version: 66.14
glider: 194
mission: 16
dive: 256
start: 6 9 125 5 18 8
data:
$ID,194
$MISSION,16
$DIVE,256
$N_DIVES,0
$STOP_T,0
$D_SURF,3
$D_FLARE,2
$D_TGT,150
$D_ABORT,1090
$D_NO_BLEED,50
$D_BOOST,3
$T_BOOST,0
$D_FINISH,0
$D_PITCH,0
$D_SAFE,0
$D_CALL,0
$SURFACE_URGENCY,0
$SURFACE_URGENCY_TRY,0
$SURFACE_URGENCY_FORCE,0
$T_DIVE,50
$T_MISSION,65
$T_ABORT,1440
$T_TURN,300
$T_TURN_SAMPINT,5
$T_NO_W,120
$T_LOITER,0
$T_SLOITER,60
$T_EPIRB,0
$USE_BATHY,0
$USE_ICE,0
$ICE_FREEZE_MARGIN,0.30000001
$D_OFFGRID,100
$T_WATCHDOG,10
$RELAUNCH,1
$APOGEE_PITCH,-8
$MAX_BUOY,150
$COURSE_BIAS,0
$GLIDE_SLOPE,30
$SPEED_FACTOR,1
$RHO,1.023
$MASS,53609
$MASS_COMP,0
$NAV_MODE,2
$FERRY_MAX,45
$KALMAN_USE,2
$HD_A,0.003
$HD_B,0.0099999998
$HD_C,9.9999997e-06
$HEADING,-1
$ESCAPE_HEADING,0
$ESCAPE_HEADING_DELTA,10
$FIX_MISSING_TIMEOUT,0
$TGT_DEFAULT_LAT,4736
$TGT_DEFAULT_LON,-12225
$TGT_AUTO_DEFAULT,0
$SM_CC,535
$N_FILEKB,4
$FILEMGR,0
$CALL_NDIVES,1
$COMM_SEQ,0
$PROTOCOL,9
$N_NOCOMM,1
$NOCOMM_ACTION,0
$N_NOSURFACE,0
$UPLOAD_DIVES_MAX,-1
$CALL_TRIES,5
$CALL_WAIT,60
$CAPUPLOAD,1
$CAPMAXSIZE,200000
$HEAPDBG,0
$T_GPS,15
$N_GPS,50840
$T_RSLEEP,0
$STROBE,0
$RAFOS_PEAK_OFFSET,1.5
$RAFOS_CORR_THRESH,60
$RAFOS_HIT_WINDOW,3600
$RAFOS_MMODEM,0
$PITCH_MIN,199
$PITCH_MAX,3894
$C_PITCH,3411
$PITCH_DBAND,0.1
$PITCH_CNV,0.003125763
$P_OVSHOOT,0.039999999
$P_OVSHOOT_WITHG,0.1
$PITCH_GAIN,23
$PITCH_TIMEOUT,17
$PITCH_AD_RATE,160
$PITCH_MAXERRORS,1
$PITCH_ADJ_GAIN,0.02
$PITCH_ADJ_DBAND,2.5
$ROLL_MIN,291
$ROLL_MAX,3873
$ROLL_DEG,40
$C_ROLL_DIVE,3250
$C_ROLL_CLIMB,2850
$HEAD_ERRBAND,10
$ROLL_CNV,0.028270001
$ROLL_TIMEOUT,15
$R_PORT_OVSHOOT,85
$R_STBD_OVSHOOT,27
$ROLL_AD_RATE,350
$ROLL_MAXERRORS,2
$ROLL_ADJ_GAIN,0
$ROLL_ADJ_DBAND,0
$VBD_MIN,375
$VBD_MAX,3900
$C_VBD,2277
$VBD_DBAND,2
$VBD_CNV,-0.24529999
$VBD_LP_IGNORE,0
$VBD_TIMEOUT,720
$PITCH_VBD_SHIFT,0.001
$VBD_PUMP_AD_RATE_SURFACE,5
$VBD_PUMP_AD_RATE_APOGEE,4
$VBD_BLEED_AD_RATE,8
$UNCOM_BLEED,60
$VBD_MAXERRORS,1
$W_ADJ_DBAND,2
$DBDW,0
$PITCH_W_GAIN,0
$PITCH_W_DBAND,1
$CF8_MAXERRORS,5
$AH0_24V,142
$AH0_10V,95
$MINV_24V,19
$MINV_10V,8
$MAXI_24V,0.80000001
$MAXI_10V,0.60000002
$FG_AHR_10V,0
$FG_AHR_24V,0
$PHONE_SUPPLY,-2
$PRESSURE_YINT,-38.315674
$PRESSURE_SLOPE,0.0001158091
$AD7714Ch0Gain,128
$TCM_PITCH_OFFSET,0
$TCM_ROLL_OFFSET,0
$COMPASS_USE,4
$ALTIM_BOTTOM_PING_RANGE,0
$ALTIM_TOP_PING_RANGE,20
$ALTIM_BOTTOM_TURN_MARGIN,25
$ALTIM_TOP_TURN_MARGIN,0
$ALTIM_TOP_MIN_OBSTACLE,1
$ALTIM_PING_DEPTH,80
$ALTIM_PING_DELTA,5
$ALTIM_FREQUENCY,13
$ALTIM_PULSE,3
$ALTIM_SENSITIVITY,3
$XPDR_VALID,3
$XPDR_INHIBIT,90
$INT_PRESSURE_SLOPE,0.0097660003
$INT_PRESSURE_YINT,1.223
$DEEPGLIDER,0
$MOTHERBOARD,4
$DEVICE1,2
$DEVICE2,101
$DEVICE3,35
$DEVICE4,-1
$DEVICE5,-1
$DEVICE6,-1
$LOGGERS,0
$LOGGERDEVICE1,-1
$LOGGERDEVICE2,-1
$LOGGERDEVICE3,-1
$LOGGERDEVICE4,-1
$COMPASS_DEVICE,33
$COMPASS2_DEVICE,-1
$PHONE_DEVICE,49
$GPS_DEVICE,32
$RAFOS_DEVICE,-1
$XPDR_DEVICE,24
$SIM_W,0
$SIM_PITCH,0
$SEABIRD_T_G,0.0044373036
$SEABIRD_T_H,0.00066103507
$SEABIRD_T_I,2.7719814e-05
$SEABIRD_T_J,3.4688812e-06
$SEABIRD_C_G,-10.004086
$SEABIRD_C_H,1.1698962
$SEABIRD_C_I,-0.0014983811
$SEABIRD_C_J,0.00019441421
$SEABIRD_C_Z,2927.3301
$GPS1,090625,051115,4750.6172,-12222.1592,29,0.9,41,16.3,0.0,0.0,8,5.0
$_CALLS,1
$_XMS_NAKs,0
$_XMS_TOUTs,0
$_SM_DEPTHo,-19.60
$_SM_ANGLEo,-76.9
$GPS2,090625,051731,4750.6450,-12222.1973,7,0.9,32,16.3,0.0,0.0,8,5.0
$SPEED_LIMITS,0.173,0.260
$TGT_NAME,EAST_194
$TGT_LATLONG,4750.700,-12222.000
$TGT_RADIUS,400.000
$KALMAN_CONTROL,0.000000,0.000000
$KALMAN_X,0.000000,0.000000,0.000000,0.000000,0.000000
$KALMAN_Y,0.000000,0.000000,0.000000,0.000000,0.000000
$MHEAD_RNG_PITCHd_Wd,45.9,266,-27.2,-10.000,-30.00,962
$D_GRID,150
$GCHEAD,st_secs,pitch_ctl,vbd_ctl,pitch_ad_start,roll_ad_start,vbd_pot1_ad_start,vbd_pot2_ad_start,depth,ob_vertv,data_pts,end_secs,pitch_secs,roll_secs,vbd_secs,vbd_i,gcphase,pitch_i,roll_i,pitch_ad,roll_ad,vbd_ad,vbd_pot1_ad,vbd_pot2_ad,pitch_retries,pitch_errors,roll_retries,roll_errors,vbd_retries,vbd_errors,pitch_volts,roll_volts,vbd_volts,int_press,humidity
$STATE,4,end surface,CONTROL_FINISHED_OK
$STATE,4,begin dive
$GC,71,-1.25,-63.1,208,3257,358,389,-19.1,-0.0,12,156,0.00,0.00,-78.18,0.000,16390,0.000,0.000,209,3257,2535,2548,2523,0,0,0,0,0,0,26.43,25.63,26.44,8.38,41.88
$GC,160,-1.31,-130.3,209,3257,2548,2523,-17.3,-2.9,27,186,12.32,0.93,-6.00,0.000,18692,0.280,0.086,2979,3875,2810,2844,2777,0,0,0,0,0,0,25.72,25.58,25.93,8.57,41.92
$GC,495,-0.99,-130.3,2979,3875,2846,2777,75.7,-27.6,71,499,0.38,0.85,0.00,0.000,3078,0.217,0.027,3084,3269,2811,2846,2777,0,0,0,0,0,0,25.98,26.38,26.14,8.61,42.36
$GC,628,-0.89,-130.3,3083,3268,2847,2777,103.2,-18.9,84,632,0.10,0.95,0.00,0.000,2308,0.215,0.053,3114,3872,2812,2847,2777,0,0,0,0,0,0,26.13,26.31,26.23,8.61,42.63
$STATE,660,end dive,BOTTOM_OBSTACLE_DETECTED
$STATE,660,begin apogee
$GC,668,-0.35,0.0,3114,2817,2847,2777,108.9,-17.7,87,781,0.57,0.00,104.22,0.705,10246,0.181,0.000,3288,2816,2276,2318,2234,0,0,0,0,0,0,26.08,25.06,24.68,8.61,42.51
$STATE,782,end apogee,CONTROL_FINISHED_OK
$STATE,782,begin climb
$GC,785,1.31,130.3,3288,2816,2318,2233,115.3,0.0,99,902,1.60,2.10,107.60,0.689,10756,0.125,0.027,3813,1479,1742,1775,1710,0,0,0,0,0,0,25.29,25.13,24.59,8.57,41.96
$GC,1112,1.11,130.3,3813,1479,1768,1709,48.1,23.3,131,1120,0.15,2.15,0.00,0.000,5126,0.203,0.042,3775,2855,1739,1769,1709,0,0,0,0,0,0,25.76,25.96,25.95,8.51,41.73
$GC,1241,0.90,130.3,3774,2855,1768,1708,17.8,23.0,144,1249,0.25,1.60,0.00,0.000,4356,0.190,0.054,3704,3861,1738,1768,1708,0,0,0,0,0,0,25.87,26.06,26.08,8.51,42.36
$STATE,1310,end climb,SURFACE_DEPTH_REACHED
$STATE,1310,begin surface coast
$FINISH,-0.5,1.022694
$STATE,1328,end surface coast,CONTROL_FINISHED_OK
$STATE,1328,begin surface
$SM_CCo,1349,173.40,0.082,0,0,372,466.56
$SM_CCo,1527,-0.20,0.000,0,0,376,466.56
$SM_CCo,1532,0.38,0.090,0,0,373,466.56
$SM_GC,-19.88,10.18,0.85,0.38,0.099,0.025,0.090,217,3269,373,-9.93,2.63,466.56,0,0,0,0,0,0,26.12,26.25,25.98
$IRIDIUM_FIX,4750.93,-12223.11,090625,043235
$TT8_MAMPS,0.026215,0.241178
$HUMID,40.43
$INTERNAL_PRESSURE,8.34241
$TCM_TEMP,12.10
$XPDR_PINGS,0
$ALTIM_TOP_PING,17.8,41.1
$ALTIM_BOTTOM_PING,101.3,32.5
$24V_AH,24.59,18.004
$10V_AH,10.45,7.188
$FG_AHR_24Vo,0.000
$FG_AHR_10Vo,0.000
$DEVICES,Pitch_motor,Roll_motor,VBD_pump_during_apogee,VBD_pump_during_surface,VBD_valve,Iridium_during_init,Iridium_during_connect,Iridium_during_xfer,Transponder_ping,GUMSTIX_24V,GPS,TT8,LPSleep,TT8_Active,TT8_Sampling,TT8_CF8,TT8_Kalman,Analog_circuits,GPS_charging,Compass,RAFOS,Transponder,Compass2
$DEVICE_SECS,25.550,10.950,211.825,173.775,0.000,0.000,0.000,257.450,2.250,0.000,33.442,421.963,353.324,448.295,602.732,111.852,0.000,927.787,0.000,331.224,0.000,21.037,0.000
$DEVICE_MAMPS,279.990,85.680,705.330,89.505,0.000,0.000,0.000,83.385,420.000,0.000,30.710,14.960,2.190,14.960,43.420,53.160,0.000,15.000,0.000,8.990,0.000,30.000,0.000
$SENSORS,SBE_CT,AA4330,WL_blue_red_Chl_old_fw,nil,nil,nil,nil,nil,nil,nil
$SENSOR_SECS,105.628,211.236,213.602,0.000,0.000,0.000,0.000,0.000,0.000,0.000
$SENSOR_MAMPS,23.970,0.750,0.750,0.000,0.000,0.000,0.000,0.000,0.000,0.000
$MEM,335252
$DATA_FILE_SIZE,10695,160
$CAP_FILE_SIZE,33390,0
$CFSIZE,2097872896,2064809984
$ERRORS,0,0,0,0,0,0,0,0,0,0,0,0,0,0,1,0
$CURRENT,0.056,243.04,1
$GPS,090625,054514,4750.559,-12222.117,31,0.9,49,16.3,0.0,125.4,8,4.9
