version: 66.14
glider: 194
mission: 16
dive: 35
start: 6 1 125 0 19 47
data:
$ID,194
$MISSION,16
$DIVE,35
$N_DIVES,0
$STOP_T,0
$D_SURF,3
$D_FLARE,2
$D_TGT,170
$D_ABORT,1090
$D_NO_BLEED,50
$D_BOOST,3
$T_BOOST,0
$D_FINISH,0
$D_PITCH,0
$D_SAFE,0
$D_CALL,0
$SURFACE_URGENCY,0
$SURFACE_URGENCY_TRY,0
$SURFACE_URGENCY_FORCE,0
$T_DIVE,55
$T_MISSION,70
$T_ABORT,1440
$T_TURN,300
$T_TURN_SAMPINT,5
$T_NO_W,120
$T_LOITER,0
$T_SLOITER,60
$T_EPIRB,0
$USE_BATHY,0
$USE_ICE,0
$ICE_FREEZE_MARGIN,0.30000001
$D_OFFGRID,100
$T_WATCHDOG,10
$RELAUNCH,1
$APOGEE_PITCH,-8
$MAX_BUOY,150
$COURSE_BIAS,0
$GLIDE_SLOPE,30
$SPEED_FACTOR,1
$RHO,1.023
$MASS,53532
$MASS_COMP,0
$NAV_MODE,2
$FERRY_MAX,45
$KALMAN_USE,2
$HD_A,0.003
$HD_B,0.0099999998
$HD_C,9.9999997e-06
$HEADING,-1
$ESCAPE_HEADING,0
$ESCAPE_HEADING_DELTA,10
$FIX_MISSING_TIMEOUT,0
$TGT_DEFAULT_LAT,4736
$TGT_DEFAULT_LON,-12225
$TGT_AUTO_DEFAULT,0
$SM_CC,535
$N_FILEKB,4
$FILEMGR,0
$CALL_NDIVES,1
$COMM_SEQ,0
$PROTOCOL,9
$N_NOCOMM,1
$NOCOMM_ACTION,0
$N_NOSURFACE,0
$UPLOAD_DIVES_MAX,-1
$CALL_TRIES,5
$CALL_WAIT,60
$CAPUPLOAD,1
$CAPMAXSIZE,200000
$HEAPDBG,0
$T_GPS,15
$N_GPS,50840
$T_RSLEEP,0
$STROBE,0
$RAFOS_PEAK_OFFSET,1.5
$RAFOS_CORR_THRESH,60
$RAFOS_HIT_WINDOW,3600
$RAFOS_MMODEM,0
$PITCH_MIN,199
$PITCH_MAX,3894
$C_PITCH,3344
$PITCH_DBAND,0.1
$PITCH_CNV,0.003125763
$P_OVSHOOT,0.039999999
$P_OVSHOOT_WITHG,0.1
$PITCH_GAIN,23
$PITCH_TIMEOUT,17
$PITCH_AD_RATE,160
$PITCH_MAXERRORS,1
$PITCH_ADJ_GAIN,0.02
$PITCH_ADJ_DBAND,2.5
$ROLL_MIN,291
$ROLL_MAX,3873
$ROLL_DEG,40
$C_ROLL_DIVE,2950
$C_ROLL_CLIMB,2650
$HEAD_ERRBAND,10
$ROLL_CNV,0.028270001
$ROLL_TIMEOUT,15
$R_PORT_OVSHOOT,59
$R_STBD_OVSHOOT,23
$ROLL_AD_RATE,350
$ROLL_MAXERRORS,2
$ROLL_ADJ_GAIN,0
$ROLL_ADJ_DBAND,0
$VBD_MIN,375
$VBD_MAX,3900
$C_VBD,2527
$VBD_DBAND,2
$VBD_CNV,-0.24529999
$VBD_LP_IGNORE,0
$VBD_TIMEOUT,720
$PITCH_VBD_SHIFT,0.001
$VBD_PUMP_AD_RATE_SURFACE,5
$VBD_PUMP_AD_RATE_APOGEE,4
$VBD_BLEED_AD_RATE,8
$UNCOM_BLEED,60
$VBD_MAXERRORS,1
$W_ADJ_DBAND,2
$DBDW,0
$PITCH_W_GAIN,0
$PITCH_W_DBAND,1
$CF8_MAXERRORS,5
$AH0_24V,142
$AH0_10V,95
$MINV_24V,19
$MINV_10V,8
$MAXI_24V,0.80000001
$MAXI_10V,0.60000002
$FG_AHR_10V,0
$FG_AHR_24V,0
$PHONE_SUPPLY,-2
$PRESSURE_YINT,-38.315674
$PRESSURE_SLOPE,0.0001158091
$AD7714Ch0Gain,128
$TCM_PITCH_OFFSET,0
$TCM_ROLL_OFFSET,0
$COMPASS_USE,4
$ALTIM_BOTTOM_PING_RANGE,0
$ALTIM_TOP_PING_RANGE,20
$ALTIM_BOTTOM_TURN_MARGIN,25
$ALTIM_TOP_TURN_MARGIN,0
$ALTIM_TOP_MIN_OBSTACLE,1
$ALTIM_PING_DEPTH,80
$ALTIM_PING_DELTA,5
$ALTIM_FREQUENCY,13
$ALTIM_PULSE,3
$ALTIM_SENSITIVITY,3
$XPDR_VALID,3
$XPDR_INHIBIT,90
$INT_PRESSURE_SLOPE,0.0097660003
$INT_PRESSURE_YINT,1.223
$DEEPGLIDER,0
$MOTHERBOARD,4
$DEVICE1,2
$DEVICE2,101
$DEVICE3,35
$DEVICE4,-1
$DEVICE5,-1
$DEVICE6,-1
$LOGGERS,0
$LOGGERDEVICE1,-1
$LOGGERDEVICE2,-1
$LOGGERDEVICE3,-1
$LOGGERDEVICE4,-1
$COMPASS_DEVICE,33
$COMPASS2_DEVICE,-1
$PHONE_DEVICE,49
$GPS_DEVICE,32
$RAFOS_DEVICE,-1
$XPDR_DEVICE,24
$SIM_W,0
$SIM_PITCH,0
$SEABIRD_T_G,0.0044373036
$SEABIRD_T_H,0.00066103507
$SEABIRD_T_I,2.7719814e-05
$SEABIRD_T_J,3.4688812e-06
$SEABIRD_C_G,-10.004086
$SEABIRD_C_H,1.1698962
$SEABIRD_C_I,-0.0014983811
$SEABIRD_C_J,0.00019441421
$SEABIRD_C_Z,2927.3301
$GPS1,010625,001225,4750.6807,-12228.3232,36,1.0,58,16.3,0.4,235.4,8,4.4
$_CALLS,1
$_XMS_NAKs,0
$_XMS_TOUTs,0
$_SM_DEPTHo,-15.33
$_SM_ANGLEo,-73.7
$GPS2,010625,001907,4750.6465,-12228.4082,10,0.9,22,16.3,0.0,287.5,8,5.0
$SPEED_LIMITS,0.178,0.263
$TGT_NAME,WEST_194
$TGT_LATLONG,4750.700,-12229.100
$TGT_RADIUS,400.000
$KALMAN_CONTROL,0.000000,0.000000
$KALMAN_X,0.000000,0.000000,0.000000,0.000000,0.000000
$KALMAN_Y,0.000000,0.000000,0.000000,0.000000,0.000000
$MHEAD_RNG_PITCHd_Wd,305.3,865,-18.0,-10.303,-21.42,2162
$D_GRID,170
$GCHEAD,st_secs,pitch_ctl,vbd_ctl,pitch_ad_start,roll_ad_start,vbd_pot1_ad_start,vbd_pot2_ad_start,depth,ob_vertv,data_pts,end_secs,pitch_secs,roll_secs,vbd_secs,vbd_i,gcphase,pitch_i,roll_i,pitch_ad,roll_ad,vbd_ad,vbd_pot1_ad,vbd_pot2_ad,pitch_retries,pitch_errors,roll_retries,roll_errors,vbd_retries,vbd_errors,pitch_volts,roll_volts,vbd_volts,int_press,humidity
$STATE,4,end surface,CONTROL_FINISHED_OK
$STATE,4,begin dive
$GC,72,-0.93,-146.6,216,2950,359,384,-14.7,-0.4,12,165,0.00,0.00,-89.57,0.000,16390,0.000,0.000,217,2951,3126,3159,3094,0,0,0,0,0,0,26.45,25.29,26.46,8.36,42.20
$GC,169,-0.93,-146.6,216,2951,3160,3095,-8.0,-16.8,28,188,11.93,1.45,0.00,0.000,2308,0.269,0.057,3030,3875,3128,3162,3094,0,0,0,0,0,0,25.90,26.14,26.06,8.61,42.40
$GC,498,-0.52,-146.6,3030,3876,3169,3091,100.2,-30.2,65,506,0.43,1.35,0.00,0.000,3078,0.193,0.029,3167,2953,3130,3170,3090,0,0,0,0,0,0,26.15,26.41,26.34,8.62,42.79
$GC,685,-0.44,-146.6,3166,2953,3173,3088,132.6,-14.1,84,695,0.10,2.08,0.00,0.000,2564,0.184,0.029,3200,1551,3130,3173,3087,0,0,0,0,0,0,26.28,26.40,26.37,8.62,43.10
$STATE,849,end dive,BOTTOM_OBSTACLE_DETECTED
$STATE,850,begin apogee
$GC,857,-0.35,0.0,3199,2660,3174,3086,150.9,-10.9,100,974,0.08,0.00,113.70,0.773,10246,0.180,0.000,3229,2660,2526,2577,2475,0,0,0,0,0,0,26.36,25.19,24.63,8.62,43.18
$STATE,975,end apogee,CONTROL_FINISHED_OK
$STATE,975,begin climb
$GC,978,0.93,146.6,3229,2660,2576,2474,161.0,0.0,112,1107,1.17,2.22,119.82,0.754,10756,0.122,0.034,3614,1256,1926,1970,1883,0,0,0,0,0,0,25.24,24.91,24.52,8.57,41.45
$GC,1142,0.93,204.8,3613,1256,1968,1882,155.2,7.5,128,1201,0.00,2.22,48.35,0.733,9222,0.000,0.045,3614,2650,1688,1734,1643,0,0,0,0,0,0,25.56,25.51,24.60,8.52,41.06
$GC,1381,0.93,204.8,3614,2650,1733,1641,126.7,10.7,152,1390,0.00,1.98,0.00,0.000,260,0.000,0.059,3614,3876,1687,1733,1641,0,0,0,0,0,0,26.22,25.92,26.24,8.49,42.20
$GC,1436,0.83,204.8,3614,3876,1732,1641,119.5,13.9,157,1443,0.00,1.80,0.00,0.000,1030,0.000,0.026,3615,2642,1686,1732,1641,0,0,0,0,0,0,26.13,26.08,26.14,8.49,42.36
$GC,1624,0.83,204.8,3614,2640,1732,1641,97.7,9.9,176,1628,0.00,2.08,0.00,0.000,516,0.000,0.035,3615,1261,1686,1732,1641,0,0,0,0,0,0,26.47,26.20,26.48,8.48,42.16
$GC,1656,0.83,204.8,3614,1261,1731,1641,95.0,8.8,179,1666,0.00,2.20,0.00,0.000,1030,0.000,0.049,3615,2658,1686,1732,1641,0,0,0,0,0,0,26.28,26.20,26.30,8.49,43.10
$GC,1787,0.83,204.8,3615,2658,1731,1641,80.5,11.3,192,1795,0.00,1.92,0.00,0.000,260,0.000,0.058,3615,3874,1686,1732,1641,0,0,0,0,0,0,26.56,26.25,26.57,8.48,42.59
$GC,1839,0.75,204.8,3615,3874,1731,1641,73.9,12.7,197,1849,0.10,1.80,0.00,0.000,5126,0.172,0.028,3586,2644,1686,1731,1641,0,0,0,0,0,0,26.20,26.34,26.32,8.48,41.96
$GC,1969,0.80,261.1,3585,2643,1731,1640,63.3,7.6,210,2019,0.00,2.05,44.33,0.710,8452,0.000,0.058,3586,3872,1459,1512,1407,0,0,0,0,0,0,26.63,25.65,25.10,8.48,42.24
$GC,2087,0.80,261.1,3585,3872,1512,1408,52.5,10.3,221,2094,0.00,1.80,0.00,0.000,1030,0.000,0.027,3586,2644,1460,1512,1408,0,0,0,0,0,0,26.02,25.97,26.03,8.45,41.80
$GC,2213,0.89,261.1,3585,2643,1512,1406,41.1,8.5,234,2215,0.08,0.00,0.00,0.000,2054,0.106,0.000,3648,2643,1459,1512,1406,0,0,0,0,0,0,26.17,26.22,26.20,8.46,43.10
$GC,2334,0.89,261.1,3648,2643,1512,1406,25.5,13.7,246,2343,0.00,2.10,0.00,0.000,516,0.000,0.038,3649,1263,1459,1512,1406,0,0,0,0,0,0,26.48,26.21,26.49,8.45,42.71
$GC,2366,0.89,261.1,3648,1262,1511,1406,21.2,13.1,249,2379,0.00,2.20,0.00,0.000,1030,0.000,0.054,3649,2648,1459,1512,1406,0,0,0,0,0,0,26.29,26.20,26.31,8.45,42.67
$GC,2504,0.89,261.1,3648,2648,1512,1406,4.5,11.0,274,2511,0.00,1.95,0.00,0.000,260,0.000,0.063,3649,3874,1458,1511,1405,0,0,0,0,0,0,26.58,26.25,26.58,8.45,43.18
$STATE,2516,end climb,SURFACE_DEPTH_REACHED
$STATE,2516,begin surface coast
$FINISH,-0.9,1.022342
$STATE,2542,end surface coast,CONTROL_FINISHED_OK
$STATE,2542,begin surface
$SM_CCo,2564,136.62,0.080,0,0,373,527.89
$SM_CCo,2704,-0.22,0.000,0,0,377,527.89
$SM_CCo,2709,0.52,0.084,0,0,373,527.89
$SM_GC,-15.26,9.60,1.40,0.52,0.080,0.030,0.084,215,2954,373,-9.72,1.64,527.89,0,0,0,0,0,0,26.27,26.34,26.11
$IRIDIUM_FIX,4752.78,-12229.26,310525,231602
$TT8_MAMPS,0.026215,0.27713
$HUMID,41.25
$INTERNAL_PRESSURE,8.32288
$TCM_TEMP,11.70
$XPDR_PINGS,1
$ALTIM_TOP_PING,20.0,38.2
$ALTIM_BOTTOM_PING,135.3,40.5
$24V_AH,24.52,2.646
$10V_AH,10.54,1.093
$FG_AHR_24Vo,0.000
$FG_AHR_10Vo,0.000
$DEVICES,Pitch_motor,Roll_motor,VBD_pump_during_apogee,VBD_pump_during_surface,VBD_valve,Iridium_during_init,Iridium_during_connect,Iridium_during_xfer,Transponder_ping,GUMSTIX_24V,GPS,TT8,LPSleep,TT8_Active,TT8_Sampling,TT8_CF8,TT8_Kalman,Analog_circuits,GPS_charging,Compass,RAFOS,Transponder,Compass2
$DEVICE_SECS,23.475,34.400,326.200,137.150,0.000,0.000,0.000,290.350,4.500,0.000,23.983,718.626,871.446,546.952,859.818,144.491,0.000,1200.114,0.000,557.277,0.000,35.308,0.000
$DEVICE_MAMPS,268.515,63.495,773.415,84.150,0.000,0.000,0.000,89.505,420.000,0.000,30.710,14.960,2.190,14.960,43.420,53.160,0.000,15.000,0.000,8.990,0.000,30.000,0.000
$SENSORS,SBE_CT,AA4330,WL_blue_red_Chl_old_fw,nil,nil,nil,nil,nil,nil,nil
$SENSOR_SECS,187.173,371.599,375.186,0.000,0.000,0.000,0.000,0.000,0.000,0.000
$SENSOR_MAMPS,23.970,0.750,0.750,0.000,0.000,0.000,0.000,0.000,0.000,0.000
$MEM,335064
$DATA_FILE_SIZE,17670,281
$CAP_FILE_SIZE,53277,0
$CFSIZE,2097872896,2086535168
$ERRORS,0,1,0,0,0,0,0,0,0,0,0,0,0,0,2,0
$INTR,0,693.91,0x2139aa,0,24
$CURRENT,0.424,165.91,1
$GPS,010625,010649,4750.157,-12228.288,43,0.9,67,16.3,0.3,238.6,9,5.0
