version: 66.14
glider: 194
mission: 16
dive: 229
start: 6 8 125 5 38 33
data:
$ID,194
$MISSION,16
$DIVE,229
$N_DIVES,0
$STOP_T,0
$D_SURF,3
$D_FLARE,2
$D_TGT,130
$D_ABORT,1090
$D_NO_BLEED,50
$D_BOOST,3
$T_BOOST,0
$D_FINISH,0
$D_PITCH,0
$D_SAFE,0
$D_CALL,0
$SURFACE_URGENCY,0
$SURFACE_URGENCY_TRY,0
$SURFACE_URGENCY_FORCE,0
$T_DIVE,45
$T_MISSION,60
$T_ABORT,1440
$T_TURN,300
$T_TURN_SAMPINT,5
$T_NO_W,120
$T_LOITER,0
$T_SLOITER,60
$T_EPIRB,0
$USE_BATHY,0
$USE_ICE,0
$ICE_FREEZE_MARGIN,0.30000001
$D_OFFGRID,100
$T_WATCHDOG,10
$RELAUNCH,1
$APOGEE_PITCH,-8
$MAX_BUOY,150
$COURSE_BIAS,0
$GLIDE_SLOPE,30
$SPEED_FACTOR,1
$RHO,1.023
$MASS,53609
$MASS_COMP,0
$NAV_MODE,2
$FERRY_MAX,45
$KALMAN_USE,2
$HD_A,0.003
$HD_B,0.0099999998
$HD_C,9.9999997e-06
$HEADING,-1
$ESCAPE_HEADING,0
$ESCAPE_HEADING_DELTA,10
$FIX_MISSING_TIMEOUT,0
$TGT_DEFAULT_LAT,4736
$TGT_DEFAULT_LON,-12225
$TGT_AUTO_DEFAULT,0
$SM_CC,535
$N_FILEKB,4
$FILEMGR,0
$CALL_NDIVES,1
$COMM_SEQ,0
$PROTOCOL,9
$N_NOCOMM,1
$NOCOMM_ACTION,0
$N_NOSURFACE,0
$UPLOAD_DIVES_MAX,-1
$CALL_TRIES,5
$CALL_WAIT,60
$CAPUPLOAD,1
$CAPMAXSIZE,200000
$HEAPDBG,0
$T_GPS,15
$N_GPS,50840
$T_RSLEEP,0
$STROBE,0
$RAFOS_PEAK_OFFSET,1.5
$RAFOS_CORR_THRESH,60
$RAFOS_HIT_WINDOW,3600
$RAFOS_MMODEM,0
$PITCH_MIN,199
$PITCH_MAX,3894
$C_PITCH,3411
$PITCH_DBAND,0.1
$PITCH_CNV,0.003125763
$P_OVSHOOT,0.039999999
$P_OVSHOOT_WITHG,0.1
$PITCH_GAIN,23
$PITCH_TIMEOUT,17
$PITCH_AD_RATE,160
$PITCH_MAXERRORS,1
$PITCH_ADJ_GAIN,0.02
$PITCH_ADJ_DBAND,2.5
$ROLL_MIN,291
$ROLL_MAX,3873
$ROLL_DEG,40
$C_ROLL_DIVE,3250
$C_ROLL_CLIMB,2850
$HEAD_ERRBAND,10
$ROLL_CNV,0.028270001
$ROLL_TIMEOUT,15
$R_PORT_OVSHOOT,69
$R_STBD_OVSHOOT,28
$ROLL_AD_RATE,350
$ROLL_MAXERRORS,2
$ROLL_ADJ_GAIN,0
$ROLL_ADJ_DBAND,0
$VBD_MIN,375
$VBD_MAX,3900
$C_VBD,2277
$VBD_DBAND,2
$VBD_CNV,-0.24529999
$VBD_LP_IGNORE,0
$VBD_TIMEOUT,720
$PITCH_VBD_SHIFT,0.001
$VBD_PUMP_AD_RATE_SURFACE,5
$VBD_PUMP_AD_RATE_APOGEE,4
$VBD_BLEED_AD_RATE,8
$UNCOM_BLEED,60
$VBD_MAXERRORS,1
$W_ADJ_DBAND,2
$DBDW,0
$PITCH_W_GAIN,0
$PITCH_W_DBAND,1
$CF8_MAXERRORS,5
$AH0_24V,142
$AH0_10V,95
$MINV_24V,19
$MINV_10V,8
$MAXI_24V,0.80000001
$MAXI_10V,0.60000002
$FG_AHR_10V,0
$FG_AHR_24V,0
$PHONE_SUPPLY,-2
$PRESSURE_YINT,-38.315674
$PRESSURE_SLOPE,0.0001158091
$AD7714Ch0Gain,128
$TCM_PITCH_OFFSET,0
$TCM_ROLL_OFFSET,0
$COMPASS_USE,4
$ALTIM_BOTTOM_PING_RANGE,0
$ALTIM_TOP_PING_RANGE,20
$ALTIM_BOTTOM_TURN_MARGIN,25
$ALTIM_TOP_TURN_MARGIN,0
$ALTIM_TOP_MIN_OBSTACLE,1
$ALTIM_PING_DEPTH,80
$ALTIM_PING_DELTA,5
$ALTIM_FREQUENCY,13
$ALTIM_PULSE,3
$ALTIM_SENSITIVITY,3
$XPDR_VALID,3
$XPDR_INHIBIT,90
$INT_PRESSURE_SLOPE,0.0097660003
$INT_PRESSURE_YINT,1.223
$DEEPGLIDER,0
$MOTHERBOARD,4
$DEVICE1,2
$DEVICE2,101
$DEVICE3,35
$DEVICE4,-1
$DEVICE5,-1
$DEVICE6,-1
$LOGGERS,0
$LOGGERDEVICE1,-1
$LOGGERDEVICE2,-1
$LOGGERDEVICE3,-1
$LOGGERDEVICE4,-1
$COMPASS_DEVICE,33
$COMPASS2_DEVICE,-1
$PHONE_DEVICE,49
$GPS_DEVICE,32
$RAFOS_DEVICE,-1
$XPDR_DEVICE,24
$SIM_W,0
$SIM_PITCH,0
$SEABIRD_T_G,0.0044373036
$SEABIRD_T_H,0.00066103507
$SEABIRD_T_I,2.7719814e-05
$SEABIRD_T_J,3.4688812e-06
$SEABIRD_C_G,-10.004086
$SEABIRD_C_H,1.1698962
$SEABIRD_C_I,-0.0014983811
$SEABIRD_C_J,0.00019441421
$SEABIRD_C_Z,2927.3301
$GPS1,080625,053151,4750.8506,-12222.0586,30,1.0,48,16.3,0.3,0.0,8,5.0
$_CALLS,1
$_XMS_NAKs,0
$_XMS_TOUTs,0
$_SM_DEPTHo,-17.65
$_SM_ANGLEo,-72.0
$GPS2,080625,053753,4750.7998,-12222.0898,6,1.1,23,16.3,0.3,212.8,8,5.0
$SPEED_LIMITS,0.167,0.257
$TGT_NAME,EAST_194
$TGT_LATLONG,4750.700,-12222.000
$TGT_RADIUS,400.000
$KALMAN_CONTROL,0.000000,0.000000
$KALMAN_X,0.000000,0.000000,0.000000,0.000000,0.000000
$KALMAN_Y,0.000000,0.000000,0.000000,0.000000,0.000000
$MHEAD_RNG_PITCHd_Wd,118.5,215,-27.2,-9.630,-30.00,945
$D_GRID,130
$GCHEAD,st_secs,pitch_ctl,vbd_ctl,pitch_ad_start,roll_ad_start,vbd_pot1_ad_start,vbd_pot2_ad_start,depth,ob_vertv,data_pts,end_secs,pitch_secs,roll_secs,vbd_secs,vbd_i,gcphase,pitch_i,roll_i,pitch_ad,roll_ad,vbd_ad,vbd_pot1_ad,vbd_pot2_ad,pitch_retries,pitch_errors,roll_retries,roll_errors,vbd_retries,vbd_errors,pitch_volts,roll_volts,vbd_volts,int_press,humidity
$STATE,5,end surface,CONTROL_FINISHED_OK
$STATE,5,begin dive
$GC,72,-1.24,-59.6,211,3254,358,385,-17.0,-0.6,12,156,0.00,0.00,-78.97,0.000,16390,0.000,0.000,212,3254,2521,2531,2512,0,0,0,0,0,0,26.41,24.99,26.43,8.37,42.12
$GC,160,-1.31,-132.1,211,3254,2532,2512,-16.1,-1.8,26,187,12.48,2.12,-6.93,0.000,18948,0.286,0.037,2975,1844,2818,2853,2784,0,0,0,0,0,0,25.71,24.90,25.93,8.56,41.84
$GC,375,-1.07,-132.1,2975,1843,2854,2784,34.5,-23.6,60,382,0.30,2.22,0.00,0.000,3078,0.227,0.052,3056,3250,2819,2854,2784,0,0,0,0,0,0,25.92,26.18,26.17,8.60,42.04
$GC,502,-0.91,-132.1,3056,3250,2854,2784,63.4,-21.2,73,506,0.17,0.98,0.00,0.000,2308,0.216,0.054,3108,3871,2819,2854,2784,0,0,0,0,0,0,26.03,26.25,26.16,8.60,42.47
$GC,557,-0.81,-132.1,3107,3871,2855,2784,73.3,-18.4,78,561,0.12,0.85,0.00,0.000,3078,0.195,0.026,3144,3267,2819,2855,2784,0,0,0,0,0,0,26.07,26.38,26.19,8.60,42.63
$GC,693,-0.81,-132.1,3144,3266,2856,2784,94.3,-14.8,91,702,0.00,0.00,0.00,0.000,6,0.000,0.000,3144,3266,2820,2856,2784,0,0,0,0,0,0,26.63,26.64,26.64,8.59,42.43
$GC,820,-0.81,-132.1,3144,3266,2856,2784,113.4,-14.4,104,821,0.00,0.00,0.00,0.000,6,0.000,0.000,3144,3266,2820,2856,2784,0,0,0,0,0,0,26.66,26.67,26.67,8.61,42.79
$STATE,828,end dive,BOTTOM_OBSTACLE_DETECTED
$STATE,828,begin apogee
$GC,835,-0.35,0.0,3144,2824,2856,2784,114.8,-14.0,105,951,0.47,0.00,106.15,0.714,10246,0.168,0.000,3293,2824,2276,2319,2234,0,0,0,0,0,0,26.15,25.04,24.65,8.60,43.06
$STATE,952,end apogee,CONTROL_FINISHED_OK
$STATE,952,begin climb
$GC,954,1.31,132.1,3292,2824,2318,2234,120.5,0.0,117,1074,1.58,2.15,109.10,0.699,10756,0.124,0.026,3813,1460,1735,1764,1707,0,0,0,0,0,0,25.29,25.10,24.56,8.56,41.61
$GC,1158,1.12,132.1,3813,1460,1759,1707,83.3,24.7,137,1168,0.12,2.20,0.00,0.000,5126,0.185,0.041,3780,2857,1733,1759,1707,0,0,0,0,0,0,25.53,25.70,25.65,8.50,41.53
$GC,1288,0.91,132.1,3779,2857,1759,1706,52.3,24.3,150,1290,0.25,0.00,0.00,0.000,4102,0.185,0.000,3709,2856,1732,1758,1706,0,0,0,0,0,0,25.75,25.99,25.94,8.50,41.84
$GC,1409,0.83,132.1,3708,2856,1759,1705,29.0,18.4,162,1410,0.00,0.00,0.00,0.000,6,0.000,0.000,3709,2857,1731,1758,1705,0,0,0,0,0,0,26.37,26.39,26.38,8.50,42.12
$GC,1532,0.75,132.1,3708,2856,1759,1704,6.8,17.8,181,1539,0.15,2.10,0.00,0.000,4612,0.186,0.028,3663,1458,1731,1759,1704,0,0,0,0,0,0,25.99,26.17,26.10,8.49,42.20
$STATE,1554,end climb,SURFACE_DEPTH_REACHED
$STATE,1554,begin surface coast
$FINISH,0.7,1.022707
$STATE,1571,end surface coast,CONTROL_FINISHED_OK
$STATE,1571,begin surface
$SM_CCo,1594,170.38,0.082,0,0,372,466.56
$SM_CCo,1771,-0.20,0.000,0,0,376,466.56
$SM_CCo,1775,0.43,0.086,0,0,373,466.56
$SM_GC,-17.73,9.90,2.92,0.43,0.092,0.049,0.086,213,3249,373,-9.95,-0.71,466.56,0,0,0,0,0,0,26.15,26.15,25.99
$IRIDIUM_FIX,4750.44,-12218.68,080625,045126
$TT8_MAMPS,0.026215,0.244174
$HUMID,40.23
$INTERNAL_PRESSURE,8.33265
$TCM_TEMP,11.80
$XPDR_PINGS,1
$ALTIM_TOP_PING,19.7,41.1
$ALTIM_BOTTOM_PING,96.0,43.3
$24V_AH,24.56,16.193
$10V_AH,10.46,6.455
$FG_AHR_24Vo,0.000
$FG_AHR_10Vo,0.000
$DEVICES,Pitch_motor,Roll_motor,VBD_pump_during_apogee,VBD_pump_during_surface,VBD_valve,Iridium_during_init,Iridium_during_connect,Iridium_during_xfer,Transponder_ping,GUMSTIX_24V,GPS,TT8,LPSleep,TT8_Active,TT8_Sampling,TT8_CF8,TT8_Kalman,Analog_circuits,GPS_charging,Compass,RAFOS,Transponder,Compass2
$DEVICE_SECS,25.550,16.150,215.250,170.800,0.000,0.000,0.000,253.550,2.000,0.000,25.007,499.587,497.966,459.163,592.867,120.648,0.000,947.317,0.000,339.584,0.000,14.902,0.000
$DEVICE_MAMPS,286.110,54.315,713.745,86.445,0.000,0.000,0.000,85.680,420.000,0.000,30.710,14.960,2.190,14.960,43.420,53.160,0.000,15.000,0.000,8.990,0.000,30.000,0.000
$SENSORS,SBE_CT,AA4330,WL_blue_red_Chl_old_fw,nil,nil,nil,nil,nil,nil,nil
$SENSOR_SECS,124.885,248.525,250.984,0.000,0.000,0.000,0.000,0.000,0.000,0.000
$SENSOR_MAMPS,23.970,0.750,0.750,0.000,0.000,0.000,0.000,0.000,0.000,0.000
$MEM,335252
$DATA_FILE_SIZE,10698,188
$CAP_FILE_SIZE,38215,0
$CFSIZE,2097872896,2067464192
$ERRORS,0,0,0,0,0,0,0,0,0,0,0,0,0,0,1,0
$CURRENT,0.066,190.58,1
$GPS,080625,060949,4750.610,-12221.976,37,0.9,55,16.3,0.3,191.1,9,4.8
