version: 66.14
glider: 194
mission: 16
dive: 240
start: 6 8 125 14 37 33
data:
$ID,194
$MISSION,16
$DIVE,240
$N_DIVES,0
$STOP_T,0
$D_SURF,3
$D_FLARE,2
$D_TGT,150
$D_ABORT,1090
$D_NO_BLEED,50
$D_BOOST,3
$T_BOOST,0
$D_FINISH,0
$D_PITCH,0
$D_SAFE,0
$D_CALL,0
$SURFACE_URGENCY,0
$SURFACE_URGENCY_TRY,0
$SURFACE_URGENCY_FORCE,0
$T_DIVE,50
$T_MISSION,65
$T_ABORT,1440
$T_TURN,300
$T_TURN_SAMPINT,5
$T_NO_W,120
$T_LOITER,0
$T_SLOITER,60
$T_EPIRB,0
$USE_BATHY,0
$USE_ICE,0
$ICE_FREEZE_MARGIN,0.30000001
$D_OFFGRID,100
$T_WATCHDOG,10
$RELAUNCH,1
$APOGEE_PITCH,-8
$MAX_BUOY,150
$COURSE_BIAS,0
$GLIDE_SLOPE,30
$SPEED_FACTOR,1
$RHO,1.023
$MASS,53609
$MASS_COMP,0
$NAV_MODE,2
$FERRY_MAX,45
$KALMAN_USE,2
$HD_A,0.003
$HD_B,0.0099999998
$HD_C,9.9999997e-06
$HEADING,-1
$ESCAPE_HEADING,0
$ESCAPE_HEADING_DELTA,10
$FIX_MISSING_TIMEOUT,0
$TGT_DEFAULT_LAT,4736
$TGT_DEFAULT_LON,-12225
$TGT_AUTO_DEFAULT,0
$SM_CC,535
$N_FILEKB,4
$FILEMGR,0
$CALL_NDIVES,1
$COMM_SEQ,0
$PROTOCOL,9
$N_NOCOMM,1
$NOCOMM_ACTION,0
$N_NOSURFACE,0
$UPLOAD_DIVES_MAX,-1
$CALL_TRIES,5
$CALL_WAIT,60
$CAPUPLOAD,1
$CAPMAXSIZE,200000
$HEAPDBG,0
$T_GPS,15
$N_GPS,50840
$T_RSLEEP,0
$STROBE,0
$RAFOS_PEAK_OFFSET,1.5
$RAFOS_CORR_THRESH,60
$RAFOS_HIT_WINDOW,3600
$RAFOS_MMODEM,0
$PITCH_MIN,199
$PITCH_MAX,3894
$C_PITCH,3411
$PITCH_DBAND,0.1
$PITCH_CNV,0.003125763
$P_OVSHOOT,0.039999999
$P_OVSHOOT_WITHG,0.1
$PITCH_GAIN,23
$PITCH_TIMEOUT,17
$PITCH_AD_RATE,160
$PITCH_MAXERRORS,1
$PITCH_ADJ_GAIN,0.02
$PITCH_ADJ_DBAND,2.5
$ROLL_MIN,291
$ROLL_MAX,3873
$ROLL_DEG,40
$C_ROLL_DIVE,3250
$C_ROLL_CLIMB,2850
$HEAD_ERRBAND,10
$ROLL_CNV,0.028270001
$ROLL_TIMEOUT,15
$R_PORT_OVSHOOT,59
$R_STBD_OVSHOOT,25
$ROLL_AD_RATE,350
$ROLL_MAXERRORS,2
$ROLL_ADJ_GAIN,0
$ROLL_ADJ_DBAND,0
$VBD_MIN,375
$VBD_MAX,3900
$C_VBD,2277
$VBD_DBAND,2
$VBD_CNV,-0.24529999
$VBD_LP_IGNORE,0
$VBD_TIMEOUT,720
$PITCH_VBD_SHIFT,0.001
$VBD_PUMP_AD_RATE_SURFACE,5
$VBD_PUMP_AD_RATE_APOGEE,4
$VBD_BLEED_AD_RATE,8
$UNCOM_BLEED,60
$VBD_MAXERRORS,1
$W_ADJ_DBAND,2
$DBDW,0
$PITCH_W_GAIN,0
$PITCH_W_DBAND,1
$CF8_MAXERRORS,5
$AH0_24V,142
$AH0_10V,95
$MINV_24V,19
$MINV_10V,8
$MAXI_24V,0.80000001
$MAXI_10V,0.60000002
$FG_AHR_10V,0
$FG_AHR_24V,0
$PHONE_SUPPLY,-2
$PRESSURE_YINT,-38.315674
$PRESSURE_SLOPE,0.0001158091
$AD7714Ch0Gain,128
$TCM_PITCH_OFFSET,0
$TCM_ROLL_OFFSET,0
$COMPASS_USE,4
$ALTIM_BOTTOM_PING_RANGE,0
$ALTIM_TOP_PING_RANGE,20
$ALTIM_BOTTOM_TURN_MARGIN,25
$ALTIM_TOP_TURN_MARGIN,0
$ALTIM_TOP_MIN_OBSTACLE,1
$ALTIM_PING_DEPTH,80
$ALTIM_PING_DELTA,5
$ALTIM_FREQUENCY,13
$ALTIM_PULSE,3
$ALTIM_SENSITIVITY,3
$XPDR_VALID,3
$XPDR_INHIBIT,90
$INT_PRESSURE_SLOPE,0.0097660003
$INT_PRESSURE_YINT,1.223
$DEEPGLIDER,0
$MOTHERBOARD,4
$DEVICE1,2
$DEVICE2,101
$DEVICE3,35
$DEVICE4,-1
$DEVICE5,-1
$DEVICE6,-1
$LOGGERS,0
$LOGGERDEVICE1,-1
$LOGGERDEVICE2,-1
$LOGGERDEVICE3,-1
$LOGGERDEVICE4,-1
$COMPASS_DEVICE,33
$COMPASS2_DEVICE,-1
$PHONE_DEVICE,49
$GPS_DEVICE,32
$RAFOS_DEVICE,-1
$XPDR_DEVICE,24
$SIM_W,0
$SIM_PITCH,0
$SEABIRD_T_G,0.0044373036
$SEABIRD_T_H,0.00066103507
$SEABIRD_T_I,2.7719814e-05
$SEABIRD_T_J,3.4688812e-06
$SEABIRD_C_G,-10.004086
$SEABIRD_C_H,1.1698962
$SEABIRD_C_I,-0.0014983811
$SEABIRD_C_J,0.00019441421
$SEABIRD_C_Z,2927.3301
$GPS1,080625,143046,4750.8389,-12226.8750,38,0.9,58,16.3,0.6,279.4,8,5.0
$_CALLS,1
$_XMS_NAKs,0
$_XMS_TOUTs,0
$_SM_DEPTHo,-17.95
$_SM_ANGLEo,-73.3
$GPS2,080625,143658,4750.8491,-12227.0303,7,0.8,22,16.3,0.6,271.8,9,5.0
$SPEED_LIMITS,0.173,0.260
$TGT_NAME,WEST_194
$TGT_LATLONG,4750.700,-12226.500
$TGT_RADIUS,400.000
$KALMAN_CONTROL,0.000000,0.000000
$KALMAN_X,0.000000,0.000000,0.000000,0.000000,0.000000
$KALMAN_Y,0.000000,0.000000,0.000000,0.000000,0.000000
$MHEAD_RNG_PITCHd_Wd,89.6,715,-17.4,-10.000,-21.00,2234
$D_GRID,150
$GCHEAD,st_secs,pitch_ctl,vbd_ctl,pitch_ad_start,roll_ad_start,vbd_pot1_ad_start,vbd_pot2_ad_start,depth,ob_vertv,data_pts,end_secs,pitch_secs,roll_secs,vbd_secs,vbd_i,gcphase,pitch_i,roll_i,pitch_ad,roll_ad,vbd_ad,vbd_pot1_ad,vbd_pot2_ad,pitch_retries,pitch_errors,roll_retries,roll_errors,vbd_retries,vbd_errors,pitch_volts,roll_volts,vbd_volts,int_press,humidity
$STATE,5,end surface,CONTROL_FINISHED_OK
$STATE,5,begin dive
$GC,72,-0.90,-146.6,209,3261,354,389,-17.5,-0.1,12,159,0.00,0.00,-81.15,0.000,16390,0.000,0.000,210,3262,2878,2895,2861,0,0,0,0,0,0,26.41,24.98,26.42,8.37,42.43
$GC,162,-0.90,-146.6,209,3262,2895,2860,-12.1,-13.2,27,182,13.12,2.12,0.00,0.000,2564,0.288,0.021,3113,1825,2878,2898,2859,0,0,0,0,0,0,25.72,26.11,26.02,8.60,41.69
$GC,255,-0.63,-146.6,3112,1825,2907,2852,14.5,-21.9,44,262,0.32,2.25,0.00,0.000,3078,0.206,0.050,3200,3248,2879,2907,2852,0,0,0,0,0,0,25.89,26.11,26.12,8.61,41.96
$GC,326,-0.50,-146.6,3200,3248,2909,2851,26.6,-15.2,53,330,0.12,1.00,0.00,0.000,2308,0.194,0.061,3239,3872,2879,2908,2851,0,0,0,0,0,0,26.00,26.15,26.11,8.61,42.43
$GC,411,-0.50,-146.6,3239,3872,2909,2851,35.8,-10.7,61,418,0.00,0.88,0.00,0.000,1030,0.000,0.029,3240,3263,2880,2909,2851,0,0,0,0,0,0,26.35,26.30,26.34,8.61,42.63
$GC,539,-0.50,-146.6,3239,3263,2909,2850,49.7,-10.8,74,540,0.00,0.00,0.00,0.000,6,0.000,0.000,3240,3263,2880,2909,2851,0,0,0,0,0,0,26.58,26.59,26.60,8.61,42.67
$GC,659,-0.50,-146.6,3239,3263,2909,2851,61.4,-9.7,86,668,0.00,2.08,0.00,0.000,516,0.000,0.025,3240,1844,2880,2909,2851,0,0,0,0,0,0,26.63,26.36,26.63,8.61,42.67
$GC,722,-0.55,-146.6,3239,1844,2910,2850,67.0,-8.5,92,731,0.00,2.22,0.00,0.000,1030,0.000,0.057,3240,3247,2880,2910,2850,0,0,0,0,0,0,26.34,26.28,26.38,8.61,42.43
$GC,851,-0.55,-146.6,3240,3247,2910,2850,77.9,-8.3,105,855,0.00,1.00,0.00,0.000,260,0.000,0.065,3240,3874,2880,2910,2850,0,0,0,0,0,0,26.67,26.32,26.67,8.61,42.95
$GC,999,-0.55,-146.6,3239,3875,2910,2850,91.6,-8.6,119,1002,0.00,0.90,0.00,0.000,1030,0.000,0.029,3240,3241,2880,2910,2850,0,0,0,0,0,0,26.49,26.46,26.49,8.61,42.79
$GC,1131,-0.60,-146.6,3239,3241,2910,2850,102.3,-8.9,132,1140,0.00,2.05,0.00,0.000,516,0.000,0.026,3240,1838,2879,2909,2850,0,0,0,0,0,0,26.72,26.45,26.72,8.61,42.36
$GC,1216,-0.68,-146.6,3239,1837,2910,2850,110.0,-9.5,140,1226,0.08,2.25,0.00,0.000,5126,0.070,0.058,3188,3255,2880,2911,2849,0,0,0,0,0,0,26.39,26.36,26.44,8.61,42.20
$GC,1348,-0.63,-146.6,3187,3254,2910,2849,127.6,-14.3,153,1354,0.00,0.00,0.00,0.000,6,0.000,0.000,3188,3255,2880,2910,2850,0,0,0,0,0,0,26.74,26.74,26.74,8.60,43.03
$GC,1474,-0.63,-146.6,3187,3254,2910,2849,143.1,-10.1,166,1478,0.00,0.98,0.00,0.000,260,0.000,0.062,3187,3876,2879,2910,2849,0,0,0,0,0,0,26.74,26.41,26.76,8.61,42.67
$STATE,1535,end dive,TARGET_DEPTH_EXCEEDED
$STATE,1535,begin apogee
$GC,1543,-0.35,0.0,3187,2825,2910,2849,150.1,-11.3,172,1668,0.32,0.00,117.85,0.739,10246,0.155,0.000,3292,2825,2275,2315,2235,0,0,0,0,0,0,26.26,25.19,24.63,8.60,42.43
$STATE,1669,end apogee,CONTROL_FINISHED_OK
$STATE,1669,begin climb
$GC,1672,0.90,146.6,3292,2825,2314,2234,155.2,0.0,185,1802,1.17,2.12,120.80,0.721,10756,0.125,0.028,3675,1464,1676,1711,1642,0,0,0,0,0,0,25.26,24.92,24.55,8.55,41.33
$GC,1879,0.75,146.6,3674,1464,1706,1642,127.3,18.6,205,1886,0.00,2.25,0.00,0.000,1030,0.000,0.047,3675,2865,1674,1707,1642,0,0,0,0,0,0,25.75,25.65,25.77,8.50,41.45
$GC,2006,0.52,146.6,3675,2865,1706,1641,104.3,19.8,218,2008,0.32,0.00,0.00,0.000,4102,0.157,0.000,3580,2865,1673,1706,1641,0,0,0,0,0,0,25.78,25.98,25.94,8.49,41.92
$GC,2127,0.52,146.6,3579,2865,1706,1639,91.2,9.2,230,2131,0.00,2.12,0.00,0.000,516,0.000,0.028,3580,1457,1672,1706,1639,0,0,0,0,0,0,26.36,26.08,26.36,8.49,42.40
$GC,2189,0.52,146.6,3579,1456,1706,1639,85.5,8.6,236,2194,0.00,2.20,0.00,0.000,1030,0.000,0.043,3580,2859,1672,1706,1639,0,0,0,0,0,0,26.20,26.11,26.21,8.49,42.43
$GC,2322,0.52,146.6,3579,2859,1706,1639,73.1,9.5,249,2326,0.00,1.60,0.00,0.000,260,0.000,0.055,3580,3878,1672,1706,1639,0,0,0,0,0,0,26.49,26.17,26.50,8.49,42.20
$GC,2374,0.46,146.6,3579,3878,1705,1639,66.0,14.1,254,2379,0.00,1.50,0.00,0.000,1030,0.000,0.022,3580,2802,1672,1706,1639,0,0,0,0,0,0,26.35,26.32,26.36,8.49,42.99
$GC,2507,0.46,146.6,3579,2800,1706,1639,50.8,11.1,267,2508,0.00,0.00,0.00,0.000,6,0.000,0.000,3580,2800,1672,1706,1639,0,0,0,0,0,0,26.57,26.58,26.58,8.49,42.83
$GC,2627,0.46,146.6,3579,2800,1705,1639,38.2,10.3,279,2635,0.00,1.95,0.00,0.000,516,0.000,0.028,3580,1470,1672,1706,1639,0,0,0,0,0,0,26.61,26.32,26.62,8.48,42.71
$GC,2739,0.46,146.6,3579,1469,1705,1639,27.6,9.5,290,2743,0.00,2.15,0.00,0.000,1030,0.000,0.044,3580,2852,1672,1705,1639,0,0,0,0,0,0,26.42,26.33,26.44,8.48,42.75
$GC,2867,0.46,146.6,3579,2853,1705,1638,14.0,10.9,307,2874,0.00,1.58,0.00,0.000,260,0.000,0.056,3580,3873,1671,1705,1638,0,0,0,0,0,0,26.67,26.34,26.67,8.48,43.58
$GC,2942,0.46,146.6,3579,3873,1705,1638,5.3,11.6,321,2949,0.00,1.45,0.00,0.000,1030,0.000,0.022,3580,2842,1671,1705,1638,0,0,0,0,0,0,26.48,26.49,26.53,8.48,42.91
$STATE,2965,end climb,SURFACE_DEPTH_REACHED
$STATE,2965,begin surface coast
$FINISH,0.4,1.022727
$STATE,2991,end surface coast,CONTROL_FINISHED_OK
$STATE,2992,begin surface
$SM_CCo,3012,164.77,0.082,0,0,372,466.56
$SM_CCo,3182,-0.22,0.000,0,0,376,466.56
$SM_CCo,3187,0.43,0.090,0,0,373,466.56
$SM_GC,-17.99,9.25,0.68,0.43,0.072,0.054,0.090,206,3254,373,-9.96,-0.82,466.56,0,0,0,0,0,0,26.36,26.38,26.12
$IRIDIUM_FIX,4750.93,-12223.11,080625,134112
$TT8_MAMPS,0.026215,0.243425
$HUMID,41.02
$INTERNAL_PRESSURE,8.33265
$TCM_TEMP,12.00
$XPDR_PINGS,0
$ALTIM_TOP_PING,18.9,41.6
$24V_AH,24.55,16.900
$10V_AH,10.46,6.748
$FG_AHR_24Vo,0.000
$FG_AHR_10Vo,0.000
$DEVICES,Pitch_motor,Roll_motor,VBD_pump_during_apogee,VBD_pump_during_surface,VBD_valve,Iridium_during_init,Iridium_during_connect,Iridium_during_xfer,Transponder_ping,GUMSTIX_24V,GPS,TT8,LPSleep,TT8_Active,TT8_Sampling,TT8_CF8,TT8_Kalman,Analog_circuits,GPS_charging,Compass,RAFOS,Transponder,Compass2
$DEVICE_SECS,24.725,38.875,238.650,165.200,0.000,0.000,0.000,262.175,4.000,0.000,23.246,887.235,1145.217,499.202,900.408,153.587,0.000,1155.670,0.000,631.007,0.000,26.727,0.000
$DEVICE_MAMPS,287.640,65.025,738.990,90.270,0.000,0.000,0.000,88.740,420.000,0.000,30.710,14.960,2.190,14.960,43.420,53.160,0.000,15.000,0.000,8.990,0.000,30.000,0.000
$SENSORS,SBE_CT,AA4330,WL_blue_red_Chl_old_fw,nil,nil,nil,nil,nil,nil,nil
$SENSOR_SECS,222.296,437.341,441.607,0.000,0.000,0.000,0.000,0.000,0.000,0.000
$SENSOR_MAMPS,23.970,0.750,0.750,0.000,0.000,0.000,0.000,0.000,0.000,0.000
$MEM,335084
$DATA_FILE_SIZE,20979,330
$CAP_FILE_SIZE,60649,0
$CFSIZE,2097872896,2066382848
$ERRORS,0,0,0,0,0,0,0,0,0,0,0,0,0,0,1,0
$CURRENT,0.371,303.16,1
$GPS,080625,153225,4751.054,-12227.394,36,1.0,59,16.3,0.7,297.1,8,4.7
