version: 66.14
glider: 194
mission: 16
dive: 387
start: 6 13 125 15 34 17
data:
$ID,194
$MISSION,16
$DIVE,387
$N_DIVES,0
$STOP_T,0
$D_SURF,3
$D_FLARE,2
$D_TGT,150
$D_ABORT,1090
$D_NO_BLEED,50
$D_BOOST,3
$T_BOOST,0
$D_FINISH,0
$D_PITCH,0
$D_SAFE,0
$D_CALL,0
$SURFACE_URGENCY,0
$SURFACE_URGENCY_TRY,0
$SURFACE_URGENCY_FORCE,0
$T_DIVE,50
$T_MISSION,65
$T_ABORT,1440
$T_TURN,300
$T_TURN_SAMPINT,5
$T_NO_W,120
$T_LOITER,0
$T_SLOITER,60
$T_EPIRB,0
$USE_BATHY,0
$USE_ICE,0
$ICE_FREEZE_MARGIN,0.30000001
$D_OFFGRID,100
$T_WATCHDOG,10
$RELAUNCH,1
$APOGEE_PITCH,-8
$MAX_BUOY,150
$COURSE_BIAS,0
$GLIDE_SLOPE,30
$SPEED_FACTOR,1
$RHO,1.023
$MASS,53609
$MASS_COMP,0
$NAV_MODE,2
$FERRY_MAX,45
$KALMAN_USE,2
$HD_A,0.003
$HD_B,0.0099999998
$HD_C,9.9999997e-06
$HEADING,-1
$ESCAPE_HEADING,0
$ESCAPE_HEADING_DELTA,10
$FIX_MISSING_TIMEOUT,0
$TGT_DEFAULT_LAT,4736
$TGT_DEFAULT_LON,-12225
$TGT_AUTO_DEFAULT,0
$SM_CC,535
$N_FILEKB,4
$FILEMGR,0
$CALL_NDIVES,1
$COMM_SEQ,0
$PROTOCOL,9
$N_NOCOMM,1
$NOCOMM_ACTION,0
$N_NOSURFACE,0
$UPLOAD_DIVES_MAX,-1
$CALL_TRIES,5
$CALL_WAIT,60
$CAPUPLOAD,1
$CAPMAXSIZE,200000
$HEAPDBG,0
$T_GPS,15
$N_GPS,50840
$T_RSLEEP,0
$STROBE,0
$RAFOS_PEAK_OFFSET,1.5
$RAFOS_CORR_THRESH,60
$RAFOS_HIT_WINDOW,3600
$RAFOS_MMODEM,0
$PITCH_MIN,199
$PITCH_MAX,3894
$C_PITCH,3411
$PITCH_DBAND,0.1
$PITCH_CNV,0.003125763
$P_OVSHOOT,0.039999999
$P_OVSHOOT_WITHG,0.1
$PITCH_GAIN,23
$PITCH_TIMEOUT,17
$PITCH_AD_RATE,160
$PITCH_MAXERRORS,1
$PITCH_ADJ_GAIN,0.02
$PITCH_ADJ_DBAND,2.5
$ROLL_MIN,291
$ROLL_MAX,3873
$ROLL_DEG,40
$C_ROLL_DIVE,3014
$C_ROLL_CLIMB,2850
$HEAD_ERRBAND,10
$ROLL_CNV,0.028270001
$ROLL_TIMEOUT,15
$R_PORT_OVSHOOT,71
$R_STBD_OVSHOOT,47
$ROLL_AD_RATE,350
$ROLL_MAXERRORS,2
$ROLL_ADJ_GAIN,0
$ROLL_ADJ_DBAND,0
$VBD_MIN,375
$VBD_MAX,3900
$C_VBD,2277
$VBD_DBAND,2
$VBD_CNV,-0.24529999
$VBD_LP_IGNORE,0
$VBD_TIMEOUT,720
$PITCH_VBD_SHIFT,0.001
$VBD_PUMP_AD_RATE_SURFACE,5
$VBD_PUMP_AD_RATE_APOGEE,4
$VBD_BLEED_AD_RATE,8
$UNCOM_BLEED,60
$VBD_MAXERRORS,1
$W_ADJ_DBAND,2
$DBDW,0
$PITCH_W_GAIN,0
$PITCH_W_DBAND,1
$CF8_MAXERRORS,5
$AH0_24V,142
$AH0_10V,95
$MINV_24V,19
$MINV_10V,8
$MAXI_24V,0.80000001
$MAXI_10V,0.60000002
$FG_AHR_10V,0
$FG_AHR_24V,0
$PHONE_SUPPLY,-2
$PRESSURE_YINT,-38.315674
$PRESSURE_SLOPE,0.0001158091
$AD7714Ch0Gain,128
$TCM_PITCH_OFFSET,0
$TCM_ROLL_OFFSET,0
$COMPASS_USE,4
$ALTIM_BOTTOM_PING_RANGE,0
$ALTIM_TOP_PING_RANGE,20
$ALTIM_BOTTOM_TURN_MARGIN,25
$ALTIM_TOP_TURN_MARGIN,0
$ALTIM_TOP_MIN_OBSTACLE,1
$ALTIM_PING_DEPTH,80
$ALTIM_PING_DELTA,5
$ALTIM_FREQUENCY,13
$ALTIM_PULSE,3
$ALTIM_SENSITIVITY,3
$XPDR_VALID,3
$XPDR_INHIBIT,90
$INT_PRESSURE_SLOPE,0.0097660003
$INT_PRESSURE_YINT,1.223
$DEEPGLIDER,0
$MOTHERBOARD,4
$DEVICE1,2
$DEVICE2,101
$DEVICE3,35
$DEVICE4,-1
$DEVICE5,-1
$DEVICE6,-1
$LOGGERS,0
$LOGGERDEVICE1,-1
$LOGGERDEVICE2,-1
$LOGGERDEVICE3,-1
$LOGGERDEVICE4,-1
$COMPASS_DEVICE,33
$COMPASS2_DEVICE,-1
$PHONE_DEVICE,49
$GPS_DEVICE,32
$RAFOS_DEVICE,-1
$XPDR_DEVICE,24
$SIM_W,0
$SIM_PITCH,0
$SEABIRD_T_G,0.0044373036
$SEABIRD_T_H,0.00066103507
$SEABIRD_T_I,2.7719814e-05
$SEABIRD_T_J,3.4688812e-06
$SEABIRD_C_G,-10.004086
$SEABIRD_C_H,1.1698962
$SEABIRD_C_I,-0.0014983811
$SEABIRD_C_J,0.00019441421
$SEABIRD_C_Z,2927.3301
$GPS1,130625,152712,4750.5269,-12222.0537,17,1.0,38,16.3,0.0,0.0,8,5.0
$_CALLS,1
$_XMS_NAKs,4
$_XMS_TOUTs,1
$_SM_DEPTHo,-22.57
$_SM_ANGLEo,-76.0
$GPS2,130625,153340,4750.5312,-12222.0508,6,0.9,18,16.3,0.0,0.0,9,4.7
$SPEED_LIMITS,0.173,0.260
$TGT_NAME,EAST_194
$TGT_LATLONG,4750.700,-12222.000
$TGT_RADIUS,400.000
$KALMAN_CONTROL,0.000000,0.000000
$KALMAN_X,0.000000,0.000000,0.000000,0.000000,0.000000
$KALMAN_Y,0.000000,0.000000,0.000000,0.000000,0.000000
$MHEAD_RNG_PITCHd_Wd,2.6,320,-27.2,-10.000,-30.00,962
$D_GRID,150
$GCHEAD,st_secs,pitch_ctl,vbd_ctl,pitch_ad_start,roll_ad_start,vbd_pot1_ad_start,vbd_pot2_ad_start,depth,ob_vertv,data_pts,end_secs,pitch_secs,roll_secs,vbd_secs,vbd_i,gcphase,pitch_i,roll_i,pitch_ad,roll_ad,vbd_ad,vbd_pot1_ad,vbd_pot2_ad,pitch_retries,pitch_errors,roll_retries,roll_errors,vbd_retries,vbd_errors,pitch_volts,roll_volts,vbd_volts,int_press,humidity
$STATE,5,end surface,CONTROL_FINISHED_OK
$STATE,5,begin dive
$GC,71,-1.25,-63.1,209,3037,357,392,-22.1,-0.3,12,156,0.00,0.00,-77.93,0.000,16390,0.000,0.000,209,3037,2537,2548,2526,0,0,0,0,0,0,26.44,25.59,26.44,8.38,42.32
$GC,160,-1.29,-103.4,209,3037,2547,2526,-19.8,-5.7,27,186,12.52,2.12,-3.17,0.000,19204,0.283,0.037,2987,1630,2701,2734,2668,0,0,0,0,0,0,25.63,24.72,25.86,8.57,42.00
$GC,200,-0.58,-103.4,2986,1630,2735,2668,-7.7,-28.3,33,208,0.90,2.15,0.00,0.000,3078,0.230,0.052,3219,2990,2701,2735,2668,0,0,0,0,0,0,25.72,26.07,26.01,8.60,42.24
$GC,272,-0.70,-103.4,3218,2990,2740,2665,5.7,-12.0,46,279,0.00,2.03,0.00,0.000,4612,0.000,0.028,3218,1637,2702,2740,2665,0,0,0,0,0,0,26.50,26.20,26.50,8.60,41.49
$GC,528,-0.90,-103.4,3218,1636,2741,2665,32.8,-9.5,83,537,0.17,2.17,0.00,0.000,5126,0.066,0.050,3120,3013,2702,2741,2664,0,0,0,0,0,0,26.32,26.24,26.35,8.60,42.43
$GC,657,-0.90,-103.4,3120,3013,2741,2664,52.3,-15.3,96,662,0.00,1.38,0.00,0.000,260,0.000,0.057,3121,3876,2702,2741,2664,0,0,0,0,0,0,26.65,26.29,26.66,8.60,42.99
$GC,817,-0.84,-103.4,3120,3876,2741,2664,77.4,-16.1,111,823,0.00,1.23,0.00,0.000,1030,0.000,0.024,3121,2998,2702,2741,2664,0,0,0,0,0,0,26.49,26.47,26.51,8.60,43.26
$STATE,939,end dive,BOTTOM_OBSTACLE_DETECTED
$STATE,939,begin apogee
$GC,946,-0.35,0.0,3120,2866,2741,2664,97.3,-14.7,124,1034,0.57,0.00,83.75,0.701,10246,0.178,0.000,3292,2866,2275,2317,2234,0,0,0,0,0,0,26.06,25.36,24.81,8.60,42.95
$STATE,1035,end apogee,CONTROL_FINISHED_OK
$STATE,1035,begin climb
$GC,1037,1.29,103.4,3292,2866,2316,2234,103.0,0.0,133,1133,1.55,2.22,86.43,0.685,10756,0.126,0.026,3803,1452,1852,1884,1821,0,0,0,0,0,0,25.37,25.22,24.68,8.56,42.24
$GC,1179,1.08,103.4,3803,1452,1880,1821,85.0,18.3,147,1189,0.15,2.22,0.00,0.000,5126,0.185,0.041,3763,2859,1850,1880,1820,0,0,0,0,0,0,25.46,25.65,25.59,8.52,40.86
$GC,1309,0.87,103.4,3762,2859,1878,1818,58.2,21.0,160,1311,0.25,0.00,0.00,0.000,4102,0.190,0.000,3693,2859,1848,1878,1818,0,0,0,0,0,0,25.70,25.98,25.92,8.52,42.32
$GC,1430,0.79,103.4,3692,2859,1878,1818,37.8,16.0,172,1431,0.00,0.00,0.00,0.000,6,0.000,0.000,3693,2859,1848,1878,1818,0,0,0,0,0,0,26.41,26.41,26.41,8.51,42.43
$GC,1550,0.72,103.4,3693,2859,1878,1817,21.7,12.7,184,1559,0.15,2.12,0.00,0.000,4612,0.183,0.026,3651,1440,1847,1878,1817,0,0,0,0,0,0,25.97,26.15,26.08,8.51,42.71
$GC,1604,0.78,103.4,3650,1440,1878,1817,16.0,10.2,192,1611,0.00,2.20,0.00,0.000,1030,0.000,0.044,3650,2854,1847,1878,1817,0,0,0,0,0,0,26.29,26.20,26.32,8.51,43.18
$GC,1674,0.78,103.4,3650,2854,1877,1817,9.4,9.4,205,1681,0.00,2.10,0.00,0.000,516,0.000,0.030,3650,1454,1847,1878,1817,0,0,0,0,0,0,26.55,26.27,26.56,8.50,42.36
$GC,1735,0.88,130.8,3650,1454,1877,1817,4.8,7.1,216,1762,0.08,2.17,21.27,0.621,11266,0.108,0.045,3702,2850,1745,1777,1713,0,0,0,0,0,0,26.25,26.25,26.34,8.51,42.63
$STATE,1763,end climb,SURFACE_DEPTH_REACHED
$STATE,1763,begin surface coast
$FINISH,-1.1,1.022498
$STATE,1789,end surface coast,CONTROL_FINISHED_OK
$STATE,1789,begin surface
$SM_CCo,1810,177.85,0.102,0,0,373,466.56
$SM_CCo,1991,-0.22,0.000,0,0,377,466.56
$SM_CCo,1996,0.43,0.103,0,0,374,466.56
$SM_GC,-22.75,10.12,0.28,0.43,0.094,0.067,0.103,214,3031,374,-9.94,-0.62,466.56,0,0,0,0,0,0,26.01,26.05,25.86
$IRIDIUM_FIX,4754.59,-12222.11,130625,145024
$TT8_MAMPS,0.026215,0.303345
$HUMID,40.82
$INTERNAL_PRESSURE,8.34241
$TCM_TEMP,12.20
$XPDR_PINGS,0
$ALTIM_TOP_PING,19.0,46.5
$ALTIM_BOTTOM_PING,80.7,40.7
$24V_AH,24.68,25.980
$10V_AH,10.38,10.565
$FG_AHR_24Vo,0.000
$FG_AHR_10Vo,0.000
$DEVICES,Pitch_motor,Roll_motor,VBD_pump_during_apogee,VBD_pump_during_surface,VBD_valve,Iridium_during_init,Iridium_during_connect,Iridium_during_xfer,Transponder_ping,GUMSTIX_24V,GPS,TT8,LPSleep,TT8_Active,TT8_Sampling,TT8_CF8,TT8_Kalman,Analog_circuits,GPS_charging,Compass,RAFOS,Transponder,Compass2
$DEVICE_SECS,26.475,24.625,191.450,178.275,0.000,0.000,0.000,283.525,0.750,0.000,20.145,588.766,552.301,457.890,687.739,128.174,0.000,1013.038,0.000,411.838,0.000,7.215,0.000
$DEVICE_MAMPS,283.050,126.990,700.740,103.275,0.000,0.000,0.000,87.210,420.000,0.000,30.710,14.960,2.190,14.960,43.420,53.160,0.000,15.000,0.000,8.990,0.000,30.000,0.000
$SENSORS,SBE_CT,AA4330,WL_blue_red_Chl_old_fw,nil,nil,nil,nil,nil,nil,nil
$SENSOR_SECS,150.137,297.638,300.570,0.000,0.000,0.000,0.000,0.000,0.000,0.000
$SENSOR_MAMPS,23.970,0.750,0.750,0.000,0.000,0.000,0.000,0.000,0.000,0.000
$MEM,335228
$DATA_FILE_SIZE,14192,225
$CAP_FILE_SIZE,43985,0
$CFSIZE,2097872896,2051932160
$ERRORS,0,0,0,0,0,0,0,0,0,0,0,0,0,0,1,0
$CURRENT,0.040,210.47,1
$GPS,130625,160925,4750.608,-12222.016,38,1.0,66,16.3,0.0,0.0,8,4.1
