version: 66.14
glider: 194
mission: 16
dive: 175
start: 6 6 125 7 49 51
data:
$ID,194
$MISSION,16
$DIVE,175
$N_DIVES,0
$STOP_T,0
$D_SURF,3
$D_FLARE,2
$D_TGT,150
$D_ABORT,1090
$D_NO_BLEED,50
$D_BOOST,3
$T_BOOST,0
$D_FINISH,0
$D_PITCH,0
$D_SAFE,0
$D_CALL,0
$SURFACE_URGENCY,0
$SURFACE_URGENCY_TRY,0
$SURFACE_URGENCY_FORCE,0
$T_DIVE,50
$T_MISSION,65
$T_ABORT,1440
$T_TURN,300
$T_TURN_SAMPINT,5
$T_NO_W,120
$T_LOITER,0
$T_SLOITER,60
$T_EPIRB,0
$USE_BATHY,0
$USE_ICE,0
$ICE_FREEZE_MARGIN,0.30000001
$D_OFFGRID,100
$T_WATCHDOG,10
$RELAUNCH,1
$APOGEE_PITCH,-8
$MAX_BUOY,150
$COURSE_BIAS,0
$GLIDE_SLOPE,30
$SPEED_FACTOR,1
$RHO,1.023
$MASS,53609
$MASS_COMP,0
$NAV_MODE,2
$FERRY_MAX,45
$KALMAN_USE,2
$HD_A,0.003
$HD_B,0.0099999998
$HD_C,9.9999997e-06
$HEADING,-1
$ESCAPE_HEADING,0
$ESCAPE_HEADING_DELTA,10
$FIX_MISSING_TIMEOUT,0
$TGT_DEFAULT_LAT,4736
$TGT_DEFAULT_LON,-12225
$TGT_AUTO_DEFAULT,0
$SM_CC,535
$N_FILEKB,4
$FILEMGR,0
$CALL_NDIVES,1
$COMM_SEQ,0
$PROTOCOL,9
$N_NOCOMM,1
$NOCOMM_ACTION,0
$N_NOSURFACE,0
$UPLOAD_DIVES_MAX,-1
$CALL_TRIES,5
$CALL_WAIT,60
$CAPUPLOAD,1
$CAPMAXSIZE,200000
$HEAPDBG,0
$T_GPS,15
$N_GPS,50840
$T_RSLEEP,0
$STROBE,0
$RAFOS_PEAK_OFFSET,1.5
$RAFOS_CORR_THRESH,60
$RAFOS_HIT_WINDOW,3600
$RAFOS_MMODEM,0
$PITCH_MIN,199
$PITCH_MAX,3894
$C_PITCH,3411
$PITCH_DBAND,0.1
$PITCH_CNV,0.003125763
$P_OVSHOOT,0.039999999
$P_OVSHOOT_WITHG,0.1
$PITCH_GAIN,23
$PITCH_TIMEOUT,17
$PITCH_AD_RATE,160
$PITCH_MAXERRORS,1
$PITCH_ADJ_GAIN,0.02
$PITCH_ADJ_DBAND,2.5
$ROLL_MIN,291
$ROLL_MAX,3873
$ROLL_DEG,40
$C_ROLL_DIVE,3250
$C_ROLL_CLIMB,2850
$HEAD_ERRBAND,10
$ROLL_CNV,0.028270001
$ROLL_TIMEOUT,15
$R_PORT_OVSHOOT,67
$R_STBD_OVSHOOT,23
$ROLL_AD_RATE,350
$ROLL_MAXERRORS,2
$ROLL_ADJ_GAIN,0
$ROLL_ADJ_DBAND,0
$VBD_MIN,375
$VBD_MAX,3900
$C_VBD,2277
$VBD_DBAND,2
$VBD_CNV,-0.24529999
$VBD_LP_IGNORE,0
$VBD_TIMEOUT,720
$PITCH_VBD_SHIFT,0.001
$VBD_PUMP_AD_RATE_SURFACE,5
$VBD_PUMP_AD_RATE_APOGEE,4
$VBD_BLEED_AD_RATE,8
$UNCOM_BLEED,60
$VBD_MAXERRORS,1
$W_ADJ_DBAND,2
$DBDW,0
$PITCH_W_GAIN,0
$PITCH_W_DBAND,1
$CF8_MAXERRORS,5
$AH0_24V,142
$AH0_10V,95
$MINV_24V,19
$MINV_10V,8
$MAXI_24V,0.80000001
$MAXI_10V,0.60000002
$FG_AHR_10V,0
$FG_AHR_24V,0
$PHONE_SUPPLY,-2
$PRESSURE_YINT,-38.315674
$PRESSURE_SLOPE,0.0001158091
$AD7714Ch0Gain,128
$TCM_PITCH_OFFSET,0
$TCM_ROLL_OFFSET,0
$COMPASS_USE,4
$ALTIM_BOTTOM_PING_RANGE,0
$ALTIM_TOP_PING_RANGE,20
$ALTIM_BOTTOM_TURN_MARGIN,25
$ALTIM_TOP_TURN_MARGIN,0
$ALTIM_TOP_MIN_OBSTACLE,1
$ALTIM_PING_DEPTH,80
$ALTIM_PING_DELTA,5
$ALTIM_FREQUENCY,13
$ALTIM_PULSE,3
$ALTIM_SENSITIVITY,3
$XPDR_VALID,3
$XPDR_INHIBIT,90
$INT_PRESSURE_SLOPE,0.0097660003
$INT_PRESSURE_YINT,1.223
$DEEPGLIDER,0
$MOTHERBOARD,4
$DEVICE1,2
$DEVICE2,101
$DEVICE3,35
$DEVICE4,-1
$DEVICE5,-1
$DEVICE6,-1
$LOGGERS,0
$LOGGERDEVICE1,-1
$LOGGERDEVICE2,-1
$LOGGERDEVICE3,-1
$LOGGERDEVICE4,-1
$COMPASS_DEVICE,33
$COMPASS2_DEVICE,-1
$PHONE_DEVICE,49
$GPS_DEVICE,32
$RAFOS_DEVICE,-1
$XPDR_DEVICE,24
$SIM_W,0
$SIM_PITCH,0
$SEABIRD_T_G,0.0044373036
$SEABIRD_T_H,0.00066103507
$SEABIRD_T_I,2.7719814e-05
$SEABIRD_T_J,3.4688812e-06
$SEABIRD_C_G,-10.004086
$SEABIRD_C_H,1.1698962
$SEABIRD_C_I,-0.0014983811
$SEABIRD_C_J,0.00019441421
$SEABIRD_C_Z,2927.3301
$GPS1,060625,074251,4750.6904,-12221.9189,15,1.0,34,16.3,0.3,245.7,9,5.0
$_CALLS,1
$_XMS_NAKs,1
$_XMS_TOUTs,0
$_SM_DEPTHo,-15.35
$_SM_ANGLEo,-75.4
$GPS2,060625,074916,4750.6694,-12221.9873,7,0.8,28,16.3,0.3,218.3,10,5.0
$SPEED_LIMITS,0.173,0.260
$TGT_NAME,WEST_194
$TGT_LATLONG,4750.700,-12226.500
$TGT_RADIUS,400.000
$KALMAN_CONTROL,0.000000,0.000000
$KALMAN_X,0.000000,0.000000,0.000000,0.000000,0.000000
$KALMAN_Y,0.000000,0.000000,0.000000,0.000000,0.000000
$MHEAD_RNG_PITCHd_Wd,251.5,5609,-17.4,-10.000,-21.00,2234
$D_GRID,150
$GCHEAD,st_secs,pitch_ctl,vbd_ctl,pitch_ad_start,roll_ad_start,vbd_pot1_ad_start,vbd_pot2_ad_start,depth,ob_vertv,data_pts,end_secs,pitch_secs,roll_secs,vbd_secs,vbd_i,gcphase,pitch_i,roll_i,pitch_ad,roll_ad,vbd_ad,vbd_pot1_ad,vbd_pot2_ad,pitch_retries,pitch_errors,roll_retries,roll_errors,vbd_retries,vbd_errors,pitch_volts,roll_volts,vbd_volts,int_press,humidity
$STATE,4,end surface,CONTROL_FINISHED_OK
$STATE,4,begin dive
$GC,71,-0.90,-146.6,209,3248,359,383,-14.9,-0.1,12,168,0.00,0.00,-89.38,0.000,16390,0.000,0.000,210,3249,2876,2892,2860,0,0,0,0,0,0,26.41,25.66,26.42,8.38,41.49
$GC,172,-0.90,-146.6,210,3249,2891,2860,-12.3,-4.9,29,191,12.70,2.03,0.00,0.000,2564,0.278,0.018,3107,1820,2876,2896,2857,0,0,0,0,0,0,25.80,26.08,25.98,8.61,41.14
$GC,454,-0.70,-146.6,3106,1819,2905,2850,49.5,-17.9,68,462,0.28,2.25,0.00,0.000,3078,0.197,0.049,3183,3256,2877,2905,2849,0,0,0,0,0,0,26.04,26.24,26.25,8.62,41.49
$GC,583,-0.60,-146.6,3183,3256,2906,2849,68.0,-13.3,81,587,0.10,0.98,0.00,0.000,2308,0.194,0.058,3215,3874,2878,2907,2849,0,0,0,0,0,0,26.17,26.29,26.27,8.62,42.47
$GC,726,-0.60,-146.6,3214,3874,2907,2848,83.5,-9.8,95,729,0.00,0.88,0.00,0.000,1030,0.000,0.028,3215,3246,2877,2907,2848,0,0,0,0,0,0,26.45,26.43,26.47,8.61,42.04
$GC,858,-0.60,-146.6,3214,3246,2907,2848,95.1,-9.0,108,862,0.00,2.03,0.00,0.000,516,0.000,0.024,3215,1849,2877,2907,2848,0,0,0,0,0,0,26.65,26.42,26.66,8.61,42.59
$GC,985,-0.60,-146.6,3214,1847,2908,2848,106.0,-8.8,120,993,0.00,2.20,0.00,0.000,1030,0.000,0.054,3215,3250,2877,2907,2848,0,0,0,0,0,0,26.47,26.36,26.49,8.61,42.32
$STATE,1060,end dive,BOTTOM_OBSTACLE_DETECTED
$STATE,1060,begin apogee
$GC,1067,-0.35,0.0,3215,2851,2908,2848,112.8,-8.4,128,1194,0.22,0.00,117.15,0.712,10246,0.149,0.000,3294,2851,2273,2314,2233,0,0,0,0,0,0,26.28,25.03,24.63,8.61,41.80
$STATE,1195,end apogee,CONTROL_FINISHED_OK
$STATE,1195,begin climb
$GC,1198,0.90,146.6,3294,2851,2313,2233,116.7,0.0,141,1327,1.17,2.17,120.55,0.691,10756,0.123,0.028,3676,1447,1677,1713,1641,0,0,0,0,0,0,25.29,24.94,24.56,8.56,40.74
$GC,1391,0.75,146.6,3676,1446,1709,1641,92.8,15.7,160,1398,0.00,2.28,0.00,0.000,1030,0.000,0.047,3677,2863,1675,1709,1641,0,0,0,0,0,0,25.70,25.61,25.72,8.50,40.82
$GC,1518,0.55,146.6,3676,2863,1708,1640,70.1,17.8,173,1527,0.28,2.12,0.00,0.000,4612,0.158,0.027,3594,1450,1674,1708,1640,0,0,0,0,0,0,25.77,25.94,25.87,8.50,41.53
$GC,1550,0.44,146.6,3594,1450,1707,1639,65.7,14.5,176,1556,0.12,2.22,0.00,0.000,5126,0.143,0.045,3555,2855,1673,1707,1639,0,0,0,0,0,0,25.86,25.95,25.98,8.50,41.14
$GC,1685,0.55,200.7,3555,2854,1707,1637,55.1,7.5,189,1734,0.00,1.67,43.25,0.656,8452,0.000,0.054,3555,3871,1456,1500,1412,0,0,0,0,0,0,26.39,25.51,24.96,8.50,42.47
$GC,1772,0.60,200.7,3555,3871,1499,1412,48.3,8.1,197,1780,0.08,1.50,0.00,0.000,3078,0.106,0.021,3610,2811,1455,1499,1412,0,0,0,0,0,0,25.75,25.84,25.82,8.48,41.37
$GC,1898,0.60,200.7,3609,2810,1499,1410,33.5,11.9,210,1903,0.00,2.00,0.00,0.000,516,0.000,0.028,3610,1473,1454,1499,1410,0,0,0,0,0,0,26.27,26.01,26.28,8.47,42.40
$GC,1934,0.60,200.7,3609,1473,1498,1410,30.1,10.9,213,1940,0.00,2.17,0.00,0.000,1030,0.000,0.046,3610,2856,1454,1498,1410,0,0,0,0,0,0,26.10,26.02,26.13,8.47,41.69
$GC,2061,0.60,200.7,3609,2855,1498,1409,17.4,9.3,228,2068,0.00,1.60,0.00,0.000,260,0.000,0.057,3610,3876,1454,1498,1410,0,0,0,0,0,0,26.43,26.11,26.44,8.47,42.43
$GC,2106,0.60,200.7,3609,3876,1498,1410,12.6,11.2,236,2113,0.00,1.48,0.00,0.000,1030,0.000,0.024,3610,2859,1453,1498,1409,0,0,0,0,0,0,26.29,26.24,26.30,8.47,42.20
$GC,2176,0.60,200.7,3609,2858,1498,1410,4.9,10.6,249,2182,0.00,0.00,0.00,0.000,6,0.000,0.000,3610,2858,1453,1498,1409,0,0,0,0,0,0,26.49,26.50,26.50,8.47,42.20
$STATE,2191,end climb,SURFACE_DEPTH_REACHED
$STATE,2192,begin surface coast
$FINISH,0.2,1.022529
$STATE,2218,end surface coast,CONTROL_FINISHED_OK
$STATE,2219,begin surface
$SM_CCo,2239,133.73,0.080,0,0,375,466.56
$SM_CCo,2376,-0.17,0.000,0,0,376,466.56
$SM_CCo,2381,0.28,0.100,0,0,374,466.56
$SM_GC,-15.20,9.32,0.65,0.28,0.068,0.055,0.100,207,3252,374,-9.95,-0.85,466.56,0,0,0,0,0,0,26.21,26.22,26.05
$IRIDIUM_FIX,4750.93,-12223.11,060625,071221
$TT8_MAMPS,0.026215,0.241178
$HUMID,40.58
$INTERNAL_PRESSURE,8.33265
$TCM_TEMP,12.50
$XPDR_PINGS,0
$ALTIM_TOP_PING,19.4,40.1
$ALTIM_BOTTOM_PING,100.7,37.0
$24V_AH,24.56,12.760
$10V_AH,10.49,5.019
$FG_AHR_24Vo,0.000
$FG_AHR_10Vo,0.000
$DEVICES,Pitch_motor,Roll_motor,VBD_pump_during_apogee,VBD_pump_during_surface,VBD_valve,Iridium_during_init,Iridium_during_connect,Iridium_during_xfer,Transponder_ping,GUMSTIX_24V,GPS,TT8,LPSleep,TT8_Active,TT8_Sampling,TT8_CF8,TT8_Kalman,Analog_circuits,GPS_charging,Compass,RAFOS,Transponder,Compass2
$DEVICE_SECS,24.275,30.800,280.950,134.000,0.000,0.000,0.000,274.450,2.000,0.000,29.720,662.925,715.457,503.777,778.165,135.441,0.000,1100.620,0.000,496.782,0.000,16.487,0.000
$DEVICE_MAMPS,277.695,58.140,712.215,100.215,0.000,0.000,0.000,82.620,420.000,0.000,30.710,14.960,2.190,14.960,43.420,53.160,0.000,15.000,0.000,8.990,0.000,30.000,0.000
$SENSORS,SBE_CT,AA4330,WL_blue_red_Chl_old_fw,nil,nil,nil,nil,nil,nil,nil
$SENSOR_SECS,171.170,339.853,343.215,0.000,0.000,0.000,0.000,0.000,0.000,0.000
$SENSOR_MAMPS,23.970,0.750,0.750,0.000,0.000,0.000,0.000,0.000,0.000,0.000
$MEM,335084
$DATA_FILE_SIZE,17654,257
$CAP_FILE_SIZE,49006,0
$CFSIZE,2097872896,2072772608
$ERRORS,0,0,0,0,0,0,0,0,0,0,0,0,0,0,1,0
$CURRENT,0.020,238.96,1
$GPS,060625,083108,4750.612,-12222.299,39,0.8,51,16.3,0.4,213.9,10,5.0
