version: 66.14
glider: 194
mission: 16
dive: 92
start: 6 3 125 4 50 20
data:
$ID,194
$MISSION,16
$DIVE,92
$N_DIVES,0
$STOP_T,0
$D_SURF,3
$D_FLARE,2
$D_TGT,140
$D_ABORT,1090
$D_NO_BLEED,50
$D_BOOST,3
$T_BOOST,0
$D_FINISH,0
$D_PITCH,0
$D_SAFE,0
$D_CALL,0
$SURFACE_URGENCY,0
$SURFACE_URGENCY_TRY,0
$SURFACE_URGENCY_FORCE,0
$T_DIVE,50
$T_MISSION,65
$T_ABORT,1440
$T_TURN,300
$T_TURN_SAMPINT,5
$T_NO_W,120
$T_LOITER,0
$T_SLOITER,60
$T_EPIRB,0
$USE_BATHY,0
$USE_ICE,0
$ICE_FREEZE_MARGIN,0.30000001
$D_OFFGRID,100
$T_WATCHDOG,10
$RELAUNCH,1
$APOGEE_PITCH,-8
$MAX_BUOY,150
$COURSE_BIAS,0
$GLIDE_SLOPE,30
$SPEED_FACTOR,1
$RHO,1.023
$MASS,53609
$MASS_COMP,0
$NAV_MODE,2
$FERRY_MAX,45
$KALMAN_USE,2
$HD_A,0.003
$HD_B,0.0099999998
$HD_C,9.9999997e-06
$HEADING,-1
$ESCAPE_HEADING,0
$ESCAPE_HEADING_DELTA,10
$FIX_MISSING_TIMEOUT,0
$TGT_DEFAULT_LAT,4736
$TGT_DEFAULT_LON,-12225
$TGT_AUTO_DEFAULT,0
$SM_CC,535
$N_FILEKB,4
$FILEMGR,0
$CALL_NDIVES,1
$COMM_SEQ,0
$PROTOCOL,9
$N_NOCOMM,1
$NOCOMM_ACTION,0
$N_NOSURFACE,0
$UPLOAD_DIVES_MAX,-1
$CALL_TRIES,5
$CALL_WAIT,60
$CAPUPLOAD,1
$CAPMAXSIZE,200000
$HEAPDBG,0
$T_GPS,15
$N_GPS,50840
$T_RSLEEP,0
$STROBE,0
$RAFOS_PEAK_OFFSET,1.5
$RAFOS_CORR_THRESH,60
$RAFOS_HIT_WINDOW,3600
$RAFOS_MMODEM,0
$PITCH_MIN,199
$PITCH_MAX,3894
$C_PITCH,3411
$PITCH_DBAND,0.1
$PITCH_CNV,0.003125763
$P_OVSHOOT,0.039999999
$P_OVSHOOT_WITHG,0.1
$PITCH_GAIN,23
$PITCH_TIMEOUT,17
$PITCH_AD_RATE,160
$PITCH_MAXERRORS,1
$PITCH_ADJ_GAIN,0.02
$PITCH_ADJ_DBAND,2.5
$ROLL_MIN,291
$ROLL_MAX,3873
$ROLL_DEG,40
$C_ROLL_DIVE,3034
$C_ROLL_CLIMB,2750
$HEAD_ERRBAND,10
$ROLL_CNV,0.028270001
$ROLL_TIMEOUT,15
$R_PORT_OVSHOOT,94
$R_STBD_OVSHOOT,31
$ROLL_AD_RATE,350
$ROLL_MAXERRORS,2
$ROLL_ADJ_GAIN,0
$ROLL_ADJ_DBAND,0
$VBD_MIN,375
$VBD_MAX,3900
$C_VBD,2329
$VBD_DBAND,2
$VBD_CNV,-0.24529999
$VBD_LP_IGNORE,0
$VBD_TIMEOUT,720
$PITCH_VBD_SHIFT,0.001
$VBD_PUMP_AD_RATE_SURFACE,5
$VBD_PUMP_AD_RATE_APOGEE,4
$VBD_BLEED_AD_RATE,8
$UNCOM_BLEED,60
$VBD_MAXERRORS,1
$W_ADJ_DBAND,2
$DBDW,0
$PITCH_W_GAIN,0
$PITCH_W_DBAND,1
$CF8_MAXERRORS,5
$AH0_24V,142
$AH0_10V,95
$MINV_24V,19
$MINV_10V,8
$MAXI_24V,0.80000001
$MAXI_10V,0.60000002
$FG_AHR_10V,0
$FG_AHR_24V,0
$PHONE_SUPPLY,-2
$PRESSURE_YINT,-38.315674
$PRESSURE_SLOPE,0.0001158091
$AD7714Ch0Gain,128
$TCM_PITCH_OFFSET,0
$TCM_ROLL_OFFSET,0
$COMPASS_USE,4
$ALTIM_BOTTOM_PING_RANGE,0
$ALTIM_TOP_PING_RANGE,20
$ALTIM_BOTTOM_TURN_MARGIN,25
$ALTIM_TOP_TURN_MARGIN,0
$ALTIM_TOP_MIN_OBSTACLE,1
$ALTIM_PING_DEPTH,80
$ALTIM_PING_DELTA,5
$ALTIM_FREQUENCY,13
$ALTIM_PULSE,3
$ALTIM_SENSITIVITY,3
$XPDR_VALID,3
$XPDR_INHIBIT,90
$INT_PRESSURE_SLOPE,0.0097660003
$INT_PRESSURE_YINT,1.223
$DEEPGLIDER,0
$MOTHERBOARD,4
$DEVICE1,2
$DEVICE2,101
$DEVICE3,35
$DEVICE4,-1
$DEVICE5,-1
$DEVICE6,-1
$LOGGERS,0
$LOGGERDEVICE1,-1
$LOGGERDEVICE2,-1
$LOGGERDEVICE3,-1
$LOGGERDEVICE4,-1
$COMPASS_DEVICE,33
$COMPASS2_DEVICE,-1
$PHONE_DEVICE,49
$GPS_DEVICE,32
$RAFOS_DEVICE,-1
$XPDR_DEVICE,24
$SIM_W,0
$SIM_PITCH,0
$SEABIRD_T_G,0.0044373036
$SEABIRD_T_H,0.00066103507
$SEABIRD_T_I,2.7719814e-05
$SEABIRD_T_J,3.4688812e-06
$SEABIRD_C_G,-10.004086
$SEABIRD_C_H,1.1698962
$SEABIRD_C_I,-0.0014983811
$SEABIRD_C_J,0.00019441421
$SEABIRD_C_Z,2927.3301
$GPS1,030625,044316,4750.5234,-12224.1152,38,0.9,51,16.3,0.3,206.6,8,4.9
$_CALLS,1
$_XMS_NAKs,0
$_XMS_TOUTs,0
$_SM_DEPTHo,-17.73
$_SM_ANGLEo,-79.0
$GPS2,030625,044943,4750.4595,-12224.1064,8,0.8,18,16.3,0.4,168.5,10,5.0
$SPEED_LIMITS,0.162,0.254
$TGT_NAME,EAST_194
$TGT_LATLONG,4750.700,-12222.000
$TGT_RADIUS,400.000
$KALMAN_CONTROL,0.000000,0.000000
$KALMAN_X,0.000000,0.000000,0.000000,0.000000,0.000000
$KALMAN_Y,0.000000,0.000000,0.000000,0.000000,0.000000
$MHEAD_RNG_PITCHd_Wd,54.9,2656,-16.4,-9.333,-20.17,2382
$D_GRID,140
$GCHEAD,st_secs,pitch_ctl,vbd_ctl,pitch_ad_start,roll_ad_start,vbd_pot1_ad_start,vbd_pot2_ad_start,depth,ob_vertv,data_pts,end_secs,pitch_secs,roll_secs,vbd_secs,vbd_i,gcphase,pitch_i,roll_i,pitch_ad,roll_ad,vbd_ad,vbd_pot1_ad,vbd_pot2_ad,pitch_retries,pitch_errors,roll_retries,roll_errors,vbd_retries,vbd_errors,pitch_volts,roll_volts,vbd_volts,int_press,humidity
$STATE,4,end surface,CONTROL_FINISHED_OK
$STATE,5,begin dive
$GC,71,-0.86,-146.6,214,3038,347,401,-17.3,0.2,12,157,0.00,0.00,-83.30,0.000,16390,0.000,0.000,216,3039,2929,2948,2910,0,0,0,0,0,0,26.39,25.18,26.41,8.36,42.32
$GC,160,-0.86,-146.6,215,3039,2949,2910,-13.2,-10.1,27,179,12.80,0.00,0.00,0.000,2566,0.279,0.000,3124,3039,2931,2956,2906,0,0,0,0,0,0,25.82,26.07,25.98,8.59,41.61
$GC,241,-0.50,-146.6,3123,3039,2963,2900,11.1,-23.9,42,250,0.43,2.03,0.00,0.000,2564,0.203,0.024,3242,1679,2932,2964,2900,0,0,0,0,0,0,25.96,26.15,26.08,8.60,41.92
$GC,348,-0.50,-146.6,3242,1679,2967,2898,26.5,-12.7,57,353,0.00,2.15,0.00,0.000,1030,0.000,0.054,3242,3032,2933,2968,2898,0,0,0,0,0,0,26.28,26.18,26.31,8.60,41.49
$GC,481,-0.50,-146.6,3242,3031,2969,2898,42.0,-11.2,70,484,0.00,1.35,0.00,0.000,260,0.000,0.066,3242,3864,2933,2969,2898,0,0,0,0,0,0,26.57,26.24,26.58,8.60,42.20
$GC,582,-0.50,-146.6,3242,3864,2969,2898,54.7,-12.6,80,586,0.00,1.15,0.00,0.000,1030,0.000,0.029,3242,3076,2933,2969,2898,0,0,0,0,0,0,26.40,26.38,26.41,8.60,41.73
$GC,714,-0.50,-146.6,3242,3076,2970,2898,69.4,-11.1,93,719,0.00,1.30,0.00,0.000,260,0.000,0.065,3242,3873,2934,2970,2898,0,0,0,0,0,0,26.65,26.32,26.65,8.60,42.47
$GC,758,-0.50,-146.6,3242,3873,2970,2897,74.0,-10.7,97,763,0.00,1.23,0.00,0.000,1030,0.000,0.029,3242,3041,2934,2970,2898,0,0,0,0,0,0,26.45,26.42,26.49,8.60,41.96
$GC,891,-0.50,-146.6,3242,3041,2970,2898,87.9,-9.5,110,900,0.00,2.10,0.00,0.000,516,0.000,0.031,3242,1634,2934,2970,2898,0,0,0,0,0,0,26.68,26.41,26.69,8.61,42.00
$GC,925,-0.50,-146.6,3241,1633,2970,2898,91.3,-10.2,113,930,0.00,2.22,0.00,0.000,1030,0.000,0.060,3242,3040,2933,2970,2897,0,0,0,0,0,0,26.46,26.35,26.48,8.60,42.08
$GC,1058,-0.50,-146.6,3242,3040,2970,2897,103.4,-8.1,126,1061,0.00,1.35,0.00,0.000,260,0.000,0.068,3242,3873,2933,2970,2897,0,0,0,0,0,0,26.70,26.38,26.72,8.60,42.20
$GC,1144,-0.50,-146.6,3242,3873,2970,2897,110.9,-10.3,134,1151,0.00,1.23,0.00,0.000,1030,0.000,0.029,3242,3039,2934,2970,2898,0,0,0,0,0,0,26.52,26.48,26.53,8.60,42.75
$GC,1332,-0.50,-146.6,3242,3039,2971,2897,127.6,-8.2,153,1335,0.00,1.35,0.00,0.000,260,0.000,0.064,3242,3869,2934,2971,2897,0,0,0,0,0,0,26.74,26.43,26.76,8.60,42.75
$STATE,1401,end dive,BOTTOM_OBSTACLE_DETECTED
$STATE,1401,begin apogee
$GC,1409,-0.35,0.0,3242,2742,2971,2898,133.9,-9.0,160,1534,0.12,0.00,115.65,0.745,10246,0.161,0.000,3290,2742,2330,2370,2291,0,0,0,0,0,0,26.36,25.01,24.63,8.60,42.20
$STATE,1535,end apogee,CONTROL_FINISHED_OK
$STATE,1535,begin climb
$GC,1538,0.86,146.6,3290,2742,2370,2291,141.7,0.0,173,1665,1.15,0.00,121.30,0.724,10758,0.126,0.000,3660,2742,1729,1770,1688,0,0,0,0,0,0,25.28,25.03,24.50,8.55,41.61
$GC,1844,0.68,146.6,3659,2742,1768,1687,110.1,13.4,204,1845,0.00,0.00,0.00,0.000,6,0.000,0.000,3660,2742,1728,1768,1688,0,0,0,0,0,0,26.17,26.18,26.18,8.49,41.45
$GC,2024,0.51,146.6,3659,2742,1768,1687,85.6,13.2,222,2033,0.28,1.75,0.00,0.000,4356,0.155,0.050,3576,3869,1727,1768,1686,0,0,0,0,0,0,25.96,26.08,26.06,8.49,42.40
$GC,2181,0.51,146.6,3575,3869,1768,1686,70.1,10.1,237,2188,0.00,1.62,0.00,0.000,1030,0.000,0.021,3576,2691,1726,1768,1685,0,0,0,0,0,0,26.32,26.28,26.33,8.49,41.69
$GC,2309,0.51,146.6,3576,2690,1768,1685,59.0,8.9,250,2310,0.00,0.00,0.00,0.000,6,0.000,0.000,3576,2690,1726,1768,1685,0,0,0,0,0,0,26.55,26.55,26.55,8.49,42.91
$GC,2428,0.51,146.6,3575,2690,1767,1685,48.2,8.6,262,2430,0.00,0.00,0.00,0.000,6,0.000,0.000,3576,2690,1726,1768,1685,0,0,0,0,0,0,26.60,26.60,26.60,8.48,42.59
$GC,2549,0.51,146.6,3576,2690,1768,1685,39.0,7.5,274,2552,0.00,2.00,0.00,0.000,516,0.000,0.031,3576,1336,1726,1768,1685,0,0,0,0,0,0,26.63,26.36,26.64,8.48,42.40
$GC,2581,0.56,199.0,3575,1336,1767,1685,36.8,7.1,277,2631,0.00,2.20,41.90,0.671,9222,0.000,0.043,3576,2759,1514,1562,1466,0,0,0,0,0,0,26.41,26.34,25.14,8.48,42.71
$GC,2753,0.62,199.0,3576,2759,1562,1466,23.4,7.6,294,2757,0.00,1.75,0.00,0.000,2308,0.000,0.055,3576,3867,1514,1562,1466,0,0,0,0,0,0,26.32,25.99,26.32,8.46,42.32
$GC,2817,0.62,199.0,3575,3866,1562,1465,17.7,9.1,302,2823,0.00,1.62,0.00,0.000,3078,0.000,0.022,3576,2705,1514,1562,1466,0,0,0,0,0,0,26.21,26.17,26.22,8.46,42.24
$GC,2887,0.78,278.4,3576,2704,1562,1465,13.1,5.9,315,2955,0.15,2.08,60.58,0.653,10756,0.069,0.032,3662,1392,1191,1239,1143,0,0,0,0,0,0,26.20,25.41,24.87,8.46,42.43
$STATE,2976,end climb,SURFACE_DEPTH_REACHED
$STATE,2976,begin surface coast
$FINISH,0.3,1.022560
$STATE,3000,end surface coast,CONTROL_FINISHED_OK
$STATE,3000,begin surface
$SM_CCo,3023,108.05,0.083,0,0,373,479.32
$SM_CCo,3135,-0.17,0.000,0,0,376,479.32
$SM_CCo,3139,0.35,0.098,0,0,373,479.32
$SM_GC,-18.01,9.80,2.72,0.35,0.076,0.051,0.098,212,3028,373,-9.94,-0.90,479.32,0,0,0,0,0,0,25.75,25.71,25.81
$IRIDIUM_FIX,4750.68,-12241.80,030625,035106
$TT8_MAMPS,0.026215,0.243425
$HUMID,40.82
$INTERNAL_PRESSURE,8.31312
$TCM_TEMP,11.90
$XPDR_PINGS,0
$ALTIM_TOP_PING,19.7,41.2
$ALTIM_BOTTOM_PING,105.0,53.5
$24V_AH,24.50,7.119
$10V_AH,10.55,2.705
$FG_AHR_24Vo,0.000
$FG_AHR_10Vo,0.000
$DEVICES,Pitch_motor,Roll_motor,VBD_pump_during_apogee,VBD_pump_during_surface,VBD_valve,Iridium_during_init,Iridium_during_connect,Iridium_during_xfer,Transponder_ping,GUMSTIX_24V,GPS,TT8,LPSleep,TT8_Active,TT8_Sampling,TT8_CF8,TT8_Kalman,Analog_circuits,GPS_charging,Compass,RAFOS,Transponder,Compass2
$DEVICE_SECS,24.725,34.900,339.425,108.400,0.000,0.000,0.000,282.050,2.750,0.000,19.692,850.602,1141.632,521.624,894.115,147.108,0.000,1187.652,0.000,608.215,0.000,23.974,0.000
$DEVICE_MAMPS,279.225,68.085,745.110,97.920,0.000,0.000,0.000,86.445,420.000,0.000,30.710,14.960,2.190,14.960,43.420,53.160,0.000,15.000,0.000,8.990,0.000,30.000,0.000
$SENSORS,SBE_CT,AA4330,WL_blue_red_Chl_old_fw,nil,nil,nil,nil,nil,nil,nil
$SENSOR_SECS,223.873,442.228,446.579,0.000,0.000,0.000,0.000,0.000,0.000,0.000
$SENSOR_MAMPS,23.970,0.750,0.750,0.000,0.000,0.000,0.000,0.000,0.000,0.000
$MEM,335036
$DATA_FILE_SIZE,24476,334
$CAP_FILE_SIZE,56485,0
$CFSIZE,2097872896,2080931840
$ERRORS,0,0,0,0,0,0,0,0,0,0,0,0,0,0,2,0
$CURRENT,0.108,76.36,1
$GPS,030625,054414,4750.613,-12223.331,38,1.0,49,16.3,0.0,0.0,8,5.0
