version: 66.14
glider: 194
mission: 16
dive: 127
start: 6 4 125 15 25 39
data:
$ID,194
$MISSION,16
$DIVE,127
$N_DIVES,0
$STOP_T,0
$D_SURF,3
$D_FLARE,2
$D_TGT,200
$D_ABORT,1090
$D_NO_BLEED,50
$D_BOOST,3
$T_BOOST,0
$D_FINISH,0
$D_PITCH,0
$D_SAFE,0
$D_CALL,0
$SURFACE_URGENCY,0
$SURFACE_URGENCY_TRY,0
$SURFACE_URGENCY_FORCE,0
$T_DIVE,65
$T_MISSION,80
$T_ABORT,1440
$T_TURN,300
$T_TURN_SAMPINT,5
$T_NO_W,120
$T_LOITER,0
$T_SLOITER,60
$T_EPIRB,0
$USE_BATHY,0
$USE_ICE,0
$ICE_FREEZE_MARGIN,0.30000001
$D_OFFGRID,100
$T_WATCHDOG,10
$RELAUNCH,1
$APOGEE_PITCH,-8
$MAX_BUOY,150
$COURSE_BIAS,0
$GLIDE_SLOPE,30
$SPEED_FACTOR,1
$RHO,1.023
$MASS,53609
$MASS_COMP,0
$NAV_MODE,2
$FERRY_MAX,45
$KALMAN_USE,2
$HD_A,0.003
$HD_B,0.0099999998
$HD_C,9.9999997e-06
$HEADING,-1
$ESCAPE_HEADING,0
$ESCAPE_HEADING_DELTA,10
$FIX_MISSING_TIMEOUT,0
$TGT_DEFAULT_LAT,4736
$TGT_DEFAULT_LON,-12225
$TGT_AUTO_DEFAULT,0
$SM_CC,535
$N_FILEKB,4
$FILEMGR,0
$CALL_NDIVES,1
$COMM_SEQ,0
$PROTOCOL,9
$N_NOCOMM,1
$NOCOMM_ACTION,0
$N_NOSURFACE,0
$UPLOAD_DIVES_MAX,-1
$CALL_TRIES,5
$CALL_WAIT,60
$CAPUPLOAD,1
$CAPMAXSIZE,200000
$HEAPDBG,0
$T_GPS,15
$N_GPS,50840
$T_RSLEEP,0
$STROBE,0
$RAFOS_PEAK_OFFSET,1.5
$RAFOS_CORR_THRESH,60
$RAFOS_HIT_WINDOW,3600
$RAFOS_MMODEM,0
$PITCH_MIN,199
$PITCH_MAX,3894
$C_PITCH,3411
$PITCH_DBAND,0.1
$PITCH_CNV,0.003125763
$P_OVSHOOT,0.039999999
$P_OVSHOOT_WITHG,0.1
$PITCH_GAIN,23
$PITCH_TIMEOUT,17
$PITCH_AD_RATE,160
$PITCH_MAXERRORS,1
$PITCH_ADJ_GAIN,0.02
$PITCH_ADJ_DBAND,2.5
$ROLL_MIN,291
$ROLL_MAX,3873
$ROLL_DEG,40
$C_ROLL_DIVE,3250
$C_ROLL_CLIMB,2850
$HEAD_ERRBAND,10
$ROLL_CNV,0.028270001
$ROLL_TIMEOUT,15
$R_PORT_OVSHOOT,85
$R_STBD_OVSHOOT,27
$ROLL_AD_RATE,350
$ROLL_MAXERRORS,2
$ROLL_ADJ_GAIN,0
$ROLL_ADJ_DBAND,0
$VBD_MIN,375
$VBD_MAX,3900
$C_VBD,2277
$VBD_DBAND,2
$VBD_CNV,-0.24529999
$VBD_LP_IGNORE,0
$VBD_TIMEOUT,720
$PITCH_VBD_SHIFT,0.001
$VBD_PUMP_AD_RATE_SURFACE,5
$VBD_PUMP_AD_RATE_APOGEE,4
$VBD_BLEED_AD_RATE,8
$UNCOM_BLEED,60
$VBD_MAXERRORS,1
$W_ADJ_DBAND,2
$DBDW,0
$PITCH_W_GAIN,0
$PITCH_W_DBAND,1
$CF8_MAXERRORS,5
$AH0_24V,142
$AH0_10V,95
$MINV_24V,19
$MINV_10V,8
$MAXI_24V,0.80000001
$MAXI_10V,0.60000002
$FG_AHR_10V,0
$FG_AHR_24V,0
$PHONE_SUPPLY,-2
$PRESSURE_YINT,-38.315674
$PRESSURE_SLOPE,0.0001158091
$AD7714Ch0Gain,128
$TCM_PITCH_OFFSET,0
$TCM_ROLL_OFFSET,0
$COMPASS_USE,4
$ALTIM_BOTTOM_PING_RANGE,0
$ALTIM_TOP_PING_RANGE,20
$ALTIM_BOTTOM_TURN_MARGIN,25
$ALTIM_TOP_TURN_MARGIN,0
$ALTIM_TOP_MIN_OBSTACLE,1
$ALTIM_PING_DEPTH,80
$ALTIM_PING_DELTA,5
$ALTIM_FREQUENCY,13
$ALTIM_PULSE,3
$ALTIM_SENSITIVITY,3
$XPDR_VALID,3
$XPDR_INHIBIT,90
$INT_PRESSURE_SLOPE,0.0097660003
$INT_PRESSURE_YINT,1.223
$DEEPGLIDER,0
$MOTHERBOARD,4
$DEVICE1,2
$DEVICE2,101
$DEVICE3,35
$DEVICE4,-1
$DEVICE5,-1
$DEVICE6,-1
$LOGGERS,0
$LOGGERDEVICE1,-1
$LOGGERDEVICE2,-1
$LOGGERDEVICE3,-1
$LOGGERDEVICE4,-1
$COMPASS_DEVICE,33
$COMPASS2_DEVICE,-1
$PHONE_DEVICE,49
$GPS_DEVICE,32
$RAFOS_DEVICE,-1
$XPDR_DEVICE,24
$SIM_W,0
$SIM_PITCH,0
$SEABIRD_T_G,0.0044373036
$SEABIRD_T_H,0.00066103507
$SEABIRD_T_I,2.7719814e-05
$SEABIRD_T_J,3.4688812e-06
$SEABIRD_C_G,-10.004086
$SEABIRD_C_H,1.1698962
$SEABIRD_C_I,-0.0014983811
$SEABIRD_C_J,0.00019441421
$SEABIRD_C_Z,2927.3301
$GPS1,040625,151707,4751.2959,-12228.2373,44,0.9,60,16.3,0.5,279.8,8,5.0
$_CALLS,1
$_XMS_NAKs,0
$_XMS_TOUTs,0
$_SM_DEPTHo,-15.25
$_SM_ANGLEo,-71.5
$GPS2,040625,152501,4751.3164,-12228.4160,7,0.9,41,16.3,0.5,285.1,8,3.9
$SPEED_LIMITS,0.178,0.262
$TGT_NAME,EAST_194
$TGT_LATLONG,4750.700,-12222.000
$TGT_RADIUS,400.000
$KALMAN_CONTROL,0.000000,0.000000
$KALMAN_X,0.000000,0.000000,0.000000,0.000000,0.000000
$KALMAN_Y,0.000000,0.000000,0.000000,0.000000,0.000000
$MHEAD_RNG_PITCHd_Wd,93.8,8056,-17.9,-10.256,-21.36,2171
$D_GRID,200
$GCHEAD,st_secs,pitch_ctl,vbd_ctl,pitch_ad_start,roll_ad_start,vbd_pot1_ad_start,vbd_pot2_ad_start,depth,ob_vertv,data_pts,end_secs,pitch_secs,roll_secs,vbd_secs,vbd_i,gcphase,pitch_i,roll_i,pitch_ad,roll_ad,vbd_ad,vbd_pot1_ad,vbd_pot2_ad,pitch_retries,pitch_errors,roll_retries,roll_errors,vbd_retries,vbd_errors,pitch_volts,roll_volts,vbd_volts,int_press,humidity
$STATE,4,end surface,CONTROL_FINISHED_OK
$STATE,4,begin dive
$GC,72,-0.92,-146.6,209,3254,352,391,-14.7,-0.2,12,156,0.00,0.00,-79.55,0.000,16390,0.000,0.000,209,3254,2877,2894,2861,0,0,0,0,0,0,26.40,25.12,26.41,8.36,41.65
$GC,160,-0.92,-146.6,209,3254,2895,2861,-7.5,-18.5,26,179,12.98,2.05,0.00,0.000,2564,0.285,0.019,3103,1827,2879,2901,2858,0,0,0,0,0,0,25.78,26.06,25.96,8.59,41.57
$GC,212,-0.50,-146.6,3102,1827,2908,2852,12.1,-27.7,35,220,0.52,2.25,0.00,0.000,3078,0.208,0.050,3244,3253,2880,2909,2851,0,0,0,0,0,0,25.89,26.09,26.10,8.59,41.06
$GC,284,-0.43,-146.6,3244,3253,2910,2850,22.6,-12.1,46,288,0.00,1.00,0.00,0.000,260,0.000,0.065,3244,3874,2880,2910,2851,0,0,0,0,0,0,26.46,26.13,26.48,8.60,41.41
$GC,359,-0.37,-146.6,3244,3875,2910,2851,31.4,-11.9,53,367,0.12,0.85,0.00,0.000,3078,0.164,0.031,3284,3291,2880,2910,2851,0,0,0,0,0,0,26.06,26.27,26.17,8.60,41.33
$GC,487,-0.44,-146.6,3283,3291,2911,2850,43.2,-8.8,66,496,0.00,2.15,0.00,0.000,516,0.000,0.029,3284,1847,2880,2911,2850,0,0,0,0,0,0,26.56,26.29,26.57,8.60,41.84
$GC,542,-0.55,-146.6,3283,1847,2912,2850,47.3,-7.7,71,550,0.08,2.25,0.00,0.000,5126,0.111,0.061,3229,3249,2880,2912,2849,0,0,0,0,0,0,26.27,26.23,26.34,8.60,41.73
$GC,669,-0.55,-146.6,3228,3249,2912,2849,60.9,-11.0,84,673,0.00,1.00,0.00,0.000,260,0.000,0.066,3228,3875,2881,2913,2849,0,0,0,0,0,0,26.62,26.29,26.63,8.59,42.43
$GC,721,-0.55,-146.6,3228,3875,2913,2849,66.7,-11.1,89,724,0.00,0.90,0.00,0.000,1030,0.000,0.030,3229,3249,2881,2913,2849,0,0,0,0,0,0,26.42,26.39,26.44,8.60,41.96
$GC,857,-0.55,-146.6,3228,3249,2913,2849,80.6,-10.4,102,866,0.00,2.08,0.00,0.000,516,0.000,0.026,3228,1836,2880,2912,2849,0,0,0,0,0,0,26.65,26.41,26.66,8.60,42.40
$GC,921,-0.55,-146.6,3227,1836,2913,2849,87.1,-9.7,108,928,0.00,2.25,0.00,0.000,1030,0.000,0.057,3228,3254,2881,2913,2849,0,0,0,0,0,0,26.45,26.33,26.47,8.60,42.00
$GC,1049,-0.55,-146.6,3227,3254,2913,2849,99.7,-9.6,121,1052,0.00,0.98,0.00,0.000,260,0.000,0.065,3228,3869,2881,2913,2849,0,0,0,0,0,0,26.70,26.39,26.71,8.59,42.36
$GC,1141,-0.55,-146.6,3227,3869,2913,2849,108.3,-9.1,130,1145,0.00,0.90,0.00,0.000,1030,0.000,0.029,3228,3240,2881,2913,2849,0,0,0,0,0,0,26.51,26.48,26.53,8.60,42.04
$GC,1273,-0.55,-146.6,3227,3240,2913,2849,118.2,-7.4,143,1277,0.00,2.05,0.00,0.000,516,0.000,0.026,3227,1843,2881,2913,2849,0,0,0,0,0,0,26.74,26.48,26.74,8.59,43.10
$GC,1298,-0.55,-146.6,3227,1843,2913,2849,119.9,-7.6,145,1306,0.00,2.25,0.00,0.000,1030,0.000,0.059,3227,3260,2881,2913,2849,0,0,0,0,0,0,26.51,26.39,26.53,8.59,42.51
$GC,1426,-0.55,-146.6,3226,3260,2913,2849,131.9,-10.8,158,1427,0.00,0.00,0.00,0.000,6,0.000,0.000,3227,3260,2881,2913,2849,0,0,0,0,0,0,26.74,26.76,26.76,8.59,42.51
$GC,1546,-0.55,-146.6,3227,3260,2913,2849,142.7,-8.1,170,1550,0.00,0.98,0.00,0.000,260,0.000,0.064,3227,3878,2881,2913,2849,0,0,0,0,0,0,26.76,26.45,26.77,8.59,42.79
$GC,1649,-0.55,-146.6,3227,3878,2913,2850,151.7,-9.3,180,1653,0.00,0.90,0.00,0.000,1030,0.000,0.028,3227,3242,2881,2913,2849,0,0,0,0,0,0,26.58,26.55,26.58,8.59,42.43
$STATE,1719,end dive,BOTTOM_OBSTACLE_DETECTED
$STATE,1719,begin apogee
$GC,1726,-0.35,0.0,3227,2828,2913,2849,158.6,-8.9,187,1851,0.17,0.00,117.70,0.754,10246,0.155,0.000,3290,2829,2276,2315,2237,0,0,0,0,0,0,26.36,24.98,24.58,8.59,42.67
$STATE,1852,end apogee,CONTROL_FINISHED_OK
$STATE,1852,begin climb
$GC,1854,0.92,146.6,3289,2828,2315,2237,162.4,0.0,200,1981,1.23,0.00,121.38,0.734,10758,0.132,0.000,3677,2828,1676,1715,1638,0,0,0,0,0,0,25.23,25.01,24.48,8.54,41.96
$GC,2102,0.72,146.6,3676,2828,1712,1637,126.4,19.4,225,2106,0.10,1.70,0.00,0.000,4356,0.193,0.051,3649,3880,1674,1711,1637,0,0,0,0,0,0,25.63,25.74,25.72,8.49,40.86
$GC,2200,0.55,146.6,3648,3880,1709,1637,109.0,18.2,234,2207,0.20,1.50,0.00,0.000,5126,0.151,0.022,3589,2824,1673,1709,1637,0,0,0,0,0,0,25.81,26.01,25.95,8.49,42.00
$GC,2325,0.55,146.6,3589,2821,1709,1635,93.4,10.8,247,2329,0.00,2.03,0.00,0.000,516,0.000,0.028,3589,1460,1672,1709,1635,0,0,0,0,0,0,26.36,26.09,26.36,8.48,42.32
$GC,2378,0.60,146.6,3588,1459,1709,1635,88.4,9.2,252,2383,0.00,2.20,0.00,0.000,1030,0.000,0.045,3588,2858,1672,1709,1635,0,0,0,0,0,0,26.19,26.10,26.20,8.48,42.63
$GC,2511,0.60,146.6,3588,2858,1709,1635,75.3,9.7,265,2512,0.00,0.00,0.00,0.000,6,0.000,0.000,3589,2858,1671,1709,1634,0,0,0,0,0,0,26.48,26.49,26.49,8.48,42.67
$GC,2631,0.60,146.6,3588,2858,1709,1634,63.5,10.0,277,2639,0.00,2.10,0.00,0.000,516,0.000,0.028,3589,1457,1671,1709,1634,0,0,0,0,0,0,26.53,26.27,26.55,8.48,42.83
$GC,2695,0.67,146.6,3588,1457,1709,1634,58.1,8.4,283,2703,0.05,2.17,0.00,0.000,3078,0.145,0.044,3636,2859,1671,1709,1633,0,0,0,0,0,0,26.24,26.27,26.33,8.47,42.43
$GC,2823,0.60,146.6,3636,2859,1709,1634,42.7,11.8,296,2828,0.10,1.58,0.00,0.000,4356,0.164,0.053,3605,3881,1671,1709,1634,0,0,0,0,0,0,26.22,26.29,26.29,8.47,42.83
$GC,2840,0.52,146.6,3604,3880,1709,1634,41.0,12.0,297,2846,0.00,1.48,0.00,0.000,1030,0.000,0.024,3604,2858,1671,1709,1634,0,0,0,0,0,0,26.45,26.40,26.46,8.47,42.95
$GC,2966,0.52,146.6,3603,2857,1709,1633,28.0,10.0,310,2971,0.00,2.08,0.00,0.000,516,0.000,0.029,3605,1459,1671,1709,1634,0,0,0,0,0,0,26.64,26.38,26.65,8.47,42.59
$GC,3029,0.52,146.6,3604,1458,1709,1634,22.5,8.4,316,3034,0.00,2.17,0.00,0.000,1030,0.000,0.046,3604,2854,1671,1708,1635,0,0,0,0,0,0,26.44,26.36,26.46,8.47,42.51
$GC,3161,0.52,146.6,3604,2854,1709,1634,10.8,8.7,338,3167,0.00,1.58,0.00,0.000,260,0.000,0.057,3604,3872,1671,1709,1634,0,0,0,0,0,0,26.68,26.36,26.69,8.47,42.51
$STATE,3237,end climb,SURFACE_DEPTH_REACHED
$STATE,3237,begin surface coast
$FINISH,0.1,1.022551
$STATE,3266,end surface coast,CONTROL_FINISHED_OK
$STATE,3266,begin surface
$SM_CCo,3287,166.35,0.079,0,0,374,466.56
$SM_CCo,3459,-0.22,0.000,0,0,377,466.32
$SM_CCo,3464,0.50,0.084,0,0,374,466.56
$SM_GC,-15.32,9.32,0.90,0.50,0.073,0.026,0.084,205,3236,374,-9.96,1.92,466.56,0,0,0,0,0,0,26.38,26.49,26.14
$IRIDIUM_FIX,4752.78,-12229.26,040625,141008
$TT8_MAMPS,0.026215,0.305592
$HUMID,40.51
$INTERNAL_PRESSURE,8.32288
$TCM_TEMP,11.70
$XPDR_PINGS,0
$ALTIM_TOP_PING,19.4,38.6
$ALTIM_BOTTOM_PING,80.6,102.4
$24V_AH,24.48,9.643
$10V_AH,10.44,3.753
$FG_AHR_24Vo,0.000
$FG_AHR_10Vo,0.000
$DEVICES,Pitch_motor,Roll_motor,VBD_pump_during_apogee,VBD_pump_during_surface,VBD_valve,Iridium_during_init,Iridium_during_connect,Iridium_during_xfer,Transponder_ping,GUMSTIX_24V,GPS,TT8,LPSleep,TT8_Active,TT8_Sampling,TT8_CF8,TT8_Kalman,Analog_circuits,GPS_charging,Compass,RAFOS,Transponder,Compass2
$DEVICE_SECS,24.875,46.875,239.075,166.850,0.000,0.000,0.000,336.500,0.750,0.000,43.029,974.188,1281.642,508.303,1025.735,173.261,0.000,1263.498,0.000,673.625,0.000,7.374,0.000
$DEVICE_MAMPS,285.345,65.790,754.290,84.150,0.000,0.000,0.000,89.505,420.000,0.000,30.710,14.960,2.190,14.960,43.420,53.160,0.000,15.000,0.000,8.990,0.000,30.000,0.000
$SENSORS,SBE_CT,AA4330,WL_blue_red_Chl_old_fw,nil,nil,nil,nil,nil,nil,nil
$SENSOR_SECS,241.747,474.667,479.307,0.000,0.000,0.000,0.000,0.000,0.000,0.000
$SENSOR_MAMPS,23.970,0.750,0.750,0.000,0.000,0.000,0.000,0.000,0.000,0.000
$MEM,335072
$DATA_FILE_SIZE,24542,358
$CAP_FILE_SIZE,68416,0
$CFSIZE,2097872896,2077458432
$ERRORS,0,0,0,0,0,0,0,0,0,0,0,0,0,0,1,0
$CURRENT,0.082,173.01,1
$GPS,040625,162509,4751.038,-12227.866,43,1.1,61,16.3,0.3,294.7,8,5.0
