version: 66.14
glider: 194
mission: 16
dive: 193
start: 6 7 125 0 39 14
data:
$ID,194
$MISSION,16
$DIVE,193
$N_DIVES,0
$STOP_T,0
$D_SURF,3
$D_FLARE,2
$D_TGT,150
$D_ABORT,1090
$D_NO_BLEED,50
$D_BOOST,3
$T_BOOST,0
$D_FINISH,0
$D_PITCH,0
$D_SAFE,0
$D_CALL,0
$SURFACE_URGENCY,0
$SURFACE_URGENCY_TRY,0
$SURFACE_URGENCY_FORCE,0
$T_DIVE,50
$T_MISSION,65
$T_ABORT,1440
$T_TURN,300
$T_TURN_SAMPINT,5
$T_NO_W,120
$T_LOITER,0
$T_SLOITER,60
$T_EPIRB,0
$USE_BATHY,0
$USE_ICE,0
$ICE_FREEZE_MARGIN,0.30000001
$D_OFFGRID,100
$T_WATCHDOG,10
$RELAUNCH,1
$APOGEE_PITCH,-8
$MAX_BUOY,150
$COURSE_BIAS,0
$GLIDE_SLOPE,30
$SPEED_FACTOR,1
$RHO,1.023
$MASS,53609
$MASS_COMP,0
$NAV_MODE,2
$FERRY_MAX,45
$KALMAN_USE,2
$HD_A,0.003
$HD_B,0.0099999998
$HD_C,9.9999997e-06
$HEADING,-1
$ESCAPE_HEADING,0
$ESCAPE_HEADING_DELTA,10
$FIX_MISSING_TIMEOUT,0
$TGT_DEFAULT_LAT,4736
$TGT_DEFAULT_LON,-12225
$TGT_AUTO_DEFAULT,0
$SM_CC,535
$N_FILEKB,4
$FILEMGR,0
$CALL_NDIVES,1
$COMM_SEQ,0
$PROTOCOL,9
$N_NOCOMM,1
$NOCOMM_ACTION,0
$N_NOSURFACE,0
$UPLOAD_DIVES_MAX,-1
$CALL_TRIES,5
$CALL_WAIT,60
$CAPUPLOAD,1
$CAPMAXSIZE,200000
$HEAPDBG,0
$T_GPS,15
$N_GPS,50840
$T_RSLEEP,0
$STROBE,0
$RAFOS_PEAK_OFFSET,1.5
$RAFOS_CORR_THRESH,60
$RAFOS_HIT_WINDOW,3600
$RAFOS_MMODEM,0
$PITCH_MIN,199
$PITCH_MAX,3894
$C_PITCH,3411
$PITCH_DBAND,0.1
$PITCH_CNV,0.003125763
$P_OVSHOOT,0.039999999
$P_OVSHOOT_WITHG,0.1
$PITCH_GAIN,23
$PITCH_TIMEOUT,17
$PITCH_AD_RATE,160
$PITCH_MAXERRORS,1
$PITCH_ADJ_GAIN,0.02
$PITCH_ADJ_DBAND,2.5
$ROLL_MIN,291
$ROLL_MAX,3873
$ROLL_DEG,40
$C_ROLL_DIVE,3250
$C_ROLL_CLIMB,2850
$HEAD_ERRBAND,10
$ROLL_CNV,0.028270001
$ROLL_TIMEOUT,15
$R_PORT_OVSHOOT,74
$R_STBD_OVSHOOT,27
$ROLL_AD_RATE,350
$ROLL_MAXERRORS,2
$ROLL_ADJ_GAIN,0
$ROLL_ADJ_DBAND,0
$VBD_MIN,375
$VBD_MAX,3900
$C_VBD,2277
$VBD_DBAND,2
$VBD_CNV,-0.24529999
$VBD_LP_IGNORE,0
$VBD_TIMEOUT,720
$PITCH_VBD_SHIFT,0.001
$VBD_PUMP_AD_RATE_SURFACE,5
$VBD_PUMP_AD_RATE_APOGEE,4
$VBD_BLEED_AD_RATE,8
$UNCOM_BLEED,60
$VBD_MAXERRORS,1
$W_ADJ_DBAND,2
$DBDW,0
$PITCH_W_GAIN,0
$PITCH_W_DBAND,1
$CF8_MAXERRORS,5
$AH0_24V,142
$AH0_10V,95
$MINV_24V,19
$MINV_10V,8
$MAXI_24V,0.80000001
$MAXI_10V,0.60000002
$FG_AHR_10V,0
$FG_AHR_24V,0
$PHONE_SUPPLY,-2
$PRESSURE_YINT,-38.315674
$PRESSURE_SLOPE,0.0001158091
$AD7714Ch0Gain,128
$TCM_PITCH_OFFSET,0
$TCM_ROLL_OFFSET,0
$COMPASS_USE,4
$ALTIM_BOTTOM_PING_RANGE,0
$ALTIM_TOP_PING_RANGE,20
$ALTIM_BOTTOM_TURN_MARGIN,25
$ALTIM_TOP_TURN_MARGIN,0
$ALTIM_TOP_MIN_OBSTACLE,1
$ALTIM_PING_DEPTH,80
$ALTIM_PING_DELTA,5
$ALTIM_FREQUENCY,13
$ALTIM_PULSE,3
$ALTIM_SENSITIVITY,3
$XPDR_VALID,3
$XPDR_INHIBIT,90
$INT_PRESSURE_SLOPE,0.0097660003
$INT_PRESSURE_YINT,1.223
$DEEPGLIDER,0
$MOTHERBOARD,4
$DEVICE1,2
$DEVICE2,101
$DEVICE3,35
$DEVICE4,-1
$DEVICE5,-1
$DEVICE6,-1
$LOGGERS,0
$LOGGERDEVICE1,-1
$LOGGERDEVICE2,-1
$LOGGERDEVICE3,-1
$LOGGERDEVICE4,-1
$COMPASS_DEVICE,33
$COMPASS2_DEVICE,-1
$PHONE_DEVICE,49
$GPS_DEVICE,32
$RAFOS_DEVICE,-1
$XPDR_DEVICE,24
$SIM_W,0
$SIM_PITCH,0
$SEABIRD_T_G,0.0044373036
$SEABIRD_T_H,0.00066103507
$SEABIRD_T_I,2.7719814e-05
$SEABIRD_T_J,3.4688812e-06
$SEABIRD_C_G,-10.004086
$SEABIRD_C_H,1.1698962
$SEABIRD_C_I,-0.0014983811
$SEABIRD_C_J,0.00019441421
$SEABIRD_C_Z,2927.3301
$GPS1,070625,003244,4750.7310,-12221.9004,17,0.9,41,16.3,0.3,169.0,8,5.0
$_CALLS,1
$_XMS_NAKs,0
$_XMS_TOUTs,0
$_SM_DEPTHo,-15.91
$_SM_ANGLEo,-76.0
$GPS2,070625,003836,4750.6875,-12221.8965,7,0.9,33,16.3,0.0,149.9,8,5.0
$SPEED_LIMITS,0.173,0.260
$TGT_NAME,EAST_194
$TGT_LATLONG,4750.700,-12222.000
$TGT_RADIUS,400.000
$KALMAN_CONTROL,0.000000,0.000000
$KALMAN_X,0.000000,0.000000,0.000000,0.000000,0.000000
$KALMAN_Y,0.000000,0.000000,0.000000,0.000000,0.000000
$MHEAD_RNG_PITCHd_Wd,270.3,131,-27.2,-10.000,-30.00,962
$D_GRID,150
$GCHEAD,st_secs,pitch_ctl,vbd_ctl,pitch_ad_start,roll_ad_start,vbd_pot1_ad_start,vbd_pot2_ad_start,depth,ob_vertv,data_pts,end_secs,pitch_secs,roll_secs,vbd_secs,vbd_i,gcphase,pitch_i,roll_i,pitch_ad,roll_ad,vbd_ad,vbd_pot1_ad,vbd_pot2_ad,pitch_retries,pitch_errors,roll_retries,roll_errors,vbd_retries,vbd_errors,pitch_volts,roll_volts,vbd_volts,int_press,humidity
$STATE,4,end surface,CONTROL_FINISHED_OK
$STATE,4,begin dive
$GC,71,-1.25,-63.1,213,3235,362,389,-15.4,0.1,12,155,0.00,0.00,-77.78,0.000,16390,0.000,0.000,214,3236,2534,2546,2523,0,0,0,0,0,0,26.42,25.65,26.43,8.38,42.00
$GC,159,-1.32,-132.0,214,3236,2545,2524,-13.9,-2.7,26,186,12.35,0.98,-6.28,0.000,18692,0.282,0.083,2979,3876,2816,2848,2784,0,0,0,0,0,0,25.77,25.60,25.96,8.58,42.20
$GC,324,-0.97,-132.0,2978,3876,2849,2785,30.9,-29.3,53,332,0.40,0.85,0.00,0.000,3078,0.217,0.025,3090,3269,2817,2849,2785,0,0,0,0,0,0,25.94,26.30,26.10,8.61,41.92
$GC,452,-0.84,-132.0,3089,3269,2851,2785,55.4,-18.0,66,461,0.15,2.08,0.00,0.000,2564,0.207,0.021,3135,1833,2818,2852,2785,0,0,0,0,0,0,26.03,26.25,26.18,8.61,42.79
$GC,719,-0.91,-132.0,3134,1833,2852,2785,95.2,-13.8,92,728,0.00,2.20,0.00,0.000,1030,0.000,0.049,3134,3244,2818,2852,2784,0,0,0,0,0,0,26.36,26.32,26.41,8.61,42.43
$STATE,747,end dive,BOTTOM_OBSTACLE_DETECTED
$STATE,747,begin apogee
$GC,754,-0.35,0.0,3135,2835,2853,2785,99.2,-13.0,95,869,0.50,0.00,105.38,0.699,10246,0.174,0.000,3288,2835,2275,2317,2234,0,0,0,0,0,0,26.15,25.22,24.66,8.61,42.67
$STATE,870,end apogee,CONTROL_FINISHED_OK
$STATE,870,begin climb
$GC,873,1.32,132.0,3288,2835,2317,2234,106.4,0.0,107,989,1.62,1.75,108.50,0.685,11012,0.132,0.050,3806,3876,1736,1765,1707,0,0,0,0,0,0,25.29,25.11,24.56,8.57,41.06
$GC,1087,1.02,132.0,3805,3876,1760,1707,67.4,25.5,128,1095,0.25,1.50,0.00,0.000,5126,0.199,0.021,3746,2823,1733,1760,1707,0,0,0,0,0,0,25.53,25.82,25.73,8.51,41.65
$GC,1215,0.86,132.0,3746,2820,1760,1705,38.2,21.5,141,1225,0.17,2.03,0.00,0.000,4612,0.187,0.028,3694,1472,1732,1760,1705,0,0,0,0,0,0,25.79,25.97,25.91,8.51,41.80
$GC,1395,0.86,132.0,3693,1472,1759,1704,11.1,12.1,165,1402,0.00,2.17,0.00,0.000,1030,0.000,0.046,3694,2861,1731,1759,1704,0,0,0,0,0,0,26.21,26.12,26.22,8.50,42.00
$STATE,1458,end climb,SURFACE_DEPTH_REACHED
$STATE,1458,begin surface coast
$FINISH,-0.2,1.022528
$STATE,1479,end surface coast,CONTROL_FINISHED_OK
$STATE,1479,begin surface
$SM_CCo,1500,171.50,0.080,0,0,371,466.81
$SM_CCo,1677,-0.22,0.000,0,0,377,466.56
$SM_CCo,1682,0.38,0.091,0,0,374,466.56
$SM_GC,-15.83,10.02,0.65,0.38,0.093,0.056,0.091,209,3264,374,-9.95,-0.48,466.56,0,0,0,0,0,0,26.15,26.17,25.99
$IRIDIUM_FIX,4748.99,-12218.68,060625,235658
$TT8_MAMPS,0.026215,0.244174
$HUMID,40.98
$INTERNAL_PRESSURE,8.34241
$TCM_TEMP,12.20
$XPDR_PINGS,0
$ALTIM_TOP_PING,19.5,38.9
$ALTIM_BOTTOM_PING,80.4,43.7
$24V_AH,24.56,14.009
$10V_AH,10.47,5.533
$FG_AHR_24Vo,0.000
$FG_AHR_10Vo,0.000
$DEVICES,Pitch_motor,Roll_motor,VBD_pump_during_apogee,VBD_pump_during_surface,VBD_valve,Iridium_during_init,Iridium_during_connect,Iridium_during_xfer,Transponder_ping,GUMSTIX_24V,GPS,TT8,LPSleep,TT8_Active,TT8_Sampling,TT8_CF8,TT8_Kalman,Analog_circuits,GPS_charging,Compass,RAFOS,Transponder,Compass2
$DEVICE_SECS,25.475,14.775,213.875,171.875,0.000,0.000,0.000,234.175,0.750,0.000,34.395,476.650,397.419,467.614,613.236,111.355,0.000,944.317,0.000,368.816,0.000,8.983,0.000
$DEVICE_MAMPS,282.285,82.620,699.210,91.035,0.000,0.000,0.000,86.445,420.000,0.000,30.710,14.960,2.190,14.960,43.420,53.160,0.000,15.000,0.000,8.990,0.000,30.000,0.000
$SENSORS,SBE_CT,AA4330,WL_blue_red_Chl_old_fw,nil,nil,nil,nil,nil,nil,nil
$SENSOR_SECS,119.830,239.094,241.470,0.000,0.000,0.000,0.000,0.000,0.000,0.000
$SENSOR_MAMPS,23.970,0.750,0.750,0.000,0.000,0.000,0.000,0.000,0.000,0.000
$MEM,335220
$DATA_FILE_SIZE,14103,181
$CAP_FILE_SIZE,36194,0
$CFSIZE,2097872896,2071003136
$ERRORS,0,0,0,0,0,0,0,0,0,0,0,0,0,0,1,0
$CURRENT,0.074,223.32,1
$GPS,070625,010918,4750.652,-12222.073,36,1.5,76,16.3,0.3,261.8,5,4.0
