version: 66.14
glider: 194
mission: 16
dive: 102
start: 6 3 125 14 7 40
data:
$ID,194
$MISSION,16
$DIVE,102
$N_DIVES,0
$STOP_T,0
$D_SURF,3
$D_FLARE,2
$D_TGT,140
$D_ABORT,1090
$D_NO_BLEED,50
$D_BOOST,3
$T_BOOST,0
$D_FINISH,0
$D_PITCH,0
$D_SAFE,0
$D_CALL,0
$SURFACE_URGENCY,0
$SURFACE_URGENCY_TRY,0
$SURFACE_URGENCY_FORCE,0
$T_DIVE,50
$T_MISSION,65
$T_ABORT,1440
$T_TURN,300
$T_TURN_SAMPINT,5
$T_NO_W,120
$T_LOITER,0
$T_SLOITER,60
$T_EPIRB,0
$USE_BATHY,0
$USE_ICE,0
$ICE_FREEZE_MARGIN,0.30000001
$D_OFFGRID,100
$T_WATCHDOG,10
$RELAUNCH,1
$APOGEE_PITCH,-8
$MAX_BUOY,150
$COURSE_BIAS,0
$GLIDE_SLOPE,30
$SPEED_FACTOR,1
$RHO,1.023
$MASS,53609
$MASS_COMP,0
$NAV_MODE,2
$FERRY_MAX,45
$KALMAN_USE,2
$HD_A,0.003
$HD_B,0.0099999998
$HD_C,9.9999997e-06
$HEADING,-1
$ESCAPE_HEADING,0
$ESCAPE_HEADING_DELTA,10
$FIX_MISSING_TIMEOUT,0
$TGT_DEFAULT_LAT,4736
$TGT_DEFAULT_LON,-12225
$TGT_AUTO_DEFAULT,0
$SM_CC,535
$N_FILEKB,4
$FILEMGR,0
$CALL_NDIVES,1
$COMM_SEQ,0
$PROTOCOL,9
$N_NOCOMM,1
$NOCOMM_ACTION,0
$N_NOSURFACE,0
$UPLOAD_DIVES_MAX,-1
$CALL_TRIES,5
$CALL_WAIT,60
$CAPUPLOAD,1
$CAPMAXSIZE,200000
$HEAPDBG,0
$T_GPS,15
$N_GPS,50840
$T_RSLEEP,0
$STROBE,0
$RAFOS_PEAK_OFFSET,1.5
$RAFOS_CORR_THRESH,60
$RAFOS_HIT_WINDOW,3600
$RAFOS_MMODEM,0
$PITCH_MIN,199
$PITCH_MAX,3894
$C_PITCH,3411
$PITCH_DBAND,0.1
$PITCH_CNV,0.003125763
$P_OVSHOOT,0.039999999
$P_OVSHOOT_WITHG,0.1
$PITCH_GAIN,23
$PITCH_TIMEOUT,17
$PITCH_AD_RATE,160
$PITCH_MAXERRORS,1
$PITCH_ADJ_GAIN,0.02
$PITCH_ADJ_DBAND,2.5
$ROLL_MIN,291
$ROLL_MAX,3873
$ROLL_DEG,40
$C_ROLL_DIVE,3034
$C_ROLL_CLIMB,2750
$HEAD_ERRBAND,10
$ROLL_CNV,0.028270001
$ROLL_TIMEOUT,15
$R_PORT_OVSHOOT,96
$R_STBD_OVSHOOT,27
$ROLL_AD_RATE,350
$ROLL_MAXERRORS,2
$ROLL_ADJ_GAIN,0
$ROLL_ADJ_DBAND,0
$VBD_MIN,375
$VBD_MAX,3900
$C_VBD,2329
$VBD_DBAND,2
$VBD_CNV,-0.24529999
$VBD_LP_IGNORE,0
$VBD_TIMEOUT,720
$PITCH_VBD_SHIFT,0.001
$VBD_PUMP_AD_RATE_SURFACE,5
$VBD_PUMP_AD_RATE_APOGEE,4
$VBD_BLEED_AD_RATE,8
$UNCOM_BLEED,60
$VBD_MAXERRORS,1
$W_ADJ_DBAND,2
$DBDW,0
$PITCH_W_GAIN,0
$PITCH_W_DBAND,1
$CF8_MAXERRORS,5
$AH0_24V,142
$AH0_10V,95
$MINV_24V,19
$MINV_10V,8
$MAXI_24V,0.80000001
$MAXI_10V,0.60000002
$FG_AHR_10V,0
$FG_AHR_24V,0
$PHONE_SUPPLY,-2
$PRESSURE_YINT,-38.315674
$PRESSURE_SLOPE,0.0001158091
$AD7714Ch0Gain,128
$TCM_PITCH_OFFSET,0
$TCM_ROLL_OFFSET,0
$COMPASS_USE,4
$ALTIM_BOTTOM_PING_RANGE,0
$ALTIM_TOP_PING_RANGE,20
$ALTIM_BOTTOM_TURN_MARGIN,25
$ALTIM_TOP_TURN_MARGIN,0
$ALTIM_TOP_MIN_OBSTACLE,1
$ALTIM_PING_DEPTH,80
$ALTIM_PING_DELTA,5
$ALTIM_FREQUENCY,13
$ALTIM_PULSE,3
$ALTIM_SENSITIVITY,3
$XPDR_VALID,3
$XPDR_INHIBIT,90
$INT_PRESSURE_SLOPE,0.0097660003
$INT_PRESSURE_YINT,1.223
$DEEPGLIDER,0
$MOTHERBOARD,4
$DEVICE1,2
$DEVICE2,101
$DEVICE3,35
$DEVICE4,-1
$DEVICE5,-1
$DEVICE6,-1
$LOGGERS,0
$LOGGERDEVICE1,-1
$LOGGERDEVICE2,-1
$LOGGERDEVICE3,-1
$LOGGERDEVICE4,-1
$COMPASS_DEVICE,33
$COMPASS2_DEVICE,-1
$PHONE_DEVICE,49
$GPS_DEVICE,32
$RAFOS_DEVICE,-1
$XPDR_DEVICE,24
$SIM_W,0
$SIM_PITCH,0
$SEABIRD_T_G,0.0044373036
$SEABIRD_T_H,0.00066103507
$SEABIRD_T_I,2.7719814e-05
$SEABIRD_T_J,3.4688812e-06
$SEABIRD_C_G,-10.004086
$SEABIRD_C_H,1.1698962
$SEABIRD_C_I,-0.0014983811
$SEABIRD_C_J,0.00019441421
$SEABIRD_C_Z,2927.3301
$GPS1,030625,135831,4750.6870,-12226.2031,44,0.9,54,16.3,0.4,281.2,9,5.0
$_CALLS,2
$_XMS_NAKs,0
$_XMS_TOUTs,0
$_SM_DEPTHo,-17.27
$_SM_ANGLEo,-75.3
$GPS2,030625,140701,4750.6914,-12226.3926,8,0.9,20,16.3,0.5,274.9,10,5.0
$SPEED_LIMITS,0.162,0.254
$TGT_NAME,EAST_194
$TGT_LATLONG,4750.700,-12222.000
$TGT_RADIUS,400.000
$KALMAN_CONTROL,0.000000,0.000000
$KALMAN_X,0.000000,0.000000,0.000000,0.000000,0.000000
$KALMAN_Y,0.000000,0.000000,0.000000,0.000000,0.000000
$MHEAD_RNG_PITCHd_Wd,73.1,5459,-16.4,-9.333,-20.17,2382
$D_GRID,140
$GCHEAD,st_secs,pitch_ctl,vbd_ctl,pitch_ad_start,roll_ad_start,vbd_pot1_ad_start,vbd_pot2_ad_start,depth,ob_vertv,data_pts,end_secs,pitch_secs,roll_secs,vbd_secs,vbd_i,gcphase,pitch_i,roll_i,pitch_ad,roll_ad,vbd_ad,vbd_pot1_ad,vbd_pot2_ad,pitch_retries,pitch_errors,roll_retries,roll_errors,vbd_retries,vbd_errors,pitch_volts,roll_volts,vbd_volts,int_press,humidity
$STATE,5,end surface,CONTROL_FINISHED_OK
$STATE,5,begin dive
$GC,72,-0.86,-146.6,211,3040,354,390,-16.7,-0.1,12,160,0.00,0.00,-81.72,0.000,16390,0.000,0.000,212,3040,2928,2952,2905,0,0,0,0,0,0,26.44,25.69,26.45,8.36,41.96
$GC,163,-0.86,-146.6,211,3040,2953,2905,-13.1,-5.4,27,183,12.93,2.03,0.00,0.000,2564,0.282,0.021,3121,1654,2930,2961,2900,0,0,0,0,0,0,25.84,26.10,26.01,8.59,42.04
$GC,227,-0.54,-146.6,3121,1654,2967,2894,5.8,-21.9,38,235,0.40,2.17,0.00,0.000,3078,0.206,0.049,3230,3042,2930,2967,2894,0,0,0,0,0,0,25.96,26.14,26.15,8.60,42.08
$GC,300,-0.43,-146.6,3229,3042,2970,2893,17.2,-14.5,51,307,0.10,1.35,0.00,0.000,2308,0.199,0.067,3263,3866,2932,2971,2893,0,0,0,0,0,0,26.07,26.16,26.16,8.59,41.57
$GC,435,-0.43,-146.6,3262,3865,2971,2893,32.8,-10.8,66,439,0.00,1.15,0.00,0.000,1030,0.000,0.030,3263,3082,2932,2971,2893,0,0,0,0,0,0,26.36,26.34,26.37,8.60,41.92
$GC,568,-0.43,-146.6,3262,3082,2971,2893,46.6,-10.1,79,571,0.00,1.27,0.00,0.000,260,0.000,0.066,3263,3862,2931,2971,2892,0,0,0,0,0,0,26.61,26.28,26.62,8.60,42.20
$GC,632,-0.43,-146.6,3262,3862,2972,2893,52.8,-10.0,85,639,0.00,1.23,0.00,0.000,1030,0.000,0.031,3263,3036,2932,2972,2892,0,0,0,0,0,0,26.42,26.39,26.43,8.60,41.96
$GC,760,-0.43,-146.6,3262,3036,2972,2892,65.4,-10.0,98,763,0.00,1.35,0.00,0.000,260,0.000,0.067,3263,3858,2932,2972,2892,0,0,0,0,0,0,26.66,26.33,26.67,8.60,42.20
$GC,792,-0.43,-146.6,3262,3858,2972,2892,68.6,-9.9,101,796,0.00,1.23,0.00,0.000,1030,0.000,0.031,3263,3035,2932,2972,2892,0,0,0,0,0,0,26.46,26.43,26.48,8.59,42.75
$GC,924,-0.43,-146.6,3262,3035,2972,2892,82.9,-10.7,114,933,0.00,2.12,0.00,0.000,516,0.000,0.031,3263,1620,2932,2972,2892,0,0,0,0,0,0,26.70,26.42,26.70,8.59,42.40
$GC,958,-0.48,-146.6,3262,1619,2972,2892,86.1,-10.0,117,967,0.00,2.25,0.00,0.000,1030,0.000,0.060,3263,3034,2931,2972,2891,0,0,0,0,0,0,26.47,26.36,26.49,8.59,41.80
$GC,1087,-0.54,-146.6,3262,3034,2972,2891,98.0,-8.7,130,1091,0.00,1.35,0.00,0.000,260,0.000,0.070,3263,3865,2931,2972,2891,0,0,0,0,0,0,26.72,26.39,26.72,8.60,42.47
$GC,1234,-0.54,-146.6,3262,3866,2972,2892,110.2,-7.8,144,1238,0.00,1.23,0.00,0.000,1030,0.000,0.030,3263,3030,2931,2972,2891,0,0,0,0,0,0,26.53,26.51,26.54,8.59,42.47
$GC,1426,-0.60,-146.6,3262,3029,2973,2891,124.9,-7.9,163,1431,0.08,1.35,0.00,0.000,4356,0.110,0.060,3210,3865,2931,2972,2891,0,0,0,0,0,0,26.53,26.44,26.56,8.60,42.67
$GC,1469,-0.60,-146.6,3209,3865,2972,2891,129.2,-10.3,167,1472,0.00,1.23,0.00,0.000,1030,0.000,0.028,3210,3016,2931,2972,2891,0,0,0,0,0,0,26.57,26.55,26.58,8.59,42.20
$STATE,1578,end dive,TARGET_DEPTH_EXCEEDED
$STATE,1578,begin apogee
$GC,1585,-0.35,0.0,3210,2738,2972,2891,140.1,-8.9,178,1710,0.25,0.00,116.43,0.748,10246,0.151,0.000,3293,2738,2327,2368,2287,0,0,0,0,0,0,26.34,25.18,24.60,8.60,42.95
$STATE,1711,end apogee,CONTROL_FINISHED_OK
$STATE,1711,begin climb
$GC,1713,0.86,146.6,3293,2738,2368,2287,146.5,0.0,191,1843,1.12,2.20,120.93,0.726,10756,0.125,0.030,3662,1362,1729,1771,1688,0,0,0,0,0,0,25.27,25.06,24.49,8.54,41.80
$GC,1871,0.71,146.6,3661,1362,1768,1688,132.8,12.2,206,1877,0.00,2.25,0.00,0.000,1030,0.000,0.048,3662,2753,1728,1768,1688,0,0,0,0,0,0,25.51,25.41,25.53,8.50,40.90
$GC,2059,0.53,146.6,3661,2753,1766,1686,106.6,13.1,225,2068,0.25,1.77,0.00,0.000,4356,0.155,0.052,3585,3874,1726,1766,1686,0,0,0,0,0,0,25.81,25.92,25.90,8.49,41.96
$GC,2146,0.45,146.6,3585,3873,1765,1685,96.3,11.9,233,2153,0.00,1.60,0.00,0.000,1030,0.000,0.021,3585,2725,1725,1765,1685,0,0,0,0,0,0,26.16,26.13,26.17,8.49,41.80
$GC,2272,0.45,146.6,3585,2724,1765,1685,82.9,10.0,246,2273,0.00,0.00,0.00,0.000,6,0.000,0.000,3585,2724,1725,1765,1685,0,0,0,0,0,0,26.42,26.44,26.43,8.48,42.63
$GC,2391,0.45,146.6,3585,2724,1765,1684,72.2,8.4,258,2401,0.00,2.00,0.00,0.000,516,0.000,0.030,3585,1385,1724,1765,1684,0,0,0,0,0,0,26.50,26.24,26.51,8.49,42.55
$GC,2425,0.45,146.6,3584,1384,1764,1684,69.5,8.5,261,2433,0.00,2.12,0.00,0.000,1030,0.000,0.045,3585,2755,1724,1764,1684,0,0,0,0,0,0,26.25,26.25,26.29,8.48,42.55
$GC,2554,0.51,201.6,3585,2755,1764,1684,59.7,7.0,274,2605,0.00,1.85,44.05,0.683,8452,0.000,0.056,3585,3875,1504,1554,1455,0,0,0,0,0,0,26.56,25.61,25.03,8.48,42.00
$GC,2712,0.51,201.6,3584,3875,1553,1455,46.4,9.0,289,2719,0.00,1.58,0.00,0.000,1030,0.000,0.022,3585,2752,1504,1553,1455,0,0,0,0,0,0,26.06,26.03,26.08,8.46,41.84
$GC,2840,0.51,201.6,3585,2751,1553,1454,35.6,8.4,302,2843,0.00,1.80,0.00,0.000,260,0.000,0.056,3585,3874,1503,1553,1454,0,0,0,0,0,0,26.38,26.06,26.39,8.46,42.04
$GC,2892,0.51,201.6,3585,3874,1553,1454,30.8,9.3,307,2896,0.00,1.60,0.00,0.000,1030,0.000,0.022,3585,2765,1503,1553,1453,0,0,0,0,0,0,26.23,26.22,26.25,8.46,42.63
$GC,3027,0.57,201.6,3585,2763,1553,1453,19.3,8.4,320,3033,0.00,0.00,0.00,0.000,6,0.000,0.000,3585,2763,1502,1552,1453,0,0,0,0,0,0,26.49,26.50,26.50,8.46,42.95
$GC,3097,0.62,201.6,3584,2763,1553,1453,12.5,9.5,333,3105,0.00,1.75,0.00,0.000,260,0.000,0.056,3585,3873,1503,1553,1453,0,0,0,0,0,0,26.53,26.22,26.54,8.46,42.43
$GC,3158,0.62,201.6,3584,3873,1552,1453,5.9,10.8,344,3165,0.00,1.58,0.00,0.000,1030,0.000,0.022,3585,2740,1503,1553,1453,0,0,0,0,0,0,26.39,26.36,26.40,8.45,42.47
$STATE,3185,end climb,SURFACE_DEPTH_REACHED
$STATE,3185,begin surface coast
$FINISH,0.7,1.022691
$STATE,3212,end surface coast,CONTROL_FINISHED_OK
$STATE,3212,begin surface
$SM_CCo,3233,143.75,0.081,0,0,374,479.32
$SM_CCo,3382,-0.20,0.000,0,0,377,479.32
$SM_CCo,3387,0.47,0.085,0,0,373,479.32
$SM_GC,-17.30,9.18,0.47,0.47,0.066,0.055,0.085,214,3040,373,-9.93,-0.93,479.32,0,0,0,0,0,0,26.27,26.29,26.08
$IRIDIUM_FIX,4752.78,-12229.26,030625,125954
$TT8_MAMPS,0.026215,0.240429
$HUMID,41.06
$INTERNAL_PRESSURE,8.32288
$TCM_TEMP,11.70
$XPDR_PINGS,0
$ALTIM_TOP_PING,19.3,40.2
$ALTIM_BOTTOM_PING,110.2,67.0
$24V_AH,24.49,7.775
$10V_AH,10.55,2.988
$FG_AHR_24Vo,0.000
$FG_AHR_10Vo,0.000
$DEVICES,Pitch_motor,Roll_motor,VBD_pump_during_apogee,VBD_pump_during_surface,VBD_valve,Iridium_during_init,Iridium_during_connect,Iridium_during_xfer,Transponder_ping,GUMSTIX_24V,GPS,TT8,LPSleep,TT8_Active,TT8_Sampling,TT8_CF8,TT8_Kalman,Analog_circuits,GPS_charging,Compass,RAFOS,Transponder,Compass2
$DEVICE_SECS,24.300,44.225,281.400,144.225,0.000,0.000,0.000,338.125,2.500,0.000,23.466,936.165,1282.413,525.347,1011.206,170.765,0.000,1287.253,0.000,668.775,0.000,19.827,0.000
$DEVICE_MAMPS,282.285,69.615,748.170,84.915,0.000,0.000,0.000,78.030,420.000,0.000,30.710,14.960,2.190,14.960,43.420,53.160,0.000,15.000,0.000,8.990,0.000,30.000,0.000
$SENSORS,SBE_CT,AA4330,WL_blue_red_Chl_old_fw,nil,nil,nil,nil,nil,nil,nil
$SENSOR_SECS,238.104,469.007,473.612,0.000,0.000,0.000,0.000,0.000,0.000,0.000
$SENSOR_MAMPS,23.970,0.750,0.750,0.000,0.000,0.000,0.000,0.000,0.000,0.000
$MEM,335096
$DATA_FILE_SIZE,24594,354
$CAP_FILE_SIZE,65703,0
$CFSIZE,2097872896,2079916032
$ERRORS,0,0,0,0,0,0,0,0,0,0,0,0,0,0,2,0
$CURRENT,0.044,185.32,1
$GPS,030625,150547,4750.605,-12225.807,41,1.0,55,16.3,0.3,271.1,8,4.9
