version: 66.14
glider: 194
mission: 16
dive: 38
start: 6 1 125 2 46 54
data:
$ID,194
$MISSION,16
$DIVE,38
$N_DIVES,0
$STOP_T,0
$D_SURF,3
$D_FLARE,2
$D_TGT,170
$D_ABORT,1090
$D_NO_BLEED,50
$D_BOOST,3
$T_BOOST,0
$D_FINISH,0
$D_PITCH,0
$D_SAFE,0
$D_CALL,0
$SURFACE_URGENCY,0
$SURFACE_URGENCY_TRY,0
$SURFACE_URGENCY_FORCE,0
$T_DIVE,55
$T_MISSION,70
$T_ABORT,1440
$T_TURN,300
$T_TURN_SAMPINT,5
$T_NO_W,120
$T_LOITER,0
$T_SLOITER,60
$T_EPIRB,0
$USE_BATHY,0
$USE_ICE,0
$ICE_FREEZE_MARGIN,0.30000001
$D_OFFGRID,100
$T_WATCHDOG,10
$RELAUNCH,1
$APOGEE_PITCH,-8
$MAX_BUOY,150
$COURSE_BIAS,0
$GLIDE_SLOPE,30
$SPEED_FACTOR,1
$RHO,1.023
$MASS,53532
$MASS_COMP,0
$NAV_MODE,2
$FERRY_MAX,45
$KALMAN_USE,2
$HD_A,0.003
$HD_B,0.0099999998
$HD_C,9.9999997e-06
$HEADING,-1
$ESCAPE_HEADING,0
$ESCAPE_HEADING_DELTA,10
$FIX_MISSING_TIMEOUT,0
$TGT_DEFAULT_LAT,4736
$TGT_DEFAULT_LON,-12225
$TGT_AUTO_DEFAULT,0
$SM_CC,535
$N_FILEKB,4
$FILEMGR,0
$CALL_NDIVES,1
$COMM_SEQ,0
$PROTOCOL,9
$N_NOCOMM,1
$NOCOMM_ACTION,0
$N_NOSURFACE,0
$UPLOAD_DIVES_MAX,-1
$CALL_TRIES,5
$CALL_WAIT,60
$CAPUPLOAD,1
$CAPMAXSIZE,200000
$HEAPDBG,0
$T_GPS,15
$N_GPS,50840
$T_RSLEEP,0
$STROBE,0
$RAFOS_PEAK_OFFSET,1.5
$RAFOS_CORR_THRESH,60
$RAFOS_HIT_WINDOW,3600
$RAFOS_MMODEM,0
$PITCH_MIN,199
$PITCH_MAX,3894
$C_PITCH,3411
$PITCH_DBAND,0.1
$PITCH_CNV,0.003125763
$P_OVSHOOT,0.039999999
$P_OVSHOOT_WITHG,0.1
$PITCH_GAIN,23
$PITCH_TIMEOUT,17
$PITCH_AD_RATE,160
$PITCH_MAXERRORS,1
$PITCH_ADJ_GAIN,0.02
$PITCH_ADJ_DBAND,2.5
$ROLL_MIN,291
$ROLL_MAX,3873
$ROLL_DEG,40
$C_ROLL_DIVE,2950
$C_ROLL_CLIMB,2650
$HEAD_ERRBAND,10
$ROLL_CNV,0.028270001
$ROLL_TIMEOUT,15
$R_PORT_OVSHOOT,64
$R_STBD_OVSHOOT,26
$ROLL_AD_RATE,350
$ROLL_MAXERRORS,2
$ROLL_ADJ_GAIN,0
$ROLL_ADJ_DBAND,0
$VBD_MIN,375
$VBD_MAX,3900
$C_VBD,2527
$VBD_DBAND,2
$VBD_CNV,-0.24529999
$VBD_LP_IGNORE,0
$VBD_TIMEOUT,720
$PITCH_VBD_SHIFT,0.001
$VBD_PUMP_AD_RATE_SURFACE,5
$VBD_PUMP_AD_RATE_APOGEE,4
$VBD_BLEED_AD_RATE,8
$UNCOM_BLEED,60
$VBD_MAXERRORS,1
$W_ADJ_DBAND,2
$DBDW,0
$PITCH_W_GAIN,0
$PITCH_W_DBAND,1
$CF8_MAXERRORS,5
$AH0_24V,142
$AH0_10V,95
$MINV_24V,19
$MINV_10V,8
$MAXI_24V,0.80000001
$MAXI_10V,0.60000002
$FG_AHR_10V,0
$FG_AHR_24V,0
$PHONE_SUPPLY,-2
$PRESSURE_YINT,-38.315674
$PRESSURE_SLOPE,0.0001158091
$AD7714Ch0Gain,128
$TCM_PITCH_OFFSET,0
$TCM_ROLL_OFFSET,0
$COMPASS_USE,4
$ALTIM_BOTTOM_PING_RANGE,0
$ALTIM_TOP_PING_RANGE,20
$ALTIM_BOTTOM_TURN_MARGIN,25
$ALTIM_TOP_TURN_MARGIN,0
$ALTIM_TOP_MIN_OBSTACLE,1
$ALTIM_PING_DEPTH,80
$ALTIM_PING_DELTA,5
$ALTIM_FREQUENCY,13
$ALTIM_PULSE,3
$ALTIM_SENSITIVITY,3
$XPDR_VALID,3
$XPDR_INHIBIT,90
$INT_PRESSURE_SLOPE,0.0097660003
$INT_PRESSURE_YINT,1.223
$DEEPGLIDER,0
$MOTHERBOARD,4
$DEVICE1,2
$DEVICE2,101
$DEVICE3,35
$DEVICE4,-1
$DEVICE5,-1
$DEVICE6,-1
$LOGGERS,0
$LOGGERDEVICE1,-1
$LOGGERDEVICE2,-1
$LOGGERDEVICE3,-1
$LOGGERDEVICE4,-1
$COMPASS_DEVICE,33
$COMPASS2_DEVICE,-1
$PHONE_DEVICE,49
$GPS_DEVICE,32
$RAFOS_DEVICE,-1
$XPDR_DEVICE,24
$SIM_W,0
$SIM_PITCH,0
$SEABIRD_T_G,0.0044373036
$SEABIRD_T_H,0.00066103507
$SEABIRD_T_I,2.7719814e-05
$SEABIRD_T_J,3.4688812e-06
$SEABIRD_C_G,-10.004086
$SEABIRD_C_H,1.1698962
$SEABIRD_C_I,-0.0014983811
$SEABIRD_C_J,0.00019441421
$SEABIRD_C_Z,2927.3301
$GPS1,010625,023811,4749.5542,-12227.9756,38,1.1,59,16.3,0.6,200.1,8,5.0
$_CALLS,2
$_XMS_NAKs,0
$_XMS_TOUTs,0
$_SM_DEPTHo,-15.28
$_SM_ANGLEo,-75.1
$GPS2,010625,024614,4749.4473,-12228.0811,4,1.0,28,16.3,0.6,222.0,9,5.0
$SPEED_LIMITS,0.178,0.263
$TGT_NAME,WEST_194
$TGT_LATLONG,4750.700,-12229.100
$TGT_RADIUS,400.000
$KALMAN_CONTROL,0.000000,0.000000
$KALMAN_X,0.000000,0.000000,0.000000,0.000000,0.000000
$KALMAN_Y,0.000000,0.000000,0.000000,0.000000,0.000000
$MHEAD_RNG_PITCHd_Wd,332.3,2644,-18.0,-10.303,-21.42,2162
$D_GRID,170
$GCHEAD,st_secs,pitch_ctl,vbd_ctl,pitch_ad_start,roll_ad_start,vbd_pot1_ad_start,vbd_pot2_ad_start,depth,ob_vertv,data_pts,end_secs,pitch_secs,roll_secs,vbd_secs,vbd_i,gcphase,pitch_i,roll_i,pitch_ad,roll_ad,vbd_ad,vbd_pot1_ad,vbd_pot2_ad,pitch_retries,pitch_errors,roll_retries,roll_errors,vbd_retries,vbd_errors,pitch_volts,roll_volts,vbd_volts,int_press,humidity
$STATE,5,end surface,CONTROL_FINISHED_OK
$STATE,5,begin dive
$GC,72,-0.93,-146.6,214,2939,344,398,-14.7,-0.4,12,162,0.00,0.00,-87.22,0.000,16390,0.000,0.000,214,2939,3127,3158,3096,0,0,0,0,0,0,26.45,25.30,26.46,8.36,42.00
$GC,165,-0.93,-146.6,214,2939,3158,3097,-7.4,-18.6,27,184,12.18,1.42,0.00,0.000,2308,0.267,0.041,3099,3886,3129,3161,3097,0,0,0,0,0,0,25.90,26.15,26.07,8.61,41.53
$GC,343,-0.65,-146.6,3098,3886,3169,3093,48.6,-25.1,50,347,0.30,1.38,0.00,0.000,3078,0.178,0.028,3196,2938,3131,3170,3093,0,0,0,0,0,0,26.10,26.35,26.27,8.62,42.00
$GC,476,-0.65,-146.6,3195,2938,3172,3090,70.4,-15.6,63,477,0.00,0.00,0.00,0.000,6,0.000,0.000,3196,2938,3131,3172,3090,0,0,0,0,0,0,26.61,26.63,26.62,8.62,42.20
$GC,599,-0.65,-146.6,3195,2938,3172,3090,90.1,-16.5,75,602,0.00,1.50,0.00,0.000,260,0.000,0.062,3196,3864,3131,3172,3090,0,0,0,0,0,0,26.64,26.34,26.65,8.62,42.40
$GC,735,-0.65,-146.6,3195,3864,3173,3089,111.2,-14.7,88,738,0.00,1.33,0.00,0.000,1030,0.000,0.029,3196,2943,3131,3173,3090,0,0,0,0,0,0,26.50,26.48,26.51,8.62,42.00
$STATE,785,end dive,BOTTOM_OBSTACLE_DETECTED
$STATE,785,begin apogee
$GC,792,-0.35,0.0,3196,2660,3173,3090,118.4,-14.3,93,909,0.28,0.00,113.70,0.753,10246,0.144,0.000,3291,2659,2526,2578,2474,0,0,0,0,0,0,26.30,25.20,24.65,8.62,42.59
$STATE,910,end apogee,CONTROL_FINISHED_OK
$STATE,910,begin climb
$GC,913,0.93,146.6,3290,2659,2578,2473,127.0,0.0,105,1041,1.20,2.22,118.75,0.735,10756,0.123,0.036,3688,1259,1926,1967,1885,0,0,0,0,0,0,25.24,25.08,24.53,8.57,41.88
$GC,1108,0.75,146.6,3687,1259,1964,1884,112.7,11.3,124,1115,0.12,2.22,0.00,0.000,5126,0.164,0.050,3653,2649,1923,1964,1883,0,0,0,0,0,0,25.55,25.65,25.69,8.52,41.37
$GC,1297,0.60,146.6,3653,2648,1964,1881,88.7,13.5,143,1302,0.12,1.95,0.00,0.000,4356,0.171,0.056,3613,3870,1922,1964,1881,0,0,0,0,0,0,25.94,26.02,26.01,8.51,41.80
$GC,1373,0.47,146.6,3612,3870,1964,1881,79.0,12.4,150,1381,0.15,1.77,0.00,0.000,5126,0.164,0.025,3567,2637,1922,1964,1881,0,0,0,0,0,0,26.00,26.17,26.14,8.51,42.51
$GC,1500,0.57,249.6,3567,2636,1964,1879,70.1,5.4,163,1590,0.00,2.05,81.22,0.705,8452,0.000,0.057,3567,3874,1508,1559,1457,0,0,0,0,0,0,26.49,25.15,24.78,8.51,41.88
$GC,1634,0.75,356.0,3566,3874,1559,1456,63.3,5.3,176,1724,0.17,1.80,82.28,0.690,11270,0.060,0.025,3656,2655,1073,1124,1022,0,0,0,0,0,0,25.73,25.74,24.65,8.47,41.57
$GC,1843,0.75,356.0,3655,2655,1124,1020,42.2,12.6,197,1847,0.00,2.15,0.00,0.000,516,0.000,0.039,3656,1273,1072,1124,1020,0,0,0,0,0,0,26.10,25.83,26.11,8.43,41.06
$GC,1929,0.75,356.0,3655,1273,1123,1019,34.0,11.6,205,1935,0.00,2.20,0.00,0.000,1030,0.000,0.054,3656,2652,1071,1123,1019,0,0,0,0,0,0,26.05,25.96,26.07,8.43,41.73
$GC,2057,0.75,356.0,3656,2652,1123,1019,16.6,11.5,221,2063,0.00,1.95,0.00,0.000,260,0.000,0.063,3656,3870,1071,1123,1019,0,0,0,0,0,0,26.39,26.08,26.40,8.43,42.20
$GC,2132,0.75,356.0,3656,3870,1123,1019,6.0,14.8,235,2138,0.00,1.77,0.00,0.000,1030,0.000,0.029,3656,2666,1071,1123,1019,0,0,0,0,0,0,26.27,26.21,26.28,8.43,42.12
$STATE,2154,end climb,SURFACE_DEPTH_REACHED
$STATE,2154,begin surface coast
$FINISH,-0.1,1.021757
$STATE,2175,end surface coast,CONTROL_FINISHED_OK
$STATE,2175,begin surface
$SM_CCo,2196,89.10,0.080,0,0,371,527.89
$SM_CCo,2289,-0.20,0.000,0,0,376,527.89
$SM_CCo,2294,0.25,0.105,0,0,374,527.89
$SM_GC,-15.43,9.52,0.47,0.25,0.072,0.061,0.105,213,2954,374,-9.94,-0.88,527.89,0,0,0,0,0,0,26.17,26.18,26.08
$IRIDIUM_FIX,4749.12,-12230.24,010625,023939
$TT8_MAMPS,0.026215,0.274134
$HUMID,41.25
$INTERNAL_PRESSURE,8.33265
$TCM_TEMP,12.00
$XPDR_PINGS,0
$ALTIM_TOP_PING,20.0,38.1
$ALTIM_BOTTOM_PING,95.6,47.1
$24V_AH,24.53,2.898
$10V_AH,10.54,1.170
$FG_AHR_24Vo,0.000
$FG_AHR_10Vo,0.000
$DEVICES,Pitch_motor,Roll_motor,VBD_pump_during_apogee,VBD_pump_during_surface,VBD_valve,Iridium_during_init,Iridium_during_connect,Iridium_during_xfer,Transponder_ping,GUMSTIX_24V,GPS,TT8,LPSleep,TT8_Active,TT8_Sampling,TT8_CF8,TT8_Kalman,Analog_circuits,GPS_charging,Compass,RAFOS,Transponder,Compass2
$DEVICE_SECS,24.050,26.575,395.950,89.350,0.000,0.000,0.000,311.950,1.750,0.000,29.349,607.288,750.317,505.359,817.991,127.899,0.000,1158.383,0.000,493.107,0.000,14.910,0.000
$DEVICE_MAMPS,266.985,62.730,752.760,104.805,0.000,0.000,0.000,87.975,420.000,0.000,30.710,14.960,2.190,14.960,43.420,53.160,0.000,15.000,0.000,8.990,0.000,30.000,0.000
$SENSORS,SBE_CT,AA4330,WL_blue_red_Chl_old_fw,nil,nil,nil,nil,nil,nil,nil
$SENSOR_SECS,160.835,320.956,324.330,0.000,0.000,0.000,0.000,0.000,0.000,0.000
$SENSOR_MAMPS,23.970,0.750,0.750,0.000,0.000,0.000,0.000,0.000,0.000,0.000
$MEM,335072
$DATA_FILE_SIZE,17640,243
$CAP_FILE_SIZE,47459,0
$CFSIZE,2097872896,2086240256
$ERRORS,0,1,0,0,0,0,0,0,0,0,0,0,0,0,0,0
$INTR,0,2296.18,0x2139aa,7,24
$CURRENT,0.304,152.69,1
$GPS,010625,032655,4749.353,-12227.801,39,0.8,62,16.3,0.3,186.0,10,4.8
