version: 66.14
glider: 194
mission: 16
dive: 110
start: 6 3 125 22 28 22
data:
$ID,194
$MISSION,16
$DIVE,110
$N_DIVES,0
$STOP_T,0
$D_SURF,3
$D_FLARE,2
$D_TGT,140
$D_ABORT,1090
$D_NO_BLEED,50
$D_BOOST,3
$T_BOOST,0
$D_FINISH,0
$D_PITCH,0
$D_SAFE,0
$D_CALL,0
$SURFACE_URGENCY,0
$SURFACE_URGENCY_TRY,0
$SURFACE_URGENCY_FORCE,0
$T_DIVE,50
$T_MISSION,65
$T_ABORT,1440
$T_TURN,300
$T_TURN_SAMPINT,5
$T_NO_W,120
$T_LOITER,0
$T_SLOITER,60
$T_EPIRB,0
$USE_BATHY,0
$USE_ICE,0
$ICE_FREEZE_MARGIN,0.30000001
$D_OFFGRID,100
$T_WATCHDOG,10
$RELAUNCH,1
$APOGEE_PITCH,-8
$MAX_BUOY,150
$COURSE_BIAS,0
$GLIDE_SLOPE,30
$SPEED_FACTOR,1
$RHO,1.023
$MASS,53609
$MASS_COMP,0
$NAV_MODE,2
$FERRY_MAX,45
$KALMAN_USE,2
$HD_A,0.003
$HD_B,0.0099999998
$HD_C,9.9999997e-06
$HEADING,-1
$ESCAPE_HEADING,0
$ESCAPE_HEADING_DELTA,10
$FIX_MISSING_TIMEOUT,0
$TGT_DEFAULT_LAT,4736
$TGT_DEFAULT_LON,-12225
$TGT_AUTO_DEFAULT,0
$SM_CC,535
$N_FILEKB,4
$FILEMGR,0
$CALL_NDIVES,1
$COMM_SEQ,0
$PROTOCOL,9
$N_NOCOMM,1
$NOCOMM_ACTION,0
$N_NOSURFACE,0
$UPLOAD_DIVES_MAX,-1
$CALL_TRIES,5
$CALL_WAIT,60
$CAPUPLOAD,1
$CAPMAXSIZE,200000
$HEAPDBG,0
$T_GPS,15
$N_GPS,50840
$T_RSLEEP,0
$STROBE,0
$RAFOS_PEAK_OFFSET,1.5
$RAFOS_CORR_THRESH,60
$RAFOS_HIT_WINDOW,3600
$RAFOS_MMODEM,0
$PITCH_MIN,199
$PITCH_MAX,3894
$C_PITCH,3411
$PITCH_DBAND,0.1
$PITCH_CNV,0.003125763
$P_OVSHOOT,0.039999999
$P_OVSHOOT_WITHG,0.1
$PITCH_GAIN,23
$PITCH_TIMEOUT,17
$PITCH_AD_RATE,160
$PITCH_MAXERRORS,1
$PITCH_ADJ_GAIN,0.02
$PITCH_ADJ_DBAND,2.5
$ROLL_MIN,291
$ROLL_MAX,3873
$ROLL_DEG,40
$C_ROLL_DIVE,3034
$C_ROLL_CLIMB,2750
$HEAD_ERRBAND,10
$ROLL_CNV,0.028270001
$ROLL_TIMEOUT,15
$R_PORT_OVSHOOT,63
$R_STBD_OVSHOOT,25
$ROLL_AD_RATE,350
$ROLL_MAXERRORS,2
$ROLL_ADJ_GAIN,0
$ROLL_ADJ_DBAND,0
$VBD_MIN,375
$VBD_MAX,3900
$C_VBD,2329
$VBD_DBAND,2
$VBD_CNV,-0.24529999
$VBD_LP_IGNORE,0
$VBD_TIMEOUT,720
$PITCH_VBD_SHIFT,0.001
$VBD_PUMP_AD_RATE_SURFACE,5
$VBD_PUMP_AD_RATE_APOGEE,4
$VBD_BLEED_AD_RATE,8
$UNCOM_BLEED,60
$VBD_MAXERRORS,1
$W_ADJ_DBAND,2
$DBDW,0
$PITCH_W_GAIN,0
$PITCH_W_DBAND,1
$CF8_MAXERRORS,5
$AH0_24V,142
$AH0_10V,95
$MINV_24V,19
$MINV_10V,8
$MAXI_24V,0.80000001
$MAXI_10V,0.60000002
$FG_AHR_10V,0
$FG_AHR_24V,0
$PHONE_SUPPLY,-2
$PRESSURE_YINT,-38.315674
$PRESSURE_SLOPE,0.0001158091
$AD7714Ch0Gain,128
$TCM_PITCH_OFFSET,0
$TCM_ROLL_OFFSET,0
$COMPASS_USE,4
$ALTIM_BOTTOM_PING_RANGE,0
$ALTIM_TOP_PING_RANGE,20
$ALTIM_BOTTOM_TURN_MARGIN,25
$ALTIM_TOP_TURN_MARGIN,0
$ALTIM_TOP_MIN_OBSTACLE,1
$ALTIM_PING_DEPTH,80
$ALTIM_PING_DELTA,5
$ALTIM_FREQUENCY,13
$ALTIM_PULSE,3
$ALTIM_SENSITIVITY,3
$XPDR_VALID,3
$XPDR_INHIBIT,90
$INT_PRESSURE_SLOPE,0.0097660003
$INT_PRESSURE_YINT,1.223
$DEEPGLIDER,0
$MOTHERBOARD,4
$DEVICE1,2
$DEVICE2,101
$DEVICE3,35
$DEVICE4,-1
$DEVICE5,-1
$DEVICE6,-1
$LOGGERS,0
$LOGGERDEVICE1,-1
$LOGGERDEVICE2,-1
$LOGGERDEVICE3,-1
$LOGGERDEVICE4,-1
$COMPASS_DEVICE,33
$COMPASS2_DEVICE,-1
$PHONE_DEVICE,49
$GPS_DEVICE,32
$RAFOS_DEVICE,-1
$XPDR_DEVICE,24
$SIM_W,0
$SIM_PITCH,0
$SEABIRD_T_G,0.0044373036
$SEABIRD_T_H,0.00066103507
$SEABIRD_T_I,2.7719814e-05
$SEABIRD_T_J,3.4688812e-06
$SEABIRD_C_G,-10.004086
$SEABIRD_C_H,1.1698962
$SEABIRD_C_I,-0.0014983811
$SEABIRD_C_J,0.00019441421
$SEABIRD_C_Z,2927.3301
$GPS1,030625,222029,4750.5811,-12222.3662,37,1.0,63,16.3,0.0,0.0,8,5.0
$_CALLS,1
$_XMS_NAKs,0
$_XMS_TOUTs,0
$_SM_DEPTHo,-16.98
$_SM_ANGLEo,-75.5
$GPS2,030625,222743,4750.5430,-12222.3730,5,1.0,25,16.3,0.0,293.9,8,4.9
$SPEED_LIMITS,0.162,0.254
$TGT_NAME,EAST_194
$TGT_LATLONG,4750.700,-12222.000
$TGT_RADIUS,400.000
$KALMAN_CONTROL,0.000000,0.000000
$KALMAN_X,0.000000,0.000000,0.000000,0.000000,0.000000
$KALMAN_Y,0.000000,0.000000,0.000000,0.000000,0.000000
$MHEAD_RNG_PITCHd_Wd,38.1,548,-16.4,-9.333,-20.17,2382
$D_GRID,140
$GCHEAD,st_secs,pitch_ctl,vbd_ctl,pitch_ad_start,roll_ad_start,vbd_pot1_ad_start,vbd_pot2_ad_start,depth,ob_vertv,data_pts,end_secs,pitch_secs,roll_secs,vbd_secs,vbd_i,gcphase,pitch_i,roll_i,pitch_ad,roll_ad,vbd_ad,vbd_pot1_ad,vbd_pot2_ad,pitch_retries,pitch_errors,roll_retries,roll_errors,vbd_retries,vbd_errors,pitch_volts,roll_volts,vbd_volts,int_press,humidity
$STATE,4,end surface,CONTROL_FINISHED_OK
$STATE,4,begin dive
$GC,71,-0.86,-146.6,210,3056,344,403,-16.5,0.1,12,167,0.00,0.00,-90.43,0.000,16390,0.000,0.000,211,3056,2928,2947,2910,0,0,0,0,0,0,26.38,25.65,26.39,8.35,42.36
$GC,171,-0.86,-146.6,211,3056,2948,2909,-12.5,-8.6,29,190,12.70,2.10,0.00,0.000,2564,0.277,0.024,3124,1630,2930,2955,2906,0,0,0,0,0,0,25.81,26.06,25.98,8.59,42.20
$GC,263,-0.61,-146.6,3123,1630,2962,2900,16.8,-24.1,46,271,0.30,2.22,0.00,0.000,3078,0.194,0.050,3208,3044,2931,2963,2899,0,0,0,0,0,0,25.96,26.13,26.15,8.59,41.57
$GC,339,-0.49,-146.6,3207,3044,2964,2898,30.3,-16.2,54,343,0.12,1.35,0.00,0.000,2308,0.184,0.064,3247,3884,2931,2964,2898,0,0,0,0,0,0,26.08,26.15,26.16,8.60,41.77
$GC,455,-0.49,-146.6,3247,3884,2965,2898,44.6,-12.4,65,461,0.00,1.25,0.00,0.000,1030,0.000,0.028,3247,3037,2931,2965,2898,0,0,0,0,0,0,26.34,26.32,26.36,8.60,42.47
$GC,582,-0.49,-146.6,3247,3037,2966,2898,58.3,-9.7,78,583,0.00,0.00,0.00,0.000,6,0.000,0.000,3247,3037,2932,2966,2898,0,0,0,0,0,0,26.59,26.60,26.60,8.60,42.43
$GC,702,-0.49,-146.6,3247,3037,2966,2898,69.7,-9.6,90,705,0.00,1.35,0.00,0.000,260,0.000,0.063,3247,3865,2932,2967,2898,0,0,0,0,0,0,26.63,26.31,26.63,8.60,42.08
$GC,783,-0.49,-146.6,3247,3865,2966,2897,76.7,-8.1,98,787,0.00,1.23,0.00,0.000,1030,0.000,0.028,3247,3029,2931,2966,2897,0,0,0,0,0,0,26.44,26.43,26.46,8.60,41.84
$GC,915,-0.49,-146.6,3247,3029,2966,2897,87.8,-8.5,111,916,0.00,0.00,0.00,0.000,6,0.000,0.000,3247,3028,2931,2966,2897,0,0,0,0,0,0,26.67,26.69,26.68,8.59,42.75
$GC,1035,-0.49,-146.6,3247,3028,2966,2897,97.9,-8.4,123,1036,0.00,0.00,0.00,0.000,6,0.000,0.000,3247,3029,2932,2967,2898,0,0,0,0,0,0,26.70,26.71,26.70,8.59,41.96
$GC,1155,-0.49,-146.6,3247,3029,2967,2898,107.8,-8.2,135,1159,0.00,1.38,0.00,0.000,260,0.000,0.063,3247,3876,2931,2966,2897,0,0,0,0,0,0,26.72,26.40,26.73,8.59,42.08
$GC,1187,-0.49,-146.6,3247,3876,2966,2897,110.4,-7.9,138,1191,0.00,1.23,0.00,0.000,1030,0.000,0.029,3248,3041,2932,2967,2897,0,0,0,0,0,0,26.52,26.50,26.54,8.60,42.75
$STATE,1256,end dive,BOTTOM_OBSTACLE_DETECTED
$STATE,1256,begin apogee
$GC,1263,-0.35,0.0,3247,2728,2967,2897,116.0,-7.8,145,1387,0.12,0.00,116.10,0.733,10246,0.160,0.000,3294,2728,2326,2365,2287,0,0,0,0,0,0,26.34,25.18,24.60,8.59,42.40
$STATE,1388,end apogee,CONTROL_FINISHED_OK
$STATE,1389,begin climb
$GC,1391,0.86,146.6,3294,2728,2365,2287,122.2,0.0,158,1520,1.12,2.20,120.55,0.711,10756,0.127,0.031,3656,1354,1728,1767,1690,0,0,0,0,0,0,25.25,25.06,24.50,8.55,41.33
$GC,1588,0.75,146.6,3655,1354,1765,1690,106.0,11.6,177,1594,0.00,2.25,0.00,0.000,1030,0.000,0.047,3656,2758,1727,1765,1690,0,0,0,0,0,0,25.70,25.60,25.72,8.49,40.74
$GC,1777,0.58,146.6,3655,2758,1765,1689,78.4,14.8,196,1784,0.15,0.00,0.00,0.000,4102,0.167,0.000,3606,2758,1726,1764,1689,0,0,0,0,0,0,25.86,26.01,25.96,8.49,41.73
$GC,1905,0.52,146.6,3605,2758,1764,1688,63.3,11.1,209,1906,0.00,0.00,0.00,0.000,6,0.000,0.000,3605,2758,1726,1764,1688,0,0,0,0,0,0,26.39,26.41,26.40,8.49,42.20
$GC,2025,0.47,146.6,3605,2758,1764,1688,51.2,10.3,221,2035,0.12,1.73,0.00,0.000,4356,0.151,0.051,3562,3869,1726,1764,1688,0,0,0,0,0,0,26.10,26.17,26.17,8.48,42.79
$GC,2108,0.47,146.6,3561,3869,1764,1688,44.3,8.1,229,2112,0.00,1.62,0.00,0.000,1030,0.000,0.021,3562,2699,1726,1764,1688,0,0,0,0,0,0,26.35,26.32,26.36,8.48,42.43
$GC,2241,0.62,235.7,3561,2696,1764,1688,36.4,5.5,242,2319,0.08,0.00,70.72,0.667,10758,0.109,0.000,3615,2696,1364,1408,1320,0,0,0,0,0,0,26.35,25.20,24.84,8.48,42.95
$GC,2443,0.62,235.7,3615,2696,1407,1318,18.6,9.1,263,2449,0.00,1.88,0.00,0.000,260,0.000,0.055,3615,3868,1363,1408,1318,0,0,0,0,0,0,26.18,25.87,26.19,8.45,42.16
$GC,2528,0.62,235.7,3615,3868,1407,1317,8.6,12.5,279,2535,0.00,1.62,0.00,0.000,1030,0.000,0.022,3615,2711,1362,1407,1317,0,0,0,0,0,0,26.13,26.10,26.15,8.44,42.12
$STATE,2581,end climb,SURFACE_DEPTH_REACHED
$STATE,2581,begin surface coast
$FINISH,0.2,1.022543
$STATE,2612,end surface coast,CONTROL_FINISHED_OK
$STATE,2613,begin surface
$SM_CCo,2633,128.88,0.081,0,0,374,479.32
$SM_CCo,2765,-0.20,0.000,0,0,377,479.07
$SM_CCo,2770,0.55,0.088,0,0,373,479.32
$SM_GC,-16.98,9.40,0.52,0.55,0.069,0.053,0.088,213,3040,373,-9.94,-0.99,479.32,0,0,0,0,0,0,26.08,26.10,25.96
$IRIDIUM_FIX,4747.99,-12209.84,030625,211945
$TT8_MAMPS,0.025466,0.20972
$HUMID,40.82
$INTERNAL_PRESSURE,8.32288
$TCM_TEMP,11.80
$XPDR_PINGS,0
$ALTIM_TOP_PING,19.7,40.1
$ALTIM_BOTTOM_PING,85.2,55.4
$24V_AH,24.50,8.404
$10V_AH,10.55,3.235
$FG_AHR_24Vo,0.000
$FG_AHR_10Vo,0.000
$DEVICES,Pitch_motor,Roll_motor,VBD_pump_during_apogee,VBD_pump_during_surface,VBD_valve,Iridium_during_init,Iridium_during_connect,Iridium_during_xfer,Transponder_ping,GUMSTIX_24V,GPS,TT8,LPSleep,TT8_Active,TT8_Sampling,TT8_CF8,TT8_Kalman,Analog_circuits,GPS_charging,Compass,RAFOS,Transponder,Compass2
$DEVICE_SECS,24.125,24.350,307.375,129.425,0.000,0.000,0.000,316.175,1.000,0.000,26.681,747.492,990.006,511.653,837.771,145.401,0.000,1166.532,0.000,524.574,0.000,12.377,0.000
$DEVICE_MAMPS,276.930,64.260,732.870,87.975,0.000,0.000,0.000,90.270,420.000,0.000,30.710,14.960,2.190,14.960,43.420,53.160,0.000,15.000,0.000,8.990,0.000,30.000,0.000
$SENSORS,SBE_CT,AA4330,WL_blue_red_Chl_old_fw,nil,nil,nil,nil,nil,nil,nil
$SENSOR_SECS,197.390,390.415,394.257,0.000,0.000,0.000,0.000,0.000,0.000,0.000
$SENSOR_MAMPS,23.970,0.750,0.750,0.000,0.000,0.000,0.000,0.000,0.000,0.000
$MEM,335080
$DATA_FILE_SIZE,21124,295
$CAP_FILE_SIZE,51913,0
$CFSIZE,2097872896,2079162368
$ERRORS,0,0,0,0,0,0,0,0,0,0,0,0,0,0,1,0
$CURRENT,0.074,211.65,1
$GPS,030625,231619,4750.629,-12222.063,38,1.0,61,16.3,0.0,0.0,8,4.2
