version: 66.14
glider: 194
mission: 16
dive: 13
start: 5 31 125 4 35 46
data:
$ID,194
$MISSION,16
$DIVE,13
$N_DIVES,0
$STOP_T,0
$D_SURF,3
$D_FLARE,2
$D_TGT,300
$D_ABORT,1090
$D_NO_BLEED,50
$D_BOOST,3
$T_BOOST,0
$D_FINISH,0
$D_PITCH,0
$D_SAFE,0
$D_CALL,0
$SURFACE_URGENCY,0
$SURFACE_URGENCY_TRY,0
$SURFACE_URGENCY_FORCE,0
$T_DIVE,90
$T_MISSION,105
$T_ABORT,1440
$T_TURN,300
$T_TURN_SAMPINT,5
$T_NO_W,120
$T_LOITER,0
$T_SLOITER,60
$T_EPIRB,0
$USE_BATHY,0
$USE_ICE,0
$ICE_FREEZE_MARGIN,0.30000001
$D_OFFGRID,100
$T_WATCHDOG,10
$RELAUNCH,1
$APOGEE_PITCH,-8
$MAX_BUOY,150
$COURSE_BIAS,0
$GLIDE_SLOPE,30
$SPEED_FACTOR,1
$RHO,1.023
$MASS,53532
$MASS_COMP,0
$NAV_MODE,2
$FERRY_MAX,45
$KALMAN_USE,2
$HD_A,0.003
$HD_B,0.0099999998
$HD_C,9.9999997e-06
$HEADING,-1
$ESCAPE_HEADING,0
$ESCAPE_HEADING_DELTA,10
$FIX_MISSING_TIMEOUT,0
$TGT_DEFAULT_LAT,4736
$TGT_DEFAULT_LON,-12225
$TGT_AUTO_DEFAULT,0
$SM_CC,535
$N_FILEKB,4
$FILEMGR,0
$CALL_NDIVES,1
$COMM_SEQ,0
$PROTOCOL,9
$N_NOCOMM,1
$NOCOMM_ACTION,0
$N_NOSURFACE,0
$UPLOAD_DIVES_MAX,-1
$CALL_TRIES,5
$CALL_WAIT,60
$CAPUPLOAD,1
$CAPMAXSIZE,200000
$HEAPDBG,0
$T_GPS,15
$N_GPS,50840
$T_RSLEEP,2
$STROBE,0
$RAFOS_PEAK_OFFSET,1.5
$RAFOS_CORR_THRESH,60
$RAFOS_HIT_WINDOW,3600
$RAFOS_MMODEM,0
$PITCH_MIN,199
$PITCH_MAX,3894
$C_PITCH,3329
$PITCH_DBAND,0.1
$PITCH_CNV,0.003125763
$P_OVSHOOT,0.039999999
$P_OVSHOOT_WITHG,0.1
$PITCH_GAIN,23
$PITCH_TIMEOUT,17
$PITCH_AD_RATE,160
$PITCH_MAXERRORS,1
$PITCH_ADJ_GAIN,0.02
$PITCH_ADJ_DBAND,2.5
$ROLL_MIN,291
$ROLL_MAX,3873
$ROLL_DEG,40
$C_ROLL_DIVE,3140
$C_ROLL_CLIMB,2300
$HEAD_ERRBAND,10
$ROLL_CNV,0.028270001
$ROLL_TIMEOUT,15
$R_PORT_OVSHOOT,45
$R_STBD_OVSHOOT,23
$ROLL_AD_RATE,350
$ROLL_MAXERRORS,2
$ROLL_ADJ_GAIN,0
$ROLL_ADJ_DBAND,0
$VBD_MIN,375
$VBD_MAX,3900
$C_VBD,2367
$VBD_DBAND,2
$VBD_CNV,-0.24529999
$VBD_LP_IGNORE,0
$VBD_TIMEOUT,720
$PITCH_VBD_SHIFT,0.001
$VBD_PUMP_AD_RATE_SURFACE,5
$VBD_PUMP_AD_RATE_APOGEE,4
$VBD_BLEED_AD_RATE,8
$UNCOM_BLEED,60
$VBD_MAXERRORS,1
$W_ADJ_DBAND,2
$DBDW,0
$PITCH_W_GAIN,0
$PITCH_W_DBAND,1
$CF8_MAXERRORS,5
$AH0_24V,142
$AH0_10V,95
$MINV_24V,19
$MINV_10V,8
$MAXI_24V,0.80000001
$MAXI_10V,0.60000002
$FG_AHR_10V,0
$FG_AHR_24V,0
$PHONE_SUPPLY,-2
$PRESSURE_YINT,-38.315674
$PRESSURE_SLOPE,0.0001158091
$AD7714Ch0Gain,128
$TCM_PITCH_OFFSET,0
$TCM_ROLL_OFFSET,0
$COMPASS_USE,4
$ALTIM_BOTTOM_PING_RANGE,0
$ALTIM_TOP_PING_RANGE,20
$ALTIM_BOTTOM_TURN_MARGIN,10
$ALTIM_TOP_TURN_MARGIN,0
$ALTIM_TOP_MIN_OBSTACLE,1
$ALTIM_PING_DEPTH,60
$ALTIM_PING_DELTA,5
$ALTIM_FREQUENCY,13
$ALTIM_PULSE,3
$ALTIM_SENSITIVITY,3
$XPDR_VALID,3
$XPDR_INHIBIT,90
$INT_PRESSURE_SLOPE,0.0097660003
$INT_PRESSURE_YINT,1.223
$DEEPGLIDER,0
$MOTHERBOARD,4
$DEVICE1,2
$DEVICE2,101
$DEVICE3,35
$DEVICE4,-1
$DEVICE5,-1
$DEVICE6,-1
$LOGGERS,0
$LOGGERDEVICE1,-1
$LOGGERDEVICE2,-1
$LOGGERDEVICE3,-1
$LOGGERDEVICE4,-1
$COMPASS_DEVICE,33
$COMPASS2_DEVICE,-1
$PHONE_DEVICE,49
$GPS_DEVICE,32
$RAFOS_DEVICE,-1
$XPDR_DEVICE,24
$SIM_W,0
$SIM_PITCH,0
$SEABIRD_T_G,0.0044373036
$SEABIRD_T_H,0.00066103507
$SEABIRD_T_I,2.7719814e-05
$SEABIRD_T_J,3.4688812e-06
$SEABIRD_C_G,-10.004086
$SEABIRD_C_H,1.1698962
$SEABIRD_C_I,-0.0014983811
$SEABIRD_C_J,0.00019441421
$SEABIRD_C_Z,2927.3301
$GPS1,310525,042855,4750.9868,-12222.5312,31,1.0,53,16.3,0.2,0.0,8,3.0
$_CALLS,1
$_XMS_NAKs,0
$_XMS_TOUTs,0
$_SM_DEPTHo,-19.83
$_SM_ANGLEo,-75.5
$GPS2,310525,043508,4750.9604,-12222.5234,7,1.0,15,16.3,0.0,0.0,8,4.7
$SPEED_LIMITS,0.192,0.269
$TGT_NAME,MID_S_194
$TGT_LATLONG,4751.000,-12224.900
$TGT_RADIUS,400.000
$KALMAN_CONTROL,0.000000,0.000000
$KALMAN_X,0.000000,0.000000,0.000000,0.000000,0.000000
$KALMAN_Y,0.000000,0.000000,0.000000,0.000000,0.000000
$MHEAD_RNG_PITCHd_Wd,240.0,2955,-19.2,-11.111,-22.43,2007
$D_GRID,300
$GCHEAD,st_secs,pitch_ctl,vbd_ctl,pitch_ad_start,roll_ad_start,vbd_pot1_ad_start,vbd_pot2_ad_start,depth,ob_vertv,data_pts,end_secs,pitch_secs,roll_secs,vbd_secs,vbd_i,gcphase,pitch_i,roll_i,pitch_ad,roll_ad,vbd_ad,vbd_pot1_ad,vbd_pot2_ad,pitch_retries,pitch_errors,roll_retries,roll_errors,vbd_retries,vbd_errors,pitch_volts,roll_volts,vbd_volts,int_press,humidity
$STATE,5,end surface,CONTROL_FINISHED_OK
$STATE,5,begin dive
$GC,72,-0.98,-146.6,217,3137,352,391,-19.4,-0.4,12,174,0.00,0.00,-96.38,0.000,16390,0.000,0.000,217,3137,2966,2992,2940,0,0,0,0,0,0,26.48,25.29,26.48,8.35,43.58
$GC,178,-0.98,-146.6,217,3137,2992,2941,-16.4,-7.2,30,197,11.65,1.15,0.00,0.000,2308,0.263,0.054,3004,3875,2968,2998,2938,0,0,0,0,0,0,25.91,26.18,26.16,8.58,43.97
$GC,502,-0.66,-146.6,3003,3876,3006,2934,62.5,-24.8,74,513,0.35,1.08,0.00,0.000,3078,0.189,0.034,3108,3139,2970,3008,2932,0,0,0,0,0,0,26.17,26.42,26.29,8.58,43.85
$GC,634,-0.66,-146.6,3107,3139,3010,2932,83.7,-13.4,87,638,0.00,1.17,0.00,0.000,260,0.000,0.063,3108,3869,2970,3010,2931,0,0,0,0,0,0,26.70,26.38,26.70,8.58,44.48
$GC,767,-0.66,-146.6,3107,3870,3010,2931,100.5,-12.1,99,774,0.00,1.08,0.00,0.000,1030,0.000,0.034,3108,3131,2970,3009,2931,0,0,0,0,0,0,26.51,26.49,26.53,8.58,44.21
$GC,955,-0.66,-146.6,3107,3130,3010,2931,122.7,-11.8,118,964,0.00,2.05,0.00,0.000,516,0.000,0.032,3108,1741,2970,3011,2930,0,0,0,0,0,0,26.77,26.50,26.77,8.58,44.60
$GC,1058,-0.66,-146.6,3107,1741,3012,2930,134.2,-10.9,128,1066,0.00,2.17,0.00,0.000,1030,0.000,0.056,3109,3134,2970,3012,2929,0,0,0,0,0,0,26.51,26.46,26.54,8.58,44.52
$GC,1248,-0.66,-146.6,3107,3134,3013,2929,154.1,-9.6,147,1249,0.00,0.00,0.00,0.000,6,0.000,0.000,3108,3134,2971,3013,2929,0,0,0,0,0,0,26.81,26.82,26.82,8.59,44.64
$STATE,1395,end dive,NO_VERTICAL_VELOCITY
$STATE,1395,begin apogee
$GC,1403,-0.35,0.0,3108,2282,3013,2929,153.7,0.0,162,1526,0.30,0.00,115.70,0.803,10246,0.114,0.000,3215,2282,2365,2410,2321,0,0,0,0,0,0,25.75,25.13,24.57,8.58,44.44
$STATE,1527,end apogee,CONTROL_FINISHED_OK
$STATE,1528,begin climb
$GC,1530,0.98,146.6,3215,2282,2410,2320,153.1,0.0,175,1660,1.17,2.45,119.85,0.772,10500,0.096,0.054,3619,3731,1766,1810,1723,0,0,0,0,0,0,25.27,25.08,24.53,8.53,43.73
$GC,1829,0.77,146.6,3618,3731,1806,1723,106.6,20.8,204,1838,0.15,2.12,0.00,0.000,5126,0.174,0.029,3580,2319,1764,1806,1723,0,0,0,0,0,0,25.83,26.00,25.98,8.47,44.25
$GC,2018,0.70,146.6,3579,2318,1806,1721,77.0,13.9,223,2028,0.00,2.22,0.00,0.000,260,0.000,0.057,3580,3718,1763,1806,1721,0,0,0,0,0,0,26.46,26.15,26.47,8.47,44.17
$GC,2104,0.57,146.6,3579,3718,1806,1721,63.3,16.4,231,2112,0.22,2.10,0.00,0.000,5126,0.155,0.029,3513,2302,1763,1806,1721,0,0,0,0,0,0,26.10,26.27,26.25,8.46,44.21
$GC,2232,0.71,219.2,3512,2299,1806,1719,51.5,7.4,244,2300,0.08,2.35,57.10,0.719,10500,0.106,0.057,3567,3727,1471,1524,1418,0,0,0,0,0,0,26.37,25.32,24.94,8.47,44.36
$GC,2334,0.71,219.2,3567,3727,1523,1418,38.8,13.7,254,2343,0.00,2.15,0.00,0.000,1030,0.000,0.030,3567,2308,1470,1523,1417,0,0,0,0,0,0,25.83,25.80,25.86,8.45,43.73
$GC,2464,0.71,219.2,3567,2306,1523,1415,22.0,12.6,267,2473,0.00,2.28,0.00,0.000,260,0.000,0.058,3567,3724,1469,1523,1415,0,0,0,0,0,0,26.32,26.01,26.34,8.45,44.25
$GC,2532,0.71,219.2,3567,3724,1523,1414,12.1,15.2,278,2540,0.00,2.15,0.00,0.000,1030,0.000,0.030,3567,2293,1468,1523,1414,0,0,0,0,0,0,26.21,26.15,26.22,8.44,44.52
$GC,2603,0.71,219.2,3567,2291,1523,1414,3.2,11.1,291,2610,0.00,2.30,0.00,0.000,260,0.000,0.060,3567,3721,1468,1523,1414,0,0,0,0,0,0,26.46,26.14,26.47,8.44,44.09
$STATE,2615,end climb,SURFACE_DEPTH_REACHED
$STATE,2615,begin surface coast
$FINISH,-1.9,1.022434
$STATE,2641,end surface coast,CONTROL_FINISHED_OK
$STATE,2641,begin surface
$SM_CCo,2663,136.70,0.080,0,0,375,488.64
$SM_CCo,2803,-0.25,0.000,0,0,377,488.64
$SM_CCo,2808,0.60,0.078,0,0,373,488.64
$SM_GC,-19.22,9.38,0.90,0.60,0.077,0.033,0.078,209,3126,373,-9.70,1.07,488.64,0,0,0,0,0,0,26.17,26.26,26.06
$IRIDIUM_FIX,4750.44,-12218.68,310525,034520
$TT8_MAMPS,0.026964,0.244174
$HUMID,42.67
$INTERNAL_PRESSURE,8.30335
$TCM_TEMP,11.30
$XPDR_PINGS,2
$ALTIM_TOP_PING,18.8,41.0
$ALTIM_BOTTOM_PING,95.2,68.9
$24V_AH,24.53,1.006
$10V_AH,10.57,0.487
$FG_AHR_24Vo,0.000
$FG_AHR_10Vo,0.000
$DEVICES,Pitch_motor,Roll_motor,VBD_pump_during_apogee,VBD_pump_during_surface,VBD_valve,Iridium_during_init,Iridium_during_connect,Iridium_during_xfer,Transponder_ping,GUMSTIX_24V,GPS,TT8,LPSleep,TT8_Active,TT8_Sampling,TT8_CF8,TT8_Kalman,Analog_circuits,GPS_charging,Compass,RAFOS,Transponder,Compass2
$DEVICE_SECS,23.300,30.975,292.650,137.300,0.000,0.000,0.000,275.050,3.750,0.000,16.355,752.994,930.985,521.341,871.198,134.255,0.000,1167.436,0.000,586.555,0.000,28.576,0.000
$DEVICE_MAMPS,263.160,63.495,803.250,80.325,0.000,0.000,0.000,85.680,420.000,0.000,30.710,14.960,2.190,14.960,43.420,53.160,0.000,15.000,0.000,8.990,0.000,30.000,0.000
$SENSORS,SBE_CT,AA4330,WL_blue_red_Chl_old_fw,nil,nil,nil,nil,nil,nil,nil
$SENSOR_SECS,199.033,394.266,398.128,0.000,0.000,0.000,0.000,0.000,0.000,0.000
$SENSOR_MAMPS,23.970,0.750,0.750,0.000,0.000,0.000,0.000,0.000,0.000,0.000
$MEM,334744
$DATA_FILE_SIZE,21112,298
$CAP_FILE_SIZE,51400,0
$CFSIZE,2097872896,2088697856
$ERRORS,0,0,0,0,0,0,0,0,0,0,0,0,0,0,1,0
$CURRENT,0.078,28.26,1
$GPS,310525,052411,4751.004,-12222.737,39,0.9,52,16.3,0.0,0.0,9,4.9
