version: 66.14
glider: 194
mission: 16
dive: 275
start: 6 9 125 19 44 51
data:
$ID,194
$MISSION,16
$DIVE,275
$N_DIVES,0
$STOP_T,0
$D_SURF,3
$D_FLARE,2
$D_TGT,150
$D_ABORT,1090
$D_NO_BLEED,50
$D_BOOST,3
$T_BOOST,0
$D_FINISH,0
$D_PITCH,0
$D_SAFE,0
$D_CALL,0
$SURFACE_URGENCY,0
$SURFACE_URGENCY_TRY,0
$SURFACE_URGENCY_FORCE,0
$T_DIVE,50
$T_MISSION,65
$T_ABORT,1440
$T_TURN,300
$T_TURN_SAMPINT,5
$T_NO_W,120
$T_LOITER,0
$T_SLOITER,60
$T_EPIRB,0
$USE_BATHY,0
$USE_ICE,0
$ICE_FREEZE_MARGIN,0.30000001
$D_OFFGRID,100
$T_WATCHDOG,10
$RELAUNCH,1
$APOGEE_PITCH,-8
$MAX_BUOY,150
$COURSE_BIAS,0
$GLIDE_SLOPE,30
$SPEED_FACTOR,1
$RHO,1.023
$MASS,53609
$MASS_COMP,0
$NAV_MODE,2
$FERRY_MAX,45
$KALMAN_USE,2
$HD_A,0.003
$HD_B,0.0099999998
$HD_C,9.9999997e-06
$HEADING,-1
$ESCAPE_HEADING,0
$ESCAPE_HEADING_DELTA,10
$FIX_MISSING_TIMEOUT,0
$TGT_DEFAULT_LAT,4736
$TGT_DEFAULT_LON,-12225
$TGT_AUTO_DEFAULT,0
$SM_CC,535
$N_FILEKB,4
$FILEMGR,0
$CALL_NDIVES,1
$COMM_SEQ,0
$PROTOCOL,9
$N_NOCOMM,1
$NOCOMM_ACTION,0
$N_NOSURFACE,0
$UPLOAD_DIVES_MAX,-1
$CALL_TRIES,5
$CALL_WAIT,60
$CAPUPLOAD,1
$CAPMAXSIZE,200000
$HEAPDBG,0
$T_GPS,15
$N_GPS,50840
$T_RSLEEP,0
$STROBE,0
$RAFOS_PEAK_OFFSET,1.5
$RAFOS_CORR_THRESH,60
$RAFOS_HIT_WINDOW,3600
$RAFOS_MMODEM,0
$PITCH_MIN,199
$PITCH_MAX,3894
$C_PITCH,3411
$PITCH_DBAND,0.1
$PITCH_CNV,0.003125763
$P_OVSHOOT,0.039999999
$P_OVSHOOT_WITHG,0.1
$PITCH_GAIN,23
$PITCH_TIMEOUT,17
$PITCH_AD_RATE,160
$PITCH_MAXERRORS,1
$PITCH_ADJ_GAIN,0.02
$PITCH_ADJ_DBAND,2.5
$ROLL_MIN,291
$ROLL_MAX,3873
$ROLL_DEG,40
$C_ROLL_DIVE,3014
$C_ROLL_CLIMB,2850
$HEAD_ERRBAND,10
$ROLL_CNV,0.028270001
$ROLL_TIMEOUT,15
$R_PORT_OVSHOOT,63
$R_STBD_OVSHOOT,28
$ROLL_AD_RATE,350
$ROLL_MAXERRORS,2
$ROLL_ADJ_GAIN,0
$ROLL_ADJ_DBAND,0
$VBD_MIN,375
$VBD_MAX,3900
$C_VBD,2277
$VBD_DBAND,2
$VBD_CNV,-0.24529999
$VBD_LP_IGNORE,0
$VBD_TIMEOUT,720
$PITCH_VBD_SHIFT,0.001
$VBD_PUMP_AD_RATE_SURFACE,5
$VBD_PUMP_AD_RATE_APOGEE,4
$VBD_BLEED_AD_RATE,8
$UNCOM_BLEED,60
$VBD_MAXERRORS,1
$W_ADJ_DBAND,2
$DBDW,0
$PITCH_W_GAIN,0
$PITCH_W_DBAND,1
$CF8_MAXERRORS,5
$AH0_24V,142
$AH0_10V,95
$MINV_24V,19
$MINV_10V,8
$MAXI_24V,0.80000001
$MAXI_10V,0.60000002
$FG_AHR_10V,0
$FG_AHR_24V,0
$PHONE_SUPPLY,-2
$PRESSURE_YINT,-38.315674
$PRESSURE_SLOPE,0.0001158091
$AD7714Ch0Gain,128
$TCM_PITCH_OFFSET,0
$TCM_ROLL_OFFSET,0
$COMPASS_USE,4
$ALTIM_BOTTOM_PING_RANGE,0
$ALTIM_TOP_PING_RANGE,20
$ALTIM_BOTTOM_TURN_MARGIN,25
$ALTIM_TOP_TURN_MARGIN,0
$ALTIM_TOP_MIN_OBSTACLE,1
$ALTIM_PING_DEPTH,80
$ALTIM_PING_DELTA,5
$ALTIM_FREQUENCY,13
$ALTIM_PULSE,3
$ALTIM_SENSITIVITY,3
$XPDR_VALID,3
$XPDR_INHIBIT,90
$INT_PRESSURE_SLOPE,0.0097660003
$INT_PRESSURE_YINT,1.223
$DEEPGLIDER,0
$MOTHERBOARD,4
$DEVICE1,2
$DEVICE2,101
$DEVICE3,35
$DEVICE4,-1
$DEVICE5,-1
$DEVICE6,-1
$LOGGERS,0
$LOGGERDEVICE1,-1
$LOGGERDEVICE2,-1
$LOGGERDEVICE3,-1
$LOGGERDEVICE4,-1
$COMPASS_DEVICE,33
$COMPASS2_DEVICE,-1
$PHONE_DEVICE,49
$GPS_DEVICE,32
$RAFOS_DEVICE,-1
$XPDR_DEVICE,24
$SIM_W,0
$SIM_PITCH,0
$SEABIRD_T_G,0.0044373036
$SEABIRD_T_H,0.00066103507
$SEABIRD_T_I,2.7719814e-05
$SEABIRD_T_J,3.4688812e-06
$SEABIRD_C_G,-10.004086
$SEABIRD_C_H,1.1698962
$SEABIRD_C_I,-0.0014983811
$SEABIRD_C_J,0.00019441421
$SEABIRD_C_Z,2927.3301
$GPS1,090625,193804,4750.5107,-12225.5381,38,0.9,51,16.3,0.5,189.3,10,4.9
$_CALLS,1
$_XMS_NAKs,0
$_XMS_TOUTs,0
$_SM_DEPTHo,-19.75
$_SM_ANGLEo,-79.1
$GPS2,090625,194416,4750.3984,-12225.5312,7,1.0,21,16.3,0.6,173.0,9,5.0
$SPEED_LIMITS,0.173,0.260
$TGT_NAME,WEST_194
$TGT_LATLONG,4750.700,-12226.500
$TGT_RADIUS,400.000
$KALMAN_CONTROL,0.000000,0.000000
$KALMAN_X,0.000000,0.000000,0.000000,0.000000,0.000000
$KALMAN_Y,0.000000,0.000000,0.000000,0.000000,0.000000
$MHEAD_RNG_PITCHd_Wd,297.8,1327,-17.4,-10.000,-21.00,2234
$D_GRID,150
$GCHEAD,st_secs,pitch_ctl,vbd_ctl,pitch_ad_start,roll_ad_start,vbd_pot1_ad_start,vbd_pot2_ad_start,depth,ob_vertv,data_pts,end_secs,pitch_secs,roll_secs,vbd_secs,vbd_i,gcphase,pitch_i,roll_i,pitch_ad,roll_ad,vbd_ad,vbd_pot1_ad,vbd_pot2_ad,pitch_retries,pitch_errors,roll_retries,roll_errors,vbd_retries,vbd_errors,pitch_volts,roll_volts,vbd_volts,int_press,humidity
$STATE,5,end surface,CONTROL_FINISHED_OK
$STATE,5,begin dive
$GC,72,-0.90,-146.6,210,3036,349,395,-19.3,-0.2,12,146,0.00,0.00,-69.95,0.000,16390,0.000,0.000,210,3037,2877,2891,2863,0,0,0,0,0,0,26.40,24.96,26.41,8.39,42.24
$GC,150,-0.90,-146.6,210,3036,2891,2863,-11.0,-21.2,25,169,13.12,1.35,0.00,0.000,2308,0.285,0.046,3119,3881,2878,2894,2862,0,0,0,0,0,0,25.71,26.08,26.01,8.62,41.96
$GC,362,-0.60,-146.6,3119,3881,2901,2861,42.0,-22.3,56,369,0.30,1.25,0.00,0.000,3078,0.188,0.024,3215,2998,2881,2901,2861,0,0,0,0,0,0,25.97,26.32,26.19,8.63,42.32
$GC,490,-0.55,-146.6,3215,2998,2904,2858,59.7,-12.2,69,493,0.00,1.40,0.00,0.000,260,0.000,0.058,3216,3862,2881,2904,2858,0,0,0,0,0,0,26.58,26.25,26.58,8.63,42.67
$GC,699,-0.55,-146.6,3215,3862,2904,2858,84.8,-12.2,89,707,0.00,1.20,0.00,0.000,1030,0.000,0.025,3216,3013,2881,2904,2858,0,0,0,0,0,0,26.45,26.43,26.46,8.63,43.03
$GC,827,-0.55,-146.6,3215,3012,2904,2858,98.9,-10.2,102,831,0.00,1.38,0.00,0.000,260,0.000,0.058,3215,3865,2880,2904,2857,0,0,0,0,0,0,26.67,26.34,26.68,8.62,42.71
$GC,922,-0.55,-146.6,3215,3865,2904,2858,107.6,-9.5,111,930,0.00,1.20,0.00,0.000,1030,0.000,0.025,3216,3031,2881,2904,2858,0,0,0,0,0,0,26.49,26.46,26.51,8.62,42.63
$GC,1050,-0.55,-146.6,3215,3031,2905,2857,120.0,-10.0,124,1058,0.00,2.08,0.00,0.000,516,0.000,0.025,3216,1619,2881,2905,2857,0,0,0,0,0,0,26.71,26.44,26.72,8.62,42.59
$GC,1113,-0.61,-146.6,3215,1618,2905,2857,125.1,-7.9,130,1122,0.00,2.20,0.00,0.000,1030,0.000,0.054,3215,3015,2880,2905,2856,0,0,0,0,0,0,26.48,26.36,26.50,8.62,42.67
$STATE,1149,end dive,BOTTOM_OBSTACLE_DETECTED
$STATE,1149,begin apogee
$GC,1156,-0.35,0.0,3215,2861,2905,2856,127.8,-6.8,134,1281,0.22,0.00,117.32,0.711,10246,0.147,0.000,3294,2861,2276,2314,2238,0,0,0,0,0,0,26.25,25.06,24.70,8.62,42.20
$STATE,1282,end apogee,CONTROL_FINISHED_OK
$STATE,1282,begin climb
$GC,1285,0.90,146.6,3294,2860,2314,2238,130.1,0.0,147,1416,1.15,2.25,120.40,0.694,10756,0.119,0.029,3675,1441,1677,1709,1646,0,0,0,0,0,0,25.29,25.13,24.60,8.57,41.33
$GC,1508,0.73,146.6,3675,1441,1707,1645,99.6,14.2,169,1514,0.00,2.25,0.00,0.000,1030,0.000,0.047,3675,2853,1675,1706,1645,0,0,0,0,0,0,25.82,25.73,25.84,8.51,41.61
$GC,1636,0.50,146.6,3675,2852,1706,1645,78.2,15.7,182,1646,0.32,1.62,0.00,0.000,4356,0.161,0.050,3577,3880,1674,1705,1644,0,0,0,0,0,0,25.81,25.96,25.92,8.51,42.08
$GC,1712,0.44,146.6,3576,3880,1705,1643,68.9,11.4,189,1718,0.00,1.50,0.00,0.000,1030,0.000,0.021,3576,2799,1673,1704,1643,0,0,0,0,0,0,26.19,26.16,26.20,8.50,42.04
$GC,1839,0.44,146.6,3575,2799,1705,1643,57.4,9.2,202,1840,0.00,0.00,0.00,0.000,6,0.000,0.000,3577,2799,1674,1705,1643,0,0,0,0,0,0,26.46,26.46,26.46,8.50,42.08
$GC,1959,0.44,146.6,3576,2799,1705,1643,45.2,9.7,214,1962,0.00,1.70,0.00,0.000,260,0.000,0.052,3577,3872,1673,1705,1642,0,0,0,0,0,0,26.53,26.20,26.53,8.50,42.95
$GC,2021,0.44,146.6,3576,3872,1705,1643,38.7,10.6,220,2024,0.00,1.50,0.00,0.000,1030,0.000,0.021,3576,2785,1674,1705,1643,0,0,0,0,0,0,26.39,26.35,26.39,8.50,42.47
$GC,2153,0.44,146.6,3576,2784,1705,1643,26.2,9.7,233,2157,0.00,2.00,0.00,0.000,516,0.000,0.028,3576,1435,1673,1705,1642,0,0,0,0,0,0,26.60,26.34,26.61,8.49,42.59
$GC,2230,0.50,146.6,3576,1435,1704,1642,19.4,8.3,241,2238,0.00,2.20,0.00,0.000,1030,0.000,0.044,3576,2857,1673,1705,1642,0,0,0,0,0,0,26.40,26.32,26.42,8.49,42.63
$GC,2302,0.50,146.6,3576,2856,1704,1642,12.9,9.5,254,2308,0.00,0.00,0.00,0.000,6,0.000,0.000,3576,2857,1673,1704,1642,0,0,0,0,0,0,26.65,26.65,26.65,8.49,42.87
$GC,2371,0.50,146.6,3576,2857,1704,1642,6.6,8.2,267,2377,0.00,2.10,0.00,0.000,516,0.000,0.027,3576,1436,1673,1705,1642,0,0,0,0,0,0,26.65,26.40,26.67,8.49,42.71
$GC,2395,0.56,203.5,3576,1436,1704,1642,4.8,7.4,271,2422,0.00,2.20,21.23,0.613,9218,0.000,0.045,3576,2856,1532,1571,1494,0,0,0,0,0,0,26.44,26.35,26.46,8.49,43.14
$STATE,2423,end climb,SURFACE_DEPTH_REACHED
$STATE,2423,begin surface coast
$FINISH,-0.5,1.022633
$STATE,2460,end surface coast,CONTROL_FINISHED_OK
$STATE,2460,begin surface
$SM_CCo,2480,150.80,0.087,0,0,373,466.56
$SM_CCo,2636,-0.20,0.000,0,0,376,466.56
$SM_CCo,2641,0.43,0.087,0,0,373,466.56
$SM_GC,-19.92,9.25,0.25,0.43,0.067,0.069,0.087,206,3016,373,-9.95,-0.88,466.56,0,0,0,0,0,0,26.10,26.14,25.97
$IRIDIUM_FIX,4749.61,-12234.67,090625,185007
$TT8_MAMPS,0.025466,0.242676
$HUMID,40.90
$INTERNAL_PRESSURE,8.34241
$TCM_TEMP,12.30
$XPDR_PINGS,0
$ALTIM_TOP_PING,19.7,44.4
$ALTIM_BOTTOM_PING,80.8,71.5
$24V_AH,24.60,19.108
$10V_AH,10.46,7.659
$FG_AHR_24Vo,0.000
$FG_AHR_10Vo,0.000
$DEVICES,Pitch_motor,Roll_motor,VBD_pump_during_apogee,VBD_pump_during_surface,VBD_valve,Iridium_during_init,Iridium_during_connect,Iridium_during_xfer,Transponder_ping,GUMSTIX_24V,GPS,TT8,LPSleep,TT8_Active,TT8_Sampling,TT8_CF8,TT8_Kalman,Analog_circuits,GPS_charging,Compass,RAFOS,Transponder,Compass2
$DEVICE_SECS,24.375,31.825,258.950,151.225,0.000,0.000,0.000,262.300,0.750,0.000,22.492,744.318,844.393,487.075,825.998,137.879,0.000,1104.051,0.000,560.742,0.000,7.293,0.000
$DEVICE_MAMPS,285.345,68.850,710.685,87.210,0.000,0.000,0.000,87.210,420.000,0.000,30.710,14.960,2.190,14.960,43.420,53.160,0.000,15.000,0.000,8.990,0.000,30.000,0.000
$SENSORS,SBE_CT,AA4330,WL_blue_red_Chl_old_fw,nil,nil,nil,nil,nil,nil,nil
$SENSOR_SECS,188.781,373.281,376.947,0.000,0.000,0.000,0.000,0.000,0.000,0.000
$SENSOR_MAMPS,23.970,0.750,0.750,0.000,0.000,0.000,0.000,0.000,0.000,0.000
$MEM,335088
$DATA_FILE_SIZE,20950,282
$CAP_FILE_SIZE,52065,0
$CFSIZE,2097872896,2062942208
$ERRORS,0,0,0,0,0,0,0,0,0,0,0,0,0,0,1,0
$CURRENT,0.147,157.60,1
$GPS,090625,203028,4750.420,-12225.627,24,1.1,50,16.3,0.0,184.4,8,5.0
