version: 66.14
glider: 194
mission: 16
dive: 228
start: 6 8 125 4 56 22
data:
$ID,194
$MISSION,16
$DIVE,228
$N_DIVES,0
$STOP_T,0
$D_SURF,3
$D_FLARE,2
$D_TGT,130
$D_ABORT,1090
$D_NO_BLEED,50
$D_BOOST,3
$T_BOOST,0
$D_FINISH,0
$D_PITCH,0
$D_SAFE,0
$D_CALL,0
$SURFACE_URGENCY,0
$SURFACE_URGENCY_TRY,0
$SURFACE_URGENCY_FORCE,0
$T_DIVE,45
$T_MISSION,60
$T_ABORT,1440
$T_TURN,300
$T_TURN_SAMPINT,5
$T_NO_W,120
$T_LOITER,0
$T_SLOITER,60
$T_EPIRB,0
$USE_BATHY,0
$USE_ICE,0
$ICE_FREEZE_MARGIN,0.30000001
$D_OFFGRID,100
$T_WATCHDOG,10
$RELAUNCH,1
$APOGEE_PITCH,-8
$MAX_BUOY,150
$COURSE_BIAS,0
$GLIDE_SLOPE,30
$SPEED_FACTOR,1
$RHO,1.023
$MASS,53609
$MASS_COMP,0
$NAV_MODE,2
$FERRY_MAX,45
$KALMAN_USE,2
$HD_A,0.003
$HD_B,0.0099999998
$HD_C,9.9999997e-06
$HEADING,-1
$ESCAPE_HEADING,0
$ESCAPE_HEADING_DELTA,10
$FIX_MISSING_TIMEOUT,0
$TGT_DEFAULT_LAT,4736
$TGT_DEFAULT_LON,-12225
$TGT_AUTO_DEFAULT,0
$SM_CC,535
$N_FILEKB,4
$FILEMGR,0
$CALL_NDIVES,1
$COMM_SEQ,0
$PROTOCOL,9
$N_NOCOMM,1
$NOCOMM_ACTION,0
$N_NOSURFACE,0
$UPLOAD_DIVES_MAX,-1
$CALL_TRIES,5
$CALL_WAIT,60
$CAPUPLOAD,1
$CAPMAXSIZE,200000
$HEAPDBG,0
$T_GPS,15
$N_GPS,50840
$T_RSLEEP,0
$STROBE,0
$RAFOS_PEAK_OFFSET,1.5
$RAFOS_CORR_THRESH,60
$RAFOS_HIT_WINDOW,3600
$RAFOS_MMODEM,0
$PITCH_MIN,199
$PITCH_MAX,3894
$C_PITCH,3411
$PITCH_DBAND,0.1
$PITCH_CNV,0.003125763
$P_OVSHOOT,0.039999999
$P_OVSHOOT_WITHG,0.1
$PITCH_GAIN,23
$PITCH_TIMEOUT,17
$PITCH_AD_RATE,160
$PITCH_MAXERRORS,1
$PITCH_ADJ_GAIN,0.02
$PITCH_ADJ_DBAND,2.5
$ROLL_MIN,291
$ROLL_MAX,3873
$ROLL_DEG,40
$C_ROLL_DIVE,3250
$C_ROLL_CLIMB,2850
$HEAD_ERRBAND,10
$ROLL_CNV,0.028270001
$ROLL_TIMEOUT,15
$R_PORT_OVSHOOT,63
$R_STBD_OVSHOOT,25
$ROLL_AD_RATE,350
$ROLL_MAXERRORS,2
$ROLL_ADJ_GAIN,0
$ROLL_ADJ_DBAND,0
$VBD_MIN,375
$VBD_MAX,3900
$C_VBD,2277
$VBD_DBAND,2
$VBD_CNV,-0.24529999
$VBD_LP_IGNORE,0
$VBD_TIMEOUT,720
$PITCH_VBD_SHIFT,0.001
$VBD_PUMP_AD_RATE_SURFACE,5
$VBD_PUMP_AD_RATE_APOGEE,4
$VBD_BLEED_AD_RATE,8
$UNCOM_BLEED,60
$VBD_MAXERRORS,1
$W_ADJ_DBAND,2
$DBDW,0
$PITCH_W_GAIN,0
$PITCH_W_DBAND,1
$CF8_MAXERRORS,5
$AH0_24V,142
$AH0_10V,95
$MINV_24V,19
$MINV_10V,8
$MAXI_24V,0.80000001
$MAXI_10V,0.60000002
$FG_AHR_10V,0
$FG_AHR_24V,0
$PHONE_SUPPLY,-2
$PRESSURE_YINT,-38.315674
$PRESSURE_SLOPE,0.0001158091
$AD7714Ch0Gain,128
$TCM_PITCH_OFFSET,0
$TCM_ROLL_OFFSET,0
$COMPASS_USE,4
$ALTIM_BOTTOM_PING_RANGE,0
$ALTIM_TOP_PING_RANGE,20
$ALTIM_BOTTOM_TURN_MARGIN,25
$ALTIM_TOP_TURN_MARGIN,0
$ALTIM_TOP_MIN_OBSTACLE,1
$ALTIM_PING_DEPTH,80
$ALTIM_PING_DELTA,5
$ALTIM_FREQUENCY,13
$ALTIM_PULSE,3
$ALTIM_SENSITIVITY,3
$XPDR_VALID,3
$XPDR_INHIBIT,90
$INT_PRESSURE_SLOPE,0.0097660003
$INT_PRESSURE_YINT,1.223
$DEEPGLIDER,0
$MOTHERBOARD,4
$DEVICE1,2
$DEVICE2,101
$DEVICE3,35
$DEVICE4,-1
$DEVICE5,-1
$DEVICE6,-1
$LOGGERS,0
$LOGGERDEVICE1,-1
$LOGGERDEVICE2,-1
$LOGGERDEVICE3,-1
$LOGGERDEVICE4,-1
$COMPASS_DEVICE,33
$COMPASS2_DEVICE,-1
$PHONE_DEVICE,49
$GPS_DEVICE,32
$RAFOS_DEVICE,-1
$XPDR_DEVICE,24
$SIM_W,0
$SIM_PITCH,0
$SEABIRD_T_G,0.0044373036
$SEABIRD_T_H,0.00066103507
$SEABIRD_T_I,2.7719814e-05
$SEABIRD_T_J,3.4688812e-06
$SEABIRD_C_G,-10.004086
$SEABIRD_C_H,1.1698962
$SEABIRD_C_I,-0.0014983811
$SEABIRD_C_J,0.00019441421
$SEABIRD_C_Z,2927.3301
$GPS1,080625,044955,4750.6758,-12221.9453,13,1.0,47,16.3,0.0,0.0,9,4.3
$_CALLS,1
$_XMS_NAKs,0
$_XMS_TOUTs,0
$_SM_DEPTHo,-17.63
$_SM_ANGLEo,-77.3
$GPS2,080625,045541,4750.6650,-12221.9795,7,1.1,24,16.3,0.0,0.0,8,5.0
$SPEED_LIMITS,0.167,0.257
$TGT_NAME,EAST_194
$TGT_LATLONG,4750.700,-12222.000
$TGT_RADIUS,400.000
$KALMAN_CONTROL,0.000000,0.000000
$KALMAN_X,0.000000,0.000000,0.000000,0.000000,0.000000
$KALMAN_Y,0.000000,0.000000,0.000000,0.000000,0.000000
$MHEAD_RNG_PITCHd_Wd,335.6,70,-27.2,-9.630,-30.00,945
$D_GRID,130
$GCHEAD,st_secs,pitch_ctl,vbd_ctl,pitch_ad_start,roll_ad_start,vbd_pot1_ad_start,vbd_pot2_ad_start,depth,ob_vertv,data_pts,end_secs,pitch_secs,roll_secs,vbd_secs,vbd_i,gcphase,pitch_i,roll_i,pitch_ad,roll_ad,vbd_ad,vbd_pot1_ad,vbd_pot2_ad,pitch_retries,pitch_errors,roll_retries,roll_errors,vbd_retries,vbd_errors,pitch_volts,roll_volts,vbd_volts,int_press,humidity
$STATE,5,end surface,CONTROL_FINISHED_OK
$STATE,5,begin dive
$GC,71,-1.24,-59.6,214,3267,354,390,-17.1,-0.3,12,156,0.00,0.00,-78.15,0.000,16390,0.000,0.000,214,3267,2519,2529,2510,0,0,0,0,0,0,26.42,25.62,26.43,8.37,42.12
$GC,160,-1.29,-106.5,214,3267,2529,2511,-15.2,-4.5,27,180,12.45,0.00,-4.35,0.000,18950,0.284,0.000,2984,3267,2714,2749,2680,0,0,0,0,0,0,25.72,25.02,25.93,8.56,42.16
$GC,243,-0.97,-106.5,2983,3267,2751,2680,4.9,-28.0,42,250,0.40,0.00,0.00,0.000,2054,0.226,0.000,3093,3267,2715,2751,2680,0,0,0,0,0,0,25.87,26.11,26.05,8.58,41.37
$GC,315,-0.83,-106.5,3093,3267,2753,2680,19.7,-19.8,55,322,0.15,0.98,0.00,0.000,2308,0.213,0.054,3137,3879,2716,2753,2680,0,0,0,0,0,0,25.96,26.17,26.10,8.58,41.69
$GC,483,-0.78,-106.5,3137,3879,2753,2680,48.7,-17.0,72,490,0.00,0.88,0.00,0.000,1030,0.000,0.026,3137,3250,2716,2753,2680,0,0,0,0,0,0,26.38,26.36,26.39,8.58,42.75
$GC,610,-0.78,-106.5,3137,3249,2754,2679,69.1,-16.2,85,612,0.00,0.00,0.00,0.000,6,0.000,0.000,3137,3249,2716,2754,2679,0,0,0,0,0,0,26.61,26.63,26.62,8.58,42.00
$GC,730,-0.78,-106.5,3137,3250,2754,2680,87.6,-15.1,97,732,0.00,0.00,0.00,0.000,6,0.000,0.000,3137,3249,2717,2754,2680,0,0,0,0,0,0,26.65,26.65,26.65,8.59,42.87
$GC,850,-0.78,-106.5,3136,3250,2754,2680,105.5,-14.3,109,852,0.00,0.00,0.00,0.000,6,0.000,0.000,3137,3249,2717,2754,2680,0,0,0,0,0,0,26.67,26.68,26.68,8.59,42.79
$STATE,928,end dive,BOTTOM_OBSTACLE_DETECTED
$STATE,928,begin apogee
$GC,935,-0.35,0.0,3137,2847,2754,2679,117.2,-14.7,117,1031,0.50,0.00,86.75,0.718,10246,0.170,0.000,3292,2846,2275,2317,2234,0,0,0,0,0,0,26.17,25.11,24.72,8.59,43.30
$STATE,1032,end apogee,CONTROL_FINISHED_OK
$STATE,1032,begin climb
$GC,1035,1.29,106.5,3292,2846,2317,2234,122.5,0.0,127,1132,1.55,2.20,89.35,0.705,10756,0.122,0.027,3806,1451,1838,1871,1806,0,0,0,0,0,0,25.34,25.13,24.58,8.55,41.92
$GC,1168,1.07,106.5,3805,1448,1869,1805,104.8,19.5,140,1178,0.17,2.22,0.00,0.000,5126,0.185,0.039,3758,2853,1837,1869,1805,0,0,0,0,0,0,25.36,25.53,25.47,8.51,41.49
$GC,1299,0.87,106.5,3758,2852,1868,1804,76.9,21.7,153,1308,0.20,2.08,0.00,0.000,4612,0.191,0.027,3706,1469,1835,1868,1803,0,0,0,0,0,0,25.70,25.88,25.82,8.51,42.20
$GC,1344,0.77,106.5,3706,1468,1867,1803,69.1,17.5,157,1352,0.15,2.20,0.00,0.000,5126,0.174,0.048,3664,2853,1835,1868,1803,0,0,0,0,0,0,25.79,25.94,25.96,8.50,41.88
$GC,1471,0.77,106.5,3664,2853,1867,1801,48.4,15.7,170,1481,0.00,2.10,0.00,0.000,516,0.000,0.030,3664,1467,1834,1868,1801,0,0,0,0,0,0,26.38,26.10,26.39,8.50,42.08
$GC,1506,0.77,106.5,3663,1467,1867,1801,43.8,14.5,173,1513,0.00,2.20,0.00,0.000,1030,0.000,0.050,3664,2859,1834,1868,1801,0,0,0,0,0,0,26.18,26.09,26.21,8.50,42.51
$GC,1634,0.77,106.5,3664,2859,1867,1800,24.9,13.4,186,1638,0.00,1.62,0.00,0.000,260,0.000,0.057,3665,3881,1833,1867,1800,0,0,0,0,0,0,26.48,26.15,26.49,8.50,42.40
$GC,1668,0.77,106.5,3663,3881,1867,1800,20.3,14.3,189,1676,0.00,1.50,0.00,0.000,1030,0.000,0.023,3664,2829,1833,1867,1800,0,0,0,0,0,0,26.32,26.28,26.34,8.50,42.99
$STATE,1797,end climb,SURFACE_DEPTH_REACHED
$STATE,1797,begin surface coast
$FINISH,-0.1,1.022686
$STATE,1819,end surface coast,CONTROL_FINISHED_OK
$STATE,1819,begin surface
$SM_CCo,1840,186.40,0.083,0,0,372,466.56
$SM_CCo,2031,-0.20,0.000,0,0,376,466.56
$SM_CCo,2036,0.38,0.093,0,0,373,466.56
$SM_GC,-17.57,9.82,0.70,0.38,0.090,0.054,0.093,212,3254,373,-9.95,-0.79,466.56,0,0,0,0,0,0,26.22,26.26,26.02
$IRIDIUM_FIX,4750.44,-12218.68,080625,041546
$TT8_MAMPS,0.026215,0.243425
$HUMID,40.31
$INTERNAL_PRESSURE,8.33265
$TCM_TEMP,11.80
$XPDR_PINGS,0
$ALTIM_TOP_PING,19.1,40.8
$ALTIM_BOTTOM_PING,90.8,50.2
$24V_AH,24.58,16.139
$10V_AH,10.47,6.434
$FG_AHR_24Vo,0.000
$FG_AHR_10Vo,0.000
$DEVICES,Pitch_motor,Roll_motor,VBD_pump_during_apogee,VBD_pump_during_surface,VBD_valve,Iridium_during_init,Iridium_during_connect,Iridium_during_xfer,Transponder_ping,GUMSTIX_24V,GPS,TT8,LPSleep,TT8_Active,TT8_Sampling,TT8_CF8,TT8_Kalman,Analog_circuits,GPS_charging,Compass,RAFOS,Transponder,Compass2
$DEVICE_SECS,25.400,19.225,176.100,186.775,0.000,0.000,0.000,237.175,1.500,0.000,25.259,580.204,616.411,456.838,636.325,127.359,0.000,958.469,0.000,396.220,0.000,13.315,0.000
$DEVICE_MAMPS,283.815,56.610,718.335,93.330,0.000,0.000,0.000,85.680,420.000,0.000,30.710,14.960,2.190,14.960,43.420,53.160,0.000,15.000,0.000,8.990,0.000,30.000,0.000
$SENSORS,SBE_CT,AA4330,WL_blue_red_Chl_old_fw,nil,nil,nil,nil,nil,nil,nil
$SENSOR_SECS,145.663,288.442,291.282,0.000,0.000,0.000,0.000,0.000,0.000,0.000
$SENSOR_MAMPS,23.970,0.750,0.750,0.000,0.000,0.000,0.000,0.000,0.000,0.000
$MEM,335216
$DATA_FILE_SIZE,14138,218
$CAP_FILE_SIZE,43256,0
$CFSIZE,2097872896,2067562496
$ERRORS,0,0,0,0,0,0,0,0,0,0,0,0,0,0,1,0
$CURRENT,0.041,240.25,1
$GPS,080625,053151,4750.851,-12222.059,30,1.0,48,16.3,0.3,0.0,8,5.0
