version: 66.11
glider: 175
mission: 6
dive: 13
start: 5 31 124 22 46 38
data:
$ID,175
$MISSION,6
$DIVE,13
$N_DIVES,0
$D_SURF,3
$D_FLARE,3
$D_TGT,45
$D_ABORT,1090
$D_NO_BLEED,50
$D_BOOST,3
$T_BOOST,0
$D_FINISH,0
$D_PITCH,0
$D_SAFE,0
$D_CALL,0
$SURFACE_URGENCY,0
$SURFACE_URGENCY_TRY,0
$SURFACE_URGENCY_FORCE,0
$T_DIVE,15
$T_MISSION,30
$T_ABORT,1440
$T_TURN,300
$T_TURN_SAMPINT,5
$T_NO_W,120
$T_LOITER,0
$T_EPIRB,0
$USE_BATHY,0
$USE_ICE,0
$ICE_FREEZE_MARGIN,0.30000001
$D_OFFGRID,100
$T_WATCHDOG,10
$RELAUNCH,1
$APOGEE_PITCH,-8
$MAX_BUOY,150
$COURSE_BIAS,0
$GLIDE_SLOPE,30
$SPEED_FACTOR,1
$RHO,1.023
$MASS,51682
$MASS_COMP,0
$NAV_MODE,2
$FERRY_MAX,45
$KALMAN_USE,2
$HD_A,0.003
$HD_B,0.0099999998
$HD_C,9.9999997e-06
$HEADING,-1
$ESCAPE_HEADING,0
$ESCAPE_HEADING_DELTA,10
$FIX_MISSING_TIMEOUT,0
$TGT_DEFAULT_LAT,4743
$TGT_DEFAULT_LON,-12225
$TGT_AUTO_DEFAULT,0
$SM_CC,551
$N_FILEKB,4
$FILEMGR,0
$CALL_NDIVES,1
$COMM_SEQ,0
$PROTOCOL,9
$N_NOCOMM,1
$NOCOMM_ACTION,0
$N_NOSURFACE,0
$UPLOAD_DIVES_MAX,-1
$CALL_TRIES,5
$CALL_WAIT,60
$CAPUPLOAD,1
$CAPMAXSIZE,200000
$HEAPDBG,0
$T_GPS,15
$N_GPS,30
$T_GPS_ALMANAC,0
$T_GPS_CHARGE,-30222.137
$T_RSLEEP,2
$STROBE,0
$RAFOS_PEAK_OFFSET,1.5
$RAFOS_CORR_THRESH,60
$RAFOS_HIT_WINDOW,3600
$PITCH_MIN,146
$PITCH_MAX,3935
$C_PITCH,2961
$PITCH_DBAND,0.0099999998
$PITCH_CNV,0.003125763
$P_OVSHOOT,0.039999999
$PITCH_GAIN,30
$PITCH_TIMEOUT,17
$PITCH_AD_RATE,160
$PITCH_MAXERRORS,1
$PITCH_ADJ_GAIN,0.02
$PITCH_ADJ_DBAND,2.5
$ROLL_MIN,171
$ROLL_MAX,3723
$ROLL_DEG,40
$C_ROLL_DIVE,2161
$C_ROLL_CLIMB,1962
$HEAD_ERRBAND,10
$ROLL_CNV,0.028270001
$ROLL_TIMEOUT,15
$R_PORT_OVSHOOT,69
$R_STBD_OVSHOOT,77
$ROLL_AD_RATE,300
$ROLL_MAXERRORS,2
$ROLL_ADJ_GAIN,0
$ROLL_ADJ_DBAND,0
$VBD_MIN,465
$VBD_MAX,3960
$C_VBD,2701
$VBD_DBAND,2
$VBD_CNV,-0.25119999
$VBD_TIMEOUT,720
$PITCH_VBD_SHIFT,0.0012300001
$VBD_PUMP_AD_RATE_SURFACE,5
$VBD_PUMP_AD_RATE_APOGEE,4
$VBD_BLEED_AD_RATE,8
$UNCOM_BLEED,60
$VBD_MAXERRORS,1
$W_ADJ_DBAND,2
$DBDW,0
$PITCH_W_GAIN,0
$PITCH_W_DBAND,1
$CF8_MAXERRORS,5
$AH0_24V,145
$AH0_10V,95
$MINV_24V,19
$MINV_10V,8
$FG_AHR_10V,0
$FG_AHR_24V,0
$PHONE_SUPPLY,2
$PRESSURE_YINT,-39.48082
$PRESSURE_SLOPE,0.0001165895
$AD7714Ch0Gain,128
$TCM_PITCH_OFFSET,0
$TCM_ROLL_OFFSET,0
$COMPASS_USE,4
$ALTIM_BOTTOM_PING_RANGE,0
$ALTIM_TOP_PING_RANGE,20
$ALTIM_BOTTOM_TURN_MARGIN,10
$ALTIM_TOP_TURN_MARGIN,0
$ALTIM_TOP_MIN_OBSTACLE,1
$ALTIM_PING_DEPTH,25
$ALTIM_PING_DELTA,5
$ALTIM_FREQUENCY,13
$ALTIM_PULSE,3
$ALTIM_SENSITIVITY,3
$XPDR_VALID,5
$XPDR_INHIBIT,90
$INT_PRESSURE_SLOPE,0.0097660003
$INT_PRESSURE_YINT,-0.40000001
$DEEPGLIDER,0
$DEEPGLIDERMB,0
$MOTHERBOARD,4
$DEVICE1,2
$DEVICE2,20
$DEVICE3,-1
$DEVICE4,-1
$DEVICE5,-1
$DEVICE6,-1
$LOGGERS,7
$LOGGERDEVICE1,-1
$LOGGERDEVICE2,-1
$LOGGERDEVICE3,-1
$LOGGERDEVICE4,-1
$COMPASS_DEVICE,33
$COMPASS2_DEVICE,-1
$PHONE_DEVICE,49
$GPS_DEVICE,32
$RAFOS_DEVICE,-1
$XPDR_DEVICE,24
$SIM_W,0
$SIM_PITCH,0
$SEABIRD_T_G,0.0043275012
$SEABIRD_T_H,0.0006214368
$SEABIRD_T_I,2.2085376e-05
$SEABIRD_T_J,2.2233748e-06
$SEABIRD_C_G,-10.084761
$SEABIRD_C_H,1.1595923
$SEABIRD_C_I,-0.0010180317
$SEABIRD_C_J,0.00017345669
$GPS1,310524,224253,4731.914,-12227.826,8,2.4,38,18.1
$_CALLS,1
$_XMS_NAKs,0
$_XMS_TOUTs,0
$_SM_DEPTHo,0.49
$_SM_ANGLEo,-68.5
$GPS2,310524,224610,4731.918,-12227.838,9,1.0,15,18.1
$SPEED_LIMITS,0.173,0.260
$TGT_NAME,end_175
$TGT_LATLONG,4733.000,-12225.000
$TGT_RADIUS,200.000
$KALMAN_CONTROL,0.000,0.000
$KALMAN_X,0.0,0.0,0.0,0.0,0.0
$KALMAN_Y,0.0,0.0,0.0,0.0,0.0
$MHEAD_RNG_PITCHd_Wd,33.7,4074,-17.5,-10.000,-21.04,2225
$D_GRID,45
$GCHEAD,st_secs,pitch_ctl,vbd_ctl,pitch_ad_start,roll_ad_start,vbd_pot1_ad_start,vbd_pot2_ad_start,depth,ob_vertv,data_pts,end_secs,pitch_secs,roll_secs,vbd_secs,vbd_i,gcphase,pitch_i,roll_i,pitch_ad,roll_ad,vbd_ad,vbd_pot1_ad,vbd_pot2_ad,pitch_retries,pitch_errors,roll_retries,roll_errors,vbd_retries,vbd_errors,pitch_volts,roll_volts,vbd_volts
$STATE,13,end surface,CONTROL_FINISHED_OK
$STATE,13,begin dive
$GC,14,-0.76,-146.6,130,2193,544,458,0.0,0.0,0,124,0.00,0.00,-106.82,0.000,16390,0.000,0.000,130,2193,3287,3385,3189,0,0,0,0,0,0,28.83,28.83,26.36
$GC,127,-0.76,-146.6,130,2193,3386,3191,3.1,-6.8,19,146,10.62,2.17,0.00,0.000,2564,0.226,0.030,2710,768,3294,3398,3191,0,0,0,0,0,0,25.13,25.89,28.83
$GC,311,-0.67,-146.6,2710,768,3407,3187,27.0,-13.4,49,320,0.15,2.03,0.00,0.000,3078,0.177,0.029,2743,2130,3297,3407,3187,0,0,0,0,0,0,25.58,26.00,28.83
$GC,439,-0.67,-146.6,2743,2133,3410,3186,38.2,-3.0,62,447,0.00,2.03,0.00,0.000,516,0.000,0.031,2744,771,3297,3410,3185,0,0,0,0,0,0,28.83,26.01,28.83
$STATE,451,end dive,BOTTOM_OBSTACLE_DETECTED
$STATE,451,begin apogee
$GC,456,-0.27,0.0,2744,1983,3410,3186,39.0,-4.6,63,580,0.40,0.00,115.00,0.480,10246,0.131,0.000,2870,1985,2699,2786,2612,0,0,0,0,0,0,25.57,28.83,24.45
$STATE,581,end apogee,CONTROL_FINISHED_OK
$STATE,581,begin climb
$GC,582,0.76,146.6,2870,1986,2786,2612,42.9,0.0,76,701,1.00,0.00,114.28,0.463,10758,0.097,0.000,3199,1988,2116,2214,2018,0,0,0,0,0,0,25.18,28.83,24.34
$GC,820,0.78,210.0,3199,1989,2209,2012,21.9,7.1,100,874,0.00,2.28,49.25,0.448,10756,0.000,0.040,3199,580,1864,1985,1744,0,0,0,0,0,0,28.83,25.32,24.50
$GC,905,0.78,210.0,2320,580,1930,1737,14.0,10.3,113,913,0.00,2.05,0.00,0.000,3078,0.000,0.021,3199,1969,1860,1977,1744,0,0,0,0,0,0,28.83,25.58,28.83
$GC,975,0.78,210.0,3199,1969,1976,1741,6.3,11.1,126,980,0.00,0.00,0.00,0.000,2054,0.000,0.000,3199,1969,1858,1976,1741,0,0,0,0,0,0,28.83,28.83,28.83
$STATE,1005,end climb,SURFACE_DEPTH_REACHED
$STATE,1006,begin surface coast
$FINISH,0.4,1.022323
$STATE,1033,end surface coast,CONTROL_FINISHED_OK
$STATE,1033,begin surface
$SM_CCo,1048,252.10,0.091,1,0,506,551.13
$SM_GC,0.38,8.38,0.25,252.10,0.047,0.048,0.091,139,2178,506,-8.75,-1.64,551.13,0,0,0,0,1,0,25.76,25.94,24.72
$IRIDIUM_FIX,4716.56,-12227.05,280317,111127
$TT8_MAMPS,0.027713,0.027713
$HUMID,35.54
$INTERNAL_PRESSURE,8.68238
$TCM_TEMP,19.70
$XPDR_PINGS,33
$ALTIM_TOP_PING,20.0,19.5
$ALTIM_BOTTOM_PING,30.2,18.2
$24V_AH,24.3,29.300
$10V_AH,10.1,12.993
$FG_AHR_24Vo,0.000
$FG_AHR_10Vo,0.000
$DEVICES,Pitch_motor,Roll_motor,VBD_pump_during_apogee,VBD_pump_during_surface,VBD_valve,Iridium_during_init,Iridium_during_connect,Iridium_during_xfer,Transponder_ping,GUMSTIX_24V,GPS,TT8,LPSleep,TT8_Active,TT8_Sampling,TT8_CF8,TT8_Kalman,Analog_circuits,GPS_charging,Compass,RAFOS,Transponder,Compass2
$DEVICE_SECS,20.550,12.625,278.525,252.100,0.000,27.393,16.469,78.111,9.250,0.000,17.888,302.921,215.862,586.586,403.834,22.157,0.000,797.594,0.000,254.500,0.000,8.601,0.000
$DEVICE_MAMPS,225.675,48.195,480.420,91.035,0.000,43.600,160.000,223.000,420.000,0.000,28.460,13.960,2.190,13.960,37.930,44.670,0.000,16.000,0.000,15.730,0.000,30.000,0.000
$SENSORS,SBE_CT,SBE_O2,nil,nil,nil,nil,nil,nil,nil,nil
$SENSOR_SECS,87.807,0.000,0.000,0.000,0.000,0.000,0.000,0.000,0.000,0.000
$SENSOR_MAMPS,23.220,0.000,0.000,0.000,0.000,0.000,0.000,0.000,0.000,0.000
$MEM,328556
$DATA_FILE_SIZE,3562,137
$CAP_FILE_SIZE,26816,0
$CFSIZE,260165632,256188416
$ERRORS,0,0,0,0,0,0,0,0,0,0,0,0,0,1,0,0
$CURRENT,0.098, 47.7,1
$GPS,310524,230916,4732.044,-12227.637,11,1.5,16,18.1
