version: 66.14
glider: 194
mission: 16
dive: 130
start: 6 4 125 18 48 15
data:
$ID,194
$MISSION,16
$DIVE,130
$N_DIVES,0
$STOP_T,0
$D_SURF,3
$D_FLARE,2
$D_TGT,150
$D_ABORT,1090
$D_NO_BLEED,50
$D_BOOST,3
$T_BOOST,0
$D_FINISH,0
$D_PITCH,0
$D_SAFE,0
$D_CALL,0
$SURFACE_URGENCY,0
$SURFACE_URGENCY_TRY,0
$SURFACE_URGENCY_FORCE,0
$T_DIVE,50
$T_MISSION,65
$T_ABORT,1440
$T_TURN,300
$T_TURN_SAMPINT,5
$T_NO_W,120
$T_LOITER,0
$T_SLOITER,60
$T_EPIRB,0
$USE_BATHY,0
$USE_ICE,0
$ICE_FREEZE_MARGIN,0.30000001
$D_OFFGRID,100
$T_WATCHDOG,10
$RELAUNCH,1
$APOGEE_PITCH,-8
$MAX_BUOY,150
$COURSE_BIAS,0
$GLIDE_SLOPE,30
$SPEED_FACTOR,1
$RHO,1.023
$MASS,53609
$MASS_COMP,0
$NAV_MODE,2
$FERRY_MAX,45
$KALMAN_USE,2
$HD_A,0.003
$HD_B,0.0099999998
$HD_C,9.9999997e-06
$HEADING,-1
$ESCAPE_HEADING,0
$ESCAPE_HEADING_DELTA,10
$FIX_MISSING_TIMEOUT,0
$TGT_DEFAULT_LAT,4736
$TGT_DEFAULT_LON,-12225
$TGT_AUTO_DEFAULT,0
$SM_CC,535
$N_FILEKB,4
$FILEMGR,0
$CALL_NDIVES,1
$COMM_SEQ,0
$PROTOCOL,9
$N_NOCOMM,1
$NOCOMM_ACTION,0
$N_NOSURFACE,0
$UPLOAD_DIVES_MAX,-1
$CALL_TRIES,5
$CALL_WAIT,60
$CAPUPLOAD,1
$CAPMAXSIZE,200000
$HEAPDBG,0
$T_GPS,15
$N_GPS,50840
$T_RSLEEP,0
$STROBE,0
$RAFOS_PEAK_OFFSET,1.5
$RAFOS_CORR_THRESH,60
$RAFOS_HIT_WINDOW,3600
$RAFOS_MMODEM,0
$PITCH_MIN,199
$PITCH_MAX,3894
$C_PITCH,3411
$PITCH_DBAND,0.1
$PITCH_CNV,0.003125763
$P_OVSHOOT,0.039999999
$P_OVSHOOT_WITHG,0.1
$PITCH_GAIN,23
$PITCH_TIMEOUT,17
$PITCH_AD_RATE,160
$PITCH_MAXERRORS,1
$PITCH_ADJ_GAIN,0.02
$PITCH_ADJ_DBAND,2.5
$ROLL_MIN,291
$ROLL_MAX,3873
$ROLL_DEG,40
$C_ROLL_DIVE,3250
$C_ROLL_CLIMB,2850
$HEAD_ERRBAND,10
$ROLL_CNV,0.028270001
$ROLL_TIMEOUT,15
$R_PORT_OVSHOOT,71
$R_STBD_OVSHOOT,25
$ROLL_AD_RATE,350
$ROLL_MAXERRORS,2
$ROLL_ADJ_GAIN,0
$ROLL_ADJ_DBAND,0
$VBD_MIN,375
$VBD_MAX,3900
$C_VBD,2277
$VBD_DBAND,2
$VBD_CNV,-0.24529999
$VBD_LP_IGNORE,0
$VBD_TIMEOUT,720
$PITCH_VBD_SHIFT,0.001
$VBD_PUMP_AD_RATE_SURFACE,5
$VBD_PUMP_AD_RATE_APOGEE,4
$VBD_BLEED_AD_RATE,8
$UNCOM_BLEED,60
$VBD_MAXERRORS,1
$W_ADJ_DBAND,2
$DBDW,0
$PITCH_W_GAIN,0
$PITCH_W_DBAND,1
$CF8_MAXERRORS,5
$AH0_24V,142
$AH0_10V,95
$MINV_24V,19
$MINV_10V,8
$MAXI_24V,0.80000001
$MAXI_10V,0.60000002
$FG_AHR_10V,0
$FG_AHR_24V,0
$PHONE_SUPPLY,-2
$PRESSURE_YINT,-38.315674
$PRESSURE_SLOPE,0.0001158091
$AD7714Ch0Gain,128
$TCM_PITCH_OFFSET,0
$TCM_ROLL_OFFSET,0
$COMPASS_USE,4
$ALTIM_BOTTOM_PING_RANGE,0
$ALTIM_TOP_PING_RANGE,20
$ALTIM_BOTTOM_TURN_MARGIN,25
$ALTIM_TOP_TURN_MARGIN,0
$ALTIM_TOP_MIN_OBSTACLE,1
$ALTIM_PING_DEPTH,80
$ALTIM_PING_DELTA,5
$ALTIM_FREQUENCY,13
$ALTIM_PULSE,3
$ALTIM_SENSITIVITY,3
$XPDR_VALID,3
$XPDR_INHIBIT,90
$INT_PRESSURE_SLOPE,0.0097660003
$INT_PRESSURE_YINT,1.223
$DEEPGLIDER,0
$MOTHERBOARD,4
$DEVICE1,2
$DEVICE2,101
$DEVICE3,35
$DEVICE4,-1
$DEVICE5,-1
$DEVICE6,-1
$LOGGERS,0
$LOGGERDEVICE1,-1
$LOGGERDEVICE2,-1
$LOGGERDEVICE3,-1
$LOGGERDEVICE4,-1
$COMPASS_DEVICE,33
$COMPASS2_DEVICE,-1
$PHONE_DEVICE,49
$GPS_DEVICE,32
$RAFOS_DEVICE,-1
$XPDR_DEVICE,24
$SIM_W,0
$SIM_PITCH,0
$SEABIRD_T_G,0.0044373036
$SEABIRD_T_H,0.00066103507
$SEABIRD_T_I,2.7719814e-05
$SEABIRD_T_J,3.4688812e-06
$SEABIRD_C_G,-10.004086
$SEABIRD_C_H,1.1698962
$SEABIRD_C_I,-0.0014983811
$SEABIRD_C_J,0.00019441421
$SEABIRD_C_Z,2927.3301
$GPS1,040625,184005,4750.8384,-12226.1904,40,0.7,53,16.3,0.4,230.0,10,4.9
$_CALLS,1
$_XMS_NAKs,0
$_XMS_TOUTs,0
$_SM_DEPTHo,-15.27
$_SM_ANGLEo,-70.9
$GPS2,040625,184739,4750.8120,-12226.2734,10,0.7,20,16.3,0.2,275.2,10,5.0
$SPEED_LIMITS,0.173,0.260
$TGT_NAME,EAST_194
$TGT_LATLONG,4750.700,-12222.000
$TGT_RADIUS,400.000
$KALMAN_CONTROL,0.000000,0.000000
$KALMAN_X,0.000000,0.000000,0.000000,0.000000,0.000000
$KALMAN_Y,0.000000,0.000000,0.000000,0.000000,0.000000
$MHEAD_RNG_PITCHd_Wd,58.4,5315,-17.4,-10.000,-21.00,2234
$D_GRID,150
$GCHEAD,st_secs,pitch_ctl,vbd_ctl,pitch_ad_start,roll_ad_start,vbd_pot1_ad_start,vbd_pot2_ad_start,depth,ob_vertv,data_pts,end_secs,pitch_secs,roll_secs,vbd_secs,vbd_i,gcphase,pitch_i,roll_i,pitch_ad,roll_ad,vbd_ad,vbd_pot1_ad,vbd_pot2_ad,pitch_retries,pitch_errors,roll_retries,roll_errors,vbd_retries,vbd_errors,pitch_volts,roll_volts,vbd_volts,int_press,humidity
$STATE,5,end surface,CONTROL_FINISHED_OK
$STATE,5,begin dive
$GC,72,-0.90,-146.6,209,3257,352,389,-14.8,-0.6,12,161,0.00,0.00,-83.88,0.000,16390,0.000,0.000,210,3257,2876,2890,2862,0,0,0,0,0,0,26.39,25.12,26.40,8.36,41.92
$GC,165,-0.90,-146.6,210,3257,2890,2863,-9.0,-13.5,27,184,12.75,2.10,0.00,0.000,2820,0.279,0.028,3110,1854,2878,2895,2862,0,0,0,0,0,0,25.79,26.07,25.97,8.59,41.45
$GC,223,-0.53,-146.6,3109,1853,2902,2857,13.0,-24.9,37,230,0.45,2.20,0.00,0.000,3078,0.206,0.050,3232,3249,2880,2903,2857,0,0,0,0,0,0,25.91,26.09,26.11,8.59,41.45
$GC,299,-0.43,-146.6,3231,3249,2904,2855,24.5,-13.4,48,303,0.10,1.00,0.00,0.000,2308,0.199,0.063,3264,3871,2879,2904,2855,0,0,0,0,0,0,26.03,26.14,26.13,8.59,42.12
$GC,483,-0.43,-146.6,3263,3871,2906,2855,44.1,-10.1,66,486,0.00,0.85,0.00,0.000,1030,0.000,0.028,3264,3278,2880,2905,2855,0,0,0,0,0,0,26.36,26.34,26.37,8.59,42.28
$GC,614,-0.43,-146.6,3263,3278,2906,2855,57.4,-10.1,79,619,0.00,2.15,0.00,0.000,516,0.000,0.028,3264,1833,2880,2906,2855,0,0,0,0,0,0,26.60,26.34,26.61,8.59,42.75
$GC,740,-0.43,-146.6,3263,1832,2907,2854,68.1,-8.4,91,747,0.00,2.25,0.00,0.000,1030,0.000,0.058,3264,3247,2881,2908,2854,0,0,0,0,0,0,26.41,26.29,26.44,8.60,42.67
$GC,867,-0.43,-146.6,3263,3247,2908,2854,78.9,-7.8,104,871,0.00,1.00,0.00,0.000,260,0.000,0.068,3264,3872,2881,2908,2854,0,0,0,0,0,0,26.67,26.34,26.67,8.60,42.20
$GC,952,-0.43,-146.6,3264,3872,2908,2854,85.7,-8.1,112,958,0.00,0.90,0.00,0.000,1030,0.000,0.031,3264,3249,2881,2908,2854,0,0,0,0,0,0,26.48,26.44,26.48,8.60,42.67
$GC,1079,-0.43,-146.6,3263,3249,2908,2854,96.7,-9.0,125,1080,0.00,0.00,0.00,0.000,6,0.000,0.000,3264,3249,2881,2908,2854,0,0,0,0,0,0,26.70,26.72,26.71,8.59,42.16
$GC,1200,-0.48,-146.6,3263,3249,2908,2854,106.0,-8.0,137,1204,0.00,1.00,0.00,0.000,260,0.000,0.063,3264,3874,2881,2908,2854,0,0,0,0,0,0,26.72,26.41,26.73,8.59,42.99
$GC,1266,-0.48,-146.6,3263,3873,2908,2854,111.3,-7.9,143,1270,0.00,0.90,0.00,0.000,1030,0.000,0.031,3264,3249,2881,2908,2854,0,0,0,0,0,0,26.52,26.49,26.54,8.59,43.06
$GC,1399,-0.55,-146.6,3263,3249,2908,2854,120.9,-7.1,156,1407,0.00,2.03,0.00,0.000,516,0.000,0.028,3264,1851,2881,2908,2854,0,0,0,0,0,0,26.74,26.48,26.75,8.59,42.51
$GC,1503,-0.65,-146.6,3263,1850,2908,2854,128.0,-6.8,166,1512,0.10,2.22,0.00,0.000,5126,0.058,0.059,3201,3255,2881,2909,2853,0,0,0,0,0,0,26.48,26.41,26.52,8.59,42.51
$GC,1633,-0.59,-146.6,3201,3254,2908,2853,141.1,-10.6,179,1638,0.00,2.10,0.00,0.000,516,0.000,0.026,3200,1840,2880,2908,2853,0,0,0,0,0,0,26.77,26.51,26.77,8.59,42.24
$GC,1707,-0.59,-146.6,3199,1840,2908,2853,147.9,-9.3,186,1716,0.00,2.22,0.00,0.000,1030,0.000,0.056,3199,3254,2880,2908,2853,0,0,0,0,0,0,26.49,26.43,26.53,8.59,42.12
$STATE,1733,end dive,TARGET_DEPTH_EXCEEDED
$STATE,1734,begin apogee
$GC,1740,-0.35,0.0,3199,2850,2908,2853,151.0,-9.9,189,1865,0.28,0.00,118.30,0.754,10246,0.155,0.000,3290,2849,2275,2312,2238,0,0,0,0,0,0,26.33,24.99,24.58,8.59,42.32
$STATE,1866,end apogee,CONTROL_FINISHED_OK
$STATE,1866,begin climb
$GC,1869,0.90,146.6,3290,2849,2312,2238,155.7,0.0,202,2001,1.20,2.22,120.97,0.731,10756,0.133,0.031,3675,1447,1677,1713,1641,0,0,0,0,0,0,25.23,25.06,24.49,8.55,41.65
$GC,2090,0.78,146.6,3674,1446,1709,1640,127.2,14.7,224,2099,0.00,2.25,0.00,0.000,1030,0.000,0.048,3674,2860,1674,1709,1640,0,0,0,0,0,0,25.73,25.67,25.75,8.49,41.57
$GC,2219,0.60,146.6,3675,2860,1709,1639,105.1,18.7,237,2229,0.20,2.12,0.00,0.000,4612,0.160,0.028,3613,1444,1674,1709,1639,0,0,0,0,0,0,25.80,25.96,25.90,8.48,41.73
$GC,2273,0.60,146.6,3612,1443,1709,1638,98.3,11.3,242,2282,0.00,2.22,0.00,0.000,1030,0.000,0.046,3613,2857,1673,1709,1638,0,0,0,0,0,0,26.03,25.99,26.06,8.49,41.80
$GC,2403,0.60,146.6,3612,2857,1709,1637,83.8,10.4,255,2406,0.00,1.62,0.00,0.000,260,0.000,0.057,3613,3881,1673,1709,1637,0,0,0,0,0,0,26.40,26.09,26.41,8.48,42.12
$GC,2566,0.51,146.6,3612,3882,1709,1638,63.8,12.0,271,2570,0.12,1.52,0.00,0.000,5126,0.163,0.022,3574,2784,1672,1708,1637,0,0,0,0,0,0,26.10,26.29,26.24,8.48,42.40
$GC,2700,0.63,195.5,3574,2782,1708,1637,53.0,7.8,284,2748,0.00,2.08,39.30,0.677,10756,0.000,0.029,3575,1432,1477,1520,1435,0,0,0,0,0,0,26.56,25.67,25.09,8.48,42.16
$GC,2817,0.83,272.0,3574,1431,1519,1435,44.8,6.5,295,2884,0.22,2.25,59.70,0.669,11270,0.054,0.044,3677,2858,1166,1210,1122,0,0,0,0,0,0,25.95,25.90,24.75,8.46,42.36
$GC,3002,0.77,272.0,3677,2858,1210,1118,17.8,15.0,315,3009,0.00,2.17,0.00,0.000,516,0.000,0.031,3678,1437,1164,1210,1118,0,0,0,0,0,0,26.13,25.86,26.14,8.43,41.41
$GC,3017,0.72,272.0,3677,1437,1210,1118,15.6,15.1,317,3026,0.12,2.28,0.00,0.000,5126,0.145,0.050,3640,2856,1164,1210,1118,0,0,0,0,0,0,25.77,25.85,25.90,8.43,41.57
$GC,3090,0.72,272.0,3639,2855,1210,1117,6.7,11.5,330,3096,0.00,1.62,0.00,0.000,260,0.000,0.062,3640,3872,1163,1210,1117,0,0,0,0,0,0,26.27,25.94,26.27,8.43,42.40
$STATE,3122,end climb,SURFACE_DEPTH_REACHED
$STATE,3122,begin surface coast
$FINISH,2.1,1.022468
$STATE,3127,end surface coast,CONTROL_FINISHED_OK
$STATE,3128,begin surface
$SM_CCo,3149,103.32,0.085,0,0,373,466.56
$SM_CCo,3256,-0.20,0.000,0,0,376,466.56
$SM_CCo,3261,0.35,0.093,0,0,373,466.56
$SM_GC,-15.50,9.55,0.95,0.35,0.072,0.028,0.093,209,3238,373,-9.95,1.33,466.56,0,0,0,0,0,0,26.01,26.09,25.93
$IRIDIUM_FIX,4749.12,-12230.24,040625,173319
$TT8_MAMPS,0.025466,0.234437
$HUMID,41.14
$INTERNAL_PRESSURE,8.32288
$TCM_TEMP,11.70
$XPDR_PINGS,0
$ALTIM_TOP_PING,19.3,39.3
$ALTIM_BOTTOM_PING,130.6,51.8
$24V_AH,24.49,9.875
$10V_AH,10.51,3.851
$FG_AHR_24Vo,0.000
$FG_AHR_10Vo,0.000
$DEVICES,Pitch_motor,Roll_motor,VBD_pump_during_apogee,VBD_pump_during_surface,VBD_valve,Iridium_during_init,Iridium_during_connect,Iridium_during_xfer,Transponder_ping,GUMSTIX_24V,GPS,TT8,LPSleep,TT8_Active,TT8_Sampling,TT8_CF8,TT8_Kalman,Analog_circuits,GPS_charging,Compass,RAFOS,Transponder,Compass2
$DEVICE_SECS,25.100,46.850,338.275,103.675,0.000,0.000,0.000,338.775,3.500,0.000,21.314,892.912,1118.369,517.788,1038.824,171.531,0.000,1301.951,0.000,694.514,0.000,26.198,0.000
$DEVICE_MAMPS,279.225,68.085,753.525,93.330,0.000,0.000,0.000,78.795,420.000,0.000,30.710,14.960,2.190,14.960,43.420,53.160,0.000,15.000,0.000,8.990,0.000,30.000,0.000
$SENSORS,SBE_CT,AA4330,WL_blue_red_Chl_old_fw,nil,nil,nil,nil,nil,nil,nil
$SENSOR_SECS,225.725,446.116,450.506,0.000,0.000,0.000,0.000,0.000,0.000,0.000
$SENSOR_MAMPS,23.970,0.750,0.750,0.000,0.000,0.000,0.000,0.000,0.000,0.000
$MEM,335072
$DATA_FILE_SIZE,24521,337
$CAP_FILE_SIZE,66447,0
$CFSIZE,2097872896,2077163520
$ERRORS,0,0,0,0,0,0,0,0,0,0,0,0,0,0,2,0
$CURRENT,0.106,98.45,1
$GPS,040625,194415,4750.870,-12225.485,42,1.0,54,16.3,0.3,0.0,8,5.0
