version: 66.14
glider: 194
mission: 16
dive: 129
start: 6 4 125 17 39 53
data:
$ID,194
$MISSION,16
$DIVE,129
$N_DIVES,0
$STOP_T,0
$D_SURF,3
$D_FLARE,2
$D_TGT,200
$D_ABORT,1090
$D_NO_BLEED,50
$D_BOOST,3
$T_BOOST,0
$D_FINISH,0
$D_PITCH,0
$D_SAFE,0
$D_CALL,0
$SURFACE_URGENCY,0
$SURFACE_URGENCY_TRY,0
$SURFACE_URGENCY_FORCE,0
$T_DIVE,65
$T_MISSION,80
$T_ABORT,1440
$T_TURN,300
$T_TURN_SAMPINT,5
$T_NO_W,120
$T_LOITER,0
$T_SLOITER,60
$T_EPIRB,0
$USE_BATHY,0
$USE_ICE,0
$ICE_FREEZE_MARGIN,0.30000001
$D_OFFGRID,100
$T_WATCHDOG,10
$RELAUNCH,1
$APOGEE_PITCH,-8
$MAX_BUOY,150
$COURSE_BIAS,0
$GLIDE_SLOPE,30
$SPEED_FACTOR,1
$RHO,1.023
$MASS,53609
$MASS_COMP,0
$NAV_MODE,2
$FERRY_MAX,45
$KALMAN_USE,2
$HD_A,0.003
$HD_B,0.0099999998
$HD_C,9.9999997e-06
$HEADING,-1
$ESCAPE_HEADING,0
$ESCAPE_HEADING_DELTA,10
$FIX_MISSING_TIMEOUT,0
$TGT_DEFAULT_LAT,4736
$TGT_DEFAULT_LON,-12225
$TGT_AUTO_DEFAULT,0
$SM_CC,535
$N_FILEKB,4
$FILEMGR,0
$CALL_NDIVES,1
$COMM_SEQ,0
$PROTOCOL,9
$N_NOCOMM,1
$NOCOMM_ACTION,0
$N_NOSURFACE,0
$UPLOAD_DIVES_MAX,-1
$CALL_TRIES,5
$CALL_WAIT,60
$CAPUPLOAD,1
$CAPMAXSIZE,200000
$HEAPDBG,0
$T_GPS,15
$N_GPS,50840
$T_RSLEEP,0
$STROBE,0
$RAFOS_PEAK_OFFSET,1.5
$RAFOS_CORR_THRESH,60
$RAFOS_HIT_WINDOW,3600
$RAFOS_MMODEM,0
$PITCH_MIN,199
$PITCH_MAX,3894
$C_PITCH,3411
$PITCH_DBAND,0.1
$PITCH_CNV,0.003125763
$P_OVSHOOT,0.039999999
$P_OVSHOOT_WITHG,0.1
$PITCH_GAIN,23
$PITCH_TIMEOUT,17
$PITCH_AD_RATE,160
$PITCH_MAXERRORS,1
$PITCH_ADJ_GAIN,0.02
$PITCH_ADJ_DBAND,2.5
$ROLL_MIN,291
$ROLL_MAX,3873
$ROLL_DEG,40
$C_ROLL_DIVE,3250
$C_ROLL_CLIMB,2850
$HEAD_ERRBAND,10
$ROLL_CNV,0.028270001
$ROLL_TIMEOUT,15
$R_PORT_OVSHOOT,64
$R_STBD_OVSHOOT,23
$ROLL_AD_RATE,350
$ROLL_MAXERRORS,2
$ROLL_ADJ_GAIN,0
$ROLL_ADJ_DBAND,0
$VBD_MIN,375
$VBD_MAX,3900
$C_VBD,2277
$VBD_DBAND,2
$VBD_CNV,-0.24529999
$VBD_LP_IGNORE,0
$VBD_TIMEOUT,720
$PITCH_VBD_SHIFT,0.001
$VBD_PUMP_AD_RATE_SURFACE,5
$VBD_PUMP_AD_RATE_APOGEE,4
$VBD_BLEED_AD_RATE,8
$UNCOM_BLEED,60
$VBD_MAXERRORS,1
$W_ADJ_DBAND,2
$DBDW,0
$PITCH_W_GAIN,0
$PITCH_W_DBAND,1
$CF8_MAXERRORS,5
$AH0_24V,142
$AH0_10V,95
$MINV_24V,19
$MINV_10V,8
$MAXI_24V,0.80000001
$MAXI_10V,0.60000002
$FG_AHR_10V,0
$FG_AHR_24V,0
$PHONE_SUPPLY,-2
$PRESSURE_YINT,-38.315674
$PRESSURE_SLOPE,0.0001158091
$AD7714Ch0Gain,128
$TCM_PITCH_OFFSET,0
$TCM_ROLL_OFFSET,0
$COMPASS_USE,4
$ALTIM_BOTTOM_PING_RANGE,0
$ALTIM_TOP_PING_RANGE,20
$ALTIM_BOTTOM_TURN_MARGIN,25
$ALTIM_TOP_TURN_MARGIN,0
$ALTIM_TOP_MIN_OBSTACLE,1
$ALTIM_PING_DEPTH,80
$ALTIM_PING_DELTA,5
$ALTIM_FREQUENCY,13
$ALTIM_PULSE,3
$ALTIM_SENSITIVITY,3
$XPDR_VALID,3
$XPDR_INHIBIT,90
$INT_PRESSURE_SLOPE,0.0097660003
$INT_PRESSURE_YINT,1.223
$DEEPGLIDER,0
$MOTHERBOARD,4
$DEVICE1,2
$DEVICE2,101
$DEVICE3,35
$DEVICE4,-1
$DEVICE5,-1
$DEVICE6,-1
$LOGGERS,0
$LOGGERDEVICE1,-1
$LOGGERDEVICE2,-1
$LOGGERDEVICE3,-1
$LOGGERDEVICE4,-1
$COMPASS_DEVICE,33
$COMPASS2_DEVICE,-1
$PHONE_DEVICE,49
$GPS_DEVICE,32
$RAFOS_DEVICE,-1
$XPDR_DEVICE,24
$SIM_W,0
$SIM_PITCH,0
$SEABIRD_T_G,0.0044373036
$SEABIRD_T_H,0.00066103507
$SEABIRD_T_I,2.7719814e-05
$SEABIRD_T_J,3.4688812e-06
$SEABIRD_C_G,-10.004086
$SEABIRD_C_H,1.1698962
$SEABIRD_C_I,-0.0014983811
$SEABIRD_C_J,0.00019441421
$SEABIRD_C_Z,2927.3301
$GPS1,040625,173131,4750.8564,-12227.1270,29,0.9,56,16.3,0.0,0.0,9,3.0
$_CALLS,1
$_XMS_NAKs,0
$_XMS_TOUTs,0
$_SM_DEPTHo,-15.30
$_SM_ANGLEo,-72.5
$GPS2,040625,173913,4750.8535,-12227.1475,10,0.9,15,16.3,0.0,0.0,9,4.8
$SPEED_LIMITS,0.178,0.262
$TGT_NAME,EAST_194
$TGT_LATLONG,4750.700,-12222.000
$TGT_RADIUS,400.000
$KALMAN_CONTROL,0.000000,0.000000
$KALMAN_X,0.000000,0.000000,0.000000,0.000000,0.000000
$KALMAN_Y,0.000000,0.000000,0.000000,0.000000,0.000000
$MHEAD_RNG_PITCHd_Wd,45.7,6404,-17.9,-10.256,-21.36,2171
$D_GRID,200
$GCHEAD,st_secs,pitch_ctl,vbd_ctl,pitch_ad_start,roll_ad_start,vbd_pot1_ad_start,vbd_pot2_ad_start,depth,ob_vertv,data_pts,end_secs,pitch_secs,roll_secs,vbd_secs,vbd_i,gcphase,pitch_i,roll_i,pitch_ad,roll_ad,vbd_ad,vbd_pot1_ad,vbd_pot2_ad,pitch_retries,pitch_errors,roll_retries,roll_errors,vbd_retries,vbd_errors,pitch_volts,roll_volts,vbd_volts,int_press,humidity
$STATE,4,end surface,CONTROL_FINISHED_OK
$STATE,4,begin dive
$GC,72,-0.92,-146.6,206,3240,351,390,-14.7,-0.2,12,158,0.00,0.00,-82.18,0.000,16390,0.000,0.000,207,3240,2877,2893,2861,0,0,0,0,0,0,26.39,25.10,26.39,8.36,42.04
$GC,162,-0.92,-146.6,208,3240,2893,2861,-8.9,-14.4,27,181,12.93,0.98,0.00,0.000,2308,0.283,0.037,3106,3900,2878,2896,2861,0,0,0,0,0,0,25.77,26.05,25.96,8.59,42.36
$GC,484,-0.61,-146.6,3106,3901,2904,2855,73.2,-21.0,66,491,0.35,0.93,0.00,0.000,3078,0.196,0.027,3205,3248,2880,2905,2855,0,0,0,0,0,0,26.05,26.35,26.19,8.60,42.40
$GC,612,-0.54,-146.6,3203,3248,2908,2852,91.5,-12.8,79,619,0.10,0.00,0.00,0.000,2054,0.191,0.000,3233,3248,2880,2908,2852,0,0,0,0,0,0,26.19,26.37,26.33,8.60,42.08
$GC,740,-0.54,-146.6,3233,3247,2909,2851,104.5,-12.3,92,744,0.00,1.00,0.00,0.000,260,0.000,0.057,3233,3878,2880,2909,2851,0,0,0,0,0,0,26.64,26.33,26.65,8.60,42.40
$GC,872,-0.54,-146.6,3233,3878,2909,2851,119.8,-11.8,105,875,0.00,0.88,0.00,0.000,1030,0.000,0.028,3233,3250,2880,2909,2851,0,0,0,0,0,0,26.47,26.45,26.48,8.60,42.16
$GC,1004,-0.54,-146.6,3232,3249,2909,2851,132.2,-8.7,118,1013,0.00,2.05,0.00,0.000,516,0.000,0.024,3233,1836,2880,2910,2851,0,0,0,0,0,0,26.70,26.45,26.71,8.60,42.47
$GC,1110,-0.54,-146.6,3233,1836,2910,2851,140.5,-8.0,128,1116,0.00,2.22,0.00,0.000,1030,0.000,0.053,3233,3252,2880,2910,2851,0,0,0,0,0,0,26.48,26.37,26.51,8.60,42.32
$GC,1236,-0.54,-146.6,3232,3252,2910,2851,150.5,-7.8,141,1246,0.00,2.05,0.00,0.000,516,0.000,0.026,3233,1857,2880,2910,2851,0,0,0,0,0,0,26.73,26.47,26.74,8.59,42.47
$GC,1299,-0.54,-146.6,3233,1857,2910,2851,155.7,-8.3,147,1309,0.00,2.20,0.00,0.000,1030,0.000,0.057,3233,3250,2880,2910,2851,0,0,0,0,0,0,26.51,26.39,26.53,8.60,42.55
$GC,1430,-0.54,-146.6,3233,3250,2910,2851,166.0,-7.6,160,1433,0.00,1.00,0.00,0.000,260,0.000,0.065,3233,3879,2880,2910,2851,0,0,0,0,0,0,26.75,26.43,26.76,8.60,42.47
$GC,1481,-0.54,-146.6,3233,3879,2910,2850,170.5,-9.2,165,1485,0.00,0.88,0.00,0.000,1030,0.000,0.031,3233,3269,2880,2910,2851,0,0,0,0,0,0,26.55,26.53,26.56,8.60,42.99
$STATE,1581,end dive,BOTTOM_OBSTACLE_DETECTED
$STATE,1581,begin apogee
$GC,1588,-0.35,0.0,3233,2834,2910,2851,178.7,-7.8,175,1713,0.17,0.00,118.70,0.769,10246,0.148,0.000,3297,2834,2275,2314,2236,0,0,0,0,0,0,26.35,25.15,24.56,8.60,42.47
$STATE,1714,end apogee,CONTROL_FINISHED_OK
$STATE,1714,begin climb
$GC,1716,0.92,146.6,3297,2834,2313,2236,178.6,0.0,188,1848,1.17,1.75,121.65,0.749,10500,0.119,0.057,3680,3867,1676,1714,1638,0,0,0,0,0,0,25.23,25.04,24.46,8.55,41.61
$GC,1876,0.70,146.6,3679,3867,1713,1638,157.3,16.3,204,1881,0.15,1.52,0.00,0.000,5126,0.169,0.024,3639,2845,1675,1713,1638,0,0,0,0,0,0,25.30,25.50,25.46,8.50,40.11
$GC,2010,0.60,146.6,3639,2845,1712,1636,138.3,12.9,217,2020,0.10,2.10,0.00,0.000,4612,0.168,0.028,3607,1447,1674,1712,1636,0,0,0,0,0,0,25.75,25.87,25.84,8.49,41.33
$GC,2125,0.60,146.6,3606,1447,1710,1636,126.9,9.7,228,2129,0.00,2.22,0.00,0.000,1030,0.000,0.045,3607,2858,1673,1710,1636,0,0,0,0,0,0,26.08,26.00,26.10,8.49,42.40
$GC,2257,0.60,146.6,3606,2857,1710,1636,113.6,10.4,241,2261,0.00,1.62,0.00,0.000,260,0.000,0.056,3607,3872,1672,1710,1635,0,0,0,0,0,0,26.41,26.10,26.41,8.48,42.75
$GC,2360,0.53,146.6,3607,3871,1709,1636,101.0,12.2,251,2363,0.00,1.50,0.00,0.000,1030,0.000,0.021,3607,2793,1672,1709,1635,0,0,0,0,0,0,26.30,26.27,26.32,8.48,42.12
$GC,2491,0.53,146.6,3606,2790,1708,1636,86.4,10.8,264,2492,0.00,0.00,0.00,0.000,6,0.000,0.000,3607,2790,1672,1709,1635,0,0,0,0,0,0,26.53,26.55,26.54,8.48,42.12
$GC,2611,0.53,146.6,3606,2790,1708,1635,73.5,10.4,276,2612,0.00,0.00,0.00,0.000,6,0.000,0.000,3607,2790,1672,1709,1635,0,0,0,0,0,0,26.58,26.59,26.59,8.48,42.63
$GC,2731,0.53,146.6,3606,2790,1709,1635,61.2,10.3,288,2736,0.00,1.70,0.00,0.000,260,0.000,0.053,3607,3871,1672,1709,1636,0,0,0,0,0,0,26.62,26.31,26.63,8.47,42.51
$GC,2834,0.46,146.6,3606,3871,1709,1636,49.5,11.5,298,2840,0.15,1.48,0.00,0.000,5126,0.135,0.021,3558,2806,1672,1709,1635,0,0,0,0,0,0,26.25,26.45,26.34,8.47,42.47
$GC,2970,0.66,247.9,3558,2803,1709,1634,41.4,5.5,311,3058,0.10,2.00,78.90,0.679,10756,0.090,0.028,3630,1498,1265,1311,1219,0,0,0,0,0,0,26.45,25.20,24.81,8.47,43.10
$GC,3081,0.66,247.9,3629,1498,1310,1220,29.9,10.7,322,3086,0.00,2.17,0.00,0.000,1030,0.000,0.046,3630,2849,1265,1310,1220,0,0,0,0,0,0,25.70,25.62,25.72,8.44,42.08
$GC,3211,0.66,247.9,3629,2849,1310,1217,14.8,12.2,338,3217,0.00,0.00,0.00,0.000,6,0.000,0.000,3630,2849,1263,1310,1217,0,0,0,0,0,0,26.23,26.25,26.24,8.44,42.40
$GC,3279,0.66,247.9,3629,2849,1310,1216,7.9,9.2,351,3286,0.00,1.62,0.00,0.000,260,0.000,0.057,3630,3877,1263,1310,1216,0,0,0,0,0,0,26.32,26.01,26.32,8.43,41.92
$GC,3314,0.66,247.9,3629,3877,1309,1216,4.8,8.7,357,3322,0.00,1.45,0.00,0.000,1030,0.000,0.023,3630,2883,1262,1309,1216,0,0,0,0,0,0,26.15,26.13,26.20,8.43,42.12
$STATE,3336,end climb,SURFACE_DEPTH_REACHED
$STATE,3337,begin surface coast
$FINISH,0.7,1.022378
$STATE,3368,end surface coast,CONTROL_FINISHED_OK
$STATE,3368,begin surface
$SM_CCo,3388,115.80,0.084,0,0,372,466.56
$SM_CCo,3508,-0.20,0.000,0,0,377,466.56
$SM_CCo,3513,0.50,0.091,0,0,373,466.56
$SM_GC,-15.31,9.50,0.62,0.50,0.073,0.057,0.091,210,3255,373,-9.95,-0.71,466.56,0,0,0,0,0,0,26.10,26.10,25.96
$IRIDIUM_FIX,4750.93,-12223.11,040625,162647
$TT8_MAMPS,0.026215,0.230692
$HUMID,41.02
$INTERNAL_PRESSURE,8.32288
$TCM_TEMP,11.70
$XPDR_PINGS,2
$ALTIM_TOP_PING,19.1,38.8
$ALTIM_BOTTOM_PING,90.4,113.0
$24V_AH,24.46,9.795
$10V_AH,10.55,3.819
$FG_AHR_24Vo,0.000
$FG_AHR_10Vo,0.000
$DEVICES,Pitch_motor,Roll_motor,VBD_pump_during_apogee,VBD_pump_during_surface,VBD_valve,Iridium_during_init,Iridium_during_connect,Iridium_during_xfer,Transponder_ping,GUMSTIX_24V,GPS,TT8,LPSleep,TT8_Active,TT8_Sampling,TT8_CF8,TT8_Kalman,Analog_circuits,GPS_charging,Compass,RAFOS,Transponder,Compass2
$DEVICE_SECS,24.725,36.575,319.250,116.300,0.000,0.000,0.000,351.700,2.000,0.000,16.283,968.713,1282.238,508.592,1073.815,170.464,0.000,1311.529,0.000,725.907,0.000,13.610,0.000
$DEVICE_MAMPS,283.050,65.025,768.825,91.035,0.000,0.000,0.000,88.740,420.000,0.000,30.710,14.960,2.190,14.960,43.420,53.160,0.000,15.000,0.000,8.990,0.000,30.000,0.000
$SENSORS,SBE_CT,AA4330,WL_blue_red_Chl_old_fw,nil,nil,nil,nil,nil,nil,nil
$SENSOR_SECS,247.103,486.315,491.088,0.000,0.000,0.000,0.000,0.000,0.000,0.000
$SENSOR_MAMPS,23.970,0.750,0.750,0.000,0.000,0.000,0.000,0.000,0.000,0.000
$MEM,335092
$DATA_FILE_SIZE,24572,367
$CAP_FILE_SIZE,65548,0
$CFSIZE,2097872896,2077261824
$ERRORS,0,1,0,0,0,0,0,0,0,0,0,0,0,0,2,0
$INTR,0,2981.94,0x2367ba,1,24
$CURRENT,0.177,118.46,1
$GPS,040625,184005,4750.838,-12226.190,40,0.7,53,16.3,0.4,230.0,10,4.9
