version: 66.11
glider: 175
mission: 9
dive: 42
start: 6 1 125 4 15 10
data:
$ID,175
$MISSION,9
$DIVE,42
$N_DIVES,0
$D_SURF,3
$D_FLARE,3
$D_TGT,210
$D_ABORT,1090
$D_NO_BLEED,500
$D_BOOST,3
$T_BOOST,0
$D_FINISH,0
$D_PITCH,0
$D_SAFE,0
$D_CALL,0
$SURFACE_URGENCY,0
$SURFACE_URGENCY_TRY,0
$SURFACE_URGENCY_FORCE,0
$T_DIVE,70
$T_MISSION,85
$T_ABORT,1440
$T_TURN,300
$T_TURN_SAMPINT,5
$T_NO_W,120
$T_LOITER,0
$T_EPIRB,0
$USE_BATHY,0
$USE_ICE,0
$ICE_FREEZE_MARGIN,0.30000001
$D_OFFGRID,100
$T_WATCHDOG,10
$RELAUNCH,1
$APOGEE_PITCH,-8
$MAX_BUOY,150
$COURSE_BIAS,0
$GLIDE_SLOPE,30
$SPEED_FACTOR,1
$RHO,1.023
$MASS,51682
$MASS_COMP,0
$NAV_MODE,2
$FERRY_MAX,45
$KALMAN_USE,2
$HD_A,0.003
$HD_B,0.0099999998
$HD_C,9.9999997e-06
$HEADING,-1
$ESCAPE_HEADING,0
$ESCAPE_HEADING_DELTA,10
$FIX_MISSING_TIMEOUT,0
$TGT_DEFAULT_LAT,4743
$TGT_DEFAULT_LON,-12225
$TGT_AUTO_DEFAULT,0
$SM_CC,494.91199
$N_FILEKB,4
$FILEMGR,0
$CALL_NDIVES,1
$COMM_SEQ,0
$PROTOCOL,9
$N_NOCOMM,1
$NOCOMM_ACTION,0
$N_NOSURFACE,0
$UPLOAD_DIVES_MAX,-1
$CALL_TRIES,5
$CALL_WAIT,60
$CAPUPLOAD,1
$CAPMAXSIZE,200000
$HEAPDBG,0
$T_GPS,15
$N_GPS,30
$T_GPS_ALMANAC,0
$T_GPS_CHARGE,-34523.125
$T_RSLEEP,2
$STROBE,0
$RAFOS_PEAK_OFFSET,1.5
$RAFOS_CORR_THRESH,60
$RAFOS_HIT_WINDOW,3600
$PITCH_MIN,255
$PITCH_MAX,3935
$C_PITCH,3013
$PITCH_DBAND,0.0099999998
$PITCH_CNV,0.003125763
$P_OVSHOOT,0.039999999
$PITCH_GAIN,30
$PITCH_TIMEOUT,17
$PITCH_AD_RATE,160
$PITCH_MAXERRORS,1
$PITCH_ADJ_GAIN,0.02
$PITCH_ADJ_DBAND,2.5
$ROLL_MIN,171
$ROLL_MAX,3723
$ROLL_DEG,40
$C_ROLL_DIVE,2033
$C_ROLL_CLIMB,1891
$HEAD_ERRBAND,10
$ROLL_CNV,0.028270001
$ROLL_TIMEOUT,15
$R_PORT_OVSHOOT,128
$R_STBD_OVSHOOT,85
$ROLL_AD_RATE,300
$ROLL_MAXERRORS,2
$ROLL_ADJ_GAIN,0
$ROLL_ADJ_DBAND,0
$VBD_MIN,465
$VBD_MAX,3960
$C_VBD,2275
$VBD_DBAND,2
$VBD_CNV,-0.25119999
$VBD_TIMEOUT,720
$PITCH_VBD_SHIFT,0.0012300001
$VBD_PUMP_AD_RATE_SURFACE,5
$VBD_PUMP_AD_RATE_APOGEE,4
$VBD_BLEED_AD_RATE,8
$UNCOM_BLEED,60
$VBD_MAXERRORS,1
$W_ADJ_DBAND,2
$DBDW,0
$PITCH_W_GAIN,0
$PITCH_W_DBAND,1
$CF8_MAXERRORS,5
$AH0_24V,145
$AH0_10V,95
$MINV_24V,19
$MINV_10V,8
$FG_AHR_10V,0
$FG_AHR_24V,0
$PHONE_SUPPLY,2
$PRESSURE_YINT,-33.008354
$PRESSURE_SLOPE,0.0001165895
$AD7714Ch0Gain,128
$TCM_PITCH_OFFSET,0
$TCM_ROLL_OFFSET,0
$COMPASS_USE,4
$ALTIM_BOTTOM_PING_RANGE,0
$ALTIM_TOP_PING_RANGE,20
$ALTIM_BOTTOM_TURN_MARGIN,25
$ALTIM_TOP_TURN_MARGIN,0
$ALTIM_TOP_MIN_OBSTACLE,1
$ALTIM_PING_DEPTH,100
$ALTIM_PING_DELTA,5
$ALTIM_FREQUENCY,13
$ALTIM_PULSE,3
$ALTIM_SENSITIVITY,3
$XPDR_VALID,5
$XPDR_INHIBIT,90
$INT_PRESSURE_SLOPE,0.0097660003
$INT_PRESSURE_YINT,-0.40000001
$DEEPGLIDER,0
$DEEPGLIDERMB,0
$MOTHERBOARD,4
$DEVICE1,2
$DEVICE2,20
$DEVICE3,-1
$DEVICE4,-1
$DEVICE5,-1
$DEVICE6,-1
$LOGGERS,7
$LOGGERDEVICE1,-1
$LOGGERDEVICE2,-1
$LOGGERDEVICE3,-1
$LOGGERDEVICE4,-1
$COMPASS_DEVICE,33
$COMPASS2_DEVICE,-1
$PHONE_DEVICE,49
$GPS_DEVICE,32
$RAFOS_DEVICE,-1
$XPDR_DEVICE,24
$SIM_W,0
$SIM_PITCH,0
$SEABIRD_T_G,0.0043275012
$SEABIRD_T_H,0.0006214368
$SEABIRD_T_I,2.2085376e-05
$SEABIRD_T_J,2.2233748e-06
$SEABIRD_C_G,-10.084761
$SEABIRD_C_H,1.1595923
$SEABIRD_C_I,-0.0010180317
$SEABIRD_C_J,0.00017345669
$GPS1,010625,040921,4742.455,-12226.033,11,0.9,39,18.2
$_CALLS,1
$_XMS_NAKs,0
$_XMS_TOUTs,0
$_SM_DEPTHo,0.40
$_SM_ANGLEo,-71.0
$GPS2,010625,041441,4742.444,-12226.039,10,1.5,10,18.2
$SPEED_LIMITS,0.173,0.260
$TGT_NAME,MID_175E
$TGT_LATLONG,4746.000,-12224.600
$TGT_RADIUS,300.000
$KALMAN_CONTROL,0.000,0.000
$KALMAN_X,0.0,0.0,0.0,0.0,0.0
$KALMAN_Y,0.0,0.0,0.0,0.0,0.0
$MHEAD_RNG_PITCHd_Wd,35.6,6824,-17.5,-10.000,-21.04,2225
$D_GRID,210
$GCHEAD,st_secs,pitch_ctl,vbd_ctl,pitch_ad_start,roll_ad_start,vbd_pot1_ad_start,vbd_pot2_ad_start,depth,ob_vertv,data_pts,end_secs,pitch_secs,roll_secs,vbd_secs,vbd_i,gcphase,pitch_i,roll_i,pitch_ad,roll_ad,vbd_ad,vbd_pot1_ad,vbd_pot2_ad,pitch_retries,pitch_errors,roll_retries,roll_errors,vbd_retries,vbd_errors,pitch_volts,roll_volts,vbd_volts
$STATE,12,end surface,CONTROL_FINISHED_OK
$STATE,13,begin dive
$GC,14,-0.76,-146.6,234,2052,502,429,0.0,0.0,0,99,0.00,0.00,-82.53,0.000,16386,0.000,0.000,234,2053,2726,2806,2646,0,0,0,0,0,0,28.83,28.83,28.83
$GC,102,-0.76,-146.6,234,2053,2807,2648,3.2,-6.8,8,121,9.65,2.10,-2.88,0.000,18692,0.216,0.053,2744,3401,2864,2963,2765,0,0,0,0,0,0,25.84,26.09,26.34
$GC,168,-0.46,-146.6,2744,3401,2975,2767,21.5,-26.3,14,177,0.35,1.92,0.00,0.000,3078,0.134,0.019,2855,2060,2871,2976,2767,0,0,0,0,0,0,26.01,26.20,28.83
$GC,208,-0.46,-146.6,2855,2058,2979,2767,27.5,-14.4,18,217,0.00,2.05,0.00,0.000,2564,0.000,0.034,2855,677,2873,2979,2767,0,0,0,0,0,0,28.83,26.18,28.83
$GC,263,-0.52,-146.6,2855,676,2979,2766,33.2,-10.0,23,272,0.00,1.98,0.00,0.000,5126,0.000,0.024,2855,2003,2872,2978,2766,0,0,0,0,0,0,28.83,26.26,28.83
$GC,302,-0.58,-146.6,2855,2003,2979,2767,37.1,-9.7,27,304,0.10,0.00,0.00,0.000,4102,0.104,0.000,2812,2004,2873,2979,2767,0,0,0,0,0,0,26.30,28.83,28.83
$GC,332,-0.58,-146.6,2811,2003,2979,2766,40.5,-10.5,30,334,0.00,0.00,0.00,0.000,2054,0.000,0.000,2812,2004,2873,2979,2767,0,0,0,0,0,0,28.83,28.83,28.83
$GC,362,-0.58,-146.6,2811,2004,2978,2767,44.2,-12.2,33,372,0.00,2.00,0.00,0.000,2564,0.000,0.034,2811,664,2872,2979,2766,0,0,0,0,0,0,28.83,26.29,28.83
$GC,439,-0.58,-146.6,2811,664,2978,2766,54.5,-13.5,40,447,0.00,2.03,0.00,0.000,3078,0.000,0.024,2811,2031,2872,2979,2766,0,0,0,0,0,0,28.83,26.36,28.83
$GC,478,-0.58,-146.6,2811,2031,2979,2766,59.7,-13.0,44,488,0.00,2.08,0.00,0.000,2308,0.000,0.040,2808,3427,2873,2979,2767,0,0,0,0,0,0,28.83,26.34,28.83
$GC,532,-0.58,-146.6,2808,3428,2979,2767,66.2,-11.6,49,542,0.00,1.92,0.00,0.000,3078,0.000,0.018,2808,2045,2873,2979,2767,0,0,0,0,0,0,28.83,26.43,28.83
$GC,572,-0.58,-146.6,2808,2043,2979,2766,71.3,-12.5,53,573,0.05,0.00,0.00,0.000,2054,0.213,0.000,2819,2043,2872,2979,2766,0,0,0,0,0,0,26.43,28.83,28.83
$GC,602,-0.58,-146.6,2818,2043,2979,2766,74.8,-11.9,56,611,0.00,2.05,0.00,0.000,2564,0.000,0.034,2819,660,2872,2979,2766,0,0,0,0,0,0,28.83,26.40,28.83
$GC,636,-0.58,-146.6,2819,659,2979,2766,79.1,-12.7,59,645,0.00,2.03,0.00,0.000,3078,0.000,0.024,2819,2028,2872,2979,2766,0,0,0,0,0,0,28.83,26.44,28.83
$GC,675,-0.58,-146.6,2819,2029,2979,2766,84.5,-13.6,63,684,0.00,2.10,0.00,0.000,2308,0.000,0.039,2819,3432,2872,2979,2766,0,0,0,0,0,0,28.83,26.41,28.83
$GC,732,-0.58,-146.6,2819,3432,2978,2766,92.0,-13.7,68,739,0.00,2.00,0.00,0.000,3078,0.000,0.018,2819,2039,2872,2979,2766,0,0,0,0,0,0,28.83,26.49,28.83
$GC,769,-0.58,-146.6,2819,2036,2979,2766,97.2,-12.7,72,770,0.00,0.00,0.00,0.000,2054,0.000,0.000,2819,2036,2872,2979,2766,0,0,0,0,0,0,28.83,28.83,28.83
$GC,800,-0.58,-146.6,2819,2036,2979,2766,101.2,-13.2,75,801,0.00,0.00,0.00,0.000,2054,0.000,0.000,2819,2036,2872,2979,2766,0,0,0,0,0,0,28.83,28.83,28.83
$GC,831,-0.58,-146.6,2819,2036,2979,2766,105.5,-14.1,78,832,0.00,0.00,0.00,0.000,2054,0.000,0.000,2819,2036,2872,2979,2766,0,0,0,0,0,0,28.83,28.83,28.83
$GC,859,-0.58,-146.6,2819,2036,2979,2766,109.9,-14.5,81,860,0.00,0.00,0.00,0.000,2054,0.000,0.000,2819,2037,2872,2979,2766,0,0,0,0,0,0,28.83,28.83,28.83
$GC,889,-0.58,-146.6,2819,2036,2979,2766,114.3,-14.8,84,890,0.00,0.00,0.00,0.000,2054,0.000,0.000,2819,2036,2872,2979,2766,0,0,0,0,0,0,28.83,28.83,28.83
$GC,919,-0.58,-146.6,2819,2036,2979,2766,118.5,-14.0,87,929,0.00,2.03,0.00,0.000,2564,0.000,0.034,2819,649,2872,2978,2766,0,0,0,0,0,0,28.83,26.48,28.83
$GC,963,-0.58,-146.6,2819,649,2979,2766,124.6,-13.7,91,967,0.00,2.00,0.00,0.000,3078,0.000,0.025,2819,2034,2872,2979,2766,0,0,0,0,0,0,28.83,26.51,28.83
$GC,1007,-0.58,-146.6,2819,2034,2979,2766,130.8,-15.5,95,1014,0.00,0.00,0.00,0.000,2054,0.000,0.000,2819,2034,2872,2979,2766,0,0,0,0,0,0,28.83,28.83,28.83
$GC,1049,-0.58,-146.6,2819,2034,2979,2766,136.1,-13.1,99,1056,0.00,0.00,0.00,0.000,2054,0.000,0.000,2819,2034,2872,2979,2766,0,0,0,0,0,0,28.83,28.83,28.83
$GC,1085,-0.58,-146.6,2819,2034,2979,2766,141.6,-13.6,103,1086,0.00,0.00,0.00,0.000,2054,0.000,0.000,2820,2034,2872,2979,2766,0,0,0,0,0,0,28.83,28.83,28.83
$GC,1115,-0.58,-146.6,2819,2034,2979,2766,145.1,-12.0,106,1116,0.00,0.00,0.00,0.000,2054,0.000,0.000,2819,2034,2872,2979,2766,0,0,0,0,0,0,28.83,28.83,28.83
$GC,1145,-0.58,-146.6,2819,2034,2978,2766,148.5,-11.7,109,1146,0.00,0.00,0.00,0.000,2054,0.000,0.000,2819,2034,2872,2979,2766,0,0,0,0,0,0,28.83,28.83,28.83
$GC,1175,-0.58,-146.6,2819,2034,2979,2766,151.6,-10.6,112,1176,0.00,0.00,0.00,0.000,2054,0.000,0.000,2819,2034,2872,2979,2766,0,0,0,0,0,0,28.83,28.83,28.83
$GC,1205,-0.58,-146.6,2819,2034,2979,2766,154.4,-9.3,115,1206,0.00,0.00,0.00,0.000,2054,0.000,0.000,2819,2034,2872,2979,2766,0,0,0,0,0,0,28.83,28.83,28.83
$GC,1235,-0.58,-146.6,2819,2034,2979,2766,157.0,-8.7,118,1239,0.00,2.10,0.00,0.000,2308,0.000,0.041,2819,3433,2872,2979,2766,0,0,0,0,0,0,28.83,26.52,28.83
$GC,1267,-0.58,-146.6,2819,3434,2979,2766,159.8,-8.7,121,1277,0.00,1.95,0.00,0.000,3078,0.000,0.018,2819,2029,2872,2979,2766,0,0,0,0,0,0,28.83,26.60,28.83
$GC,1307,-0.58,-146.6,2819,2028,2979,2766,163.7,-9.9,125,1317,0.00,2.03,0.00,0.000,2564,0.000,0.034,2819,655,2872,2979,2766,0,0,0,0,0,0,28.83,26.54,28.83
$GC,1352,-0.58,-146.6,2819,655,2978,2765,168.2,-10.1,129,1362,0.00,2.03,0.00,0.000,3078,0.000,0.024,2819,2033,2872,2979,2765,0,0,0,0,0,0,28.83,26.58,28.83
$GC,1391,-0.58,-146.6,2819,2033,2979,2765,171.4,-8.1,133,1401,0.00,2.08,0.00,0.000,2308,0.000,0.039,2819,3428,2872,2979,2766,0,0,0,0,0,0,28.83,26.54,28.83
$GC,1425,-0.58,-146.6,2819,3427,2979,2766,174.0,-7.9,136,1434,0.00,1.95,0.00,0.000,3078,0.000,0.018,2819,2026,2872,2979,2766,0,0,0,0,0,0,28.83,26.61,28.83
$GC,1464,-0.58,-146.6,2819,2025,2979,2765,177.7,-8.8,140,1474,0.00,2.03,0.00,0.000,2564,0.000,0.034,2819,651,2872,2979,2765,0,0,0,0,0,0,28.83,26.56,28.83
$GC,1489,-0.58,-146.6,2819,651,2978,2765,179.8,-9.6,142,1498,0.00,2.03,0.00,0.000,3078,0.000,0.024,2819,2028,2872,2979,2765,0,0,0,0,0,0,28.83,26.60,28.83
$STATE,1507,end dive,BOTTOM_OBSTACLE_DETECTED
$STATE,1507,begin apogee
$GC,1510,-0.27,0.0,2819,1821,2979,2765,182.1,-10.4,144,1639,0.30,0.08,117.22,0.591,10246,0.125,0.106,2920,1909,2274,2361,2187,0,0,0,0,0,0,26.45,25.37,24.87
$STATE,1640,end apogee,CONTROL_FINISHED_OK
$STATE,1640,begin climb
$GC,1641,0.76,146.6,2919,1909,2361,2186,190.1,0.0,157,1761,1.00,2.17,112.45,0.575,11012,0.098,0.034,3252,3279,1690,1808,1572,0,0,0,0,0,0,25.45,25.31,24.75
$GC,1790,0.69,146.6,3251,3279,1808,1570,180.7,11.0,172,1801,0.08,2.03,0.00,0.000,5126,0.191,0.021,3238,1910,1688,1808,1568,0,0,0,0,0,0,25.50,25.63,28.83
$GC,1830,0.69,146.6,3238,1910,1807,1566,176.3,11.0,176,1840,0.00,2.15,0.00,0.000,4612,0.000,0.041,3238,511,1686,1807,1566,0,0,0,0,0,0,28.83,25.75,28.83
$GC,1853,0.69,146.6,3238,511,1806,1566,174.2,10.2,178,1863,0.00,2.00,0.00,0.000,5126,0.000,0.020,3238,1886,1685,1805,1566,0,0,0,0,0,0,28.83,25.88,28.83
$GC,1893,0.69,146.6,3238,1887,1805,1566,170.0,10.3,182,1894,0.00,0.00,0.00,0.000,4102,0.000,0.000,3238,1887,1686,1806,1566,0,0,0,0,0,0,28.83,28.83,28.83
$GC,1923,0.69,146.6,3237,1886,1805,1565,166.7,10.9,185,1924,0.00,0.00,0.00,0.000,4102,0.000,0.000,3238,1887,1685,1805,1565,0,0,0,0,0,0,28.83,28.83,28.83
$GC,1953,0.69,146.6,3238,1886,1805,1565,163.6,10.6,188,1962,0.00,2.08,0.00,0.000,4356,0.000,0.033,3238,3284,1685,1805,1565,0,0,0,0,0,0,28.83,26.05,28.83
$GC,1966,0.69,146.6,3238,3284,1805,1565,162.8,10.5,189,1975,0.00,2.08,0.00,0.000,5126,0.000,0.018,3246,1874,1685,1805,1565,0,0,0,0,0,0,28.83,26.11,28.83
$GC,2007,0.63,146.6,3246,1873,1805,1565,157.8,11.4,193,2016,0.12,2.08,0.00,0.000,4356,0.164,0.030,3211,3282,1684,1805,1564,0,0,0,0,0,0,26.03,26.12,28.83
$GC,2030,0.63,146.6,3211,3282,1804,1563,155.1,11.2,195,2039,0.00,2.00,0.00,0.000,3078,0.000,0.020,3212,1890,1684,1805,1564,0,0,0,0,0,0,28.83,26.17,28.83
$GC,2070,0.63,146.6,3212,1889,1806,1564,151.0,10.3,199,2071,0.00,0.00,0.00,0.000,2054,0.000,0.000,3212,1890,1684,1805,1564,0,0,0,0,0,0,28.83,28.83,28.83
$GC,2100,0.63,146.6,3212,1890,1805,1563,148.1,9.6,202,2101,0.00,0.00,0.00,0.000,2054,0.000,0.000,3212,1890,1684,1805,1564,0,0,0,0,0,0,28.83,28.83,28.83
$GC,2129,0.63,146.6,3212,1890,1805,1563,145.5,8.8,205,2130,0.00,0.00,0.00,0.000,2054,0.000,0.000,3212,1890,1684,1805,1563,0,0,0,0,0,0,28.83,28.83,28.83
$GC,2159,0.63,146.6,3212,1890,1806,1563,142.9,8.6,208,2160,0.00,0.00,0.00,0.000,2054,0.000,0.000,3212,1890,1684,1805,1563,0,0,0,0,0,0,28.83,28.83,28.83
$GC,2190,0.63,146.6,3212,1890,1805,1563,140.4,8.2,211,2191,0.00,0.00,0.00,0.000,2054,0.000,0.000,3212,1890,1684,1805,1563,0,0,0,0,0,0,28.83,28.83,28.83
$GC,2219,0.70,203.8,3212,1890,1805,1563,138.4,7.4,214,2271,0.10,0.00,42.85,0.548,10246,0.106,0.000,3252,1887,1463,1595,1332,0,0,0,0,0,0,26.32,28.83,25.27
$GC,2299,0.70,203.8,3252,1887,1594,1328,130.9,10.9,222,2300,0.00,0.00,0.00,0.000,4102,0.000,0.000,3252,1887,1461,1594,1328,0,0,0,0,0,0,28.83,28.83,28.83
$GC,2329,0.70,203.8,3252,1887,1594,1326,127.2,12.2,225,2339,0.00,2.10,0.00,0.000,4356,0.000,0.034,3252,3283,1460,1594,1326,0,0,0,0,0,0,28.83,25.99,28.83
$GC,2343,0.70,203.8,3252,3283,1594,1325,126.2,12.0,226,2353,0.03,2.08,0.00,0.000,5126,0.190,0.019,3248,1882,1459,1594,1325,0,0,0,0,0,0,25.91,26.06,28.83
$GC,2381,0.70,203.8,3247,1882,1594,1324,120.6,12.7,230,2382,0.00,0.00,0.00,0.000,4102,0.000,0.000,3248,1882,1459,1594,1325,0,0,0,0,0,0,28.83,28.83,28.83
$GC,2411,0.70,203.8,3247,1882,1594,1324,116.9,12.1,233,2412,0.00,0.00,0.00,0.000,4102,0.000,0.000,3248,1882,1459,1594,1324,0,0,0,0,0,0,28.83,28.83,28.83
$GC,2441,0.70,203.8,3247,1881,1594,1323,113.4,11.9,236,2451,0.00,2.08,0.00,0.000,4612,0.000,0.041,3251,513,1458,1594,1323,0,0,0,0,0,0,28.83,26.13,28.83
$GC,2465,0.70,203.8,3251,513,1593,1324,110.8,11.8,238,2474,0.00,2.03,0.00,0.000,5126,0.000,0.019,3251,1891,1458,1593,1323,0,0,0,0,0,0,28.83,26.21,28.83
$GC,2504,0.70,203.8,3251,1891,1593,1323,106.0,12.1,242,2505,0.00,0.00,0.00,0.000,4102,0.000,0.000,3251,1891,1457,1592,1323,0,0,0,0,0,0,28.83,28.83,28.83
$GC,2534,0.70,203.8,3251,1891,1592,1323,102.5,11.6,245,2535,0.00,0.00,0.00,0.000,4102,0.000,0.000,3251,1891,1457,1592,1323,0,0,0,0,0,0,28.83,28.83,28.83
$GC,2564,0.70,203.8,3251,1890,1592,1323,98.8,12.0,248,2565,0.00,0.00,0.00,0.000,4102,0.000,0.000,3251,1891,1458,1593,1323,0,0,0,0,0,0,28.83,28.83,28.83
$GC,2594,0.70,203.8,3250,1890,1593,1323,95.2,12.1,251,2595,0.00,0.00,0.00,0.000,4102,0.000,0.000,3251,1891,1457,1592,1323,0,0,0,0,0,0,28.83,28.83,28.83
$GC,2624,0.70,203.8,3250,1891,1592,1323,91.7,12.1,254,2628,0.00,2.08,0.00,0.000,4356,0.000,0.034,3251,3285,1457,1592,1323,0,0,0,0,0,0,28.83,26.29,28.83
$GC,2645,0.70,203.8,3251,3285,1592,1322,89.4,10.9,256,2655,0.00,2.00,0.00,0.000,5126,0.000,0.022,3251,1896,1457,1592,1323,0,0,0,0,0,0,28.83,26.34,28.83
$GC,2685,0.70,203.8,3251,1896,1592,1322,84.6,12.1,260,2687,0.00,0.00,0.00,0.000,4102,0.000,0.000,3251,1896,1457,1592,1323,0,0,0,0,0,0,28.83,28.83,28.83
$GC,2716,0.70,203.8,3251,1895,1592,1323,81.1,11.8,263,2717,0.00,0.00,0.00,0.000,4102,0.000,0.000,3252,1895,1457,1592,1323,0,0,0,0,0,0,28.83,28.83,28.83
$GC,2746,0.70,203.8,3251,1895,1593,1322,77.4,11.8,266,2747,0.00,0.00,0.00,0.000,4102,0.000,0.000,3251,1895,1457,1592,1323,0,0,0,0,0,0,28.83,28.83,28.83
$GC,2775,0.70,203.8,3251,1895,1592,1322,73.9,11.5,269,2785,0.00,2.05,0.00,0.000,4356,0.000,0.032,3251,3288,1457,1592,1322,0,0,0,0,0,0,28.83,26.37,28.83
$GC,2798,0.70,203.8,3251,3288,1593,1322,71.3,11.8,271,2808,0.00,1.98,0.00,0.000,5126,0.000,0.020,3251,1886,1457,1592,1322,0,0,0,0,0,0,28.83,26.41,28.83
$GC,2838,0.70,203.8,3251,1885,1592,1323,66.5,12.1,275,2839,0.00,0.00,0.00,0.000,4102,0.000,0.000,3252,1885,1457,1592,1322,0,0,0,0,0,0,28.83,28.83,28.83
$GC,2867,0.70,203.8,3251,1884,1592,1322,63.2,11.0,278,2878,0.00,2.05,0.00,0.000,4612,0.000,0.037,3252,510,1457,1592,1322,0,0,0,0,0,0,28.83,26.39,28.83
$GC,2892,0.70,203.8,3251,509,1592,1322,60.7,10.7,280,2901,0.00,2.03,0.00,0.000,5126,0.000,0.019,3251,1901,1457,1592,1322,0,0,0,0,0,0,28.83,26.46,28.83
$GC,2931,0.70,203.8,3251,1901,1592,1322,55.8,12.5,284,2932,0.00,0.00,0.00,0.000,4102,0.000,0.000,3251,1901,1457,1592,1322,0,0,0,0,0,0,28.83,28.83,28.83
$GC,2961,0.70,203.8,3251,1901,1591,1322,52.2,12.1,287,2962,0.00,0.00,0.00,0.000,4102,0.000,0.000,3252,1901,1457,1592,1322,0,0,0,0,0,0,28.83,28.83,28.83
$GC,2991,0.70,203.8,3251,1901,1592,1322,48.8,11.5,290,2992,0.00,0.00,0.00,0.000,4102,0.000,0.000,3252,1901,1457,1592,1322,0,0,0,0,0,0,28.83,28.83,28.83
$GC,3021,0.70,203.8,3251,1901,1592,1322,45.5,11.1,293,3030,0.00,2.10,0.00,0.000,4612,0.000,0.040,3252,506,1457,1592,1322,0,0,0,0,0,0,28.83,26.42,28.83
$GC,3054,0.70,203.8,3251,506,1592,1322,41.9,10.9,296,3063,0.00,1.98,0.00,0.000,5126,0.000,0.020,3251,1896,1456,1591,1322,0,0,0,0,0,0,28.83,26.50,28.83
$GC,3094,0.70,203.8,3251,1896,1592,1322,37.3,11.5,300,3095,0.00,0.00,0.00,0.000,4102,0.000,0.000,3252,1896,1457,1592,1322,0,0,0,0,0,0,28.83,28.83,28.83
$GC,3124,0.70,203.8,3251,1896,1592,1322,33.6,12.0,303,3125,0.00,0.00,0.00,0.000,4102,0.000,0.000,3251,1896,1457,1592,1322,0,0,0,0,0,0,28.83,28.83,28.83
$GC,3154,0.70,203.8,3251,1896,1592,1322,30.1,12.1,306,3164,0.00,2.08,0.00,0.000,4612,0.000,0.037,3252,506,1457,1592,1322,0,0,0,0,0,0,28.83,26.46,28.83
$GC,3168,0.70,203.8,3251,506,1592,1322,29.2,11.7,307,3177,0.00,2.03,0.00,0.000,5126,0.000,0.021,3252,1889,1457,1592,1322,0,0,0,0,0,0,28.83,26.51,28.83
$GC,3207,0.70,203.8,3251,1889,1592,1322,23.9,11.9,311,3208,0.00,0.00,0.00,0.000,4102,0.000,0.000,3252,1889,1457,1592,1322,0,0,0,0,0,0,28.83,28.83,28.83
$GC,3237,0.70,203.8,3251,1889,1592,1322,20.6,11.2,314,3238,0.00,0.00,0.00,0.000,4102,0.000,0.000,3251,1890,1457,1592,1322,0,0,0,0,0,0,28.83,28.83,28.83
$GC,3267,0.70,203.8,3251,1889,1592,1322,17.5,10.4,317,3268,0.00,0.00,0.00,0.000,4102,0.000,0.000,3251,1889,1457,1592,1322,0,0,0,0,0,0,28.83,28.83,28.83
$GC,3296,0.70,203.8,3251,1889,1592,1322,14.7,9.6,320,3306,0.00,2.05,0.00,0.000,4356,0.000,0.034,3251,3293,1456,1591,1322,0,0,0,0,0,0,28.83,26.51,28.83
$GC,3341,0.70,203.8,3251,3293,1592,1322,10.0,10.9,324,3350,0.00,2.03,0.00,0.000,5126,0.000,0.020,3252,1890,1457,1592,1322,0,0,0,0,0,0,28.83,26.56,28.83
$GC,3380,0.70,203.8,3251,1890,1592,1322,5.6,11.1,328,3381,0.00,0.00,0.00,0.000,4102,0.000,0.000,3251,1890,1457,1592,1322,0,0,0,0,0,0,28.83,28.83,28.83
$STATE,3410,end climb,SURFACE_DEPTH_REACHED
$STATE,3410,begin surface coast
$FINISH,0.1,1.022485
$STATE,3430,end surface coast,CONTROL_FINISHED_OK
$STATE,3430,begin surface
$SM_CCo,3445,174.77,0.452,1,0,464,454.67
$SM_CCo,3627,-0.25,0.000,0,0,466,454.67
$SM_CCo,3629,0.22,0.096,0,0,466,454.67
$SM_GC,0.38,7.95,0.17,0.22,0.045,0.060,0.096,242,2077,466,-8.58,-1.75,454.67,0,0,0,0,0,0,26.53,26.58,25.48
$IRIDIUM_FIX,4726.11,-12226.80,280318,161656
$TT8_MAMPS,0.027713,0.027713
$HUMID,39.25
$INTERNAL_PRESSURE,8.37963
$TCM_TEMP,19.40
$XPDR_PINGS,2
$ALTIM_TOP_PING,19.6,19.4
$ALTIM_BOTTOM_PING,136.1,70.6
$24V_AH,24.8,3.316
$10V_AH,10.6,1.078
$FG_AHR_24Vo,0.000
$FG_AHR_10Vo,0.000
$DEVICES,Pitch_motor,Roll_motor,VBD_pump_during_apogee,VBD_pump_during_surface,VBD_valve,Iridium_during_init,Iridium_during_connect,Iridium_during_xfer,Transponder_ping,GUMSTIX_24V,GPS,TT8,LPSleep,TT8_Active,TT8_Sampling,TT8_CF8,TT8_Kalman,Analog_circuits,GPS_charging,Compass,RAFOS,Transponder,Compass2
$DEVICE_SECS,19.725,94.125,272.525,175.000,0.000,28.688,24.892,179.179,3.000,0.000,12.785,966.017,993.086,652.748,1277.478,79.246,0.000,1278.015,0.000,656.747,0.000,18.235,0.000
$DEVICE_MAMPS,216.495,105.570,590.580,452.115,0.000,43.600,160.000,223.000,420.000,0.000,28.460,13.960,2.190,13.960,37.930,44.670,0.000,16.000,0.000,15.730,0.000,30.000,0.000
$SENSORS,SBE_CT,SBE_O2,nil,nil,nil,nil,nil,nil,nil,nil
$SENSOR_SECS,220.941,822.620,0.000,0.000,0.000,0.000,0.000,0.000,0.000,0.000
$SENSOR_MAMPS,23.220,4.490,0.000,0.000,0.000,0.000,0.000,0.000,0.000,0.000
$MEM,354528
$DATA_FILE_SIZE,13526,333
$CAP_FILE_SIZE,111420,0
$CFSIZE,260165632,254914560
$ERRORS,0,0,0,0,0,0,0,0,0,0,0,0,0,1,0,0
$CURRENT,0.186,254.4,1
$GPS,010625,051623,4742.659,-12225.956,6,2.0,6,18.2
