version: 66.11
glider: 175
mission: 9
dive: 335
start: 6 12 125 9 9 47
data:
$ID,175
$MISSION,9
$DIVE,335
$N_DIVES,0
$D_SURF,3
$D_FLARE,3
$D_TGT,150
$D_ABORT,1090
$D_NO_BLEED,500
$D_BOOST,3
$T_BOOST,0
$D_FINISH,0
$D_PITCH,0
$D_SAFE,0
$D_CALL,0
$SURFACE_URGENCY,0
$SURFACE_URGENCY_TRY,0
$SURFACE_URGENCY_FORCE,0
$T_DIVE,50
$T_MISSION,65
$T_ABORT,1440
$T_TURN,300
$T_TURN_SAMPINT,5
$T_NO_W,120
$T_LOITER,0
$T_EPIRB,0
$USE_BATHY,0
$USE_ICE,0
$ICE_FREEZE_MARGIN,0.30000001
$D_OFFGRID,100
$T_WATCHDOG,10
$RELAUNCH,1
$APOGEE_PITCH,-8
$MAX_BUOY,150
$COURSE_BIAS,0
$GLIDE_SLOPE,30
$SPEED_FACTOR,1
$RHO,1.023
$MASS,51902
$MASS_COMP,0
$NAV_MODE,2
$FERRY_MAX,45
$KALMAN_USE,2
$HD_A,0.003
$HD_B,0.0099999998
$HD_C,9.9999997e-06
$HEADING,-1
$ESCAPE_HEADING,0
$ESCAPE_HEADING_DELTA,10
$FIX_MISSING_TIMEOUT,0
$TGT_DEFAULT_LAT,4743
$TGT_DEFAULT_LON,-12225
$TGT_AUTO_DEFAULT,0
$SM_CC,250
$N_FILEKB,4
$FILEMGR,0
$CALL_NDIVES,1
$COMM_SEQ,0
$PROTOCOL,9
$N_NOCOMM,1
$NOCOMM_ACTION,0
$N_NOSURFACE,0
$UPLOAD_DIVES_MAX,-1
$CALL_TRIES,5
$CALL_WAIT,60
$CAPUPLOAD,1
$CAPMAXSIZE,200000
$HEAPDBG,0
$T_GPS,15
$N_GPS,30
$T_GPS_ALMANAC,0
$T_GPS_CHARGE,-34938.613
$T_RSLEEP,2
$STROBE,0
$RAFOS_PEAK_OFFSET,1.5
$RAFOS_CORR_THRESH,60
$RAFOS_HIT_WINDOW,3600
$PITCH_MIN,255
$PITCH_MAX,3935
$C_PITCH,3053
$PITCH_DBAND,0.0099999998
$PITCH_CNV,0.003125763
$P_OVSHOOT,0.039999999
$PITCH_GAIN,30
$PITCH_TIMEOUT,17
$PITCH_AD_RATE,160
$PITCH_MAXERRORS,1
$PITCH_ADJ_GAIN,0.02
$PITCH_ADJ_DBAND,2.5
$ROLL_MIN,171
$ROLL_MAX,3723
$ROLL_DEG,40
$C_ROLL_DIVE,2033
$C_ROLL_CLIMB,1891
$HEAD_ERRBAND,10
$ROLL_CNV,0.028270001
$ROLL_TIMEOUT,15
$R_PORT_OVSHOOT,70
$R_STBD_OVSHOOT,62
$ROLL_AD_RATE,300
$ROLL_MAXERRORS,2
$ROLL_ADJ_GAIN,0
$ROLL_ADJ_DBAND,0
$VBD_MIN,465
$VBD_MAX,3960
$C_VBD,2140
$VBD_DBAND,2
$VBD_CNV,-0.25119999
$VBD_TIMEOUT,720
$PITCH_VBD_SHIFT,0.0012300001
$VBD_PUMP_AD_RATE_SURFACE,5
$VBD_PUMP_AD_RATE_APOGEE,4
$VBD_BLEED_AD_RATE,8
$UNCOM_BLEED,60
$VBD_MAXERRORS,1
$W_ADJ_DBAND,2
$DBDW,0
$PITCH_W_GAIN,0
$PITCH_W_DBAND,1
$CF8_MAXERRORS,5
$AH0_24V,145
$AH0_10V,95
$MINV_24V,19
$MINV_10V,8
$FG_AHR_10V,0
$FG_AHR_24V,0
$PHONE_SUPPLY,2
$PRESSURE_YINT,-33.008354
$PRESSURE_SLOPE,0.0001165895
$AD7714Ch0Gain,128
$TCM_PITCH_OFFSET,0
$TCM_ROLL_OFFSET,0
$COMPASS_USE,4
$ALTIM_BOTTOM_PING_RANGE,0
$ALTIM_TOP_PING_RANGE,20
$ALTIM_BOTTOM_TURN_MARGIN,25
$ALTIM_TOP_TURN_MARGIN,0
$ALTIM_TOP_MIN_OBSTACLE,1
$ALTIM_PING_DEPTH,120
$ALTIM_PING_DELTA,5
$ALTIM_FREQUENCY,13
$ALTIM_PULSE,3
$ALTIM_SENSITIVITY,3
$XPDR_VALID,5
$XPDR_INHIBIT,90
$INT_PRESSURE_SLOPE,0.0097660003
$INT_PRESSURE_YINT,-0.40000001
$DEEPGLIDER,0
$DEEPGLIDERMB,0
$MOTHERBOARD,4
$DEVICE1,2
$DEVICE2,20
$DEVICE3,-1
$DEVICE4,-1
$DEVICE5,-1
$DEVICE6,-1
$LOGGERS,7
$LOGGERDEVICE1,-1
$LOGGERDEVICE2,-1
$LOGGERDEVICE3,-1
$LOGGERDEVICE4,-1
$COMPASS_DEVICE,33
$COMPASS2_DEVICE,-1
$PHONE_DEVICE,49
$GPS_DEVICE,32
$RAFOS_DEVICE,-1
$XPDR_DEVICE,24
$SIM_W,0
$SIM_PITCH,0
$SEABIRD_T_G,0.0043275012
$SEABIRD_T_H,0.0006214368
$SEABIRD_T_I,2.2085376e-05
$SEABIRD_T_J,2.2233748e-06
$SEABIRD_C_G,-10.084761
$SEABIRD_C_H,1.1595923
$SEABIRD_C_I,-0.0010180317
$SEABIRD_C_J,0.00017345669
$GPS1,120625,090133,4750.077,-12225.052,13,1.5,29,18.2
$_CALLS,2
$_XMS_NAKs,0
$_XMS_TOUTs,0
$_SM_DEPTHo,-7.32
$_SM_ANGLEo,-68.4
$GPS2,120625,090917,4750.245,-12224.960,12,1.6,12,18.2
$SPEED_LIMITS,0.173,0.260
$TGT_NAME,MID_175W
$TGT_LATLONG,4746.000,-12225.100
$TGT_RADIUS,300.000
$KALMAN_CONTROL,0.000,0.000
$KALMAN_X,0.0,0.0,0.0,0.0,0.0
$KALMAN_Y,0.0,0.0,0.0,0.0,0.0
$MHEAD_RNG_PITCHd_Wd,162.0,7864,-17.5,-10.000,-21.04,2225
$D_GRID,150
$GCHEAD,st_secs,pitch_ctl,vbd_ctl,pitch_ad_start,roll_ad_start,vbd_pot1_ad_start,vbd_pot2_ad_start,depth,ob_vertv,data_pts,end_secs,pitch_secs,roll_secs,vbd_secs,vbd_i,gcphase,pitch_i,roll_i,pitch_ad,roll_ad,vbd_ad,vbd_pot1_ad,vbd_pot2_ad,pitch_retries,pitch_errors,roll_retries,roll_errors,vbd_retries,vbd_errors,pitch_volts,roll_volts,vbd_volts
$STATE,13,end surface,CONTROL_FINISHED_OK
$STATE,13,begin dive
$GC,15,-0.76,-146.6,237,2020,1233,1033,0.0,0.0,0,78,0.00,0.00,-56.97,0.000,16390,0.000,0.000,237,2020,2726,2807,2646,0,0,0,0,0,0,28.83,28.83,26.32
$GC,81,-0.76,-146.6,237,2020,2808,2647,-2.9,-10.6,6,99,9.98,0.00,0.00,0.000,2054,0.219,0.000,2803,2020,2734,2820,2648,0,0,0,0,0,0,25.77,28.83,28.83
$GC,129,-0.31,-146.6,2802,2020,2828,2645,9.2,-20.5,11,140,0.45,2.10,0.00,0.000,2308,0.138,0.037,2941,3415,2737,2830,2645,0,0,0,0,0,0,25.96,26.15,28.83
$GC,197,-0.50,-146.6,2940,3415,2834,2645,13.3,-5.1,17,207,0.10,1.95,0.00,0.000,5126,0.051,0.018,2882,2022,2739,2834,2645,0,0,0,0,0,0,26.22,26.29,28.83
$GC,237,-0.61,-146.6,2882,2022,2834,2644,16.0,-6.8,21,239,0.08,0.00,0.00,0.000,4102,0.128,0.000,2849,2021,2739,2834,2644,0,0,0,0,0,0,26.33,28.83,28.83
$GC,270,-0.61,-146.6,2849,2021,2834,2644,18.5,-7.9,24,276,0.00,0.00,0.00,0.000,2054,0.000,0.000,2849,2021,2738,2833,2644,0,0,0,0,0,0,28.83,28.83,28.83
$GC,308,-0.61,-146.6,2849,2021,2834,2644,22.0,-8.4,28,309,0.00,0.00,0.00,0.000,2054,0.000,0.000,2849,2021,2739,2834,2644,0,0,0,0,0,0,28.83,28.83,28.83
$GC,337,-0.61,-146.6,2849,2021,2834,2644,24.7,-9.1,31,339,0.00,0.00,0.00,0.000,2054,0.000,0.000,2849,2021,2738,2833,2644,0,0,0,0,0,0,28.83,28.83,28.83
$GC,367,-0.61,-146.6,2849,2021,2834,2644,27.3,-8.9,34,368,0.00,0.00,0.00,0.000,2054,0.000,0.000,2849,2021,2738,2833,2644,0,0,0,0,0,0,28.83,28.83,28.83
$GC,397,-0.61,-146.6,2849,2021,2833,2644,29.8,-8.3,37,398,0.00,0.00,0.00,0.000,2054,0.000,0.000,2849,2021,2739,2834,2644,0,0,0,0,0,0,28.83,28.83,28.83
$GC,428,-0.61,-146.6,2849,2021,2834,2644,31.9,-7.2,40,437,0.00,2.10,0.00,0.000,2308,0.000,0.037,2848,3423,2739,2834,2644,0,0,0,0,0,0,28.83,26.34,28.83
$GC,485,-0.61,-146.6,2848,3423,2834,2644,36.5,-8.5,45,493,0.00,2.00,0.00,0.000,3078,0.000,0.018,2848,2033,2739,2834,2644,0,0,0,0,0,0,28.83,26.44,28.83
$GC,525,-0.61,-146.6,2848,2033,2834,2644,39.9,-8.1,49,531,0.00,0.00,0.00,0.000,2054,0.000,0.000,2848,2033,2739,2834,2644,0,0,0,0,0,0,28.83,28.83,28.83
$GC,563,-0.61,-146.6,2848,2033,2834,2643,43.3,-8.2,53,564,0.00,0.00,0.00,0.000,2054,0.000,0.000,2848,2033,2739,2834,2644,0,0,0,0,0,0,28.83,28.83,28.83
$GC,594,-0.61,-146.6,2848,2033,2833,2644,45.6,-7.9,56,595,0.00,0.00,0.00,0.000,2054,0.000,0.000,2848,2033,2739,2834,2644,0,0,0,0,0,0,28.83,28.83,28.83
$GC,623,-0.61,-146.6,2848,2033,2834,2644,48.0,-8.2,59,633,0.00,2.10,0.00,0.000,2308,0.000,0.038,2848,3439,2739,2834,2644,0,0,0,0,0,0,28.83,26.40,28.83
$GC,648,-0.61,-146.6,2848,3439,2834,2644,50.1,-8.2,61,658,0.00,1.95,0.00,0.000,3078,0.000,0.018,2848,2037,2739,2834,2644,0,0,0,0,0,0,28.83,26.49,28.83
$GC,687,-0.61,-146.6,2848,2037,2834,2644,53.2,-7.8,65,688,0.00,0.00,0.00,0.000,2054,0.000,0.000,2848,2037,2739,2834,2644,0,0,0,0,0,0,28.83,28.83,28.83
$GC,718,-0.61,-146.6,2848,2037,2834,2644,55.5,-7.8,68,719,0.00,0.00,0.00,0.000,2054,0.000,0.000,2848,2037,2739,2834,2644,0,0,0,0,0,0,28.83,28.83,28.83
$GC,747,-0.61,-146.6,2848,2037,2834,2644,57.9,-7.9,71,748,0.00,0.00,0.00,0.000,2054,0.000,0.000,2848,2037,2739,2834,2644,0,0,0,0,0,0,28.83,28.83,28.83
$GC,778,-0.61,-146.6,2847,2037,2834,2644,60.1,-7.4,74,779,0.00,0.00,0.00,0.000,2054,0.000,0.000,2848,2037,2739,2834,2644,0,0,0,0,0,0,28.83,28.83,28.83
$GC,807,-0.61,-146.6,2847,2037,2834,2644,62.5,-7.9,77,808,0.00,0.00,0.00,0.000,2054,0.000,0.000,2848,2036,2739,2834,2644,0,0,0,0,0,0,28.83,28.83,28.83
$GC,838,-0.61,-146.6,2848,2037,2834,2644,64.6,-7.2,80,839,0.00,0.00,0.00,0.000,2054,0.000,0.000,2848,2037,2739,2834,2644,0,0,0,0,0,0,28.83,28.83,28.83
$GC,867,-0.61,-146.6,2848,2037,2834,2644,66.8,-6.9,83,869,0.00,0.00,0.00,0.000,2054,0.000,0.000,2848,2037,2738,2833,2644,0,0,0,0,0,0,28.83,28.83,28.83
$GC,898,-0.61,-146.6,2848,2037,2834,2644,69.0,-7.4,86,899,0.00,0.00,0.00,0.000,2054,0.000,0.000,2848,2037,2739,2834,2644,0,0,0,0,0,0,28.83,28.83,28.83
$GC,927,-0.61,-146.6,2847,2037,2834,2644,71.2,-7.5,89,929,0.00,0.00,0.00,0.000,2054,0.000,0.000,2848,2037,2738,2833,2644,0,0,0,0,0,0,28.83,28.83,28.83
$GC,958,-0.61,-146.6,2848,2037,2834,2644,73.7,-8.2,92,959,0.00,0.00,0.00,0.000,2054,0.000,0.000,2848,2037,2739,2834,2644,0,0,0,0,0,0,28.83,28.83,28.83
$GC,987,-0.61,-146.6,2848,2037,2834,2644,76.1,-8.2,95,988,0.00,0.00,0.00,0.000,2054,0.000,0.000,2848,2037,2739,2834,2644,0,0,0,0,0,0,28.83,28.83,28.83
$GC,1017,-0.61,-146.6,2848,2037,2834,2644,78.6,-8.2,98,1027,0.00,2.05,0.00,0.000,2564,0.000,0.034,2848,655,2739,2834,2644,0,0,0,0,0,0,28.83,26.48,28.83
$GC,1042,-0.61,-146.6,2848,655,2833,2643,80.9,-9.7,100,1050,0.00,2.00,0.00,0.000,3078,0.000,0.022,2848,2020,2739,2834,2644,0,0,0,0,0,0,28.83,26.53,28.83
$GC,1081,-0.61,-146.6,2848,2020,2834,2643,84.5,-8.8,104,1083,0.00,0.00,0.00,0.000,2054,0.000,0.000,2848,2020,2738,2833,2643,0,0,0,0,0,0,28.83,28.83,28.83
$GC,1112,-0.61,-146.6,2848,2020,2834,2644,87.1,-8.4,107,1122,0.00,2.00,0.00,0.000,2564,0.000,0.034,2848,662,2738,2833,2644,0,0,0,0,0,0,28.83,26.49,28.83
$GC,1139,-0.61,-146.6,2848,662,2834,2643,89.2,-8.5,109,1146,0.00,2.00,0.00,0.000,3078,0.000,0.023,2847,2026,2738,2833,2643,0,0,0,0,0,0,28.83,26.54,28.83
$GC,1178,-0.61,-146.6,2848,2026,2834,2643,92.7,-8.3,113,1185,0.00,0.00,0.00,0.000,2054,0.000,0.000,2848,2027,2738,2833,2644,0,0,0,0,0,0,28.83,28.83,28.83
$GC,1216,-0.61,-146.6,2848,2027,2833,2643,95.9,-7.8,117,1220,0.00,2.05,0.00,0.000,2564,0.000,0.034,2848,651,2738,2834,2643,0,0,0,0,0,0,28.83,26.50,28.83
$GC,1238,-0.61,-146.6,2848,651,2834,2643,97.9,-8.5,119,1249,0.00,1.98,0.00,0.000,3078,0.000,0.022,2847,2036,2738,2833,2643,0,0,0,0,0,0,28.83,26.55,28.83
$GC,1279,-0.61,-146.6,2847,2036,2834,2643,101.0,-7.8,123,1281,0.00,0.00,0.00,0.000,2054,0.000,0.000,2848,2036,2738,2834,2643,0,0,0,0,0,0,28.83,28.83,28.83
$GC,1309,-0.61,-146.6,2848,2036,2833,2643,103.2,-7.6,126,1310,0.00,0.00,0.00,0.000,2054,0.000,0.000,2848,2036,2738,2833,2643,0,0,0,0,0,0,28.83,28.83,28.83
$GC,1339,-0.61,-146.6,2848,2036,2833,2643,105.7,-8.1,129,1340,0.00,0.00,0.00,0.000,2054,0.000,0.000,2848,2036,2738,2833,2644,0,0,0,0,0,0,28.83,28.83,28.83
$GC,1369,-0.61,-146.6,2847,2036,2833,2643,108.3,-8.3,132,1370,0.00,0.00,0.00,0.000,2054,0.000,0.000,2848,2036,2738,2834,2643,0,0,0,0,0,0,28.83,28.83,28.83
$GC,1399,-0.61,-146.6,2848,2036,2833,2643,110.7,-8.3,135,1400,0.00,0.00,0.00,0.000,2054,0.000,0.000,2848,2036,2738,2834,2643,0,0,0,0,0,0,28.83,28.83,28.83
$GC,1429,-0.61,-146.6,2848,2036,2833,2643,113.2,-8.3,138,1430,0.00,0.00,0.00,0.000,2054,0.000,0.000,2848,2036,2738,2834,2643,0,0,0,0,0,0,28.83,28.83,28.83
$GC,1459,-0.61,-146.6,2847,2036,2834,2643,115.5,-8.0,141,1460,0.00,0.00,0.00,0.000,2054,0.000,0.000,2848,2036,2738,2833,2643,0,0,0,0,0,0,28.83,28.83,28.83
$GC,1490,-0.61,-146.6,2848,2036,2834,2643,117.9,-7.8,144,1491,0.00,0.00,0.00,0.000,2054,0.000,0.000,2848,2036,2738,2834,2643,0,0,0,0,0,0,28.83,28.83,28.83
$GC,1523,-0.61,-146.6,2848,2036,2834,2643,120.3,-7.9,147,1531,0.00,0.00,0.00,0.000,2054,0.000,0.000,2847,2036,2738,2834,2643,0,0,0,0,0,0,28.83,28.83,28.83
$GC,1561,-0.61,-146.6,2848,2036,2833,2643,123.3,-7.3,151,1569,0.00,0.00,0.00,0.000,2054,0.000,0.000,2848,2036,2738,2834,2643,0,0,0,0,0,0,28.83,28.83,28.83
$GC,1599,-0.61,-146.6,2848,2036,2834,2643,126.6,-8.1,155,1600,0.00,0.00,0.00,0.000,2054,0.000,0.000,2848,2036,2738,2833,2643,0,0,0,0,0,0,28.83,28.83,28.83
$GC,1629,-0.61,-146.6,2847,2036,2834,2643,129.0,-7.9,158,1631,0.00,0.00,0.00,0.000,2054,0.000,0.000,2848,2036,2738,2833,2643,0,0,0,0,0,0,28.83,28.83,28.83
$GC,1660,-0.61,-146.6,2848,2036,2834,2643,131.2,-7.7,161,1661,0.00,0.00,0.00,0.000,2054,0.000,0.000,2848,2036,2738,2833,2643,0,0,0,0,0,0,28.83,28.83,28.83
$GC,1690,-0.61,-146.6,2848,2036,2834,2643,133.5,-7.8,164,1700,0.00,2.05,0.00,0.000,2308,0.000,0.037,2848,3430,2738,2833,2643,0,0,0,0,0,0,28.83,26.52,28.83
$GC,1735,-0.61,-146.6,2847,3430,2834,2643,137.1,-7.9,168,1744,0.00,1.95,0.00,0.000,3078,0.000,0.018,2848,2017,2738,2833,2643,0,0,0,0,0,0,28.83,26.60,28.83
$GC,1774,-0.61,-146.6,2847,2015,2834,2643,140.4,-8.3,172,1775,0.00,0.00,0.00,0.000,2054,0.000,0.000,2848,2015,2738,2833,2643,0,0,0,0,0,0,28.83,28.83,28.83
$STATE,1802,end dive,BOTTOM_OBSTACLE_DETECTED
$STATE,1802,begin apogee
$GC,1808,-0.27,0.0,2848,1825,2833,2643,142.7,-7.9,175,1936,0.35,0.08,119.82,0.577,10246,0.122,0.106,2963,1921,2139,2224,2054,0,0,0,0,0,0,26.36,25.44,24.97
$STATE,1937,end apogee,CONTROL_FINISHED_OK
$STATE,1937,begin climb
$GC,1939,0.76,146.6,2963,1921,2224,2052,145.9,0.0,188,2055,0.98,0.00,111.95,0.556,10758,0.089,0.000,3294,1922,1555,1675,1436,0,0,0,0,0,0,25.53,28.83,24.89
$GC,2085,0.69,146.6,3294,1922,1674,1430,128.8,15.4,203,2096,0.10,2.03,0.00,0.000,4356,0.177,0.031,3273,3267,1551,1674,1429,0,0,0,0,0,0,25.54,25.66,28.83
$GC,2130,0.63,146.6,3273,3267,1674,1427,121.4,16.4,207,2141,0.05,1.98,0.00,0.000,5126,0.158,0.020,3261,1904,1550,1674,1427,0,0,0,0,0,0,25.70,25.86,28.83
$GC,2170,0.63,146.6,3261,1903,1674,1426,115.3,15.4,211,2181,0.00,2.15,0.00,0.000,4612,0.000,0.039,3264,506,1550,1674,1426,0,0,0,0,0,0,28.83,25.90,28.83
$GC,2206,0.63,146.6,3264,505,1671,1426,110.2,14.7,214,2215,0.00,1.95,0.00,0.000,5126,0.000,0.019,3264,1869,1548,1671,1426,0,0,0,0,0,0,28.83,26.04,28.83
$GC,2244,0.63,146.6,3264,1870,1671,1426,104.4,14.6,218,2254,0.00,2.10,0.00,0.000,4356,0.000,0.031,3264,3284,1548,1671,1426,0,0,0,0,0,0,28.83,26.06,28.83
$GC,2288,0.63,146.6,3264,3284,1671,1425,97.7,15.5,222,2298,0.00,2.03,0.00,0.000,5126,0.000,0.021,3265,1884,1548,1671,1425,0,0,0,0,0,0,28.83,26.15,28.83
$GC,2329,0.63,146.6,3265,1884,1671,1425,91.6,15.2,226,2338,0.00,2.08,0.00,0.000,4612,0.000,0.039,3264,513,1548,1671,1425,0,0,0,0,0,0,28.83,26.13,28.83
$GC,2373,0.63,146.6,3264,513,1669,1425,85.4,14.4,230,2382,0.00,1.98,0.00,0.000,5126,0.000,0.019,3265,1893,1546,1668,1424,0,0,0,0,0,0,28.83,26.24,28.83
$GC,2413,0.63,146.6,3264,1893,1668,1425,79.6,14.4,234,2417,0.00,2.08,0.00,0.000,4356,0.000,0.032,3265,3290,1546,1668,1425,0,0,0,0,0,0,28.83,26.22,28.83
$GC,2438,0.63,146.6,3264,3289,1668,1425,76.3,14.4,236,2446,0.00,2.05,0.00,0.000,5126,0.000,0.020,3265,1894,1546,1668,1424,0,0,0,0,0,0,28.83,26.29,28.83
$GC,2477,0.63,146.6,3265,1894,1669,1424,69.9,15.3,240,2486,0.00,2.08,0.00,0.000,4612,0.000,0.039,3265,517,1546,1668,1424,0,0,0,0,0,0,28.83,26.24,28.83
$GC,2501,0.63,146.6,3265,517,1669,1424,66.4,15.3,242,2509,0.00,2.03,0.00,0.000,5126,0.000,0.019,3265,1898,1546,1669,1424,0,0,0,0,0,0,28.83,26.32,28.83
$GC,2540,0.63,146.6,3265,1898,1668,1424,60.8,14.0,246,2549,0.00,2.03,0.00,0.000,4356,0.000,0.032,3265,3280,1546,1669,1424,0,0,0,0,0,0,28.83,26.30,28.83
$GC,2584,0.63,146.6,3265,3280,1668,1424,54.9,13.6,250,2593,0.00,1.98,0.00,0.000,5126,0.000,0.020,3265,1884,1546,1668,1424,0,0,0,0,0,0,28.83,26.36,28.83
$GC,2624,0.63,146.6,3265,1884,1668,1424,49.8,13.0,254,2625,0.00,0.00,0.00,0.000,4102,0.000,0.000,3265,1884,1546,1668,1424,0,0,0,0,0,0,28.83,28.83,28.83
$GC,2654,0.63,146.6,3264,1883,1668,1424,46.1,12.3,257,2655,0.00,0.00,0.00,0.000,4102,0.000,0.000,3265,1883,1546,1669,1424,0,0,0,0,0,0,28.83,28.83,28.83
$GC,2684,0.63,146.6,3265,1883,1668,1424,42.6,11.7,260,2685,0.00,0.00,0.00,0.000,4102,0.000,0.000,3265,1883,1546,1668,1424,0,0,0,0,0,0,28.83,28.83,28.83
$GC,2714,0.63,146.6,3265,1882,1669,1423,38.4,13.5,263,2724,0.00,2.05,0.00,0.000,4356,0.000,0.031,3265,3278,1546,1668,1424,0,0,0,0,0,0,28.83,26.37,28.83
$GC,2758,0.63,146.6,3265,3278,1668,1423,32.3,13.8,267,2768,0.00,2.00,0.00,0.000,5126,0.000,0.021,3265,1882,1545,1668,1423,0,0,0,0,0,0,28.83,26.43,28.83
$GC,2798,0.63,146.6,3265,1881,1668,1423,26.8,13.7,271,2799,0.00,0.00,0.00,0.000,4102,0.000,0.000,3265,1881,1545,1668,1423,0,0,0,0,0,0,28.83,28.83,28.83
$GC,2828,0.63,146.6,3265,1881,1668,1424,23.1,12.5,274,2829,0.00,0.00,0.00,0.000,4102,0.000,0.000,3265,1881,1545,1668,1423,0,0,0,0,0,0,28.83,28.83,28.83
$GC,2859,0.63,146.6,3265,1881,1668,1424,19.4,12.5,277,2866,0.00,0.00,0.00,0.000,4102,0.000,0.000,3265,1881,1545,1668,1423,0,0,0,0,0,0,28.83,28.83,28.83
$GC,2898,0.63,146.6,3265,1881,1668,1423,14.4,12.3,281,2899,0.00,0.00,0.00,0.000,4102,0.000,0.000,3265,1881,1545,1668,1423,0,0,0,0,0,0,28.83,28.83,28.83
$GC,2929,0.63,146.6,3265,1881,1668,1423,10.9,11.8,284,2930,0.00,0.00,0.00,0.000,4102,0.000,0.000,3265,1881,1545,1668,1423,0,0,0,0,0,0,28.83,28.83,28.83
$GC,2958,0.63,146.6,3265,1881,1668,1423,7.0,12.9,287,2968,0.00,2.10,0.00,0.000,4356,0.000,0.032,3265,3312,1545,1668,1423,0,0,0,0,0,0,28.83,26.44,28.83
$STATE,3001,end climb,SURFACE_DEPTH_REACHED
$STATE,3001,begin surface coast
$FINISH,-0.5,1.021793
$STATE,3024,end surface coast,CONTROL_FINISHED_OK
$STATE,3024,begin surface
$SM_CCo,3042,82.88,0.440,1,0,1144,250.20
$SM_GC,-7.20,8.27,1.88,82.88,0.063,0.018,0.440,249,2022,1144,-8.70,1.89,250.20,0,0,0,0,1,0,26.42,26.51,25.24
$IRIDIUM_FIX,4729.30,-12221.39,080418,222233
$TT8_MAMPS,0.027713,0.027713
$HUMID,40.98
$INTERNAL_PRESSURE,8.46753
$TCM_TEMP,19.60
$XPDR_PINGS,3
$ALTIM_TOP_PING,19.4,8.8
$ALTIM_BOTTOM_PING,130.5,36.8
$24V_AH,24.9,20.991
$10V_AH,10.5,9.286
$FG_AHR_24Vo,0.000
$FG_AHR_10Vo,0.000
$DEVICES,Pitch_motor,Roll_motor,VBD_pump_during_apogee,VBD_pump_during_surface,VBD_valve,Iridium_during_init,Iridium_during_connect,Iridium_during_xfer,Transponder_ping,GUMSTIX_24V,GPS,TT8,LPSleep,TT8_Active,TT8_Sampling,TT8_CF8,TT8_Kalman,Analog_circuits,GPS_charging,Compass,RAFOS,Transponder,Compass2
$DEVICE_SECS,20.350,65.000,231.775,82.875,0.000,56.352,59.574,179.193,2.500,0.000,16.884,870.096,912.844,468.745,1204.328,158.691,0.000,1000.438,0.000,559.114,0.000,15.951,0.000
$DEVICE_MAMPS,218.790,105.570,576.810,439.875,0.000,43.600,160.000,223.000,420.000,0.000,28.460,13.960,2.190,13.960,37.930,44.670,0.000,16.000,0.000,15.730,0.000,30.000,0.000
$SENSORS,SBE_CT,SBE_O2,nil,nil,nil,nil,nil,nil,nil,nil
$SENSOR_SECS,194.913,737.693,0.000,0.000,0.000,0.000,0.000,0.000,0.000,0.000
$SENSOR_MAMPS,23.220,4.490,0.000,0.000,0.000,0.000,0.000,0.000,0.000,0.000
$MEM,354524
$DATA_FILE_SIZE,13497,293
$CAP_FILE_SIZE,96927,0
$CFSIZE,260165632,243564544
$ERRORS,0,0,0,0,0,0,0,0,0,0,0,0,0,1,0,0
$CURRENT,0.058,345.0,1
$GPS,120625,100317,4749.938,-12224.997,10,4.9,40,18.2
