version: 66.11
glider: 175
mission: 9
dive: 175
start: 6 6 125 2 0 57
data:
$ID,175
$MISSION,9
$DIVE,175
$N_DIVES,0
$D_SURF,3
$D_FLARE,3
$D_TGT,150
$D_ABORT,1090
$D_NO_BLEED,500
$D_BOOST,3
$T_BOOST,0
$D_FINISH,0
$D_PITCH,0
$D_SAFE,0
$D_CALL,0
$SURFACE_URGENCY,0
$SURFACE_URGENCY_TRY,0
$SURFACE_URGENCY_FORCE,0
$T_DIVE,50
$T_MISSION,65
$T_ABORT,1440
$T_TURN,300
$T_TURN_SAMPINT,5
$T_NO_W,120
$T_LOITER,0
$T_EPIRB,0
$USE_BATHY,0
$USE_ICE,0
$ICE_FREEZE_MARGIN,0.30000001
$D_OFFGRID,100
$T_WATCHDOG,10
$RELAUNCH,1
$APOGEE_PITCH,-8
$MAX_BUOY,150
$COURSE_BIAS,0
$GLIDE_SLOPE,30
$SPEED_FACTOR,1
$RHO,1.023
$MASS,51902
$MASS_COMP,0
$NAV_MODE,2
$FERRY_MAX,45
$KALMAN_USE,2
$HD_A,0.003
$HD_B,0.0099999998
$HD_C,9.9999997e-06
$HEADING,-1
$ESCAPE_HEADING,0
$ESCAPE_HEADING_DELTA,10
$FIX_MISSING_TIMEOUT,0
$TGT_DEFAULT_LAT,4743
$TGT_DEFAULT_LON,-12225
$TGT_AUTO_DEFAULT,0
$SM_CC,250
$N_FILEKB,4
$FILEMGR,0
$CALL_NDIVES,1
$COMM_SEQ,0
$PROTOCOL,9
$N_NOCOMM,1
$NOCOMM_ACTION,0
$N_NOSURFACE,0
$UPLOAD_DIVES_MAX,-1
$CALL_TRIES,5
$CALL_WAIT,60
$CAPUPLOAD,1
$CAPMAXSIZE,200000
$HEAPDBG,0
$T_GPS,15
$N_GPS,30
$T_GPS_ALMANAC,0
$T_GPS_CHARGE,-34723.723
$T_RSLEEP,2
$STROBE,0
$RAFOS_PEAK_OFFSET,1.5
$RAFOS_CORR_THRESH,60
$RAFOS_HIT_WINDOW,3600
$PITCH_MIN,255
$PITCH_MAX,3935
$C_PITCH,3013
$PITCH_DBAND,0.0099999998
$PITCH_CNV,0.003125763
$P_OVSHOOT,0.039999999
$PITCH_GAIN,30
$PITCH_TIMEOUT,17
$PITCH_AD_RATE,160
$PITCH_MAXERRORS,1
$PITCH_ADJ_GAIN,0.02
$PITCH_ADJ_DBAND,2.5
$ROLL_MIN,171
$ROLL_MAX,3723
$ROLL_DEG,40
$C_ROLL_DIVE,2033
$C_ROLL_CLIMB,1891
$HEAD_ERRBAND,10
$ROLL_CNV,0.028270001
$ROLL_TIMEOUT,15
$R_PORT_OVSHOOT,61
$R_STBD_OVSHOOT,44
$ROLL_AD_RATE,300
$ROLL_MAXERRORS,2
$ROLL_ADJ_GAIN,0
$ROLL_ADJ_DBAND,0
$VBD_MIN,465
$VBD_MAX,3960
$C_VBD,2140
$VBD_DBAND,2
$VBD_CNV,-0.25119999
$VBD_TIMEOUT,720
$PITCH_VBD_SHIFT,0.0012300001
$VBD_PUMP_AD_RATE_SURFACE,5
$VBD_PUMP_AD_RATE_APOGEE,4
$VBD_BLEED_AD_RATE,8
$UNCOM_BLEED,60
$VBD_MAXERRORS,1
$W_ADJ_DBAND,2
$DBDW,0
$PITCH_W_GAIN,0
$PITCH_W_DBAND,1
$CF8_MAXERRORS,5
$AH0_24V,145
$AH0_10V,95
$MINV_24V,19
$MINV_10V,8
$FG_AHR_10V,0
$FG_AHR_24V,0
$PHONE_SUPPLY,2
$PRESSURE_YINT,-33.008354
$PRESSURE_SLOPE,0.0001165895
$AD7714Ch0Gain,128
$TCM_PITCH_OFFSET,0
$TCM_ROLL_OFFSET,0
$COMPASS_USE,4
$ALTIM_BOTTOM_PING_RANGE,0
$ALTIM_TOP_PING_RANGE,20
$ALTIM_BOTTOM_TURN_MARGIN,25
$ALTIM_TOP_TURN_MARGIN,0
$ALTIM_TOP_MIN_OBSTACLE,1
$ALTIM_PING_DEPTH,80
$ALTIM_PING_DELTA,5
$ALTIM_FREQUENCY,13
$ALTIM_PULSE,3
$ALTIM_SENSITIVITY,3
$XPDR_VALID,5
$XPDR_INHIBIT,90
$INT_PRESSURE_SLOPE,0.0097660003
$INT_PRESSURE_YINT,-0.40000001
$DEEPGLIDER,0
$DEEPGLIDERMB,0
$MOTHERBOARD,4
$DEVICE1,2
$DEVICE2,20
$DEVICE3,-1
$DEVICE4,-1
$DEVICE5,-1
$DEVICE6,-1
$LOGGERS,7
$LOGGERDEVICE1,-1
$LOGGERDEVICE2,-1
$LOGGERDEVICE3,-1
$LOGGERDEVICE4,-1
$COMPASS_DEVICE,33
$COMPASS2_DEVICE,-1
$PHONE_DEVICE,49
$GPS_DEVICE,32
$RAFOS_DEVICE,-1
$XPDR_DEVICE,24
$SIM_W,0
$SIM_PITCH,0
$SEABIRD_T_G,0.0043275012
$SEABIRD_T_H,0.0006214368
$SEABIRD_T_I,2.2085376e-05
$SEABIRD_T_J,2.2233748e-06
$SEABIRD_C_G,-10.084761
$SEABIRD_C_H,1.1595923
$SEABIRD_C_I,-0.0010180317
$SEABIRD_C_J,0.00017345669
$GPS1,060625,015511,4749.312,-12225.134,11,1.6,11,18.2
$_CALLS,1
$_XMS_NAKs,0
$_XMS_TOUTs,0
$_SM_DEPTHo,-2.71
$_SM_ANGLEo,-70.7
$GPS2,060625,020029,4749.292,-12225.162,10,1.7,10,18.2
$SPEED_LIMITS,0.173,0.260
$TGT_NAME,NORTH_175
$TGT_LATLONG,4750.000,-12225.000
$TGT_RADIUS,200.000
$KALMAN_CONTROL,0.000,0.000
$KALMAN_X,0.0,0.0,0.0,0.0,0.0
$KALMAN_Y,0.0,0.0,0.0,0.0,0.0
$MHEAD_RNG_PITCHd_Wd,3.5,1326,-17.5,-10.000,-21.04,2225
$D_GRID,150
$GCHEAD,st_secs,pitch_ctl,vbd_ctl,pitch_ad_start,roll_ad_start,vbd_pot1_ad_start,vbd_pot2_ad_start,depth,ob_vertv,data_pts,end_secs,pitch_secs,roll_secs,vbd_secs,vbd_i,gcphase,pitch_i,roll_i,pitch_ad,roll_ad,vbd_ad,vbd_pot1_ad,vbd_pot2_ad,pitch_retries,pitch_errors,roll_retries,roll_errors,vbd_retries,vbd_errors,pitch_volts,roll_volts,vbd_volts
$STATE,13,end surface,CONTROL_FINISHED_OK
$STATE,13,begin dive
$GC,15,-0.76,-146.6,245,2030,1233,1033,0.0,0.0,0,80,0.00,0.00,-58.25,0.000,16390,0.000,0.000,245,2031,2726,2805,2648,0,0,0,0,0,0,28.83,28.83,26.40
$GC,83,-0.76,-146.6,245,2031,2805,2648,0.2,-6.4,6,98,9.95,2.10,0.00,0.000,2564,0.230,0.033,2760,632,2731,2814,2649,0,0,0,0,0,0,25.77,26.07,28.83
$GC,171,-0.54,-146.6,2760,632,2822,2648,17.9,-16.6,14,180,0.28,2.10,0.00,0.000,3078,0.157,0.024,2833,2034,2736,2824,2648,0,0,0,0,0,0,25.96,26.19,28.83
$GC,211,-0.42,-146.6,2833,2034,2826,2648,23.5,-13.8,18,213,0.15,0.00,0.00,0.000,2054,0.159,0.000,2874,2035,2737,2827,2648,0,0,0,0,0,0,26.06,28.83,28.83
$GC,241,-0.42,-146.6,2873,2035,2828,2648,26.5,-9.8,21,242,0.00,0.00,0.00,0.000,2054,0.000,0.000,2873,2035,2738,2828,2648,0,0,0,0,0,0,28.83,28.83,28.83
$GC,271,-0.42,-146.6,2873,2035,2828,2647,29.0,-8.6,24,280,0.00,2.10,0.00,0.000,2308,0.000,0.038,2872,3433,2737,2828,2647,0,0,0,0,0,0,28.83,26.22,28.83
$GC,327,-0.42,-146.6,2871,3433,2828,2648,33.4,-8.1,29,336,0.00,2.05,0.00,0.000,3078,0.000,0.019,2871,2020,2738,2829,2648,0,0,0,0,0,0,28.83,26.32,28.83
$GC,366,-0.42,-146.6,2872,2020,2829,2647,36.8,-8.4,33,376,0.00,2.03,0.00,0.000,2564,0.000,0.034,2872,649,2738,2829,2647,0,0,0,0,0,0,28.83,26.29,28.83
$GC,389,-0.42,-146.6,2871,649,2829,2647,38.8,-8.4,35,398,0.00,2.03,0.00,0.000,3078,0.000,0.023,2872,2046,2738,2829,2647,0,0,0,0,0,0,28.83,26.34,28.83
$GC,429,-0.42,-146.6,2871,2046,2829,2647,42.0,-8.1,39,438,0.00,2.08,0.00,0.000,2308,0.000,0.037,2872,3431,2738,2829,2647,0,0,0,0,0,0,28.83,26.32,28.83
$GC,527,-0.47,-146.6,2872,3431,2830,2647,48.9,-7.1,48,536,0.00,1.95,0.00,0.000,5126,0.000,0.018,2872,2032,2738,2830,2647,0,0,0,0,0,0,28.83,26.42,28.83
$GC,566,-0.53,-146.6,2871,2031,2830,2647,51.7,-7.1,52,575,0.10,2.00,0.00,0.000,4612,0.105,0.031,2829,664,2738,2830,2646,0,0,0,0,0,0,26.43,26.38,28.83
$GC,697,-0.53,-146.6,2829,664,2830,2646,64.7,-11.3,64,705,0.03,2.03,0.00,0.000,3078,0.181,0.024,2835,2038,2738,2830,2646,0,0,0,0,0,0,26.32,26.46,28.83
$GC,734,-0.53,-146.6,2835,2038,2830,2646,69.3,-11.4,68,744,0.00,2.08,0.00,0.000,2308,0.000,0.037,2834,3429,2738,2831,2646,0,0,0,0,0,0,28.83,26.41,28.83
$GC,768,-0.53,-146.6,2834,3429,2830,2646,72.4,-9.4,71,777,0.00,1.98,0.00,0.000,3078,0.000,0.018,2834,2018,2738,2830,2646,0,0,0,0,0,0,28.83,26.49,28.83
$GC,808,-0.53,-146.6,2834,2017,2830,2646,75.7,-8.3,75,817,0.00,1.98,0.00,0.000,2564,0.000,0.034,2834,661,2738,2830,2646,0,0,0,0,0,0,28.83,26.44,28.83
$GC,843,-0.53,-146.6,2834,661,2830,2646,78.9,-9.3,78,851,0.00,2.03,0.00,0.000,3078,0.000,0.024,2834,2036,2738,2830,2646,0,0,0,0,0,0,28.83,26.49,28.83
$GC,882,-0.53,-146.6,2834,2036,2830,2646,82.7,-9.3,82,891,0.00,2.05,0.00,0.000,2308,0.000,0.037,2833,3421,2738,2830,2646,0,0,0,0,0,0,28.83,26.45,28.83
$GC,948,-0.53,-146.6,2833,3422,2830,2646,88.3,-8.8,88,957,0.00,2.00,0.00,0.000,3078,0.000,0.018,2833,2030,2738,2830,2646,0,0,0,0,0,0,28.83,26.52,28.83
$GC,987,-0.53,-146.6,2833,2030,2830,2646,92.0,-9.0,92,997,0.00,2.00,0.00,0.000,2564,0.000,0.034,2833,659,2738,2830,2646,0,0,0,0,0,0,28.83,26.48,28.83
$GC,1076,-0.53,-146.6,2833,659,2830,2646,100.5,-10.0,100,1085,0.00,1.95,0.00,0.000,3078,0.000,0.024,2833,2034,2738,2830,2646,0,0,0,0,0,0,28.83,26.53,28.83
$GC,1114,-0.53,-146.6,2833,2034,2830,2646,103.9,-8.4,104,1115,0.00,0.00,0.00,0.000,2054,0.000,0.000,2833,2034,2738,2830,2646,0,0,0,0,0,0,28.83,28.83,28.83
$GC,1143,-0.53,-146.6,1888,2031,2786,2639,106.6,-8.8,107,1153,0.00,2.08,0.00,0.000,2308,0.000,0.038,2833,3427,2738,2830,2646,0,0,0,0,0,0,28.83,26.49,28.83
$GC,1187,-0.53,-146.6,2833,3427,2830,2646,110.3,-8.4,111,1196,0.00,1.95,0.00,0.000,3078,0.000,0.018,2833,2027,2738,2830,2646,0,0,0,0,0,0,28.83,26.57,28.83
$GC,1227,-0.53,-146.6,2833,2027,2830,2646,113.8,-8.6,115,1236,0.00,2.00,0.00,0.000,2564,0.000,0.034,2833,655,2738,2830,2646,0,0,0,0,0,0,28.83,26.51,28.83
$GC,1262,-0.53,-146.6,2833,655,2829,2645,116.8,-9.1,118,1270,0.00,2.03,0.00,0.000,3078,0.000,0.024,2833,2036,2738,2830,2646,0,0,0,0,0,0,28.83,26.55,28.83
$GC,1301,-0.53,-146.6,2832,2036,2830,2646,120.2,-8.3,122,1310,0.00,2.05,0.00,0.000,2308,0.000,0.038,2833,3428,2738,2830,2646,0,0,0,0,0,0,28.83,26.51,28.83
$GC,1334,-0.53,-146.6,2833,3428,2830,2646,123.0,-8.5,125,1344,0.00,1.95,0.00,0.000,3078,0.000,0.018,2833,2027,2738,2830,2646,0,0,0,0,0,0,28.83,26.58,28.83
$GC,1374,-0.53,-146.6,2833,2027,2830,2646,126.6,-9.0,129,1384,0.00,2.00,0.00,0.000,2564,0.000,0.033,2833,652,2737,2830,2645,0,0,0,0,0,0,28.83,26.53,28.83
$GC,1439,-0.53,-146.6,2832,652,2830,2645,133.0,-9.6,135,1449,0.00,1.98,0.00,0.000,3078,0.000,0.023,2833,2035,2737,2830,2645,0,0,0,0,0,0,28.83,26.57,28.83
$GC,1479,-0.53,-146.6,2832,2035,2830,2645,136.2,-8.0,139,1489,0.00,2.08,0.00,0.000,2308,0.000,0.037,2833,3431,2737,2830,2645,0,0,0,0,0,0,28.83,26.52,28.83
$STATE,1522,end dive,BOTTOM_OBSTACLE_DETECTED
$STATE,1522,begin apogee
$GC,1528,-0.27,0.0,2833,1894,2830,2645,139.6,-7.8,143,1654,0.28,0.00,120.38,0.565,10246,0.132,0.000,2921,1892,2139,2221,2057,0,0,0,0,0,0,26.39,28.83,24.94
$STATE,1655,end apogee,CONTROL_FINISHED_OK
$STATE,1656,begin climb
$GC,1657,0.76,146.6,2921,1892,2221,2056,142.9,0.0,156,1778,0.98,2.17,112.22,0.544,10500,0.093,0.033,3249,3295,1555,1673,1438,0,0,0,0,0,0,25.46,25.36,24.84
$GC,1845,0.76,146.6,3249,3295,1672,1431,123.6,12.9,174,1854,0.00,2.12,0.00,0.000,3078,0.000,0.021,3251,1879,1551,1672,1431,0,0,0,0,0,0,28.83,25.82,28.83
$GC,1885,0.76,146.6,3251,1879,1672,1430,118.7,12.0,178,1894,0.00,2.10,0.00,0.000,2564,0.000,0.041,3252,512,1551,1673,1429,0,0,0,0,0,0,28.83,25.86,28.83
$GC,1898,0.76,146.6,3251,512,1669,1430,117.7,11.8,179,1907,0.00,2.05,0.00,0.000,3078,0.000,0.018,3251,1902,1549,1669,1430,0,0,0,0,0,0,28.83,25.96,28.83
$GC,1939,0.76,146.6,3251,1902,1669,1429,112.6,11.5,183,1945,0.00,0.00,0.00,0.000,2054,0.000,0.000,3251,1902,1549,1669,1429,0,0,0,0,0,0,28.83,28.83,28.83
$GC,1977,0.76,146.6,3251,1903,1669,1428,108.2,11.1,187,1978,0.00,0.00,0.00,0.000,2054,0.000,0.000,3252,1903,1548,1668,1428,0,0,0,0,0,0,28.83,28.83,28.83
$GC,2008,0.76,146.6,3251,1902,1669,1428,104.7,11.6,190,2009,0.00,0.00,0.00,0.000,2054,0.000,0.000,3251,1902,1548,1669,1428,0,0,0,0,0,0,28.83,28.83,28.83
$GC,2037,0.76,146.6,3251,1902,1669,1427,101.2,11.6,193,2038,0.00,0.00,0.00,0.000,2054,0.000,0.000,3252,1902,1547,1668,1427,0,0,0,0,0,0,28.83,28.83,28.83
$GC,2067,0.76,146.6,3251,1902,1668,1427,98.0,11.0,196,2068,0.00,0.00,0.00,0.000,2054,0.000,0.000,3251,1902,1548,1669,1427,0,0,0,0,0,0,28.83,28.83,28.83
$GC,2097,0.76,146.6,3251,1902,1668,1427,94.6,11.1,199,2098,0.00,0.00,0.00,0.000,2054,0.000,0.000,3252,1902,1548,1669,1427,0,0,0,0,0,0,28.83,28.83,28.83
$GC,2129,0.76,146.6,3251,1902,1669,1427,91.0,11.9,202,2135,0.00,0.00,0.00,0.000,2054,0.000,0.000,3251,1902,1548,1669,1427,0,0,0,0,0,0,28.83,28.83,28.83
$GC,2167,0.76,146.6,3251,1902,1669,1426,86.0,12.5,206,2177,0.00,2.15,0.00,0.000,2564,0.000,0.040,3251,509,1547,1669,1426,0,0,0,0,0,0,28.83,26.20,28.83
$GC,2181,0.76,146.6,3251,508,1669,1426,84.9,12.7,207,2190,0.00,2.03,0.00,0.000,3078,0.000,0.018,3251,1888,1547,1669,1426,0,0,0,0,0,0,28.83,26.28,28.83
$GC,2220,0.76,146.6,3251,1888,1668,1426,78.8,13.7,211,2230,0.00,2.05,0.00,0.000,2308,0.000,0.034,3252,3285,1547,1669,1426,0,0,0,0,0,0,28.83,26.25,28.83
$GC,2254,0.76,146.6,3251,3285,1669,1426,74.6,13.0,214,2263,0.00,2.00,0.00,0.000,3078,0.000,0.021,3251,1878,1547,1669,1426,0,0,0,0,0,0,28.83,26.32,28.83
$GC,2294,0.76,146.6,3251,1878,1669,1426,69.8,11.7,218,2303,0.00,2.05,0.00,0.000,2564,0.000,0.041,3252,516,1547,1669,1426,0,0,0,0,0,0,28.83,26.27,28.83
$GC,2307,0.76,146.6,3251,516,1669,1426,68.8,11.6,219,2316,0.00,2.00,0.00,0.000,3078,0.000,0.018,3251,1890,1547,1668,1426,0,0,0,0,0,0,28.83,26.35,28.83
$GC,2347,0.76,146.6,3251,1890,1669,1426,63.7,11.6,223,2357,0.00,2.03,0.00,0.000,2308,0.000,0.032,3252,3284,1547,1668,1426,0,0,0,0,0,0,28.83,26.32,28.83
$GC,2369,0.76,146.6,3251,3284,1668,1426,61.0,11.3,225,2380,0.00,2.00,0.00,0.000,3078,0.000,0.020,3252,1884,1547,1669,1426,0,0,0,0,0,0,28.83,26.36,28.83
$GC,2410,0.76,146.6,3251,1884,1669,1426,56.5,11.4,229,2411,0.00,0.00,0.00,0.000,2054,0.000,0.000,3251,1884,1547,1668,1426,0,0,0,0,0,0,28.83,28.83,28.83
$GC,2440,0.76,146.6,3251,1884,1668,1426,53.3,10.7,232,2449,0.00,2.08,0.00,0.000,2564,0.000,0.040,3251,513,1547,1669,1426,0,0,0,0,0,0,28.83,26.33,28.83
$GC,2464,0.76,146.6,3251,513,1669,1426,51.0,10.5,234,2473,0.00,2.03,0.00,0.000,3078,0.000,0.019,3252,1900,1547,1668,1427,0,0,0,0,0,0,28.83,26.41,28.83
$GC,2503,0.76,146.6,3251,1900,1669,1425,46.4,11.1,238,2505,0.00,0.00,0.00,0.000,2054,0.000,0.000,3252,1899,1546,1668,1425,0,0,0,0,0,0,28.83,28.83,28.83
$GC,2533,0.76,146.6,3251,1900,1669,1425,43.2,10.9,241,2537,0.00,2.05,0.00,0.000,2308,0.000,0.032,3251,3289,1547,1669,1425,0,0,0,0,0,0,28.83,26.39,28.83
$GC,2565,0.76,146.6,3251,3289,1669,1425,39.2,12.0,244,2575,0.00,2.00,0.00,0.000,3078,0.000,0.021,3251,1887,1547,1669,1425,0,0,0,0,0,0,28.83,26.44,28.83
$GC,2606,0.76,146.6,3251,1885,1668,1425,34.4,11.9,248,2609,0.00,2.10,0.00,0.000,2564,0.000,0.041,3252,504,1546,1668,1425,0,0,0,0,0,0,28.83,26.37,28.83
$GC,2619,0.76,146.6,2472,504,1639,1422,33.0,11.8,249,2628,0.00,2.03,0.00,0.000,3078,0.000,0.018,3252,1894,1547,1669,1425,0,0,0,0,0,0,28.83,26.46,28.83
$GC,2657,0.76,146.6,3251,1894,1669,1425,28.3,11.7,253,2668,0.00,2.03,0.00,0.000,2308,0.000,0.032,3251,3286,1546,1668,1425,0,0,0,0,0,0,28.83,26.42,28.83
$GC,2673,0.76,146.6,3252,3286,1669,1425,27.4,11.7,254,2681,0.00,2.03,0.00,0.000,3078,0.000,0.020,3251,1892,1546,1668,1425,0,0,0,0,0,0,28.83,26.46,28.83
$GC,2713,0.76,146.6,3251,1892,1668,1425,22.2,11.9,258,2720,0.00,0.00,0.00,0.000,2054,0.000,0.000,3251,1892,1547,1669,1425,0,0,0,0,0,0,28.83,28.83,28.83
$GC,2751,0.76,146.6,3251,1891,1669,1425,17.5,11.9,262,2761,0.00,2.05,0.00,0.000,2308,0.000,0.032,3251,3290,1546,1668,1425,0,0,0,0,0,0,28.83,26.45,28.83
$GC,2786,0.76,146.6,3251,3289,1668,1424,13.3,12.1,265,2795,0.00,2.05,0.00,0.000,3078,0.000,0.020,3252,1887,1546,1668,1424,0,0,0,0,0,0,28.83,26.49,28.83
$GC,2825,0.76,146.6,3251,1887,1668,1424,8.9,11.2,269,2835,0.00,2.08,0.00,0.000,2564,0.000,0.040,3251,510,1546,1669,1424,0,0,0,0,0,0,28.83,26.43,28.83
$GC,2850,0.76,146.6,3251,510,1668,1424,6.6,10.1,271,2858,0.00,2.00,0.00,0.000,3078,0.000,0.020,3252,1885,1546,1668,1424,0,0,0,0,0,0,28.83,26.51,28.83
$STATE,2887,end climb,SURFACE_DEPTH_REACHED
$STATE,2887,begin surface coast
$FINISH,-0.4,1.021912
$STATE,2919,end surface coast,CONTROL_FINISHED_OK
$STATE,2919,begin surface
$SM_CCo,2934,83.00,0.433,1,0,1143,250.20
$SM_GC,-2.75,8.23,0.17,83.00,0.061,0.060,0.433,244,2099,1143,-8.59,-1.64,250.20,0,0,0,0,1,0,26.46,26.55,25.25
$IRIDIUM_FIX,4729.30,-12230.24,020418,141450
$TT8_MAMPS,0.027713,0.027713
$HUMID,40.11
$INTERNAL_PRESSURE,8.448
$TCM_TEMP,19.60
$XPDR_PINGS,0
$ALTIM_TOP_PING,19.9,22.9
$ALTIM_BOTTOM_PING,105.7,58.6
$24V_AH,24.8,11.294
$10V_AH,10.5,4.672
$FG_AHR_24Vo,0.000
$FG_AHR_10Vo,0.000
$DEVICES,Pitch_motor,Roll_motor,VBD_pump_during_apogee,VBD_pump_during_surface,VBD_valve,Iridium_during_init,Iridium_during_connect,Iridium_during_xfer,Transponder_ping,GUMSTIX_24V,GPS,TT8,LPSleep,TT8_Active,TT8_Sampling,TT8_CF8,TT8_Kalman,Analog_circuits,GPS_charging,Compass,RAFOS,Transponder,Compass2
$DEVICE_SECS,19.975,106.250,232.600,83.000,0.000,28.338,17.903,178.908,2.000,0.000,12.949,785.751,773.977,502.183,1194.785,102.289,0.000,1097.761,0.000,634.344,0.000,14.974,0.000
$DEVICE_MAMPS,229.500,59.670,564.570,432.990,0.000,43.600,160.000,223.000,420.000,0.000,28.460,13.960,2.190,13.960,37.930,44.670,0.000,16.000,0.000,15.730,0.000,30.000,0.000
$SENSORS,SBE_CT,SBE_O2,nil,nil,nil,nil,nil,nil,nil,nil
$SENSOR_SECS,182.995,695.833,0.000,0.000,0.000,0.000,0.000,0.000,0.000,0.000
$SENSOR_MAMPS,23.220,4.490,0.000,0.000,0.000,0.000,0.000,0.000,0.000,0.000
$MEM,354436
$DATA_FILE_SIZE,13489,278
$CAP_FILE_SIZE,90642,0
$CFSIZE,260165632,250048512
$ERRORS,0,1,0,0,0,0,0,0,0,0,0,0,0,1,0,0
$INTR,0,93.82,0x233ccc,0,24
$CURRENT,0.064,301.9,1
$GPS,060625,025257,4749.708,-12225.124,36,2.0,60,18.2
