version: 66.14
glider: 195
mission: 21
dive: 151
start: 5 9 105 20 28 58
data:
$ID,195
$MISSION,21
$DIVE,151
$N_DIVES,0
$STOP_T,0
$D_SURF,3
$D_FLARE,2
$D_TGT,990
$D_ABORT,1090
$D_NO_BLEED,50
$D_BOOST,3
$T_BOOST,0
$D_FINISH,0
$D_PITCH,0
$D_SAFE,0
$D_CALL,0
$SURFACE_URGENCY,0
$SURFACE_URGENCY_TRY,0
$SURFACE_URGENCY_FORCE,0
$T_DIVE,330
$T_MISSION,450
$T_ABORT,1440
$T_TURN,300
$T_TURN_SAMPINT,5
$T_NO_W,120
$T_LOITER,0
$T_SLOITER,60
$T_EPIRB,0
$USE_BATHY,0
$USE_ICE,0
$ICE_FREEZE_MARGIN,0.30000001
$D_OFFGRID,990
$T_WATCHDOG,10
$RELAUNCH,1
$APOGEE_PITCH,-8
$MAX_BUOY,150
$COURSE_BIAS,0
$GLIDE_SLOPE,30
$SPEED_FACTOR,1
$RHO,1.023
$MASS,54002
$MASS_COMP,0
$NAV_MODE,2
$FERRY_MAX,45
$KALMAN_USE,2
$HD_A,0.0038000001
$HD_B,0.0099999998
$HD_C,9.8500004e-06
$HEADING,-1
$ESCAPE_HEADING,0
$ESCAPE_HEADING_DELTA,10
$FIX_MISSING_TIMEOUT,0
$TGT_DEFAULT_LAT,4736
$TGT_DEFAULT_LON,-12225
$TGT_AUTO_DEFAULT,0
$SM_CC,250
$N_FILEKB,4
$FILEMGR,0
$CALL_NDIVES,1
$COMM_SEQ,0
$PROTOCOL,9
$N_NOCOMM,1
$NOCOMM_ACTION,0
$N_NOSURFACE,0
$UPLOAD_DIVES_MAX,-1
$CALL_TRIES,5
$CALL_WAIT,60
$CAPUPLOAD,0
$CAPMAXSIZE,200000
$HEAPDBG,0
$T_GPS,15
$N_GPS,50840
$T_RSLEEP,2
$STROBE,0
$RAFOS_PEAK_OFFSET,1.5
$RAFOS_CORR_THRESH,60
$RAFOS_HIT_WINDOW,3600
$RAFOS_MMODEM,0
$PITCH_MIN,207
$PITCH_MAX,3915
$C_PITCH,2900
$PITCH_DBAND,0.1
$PITCH_CNV,0.003125763
$P_OVSHOOT,0.039999999
$P_OVSHOOT_WITHG,0.079999998
$PITCH_GAIN,24
$PITCH_TIMEOUT,17
$PITCH_AD_RATE,160
$PITCH_MAXERRORS,1
$PITCH_ADJ_GAIN,0.02
$PITCH_ADJ_DBAND,2.5
$ROLL_MIN,224
$ROLL_MAX,3758
$ROLL_DEG,40
$C_ROLL_DIVE,2220
$C_ROLL_CLIMB,1770
$HEAD_ERRBAND,20
$ROLL_CNV,0.028270001
$ROLL_TIMEOUT,15
$R_PORT_OVSHOOT,55
$R_STBD_OVSHOOT,48
$ROLL_AD_RATE,350
$ROLL_MAXERRORS,2
$ROLL_ADJ_GAIN,0
$ROLL_ADJ_DBAND,0
$VBD_MIN,500
$VBD_MAX,3960
$C_VBD,2707
$VBD_DBAND,2
$VBD_CNV,-0.24529999
$VBD_LP_IGNORE,0
$VBD_TIMEOUT,720
$PITCH_VBD_SHIFT,0.001
$VBD_PUMP_AD_RATE_SURFACE,5
$VBD_PUMP_AD_RATE_APOGEE,4
$VBD_BLEED_AD_RATE,8
$UNCOM_BLEED,60
$VBD_MAXERRORS,1
$W_ADJ_DBAND,0
$DBDW,0
$PITCH_W_GAIN,0
$PITCH_W_DBAND,0
$CF8_MAXERRORS,5
$AH0_24V,150
$AH0_10V,97
$MINV_24V,19
$MINV_10V,8
$MAXI_24V,0.80000001
$MAXI_10V,0.60000002
$FG_AHR_10V,0
$FG_AHR_24V,0
$PHONE_SUPPLY,-2
$PRESSURE_YINT,-49.397121
$PRESSURE_SLOPE,0.0001168043
$AD7714Ch0Gain,128
$TCM_PITCH_OFFSET,0
$TCM_ROLL_OFFSET,0
$COMPASS_USE,4
$ALTIM_BOTTOM_PING_RANGE,0
$ALTIM_TOP_PING_RANGE,20
$ALTIM_BOTTOM_TURN_MARGIN,0
$ALTIM_TOP_TURN_MARGIN,0
$ALTIM_TOP_MIN_OBSTACLE,1
$ALTIM_PING_DEPTH,0
$ALTIM_PING_DELTA,0
$ALTIM_FREQUENCY,13
$ALTIM_PULSE,3
$ALTIM_SENSITIVITY,3
$XPDR_VALID,5
$XPDR_INHIBIT,90
$INT_PRESSURE_SLOPE,0.0097660003
$INT_PRESSURE_YINT,-0.77999997
$DEEPGLIDER,0
$MOTHERBOARD,4
$DEVICE1,2
$DEVICE2,115
$DEVICE3,101
$DEVICE4,-1
$DEVICE5,-1
$DEVICE6,-1
$LOGGERS,0
$LOGGERDEVICE1,-1
$LOGGERDEVICE2,-1
$LOGGERDEVICE3,-1
$LOGGERDEVICE4,-1
$COMPASS_DEVICE,33
$COMPASS2_DEVICE,-1
$PHONE_DEVICE,49
$GPS_DEVICE,32
$RAFOS_DEVICE,-1
$XPDR_DEVICE,24
$SIM_W,0
$SIM_PITCH,0
$SEABIRD_T_G,0.0044178674
$SEABIRD_T_H,0.00064818078
$SEABIRD_T_I,2.6779007e-05
$SEABIRD_T_J,3.3667231e-06
$SEABIRD_C_G,-10.098215
$SEABIRD_C_H,1.1454017
$SEABIRD_C_I,-0.0021276253
$SEABIRD_C_J,0.00025532115
$SEABIRD_C_Z,2974.52
$GPS1,090505,201709,242.0409,-13949.5361,40,0.9,79,9.3,0.5,308.9,9,4.8
$_CALLS,1
$_XMS_NAKs,0
$_XMS_TOUTs,0
$_SM_DEPTHo,0.77
$_SM_ANGLEo,-63.5
$GPS2,090505,202816,242.1502,-13949.8828,7,0.9,29,9.3,1.3,293.4,9,4.7
$SPEED_LIMITS,0.173,0.262
$TGT_NAME,ZZ3
$TGT_LATLONG,312.070,-14016.720
$TGT_RADIUS,500.000
$KALMAN_CONTROL,0.000000,0.000000
$KALMAN_X,0.000000,0.000000,0.000000,0.000000,0.000000
$KALMAN_Y,0.000000,0.000000,0.000000,0.000000,0.000000
$MHEAD_RNG_PITCHd_Wd,298.1,74384,-18.1,-10.000,-20.93,2235
$D_GRID,990
$GCHEAD,st_secs,pitch_ctl,vbd_ctl,pitch_ad_start,roll_ad_start,vbd_pot1_ad_start,vbd_pot2_ad_start,depth,ob_vertv,data_pts,end_secs,pitch_secs,roll_secs,vbd_secs,vbd_i,gcphase,pitch_i,roll_i,pitch_ad,roll_ad,vbd_ad,vbd_pot1_ad,vbd_pot2_ad,pitch_retries,pitch_errors,roll_retries,roll_errors,vbd_retries,vbd_errors,pitch_volts,roll_volts,vbd_volts,int_press,humidity
$STATE,6,end surface,CONTROL_FINISHED_OK
$STATE,6,begin dive
$GC,74,-0.90,-146.6,135,2220,1791,1570,0.7,0.3,6,123,0.00,0.00,-46.90,0.000,16386,0.000,0.000,135,2221,2910,2925,2896,0,0,0,0,0,0,26.43,28.83,26.44,8.97,46.25
$GC,127,-0.90,-146.6,135,2221,2927,2896,2.6,-4.7,11,152,9.32,2.17,-8.62,0.000,18692,0.210,0.054,2590,3615,3307,3329,3286,0,0,0,0,0,0,25.62,24.39,25.78,9.08,46.49
$GC,467,-0.72,-146.6,2589,3614,3339,3286,77.5,-23.6,43,475,0.25,2.00,0.00,0.000,3078,0.142,0.020,2668,2189,3312,3339,3286,0,0,0,0,0,0,25.82,26.32,26.02,9.14,46.81
$GC,775,-0.72,-146.6,2667,2189,3341,3286,114.1,-7.9,74,784,0.00,2.20,0.00,0.000,260,0.000,0.039,2659,3627,3314,3342,3286,0,0,0,0,0,0,26.68,26.21,26.69,9.16,46.10
$GC,1099,-0.72,-146.6,2659,3626,3344,3286,128.6,-3.3,105,1103,0.00,1.98,0.00,0.000,1030,0.000,0.018,2659,2210,3315,3344,3286,0,0,0,0,0,0,26.48,26.44,26.49,9.12,45.86
$GC,1413,-0.77,-146.6,2659,2209,3348,3287,141.3,-4.7,136,1418,0.00,2.17,0.00,0.000,260,0.000,0.040,2649,3615,3317,3348,3286,0,0,0,0,0,0,26.72,26.25,26.74,9.08,46.45
$GC,1594,-0.77,-146.6,2648,3615,3349,3287,154.2,-5.5,153,1598,0.00,1.95,0.00,0.000,1030,0.000,0.019,2649,2220,3317,3349,3286,0,0,0,0,0,0,26.49,26.45,26.51,9.06,45.94
$GC,1908,-0.82,-146.6,2648,2220,3349,3286,174.0,-7.5,184,1912,0.00,2.00,0.00,0.000,516,0.000,0.030,2648,848,3318,3349,3287,0,0,0,0,0,0,26.74,26.32,26.74,9.03,47.36
$GC,1988,-0.82,-146.6,2648,848,3349,3286,179.6,-7.2,191,1996,0.00,2.00,0.00,0.000,1030,0.000,0.026,2640,2224,3317,3349,3286,0,0,0,0,0,0,26.44,26.36,26.46,9.03,47.28
$GC,2295,-0.82,-146.6,2639,2224,3349,3286,200.1,-7.1,222,2297,0.00,0.00,0.00,0.000,6,0.000,0.000,2639,2224,3317,3349,3286,0,0,0,0,0,0,26.74,26.74,26.74,9.01,47.36
$GC,2616,-0.88,-146.6,2639,2224,3349,3286,222.5,-7.0,230,2617,0.00,0.00,0.00,0.000,6,0.000,0.000,2640,2224,3317,3349,3286,0,0,0,0,0,0,26.74,26.75,26.74,9.00,48.74
$GC,2936,-0.93,-146.6,2639,2224,3348,3286,245.6,-7.6,238,2941,0.08,2.03,0.00,0.000,4612,0.097,0.031,2556,850,3317,3348,3286,0,0,0,0,0,0,26.53,26.31,26.55,8.98,48.66
$GC,3029,-0.93,-146.6,2555,850,3348,3286,253.6,-8.4,240,3036,0.17,1.98,0.00,0.000,3078,0.135,0.026,2602,2218,3316,3348,3285,0,0,0,0,0,0,25.99,26.36,26.16,8.97,49.13
$GC,3342,-0.93,-146.6,2601,2218,3346,3286,278.7,-8.0,248,3346,0.00,2.12,0.00,0.000,260,0.000,0.041,2594,3616,3316,3346,3286,0,0,0,0,0,0,26.74,26.23,26.74,8.95,49.37
$GC,3426,-0.93,-146.6,2593,3617,3344,3286,285.7,-8.1,250,3430,0.00,1.95,0.00,0.000,1030,0.000,0.021,2592,2228,3315,3344,3286,0,0,0,0,0,0,26.48,26.43,26.49,8.95,49.60
$GC,3752,-0.93,-146.6,2593,2227,3342,3286,311.8,-8.5,258,3756,0.00,2.03,0.00,0.000,516,0.000,0.031,2594,851,3314,3342,3286,0,0,0,0,0,0,26.74,26.29,26.75,8.93,50.35
$GC,3836,-0.93,-146.6,2593,851,3342,3286,319.9,-9.2,260,3841,0.00,2.03,0.00,0.000,1030,0.000,0.027,2584,2214,3313,3341,3286,0,0,0,0,0,0,26.39,26.34,26.40,8.93,50.00
$GC,4160,-0.93,-146.6,2584,2214,3341,3284,350.0,-9.4,268,4165,0.00,2.15,0.00,0.000,260,0.000,0.041,2574,3626,3312,3341,3284,0,0,0,0,0,0,26.74,26.22,26.74,8.92,51.06
$GC,4284,-0.93,-146.6,2573,3627,3340,3283,362.8,-10.0,271,4289,0.00,2.00,0.00,0.000,1030,0.000,0.021,2574,2220,3312,3341,3283,0,0,0,0,0,0,26.47,26.42,26.48,8.91,50.55
$GC,4609,-0.93,-146.6,2573,2220,3340,3281,393.8,-9.6,279,4613,0.00,2.15,0.00,0.000,260,0.000,0.041,2563,3623,3310,3340,3281,0,0,0,0,0,0,26.74,26.22,26.75,8.90,51.29
$GC,4717,-0.93,-146.6,2563,3624,3339,3281,402.4,-10.1,281,4722,0.12,2.00,0.00,0.000,3078,0.143,0.021,2601,2206,3310,3339,3281,0,0,0,0,0,0,26.04,26.41,26.18,8.89,51.29
$GC,5058,-0.93,-146.6,2601,2206,3339,3279,431.1,-7.5,290,5062,0.00,2.17,0.00,0.000,260,0.000,0.042,2594,3622,3309,3339,3279,0,0,0,0,0,0,26.74,26.20,26.74,8.88,51.96
$GC,5135,-0.93,-146.6,2594,3622,3338,3278,434.7,-7.7,291,5142,0.00,2.03,0.00,0.000,1030,0.000,0.021,2594,2225,3308,3338,3278,0,0,0,0,0,0,26.44,26.41,26.45,8.88,51.89
$GC,5463,-0.93,-146.6,2593,2225,3337,3276,462.5,-7.8,300,5465,0.00,0.00,0.00,0.000,6,0.000,0.000,2594,2225,3306,3337,3276,0,0,0,0,0,0,26.74,26.75,26.75,8.87,52.67
$GC,5783,-0.93,-146.6,2593,2225,3337,3274,487.3,-7.9,308,5787,0.00,2.15,0.00,0.000,260,0.000,0.042,2583,3624,3305,3336,3274,0,0,0,0,0,0,26.74,26.20,26.75,8.85,52.95
$GC,5860,-0.93,-146.6,2583,3623,3335,3274,490.9,-8.0,309,5867,0.00,2.05,0.00,0.000,1030,0.000,0.022,2583,2215,3305,3336,3274,0,0,0,0,0,0,26.43,26.41,26.44,8.85,52.99
$GC,6188,-0.93,-146.6,2583,2215,3334,3273,521.0,-8.5,318,6192,0.00,2.05,0.00,0.000,516,0.000,0.033,2583,841,3303,3334,3273,0,0,0,0,0,0,26.74,26.25,26.74,8.84,53.22
$GC,6234,-0.93,-146.6,2583,841,3334,3273,525.1,-8.7,319,6239,0.00,2.03,0.00,0.000,1030,0.000,0.028,2574,2220,3303,3334,3273,0,0,0,0,0,0,26.39,26.30,26.41,8.84,52.24
$GC,6554,-0.93,-146.6,2573,2220,3332,3271,554.7,-9.3,327,6558,0.00,2.17,0.00,0.000,260,0.000,0.043,2564,3613,3302,3332,3272,0,0,0,0,0,0,26.74,26.19,26.75,8.83,53.11
$GC,6652,-0.93,-146.6,2563,3614,3330,3271,562.5,-9.2,329,6657,0.10,2.00,0.00,0.000,3078,0.151,0.022,2594,2214,3300,3330,3271,0,0,0,0,0,0,26.06,26.39,26.18,8.83,53.54
$GC,6962,-0.93,-146.6,2593,2214,3330,3269,588.3,-7.9,337,6966,0.00,2.05,0.00,0.000,516,0.000,0.034,2594,844,3299,3330,3269,0,0,0,0,0,0,26.74,26.24,26.74,8.81,53.15
$GC,7054,-0.93,-146.6,2593,844,3330,3268,595.2,-8.1,339,7058,0.00,2.03,0.00,0.000,1030,0.000,0.029,2586,2220,3299,3329,3269,0,0,0,0,0,0,26.38,26.29,26.41,8.81,53.89
$GC,7367,-0.93,-146.6,2586,2220,3328,3266,621.3,-8.0,347,7373,0.00,2.20,0.00,0.000,260,0.000,0.044,2577,3622,3298,3329,3267,0,0,0,0,0,0,26.74,26.17,26.74,8.80,54.17
$GC,7455,-0.93,-146.6,2576,3622,3328,3266,628.4,-8.2,349,7460,0.00,2.05,0.00,0.000,1030,0.000,0.023,2577,2227,3297,3328,3266,0,0,0,0,0,0,26.41,26.38,26.43,8.80,53.81
$GC,7774,-0.93,-146.6,2576,2227,3327,3264,655.7,-8.6,357,7778,0.00,2.08,0.00,0.000,516,0.000,0.034,2577,843,3295,3327,3264,0,0,0,0,0,0,26.74,26.22,26.74,8.79,54.64
$GC,7910,-0.93,-146.6,2576,844,3327,3264,667.0,-9.0,360,7917,0.10,2.03,0.00,0.000,3078,0.155,0.030,2598,2220,3295,3326,3264,0,0,0,0,0,0,26.01,26.27,26.14,8.79,54.37
$GC,8221,-0.93,-146.6,2597,2219,3325,3263,694.2,-8.6,368,8225,0.00,2.17,0.00,0.000,260,0.000,0.044,2590,3625,3294,3325,3263,0,0,0,0,0,0,26.74,26.14,26.74,8.78,54.41
$GC,8376,-0.93,-146.6,2589,3625,3324,3262,705.8,-9.2,371,8381,0.00,2.03,0.00,0.000,1030,0.000,0.024,2590,2221,3293,3324,3262,0,0,0,0,0,0,26.42,26.36,26.44,8.78,54.25
$GC,8710,-0.93,-146.6,2589,2221,3324,3261,738.9,-8.9,380,8712,0.00,0.00,0.00,0.000,6,0.000,0.000,2590,2221,3292,3323,3261,0,0,0,0,0,0,26.74,26.75,26.74,8.77,54.17
$GC,9030,-0.93,-146.6,2589,2221,3323,3259,766.5,-8.6,388,9032,0.00,0.00,0.00,0.000,6,0.000,0.000,2590,2221,3291,3323,3259,0,0,0,0,0,0,26.74,26.75,26.74,8.77,55.19
$GC,9352,-0.93,-146.6,2589,2221,3323,3258,792.1,-7.8,396,9353,0.00,0.00,0.00,0.000,6,0.000,0.000,2590,2221,3291,3323,3259,0,0,0,0,0,0,26.74,26.75,26.74,8.76,55.71
$GC,9672,-0.93,-146.6,2589,2221,3323,3258,817.0,-7.7,404,9676,0.00,2.20,0.00,0.000,260,0.000,0.044,2580,3627,3290,3323,3258,0,0,0,0,0,0,26.74,26.10,26.74,8.75,55.27
$GC,9738,-0.93,-146.6,2579,3627,3321,3257,820.7,-7.7,405,9742,0.00,2.05,0.00,0.000,1030,0.000,0.024,2580,2211,3289,3321,3258,0,0,0,0,0,0,26.41,26.34,26.44,8.75,56.26
$GC,10078,-0.93,-146.6,2579,2212,3321,3257,848.2,-7.4,414,10083,0.00,2.08,0.00,0.000,516,0.000,0.035,2579,833,3288,3321,3256,0,0,0,0,0,0,26.74,26.18,26.74,8.75,55.47
$GC,10162,-0.93,-146.6,2579,833,3321,3256,855.0,-7.8,416,10166,0.00,2.08,0.00,0.000,1030,0.000,0.031,2570,2212,3288,3320,3256,0,0,0,0,0,0,26.27,26.24,26.30,8.74,55.23
$GC,10486,-0.93,-146.6,2569,2212,3319,3254,880.0,-7.7,424,10493,0.10,2.20,0.00,0.000,2308,0.156,0.045,2591,3626,3286,3318,3254,0,0,0,0,0,0,26.23,26.08,26.29,8.74,55.59
$GC,10569,-0.93,-146.6,2590,3625,3318,3254,886.2,-7.6,426,10573,0.00,2.05,0.00,0.000,1030,0.000,0.024,2591,2213,3286,3318,3254,0,0,0,0,0,0,26.40,26.34,26.42,8.74,56.30
$GC,10894,-0.93,-146.6,2590,2213,3318,3253,908.6,-7.0,434,10899,0.00,2.08,0.00,0.000,516,0.000,0.036,2591,839,3285,3317,3253,0,0,0,0,0,0,26.73,26.16,26.74,8.72,56.18
$GC,10946,-0.93,-146.6,2590,839,3318,3253,912.0,-7.2,435,10950,0.00,2.05,0.00,0.000,1030,0.000,0.031,2582,2219,3285,3318,3253,0,0,0,0,0,0,26.31,26.21,26.34,8.73,55.47
$GC,11260,-0.93,-146.6,2582,2219,3317,3253,936.1,-7.6,443,11261,0.00,0.00,0.00,0.000,6,0.000,0.000,2582,2219,3285,3317,3253,0,0,0,0,0,0,26.73,26.74,26.74,8.73,55.90
$GC,11580,-0.93,-146.6,2582,2219,3317,3252,961.5,-8.0,451,11584,0.00,2.20,0.00,0.000,260,0.000,0.046,2572,3628,3284,3317,3252,0,0,0,0,0,0,26.73,26.05,26.74,8.72,56.61
$GC,11743,-0.93,-146.6,2572,3628,3315,3252,975.7,-8.7,455,11747,0.00,2.05,0.00,0.000,1030,0.000,0.025,2572,2222,3283,3315,3252,0,0,0,0,0,0,26.37,26.31,26.40,8.72,57.08
$STATE,11943,end dive,TARGET_DEPTH_EXCEEDED
$STATE,11943,begin apogee
$GC,11951,-0.33,0.0,2572,1778,3315,3251,992.6,-8.3,460,12084,0.65,0.00,129.43,1.391,10246,0.112,0.000,2787,1777,2705,2801,2609,0,0,0,0,0,0,25.65,24.79,23.93,8.71,56.26
$STATE,12086,end apogee,CONTROL_FINISHED_OK
$STATE,12086,begin climb
$GC,12089,0.90,146.6,2786,1777,2797,2609,995.6,0.0,463,12233,1.17,0.00,139.65,1.333,10246,0.073,0.000,3193,1777,2107,2205,2009,0,0,0,0,0,0,25.01,24.25,23.49,8.67,55.00
$GC,12547,0.82,146.6,3193,1777,2198,2006,933.6,15.2,475,12548,0.00,0.00,0.00,0.000,6,0.000,0.000,3193,1777,2102,2198,2006,0,0,0,0,0,0,26.30,26.32,26.32,8.61,55.47
$GC,12867,0.73,146.6,3193,1777,2195,2005,885.3,14.9,483,12874,0.17,2.20,0.00,0.000,4612,0.143,0.046,3149,380,2100,2195,2005,0,0,0,0,0,0,25.94,26.09,26.12,8.60,56.57
$GC,12932,0.66,146.6,3148,380,2194,2005,879.7,14.5,484,12939,0.12,2.10,0.00,0.000,5126,0.138,0.028,3110,1783,2099,2194,2005,0,0,0,0,0,0,25.97,26.23,26.14,8.60,56.89
$GC,13269,0.66,146.7,3109,1783,2194,2003,842.6,10.0,493,13273,0.00,2.12,0.00,0.000,260,0.000,0.042,3110,3162,2098,2194,2003,0,0,0,0,0,0,26.66,26.22,26.67,8.59,56.89
$GC,13320,0.66,146.7,3109,3163,2194,2003,838.0,10.2,494,13325,0.00,2.05,0.00,0.000,1030,0.000,0.030,3114,1783,2098,2194,2003,0,0,0,0,0,0,26.36,26.27,26.39,8.59,56.89
$GC,13636,0.66,146.7,3113,1783,2193,2003,804.6,10.4,502,13640,0.00,2.22,0.00,0.000,516,0.000,0.048,3113,376,2098,2193,2003,0,0,0,0,0,0,26.70,26.17,26.71,8.59,57.00
$GC,13728,0.66,146.7,3113,376,2192,2002,795.5,10.5,504,13732,0.00,2.10,0.00,0.000,1030,0.000,0.029,3114,1781,2097,2193,2002,0,0,0,0,0,0,26.40,26.32,26.43,8.58,57.48
$GC,14041,0.66,146.7,3113,1782,2192,2002,762.0,10.5,512,14046,0.00,2.15,0.00,0.000,260,0.000,0.042,3114,3175,2097,2192,2002,0,0,0,0,0,0,26.71,26.23,26.72,8.58,57.60
$GC,14085,0.66,146.7,3112,3175,2192,2002,757.3,10.5,513,14090,0.00,2.10,0.00,0.000,1030,0.000,0.031,3114,1771,2097,2192,2002,0,0,0,0,0,0,26.37,26.29,26.41,8.58,57.71
$GC,14411,0.66,146.7,3113,1771,2191,2002,724.1,10.2,521,14415,0.00,2.22,0.00,0.000,516,0.000,0.049,3114,364,2096,2191,2002,0,0,0,0,0,0,26.72,26.15,26.73,8.58,57.83
$GC,14467,0.66,146.7,3113,364,2191,2002,719.6,10.2,522,14471,0.00,2.10,0.00,0.000,1030,0.000,0.029,3114,1774,2096,2191,2002,0,0,0,0,0,0,26.39,26.32,26.43,8.58,58.34
$GC,14775,0.66,150.8,3113,1773,2191,2002,687.7,9.8,530,14777,0.00,0.00,0.00,0.000,6,0.000,0.000,3114,1774,2096,2191,2002,0,0,0,0,0,0,26.72,26.74,26.73,8.58,57.75
$GC,15095,0.67,152.9,3113,1774,2190,2001,655.8,9.9,538,15103,0.00,0.00,5.20,0.891,8198,0.000,0.000,3114,1774,2082,2177,1988,0,0,0,0,0,0,26.72,26.08,25.04,8.57,57.95
$GC,15415,0.67,152.9,3113,1773,2175,1987,623.3,10.3,546,15417,0.00,0.00,0.00,0.000,6,0.000,0.000,3114,1774,2080,2175,1986,0,0,0,0,0,0,26.68,26.70,26.69,8.57,58.34
$GC,15735,0.67,152.9,3113,1774,2175,1987,591.0,10.0,554,15739,0.00,2.15,0.00,0.000,260,0.000,0.041,3114,3170,2081,2175,1987,0,0,0,0,0,0,26.71,26.20,26.72,8.58,57.40
$GC,15801,0.67,152.9,3113,3170,2175,1987,586.6,10.0,555,15806,0.00,2.12,0.00,0.000,1030,0.000,0.031,3114,1773,2081,2175,1987,0,0,0,0,0,0,26.32,26.28,26.34,8.58,57.56
$GC,16140,0.67,152.9,3113,1773,2175,1987,550.7,10.0,564,16146,0.00,2.22,0.00,0.000,516,0.000,0.048,3114,362,2080,2175,1986,0,0,0,0,0,0,26.72,26.12,26.73,8.57,57.83
$GC,16220,0.67,152.9,3113,362,2175,1987,542.8,10.0,566,16224,0.00,2.10,0.00,0.000,1030,0.000,0.028,3114,1772,2080,2175,1986,0,0,0,0,0,0,26.39,26.30,26.41,8.58,57.52
$GC,16544,0.67,156.2,3113,1772,2175,1986,510.9,9.9,574,16551,0.00,0.00,4.65,0.784,8454,0.000,0.000,3114,1772,2068,2163,1974,0,0,0,0,0,0,26.72,26.09,25.09,8.58,57.48
$GC,16865,0.68,162.8,3113,1771,2162,1973,479.3,9.7,582,16880,0.00,2.20,8.18,0.943,8452,0.000,0.041,3114,3170,2040,2136,1944,0,0,0,0,0,0,26.69,26.08,25.15,8.58,56.93
$GC,16918,0.68,169.6,3113,3170,2137,1944,475.4,9.7,583,16931,0.00,2.12,8.05,0.926,9222,0.000,0.031,3114,1757,2014,2114,1915,0,0,0,0,0,0,26.27,26.18,25.06,8.58,57.16
$GC,17268,0.75,187.1,3113,1757,2112,1913,441.7,9.2,592,17287,0.00,0.00,17.58,1.012,8198,0.000,0.000,3114,1757,1942,2052,1832,0,0,0,0,0,0,26.58,25.73,24.94,8.58,57.32
$GC,17586,0.82,196.2,3113,1756,2051,1831,411.2,9.6,600,17599,0.10,0.00,10.23,0.932,10246,0.083,0.000,3192,1755,1905,2017,1793,0,0,0,0,0,0,26.26,25.82,25.00,8.58,57.67
$GC,17905,0.82,196.2,3192,1755,2016,1791,367.6,13.6,608,17907,0.00,0.00,0.00,0.000,6,0.000,0.000,3191,1755,1903,2016,1791,0,0,0,0,0,0,26.53,26.54,26.54,8.58,56.93
$GC,18225,0.82,196.2,3191,1755,2016,1791,325.1,12.9,616,18230,0.00,2.20,0.00,0.000,516,0.000,0.048,3193,362,1903,2016,1791,0,0,0,0,0,0,26.63,26.14,26.64,8.59,57.36
$GC,18282,0.82,196.2,3193,361,2016,1791,319.2,13.0,617,18286,0.00,2.10,0.00,0.000,1030,0.000,0.028,3193,1775,1903,2016,1791,0,0,0,0,0,0,26.36,26.28,26.38,8.59,56.77
$GC,18591,0.82,196.2,3193,1775,2016,1791,276.6,13.3,625,18598,0.00,2.22,0.00,0.000,516,0.000,0.047,3193,364,1903,2016,1791,0,0,0,0,0,0,26.68,26.17,26.69,8.60,57.40
$GC,18632,0.82,196.2,3193,364,2016,1791,271.1,13.4,626,18636,0.00,2.08,0.00,0.000,1030,0.000,0.028,3193,1772,1903,2016,1791,0,0,0,0,0,0,26.39,26.32,26.42,8.61,57.16
$GC,18955,0.82,196.2,3193,1772,2016,1791,228.4,13.1,634,18959,0.00,2.20,0.00,0.000,516,0.000,0.047,3194,371,1903,2016,1791,0,0,0,0,0,0,26.70,26.17,26.72,8.61,57.00
$GC,19038,0.82,196.2,3193,370,2016,1791,218.0,12.7,636,19042,0.00,2.08,0.00,0.000,1030,0.000,0.028,3194,1777,1903,2016,1791,0,0,0,0,0,0,26.41,26.33,26.44,8.61,56.77
$GC,19353,0.82,196.2,3193,1778,2016,1791,176.2,13.4,655,19361,0.00,0.00,0.00,0.000,6,0.000,0.000,3194,1777,1903,2015,1791,0,0,0,0,0,0,26.72,26.73,26.72,8.62,56.85
$GC,19665,0.82,196.2,3193,1777,2016,1791,136.4,12.7,686,19675,0.00,2.22,0.00,0.000,516,0.000,0.046,3194,362,1903,2016,1791,0,0,0,0,0,0,26.72,26.17,26.73,8.64,57.16
$GC,19752,0.82,196.2,3193,363,2016,1791,123.7,14.3,694,19756,0.00,2.10,0.00,0.000,1030,0.000,0.027,3193,1763,1903,2016,1791,0,0,0,0,0,0,26.36,26.34,26.39,8.64,56.65
$GC,20066,0.93,306.6,3193,1763,2016,1791,97.5,4.9,725,20165,0.00,2.22,89.55,0.786,8452,0.000,0.040,3194,3167,1453,1618,1289,0,0,0,0,0,0,26.72,25.23,24.61,8.68,56.37
$GC,20287,1.00,306.6,3193,3167,1612,1285,80.4,10.2,746,20291,0.00,2.12,0.00,0.000,1030,0.000,0.028,3194,1758,1448,1612,1285,0,0,0,0,0,0,25.94,25.86,25.96,8.70,56.45
$GC,20602,1.15,373.3,3193,1758,1609,1282,57.7,6.9,777,20661,0.17,2.28,50.58,0.716,10756,0.054,0.043,3316,368,1182,1358,1007,0,0,0,0,0,0,26.25,25.43,24.83,8.78,57.04
$GC,20691,1.09,373.3,3315,368,1355,1007,47.2,13.9,785,20700,0.20,2.10,0.00,0.000,5126,0.122,0.024,3252,1776,1181,1355,1007,0,0,0,0,0,0,25.57,25.74,25.70,8.78,56.30
$GC,21000,1.15,373.3,3251,1776,1350,1007,13.4,10.7,816,21007,0.00,0.00,0.00,0.000,6,0.000,0.000,3252,1776,1178,1350,1007,0,0,0,0,0,0,26.46,26.46,26.46,8.84,54.29
$STATE,21096,end climb,SURFACE_DEPTH_REACHED
$STATE,21096,begin surface coast
$FINISH,-0.5,1.022809
$STATE,21128,end surface coast,CONTROL_FINISHED_OK
$STATE,21128,begin surface
$SM_CCo,21209,0.00,0.000,0,0,1177,375.31
$SM_GC,0.29,7.82,0.62,0.00,0.030,0.032,0.000,172,2215,1177,-8.35,-1.70,375.31,0,0,0,0,0,0,26.28,26.23,26.31
$IRIDIUM_FIX,240.78,-13952.03,231224,152504
$TT8_MAMPS,0.026964,0.397719
$HUMID,52.20
$INTERNAL_PRESSURE,8.84928
$TCM_TEMP,20.40
$XPDR_PINGS,0
$ALTIM_TOP_PING,19.7,19.3
$24V_AH,23.49,24.066
$10V_AH,10.17,21.301
$FG_AHR_24Vo,0.000
$FG_AHR_10Vo,0.000
$DEVICES,Pitch_motor,Roll_motor,VBD_pump_during_apogee,VBD_pump_during_surface,VBD_valve,Iridium_during_init,Iridium_during_connect,Iridium_during_xfer,Transponder_ping,GUMSTIX_24V,GPS,TT8,LPSleep,TT8_Active,TT8_Sampling,TT8_CF8,TT8_Kalman,Analog_circuits,GPS_charging,Compass,RAFOS,Transponder,Compass2
$DEVICE_SECS,20.675,152.675,463.075,0.000,0.000,0.000,0.000,504.575,0.250,0.000,30.082,3009.925,14889.092,586.456,2985.876,413.664,0.000,2356.338,0.000,2314.937,0.000,2.766,0.000
$DEVICE_MAMPS,209.610,53.550,1390.770,0.000,0.000,0.000,0.000,97.920,420.000,0.000,30.710,15.210,2.190,15.210,43.670,53.410,0.000,14.000,0.000,8.240,0.000,30.000,0.000
$SENSORS,SBE_CT,WL_blue_red_Chl,AA4330,nil,nil,nil,nil,nil,nil,nil
$SENSOR_SECS,717.520,252.303,1125.862,0.000,0.000,0.000,0.000,0.000,0.000,0.000
$SENSOR_MAMPS,22.470,105.000,11.230,0.000,0.000,0.000,0.000,0.000,0.000,0.000
$MEM,311892
$DATA_FILE_SIZE,59181,829
$CAP_FILE_SIZE,179427,0
$CFSIZE,2097872896,2073952256
$ERRORS,0,0,0,0,0,0,0,0,0,0,0,0,0,0,2,0
$CURRENT,0.029,6.43,1
$GPS,100505,022406,244.244,-13951.505,44,0.8,56,9.3,1.2,281.7,9,4.8
