version: 66.14
glider: 195
mission: 21
dive: 159
start: 5 11 105 21 29 6
data:
$ID,195
$MISSION,21
$DIVE,159
$N_DIVES,0
$STOP_T,0
$D_SURF,3
$D_FLARE,2
$D_TGT,990
$D_ABORT,1090
$D_NO_BLEED,50
$D_BOOST,3
$T_BOOST,0
$D_FINISH,0
$D_PITCH,0
$D_SAFE,0
$D_CALL,0
$SURFACE_URGENCY,0
$SURFACE_URGENCY_TRY,0
$SURFACE_URGENCY_FORCE,0
$T_DIVE,330
$T_MISSION,450
$T_ABORT,1440
$T_TURN,300
$T_TURN_SAMPINT,5
$T_NO_W,120
$T_LOITER,0
$T_SLOITER,60
$T_EPIRB,0
$USE_BATHY,0
$USE_ICE,0
$ICE_FREEZE_MARGIN,0.30000001
$D_OFFGRID,990
$T_WATCHDOG,10
$RELAUNCH,1
$APOGEE_PITCH,-8
$MAX_BUOY,150
$COURSE_BIAS,0
$GLIDE_SLOPE,30
$SPEED_FACTOR,1
$RHO,1.023
$MASS,54002
$MASS_COMP,0
$NAV_MODE,2
$FERRY_MAX,45
$KALMAN_USE,2
$HD_A,0.0038000001
$HD_B,0.0099999998
$HD_C,9.8500004e-06
$HEADING,-1
$ESCAPE_HEADING,0
$ESCAPE_HEADING_DELTA,10
$FIX_MISSING_TIMEOUT,0
$TGT_DEFAULT_LAT,4736
$TGT_DEFAULT_LON,-12225
$TGT_AUTO_DEFAULT,0
$SM_CC,250
$N_FILEKB,4
$FILEMGR,0
$CALL_NDIVES,1
$COMM_SEQ,0
$PROTOCOL,9
$N_NOCOMM,1
$NOCOMM_ACTION,0
$N_NOSURFACE,0
$UPLOAD_DIVES_MAX,-1
$CALL_TRIES,5
$CALL_WAIT,60
$CAPUPLOAD,0
$CAPMAXSIZE,200000
$HEAPDBG,0
$T_GPS,15
$N_GPS,50840
$T_RSLEEP,2
$STROBE,0
$RAFOS_PEAK_OFFSET,1.5
$RAFOS_CORR_THRESH,60
$RAFOS_HIT_WINDOW,3600
$RAFOS_MMODEM,0
$PITCH_MIN,207
$PITCH_MAX,3915
$C_PITCH,2900
$PITCH_DBAND,0.1
$PITCH_CNV,0.003125763
$P_OVSHOOT,0.039999999
$P_OVSHOOT_WITHG,0.079999998
$PITCH_GAIN,24
$PITCH_TIMEOUT,17
$PITCH_AD_RATE,160
$PITCH_MAXERRORS,1
$PITCH_ADJ_GAIN,0.02
$PITCH_ADJ_DBAND,2.5
$ROLL_MIN,224
$ROLL_MAX,3758
$ROLL_DEG,40
$C_ROLL_DIVE,2220
$C_ROLL_CLIMB,1770
$HEAD_ERRBAND,20
$ROLL_CNV,0.028270001
$ROLL_TIMEOUT,15
$R_PORT_OVSHOOT,45
$R_STBD_OVSHOOT,46
$ROLL_AD_RATE,350
$ROLL_MAXERRORS,2
$ROLL_ADJ_GAIN,0
$ROLL_ADJ_DBAND,0
$VBD_MIN,500
$VBD_MAX,3960
$C_VBD,2707
$VBD_DBAND,2
$VBD_CNV,-0.24529999
$VBD_LP_IGNORE,0
$VBD_TIMEOUT,720
$PITCH_VBD_SHIFT,0.001
$VBD_PUMP_AD_RATE_SURFACE,5
$VBD_PUMP_AD_RATE_APOGEE,4
$VBD_BLEED_AD_RATE,8
$UNCOM_BLEED,60
$VBD_MAXERRORS,1
$W_ADJ_DBAND,0
$DBDW,0
$PITCH_W_GAIN,0
$PITCH_W_DBAND,0
$CF8_MAXERRORS,5
$AH0_24V,150
$AH0_10V,97
$MINV_24V,19
$MINV_10V,8
$MAXI_24V,0.80000001
$MAXI_10V,0.60000002
$FG_AHR_10V,0
$FG_AHR_24V,0
$PHONE_SUPPLY,-2
$PRESSURE_YINT,-49.397121
$PRESSURE_SLOPE,0.0001168043
$AD7714Ch0Gain,128
$TCM_PITCH_OFFSET,0
$TCM_ROLL_OFFSET,0
$COMPASS_USE,4
$ALTIM_BOTTOM_PING_RANGE,0
$ALTIM_TOP_PING_RANGE,20
$ALTIM_BOTTOM_TURN_MARGIN,0
$ALTIM_TOP_TURN_MARGIN,0
$ALTIM_TOP_MIN_OBSTACLE,1
$ALTIM_PING_DEPTH,0
$ALTIM_PING_DELTA,0
$ALTIM_FREQUENCY,13
$ALTIM_PULSE,3
$ALTIM_SENSITIVITY,3
$XPDR_VALID,5
$XPDR_INHIBIT,90
$INT_PRESSURE_SLOPE,0.0097660003
$INT_PRESSURE_YINT,-0.77999997
$DEEPGLIDER,0
$MOTHERBOARD,4
$DEVICE1,2
$DEVICE2,115
$DEVICE3,101
$DEVICE4,-1
$DEVICE5,-1
$DEVICE6,-1
$LOGGERS,0
$LOGGERDEVICE1,-1
$LOGGERDEVICE2,-1
$LOGGERDEVICE3,-1
$LOGGERDEVICE4,-1
$COMPASS_DEVICE,33
$COMPASS2_DEVICE,-1
$PHONE_DEVICE,49
$GPS_DEVICE,32
$RAFOS_DEVICE,-1
$XPDR_DEVICE,24
$SIM_W,0
$SIM_PITCH,0
$SEABIRD_T_G,0.0044178674
$SEABIRD_T_H,0.00064818078
$SEABIRD_T_I,2.6779007e-05
$SEABIRD_T_J,3.3667231e-06
$SEABIRD_C_G,-10.098215
$SEABIRD_C_H,1.1454017
$SEABIRD_C_I,-0.0021276253
$SEABIRD_C_J,0.00025532115
$SEABIRD_C_Z,2974.52
$GPS1,110505,212136,301.9179,-14004.8672,31,1.0,61,9.3,1.5,294.8,8,4.2
$_CALLS,1
$_XMS_NAKs,0
$_XMS_TOUTs,0
$_SM_DEPTHo,0.24
$_SM_ANGLEo,-61.7
$GPS2,110505,212827,301.9842,-14005.0117,7,0.9,26,9.3,0.7,291.2,9,5.0
$SPEED_LIMITS,0.173,0.262
$TGT_NAME,ZZ3
$TGT_LATLONG,312.070,-14016.720
$TGT_RADIUS,500.000
$KALMAN_CONTROL,0.000000,0.000000
$KALMAN_X,0.000000,0.000000,0.000000,0.000000,0.000000
$KALMAN_Y,0.000000,0.000000,0.000000,0.000000,0.000000
$MHEAD_RNG_PITCHd_Wd,283.9,28593,-18.1,-10.000,-20.93,2235
$D_GRID,990
$GCHEAD,st_secs,pitch_ctl,vbd_ctl,pitch_ad_start,roll_ad_start,vbd_pot1_ad_start,vbd_pot2_ad_start,depth,ob_vertv,data_pts,end_secs,pitch_secs,roll_secs,vbd_secs,vbd_i,gcphase,pitch_i,roll_i,pitch_ad,roll_ad,vbd_ad,vbd_pot1_ad,vbd_pot2_ad,pitch_retries,pitch_errors,roll_retries,roll_errors,vbd_retries,vbd_errors,pitch_volts,roll_volts,vbd_volts,int_press,humidity
$STATE,6,end surface,CONTROL_FINISHED_OK
$STATE,7,begin dive
$GC,74,-0.90,-146.6,164,2209,1412,1114,0.2,0.2,6,144,0.00,0.00,-67.45,0.000,16386,0.000,0.000,164,2209,3094,3111,3078,0,0,0,0,0,0,26.46,28.83,26.46,8.91,47.63
$GC,148,-0.90,-146.6,164,2210,3113,3078,2.8,-4.8,13,169,9.25,2.10,-4.18,0.000,19204,0.210,0.043,2605,803,3307,3323,3291,0,0,0,0,0,0,25.65,25.46,25.96,9.08,47.55
$GC,426,-0.79,-146.6,2605,802,3332,3291,59.7,-17.0,39,435,0.15,2.08,0.00,0.000,3078,0.155,0.028,2641,2223,3311,3332,3291,0,0,0,0,0,0,25.89,26.24,26.07,9.13,47.79
$GC,734,-0.79,-146.6,2640,2223,3335,3291,102.7,-10.2,70,738,0.00,2.12,0.00,0.000,260,0.000,0.041,2633,3622,3313,3335,3291,0,0,0,0,0,0,26.67,26.21,26.67,9.14,47.79
$GC,1054,-0.79,-146.6,2632,3622,3338,3291,126.1,-4.9,100,1062,0.00,2.05,0.00,0.000,1030,0.000,0.019,2633,2180,3315,3338,3292,0,0,0,0,0,0,26.44,26.43,26.46,9.13,47.36
$GC,1362,-0.79,-146.6,2632,2180,3341,3292,140.4,-4.6,131,1372,0.00,2.20,0.00,0.000,260,0.000,0.039,2622,3627,3316,3341,3291,0,0,0,0,0,0,26.72,26.26,26.72,9.08,46.22
$GC,1645,-0.79,-146.6,2621,3627,3342,3291,157.8,-7.0,158,1649,0.00,1.98,0.00,0.000,1030,0.000,0.019,2621,2211,3316,3341,3292,0,0,0,0,0,0,26.48,26.44,26.51,9.03,46.85
$GC,1960,-0.79,-146.6,2621,2211,3341,3292,177.9,-6.1,189,1964,0.00,2.00,0.00,0.000,516,0.000,0.031,2622,841,3316,3341,3292,0,0,0,0,0,0,26.73,26.32,26.74,9.02,47.28
$GC,2081,-0.79,-146.6,2621,841,3341,3291,185.9,-6.8,200,2091,0.08,2.03,0.00,0.000,3078,0.139,0.026,2638,2215,3316,3342,3291,0,0,0,0,0,0,26.11,26.37,26.18,9.01,47.75
$GC,2400,-0.79,-146.6,2637,2215,3342,3291,204.9,-5.6,226,2404,0.00,2.03,0.00,0.000,516,0.000,0.030,2638,841,3316,3342,3291,0,0,0,0,0,0,26.73,26.32,26.74,8.99,48.30
$GC,2467,-0.79,-146.6,2637,841,3341,3291,207.5,-5.7,227,2471,0.00,2.00,0.00,0.000,1030,0.000,0.026,2632,2221,3316,3342,3291,0,0,0,0,0,0,26.44,26.36,26.46,8.98,48.30
$GC,2805,-0.79,-146.6,2632,2221,3342,3291,232.5,-7.2,236,2809,0.00,2.12,0.00,0.000,260,0.000,0.041,2622,3619,3316,3341,3291,0,0,0,0,0,0,26.73,26.25,26.74,8.96,49.68
$GC,2851,-0.79,-146.6,2622,3620,3341,3291,235.7,-7.2,237,2855,0.00,1.98,0.00,0.000,1030,0.000,0.020,2622,2222,3316,3341,3291,0,0,0,0,0,0,26.48,26.44,26.50,8.96,49.33
$GC,3171,-0.79,-146.6,2622,2221,3341,3290,259.7,-7.6,245,3175,0.00,2.03,0.00,0.000,516,0.000,0.031,2622,847,3315,3341,3290,0,0,0,0,0,0,26.73,26.30,26.74,8.95,50.19
$GC,3283,-0.79,-146.6,2621,847,3341,3290,266.4,-7.7,247,3294,0.10,2.00,0.00,0.000,3078,0.145,0.027,2645,2221,3315,3341,3289,0,0,0,0,0,0,26.11,26.35,26.24,8.94,50.31
$GC,3616,-0.86,-146.6,2645,2221,3341,3286,290.8,-6.8,256,3617,0.00,0.00,0.00,0.000,6,0.000,0.000,2646,2221,3313,3341,3286,0,0,0,0,0,0,26.73,26.74,26.74,8.92,50.59
$GC,3936,-0.93,-146.6,2645,2222,3341,3284,313.4,-7.2,264,3943,0.10,2.15,0.00,0.000,4356,0.077,0.042,2550,3628,3312,3340,3284,0,0,0,0,0,0,26.52,26.22,26.53,8.91,51.14
$GC,4032,-0.93,-146.6,2550,3628,3339,3284,321.9,-8.6,266,4038,0.15,2.00,0.00,0.000,3078,0.142,0.021,2596,2221,3311,3339,3284,0,0,0,0,0,0,26.01,26.42,26.16,8.91,51.37
$GC,4342,-0.93,-146.6,2596,2220,3339,3283,352.6,-9.4,274,4347,0.00,2.05,0.00,0.000,516,0.000,0.032,2596,840,3311,3339,3283,0,0,0,0,0,0,26.73,26.28,26.74,8.90,51.73
$GC,4482,-0.93,-146.6,2596,840,3339,3283,365.0,-9.9,277,4486,0.00,2.03,0.00,0.000,1030,0.000,0.028,2591,2229,3311,3339,3283,0,0,0,0,0,0,26.41,26.33,26.44,8.89,51.49
$GC,4791,-0.93,-146.6,2590,2228,3338,3280,395.3,-9.2,285,4795,0.00,2.12,0.00,0.000,260,0.000,0.042,2580,3618,3308,3337,3280,0,0,0,0,0,0,26.73,26.21,26.74,8.88,52.44
$GC,4849,-0.93,-146.6,2580,3618,3336,3280,399.3,-9.2,286,4853,0.00,2.00,0.00,0.000,1030,0.000,0.021,2580,2220,3308,3336,3280,0,0,0,0,0,0,26.46,26.41,26.48,8.89,51.49
$GC,5157,-0.93,-146.6,2580,2219,3336,3278,427.6,-8.6,294,5161,0.00,2.05,0.00,0.000,516,0.000,0.032,2580,844,3307,3336,3278,0,0,0,0,0,0,26.74,26.27,26.74,8.87,52.67
$GC,5230,-0.93,-146.6,2580,844,3336,3278,431.4,-8.5,295,5235,0.00,2.03,0.00,0.000,1030,0.000,0.028,2571,2226,3307,3336,3278,0,0,0,0,0,0,26.40,26.32,26.43,8.88,52.75
$GC,5565,-0.93,-146.6,2570,2225,3334,3275,461.8,-8.4,304,5569,0.00,2.15,0.00,0.000,260,0.000,0.043,2560,3621,3304,3334,3275,0,0,0,0,0,0,26.73,26.20,26.74,8.85,52.24
$GC,5731,-0.93,-146.6,2560,3620,3332,3275,476.5,-9.1,308,5740,0.12,2.03,0.00,0.000,3078,0.145,0.022,2598,2203,3303,3332,3275,0,0,0,0,0,0,26.02,26.39,26.16,8.85,52.59
$GC,6050,-0.93,-146.6,2598,2203,3332,3274,499.9,-7.4,316,6051,0.00,0.00,0.00,0.000,6,0.000,0.000,2599,2203,3303,3332,3274,0,0,0,0,0,0,26.73,26.74,26.74,8.84,53.38
$GC,6371,-0.93,-146.6,2598,2203,3331,3272,524.2,-7.9,324,6375,0.00,2.03,0.00,0.000,516,0.000,0.034,2599,850,3301,3331,3272,0,0,0,0,0,0,26.73,26.25,26.74,8.84,52.83
$GC,6428,-0.93,-146.6,2598,849,3331,3272,528.0,-8.0,325,6433,0.00,2.03,0.00,0.000,1030,0.000,0.029,2593,2223,3301,3330,3272,0,0,0,0,0,0,26.38,26.29,26.41,8.84,52.95
$GC,6738,-0.93,-146.6,2592,2223,3329,3271,555.5,-8.7,333,6743,0.00,2.20,0.00,0.000,260,0.000,0.044,2582,3649,3299,3329,3270,0,0,0,0,0,0,26.73,26.17,26.74,8.82,53.22
$GC,6855,-0.93,-146.6,2582,3649,3328,3270,563.6,-9.2,335,6863,0.00,2.05,0.00,0.000,1030,0.000,0.023,2582,2221,3299,3328,3270,0,0,0,0,0,0,26.44,26.38,26.46,8.82,53.30
$GC,7182,-0.93,-146.6,2582,2220,3328,3268,597.3,-9.3,344,7187,0.00,2.17,0.00,0.000,260,0.000,0.043,2572,3621,3298,3328,3268,0,0,0,0,0,0,26.73,26.17,26.74,8.80,54.29
$GC,7220,-0.93,-146.6,2571,3621,3327,3268,597.3,-9.3,344,7227,0.00,2.03,0.00,0.000,1030,0.000,0.023,2572,2208,3297,3327,3268,0,0,0,0,0,0,26.44,26.37,26.45,8.80,53.54
$GC,7547,-0.93,-146.6,2571,2208,3326,3266,630.9,-9.1,353,7552,0.00,2.20,0.00,0.000,260,0.000,0.044,2561,3622,3296,3326,3266,0,0,0,0,0,0,26.73,26.15,26.74,8.80,53.85
$GC,7599,-0.93,-146.6,2561,3622,3325,3266,635.0,-9.2,354,7604,0.10,2.05,0.00,0.000,3078,0.137,0.023,2593,2222,3295,3324,3266,0,0,0,0,0,0,26.01,26.38,26.21,8.79,54.01
$GC,7914,-0.93,-146.6,2592,2222,3325,3265,661.1,-7.9,362,7918,0.00,2.17,0.00,0.000,260,0.000,0.044,2585,3622,3295,3325,3265,0,0,0,0,0,0,26.73,26.14,26.74,8.79,53.93
$GC,8006,-0.93,-146.6,2584,3622,3324,3264,668.0,-8.0,364,8010,0.00,2.03,0.00,0.000,1030,0.000,0.023,2585,2222,3293,3323,3264,0,0,0,0,0,0,26.42,26.36,26.44,8.78,53.85
$GC,8320,-0.93,-146.6,2584,2222,3324,3263,692.8,-7.6,372,8322,0.00,0.00,0.00,0.000,6,0.000,0.000,2585,2221,3293,3323,3263,0,0,0,0,0,0,26.73,26.74,26.74,8.78,54.56
$GC,8639,-0.93,-146.6,2584,2222,3323,3262,717.1,-7.5,380,8643,0.00,2.20,0.00,0.000,260,0.000,0.044,2574,3631,3292,3323,3262,0,0,0,0,0,0,26.73,26.13,26.74,8.77,54.68
$GC,8767,-0.93,-146.6,2573,3631,3323,3262,727.1,-8.0,383,8772,0.00,2.08,0.00,0.000,1030,0.000,0.024,2574,2225,3292,3323,3262,0,0,0,0,0,0,26.38,26.36,26.41,8.77,55.00
$GC,9087,-0.93,-146.6,2574,2226,3323,3261,754.1,-8.6,391,9091,0.00,2.10,0.00,0.000,516,0.000,0.035,2574,833,3292,3323,3261,0,0,0,0,0,0,26.73,26.19,26.74,8.76,54.60
$GC,9179,-0.93,-146.6,2574,833,3322,3260,761.7,-8.7,393,9187,0.10,2.08,0.00,0.000,3078,0.155,0.031,2597,2226,3291,3322,3260,0,0,0,0,0,0,25.98,26.24,26.10,8.76,54.68
$GC,9491,-0.93,-146.6,2596,2226,3322,3259,788.0,-8.1,401,9493,0.00,0.00,0.00,0.000,6,0.000,0.000,2597,2225,3290,3322,3259,0,0,0,0,0,0,26.73,26.74,26.74,8.75,55.51
$GC,9811,-0.93,-146.6,2596,2226,3320,3258,813.2,-7.9,409,9813,0.00,0.00,0.00,0.000,6,0.000,0.000,2597,2226,3289,3320,3258,0,0,0,0,0,0,26.73,26.74,26.74,8.75,55.55
$GC,10131,-0.93,-146.6,2596,2225,3319,3258,837.4,-7.5,417,10133,0.00,0.00,0.00,0.000,6,0.000,0.000,2597,2226,3288,3319,3258,0,0,0,0,0,0,26.73,26.74,26.74,8.74,55.71
$GC,10452,-0.93,-146.6,2596,2226,3318,3256,861.3,-7.6,425,10457,0.00,2.20,0.00,0.000,260,0.000,0.046,2589,3628,3287,3318,3256,0,0,0,0,0,0,26.73,26.08,26.74,8.74,56.53
$GC,10554,-0.93,-146.6,2588,3628,3317,3256,867.9,-7.7,427,10559,0.00,2.05,0.00,0.000,1030,0.000,0.024,2589,2221,3286,3317,3256,0,0,0,0,0,0,26.39,26.32,26.41,8.73,56.57
$GC,10898,-0.93,-146.6,2588,2222,3317,3255,896.2,-7.7,436,10900,0.00,0.00,0.00,0.000,6,0.000,0.000,2589,2222,3286,3317,3255,0,0,0,0,0,0,26.73,26.74,26.74,8.73,56.18
$GC,11218,-0.93,-146.6,2588,2222,3316,3254,920.6,-7.5,444,11220,0.00,0.00,0.00,0.000,6,0.000,0.000,2589,2222,3285,3316,3254,0,0,0,0,0,0,26.73,26.74,26.74,8.72,56.37
$GC,11538,-0.93,-146.6,2588,2222,3316,3254,943.3,-7.0,452,11543,0.00,2.10,0.00,0.000,516,0.000,0.037,2589,836,3284,3316,3253,0,0,0,0,0,0,26.73,26.13,26.74,8.73,56.97
$GC,11641,-0.93,-146.6,2588,836,3315,3253,949.5,-7.2,454,11646,0.00,2.08,0.00,0.000,1030,0.000,0.031,2580,2227,3284,3316,3253,0,0,0,0,0,0,26.29,26.19,26.32,8.72,56.22
$GC,11987,-0.93,-146.6,2580,2227,3314,3252,974.6,-6.8,463,11992,0.00,2.20,0.00,0.000,260,0.000,0.047,2570,3628,3283,3314,3252,0,0,0,0,0,0,26.72,26.03,26.74,8.72,57.00
$GC,12084,-0.93,-146.6,2569,3628,3313,3252,980.7,-6.9,465,12092,0.10,2.05,0.00,0.000,3078,0.148,0.024,2599,2216,3282,3313,3252,0,0,0,0,0,0,25.98,26.31,26.09,8.71,56.89
$STATE,12229,end dive,TARGET_DEPTH_EXCEEDED
$STATE,12229,begin apogee
$GC,12237,-0.33,0.0,2599,1769,3312,3252,990.5,-6.1,469,12371,0.57,0.00,129.77,1.398,10246,0.106,0.000,2794,1769,2705,2800,2610,0,0,0,0,0,0,25.68,24.75,23.89,8.71,56.93
$STATE,12372,end apogee,CONTROL_FINISHED_OK
$STATE,12372,begin climb
$GC,12375,0.90,146.6,2794,1769,2796,2609,991.8,0.0,472,12525,1.10,2.38,138.27,1.333,10500,0.069,0.037,3183,3170,2105,2202,2009,0,0,0,0,0,0,24.97,24.21,23.39,8.66,55.67
$GC,12563,0.66,146.6,3182,3170,2201,2009,970.9,12.4,477,12572,0.22,2.17,0.00,0.000,5126,0.141,0.029,3117,1786,2105,2201,2009,0,0,0,0,0,0,24.88,25.04,25.03,8.61,53.78
$GC,12876,0.66,146.6,3116,1786,2198,2007,933.8,11.0,485,12881,0.00,2.25,0.00,0.000,516,0.000,0.046,3117,370,2101,2197,2006,0,0,0,0,0,0,26.34,25.92,26.35,8.61,55.86
$GC,12923,0.66,146.6,3117,370,2197,2006,929.0,10.9,486,12927,0.00,2.12,0.00,0.000,1030,0.000,0.028,3117,1786,2101,2197,2006,0,0,0,0,0,0,26.14,26.07,26.16,8.61,55.59
$GC,13236,0.66,146.6,3116,1786,2195,2005,896.5,10.2,494,13243,0.00,2.25,0.00,0.000,516,0.000,0.047,3117,370,2100,2195,2005,0,0,0,0,0,0,26.57,26.10,26.58,8.60,56.93
$GC,13290,0.66,146.6,3116,370,2195,2005,892.5,10.1,495,13295,0.00,2.10,0.00,0.000,1030,0.000,0.028,3117,1774,2100,2195,2005,0,0,0,0,0,0,26.32,26.24,26.34,8.60,56.61
$GC,13599,0.66,147.8,3117,1774,2194,2004,860.5,9.9,503,13603,0.00,2.15,0.00,0.000,260,0.000,0.041,3117,3168,2098,2193,2004,0,0,0,0,0,0,26.65,26.22,26.66,8.59,56.89
$GC,13661,0.66,147.8,3117,3168,2193,2004,856.1,10.0,504,13665,0.00,2.10,0.00,0.000,1030,0.000,0.031,3117,1763,2098,2193,2004,0,0,0,0,0,0,26.35,26.27,26.39,8.59,56.81
$GC,14007,0.67,152.4,3117,1763,2192,2004,820.3,9.8,513,14017,0.00,2.20,5.38,0.971,8708,0.000,0.047,3117,371,2082,2176,1988,0,0,0,0,0,0,26.69,25.79,25.00,8.58,57.56
$GC,14072,0.67,158.0,3117,370,2176,1988,816.7,9.7,514,14086,0.00,2.10,6.97,1.063,9222,0.000,0.029,3117,1772,2060,2156,1964,0,0,0,0,0,0,26.33,26.26,24.96,8.58,57.20
$GC,14405,0.68,163.0,3117,1772,2156,1963,781.7,9.8,523,14414,0.00,0.00,6.55,1.035,8198,0.000,0.000,3117,1772,2041,2137,1945,0,0,0,0,0,0,26.60,25.96,24.96,8.57,57.04
$GC,14725,0.68,163.9,3117,1772,2135,1943,749.9,10.0,531,14727,0.00,0.00,0.00,0.000,6,0.000,0.000,3117,1772,2039,2135,1943,0,0,0,0,0,0,26.60,26.61,26.61,8.58,57.28
$GC,15045,0.68,166.0,3117,1772,2135,1943,718.2,9.9,539,15051,0.00,0.00,4.18,0.819,8198,0.000,0.000,3117,1772,2028,2125,1932,0,0,0,0,0,0,26.67,26.06,24.98,8.58,58.11
$GC,15365,0.68,166.0,3117,1772,2124,1930,686.0,10.1,547,15369,0.00,2.15,0.00,0.000,260,0.000,0.041,3117,3167,2027,2124,1931,0,0,0,0,0,0,26.66,26.24,26.67,8.58,57.24
$GC,15396,0.68,166.0,3117,3167,2123,1930,686.0,10.1,547,15400,0.00,2.10,0.00,0.000,1030,0.000,0.030,3117,1762,2027,2124,1931,0,0,0,0,0,0,26.37,26.29,26.40,8.58,57.60
$GC,15730,0.68,166.0,3116,1762,2123,1930,648.9,10.0,556,15731,0.00,0.00,0.00,0.000,6,0.000,0.000,3117,1762,2026,2123,1930,0,0,0,0,0,0,26.70,26.71,26.71,8.57,57.56
$GC,16050,0.68,166.0,3116,1762,2124,1931,616.8,10.1,564,16051,0.00,0.00,0.00,0.000,6,0.000,0.000,3117,1762,2026,2123,1930,0,0,0,0,0,0,26.72,26.72,26.72,8.57,57.83
$GC,16370,0.68,166.0,3117,1762,2123,1930,584.5,10.0,572,16371,0.00,0.00,0.00,0.000,6,0.000,0.000,3117,1762,2027,2124,1930,0,0,0,0,0,0,26.72,26.73,26.73,8.57,57.36
$GC,16690,0.68,169.8,3117,1762,2124,1930,552.7,9.8,580,16697,0.00,0.00,5.28,0.867,8198,0.000,0.000,3117,1762,2012,2110,1915,0,0,0,0,0,0,26.72,26.08,25.07,8.57,57.71
$GC,17010,0.69,177.9,3117,1762,2108,1914,521.7,9.6,588,17021,0.00,0.00,9.43,1.004,8198,0.000,0.000,3117,1762,1979,2080,1879,0,0,0,0,0,0,26.67,25.99,25.09,8.58,57.52
$GC,17330,0.69,180.5,3117,1762,2079,1876,489.9,9.9,596,17331,0.00,0.00,0.00,0.000,6,0.000,0.000,3117,1761,1977,2078,1876,0,0,0,0,0,0,26.60,26.61,26.61,8.57,57.79
$GC,17650,0.75,180.5,3117,1762,2079,1876,456.9,10.3,604,17654,0.00,2.17,0.00,0.000,516,0.000,0.047,3117,376,1977,2079,1876,0,0,0,0,0,0,26.66,26.14,26.67,8.58,57.24
$GC,17718,0.80,180.5,3117,376,2079,1876,452.3,10.2,605,17724,0.08,2.08,0.00,0.000,3078,0.097,0.028,3186,1777,1977,2078,1877,0,0,0,0,0,0,26.25,26.30,26.33,8.58,57.24
$GC,18058,0.80,180.5,3185,1777,2079,1876,402.6,14.5,614,18062,0.00,2.12,0.00,0.000,260,0.000,0.039,3186,3165,1977,2078,1876,0,0,0,0,0,0,26.70,26.22,26.71,8.59,57.83
$GC,18114,0.80,180.5,3185,3165,2079,1876,396.1,14.7,615,18118,0.00,2.08,0.00,0.000,1030,0.000,0.030,3186,1770,1977,2079,1876,0,0,0,0,0,0,26.36,26.27,26.39,8.59,57.24
$GC,18422,0.80,180.5,3185,1769,2078,1876,351.0,14.0,623,18426,0.00,2.20,0.00,0.000,516,0.000,0.047,3186,373,1977,2079,1876,0,0,0,0,0,0,26.71,26.15,26.72,8.60,57.67
$GC,18524,0.80,180.5,3186,373,2079,1876,339.7,13.6,625,18528,0.00,2.08,0.00,0.000,1030,0.000,0.027,3186,1773,1977,2079,1876,0,0,0,0,0,0,26.40,26.32,26.42,8.60,57.08
$GC,18867,0.80,180.5,3186,1774,2079,1876,291.3,13.5,634,18868,0.00,0.00,0.00,0.000,6,0.000,0.000,3186,1774,1977,2079,1876,0,0,0,0,0,0,26.72,26.73,26.72,8.60,56.97
$GC,19187,0.80,180.5,3185,1774,2079,1876,248.8,13.1,642,19191,0.00,2.20,0.00,0.000,516,0.000,0.046,3186,376,1977,2078,1876,0,0,0,0,0,0,26.72,26.13,26.73,8.61,57.67
$GC,19271,0.80,180.5,3185,375,2079,1876,238.2,12.8,644,19275,0.00,2.08,0.00,0.000,1030,0.000,0.027,3186,1777,1977,2079,1876,0,0,0,0,0,0,26.39,26.32,26.41,8.61,56.73
$GC,19585,0.80,180.5,3185,1778,2079,1876,195.4,13.8,654,19586,0.00,0.00,0.00,0.000,6,0.000,0.000,3186,1778,1977,2079,1876,0,0,0,0,0,0,26.72,26.73,26.73,8.62,57.08
$GC,19887,0.80,180.5,3185,1778,2079,1876,156.5,12.2,684,19897,0.00,2.22,0.00,0.000,516,0.000,0.046,3186,367,1977,2079,1876,0,0,0,0,0,0,26.72,26.11,26.73,8.63,56.73
$GC,20030,0.80,180.5,3186,367,2079,1876,139.1,12.2,697,20038,0.00,2.08,0.00,0.000,1030,0.000,0.028,3186,1772,1977,2079,1876,0,0,0,0,0,0,26.37,26.29,26.40,8.63,55.98
$GC,20339,0.90,277.1,3185,1772,2079,1876,110.0,5.6,728,20429,0.00,2.28,83.45,0.816,8452,0.000,0.040,3186,3161,1573,1727,1420,0,0,0,0,0,0,26.72,25.21,24.56,8.65,56.22
$GC,20486,0.97,301.9,3186,3161,1725,1416,99.1,8.9,742,20517,0.00,2.12,20.15,0.744,9222,0.000,0.027,3186,1761,1473,1635,1312,0,0,0,0,0,0,25.77,25.70,24.72,8.65,55.71
$GC,20816,1.13,357.5,3186,1762,1629,1308,73.1,7.5,775,20867,0.15,2.25,43.15,0.742,10500,0.060,0.037,3297,3161,1245,1416,1075,0,0,0,0,0,0,26.17,25.41,24.78,8.72,56.61
$GC,20938,1.13,357.5,3296,3160,1409,1075,57.0,14.4,786,20948,0.15,2.10,0.00,0.000,5126,0.138,0.026,3259,1772,1242,1409,1075,0,0,0,0,0,0,25.61,25.83,25.77,8.74,56.26
$GC,21249,1.13,361.3,3258,1772,1405,1075,21.1,9.8,817,21253,0.00,2.22,0.00,0.000,516,0.000,0.044,3262,348,1240,1405,1075,0,0,0,0,0,0,26.47,26.04,26.48,8.80,55.59
$GC,21324,1.13,361.3,3261,347,1405,1075,12.9,11.1,824,21328,0.00,2.10,0.00,0.000,1030,0.000,0.025,3262,1772,1240,1405,1075,0,0,0,0,0,0,26.26,26.20,26.28,8.82,55.00
$STATE,21416,end climb,SURFACE_DEPTH_REACHED
$STATE,21416,begin surface coast
$FINISH,1.0,1.022714
$STATE,21436,end surface coast,CONTROL_FINISHED_OK
$STATE,21436,begin surface
$SM_CCo,21517,0.00,0.000,0,0,1237,360.35
$SM_GC,0.26,8.18,0.65,0.00,0.052,0.037,0.000,181,2218,1237,-8.33,-1.50,360.35,0,0,0,0,0,0,26.27,26.23,26.31
$IRIDIUM_FIX,300.30,-14008.90,251224,152845
$TT8_MAMPS,0.026215,0.394723
$HUMID,52.79
$INTERNAL_PRESSURE,8.81998
$TCM_TEMP,19.30
$XPDR_PINGS,0
$ALTIM_TOP_PING,19.7,19.7
$24V_AH,23.39,25.302
$10V_AH,10.17,22.044
$FG_AHR_24Vo,0.000
$FG_AHR_10Vo,0.000
$DEVICES,Pitch_motor,Roll_motor,VBD_pump_during_apogee,VBD_pump_during_surface,VBD_valve,Iridium_during_init,Iridium_during_connect,Iridium_during_xfer,Transponder_ping,GUMSTIX_24V,GPS,TT8,LPSleep,TT8_Active,TT8_Sampling,TT8_CF8,TT8_Kalman,Analog_circuits,GPS_charging,Compass,RAFOS,Transponder,Compass2
$DEVICE_SECS,20.700,153.100,452.575,0.000,0.000,0.000,0.000,278.250,0.250,0.000,26.675,2969.624,15262.237,561.500,2761.409,375.829,0.000,2132.930,0.000,2308.114,0.000,2.764,0.000
$DEVICE_MAMPS,210.375,47.430,1397.655,0.000,0.000,0.000,0.000,86.445,420.000,0.000,30.710,15.210,2.190,15.210,43.670,53.410,0.000,14.000,0.000,8.240,0.000,30.000,0.000
$SENSORS,SBE_CT,WL_blue_red_Chl,AA4330,nil,nil,nil,nil,nil,nil,nil
$SENSOR_SECS,723.056,250.151,1132.609,0.000,0.000,0.000,0.000,0.000,0.000,0.000
$SENSOR_MAMPS,22.470,105.000,11.230,0.000,0.000,0.000,0.000,0.000,0.000,0.000
$MEM,311836
$DATA_FILE_SIZE,62518,835
$CAP_FILE_SIZE,176932,0
$CFSIZE,2097872896,2072903680
$ERRORS,0,0,0,0,0,0,0,0,0,0,0,0,0,0,2,0
$CURRENT,0.089,2.07,1
$GPS,120505,032930,304.151,-14006.918,38,0.9,64,9.3,0.7,249.1,9,4.0
