version: 66.14
glider: 195
mission: 21
dive: 248
start: 6 7 105 2 35 53
data:
$ID,195
$MISSION,21
$DIVE,248
$N_DIVES,0
$STOP_T,0
$D_SURF,3
$D_FLARE,2
$D_TGT,990
$D_ABORT,1090
$D_NO_BLEED,50
$D_BOOST,3
$T_BOOST,0
$D_FINISH,0
$D_PITCH,0
$D_SAFE,0
$D_CALL,0
$SURFACE_URGENCY,0
$SURFACE_URGENCY_TRY,0
$SURFACE_URGENCY_FORCE,0
$T_DIVE,440
$T_MISSION,600
$T_ABORT,1440
$T_TURN,300
$T_TURN_SAMPINT,5
$T_NO_W,120
$T_LOITER,0
$T_SLOITER,60
$T_EPIRB,0
$USE_BATHY,0
$USE_ICE,0
$ICE_FREEZE_MARGIN,0.30000001
$D_OFFGRID,990
$T_WATCHDOG,10
$RELAUNCH,1
$APOGEE_PITCH,-8
$MAX_BUOY,150
$COURSE_BIAS,0
$GLIDE_SLOPE,30
$SPEED_FACTOR,1
$RHO,1.023
$MASS,54002
$MASS_COMP,0
$NAV_MODE,2
$FERRY_MAX,45
$KALMAN_USE,2
$HD_A,0.0038000001
$HD_B,0.0099999998
$HD_C,9.8500004e-06
$HEADING,-1
$ESCAPE_HEADING,0
$ESCAPE_HEADING_DELTA,10
$FIX_MISSING_TIMEOUT,0
$TGT_DEFAULT_LAT,4736
$TGT_DEFAULT_LON,-12225
$TGT_AUTO_DEFAULT,0
$SM_CC,250
$N_FILEKB,4
$FILEMGR,0
$CALL_NDIVES,1
$COMM_SEQ,0
$PROTOCOL,9
$N_NOCOMM,1
$NOCOMM_ACTION,0
$N_NOSURFACE,0
$UPLOAD_DIVES_MAX,-1
$CALL_TRIES,5
$CALL_WAIT,60
$CAPUPLOAD,0
$CAPMAXSIZE,200000
$HEAPDBG,0
$T_GPS,15
$N_GPS,50840
$T_RSLEEP,2
$STROBE,0
$RAFOS_PEAK_OFFSET,1.5
$RAFOS_CORR_THRESH,60
$RAFOS_HIT_WINDOW,3600
$RAFOS_MMODEM,0
$PITCH_MIN,207
$PITCH_MAX,3915
$C_PITCH,2900
$PITCH_DBAND,0.1
$PITCH_CNV,0.003125763
$P_OVSHOOT,0.039999999
$P_OVSHOOT_WITHG,0.079999998
$PITCH_GAIN,24
$PITCH_TIMEOUT,17
$PITCH_AD_RATE,160
$PITCH_MAXERRORS,1
$PITCH_ADJ_GAIN,0.02
$PITCH_ADJ_DBAND,2.5
$ROLL_MIN,224
$ROLL_MAX,3758
$ROLL_DEG,40
$C_ROLL_DIVE,2220
$C_ROLL_CLIMB,1770
$HEAD_ERRBAND,20
$ROLL_CNV,0.028270001
$ROLL_TIMEOUT,15
$R_PORT_OVSHOOT,52
$R_STBD_OVSHOOT,56
$ROLL_AD_RATE,350
$ROLL_MAXERRORS,2
$ROLL_ADJ_GAIN,0
$ROLL_ADJ_DBAND,0
$VBD_MIN,500
$VBD_MAX,3960
$C_VBD,2806
$VBD_DBAND,2
$VBD_CNV,-0.24529999
$VBD_LP_IGNORE,0
$VBD_TIMEOUT,720
$PITCH_VBD_SHIFT,0.001
$VBD_PUMP_AD_RATE_SURFACE,5
$VBD_PUMP_AD_RATE_APOGEE,4
$VBD_BLEED_AD_RATE,8
$UNCOM_BLEED,60
$VBD_MAXERRORS,1
$W_ADJ_DBAND,0
$DBDW,0
$PITCH_W_GAIN,0
$PITCH_W_DBAND,0
$CF8_MAXERRORS,5
$AH0_24V,150
$AH0_10V,97
$MINV_24V,19
$MINV_10V,8
$MAXI_24V,0.80000001
$MAXI_10V,0.60000002
$FG_AHR_10V,0
$FG_AHR_24V,0
$PHONE_SUPPLY,-2
$PRESSURE_YINT,-49.397121
$PRESSURE_SLOPE,0.0001168043
$AD7714Ch0Gain,128
$TCM_PITCH_OFFSET,0
$TCM_ROLL_OFFSET,0
$COMPASS_USE,4
$ALTIM_BOTTOM_PING_RANGE,0
$ALTIM_TOP_PING_RANGE,20
$ALTIM_BOTTOM_TURN_MARGIN,0
$ALTIM_TOP_TURN_MARGIN,0
$ALTIM_TOP_MIN_OBSTACLE,1
$ALTIM_PING_DEPTH,0
$ALTIM_PING_DELTA,0
$ALTIM_FREQUENCY,13
$ALTIM_PULSE,3
$ALTIM_SENSITIVITY,3
$XPDR_VALID,5
$XPDR_INHIBIT,90
$INT_PRESSURE_SLOPE,0.0097660003
$INT_PRESSURE_YINT,-0.77999997
$DEEPGLIDER,0
$MOTHERBOARD,4
$DEVICE1,2
$DEVICE2,115
$DEVICE3,101
$DEVICE4,-1
$DEVICE5,-1
$DEVICE6,-1
$LOGGERS,0
$LOGGERDEVICE1,-1
$LOGGERDEVICE2,-1
$LOGGERDEVICE3,-1
$LOGGERDEVICE4,-1
$COMPASS_DEVICE,33
$COMPASS2_DEVICE,-1
$PHONE_DEVICE,49
$GPS_DEVICE,32
$RAFOS_DEVICE,-1
$XPDR_DEVICE,24
$SIM_W,0
$SIM_PITCH,0
$SEABIRD_T_G,0.0044178674
$SEABIRD_T_H,0.00064818078
$SEABIRD_T_I,2.6779007e-05
$SEABIRD_T_J,3.3667231e-06
$SEABIRD_C_G,-10.098215
$SEABIRD_C_H,1.1454017
$SEABIRD_C_I,-0.0021276253
$SEABIRD_C_J,0.00025532115
$SEABIRD_C_Z,2974.52
$GPS1,070605,022822,447.0566,-14022.4189,40,0.9,56,9.2,0.5,234.0,8,4.5
$_CALLS,1
$_XMS_NAKs,0
$_XMS_TOUTs,0
$_SM_DEPTHo,0.62
$_SM_ANGLEo,-64.3
$GPS2,070605,023514,447.0176,-14022.4258,7,0.9,29,9.2,0.4,61.3,8,4.9
$SPEED_LIMITS,0.130,0.237
$TGT_NAME,TX1
$TGT_LATLONG,815.000,-14400.000
$TGT_RADIUS,10000.000
$KALMAN_CONTROL,0.000000,0.000000
$KALMAN_X,0.000000,0.000000,0.000000,0.000000,0.000000
$KALMAN_Y,0.000000,0.000000,0.000000,0.000000,0.000000
$MHEAD_RNG_PITCHd_Wd,314.8,554427,-14.0,-7.500,-17.57,2969
$D_GRID,990
$GCHEAD,st_secs,pitch_ctl,vbd_ctl,pitch_ad_start,roll_ad_start,vbd_pot1_ad_start,vbd_pot2_ad_start,depth,ob_vertv,data_pts,end_secs,pitch_secs,roll_secs,vbd_secs,vbd_i,gcphase,pitch_i,roll_i,pitch_ad,roll_ad,vbd_ad,vbd_pot1_ad,vbd_pot2_ad,pitch_retries,pitch_errors,roll_retries,roll_errors,vbd_retries,vbd_errors,pitch_volts,roll_volts,vbd_volts,int_press,humidity
$STATE,6,end surface,CONTROL_FINISHED_OK
$STATE,6,begin dive
$GC,75,-0.73,-146.6,152,2214,1419,1121,0.7,-0.1,6,133,0.00,0.00,-56.03,0.000,16386,0.000,0.000,152,2214,2780,2798,2762,0,0,0,0,0,0,26.46,28.83,26.47,8.97,46.77
$GC,137,-0.73,-146.6,151,2214,2802,2762,2.3,-3.8,12,170,9.60,2.20,-14.48,0.000,18692,0.207,0.050,2649,3609,3407,3426,3388,0,0,0,0,0,0,25.36,24.07,25.72,9.12,46.65
$GC,325,-0.61,-146.6,2648,3609,3432,3388,29.5,-14.3,29,333,0.15,2.03,0.00,0.000,3078,0.131,0.018,2699,2190,3410,3432,3388,0,0,0,0,0,0,25.86,26.25,26.01,9.19,46.85
$GC,637,-0.55,-146.6,2698,2189,3434,3388,67.8,-12.0,53,641,0.00,2.00,0.00,0.000,516,0.000,0.030,2699,840,3410,3433,3388,0,0,0,0,0,0,26.63,26.19,26.65,9.20,47.55
$GC,792,-0.49,-146.6,2698,840,3434,3388,85.7,-12.0,60,798,0.15,2.00,0.00,0.000,3078,0.125,0.024,2743,2212,3411,3434,3388,0,0,0,0,0,0,25.96,26.27,26.10,9.22,46.53
$GC,1111,-0.56,-146.6,2742,2212,3437,3388,113.5,-7.2,76,1112,0.00,0.00,0.00,0.000,6,0.000,0.000,2743,2212,3412,3437,3388,0,0,0,0,0,0,26.67,26.69,26.68,9.23,47.28
$GC,1409,-0.65,-146.6,2742,2212,3440,3388,133.2,-6.1,91,1415,0.10,2.15,0.00,0.000,4356,0.074,0.039,2626,3621,3414,3440,3388,0,0,0,0,0,0,26.48,26.17,26.50,9.21,46.37
$GC,1564,-0.56,-146.6,2626,3621,3440,3388,142.6,-5.5,98,1575,0.28,1.98,0.00,0.000,3078,0.110,0.018,2721,2197,3414,3441,3388,0,0,0,0,0,0,25.92,26.39,26.08,9.19,46.85
$GC,1878,-0.64,-146.6,2720,2198,3443,3388,159.6,-6.0,114,1880,0.00,0.00,0.00,0.000,6,0.000,0.000,2721,2197,3415,3443,3388,0,0,0,0,0,0,26.70,26.70,26.70,9.15,46.45
$GC,2177,-0.73,-146.6,2720,2197,3444,3388,172.3,-4.0,129,2184,0.12,2.17,0.00,0.000,4356,0.063,0.039,2600,3618,3415,3443,3388,0,0,0,0,0,0,26.48,26.17,26.50,9.10,47.04
$GC,2329,-0.63,-146.6,2599,3618,3444,3388,180.4,-5.7,136,2335,0.25,1.98,0.00,0.000,3078,0.111,0.018,2700,2210,3416,3444,3388,0,0,0,0,0,0,25.89,26.40,26.06,9.08,46.77
$GC,2648,-0.69,-146.6,2700,2209,3443,3388,196.1,-4.9,152,2653,0.00,2.00,0.00,0.000,516,0.000,0.028,2700,873,3415,3443,3388,0,0,0,0,0,0,26.70,26.26,26.70,9.04,48.30
$GC,2798,-0.75,-146.6,2700,873,3443,3388,200.9,-5.4,156,2803,0.05,1.95,0.00,0.000,5126,0.128,0.024,2621,2230,3415,3443,3388,0,0,0,0,0,0,26.25,26.32,26.32,9.03,48.93
$GC,3139,-0.69,-146.6,2612,2230,3443,3387,227.7,-6.9,161,3142,0.20,0.00,0.00,0.000,2054,0.118,0.000,2681,2231,3415,3442,3388,0,0,0,0,0,0,26.06,26.22,26.17,9.00,49.09
$GC,3460,-0.69,-146.6,2680,2231,3440,3388,245.4,-5.5,165,3464,0.00,2.03,0.00,0.000,516,0.000,0.029,2681,860,3413,3440,3387,0,0,0,0,0,0,26.70,26.24,26.71,8.98,50.19
$GC,3643,-0.69,-146.6,2681,860,3438,3387,254.5,-5.3,167,3647,0.00,2.00,0.00,0.000,1030,0.000,0.025,2676,2213,3412,3438,3387,0,0,0,0,0,0,26.34,26.30,26.35,8.96,50.39
$GC,4027,-0.69,-146.6,2675,2213,3434,3384,278.6,-6.0,172,4031,0.00,1.98,0.00,0.000,516,0.000,0.030,2676,871,3409,3434,3384,0,0,0,0,0,0,26.70,26.23,26.71,8.94,51.73
$GC,4094,-0.69,-146.6,2675,872,3434,3385,278.6,-6.0,172,4098,0.00,1.98,0.00,0.000,1030,0.000,0.025,2667,2230,3409,3434,3384,0,0,0,0,0,0,26.36,26.29,26.39,8.94,51.73
$GC,4434,-0.69,-146.6,2667,2230,3432,3382,305.0,-6.5,177,4438,0.00,2.05,0.00,0.000,516,0.000,0.030,2667,876,3407,3432,3382,0,0,0,0,0,0,26.70,26.22,26.71,8.92,52.87
$GC,4511,-0.69,-146.6,2667,875,3431,3381,305.0,-6.5,177,4519,0.00,1.95,0.00,0.000,1030,0.000,0.026,2660,2216,3406,3431,3381,0,0,0,0,0,0,26.36,26.28,26.38,8.92,52.59
$GC,4840,-0.69,-146.6,2659,2217,3430,3379,329.0,-5.8,182,4844,0.00,2.00,0.00,0.000,516,0.000,0.031,2659,871,3404,3430,3379,0,0,0,0,0,0,26.70,26.21,26.71,8.90,52.83
$GC,4911,-0.69,-146.6,2659,871,3429,3379,329.0,-5.8,182,4915,0.00,1.98,0.00,0.000,1030,0.000,0.026,2651,2222,3403,3429,3378,0,0,0,0,0,0,26.35,26.27,26.37,8.90,52.59
$GC,5246,-0.69,-146.6,2651,2221,3426,3375,354.6,-6.3,187,5250,0.00,2.03,0.00,0.000,516,0.000,0.031,2651,868,3400,3426,3375,0,0,0,0,0,0,26.70,26.20,26.71,8.89,53.38
$GC,5297,-0.69,-146.6,2651,868,3426,3376,354.6,-6.3,187,5302,0.10,2.00,0.00,0.000,3078,0.141,0.027,2679,2230,3401,3426,3376,0,0,0,0,0,0,26.01,26.26,26.13,8.90,53.11
$GC,5653,-0.74,-146.6,2678,2230,3423,3373,379.0,-5.8,192,5657,0.00,2.05,0.00,0.000,516,0.000,0.031,2679,862,3398,3424,3372,0,0,0,0,0,0,26.70,26.20,26.71,8.89,54.44
$GC,5730,-0.80,-146.6,2678,862,3423,3372,379.0,-5.8,192,5738,0.00,2.03,0.00,0.000,1030,0.000,0.027,2674,2217,3397,3423,3372,0,0,0,0,0,0,26.30,26.26,26.32,8.88,53.89
$GC,6059,-0.80,-146.6,2674,2217,3422,3370,401.4,-5.4,197,6063,0.00,2.05,0.00,0.000,516,0.000,0.031,2674,871,3395,3421,3369,0,0,0,0,0,0,26.70,26.19,26.71,8.87,54.25
$GC,6116,-0.80,-146.6,2674,871,3421,3369,401.4,-5.4,197,6121,0.00,2.00,0.00,0.000,1030,0.000,0.027,2666,2229,3395,3421,3369,0,0,0,0,0,0,26.32,26.25,26.36,8.87,54.29
$GC,6466,-0.80,-146.6,2666,2228,3420,3367,422.6,-5.1,202,6467,0.00,0.00,0.00,0.000,6,0.000,0.000,2666,2228,3393,3420,3367,0,0,0,0,0,0,26.70,26.71,26.71,8.86,54.56
$GC,6786,-0.80,-146.6,2665,2228,3419,3365,439.4,-5.3,206,6790,0.00,2.05,0.00,0.000,516,0.000,0.032,2666,867,3392,3419,3365,0,0,0,0,0,0,26.70,26.17,26.71,8.85,55.35
$GC,6912,-0.80,-146.6,2665,866,3419,3365,444.2,-5.4,207,6916,0.00,2.00,0.00,0.000,1030,0.000,0.027,2658,2226,3392,3419,3365,0,0,0,0,0,0,26.32,26.23,26.34,8.85,54.56
$GC,7276,-0.80,-146.6,2657,2226,3417,3363,466.8,-5.6,212,7280,0.00,2.05,0.00,0.000,516,0.000,0.032,2658,864,3390,3418,3363,0,0,0,0,0,0,26.70,26.15,26.71,8.84,55.67
$GC,7360,-0.80,-146.6,2658,863,3418,3363,472.0,-5.7,213,7364,0.00,2.00,0.00,0.000,1030,0.000,0.028,2650,2218,3390,3417,3363,0,0,0,0,0,0,26.30,26.22,26.33,8.84,55.71
$GC,7685,-0.80,-146.6,2650,2218,3416,3360,492.7,-6.4,217,7690,0.00,2.03,0.00,0.000,516,0.000,0.032,2650,873,3388,3416,3360,0,0,0,0,0,0,26.70,26.15,26.71,8.84,55.27
$GC,7742,-0.80,-146.6,2650,873,3416,3360,492.7,-6.4,217,7747,0.00,2.00,0.00,0.000,1030,0.000,0.028,2643,2231,3388,3415,3361,0,0,0,0,0,0,26.30,26.22,26.33,8.84,54.92
$GC,8092,-0.80,-146.6,2642,2230,3415,3359,520.4,-6.8,222,8097,0.00,2.05,0.00,0.000,516,0.000,0.032,2643,867,3386,3414,3359,0,0,0,0,0,0,26.70,26.15,26.71,8.83,55.59
$GC,8194,-0.80,-146.6,2642,867,3414,3359,526.5,-6.8,223,8199,0.00,2.00,0.00,0.000,1030,0.000,0.028,2636,2219,3386,3414,3359,0,0,0,0,0,0,26.29,26.20,26.32,8.83,55.78
$GC,8580,-0.80,-146.6,2635,2218,3413,3357,553.2,-6.6,228,8582,0.00,0.00,0.00,0.000,6,0.000,0.000,2636,2218,3385,3413,3357,0,0,0,0,0,0,26.70,26.71,26.70,8.82,55.82
$GC,8899,-0.80,-146.6,2635,2219,3412,3356,572.5,-6.0,232,8904,0.00,2.03,0.00,0.000,516,0.000,0.033,2636,876,3384,3412,3356,0,0,0,0,0,0,26.70,26.13,26.71,8.81,56.26
$GC,9033,-0.80,-146.6,2635,875,3412,3356,577.8,-6.0,233,9037,0.00,2.00,0.00,0.000,1030,0.000,0.028,2628,2230,3384,3412,3356,0,0,0,0,0,0,26.28,26.20,26.32,8.81,55.71
$GC,9387,-0.80,-146.6,2627,2230,3410,3354,603.3,-6.4,238,9392,0.00,2.05,0.00,0.000,516,0.000,0.033,2627,871,3382,3410,3354,0,0,0,0,0,0,26.70,26.11,26.71,8.80,56.49
$GC,9471,-0.80,-146.6,2627,871,3411,3354,609.1,-6.6,239,9476,0.00,2.00,0.00,0.000,1030,0.000,0.028,2620,2219,3382,3410,3354,0,0,0,0,0,0,26.27,26.19,26.30,8.80,56.14
$GC,9795,-0.80,-146.6,2619,2219,3409,3353,631.9,-7.0,243,9797,0.00,0.00,0.00,0.000,6,0.000,0.000,2620,2218,3381,3409,3353,0,0,0,0,0,0,26.70,26.71,26.70,8.79,57.08
$GC,10115,-0.80,-146.6,2619,2219,3408,3353,653.3,-6.7,247,10119,0.00,2.03,0.00,0.000,516,0.000,0.034,2620,876,3380,3408,3352,0,0,0,0,0,0,26.70,26.10,26.70,8.79,56.49
$GC,10217,-0.80,-146.6,2619,876,3408,3352,658.7,-6.6,248,10222,0.10,2.00,0.00,0.000,3078,0.145,0.028,2643,2219,3380,3408,3352,0,0,0,0,0,0,25.90,26.17,26.02,8.79,56.49
$GC,10601,-0.80,-146.6,2642,2218,3407,3350,680.6,-5.3,253,10603,0.00,0.00,0.00,0.000,6,0.000,0.000,2643,2219,3379,3408,3350,0,0,0,0,0,0,26.70,26.71,26.70,8.78,56.93
$GC,10921,-0.80,-146.6,2643,2219,3406,3350,698.5,-5.6,257,10925,0.00,2.05,0.00,0.000,516,0.000,0.034,2643,866,3378,3406,3350,0,0,0,0,0,0,26.70,26.08,26.70,8.78,57.12
$GC,11007,-0.80,-146.6,2642,865,3406,3350,703.6,-5.8,258,11012,0.00,2.03,0.00,0.000,1030,0.000,0.028,2638,2223,3378,3406,3350,0,0,0,0,0,0,26.25,26.15,26.27,8.77,56.77
$GC,11328,-0.80,-146.6,2638,2223,3405,3349,723.7,-6.2,262,11332,0.00,2.05,0.00,0.000,516,0.000,0.034,2638,873,3377,3405,3349,0,0,0,0,0,0,26.70,26.07,26.70,8.77,57.36
$GC,11385,-0.80,-146.6,2638,873,3406,3349,723.7,-6.2,262,11389,0.00,2.00,0.00,0.000,1030,0.000,0.029,2631,2221,3377,3405,3349,0,0,0,0,0,0,26.23,26.15,26.27,8.77,57.04
$GC,11734,-0.80,-146.6,2630,2221,3404,3348,750.9,-6.7,267,11738,0.00,2.05,0.00,0.000,516,0.000,0.034,2631,867,3376,3404,3349,0,0,0,0,0,0,26.70,26.06,26.70,8.76,57.67
$GC,11831,-0.80,-146.6,2630,866,3404,3349,756.5,-6.7,268,11835,0.00,2.03,0.00,0.000,1030,0.000,0.029,2623,2226,3376,3404,3348,0,0,0,0,0,0,26.22,26.13,26.25,8.76,57.08
$GC,12140,-0.80,-146.6,2622,2226,3404,3348,778.1,-6.7,272,12142,0.00,0.00,0.00,0.000,6,0.000,0.000,2623,2226,3375,3403,3347,0,0,0,0,0,0,26.70,26.70,26.70,8.75,57.87
$GC,12462,-0.80,-146.6,2623,2226,3404,3346,798.2,-6.3,276,12466,0.00,2.05,0.00,0.000,516,0.000,0.034,2623,874,3374,3403,3346,0,0,0,0,0,0,26.70,26.04,26.70,8.75,57.63
$GC,12586,-0.80,-146.6,2622,875,3403,3347,803.5,-6.2,277,12590,0.00,2.00,0.00,0.000,1030,0.000,0.029,2616,2219,3374,3403,3346,0,0,0,0,0,0,26.20,26.12,26.24,8.75,57.20
$GC,12950,-0.80,-146.6,2615,2220,3402,3344,827.4,-5.9,282,12952,0.00,0.00,0.00,0.000,6,0.000,0.000,2615,2220,3374,3403,3345,0,0,0,0,0,0,26.69,26.70,26.70,8.74,57.75
$GC,13272,-0.80,-146.6,2615,2220,3402,3344,846.1,-5.8,286,13276,0.00,2.05,0.00,0.000,516,0.000,0.035,2615,871,3373,3402,3344,0,0,0,0,0,0,26.69,26.01,26.70,8.74,58.19
$GC,13368,-0.80,-146.6,2614,871,3402,3344,851.5,-6.0,287,13374,0.12,2.03,0.00,0.000,3078,0.142,0.030,2647,2225,3373,3402,3344,0,0,0,0,0,0,25.76,26.09,25.89,8.73,57.95
$GC,13679,-0.80,-146.6,2647,2224,3401,3343,868.9,-5.4,291,13680,0.00,0.00,0.00,0.000,6,0.000,0.000,2647,2225,3372,3401,3343,0,0,0,0,0,0,26.70,26.70,26.70,8.73,57.79
$GC,14000,-0.80,-146.6,2647,2225,3400,3342,886.7,-5.6,295,14005,0.00,2.05,0.00,0.000,516,0.000,0.034,2647,878,3371,3400,3343,0,0,0,0,0,0,26.70,26.00,26.70,8.73,58.34
$GC,14093,-0.80,-146.6,2647,878,3400,3342,891.9,-5.7,296,14097,0.00,2.00,0.00,0.000,1030,0.000,0.030,2643,2220,3371,3400,3342,0,0,0,0,0,0,26.17,26.08,26.21,8.73,57.67
$GC,14406,-0.80,-146.6,2642,2220,3400,3342,911.2,-6.0,300,14408,0.00,0.00,0.00,0.000,6,0.000,0.000,2642,2220,3371,3400,3342,0,0,0,0,0,0,26.69,26.70,26.70,8.73,58.07
$GC,14726,-0.80,-146.6,2642,2220,3398,3341,930.6,-6.0,304,14730,0.00,2.05,0.00,0.000,516,0.000,0.035,2642,874,3370,3399,3341,0,0,0,0,0,0,26.69,25.98,26.70,8.72,58.46
$GC,14865,-0.80,-146.6,2642,874,3399,3341,935.9,-6.2,305,14869,0.00,2.03,0.00,0.000,1030,0.000,0.031,2636,2224,3370,3399,3341,0,0,0,0,0,0,26.15,26.06,26.19,8.72,58.34
$GC,15213,-0.80,-146.6,2635,2223,3398,3340,961.1,-6.2,310,15218,0.00,2.05,0.00,0.000,516,0.000,0.035,2636,879,3369,3398,3340,0,0,0,0,0,0,26.69,25.96,26.70,8.72,58.26
$GC,15298,-0.80,-146.6,2635,878,3398,3340,966.5,-6.3,311,15302,0.00,2.03,0.00,0.000,1030,0.000,0.031,2628,2225,3368,3398,3339,0,0,0,0,0,0,26.15,26.06,26.18,8.72,58.15
$GC,15623,-0.80,-146.6,2627,2225,3398,3339,987.6,-6.5,315,15627,0.00,2.08,0.00,0.000,516,0.000,0.035,2628,873,3368,3397,3339,0,0,0,0,0,0,26.69,25.95,26.70,8.70,58.38
$GC,15690,-0.80,-146.6,2627,873,3398,3340,987.6,-6.5,315,15694,0.00,2.03,0.00,0.000,1030,0.000,0.031,2621,2220,3368,3397,3340,0,0,0,0,0,0,26.13,26.04,26.17,8.71,58.11
$STATE,15705,end dive,TARGET_DEPTH_EXCEEDED
$STATE,15705,begin apogee
$GC,15713,-0.33,0.0,2620,1809,3397,3340,993.4,-6.6,316,15845,0.50,0.00,129.32,1.375,10246,0.101,0.000,2790,1808,2806,2908,2704,0,0,0,0,0,0,25.52,24.50,23.49,8.71,58.58
$STATE,15847,end apogee,CONTROL_FINISHED_OK
$STATE,15847,begin climb
$GC,15850,0.73,146.6,2789,1808,2905,2703,995.9,0.0,317,15999,0.98,2.47,138.70,1.317,10756,0.064,0.044,3142,395,2205,2296,2115,0,0,0,0,0,0,24.77,24.06,23.09,8.67,56.93
$GC,16037,0.73,146.6,3141,395,2292,2115,984.4,7.9,320,16041,0.00,2.20,0.00,0.000,1030,0.000,0.026,3142,1790,2203,2292,2115,0,0,0,0,0,0,25.08,25.02,25.10,8.61,55.43
$GC,16346,0.64,146.6,3141,1790,2286,2113,952.4,10.1,324,16354,0.12,2.15,0.00,0.000,4356,0.138,0.040,3103,3167,2199,2286,2113,0,0,0,0,0,0,25.86,25.96,25.99,8.61,57.87
$GC,16411,0.55,146.6,3102,3167,2284,2112,952.4,10.1,324,16416,0.00,2.08,0.00,0.000,1030,0.000,0.028,3106,1785,2198,2284,2112,0,0,0,0,0,0,26.13,26.06,26.16,8.61,56.93
$GC,16750,0.55,146.6,3106,1784,2283,2112,915.8,8.9,329,16755,0.00,2.15,0.00,0.000,260,0.000,0.039,3105,3167,2197,2283,2112,0,0,0,0,0,0,26.57,26.13,26.58,8.61,58.74
$GC,16792,0.55,146.6,3105,3167,2283,2111,915.8,8.9,329,16797,0.12,2.10,0.00,0.000,5126,0.136,0.029,3071,1760,2197,2283,2112,0,0,0,0,0,0,25.94,26.18,26.10,8.61,58.38
$GC,17151,0.55,146.7,3071,1760,2281,2111,884.8,7.5,334,17155,0.00,2.20,0.00,0.000,260,0.000,0.039,3071,3174,2196,2281,2111,0,0,0,0,0,0,26.64,26.15,26.65,8.60,58.34
$GC,17198,0.55,146.9,3071,3176,2281,2111,884.8,7.5,334,17202,0.00,2.10,0.00,0.000,1030,0.000,0.028,3071,1771,2196,2281,2111,0,0,0,0,0,0,26.30,26.22,26.34,8.60,58.89
$GC,17556,0.55,152.9,3070,1771,2281,2111,854.9,7.3,339,17564,0.00,0.00,5.45,0.973,8198,0.000,0.000,3071,1771,2180,2265,2096,0,0,0,0,0,0,26.67,25.70,24.41,8.59,59.56
$GC,17878,0.57,169.1,3070,1771,2264,2095,832.7,6.9,343,17902,0.00,2.22,17.67,1.222,8452,0.000,0.039,3071,3165,2112,2202,2023,0,0,0,0,0,0,26.63,25.62,24.46,8.59,59.41
$GC,17940,0.59,185.4,3070,3166,2202,2023,832.7,6.9,343,17963,0.00,2.12,17.55,1.200,9222,0.000,0.028,3071,1770,2047,2144,1951,0,0,0,0,0,0,25.95,25.87,24.20,8.59,59.05
$GC,18280,0.61,206.1,3071,1770,2144,1949,805.0,6.8,348,18303,0.00,0.00,20.95,1.212,8198,0.000,0.000,3071,1770,1964,2075,1853,0,0,0,0,0,0,26.44,25.32,24.31,8.58,59.17
$GC,18600,0.63,225.3,3070,1770,2074,1850,783.2,6.8,352,18621,0.00,0.00,19.77,1.193,8198,0.000,0.000,3071,1770,1886,2009,1763,0,0,0,0,0,0,26.43,25.36,24.34,8.56,58.66
$GC,18919,0.72,238.1,3071,1770,2007,1759,760.4,7.1,356,18939,0.12,2.28,13.32,1.138,10756,0.070,0.046,3166,374,1832,1962,1702,0,0,0,0,0,0,26.19,25.59,24.46,8.55,58.74
$GC,19040,0.77,238.1,3165,374,1962,1702,752.6,7.7,357,19044,0.00,2.12,0.00,0.000,1030,0.000,0.026,3166,1779,1832,1962,1702,0,0,0,0,0,0,26.04,25.97,26.06,8.55,59.09
$GC,19404,0.69,238.1,3165,1779,1962,1700,706.7,11.5,362,19411,0.15,2.25,0.00,0.000,4612,0.133,0.046,3125,370,1831,1962,1700,0,0,0,0,0,0,25.98,26.03,26.10,8.55,59.13
$GC,19464,0.61,238.1,3124,370,1962,1700,706.7,11.5,362,19468,0.00,2.10,0.00,0.000,1030,0.000,0.027,3125,1774,1831,1962,1700,0,0,0,0,0,0,26.27,26.20,26.29,8.54,59.33
$GC,19808,0.61,238.1,3124,1774,1962,1699,668.6,9.3,367,19809,0.00,0.00,0.00,0.000,6,0.000,0.000,3125,1774,1831,1962,1700,0,0,0,0,0,0,26.63,26.64,26.64,8.55,59.37
$GC,20127,0.61,238.1,3124,1774,1962,1700,639.0,9.2,371,20134,0.00,2.22,0.00,0.000,516,0.000,0.047,3125,374,1831,1962,1700,0,0,0,0,0,0,26.65,26.08,26.67,8.55,58.97
$GC,20201,0.61,238.1,3124,374,1962,1700,639.0,9.2,371,20209,0.00,2.08,0.00,0.000,1030,0.000,0.027,3125,1773,1831,1962,1700,0,0,0,0,0,0,26.34,26.27,26.36,8.55,58.93
$GC,20530,0.61,238.1,3124,1773,1962,1700,602.9,9.0,376,20532,0.00,0.00,0.00,0.000,6,0.000,0.000,3125,1773,1831,1962,1700,0,0,0,0,0,0,26.67,26.69,26.68,8.55,59.64
$GC,20849,0.61,238.1,3124,1773,1962,1700,575.0,8.7,380,20855,0.00,2.22,0.00,0.000,516,0.000,0.047,3125,373,1831,1962,1700,0,0,0,0,0,0,26.67,26.05,26.69,8.55,59.49
$GC,20929,0.61,238.1,3124,373,1962,1700,568.2,8.6,381,20933,0.00,2.10,0.00,0.000,1030,0.000,0.027,3125,1780,1831,1962,1700,0,0,0,0,0,0,26.34,26.26,26.36,8.55,59.21
$GC,21254,0.61,238.1,3124,1780,1962,1700,540.9,8.4,385,21259,0.00,2.25,0.00,0.000,516,0.000,0.047,3125,367,1831,1962,1700,0,0,0,0,0,0,26.68,26.03,26.69,8.55,59.33
$GC,21311,0.61,238.1,3124,367,1962,1699,540.9,8.4,385,21315,0.00,2.10,0.00,0.000,1030,0.000,0.027,3125,1774,1831,1962,1700,0,0,0,0,0,0,26.32,26.25,26.35,8.55,59.37
$GC,21659,0.61,238.1,3124,1774,1962,1699,506.3,8.5,390,21664,0.00,2.22,0.00,0.000,516,0.000,0.047,3125,376,1830,1961,1699,0,0,0,0,0,0,26.68,26.01,26.69,8.56,59.80
$GC,21691,0.61,238.1,3124,376,1962,1700,506.3,8.5,390,21695,0.00,2.08,0.00,0.000,1030,0.000,0.026,3125,1770,1831,1962,1700,0,0,0,0,0,0,26.32,26.24,26.34,8.56,59.17
$GC,22064,0.61,238.1,3124,1771,1962,1700,470.2,9.0,395,22069,0.00,2.15,0.00,0.000,260,0.000,0.039,3125,3164,1831,1962,1700,0,0,0,0,0,0,26.68,26.10,26.69,8.56,59.17
$GC,22128,0.61,238.1,3124,3164,1962,1700,470.2,9.0,395,22133,0.00,2.10,0.00,0.000,1030,0.000,0.028,3125,1777,1830,1962,1699,0,0,0,0,0,0,26.27,26.19,26.31,8.57,59.09
$GC,22472,0.61,238.1,3124,1777,1962,1700,434.9,8.5,400,22477,0.00,2.25,0.00,0.000,516,0.000,0.047,3125,356,1831,1962,1700,0,0,0,0,0,0,26.68,25.98,26.69,8.57,58.78
$GC,22601,0.61,238.1,3124,356,1962,1700,427.8,8.5,401,22606,0.00,2.15,0.00,0.000,1030,0.000,0.026,3125,1774,1831,1962,1700,0,0,0,0,0,0,26.26,26.22,26.29,8.57,58.82
$GC,22961,0.61,238.1,3124,1774,1962,1700,396.4,7.7,406,22967,0.00,2.17,0.00,0.000,260,0.000,0.039,3125,3158,1830,1961,1700,0,0,0,0,0,0,26.68,26.07,26.69,8.57,58.86
$GC,22994,0.61,238.1,3124,3158,1962,1700,396.4,7.7,406,22998,0.00,2.12,0.00,0.000,1030,0.000,0.028,3125,1773,1830,1962,1699,0,0,0,0,0,0,26.22,26.18,26.25,8.58,58.54
$GC,23367,0.61,238.1,3124,1773,1962,1700,363.9,8.0,411,23372,0.00,2.22,0.00,0.000,516,0.000,0.046,3125,367,1831,1962,1700,0,0,0,0,0,0,26.67,25.94,26.69,8.58,58.58
$GC,23506,0.61,238.1,3124,367,1962,1700,356.6,8.2,412,23511,0.00,2.10,0.00,0.000,1030,0.000,0.025,3125,1778,1830,1962,1699,0,0,0,0,0,0,26.29,26.21,26.31,8.58,58.82
$GC,23855,0.61,238.1,3124,1778,1962,1700,322.3,8.4,417,23860,0.00,2.12,0.00,0.000,260,0.000,0.038,3125,3153,1831,1962,1700,0,0,0,0,0,0,26.67,26.05,26.69,8.59,57.87
$GC,23892,0.61,238.1,3124,3153,1962,1700,322.3,8.4,417,23897,0.00,2.08,0.00,0.000,1030,0.000,0.028,3125,1767,1831,1962,1700,0,0,0,0,0,0,26.25,26.16,26.27,8.59,58.38
$GC,24261,0.61,238.1,3124,1767,1962,1700,287.6,8.5,422,24265,0.00,2.22,0.00,0.000,516,0.000,0.046,3125,363,1831,1962,1700,0,0,0,0,0,0,26.68,25.93,26.69,8.59,58.58
$GC,24353,0.61,238.1,3125,362,1962,1700,280.5,8.4,423,24357,0.00,2.08,0.00,0.000,1030,0.000,0.025,3125,1771,1831,1962,1700,0,0,0,0,0,0,26.28,26.20,26.30,8.59,57.95
$GC,24666,0.61,238.1,3124,1771,1962,1700,255.0,7.9,427,24670,0.00,2.12,0.00,0.000,260,0.000,0.039,3125,3153,1831,1962,1700,0,0,0,0,0,0,26.68,26.03,26.69,8.60,57.75
$GC,24707,0.61,238.1,3124,3153,1962,1699,255.0,7.9,427,24711,0.00,2.08,0.00,0.000,1030,0.000,0.027,3125,1767,1831,1962,1700,0,0,0,0,0,0,26.24,26.15,26.27,8.59,57.87
$GC,25070,0.61,238.1,3124,1767,1962,1700,221.7,8.1,432,25077,0.00,2.22,0.00,0.000,516,0.000,0.045,3125,359,1831,1962,1700,0,0,0,0,0,0,26.68,25.91,26.69,8.60,57.52
$GC,25175,0.61,238.1,3124,359,1962,1699,214.9,8.2,433,25180,0.00,2.10,0.00,0.000,1030,0.000,0.024,3125,1781,1831,1962,1700,0,0,0,0,0,0,26.27,26.20,26.29,8.61,58.26
$GC,25495,0.69,238.1,3124,1781,1962,1700,185.9,8.3,441,25496,0.00,0.00,0.00,0.000,6,0.000,0.000,3125,1781,1831,1962,1700,0,0,0,0,0,0,26.68,26.69,26.69,8.61,57.83
$GC,25795,0.77,238.1,3124,1781,1962,1700,161.3,8.5,456,25799,0.00,2.12,0.00,0.000,260,0.000,0.039,3125,3156,1831,1962,1700,0,0,0,0,0,0,26.68,26.01,26.69,8.61,57.60
$GC,25820,0.84,238.1,3124,3156,1962,1699,159.1,8.8,457,25827,0.08,2.08,0.00,0.000,3078,0.098,0.025,3196,1764,1831,1962,1700,0,0,0,0,0,0,26.11,26.17,26.18,8.61,57.99
$GC,26144,0.86,264.2,3195,1764,1962,1700,132.9,6.6,473,26174,0.00,2.22,24.65,0.777,8708,0.000,0.042,3196,369,1724,1870,1579,0,0,0,0,0,0,26.67,25.27,24.68,8.65,57.56
$GC,26234,0.88,280.0,3196,371,1870,1580,127.4,7.0,476,26258,0.00,2.12,14.55,0.735,9222,0.000,0.024,3196,1769,1661,1812,1511,0,0,0,0,0,0,25.98,25.96,24.60,8.65,57.40
$GC,26562,0.93,334.4,3195,1770,1808,1509,106.0,5.6,493,26612,0.00,2.20,44.28,0.754,8452,0.000,0.037,3196,3153,1438,1605,1272,0,0,0,0,0,0,26.46,25.03,24.52,8.73,58.26
$GC,26727,0.95,351.9,3196,3153,1601,1270,95.3,6.9,500,26747,0.00,2.12,14.55,0.695,9222,0.000,0.025,3196,1770,1370,1540,1200,0,0,0,0,0,0,25.87,25.84,24.58,8.75,58.03
$GC,27059,1.04,364.5,3196,1770,1531,1199,73.7,7.1,517,27077,0.08,2.22,10.65,0.633,10500,0.100,0.037,3279,3160,1317,1485,1149,0,0,0,0,0,0,26.22,25.69,24.83,8.82,56.81
$GC,27177,0.98,364.5,3279,3160,1482,1150,63.8,9.7,522,27187,0.22,2.10,0.00,0.000,5126,0.107,0.024,3212,1764,1315,1482,1149,0,0,0,0,0,0,25.70,26.03,25.79,8.85,55.82
$GC,27485,1.04,364.5,3211,1764,1482,1149,39.2,7.7,545,27489,0.00,2.15,0.00,0.000,516,0.000,0.041,3212,374,1315,1481,1149,0,0,0,0,0,0,26.55,26.03,26.56,8.89,54.56
$GC,27605,1.19,364.5,3211,374,1481,1150,29.4,8.5,556,27618,0.15,2.03,0.00,0.000,3078,0.057,0.021,3327,1778,1315,1481,1149,0,0,0,0,0,0,26.20,26.23,26.25,8.90,53.15
$STATE,27824,end climb,SURFACE_DEPTH_REACHED
$STATE,27824,begin surface coast
$FINISH,0.4,1.022486
$STATE,27845,end surface coast,CONTROL_FINISHED_OK
$STATE,27845,begin surface
$SM_CCo,27926,0.00,0.000,0,0,1315,365.74
$SM_GC,0.46,7.95,0.60,0.00,0.027,0.036,0.000,176,2203,1315,-8.33,-2.18,365.74,0,0,0,0,0,0,26.34,26.25,26.36
$IRIDIUM_FIX,444.87,-14018.87,200125,182538
$TT8_MAMPS,0.026215,0.396221
$HUMID,51.29
$INTERNAL_PRESSURE,8.91764
$TCM_TEMP,22.20
$XPDR_PINGS,0
$ALTIM_TOP_PING,19.5,18.6
$24V_AH,23.09,38.977
$10V_AH,10.03,30.814
$FG_AHR_24Vo,0.000
$FG_AHR_10Vo,0.000
$DEVICES,Pitch_motor,Roll_motor,VBD_pump_during_apogee,VBD_pump_during_surface,VBD_valve,Iridium_during_init,Iridium_during_connect,Iridium_during_xfer,Transponder_ping,GUMSTIX_24V,GPS,TT8,LPSleep,TT8_Active,TT8_Sampling,TT8_CF8,TT8_Kalman,Analog_circuits,GPS_charging,Compass,RAFOS,Transponder,Compass2
$DEVICE_SECS,21.700,218.125,471.425,0.000,0.000,0.000,0.000,268.125,0.250,0.000,29.939,2819.127,21277.221,584.994,3195.702,459.005,0.000,2406.941,0.000,2668.557,0.000,2.767,0.000
$DEVICE_MAMPS,206.550,50.490,1374.705,0.000,0.000,0.000,0.000,87.975,420.000,0.000,30.710,15.210,2.190,15.210,43.670,53.410,0.000,14.000,0.000,8.240,0.000,30.000,0.000
$SENSORS,SBE_CT,WL_blue_red_Chl,AA4330,nil,nil,nil,nil,nil,nil,nil
$SENSOR_SECS,504.351,345.900,784.533,0.000,0.000,0.000,0.000,0.000,0.000,0.000
$SENSOR_MAMPS,22.470,105.000,11.230,0.000,0.000,0.000,0.000,0.000,0.000,0.000
$MEM,311736
$DATA_FILE_SIZE,45243,580
$CAP_FILE_SIZE,222340,0
$CFSIZE,2097872896,2061434880
$ERRORS,0,0,0,0,0,0,0,0,0,0,0,0,0,0,1,0
$CURRENT,0.056,165.13,1
$GPS,070605,102244,447.547,-14023.746,33,0.9,42,9.2,0.8,50.4,9,4.9
