version: 66.14
glider: 195
mission: 21
dive: 324
start: 6 29 105 16 38 53
data:
$ID,195
$MISSION,21
$DIVE,324
$N_DIVES,0
$STOP_T,0
$D_SURF,3
$D_FLARE,2
$D_TGT,990
$D_ABORT,1090
$D_NO_BLEED,50
$D_BOOST,3
$T_BOOST,0
$D_FINISH,0
$D_PITCH,0
$D_SAFE,0
$D_CALL,0
$SURFACE_URGENCY,0
$SURFACE_URGENCY_TRY,0
$SURFACE_URGENCY_FORCE,0
$T_DIVE,330
$T_MISSION,600
$T_ABORT,1440
$T_TURN,300
$T_TURN_SAMPINT,5
$T_NO_W,120
$T_LOITER,0
$T_SLOITER,60
$T_EPIRB,0
$USE_BATHY,0
$USE_ICE,0
$ICE_FREEZE_MARGIN,0.30000001
$D_OFFGRID,990
$T_WATCHDOG,10
$RELAUNCH,1
$APOGEE_PITCH,-8
$MAX_BUOY,150
$COURSE_BIAS,0
$GLIDE_SLOPE,30
$SPEED_FACTOR,1
$RHO,1.023
$MASS,54002
$MASS_COMP,0
$NAV_MODE,2
$FERRY_MAX,45
$KALMAN_USE,2
$HD_A,0.0038000001
$HD_B,0.0099999998
$HD_C,9.8500004e-06
$HEADING,-1
$ESCAPE_HEADING,0
$ESCAPE_HEADING_DELTA,10
$FIX_MISSING_TIMEOUT,0
$TGT_DEFAULT_LAT,4736
$TGT_DEFAULT_LON,-12225
$TGT_AUTO_DEFAULT,0
$SM_CC,565.6618
$N_FILEKB,4
$FILEMGR,0
$CALL_NDIVES,1
$COMM_SEQ,0
$PROTOCOL,9
$N_NOCOMM,1
$NOCOMM_ACTION,0
$N_NOSURFACE,0
$UPLOAD_DIVES_MAX,-1
$CALL_TRIES,5
$CALL_WAIT,60
$CAPUPLOAD,0
$CAPMAXSIZE,200000
$HEAPDBG,0
$T_GPS,15
$N_GPS,50840
$T_RSLEEP,2
$STROBE,0
$RAFOS_PEAK_OFFSET,1.5
$RAFOS_CORR_THRESH,60
$RAFOS_HIT_WINDOW,3600
$RAFOS_MMODEM,0
$PITCH_MIN,207
$PITCH_MAX,3915
$C_PITCH,2900
$PITCH_DBAND,0.1
$PITCH_CNV,0.003125763
$P_OVSHOOT,0.039999999
$P_OVSHOOT_WITHG,0.079999998
$PITCH_GAIN,24
$PITCH_TIMEOUT,17
$PITCH_AD_RATE,160
$PITCH_MAXERRORS,1
$PITCH_ADJ_GAIN,0.02
$PITCH_ADJ_DBAND,2.5
$ROLL_MIN,224
$ROLL_MAX,3758
$ROLL_DEG,40
$C_ROLL_DIVE,2113
$C_ROLL_CLIMB,1605
$HEAD_ERRBAND,10
$ROLL_CNV,0.028270001
$ROLL_TIMEOUT,15
$R_PORT_OVSHOOT,40
$R_STBD_OVSHOOT,59
$ROLL_AD_RATE,350
$ROLL_MAXERRORS,2
$ROLL_ADJ_GAIN,0
$ROLL_ADJ_DBAND,0
$VBD_MIN,500
$VBD_MAX,3960
$C_VBD,2806
$VBD_DBAND,2
$VBD_CNV,-0.24529999
$VBD_LP_IGNORE,0
$VBD_TIMEOUT,720
$PITCH_VBD_SHIFT,0.001
$VBD_PUMP_AD_RATE_SURFACE,5
$VBD_PUMP_AD_RATE_APOGEE,4
$VBD_BLEED_AD_RATE,8
$UNCOM_BLEED,60
$VBD_MAXERRORS,1
$W_ADJ_DBAND,0
$DBDW,0
$PITCH_W_GAIN,0
$PITCH_W_DBAND,0
$CF8_MAXERRORS,5
$AH0_24V,150
$AH0_10V,97
$MINV_24V,19
$MINV_10V,8
$MAXI_24V,0.80000001
$MAXI_10V,0.60000002
$FG_AHR_10V,0
$FG_AHR_24V,0
$PHONE_SUPPLY,-2
$PRESSURE_YINT,-49.397121
$PRESSURE_SLOPE,0.0001168043
$AD7714Ch0Gain,128
$TCM_PITCH_OFFSET,0
$TCM_ROLL_OFFSET,0
$COMPASS_USE,4
$ALTIM_BOTTOM_PING_RANGE,0
$ALTIM_TOP_PING_RANGE,20
$ALTIM_BOTTOM_TURN_MARGIN,0
$ALTIM_TOP_TURN_MARGIN,0
$ALTIM_TOP_MIN_OBSTACLE,1
$ALTIM_PING_DEPTH,0
$ALTIM_PING_DELTA,0
$ALTIM_FREQUENCY,13
$ALTIM_PULSE,3
$ALTIM_SENSITIVITY,3
$XPDR_VALID,5
$XPDR_INHIBIT,90
$INT_PRESSURE_SLOPE,0.0097660003
$INT_PRESSURE_YINT,-0.77999997
$DEEPGLIDER,0
$MOTHERBOARD,4
$DEVICE1,2
$DEVICE2,115
$DEVICE3,101
$DEVICE4,-1
$DEVICE5,-1
$DEVICE6,-1
$LOGGERS,0
$LOGGERDEVICE1,-1
$LOGGERDEVICE2,-1
$LOGGERDEVICE3,-1
$LOGGERDEVICE4,-1
$COMPASS_DEVICE,33
$COMPASS2_DEVICE,-1
$PHONE_DEVICE,49
$GPS_DEVICE,32
$RAFOS_DEVICE,-1
$XPDR_DEVICE,24
$SIM_W,0
$SIM_PITCH,0
$SEABIRD_T_G,0.0044178674
$SEABIRD_T_H,0.00064818078
$SEABIRD_T_I,2.6779007e-05
$SEABIRD_T_J,3.3667231e-06
$SEABIRD_C_G,-10.098215
$SEABIRD_C_H,1.1454017
$SEABIRD_C_I,-0.0021276253
$SEABIRD_C_J,0.00025532115
$SEABIRD_C_Z,2974.52
$GPS1,290605,162829,603.4203,-14110.0547,26,0.9,50,9.2,0.5,25.4,10,4.7
$_CALLS,5
$_XMS_NAKs,0
$_XMS_TOUTs,0
$_SM_DEPTHo,0.10
$_SM_ANGLEo,-62.3
$GPS2,290605,163813,603.4558,-14109.9629,7,0.9,23,9.2,0.6,191.1,10,4.7
$SPEED_LIMITS,0.173,0.262
$TGT_NAME,TX1
$TGT_LATLONG,815.000,-14400.000
$TGT_RADIUS,10000.000
$KALMAN_CONTROL,0.000000,0.000000
$KALMAN_X,0.000000,0.000000,0.000000,0.000000,0.000000
$KALMAN_Y,0.000000,0.000000,0.000000,0.000000,0.000000
$MHEAD_RNG_PITCHd_Wd,285.6,395571,-18.1,-10.000,-20.93,2235
$D_GRID,990
$GCHEAD,st_secs,pitch_ctl,vbd_ctl,pitch_ad_start,roll_ad_start,vbd_pot1_ad_start,vbd_pot2_ad_start,depth,ob_vertv,data_pts,end_secs,pitch_secs,roll_secs,vbd_secs,vbd_i,gcphase,pitch_i,roll_i,pitch_ad,roll_ad,vbd_ad,vbd_pot1_ad,vbd_pot2_ad,pitch_retries,pitch_errors,roll_retries,roll_errors,vbd_retries,vbd_errors,pitch_volts,roll_volts,vbd_volts,int_press,humidity
$STATE,6,end surface,CONTROL_FINISHED_OK
$STATE,6,begin dive
$GC,75,-0.90,-146.6,164,2104,539,459,0.2,-0.1,6,164,0.00,0.00,-86.80,0.000,16386,0.000,0.000,163,2105,2846,2856,2837,0,0,0,0,0,0,26.58,28.83,26.60,8.83,50.15
$GC,168,-0.90,-146.6,162,2104,2858,2837,3.0,-5.6,15,198,9.32,2.12,-10.90,0.000,18692,0.205,0.050,2591,3490,3405,3421,3390,0,0,0,0,0,0,25.23,25.55,25.43,9.06,49.88
$GC,308,-0.80,-146.6,2590,3490,3424,3390,32.3,-18.1,28,317,0.15,2.05,0.00,0.000,3078,0.132,0.021,2637,2080,3407,3424,3390,0,0,0,0,0,0,25.79,26.25,25.88,9.12,49.56
$GC,619,-0.80,-146.6,2637,2080,3427,3390,82.0,-15.0,49,621,0.00,0.00,0.00,0.000,6,0.000,0.000,2637,2080,3408,3427,3390,0,0,0,0,0,0,26.63,26.64,26.64,9.15,50.78
$GC,917,-0.80,-146.6,2636,2080,3429,3390,117.2,-10.6,64,921,0.00,2.17,0.00,0.000,260,0.000,0.038,2629,3502,3409,3429,3390,0,0,0,0,0,0,26.64,26.12,26.65,9.16,50.47
$GC,1071,-0.80,-146.6,2628,3502,3430,3390,132.4,-10.9,71,1075,0.00,1.98,0.00,0.000,1030,0.000,0.018,2629,2101,3409,3430,3389,0,0,0,0,0,0,26.39,26.34,26.40,9.16,50.35
$GC,1390,-0.86,-146.6,2628,2100,3432,3390,154.8,-6.7,87,1395,0.00,2.12,0.00,0.000,260,0.000,0.038,2618,3496,3411,3432,3390,0,0,0,0,0,0,26.65,26.13,26.66,9.13,49.88
$GC,1549,-0.86,-146.6,2617,3496,3432,3390,165.2,-6.9,94,1557,0.00,2.00,0.00,0.000,1030,0.000,0.018,2618,2106,3411,3432,3390,0,0,0,0,0,0,26.37,26.35,26.38,9.10,49.29
$GC,1857,-0.93,-146.6,2617,2106,3433,3390,186.6,-6.6,110,1861,0.00,2.12,0.00,0.000,260,0.000,0.038,2608,3497,3411,3433,3390,0,0,0,0,0,0,26.66,26.13,26.67,9.06,49.76
$GC,1975,-0.93,-146.6,2607,3497,3433,3390,194.4,-7.5,115,1982,0.00,1.95,0.00,0.000,1030,0.000,0.018,2607,2111,3411,3433,3390,0,0,0,0,0,0,26.39,26.34,26.41,9.04,49.13
$GC,2283,-0.99,-146.6,2607,2111,3433,3390,217.7,-7.2,122,2287,0.00,2.12,0.00,0.000,260,0.000,0.038,2597,3498,3411,3433,3390,0,0,0,0,0,0,26.66,26.13,26.67,9.02,51.22
$GC,2340,-1.05,-146.6,2597,3498,3433,3390,217.7,-7.2,122,2346,0.05,1.98,0.00,0.000,5126,0.131,0.018,2518,2104,3411,3433,3390,0,0,0,0,0,0,26.24,26.34,26.30,9.02,51.45
$GC,2691,-0.98,-146.6,2518,2104,3433,3390,258.1,-10.4,127,2698,0.20,2.03,0.00,0.000,2564,0.131,0.031,2581,740,3411,3433,3389,0,0,0,0,0,0,25.95,26.17,26.09,8.98,52.12
$GC,2746,-0.91,-146.6,2580,740,3432,3389,258.1,-10.4,127,2751,0.00,2.03,0.00,0.000,1030,0.000,0.024,2574,2109,3411,3433,3389,0,0,0,0,0,0,26.31,26.28,26.34,8.98,51.96
$GC,3098,-0.91,-146.6,2573,2109,3432,3387,293.3,-8.6,132,3105,0.10,2.15,0.00,0.000,2308,0.142,0.039,2598,3508,3409,3432,3386,0,0,0,0,0,0,26.22,26.13,26.27,8.95,53.22
$GC,3129,-0.91,-146.6,2597,3508,3432,3385,293.3,-8.6,132,3133,0.00,1.98,0.00,0.000,1030,0.000,0.020,2598,2122,3409,3433,3385,0,0,0,0,0,0,26.38,26.33,26.39,8.95,52.59
$GC,3504,-0.99,-146.6,2597,2122,3432,3383,325.1,-7.8,137,3508,0.00,2.08,0.00,0.000,516,0.000,0.032,2598,736,3407,3432,3383,0,0,0,0,0,0,26.67,26.16,26.67,8.93,53.81
$GC,3597,-1.06,-146.6,2597,736,3432,3383,332.0,-7.8,138,3601,0.00,2.00,0.00,0.000,1030,0.000,0.024,2589,2117,3407,3432,3383,0,0,0,0,0,0,26.34,26.27,26.36,8.91,53.89
$GC,3911,-1.11,-146.6,2589,2117,3431,3380,356.9,-7.7,142,3916,0.10,2.12,0.00,0.000,4356,0.076,0.040,2496,3501,3405,3431,3380,0,0,0,0,0,0,26.44,26.11,26.46,8.91,54.29
$GC,3945,-1.17,-146.6,2495,3501,3431,3380,356.9,-7.7,142,3949,0.00,2.00,0.00,0.000,1030,0.000,0.021,2496,2107,3405,3431,3380,0,0,0,0,0,0,26.36,26.31,26.39,8.91,54.52
$GC,4318,-1.08,-146.6,2495,2107,3427,3379,401.4,-11.2,147,4325,0.17,2.10,0.00,0.000,2564,0.142,0.032,2550,741,3403,3427,3380,0,0,0,0,0,0,25.95,26.15,26.08,8.90,55.23
$GC,4419,-1.01,-146.6,2549,741,3427,3379,410.5,-11.2,148,4427,0.10,2.00,0.00,0.000,3078,0.150,0.025,2573,2112,3403,3426,3380,0,0,0,0,0,0,25.96,26.25,26.08,8.89,55.19
$GC,4807,-1.01,-146.6,2573,2112,3426,3376,446.8,-8.9,153,4808,0.00,0.00,0.00,0.000,6,0.000,0.000,2573,2112,3400,3426,3375,0,0,0,0,0,0,26.67,26.67,26.67,8.88,55.31
$GC,5127,-1.01,-146.6,2573,2112,3424,3374,474.8,-8.7,157,5128,0.00,0.00,0.00,0.000,6,0.000,0.000,2573,2112,3399,3424,3374,0,0,0,0,0,0,26.66,26.67,26.67,8.87,56.61
$GC,5449,-1.07,-146.6,2573,2112,3422,3373,502.3,-8.6,161,5453,0.00,2.15,0.00,0.000,260,0.000,0.041,2565,3500,3397,3422,3373,0,0,0,0,0,0,26.67,26.08,26.67,8.86,56.57
$GC,5517,-1.12,-146.6,2565,3501,3421,3372,502.3,-8.6,161,5521,0.00,2.00,0.00,0.000,1030,0.000,0.022,2566,2120,3396,3421,3372,0,0,0,0,0,0,26.35,26.29,26.37,8.86,56.57
$GC,5855,-1.12,-146.6,2565,2119,3421,3370,536.0,-8.1,166,5860,0.00,2.10,0.00,0.000,516,0.000,0.034,2566,728,3395,3421,3370,0,0,0,0,0,0,26.66,26.11,26.67,8.85,56.73
$GC,5958,-1.12,-146.6,2565,727,3420,3370,543.2,-8.2,167,5963,0.00,2.03,0.00,0.000,1030,0.000,0.026,2556,2108,3395,3420,3370,0,0,0,0,0,0,26.29,26.22,26.32,8.85,56.61
$GC,6342,-1.12,-146.6,2556,2109,3419,3368,577.5,-8.5,172,6347,0.00,2.17,0.00,0.000,260,0.000,0.041,2546,3509,3393,3419,3367,0,0,0,0,0,0,26.67,26.06,26.67,8.84,57.44
$GC,6427,-1.12,-146.6,2546,3509,3418,3367,585.3,-8.7,173,6432,0.00,2.08,0.00,0.000,1030,0.000,0.022,2546,2113,3392,3418,3367,0,0,0,0,0,0,26.31,26.28,26.33,8.84,56.77
$GC,6752,-1.12,-146.6,2545,2113,3418,3366,616.0,-9.5,177,6756,0.00,2.10,0.00,0.000,516,0.000,0.034,2546,724,3392,3418,3366,0,0,0,0,0,0,26.67,26.09,26.67,8.83,57.24
$GC,6825,-1.12,-146.6,2545,723,3418,3366,616.0,-9.5,177,6829,0.00,2.08,0.00,0.000,1030,0.000,0.027,2538,2123,3391,3417,3366,0,0,0,0,0,0,26.29,26.20,26.31,8.83,56.85
$GC,7159,-1.12,-146.6,2537,2123,3416,3365,655.4,-9.6,182,7163,0.00,2.12,0.00,0.000,516,0.000,0.034,2538,729,3390,3416,3364,0,0,0,0,0,0,26.66,26.09,26.67,8.82,57.40
$GC,7180,-1.12,-146.6,2537,729,3416,3365,655.4,-9.6,182,7185,0.00,2.05,0.00,0.000,1030,0.000,0.027,2528,2115,3390,3416,3365,0,0,0,0,0,0,26.28,26.20,26.31,8.82,57.63
$GC,7564,-1.12,-146.6,2528,2115,3415,3363,693.7,-9.4,187,7568,0.00,2.12,0.00,0.000,516,0.000,0.034,2528,721,3389,3415,3363,0,0,0,0,0,0,26.66,26.08,26.67,8.81,57.32
$GC,7611,-1.12,-146.6,2528,722,3415,3364,693.7,-9.4,187,7616,0.00,2.05,0.00,0.000,1030,0.000,0.028,2519,2112,3388,3414,3363,0,0,0,0,0,0,26.27,26.19,26.29,8.81,57.52
$GC,7970,-1.12,-146.6,2518,2112,3414,3362,731.4,-9.2,192,7974,0.00,2.17,0.00,0.000,260,0.000,0.041,2509,3509,3387,3413,3362,0,0,0,0,0,0,26.67,26.03,26.67,8.80,58.38
$GC,7996,-1.12,-146.6,2508,3509,3413,3362,731.4,-9.2,192,8002,0.10,2.05,0.00,0.000,3078,0.160,0.023,2538,2106,3387,3413,3362,0,0,0,0,0,0,25.89,26.26,26.01,8.80,57.95
$GC,8376,-1.12,-146.6,2537,2106,3412,3360,767.2,-8.8,197,8380,0.00,2.10,0.00,0.000,516,0.000,0.035,2537,732,3386,3412,3360,0,0,0,0,0,0,26.67,26.06,26.67,8.79,58.15
$GC,8418,-1.12,-146.6,2537,732,3412,3360,767.2,-8.8,197,8422,0.00,2.05,0.00,0.000,1030,0.000,0.028,2530,2112,3386,3412,3361,0,0,0,0,0,0,26.26,26.17,26.29,8.79,57.95
$GC,8781,-1.12,-146.6,2530,2112,3411,3359,804.4,-9.2,202,8785,0.00,2.17,0.00,0.000,260,0.000,0.042,2521,3505,3385,3411,3359,0,0,0,0,0,0,26.66,26.01,26.67,8.78,58.07
$GC,8808,-1.12,-146.6,2520,3506,3410,3359,804.4,-9.2,202,8812,0.00,2.05,0.00,0.000,1030,0.000,0.023,2521,2113,3384,3410,3359,0,0,0,0,0,0,26.31,26.25,26.33,8.78,58.30
$GC,9187,-1.12,-146.6,2520,2113,3410,3358,844.5,-9.9,207,9191,0.00,2.10,0.00,0.000,516,0.000,0.036,2520,730,3384,3410,3358,0,0,0,0,0,0,26.67,26.03,26.67,8.77,58.74
$GC,9313,-1.12,-146.6,2520,731,3410,3358,853.3,-10.1,208,9318,0.00,2.08,0.00,0.000,1030,0.000,0.028,2511,2123,3383,3409,3358,0,0,0,0,0,0,26.23,26.15,26.27,8.77,58.34
$GC,9672,-1.12,-146.6,2511,2123,3409,3357,894.6,-10.3,213,9673,0.00,0.00,0.00,0.000,6,0.000,0.000,2511,2123,3383,3409,3357,0,0,0,0,0,0,26.66,26.67,26.67,8.76,58.62
$GC,9992,-1.12,-146.6,2511,2123,3408,3356,928.3,-10.5,217,9996,0.00,2.15,0.00,0.000,516,0.000,0.036,2511,723,3382,3408,3356,0,0,0,0,0,0,26.66,26.02,26.67,8.76,59.45
$GC,10033,-1.12,-146.6,2511,723,3408,3355,928.3,-10.5,217,10038,0.12,2.08,0.00,0.000,3078,0.154,0.028,2538,2112,3382,3408,3356,0,0,0,0,0,0,25.75,26.13,25.89,8.76,58.86
$GC,10393,-1.12,-146.6,2537,2112,3407,3354,967.2,-9.5,222,10397,0.00,2.20,0.00,0.000,260,0.000,0.044,2530,3508,3380,3407,3354,0,0,0,0,0,0,26.66,25.96,26.67,8.76,59.41
$GC,10479,-1.12,-146.6,2530,3508,3407,3354,975.8,-9.8,223,10483,0.00,2.05,0.00,0.000,1030,0.000,0.024,2530,2116,3380,3406,3354,0,0,0,0,0,0,26.28,26.22,26.31,8.75,59.01
$STATE,10634,end dive,TARGET_DEPTH_EXCEEDED
$STATE,10634,begin apogee
$GC,10642,-0.33,0.0,2530,1601,3406,3353,991.9,-10.0,225,10774,0.80,0.00,128.38,1.348,10246,0.110,0.000,2793,1601,2805,2907,2703,0,0,0,0,0,0,25.44,24.46,23.32,8.74,59.29
$STATE,10775,end apogee,CONTROL_FINISHED_OK
$STATE,10776,begin climb
$GC,10779,0.90,146.6,2792,1601,2905,2702,995.8,0.0,226,10928,1.10,2.30,138.38,1.294,10756,0.058,0.044,3200,249,2205,2293,2117,0,0,0,0,0,0,24.85,23.87,23.10,8.70,58.15
$GC,10965,0.90,146.6,3200,249,2293,2117,988.9,6.6,229,10970,0.00,2.12,0.00,0.000,1030,0.000,0.024,3200,1620,2204,2292,2117,0,0,0,0,0,0,25.29,25.22,25.31,8.64,56.34
$GC,11275,0.84,164.9,3200,1621,2293,2117,959.9,9.2,233,11301,0.00,2.20,18.20,1.216,8452,0.000,0.036,3200,2994,2130,2220,2041,0,0,0,0,0,0,26.40,25.35,24.11,8.64,58.15
$GC,11391,0.77,179.1,3199,2994,2220,2041,951.6,9.3,234,11413,0.20,2.10,15.62,1.190,13318,0.136,0.029,3147,1610,2074,2168,1980,0,0,0,0,0,0,25.60,25.89,24.06,8.62,58.11
$GC,11755,0.81,218.9,3147,1611,2166,1978,917.9,8.2,239,11799,0.00,2.22,38.62,1.268,8452,0.000,0.037,3147,3000,1910,2029,1791,0,0,0,0,0,0,26.46,25.03,23.87,8.61,59.45
$GC,11849,0.84,256.7,3147,3000,2029,1791,910.9,8.3,240,11891,0.00,2.17,36.78,1.242,9222,0.000,0.029,3153,1608,1758,1902,1615,0,0,0,0,0,0,25.70,25.67,23.77,8.61,58.89
$GC,12234,0.92,268.5,3152,1608,1899,1613,873.1,9.5,245,12252,0.08,2.20,12.15,1.137,10500,0.098,0.036,3221,2993,1706,1853,1559,0,0,0,0,0,0,26.21,25.52,24.25,8.58,59.45
$GC,12297,0.99,280.3,3221,2992,1853,1559,873.1,9.5,245,12315,0.00,2.15,12.27,1.133,9222,0.000,0.031,3230,1609,1660,1811,1510,0,0,0,0,0,0,25.94,25.89,24.12,8.58,59.29
$GC,12636,0.92,280.3,3230,1610,1810,1509,819.5,13.4,250,12642,0.12,2.17,0.00,0.000,4612,0.138,0.048,3193,242,1659,1809,1509,0,0,0,0,0,0,25.96,25.99,26.08,8.57,59.60
$GC,12675,0.84,280.3,3192,242,1809,1509,819.5,13.4,250,12679,0.00,2.05,0.00,0.000,1030,0.000,0.025,3192,1621,1659,1809,1509,0,0,0,0,0,0,26.22,26.15,26.24,8.56,59.64
$GC,13043,0.84,280.3,3192,1621,1809,1509,772.6,11.3,255,13048,0.00,2.10,0.00,0.000,260,0.000,0.037,3193,2990,1659,1809,1509,0,0,0,0,0,0,26.58,26.15,26.60,8.56,60.19
$GC,13135,0.84,280.3,3192,2991,1809,1509,762.4,11.3,256,13139,0.00,2.10,0.00,0.000,1030,0.000,0.031,3193,1602,1659,1809,1509,0,0,0,0,0,0,26.29,26.20,26.31,8.57,60.15
$GC,13449,0.84,280.3,3192,1602,1809,1509,728.2,10.6,260,13453,0.00,2.15,0.00,0.000,260,0.000,0.037,3193,2994,1659,1809,1509,0,0,0,0,0,0,26.63,26.17,26.64,8.55,60.63
$GC,13525,0.84,280.3,3192,2993,1809,1509,728.2,10.6,260,13532,0.00,2.10,0.00,0.000,1030,0.000,0.031,3192,1601,1659,1809,1509,0,0,0,0,0,0,26.30,26.21,26.33,8.56,60.47
$GC,13852,0.85,283.7,3192,1601,1809,1509,687.5,9.8,265,13863,0.00,2.20,4.07,0.744,8452,0.000,0.036,3193,2994,1645,1796,1495,0,0,0,0,0,0,26.65,25.54,24.07,8.55,60.86
$GC,13895,0.85,287.1,3192,2994,1796,1495,687.5,9.8,265,13908,0.00,2.10,5.22,0.868,9222,0.000,0.031,3193,1604,1630,1782,1479,0,0,0,0,0,0,26.26,26.17,24.16,8.55,60.43
$GC,14252,0.86,292.1,3192,1604,1782,1479,648.2,9.8,270,14264,0.00,2.15,6.32,0.917,8452,0.000,0.034,3192,2991,1610,1764,1457,0,0,0,0,0,0,26.58,25.55,24.25,8.55,60.98
$GC,14370,0.86,292.6,3192,2990,1764,1457,640.1,10.0,271,14374,0.00,2.10,0.00,0.000,1030,0.000,0.031,3193,1605,1611,1765,1457,0,0,0,0,0,0,26.19,26.10,26.22,8.55,60.94
$GC,14733,0.86,292.6,3192,1605,1765,1456,598.3,10.2,276,14737,0.00,2.15,0.00,0.000,260,0.000,0.037,3192,2995,1611,1765,1457,0,0,0,0,0,0,26.60,26.11,26.60,8.55,60.55
$GC,14824,0.86,292.6,3192,2995,1765,1457,588.8,10.5,277,14829,0.00,2.12,0.00,0.000,1030,0.000,0.031,3193,1596,1611,1765,1457,0,0,0,0,0,0,26.26,26.17,26.29,8.55,61.06
$GC,15139,0.86,292.6,3192,1596,1765,1457,554.0,10.8,281,15143,0.00,2.15,0.00,0.000,260,0.000,0.037,3193,2989,1611,1765,1457,0,0,0,0,0,0,26.63,26.13,26.65,8.55,60.86
$GC,15223,0.86,292.6,3192,2989,1764,1457,544.2,11.0,282,15227,0.00,2.10,0.00,0.000,1030,0.000,0.031,3193,1603,1611,1764,1458,0,0,0,0,0,0,26.27,26.17,26.29,8.55,61.10
$GC,15546,0.86,292.6,3192,1603,1765,1458,509.5,10.7,286,15551,0.00,2.15,0.00,0.000,260,0.000,0.037,3193,2993,1610,1764,1457,0,0,0,0,0,0,26.65,26.12,26.65,8.56,60.59
$GC,15623,0.86,292.6,3192,2993,1765,1457,509.5,10.7,286,15630,0.00,2.10,0.00,0.000,1030,0.000,0.031,3193,1601,1611,1764,1458,0,0,0,0,0,0,26.27,26.17,26.29,8.56,60.35
$GC,15950,0.86,292.6,3192,1601,1764,1457,467.0,10.3,291,15955,0.00,2.15,0.00,0.000,260,0.000,0.036,3193,2995,1610,1764,1457,0,0,0,0,0,0,26.65,26.11,26.66,8.56,60.98
$GC,16037,0.86,292.6,3192,2995,1765,1457,457.9,10.4,292,16041,0.00,2.10,0.00,0.000,1030,0.000,0.031,3193,1604,1610,1764,1457,0,0,0,0,0,0,26.26,26.16,26.29,8.56,60.75
$GC,16357,0.86,296.7,3192,1604,1764,1457,426.3,9.8,296,16368,0.00,2.15,5.88,0.794,8452,0.000,0.035,3193,2991,1592,1745,1439,0,0,0,0,0,0,26.65,24.97,24.18,8.57,60.15
$GC,16415,0.86,300.7,3192,2991,1745,1439,426.3,9.8,296,16430,0.00,2.12,5.28,0.754,9222,0.000,0.031,3193,1606,1576,1731,1421,0,0,0,0,0,0,26.17,26.13,24.22,8.56,59.84
$GC,16754,0.86,301.2,3192,1606,1731,1421,386.4,10.0,301,16758,0.00,2.15,0.00,0.000,260,0.000,0.036,3193,2997,1575,1731,1420,0,0,0,0,0,0,26.58,26.06,26.58,8.57,60.12
$GC,16820,0.86,301.7,3192,2998,1731,1421,386.4,10.0,301,16824,0.00,2.10,0.00,0.000,1030,0.000,0.030,3193,1604,1575,1730,1421,0,0,0,0,0,0,26.22,26.13,26.25,8.57,60.31
$GC,17159,0.87,307.2,3192,1604,1731,1421,345.8,9.7,306,17171,0.00,2.15,7.47,0.809,8452,0.000,0.034,3193,2991,1549,1707,1391,0,0,0,0,0,0,26.63,25.11,24.38,8.57,60.04
$GC,17261,0.87,308.4,3192,2991,1707,1391,337.6,9.9,307,17265,0.00,2.10,0.00,0.000,1030,0.000,0.030,3193,1603,1548,1706,1391,0,0,0,0,0,0,26.17,26.09,26.20,8.57,59.68
$GC,17642,0.93,308.4,3192,1603,1706,1391,296.8,10.1,312,17646,0.00,2.15,0.00,0.000,260,0.000,0.036,3193,2993,1549,1707,1391,0,0,0,0,0,0,26.60,26.07,26.61,8.57,59.64
$GC,17746,0.98,308.4,3192,2993,1707,1390,287.6,10.2,313,17750,0.00,2.10,0.00,0.000,1030,0.000,0.030,3193,1602,1549,1707,1391,0,0,0,0,0,0,26.23,26.14,26.26,8.57,60.23
$GC,18132,1.06,319.1,3192,1603,1707,1391,248.5,9.5,318,18150,0.08,2.17,11.98,0.821,10500,0.106,0.035,3264,2990,1501,1662,1340,0,0,0,0,0,0,26.40,25.62,24.49,8.58,59.45
$GC,18254,1.06,322.8,3263,2991,1662,1340,239.2,9.8,319,18267,0.10,2.10,4.65,0.625,13318,0.148,0.030,3242,1599,1486,1648,1325,0,0,0,0,0,0,25.79,26.04,24.30,8.57,59.56
$GC,18612,1.06,322.8,3242,1599,1648,1326,194.7,10.8,324,18614,0.00,0.00,0.00,0.000,6,0.000,0.000,3242,1599,1487,1648,1326,0,0,0,0,0,0,26.56,26.57,26.56,8.58,59.72
$GC,18912,1.06,322.8,3242,1599,1648,1326,160.7,11.5,339,18913,0.00,0.00,0.00,0.000,6,0.000,0.000,3242,1599,1487,1648,1326,0,0,0,0,0,0,26.61,26.62,26.62,8.58,59.05
$GC,19212,1.07,333.6,3242,1599,1648,1325,129.3,9.5,354,19232,0.00,2.17,10.65,0.731,8452,0.000,0.037,3242,2981,1441,1606,1277,0,0,0,0,0,0,26.63,25.63,24.56,8.59,59.17
$GC,19340,1.07,333.6,3242,2982,1606,1278,115.9,10.9,360,19344,0.00,2.08,0.00,0.000,1030,0.000,0.029,3249,1601,1441,1606,1277,0,0,0,0,0,0,26.15,26.07,26.18,8.61,59.25
$GC,19663,1.13,397.4,3249,1601,1606,1278,92.8,7.1,376,19723,0.00,2.25,53.45,0.760,8452,0.000,0.037,3250,2987,1182,1359,1006,0,0,0,0,0,0,26.59,25.17,24.27,8.66,60.63
$GC,19750,1.18,443.8,3249,2988,1360,1006,86.1,7.9,380,19820,0.00,2.12,54.15,0.692,9222,0.000,0.027,3259,1603,996,1120,873,0,0,0,0,2,0,25.69,25.61,24.10,8.66,60.31
$GC,20131,1.33,483.3,3259,1602,1114,871,54.8,8.2,399,20176,0.15,2.17,37.28,0.685,10756,0.057,0.044,3378,246,830,917,743,0,0,0,0,0,0,26.15,24.96,24.45,8.75,59.41
$GC,20277,1.33,483.3,3377,246,916,742,37.5,12.6,410,20288,0.15,2.03,0.00,0.000,5126,0.125,0.023,3330,1611,829,916,742,0,0,0,0,0,0,25.58,25.88,25.73,8.76,57.83
$GC,20589,1.33,483.3,3330,1611,916,742,4.4,10.6,441,20593,0.00,2.17,0.00,0.000,516,0.000,0.044,3338,236,829,916,742,0,0,0,0,0,0,26.48,25.96,26.48,8.81,55.82
$STATE,20598,end climb,SURFACE_DEPTH_REACHED
$STATE,20598,begin surface coast
$FINISH,0.3,1.022254
$STATE,20622,end surface coast,CONTROL_FINISHED_OK
$STATE,20622,begin surface
$SM_CCo,20644,46.40,0.054,0,0,500,565.66
$SM_GC,0.03,8.02,2.88,46.40,0.026,0.024,0.054,179,2098,500,-8.34,-2.04,565.66,0,0,0,0,0,0,26.20,26.10,25.94
$IRIDIUM_FIX,558.90,-14110.25,120225,103845
$TT8_MAMPS,0.026964,0.393974
$HUMID,53.07
$INTERNAL_PRESSURE,8.76138
$TCM_TEMP,20.30
$XPDR_PINGS,0
$ALTIM_TOP_PING,19.2,19.1
$24V_AH,23.10,52.388
$10V_AH,9.78,38.563
$FG_AHR_24Vo,0.000
$FG_AHR_10Vo,0.000
$DEVICES,Pitch_motor,Roll_motor,VBD_pump_during_apogee,VBD_pump_during_surface,VBD_valve,Iridium_during_init,Iridium_during_connect,Iridium_during_xfer,Transponder_ping,GUMSTIX_24V,GPS,TT8,LPSleep,TT8_Active,TT8_Sampling,TT8_CF8,TT8_Kalman,Analog_circuits,GPS_charging,Compass,RAFOS,Transponder,Compass2
$DEVICE_SECS,21.225,187.050,606.800,46.400,0.000,0.000,0.000,208.625,0.250,0.000,23.993,2151.720,15505.926,703.237,2568.575,356.571,0.000,2226.767,0.000,2131.770,0.000,2.763,0.000
$DEVICE_MAMPS,205.020,50.490,1347.930,53.550,0.000,0.000,0.000,25.245,420.000,0.000,30.710,15.210,2.190,15.210,43.670,53.410,0.000,14.000,0.000,8.240,0.000,30.000,0.000
$SENSORS,SBE_CT,WL_blue_red_Chl,AA4330,nil,nil,nil,nil,nil,nil,nil
$SENSOR_SECS,383.524,276.246,601.016,0.000,0.000,0.000,0.000,0.000,0.000,0.000
$SENSOR_MAMPS,22.470,105.000,11.230,0.000,0.000,0.000,0.000,0.000,0.000,0.000
$MEM,311992
$DATA_FILE_SIZE,35005,444
$CAP_FILE_SIZE,181585,0
$CFSIZE,2097872896,2051309568
$ERRORS,0,1,0,0,0,0,0,0,0,0,0,0,0,2,2,0
$INTR,0,12640.49,0x2139a2,1,24
$CURRENT,0.097,89.91,1
$GPS,290605,222519,603.584,-14110.504,33,0.8,48,9.2,0.4,59.5,8,4.9
