version: 66.14
glider: 195
mission: 21
dive: 173
start: 5 15 105 18 1 51
data:
$ID,195
$MISSION,21
$DIVE,173
$N_DIVES,0
$STOP_T,0
$D_SURF,3
$D_FLARE,2
$D_TGT,990
$D_ABORT,1090
$D_NO_BLEED,50
$D_BOOST,3
$T_BOOST,0
$D_FINISH,0
$D_PITCH,0
$D_SAFE,0
$D_CALL,0
$SURFACE_URGENCY,0
$SURFACE_URGENCY_TRY,0
$SURFACE_URGENCY_FORCE,0
$T_DIVE,440
$T_MISSION,600
$T_ABORT,1440
$T_TURN,300
$T_TURN_SAMPINT,5
$T_NO_W,120
$T_LOITER,0
$T_SLOITER,60
$T_EPIRB,0
$USE_BATHY,0
$USE_ICE,0
$ICE_FREEZE_MARGIN,0.30000001
$D_OFFGRID,990
$T_WATCHDOG,10
$RELAUNCH,1
$APOGEE_PITCH,-8
$MAX_BUOY,150
$COURSE_BIAS,0
$GLIDE_SLOPE,30
$SPEED_FACTOR,1
$RHO,1.023
$MASS,54002
$MASS_COMP,0
$NAV_MODE,2
$FERRY_MAX,45
$KALMAN_USE,2
$HD_A,0.0038000001
$HD_B,0.0099999998
$HD_C,9.8500004e-06
$HEADING,-1
$ESCAPE_HEADING,0
$ESCAPE_HEADING_DELTA,10
$FIX_MISSING_TIMEOUT,0
$TGT_DEFAULT_LAT,4736
$TGT_DEFAULT_LON,-12225
$TGT_AUTO_DEFAULT,0
$SM_CC,250
$N_FILEKB,4
$FILEMGR,0
$CALL_NDIVES,1
$COMM_SEQ,0
$PROTOCOL,9
$N_NOCOMM,1
$NOCOMM_ACTION,0
$N_NOSURFACE,0
$UPLOAD_DIVES_MAX,-1
$CALL_TRIES,5
$CALL_WAIT,60
$CAPUPLOAD,0
$CAPMAXSIZE,200000
$HEAPDBG,0
$T_GPS,15
$N_GPS,50840
$T_RSLEEP,2
$STROBE,0
$RAFOS_PEAK_OFFSET,1.5
$RAFOS_CORR_THRESH,60
$RAFOS_HIT_WINDOW,3600
$RAFOS_MMODEM,0
$PITCH_MIN,207
$PITCH_MAX,3915
$C_PITCH,2900
$PITCH_DBAND,0.1
$PITCH_CNV,0.003125763
$P_OVSHOOT,0.039999999
$P_OVSHOOT_WITHG,0.079999998
$PITCH_GAIN,24
$PITCH_TIMEOUT,17
$PITCH_AD_RATE,160
$PITCH_MAXERRORS,1
$PITCH_ADJ_GAIN,0.02
$PITCH_ADJ_DBAND,2.5
$ROLL_MIN,224
$ROLL_MAX,3758
$ROLL_DEG,40
$C_ROLL_DIVE,2220
$C_ROLL_CLIMB,1770
$HEAD_ERRBAND,20
$ROLL_CNV,0.028270001
$ROLL_TIMEOUT,15
$R_PORT_OVSHOOT,49
$R_STBD_OVSHOOT,57
$ROLL_AD_RATE,350
$ROLL_MAXERRORS,2
$ROLL_ADJ_GAIN,0
$ROLL_ADJ_DBAND,0
$VBD_MIN,500
$VBD_MAX,3960
$C_VBD,2707
$VBD_DBAND,2
$VBD_CNV,-0.24529999
$VBD_LP_IGNORE,0
$VBD_TIMEOUT,720
$PITCH_VBD_SHIFT,0.001
$VBD_PUMP_AD_RATE_SURFACE,5
$VBD_PUMP_AD_RATE_APOGEE,4
$VBD_BLEED_AD_RATE,8
$UNCOM_BLEED,60
$VBD_MAXERRORS,1
$W_ADJ_DBAND,0
$DBDW,0
$PITCH_W_GAIN,0
$PITCH_W_DBAND,0
$CF8_MAXERRORS,5
$AH0_24V,150
$AH0_10V,97
$MINV_24V,19
$MINV_10V,8
$MAXI_24V,0.80000001
$MAXI_10V,0.60000002
$FG_AHR_10V,0
$FG_AHR_24V,0
$PHONE_SUPPLY,-2
$PRESSURE_YINT,-49.397121
$PRESSURE_SLOPE,0.0001168043
$AD7714Ch0Gain,128
$TCM_PITCH_OFFSET,0
$TCM_ROLL_OFFSET,0
$COMPASS_USE,4
$ALTIM_BOTTOM_PING_RANGE,0
$ALTIM_TOP_PING_RANGE,20
$ALTIM_BOTTOM_TURN_MARGIN,0
$ALTIM_TOP_TURN_MARGIN,0
$ALTIM_TOP_MIN_OBSTACLE,1
$ALTIM_PING_DEPTH,0
$ALTIM_PING_DELTA,0
$ALTIM_FREQUENCY,13
$ALTIM_PULSE,3
$ALTIM_SENSITIVITY,3
$XPDR_VALID,5
$XPDR_INHIBIT,90
$INT_PRESSURE_SLOPE,0.0097660003
$INT_PRESSURE_YINT,-0.77999997
$DEEPGLIDER,0
$MOTHERBOARD,4
$DEVICE1,2
$DEVICE2,115
$DEVICE3,101
$DEVICE4,-1
$DEVICE5,-1
$DEVICE6,-1
$LOGGERS,0
$LOGGERDEVICE1,-1
$LOGGERDEVICE2,-1
$LOGGERDEVICE3,-1
$LOGGERDEVICE4,-1
$COMPASS_DEVICE,33
$COMPASS2_DEVICE,-1
$PHONE_DEVICE,49
$GPS_DEVICE,32
$RAFOS_DEVICE,-1
$XPDR_DEVICE,24
$SIM_W,0
$SIM_PITCH,0
$SEABIRD_T_G,0.0044178674
$SEABIRD_T_H,0.00064818078
$SEABIRD_T_I,2.6779007e-05
$SEABIRD_T_J,3.3667231e-06
$SEABIRD_C_G,-10.098215
$SEABIRD_C_H,1.1454017
$SEABIRD_C_I,-0.0021276253
$SEABIRD_C_J,0.00025532115
$SEABIRD_C_Z,2974.52
$GPS1,150505,175348,334.3133,-13957.8232,36,0.9,48,9.3,0.5,350.0,8,4.6
$_CALLS,1
$_XMS_NAKs,0
$_XMS_TOUTs,0
$_SM_DEPTHo,0.36
$_SM_ANGLEo,-60.9
$GPS2,150505,180112,334.4097,-13957.9033,7,0.9,22,9.3,0.8,312.6,9,4.8
$SPEED_LIMITS,0.130,0.237
$TGT_NAME,ZZ4
$TGT_LATLONG,342.070,-13949.970
$TGT_RADIUS,500.000
$KALMAN_CONTROL,0.000000,0.000000
$KALMAN_X,0.000000,0.000000,0.000000,0.000000,0.000000
$KALMAN_Y,0.000000,0.000000,0.000000,0.000000,0.000000
$MHEAD_RNG_PITCHd_Wd,49.1,20403,-14.0,-7.500,-17.57,2969
$D_GRID,990
$GCHEAD,st_secs,pitch_ctl,vbd_ctl,pitch_ad_start,roll_ad_start,vbd_pot1_ad_start,vbd_pot2_ad_start,depth,ob_vertv,data_pts,end_secs,pitch_secs,roll_secs,vbd_secs,vbd_i,gcphase,pitch_i,roll_i,pitch_ad,roll_ad,vbd_ad,vbd_pot1_ad,vbd_pot2_ad,pitch_retries,pitch_errors,roll_retries,roll_errors,vbd_retries,vbd_errors,pitch_volts,roll_volts,vbd_volts,int_press,humidity
$STATE,6,end surface,CONTROL_FINISHED_OK
$STATE,6,begin dive
$GC,74,-0.73,-146.6,166,2218,1282,978,0.3,0.3,6,154,0.00,0.00,-77.93,0.000,16386,0.000,0.000,166,2218,3243,3257,3230,0,0,0,0,0,0,26.44,28.83,26.44,8.88,47.28
$GC,159,-0.73,-146.6,166,2218,3259,3230,3.2,-5.2,14,179,9.48,2.15,-1.15,0.000,18692,0.210,0.050,2652,3603,3308,3324,3293,0,0,0,0,0,0,25.53,24.41,25.72,9.08,46.88
$GC,323,-0.60,-146.6,2651,3603,3330,3293,35.3,-15.1,29,332,0.17,2.00,0.00,0.000,3078,0.127,0.020,2710,2191,3311,3330,3293,0,0,0,0,0,0,25.86,26.25,26.02,9.10,47.00
$GC,633,-0.60,-146.6,2709,2191,3333,3293,73.3,-11.4,60,637,0.00,2.00,0.00,0.000,516,0.000,0.030,2710,835,3313,3333,3293,0,0,0,0,0,0,26.64,26.21,26.65,9.12,47.71
$GC,741,-0.60,-146.6,2709,835,3333,3293,84.1,-8.9,70,749,0.00,2.00,0.00,0.000,1030,0.000,0.025,2703,2213,3313,3334,3293,0,0,0,0,0,0,26.36,26.28,26.38,9.12,47.16
$GC,1050,-0.60,-146.6,2702,2213,3336,3293,108.8,-6.4,101,1056,0.00,0.00,0.00,0.000,6,0.000,0.000,2703,2213,3314,3336,3293,0,0,0,0,0,0,26.69,26.70,26.70,9.12,46.96
$GC,1361,-0.60,-146.6,2703,2212,3337,3293,124.8,-6.3,132,1366,0.00,2.12,0.00,0.000,260,0.000,0.039,2693,3619,3315,3337,3293,0,0,0,0,0,0,26.71,26.21,26.72,9.11,47.20
$GC,1500,-0.60,-146.6,2692,3620,3338,3293,134.3,-7.3,145,1505,0.00,1.98,0.00,0.000,1030,0.000,0.018,2693,2196,3315,3338,3293,0,0,0,0,0,0,26.46,26.42,26.48,9.09,46.77
$GC,1814,-0.60,-146.6,2692,2196,3340,3293,151.8,-5.8,176,1819,0.00,2.17,0.00,0.000,260,0.000,0.039,2682,3628,3316,3340,3293,0,0,0,0,0,0,26.72,26.22,26.72,9.06,46.61
$GC,1974,-0.60,-146.6,2681,3628,3339,3293,160.6,-5.1,191,1981,0.00,1.95,0.00,0.000,1030,0.000,0.018,2682,2220,3316,3339,3293,0,0,0,0,0,0,26.47,26.43,26.48,9.03,47.16
$GC,2281,-0.60,-146.6,2681,2220,3340,3293,174.2,-4.2,222,2283,0.00,0.00,0.00,0.000,6,0.000,0.000,2682,2220,3316,3340,3293,0,0,0,0,0,0,26.72,26.73,26.73,9.01,47.95
$GC,2586,-0.60,-146.6,2682,2221,3340,3293,187.5,-5.4,252,2591,0.00,2.12,0.00,0.000,260,0.000,0.039,2672,3619,3316,3340,3293,0,0,0,0,0,0,26.72,26.20,26.73,9.00,48.07
$GC,2822,-0.60,-146.6,2671,3619,3339,3293,200.5,-5.4,273,2827,0.10,1.95,0.00,0.000,3078,0.129,0.019,2707,2219,3316,3340,3292,0,0,0,0,0,0,26.15,26.42,26.25,8.99,48.26
$GC,3157,-0.66,-146.6,2706,2219,3339,3292,217.9,-5.4,282,3162,0.00,2.03,0.00,0.000,516,0.000,0.030,2707,863,3315,3339,3292,0,0,0,0,0,0,26.72,26.27,26.73,8.96,49.25
$GC,3323,-0.71,-146.6,2706,863,3339,3291,227.1,-5.6,286,3328,0.00,1.98,0.00,0.000,1030,0.000,0.026,2702,2232,3315,3340,3291,0,0,0,0,0,0,26.39,26.32,26.42,8.96,49.25
$GC,3648,-0.76,-146.6,2700,2232,3340,3288,242.8,-4.8,294,3655,0.10,2.12,0.00,0.000,4356,0.075,0.040,2599,3626,3313,3339,3287,0,0,0,0,0,0,26.51,26.19,26.53,8.95,50.00
$GC,3773,-0.76,-146.6,2598,3626,3339,3285,251.4,-6.5,297,3781,0.17,1.98,0.00,0.000,3078,0.128,0.019,2656,2217,3313,3340,3286,0,0,0,0,0,0,25.97,26.41,26.12,8.94,49.92
$GC,4098,-0.76,-146.6,2656,2217,3339,3284,270.4,-5.8,305,4102,0.00,2.15,0.00,0.000,260,0.000,0.040,2648,3621,3311,3339,3284,0,0,0,0,0,0,26.72,26.18,26.73,8.92,51.26
$GC,4195,-0.76,-146.6,2647,3621,3339,3284,275.8,-6.0,307,4199,0.00,1.98,0.00,0.000,1030,0.000,0.020,2648,2225,3311,3339,3284,0,0,0,0,0,0,26.45,26.40,26.47,8.93,50.70
$GC,4504,-0.76,-146.6,2647,2225,3338,3282,298.2,-7.2,315,4506,0.00,0.00,0.00,0.000,6,0.000,0.000,2648,2225,3310,3339,3282,0,0,0,0,0,0,26.72,26.74,26.73,8.91,51.61
$GC,4824,-0.76,-146.6,2647,2225,3338,3280,322.3,-7.6,323,4828,0.00,2.15,0.00,0.000,260,0.000,0.041,2637,3624,3309,3338,3280,0,0,0,0,0,0,26.72,26.17,26.73,8.90,51.57
$GC,4887,-0.76,-146.6,2637,3624,3338,3279,325.9,-7.8,324,4891,0.00,2.00,0.00,0.000,1030,0.000,0.021,2638,2222,3308,3337,3279,0,0,0,0,0,0,26.44,26.39,26.46,8.90,51.85
$GC,5231,-0.76,-146.6,2637,2222,3337,3276,353.3,-7.3,333,5235,0.00,2.05,0.00,0.000,516,0.000,0.031,2637,838,3306,3337,3276,0,0,0,0,0,0,26.73,26.24,26.73,8.89,51.57
$GC,5308,-0.76,-146.6,2637,838,3337,3276,356.7,-7.5,334,5316,0.00,2.00,0.00,0.000,1030,0.000,0.027,2629,2216,3306,3337,3276,0,0,0,0,0,0,26.37,26.29,26.40,8.89,51.77
$GC,5636,-0.76,-146.6,2629,2216,3335,3275,383.6,-7.1,343,5640,0.00,2.15,0.00,0.000,260,0.000,0.041,2619,3618,3305,3335,3275,0,0,0,0,0,0,26.72,26.15,26.73,8.88,52.20
$GC,5843,-0.76,-146.6,2618,3618,3334,3274,398.2,-7.1,348,5848,0.10,2.00,0.00,0.000,3078,0.138,0.021,2651,2211,3303,3333,3274,0,0,0,0,0,0,26.08,26.39,26.19,8.87,52.44
$GC,6164,-0.76,-146.6,2651,2211,3333,3272,417.5,-6.1,356,6166,0.00,0.00,0.00,0.000,6,0.000,0.000,2651,2211,3302,3333,3272,0,0,0,0,0,0,26.72,26.74,26.74,8.86,52.87
$GC,6484,-0.76,-146.6,2651,2211,3332,3272,436.9,-6.0,364,6489,0.00,2.03,0.00,0.000,516,0.000,0.032,2652,852,3302,3332,3272,0,0,0,0,0,0,26.72,26.22,26.73,8.85,52.79
$GC,6556,-0.76,-146.6,2651,851,3331,3271,439.5,-6.0,365,6560,0.00,2.03,0.00,0.000,1030,0.000,0.027,2646,2229,3301,3331,3271,0,0,0,0,0,0,26.36,26.27,26.39,8.85,52.48
$GC,6890,-0.76,-146.6,2646,2229,3330,3269,461.3,-6.2,374,6895,0.00,2.17,0.00,0.000,260,0.000,0.042,2636,3614,3299,3330,3269,0,0,0,0,0,0,26.73,26.13,26.73,8.85,53.42
$GC,7008,-0.76,-146.6,2635,3613,3328,3269,467.3,-6.8,376,7016,0.00,1.98,0.00,0.000,1030,0.000,0.021,2636,2225,3299,3329,3269,0,0,0,0,0,0,26.43,26.37,26.44,8.84,53.34
$GC,7335,-0.76,-146.6,2635,2225,3328,3268,491.5,-6.7,385,7336,0.00,0.00,0.00,0.000,6,0.000,0.000,2636,2225,3298,3328,3268,0,0,0,0,0,0,26.72,26.74,26.74,8.84,53.22
$GC,7655,-0.76,-146.6,2635,2225,3326,3267,511.5,-6.1,393,7656,0.00,0.00,0.00,0.000,6,0.000,0.000,2636,2225,3296,3326,3267,0,0,0,0,0,0,26.72,26.74,26.74,8.83,53.18
$GC,7975,-0.76,-146.6,2635,2225,3326,3265,531.4,-6.4,401,7980,0.00,2.08,0.00,0.000,516,0.000,0.033,2636,838,3295,3326,3265,0,0,0,0,0,0,26.72,26.18,26.74,8.82,53.93
$GC,8043,-0.76,-146.6,2635,838,3325,3265,534.2,-6.5,402,8047,0.00,2.05,0.00,0.000,1030,0.000,0.028,2627,2226,3295,3325,3265,0,0,0,0,0,0,26.34,26.25,26.36,8.82,53.97
$GC,8383,-0.76,-146.6,2627,2225,3324,3264,557.3,-6.3,411,8388,0.00,2.08,0.00,0.000,516,0.000,0.033,2627,844,3294,3324,3264,0,0,0,0,0,0,26.72,26.18,26.73,8.81,53.66
$GC,8460,-0.76,-146.6,2627,844,3324,3264,560.4,-6.4,412,8468,0.10,2.08,0.00,0.000,3078,0.131,0.028,2653,2219,3294,3324,3264,0,0,0,0,0,0,25.94,26.24,25.99,8.81,54.41
$GC,8789,-0.76,-146.6,2653,2219,3323,3261,582.3,-6.1,421,8790,0.00,0.00,0.00,0.000,6,0.000,0.000,2653,2219,3293,3323,3263,0,0,0,0,0,0,26.72,26.74,26.73,8.80,54.44
$GC,9109,-0.76,-146.6,2653,2219,3323,3262,601.7,-6.1,429,9110,0.00,0.00,0.00,0.000,6,0.000,0.000,2653,2219,3292,3323,3262,0,0,0,0,0,0,26.72,26.74,26.73,8.79,54.64
$GC,9429,-0.76,-146.6,2652,2219,3323,3261,621.0,-5.9,437,9434,0.00,2.17,0.00,0.000,260,0.000,0.044,2645,3623,3292,3323,3261,0,0,0,0,0,0,26.72,26.07,26.73,8.79,55.23
$GC,9501,-0.76,-146.6,2645,3623,3322,3261,623.9,-6.0,438,9505,0.00,2.03,0.00,0.000,1030,0.000,0.022,2645,2221,3291,3322,3261,0,0,0,0,0,0,26.39,26.34,26.41,8.78,54.76
$GC,9835,-0.76,-146.6,2645,2221,3322,3259,646.9,-6.4,447,9836,0.00,0.00,0.00,0.000,6,0.000,0.000,2645,2221,3290,3322,3259,0,0,0,0,0,0,26.72,26.73,26.73,8.78,55.27
$GC,10155,-0.76,-146.6,2645,2222,3320,3259,667.4,-6.3,455,10160,0.00,2.08,0.00,0.000,516,0.000,0.034,2645,845,3290,3321,3259,0,0,0,0,0,0,26.72,26.14,26.73,8.78,54.72
$GC,10267,-0.76,-146.6,2645,846,3320,3259,672.8,-6.4,457,10272,0.00,2.05,0.00,0.000,1030,0.000,0.029,2638,2226,3289,3320,3259,0,0,0,0,0,0,26.30,26.21,26.32,8.77,55.07
$GC,10601,-0.76,-146.6,2637,2226,3318,3258,695.3,-6.2,466,10606,0.00,2.17,0.00,0.000,260,0.000,0.044,2628,3621,3288,3318,3258,0,0,0,0,0,0,26.72,26.03,26.73,8.76,55.19
$GC,10721,-0.76,-146.6,2627,3621,3318,3258,700.7,-6.3,468,10728,0.00,2.03,0.00,0.000,1030,0.000,0.023,2628,2215,3287,3317,3257,0,0,0,0,0,0,26.38,26.32,26.40,8.76,55.07
$GC,11046,-0.76,-146.6,2627,2215,3318,3257,723.6,-6.4,477,11051,0.00,2.08,0.00,0.000,516,0.000,0.034,2628,841,3286,3317,3256,0,0,0,0,0,0,26.72,26.12,26.73,8.76,55.59
$GC,11130,-0.76,-146.6,2627,841,3317,3256,729.3,-6.7,479,11136,0.10,2.05,0.00,0.000,3078,0.145,0.029,2652,2222,3286,3317,3256,0,0,0,0,0,0,25.94,26.19,26.06,8.76,55.39
$GC,11456,-0.76,-146.6,2652,2224,3317,3255,748.4,-5.8,487,11459,0.00,2.20,0.00,0.000,260,0.000,0.044,2644,3628,3286,3317,3255,0,0,0,0,0,0,26.72,26.01,26.73,8.75,55.78
$GC,11517,-0.76,-146.6,2644,3628,3316,3255,751.2,-5.9,488,11521,0.00,2.08,0.00,0.000,1030,0.000,0.023,2644,2206,3285,3316,3254,0,0,0,0,0,0,26.36,26.30,26.39,8.74,56.22
$GC,11862,-0.76,-146.6,2644,2205,3316,3254,773.9,-6.3,497,11866,0.00,2.08,0.00,0.000,516,0.000,0.035,2644,836,3285,3316,3254,0,0,0,0,0,0,26.72,26.10,26.73,8.75,56.10
$GC,11954,-0.76,-146.6,2644,836,3316,3254,779.5,-6.6,499,11958,0.00,2.08,0.00,0.000,1030,0.000,0.029,2637,2230,3285,3316,3254,0,0,0,0,0,0,26.27,26.17,26.30,8.74,55.47
$GC,12268,-0.76,-146.6,2636,2230,3315,3253,800.4,-6.5,507,12269,0.00,0.00,0.00,0.000,6,0.000,0.000,2637,2230,3284,3315,3253,0,0,0,0,0,0,26.72,26.73,26.73,8.74,56.22
$GC,12588,-0.76,-146.6,2636,2230,3314,3253,820.6,-6.3,515,12592,0.00,2.17,0.00,0.000,260,0.000,0.045,2628,3620,3283,3314,3253,0,0,0,0,0,0,26.72,25.98,26.73,8.74,56.34
$GC,12679,-0.76,-146.6,2627,3620,3313,3252,826.4,-6.7,517,12684,0.00,2.05,0.00,0.000,1030,0.000,0.024,2628,2216,3283,3313,3253,0,0,0,0,0,0,26.35,26.29,26.37,8.73,56.49
$GC,12994,-0.76,-146.6,2627,2216,3313,3252,847.3,-6.4,525,12995,0.00,0.00,0.00,0.000,6,0.000,0.000,2628,2216,3282,3313,3252,0,0,0,0,0,0,26.72,26.73,26.73,8.73,56.61
$GC,13314,-0.76,-146.6,2627,2216,3312,3251,866.8,-6.1,533,13316,0.00,0.00,0.00,0.000,6,0.000,0.000,2628,2216,3282,3313,3251,0,0,0,0,0,0,26.72,26.73,26.73,8.72,56.41
$GC,13634,-0.76,-146.6,2628,2216,3312,3250,888.0,-6.7,541,13638,0.00,2.10,0.00,0.000,516,0.000,0.036,2628,833,3281,3312,3251,0,0,0,0,0,0,26.72,26.06,26.73,8.72,56.45
$GC,13726,-0.76,-146.6,2627,833,3311,3250,894.2,-7.1,543,13734,0.10,2.08,0.00,0.000,3078,0.145,0.030,2653,2226,3281,3312,3250,0,0,0,0,0,0,25.89,26.14,26.01,8.72,56.61
$GC,14038,-0.76,-146.6,2652,2226,3311,3249,915.2,-6.6,551,14043,0.00,2.20,0.00,0.000,260,0.000,0.046,2645,3624,3280,3311,3249,0,0,0,0,0,0,26.72,25.94,26.72,8.72,57.32
$GC,14116,-0.76,-146.6,2644,3624,3311,3249,918.3,-6.8,552,14123,0.00,2.05,0.00,0.000,1030,0.000,0.024,2645,2218,3279,3310,3249,0,0,0,0,0,0,26.32,26.26,26.35,8.72,56.93
$GC,14443,-0.76,-146.6,2644,2218,3310,3249,943.3,-6.8,561,14447,0.00,2.10,0.00,0.000,516,0.000,0.036,2645,834,3279,3310,3249,0,0,0,0,0,0,26.72,26.03,26.73,8.71,56.97
$GC,14505,-0.76,-146.6,2644,835,3310,3249,946.6,-7.0,562,14510,0.00,2.08,0.00,0.000,1030,0.000,0.031,2637,2220,3279,3310,3248,0,0,0,0,0,0,26.22,26.12,26.25,8.71,56.81
$GC,14852,-0.76,-146.6,2637,2220,3310,3248,970.8,-6.5,571,14853,0.00,0.00,0.00,0.000,6,0.000,0.000,2637,2220,3279,3310,3248,0,0,0,0,0,0,26.72,26.73,26.72,8.71,56.89
$STATE,15167,end dive,TARGET_DEPTH_EXCEEDED
$STATE,15168,begin apogee
$GC,15175,-0.33,0.0,2637,1765,3309,3248,990.1,-5.8,579,15308,0.45,0.00,129.38,1.392,10246,0.099,0.000,2792,1764,2705,2798,2613,0,0,0,0,0,0,25.69,24.68,23.77,8.71,56.77
$STATE,15310,end apogee,CONTROL_FINISHED_OK
$STATE,15310,begin climb
$GC,15313,0.73,146.6,2791,1764,2796,2610,992.1,0.0,582,15462,0.98,2.40,139.80,1.336,10500,0.067,0.038,3132,3172,2105,2202,2009,0,0,0,0,0,0,24.91,24.13,23.27,8.66,55.23
$GC,15494,0.40,146.6,3132,3172,2202,2009,975.9,9.3,587,15500,0.35,2.17,0.00,0.000,5126,0.114,0.028,3032,1785,2105,2202,2009,0,0,0,0,0,0,24.79,24.92,24.93,8.61,54.09
$GC,15811,0.46,160.9,3031,1785,2198,2005,952.4,7.0,595,15831,0.00,2.28,14.18,1.235,8708,0.000,0.044,3032,376,2047,2146,1948,0,0,0,0,0,0,26.33,25.26,24.56,8.61,56.10
$GC,15879,0.54,176.0,3031,376,2146,1948,949.4,7.0,596,15902,0.05,2.15,15.52,1.240,11270,0.078,0.027,3094,1780,1986,2096,1876,0,0,0,0,0,0,25.76,25.84,24.40,8.60,56.22
$GC,16215,0.54,176.0,3094,1780,2096,1874,914.8,10.0,605,16219,0.00,2.15,0.00,0.000,260,0.000,0.040,3095,3165,1985,2096,1874,0,0,0,0,0,0,26.44,26.06,26.45,8.58,56.45
$GC,16271,0.54,176.0,3094,3165,2095,1874,910.0,10.0,606,16275,0.00,2.10,0.00,0.000,1030,0.000,0.029,3097,1766,1984,2095,1874,0,0,0,0,0,0,26.22,26.14,26.24,8.58,56.57
$GC,16579,0.54,176.0,3097,1766,2095,1874,878.3,9.7,614,16584,0.00,2.22,0.00,0.000,516,0.000,0.047,3097,376,1984,2095,1874,0,0,0,0,0,0,26.60,26.13,26.61,8.57,56.89
$GC,16616,0.54,176.0,3097,376,2095,1874,878.3,9.7,614,16624,0.00,2.10,0.00,0.000,1030,0.000,0.028,3097,1766,1984,2095,1874,0,0,0,0,0,0,26.29,26.27,26.32,8.57,57.63
$GC,16944,0.54,176.0,3097,1766,2095,1873,844.4,9.2,623,16949,0.00,2.15,0.00,0.000,260,0.000,0.041,3097,3159,1984,2095,1874,0,0,0,0,0,0,26.67,26.22,26.67,8.57,57.40
$GC,16996,0.54,176.0,3097,3159,2095,1874,840.2,9.2,624,17001,0.00,2.08,0.00,0.000,1030,0.000,0.029,3097,1766,1984,2095,1874,0,0,0,0,0,0,26.36,26.27,26.39,8.57,57.67
$GC,17310,0.54,176.0,3097,1766,2094,1873,812.4,8.5,632,17312,0.00,0.00,0.00,0.000,6,0.000,0.000,3097,1765,1983,2094,1873,0,0,0,0,0,0,26.70,26.71,26.70,8.57,57.36
$GC,17630,0.54,176.0,3097,1766,2094,1874,785.5,8.3,640,17632,0.00,0.00,0.00,0.000,6,0.000,0.000,3098,1766,1983,2093,1873,0,0,0,0,0,0,26.70,26.72,26.72,8.56,58.19
$GC,17950,0.54,176.0,3097,1766,2093,1873,758.6,8.5,648,17952,0.00,0.00,0.00,0.000,6,0.000,0.000,3097,1766,1983,2093,1873,0,0,0,0,0,0,26.71,26.72,26.72,8.56,58.15
$GC,18270,0.54,176.0,3097,1766,2093,1873,730.4,8.8,656,18272,0.00,0.00,0.00,0.000,6,0.000,0.000,3097,1766,1983,2093,1873,0,0,0,0,0,0,26.72,26.72,26.72,8.56,58.11
$GC,18592,0.54,176.0,3097,1766,2093,1873,702.0,8.8,664,18593,0.00,0.00,0.00,0.000,6,0.000,0.000,3097,1766,1983,2093,1873,0,0,0,0,0,0,26.72,26.73,26.72,8.56,58.58
$GC,18912,0.54,176.0,3097,1766,2092,1872,673.3,9.1,672,18916,0.00,2.17,0.00,0.000,260,0.000,0.041,3097,3167,1982,2093,1872,0,0,0,0,0,0,26.72,26.16,26.73,8.56,58.42
$GC,18955,0.54,176.0,3097,3167,2092,1872,669.1,9.1,673,18960,0.00,2.10,0.00,0.000,1030,0.000,0.030,3097,1761,1982,2093,1872,0,0,0,0,0,0,26.33,26.24,26.36,8.56,58.23
$GC,19279,0.54,176.0,3097,1760,2093,1872,639.6,9.3,681,19284,0.00,2.17,0.00,0.000,516,0.000,0.047,3097,379,1982,2093,1872,0,0,0,0,0,0,26.72,26.06,26.72,8.56,58.38
$GC,19316,0.54,176.0,3097,379,2093,1872,639.6,9.3,681,19323,0.00,2.05,0.00,0.000,1030,0.000,0.028,3097,1771,1982,2093,1872,0,0,0,0,0,0,26.35,26.27,26.37,8.56,57.99
$GC,19643,0.54,176.0,3097,1771,2093,1872,606.0,9.3,690,19648,0.00,2.15,0.00,0.000,260,0.000,0.041,3097,3168,1982,2093,1872,0,0,0,0,0,0,26.72,26.13,26.72,8.56,57.48
$GC,19705,0.54,176.0,3097,3168,2093,1872,601.6,9.4,691,19710,0.00,2.10,0.00,0.000,1030,0.000,0.029,3097,1765,1982,2093,1872,0,0,0,0,0,0,26.30,26.22,26.34,8.55,57.71
$GC,20049,0.54,176.0,3097,1765,2092,1872,568.0,9.2,700,20054,0.00,2.20,0.00,0.000,516,0.000,0.047,3097,375,1982,2093,1872,0,0,0,0,0,0,26.71,26.03,26.72,8.56,58.30
$GC,20096,0.54,176.0,3097,374,2093,1872,564.1,9.2,701,20100,0.00,2.10,0.00,0.000,1030,0.000,0.028,3097,1780,1982,2093,1872,0,0,0,0,0,0,26.33,26.25,26.36,8.56,57.95
$GC,20414,0.54,176.0,3097,1781,2092,1872,535.6,8.8,709,20415,0.00,0.00,0.00,0.000,6,0.000,0.000,3097,1781,1982,2093,1872,0,0,0,0,0,0,26.71,26.72,26.72,8.56,57.71
$GC,20736,0.54,176.0,3097,1781,2093,1872,507.8,8.6,717,20740,0.00,2.12,0.00,0.000,260,0.000,0.041,3097,3159,1982,2093,1872,0,0,0,0,0,0,26.72,26.10,26.72,8.57,57.52
$GC,20779,0.54,176.0,3097,3160,2093,1872,503.7,8.6,718,20783,0.00,2.08,0.00,0.000,1030,0.000,0.029,3098,1775,1982,2093,1872,0,0,0,0,0,0,26.29,26.20,26.32,8.57,57.32
$GC,21102,0.54,176.0,3097,1775,2093,1872,477.0,8.3,726,21107,0.00,2.17,0.00,0.000,260,0.000,0.041,3097,3157,1982,2093,1872,0,0,0,0,0,0,26.71,26.10,26.72,8.57,57.67
$GC,21150,0.54,176.0,3097,3158,2093,1872,473.0,8.4,727,21154,0.00,2.08,0.00,0.000,1030,0.000,0.029,3098,1762,1982,2093,1872,0,0,0,0,0,0,26.27,26.18,26.31,8.58,57.16
$GC,21469,0.54,176.0,3097,1762,2093,1872,446.0,8.1,735,21473,0.00,2.20,0.00,0.000,516,0.000,0.047,3097,374,1982,2093,1872,0,0,0,0,0,0,26.71,25.98,26.72,8.59,57.12
$GC,21527,0.54,176.0,3096,374,2093,1872,442.5,8.0,736,21531,0.00,2.08,0.00,0.000,1030,0.000,0.027,3097,1775,1982,2092,1872,0,0,0,0,0,0,26.31,26.23,26.34,8.58,57.24
$GC,21835,0.54,176.0,3097,1774,2092,1872,417.8,7.8,744,21840,0.00,2.15,0.00,0.000,260,0.000,0.039,3097,3165,1982,2093,1872,0,0,0,0,0,0,26.71,26.08,26.72,8.59,56.89
$GC,21919,0.54,176.0,3097,3165,2093,1872,411.0,7.9,746,21925,0.00,2.08,0.00,0.000,1030,0.000,0.028,3098,1781,1982,2092,1872,0,0,0,0,0,0,26.28,26.20,26.31,8.59,57.40
$GC,22244,0.54,176.0,3097,1781,2093,1872,386.8,7.5,754,22251,0.00,2.25,0.00,0.000,516,0.000,0.046,3097,359,1982,2092,1872,0,0,0,0,0,0,26.71,25.97,26.72,8.59,57.00
$GC,22287,0.54,176.0,3097,358,2093,1872,383.8,7.5,755,22292,0.00,2.10,0.00,0.000,1030,0.000,0.027,3097,1774,1982,2093,1872,0,0,0,0,0,0,26.30,26.22,26.33,8.60,56.57
$GC,22608,0.54,183.3,3097,1775,2093,1872,360.2,7.2,763,22618,0.00,0.00,7.47,0.835,8198,0.000,0.000,3097,1775,1957,2068,1846,0,0,0,0,0,0,26.71,25.93,24.94,8.61,56.53
$GC,22926,0.54,183.3,3096,1775,2067,1845,336.0,7.9,771,22930,0.00,2.15,0.00,0.000,260,0.000,0.039,3097,3150,1956,2067,1845,0,0,0,0,0,0,26.65,26.11,26.65,8.60,57.40
$GC,22970,0.54,183.3,3097,3149,2066,1845,332.2,8.1,772,22974,0.00,2.10,0.00,0.000,1030,0.000,0.028,3097,1772,1955,2066,1845,0,0,0,0,0,0,26.24,26.20,26.26,8.60,57.08
$GC,23294,0.54,183.3,3097,1772,2066,1845,305.6,8.0,780,23295,0.00,0.00,0.00,0.000,6,0.000,0.000,3097,1772,1955,2066,1845,0,0,0,0,0,0,26.68,26.70,26.69,8.61,56.53
$GC,23614,0.54,183.3,3097,1772,2066,1845,280.3,7.9,788,23615,0.00,0.00,0.00,0.000,6,0.000,0.000,3097,1772,1956,2067,1845,0,0,0,0,0,0,26.70,26.71,26.71,8.61,56.97
$GC,23933,0.54,183.3,3096,1772,2067,1845,255.4,7.7,796,23935,0.00,0.00,0.00,0.000,6,0.000,0.000,3097,1772,1956,2067,1845,0,0,0,0,0,0,26.71,26.72,26.72,8.61,57.00
$GC,24254,0.54,183.3,3096,1772,2067,1845,231.1,7.7,804,24258,0.00,2.12,0.00,0.000,260,0.000,0.039,3097,3158,1956,2067,1845,0,0,0,0,0,0,26.71,26.10,26.72,8.62,56.45
$GC,24316,0.54,183.3,3097,3158,2067,1845,227.5,7.8,805,24320,0.00,2.08,0.00,0.000,1030,0.000,0.028,3098,1756,1956,2067,1845,0,0,0,0,0,0,26.29,26.20,26.32,8.62,56.57
$GC,24659,0.54,183.3,3097,1756,2067,1845,199.8,7.5,814,24666,0.00,0.00,0.00,0.000,6,0.000,0.000,3097,1755,1956,2067,1845,0,0,0,0,0,0,26.71,26.72,26.72,8.62,56.14
$GC,24970,0.54,183.3,3097,1755,2067,1845,175.7,8.2,845,24977,0.00,0.00,0.00,0.000,6,0.000,0.000,3097,1755,1956,2067,1845,0,0,0,0,0,0,26.71,26.72,26.72,8.63,56.02
$GC,25281,0.56,198.7,3097,1755,2067,1845,151.2,7.0,876,25304,0.00,2.22,15.95,0.787,8452,0.000,0.037,3097,3165,1894,2007,1781,0,0,0,0,0,0,26.71,25.95,25.12,8.64,55.78
$GC,25347,0.57,210.2,3097,3165,2006,1781,146.6,7.1,882,25365,0.00,2.08,11.48,0.753,9222,0.000,0.027,3097,1764,1847,1970,1725,0,0,0,0,0,0,26.16,26.08,24.98,8.63,55.11
$GC,25665,0.62,210.2,3097,1765,1970,1725,121.1,7.8,914,25672,0.00,0.00,0.00,0.000,6,0.000,0.000,3098,1765,1847,1969,1725,0,0,0,0,0,0,26.51,26.53,26.52,8.64,55.39
$GC,25979,0.75,267.5,3097,1764,1969,1725,101.3,5.5,945,26036,0.08,2.20,48.90,0.786,10500,0.102,0.037,3177,3156,1612,1761,1463,0,0,0,0,0,0,26.39,25.20,24.73,8.65,54.72
$GC,26237,0.75,267.5,3177,3156,1758,1457,78.4,8.7,970,26245,0.12,2.08,0.00,0.000,5126,0.124,0.027,3138,1761,1607,1758,1457,0,0,0,0,0,0,25.75,25.96,25.90,8.68,55.39
$GC,26546,0.89,325.5,3137,1760,1756,1455,61.2,5.5,1001,26599,0.10,2.25,44.62,0.739,11012,0.079,0.043,3234,378,1377,1545,1209,0,0,0,0,0,0,26.31,25.46,24.79,8.74,55.82
$GC,26783,0.89,325.5,3233,378,1538,1209,39.7,9.8,1024,26789,0.15,2.08,0.00,0.000,5126,0.119,0.024,3184,1780,1373,1538,1209,0,0,0,0,0,0,25.75,26.00,25.88,8.77,55.47
$GC,27098,0.90,338.3,3183,1780,1535,1206,15.3,7.1,1055,27108,0.00,0.00,5.72,0.488,8198,0.000,0.000,3184,1780,1324,1490,1159,0,0,0,0,0,0,26.53,25.91,25.22,8.82,53.78
$STATE,27276,end climb,SURFACE_DEPTH_REACHED
$STATE,27276,begin surface coast
$FINISH,0.0,1.023127
$STATE,27319,end surface coast,CONTROL_FINISHED_OK
$STATE,27319,begin surface
$SM_CCo,27400,0.00,0.000,0,0,1323,339.50
$SM_GC,0.35,7.60,0.62,0.00,0.027,0.035,0.000,173,2198,1323,-8.36,-1.64,339.50,0,0,0,0,0,0,26.30,26.23,26.34
$IRIDIUM_FIX,328.62,-13958.38,291224,101415
$TT8_MAMPS,0.026964,0.378245
$HUMID,51.89
$INTERNAL_PRESSURE,8.82974
$TCM_TEMP,19.30
$XPDR_PINGS,0
$ALTIM_TOP_PING,19.6,19.7
$24V_AH,23.27,27.328
$10V_AH,10.10,23.463
$FG_AHR_24Vo,0.000
$FG_AHR_10Vo,0.000
$DEVICES,Pitch_motor,Roll_motor,VBD_pump_during_apogee,VBD_pump_during_surface,VBD_valve,Iridium_during_init,Iridium_during_connect,Iridium_during_xfer,Transponder_ping,GUMSTIX_24V,GPS,TT8,LPSleep,TT8_Active,TT8_Sampling,TT8_CF8,TT8_Kalman,Analog_circuits,GPS_charging,Compass,RAFOS,Transponder,Compass2
$DEVICE_SECS,20.300,186.175,433.025,0.000,0.000,0.000,0.000,305.050,0.250,0.000,23.028,3766.545,19648.791,627.218,3334.541,462.220,0.000,2462.695,0.000,2817.635,0.000,2.766,0.000
$DEVICE_MAMPS,210.375,50.490,1392.300,0.000,0.000,0.000,0.000,92.565,420.000,0.000,30.710,15.210,2.190,15.210,43.670,53.410,0.000,14.000,0.000,8.240,0.000,30.000,0.000
$SENSORS,SBE_CT,WL_blue_red_Chl,AA4330,nil,nil,nil,nil,nil,nil,nil
$SENSOR_SECS,933.540,330.639,1464.843,0.000,0.000,0.000,0.000,0.000,0.000,0.000
$SENSOR_MAMPS,22.470,105.000,11.230,0.000,0.000,0.000,0.000,0.000,0.000,0.000
$MEM,311832
$DATA_FILE_SIZE,76396,1077
$CAP_FILE_SIZE,213608,0
$CFSIZE,2097872896,2071035904
$ERRORS,0,0,0,0,0,0,0,0,0,0,0,0,0,0,1,0
$CURRENT,0.127,29.81,1
$GPS,160505,014005,337.566,-13954.708,42,0.8,51,9.3,1.1,310.9,10,5.0
