version: 66.14
glider: 195
mission: 21
dive: 411
start: 7 22 105 18 51 37
data:
$ID,195
$MISSION,21
$DIVE,411
$N_DIVES,0
$STOP_T,0
$D_SURF,3
$D_FLARE,2
$D_TGT,990
$D_ABORT,1090
$D_NO_BLEED,50
$D_BOOST,3
$T_BOOST,0
$D_FINISH,0
$D_PITCH,0
$D_SAFE,0
$D_CALL,0
$SURFACE_URGENCY,0
$SURFACE_URGENCY_TRY,0
$SURFACE_URGENCY_FORCE,0
$T_DIVE,330
$T_MISSION,600
$T_ABORT,1440
$T_TURN,300
$T_TURN_SAMPINT,5
$T_NO_W,120
$T_LOITER,0
$T_SLOITER,60
$T_EPIRB,0
$USE_BATHY,0
$USE_ICE,0
$ICE_FREEZE_MARGIN,0.30000001
$D_OFFGRID,990
$T_WATCHDOG,10
$RELAUNCH,1
$APOGEE_PITCH,-8
$MAX_BUOY,150
$COURSE_BIAS,0
$GLIDE_SLOPE,30
$SPEED_FACTOR,1
$RHO,1.023
$MASS,54002
$MASS_COMP,0
$NAV_MODE,3
$FERRY_MAX,45
$KALMAN_USE,2
$HD_A,0.0038000001
$HD_B,0.0099999998
$HD_C,9.8500004e-06
$HEADING,270
$ESCAPE_HEADING,0
$ESCAPE_HEADING_DELTA,10
$FIX_MISSING_TIMEOUT,0
$TGT_DEFAULT_LAT,4736
$TGT_DEFAULT_LON,-12225
$TGT_AUTO_DEFAULT,0
$SM_CC,565.6618
$N_FILEKB,4
$FILEMGR,0
$CALL_NDIVES,1
$COMM_SEQ,0
$PROTOCOL,9
$N_NOCOMM,1
$NOCOMM_ACTION,0
$N_NOSURFACE,0
$UPLOAD_DIVES_MAX,-1
$CALL_TRIES,5
$CALL_WAIT,60
$CAPUPLOAD,0
$CAPMAXSIZE,200000
$HEAPDBG,0
$T_GPS,15
$N_GPS,50840
$T_RSLEEP,2
$STROBE,0
$RAFOS_PEAK_OFFSET,1.5
$RAFOS_CORR_THRESH,60
$RAFOS_HIT_WINDOW,3600
$RAFOS_MMODEM,0
$PITCH_MIN,207
$PITCH_MAX,3915
$C_PITCH,2884
$PITCH_DBAND,0.1
$PITCH_CNV,0.003125763
$P_OVSHOOT,0.039999999
$P_OVSHOOT_WITHG,0.079999998
$PITCH_GAIN,19.15
$PITCH_TIMEOUT,17
$PITCH_AD_RATE,160
$PITCH_MAXERRORS,1
$PITCH_ADJ_GAIN,0.02
$PITCH_ADJ_DBAND,2.5
$ROLL_MIN,224
$ROLL_MAX,3758
$ROLL_DEG,40
$C_ROLL_DIVE,2243
$C_ROLL_CLIMB,1718
$HEAD_ERRBAND,10
$ROLL_CNV,0.028270001
$ROLL_TIMEOUT,15
$R_PORT_OVSHOOT,47
$R_STBD_OVSHOOT,43
$ROLL_AD_RATE,350
$ROLL_MAXERRORS,2
$ROLL_ADJ_GAIN,0
$ROLL_ADJ_DBAND,0
$VBD_MIN,500
$VBD_MAX,3960
$C_VBD,2806
$VBD_DBAND,2
$VBD_CNV,-0.24529999
$VBD_LP_IGNORE,0
$VBD_TIMEOUT,720
$PITCH_VBD_SHIFT,0.001
$VBD_PUMP_AD_RATE_SURFACE,5
$VBD_PUMP_AD_RATE_APOGEE,4
$VBD_BLEED_AD_RATE,8
$UNCOM_BLEED,60
$VBD_MAXERRORS,1
$W_ADJ_DBAND,0
$DBDW,0
$PITCH_W_GAIN,0
$PITCH_W_DBAND,0
$CF8_MAXERRORS,5
$AH0_24V,150
$AH0_10V,97
$MINV_24V,19
$MINV_10V,8
$MAXI_24V,0.80000001
$MAXI_10V,0.60000002
$FG_AHR_10V,0
$FG_AHR_24V,0
$PHONE_SUPPLY,-2
$PRESSURE_YINT,-49.397121
$PRESSURE_SLOPE,0.0001168043
$AD7714Ch0Gain,128
$TCM_PITCH_OFFSET,0
$TCM_ROLL_OFFSET,0
$COMPASS_USE,4
$ALTIM_BOTTOM_PING_RANGE,0
$ALTIM_TOP_PING_RANGE,20
$ALTIM_BOTTOM_TURN_MARGIN,0
$ALTIM_TOP_TURN_MARGIN,0
$ALTIM_TOP_MIN_OBSTACLE,1
$ALTIM_PING_DEPTH,0
$ALTIM_PING_DELTA,0
$ALTIM_FREQUENCY,13
$ALTIM_PULSE,3
$ALTIM_SENSITIVITY,3
$XPDR_VALID,5
$XPDR_INHIBIT,90
$INT_PRESSURE_SLOPE,0.0097660003
$INT_PRESSURE_YINT,-0.77999997
$DEEPGLIDER,0
$MOTHERBOARD,4
$DEVICE1,2
$DEVICE2,115
$DEVICE3,101
$DEVICE4,-1
$DEVICE5,-1
$DEVICE6,-1
$LOGGERS,0
$LOGGERDEVICE1,-1
$LOGGERDEVICE2,-1
$LOGGERDEVICE3,-1
$LOGGERDEVICE4,-1
$COMPASS_DEVICE,33
$COMPASS2_DEVICE,-1
$PHONE_DEVICE,49
$GPS_DEVICE,32
$RAFOS_DEVICE,-1
$XPDR_DEVICE,24
$SIM_W,0
$SIM_PITCH,0
$SEABIRD_T_G,0.0044178674
$SEABIRD_T_H,0.00064818078
$SEABIRD_T_I,2.6779007e-05
$SEABIRD_T_J,3.3667231e-06
$SEABIRD_C_G,-10.098215
$SEABIRD_C_H,1.1454017
$SEABIRD_C_I,-0.0021276253
$SEABIRD_C_J,0.00025532115
$SEABIRD_C_Z,2974.52
$GPS1,220705,183950,716.2624,-14018.8447,43,0.9,58,9.3,0.3,95.1,9,5.0
$_CALLS,1
$_XMS_NAKs,1
$_XMS_TOUTs,0
$_SM_DEPTHo,-0.06
$_SM_ANGLEo,-52.0
$GPS2,220705,185059,716.2963,-14018.8213,11,0.8,36,9.3,0.4,79.1,10,4.8
$SPEED_LIMITS,0.173,0.262
$TGT_NAME,HEADING
$TGT_LATLONG,723.872,-14026.581
$TGT_RADIUS,1852.000
$KALMAN_CONTROL,0.000000,0.000000
$KALMAN_X,0.000000,0.000000,0.000000,0.000000,0.000000
$KALMAN_Y,0.000000,0.000000,0.000000,0.000000,0.000000
$MHEAD_RNG_PITCHd_Wd,305.3,20000,-18.1,-10.000,-20.93,2235
$D_GRID,990
$GCHEAD,st_secs,pitch_ctl,vbd_ctl,pitch_ad_start,roll_ad_start,vbd_pot1_ad_start,vbd_pot2_ad_start,depth,ob_vertv,data_pts,end_secs,pitch_secs,roll_secs,vbd_secs,vbd_i,gcphase,pitch_i,roll_i,pitch_ad,roll_ad,vbd_ad,vbd_pot1_ad,vbd_pot2_ad,pitch_retries,pitch_errors,roll_retries,roll_errors,vbd_retries,vbd_errors,pitch_volts,roll_volts,vbd_volts,int_press,humidity
$STATE,6,end surface,CONTROL_FINISHED_OK
$STATE,6,begin dive
$GC,74,-1.09,-146.6,114,2226,548,468,-0.0,0.0,6,163,0.00,0.00,-86.60,0.000,16386,0.000,0.000,114,2227,2831,2841,2821,0,0,0,0,0,0,26.36,28.83,26.36,8.81,51.89
$GC,167,-1.09,-146.6,114,2227,2844,2820,2.5,-5.2,15,196,9.40,2.22,-12.15,0.000,18692,0.207,0.053,2516,3643,3402,3419,3386,0,0,0,0,0,0,24.94,25.37,25.14,9.04,51.41
$GC,285,-0.92,-146.6,2516,3643,3421,3385,25.3,-16.8,26,290,0.22,2.05,0.00,0.000,3078,0.139,0.019,2584,2201,3403,3421,3385,0,0,0,0,0,0,25.54,26.12,25.72,9.10,51.89
$GC,492,-0.86,-146.6,2583,2201,3422,3385,53.5,-13.9,45,497,0.00,2.22,0.00,0.000,260,0.000,0.041,2576,3642,3404,3422,3386,0,0,0,0,0,0,26.53,25.95,26.53,9.12,51.85
$GC,747,-0.80,-146.6,2575,3642,3423,3386,81.3,-7.8,57,757,0.15,1.98,0.00,0.000,3078,0.135,0.018,2622,2217,3404,3423,3386,0,0,0,0,0,0,25.82,26.27,25.96,9.13,51.53
$GC,940,-0.80,-146.6,2621,2217,3426,3386,96.0,-8.0,67,944,0.00,1.95,0.00,0.000,516,0.000,0.028,2622,890,3406,3426,3386,0,0,0,0,0,0,26.59,26.12,26.60,9.12,51.22
$GC,1180,-0.80,-146.6,2621,890,3429,3385,112.1,-7.3,78,1188,0.00,1.98,0.00,0.000,1030,0.000,0.024,2615,2255,3407,3429,3385,0,0,0,0,0,0,26.27,26.20,26.29,9.09,51.41
$GC,1367,-0.80,-146.6,2615,2256,3430,3385,124.1,-5.8,88,1371,0.00,2.03,0.00,0.000,516,0.000,0.028,2615,879,3407,3430,3385,0,0,0,0,0,0,26.61,26.15,26.62,9.08,50.70
$GC,1473,-0.80,-146.6,2615,878,3430,3385,130.3,-6.2,93,1477,0.00,1.98,0.00,0.000,1030,0.000,0.024,2607,2242,3408,3431,3385,0,0,0,0,0,0,26.27,26.20,26.29,9.06,51.57
$GC,1672,-0.80,-146.6,2606,2242,3431,3385,141.4,-5.4,103,1676,0.00,2.17,0.00,0.000,260,0.000,0.041,2596,3637,3408,3431,3385,0,0,0,0,0,0,26.61,26.04,26.63,9.04,50.98
$GC,1806,-0.80,-146.6,2596,3637,3430,3385,149.1,-6.6,109,1811,0.08,1.98,0.00,0.000,3078,0.129,0.018,2621,2242,3408,3431,3386,0,0,0,0,0,0,26.01,26.31,26.06,9.03,51.37
$GC,2003,-0.86,-146.6,2620,2241,3431,3385,161.8,-6.4,119,2007,0.00,1.98,0.00,0.000,516,0.000,0.028,2621,893,3407,3430,3385,0,0,0,0,0,0,26.62,26.15,26.63,9.01,52.28
$GC,2180,-0.86,-146.6,2621,893,3431,3385,172.9,-6.8,127,2187,0.00,1.95,0.00,0.000,1030,0.000,0.025,2615,2241,3408,3431,3385,0,0,0,0,0,0,26.27,26.20,26.29,9.01,52.36
$GC,2368,-0.92,-146.6,2615,2241,3431,3385,186.5,-6.9,137,2369,0.00,0.00,0.00,0.000,6,0.000,0.000,2616,2241,3407,3430,3385,0,0,0,0,0,0,26.62,26.63,26.63,8.99,52.79
$GC,2547,-0.98,-146.6,2615,2241,3430,3385,198.3,-6.5,146,2552,0.10,2.00,0.00,0.000,4612,0.077,0.028,2526,886,3408,3431,3385,0,0,0,0,0,0,26.39,26.15,26.41,8.98,52.95
$GC,2722,-0.91,-146.6,2526,886,3430,3385,211.8,-8.3,151,2728,0.22,1.98,0.00,0.000,3078,0.128,0.025,2588,2247,3407,3430,3385,0,0,0,0,0,0,25.73,26.20,25.90,8.97,53.66
$GC,2917,-0.91,-146.6,2588,2247,3430,3385,226.4,-6.9,156,2922,0.00,2.05,0.00,0.000,516,0.000,0.029,2588,892,3407,3430,3385,0,0,0,0,0,0,26.62,26.15,26.63,8.96,54.48
$GC,2965,-0.91,-146.6,2588,891,3430,3384,229.4,-6.9,157,2969,0.00,1.98,0.00,0.000,1030,0.000,0.025,2582,2252,3407,3430,3384,0,0,0,0,0,0,26.27,26.19,26.29,8.95,54.05
$GC,3164,-0.91,-146.6,2581,2252,3430,3382,243.7,-7.0,162,3168,0.00,2.05,0.00,0.000,516,0.000,0.029,2582,899,3406,3431,3382,0,0,0,0,0,0,26.63,26.15,26.63,8.94,54.44
$GC,3231,-0.91,-146.6,2582,899,3430,3382,246.9,-7.1,163,3235,0.00,1.95,0.00,0.000,1030,0.000,0.025,2574,2244,3406,3430,3382,0,0,0,0,0,0,26.27,26.20,26.29,8.94,55.19
$GC,3451,-0.91,-146.6,2573,2243,3430,3380,263.8,-6.9,169,3455,0.00,2.03,0.00,0.000,516,0.000,0.029,2573,882,3405,3430,3380,0,0,0,0,0,0,26.63,26.14,26.63,8.93,55.59
$GC,3527,-0.91,-146.6,2573,882,3430,3380,266.8,-6.7,170,3535,0.00,2.03,0.00,0.000,1030,0.000,0.025,2565,2242,3405,3430,3380,0,0,0,0,0,0,26.22,26.19,26.25,8.93,54.96
$GC,3734,-0.91,-146.6,2565,2242,3429,3377,283.5,-7.2,176,3739,0.00,2.03,0.00,0.000,516,0.000,0.029,2566,884,3403,3429,3377,0,0,0,0,0,0,26.63,26.14,26.63,8.92,55.39
$GC,3782,-0.91,-146.6,2565,884,3429,3377,287.0,-7.3,177,3786,0.10,1.98,0.00,0.000,3078,0.147,0.026,2587,2241,3403,3429,3377,0,0,0,0,0,0,25.91,26.19,26.03,8.93,55.82
$GC,3982,-0.91,-146.6,2586,2241,3429,3376,301.6,-7.3,182,3987,0.00,2.03,0.00,0.000,516,0.000,0.029,2587,886,3402,3429,3376,0,0,0,0,0,0,26.63,26.13,26.63,8.91,56.26
$GC,4044,-0.91,-146.6,2587,886,3429,3376,304.8,-7.2,183,4049,0.00,2.03,0.00,0.000,1030,0.000,0.026,2581,2242,3402,3429,3376,0,0,0,0,0,0,26.21,26.17,26.25,8.90,55.98
$GC,4269,-0.91,-146.6,2581,2242,3426,3375,320.6,-6.4,189,4273,0.00,2.03,0.00,0.000,516,0.000,0.029,2581,884,3401,3427,3375,0,0,0,0,0,0,26.63,26.13,26.63,8.90,56.34
$GC,4354,-0.91,-146.6,2581,884,3426,3375,326.6,-6.7,191,4358,0.00,2.00,0.00,0.000,1030,0.000,0.026,2573,2244,3400,3426,3375,0,0,0,0,0,0,26.26,26.18,26.28,8.89,56.73
$GC,4558,-0.91,-146.6,2572,2245,3424,3373,341.9,-7.6,196,4559,0.00,0.00,0.00,0.000,6,0.000,0.000,2573,2245,3398,3424,3373,0,0,0,0,0,0,26.62,26.64,26.63,8.89,57.16
$GC,4757,-0.91,-146.6,2572,2245,3423,3372,357.9,-8.1,201,4761,0.00,2.03,0.00,0.000,516,0.000,0.030,2573,893,3397,3423,3372,0,0,0,0,0,0,26.63,26.13,26.63,8.89,56.30
$GC,4775,-0.91,-146.6,2572,892,3423,3372,357.9,-8.1,201,4779,0.00,2.00,0.00,0.000,1030,0.000,0.026,2565,2248,3398,3424,3373,0,0,0,0,0,0,26.25,26.17,26.28,8.89,56.53
$GC,4963,-0.91,-146.6,2565,2247,3422,3371,375.7,-8.6,206,4967,0.00,2.20,0.00,0.000,260,0.000,0.042,2555,3664,3396,3422,3371,0,0,0,0,0,0,26.63,26.00,26.63,8.88,56.81
$GC,5025,-0.91,-146.6,2554,3664,3420,3371,379.7,-8.8,207,5032,0.10,2.00,0.00,0.000,3078,0.142,0.020,2586,2247,3396,3421,3371,0,0,0,0,0,0,25.96,26.28,26.06,8.88,56.85
$GC,5248,-0.97,-146.6,2586,2247,3421,3369,400.2,-8.5,213,5252,0.00,2.20,0.00,0.000,260,0.000,0.042,2577,3633,3395,3421,3369,0,0,0,0,0,0,26.63,26.00,26.63,8.87,57.56
$GC,5414,-0.97,-146.6,2576,3633,3420,3367,414.0,-8.4,217,5419,0.00,1.98,0.00,0.000,1030,0.000,0.020,2577,2253,3394,3420,3368,0,0,0,0,0,0,26.33,26.27,26.34,8.87,57.12
$GC,5614,-0.97,-146.6,2576,2253,3420,3367,430.1,-8.0,222,5618,0.00,2.08,0.00,0.000,516,0.000,0.031,2577,866,3393,3420,3367,0,0,0,0,0,0,26.63,26.10,26.63,8.86,57.95
$GC,5786,-0.97,-146.6,2576,866,3419,3367,443.2,-8.0,226,5791,0.00,2.03,0.00,0.000,1030,0.000,0.027,2568,2241,3393,3419,3367,0,0,0,0,0,0,26.25,26.17,26.27,8.86,57.44
$GC,5980,-0.97,-146.6,2568,2241,3418,3366,459.0,-7.8,231,5982,0.00,0.00,0.00,0.000,6,0.000,0.000,2568,2241,3392,3419,3366,0,0,0,0,0,0,26.63,26.64,26.63,8.85,57.40
$GC,6180,-0.97,-146.6,2568,2241,3418,3365,474.7,-7.9,236,6185,0.00,2.05,0.00,0.000,516,0.000,0.031,2568,874,3391,3418,3365,0,0,0,0,0,0,26.63,26.10,26.63,8.85,57.44
$GC,6217,-0.97,-146.6,2568,874,3418,3364,474.7,-7.9,236,6225,0.00,2.03,0.00,0.000,1030,0.000,0.026,2560,2247,3391,3418,3365,0,0,0,0,0,0,26.24,26.16,26.27,8.85,57.52
$GC,6425,-0.97,-146.6,2560,2247,3416,3364,494.9,-8.3,242,6429,0.00,2.20,0.00,0.000,260,0.000,0.043,2550,3636,3390,3416,3364,0,0,0,0,0,0,26.63,25.99,26.64,8.84,57.87
$GC,6457,-0.97,-146.6,2550,3635,3416,3364,494.9,-8.3,242,6461,0.00,2.00,0.00,0.000,1030,0.000,0.021,2550,2241,3390,3416,3364,0,0,0,0,0,0,26.32,26.27,26.34,8.85,57.83
$GC,6671,-0.97,-146.6,2549,2241,3416,3364,516.1,-8.6,248,6674,0.00,2.17,0.00,0.000,260,0.000,0.042,2539,3637,3389,3416,3363,0,0,0,0,0,0,26.63,25.98,26.63,8.83,57.95
$GC,6834,-0.97,-146.6,2538,3638,3414,3362,531.6,-9.4,252,6839,0.10,2.00,0.00,0.000,3078,0.148,0.021,2570,2239,3388,3414,3362,0,0,0,0,0,0,25.92,26.26,26.03,8.84,58.03
$GC,7038,-0.97,-146.6,2569,2238,3414,3361,549.5,-8.8,257,7042,0.00,2.20,0.00,0.000,260,0.000,0.042,2562,3648,3387,3414,3361,0,0,0,0,0,0,26.63,25.98,26.63,8.83,57.79
$GC,7199,-0.97,-146.6,2561,3649,3414,3360,560.5,-8.9,260,7206,0.00,2.00,0.00,0.000,1030,0.000,0.021,2562,2250,3386,3413,3360,0,0,0,0,0,0,26.32,26.26,26.34,8.83,58.58
$GC,7402,-0.97,-146.6,2561,2250,3414,3360,579.9,-7.9,266,7406,0.00,2.17,0.00,0.000,260,0.000,0.042,2552,3637,3386,3414,3359,0,0,0,0,0,0,26.63,25.98,26.64,8.82,58.50
$GC,7565,-0.97,-146.6,2551,3637,3412,3359,592.3,-7.5,270,7569,0.00,2.03,0.00,0.000,1030,0.000,0.021,2551,2232,3385,3412,3359,0,0,0,0,0,0,26.32,26.26,26.33,8.82,58.89
$GC,7769,-0.97,-146.6,2551,2232,3412,3358,606.0,-6.7,275,7773,0.00,2.05,0.00,0.000,516,0.000,0.031,2552,870,3385,3412,3359,0,0,0,0,0,0,26.63,26.08,26.63,8.81,58.93
$GC,7925,-0.97,-146.6,2551,869,3412,3359,614.2,-6.6,278,7932,0.00,2.03,0.00,0.000,1030,0.000,0.028,2543,2243,3385,3411,3359,0,0,0,0,0,0,26.22,26.13,26.24,8.82,58.54
$GC,8135,-0.97,-146.6,2542,2243,3411,3357,629.8,-6.5,284,8136,0.00,0.00,0.00,0.000,6,0.000,0.000,2543,2243,3384,3411,3357,0,0,0,0,0,0,26.63,26.64,26.63,8.81,58.82
$GC,8333,-0.97,-146.6,2542,2243,3411,3356,643.6,-6.9,289,8337,0.00,2.08,0.00,0.000,516,0.000,0.031,2543,868,3384,3411,3357,0,0,0,0,0,0,26.63,26.08,26.63,8.81,58.66
$GC,8498,-0.97,-146.6,2542,868,3410,3356,656.4,-7.8,293,8504,0.10,2.08,0.00,0.000,3078,0.135,0.028,2566,2239,3383,3410,3357,0,0,0,0,0,0,25.79,26.13,25.86,8.80,58.26
$GC,8704,-0.97,-146.6,2565,2239,3409,3355,672.3,-7.8,298,8708,0.00,2.10,0.00,0.000,516,0.000,0.032,2566,873,3382,3409,3355,0,0,0,0,0,0,26.63,26.08,26.63,8.79,58.74
$GC,8771,-0.97,-146.6,2565,873,3409,3355,676.1,-7.9,299,8775,0.00,2.05,0.00,0.000,1030,0.000,0.028,2560,2253,3382,3409,3355,0,0,0,0,0,0,26.20,26.12,26.23,8.80,58.66
$GC,8992,-0.97,-146.6,2559,2253,3409,3354,697.0,-8.8,305,8996,0.00,2.10,0.00,0.000,516,0.000,0.031,2560,868,3381,3409,3354,0,0,0,0,0,0,26.63,26.06,26.63,8.79,59.29
$GC,9075,-0.97,-146.6,2559,868,3409,3354,704.7,-8.9,307,9079,0.00,2.08,0.00,0.000,1030,0.000,0.028,2552,2241,3381,3409,3354,0,0,0,0,0,0,26.15,26.11,26.18,8.79,59.52
$GC,9279,-0.97,-146.6,2551,2240,3408,3353,723.0,-9.0,312,9283,0.00,2.10,0.00,0.000,516,0.000,0.032,2552,877,3380,3408,3353,0,0,0,0,0,0,26.63,26.06,26.63,8.79,59.52
$GC,9336,-0.97,-146.6,2551,877,3408,3353,727.0,-9.0,313,9340,0.00,2.03,0.00,0.000,1030,0.000,0.028,2544,2241,3380,3408,3353,0,0,0,0,0,0,26.20,26.12,26.22,8.79,59.05
$GC,9525,-0.97,-146.6,2543,2241,3407,3352,745.2,-9.0,318,9529,0.00,2.22,0.00,0.000,260,0.000,0.044,2533,3639,3379,3406,3352,0,0,0,0,0,0,26.63,25.94,26.63,8.78,59.25
$GC,9552,-0.97,-146.6,2533,3638,3406,3352,745.2,-9.0,318,9559,0.12,2.03,0.00,0.000,3078,0.140,0.022,2572,2232,3379,3406,3353,0,0,0,0,0,0,25.83,26.23,25.95,8.78,59.56
$GC,9770,-1.03,-146.6,2571,2233,3406,3352,765.0,-8.0,324,9774,0.00,2.05,0.00,0.000,516,0.000,0.033,2571,875,3379,3406,3352,0,0,0,0,0,0,26.62,26.04,26.63,8.78,59.49
$GC,9787,-1.09,-146.6,2571,875,3406,3352,765.0,-8.0,324,9791,0.00,2.05,0.00,0.000,1030,0.000,0.028,2567,2248,3379,3406,3352,0,0,0,0,0,0,26.18,26.10,26.21,8.78,59.45
$GC,9976,-1.14,-146.6,2566,2248,3406,3350,780.8,-7.6,329,9983,0.10,2.17,0.00,0.000,4356,0.079,0.044,2480,3639,3377,3405,3350,0,0,0,0,0,0,26.39,25.92,26.41,8.77,59.49
$GC,10066,-1.14,-146.6,2479,3639,3405,3351,788.1,-8.1,331,10073,0.12,2.03,0.00,0.000,3078,0.146,0.022,2517,2235,3377,3404,3351,0,0,0,0,0,0,25.80,26.22,25.91,8.77,59.68
$GC,10258,-1.14,-146.6,2517,2234,3404,3351,804.0,-7.8,336,10262,0.00,2.08,0.00,0.000,516,0.000,0.033,2517,868,3377,3404,3351,0,0,0,0,0,0,26.63,26.03,26.63,8.77,59.29
$GC,10275,-1.14,-146.6,2517,868,3404,3351,804.0,-7.8,336,10279,0.00,2.08,0.00,0.000,1030,0.000,0.028,2510,2240,3378,3405,3351,0,0,0,0,0,0,26.13,26.09,26.16,8.77,60.00
$GC,10464,-1.14,-146.6,2509,2240,3404,3350,819.5,-7.6,341,10467,0.00,2.20,0.00,0.000,260,0.000,0.043,2499,3642,3377,3404,3350,0,0,0,0,0,0,26.62,25.90,26.63,8.76,59.96
$GC,10598,-1.14,-146.6,2499,3642,3403,3349,828.7,-7.4,344,10602,0.00,2.03,0.00,0.000,1030,0.000,0.022,2500,2251,3376,3403,3350,0,0,0,0,0,0,26.27,26.22,26.29,8.77,59.88
$GC,10791,-1.14,-146.6,2499,2250,3403,3349,843.8,-7.3,349,10795,0.00,2.10,0.00,0.000,516,0.000,0.033,2500,859,3376,3403,3349,0,0,0,0,0,0,26.63,26.01,26.63,8.76,59.88
$GC,10964,-1.14,-146.6,2500,859,3403,3349,856.5,-7.8,353,10968,0.00,2.08,0.00,0.000,1030,0.000,0.028,2489,2250,3376,3403,3349,0,0,0,0,0,0,26.17,26.08,26.20,8.76,60.35
$GC,11158,-1.14,-146.6,2489,2250,3403,3348,872.5,-7.9,358,11162,0.00,2.15,0.00,0.000,516,0.000,0.033,2489,861,3376,3403,3349,0,0,0,0,0,0,26.63,26.01,26.63,8.75,60.15
$GC,11244,-1.09,-146.6,2488,862,3402,3348,879.6,-8.2,360,11250,0.17,2.08,0.00,0.000,3078,0.135,0.028,2533,2252,3375,3403,3348,0,0,0,0,0,0,25.63,26.08,25.79,8.75,60.00
$GC,11445,-1.09,-146.6,2532,2252,3403,3347,895.3,-7.6,365,11449,0.00,2.10,0.00,0.000,516,0.000,0.032,2533,869,3374,3402,3347,0,0,0,0,0,0,26.62,26.01,26.63,8.75,59.72
$GC,11521,-1.09,-146.6,2532,868,3403,3347,898.8,-7.7,366,11528,0.00,2.05,0.00,0.000,1030,0.000,0.029,2527,2250,3375,3403,3347,0,0,0,0,0,0,26.15,26.06,26.18,8.75,59.49
$GC,11728,-1.09,-146.6,2526,2250,3403,3346,918.0,-8.1,372,11733,0.00,2.15,0.00,0.000,516,0.000,0.033,2526,862,3374,3403,3346,0,0,0,0,0,0,26.63,26.01,26.63,8.75,60.12
$GC,11816,-1.09,-146.6,2526,863,3403,3346,924.9,-8.1,374,11820,0.00,2.08,0.00,0.000,1030,0.000,0.029,2517,2248,3374,3402,3346,0,0,0,0,0,0,26.15,26.06,26.18,8.74,60.08
$GC,12015,-1.09,-146.6,2517,2247,3402,3345,940.9,-7.9,379,12020,0.00,2.10,0.00,0.000,516,0.000,0.033,2517,868,3373,3402,3345,0,0,0,0,0,0,26.63,25.99,26.63,8.74,60.23
$GC,12083,-1.09,-146.6,2517,868,3402,3345,944.3,-7.8,380,12087,0.00,2.08,0.00,0.000,1030,0.000,0.029,2508,2254,3373,3402,3345,0,0,0,0,0,0,26.15,26.06,26.17,8.74,60.63
$GC,12302,-1.09,-146.6,2508,2254,3401,3344,963.4,-7.7,386,12307,0.00,2.15,0.00,0.000,516,0.000,0.033,2508,867,3372,3401,3344,0,0,0,0,0,0,26.63,25.99,26.63,8.74,60.75
$GC,12402,-1.09,-146.6,2508,867,3401,3344,970.1,-7.8,388,12407,0.10,2.08,0.00,0.000,3078,0.158,0.029,2528,2251,3372,3401,3344,0,0,0,0,0,0,25.75,26.04,25.86,8.74,60.15
$GC,12592,-1.09,-146.6,2527,2251,3401,3343,985.2,-7.3,393,12597,0.00,2.15,0.00,0.000,516,0.000,0.033,2528,869,3372,3401,3343,0,0,0,0,0,0,26.62,25.98,26.63,8.74,60.75
$GC,12645,-1.09,-146.6,2527,869,3401,3343,988.7,-7.3,394,12649,0.00,2.05,0.00,0.000,1030,0.000,0.029,2521,2242,3372,3401,3344,0,0,0,0,0,0,26.14,26.05,26.17,8.74,60.98
$STATE,12676,end dive,TARGET_DEPTH_EXCEEDED
$STATE,12676,begin apogee
$GC,12684,-0.42,0.0,2522,1725,3400,3343,991.9,-7.4,395,12814,0.68,0.00,126.75,1.314,10246,0.108,0.000,2744,1723,2805,2907,2704,0,0,0,0,0,0,25.41,24.24,22.89,8.74,60.94
$STATE,12816,end apogee,CONTROL_FINISHED_OK
$STATE,12816,begin climb
$GC,12819,1.09,146.6,2744,1723,2906,2704,996.6,0.0,398,12972,1.40,2.35,142.10,1.307,10756,0.067,0.043,3243,331,2206,2292,2120,0,0,0,0,0,0,24.79,24.19,22.89,8.69,59.21
$GC,13045,0.87,168.4,3242,331,2291,2120,980.1,9.0,404,13074,0.25,2.15,22.75,1.224,13318,0.125,0.024,3166,1739,2119,2210,2028,0,0,0,0,0,0,25.28,25.60,23.46,8.63,58.42
$GC,13284,0.90,195.0,3166,1739,2208,2024,958.7,8.8,410,13316,0.00,2.33,26.77,1.254,8708,0.000,0.043,3175,324,2009,2111,1908,0,0,0,0,0,0,26.29,24.49,23.61,8.62,59.37
$GC,13411,0.92,214.9,3174,323,2111,1908,947.9,9.1,412,13443,0.00,2.12,20.77,1.226,9222,0.000,0.025,3175,1706,1925,2041,1810,0,0,0,0,0,0,25.86,25.83,23.65,8.61,59.29
$GC,13645,0.93,226.8,3174,1706,2041,1810,925.0,9.5,418,13664,0.00,2.25,12.55,1.166,8708,0.000,0.044,3185,335,1879,2003,1755,0,0,0,0,0,0,26.32,25.25,23.85,8.60,59.80
$GC,13740,0.94,235.0,3184,335,2003,1755,917.1,9.6,420,13756,0.00,2.10,9.60,1.110,9222,0.000,0.025,3184,1724,1845,1972,1718,0,0,0,0,0,0,25.95,25.89,23.82,8.60,59.92
$GC,13966,0.95,241.2,3184,1724,1972,1718,893.5,9.7,426,13978,0.00,2.25,7.45,1.047,8708,0.000,0.044,3193,329,1820,1951,1690,0,0,0,0,0,0,26.36,24.78,23.87,8.59,60.04
$GC,14080,0.95,245.2,3192,329,1950,1690,885.7,9.8,428,14091,0.00,2.08,5.80,0.959,9222,0.000,0.025,3193,1719,1805,1935,1676,0,0,0,0,0,0,26.07,26.00,23.83,8.59,60.43
$GC,14290,0.95,249.5,3193,1719,1935,1672,861.4,9.8,434,14302,0.00,2.25,5.88,0.968,8708,0.000,0.046,3193,336,1785,1916,1655,0,0,0,0,0,0,26.41,25.35,23.85,8.58,61.10
$GC,14409,0.96,253.9,3192,336,1917,1655,853.4,9.8,436,14422,0.00,2.08,6.25,0.985,9222,0.000,0.025,3193,1723,1767,1902,1633,0,0,0,0,0,0,26.12,26.05,23.87,8.58,60.31
$GC,14617,1.02,259.8,3192,1723,1902,1633,829.4,9.7,442,14631,0.00,2.17,7.32,1.033,8964,0.000,0.036,3193,3117,1743,1882,1605,0,0,0,0,0,0,26.44,24.80,23.89,8.57,60.82
$GC,14740,1.02,259.8,3193,3117,1882,1605,817.2,10.1,445,14744,0.00,2.10,0.00,0.000,1030,0.000,0.028,3193,1725,1743,1881,1605,0,0,0,0,0,0,26.08,26.01,26.10,8.57,60.82
$GC,14939,1.08,263.8,3193,1724,1882,1605,797.2,9.8,450,14951,0.05,2.25,5.32,0.915,10756,0.143,0.045,3266,311,1727,1865,1590,0,0,0,0,0,0,26.28,25.37,23.88,8.56,61.26
$GC,15014,1.08,263.8,3265,312,1866,1590,792.6,10.1,451,15022,0.10,2.10,0.00,0.000,5126,0.141,0.025,3234,1722,1728,1866,1590,0,0,0,0,0,0,25.82,26.07,25.95,8.56,61.02
$GC,15221,1.08,263.8,3233,1721,1866,1590,766.9,10.5,457,15225,0.00,2.17,0.00,0.000,260,0.000,0.038,3234,3109,1728,1866,1590,0,0,0,0,0,0,26.51,26.03,26.52,8.56,60.90
$GC,15327,1.08,263.8,3233,3109,1866,1590,757.7,10.7,459,15332,0.00,2.10,0.00,0.000,1030,0.000,0.027,3241,1710,1728,1866,1590,0,0,0,0,0,0,26.22,26.15,26.25,8.56,61.10
$GC,15546,1.08,263.8,3241,1709,1866,1590,732.1,10.4,465,15552,0.00,2.22,0.00,0.000,516,0.000,0.046,3249,307,1728,1866,1590,0,0,0,0,0,0,26.57,25.99,26.58,8.55,61.34
$GC,15569,1.08,263.8,3248,307,1866,1590,732.1,10.4,465,15573,0.00,2.10,0.00,0.000,1030,0.000,0.024,3249,1718,1728,1866,1590,0,0,0,0,0,0,26.25,26.19,26.28,8.56,61.45
$GC,15793,1.08,263.8,3248,1718,1866,1590,705.7,10.7,471,15797,0.00,2.15,0.00,0.000,260,0.000,0.037,3249,3116,1728,1866,1590,0,0,0,0,0,0,26.59,26.07,26.60,8.55,61.41
$GC,15900,1.08,263.8,3248,3116,1865,1590,696.0,11.2,473,15904,0.00,2.10,0.00,0.000,1030,0.000,0.027,3258,1715,1728,1866,1590,0,0,0,0,0,0,26.25,26.18,26.28,8.55,61.57
$GC,16118,1.08,263.8,3258,1714,1866,1590,668.7,11.2,479,16122,0.00,2.20,0.00,0.000,516,0.000,0.045,3267,322,1728,1866,1590,0,0,0,0,0,0,26.60,25.99,26.61,8.55,61.49
$GC,16128,1.08,263.8,3266,322,1865,1590,668.7,11.2,479,16134,0.08,2.12,0.00,0.000,5126,0.133,0.025,3228,1727,1728,1866,1590,0,0,0,0,0,0,25.84,26.20,25.98,8.55,61.73
$GC,16324,1.08,263.8,3227,1727,1866,1590,646.6,10.7,484,16328,0.00,2.12,0.00,0.000,260,0.000,0.038,3227,3110,1728,1866,1590,0,0,0,0,0,0,26.60,26.06,26.61,8.55,62.16
$GC,16355,1.08,263.8,3227,3110,1865,1590,646.6,10.7,484,16360,0.00,2.10,0.00,0.000,1030,0.000,0.027,3234,1711,1728,1866,1590,0,0,0,0,0,0,26.24,26.15,26.26,8.55,61.97
$GC,16570,1.08,263.8,3233,1709,1866,1590,619.7,10.9,490,16574,0.00,2.22,0.00,0.000,516,0.000,0.046,3243,312,1728,1866,1590,0,0,0,0,0,0,26.60,25.96,26.62,8.55,61.73
$GC,16587,1.08,263.8,3242,312,1866,1590,619.7,10.9,490,16591,0.00,2.10,0.00,0.000,1030,0.000,0.025,3242,1717,1728,1866,1590,0,0,0,0,0,0,26.25,26.18,26.28,8.55,62.32
$GC,16775,1.08,263.8,3242,1718,1867,1590,596.9,11.0,495,16779,0.00,2.15,0.00,0.000,260,0.000,0.037,3243,3113,1727,1865,1590,0,0,0,0,0,0,26.60,26.05,26.62,8.55,62.40
$GC,16851,1.08,263.8,3242,3113,1865,1590,592.2,11.0,496,16859,0.00,2.10,0.00,0.000,1030,0.000,0.027,3252,1706,1727,1865,1590,0,0,0,0,0,0,26.23,26.15,26.26,8.54,61.89
$GC,17058,1.08,263.8,3251,1706,1865,1590,566.5,10.6,502,17063,0.00,2.17,0.00,0.000,260,0.000,0.038,3252,3117,1728,1866,1590,0,0,0,0,0,0,26.61,26.03,26.62,8.55,62.01
$GC,17105,1.08,263.8,3251,3118,1865,1590,561.7,10.6,503,17109,0.00,2.12,0.00,0.000,1030,0.000,0.028,3252,1706,1727,1865,1590,0,0,0,0,0,0,26.21,26.13,26.24,8.55,61.85
$GC,17303,1.08,263.8,3251,1704,1865,1590,540.8,10.3,508,17308,0.00,2.17,0.00,0.000,260,0.000,0.037,3252,3116,1727,1865,1590,0,0,0,0,0,0,26.60,26.03,26.62,8.55,61.81
$GC,17350,1.08,263.8,3251,3116,1865,1590,536.1,10.4,509,17355,0.00,2.10,0.00,0.000,1030,0.000,0.028,3252,1715,1727,1865,1590,0,0,0,0,0,0,26.20,26.12,26.23,8.55,61.38
$GC,17549,1.08,265.1,3251,1712,1865,1590,516.1,9.9,514,17554,0.00,2.20,0.00,0.000,516,0.000,0.047,3252,326,1727,1865,1590,0,0,0,0,0,0,26.61,25.91,26.62,8.55,62.01
$GC,17611,1.08,265.1,3251,326,1866,1590,511.5,10.1,515,17616,0.00,2.08,0.00,0.000,1030,0.000,0.025,3252,1724,1728,1866,1590,0,0,0,0,0,0,26.24,26.17,26.27,8.56,62.04
$GC,17836,1.08,265.1,3251,1724,1866,1590,486.8,10.2,521,17840,0.00,2.15,0.00,0.000,260,0.000,0.038,3252,3101,1727,1865,1590,0,0,0,0,0,0,26.61,26.02,26.62,8.56,61.93
$GC,17953,1.08,265.1,3252,3101,1865,1590,477.5,10.6,523,17961,0.00,2.08,0.00,0.000,1030,0.000,0.028,3252,1704,1728,1866,1590,0,0,0,0,0,0,26.19,26.10,26.22,8.56,61.53
$GC,18160,1.08,265.1,3251,1705,1865,1590,451.2,10.9,529,18165,0.00,2.20,0.00,0.000,260,0.000,0.037,3252,3105,1727,1865,1590,0,0,0,0,0,0,26.60,26.00,26.62,8.56,61.49
$GC,18208,1.08,265.1,3251,3105,1866,1590,446.1,11.1,530,18212,0.00,2.08,0.00,0.000,1030,0.000,0.028,3252,1720,1728,1866,1590,0,0,0,0,0,0,26.19,26.10,26.22,8.56,61.45
$GC,18408,1.08,265.1,3251,1717,1866,1590,423.6,11.1,535,18409,0.00,0.00,0.00,0.000,6,0.000,0.000,3252,1717,1728,1866,1590,0,0,0,0,0,0,26.61,26.62,26.62,8.56,61.53
$GC,18606,1.08,265.1,3252,1717,1865,1590,401.1,11.2,540,18610,0.00,2.15,0.00,0.000,260,0.000,0.038,3251,3105,1728,1866,1590,0,0,0,0,0,0,26.61,25.99,26.62,8.56,61.26
$GC,18713,1.08,265.1,3251,3105,1865,1590,391.2,11.5,542,18718,0.00,2.10,0.00,0.000,1030,0.000,0.028,3252,1704,1727,1865,1590,0,0,0,0,0,0,26.18,26.09,26.21,8.56,61.38
$GC,18932,1.08,265.1,3251,1701,1865,1590,363.1,11.7,548,18937,0.00,2.17,0.00,0.000,260,0.000,0.037,3252,3109,1728,1866,1590,0,0,0,0,0,0,26.61,25.98,26.62,8.57,61.34
$GC,18989,1.08,265.1,3252,3108,1866,1590,357.7,11.7,549,18993,0.00,2.10,0.00,0.000,1030,0.000,0.028,3252,1716,1727,1865,1590,0,0,0,0,0,0,26.18,26.10,26.21,8.57,61.14
$GC,19177,1.08,265.1,3251,1713,1866,1590,334.0,11.7,554,19182,0.00,2.15,0.00,0.000,260,0.000,0.037,3252,3104,1728,1866,1590,0,0,0,0,0,0,26.61,25.98,26.62,8.57,61.41
$GC,19214,1.08,265.1,3252,3104,1866,1590,334.0,11.7,554,19222,0.00,2.08,0.00,0.000,1030,0.000,0.027,3252,1716,1728,1866,1590,0,0,0,0,0,0,26.18,26.10,26.21,8.57,61.45
$GC,19422,1.08,265.1,3252,1716,1866,1590,305.9,11.3,560,19427,0.00,2.17,0.00,0.000,260,0.000,0.038,3252,3099,1728,1866,1590,0,0,0,0,0,0,26.60,25.97,26.62,8.57,60.94
$GC,19449,1.08,265.1,3252,3099,1865,1590,305.9,11.3,560,19453,0.00,2.08,0.00,0.000,1030,0.000,0.027,3252,1717,1728,1866,1590,0,0,0,0,0,0,26.18,26.10,26.21,8.57,61.61
$GC,19667,1.08,265.1,3252,1716,1866,1590,279.4,10.6,566,19673,0.00,2.22,0.00,0.000,516,0.000,0.045,3252,313,1728,1866,1590,0,0,0,0,0,0,26.60,25.86,26.62,8.58,61.53
$GC,19690,1.08,265.1,3251,313,1866,1590,279.4,10.6,566,19695,0.00,2.12,0.00,0.000,1030,0.000,0.024,3252,1721,1728,1866,1590,0,0,0,0,0,0,26.18,26.15,26.20,8.58,61.10
$GC,19909,1.08,265.1,3252,1721,1866,1590,254.6,10.2,572,19913,0.00,2.12,0.00,0.000,260,0.000,0.038,3252,3105,1728,1866,1590,0,0,0,0,0,0,26.60,25.96,26.62,8.59,60.71
$GC,19995,1.08,265.1,3252,3105,1866,1590,245.8,10.4,574,20000,0.00,2.08,0.00,0.000,1030,0.000,0.026,3261,1721,1728,1866,1590,0,0,0,0,0,0,26.20,26.12,26.22,8.58,60.75
$GC,20195,1.09,274.1,3261,1720,1866,1590,226.2,9.6,579,20210,0.00,0.00,11.48,0.810,8710,0.000,0.000,3261,1720,1685,1828,1542,0,0,0,0,0,0,26.61,24.64,23.94,8.58,60.98
$GC,20394,1.09,274.1,3261,1720,1827,1542,205.6,10.5,584,20398,0.00,2.15,0.00,0.000,260,0.000,0.038,3261,3106,1684,1827,1542,0,0,0,0,0,0,26.48,25.89,26.50,8.59,60.27
$GC,20497,1.09,274.1,3261,3107,1827,1542,194.2,10.9,587,20505,0.12,2.10,0.00,0.000,5126,0.146,0.026,3232,1704,1684,1827,1542,0,0,0,0,0,0,25.69,26.06,25.82,8.58,60.43
$GC,20700,1.10,285.6,3231,1703,1827,1542,174.7,9.5,597,20719,0.00,2.17,11.62,0.777,8452,0.000,0.036,3232,3104,1638,1785,1492,0,0,0,0,0,0,26.56,24.72,24.03,8.58,60.35
$GC,20783,1.10,285.6,3231,3104,1786,1492,166.3,10.1,601,20788,0.00,2.10,0.00,0.000,1030,0.000,0.026,3239,1713,1638,1785,1492,0,0,0,0,0,0,26.07,26.00,26.09,8.58,60.23
$GC,20988,1.10,285.6,3239,1711,1785,1492,145.2,10.6,611,20992,0.00,2.15,0.00,0.000,260,0.000,0.038,3239,3104,1638,1785,1492,0,0,0,0,0,0,26.50,25.91,26.51,8.59,60.04
$GC,21052,1.10,285.6,3238,3104,1785,1492,138.3,10.6,614,21056,0.00,2.08,0.00,0.000,1030,0.000,0.026,3248,1723,1638,1785,1492,0,0,0,0,0,0,26.14,26.06,26.16,8.59,60.19
$GC,21256,1.11,294.8,3248,1721,1785,1492,118.0,9.6,624,21275,0.00,2.17,9.12,0.720,8452,0.000,0.037,3248,3102,1602,1752,1452,0,0,0,0,0,0,26.55,25.30,24.13,8.60,59.72
$GC,21341,1.11,294.8,3247,3103,1752,1452,109.3,10.4,628,21346,0.00,2.10,0.00,0.000,1030,0.000,0.025,3258,1706,1602,1752,1452,0,0,0,0,0,0,26.10,26.03,26.13,8.60,60.63
$GC,21540,1.11,294.8,3257,1705,1752,1452,87.0,10.9,638,21544,0.00,2.17,0.00,0.000,260,0.000,0.037,3258,3111,1602,1752,1452,0,0,0,0,0,0,26.51,25.94,26.52,8.60,60.12
$GC,21631,1.11,294.8,3257,3113,1752,1451,78.1,10.7,642,21635,0.00,2.10,0.00,0.000,1030,0.000,0.026,3267,1706,1602,1752,1452,0,0,0,0,0,0,26.15,26.07,26.17,8.61,59.56
$GC,21825,1.18,367.0,3266,1706,1753,1452,62.9,6.7,652,21891,0.00,2.25,60.08,0.763,8708,0.000,0.044,3276,320,1306,1477,1135,0,0,0,0,0,0,26.57,24.89,23.89,8.62,60.78
$GC,21975,1.29,471.8,3276,320,1476,1135,55.4,5.2,659,22108,0.00,2.15,105.93,0.706,9222,0.000,0.024,3276,1722,880,972,788,0,0,0,0,3,0,25.77,25.75,23.82,8.62,60.08
$GC,22288,1.45,496.2,3276,1723,967,786,32.0,8.9,685,22318,0.15,2.22,23.05,0.680,10500,0.057,0.037,3389,3108,778,855,702,0,0,0,0,0,0,26.01,25.12,24.17,8.68,60.35
$GC,22430,1.39,496.2,3388,3108,854,702,14.1,14.8,698,22439,0.22,2.10,0.00,0.000,5126,0.124,0.026,3329,1697,778,854,702,0,0,0,0,0,0,25.47,25.84,25.65,8.72,60.19
$STATE,22515,end climb,SURFACE_DEPTH_REACHED
$STATE,22515,begin surface coast
$FINISH,0.7,1.022443
$STATE,22536,end surface coast,CONTROL_FINISHED_OK
$STATE,22536,begin surface
$SM_CCo,22557,44.15,0.052,1,0,499,565.66
$SM_GC,-0.25,8.35,0.80,44.15,0.043,0.034,0.052,180,2225,499,-8.30,-1.84,565.66,0,0,0,0,1,0,26.03,25.96,25.79
$IRIDIUM_FIX,713.21,-14015.56,070325,053404
$TT8_MAMPS,0.026964,0.381241
$HUMID,56.14
$INTERNAL_PRESSURE,8.68325
$TCM_TEMP,18.20
$XPDR_PINGS,0
$ALTIM_TOP_PING,19.0,18.1
$24V_AH,22.89,68.790
$10V_AH,9.56,47.513
$FG_AHR_24Vo,0.000
$FG_AHR_10Vo,0.000
$DEVICES,Pitch_motor,Roll_motor,VBD_pump_during_apogee,VBD_pump_during_surface,VBD_valve,Iridium_during_init,Iridium_during_connect,Iridium_during_xfer,Transponder_ping,GUMSTIX_24V,GPS,TT8,LPSleep,TT8_Active,TT8_Sampling,TT8_CF8,TT8_Kalman,Analog_circuits,GPS_charging,Compass,RAFOS,Transponder,Compass2
$DEVICE_SECS,22.600,299.950,620.600,44.150,0.000,0.000,0.000,497.675,0.250,0.000,37.020,3295.343,14803.336,825.910,3787.908,559.643,0.000,3186.261,0.000,3104.403,0.000,2.760,0.000
$DEVICE_MAMPS,206.550,52.785,1313.505,52.020,0.000,0.000,0.000,96.390,420.000,0.000,30.710,15.210,2.190,15.210,43.670,53.410,0.000,14.000,0.000,8.240,0.000,30.000,0.000
$SENSORS,SBE_CT,WL_blue_red_Chl,AA4330,nil,nil,nil,nil,nil,nil,nil
$SENSOR_SECS,617.040,0.000,948.385,0.000,0.000,0.000,0.000,0.000,0.000,0.000
$SENSOR_MAMPS,22.470,0.000,11.230,0.000,0.000,0.000,0.000,0.000,0.000,0.000
$MEM,311908
$DATA_FILE_SIZE,52138,709
$CAP_FILE_SIZE,268262,0
$CFSIZE,2097872896,2037383168
$ERRORS,0,0,0,0,0,0,0,0,0,0,0,0,0,4,2,0
$CURRENT,0.118,51.07,1
$GPS,230705,011009,717.501,-14018.488,43,0.9,58,9.3,0.5,161.8,9,4.6
