version: 66.14
glider: 195
mission: 21
dive: 535
start: 8 24 105 6 14 12
data:
$ID,195
$MISSION,21
$DIVE,535
$N_DIVES,0
$STOP_T,0
$D_SURF,3
$D_FLARE,2
$D_TGT,990
$D_ABORT,1090
$D_NO_BLEED,50
$D_BOOST,3
$T_BOOST,0
$D_FINISH,0
$D_PITCH,0
$D_SAFE,0
$D_CALL,0
$SURFACE_URGENCY,0
$SURFACE_URGENCY_TRY,0
$SURFACE_URGENCY_FORCE,0
$T_DIVE,330
$T_MISSION,600
$T_ABORT,1440
$T_TURN,300
$T_TURN_SAMPINT,5
$T_NO_W,120
$T_LOITER,0
$T_SLOITER,60
$T_EPIRB,0
$USE_BATHY,0
$USE_ICE,0
$ICE_FREEZE_MARGIN,0.30000001
$D_OFFGRID,990
$T_WATCHDOG,10
$RELAUNCH,1
$APOGEE_PITCH,-8
$MAX_BUOY,150
$COURSE_BIAS,0
$GLIDE_SLOPE,30
$SPEED_FACTOR,1
$RHO,1.023
$MASS,54002
$MASS_COMP,0
$NAV_MODE,2
$FERRY_MAX,45
$KALMAN_USE,2
$HD_A,0.0038000001
$HD_B,0.0099999998
$HD_C,9.8500004e-06
$HEADING,-1
$ESCAPE_HEADING,0
$ESCAPE_HEADING_DELTA,10
$FIX_MISSING_TIMEOUT,0
$TGT_DEFAULT_LAT,4736
$TGT_DEFAULT_LON,-12225
$TGT_AUTO_DEFAULT,0
$SM_CC,300
$N_FILEKB,4
$FILEMGR,0
$CALL_NDIVES,1
$COMM_SEQ,0
$PROTOCOL,9
$N_NOCOMM,1
$NOCOMM_ACTION,0
$N_NOSURFACE,0
$UPLOAD_DIVES_MAX,-1
$CALL_TRIES,5
$CALL_WAIT,60
$CAPUPLOAD,0
$CAPMAXSIZE,200000
$HEAPDBG,0
$T_GPS,15
$N_GPS,50840
$T_RSLEEP,2
$STROBE,0
$RAFOS_PEAK_OFFSET,1.5
$RAFOS_CORR_THRESH,60
$RAFOS_HIT_WINDOW,3600
$RAFOS_MMODEM,0
$PITCH_MIN,207
$PITCH_MAX,3915
$C_PITCH,2884
$PITCH_DBAND,0.1
$PITCH_CNV,0.003125763
$P_OVSHOOT,0.039999999
$P_OVSHOOT_WITHG,0.079999998
$PITCH_GAIN,19.15
$PITCH_TIMEOUT,17
$PITCH_AD_RATE,160
$PITCH_MAXERRORS,1
$PITCH_ADJ_GAIN,0.02
$PITCH_ADJ_DBAND,2.5
$ROLL_MIN,224
$ROLL_MAX,3758
$ROLL_DEG,40
$C_ROLL_DIVE,1950
$C_ROLL_CLIMB,2100
$HEAD_ERRBAND,10
$ROLL_CNV,0.028270001
$ROLL_TIMEOUT,15
$R_PORT_OVSHOOT,72
$R_STBD_OVSHOOT,50
$ROLL_AD_RATE,350
$ROLL_MAXERRORS,2
$ROLL_ADJ_GAIN,0
$ROLL_ADJ_DBAND,0
$VBD_MIN,500
$VBD_MAX,3960
$C_VBD,2806
$VBD_DBAND,2
$VBD_CNV,-0.24529999
$VBD_LP_IGNORE,0
$VBD_TIMEOUT,720
$PITCH_VBD_SHIFT,0.001
$VBD_PUMP_AD_RATE_SURFACE,5
$VBD_PUMP_AD_RATE_APOGEE,4
$VBD_BLEED_AD_RATE,8
$UNCOM_BLEED,60
$VBD_MAXERRORS,1
$W_ADJ_DBAND,0
$DBDW,0
$PITCH_W_GAIN,0
$PITCH_W_DBAND,0
$CF8_MAXERRORS,5
$AH0_24V,150
$AH0_10V,97
$MINV_24V,19
$MINV_10V,8
$MAXI_24V,0.80000001
$MAXI_10V,0.60000002
$FG_AHR_10V,0
$FG_AHR_24V,0
$PHONE_SUPPLY,-2
$PRESSURE_YINT,-49.397121
$PRESSURE_SLOPE,0.0001168043
$AD7714Ch0Gain,128
$TCM_PITCH_OFFSET,0
$TCM_ROLL_OFFSET,0
$COMPASS_USE,4
$ALTIM_BOTTOM_PING_RANGE,0
$ALTIM_TOP_PING_RANGE,20
$ALTIM_BOTTOM_TURN_MARGIN,0
$ALTIM_TOP_TURN_MARGIN,0
$ALTIM_TOP_MIN_OBSTACLE,1
$ALTIM_PING_DEPTH,0
$ALTIM_PING_DELTA,0
$ALTIM_FREQUENCY,13
$ALTIM_PULSE,3
$ALTIM_SENSITIVITY,3
$XPDR_VALID,5
$XPDR_INHIBIT,90
$INT_PRESSURE_SLOPE,0.0097660003
$INT_PRESSURE_YINT,-0.77999997
$DEEPGLIDER,0
$MOTHERBOARD,4
$DEVICE1,2
$DEVICE2,115
$DEVICE3,101
$DEVICE4,-1
$DEVICE5,-1
$DEVICE6,-1
$LOGGERS,0
$LOGGERDEVICE1,-1
$LOGGERDEVICE2,-1
$LOGGERDEVICE3,-1
$LOGGERDEVICE4,-1
$COMPASS_DEVICE,33
$COMPASS2_DEVICE,-1
$PHONE_DEVICE,49
$GPS_DEVICE,32
$RAFOS_DEVICE,-1
$XPDR_DEVICE,24
$SIM_W,0
$SIM_PITCH,0
$SEABIRD_T_G,0.0044178674
$SEABIRD_T_H,0.00064818078
$SEABIRD_T_I,2.6779007e-05
$SEABIRD_T_J,3.3667231e-06
$SEABIRD_C_G,-10.098215
$SEABIRD_C_H,1.1454017
$SEABIRD_C_I,-0.0021276253
$SEABIRD_C_J,0.00025532115
$SEABIRD_C_Z,2974.52
$GPS1,240805,060633,814.5262,-14131.3223,43,0.8,52,9.3,0.7,327.9,10,5.0
$_CALLS,1
$_XMS_NAKs,0
$_XMS_TOUTs,0
$_SM_DEPTHo,0.24
$_SM_ANGLEo,-58.2
$GPS2,240805,061332,814.5027,-14131.3047,7,0.9,25,9.3,1.3,243.9,10,4.8
$SPEED_LIMITS,0.173,0.262
$TGT_NAME,TX2
$TGT_LATLONG,1145.000,-14800.000
$TGT_RADIUS,10000.000
$KALMAN_CONTROL,0.000000,0.000000
$KALMAN_X,0.000000,0.000000,0.000000,0.000000,0.000000
$KALMAN_Y,0.000000,0.000000,0.000000,0.000000,0.000000
$MHEAD_RNG_PITCHd_Wd,273.5,805412,-18.1,-10.000,-20.93,2235
$D_GRID,990
$GCHEAD,st_secs,pitch_ctl,vbd_ctl,pitch_ad_start,roll_ad_start,vbd_pot1_ad_start,vbd_pot2_ad_start,depth,ob_vertv,data_pts,end_secs,pitch_secs,roll_secs,vbd_secs,vbd_i,gcphase,pitch_i,roll_i,pitch_ad,roll_ad,vbd_ad,vbd_pot1_ad,vbd_pot2_ad,pitch_retries,pitch_errors,roll_retries,roll_errors,vbd_retries,vbd_errors,pitch_volts,roll_volts,vbd_volts,int_press,humidity
$STATE,6,end surface,CONTROL_FINISHED_OK
$STATE,6,begin dive
$GC,73,-1.09,-146.6,174,1931,1053,858,0.3,-0.3,6,142,0.00,0.00,-66.12,0.000,16386,0.000,0.000,174,1932,2661,2664,2659,0,0,0,0,0,0,26.36,28.83,26.37,8.82,53.26
$GC,146,-1.09,-146.6,174,1932,2672,2658,2.1,-3.9,13,185,9.20,2.25,-18.15,0.000,18692,0.201,0.058,2520,3343,3407,3431,3384,0,0,0,0,0,0,24.75,23.67,25.14,9.00,53.66
$GC,299,-0.97,-146.6,2519,3343,3434,3385,25.6,-13.6,28,305,0.12,2.08,0.00,0.000,3078,0.132,0.026,2573,1967,3409,3434,3385,0,0,0,0,0,0,25.47,25.96,25.63,9.08,52.75
$GC,506,-0.92,-146.6,2573,1967,3436,3385,52.7,-12.9,47,510,0.00,2.17,0.00,0.000,260,0.000,0.045,2565,3339,3410,3436,3385,0,0,0,0,0,0,26.49,25.77,26.50,9.10,53.81
$GC,584,-0.87,-146.6,2565,3338,3436,3385,62.0,-13.7,50,591,0.12,2.05,0.00,0.000,3078,0.136,0.026,2604,1950,3411,3437,3385,0,0,0,0,0,0,25.67,26.01,25.79,9.11,53.70
$GC,770,-0.87,-146.6,2604,1950,3439,3384,86.7,-10.5,60,774,0.00,2.15,0.00,0.000,516,0.000,0.037,2604,546,3412,3439,3385,0,0,0,0,0,0,26.52,25.88,26.53,9.12,53.26
$GC,815,-0.87,-146.6,2604,545,3440,3385,91.0,-10.0,62,820,0.00,2.08,0.00,0.000,1030,0.000,0.026,2597,1949,3412,3439,3385,0,0,0,0,0,0,26.10,26.02,26.13,9.13,52.99
$GC,1014,-0.87,-146.6,2597,1949,3441,3385,105.0,-6.5,72,1019,0.00,2.22,0.00,0.000,260,0.000,0.045,2587,3337,3413,3442,3385,0,0,0,0,0,0,26.53,25.82,26.54,9.12,52.99
$GC,1212,-0.87,-146.6,2586,3337,3443,3385,115.8,-6.0,81,1219,0.00,2.05,0.00,0.000,1030,0.000,0.026,2586,1952,3414,3444,3385,0,0,0,0,0,0,26.13,26.05,26.15,9.11,52.52
$GC,1399,-0.87,-146.6,2586,1952,3445,3385,128.0,-5.8,91,1401,0.00,0.00,0.00,0.000,6,0.000,0.000,2587,1952,3415,3445,3385,0,0,0,0,0,0,26.54,26.55,26.55,9.08,52.63
$GC,1579,-0.87,-146.6,2586,1952,3446,3386,138.5,-6.0,100,1583,0.00,2.17,0.00,0.000,260,0.000,0.044,2577,3339,3416,3446,3386,0,0,0,0,0,0,26.55,25.82,26.55,9.07,52.55
$GC,1625,-0.87,-146.6,2576,3339,3447,3386,141.1,-6.0,102,1629,0.00,2.05,0.00,0.000,1030,0.000,0.026,2577,1951,3416,3446,3386,0,0,0,0,0,0,26.13,26.06,26.15,9.06,52.40
$GC,1823,-0.87,-146.6,2576,1950,3448,3387,153.9,-6.6,112,1827,0.00,2.15,0.00,0.000,516,0.000,0.040,2577,548,3417,3447,3387,0,0,0,0,0,0,26.55,25.84,26.55,9.05,53.03
$GC,2010,-0.87,-146.6,2576,548,3448,3387,165.2,-5.9,121,2016,0.12,2.10,0.00,0.000,3078,0.138,0.031,2606,1942,3417,3448,3387,0,0,0,0,0,0,25.69,25.99,25.81,9.03,53.18
$GC,2210,-0.87,-146.6,2606,1942,3447,3388,177.4,-6.2,131,2215,0.00,2.20,0.00,0.000,260,0.000,0.041,2599,3359,3417,3448,3387,0,0,0,0,0,0,26.55,25.89,26.55,9.02,54.05
$GC,2365,-0.87,-146.6,2598,3358,3448,3387,186.6,-6.2,138,2369,0.00,2.08,0.00,0.000,1030,0.000,0.021,2599,1938,3417,3448,3387,0,0,0,0,0,0,26.17,26.11,26.20,9.01,53.74
$GC,2559,-0.87,-146.6,2598,1938,3448,3387,198.8,-6.1,148,2563,0.00,2.10,0.00,0.000,516,0.000,0.035,2598,559,3417,3448,3387,0,0,0,0,0,0,26.55,25.91,26.56,9.00,54.44
$GC,2712,-0.87,-146.6,2598,559,3448,3387,207.4,-6.9,152,2717,0.00,2.08,0.00,0.000,1030,0.000,0.027,2589,1959,3418,3448,3388,0,0,0,0,0,0,26.13,26.05,26.15,8.99,55.04
$GC,2926,-0.87,-146.6,2589,1959,3448,3387,226.7,-8.3,158,2930,0.00,2.20,0.00,0.000,260,0.000,0.046,2578,3354,3417,3448,3387,0,0,0,0,0,0,26.55,25.86,26.55,8.98,55.67
$GC,3043,-0.87,-146.6,2578,3356,3447,3387,233.8,-8.4,160,3050,0.00,2.05,0.00,0.000,1030,0.000,0.021,2579,1940,3417,3447,3387,0,0,0,0,0,0,26.20,26.13,26.21,8.97,54.96
$GC,3251,-0.87,-146.6,2578,1940,3447,3387,251.9,-7.4,166,3255,0.00,2.10,0.00,0.000,516,0.000,0.033,2578,555,3417,3447,3387,0,0,0,0,0,0,26.55,25.93,26.56,8.96,56.18
$GC,3415,-0.87,-146.6,2578,555,3447,3387,263.5,-7.0,170,3424,0.10,2.05,0.00,0.000,3078,0.148,0.024,2600,1958,3417,3447,3387,0,0,0,0,0,0,25.78,26.08,25.89,8.96,56.22
$GC,3619,-0.93,-146.6,2600,1958,3447,3387,276.4,-6.3,175,3623,0.00,2.17,0.00,0.000,516,0.000,0.033,2600,562,3417,3447,3387,0,0,0,0,0,0,26.55,25.93,26.56,8.94,56.61
$GC,3686,-0.99,-146.6,2600,563,3447,3387,279.3,-6.4,176,3691,0.00,2.05,0.00,0.000,1030,0.000,0.024,2594,1954,3417,3447,3387,0,0,0,0,0,0,26.15,26.08,26.17,8.94,56.10
$GC,3907,-1.04,-146.6,2594,1953,3446,3387,295.5,-6.8,182,3913,0.08,2.15,0.00,0.000,4356,0.096,0.041,2507,3341,3416,3446,3387,0,0,0,0,0,0,26.34,25.87,26.36,8.93,56.61
$GC,4046,-1.04,-146.6,2506,3341,3444,3387,305.7,-7.7,185,4053,0.12,2.05,0.00,0.000,3078,0.142,0.022,2545,1932,3415,3444,3387,0,0,0,0,0,0,25.72,26.13,25.84,8.93,57.04
$GC,4275,-1.04,-146.6,2544,1932,3444,3387,322.4,-6.9,191,4279,0.00,2.08,0.00,0.000,516,0.000,0.034,2545,574,3415,3444,3387,0,0,0,0,0,0,26.55,25.91,26.56,8.92,57.08
$GC,4459,-1.04,-146.6,2544,574,3443,3387,334.4,-7.2,195,4463,0.00,2.03,0.00,0.000,1030,0.000,0.024,2538,1947,3415,3443,3387,0,0,0,0,0,0,26.14,26.07,26.17,8.91,57.95
$GC,4683,-1.04,-146.6,2538,1947,3442,3387,351.4,-7.1,201,4687,0.00,2.15,0.00,0.000,516,0.000,0.034,2538,574,3414,3442,3387,0,0,0,0,0,0,26.55,25.91,26.56,8.91,57.44
$GC,4755,-1.04,-146.6,2538,573,3441,3387,354.7,-7.2,202,4760,0.00,2.05,0.00,0.000,1030,0.000,0.024,2529,1961,3414,3441,3387,0,0,0,0,0,0,26.14,26.07,26.17,8.90,58.11
$GC,4971,-1.04,-146.6,2528,1960,3440,3387,373.7,-8.0,208,4975,0.00,2.12,0.00,0.000,516,0.000,0.034,2529,573,3413,3440,3387,0,0,0,0,0,0,26.55,25.91,26.56,8.90,58.86
$GC,5027,-1.04,-146.6,2528,573,3440,3387,377.7,-8.2,209,5031,0.00,2.05,0.00,0.000,1030,0.000,0.024,2519,1956,3413,3440,3387,0,0,0,0,0,0,26.14,26.06,26.16,8.90,57.71
$GC,5216,-1.04,-146.6,2519,1956,3437,3387,395.4,-8.8,214,5220,0.00,2.12,0.00,0.000,516,0.000,0.034,2519,573,3412,3437,3387,0,0,0,0,0,0,26.55,25.91,26.56,8.89,58.11
$GC,5293,-1.04,-146.6,2519,573,3437,3387,399.3,-8.9,215,5301,0.12,2.05,0.00,0.000,3078,0.142,0.024,2548,1962,3411,3436,3387,0,0,0,0,0,0,25.70,26.06,25.82,8.89,57.91
$GC,5500,-1.04,-146.6,2547,1962,3435,3386,419.9,-8.4,221,5501,0.00,0.00,0.00,0.000,6,0.000,0.000,2548,1962,3410,3435,3386,0,0,0,0,0,0,26.55,26.57,26.56,8.89,58.66
$GC,5700,-1.04,-146.6,2547,1962,3435,3385,436.2,-8.2,226,5704,0.00,2.15,0.00,0.000,516,0.000,0.034,2548,568,3410,3435,3385,0,0,0,0,0,0,26.55,25.89,26.57,8.88,58.86
$GC,5803,-1.04,-146.6,2547,567,3435,3384,443.0,-8.1,228,5807,0.00,2.08,0.00,0.000,1030,0.000,0.024,2541,1942,3410,3435,3385,0,0,0,0,0,0,26.10,26.07,26.11,8.88,59.25
$GC,6027,-1.04,-146.6,2540,1942,3434,3383,461.8,-7.6,234,6031,0.00,2.12,0.00,0.000,516,0.000,0.034,2541,566,3408,3434,3383,0,0,0,0,0,0,26.55,25.89,26.56,8.87,59.01
$GC,6073,-1.04,-146.6,2540,566,3435,3383,465.1,-7.5,235,6077,0.00,2.08,0.00,0.000,1030,0.000,0.024,2531,1964,3408,3434,3383,0,0,0,0,0,0,26.13,26.06,26.15,8.87,58.97
$GC,6272,-1.04,-146.6,2531,1964,3433,3382,480.3,-7.5,240,6276,0.00,2.15,0.00,0.000,260,0.000,0.041,2521,3340,3407,3433,3382,0,0,0,0,0,0,26.55,25.84,26.56,8.87,59.37
$GC,6358,-1.04,-146.6,2521,3340,3432,3382,486.7,-7.6,242,6362,0.00,2.03,0.00,0.000,1030,0.000,0.022,2522,1954,3406,3432,3381,0,0,0,0,0,0,26.17,26.10,26.19,8.87,59.13
$GC,6556,-1.04,-146.6,2521,1954,3433,3382,502.4,-7.8,247,6561,0.00,2.12,0.00,0.000,516,0.000,0.035,2521,570,3407,3432,3382,0,0,0,0,0,0,26.55,25.86,26.56,8.86,59.37
$GC,6685,-1.04,-146.6,2521,570,3432,3381,512.8,-8.3,250,6692,0.12,2.05,0.00,0.000,3078,0.142,0.025,2550,1950,3406,3431,3382,0,0,0,0,0,0,25.69,26.05,25.80,8.85,59.72
$GC,6882,-1.04,-146.6,2550,1950,3431,3380,529.0,-8.1,255,6888,0.00,2.17,0.00,0.000,260,0.000,0.041,2542,3342,3405,3431,3380,0,0,0,0,0,0,26.56,25.83,26.56,8.86,59.41
$GC,6991,-1.04,-146.6,2541,3342,3431,3379,535.7,-8.2,257,6996,0.00,2.05,0.00,0.000,1030,0.000,0.022,2542,1947,3405,3431,3380,0,0,0,0,0,0,26.16,26.10,26.19,8.86,59.68
$GC,7205,-1.04,-146.6,2541,1947,3431,3379,555.8,-8.3,263,7209,0.00,2.12,0.00,0.000,516,0.000,0.035,2542,569,3405,3431,3379,0,0,0,0,0,0,26.55,25.85,26.56,8.85,59.84
$GC,7369,-1.04,-146.6,2541,568,3431,3378,569.8,-8.5,267,7373,0.00,2.08,0.00,0.000,1030,0.000,0.025,2532,1959,3404,3430,3378,0,0,0,0,0,0,26.11,26.04,26.14,8.84,59.41
$GC,7573,-1.04,-146.6,2532,1959,3430,3377,585.7,-7.8,272,7577,0.00,2.17,0.00,0.000,260,0.000,0.041,2522,3348,3403,3430,3377,0,0,0,0,0,0,26.55,25.82,26.57,8.84,60.08
$GC,7674,-1.04,-146.6,2522,3348,3429,3377,592.0,-7.6,274,7679,0.00,2.10,0.00,0.000,1030,0.000,0.023,2522,1946,3403,3429,3377,0,0,0,0,0,0,26.12,26.10,26.14,8.84,60.12
$GC,7898,-1.04,-146.6,2522,1946,3429,3377,609.1,-7.0,280,7903,0.00,2.12,0.00,0.000,516,0.000,0.036,2523,569,3402,3429,3376,0,0,0,0,0,0,26.55,25.84,26.57,8.83,59.80
$GC,8062,-1.04,-146.6,2522,569,3428,3376,620.9,-7.2,284,8068,0.12,2.08,0.00,0.000,3078,0.142,0.025,2551,1958,3401,3427,3376,0,0,0,0,0,0,25.66,26.03,25.78,8.83,60.08
$GC,8268,-1.04,-146.6,2550,1959,3427,3376,634.1,-6.4,289,8273,0.00,2.17,0.00,0.000,260,0.000,0.041,2543,3341,3401,3427,3375,0,0,0,0,0,0,26.55,25.81,26.56,8.83,60.04
$GC,8404,-1.04,-146.6,2543,3341,3426,3375,642.3,-6.6,292,8408,0.00,2.05,0.00,0.000,1030,0.000,0.023,2543,1951,3400,3426,3375,0,0,0,0,0,0,26.15,26.09,26.17,8.82,60.27
$GC,8598,-1.04,-146.6,2543,1951,3426,3374,656.5,-6.9,297,8603,0.00,2.17,0.00,0.000,516,0.000,0.036,2543,572,3400,3426,3374,0,0,0,0,0,0,26.55,25.82,26.56,8.82,60.27
$GC,8753,-1.04,-146.6,2543,572,3425,3374,665.8,-7.3,300,8757,0.00,2.05,0.00,0.000,1030,0.000,0.026,2535,1948,3399,3425,3374,0,0,0,0,0,0,26.10,26.03,26.13,8.81,60.82
$GC,8967,-1.04,-146.6,2534,1948,3424,3373,683.1,-7.2,306,8972,0.00,2.22,0.00,0.000,260,0.000,0.041,2525,3341,3398,3424,3373,0,0,0,0,0,0,26.55,25.79,26.56,8.81,60.59
$GC,9125,-1.04,-146.6,2524,3341,3423,3372,692.2,-7.2,309,9133,0.00,2.05,0.00,0.000,1030,0.000,0.023,2525,1943,3397,3423,3372,0,0,0,0,0,0,26.13,26.07,26.16,8.81,60.63
$GC,9332,-1.04,-146.6,2524,1944,3423,3372,710.1,-7.5,315,9337,0.00,2.17,0.00,0.000,516,0.000,0.037,2525,564,3397,3423,3372,0,0,0,0,0,0,26.55,25.81,26.56,8.80,61.10
$GC,9478,-1.04,-146.6,2524,564,3422,3372,719.8,-7.7,318,9485,0.10,2.08,0.00,0.000,3078,0.152,0.025,2545,1950,3397,3422,3372,0,0,0,0,0,0,25.70,26.01,25.79,8.80,60.55
$GC,9700,-1.04,-146.6,2544,1950,3422,3371,737.9,-7.5,324,9704,0.00,2.20,0.00,0.000,260,0.000,0.041,2537,3353,3396,3422,3371,0,0,0,0,0,0,26.55,25.77,26.56,8.79,60.75
$GC,9882,-1.04,-146.6,2536,3353,3421,3369,750.5,-7.7,328,9886,0.00,2.12,0.00,0.000,1030,0.000,0.024,2537,1946,3395,3421,3369,0,0,0,0,0,0,26.09,26.07,26.15,8.79,60.82
$GC,10106,-1.04,-146.6,2536,1946,3421,3368,769.1,-7.7,334,10111,0.00,2.15,0.00,0.000,516,0.000,0.037,2537,563,3394,3421,3368,0,0,0,0,0,0,26.55,25.79,26.56,8.79,60.78
$GC,10251,-1.04,-146.6,2536,563,3421,3368,779.3,-8.1,337,10255,0.00,2.08,0.00,0.000,1030,0.000,0.026,2528,1949,3394,3421,3368,0,0,0,0,0,0,26.08,26.00,26.10,8.79,60.78
$GC,10476,-1.04,-146.6,2527,1949,3420,3367,798.1,-7.6,343,10482,0.00,2.20,0.00,0.000,260,0.000,0.042,2518,3344,3393,3420,3367,0,0,0,0,0,0,26.55,25.76,26.56,8.78,60.78
$GC,10638,-1.04,-146.6,2518,3344,3420,3367,810.0,-7.3,347,10645,0.10,2.08,0.00,0.000,3078,0.148,0.023,2548,1945,3393,3419,3367,0,0,0,0,0,0,25.72,26.05,25.82,8.78,61.61
$GC,10841,-1.04,-146.6,2548,1945,3420,3367,823.4,-6.6,352,10845,0.00,2.15,0.00,0.000,516,0.000,0.037,2548,566,3393,3420,3367,0,0,0,0,0,0,26.55,25.77,26.56,8.78,61.57
$GC,10970,-1.04,-146.6,2548,566,3419,3366,831.5,-6.5,355,10975,0.00,2.10,0.00,0.000,1030,0.000,0.027,2542,1943,3393,3419,3367,0,0,0,0,0,0,26.02,25.99,26.05,8.78,60.86
$GC,11170,-1.04,-146.6,2541,1943,3419,3366,844.4,-6.3,360,11176,0.00,2.22,0.00,0.000,260,0.000,0.042,2531,3350,3392,3419,3366,0,0,0,0,0,0,26.55,25.74,26.56,8.77,62.20
$GC,11319,-1.04,-146.6,2531,3350,3418,3365,852.4,-6.5,363,11324,0.00,2.12,0.00,0.000,1030,0.000,0.024,2531,1949,3391,3418,3365,0,0,0,0,0,0,26.07,26.04,26.09,8.76,61.61
$GC,11533,-1.04,-146.6,2531,1949,3418,3365,868.2,-6.7,369,11537,0.00,2.15,0.00,0.000,516,0.000,0.037,2531,567,3391,3418,3365,0,0,0,0,0,0,26.55,25.74,26.56,8.76,61.38
$GC,11699,-1.04,-146.6,2530,566,3418,3365,880.2,-7.3,373,11703,0.00,2.08,0.00,0.000,1030,0.000,0.027,2523,1950,3391,3418,3365,0,0,0,0,0,0,26.05,25.97,26.08,8.76,61.65
$GC,11904,-1.04,-146.6,2522,1950,3417,3364,895.4,-7.4,378,11908,0.00,2.20,0.00,0.000,260,0.000,0.042,2513,3339,3390,3417,3364,0,0,0,0,0,0,26.55,25.72,26.56,8.77,61.73
$GC,12021,-1.04,-146.6,2512,3341,3416,3364,901.9,-7.6,380,12029,0.12,2.08,0.00,0.000,3078,0.139,0.024,2551,1940,3390,3416,3364,0,0,0,0,0,0,25.63,26.02,25.73,8.76,61.89
$GC,12229,-1.04,-146.6,2550,1940,3416,3363,919.9,-7.5,386,12233,0.00,2.15,0.00,0.000,516,0.000,0.038,2551,567,3390,3416,3364,0,0,0,0,0,0,26.55,25.72,26.56,8.75,61.77
$GC,12365,-1.04,-146.6,2550,567,3416,3364,929.8,-7.8,389,12369,0.00,2.08,0.00,0.000,1030,0.000,0.027,2544,1947,3389,3416,3363,0,0,0,0,0,0,26.03,25.96,26.06,8.75,61.85
$GC,12560,-1.04,-146.6,2543,1947,3415,3362,945.4,-7.7,394,12567,0.00,2.22,0.00,0.000,260,0.000,0.042,2534,3349,3388,3415,3362,0,0,0,0,0,0,26.55,25.70,26.56,8.75,62.01
$GC,12710,-1.04,-146.6,2533,3349,3415,3362,954.9,-7.8,397,12714,0.00,2.08,0.00,0.000,1030,0.000,0.024,2534,1954,3388,3415,3361,0,0,0,0,0,0,26.08,26.01,26.11,8.75,62.24
$GC,12925,-1.04,-146.6,2533,1954,3415,3361,973.7,-7.9,403,12930,0.00,2.17,0.00,0.000,516,0.000,0.038,2534,567,3388,3415,3361,0,0,0,0,0,0,26.55,25.70,26.56,8.74,62.04
$GC,13065,-1.04,-146.6,2533,567,3415,3361,983.9,-8.1,406,13069,0.00,2.10,0.00,0.000,1030,0.000,0.028,2525,1963,3388,3415,3361,0,0,0,0,0,0,26.01,25.93,26.04,8.74,62.28
$STATE,13131,end dive,TARGET_DEPTH_EXCEEDED
$STATE,13131,begin apogee
$GC,13139,-0.42,0.0,2524,2102,3414,3361,990.5,-8.0,408,13280,0.68,0.00,137.75,1.339,10246,0.105,0.000,2748,2102,2805,2898,2713,0,0,0,0,0,0,25.18,24.12,22.78,8.74,61.85
$STATE,13282,end apogee,CONTROL_FINISHED_OK
$STATE,13282,begin climb
$GC,13285,1.09,146.6,2748,2102,2896,2712,995.8,0.0,411,13437,1.40,0.00,143.57,1.284,10758,0.070,0.000,3234,2102,2207,2291,2123,0,0,0,0,0,0,24.75,24.10,22.85,8.69,60.55
$GC,13657,1.03,161.7,3233,2102,2287,2121,966.5,9.3,421,13678,0.00,2.25,16.12,1.187,8452,0.000,0.041,3234,3491,2142,2227,2058,0,0,0,0,0,0,26.27,24.39,23.51,8.63,61.73
$GC,13809,0.95,162.6,3233,3491,2227,2058,954.6,10.0,424,13818,0.17,2.10,0.00,0.000,5126,0.140,0.024,3190,2096,2142,2228,2057,0,0,0,0,0,0,25.47,25.87,25.64,8.63,61.57
$GC,14017,0.96,173.8,3189,2096,2227,2056,931.2,9.5,430,14037,0.00,2.28,13.05,1.169,8452,0.000,0.043,3190,3488,2094,2183,2006,0,0,0,0,0,0,26.41,25.10,23.69,8.62,62.48
$GC,14096,0.96,173.8,3189,3488,2183,2006,922.9,10.0,432,14100,0.00,2.10,0.00,0.000,1030,0.000,0.025,3194,2104,2094,2183,2006,0,0,0,0,0,0,25.91,25.84,25.94,8.61,62.60
$GC,14299,0.96,173.8,3192,2104,2183,2006,901.9,10.4,437,14306,0.00,2.22,0.00,0.000,260,0.000,0.043,3194,3498,2094,2183,2005,0,0,0,0,0,0,26.40,25.81,26.41,8.61,62.08
$GC,14348,0.96,173.8,3193,3498,2183,2006,897.5,10.5,438,14353,0.00,2.10,0.00,0.000,1030,0.000,0.024,3201,2095,2094,2183,2006,0,0,0,0,0,0,26.08,26.01,26.10,8.61,62.79
$GC,14542,0.96,173.8,3201,2095,2183,2006,876.0,10.6,443,14546,0.00,2.20,0.00,0.000,260,0.000,0.043,3202,3488,2094,2183,2005,0,0,0,0,0,0,26.48,25.84,26.49,8.61,62.64
$GC,14626,0.96,173.8,3201,3488,2183,2006,866.9,10.9,445,14631,0.00,2.08,0.00,0.000,1030,0.000,0.025,3210,2100,2094,2183,2006,0,0,0,0,0,0,26.13,26.06,26.15,8.61,62.91
$GC,14831,0.96,173.8,3210,2099,2183,2006,845.6,10.3,450,14835,0.00,2.20,0.00,0.000,260,0.000,0.044,3210,3488,2094,2183,2006,0,0,0,0,0,0,26.51,25.84,26.53,8.61,62.87
$GC,14908,0.96,173.8,3210,3488,2183,2006,840.9,10.3,451,14915,0.00,2.12,0.00,0.000,1030,0.000,0.025,3220,2100,2094,2183,2005,0,0,0,0,0,0,26.10,26.06,26.12,8.61,63.27
$GC,15115,0.97,182.1,3220,2099,2183,2005,817.3,9.6,457,15131,0.00,2.25,9.30,1.090,8452,0.000,0.043,3220,3488,2061,2151,1972,0,0,0,0,0,0,26.53,25.23,23.87,8.60,63.38
$GC,15221,0.98,190.3,3220,3488,2151,1972,809.4,9.6,459,15237,0.00,2.10,9.88,1.089,9222,0.000,0.025,3226,2090,2028,2121,1935,0,0,0,0,0,0,26.03,25.96,23.75,8.61,63.03
$GC,15437,1.00,209.0,3225,2091,2121,1934,787.1,9.1,465,15463,0.00,2.30,19.85,1.174,8452,0.000,0.043,3226,3485,1951,2057,1845,0,0,0,0,0,0,26.38,24.96,23.57,8.59,63.15
$GC,15526,1.01,223.9,3225,3485,2057,1844,779.4,9.3,467,15549,0.00,2.10,16.25,1.138,9222,0.000,0.025,3235,2103,1890,2006,1774,0,0,0,0,0,0,25.83,25.76,23.53,8.59,63.27
$GC,15759,1.02,233.7,3235,2103,2006,1774,756.4,9.6,473,15775,0.00,2.22,10.77,1.073,8452,0.000,0.044,3235,3488,1850,1970,1730,0,0,0,0,0,0,26.31,25.09,23.74,8.59,62.71
$GC,15847,1.02,234.7,3234,3488,1970,1730,747.9,10.0,475,15854,0.10,2.12,0.00,0.000,5126,0.155,0.024,3215,2085,1850,1970,1730,0,0,0,0,0,0,25.54,25.84,25.68,8.58,63.07
$GC,16039,1.03,238.3,3214,2084,1970,1730,728.3,9.8,480,16051,0.00,2.25,5.95,0.921,8452,0.000,0.044,3214,3490,1832,1952,1713,0,0,0,0,0,0,26.39,25.22,23.87,8.58,63.82
$GC,16098,1.03,240.0,3214,3490,1952,1711,724.5,9.9,481,16103,0.00,2.15,0.00,0.000,1030,0.000,0.025,3222,2098,1831,1952,1711,0,0,0,0,0,0,25.97,25.94,25.99,8.57,63.19
$GC,16317,1.03,240.0,3221,2098,1952,1711,699.3,10.5,487,16322,0.00,2.22,0.00,0.000,260,0.000,0.043,3222,3490,1831,1952,1711,0,0,0,0,0,0,26.44,25.79,26.45,8.57,63.58
$GC,16385,1.03,240.0,3221,3490,1952,1710,694.5,10.6,488,16389,0.00,2.10,0.00,0.000,1030,0.000,0.024,3231,2095,1831,1952,1710,0,0,0,0,0,0,26.09,26.02,26.11,8.57,63.34
$GC,16604,1.03,240.0,3230,2094,1952,1710,668.1,10.9,494,16608,0.00,2.25,0.00,0.000,260,0.000,0.044,3231,3505,1831,1952,1711,0,0,0,0,0,0,26.50,25.81,26.51,8.57,64.21
$GC,16661,1.03,240.0,3230,3505,1952,1710,663.1,11.1,495,16665,0.00,2.12,0.00,0.000,1030,0.000,0.025,3241,2094,1831,1952,1710,0,0,0,0,0,0,26.11,26.04,26.14,8.57,63.50
$GC,16850,1.03,240.0,3240,2093,1952,1711,640.9,10.9,500,16855,0.00,2.25,0.00,0.000,260,0.000,0.043,3241,3501,1831,1952,1711,0,0,0,0,0,0,26.51,25.80,26.53,8.57,63.66
$GC,16897,1.03,240.0,3240,3501,1952,1710,636.0,11.0,501,16902,0.12,2.12,0.00,0.000,5126,0.147,0.025,3211,2088,1831,1952,1710,0,0,0,0,0,0,25.65,26.04,25.77,8.57,63.50
$GC,17091,1.03,240.0,3211,2087,1952,1710,615.9,10.0,506,17097,0.00,2.25,0.00,0.000,260,0.000,0.044,3212,3506,1831,1952,1710,0,0,0,0,0,0,26.53,25.79,26.53,8.57,63.90
$GC,17154,1.03,240.0,3211,3506,1952,1710,611.3,10.0,507,17159,0.00,2.12,0.00,0.000,1030,0.000,0.025,3219,2095,1831,1952,1710,0,0,0,0,0,0,26.11,26.03,26.13,8.57,63.74
$GC,17379,1.04,253.6,3219,2095,1952,1711,588.3,9.4,513,17400,0.00,2.25,16.48,1.060,8452,0.000,0.042,3219,3487,1767,1897,1638,0,0,0,0,0,0,26.53,24.58,23.77,8.57,63.93
$GC,17456,1.05,266.9,3219,3488,1897,1638,581.0,9.4,515,17477,0.00,2.10,13.77,1.024,9222,0.000,0.024,3228,2103,1715,1852,1578,0,0,0,0,0,0,25.92,25.85,23.69,8.56,63.50
$GC,17697,1.07,286.3,3228,2103,1852,1577,558.8,9.1,521,17722,0.00,2.28,19.23,1.045,8452,0.000,0.043,3228,3486,1636,1781,1491,0,0,0,0,0,0,26.34,24.98,23.70,8.56,64.05
$GC,17792,1.09,302.3,3228,3486,1780,1489,551.0,9.3,523,17817,0.00,2.10,15.95,1.012,9222,0.000,0.025,3237,2099,1569,1720,1419,0,0,0,0,0,0,25.83,25.77,23.68,8.55,63.19
$GC,18019,1.09,302.3,3237,2099,1720,1418,526.7,10.2,529,18025,0.00,2.22,0.00,0.000,260,0.000,0.043,3237,3487,1569,1720,1418,0,0,0,0,0,0,26.30,25.69,26.31,8.54,63.58
$GC,18067,1.09,302.3,3237,3487,1717,1417,522.2,10.4,530,18072,0.00,2.10,0.00,0.000,1030,0.000,0.024,3247,2101,1567,1717,1417,0,0,0,0,0,0,25.98,25.91,26.01,8.54,63.74
$GC,18261,1.09,302.3,3246,2101,1717,1416,500.0,11.0,535,18262,0.00,0.00,0.00,0.000,6,0.000,0.000,3247,2101,1567,1718,1416,0,0,0,0,0,0,26.44,26.45,26.45,8.55,63.38
$GC,18461,1.09,302.3,3246,2101,1717,1415,477.4,11.2,540,18465,0.00,2.20,0.00,0.000,260,0.000,0.043,3247,3486,1566,1717,1415,0,0,0,0,0,0,26.48,25.78,26.49,8.55,63.74
$GC,18557,1.09,302.3,3246,3486,1717,1414,467.7,11.5,542,18561,0.00,2.10,0.00,0.000,1030,0.000,0.024,3257,2092,1565,1717,1414,0,0,0,0,0,0,26.10,26.02,26.13,8.55,63.34
$GC,18745,1.09,302.3,3257,2092,1717,1414,444.5,11.5,547,18747,0.00,0.00,0.00,0.000,6,0.000,0.000,3257,2092,1565,1717,1413,0,0,0,0,0,0,26.51,26.53,26.52,8.55,63.70
$GC,18945,1.09,302.3,3256,2092,1717,1413,421.7,11.4,552,18950,0.00,2.25,0.00,0.000,260,0.000,0.044,3257,3496,1565,1717,1413,0,0,0,0,0,0,26.52,25.77,26.53,8.55,64.01
$GC,19043,1.09,302.3,3256,3496,1717,1412,411.7,11.6,554,19048,0.10,2.10,0.00,0.000,5126,0.148,0.025,3236,2095,1564,1717,1412,0,0,0,0,0,0,25.72,26.03,25.85,8.55,63.38
$GC,19267,1.16,302.3,3235,2095,1717,1412,385.6,10.9,560,19273,0.00,2.17,0.00,0.000,516,0.000,0.038,3244,706,1564,1717,1412,0,0,0,0,0,0,26.53,25.81,26.54,8.55,63.93
$GC,19285,1.22,302.3,3243,706,1717,1412,385.6,10.9,560,19289,0.00,2.12,0.00,0.000,1030,0.000,0.028,3244,2098,1564,1717,1412,0,0,0,0,0,0,26.01,25.98,26.04,8.56,63.38
$GC,19474,1.22,302.3,3244,2097,1717,1411,363.0,10.9,565,19479,0.00,2.25,0.00,0.000,260,0.000,0.044,3244,3501,1564,1717,1411,0,0,0,0,0,0,26.53,25.74,26.54,8.56,63.07
$GC,19576,1.22,302.3,3243,3501,1717,1411,353.4,11.1,567,19581,0.00,2.15,0.00,0.000,1030,0.000,0.024,3254,2098,1564,1717,1412,0,0,0,0,0,0,26.06,26.03,26.08,8.55,63.27
$GC,19801,1.22,302.3,3253,2098,1717,1411,327.0,10.7,573,19807,0.00,2.25,0.00,0.000,260,0.000,0.044,3254,3502,1564,1717,1412,0,0,0,0,0,0,26.53,25.72,26.54,8.56,63.46
$GC,19855,1.22,302.3,3254,3502,1716,1410,322.4,10.8,574,19860,0.00,2.15,0.00,0.000,1030,0.000,0.024,3264,2097,1564,1717,1411,0,0,0,0,0,0,26.05,26.01,26.07,8.57,62.79
$GC,20044,1.22,302.3,3263,2097,1717,1411,300.6,10.7,579,20051,0.00,2.25,0.00,0.000,260,0.000,0.043,3264,3501,1564,1717,1411,0,0,0,0,0,0,26.53,25.72,26.54,8.57,62.87
$GC,20093,1.22,302.3,3263,3501,1717,1411,296.0,10.8,580,20098,0.00,2.15,0.00,0.000,1030,0.000,0.024,3273,2097,1564,1717,1411,0,0,0,0,0,0,26.05,26.01,26.06,8.57,62.60
$GC,20288,1.22,302.3,3274,2096,1717,1411,274.0,10.9,585,20294,0.00,2.25,0.00,0.000,260,0.000,0.043,3274,3504,1564,1717,1411,0,0,0,0,0,0,26.53,25.72,26.54,8.57,62.87
$GC,20329,1.22,302.3,3273,3504,1716,1411,269.3,10.9,586,20333,0.00,2.12,0.00,0.000,1030,0.000,0.024,3274,2093,1564,1717,1411,0,0,0,0,0,0,26.08,26.00,26.11,8.57,62.95
$GC,20533,1.22,302.3,3273,2093,1717,1411,246.6,11.2,591,20539,0.00,2.25,0.00,0.000,260,0.000,0.043,3274,3504,1564,1717,1411,0,0,0,0,0,0,26.53,25.71,26.54,8.57,62.75
$GC,20576,1.22,302.3,3273,3504,1717,1411,241.9,11.3,592,20580,0.00,2.12,0.00,0.000,1030,0.000,0.024,3280,2086,1564,1717,1411,0,0,0,0,0,0,26.08,26.01,26.12,8.57,62.95
$GC,20775,1.22,302.3,3280,2086,1717,1411,217.8,12.0,597,20779,0.00,2.25,0.00,0.000,260,0.000,0.043,3280,3493,1564,1717,1411,0,0,0,0,0,0,26.53,25.70,26.54,8.58,62.79
$GC,20826,1.22,302.3,3280,3493,1717,1411,212.6,12.0,598,20830,0.00,2.08,0.00,0.000,1030,0.000,0.024,3288,2101,1564,1717,1411,0,0,0,0,0,0,26.08,26.01,26.11,8.58,63.34
$GC,21020,1.22,302.3,3288,2101,1717,1411,190.9,10.2,605,21027,0.00,2.22,0.00,0.000,260,0.000,0.043,3288,3494,1564,1717,1411,0,0,0,0,0,0,26.53,25.70,26.54,8.58,62.16
$GC,21069,1.22,302.3,3288,3493,1717,1411,186.5,10.2,607,21073,0.00,2.12,0.00,0.000,1030,0.000,0.024,3298,2094,1564,1717,1411,0,0,0,0,0,0,26.05,26.02,26.07,8.58,63.07
$GC,21264,1.22,302.3,3297,2093,1717,1411,165.9,10.5,617,21269,0.00,2.22,0.00,0.000,260,0.000,0.043,3297,3495,1564,1717,1411,0,0,0,0,0,0,26.53,25.70,26.54,8.59,62.08
$GC,21331,1.22,302.3,3297,3495,1717,1411,158.9,10.6,620,21337,0.10,2.08,0.00,0.000,5126,0.147,0.024,3276,2098,1564,1717,1411,0,0,0,0,0,0,25.70,26.01,25.81,8.59,63.11
$GC,21526,1.22,302.3,3275,2098,1717,1411,138.2,10.7,630,21531,0.00,2.25,0.00,0.000,260,0.000,0.042,3275,3504,1564,1717,1411,0,0,0,0,0,0,26.53,25.70,26.55,8.59,62.87
$GC,21583,1.22,302.3,3275,3504,1717,1411,132.9,11.5,632,21591,0.00,2.10,0.00,0.000,1030,0.000,0.024,3284,2095,1564,1717,1411,0,0,0,0,0,0,26.08,26.01,26.11,8.59,62.36
$GC,21771,1.22,302.3,3283,2095,1717,1411,109.0,11.6,642,21775,0.00,2.15,0.00,0.000,516,0.000,0.037,3294,710,1564,1717,1411,0,0,0,0,0,0,26.53,25.77,26.54,8.59,62.67
$GC,21794,1.22,302.3,3293,710,1717,1411,106.5,11.1,643,21799,0.00,2.12,0.00,0.000,1030,0.000,0.027,3294,2102,1564,1717,1411,0,0,0,0,0,0,25.98,25.95,26.01,8.60,62.71
$GC,21998,1.24,316.3,3294,2102,1718,1411,87.2,9.4,653,22017,0.00,2.25,12.32,0.721,8452,0.000,0.041,3294,3505,1512,1669,1356,0,0,0,0,0,0,26.53,24.63,24.00,8.61,62.52
$GC,22326,1.33,411.4,3294,3505,1666,1352,70.9,5.6,669,22424,0.00,2.15,86.60,0.734,9222,0.000,0.023,3304,2094,1128,1277,979,0,0,0,0,1,0,26.01,25.98,23.58,8.69,64.80
$GC,22604,1.33,411.4,3303,2093,1270,978,44.7,11.3,685,22609,0.00,2.25,0.00,0.000,260,0.000,0.043,3303,3501,1124,1270,978,0,0,0,0,0,0,26.23,25.59,26.24,8.75,63.50
$GC,22690,1.33,411.4,3303,3501,1270,978,35.0,11.2,693,22694,0.00,2.10,0.00,0.000,1030,0.000,0.023,3304,2098,1124,1270,978,0,0,0,0,0,0,25.96,25.89,25.98,8.77,62.91
$GC,22886,1.34,425.8,3303,2097,1270,978,18.3,9.3,712,22906,0.00,2.25,10.38,0.565,8452,0.000,0.041,3304,3490,1066,1192,940,0,0,0,0,0,0,26.43,25.13,24.16,8.80,61.45
$GC,22951,1.36,445.7,3303,3490,1193,940,12.4,9.1,718,22971,0.00,2.10,13.48,0.542,9222,0.000,0.021,3309,2097,985,1092,879,0,0,0,0,0,0,25.99,25.96,24.20,8.81,60.71
$STATE,23057,end climb,SURFACE_DEPTH_REACHED
$STATE,23057,begin surface coast
$FINISH,-0.2,1.022556
$STATE,23093,end surface coast,CONTROL_FINISHED_OK
$STATE,23093,begin surface
$SM_CCo,23174,0.00,0.000,0,0,981,447.67
$SM_GC,0.19,7.97,0.17,0.00,0.024,0.060,0.000,172,1961,981,-8.29,1.72,447.67,0,0,0,0,0,0,26.02,26.06,26.06
$IRIDIUM_FIX,814.48,-14130.62,080425,233620
$TT8_MAMPS,0.026215,0.380492
$HUMID,56.81
$INTERNAL_PRESSURE,8.79068
$TCM_TEMP,19.20
$XPDR_PINGS,0
$ALTIM_TOP_PING,19.3,19.4
$24V_AH,22.78,93.729
$10V_AH,9.43,60.466
$FG_AHR_24Vo,0.000
$FG_AHR_10Vo,0.000
$DEVICES,Pitch_motor,Roll_motor,VBD_pump_during_apogee,VBD_pump_during_surface,VBD_valve,Iridium_during_init,Iridium_during_connect,Iridium_during_xfer,Transponder_ping,GUMSTIX_24V,GPS,TT8,LPSleep,TT8_Active,TT8_Sampling,TT8_CF8,TT8_Kalman,Analog_circuits,GPS_charging,Compass,RAFOS,Transponder,Compass2
$DEVICE_SECS,21.225,300.425,570.700,0.000,0.000,0.000,0.000,268.175,0.250,0.000,26.042,3467.245,15042.902,710.780,3817.036,548.216,0.000,2936.108,0.000,3341.433,0.000,2.765,0.000
$DEVICE_MAMPS,201.195,68.850,1338.750,0.000,0.000,0.000,0.000,91.800,420.000,0.000,30.710,15.210,2.190,15.210,43.670,53.410,0.000,14.000,0.000,8.240,0.000,30.000,0.000
$SENSORS,SBE_CT,WL_blue_red_Chl,AA4330,nil,nil,nil,nil,nil,nil,nil
$SENSOR_SECS,638.062,0.000,979.732,0.000,0.000,0.000,0.000,0.000,0.000,0.000
$SENSOR_MAMPS,22.470,0.000,11.230,0.000,0.000,0.000,0.000,0.000,0.000,0.000
$MEM,312012
$DATA_FILE_SIZE,55798,732
$CAP_FILE_SIZE,267633,0
$CFSIZE,2097872896,2017132544
$ERRORS,0,0,0,0,0,0,0,0,0,0,0,0,0,1,1,0
$CURRENT,0.071,86.83,1
$GPS,240805,124204,814.332,-14131.735,28,0.8,55,9.3,0.7,294.4,10,5.0
