version: 66.14
glider: 195
mission: 21
dive: 569
start: 9 2 105 13 44 15
data:
$ID,195
$MISSION,21
$DIVE,569
$N_DIVES,0
$STOP_T,0
$D_SURF,3
$D_FLARE,2
$D_TGT,990
$D_ABORT,1090
$D_NO_BLEED,50
$D_BOOST,3
$T_BOOST,0
$D_FINISH,0
$D_PITCH,0
$D_SAFE,0
$D_CALL,0
$SURFACE_URGENCY,0
$SURFACE_URGENCY_TRY,0
$SURFACE_URGENCY_FORCE,0
$T_DIVE,330
$T_MISSION,600
$T_ABORT,1440
$T_TURN,300
$T_TURN_SAMPINT,5
$T_NO_W,120
$T_LOITER,0
$T_SLOITER,60
$T_EPIRB,0
$USE_BATHY,0
$USE_ICE,0
$ICE_FREEZE_MARGIN,0.30000001
$D_OFFGRID,990
$T_WATCHDOG,10
$RELAUNCH,1
$APOGEE_PITCH,-8
$MAX_BUOY,150
$COURSE_BIAS,0
$GLIDE_SLOPE,30
$SPEED_FACTOR,1
$RHO,1.023
$MASS,54002
$MASS_COMP,0
$NAV_MODE,2
$FERRY_MAX,45
$KALMAN_USE,2
$HD_A,0.0038000001
$HD_B,0.0099999998
$HD_C,9.8500004e-06
$HEADING,-1
$ESCAPE_HEADING,0
$ESCAPE_HEADING_DELTA,10
$FIX_MISSING_TIMEOUT,0
$TGT_DEFAULT_LAT,4736
$TGT_DEFAULT_LON,-12225
$TGT_AUTO_DEFAULT,0
$SM_CC,300
$N_FILEKB,4
$FILEMGR,0
$CALL_NDIVES,1
$COMM_SEQ,0
$PROTOCOL,9
$N_NOCOMM,1
$NOCOMM_ACTION,0
$N_NOSURFACE,0
$UPLOAD_DIVES_MAX,-1
$CALL_TRIES,5
$CALL_WAIT,60
$CAPUPLOAD,0
$CAPMAXSIZE,200000
$HEAPDBG,0
$T_GPS,15
$N_GPS,50840
$T_RSLEEP,2
$STROBE,0
$RAFOS_PEAK_OFFSET,1.5
$RAFOS_CORR_THRESH,60
$RAFOS_HIT_WINDOW,3600
$RAFOS_MMODEM,0
$PITCH_MIN,207
$PITCH_MAX,3915
$C_PITCH,2884
$PITCH_DBAND,0.1
$PITCH_CNV,0.003125763
$P_OVSHOOT,0.039999999
$P_OVSHOOT_WITHG,0.079999998
$PITCH_GAIN,19.15
$PITCH_TIMEOUT,17
$PITCH_AD_RATE,160
$PITCH_MAXERRORS,1
$PITCH_ADJ_GAIN,0.02
$PITCH_ADJ_DBAND,2.5
$ROLL_MIN,224
$ROLL_MAX,3758
$ROLL_DEG,40
$C_ROLL_DIVE,1850
$C_ROLL_CLIMB,2200
$HEAD_ERRBAND,10
$ROLL_CNV,0.028270001
$ROLL_TIMEOUT,15
$R_PORT_OVSHOOT,59
$R_STBD_OVSHOOT,32
$ROLL_AD_RATE,350
$ROLL_MAXERRORS,2
$ROLL_ADJ_GAIN,0
$ROLL_ADJ_DBAND,0
$VBD_MIN,500
$VBD_MAX,3960
$C_VBD,2806
$VBD_DBAND,2
$VBD_CNV,-0.24529999
$VBD_LP_IGNORE,0
$VBD_TIMEOUT,720
$PITCH_VBD_SHIFT,0.001
$VBD_PUMP_AD_RATE_SURFACE,5
$VBD_PUMP_AD_RATE_APOGEE,4
$VBD_BLEED_AD_RATE,8
$UNCOM_BLEED,60
$VBD_MAXERRORS,1
$W_ADJ_DBAND,0
$DBDW,0
$PITCH_W_GAIN,0
$PITCH_W_DBAND,0
$CF8_MAXERRORS,5
$AH0_24V,150
$AH0_10V,97
$MINV_24V,19
$MINV_10V,8
$MAXI_24V,0.80000001
$MAXI_10V,0.60000002
$FG_AHR_10V,0
$FG_AHR_24V,0
$PHONE_SUPPLY,-2
$PRESSURE_YINT,-49.397121
$PRESSURE_SLOPE,0.0001168043
$AD7714Ch0Gain,128
$TCM_PITCH_OFFSET,0
$TCM_ROLL_OFFSET,0
$COMPASS_USE,4
$ALTIM_BOTTOM_PING_RANGE,0
$ALTIM_TOP_PING_RANGE,20
$ALTIM_BOTTOM_TURN_MARGIN,0
$ALTIM_TOP_TURN_MARGIN,0
$ALTIM_TOP_MIN_OBSTACLE,1
$ALTIM_PING_DEPTH,0
$ALTIM_PING_DELTA,0
$ALTIM_FREQUENCY,13
$ALTIM_PULSE,3
$ALTIM_SENSITIVITY,3
$XPDR_VALID,5
$XPDR_INHIBIT,90
$INT_PRESSURE_SLOPE,0.0097660003
$INT_PRESSURE_YINT,-0.77999997
$DEEPGLIDER,0
$MOTHERBOARD,4
$DEVICE1,2
$DEVICE2,115
$DEVICE3,101
$DEVICE4,-1
$DEVICE5,-1
$DEVICE6,-1
$LOGGERS,0
$LOGGERDEVICE1,-1
$LOGGERDEVICE2,-1
$LOGGERDEVICE3,-1
$LOGGERDEVICE4,-1
$COMPASS_DEVICE,33
$COMPASS2_DEVICE,-1
$PHONE_DEVICE,49
$GPS_DEVICE,32
$RAFOS_DEVICE,-1
$XPDR_DEVICE,24
$SIM_W,0
$SIM_PITCH,0
$SEABIRD_T_G,0.0044178674
$SEABIRD_T_H,0.00064818078
$SEABIRD_T_I,2.6779007e-05
$SEABIRD_T_J,3.3667231e-06
$SEABIRD_C_G,-10.098215
$SEABIRD_C_H,1.1454017
$SEABIRD_C_I,-0.0021276253
$SEABIRD_C_J,0.00025532115
$SEABIRD_C_Z,2974.52
$GPS1,020905,133624,809.4020,-14204.2734,31,0.8,51,9.3,0.0,131.3,11,4.7
$_CALLS,1
$_XMS_NAKs,0
$_XMS_TOUTs,0
$_SM_DEPTHo,0.17
$_SM_ANGLEo,-56.9
$GPS2,020905,134336,809.3473,-14204.2773,7,0.8,23,9.3,0.8,93.4,10,4.7
$SPEED_LIMITS,0.173,0.262
$TGT_NAME,TX2
$TGT_LATLONG,1145.000,-14800.000
$TGT_RADIUS,10000.000
$KALMAN_CONTROL,0.000000,0.000000
$KALMAN_X,0.000000,0.000000,0.000000,0.000000,0.000000
$KALMAN_Y,0.000000,0.000000,0.000000,0.000000,0.000000
$MHEAD_RNG_PITCHd_Wd,284.0,758635,-18.1,-10.000,-20.93,2235
$D_GRID,990
$GCHEAD,st_secs,pitch_ctl,vbd_ctl,pitch_ad_start,roll_ad_start,vbd_pot1_ad_start,vbd_pot2_ad_start,depth,ob_vertv,data_pts,end_secs,pitch_secs,roll_secs,vbd_secs,vbd_i,gcphase,pitch_i,roll_i,pitch_ad,roll_ad,vbd_ad,vbd_pot1_ad,vbd_pot2_ad,pitch_retries,pitch_errors,roll_retries,roll_errors,vbd_retries,vbd_errors,pitch_volts,roll_volts,vbd_volts,int_press,humidity
$STATE,6,end surface,CONTROL_FINISHED_OK
$STATE,6,begin dive
$GC,74,-1.09,-146.6,150,1846,890,741,0.1,0.0,6,154,0.00,0.00,-77.85,0.000,16386,0.000,0.000,149,1847,2831,2848,2814,0,0,0,0,0,0,26.34,28.83,26.35,8.80,53.89
$GC,159,-1.09,-146.6,149,1846,2850,2813,2.3,-4.2,14,188,9.18,2.30,-13.07,0.000,18692,0.198,0.057,2513,3260,3407,3428,3386,0,0,0,0,0,0,24.76,23.69,24.94,9.02,54.33
$GC,305,-0.96,-146.6,2512,3260,3432,3386,27.0,-16.9,28,310,0.17,2.10,0.00,0.000,3078,0.130,0.021,2576,1828,3409,3432,3386,0,0,0,0,0,0,25.37,26.01,25.53,9.08,53.97
$GC,501,-0.96,-146.6,2574,1827,3434,3386,54.9,-11.6,45,508,0.00,2.22,0.00,0.000,260,0.000,0.034,2567,3268,3410,3434,3386,0,0,0,0,0,0,26.47,25.80,26.48,9.10,54.48
$GC,631,-0.96,-146.6,2566,3268,3435,3386,70.5,-11.8,51,636,0.00,2.05,0.00,0.000,1030,0.000,0.020,2567,1843,3410,3435,3386,0,0,0,0,0,0,26.10,26.05,26.13,9.11,54.33
$GC,825,-0.96,-146.6,2567,1842,3437,3386,90.0,-8.8,61,830,0.00,2.10,0.00,0.000,516,0.000,0.034,2567,470,3411,3437,3386,0,0,0,0,0,0,26.50,25.82,26.51,9.12,54.44
$GC,870,-0.91,-146.6,2567,470,3437,3386,93.5,-8.4,63,876,0.10,2.05,0.00,0.000,3078,0.147,0.021,2587,1882,3411,3437,3386,0,0,0,0,0,0,25.70,26.04,25.80,9.12,54.41
$GC,1076,-0.91,-146.6,2587,1882,3441,3386,105.1,-5.7,73,1080,0.00,2.15,0.00,0.000,516,0.000,0.033,2587,476,3413,3441,3386,0,0,0,0,0,0,26.51,25.84,26.51,9.11,53.50
$GC,1102,-0.91,-146.6,2586,474,3441,3386,106.5,-5.8,74,1106,0.00,2.00,0.00,0.000,1030,0.000,0.021,2581,1848,3413,3441,3386,0,0,0,0,0,0,26.11,26.05,26.13,9.11,53.54
$GC,1300,-0.91,-146.6,2580,1848,3443,3386,117.1,-5.0,84,1305,0.00,2.12,0.00,0.000,260,0.000,0.035,2571,3241,3414,3443,3386,0,0,0,0,0,0,26.51,25.83,26.52,9.09,53.34
$GC,1352,-0.91,-146.6,2570,3241,3443,3385,119.3,-5.0,86,1357,0.00,2.05,0.00,0.000,1030,0.000,0.026,2571,1862,3415,3444,3386,0,0,0,0,0,0,26.04,26.00,26.06,9.09,53.85
$GC,1547,-0.91,-146.6,2570,1861,3445,3386,129.5,-5.4,96,1551,0.00,2.12,0.00,0.000,516,0.000,0.034,2571,470,3415,3444,3386,0,0,0,0,0,0,26.51,25.84,26.52,9.07,53.50
$GC,1599,-0.91,-146.6,2570,470,3445,3386,131.9,-5.3,98,1603,0.00,2.03,0.00,0.000,1030,0.000,0.023,2561,1844,3415,3444,3386,0,0,0,0,0,0,26.09,26.03,26.11,9.06,53.15
$GC,1793,-0.91,-146.6,2561,1844,3446,3387,144.4,-6.7,108,1798,0.10,2.17,0.00,0.000,2308,0.143,0.038,2584,3255,3416,3446,3387,0,0,0,0,0,0,26.05,25.82,26.09,9.04,53.58
$GC,1851,-0.91,-146.6,2584,3255,3446,3386,147.3,-6.5,110,1858,0.00,2.05,0.00,0.000,1030,0.000,0.022,2584,1846,3416,3445,3387,0,0,0,0,0,0,26.10,26.04,26.13,9.04,53.18
$GC,2039,-0.91,-146.6,2584,1846,3446,3387,161.2,-7.5,120,2043,0.00,2.15,0.00,0.000,516,0.000,0.034,2584,472,3416,3446,3387,0,0,0,0,0,0,26.52,25.84,26.53,9.03,54.48
$GC,2137,-0.91,-146.6,2584,472,3446,3388,168.1,-8.0,124,2145,0.00,2.03,0.00,0.000,1030,0.000,0.023,2575,1849,3417,3446,3388,0,0,0,0,0,0,26.08,26.02,26.11,9.02,54.56
$GC,2324,-0.91,-146.6,2574,1848,3446,3388,183.2,-7.4,134,2328,0.00,2.15,0.00,0.000,260,0.000,0.039,2565,3244,3417,3447,3388,0,0,0,0,0,0,26.52,25.82,26.53,9.01,54.92
$GC,2368,-0.91,-146.6,2564,3245,3446,3388,186.3,-7.3,136,2372,0.00,2.03,0.00,0.000,1030,0.000,0.022,2565,1848,3417,3446,3388,0,0,0,0,0,0,26.10,26.04,26.13,9.01,54.29
$GC,2571,-0.91,-146.6,2565,1848,3446,3388,199.8,-6.6,146,2576,0.00,2.15,0.00,0.000,516,0.000,0.034,2565,472,3417,3446,3388,0,0,0,0,0,0,26.52,25.84,26.53,9.00,55.04
$GC,2669,-0.91,-146.6,2564,472,3446,3388,205.8,-7.0,149,2676,0.12,2.05,0.00,0.000,3078,0.138,0.023,2594,1858,3417,3446,3388,0,0,0,0,0,0,25.65,26.01,25.76,8.99,55.94
$GC,2897,-0.91,-146.6,2594,1858,3446,3388,222.2,-6.8,155,2902,0.00,2.15,0.00,0.000,516,0.000,0.034,2594,464,3417,3446,3388,0,0,0,0,0,0,26.53,25.83,26.53,8.97,56.34
$GC,2950,-0.91,-146.6,2593,464,3446,3388,225.5,-6.8,156,2954,0.00,2.08,0.00,0.000,1030,0.000,0.023,2587,1861,3417,3446,3388,0,0,0,0,0,0,26.08,26.01,26.10,8.97,55.98
$GC,3144,-0.91,-146.6,2586,1860,3446,3387,238.9,-6.7,161,3148,0.00,2.15,0.00,0.000,260,0.000,0.039,2577,3249,3416,3446,3387,0,0,0,0,0,0,26.53,25.81,26.53,8.96,56.77
$GC,3196,-0.91,-146.6,2576,3249,3446,3387,242.2,-6.8,162,3200,0.00,2.05,0.00,0.000,1030,0.000,0.022,2577,1844,3417,3446,3388,0,0,0,0,0,0,26.10,26.04,26.13,8.96,56.30
$GC,3390,-0.91,-146.6,2576,1843,3446,3388,256.8,-7.3,167,3394,0.00,2.12,0.00,0.000,516,0.000,0.035,2577,466,3417,3446,3388,0,0,0,0,0,0,26.53,25.81,26.53,8.95,57.04
$GC,3497,-0.91,-146.6,2576,466,3446,3387,263.1,-7.4,169,3502,0.00,2.08,0.00,0.000,1030,0.000,0.024,2568,1858,3417,3446,3388,0,0,0,0,0,0,26.08,26.01,26.10,8.94,56.65
$GC,3718,-0.91,-146.6,2568,1858,3445,3387,281.3,-7.6,175,3723,0.00,2.15,0.00,0.000,516,0.000,0.034,2569,467,3416,3445,3387,0,0,0,0,0,0,26.53,25.82,26.53,8.93,57.63
$GC,3805,-0.91,-146.6,2568,466,3445,3387,288.3,-7.8,177,3811,0.10,2.08,0.00,0.000,3078,0.143,0.024,2590,1862,3416,3445,3387,0,0,0,0,0,0,25.71,26.01,25.81,8.93,57.20
$GC,4001,-0.96,-146.6,2589,1861,3444,3387,303.2,-7.5,182,4006,0.00,2.20,0.00,0.000,516,0.000,0.036,2590,469,3415,3444,3387,0,0,0,0,0,0,26.53,25.82,26.53,8.93,57.71
$GC,4034,-1.02,-146.6,2589,469,3444,3387,303.2,-7.5,182,4038,0.00,2.05,0.00,0.000,1030,0.000,0.024,2583,1852,3415,3444,3387,0,0,0,0,0,0,26.08,26.01,26.10,8.92,58.07
$GC,4249,-1.07,-146.6,2583,1851,3443,3387,320.7,-7.0,188,4256,0.08,2.17,0.00,0.000,4356,0.095,0.039,2497,3250,3414,3442,3387,0,0,0,0,0,0,26.32,25.79,26.33,8.92,58.38
$GC,4331,-1.07,-146.6,2496,3250,3442,3387,326.7,-7.0,190,4338,0.12,2.05,0.00,0.000,3078,0.142,0.023,2534,1846,3414,3442,3387,0,0,0,0,0,0,25.63,26.03,25.74,8.92,58.42
$GC,4534,-1.07,-146.6,2534,1847,3441,3387,340.2,-6.7,195,4538,0.00,2.15,0.00,0.000,516,0.000,0.036,2534,463,3414,3441,3387,0,0,0,0,0,0,26.53,25.79,26.53,8.91,58.66
$GC,4651,-1.07,-146.6,2534,462,3441,3387,346.3,-6.9,197,4659,0.00,2.08,0.00,0.000,1030,0.000,0.024,2526,1854,3413,3440,3387,0,0,0,0,0,0,26.07,26.00,26.10,8.90,58.34
$GC,4860,-1.07,-146.6,2526,1853,3439,3387,365.0,-8.0,203,4863,0.00,2.17,0.00,0.000,260,0.000,0.039,2517,3250,3413,3439,3387,0,0,0,0,0,0,26.53,25.79,26.54,8.90,59.09
$GC,4903,-1.07,-146.6,2516,3250,3438,3387,368.8,-8.1,204,4907,0.00,2.05,0.00,0.000,1030,0.000,0.023,2517,1850,3412,3438,3387,0,0,0,0,0,0,26.09,26.03,26.12,8.89,59.45
$GC,5107,-1.07,-146.6,2516,1850,3436,3387,387.3,-9.1,209,5110,0.00,2.15,0.00,0.000,516,0.000,0.036,2517,467,3412,3437,3387,0,0,0,0,0,0,26.53,25.78,26.53,8.89,59.49
$GC,5213,-1.07,-146.6,2516,466,3436,3387,395.6,-9.5,211,5221,0.10,2.08,0.00,0.000,3078,0.148,0.024,2536,1854,3411,3435,3387,0,0,0,0,0,0,25.68,26.00,25.78,8.89,58.62
$GC,5430,-1.07,-146.6,2536,1854,3435,3385,417.5,-8.9,217,5434,0.00,2.15,0.00,0.000,516,0.000,0.036,2537,472,3410,3435,3386,0,0,0,0,0,0,26.53,25.79,26.54,8.89,59.33
$GC,5492,-1.07,-146.6,2536,472,3436,3386,421.3,-8.8,218,5496,0.00,2.08,0.00,0.000,1030,0.000,0.024,2529,1856,3410,3435,3385,0,0,0,0,0,0,26.06,25.99,26.09,8.88,59.17
$GC,5715,-1.07,-146.6,2528,1856,3435,3384,441.3,-8.2,224,5720,0.00,2.17,0.00,0.000,260,0.000,0.040,2519,3250,3409,3435,3384,0,0,0,0,0,0,26.53,25.77,26.54,8.88,59.45
$GC,5823,-1.07,-146.6,2518,3250,3434,3383,447.9,-8.0,226,5827,0.00,2.08,0.00,0.000,1030,0.000,0.023,2519,1843,3408,3434,3383,0,0,0,0,0,0,26.08,26.02,26.10,8.88,60.04
$GC,6043,-1.07,-146.6,2518,1843,3433,3383,466.2,-7.5,232,6047,0.00,2.15,0.00,0.000,516,0.000,0.037,2519,466,3408,3434,3382,0,0,0,0,0,0,26.53,25.76,26.54,8.87,60.00
$GC,6116,-1.07,-146.6,2518,465,3433,3382,469.6,-7.4,233,6120,0.00,2.08,0.00,0.000,1030,0.000,0.024,2509,1852,3407,3433,3382,0,0,0,0,0,0,26.06,25.99,26.08,8.87,59.64
$GC,6330,-1.07,-146.6,2509,1852,3432,3382,487.9,-7.5,239,6337,0.10,2.17,0.00,0.000,2308,0.153,0.040,2531,3246,3407,3432,3382,0,0,0,0,0,0,26.02,25.76,26.06,8.86,60.12
$GC,6349,-1.07,-146.6,2530,3245,3432,3382,487.9,-7.5,239,6353,0.00,2.05,0.00,0.000,1030,0.000,0.023,2531,1848,3407,3432,3382,0,0,0,0,0,0,26.08,26.01,26.10,8.87,59.56
$GC,6575,-1.07,-146.6,2530,1847,3432,3381,505.2,-7.1,245,6579,0.00,2.15,0.00,0.000,516,0.000,0.037,2531,470,3406,3432,3381,0,0,0,0,0,0,26.53,25.75,26.54,8.86,59.88
$GC,6729,-1.07,-146.6,2530,469,3431,3381,514.5,-7.3,248,6733,0.00,2.08,0.00,0.000,1030,0.000,0.025,2522,1853,3406,3431,3381,0,0,0,0,0,0,26.06,25.98,26.08,8.86,60.00
$GC,6944,-1.07,-146.6,2522,1854,3431,3379,531.8,-7.1,254,6949,0.00,2.17,0.00,0.000,516,0.000,0.036,2522,463,3404,3430,3379,0,0,0,0,0,0,26.53,25.76,26.54,8.85,60.23
$GC,6988,-1.07,-146.6,2522,463,3431,3379,535.3,-7.2,255,6993,0.00,2.08,0.00,0.000,1030,0.000,0.025,2513,1851,3404,3430,3379,0,0,0,0,0,0,26.05,25.98,26.08,8.85,60.15
$GC,7193,-1.07,-146.6,2512,1850,3430,3378,549.9,-7.1,260,7198,0.00,2.15,0.00,0.000,516,0.000,0.037,2513,469,3404,3430,3378,0,0,0,0,0,0,26.53,25.75,26.54,8.84,60.78
$GC,7285,-1.07,-146.6,2512,469,3430,3378,556.4,-7.4,262,7292,0.12,2.08,0.00,0.000,3078,0.140,0.025,2541,1855,3404,3430,3378,0,0,0,0,0,0,25.60,25.98,25.71,8.84,60.55
$GC,7479,-1.07,-146.6,2540,1854,3430,3378,569.5,-6.5,267,7484,0.00,2.15,0.00,0.000,516,0.000,0.037,2541,473,3404,3430,3378,0,0,0,0,0,0,26.53,25.74,26.53,8.84,60.90
$GC,7547,-1.07,-146.6,2540,473,3429,3377,572.7,-6.6,268,7551,0.00,2.08,0.00,0.000,1030,0.000,0.025,2534,1854,3404,3430,3378,0,0,0,0,0,0,26.04,25.97,26.07,8.83,60.19
$GC,7767,-1.07,-146.6,2533,1853,3429,3376,588.9,-6.8,274,7771,0.00,2.17,0.00,0.000,516,0.000,0.037,2534,467,3403,3429,3377,0,0,0,0,0,0,26.53,25.73,26.54,8.83,60.43
$GC,7824,-1.07,-146.6,2533,467,3429,3377,591.9,-6.8,275,7829,0.00,2.10,0.00,0.000,1030,0.000,0.025,2525,1860,3403,3429,3377,0,0,0,0,0,0,26.03,25.96,26.06,8.82,60.43
$GC,8014,-1.07,-146.6,2525,1860,3427,3376,606.9,-7.3,280,8018,0.00,2.17,0.00,0.000,260,0.000,0.040,2515,3252,3401,3427,3376,0,0,0,0,0,0,26.53,25.72,26.54,8.82,61.30
$GC,8076,-1.07,-146.6,2515,3253,3426,3376,610.3,-7.5,281,8080,0.00,2.08,0.00,0.000,1030,0.000,0.024,2515,1850,3401,3426,3376,0,0,0,0,0,0,26.06,25.99,26.08,8.82,60.71
$GC,8299,-1.07,-146.6,2514,1850,3426,3375,629.8,-8.2,287,8303,0.00,2.17,0.00,0.000,516,0.000,0.037,2515,463,3400,3426,3375,0,0,0,0,0,0,26.53,25.71,26.54,8.81,60.71
$GC,8459,-1.07,-146.6,2514,461,3425,3375,640.6,-8.7,290,8466,0.10,2.10,0.00,0.000,3078,0.149,0.025,2535,1860,3399,3424,3375,0,0,0,0,0,0,25.63,25.96,25.73,8.81,61.38
$GC,8663,-1.07,-146.6,2534,1860,3424,3374,660.8,-8.3,296,8667,0.00,2.17,0.00,0.000,260,0.000,0.041,2527,3248,3399,3424,3374,0,0,0,0,0,0,26.53,25.71,26.54,8.81,61.45
$GC,8737,-1.07,-146.6,2526,3249,3424,3373,664.5,-8.4,297,8741,0.00,2.08,0.00,0.000,1030,0.000,0.023,2527,1848,3398,3424,3373,0,0,0,0,0,0,26.05,25.98,26.08,8.80,61.38
$GC,8951,-1.07,-146.6,2526,1849,3424,3373,684.9,-8.4,303,8956,0.00,2.17,0.00,0.000,516,0.000,0.038,2527,464,3398,3424,3373,0,0,0,0,0,0,26.53,25.68,26.54,8.80,61.57
$GC,9064,-1.07,-146.6,2526,464,3423,3373,692.1,-8.4,305,9068,0.00,2.10,0.00,0.000,1030,0.000,0.025,2517,1859,3398,3423,3373,0,0,0,0,0,0,26.01,25.94,26.05,8.80,61.18
$GC,9278,-1.07,-146.6,2516,1859,3422,3372,711.6,-8.0,311,9282,0.00,2.17,0.00,0.000,260,0.000,0.040,2507,3245,3397,3422,3372,0,0,0,0,0,0,26.53,25.70,26.54,8.80,61.61
$GC,9336,-1.07,-146.6,2506,3247,3422,3371,715.2,-7.9,312,9342,0.10,2.08,0.00,0.000,3078,0.148,0.024,2536,1843,3396,3421,3371,0,0,0,0,0,0,25.64,25.97,25.73,8.79,61.57
$GC,9527,-1.07,-146.6,2536,1842,3422,3371,730.6,-7.4,317,9531,0.00,2.17,0.00,0.000,516,0.000,0.039,2536,476,3396,3422,3371,0,0,0,0,0,0,26.53,25.67,26.54,8.79,61.77
$GC,9645,-1.07,-146.6,2536,476,3421,3371,737.4,-7.7,319,9653,0.00,2.05,0.00,0.000,1030,0.000,0.026,2529,1849,3396,3421,3371,0,0,0,0,0,0,26.01,25.94,26.04,8.79,61.38
$GC,9853,-1.07,-146.6,2529,1849,3421,3369,755.9,-7.6,325,9857,0.00,2.22,0.00,0.000,260,0.000,0.041,2519,3243,3395,3421,3369,0,0,0,0,0,0,26.53,25.70,26.54,8.79,61.49
$GC,9899,-1.07,-146.6,2519,3243,3421,3368,759.4,-7.7,326,9903,0.00,2.08,0.00,0.000,1030,0.000,0.024,2519,1841,3395,3421,3369,0,0,0,0,0,0,26.03,25.97,26.06,8.79,62.12
$GC,10098,-1.07,-146.6,2519,1842,3421,3368,775.1,-7.9,331,10102,0.00,2.20,0.00,0.000,516,0.000,0.039,2519,467,3394,3420,3368,0,0,0,0,0,0,26.53,25.65,26.54,8.79,62.67
$GC,10224,-1.07,-146.6,2518,467,3420,3368,785.4,-8.1,334,10228,0.00,2.10,0.00,0.000,1030,0.000,0.026,2509,1856,3393,3420,3367,0,0,0,0,0,0,26.00,25.92,26.03,8.78,61.77
$GC,10428,-1.07,-146.6,2509,1856,3420,3367,802.4,-8.3,339,10432,0.00,2.17,0.00,0.000,260,0.000,0.041,2499,3244,3393,3420,3367,0,0,0,0,0,0,26.53,25.66,26.54,8.78,61.93
$GC,10459,-1.07,-146.6,2499,3245,3419,3367,802.4,-8.3,339,10465,0.12,2.08,0.00,0.000,3078,0.143,0.024,2537,1840,3393,3419,3367,0,0,0,0,0,0,25.54,25.95,25.65,8.78,62.01
$GC,10676,-1.07,-146.6,2537,1840,3420,3367,821.5,-7.8,345,10680,0.00,2.15,0.00,0.000,516,0.000,0.039,2537,473,3393,3420,3367,0,0,0,0,0,0,26.53,25.64,26.53,8.78,62.32
$GC,10795,-1.07,-146.6,2537,473,3419,3367,828.5,-8.0,347,10802,0.00,2.08,0.00,0.000,1030,0.000,0.026,2530,1853,3393,3419,3367,0,0,0,0,0,0,25.98,25.91,26.02,8.77,62.01
$GC,11001,-1.07,-146.6,2529,1853,3418,3366,847.3,-7.6,353,11006,0.00,2.17,0.00,0.000,516,0.000,0.038,2529,473,3392,3418,3366,0,0,0,0,0,0,26.53,25.65,26.54,8.77,62.36
$GC,11039,-1.07,-146.6,2529,473,3418,3366,847.3,-7.6,353,11046,0.00,2.08,0.00,0.000,1030,0.000,0.026,2521,1854,3391,3418,3365,0,0,0,0,0,0,25.98,25.91,26.01,8.77,62.20
$GC,11247,-1.07,-146.6,2520,1854,3418,3365,866.1,-7.6,359,11250,0.00,2.17,0.00,0.000,516,0.000,0.038,2521,475,3391,3418,3365,0,0,0,0,0,0,26.53,25.64,26.53,8.76,62.71
$GC,11309,-1.07,-146.6,2520,474,3418,3365,869.5,-7.6,360,11313,0.00,2.08,0.00,0.000,1030,0.000,0.026,2511,1851,3391,3418,3365,0,0,0,0,0,0,25.98,25.89,26.00,8.76,62.83
$GC,11533,-1.07,-146.6,2512,1851,3418,3364,887.8,-7.4,366,11537,0.00,2.22,0.00,0.000,260,0.000,0.041,2501,3243,3391,3418,3364,0,0,0,0,0,0,26.53,25.65,26.53,8.76,62.87
$GC,11585,-1.07,-146.6,2501,3242,3417,3364,891.0,-7.4,367,11590,0.12,2.05,0.00,0.000,3078,0.139,0.024,2540,1851,3390,3417,3364,0,0,0,0,0,0,25.53,25.93,25.64,8.76,63.03
$GC,11782,-1.07,-146.6,2539,1851,3417,3364,904.9,-6.8,372,11786,0.00,2.17,0.00,0.000,516,0.000,0.039,2540,474,3390,3417,3364,0,0,0,0,0,0,26.53,25.60,26.53,8.76,62.87
$GC,11945,-1.07,-146.6,2539,473,3417,3364,916.9,-7.3,376,11949,0.00,2.10,0.00,0.000,1030,0.000,0.027,2533,1856,3390,3417,3364,0,0,0,0,0,0,25.96,25.89,25.99,8.75,62.67
$GC,12149,-1.07,-146.6,2532,1856,3416,3363,931.2,-7.1,381,12153,0.00,2.20,0.00,0.000,516,0.000,0.039,2533,473,3390,3416,3364,0,0,0,0,0,0,26.53,25.60,26.53,8.76,62.71
$GC,12180,-1.07,-146.6,2532,472,3416,3364,931.2,-7.1,381,12185,0.00,2.10,0.00,0.000,1030,0.000,0.027,2524,1855,3390,3416,3364,0,0,0,0,0,0,25.96,25.88,25.98,8.76,63.11
$GC,12396,-1.07,-146.6,2524,1855,3416,3363,948.7,-7.2,387,12400,0.00,2.20,0.00,0.000,260,0.000,0.041,2514,3247,3389,3416,3363,0,0,0,0,0,0,26.53,25.61,26.53,8.75,62.64
$GC,12442,-1.07,-146.6,2513,3248,3415,3362,952.0,-7.2,388,12447,0.00,2.08,0.00,0.000,1030,0.000,0.024,2514,1853,3388,3415,3362,0,0,0,0,0,0,25.98,25.91,26.01,8.75,62.71
$GC,12642,-1.07,-146.6,2514,1853,3415,3362,966.5,-7.3,393,12649,0.00,2.20,0.00,0.000,516,0.000,0.040,2514,464,3388,3415,3362,0,0,0,0,0,0,26.53,25.58,26.53,8.75,63.58
$GC,12775,-1.07,-146.6,2513,464,3415,3362,975.9,-7.6,396,12782,0.10,2.10,0.00,0.000,3078,0.151,0.027,2535,1853,3388,3414,3362,0,0,0,0,0,0,25.53,25.87,25.63,8.74,63.03
$STATE,12965,end dive,TARGET_DEPTH_EXCEEDED
$STATE,12965,begin apogee
$GC,12973,-0.42,0.0,2534,2195,3414,3361,990.6,-7.2,401,13114,0.65,0.00,136.85,1.345,10246,0.103,0.000,2750,2195,2805,2899,2712,0,0,0,0,0,0,25.09,24.10,22.87,8.74,63.07
$STATE,13115,end apogee,CONTROL_FINISHED_OK
$STATE,13115,begin climb
$GC,13118,1.09,146.6,2750,2195,2897,2711,995.5,0.0,404,13275,1.38,2.42,143.25,1.289,10500,0.068,0.043,3229,3604,2205,2289,2122,0,0,0,0,0,0,24.63,24.12,22.84,8.69,61.65
$GC,13376,0.94,163.2,3228,3604,2289,2121,976.5,9.2,411,13400,0.17,2.15,17.27,1.188,13318,0.138,0.024,3185,2203,2140,2226,2054,0,0,0,0,0,0,25.30,25.70,23.37,8.64,61.06
$GC,13610,0.96,185.2,3185,2203,2225,2052,954.8,9.0,417,13640,0.00,2.30,23.45,1.228,8452,0.000,0.044,3186,3596,2046,2139,1954,0,0,0,0,0,0,26.29,24.82,23.45,8.63,62.40
$GC,13726,0.97,198.7,3185,3596,2139,1954,946.9,9.4,419,13747,0.00,2.10,14.15,1.167,9222,0.000,0.024,3193,2202,1993,2097,1889,0,0,0,0,0,0,25.83,25.76,23.53,8.62,61.93
$GC,13932,0.98,204.1,3192,2202,2097,1889,923.2,9.8,425,13941,0.00,0.00,6.62,1.006,8198,0.000,0.000,3193,2201,1972,2077,1867,0,0,0,0,0,0,26.28,25.06,23.79,8.61,62.56
$GC,14133,0.98,209.1,3192,2202,2076,1865,903.6,9.8,430,14147,0.00,2.30,6.30,0.991,8452,0.000,0.044,3193,3608,1950,2061,1840,0,0,0,0,0,0,26.35,25.22,23.85,8.61,62.91
$GC,14225,0.98,209.1,3193,3608,2060,1840,895.4,10.0,432,14231,0.00,2.12,0.00,0.000,1030,0.000,0.025,3193,2199,1950,2060,1840,0,0,0,0,0,0,25.98,25.91,26.01,8.61,63.30
$GC,14452,0.99,221.4,3193,2199,2060,1840,872.6,9.4,438,14472,0.00,2.33,13.57,1.168,8452,0.000,0.044,3193,3612,1900,2020,1781,0,0,0,0,0,0,26.43,25.13,23.78,8.60,63.34
$GC,14532,1.00,229.5,3193,3612,2020,1781,864.7,9.6,440,14548,0.00,2.15,9.77,1.100,9222,0.000,0.024,3193,2189,1867,1991,1743,0,0,0,0,0,0,25.91,25.84,23.71,8.60,63.90
$GC,14732,1.02,246.4,3193,2190,1991,1743,846.3,9.2,445,14758,0.00,2.35,17.77,1.187,8452,0.000,0.044,3193,3607,1798,1930,1667,0,0,0,0,0,0,26.31,24.98,23.62,8.59,63.46
$GC,14801,1.04,263.1,3193,3607,1930,1667,842.4,9.2,446,14823,0.00,2.15,17.27,1.170,9222,0.000,0.024,3193,2193,1733,1874,1592,0,0,0,0,0,0,25.79,25.72,23.51,8.59,63.97
$GC,15013,1.11,276.0,3193,2193,1871,1590,819.7,9.4,452,15030,0.10,0.00,13.80,1.138,10246,0.082,0.000,3287,2193,1679,1824,1535,0,0,0,0,0,0,26.03,24.92,23.69,8.58,63.11
$GC,15213,1.11,276.0,3286,2193,1823,1532,797.5,11.1,457,15219,0.15,2.25,0.00,0.000,4356,0.125,0.044,3239,3600,1677,1822,1532,0,0,0,0,0,0,25.72,25.70,25.82,8.57,63.54
$GC,15301,1.11,276.0,3238,3601,1822,1531,788.3,11.0,459,15305,0.00,2.12,0.00,0.000,1030,0.000,0.024,3247,2187,1676,1822,1531,0,0,0,0,0,0,26.01,25.94,26.03,8.57,63.62
$GC,15499,1.11,276.0,3246,2187,1823,1531,766.5,10.8,464,15504,0.00,2.25,0.00,0.000,260,0.000,0.044,3247,3600,1676,1822,1531,0,0,0,0,0,0,26.44,25.75,26.45,8.57,64.13
$GC,15561,1.11,276.0,3246,3600,1823,1530,761.3,11.1,465,15566,0.00,2.10,0.00,0.000,1030,0.000,0.024,3257,2198,1676,1822,1530,0,0,0,0,0,0,26.06,25.99,26.09,8.57,63.58
$GC,15786,1.11,276.0,3256,2198,1822,1529,732.7,11.9,471,15792,0.00,2.25,0.00,0.000,260,0.000,0.044,3257,3611,1675,1822,1529,0,0,0,0,0,0,26.48,25.73,26.48,8.57,64.68
$GC,15855,1.11,276.0,3256,3611,1822,1528,727.4,12.2,472,15859,0.00,2.12,0.00,0.000,1030,0.000,0.024,3266,2194,1675,1822,1528,0,0,0,0,0,0,26.07,26.00,26.10,8.56,64.60
$GC,16068,1.11,276.0,3266,2194,1822,1528,696.3,13.0,478,16075,0.00,2.25,0.00,0.000,260,0.000,0.044,3266,3605,1675,1822,1528,0,0,0,0,0,0,26.49,25.72,26.50,8.56,64.29
$GC,16137,1.11,276.0,3266,3605,1823,1528,690.7,13.1,479,16142,0.10,2.10,0.00,0.000,5126,0.145,0.024,3244,2202,1675,1822,1528,0,0,0,0,0,0,25.70,26.00,25.80,8.56,64.49
$GC,16351,1.11,276.0,3244,2202,1822,1528,659.8,12.6,485,16353,0.00,0.00,0.00,0.000,6,0.000,0.000,3244,2201,1675,1822,1528,0,0,0,0,0,0,26.50,26.51,26.51,8.56,64.49
$GC,16553,1.11,276.0,3244,2201,1823,1528,635.0,12.4,490,16558,0.00,2.25,0.00,0.000,260,0.000,0.044,3244,3611,1675,1822,1528,0,0,0,0,0,0,26.50,25.67,26.51,8.55,64.49
$GC,16610,1.11,276.0,3244,3611,1822,1528,629.4,12.3,491,16614,0.00,2.12,0.00,0.000,1030,0.000,0.024,3253,2193,1675,1822,1528,0,0,0,0,0,0,26.06,25.98,26.08,8.56,65.16
$GC,16798,1.11,276.0,3252,2193,1822,1528,605.4,11.8,496,16800,0.00,0.00,0.00,0.000,6,0.000,0.000,3253,2193,1675,1823,1528,0,0,0,0,0,0,26.50,26.51,26.51,8.56,64.96
$GC,16999,1.11,276.0,3252,2193,1822,1528,583.8,10.7,501,17005,0.00,2.25,0.00,0.000,260,0.000,0.044,3253,3600,1675,1822,1528,0,0,0,0,0,0,26.51,25.65,26.51,8.55,64.76
$GC,17048,1.11,276.0,3252,3600,1822,1528,579.4,10.6,502,17052,0.00,2.10,0.00,0.000,1030,0.000,0.024,3262,2199,1675,1822,1528,0,0,0,0,0,0,26.04,25.97,26.07,8.56,64.49
$GC,17242,1.13,287.5,3262,2199,1822,1527,560.1,9.5,507,17258,0.00,2.28,11.20,1.001,8452,0.000,0.042,3262,3603,1630,1781,1479,0,0,0,0,0,0,26.51,24.71,23.93,8.56,64.53
$GC,17296,1.14,298.2,3262,3604,1781,1479,556.5,9.5,508,17317,0.00,2.12,11.55,0.993,9222,0.000,0.024,3270,2191,1586,1740,1432,0,0,0,0,0,0,25.94,25.87,23.75,8.55,64.25
$GC,17520,1.15,309.7,3270,2191,1740,1432,533.8,9.5,514,17539,0.00,2.20,11.75,0.989,8708,0.000,0.036,3280,812,1540,1698,1382,0,0,0,0,0,0,26.34,25.08,23.83,8.55,64.45
$GC,17561,1.16,319.6,3279,812,1698,1383,529.8,9.5,515,17577,0.00,2.12,10.60,0.961,9222,0.000,0.028,3280,2191,1501,1662,1341,0,0,0,0,0,0,25.82,25.74,23.70,8.55,64.21
$GC,17796,1.16,319.6,3279,2191,1660,1339,505.4,10.5,521,17803,0.00,2.28,0.00,0.000,260,0.000,0.044,3280,3615,1499,1660,1338,0,0,0,0,0,0,26.32,25.63,26.33,8.55,64.25
$GC,17870,1.16,319.6,3280,3615,1658,1339,500.8,10.7,522,17879,0.10,2.12,0.00,0.000,5126,0.149,0.024,3259,2194,1498,1658,1339,0,0,0,0,0,0,25.60,25.91,25.70,8.55,64.25
$GC,18077,1.16,319.6,3258,2195,1658,1338,473.8,11.3,528,18082,0.00,2.17,0.00,0.000,516,0.000,0.037,3266,816,1498,1658,1338,0,0,0,0,0,0,26.44,25.75,26.45,8.55,64.68
$GC,18129,1.16,319.6,3266,816,1658,1338,469.0,11.3,529,18134,0.00,2.12,0.00,0.000,1030,0.000,0.028,3266,2206,1498,1658,1338,0,0,0,0,0,0,25.96,25.87,25.99,8.55,64.37
$GC,18323,1.16,319.6,3266,2206,1658,1338,445.5,11.7,534,18328,0.00,2.25,0.00,0.000,260,0.000,0.044,3266,3618,1498,1658,1338,0,0,0,0,0,0,26.48,25.65,26.48,8.55,64.29
$GC,18390,1.16,319.6,3265,3618,1658,1337,440.3,11.8,535,18394,0.00,2.12,0.00,0.000,1030,0.000,0.024,3276,2201,1497,1658,1337,0,0,0,0,0,0,26.03,25.96,26.06,8.55,63.86
$GC,18609,1.16,319.6,3275,2201,1657,1337,412.3,11.6,541,18614,0.00,2.15,0.00,0.000,516,0.000,0.037,3285,813,1497,1657,1337,0,0,0,0,0,0,26.49,25.74,26.50,8.55,64.68
$GC,18641,1.16,319.6,3285,813,1657,1337,412.3,11.6,541,18645,0.00,2.15,0.00,0.000,1030,0.000,0.028,3285,2203,1497,1658,1337,0,0,0,0,0,0,25.91,25.86,25.98,8.55,64.21
$GC,18855,1.16,319.6,3284,2203,1658,1336,384.0,11.5,547,18859,0.00,2.25,0.00,0.000,260,0.000,0.044,3285,3613,1497,1658,1336,0,0,0,0,0,0,26.50,25.62,26.51,8.56,64.29
$GC,18941,1.16,319.6,3284,3613,1657,1336,373.9,11.7,549,18947,0.12,2.12,0.00,0.000,5126,0.138,0.024,3254,2188,1496,1657,1336,0,0,0,0,0,0,25.58,25.96,25.69,8.56,64.21
$GC,19136,1.16,319.6,3254,2188,1658,1336,353.0,10.5,554,19140,0.00,2.12,0.00,0.000,516,0.000,0.036,3262,815,1496,1657,1336,0,0,0,0,0,0,26.50,25.71,26.51,8.56,63.70
$GC,19182,1.16,319.6,3262,815,1657,1336,348.6,10.4,555,19187,0.00,2.12,0.00,0.000,1030,0.000,0.028,3262,2218,1497,1658,1336,0,0,0,0,0,0,25.92,25.82,25.95,8.57,64.53
$GC,19381,1.16,319.9,3262,2218,1657,1336,328.3,10.0,560,19385,0.00,2.20,0.00,0.000,260,0.000,0.045,3262,3598,1496,1657,1336,0,0,0,0,0,0,26.50,25.59,26.51,8.56,63.86
$GC,19437,1.16,319.9,3262,3599,1657,1336,323.8,10.1,561,19441,0.00,2.08,0.00,0.000,1030,0.000,0.024,3272,2200,1496,1657,1336,0,0,0,0,0,0,26.02,25.96,26.05,8.57,63.82
$GC,19625,1.16,319.9,3270,2200,1657,1336,303.1,10.3,566,19633,0.00,2.25,0.00,0.000,260,0.000,0.044,3271,3607,1497,1658,1336,0,0,0,0,0,0,26.50,25.58,26.51,8.57,64.21
$GC,19675,1.16,319.9,3271,3607,1658,1336,298.4,10.5,567,19679,0.00,2.10,0.00,0.000,1030,0.000,0.024,3281,2200,1496,1657,1336,0,0,0,0,0,0,26.02,25.95,26.05,8.57,63.38
$GC,19869,1.16,319.9,3280,2200,1658,1336,276.7,10.8,572,19876,0.00,2.22,0.00,0.000,260,0.000,0.044,3281,3598,1497,1658,1336,0,0,0,0,0,0,26.50,25.58,26.51,8.57,64.37
$GC,20070,1.16,319.9,3280,3598,1658,1336,253.7,11.4,577,20078,0.10,2.10,0.00,0.000,5126,0.146,0.024,3258,2196,1496,1657,1336,0,0,0,0,0,0,25.62,25.94,25.71,8.57,63.19
$GC,20272,1.16,319.9,3258,2196,1657,1336,232.3,10.5,582,20280,0.00,2.25,0.00,0.000,260,0.000,0.044,3258,3606,1497,1658,1336,0,0,0,0,0,0,26.51,25.56,26.51,8.57,63.11
$GC,20395,1.16,319.9,3258,3606,1658,1336,218.7,11.0,585,20399,0.00,2.10,0.00,0.000,1030,0.000,0.024,3266,2197,1497,1658,1336,0,0,0,0,0,0,26.01,25.94,26.04,8.58,63.38
$GC,20598,1.16,319.9,3266,2197,1657,1336,194.3,12.2,591,20603,0.00,2.25,0.00,0.000,260,0.000,0.044,3266,3601,1497,1658,1336,0,0,0,0,0,0,26.51,25.56,26.51,8.58,63.66
$GC,20722,1.16,319.9,3266,3601,1657,1336,178.6,12.8,597,20727,0.00,2.10,0.00,0.000,1030,0.000,0.024,3276,2196,1497,1658,1336,0,0,0,0,0,0,26.01,25.94,26.03,8.58,63.15
$GC,20927,1.16,319.9,3275,2196,1657,1336,154.0,12.0,607,20932,0.00,2.28,0.00,0.000,260,0.000,0.044,3276,3622,1496,1657,1336,0,0,0,0,0,0,26.51,25.54,26.51,8.58,63.50
$GC,20992,1.16,319.9,3275,3622,1658,1336,146.0,12.1,610,20998,0.00,2.12,0.00,0.000,1030,0.000,0.023,3286,2196,1497,1658,1336,0,0,0,0,0,0,26.01,25.94,26.03,8.58,63.30
$GC,21192,1.16,319.9,3285,2196,1658,1335,122.5,11.2,620,21197,0.00,2.25,0.00,0.000,260,0.000,0.044,3286,3603,1497,1658,1336,0,0,0,0,0,0,26.51,25.54,26.52,8.59,62.95
$GC,21239,1.16,319.9,3285,3603,1658,1336,117.7,11.0,622,21244,0.12,2.10,0.00,0.000,5126,0.133,0.023,3255,2191,1497,1658,1336,0,0,0,0,0,0,25.57,25.95,25.67,8.59,63.07
$GC,21434,1.22,319.9,3254,2191,1657,1336,97.3,10.2,632,21438,0.00,2.12,0.00,0.000,516,0.000,0.036,3263,818,1497,1658,1336,0,0,0,0,0,0,26.51,25.67,26.51,8.60,62.60
$GC,21491,1.27,319.9,3262,818,1657,1336,92.8,10.5,634,21498,0.00,2.08,0.00,0.000,1030,0.000,0.028,3263,2190,1496,1657,1336,0,0,0,0,0,0,25.91,25.83,25.94,8.60,63.15
$GC,21677,1.34,383.8,3262,2190,1657,1336,75.9,7.1,644,21740,0.10,2.35,54.67,0.763,10500,0.076,0.043,3349,3607,1238,1410,1067,0,0,0,0,0,0,26.28,24.74,23.74,8.61,62.87
$GC,21804,1.40,444.0,3348,3607,1409,1066,67.4,7.2,650,21888,0.00,2.12,67.93,0.707,9222,0.000,0.023,3360,2196,993,1103,884,0,0,0,0,2,0,25.72,25.66,23.65,8.62,63.34
$GC,22073,1.40,444.0,3359,2196,1098,880,41.8,10.5,667,22083,0.00,2.28,0.00,0.000,260,0.000,0.044,3359,3615,989,1098,880,0,0,0,0,0,0,26.22,25.56,26.22,8.69,64.45
$GC,22132,1.40,444.0,3359,3615,1097,880,35.8,11.2,672,22140,0.12,2.10,0.00,0.000,5126,0.145,0.022,3332,2196,988,1097,880,0,0,0,0,0,0,25.47,25.85,25.59,8.71,64.21
$GC,22322,1.41,455.2,3331,2196,1095,880,16.5,9.5,691,22336,0.00,2.30,6.85,0.532,8452,0.000,0.042,3332,3614,947,1045,849,0,0,0,0,0,0,26.39,25.14,24.18,8.76,63.78
$GC,22375,1.41,455.2,3331,3614,1045,849,10.9,10.5,696,22379,0.00,2.15,0.00,0.000,1030,0.000,0.022,3339,2194,947,1045,849,0,0,0,0,0,0,25.97,25.94,26.02,8.76,62.91
$STATE,22466,end climb,SURFACE_DEPTH_REACHED
$STATE,22466,begin surface coast
$FINISH,-1.0,1.022591
$STATE,22497,end surface coast,CONTROL_FINISHED_OK
$STATE,22497,begin surface
$SM_CCo,22579,0.00,0.000,0,0,945,456.50
$SM_GC,0.22,8.12,0.47,0.00,0.029,0.034,0.000,170,1831,945,-8.28,1.75,456.50,0,0,0,0,0,0,26.05,26.06,26.08
$IRIDIUM_FIX,805.99,-14203.30,180425,065332
$TT8_MAMPS,0.026964,0.388731
$HUMID,58.50
$INTERNAL_PRESSURE,8.74185
$TCM_TEMP,18.90
$XPDR_PINGS,0
$ALTIM_TOP_PING,19.4,20.0
$24V_AH,22.84,100.527
$10V_AH,9.54,64.015
$FG_AHR_24Vo,0.000
$FG_AHR_10Vo,0.000
$DEVICES,Pitch_motor,Roll_motor,VBD_pump_during_apogee,VBD_pump_during_surface,VBD_valve,Iridium_during_init,Iridium_during_connect,Iridium_during_xfer,Transponder_ping,GUMSTIX_24V,GPS,TT8,LPSleep,TT8_Active,TT8_Sampling,TT8_CF8,TT8_Kalman,Analog_circuits,GPS_charging,Compass,RAFOS,Transponder,Compass2
$DEVICE_SECS,22.200,322.875,594.650,0.000,0.000,0.000,0.000,285.000,0.250,0.000,23.388,3256.556,15053.628,771.664,3395.862,525.180,0.000,2857.892,0.000,2939.271,0.000,2.764,0.000
$DEVICE_MAMPS,198.135,56.610,1344.870,0.000,0.000,0.000,0.000,90.270,420.000,0.000,30.710,15.210,2.190,15.210,43.670,53.410,0.000,14.000,0.000,8.240,0.000,30.000,0.000
$SENSORS,SBE_CT,WL_blue_red_Chl,AA4330,nil,nil,nil,nil,nil,nil,nil
$SENSOR_SECS,618.087,0.000,947.368,0.000,0.000,0.000,0.000,0.000,0.000,0.000
$SENSOR_MAMPS,22.470,0.000,11.230,0.000,0.000,0.000,0.000,0.000,0.000,0.000
$MEM,311964
$DATA_FILE_SIZE,52276,708
$CAP_FILE_SIZE,265214,0
$CFSIZE,2097872896,2011561984
$ERRORS,0,0,0,0,0,0,0,0,0,0,0,0,0,2,1,0
$CURRENT,0.124,117.64,1
$GPS,020905,200210,808.844,-14205.020,41,0.9,53,9.3,0.6,345.9,9,4.8
