version: 66.14
glider: 195
mission: 21
dive: 634
start: 9 20 105 10 12 45
data:
$ID,195
$MISSION,21
$DIVE,634
$N_DIVES,0
$STOP_T,0
$D_SURF,3
$D_FLARE,2
$D_TGT,990
$D_ABORT,1090
$D_NO_BLEED,50
$D_BOOST,3
$T_BOOST,0
$D_FINISH,0
$D_PITCH,0
$D_SAFE,0
$D_CALL,0
$SURFACE_URGENCY,0
$SURFACE_URGENCY_TRY,0
$SURFACE_URGENCY_FORCE,0
$T_DIVE,330
$T_MISSION,600
$T_ABORT,1440
$T_TURN,300
$T_TURN_SAMPINT,5
$T_NO_W,120
$T_LOITER,0
$T_SLOITER,60
$T_EPIRB,0
$USE_BATHY,0
$USE_ICE,0
$ICE_FREEZE_MARGIN,0.30000001
$D_OFFGRID,990
$T_WATCHDOG,10
$RELAUNCH,1
$APOGEE_PITCH,-8
$MAX_BUOY,150
$COURSE_BIAS,0
$GLIDE_SLOPE,30
$SPEED_FACTOR,1
$RHO,1.023
$MASS,54002
$MASS_COMP,0
$NAV_MODE,2
$FERRY_MAX,45
$KALMAN_USE,2
$HD_A,0.0038000001
$HD_B,0.0099999998
$HD_C,9.8500004e-06
$HEADING,-1
$ESCAPE_HEADING,0
$ESCAPE_HEADING_DELTA,10
$FIX_MISSING_TIMEOUT,0
$TGT_DEFAULT_LAT,4736
$TGT_DEFAULT_LON,-12225
$TGT_AUTO_DEFAULT,0
$SM_CC,300
$N_FILEKB,4
$FILEMGR,0
$CALL_NDIVES,1
$COMM_SEQ,0
$PROTOCOL,9
$N_NOCOMM,1
$NOCOMM_ACTION,0
$N_NOSURFACE,0
$UPLOAD_DIVES_MAX,-1
$CALL_TRIES,5
$CALL_WAIT,60
$CAPUPLOAD,0
$CAPMAXSIZE,200000
$HEAPDBG,0
$T_GPS,15
$N_GPS,50840
$T_RSLEEP,2
$STROBE,0
$RAFOS_PEAK_OFFSET,1.5
$RAFOS_CORR_THRESH,60
$RAFOS_HIT_WINDOW,3600
$RAFOS_MMODEM,0
$PITCH_MIN,207
$PITCH_MAX,3915
$C_PITCH,2884
$PITCH_DBAND,0.1
$PITCH_CNV,0.003125763
$P_OVSHOOT,0.039999999
$P_OVSHOOT_WITHG,0.079999998
$PITCH_GAIN,19.15
$PITCH_TIMEOUT,17
$PITCH_AD_RATE,160
$PITCH_MAXERRORS,1
$PITCH_ADJ_GAIN,0.02
$PITCH_ADJ_DBAND,2.5
$ROLL_MIN,224
$ROLL_MAX,3758
$ROLL_DEG,40
$C_ROLL_DIVE,1800
$C_ROLL_CLIMB,2250
$HEAD_ERRBAND,10
$ROLL_CNV,0.028270001
$ROLL_TIMEOUT,15
$R_PORT_OVSHOOT,68
$R_STBD_OVSHOOT,45
$ROLL_AD_RATE,350
$ROLL_MAXERRORS,2
$ROLL_ADJ_GAIN,0
$ROLL_ADJ_DBAND,0
$VBD_MIN,500
$VBD_MAX,3960
$C_VBD,2806
$VBD_DBAND,2
$VBD_CNV,-0.24529999
$VBD_LP_IGNORE,0
$VBD_TIMEOUT,720
$PITCH_VBD_SHIFT,0.001
$VBD_PUMP_AD_RATE_SURFACE,5
$VBD_PUMP_AD_RATE_APOGEE,4
$VBD_BLEED_AD_RATE,8
$UNCOM_BLEED,60
$VBD_MAXERRORS,1
$W_ADJ_DBAND,0
$DBDW,0
$PITCH_W_GAIN,0
$PITCH_W_DBAND,0
$CF8_MAXERRORS,5
$AH0_24V,150
$AH0_10V,97
$MINV_24V,19
$MINV_10V,8
$MAXI_24V,0.80000001
$MAXI_10V,0.60000002
$FG_AHR_10V,0
$FG_AHR_24V,0
$PHONE_SUPPLY,-2
$PRESSURE_YINT,-49.397121
$PRESSURE_SLOPE,0.0001168043
$AD7714Ch0Gain,128
$TCM_PITCH_OFFSET,0
$TCM_ROLL_OFFSET,0
$COMPASS_USE,4
$ALTIM_BOTTOM_PING_RANGE,0
$ALTIM_TOP_PING_RANGE,20
$ALTIM_BOTTOM_TURN_MARGIN,0
$ALTIM_TOP_TURN_MARGIN,0
$ALTIM_TOP_MIN_OBSTACLE,1
$ALTIM_PING_DEPTH,0
$ALTIM_PING_DELTA,0
$ALTIM_FREQUENCY,13
$ALTIM_PULSE,3
$ALTIM_SENSITIVITY,3
$XPDR_VALID,5
$XPDR_INHIBIT,90
$INT_PRESSURE_SLOPE,0.0097660003
$INT_PRESSURE_YINT,-0.77999997
$DEEPGLIDER,0
$MOTHERBOARD,4
$DEVICE1,2
$DEVICE2,115
$DEVICE3,101
$DEVICE4,-1
$DEVICE5,-1
$DEVICE6,-1
$LOGGERS,0
$LOGGERDEVICE1,-1
$LOGGERDEVICE2,-1
$LOGGERDEVICE3,-1
$LOGGERDEVICE4,-1
$COMPASS_DEVICE,33
$COMPASS2_DEVICE,-1
$PHONE_DEVICE,49
$GPS_DEVICE,32
$RAFOS_DEVICE,-1
$XPDR_DEVICE,24
$SIM_W,0
$SIM_PITCH,0
$SEABIRD_T_G,0.0044178674
$SEABIRD_T_H,0.00064818078
$SEABIRD_T_I,2.6779007e-05
$SEABIRD_T_J,3.3667231e-06
$SEABIRD_C_G,-10.098215
$SEABIRD_C_H,1.1454017
$SEABIRD_C_I,-0.0021276253
$SEABIRD_C_J,0.00025532115
$SEABIRD_C_Z,2974.52
$GPS1,200905,100442,847.1261,-14311.9922,42,0.8,54,9.3,0.7,255.8,10,4.8
$_CALLS,1
$_XMS_NAKs,0
$_XMS_TOUTs,0
$_SM_DEPTHo,0.23
$_SM_ANGLEo,-60.0
$GPS2,200905,101205,847.1545,-14312.0303,7,0.9,26,9.3,0.4,323.5,9,5.0
$SPEED_LIMITS,0.173,0.262
$TGT_NAME,TX2
$TGT_LATLONG,1145.000,-14800.000
$TGT_RADIUS,10000.000
$KALMAN_CONTROL,0.000000,0.000000
$KALMAN_X,0.000000,0.000000,0.000000,0.000000,0.000000
$KALMAN_Y,0.000000,0.000000,0.000000,0.000000,0.000000
$MHEAD_RNG_PITCHd_Wd,256.3,617348,-18.1,-10.000,-20.93,2235
$D_GRID,990
$GCHEAD,st_secs,pitch_ctl,vbd_ctl,pitch_ad_start,roll_ad_start,vbd_pot1_ad_start,vbd_pot2_ad_start,depth,ob_vertv,data_pts,end_secs,pitch_secs,roll_secs,vbd_secs,vbd_i,gcphase,pitch_i,roll_i,pitch_ad,roll_ad,vbd_ad,vbd_pot1_ad,vbd_pot2_ad,pitch_retries,pitch_errors,roll_retries,roll_errors,vbd_retries,vbd_errors,pitch_volts,roll_volts,vbd_volts,int_press,humidity
$STATE,6,end surface,CONTROL_FINISHED_OK
$STATE,6,begin dive
$GC,75,-1.09,-146.6,143,1788,862,714,0.2,-0.0,6,154,0.00,0.00,-76.43,0.000,16386,0.000,0.000,144,1787,2736,2764,2709,0,0,0,0,0,0,26.30,28.83,26.32,8.80,54.76
$GC,159,-1.09,-146.6,144,1788,2765,2708,2.5,-4.4,14,190,9.30,2.25,-15.35,0.000,18692,0.203,0.048,2512,3193,3407,3430,3385,0,0,0,0,0,0,24.76,23.58,24.94,9.00,54.84
$GC,292,-0.97,-146.6,2511,3192,3432,3386,24.0,-14.7,27,302,0.17,2.05,0.00,0.000,3078,0.131,0.021,2565,1791,3409,3433,3386,0,0,0,0,0,0,25.25,25.81,25.37,9.07,55.04
$GC,484,-0.92,-146.6,2565,1791,3435,3386,48.5,-12.7,46,489,0.00,2.25,0.00,0.000,260,0.000,0.036,2557,3203,3410,3434,3386,0,0,0,0,0,0,26.37,25.48,26.38,9.09,55.55
$GC,604,-0.86,-146.6,2556,3203,3435,3386,62.2,-12.9,52,612,0.15,2.05,0.00,0.000,3078,0.123,0.021,2605,1792,3410,3435,3386,0,0,0,0,0,0,25.37,25.82,25.46,9.10,55.11
$GC,789,-0.86,-146.6,2604,1792,3438,3386,82.3,-9.0,62,794,0.00,2.17,0.00,0.000,516,0.000,0.035,2605,423,3411,3437,3386,0,0,0,0,0,0,26.39,25.46,26.39,9.11,55.07
$GC,837,-0.86,-146.6,2604,424,3437,3385,86.2,-8.9,64,841,0.00,2.05,0.00,0.000,1030,0.000,0.022,2597,1814,3412,3438,3386,0,0,0,0,0,0,25.85,25.79,25.87,9.11,54.56
$GC,1036,-0.86,-146.6,2597,1814,3441,3386,97.8,-5.0,74,1040,0.00,2.12,0.00,0.000,260,0.000,0.035,2587,3190,3413,3441,3386,0,0,0,0,0,0,26.40,25.48,26.41,9.11,54.44
$GC,1093,-0.86,-146.6,2587,3190,3441,3386,100.2,-5.2,76,1102,0.00,2.05,0.00,0.000,1030,0.000,0.020,2587,1784,3413,3441,3385,0,0,0,0,0,0,25.89,25.84,25.91,9.10,54.52
$GC,1280,-0.86,-146.6,2587,1784,3443,3385,112.5,-6.4,86,1282,0.00,0.00,0.00,0.000,6,0.000,0.000,2587,1784,3415,3444,3386,0,0,0,0,0,0,26.41,26.41,26.41,9.08,54.33
$GC,1460,-0.86,-146.6,2587,1784,3444,3386,124.3,-6.5,95,1464,0.00,2.17,0.00,0.000,260,0.000,0.035,2576,3187,3415,3445,3386,0,0,0,0,0,0,26.41,25.47,26.41,9.07,54.21
$GC,1584,-0.86,-146.6,2576,3188,3445,3386,132.0,-6.2,101,1588,0.00,2.03,0.00,0.000,1030,0.000,0.020,2577,1790,3415,3445,3386,0,0,0,0,0,0,25.90,25.85,25.92,9.05,54.84
$GC,1788,-0.86,-146.6,2576,1790,3447,3386,143.9,-5.6,111,1789,0.00,0.00,0.00,0.000,6,0.000,0.000,2577,1790,3416,3447,3386,0,0,0,0,0,0,26.41,26.42,26.42,9.04,54.29
$GC,1968,-0.86,-146.6,2576,1790,3447,3386,154.1,-6.0,120,1970,0.00,0.00,0.00,0.000,6,0.000,0.000,2577,1790,3417,3447,3387,0,0,0,0,0,0,26.41,26.43,26.42,9.03,55.27
$GC,2148,-0.86,-146.6,2576,1790,3447,3387,165.0,-6.1,129,2152,0.00,2.22,0.00,0.000,260,0.000,0.036,2567,3187,3417,3447,3387,0,0,0,0,0,0,26.42,25.46,26.43,9.02,55.43
$GC,2192,-0.86,-146.6,2566,3187,3447,3387,167.6,-6.2,131,2197,0.10,2.05,0.00,0.000,3078,0.116,0.021,2600,1800,3417,3447,3387,0,0,0,0,0,0,25.48,25.86,25.51,9.02,56.26
$GC,2396,-0.86,-146.6,2599,1800,3448,3387,179.8,-6.0,141,2398,0.00,0.00,0.00,0.000,6,0.000,0.000,2600,1801,3418,3448,3388,0,0,0,0,0,0,26.42,26.44,26.43,9.01,56.26
$GC,2578,-0.92,-146.6,2599,1800,3448,3387,190.3,-5.7,150,2580,0.00,0.00,0.00,0.000,6,0.000,0.000,2600,1800,3417,3447,3387,0,0,0,0,0,0,26.43,26.44,26.44,9.00,56.93
$GC,2757,-0.97,-146.6,2599,1800,3447,3387,199.7,-5.1,159,2762,0.00,2.17,0.00,0.000,516,0.000,0.035,2599,434,3417,3448,3387,0,0,0,0,0,0,26.43,25.46,26.44,8.99,56.73
$GC,2802,-0.97,-146.6,2599,434,3447,3387,202.3,-5.4,161,2807,0.00,2.05,0.00,0.000,1030,0.000,0.022,2594,1797,3417,3447,3387,0,0,0,0,0,0,25.85,25.82,25.87,8.98,57.24
$GC,3007,-0.97,-146.6,2594,1797,3447,3387,214.0,-5.8,166,3012,0.00,2.20,0.00,0.000,260,0.000,0.037,2584,3187,3417,3447,3387,0,0,0,0,0,0,26.43,25.47,26.44,8.97,57.12
$GC,3163,-0.97,-146.6,2584,3187,3447,3387,222.1,-6.4,169,3167,0.00,2.03,0.00,0.000,1030,0.000,0.021,2584,1801,3416,3447,3386,0,0,0,0,0,0,25.89,25.84,25.92,8.96,57.56
$GC,3377,-0.97,-146.6,2584,1801,3447,3387,239.8,-7.3,175,3381,0.00,2.20,0.00,0.000,516,0.000,0.036,2584,422,3417,3447,3387,0,0,0,0,0,0,26.43,25.45,26.44,8.96,57.48
$GC,3421,-0.97,-146.6,2583,422,3447,3387,243.0,-7.3,176,3425,0.00,2.08,0.00,0.000,1030,0.000,0.022,2574,1797,3417,3447,3387,0,0,0,0,0,0,25.84,25.82,25.86,8.95,57.87
$GC,3624,-0.97,-146.6,2574,1797,3447,3387,257.2,-7.0,181,3629,0.00,2.20,0.00,0.000,260,0.000,0.037,2565,3180,3416,3447,3386,0,0,0,0,0,0,26.43,25.46,26.44,8.95,58.38
$GC,3696,-0.97,-146.6,2564,3180,3446,3387,260.1,-6.8,182,3701,0.00,2.03,0.00,0.000,1030,0.000,0.021,2565,1796,3417,3447,3387,0,0,0,0,0,0,25.89,25.84,25.91,8.94,58.74
$GC,3911,-0.97,-146.6,2564,1796,3446,3387,276.4,-6.8,188,3915,0.00,2.15,0.00,0.000,516,0.000,0.036,2565,425,3416,3446,3387,0,0,0,0,0,0,26.44,25.44,26.44,8.93,59.45
$GC,3983,-0.97,-146.6,2564,424,3446,3387,279.5,-6.9,189,3987,0.00,2.05,0.00,0.000,1030,0.000,0.022,2556,1802,3416,3446,3387,0,0,0,0,0,0,25.87,25.81,25.89,8.93,58.74
$GC,4197,-0.97,-146.6,2555,1802,3444,3387,297.3,-7.5,195,4202,0.00,2.17,0.00,0.000,260,0.000,0.037,2545,3198,3415,3444,3387,0,0,0,0,0,0,26.44,25.44,26.44,8.92,58.70
$GC,4285,-0.97,-146.6,2545,3198,3444,3387,304.0,-7.8,197,4289,0.00,2.05,0.00,0.000,1030,0.000,0.021,2545,1796,3415,3444,3387,0,0,0,0,0,0,25.89,25.83,25.91,8.92,59.56
$GC,4484,-0.97,-146.6,2545,1796,3443,3387,321.0,-8.4,202,4489,0.00,2.20,0.00,0.000,516,0.000,0.037,2545,424,3415,3444,3387,0,0,0,0,0,0,26.44,25.43,26.44,8.92,59.76
$GC,4532,-0.97,-146.6,2545,424,3443,3386,324.9,-8.6,203,4539,0.10,2.05,0.00,0.000,3078,0.147,0.023,2566,1801,3414,3443,3386,0,0,0,0,0,0,25.45,25.79,25.53,8.91,59.56
$GC,4730,-0.97,-146.6,2566,1801,3442,3387,341.0,-8.0,208,4735,0.00,2.17,0.00,0.000,260,0.000,0.037,2559,3188,3414,3442,3387,0,0,0,0,0,0,26.44,25.44,26.45,8.91,59.52
$GC,4875,-0.97,-146.6,2558,3188,3441,3386,350.6,-7.6,211,4880,0.00,2.05,0.00,0.000,1030,0.000,0.021,2559,1800,3414,3441,3387,0,0,0,0,0,0,25.87,25.82,25.90,8.91,60.35
$GC,5102,-0.97,-146.6,2558,1800,3441,3387,368.3,-7.2,217,5106,0.00,2.17,0.00,0.000,516,0.000,0.037,2559,418,3413,3441,3386,0,0,0,0,0,0,26.44,25.40,26.44,8.90,60.39
$GC,5164,-0.97,-146.6,2558,416,3440,3387,371.9,-7.3,218,5168,0.00,2.08,0.00,0.000,1030,0.000,0.023,2550,1803,3413,3440,3387,0,0,0,0,0,0,25.85,25.79,25.87,8.89,59.80
$GC,5388,-0.97,-146.6,2550,1803,3438,3386,389.9,-7.5,224,5391,0.00,2.17,0.00,0.000,260,0.000,0.037,2540,3187,3412,3438,3386,0,0,0,0,0,0,26.44,25.44,26.44,8.89,60.67
$GC,5454,-0.97,-146.6,2539,3187,3437,3386,393.2,-7.5,225,5459,0.08,2.08,0.00,0.000,3078,0.127,0.022,2565,1801,3412,3437,3387,0,0,0,0,0,0,25.50,25.82,25.53,8.89,60.39
$GC,5674,-0.97,-146.6,2565,1801,3436,3386,411.0,-7.3,231,5675,0.00,0.00,0.00,0.000,6,0.000,0.000,2565,1801,3411,3436,3386,0,0,0,0,0,0,26.44,26.45,26.45,8.89,60.59
$GC,5874,-0.97,-146.6,2565,1801,3435,3386,425.2,-7.1,236,5879,0.00,2.20,0.00,0.000,516,0.000,0.037,2565,432,3410,3435,3386,0,0,0,0,0,0,26.44,25.39,26.45,8.88,61.22
$GC,5919,-0.97,-146.6,2565,433,3435,3386,428.3,-7.0,237,5924,0.00,2.08,0.00,0.000,1030,0.000,0.024,2559,1799,3410,3434,3386,0,0,0,0,0,0,25.81,25.78,25.83,8.88,60.82
$GC,6123,-0.97,-146.6,2558,1799,3434,3385,442.4,-6.9,242,6129,0.00,2.22,0.00,0.000,260,0.000,0.037,2549,3190,3409,3433,3385,0,0,0,0,0,0,26.44,25.42,26.45,8.88,60.51
$GC,6176,-0.97,-146.6,2548,3189,3434,3384,445.5,-6.9,243,6180,0.00,2.05,0.00,0.000,1030,0.000,0.022,2549,1802,3409,3434,3384,0,0,0,0,0,0,25.86,25.79,25.88,8.87,61.14
$GC,6370,-0.97,-146.6,2548,1802,3433,3384,459.9,-7.2,248,6375,0.00,2.22,0.00,0.000,516,0.000,0.038,2549,422,3408,3433,3384,0,0,0,0,0,0,26.44,25.37,26.45,8.87,61.38
$GC,6403,-0.97,-146.6,2548,422,3433,3384,459.9,-7.2,248,6413,0.10,2.08,0.00,0.000,3078,0.148,0.024,2570,1802,3408,3433,3384,0,0,0,0,0,0,25.41,25.77,25.49,8.87,61.06
$GC,6616,-1.02,-146.6,2569,1802,3433,3382,477.5,-7.1,254,6620,0.00,2.17,0.00,0.000,260,0.000,0.037,2562,3189,3407,3433,3382,0,0,0,0,0,0,26.44,25.41,26.45,8.86,60.71
$GC,6668,-1.08,-146.6,2562,3189,3433,3382,480.8,-7.2,255,6672,0.00,2.05,0.00,0.000,1030,0.000,0.023,2562,1801,3407,3433,3382,0,0,0,0,0,0,25.84,25.79,25.87,8.87,61.10
$GC,6862,-1.08,-146.6,2561,1801,3432,3382,496.4,-7.7,260,6866,0.00,2.17,0.00,0.000,516,0.000,0.038,2562,423,3406,3432,3381,0,0,0,0,0,0,26.44,25.36,26.45,8.86,61.73
$GC,6906,-1.08,-146.6,2561,421,3432,3382,500.0,-7.9,261,6910,0.00,2.08,0.00,0.000,1030,0.000,0.024,2554,1805,3407,3432,3382,0,0,0,0,0,0,25.82,25.76,25.84,8.85,61.06
$GC,7110,-1.08,-146.6,2553,1804,3432,3381,516.3,-8.0,266,7114,0.00,2.17,0.00,0.000,260,0.000,0.037,2544,3189,3406,3432,3381,0,0,0,0,0,0,26.44,25.41,26.45,8.85,62.01
$GC,7177,-1.08,-146.6,2543,3189,3431,3381,519.7,-7.9,267,7182,0.00,2.10,0.00,0.000,1030,0.000,0.023,2544,1799,3406,3431,3381,0,0,0,0,0,0,25.81,25.79,25.82,8.85,61.41
$GC,7396,-1.08,-146.6,2543,1799,3431,3380,538.1,-7.6,273,7402,0.00,2.20,0.00,0.000,516,0.000,0.038,2543,411,3405,3431,3380,0,0,0,0,0,0,26.44,25.34,26.45,8.85,61.49
$GC,7450,-1.08,-146.6,2543,411,3431,3380,541.3,-7.6,274,7455,0.00,2.12,0.00,0.000,1030,0.000,0.024,2534,1797,3405,3431,3380,0,0,0,0,0,0,25.78,25.75,25.80,8.84,61.34
$GC,7639,-1.08,-146.6,2533,1797,3430,3380,556.4,-7.4,279,7646,0.00,2.20,0.00,0.000,260,0.000,0.037,2524,3197,3404,3430,3379,0,0,0,0,0,0,26.44,25.39,26.45,8.84,61.53
$GC,7683,-1.08,-146.6,2523,3197,3430,3379,559.4,-7.4,280,7686,0.00,2.08,0.00,0.000,1030,0.000,0.023,2524,1800,3404,3430,3379,0,0,0,0,0,0,25.84,25.77,25.86,8.84,61.81
$GC,7881,-1.08,-146.6,2523,1800,3430,3379,574.2,-7.4,285,7887,0.00,2.20,0.00,0.000,516,0.000,0.038,2524,414,3404,3430,3379,0,0,0,0,0,0,26.44,25.32,26.45,8.84,61.65
$GC,7980,-1.08,-146.6,2523,414,3430,3379,580.6,-7.7,287,7984,0.00,2.10,0.00,0.000,1030,0.000,0.024,2514,1810,3404,3429,3379,0,0,0,0,0,0,25.79,25.73,25.82,8.84,61.18
$GC,8203,-1.08,-146.6,2514,1809,3429,3378,600.3,-8.3,293,8207,0.00,2.17,0.00,0.000,260,0.000,0.037,2504,3186,3403,3429,3378,0,0,0,0,0,0,26.44,25.38,26.45,8.83,62.28
$GC,8240,-1.08,-146.6,2504,3188,3428,3378,600.3,-8.3,293,8248,0.10,2.08,0.00,0.000,3078,0.144,0.023,2534,1789,3403,3428,3378,0,0,0,0,0,0,25.42,25.77,25.49,8.83,62.04
$GC,8447,-1.08,-146.6,2534,1788,3428,3377,620.5,-8.3,299,8452,0.00,2.22,0.00,0.000,516,0.000,0.039,2534,407,3402,3428,3377,0,0,0,0,0,0,26.44,25.31,26.45,8.82,61.97
$GC,8495,-1.08,-146.6,2534,407,3428,3377,624.3,-8.3,300,8500,0.00,2.10,0.00,0.000,1030,0.000,0.024,2527,1798,3402,3428,3377,0,0,0,0,0,0,25.79,25.72,25.82,8.83,61.65
$GC,8694,-1.08,-146.6,2526,1798,3427,3376,640.8,-8.1,305,8699,0.00,2.22,0.00,0.000,260,0.000,0.038,2517,3187,3401,3427,3376,0,0,0,0,0,0,26.44,25.38,26.45,8.82,61.81
$GC,8747,-1.08,-146.6,2516,3187,3426,3376,644.3,-8.0,306,8751,0.00,2.08,0.00,0.000,1030,0.000,0.024,2516,1797,3401,3426,3376,0,0,0,0,0,0,25.81,25.75,25.84,8.82,62.01
$GC,8941,-1.08,-146.6,2516,1797,3426,3376,660.1,-7.8,311,8946,0.00,2.22,0.00,0.000,516,0.000,0.039,2516,401,3401,3426,3376,0,0,0,0,0,0,26.44,25.29,26.45,8.82,62.28
$GC,8998,-1.08,-146.6,2516,401,3426,3376,663.7,-7.9,312,9006,0.10,2.12,0.00,0.000,3078,0.145,0.025,2536,1803,3401,3426,3376,0,0,0,0,0,0,25.37,25.71,25.45,8.81,62.75
$GC,9226,-1.08,-146.6,2535,1803,3425,3375,680.9,-7.1,318,9233,0.00,2.20,0.00,0.000,260,0.000,0.038,2528,3195,3400,3425,3375,0,0,0,0,0,0,26.44,25.35,26.45,8.81,62.20
$GC,9280,-1.08,-146.6,2528,3195,3424,3374,683.8,-7.0,319,9285,0.00,2.10,0.00,0.000,1030,0.000,0.023,2528,1789,3399,3424,3375,0,0,0,0,0,0,25.79,25.73,25.82,8.80,62.71
$GC,9470,-1.08,-146.6,2528,1789,3424,3374,697.7,-7.0,324,9474,0.00,2.20,0.00,0.000,516,0.000,0.039,2528,414,3399,3424,3374,0,0,0,0,0,0,26.44,25.27,26.45,8.80,62.64
$GC,9533,-1.08,-146.6,2528,413,3424,3374,700.9,-7.1,325,9537,0.00,2.10,0.00,0.000,1030,0.000,0.024,2518,1802,3399,3424,3374,0,0,0,0,0,0,25.77,25.70,25.80,8.80,62.79
$GC,9756,-1.08,-146.6,2518,1802,3423,3373,718.9,-7.5,331,9760,0.00,2.20,0.00,0.000,260,0.000,0.038,2508,3190,3398,3423,3373,0,0,0,0,0,0,26.44,25.34,26.45,8.80,62.52
$GC,9813,-1.08,-146.6,2507,3192,3423,3373,722.1,-7.6,332,9817,0.00,2.10,0.00,0.000,1030,0.000,0.024,2508,1789,3398,3423,3373,0,0,0,0,0,0,25.79,25.72,25.81,8.80,62.71
$GC,10002,-1.08,-146.6,2508,1790,3422,3373,738.0,-7.9,337,10006,0.00,2.20,0.00,0.000,516,0.000,0.039,2508,413,3398,3423,3373,0,0,0,0,0,0,26.44,25.26,26.45,8.80,62.64
$GC,10048,-1.08,-146.6,2508,413,3422,3373,741.6,-8.0,338,10053,0.12,2.10,0.00,0.000,3078,0.140,0.025,2537,1800,3397,3422,3373,0,0,0,0,0,0,25.26,25.69,25.35,8.80,62.20
$GC,10243,-1.08,-146.6,2536,1800,3422,3372,756.5,-7.6,343,10249,0.00,2.22,0.00,0.000,260,0.000,0.038,2529,3201,3396,3421,3372,0,0,0,0,0,0,26.44,25.32,26.46,8.79,62.87
$GC,10325,-1.08,-146.6,2528,3201,3422,3371,762.5,-7.5,345,10329,0.00,2.10,0.00,0.000,1030,0.000,0.024,2529,1797,3396,3422,3371,0,0,0,0,0,0,25.77,25.71,25.80,8.79,63.50
$GC,10529,-1.08,-146.6,2528,1797,3421,3371,777.5,-7.4,350,10533,0.00,2.20,0.00,0.000,516,0.000,0.040,2528,420,3396,3421,3371,0,0,0,0,0,0,26.44,25.23,26.45,8.79,62.79
$GC,10606,-1.08,-146.6,2528,419,3421,3371,780.7,-7.3,351,10614,0.00,2.10,0.00,0.000,1030,0.000,0.025,2519,1806,3396,3421,3371,0,0,0,0,0,0,25.74,25.67,25.77,8.79,62.75
$GC,10813,-1.08,-146.6,2518,1806,3422,3370,797.5,-6.9,357,10817,0.00,2.20,0.00,0.000,260,0.000,0.038,2509,3194,3395,3421,3370,0,0,0,0,0,0,26.44,25.30,26.45,8.78,63.19
$GC,10879,-1.08,-146.6,2508,3197,3421,3369,800.6,-6.9,358,10883,0.00,2.10,0.00,0.000,1030,0.000,0.024,2509,1799,3395,3421,3369,0,0,0,0,0,0,25.76,25.70,25.79,8.78,63.58
$GC,11098,-1.08,-146.6,2508,1799,3420,3368,817.1,-6.8,364,11102,0.00,2.22,0.00,0.000,516,0.000,0.040,2508,407,3394,3420,3369,0,0,0,0,0,0,26.44,25.21,26.46,8.77,63.42
$GC,11171,-1.08,-146.6,2508,407,3420,3369,820.2,-6.9,365,11181,0.12,2.12,0.00,0.000,3078,0.139,0.025,2537,1807,3394,3420,3369,0,0,0,0,0,0,25.22,25.65,25.32,8.77,63.74
$GC,11384,-1.08,-146.6,2536,1807,3420,3367,836.2,-6.6,371,11389,0.00,2.20,0.00,0.000,260,0.000,0.039,2529,3191,3393,3420,3367,0,0,0,0,0,0,26.44,25.28,26.45,8.77,63.34
$GC,11482,-1.08,-146.6,2528,3191,3420,3367,842.3,-6.8,373,11486,0.00,2.10,0.00,0.000,1030,0.000,0.024,2529,1794,3393,3419,3367,0,0,0,0,0,0,25.74,25.67,25.77,8.77,63.78
$GC,11670,-1.08,-146.6,2528,1794,3420,3367,856.5,-7.1,378,11676,0.00,2.22,0.00,0.000,516,0.000,0.041,2529,423,3393,3420,3367,0,0,0,0,0,0,26.44,25.20,26.45,8.77,63.74
$GC,11715,-1.08,-146.6,2528,423,3420,3367,859.9,-7.2,379,11720,0.00,2.12,0.00,0.000,1030,0.000,0.026,2519,1797,3393,3420,3367,0,0,0,0,0,0,25.68,25.65,25.70,8.76,63.46
$GC,11920,-1.08,-146.6,2519,1797,3419,3367,875.5,-7.6,384,11925,0.00,2.22,0.00,0.000,260,0.000,0.039,2509,3203,3393,3419,3367,0,0,0,0,0,0,26.44,25.26,26.45,8.76,63.11
$GC,11953,-1.08,-146.6,2508,3203,3419,3366,875.5,-7.6,384,11957,0.00,2.12,0.00,0.000,1030,0.000,0.024,2509,1795,3392,3419,3366,0,0,0,0,0,0,25.73,25.66,25.76,8.76,63.54
$GC,12167,-1.08,-146.6,2508,1795,3419,3366,894.8,-7.8,390,12173,0.00,2.22,0.00,0.000,516,0.000,0.041,2509,413,3392,3419,3366,0,0,0,0,0,0,26.44,25.17,26.45,8.76,64.05
$GC,12250,-1.08,-146.6,2508,413,3418,3366,901.6,-8.1,392,12257,0.12,2.12,0.00,0.000,3078,0.141,0.026,2537,1804,3392,3418,3366,0,0,0,0,0,0,25.19,25.61,25.28,8.75,63.27
$GC,12453,-1.08,-146.6,2536,1804,3418,3366,916.9,-7.5,397,12459,0.00,2.20,0.00,0.000,260,0.000,0.039,2529,3193,3392,3418,3366,0,0,0,0,0,0,26.44,25.24,26.45,8.75,63.93
$GC,12527,-1.08,-146.6,2528,3194,3419,3365,920.1,-7.6,398,12535,0.00,2.10,0.00,0.000,1030,0.000,0.024,2529,1792,3391,3418,3365,0,0,0,0,0,0,25.72,25.65,25.75,8.75,63.97
$GC,12734,-1.08,-146.6,2528,1792,3418,3365,938.3,-7.6,404,12740,0.00,2.22,0.00,0.000,516,0.000,0.041,2529,410,3391,3418,3365,0,0,0,0,0,0,26.44,25.13,26.45,8.75,63.66
$GC,12768,-1.08,-146.6,2528,410,3418,3365,938.3,-7.6,404,12775,0.00,2.12,0.00,0.000,1030,0.000,0.026,2518,1811,3390,3416,3365,0,0,0,0,0,0,25.67,25.61,25.71,8.75,64.25
$GC,12975,-1.08,-146.6,2518,1811,3417,3364,956.9,-7.7,410,12979,0.00,2.25,0.00,0.000,260,0.000,0.040,2509,3197,3391,3417,3365,0,0,0,0,0,0,26.44,25.22,26.45,8.75,63.58
$GC,13060,-1.08,-146.6,2508,3197,3417,3364,963.4,-7.7,412,13064,0.00,2.15,0.00,0.000,1030,0.000,0.025,2509,1800,3390,3417,3364,0,0,0,0,0,0,25.66,25.63,25.68,8.74,64.33
$GC,13264,-1.08,-146.6,2508,1801,3417,3364,979.4,-7.9,417,13268,0.00,2.28,0.00,0.000,516,0.000,0.041,2509,412,3390,3417,3364,0,0,0,0,0,0,26.44,25.12,26.45,8.74,64.21
$GC,13321,-1.08,-146.6,2508,411,3416,3364,983.2,-7.9,418,13328,0.12,2.12,0.00,0.000,3078,0.142,0.026,2537,1807,3390,3417,3364,0,0,0,0,0,0,25.15,25.58,25.25,8.74,63.90
$STATE,13425,end dive,TARGET_DEPTH_EXCEEDED
$STATE,13425,begin apogee
$GC,13433,-0.42,0.0,2536,2255,3416,3364,992.4,-7.9,421,13574,0.65,0.00,136.77,1.338,10246,0.101,0.000,2749,2255,2805,2899,2711,0,0,0,0,0,0,24.67,23.82,22.75,8.74,64.45
$STATE,13575,end apogee,CONTROL_FINISHED_OK
$STATE,13575,begin climb
$GC,13578,1.09,146.6,2749,2255,2897,2710,998.3,0.0,424,13737,1.42,2.40,146.88,1.279,10756,0.068,0.034,3243,863,2206,2290,2122,0,0,0,0,0,0,24.12,23.27,22.24,8.69,63.07
$GC,13765,0.88,236.1,3243,863,2289,2121,990.2,5.9,429,13864,0.25,2.25,90.55,1.247,13318,0.119,0.028,3169,2250,1841,1978,1705,0,0,0,0,0,0,23.99,24.39,22.48,8.63,61.53
$GC,14076,1.00,263.9,3169,2250,1976,1703,962.6,8.7,437,14107,0.05,0.00,27.35,1.228,10246,0.135,0.000,3236,2250,1728,1879,1578,0,0,0,0,0,0,26.02,24.72,23.62,8.61,62.56
$GC,14278,1.00,263.9,3235,2250,1877,1576,942.3,10.3,442,14280,0.10,0.00,0.00,0.000,4102,0.135,0.000,3203,2250,1726,1877,1576,0,0,0,0,0,0,25.82,25.89,25.86,8.60,63.19
$GC,14476,1.06,263.9,3203,2250,1877,1575,921.9,10.1,447,14481,0.00,2.20,0.00,0.000,516,0.000,0.037,3210,852,1726,1877,1575,0,0,0,0,0,0,26.34,25.65,26.35,8.59,63.90
$GC,14549,1.12,263.9,3209,852,1877,1575,917.4,10.1,448,14560,0.05,2.15,0.00,0.000,3078,0.130,0.029,3291,2261,1726,1877,1575,0,0,0,0,0,0,25.72,25.76,25.79,8.59,64.09
$GC,14762,1.07,263.9,3291,2261,1877,1575,890.1,11.7,454,14767,0.20,2.22,0.00,0.000,4356,0.119,0.044,3226,3650,1726,1877,1575,0,0,0,0,0,0,25.60,25.50,25.68,8.59,64.84
$GC,14835,1.07,263.9,3226,3651,1877,1573,884.9,11.7,455,14839,0.00,2.12,0.00,0.000,1030,0.000,0.024,3234,2242,1724,1877,1572,0,0,0,0,0,0,25.88,25.81,25.91,8.58,64.80
$GC,15048,1.07,263.9,3234,2242,1877,1573,858.9,10.8,461,15052,0.00,2.15,0.00,0.000,516,0.000,0.037,3243,866,1724,1877,1572,0,0,0,0,0,0,26.38,25.51,26.39,8.58,65.43
$GC,15199,1.07,263.9,3242,866,1877,1573,845.5,10.8,464,15204,0.00,2.12,0.00,0.000,1030,0.000,0.029,3243,2254,1725,1877,1573,0,0,0,0,0,0,25.74,25.65,25.77,8.58,65.31
$GC,15415,1.07,263.9,3242,2253,1877,1572,820.2,10.5,470,15416,0.00,0.00,0.00,0.000,6,0.000,0.000,3242,2254,1724,1876,1572,0,0,0,0,0,0,26.39,26.40,26.39,8.58,65.12
$GC,15613,1.07,263.9,3242,2254,1877,1572,799.9,10.1,475,15615,0.00,0.00,0.00,0.000,6,0.000,0.000,3242,2253,1724,1877,1572,0,0,0,0,0,0,26.39,26.40,26.40,8.57,64.92
$GC,15814,1.08,274.1,3242,2253,1877,1571,780.8,9.5,480,15830,0.00,2.20,10.38,1.096,8708,0.000,0.037,3252,865,1684,1838,1531,0,0,0,0,0,0,26.39,25.25,24.03,8.57,65.47
$GC,15925,1.09,287.2,3251,866,1838,1530,773.2,9.4,482,15946,0.00,2.15,13.80,1.129,9222,0.000,0.030,3252,2244,1631,1788,1474,0,0,0,0,0,0,25.73,25.69,23.91,8.56,65.51
$GC,16136,1.10,294.6,3251,2244,1788,1473,750.0,9.7,488,16146,0.00,0.00,7.88,1.014,8198,0.000,0.000,3252,2244,1604,1764,1444,0,0,0,0,0,0,26.29,25.16,24.04,8.56,64.68
$GC,16337,1.10,296.1,3251,2243,1761,1442,730.1,9.9,493,16341,0.00,2.17,0.00,0.000,516,0.000,0.037,3260,863,1601,1761,1442,0,0,0,0,0,0,26.31,25.55,26.32,8.56,65.90
$GC,16477,1.10,296.1,3259,863,1761,1442,717.4,10.1,496,16481,0.00,2.12,0.00,0.000,1030,0.000,0.029,3260,2251,1601,1761,1442,0,0,0,0,0,0,25.73,25.64,25.76,8.55,65.35
$GC,16665,1.10,296.1,3259,2251,1761,1442,695.5,10.8,501,16666,0.00,0.00,0.00,0.000,6,0.000,0.000,3260,2251,1601,1761,1442,0,0,0,0,0,0,26.36,26.37,26.37,8.55,66.22
$GC,16865,1.10,296.1,3259,2251,1761,1442,672.6,11.5,506,16869,0.00,2.20,0.00,0.000,516,0.000,0.037,3268,862,1601,1761,1442,0,0,0,0,0,0,26.37,25.37,26.38,8.55,66.42
$GC,16926,1.10,296.1,3268,862,1761,1442,667.4,11.7,507,16931,0.00,2.15,0.00,0.000,1030,0.000,0.029,3268,2258,1601,1761,1442,0,0,0,0,0,0,25.65,25.56,25.69,8.55,65.16
$GC,17145,1.10,296.1,3268,2258,1761,1442,639.6,11.9,513,17146,0.00,0.00,0.00,0.000,6,0.000,0.000,3268,2258,1601,1761,1442,0,0,0,0,0,0,26.38,26.39,26.39,8.55,65.98
$GC,17345,1.10,296.1,3268,2258,1761,1442,616.4,11.5,518,17346,0.00,0.00,0.00,0.000,6,0.000,0.000,3268,2258,1601,1761,1442,0,0,0,0,0,0,26.39,26.40,26.40,8.55,65.31
$GC,17545,1.10,296.1,3268,2258,1761,1442,594.7,10.8,523,17550,0.00,2.25,0.00,0.000,516,0.000,0.037,3276,846,1602,1762,1442,0,0,0,0,0,0,26.39,25.28,26.40,8.55,65.98
$GC,17608,1.10,296.1,3276,846,1761,1442,589.9,10.8,524,17615,0.12,2.17,0.00,0.000,5126,0.131,0.029,3236,2260,1601,1761,1442,0,0,0,0,0,0,25.18,25.51,25.27,8.55,65.83
$GC,17832,1.16,304.4,3235,2259,1761,1442,566.5,9.6,530,17845,0.00,0.00,10.43,0.996,8198,0.000,0.000,3236,2259,1563,1724,1402,0,0,0,0,0,0,26.39,25.15,24.08,8.55,65.35
$GC,18031,1.23,304.4,3235,2259,1723,1400,546.6,10.0,535,18039,0.08,2.20,0.00,0.000,2564,0.094,0.037,3317,866,1561,1723,1400,0,0,0,0,0,0,26.12,25.46,26.13,8.55,65.59
$GC,18126,1.23,304.4,3316,866,1724,1400,537.2,10.5,537,18131,0.12,2.12,0.00,0.000,5126,0.127,0.028,3276,2252,1561,1723,1400,0,0,0,0,0,0,25.29,25.60,25.39,8.54,65.67
$GC,18352,1.23,304.4,3275,2252,1722,1400,510.7,11.3,543,18354,0.00,0.00,0.00,0.000,6,0.000,0.000,3276,2252,1561,1723,1400,0,0,0,0,0,0,26.38,26.39,26.39,8.54,65.90
$GC,18551,1.23,304.4,3276,2252,1722,1400,486.9,11.9,548,18552,0.00,0.00,0.00,0.000,6,0.000,0.000,3276,2252,1561,1723,1400,0,0,0,0,0,0,26.39,26.40,26.39,8.55,66.30
$GC,18751,1.23,304.4,3276,2252,1723,1400,462.5,12.2,553,18755,0.00,2.20,0.00,0.000,516,0.000,0.036,3285,864,1561,1723,1400,0,0,0,0,0,0,26.39,25.28,26.40,8.55,65.75
$GC,18813,1.23,304.4,3284,863,1722,1400,457.2,12.3,554,18820,0.00,2.15,0.00,0.000,1030,0.000,0.029,3285,2261,1561,1723,1400,0,0,0,0,0,0,25.58,25.50,25.62,8.55,65.47
$GC,19035,1.23,304.4,3284,2261,1723,1400,427.7,12.3,560,19036,0.00,0.00,0.00,0.000,6,0.000,0.000,3285,2261,1561,1723,1400,0,0,0,0,0,0,26.39,26.41,26.41,8.56,65.94
$GC,19236,1.23,304.4,3284,2261,1723,1400,404.0,11.7,565,19238,0.00,0.00,0.00,0.000,6,0.000,0.000,3285,2261,1562,1724,1400,0,0,0,0,0,0,26.40,26.41,26.41,8.56,65.71
$GC,19435,1.23,304.4,3284,2261,1723,1400,381.5,11.2,570,19440,0.00,2.20,0.00,0.000,516,0.000,0.037,3294,866,1561,1722,1400,0,0,0,0,0,0,26.40,25.24,26.41,8.56,65.19
$GC,19472,1.23,304.4,3293,866,1723,1400,381.5,11.2,570,19479,0.00,2.12,0.00,0.000,1030,0.000,0.029,3294,2256,1561,1723,1400,0,0,0,0,0,0,25.55,25.46,25.58,8.56,66.06
$GC,19679,1.23,304.4,3294,2256,1723,1400,355.3,10.6,576,19684,0.00,2.28,0.00,0.000,260,0.000,0.044,3294,3658,1561,1723,1400,0,0,0,0,0,0,26.40,25.04,26.41,8.56,65.47
$GC,19731,1.23,304.4,3293,3658,1722,1400,350.6,10.6,577,19735,0.00,2.12,0.00,0.000,1030,0.000,0.024,3303,2254,1561,1723,1400,0,0,0,0,0,0,25.70,25.63,25.72,8.56,65.79
$GC,19925,1.23,306.1,3303,2253,1723,1400,330.6,9.9,582,19927,0.00,0.00,0.00,0.000,6,0.000,0.000,3304,2253,1561,1723,1400,0,0,0,0,0,0,26.40,26.41,26.41,8.56,65.31
$GC,20126,1.23,306.8,3303,2253,1723,1400,310.6,10.0,587,20128,0.00,0.00,0.00,0.000,6,0.000,0.000,3304,2253,1561,1723,1400,0,0,0,0,0,0,26.41,26.41,26.41,8.57,65.31
$GC,20325,1.23,306.8,3303,2253,1723,1400,289.5,10.6,592,20326,0.00,0.00,0.00,0.000,6,0.000,0.000,3304,2253,1561,1722,1400,0,0,0,0,0,0,26.41,26.42,26.41,8.57,65.19
$GC,20525,1.23,306.8,3303,2253,1723,1400,267.5,11.1,597,20526,0.00,0.00,0.00,0.000,6,0.000,0.000,3304,2253,1561,1722,1400,0,0,0,0,0,0,26.41,26.42,26.41,8.57,64.84
$GC,20725,1.23,306.8,3303,2253,1723,1400,244.5,11.5,602,20730,0.00,2.22,0.00,0.000,516,0.000,0.037,3314,861,1561,1723,1400,0,0,0,0,0,0,26.41,25.20,26.41,8.58,65.47
$GC,20769,1.23,306.8,3313,861,1723,1400,239.4,11.6,603,20774,0.08,2.17,0.00,0.000,5126,0.090,0.029,3274,2254,1561,1722,1400,0,0,0,0,0,0,25.06,25.44,25.15,8.58,65.51
$GC,20974,1.23,306.8,3273,2254,1722,1400,216.5,11.2,608,20979,0.00,2.25,0.00,0.000,260,0.000,0.045,3273,3649,1561,1723,1400,0,0,0,0,0,0,26.41,25.00,26.41,8.58,64.68
$GC,21026,1.23,306.8,3273,3649,1722,1400,211.5,11.2,609,21031,0.00,2.12,0.00,0.000,1030,0.000,0.024,3282,2237,1561,1723,1400,0,0,0,0,0,0,25.70,25.63,25.72,8.58,64.84
$GC,21220,1.23,306.8,3281,2236,1722,1400,189.5,11.0,616,21227,0.00,2.30,0.00,0.000,260,0.000,0.044,3282,3655,1561,1723,1400,0,0,0,0,0,0,26.41,25.00,26.41,8.57,65.04
$GC,21261,1.23,306.8,3281,3655,1722,1400,184.9,10.9,618,21265,0.00,2.12,0.00,0.000,1030,0.000,0.024,3292,2239,1561,1723,1400,0,0,0,0,0,0,25.70,25.63,25.72,8.58,64.76
$GC,21464,1.23,306.8,3291,2239,1723,1400,163.8,10.2,628,21466,0.00,0.00,0.00,0.000,6,0.000,0.000,3292,2239,1561,1723,1400,0,0,0,0,0,0,26.41,26.42,26.41,8.59,64.72
$GC,21646,1.25,327.3,3292,2239,1723,1400,146.7,9.1,637,21669,0.00,0.00,21.17,0.795,8198,0.000,0.000,3292,2239,1468,1637,1300,0,0,0,0,0,0,26.41,25.04,24.16,8.59,64.60
$GC,21844,1.25,327.3,3292,2239,1636,1299,127.3,10.1,647,21846,0.00,0.00,0.00,0.000,6,0.000,0.000,3292,2239,1468,1636,1300,0,0,0,0,0,0,26.32,26.33,26.32,8.58,64.01
$GC,22024,1.25,327.3,3292,2239,1636,1299,108.4,10.3,656,22029,0.00,2.17,0.00,0.000,516,0.000,0.036,3302,856,1467,1636,1299,0,0,0,0,0,0,26.37,25.34,26.38,8.59,63.66
$GC,22068,1.25,327.3,3301,856,1636,1300,103.9,10.3,658,22073,0.00,2.15,0.00,0.000,1030,0.000,0.028,3302,2261,1467,1636,1299,0,0,0,0,0,0,25.63,25.54,25.65,8.59,64.21
$GC,22275,1.25,330.5,3302,2261,1636,1299,82.8,9.9,668,22284,0.00,2.22,3.78,0.503,8452,0.000,0.043,3302,3650,1455,1623,1288,0,0,0,0,0,0,26.39,24.84,24.22,8.60,64.09
$GC,22336,1.25,330.5,3302,3650,1623,1289,76.3,10.5,671,22340,0.00,2.10,0.00,0.000,1030,0.000,0.023,3311,2248,1456,1623,1289,0,0,0,0,0,0,25.81,25.75,25.84,8.60,64.05
$GC,22540,1.41,490.2,3311,2248,1623,1289,63.6,2.7,681,22719,0.00,0.00,158.23,0.722,8710,0.000,0.000,3311,2248,802,882,723,0,0,0,0,3,0,26.39,24.55,23.65,8.62,64.17
$GC,22900,1.55,510.8,3310,2248,876,722,36.1,9.1,707,22929,0.15,2.20,18.88,0.666,10756,0.054,0.035,3433,869,718,784,653,0,0,0,0,0,0,25.97,25.06,24.15,8.67,64.84
$GC,22956,1.55,510.8,3433,870,782,652,30.0,11.9,712,22964,0.17,2.10,0.00,0.000,5126,0.125,0.028,3379,2255,717,782,652,0,0,0,0,0,0,25.27,25.63,25.43,8.68,65.08
$GC,23146,1.55,510.8,3379,2255,782,652,8.7,11.2,731,23151,0.00,2.20,0.00,0.000,260,0.000,0.042,3379,3645,717,782,652,0,0,0,0,0,0,26.28,25.50,26.29,8.73,64.29
$STATE,23198,end climb,SURFACE_DEPTH_REACHED
$STATE,23198,begin surface coast
$FINISH,-0.6,1.022374
$STATE,23219,end surface coast,CONTROL_FINISHED_OK
$STATE,23219,begin surface
$SM_CCo,23303,0.00,0.000,0,0,716,512.68
$SM_GC,-0.05,8.23,2.85,0.00,0.024,0.021,0.000,167,1805,716,-8.30,1.72,512.68,0,0,0,0,0,0,25.90,25.75,25.94
$IRIDIUM_FIX,845.26,-14154.49,060525,032547
$TT8_MAMPS,0.026964,0.381241
$HUMID,60.04
$INTERNAL_PRESSURE,8.70279
$TCM_TEMP,18.60
$XPDR_PINGS,0
$ALTIM_TOP_PING,19.7,20.1
$24V_AH,22.24,113.854
$10V_AH,9.58,70.627
$FG_AHR_24Vo,0.000
$FG_AHR_10Vo,0.000
$DEVICES,Pitch_motor,Roll_motor,VBD_pump_during_apogee,VBD_pump_during_surface,VBD_valve,Iridium_during_init,Iridium_during_connect,Iridium_during_xfer,Transponder_ping,GUMSTIX_24V,GPS,TT8,LPSleep,TT8_Active,TT8_Sampling,TT8_CF8,TT8_Kalman,Analog_circuits,GPS_charging,Compass,RAFOS,Transponder,Compass2
$DEVICE_SECS,22.375,277.150,646.075,0.000,0.000,0.000,0.000,293.025,0.250,0.000,26.617,3146.201,16199.252,840.256,3029.652,524.634,0.000,2742.740,0.000,2593.167,0.000,2.765,0.000
$DEVICE_MAMPS,202.725,48.195,1337.985,0.000,0.000,0.000,0.000,90.270,420.000,0.000,30.710,15.210,2.190,15.210,43.670,53.410,0.000,14.000,0.000,8.240,0.000,30.000,0.000
$SENSORS,SBE_CT,WL_blue_red_Chl,AA4330,nil,nil,nil,nil,nil,nil,nil
$SENSOR_SECS,640.836,0.000,987.689,0.000,0.000,0.000,0.000,0.000,0.000,0.000
$SENSOR_MAMPS,22.470,0.000,11.230,0.000,0.000,0.000,0.000,0.000,0.000,0.000
$MEM,311984
$DATA_FILE_SIZE,55777,738
$CAP_FILE_SIZE,249029,0
$CFSIZE,2097872896,2001010688
$ERRORS,0,0,0,0,0,0,0,0,0,0,0,0,0,3,1,0
$CURRENT,0.141,57.73,1
$GPS,200905,164300,848.057,-14313.027,45,1.0,69,9.3,0.0,0.3,8,4.8
