version: 66.14
glider: 195
mission: 21
dive: 302
start: 6 24 105 5 3 21
data:
$ID,195
$MISSION,21
$DIVE,302
$N_DIVES,0
$STOP_T,0
$D_SURF,3
$D_FLARE,2
$D_TGT,990
$D_ABORT,1090
$D_NO_BLEED,50
$D_BOOST,3
$T_BOOST,0
$D_FINISH,0
$D_PITCH,0
$D_SAFE,0
$D_CALL,0
$SURFACE_URGENCY,0
$SURFACE_URGENCY_TRY,0
$SURFACE_URGENCY_FORCE,0
$T_DIVE,330
$T_MISSION,600
$T_ABORT,1440
$T_TURN,300
$T_TURN_SAMPINT,5
$T_NO_W,120
$T_LOITER,0
$T_SLOITER,60
$T_EPIRB,0
$USE_BATHY,0
$USE_ICE,0
$ICE_FREEZE_MARGIN,0.30000001
$D_OFFGRID,990
$T_WATCHDOG,10
$RELAUNCH,1
$APOGEE_PITCH,-8
$MAX_BUOY,150
$COURSE_BIAS,0
$GLIDE_SLOPE,30
$SPEED_FACTOR,1
$RHO,1.023
$MASS,54002
$MASS_COMP,0
$NAV_MODE,2
$FERRY_MAX,45
$KALMAN_USE,2
$HD_A,0.0038000001
$HD_B,0.0099999998
$HD_C,9.8500004e-06
$HEADING,-1
$ESCAPE_HEADING,0
$ESCAPE_HEADING_DELTA,10
$FIX_MISSING_TIMEOUT,0
$TGT_DEFAULT_LAT,4736
$TGT_DEFAULT_LON,-12225
$TGT_AUTO_DEFAULT,0
$SM_CC,565.6618
$N_FILEKB,4
$FILEMGR,0
$CALL_NDIVES,1
$COMM_SEQ,0
$PROTOCOL,9
$N_NOCOMM,1
$NOCOMM_ACTION,0
$N_NOSURFACE,0
$UPLOAD_DIVES_MAX,-1
$CALL_TRIES,5
$CALL_WAIT,60
$CAPUPLOAD,0
$CAPMAXSIZE,200000
$HEAPDBG,0
$T_GPS,15
$N_GPS,50840
$T_RSLEEP,2
$STROBE,0
$RAFOS_PEAK_OFFSET,1.5
$RAFOS_CORR_THRESH,60
$RAFOS_HIT_WINDOW,3600
$RAFOS_MMODEM,0
$PITCH_MIN,207
$PITCH_MAX,3915
$C_PITCH,2900
$PITCH_DBAND,0.1
$PITCH_CNV,0.003125763
$P_OVSHOOT,0.039999999
$P_OVSHOOT_WITHG,0.079999998
$PITCH_GAIN,24
$PITCH_TIMEOUT,17
$PITCH_AD_RATE,160
$PITCH_MAXERRORS,1
$PITCH_ADJ_GAIN,0.02
$PITCH_ADJ_DBAND,2.5
$ROLL_MIN,224
$ROLL_MAX,3758
$ROLL_DEG,40
$C_ROLL_DIVE,2113
$C_ROLL_CLIMB,1605
$HEAD_ERRBAND,20
$ROLL_CNV,0.028270001
$ROLL_TIMEOUT,15
$R_PORT_OVSHOOT,47
$R_STBD_OVSHOOT,64
$ROLL_AD_RATE,350
$ROLL_MAXERRORS,2
$ROLL_ADJ_GAIN,0
$ROLL_ADJ_DBAND,0
$VBD_MIN,500
$VBD_MAX,3960
$C_VBD,2806
$VBD_DBAND,2
$VBD_CNV,-0.24529999
$VBD_LP_IGNORE,0
$VBD_TIMEOUT,720
$PITCH_VBD_SHIFT,0.001
$VBD_PUMP_AD_RATE_SURFACE,5
$VBD_PUMP_AD_RATE_APOGEE,4
$VBD_BLEED_AD_RATE,8
$UNCOM_BLEED,60
$VBD_MAXERRORS,1
$W_ADJ_DBAND,0
$DBDW,0
$PITCH_W_GAIN,0
$PITCH_W_DBAND,0
$CF8_MAXERRORS,5
$AH0_24V,150
$AH0_10V,97
$MINV_24V,19
$MINV_10V,8
$MAXI_24V,0.80000001
$MAXI_10V,0.60000002
$FG_AHR_10V,0
$FG_AHR_24V,0
$PHONE_SUPPLY,-2
$PRESSURE_YINT,-49.397121
$PRESSURE_SLOPE,0.0001168043
$AD7714Ch0Gain,128
$TCM_PITCH_OFFSET,0
$TCM_ROLL_OFFSET,0
$COMPASS_USE,4
$ALTIM_BOTTOM_PING_RANGE,0
$ALTIM_TOP_PING_RANGE,20
$ALTIM_BOTTOM_TURN_MARGIN,0
$ALTIM_TOP_TURN_MARGIN,0
$ALTIM_TOP_MIN_OBSTACLE,1
$ALTIM_PING_DEPTH,0
$ALTIM_PING_DELTA,0
$ALTIM_FREQUENCY,13
$ALTIM_PULSE,3
$ALTIM_SENSITIVITY,3
$XPDR_VALID,5
$XPDR_INHIBIT,90
$INT_PRESSURE_SLOPE,0.0097660003
$INT_PRESSURE_YINT,-0.77999997
$DEEPGLIDER,0
$MOTHERBOARD,4
$DEVICE1,2
$DEVICE2,115
$DEVICE3,101
$DEVICE4,-1
$DEVICE5,-1
$DEVICE6,-1
$LOGGERS,0
$LOGGERDEVICE1,-1
$LOGGERDEVICE2,-1
$LOGGERDEVICE3,-1
$LOGGERDEVICE4,-1
$COMPASS_DEVICE,33
$COMPASS2_DEVICE,-1
$PHONE_DEVICE,49
$GPS_DEVICE,32
$RAFOS_DEVICE,-1
$XPDR_DEVICE,24
$SIM_W,0
$SIM_PITCH,0
$SEABIRD_T_G,0.0044178674
$SEABIRD_T_H,0.00064818078
$SEABIRD_T_I,2.6779007e-05
$SEABIRD_T_J,3.3667231e-06
$SEABIRD_C_G,-10.098215
$SEABIRD_C_H,1.1454017
$SEABIRD_C_I,-0.0021276253
$SEABIRD_C_J,0.00025532115
$SEABIRD_C_Z,2974.52
$GPS1,240605,045511,554.1261,-14108.2041,41,0.8,59,9.2,0.6,10.2,10,4.6
$_CALLS,1
$_XMS_NAKs,0
$_XMS_TOUTs,0
$_SM_DEPTHo,0.22
$_SM_ANGLEo,-59.3
$GPS2,240605,050241,554.1628,-14108.1777,8,0.8,26,9.2,0.9,72.0,10,4.9
$SPEED_LIMITS,0.173,0.262
$TGT_NAME,TX1
$TGT_LATLONG,815.000,-14400.000
$TGT_RADIUS,10000.000
$KALMAN_CONTROL,0.000000,0.000000
$KALMAN_X,0.000000,0.000000,0.000000,0.000000,0.000000
$KALMAN_Y,0.000000,0.000000,0.000000,0.000000,0.000000
$MHEAD_RNG_PITCHd_Wd,294.5,408911,-18.1,-10.000,-20.93,2235
$D_GRID,990
$GCHEAD,st_secs,pitch_ctl,vbd_ctl,pitch_ad_start,roll_ad_start,vbd_pot1_ad_start,vbd_pot2_ad_start,depth,ob_vertv,data_pts,end_secs,pitch_secs,roll_secs,vbd_secs,vbd_i,gcphase,pitch_i,roll_i,pitch_ad,roll_ad,vbd_ad,vbd_pot1_ad,vbd_pot2_ad,pitch_retries,pitch_errors,roll_retries,roll_errors,vbd_retries,vbd_errors,pitch_volts,roll_volts,vbd_volts,int_press,humidity
$STATE,6,end surface,CONTROL_FINISHED_OK
$STATE,6,begin dive
$GC,75,-0.90,-146.6,157,2116,536,461,0.3,-0.2,6,164,0.00,0.00,-86.93,0.000,16386,0.000,0.000,156,2116,2824,2837,2812,0,0,0,0,0,0,26.42,28.83,26.43,8.87,47.63
$GC,168,-0.90,-146.6,156,2116,2838,2812,2.7,-5.0,15,198,9.40,2.15,-11.77,0.000,18692,0.205,0.051,2590,3502,3405,3422,3388,0,0,0,0,0,0,25.18,25.44,25.38,9.10,47.75
$GC,297,-0.79,-146.6,2589,3502,3426,3388,27.8,-17.3,27,305,0.17,2.05,0.00,0.000,3078,0.137,0.019,2644,2077,3407,3427,3388,0,0,0,0,0,0,25.71,26.18,25.87,9.17,48.22
$GC,607,-0.79,-146.6,2643,2078,3429,3388,74.2,-15.2,50,611,0.00,2.00,0.00,0.000,516,0.000,0.032,2644,739,3408,3428,3388,0,0,0,0,0,0,26.61,26.12,26.61,9.18,48.50
$GC,659,-0.79,-146.6,2643,739,3429,3388,81.2,-15.4,52,664,0.00,2.00,0.00,0.000,1030,0.000,0.024,2637,2117,3408,3429,3388,0,0,0,0,0,0,26.29,26.22,26.32,9.19,48.22
$GC,973,-0.79,-146.6,2636,2117,3430,3388,120.1,-10.8,68,978,0.00,2.08,0.00,0.000,516,0.000,0.031,2637,727,3409,3430,3388,0,0,0,0,0,0,26.65,26.16,26.66,9.20,48.58
$GC,1026,-0.79,-146.6,2636,727,3430,3388,125.1,-11.2,70,1030,0.00,2.03,0.00,0.000,1030,0.000,0.024,2627,2122,3409,3430,3388,0,0,0,0,0,0,26.33,26.27,26.35,9.20,48.30
$GC,1339,-0.79,-146.6,2627,2122,3432,3388,152.9,-7.2,86,1344,0.00,2.08,0.00,0.000,516,0.000,0.030,2627,729,3409,3431,3388,0,0,0,0,0,0,26.66,26.18,26.67,9.18,47.75
$GC,1393,-0.79,-146.6,2627,728,3432,3388,156.2,-7.2,88,1397,0.00,2.03,0.00,0.000,1030,0.000,0.023,2619,2125,3410,3432,3388,0,0,0,0,0,0,26.34,26.28,26.36,9.17,48.11
$GC,1707,-0.84,-146.6,2618,2125,3433,3388,178.9,-6.5,104,1711,0.00,2.12,0.00,0.000,260,0.000,0.038,2608,3509,3410,3433,3388,0,0,0,0,0,0,26.67,26.13,26.67,9.13,47.75
$GC,1843,-0.84,-146.6,2608,3509,3433,3388,187.5,-7.0,110,1847,0.00,1.98,0.00,0.000,1030,0.000,0.018,2609,2107,3410,3433,3388,0,0,0,0,0,0,26.40,26.35,26.41,9.10,47.95
$GC,2178,-0.89,-146.6,2607,2107,3433,3388,213.8,-7.9,121,2182,0.00,2.03,0.00,0.000,516,0.000,0.031,2608,739,3411,3433,3389,0,0,0,0,0,0,26.67,26.19,26.68,9.05,48.42
$GC,2323,-0.89,-146.6,2608,739,3433,3388,220.2,-7.8,122,2327,0.00,1.98,0.00,0.000,1030,0.000,0.023,2599,2119,3410,3433,3388,0,0,0,0,0,0,26.35,26.29,26.38,9.04,49.68
$GC,2667,-0.89,-146.6,2599,2119,3433,3388,249.3,-7.2,127,2671,0.00,2.10,0.00,0.000,260,0.000,0.039,2589,3496,3410,3433,3388,0,0,0,0,0,0,26.67,26.13,26.69,9.01,50.43
$GC,2865,-0.89,-146.6,2589,3496,3432,3387,262.8,-7.9,129,2870,0.00,1.95,0.00,0.000,1030,0.000,0.019,2589,2119,3409,3432,3386,0,0,0,0,0,0,26.39,26.34,26.41,8.99,51.22
$GC,3236,-0.89,-146.6,2588,2119,3432,3384,296.2,-8.3,134,3240,0.00,2.12,0.00,0.000,260,0.000,0.040,2579,3497,3408,3432,3384,0,0,0,0,0,0,26.68,26.11,26.69,8.96,52.36
$GC,3320,-0.89,-146.6,2578,3498,3432,3383,303.4,-8.4,135,3326,0.10,2.03,0.00,0.000,3078,0.128,0.020,2611,2101,3406,3431,3382,0,0,0,0,0,0,25.98,26.34,26.04,8.96,52.20
$GC,3648,-0.96,-146.6,2610,2101,3432,3380,325.3,-6.7,139,3649,0.00,0.00,0.00,0.000,6,0.000,0.000,2611,2101,3406,3432,3380,0,0,0,0,0,0,26.67,26.69,26.69,8.94,52.83
$GC,3967,-1.05,-146.6,2610,2101,3430,3379,347.4,-6.9,143,3973,0.10,2.15,0.00,0.000,4356,0.079,0.040,2516,3495,3404,3429,3379,0,0,0,0,0,0,26.45,26.10,26.47,8.92,53.93
$GC,4098,-1.11,-146.6,2515,3495,3427,3378,356.0,-7.7,144,4103,0.00,2.03,0.00,0.000,1030,0.000,0.021,2516,2114,3402,3427,3378,0,0,0,0,0,0,26.35,26.32,26.36,8.92,53.66
$GC,4459,-1.04,-146.6,2515,2114,3425,3376,397.8,-10.3,149,4461,0.15,0.00,0.00,0.000,2054,0.142,0.000,2561,2114,3400,3425,3376,0,0,0,0,0,0,26.03,26.19,26.13,8.90,54.33
$GC,4777,-1.04,-146.6,2561,2114,3423,3374,428.2,-9.5,153,4778,0.00,0.00,0.00,0.000,6,0.000,0.000,2561,2114,3398,3423,3374,0,0,0,0,0,0,26.68,26.69,26.69,8.89,54.76
$GC,5097,-1.04,-146.6,2560,2114,3421,3372,459.5,-9.8,157,5098,0.00,0.00,0.00,0.000,6,0.000,0.000,2561,2114,3396,3421,3372,0,0,0,0,0,0,26.68,26.69,26.69,8.88,55.43
$GC,5419,-1.04,-146.6,2560,2114,3420,3369,487.8,-8.8,161,5423,0.00,2.15,0.00,0.000,260,0.000,0.041,2554,3495,3394,3420,3369,0,0,0,0,0,0,26.68,26.06,26.69,8.87,55.39
$GC,5591,-1.04,-146.6,2553,3495,3419,3368,501.9,-8.5,163,5595,0.00,2.03,0.00,0.000,1030,0.000,0.021,2553,2122,3393,3419,3368,0,0,0,0,0,0,26.32,26.31,26.35,8.86,56.49
$GC,5905,-1.04,-146.6,2553,2121,3418,3367,526.8,-7.7,167,5909,0.00,2.15,0.00,0.000,260,0.000,0.041,2543,3501,3392,3418,3367,0,0,0,0,0,0,26.68,26.06,26.68,8.85,55.94
$GC,5981,-1.04,-146.6,2542,3501,3417,3366,526.8,-7.7,167,5988,0.00,2.03,0.00,0.000,1030,0.000,0.021,2543,2103,3391,3417,3366,0,0,0,0,0,0,26.36,26.29,26.38,8.85,56.61
$GC,6308,-1.04,-146.6,2542,2103,3416,3365,560.9,-8.5,172,6312,0.00,2.17,0.00,0.000,260,0.000,0.041,2533,3496,3390,3416,3365,0,0,0,0,0,0,26.68,26.06,26.69,8.85,56.37
$GC,6355,-1.04,-146.6,2532,3496,3415,3364,560.9,-8.5,172,6360,0.10,2.03,0.00,0.000,3078,0.147,0.021,2564,2101,3390,3415,3365,0,0,0,0,0,0,25.96,26.29,26.07,8.84,56.37
$GC,6715,-1.04,-146.6,2563,2101,3415,3363,597.0,-8.8,177,6719,0.00,2.17,0.00,0.000,260,0.000,0.041,2556,3494,3388,3414,3363,0,0,0,0,0,0,26.67,26.04,26.69,8.83,56.81
$GC,6869,-1.04,-146.6,2555,3494,3413,3362,604.9,-9.0,178,6873,0.00,2.05,0.00,0.000,1030,0.000,0.022,2555,2114,3387,3413,3362,0,0,0,0,0,0,26.31,26.29,26.33,8.83,57.00
$GC,7202,-1.04,-146.6,2555,2114,3413,3360,643.1,-9.4,183,7206,0.00,2.15,0.00,0.000,260,0.000,0.041,2546,3494,3387,3413,3361,0,0,0,0,0,0,26.67,26.03,26.69,8.82,57.40
$GC,7276,-1.04,-146.6,2545,3495,3412,3360,643.1,-9.4,183,7280,0.00,2.03,0.00,0.000,1030,0.000,0.022,2546,2107,3386,3412,3360,0,0,0,0,0,0,26.34,26.27,26.36,8.82,57.20
$GC,7609,-1.04,-146.6,2545,2107,3412,3359,682.1,-9.6,188,7617,0.00,2.17,0.00,0.000,260,0.000,0.041,2535,3496,3385,3411,3359,0,0,0,0,0,0,26.67,26.02,26.69,8.81,57.36
$GC,7751,-1.04,-146.6,2535,3497,3409,3359,690.1,-9.6,189,7756,0.00,2.05,0.00,0.000,1030,0.000,0.023,2535,2116,3384,3410,3359,0,0,0,0,0,0,26.30,26.27,26.31,8.81,57.44
$GC,8095,-1.04,-146.6,2535,2116,3410,3357,728.8,-9.5,194,8099,0.00,2.10,0.00,0.000,516,0.000,0.034,2535,730,3383,3410,3357,0,0,0,0,0,0,26.67,26.06,26.69,8.80,57.48
$GC,8132,-1.04,-146.6,2535,730,3410,3357,728.8,-9.5,194,8139,0.12,2.05,0.00,0.000,3078,0.148,0.028,2565,2112,3383,3409,3357,0,0,0,0,0,0,25.82,26.17,25.94,8.80,57.40
$GC,8499,-1.04,-146.6,2564,2112,3409,3355,763.3,-8.4,199,8503,0.00,2.17,0.00,0.000,260,0.000,0.042,2556,3505,3382,3409,3355,0,0,0,0,0,0,26.67,25.99,26.68,8.79,58.30
$GC,8520,-1.04,-146.6,2556,3505,3408,3355,763.3,-8.4,199,8524,0.00,2.05,0.00,0.000,1030,0.000,0.023,2557,2108,3381,3408,3355,0,0,0,0,0,0,26.32,26.25,26.34,8.79,57.79
$GC,8904,-1.04,-146.6,2556,2108,3408,3354,798.7,-8.7,204,8908,0.00,2.10,0.00,0.000,516,0.000,0.035,2557,728,3380,3407,3354,0,0,0,0,0,0,26.67,26.03,26.68,8.78,58.15
$GC,8960,-1.04,-146.6,2556,729,3408,3354,798.7,-8.7,204,8965,0.00,2.08,0.00,0.000,1030,0.000,0.028,2548,2106,3380,3407,3354,0,0,0,0,0,0,26.20,26.15,26.22,8.78,57.99
$GC,9309,-1.04,-146.6,2547,2105,3407,3353,835.5,-9.1,209,9313,0.00,2.20,0.00,0.000,260,0.000,0.043,2537,3506,3379,3407,3352,0,0,0,0,0,0,26.67,25.96,26.68,8.77,58.11
$GC,9486,-1.04,-146.6,2537,3507,3405,3352,850.8,-9.2,211,9490,0.00,2.05,0.00,0.000,1030,0.000,0.024,2537,2110,3378,3405,3352,0,0,0,0,0,0,26.30,26.23,26.32,8.77,58.34
$GC,9794,-1.04,-146.6,2537,2110,3405,3351,880.8,-9.3,215,9801,0.00,2.20,0.00,0.000,260,0.000,0.043,2528,3506,3378,3405,3351,0,0,0,0,0,0,26.67,25.95,26.68,8.77,58.62
$GC,9883,-1.04,-146.6,2527,3506,3405,3350,888.5,-9.4,216,9889,0.12,2.05,0.00,0.000,3078,0.142,0.024,2566,2110,3378,3405,3351,0,0,0,0,0,0,25.83,26.22,25.94,8.77,58.50
$GC,10199,-1.04,-146.6,2565,2110,3404,3350,915.9,-8.5,220,10203,0.00,2.20,0.00,0.000,260,0.000,0.043,2558,3509,3376,3404,3349,0,0,0,0,0,0,26.67,25.94,26.68,8.76,58.50
$GC,10255,-1.04,-146.6,2557,3510,3405,3349,915.9,-8.5,220,10260,0.00,2.05,0.00,0.000,1030,0.000,0.024,2558,2114,3376,3404,3349,0,0,0,0,0,0,26.29,26.22,26.31,8.76,58.46
$GC,10605,-1.04,-146.6,2557,2114,3404,3349,951.5,-8.8,225,10609,0.00,2.20,0.00,0.000,260,0.000,0.044,2548,3506,3376,3404,3349,0,0,0,0,0,0,26.67,25.92,26.68,8.75,59.09
$GC,10667,-1.04,-146.6,2547,3507,3404,3349,951.5,-8.8,225,10672,0.00,2.10,0.00,0.000,1030,0.000,0.024,2548,2110,3376,3403,3349,0,0,0,0,0,0,26.24,26.22,26.26,8.75,58.89
$GC,11012,-1.04,-146.6,2547,2110,3403,3348,989.5,-9.3,230,11013,0.00,0.00,0.00,0.000,6,0.000,0.000,2548,2110,3375,3403,3348,0,0,0,0,0,0,26.67,26.68,26.68,8.75,59.01
$STATE,11088,end dive,TARGET_DEPTH_EXCEEDED
$STATE,11088,begin apogee
$GC,11096,-0.33,0.0,2548,1609,3403,3348,996.7,-9.3,231,11226,0.73,0.00,126.78,1.344,10246,0.106,0.000,2788,1609,2805,2909,2701,0,0,0,0,0,0,25.43,24.51,23.39,8.74,59.33
$STATE,11227,end apogee,CONTROL_FINISHED_OK
$STATE,11227,begin climb
$GC,11230,0.90,146.6,2788,1608,2908,2699,999.8,0.0,232,11378,1.12,0.00,138.82,1.304,10758,0.057,0.000,3189,1608,2205,2294,2116,0,0,0,0,0,0,24.87,24.13,23.11,8.69,57.40
$GC,11734,0.83,150.1,3189,1608,2292,2116,958.9,9.8,239,11740,0.00,0.00,3.62,0.712,8198,0.000,0.000,3189,1608,2192,2279,2106,0,0,0,0,0,0,26.41,25.46,24.12,8.63,58.15
$GC,12056,0.77,153.6,3189,1608,2278,2106,927.5,9.8,243,12069,0.12,2.17,5.38,0.944,12548,0.150,0.035,3152,3006,2175,2260,2090,0,0,0,0,0,0,26.01,25.18,24.27,8.63,59.17
$GC,12145,0.71,159.9,3151,3006,2260,2090,919.9,9.7,244,12160,0.00,2.10,7.70,1.073,9222,0.000,0.029,3158,1611,2151,2237,2065,0,0,0,0,0,0,26.20,26.13,24.32,8.62,58.89
$GC,12539,0.74,191.2,3158,1611,2237,2065,885.1,8.6,249,12573,0.00,0.00,32.10,1.267,8198,0.000,0.000,3158,1611,2024,2124,1925,0,0,0,0,0,0,26.55,25.13,24.03,8.61,59.80
$GC,12857,0.77,211.9,3158,1611,2122,1923,856.1,9.1,253,12885,0.00,2.22,20.75,1.215,8452,0.000,0.035,3158,3010,1939,2052,1827,0,0,0,0,0,0,26.41,24.96,24.18,8.60,59.84
$GC,12955,0.78,228.1,3158,3010,2051,1827,848.2,9.3,254,12978,0.00,2.15,16.98,1.177,9222,0.000,0.030,3167,1601,1874,1997,1752,0,0,0,0,0,0,25.91,25.83,24.07,8.60,58.93
$GC,13332,0.79,238.3,3166,1601,1995,1751,810.0,9.5,259,13345,0.00,0.00,11.00,1.111,8198,0.000,0.000,3167,1601,1833,1962,1705,0,0,0,0,0,0,26.46,25.51,24.35,8.59,59.80
$GC,13652,0.81,253.8,3166,1601,1961,1704,780.2,9.3,263,13674,0.00,2.22,16.70,1.162,8452,0.000,0.035,3167,3009,1767,1906,1628,0,0,0,0,0,0,26.49,25.10,24.30,8.58,60.67
$GC,13731,0.82,267.0,3166,3009,1905,1628,772.6,9.4,264,13751,0.00,2.15,13.85,1.127,9222,0.000,0.030,3173,1601,1716,1861,1572,0,0,0,0,0,0,25.95,25.87,24.15,8.57,59.52
$GC,14129,0.82,269.7,3172,1601,1859,1570,733.4,9.9,269,14133,0.00,2.17,0.00,0.000,260,0.000,0.037,3173,3004,1714,1859,1570,0,0,0,0,0,0,26.48,26.07,26.49,8.56,60.31
$GC,14200,0.83,272.4,3172,3005,1859,1569,733.4,9.9,269,14212,0.00,2.12,6.28,0.942,9222,0.000,0.030,3181,1598,1693,1838,1548,0,0,0,0,0,0,26.22,26.13,24.32,8.56,60.15
$GC,14534,0.83,275.4,3180,1598,1837,1546,692.4,9.9,274,14535,0.00,0.00,0.00,0.000,6,0.000,0.000,3181,1598,1691,1837,1546,0,0,0,0,0,0,26.55,26.56,26.56,8.56,60.51
$GC,14852,0.84,289.7,3180,1598,1837,1546,662.5,9.3,278,14875,0.00,2.22,17.62,1.115,8452,0.000,0.034,3180,3011,1619,1772,1466,0,0,0,0,0,0,26.62,25.18,24.39,8.56,60.67
$GC,14970,0.86,302.3,3180,3011,1772,1467,654.8,9.4,279,14990,0.00,2.17,12.43,1.058,9222,0.000,0.031,3181,1609,1570,1726,1414,0,0,0,0,0,0,26.06,25.96,24.27,8.55,60.27
$GC,15331,0.93,313.6,3180,1609,1726,1413,616.2,9.5,284,15347,0.00,2.20,11.15,1.028,8452,0.000,0.034,3180,3010,1524,1684,1364,0,0,0,0,0,0,26.48,25.18,24.39,8.54,60.71
$GC,15442,1.00,320.2,3180,3010,1683,1364,608.3,9.7,285,15458,0.05,2.17,7.50,0.939,11270,0.081,0.031,3251,1606,1496,1657,1335,0,0,0,0,0,0,25.93,25.98,24.31,8.54,60.35
$GC,15807,1.00,320.2,3251,1606,1657,1336,559.5,12.3,290,15813,0.10,2.17,0.00,0.000,4612,0.145,0.048,3227,240,1496,1657,1336,0,0,0,0,0,0,26.07,26.00,26.14,8.54,60.43
$GC,15871,1.00,320.2,3227,240,1657,1336,559.5,12.3,290,15876,0.00,2.05,0.00,0.000,1030,0.000,0.025,3227,1619,1496,1657,1335,0,0,0,0,0,0,26.25,26.18,26.27,8.54,60.12
$GC,16217,1.00,320.2,3227,1619,1657,1336,512.8,11.2,295,16222,0.00,2.10,0.00,0.000,260,0.000,0.036,3228,2989,1496,1657,1336,0,0,0,0,0,0,26.61,26.15,26.62,8.54,60.82
$GC,16274,1.00,320.2,3227,2990,1657,1336,512.8,11.2,295,16278,0.00,2.10,0.00,0.000,1030,0.000,0.031,3236,1599,1496,1657,1336,0,0,0,0,0,0,26.28,26.19,26.31,8.54,59.92
$GC,16622,1.00,320.2,3235,1599,1657,1336,465.7,11.4,300,16627,0.00,2.15,0.00,0.000,516,0.000,0.047,3246,240,1496,1657,1336,0,0,0,0,0,0,26.65,26.07,26.65,8.55,60.31
$GC,16674,1.00,320.2,3245,241,1657,1336,465.7,11.4,300,16679,0.00,2.03,0.00,0.000,1030,0.000,0.024,3247,1608,1497,1658,1336,0,0,0,0,0,0,26.34,26.27,26.36,8.54,60.78
$GC,17028,1.00,320.2,3245,1608,1657,1336,418.7,11.5,305,17033,0.00,2.12,0.00,0.000,260,0.000,0.037,3246,2992,1496,1657,1336,0,0,0,0,0,0,26.65,26.15,26.66,8.54,60.15
$GC,17085,1.00,320.2,3245,2992,1657,1336,418.7,11.5,305,17090,0.08,2.12,0.00,0.000,5126,0.145,0.031,3219,1605,1496,1657,1336,0,0,0,0,0,0,25.86,26.21,26.02,8.55,60.15
$GC,17434,1.00,320.2,3218,1605,1657,1336,372.0,11.1,310,17439,0.00,2.17,0.00,0.000,516,0.000,0.049,3219,239,1496,1657,1336,0,0,0,0,0,0,26.66,26.03,26.67,8.56,60.27
$GC,17491,1.00,320.2,3218,239,1657,1335,372.0,11.1,310,17495,0.00,2.05,0.00,0.000,1030,0.000,0.024,3218,1601,1496,1657,1336,0,0,0,0,0,0,26.29,26.27,26.32,8.56,59.60
$GC,17841,1.00,320.2,3218,1601,1657,1336,325.8,11.3,315,17846,0.00,2.12,0.00,0.000,260,0.000,0.037,3218,2987,1496,1657,1336,0,0,0,0,0,0,26.66,26.12,26.67,8.56,60.00
$GC,17929,1.00,320.2,3218,2988,1657,1336,315.3,11.5,316,17933,0.00,2.08,0.00,0.000,1030,0.000,0.030,3224,1602,1496,1657,1336,0,0,0,0,0,0,26.27,26.18,26.30,8.56,59.72
$GC,18247,1.00,320.2,3223,1602,1657,1336,279.5,11.2,320,18251,0.00,2.17,0.00,0.000,516,0.000,0.047,3234,235,1496,1657,1336,0,0,0,0,0,0,26.66,26.01,26.67,8.56,59.92
$GC,18313,1.00,320.2,3233,235,1657,1336,279.5,11.2,320,18318,0.00,2.05,0.00,0.000,1030,0.000,0.024,3233,1615,1496,1657,1336,0,0,0,0,0,0,26.32,26.25,26.34,8.56,60.15
$GC,18654,1.00,320.2,3233,1615,1657,1335,234.0,11.2,325,18658,0.00,2.10,0.00,0.000,260,0.000,0.037,3234,2988,1496,1657,1336,0,0,0,0,0,0,26.66,26.09,26.67,8.57,59.49
$GC,18705,1.00,320.2,3233,2987,1657,1335,234.0,11.2,325,18709,0.00,2.08,0.00,0.000,1030,0.000,0.029,3243,1604,1496,1657,1336,0,0,0,0,0,0,26.26,26.17,26.29,8.57,59.80
$GC,19019,1.00,320.2,3242,1603,1658,1336,192.5,11.1,331,19024,0.00,2.15,0.00,0.000,516,0.000,0.047,3253,242,1496,1657,1336,0,0,0,0,0,0,26.66,25.98,26.67,8.57,59.88
$GC,19071,1.00,320.2,3253,242,1657,1336,187.2,11.5,333,19077,0.10,2.03,0.00,0.000,5126,0.146,0.024,3222,1614,1496,1657,1336,0,0,0,0,0,0,25.94,26.23,26.05,8.58,59.76
$GC,19379,1.02,346.8,3221,1614,1657,1336,156.0,8.8,348,19410,0.00,2.20,23.15,0.809,8452,0.000,0.037,3222,2994,1389,1558,1220,0,0,0,0,0,0,26.66,25.51,24.47,8.59,59.25
$GC,19454,1.04,364.3,3221,2993,1558,1220,150.3,9.2,351,19480,0.00,2.10,16.00,0.776,9222,0.000,0.029,3229,1602,1316,1490,1142,0,0,0,0,0,0,25.98,25.90,24.39,8.58,58.97
$GC,19783,1.17,412.9,3228,1602,1490,1142,119.3,7.8,368,19841,0.08,2.25,45.40,0.790,10756,0.096,0.047,3314,247,1119,1278,960,0,0,0,0,0,0,26.23,25.20,24.30,8.61,60.19
$GC,19933,1.17,412.9,3313,248,1278,961,104.6,10.4,375,19938,0.12,2.05,0.00,0.000,5126,0.129,0.024,3273,1613,1119,1278,961,0,0,0,0,0,0,25.58,25.82,25.70,8.62,59.09
$GC,20250,1.21,456.2,3272,1613,1276,961,78.4,8.0,391,20300,0.00,2.25,44.05,0.736,8708,0.000,0.045,3276,240,941,1052,831,0,0,0,0,0,0,26.46,24.96,24.43,8.70,60.75
$GC,20402,1.31,483.7,3275,240,1050,831,66.2,8.7,397,20435,0.08,2.05,25.95,0.695,11270,0.092,0.024,3349,1613,830,919,742,0,0,0,0,0,0,25.80,25.86,24.42,8.72,59.05
$GC,20739,1.31,483.7,3348,1613,917,742,26.6,11.4,424,20744,0.00,2.20,0.00,0.000,516,0.000,0.044,3359,248,829,917,742,0,0,0,0,0,0,26.41,25.91,26.42,8.77,56.65
$GC,20840,1.31,483.7,3358,247,917,742,14.7,12.4,433,20848,0.10,2.03,0.00,0.000,5126,0.123,0.023,3326,1613,829,917,742,0,0,0,0,0,0,25.85,26.15,25.91,8.79,55.86
$STATE,20956,end climb,SURFACE_DEPTH_REACHED
$STATE,20956,begin surface coast
$FINISH,-0.7,1.022382
$STATE,20988,end surface coast,CONTROL_FINISHED_OK
$STATE,20988,begin surface
$SM_CCo,21008,47.10,0.052,0,0,498,565.66
$SM_GC,0.06,7.90,0.70,47.10,0.022,0.033,0.052,174,2097,498,-8.33,-2.18,565.66,0,0,0,0,0,0,26.22,26.19,25.98
$IRIDIUM_FIX,552.46,-14107.20,060225,213809
$TT8_MAMPS,0.026964,0.358771
$HUMID,53.22
$INTERNAL_PRESSURE,8.76138
$TCM_TEMP,21.70
$XPDR_PINGS,0
$ALTIM_TOP_PING,19.8,19.3
$24V_AH,23.11,48.169
$10V_AH,9.79,36.598
$FG_AHR_24Vo,0.000
$FG_AHR_10Vo,0.000
$DEVICES,Pitch_motor,Roll_motor,VBD_pump_during_apogee,VBD_pump_during_surface,VBD_valve,Iridium_during_init,Iridium_during_connect,Iridium_during_xfer,Transponder_ping,GUMSTIX_24V,GPS,TT8,LPSleep,TT8_Active,TT8_Sampling,TT8_CF8,TT8_Kalman,Analog_circuits,GPS_charging,Compass,RAFOS,Transponder,Compass2
$DEVICE_SECS,20.850,174.150,603.200,47.100,0.000,0.000,0.000,314.850,0.250,0.000,26.701,2142.255,15721.584,719.329,2519.260,408.675,0.000,2272.670,0.000,2040.142,0.000,2.766,0.000
$DEVICE_MAMPS,205.020,51.255,1344.105,52.020,0.000,0.000,0.000,88.740,420.000,0.000,30.710,15.210,2.190,15.210,43.670,53.410,0.000,14.000,0.000,8.240,0.000,30.000,0.000
$SENSORS,SBE_CT,WL_blue_red_Chl,AA4330,nil,nil,nil,nil,nil,nil,nil
$SENSOR_SECS,387.835,274.171,609.486,0.000,0.000,0.000,0.000,0.000,0.000,0.000
$SENSOR_MAMPS,22.470,105.000,11.230,0.000,0.000,0.000,0.000,0.000,0.000,0.000
$MEM,311980
$DATA_FILE_SIZE,34756,448
$CAP_FILE_SIZE,175868,0
$CFSIZE,2097872896,2054389760
$ERRORS,0,0,0,0,0,0,0,0,0,0,0,0,0,0,1,0
$CURRENT,0.085,60.34,1
$GPS,240605,105557,555.530,-14108.206,32,0.9,53,9.2,0.8,283.6,9,4.8
