version: 66.14
glider: 195
mission: 21
dive: 355
start: 7 7 105 16 49 34
data:
$ID,195
$MISSION,21
$DIVE,355
$N_DIVES,0
$STOP_T,0
$D_SURF,3
$D_FLARE,2
$D_TGT,990
$D_ABORT,1090
$D_NO_BLEED,50
$D_BOOST,3
$T_BOOST,0
$D_FINISH,0
$D_PITCH,0
$D_SAFE,0
$D_CALL,0
$SURFACE_URGENCY,0
$SURFACE_URGENCY_TRY,0
$SURFACE_URGENCY_FORCE,0
$T_DIVE,330
$T_MISSION,600
$T_ABORT,1440
$T_TURN,300
$T_TURN_SAMPINT,5
$T_NO_W,120
$T_LOITER,0
$T_SLOITER,60
$T_EPIRB,0
$USE_BATHY,0
$USE_ICE,0
$ICE_FREEZE_MARGIN,0.30000001
$D_OFFGRID,990
$T_WATCHDOG,10
$RELAUNCH,1
$APOGEE_PITCH,-8
$MAX_BUOY,150
$COURSE_BIAS,0
$GLIDE_SLOPE,30
$SPEED_FACTOR,1
$RHO,1.023
$MASS,54002
$MASS_COMP,0
$NAV_MODE,2
$FERRY_MAX,45
$KALMAN_USE,2
$HD_A,0.0038000001
$HD_B,0.0099999998
$HD_C,9.8500004e-06
$HEADING,0
$ESCAPE_HEADING,0
$ESCAPE_HEADING_DELTA,10
$FIX_MISSING_TIMEOUT,0
$TGT_DEFAULT_LAT,4736
$TGT_DEFAULT_LON,-12225
$TGT_AUTO_DEFAULT,0
$SM_CC,250
$N_FILEKB,4
$FILEMGR,0
$CALL_NDIVES,1
$COMM_SEQ,0
$PROTOCOL,9
$N_NOCOMM,1
$NOCOMM_ACTION,0
$N_NOSURFACE,0
$UPLOAD_DIVES_MAX,-1
$CALL_TRIES,5
$CALL_WAIT,60
$CAPUPLOAD,0
$CAPMAXSIZE,200000
$HEAPDBG,0
$T_GPS,15
$N_GPS,50840
$T_RSLEEP,2
$STROBE,0
$RAFOS_PEAK_OFFSET,1.5
$RAFOS_CORR_THRESH,60
$RAFOS_HIT_WINDOW,3600
$RAFOS_MMODEM,0
$PITCH_MIN,207
$PITCH_MAX,3915
$C_PITCH,2900
$PITCH_DBAND,0.1
$PITCH_CNV,0.003125763
$P_OVSHOOT,0.039999999
$P_OVSHOOT_WITHG,0.079999998
$PITCH_GAIN,24
$PITCH_TIMEOUT,17
$PITCH_AD_RATE,160
$PITCH_MAXERRORS,1
$PITCH_ADJ_GAIN,0.02
$PITCH_ADJ_DBAND,2.5
$ROLL_MIN,224
$ROLL_MAX,3758
$ROLL_DEG,40
$C_ROLL_DIVE,2066
$C_ROLL_CLIMB,1736
$HEAD_ERRBAND,10
$ROLL_CNV,0.028270001
$ROLL_TIMEOUT,15
$R_PORT_OVSHOOT,49
$R_STBD_OVSHOOT,52
$ROLL_AD_RATE,350
$ROLL_MAXERRORS,2
$ROLL_ADJ_GAIN,0
$ROLL_ADJ_DBAND,0
$VBD_MIN,500
$VBD_MAX,3960
$C_VBD,2806
$VBD_DBAND,2
$VBD_CNV,-0.24529999
$VBD_LP_IGNORE,0
$VBD_TIMEOUT,720
$PITCH_VBD_SHIFT,0.001
$VBD_PUMP_AD_RATE_SURFACE,5
$VBD_PUMP_AD_RATE_APOGEE,4
$VBD_BLEED_AD_RATE,8
$UNCOM_BLEED,60
$VBD_MAXERRORS,1
$W_ADJ_DBAND,0
$DBDW,0
$PITCH_W_GAIN,0
$PITCH_W_DBAND,0
$CF8_MAXERRORS,5
$AH0_24V,150
$AH0_10V,97
$MINV_24V,19
$MINV_10V,8
$MAXI_24V,0.80000001
$MAXI_10V,0.60000002
$FG_AHR_10V,0
$FG_AHR_24V,0
$PHONE_SUPPLY,-2
$PRESSURE_YINT,-49.397121
$PRESSURE_SLOPE,0.0001168043
$AD7714Ch0Gain,128
$TCM_PITCH_OFFSET,0
$TCM_ROLL_OFFSET,0
$COMPASS_USE,4
$ALTIM_BOTTOM_PING_RANGE,0
$ALTIM_TOP_PING_RANGE,20
$ALTIM_BOTTOM_TURN_MARGIN,0
$ALTIM_TOP_TURN_MARGIN,0
$ALTIM_TOP_MIN_OBSTACLE,1
$ALTIM_PING_DEPTH,0
$ALTIM_PING_DELTA,0
$ALTIM_FREQUENCY,13
$ALTIM_PULSE,3
$ALTIM_SENSITIVITY,3
$XPDR_VALID,5
$XPDR_INHIBIT,90
$INT_PRESSURE_SLOPE,0.0097660003
$INT_PRESSURE_YINT,-0.77999997
$DEEPGLIDER,0
$MOTHERBOARD,4
$DEVICE1,2
$DEVICE2,115
$DEVICE3,101
$DEVICE4,-1
$DEVICE5,-1
$DEVICE6,-1
$LOGGERS,0
$LOGGERDEVICE1,-1
$LOGGERDEVICE2,-1
$LOGGERDEVICE3,-1
$LOGGERDEVICE4,-1
$COMPASS_DEVICE,33
$COMPASS2_DEVICE,-1
$PHONE_DEVICE,49
$GPS_DEVICE,32
$RAFOS_DEVICE,-1
$XPDR_DEVICE,24
$SIM_W,0
$SIM_PITCH,0
$SEABIRD_T_G,0.0044178674
$SEABIRD_T_H,0.00064818078
$SEABIRD_T_I,2.6779007e-05
$SEABIRD_T_J,3.3667231e-06
$SEABIRD_C_G,-10.098215
$SEABIRD_C_H,1.1454017
$SEABIRD_C_I,-0.0021276253
$SEABIRD_C_J,0.00025532115
$SEABIRD_C_Z,2974.52
$GPS1,070705,164200,620.5383,-14051.6025,34,1.1,55,9.2,0.5,139.4,9,4.8
$_CALLS,1
$_XMS_NAKs,0
$_XMS_TOUTs,0
$_SM_DEPTHo,0.06
$_SM_ANGLEo,-59.5
$GPS2,070705,164854,620.5276,-14051.6045,6,1.0,31,9.2,0.4,71.3,10,4.8
$SPEED_LIMITS,0.173,0.262
$TGT_NAME,HEADING
$TGT_LATLONG,631.327,-14051.604
$TGT_RADIUS,1852.000
$KALMAN_CONTROL,0.000000,0.000000
$KALMAN_X,0.000000,0.000000,0.000000,0.000000,0.000000
$KALMAN_Y,0.000000,0.000000,0.000000,0.000000,0.000000
$MHEAD_RNG_PITCHd_Wd,321.5,20000,-18.1,-10.000,-20.93,2235
$D_GRID,990
$GCHEAD,st_secs,pitch_ctl,vbd_ctl,pitch_ad_start,roll_ad_start,vbd_pot1_ad_start,vbd_pot2_ad_start,depth,ob_vertv,data_pts,end_secs,pitch_secs,roll_secs,vbd_secs,vbd_i,gcphase,pitch_i,roll_i,pitch_ad,roll_ad,vbd_ad,vbd_pot1_ad,vbd_pot2_ad,pitch_retries,pitch_errors,roll_retries,roll_errors,vbd_retries,vbd_errors,pitch_volts,roll_volts,vbd_volts,int_press,humidity
$STATE,6,end surface,CONTROL_FINISHED_OK
$STATE,6,begin dive
$GC,74,-0.90,-146.6,152,2055,888,745,-0.1,0.1,6,154,0.00,0.00,-77.88,0.000,16386,0.000,0.000,152,2056,2841,2851,2832,0,0,0,0,0,0,26.40,28.83,26.41,8.83,51.29
$GC,159,-0.90,-146.6,151,2056,2854,2832,2.5,-5.1,14,188,9.43,2.17,-12.10,0.000,18692,0.203,0.049,2593,3459,3405,3422,3388,0,0,0,0,0,0,25.05,25.41,25.25,9.03,51.37
$GC,256,-0.79,-146.6,2593,3460,3427,3388,20.9,-18.7,23,267,0.17,2.05,0.00,0.000,3078,0.141,0.020,2646,2035,3408,3428,3388,0,0,0,0,0,0,25.63,26.11,25.79,9.09,50.31
$GC,446,-0.79,-146.6,2645,2035,3430,3388,48.9,-12.9,42,451,0.00,2.05,0.00,0.000,516,0.000,0.032,2646,697,3409,3430,3388,0,0,0,0,0,0,26.53,26.04,26.54,9.11,51.10
$GC,623,-0.79,-146.6,2645,697,3431,3388,70.4,-12.0,51,631,0.00,2.00,0.00,0.000,1030,0.000,0.023,2639,2078,3409,3431,3388,0,0,0,0,0,0,26.25,26.19,26.27,9.12,50.90
$GC,810,-0.79,-146.6,2638,2078,3432,3388,92.1,-10.9,61,815,0.00,2.08,0.00,0.000,516,0.000,0.031,2639,692,3410,3432,3388,0,0,0,0,0,0,26.60,26.11,26.61,9.13,51.41
$GC,882,-0.79,-146.6,2638,692,3432,3388,98.6,-10.4,64,887,0.00,2.03,0.00,0.000,1030,0.000,0.023,2630,2068,3410,3432,3388,0,0,0,0,0,0,26.25,26.22,26.27,9.13,50.66
$GC,1079,-0.79,-146.6,2629,2068,3435,3388,115.1,-8.2,74,1080,0.00,0.00,0.00,0.000,6,0.000,0.000,2630,2068,3411,3435,3388,0,0,0,0,0,0,26.62,26.63,26.63,9.14,50.66
$GC,1256,-0.79,-146.6,2630,2068,3438,3388,127.6,-6.6,83,1261,0.00,2.15,0.00,0.000,260,0.000,0.037,2620,3454,3413,3438,3388,0,0,0,0,0,0,26.63,26.09,26.64,9.12,50.98
$GC,1390,-0.79,-146.6,2619,3454,3439,3388,135.9,-6.5,89,1396,0.00,2.00,0.00,0.000,1030,0.000,0.018,2620,2062,3413,3439,3388,0,0,0,0,0,0,26.34,26.32,26.34,9.10,50.19
$GC,1587,-0.79,-146.6,2619,2062,3441,3388,148.1,-6.0,99,1591,0.00,2.03,0.00,0.000,516,0.000,0.031,2619,698,3414,3441,3388,0,0,0,0,0,0,26.64,26.15,26.65,9.08,50.43
$GC,1624,-0.79,-146.6,2619,698,3442,3388,149.4,-5.8,100,1632,0.10,1.98,0.00,0.000,3078,0.146,0.023,2642,2072,3415,3442,3388,0,0,0,0,0,0,25.96,26.25,26.08,9.08,50.43
$GC,1811,-0.87,-146.6,2640,2072,3443,3388,161.8,-6.5,110,1816,0.00,2.10,0.00,0.000,260,0.000,0.037,2634,3453,3415,3443,3388,0,0,0,0,0,0,26.64,26.10,26.65,9.06,49.92
$GC,1879,-0.94,-146.6,2634,3454,3443,3388,165.7,-6.0,113,1884,0.05,2.00,0.00,0.000,5126,0.075,0.018,2557,2058,3415,3443,3388,0,0,0,0,0,0,26.19,26.33,26.22,9.05,50.19
$GC,2081,-0.94,-146.6,2556,2058,3443,3388,179.8,-6.5,123,2085,0.12,2.03,0.00,0.000,2564,0.142,0.031,2594,696,3415,3443,3388,0,0,0,0,0,0,26.09,26.15,26.17,9.03,50.35
$GC,2281,-0.94,-146.6,2594,693,3443,3388,190.3,-5.8,132,2289,0.00,1.98,0.00,0.000,1030,0.000,0.023,2587,2067,3415,3443,3388,0,0,0,0,0,0,26.32,26.26,26.34,9.02,51.10
$GC,2469,-0.94,-146.6,2587,2067,3443,3388,202.8,-6.5,141,2473,0.00,2.12,0.00,0.000,260,0.000,0.038,2577,3462,3415,3443,3388,0,0,0,0,0,0,26.65,26.10,26.65,9.00,51.92
$GC,2491,-0.94,-146.6,2576,3462,3444,3388,202.8,-6.5,141,2495,0.00,1.98,0.00,0.000,1030,0.000,0.018,2577,2061,3415,3443,3388,0,0,0,0,0,0,26.36,26.32,26.38,9.00,51.26
$GC,2716,-0.94,-146.6,2576,2061,3443,3388,220.4,-7.2,147,2720,0.00,2.05,0.00,0.000,516,0.000,0.031,2576,688,3415,3443,3388,0,0,0,0,0,0,26.65,26.14,26.65,8.98,52.04
$GC,2842,-0.94,-146.6,2576,688,3443,3388,230.6,-7.9,150,2846,0.00,2.03,0.00,0.000,1030,0.000,0.024,2567,2062,3415,3443,3388,0,0,0,0,0,0,26.28,26.25,26.31,8.97,52.83
$GC,3046,-0.94,-146.6,2567,2062,3443,3388,248.4,-8.7,155,3051,0.10,2.12,0.00,0.000,2308,0.151,0.038,2590,3458,3415,3443,3388,0,0,0,0,0,0,26.17,26.10,26.24,8.96,52.59
$GC,3079,-0.94,-146.6,2589,3459,3443,3388,248.4,-8.7,155,3083,0.00,1.98,0.00,0.000,1030,0.000,0.019,2590,2067,3415,3443,3388,0,0,0,0,0,0,26.36,26.32,26.38,8.96,53.30
$GC,3293,-0.94,-146.6,2589,2067,3443,3388,269.0,-8.2,161,3297,0.00,2.05,0.00,0.000,516,0.000,0.031,2589,698,3415,3443,3388,0,0,0,0,0,0,26.65,26.13,26.65,8.94,53.26
$GC,3429,-0.94,-146.6,2589,698,3443,3388,278.5,-7.8,164,3433,0.00,2.00,0.00,0.000,1030,0.000,0.024,2581,2075,3415,3442,3388,0,0,0,0,0,0,26.31,26.24,26.33,8.94,53.34
$GC,3622,-0.94,-146.6,2580,2075,3441,3388,293.6,-7.4,169,3627,0.00,2.15,0.00,0.000,260,0.000,0.039,2571,3456,3414,3441,3388,0,0,0,0,0,0,26.65,26.10,26.65,8.93,53.89
$GC,3735,-0.94,-146.6,2570,3456,3440,3388,300.0,-7.5,171,3739,0.00,1.98,0.00,0.000,1030,0.000,0.020,2570,2070,3414,3440,3388,0,0,0,0,0,0,26.36,26.31,26.37,8.93,54.25
$GC,3948,-0.94,-146.6,2570,2071,3439,3388,318.0,-7.4,177,3954,0.00,2.10,0.00,0.000,516,0.000,0.032,2571,700,3413,3439,3388,0,0,0,0,0,0,26.65,26.13,26.65,8.91,53.97
$GC,4078,-0.94,-146.6,2570,699,3438,3388,327.7,-7.5,180,4086,0.12,2.00,0.00,0.000,3078,0.141,0.024,2600,2071,3412,3437,3388,0,0,0,0,0,0,25.90,26.23,26.03,8.91,54.64
$GC,4276,-1.01,-146.6,2600,2071,3436,3385,341.8,-7.0,185,4277,0.00,0.00,0.00,0.000,6,0.000,0.000,2600,2071,3410,3436,3385,0,0,0,0,0,0,26.65,26.66,26.65,8.90,54.92
$GC,4476,-1.07,-146.6,2600,2071,3436,3384,355.7,-6.9,190,4481,0.10,2.12,0.00,0.000,4612,0.076,0.033,2511,693,3410,3436,3384,0,0,0,0,0,0,26.43,26.12,26.45,8.90,55.31
$GC,4667,-1.07,-146.6,2510,694,3434,3384,370.6,-8.9,194,4674,0.17,2.00,0.00,0.000,3078,0.140,0.024,2555,2065,3408,3433,3384,0,0,0,0,0,0,25.77,26.22,25.94,8.89,55.19
$GC,4884,-1.07,-146.6,2554,2065,3434,3382,389.4,-7.5,200,4886,0.00,0.00,0.00,0.000,6,0.000,0.000,2555,2065,3407,3433,3382,0,0,0,0,0,0,26.65,26.66,26.66,8.88,55.67
$GC,5086,-1.07,-146.6,2554,2065,3432,3381,404.1,-7.3,205,5090,0.00,2.08,0.00,0.000,516,0.000,0.032,2555,695,3406,3432,3381,0,0,0,0,0,0,26.65,26.11,26.66,8.88,55.98
$GC,5229,-1.07,-146.6,2554,695,3432,3381,414.0,-7.7,208,5233,0.00,2.03,0.00,0.000,1030,0.000,0.025,2548,2077,3406,3432,3381,0,0,0,0,0,0,26.29,26.22,26.32,8.87,55.86
$GC,5455,-1.07,-146.6,2548,2076,3431,3379,433.1,-7.8,214,5460,0.00,2.10,0.00,0.000,516,0.000,0.033,2548,693,3405,3431,3380,0,0,0,0,0,0,26.65,26.10,26.66,8.87,55.90
$GC,5517,-1.07,-146.6,2548,693,3431,3379,437.0,-7.9,215,5522,0.00,2.03,0.00,0.000,1030,0.000,0.025,2539,2069,3405,3431,3380,0,0,0,0,0,0,26.29,26.21,26.31,8.87,56.14
$GC,5742,-1.07,-146.6,2539,2069,3431,3378,456.4,-8.0,221,5746,0.00,2.10,0.00,0.000,516,0.000,0.033,2539,687,3404,3430,3378,0,0,0,0,0,0,26.65,26.10,26.65,8.86,56.97
$GC,5804,-1.07,-146.6,2538,687,3430,3378,460.0,-8.0,222,5808,0.00,2.03,0.00,0.000,1030,0.000,0.025,2529,2068,3403,3430,3377,0,0,0,0,0,0,26.28,26.21,26.31,8.86,55.90
$GC,6028,-1.07,-146.6,2529,2068,3429,3377,479.1,-7.8,228,6031,0.00,2.15,0.00,0.000,260,0.000,0.040,2519,3458,3403,3429,3377,0,0,0,0,0,0,26.65,26.06,26.66,8.85,57.04
$GC,6105,-1.07,-146.6,2519,3459,3427,3376,482.6,-7.8,229,6113,0.12,2.03,0.00,0.000,3078,0.146,0.021,2557,2053,3401,3427,3376,0,0,0,0,0,0,25.87,26.28,26.00,8.85,56.77
$GC,6311,-1.07,-146.6,2556,2053,3427,3376,500.1,-7.1,235,6315,0.00,2.08,0.00,0.000,516,0.000,0.034,2557,687,3401,3427,3376,0,0,0,0,0,0,26.65,26.08,26.65,8.84,56.34
$GC,6477,-1.07,-146.6,2556,686,3426,3375,512.5,-7.5,239,6483,0.00,2.05,0.00,0.000,1030,0.000,0.026,2550,2074,3400,3426,3375,0,0,0,0,0,0,26.27,26.20,26.30,8.84,57.04
$GC,6677,-1.07,-146.6,2549,2073,3424,3374,526.5,-7.0,244,6681,0.00,2.15,0.00,0.000,260,0.000,0.040,2539,3462,3399,3425,3374,0,0,0,0,0,0,26.65,26.04,26.66,8.84,57.04
$GC,6694,-1.07,-146.6,2539,3462,3424,3374,526.5,-7.0,244,6698,0.00,2.03,0.00,0.000,1030,0.000,0.021,2540,2065,3399,3424,3374,0,0,0,0,0,0,26.33,26.27,26.34,8.84,56.73
$GC,6882,-1.07,-146.6,2539,2065,3424,3373,541.1,-7.0,249,6886,0.00,2.08,0.00,0.000,516,0.000,0.034,2539,692,3398,3424,3373,0,0,0,0,0,0,26.65,26.07,26.66,8.83,57.75
$GC,7011,-1.07,-146.6,2539,692,3423,3373,550.4,-7.5,252,7016,0.00,2.03,0.00,0.000,1030,0.000,0.026,2530,2065,3398,3423,3373,0,0,0,0,0,0,26.27,26.20,26.29,8.83,56.69
$GC,7212,-1.07,-146.6,2529,2065,3422,3372,565.2,-7.3,257,7216,0.00,2.17,0.00,0.000,260,0.000,0.041,2520,3467,3397,3422,3372,0,0,0,0,0,0,26.65,26.03,26.65,8.83,57.44
$GC,7298,-1.07,-146.6,2519,3468,3421,3371,571.9,-7.5,259,7304,0.10,2.05,0.00,0.000,3078,0.155,0.022,2550,2052,3396,3421,3371,0,0,0,0,0,0,25.91,26.26,26.02,8.82,57.20
$GC,7500,-1.07,-146.6,2549,2052,3421,3371,586.1,-7.0,264,7504,0.00,2.08,0.00,0.000,516,0.000,0.034,2550,689,3396,3421,3371,0,0,0,0,0,0,26.65,26.06,26.65,8.82,57.20
$GC,7654,-1.07,-146.6,2549,689,3421,3370,595.6,-7.4,267,7658,0.00,2.03,0.00,0.000,1030,0.000,0.026,2542,2066,3395,3421,3370,0,0,0,0,0,0,26.26,26.18,26.29,8.82,57.28
$GC,7868,-1.07,-146.6,2542,2066,3420,3368,613.4,-7.3,273,7873,0.00,2.17,0.00,0.000,260,0.000,0.041,2532,3468,3394,3420,3368,0,0,0,0,0,0,26.65,26.01,26.65,8.81,57.71
$GC,7896,-1.07,-146.6,2531,3468,3420,3368,613.4,-7.3,273,7900,0.00,2.08,0.00,0.000,1030,0.000,0.022,2532,2064,3394,3420,3368,0,0,0,0,0,0,26.28,26.26,26.30,8.81,57.28
$GC,8116,-1.07,-146.6,2532,2064,3420,3367,632.3,-7.8,279,8120,0.00,2.10,0.00,0.000,516,0.000,0.034,2532,690,3393,3419,3367,0,0,0,0,0,0,26.65,26.05,26.65,8.81,57.99
$GC,8281,-1.07,-146.6,2532,690,3419,3367,646.4,-8.5,283,8288,0.10,2.05,0.00,0.000,3078,0.153,0.027,2553,2071,3393,3419,3367,0,0,0,0,0,0,25.87,26.17,25.98,8.80,57.36
$GC,8483,-1.07,-146.6,2552,2071,3419,3366,662.5,-8.0,288,8487,0.00,2.15,0.00,0.000,260,0.000,0.041,2545,3460,3392,3419,3366,0,0,0,0,0,0,26.65,26.01,26.65,8.80,57.91
$GC,8569,-1.07,-146.6,2545,3460,3418,3365,669.6,-8.2,290,8573,0.00,2.03,0.00,0.000,1030,0.000,0.022,2545,2066,3391,3418,3365,0,0,0,0,0,0,26.31,26.25,26.33,8.80,58.19
$GC,8775,-1.07,-146.6,2545,2065,3418,3365,686.7,-8.4,295,8779,0.00,2.10,0.00,0.000,516,0.000,0.035,2545,689,3391,3418,3365,0,0,0,0,0,0,26.65,26.03,26.65,8.79,58.42
$GC,8932,-1.07,-146.6,2545,689,3418,3365,697.9,-8.8,298,8940,0.00,2.03,0.00,0.000,1030,0.000,0.027,2537,2065,3391,3417,3365,0,0,0,0,0,0,26.25,26.16,26.27,8.79,57.91
$GC,9141,-1.07,-146.6,2536,2065,3417,3364,718.3,-8.4,304,9145,0.00,2.12,0.00,0.000,516,0.000,0.035,2537,679,3390,3417,3364,0,0,0,0,0,0,26.65,26.03,26.66,8.78,58.30
$GC,9198,-1.07,-146.6,2536,679,3417,3364,722.3,-8.4,305,9202,0.00,2.05,0.00,0.000,1030,0.000,0.027,2527,2063,3390,3417,3364,0,0,0,0,0,0,26.24,26.16,26.27,8.78,58.62
$GC,9387,-1.07,-146.6,2527,2063,3416,3363,738.7,-8.1,310,9391,0.00,2.17,0.00,0.000,260,0.000,0.041,2517,3460,3389,3416,3363,0,0,0,0,0,0,26.65,25.98,26.66,8.78,58.89
$GC,9438,-1.07,-146.6,2517,3462,3416,3363,742.2,-8.0,311,9444,0.12,2.05,0.00,0.000,3078,0.145,0.022,2555,2054,3389,3415,3363,0,0,0,0,0,0,25.82,26.23,25.94,8.77,58.30
$GC,9634,-1.07,-146.6,2554,2054,3415,3363,756.7,-6.9,316,9638,0.00,2.10,0.00,0.000,516,0.000,0.036,2555,683,3389,3415,3363,0,0,0,0,0,0,26.65,26.01,26.65,8.78,58.74
$GC,9778,-1.07,-146.6,2554,683,3415,3363,765.5,-7.1,319,9782,0.00,2.08,0.00,0.000,1030,0.000,0.028,2548,2074,3389,3415,3363,0,0,0,0,0,0,26.22,26.15,26.26,8.77,58.38
$GC,10003,-1.07,-146.6,2548,2074,3414,3361,781.4,-6.6,325,10007,0.00,2.17,0.00,0.000,260,0.000,0.041,2538,3468,3387,3414,3361,0,0,0,0,0,0,26.64,25.96,26.65,8.77,58.89
$GC,10035,-1.07,-146.6,2537,3469,3414,3361,781.4,-6.6,325,10040,0.00,2.10,0.00,0.000,1030,0.000,0.023,2538,2063,3387,3414,3361,0,0,0,0,0,0,26.25,26.22,26.27,8.77,58.78
$GC,10249,-1.07,-146.6,2537,2063,3414,3360,797.5,-6.4,331,10254,0.00,2.12,0.00,0.000,516,0.000,0.036,2538,678,3387,3414,3360,0,0,0,0,0,0,26.65,25.99,26.65,8.77,59.13
$GC,10402,-1.07,-146.6,2537,677,3414,3360,806.1,-6.8,334,10406,0.00,2.08,0.00,0.000,1030,0.000,0.028,2528,2071,3387,3414,3360,0,0,0,0,0,0,26.22,26.14,26.25,8.76,58.62
$GC,10616,-1.07,-146.6,2528,2071,3413,3359,822.5,-6.7,340,10620,0.00,2.17,0.00,0.000,260,0.000,0.042,2518,3460,3385,3413,3358,0,0,0,0,0,0,26.65,25.96,26.65,8.75,58.93
$GC,10672,-1.07,-146.6,2517,3461,3412,3358,825.6,-6.8,341,10678,0.12,2.05,0.00,0.000,3078,0.145,0.023,2556,2064,3385,3412,3359,0,0,0,0,0,0,25.81,26.22,25.92,8.75,58.78
$GC,10863,-1.07,-146.6,2555,2064,3412,3359,838.7,-6.3,346,10868,0.00,2.12,0.00,0.000,516,0.000,0.036,2556,681,3385,3412,3358,0,0,0,0,0,0,26.65,25.98,26.65,8.75,59.13
$GC,11031,-1.07,-146.6,2555,682,3412,3358,849.8,-6.7,350,11035,0.00,2.08,0.00,0.000,1030,0.000,0.028,2549,2070,3385,3412,3359,0,0,0,0,0,0,26.21,26.13,26.24,8.75,59.49
$GC,11230,-1.07,-146.6,2549,2070,3412,3357,863.3,-6.8,355,11232,0.00,0.00,0.00,0.000,6,0.000,0.000,2549,2070,3384,3412,3357,0,0,0,0,0,0,26.65,26.66,26.65,8.75,58.86
$GC,11430,-1.07,-146.6,2548,2070,3412,3357,877.1,-6.9,360,11434,0.00,2.15,0.00,0.000,516,0.000,0.037,2549,696,3384,3412,3356,0,0,0,0,0,0,26.65,25.97,26.65,8.74,59.45
$GC,11564,-1.07,-146.6,2548,696,3411,3356,886.4,-7.3,363,11570,0.00,2.08,0.00,0.000,1030,0.000,0.028,2541,2062,3383,3411,3356,0,0,0,0,0,0,26.15,26.12,26.18,8.75,59.37
$GC,11759,-1.07,-146.6,2540,2062,3410,3356,901.2,-7.2,368,11763,0.00,2.20,0.00,0.000,260,0.000,0.042,2530,3466,3383,3410,3356,0,0,0,0,0,0,26.65,25.92,26.65,8.73,59.41
$GC,11796,-1.07,-146.6,2529,3466,3410,3355,901.2,-7.2,368,11804,0.00,2.05,0.00,0.000,1030,0.000,0.024,2530,2066,3382,3410,3355,0,0,0,0,0,0,26.26,26.20,26.28,8.74,59.52
$GC,12005,-1.07,-146.6,2530,2065,3410,3355,919.5,-7.5,374,12009,0.00,2.12,0.00,0.000,516,0.000,0.037,2530,678,3382,3410,3355,0,0,0,0,0,0,26.65,25.95,26.65,8.74,59.41
$GC,12117,-1.07,-146.6,2530,678,3410,3355,926.0,-7.5,376,12127,0.10,2.08,0.00,0.000,3078,0.149,0.028,2551,2070,3382,3409,3355,0,0,0,0,0,0,25.81,26.10,25.92,8.74,59.76
$GC,12330,-1.07,-146.6,2550,2070,3409,3354,942.8,-6.9,382,12335,0.00,2.17,0.00,0.000,260,0.000,0.043,2543,3462,3381,3409,3354,0,0,0,0,0,0,26.65,25.90,26.65,8.74,59.72
$GC,12353,-1.07,-146.6,2542,3461,3409,3353,942.8,-6.9,382,12358,0.00,2.05,0.00,0.000,1030,0.000,0.024,2543,2066,3381,3409,3353,0,0,0,0,0,0,26.25,26.18,26.27,8.73,59.76
$GC,12578,-1.07,-146.6,2542,2066,3409,3353,960.5,-7.0,388,12582,0.00,2.12,0.00,0.000,516,0.000,0.037,2543,684,3381,3408,3354,0,0,0,0,0,0,26.65,25.93,26.65,8.73,60.23
$GC,12762,-1.07,-146.6,2542,684,3409,3353,972.9,-7.5,392,12766,0.00,2.08,0.00,0.000,1030,0.000,0.028,2533,2074,3381,3409,3353,0,0,0,0,0,0,26.17,26.09,26.20,8.72,59.41
$STATE,12984,end dive,TARGET_DEPTH_EXCEEDED
$STATE,12984,begin apogee
$GC,12992,-0.33,0.0,2533,1733,3408,3352,990.8,-7.4,398,13131,0.77,0.00,135.60,1.362,10246,0.106,0.000,2789,1732,2805,2901,2709,0,0,0,0,0,0,25.39,24.24,22.96,8.72,60.04
$STATE,13132,end apogee,CONTROL_FINISHED_OK
$STATE,13132,begin climb
$GC,13135,0.90,146.6,2789,1732,2899,2708,994.8,0.0,401,13289,1.12,2.38,141.93,1.304,10756,0.060,0.044,3199,361,2206,2292,2120,0,0,0,0,0,0,24.70,24.07,22.84,8.68,58.82
$GC,13309,0.73,191.9,3198,361,2290,2120,982.0,7.9,406,13362,0.20,2.17,45.75,1.256,13318,0.124,0.024,3139,1750,2022,2129,1915,0,0,0,0,0,0,24.75,24.98,23.11,8.62,57.52
$GC,13547,0.84,217.3,3138,1750,2125,1910,961.1,8.8,412,13577,0.00,2.33,24.65,1.244,8964,0.000,0.045,3147,354,1917,2039,1795,0,0,0,0,0,0,26.19,25.01,23.74,8.61,57.79
$GC,13677,0.95,238.6,3146,354,2039,1795,950.1,9.0,415,13709,0.10,2.10,22.23,1.237,11270,0.074,0.024,3225,1752,1829,1962,1697,0,0,0,0,0,0,25.81,25.84,23.75,8.60,58.50
$GC,13911,0.95,238.6,3224,1752,1961,1696,923.2,11.2,421,13915,0.00,2.12,0.00,0.000,260,0.000,0.038,3225,3124,1829,1961,1697,0,0,0,0,0,0,26.29,25.91,26.31,8.58,58.74
$GC,13967,0.95,238.6,3224,3124,1960,1695,917.6,11.5,422,13972,0.00,2.08,0.00,0.000,1030,0.000,0.028,3233,1748,1827,1960,1695,0,0,0,0,0,0,26.08,25.99,26.10,8.58,58.89
$GC,14157,0.95,238.6,3233,1748,1960,1694,893.6,11.7,427,14161,0.00,2.22,0.00,0.000,516,0.000,0.045,3243,338,1827,1960,1694,0,0,0,0,0,0,26.48,25.99,26.48,8.58,59.88
$GC,14248,0.95,238.6,3243,338,1960,1695,883.2,12.0,429,14253,0.12,2.08,0.00,0.000,5126,0.141,0.025,3205,1740,1827,1960,1694,0,0,0,0,0,0,25.86,26.17,26.01,8.58,59.64
$GC,14438,0.95,238.6,3204,1740,1959,1693,862.5,10.2,434,14443,0.00,2.15,0.00,0.000,260,0.000,0.039,3204,3115,1826,1959,1693,0,0,0,0,0,0,26.56,26.10,26.57,8.57,60.19
$GC,14482,0.95,238.6,3204,3115,1959,1693,857.6,10.3,435,14487,0.00,2.10,0.00,0.000,1030,0.000,0.029,3210,1736,1826,1959,1693,0,0,0,0,0,0,26.20,26.17,26.23,8.57,60.12
$GC,14686,0.95,238.6,3209,1736,1959,1693,836.1,10.4,440,14692,0.00,2.22,0.00,0.000,516,0.000,0.046,3220,331,1826,1959,1693,0,0,0,0,0,0,26.60,26.04,26.60,8.56,60.19
$GC,14749,0.95,238.6,3219,330,1959,1693,831.4,10.4,441,14754,0.00,2.10,0.00,0.000,1030,0.000,0.025,3220,1743,1826,1959,1693,0,0,0,0,0,0,26.29,26.22,26.32,8.57,60.15
$GC,14973,0.95,238.6,3219,1744,1958,1693,805.0,10.8,447,14977,0.00,2.15,0.00,0.000,260,0.000,0.038,3220,3131,1825,1958,1693,0,0,0,0,0,0,26.62,26.12,26.63,8.56,60.12
$GC,15017,0.95,238.6,3219,3132,1958,1693,799.8,11.1,448,15021,0.00,2.10,0.00,0.000,1030,0.000,0.029,3228,1731,1825,1958,1692,0,0,0,0,0,0,26.27,26.18,26.30,8.56,60.08
$GC,15221,0.95,238.6,3227,1731,1958,1693,776.9,11.1,453,15225,0.00,2.20,0.00,0.000,516,0.000,0.046,3237,343,1825,1958,1693,0,0,0,0,0,0,26.62,26.04,26.63,8.56,60.67
$GC,15292,0.95,238.6,3237,342,1958,1693,772.0,11.1,454,15297,0.10,2.08,0.00,0.000,5126,0.151,0.026,3207,1735,1825,1958,1693,0,0,0,0,0,0,25.93,26.22,26.08,8.56,60.71
$GC,15502,0.95,238.6,3206,1736,1957,1693,746.6,10.5,459,15506,0.00,2.15,0.00,0.000,260,0.000,0.038,3206,3125,1825,1957,1693,0,0,0,0,0,0,26.63,26.10,26.63,8.56,61.02
$GC,15609,0.95,238.6,3206,3125,1957,1693,737.0,10.9,461,15613,0.00,2.08,0.00,0.000,1030,0.000,0.029,3210,1736,1825,1957,1693,0,0,0,0,0,0,26.26,26.17,26.29,8.56,60.82
$GC,15828,0.95,238.6,3209,1736,1956,1693,711.2,10.5,467,15832,0.00,2.22,0.00,0.000,516,0.000,0.047,3220,335,1825,1957,1693,0,0,0,0,0,0,26.63,26.00,26.64,8.55,61.06
$GC,15854,0.95,238.6,3219,335,1957,1693,711.2,10.5,467,15859,0.00,2.12,0.00,0.000,1030,0.000,0.025,3220,1744,1825,1957,1693,0,0,0,0,0,0,26.26,26.22,26.29,8.56,60.86
$GC,16073,0.95,238.6,3219,1745,1957,1693,685.2,10.5,473,16077,0.00,2.15,0.00,0.000,260,0.000,0.038,3220,3133,1824,1956,1693,0,0,0,0,0,0,26.63,26.09,26.64,8.55,60.82
$GC,16181,0.95,238.6,3219,3133,1956,1693,675.6,10.9,475,16186,0.00,2.10,0.00,0.000,1030,0.000,0.028,3228,1745,1825,1957,1693,0,0,0,0,0,0,26.26,26.18,26.29,8.56,60.86
$GC,16400,0.95,238.6,3227,1745,1956,1693,649.5,10.6,481,16405,0.00,2.28,0.00,0.000,516,0.000,0.046,3237,314,1825,1957,1693,0,0,0,0,0,0,26.63,25.98,26.65,8.55,61.65
$GC,16498,0.95,238.6,3237,313,1957,1693,640.1,10.8,483,16505,0.10,2.12,0.00,0.000,5126,0.148,0.025,3206,1744,1824,1956,1693,0,0,0,0,0,0,25.91,26.20,26.05,8.55,61.10
$GC,16727,0.96,247.0,3206,1744,1956,1693,616.6,9.6,489,16741,0.00,2.25,8.70,1.008,8964,0.000,0.047,3214,335,1796,1926,1666,0,0,0,0,0,0,26.63,25.35,23.89,8.55,60.98
$GC,16857,0.96,254.6,3213,335,1927,1666,604.9,9.7,492,16872,0.00,2.10,9.45,1.010,9222,0.000,0.025,3214,1742,1766,1901,1632,0,0,0,0,0,0,26.15,26.09,23.96,8.55,60.43
$GC,17087,0.98,267.7,3213,1743,1900,1629,582.3,9.4,498,17107,0.00,2.30,13.80,1.054,8708,0.000,0.047,3222,336,1711,1852,1570,0,0,0,0,0,0,26.45,25.33,24.01,8.54,60.78
$GC,17212,0.98,275.4,3221,336,1852,1570,570.3,9.6,501,17227,0.00,2.12,8.73,0.969,9222,0.000,0.025,3222,1746,1679,1823,1536,0,0,0,0,0,0,26.01,25.94,23.97,8.54,60.98
$GC,17447,0.98,275.4,3221,1745,1823,1536,546.1,10.1,507,17454,0.00,2.28,0.00,0.000,516,0.000,0.046,3230,329,1679,1823,1536,0,0,0,0,0,0,26.39,25.82,26.40,8.54,60.71
$GC,17551,0.98,275.4,3230,329,1823,1536,537.3,10.6,509,17555,0.00,2.10,0.00,0.000,1030,0.000,0.025,3230,1736,1679,1822,1537,0,0,0,0,0,0,26.14,26.08,26.16,8.54,61.02
$GC,17769,0.98,275.4,3230,1738,1822,1536,510.3,11.2,515,17773,0.00,2.15,0.00,0.000,260,0.000,0.038,3230,3122,1679,1822,1536,0,0,0,0,0,0,26.53,26.01,26.54,8.55,61.45
$GC,17880,0.98,275.4,3230,3123,1821,1535,499.9,11.8,517,17884,0.00,2.10,0.00,0.000,1030,0.000,0.028,3238,1731,1678,1821,1535,0,0,0,0,0,0,26.20,26.13,26.23,8.55,60.90
$GC,18093,0.98,275.4,3238,1730,1821,1535,470.4,12.1,523,18099,0.00,2.15,0.00,0.000,260,0.000,0.038,3238,3123,1678,1821,1535,0,0,0,0,0,0,26.59,26.04,26.60,8.55,61.18
$GC,18151,0.98,275.4,3238,3122,1821,1535,464.9,12.3,524,18156,0.10,2.10,0.00,0.000,5126,0.158,0.028,3218,1728,1678,1821,1535,0,0,0,0,0,0,25.84,26.14,25.97,8.55,60.39
$GC,18375,1.04,275.4,3218,1728,1821,1535,437.0,11.6,530,18380,0.00,2.15,0.00,0.000,260,0.000,0.038,3219,3122,1678,1822,1535,0,0,0,0,0,0,26.61,26.05,26.62,8.55,60.90
$GC,18423,1.04,275.4,3218,3123,1821,1535,431.6,11.7,531,18427,0.00,2.10,0.00,0.000,1030,0.000,0.027,3226,1724,1678,1821,1535,0,0,0,0,0,0,26.25,26.17,26.27,8.55,60.71
$GC,18622,1.04,275.4,3225,1723,1822,1535,408.1,11.6,536,18627,0.00,2.20,0.00,0.000,516,0.000,0.046,3234,339,1678,1821,1535,0,0,0,0,0,0,26.62,25.95,26.63,8.56,60.71
$GC,18684,1.04,275.4,3233,339,1821,1535,402.8,11.6,537,18689,0.00,2.08,0.00,0.000,1030,0.000,0.025,3234,1735,1678,1821,1535,0,0,0,0,0,0,26.27,26.20,26.29,8.55,60.94
$GC,18908,1.04,275.4,3234,1735,1821,1535,374.8,11.5,543,18913,0.00,2.25,0.00,0.000,516,0.000,0.046,3243,341,1678,1822,1535,0,0,0,0,0,0,26.63,25.95,26.63,8.56,61.26
$GC,19016,1.04,275.4,3243,341,1821,1535,365.1,11.4,545,19020,0.00,2.08,0.00,0.000,1030,0.000,0.025,3243,1739,1677,1821,1534,0,0,0,0,0,0,26.26,26.19,26.29,8.56,60.47
$GC,19236,1.04,275.4,3243,1739,1821,1535,338.5,10.9,551,19240,0.00,2.15,0.00,0.000,260,0.000,0.040,3243,3122,1678,1821,1535,0,0,0,0,0,0,26.63,26.03,26.64,8.56,60.23
$GC,19342,1.04,275.4,3243,3122,1821,1535,328.9,11.1,553,19346,0.00,2.08,0.00,0.000,1030,0.000,0.028,3253,1738,1678,1821,1535,0,0,0,0,0,0,26.24,26.16,26.27,8.56,59.92
$GC,19562,1.04,275.4,3253,1738,1821,1535,303.1,10.5,559,19566,0.00,2.22,0.00,0.000,516,0.000,0.046,3262,330,1678,1821,1535,0,0,0,0,0,0,26.63,25.92,26.64,8.57,60.59
$GC,19593,1.04,275.4,3263,329,1821,1535,303.1,10.5,559,19598,0.00,2.12,0.00,0.000,1030,0.000,0.025,3263,1735,1677,1821,1534,0,0,0,0,0,0,26.21,26.19,26.23,8.57,60.23
$GC,19807,1.04,275.4,3262,1736,1821,1535,276.8,10.7,565,19812,0.00,2.15,0.00,0.000,260,0.000,0.039,3263,3130,1677,1821,1534,0,0,0,0,0,0,26.63,26.02,26.64,8.57,59.76
$GC,19864,1.04,275.4,3262,3130,1821,1535,271.4,11.1,566,19869,0.12,2.10,0.00,0.000,5126,0.145,0.028,3234,1723,1678,1821,1535,0,0,0,0,0,0,25.78,26.13,25.91,8.57,60.15
$GC,20088,1.04,275.4,3233,1722,1821,1535,245.9,10.6,572,20093,0.00,2.20,0.00,0.000,516,0.000,0.046,3243,332,1678,1821,1535,0,0,0,0,0,0,26.63,25.91,26.64,8.57,60.19
$GC,20105,1.04,275.4,3242,332,1821,1535,245.9,10.6,572,20109,0.00,2.12,0.00,0.000,1030,0.000,0.025,3243,1739,1678,1822,1535,0,0,0,0,0,0,26.21,26.17,26.23,8.57,60.12
$GC,20294,1.04,275.4,3242,1741,1821,1535,223.2,11.1,577,20299,0.00,2.15,0.00,0.000,260,0.000,0.039,3243,3128,1678,1821,1535,0,0,0,0,0,0,26.63,26.00,26.64,8.58,59.52
$GC,20402,1.04,275.4,3242,3128,1821,1535,212.9,11.7,579,20406,0.00,2.12,0.00,0.000,1030,0.000,0.028,3252,1737,1678,1821,1535,0,0,0,0,0,0,26.17,26.14,26.20,8.58,59.88
$GC,20600,1.04,275.4,3252,1736,1821,1535,187.4,11.0,587,20602,0.00,0.00,0.00,0.000,6,0.000,0.000,3252,1736,1678,1821,1535,0,0,0,0,0,0,26.63,26.65,26.64,8.58,59.56
$GC,20780,1.04,275.4,3251,1737,1821,1535,167.4,11.0,596,20785,0.00,2.15,0.00,0.000,260,0.000,0.038,3252,3130,1678,1821,1535,0,0,0,0,0,0,26.63,26.01,26.64,8.58,59.52
$GC,20872,1.04,275.4,3252,3130,1821,1535,157.6,11.7,600,20877,0.00,2.12,0.00,0.000,1030,0.000,0.028,3262,1730,1678,1821,1535,0,0,0,0,0,0,26.15,26.11,26.17,8.58,59.60
$GC,21068,1.04,275.4,3261,1730,1821,1535,137.0,10.2,610,21072,0.00,2.20,0.00,0.000,516,0.000,0.046,3261,336,1678,1821,1535,0,0,0,0,0,0,26.63,25.89,26.64,8.59,59.45
$GC,21140,1.04,275.4,3261,335,1821,1535,130.2,10.3,613,21144,0.00,2.10,0.00,0.000,1030,0.000,0.024,3262,1737,1678,1821,1535,0,0,0,0,0,0,26.21,26.17,26.23,8.59,59.13
$GC,21335,1.04,275.4,3261,1736,1821,1535,109.1,10.7,623,21339,0.00,2.12,0.00,0.000,260,0.000,0.038,3262,3122,1677,1821,1534,0,0,0,0,0,0,26.63,26.00,26.64,8.60,59.64
$GC,21452,1.04,275.4,3261,3122,1821,1535,97.7,10.9,628,21459,0.00,2.08,0.00,0.000,1030,0.000,0.027,3262,1718,1678,1821,1535,0,0,0,0,0,0,26.20,26.11,26.22,8.61,59.13
$GC,21639,1.14,377.0,3261,1718,1821,1535,84.9,5.3,638,21730,0.00,2.28,83.53,0.780,8708,0.000,0.044,3262,350,1265,1432,1099,0,0,0,0,0,0,26.63,24.84,23.87,8.63,60.63
$GC,21821,1.23,390.3,3261,351,1429,1098,70.1,9.4,647,21839,0.05,2.10,11.95,0.686,11270,0.128,0.024,3327,1745,1211,1376,1047,0,0,0,0,0,0,25.65,25.72,24.13,8.65,59.96
$GC,22019,1.25,405.4,3327,1745,1370,1047,51.0,9.3,657,22040,0.00,2.30,14.65,0.686,8708,0.000,0.043,3338,339,1151,1311,992,0,0,0,0,0,0,26.29,25.31,24.33,8.70,60.23
$GC,22066,1.26,420.3,3337,339,1311,992,46.7,9.3,660,22098,0.10,2.10,21.00,0.648,13318,0.142,0.024,3308,1739,1091,1230,953,0,0,0,0,1,0,25.56,25.81,24.19,8.71,60.31
$GC,22288,1.34,437.9,3307,1739,1224,952,25.4,9.2,682,22308,0.00,2.20,13.90,0.642,8452,0.000,0.036,3308,3123,1017,1133,901,0,0,0,0,0,0,26.30,25.34,24.39,8.76,58.89
$GC,22409,1.34,439.6,3307,3123,1129,901,13.4,9.9,693,22413,0.00,2.08,0.00,0.000,1030,0.000,0.024,3315,1732,1014,1128,901,0,0,0,0,0,0,25.98,25.91,26.01,8.77,58.19
$STATE,22520,end climb,SURFACE_DEPTH_REACHED
$STATE,22520,begin surface coast
$FINISH,-1.0,1.022371
$STATE,22550,end surface coast,CONTROL_FINISHED_OK
$STATE,22551,begin surface
$SM_CCo,22631,0.00,0.000,0,0,1013,439.82
$SM_GC,0.19,8.00,0.47,0.00,0.026,0.041,0.000,174,2060,1013,-8.35,-1.84,439.82,0,0,0,0,0,0,26.13,26.03,26.17
$IRIDIUM_FIX,616.38,-14051.95,200225,103604
$TT8_MAMPS,0.026964,0.380492
$HUMID,55.07
$INTERNAL_PRESSURE,8.77115
$TCM_TEMP,18.60
$XPDR_PINGS,0
$ALTIM_TOP_PING,19.0,19.4
$24V_AH,22.84,58.278
$10V_AH,9.74,41.582
$FG_AHR_24Vo,0.000
$FG_AHR_10Vo,0.000
$DEVICES,Pitch_motor,Roll_motor,VBD_pump_during_apogee,VBD_pump_during_surface,VBD_valve,Iridium_during_init,Iridium_during_connect,Iridium_during_xfer,Transponder_ping,GUMSTIX_24V,GPS,TT8,LPSleep,TT8_Active,TT8_Sampling,TT8_CF8,TT8_Kalman,Analog_circuits,GPS_charging,Compass,RAFOS,Transponder,Compass2
$DEVICE_SECS,21.950,296.325,555.850,0.000,0.000,0.000,0.000,263.075,0.250,0.000,32.195,3303.785,14994.212,703.266,3516.440,523.772,0.000,2780.374,0.000,3060.403,0.000,2.765,0.000
$DEVICE_MAMPS,203.490,48.960,1361.700,0.000,0.000,0.000,0.000,91.035,420.000,0.000,30.710,15.210,2.190,15.210,43.670,53.410,0.000,14.000,0.000,8.240,0.000,30.000,0.000
$SENSORS,SBE_CT,WL_blue_red_Chl,AA4330,nil,nil,nil,nil,nil,nil,nil
$SENSOR_SECS,616.176,0.000,947.016,0.000,0.000,0.000,0.000,0.000,0.000,0.000
$SENSOR_MAMPS,22.470,0.000,11.230,0.000,0.000,0.000,0.000,0.000,0.000,0.000
$MEM,311932
$DATA_FILE_SIZE,52077,707
$CAP_FILE_SIZE,258316,0
$CFSIZE,2097872896,2046590976
$ERRORS,0,0,0,0,0,0,0,0,0,0,0,0,0,1,1,0
$CURRENT,0.078,109.82,1
$GPS,070705,230834,620.797,-14051.459,45,0.9,66,9.2,0.2,3.3,8,4.2
