version: 66.14
glider: 195
mission: 21
dive: 435
start: 7 28 105 22 3 50
data:
$ID,195
$MISSION,21
$DIVE,435
$N_DIVES,0
$STOP_T,0
$D_SURF,3
$D_FLARE,2
$D_TGT,990
$D_ABORT,1090
$D_NO_BLEED,50
$D_BOOST,3
$T_BOOST,0
$D_FINISH,0
$D_PITCH,0
$D_SAFE,0
$D_CALL,0
$SURFACE_URGENCY,0
$SURFACE_URGENCY_TRY,0
$SURFACE_URGENCY_FORCE,0
$T_DIVE,330
$T_MISSION,600
$T_ABORT,1440
$T_TURN,300
$T_TURN_SAMPINT,5
$T_NO_W,120
$T_LOITER,0
$T_SLOITER,60
$T_EPIRB,0
$USE_BATHY,0
$USE_ICE,0
$ICE_FREEZE_MARGIN,0.30000001
$D_OFFGRID,990
$T_WATCHDOG,10
$RELAUNCH,1
$APOGEE_PITCH,-8
$MAX_BUOY,150
$COURSE_BIAS,0
$GLIDE_SLOPE,30
$SPEED_FACTOR,1
$RHO,1.023
$MASS,54002
$MASS_COMP,0
$NAV_MODE,2
$FERRY_MAX,45
$KALMAN_USE,2
$HD_A,0.0038000001
$HD_B,0.0099999998
$HD_C,9.8500004e-06
$HEADING,-1
$ESCAPE_HEADING,0
$ESCAPE_HEADING_DELTA,10
$FIX_MISSING_TIMEOUT,0
$TGT_DEFAULT_LAT,4736
$TGT_DEFAULT_LON,-12225
$TGT_AUTO_DEFAULT,0
$SM_CC,565.6618
$N_FILEKB,4
$FILEMGR,0
$CALL_NDIVES,1
$COMM_SEQ,0
$PROTOCOL,9
$N_NOCOMM,1
$NOCOMM_ACTION,0
$N_NOSURFACE,0
$UPLOAD_DIVES_MAX,-1
$CALL_TRIES,5
$CALL_WAIT,60
$CAPUPLOAD,0
$CAPMAXSIZE,200000
$HEAPDBG,0
$T_GPS,15
$N_GPS,50840
$T_RSLEEP,2
$STROBE,0
$RAFOS_PEAK_OFFSET,1.5
$RAFOS_CORR_THRESH,60
$RAFOS_HIT_WINDOW,3600
$RAFOS_MMODEM,0
$PITCH_MIN,207
$PITCH_MAX,3915
$C_PITCH,2884
$PITCH_DBAND,0.1
$PITCH_CNV,0.003125763
$P_OVSHOOT,0.039999999
$P_OVSHOOT_WITHG,0.079999998
$PITCH_GAIN,19.15
$PITCH_TIMEOUT,17
$PITCH_AD_RATE,160
$PITCH_MAXERRORS,1
$PITCH_ADJ_GAIN,0.02
$PITCH_ADJ_DBAND,2.5
$ROLL_MIN,224
$ROLL_MAX,3758
$ROLL_DEG,40
$C_ROLL_DIVE,2243
$C_ROLL_CLIMB,1718
$HEAD_ERRBAND,10
$ROLL_CNV,0.028270001
$ROLL_TIMEOUT,15
$R_PORT_OVSHOOT,48
$R_STBD_OVSHOOT,38
$ROLL_AD_RATE,350
$ROLL_MAXERRORS,2
$ROLL_ADJ_GAIN,0
$ROLL_ADJ_DBAND,0
$VBD_MIN,500
$VBD_MAX,3960
$C_VBD,2806
$VBD_DBAND,2
$VBD_CNV,-0.24529999
$VBD_LP_IGNORE,0
$VBD_TIMEOUT,720
$PITCH_VBD_SHIFT,0.001
$VBD_PUMP_AD_RATE_SURFACE,5
$VBD_PUMP_AD_RATE_APOGEE,4
$VBD_BLEED_AD_RATE,8
$UNCOM_BLEED,60
$VBD_MAXERRORS,1
$W_ADJ_DBAND,0
$DBDW,0
$PITCH_W_GAIN,0
$PITCH_W_DBAND,0
$CF8_MAXERRORS,5
$AH0_24V,150
$AH0_10V,97
$MINV_24V,19
$MINV_10V,8
$MAXI_24V,0.80000001
$MAXI_10V,0.60000002
$FG_AHR_10V,0
$FG_AHR_24V,0
$PHONE_SUPPLY,-2
$PRESSURE_YINT,-49.397121
$PRESSURE_SLOPE,0.0001168043
$AD7714Ch0Gain,128
$TCM_PITCH_OFFSET,0
$TCM_ROLL_OFFSET,0
$COMPASS_USE,4
$ALTIM_BOTTOM_PING_RANGE,0
$ALTIM_TOP_PING_RANGE,20
$ALTIM_BOTTOM_TURN_MARGIN,0
$ALTIM_TOP_TURN_MARGIN,0
$ALTIM_TOP_MIN_OBSTACLE,1
$ALTIM_PING_DEPTH,0
$ALTIM_PING_DELTA,0
$ALTIM_FREQUENCY,13
$ALTIM_PULSE,3
$ALTIM_SENSITIVITY,3
$XPDR_VALID,5
$XPDR_INHIBIT,90
$INT_PRESSURE_SLOPE,0.0097660003
$INT_PRESSURE_YINT,-0.77999997
$DEEPGLIDER,0
$MOTHERBOARD,4
$DEVICE1,2
$DEVICE2,115
$DEVICE3,101
$DEVICE4,-1
$DEVICE5,-1
$DEVICE6,-1
$LOGGERS,0
$LOGGERDEVICE1,-1
$LOGGERDEVICE2,-1
$LOGGERDEVICE3,-1
$LOGGERDEVICE4,-1
$COMPASS_DEVICE,33
$COMPASS2_DEVICE,-1
$PHONE_DEVICE,49
$GPS_DEVICE,32
$RAFOS_DEVICE,-1
$XPDR_DEVICE,24
$SIM_W,0
$SIM_PITCH,0
$SEABIRD_T_G,0.0044178674
$SEABIRD_T_H,0.00064818078
$SEABIRD_T_I,2.6779007e-05
$SEABIRD_T_J,3.3667231e-06
$SEABIRD_C_G,-10.098215
$SEABIRD_C_H,1.1454017
$SEABIRD_C_I,-0.0021276253
$SEABIRD_C_J,0.00025532115
$SEABIRD_C_Z,2974.52
$GPS1,280705,214754,735.7218,-14029.9160,32,0.8,80,9.3,0.9,199.8,9,3.8
$_CALLS,5
$_XMS_NAKs,0
$_XMS_TOUTs,0
$_SM_DEPTHo,0.08
$_SM_ANGLEo,-54.6
$GPS2,280705,220307,735.7015,-14029.9756,7,0.8,22,9.3,1.0,243.9,9,5.0
$SPEED_LIMITS,0.173,0.262
$TGT_NAME,TX2
$TGT_LATLONG,1145.000,-14800.000
$TGT_RADIUS,10000.000
$KALMAN_CONTROL,0.000000,0.000000
$KALMAN_X,0.000000,0.000000,0.000000,0.000000,0.000000
$KALMAN_Y,0.000000,0.000000,0.000000,0.000000,0.000000
$MHEAD_RNG_PITCHd_Wd,270.2,937546,-18.1,-10.000,-20.93,2235
$D_GRID,990
$GCHEAD,st_secs,pitch_ctl,vbd_ctl,pitch_ad_start,roll_ad_start,vbd_pot1_ad_start,vbd_pot2_ad_start,depth,ob_vertv,data_pts,end_secs,pitch_secs,roll_secs,vbd_secs,vbd_i,gcphase,pitch_i,roll_i,pitch_ad,roll_ad,vbd_ad,vbd_pot1_ad,vbd_pot2_ad,pitch_retries,pitch_errors,roll_retries,roll_errors,vbd_retries,vbd_errors,pitch_volts,roll_volts,vbd_volts,int_press,humidity
$STATE,6,end surface,CONTROL_FINISHED_OK
$STATE,7,begin dive
$GC,74,-1.09,-146.6,108,2232,539,459,0.2,-0.5,6,163,0.00,0.00,-86.03,0.000,16386,0.000,0.000,108,2232,2844,2856,2833,0,0,0,0,0,0,26.41,28.83,26.43,8.84,51.81
$GC,167,-1.09,-146.6,108,2233,2858,2833,3.0,-5.6,15,196,9.45,2.22,-11.32,0.000,18692,0.206,0.054,2515,3646,3404,3421,3387,0,0,0,0,0,0,24.86,25.41,25.06,9.07,51.06
$GC,301,-0.96,-146.6,2514,3647,3424,3387,28.4,-16.1,28,307,0.17,2.10,0.00,0.000,3078,0.138,0.026,2568,2229,3405,3424,3386,0,0,0,0,0,0,25.62,26.06,25.78,9.13,51.06
$GC,499,-0.91,-146.6,2567,2229,3426,3386,55.8,-14.0,45,503,0.00,2.25,0.00,0.000,260,0.000,0.047,2559,3646,3406,3426,3386,0,0,0,0,0,0,26.54,25.90,26.55,9.15,51.37
$GC,576,-0.91,-146.6,2559,3646,3426,3386,64.0,-12.6,48,583,0.00,2.05,0.00,0.000,1030,0.000,0.024,2560,2242,3406,3426,3387,0,0,0,0,0,0,26.21,26.15,26.24,9.15,51.69
$GC,763,-0.91,-146.6,2559,2242,3428,3386,85.2,-10.9,58,767,0.00,2.08,0.00,0.000,516,0.000,0.033,2560,848,3407,3428,3387,0,0,0,0,0,0,26.58,26.07,26.58,9.15,51.85
$GC,879,-0.91,-146.6,2559,848,3428,3386,94.4,-8.5,63,887,0.12,2.10,0.00,0.000,3078,0.145,0.033,2588,2250,3408,3429,3387,0,0,0,0,0,0,25.78,26.07,25.92,9.15,50.90
$GC,1066,-0.91,-146.6,2588,2250,3430,3386,107.3,-6.4,73,1071,0.00,2.17,0.00,0.000,260,0.000,0.046,2581,3649,3408,3430,3387,0,0,0,0,0,0,26.59,26.00,26.60,9.13,50.51
$GC,1091,-0.91,-146.6,2580,3649,3430,3387,108.8,-6.3,74,1096,0.00,2.05,0.00,0.000,1030,0.000,0.024,2581,2241,3408,3430,3387,0,0,0,0,0,0,26.25,26.19,26.27,9.13,50.74
$GC,1296,-0.91,-146.6,2580,2241,3431,3387,119.2,-4.6,84,1300,0.00,2.08,0.00,0.000,516,0.000,0.034,2581,850,3409,3431,3387,0,0,0,0,0,0,26.60,26.10,26.61,9.09,50.90
$GC,1496,-0.91,-146.6,2580,849,3431,3386,131.6,-7.4,93,1504,0.00,2.08,0.00,0.000,1030,0.000,0.033,2571,2243,3408,3431,3386,0,0,0,0,0,0,26.22,26.15,26.25,9.07,51.22
$GC,1683,-0.91,-146.6,2570,2243,3431,3387,146.1,-7.3,103,1687,0.00,2.08,0.00,0.000,516,0.000,0.029,2571,844,3409,3431,3387,0,0,0,0,0,0,26.61,26.14,26.62,9.05,50.98
$GC,1800,-0.91,-146.6,2570,844,3432,3387,154.7,-8.4,108,1807,0.00,2.08,0.00,0.000,1030,0.000,0.027,2561,2250,3409,3431,3387,0,0,0,0,0,0,26.23,26.15,26.26,9.03,51.89
$GC,1987,-0.91,-146.6,2561,2250,3431,3387,171.3,-8.1,118,1991,0.00,2.10,0.00,0.000,516,0.000,0.029,2561,836,3408,3431,3386,0,0,0,0,0,0,26.61,26.14,26.62,9.03,51.92
$GC,2079,-0.91,-146.6,2561,836,3431,3386,178.1,-8.1,122,2089,0.12,2.08,0.00,0.000,3078,0.139,0.027,2591,2241,3409,3431,3387,0,0,0,0,0,0,25.85,26.15,25.98,9.03,52.40
$GC,2270,-0.91,-146.6,2591,2242,3431,3386,192.1,-6.8,132,2275,0.00,2.12,0.00,0.000,516,0.000,0.037,2592,839,3408,3431,3386,0,0,0,0,0,0,26.61,26.09,26.62,9.00,52.55
$GC,2388,-0.91,-146.6,2591,839,3431,3386,199.7,-7.4,137,2395,0.00,2.08,0.00,0.000,1030,0.000,0.030,2585,2243,3408,3431,3386,0,0,0,0,0,0,26.22,26.14,26.25,9.00,52.95
$GC,2597,-0.91,-146.6,2584,2244,3431,3386,216.0,-7.5,143,2601,0.00,2.10,0.00,0.000,516,0.000,0.031,2585,849,3408,3431,3386,0,0,0,0,0,0,26.61,26.11,26.62,8.98,53.66
$GC,2734,-0.91,-146.6,2584,849,3430,3386,226.8,-8.3,146,2738,0.00,2.08,0.00,0.000,1030,0.000,0.030,2576,2244,3408,3431,3386,0,0,0,0,0,0,26.22,26.14,26.25,8.97,54.25
$GC,2928,-0.91,-146.6,2576,2244,3431,3384,243.6,-8.0,151,2932,0.00,2.15,0.00,0.000,516,0.000,0.032,2576,847,3407,3431,3384,0,0,0,0,0,0,26.61,26.11,26.63,8.96,54.96
$GC,3055,-0.91,-146.6,2576,847,3431,3383,253.2,-7.7,154,3059,0.00,2.10,0.00,0.000,1030,0.000,0.030,2567,2254,3406,3430,3383,0,0,0,0,0,0,26.22,26.13,26.25,8.96,54.52
$GC,3259,-0.91,-146.6,2567,2254,3431,3381,267.1,-6.6,159,3263,0.00,2.12,0.00,0.000,516,0.000,0.032,2567,845,3406,3431,3381,0,0,0,0,0,0,26.61,26.10,26.63,8.95,55.27
$GC,3387,-0.91,-146.6,2567,845,3430,3380,275.4,-6.7,162,3394,0.10,2.08,0.00,0.000,3078,0.144,0.029,2589,2244,3405,3430,3380,0,0,0,0,0,0,25.90,26.13,26.01,8.94,55.19
$GC,3585,-0.98,-146.6,2589,2244,3430,3379,288.0,-6.2,167,3589,0.00,2.12,0.00,0.000,516,0.000,0.032,2590,839,3404,3430,3378,0,0,0,0,0,0,26.61,26.10,26.63,8.93,55.31
$GC,3700,-1.04,-146.6,2589,839,3430,3378,293.8,-6.5,169,3705,0.03,2.12,0.00,0.000,5126,0.020,0.030,2512,2236,3404,3430,3378,0,0,0,0,0,0,26.07,26.14,26.16,8.93,55.47
$GC,3914,-1.04,-146.6,2512,2236,3429,3376,313.9,-8.4,175,3921,0.12,2.10,0.00,0.000,2564,0.142,0.032,2550,849,3402,3429,3376,0,0,0,0,0,0,26.06,26.10,26.14,8.92,55.90
$GC,4064,-1.04,-146.6,2549,850,3428,3376,324.4,-8.6,178,4069,0.00,2.10,0.00,0.000,1030,0.000,0.030,2543,2254,3402,3428,3376,0,0,0,0,0,0,26.22,26.13,26.25,8.92,55.59
$GC,4278,-1.04,-146.6,2543,2254,3426,3375,345.8,-8.8,184,4282,0.00,2.12,0.00,0.000,516,0.000,0.032,2543,850,3400,3426,3375,0,0,0,0,0,0,26.61,26.10,26.63,8.91,56.14
$GC,4427,-1.04,-146.6,2542,850,3425,3375,357.3,-9.2,187,4431,0.00,2.10,0.00,0.000,1030,0.000,0.030,2534,2253,3399,3424,3375,0,0,0,0,0,0,26.22,26.13,26.25,8.90,56.57
$GC,4646,-1.04,-146.6,2534,2252,3425,3373,379.8,-9.2,193,4651,0.00,2.12,0.00,0.000,516,0.000,0.033,2534,847,3398,3424,3373,0,0,0,0,0,0,26.62,26.09,26.63,8.89,57.44
$GC,4782,-1.04,-146.6,2534,847,3423,3373,392.0,-9.6,196,4786,0.00,2.10,0.00,0.000,1030,0.000,0.030,2525,2249,3398,3423,3373,0,0,0,0,0,0,26.21,26.12,26.24,8.89,56.81
$GC,4977,-1.04,-146.6,2525,2249,3422,3372,411.7,-9.6,201,4982,0.00,2.12,0.00,0.000,516,0.000,0.032,2525,848,3397,3422,3372,0,0,0,0,0,0,26.62,26.09,26.63,8.88,57.16
$GC,5085,-1.04,-146.6,2524,848,3422,3372,420.3,-9.8,203,5092,0.10,2.10,0.00,0.000,3078,0.151,0.030,2546,2254,3396,3421,3372,0,0,0,0,0,0,25.86,26.12,25.98,8.88,56.93
$GC,5303,-1.04,-146.6,2545,2254,3421,3370,442.5,-9.1,209,5307,0.00,2.15,0.00,0.000,516,0.000,0.032,2546,841,3395,3420,3370,0,0,0,0,0,0,26.62,26.08,26.63,8.88,57.75
$GC,5439,-1.04,-146.6,2545,841,3420,3370,454.2,-9.2,212,5443,0.00,2.10,0.00,0.000,1030,0.000,0.030,2540,2243,3395,3421,3370,0,0,0,0,0,0,26.20,26.12,26.24,8.87,57.40
$GC,5635,-1.04,-146.6,2539,2243,3420,3367,472.5,-8.8,217,5639,0.00,2.12,0.00,0.000,516,0.000,0.032,2540,839,3394,3420,3368,0,0,0,0,0,0,26.62,26.08,26.63,8.87,58.34
$GC,5780,-1.04,-146.6,2539,839,3420,3368,484.0,-9.0,220,5784,0.00,2.12,0.00,0.000,1030,0.000,0.030,2530,2252,3393,3419,3368,0,0,0,0,0,0,26.21,26.11,26.24,8.86,57.48
$GC,6004,-1.04,-146.6,2530,2252,3419,3367,505.2,-8.6,226,6008,0.00,2.15,0.00,0.000,516,0.000,0.033,2530,839,3392,3418,3366,0,0,0,0,0,0,26.62,26.08,26.63,8.86,58.74
$GC,6121,-1.04,-146.6,2530,839,3418,3366,512.7,-8.8,228,6128,0.00,2.10,0.00,0.000,1030,0.000,0.030,2522,2245,3391,3417,3366,0,0,0,0,0,0,26.20,26.11,26.23,8.85,57.60
$GC,6329,-1.04,-146.6,2521,2246,3418,3365,533.9,-8.8,234,6333,0.00,2.12,0.00,0.000,516,0.000,0.033,2521,848,3391,3417,3365,0,0,0,0,0,0,26.62,26.07,26.63,8.85,58.50
$GC,6465,-1.04,-146.6,2521,849,3417,3365,545.1,-8.9,237,6472,0.12,2.10,0.00,0.000,3078,0.142,0.030,2551,2244,3391,3417,3365,0,0,0,0,0,0,25.79,26.10,25.94,8.85,58.46
$GC,6658,-1.04,-146.6,2550,2244,3416,3364,561.7,-8.0,242,6662,0.00,2.12,0.00,0.000,516,0.000,0.033,2550,848,3390,3416,3364,0,0,0,0,0,0,26.61,26.07,26.63,8.84,58.50
$GC,6765,-1.04,-146.6,2550,848,3416,3364,568.8,-8.1,244,6769,0.00,2.10,0.00,0.000,1030,0.000,0.030,2543,2247,3390,3416,3364,0,0,0,0,0,0,26.20,26.10,26.22,8.84,58.11
$GC,6984,-1.04,-146.6,2543,2247,3415,3363,588.5,-8.1,250,6989,0.00,2.12,0.00,0.000,516,0.000,0.032,2544,850,3389,3415,3363,0,0,0,0,0,0,26.62,26.07,26.63,8.83,58.38
$GC,7138,-1.04,-146.6,2543,850,3415,3363,599.3,-8.5,253,7142,0.00,2.10,0.00,0.000,1030,0.000,0.030,2535,2248,3388,3414,3363,0,0,0,0,0,0,26.19,26.10,26.22,8.82,58.34
$GC,7354,-1.04,-146.6,2534,2248,3414,3362,620.5,-8.7,259,7358,0.00,2.12,0.00,0.000,516,0.000,0.032,2534,847,3388,3414,3362,0,0,0,0,0,0,26.62,26.06,26.63,8.82,58.34
$GC,7461,-1.04,-146.6,2534,847,3414,3362,628.4,-8.9,261,7465,0.00,2.10,0.00,0.000,1030,0.000,0.030,2525,2243,3388,3414,3362,0,0,0,0,0,0,26.18,26.09,26.22,8.83,58.86
$GC,7682,-1.04,-146.6,2525,2244,3413,3360,649.8,-8.9,267,7686,0.00,2.12,0.00,0.000,516,0.000,0.033,2526,850,3386,3413,3360,0,0,0,0,0,0,26.62,26.06,26.63,8.81,59.01
$GC,7794,-1.04,-146.6,2525,850,3412,3360,657.6,-8.9,269,7799,0.10,2.10,0.00,0.000,3078,0.150,0.030,2546,2245,3386,3412,3360,0,0,0,0,0,0,25.83,26.09,25.95,8.81,58.42
$GC,8009,-1.04,-146.6,2546,2245,3412,3359,677.3,-8.0,275,8013,0.00,2.12,0.00,0.000,516,0.000,0.033,2546,850,3385,3412,3359,0,0,0,0,0,0,26.61,26.05,26.63,8.81,59.41
$GC,8152,-1.04,-146.6,2546,850,3412,3359,687.1,-7.9,278,8156,0.00,2.10,0.00,0.000,1030,0.000,0.030,2540,2246,3385,3411,3359,0,0,0,0,0,0,26.17,26.08,26.21,8.80,59.13
$GC,8378,-1.04,-146.6,2540,2247,3411,3358,705.4,-7.5,284,8382,0.00,2.12,0.00,0.000,516,0.000,0.033,2540,850,3384,3411,3358,0,0,0,0,0,0,26.62,26.04,26.63,8.80,59.49
$GC,8532,-1.04,-146.6,2539,850,3410,3358,715.3,-7.7,287,8536,0.00,2.10,0.00,0.000,1030,0.000,0.031,2531,2243,3384,3410,3358,0,0,0,0,0,0,26.17,26.08,26.20,8.80,59.52
$GC,8748,-1.04,-146.6,2531,2242,3410,3357,733.1,-7.2,293,8752,0.00,2.12,0.00,0.000,516,0.000,0.033,2531,850,3383,3409,3357,0,0,0,0,0,0,26.61,26.03,26.62,8.79,59.25
$GC,8903,-1.04,-146.6,2530,850,3409,3357,742.9,-7.6,296,8907,0.00,2.10,0.00,0.000,1030,0.000,0.031,2523,2244,3383,3409,3357,0,0,0,0,0,0,26.16,26.07,26.20,8.79,59.13
$GC,9118,-1.04,-146.6,2522,2243,3409,3356,761.1,-7.4,302,9122,0.00,2.12,0.00,0.000,516,0.000,0.033,2523,850,3382,3409,3356,0,0,0,0,0,0,26.61,26.03,26.63,8.79,59.72
$GC,9261,-1.04,-146.6,2522,850,3408,3356,771.1,-7.8,305,9268,0.12,2.10,0.00,0.000,3078,0.142,0.031,2551,2242,3382,3408,3356,0,0,0,0,0,0,25.75,26.06,25.89,8.78,59.41
$GC,9485,-1.10,-146.6,2551,2242,3408,3355,789.7,-7.6,311,9489,0.00,2.12,0.00,0.000,516,0.000,0.033,2551,851,3381,3408,3354,0,0,0,0,0,0,26.61,26.02,26.62,8.78,60.08
$GC,9614,-1.10,-146.6,2551,851,3408,3355,800.3,-8.2,314,9619,0.00,2.12,0.00,0.000,1030,0.000,0.031,2545,2239,3380,3407,3354,0,0,0,0,0,0,26.10,26.06,26.14,8.78,59.84
$GC,9814,-1.10,-146.6,2544,2239,3407,3353,817.5,-8.4,319,9818,0.00,2.12,0.00,0.000,516,0.000,0.034,2545,849,3380,3407,3353,0,0,0,0,0,0,26.61,26.01,26.62,8.77,60.08
$GC,9926,-1.10,-146.6,2544,849,3407,3354,825.1,-8.8,321,9935,0.00,2.12,0.00,0.000,1030,0.000,0.031,2536,2254,3380,3406,3354,0,0,0,0,0,0,26.15,26.05,26.17,8.77,60.12
$GC,10137,-1.10,-146.6,2536,2254,3406,3353,846.7,-9.0,327,10143,0.00,2.17,0.00,0.000,516,0.000,0.034,2536,854,3379,3406,3353,0,0,0,0,0,0,26.61,26.01,26.62,8.76,60.43
$GC,10272,-1.10,-146.6,2535,854,3406,3352,858.5,-9.4,330,10277,0.00,2.12,0.00,0.000,1030,0.000,0.031,2528,2233,3379,3406,3353,0,0,0,0,0,0,26.08,26.05,26.12,8.76,60.12
$GC,10466,-1.10,-146.6,2527,2233,3405,3352,877.5,-9.2,335,10471,0.00,2.12,0.00,0.000,516,0.000,0.034,2527,847,3378,3405,3352,0,0,0,0,0,0,26.62,26.00,26.63,8.75,60.39
$GC,10551,-1.10,-146.6,2527,846,3405,3352,885.6,-9.4,337,10556,0.00,2.12,0.00,0.000,1030,0.000,0.031,2518,2252,3378,3405,3352,0,0,0,0,0,0,26.13,26.04,26.17,8.76,60.82
$GC,10755,-1.10,-146.6,2517,2252,3404,3352,904.4,-9.1,342,10760,0.00,2.15,0.00,0.000,516,0.000,0.034,2518,845,3377,3404,3351,0,0,0,0,0,0,26.61,25.99,26.62,8.75,60.63
$GC,10853,-1.10,-146.6,2518,845,3404,3351,912.3,-9.2,344,10860,0.00,2.12,0.00,0.000,1030,0.000,0.031,2509,2249,3377,3404,3351,0,0,0,0,0,0,26.13,26.03,26.16,8.75,60.27
$GC,11081,-1.10,-146.6,2508,2249,3404,3351,933.5,-8.7,350,11085,0.00,2.15,0.00,0.000,516,0.000,0.034,2508,850,3377,3404,3351,0,0,0,0,0,0,26.61,25.99,26.62,8.75,60.90
$GC,11228,-1.10,-146.6,2508,850,3404,3351,944.8,-8.9,353,11232,0.00,2.15,0.00,0.000,1030,0.000,0.031,2498,2245,3377,3404,3351,0,0,0,0,0,0,26.06,26.02,26.09,8.75,60.39
$GC,11447,-1.10,-146.6,2498,2245,3403,3350,965.4,-8.3,359,11454,0.10,2.15,0.00,0.000,2564,0.161,0.034,2527,845,3376,3403,3350,0,0,0,0,0,0,26.08,25.98,26.13,8.75,61.02
$GC,11593,-1.10,-146.6,2527,845,3403,3350,975.4,-8.1,362,11601,0.00,2.12,0.00,0.000,1030,0.000,0.031,2521,2250,3376,3403,3350,0,0,0,0,0,0,26.11,26.02,26.15,8.74,60.55
$STATE,11767,end dive,TARGET_DEPTH_EXCEEDED
$STATE,11767,begin apogee
$GC,11775,-0.42,0.0,2520,1719,3403,3349,991.2,-7.8,367,11911,0.68,0.00,132.02,1.344,10246,0.106,0.000,2744,1719,2804,2903,2706,0,0,0,0,0,0,25.44,24.27,22.94,8.74,61.69
$STATE,11912,end apogee,CONTROL_FINISHED_OK
$STATE,11912,begin climb
$GC,11915,1.09,146.6,2744,1719,2901,2705,996.2,0.0,370,12069,1.38,2.38,141.05,1.297,11012,0.066,0.043,3240,323,2206,2291,2121,0,0,0,0,0,0,24.83,24.28,23.00,8.69,59.09
$GC,12196,0.91,159.9,3240,323,2291,2121,977.5,9.4,377,12217,0.20,2.15,13.70,1.159,13318,0.131,0.027,3178,1733,2153,2239,2067,0,0,0,0,0,0,25.48,25.80,23.66,8.64,58.50
$GC,12417,0.95,194.1,3178,1733,2238,2067,956.6,8.4,383,12458,0.00,2.33,35.15,1.261,8708,0.000,0.044,3186,320,2011,2113,1910,0,0,0,0,0,0,26.33,24.85,23.53,8.63,60.43
$GC,12554,0.92,223.1,3186,320,2113,1910,946.4,8.7,386,12591,0.00,2.17,29.00,1.242,9222,0.000,0.026,3186,1743,1894,2015,1773,0,0,0,0,0,0,25.87,25.80,23.53,8.61,59.84
$GC,12776,0.94,245.4,3186,1742,2015,1773,924.7,9.0,392,12806,0.00,2.38,22.75,1.219,8708,0.000,0.044,3195,320,1802,1936,1668,0,0,0,0,0,0,26.28,25.03,23.70,8.60,60.00
$GC,12871,0.96,265.6,3195,320,1937,1668,917.2,9.1,394,12897,0.00,2.15,20.45,1.204,9222,0.000,0.026,3196,1725,1721,1864,1578,0,0,0,0,0,0,25.84,25.77,23.64,8.60,60.27
$GC,13098,0.97,273.9,3195,1724,1863,1577,894.1,9.6,400,13112,0.00,2.25,9.20,1.083,8708,0.000,0.045,3204,326,1686,1833,1540,0,0,0,0,0,0,26.31,25.25,23.82,8.58,60.39
$GC,13191,0.98,279.1,3204,326,1832,1540,886.2,9.8,402,13203,0.00,2.12,6.43,0.981,9222,0.000,0.026,3204,1723,1664,1813,1516,0,0,0,0,0,0,25.98,25.91,23.80,8.58,60.51
$GC,13417,0.98,279.1,3204,1724,1813,1517,861.8,10.1,408,13425,0.00,2.25,0.00,0.000,516,0.000,0.045,3206,322,1665,1813,1517,0,0,0,0,0,0,26.40,25.90,26.41,8.57,61.22
$GC,13501,0.98,279.1,3206,321,1814,1516,853.5,10.2,410,13506,0.00,2.12,0.00,0.000,1030,0.000,0.027,3206,1731,1665,1813,1517,0,0,0,0,0,0,26.15,26.08,26.17,8.57,61.02
$GC,13700,0.98,279.1,3206,1730,1813,1517,833.2,10.2,415,13707,0.00,2.22,0.00,0.000,516,0.000,0.046,3206,326,1665,1813,1517,0,0,0,0,0,0,26.52,25.98,26.53,8.57,61.26
$GC,13790,0.98,279.1,3206,326,1813,1517,824.9,10.2,417,13794,0.00,2.10,0.00,0.000,1030,0.000,0.027,3206,1723,1664,1812,1517,0,0,0,0,0,0,26.22,26.15,26.25,8.56,61.06
$GC,13983,0.98,279.1,3206,1723,1812,1517,804.2,10.3,422,13987,0.00,2.17,0.00,0.000,260,0.000,0.040,3206,3123,1665,1813,1517,0,0,0,0,0,0,26.56,26.06,26.57,8.56,61.73
$GC,14095,0.98,279.1,3206,3123,1812,1516,795.4,10.4,424,14099,0.00,2.10,0.00,0.000,1030,0.000,0.029,3206,1728,1664,1812,1517,0,0,0,0,0,0,26.22,26.14,26.25,8.56,61.85
$GC,14308,0.98,279.1,3206,1727,1813,1517,769.9,10.5,430,14313,0.00,2.15,0.00,0.000,260,0.000,0.041,3207,3114,1665,1813,1517,0,0,0,0,0,0,26.58,26.06,26.59,8.56,61.89
$GC,14376,0.98,279.1,3206,3114,1812,1517,765.0,10.7,431,14380,0.00,2.12,0.00,0.000,1030,0.000,0.029,3206,1700,1665,1813,1517,0,0,0,0,0,0,26.22,26.13,26.25,8.56,61.69
$GC,14595,1.03,279.1,3206,1699,1813,1517,738.9,10.6,437,14599,0.00,2.20,0.00,0.000,260,0.000,0.040,3206,3112,1665,1813,1517,0,0,0,0,0,0,26.59,26.06,26.60,8.55,62.48
$GC,14647,1.03,279.1,3206,3114,1812,1517,734.0,10.8,438,14651,0.00,2.10,0.00,0.000,1030,0.000,0.029,3206,1721,1665,1813,1517,0,0,0,0,0,0,26.22,26.13,26.25,8.55,62.20
$GC,14841,1.03,279.1,3206,1720,1812,1516,712.7,10.5,443,14845,0.00,2.17,0.00,0.000,260,0.000,0.040,3206,3120,1664,1812,1517,0,0,0,0,0,0,26.60,26.05,26.60,8.55,62.44
$GC,14864,1.03,279.1,3206,3121,1812,1517,712.7,10.5,443,14868,0.00,2.12,0.00,0.000,1030,0.000,0.029,3206,1716,1665,1813,1517,0,0,0,0,0,0,26.22,26.13,26.25,8.55,62.24
$GC,15088,1.08,279.1,3206,1714,1813,1517,686.7,10.4,449,15092,0.00,2.20,0.00,0.000,260,0.000,0.040,3206,3110,1665,1813,1517,0,0,0,0,0,0,26.60,26.03,26.60,8.55,62.52
$GC,15154,1.08,279.1,3206,3110,1813,1517,682.0,10.5,450,15158,0.00,2.10,0.00,0.000,1030,0.000,0.029,3206,1718,1664,1812,1517,0,0,0,0,0,0,26.21,26.12,26.24,8.55,62.60
$GC,15373,1.08,279.1,3206,1716,1813,1517,656.4,10.6,456,15377,0.00,2.17,0.00,0.000,260,0.000,0.040,3206,3117,1665,1813,1517,0,0,0,0,0,0,26.59,26.03,26.60,8.55,62.08
$GC,15439,1.08,279.1,3206,3117,1813,1516,651.5,10.7,457,15444,0.00,2.12,0.00,0.000,1030,0.000,0.029,3206,1707,1664,1812,1517,0,0,0,0,0,0,26.20,26.11,26.23,8.55,62.91
$GC,15658,1.14,279.1,3206,1705,1813,1516,625.0,10.9,463,15664,0.08,2.20,0.00,0.000,2308,0.105,0.039,3287,3118,1665,1813,1517,0,0,0,0,0,0,26.36,26.01,26.38,8.55,62.16
$GC,15706,1.14,279.1,3287,3118,1812,1517,619.2,11.3,464,15713,0.15,2.10,0.00,0.000,5126,0.125,0.028,3248,1725,1665,1813,1517,0,0,0,0,0,0,25.82,26.15,25.95,8.55,62.60
$GC,15903,1.14,279.1,3248,1725,1812,1517,595.7,11.6,469,15908,0.00,2.17,0.00,0.000,260,0.000,0.039,3249,3117,1664,1812,1517,0,0,0,0,0,0,26.60,26.01,26.60,8.54,62.04
$GC,15948,1.14,279.1,3248,3118,1813,1517,590.4,11.7,470,15953,0.00,2.12,0.00,0.000,1030,0.000,0.028,3256,1716,1664,1812,1517,0,0,0,0,0,0,26.22,26.14,26.25,8.54,62.87
$GC,16152,1.14,279.1,3255,1715,1813,1517,567.6,11.1,475,16157,0.00,2.17,0.00,0.000,260,0.000,0.039,3256,3113,1664,1812,1517,0,0,0,0,0,0,26.60,26.00,26.60,8.54,62.44
$GC,16215,1.14,279.1,3256,3113,1813,1517,562.7,11.0,476,16220,0.00,2.12,0.00,0.000,1030,0.000,0.028,3266,1710,1665,1813,1517,0,0,0,0,0,0,26.20,26.13,26.23,8.55,62.28
$GC,16440,1.14,279.1,3265,1710,1813,1516,536.8,10.5,482,16444,0.00,2.22,0.00,0.000,260,0.000,0.040,3266,3115,1665,1813,1517,0,0,0,0,0,0,26.60,26.00,26.60,8.54,62.64
$GC,16502,1.14,279.1,3265,3116,1813,1517,531.8,10.6,483,16507,0.00,2.12,0.00,0.000,1030,0.000,0.028,3275,1701,1665,1813,1517,0,0,0,0,0,0,26.18,26.10,26.22,8.54,62.87
$GC,16728,1.14,279.1,3274,1700,1813,1517,507.0,10.2,489,16732,0.00,2.20,0.00,0.000,260,0.000,0.039,3275,3111,1664,1813,1516,0,0,0,0,0,0,26.60,25.98,26.60,8.55,63.19
$GC,16794,1.14,279.1,3274,3114,1812,1517,502.1,10.2,490,16800,0.10,2.10,0.00,0.000,5126,0.145,0.028,3253,1728,1665,1813,1517,0,0,0,0,0,0,25.86,26.13,25.97,8.55,62.04
$GC,17009,1.14,281.3,3252,1727,1813,1516,478.5,9.9,496,17013,0.00,2.17,0.00,0.000,260,0.000,0.040,3253,3121,1665,1813,1517,0,0,0,0,0,0,26.60,25.98,26.60,8.55,62.16
$GC,17036,1.15,283.5,3252,3121,1813,1517,478.5,9.9,496,17051,0.00,2.15,5.22,0.778,9222,0.000,0.028,3261,1719,1648,1796,1501,0,0,0,0,0,0,26.13,26.10,23.74,8.55,62.01
$GC,17254,1.15,283.5,3260,1718,1796,1501,452.7,10.7,502,17258,0.00,2.17,0.00,0.000,260,0.000,0.040,3260,3113,1648,1796,1501,0,0,0,0,0,0,26.55,25.94,26.56,8.55,62.95
$GC,17292,1.15,283.5,3260,3114,1796,1501,452.7,10.7,502,17299,0.00,2.10,0.00,0.000,1030,0.000,0.028,3270,1720,1648,1796,1501,0,0,0,0,0,0,26.16,26.08,26.19,8.55,62.48
$GC,17497,1.15,283.5,3269,1720,1796,1501,425.6,11.0,508,17502,0.00,2.17,0.00,0.000,260,0.000,0.039,3269,3117,1648,1796,1501,0,0,0,0,0,0,26.58,25.95,26.58,8.55,62.32
$GC,17529,1.15,283.5,3269,3117,1796,1501,425.6,11.0,508,17533,0.00,2.12,0.00,0.000,1030,0.000,0.028,3278,1713,1648,1796,1501,0,0,0,0,0,0,26.17,26.10,26.20,8.55,62.44
$GC,17745,1.15,283.5,3278,1713,1796,1501,397.3,11.6,514,17749,0.00,2.25,0.00,0.000,516,0.000,0.044,3289,313,1648,1796,1501,0,0,0,0,0,0,26.59,25.88,26.60,8.55,62.20
$GC,17791,1.15,283.5,3289,313,1796,1501,391.6,11.8,515,17796,0.12,2.12,0.00,0.000,5126,0.135,0.025,3249,1731,1649,1796,1502,0,0,0,0,0,0,25.78,26.11,25.90,8.55,62.71
$GC,17986,1.15,283.5,3249,1731,1796,1501,369.7,11.1,520,17991,0.00,2.15,0.00,0.000,260,0.000,0.040,3249,3110,1648,1796,1501,0,0,0,0,0,0,26.59,25.94,26.60,8.56,62.83
$GC,18088,1.15,283.5,3249,3109,1796,1501,360.2,11.1,522,18093,0.00,2.10,0.00,0.000,1030,0.000,0.028,3257,1719,1648,1796,1501,0,0,0,0,0,0,26.18,26.10,26.20,8.56,61.89
$GC,18312,1.15,283.5,3257,1717,1796,1501,333.9,10.9,528,18316,0.00,2.17,0.00,0.000,260,0.000,0.040,3257,3114,1648,1796,1501,0,0,0,0,0,0,26.60,25.94,26.60,8.56,62.28
$GC,18349,1.15,283.5,3256,3115,1796,1501,333.9,10.9,528,18357,0.00,2.10,0.00,0.000,1030,0.000,0.028,3266,1715,1648,1796,1501,0,0,0,0,0,0,26.17,26.10,26.20,8.56,62.16
$GC,18556,1.15,283.5,3266,1714,1796,1501,307.7,10.6,534,18560,0.00,2.17,0.00,0.000,260,0.000,0.040,3266,3108,1648,1796,1501,0,0,0,0,0,0,26.60,25.94,26.60,8.57,61.85
$GC,18622,1.15,283.5,3266,3108,1796,1501,302.8,10.7,535,18626,0.00,2.10,0.00,0.000,1030,0.000,0.028,3276,1723,1648,1796,1501,0,0,0,0,0,0,26.17,26.09,26.20,8.57,62.01
$GC,18840,1.15,283.5,3275,1722,1796,1501,277.9,10.2,541,18845,0.00,2.28,0.00,0.000,516,0.000,0.044,3286,288,1648,1796,1501,0,0,0,0,0,0,26.60,25.86,26.60,8.57,61.53
$GC,18887,1.15,283.5,3285,288,1797,1501,273.5,10.1,542,18892,0.10,2.15,0.00,0.000,5126,0.138,0.025,3254,1720,1648,1796,1501,0,0,0,0,0,0,25.84,26.11,25.94,8.57,61.45
$GC,19088,1.16,297.6,3253,1719,1796,1501,254.5,9.4,547,19109,0.00,2.20,15.18,0.848,8452,0.000,0.038,3254,3111,1587,1742,1433,0,0,0,0,0,0,26.60,24.59,23.86,8.58,61.69
$GC,19217,1.17,303.5,3253,3111,1742,1433,242.9,9.7,550,19230,0.00,2.12,6.70,0.728,9222,0.000,0.028,3262,1702,1564,1720,1409,0,0,0,0,0,0,26.01,25.94,23.87,8.57,60.98
$GC,19444,1.17,303.5,3261,1702,1720,1409,218.6,10.2,556,19448,0.00,2.20,0.00,0.000,260,0.000,0.040,3262,3108,1564,1720,1409,0,0,0,0,0,0,26.45,25.86,26.46,8.57,61.10
$GC,19510,1.17,303.5,3261,3110,1720,1409,214.0,10.3,557,19515,0.00,2.12,0.00,0.000,1030,0.000,0.028,3270,1723,1564,1720,1409,0,0,0,0,0,0,26.04,26.01,26.06,8.57,60.90
$GC,19710,1.17,303.6,3269,1722,1720,1408,191.6,10.0,564,19714,0.00,2.17,0.00,0.000,260,0.000,0.040,3269,3112,1564,1720,1409,0,0,0,0,0,0,26.53,25.91,26.53,8.57,61.38
$GC,19777,1.17,303.6,3269,3114,1720,1409,184.8,10.2,567,19781,0.00,2.10,0.00,0.000,1030,0.000,0.027,3279,1721,1564,1720,1409,0,0,0,0,0,0,26.14,26.06,26.17,8.58,60.78
$GC,19975,1.17,303.6,3278,1720,1720,1409,163.4,11.1,577,19979,0.00,2.17,0.00,0.000,260,0.000,0.039,3278,3112,1564,1720,1408,0,0,0,0,0,0,26.56,25.94,26.58,8.58,60.86
$GC,20058,1.17,303.6,3278,3113,1720,1409,153.2,12.4,581,20063,0.00,2.10,0.00,0.000,1030,0.000,0.028,3288,1702,1564,1720,1409,0,0,0,0,0,0,26.15,26.06,26.17,8.58,60.90
$GC,20264,1.17,303.6,3287,1701,1720,1409,129.1,11.8,591,20267,0.00,2.20,0.00,0.000,260,0.000,0.038,3288,3111,1564,1719,1409,0,0,0,0,0,0,26.58,25.94,26.59,8.58,60.86
$GC,20347,1.17,303.6,3287,3113,1720,1409,119.1,11.8,595,20354,0.12,2.10,0.00,0.000,5126,0.132,0.027,3257,1710,1564,1720,1409,0,0,0,0,0,0,25.79,26.08,25.90,8.59,61.06
$GC,20549,1.17,308.0,3256,1710,1720,1408,98.9,9.8,605,20560,0.00,2.20,5.40,0.612,8452,0.000,0.038,3256,3105,1546,1703,1389,0,0,0,0,0,0,26.59,25.25,24.07,8.59,60.78
$GC,20644,1.19,327.1,3256,3105,1701,1389,91.5,9.1,609,20669,0.00,2.08,17.67,0.747,9222,0.000,0.027,3264,1716,1468,1633,1304,0,0,0,0,0,0,26.14,26.06,24.01,8.59,60.43
$GC,20850,1.24,379.4,3264,1716,1633,1304,73.1,7.6,620,20900,0.00,2.28,43.95,0.754,8452,0.000,0.039,3264,3111,1256,1431,1081,0,0,0,0,0,0,26.41,24.87,23.84,8.61,60.90
$GC,20945,1.30,438.6,3264,3111,1431,1081,67.2,7.3,624,21020,0.00,2.12,62.62,0.720,9222,0.000,0.026,3272,1727,1015,1140,890,0,0,0,0,1,0,25.70,25.63,23.71,8.60,60.63
$GC,21210,1.44,485.1,3272,1727,1139,889,46.4,7.9,640,21259,0.15,0.00,44.45,0.708,10502,0.060,0.000,3380,1726,824,909,740,0,0,0,0,0,0,26.01,24.80,23.93,8.65,62.44
$GC,21440,1.46,505.8,3380,1726,907,739,21.3,9.1,663,21464,0.00,2.20,13.93,0.617,8452,0.000,0.038,3380,3104,739,813,666,0,0,0,0,0,0,26.26,25.15,24.18,8.70,62.04
$GC,21508,1.46,505.8,3380,3104,813,666,13.5,12.7,669,21514,0.08,2.15,0.00,0.000,5126,0.132,0.026,3352,1705,739,813,666,0,0,0,0,0,0,25.52,25.79,25.66,8.72,60.98
$STATE,21631,end climb,SURFACE_DEPTH_REACHED
$STATE,21631,begin surface coast
$FINISH,-0.3,1.022531
$STATE,21653,end surface coast,CONTROL_FINISHED_OK
$STATE,21654,begin surface
$SM_CCo,21675,38.00,0.054,0,0,498,565.66
$SM_GC,-0.28,8.10,0.80,38.00,0.025,0.036,0.054,177,2226,498,-8.30,-1.72,565.66,0,0,0,0,0,0,26.03,25.95,25.72
$IRIDIUM_FIX,735.17,-14029.77,130325,215518
$TT8_MAMPS,0.026964,0.387982
$HUMID,57.44
$INTERNAL_PRESSURE,8.69302
$TCM_TEMP,19.40
$XPDR_PINGS,0
$ALTIM_TOP_PING,19.7,19.0
$24V_AH,22.94,73.611
$10V_AH,9.53,49.988
$FG_AHR_24Vo,0.000
$FG_AHR_10Vo,0.000
$DEVICES,Pitch_motor,Roll_motor,VBD_pump_during_apogee,VBD_pump_during_surface,VBD_valve,Iridium_during_init,Iridium_during_connect,Iridium_during_xfer,Transponder_ping,GUMSTIX_24V,GPS,TT8,LPSleep,TT8_Active,TT8_Sampling,TT8_CF8,TT8_Kalman,Analog_circuits,GPS_charging,Compass,RAFOS,Transponder,Compass2
$DEVICE_SECS,21.925,292.650,624.875,38.000,0.000,0.000,0.000,531.275,0.250,0.000,27.887,3198.053,14316.011,803.653,3780.628,531.237,0.000,3160.930,0.000,3072.953,0.000,2.791,0.000
$DEVICE_MAMPS,205.785,54.315,1344.105,54.315,0.000,0.000,0.000,87.210,420.000,0.000,30.710,15.210,2.190,15.210,43.670,53.410,0.000,14.000,0.000,8.240,0.000,30.000,0.000
$SENSORS,SBE_CT,WL_blue_red_Chl,AA4330,nil,nil,nil,nil,nil,nil,nil
$SENSOR_SECS,594.116,0.000,912.749,0.000,0.000,0.000,0.000,0.000,0.000,0.000
$SENSOR_MAMPS,22.470,0.000,11.230,0.000,0.000,0.000,0.000,0.000,0.000,0.000
$MEM,311976
$DATA_FILE_SIZE,52277,683
$CAP_FILE_SIZE,255904,0
$CFSIZE,2097872896,2033516544
$ERRORS,0,0,0,0,0,0,0,0,0,0,0,0,0,1,1,0
$CURRENT,0.145,357.72,1
$GPS,290705,040738,736.539,-14031.138,37,1.0,68,9.3,0.4,205.3,9,4.9
