version: 66.14
glider: 195
mission: 21
dive: 81
start: 4 23 105 15 33 44
data:
$ID,195
$MISSION,21
$DIVE,81
$N_DIVES,0
$STOP_T,0
$D_SURF,3
$D_FLARE,2
$D_TGT,990
$D_ABORT,1090
$D_NO_BLEED,50
$D_BOOST,3
$T_BOOST,0
$D_FINISH,0
$D_PITCH,0
$D_SAFE,0
$D_CALL,0
$SURFACE_URGENCY,0
$SURFACE_URGENCY_TRY,0
$SURFACE_URGENCY_FORCE,0
$T_DIVE,330
$T_MISSION,450
$T_ABORT,1440
$T_TURN,300
$T_TURN_SAMPINT,5
$T_NO_W,120
$T_LOITER,0
$T_SLOITER,60
$T_EPIRB,0
$USE_BATHY,0
$USE_ICE,0
$ICE_FREEZE_MARGIN,0.30000001
$D_OFFGRID,990
$T_WATCHDOG,10
$RELAUNCH,1
$APOGEE_PITCH,-8
$MAX_BUOY,150
$COURSE_BIAS,0
$GLIDE_SLOPE,30
$SPEED_FACTOR,1
$RHO,1.023
$MASS,54002
$MASS_COMP,0
$NAV_MODE,2
$FERRY_MAX,45
$KALMAN_USE,2
$HD_A,0.0038000001
$HD_B,0.0099999998
$HD_C,9.8500004e-06
$HEADING,-1
$ESCAPE_HEADING,0
$ESCAPE_HEADING_DELTA,10
$FIX_MISSING_TIMEOUT,0
$TGT_DEFAULT_LAT,4736
$TGT_DEFAULT_LON,-12225
$TGT_AUTO_DEFAULT,0
$SM_CC,250
$N_FILEKB,4
$FILEMGR,0
$CALL_NDIVES,1
$COMM_SEQ,0
$PROTOCOL,9
$N_NOCOMM,1
$NOCOMM_ACTION,0
$N_NOSURFACE,0
$UPLOAD_DIVES_MAX,-1
$CALL_TRIES,5
$CALL_WAIT,60
$CAPUPLOAD,0
$CAPMAXSIZE,200000
$HEAPDBG,0
$T_GPS,15
$N_GPS,50840
$T_RSLEEP,2
$STROBE,0
$RAFOS_PEAK_OFFSET,1.5
$RAFOS_CORR_THRESH,60
$RAFOS_HIT_WINDOW,3600
$RAFOS_MMODEM,0
$PITCH_MIN,207
$PITCH_MAX,3915
$C_PITCH,2880
$PITCH_DBAND,0.1
$PITCH_CNV,0.003125763
$P_OVSHOOT,0.039999999
$P_OVSHOOT_WITHG,0.079999998
$PITCH_GAIN,24
$PITCH_TIMEOUT,17
$PITCH_AD_RATE,160
$PITCH_MAXERRORS,1
$PITCH_ADJ_GAIN,0.02
$PITCH_ADJ_DBAND,2.5
$ROLL_MIN,224
$ROLL_MAX,3758
$ROLL_DEG,40
$C_ROLL_DIVE,2200
$C_ROLL_CLIMB,1700
$HEAD_ERRBAND,20
$ROLL_CNV,0.028270001
$ROLL_TIMEOUT,15
$R_PORT_OVSHOOT,47
$R_STBD_OVSHOOT,42
$ROLL_AD_RATE,350
$ROLL_MAXERRORS,2
$ROLL_ADJ_GAIN,0
$ROLL_ADJ_DBAND,0
$VBD_MIN,500
$VBD_MAX,3960
$C_VBD,2707
$VBD_DBAND,2
$VBD_CNV,-0.24529999
$VBD_LP_IGNORE,0
$VBD_TIMEOUT,720
$PITCH_VBD_SHIFT,0.001
$VBD_PUMP_AD_RATE_SURFACE,5
$VBD_PUMP_AD_RATE_APOGEE,4
$VBD_BLEED_AD_RATE,8
$UNCOM_BLEED,60
$VBD_MAXERRORS,1
$W_ADJ_DBAND,0
$DBDW,0
$PITCH_W_GAIN,0
$PITCH_W_DBAND,0
$CF8_MAXERRORS,5
$AH0_24V,150
$AH0_10V,97
$MINV_24V,19
$MINV_10V,8
$MAXI_24V,0.80000001
$MAXI_10V,0.60000002
$FG_AHR_10V,0
$FG_AHR_24V,0
$PHONE_SUPPLY,-2
$PRESSURE_YINT,-49.397121
$PRESSURE_SLOPE,0.0001168043
$AD7714Ch0Gain,128
$TCM_PITCH_OFFSET,0
$TCM_ROLL_OFFSET,0
$COMPASS_USE,4
$ALTIM_BOTTOM_PING_RANGE,0
$ALTIM_TOP_PING_RANGE,20
$ALTIM_BOTTOM_TURN_MARGIN,0
$ALTIM_TOP_TURN_MARGIN,0
$ALTIM_TOP_MIN_OBSTACLE,1
$ALTIM_PING_DEPTH,0
$ALTIM_PING_DELTA,0
$ALTIM_FREQUENCY,13
$ALTIM_PULSE,3
$ALTIM_SENSITIVITY,3
$XPDR_VALID,5
$XPDR_INHIBIT,90
$INT_PRESSURE_SLOPE,0.0097660003
$INT_PRESSURE_YINT,-0.77999997
$DEEPGLIDER,0
$MOTHERBOARD,4
$DEVICE1,2
$DEVICE2,115
$DEVICE3,101
$DEVICE4,-1
$DEVICE5,-1
$DEVICE6,-1
$LOGGERS,0
$LOGGERDEVICE1,-1
$LOGGERDEVICE2,-1
$LOGGERDEVICE3,-1
$LOGGERDEVICE4,-1
$COMPASS_DEVICE,33
$COMPASS2_DEVICE,-1
$PHONE_DEVICE,49
$GPS_DEVICE,32
$RAFOS_DEVICE,-1
$XPDR_DEVICE,24
$SIM_W,0
$SIM_PITCH,0
$SEABIRD_T_G,0.0044178674
$SEABIRD_T_H,0.00064818078
$SEABIRD_T_I,2.6779007e-05
$SEABIRD_T_J,3.3667231e-06
$SEABIRD_C_G,-10.098215
$SEABIRD_C_H,1.1454017
$SEABIRD_C_I,-0.0021276253
$SEABIRD_C_J,0.00025532115
$SEABIRD_C_Z,2974.52
$GPS1,230405,152039,123.2016,-13904.9707,42,0.8,57,9.4,1.3,295.5,10,4.9
$_CALLS,1
$_XMS_NAKs,0
$_XMS_TOUTs,0
$_SM_DEPTHo,0.38
$_SM_ANGLEo,-59.7
$GPS2,230405,153304,123.2218,-13905.4375,8,0.9,27,9.4,1.2,277.9,9,5.0
$SPEED_LIMITS,0.173,0.262
$TGT_NAME,WEST
$TGT_LATLONG,150.000,-14000.000
$TGT_RADIUS,200.000
$KALMAN_CONTROL,0.000000,0.000000
$KALMAN_X,0.000000,0.000000,0.000000,0.000000,0.000000
$KALMAN_Y,0.000000,0.000000,0.000000,0.000000,0.000000
$MHEAD_RNG_PITCHd_Wd,289.9,112517,-18.1,-10.000,-20.93,2235
$D_GRID,990
$GCHEAD,st_secs,pitch_ctl,vbd_ctl,pitch_ad_start,roll_ad_start,vbd_pot1_ad_start,vbd_pot2_ad_start,depth,ob_vertv,data_pts,end_secs,pitch_secs,roll_secs,vbd_secs,vbd_i,gcphase,pitch_i,roll_i,pitch_ad,roll_ad,vbd_ad,vbd_pot1_ad,vbd_pot2_ad,pitch_retries,pitch_errors,roll_retries,roll_errors,vbd_retries,vbd_errors,pitch_volts,roll_volts,vbd_volts,int_press,humidity
$STATE,6,end surface,CONTROL_FINISHED_OK
$STATE,6,begin dive
$GC,73,-0.90,-146.6,159,2203,1358,1059,0.4,0.4,12,135,0.00,0.00,-59.88,0.000,16386,0.000,0.000,159,2204,2785,2805,2765,0,0,0,0,0,0,26.41,28.83,26.41,8.93,45.31
$GC,139,-0.90,-146.6,159,2203,2806,2765,2.0,-4.0,21,169,9.12,2.17,-12.60,0.000,18692,0.213,0.053,2572,3615,3306,3330,3283,0,0,0,0,0,0,25.79,25.57,25.95,9.08,44.72
$GC,486,-0.72,-146.6,2571,3615,3337,3283,77.0,-20.4,73,491,0.25,2.05,0.00,0.000,3078,0.145,0.021,2649,2161,3310,3337,3283,0,0,0,0,0,0,26.06,26.36,26.25,9.14,45.27
$GC,801,-0.72,-146.6,2648,2161,3340,3283,107.7,-5.5,98,807,0.00,2.22,0.00,0.000,260,0.000,0.041,2640,3614,3311,3340,3283,0,0,0,0,0,0,26.70,26.34,26.70,9.14,45.66
$GC,1116,-0.72,-146.6,2640,3613,3342,3283,124.7,-6.1,113,1121,0.00,1.98,0.00,0.000,1030,0.000,0.020,2640,2201,3312,3341,3283,0,0,0,0,0,0,26.53,26.48,26.55,9.10,45.23
$GC,1432,-0.72,-146.6,2640,2200,3342,3283,145.4,-7.7,129,1436,0.00,2.15,0.00,0.000,260,0.000,0.041,2630,3611,3312,3342,3283,0,0,0,0,0,0,26.76,26.39,26.77,9.07,45.15
$GC,1749,-0.72,-146.6,2630,3611,3342,3283,171.6,-7.8,144,1753,0.00,2.00,0.00,0.000,1030,0.000,0.021,2630,2195,3312,3342,3283,0,0,0,0,0,0,26.56,26.52,26.58,9.04,45.43
$GC,2067,-0.72,-146.6,2630,2195,3342,3283,195.6,-7.9,160,2069,0.00,0.00,0.00,0.000,6,0.000,0.000,2630,2194,3312,3342,3283,0,0,0,0,0,0,26.77,26.78,26.78,9.03,46.69
$GC,2368,-0.72,-146.6,2630,2195,3342,3284,221.7,-9.1,175,2372,0.00,2.15,0.00,0.000,260,0.000,0.042,2619,3611,3312,3342,3283,0,0,0,0,0,0,26.77,26.41,26.79,9.01,46.61
$GC,2584,-0.72,-146.6,2619,3611,3342,3283,239.3,-7.8,185,2588,0.00,1.98,0.00,0.000,1030,0.000,0.021,2619,2204,3312,3342,3283,0,0,0,0,0,0,26.57,26.52,26.58,8.98,47.67
$GC,2898,-0.72,-146.6,2618,2203,3341,3283,263.9,-7.6,201,2902,0.00,2.15,0.00,0.000,260,0.000,0.042,2608,3615,3312,3341,3283,0,0,0,0,0,0,26.78,26.41,26.79,8.97,48.50
$GC,3039,-0.72,-146.6,2608,3615,3341,3283,274.2,-8.1,207,3047,0.12,2.00,0.00,0.000,3078,0.140,0.021,2649,2194,3312,3341,3283,0,0,0,0,0,0,26.27,26.51,26.41,8.95,48.50
$GC,3347,-0.79,-146.6,2648,2194,3340,3283,296.5,-7.1,223,3352,0.00,2.15,0.00,0.000,260,0.000,0.043,2642,3602,3311,3340,3283,0,0,0,0,0,0,26.78,26.41,26.79,8.94,49.40
$GC,3422,-0.84,-146.6,2641,3603,3339,3283,301.7,-7.4,226,3426,0.00,1.98,0.00,0.000,1030,0.000,0.022,2642,2202,3311,3339,3283,0,0,0,0,0,0,26.56,26.51,26.58,8.94,49.05
$GC,3747,-0.90,-146.6,2641,2201,3339,3280,327.2,-7.7,237,3752,0.10,2.03,0.00,0.000,4612,0.078,0.034,2542,828,3309,3339,3280,0,0,0,0,0,0,26.57,26.44,26.60,8.93,49.52
$GC,3845,-0.90,-146.6,2541,828,3338,3280,338.0,-10.3,240,3851,0.17,2.00,0.00,0.000,3078,0.144,0.029,2588,2208,3309,3338,3280,0,0,0,0,0,0,26.21,26.46,26.38,8.92,49.52
$GC,4176,-0.90,-146.6,2587,2208,3337,3277,372.5,-10.8,251,4180,0.00,2.05,0.00,0.000,516,0.000,0.034,2588,821,3307,3337,3278,0,0,0,0,0,0,26.78,26.43,26.79,8.92,50.35
$GC,4336,-0.90,-146.6,2587,821,3336,3278,390.2,-11.4,256,4340,0.00,2.03,0.00,0.000,1030,0.000,0.030,2581,2207,3306,3336,3277,0,0,0,0,0,0,26.53,26.46,26.55,8.91,50.43
$GC,4671,-0.90,-146.6,2580,2207,3335,3274,427.5,-10.4,267,4675,0.00,2.12,0.00,0.000,260,0.000,0.044,2571,3602,3304,3335,3274,0,0,0,0,0,0,26.78,26.39,26.79,8.90,50.31
$GC,4986,-0.90,-146.6,2570,3603,3332,3273,460.6,-10.1,277,4990,0.00,2.00,0.00,0.000,1030,0.000,0.024,2571,2198,3302,3332,3273,0,0,0,0,0,0,26.55,26.50,26.58,8.88,51.22
$GC,5315,-0.90,-146.6,2570,2199,3331,3272,491.3,-9.1,288,5317,0.00,0.00,0.00,0.000,6,0.000,0.000,2571,2199,3301,3331,3272,0,0,0,0,0,0,26.78,26.79,26.79,8.87,51.18
$GC,5615,-0.90,-146.6,2570,2199,3330,3271,517.8,-9.0,298,5616,0.00,0.00,0.00,0.000,6,0.000,0.000,2571,2199,3300,3329,3271,0,0,0,0,0,0,26.78,26.79,26.79,8.85,52.12
$GC,5915,-0.90,-146.6,2570,2198,3329,3269,545.5,-9.4,308,5917,0.00,0.00,0.00,0.000,6,0.000,0.000,2571,2198,3298,3328,3269,0,0,0,0,0,0,26.78,26.79,26.79,8.84,52.08
$GC,6215,-0.90,-146.6,2570,2198,3327,3267,574.4,-9.7,318,6219,0.00,2.20,0.00,0.000,260,0.000,0.045,2561,3605,3297,3327,3268,0,0,0,0,0,0,26.78,26.37,26.79,8.83,52.48
$GC,6375,-0.90,-146.6,2560,3605,3325,3266,590.8,-10.6,323,6380,0.00,2.03,0.00,0.000,1030,0.000,0.024,2561,2202,3295,3325,3266,0,0,0,0,0,0,26.55,26.49,26.57,8.82,53.42
$GC,6709,-0.90,-146.6,2560,2202,3324,3264,625.3,-10.1,334,6714,0.00,2.20,0.00,0.000,260,0.000,0.046,2552,3600,3294,3324,3264,0,0,0,0,0,0,26.78,26.37,26.79,8.81,53.50
$GC,6774,-0.90,-146.6,2551,3600,3323,3264,632.0,-10.3,336,6781,0.12,2.03,0.00,0.000,3078,0.151,0.024,2589,2193,3293,3323,3264,0,0,0,0,0,0,26.20,26.48,26.36,8.81,53.42
$GC,7106,-0.90,-146.6,2589,2194,3323,3262,660.5,-8.3,347,7108,0.00,0.00,0.00,0.000,6,0.000,0.000,2590,2193,3292,3323,3262,0,0,0,0,0,0,26.78,26.79,26.79,8.80,54.01
$GC,7407,-0.90,-146.6,2589,2193,3323,3261,684.7,-8.0,357,7409,0.00,0.00,0.00,0.000,6,0.000,0.000,2589,2193,3292,3323,3261,0,0,0,0,0,0,26.78,26.79,26.79,8.79,53.74
$GC,7707,-0.90,-146.6,2588,2193,3323,3259,707.4,-7.3,367,7708,0.00,0.00,0.00,0.000,6,0.000,0.000,2589,2193,3290,3323,3258,0,0,0,0,0,0,26.78,26.79,26.79,8.78,53.70
$GC,8006,-0.90,-146.6,2589,2193,3322,3258,729.3,-7.2,377,8007,0.00,0.00,0.00,0.000,6,0.000,0.000,2589,2192,3290,3322,3258,0,0,0,0,0,0,26.79,26.79,26.79,8.78,53.89
$GC,8306,-0.90,-146.6,2588,2193,3320,3257,751.7,-7.8,387,8308,0.00,0.00,0.00,0.000,6,0.000,0.000,2589,2193,3288,3319,3258,0,0,0,0,0,0,26.78,26.79,26.79,8.77,54.68
$GC,8608,-0.90,-146.6,2589,2193,3318,3256,776.5,-8.8,397,8611,0.00,2.20,0.00,0.000,260,0.000,0.047,2582,3607,3287,3318,3256,0,0,0,0,0,0,26.78,26.33,26.79,8.76,54.88
$GC,8674,-0.90,-146.6,2581,3608,3317,3255,783.0,-9.3,399,8679,0.00,2.08,0.00,0.000,1030,0.000,0.027,2582,2206,3286,3317,3255,0,0,0,0,0,0,26.49,26.47,26.52,8.75,55.00
$GC,9004,-0.90,-146.6,2581,2205,3317,3254,814.8,-9.5,410,9008,0.00,2.10,0.00,0.000,516,0.000,0.038,2582,809,3285,3317,3254,0,0,0,0,0,0,26.78,26.36,26.79,8.75,55.07
$GC,9118,-0.90,-146.6,2581,809,3317,3254,824.1,-9.6,413,9122,0.00,2.05,0.00,0.000,1030,0.000,0.033,2572,2196,3285,3317,3254,0,0,0,0,0,0,26.49,26.40,26.51,8.75,54.68
$GC,9432,-0.90,-146.6,2572,2196,3316,3253,855.2,-9.0,424,9437,0.00,2.22,0.00,0.000,260,0.000,0.048,2562,3628,3284,3315,3253,0,0,0,0,0,0,26.78,26.31,26.79,8.75,55.31
$GC,9550,-0.90,-146.6,2562,3628,3314,3252,864.1,-9.3,427,9558,0.00,2.08,0.00,0.000,1030,0.000,0.028,2562,2199,3282,3313,3252,0,0,0,0,0,0,26.52,26.45,26.54,8.74,55.47
$GC,9858,-0.90,-146.6,2561,2199,3314,3251,892.4,-8.2,438,9859,0.00,0.00,0.00,0.000,6,0.000,0.000,2562,2199,3282,3313,3251,0,0,0,0,0,0,26.78,26.79,26.79,8.74,55.47
$GC,10158,-0.90,-146.6,2562,2200,3313,3250,915.4,-7.6,448,10160,0.00,0.00,0.00,0.000,6,0.000,0.000,2562,2199,3281,3312,3250,0,0,0,0,0,0,26.78,26.79,26.79,8.73,55.71
$GC,10458,-0.90,-146.6,2562,2199,3312,3249,936.6,-6.9,458,10459,0.00,0.00,0.00,0.000,6,0.000,0.000,2562,2199,3280,3312,3249,0,0,0,0,0,0,26.78,26.79,26.79,8.72,55.74
$GC,10758,-0.90,-146.6,2562,2199,3311,3247,959.4,-7.7,468,10762,0.00,2.22,0.00,0.000,260,0.000,0.049,2554,3600,3279,3311,3248,0,0,0,0,0,0,26.78,26.28,26.79,8.72,55.86
$GC,10815,-0.90,-146.6,2554,3600,3310,3248,962.2,-7.8,469,10824,0.10,2.05,0.00,0.000,3078,0.162,0.028,2584,2193,3279,3310,3248,0,0,0,0,0,0,26.15,26.44,26.30,8.72,55.55
$GC,11122,-0.90,-146.6,2584,2193,3310,3248,987.7,-7.8,480,11124,0.00,0.00,0.00,0.000,6,0.000,0.000,2584,2193,3279,3310,3248,0,0,0,0,0,0,26.77,26.79,26.79,8.72,55.98
$STATE,11150,end dive,TARGET_DEPTH_EXCEEDED
$STATE,11150,begin apogee
$GC,11158,-0.33,0.0,2584,1707,3310,3247,990.1,-7.9,481,11288,0.55,0.00,126.35,1.388,10246,0.111,0.000,2772,1706,2705,2802,2609,0,0,0,0,0,0,26.07,24.91,24.16,8.72,56.65
$STATE,11289,end apogee,CONTROL_FINISHED_OK
$STATE,11289,begin climb
$GC,11292,0.90,146.6,2771,1706,2798,2608,993.9,0.0,485,11433,1.12,0.00,136.12,1.340,10758,0.078,0.000,3164,1706,2107,2207,2008,0,0,0,0,0,0,25.11,24.58,23.88,8.68,54.76
$GC,11722,0.90,146.6,3164,1706,2201,2005,946.0,12.5,500,11728,0.00,2.22,0.00,0.000,516,0.000,0.050,3175,311,2102,2200,2005,0,0,0,0,0,0,26.26,25.92,26.27,8.61,55.04
$GC,11783,0.90,146.6,3174,311,2200,2005,938.0,12.9,502,11787,0.00,2.15,0.00,0.000,1030,0.000,0.031,3175,1709,2102,2200,2005,0,0,0,0,0,0,26.09,26.06,26.11,8.61,55.19
$GC,12119,0.84,146.6,3174,1709,2198,2004,893.0,13.5,513,12121,0.00,0.00,0.00,0.000,6,0.000,0.000,3175,1709,2100,2198,2003,0,0,0,0,0,0,26.56,26.58,26.58,8.61,55.94
$GC,12418,0.78,146.6,3174,1709,2197,2003,850.4,14.4,523,12424,0.15,2.22,0.00,0.000,4612,0.146,0.050,3137,305,2100,2197,2003,0,0,0,0,0,0,26.17,26.27,26.34,8.60,56.49
$GC,12461,0.78,146.6,3137,305,2198,2003,845.6,14.1,524,12466,0.00,2.10,0.00,0.000,1030,0.000,0.031,3137,1708,2100,2197,2003,0,0,0,0,0,0,26.44,26.36,26.46,8.60,56.93
$GC,12786,0.78,146.6,3137,1707,2196,2002,804.6,12.2,535,12787,0.00,0.00,0.00,0.000,6,0.000,0.000,3137,1707,2098,2196,2001,0,0,0,0,0,0,26.72,26.72,26.72,8.60,56.85
$GC,13086,0.78,146.6,3137,1707,2195,2001,769.4,11.4,545,13091,0.00,2.22,0.00,0.000,516,0.000,0.050,3147,304,2098,2195,2001,0,0,0,0,0,0,26.74,26.33,26.75,8.60,56.57
$GC,13144,0.78,146.6,3147,304,2195,2002,765.3,11.5,546,13152,0.00,2.10,0.00,0.000,1030,0.000,0.031,3148,1693,2098,2195,2002,0,0,0,0,0,0,26.46,26.42,26.48,8.59,56.37
$GC,13451,0.78,146.6,3147,1692,2194,2001,726.2,11.9,557,13455,0.00,2.15,0.00,0.000,260,0.000,0.044,3147,3095,2097,2194,2001,0,0,0,0,0,0,26.75,26.37,26.76,8.59,56.45
$GC,13487,0.78,146.6,3147,3095,2194,2001,722.1,11.9,558,13491,0.00,2.08,0.00,0.000,1030,0.000,0.034,3155,1705,2098,2194,2002,0,0,0,0,0,0,26.50,26.41,26.53,8.59,56.85
$GC,13816,0.78,146.6,3154,1703,2194,2001,681.1,12.4,569,13821,0.00,2.20,0.00,0.000,516,0.000,0.051,3166,305,2097,2194,2001,0,0,0,0,0,0,26.76,26.33,26.77,8.59,56.97
$GC,13933,0.78,146.6,3165,305,2194,2001,668.9,12.7,572,13942,0.10,2.10,0.00,0.000,5126,0.133,0.032,3134,1692,2097,2194,2001,0,0,0,0,0,0,26.20,26.44,26.29,8.60,56.57
$GC,14243,0.78,146.6,3133,1693,2193,2000,631.2,11.2,583,14244,0.00,0.00,0.00,0.000,6,0.000,0.000,3134,1693,2096,2193,2000,0,0,0,0,0,0,26.77,26.77,26.77,8.59,56.57
$GC,14541,0.78,146.6,3133,1693,2193,2000,597.8,11.0,593,14543,0.00,0.00,0.00,0.000,6,0.000,0.000,3134,1693,2096,2193,2000,0,0,0,0,0,0,26.77,26.77,26.78,8.60,56.77
$GC,14841,0.78,146.6,3133,1693,2193,2000,565.5,10.6,603,14845,0.00,2.17,0.00,0.000,260,0.000,0.044,3134,3105,2096,2193,1999,0,0,0,0,0,0,26.77,26.36,26.78,8.60,56.41
$GC,14936,0.78,146.6,3133,3106,2193,2000,554.6,11.3,606,14941,0.00,2.10,0.00,0.000,1030,0.000,0.034,3134,1701,2096,2193,2000,0,0,0,0,0,0,26.49,26.41,26.53,8.60,56.65
$GC,15271,0.78,146.6,3133,1700,2193,2000,517.4,11.3,617,15276,0.00,2.20,0.00,0.000,516,0.000,0.052,3134,307,2096,2193,2000,0,0,0,0,0,0,26.77,26.31,26.78,8.61,56.02
$GC,15328,0.78,146.6,3133,307,2193,2000,513.5,11.2,618,15336,0.00,2.10,0.00,0.000,1030,0.000,0.032,3134,1696,2096,2193,2000,0,0,0,0,0,0,26.46,26.42,26.49,8.61,56.30
$GC,15637,0.78,146.6,3133,1696,2193,2000,475.8,11.5,629,15639,0.00,0.00,0.00,0.000,6,0.000,0.000,3134,1696,2096,2193,2000,0,0,0,0,0,0,26.77,26.78,26.77,8.61,55.94
$GC,15936,0.78,146.6,3133,1696,2193,2000,441.4,11.3,639,15941,0.00,2.15,0.00,0.000,260,0.000,0.043,3134,3101,2096,2192,2000,0,0,0,0,0,0,26.77,26.35,26.78,8.61,56.41
$GC,15970,0.78,146.6,3133,3101,2193,2000,437.3,11.4,640,15974,0.00,2.10,0.00,0.000,1030,0.000,0.033,3134,1690,2096,2193,1999,0,0,0,0,0,0,26.48,26.40,26.52,8.61,56.02
$GC,16304,0.78,146.6,3133,1688,2193,2000,401.9,10.1,651,16305,0.00,0.00,0.00,0.000,6,0.000,0.000,3134,1688,2096,2193,2000,0,0,0,0,0,0,26.77,26.78,26.78,8.61,56.61
$GC,16604,0.79,153.7,3133,1688,2193,1999,372.8,9.7,661,16614,0.00,2.17,5.47,0.769,8708,0.000,0.050,3134,304,2077,2173,1981,0,0,0,0,0,0,26.77,26.26,25.39,8.62,55.94
$GC,16683,0.79,158.7,3133,303,2174,1981,366.9,9.8,663,16694,0.00,2.10,6.32,0.806,9222,0.000,0.031,3134,1715,2059,2156,1962,0,0,0,0,0,0,26.45,26.37,25.37,8.63,55.86
$GC,16994,0.79,158.7,3133,1715,2155,1961,332.5,10.5,674,16996,0.00,0.00,0.00,0.000,6,0.000,0.000,3134,1715,2058,2155,1961,0,0,0,0,0,0,26.66,26.67,26.67,8.63,56.06
$GC,17294,0.79,158.7,3133,1715,2155,1961,301.3,10.2,684,17299,0.00,2.25,0.00,0.000,516,0.000,0.050,3133,310,2058,2155,1961,0,0,0,0,0,0,26.71,26.28,26.72,8.65,55.35
$GC,17339,0.79,158.7,3133,310,2154,1962,296.8,10.3,686,17343,0.00,2.08,0.00,0.000,1030,0.000,0.030,3134,1709,2058,2155,1961,0,0,0,0,0,0,26.46,26.39,26.48,8.65,55.59
$GC,17663,0.79,158.7,3133,1709,2154,1961,263.3,10.5,702,17667,0.00,2.10,0.00,0.000,260,0.000,0.041,3134,3094,2058,2154,1962,0,0,0,0,0,0,26.74,26.35,26.74,8.67,54.88
$GC,17695,0.79,158.7,3134,3094,2154,1962,260.8,10.7,703,17699,0.00,2.08,0.00,0.000,1030,0.000,0.031,3134,1694,2057,2154,1961,0,0,0,0,0,0,26.47,26.39,26.50,8.67,55.47
$GC,18009,0.79,158.7,3133,1693,2155,1962,226.7,10.6,719,18014,0.00,2.15,0.00,0.000,260,0.000,0.040,3134,3103,2058,2155,1961,0,0,0,0,0,0,26.75,26.36,26.76,8.67,54.25
$GC,18055,0.79,158.7,3133,3103,2155,1961,222.0,10.6,721,18060,0.00,2.08,0.00,0.000,1030,0.000,0.031,3133,1700,2058,2155,1961,0,0,0,0,0,0,26.48,26.40,26.51,8.67,54.72
$GC,18380,0.80,162.2,3133,1697,2154,1961,189.8,9.8,737,18387,0.00,0.00,5.07,0.643,8198,0.000,0.000,3134,1697,2044,2139,1949,0,0,0,0,0,0,26.76,26.22,25.48,8.68,54.44
$GC,18679,0.80,162.2,3133,1697,2139,1947,157.5,11.1,752,18681,0.00,0.00,0.00,0.000,6,0.000,0.000,3133,1697,2043,2139,1947,0,0,0,0,0,0,26.72,26.74,26.74,8.69,54.52
$GC,18981,0.83,192.9,3133,1697,2139,1948,127.7,8.6,767,19020,0.00,2.20,28.60,0.806,8452,0.000,0.041,3134,3097,1916,2031,1802,0,0,0,0,0,0,26.74,25.86,25.24,8.70,53.97
$GC,19053,0.86,227.3,3133,3097,2031,1802,122.1,8.4,770,19090,0.00,2.10,30.55,0.782,9222,0.000,0.030,3134,1698,1776,1914,1639,0,0,0,0,0,0,26.09,26.02,24.91,8.69,53.62
$GC,19395,1.00,260.9,3133,1699,1914,1638,92.2,8.5,792,19427,0.15,0.00,28.42,0.748,10246,0.060,0.000,3232,1697,1641,1792,1491,0,0,0,0,0,0,26.22,25.62,25.08,8.71,53.18
$GC,19728,1.00,260.9,3232,1698,1788,1486,54.2,10.2,825,19736,0.10,0.00,0.00,0.000,4102,0.143,0.000,3201,1698,1637,1788,1486,0,0,0,0,0,0,26.08,26.22,26.17,8.77,54.37
$GC,20062,1.09,297.3,3201,1697,1787,1484,28.4,8.3,881,20091,0.00,2.25,24.02,0.666,8708,0.000,0.046,3201,304,1492,1657,1328,0,0,0,0,0,0,26.61,25.90,25.32,8.85,54.41
$GC,20168,1.21,326.6,3201,304,1656,1328,19.2,8.7,898,20191,0.12,2.12,15.55,0.594,11270,0.042,0.028,3301,1706,1371,1542,1200,0,0,0,0,0,0,26.11,26.10,25.28,8.85,52.55
$STATE,20284,end climb,SURFACE_DEPTH_REACHED
$STATE,20284,begin surface coast
$FINISH,-0.5,1.022932
$STATE,20306,end surface coast,CONTROL_FINISHED_OK
$STATE,20306,begin surface
$SM_CCo,20387,0.00,0.000,0,0,1367,328.70
$SM_GC,0.39,7.97,0.73,0.00,0.029,0.041,0.000,172,2190,1367,-8.29,-1.55,328.70,0,0,0,0,0,0,26.15,26.08,26.18
$IRIDIUM_FIX,122.53,-13855.14,071224,092236
$TT8_MAMPS,0.026964,0.386484
$HUMID,51.53
$INTERNAL_PRESSURE,8.84928
$TCM_TEMP,20.80
$XPDR_PINGS,0
$ALTIM_TOP_PING,19.9,19.9
$24V_AH,23.88,14.558
$10V_AH,10.26,14.424
$FG_AHR_24Vo,0.000
$FG_AHR_10Vo,0.000
$DEVICES,Pitch_motor,Roll_motor,VBD_pump_during_apogee,VBD_pump_during_surface,VBD_valve,Iridium_during_init,Iridium_during_connect,Iridium_during_xfer,Transponder_ping,GUMSTIX_24V,GPS,TT8,LPSleep,TT8_Active,TT8_Sampling,TT8_CF8,TT8_Kalman,Analog_circuits,GPS_charging,Compass,RAFOS,Transponder,Compass2
$DEVICE_SECS,20.275,124.125,406.500,0.000,0.000,0.000,0.000,578.200,0.250,0.000,27.207,3119.256,13826.862,516.494,3246.655,424.773,0.000,2323.246,0.000,2307.545,0.000,2.767,0.000
$DEVICE_MAMPS,212.670,52.785,1388.475,0.000,0.000,0.000,0.000,97.920,420.000,0.000,30.710,15.210,2.190,15.210,43.670,53.410,0.000,14.000,0.000,8.240,0.000,30.000,0.000
$SENSORS,SBE_CT,WL_blue_red_Chl,AA4330,nil,nil,nil,nil,nil,nil,nil
$SENSOR_SECS,794.853,1002.663,1277.130,0.000,0.000,0.000,0.000,0.000,0.000,0.000
$SENSOR_MAMPS,22.470,105.000,11.230,0.000,0.000,0.000,0.000,0.000,0.000,0.000
$MEM,312472
$DATA_FILE_SIZE,66149,922
$CAP_FILE_SIZE,169441,0
$CFSIZE,2097872896,2083094528
$ERRORS,0,0,0,0,0,0,0,0,0,0,0,0,0,0,2,0
$CURRENT,0.066,179.73,1
$GPS,230405,211506,123.926,-13907.291,40,0.8,52,9.4,1.6,285.0,11,4.9
