version: 66.14
glider: 195
mission: 21
dive: 613
start: 9 14 105 15 59 8
data:
$ID,195
$MISSION,21
$DIVE,613
$N_DIVES,0
$STOP_T,0
$D_SURF,3
$D_FLARE,2
$D_TGT,990
$D_ABORT,1090
$D_NO_BLEED,50
$D_BOOST,3
$T_BOOST,0
$D_FINISH,0
$D_PITCH,0
$D_SAFE,0
$D_CALL,0
$SURFACE_URGENCY,0
$SURFACE_URGENCY_TRY,0
$SURFACE_URGENCY_FORCE,0
$T_DIVE,330
$T_MISSION,600
$T_ABORT,1440
$T_TURN,300
$T_TURN_SAMPINT,5
$T_NO_W,120
$T_LOITER,0
$T_SLOITER,60
$T_EPIRB,0
$USE_BATHY,0
$USE_ICE,0
$ICE_FREEZE_MARGIN,0.30000001
$D_OFFGRID,990
$T_WATCHDOG,10
$RELAUNCH,1
$APOGEE_PITCH,-8
$MAX_BUOY,150
$COURSE_BIAS,0
$GLIDE_SLOPE,30
$SPEED_FACTOR,1
$RHO,1.023
$MASS,54002
$MASS_COMP,0
$NAV_MODE,2
$FERRY_MAX,45
$KALMAN_USE,2
$HD_A,0.0038000001
$HD_B,0.0099999998
$HD_C,9.8500004e-06
$HEADING,-1
$ESCAPE_HEADING,0
$ESCAPE_HEADING_DELTA,10
$FIX_MISSING_TIMEOUT,0
$TGT_DEFAULT_LAT,4736
$TGT_DEFAULT_LON,-12225
$TGT_AUTO_DEFAULT,0
$SM_CC,300
$N_FILEKB,4
$FILEMGR,0
$CALL_NDIVES,1
$COMM_SEQ,0
$PROTOCOL,9
$N_NOCOMM,1
$NOCOMM_ACTION,0
$N_NOSURFACE,0
$UPLOAD_DIVES_MAX,-1
$CALL_TRIES,5
$CALL_WAIT,60
$CAPUPLOAD,0
$CAPMAXSIZE,200000
$HEAPDBG,0
$T_GPS,15
$N_GPS,50840
$T_RSLEEP,2
$STROBE,0
$RAFOS_PEAK_OFFSET,1.5
$RAFOS_CORR_THRESH,60
$RAFOS_HIT_WINDOW,3600
$RAFOS_MMODEM,0
$PITCH_MIN,207
$PITCH_MAX,3915
$C_PITCH,2884
$PITCH_DBAND,0.1
$PITCH_CNV,0.003125763
$P_OVSHOOT,0.039999999
$P_OVSHOOT_WITHG,0.079999998
$PITCH_GAIN,19.15
$PITCH_TIMEOUT,17
$PITCH_AD_RATE,160
$PITCH_MAXERRORS,1
$PITCH_ADJ_GAIN,0.02
$PITCH_ADJ_DBAND,2.5
$ROLL_MIN,224
$ROLL_MAX,3758
$ROLL_DEG,40
$C_ROLL_DIVE,1800
$C_ROLL_CLIMB,2250
$HEAD_ERRBAND,10
$ROLL_CNV,0.028270001
$ROLL_TIMEOUT,15
$R_PORT_OVSHOOT,51
$R_STBD_OVSHOOT,46
$ROLL_AD_RATE,350
$ROLL_MAXERRORS,2
$ROLL_ADJ_GAIN,0
$ROLL_ADJ_DBAND,0
$VBD_MIN,500
$VBD_MAX,3960
$C_VBD,2806
$VBD_DBAND,2
$VBD_CNV,-0.24529999
$VBD_LP_IGNORE,0
$VBD_TIMEOUT,720
$PITCH_VBD_SHIFT,0.001
$VBD_PUMP_AD_RATE_SURFACE,5
$VBD_PUMP_AD_RATE_APOGEE,4
$VBD_BLEED_AD_RATE,8
$UNCOM_BLEED,60
$VBD_MAXERRORS,1
$W_ADJ_DBAND,0
$DBDW,0
$PITCH_W_GAIN,0
$PITCH_W_DBAND,0
$CF8_MAXERRORS,5
$AH0_24V,150
$AH0_10V,97
$MINV_24V,19
$MINV_10V,8
$MAXI_24V,0.80000001
$MAXI_10V,0.60000002
$FG_AHR_10V,0
$FG_AHR_24V,0
$PHONE_SUPPLY,-2
$PRESSURE_YINT,-49.397121
$PRESSURE_SLOPE,0.0001168043
$AD7714Ch0Gain,128
$TCM_PITCH_OFFSET,0
$TCM_ROLL_OFFSET,0
$COMPASS_USE,4
$ALTIM_BOTTOM_PING_RANGE,0
$ALTIM_TOP_PING_RANGE,20
$ALTIM_BOTTOM_TURN_MARGIN,0
$ALTIM_TOP_TURN_MARGIN,0
$ALTIM_TOP_MIN_OBSTACLE,1
$ALTIM_PING_DEPTH,0
$ALTIM_PING_DELTA,0
$ALTIM_FREQUENCY,13
$ALTIM_PULSE,3
$ALTIM_SENSITIVITY,3
$XPDR_VALID,5
$XPDR_INHIBIT,90
$INT_PRESSURE_SLOPE,0.0097660003
$INT_PRESSURE_YINT,-0.77999997
$DEEPGLIDER,0
$MOTHERBOARD,4
$DEVICE1,2
$DEVICE2,115
$DEVICE3,101
$DEVICE4,-1
$DEVICE5,-1
$DEVICE6,-1
$LOGGERS,0
$LOGGERDEVICE1,-1
$LOGGERDEVICE2,-1
$LOGGERDEVICE3,-1
$LOGGERDEVICE4,-1
$COMPASS_DEVICE,33
$COMPASS2_DEVICE,-1
$PHONE_DEVICE,49
$GPS_DEVICE,32
$RAFOS_DEVICE,-1
$XPDR_DEVICE,24
$SIM_W,0
$SIM_PITCH,0
$SEABIRD_T_G,0.0044178674
$SEABIRD_T_H,0.00064818078
$SEABIRD_T_I,2.6779007e-05
$SEABIRD_T_J,3.3667231e-06
$SEABIRD_C_G,-10.098215
$SEABIRD_C_H,1.1454017
$SEABIRD_C_I,-0.0021276253
$SEABIRD_C_J,0.00025532115
$SEABIRD_C_Z,2974.52
$GPS1,140905,155121,825.4323,-14251.8740,50,0.8,62,9.3,0.6,125.0,9,3.0
$_CALLS,1
$_XMS_NAKs,0
$_XMS_TOUTs,0
$_SM_DEPTHo,0.24
$_SM_ANGLEo,-57.4
$GPS2,140905,155828,825.4555,-14251.8682,7,0.8,20,9.3,0.0,327.6,9,3.8
$SPEED_LIMITS,0.173,0.262
$TGT_NAME,TX2
$TGT_LATLONG,1145.000,-14800.000
$TGT_RADIUS,10000.000
$KALMAN_CONTROL,0.000000,0.000000
$KALMAN_X,0.000000,0.000000,0.000000,0.000000,0.000000
$KALMAN_Y,0.000000,0.000000,0.000000,0.000000,0.000000
$MHEAD_RNG_PITCHd_Wd,280.8,669865,-18.1,-10.000,-20.93,2235
$D_GRID,990
$GCHEAD,st_secs,pitch_ctl,vbd_ctl,pitch_ad_start,roll_ad_start,vbd_pot1_ad_start,vbd_pot2_ad_start,depth,ob_vertv,data_pts,end_secs,pitch_secs,roll_secs,vbd_secs,vbd_i,gcphase,pitch_i,roll_i,pitch_ad,roll_ad,vbd_ad,vbd_pot1_ad,vbd_pot2_ad,pitch_retries,pitch_errors,roll_retries,roll_errors,vbd_retries,vbd_errors,pitch_volts,roll_volts,vbd_volts,int_press,humidity
$STATE,6,end surface,CONTROL_FINISHED_OK
$STATE,6,begin dive
$GC,74,-1.09,-146.6,151,1807,566,475,0.2,0.4,6,163,0.00,0.00,-86.57,0.000,16386,0.000,0.000,150,1808,2843,2859,2827,0,0,0,0,0,0,26.32,28.83,26.32,8.82,53.66
$GC,167,-1.09,-146.6,149,1808,2861,2828,2.8,-5.1,15,197,9.30,2.28,-12.77,0.000,18692,0.201,0.055,2516,3196,3406,3424,3389,0,0,0,0,0,0,24.71,23.64,24.90,9.05,53.11
$GC,302,-0.96,-146.6,2515,3196,3426,3389,22.1,-14.5,28,308,0.20,2.10,0.00,0.000,3078,0.137,0.027,2575,1791,3407,3426,3389,0,0,0,0,0,0,25.21,25.78,25.37,9.11,53.78
$GC,500,-0.89,-146.6,2575,1790,3428,3389,49.6,-13.8,47,504,0.00,2.20,0.00,0.000,516,0.000,0.041,2575,398,3408,3428,3389,0,0,0,0,0,0,26.42,25.53,26.43,9.13,54.56
$GC,607,-0.81,-146.6,2575,398,3429,3389,65.4,-14.6,53,613,0.12,2.17,0.00,0.000,3078,0.104,0.031,2621,1795,3409,3429,3389,0,0,0,0,0,0,25.27,25.75,25.41,9.14,53.85
$GC,810,-0.81,-146.6,2620,1795,3430,3389,85.0,-7.0,63,816,0.00,2.20,0.00,0.000,516,0.000,0.042,2621,408,3409,3430,3389,0,0,0,0,0,0,26.44,25.49,26.45,9.16,53.97
$GC,822,-0.81,-146.6,2620,408,3430,3389,85.0,-7.0,63,831,0.00,2.12,0.00,0.000,1030,0.000,0.029,2613,1804,3409,3430,3389,0,0,0,0,0,0,25.84,25.75,25.87,9.15,53.81
$GC,1010,-0.81,-146.6,2613,1804,3431,3389,97.7,-6.1,73,1014,0.00,2.17,0.00,0.000,260,0.000,0.039,2603,3205,3410,3431,3389,0,0,0,0,0,0,26.44,25.63,26.45,9.15,53.58
$GC,1182,-0.81,-146.6,2603,3206,3432,3389,108.0,-6.7,81,1187,0.00,2.08,0.00,0.000,1030,0.000,0.022,2603,1786,3411,3433,3389,0,0,0,0,0,0,25.95,25.88,25.97,9.14,53.26
$GC,1377,-0.81,-146.6,2602,1786,3435,3389,120.2,-6.3,91,1381,0.00,2.12,0.00,0.000,516,0.000,0.037,2603,412,3412,3435,3389,0,0,0,0,0,0,26.45,25.62,26.46,9.11,53.50
$GC,1409,-0.81,-146.6,2603,412,3435,3389,121.8,-6.4,92,1413,0.00,2.08,0.00,0.000,1030,0.000,0.024,2594,1806,3412,3435,3389,0,0,0,0,0,0,25.92,25.85,25.94,9.11,53.81
$GC,1603,-0.81,-146.6,2594,1806,3436,3389,134.5,-6.3,102,1608,0.00,2.17,0.00,0.000,260,0.000,0.043,2584,3192,3412,3436,3389,0,0,0,0,0,0,26.46,25.53,26.46,9.09,53.30
$GC,1760,-0.81,-146.6,2583,3192,3437,3389,143.1,-5.6,109,1768,0.12,2.08,0.00,0.000,3078,0.129,0.028,2623,1801,3413,3438,3389,0,0,0,0,0,0,25.48,25.80,25.58,9.07,53.50
$GC,1948,-0.86,-146.6,2623,1801,3439,3389,153.2,-5.6,119,1950,0.00,0.00,0.00,0.000,6,0.000,0.000,2623,1800,3414,3439,3389,0,0,0,0,0,0,26.46,26.47,26.47,9.05,54.13
$GC,2128,-0.92,-146.6,2623,1801,3439,3389,164.0,-6.0,128,2130,0.08,0.00,0.00,0.000,4102,0.095,0.000,2524,1801,3413,3439,3388,0,0,0,0,0,0,26.25,26.27,26.26,9.04,54.56
$GC,2308,-0.85,-146.6,2523,1801,3439,3389,177.7,-7.8,137,2315,0.28,2.20,0.00,0.000,2308,0.117,0.043,2604,3187,3414,3439,3389,0,0,0,0,0,0,25.48,25.51,25.60,9.03,55.27
$GC,2350,-0.85,-146.6,2603,3188,3439,3389,180.4,-7.1,139,2354,0.00,2.10,0.00,0.000,1030,0.000,0.029,2604,1797,3414,3439,3389,0,0,0,0,0,0,25.86,25.78,25.89,9.03,54.72
$GC,2554,-0.85,-146.6,2603,1796,3439,3389,193.7,-6.3,149,2559,0.00,2.20,0.00,0.000,516,0.000,0.043,2604,402,3414,3439,3389,0,0,0,0,0,0,26.47,25.53,26.48,9.01,55.47
$GC,2592,-0.85,-146.6,2603,402,3438,3389,195.3,-6.4,150,2599,0.00,2.12,0.00,0.000,1030,0.000,0.030,2595,1806,3414,3439,3389,0,0,0,0,0,0,25.89,25.81,25.91,9.01,55.71
$GC,2779,-0.85,-146.6,2594,1806,3439,3389,207.1,-5.8,157,2783,0.00,2.20,0.00,0.000,260,0.000,0.038,2584,3194,3414,3439,3389,0,0,0,0,0,0,26.47,25.64,26.48,9.00,56.65
$GC,2925,-0.85,-146.6,2584,3194,3439,3389,214.3,-5.9,160,2929,0.00,2.08,0.00,0.000,1030,0.000,0.024,2584,1787,3414,3439,3389,0,0,0,0,0,0,25.95,25.89,25.98,8.99,56.26
$GC,3148,-0.85,-146.6,2584,1785,3438,3389,229.3,-6.3,166,3153,0.00,2.17,0.00,0.000,516,0.000,0.037,2584,412,3414,3439,3389,0,0,0,0,0,0,26.47,25.61,26.48,8.98,56.49
$GC,3210,-0.85,-146.6,2584,412,3439,3389,232.3,-6.4,167,3218,0.10,2.08,0.00,0.000,3078,0.139,0.024,2606,1802,3414,3439,3389,0,0,0,0,0,0,25.58,25.86,25.66,8.97,56.73
$GC,3433,-0.91,-146.6,2605,1801,3438,3388,248.3,-6.8,173,3438,0.00,2.17,0.00,0.000,260,0.000,0.038,2598,3198,3413,3438,3389,0,0,0,0,0,0,26.47,25.63,26.48,8.97,58.03
$GC,3536,-0.96,-146.6,2598,3198,3437,3387,254.3,-6.9,175,3541,0.00,2.08,0.00,0.000,1030,0.000,0.023,2598,1794,3412,3437,3388,0,0,0,0,0,0,25.95,25.89,25.98,8.96,57.60
$GC,3762,-1.01,-146.6,2598,1793,3437,3386,273.2,-8.0,181,3769,0.08,2.15,0.00,0.000,4612,0.095,0.037,2506,411,3411,3437,3386,0,0,0,0,0,0,26.26,25.58,26.27,8.95,58.82
$GC,3804,-1.01,-146.6,2505,411,3438,3386,277.0,-8.2,182,3811,0.20,2.10,0.00,0.000,3078,0.129,0.024,2558,1810,3411,3437,3386,0,0,0,0,0,0,25.29,25.86,25.43,8.95,58.23
$GC,4006,-1.01,-146.6,2558,1810,3436,3385,293.6,-8.2,187,4010,0.00,2.17,0.00,0.000,260,0.000,0.038,2550,3206,3410,3436,3385,0,0,0,0,0,0,26.48,25.62,26.48,8.94,58.97
$GC,4184,-1.01,-146.6,2550,3207,3435,3385,306.0,-7.6,191,4189,0.00,2.08,0.00,0.000,1030,0.000,0.023,2550,1800,3410,3435,3385,0,0,0,0,0,0,25.95,25.88,25.97,8.93,59.37
$GC,4375,-1.01,-146.6,2550,1798,3434,3384,319.9,-6.8,196,4379,0.00,2.17,0.00,0.000,516,0.000,0.037,2550,408,3409,3434,3384,0,0,0,0,0,0,26.48,25.58,26.48,8.93,58.93
$GC,4438,-1.01,-146.6,2549,407,3434,3384,323.2,-6.9,197,4442,0.00,2.10,0.00,0.000,1030,0.000,0.024,2541,1803,3409,3434,3384,0,0,0,0,0,0,25.93,25.86,25.95,8.92,59.29
$GC,4661,-1.01,-146.6,2540,1803,3433,3383,339.2,-6.6,203,4663,0.00,0.00,0.00,0.000,6,0.000,0.000,2541,1803,3408,3433,3383,0,0,0,0,0,0,26.48,26.49,26.48,8.92,59.09
$GC,4861,-1.01,-146.6,2540,1803,3432,3382,352.0,-6.3,208,4868,0.00,2.20,0.00,0.000,516,0.000,0.037,2541,400,3407,3432,3382,0,0,0,0,0,0,26.48,25.58,26.48,8.91,59.52
$GC,4905,-1.01,-146.6,2540,400,3432,3381,354.8,-6.3,209,4910,0.00,2.10,0.00,0.000,1030,0.000,0.024,2531,1802,3407,3432,3382,0,0,0,0,0,0,25.92,25.85,25.95,8.91,60.04
$GC,5105,-1.01,-146.6,2531,1802,3431,3381,368.2,-6.8,214,5109,0.00,2.20,0.00,0.000,260,0.000,0.038,2521,3206,3406,3431,3381,0,0,0,0,0,0,26.48,25.61,26.48,8.90,59.64
$GC,5137,-1.01,-146.6,2520,3209,3431,3381,368.2,-6.8,214,5147,0.12,2.10,0.00,0.000,3078,0.140,0.023,2559,1794,3405,3430,3381,0,0,0,0,0,0,25.47,25.88,25.58,8.91,60.43
$GC,5350,-1.01,-146.6,2558,1794,3430,3380,386.2,-7.7,220,5355,0.00,2.17,0.00,0.000,516,0.000,0.037,2559,414,3405,3431,3380,0,0,0,0,0,0,26.48,25.56,26.48,8.90,59.68
$GC,5408,-1.01,-146.6,2558,414,3430,3380,390.1,-7.9,221,5412,0.00,2.10,0.00,0.000,1030,0.000,0.024,2552,1806,3405,3430,3380,0,0,0,0,0,0,25.91,25.84,25.94,8.90,59.76
$GC,5596,-1.01,-146.6,2552,1806,3430,3379,407.0,-8.5,226,5601,0.00,2.17,0.00,0.000,260,0.000,0.038,2542,3198,3404,3430,3379,0,0,0,0,0,0,26.48,25.60,26.49,8.89,60.19
$GC,5659,-1.01,-146.6,2542,3198,3429,3379,410.7,-8.5,227,5664,0.00,2.08,0.00,0.000,1030,0.000,0.023,2542,1796,3404,3429,3379,0,0,0,0,0,0,25.94,25.87,25.96,8.89,60.75
$GC,5884,-1.01,-146.6,2542,1795,3429,3377,432.3,-9.0,233,5888,0.00,2.17,0.00,0.000,516,0.000,0.037,2542,413,3403,3429,3377,0,0,0,0,0,0,26.48,25.56,26.48,8.89,60.35
$GC,5946,-1.01,-146.6,2541,411,3429,3377,436.4,-9.0,234,5950,0.00,2.10,0.00,0.000,1030,0.000,0.025,2533,1805,3403,3429,3378,0,0,0,0,0,0,25.91,25.84,25.94,8.88,60.12
$GC,6169,-1.01,-146.6,2532,1805,3427,3377,458.1,-9.0,240,6173,0.00,2.20,0.00,0.000,260,0.000,0.038,2522,3206,3402,3427,3377,0,0,0,0,0,0,26.48,25.58,26.49,8.88,60.51
$GC,6255,-1.01,-146.6,2522,3207,3425,3376,465.3,-8.8,242,6260,0.12,2.10,0.00,0.000,3078,0.137,0.024,2561,1792,3401,3426,3376,0,0,0,0,0,0,25.47,25.86,25.57,8.87,60.59
$GC,6451,-1.01,-146.6,2560,1792,3426,3376,480.8,-7.8,247,6455,0.00,2.17,0.00,0.000,516,0.000,0.038,2560,411,3401,3426,3376,0,0,0,0,0,0,26.48,25.54,26.49,8.87,60.63
$GC,6513,-1.01,-146.6,2560,410,3425,3376,484.1,-7.7,248,6517,0.00,2.10,0.00,0.000,1030,0.000,0.025,2554,1803,3401,3426,3376,0,0,0,0,0,0,25.91,25.83,25.93,8.87,60.67
$GC,6736,-1.01,-146.6,2553,1803,3424,3374,501.5,-7.1,254,6743,0.00,2.20,0.00,0.000,260,0.000,0.039,2543,3207,3398,3423,3374,0,0,0,0,0,0,26.48,25.57,26.49,8.87,61.02
$GC,6811,-1.01,-146.6,2543,3207,3423,3374,504.2,-7.0,255,6818,0.00,2.10,0.00,0.000,1030,0.000,0.024,2544,1792,3398,3423,3374,0,0,0,0,0,0,25.92,25.85,25.95,8.86,60.86
$GC,7017,-1.01,-146.6,2542,1793,3423,3373,520.1,-6.7,261,7021,0.00,2.17,0.00,0.000,516,0.000,0.038,2544,416,3398,3423,3373,0,0,0,0,0,0,26.48,25.53,26.49,8.85,61.26
$GC,7079,-1.01,-146.6,2543,414,3423,3373,523.2,-6.8,262,7083,0.00,2.10,0.00,0.000,1030,0.000,0.025,2534,1806,3398,3423,3373,0,0,0,0,0,0,25.90,25.83,25.93,8.86,60.94
$GC,7303,-1.01,-146.6,2533,1806,3421,3373,540.6,-7.2,268,7308,0.00,2.22,0.00,0.000,260,0.000,0.039,2524,3218,3396,3421,3372,0,0,0,0,0,0,26.48,25.56,26.49,8.85,61.69
$GC,7341,-1.01,-146.6,2523,3218,3421,3372,540.6,-7.2,268,7349,0.10,2.15,0.00,0.000,3078,0.130,0.024,2571,1794,3396,3421,3372,0,0,0,0,0,0,25.36,25.86,25.46,8.84,61.22
$GC,7548,-1.01,-146.6,2570,1794,3421,3372,558.3,-7.3,274,7550,0.00,0.00,0.00,0.000,6,0.000,0.000,2571,1794,3396,3421,3372,0,0,0,0,0,0,26.48,26.49,26.49,8.84,61.45
$GC,7748,-1.06,-146.6,2570,1794,3421,3370,574.2,-8.0,279,7750,0.00,0.00,0.00,0.000,6,0.000,0.000,2571,1794,3395,3421,3370,0,0,0,0,0,0,26.48,26.49,26.49,8.84,61.65
$GC,7948,-1.12,-146.6,2570,1794,3420,3369,590.5,-8.3,284,7953,0.10,2.20,0.00,0.000,4356,0.075,0.039,2474,3194,3394,3420,3369,0,0,0,0,0,0,26.25,25.53,26.27,8.84,61.81
$GC,7976,-1.17,-146.6,2473,3194,3419,3369,590.5,-8.3,284,7982,0.10,2.08,0.00,0.000,3078,0.151,0.024,2503,1799,3394,3419,3369,0,0,0,0,0,0,25.49,25.84,25.58,8.83,62.44
$GC,8196,-1.17,-146.6,2503,1799,3419,3369,612.7,-8.9,290,8201,0.00,2.20,0.00,0.000,516,0.000,0.039,2504,413,3394,3419,3369,0,0,0,0,0,0,26.48,25.49,26.49,8.83,62.24
$GC,8274,-1.17,-146.6,2503,413,3419,3369,616.7,-8.9,291,8281,0.00,2.08,0.00,0.000,1030,0.000,0.026,2496,1800,3393,3418,3369,0,0,0,0,0,0,25.88,25.81,25.91,8.83,61.93
$GC,8481,-1.17,-146.6,2495,1799,3418,3368,637.4,-8.5,297,8488,0.00,2.20,0.00,0.000,260,0.000,0.039,2485,3199,3393,3418,3368,0,0,0,0,0,0,26.48,25.52,26.49,8.82,62.16
$GC,8536,-1.12,-146.6,2485,3199,3418,3367,640.8,-8.4,298,8542,0.12,2.10,0.00,0.000,3078,0.140,0.024,2523,1791,3392,3418,3367,0,0,0,0,0,0,25.41,25.83,25.51,8.82,61.89
$GC,8727,-1.12,-146.6,2522,1792,3417,3367,656.1,-7.4,303,8729,0.00,0.00,0.00,0.000,6,0.000,0.000,2523,1792,3392,3418,3367,0,0,0,0,0,0,26.48,26.49,26.49,8.82,62.60
$GC,8928,-1.12,-146.6,2522,1791,3417,3366,670.0,-6.8,308,8935,0.00,2.22,0.00,0.000,260,0.000,0.040,2514,3197,3391,3417,3366,0,0,0,0,0,0,26.48,25.51,26.49,8.82,62.75
$GC,8957,-1.12,-146.6,2514,3197,3417,3366,670.0,-6.8,308,8962,0.00,2.10,0.00,0.000,1030,0.000,0.024,2515,1806,3391,3417,3365,0,0,0,0,0,0,25.86,25.82,25.88,8.81,62.32
$GC,9172,-1.12,-146.6,2514,1806,3416,3365,686.3,-6.7,314,9179,0.00,2.20,0.00,0.000,516,0.000,0.039,2515,416,3390,3416,3365,0,0,0,0,0,0,26.48,25.46,26.48,8.81,62.60
$GC,9238,-1.12,-146.6,2514,416,3416,3365,689.1,-6.8,315,9243,0.00,2.10,0.00,0.000,1030,0.000,0.025,2505,1805,3390,3416,3365,0,0,0,0,0,0,25.87,25.79,25.89,8.81,62.75
$GC,9457,-1.12,-146.6,2504,1805,3416,3365,705.9,-6.9,321,9462,0.00,2.22,0.00,0.000,260,0.000,0.040,2494,3193,3389,3415,3364,0,0,0,0,0,0,26.48,25.51,26.49,8.80,62.40
$GC,9511,-1.12,-146.6,2493,3193,3415,3365,709.1,-7.0,322,9518,0.10,2.08,0.00,0.000,3078,0.153,0.024,2524,1802,3389,3415,3364,0,0,0,0,0,0,25.46,25.82,25.55,8.80,62.48
$GC,9704,-1.12,-146.6,2523,1801,3414,3364,723.4,-7.2,327,9709,0.00,2.20,0.00,0.000,516,0.000,0.039,2523,412,3389,3415,3364,0,0,0,0,0,0,26.48,25.44,26.49,8.80,62.20
$GC,9742,-1.12,-146.6,2523,412,3415,3364,723.4,-7.2,327,9750,0.00,2.10,0.00,0.000,1030,0.000,0.025,2516,1806,3389,3414,3364,0,0,0,0,0,0,25.86,25.78,25.89,8.79,62.16
$GC,9950,-1.12,-146.6,2515,1806,3414,3364,742.6,-7.8,333,9953,0.00,2.20,0.00,0.000,260,0.000,0.040,2505,3197,3388,3414,3363,0,0,0,0,0,0,26.48,25.48,26.48,8.80,62.75
$GC,10077,-1.12,-146.6,2505,3198,3414,3363,752.6,-8.0,336,10081,0.00,2.10,0.00,0.000,1030,0.000,0.024,2505,1792,3388,3414,3363,0,0,0,0,0,0,25.86,25.80,25.90,8.79,62.75
$GC,10281,-1.12,-146.6,2505,1791,3413,3363,769.6,-8.4,341,10285,0.00,2.20,0.00,0.000,516,0.000,0.039,2505,410,3387,3413,3362,0,0,0,0,0,0,26.48,25.42,26.48,8.79,62.71
$GC,10338,-1.12,-146.6,2504,410,3413,3362,773.5,-8.5,342,10343,0.10,2.12,0.00,0.000,3078,0.152,0.026,2524,1807,3388,3413,3363,0,0,0,0,0,0,25.43,25.77,25.51,8.79,62.99
$GC,10529,-1.12,-146.6,2523,1806,3412,3361,790.3,-8.2,347,10530,0.00,0.00,0.00,0.000,6,0.000,0.000,2524,1806,3387,3413,3361,0,0,0,0,0,0,26.48,26.49,26.48,8.78,62.52
$GC,10728,-1.12,-146.6,2524,1806,3413,3360,807.0,-8.4,352,10734,0.00,2.22,0.00,0.000,516,0.000,0.039,2524,407,3386,3412,3361,0,0,0,0,0,0,26.48,25.41,26.48,8.78,62.99
$GC,10762,-1.12,-146.6,2524,407,3412,3361,807.0,-8.4,352,10769,0.00,2.10,0.00,0.000,1030,0.000,0.026,2516,1799,3386,3412,3361,0,0,0,0,0,0,25.84,25.76,25.86,8.78,63.07
$GC,10970,-1.12,-146.6,2516,1799,3412,3360,826.7,-8.2,358,10978,0.00,2.20,0.00,0.000,260,0.000,0.040,2506,3194,3385,3411,3360,0,0,0,0,0,0,26.48,25.44,26.48,8.77,63.15
$GC,11054,-1.12,-146.6,2505,3194,3411,3360,833.3,-8.0,360,11058,0.00,2.10,0.00,0.000,1030,0.000,0.024,2506,1788,3385,3411,3360,0,0,0,0,0,0,25.85,25.79,25.88,8.78,63.86
$GC,11259,-1.12,-146.6,2505,1788,3411,3359,848.9,-7.7,365,11266,0.00,2.20,0.00,0.000,516,0.000,0.040,2506,407,3385,3411,3360,0,0,0,0,0,0,26.48,25.38,26.48,8.77,63.30
$GC,11349,-1.12,-146.6,2505,407,3411,3359,855.4,-7.7,367,11356,0.00,2.12,0.00,0.000,1030,0.000,0.026,2496,1806,3384,3410,3359,0,0,0,0,0,0,25.82,25.75,25.85,8.77,62.99
$GC,11543,-1.12,-146.6,2495,1806,3410,3359,870.0,-7.2,372,11550,0.10,2.20,0.00,0.000,2308,0.155,0.040,2517,3193,3384,3410,3359,0,0,0,0,0,0,25.95,25.42,25.98,8.77,63.23
$GC,11593,-1.12,-146.6,2516,3193,3410,3358,872.9,-7.1,373,11597,0.00,2.10,0.00,0.000,1030,0.000,0.024,2517,1795,3383,3409,3358,0,0,0,0,0,0,25.84,25.77,25.86,8.77,63.74
$GC,11787,-1.12,-146.6,2516,1795,3410,3358,886.6,-6.8,378,11794,0.00,2.20,0.00,0.000,516,0.000,0.040,2516,414,3384,3410,3358,0,0,0,0,0,0,26.48,25.36,26.48,8.77,63.19
$GC,11852,-1.12,-146.6,2516,414,3409,3358,889.6,-6.9,379,11856,0.00,2.10,0.00,0.000,1030,0.000,0.027,2507,1799,3384,3410,3358,0,0,0,0,0,0,25.80,25.73,25.84,8.76,63.46
$GC,12071,-1.12,-146.6,2506,1799,3409,3357,906.6,-7.1,385,12076,0.00,2.22,0.00,0.000,260,0.000,0.040,2496,3198,3383,3409,3357,0,0,0,0,0,0,26.48,25.41,26.48,8.76,64.01
$GC,12159,-1.12,-146.6,2495,3198,3408,3357,912.6,-7.0,387,12163,0.00,2.10,0.00,0.000,1030,0.000,0.025,2496,1798,3382,3408,3357,0,0,0,0,0,0,25.83,25.75,25.85,8.75,64.29
$GC,12357,-1.12,-146.6,2495,1798,3408,3357,927.7,-7.5,392,12363,0.10,2.22,0.00,0.000,2564,0.160,0.040,2525,406,3382,3408,3357,0,0,0,0,0,0,25.92,25.32,25.96,8.75,63.62
$GC,12415,-1.12,-146.6,2525,407,3408,3357,931.1,-7.6,393,12420,0.00,2.12,0.00,0.000,1030,0.000,0.027,2517,1804,3382,3408,3357,0,0,0,0,0,0,25.79,25.72,25.82,8.75,64.13
$GC,12604,-1.12,-146.6,2517,1803,3408,3355,947.0,-7.9,398,12609,0.00,2.20,0.00,0.000,260,0.000,0.041,2507,3193,3382,3408,3356,0,0,0,0,0,0,26.48,25.39,26.48,8.75,64.17
$GC,12657,-1.12,-146.6,2506,3192,3408,3356,950.7,-8.0,399,12661,0.00,2.10,0.00,0.000,1030,0.000,0.025,2507,1794,3381,3407,3356,0,0,0,0,0,0,25.82,25.75,25.84,8.74,64.25
$GC,12850,-1.12,-146.6,2506,1794,3407,3356,967.4,-8.4,404,12855,0.00,2.22,0.00,0.000,516,0.000,0.041,2507,408,3381,3408,3355,0,0,0,0,0,0,26.48,25.31,26.48,8.75,64.05
$GC,12948,-1.12,-146.6,2506,408,3407,3355,974.9,-8.6,406,12955,0.00,2.12,0.00,0.000,1030,0.000,0.027,2498,1799,3381,3407,3355,0,0,0,0,0,0,25.77,25.69,25.79,8.75,63.74
$STATE,13131,end dive,TARGET_DEPTH_EXCEEDED
$STATE,13132,begin apogee
$GC,13140,-0.42,0.0,2494,2248,3407,3355,992.2,-8.6,411,13273,0.77,0.00,129.32,1.281,10246,0.109,0.000,2743,2248,2805,2902,2709,0,0,0,0,0,0,24.60,24.07,22.96,8.74,64.37
$STATE,13274,end apogee,CONTROL_FINISHED_OK
$STATE,13274,begin climb
$GC,13277,1.09,146.6,2743,2248,2901,2709,998.9,0.0,414,13430,1.42,0.00,144.30,1.286,10758,0.068,0.000,3231,2248,2206,2292,2121,0,0,0,0,0,0,24.37,23.82,22.77,8.70,62.95
$GC,13617,1.07,199.4,3230,2248,2290,2121,979.9,7.6,423,13676,0.00,2.35,52.60,1.266,8452,0.000,0.044,3231,3639,1990,2101,1879,0,0,0,0,0,0,26.20,24.48,23.29,8.64,62.32
$GC,13751,0.98,235.8,3230,3639,2101,1879,969.7,8.3,426,13794,0.12,2.12,36.65,1.238,13318,0.145,0.024,3203,2238,1841,1973,1709,0,0,0,0,0,0,25.27,25.63,23.30,8.62,62.28
$GC,13981,1.01,263.9,3202,2238,1973,1708,948.3,8.7,432,14018,0.00,2.22,27.10,1.226,8708,0.000,0.037,3209,870,1727,1875,1579,0,0,0,0,0,0,26.24,24.78,23.51,8.61,63.62
$GC,14050,1.03,289.4,3209,871,1875,1579,944.8,8.8,433,14083,0.00,2.12,24.95,1.210,9222,0.000,0.029,3209,2246,1622,1780,1465,0,0,0,0,0,0,25.63,25.54,23.37,8.60,62.83
$GC,14305,1.10,305.0,3209,2246,1780,1465,918.7,9.3,440,14325,0.00,2.28,14.50,1.164,8452,0.000,0.043,3209,3653,1560,1723,1397,0,0,0,0,0,0,26.26,24.63,23.80,8.59,63.46
$GC,14362,1.11,318.3,3209,3653,1722,1398,915.1,9.4,441,14381,0.00,2.12,13.88,1.148,9222,0.000,0.024,3219,2246,1507,1674,1340,0,0,0,0,0,0,25.79,25.72,23.64,8.58,63.82
$GC,14581,1.17,318.3,3218,2246,1672,1338,891.0,10.0,447,14588,0.08,2.15,0.00,0.000,2564,0.094,0.037,3306,866,1505,1672,1338,0,0,0,0,0,0,26.04,25.67,26.06,8.57,64.37
$GC,14630,1.17,318.3,3305,866,1672,1338,886.3,10.4,448,14636,0.15,2.12,0.00,0.000,5126,0.121,0.029,3257,2260,1505,1673,1338,0,0,0,0,0,0,25.50,25.78,25.63,8.57,63.82
$GC,14825,1.17,318.3,3256,2259,1672,1338,863.9,11.0,453,14831,0.00,2.22,0.00,0.000,260,0.000,0.044,3257,3660,1505,1672,1338,0,0,0,0,0,0,26.36,25.60,26.37,8.57,64.84
$GC,14890,1.17,318.3,3256,3660,1672,1337,859.3,11.2,454,14895,0.00,2.12,0.00,0.000,1030,0.000,0.025,3264,2244,1505,1672,1338,0,0,0,0,0,0,25.95,25.88,25.97,8.57,64.25
$GC,15109,1.17,318.3,3264,2244,1672,1338,830.9,11.7,460,15113,0.00,2.20,0.00,0.000,516,0.000,0.037,3274,857,1505,1672,1338,0,0,0,0,0,0,26.40,25.64,26.41,8.55,64.49
$GC,15170,1.17,318.3,3274,857,1672,1338,825.7,11.8,461,15174,0.00,2.12,0.00,0.000,1030,0.000,0.029,3274,2253,1505,1672,1338,0,0,0,0,0,0,25.85,25.76,25.89,8.56,65.00
$GC,15395,1.17,318.3,3274,2253,1672,1337,796.9,12.1,467,15400,0.00,2.22,0.00,0.000,260,0.000,0.044,3274,3649,1505,1672,1338,0,0,0,0,0,0,26.42,25.51,26.43,8.55,65.31
$GC,15452,1.17,318.3,3274,3649,1672,1338,791.4,12.1,468,15456,0.00,2.12,0.00,0.000,1030,0.000,0.024,3284,2240,1505,1672,1338,0,0,0,0,0,0,25.92,25.85,25.94,8.56,64.92
$GC,15640,1.17,318.3,3283,2240,1672,1338,767.2,11.9,473,15645,0.00,2.15,0.00,0.000,516,0.000,0.037,3294,863,1505,1672,1338,0,0,0,0,0,0,26.43,25.59,26.44,8.55,65.16
$GC,15726,1.17,318.3,3293,863,1672,1337,757.5,11.8,475,15732,0.10,2.12,0.00,0.000,5126,0.135,0.029,3261,2250,1505,1672,1338,0,0,0,0,0,0,25.48,25.72,25.58,8.55,65.59
$GC,15931,1.17,318.3,3260,2250,1672,1337,734.9,10.9,480,15936,0.00,2.25,0.00,0.000,260,0.000,0.044,3261,3655,1505,1672,1338,0,0,0,0,0,0,26.43,25.45,26.44,8.55,65.51
$GC,15999,1.17,318.3,3261,3655,1672,1338,729.9,10.9,481,16003,0.00,2.12,0.00,0.000,1030,0.000,0.024,3269,2246,1505,1672,1338,0,0,0,0,0,0,25.90,25.83,25.93,8.55,65.23
$GC,16217,1.17,318.3,3268,2246,1673,1338,704.5,10.5,487,16221,0.00,2.15,0.00,0.000,516,0.000,0.037,3278,866,1505,1672,1338,0,0,0,0,0,0,26.44,25.53,26.44,8.55,65.55
$GC,16249,1.17,318.3,3277,866,1672,1338,704.5,10.5,487,16253,0.00,2.12,0.00,0.000,1030,0.000,0.029,3278,2259,1504,1672,1337,0,0,0,0,0,0,25.77,25.67,25.81,8.55,65.39
$GC,16462,1.17,318.3,3278,2259,1672,1338,678.8,10.6,493,16466,0.00,2.25,0.00,0.000,260,0.000,0.044,3278,3658,1505,1672,1338,0,0,0,0,0,0,26.44,25.41,26.45,8.54,65.47
$GC,16523,1.17,318.3,3278,3658,1672,1337,674.1,10.6,494,16528,0.00,2.12,0.00,0.000,1030,0.000,0.024,3288,2251,1505,1672,1338,0,0,0,0,0,0,25.87,25.80,25.90,8.55,64.92
$GC,16748,1.17,318.3,3287,2251,1672,1338,649.0,10.4,500,16752,0.00,2.17,0.00,0.000,516,0.000,0.037,3297,865,1505,1672,1338,0,0,0,0,0,0,26.44,25.50,26.45,8.54,65.75
$GC,16780,1.17,318.3,3297,865,1672,1338,649.0,10.4,500,16785,0.08,2.15,0.00,0.000,5126,0.094,0.029,3260,2246,1505,1672,1338,0,0,0,0,0,0,25.32,25.67,25.44,8.54,65.63
$GC,16995,1.18,328.9,3260,2246,1672,1338,625.2,9.5,506,17010,0.00,2.28,10.55,1.025,8452,0.000,0.044,3260,3658,1461,1631,1292,0,0,0,0,0,0,26.44,25.20,23.99,8.54,65.75
$GC,17053,1.19,337.2,3260,3658,1630,1292,621.2,9.6,507,17067,0.00,2.15,9.23,0.991,9222,0.000,0.025,3267,2255,1429,1601,1258,0,0,0,0,0,0,25.82,25.79,23.85,8.54,64.84
$GC,17271,1.19,337.2,3267,2255,1600,1258,597.6,10.0,512,17276,0.00,2.20,0.00,0.000,516,0.000,0.037,3277,852,1429,1600,1258,0,0,0,0,0,0,26.32,25.59,26.33,8.54,65.51
$GC,17309,1.19,337.2,3276,851,1600,1258,597.6,10.0,512,17316,0.00,2.15,0.00,0.000,1030,0.000,0.029,3277,2263,1429,1600,1258,0,0,0,0,0,0,25.80,25.71,25.84,8.53,65.75
$GC,17516,1.19,337.2,3276,2263,1600,1258,571.0,11.0,518,17522,0.00,2.22,0.00,0.000,260,0.000,0.044,3277,3652,1429,1600,1258,0,0,0,0,0,0,26.39,25.45,26.41,8.54,65.47
$GC,17557,1.19,337.2,3276,3652,1600,1258,566.3,11.2,519,17561,0.00,2.12,0.00,0.000,1030,0.000,0.024,3286,2241,1429,1600,1258,0,0,0,0,0,0,25.88,25.81,25.91,8.53,65.71
$GC,17761,1.19,337.2,3286,2241,1600,1258,542.1,11.9,524,17765,0.00,2.15,0.00,0.000,516,0.000,0.037,3295,862,1428,1599,1258,0,0,0,0,0,0,26.42,25.51,26.43,8.54,65.63
$GC,17807,1.19,337.2,3294,862,1600,1258,536.9,12.0,525,17811,0.00,2.15,0.00,0.000,1030,0.000,0.029,3296,2260,1429,1600,1258,0,0,0,0,0,0,25.76,25.67,25.79,8.53,65.23
$GC,18006,1.19,337.2,3295,2260,1600,1259,512.6,12.2,530,18010,0.00,2.22,0.00,0.000,260,0.000,0.044,3295,3649,1429,1600,1258,0,0,0,0,0,0,26.43,25.37,26.44,8.54,65.47
$GC,18057,1.19,337.2,3295,3649,1600,1258,507.1,12.3,531,18062,0.12,2.12,0.00,0.000,5126,0.140,0.024,3265,2244,1429,1600,1258,0,0,0,0,0,0,25.39,25.79,25.48,8.54,65.16
$GC,18246,1.19,337.2,3264,2244,1600,1258,485.0,11.1,536,18252,0.00,2.17,0.00,0.000,516,0.000,0.037,3273,859,1429,1600,1259,0,0,0,0,0,0,26.44,25.46,26.44,8.54,65.39
$GC,18316,1.19,337.2,3272,859,1600,1258,480.2,11.0,537,18320,0.00,2.12,0.00,0.000,1030,0.000,0.029,3273,2251,1429,1600,1258,0,0,0,0,0,0,25.73,25.64,25.76,8.54,65.19
$GC,18535,1.19,337.2,3272,2250,1600,1258,455.3,10.2,543,18536,0.00,0.00,0.00,0.000,6,0.000,0.000,3273,2250,1429,1600,1258,0,0,0,0,0,0,26.44,26.45,26.45,8.55,65.08
$GC,18737,1.20,342.2,3272,2250,1600,1259,435.8,9.8,548,18745,0.00,0.00,5.75,0.789,8198,0.000,0.000,3273,2250,1409,1579,1240,0,0,0,0,0,0,26.44,25.18,24.11,8.54,65.23
$GC,18936,1.20,347.7,3272,2250,1578,1241,416.5,9.7,553,18945,0.00,0.00,6.82,0.827,8198,0.000,0.000,3273,2251,1386,1558,1215,0,0,0,0,0,0,26.41,25.14,24.10,8.55,65.35
$GC,19136,1.20,347.7,3272,2250,1555,1217,395.8,10.4,558,19141,0.00,2.17,0.00,0.000,516,0.000,0.036,3282,862,1386,1555,1217,0,0,0,0,0,0,26.38,25.56,26.39,8.55,65.71
$GC,19173,1.20,347.7,3282,862,1555,1218,395.8,10.4,558,19180,0.00,2.12,0.00,0.000,1030,0.000,0.029,3282,2254,1386,1555,1218,0,0,0,0,0,0,25.77,25.67,25.80,8.55,64.92
$GC,19381,1.20,347.7,3282,2254,1556,1218,368.6,11.2,564,19387,0.00,2.25,0.00,0.000,260,0.000,0.045,3282,3657,1386,1555,1218,0,0,0,0,0,0,26.41,25.34,26.43,8.55,64.88
$GC,19429,1.20,347.7,3282,3656,1555,1218,363.6,11.4,565,19433,0.00,2.12,0.00,0.000,1030,0.000,0.024,3292,2244,1386,1555,1218,0,0,0,0,0,0,25.86,25.79,25.88,8.55,64.76
$GC,19623,1.20,347.7,3292,2244,1555,1218,339.0,12.2,570,19627,0.00,2.15,0.00,0.000,516,0.000,0.036,3302,865,1386,1555,1218,0,0,0,0,0,0,26.43,25.46,26.44,8.56,64.80
$GC,19650,1.20,347.7,3302,865,1555,1218,339.0,12.2,570,19657,0.10,2.12,0.00,0.000,5126,0.138,0.029,3269,2250,1386,1555,1218,0,0,0,0,0,0,25.37,25.63,25.46,8.56,65.16
$GC,19867,1.20,347.7,3268,2250,1555,1218,310.2,11.7,576,19868,0.00,0.00,0.00,0.000,6,0.000,0.000,3269,2250,1386,1555,1218,0,0,0,0,0,0,26.44,26.45,26.45,8.57,65.00
$GC,20068,1.20,347.7,3269,2250,1555,1218,287.0,11.6,581,20072,0.00,2.17,0.00,0.000,516,0.000,0.036,3278,860,1386,1555,1218,0,0,0,0,0,0,26.44,25.43,26.45,8.56,64.80
$GC,20124,1.20,347.7,3277,859,1556,1218,281.8,11.6,582,20128,0.00,2.12,0.00,0.000,1030,0.000,0.030,3277,2249,1386,1555,1218,0,0,0,0,0,0,25.67,25.58,25.71,8.57,64.56
$GC,20313,1.20,347.7,3277,2248,1555,1218,258.2,11.7,587,20320,0.00,2.25,0.00,0.000,260,0.000,0.045,3277,3649,1387,1556,1218,0,0,0,0,0,0,26.44,25.25,26.45,8.57,64.72
$GC,20367,1.20,347.7,3277,3649,1555,1218,253.3,11.8,588,20371,0.00,2.10,0.00,0.000,1030,0.000,0.024,3288,2242,1387,1556,1218,0,0,0,0,0,0,25.83,25.76,25.86,8.56,64.41
$GC,20556,1.20,347.7,3287,2242,1555,1218,229.8,11.6,593,20558,0.00,0.00,0.00,0.000,6,0.000,0.000,3288,2242,1387,1556,1218,0,0,0,0,0,0,26.45,26.46,26.45,8.57,64.37
$GC,20755,1.20,347.7,3287,2242,1555,1218,207.1,11.4,598,20757,0.00,0.00,0.00,0.000,6,0.000,0.000,3288,2242,1387,1556,1218,0,0,0,0,0,0,26.45,26.46,26.45,8.57,64.41
$GC,20936,1.20,347.7,3287,2242,1556,1218,186.2,11.7,605,20943,0.00,2.28,0.00,0.000,260,0.000,0.045,3288,3650,1386,1555,1218,0,0,0,0,0,0,26.45,25.22,26.46,8.57,64.56
$GC,20985,1.20,347.7,3287,3650,1555,1218,181.0,12.1,607,20989,0.00,2.10,0.00,0.000,1030,0.000,0.024,3298,2249,1387,1556,1218,0,0,0,0,0,0,25.82,25.75,25.85,8.58,63.90
$GC,21179,1.20,347.7,3297,2249,1556,1218,156.8,11.9,617,21184,0.00,2.17,0.00,0.000,516,0.000,0.036,3307,859,1387,1556,1218,0,0,0,0,0,0,26.45,25.41,26.46,8.58,64.01
$GC,21223,1.20,347.7,3307,859,1555,1219,151.6,11.9,619,21228,0.12,2.12,0.00,0.000,5126,0.127,0.028,3266,2250,1387,1555,1219,0,0,0,0,0,0,25.27,25.58,25.36,8.58,63.74
$GC,21430,1.20,347.7,3266,2250,1555,1219,129.7,10.6,629,21436,0.00,2.25,0.00,0.000,260,0.000,0.045,3267,3652,1386,1555,1218,0,0,0,0,0,0,26.45,25.21,26.46,8.58,63.93
$GC,21471,1.20,347.7,3267,3652,1556,1219,125.1,10.5,631,21475,0.00,2.10,0.00,0.000,1030,0.000,0.024,3275,2251,1387,1556,1218,0,0,0,0,0,0,25.82,25.75,25.84,8.59,64.33
$GC,21675,1.20,347.7,3274,2251,1555,1218,104.3,10.5,641,21676,0.00,0.00,0.00,0.000,6,0.000,0.000,3275,2251,1386,1555,1218,0,0,0,0,0,0,26.45,26.46,26.46,8.59,63.58
$GC,21855,1.20,347.7,3275,2251,1556,1218,85.4,10.5,650,21856,0.00,0.00,0.00,0.000,6,0.000,0.000,3275,2251,1387,1555,1219,0,0,0,0,0,0,26.45,26.46,26.46,8.60,64.25
$GC,22035,1.32,461.1,3274,2251,1555,1219,72.2,4.8,659,22174,0.00,2.25,116.43,0.731,8708,0.000,0.035,3275,861,920,1020,820,0,0,0,0,2,0,26.45,24.20,23.60,8.61,64.17
$GC,22243,1.49,510.1,3275,861,1019,820,57.6,7.8,669,22294,0.20,2.15,44.88,0.705,11270,0.044,0.029,3403,2259,724,795,654,0,0,0,0,0,0,25.62,25.53,23.75,8.62,64.37
$GC,22476,1.49,510.1,3403,2259,790,653,32.5,11.5,687,22482,0.12,2.22,0.00,0.000,4356,0.133,0.044,3365,3650,721,790,652,0,0,0,0,0,0,25.66,25.53,25.72,8.68,65.23
$GC,22541,1.49,510.1,3365,3650,789,652,25.1,11.5,693,22546,0.00,2.10,0.00,0.000,1030,0.000,0.022,3373,2243,721,790,652,0,0,0,0,0,0,25.88,25.81,25.90,8.70,64.96
$GC,22738,1.49,510.1,3372,2242,789,652,4.2,10.7,712,22743,0.00,2.25,0.00,0.000,260,0.000,0.042,3372,3658,720,788,652,0,0,0,0,0,0,26.36,25.53,26.36,8.75,64.29
$STATE,22748,end climb,SURFACE_DEPTH_REACHED
$STATE,22748,begin surface coast
$FINISH,-0.1,1.022399
$STATE,22770,end surface coast,CONTROL_FINISHED_OK
$STATE,22770,begin surface
$SM_CCo,22854,0.00,0.000,0,0,720,511.94
$SM_GC,0.06,8.23,2.85,0.00,0.027,0.022,0.000,174,1813,720,-8.29,1.98,511.94,0,0,0,0,0,0,25.93,25.82,25.97
$IRIDIUM_FIX,823.39,-14251.67,300425,090959
$TT8_MAMPS,0.026964,0.373751
$HUMID,60.31
$INTERNAL_PRESSURE,8.72232
$TCM_TEMP,20.00
$XPDR_PINGS,0
$ALTIM_TOP_PING,19.4,19.4
$24V_AH,22.77,109.526
$10V_AH,9.66,68.516
$FG_AHR_24Vo,0.000
$FG_AHR_10Vo,0.000
$DEVICES,Pitch_motor,Roll_motor,VBD_pump_during_apogee,VBD_pump_during_surface,VBD_valve,Iridium_during_init,Iridium_during_connect,Iridium_during_xfer,Transponder_ping,GUMSTIX_24V,GPS,TT8,LPSleep,TT8_Active,TT8_Sampling,TT8_CF8,TT8_Kalman,Analog_circuits,GPS_charging,Compass,RAFOS,Transponder,Compass2
$DEVICE_SECS,23.175,307.800,636.950,0.000,0.000,0.000,0.000,282.800,0.250,0.000,20.758,3126.550,15703.065,821.659,3087.545,536.117,0.000,2781.263,0.000,2655.411,0.000,2.761,0.000
$DEVICE_MAMPS,201.195,55.080,1285.965,0.000,0.000,0.000,0.000,91.800,420.000,0.000,30.710,15.210,2.190,15.210,43.670,53.410,0.000,14.000,0.000,8.240,0.000,30.000,0.000
$SENSORS,SBE_CT,WL_blue_red_Chl,AA4330,nil,nil,nil,nil,nil,nil,nil
$SENSOR_SECS,623.422,0.000,956.902,0.000,0.000,0.000,0.000,0.000,0.000,0.000
$SENSOR_MAMPS,22.470,0.000,11.230,0.000,0.000,0.000,0.000,0.000,0.000,0.000
$MEM,311964
$DATA_FILE_SIZE,52378,715
$CAP_FILE_SIZE,256900,0
$CFSIZE,2097872896,2004451328
$ERRORS,0,0,0,0,0,0,0,0,0,0,0,0,0,2,1,0
$CURRENT,0.116,94.92,1
$GPS,140905,222153,826.086,-14252.559,44,0.8,65,9.3,0.6,16.7,10,5.0
