version: 66.14
glider: 195
mission: 21
dive: 572
start: 9 3 105 9 24 52
data:
$ID,195
$MISSION,21
$DIVE,572
$N_DIVES,0
$STOP_T,0
$D_SURF,3
$D_FLARE,2
$D_TGT,990
$D_ABORT,1090
$D_NO_BLEED,50
$D_BOOST,3
$T_BOOST,0
$D_FINISH,0
$D_PITCH,0
$D_SAFE,0
$D_CALL,0
$SURFACE_URGENCY,0
$SURFACE_URGENCY_TRY,0
$SURFACE_URGENCY_FORCE,0
$T_DIVE,330
$T_MISSION,600
$T_ABORT,1440
$T_TURN,300
$T_TURN_SAMPINT,5
$T_NO_W,120
$T_LOITER,0
$T_SLOITER,60
$T_EPIRB,0
$USE_BATHY,0
$USE_ICE,0
$ICE_FREEZE_MARGIN,0.30000001
$D_OFFGRID,990
$T_WATCHDOG,10
$RELAUNCH,1
$APOGEE_PITCH,-8
$MAX_BUOY,150
$COURSE_BIAS,0
$GLIDE_SLOPE,30
$SPEED_FACTOR,1
$RHO,1.023
$MASS,54002
$MASS_COMP,0
$NAV_MODE,2
$FERRY_MAX,45
$KALMAN_USE,2
$HD_A,0.0038000001
$HD_B,0.0099999998
$HD_C,9.8500004e-06
$HEADING,-1
$ESCAPE_HEADING,0
$ESCAPE_HEADING_DELTA,10
$FIX_MISSING_TIMEOUT,0
$TGT_DEFAULT_LAT,4736
$TGT_DEFAULT_LON,-12225
$TGT_AUTO_DEFAULT,0
$SM_CC,300
$N_FILEKB,4
$FILEMGR,0
$CALL_NDIVES,1
$COMM_SEQ,0
$PROTOCOL,9
$N_NOCOMM,1
$NOCOMM_ACTION,0
$N_NOSURFACE,0
$UPLOAD_DIVES_MAX,-1
$CALL_TRIES,5
$CALL_WAIT,60
$CAPUPLOAD,0
$CAPMAXSIZE,200000
$HEAPDBG,0
$T_GPS,15
$N_GPS,50840
$T_RSLEEP,2
$STROBE,0
$RAFOS_PEAK_OFFSET,1.5
$RAFOS_CORR_THRESH,60
$RAFOS_HIT_WINDOW,3600
$RAFOS_MMODEM,0
$PITCH_MIN,207
$PITCH_MAX,3915
$C_PITCH,2884
$PITCH_DBAND,0.1
$PITCH_CNV,0.003125763
$P_OVSHOOT,0.039999999
$P_OVSHOOT_WITHG,0.079999998
$PITCH_GAIN,19.15
$PITCH_TIMEOUT,17
$PITCH_AD_RATE,160
$PITCH_MAXERRORS,1
$PITCH_ADJ_GAIN,0.02
$PITCH_ADJ_DBAND,2.5
$ROLL_MIN,224
$ROLL_MAX,3758
$ROLL_DEG,40
$C_ROLL_DIVE,1800
$C_ROLL_CLIMB,2250
$HEAD_ERRBAND,10
$ROLL_CNV,0.028270001
$ROLL_TIMEOUT,15
$R_PORT_OVSHOOT,46
$R_STBD_OVSHOOT,46
$ROLL_AD_RATE,350
$ROLL_MAXERRORS,2
$ROLL_ADJ_GAIN,0
$ROLL_ADJ_DBAND,0
$VBD_MIN,500
$VBD_MAX,3960
$C_VBD,2806
$VBD_DBAND,2
$VBD_CNV,-0.24529999
$VBD_LP_IGNORE,0
$VBD_TIMEOUT,720
$PITCH_VBD_SHIFT,0.001
$VBD_PUMP_AD_RATE_SURFACE,5
$VBD_PUMP_AD_RATE_APOGEE,4
$VBD_BLEED_AD_RATE,8
$UNCOM_BLEED,60
$VBD_MAXERRORS,1
$W_ADJ_DBAND,0
$DBDW,0
$PITCH_W_GAIN,0
$PITCH_W_DBAND,0
$CF8_MAXERRORS,5
$AH0_24V,150
$AH0_10V,97
$MINV_24V,19
$MINV_10V,8
$MAXI_24V,0.80000001
$MAXI_10V,0.60000002
$FG_AHR_10V,0
$FG_AHR_24V,0
$PHONE_SUPPLY,-2
$PRESSURE_YINT,-49.397121
$PRESSURE_SLOPE,0.0001168043
$AD7714Ch0Gain,128
$TCM_PITCH_OFFSET,0
$TCM_ROLL_OFFSET,0
$COMPASS_USE,4
$ALTIM_BOTTOM_PING_RANGE,0
$ALTIM_TOP_PING_RANGE,20
$ALTIM_BOTTOM_TURN_MARGIN,0
$ALTIM_TOP_TURN_MARGIN,0
$ALTIM_TOP_MIN_OBSTACLE,1
$ALTIM_PING_DEPTH,0
$ALTIM_PING_DELTA,0
$ALTIM_FREQUENCY,13
$ALTIM_PULSE,3
$ALTIM_SENSITIVITY,3
$XPDR_VALID,5
$XPDR_INHIBIT,90
$INT_PRESSURE_SLOPE,0.0097660003
$INT_PRESSURE_YINT,-0.77999997
$DEEPGLIDER,0
$MOTHERBOARD,4
$DEVICE1,2
$DEVICE2,115
$DEVICE3,101
$DEVICE4,-1
$DEVICE5,-1
$DEVICE6,-1
$LOGGERS,0
$LOGGERDEVICE1,-1
$LOGGERDEVICE2,-1
$LOGGERDEVICE3,-1
$LOGGERDEVICE4,-1
$COMPASS_DEVICE,33
$COMPASS2_DEVICE,-1
$PHONE_DEVICE,49
$GPS_DEVICE,32
$RAFOS_DEVICE,-1
$XPDR_DEVICE,24
$SIM_W,0
$SIM_PITCH,0
$SEABIRD_T_G,0.0044178674
$SEABIRD_T_H,0.00064818078
$SEABIRD_T_I,2.6779007e-05
$SEABIRD_T_J,3.3667231e-06
$SEABIRD_C_G,-10.098215
$SEABIRD_C_H,1.1454017
$SEABIRD_C_I,-0.0021276253
$SEABIRD_C_J,0.00025532115
$SEABIRD_C_Z,2974.52
$GPS1,030905,091656,808.7369,-14207.1152,47,0.9,65,9.3,0.3,200.7,8,4.9
$_CALLS,1
$_XMS_NAKs,0
$_XMS_TOUTs,0
$_SM_DEPTHo,0.07
$_SM_ANGLEo,-52.8
$GPS2,030905,092412,808.6871,-14207.1338,7,0.8,28,9.3,0.5,76.6,9,4.9
$SPEED_LIMITS,0.173,0.262
$TGT_NAME,TX2
$TGT_LATLONG,1145.000,-14800.000
$TGT_RADIUS,10000.000
$KALMAN_CONTROL,0.000000,0.000000
$KALMAN_X,0.000000,0.000000,0.000000,0.000000,0.000000
$KALMAN_Y,0.000000,0.000000,0.000000,0.000000,0.000000
$MHEAD_RNG_PITCHd_Wd,292.6,754885,-18.1,-10.000,-20.93,2235
$D_GRID,990
$GCHEAD,st_secs,pitch_ctl,vbd_ctl,pitch_ad_start,roll_ad_start,vbd_pot1_ad_start,vbd_pot2_ad_start,depth,ob_vertv,data_pts,end_secs,pitch_secs,roll_secs,vbd_secs,vbd_i,gcphase,pitch_i,roll_i,pitch_ad,roll_ad,vbd_ad,vbd_pot1_ad,vbd_pot2_ad,pitch_retries,pitch_errors,roll_retries,roll_errors,vbd_retries,vbd_errors,pitch_volts,roll_volts,vbd_volts,int_press,humidity
$STATE,6,end surface,CONTROL_FINISHED_OK
$STATE,6,begin dive
$GC,74,-1.09,-146.6,147,1811,1057,858,0.2,-0.2,6,154,0.00,0.00,-77.22,0.000,16386,0.000,0.000,145,1811,2993,3006,2981,0,0,0,0,0,0,26.34,28.83,26.36,8.81,54.33
$GC,159,-1.09,-146.6,145,1811,3007,2981,2.9,-5.1,14,187,9.25,2.15,-9.05,0.000,18692,0.199,0.050,2517,3195,3406,3427,3385,0,0,0,0,0,0,24.77,25.32,24.95,9.03,53.85
$GC,286,-0.96,-146.6,2516,3195,3431,3385,22.1,-14.0,26,294,0.17,2.10,0.00,0.000,3078,0.129,0.028,2571,1790,3408,3432,3385,0,0,0,0,0,0,25.43,25.86,25.56,9.07,53.97
$GC,475,-0.90,-146.6,2571,1790,3433,3385,46.5,-12.4,45,479,0.00,2.20,0.00,0.000,516,0.000,0.037,2571,405,3408,3432,3385,0,0,0,0,0,0,26.46,25.74,26.47,9.10,54.17
$GC,596,-0.83,-146.6,2571,405,3433,3385,62.0,-14.8,52,605,0.12,2.12,0.00,0.000,3078,0.122,0.026,2616,1795,3409,3433,3385,0,0,0,0,0,0,25.48,25.94,25.61,9.10,53.81
$GC,781,-0.83,-146.6,2615,1795,3435,3385,84.8,-9.1,62,786,0.00,2.22,0.00,0.000,260,0.000,0.044,2608,3211,3410,3436,3385,0,0,0,0,0,0,26.49,25.74,26.50,9.12,54.52
$GC,853,-0.83,-146.6,2607,3210,3436,3385,90.1,-8.3,65,858,0.00,2.08,0.00,0.000,1030,0.000,0.021,2608,1779,3410,3436,3385,0,0,0,0,0,0,26.09,26.03,26.10,9.12,54.09
$GC,1048,-0.83,-146.6,2607,1778,3440,3385,104.0,-6.8,75,1055,0.00,2.20,0.00,0.000,260,0.000,0.037,2598,3205,3412,3440,3384,0,0,0,0,0,0,26.50,25.78,26.51,9.12,54.17
$GC,1110,-0.83,-146.6,2597,3204,3441,3385,108.1,-6.8,78,1114,0.00,2.08,0.00,0.000,1030,0.000,0.027,2598,1799,3413,3441,3385,0,0,0,0,0,0,26.03,25.95,26.06,9.11,53.46
$GC,1313,-0.83,-146.6,2597,1798,3444,3385,119.6,-4.4,88,1315,0.00,0.00,0.00,0.000,6,0.000,0.000,2598,1798,3414,3443,3385,0,0,0,0,0,0,26.51,26.52,26.51,9.10,53.46
$GC,1494,-0.83,-146.6,2597,1798,3444,3385,128.3,-5.3,97,1498,0.00,2.20,0.00,0.000,260,0.000,0.043,2588,3201,3415,3445,3385,0,0,0,0,0,0,26.51,25.72,26.53,9.09,53.22
$GC,1587,-0.83,-146.6,2587,3202,3444,3385,133.1,-5.7,101,1591,0.00,2.08,0.00,0.000,1030,0.000,0.028,2588,1807,3414,3444,3385,0,0,0,0,0,0,26.02,25.94,26.05,9.07,52.83
$GC,1780,-0.83,-146.6,2587,1807,3446,3386,143.3,-5.2,111,1787,0.00,2.22,0.00,0.000,516,0.000,0.043,2588,393,3415,3446,3385,0,0,0,0,0,0,26.51,25.72,26.52,9.06,53.78
$GC,1884,-0.83,-146.6,2587,393,3446,3386,149.2,-5.9,116,1892,0.12,2.12,0.00,0.000,3078,0.129,0.030,2618,1796,3416,3446,3386,0,0,0,0,0,0,25.62,25.91,25.72,9.04,53.58
$GC,2082,-0.88,-146.6,2617,1796,3447,3386,161.3,-6.1,126,2089,0.00,2.17,0.00,0.000,260,0.000,0.038,2610,3210,3416,3447,3386,0,0,0,0,0,0,26.52,25.80,26.53,9.03,54.09
$GC,2285,-0.88,-146.6,2609,3209,3447,3387,173.5,-6.2,136,2289,0.00,2.10,0.00,0.000,1030,0.000,0.023,2610,1778,3417,3447,3387,0,0,0,0,0,0,26.08,26.01,26.10,9.02,54.33
$GC,2489,-0.94,-146.6,2609,1777,3448,3386,186.3,-6.6,146,2494,0.00,2.12,0.00,0.000,516,0.000,0.037,2610,408,3417,3447,3387,0,0,0,0,0,0,26.52,25.79,26.53,9.01,55.19
$GC,2533,-0.94,-146.6,2609,408,3447,3387,189.7,-7.3,148,2538,0.00,2.10,0.00,0.000,1030,0.000,0.024,2600,1816,3416,3447,3386,0,0,0,0,0,0,26.06,25.98,26.08,9.00,55.31
$GC,2758,-0.94,-146.6,2600,1816,3447,3387,207.5,-8.1,157,2759,0.00,0.00,0.00,0.000,6,0.000,0.000,2600,1816,3417,3447,3387,0,0,0,0,0,0,26.52,26.53,26.53,8.99,55.04
$GC,2960,-0.94,-146.6,2600,1816,3447,3386,222.6,-7.4,162,2966,0.00,2.22,0.00,0.000,516,0.000,0.044,2600,412,3416,3447,3386,0,0,0,0,0,0,26.53,25.68,26.53,8.98,56.57
$GC,3050,-0.94,-146.6,2599,412,3447,3386,228.4,-7.0,164,3054,0.00,2.12,0.00,0.000,1030,0.000,0.032,2592,1801,3416,3447,3386,0,0,0,0,0,0,25.98,25.89,26.01,8.97,56.22
$GC,3246,-0.94,-146.6,2591,1801,3447,3386,241.6,-6.5,169,3250,0.00,2.15,0.00,0.000,516,0.000,0.036,2591,412,3416,3447,3386,0,0,0,0,0,0,26.53,25.79,26.53,8.97,56.93
$GC,3292,-0.94,-146.6,2591,411,3447,3386,244.7,-6.6,170,3296,0.00,2.08,0.00,0.000,1030,0.000,0.024,2583,1806,3416,3447,3386,0,0,0,0,0,0,26.06,25.98,26.08,8.97,56.89
$GC,3491,-0.94,-146.6,2582,1806,3447,3386,258.3,-6.7,175,3495,0.00,2.15,0.00,0.000,260,0.000,0.039,2573,3198,3416,3447,3386,0,0,0,0,0,0,26.52,25.79,26.53,8.95,57.28
$GC,3553,-0.94,-146.6,2572,3199,3447,3386,261.3,-6.8,176,3557,0.00,2.08,0.00,0.000,1030,0.000,0.023,2573,1788,3416,3446,3386,0,0,0,0,0,0,26.08,26.01,26.10,8.95,57.04
$GC,3777,-0.94,-146.6,2572,1786,3447,3386,277.4,-6.6,182,3781,0.00,2.15,0.00,0.000,516,0.000,0.037,2573,406,3416,3446,3386,0,0,0,0,0,0,26.53,25.78,26.53,8.94,57.32
$GC,3869,-0.94,-146.6,2572,406,3446,3386,282.9,-6.5,184,3874,0.00,2.10,0.00,0.000,1030,0.000,0.024,2563,1808,3416,3446,3386,0,0,0,0,0,0,26.06,25.98,26.08,8.93,57.40
$GC,4064,-0.94,-146.6,2563,1808,3446,3386,295.5,-6.3,189,4068,0.00,2.15,0.00,0.000,260,0.000,0.039,2553,3197,3415,3445,3386,0,0,0,0,0,0,26.53,25.79,26.53,8.93,57.71
$GC,4198,-0.94,-146.6,2553,3197,3444,3386,303.6,-6.5,192,4203,0.00,2.08,0.00,0.000,1030,0.000,0.024,2553,1791,3415,3444,3386,0,0,0,0,0,0,26.08,26.01,26.10,8.92,58.38
$GC,4394,-0.94,-146.6,2553,1789,3444,3386,318.4,-7.3,197,4398,0.00,2.15,0.00,0.000,516,0.000,0.037,2553,411,3415,3444,3386,0,0,0,0,0,0,26.53,25.77,26.53,8.92,58.38
$GC,4471,-0.94,-146.6,2553,411,3444,3386,322.1,-7.6,198,4479,0.12,2.08,0.00,0.000,3078,0.137,0.024,2582,1799,3414,3443,3386,0,0,0,0,0,0,25.63,25.98,25.74,8.91,58.54
$GC,4678,-0.99,-146.6,2582,1798,3442,3386,341.1,-7.9,204,4682,0.00,2.17,0.00,0.000,260,0.000,0.039,2574,3195,3414,3442,3387,0,0,0,0,0,0,26.53,25.78,26.53,8.91,58.89
$GC,4854,-0.99,-146.6,2574,3195,3441,3387,354.5,-8.2,208,4859,0.00,2.08,0.00,0.000,1030,0.000,0.024,2574,1794,3413,3441,3386,0,0,0,0,0,0,26.06,26.00,26.09,8.90,58.50
$GC,5043,-0.99,-146.6,2574,1792,3440,3386,370.8,-8.1,213,5048,0.00,2.20,0.00,0.000,516,0.000,0.038,2575,412,3413,3440,3386,0,0,0,0,0,0,26.53,25.76,26.53,8.90,58.82
$GC,5136,-0.99,-146.6,2574,412,3440,3386,378.1,-8.3,215,5140,0.00,2.12,0.00,0.000,1030,0.000,0.025,2567,1798,3413,3440,3386,0,0,0,0,0,0,26.01,25.98,26.03,8.90,59.09
$GC,5330,-0.99,-146.6,2566,1798,3438,3386,393.8,-7.7,220,5331,0.00,0.00,0.00,0.000,6,0.000,0.000,2566,1798,3411,3437,3386,0,0,0,0,0,0,26.53,26.54,26.53,8.89,59.41
$GC,5530,-0.99,-146.6,2566,1798,3436,3386,407.5,-6.8,225,5535,0.00,2.20,0.00,0.000,516,0.000,0.037,2567,415,3411,3436,3386,0,0,0,0,0,0,26.53,25.77,26.53,8.89,59.52
$GC,5582,-0.99,-146.6,2566,415,3436,3386,410.5,-6.8,226,5587,0.00,2.10,0.00,0.000,1030,0.000,0.025,2556,1811,3410,3435,3386,0,0,0,0,0,0,26.05,25.97,26.08,8.89,58.78
$GC,5776,-0.99,-146.6,2556,1810,3434,3386,423.9,-6.7,231,5781,0.00,2.20,0.00,0.000,260,0.000,0.040,2547,3195,3410,3434,3386,0,0,0,0,0,0,26.53,25.77,26.53,8.88,59.49
$GC,5809,-0.99,-146.6,2546,3195,3433,3386,423.9,-6.7,231,5813,0.00,2.08,0.00,0.000,1030,0.000,0.024,2547,1798,3409,3433,3386,0,0,0,0,0,0,26.06,26.00,26.09,8.88,60.12
$GC,6023,-0.99,-146.6,2546,1798,3433,3385,441.4,-7.2,237,6027,0.00,2.17,0.00,0.000,516,0.000,0.038,2547,414,3408,3432,3385,0,0,0,0,0,0,26.53,25.73,26.53,8.87,59.88
$GC,6120,-0.99,-146.6,2546,412,3432,3385,448.1,-7.5,239,6125,0.00,2.10,0.00,0.000,1030,0.000,0.026,2538,1809,3409,3433,3385,0,0,0,0,0,0,26.03,25.96,26.06,8.87,59.25
$GC,6312,-0.99,-146.6,2538,1809,3432,3383,463.4,-7.5,244,6313,0.00,0.00,0.00,0.000,6,0.000,0.000,2538,1809,3408,3433,3383,0,0,0,0,0,0,26.53,26.54,26.53,8.86,60.04
$GC,6510,-0.99,-146.6,2538,1808,3432,3382,478.6,-7.6,249,6514,0.00,2.20,0.00,0.000,516,0.000,0.037,2539,414,3407,3432,3382,0,0,0,0,0,0,26.53,25.73,26.53,8.86,59.88
$GC,6587,-0.99,-146.6,2538,412,3432,3382,482.1,-7.7,250,6595,0.12,2.10,0.00,0.000,3078,0.138,0.025,2567,1810,3407,3432,3382,0,0,0,0,0,0,25.60,25.96,25.70,8.86,60.27
$GC,6793,-0.99,-146.6,2567,1810,3432,3381,501.0,-7.8,256,6797,0.00,2.17,0.00,0.000,260,0.000,0.040,2560,3199,3407,3432,3382,0,0,0,0,0,0,26.53,25.74,26.54,8.86,60.39
$GC,6865,-0.99,-146.6,2560,3200,3431,3381,504.3,-7.8,257,6869,0.00,2.08,0.00,0.000,1030,0.000,0.024,2560,1803,3406,3431,3381,0,0,0,0,0,0,26.06,25.98,26.08,8.85,60.19
$GC,7079,-0.99,-146.6,2560,1803,3431,3381,523.6,-8.0,263,7084,0.00,2.22,0.00,0.000,516,0.000,0.039,2560,411,3405,3431,3380,0,0,0,0,0,0,26.53,25.72,26.53,8.85,60.82
$GC,7173,-0.99,-146.6,2560,410,3431,3380,530.6,-8.3,265,7177,0.00,2.10,0.00,0.000,1030,0.000,0.025,2551,1802,3405,3431,3380,0,0,0,0,0,0,26.03,25.96,26.06,8.85,60.27
$GC,7367,-0.99,-146.6,2551,1801,3430,3379,546.6,-7.9,270,7368,0.00,0.00,0.00,0.000,6,0.000,0.000,2551,1802,3404,3430,3379,0,0,0,0,0,0,26.53,26.54,26.53,8.84,60.86
$GC,7568,-0.99,-146.6,2550,1801,3430,3377,562.1,-7.8,275,7574,0.00,2.20,0.00,0.000,516,0.000,0.037,2551,405,3404,3430,3378,0,0,0,0,0,0,26.53,25.70,26.53,8.83,60.63
$GC,7642,-0.99,-146.6,2551,405,3430,3378,565.4,-7.9,276,7650,0.00,2.10,0.00,0.000,1030,0.000,0.025,2542,1800,3403,3429,3377,0,0,0,0,0,0,26.02,25.95,26.05,8.84,61.02
$GC,7849,-0.99,-146.6,2542,1800,3428,3378,585.0,-8.1,282,7853,0.00,2.20,0.00,0.000,260,0.000,0.040,2532,3200,3403,3429,3378,0,0,0,0,0,0,26.53,25.72,26.53,8.83,61.10
$GC,7880,-0.99,-146.6,2531,3203,3427,3377,585.0,-8.1,282,7886,0.10,2.10,0.00,0.000,3078,0.145,0.024,2563,1794,3402,3427,3378,0,0,0,0,0,0,25.66,25.97,25.75,8.82,60.90
$GC,8096,-0.99,-146.6,2562,1793,3427,3377,604.8,-8.0,288,8100,0.00,2.20,0.00,0.000,516,0.000,0.039,2562,392,3402,3427,3377,0,0,0,0,0,0,26.53,25.68,26.53,8.82,60.63
$GC,8173,-0.99,-146.6,2562,392,3427,3377,608.5,-8.1,289,8180,0.00,2.12,0.00,0.000,1030,0.000,0.026,2556,1805,3401,3426,3377,0,0,0,0,0,0,26.01,25.94,26.03,8.82,60.55
$GC,8381,-0.99,-146.6,2555,1805,3426,3377,628.0,-8.1,295,8386,0.00,2.20,0.00,0.000,260,0.000,0.040,2546,3202,3401,3426,3376,0,0,0,0,0,0,26.53,25.71,26.54,8.82,61.26
$GC,8479,-0.99,-146.6,2545,3202,3425,3375,634.9,-7.9,297,8483,0.00,2.10,0.00,0.000,1030,0.000,0.024,2546,1795,3400,3425,3375,0,0,0,0,0,0,26.03,25.96,26.06,8.82,61.10
$GC,8667,-0.99,-146.6,2545,1795,3425,3375,650.5,-7.8,302,8673,0.00,2.22,0.00,0.000,516,0.000,0.040,2546,411,3400,3425,3375,0,0,0,0,0,0,26.53,25.66,26.53,8.81,61.69
$GC,8762,-0.99,-146.6,2545,411,3424,3375,657.3,-7.9,304,8766,0.00,2.10,0.00,0.000,1030,0.000,0.026,2537,1802,3399,3424,3375,0,0,0,0,0,0,26.01,25.93,26.03,8.81,61.06
$GC,8955,-0.99,-146.6,2536,1802,3423,3374,672.5,-7.4,309,8961,0.00,2.22,0.00,0.000,260,0.000,0.040,2526,3223,3398,3423,3374,0,0,0,0,0,0,26.53,25.69,26.54,8.81,60.98
$GC,9033,-0.99,-146.6,2526,3223,3423,3374,675.7,-7.4,310,9041,0.12,2.10,0.00,0.000,3078,0.136,0.024,2565,1798,3398,3423,3374,0,0,0,0,0,0,25.58,25.96,25.68,8.80,61.73
$GC,9243,-1.05,-146.6,2565,1798,3423,3373,691.9,-6.7,316,9245,0.00,0.00,0.00,0.000,6,0.000,0.000,2565,1798,3398,3423,3373,0,0,0,0,0,0,26.53,26.53,26.53,8.80,61.57
$GC,9441,-1.11,-146.6,2565,1798,3423,3372,705.4,-6.6,321,9443,0.08,0.00,0.00,0.000,4102,0.095,0.000,2486,1798,3397,3423,3372,0,0,0,0,0,0,26.32,26.34,26.32,8.80,61.57
$GC,9640,-1.11,-146.6,2486,1798,3421,3372,720.3,-7.4,326,9648,0.12,2.20,0.00,0.000,2564,0.139,0.039,2524,409,3397,3422,3372,0,0,0,0,0,0,25.93,25.64,25.98,8.79,61.93
$GC,9696,-1.11,-146.6,2524,409,3421,3372,723.3,-7.4,327,9700,0.00,2.12,0.00,0.000,1030,0.000,0.026,2517,1795,3396,3421,3372,0,0,0,0,0,0,25.96,25.91,25.98,8.80,61.69
$GC,9885,-1.11,-146.6,2516,1795,3421,3371,737.8,-7.2,332,9892,0.00,2.22,0.00,0.000,260,0.000,0.041,2507,3207,3396,3421,3371,0,0,0,0,0,0,26.53,25.67,26.54,8.79,61.53
$GC,10027,-1.11,-146.6,2506,3207,3420,3370,746.6,-7.2,335,10031,0.00,2.10,0.00,0.000,1030,0.000,0.024,2507,1799,3395,3420,3370,0,0,0,0,0,0,26.01,25.94,26.03,8.78,61.77
$GC,10250,-1.11,-146.6,2506,1800,3421,3369,765.0,-7.6,341,10255,0.00,2.20,0.00,0.000,516,0.000,0.040,2507,408,3394,3420,3369,0,0,0,0,0,0,26.53,25.63,26.53,8.78,62.79
$GC,10380,-1.11,-146.6,2506,408,3420,3369,775.2,-8.0,344,10387,0.10,2.12,0.00,0.000,3078,0.149,0.026,2526,1810,3394,3419,3369,0,0,0,0,0,0,25.58,25.91,25.68,8.78,62.28
$GC,10577,-1.11,-146.6,2526,1810,3419,3368,790.8,-7.8,349,10582,0.00,2.20,0.00,0.000,260,0.000,0.041,2518,3207,3393,3419,3368,0,0,0,0,0,0,26.53,25.65,26.53,8.78,62.16
$GC,10750,-1.11,-146.6,2518,3207,3419,3367,803.7,-7.8,353,10754,0.00,2.15,0.00,0.000,1030,0.000,0.025,2519,1796,3393,3419,3367,0,0,0,0,0,0,26.03,25.92,26.05,8.77,62.79
$GC,10944,-1.11,-146.6,2518,1796,3420,3367,819.4,-7.8,358,10949,0.00,2.20,0.00,0.000,516,0.000,0.040,2518,408,3393,3420,3367,0,0,0,0,0,0,26.53,25.60,26.53,8.78,62.12
$GC,11007,-1.11,-146.6,2518,408,3419,3367,822.9,-7.9,359,11011,0.00,2.12,0.00,0.000,1030,0.000,0.026,2509,1807,3393,3419,3367,0,0,0,0,0,0,25.97,25.89,26.00,8.77,62.20
$GC,11231,-1.11,-146.6,2508,1807,3418,3366,841.2,-7.5,365,11236,0.00,2.20,0.00,0.000,260,0.000,0.041,2498,3207,3392,3418,3367,0,0,0,0,0,0,26.53,25.63,26.53,8.77,62.28
$GC,11367,-1.11,-146.6,2497,3207,3418,3366,850.3,-7.3,368,11371,0.00,2.15,0.00,0.000,1030,0.000,0.025,2498,1793,3392,3418,3366,0,0,0,0,0,0,26.01,25.91,26.03,8.77,62.32
$GC,11561,-1.11,-146.6,2497,1793,3418,3365,864.8,-7.1,373,11565,0.00,2.17,0.00,0.000,516,0.000,0.040,2498,415,3391,3418,3365,0,0,0,0,0,0,26.53,25.59,26.53,8.76,62.67
$GC,11628,-1.11,-146.6,2498,414,3418,3365,868.2,-7.2,374,11635,0.12,2.12,0.00,0.000,3078,0.143,0.027,2525,1810,3391,3418,3365,0,0,0,0,0,0,25.48,25.89,25.59,8.76,62.60
$GC,11845,-1.11,-146.6,2525,1810,3418,3365,883.7,-6.4,380,11849,0.00,2.22,0.00,0.000,260,0.000,0.041,2518,3194,3390,3417,3364,0,0,0,0,0,0,26.53,25.61,26.53,8.76,62.87
$GC,11931,-1.11,-146.6,2517,3194,3416,3365,889.0,-6.4,382,11936,0.00,2.12,0.00,0.000,1030,0.000,0.025,2518,1801,3390,3416,3365,0,0,0,0,0,0,25.94,25.91,25.96,8.75,62.91
$GC,12130,-1.11,-146.6,2517,1801,3416,3365,901.9,-6.5,387,12132,0.00,0.00,0.00,0.000,6,0.000,0.000,2518,1802,3391,3417,3365,0,0,0,0,0,0,26.53,26.53,26.53,8.75,62.56
$GC,12330,-1.11,-146.6,2517,1801,3416,3364,915.5,-6.8,392,12335,0.00,2.25,0.00,0.000,260,0.000,0.041,2508,3219,3390,3416,3364,0,0,0,0,0,0,26.53,25.60,26.53,8.75,63.11
$GC,12428,-1.11,-146.6,2507,3219,3415,3364,921.7,-7.1,394,12434,0.00,2.15,0.00,0.000,1030,0.000,0.025,2508,1791,3389,3415,3364,0,0,0,0,0,0,25.96,25.89,25.99,8.75,62.75
$GC,12656,-1.11,-146.6,2507,1791,3416,3363,939.8,-7.8,400,12661,0.00,2.20,0.00,0.000,516,0.000,0.041,2508,406,3389,3415,3363,0,0,0,0,0,0,26.53,25.55,26.53,8.75,62.64
$GC,12713,-1.11,-146.6,2507,406,3415,3363,943.7,-8.0,401,12721,0.00,2.12,0.00,0.000,1030,0.000,0.027,2498,1803,3389,3415,3363,0,0,0,0,0,0,25.94,25.86,25.96,8.75,62.79
$GC,12941,-1.11,-146.6,2498,1803,3415,3363,963.8,-8.6,407,12945,0.00,2.20,0.00,0.000,260,0.000,0.041,2487,3193,3389,3415,3363,0,0,0,0,0,0,26.52,25.59,26.53,8.75,62.71
$GC,13039,-1.11,-146.6,2487,3193,3414,3362,971.5,-8.7,409,13045,0.12,2.08,0.00,0.000,3078,0.145,0.025,2525,1798,3388,3414,3362,0,0,0,0,0,0,25.46,25.89,25.57,8.74,62.71
$GC,13230,-1.11,-146.6,2524,1798,3414,3362,989.1,-8.7,414,13234,0.00,2.20,0.00,0.000,516,0.000,0.041,2525,414,3388,3414,3362,0,0,0,0,0,0,26.52,25.53,26.53,8.74,63.34
$STATE,13271,end dive,TARGET_DEPTH_EXCEEDED
$STATE,13271,begin apogee
$GC,13281,-0.42,0.0,2514,2241,3414,3362,992.9,-8.7,415,13422,0.73,0.00,137.35,1.342,10246,0.109,0.000,2750,2241,2804,2899,2710,0,0,0,0,0,0,24.92,24.10,22.88,8.74,63.70
$STATE,13423,end apogee,CONTROL_FINISHED_OK
$STATE,13424,begin climb
$GC,13427,1.09,146.6,2750,2241,2898,2709,999.7,0.0,418,13581,1.38,2.42,145.10,1.291,10500,0.068,0.044,3229,3654,2205,2290,2121,0,0,0,0,0,0,24.62,24.10,22.84,8.70,61.85
$GC,13636,0.93,213.7,3229,3653,2289,2121,988.1,6.9,424,13715,0.17,2.15,66.68,1.262,13318,0.137,0.024,3186,2245,1932,2055,1809,0,0,0,0,0,0,25.13,25.51,23.01,8.64,60.19
$GC,13916,0.95,238.9,3186,2245,2054,1808,964.2,8.8,431,13947,0.00,2.30,25.17,1.230,8452,0.000,0.044,3186,3652,1829,1964,1695,0,0,0,0,0,0,26.25,24.78,23.42,8.61,62.20
$GC,13989,0.98,261.9,3186,3652,1964,1695,960.6,8.9,432,14018,0.00,2.12,23.17,1.216,9222,0.000,0.024,3193,2250,1737,1884,1590,0,0,0,0,0,0,25.70,25.63,23.34,8.61,61.22
$GC,14238,1.04,261.9,3192,2250,1882,1590,932.2,10.2,439,14244,0.00,2.25,0.00,0.000,260,0.000,0.045,3193,3659,1736,1882,1590,0,0,0,0,0,0,26.27,25.70,26.29,8.59,62.60
$GC,14287,1.10,261.9,3192,3659,1882,1587,927.8,10.3,440,14295,0.08,2.12,0.00,0.000,3078,0.098,0.025,3276,2245,1734,1882,1587,0,0,0,0,0,0,25.85,25.91,25.93,8.59,63.23
$GC,14481,1.10,261.9,3276,2245,1881,1587,903.8,12.1,445,14483,0.12,0.00,0.00,0.000,4102,0.132,0.000,3237,2245,1734,1882,1587,0,0,0,0,0,0,25.89,25.99,25.96,8.59,63.23
$GC,14680,1.10,261.9,3236,2245,1881,1587,880.4,11.7,450,14684,0.00,2.28,0.00,0.000,260,0.000,0.045,3237,3670,1734,1882,1586,0,0,0,0,0,0,26.46,25.75,26.46,8.59,63.78
$GC,14764,1.10,261.9,3236,3670,1881,1586,870.2,12.0,452,14769,0.00,2.17,0.00,0.000,1030,0.000,0.025,3245,2244,1733,1881,1586,0,0,0,0,0,0,26.03,26.01,26.06,8.58,63.42
$GC,14968,1.10,261.9,3245,2244,1881,1586,845.6,12.0,457,14969,0.00,0.00,0.00,0.000,6,0.000,0.000,3245,2244,1733,1881,1586,0,0,0,0,0,0,26.48,26.49,26.48,8.58,63.82
$GC,15170,1.10,261.9,3245,2244,1881,1586,822.4,11.7,462,15177,0.00,2.25,0.00,0.000,260,0.000,0.045,3245,3653,1733,1881,1586,0,0,0,0,0,0,26.49,25.72,26.49,8.58,64.17
$GC,15229,1.10,261.9,3245,3653,1881,1586,817.4,11.6,463,15233,0.00,2.10,0.00,0.000,1030,0.000,0.024,3255,2249,1733,1881,1585,0,0,0,0,0,0,26.08,26.01,26.10,8.58,64.29
$GC,15452,1.10,261.9,3254,2248,1881,1585,790.8,10.8,469,15457,0.00,2.25,0.00,0.000,260,0.000,0.045,3255,3656,1733,1881,1585,0,0,0,0,0,0,26.49,25.70,26.50,8.57,64.33
$GC,15504,1.10,261.9,3254,3656,1881,1586,786.0,10.8,470,15508,0.00,2.12,0.00,0.000,1030,0.000,0.025,3265,2243,1733,1881,1586,0,0,0,0,0,0,26.06,25.99,26.09,8.57,64.33
$GC,15697,1.10,261.9,3264,2243,1882,1586,765.3,10.2,475,15702,0.00,2.25,0.00,0.000,260,0.000,0.045,3265,3653,1733,1881,1586,0,0,0,0,0,0,26.50,25.68,26.51,8.57,64.76
$GC,15755,1.10,261.9,3264,3653,1881,1585,760.7,10.2,476,15760,0.12,2.12,0.00,0.000,5126,0.135,0.024,3236,2239,1733,1881,1586,0,0,0,0,0,0,25.63,25.98,25.74,8.57,64.37
$GC,15979,1.12,281.6,3235,2239,1881,1586,738.7,9.1,482,16005,0.00,2.33,19.25,1.161,8452,0.000,0.044,3235,3648,1655,1808,1502,0,0,0,0,0,0,26.50,24.97,23.67,8.57,64.37
$GC,16053,1.13,300.4,3235,3649,1808,1502,735.0,9.1,483,16077,0.00,2.12,19.25,1.141,9222,0.000,0.024,3243,2240,1579,1739,1420,0,0,0,0,0,0,25.84,25.77,23.46,8.56,64.01
$GC,16297,1.14,307.2,3243,2240,1737,1418,708.3,9.7,490,16309,0.00,2.17,7.35,0.977,8708,0.000,0.035,3253,859,1549,1710,1389,0,0,0,0,0,0,26.29,24.65,23.81,8.54,64.68
$GC,16347,1.15,315.2,3252,860,1710,1389,704.8,9.6,491,16360,0.00,2.15,8.90,1.021,9222,0.000,0.030,3253,2264,1521,1683,1359,0,0,0,0,0,0,25.84,25.75,23.72,8.55,64.49
$GC,16575,1.15,315.2,3252,2264,1680,1356,680.6,10.1,497,16580,0.00,2.20,0.00,0.000,260,0.000,0.045,3253,3644,1518,1680,1356,0,0,0,0,0,0,26.34,25.67,26.34,8.54,64.64
$GC,16659,1.15,315.2,3252,3644,1679,1356,671.7,10.4,499,16664,0.00,2.10,0.00,0.000,1030,0.000,0.025,3262,2252,1518,1680,1356,0,0,0,0,0,0,26.00,25.93,26.03,8.55,64.21
$GC,16863,1.15,315.2,3262,2252,1679,1356,650.0,10.7,504,16865,0.00,0.00,0.00,0.000,6,0.000,0.000,3262,2252,1517,1679,1356,0,0,0,0,0,0,26.44,26.46,26.45,8.54,63.93
$GC,17063,1.15,315.2,3262,2252,1679,1356,627.7,11.3,509,17070,0.00,2.25,0.00,0.000,260,0.000,0.045,3262,3657,1517,1679,1356,0,0,0,0,0,0,26.47,25.67,26.48,8.54,64.68
$GC,17112,1.15,315.2,3261,3657,1678,1356,622.9,11.4,510,17116,0.00,2.12,0.00,0.000,1030,0.000,0.025,3262,2249,1517,1678,1356,0,0,0,0,0,0,26.03,25.96,26.06,8.54,64.88
$GC,17306,1.15,315.2,3261,2249,1678,1356,599.3,11.7,515,17308,0.00,0.00,0.00,0.000,6,0.000,0.000,3262,2248,1517,1678,1356,0,0,0,0,0,0,26.48,26.50,26.49,8.54,64.25
$GC,17506,1.15,315.2,3262,2249,1678,1355,575.3,12.0,520,17512,0.00,2.25,0.00,0.000,260,0.000,0.045,3262,3654,1516,1678,1355,0,0,0,0,0,0,26.49,25.65,26.50,8.54,64.92
$GC,17566,1.15,315.2,3262,3654,1678,1355,570.3,12.1,521,17570,0.00,2.10,0.00,0.000,1030,0.000,0.025,3262,2248,1516,1677,1355,0,0,0,0,0,0,26.03,25.96,26.06,8.54,64.25
$GC,17789,1.15,315.2,3262,2249,1678,1355,541.0,12.0,527,17794,0.00,2.28,0.00,0.000,260,0.000,0.045,3262,3670,1516,1678,1355,0,0,0,0,0,0,26.49,25.63,26.50,8.54,64.56
$GC,17851,1.15,315.2,3261,3670,1677,1355,535.6,12.0,528,17858,0.00,2.15,0.00,0.000,1030,0.000,0.025,3262,2246,1516,1677,1355,0,0,0,0,0,0,26.01,25.94,26.04,8.54,65.12
$GC,18073,1.15,315.2,3262,2246,1678,1355,507.2,11.8,534,18078,0.00,2.17,0.00,0.000,516,0.000,0.038,3262,853,1516,1677,1355,0,0,0,0,0,0,26.50,25.70,26.51,8.54,64.56
$GC,18101,1.15,315.2,3262,854,1678,1355,507.2,11.8,534,18105,0.00,2.15,0.00,0.000,1030,0.000,0.030,3262,2236,1516,1677,1355,0,0,0,0,0,0,25.88,25.84,25.91,8.55,64.45
$GC,18321,1.15,315.2,3262,2236,1677,1354,478.5,11.7,540,18327,0.00,2.28,0.00,0.000,260,0.000,0.044,3262,3666,1515,1677,1354,0,0,0,0,0,0,26.50,25.60,26.51,8.55,64.72
$GC,18404,1.15,315.2,3262,3666,1677,1354,468.3,12.1,542,18408,0.00,2.12,0.00,0.000,1030,0.000,0.025,3262,2248,1515,1677,1354,0,0,0,0,0,0,26.00,25.93,26.03,8.55,64.53
$GC,18603,1.15,315.2,3262,2248,1677,1354,444.3,11.9,547,18607,0.00,2.17,0.00,0.000,516,0.000,0.037,3262,855,1515,1678,1353,0,0,0,0,0,0,26.50,25.68,26.51,8.55,64.49
$GC,18634,1.15,315.2,3262,856,1677,1354,444.3,11.9,547,18638,0.00,2.15,0.00,0.000,1030,0.000,0.029,3262,2268,1515,1677,1354,0,0,0,0,0,0,25.90,25.81,25.94,8.55,65.04
$GC,18847,1.15,315.2,3262,2268,1677,1353,415.5,11.8,553,18852,0.00,2.25,0.00,0.000,260,0.000,0.045,3262,3679,1515,1677,1354,0,0,0,0,0,0,26.50,25.57,26.51,8.55,64.05
$GC,18931,1.15,315.2,3262,3679,1677,1353,405.3,12.0,555,18935,0.00,2.15,0.00,0.000,1030,0.000,0.024,3262,2251,1515,1677,1354,0,0,0,0,0,0,25.99,25.91,26.02,8.54,64.01
$GC,19134,1.15,315.2,3262,2251,1677,1353,382.1,11.4,560,19138,0.00,2.17,0.00,0.000,516,0.000,0.037,3262,858,1515,1677,1354,0,0,0,0,0,0,26.50,25.66,26.51,8.55,64.84
$GC,19160,1.15,315.2,3262,857,1678,1354,382.1,11.4,560,19165,0.00,2.12,0.00,0.000,1030,0.000,0.029,3263,2257,1515,1677,1354,0,0,0,0,0,0,25.89,25.79,25.92,8.56,64.37
$GC,19381,1.15,315.2,3262,2256,1677,1354,355.9,10.7,566,19388,0.00,2.22,0.00,0.000,260,0.000,0.045,3262,3652,1515,1677,1353,0,0,0,0,0,0,26.50,25.55,26.51,8.56,64.29
$GC,19464,1.15,315.2,3262,3651,1677,1353,346.8,10.8,568,19468,0.00,2.10,0.00,0.000,1030,0.000,0.024,3263,2249,1515,1677,1354,0,0,0,0,0,0,25.98,25.91,26.01,8.56,64.01
$GC,19669,1.15,315.2,3262,2249,1677,1353,325.3,10.5,573,19670,0.00,0.00,0.00,0.000,6,0.000,0.000,3262,2249,1515,1677,1353,0,0,0,0,0,0,26.50,26.51,26.51,8.57,64.56
$GC,19867,1.15,315.2,3262,2249,1677,1353,303.5,11.0,578,19872,0.00,2.25,0.00,0.000,260,0.000,0.045,3263,3655,1515,1677,1353,0,0,0,0,0,0,26.51,25.53,26.51,8.57,64.37
$GC,19911,1.15,315.2,3262,3655,1677,1353,298.3,11.2,579,19916,0.00,2.10,0.00,0.000,1030,0.000,0.024,3262,2250,1515,1677,1354,0,0,0,0,0,0,25.98,25.91,26.01,8.57,64.49
$GC,20115,1.15,315.2,3262,2249,1677,1353,275.4,11.2,584,20116,0.00,0.00,0.00,0.000,6,0.000,0.000,3263,2249,1515,1677,1353,0,0,0,0,0,0,26.51,26.51,26.51,8.57,63.93
$GC,20315,1.15,315.2,3262,2249,1677,1353,253.0,11.2,589,20320,0.00,2.25,0.00,0.000,260,0.000,0.045,3262,3654,1516,1678,1354,0,0,0,0,0,0,26.51,25.51,26.51,8.58,63.86
$GC,20367,1.15,315.2,3262,3654,1677,1354,247.9,11.2,590,20372,0.00,2.12,0.00,0.000,1030,0.000,0.024,3262,2239,1515,1677,1353,0,0,0,0,0,0,25.98,25.92,26.01,8.57,63.90
$GC,20561,1.15,315.2,3262,2239,1677,1353,226.6,10.5,595,20566,0.00,2.25,0.00,0.000,260,0.000,0.044,3263,3652,1515,1677,1353,0,0,0,0,0,0,26.50,25.51,26.51,8.58,63.34
$GC,20605,1.15,315.2,3262,3652,1677,1353,222.0,10.4,596,20610,0.00,2.12,0.00,0.000,1030,0.000,0.024,3263,2253,1515,1677,1353,0,0,0,0,0,0,25.95,25.91,25.97,8.59,63.62
$GC,20810,1.15,316.4,3262,2254,1677,1354,201.7,9.9,601,20814,0.00,2.20,0.00,0.000,516,0.000,0.037,3263,836,1515,1677,1353,0,0,0,0,0,0,26.51,25.64,26.51,8.58,63.42
$GC,20842,1.15,317.5,3262,836,1677,1354,201.7,9.9,601,20852,0.00,2.15,0.00,0.000,1030,0.000,0.029,3263,2244,1515,1677,1353,0,0,0,0,0,0,25.86,25.77,25.89,8.58,62.99
$GC,21034,1.15,317.5,3262,2243,1677,1353,178.3,10.6,611,21038,0.00,2.28,0.00,0.000,260,0.000,0.045,3262,3645,1515,1677,1353,0,0,0,0,0,0,26.51,25.51,26.51,8.58,63.27
$GC,21100,1.15,317.5,3262,3645,1677,1354,171.5,10.7,614,21104,0.00,2.10,0.00,0.000,1030,0.000,0.024,3262,2240,1515,1677,1354,0,0,0,0,0,0,25.98,25.91,26.01,8.59,63.38
$GC,21299,1.16,324.5,3262,2239,1677,1353,151.7,9.7,624,21317,0.00,2.20,8.80,0.730,8708,0.000,0.034,3270,862,1481,1643,1319,0,0,0,0,0,0,26.51,25.17,24.07,8.59,63.03
$GC,21350,1.17,333.9,3270,862,1644,1319,147.4,9.6,626,21365,0.00,2.12,9.82,0.735,9222,0.000,0.028,3270,2258,1443,1610,1277,0,0,0,0,0,0,25.84,25.74,23.97,8.59,63.38
$GC,21566,1.17,333.9,3270,2258,1607,1275,124.8,10.6,637,21571,0.00,2.22,0.00,0.000,260,0.000,0.044,3270,3649,1441,1607,1275,0,0,0,0,0,0,26.39,25.56,26.39,8.59,62.95
$GC,21678,1.17,333.9,3270,3649,1606,1275,111.9,12.2,642,21682,0.00,2.10,0.00,0.000,1030,0.000,0.023,3280,2243,1441,1607,1275,0,0,0,0,0,0,25.98,25.91,26.00,8.59,62.67
$GC,21872,1.18,344.8,3280,2242,1607,1275,90.0,9.5,652,21890,0.00,0.00,10.52,0.711,8198,0.000,0.000,3281,2242,1396,1564,1228,0,0,0,0,0,0,26.46,25.06,24.10,8.60,62.75
$GC,22072,1.23,393.8,3280,2243,1564,1229,72.5,7.8,662,22120,0.00,0.00,45.25,0.759,8198,0.000,0.000,3281,2243,1199,1370,1029,0,0,0,0,0,0,26.41,24.67,23.74,8.61,63.15
$GC,22292,1.40,507.7,3280,2242,1365,1029,60.1,4.8,673,22431,0.10,0.00,119.18,0.704,10502,0.077,0.000,3374,2242,733,801,665,0,0,0,0,3,0,26.01,24.49,23.62,8.66,64.72
$GC,22612,1.40,507.7,3373,2242,793,664,33.3,13.3,697,22617,0.12,2.25,0.00,0.000,4356,0.131,0.044,3335,3647,728,793,664,0,0,0,0,0,0,25.68,25.56,25.76,8.71,63.46
$GC,22657,1.40,507.7,3334,3647,792,663,27.2,13.6,701,22662,0.00,2.12,0.00,0.000,1030,0.000,0.022,3342,2251,727,792,663,0,0,0,0,0,0,25.87,25.84,25.89,8.72,62.99
$STATE,22850,end climb,SURFACE_DEPTH_REACHED
$STATE,22850,begin surface coast
$FINISH,-0.4,1.022443
$STATE,22869,end surface coast,CONTROL_FINISHED_OK
$STATE,22869,begin surface
$SM_CCo,22950,0.00,0.000,0,0,726,509.98
$SM_GC,-0.00,8.07,0.65,0.00,0.024,0.032,0.000,179,1798,726,-8.28,1.61,509.98,0,0,0,0,0,0,26.06,25.98,26.08
$IRIDIUM_FIX,805.94,-14206.35,190425,023930
$TT8_MAMPS,0.026964,0.387982
$HUMID,58.82
$INTERNAL_PRESSURE,8.73208
$TCM_TEMP,18.80
$XPDR_PINGS,0
$ALTIM_TOP_PING,19.0,19.6
$24V_AH,22.84,101.128
$10V_AH,9.53,64.321
$FG_AHR_24Vo,0.000
$FG_AHR_10Vo,0.000
$DEVICES,Pitch_motor,Roll_motor,VBD_pump_during_apogee,VBD_pump_during_surface,VBD_valve,Iridium_during_init,Iridium_during_connect,Iridium_during_xfer,Transponder_ping,GUMSTIX_24V,GPS,TT8,LPSleep,TT8_Active,TT8_Sampling,TT8_CF8,TT8_Kalman,Analog_circuits,GPS_charging,Compass,RAFOS,Transponder,Compass2
$DEVICE_SECS,21.600,291.425,645.800,0.000,0.000,0.000,0.000,281.950,0.250,0.000,29.070,3195.623,15579.705,870.823,3213.917,519.535,0.000,2819.639,0.000,2770.246,0.000,2.764,0.000
$DEVICE_MAMPS,198.900,50.490,1341.810,0.000,0.000,0.000,0.000,92.565,420.000,0.000,30.710,15.210,2.190,15.210,43.670,53.410,0.000,14.000,0.000,8.240,0.000,30.000,0.000
$SENSORS,SBE_CT,WL_blue_red_Chl,AA4330,nil,nil,nil,nil,nil,nil,nil
$SENSOR_SECS,629.403,0.000,966.288,0.000,0.000,0.000,0.000,0.000,0.000,0.000
$SENSOR_MAMPS,22.470,0.000,11.230,0.000,0.000,0.000,0.000,0.000,0.000,0.000
$MEM,311964
$DATA_FILE_SIZE,55672,722
$CAP_FILE_SIZE,251378,0
$CFSIZE,2097872896,2011103232
$ERRORS,0,0,0,0,0,0,0,0,0,0,0,0,0,3,1,0
$CURRENT,0.104,140.75,1
$GPS,030905,154857,808.493,-14208.208,31,0.9,52,9.3,1.1,101.2,9,5.0
