version: 66.14
glider: 195
mission: 21
dive: 68
start: 4 20 105 12 17 17
data:
$ID,195
$MISSION,21
$DIVE,68
$N_DIVES,0
$STOP_T,0
$D_SURF,3
$D_FLARE,2
$D_TGT,990
$D_ABORT,1090
$D_NO_BLEED,50
$D_BOOST,3
$T_BOOST,0
$D_FINISH,0
$D_PITCH,0
$D_SAFE,0
$D_CALL,0
$SURFACE_URGENCY,0
$SURFACE_URGENCY_TRY,0
$SURFACE_URGENCY_FORCE,0
$T_DIVE,330
$T_MISSION,450
$T_ABORT,1440
$T_TURN,300
$T_TURN_SAMPINT,5
$T_NO_W,120
$T_LOITER,0
$T_SLOITER,60
$T_EPIRB,0
$USE_BATHY,0
$USE_ICE,0
$ICE_FREEZE_MARGIN,0.30000001
$D_OFFGRID,990
$T_WATCHDOG,10
$RELAUNCH,1
$APOGEE_PITCH,-8
$MAX_BUOY,150
$COURSE_BIAS,0
$GLIDE_SLOPE,30
$SPEED_FACTOR,1
$RHO,1.023
$MASS,54002
$MASS_COMP,0
$NAV_MODE,2
$FERRY_MAX,45
$KALMAN_USE,2
$HD_A,0.0038000001
$HD_B,0.0099999998
$HD_C,9.8500004e-06
$HEADING,-1
$ESCAPE_HEADING,0
$ESCAPE_HEADING_DELTA,10
$FIX_MISSING_TIMEOUT,0
$TGT_DEFAULT_LAT,4736
$TGT_DEFAULT_LON,-12225
$TGT_AUTO_DEFAULT,0
$SM_CC,250
$N_FILEKB,4
$FILEMGR,0
$CALL_NDIVES,1
$COMM_SEQ,0
$PROTOCOL,9
$N_NOCOMM,1
$NOCOMM_ACTION,0
$N_NOSURFACE,0
$UPLOAD_DIVES_MAX,-1
$CALL_TRIES,5
$CALL_WAIT,60
$CAPUPLOAD,0
$CAPMAXSIZE,200000
$HEAPDBG,0
$T_GPS,15
$N_GPS,50840
$T_RSLEEP,2
$STROBE,0
$RAFOS_PEAK_OFFSET,1.5
$RAFOS_CORR_THRESH,60
$RAFOS_HIT_WINDOW,3600
$RAFOS_MMODEM,0
$PITCH_MIN,207
$PITCH_MAX,3915
$C_PITCH,2880
$PITCH_DBAND,0.1
$PITCH_CNV,0.003125763
$P_OVSHOOT,0.039999999
$P_OVSHOOT_WITHG,0.079999998
$PITCH_GAIN,24
$PITCH_TIMEOUT,17
$PITCH_AD_RATE,160
$PITCH_MAXERRORS,1
$PITCH_ADJ_GAIN,0.02
$PITCH_ADJ_DBAND,2.5
$ROLL_MIN,224
$ROLL_MAX,3758
$ROLL_DEG,40
$C_ROLL_DIVE,2200
$C_ROLL_CLIMB,1700
$HEAD_ERRBAND,20
$ROLL_CNV,0.028270001
$ROLL_TIMEOUT,15
$R_PORT_OVSHOOT,52
$R_STBD_OVSHOOT,44
$ROLL_AD_RATE,350
$ROLL_MAXERRORS,2
$ROLL_ADJ_GAIN,0
$ROLL_ADJ_DBAND,0
$VBD_MIN,500
$VBD_MAX,3960
$C_VBD,2707
$VBD_DBAND,2
$VBD_CNV,-0.24529999
$VBD_LP_IGNORE,0
$VBD_TIMEOUT,720
$PITCH_VBD_SHIFT,0.001
$VBD_PUMP_AD_RATE_SURFACE,5
$VBD_PUMP_AD_RATE_APOGEE,4
$VBD_BLEED_AD_RATE,8
$UNCOM_BLEED,60
$VBD_MAXERRORS,1
$W_ADJ_DBAND,0
$DBDW,0
$PITCH_W_GAIN,0
$PITCH_W_DBAND,0
$CF8_MAXERRORS,5
$AH0_24V,150
$AH0_10V,97
$MINV_24V,19
$MINV_10V,8
$MAXI_24V,0.80000001
$MAXI_10V,0.60000002
$FG_AHR_10V,0
$FG_AHR_24V,0
$PHONE_SUPPLY,-2
$PRESSURE_YINT,-49.397121
$PRESSURE_SLOPE,0.0001168043
$AD7714Ch0Gain,128
$TCM_PITCH_OFFSET,0
$TCM_ROLL_OFFSET,0
$COMPASS_USE,4
$ALTIM_BOTTOM_PING_RANGE,0
$ALTIM_TOP_PING_RANGE,20
$ALTIM_BOTTOM_TURN_MARGIN,0
$ALTIM_TOP_TURN_MARGIN,0
$ALTIM_TOP_MIN_OBSTACLE,1
$ALTIM_PING_DEPTH,0
$ALTIM_PING_DELTA,0
$ALTIM_FREQUENCY,13
$ALTIM_PULSE,3
$ALTIM_SENSITIVITY,3
$XPDR_VALID,5
$XPDR_INHIBIT,90
$INT_PRESSURE_SLOPE,0.0097660003
$INT_PRESSURE_YINT,-0.77999997
$DEEPGLIDER,0
$MOTHERBOARD,4
$DEVICE1,2
$DEVICE2,115
$DEVICE3,101
$DEVICE4,-1
$DEVICE5,-1
$DEVICE6,-1
$LOGGERS,0
$LOGGERDEVICE1,-1
$LOGGERDEVICE2,-1
$LOGGERDEVICE3,-1
$LOGGERDEVICE4,-1
$COMPASS_DEVICE,33
$COMPASS2_DEVICE,-1
$PHONE_DEVICE,49
$GPS_DEVICE,32
$RAFOS_DEVICE,-1
$XPDR_DEVICE,24
$SIM_W,0
$SIM_PITCH,0
$SEABIRD_T_G,0.0044178674
$SEABIRD_T_H,0.00064818078
$SEABIRD_T_I,2.6779007e-05
$SEABIRD_T_J,3.3667231e-06
$SEABIRD_C_G,-10.098215
$SEABIRD_C_H,1.1454017
$SEABIRD_C_I,-0.0021276253
$SEABIRD_C_J,0.00025532115
$SEABIRD_C_Z,2974.52
$GPS1,200405,120736,108.3587,-13831.1846,30,0.9,60,9.4,1.7,266.4,9,4.4
$_CALLS,2
$_XMS_NAKs,0
$_XMS_TOUTs,0
$_SM_DEPTHo,0.60
$_SM_ANGLEo,-61.7
$GPS2,200405,121636,108.2999,-13831.5322,7,0.9,23,9.4,1.3,279.7,9,5.0
$SPEED_LIMITS,0.173,0.262
$TGT_NAME,WEST
$TGT_LATLONG,150.000,-14000.000
$TGT_RADIUS,200.000
$KALMAN_CONTROL,0.000000,0.000000
$KALMAN_X,0.000000,0.000000,0.000000,0.000000,0.000000
$KALMAN_Y,0.000000,0.000000,0.000000,0.000000,0.000000
$MHEAD_RNG_PITCHd_Wd,285.5,181055,-18.1,-10.000,-20.93,2235
$D_GRID,990
$GCHEAD,st_secs,pitch_ctl,vbd_ctl,pitch_ad_start,roll_ad_start,vbd_pot1_ad_start,vbd_pot2_ad_start,depth,ob_vertv,data_pts,end_secs,pitch_secs,roll_secs,vbd_secs,vbd_i,gcphase,pitch_i,roll_i,pitch_ad,roll_ad,vbd_ad,vbd_pot1_ad,vbd_pot2_ad,pitch_retries,pitch_errors,roll_retries,roll_errors,vbd_retries,vbd_errors,pitch_volts,roll_volts,vbd_volts,int_press,humidity
$STATE,7,end surface,CONTROL_FINISHED_OK
$STATE,7,begin dive
$GC,74,-0.90,-146.6,162,2198,1646,1347,0.7,-0.9,12,130,0.00,0.00,-53.67,0.000,16386,0.000,0.000,161,2198,2914,2921,2907,0,0,0,0,0,0,26.46,28.83,26.47,8.97,45.15
$GC,134,-0.90,-146.6,161,2198,2925,2907,2.4,-4.8,20,158,9.18,2.22,-8.80,0.000,19204,0.217,0.054,2573,3613,3307,3329,3286,0,0,0,0,0,0,25.85,24.85,26.12,9.11,44.92
$GC,473,-0.74,-146.6,2573,3613,3337,3287,75.5,-18.8,70,482,0.20,2.08,0.00,0.000,3078,0.141,0.021,2636,2160,3312,3337,3287,0,0,0,0,0,0,26.11,26.39,26.22,9.16,45.15
$GC,791,-0.74,-146.6,2635,2160,3340,3287,112.9,-7.3,95,798,0.00,2.22,0.00,0.000,260,0.000,0.041,2627,3613,3313,3340,3286,0,0,0,0,0,0,26.71,26.37,26.72,9.15,44.88
$GC,963,-0.74,-146.6,2627,3613,3341,3287,122.0,-6.5,103,967,0.00,2.00,0.00,0.000,1030,0.000,0.020,2627,2189,3313,3341,3286,0,0,0,0,0,0,26.53,26.49,26.55,9.14,44.36
$GC,1276,-0.74,-146.6,2626,2189,3344,3287,142.7,-6.4,119,1281,0.00,2.15,0.00,0.000,260,0.000,0.041,2616,3601,3315,3344,3287,0,0,0,0,0,0,26.76,26.42,26.77,9.09,44.48
$GC,1520,-0.74,-146.6,2616,3602,3345,3287,161.9,-8.6,131,1524,0.00,1.98,0.00,0.000,1030,0.000,0.020,2616,2197,3316,3345,3287,0,0,0,0,0,0,26.58,26.53,26.59,9.06,44.72
$GC,1844,-0.74,-146.6,2616,2197,3345,3287,186.5,-7.7,147,1845,0.00,0.00,0.00,0.000,6,0.000,0.000,2616,2197,3316,3345,3287,0,0,0,0,0,0,26.77,26.79,26.79,9.03,45.82
$GC,2143,-0.74,-146.6,2616,2197,3344,3287,209.6,-7.5,162,2148,0.00,2.12,0.00,0.000,260,0.000,0.041,2606,3606,3316,3345,3287,0,0,0,0,0,0,26.79,26.44,26.79,9.01,47.04
$GC,2273,-0.74,-146.6,2605,3606,3345,3286,220.6,-9.0,168,2277,0.10,1.95,0.00,0.000,3078,0.151,0.021,2637,2198,3315,3345,3286,0,0,0,0,0,0,26.32,26.54,26.46,9.00,46.45
$GC,2594,-0.74,-146.6,2636,2197,3345,3286,246.7,-7.6,184,2598,0.00,2.17,0.00,0.000,260,0.000,0.042,2629,3605,3316,3345,3287,0,0,0,0,0,0,26.79,26.44,26.79,8.98,47.75
$GC,2691,-0.74,-146.6,2629,3605,3343,3286,253.5,-7.8,188,2699,0.00,1.98,0.00,0.000,1030,0.000,0.021,2629,2197,3315,3344,3286,0,0,0,0,0,0,26.58,26.53,26.60,8.96,47.95
$GC,2998,-0.74,-146.6,2629,2197,3343,3286,279.6,-8.6,204,3000,0.00,0.00,0.00,0.000,6,0.000,0.000,2629,2197,3314,3343,3286,0,0,0,0,0,0,26.79,26.80,26.79,8.95,48.66
$GC,3319,-0.74,-146.6,2629,2197,3341,3285,306.6,-8.2,219,3323,0.00,2.17,0.00,0.000,260,0.000,0.044,2619,3597,3313,3342,3285,0,0,0,0,0,0,26.79,26.44,26.80,8.94,49.21
$GC,3484,-0.74,-146.6,2618,3597,3341,3284,320.5,-9.1,224,3488,0.00,1.98,0.00,0.000,1030,0.000,0.022,2619,2203,3312,3341,3284,0,0,0,0,0,0,26.58,26.53,26.60,8.93,50.00
$GC,3807,-0.74,-146.6,2618,2202,3341,3282,347.8,-8.3,235,3811,0.00,2.03,0.00,0.000,516,0.000,0.034,2619,826,3311,3340,3282,0,0,0,0,0,0,26.79,26.46,26.80,8.92,50.59
$GC,4042,-0.74,-146.6,2618,826,3340,3282,368.4,-9.8,242,4052,0.10,2.00,0.00,0.000,3078,0.155,0.030,2642,2201,3310,3339,3281,0,0,0,0,0,0,26.30,26.48,26.44,8.91,50.27
$GC,4355,-0.81,-146.6,2641,2201,3339,3279,396.0,-8.0,253,4359,0.00,2.12,0.00,0.000,260,0.000,0.044,2634,3600,3308,3338,3279,0,0,0,0,0,0,26.79,26.42,26.80,8.90,51.02
$GC,4458,-0.87,-146.6,2634,3600,3337,3279,403.8,-8.1,256,4463,0.03,2.03,0.00,0.000,5126,0.129,0.023,2573,2204,3308,3337,3279,0,0,0,0,0,0,26.42,26.52,26.46,8.89,51.26
$GC,4782,-0.87,-146.6,2572,2204,3336,3277,437.3,-10.3,267,4786,0.00,2.15,0.00,0.000,260,0.000,0.044,2562,3611,3306,3336,3277,0,0,0,0,0,0,26.79,26.41,26.80,8.89,51.61
$GC,4868,-0.87,-146.6,2562,3610,3335,3276,444.2,-10.7,269,4877,0.12,2.03,0.00,0.000,3078,0.145,0.024,2601,2195,3305,3335,3276,0,0,0,0,0,0,26.28,26.52,26.43,8.88,51.18
$GC,5176,-0.87,-146.6,2601,2195,3335,3274,475.1,-9.0,280,5180,0.00,2.20,0.00,0.000,260,0.000,0.044,2594,3604,3304,3335,3274,0,0,0,0,0,0,26.79,26.41,26.80,8.86,51.49
$GC,5305,-0.87,-146.6,2593,3605,3333,3274,486.9,-9.4,284,5310,0.00,2.03,0.00,0.000,1030,0.000,0.024,2594,2192,3304,3334,3274,0,0,0,0,0,0,26.58,26.52,26.59,8.86,51.92
$GC,5635,-0.87,-146.6,2593,2192,3333,3273,515.2,-7.9,295,5639,0.00,2.17,0.00,0.000,260,0.000,0.044,2584,3606,3303,3333,3273,0,0,0,0,0,0,26.79,26.41,26.80,8.85,51.81
$GC,5753,-0.87,-146.6,2583,3607,3331,3273,523.8,-8.8,298,5761,0.00,2.03,0.00,0.000,1030,0.000,0.025,2583,2191,3301,3331,3272,0,0,0,0,0,0,26.57,26.51,26.59,8.85,51.96
$GC,6059,-0.87,-146.6,2583,2191,3330,3271,552.1,-8.3,309,6063,0.00,2.05,0.00,0.000,516,0.000,0.036,2583,814,3300,3330,3271,0,0,0,0,0,0,26.79,26.44,26.80,8.83,52.24
$GC,6111,-0.87,-146.6,2583,814,3330,3271,554.9,-8.3,310,6115,0.00,2.05,0.00,0.000,1030,0.000,0.031,2574,2207,3300,3330,3271,0,0,0,0,0,0,26.54,26.46,26.57,8.83,52.28
$GC,6424,-0.87,-146.6,2573,2207,3329,3269,583.3,-8.4,321,6428,0.00,2.15,0.00,0.000,260,0.000,0.046,2564,3607,3299,3329,3269,0,0,0,0,0,0,26.79,26.40,26.80,8.82,52.55
$GC,6550,-0.87,-146.6,2563,3607,3327,3268,595.1,-9.5,325,6555,0.10,2.08,0.00,0.000,3078,0.143,0.026,2609,2191,3298,3327,3269,0,0,0,0,0,0,26.22,26.51,26.39,8.82,52.75
$GC,6885,-0.87,-146.6,2609,2191,3327,3266,621.2,-7.6,336,6889,0.00,2.17,0.00,0.000,260,0.000,0.047,2603,3601,3296,3326,3266,0,0,0,0,0,0,26.79,26.39,26.80,8.81,53.11
$GC,7047,-0.87,-146.6,2603,3602,3326,3265,633.8,-8.2,341,7051,0.00,2.03,0.00,0.000,1030,0.000,0.025,2603,2198,3295,3326,3265,0,0,0,0,0,0,26.56,26.51,26.58,8.80,53.42
$GC,7371,-0.87,-146.6,2602,2199,3325,3263,660.8,-8.1,352,7372,0.00,0.00,0.00,0.000,6,0.000,0.000,2603,2198,3294,3326,3263,0,0,0,0,0,0,26.79,26.80,26.81,8.80,53.54
$GC,7670,-0.87,-146.6,2602,2199,3324,3263,685.3,-8.0,362,7674,0.00,2.10,0.00,0.000,516,0.000,0.037,2602,822,3293,3324,3262,0,0,0,0,0,0,26.79,26.42,26.80,8.78,54.01
$GC,7765,-0.87,-146.6,2602,823,3324,3263,693.4,-8.4,365,7769,0.00,2.08,0.00,0.000,1030,0.000,0.033,2595,2201,3293,3324,3262,0,0,0,0,0,0,26.48,26.45,26.51,8.78,53.78
$GC,8099,-0.87,-146.6,2594,2201,3322,3261,721.4,-8.4,376,8101,0.00,0.00,0.00,0.000,6,0.000,0.000,2595,2201,3292,3323,3261,0,0,0,0,0,0,26.79,26.80,26.80,8.77,53.93
$GC,8399,-0.87,-146.6,2594,2201,3323,3259,745.7,-8.0,386,8400,0.00,0.00,0.00,0.000,6,0.000,0.000,2595,2201,3291,3323,3259,0,0,0,0,0,0,26.79,26.81,26.80,8.77,54.29
$GC,8699,-0.87,-146.6,2594,2201,3323,3258,769.1,-7.7,396,8701,0.00,0.00,0.00,0.000,6,0.000,0.000,2595,2201,3291,3323,3259,0,0,0,0,0,0,26.79,26.81,26.80,8.76,54.29
$GC,8999,-0.87,-146.6,2594,2201,3322,3258,792.6,-7.8,406,9003,0.00,2.17,0.00,0.000,260,0.000,0.048,2585,3615,3289,3321,3258,0,0,0,0,0,0,26.79,26.36,26.80,8.75,54.64
$GC,9125,-0.87,-146.6,2584,3615,3319,3257,802.8,-8.2,410,9129,0.00,2.05,0.00,0.000,1030,0.000,0.028,2585,2204,3288,3319,3257,0,0,0,0,0,0,26.55,26.48,26.57,8.75,55.23
$GC,9459,-0.87,-146.6,2584,2204,3319,3255,829.8,-8.0,421,9463,0.00,2.10,0.00,0.000,516,0.000,0.039,2585,812,3287,3319,3255,0,0,0,0,0,0,26.79,26.39,26.80,8.75,55.74
$GC,9555,-0.87,-146.6,2584,812,3318,3255,837.7,-8.3,424,9559,0.00,2.08,0.00,0.000,1030,0.000,0.034,2577,2205,3286,3318,3255,0,0,0,0,0,0,26.51,26.43,26.54,8.74,54.37
$GC,9884,-0.87,-146.6,2576,2205,3317,3254,866.2,-8.5,435,9885,0.00,0.00,0.00,0.000,6,0.000,0.000,2577,2205,3285,3317,3254,0,0,0,0,0,0,26.79,26.80,26.80,8.74,55.07
$GC,10183,-0.87,-146.6,2576,2205,3317,3253,890.4,-7.8,445,10185,0.00,0.00,0.00,0.000,6,0.000,0.000,2577,2205,3285,3317,3253,0,0,0,0,0,0,26.79,26.80,26.80,8.74,55.59
$GC,10484,-0.87,-146.6,2576,2204,3316,3253,912.6,-7.2,455,10488,0.00,2.17,0.00,0.000,260,0.000,0.049,2567,3606,3284,3316,3253,0,0,0,0,0,0,26.79,26.34,26.80,8.73,55.98
$GC,10676,-0.87,-146.6,2566,3606,3314,3252,927.8,-8.5,461,10681,0.05,2.08,0.00,0.000,3078,0.163,0.028,2596,2201,3283,3314,3252,0,0,0,0,0,0,26.19,26.46,26.34,8.72,55.71
$GC,11001,-0.87,-146.6,2595,2201,3315,3251,952.2,-7.4,472,11002,0.00,0.00,0.00,0.000,6,0.000,0.000,2596,2201,3282,3314,3250,0,0,0,0,0,0,26.79,26.80,26.80,8.72,55.82
$GC,11301,-0.87,-146.6,2595,2201,3314,3250,975.5,-8.0,482,11302,0.00,0.00,0.00,0.000,6,0.000,0.000,2596,2201,3282,3314,3250,0,0,0,0,0,0,26.79,26.80,26.80,8.71,55.63
$STATE,11478,end dive,TARGET_DEPTH_EXCEEDED
$STATE,11478,begin apogee
$GC,11486,-0.33,0.0,2596,1700,3313,3250,990.2,-8.2,488,11616,0.50,0.00,126.85,1.401,10246,0.112,0.000,2767,1699,2705,2798,2613,0,0,0,0,0,0,26.14,24.91,24.17,8.72,56.22
$STATE,11617,end apogee,CONTROL_FINISHED_OK
$STATE,11617,begin climb
$GC,11620,0.90,146.6,2766,1699,2792,2613,994.6,0.0,492,11762,1.15,0.00,136.50,1.340,10758,0.080,0.000,3168,1699,2108,2210,2006,0,0,0,0,0,0,25.11,24.60,23.91,8.66,54.80
$GC,12050,0.90,146.6,3167,1699,2202,2003,944.7,13.5,507,12055,0.00,2.25,0.00,0.000,516,0.000,0.050,3178,295,2102,2202,2003,0,0,0,0,0,0,26.25,25.93,26.26,8.61,55.23
$GC,12092,0.90,146.6,3178,295,2202,2003,940.0,13.6,508,12096,0.00,2.15,0.00,0.000,1030,0.000,0.031,3178,1720,2102,2202,2003,0,0,0,0,0,0,26.10,26.03,26.12,8.61,55.23
$GC,12416,0.85,146.6,3178,1720,2200,2002,893.0,14.2,519,12421,0.00,2.12,0.00,0.000,260,0.000,0.044,3178,3098,2101,2200,2002,0,0,0,0,0,0,26.54,26.21,26.55,8.60,55.78
$GC,12458,0.78,146.6,3177,3098,2200,2002,887.9,14.2,520,12464,0.15,2.08,0.00,0.000,5126,0.150,0.034,3134,1712,2101,2200,2002,0,0,0,0,0,0,26.06,26.26,26.25,8.60,56.61
$GC,12783,0.78,146.6,3133,1711,2199,2001,848.7,11.3,531,12787,0.00,2.25,0.00,0.000,516,0.000,0.051,3141,291,2100,2199,2001,0,0,0,0,0,0,26.66,26.29,26.67,8.60,56.41
$GC,12834,0.78,146.6,3140,291,2199,2001,844.8,11.4,532,12839,0.00,2.12,0.00,0.000,1030,0.000,0.031,3141,1708,2100,2199,2001,0,0,0,0,0,0,26.44,26.37,26.47,8.60,56.73
$GC,13148,0.78,146.6,3140,1708,2199,2000,806.3,11.6,543,13149,0.00,0.00,0.00,0.000,6,0.000,0.000,3141,1708,2099,2199,2000,0,0,0,0,0,0,26.72,26.73,26.72,8.59,56.41
$GC,13448,0.78,146.6,3140,1708,2198,2000,771.2,11.8,553,13449,0.00,0.00,0.00,0.000,6,0.000,0.000,3140,1708,2099,2198,2000,0,0,0,0,0,0,26.74,26.76,26.75,8.60,56.89
$GC,13748,0.78,146.6,3140,1708,2197,2000,735.6,11.9,563,13749,0.00,0.00,0.00,0.000,6,0.000,0.000,3140,1708,2098,2197,1999,0,0,0,0,0,0,26.76,26.77,26.77,8.59,56.37
$GC,14048,0.78,146.6,3140,1708,2198,1999,699.7,12.0,573,14052,0.00,2.22,0.00,0.000,516,0.000,0.050,3151,299,2098,2197,1999,0,0,0,0,0,0,26.77,26.36,26.78,8.59,57.40
$GC,14119,0.78,146.6,3150,300,2197,2000,691.8,12.2,575,14124,0.00,2.10,0.00,0.000,1030,0.000,0.031,3150,1710,2098,2197,2000,0,0,0,0,0,0,26.53,26.45,26.55,8.60,56.26
$GC,14443,0.78,146.6,3150,1710,2197,1999,651.2,12.2,586,14447,0.00,2.22,0.00,0.000,516,0.000,0.050,3160,298,2098,2197,2000,0,0,0,0,0,0,26.77,26.36,26.78,8.60,57.32
$GC,14500,0.78,146.6,3160,298,2197,1999,647.1,12.3,587,14507,0.00,2.10,0.00,0.000,1030,0.000,0.031,3161,1710,2098,2197,2000,0,0,0,0,0,0,26.53,26.45,26.55,8.59,56.89
$GC,14806,0.78,146.6,3160,1710,2196,1999,605.9,12.5,598,14811,0.00,2.12,0.00,0.000,260,0.000,0.043,3161,3097,2098,2196,2000,0,0,0,0,0,0,26.77,26.40,26.79,8.60,56.06
$GC,14903,0.78,146.6,3160,3098,2196,1999,593.3,13.2,601,14908,0.10,2.12,0.00,0.000,5126,0.143,0.034,3138,1699,2097,2196,1999,0,0,0,0,0,0,26.21,26.44,26.43,8.60,56.30
$GC,15232,0.78,146.6,3138,1697,2195,1999,554.5,11.6,612,15233,0.00,0.00,0.00,0.000,6,0.000,0.000,3139,1697,2097,2195,1999,0,0,0,0,0,0,26.77,26.79,26.79,8.61,56.57
$GC,15532,0.78,146.6,3138,1697,2195,1999,520.8,10.9,622,15537,0.00,2.22,0.00,0.000,516,0.000,0.052,3138,294,2097,2195,1999,0,0,0,0,0,0,26.77,26.34,26.79,8.61,56.02
$GC,15584,0.78,146.6,3138,294,2195,1999,517.3,10.6,623,15588,0.00,2.12,0.00,0.000,1030,0.000,0.031,3138,1698,2097,2195,1999,0,0,0,0,0,0,26.49,26.45,26.51,8.61,56.41
$GC,15897,0.78,146.6,3138,1698,2195,1999,482.2,10.6,634,15901,0.00,2.15,0.00,0.000,260,0.000,0.044,3139,3100,2097,2195,1999,0,0,0,0,0,0,26.77,26.39,26.79,8.61,56.14
$GC,15993,0.78,146.6,3138,3100,2195,2000,471.2,11.6,637,15997,0.00,2.10,0.00,0.000,1030,0.000,0.034,3139,1692,2097,2195,1999,0,0,0,0,0,0,26.51,26.43,26.54,8.61,55.74
$GC,16321,0.78,146.6,3138,1690,2195,1999,434.5,11.0,648,16326,0.00,2.17,0.00,0.000,516,0.000,0.051,3138,306,2096,2194,1999,0,0,0,0,0,0,26.77,26.34,26.79,8.62,55.98
$GC,16368,0.78,146.6,3138,307,2195,1999,430.6,11.0,649,16373,0.00,2.08,0.00,0.000,1030,0.000,0.031,3138,1707,2097,2195,1999,0,0,0,0,0,0,26.52,26.44,26.55,8.61,55.67
$GC,16687,0.78,146.6,3138,1707,2196,1999,396.2,10.2,660,16691,0.00,2.12,0.00,0.000,260,0.000,0.042,3138,3103,2097,2195,1999,0,0,0,0,0,0,26.78,26.38,26.79,8.64,55.86
$GC,16733,0.78,146.6,3138,3103,2195,1999,392.8,10.1,661,16737,0.00,2.10,0.00,0.000,1030,0.000,0.033,3138,1693,2097,2195,1999,0,0,0,0,0,0,26.51,26.43,26.54,8.63,56.41
$GC,17051,0.79,148.8,3138,1691,2195,1999,359.7,9.9,672,17056,0.00,2.17,0.00,0.000,516,0.000,0.050,3138,302,2097,2195,1999,0,0,0,0,0,0,26.77,26.33,26.79,8.65,55.63
$GC,17118,0.79,148.8,3138,302,2195,1999,353.1,10.1,674,17122,0.00,2.08,0.00,0.000,1030,0.000,0.030,3138,1704,2097,2195,1999,0,0,0,0,0,0,26.51,26.44,26.54,8.65,55.35
$GC,17446,0.79,148.8,3138,1704,2195,1999,318.4,10.3,685,17452,0.00,2.22,0.00,0.000,516,0.000,0.050,3138,311,2097,2195,1999,0,0,0,0,0,0,26.77,26.33,26.79,8.66,55.51
$GC,17489,0.79,148.8,3138,310,2195,1999,314.7,10.6,686,17494,0.00,2.10,0.00,0.000,1030,0.000,0.030,3139,1705,2097,2195,1999,0,0,0,0,0,0,26.47,26.45,26.51,8.66,55.23
$GC,17813,0.80,165.3,3138,1705,2195,1999,282.2,9.2,700,17836,0.00,2.15,15.95,0.877,8452,0.000,0.041,3138,3086,2030,2133,1928,0,0,0,0,0,0,26.77,26.08,25.37,8.67,54.56
$GC,17896,0.80,165.3,3138,3086,2133,1927,273.9,10.1,704,17900,0.00,2.08,0.00,0.000,1030,0.000,0.031,3138,1698,2030,2133,1928,0,0,0,0,0,0,26.28,26.20,26.29,8.67,54.29
$GC,18219,0.80,165.7,3138,1695,2132,1927,241.5,10.0,720,18221,0.00,0.00,0.00,0.000,6,0.000,0.000,3138,1695,2030,2133,1928,0,0,0,0,0,0,26.63,26.65,26.65,8.67,54.09
$GC,18519,0.80,165.7,3138,1695,2133,1927,211.1,10.7,735,18523,0.00,2.17,0.00,0.000,516,0.000,0.048,3138,308,2030,2133,1928,0,0,0,0,0,0,26.70,26.29,26.70,8.68,53.62
$GC,18582,0.80,165.7,3138,307,2133,1928,204.2,11.0,738,18586,0.00,2.08,0.00,0.000,1030,0.000,0.029,3138,1708,2030,2133,1927,0,0,0,0,0,0,26.46,26.39,26.48,8.68,53.66
$GC,18906,0.81,169.9,3138,1708,2133,1928,172.0,9.8,754,18913,0.00,0.00,5.68,0.669,8198,0.000,0.000,3138,1708,2012,2115,1910,0,0,0,0,0,0,26.74,26.21,25.50,8.69,53.70
$GC,19206,0.81,169.9,3138,1708,2114,1909,141.4,10.5,769,19210,0.00,2.10,0.00,0.000,260,0.000,0.040,3138,3094,2012,2115,1910,0,0,0,0,0,0,26.71,26.36,26.72,8.70,53.30
$GC,19311,0.83,187.1,3138,3094,2115,1910,131.5,9.2,774,19333,0.00,2.10,16.52,0.779,9222,0.000,0.031,3138,1689,1942,2054,1830,0,0,0,0,0,0,26.44,26.41,25.41,8.70,53.38
$GC,19655,0.97,239.3,3138,1689,2054,1830,103.5,7.6,791,19704,0.10,0.00,45.67,0.783,10246,0.081,0.000,3217,1689,1729,1876,1582,0,0,0,0,0,0,26.39,25.49,24.94,8.74,53.81
$GC,19993,1.01,274.2,3216,1689,1873,1579,72.2,8.4,822,20032,0.00,2.20,28.27,0.721,8452,0.000,0.038,3217,3092,1586,1747,1425,0,0,0,0,0,0,26.44,25.50,25.08,8.80,54.05
$GC,20060,1.03,296.8,3216,3092,1746,1425,66.6,9.0,828,20087,0.00,2.12,19.00,0.688,9222,0.000,0.029,3218,1703,1491,1657,1326,0,0,0,0,0,0,25.90,25.87,25.01,8.81,54.17
$GC,20393,1.13,329.5,3217,1703,1654,1326,35.4,8.5,876,20421,0.00,0.00,25.15,0.659,8198,0.000,0.000,3218,1704,1360,1534,1187,0,0,0,0,0,0,26.45,25.72,25.19,8.86,52.75
$GC,20736,1.26,380.0,3217,1703,1530,1186,4.3,7.7,940,20753,0.12,0.00,13.88,0.494,10754,0.066,0.000,3314,1702,1240,1415,1065,0,0,0,0,0,0,26.29,28.83,26.32,8.90,51.02
$STATE,20754,end climb,SURFACE_DEPTH_REACHED
$STATE,20754,begin surface coast
$FINISH,-0.8,0.998319
$STATE,20792,end surface coast,CONTROL_FINISHED_OK
$STATE,20792,begin surface
$SM_CCo,20873,0.00,0.000,0,0,1236,360.84
$SM_GC,0.30,7.95,0.73,0.00,0.026,0.035,0.000,176,2200,1236,-8.29,-1.58,360.84,0,0,0,0,0,0,26.17,26.13,26.20
$IRIDIUM_FIX,107.33,-13829.16,041224,120930
$TT8_MAMPS,0.026964,0.378245
$HUMID,49.13
$INTERNAL_PRESSURE,8.88834
$TCM_TEMP,21.80
$XPDR_PINGS,0
$ALTIM_TOP_PING,20.0,19.6
$24V_AH,23.91,12.738
$10V_AH,10.27,12.776
$FG_AHR_24Vo,0.000
$FG_AHR_10Vo,0.000
$DEVICES,Pitch_motor,Roll_motor,VBD_pump_during_apogee,VBD_pump_during_surface,VBD_valve,Iridium_during_init,Iridium_during_connect,Iridium_during_xfer,Transponder_ping,GUMSTIX_24V,GPS,TT8,LPSleep,TT8_Active,TT8_Sampling,TT8_CF8,TT8_Kalman,Analog_circuits,GPS_charging,Compass,RAFOS,Transponder,Compass2
$DEVICE_SECS,19.950,145.125,433.475,0.000,0.000,0.000,0.000,351.875,0.250,0.000,23.728,3255.845,14325.481,544.999,2920.001,371.505,0.000,2198.822,0.000,2384.188,0.000,2.768,0.000
$DEVICE_MAMPS,217.260,54.315,1400.715,0.000,0.000,0.000,0.000,88.740,420.000,0.000,30.710,15.210,2.190,15.210,43.670,53.410,0.000,14.000,0.000,8.240,0.000,30.000,0.000
$SENSORS,SBE_CT,WL_blue_red_Chl,AA4330,nil,nil,nil,nil,nil,nil,nil
$SENSOR_SECS,811.279,265.571,645.915,0.000,0.000,0.000,0.000,0.000,0.000,0.000
$SENSOR_MAMPS,22.470,105.000,11.230,0.000,0.000,0.000,0.000,0.000,0.000,0.000
$MEM,312444
$DATA_FILE_SIZE,69426,949
$CAP_FILE_SIZE,177255,0
$CFSIZE,2097872896,2084798464
$ERRORS,0,0,0,0,0,0,0,0,0,0,0,0,0,0,1,0
$CURRENT,0.062,315.40,1
$GPS,200405,180648,110.009,-13834.000,43,0.9,55,9.4,0.8,241.6,9,4.6
