version: 66.14
glider: 195
mission: 21
dive: 619
start: 9 16 105 7 8 12
data:
$ID,195
$MISSION,21
$DIVE,619
$N_DIVES,0
$STOP_T,0
$D_SURF,3
$D_FLARE,2
$D_TGT,990
$D_ABORT,1090
$D_NO_BLEED,50
$D_BOOST,3
$T_BOOST,0
$D_FINISH,0
$D_PITCH,0
$D_SAFE,0
$D_CALL,0
$SURFACE_URGENCY,0
$SURFACE_URGENCY_TRY,0
$SURFACE_URGENCY_FORCE,0
$T_DIVE,330
$T_MISSION,600
$T_ABORT,1440
$T_TURN,300
$T_TURN_SAMPINT,5
$T_NO_W,120
$T_LOITER,0
$T_SLOITER,60
$T_EPIRB,0
$USE_BATHY,0
$USE_ICE,0
$ICE_FREEZE_MARGIN,0.30000001
$D_OFFGRID,990
$T_WATCHDOG,10
$RELAUNCH,1
$APOGEE_PITCH,-8
$MAX_BUOY,150
$COURSE_BIAS,0
$GLIDE_SLOPE,30
$SPEED_FACTOR,1
$RHO,1.023
$MASS,54002
$MASS_COMP,0
$NAV_MODE,2
$FERRY_MAX,45
$KALMAN_USE,2
$HD_A,0.0038000001
$HD_B,0.0099999998
$HD_C,9.8500004e-06
$HEADING,-1
$ESCAPE_HEADING,0
$ESCAPE_HEADING_DELTA,10
$FIX_MISSING_TIMEOUT,0
$TGT_DEFAULT_LAT,4736
$TGT_DEFAULT_LON,-12225
$TGT_AUTO_DEFAULT,0
$SM_CC,300
$N_FILEKB,4
$FILEMGR,0
$CALL_NDIVES,1
$COMM_SEQ,0
$PROTOCOL,9
$N_NOCOMM,1
$NOCOMM_ACTION,0
$N_NOSURFACE,0
$UPLOAD_DIVES_MAX,-1
$CALL_TRIES,5
$CALL_WAIT,60
$CAPUPLOAD,0
$CAPMAXSIZE,200000
$HEAPDBG,0
$T_GPS,15
$N_GPS,50840
$T_RSLEEP,2
$STROBE,0
$RAFOS_PEAK_OFFSET,1.5
$RAFOS_CORR_THRESH,60
$RAFOS_HIT_WINDOW,3600
$RAFOS_MMODEM,0
$PITCH_MIN,207
$PITCH_MAX,3915
$C_PITCH,2884
$PITCH_DBAND,0.1
$PITCH_CNV,0.003125763
$P_OVSHOOT,0.039999999
$P_OVSHOOT_WITHG,0.079999998
$PITCH_GAIN,19.15
$PITCH_TIMEOUT,17
$PITCH_AD_RATE,160
$PITCH_MAXERRORS,1
$PITCH_ADJ_GAIN,0.02
$PITCH_ADJ_DBAND,2.5
$ROLL_MIN,224
$ROLL_MAX,3758
$ROLL_DEG,40
$C_ROLL_DIVE,1800
$C_ROLL_CLIMB,2250
$HEAD_ERRBAND,10
$ROLL_CNV,0.028270001
$ROLL_TIMEOUT,15
$R_PORT_OVSHOOT,65
$R_STBD_OVSHOOT,43
$ROLL_AD_RATE,350
$ROLL_MAXERRORS,2
$ROLL_ADJ_GAIN,0
$ROLL_ADJ_DBAND,0
$VBD_MIN,500
$VBD_MAX,3960
$C_VBD,2806
$VBD_DBAND,2
$VBD_CNV,-0.24529999
$VBD_LP_IGNORE,0
$VBD_TIMEOUT,720
$PITCH_VBD_SHIFT,0.001
$VBD_PUMP_AD_RATE_SURFACE,5
$VBD_PUMP_AD_RATE_APOGEE,4
$VBD_BLEED_AD_RATE,8
$UNCOM_BLEED,60
$VBD_MAXERRORS,1
$W_ADJ_DBAND,0
$DBDW,0
$PITCH_W_GAIN,0
$PITCH_W_DBAND,0
$CF8_MAXERRORS,5
$AH0_24V,150
$AH0_10V,97
$MINV_24V,19
$MINV_10V,8
$MAXI_24V,0.80000001
$MAXI_10V,0.60000002
$FG_AHR_10V,0
$FG_AHR_24V,0
$PHONE_SUPPLY,-2
$PRESSURE_YINT,-49.397121
$PRESSURE_SLOPE,0.0001168043
$AD7714Ch0Gain,128
$TCM_PITCH_OFFSET,0
$TCM_ROLL_OFFSET,0
$COMPASS_USE,4
$ALTIM_BOTTOM_PING_RANGE,0
$ALTIM_TOP_PING_RANGE,20
$ALTIM_BOTTOM_TURN_MARGIN,0
$ALTIM_TOP_TURN_MARGIN,0
$ALTIM_TOP_MIN_OBSTACLE,1
$ALTIM_PING_DEPTH,0
$ALTIM_PING_DELTA,0
$ALTIM_FREQUENCY,13
$ALTIM_PULSE,3
$ALTIM_SENSITIVITY,3
$XPDR_VALID,5
$XPDR_INHIBIT,90
$INT_PRESSURE_SLOPE,0.0097660003
$INT_PRESSURE_YINT,-0.77999997
$DEEPGLIDER,0
$MOTHERBOARD,4
$DEVICE1,2
$DEVICE2,115
$DEVICE3,101
$DEVICE4,-1
$DEVICE5,-1
$DEVICE6,-1
$LOGGERS,0
$LOGGERDEVICE1,-1
$LOGGERDEVICE2,-1
$LOGGERDEVICE3,-1
$LOGGERDEVICE4,-1
$COMPASS_DEVICE,33
$COMPASS2_DEVICE,-1
$PHONE_DEVICE,49
$GPS_DEVICE,32
$RAFOS_DEVICE,-1
$XPDR_DEVICE,24
$SIM_W,0
$SIM_PITCH,0
$SEABIRD_T_G,0.0044178674
$SEABIRD_T_H,0.00064818078
$SEABIRD_T_I,2.6779007e-05
$SEABIRD_T_J,3.3667231e-06
$SEABIRD_C_G,-10.098215
$SEABIRD_C_H,1.1454017
$SEABIRD_C_I,-0.0021276253
$SEABIRD_C_J,0.00025532115
$SEABIRD_C_Z,2974.52
$GPS1,160905,070006,829.6812,-14257.4609,35,0.7,59,9.3,0.6,97.8,10,5.0
$_CALLS,1
$_XMS_NAKs,0
$_XMS_TOUTs,0
$_SM_DEPTHo,0.23
$_SM_ANGLEo,-57.5
$GPS2,160905,070732,829.6890,-14257.4951,7,0.7,31,9.3,0.3,243.5,10,4.5
$SPEED_LIMITS,0.173,0.262
$TGT_NAME,TX2
$TGT_LATLONG,1145.000,-14800.000
$TGT_RADIUS,10000.000
$KALMAN_CONTROL,0.000000,0.000000
$KALMAN_X,0.000000,0.000000,0.000000,0.000000,0.000000
$KALMAN_Y,0.000000,0.000000,0.000000,0.000000,0.000000
$MHEAD_RNG_PITCHd_Wd,285.3,657031,-18.1,-10.000,-20.93,2235
$D_GRID,990
$GCHEAD,st_secs,pitch_ctl,vbd_ctl,pitch_ad_start,roll_ad_start,vbd_pot1_ad_start,vbd_pot2_ad_start,depth,ob_vertv,data_pts,end_secs,pitch_secs,roll_secs,vbd_secs,vbd_i,gcphase,pitch_i,roll_i,pitch_ad,roll_ad,vbd_ad,vbd_pot1_ad,vbd_pot2_ad,pitch_retries,pitch_errors,roll_retries,roll_errors,vbd_retries,vbd_errors,pitch_volts,roll_volts,vbd_volts,int_press,humidity
$STATE,6,end surface,CONTROL_FINISHED_OK
$STATE,6,begin dive
$GC,75,-1.09,-146.6,137,1800,818,682,0.1,-0.1,6,154,0.00,0.00,-76.95,0.000,16386,0.000,0.000,136,1800,2740,2764,2717,0,0,0,0,0,0,26.32,28.83,26.33,8.81,54.68
$GC,159,-1.09,-146.6,136,1799,2767,2717,2.2,-3.8,14,190,9.30,2.22,-16.25,0.000,18692,0.200,0.050,2516,3221,3407,3430,3385,0,0,0,0,0,0,24.72,23.68,24.90,9.01,54.21
$GC,294,-0.96,-146.6,2516,3221,3433,3385,21.2,-15.3,27,303,0.17,2.10,0.00,0.000,3078,0.124,0.022,2571,1792,3409,3433,3385,0,0,0,0,0,0,25.34,25.83,25.46,9.08,54.13
$GC,482,-0.96,-146.6,2571,1792,3434,3386,44.5,-10.3,46,487,0.00,2.22,0.00,0.000,260,0.000,0.037,2563,3196,3410,3434,3386,0,0,0,0,0,0,26.41,25.57,26.41,9.10,54.96
$GC,517,-0.90,-146.6,2563,3196,3435,3386,48.2,-10.4,49,521,0.00,2.08,0.00,0.000,1030,0.000,0.022,2563,1806,3410,3434,3386,0,0,0,0,0,0,25.87,25.84,25.89,9.11,55.31
$GC,723,-0.85,-146.6,2563,1806,3436,3386,73.5,-13.2,60,730,0.15,2.17,0.00,0.000,2564,0.131,0.034,2609,410,3410,3436,3385,0,0,0,0,0,0,25.75,25.56,25.81,9.13,54.76
$GC,898,-0.85,-146.6,2609,410,3439,3386,88.8,-8.5,68,902,0.00,2.08,0.00,0.000,1030,0.000,0.023,2603,1808,3412,3439,3386,0,0,0,0,0,0,25.89,25.83,25.92,9.13,54.29
$GC,1091,-0.85,-146.6,2602,1808,3441,3386,103.3,-7.0,78,1095,0.00,2.15,0.00,0.000,260,0.000,0.037,2593,3197,3413,3441,3386,0,0,0,0,0,0,26.44,25.56,26.44,9.12,54.01
$GC,1225,-0.85,-146.6,2592,3197,3443,3386,109.3,-4.2,84,1230,0.00,2.05,0.00,0.000,1030,0.000,0.022,2592,1790,3414,3443,3386,0,0,0,0,0,0,25.93,25.86,25.95,9.11,54.17
$GC,1419,-0.85,-146.6,2592,1790,3444,3386,122.9,-7.6,94,1423,0.00,2.12,0.00,0.000,516,0.000,0.034,2593,412,3415,3444,3386,0,0,0,0,0,0,26.44,25.59,26.45,9.09,53.46
$GC,1463,-0.85,-146.6,2592,411,3444,3386,126.3,-7.8,96,1467,0.00,2.05,0.00,0.000,1030,0.000,0.022,2583,1802,3415,3444,3386,0,0,0,0,0,0,25.91,25.86,25.94,9.09,53.85
$GC,1668,-0.85,-146.6,2582,1802,3446,3386,139.0,-5.8,106,1673,0.00,2.17,0.00,0.000,260,0.000,0.041,2573,3196,3416,3446,3386,0,0,0,0,0,0,26.44,25.56,26.45,9.07,54.41
$GC,1803,-0.85,-146.6,2573,3196,3446,3386,146.0,-5.5,112,1813,0.12,2.05,0.00,0.000,3078,0.126,0.021,2613,1780,3416,3446,3387,0,0,0,0,0,0,25.54,25.92,25.63,9.05,53.46
$GC,1993,-0.85,-146.6,2612,1780,3447,3388,157.1,-5.8,122,1995,0.00,0.00,0.00,0.000,6,0.000,0.000,2613,1780,3417,3447,3387,0,0,0,0,0,0,26.45,26.46,26.46,9.04,54.52
$GC,2174,-0.90,-146.6,2612,1780,3447,3388,167.6,-6.1,131,2180,0.00,2.20,0.00,0.000,260,0.000,0.036,2606,3202,3417,3447,3388,0,0,0,0,0,0,26.45,25.57,26.46,9.03,55.04
$GC,2217,-0.90,-146.6,2605,3202,3447,3388,170.1,-6.1,133,2221,0.00,2.03,0.00,0.000,1030,0.000,0.021,2605,1800,3417,3447,3388,0,0,0,0,0,0,25.97,25.91,25.99,9.03,54.88
$GC,2415,-0.90,-146.6,2605,1800,3447,3388,183.1,-6.7,143,2419,0.00,2.12,0.00,0.000,516,0.000,0.034,2605,422,3418,3448,3388,0,0,0,0,0,0,26.46,25.58,26.46,9.02,55.23
$GC,2459,-0.90,-146.6,2605,422,3447,3388,186.1,-6.8,145,2463,0.00,2.05,0.00,0.000,1030,0.000,0.021,2596,1816,3417,3447,3388,0,0,0,0,0,0,25.95,25.89,25.98,9.02,56.30
$GC,2664,-0.90,-146.6,2595,1816,3447,3388,200.5,-7.1,155,2670,0.00,2.15,0.00,0.000,260,0.000,0.037,2586,3182,3417,3447,3388,0,0,0,0,0,0,26.46,25.58,26.46,9.00,56.14
$GC,2779,-0.90,-146.6,2586,3182,3447,3388,206.1,-6.7,157,2783,0.00,2.00,0.00,0.000,1030,0.000,0.021,2586,1801,3417,3447,3388,0,0,0,0,0,0,25.97,25.91,25.99,8.99,56.02
$GC,2994,-0.90,-146.6,2586,1801,3447,3388,222.1,-6.5,163,2998,0.00,2.12,0.00,0.000,516,0.000,0.035,2586,427,3417,3447,3388,0,0,0,0,0,0,26.46,25.58,26.46,8.98,56.89
$GC,3060,-0.90,-146.6,2586,427,3447,3388,225.2,-6.6,164,3064,0.00,2.03,0.00,0.000,1030,0.000,0.022,2577,1802,3417,3447,3388,0,0,0,0,0,0,25.96,25.90,25.98,8.98,57.20
$GC,3279,-0.90,-146.6,2576,1802,3447,3388,241.1,-6.6,170,3283,0.00,2.15,0.00,0.000,260,0.000,0.037,2567,3188,3417,3447,3388,0,0,0,0,0,0,26.46,25.56,26.47,8.97,56.93
$GC,3356,-0.90,-146.6,2567,3188,3447,3387,244.0,-6.6,171,3364,0.00,2.03,0.00,0.000,1030,0.000,0.021,2567,1792,3417,3447,3388,0,0,0,0,0,0,25.96,25.91,25.98,8.96,57.91
$GC,3563,-0.90,-146.6,2566,1792,3447,3387,260.2,-6.8,177,3564,0.00,0.00,0.00,0.000,6,0.000,0.000,2567,1791,3417,3447,3387,0,0,0,0,0,0,26.46,26.47,26.47,8.95,57.91
$GC,3763,-0.90,-146.6,2566,1792,3446,3387,274.5,-7.1,182,3768,0.00,2.22,0.00,0.000,260,0.000,0.037,2557,3188,3417,3446,3388,0,0,0,0,0,0,26.46,25.56,26.47,8.95,59.01
$GC,3836,-0.90,-146.6,2556,3188,3445,3387,277.8,-7.2,183,3846,0.10,2.03,0.00,0.000,3078,0.135,0.021,2589,1798,3416,3445,3387,0,0,0,0,0,0,25.60,25.90,25.67,8.95,58.54
$GC,4051,-0.96,-146.6,2588,1799,3444,3387,295.1,-7.3,189,4053,0.00,0.00,0.00,0.000,6,0.000,0.000,2589,1799,3416,3445,3387,0,0,0,0,0,0,26.46,26.48,26.47,8.94,58.70
$GC,4249,-1.02,-146.6,2588,1799,3444,3387,310.0,-7.3,194,4253,0.00,2.17,0.00,0.000,260,0.000,0.037,2581,3189,3415,3444,3387,0,0,0,0,0,0,26.46,25.55,26.47,8.93,58.89
$GC,4316,-1.07,-146.6,2581,3189,3443,3388,313.3,-7.3,195,4321,0.05,2.08,0.00,0.000,5126,0.073,0.021,2501,1799,3415,3444,3387,0,0,0,0,0,0,25.77,25.90,25.81,8.93,59.33
$GC,4536,-1.02,-146.6,2500,1799,3443,3387,333.3,-8.4,201,4543,0.17,2.15,0.00,0.000,2564,0.128,0.035,2556,426,3414,3442,3387,0,0,0,0,0,0,25.72,25.53,25.79,8.92,59.45
$GC,4611,-1.02,-146.6,2555,425,3443,3387,336.9,-8.4,202,4618,0.00,2.03,0.00,0.000,1030,0.000,0.023,2549,1802,3414,3442,3387,0,0,0,0,0,0,25.94,25.87,25.96,8.92,58.89
$GC,4818,-1.02,-146.6,2549,1801,3441,3387,353.9,-7.0,208,4824,0.00,2.20,0.00,0.000,260,0.000,0.037,2539,3186,3414,3441,3387,0,0,0,0,0,0,26.46,25.56,26.47,8.91,59.41
$GC,4927,-1.02,-146.6,2538,3186,3440,3387,359.5,-6.7,210,4931,0.00,2.03,0.00,0.000,1030,0.000,0.022,2539,1801,3413,3440,3387,0,0,0,0,0,0,25.96,25.89,25.98,8.91,60.31
$GC,5147,-1.02,-146.6,2538,1800,3439,3387,374.2,-6.1,216,5151,0.00,2.15,0.00,0.000,516,0.000,0.037,2539,426,3413,3439,3387,0,0,0,0,0,0,26.46,25.53,26.47,8.90,59.76
$GC,5204,-1.02,-146.6,2538,426,3439,3387,377.1,-6.1,217,5209,0.00,2.05,0.00,0.000,1030,0.000,0.023,2529,1802,3412,3438,3387,0,0,0,0,0,0,25.93,25.86,25.95,8.90,60.15
$GC,5394,-1.02,-146.6,2529,1802,3436,3387,389.7,-6.3,222,5398,0.00,2.17,0.00,0.000,260,0.000,0.037,2520,3192,3411,3436,3387,0,0,0,0,0,0,26.47,25.55,26.48,8.89,60.59
$GC,5446,-1.02,-146.6,2519,3193,3435,3387,392.5,-6.3,223,5454,0.12,2.05,0.00,0.000,3078,0.135,0.021,2557,1794,3411,3435,3387,0,0,0,0,0,0,25.48,25.89,25.57,8.89,60.43
$GC,5639,-1.02,-146.6,2558,1794,3435,3386,404.9,-6.2,228,5643,0.00,2.15,0.00,0.000,516,0.000,0.037,2558,423,3410,3435,3386,0,0,0,0,0,0,26.46,25.52,26.48,8.89,59.76
$GC,5683,-1.02,-146.6,2557,422,3435,3385,407.7,-6.3,229,5687,0.00,2.05,0.00,0.000,1030,0.000,0.023,2551,1800,3410,3435,3385,0,0,0,0,0,0,25.93,25.86,25.95,8.88,59.88
$GC,5887,-1.02,-146.6,2550,1800,3435,3384,421.1,-6.7,234,5891,0.00,2.17,0.00,0.000,260,0.000,0.037,2541,3197,3409,3435,3384,0,0,0,0,0,0,26.47,25.54,26.48,8.88,60.59
$GC,5949,-1.02,-146.6,2540,3198,3435,3383,424.2,-6.7,235,5953,0.00,2.05,0.00,0.000,1030,0.000,0.022,2541,1802,3409,3435,3383,0,0,0,0,0,0,25.94,25.88,25.96,8.88,60.39
$GC,6173,-1.02,-146.6,2540,1802,3435,3382,440.9,-7.1,241,6177,0.00,2.17,0.00,0.000,516,0.000,0.037,2541,420,3408,3435,3382,0,0,0,0,0,0,26.46,25.50,26.48,8.87,60.98
$GC,6210,-1.02,-146.6,2540,419,3434,3382,440.9,-7.1,241,6217,0.00,2.05,0.00,0.000,1030,0.000,0.023,2531,1800,3408,3434,3382,0,0,0,0,0,0,25.92,25.86,25.94,8.87,60.75
$GC,6416,-1.02,-146.6,2530,1800,3433,3382,458.6,-7.3,247,6421,0.00,2.20,0.00,0.000,260,0.000,0.037,2521,3184,3408,3434,3382,0,0,0,0,0,0,26.47,25.54,26.48,8.87,60.63
$GC,6555,-1.02,-146.6,2521,3184,3432,3381,467.8,-7.5,250,6561,0.10,2.08,0.00,0.000,3078,0.125,0.022,2553,1800,3406,3432,3381,0,0,0,0,0,0,25.48,25.87,25.60,8.86,60.94
$GC,6745,-1.02,-146.6,2553,1800,3432,3381,483.4,-7.7,255,6749,0.00,2.17,0.00,0.000,516,0.000,0.037,2553,421,3406,3432,3381,0,0,0,0,0,0,26.47,25.48,26.48,8.86,60.78
$GC,6797,-1.02,-146.6,2553,420,3432,3381,486.7,-7.7,256,6802,0.00,2.10,0.00,0.000,1030,0.000,0.024,2546,1799,3406,3432,3381,0,0,0,0,0,0,25.88,25.85,25.89,8.86,60.82
$GC,6991,-1.02,-146.6,2546,1799,3432,3380,502.6,-7.8,261,6995,0.00,2.17,0.00,0.000,260,0.000,0.037,2536,3191,3406,3432,3380,0,0,0,0,0,0,26.47,25.52,26.48,8.86,61.69
$GC,7083,-1.02,-146.6,2536,3191,3431,3379,509.3,-7.9,263,7087,0.00,2.05,0.00,0.000,1030,0.000,0.022,2537,1799,3405,3431,3379,0,0,0,0,0,0,25.93,25.86,25.95,8.86,60.82
$GC,7277,-1.02,-146.6,2536,1799,3431,3379,525.2,-8.0,268,7281,0.00,2.17,0.00,0.000,516,0.000,0.037,2536,421,3404,3430,3379,0,0,0,0,0,0,26.47,25.46,26.48,8.85,61.34
$GC,7338,-1.02,-146.6,2536,421,3430,3379,529.0,-8.1,269,7342,0.00,2.08,0.00,0.000,1030,0.000,0.024,2527,1808,3404,3430,3379,0,0,0,0,0,0,25.90,25.84,25.93,8.85,61.06
$GC,7562,-1.02,-146.6,2527,1808,3430,3378,548.1,-7.9,275,7567,0.00,2.15,0.00,0.000,260,0.000,0.037,2518,3190,3404,3430,3378,0,0,0,0,0,0,26.47,25.51,26.48,8.85,61.10
$GC,7674,-1.02,-146.6,2517,3189,3429,3377,554.7,-7.9,277,7679,0.08,2.08,0.00,0.000,3078,0.134,0.022,2555,1799,3403,3429,3377,0,0,0,0,0,0,25.43,25.86,25.52,8.84,61.57
$GC,7890,-1.02,-146.6,2554,1798,3429,3377,572.6,-7.4,283,7894,0.00,2.17,0.00,0.000,516,0.000,0.038,2554,423,3403,3429,3377,0,0,0,0,0,0,26.47,25.44,26.48,8.84,61.97
$GC,7916,-1.02,-146.6,2554,421,3429,3377,572.6,-7.4,283,7921,0.00,2.08,0.00,0.000,1030,0.000,0.024,2548,1806,3402,3429,3376,0,0,0,0,0,0,25.89,25.82,25.91,8.83,61.89
$GC,8135,-1.02,-146.6,2547,1806,3428,3376,590.6,-7.3,289,8140,0.00,2.20,0.00,0.000,260,0.000,0.037,2537,3210,3402,3428,3376,0,0,0,0,0,0,26.47,25.49,26.48,8.83,61.41
$GC,8253,-1.02,-146.6,2537,3210,3427,3375,596.7,-7.4,291,8260,0.00,2.08,0.00,0.000,1030,0.000,0.023,2537,1801,3401,3427,3375,0,0,0,0,0,0,25.90,25.84,25.93,8.83,61.77
$GC,8459,-1.02,-146.6,2537,1801,3427,3375,615.1,-7.8,297,8464,0.00,2.22,0.00,0.000,516,0.000,0.039,2537,414,3401,3427,3375,0,0,0,0,0,0,26.47,25.44,26.48,8.82,62.12
$GC,8512,-1.02,-146.6,2536,414,3426,3375,618.7,-7.9,298,8516,0.00,2.10,0.00,0.000,1030,0.000,0.024,2529,1811,3401,3427,3375,0,0,0,0,0,0,25.87,25.81,25.90,8.82,61.73
$GC,8705,-1.02,-146.6,2528,1811,3426,3374,635.3,-8.3,303,8710,0.00,2.20,0.00,0.000,260,0.000,0.038,2518,3190,3400,3426,3374,0,0,0,0,0,0,26.47,25.48,26.48,8.82,62.48
$GC,8798,-1.02,-146.6,2518,3190,3425,3374,642.2,-8.2,305,8803,0.10,2.10,0.00,0.000,3078,0.125,0.023,2563,1793,3399,3425,3374,0,0,0,0,0,0,25.35,25.84,25.45,8.82,62.12
$GC,8993,-1.07,-146.6,2563,1793,3424,3373,658.2,-7.8,310,8995,0.00,0.00,0.00,0.000,6,0.000,0.000,2563,1793,3399,3425,3373,0,0,0,0,0,0,26.47,26.48,26.48,8.81,62.04
$GC,9193,-1.12,-146.6,2562,1793,3424,3372,674.0,-7.8,315,9199,0.08,2.17,0.00,0.000,4612,0.096,0.039,2483,421,3399,3425,3373,0,0,0,0,0,0,26.25,25.39,26.27,8.81,61.93
$GC,9241,-1.12,-146.6,2482,421,3423,3372,678.3,-8.2,316,9247,0.15,2.08,0.00,0.000,3078,0.137,0.024,2519,1803,3398,3424,3372,0,0,0,0,0,0,25.30,25.79,25.40,8.80,62.36
$GC,9447,-1.12,-146.6,2518,1803,3423,3372,696.0,-8.6,321,9452,0.00,2.20,0.00,0.000,260,0.000,0.038,2511,3201,3397,3423,3372,0,0,0,0,0,0,26.47,25.46,26.48,8.80,62.52
$GC,9504,-1.12,-146.6,2510,3201,3422,3372,699.8,-8.6,322,9508,0.00,2.08,0.00,0.000,1030,0.000,0.023,2511,1801,3397,3422,3372,0,0,0,0,0,0,25.88,25.82,25.91,8.80,62.20
$GC,9693,-1.12,-146.6,2510,1801,3422,3372,717.4,-8.8,327,9698,0.00,2.20,0.00,0.000,516,0.000,0.039,2511,417,3396,3422,3371,0,0,0,0,0,0,26.47,25.39,26.48,8.80,62.91
$GC,9750,-1.12,-146.6,2510,417,3422,3371,721.2,-8.8,328,9754,0.00,2.10,0.00,0.000,1030,0.000,0.024,2501,1805,3397,3422,3372,0,0,0,0,0,0,25.84,25.78,25.88,8.80,62.28
$GC,9939,-1.12,-146.6,2500,1804,3421,3370,739.6,-9.0,333,9944,0.00,2.20,0.00,0.000,260,0.000,0.038,2490,3202,3396,3421,3371,0,0,0,0,0,0,26.47,25.46,26.48,8.79,62.71
$GC,10016,-1.12,-146.6,2490,3202,3421,3370,743.5,-9.1,334,10024,0.10,2.08,0.00,0.000,3078,0.148,0.023,2520,1798,3395,3421,3370,0,0,0,0,0,0,25.45,25.81,25.53,8.79,62.44
$GC,10224,-1.12,-146.6,2519,1798,3421,3369,763.8,-8.4,340,10230,0.00,2.20,0.00,0.000,516,0.000,0.039,2520,414,3395,3421,3369,0,0,0,0,0,0,26.47,25.36,26.48,8.79,62.99
$GC,10266,-1.12,-146.6,2519,414,3420,3369,767.3,-8.3,341,10270,0.00,2.10,0.00,0.000,1030,0.000,0.025,2513,1806,3395,3421,3369,0,0,0,0,0,0,25.83,25.76,25.86,8.79,62.60
$GC,10470,-1.12,-146.6,2512,1806,3421,3368,783.1,-7.7,346,10474,0.00,2.20,0.00,0.000,260,0.000,0.038,2502,3201,3394,3420,3368,0,0,0,0,0,0,26.47,25.43,26.48,8.78,62.79
$GC,10534,-1.12,-146.6,2501,3201,3420,3367,786.3,-7.6,347,10538,0.00,2.10,0.00,0.000,1030,0.000,0.023,2502,1792,3393,3420,3367,0,0,0,0,0,0,25.86,25.79,25.89,8.78,63.07
$GC,10758,-1.12,-146.6,2501,1792,3420,3367,803.5,-6.9,353,10762,0.00,2.20,0.00,0.000,516,0.000,0.040,2502,405,3393,3419,3367,0,0,0,0,0,0,26.47,25.34,26.48,8.78,62.87
$GC,10802,-1.12,-146.6,2501,405,3420,3367,806.5,-6.8,354,10807,0.08,2.15,0.00,0.000,3078,0.139,0.025,2527,1799,3393,3420,3367,0,0,0,0,0,0,25.30,25.76,25.40,8.78,62.75
$GC,11006,-1.12,-146.6,2527,1799,3420,3367,818.5,-5.8,359,11011,0.00,2.22,0.00,0.000,260,0.000,0.039,2520,3211,3393,3420,3367,0,0,0,0,0,0,26.47,25.41,26.48,8.77,62.87
$GC,11091,-1.12,-146.6,2519,3211,3419,3366,823.3,-5.8,361,11096,0.00,2.15,0.00,0.000,1030,0.000,0.024,2520,1797,3392,3419,3366,0,0,0,0,0,0,25.80,25.78,25.83,8.77,63.03
$GC,11295,-1.12,-146.6,2519,1797,3419,3366,834.8,-5.6,366,11300,0.00,2.25,0.00,0.000,516,0.000,0.040,2520,413,3392,3419,3366,0,0,0,0,0,0,26.47,25.32,26.48,8.77,63.23
$GC,11362,-1.12,-146.6,2519,412,3419,3366,837.6,-5.8,367,11366,0.00,2.10,0.00,0.000,1030,0.000,0.026,2510,1801,3392,3419,3365,0,0,0,0,0,0,25.80,25.73,25.83,8.77,62.87
$GC,11583,-1.12,-146.6,2510,1800,3418,3365,852.3,-6.1,373,11587,0.00,2.20,0.00,0.000,260,0.000,0.039,2500,3192,3391,3418,3365,0,0,0,0,0,0,26.47,25.39,26.48,8.76,63.38
$GC,11626,-1.12,-146.6,2499,3193,3418,3364,855.3,-6.3,374,11630,0.00,2.10,0.00,0.000,1030,0.000,0.024,2500,1791,3391,3418,3365,0,0,0,0,0,0,25.83,25.76,25.85,8.77,63.27
$GC,11830,-1.12,-146.6,2499,1791,3418,3365,869.4,-7.0,379,11834,0.00,2.20,0.00,0.000,516,0.000,0.040,2500,419,3391,3418,3365,0,0,0,0,0,0,26.46,25.31,26.48,8.76,63.97
$GC,11927,-1.12,-146.6,2499,417,3418,3365,875.7,-7.4,381,11933,0.10,2.10,0.00,0.000,3078,0.148,0.025,2519,1802,3390,3417,3364,0,0,0,0,0,0,25.39,25.72,25.46,8.76,63.38
$GC,12154,-1.12,-146.6,2518,1802,3418,3364,894.3,-7.8,387,12159,0.00,2.20,0.00,0.000,260,0.000,0.039,2511,3192,3390,3417,3364,0,0,0,0,0,0,26.47,25.37,26.48,8.76,63.15
$GC,12199,-1.12,-146.6,2510,3192,3417,3364,898.0,-7.9,388,12203,0.00,2.10,0.00,0.000,1030,0.000,0.024,2511,1789,3390,3417,3364,0,0,0,0,0,0,25.81,25.75,25.84,8.76,64.01
$GC,12403,-1.12,-146.6,2511,1789,3417,3364,915.1,-8.4,393,12408,0.00,2.20,0.00,0.000,516,0.000,0.041,2511,411,3390,3416,3364,0,0,0,0,0,0,26.46,25.27,26.48,8.75,63.38
$GC,12456,-1.12,-146.6,2511,412,3417,3364,919.1,-8.5,394,12462,0.00,2.12,0.00,0.000,1030,0.000,0.026,2501,1808,3390,3416,3364,0,0,0,0,0,0,25.78,25.71,25.81,8.75,63.46
$GC,12648,-1.12,-146.6,2500,1808,3416,3363,936.2,-8.6,399,12652,0.00,2.20,0.00,0.000,260,0.000,0.039,2490,3198,3389,3416,3363,0,0,0,0,0,0,26.46,25.36,26.47,8.75,63.74
$GC,12700,-1.12,-146.6,2490,3198,3415,3363,940.3,-8.7,400,12707,0.10,2.10,0.00,0.000,3078,0.148,0.024,2520,1800,3389,3415,3363,0,0,0,0,0,0,25.37,25.73,25.45,8.75,64.37
$GC,12892,-1.12,-146.6,2520,1800,3415,3363,956.7,-8.3,405,12897,0.00,2.20,0.00,0.000,516,0.000,0.041,2520,419,3389,3415,3363,0,0,0,0,0,0,26.46,25.25,26.48,8.75,64.53
$GC,12965,-1.12,-146.6,2520,419,3416,3363,960.3,-8.2,406,12969,0.00,2.10,0.00,0.000,1030,0.000,0.026,2513,1803,3388,3415,3362,0,0,0,0,0,0,25.76,25.68,25.79,8.74,63.23
$GC,13179,-1.12,-146.6,2512,1803,3415,3362,979.2,-7.8,412,13185,0.00,2.22,0.00,0.000,260,0.000,0.040,2502,3204,3388,3415,3362,0,0,0,0,0,0,26.46,25.34,26.48,8.74,63.78
$GC,13279,-1.12,-146.6,2502,3204,3414,3361,985.2,-7.5,414,13285,0.00,2.12,0.00,0.000,1030,0.000,0.024,2502,1791,3387,3414,3361,0,0,0,0,0,0,25.78,25.71,25.81,8.74,63.93
$STATE,13337,end dive,TARGET_DEPTH_EXCEEDED
$STATE,13337,begin apogee
$GC,13345,-0.42,0.0,2499,2249,3414,3361,991.0,-7.3,416,13485,0.77,0.00,136.35,1.338,10246,0.109,0.000,2747,2249,2805,2899,2711,0,0,0,0,0,0,24.55,23.96,22.86,8.74,63.46
$STATE,13487,end apogee,CONTROL_FINISHED_OK
$STATE,13487,begin climb
$GC,13490,1.09,146.6,2747,2249,2897,2710,995.7,0.0,419,13646,1.42,2.42,144.85,1.280,10500,0.069,0.041,3232,3652,2206,2290,2122,0,0,0,0,0,0,24.29,23.39,22.63,8.69,62.56
$GC,13765,0.92,160.7,3231,3652,2288,2122,976.7,9.4,426,13788,0.20,2.12,14.88,1.167,13318,0.129,0.024,3180,2238,2148,2234,2063,0,0,0,0,0,0,25.14,25.63,23.56,8.64,61.45
$GC,13985,0.94,181.5,3180,2239,2234,2063,954.5,9.0,432,14013,0.00,2.20,21.83,1.221,8708,0.000,0.035,3184,879,2062,2155,1970,0,0,0,0,0,0,26.29,24.88,23.63,8.63,62.95
$GC,14046,0.96,202.0,3184,879,2155,1970,950.9,9.1,433,14074,0.00,2.10,21.15,1.208,9222,0.000,0.028,3184,2249,1980,2088,1872,0,0,0,0,0,0,25.65,25.56,23.44,8.62,63.15
$GC,14263,0.97,218.8,3184,2249,2088,1871,928.8,9.2,439,14286,0.00,2.28,17.20,1.190,8452,0.000,0.042,3184,3654,1911,2031,1792,0,0,0,0,0,0,26.25,24.55,23.73,8.61,63.27
$GC,14342,0.99,232.9,3184,3654,2030,1792,921.5,9.4,441,14362,0.00,2.10,15.20,1.167,9222,0.000,0.024,3193,2254,1855,1981,1730,0,0,0,0,0,0,25.79,25.73,23.63,8.61,63.90
$GC,14577,1.01,253.9,3193,2254,1980,1727,900.0,9.0,447,14603,0.00,2.22,21.20,1.211,8708,0.000,0.036,3194,861,1768,1905,1631,0,0,0,0,0,0,26.27,24.51,23.68,8.60,63.93
$GC,14743,1.10,278.9,3193,861,1905,1631,885.5,8.9,451,14773,0.08,2.12,24.77,1.213,11270,0.095,0.028,3285,2249,1668,1815,1521,0,0,0,0,0,0,25.70,25.73,23.57,8.59,63.97
$GC,14975,1.10,278.9,3284,2249,1813,1517,860.6,10.8,456,14983,0.15,2.25,0.00,0.000,4356,0.121,0.044,3237,3655,1665,1813,1517,0,0,0,0,0,0,25.67,25.60,25.75,8.58,63.86
$GC,15035,1.10,278.9,3236,3655,1813,1515,856.0,10.8,457,15039,0.00,2.10,0.00,0.000,1030,0.000,0.024,3245,2247,1664,1813,1515,0,0,0,0,0,0,25.91,25.84,25.94,8.58,63.90
$GC,15258,1.10,278.9,3244,2247,1813,1515,831.6,10.3,463,15264,0.00,2.15,0.00,0.000,516,0.000,0.037,3254,868,1663,1813,1514,0,0,0,0,0,0,26.36,25.63,26.36,8.57,64.37
$GC,15321,1.10,278.9,3253,868,1813,1514,827.2,10.2,464,15326,0.00,2.15,0.00,0.000,1030,0.000,0.028,3254,2253,1664,1813,1515,0,0,0,0,0,0,25.79,25.76,25.82,8.57,64.25
$GC,15546,1.10,278.9,3253,2254,1813,1514,802.5,10.4,470,15550,0.00,2.22,0.00,0.000,260,0.000,0.044,3254,3650,1663,1813,1514,0,0,0,0,0,0,26.39,25.50,26.40,8.57,65.16
$GC,15589,1.10,278.9,3253,3651,1813,1513,797.7,10.5,471,15593,0.00,2.10,0.00,0.000,1030,0.000,0.024,3263,2251,1663,1813,1513,0,0,0,0,0,0,25.91,25.84,25.94,8.57,64.80
$GC,15793,1.10,278.9,3263,2251,1813,1513,776.8,10.3,476,15797,0.00,2.17,0.00,0.000,516,0.000,0.037,3273,861,1662,1813,1512,0,0,0,0,0,0,26.40,25.56,26.41,8.57,65.12
$GC,15844,1.10,278.9,3272,861,1813,1513,772.2,10.3,477,15849,0.08,2.15,0.00,0.000,5126,0.099,0.028,3236,2245,1663,1813,1513,0,0,0,0,0,0,25.37,25.71,25.48,8.57,65.51
$GC,16039,1.10,278.9,3236,2245,1813,1511,751.9,10.0,482,16046,0.00,2.25,0.00,0.000,260,0.000,0.044,3236,3649,1662,1813,1511,0,0,0,0,0,0,26.41,25.42,26.41,8.56,65.59
$GC,16103,1.10,278.9,3236,3649,1813,1511,747.6,10.2,483,16108,0.00,2.10,0.00,0.000,1030,0.000,0.024,3244,2248,1662,1813,1511,0,0,0,0,0,0,25.89,25.82,25.91,8.56,65.08
$GC,16322,1.10,278.9,3244,2248,1813,1511,722.8,10.3,489,16326,0.00,2.20,0.00,0.000,516,0.000,0.037,3254,866,1662,1813,1511,0,0,0,0,0,0,26.41,25.51,26.42,8.56,65.75
$GC,16365,1.10,278.9,3253,867,1813,1511,718.2,10.4,490,16370,0.00,2.15,0.00,0.000,1030,0.000,0.029,3254,2252,1662,1813,1511,0,0,0,0,0,0,25.70,25.67,25.72,8.56,65.23
$GC,16569,1.10,278.9,3253,2251,1813,1511,696.8,10.6,495,16573,0.00,2.28,0.00,0.000,260,0.000,0.044,3254,3654,1662,1813,1511,0,0,0,0,0,0,26.42,25.36,26.43,8.56,65.31
$GC,16626,1.10,278.9,3253,3653,1813,1511,691.8,10.8,496,16630,0.00,2.10,0.00,0.000,1030,0.000,0.024,3263,2251,1662,1813,1511,0,0,0,0,0,0,25.85,25.79,25.88,8.56,65.51
$GC,16814,1.10,278.9,3263,2251,1813,1511,669.5,11.0,501,16819,0.00,2.25,0.00,0.000,260,0.000,0.044,3263,3653,1662,1813,1511,0,0,0,0,0,0,26.42,25.34,26.43,8.56,65.98
$GC,16851,1.10,278.9,3263,3653,1813,1511,669.5,11.0,501,16860,0.10,2.15,0.00,0.000,5126,0.125,0.024,3229,2250,1662,1813,1511,0,0,0,0,0,0,25.32,25.79,25.41,8.56,65.23
$GC,17058,1.10,278.9,3228,2250,1813,1511,644.1,10.3,507,17065,0.00,2.25,0.00,0.000,260,0.000,0.044,3229,3649,1662,1813,1511,0,0,0,0,0,0,26.42,25.32,26.44,8.56,65.55
$GC,17100,1.10,278.9,3228,3649,1813,1510,639.7,10.2,508,17104,0.00,2.12,0.00,0.000,1030,0.000,0.024,3236,2239,1662,1813,1511,0,0,0,0,0,0,25.84,25.77,25.86,8.56,65.55
$GC,17303,1.10,279.1,3235,2239,1813,1511,619.5,10.0,513,17305,0.00,0.00,0.00,0.000,6,0.000,0.000,3236,2239,1662,1813,1511,0,0,0,0,0,0,26.43,26.44,26.44,8.56,65.59
$GC,17503,1.11,289.3,3235,2239,1813,1511,600.3,9.5,518,17516,0.00,0.00,10.10,1.007,8198,0.000,0.000,3236,2239,1624,1778,1470,0,0,0,0,0,0,26.43,25.13,24.01,8.56,65.08
$GC,17705,1.12,297.5,3235,2240,1776,1468,581.2,9.6,523,17720,0.00,2.17,8.75,0.968,8708,0.000,0.037,3246,859,1590,1747,1434,0,0,0,0,0,0,26.35,25.20,24.00,8.55,65.63
$GC,17763,1.13,307.5,3245,860,1747,1434,577.2,9.5,524,17785,0.00,2.12,11.02,0.995,9222,0.000,0.029,3246,2253,1548,1708,1388,0,0,0,0,0,0,25.82,25.73,23.87,8.55,65.94
$GC,17986,1.13,307.5,3245,2253,1708,1388,552.7,10.4,530,17993,0.00,2.25,0.00,0.000,260,0.000,0.044,3246,3655,1548,1708,1388,0,0,0,0,0,0,26.30,25.51,26.31,8.55,65.23
$GC,18021,1.13,307.5,3246,3655,1708,1388,552.7,10.4,530,18028,0.00,2.12,0.00,0.000,1030,0.000,0.024,3256,2241,1548,1708,1388,0,0,0,0,0,0,25.87,25.81,25.90,8.55,65.94
$GC,18227,1.13,307.5,3255,2241,1708,1388,525.9,11.2,536,18228,0.00,0.00,0.00,0.000,6,0.000,0.000,3256,2241,1548,1708,1388,0,0,0,0,0,0,26.38,26.39,26.39,8.55,65.12
$GC,18427,1.13,307.5,3255,2241,1707,1388,502.3,11.9,541,18432,0.00,2.17,0.00,0.000,516,0.000,0.037,3263,872,1548,1708,1388,0,0,0,0,0,0,26.40,25.47,26.41,8.55,65.08
$GC,18485,1.13,307.5,3263,872,1708,1388,497.1,11.9,542,18489,0.00,2.10,0.00,0.000,1030,0.000,0.028,3264,2251,1548,1708,1388,0,0,0,0,0,0,25.73,25.64,25.77,8.55,65.86
$GC,18673,1.13,307.5,3263,2251,1708,1388,472.7,12.2,547,18679,0.00,2.25,0.00,0.000,260,0.000,0.045,3263,3654,1548,1708,1388,0,0,0,0,0,0,26.41,25.32,26.42,8.56,65.51
$GC,18711,1.13,307.5,3263,3653,1708,1388,472.7,12.2,547,18718,0.00,2.12,0.00,0.000,1030,0.000,0.024,3274,2240,1548,1708,1388,0,0,0,0,0,0,25.83,25.76,25.85,8.55,65.94
$GC,18918,1.13,307.5,3273,2240,1708,1388,443.6,11.7,553,18920,0.00,0.00,0.00,0.000,6,0.000,0.000,3274,2240,1548,1708,1388,0,0,0,0,0,0,26.42,26.43,26.43,8.56,65.51
$GC,19118,1.13,307.5,3273,2240,1708,1388,421.5,10.9,558,19122,0.00,2.17,0.00,0.000,516,0.000,0.037,3284,856,1548,1708,1388,0,0,0,0,0,0,26.42,25.41,26.44,8.56,65.67
$GC,19176,1.13,307.5,3283,856,1708,1388,417.1,10.7,559,19183,0.12,2.15,0.00,0.000,5126,0.125,0.028,3243,2257,1548,1708,1388,0,0,0,0,0,0,25.29,25.59,25.39,8.56,65.08
$GC,19405,1.19,319.9,3243,2257,1708,1388,394.0,9.4,565,19419,0.00,0.00,12.00,0.913,8198,0.000,0.000,3243,2257,1499,1662,1337,0,0,0,0,0,0,26.42,25.10,24.07,8.56,64.76
$GC,19605,1.27,332.8,3243,2257,1661,1335,375.1,9.4,570,19625,0.10,2.22,12.60,0.903,10756,0.073,0.036,3335,867,1446,1612,1280,0,0,0,0,0,0,26.12,25.13,24.01,8.56,65.67
$GC,19668,1.27,338.1,3334,867,1612,1281,370.8,9.8,571,19684,0.12,2.12,6.28,0.775,13318,0.135,0.029,3296,2253,1424,1591,1258,0,0,0,0,0,0,25.41,25.69,23.96,8.56,65.00
$GC,19886,1.27,338.1,3295,2253,1591,1258,344.4,10.9,577,19888,0.00,0.00,0.00,0.000,6,0.000,0.000,3296,2253,1424,1591,1258,0,0,0,0,0,0,26.32,26.32,26.32,8.56,65.00
$GC,20084,1.27,338.1,3295,2253,1591,1258,322.0,11.3,582,20088,0.00,2.20,0.00,0.000,516,0.000,0.037,3304,856,1424,1591,1258,0,0,0,0,0,0,26.37,25.49,26.38,8.57,64.76
$GC,20145,1.27,338.1,3303,856,1591,1258,317.0,11.3,583,20150,0.00,2.15,0.00,0.000,1030,0.000,0.029,3303,2257,1424,1591,1258,0,0,0,0,0,0,25.72,25.63,25.76,8.56,65.00
$GC,20364,1.27,338.1,3303,2257,1591,1258,288.9,12.0,589,20370,0.00,2.25,0.00,0.000,260,0.000,0.045,3304,3657,1424,1591,1258,0,0,0,0,0,0,26.40,25.30,26.41,8.57,65.19
$GC,20398,1.27,338.1,3303,3656,1591,1258,288.9,12.0,589,20405,0.00,2.10,0.00,0.000,1030,0.000,0.024,3313,2249,1424,1591,1258,0,0,0,0,0,0,25.84,25.77,25.86,8.56,64.72
$GC,20604,1.27,338.1,3312,2249,1591,1258,258.6,12.6,595,20606,0.00,0.00,0.00,0.000,6,0.000,0.000,3313,2249,1424,1591,1258,0,0,0,0,0,0,26.41,26.42,26.42,8.57,64.80
$GC,20806,1.27,338.1,3312,2249,1592,1258,233.8,12.4,600,20811,0.00,2.28,0.00,0.000,260,0.000,0.044,3313,3658,1424,1591,1258,0,0,0,0,0,0,26.41,25.25,26.43,8.57,64.64
$GC,20844,1.27,338.1,3312,3658,1591,1258,233.8,12.4,600,20851,0.00,2.10,0.00,0.000,1030,0.000,0.024,3322,2252,1425,1591,1259,0,0,0,0,0,0,25.82,25.75,25.84,8.57,64.76
$GC,21051,1.27,338.1,3322,2252,1591,1259,202.8,12.5,606,21055,0.00,2.17,0.00,0.000,516,0.000,0.036,3332,858,1424,1591,1258,0,0,0,0,0,0,26.42,25.39,26.43,8.58,64.45
$GC,21077,1.27,338.1,3331,858,1591,1258,202.8,12.5,606,21082,0.12,2.15,0.00,0.000,5126,0.136,0.028,3294,2263,1425,1591,1259,0,0,0,0,0,0,25.23,25.59,25.33,8.57,64.37
$GC,21272,1.27,338.1,3293,2263,1591,1258,177.2,11.2,616,21276,0.00,2.22,0.00,0.000,260,0.000,0.044,3294,3653,1424,1591,1258,0,0,0,0,0,0,26.42,25.22,26.44,8.58,63.78
$GC,21324,1.27,338.1,3293,3653,1591,1258,172.3,11.1,618,21328,0.00,2.15,0.00,0.000,1030,0.000,0.024,3302,2245,1424,1591,1258,0,0,0,0,0,0,25.77,25.75,25.79,8.58,64.29
$GC,21519,1.27,338.1,3301,2244,1591,1258,151.3,10.3,628,21521,0.00,0.00,0.00,0.000,6,0.000,0.000,3302,2244,1424,1591,1258,0,0,0,0,0,0,26.43,26.44,26.44,8.58,63.93
$GC,21698,1.27,338.1,3301,2244,1591,1258,131.6,11.1,637,21699,0.00,0.00,0.00,0.000,6,0.000,0.000,3302,2244,1424,1591,1258,0,0,0,0,0,0,26.43,26.44,26.44,8.59,63.58
$GC,21878,1.27,338.1,3301,2244,1591,1258,112.2,10.7,646,21883,0.00,2.28,0.00,0.000,260,0.000,0.044,3302,3655,1424,1591,1258,0,0,0,0,0,0,26.43,25.18,26.44,8.59,63.97
$GC,21915,1.27,338.1,3301,3655,1591,1258,109.7,10.8,647,21922,0.00,2.10,0.00,0.000,1030,0.000,0.024,3303,2253,1424,1591,1258,0,0,0,0,0,0,25.78,25.72,25.81,8.59,63.90
$GC,22102,1.27,338.1,3302,2253,1591,1258,87.9,10.6,657,22109,0.00,2.25,0.00,0.000,260,0.000,0.043,3302,3652,1425,1592,1258,0,0,0,0,0,0,26.44,25.20,26.44,8.59,64.05
$GC,22192,1.27,338.1,3302,3651,1591,1258,78.7,11.2,661,22196,0.00,2.10,0.00,0.000,1030,0.000,0.024,3302,2246,1424,1591,1258,0,0,0,0,0,0,25.79,25.72,25.82,8.60,63.27
$GC,22386,1.38,443.5,3301,2246,1591,1258,63.8,5.2,671,22525,0.00,0.00,109.75,0.711,8454,0.000,0.000,3302,2246,994,1106,882,0,0,0,0,4,0,26.44,24.50,23.61,8.61,64.25
$GC,22707,1.46,459.5,3302,2246,1105,881,37.6,9.3,694,22730,0.10,2.28,16.17,0.672,10500,0.076,0.043,3397,3641,928,1026,831,0,0,0,0,0,0,25.99,25.07,24.13,8.68,65.16
$GC,22763,1.46,459.5,3397,3641,1025,831,31.8,10.5,699,22772,0.17,2.10,0.00,0.000,5126,0.134,0.022,3355,2235,928,1025,831,0,0,0,0,0,0,25.30,25.72,25.46,8.69,65.27
$GC,22953,1.54,544.0,3354,2235,1025,831,17.1,6.1,718,23020,0.00,2.17,55.33,0.610,8708,0.000,0.033,3362,860,581,630,533,0,0,0,0,0,0,26.29,24.60,24.19,8.74,64.68
$STATE,23106,end climb,SURFACE_DEPTH_REACHED
$STATE,23107,begin surface coast
$FINISH,1.1,1.022379
$STATE,23118,end surface coast,CONTROL_FINISHED_OK
$STATE,23118,begin surface
$SM_CCo,23201,0.00,0.000,0,0,582,545.55
$SM_GC,-0.06,8.65,1.48,0.00,0.051,0.025,0.000,176,1813,582,-8.28,-1.30,545.55,0,0,0,0,0,0,25.80,25.72,25.84
$IRIDIUM_FIX,827.62,-14254.73,020525,003035
$TT8_MAMPS,0.026964,0.38199
$HUMID,58.78
$INTERNAL_PRESSURE,8.70279
$TCM_TEMP,18.80
$XPDR_PINGS,0
$ALTIM_TOP_PING,19.5,18.9
$24V_AH,22.63,110.752
$10V_AH,9.60,69.117
$FG_AHR_24Vo,0.000
$FG_AHR_10Vo,0.000
$DEVICES,Pitch_motor,Roll_motor,VBD_pump_during_apogee,VBD_pump_during_surface,VBD_valve,Iridium_during_init,Iridium_during_connect,Iridium_during_xfer,Transponder_ping,GUMSTIX_24V,GPS,TT8,LPSleep,TT8_Active,TT8_Sampling,TT8_CF8,TT8_Kalman,Analog_circuits,GPS_charging,Compass,RAFOS,Transponder,Compass2
$DEVICE_SECS,23.275,313.625,659.425,0.000,0.000,0.000,0.000,289.225,0.250,0.000,32.172,3215.530,15812.099,846.540,3230.269,537.112,0.000,2877.180,0.000,2770.214,0.000,2.760,0.000
$DEVICE_MAMPS,199.665,49.725,1337.985,0.000,0.000,0.000,0.000,91.800,420.000,0.000,30.710,15.210,2.190,15.210,43.670,53.410,0.000,14.000,0.000,8.240,0.000,30.000,0.000
$SENSORS,SBE_CT,WL_blue_red_Chl,AA4330,nil,nil,nil,nil,nil,nil,nil
$SENSOR_SECS,636.692,0.000,980.878,0.000,0.000,0.000,0.000,0.000,0.000,0.000
$SENSOR_MAMPS,22.470,0.000,11.230,0.000,0.000,0.000,0.000,0.000,0.000,0.000
$MEM,311964
$DATA_FILE_SIZE,55635,734
$CAP_FILE_SIZE,264203,0
$CFSIZE,2097872896,2003435520
$ERRORS,0,0,0,0,0,0,0,0,0,0,0,0,0,4,4,0
$CURRENT,0.093,86.89,1
$GPS,160905,133634,830.857,-14258.540,37,0.7,58,9.3,0.3,181.3,11,4.7
