version: 66.14
glider: 195
mission: 21
dive: 102
start: 4 28 105 17 36 29
data:
$ID,195
$MISSION,21
$DIVE,102
$N_DIVES,0
$STOP_T,0
$D_SURF,3
$D_FLARE,2
$D_TGT,990
$D_ABORT,1090
$D_NO_BLEED,50
$D_BOOST,3
$T_BOOST,0
$D_FINISH,0
$D_PITCH,0
$D_SAFE,0
$D_CALL,0
$SURFACE_URGENCY,0
$SURFACE_URGENCY_TRY,0
$SURFACE_URGENCY_FORCE,0
$T_DIVE,330
$T_MISSION,450
$T_ABORT,1440
$T_TURN,300
$T_TURN_SAMPINT,5
$T_NO_W,120
$T_LOITER,0
$T_SLOITER,60
$T_EPIRB,0
$USE_BATHY,0
$USE_ICE,0
$ICE_FREEZE_MARGIN,0.30000001
$D_OFFGRID,990
$T_WATCHDOG,10
$RELAUNCH,1
$APOGEE_PITCH,-8
$MAX_BUOY,150
$COURSE_BIAS,0
$GLIDE_SLOPE,30
$SPEED_FACTOR,1
$RHO,1.023
$MASS,54002
$MASS_COMP,0
$NAV_MODE,2
$FERRY_MAX,45
$KALMAN_USE,2
$HD_A,0.0038000001
$HD_B,0.0099999998
$HD_C,9.8500004e-06
$HEADING,-1
$ESCAPE_HEADING,0
$ESCAPE_HEADING_DELTA,10
$FIX_MISSING_TIMEOUT,0
$TGT_DEFAULT_LAT,4736
$TGT_DEFAULT_LON,-12225
$TGT_AUTO_DEFAULT,0
$SM_CC,250
$N_FILEKB,4
$FILEMGR,0
$CALL_NDIVES,1
$COMM_SEQ,0
$PROTOCOL,9
$N_NOCOMM,1
$NOCOMM_ACTION,0
$N_NOSURFACE,0
$UPLOAD_DIVES_MAX,-1
$CALL_TRIES,5
$CALL_WAIT,60
$CAPUPLOAD,0
$CAPMAXSIZE,200000
$HEAPDBG,0
$T_GPS,15
$N_GPS,50840
$T_RSLEEP,2
$STROBE,0
$RAFOS_PEAK_OFFSET,1.5
$RAFOS_CORR_THRESH,60
$RAFOS_HIT_WINDOW,3600
$RAFOS_MMODEM,0
$PITCH_MIN,207
$PITCH_MAX,3915
$C_PITCH,2900
$PITCH_DBAND,0.1
$PITCH_CNV,0.003125763
$P_OVSHOOT,0.039999999
$P_OVSHOOT_WITHG,0.079999998
$PITCH_GAIN,24
$PITCH_TIMEOUT,17
$PITCH_AD_RATE,160
$PITCH_MAXERRORS,1
$PITCH_ADJ_GAIN,0.02
$PITCH_ADJ_DBAND,2.5
$ROLL_MIN,224
$ROLL_MAX,3758
$ROLL_DEG,40
$C_ROLL_DIVE,2220
$C_ROLL_CLIMB,1770
$HEAD_ERRBAND,20
$ROLL_CNV,0.028270001
$ROLL_TIMEOUT,15
$R_PORT_OVSHOOT,48
$R_STBD_OVSHOOT,49
$ROLL_AD_RATE,350
$ROLL_MAXERRORS,2
$ROLL_ADJ_GAIN,0
$ROLL_ADJ_DBAND,0
$VBD_MIN,500
$VBD_MAX,3960
$C_VBD,2707
$VBD_DBAND,2
$VBD_CNV,-0.24529999
$VBD_LP_IGNORE,0
$VBD_TIMEOUT,720
$PITCH_VBD_SHIFT,0.001
$VBD_PUMP_AD_RATE_SURFACE,5
$VBD_PUMP_AD_RATE_APOGEE,4
$VBD_BLEED_AD_RATE,8
$UNCOM_BLEED,60
$VBD_MAXERRORS,1
$W_ADJ_DBAND,0
$DBDW,0
$PITCH_W_GAIN,0
$PITCH_W_DBAND,0
$CF8_MAXERRORS,5
$AH0_24V,150
$AH0_10V,97
$MINV_24V,19
$MINV_10V,8
$MAXI_24V,0.80000001
$MAXI_10V,0.60000002
$FG_AHR_10V,0
$FG_AHR_24V,0
$PHONE_SUPPLY,-2
$PRESSURE_YINT,-49.397121
$PRESSURE_SLOPE,0.0001168043
$AD7714Ch0Gain,128
$TCM_PITCH_OFFSET,0
$TCM_ROLL_OFFSET,0
$COMPASS_USE,4
$ALTIM_BOTTOM_PING_RANGE,0
$ALTIM_TOP_PING_RANGE,20
$ALTIM_BOTTOM_TURN_MARGIN,0
$ALTIM_TOP_TURN_MARGIN,0
$ALTIM_TOP_MIN_OBSTACLE,1
$ALTIM_PING_DEPTH,0
$ALTIM_PING_DELTA,0
$ALTIM_FREQUENCY,13
$ALTIM_PULSE,3
$ALTIM_SENSITIVITY,3
$XPDR_VALID,5
$XPDR_INHIBIT,90
$INT_PRESSURE_SLOPE,0.0097660003
$INT_PRESSURE_YINT,-0.77999997
$DEEPGLIDER,0
$MOTHERBOARD,4
$DEVICE1,2
$DEVICE2,115
$DEVICE3,101
$DEVICE4,-1
$DEVICE5,-1
$DEVICE6,-1
$LOGGERS,0
$LOGGERDEVICE1,-1
$LOGGERDEVICE2,-1
$LOGGERDEVICE3,-1
$LOGGERDEVICE4,-1
$COMPASS_DEVICE,33
$COMPASS2_DEVICE,-1
$PHONE_DEVICE,49
$GPS_DEVICE,32
$RAFOS_DEVICE,-1
$XPDR_DEVICE,24
$SIM_W,0
$SIM_PITCH,0
$SEABIRD_T_G,0.0044178674
$SEABIRD_T_H,0.00064818078
$SEABIRD_T_I,2.6779007e-05
$SEABIRD_T_J,3.3667231e-06
$SEABIRD_C_G,-10.098215
$SEABIRD_C_H,1.1454017
$SEABIRD_C_I,-0.0021276253
$SEABIRD_C_J,0.00025532115
$SEABIRD_C_Z,2974.52
$GPS1,280405,172838,147.0447,-13948.1611,43,0.9,61,9.4,1.2,249.6,9,4.6
$_CALLS,1
$_XMS_NAKs,0
$_XMS_TOUTs,0
$_SM_DEPTHo,0.28
$_SM_ANGLEo,-60.6
$GPS2,280405,173550,146.9942,-13948.5225,7,0.8,25,9.4,1.7,279.5,10,3.6
$SPEED_LIMITS,0.173,0.262
$TGT_NAME,ZZ1
$TGT_LATLONG,212.070,-14016.720
$TGT_RADIUS,200.000
$KALMAN_CONTROL,0.000000,0.000000
$KALMAN_X,0.000000,0.000000,0.000000,0.000000,0.000000
$KALMAN_Y,0.000000,0.000000,0.000000,0.000000,0.000000
$MHEAD_RNG_PITCHd_Wd,307.5,69855,-18.1,-10.000,-20.93,2235
$D_GRID,990
$GCHEAD,st_secs,pitch_ctl,vbd_ctl,pitch_ad_start,roll_ad_start,vbd_pot1_ad_start,vbd_pot2_ad_start,depth,ob_vertv,data_pts,end_secs,pitch_secs,roll_secs,vbd_secs,vbd_i,gcphase,pitch_i,roll_i,pitch_ad,roll_ad,vbd_ad,vbd_pot1_ad,vbd_pot2_ad,pitch_retries,pitch_errors,roll_retries,roll_errors,vbd_retries,vbd_errors,pitch_volts,roll_volts,vbd_volts,int_press,humidity
$STATE,7,end surface,CONTROL_FINISHED_OK
$STATE,7,begin dive
$GC,74,-0.90,-146.6,158,2217,1496,1196,0.4,-0.6,12,135,0.00,0.00,-58.90,0.000,16386,0.000,0.000,157,2218,2886,2899,2874,0,0,0,0,0,0,26.44,28.83,26.46,8.91,46.45
$GC,140,-0.90,-146.6,156,2217,2901,2874,2.1,-4.2,21,169,9.23,2.17,-9.65,0.000,18692,0.212,0.054,2595,3614,3308,3330,3287,0,0,0,0,0,0,25.76,24.65,25.93,9.06,46.49
$GC,488,-0.76,-146.6,2595,3613,3338,3287,69.4,-18.4,75,494,0.17,2.05,0.00,0.000,3078,0.140,0.021,2650,2185,3313,3338,3288,0,0,0,0,0,0,26.01,26.35,26.23,9.12,47.32
$GC,813,-0.76,-146.6,2649,2184,3341,3287,104.6,-6.9,104,817,0.00,2.17,0.00,0.000,260,0.000,0.041,2642,3615,3313,3340,3287,0,0,0,0,0,0,26.69,26.31,26.70,9.12,46.65
$GC,1126,-0.76,-146.6,2641,3615,3342,3288,121.6,-6.6,119,1130,0.00,1.95,0.00,0.000,1030,0.000,0.020,2642,2217,3315,3342,3288,0,0,0,0,0,0,26.51,26.47,26.53,9.08,46.02
$GC,1446,-0.76,-146.6,2641,2216,3345,3288,142.6,-5.6,135,1450,0.00,2.12,0.00,0.000,260,0.000,0.041,2632,3622,3316,3345,3287,0,0,0,0,0,0,26.74,26.36,26.75,9.05,46.25
$GC,1762,-0.76,-146.6,2631,3623,3345,3288,162.7,-6.1,150,1766,0.00,1.98,0.00,0.000,1030,0.000,0.020,2632,2215,3316,3345,3288,0,0,0,0,0,0,26.54,26.49,26.55,9.03,46.22
$GC,2080,-0.76,-146.6,2631,2215,3345,3288,185.1,-6.8,166,2082,0.00,0.00,0.00,0.000,6,0.000,0.000,2632,2215,3316,3345,3288,0,0,0,0,0,0,26.76,26.77,26.77,9.01,47.08
$GC,2381,-0.76,-146.6,2631,2215,3345,3288,206.0,-7.7,181,2386,0.00,2.17,0.00,0.000,260,0.000,0.042,2621,3618,3316,3345,3288,0,0,0,0,0,0,26.76,26.36,26.77,8.99,48.26
$GC,2692,-0.76,-146.6,2620,3617,3345,3288,233.9,-9.3,196,2698,0.10,1.98,0.00,0.000,3078,0.144,0.021,2653,2213,3316,3345,3288,0,0,0,0,0,0,26.24,26.49,26.37,8.97,48.03
$GC,3015,-0.84,-146.6,2653,2212,3345,3287,258.9,-7.5,212,3019,0.00,2.00,0.00,0.000,516,0.000,0.032,2653,850,3316,3345,3287,0,0,0,0,0,0,26.77,26.39,26.77,8.95,48.85
$GC,3121,-0.90,-146.6,2652,850,3344,3287,267.3,-7.8,217,3126,0.08,1.98,0.00,0.000,5126,0.094,0.028,2573,2217,3315,3344,3287,0,0,0,0,0,0,26.40,26.43,26.48,8.95,48.74
$GC,3446,-0.90,-146.6,2559,2217,3342,3287,299.8,-10.4,233,3451,0.15,2.03,0.00,0.000,2564,0.138,0.032,2607,847,3314,3342,3287,0,0,0,0,0,0,26.25,26.39,26.37,8.93,49.29
$GC,3557,-0.90,-146.6,2606,844,3342,3287,309.1,-9.7,237,3561,0.00,2.00,0.00,0.000,1030,0.000,0.028,2601,2221,3314,3342,3287,0,0,0,0,0,0,26.50,26.43,26.52,8.93,49.25
$GC,3876,-0.90,-146.6,2600,2221,3340,3286,340.4,-9.4,248,3880,0.00,2.12,0.00,0.000,260,0.000,0.043,2590,3618,3313,3341,3286,0,0,0,0,0,0,26.77,26.34,26.77,8.92,49.96
$GC,3994,-0.90,-146.6,2589,3618,3341,3284,350.0,-9.9,251,4001,0.00,1.98,0.00,0.000,1030,0.000,0.022,2590,2225,3312,3341,3284,0,0,0,0,0,0,26.53,26.48,26.55,8.90,50.43
$GC,4301,-0.90,-146.6,2589,2225,3340,3283,382.5,-9.6,262,4305,0.00,2.15,0.00,0.000,260,0.000,0.043,2580,3628,3312,3341,3284,0,0,0,0,0,0,26.77,26.34,26.77,8.89,50.35
$GC,4469,-0.90,-146.6,2579,3629,3340,3283,397.3,-9.6,267,4473,0.00,2.00,0.00,0.000,1030,0.000,0.022,2579,2223,3311,3339,3283,0,0,0,0,0,0,26.53,26.48,26.55,8.89,50.66
$GC,4787,-0.90,-146.6,2579,2223,3339,3281,426.8,-8.8,278,4792,0.10,2.05,0.00,0.000,2564,0.158,0.034,2608,844,3310,3339,3281,0,0,0,0,0,0,26.30,26.37,26.40,8.87,51.18
$GC,4860,-0.90,-146.6,2608,844,3339,3281,432.2,-8.5,280,4864,0.00,2.03,0.00,0.000,1030,0.000,0.030,2603,2226,3310,3339,3281,0,0,0,0,0,0,26.48,26.41,26.51,8.87,51.65
$GC,5184,-0.90,-146.6,2602,2226,3338,3279,459.7,-8.2,291,5188,0.00,2.15,0.00,0.000,260,0.000,0.044,2593,3625,3308,3338,3279,0,0,0,0,0,0,26.77,26.32,26.77,8.86,51.53
$GC,5408,-0.90,-146.6,2592,3625,3336,3278,479.0,-9.2,298,5412,0.00,2.03,0.00,0.000,1030,0.000,0.023,2593,2213,3307,3336,3278,0,0,0,0,0,0,26.52,26.46,26.53,8.85,51.53
$GC,5732,-0.90,-146.6,2592,2213,3335,3275,506.5,-7.9,309,5733,0.00,0.00,0.00,0.000,6,0.000,0.000,2593,2213,3305,3336,3275,0,0,0,0,0,0,26.77,26.78,26.77,8.84,52.12
$GC,6031,-0.90,-146.6,2592,2214,3333,3274,529.4,-7.4,319,6036,0.00,2.20,0.00,0.000,260,0.000,0.044,2582,3614,3303,3333,3274,0,0,0,0,0,0,26.77,26.32,26.77,8.83,52.99
$GC,6119,-0.90,-146.6,2582,3613,3332,3274,534.6,-7.7,321,6127,0.00,2.00,0.00,0.000,1030,0.000,0.024,2582,2215,3303,3333,3274,0,0,0,0,0,0,26.51,26.46,26.53,8.83,52.59
$GC,6426,-0.90,-146.6,2581,2215,3332,3273,561.7,-8.3,332,6428,0.00,0.00,0.00,0.000,6,0.000,0.000,2582,2214,3302,3332,3272,0,0,0,0,0,0,26.77,26.77,26.77,8.82,52.52
$GC,6727,-0.90,-146.6,2582,2215,3330,3271,588.4,-9.1,342,6731,0.00,2.17,0.00,0.000,260,0.000,0.044,2572,3621,3301,3330,3272,0,0,0,0,0,0,26.77,26.30,26.77,8.81,53.26
$GC,6793,-0.90,-146.6,2571,3621,3329,3271,594.7,-9.6,344,6800,0.12,2.03,0.00,0.000,3078,0.145,0.024,2610,2213,3300,3329,3271,0,0,0,0,0,0,26.13,26.45,26.29,8.80,53.74
$GC,7125,-0.90,-146.6,2609,2213,3329,3269,623.1,-8.4,355,7129,0.00,2.10,0.00,0.000,516,0.000,0.036,2609,838,3299,3329,3269,0,0,0,0,0,0,26.77,26.34,26.77,8.80,53.58
$GC,7227,-0.90,-146.6,2609,838,3329,3269,631.6,-9.0,358,7231,0.00,2.05,0.00,0.000,1030,0.000,0.032,2604,2226,3299,3329,3269,0,0,0,0,0,0,26.46,26.38,26.49,8.79,53.42
$GC,7553,-0.90,-146.6,2604,2226,3328,3267,660.1,-8.4,369,7557,0.00,2.17,0.00,0.000,260,0.000,0.047,2595,3629,3297,3328,3266,0,0,0,0,0,0,26.77,26.28,26.77,8.78,54.17
$GC,7640,-0.90,-146.6,2594,3629,3326,3266,666.3,-9.0,371,7648,0.00,2.03,0.00,0.000,1030,0.000,0.025,2595,2223,3296,3326,3266,0,0,0,0,0,0,26.50,26.44,26.52,8.78,54.05
$GC,7947,-0.90,-146.6,2594,2223,3326,3265,695.1,-8.5,382,7951,0.00,2.08,0.00,0.000,516,0.000,0.037,2594,843,3295,3326,3264,0,0,0,0,0,0,26.76,26.33,26.77,8.77,53.89
$GC,8012,-0.90,-146.6,2594,843,3326,3265,700.9,-8.9,384,8017,0.00,2.05,0.00,0.000,1030,0.000,0.032,2585,2225,3295,3326,3265,0,0,0,0,0,0,26.45,26.36,26.48,8.77,54.25
$GC,8346,-0.90,-146.6,2585,2225,3324,3263,732.2,-9.4,395,8350,0.00,2.20,0.00,0.000,260,0.000,0.047,2575,3621,3293,3324,3263,0,0,0,0,0,0,26.76,26.27,26.77,8.77,54.88
$GC,8563,-0.90,-146.6,2574,3621,3323,3263,753.6,-9.9,402,8570,0.10,2.03,0.00,0.000,3078,0.153,0.026,2605,2218,3292,3323,3262,0,0,0,0,0,0,26.15,26.43,26.28,8.76,54.17
$GC,8895,-0.90,-146.6,2604,2218,3323,3261,779.7,-7.6,413,8897,0.00,0.00,0.00,0.000,6,0.000,0.000,2605,2218,3292,3323,3261,0,0,0,0,0,0,26.76,26.78,26.77,8.75,54.60
$GC,9195,-0.90,-146.6,2604,2218,3323,3260,801.8,-7.3,423,9199,0.00,2.08,0.00,0.000,516,0.000,0.037,2605,841,3291,3323,3260,0,0,0,0,0,0,26.77,26.30,26.77,8.75,55.00
$GC,9241,-0.90,-146.6,2604,841,3323,3260,804.4,-7.4,424,9246,0.00,2.05,0.00,0.000,1030,0.000,0.033,2599,2219,3291,3323,3260,0,0,0,0,0,0,26.44,26.34,26.46,8.75,54.37
$GC,9561,-0.90,-146.6,2599,2219,3323,3258,829.2,-7.5,435,9567,0.00,2.20,0.00,0.000,260,0.000,0.047,2589,3631,3290,3322,3258,0,0,0,0,0,0,26.77,26.25,26.77,8.74,54.76
$GC,9636,-0.90,-146.6,2589,3631,3321,3259,834.0,-7.7,437,9641,0.00,2.08,0.00,0.000,1030,0.000,0.026,2589,2215,3290,3321,3259,0,0,0,0,0,0,26.48,26.41,26.50,8.74,55.43
$GC,9956,-0.90,-146.6,2588,2215,3321,3258,861.1,-8.4,448,9957,0.00,0.00,0.00,0.000,6,0.000,0.000,2589,2215,3289,3321,3258,0,0,0,0,0,0,26.76,26.77,26.77,8.73,55.31
$GC,10255,-0.90,-146.6,2589,2215,3319,3257,885.4,-8.1,458,10257,0.00,0.00,0.00,0.000,6,0.000,0.000,2589,2215,3288,3319,3258,0,0,0,0,0,0,26.77,26.77,26.77,8.73,55.51
$GC,10558,-0.90,-146.6,2588,2215,3319,3256,910.0,-8.3,468,10560,0.00,0.00,0.00,0.000,6,0.000,0.000,2589,2215,3287,3319,3256,0,0,0,0,0,0,26.77,26.77,26.77,8.73,56.18
$GC,10855,-0.90,-146.6,2589,2215,3317,3254,934.2,-8.0,478,10857,0.00,0.00,0.00,0.000,6,0.000,0.000,2589,2215,3286,3318,3255,0,0,0,0,0,0,26.77,26.77,26.77,8.72,55.86
$GC,11156,-0.90,-146.6,2588,2215,3317,3254,958.0,-8.1,488,11160,0.00,2.20,0.00,0.000,260,0.000,0.048,2579,3621,3285,3317,3254,0,0,0,0,0,0,26.77,26.21,26.77,8.71,55.98
$GC,11249,-0.90,-146.6,2578,3621,3317,3254,966.0,-8.3,491,11257,0.10,2.05,0.00,0.000,3078,0.155,0.027,2608,2219,3285,3315,3255,0,0,0,0,0,0,26.09,26.39,26.22,8.72,55.82
$STATE,11579,end dive,TARGET_DEPTH_EXCEEDED
$STATE,11579,begin apogee
$GC,11586,-0.33,0.0,2608,1779,3316,3253,990.3,-7.0,502,11718,0.52,0.00,128.32,1.396,10246,0.108,0.000,2789,1779,2706,2804,2609,0,0,0,0,0,0,25.97,24.86,24.08,8.71,56.41
$STATE,11720,end apogee,CONTROL_FINISHED_OK
$STATE,11720,begin climb
$GC,11723,0.90,146.6,2787,1779,2795,2609,993.1,0.0,506,11867,1.12,0.00,136.80,1.330,10758,0.073,0.000,3185,1779,2108,2207,2009,0,0,0,0,0,0,25.06,24.42,23.70,8.66,54.33
$GC,12152,0.83,146.6,3185,1779,2200,2005,934.8,15.7,521,12153,0.00,0.00,0.00,0.000,6,0.000,0.000,3185,1779,2102,2200,2005,0,0,0,0,0,0,26.23,26.25,26.24,8.61,55.43
$GC,12452,0.76,146.6,3184,1779,2199,2004,888.2,15.3,531,12457,0.12,2.22,0.00,0.000,4612,0.153,0.048,3157,379,2101,2199,2004,0,0,0,0,0,0,26.03,26.11,26.18,8.60,55.98
$GC,12554,0.76,146.6,3156,379,2198,2004,874.9,14.3,534,12558,0.00,2.10,0.00,0.000,1030,0.000,0.030,3157,1781,2101,2199,2004,0,0,0,0,0,0,26.32,26.25,26.34,8.60,56.02
$GC,12877,0.76,146.6,3156,1781,2198,2002,829.9,13.5,545,12879,0.00,0.00,0.00,0.000,6,0.000,0.000,3157,1781,2100,2198,2003,0,0,0,0,0,0,26.65,26.67,26.66,8.59,56.65
$GC,13177,0.76,146.6,3156,1781,2197,2002,789.8,13.3,555,13179,0.00,0.00,0.00,0.000,6,0.000,0.000,3157,1781,2099,2196,2002,0,0,0,0,0,0,26.70,26.71,26.71,8.59,57.00
$GC,13480,0.76,146.6,3156,1781,2195,2002,750.0,13.0,565,13484,0.00,2.20,0.00,0.000,516,0.000,0.049,3166,386,2098,2195,2002,0,0,0,0,0,0,26.72,26.28,26.74,8.59,56.49
$GC,13623,0.76,146.6,3165,386,2195,2002,733.0,13.5,569,13628,0.00,2.08,0.00,0.000,1030,0.000,0.031,3165,1775,2098,2195,2002,0,0,0,0,0,0,26.47,26.39,26.50,8.59,56.69
$GC,13937,0.76,146.6,3165,1775,2194,2001,688.6,13.5,580,13943,0.00,2.17,0.00,0.000,260,0.000,0.043,3166,3161,2097,2194,2001,0,0,0,0,0,0,26.74,26.33,26.75,8.59,56.77
$GC,13972,0.76,146.6,3165,3161,2194,2002,683.8,13.6,581,13976,0.00,2.08,0.00,0.000,1030,0.000,0.032,3166,1780,2097,2194,2001,0,0,0,0,0,0,26.46,26.38,26.50,8.59,56.45
$GC,14305,0.76,146.6,3165,1780,2194,2001,639.7,13.3,592,14309,0.00,2.22,0.00,0.000,516,0.000,0.050,3166,371,2097,2194,2001,0,0,0,0,0,0,26.74,26.27,26.76,8.59,56.65
$GC,14370,0.76,146.6,3165,371,2194,2001,631.4,13.2,594,14374,0.00,2.10,0.00,0.000,1030,0.000,0.031,3165,1777,2097,2194,2001,0,0,0,0,0,0,26.47,26.39,26.51,8.59,56.53
$GC,14703,0.76,146.6,3165,1778,2194,2001,589.1,12.4,605,14708,0.00,2.25,0.00,0.000,516,0.000,0.050,3166,361,2097,2194,2001,0,0,0,0,0,0,26.75,26.27,26.76,8.59,57.08
$GC,14755,0.76,146.6,3166,361,2194,2001,585.1,12.3,606,14759,0.00,2.10,0.00,0.000,1030,0.000,0.030,3166,1771,2097,2194,2001,0,0,0,0,0,0,26.47,26.39,26.50,8.58,57.28
$GC,15068,0.76,146.6,3165,1771,2193,2001,544.8,12.0,617,15073,0.00,2.15,0.00,0.000,260,0.000,0.043,3166,3166,2096,2193,2000,0,0,0,0,0,0,26.75,26.32,26.76,8.59,56.53
$GC,15135,0.76,146.6,3165,3166,2193,2001,536.2,12.8,619,15139,0.00,2.10,0.00,0.000,1030,0.000,0.032,3165,1765,2097,2194,2001,0,0,0,0,0,0,26.46,26.36,26.48,8.59,57.24
$GC,15463,0.76,146.6,3165,1764,2193,2000,494.0,12.8,630,15469,0.00,2.22,0.00,0.000,516,0.000,0.050,3166,349,2096,2193,2000,0,0,0,0,0,0,26.75,26.25,26.76,8.60,56.61
$GC,15515,0.76,146.6,3166,348,2193,2000,489.6,12.8,631,15520,0.00,2.12,0.00,0.000,1030,0.000,0.031,3166,1772,2097,2193,2001,0,0,0,0,0,0,26.46,26.39,26.49,8.60,56.73
$GC,15829,0.76,146.6,3165,1773,2193,2001,447.4,12.8,642,15833,0.00,2.15,0.00,0.000,260,0.000,0.042,3166,3162,2096,2193,2000,0,0,0,0,0,0,26.75,26.30,26.76,8.60,56.53
$GC,15894,0.76,146.6,3165,3162,2193,2001,438.7,13.2,644,15899,0.00,2.12,0.00,0.000,1030,0.000,0.032,3166,1767,2097,2193,2001,0,0,0,0,0,0,26.41,26.36,26.49,8.61,56.81
$GC,16223,0.76,146.6,3165,1765,2193,2000,396.9,12.4,655,16227,0.00,2.20,0.00,0.000,516,0.000,0.050,3166,373,2096,2193,2000,0,0,0,0,0,0,26.75,26.23,26.76,8.61,56.57
$GC,16310,0.76,146.6,3165,373,2193,2001,389.0,12.5,657,16317,0.00,2.08,0.00,0.000,1030,0.000,0.030,3166,1770,2097,2193,2001,0,0,0,0,0,0,26.46,26.38,26.48,8.61,56.30
$GC,16617,0.76,146.6,3165,1770,2193,2000,349.4,12.0,668,16621,0.00,2.15,0.00,0.000,260,0.000,0.042,3166,3166,2096,2193,2000,0,0,0,0,0,0,26.75,26.29,26.76,8.61,56.18
$GC,16699,0.76,146.6,3165,3166,2193,2000,341.0,12.6,670,16703,0.00,2.10,0.00,0.000,1030,0.000,0.031,3166,1761,2096,2193,2000,0,0,0,0,0,0,26.44,26.36,26.48,8.61,55.74
$GC,17013,0.76,146.6,3166,1761,2193,2000,299.0,12.6,681,17018,0.00,2.22,0.00,0.000,516,0.000,0.049,3166,372,2096,2193,2000,0,0,0,0,0,0,26.75,26.23,26.76,8.62,55.90
$GC,17159,0.76,146.6,3166,371,2193,2000,281.4,11.8,688,17163,0.00,2.08,0.00,0.000,1030,0.000,0.029,3166,1774,2096,2193,2000,0,0,0,0,0,0,26.45,26.37,26.48,8.63,55.94
$GC,17482,0.76,146.6,3166,1774,2193,2000,246.0,10.7,704,17484,0.00,0.00,0.00,0.000,6,0.000,0.000,3166,1774,2096,2193,2000,0,0,0,0,0,0,26.74,26.76,26.76,8.64,55.78
$GC,17783,0.76,146.6,3165,1774,2193,2000,213.8,11.0,719,17784,0.00,0.00,0.00,0.000,6,0.000,0.000,3166,1774,2096,2193,2000,0,0,0,0,0,0,26.75,26.77,26.76,8.66,55.78
$GC,18082,0.76,146.6,3166,1774,2193,2000,181.5,10.5,734,18083,0.00,0.00,0.00,0.000,6,0.000,0.000,3166,1774,2096,2193,2000,0,0,0,0,0,0,26.75,26.77,26.77,8.67,55.47
$GC,18383,0.76,146.6,3166,1775,2193,2000,151.0,10.1,749,18384,0.00,0.00,0.00,0.000,6,0.000,0.000,3167,1774,2096,2193,2000,0,0,0,0,0,0,26.75,26.77,26.76,8.68,55.35
$GC,18683,0.76,146.6,3166,1774,2193,2000,117.4,11.2,764,18684,0.00,0.00,0.00,0.000,6,0.000,0.000,3166,1774,2097,2194,2000,0,0,0,0,0,0,26.75,26.77,26.77,8.70,54.64
$GC,18983,0.90,285.7,3165,1774,2193,2000,95.2,3.6,783,19103,0.00,2.28,113.00,0.782,8452,0.000,0.039,3166,3167,1538,1701,1376,0,0,0,0,0,0,26.75,25.20,24.63,8.73,55.04
$GC,19151,1.07,354.7,3165,3168,1699,1374,86.9,6.8,799,19211,0.17,2.12,53.12,0.732,11270,0.054,0.028,3275,1768,1258,1433,1084,0,0,0,0,0,0,25.70,25.67,24.66,8.72,53.66
$GC,19514,1.07,354.7,3274,1768,1422,1083,35.9,12.3,844,19522,0.00,2.20,0.00,0.000,260,0.000,0.040,3275,3161,1252,1421,1084,0,0,0,0,0,0,26.37,26.03,26.39,8.80,54.88
$GC,19572,1.07,354.7,3274,3161,1420,1083,28.5,13.3,854,19581,0.10,2.10,0.00,0.000,5126,0.132,0.028,3250,1776,1251,1420,1083,0,0,0,0,0,0,25.90,26.13,25.98,8.81,54.41
$STATE,19795,end climb,SURFACE_DEPTH_REACHED
$STATE,19795,begin surface coast
$FINISH,-0.1,1.022862
$STATE,19817,end surface coast,CONTROL_FINISHED_OK
$STATE,19817,begin surface
$SM_CCo,19898,0.00,0.000,0,0,1250,357.16
$SM_GC,0.14,7.72,0.65,0.00,0.024,0.037,0.000,175,2225,1250,-8.34,-1.53,357.16,0,0,0,0,0,0,26.32,26.26,26.34
$IRIDIUM_FIX,144.21,-13944.04,121224,114005
$TT8_MAMPS,0.026215,0.381241
$HUMID,52.16
$INTERNAL_PRESSURE,8.83951
$TCM_TEMP,19.90
$XPDR_PINGS,0
$ALTIM_TOP_PING,19.9,19.9
$24V_AH,23.70,17.542
$10V_AH,10.23,16.868
$FG_AHR_24Vo,0.000
$FG_AHR_10Vo,0.000
$DEVICES,Pitch_motor,Roll_motor,VBD_pump_during_apogee,VBD_pump_during_surface,VBD_valve,Iridium_during_init,Iridium_during_connect,Iridium_during_xfer,Transponder_ping,GUMSTIX_24V,GPS,TT8,LPSleep,TT8_Active,TT8_Sampling,TT8_CF8,TT8_Kalman,Analog_circuits,GPS_charging,Compass,RAFOS,Transponder,Compass2
$DEVICE_SECS,19.925,136.050,431.250,0.000,0.000,0.000,0.000,298.925,0.250,0.000,26.068,3107.524,13387.861,500.468,2987.226,347.775,0.000,2102.652,0.000,2403.839,0.000,2.765,0.000
$DEVICE_MAMPS,211.905,54.315,1396.125,0.000,0.000,0.000,0.000,84.915,420.000,0.000,30.710,15.210,2.190,15.210,43.670,53.410,0.000,14.000,0.000,8.240,0.000,30.000,0.000
$SENSORS,SBE_CT,WL_blue_red_Chl,AA4330,nil,nil,nil,nil,nil,nil,nil
$SENSOR_SECS,781.588,558.994,1214.757,0.000,0.000,0.000,0.000,0.000,0.000,0.000
$SENSOR_MAMPS,22.470,105.000,11.230,0.000,0.000,0.000,0.000,0.000,0.000,0.000
$MEM,311464
$DATA_FILE_SIZE,65845,900
$CAP_FILE_SIZE,167654,0
$CFSIZE,2097872896,2080342016
$ERRORS,0,0,0,0,0,0,0,0,0,0,0,0,0,0,2,0
$CURRENT,0.076,174.10,1
$GPS,280405,230945,148.107,-13949.569,43,0.7,52,9.4,1.3,266.6,11,4.7
