version: 66.14
glider: 195
mission: 21
dive: 361
start: 7 9 105 6 50 12
data:
$ID,195
$MISSION,21
$DIVE,361
$N_DIVES,0
$STOP_T,0
$D_SURF,3
$D_FLARE,2
$D_TGT,990
$D_ABORT,1090
$D_NO_BLEED,50
$D_BOOST,3
$T_BOOST,0
$D_FINISH,0
$D_PITCH,0
$D_SAFE,0
$D_CALL,0
$SURFACE_URGENCY,0
$SURFACE_URGENCY_TRY,0
$SURFACE_URGENCY_FORCE,0
$T_DIVE,330
$T_MISSION,600
$T_ABORT,1440
$T_TURN,300
$T_TURN_SAMPINT,5
$T_NO_W,120
$T_LOITER,0
$T_SLOITER,60
$T_EPIRB,0
$USE_BATHY,0
$USE_ICE,0
$ICE_FREEZE_MARGIN,0.30000001
$D_OFFGRID,990
$T_WATCHDOG,10
$RELAUNCH,1
$APOGEE_PITCH,-8
$MAX_BUOY,150
$COURSE_BIAS,0
$GLIDE_SLOPE,30
$SPEED_FACTOR,1
$RHO,1.023
$MASS,54002
$MASS_COMP,0
$NAV_MODE,3
$FERRY_MAX,45
$KALMAN_USE,2
$HD_A,0.0038000001
$HD_B,0.0099999998
$HD_C,9.8500004e-06
$HEADING,270
$ESCAPE_HEADING,0
$ESCAPE_HEADING_DELTA,10
$FIX_MISSING_TIMEOUT,0
$TGT_DEFAULT_LAT,4736
$TGT_DEFAULT_LON,-12225
$TGT_AUTO_DEFAULT,0
$SM_CC,250
$N_FILEKB,4
$FILEMGR,0
$CALL_NDIVES,1
$COMM_SEQ,0
$PROTOCOL,9
$N_NOCOMM,1
$NOCOMM_ACTION,0
$N_NOSURFACE,0
$UPLOAD_DIVES_MAX,-1
$CALL_TRIES,5
$CALL_WAIT,60
$CAPUPLOAD,0
$CAPMAXSIZE,200000
$HEAPDBG,0
$T_GPS,15
$N_GPS,50840
$T_RSLEEP,2
$STROBE,0
$RAFOS_PEAK_OFFSET,1.5
$RAFOS_CORR_THRESH,60
$RAFOS_HIT_WINDOW,3600
$RAFOS_MMODEM,0
$PITCH_MIN,207
$PITCH_MAX,3915
$C_PITCH,2900
$PITCH_DBAND,0.1
$PITCH_CNV,0.003125763
$P_OVSHOOT,0.039999999
$P_OVSHOOT_WITHG,0.079999998
$PITCH_GAIN,24
$PITCH_TIMEOUT,17
$PITCH_AD_RATE,160
$PITCH_MAXERRORS,1
$PITCH_ADJ_GAIN,0.02
$PITCH_ADJ_DBAND,2.5
$ROLL_MIN,224
$ROLL_MAX,3758
$ROLL_DEG,40
$C_ROLL_DIVE,1955
$C_ROLL_CLIMB,1855
$HEAD_ERRBAND,10
$ROLL_CNV,0.028270001
$ROLL_TIMEOUT,15
$R_PORT_OVSHOOT,53
$R_STBD_OVSHOOT,53
$ROLL_AD_RATE,350
$ROLL_MAXERRORS,2
$ROLL_ADJ_GAIN,0
$ROLL_ADJ_DBAND,0
$VBD_MIN,500
$VBD_MAX,3960
$C_VBD,2806
$VBD_DBAND,2
$VBD_CNV,-0.24529999
$VBD_LP_IGNORE,0
$VBD_TIMEOUT,720
$PITCH_VBD_SHIFT,0.001
$VBD_PUMP_AD_RATE_SURFACE,5
$VBD_PUMP_AD_RATE_APOGEE,4
$VBD_BLEED_AD_RATE,8
$UNCOM_BLEED,60
$VBD_MAXERRORS,1
$W_ADJ_DBAND,0
$DBDW,0
$PITCH_W_GAIN,0
$PITCH_W_DBAND,0
$CF8_MAXERRORS,5
$AH0_24V,150
$AH0_10V,97
$MINV_24V,19
$MINV_10V,8
$MAXI_24V,0.80000001
$MAXI_10V,0.60000002
$FG_AHR_10V,0
$FG_AHR_24V,0
$PHONE_SUPPLY,-2
$PRESSURE_YINT,-49.397121
$PRESSURE_SLOPE,0.0001168043
$AD7714Ch0Gain,128
$TCM_PITCH_OFFSET,0
$TCM_ROLL_OFFSET,0
$COMPASS_USE,4
$ALTIM_BOTTOM_PING_RANGE,0
$ALTIM_TOP_PING_RANGE,20
$ALTIM_BOTTOM_TURN_MARGIN,0
$ALTIM_TOP_TURN_MARGIN,0
$ALTIM_TOP_MIN_OBSTACLE,1
$ALTIM_PING_DEPTH,0
$ALTIM_PING_DELTA,0
$ALTIM_FREQUENCY,13
$ALTIM_PULSE,3
$ALTIM_SENSITIVITY,3
$XPDR_VALID,5
$XPDR_INHIBIT,90
$INT_PRESSURE_SLOPE,0.0097660003
$INT_PRESSURE_YINT,-0.77999997
$DEEPGLIDER,0
$MOTHERBOARD,4
$DEVICE1,2
$DEVICE2,115
$DEVICE3,101
$DEVICE4,-1
$DEVICE5,-1
$DEVICE6,-1
$LOGGERS,0
$LOGGERDEVICE1,-1
$LOGGERDEVICE2,-1
$LOGGERDEVICE3,-1
$LOGGERDEVICE4,-1
$COMPASS_DEVICE,33
$COMPASS2_DEVICE,-1
$PHONE_DEVICE,49
$GPS_DEVICE,32
$RAFOS_DEVICE,-1
$XPDR_DEVICE,24
$SIM_W,0
$SIM_PITCH,0
$SEABIRD_T_G,0.0044178674
$SEABIRD_T_H,0.00064818078
$SEABIRD_T_I,2.6779007e-05
$SEABIRD_T_J,3.3667231e-06
$SEABIRD_C_G,-10.098215
$SEABIRD_C_H,1.1454017
$SEABIRD_C_I,-0.0021276253
$SEABIRD_C_J,0.00025532115
$SEABIRD_C_Z,2974.52
$GPS1,090705,064223,624.8405,-14045.0781,47,0.8,62,9.3,1.1,75.5,9,4.8
$_CALLS,1
$_XMS_NAKs,0
$_XMS_TOUTs,0
$_SM_DEPTHo,0.08
$_SM_ANGLEo,-57.6
$GPS2,090705,064934,624.8985,-14044.9727,7,1.0,25,9.3,1.0,74.9,8,4.9
$SPEED_LIMITS,0.173,0.262
$TGT_NAME,HEADING
$TGT_LATLONG,635.423,-14042.538
$TGT_RADIUS,1852.000
$KALMAN_CONTROL,0.000000,0.000000
$KALMAN_X,0.000000,0.000000,0.000000,0.000000,0.000000
$KALMAN_Y,0.000000,0.000000,0.000000,0.000000,0.000000
$MHEAD_RNG_PITCHd_Wd,3.6,20000,-18.1,-10.000,-20.93,2235
$D_GRID,990
$GCHEAD,st_secs,pitch_ctl,vbd_ctl,pitch_ad_start,roll_ad_start,vbd_pot1_ad_start,vbd_pot2_ad_start,depth,ob_vertv,data_pts,end_secs,pitch_secs,roll_secs,vbd_secs,vbd_i,gcphase,pitch_i,roll_i,pitch_ad,roll_ad,vbd_ad,vbd_pot1_ad,vbd_pot2_ad,pitch_retries,pitch_errors,roll_retries,roll_errors,vbd_retries,vbd_errors,pitch_volts,roll_volts,vbd_volts,int_press,humidity
$STATE,6,end surface,CONTROL_FINISHED_OK
$STATE,6,begin dive
$GC,74,-0.90,-146.6,162,1955,1048,858,0.2,-0.3,6,154,0.00,0.00,-77.25,0.000,16386,0.000,0.000,162,1955,3012,3022,3003,0,0,0,0,0,0,26.37,28.83,26.39,8.82,51.18
$GC,159,-0.90,-146.6,162,1955,3024,3003,3.2,-6.2,14,182,9.43,2.22,-7.68,0.000,18692,0.206,0.050,2589,3349,3407,3422,3392,0,0,0,0,0,0,25.01,23.94,25.21,9.03,51.73
$GC,223,-0.74,-146.6,2588,3348,3428,3392,17.9,-16.9,20,228,0.17,2.10,0.00,0.000,3078,0.131,0.021,2655,1934,3410,3428,3393,0,0,0,0,0,0,25.55,26.07,25.73,9.07,51.33
$GC,418,-0.74,-146.6,2654,1934,3431,3393,43.2,-12.6,39,422,0.00,2.05,0.00,0.000,516,0.000,0.034,2655,575,3412,3431,3393,0,0,0,0,0,0,26.52,25.99,26.53,9.09,52.04
$GC,483,-0.74,-146.6,2654,575,3431,3392,51.9,-13.3,45,487,0.00,2.03,0.00,0.000,1030,0.000,0.023,2648,1972,3411,3431,3392,0,0,0,0,0,0,26.22,26.15,26.25,9.10,51.49
$GC,686,-0.74,-146.6,2647,1972,3432,3392,78.2,-11.3,55,690,0.00,2.10,0.00,0.000,260,0.000,0.037,2637,3346,3412,3432,3392,0,0,0,0,0,0,26.58,26.06,26.59,9.11,51.81
$GC,803,-0.74,-146.6,2637,3346,3433,3393,89.6,-11.3,60,810,0.00,2.00,0.00,0.000,1030,0.000,0.019,2637,1943,3413,3433,3393,0,0,0,0,0,0,26.30,26.26,26.33,9.12,52.04
$GC,990,-0.74,-146.6,2637,1943,3435,3393,109.4,-9.0,70,994,0.00,2.12,0.00,0.000,260,0.000,0.036,2627,3341,3414,3436,3392,0,0,0,0,0,0,26.61,26.09,26.62,9.13,50.94
$GC,1001,-0.74,-146.6,2626,3341,3435,3393,109.4,-9.0,70,1006,0.10,1.98,0.00,0.000,3078,0.145,0.018,2659,1946,3414,3435,3393,0,0,0,0,0,0,25.96,26.28,26.07,9.12,51.45
$GC,1196,-0.82,-146.6,2659,1945,3440,3392,123.4,-6.4,80,1201,0.00,2.12,0.00,0.000,260,0.000,0.036,2651,3344,3416,3439,3393,0,0,0,0,0,0,26.62,26.10,26.63,9.11,50.82
$GC,1274,-0.89,-146.6,2650,3344,3440,3393,127.5,-6.3,83,1281,0.08,1.98,0.00,0.000,5126,0.091,0.018,2564,1946,3416,3440,3393,0,0,0,0,0,0,26.20,26.29,26.27,9.11,50.90
$GC,1461,-0.89,-146.6,2563,1946,3442,3393,140.6,-6.5,93,1468,0.15,2.05,0.00,0.000,2564,0.132,0.032,2610,576,3417,3442,3392,0,0,0,0,0,0,26.03,26.11,26.13,9.09,50.66
$GC,1607,-0.89,-146.6,2609,576,3443,3393,148.9,-5.7,100,1612,0.00,2.00,0.00,0.000,1030,0.000,0.023,2604,1964,3418,3443,3393,0,0,0,0,0,0,26.32,26.26,26.34,9.07,50.00
$GC,1806,-0.89,-146.6,2603,1964,3444,3393,161.1,-6.5,110,1808,0.00,0.00,0.00,0.000,6,0.000,0.000,2603,1964,3418,3444,3393,0,0,0,0,0,0,26.63,26.65,26.64,9.04,50.31
$GC,1986,-0.89,-146.6,2603,1964,3444,3393,172.7,-6.3,119,1991,0.00,2.12,0.00,0.000,516,0.000,0.032,2604,580,3418,3444,3393,0,0,0,0,0,0,26.64,26.13,26.65,9.03,50.98
$GC,2098,-0.89,-146.6,2603,580,3444,3393,178.9,-6.2,124,2103,0.00,1.98,0.00,0.000,1030,0.000,0.023,2595,1952,3418,3444,3393,0,0,0,0,0,0,26.32,26.26,26.34,9.03,50.94
$GC,2292,-0.89,-146.6,2594,1952,3444,3393,191.6,-6.5,134,2297,0.00,2.10,0.00,0.000,260,0.000,0.036,2585,3341,3418,3444,3393,0,0,0,0,0,0,26.64,26.11,26.65,9.01,51.45
$GC,2439,-0.89,-146.6,2584,3341,3444,3393,200.2,-7.1,140,2444,0.00,1.98,0.00,0.000,1030,0.000,0.019,2585,1949,3418,3444,3393,0,0,0,0,0,0,26.35,26.31,26.37,8.99,51.26
$GC,2664,-0.89,-146.6,2584,1949,3444,3392,217.7,-7.2,146,2669,0.00,2.10,0.00,0.000,516,0.000,0.033,2585,582,3418,3444,3392,0,0,0,0,0,0,26.65,26.11,26.65,8.98,52.75
$GC,2777,-0.89,-146.6,2584,581,3444,3393,223.7,-7.1,148,2788,0.12,2.00,0.00,0.000,3078,0.136,0.023,2614,1962,3418,3444,3393,0,0,0,0,0,0,25.93,26.26,26.05,8.97,52.16
$GC,2991,-0.96,-146.6,2613,1962,3444,3393,239.0,-6.2,154,2995,0.00,2.10,0.00,0.000,260,0.000,0.037,2607,3340,3418,3444,3392,0,0,0,0,0,0,26.64,26.10,26.65,8.96,52.36
$GC,3120,-1.02,-146.6,2606,3341,3444,3392,246.9,-6.3,157,3125,0.05,2.03,0.00,0.000,5126,0.075,0.020,2528,1953,3418,3444,3392,0,0,0,0,0,0,26.16,26.29,26.21,8.95,52.79
$GC,3319,-1.02,-146.6,2528,1953,3444,3392,262.1,-7.6,162,3326,0.12,2.12,0.00,0.000,2308,0.143,0.037,2558,3338,3418,3444,3392,0,0,0,0,0,0,26.09,26.10,26.17,8.94,54.17
$GC,3374,-1.02,-146.6,2558,3338,3444,3392,265.0,-7.5,163,3379,0.00,2.00,0.00,0.000,1030,0.000,0.020,2558,1966,3418,3444,3392,0,0,0,0,0,0,26.32,26.30,26.34,8.94,53.26
$GC,3563,-1.02,-146.6,2558,1966,3444,3392,279.2,-7.0,168,3567,0.00,2.10,0.00,0.000,516,0.000,0.034,2558,575,3418,3444,3392,0,0,0,0,0,0,26.65,26.09,26.65,8.93,53.85
$GC,3627,-1.02,-146.6,2557,575,3444,3392,282.5,-7.1,169,3630,0.00,2.00,0.00,0.000,1030,0.000,0.023,2549,1958,3418,3444,3392,0,0,0,0,0,0,26.32,26.25,26.34,8.92,54.29
$GC,3850,-1.02,-146.6,2549,1958,3442,3392,299.9,-7.1,175,3854,0.00,2.15,0.00,0.000,260,0.000,0.037,2539,3338,3417,3443,3392,0,0,0,0,0,0,26.64,26.08,26.65,8.91,54.60
$GC,3936,-1.02,-146.6,2538,3338,3441,3392,305.9,-7.1,177,3942,0.10,2.00,0.00,0.000,3078,0.151,0.021,2570,1946,3416,3441,3392,0,0,0,0,0,0,25.96,26.28,26.07,8.91,54.68
$GC,4137,-1.02,-146.6,2569,1946,3441,3392,319.7,-6.9,182,4141,0.00,2.08,0.00,0.000,516,0.000,0.034,2570,581,3416,3441,3392,0,0,0,0,0,0,26.65,26.08,26.65,8.90,55.04
$GC,4253,-1.02,-146.6,2569,581,3441,3392,326.2,-7.4,184,4261,0.00,2.00,0.00,0.000,1030,0.000,0.024,2563,1958,3416,3440,3392,0,0,0,0,0,0,26.31,26.24,26.33,8.90,54.88
$GC,4460,-1.02,-146.6,2562,1958,3439,3389,344.8,-7.8,190,4465,0.00,2.12,0.00,0.000,260,0.000,0.037,2553,3344,3414,3440,3389,0,0,0,0,0,0,26.65,26.08,26.65,8.89,55.86
$GC,4570,-1.02,-146.6,2552,3344,3439,3388,351.8,-8.0,192,4574,0.00,2.00,0.00,0.000,1030,0.000,0.021,2553,1951,3413,3439,3387,0,0,0,0,0,0,26.34,26.28,26.35,8.89,55.67
$GC,4789,-1.02,-146.6,2552,1951,3439,3386,371.1,-7.9,198,4793,0.00,2.12,0.00,0.000,516,0.000,0.035,2553,574,3412,3439,3386,0,0,0,0,0,0,26.65,26.08,26.65,8.88,56.10
$GC,4916,-1.02,-146.6,2552,574,3438,3386,381.4,-8.1,201,4920,0.00,2.03,0.00,0.000,1030,0.000,0.024,2544,1960,3412,3438,3386,0,0,0,0,0,0,26.29,26.23,26.32,8.87,55.90
$GC,5121,-1.02,-146.6,2543,1961,3436,3385,398.2,-8.2,206,5125,0.00,2.12,0.00,0.000,260,0.000,0.038,2534,3345,3410,3436,3385,0,0,0,0,0,0,26.65,26.08,26.65,8.87,56.26
$GC,5218,-1.02,-146.6,2533,3344,3435,3384,405.4,-8.3,208,5224,0.12,2.00,0.00,0.000,3078,0.142,0.021,2573,1952,3410,3435,3385,0,0,0,0,0,0,25.89,26.27,26.01,8.88,55.51
$GC,5409,-1.02,-146.6,2572,1952,3435,3384,421.0,-7.5,213,5413,0.00,2.10,0.00,0.000,516,0.000,0.035,2573,575,3409,3435,3384,0,0,0,0,0,0,26.65,26.06,26.65,8.86,55.86
$GC,5537,-1.02,-146.6,2572,575,3434,3384,430.7,-7.7,216,5541,0.00,2.03,0.00,0.000,1030,0.000,0.024,2566,1956,3409,3434,3384,0,0,0,0,0,0,26.29,26.22,26.32,8.86,56.34
$GC,5742,-1.02,-146.6,2566,1956,3433,3382,446.2,-7.4,221,5746,0.00,2.15,0.00,0.000,260,0.000,0.039,2556,3352,3407,3433,3381,0,0,0,0,0,0,26.65,26.06,26.65,8.86,57.20
$GC,5808,-1.02,-146.6,2556,3352,3432,3382,449.6,-7.4,222,5813,0.00,2.03,0.00,0.000,1030,0.000,0.021,2556,1960,3407,3433,3382,0,0,0,0,0,0,26.32,26.27,26.34,8.85,56.53
$GC,6027,-1.02,-146.6,2556,1959,3432,3381,467.7,-7.5,228,6031,0.00,2.12,0.00,0.000,516,0.000,0.036,2556,565,3406,3432,3381,0,0,0,0,0,0,26.65,26.05,26.65,8.85,56.77
$GC,6194,-1.02,-146.6,2556,565,3431,3381,481.1,-8.2,232,6198,0.00,2.05,0.00,0.000,1030,0.000,0.024,2547,1964,3406,3432,3381,0,0,0,0,0,0,26.28,26.22,26.31,8.84,56.53
$GC,6392,-1.02,-146.6,2546,1964,3431,3380,497.3,-8.1,237,6397,0.00,2.15,0.00,0.000,260,0.000,0.039,2537,3337,3405,3431,3380,0,0,0,0,0,0,26.65,26.06,26.65,8.84,57.20
$GC,6499,-1.02,-146.6,2537,3337,3431,3378,504.5,-8.3,239,6507,0.10,2.03,0.00,0.000,3078,0.150,0.022,2568,1942,3404,3430,3379,0,0,0,0,0,0,25.92,26.25,26.03,8.84,56.81
$GC,6716,-1.02,-146.6,2567,1942,3430,3378,522.8,-7.6,245,6721,0.00,2.12,0.00,0.000,516,0.000,0.036,2568,574,3404,3431,3378,0,0,0,0,0,0,26.65,26.04,26.65,8.83,57.08
$GC,6842,-1.02,-146.6,2567,574,3430,3378,533.0,-8.1,248,6846,0.00,2.03,0.00,0.000,1030,0.000,0.025,2561,1955,3404,3430,3378,0,0,0,0,0,0,26.28,26.21,26.30,8.83,56.77
$GC,7046,-1.02,-146.6,2561,1954,3429,3377,548.9,-7.7,253,7050,0.00,2.15,0.00,0.000,260,0.000,0.039,2551,3349,3403,3429,3377,0,0,0,0,0,0,26.65,26.04,26.65,8.83,57.83
$GC,7238,-1.02,-146.6,2550,3349,3428,3376,561.6,-7.7,257,7242,0.00,2.03,0.00,0.000,1030,0.000,0.022,2551,1959,3402,3428,3376,0,0,0,0,0,0,26.31,26.25,26.33,8.82,57.91
$GC,7452,-1.02,-146.6,2550,1958,3427,3375,579.6,-7.4,263,7457,0.00,2.12,0.00,0.000,516,0.000,0.036,2551,573,3401,3427,3376,0,0,0,0,0,0,26.65,26.03,26.65,8.82,57.28
$GC,7578,-1.02,-146.6,2550,572,3426,3375,589.2,-7.7,266,7584,0.00,2.08,0.00,0.000,1030,0.000,0.026,2542,1953,3400,3426,3375,0,0,0,0,0,0,26.23,26.20,26.25,8.82,57.04
$GC,7783,-1.02,-146.6,2541,1953,3426,3375,605.2,-7.7,271,7789,0.00,2.20,0.00,0.000,260,0.000,0.040,2532,3350,3399,3425,3374,0,0,0,0,0,0,26.65,26.03,26.65,8.81,57.52
$GC,7896,-1.02,-146.6,2531,3350,3425,3373,612.0,-8.0,273,7906,0.12,2.05,0.00,0.000,3078,0.142,0.022,2570,1948,3399,3425,3373,0,0,0,0,0,0,25.85,26.23,25.98,8.81,57.40
$GC,8111,-1.02,-146.6,2569,1948,3425,3373,629.8,-7.4,279,8115,0.00,2.12,0.00,0.000,516,0.000,0.037,2570,571,3398,3424,3373,0,0,0,0,0,0,26.65,26.01,26.65,8.80,58.07
$GC,8251,-1.02,-146.6,2569,571,3424,3372,639.8,-7.7,282,8255,0.00,2.05,0.00,0.000,1030,0.000,0.025,2563,1962,3398,3424,3373,0,0,0,0,0,0,26.26,26.19,26.29,8.81,58.03
$GC,8440,-1.02,-146.6,2562,1962,3423,3371,655.3,-7.6,287,8445,0.00,2.17,0.00,0.000,516,0.000,0.037,2564,577,3397,3423,3372,0,0,0,0,0,0,26.65,26.01,26.65,8.80,58.42
$GC,8493,-1.02,-146.6,2563,576,3423,3372,658.8,-7.6,288,8497,0.00,2.05,0.00,0.000,1030,0.000,0.026,2555,1961,3397,3423,3372,0,0,0,0,0,0,26.25,26.18,26.28,8.80,57.95
$GC,8687,-1.02,-146.6,2554,1960,3422,3370,674.4,-7.6,293,8689,0.00,0.00,0.00,0.000,6,0.000,0.000,2554,1961,3396,3422,3370,0,0,0,0,0,0,26.65,26.65,26.65,8.79,57.91
$GC,8889,-1.02,-146.6,2554,1961,3422,3369,689.2,-7.4,298,8893,0.00,2.12,0.00,0.000,516,0.000,0.037,2555,578,3395,3422,3369,0,0,0,0,0,0,26.65,26.00,26.65,8.79,58.74
$GC,9042,-1.02,-146.6,2554,578,3421,3369,699.2,-7.9,301,9047,0.00,2.03,0.00,0.000,1030,0.000,0.026,2545,1952,3395,3421,3369,0,0,0,0,0,0,26.25,26.17,26.27,8.78,58.07
$GC,9258,-1.02,-146.6,2545,1953,3421,3367,718.2,-7.8,307,9262,0.00,2.17,0.00,0.000,260,0.000,0.040,2535,3348,3394,3421,3367,0,0,0,0,0,0,26.65,26.00,26.65,8.78,58.30
$GC,9370,-1.02,-146.6,2534,3347,3421,3367,724.9,-7.7,309,9380,0.10,2.03,0.00,0.000,3078,0.150,0.023,2565,1958,3394,3421,3367,0,0,0,0,0,0,25.89,26.22,26.00,8.78,58.42
$GC,9584,-1.02,-146.6,2564,1958,3421,3367,742.5,-7.3,315,9589,0.00,2.12,0.00,0.000,516,0.000,0.037,2565,577,3393,3420,3367,0,0,0,0,0,0,26.65,25.98,26.65,8.77,58.74
$GC,9729,-1.02,-146.6,2564,577,3420,3367,752.3,-7.5,318,9733,0.00,2.05,0.00,0.000,1030,0.000,0.026,2558,1959,3393,3420,3367,0,0,0,0,0,0,26.24,26.16,26.26,8.77,57.91
$GC,9955,-1.02,-146.6,2557,1959,3420,3365,770.7,-7.6,324,9959,0.00,2.15,0.00,0.000,260,0.000,0.041,2548,3345,3392,3420,3365,0,0,0,0,0,0,26.65,25.98,26.65,8.77,59.41
$GC,10112,-1.02,-146.6,2548,3346,3419,3364,780.7,-7.8,327,10120,0.00,2.03,0.00,0.000,1030,0.000,0.024,2548,1958,3391,3419,3364,0,0,0,0,0,0,26.27,26.20,26.29,8.76,58.86
$GC,10322,-1.02,-146.6,2547,1958,3419,3364,800.2,-8.3,333,10326,0.00,2.15,0.00,0.000,516,0.000,0.038,2548,568,3392,3419,3365,0,0,0,0,0,0,26.65,25.96,26.65,8.76,59.01
$GC,10479,-1.02,-146.6,2547,568,3418,3365,811.1,-8.7,336,10486,0.10,2.05,0.00,0.000,3078,0.156,0.028,2569,1957,3391,3418,3364,0,0,0,0,0,0,25.83,26.15,25.94,8.76,58.89
$GC,10687,-1.08,-146.6,2569,1957,3418,3364,830.3,-7.8,342,10691,0.00,2.17,0.00,0.000,260,0.000,0.041,2562,3352,3391,3418,3364,0,0,0,0,0,0,26.64,25.96,26.65,8.76,58.46
$GC,10714,-1.13,-146.6,2561,3352,3418,3363,830.3,-7.8,342,10719,0.00,2.10,0.00,0.000,1030,0.000,0.024,2561,1954,3390,3418,3363,0,0,0,0,0,0,26.22,26.20,26.25,8.76,59.05
$GC,10934,-1.13,-146.6,2560,1954,3418,3362,849.6,-7.7,348,10939,0.00,2.15,0.00,0.000,516,0.000,0.038,2561,568,3390,3418,3363,0,0,0,0,0,0,26.64,25.94,26.65,8.75,59.09
$GC,11098,-1.13,-146.6,2561,567,3417,3362,862.8,-8.0,352,11103,0.00,2.08,0.00,0.000,1030,0.000,0.027,2553,1959,3390,3417,3363,0,0,0,0,0,0,26.21,26.13,26.24,8.75,59.05
$GC,11303,-1.13,-146.6,2552,1959,3416,3361,877.8,-7.4,357,11308,0.00,2.17,0.00,0.000,260,0.000,0.041,2543,3349,3388,3416,3361,0,0,0,0,0,0,26.65,25.94,26.65,8.75,59.05
$GC,11331,-1.13,-146.6,2542,3349,3417,3361,877.8,-7.4,357,11335,0.00,2.10,0.00,0.000,1030,0.000,0.024,2542,1953,3388,3416,3361,0,0,0,0,0,0,26.22,26.18,26.24,8.74,59.05
$GC,11550,-1.13,-146.6,2542,1953,3416,3361,895.5,-7.2,363,11554,0.00,2.15,0.00,0.000,516,0.000,0.038,2542,565,3388,3416,3361,0,0,0,0,0,0,26.64,25.92,26.65,8.75,58.93
$GC,11690,-1.13,-146.6,2542,565,3416,3361,904.8,-7.4,366,11694,0.00,2.08,0.00,0.000,1030,0.000,0.028,2533,1961,3388,3415,3361,0,0,0,0,0,0,26.20,26.13,26.23,8.74,58.97
$GC,11879,-1.13,-146.6,2532,1961,3415,3360,919.5,-7.1,371,11883,0.00,2.17,0.00,0.000,260,0.000,0.041,2523,3349,3387,3415,3360,0,0,0,0,0,0,26.64,25.94,26.65,8.74,59.52
$GC,11976,-1.13,-146.6,2522,3349,3415,3359,925.7,-7.3,373,11981,0.00,2.05,0.00,0.000,1030,0.000,0.024,2523,1952,3387,3415,3359,0,0,0,0,0,0,26.24,26.17,26.27,8.74,59.52
$GC,12166,-1.13,-146.6,2522,1951,3415,3359,940.2,-7.2,378,12170,0.00,2.15,0.00,0.000,516,0.000,0.038,2523,567,3387,3415,3359,0,0,0,0,0,0,26.64,25.91,26.65,8.73,59.64
$GC,12269,-1.13,-146.6,2522,567,3415,3359,946.2,-7.2,380,12273,0.00,2.08,0.00,0.000,1030,0.000,0.028,2514,1958,3387,3415,3359,0,0,0,0,0,0,26.19,26.11,26.22,8.74,59.33
$GC,12494,-1.13,-146.6,2513,1958,3413,3358,964.2,-7.4,386,12498,0.00,2.17,0.00,0.000,260,0.000,0.041,2503,3347,3386,3414,3358,0,0,0,0,0,0,26.64,25.92,26.65,8.73,60.35
$GC,12606,-1.13,-146.6,2503,3347,3414,3358,970.7,-7.5,388,12611,0.10,2.05,0.00,0.000,3078,0.161,0.024,2532,1956,3385,3413,3358,0,0,0,0,0,0,25.79,26.16,25.90,8.73,60.27
$GC,12821,-1.13,-146.6,2532,1956,3414,3358,988.4,-7.2,394,12825,0.00,2.15,0.00,0.000,516,0.000,0.039,2532,574,3385,3414,3357,0,0,0,0,0,0,26.64,25.89,26.65,8.73,59.72
$STATE,12861,end dive,TARGET_DEPTH_EXCEEDED
$STATE,12861,begin apogee
$GC,12871,-0.33,0.0,2526,1854,3413,3357,991.6,-7.3,395,13011,0.80,0.00,136.82,1.353,10246,0.110,0.000,2787,1854,2805,2902,2709,0,0,0,0,0,0,25.34,24.23,22.97,8.73,59.60
$STATE,13012,end apogee,CONTROL_FINISHED_OK
$STATE,13013,begin climb
$GC,13016,0.90,146.6,2787,1854,2899,2708,995.5,0.0,398,13169,1.12,2.33,141.90,1.297,10500,0.062,0.038,3186,3254,2206,2292,2120,0,0,0,0,0,0,24.70,24.08,22.84,8.67,58.58
$GC,13249,0.75,172.9,3185,3254,2288,2120,979.1,8.8,404,13284,0.17,2.12,26.70,1.233,13318,0.136,0.027,3142,1864,2098,2190,2007,0,0,0,0,0,0,25.26,25.53,23.52,8.63,57.56
$GC,13507,0.86,207.7,3142,1864,2188,2006,954.8,8.4,411,13547,0.00,2.33,34.10,1.266,8708,0.000,0.044,3150,463,1955,2069,1842,0,0,0,0,0,0,26.30,24.92,23.67,8.61,58.62
$GC,13575,0.89,242.5,3150,463,2069,1842,951.5,8.4,412,13618,0.05,2.15,35.00,1.250,11270,0.129,0.025,3213,1865,1814,1946,1682,0,0,0,0,0,0,25.48,25.55,23.53,8.60,58.46
$GC,13827,0.89,242.5,3213,1865,1945,1678,921.9,10.7,419,13834,0.00,2.22,0.00,0.000,516,0.000,0.044,3223,463,1812,1945,1679,0,0,0,0,0,0,26.28,25.84,26.29,8.59,58.97
$GC,13886,0.89,242.5,3223,462,1945,1678,917.4,10.8,420,13891,0.12,2.10,0.00,0.000,5126,0.135,0.026,3183,1855,1811,1945,1678,0,0,0,0,0,0,25.76,26.01,25.91,8.59,58.66
$GC,14106,0.94,243.3,3183,1855,1944,1677,893.4,10.0,426,14110,0.00,2.15,0.00,0.000,260,0.000,0.040,3183,3250,1811,1944,1678,0,0,0,0,0,0,26.48,26.04,26.48,8.58,59.64
$GC,14217,0.94,243.3,3183,3250,1943,1676,884.2,10.5,428,14222,0.00,2.12,0.00,0.000,1030,0.000,0.028,3190,1858,1809,1943,1676,0,0,0,0,0,0,26.20,26.15,26.22,8.58,59.49
$GC,14431,0.94,243.3,3189,1858,1943,1676,858.1,10.7,434,14435,0.00,2.20,0.00,0.000,516,0.000,0.044,3199,457,1809,1943,1676,0,0,0,0,0,0,26.57,26.05,26.58,8.57,60.27
$GC,14556,0.94,243.3,3199,457,1943,1676,844.2,11.1,437,14560,0.00,2.10,0.00,0.000,1030,0.000,0.026,3199,1860,1809,1943,1676,0,0,0,0,0,0,26.29,26.21,26.31,8.58,59.64
$GC,14761,0.94,243.3,3199,1860,1943,1676,821.3,11.2,442,14762,0.00,0.00,0.00,0.000,6,0.000,0.000,3199,1860,1809,1943,1676,0,0,0,0,0,0,26.60,26.62,26.61,8.57,60.78
$GC,14959,0.94,243.3,3199,1860,1942,1676,799.2,11.1,447,14964,0.00,2.15,0.00,0.000,260,0.000,0.041,3199,3252,1809,1943,1676,0,0,0,0,0,0,26.62,26.10,26.63,8.56,61.10
$GC,14981,0.94,243.3,3199,3252,1943,1676,799.2,11.1,447,14986,0.00,2.10,0.00,0.000,1030,0.000,0.027,3206,1847,1809,1942,1676,0,0,0,0,0,0,26.29,26.21,26.32,8.56,61.22
$GC,15206,0.94,243.3,3206,1847,1942,1676,771.4,11.1,453,15210,0.00,2.20,0.00,0.000,260,0.000,0.040,3206,3251,1809,1942,1676,0,0,0,0,0,0,26.63,26.10,26.63,8.56,61.38
$GC,15242,0.94,243.3,3206,3252,1942,1675,771.4,11.1,453,15250,0.00,2.08,0.00,0.000,1030,0.000,0.027,3210,1852,1809,1942,1676,0,0,0,0,0,0,26.28,26.20,26.31,8.56,60.43
$GC,15451,0.94,243.3,3209,1852,1942,1675,744.1,11.1,459,15455,0.00,2.17,0.00,0.000,260,0.000,0.040,3209,3255,1809,1942,1676,0,0,0,0,0,0,26.63,26.09,26.63,8.56,60.63
$GC,15508,0.94,243.3,3209,3255,1942,1676,739.1,11.1,460,15512,0.00,2.10,0.00,0.000,1030,0.000,0.027,3218,1849,1808,1942,1675,0,0,0,0,0,0,26.28,26.20,26.31,8.56,60.98
$GC,15696,0.94,243.3,3217,1849,1942,1676,716.8,10.9,465,15700,0.00,2.20,0.00,0.000,516,0.000,0.045,3218,454,1809,1942,1676,0,0,0,0,0,0,26.63,26.01,26.63,8.56,61.10
$GC,15747,0.94,243.3,3217,452,1941,1676,712.2,10.9,466,15752,0.00,2.10,0.00,0.000,1030,0.000,0.026,3218,1862,1809,1942,1676,0,0,0,0,0,0,26.29,26.21,26.31,8.56,61.10
$GC,15941,0.94,243.3,3217,1861,1942,1675,690.6,10.6,471,15945,0.00,2.15,0.00,0.000,260,0.000,0.040,3218,3252,1809,1942,1676,0,0,0,0,0,0,26.63,26.07,26.64,8.56,60.47
$GC,16027,0.94,243.3,3217,3252,1941,1676,681.2,10.9,473,16031,0.00,2.10,0.00,0.000,1030,0.000,0.028,3221,1848,1808,1941,1676,0,0,0,0,0,0,26.27,26.18,26.29,8.55,60.98
$GC,16227,0.94,243.3,3221,1847,1941,1676,659.8,10.7,478,16231,0.00,2.17,0.00,0.000,516,0.000,0.044,3223,464,1808,1941,1676,0,0,0,0,0,0,26.63,25.98,26.64,8.56,60.98
$GC,16288,0.94,243.3,3222,463,1941,1676,654.8,10.7,479,16292,0.00,2.08,0.00,0.000,1030,0.000,0.026,3223,1854,1808,1941,1676,0,0,0,0,0,0,26.27,26.20,26.29,8.56,61.10
$GC,16511,0.94,243.3,3222,1854,1940,1676,629.2,10.6,485,16515,0.00,2.17,0.00,0.000,260,0.000,0.041,3223,3257,1808,1941,1675,0,0,0,0,0,0,26.63,26.04,26.64,8.55,60.98
$GC,16603,0.94,243.3,3222,3257,1941,1675,619.8,11.0,487,16607,0.00,2.10,0.00,0.000,1030,0.000,0.028,3223,1858,1808,1941,1676,0,0,0,0,0,0,26.25,26.17,26.28,8.55,60.98
$GC,16796,0.94,243.3,3222,1858,1941,1676,598.3,10.6,492,16800,0.00,2.20,0.00,0.000,516,0.000,0.044,3223,461,1808,1940,1676,0,0,0,0,0,0,26.63,25.96,26.64,8.56,60.67
$GC,16881,0.94,243.3,3222,460,1941,1675,589.2,10.8,494,16885,0.00,2.10,0.00,0.000,1030,0.000,0.027,3223,1861,1807,1940,1675,0,0,0,0,0,0,26.25,26.18,26.28,8.55,61.34
$GC,17085,0.94,243.3,3223,1861,1940,1676,567.5,10.6,499,17090,0.00,2.15,0.00,0.000,260,0.000,0.040,3223,3250,1807,1940,1675,0,0,0,0,0,0,26.63,26.03,26.64,8.56,61.26
$GC,17187,0.94,243.3,3222,3250,1940,1676,557.8,10.9,501,17191,0.00,2.10,0.00,0.000,1030,0.000,0.028,3222,1844,1808,1940,1676,0,0,0,0,0,0,26.24,26.16,26.27,8.56,60.63
$GC,17412,0.94,243.3,3222,1843,1940,1675,532.9,10.2,507,17417,0.00,2.17,0.00,0.000,260,0.000,0.040,3223,3249,1807,1940,1675,0,0,0,0,0,0,26.63,26.02,26.64,8.55,60.86
$GC,17469,0.94,243.3,3222,3249,1940,1675,528.2,10.2,508,17473,0.00,2.10,0.00,0.000,1030,0.000,0.027,3223,1844,1808,1941,1676,0,0,0,0,0,0,26.23,26.15,26.26,8.56,61.30
$GC,17657,0.94,243.3,3222,1844,1940,1675,507.7,10.1,513,17658,0.00,0.00,0.00,0.000,6,0.000,0.000,3223,1844,1808,1940,1676,0,0,0,0,0,0,26.63,26.64,26.64,8.56,60.90
$GC,17857,0.94,243.3,3222,1845,1940,1675,486.9,10.5,518,17861,0.00,2.17,0.00,0.000,260,0.000,0.039,3223,3252,1807,1940,1675,0,0,0,0,0,0,26.63,26.01,26.64,8.56,61.02
$GC,17960,0.94,243.3,3222,3252,1940,1676,477.6,10.7,520,17964,0.00,2.10,0.00,0.000,1030,0.000,0.027,3223,1851,1807,1940,1675,0,0,0,0,0,0,26.22,26.15,26.25,8.56,60.71
$GC,18183,0.94,243.3,3222,1850,1940,1675,451.7,10.6,526,18187,0.00,2.20,0.00,0.000,516,0.000,0.044,3223,460,1808,1940,1676,0,0,0,0,0,0,26.63,25.91,26.64,8.56,60.98
$GC,18226,0.94,243.3,3222,459,1940,1675,447.2,10.6,527,18230,0.00,2.08,0.00,0.000,1030,0.000,0.026,3223,1855,1808,1941,1675,0,0,0,0,0,0,26.24,26.16,26.26,8.57,61.06
$GC,18429,0.94,243.3,3222,1855,1940,1675,425.7,10.5,532,18433,0.00,2.15,0.00,0.000,260,0.000,0.041,3223,3250,1808,1940,1676,0,0,0,0,0,0,26.63,25.99,26.64,8.57,60.75
$GC,18545,0.94,243.3,3222,3249,1940,1675,416.6,10.8,534,18553,0.00,2.08,0.00,0.000,1030,0.000,0.027,3223,1852,1807,1940,1675,0,0,0,0,0,0,26.21,26.13,26.25,8.56,61.14
$GC,18752,0.94,243.8,3222,1852,1940,1675,392.0,10.0,540,18756,0.00,2.20,0.00,0.000,516,0.000,0.044,3223,461,1807,1940,1675,0,0,0,0,0,0,26.63,25.89,26.64,8.57,60.71
$GC,18826,0.95,247.4,3222,461,1940,1676,387.8,9.8,541,18836,0.00,2.08,4.43,0.685,9222,0.000,0.026,3223,1855,1795,1927,1663,0,0,0,0,0,0,26.23,26.15,23.61,8.57,60.90
$GC,19037,0.95,254.8,3222,1855,1927,1663,364.5,9.7,547,19051,0.00,2.20,9.05,0.861,8452,0.000,0.040,3223,3256,1765,1897,1633,0,0,0,0,0,0,26.59,25.23,23.91,8.57,60.04
$GC,19165,0.95,254.8,3223,3256,1897,1631,351.4,10.6,550,19170,0.00,2.10,0.00,0.000,1030,0.000,0.027,3223,1854,1764,1897,1631,0,0,0,0,0,0,26.10,26.02,26.13,8.57,60.86
$GC,19359,0.95,254.8,3222,1854,1897,1631,328.7,11.2,555,19364,0.00,2.20,0.00,0.000,260,0.000,0.039,3223,3247,1764,1897,1631,0,0,0,0,0,0,26.53,25.94,26.54,8.57,60.27
$GC,19391,0.95,254.8,3223,3247,1897,1631,328.7,11.2,555,19395,0.00,2.10,0.00,0.000,1030,0.000,0.026,3229,1844,1764,1897,1631,0,0,0,0,0,0,26.15,26.08,26.18,8.58,60.39
$GC,19605,0.95,254.8,3228,1842,1897,1631,301.2,11.1,561,19606,0.00,0.00,0.00,0.000,6,0.000,0.000,3229,1842,1764,1897,1631,0,0,0,0,0,0,26.58,26.59,26.59,8.58,60.82
$GC,19804,0.95,254.8,3228,1842,1897,1631,280.2,10.4,566,19808,0.00,2.20,0.00,0.000,260,0.000,0.039,3228,3257,1764,1897,1631,0,0,0,0,0,0,26.60,25.96,26.61,8.58,60.04
$GC,19901,0.95,254.8,3228,3257,1897,1631,271.1,10.6,568,19908,0.10,2.10,0.00,0.000,5126,0.168,0.026,3208,1845,1764,1897,1631,0,0,0,0,0,0,25.76,26.13,25.89,8.58,60.51
$GC,20128,1.01,255.8,3208,1845,1897,1631,247.1,10.0,574,20132,0.00,2.17,0.00,0.000,260,0.000,0.040,3208,3249,1764,1897,1631,0,0,0,0,0,0,26.62,25.97,26.63,8.58,60.08
$GC,20211,1.01,255.8,3207,3249,1897,1631,238.3,10.1,576,20216,0.00,2.08,0.00,0.000,1030,0.000,0.026,3208,1857,1764,1897,1631,0,0,0,0,0,0,26.20,26.13,26.23,8.58,60.23
$GC,20415,1.07,255.8,3207,1857,1897,1631,217.2,10.5,581,20423,0.08,2.15,0.00,0.000,2308,0.104,0.040,3280,3249,1764,1897,1631,0,0,0,0,0,0,26.39,25.96,26.40,8.58,60.08
$GC,20497,1.07,255.8,3280,3248,1897,1631,206.4,11.7,583,20505,0.15,2.08,0.00,0.000,5126,0.135,0.026,3243,1855,1764,1897,1631,0,0,0,0,0,0,25.73,26.13,25.86,8.58,59.60
$GC,20699,1.07,255.8,3242,1855,1897,1631,184.0,10.6,591,20706,0.00,2.20,0.00,0.000,516,0.000,0.043,3252,454,1764,1897,1631,0,0,0,0,0,0,26.63,25.89,26.63,8.59,59.52
$GC,20728,1.07,255.8,3252,454,1896,1631,182.0,10.5,592,20732,0.00,2.10,0.00,0.000,1030,0.000,0.025,3252,1858,1764,1897,1631,0,0,0,0,0,0,26.22,26.15,26.25,8.59,59.09
$GC,20922,1.09,266.9,3252,1858,1897,1631,162.1,9.5,602,20941,0.00,2.22,13.02,0.776,8452,0.000,0.039,3252,3256,1713,1852,1575,0,0,0,0,0,0,26.63,25.27,24.08,8.60,59.45
$GC,20999,1.09,267.5,3252,3256,1852,1575,155.6,10.0,605,21006,0.00,2.10,0.00,0.000,1030,0.000,0.025,3261,1852,1713,1852,1575,0,0,0,0,0,0,26.09,26.02,26.12,8.59,59.60
$GC,21186,1.10,282.9,3261,1852,1852,1574,136.2,9.3,615,21209,0.00,2.22,15.30,0.773,8708,0.000,0.041,3271,467,1649,1794,1504,0,0,0,0,0,0,26.51,25.29,24.15,8.60,59.41
$GC,21236,1.12,300.7,3270,467,1794,1504,132.1,9.2,617,21259,0.00,2.10,16.55,0.764,9222,0.000,0.024,3271,1864,1576,1727,1426,0,0,0,0,0,0,25.98,25.91,24.03,8.60,58.78
$GC,21449,1.12,300.7,3270,1864,1725,1425,108.1,11.4,628,21454,0.00,2.17,0.00,0.000,260,0.000,0.041,3271,3243,1575,1725,1425,0,0,0,0,0,0,26.33,25.82,26.34,8.60,59.45
$GC,21501,1.12,300.7,3270,3242,1723,1424,102.5,12.1,630,21506,0.00,2.08,0.00,0.000,1030,0.000,0.025,3280,1851,1574,1723,1425,0,0,0,0,0,0,26.04,25.96,26.06,8.61,59.92
$GC,21695,1.19,367.9,3279,1851,1722,1424,84.7,6.9,640,21757,0.00,2.28,54.95,0.767,8708,0.000,0.041,3289,464,1302,1468,1137,0,0,0,0,0,0,26.48,24.94,23.95,8.63,60.27
$GC,21824,1.20,382.9,3289,463,1465,1136,74.4,9.3,646,21842,0.00,2.12,13.18,0.689,9222,0.000,0.025,3289,1862,1242,1406,1078,0,0,0,0,0,0,25.75,25.69,24.06,8.64,60.12
$GC,22037,1.25,431.2,3289,1862,1398,1077,55.9,7.8,657,22103,0.00,2.28,52.28,0.698,8708,0.000,0.041,3289,461,1044,1168,920,0,0,0,0,1,0,26.29,24.60,24.04,8.70,60.63
$GC,22172,1.35,437.0,3289,461,1165,920,43.7,9.7,666,22186,0.08,2.12,6.90,0.584,11270,0.093,0.025,3371,1861,1022,1139,906,0,0,0,0,0,0,25.67,25.71,24.11,8.71,59.72
$GC,22375,1.35,437.0,3370,1861,1134,904,17.7,12.7,686,22386,0.12,2.20,0.00,0.000,4612,0.138,0.040,3341,463,1019,1134,904,0,0,0,0,0,0,25.79,25.80,25.89,8.77,58.74
$GC,22420,1.35,437.0,3341,463,1134,904,12.5,11.1,690,22424,0.00,2.08,0.00,0.000,1030,0.000,0.024,3341,1855,1019,1134,904,0,0,0,0,0,0,26.06,25.99,26.08,8.78,58.78
$STATE,22520,end climb,SURFACE_DEPTH_REACHED
$STATE,22521,begin surface coast
$FINISH,-0.4,1.022416
$STATE,22542,end surface coast,CONTROL_FINISHED_OK
$STATE,22542,begin surface
$SM_CCo,22623,0.00,0.000,0,0,1018,438.60
$SM_GC,0.10,8.00,0.12,0.00,0.021,0.080,0.000,168,1972,1018,-8.36,-1.36,438.60,0,0,0,0,0,0,26.15,26.17,26.18
$IRIDIUM_FIX,625.08,-14045.84,220225,002552
$TT8_MAMPS,0.026964,0.399966
$HUMID,55.04
$INTERNAL_PRESSURE,8.76138
$TCM_TEMP,18.10
$XPDR_PINGS,0
$ALTIM_TOP_PING,18.9,18.9
$24V_AH,22.84,59.405
$10V_AH,9.62,42.197
$FG_AHR_24Vo,0.000
$FG_AHR_10Vo,0.000
$DEVICES,Pitch_motor,Roll_motor,VBD_pump_during_apogee,VBD_pump_during_surface,VBD_valve,Iridium_during_init,Iridium_during_connect,Iridium_during_xfer,Transponder_ping,GUMSTIX_24V,GPS,TT8,LPSleep,TT8_Active,TT8_Sampling,TT8_CF8,TT8_Kalman,Analog_circuits,GPS_charging,Compass,RAFOS,Transponder,Compass2
$DEVICE_SECS,21.775,299.875,560.175,0.000,0.000,0.000,0.000,286.700,0.250,0.000,25.927,3295.955,14941.100,712.913,3580.828,516.281,0.000,2842.497,0.000,3105.064,0.000,2.761,0.000
$DEVICE_MAMPS,205.785,80.325,1353.285,0.000,0.000,0.000,0.000,89.505,420.000,0.000,30.710,15.210,2.190,15.210,43.670,53.410,0.000,14.000,0.000,8.240,0.000,30.000,0.000
$SENSORS,SBE_CT,WL_blue_red_Chl,AA4330,nil,nil,nil,nil,nil,nil,nil
$SENSOR_SECS,611.181,0.000,939.577,0.000,0.000,0.000,0.000,0.000,0.000,0.000
$SENSOR_MAMPS,22.470,0.000,11.230,0.000,0.000,0.000,0.000,0.000,0.000,0.000
$MEM,311932
$DATA_FILE_SIZE,52253,702
$CAP_FILE_SIZE,260632,0
$CFSIZE,2097872896,2045607936
$ERRORS,0,0,0,0,0,0,0,0,0,0,0,0,0,1,1,0
$CURRENT,0.084,79.21,1
$GPS,090705,130852,626.072,-14043.932,39,0.8,54,9.3,1.1,59.8,10,4.9
