version: 66.14
glider: 195
mission: 21
dive: 624
start: 9 17 105 16 19 5
data:
$ID,195
$MISSION,21
$DIVE,624
$N_DIVES,0
$STOP_T,0
$D_SURF,3
$D_FLARE,2
$D_TGT,990
$D_ABORT,1090
$D_NO_BLEED,50
$D_BOOST,3
$T_BOOST,0
$D_FINISH,0
$D_PITCH,0
$D_SAFE,0
$D_CALL,0
$SURFACE_URGENCY,0
$SURFACE_URGENCY_TRY,0
$SURFACE_URGENCY_FORCE,0
$T_DIVE,330
$T_MISSION,600
$T_ABORT,1440
$T_TURN,300
$T_TURN_SAMPINT,5
$T_NO_W,120
$T_LOITER,0
$T_SLOITER,60
$T_EPIRB,0
$USE_BATHY,0
$USE_ICE,0
$ICE_FREEZE_MARGIN,0.30000001
$D_OFFGRID,990
$T_WATCHDOG,10
$RELAUNCH,1
$APOGEE_PITCH,-8
$MAX_BUOY,150
$COURSE_BIAS,0
$GLIDE_SLOPE,30
$SPEED_FACTOR,1
$RHO,1.023
$MASS,54002
$MASS_COMP,0
$NAV_MODE,2
$FERRY_MAX,45
$KALMAN_USE,2
$HD_A,0.0038000001
$HD_B,0.0099999998
$HD_C,9.8500004e-06
$HEADING,-1
$ESCAPE_HEADING,0
$ESCAPE_HEADING_DELTA,10
$FIX_MISSING_TIMEOUT,0
$TGT_DEFAULT_LAT,4736
$TGT_DEFAULT_LON,-12225
$TGT_AUTO_DEFAULT,0
$SM_CC,300
$N_FILEKB,4
$FILEMGR,0
$CALL_NDIVES,1
$COMM_SEQ,0
$PROTOCOL,9
$N_NOCOMM,1
$NOCOMM_ACTION,0
$N_NOSURFACE,0
$UPLOAD_DIVES_MAX,-1
$CALL_TRIES,5
$CALL_WAIT,60
$CAPUPLOAD,0
$CAPMAXSIZE,200000
$HEAPDBG,0
$T_GPS,15
$N_GPS,50840
$T_RSLEEP,2
$STROBE,0
$RAFOS_PEAK_OFFSET,1.5
$RAFOS_CORR_THRESH,60
$RAFOS_HIT_WINDOW,3600
$RAFOS_MMODEM,0
$PITCH_MIN,207
$PITCH_MAX,3915
$C_PITCH,2884
$PITCH_DBAND,0.1
$PITCH_CNV,0.003125763
$P_OVSHOOT,0.039999999
$P_OVSHOOT_WITHG,0.079999998
$PITCH_GAIN,19.15
$PITCH_TIMEOUT,17
$PITCH_AD_RATE,160
$PITCH_MAXERRORS,1
$PITCH_ADJ_GAIN,0.02
$PITCH_ADJ_DBAND,2.5
$ROLL_MIN,224
$ROLL_MAX,3758
$ROLL_DEG,40
$C_ROLL_DIVE,1800
$C_ROLL_CLIMB,2250
$HEAD_ERRBAND,10
$ROLL_CNV,0.028270001
$ROLL_TIMEOUT,15
$R_PORT_OVSHOOT,70
$R_STBD_OVSHOOT,50
$ROLL_AD_RATE,350
$ROLL_MAXERRORS,2
$ROLL_ADJ_GAIN,0
$ROLL_ADJ_DBAND,0
$VBD_MIN,500
$VBD_MAX,3960
$C_VBD,2806
$VBD_DBAND,2
$VBD_CNV,-0.24529999
$VBD_LP_IGNORE,0
$VBD_TIMEOUT,720
$PITCH_VBD_SHIFT,0.001
$VBD_PUMP_AD_RATE_SURFACE,5
$VBD_PUMP_AD_RATE_APOGEE,4
$VBD_BLEED_AD_RATE,8
$UNCOM_BLEED,60
$VBD_MAXERRORS,1
$W_ADJ_DBAND,0
$DBDW,0
$PITCH_W_GAIN,0
$PITCH_W_DBAND,0
$CF8_MAXERRORS,5
$AH0_24V,150
$AH0_10V,97
$MINV_24V,19
$MINV_10V,8
$MAXI_24V,0.80000001
$MAXI_10V,0.60000002
$FG_AHR_10V,0
$FG_AHR_24V,0
$PHONE_SUPPLY,-2
$PRESSURE_YINT,-49.397121
$PRESSURE_SLOPE,0.0001168043
$AD7714Ch0Gain,128
$TCM_PITCH_OFFSET,0
$TCM_ROLL_OFFSET,0
$COMPASS_USE,4
$ALTIM_BOTTOM_PING_RANGE,0
$ALTIM_TOP_PING_RANGE,20
$ALTIM_BOTTOM_TURN_MARGIN,0
$ALTIM_TOP_TURN_MARGIN,0
$ALTIM_TOP_MIN_OBSTACLE,1
$ALTIM_PING_DEPTH,0
$ALTIM_PING_DELTA,0
$ALTIM_FREQUENCY,13
$ALTIM_PULSE,3
$ALTIM_SENSITIVITY,3
$XPDR_VALID,5
$XPDR_INHIBIT,90
$INT_PRESSURE_SLOPE,0.0097660003
$INT_PRESSURE_YINT,-0.77999997
$DEEPGLIDER,0
$MOTHERBOARD,4
$DEVICE1,2
$DEVICE2,115
$DEVICE3,101
$DEVICE4,-1
$DEVICE5,-1
$DEVICE6,-1
$LOGGERS,0
$LOGGERDEVICE1,-1
$LOGGERDEVICE2,-1
$LOGGERDEVICE3,-1
$LOGGERDEVICE4,-1
$COMPASS_DEVICE,33
$COMPASS2_DEVICE,-1
$PHONE_DEVICE,49
$GPS_DEVICE,32
$RAFOS_DEVICE,-1
$XPDR_DEVICE,24
$SIM_W,0
$SIM_PITCH,0
$SEABIRD_T_G,0.0044178674
$SEABIRD_T_H,0.00064818078
$SEABIRD_T_I,2.6779007e-05
$SEABIRD_T_J,3.3667231e-06
$SEABIRD_C_G,-10.098215
$SEABIRD_C_H,1.1454017
$SEABIRD_C_I,-0.0021276253
$SEABIRD_C_J,0.00025532115
$SEABIRD_C_Z,2974.52
$GPS1,170905,161036,835.2019,-14302.6133,46,1.0,76,9.3,0.2,105.5,8,4.3
$_CALLS,1
$_XMS_NAKs,0
$_XMS_TOUTs,0
$_SM_DEPTHo,0.28
$_SM_ANGLEo,-58.8
$GPS2,170905,161825,835.2123,-14302.6250,7,1.0,31,9.3,0.9,200.9,8,4.7
$SPEED_LIMITS,0.173,0.262
$TGT_NAME,TX2
$TGT_LATLONG,1145.000,-14800.000
$TGT_RADIUS,10000.000
$KALMAN_CONTROL,0.000000,0.000000
$KALMAN_X,0.000000,0.000000,0.000000,0.000000,0.000000
$KALMAN_Y,0.000000,0.000000,0.000000,0.000000,0.000000
$MHEAD_RNG_PITCHd_Wd,275.9,643644,-18.1,-10.000,-20.93,2235
$D_GRID,990
$GCHEAD,st_secs,pitch_ctl,vbd_ctl,pitch_ad_start,roll_ad_start,vbd_pot1_ad_start,vbd_pot2_ad_start,depth,ob_vertv,data_pts,end_secs,pitch_secs,roll_secs,vbd_secs,vbd_i,gcphase,pitch_i,roll_i,pitch_ad,roll_ad,vbd_ad,vbd_pot1_ad,vbd_pot2_ad,pitch_retries,pitch_errors,roll_retries,roll_errors,vbd_retries,vbd_errors,pitch_volts,roll_volts,vbd_volts,int_press,humidity
$STATE,6,end surface,CONTROL_FINISHED_OK
$STATE,6,begin dive
$GC,74,-1.09,-146.6,150,1802,958,781,0.1,0.2,6,143,0.00,0.00,-66.65,0.000,16386,0.000,0.000,150,1802,2579,2598,2561,0,0,0,0,0,0,26.32,28.83,26.33,8.81,54.52
$GC,147,-1.09,-146.6,150,1802,2598,2562,2.1,-3.7,13,186,9.38,2.17,-20.60,0.000,19204,0.203,0.047,2521,3196,3406,3428,3384,0,0,0,0,0,0,24.70,25.24,25.10,9.00,54.29
$GC,340,-1.00,-146.6,2520,3196,3432,3385,29.1,-12.2,32,345,0.12,2.08,0.00,0.000,3078,0.123,0.021,2560,1801,3407,3431,3384,0,0,0,0,0,0,25.40,25.85,25.55,9.08,54.68
$GC,538,-0.94,-146.6,2559,1802,3433,3384,54.4,-15.0,50,542,0.00,2.15,0.00,0.000,516,0.000,0.034,2560,420,3408,3433,3384,0,0,0,0,0,0,26.41,25.53,26.41,9.10,55.19
$GC,582,-0.94,-146.6,2559,420,3433,3385,60.7,-14.3,52,586,0.00,2.05,0.00,0.000,1030,0.000,0.022,2552,1810,3409,3433,3385,0,0,0,0,0,0,25.90,25.84,25.92,9.10,54.37
$GC,785,-0.94,-146.6,2552,1809,3434,3385,84.6,-10.3,62,789,0.00,2.17,0.00,0.000,260,0.000,0.035,2542,3193,3410,3435,3385,0,0,0,0,0,0,26.42,25.56,26.43,9.12,54.64
$GC,871,-0.87,-146.6,2542,3192,3435,3385,91.3,-8.1,66,877,0.15,2.05,0.00,0.000,3078,0.119,0.020,2604,1795,3410,3435,3385,0,0,0,0,0,0,25.27,25.89,25.39,9.13,55.15
$GC,1073,-0.87,-146.6,2604,1794,3440,3384,104.3,-6.8,76,1074,0.00,0.00,0.00,0.000,6,0.000,0.000,2604,1795,3412,3440,3385,0,0,0,0,0,0,26.43,26.44,26.44,9.12,54.05
$GC,1251,-0.87,-146.6,2604,1794,3441,3385,118.3,-6.9,85,1257,0.00,2.17,0.00,0.000,260,0.000,0.034,2597,3183,3413,3442,3385,0,0,0,0,0,0,26.43,25.57,26.44,9.10,53.66
$GC,1344,-0.87,-146.6,2596,3183,3442,3384,123.9,-6.6,89,1349,0.00,2.00,0.00,0.000,1030,0.000,0.020,2597,1793,3413,3442,3384,0,0,0,0,0,0,25.96,25.90,25.98,9.09,53.93
$GC,1539,-0.87,-146.6,2596,1792,3443,3385,137.3,-6.1,99,1540,0.00,0.00,0.00,0.000,6,0.000,0.000,2597,1792,3413,3443,3384,0,0,0,0,0,0,26.44,26.45,26.44,9.07,53.85
$GC,1718,-0.87,-146.6,2597,1792,3444,3384,148.0,-5.9,108,1723,0.00,2.20,0.00,0.000,260,0.000,0.035,2587,3189,3414,3444,3385,0,0,0,0,0,0,26.44,25.57,26.45,9.07,53.78
$GC,1770,-0.87,-146.6,2586,3189,3445,3385,150.8,-6.1,110,1775,0.00,2.00,0.00,0.000,1030,0.000,0.020,2587,1800,3414,3444,3385,0,0,0,0,0,0,25.96,25.91,25.98,9.06,53.62
$GC,1964,-0.87,-146.6,2586,1799,3445,3385,164.7,-7.2,120,1968,0.00,2.12,0.00,0.000,516,0.000,0.034,2586,425,3415,3445,3385,0,0,0,0,0,0,26.44,25.56,26.45,9.04,54.72
$GC,2030,-0.87,-146.6,2586,424,3445,3385,169.3,-7.1,123,2036,0.00,2.08,0.00,0.000,1030,0.000,0.021,2577,1810,3415,3445,3385,0,0,0,0,0,0,25.91,25.89,25.94,9.03,54.64
$GC,2231,-0.87,-146.6,2576,1809,3446,3385,181.3,-5.3,133,2235,0.00,2.12,0.00,0.000,260,0.000,0.035,2567,3184,3415,3446,3385,0,0,0,0,0,0,26.44,25.56,26.46,9.03,55.31
$GC,2323,-0.87,-146.6,2566,3184,3446,3385,185.3,-4.7,137,2333,0.12,2.00,0.00,0.000,3078,0.125,0.020,2606,1798,3415,3446,3385,0,0,0,0,0,0,25.54,25.91,25.62,9.02,55.19
$GC,2516,-0.94,-146.6,2606,1798,3446,3384,195.0,-5.2,147,2520,0.00,2.12,0.00,0.000,516,0.000,0.035,2607,429,3415,3446,3385,0,0,0,0,0,0,26.45,25.55,26.46,9.01,55.90
$GC,2569,-1.00,-146.6,2606,429,3446,3385,197.6,-5.7,149,2574,0.05,2.05,0.00,0.000,5126,0.073,0.022,2519,1797,3415,3446,3385,0,0,0,0,0,0,25.75,25.88,25.79,9.00,56.06
$GC,2763,-1.00,-146.6,2519,1797,3446,3385,213.3,-8.0,155,2770,0.12,2.15,0.00,0.000,2308,0.131,0.035,2550,3187,3415,3446,3385,0,0,0,0,0,0,25.89,25.56,25.93,8.99,57.04
$GC,2875,-1.00,-146.6,2550,3187,3446,3385,220.2,-8.4,157,2880,0.00,2.05,0.00,0.000,1030,0.000,0.021,2550,1801,3415,3446,3385,0,0,0,0,0,0,25.94,25.91,25.96,8.98,56.77
$GC,3090,-1.00,-146.6,2550,1801,3446,3385,242.8,-9.5,163,3093,0.00,2.15,0.00,0.000,516,0.000,0.035,2550,418,3415,3446,3385,0,0,0,0,0,0,26.46,25.53,26.46,8.97,57.12
$GC,3126,-1.00,-146.6,2550,417,3446,3385,242.8,-9.5,163,3133,0.00,2.05,0.00,0.000,1030,0.000,0.022,2541,1808,3415,3446,3385,0,0,0,0,0,0,25.94,25.89,25.96,8.97,57.32
$GC,3333,-1.00,-146.6,2540,1808,3446,3385,267.2,-10.1,169,3338,0.00,2.17,0.00,0.000,260,0.000,0.036,2531,3185,3415,3445,3385,0,0,0,0,0,0,26.46,25.57,26.46,8.95,57.63
$GC,3410,-1.00,-146.6,2530,3185,3445,3385,271.6,-10.1,170,3418,0.10,2.03,0.00,0.000,3078,0.138,0.021,2562,1787,3415,3445,3385,0,0,0,0,0,0,25.58,25.90,25.65,8.95,57.83
$GC,3620,-1.00,-146.6,2562,1786,3445,3384,293.9,-9.1,176,3624,0.00,2.12,0.00,0.000,516,0.000,0.036,2562,423,3414,3445,3384,0,0,0,0,0,0,26.46,25.53,26.46,8.95,57.99
$GC,3666,-1.00,-146.6,2562,423,3445,3384,298.0,-9.1,177,3670,0.00,2.05,0.00,0.000,1030,0.000,0.023,2555,1809,3415,3445,3385,0,0,0,0,0,0,25.93,25.87,25.95,8.94,57.75
$GC,3865,-1.00,-146.6,2555,1809,3444,3385,315.0,-8.4,182,3869,0.00,2.15,0.00,0.000,260,0.000,0.036,2545,3195,3414,3444,3385,0,0,0,0,0,0,26.46,25.55,26.46,8.93,59.05
$GC,3992,-1.00,-146.6,2545,3195,3444,3385,325.3,-8.2,185,3996,0.00,2.08,0.00,0.000,1030,0.000,0.021,2546,1799,3414,3443,3385,0,0,0,0,0,0,25.91,25.89,25.94,8.93,58.62
$GC,4197,-1.00,-146.6,2545,1799,3443,3385,341.8,-8.1,190,4201,0.00,2.17,0.00,0.000,516,0.000,0.037,2545,433,3414,3443,3385,0,0,0,0,0,0,26.46,25.51,26.46,8.92,59.37
$GC,4269,-1.00,-146.6,2545,433,3443,3385,345.4,-8.1,191,4273,0.00,2.03,0.00,0.000,1030,0.000,0.023,2536,1801,3414,3443,3385,0,0,0,0,0,0,25.92,25.86,25.94,8.92,58.50
$GC,4484,-1.00,-146.6,2536,1801,3442,3385,364.9,-7.9,197,4488,0.00,2.15,0.00,0.000,260,0.000,0.037,2526,3187,3413,3441,3385,0,0,0,0,0,0,26.46,25.54,26.47,8.92,59.13
$GC,4567,-1.00,-146.6,2526,3188,3441,3384,371.5,-7.9,199,4572,0.10,2.08,0.00,0.000,3078,0.122,0.021,2559,1799,3413,3441,3385,0,0,0,0,0,0,25.51,25.89,25.65,8.92,59.41
$GC,4772,-1.00,-146.6,2558,1799,3440,3385,386.4,-7.3,204,4776,0.00,2.20,0.00,0.000,260,0.000,0.037,2551,3180,3413,3441,3385,0,0,0,0,0,0,26.46,25.55,26.47,8.91,59.56
$GC,4829,-1.00,-146.6,2551,3180,3439,3384,389.5,-7.2,205,4834,0.00,2.03,0.00,0.000,1030,0.000,0.021,2551,1797,3412,3439,3385,0,0,0,0,0,0,25.94,25.88,25.96,8.91,60.27
$GC,5018,-1.00,-146.6,2551,1797,3438,3385,404.3,-7.4,210,5023,0.00,2.20,0.00,0.000,516,0.000,0.037,2551,419,3411,3438,3384,0,0,0,0,0,0,26.46,25.49,26.47,8.90,60.08
$GC,5080,-1.00,-146.6,2551,418,3438,3385,407.7,-7.5,211,5084,0.00,2.05,0.00,0.000,1030,0.000,0.024,2542,1799,3411,3438,3384,0,0,0,0,0,0,25.91,25.84,25.93,8.90,59.49
$GC,5305,-1.00,-146.6,2542,1799,3435,3384,426.3,-7.8,217,5309,0.00,2.17,0.00,0.000,260,0.000,0.037,2532,3192,3410,3435,3385,0,0,0,0,0,0,26.46,25.53,26.47,8.89,60.35
$GC,5377,-1.00,-146.6,2531,3192,3434,3384,429.9,-7.8,218,5387,0.10,2.05,0.00,0.000,3078,0.137,0.022,2564,1795,3409,3435,3384,0,0,0,0,0,0,25.55,25.86,25.63,8.89,60.15
$GC,5589,-1.05,-146.6,2563,1796,3434,3384,448.3,-7.6,224,5595,0.00,2.17,0.00,0.000,516,0.000,0.037,2564,415,3409,3434,3385,0,0,0,0,0,0,26.46,25.48,26.47,8.89,60.63
$GC,5613,-1.10,-146.6,2563,415,3434,3384,448.3,-7.6,224,5618,0.00,2.08,0.00,0.000,1030,0.000,0.023,2556,1806,3409,3433,3385,0,0,0,0,0,0,25.91,25.84,25.93,8.89,60.63
$GC,5839,-1.10,-146.6,2556,1806,3432,3384,467.8,-7.9,230,5843,0.00,2.20,0.00,0.000,260,0.000,0.037,2547,3189,3408,3432,3385,0,0,0,0,0,0,26.46,25.53,26.47,8.88,60.23
$GC,5923,-1.10,-146.6,2546,3189,3432,3384,474.5,-7.9,232,5928,0.00,2.05,0.00,0.000,1030,0.000,0.021,2547,1797,3408,3432,3384,0,0,0,0,0,0,25.92,25.86,25.94,8.88,61.34
$GC,6128,-1.10,-146.6,2546,1797,3431,3384,490.6,-7.9,237,6132,0.00,2.17,0.00,0.000,516,0.000,0.037,2547,420,3407,3431,3384,0,0,0,0,0,0,26.46,25.46,26.47,8.87,61.49
$GC,6212,-1.10,-146.6,2546,420,3431,3384,497.7,-8.0,239,6216,0.00,2.08,0.00,0.000,1030,0.000,0.024,2538,1809,3407,3431,3384,0,0,0,0,0,0,25.89,25.82,25.91,8.86,60.51
$GC,6417,-1.10,-146.6,2538,1809,3430,3383,513.9,-7.9,244,6418,0.00,0.00,0.00,0.000,6,0.000,0.000,2538,1809,3406,3430,3383,0,0,0,0,0,0,26.46,26.47,26.47,8.86,60.55
$GC,6616,-1.10,-146.6,2538,1809,3430,3381,529.6,-7.9,249,6620,0.00,2.22,0.00,0.000,516,0.000,0.037,2538,426,3406,3430,3382,0,0,0,0,0,0,26.46,25.46,26.47,8.86,61.02
$GC,6708,-1.10,-146.6,2538,426,3430,3382,536.6,-8.1,251,6713,0.00,2.10,0.00,0.000,1030,0.000,0.024,2529,1801,3405,3430,3381,0,0,0,0,0,0,25.85,25.82,25.88,8.86,60.67
$GC,6903,-1.10,-146.6,2528,1801,3430,3380,553.4,-8.4,256,6907,0.00,2.17,0.00,0.000,260,0.000,0.037,2519,3190,3405,3430,3380,0,0,0,0,0,0,26.46,25.51,26.47,8.85,61.49
$GC,6980,-1.10,-146.6,2518,3192,3429,3380,557.0,-8.4,257,6987,0.00,2.05,0.00,0.000,1030,0.000,0.022,2519,1797,3404,3429,3380,0,0,0,0,0,0,25.90,25.84,25.92,8.85,61.53
$GC,7186,-1.10,-146.6,2518,1797,3429,3379,576.9,-8.5,263,7191,0.00,2.20,0.00,0.000,516,0.000,0.038,2519,427,3404,3429,3379,0,0,0,0,0,0,26.46,25.44,26.47,8.85,61.53
$GC,7253,-1.10,-146.6,2518,427,3429,3380,580.7,-8.5,264,7258,0.00,2.08,0.00,0.000,1030,0.000,0.024,2509,1811,3404,3429,3379,0,0,0,0,0,0,25.86,25.80,25.89,8.84,61.41
$GC,7474,-1.10,-146.6,2509,1811,3427,3378,600.7,-8.3,270,7479,0.00,2.17,0.00,0.000,260,0.000,0.037,2499,3194,3403,3428,3378,0,0,0,0,0,0,26.46,25.48,26.47,8.84,61.65
$GC,7572,-1.10,-146.6,2499,3194,3427,3378,607.5,-8.0,272,7579,0.10,2.08,0.00,0.000,3078,0.147,0.022,2529,1794,3402,3427,3378,0,0,0,0,0,0,25.48,25.83,25.56,8.84,62.28
$GC,7800,-1.10,-146.6,2528,1794,3427,3377,624.1,-6.8,278,7804,0.00,2.17,0.00,0.000,516,0.000,0.038,2529,422,3401,3426,3377,0,0,0,0,0,0,26.46,25.41,26.47,8.83,62.48
$GC,7844,-1.10,-146.6,2528,421,3426,3377,627.2,-6.8,279,7848,0.00,2.08,0.00,0.000,1030,0.000,0.024,2522,1803,3401,3426,3377,0,0,0,0,0,0,25.86,25.79,25.89,8.83,61.81
$GC,8048,-1.10,-146.6,2522,1803,3426,3376,639.8,-6.2,284,8052,0.00,2.17,0.00,0.000,260,0.000,0.037,2512,3192,3400,3425,3376,0,0,0,0,0,0,26.46,25.47,26.47,8.83,62.04
$GC,8115,-1.10,-146.6,2512,3192,3424,3376,642.3,-6.0,285,8119,0.00,2.10,0.00,0.000,1030,0.000,0.023,2512,1797,3400,3424,3376,0,0,0,0,0,0,25.84,25.82,25.86,8.82,62.16
$GC,8334,-1.10,-146.6,2512,1797,3424,3376,656.8,-6.0,291,8338,0.00,2.20,0.00,0.000,516,0.000,0.039,2512,414,3400,3424,3376,0,0,0,0,0,0,26.46,25.39,26.47,8.82,62.67
$GC,8396,-1.10,-146.6,2512,413,3424,3376,659.6,-6.2,292,8400,0.00,2.10,0.00,0.000,1030,0.000,0.024,2502,1808,3400,3424,3376,0,0,0,0,0,0,25.85,25.78,25.88,8.81,61.85
$GC,8619,-1.10,-146.6,2502,1808,3423,3375,676.0,-7.0,298,8624,0.00,2.20,0.00,0.000,260,0.000,0.038,2492,3184,3399,3423,3375,0,0,0,0,0,0,26.46,25.46,26.47,8.81,62.04
$GC,8681,-1.10,-146.6,2491,3184,3422,3375,679.2,-7.2,299,8689,0.12,2.05,0.00,0.000,3078,0.139,0.023,2530,1800,3398,3422,3375,0,0,0,0,0,0,25.37,25.80,25.46,8.81,62.32
$GC,8903,-1.10,-146.6,2529,1800,3422,3375,698.1,-8.1,305,8908,0.00,2.20,0.00,0.000,516,0.000,0.039,2530,417,3398,3422,3375,0,0,0,0,0,0,26.46,25.37,26.47,8.80,62.56
$GC,8971,-1.10,-146.6,2529,417,3422,3374,702.1,-8.5,306,8975,0.00,2.10,0.00,0.000,1030,0.000,0.025,2523,1806,3398,3422,3374,0,0,0,0,0,0,25.82,25.76,25.85,8.80,61.81
$GC,9191,-1.10,-146.6,2523,1806,3422,3373,725.1,-9.7,312,9195,0.00,2.17,0.00,0.000,260,0.000,0.038,2513,3190,3397,3422,3373,0,0,0,0,0,0,26.46,25.44,26.47,8.80,62.20
$GC,9227,-1.10,-146.6,2512,3191,3421,3373,725.1,-9.7,312,9235,0.00,2.05,0.00,0.000,1030,0.000,0.023,2513,1800,3397,3421,3373,0,0,0,0,0,0,25.86,25.79,25.88,8.80,62.36
$GC,9434,-1.10,-146.6,2512,1800,3421,3373,749.2,-10.0,318,9439,0.00,2.22,0.00,0.000,516,0.000,0.040,2513,423,3397,3421,3373,0,0,0,0,0,0,26.46,25.35,26.47,8.79,62.95
$GC,9481,-1.10,-146.6,2512,423,3421,3372,753.7,-10.1,319,9485,0.00,2.08,0.00,0.000,1030,0.000,0.024,2503,1799,3397,3421,3373,0,0,0,0,0,0,25.82,25.75,25.85,8.80,62.71
$GC,9679,-1.10,-146.6,2502,1799,3420,3372,773.5,-9.8,324,9684,0.00,2.22,0.00,0.000,260,0.000,0.038,2492,3214,3396,3421,3372,0,0,0,0,0,0,26.46,25.41,26.47,8.79,62.71
$GC,9723,-1.10,-146.6,2492,3215,3420,3372,777.7,-9.7,325,9728,0.10,2.15,0.00,0.000,3078,0.134,0.024,2534,1792,3396,3420,3372,0,0,0,0,0,0,25.27,25.78,25.37,8.79,63.23
$GC,9928,-1.10,-146.6,2533,1793,3420,3371,795.0,-8.4,330,9932,0.00,2.22,0.00,0.000,516,0.000,0.041,2534,395,3396,3420,3372,0,0,0,0,0,0,26.46,25.32,26.47,8.78,62.91
$GC,9960,-1.10,-146.6,2533,395,3420,3371,795.0,-8.4,330,9965,0.00,2.12,0.00,0.000,1030,0.000,0.025,2526,1797,3395,3420,3371,0,0,0,0,0,0,25.80,25.74,25.83,8.78,62.91
$GC,10175,-1.10,-146.6,2526,1797,3420,3370,813.6,-7.3,336,10182,0.00,2.22,0.00,0.000,260,0.000,0.038,2516,3204,3395,3420,3370,0,0,0,0,0,0,26.46,25.41,26.47,8.78,62.60
$GC,10216,-1.10,-146.6,2516,3203,3420,3370,816.4,-7.1,337,10221,0.00,2.10,0.00,0.000,1030,0.000,0.024,2516,1797,3394,3419,3369,0,0,0,0,0,0,25.83,25.76,25.85,8.78,62.83
$GC,10420,-1.10,-146.6,2515,1797,3419,3369,830.1,-6.7,342,10422,0.00,0.00,0.00,0.000,6,0.000,0.000,2516,1797,3394,3419,3369,0,0,0,0,0,0,26.46,26.48,26.47,8.78,63.15
$GC,10620,-1.10,-146.6,2515,1797,3419,3367,843.0,-6.4,347,10625,0.00,2.20,0.00,0.000,516,0.000,0.040,2516,417,3393,3419,3367,0,0,0,0,0,0,26.46,25.29,26.47,8.78,63.11
$GC,10658,-1.10,-146.6,2515,417,3419,3367,843.0,-6.4,347,10665,0.00,2.08,0.00,0.000,1030,0.000,0.026,2506,1800,3393,3419,3368,0,0,0,0,0,0,25.79,25.72,25.82,8.77,63.70
$GC,10865,-1.10,-146.6,2505,1800,3419,3367,859.2,-6.7,353,10870,0.00,2.22,0.00,0.000,260,0.000,0.038,2495,3211,3393,3419,3367,0,0,0,0,0,0,26.46,25.37,26.47,8.77,63.27
$GC,10892,-1.10,-146.6,2495,3211,3418,3367,859.2,-6.7,353,10899,0.10,2.12,0.00,0.000,3078,0.151,0.024,2525,1789,3392,3418,3367,0,0,0,0,0,0,25.38,25.74,25.46,8.77,63.58
$GC,11109,-1.10,-146.6,2524,1789,3418,3367,875.8,-6.9,359,11113,0.00,2.20,0.00,0.000,516,0.000,0.041,2525,417,3392,3418,3367,0,0,0,0,0,0,26.46,25.28,26.46,8.77,63.50
$GC,11176,-1.10,-146.6,2524,415,3418,3367,879.0,-7.0,360,11180,0.00,2.10,0.00,0.000,1030,0.000,0.025,2517,1799,3392,3418,3367,0,0,0,0,0,0,25.78,25.71,25.81,8.76,63.42
$GC,11395,-1.10,-146.6,2516,1799,3418,3366,896.9,-7.5,366,11402,0.00,2.22,0.00,0.000,260,0.000,0.039,2507,3200,3391,3417,3366,0,0,0,0,0,0,26.46,25.37,26.47,8.76,63.78
$GC,11425,-1.10,-146.6,2506,3201,3417,3366,896.9,-7.5,366,11429,0.00,2.10,0.00,0.000,1030,0.000,0.024,2507,1798,3391,3417,3366,0,0,0,0,0,0,25.79,25.72,25.82,8.76,63.62
$GC,11638,-1.10,-146.6,2506,1798,3417,3366,915.9,-7.9,372,11644,0.00,2.25,0.00,0.000,516,0.000,0.041,2506,414,3391,3417,3366,0,0,0,0,0,0,26.46,25.26,26.47,8.75,63.74
$GC,11691,-1.10,-146.6,2506,415,3417,3365,919.7,-8.0,373,11698,0.10,2.10,0.00,0.000,3078,0.148,0.026,2527,1799,3391,3417,3365,0,0,0,0,0,0,25.33,25.68,25.41,8.76,63.54
$GC,11885,-1.10,-146.6,2526,1799,3417,3365,935.4,-7.8,378,11890,0.00,2.22,0.00,0.000,260,0.000,0.039,2519,3203,3391,3417,3365,0,0,0,0,0,0,26.46,25.33,26.47,8.75,63.27
$GC,11948,-1.10,-146.6,2519,3202,3416,3365,938.9,-7.8,379,11952,0.00,2.10,0.00,0.000,1030,0.000,0.024,2519,1799,3390,3416,3365,0,0,0,0,0,0,25.78,25.72,25.81,8.75,64.29
$GC,12172,-1.10,-146.6,2519,1799,3417,3365,958.7,-8.2,385,12179,0.00,2.22,0.00,0.000,516,0.000,0.041,2519,413,3390,3416,3365,0,0,0,0,0,0,26.46,25.22,26.47,8.75,63.90
$GC,12206,-1.10,-146.6,2519,413,3416,3364,958.7,-8.2,385,12214,0.00,2.10,0.00,0.000,1030,0.000,0.026,2509,1800,3390,3416,3365,0,0,0,0,0,0,25.75,25.67,25.77,8.75,63.70
$GC,12413,-1.10,-146.6,2509,1800,3416,3364,978.6,-8.4,391,12418,0.00,2.25,0.00,0.000,260,0.000,0.040,2499,3225,3390,3416,3364,0,0,0,0,0,0,26.46,25.30,26.46,8.75,63.74
$GC,12515,-1.10,-146.6,2498,3225,3415,3364,985.5,-8.3,393,12522,0.10,2.15,0.00,0.000,3078,0.145,0.024,2529,1788,3389,3415,3364,0,0,0,0,0,0,25.34,25.69,25.43,8.74,63.97
$STATE,12574,end dive,TARGET_DEPTH_EXCEEDED
$STATE,12574,begin apogee
$GC,12582,-0.42,0.0,2528,2249,3415,3364,991.8,-8.0,395,12722,0.68,0.00,135.80,1.343,10246,0.103,0.000,2749,2249,2805,2901,2709,0,0,0,0,0,0,24.72,23.94,22.86,8.74,63.93
$STATE,12723,end apogee,CONTROL_FINISHED_OK
$STATE,12723,begin climb
$GC,12726,1.09,146.6,2749,2249,2899,2708,997.6,0.0,398,12883,1.40,2.42,145.23,1.288,10500,0.066,0.041,3231,3650,2205,2289,2121,0,0,0,0,0,0,24.30,23.30,22.54,8.69,62.52
$GC,12990,0.91,183.0,3230,3650,2289,2121,982.0,8.3,405,13034,0.20,2.12,36.65,1.249,13318,0.133,0.024,3179,2240,2057,2153,1961,0,0,0,0,0,0,25.06,25.57,23.37,8.64,62.01
$GC,13221,0.94,207.1,3178,2240,2154,1960,960.8,8.9,411,13249,0.00,0.00,23.92,1.229,8454,0.000,0.000,3179,2240,1957,2072,1843,0,0,0,0,0,0,26.25,24.40,23.60,8.62,62.40
$GC,13460,0.96,225.8,3178,2240,2072,1842,938.9,9.1,417,13485,0.00,2.33,18.90,1.211,8452,0.000,0.044,3179,3648,1883,2008,1758,0,0,0,0,0,0,26.28,24.97,23.73,8.61,63.38
$GC,13527,0.98,243.4,3179,3648,2008,1758,935.2,9.2,418,13552,0.00,2.10,18.92,1.200,9222,0.000,0.024,3187,2252,1812,1946,1678,0,0,0,0,0,0,25.77,25.70,23.55,8.61,62.95
$GC,13739,1.04,253.2,3187,2252,1944,1676,912.4,9.6,424,13757,0.00,2.20,10.35,1.115,8708,0.000,0.035,3195,863,1770,1911,1630,0,0,0,0,0,0,26.24,24.71,23.89,8.60,63.82
$GC,13847,1.10,265.7,3194,863,1911,1630,904.9,9.4,426,13868,0.03,2.15,13.57,1.161,11270,0.021,0.029,3284,2246,1718,1864,1573,0,0,0,0,0,0,25.66,25.75,23.80,8.59,63.54
$GC,14060,1.05,265.7,3283,2246,1863,1574,879.4,10.8,432,14066,0.20,2.22,0.00,0.000,4356,0.119,0.044,3220,3648,1718,1864,1573,0,0,0,0,0,0,25.55,25.60,25.65,8.59,64.60
$GC,14118,1.05,265.7,3219,3648,1864,1574,874.5,10.7,433,14122,0.00,2.12,0.00,0.000,1030,0.000,0.024,3226,2249,1718,1864,1573,0,0,0,0,0,0,25.87,25.85,25.94,8.59,64.21
$GC,14307,1.06,275.0,3226,2249,1864,1574,855.2,9.6,438,14323,0.00,2.20,9.98,1.105,8708,0.000,0.037,3236,869,1680,1830,1531,0,0,0,0,0,0,26.35,25.25,24.00,8.58,64.64
$GC,14377,1.07,283.2,3235,869,1831,1531,851.2,9.6,439,14393,0.00,2.10,9.23,1.086,9222,0.000,0.028,3236,2253,1648,1801,1495,0,0,0,0,0,0,25.84,25.76,23.87,8.58,64.68
$GC,14587,1.07,289.3,3235,2253,1801,1495,828.2,9.7,445,14600,0.00,2.25,6.93,1.003,8452,0.000,0.042,3236,3655,1623,1778,1468,0,0,0,0,0,0,26.29,24.82,24.01,8.57,64.60
$GC,14647,1.08,294.6,3235,3655,1779,1468,824.5,9.8,446,14663,0.00,2.15,6.62,0.985,9222,0.000,0.024,3246,2246,1601,1758,1444,0,0,0,0,0,0,25.86,25.84,23.94,8.57,64.56
$GC,14865,1.08,294.6,3245,2246,1758,1445,800.4,10.0,452,14870,0.00,2.15,0.00,0.000,516,0.000,0.037,3256,862,1601,1758,1445,0,0,0,0,0,0,26.31,25.61,26.32,8.56,64.96
$GC,14888,1.08,294.6,3255,862,1758,1445,800.4,10.0,452,14892,0.00,2.12,0.00,0.000,1030,0.000,0.028,3255,2259,1601,1758,1444,0,0,0,0,0,0,25.83,25.75,25.86,8.56,64.96
$GC,15112,1.08,294.6,3255,2259,1758,1445,774.9,10.4,458,15118,0.00,2.22,0.00,0.000,260,0.000,0.043,3255,3658,1601,1758,1444,0,0,0,0,0,0,26.36,25.47,26.37,8.56,65.00
$GC,15161,1.08,294.6,3255,3659,1758,1445,770.4,10.5,459,15166,0.10,2.12,0.00,0.000,5126,0.143,0.024,3233,2240,1601,1758,1445,0,0,0,0,0,0,25.50,25.82,25.58,8.56,65.19
$GC,15350,1.08,294.6,3232,2240,1758,1445,750.3,10.1,464,15352,0.00,0.00,0.00,0.000,6,0.000,0.000,3233,2240,1601,1757,1445,0,0,0,0,0,0,26.39,26.39,26.39,8.55,65.04
$GC,15551,1.08,294.6,3233,2240,1758,1445,730.0,10.2,469,15555,0.00,2.15,0.00,0.000,516,0.000,0.037,3241,867,1601,1757,1445,0,0,0,0,0,0,26.39,25.47,26.41,8.55,65.47
$GC,15587,1.08,294.6,3241,867,1757,1445,730.0,10.2,469,15595,0.00,2.10,0.00,0.000,1030,0.000,0.028,3241,2253,1601,1758,1445,0,0,0,0,0,0,25.75,25.66,25.78,8.55,65.59
$GC,15796,1.08,294.6,3240,2253,1758,1444,704.8,10.5,475,15800,0.00,2.22,0.00,0.000,260,0.000,0.044,3241,3646,1601,1758,1445,0,0,0,0,0,0,26.40,25.34,26.41,8.55,66.02
$GC,15852,1.08,294.6,3241,3647,1758,1445,700.0,10.5,476,15856,0.00,2.10,0.00,0.000,1030,0.000,0.024,3251,2248,1601,1757,1445,0,0,0,0,0,0,25.84,25.78,25.87,8.55,65.86
$GC,16040,1.08,294.6,3250,2248,1757,1445,678.9,10.4,481,16044,0.00,2.17,0.00,0.000,516,0.000,0.037,3261,861,1601,1758,1445,0,0,0,0,0,0,26.41,25.42,26.41,8.55,65.55
$GC,16101,1.08,294.6,3260,860,1758,1445,674.6,10.3,482,16106,0.10,2.12,0.00,0.000,5126,0.139,0.029,3229,2251,1601,1758,1445,0,0,0,0,0,0,25.36,25.63,25.44,8.55,65.27
$GC,16321,1.14,303.3,3229,2251,1757,1445,651.6,9.6,488,16333,0.00,0.00,9.23,1.018,8198,0.000,0.000,3229,2252,1567,1727,1408,0,0,0,0,0,0,26.41,25.18,24.06,8.55,65.59
$GC,16523,1.20,310.3,3229,2251,1726,1407,632.2,9.7,493,16537,0.08,2.22,8.25,0.985,10756,0.096,0.037,3313,865,1538,1699,1377,0,0,0,0,0,0,26.13,25.24,24.03,8.55,65.75
$GC,16571,1.20,313.3,3313,865,1699,1377,627.9,9.9,494,16583,0.12,2.12,4.78,0.803,13318,0.129,0.028,3273,2255,1525,1687,1363,0,0,0,0,0,0,25.48,25.74,23.96,8.54,65.63
$GC,16803,1.20,313.3,3272,2256,1687,1363,601.6,10.9,500,16808,0.00,2.22,0.00,0.000,260,0.000,0.044,3273,3648,1525,1687,1363,0,0,0,0,0,0,26.34,25.46,26.34,8.54,65.43
$GC,16847,1.20,313.3,3272,3648,1687,1363,596.4,11.2,501,16852,0.00,2.10,0.00,0.000,1030,0.000,0.024,3281,2248,1525,1687,1363,0,0,0,0,0,0,25.86,25.80,25.89,8.54,65.94
$GC,17051,1.20,313.3,3280,2248,1687,1363,573.0,11.5,506,17056,0.00,2.17,0.00,0.000,516,0.000,0.037,3290,861,1525,1687,1363,0,0,0,0,0,0,26.39,25.46,26.39,8.54,65.43
$GC,17103,1.20,313.3,3289,861,1687,1363,567.8,11.6,507,17108,0.00,2.15,0.00,0.000,1030,0.000,0.029,3290,2247,1525,1687,1363,0,0,0,0,0,0,25.67,25.63,25.70,8.54,66.26
$GC,17297,1.20,313.3,3289,2247,1687,1364,544.4,11.7,512,17302,0.00,2.25,0.00,0.000,260,0.000,0.044,3290,3651,1525,1687,1363,0,0,0,0,0,0,26.40,25.31,26.41,8.54,65.19
$GC,17364,1.20,313.3,3289,3651,1687,1363,539.1,11.7,513,17369,0.00,2.12,0.00,0.000,1030,0.000,0.024,3300,2242,1525,1687,1363,0,0,0,0,0,0,25.82,25.75,25.84,8.54,65.79
$GC,17583,1.20,313.3,3299,2242,1687,1363,511.9,11.0,519,17588,0.00,2.20,0.00,0.000,516,0.000,0.037,3309,861,1525,1687,1363,0,0,0,0,0,0,26.41,25.39,26.41,8.54,65.51
$GC,17627,1.20,313.3,3308,861,1687,1363,507.2,10.8,520,17632,0.08,2.15,0.00,0.000,5126,0.121,0.028,3271,2243,1525,1687,1364,0,0,0,0,0,0,25.24,25.60,25.34,8.54,65.79
$GC,17833,1.21,321.3,3271,2243,1687,1363,487.4,9.6,525,17848,0.00,2.30,8.60,0.923,8452,0.000,0.043,3271,3655,1492,1656,1328,0,0,0,0,0,0,26.41,25.27,24.13,8.54,65.67
$GC,17881,1.22,331.6,3271,3655,1655,1327,483.5,9.5,526,17899,0.00,2.12,11.00,0.957,9222,0.000,0.024,3280,2241,1450,1618,1282,0,0,0,0,0,0,25.86,25.79,23.97,8.54,65.59
$GC,18114,1.23,339.4,3279,2241,1618,1283,460.5,9.6,532,18129,0.00,2.22,8.30,0.897,8708,0.000,0.036,3290,857,1418,1588,1249,0,0,0,0,0,0,26.31,25.21,24.08,8.54,65.75
$GC,18183,1.23,345.2,3289,857,1588,1251,456.6,9.7,533,18197,0.00,2.12,6.85,0.847,9222,0.000,0.028,3289,2251,1394,1565,1224,0,0,0,0,0,0,25.82,25.74,24.02,8.54,65.00
$GC,18396,1.23,345.2,3289,2251,1565,1227,431.0,10.8,539,18403,0.00,2.25,0.00,0.000,260,0.000,0.044,3290,3655,1396,1565,1227,0,0,0,0,0,0,26.31,25.46,26.32,8.54,64.96
$GC,18445,1.23,345.2,3289,3655,1565,1227,426.4,11.1,540,18450,0.00,2.10,0.00,0.000,1030,0.000,0.024,3299,2254,1396,1565,1227,0,0,0,0,0,0,25.86,25.79,25.88,8.54,64.88
$GC,18639,1.23,345.2,3298,2254,1565,1227,402.6,11.8,545,18640,0.00,0.00,0.00,0.000,6,0.000,0.000,3299,2255,1396,1565,1227,0,0,0,0,0,0,26.37,26.38,26.38,8.55,65.71
$GC,18839,1.23,345.2,3298,2255,1565,1227,379.0,11.9,550,18843,0.00,2.20,0.00,0.000,516,0.000,0.037,3308,855,1396,1565,1227,0,0,0,0,0,0,26.39,25.42,26.40,8.55,65.31
$GC,18890,1.23,345.2,3308,854,1565,1227,374.0,11.8,551,18895,0.00,2.17,0.00,0.000,1030,0.000,0.028,3308,2257,1396,1565,1227,0,0,0,0,0,0,25.64,25.61,25.73,8.55,65.51
$GC,19084,1.23,345.2,3308,2257,1565,1227,350.9,11.4,556,19091,0.00,2.22,0.00,0.000,260,0.000,0.044,3308,3648,1396,1565,1227,0,0,0,0,0,0,26.40,25.25,26.41,8.55,64.84
$GC,19145,1.23,345.2,3308,3648,1565,1227,346.0,11.4,557,19153,0.12,2.10,0.00,0.000,5126,0.135,0.024,3277,2244,1396,1565,1227,0,0,0,0,0,0,25.34,25.75,25.43,8.55,65.12
$GC,19367,1.23,345.2,3277,2244,1565,1227,321.3,10.0,563,19372,0.00,2.20,0.00,0.000,516,0.000,0.037,3286,863,1396,1565,1227,0,0,0,0,0,0,26.41,25.37,26.41,8.56,64.60
$GC,19454,1.23,345.2,3285,863,1565,1227,312.5,10.3,565,19459,0.00,2.15,0.00,0.000,1030,0.000,0.029,3286,2250,1396,1565,1227,0,0,0,0,0,0,25.60,25.56,25.68,8.56,64.92
$GC,19653,1.23,345.2,3285,2249,1565,1227,290.5,11.1,570,19654,0.00,0.00,0.00,0.000,6,0.000,0.000,3286,2249,1396,1565,1227,0,0,0,0,0,0,26.41,26.42,26.42,8.56,64.88
$GC,19853,1.23,345.2,3285,2249,1565,1227,267.2,11.6,575,19858,0.00,2.22,0.00,0.000,516,0.000,0.036,3295,862,1396,1565,1227,0,0,0,0,0,0,26.41,25.34,26.42,8.56,64.88
$GC,19901,1.23,345.2,3295,861,1565,1227,262.0,11.7,576,19905,0.00,2.12,0.00,0.000,1030,0.000,0.028,3295,2253,1396,1565,1227,0,0,0,0,0,0,25.64,25.56,25.67,8.57,64.84
$GC,20102,1.23,345.2,3294,2253,1565,1227,239.0,11.3,581,20108,0.00,2.25,0.00,0.000,260,0.000,0.044,3295,3654,1396,1565,1227,0,0,0,0,0,0,26.41,25.17,26.43,8.57,64.64
$GC,20150,1.23,345.2,3294,3654,1565,1227,234.1,11.3,582,20155,0.00,2.10,0.00,0.000,1030,0.000,0.023,3303,2252,1396,1565,1227,0,0,0,0,0,0,25.79,25.72,25.82,8.56,64.49
$GC,20344,1.23,345.2,3303,2252,1565,1227,211.9,10.9,587,20348,0.00,2.17,0.00,0.000,516,0.000,0.036,3313,864,1396,1565,1227,0,0,0,0,0,0,26.42,25.34,26.43,8.57,64.76
$GC,20436,1.23,345.2,3312,862,1565,1227,202.7,10.9,589,20441,0.10,2.12,0.00,0.000,5126,0.135,0.028,3280,2256,1396,1565,1227,0,0,0,0,0,0,25.29,25.56,25.37,8.57,64.49
$GC,20625,1.23,345.2,3280,2255,1565,1227,181.0,11.4,598,20630,0.00,2.25,0.00,0.000,260,0.000,0.044,3280,3658,1395,1565,1226,0,0,0,0,0,0,26.42,25.15,26.43,8.58,64.33
$GC,20670,1.23,345.2,3280,3658,1565,1227,175.5,12.0,600,20675,0.00,2.12,0.00,0.000,1030,0.000,0.023,3289,2242,1396,1565,1227,0,0,0,0,0,0,25.79,25.72,25.81,8.58,64.37
$GC,20876,1.23,345.2,3289,2241,1565,1227,151.2,11.9,610,20877,0.00,0.00,0.00,0.000,6,0.000,0.000,3289,2241,1396,1565,1227,0,0,0,0,0,0,26.42,26.44,26.43,8.58,63.93
$GC,21054,1.23,345.2,3288,2241,1565,1227,131.3,10.4,619,21055,0.00,0.00,0.00,0.000,6,0.000,0.000,3289,2241,1396,1565,1227,0,0,0,0,0,0,26.43,26.44,26.44,8.58,63.86
$GC,21234,1.24,355.8,3288,2241,1565,1227,114.5,9.5,628,21252,0.00,0.00,10.52,0.727,8198,0.000,0.000,3289,2241,1352,1525,1180,0,0,0,0,0,0,26.43,25.16,24.24,8.58,64.05
$GC,21435,1.26,370.6,3288,2242,1525,1182,94.5,9.3,638,21455,0.00,2.33,14.73,0.741,8452,0.000,0.043,3289,3649,1291,1466,1117,0,0,0,0,0,0,26.38,25.15,24.19,8.59,63.74
$GC,21522,1.27,381.1,3288,3649,1466,1118,86.3,9.5,642,21541,0.00,2.10,11.02,0.706,9222,0.000,0.023,3289,2252,1249,1425,1074,0,0,0,0,0,0,25.82,25.75,24.08,8.59,63.93
$GC,21720,1.37,484.2,3289,2252,1425,1075,71.1,5.3,652,21856,0.05,2.22,109.72,0.721,10756,0.138,0.036,3365,862,827,913,742,0,0,0,0,3,0,26.10,24.58,23.64,8.61,63.78
$GC,21985,1.37,485.3,3365,862,908,741,48.7,9.9,665,21991,0.12,2.15,0.00,0.000,5126,0.112,0.028,3324,2247,824,908,740,0,0,0,0,0,0,25.39,25.66,25.45,8.65,65.08
$GC,22182,1.46,485.3,3323,2247,907,741,29.5,10.2,684,22189,0.00,0.00,0.00,0.000,6,0.000,0.000,3324,2247,823,907,740,0,0,0,0,0,0,26.29,26.31,26.30,8.71,64.80
$GC,22371,1.53,492.4,3323,2247,907,741,11.7,9.7,703,22383,0.10,2.28,4.80,0.448,10500,0.073,0.041,3419,3651,793,873,714,0,0,0,0,0,0,26.13,25.26,24.39,8.75,63.97
$GC,22439,1.42,492.4,3418,3652,872,714,3.7,12.7,709,22449,0.28,2.08,0.00,0.000,5126,0.122,0.021,3343,2237,793,873,714,0,0,0,0,0,0,25.25,25.89,25.41,8.76,62.67
$STATE,22455,end climb,SURFACE_DEPTH_REACHED
$STATE,22455,begin surface coast
$FINISH,-1.1,1.022440
$STATE,22477,end surface coast,CONTROL_FINISHED_OK
$STATE,22477,begin surface
$SM_CCo,22558,0.00,0.000,0,0,793,493.79
$SM_GC,-0.00,8.07,0.60,0.00,0.023,0.030,0.000,166,1790,793,-8.30,2.06,493.79,0,0,0,0,0,0,25.94,25.97,25.98
$IRIDIUM_FIX,834.58,-14303.01,030525,093414
$TT8_MAMPS,0.026964,0.372253
$HUMID,59.05
$INTERNAL_PRESSURE,8.73208
$TCM_TEMP,19.00
$XPDR_PINGS,0
$ALTIM_TOP_PING,20.0,20.3
$24V_AH,22.54,111.782
$10V_AH,9.62,69.626
$FG_AHR_24Vo,0.000
$FG_AHR_10Vo,0.000
$DEVICES,Pitch_motor,Roll_motor,VBD_pump_during_apogee,VBD_pump_during_surface,VBD_valve,Iridium_during_init,Iridium_during_connect,Iridium_during_xfer,Transponder_ping,GUMSTIX_24V,GPS,TT8,LPSleep,TT8_Active,TT8_Sampling,TT8_CF8,TT8_Kalman,Analog_circuits,GPS_charging,Compass,RAFOS,Transponder,Compass2
$DEVICE_SECS,22.700,310.700,643.900,0.000,0.000,0.000,0.000,312.325,0.250,0.000,32.986,3150.536,15336.639,799.811,3202.259,531.885,0.000,2841.208,0.000,2722.578,0.000,2.765,0.000
$DEVICE_MAMPS,202.725,46.665,1343.340,0.000,0.000,0.000,0.000,87.210,420.000,0.000,30.710,15.210,2.190,15.210,43.670,53.410,0.000,14.000,0.000,8.240,0.000,30.000,0.000
$SENSORS,SBE_CT,WL_blue_red_Chl,AA4330,nil,nil,nil,nil,nil,nil,nil
$SENSOR_SECS,619.817,0.000,954.095,0.000,0.000,0.000,0.000,0.000,0.000,0.000
$SENSOR_MAMPS,22.470,0.000,11.230,0.000,0.000,0.000,0.000,0.000,0.000,0.000
$MEM,312020
$DATA_FILE_SIZE,52244,713
$CAP_FILE_SIZE,261780,0
$CFSIZE,2097872896,2002649088
$ERRORS,0,0,0,0,0,0,0,0,0,0,0,0,0,3,1,0
$CURRENT,0.092,77.62,1
$GPS,170905,223650,836.180,-14303.823,44,0.9,64,9.3,0.5,87.7,9,4.1
