version: 66.14
glider: 195
mission: 21
dive: 84
start: 4 24 105 8 44 9
data:
$ID,195
$MISSION,21
$DIVE,84
$N_DIVES,0
$STOP_T,0
$D_SURF,3
$D_FLARE,2
$D_TGT,990
$D_ABORT,1090
$D_NO_BLEED,50
$D_BOOST,3
$T_BOOST,0
$D_FINISH,0
$D_PITCH,0
$D_SAFE,0
$D_CALL,0
$SURFACE_URGENCY,0
$SURFACE_URGENCY_TRY,0
$SURFACE_URGENCY_FORCE,0
$T_DIVE,330
$T_MISSION,450
$T_ABORT,1440
$T_TURN,300
$T_TURN_SAMPINT,5
$T_NO_W,120
$T_LOITER,0
$T_SLOITER,60
$T_EPIRB,0
$USE_BATHY,0
$USE_ICE,0
$ICE_FREEZE_MARGIN,0.30000001
$D_OFFGRID,990
$T_WATCHDOG,10
$RELAUNCH,1
$APOGEE_PITCH,-8
$MAX_BUOY,150
$COURSE_BIAS,0
$GLIDE_SLOPE,30
$SPEED_FACTOR,1
$RHO,1.023
$MASS,54002
$MASS_COMP,0
$NAV_MODE,2
$FERRY_MAX,45
$KALMAN_USE,2
$HD_A,0.0038000001
$HD_B,0.0099999998
$HD_C,9.8500004e-06
$HEADING,-1
$ESCAPE_HEADING,0
$ESCAPE_HEADING_DELTA,10
$FIX_MISSING_TIMEOUT,0
$TGT_DEFAULT_LAT,4736
$TGT_DEFAULT_LON,-12225
$TGT_AUTO_DEFAULT,0
$SM_CC,250
$N_FILEKB,4
$FILEMGR,0
$CALL_NDIVES,1
$COMM_SEQ,0
$PROTOCOL,9
$N_NOCOMM,1
$NOCOMM_ACTION,0
$N_NOSURFACE,0
$UPLOAD_DIVES_MAX,-1
$CALL_TRIES,5
$CALL_WAIT,60
$CAPUPLOAD,0
$CAPMAXSIZE,200000
$HEAPDBG,0
$T_GPS,15
$N_GPS,50840
$T_RSLEEP,2
$STROBE,0
$RAFOS_PEAK_OFFSET,1.5
$RAFOS_CORR_THRESH,60
$RAFOS_HIT_WINDOW,3600
$RAFOS_MMODEM,0
$PITCH_MIN,207
$PITCH_MAX,3915
$C_PITCH,2880
$PITCH_DBAND,0.1
$PITCH_CNV,0.003125763
$P_OVSHOOT,0.039999999
$P_OVSHOOT_WITHG,0.079999998
$PITCH_GAIN,24
$PITCH_TIMEOUT,17
$PITCH_AD_RATE,160
$PITCH_MAXERRORS,1
$PITCH_ADJ_GAIN,0.02
$PITCH_ADJ_DBAND,2.5
$ROLL_MIN,224
$ROLL_MAX,3758
$ROLL_DEG,40
$C_ROLL_DIVE,2200
$C_ROLL_CLIMB,1700
$HEAD_ERRBAND,20
$ROLL_CNV,0.028270001
$ROLL_TIMEOUT,15
$R_PORT_OVSHOOT,47
$R_STBD_OVSHOOT,51
$ROLL_AD_RATE,350
$ROLL_MAXERRORS,2
$ROLL_ADJ_GAIN,0
$ROLL_ADJ_DBAND,0
$VBD_MIN,500
$VBD_MAX,3960
$C_VBD,2707
$VBD_DBAND,2
$VBD_CNV,-0.24529999
$VBD_LP_IGNORE,0
$VBD_TIMEOUT,720
$PITCH_VBD_SHIFT,0.001
$VBD_PUMP_AD_RATE_SURFACE,5
$VBD_PUMP_AD_RATE_APOGEE,4
$VBD_BLEED_AD_RATE,8
$UNCOM_BLEED,60
$VBD_MAXERRORS,1
$W_ADJ_DBAND,0
$DBDW,0
$PITCH_W_GAIN,0
$PITCH_W_DBAND,0
$CF8_MAXERRORS,5
$AH0_24V,150
$AH0_10V,97
$MINV_24V,19
$MINV_10V,8
$MAXI_24V,0.80000001
$MAXI_10V,0.60000002
$FG_AHR_10V,0
$FG_AHR_24V,0
$PHONE_SUPPLY,-2
$PRESSURE_YINT,-49.397121
$PRESSURE_SLOPE,0.0001168043
$AD7714Ch0Gain,128
$TCM_PITCH_OFFSET,0
$TCM_ROLL_OFFSET,0
$COMPASS_USE,4
$ALTIM_BOTTOM_PING_RANGE,0
$ALTIM_TOP_PING_RANGE,20
$ALTIM_BOTTOM_TURN_MARGIN,0
$ALTIM_TOP_TURN_MARGIN,0
$ALTIM_TOP_MIN_OBSTACLE,1
$ALTIM_PING_DEPTH,0
$ALTIM_PING_DELTA,0
$ALTIM_FREQUENCY,13
$ALTIM_PULSE,3
$ALTIM_SENSITIVITY,3
$XPDR_VALID,5
$XPDR_INHIBIT,90
$INT_PRESSURE_SLOPE,0.0097660003
$INT_PRESSURE_YINT,-0.77999997
$DEEPGLIDER,0
$MOTHERBOARD,4
$DEVICE1,2
$DEVICE2,115
$DEVICE3,101
$DEVICE4,-1
$DEVICE5,-1
$DEVICE6,-1
$LOGGERS,0
$LOGGERDEVICE1,-1
$LOGGERDEVICE2,-1
$LOGGERDEVICE3,-1
$LOGGERDEVICE4,-1
$COMPASS_DEVICE,33
$COMPASS2_DEVICE,-1
$PHONE_DEVICE,49
$GPS_DEVICE,32
$RAFOS_DEVICE,-1
$XPDR_DEVICE,24
$SIM_W,0
$SIM_PITCH,0
$SEABIRD_T_G,0.0044178674
$SEABIRD_T_H,0.00064818078
$SEABIRD_T_I,2.6779007e-05
$SEABIRD_T_J,3.3667231e-06
$SEABIRD_C_G,-10.098215
$SEABIRD_C_H,1.1454017
$SEABIRD_C_I,-0.0021276253
$SEABIRD_C_J,0.00025532115
$SEABIRD_C_Z,2974.52
$GPS1,240405,083637,126.0206,-13911.0938,41,0.8,55,9.4,1.4,294.0,10,4.7
$_CALLS,1
$_XMS_NAKs,0
$_XMS_TOUTs,0
$_SM_DEPTHo,0.31
$_SM_ANGLEo,-59.3
$GPS2,240405,084330,126.0666,-13911.3115,7,0.8,22,9.4,1.0,301.0,10,4.8
$SPEED_LIMITS,0.173,0.262
$TGT_NAME,WEST
$TGT_LATLONG,150.000,-14000.000
$TGT_RADIUS,200.000
$KALMAN_CONTROL,0.000000,0.000000
$KALMAN_X,0.000000,0.000000,0.000000,0.000000,0.000000
$KALMAN_Y,0.000000,0.000000,0.000000,0.000000,0.000000
$MHEAD_RNG_PITCHd_Wd,299.1,100435,-18.1,-10.000,-20.93,2235
$D_GRID,990
$GCHEAD,st_secs,pitch_ctl,vbd_ctl,pitch_ad_start,roll_ad_start,vbd_pot1_ad_start,vbd_pot2_ad_start,depth,ob_vertv,data_pts,end_secs,pitch_secs,roll_secs,vbd_secs,vbd_i,gcphase,pitch_i,roll_i,pitch_ad,roll_ad,vbd_ad,vbd_pot1_ad,vbd_pot2_ad,pitch_retries,pitch_errors,roll_retries,roll_errors,vbd_retries,vbd_errors,pitch_volts,roll_volts,vbd_volts,int_press,humidity
$STATE,7,end surface,CONTROL_FINISHED_OK
$STATE,7,begin dive
$GC,74,-0.90,-146.6,163,2199,1355,1044,0.3,0.2,12,143,0.00,0.00,-66.25,0.000,16386,0.000,0.000,162,2199,2944,2950,2938,0,0,0,0,0,0,26.44,28.83,26.45,8.89,46.73
$GC,147,-0.90,-146.6,161,2199,2954,2938,2.2,-5.1,22,170,9.15,2.20,-7.95,0.000,18692,0.215,0.055,2576,3592,3307,3324,3290,0,0,0,0,0,0,25.78,24.73,26.07,9.06,46.41
$GC,487,-0.77,-146.6,2576,3593,3334,3290,77.8,-17.0,72,497,0.15,2.08,0.00,0.000,3078,0.145,0.021,2622,2155,3312,3334,3290,0,0,0,0,0,0,26.03,26.36,26.15,9.11,46.69
$GC,808,-0.77,-146.6,2622,2155,3338,3290,106.1,-6.0,99,815,0.00,2.20,0.00,0.000,260,0.000,0.041,2614,3601,3314,3338,3290,0,0,0,0,0,0,26.70,26.32,26.70,9.10,46.65
$GC,1124,-0.77,-146.6,2614,3602,3340,3290,127.9,-7.2,114,1128,0.00,1.98,0.00,0.000,1030,0.000,0.021,2615,2190,3315,3340,3290,0,0,0,0,0,0,26.52,26.48,26.54,9.07,46.49
$GC,1438,-0.77,-146.6,2614,2190,3341,3290,148.8,-7.5,130,1442,0.00,2.12,0.00,0.000,260,0.000,0.041,2604,3594,3315,3341,3290,0,0,0,0,0,0,26.75,26.38,26.76,9.04,46.33
$GC,1658,-0.77,-146.6,2604,3594,3341,3290,167.6,-9.5,140,1666,0.00,2.00,0.00,0.000,1030,0.000,0.021,2604,2197,3315,3341,3290,0,0,0,0,0,0,26.53,26.50,26.53,9.03,46.53
$GC,1966,-0.77,-146.6,2603,2197,3341,3290,197.4,-9.2,156,1970,0.00,2.15,0.00,0.000,260,0.000,0.041,2594,3588,3315,3341,3290,0,0,0,0,0,0,26.77,26.39,26.77,9.00,47.20
$GC,2054,-0.77,-146.6,2593,3588,3341,3290,205.4,-9.2,160,2059,0.12,1.95,0.00,0.000,3078,0.145,0.021,2632,2192,3315,3341,3290,0,0,0,0,0,0,26.22,26.51,26.37,9.00,47.04
$GC,2376,-0.77,-146.6,2632,2192,3341,3290,231.7,-8.1,176,2381,0.00,2.15,0.00,0.000,260,0.000,0.042,2625,3604,3315,3341,3290,0,0,0,0,0,0,26.77,26.39,26.78,8.98,47.99
$GC,2617,-0.77,-146.6,2624,3605,3341,3290,252.0,-8.8,187,2624,0.00,1.98,0.00,0.000,1030,0.000,0.021,2625,2200,3315,3341,3290,0,0,0,0,0,0,26.55,26.50,26.57,8.97,48.18
$GC,2925,-0.77,-146.6,2624,2200,3341,3290,279.9,-8.4,203,2926,0.00,0.00,0.00,0.000,6,0.000,0.000,2625,2200,3315,3341,3290,0,0,0,0,0,0,26.77,26.78,26.79,8.95,49.25
$GC,3244,-0.77,-146.6,2624,2200,3340,3290,306.1,-8.0,218,3248,0.00,2.15,0.00,0.000,260,0.000,0.043,2615,3585,3315,3341,3290,0,0,0,0,0,0,26.77,26.39,26.79,8.93,49.05
$GC,3328,-0.77,-146.6,2614,3585,3341,3288,311.7,-8.4,220,3332,0.00,1.98,0.00,0.000,1030,0.000,0.022,2614,2196,3314,3341,3288,0,0,0,0,0,0,26.55,26.49,26.56,8.93,50.11
$GC,3643,-0.77,-146.6,2614,2195,3340,3286,340.0,-8.3,231,3647,0.00,2.03,0.00,0.000,516,0.000,0.034,2614,823,3313,3341,3286,0,0,0,0,0,0,26.77,26.41,26.78,8.92,50.15
$GC,3701,-0.77,-146.6,2614,823,3341,3286,342.9,-8.3,232,3709,0.00,2.03,0.00,0.000,1030,0.000,0.029,2606,2187,3313,3340,3286,0,0,0,0,0,0,26.47,26.44,26.50,8.91,50.00
$GC,4007,-0.77,-146.6,2606,2187,3340,3284,372.0,-9.0,243,4009,0.00,0.00,0.00,0.000,6,0.000,0.000,2606,2187,3312,3340,3284,0,0,0,0,0,0,26.77,26.79,26.79,8.90,50.66
$GC,4309,-0.77,-146.6,2605,2187,3340,3283,398.5,-8.5,253,4313,0.00,2.03,0.00,0.000,516,0.000,0.034,2607,824,3311,3340,3283,0,0,0,0,0,0,26.77,26.41,26.79,8.89,51.14
$GC,4416,-0.77,-146.6,2606,824,3340,3282,407.3,-9.0,256,4424,0.10,2.00,0.00,0.000,3078,0.154,0.030,2628,2199,3310,3339,3282,0,0,0,0,0,0,26.22,26.44,26.36,8.89,51.14
$GC,4734,-0.83,-146.6,2628,2199,3339,3281,430.0,-6.5,267,4739,0.00,2.15,0.00,0.000,260,0.000,0.044,2621,3605,3310,3339,3281,0,0,0,0,0,0,26.77,26.36,26.79,8.87,51.92
$GC,5047,-0.83,-146.6,2621,3605,3337,3279,451.5,-6.9,277,5051,0.00,2.03,0.00,0.000,1030,0.000,0.024,2621,2193,3308,3337,3279,0,0,0,0,0,0,26.54,26.48,26.56,8.86,51.45
$GC,5375,-0.83,-146.6,2620,2193,3337,3277,477.8,-8.3,288,5377,0.00,0.00,0.00,0.000,6,0.000,0.000,2620,2192,3307,3337,3277,0,0,0,0,0,0,26.78,26.79,26.79,8.85,51.92
$GC,5676,-0.89,-146.6,2620,2193,3336,3275,503.0,-8.3,298,5677,0.00,0.00,0.00,0.000,6,0.000,0.000,2621,2193,3305,3336,3275,0,0,0,0,0,0,26.78,26.79,26.79,8.84,52.24
$GC,5976,-0.94,-146.6,2620,2193,3334,3274,526.6,-7.8,308,5978,0.08,0.00,0.00,0.000,4102,0.100,0.000,2538,2193,3304,3334,3274,0,0,0,0,0,0,26.57,26.60,26.59,8.83,52.52
$GC,6275,-0.88,-146.6,2537,2192,3331,3273,557.5,-10.2,318,6280,0.17,2.17,0.00,0.000,2308,0.138,0.044,2584,3600,3302,3331,3273,0,0,0,0,0,0,26.20,26.34,26.34,8.82,52.48
$GC,6415,-0.88,-146.6,2583,3600,3331,3272,569.2,-9.3,322,6419,0.00,2.03,0.00,0.000,1030,0.000,0.024,2584,2194,3301,3330,3272,0,0,0,0,0,0,26.53,26.48,26.55,8.82,52.83
$GC,6734,-0.88,-146.6,2583,2193,3331,3271,599.3,-8.8,333,6736,0.00,0.00,0.00,0.000,6,0.000,0.000,2584,2194,3300,3330,3271,0,0,0,0,0,0,26.78,26.79,26.79,8.80,53.03
$GC,7034,-0.88,-146.6,2583,2194,3329,3269,625.1,-8.3,343,7039,0.00,2.17,0.00,0.000,260,0.000,0.046,2574,3601,3299,3329,3269,0,0,0,0,0,0,26.78,26.34,26.79,8.80,53.89
$GC,7164,-0.88,-146.6,2573,3601,3328,3268,635.6,-8.5,347,7168,0.00,2.08,0.00,0.000,1030,0.000,0.025,2574,2194,3298,3328,3269,0,0,0,0,0,0,26.50,26.47,26.51,8.80,53.18
$GC,7493,-0.88,-146.6,2573,2194,3328,3267,660.8,-7.3,358,7498,0.00,2.08,0.00,0.000,516,0.000,0.037,2573,809,3297,3327,3267,0,0,0,0,0,0,26.77,26.36,26.79,8.78,54.05
$GC,7639,-0.88,-146.6,2573,809,3327,3267,671.4,-8.4,362,7644,0.00,2.05,0.00,0.000,1030,0.000,0.031,2566,2197,3297,3327,3267,0,0,0,0,0,0,26.48,26.40,26.51,8.78,53.50
$GC,7956,-0.88,-146.6,2566,2197,3325,3265,700.8,-8.8,373,7960,0.00,2.17,0.00,0.000,260,0.000,0.047,2556,3603,3295,3325,3265,0,0,0,0,0,0,26.78,26.32,26.79,8.78,54.17
$GC,8050,-0.88,-146.6,2555,3603,3324,3265,710.3,-9.5,376,8057,0.12,2.05,0.00,0.000,3078,0.150,0.026,2594,2193,3294,3324,3265,0,0,0,0,0,0,26.15,26.46,26.30,8.77,54.29
$GC,8382,-0.88,-146.6,2593,2192,3324,3263,737.4,-8.0,387,8387,0.00,2.08,0.00,0.000,516,0.000,0.038,2594,812,3293,3324,3263,0,0,0,0,0,0,26.77,26.34,26.79,8.76,54.05
$GC,8449,-0.88,-146.6,2593,812,3324,3263,742.7,-8.2,389,8453,0.00,2.05,0.00,0.000,1030,0.000,0.032,2588,2199,3293,3324,3263,0,0,0,0,0,0,26.48,26.39,26.51,8.76,54.88
$GC,8777,-0.88,-146.6,2587,2199,3323,3262,769.4,-8.2,400,8781,0.00,2.17,0.00,0.000,260,0.000,0.047,2577,3602,3292,3323,3262,0,0,0,0,0,0,26.77,26.31,26.79,8.76,54.48
$GC,8841,-0.88,-146.6,2577,3602,3323,3262,775.3,-8.9,402,8845,0.00,2.05,0.00,0.000,1030,0.000,0.027,2578,2191,3292,3323,3262,0,0,0,0,0,0,26.51,26.45,26.53,8.75,54.56
$GC,9176,-0.88,-146.6,2577,2191,3323,3261,804.9,-8.9,413,9177,0.00,0.00,0.00,0.000,6,0.000,0.000,2577,2191,3292,3323,3261,0,0,0,0,0,0,26.77,26.79,26.79,8.75,55.11
$GC,9476,-0.88,-146.6,2576,2191,3323,3259,831.9,-9.0,423,9477,0.00,0.00,0.00,0.000,6,0.000,0.000,2577,2191,3290,3322,3259,0,0,0,0,0,0,26.77,26.79,26.79,8.74,55.35
$GC,9775,-0.88,-146.6,2576,2191,3322,3259,858.9,-9.2,433,9777,0.00,0.00,0.00,0.000,6,0.000,0.000,2577,2191,3290,3321,3259,0,0,0,0,0,0,26.78,26.79,26.78,8.74,55.39
$GC,10075,-0.88,-146.6,2577,2191,3319,3258,884.9,-8.5,443,10077,0.00,0.00,0.00,0.000,6,0.000,0.000,2577,2191,3289,3320,3258,0,0,0,0,0,0,26.77,26.79,26.79,8.73,55.19
$GC,10377,-0.88,-146.6,2577,2190,3319,3257,910.4,-8.6,453,10379,0.00,0.00,0.00,0.000,6,0.000,0.000,2577,2190,3288,3319,3257,0,0,0,0,0,0,26.77,26.79,26.79,8.73,55.67
$GC,10676,-0.88,-146.6,2577,2190,3318,3256,935.7,-8.3,463,10677,0.00,0.00,0.00,0.000,6,0.000,0.000,2578,2190,3287,3318,3256,0,0,0,0,0,0,26.77,26.79,26.79,8.72,55.55
$GC,10975,-0.88,-146.6,2577,2190,3317,3255,959.8,-8.0,473,10977,0.00,0.00,0.00,0.000,6,0.000,0.000,2577,2190,3286,3317,3255,0,0,0,0,0,0,26.77,26.79,26.79,8.72,55.90
$GC,11275,-0.88,-146.6,2577,2190,3317,3254,984.3,-8.3,483,11277,0.00,0.00,0.00,0.000,6,0.000,0.000,2577,2190,3285,3317,3254,0,0,0,0,0,0,26.77,26.79,26.79,8.72,56.30
$STATE,11361,end dive,TARGET_DEPTH_EXCEEDED
$STATE,11362,begin apogee
$GC,11369,-0.33,0.0,2577,1706,3316,3254,991.9,-8.3,486,11501,0.57,0.00,127.85,1.390,10246,0.112,0.000,2770,1706,2704,2796,2613,0,0,0,0,0,0,26.02,24.89,24.12,8.72,55.94
$STATE,11502,end apogee,CONTROL_FINISHED_OK
$STATE,11502,begin climb
$GC,11505,0.90,146.6,2770,1706,2791,2613,995.6,0.0,490,11646,1.12,0.00,136.62,1.336,10758,0.078,0.000,3164,1706,2108,2208,2008,0,0,0,0,0,0,25.08,24.53,23.82,8.66,54.84
$GC,11937,0.90,146.6,3163,1706,2200,2004,944.5,13.6,505,11941,0.00,2.22,0.00,0.000,516,0.000,0.049,3174,306,2102,2200,2004,0,0,0,0,0,0,26.25,25.90,26.25,8.61,55.07
$GC,11983,0.90,146.6,3173,305,2200,2004,939.5,13.8,506,11987,0.00,2.12,0.00,0.000,1030,0.000,0.030,3174,1707,2102,2200,2004,0,0,0,0,0,0,26.09,26.02,26.11,8.61,55.63
$GC,12299,0.85,146.6,3173,1708,2199,2002,894.4,13.8,517,12300,0.00,0.00,0.00,0.000,6,0.000,0.000,3174,1708,2100,2199,2002,0,0,0,0,0,0,26.54,26.55,26.55,8.61,56.14
$GC,12598,0.80,146.6,3173,1708,2198,2002,853.2,13.7,527,12600,0.12,0.00,0.00,0.000,4102,0.152,0.000,3137,1709,2100,2198,2002,0,0,0,0,0,0,26.17,26.36,26.32,8.60,56.18
$GC,12897,0.80,146.6,3136,1709,2197,2001,817.2,12.0,537,12898,0.00,0.00,0.00,0.000,6,0.000,0.000,3137,1709,2099,2197,2001,0,0,0,0,0,0,26.70,26.71,26.71,8.59,57.04
$GC,13197,0.80,146.6,3136,1709,2195,2001,780.8,12.2,547,13199,0.00,0.00,0.00,0.000,6,0.000,0.000,3137,1709,2098,2196,2001,0,0,0,0,0,0,26.73,26.74,26.74,8.59,56.61
$GC,13498,0.80,146.6,3136,1709,2195,2001,744.6,12.1,557,13500,0.00,0.00,0.00,0.000,6,0.000,0.000,3137,1709,2098,2195,2001,0,0,0,0,0,0,26.74,26.76,26.75,8.59,56.93
$GC,13798,0.80,146.6,3136,1709,2194,2000,709.1,11.8,567,13799,0.00,0.00,0.00,0.000,6,0.000,0.000,3137,1709,2097,2194,2001,0,0,0,0,0,0,26.75,26.77,26.77,8.59,57.16
$GC,14097,0.80,146.6,3135,1709,2194,2000,673.4,12.0,577,14098,0.00,0.00,0.00,0.000,6,0.000,0.000,3136,1709,2096,2193,2000,0,0,0,0,0,0,26.76,26.77,26.77,8.59,56.73
$GC,14397,0.80,146.6,3136,1709,2194,2000,637.3,11.8,587,14401,0.00,2.20,0.00,0.000,516,0.000,0.050,3144,314,2097,2194,2000,0,0,0,0,0,0,26.77,26.32,26.77,8.59,56.41
$GC,14475,0.80,146.6,3144,314,2193,2000,629.5,12.0,589,14479,0.00,2.08,0.00,0.000,1030,0.000,0.031,3144,1707,2097,2194,2000,0,0,0,0,0,0,26.50,26.42,26.53,8.59,56.49
$GC,14794,0.80,146.6,3144,1707,2194,2000,592.1,11.0,600,14795,0.00,0.00,0.00,0.000,6,0.000,0.000,3145,1707,2097,2194,2000,0,0,0,0,0,0,26.76,26.77,26.77,8.59,56.10
$GC,15094,0.80,146.6,3144,1707,2194,2000,559.3,11.0,610,15098,0.00,2.15,0.00,0.000,260,0.000,0.043,3144,3102,2097,2194,2000,0,0,0,0,0,0,26.77,26.35,26.77,8.59,56.37
$GC,15191,0.80,146.6,3144,3102,2194,2000,547.8,11.9,613,15196,0.00,2.08,0.00,0.000,1030,0.000,0.032,3153,1710,2097,2194,2000,0,0,0,0,0,0,26.48,26.40,26.52,8.60,57.00
$GC,15520,0.80,146.6,3152,1708,2194,2000,507.6,12.1,624,15522,0.00,0.00,0.00,0.000,6,0.000,0.000,3153,1708,2097,2194,2000,0,0,0,0,0,0,26.77,26.78,26.77,8.60,56.22
$GC,15820,0.80,146.6,3152,1708,2193,2000,473.4,11.3,634,15824,0.00,2.25,0.00,0.000,516,0.000,0.050,3164,304,2097,2194,2000,0,0,0,0,0,0,26.77,26.29,26.77,8.60,55.98
$GC,15893,0.80,146.6,3163,304,2193,2000,466.0,11.2,636,15897,0.00,2.08,0.00,0.000,1030,0.000,0.031,3164,1700,2096,2194,1999,0,0,0,0,0,0,26.49,26.41,26.52,8.61,56.10
$GC,16217,0.80,146.6,3163,1700,2194,2000,428.6,11.1,647,16221,0.00,2.15,0.00,0.000,260,0.000,0.042,3164,3100,2096,2193,1999,0,0,0,0,0,0,26.77,26.34,26.77,8.61,55.59
$GC,16294,0.80,146.6,3163,3100,2193,2000,421.2,11.3,649,16299,0.12,2.10,0.00,0.000,5126,0.147,0.031,3134,1689,2096,2193,1999,0,0,0,0,0,0,26.14,26.40,26.32,8.61,55.86
$GC,16608,0.80,146.6,3133,1688,2194,2000,387.7,10.3,660,16610,0.00,0.00,0.00,0.000,6,0.000,0.000,3134,1688,2096,2193,2000,0,0,0,0,0,0,26.77,26.77,26.77,8.61,55.47
$GC,16908,0.80,146.6,3133,1688,2193,2000,355.5,11.0,670,16913,0.00,2.17,0.00,0.000,516,0.000,0.050,3134,306,2096,2193,1999,0,0,0,0,0,0,26.77,26.27,26.77,8.62,56.30
$GC,16951,0.80,146.6,3133,306,2193,2000,351.8,11.1,671,16956,0.00,2.08,0.00,0.000,1030,0.000,0.030,3134,1707,2096,2193,2000,0,0,0,0,0,0,26.48,26.41,26.51,8.62,56.37
$GC,17275,0.80,146.6,3133,1707,2193,2000,317.0,10.0,682,17276,0.00,0.00,0.00,0.000,6,0.000,0.000,3134,1707,2096,2193,2000,0,0,0,0,0,0,26.77,26.77,26.77,8.64,56.30
$GC,17575,0.80,146.6,3134,1707,2193,2000,287.2,10.2,694,17576,0.00,0.00,0.00,0.000,6,0.000,0.000,3134,1707,2096,2193,1999,0,0,0,0,0,0,26.77,26.77,26.77,8.65,56.41
$GC,17876,0.80,146.6,3133,1707,2193,2000,257.2,10.0,709,17877,0.00,0.00,0.00,0.000,6,0.000,0.000,3134,1707,2096,2193,1999,0,0,0,0,0,0,26.77,26.78,26.77,8.65,55.63
$GC,18175,0.82,171.8,3133,1707,2193,1999,229.0,8.8,724,18202,0.00,2.15,21.62,0.851,8452,0.000,0.040,3134,3100,2002,2106,1898,0,0,0,0,0,0,26.77,25.77,25.29,8.67,55.47
$GC,18283,0.83,182.8,3133,3100,2106,1898,219.9,9.5,729,18299,0.00,2.10,11.05,0.793,9222,0.000,0.031,3134,1695,1960,2071,1850,0,0,0,0,0,0,26.20,26.13,25.19,8.66,54.48
$GC,18615,0.85,198.8,3133,1695,2070,1846,190.2,9.3,746,18633,0.00,0.00,15.57,0.812,8198,0.000,0.000,3134,1695,1895,2016,1775,0,0,0,0,0,0,26.53,25.84,25.18,8.66,54.48
$GC,18934,0.91,198.8,3133,1695,2014,1773,156.2,10.8,762,18940,0.08,2.15,0.00,0.000,2308,0.101,0.041,3203,3096,1893,2014,1773,0,0,0,0,0,0,26.31,26.17,26.34,8.67,54.17
$GC,18975,0.91,198.8,3202,3096,2014,1774,150.3,12.5,764,18982,0.10,2.08,0.00,0.000,5126,0.161,0.031,3172,1700,1893,2014,1773,0,0,0,0,0,0,26.03,26.22,26.17,8.67,54.52
$GC,19297,0.91,198.8,3172,1698,2014,1773,108.1,11.9,780,19298,0.00,0.00,0.00,0.000,6,0.000,0.000,3173,1698,1893,2014,1773,0,0,0,0,0,0,26.65,26.65,26.65,8.69,53.85
$GC,19600,1.02,258.0,3172,1698,2014,1773,83.3,7.3,805,19657,0.05,2.22,49.22,0.766,10500,0.139,0.039,3230,3105,1652,1803,1502,0,0,0,0,0,0,26.50,25.38,24.97,8.73,53.50
$GC,19758,1.02,258.0,3230,3105,1800,1499,66.9,11.0,820,19766,0.00,2.15,0.00,0.000,1030,0.000,0.030,3233,1701,1650,1801,1499,0,0,0,0,0,0,25.99,25.96,26.02,8.74,54.44
$GC,20072,1.04,276.0,3233,1700,1799,1497,35.4,9.2,864,20093,0.00,2.20,14.62,0.675,8708,0.000,0.044,3233,306,1579,1737,1421,0,0,0,0,0,0,26.52,25.74,25.31,8.82,54.25
$GC,20202,1.04,276.0,3233,307,1737,1421,22.2,10.7,887,20210,0.00,2.08,0.00,0.000,1030,0.000,0.028,3233,1707,1579,1737,1421,0,0,0,0,0,0,26.20,26.15,26.22,8.84,53.42
$STATE,20394,end climb,SURFACE_DEPTH_REACHED
$STATE,20395,begin surface coast
$FINISH,-0.3,1.023083
$STATE,20422,end surface coast,CONTROL_FINISHED_OK
$STATE,20423,begin surface
$SM_CCo,20503,0.00,0.000,0,0,1576,277.19
$SM_GC,0.12,7.75,0.73,0.00,0.031,0.040,0.000,170,2201,1576,-8.26,-1.39,277.19,0,0,0,0,0,0,26.33,26.26,26.36
$IRIDIUM_FIX,124.68,-13714.27,081224,025605
$TT8_MAMPS,0.026964,0.41944
$HUMID,50.94
$INTERNAL_PRESSURE,8.85904
$TCM_TEMP,19.70
$XPDR_PINGS,0
$ALTIM_TOP_PING,19.8,19.9
$24V_AH,23.82,14.971
$10V_AH,10.28,14.776
$FG_AHR_24Vo,0.000
$FG_AHR_10Vo,0.000
$DEVICES,Pitch_motor,Roll_motor,VBD_pump_during_apogee,VBD_pump_during_surface,VBD_valve,Iridium_during_init,Iridium_during_connect,Iridium_during_xfer,Transponder_ping,GUMSTIX_24V,GPS,TT8,LPSleep,TT8_Active,TT8_Sampling,TT8_CF8,TT8_Kalman,Analog_circuits,GPS_charging,Compass,RAFOS,Transponder,Compass2
$DEVICE_SECS,19.825,106.550,376.575,0.000,0.000,0.000,0.000,284.275,0.250,0.000,22.981,3099.534,14087.304,478.376,2897.668,354.702,0.000,1941.780,0.000,2235.539,0.000,2.767,0.000
$DEVICE_MAMPS,214.965,55.080,1390.005,0.000,0.000,0.000,0.000,89.505,420.000,0.000,30.710,15.210,2.190,15.210,43.670,53.410,0.000,14.000,0.000,8.240,0.000,30.000,0.000
$SENSORS,SBE_CT,WL_blue_red_Chl,AA4330,nil,nil,nil,nil,nil,nil,nil
$SENSOR_SECS,800.882,1009.380,1284.955,0.000,0.000,0.000,0.000,0.000,0.000,0.000
$SENSOR_MAMPS,22.470,105.000,11.230,0.000,0.000,0.000,0.000,0.000,0.000,0.000
$MEM,312508
$DATA_FILE_SIZE,69608,928
$CAP_FILE_SIZE,159541,0
$CFSIZE,2097872896,2082734080
$ERRORS,0,0,0,0,0,0,0,0,0,0,0,0,0,0,1,0
$CURRENT,0.047,133.68,1
$GPS,240405,142723,127.329,-13912.659,30,0.9,48,9.4,0.8,312.7,9,4.4
