version: 66.14
glider: 195
mission: 21
dive: 513
start: 8 18 105 7 0 7
data:
$ID,195
$MISSION,21
$DIVE,513
$N_DIVES,0
$STOP_T,0
$D_SURF,3
$D_FLARE,2
$D_TGT,990
$D_ABORT,1090
$D_NO_BLEED,50
$D_BOOST,3
$T_BOOST,0
$D_FINISH,0
$D_PITCH,0
$D_SAFE,0
$D_CALL,0
$SURFACE_URGENCY,0
$SURFACE_URGENCY_TRY,0
$SURFACE_URGENCY_FORCE,0
$T_DIVE,330
$T_MISSION,600
$T_ABORT,1440
$T_TURN,300
$T_TURN_SAMPINT,5
$T_NO_W,120
$T_LOITER,0
$T_SLOITER,60
$T_EPIRB,0
$USE_BATHY,0
$USE_ICE,0
$ICE_FREEZE_MARGIN,0.30000001
$D_OFFGRID,990
$T_WATCHDOG,10
$RELAUNCH,1
$APOGEE_PITCH,-8
$MAX_BUOY,150
$COURSE_BIAS,0
$GLIDE_SLOPE,30
$SPEED_FACTOR,1
$RHO,1.023
$MASS,54002
$MASS_COMP,0
$NAV_MODE,2
$FERRY_MAX,45
$KALMAN_USE,2
$HD_A,0.0038000001
$HD_B,0.0099999998
$HD_C,9.8500004e-06
$HEADING,-1
$ESCAPE_HEADING,0
$ESCAPE_HEADING_DELTA,10
$FIX_MISSING_TIMEOUT,0
$TGT_DEFAULT_LAT,4736
$TGT_DEFAULT_LON,-12225
$TGT_AUTO_DEFAULT,0
$SM_CC,300
$N_FILEKB,4
$FILEMGR,0
$CALL_NDIVES,1
$COMM_SEQ,0
$PROTOCOL,9
$N_NOCOMM,1
$NOCOMM_ACTION,0
$N_NOSURFACE,0
$UPLOAD_DIVES_MAX,-1
$CALL_TRIES,5
$CALL_WAIT,60
$CAPUPLOAD,0
$CAPMAXSIZE,200000
$HEAPDBG,0
$T_GPS,15
$N_GPS,50840
$T_RSLEEP,2
$STROBE,0
$RAFOS_PEAK_OFFSET,1.5
$RAFOS_CORR_THRESH,60
$RAFOS_HIT_WINDOW,3600
$RAFOS_MMODEM,0
$PITCH_MIN,207
$PITCH_MAX,3915
$C_PITCH,2884
$PITCH_DBAND,0.1
$PITCH_CNV,0.003125763
$P_OVSHOOT,0.039999999
$P_OVSHOOT_WITHG,0.079999998
$PITCH_GAIN,19.15
$PITCH_TIMEOUT,17
$PITCH_AD_RATE,160
$PITCH_MAXERRORS,1
$PITCH_ADJ_GAIN,0.02
$PITCH_ADJ_DBAND,2.5
$ROLL_MIN,224
$ROLL_MAX,3758
$ROLL_DEG,40
$C_ROLL_DIVE,1950
$C_ROLL_CLIMB,2100
$HEAD_ERRBAND,10
$ROLL_CNV,0.028270001
$ROLL_TIMEOUT,15
$R_PORT_OVSHOOT,94
$R_STBD_OVSHOOT,47
$ROLL_AD_RATE,350
$ROLL_MAXERRORS,2
$ROLL_ADJ_GAIN,0
$ROLL_ADJ_DBAND,0
$VBD_MIN,500
$VBD_MAX,3960
$C_VBD,2806
$VBD_DBAND,2
$VBD_CNV,-0.24529999
$VBD_LP_IGNORE,0
$VBD_TIMEOUT,720
$PITCH_VBD_SHIFT,0.001
$VBD_PUMP_AD_RATE_SURFACE,5
$VBD_PUMP_AD_RATE_APOGEE,4
$VBD_BLEED_AD_RATE,8
$UNCOM_BLEED,60
$VBD_MAXERRORS,1
$W_ADJ_DBAND,0
$DBDW,0
$PITCH_W_GAIN,0
$PITCH_W_DBAND,0
$CF8_MAXERRORS,5
$AH0_24V,150
$AH0_10V,97
$MINV_24V,19
$MINV_10V,8
$MAXI_24V,0.80000001
$MAXI_10V,0.60000002
$FG_AHR_10V,0
$FG_AHR_24V,0
$PHONE_SUPPLY,-2
$PRESSURE_YINT,-49.397121
$PRESSURE_SLOPE,0.0001168043
$AD7714Ch0Gain,128
$TCM_PITCH_OFFSET,0
$TCM_ROLL_OFFSET,0
$COMPASS_USE,4
$ALTIM_BOTTOM_PING_RANGE,0
$ALTIM_TOP_PING_RANGE,20
$ALTIM_BOTTOM_TURN_MARGIN,0
$ALTIM_TOP_TURN_MARGIN,0
$ALTIM_TOP_MIN_OBSTACLE,1
$ALTIM_PING_DEPTH,0
$ALTIM_PING_DELTA,0
$ALTIM_FREQUENCY,13
$ALTIM_PULSE,3
$ALTIM_SENSITIVITY,3
$XPDR_VALID,5
$XPDR_INHIBIT,90
$INT_PRESSURE_SLOPE,0.0097660003
$INT_PRESSURE_YINT,-0.77999997
$DEEPGLIDER,0
$MOTHERBOARD,4
$DEVICE1,2
$DEVICE2,115
$DEVICE3,101
$DEVICE4,-1
$DEVICE5,-1
$DEVICE6,-1
$LOGGERS,0
$LOGGERDEVICE1,-1
$LOGGERDEVICE2,-1
$LOGGERDEVICE3,-1
$LOGGERDEVICE4,-1
$COMPASS_DEVICE,33
$COMPASS2_DEVICE,-1
$PHONE_DEVICE,49
$GPS_DEVICE,32
$RAFOS_DEVICE,-1
$XPDR_DEVICE,24
$SIM_W,0
$SIM_PITCH,0
$SEABIRD_T_G,0.0044178674
$SEABIRD_T_H,0.00064818078
$SEABIRD_T_I,2.6779007e-05
$SEABIRD_T_J,3.3667231e-06
$SEABIRD_C_G,-10.098215
$SEABIRD_C_H,1.1454017
$SEABIRD_C_I,-0.0021276253
$SEABIRD_C_J,0.00025532115
$SEABIRD_C_Z,2974.52
$GPS1,180805,065212,816.7490,-14113.0215,41,0.9,59,9.3,0.4,316.8,9,5.0
$_CALLS,1
$_XMS_NAKs,2
$_XMS_TOUTs,0
$_SM_DEPTHo,0.04
$_SM_ANGLEo,-50.9
$GPS2,180805,065928,816.7808,-14113.0977,7,0.8,32,9.3,0.8,325.3,9,4.6
$SPEED_LIMITS,0.173,0.262
$TGT_NAME,TX2
$TGT_LATLONG,1145.000,-14800.000
$TGT_RADIUS,10000.000
$KALMAN_CONTROL,0.000000,0.000000
$KALMAN_X,0.000000,0.000000,0.000000,0.000000,0.000000
$KALMAN_Y,0.000000,0.000000,0.000000,0.000000,0.000000
$MHEAD_RNG_PITCHd_Wd,281.3,832491,-18.1,-10.000,-20.93,2235
$D_GRID,990
$GCHEAD,st_secs,pitch_ctl,vbd_ctl,pitch_ad_start,roll_ad_start,vbd_pot1_ad_start,vbd_pot2_ad_start,depth,ob_vertv,data_pts,end_secs,pitch_secs,roll_secs,vbd_secs,vbd_i,gcphase,pitch_i,roll_i,pitch_ad,roll_ad,vbd_ad,vbd_pot1_ad,vbd_pot2_ad,pitch_retries,pitch_errors,roll_retries,roll_errors,vbd_retries,vbd_errors,pitch_volts,roll_volts,vbd_volts,int_press,humidity
$STATE,6,end surface,CONTROL_FINISHED_OK
$STATE,7,begin dive
$GC,75,-1.09,-146.6,150,1910,768,643,-0.0,-0.0,6,154,0.00,0.00,-76.53,0.000,16386,0.000,0.000,147,1911,2714,2732,2697,0,0,0,0,0,0,26.36,28.83,26.37,8.80,53.18
$GC,159,-1.09,-146.6,147,1911,2736,2696,2.7,-5.3,14,190,9.30,2.33,-14.68,0.000,19204,0.203,0.051,2516,3349,3407,3428,3387,0,0,0,0,0,0,24.65,23.72,24.87,9.01,52.71
$GC,312,-0.98,-146.6,2516,3349,3432,3387,34.8,-17.9,29,317,0.15,2.03,0.00,0.000,3078,0.135,0.021,2562,1977,3409,3432,3387,0,0,0,0,0,0,25.52,26.05,25.75,9.09,53.30
$GC,519,-0.92,-146.6,2561,1978,3434,3387,64.4,-13.8,44,526,0.00,2.17,0.00,0.000,260,0.000,0.047,2554,3349,3410,3434,3387,0,0,0,0,0,0,26.51,25.79,26.51,9.10,53.70
$GC,657,-0.85,-146.6,2553,3349,3435,3387,77.2,-9.4,50,665,0.17,2.03,0.00,0.000,3078,0.123,0.019,2610,1935,3411,3435,3387,0,0,0,0,0,0,25.68,26.15,25.81,9.12,53.26
$GC,841,-0.85,-146.6,2609,1934,3438,3387,90.8,-6.5,60,847,0.00,2.10,0.00,0.000,516,0.000,0.033,2610,581,3413,3438,3388,0,0,0,0,0,0,26.53,25.94,26.54,9.11,52.91
$GC,874,-0.85,-146.6,2609,580,3438,3387,92.2,-6.2,61,878,0.00,2.03,0.00,0.000,1030,0.000,0.023,2602,1974,3412,3438,3387,0,0,0,0,0,0,26.17,26.11,26.20,9.11,52.95
$GC,1068,-0.85,-146.6,2602,1974,3441,3388,103.4,-5.9,71,1072,0.00,2.08,0.00,0.000,260,0.000,0.037,2593,3334,3414,3441,3388,0,0,0,0,0,0,26.55,25.93,26.55,9.09,52.48
$GC,1316,-0.85,-146.6,2592,3334,3443,3388,117.9,-6.3,83,1320,0.00,1.98,0.00,0.000,1030,0.000,0.019,2592,1950,3415,3443,3388,0,0,0,0,0,0,26.24,26.19,26.26,9.06,52.83
$GC,1520,-0.85,-146.6,2592,1950,3444,3387,131.8,-7.0,93,1524,0.00,2.08,0.00,0.000,516,0.000,0.032,2592,579,3415,3444,3387,0,0,0,0,0,0,26.55,25.96,26.56,9.04,52.87
$GC,1631,-0.85,-146.6,2592,579,3444,3387,138.5,-6.5,98,1636,0.00,2.00,0.00,0.000,1030,0.000,0.022,2583,1957,3416,3445,3388,0,0,0,0,0,0,26.20,26.14,26.22,9.03,52.87
$GC,1825,-0.85,-146.6,2582,1957,3445,3388,151.8,-6.9,108,1829,0.00,2.12,0.00,0.000,260,0.000,0.037,2573,3342,3416,3445,3387,0,0,0,0,0,0,26.55,25.94,26.57,9.03,52.71
$GC,1973,-0.85,-146.6,2572,3342,3445,3388,161.1,-6.2,115,1979,0.10,2.03,0.00,0.000,3078,0.122,0.019,2606,1951,3416,3445,3388,0,0,0,0,0,0,25.84,26.19,25.89,9.01,53.22
$GC,2174,-0.85,-146.6,2606,1951,3446,3388,172.9,-5.9,125,2179,0.00,2.08,0.00,0.000,516,0.000,0.034,2606,582,3416,3445,3388,0,0,0,0,0,0,26.56,25.95,26.57,9.00,54.25
$GC,2304,-0.85,-146.6,2606,582,3445,3388,180.8,-6.5,131,2308,0.00,2.00,0.00,0.000,1030,0.000,0.023,2599,1953,3416,3445,3388,0,0,0,0,0,0,26.20,26.13,26.22,8.99,54.44
$GC,2503,-0.85,-146.6,2599,1954,3445,3387,194.7,-7.2,141,2507,0.00,2.12,0.00,0.000,260,0.000,0.037,2590,3333,3416,3445,3388,0,0,0,0,0,0,26.56,25.94,26.57,8.97,54.41
$GC,2670,-0.85,-146.6,2589,3334,3445,3388,207.2,-7.6,147,2674,0.00,1.98,0.00,0.000,1030,0.000,0.020,2590,1955,3416,3445,3388,0,0,0,0,0,0,26.23,26.18,26.25,8.97,55.55
$GC,2874,-0.85,-146.6,2589,1954,3445,3387,222.3,-7.4,152,2878,0.00,2.10,0.00,0.000,516,0.000,0.034,2590,576,3416,3445,3387,0,0,0,0,0,0,26.56,25.94,26.57,8.96,55.74
$GC,3047,-0.85,-146.6,2589,576,3445,3387,235.4,-8.0,156,3051,0.00,2.03,0.00,0.000,1030,0.000,0.023,2581,1958,3416,3445,3387,0,0,0,0,0,0,26.19,26.13,26.21,8.95,55.67
$GC,3241,-0.85,-146.6,2581,1958,3444,3387,251.4,-7.8,161,3246,0.00,2.15,0.00,0.000,260,0.000,0.038,2571,3332,3416,3444,3388,0,0,0,0,0,0,26.56,25.94,26.58,8.94,56.69
$GC,3258,-0.85,-146.6,2571,3332,3444,3387,251.4,-7.8,161,3264,0.12,2.00,0.00,0.000,3078,0.128,0.020,2611,1940,3415,3444,3387,0,0,0,0,0,0,25.83,26.17,25.94,8.94,56.06
$GC,3450,-0.92,-146.6,2611,1940,3444,3387,265.9,-7.0,166,3454,0.00,2.08,0.00,0.000,516,0.000,0.034,2611,579,3415,3444,3387,0,0,0,0,0,0,26.56,25.93,26.58,8.93,56.49
$GC,3607,-0.99,-146.6,2611,579,3444,3387,274.8,-7.0,169,3616,0.08,2.00,0.00,0.000,5126,0.094,0.024,2526,1950,3415,3443,3387,0,0,0,0,0,0,26.06,26.12,26.12,8.93,56.45
$GC,3816,-0.99,-146.6,2526,1950,3443,3387,293.6,-8.1,175,3823,0.12,2.15,0.00,0.000,2308,0.137,0.037,2558,3341,3414,3442,3387,0,0,0,0,0,0,26.01,25.92,26.08,8.92,56.69
$GC,3898,-0.99,-146.6,2557,3341,3441,3387,300.1,-7.9,177,3902,0.00,2.03,0.00,0.000,1030,0.000,0.020,2558,1947,3414,3441,3387,0,0,0,0,0,0,26.22,26.17,26.25,8.91,57.52
$GC,4104,-0.99,-146.6,2557,1947,3441,3387,315.6,-7.6,182,4108,0.00,2.12,0.00,0.000,516,0.000,0.034,2558,564,3414,3441,3387,0,0,0,0,0,0,26.57,25.92,26.58,8.91,57.52
$GC,4291,-0.99,-146.6,2557,564,3440,3387,328.6,-7.9,186,4295,0.00,2.05,0.00,0.000,1030,0.000,0.024,2549,1958,3413,3440,3386,0,0,0,0,0,0,26.18,26.11,26.20,8.90,57.36
$GC,4509,-0.99,-146.6,2549,1959,3438,3387,346.4,-7.3,192,4514,0.00,2.17,0.00,0.000,516,0.000,0.034,2549,568,3412,3438,3387,0,0,0,0,0,0,26.57,25.93,26.58,8.90,58.34
$GC,4566,-0.99,-146.6,2549,567,3438,3387,349.6,-7.3,193,4570,0.00,2.05,0.00,0.000,1030,0.000,0.024,2540,1960,3412,3437,3387,0,0,0,0,0,0,26.17,26.10,26.20,8.90,58.07
$GC,4755,-0.99,-146.6,2540,1961,3435,3387,364.9,-7.5,198,4759,0.00,2.17,0.00,0.000,260,0.000,0.038,2530,3338,3411,3435,3387,0,0,0,0,0,0,26.57,25.92,26.58,8.89,58.15
$GC,4822,-0.99,-146.6,2530,3338,3434,3386,368.4,-7.6,199,4827,0.10,2.03,0.00,0.000,3078,0.145,0.021,2561,1943,3410,3434,3387,0,0,0,0,0,0,25.83,26.16,25.93,8.89,57.87
$GC,5043,-0.99,-146.6,2561,1943,3434,3385,387.2,-7.8,205,5048,0.00,2.10,0.00,0.000,516,0.000,0.034,2562,576,3409,3433,3385,0,0,0,0,0,0,26.57,25.91,26.58,8.88,58.19
$GC,5208,-0.99,-146.6,2561,576,3433,3385,400.9,-8.2,209,5213,0.00,2.08,0.00,0.000,1030,0.000,0.024,2555,1951,3409,3433,3385,0,0,0,0,0,0,26.13,26.10,26.16,8.88,58.07
$GC,5413,-0.99,-146.6,2554,1951,3433,3384,416.8,-7.7,214,5418,0.00,2.12,0.00,0.000,516,0.000,0.034,2555,574,3408,3433,3383,0,0,0,0,0,0,26.57,25.91,26.58,8.87,58.46
$GC,5485,-0.99,-146.6,2554,574,3433,3383,420.4,-7.7,215,5489,0.00,2.05,0.00,0.000,1030,0.000,0.024,2545,1960,3408,3433,3383,0,0,0,0,0,0,26.17,26.10,26.19,8.88,59.01
$GC,5700,-0.99,-146.6,2544,1961,3432,3382,439.2,-7.7,221,5704,0.00,2.17,0.00,0.000,516,0.000,0.035,2545,573,3407,3432,3382,0,0,0,0,0,0,26.57,25.91,26.58,8.87,58.50
$GC,5757,-0.99,-146.6,2544,572,3432,3382,442.7,-7.8,222,5762,0.00,2.05,0.00,0.000,1030,0.000,0.025,2536,1957,3407,3432,3382,0,0,0,0,0,0,26.16,26.09,26.19,8.87,58.58
$GC,5947,-0.99,-146.6,2536,1957,3431,3381,458.8,-7.9,227,5951,0.00,2.17,0.00,0.000,516,0.000,0.035,2536,576,3406,3432,3381,0,0,0,0,0,0,26.57,25.90,26.58,8.87,58.74
$GC,6014,-0.99,-146.6,2535,576,3431,3381,462.5,-7.9,228,6021,0.12,2.05,0.00,0.000,3078,0.139,0.024,2566,1956,3406,3431,3381,0,0,0,0,0,0,25.73,26.09,25.85,8.85,58.93
$GC,6233,-0.99,-146.6,2565,1956,3431,3379,479.7,-7.0,234,6237,0.00,2.12,0.00,0.000,516,0.000,0.035,2566,576,3405,3430,3380,0,0,0,0,0,0,26.57,25.90,26.58,8.85,59.84
$GC,6324,-0.99,-146.6,2566,576,3431,3380,485.9,-7.1,236,6329,0.00,2.03,0.00,0.000,1030,0.000,0.024,2559,1947,3405,3430,3380,0,0,0,0,0,0,26.16,26.09,26.18,8.85,59.29
$GC,6521,-0.99,-146.6,2558,1947,3430,3379,499.9,-7.0,241,6525,0.00,2.12,0.00,0.000,516,0.000,0.036,2559,573,3404,3430,3379,0,0,0,0,0,0,26.57,25.89,26.58,8.85,60.04
$GC,6567,-0.99,-146.6,2558,573,3430,3380,503.2,-7.0,242,6571,0.00,2.05,0.00,0.000,1030,0.000,0.024,2550,1950,3404,3430,3379,0,0,0,0,0,0,26.15,26.08,26.17,8.85,59.49
$GC,6765,-0.99,-146.6,2550,1950,3429,3379,517.5,-7.2,247,6767,0.00,0.00,0.00,0.000,6,0.000,0.000,2550,1951,3404,3429,3379,0,0,0,0,0,0,26.57,26.58,26.58,8.84,59.96
$GC,6965,-0.99,-146.6,2550,1950,3428,3378,532.6,-7.5,252,6969,0.00,2.12,0.00,0.000,516,0.000,0.036,2550,576,3402,3428,3377,0,0,0,0,0,0,26.57,25.88,26.58,8.84,59.64
$GC,7072,-0.99,-146.6,2549,575,3427,3378,539.5,-7.9,254,7076,0.00,2.05,0.00,0.000,1030,0.000,0.025,2541,1954,3402,3427,3377,0,0,0,0,0,0,26.15,26.08,26.17,8.84,59.56
$GC,7291,-0.99,-146.6,2541,1954,3426,3377,559.9,-8.5,260,7296,0.00,2.15,0.00,0.000,516,0.000,0.036,2541,570,3401,3426,3377,0,0,0,0,0,0,26.57,25.87,26.58,8.83,59.72
$GC,7383,-0.99,-146.6,2540,569,3426,3377,567.5,-8.8,262,7390,0.10,2.05,0.00,0.000,3078,0.143,0.025,2562,1950,3400,3425,3376,0,0,0,0,0,0,25.78,26.08,25.88,8.83,60.00
$GC,7575,-0.99,-146.6,2562,1950,3425,3375,584.6,-8.5,267,7580,0.00,2.17,0.00,0.000,260,0.000,0.039,2554,3346,3400,3424,3376,0,0,0,0,0,0,26.57,25.86,26.58,8.83,59.72
$GC,7608,-0.99,-146.6,2554,3346,3424,3375,584.6,-8.5,267,7612,0.00,2.05,0.00,0.000,1030,0.000,0.022,2554,1948,3399,3424,3375,0,0,0,0,0,0,26.18,26.13,26.20,8.82,60.31
$GC,7822,-0.99,-146.6,2554,1948,3424,3375,604.8,-8.1,273,7827,0.00,2.17,0.00,0.000,516,0.000,0.037,2554,567,3399,3424,3375,0,0,0,0,0,0,26.57,25.86,26.58,8.82,60.04
$GC,7980,-0.99,-146.6,2554,567,3424,3375,615.0,-8.1,276,7988,0.00,2.05,0.00,0.000,1030,0.000,0.025,2545,1950,3399,3423,3375,0,0,0,0,0,0,26.14,26.07,26.17,8.81,59.56
$GC,8188,-0.99,-146.6,2545,1950,3423,3374,632.8,-7.2,282,8192,0.00,2.17,0.00,0.000,516,0.000,0.037,2545,574,3398,3422,3374,0,0,0,0,0,0,26.57,25.85,26.58,8.81,60.51
$GC,8287,-0.99,-146.6,2545,574,3422,3374,639.1,-7.3,284,8291,0.00,2.05,0.00,0.000,1030,0.000,0.025,2536,1951,3398,3422,3374,0,0,0,0,0,0,26.13,26.06,26.16,8.81,59.60
$GC,8476,-0.99,-146.6,2535,1952,3421,3373,653.8,-7.2,289,8480,0.00,2.20,0.00,0.000,260,0.000,0.040,2526,3338,3397,3422,3372,0,0,0,0,0,0,26.57,25.86,26.58,8.80,60.86
$GC,8520,-0.99,-146.6,2525,3338,3421,3372,657.0,-7.2,290,8525,0.10,2.08,0.00,0.000,3078,0.126,0.022,2559,1950,3397,3421,3373,0,0,0,0,0,0,25.75,26.12,25.81,8.80,60.15
$GC,8724,-0.99,-146.6,2558,1950,3421,3372,671.4,-7.1,295,8729,0.00,2.17,0.00,0.000,516,0.000,0.037,2559,575,3396,3421,3372,0,0,0,0,0,0,26.56,25.83,26.58,8.80,60.78
$GC,8875,-0.99,-146.6,2558,574,3421,3372,680.9,-7.6,298,8879,0.00,2.05,0.00,0.000,1030,0.000,0.026,2553,1948,3396,3421,3372,0,0,0,0,0,0,26.13,26.06,26.15,8.80,60.31
$GC,9094,-0.99,-146.6,2552,1948,3420,3370,700.4,-8.0,304,9098,0.00,2.22,0.00,0.000,260,0.000,0.040,2542,3345,3395,3420,3370,0,0,0,0,0,0,26.57,25.84,26.58,8.79,60.47
$GC,9111,-0.99,-146.6,2542,3345,3419,3370,700.4,-8.0,304,9115,0.00,2.05,0.00,0.000,1030,0.000,0.022,2542,1951,3395,3420,3370,0,0,0,0,0,0,26.17,26.11,26.19,8.79,61.10
$GC,9300,-0.99,-146.6,2542,1951,3420,3370,717.2,-8.2,309,9304,0.00,2.15,0.00,0.000,516,0.000,0.037,2542,572,3395,3420,3370,0,0,0,0,0,0,26.57,25.82,26.58,8.79,60.78
$GC,9436,-0.99,-146.6,2542,573,3420,3369,727.8,-8.5,312,9442,0.10,2.05,0.00,0.000,3078,0.145,0.026,2564,1952,3394,3419,3370,0,0,0,0,0,0,25.75,26.04,25.85,8.79,60.47
$GC,9629,-1.05,-146.6,2563,1952,3419,3368,743.8,-7.9,317,9633,0.00,2.17,0.00,0.000,260,0.000,0.040,2556,3339,3393,3419,3368,0,0,0,0,0,0,26.57,25.82,26.58,8.78,60.78
$GC,9682,-1.10,-146.6,2555,3340,3419,3367,747.3,-7.9,318,9686,0.00,2.05,0.00,0.000,1030,0.000,0.022,2556,1951,3393,3419,3367,0,0,0,0,0,0,26.16,26.09,26.17,8.78,60.94
$GC,9876,-1.10,-146.6,2555,1951,3419,3368,762.9,-7.7,323,9880,0.00,2.15,0.00,0.000,516,0.000,0.038,2556,570,3392,3418,3367,0,0,0,0,0,0,26.57,25.81,26.58,8.78,61.61
$GC,10040,-1.10,-146.6,2555,570,3418,3367,775.7,-7.8,327,10044,0.00,2.08,0.00,0.000,1030,0.000,0.027,2546,1961,3392,3418,3367,0,0,0,0,0,0,26.10,26.03,26.13,8.78,60.78
$GC,10244,-1.10,-146.6,2546,1961,3418,3367,791.1,-7.5,332,10247,0.00,2.17,0.00,0.000,516,0.000,0.037,2546,570,3392,3418,3366,0,0,0,0,0,0,26.57,25.81,26.58,8.77,61.38
$GC,10310,-1.10,-146.6,2545,570,3418,3366,794.3,-7.5,333,10315,0.00,2.08,0.00,0.000,1030,0.000,0.027,2538,1955,3392,3418,3366,0,0,0,0,0,0,26.10,26.02,26.13,8.77,60.98
$GC,10529,-1.10,-146.6,2537,1955,3417,3365,812.9,-7.6,339,10535,0.00,2.20,0.00,0.000,516,0.000,0.037,2538,570,3391,3417,3365,0,0,0,0,0,0,26.57,25.80,26.58,8.76,61.38
$GC,10632,-1.10,-146.6,2537,570,3417,3365,819.8,-7.9,341,10637,0.00,2.08,0.00,0.000,1030,0.000,0.027,2528,1958,3391,3417,3365,0,0,0,0,0,0,26.09,26.02,26.13,8.76,60.67
$GC,10859,-1.10,-146.6,2528,1958,3416,3364,838.5,-7.6,347,10862,0.00,2.17,0.00,0.000,516,0.000,0.037,2529,566,3390,3416,3365,0,0,0,0,0,0,26.57,25.79,26.58,8.76,61.41
$GC,10966,-1.10,-146.6,2528,565,3416,3364,845.0,-7.7,349,10970,0.00,2.08,0.00,0.000,1030,0.000,0.027,2519,1949,3390,3416,3365,0,0,0,0,0,0,26.09,26.01,26.12,8.76,61.45
$GC,11186,-1.10,-146.6,2517,1949,3415,3364,862.9,-7.4,355,11190,0.00,2.17,0.00,0.000,516,0.000,0.037,2518,561,3389,3415,3364,0,0,0,0,0,0,26.57,25.78,26.58,8.76,61.34
$GC,11258,-1.10,-146.6,2518,559,3415,3363,866.1,-7.3,356,11262,0.00,2.10,0.00,0.000,1030,0.000,0.027,2509,1958,3389,3415,3364,0,0,0,0,0,0,26.08,26.01,26.11,8.76,62.01
$GC,11472,-1.10,-146.6,2509,1958,3414,3363,883.8,-7.2,362,11474,0.00,0.00,0.00,0.000,6,0.000,0.000,2509,1958,3388,3414,3363,0,0,0,0,0,0,26.57,26.58,26.58,8.75,61.73
$GC,11672,-1.10,-146.6,2508,1958,3414,3363,898.0,-7.1,367,11677,0.00,2.17,0.00,0.000,516,0.000,0.038,2509,570,3388,3414,3363,0,0,0,0,0,0,26.57,25.77,26.58,8.75,61.57
$GC,11806,-1.10,-146.6,2509,570,3414,3363,907.5,-7.5,370,11813,0.10,2.08,0.00,0.000,3078,0.154,0.027,2529,1951,3388,3413,3363,0,0,0,0,0,0,25.67,25.99,25.77,8.75,61.38
$GC,11998,-1.10,-146.6,2528,1951,3413,3362,922.0,-7.3,375,12000,0.00,0.00,0.00,0.000,6,0.000,0.000,2529,1951,3387,3413,3362,0,0,0,0,0,0,26.56,26.58,26.58,8.75,62.44
$GC,12199,-1.10,-146.6,2528,1951,3413,3361,936.9,-7.4,380,12202,0.00,2.17,0.00,0.000,516,0.000,0.039,2529,567,3387,3413,3361,0,0,0,0,0,0,26.57,25.75,26.58,8.75,62.36
$GC,12327,-1.10,-146.6,2528,567,3413,3361,946.8,-7.8,383,12331,0.00,2.08,0.00,0.000,1030,0.000,0.028,2523,1951,3387,3413,3361,0,0,0,0,0,0,26.06,25.98,26.08,8.74,61.97
$GC,12531,-1.10,-146.6,2522,1951,3412,3360,962.4,-7.5,388,12535,0.00,2.17,0.00,0.000,516,0.000,0.038,2523,562,3386,3412,3360,0,0,0,0,0,0,26.56,25.74,26.58,8.73,62.79
$GC,12628,-1.10,-146.6,2522,562,3412,3360,969.1,-7.7,390,12633,0.00,2.10,0.00,0.000,1030,0.000,0.028,2513,1960,3386,3412,3360,0,0,0,0,0,0,26.05,25.96,26.08,8.74,61.93
$GC,12820,-1.10,-146.6,2512,1960,3412,3360,984.3,-7.5,395,12824,0.00,2.20,0.00,0.000,516,0.000,0.038,2513,560,3385,3411,3360,0,0,0,0,0,0,26.57,25.72,26.57,8.74,62.48
$STATE,12901,end dive,TARGET_DEPTH_EXCEEDED
$STATE,12901,begin apogee
$GC,12910,-0.42,0.0,2501,2097,3411,3360,991.0,-7.7,397,13051,0.75,0.00,137.25,1.356,10246,0.109,0.000,2746,2097,2805,2901,2709,0,0,0,0,0,0,25.15,24.08,22.70,8.73,62.16
$STATE,13053,end apogee,CONTROL_FINISHED_OK
$STATE,13053,begin climb
$GC,13056,1.09,146.6,2746,2097,2899,2709,996.1,0.0,400,13212,1.40,2.30,143.98,1.297,10756,0.067,0.037,3246,723,2206,2291,2121,0,0,0,0,0,0,24.77,24.17,22.80,8.69,60.59
$GC,13241,0.86,193.5,3246,723,2290,2121,984.2,7.9,405,13295,0.28,2.15,47.55,1.249,13318,0.125,0.027,3162,2102,2015,2125,1906,0,0,0,0,0,0,25.00,25.32,23.08,8.63,59.01
$GC,13508,0.93,208.4,3161,2102,2123,1902,958.4,9.3,412,13530,0.00,2.30,14.98,1.180,8964,0.000,0.042,3162,3500,1953,2073,1833,0,0,0,0,0,0,26.27,24.97,23.53,8.61,60.55
$GC,13641,0.94,215.3,3161,3500,2073,1832,946.5,9.7,415,13654,0.00,2.10,7.97,1.056,9222,0.000,0.024,3169,2106,1928,2048,1808,0,0,0,0,0,0,25.94,25.87,23.65,8.61,60.94
$GC,13869,1.02,222.5,3168,2105,2048,1803,923.1,9.7,421,13885,0.08,2.22,8.85,1.099,10756,0.099,0.038,3251,712,1895,2020,1771,0,0,0,0,0,0,26.15,25.17,23.75,8.60,61.61
$GC,13977,1.02,222.5,3251,711,2021,1771,914.2,10.3,423,13983,0.10,2.15,0.00,0.000,5126,0.106,0.028,3207,2100,1896,2021,1771,0,0,0,0,0,0,25.58,25.91,25.72,8.60,61.49
$GC,14192,1.02,222.5,3206,2100,2021,1771,889.2,10.2,429,14196,0.00,2.22,0.00,0.000,260,0.000,0.043,3207,3510,1895,2020,1771,0,0,0,0,0,0,26.44,25.86,26.44,8.59,62.48
$GC,14308,1.02,222.5,3206,3511,2020,1771,880.5,10.3,431,14315,0.00,2.12,0.00,0.000,1030,0.000,0.024,3213,2087,1895,2020,1771,0,0,0,0,0,0,26.14,26.07,26.16,8.59,62.28
$GC,14515,1.02,225.1,3213,2087,2020,1771,856.5,9.9,437,14521,0.00,2.22,0.00,0.000,260,0.000,0.042,3213,3501,1895,2020,1771,0,0,0,0,0,0,26.51,25.90,26.52,8.58,62.67
$GC,14568,1.02,227.6,3213,3501,2020,1771,852.0,9.9,438,14582,0.00,2.10,6.43,1.000,9222,0.000,0.024,3221,2096,1874,1999,1750,0,0,0,0,0,0,26.16,26.09,23.88,8.59,62.60
$GC,14802,1.03,236.1,3221,2096,1999,1751,828.6,9.6,444,14818,0.00,2.25,9.90,1.112,8452,0.000,0.042,3222,3510,1841,1969,1713,0,0,0,0,0,0,26.47,25.22,23.82,8.58,62.64
$GC,14872,1.04,243.4,3221,3510,1969,1713,824.5,9.7,445,14888,0.00,2.12,9.50,1.091,9222,0.000,0.024,3231,2100,1809,1942,1677,0,0,0,0,0,0,26.00,25.94,23.69,8.58,63.19
$GC,15084,1.04,245.7,3230,2100,1942,1677,800.6,9.9,451,15090,0.00,2.22,0.00,0.000,260,0.000,0.042,3231,3505,1810,1942,1678,0,0,0,0,0,0,26.36,25.79,26.36,8.57,62.71
$GC,15117,1.04,248.1,3230,3506,1942,1678,800.6,9.9,451,15130,0.00,2.10,5.78,0.944,9222,0.000,0.024,3240,2099,1791,1925,1658,0,0,0,0,0,0,26.05,25.98,23.81,8.57,63.34
$GC,15329,1.04,248.1,3240,2099,1926,1659,775.4,10.3,457,15333,0.00,2.22,0.00,0.000,260,0.000,0.041,3241,3499,1792,1926,1659,0,0,0,0,0,0,26.42,25.83,26.43,8.56,63.66
$GC,15365,1.04,248.1,3240,3501,1926,1658,775.4,10.3,457,15374,0.10,2.10,0.00,0.000,5126,0.153,0.024,3220,2098,1792,1926,1658,0,0,0,0,0,0,25.71,26.02,25.83,8.57,62.99
$GC,15574,1.04,248.1,3219,2097,1926,1659,750.4,10.1,463,15578,0.00,2.22,0.00,0.000,260,0.000,0.041,3220,3500,1792,1926,1658,0,0,0,0,0,0,26.49,25.86,26.50,8.56,63.58
$GC,15620,1.04,248.1,3219,3501,1925,1658,745.6,10.2,464,15624,0.00,2.10,0.00,0.000,1030,0.000,0.024,3227,2097,1792,1926,1658,0,0,0,0,0,0,26.14,26.07,26.17,8.57,63.58
$GC,15818,1.04,248.1,3227,2097,1926,1658,724.8,10.2,469,15822,0.00,2.22,0.00,0.000,260,0.000,0.041,3226,3501,1792,1926,1658,0,0,0,0,0,0,26.53,25.87,26.53,8.56,63.07
$GC,15869,1.04,248.1,3226,3501,1926,1658,720.2,10.4,470,15874,0.00,2.10,0.00,0.000,1030,0.000,0.024,3236,2102,1791,1925,1658,0,0,0,0,0,0,26.15,26.08,26.17,8.56,63.07
$GC,16063,1.04,248.1,3236,2101,1926,1659,699.1,10.4,475,16070,0.00,2.22,0.00,0.000,260,0.000,0.041,3236,3508,1792,1926,1659,0,0,0,0,0,0,26.53,25.86,26.55,8.56,63.62
$GC,16106,1.04,248.1,3235,3508,1925,1658,694.9,10.4,476,16110,0.00,2.12,0.00,0.000,1030,0.000,0.024,3246,2088,1792,1926,1658,0,0,0,0,0,0,26.15,26.08,26.17,8.56,63.46
$GC,16304,1.04,248.1,3245,2087,1926,1658,674.2,10.3,481,16311,0.00,2.25,0.00,0.000,260,0.000,0.041,3246,3507,1791,1925,1658,0,0,0,0,0,0,26.54,25.85,26.55,8.56,63.70
$GC,16347,1.04,248.1,3245,3507,1926,1658,669.9,10.4,482,16352,0.12,2.12,0.00,0.000,5126,0.145,0.024,3217,2091,1791,1925,1658,0,0,0,0,0,0,25.70,26.08,25.82,8.56,63.30
$GC,16542,1.05,256.4,3217,2091,1925,1658,651.0,9.6,487,16555,0.00,0.00,9.88,1.040,8198,0.000,0.000,3217,2091,1758,1895,1622,0,0,0,0,0,0,26.55,25.11,23.89,8.56,63.86
$GC,16743,1.06,267.1,3217,2090,1894,1620,631.9,9.5,492,16762,0.00,2.30,11.70,1.053,8452,0.000,0.041,3217,3501,1714,1857,1571,0,0,0,0,0,0,26.44,25.14,23.80,8.55,63.27
$GC,16847,1.07,273.0,3217,3501,1857,1571,623.9,9.7,494,16862,0.00,2.12,7.12,0.940,9222,0.000,0.024,3225,2098,1690,1836,1545,0,0,0,0,0,0,25.96,25.89,23.77,8.55,63.97
$GC,17063,1.07,274.6,3224,2098,1835,1545,600.1,9.9,500,17067,0.00,2.22,0.00,0.000,260,0.000,0.041,3225,3499,1690,1836,1545,0,0,0,0,0,0,26.37,25.76,26.39,8.54,63.58
$GC,17109,1.07,274.6,3224,3500,1836,1545,595.4,10.0,501,17114,0.00,2.12,0.00,0.000,1030,0.000,0.024,3234,2094,1690,1836,1545,0,0,0,0,0,0,26.03,25.97,26.06,8.54,63.38
$GC,17308,1.07,274.6,3234,2095,1836,1545,574.8,10.3,506,17310,0.00,0.00,0.00,0.000,6,0.000,0.000,3234,2094,1690,1836,1545,0,0,0,0,0,0,26.48,26.48,26.48,8.55,63.15
$GC,17508,1.07,274.6,3234,2094,1836,1545,553.9,10.4,511,17513,0.00,2.25,0.00,0.000,260,0.000,0.042,3234,3510,1690,1836,1545,0,0,0,0,0,0,26.51,25.81,26.52,8.55,63.38
$GC,17595,1.07,274.6,3234,3510,1836,1545,544.6,10.7,513,17599,0.00,2.12,0.00,0.000,1030,0.000,0.024,3244,2097,1690,1835,1545,0,0,0,0,0,0,26.13,26.06,26.15,8.56,63.58
$GC,17793,1.07,274.6,3244,2097,1836,1545,523.5,10.4,518,17795,0.00,0.00,0.00,0.000,6,0.000,0.000,3244,2097,1690,1835,1545,0,0,0,0,0,0,26.53,26.54,26.54,8.55,63.66
$GC,17994,1.07,274.6,3243,2097,1836,1545,503.1,10.2,523,18000,0.00,2.22,0.00,0.000,260,0.000,0.042,3244,3502,1690,1835,1545,0,0,0,0,0,0,26.54,25.81,26.55,8.55,63.54
$GC,18088,1.07,274.6,3244,3502,1836,1545,494.5,10.4,525,18093,0.00,2.10,0.00,0.000,1030,0.000,0.024,3255,2100,1690,1836,1545,0,0,0,0,0,0,26.13,26.06,26.15,8.55,63.23
$GC,18277,1.07,274.6,3254,2100,1836,1545,473.6,10.2,530,18279,0.00,0.00,0.00,0.000,6,0.000,0.000,3255,2100,1690,1836,1545,0,0,0,0,0,0,26.55,26.55,26.55,8.55,63.03
$GC,18477,1.07,274.6,3254,2100,1836,1545,452.7,10.4,535,18483,0.00,2.22,0.00,0.000,260,0.000,0.043,3254,3504,1690,1835,1545,0,0,0,0,0,0,26.55,25.79,26.55,8.56,63.30
$GC,18591,1.07,274.6,3254,3503,1835,1545,443.9,10.8,537,18599,0.12,2.10,0.00,0.000,5126,0.145,0.024,3226,2093,1690,1836,1545,0,0,0,0,0,0,25.66,26.06,25.77,8.56,63.38
$GC,18798,1.12,274.6,3226,2093,1836,1545,419.0,10.2,543,18802,0.00,2.15,0.00,0.000,516,0.000,0.038,3234,710,1690,1836,1545,0,0,0,0,0,0,26.55,25.80,26.55,8.56,63.34
$GC,18869,1.12,274.6,3233,710,1836,1545,414.5,10.3,544,18874,0.00,2.10,0.00,0.000,1030,0.000,0.027,3234,2110,1690,1836,1545,0,0,0,0,0,0,26.08,26.00,26.10,8.56,63.50
$GC,19083,1.12,274.6,3233,2110,1835,1545,388.6,10.9,550,19088,0.00,2.22,0.00,0.000,260,0.000,0.043,3234,3491,1690,1835,1545,0,0,0,0,0,0,26.55,25.77,26.55,8.57,63.54
$GC,19212,1.12,274.6,3233,3491,1836,1545,373.9,11.6,553,19217,0.00,2.08,0.00,0.000,1030,0.000,0.024,3241,2102,1690,1836,1545,0,0,0,0,0,0,26.12,26.05,26.15,8.57,62.99
$GC,19411,1.12,274.6,3240,2101,1836,1545,350.8,11.3,558,19416,0.00,2.22,0.00,0.000,260,0.000,0.042,3241,3504,1690,1836,1545,0,0,0,0,0,0,26.55,25.76,26.55,8.58,62.79
$GC,19463,1.12,274.6,3240,3504,1836,1545,345.6,11.3,559,19467,0.00,2.12,0.00,0.000,1030,0.000,0.024,3252,2100,1690,1836,1545,0,0,0,0,0,0,26.08,26.05,26.09,8.58,62.95
$GC,19656,1.12,274.6,3251,2101,1835,1545,323.0,11.3,564,19661,0.00,2.20,0.00,0.000,260,0.000,0.042,3252,3493,1690,1836,1545,0,0,0,0,0,0,26.54,25.76,26.56,8.58,62.91
$GC,19719,1.12,274.6,3251,3493,1835,1545,317.9,11.3,565,19723,0.00,2.08,0.00,0.000,1030,0.000,0.024,3262,2099,1690,1835,1545,0,0,0,0,0,0,26.10,26.04,26.13,8.58,62.52
$GC,19943,1.12,274.6,3261,2099,1836,1545,290.6,11.2,571,19948,0.00,2.22,0.00,0.000,260,0.000,0.042,3262,3503,1690,1836,1545,0,0,0,0,0,0,26.55,25.75,26.55,8.58,62.75
$GC,20020,1.12,274.6,3261,3503,1836,1545,285.6,11.2,572,20028,0.00,2.10,0.00,0.000,1030,0.000,0.024,3270,2087,1690,1836,1545,0,0,0,0,0,0,26.11,26.05,26.13,8.58,62.44
$GC,20229,1.12,274.6,3269,2087,1836,1545,260.6,10.1,578,20233,0.00,2.22,0.00,0.000,260,0.000,0.041,3270,3493,1690,1836,1545,0,0,0,0,0,0,26.55,25.75,26.55,8.57,62.01
$GC,20295,1.12,274.6,3269,3493,1836,1545,256.0,10.0,579,20300,0.12,2.08,0.00,0.000,5126,0.138,0.023,3241,2099,1690,1835,1545,0,0,0,0,0,0,25.67,26.04,25.77,8.58,62.24
$GC,20510,1.14,292.5,3240,2099,1836,1545,234.0,9.2,585,20535,0.00,2.30,18.65,0.855,8452,0.000,0.041,3241,3502,1609,1763,1456,0,0,0,0,0,0,26.55,25.01,23.82,8.59,62.52
$GC,20610,1.15,300.0,3240,3502,1763,1456,226.0,9.7,587,20628,0.00,2.12,7.95,0.754,9222,0.000,0.024,3248,2090,1580,1736,1425,0,0,0,0,0,0,25.95,25.88,23.87,8.58,61.97
$GC,20831,1.15,300.0,3248,2090,1736,1425,201.8,10.1,593,20839,0.00,2.25,0.00,0.000,260,0.000,0.041,3249,3505,1580,1736,1425,0,0,0,0,0,0,26.39,25.71,26.39,8.59,62.04
$GC,20906,1.15,302.4,3248,3505,1736,1425,195.3,9.9,595,20913,0.00,2.10,0.00,0.000,1030,0.000,0.023,3258,2096,1580,1736,1425,0,0,0,0,0,0,26.03,25.97,26.06,8.59,62.20
$GC,21093,1.17,318.3,3258,2096,1736,1425,176.7,9.3,605,21116,0.00,2.25,16.92,0.806,8452,0.000,0.041,3259,3503,1504,1665,1344,0,0,0,0,0,0,26.48,25.11,23.98,8.59,62.20
$GC,21169,1.17,327.2,3258,3503,1664,1344,170.7,9.6,608,21183,0.00,2.10,9.12,0.736,9222,0.000,0.023,3268,2100,1471,1635,1307,0,0,0,0,0,0,25.94,25.86,23.94,8.58,61.45
$GC,21377,1.17,327.2,3268,2100,1630,1303,147.2,10.7,619,21382,0.00,2.25,0.00,0.000,260,0.000,0.041,3269,3495,1467,1631,1303,0,0,0,0,0,0,26.36,25.71,26.36,8.58,62.08
$GC,21450,1.17,327.2,3268,3495,1630,1304,140.0,11.0,622,21454,0.00,2.10,0.00,0.000,1030,0.000,0.023,3277,2092,1466,1630,1303,0,0,0,0,0,0,26.03,25.96,26.05,8.58,61.38
$GC,21643,1.17,327.2,3277,2092,1631,1303,118.8,10.2,632,21648,0.00,2.25,0.00,0.000,260,0.000,0.041,3278,3514,1466,1630,1303,0,0,0,0,0,0,26.47,25.77,26.48,8.59,61.49
$GC,21735,1.17,327.2,3277,3514,1630,1303,108.7,12.0,636,21740,0.00,2.10,0.00,0.000,1030,0.000,0.024,3279,2101,1466,1630,1303,0,0,0,0,0,0,26.09,26.03,26.11,8.59,61.77
$GC,21930,1.19,340.0,3278,2101,1630,1303,87.0,9.4,646,21948,0.00,0.00,11.90,0.721,8198,0.000,0.000,3279,2101,1415,1581,1249,0,0,0,0,0,0,26.52,24.69,24.08,8.60,62.12
$GC,22130,1.24,391.3,3278,2101,1581,1249,70.6,7.7,656,22181,0.00,2.30,43.85,0.757,8452,0.000,0.041,3278,3495,1206,1380,1033,0,0,0,0,0,0,26.43,24.87,23.86,8.62,62.20
$GC,22302,1.26,416.3,3278,3495,1377,1034,58.3,8.9,664,22354,0.00,2.10,32.67,0.662,9222,0.000,0.023,3279,2100,1105,1248,962,0,0,0,0,2,0,25.86,25.79,23.84,8.66,63.50
$GC,22534,1.37,450.7,3277,2100,1247,963,35.8,8.4,684,22576,0.08,2.28,35.65,0.698,10500,0.097,0.041,3357,3502,964,1069,860,0,0,0,0,0,0,26.06,24.91,23.95,8.72,63.11
$GC,22606,1.37,450.7,3356,3502,1068,860,28.3,10.9,691,22611,0.15,2.12,0.00,0.000,5126,0.129,0.021,3320,2093,963,1068,859,0,0,0,0,0,0,25.32,25.63,25.46,8.72,62.08
$GC,22801,1.47,485.2,3319,2093,1068,858,9.7,8.4,710,22831,0.08,2.25,21.85,0.567,10500,0.095,0.039,3393,3503,821,901,742,0,0,0,0,0,0,26.10,24.70,24.20,8.76,61.34
$GC,22865,1.47,485.2,3393,3504,899,742,3.5,10.0,716,22871,0.15,2.10,0.00,0.000,5126,0.132,0.021,3357,2084,820,899,742,0,0,0,0,0,0,25.45,25.81,25.61,8.77,60.35
$STATE,22877,end climb,SURFACE_DEPTH_REACHED
$STATE,22877,begin surface coast
$FINISH,-0.6,1.022498
$STATE,22899,end surface coast,CONTROL_FINISHED_OK
$STATE,22899,begin surface
$SM_CCo,22980,0.00,0.000,0,0,819,487.41
$SM_GC,0.02,8.23,0.15,0.00,0.030,0.066,0.000,160,1954,819,-8.31,1.87,487.41,0,0,0,0,0,0,25.93,25.95,25.96
$IRIDIUM_FIX,818.87,-14110.54,030425,002305
$TT8_MAMPS,0.026964,0.40446
$HUMID,57.08
$INTERNAL_PRESSURE,8.74185
$TCM_TEMP,18.90
$XPDR_PINGS,0
$ALTIM_TOP_PING,19.3,18.9
$24V_AH,22.70,89.395
$10V_AH,9.47,58.122
$FG_AHR_24Vo,0.000
$FG_AHR_10Vo,0.000
$DEVICES,Pitch_motor,Roll_motor,VBD_pump_during_apogee,VBD_pump_during_surface,VBD_valve,Iridium_during_init,Iridium_during_connect,Iridium_during_xfer,Transponder_ping,GUMSTIX_24V,GPS,TT8,LPSleep,TT8_Active,TT8_Sampling,TT8_CF8,TT8_Kalman,Analog_circuits,GPS_charging,Compass,RAFOS,Transponder,Compass2
$DEVICE_SECS,22.425,303.300,619.450,0.000,0.000,0.000,0.000,280.900,0.250,0.000,33.113,3336.755,15162.598,770.688,3598.200,540.116,0.000,2923.165,0.000,3122.413,0.000,2.762,0.000
$DEVICE_MAMPS,203.490,65.790,1355.580,0.000,0.000,0.000,0.000,93.330,420.000,0.000,30.710,15.210,2.190,15.210,43.670,53.410,0.000,14.000,0.000,8.240,0.000,30.000,0.000
$SENSORS,SBE_CT,WL_blue_red_Chl,AA4330,nil,nil,nil,nil,nil,nil,nil
$SENSOR_SECS,626.515,0.000,962.507,0.000,0.000,0.000,0.000,0.000,0.000,0.000
$SENSOR_MAMPS,22.470,0.000,11.230,0.000,0.000,0.000,0.000,0.000,0.000,0.000
$MEM,311960
$DATA_FILE_SIZE,55683,719
$CAP_FILE_SIZE,266573,0
$CFSIZE,2097872896,2020737024
$ERRORS,0,0,0,0,0,0,0,0,0,0,0,0,0,2,2,0
$CURRENT,0.050,77.95,1
$GPS,180805,132449,816.761,-14113.976,38,1.0,59,9.3,0.5,113.2,9,5.0
