version: 66.14
glider: 195
mission: 21
dive: 181
start: 5 18 105 8 20 44
data:
$ID,195
$MISSION,21
$DIVE,181
$N_DIVES,0
$STOP_T,0
$D_SURF,3
$D_FLARE,2
$D_TGT,990
$D_ABORT,1090
$D_NO_BLEED,50
$D_BOOST,3
$T_BOOST,0
$D_FINISH,0
$D_PITCH,0
$D_SAFE,0
$D_CALL,0
$SURFACE_URGENCY,0
$SURFACE_URGENCY_TRY,0
$SURFACE_URGENCY_FORCE,0
$T_DIVE,440
$T_MISSION,600
$T_ABORT,1440
$T_TURN,300
$T_TURN_SAMPINT,5
$T_NO_W,120
$T_LOITER,0
$T_SLOITER,60
$T_EPIRB,0
$USE_BATHY,0
$USE_ICE,0
$ICE_FREEZE_MARGIN,0.30000001
$D_OFFGRID,990
$T_WATCHDOG,10
$RELAUNCH,1
$APOGEE_PITCH,-8
$MAX_BUOY,150
$COURSE_BIAS,0
$GLIDE_SLOPE,30
$SPEED_FACTOR,1
$RHO,1.023
$MASS,54002
$MASS_COMP,0
$NAV_MODE,2
$FERRY_MAX,45
$KALMAN_USE,2
$HD_A,0.0038000001
$HD_B,0.0099999998
$HD_C,9.8500004e-06
$HEADING,-1
$ESCAPE_HEADING,0
$ESCAPE_HEADING_DELTA,10
$FIX_MISSING_TIMEOUT,0
$TGT_DEFAULT_LAT,4736
$TGT_DEFAULT_LON,-12225
$TGT_AUTO_DEFAULT,0
$SM_CC,250
$N_FILEKB,4
$FILEMGR,0
$CALL_NDIVES,1
$COMM_SEQ,0
$PROTOCOL,9
$N_NOCOMM,1
$NOCOMM_ACTION,0
$N_NOSURFACE,0
$UPLOAD_DIVES_MAX,-1
$CALL_TRIES,5
$CALL_WAIT,60
$CAPUPLOAD,0
$CAPMAXSIZE,200000
$HEAPDBG,0
$T_GPS,15
$N_GPS,50840
$T_RSLEEP,2
$STROBE,0
$RAFOS_PEAK_OFFSET,1.5
$RAFOS_CORR_THRESH,60
$RAFOS_HIT_WINDOW,3600
$RAFOS_MMODEM,0
$PITCH_MIN,207
$PITCH_MAX,3915
$C_PITCH,2900
$PITCH_DBAND,0.1
$PITCH_CNV,0.003125763
$P_OVSHOOT,0.039999999
$P_OVSHOOT_WITHG,0.079999998
$PITCH_GAIN,24
$PITCH_TIMEOUT,17
$PITCH_AD_RATE,160
$PITCH_MAXERRORS,1
$PITCH_ADJ_GAIN,0.02
$PITCH_ADJ_DBAND,2.5
$ROLL_MIN,224
$ROLL_MAX,3758
$ROLL_DEG,40
$C_ROLL_DIVE,2220
$C_ROLL_CLIMB,1770
$HEAD_ERRBAND,20
$ROLL_CNV,0.028270001
$ROLL_TIMEOUT,15
$R_PORT_OVSHOOT,45
$R_STBD_OVSHOOT,59
$ROLL_AD_RATE,350
$ROLL_MAXERRORS,2
$ROLL_ADJ_GAIN,0
$ROLL_ADJ_DBAND,0
$VBD_MIN,500
$VBD_MAX,3960
$C_VBD,2707
$VBD_DBAND,2
$VBD_CNV,-0.24529999
$VBD_LP_IGNORE,0
$VBD_TIMEOUT,720
$PITCH_VBD_SHIFT,0.001
$VBD_PUMP_AD_RATE_SURFACE,5
$VBD_PUMP_AD_RATE_APOGEE,4
$VBD_BLEED_AD_RATE,8
$UNCOM_BLEED,60
$VBD_MAXERRORS,1
$W_ADJ_DBAND,0
$DBDW,0
$PITCH_W_GAIN,0
$PITCH_W_DBAND,0
$CF8_MAXERRORS,5
$AH0_24V,150
$AH0_10V,97
$MINV_24V,19
$MINV_10V,8
$MAXI_24V,0.80000001
$MAXI_10V,0.60000002
$FG_AHR_10V,0
$FG_AHR_24V,0
$PHONE_SUPPLY,-2
$PRESSURE_YINT,-49.397121
$PRESSURE_SLOPE,0.0001168043
$AD7714Ch0Gain,128
$TCM_PITCH_OFFSET,0
$TCM_ROLL_OFFSET,0
$COMPASS_USE,4
$ALTIM_BOTTOM_PING_RANGE,0
$ALTIM_TOP_PING_RANGE,20
$ALTIM_BOTTOM_TURN_MARGIN,0
$ALTIM_TOP_TURN_MARGIN,0
$ALTIM_TOP_MIN_OBSTACLE,1
$ALTIM_PING_DEPTH,0
$ALTIM_PING_DELTA,0
$ALTIM_FREQUENCY,13
$ALTIM_PULSE,3
$ALTIM_SENSITIVITY,3
$XPDR_VALID,5
$XPDR_INHIBIT,90
$INT_PRESSURE_SLOPE,0.0097660003
$INT_PRESSURE_YINT,-0.77999997
$DEEPGLIDER,0
$MOTHERBOARD,4
$DEVICE1,2
$DEVICE2,115
$DEVICE3,101
$DEVICE4,-1
$DEVICE5,-1
$DEVICE6,-1
$LOGGERS,0
$LOGGERDEVICE1,-1
$LOGGERDEVICE2,-1
$LOGGERDEVICE3,-1
$LOGGERDEVICE4,-1
$COMPASS_DEVICE,33
$COMPASS2_DEVICE,-1
$PHONE_DEVICE,49
$GPS_DEVICE,32
$RAFOS_DEVICE,-1
$XPDR_DEVICE,24
$SIM_W,0
$SIM_PITCH,0
$SEABIRD_T_G,0.0044178674
$SEABIRD_T_H,0.00064818078
$SEABIRD_T_I,2.6779007e-05
$SEABIRD_T_J,3.3667231e-06
$SEABIRD_C_G,-10.098215
$SEABIRD_C_H,1.1454017
$SEABIRD_C_I,-0.0021276253
$SEABIRD_C_J,0.00025532115
$SEABIRD_C_Z,2974.52
$GPS1,180505,080953,356.9374,-13957.3936,39,0.8,63,9.3,1.9,312.3,10,4.5
$_CALLS,2
$_XMS_NAKs,0
$_XMS_TOUTs,0
$_SM_DEPTHo,0.34
$_SM_ANGLEo,-61.3
$GPS2,180505,082004,357.4989,-13957.8574,7,0.8,28,9.3,2.2,321.3,10,4.5
$SPEED_LIMITS,0.130,0.237
$TGT_NAME,ZZ5
$TGT_LATLONG,412.070,-14016.720
$TGT_RADIUS,200.000
$KALMAN_CONTROL,0.000000,0.000000
$KALMAN_X,0.000000,0.000000,0.000000,0.000000,0.000000
$KALMAN_Y,0.000000,0.000000,0.000000,0.000000,0.000000
$MHEAD_RNG_PITCHd_Wd,253.5,44067,-14.0,-7.500,-17.57,2969
$D_GRID,990
$GCHEAD,st_secs,pitch_ctl,vbd_ctl,pitch_ad_start,roll_ad_start,vbd_pot1_ad_start,vbd_pot2_ad_start,depth,ob_vertv,data_pts,end_secs,pitch_secs,roll_secs,vbd_secs,vbd_i,gcphase,pitch_i,roll_i,pitch_ad,roll_ad,vbd_ad,vbd_pot1_ad,vbd_pot2_ad,pitch_retries,pitch_errors,roll_retries,roll_errors,vbd_retries,vbd_errors,pitch_volts,roll_volts,vbd_volts,int_press,humidity
$STATE,7,end surface,CONTROL_FINISHED_OK
$STATE,7,begin dive
$GC,75,-0.73,-146.6,174,2233,888,736,0.3,0.1,6,155,0.00,0.00,-77.93,0.000,16386,0.000,0.000,173,2233,2859,2869,2849,0,0,0,0,0,0,26.44,28.83,26.44,8.88,47.32
$GC,160,-0.73,-146.6,173,2233,2871,2849,2.4,-3.7,14,190,9.40,2.12,-9.95,0.000,18948,0.209,0.044,2656,809,3307,3330,3285,0,0,0,0,0,0,25.58,25.51,25.75,9.08,46.37
$GC,437,-0.59,-146.6,2656,808,3335,3285,52.1,-17.4,40,445,0.17,2.08,0.00,0.000,3078,0.120,0.026,2709,2200,3310,3335,3285,0,0,0,0,0,0,25.91,26.22,25.99,9.13,46.41
$GC,747,-0.59,-146.6,2708,2200,3336,3285,88.7,-11.7,71,751,0.00,2.05,0.00,0.000,516,0.000,0.031,2708,812,3310,3336,3285,0,0,0,0,0,0,26.66,26.25,26.67,9.15,47.75
$GC,759,-0.59,-146.6,2708,812,3336,3285,90.5,-12.0,72,763,0.00,2.05,0.00,0.000,1030,0.000,0.025,2702,2229,3310,3336,3285,0,0,0,0,0,0,26.36,26.29,26.39,9.15,47.91
$GC,1072,-0.59,-146.6,2701,2229,3337,3285,119.7,-8.9,103,1076,0.00,2.10,0.00,0.000,516,0.000,0.030,2702,804,3311,3337,3285,0,0,0,0,0,0,26.70,26.27,26.70,9.15,47.28
$GC,1388,-0.59,-146.6,2701,804,3338,3285,139.5,-5.5,133,1396,0.00,2.05,0.00,0.000,1030,0.000,0.025,2693,2221,3311,3338,3285,0,0,0,0,0,0,26.41,26.34,26.44,9.13,46.77
$GC,1695,-0.59,-146.6,2692,2220,3339,3285,154.4,-4.3,164,1700,0.00,2.10,0.00,0.000,516,0.000,0.030,2693,805,3312,3339,3285,0,0,0,0,0,0,26.71,26.29,26.72,9.10,47.04
$GC,2014,-0.59,-146.6,2692,805,3340,3285,174.4,-7.3,194,2022,0.00,2.08,0.00,0.000,1030,0.000,0.025,2684,2230,3312,3340,3285,0,0,0,0,0,0,26.42,26.34,26.44,9.07,46.65
$GC,2322,-0.59,-146.6,2683,2230,3340,3285,191.7,-6.0,225,2329,0.00,0.00,0.00,0.000,6,0.000,0.000,2684,2230,3312,3340,3285,0,0,0,0,0,0,26.72,26.73,26.73,9.03,47.16
$GC,2661,-0.59,-146.6,2683,2230,3340,3285,211.4,-5.5,244,2663,0.00,0.00,0.00,0.000,6,0.000,0.000,2684,2230,3312,3339,3285,0,0,0,0,0,0,26.72,26.74,26.73,9.01,48.03
$GC,2981,-0.59,-146.6,2683,2230,3339,3285,222.4,-3.1,252,2985,0.00,2.10,0.00,0.000,516,0.000,0.031,2684,808,3312,3340,3285,0,0,0,0,0,0,26.72,26.28,26.73,8.98,48.58
$GC,3078,-0.59,-146.6,2683,808,3339,3285,225.8,-3.6,254,3085,0.10,2.08,0.00,0.000,3078,0.135,0.026,2713,2230,3312,3339,3285,0,0,0,0,0,0,26.12,26.33,26.24,8.99,49.05
$GC,3425,-0.66,-146.6,2712,2230,3339,3283,242.0,-5.1,263,3429,0.00,2.10,0.00,0.000,516,0.000,0.031,2712,813,3311,3339,3283,0,0,0,0,0,0,26.72,26.27,26.73,8.96,49.44
$GC,3518,-0.73,-146.6,2712,813,3339,3283,247.0,-5.6,265,3523,0.08,2.05,0.00,0.000,5126,0.091,0.026,2618,2218,3310,3339,3282,0,0,0,0,0,0,26.29,26.33,26.36,8.95,50.35
$GC,3835,-0.68,-146.6,2618,2218,3338,3279,270.5,-7.1,273,3842,0.20,2.10,0.00,0.000,2564,0.119,0.031,2687,809,3308,3338,3279,0,0,0,0,0,0,26.08,26.27,26.21,8.94,50.27
$GC,3960,-0.68,-146.6,2686,809,3338,3279,277.7,-6.1,276,3964,0.00,2.10,0.00,0.000,1030,0.000,0.027,2680,2219,3308,3338,3279,0,0,0,0,0,0,26.36,26.32,26.38,8.94,50.15
$GC,4284,-0.68,-146.6,2679,2219,3337,3275,292.5,-4.3,284,4285,0.00,0.00,0.00,0.000,6,0.000,0.000,2680,2219,3306,3337,3275,0,0,0,0,0,0,26.72,26.74,26.73,8.93,50.70
$GC,4604,-0.68,-146.6,2679,2219,3335,3274,308.0,-5.2,292,4605,0.00,0.00,0.00,0.000,6,0.000,0.000,2680,2219,3304,3334,3274,0,0,0,0,0,0,26.72,26.74,26.73,8.91,51.29
$GC,4924,-0.68,-146.6,2680,2219,3332,3273,322.8,-4.2,300,4925,0.00,0.00,0.00,0.000,6,0.000,0.000,2680,2219,3303,3333,3273,0,0,0,0,0,0,26.72,26.73,26.73,8.90,52.40
$GC,5244,-0.68,-146.6,2680,2219,3330,3271,337.0,-4.7,308,5249,0.00,2.10,0.00,0.000,516,0.000,0.032,2680,814,3300,3330,3271,0,0,0,0,0,0,26.72,26.24,26.73,8.89,52.36
$GC,5394,-0.68,-146.6,2680,814,3329,3271,344.4,-5.7,311,5398,0.00,2.10,0.00,0.000,1030,0.000,0.028,2671,2215,3300,3329,3271,0,0,0,0,0,0,26.33,26.30,26.36,8.89,51.77
$GC,5732,-0.68,-146.6,2671,2215,3328,3267,370.1,-7.5,320,5737,0.00,2.17,0.00,0.000,260,0.000,0.043,2661,3628,3297,3327,3267,0,0,0,0,0,0,26.72,26.16,26.73,8.88,53.03
$GC,5825,-0.68,-146.6,2660,3628,3326,3267,376.8,-7.8,322,5829,0.00,2.05,0.00,0.000,1030,0.000,0.021,2661,2194,3296,3326,3267,0,0,0,0,0,0,26.43,26.37,26.45,8.88,52.75
$GC,6139,-0.68,-146.6,2660,2193,3326,3265,400.0,-7.0,330,6143,0.00,2.03,0.00,0.000,516,0.000,0.033,2660,836,3295,3326,3265,0,0,0,0,0,0,26.72,26.22,26.73,8.87,52.95
$GC,6241,-0.68,-146.6,2660,836,3325,3265,405.8,-7.0,332,6245,0.00,2.05,0.00,0.000,1030,0.000,0.028,2652,2229,3295,3325,3265,0,0,0,0,0,0,26.36,26.28,26.39,8.86,52.95
$GC,6584,-0.68,-146.6,2651,2229,3324,3263,429.5,-6.4,341,6592,0.10,2.15,0.00,0.000,2308,0.142,0.043,2678,3619,3293,3323,3264,0,0,0,0,0,0,26.28,26.13,26.34,8.86,53.34
$GC,6659,-0.68,-146.6,2677,3619,3323,3263,431.9,-6.2,342,6666,0.00,2.00,0.00,0.000,1030,0.000,0.021,2678,2216,3293,3323,3263,0,0,0,0,0,0,26.43,26.38,26.45,8.85,54.01
$GC,6986,-0.68,-146.6,2678,2216,3323,3261,451.4,-5.6,351,6990,0.00,2.05,0.00,0.000,516,0.000,0.032,2678,845,3292,3323,3261,0,0,0,0,0,0,26.72,26.22,26.73,8.85,53.66
$GC,7063,-0.68,-146.6,2678,844,3323,3261,454.2,-5.8,352,7070,0.00,2.03,0.00,0.000,1030,0.000,0.028,2678,2222,3292,3323,3261,0,0,0,0,0,0,26.35,26.27,26.38,8.84,53.38
$GC,7390,-0.68,-146.6,2677,2221,3323,3259,474.9,-5.5,361,7391,0.00,0.00,0.00,0.000,6,0.000,0.000,2678,2221,3291,3323,3259,0,0,0,0,0,0,26.72,26.73,26.73,8.84,54.41
$GC,7711,-0.68,-146.6,2678,2222,3322,3259,491.6,-5.2,369,7715,0.00,2.08,0.00,0.000,516,0.000,0.033,2678,844,3290,3322,3258,0,0,0,0,0,0,26.72,26.20,26.73,8.83,53.93
$GC,7823,-0.68,-146.6,2678,844,3322,3258,496.3,-5.3,371,7827,0.00,2.05,0.00,0.000,1030,0.000,0.028,2678,2228,3290,3321,3259,0,0,0,0,0,0,26.34,26.25,26.37,8.83,53.46
$GC,8157,-0.68,-146.6,2678,2229,3320,3257,513.6,-4.6,380,8158,0.00,0.00,0.00,0.000,6,0.000,0.000,2678,2228,3288,3320,3257,0,0,0,0,0,0,26.72,26.73,26.73,8.82,54.37
$GC,8477,-0.68,-146.6,2678,2228,3319,3255,528.7,-4.7,388,8481,0.00,2.10,0.00,0.000,516,0.000,0.034,2678,836,3287,3319,3255,0,0,0,0,0,0,26.72,26.18,26.73,8.82,54.56
$GC,8553,-0.68,-146.6,2678,836,3318,3255,530.9,-4.8,389,8560,0.00,2.05,0.00,0.000,1030,0.000,0.029,2678,2226,3286,3318,3255,0,0,0,0,0,0,26.32,26.24,26.36,8.82,54.01
$GC,8880,-0.68,-146.6,2678,2226,3318,3254,549.7,-5.4,398,8884,0.00,2.17,0.00,0.000,260,0.000,0.045,2676,3621,3286,3318,3254,0,0,0,0,0,0,26.72,26.08,26.73,8.81,54.68
$GC,9034,-0.68,-146.6,2676,3622,3317,3253,556.8,-5.7,401,9038,0.00,2.03,0.00,0.000,1030,0.000,0.023,2676,2219,3285,3317,3253,0,0,0,0,0,0,26.40,26.34,26.43,8.80,55.39
$GC,9368,-0.68,-146.6,2676,2219,3317,3252,577.4,-5.5,410,9372,0.00,2.10,0.00,0.000,516,0.000,0.034,2676,847,3284,3317,3252,0,0,0,0,0,0,26.72,26.17,26.73,8.80,55.00
$GC,9493,-0.68,-146.6,2676,846,3317,3252,584.6,-5.7,413,9498,0.00,2.05,0.00,0.000,1030,0.000,0.029,2668,2227,3284,3317,3252,0,0,0,0,0,0,26.32,26.22,26.34,8.79,54.76
$GC,9817,-0.68,-146.6,2668,2228,3316,3251,603.7,-6.0,421,9818,0.00,0.00,0.00,0.000,6,0.000,0.000,2668,2227,3283,3316,3251,0,0,0,0,0,0,26.72,26.73,26.73,8.79,54.64
$GC,10139,-0.68,-146.6,2668,2228,3315,3250,622.0,-5.8,429,10140,0.00,0.00,0.00,0.000,6,0.000,0.000,2668,2227,3282,3315,3250,0,0,0,0,0,0,26.72,26.73,26.73,8.79,55.74
$GC,10459,-0.68,-146.6,2668,2228,3314,3249,639.8,-5.7,437,10462,0.00,2.17,0.00,0.000,260,0.000,0.045,2659,3619,3281,3313,3249,0,0,0,0,0,0,26.72,26.05,26.73,8.78,55.63
$GC,10535,-0.68,-146.6,2658,3620,3313,3249,642.7,-5.8,438,10543,0.00,2.08,0.00,0.000,1030,0.000,0.023,2659,2217,3280,3312,3249,0,0,0,0,0,0,26.36,26.32,26.38,8.78,55.43
$GC,10864,-0.68,-146.6,2658,2217,3312,3248,664.0,-5.9,447,10868,0.00,2.08,0.00,0.000,516,0.000,0.034,2659,844,3280,3312,3248,0,0,0,0,0,0,26.72,26.14,26.73,8.77,55.55
$GC,10970,-0.68,-146.6,2658,844,3312,3248,669.4,-6.1,449,10978,0.10,2.05,0.00,0.000,3078,0.135,0.029,2686,2223,3280,3312,3248,0,0,0,0,0,0,25.98,26.20,26.10,8.77,55.27
$GC,11308,-0.74,-146.6,2686,2223,3312,3247,687.5,-4.9,458,11312,0.00,2.22,0.00,0.000,260,0.000,0.045,2678,3651,3279,3312,3247,0,0,0,0,0,0,26.72,26.03,26.73,8.76,55.82
$GC,11366,-0.81,-146.6,2678,3651,3310,3247,689.7,-4.8,459,11372,0.08,2.08,0.00,0.000,5126,0.093,0.023,2603,2219,3278,3310,3247,0,0,0,0,0,0,26.24,26.32,26.30,8.76,56.06
$GC,11712,-0.81,-146.6,2602,2219,3310,3247,714.3,-7.1,468,11714,0.12,0.00,0.00,0.000,2054,0.139,0.000,2642,2219,3278,3310,3246,0,0,0,0,0,0,26.15,26.27,26.22,8.76,55.35
$GC,12032,-0.81,-146.6,2642,2219,3310,3246,731.9,-5.3,476,12036,0.00,2.08,0.00,0.000,516,0.000,0.034,2643,846,3278,3310,3246,0,0,0,0,0,0,26.72,26.11,26.73,8.75,55.78
$GC,12124,-0.81,-146.6,2642,845,3310,3246,736.7,-5.6,478,12128,0.00,2.05,0.00,0.000,1030,0.000,0.029,2637,2227,3277,3309,3246,0,0,0,0,0,0,26.27,26.19,26.31,8.75,55.90
$GC,12440,-0.81,-146.6,2637,2227,3309,3245,755.1,-5.8,486,12444,0.00,2.10,0.00,0.000,516,0.000,0.034,2637,841,3276,3308,3245,0,0,0,0,0,0,26.72,26.10,26.72,8.75,55.90
$GC,12517,-0.81,-146.6,2637,841,3309,3245,758.0,-6.0,487,12525,0.00,2.08,0.00,0.000,1030,0.000,0.030,2629,2210,3276,3308,3245,0,0,0,0,0,0,26.22,26.18,26.25,8.75,56.10
$GC,12846,-0.81,-146.6,2629,2210,3308,3244,780.4,-6.2,496,12847,0.00,0.00,0.00,0.000,6,0.000,0.000,2629,2210,3276,3308,3244,0,0,0,0,0,0,26.72,26.73,26.72,8.74,56.30
$GC,13166,-0.81,-146.6,2629,2210,3308,3244,800.1,-6.1,504,13167,0.00,0.00,0.00,0.000,6,0.000,0.000,2629,2210,3276,3308,3244,0,0,0,0,0,0,26.72,26.73,26.72,8.74,56.49
$GC,13486,-0.81,-146.6,2629,2210,3308,3243,819.7,-6.1,512,13490,0.00,2.08,0.00,0.000,516,0.000,0.034,2629,846,3275,3307,3243,0,0,0,0,0,0,26.72,26.08,26.73,8.74,56.73
$GC,13570,-0.81,-146.6,2629,845,3308,3243,825.2,-6.2,514,13575,0.00,2.10,0.00,0.000,1030,0.000,0.030,2621,2224,3275,3307,3243,0,0,0,0,0,0,26.19,26.15,26.22,8.73,56.53
$GC,13894,-0.81,-146.6,2621,2224,3307,3242,846.2,-6.5,522,13899,0.00,2.20,0.00,0.000,260,0.000,0.045,2611,3629,3274,3307,3241,0,0,0,0,0,0,26.72,25.97,26.72,8.73,56.61
$GC,14013,-0.81,-146.6,2610,3629,3306,3241,851.8,-6.5,524,14021,0.00,2.05,0.00,0.000,1030,0.000,0.024,2611,2215,3274,3307,3241,0,0,0,0,0,0,26.34,26.27,26.36,8.73,57.04
$GC,14339,-0.81,-146.6,2610,2215,3307,3240,876.5,-6.8,533,14340,0.00,0.00,0.00,0.000,6,0.000,0.000,2611,2215,3274,3307,3241,0,0,0,0,0,0,26.71,26.72,26.72,8.73,56.49
$GC,14659,-0.81,-146.6,2610,2215,3306,3240,898.3,-6.8,541,14660,0.00,0.00,0.00,0.000,6,0.000,0.000,2610,2215,3273,3306,3240,0,0,0,0,0,0,26.71,26.72,26.72,8.72,56.73
$GC,14980,-0.81,-146.6,2610,2215,3306,3240,920.0,-6.8,549,14985,0.00,2.10,0.00,0.000,516,0.000,0.036,2611,833,3272,3305,3239,0,0,0,0,0,0,26.72,26.04,26.72,8.72,57.12
$GC,15048,-0.81,-146.6,2610,833,3306,3240,923.3,-6.9,550,15055,0.12,2.08,0.00,0.000,3078,0.135,0.030,2642,2224,3272,3305,3240,0,0,0,0,0,0,25.82,26.13,25.95,8.71,57.16
$GC,15385,-0.81,-146.6,2642,2224,3305,3239,944.7,-5.8,559,15390,0.00,2.15,0.00,0.000,516,0.000,0.036,2643,843,3272,3306,3238,0,0,0,0,0,0,26.71,26.04,26.72,8.72,56.97
$GC,15479,-0.81,-146.6,2642,843,3304,3239,950.2,-6.2,561,15483,0.00,2.08,0.00,0.000,1030,0.000,0.031,2638,2232,3272,3305,3239,0,0,0,0,0,0,26.20,26.11,26.24,8.71,57.52
$GC,15792,-0.81,-146.6,2637,2232,3304,3238,969.8,-6.1,569,15794,0.00,0.00,0.00,0.000,6,0.000,0.000,2638,2232,3271,3304,3238,0,0,0,0,0,0,26.71,26.72,26.72,8.71,57.36
$GC,16112,-0.81,-146.6,2637,2232,3303,3238,989.5,-6.2,577,16114,0.00,0.00,0.00,0.000,6,0.000,0.000,2638,2232,3271,3304,3238,0,0,0,0,0,0,26.71,26.72,26.72,8.70,57.20
$STATE,16149,end dive,TARGET_DEPTH_EXCEEDED
$STATE,16149,begin apogee
$GC,16157,-0.33,0.0,2637,1777,3304,3238,991.9,-6.2,578,16289,0.45,0.00,128.07,1.397,10246,0.100,0.000,2791,1776,2705,2801,2610,0,0,0,0,0,0,25.67,24.67,23.75,8.70,57.63
$STATE,16290,end apogee,CONTROL_FINISHED_OK
$STATE,16290,begin climb
$GC,16293,0.73,146.6,2791,1776,2791,2610,994.4,0.0,581,16438,0.98,0.00,140.73,1.328,10246,0.067,0.000,3132,1775,2107,2204,2011,0,0,0,0,0,0,24.90,24.08,23.27,8.65,56.49
$GC,16753,0.65,146.6,3131,1775,2196,2006,947.6,11.4,593,16754,0.00,0.00,0.00,0.000,6,0.000,0.000,3132,1775,2101,2197,2006,0,0,0,0,0,0,26.29,26.30,26.29,8.60,55.82
$GC,17073,0.57,146.6,3131,1775,2194,2006,910.6,11.5,601,17080,0.15,2.20,0.00,0.000,4612,0.130,0.046,3090,389,2100,2194,2006,0,0,0,0,0,0,26.00,26.05,26.13,8.60,56.97
$GC,17108,0.48,146.6,3090,389,2194,2006,910.6,11.5,601,17116,0.10,2.08,0.00,0.000,5126,0.132,0.027,3057,1783,2099,2194,2005,0,0,0,0,0,0,25.99,26.19,26.13,8.59,57.28
$GC,17435,0.49,148.0,3056,1783,2193,2003,882.2,7.5,610,17439,0.00,2.12,0.00,0.000,260,0.000,0.041,3057,3158,2098,2193,2004,0,0,0,0,0,0,26.63,26.17,26.65,8.59,57.60
$GC,17520,0.49,148.0,3056,3158,2193,2003,875.5,7.7,612,17525,0.00,2.05,0.00,0.000,1030,0.000,0.028,3057,1787,2098,2193,2003,0,0,0,0,0,0,26.32,26.24,26.35,8.59,57.28
$GC,17840,0.50,162.8,3057,1787,2192,2003,852.8,7.0,620,17857,0.00,0.00,15.25,1.222,8198,0.000,0.000,3057,1787,2041,2138,1945,0,0,0,0,0,0,26.68,25.78,24.82,8.59,57.56
$GC,18160,0.53,197.5,3057,1787,2137,1942,831.9,6.3,628,18200,0.00,2.25,34.12,1.272,8452,0.000,0.040,3057,3156,1898,2017,1779,0,0,0,0,0,0,26.53,25.26,24.34,8.58,58.03
$GC,18246,0.57,228.4,3056,3156,2017,1779,826.4,6.4,630,18283,0.00,2.17,29.60,1.239,9222,0.000,0.029,3057,1763,1773,1913,1633,0,0,0,0,0,0,25.75,25.71,24.23,8.56,57.20
$GC,18604,0.66,258.3,3056,1763,1911,1629,803.2,6.5,639,18643,0.10,2.33,27.50,1.231,10756,0.080,0.046,3145,367,1650,1802,1499,0,0,0,0,0,0,26.19,25.33,24.41,8.54,58.19
$GC,18707,0.66,258.3,3145,367,1800,1499,794.6,8.4,641,18714,0.10,2.15,0.00,0.000,5126,0.136,0.027,3113,1778,1649,1800,1498,0,0,0,0,0,0,25.65,25.82,25.78,8.54,56.85
$GC,19048,0.66,258.3,3113,1778,1799,1494,758.0,10.1,650,19050,0.00,0.00,0.00,0.000,6,0.000,0.000,3114,1778,1646,1799,1494,0,0,0,0,0,0,26.49,26.51,26.51,8.53,57.79
$GC,19368,0.66,258.3,3113,1778,1799,1493,725.1,10.3,658,19372,0.00,2.25,0.00,0.000,516,0.000,0.047,3113,370,1646,1799,1493,0,0,0,0,0,0,26.61,26.14,26.62,8.54,58.19
$GC,19411,0.66,258.3,3113,370,1798,1493,720.6,10.3,659,19415,0.00,2.10,0.00,0.000,1030,0.000,0.028,3113,1775,1646,1799,1493,0,0,0,0,0,0,26.35,26.27,26.37,8.53,57.95
$GC,19735,0.66,258.3,3113,1775,1799,1491,688.3,10.0,667,19739,0.00,2.15,0.00,0.000,260,0.000,0.041,3113,3164,1644,1798,1491,0,0,0,0,0,0,26.67,26.22,26.67,8.53,58.11
$GC,19771,0.66,258.3,3113,3164,1799,1489,688.3,10.0,667,19779,0.00,2.08,0.00,0.000,1030,0.000,0.030,3113,1769,1643,1798,1489,0,0,0,0,0,0,26.36,26.27,26.40,8.53,58.54
$GC,20099,0.66,258.3,3113,1769,1798,1488,652.4,9.7,676,20103,0.00,2.22,0.00,0.000,516,0.000,0.047,3113,372,1643,1798,1488,0,0,0,0,0,0,26.69,26.16,26.70,8.54,57.71
$GC,20155,0.66,258.3,3113,371,1798,1488,648.1,9.7,677,20160,0.00,2.10,0.00,0.000,1030,0.000,0.027,3113,1779,1643,1798,1488,0,0,0,0,0,0,26.39,26.32,26.42,8.53,58.11
$GC,20464,0.66,258.3,3113,1780,1798,1488,616.4,9.9,685,20469,0.00,2.15,0.00,0.000,260,0.000,0.041,3113,3170,1643,1798,1488,0,0,0,0,0,0,26.70,26.22,26.71,8.53,57.60
$GC,20496,0.66,258.3,3113,3170,1798,1488,616.4,9.9,685,20500,0.00,2.10,0.00,0.000,1030,0.000,0.030,3113,1765,1643,1798,1488,0,0,0,0,0,0,26.36,26.27,26.40,8.53,57.79
$GC,20829,0.66,258.3,3113,1765,1798,1488,578.6,10.4,694,20834,0.00,2.20,0.00,0.000,516,0.000,0.047,3113,378,1643,1798,1489,0,0,0,0,0,0,26.70,26.13,26.72,8.54,57.95
$GC,20926,0.66,258.3,3113,378,1798,1488,570.1,10.3,696,20930,0.00,2.08,0.00,0.000,1030,0.000,0.028,3113,1773,1643,1798,1488,0,0,0,0,0,0,26.39,26.31,26.42,8.54,58.26
$GC,21236,0.66,258.3,3113,1774,1798,1487,538.6,9.8,704,21237,0.00,0.00,0.00,0.000,6,0.000,0.000,3113,1773,1642,1798,1487,0,0,0,0,0,0,26.71,26.72,26.72,8.54,57.52
$GC,21556,0.66,258.3,3112,1774,1798,1488,507.0,9.8,712,21560,0.00,2.22,0.00,0.000,516,0.000,0.047,3113,377,1643,1798,1488,0,0,0,0,0,0,26.71,26.10,26.72,8.55,57.75
$GC,21601,0.66,258.3,3112,376,1798,1488,502.8,9.7,713,21606,0.00,2.08,0.00,0.000,1030,0.000,0.027,3113,1772,1643,1798,1488,0,0,0,0,0,0,26.37,26.29,26.40,8.54,57.40
$GC,21920,0.66,258.3,3113,1772,1798,1487,472.5,9.3,721,21922,0.00,0.00,0.00,0.000,6,0.000,0.000,3113,1772,1642,1798,1487,0,0,0,0,0,0,26.71,26.72,26.72,8.55,57.71
$GC,22240,0.66,258.3,3113,1772,1798,1488,443.1,9.3,729,22244,0.00,2.22,0.00,0.000,516,0.000,0.047,3113,379,1643,1798,1488,0,0,0,0,0,0,26.71,26.07,26.72,8.56,57.71
$GC,22277,0.66,258.3,3112,378,1798,1488,443.1,9.3,729,22284,0.00,2.08,0.00,0.000,1030,0.000,0.027,3113,1779,1643,1798,1488,0,0,0,0,0,0,26.36,26.28,26.39,8.56,57.83
$GC,22603,0.66,258.3,3113,1779,1798,1488,408.1,9.9,738,22605,0.00,0.00,0.00,0.000,6,0.000,0.000,3113,1779,1643,1798,1488,0,0,0,0,0,0,26.70,26.72,26.72,8.56,57.75
$GC,22923,0.66,258.3,3112,1779,1798,1487,375.9,10.0,746,22930,0.00,2.25,0.00,0.000,516,0.000,0.047,3113,368,1643,1798,1488,0,0,0,0,0,0,26.71,26.05,26.72,8.57,57.24
$GC,22987,0.66,258.3,3113,368,1798,1488,372.1,10.0,747,22991,0.00,2.10,0.00,0.000,1030,0.000,0.026,3113,1779,1643,1798,1488,0,0,0,0,0,0,26.35,26.27,26.38,8.57,57.60
$GC,23325,0.66,258.3,3113,1779,1799,1488,339.0,9.2,756,23327,0.00,0.00,0.00,0.000,6,0.000,0.000,3113,1779,1642,1798,1487,0,0,0,0,0,0,26.71,26.72,26.72,8.58,57.20
$GC,23645,0.66,258.3,3113,1780,1798,1487,309.4,9.2,764,23649,0.00,2.22,0.00,0.000,516,0.000,0.047,3113,379,1643,1798,1488,0,0,0,0,0,0,26.71,26.03,26.72,8.58,57.28
$GC,23691,0.66,258.3,3113,379,1798,1488,305.6,9.1,765,23695,0.00,2.08,0.00,0.000,1030,0.000,0.027,3113,1779,1643,1798,1488,0,0,0,0,0,0,26.34,26.26,26.36,8.58,57.20
$GC,24009,0.66,258.3,3113,1780,1798,1487,276.6,9.0,773,24011,0.00,0.00,0.00,0.000,6,0.000,0.000,3113,1779,1643,1798,1488,0,0,0,0,0,0,26.70,26.72,26.72,8.59,57.48
$GC,24329,0.66,258.3,3113,1780,1798,1488,248.0,9.1,781,24333,0.00,2.22,0.00,0.000,516,0.000,0.047,3113,378,1643,1798,1488,0,0,0,0,0,0,26.71,26.01,26.72,8.59,56.85
$GC,24426,0.66,258.3,3113,378,1798,1488,239.8,9.4,783,24431,0.00,2.08,0.00,0.000,1030,0.000,0.027,3113,1781,1642,1798,1487,0,0,0,0,0,0,26.32,26.25,26.36,8.59,57.04
$GC,24737,0.66,258.3,3113,1781,1798,1488,208.2,9.3,791,24742,0.00,2.22,0.00,0.000,516,0.000,0.047,3113,379,1643,1798,1488,0,0,0,0,0,0,26.70,26.01,26.72,8.60,57.04
$GC,24789,0.66,258.3,3113,379,1798,1487,204.9,8.6,792,24793,0.00,2.08,0.00,0.000,1030,0.000,0.027,3113,1776,1642,1798,1487,0,0,0,0,0,0,26.32,26.25,26.36,8.60,56.89
$GC,25102,0.66,258.3,3113,1776,1798,1487,182.1,8.7,815,25106,0.00,2.15,0.00,0.000,260,0.000,0.039,3113,3165,1643,1798,1488,0,0,0,0,0,0,26.71,26.10,26.72,8.61,56.77
$GC,25145,0.66,258.3,3113,3165,1798,1488,177.6,10.2,819,25150,0.00,2.10,0.00,0.000,1030,0.000,0.028,3113,1778,1642,1798,1487,0,0,0,0,0,0,26.23,26.20,26.26,8.61,56.14
$GC,25461,0.79,324.4,3113,1778,1798,1488,150.5,5.2,850,25522,0.08,2.30,53.78,0.816,10756,0.103,0.046,3187,376,1380,1551,1209,0,0,0,0,0,0,26.47,25.38,24.63,8.61,55.90
$GC,25632,0.79,324.4,3186,376,1547,1209,133.1,11.2,867,25638,0.10,2.10,0.00,0.000,5126,0.125,0.025,3153,1775,1378,1547,1209,0,0,0,0,0,0,25.66,25.86,25.77,8.61,55.27
$GC,25948,0.97,366.7,3152,1775,1541,1206,110.0,6.0,898,25988,0.12,2.22,33.50,0.762,10500,0.071,0.038,3244,3161,1208,1381,1035,0,0,0,0,0,0,26.23,25.54,24.83,8.66,56.69
$GC,26053,0.91,366.7,3244,3161,1377,1035,100.7,9.7,908,26059,0.15,2.12,0.00,0.000,5126,0.118,0.028,3192,1773,1206,1377,1035,0,0,0,0,0,0,25.59,25.83,25.75,8.68,56.97
$GC,26369,0.91,366.7,3191,1773,1373,1035,74.3,8.3,939,26374,0.00,2.22,0.00,0.000,516,0.000,0.045,3193,354,1204,1373,1035,0,0,0,0,0,0,26.48,25.97,26.49,8.75,57.12
$GC,26454,0.91,366.7,3192,354,1373,1035,67.9,7.8,947,26459,0.00,2.10,0.00,0.000,1030,0.000,0.024,3193,1778,1203,1372,1035,0,0,0,0,0,0,26.24,26.17,26.26,8.78,56.18
$GC,26768,0.97,366.7,3192,1778,1372,1035,45.6,8.1,978,26775,0.00,0.00,0.00,0.000,6,0.000,0.000,3193,1778,1203,1372,1035,0,0,0,0,0,0,26.61,26.63,26.63,8.82,54.44
$GC,27082,1.08,399.9,3192,1778,1372,1035,22.6,6.4,1009,27113,0.10,2.22,22.62,0.598,10756,0.080,0.041,3296,375,1073,1211,935,0,0,0,0,0,0,26.44,25.94,25.28,8.85,53.18
$GC,27185,1.08,399.9,3296,375,1207,935,12.5,10.4,1018,27193,0.15,2.05,0.00,0.000,5126,0.111,0.023,3243,1778,1071,1207,935,0,0,0,0,0,0,25.89,26.12,26.01,8.85,51.49
$STATE,27279,end climb,SURFACE_DEPTH_REACHED
$STATE,27279,begin surface coast
$FINISH,-0.4,1.022697
$STATE,27313,end surface coast,CONTROL_FINISHED_OK
$STATE,27313,begin surface
$SM_CCo,27393,0.00,0.000,0,0,1070,401.56
$SM_GC,0.40,7.70,0.62,0.00,0.024,0.034,0.000,183,2224,1070,-8.33,-1.72,401.56,0,0,0,0,0,0,26.23,26.19,26.27
$IRIDIUM_FIX,352.48,-13955.34,010125,081209
$TT8_MAMPS,0.026215,0.383488
$HUMID,50.55
$INTERNAL_PRESSURE,8.84928
$TCM_TEMP,20.10
$XPDR_PINGS,0
$ALTIM_TOP_PING,19.9,19.7
$24V_AH,23.27,28.588
$10V_AH,10.06,24.396
$FG_AHR_24Vo,0.000
$FG_AHR_10Vo,0.000
$DEVICES,Pitch_motor,Roll_motor,VBD_pump_during_apogee,VBD_pump_during_surface,VBD_valve,Iridium_during_init,Iridium_during_connect,Iridium_during_xfer,Transponder_ping,GUMSTIX_24V,GPS,TT8,LPSleep,TT8_Active,TT8_Sampling,TT8_CF8,TT8_Kalman,Analog_circuits,GPS_charging,Compass,RAFOS,Transponder,Compass2
$DEVICE_SECS,20.750,191.800,485.175,0.000,0.000,0.000,0.000,399.575,0.250,0.000,30.757,3671.862,19819.422,679.009,3371.077,456.022,0.000,2596.964,0.000,2756.635,0.000,2.792,0.000
$DEVICE_MAMPS,208.845,47.430,1396.890,0.000,0.000,0.000,0.000,91.800,420.000,0.000,30.710,15.210,2.190,15.210,43.670,53.410,0.000,14.000,0.000,8.240,0.000,30.000,0.000
$SENSORS,SBE_CT,WL_blue_red_Chl,AA4330,nil,nil,nil,nil,nil,nil,nil
$SENSOR_SECS,895.446,300.215,1395.489,0.000,0.000,0.000,0.000,0.000,0.000,0.000
$SENSOR_MAMPS,22.470,105.000,11.230,0.000,0.000,0.000,0.000,0.000,0.000,0.000
$MEM,311112
$DATA_FILE_SIZE,76326,1031
$CAP_FILE_SIZE,217073,0
$CFSIZE,2097872896,2069987328
$ERRORS,0,1,0,0,0,0,0,0,0,0,0,0,0,0,1,0
$INTR,0,18265.54,0x2367b8,1,24
$CURRENT,0.230,14.21,1
$GPS,180505,155854,400.573,-13959.607,36,0.8,54,9.3,2.3,317.0,9,4.9
