version: 66.14
glider: 195
mission: 21
dive: 650
start: 9 24 105 21 32 23
data:
$ID,195
$MISSION,21
$DIVE,650
$N_DIVES,0
$STOP_T,0
$D_SURF,3
$D_FLARE,2
$D_TGT,990
$D_ABORT,1090
$D_NO_BLEED,50
$D_BOOST,3
$T_BOOST,0
$D_FINISH,0
$D_PITCH,0
$D_SAFE,0
$D_CALL,0
$SURFACE_URGENCY,0
$SURFACE_URGENCY_TRY,0
$SURFACE_URGENCY_FORCE,0
$T_DIVE,330
$T_MISSION,600
$T_ABORT,1440
$T_TURN,300
$T_TURN_SAMPINT,5
$T_NO_W,120
$T_LOITER,0
$T_SLOITER,60
$T_EPIRB,0
$USE_BATHY,0
$USE_ICE,0
$ICE_FREEZE_MARGIN,0.30000001
$D_OFFGRID,990
$T_WATCHDOG,10
$RELAUNCH,1
$APOGEE_PITCH,-8
$MAX_BUOY,150
$COURSE_BIAS,0
$GLIDE_SLOPE,30
$SPEED_FACTOR,1
$RHO,1.023
$MASS,54002
$MASS_COMP,0
$NAV_MODE,2
$FERRY_MAX,45
$KALMAN_USE,2
$HD_A,0.0038000001
$HD_B,0.0099999998
$HD_C,9.8500004e-06
$HEADING,-1
$ESCAPE_HEADING,0
$ESCAPE_HEADING_DELTA,10
$FIX_MISSING_TIMEOUT,0
$TGT_DEFAULT_LAT,4736
$TGT_DEFAULT_LON,-12225
$TGT_AUTO_DEFAULT,0
$SM_CC,300
$N_FILEKB,4
$FILEMGR,0
$CALL_NDIVES,1
$COMM_SEQ,0
$PROTOCOL,9
$N_NOCOMM,1
$NOCOMM_ACTION,0
$N_NOSURFACE,0
$UPLOAD_DIVES_MAX,-1
$CALL_TRIES,5
$CALL_WAIT,60
$CAPUPLOAD,0
$CAPMAXSIZE,200000
$HEAPDBG,0
$T_GPS,15
$N_GPS,50840
$T_RSLEEP,2
$STROBE,0
$RAFOS_PEAK_OFFSET,1.5
$RAFOS_CORR_THRESH,60
$RAFOS_HIT_WINDOW,3600
$RAFOS_MMODEM,0
$PITCH_MIN,207
$PITCH_MAX,3915
$C_PITCH,2884
$PITCH_DBAND,0.1
$PITCH_CNV,0.003125763
$P_OVSHOOT,0.039999999
$P_OVSHOOT_WITHG,0.079999998
$PITCH_GAIN,19.15
$PITCH_TIMEOUT,17
$PITCH_AD_RATE,160
$PITCH_MAXERRORS,1
$PITCH_ADJ_GAIN,0.02
$PITCH_ADJ_DBAND,2.5
$ROLL_MIN,224
$ROLL_MAX,3758
$ROLL_DEG,40
$C_ROLL_DIVE,1800
$C_ROLL_CLIMB,2250
$HEAD_ERRBAND,10
$ROLL_CNV,0.028270001
$ROLL_TIMEOUT,15
$R_PORT_OVSHOOT,57
$R_STBD_OVSHOOT,40
$ROLL_AD_RATE,350
$ROLL_MAXERRORS,2
$ROLL_ADJ_GAIN,0
$ROLL_ADJ_DBAND,0
$VBD_MIN,500
$VBD_MAX,3960
$C_VBD,2806
$VBD_DBAND,2
$VBD_CNV,-0.24529999
$VBD_LP_IGNORE,0
$VBD_TIMEOUT,720
$PITCH_VBD_SHIFT,0.001
$VBD_PUMP_AD_RATE_SURFACE,5
$VBD_PUMP_AD_RATE_APOGEE,4
$VBD_BLEED_AD_RATE,8
$UNCOM_BLEED,60
$VBD_MAXERRORS,1
$W_ADJ_DBAND,0
$DBDW,0
$PITCH_W_GAIN,0
$PITCH_W_DBAND,0
$CF8_MAXERRORS,5
$AH0_24V,150
$AH0_10V,97
$MINV_24V,19
$MINV_10V,8
$MAXI_24V,0.80000001
$MAXI_10V,0.60000002
$FG_AHR_10V,0
$FG_AHR_24V,0
$PHONE_SUPPLY,-2
$PRESSURE_YINT,-49.397121
$PRESSURE_SLOPE,0.0001168043
$AD7714Ch0Gain,128
$TCM_PITCH_OFFSET,0
$TCM_ROLL_OFFSET,0
$COMPASS_USE,4
$ALTIM_BOTTOM_PING_RANGE,0
$ALTIM_TOP_PING_RANGE,20
$ALTIM_BOTTOM_TURN_MARGIN,0
$ALTIM_TOP_TURN_MARGIN,0
$ALTIM_TOP_MIN_OBSTACLE,1
$ALTIM_PING_DEPTH,0
$ALTIM_PING_DELTA,0
$ALTIM_FREQUENCY,13
$ALTIM_PULSE,3
$ALTIM_SENSITIVITY,3
$XPDR_VALID,5
$XPDR_INHIBIT,90
$INT_PRESSURE_SLOPE,0.0097660003
$INT_PRESSURE_YINT,-0.77999997
$DEEPGLIDER,0
$MOTHERBOARD,4
$DEVICE1,2
$DEVICE2,115
$DEVICE3,101
$DEVICE4,-1
$DEVICE5,-1
$DEVICE6,-1
$LOGGERS,0
$LOGGERDEVICE1,-1
$LOGGERDEVICE2,-1
$LOGGERDEVICE3,-1
$LOGGERDEVICE4,-1
$COMPASS_DEVICE,33
$COMPASS2_DEVICE,-1
$PHONE_DEVICE,49
$GPS_DEVICE,32
$RAFOS_DEVICE,-1
$XPDR_DEVICE,24
$SIM_W,0
$SIM_PITCH,0
$SEABIRD_T_G,0.0044178674
$SEABIRD_T_H,0.00064818078
$SEABIRD_T_I,2.6779007e-05
$SEABIRD_T_J,3.3667231e-06
$SEABIRD_C_G,-10.098215
$SEABIRD_C_H,1.1454017
$SEABIRD_C_I,-0.0021276253
$SEABIRD_C_J,0.00025532115
$SEABIRD_C_Z,2974.52
$GPS1,240905,212442,904.6916,-14328.1396,44,0.8,56,9.3,0.5,321.4,10,4.9
$_CALLS,1
$_XMS_NAKs,0
$_XMS_TOUTs,0
$_SM_DEPTHo,0.15
$_SM_ANGLEo,-55.3
$GPS2,240905,213143,904.6950,-14328.1719,8,0.8,27,9.3,0.8,142.6,10,5.0
$SPEED_LIMITS,0.173,0.262
$TGT_NAME,TX2
$TGT_LATLONG,1145.000,-14800.000
$TGT_RADIUS,10000.000
$KALMAN_CONTROL,0.000000,0.000000
$KALMAN_X,0.000000,0.000000,0.000000,0.000000,0.000000
$KALMAN_Y,0.000000,0.000000,0.000000,0.000000,0.000000
$MHEAD_RNG_PITCHd_Wd,265.6,575385,-18.1,-10.000,-20.93,2235
$D_GRID,990
$GCHEAD,st_secs,pitch_ctl,vbd_ctl,pitch_ad_start,roll_ad_start,vbd_pot1_ad_start,vbd_pot2_ad_start,depth,ob_vertv,data_pts,end_secs,pitch_secs,roll_secs,vbd_secs,vbd_i,gcphase,pitch_i,roll_i,pitch_ad,roll_ad,vbd_ad,vbd_pot1_ad,vbd_pot2_ad,pitch_retries,pitch_errors,roll_retries,roll_errors,vbd_retries,vbd_errors,pitch_volts,roll_volts,vbd_volts,int_press,humidity
$STATE,6,end surface,CONTROL_FINISHED_OK
$STATE,6,begin dive
$GC,74,-1.09,-146.6,146,1794,793,658,0.2,0.2,6,154,0.00,0.00,-77.88,0.000,16386,0.000,0.000,145,1794,2745,2772,2719,0,0,0,0,0,0,26.29,28.83,26.30,8.80,55.11
$GC,159,-1.09,-146.6,145,1794,2772,2719,2.9,-5.4,14,188,9.20,2.33,-14.52,0.000,18692,0.200,0.054,2518,3210,3407,3429,3385,0,0,0,0,0,0,24.79,23.50,24.98,9.01,54.84
$GC,326,-0.99,-146.6,2518,3210,3432,3385,27.7,-12.9,30,336,0.15,2.10,0.00,0.000,3078,0.127,0.021,2565,1783,3408,3432,3385,0,0,0,0,0,0,25.26,25.72,25.35,9.08,54.96
$GC,518,-0.99,-146.6,2564,1783,3432,3385,51.1,-11.6,49,523,0.00,2.15,0.00,0.000,516,0.000,0.034,2565,429,3409,3433,3385,0,0,0,0,0,0,26.34,25.35,26.34,9.10,55.11
$GC,606,-0.92,-146.6,2564,429,3433,3385,62.4,-12.8,53,610,0.00,2.08,0.00,0.000,1030,0.000,0.021,2557,1826,3409,3433,3385,0,0,0,0,0,0,25.77,25.71,25.79,9.10,54.60
$GC,805,-0.87,-146.6,2557,1826,3435,3385,82.8,-7.9,63,812,0.15,2.12,0.00,0.000,2308,0.130,0.036,2596,3187,3410,3436,3385,0,0,0,0,0,0,25.66,25.30,25.71,9.12,55.67
$GC,982,-0.87,-146.6,2596,3187,3439,3385,93.5,-6.3,71,989,0.00,2.03,0.00,0.000,1030,0.000,0.021,2596,1792,3412,3439,3385,0,0,0,0,0,0,25.79,25.73,25.81,9.12,55.00
$GC,1169,-0.87,-146.6,2596,1792,3441,3385,107.9,-7.3,81,1170,0.00,0.00,0.00,0.000,6,0.000,0.000,2596,1792,3413,3441,3385,0,0,0,0,0,0,26.36,26.37,26.36,9.10,55.04
$GC,1349,-0.87,-146.6,2596,1792,3443,3385,118.6,-5.6,90,1354,0.00,2.17,0.00,0.000,260,0.000,0.036,2586,3187,3414,3443,3385,0,0,0,0,0,0,26.36,25.33,26.37,9.08,54.56
$GC,1587,-0.87,-146.6,2585,3187,3444,3385,131.5,-5.9,101,1594,0.00,2.03,0.00,0.000,1030,0.000,0.021,2586,1796,3414,3444,3385,0,0,0,0,0,0,25.80,25.75,25.82,9.06,53.78
$GC,1774,-0.87,-146.6,2585,1796,3445,3385,143.6,-6.1,111,1779,0.00,2.12,0.00,0.000,516,0.000,0.034,2586,428,3415,3445,3385,0,0,0,0,0,0,26.37,25.36,26.38,9.05,55.00
$GC,1806,-0.87,-146.6,2585,428,3445,3385,145.1,-6.1,112,1811,0.00,2.03,0.00,0.000,1030,0.000,0.021,2576,1805,3415,3445,3385,0,0,0,0,0,0,25.79,25.74,25.82,9.05,54.60
$GC,2000,-0.87,-146.6,2575,1804,3445,3385,158.0,-6.5,122,2004,0.00,2.15,0.00,0.000,260,0.000,0.037,2566,3186,3415,3445,3385,0,0,0,0,0,0,26.38,25.32,26.39,9.03,55.15
$GC,2064,-0.87,-146.6,2565,3186,3445,3385,162.2,-6.5,125,2071,0.12,2.05,0.00,0.000,3078,0.125,0.028,2605,1826,3415,3445,3386,0,0,0,0,0,0,25.24,25.56,25.32,9.03,55.04
$GC,2266,-0.93,-146.6,2605,1827,3446,3386,176.0,-6.9,135,2273,0.00,2.22,0.00,0.000,516,0.000,0.037,2605,403,3416,3446,3386,0,0,0,0,0,0,26.38,25.31,26.39,9.02,55.59
$GC,2328,-0.93,-146.6,2604,403,3446,3386,180.5,-7.1,138,2332,0.00,2.08,0.00,0.000,1030,0.000,0.024,2598,1788,3416,3446,3386,0,0,0,0,0,0,25.70,25.63,25.73,9.01,56.53
$GC,2532,-0.98,-146.6,2598,1789,3446,3385,194.9,-7.1,148,2537,0.00,2.20,0.00,0.000,260,0.000,0.038,2588,3197,3416,3446,3386,0,0,0,0,0,0,26.39,25.33,26.39,9.00,56.53
$GC,2658,-0.98,-146.6,2588,3197,3446,3386,203.9,-7.3,153,2663,0.00,2.10,0.00,0.000,1030,0.000,0.023,2588,1782,3416,3446,3386,0,0,0,0,0,0,25.75,25.67,25.77,9.00,56.69
$GC,2863,-0.98,-146.6,2587,1781,3446,3386,219.8,-7.8,158,2864,0.00,0.00,0.00,0.000,6,0.000,0.000,2588,1781,3416,3446,3386,0,0,0,0,0,0,26.39,26.39,26.40,8.98,57.08
$GC,3064,-0.98,-146.6,2587,1781,3446,3386,235.5,-7.8,163,3068,0.00,2.20,0.00,0.000,516,0.000,0.037,2588,410,3416,3446,3386,0,0,0,0,0,0,26.39,25.31,26.40,8.96,57.52
$GC,3091,-0.98,-146.6,2588,410,3446,3386,235.5,-7.8,163,3095,0.00,2.10,0.00,0.000,1030,0.000,0.024,2580,1805,3415,3446,3385,0,0,0,0,0,0,25.70,25.63,25.73,8.97,57.91
$GC,3309,-0.98,-146.6,2579,1805,3446,3385,253.9,-7.3,169,3316,0.00,2.22,0.00,0.000,260,0.000,0.044,2569,3199,3416,3446,3386,0,0,0,0,0,0,26.39,25.27,26.40,8.96,58.30
$GC,3352,-0.98,-146.6,2569,3198,3446,3386,256.5,-7.1,170,3357,0.00,2.08,0.00,0.000,1030,0.000,0.022,2569,1791,3415,3445,3386,0,0,0,0,0,0,25.77,25.72,25.80,8.96,58.07
$GC,3551,-0.98,-146.6,2569,1791,3445,3385,269.2,-6.3,175,3555,0.00,2.15,0.00,0.000,516,0.000,0.035,2569,413,3415,3446,3385,0,0,0,0,0,0,26.39,25.33,26.40,8.95,58.30
$GC,3649,-0.98,-146.6,2569,413,3445,3386,274.8,-6.5,177,3653,0.00,2.10,0.00,0.000,1030,0.000,0.023,2560,1816,3415,3445,3386,0,0,0,0,0,0,25.77,25.70,25.78,8.95,58.89
$GC,3839,-0.98,-146.6,2559,1816,3445,3385,288.4,-6.7,182,3843,0.00,2.17,0.00,0.000,260,0.000,0.038,2550,3201,3415,3445,3386,0,0,0,0,0,0,26.40,25.30,26.40,8.94,58.93
$GC,3963,-0.98,-146.6,2549,3203,3444,3386,297.3,-7.0,185,3968,0.00,2.12,0.00,0.000,1030,0.000,0.023,2550,1798,3414,3443,3386,0,0,0,0,0,0,25.73,25.71,25.75,8.93,59.09
$GC,4167,-0.98,-146.6,2549,1799,3444,3385,311.7,-7.0,190,4172,0.00,2.22,0.00,0.000,516,0.000,0.036,2550,411,3414,3444,3385,0,0,0,0,0,0,26.39,25.32,26.41,8.93,59.25
$GC,4194,-0.98,-146.6,2549,411,3444,3385,311.7,-7.0,190,4198,0.00,2.08,0.00,0.000,1030,0.000,0.023,2541,1800,3414,3444,3385,0,0,0,0,0,0,25.76,25.70,25.79,8.93,59.33
$GC,4413,-0.98,-146.6,2540,1800,3443,3385,329.1,-7.0,196,4420,0.00,2.20,0.00,0.000,260,0.000,0.038,2531,3202,3413,3442,3385,0,0,0,0,0,0,26.40,25.30,26.41,8.91,60.35
$GC,4565,-0.98,-146.6,2530,3202,3442,3385,337.8,-7.1,199,4575,0.12,2.08,0.00,0.000,3078,0.129,0.023,2570,1799,3413,3442,3385,0,0,0,0,0,0,25.32,25.70,25.40,8.92,59.76
$GC,4776,-0.98,-146.6,2569,1799,3441,3385,354.2,-6.8,205,4782,0.00,2.17,0.00,0.000,516,0.000,0.037,2570,415,3413,3441,3385,0,0,0,0,0,0,26.40,25.30,26.41,8.91,59.52
$GC,4821,-0.98,-146.6,2569,414,3441,3385,357.3,-6.9,206,4826,0.00,2.08,0.00,0.000,1030,0.000,0.023,2563,1804,3413,3441,3385,0,0,0,0,0,0,25.75,25.68,25.77,8.91,60.23
$GC,5026,-0.98,-146.6,2563,1803,3440,3385,371.8,-7.1,211,5030,0.00,2.20,0.00,0.000,260,0.000,0.038,2553,3193,3412,3440,3385,0,0,0,0,0,0,26.40,25.29,26.41,8.90,60.00
$GC,5118,-0.98,-146.6,2553,3193,3438,3385,377.9,-7.2,213,5122,0.00,2.08,0.00,0.000,1030,0.000,0.023,2553,1795,3411,3438,3385,0,0,0,0,0,0,25.76,25.70,25.78,8.90,60.78
$GC,5312,-0.98,-146.6,2553,1796,3437,3385,392.6,-7.3,218,5317,0.00,2.20,0.00,0.000,516,0.000,0.037,2553,425,3411,3437,3385,0,0,0,0,0,0,26.40,25.29,26.41,8.90,60.27
$GC,5364,-0.98,-146.6,2553,425,3437,3385,396.2,-7.5,219,5369,0.00,2.08,0.00,0.000,1030,0.000,0.023,2543,1808,3411,3437,3385,0,0,0,0,0,0,25.75,25.69,25.77,8.89,60.75
$GC,5558,-0.98,-146.6,2543,1808,3435,3385,412.0,-7.9,224,5563,0.00,2.22,0.00,0.000,260,0.000,0.039,2534,3193,3410,3435,3385,0,0,0,0,0,0,26.40,25.29,26.41,8.89,61.18
$GC,5643,-0.98,-146.6,2533,3192,3435,3384,418.7,-8.0,226,5649,0.10,2.12,0.00,0.000,3078,0.118,0.023,2579,1788,3409,3434,3384,0,0,0,0,0,0,25.24,25.70,25.33,8.89,60.31
$GC,5850,-1.04,-146.6,2578,1789,3435,3384,434.2,-7.6,231,5855,0.00,2.20,0.00,0.000,516,0.000,0.037,2579,417,3409,3434,3384,0,0,0,0,0,0,26.40,25.27,26.41,8.88,60.43
$GC,5895,-1.11,-146.6,2578,417,3434,3384,437.9,-7.6,232,5901,0.08,2.12,0.00,0.000,5126,0.056,0.023,2489,1802,3409,3434,3384,0,0,0,0,0,0,25.57,25.68,25.64,8.88,61.10
$GC,6101,-1.11,-146.6,2489,1802,3434,3382,455.7,-8.7,237,6107,0.12,2.20,0.00,0.000,2308,0.138,0.038,2519,3193,3408,3434,3382,0,0,0,0,0,0,25.80,25.26,25.84,8.87,61.38
$GC,6147,-1.11,-146.6,2519,3193,3434,3382,459.3,-8.6,238,6152,0.00,2.10,0.00,0.000,1030,0.000,0.023,2519,1803,3408,3434,3382,0,0,0,0,0,0,25.72,25.69,25.75,8.87,61.49
$GC,6352,-1.11,-146.6,2519,1803,3434,3381,475.5,-7.9,243,6357,0.00,2.22,0.00,0.000,516,0.000,0.037,2519,419,3407,3434,3381,0,0,0,0,0,0,26.40,25.26,26.41,8.87,61.85
$GC,6415,-1.11,-146.6,2519,419,3434,3381,479.1,-7.9,244,6419,0.00,2.10,0.00,0.000,1030,0.000,0.024,2510,1813,3407,3433,3381,0,0,0,0,0,0,25.73,25.66,25.75,8.87,61.18
$GC,6640,-1.11,-146.6,2509,1813,3432,3380,498.2,-7.8,250,6643,0.00,2.17,0.00,0.000,260,0.000,0.039,2499,3188,3406,3432,3380,0,0,0,0,0,0,26.40,25.27,26.41,8.86,61.41
$GC,6696,-1.11,-146.6,2499,3190,3432,3380,501.7,-7.9,251,6701,0.00,2.08,0.00,0.000,1030,0.000,0.023,2499,1799,3406,3432,3380,0,0,0,0,0,0,25.75,25.69,25.77,8.86,61.73
$GC,6886,-1.11,-146.6,2498,1799,3432,3380,518.4,-8.3,256,6890,0.00,2.20,0.00,0.000,516,0.000,0.037,2499,412,3406,3432,3380,0,0,0,0,0,0,26.41,25.25,26.41,8.86,61.10
$GC,6932,-1.11,-146.6,2499,411,3432,3379,522.2,-8.5,257,6937,0.12,2.10,0.00,0.000,3078,0.138,0.024,2527,1807,3406,3432,3380,0,0,0,0,0,0,25.25,25.67,25.33,8.86,61.02
$GC,7127,-1.11,-146.6,2526,1806,3432,3379,538.7,-8.3,262,7132,0.00,2.20,0.00,0.000,260,0.000,0.039,2519,3194,3405,3432,3379,0,0,0,0,0,0,26.41,25.27,26.42,8.85,61.57
$GC,7175,-1.11,-146.6,2518,3194,3431,3378,542.6,-8.4,263,7179,0.00,2.10,0.00,0.000,1030,0.000,0.023,2519,1788,3404,3431,3378,0,0,0,0,0,0,25.74,25.68,25.77,8.85,61.49
$GC,7373,-1.11,-146.6,2518,1788,3431,3378,559.7,-8.6,268,7378,0.00,2.17,0.00,0.000,516,0.000,0.037,2519,414,3404,3431,3378,0,0,0,0,0,0,26.41,25.22,26.41,8.85,61.97
$GC,7430,-1.11,-146.6,2518,414,3431,3378,563.5,-8.7,269,7434,0.00,2.10,0.00,0.000,1030,0.000,0.024,2509,1808,3404,3431,3378,0,0,0,0,0,0,25.72,25.65,25.75,8.84,61.45
$GC,7619,-1.11,-146.6,2509,1808,3430,3377,580.8,-8.6,274,7624,0.00,2.20,0.00,0.000,260,0.000,0.039,2499,3199,3403,3430,3377,0,0,0,0,0,0,26.41,25.24,26.41,8.84,62.12
$GC,7707,-1.11,-146.6,2498,3199,3430,3377,587.7,-8.5,276,7711,0.00,2.10,0.00,0.000,1030,0.000,0.023,2498,1791,3403,3430,3377,0,0,0,0,0,0,25.73,25.67,25.76,8.83,61.97
$GC,7906,-1.11,-146.6,2498,1791,3429,3377,604.5,-8.3,281,7907,0.00,0.00,0.00,0.000,6,0.000,0.000,2498,1791,3402,3429,3376,0,0,0,0,0,0,26.41,26.41,26.41,8.83,62.20
$GC,8108,-1.11,-146.6,2498,1791,3429,3376,620.3,-7.9,286,8112,0.00,2.17,0.00,0.000,516,0.000,0.038,2498,420,3402,3429,3375,0,0,0,0,0,0,26.41,25.20,26.41,8.83,62.75
$GC,8146,-1.11,-146.6,2498,419,3429,3376,620.3,-7.9,286,8155,0.12,2.08,0.00,0.000,3078,0.138,0.024,2525,1798,3402,3429,3376,0,0,0,0,0,0,25.22,25.65,25.30,8.83,61.65
$GC,8351,-1.11,-146.6,2525,1798,3429,3375,638.6,-7.3,292,8358,0.00,2.22,0.00,0.000,260,0.000,0.039,2517,3199,3401,3428,3375,0,0,0,0,0,0,26.41,25.22,26.41,8.82,62.36
$GC,8450,-1.11,-146.6,2517,3199,3427,3375,644.4,-7.2,294,8454,0.00,2.10,0.00,0.000,1030,0.000,0.024,2518,1794,3401,3427,3375,0,0,0,0,0,0,25.72,25.65,25.74,8.82,62.91
$GC,8674,-1.11,-146.6,2517,1793,3427,3374,662.1,-7.4,300,8678,0.00,2.20,0.00,0.000,516,0.000,0.038,2518,415,3400,3427,3374,0,0,0,0,0,0,26.41,25.18,26.41,8.82,61.97
$GC,8710,-1.11,-146.6,2517,413,3427,3374,662.1,-7.4,300,8717,0.00,2.10,0.00,0.000,1030,0.000,0.024,2508,1808,3400,3426,3374,0,0,0,0,0,0,25.69,25.63,25.72,8.81,62.67
$GC,8917,-1.11,-146.6,2507,1808,3426,3373,681.2,-8.0,306,8923,0.00,2.22,0.00,0.000,260,0.000,0.039,2497,3209,3399,3426,3373,0,0,0,0,0,0,26.41,25.20,26.41,8.81,62.48
$GC,9005,-1.11,-146.6,2497,3209,3425,3373,688.3,-8.3,308,9010,0.10,2.15,0.00,0.000,3078,0.145,0.024,2527,1794,3399,3425,3373,0,0,0,0,0,0,25.31,25.64,25.38,8.80,62.71
$GC,9205,-1.11,-146.6,2527,1794,3425,3373,704.7,-8.2,313,9210,0.00,2.20,0.00,0.000,516,0.000,0.039,2527,414,3399,3425,3373,0,0,0,0,0,0,26.41,25.15,26.41,8.80,62.91
$GC,9268,-1.11,-146.6,2527,413,3424,3372,708.6,-8.4,314,9273,0.00,2.10,0.00,0.000,1030,0.000,0.025,2520,1802,3398,3424,3373,0,0,0,0,0,0,25.68,25.61,25.70,8.80,63.03
$GC,9493,-1.11,-146.6,2519,1802,3424,3372,728.7,-8.3,320,9497,0.00,2.22,0.00,0.000,260,0.000,0.040,2509,3199,3397,3423,3371,0,0,0,0,0,0,26.41,25.19,26.41,8.80,63.03
$GC,9540,-1.11,-146.6,2509,3199,3423,3371,732.5,-8.3,321,9544,0.00,2.10,0.00,0.000,1030,0.000,0.024,2509,1795,3397,3423,3371,0,0,0,0,0,0,25.70,25.63,25.72,8.80,63.11
$GC,9739,-1.11,-146.6,2509,1794,3423,3371,748.6,-7.9,326,9744,0.00,2.22,0.00,0.000,516,0.000,0.039,2509,401,3397,3423,3371,0,0,0,0,0,0,26.41,25.14,26.41,8.79,63.19
$GC,9797,-1.11,-146.6,2509,401,3423,3371,752.2,-7.9,327,9802,0.00,2.12,0.00,0.000,1030,0.000,0.024,2500,1801,3396,3422,3371,0,0,0,0,0,0,25.67,25.60,25.69,8.79,62.79
$GC,9987,-1.11,-146.6,2499,1800,3422,3369,767.6,-7.6,332,9991,0.00,2.22,0.00,0.000,260,0.000,0.040,2489,3196,3396,3422,3370,0,0,0,0,0,0,26.41,25.18,26.41,8.79,63.11
$GC,10072,-1.11,-146.6,2489,3196,3422,3369,773.8,-7.4,334,10079,0.12,2.10,0.00,0.000,3078,0.139,0.024,2527,1796,3395,3422,3368,0,0,0,0,0,0,25.18,25.62,25.26,8.79,63.42
$GC,10274,-1.11,-146.6,2526,1795,3422,3368,787.4,-6.8,339,10281,0.00,2.22,0.00,0.000,516,0.000,0.039,2527,410,3395,3422,3368,0,0,0,0,0,0,26.41,25.11,26.41,8.78,63.23
$GC,10339,-1.11,-146.6,2526,410,3422,3368,790.2,-6.8,340,10345,0.00,2.12,0.00,0.000,1030,0.000,0.025,2519,1811,3394,3421,3368,0,0,0,0,0,0,25.65,25.58,25.67,8.79,63.07
$GC,10557,-1.11,-146.6,2519,1811,3421,3367,806.1,-6.6,346,10564,0.00,2.20,0.00,0.000,260,0.000,0.040,2509,3194,3394,3421,3367,0,0,0,0,0,0,26.41,25.15,26.41,8.78,63.82
$GC,10592,-1.11,-146.6,2509,3194,3421,3367,806.1,-6.6,346,10599,0.00,2.10,0.00,0.000,1030,0.000,0.024,2509,1792,3394,3421,3367,0,0,0,0,0,0,25.67,25.60,25.70,8.78,63.90
$GC,10798,-1.11,-146.6,2509,1791,3421,3367,822.5,-6.9,352,10802,0.00,2.20,0.00,0.000,516,0.000,0.039,2509,419,3394,3421,3367,0,0,0,0,0,0,26.41,25.10,26.41,8.78,63.97
$GC,10850,-1.11,-146.6,2509,417,3421,3367,825.6,-6.9,353,10855,0.00,2.12,0.00,0.000,1030,0.000,0.025,2500,1793,3394,3421,3367,0,0,0,0,0,0,25.60,25.58,25.67,8.77,63.74
$GC,11044,-1.11,-146.6,2499,1793,3421,3367,840.3,-7.3,358,11051,0.00,2.22,0.00,0.000,260,0.000,0.039,2489,3194,3393,3420,3367,0,0,0,0,0,0,26.41,25.15,26.41,8.77,63.62
$GC,11149,-1.11,-146.6,2488,3194,3420,3366,846.5,-7.6,360,11155,0.08,2.12,0.00,0.000,3078,0.137,0.024,2525,1800,3393,3420,3366,0,0,0,0,0,0,25.11,25.59,25.20,8.77,63.62
$GC,11370,-1.11,-146.6,2525,1800,3420,3366,864.8,-7.6,366,11375,0.00,2.22,0.00,0.000,516,0.000,0.040,2525,414,3393,3420,3366,0,0,0,0,0,0,26.41,25.06,26.41,8.77,63.97
$GC,11415,-1.11,-146.6,2525,415,3420,3365,868.5,-7.7,367,11420,0.00,2.10,0.00,0.000,1030,0.000,0.025,2517,1800,3393,3420,3366,0,0,0,0,0,0,25.62,25.56,25.65,8.77,63.66
$GC,11619,-1.11,-146.6,2517,1800,3420,3365,884.5,-7.9,372,11624,0.00,2.22,0.00,0.000,260,0.000,0.040,2507,3194,3392,3420,3365,0,0,0,0,0,0,26.41,25.12,26.41,8.76,64.25
$GC,11712,-1.11,-146.6,2506,3194,3419,3365,891.1,-7.9,374,11716,0.00,2.10,0.00,0.000,1030,0.000,0.024,2507,1799,3391,3419,3364,0,0,0,0,0,0,25.65,25.58,25.67,8.76,64.37
$GC,11905,-1.11,-146.6,2506,1800,3419,3364,907.2,-8.0,379,11910,0.00,2.22,0.00,0.000,516,0.000,0.040,2507,416,3391,3419,3364,0,0,0,0,0,0,26.40,25.04,26.41,8.76,63.90
$GC,11998,-1.11,-146.6,2506,415,3419,3365,914.1,-8.0,381,12002,0.00,2.12,0.00,0.000,1030,0.000,0.026,2498,1804,3392,3419,3365,0,0,0,0,0,0,25.59,25.52,25.62,8.76,64.01
$GC,12192,-1.11,-146.6,2497,1804,3418,3364,929.7,-7.7,386,12197,0.00,2.22,0.00,0.000,260,0.000,0.040,2488,3194,3391,3418,3364,0,0,0,0,0,0,26.40,25.10,26.41,8.75,64.53
$GC,12304,-1.11,-146.6,2487,3194,3418,3364,936.1,-7.5,388,12309,0.10,2.15,0.00,0.000,3078,0.129,0.024,2527,1795,3390,3418,3363,0,0,0,0,0,0,25.05,25.56,25.14,8.75,64.01
$GC,12519,-1.11,-146.6,2526,1796,3418,3363,952.9,-6.8,394,12526,0.00,2.22,0.00,0.000,516,0.000,0.041,2527,415,3390,3418,3363,0,0,0,0,0,0,26.40,25.01,26.41,8.75,64.29
$GC,12561,-1.11,-146.6,2526,415,3418,3363,955.6,-6.8,395,12567,0.00,2.12,0.00,0.000,1030,0.000,0.026,2518,1808,3390,3418,3363,0,0,0,0,0,0,25.58,25.52,25.62,8.75,64.05
$GC,12762,-1.11,-146.6,2518,1808,3418,3362,969.0,-6.7,400,12766,0.00,2.22,0.00,0.000,260,0.000,0.040,2509,3193,3390,3418,3362,0,0,0,0,0,0,26.40,25.08,26.41,8.74,64.13
$GC,12829,-1.11,-146.6,2508,3194,3417,3362,971.8,-6.6,401,12834,0.00,2.10,0.00,0.000,1030,0.000,0.024,2508,1797,3389,3417,3362,0,0,0,0,0,0,25.61,25.55,25.64,8.74,63.97
$GC,13048,-1.11,-146.6,2508,1797,3417,3362,987.5,-6.5,407,13053,0.00,2.25,0.00,0.000,516,0.000,0.041,2508,395,3389,3417,3362,0,0,0,0,0,0,26.40,24.98,26.41,8.74,64.33
$STATE,13089,end dive,TARGET_DEPTH_EXCEEDED
$STATE,13089,begin apogee
$GC,13099,-0.42,0.0,2495,2243,3416,3361,990.5,-6.6,408,13239,0.80,0.00,136.38,1.343,10246,0.109,0.000,2749,2242,2805,2898,2713,0,0,0,0,0,0,24.20,23.61,22.58,8.74,63.93
$STATE,13240,end apogee,CONTROL_FINISHED_OK
$STATE,13241,begin climb
$GC,13244,1.09,146.6,2749,2243,2895,2711,994.8,0.0,411,13404,1.42,2.53,149.65,1.274,10500,0.067,0.042,3228,3645,2205,2289,2121,0,0,0,0,0,0,23.84,22.54,21.83,8.69,62.75
$GC,13475,0.93,188.7,3228,3645,2289,2121,981.0,8.1,417,13525,0.17,2.22,44.08,1.236,13318,0.136,0.024,3188,2241,2034,2137,1932,0,0,0,0,0,0,24.01,24.50,22.57,8.64,62.20
$GC,13737,0.94,200.6,3187,2241,2136,1930,954.5,9.5,424,13752,0.00,0.00,12.25,1.151,8198,0.000,0.000,3188,2241,1986,2097,1875,0,0,0,0,0,0,26.25,25.06,23.94,8.62,63.11
$GC,13937,0.96,217.6,3187,2241,2097,1874,936.2,9.2,429,13956,0.00,0.00,17.45,1.206,8198,0.000,0.000,3187,2241,1918,2039,1797,0,0,0,0,0,0,26.30,25.06,23.96,8.61,64.13
$GC,14137,0.98,236.2,3187,2241,2038,1794,917.9,9.1,434,14161,0.00,2.22,19.00,1.216,8708,0.000,0.037,3195,860,1841,1971,1712,0,0,0,0,0,0,26.29,25.10,23.95,8.61,63.82
$GC,14217,1.00,256.8,3194,860,1970,1712,910.6,9.1,436,14246,0.00,2.15,21.48,1.213,9222,0.000,0.028,3195,2258,1756,1897,1615,0,0,0,0,0,0,25.74,25.65,23.79,8.61,64.29
$GC,14457,1.09,278.1,3194,2258,1897,1615,889.0,9.0,442,14481,0.08,0.00,21.17,1.214,10246,0.096,0.000,3284,2258,1671,1820,1522,0,0,0,0,0,0,26.04,25.01,23.93,8.59,64.37
$GC,14657,1.09,278.1,3284,2258,1818,1519,868.1,10.5,447,14659,0.15,0.00,0.00,0.000,4102,0.123,0.000,3236,2258,1668,1818,1519,0,0,0,0,0,0,25.65,25.77,25.72,8.58,64.68
$GC,14856,1.09,281.8,3236,2258,1817,1519,848.5,9.8,452,14866,0.00,2.22,4.05,0.778,8708,0.000,0.035,3244,861,1653,1804,1503,0,0,0,0,0,0,26.28,25.42,24.20,8.58,65.83
$GC,14898,1.10,286.3,3244,861,1804,1503,844.7,9.8,453,14911,0.00,2.12,5.72,0.947,9222,0.000,0.029,3244,2251,1637,1790,1484,0,0,0,0,0,0,25.79,25.71,24.13,8.57,64.60
$GC,15097,1.10,286.6,3244,2251,1790,1484,824.8,10.0,458,15098,0.00,0.00,0.00,0.000,6,0.000,0.000,3245,2250,1637,1789,1485,0,0,0,0,0,0,26.27,26.29,26.29,8.57,65.04
$GC,15296,1.10,286.6,3244,2251,1790,1485,804.6,10.1,463,15301,0.00,2.20,0.00,0.000,516,0.000,0.036,3253,854,1637,1790,1484,0,0,0,0,0,0,26.29,25.44,26.30,8.56,65.75
$GC,15373,1.10,286.6,3253,853,1789,1484,799.9,10.2,464,15380,0.00,2.15,0.00,0.000,1030,0.000,0.029,3254,2263,1637,1790,1484,0,0,0,0,0,0,25.64,25.55,25.67,8.56,65.43
$GC,15580,1.10,286.6,3253,2263,1789,1484,775.0,10.6,470,15582,0.00,0.00,0.00,0.000,6,0.000,0.000,3253,2263,1637,1789,1485,0,0,0,0,0,0,26.31,26.32,26.31,8.56,65.51
$GC,15781,1.10,286.6,3253,2263,1789,1484,753.8,10.7,475,15788,0.00,2.22,0.00,0.000,516,0.000,0.036,3263,854,1636,1789,1484,0,0,0,0,0,0,26.32,25.31,26.32,8.56,65.83
$GC,15835,1.10,286.6,3263,854,1790,1484,749.4,10.7,476,15839,0.00,2.15,0.00,0.000,1030,0.000,0.029,3263,2249,1636,1789,1484,0,0,0,0,0,0,25.58,25.49,25.61,8.56,65.59
$GC,16024,1.10,286.6,3262,2249,1789,1484,727.3,11.0,481,16028,0.00,2.20,0.00,0.000,516,0.000,0.036,3272,858,1636,1789,1484,0,0,0,0,0,0,26.32,25.29,26.33,8.56,65.94
$GC,16067,1.10,286.6,3271,856,1789,1485,722.6,11.0,482,16074,0.12,2.15,0.00,0.000,5126,0.129,0.029,3232,2254,1637,1790,1484,0,0,0,0,0,0,25.15,25.46,25.25,8.56,66.38
$GC,16268,1.10,286.6,3232,2253,1789,1484,701.4,10.5,487,16272,0.00,2.20,0.00,0.000,516,0.000,0.036,3240,865,1637,1789,1485,0,0,0,0,0,0,26.33,25.25,26.34,8.56,66.14
$GC,16354,1.10,286.6,3240,863,1789,1485,692.7,10.5,489,16362,0.00,2.08,0.00,0.000,1030,0.000,0.030,3240,2253,1636,1789,1484,0,0,0,0,0,0,25.52,25.44,25.56,8.55,65.67
$GC,16556,1.10,286.6,3240,2253,1789,1484,671.6,10.4,494,16560,0.00,2.20,0.00,0.000,516,0.000,0.036,3249,865,1637,1789,1485,0,0,0,0,0,0,26.34,25.22,26.34,8.55,65.79
$GC,16601,1.10,286.6,3248,863,1789,1485,667.3,10.3,495,16606,0.00,2.15,0.00,0.000,1030,0.000,0.029,3249,2258,1637,1790,1484,0,0,0,0,0,0,25.51,25.41,25.54,8.55,65.79
$GC,16795,1.10,286.6,3248,2258,1789,1484,647.5,10.1,500,16797,0.00,0.00,0.00,0.000,6,0.000,0.000,3249,2258,1636,1789,1484,0,0,0,0,0,0,26.34,26.35,26.34,8.55,66.42
$GC,16995,1.11,295.5,3248,2258,1789,1484,628.2,9.6,505,17007,0.00,0.00,9.95,1.028,8198,0.000,0.000,3249,2258,1599,1755,1444,0,0,0,0,0,0,26.34,25.20,24.12,8.54,65.67
$GC,17197,1.12,309.3,3248,2258,1754,1442,609.5,9.4,510,17216,0.00,2.22,14.30,1.069,8708,0.000,0.036,3258,859,1541,1702,1380,0,0,0,0,0,0,26.32,25.20,24.09,8.54,66.02
$GC,17307,1.14,326.3,3258,859,1703,1381,602.5,9.2,512,17329,0.00,2.12,16.98,1.073,9222,0.000,0.029,3258,2250,1473,1639,1307,0,0,0,0,0,0,25.73,25.64,24.01,8.54,65.59
$GC,17548,1.15,336.2,3258,2250,1637,1304,576.3,9.5,519,17560,0.00,0.00,9.75,0.986,8198,0.000,0.000,3258,2250,1434,1602,1266,0,0,0,0,0,0,26.27,25.19,24.17,8.53,66.49
$GC,17750,1.15,339.6,3258,2250,1601,1265,556.6,9.8,524,17760,0.00,2.25,4.57,0.758,8708,0.000,0.037,3265,858,1418,1587,1249,0,0,0,0,0,0,26.28,25.34,24.20,8.53,65.51
$GC,17854,1.15,339.6,3265,858,1587,1254,548.4,10.1,526,17860,0.00,2.17,0.00,0.000,1030,0.000,0.030,3265,2253,1420,1587,1254,0,0,0,0,0,0,25.67,25.63,25.70,8.54,65.43
$GC,18074,1.15,339.6,3265,2253,1587,1254,523.0,10.5,532,18075,0.00,0.00,0.00,0.000,6,0.000,0.000,3265,2253,1420,1587,1254,0,0,0,0,0,0,26.29,26.30,26.30,8.53,66.02
$GC,18274,1.15,339.6,3265,2253,1587,1254,501.4,10.8,537,18279,0.00,2.22,0.00,0.000,516,0.000,0.037,3273,864,1420,1587,1254,0,0,0,0,0,0,26.30,25.28,26.31,8.54,66.10
$GC,18359,1.15,339.6,3273,864,1587,1254,492.2,10.9,539,18363,0.00,2.15,0.00,0.000,1030,0.000,0.029,3273,2256,1420,1587,1254,0,0,0,0,0,0,25.53,25.44,25.57,8.54,65.98
$GC,18563,1.15,339.6,3273,2256,1587,1253,469.3,11.2,544,18564,0.00,0.00,0.00,0.000,6,0.000,0.000,3273,2256,1420,1587,1254,0,0,0,0,0,0,26.32,26.32,26.32,8.54,65.98
$GC,18762,1.15,339.6,3272,2256,1587,1254,445.9,11.6,549,18763,0.00,0.00,0.00,0.000,6,0.000,0.000,3273,2256,1421,1588,1254,0,0,0,0,0,0,26.32,26.33,26.33,8.55,66.49
$GC,18962,1.15,339.6,3273,2256,1587,1253,422.2,11.8,554,18969,0.00,2.20,0.00,0.000,516,0.000,0.036,3282,863,1420,1587,1254,0,0,0,0,0,0,26.32,25.18,26.34,8.55,65.94
$GC,19012,1.15,339.6,3282,863,1587,1254,417.4,11.8,555,19018,0.00,2.15,0.00,0.000,1030,0.000,0.029,3282,2258,1420,1587,1254,0,0,0,0,0,0,25.47,25.39,25.51,8.54,66.26
$GC,19204,1.15,339.6,3282,2258,1587,1254,394.3,11.5,560,19211,0.00,2.25,0.00,0.000,260,0.000,0.044,3282,3648,1420,1587,1254,0,0,0,0,0,0,26.33,24.98,26.34,8.55,65.90
$GC,19268,1.15,339.6,3282,3648,1587,1253,389.4,11.6,561,19273,0.12,2.12,0.00,0.000,5126,0.135,0.024,3251,2242,1420,1587,1253,0,0,0,0,0,0,25.14,25.56,25.22,8.55,65.31
$GC,19488,1.21,339.6,3251,2242,1587,1254,363.0,10.8,567,19489,0.00,0.00,0.00,0.000,6,0.000,0.000,3252,2242,1420,1587,1254,0,0,0,0,0,0,26.34,26.34,26.34,8.55,65.39
$GC,19689,1.27,339.6,3251,2242,1587,1254,342.3,10.4,572,19695,0.08,2.30,0.00,0.000,2308,0.096,0.044,3319,3650,1420,1587,1254,0,0,0,0,0,0,26.11,24.93,26.13,8.56,65.55
$GC,19730,1.27,339.6,3319,3649,1587,1254,337.5,10.5,573,19737,0.12,2.12,0.00,0.000,5126,0.132,0.024,3290,2245,1420,1587,1254,0,0,0,0,0,0,25.15,25.56,25.22,8.55,65.16
$GC,19932,1.27,339.6,3289,2245,1587,1254,315.9,10.7,578,19934,0.00,0.00,0.00,0.000,6,0.000,0.000,3290,2245,1420,1587,1253,0,0,0,0,0,0,26.34,26.35,26.35,8.56,65.43
$GC,20131,1.27,339.6,3288,2245,1587,1253,294.4,10.8,583,20133,0.00,0.00,0.00,0.000,6,0.000,0.000,3290,2245,1420,1587,1254,0,0,0,0,0,0,26.34,26.36,26.35,8.56,65.43
$GC,20333,1.27,339.6,3289,2245,1587,1254,273.1,10.6,588,20334,0.00,0.00,0.00,0.000,6,0.000,0.000,3290,2245,1420,1587,1254,0,0,0,0,0,0,26.34,26.36,26.36,8.57,65.43
$GC,20531,1.27,339.6,3289,2245,1587,1254,251.5,10.8,593,20533,0.00,0.00,0.00,0.000,6,0.000,0.000,3290,2245,1420,1587,1254,0,0,0,0,0,0,26.35,26.36,26.36,8.57,65.35
$GC,20732,1.27,339.6,3290,2245,1587,1254,229.6,11.1,598,20733,0.00,0.00,0.00,0.000,6,0.000,0.000,3290,2245,1420,1587,1254,0,0,0,0,0,0,26.35,26.36,26.36,8.57,65.55
$GC,20931,1.27,339.6,3289,2245,1587,1254,207.5,11.0,603,20936,0.00,2.22,0.00,0.000,516,0.000,0.036,3297,859,1420,1587,1254,0,0,0,0,0,0,26.35,25.12,26.36,8.57,65.63
$GC,21015,1.27,339.6,3297,860,1587,1254,198.5,10.9,605,21020,0.00,2.17,0.00,0.000,1030,0.000,0.029,3297,2248,1420,1587,1253,0,0,0,0,0,0,25.37,25.33,25.39,8.57,65.16
$GC,21221,1.27,339.6,3297,2248,1588,1253,177.1,10.7,615,21228,0.00,2.28,0.00,0.000,260,0.000,0.044,3297,3656,1420,1587,1253,0,0,0,0,0,0,26.36,24.88,26.36,8.58,64.29
$GC,21262,1.27,339.6,3297,3656,1587,1253,172.2,11.0,617,21266,0.00,2.12,0.00,0.000,1030,0.000,0.023,3307,2239,1420,1587,1253,0,0,0,0,0,0,25.61,25.56,25.64,8.58,65.19
$GC,21466,1.27,339.6,3306,2238,1587,1254,148.0,12.3,627,21467,0.00,0.00,0.00,0.000,6,0.000,0.000,3307,2238,1420,1587,1254,0,0,0,0,0,0,26.36,26.37,26.36,8.58,64.96
$GC,21646,1.27,339.6,3306,2237,1587,1254,126.5,11.7,636,21650,0.00,2.17,0.00,0.000,516,0.000,0.035,3317,858,1420,1587,1254,0,0,0,0,0,0,26.36,25.11,26.37,8.59,64.29
$GC,21692,1.27,339.6,3317,857,1587,1254,121.7,11.5,638,21696,0.00,2.15,0.00,0.000,1030,0.000,0.028,3317,2253,1420,1587,1254,0,0,0,0,0,0,25.42,25.34,25.46,8.59,64.72
$GC,21890,1.27,339.6,3316,2253,1587,1253,100.2,10.3,648,21895,0.00,2.28,0.00,0.000,260,0.000,0.044,3317,3656,1420,1587,1253,0,0,0,0,0,0,26.36,24.90,26.37,8.60,63.90
$GC,21974,1.27,345.4,3316,3655,1587,1254,92.1,9.7,652,21987,0.08,2.15,6.07,0.630,13318,0.141,0.023,3290,2251,1395,1563,1227,0,0,0,0,0,0,25.08,25.58,24.09,8.60,64.01
$GC,22179,1.34,415.0,3289,2250,1564,1232,77.0,6.8,662,22262,0.00,0.00,69.97,0.757,8966,0.000,0.000,3290,2250,1113,1257,969,0,0,0,0,2,0,26.36,25.30,23.79,8.61,64.53
$GC,22440,1.46,463.1,3290,2251,1257,969,58.9,7.8,675,22497,0.12,2.20,47.83,0.735,10756,0.065,0.034,3405,862,912,1008,817,0,0,0,0,0,0,26.01,24.67,24.14,8.65,65.55
$GC,22555,1.41,463.1,3406,862,1007,817,46.9,10.7,681,22567,0.22,2.12,0.00,0.000,5126,0.122,0.028,3337,2257,912,1007,817,0,0,0,0,0,0,25.10,25.54,25.27,8.67,66.34
$GC,22748,1.41,463.1,3336,2257,1007,817,28.1,10.3,700,22752,0.00,2.25,0.00,0.000,260,0.000,0.044,3337,3640,912,1007,817,0,0,0,0,0,0,26.27,25.42,26.28,8.71,65.23
$GC,22827,1.41,463.1,3336,3640,1007,816,20.1,10.5,707,22835,0.00,2.08,0.00,0.000,1030,0.000,0.022,3344,2245,912,1007,817,0,0,0,0,0,0,25.80,25.74,25.82,8.74,65.04
$STATE,22981,end climb,SURFACE_DEPTH_REACHED
$STATE,22981,begin surface coast
$FINISH,0.5,1.022376
$STATE,23005,end surface coast,CONTROL_FINISHED_OK
$STATE,23005,begin surface
$SM_CCo,23086,0.00,0.000,0,0,911,465.09
$SM_GC,0.06,8.43,0.62,0.00,0.039,0.034,0.000,173,1807,911,-8.29,2.04,465.09,0,0,0,0,0,0,25.75,25.79,25.79
$IRIDIUM_FIX,905.08,-14325.28,100525,144830
$TT8_MAMPS,0.026215,0.38199
$HUMID,59.56
$INTERNAL_PRESSURE,8.74185
$TCM_TEMP,18.60
$XPDR_PINGS,0
$ALTIM_TOP_PING,18.8,18.6
$24V_AH,21.83,117.139
$10V_AH,9.61,72.250
$FG_AHR_24Vo,0.000
$FG_AHR_10Vo,0.000
$DEVICES,Pitch_motor,Roll_motor,VBD_pump_during_apogee,VBD_pump_during_surface,VBD_valve,Iridium_during_init,Iridium_during_connect,Iridium_during_xfer,Transponder_ping,GUMSTIX_24V,GPS,TT8,LPSleep,TT8_Active,TT8_Sampling,TT8_CF8,TT8_Kalman,Analog_circuits,GPS_charging,Compass,RAFOS,Transponder,Compass2
$DEVICE_SECS,22.625,282.625,610.650,0.000,0.000,0.000,0.000,268.950,0.250,0.000,27.560,3180.365,15860.211,786.318,3146.687,528.788,0.000,2735.228,0.000,2718.283,0.000,2.771,0.000
$DEVICE_MAMPS,199.665,54.315,1342.575,0.000,0.000,0.000,0.000,92.565,420.000,0.000,30.710,15.210,2.190,15.210,43.670,53.410,0.000,14.000,0.000,8.240,0.000,30.000,0.000
$SENSORS,SBE_CT,WL_blue_red_Chl,AA4330,nil,nil,nil,nil,nil,nil,nil
$SENSOR_SECS,630.094,0.000,969.999,0.000,0.000,0.000,0.000,0.000,0.000,0.000
$SENSOR_MAMPS,22.470,0.000,11.230,0.000,0.000,0.000,0.000,0.000,0.000,0.000
$MEM,311948
$DATA_FILE_SIZE,52272,725
$CAP_FILE_SIZE,253712,0
$CFSIZE,2097872896,1998487552
$ERRORS,0,1,0,0,0,0,0,0,0,0,0,0,0,2,2,0
$INTR,0,16354.72,0x2367b8,1,24
$CURRENT,0.133,65.64,1
$GPS,250905,035902,905.837,-14329.132,43,0.8,70,9.3,0.8,33.7,9,4.8
