version: 66.14
glider: 195
mission: 21
dive: 74
start: 4 21 105 23 4 45
data:
$ID,195
$MISSION,21
$DIVE,74
$N_DIVES,0
$STOP_T,0
$D_SURF,3
$D_FLARE,2
$D_TGT,990
$D_ABORT,1090
$D_NO_BLEED,50
$D_BOOST,3
$T_BOOST,0
$D_FINISH,0
$D_PITCH,0
$D_SAFE,0
$D_CALL,0
$SURFACE_URGENCY,0
$SURFACE_URGENCY_TRY,0
$SURFACE_URGENCY_FORCE,0
$T_DIVE,330
$T_MISSION,450
$T_ABORT,1440
$T_TURN,300
$T_TURN_SAMPINT,5
$T_NO_W,120
$T_LOITER,0
$T_SLOITER,60
$T_EPIRB,0
$USE_BATHY,0
$USE_ICE,0
$ICE_FREEZE_MARGIN,0.30000001
$D_OFFGRID,990
$T_WATCHDOG,10
$RELAUNCH,1
$APOGEE_PITCH,-8
$MAX_BUOY,150
$COURSE_BIAS,0
$GLIDE_SLOPE,30
$SPEED_FACTOR,1
$RHO,1.023
$MASS,54002
$MASS_COMP,0
$NAV_MODE,2
$FERRY_MAX,45
$KALMAN_USE,2
$HD_A,0.0038000001
$HD_B,0.0099999998
$HD_C,9.8500004e-06
$HEADING,-1
$ESCAPE_HEADING,0
$ESCAPE_HEADING_DELTA,10
$FIX_MISSING_TIMEOUT,0
$TGT_DEFAULT_LAT,4736
$TGT_DEFAULT_LON,-12225
$TGT_AUTO_DEFAULT,0
$SM_CC,250
$N_FILEKB,4
$FILEMGR,0
$CALL_NDIVES,1
$COMM_SEQ,0
$PROTOCOL,9
$N_NOCOMM,1
$NOCOMM_ACTION,0
$N_NOSURFACE,0
$UPLOAD_DIVES_MAX,-1
$CALL_TRIES,5
$CALL_WAIT,60
$CAPUPLOAD,0
$CAPMAXSIZE,200000
$HEAPDBG,0
$T_GPS,15
$N_GPS,50840
$T_RSLEEP,2
$STROBE,0
$RAFOS_PEAK_OFFSET,1.5
$RAFOS_CORR_THRESH,60
$RAFOS_HIT_WINDOW,3600
$RAFOS_MMODEM,0
$PITCH_MIN,207
$PITCH_MAX,3915
$C_PITCH,2880
$PITCH_DBAND,0.1
$PITCH_CNV,0.003125763
$P_OVSHOOT,0.039999999
$P_OVSHOOT_WITHG,0.079999998
$PITCH_GAIN,24
$PITCH_TIMEOUT,17
$PITCH_AD_RATE,160
$PITCH_MAXERRORS,1
$PITCH_ADJ_GAIN,0.02
$PITCH_ADJ_DBAND,2.5
$ROLL_MIN,224
$ROLL_MAX,3758
$ROLL_DEG,40
$C_ROLL_DIVE,2200
$C_ROLL_CLIMB,1700
$HEAD_ERRBAND,20
$ROLL_CNV,0.028270001
$ROLL_TIMEOUT,15
$R_PORT_OVSHOOT,50
$R_STBD_OVSHOOT,44
$ROLL_AD_RATE,350
$ROLL_MAXERRORS,2
$ROLL_ADJ_GAIN,0
$ROLL_ADJ_DBAND,0
$VBD_MIN,500
$VBD_MAX,3960
$C_VBD,2707
$VBD_DBAND,2
$VBD_CNV,-0.24529999
$VBD_LP_IGNORE,0
$VBD_TIMEOUT,720
$PITCH_VBD_SHIFT,0.001
$VBD_PUMP_AD_RATE_SURFACE,5
$VBD_PUMP_AD_RATE_APOGEE,4
$VBD_BLEED_AD_RATE,8
$UNCOM_BLEED,60
$VBD_MAXERRORS,1
$W_ADJ_DBAND,0
$DBDW,0
$PITCH_W_GAIN,0
$PITCH_W_DBAND,0
$CF8_MAXERRORS,5
$AH0_24V,150
$AH0_10V,97
$MINV_24V,19
$MINV_10V,8
$MAXI_24V,0.80000001
$MAXI_10V,0.60000002
$FG_AHR_10V,0
$FG_AHR_24V,0
$PHONE_SUPPLY,-2
$PRESSURE_YINT,-49.397121
$PRESSURE_SLOPE,0.0001168043
$AD7714Ch0Gain,128
$TCM_PITCH_OFFSET,0
$TCM_ROLL_OFFSET,0
$COMPASS_USE,4
$ALTIM_BOTTOM_PING_RANGE,0
$ALTIM_TOP_PING_RANGE,20
$ALTIM_BOTTOM_TURN_MARGIN,0
$ALTIM_TOP_TURN_MARGIN,0
$ALTIM_TOP_MIN_OBSTACLE,1
$ALTIM_PING_DEPTH,0
$ALTIM_PING_DELTA,0
$ALTIM_FREQUENCY,13
$ALTIM_PULSE,3
$ALTIM_SENSITIVITY,3
$XPDR_VALID,5
$XPDR_INHIBIT,90
$INT_PRESSURE_SLOPE,0.0097660003
$INT_PRESSURE_YINT,-0.77999997
$DEEPGLIDER,0
$MOTHERBOARD,4
$DEVICE1,2
$DEVICE2,115
$DEVICE3,101
$DEVICE4,-1
$DEVICE5,-1
$DEVICE6,-1
$LOGGERS,0
$LOGGERDEVICE1,-1
$LOGGERDEVICE2,-1
$LOGGERDEVICE3,-1
$LOGGERDEVICE4,-1
$COMPASS_DEVICE,33
$COMPASS2_DEVICE,-1
$PHONE_DEVICE,49
$GPS_DEVICE,32
$RAFOS_DEVICE,-1
$XPDR_DEVICE,24
$SIM_W,0
$SIM_PITCH,0
$SEABIRD_T_G,0.0044178674
$SEABIRD_T_H,0.00064818078
$SEABIRD_T_I,2.6779007e-05
$SEABIRD_T_J,3.3667231e-06
$SEABIRD_C_G,-10.098215
$SEABIRD_C_H,1.1454017
$SEABIRD_C_I,-0.0021276253
$SEABIRD_C_J,0.00025532115
$SEABIRD_C_Z,2974.52
$GPS1,210405,225647,115.6214,-13847.9268,40,1.0,64,9.4,1.0,272.7,9,4.8
$_CALLS,1
$_XMS_NAKs,0
$_XMS_TOUTs,0
$_SM_DEPTHo,0.69
$_SM_ANGLEo,-65.2
$GPS2,210405,230405,115.5523,-13848.2129,12,0.9,24,9.4,1.8,257.3,10,4.6
$SPEED_LIMITS,0.173,0.262
$TGT_NAME,WEST
$TGT_LATLONG,150.000,-14000.000
$TGT_RADIUS,200.000
$KALMAN_CONTROL,0.000000,0.000000
$KALMAN_X,0.000000,0.000000,0.000000,0.000000,0.000000
$KALMAN_Y,0.000000,0.000000,0.000000,0.000000,0.000000
$MHEAD_RNG_PITCHd_Wd,293.6,147403,-18.1,-10.000,-20.93,2235
$D_GRID,990
$GCHEAD,st_secs,pitch_ctl,vbd_ctl,pitch_ad_start,roll_ad_start,vbd_pot1_ad_start,vbd_pot2_ad_start,depth,ob_vertv,data_pts,end_secs,pitch_secs,roll_secs,vbd_secs,vbd_i,gcphase,pitch_i,roll_i,pitch_ad,roll_ad,vbd_ad,vbd_pot1_ad,vbd_pot2_ad,pitch_retries,pitch_errors,roll_retries,roll_errors,vbd_retries,vbd_errors,pitch_volts,roll_volts,vbd_volts,int_press,humidity
$STATE,6,end surface,CONTROL_FINISHED_OK
$STATE,6,begin dive
$GC,73,-0.90,-146.6,157,2202,1703,1406,0.8,-0.9,12,128,0.00,0.00,-52.35,0.000,16386,0.000,0.000,158,2202,2933,2943,2924,0,0,0,0,0,0,26.47,28.83,26.48,8.98,45.19
$GC,132,-0.90,-146.6,157,2202,2946,2924,2.3,-4.2,20,156,9.07,2.20,-8.25,0.000,18692,0.212,0.054,2573,3604,3307,3328,3286,0,0,0,0,0,0,25.82,24.78,26.10,9.11,44.60
$GC,473,-0.75,-146.6,2572,3605,3338,3286,76.4,-18.0,70,482,0.20,2.05,0.00,0.000,3078,0.143,0.021,2634,2163,3312,3338,3286,0,0,0,0,0,0,26.08,26.39,26.17,9.16,45.43
$GC,786,-0.75,-146.6,2634,2163,3340,3286,115.3,-7.0,93,792,0.00,2.20,0.00,0.000,260,0.000,0.041,2626,3607,3313,3340,3286,0,0,0,0,0,0,26.71,26.36,26.72,9.15,45.07
$GC,1107,-0.75,-146.6,2625,3607,3344,3286,135.7,-6.7,108,1111,0.00,1.98,0.00,0.000,1030,0.000,0.020,2626,2198,3314,3343,3286,0,0,0,0,0,0,26.55,26.50,26.55,9.11,44.17
$GC,1420,-0.75,-146.6,2625,2198,3346,3286,156.9,-6.7,124,1425,0.00,2.15,0.00,0.000,260,0.000,0.041,2615,3608,3316,3346,3286,0,0,0,0,0,0,26.77,26.41,26.77,9.06,44.48
$GC,1676,-0.75,-146.6,2614,3608,3346,3286,175.7,-7.8,136,1680,0.00,1.98,0.00,0.000,1030,0.000,0.020,2615,2204,3315,3346,3285,0,0,0,0,0,0,26.57,26.52,26.58,9.03,45.55
$GC,1990,-0.75,-146.6,2614,2203,3346,3286,201.7,-8.5,152,1994,0.00,2.12,0.00,0.000,260,0.000,0.041,2605,3606,3315,3346,3285,0,0,0,0,0,0,26.78,26.41,26.79,9.02,46.37
$GC,2177,-0.75,-146.6,2604,3607,3345,3286,218.2,-9.0,161,2182,0.10,1.98,0.00,0.000,3078,0.151,0.021,2635,2188,3315,3345,3286,0,0,0,0,0,0,26.29,26.53,26.43,9.01,46.45
$GC,2504,-0.75,-146.6,2635,2188,3345,3285,243.7,-8.4,177,2508,0.00,1.98,0.00,0.000,516,0.000,0.032,2635,834,3315,3345,3285,0,0,0,0,0,0,26.78,26.45,26.79,8.98,48.14
$GC,2645,-0.75,-146.6,2635,834,3345,3285,254.7,-8.6,183,2652,0.00,1.98,0.00,0.000,1030,0.000,0.028,2630,2206,3315,3345,3286,0,0,0,0,0,0,26.55,26.48,26.57,8.97,47.55
$GC,2951,-0.75,-146.6,2629,2206,3344,3285,281.5,-8.0,199,2952,0.00,0.00,0.00,0.000,6,0.000,0.000,2630,2206,3314,3344,3285,0,0,0,0,0,0,26.79,26.79,26.79,8.95,48.54
$GC,3250,-0.75,-146.6,2629,2206,3342,3285,305.8,-8.4,213,3254,0.00,2.12,0.00,0.000,260,0.000,0.043,2620,3602,3313,3342,3285,0,0,0,0,0,0,26.79,26.41,26.79,8.94,49.40
$GC,3378,-0.75,-146.6,2619,3601,3341,3285,317.0,-8.9,217,3383,0.00,2.00,0.00,0.000,1030,0.000,0.022,2620,2216,3312,3340,3285,0,0,0,0,0,0,26.55,26.52,26.55,8.94,49.29
$GC,3712,-0.75,-146.6,2619,2216,3341,3283,344.6,-7.9,228,3716,0.00,2.08,0.00,0.000,516,0.000,0.034,2620,811,3312,3341,3283,0,0,0,0,0,0,26.79,26.44,26.79,8.92,49.84
$GC,3904,-0.75,-146.6,2619,811,3340,3282,359.8,-8.0,234,3909,0.00,2.03,0.00,0.000,1030,0.000,0.029,2611,2200,3311,3340,3282,0,0,0,0,0,0,26.54,26.47,26.56,8.92,50.59
$GC,4234,-0.75,-146.6,2610,2200,3340,3280,386.6,-8.3,245,4238,0.00,2.15,0.00,0.000,260,0.000,0.044,2601,3610,3309,3339,3280,0,0,0,0,0,0,26.79,26.40,26.79,8.90,50.55
$GC,4316,-0.75,-146.6,2600,3611,3338,3280,392.1,-8.4,247,4327,0.12,2.00,0.00,0.000,3078,0.142,0.023,2640,2195,3309,3338,3280,0,0,0,0,0,0,26.25,26.51,26.40,8.90,50.11
$GC,4629,-0.82,-146.6,2640,2195,3338,3277,414.7,-6.5,258,4633,0.00,2.15,0.00,0.000,260,0.000,0.044,2634,3598,3307,3338,3277,0,0,0,0,0,0,26.79,26.39,26.79,8.89,51.45
$GC,4829,-0.87,-146.6,2634,3599,3337,3275,428.2,-7.3,264,4834,0.05,2.00,0.00,0.000,5126,0.132,0.024,2576,2195,3306,3337,3275,0,0,0,0,0,0,26.43,26.51,26.51,8.88,51.22
$GC,5149,-0.87,-146.6,2564,2195,3335,3274,459.3,-9.7,275,5157,0.10,2.17,0.00,0.000,2308,0.155,0.044,2587,3609,3304,3335,3274,0,0,0,0,0,0,26.35,26.39,26.45,8.87,51.37
$GC,5296,-0.87,-146.6,2586,3609,3334,3273,470.9,-9.2,279,5304,0.00,2.03,0.00,0.000,1030,0.000,0.024,2586,2195,3304,3334,3274,0,0,0,0,0,0,26.56,26.51,26.58,8.86,51.18
$GC,5603,-0.87,-146.6,2586,2195,3333,3272,501.8,-9.3,290,5607,0.00,2.05,0.00,0.000,516,0.000,0.035,2586,819,3303,3333,3273,0,0,0,0,0,0,26.79,26.42,26.80,8.84,51.92
$GC,5668,-0.87,-146.6,2586,819,3333,3272,507.9,-9.4,292,5672,0.00,2.03,0.00,0.000,1030,0.000,0.031,2579,2198,3303,3333,3273,0,0,0,0,0,0,26.53,26.45,26.55,8.84,51.85
$GC,6002,-0.87,-146.6,2578,2198,3331,3271,539.5,-9.3,303,6003,0.00,0.00,0.00,0.000,6,0.000,0.000,2579,2198,3301,3331,3271,0,0,0,0,0,0,26.79,26.80,26.79,8.83,52.44
$GC,6303,-0.87,-146.6,2578,2198,3329,3269,567.3,-9.4,313,6306,0.00,2.17,0.00,0.000,260,0.000,0.046,2568,3611,3299,3329,3269,0,0,0,0,0,0,26.79,26.37,26.80,8.82,53.07
$GC,6481,-0.87,-146.6,2567,3611,3328,3268,583.0,-10.0,318,6490,0.00,2.08,0.00,0.000,1030,0.000,0.025,2568,2198,3298,3328,3268,0,0,0,0,0,0,26.52,26.50,26.54,8.81,53.26
$GC,6789,-0.87,-146.6,2568,2198,3327,3266,615.6,-9.7,329,6797,0.10,2.17,0.00,0.000,2308,0.164,0.046,2590,3607,3296,3327,3265,0,0,0,0,0,0,26.32,26.37,26.43,8.80,52.99
$GC,6898,-0.87,-146.6,2589,3607,3327,3265,624.2,-9.2,332,6902,0.00,2.03,0.00,0.000,1030,0.000,0.026,2590,2199,3295,3326,3265,0,0,0,0,0,0,26.55,26.48,26.57,8.80,53.74
$GC,7218,-0.87,-146.6,2589,2199,3326,3263,654.4,-8.8,343,7219,0.00,0.00,0.00,0.000,6,0.000,0.000,2590,2198,3294,3326,3263,0,0,0,0,0,0,26.79,26.80,26.80,8.79,53.42
$GC,7517,-0.87,-146.6,2589,2199,3324,3263,680.8,-8.7,353,7522,0.00,2.08,0.00,0.000,516,0.000,0.037,2590,816,3293,3324,3262,0,0,0,0,0,0,26.79,26.39,26.80,8.78,53.50
$GC,7668,-0.87,-146.6,2589,816,3324,3263,692.3,-9.1,357,7676,0.00,2.05,0.00,0.000,1030,0.000,0.033,2581,2204,3292,3323,3262,0,0,0,0,0,0,26.51,26.42,26.53,8.78,54.17
$GC,7973,-0.87,-146.6,2581,2204,3323,3261,721.1,-8.7,368,7977,0.00,2.17,0.00,0.000,260,0.000,0.047,2571,3611,3292,3323,3261,0,0,0,0,0,0,26.79,26.34,26.79,8.78,53.81
$GC,8040,-0.87,-146.6,2570,3610,3323,3260,727.2,-9.0,370,8045,0.00,2.05,0.00,0.000,1030,0.000,0.027,2571,2197,3291,3323,3260,0,0,0,0,0,0,26.54,26.48,26.55,8.78,54.09
$GC,8370,-0.87,-146.6,2570,2197,3323,3259,757.0,-9.2,381,8371,0.00,0.00,0.00,0.000,6,0.000,0.000,2571,2197,3291,3323,3259,0,0,0,0,0,0,26.79,26.80,26.80,8.77,54.56
$GC,8670,-0.87,-146.6,2571,2197,3322,3258,784.4,-9.4,391,8674,0.00,2.17,0.00,0.000,260,0.000,0.047,2561,3605,3290,3322,3258,0,0,0,0,0,0,26.79,26.34,26.79,8.76,54.84
$GC,8737,-0.87,-146.6,2561,3604,3320,3258,790.8,-9.7,393,8742,0.12,2.05,0.00,0.000,3078,0.147,0.027,2600,2197,3289,3320,3258,0,0,0,0,0,0,26.17,26.47,26.34,8.76,55.04
$GC,9062,-0.87,-146.6,2599,2196,3320,3257,818.9,-8.4,404,9066,0.00,2.08,0.00,0.000,516,0.000,0.039,2600,818,3288,3320,3256,0,0,0,0,0,0,26.79,26.36,26.79,8.75,54.84
$GC,9165,-0.87,-146.6,2599,818,3320,3257,827.3,-8.7,407,9170,0.00,2.05,0.00,0.000,1030,0.000,0.034,2594,2199,3288,3320,3257,0,0,0,0,0,0,26.49,26.40,26.52,8.75,54.72
$GC,9489,-0.87,-146.6,2594,2199,3318,3254,856.3,-8.6,418,9494,0.00,2.20,0.00,0.000,260,0.000,0.049,2584,3595,3286,3318,3254,0,0,0,0,0,0,26.79,26.32,26.79,8.74,55.04
$GC,9587,-0.87,-146.6,2583,3597,3317,3254,865.1,-9.1,421,9591,0.00,2.05,0.00,0.000,1030,0.000,0.028,2583,2197,3285,3317,3254,0,0,0,0,0,0,26.53,26.46,26.55,8.74,55.19
$GC,9915,-0.87,-146.6,2583,2197,3317,3253,892.7,-8.0,432,9920,0.00,2.10,0.00,0.000,516,0.000,0.039,2584,811,3285,3317,3253,0,0,0,0,0,0,26.79,26.35,26.79,8.74,55.43
$GC,10004,-0.87,-146.6,2583,810,3317,3253,898.1,-8.2,434,10012,0.00,2.10,0.00,0.000,1030,0.000,0.034,2575,2197,3284,3316,3253,0,0,0,0,0,0,26.44,26.40,26.46,8.74,54.80
$GC,10311,-0.87,-146.6,2575,2197,3316,3252,923.6,-7.5,445,10316,0.00,2.20,0.00,0.000,260,0.000,0.049,2565,3613,3284,3316,3252,0,0,0,0,0,0,26.79,26.30,26.79,8.73,55.43
$GC,10459,-0.87,-146.6,2565,3613,3315,3252,934.0,-8.3,449,10464,0.10,2.08,0.00,0.000,3078,0.158,0.028,2595,2191,3283,3315,3252,0,0,0,0,0,0,26.17,26.45,26.32,8.73,55.55
$GC,10774,-0.87,-146.6,2595,2190,3314,3251,957.7,-6.9,460,10778,0.00,2.08,0.00,0.000,516,0.000,0.040,2595,815,3283,3315,3251,0,0,0,0,0,0,26.79,26.34,26.79,8.72,55.39
$GC,10846,-0.87,-146.6,2595,815,3315,3251,962.5,-7.2,462,10850,0.00,2.08,0.00,0.000,1030,0.000,0.034,2589,2205,3283,3314,3252,0,0,0,0,0,0,26.48,26.38,26.51,8.73,55.51
$GC,11171,-0.87,-146.6,2589,2205,3314,3250,987.3,-7.7,473,11172,0.00,0.00,0.00,0.000,6,0.000,0.000,2589,2205,3281,3314,3249,0,0,0,0,0,0,26.78,26.79,26.80,8.72,55.94
$STATE,11227,end dive,TARGET_DEPTH_EXCEEDED
$STATE,11228,begin apogee
$GC,11235,-0.33,0.0,2589,1710,3313,3249,991.9,-7.8,475,11366,0.55,0.00,127.22,1.401,10246,0.112,0.000,2774,1708,2705,2798,2612,0,0,0,0,0,0,26.08,24.91,24.14,8.72,55.59
$STATE,11367,end apogee,CONTROL_FINISHED_OK
$STATE,11367,begin climb
$GC,11370,0.90,146.6,2773,1709,2793,2612,995.0,0.0,479,11512,1.10,0.00,136.62,1.333,10758,0.077,0.000,3161,1707,2108,2211,2006,0,0,0,0,0,0,25.11,24.59,23.90,8.67,54.76
$GC,11799,0.90,146.6,3160,1706,2202,2003,944.6,13.1,494,11801,0.00,0.00,0.00,0.000,6,0.000,0.000,3161,1707,2102,2202,2003,0,0,0,0,0,0,26.25,26.27,26.27,8.61,54.96
$GC,12099,0.90,146.6,3159,1707,2201,2002,905.3,13.0,504,12101,0.00,0.00,0.00,0.000,6,0.000,0.000,3161,1707,2101,2201,2002,0,0,0,0,0,0,26.51,26.53,26.53,8.61,56.06
$GC,12399,0.90,146.6,3160,1707,2200,2002,866.3,13.0,514,12401,0.00,0.00,0.00,0.000,6,0.000,0.000,3161,1707,2101,2200,2002,0,0,0,0,0,0,26.63,26.65,26.65,8.60,56.41
$GC,12699,0.90,146.6,3160,1707,2199,2001,826.8,13.4,524,12701,0.00,0.00,0.00,0.000,6,0.000,0.000,3161,1706,2100,2199,2001,0,0,0,0,0,0,26.70,26.71,26.71,8.60,56.57
$GC,12999,0.90,146.6,3160,1707,2199,2001,787.8,12.7,534,13004,0.00,2.22,0.00,0.000,516,0.000,0.051,3169,292,2099,2199,2000,0,0,0,0,0,0,26.73,26.33,26.74,8.59,57.36
$GC,13057,0.90,146.6,3168,292,2199,2001,783.3,12.7,535,13064,0.00,2.12,0.00,0.000,1030,0.000,0.031,3169,1718,2099,2198,2001,0,0,0,0,0,0,26.49,26.42,26.52,8.60,56.53
$GC,13364,0.90,146.6,3168,1718,2198,2000,739.7,13.3,546,13369,0.00,2.15,0.00,0.000,260,0.000,0.044,3169,3095,2099,2198,2000,0,0,0,0,0,0,26.75,26.39,26.76,8.59,56.61
$GC,13412,0.90,146.6,3168,3095,2198,2000,734.9,13.5,547,13416,0.00,2.08,0.00,0.000,1030,0.000,0.034,3178,1706,2099,2198,2000,0,0,0,0,0,0,26.50,26.42,26.53,8.60,56.49
$GC,13730,0.90,146.6,3177,1705,2198,2000,687.0,15.0,558,13734,0.00,2.25,0.00,0.000,516,0.000,0.051,3188,301,2099,2198,2000,0,0,0,0,0,0,26.76,26.35,26.77,8.59,56.89
$GC,13833,0.84,146.6,3188,301,2198,2000,672.4,15.4,561,13840,0.12,2.10,0.00,0.000,5126,0.145,0.031,3149,1708,2099,2198,2000,0,0,0,0,0,0,26.21,26.44,26.39,8.59,56.65
$GC,14155,0.84,146.6,3147,1708,2197,1999,627.3,13.4,572,14156,0.00,0.00,0.00,0.000,6,0.000,0.000,3149,1708,2098,2197,1999,0,0,0,0,0,0,26.77,26.78,26.77,8.60,56.69
$GC,14454,0.84,146.6,3148,1708,2197,1999,587.9,13.0,582,14459,0.00,2.12,0.00,0.000,260,0.000,0.043,3149,3096,2097,2196,1999,0,0,0,0,0,0,26.77,26.38,26.78,8.58,56.57
$GC,14502,0.84,146.6,3148,3096,2197,1999,583.5,13.0,583,14506,0.00,2.08,0.00,0.000,1030,0.000,0.034,3153,1701,2098,2197,1999,0,0,0,0,0,0,26.51,26.42,26.54,8.60,56.37
$GC,14820,0.84,146.6,3152,1698,2197,1999,541.7,12.3,594,14821,0.00,0.00,0.00,0.000,6,0.000,0.000,3153,1699,2098,2197,1999,0,0,0,0,0,0,26.77,26.78,26.78,8.60,56.49
$GC,15120,0.84,146.6,3152,1698,2196,1999,505.5,12.0,604,15121,0.00,0.00,0.00,0.000,6,0.000,0.000,3153,1699,2098,2197,1999,0,0,0,0,0,0,26.77,26.79,26.79,8.61,56.37
$GC,15420,0.84,146.6,3152,1698,2197,1999,470.7,11.3,614,15425,0.00,2.22,0.00,0.000,516,0.000,0.052,3153,285,2097,2196,1999,0,0,0,0,0,0,26.77,26.32,26.79,8.60,56.30
$GC,15477,0.84,146.6,3152,285,2197,1999,466.5,11.5,615,15484,0.00,2.10,0.00,0.000,1030,0.000,0.031,3153,1701,2097,2196,1999,0,0,0,0,0,0,26.51,26.44,26.54,8.61,56.18
$GC,15784,0.84,146.6,3152,1701,2196,1999,429.0,11.4,626,15789,0.00,2.17,0.00,0.000,260,0.000,0.043,3153,3100,2097,2196,1999,0,0,0,0,0,0,26.77,26.37,26.78,8.61,56.02
$GC,15882,0.84,146.6,3152,3100,2196,1999,417.8,11.8,629,15886,0.00,2.10,0.00,0.000,1030,0.000,0.033,3153,1693,2098,2197,1999,0,0,0,0,0,0,26.50,26.41,26.53,8.61,55.74
$GC,16210,0.84,146.6,3152,1692,2196,1999,379.3,11.3,640,16215,0.00,2.20,0.00,0.000,516,0.000,0.051,3153,299,2097,2196,1999,0,0,0,0,0,0,26.77,26.32,26.78,8.61,55.71
$GC,16274,0.84,146.6,3153,299,2197,1999,371.8,11.5,642,16279,0.00,2.08,0.00,0.000,1030,0.000,0.031,3153,1701,2097,2196,1999,0,0,0,0,0,0,26.51,26.43,26.53,8.62,56.18
$GC,16609,0.84,146.6,3153,1701,2196,1999,333.9,11.4,653,16610,0.00,0.00,0.00,0.000,6,0.000,0.000,3153,1701,2097,2196,1999,0,0,0,0,0,0,26.77,26.79,26.79,8.64,56.10
$GC,16909,0.84,146.6,3152,1700,2197,1999,298.5,12.3,663,16914,0.00,2.25,0.00,0.000,516,0.000,0.050,3153,305,2098,2197,1999,0,0,0,0,0,0,26.77,26.31,26.79,8.65,56.06
$GC,16997,0.84,146.6,3153,305,2196,1999,288.1,12.3,667,17002,0.00,2.08,0.00,0.000,1030,0.000,0.030,3153,1707,2098,2197,1999,0,0,0,0,0,0,26.51,26.43,26.53,8.65,55.39
$GC,17317,0.84,146.6,3153,1707,2196,1999,252.0,10.6,683,17318,0.00,0.00,0.00,0.000,6,0.000,0.000,3153,1707,2097,2196,1999,0,0,0,0,0,0,26.77,26.79,26.78,8.66,54.80
$GC,17616,0.84,146.6,3153,1707,2197,1999,218.4,11.9,698,17617,0.00,0.00,0.00,0.000,6,0.000,0.000,3153,1707,2097,2196,1999,0,0,0,0,0,0,26.77,26.79,26.79,8.66,54.33
$GC,17916,0.84,146.6,3153,1707,2196,1999,184.5,10.7,713,17918,0.00,0.00,0.00,0.000,6,0.000,0.000,3153,1707,2097,2196,1999,0,0,0,0,0,0,26.77,26.79,26.79,8.68,54.33
$GC,18216,0.85,157.3,3152,1707,2196,1999,152.6,9.5,728,18227,0.00,0.00,9.25,0.733,8198,0.000,0.000,3153,1707,2064,2163,1965,0,0,0,0,0,0,26.77,26.18,25.51,8.69,54.09
$GC,18518,0.85,157.3,3153,1707,2162,1963,122.1,10.2,743,18519,0.00,0.00,0.00,0.000,6,0.000,0.000,3153,1707,2063,2162,1964,0,0,0,0,0,0,26.70,26.70,26.70,8.70,54.21
$GC,18818,0.93,232.1,3153,1707,2162,1964,97.5,6.6,759,18889,0.00,2.22,64.47,0.778,8452,0.000,0.041,3153,3095,1756,1901,1612,0,0,0,0,0,0,26.73,25.41,24.84,8.73,54.17
$GC,19050,1.05,259.9,3153,3095,1901,1610,80.1,8.7,781,19080,0.12,2.10,23.17,0.727,11270,0.066,0.029,3244,1696,1643,1800,1487,0,0,0,0,0,0,26.03,26.02,25.05,8.75,53.97
$GC,19382,1.08,295.0,3243,1696,1798,1485,46.1,8.4,817,19416,0.00,0.00,27.75,0.699,8454,0.000,0.000,3244,1696,1501,1669,1333,0,0,0,0,0,0,26.45,25.66,25.13,8.82,54.33
$GC,19727,1.08,295.0,3244,1695,1665,1333,9.8,13.2,882,19734,0.00,0.00,0.00,0.000,6,0.000,0.000,3244,1696,1499,1665,1333,0,0,0,0,0,0,26.48,26.49,26.48,8.89,52.79
$STATE,19780,end climb,SURFACE_DEPTH_REACHED
$STATE,19780,begin surface coast
$FINISH,-0.1,1.022614
$STATE,19807,end surface coast,CONTROL_FINISHED_OK
$STATE,19807,begin surface
$SM_CCo,19888,0.00,0.000,0,0,1498,296.57
$SM_GC,-0.08,7.65,0.75,0.00,0.021,0.036,0.000,181,2199,1498,-8.26,-1.36,296.57,0,0,0,0,0,0,26.30,26.25,26.34
$IRIDIUM_FIX,113.84,-13855.14,051224,171407
$TT8_MAMPS,0.026964,0.370755
$HUMID,51.02
$INTERNAL_PRESSURE,8.87857
$TCM_TEMP,21.90
$XPDR_PINGS,0
$ALTIM_TOP_PING,19.4,19.3
$24V_AH,23.90,13.561
$10V_AH,10.27,13.592
$FG_AHR_24Vo,0.000
$FG_AHR_10Vo,0.000
$DEVICES,Pitch_motor,Roll_motor,VBD_pump_during_apogee,VBD_pump_during_surface,VBD_valve,Iridium_during_init,Iridium_during_connect,Iridium_during_xfer,Transponder_ping,GUMSTIX_24V,GPS,TT8,LPSleep,TT8_Active,TT8_Sampling,TT8_CF8,TT8_Kalman,Analog_circuits,GPS_charging,Compass,RAFOS,Transponder,Compass2
$DEVICE_SECS,19.525,127.550,388.500,0.000,0.000,0.000,0.000,307.350,0.250,0.000,24.634,3088.706,13305.606,502.202,3069.778,362.127,0.000,2068.811,0.000,2387.888,0.000,2.767,0.000
$DEVICE_MAMPS,211.905,53.550,1400.715,0.000,0.000,0.000,0.000,89.505,420.000,0.000,30.710,15.210,2.190,15.210,43.670,53.410,0.000,14.000,0.000,8.240,0.000,30.000,0.000
$SENSORS,SBE_CT,WL_blue_red_Chl,AA4330,nil,nil,nil,nil,nil,nil,nil
$SENSOR_SECS,773.083,976.700,1244.550,0.000,0.000,0.000,0.000,0.000,0.000,0.000
$SENSOR_MAMPS,22.470,105.000,11.230,0.000,0.000,0.000,0.000,0.000,0.000,0.000
$MEM,312444
$DATA_FILE_SIZE,66155,897
$CAP_FILE_SIZE,166029,0
$CFSIZE,2097872896,2084012032
$ERRORS,0,0,0,0,0,0,0,0,0,0,0,0,0,0,2,0
$CURRENT,0.032,223.45,1
$GPS,220405,043745,116.712,-13850.279,40,0.8,49,9.4,1.5,246.4,9,4.9
