version: 66.14
glider: 195
mission: 21
dive: 468
start: 8 6 105 8 48 16
data:
$ID,195
$MISSION,21
$DIVE,468
$N_DIVES,0
$STOP_T,0
$D_SURF,3
$D_FLARE,2
$D_TGT,990
$D_ABORT,1090
$D_NO_BLEED,50
$D_BOOST,3
$T_BOOST,0
$D_FINISH,0
$D_PITCH,0
$D_SAFE,0
$D_CALL,0
$SURFACE_URGENCY,0
$SURFACE_URGENCY_TRY,0
$SURFACE_URGENCY_FORCE,0
$T_DIVE,330
$T_MISSION,600
$T_ABORT,1440
$T_TURN,300
$T_TURN_SAMPINT,5
$T_NO_W,120
$T_LOITER,0
$T_SLOITER,60
$T_EPIRB,0
$USE_BATHY,0
$USE_ICE,0
$ICE_FREEZE_MARGIN,0.30000001
$D_OFFGRID,990
$T_WATCHDOG,10
$RELAUNCH,1
$APOGEE_PITCH,-8
$MAX_BUOY,150
$COURSE_BIAS,0
$GLIDE_SLOPE,30
$SPEED_FACTOR,1
$RHO,1.023
$MASS,54002
$MASS_COMP,0
$NAV_MODE,2
$FERRY_MAX,45
$KALMAN_USE,2
$HD_A,0.0038000001
$HD_B,0.0099999998
$HD_C,9.8500004e-06
$HEADING,-1
$ESCAPE_HEADING,0
$ESCAPE_HEADING_DELTA,10
$FIX_MISSING_TIMEOUT,0
$TGT_DEFAULT_LAT,4736
$TGT_DEFAULT_LON,-12225
$TGT_AUTO_DEFAULT,0
$SM_CC,565.6618
$N_FILEKB,4
$FILEMGR,0
$CALL_NDIVES,1
$COMM_SEQ,0
$PROTOCOL,9
$N_NOCOMM,1
$NOCOMM_ACTION,0
$N_NOSURFACE,0
$UPLOAD_DIVES_MAX,-1
$CALL_TRIES,5
$CALL_WAIT,60
$CAPUPLOAD,0
$CAPMAXSIZE,200000
$HEAPDBG,0
$T_GPS,15
$N_GPS,50840
$T_RSLEEP,2
$STROBE,0
$RAFOS_PEAK_OFFSET,1.5
$RAFOS_CORR_THRESH,60
$RAFOS_HIT_WINDOW,3600
$RAFOS_MMODEM,0
$PITCH_MIN,207
$PITCH_MAX,3915
$C_PITCH,2884
$PITCH_DBAND,0.1
$PITCH_CNV,0.003125763
$P_OVSHOOT,0.039999999
$P_OVSHOOT_WITHG,0.079999998
$PITCH_GAIN,19.15
$PITCH_TIMEOUT,17
$PITCH_AD_RATE,160
$PITCH_MAXERRORS,1
$PITCH_ADJ_GAIN,0.02
$PITCH_ADJ_DBAND,2.5
$ROLL_MIN,224
$ROLL_MAX,3758
$ROLL_DEG,40
$C_ROLL_DIVE,2153
$C_ROLL_CLIMB,1895
$HEAD_ERRBAND,10
$ROLL_CNV,0.028270001
$ROLL_TIMEOUT,15
$R_PORT_OVSHOOT,54
$R_STBD_OVSHOOT,53
$ROLL_AD_RATE,350
$ROLL_MAXERRORS,2
$ROLL_ADJ_GAIN,0
$ROLL_ADJ_DBAND,0
$VBD_MIN,500
$VBD_MAX,3960
$C_VBD,2806
$VBD_DBAND,2
$VBD_CNV,-0.24529999
$VBD_LP_IGNORE,0
$VBD_TIMEOUT,720
$PITCH_VBD_SHIFT,0.001
$VBD_PUMP_AD_RATE_SURFACE,5
$VBD_PUMP_AD_RATE_APOGEE,4
$VBD_BLEED_AD_RATE,8
$UNCOM_BLEED,60
$VBD_MAXERRORS,1
$W_ADJ_DBAND,0
$DBDW,0
$PITCH_W_GAIN,0
$PITCH_W_DBAND,0
$CF8_MAXERRORS,5
$AH0_24V,150
$AH0_10V,97
$MINV_24V,19
$MINV_10V,8
$MAXI_24V,0.80000001
$MAXI_10V,0.60000002
$FG_AHR_10V,0
$FG_AHR_24V,0
$PHONE_SUPPLY,-2
$PRESSURE_YINT,-49.397121
$PRESSURE_SLOPE,0.0001168043
$AD7714Ch0Gain,128
$TCM_PITCH_OFFSET,0
$TCM_ROLL_OFFSET,0
$COMPASS_USE,4
$ALTIM_BOTTOM_PING_RANGE,0
$ALTIM_TOP_PING_RANGE,20
$ALTIM_BOTTOM_TURN_MARGIN,0
$ALTIM_TOP_TURN_MARGIN,0
$ALTIM_TOP_MIN_OBSTACLE,1
$ALTIM_PING_DEPTH,0
$ALTIM_PING_DELTA,0
$ALTIM_FREQUENCY,13
$ALTIM_PULSE,3
$ALTIM_SENSITIVITY,3
$XPDR_VALID,5
$XPDR_INHIBIT,90
$INT_PRESSURE_SLOPE,0.0097660003
$INT_PRESSURE_YINT,-0.77999997
$DEEPGLIDER,0
$MOTHERBOARD,4
$DEVICE1,2
$DEVICE2,115
$DEVICE3,101
$DEVICE4,-1
$DEVICE5,-1
$DEVICE6,-1
$LOGGERS,0
$LOGGERDEVICE1,-1
$LOGGERDEVICE2,-1
$LOGGERDEVICE3,-1
$LOGGERDEVICE4,-1
$COMPASS_DEVICE,33
$COMPASS2_DEVICE,-1
$PHONE_DEVICE,49
$GPS_DEVICE,32
$RAFOS_DEVICE,-1
$XPDR_DEVICE,24
$SIM_W,0
$SIM_PITCH,0
$SEABIRD_T_G,0.0044178674
$SEABIRD_T_H,0.00064818078
$SEABIRD_T_I,2.6779007e-05
$SEABIRD_T_J,3.3667231e-06
$SEABIRD_C_G,-10.098215
$SEABIRD_C_H,1.1454017
$SEABIRD_C_I,-0.0021276253
$SEABIRD_C_J,0.00025532115
$SEABIRD_C_Z,2974.52
$GPS1,060805,084033,801.5348,-14047.1152,37,1.1,64,9.3,0.3,344.6,8,4.9
$_CALLS,1
$_XMS_NAKs,0
$_XMS_TOUTs,0
$_SM_DEPTHo,0.09
$_SM_ANGLEo,-57.0
$GPS2,060805,084737,801.5286,-14047.0996,8,0.9,29,9.3,0.6,134.8,10,4.8
$SPEED_LIMITS,0.173,0.262
$TGT_NAME,TX2
$TGT_LATLONG,1145.000,-14800.000
$TGT_RADIUS,10000.000
$KALMAN_CONTROL,0.000000,0.000000
$KALMAN_X,0.000000,0.000000,0.000000,0.000000,0.000000
$KALMAN_Y,0.000000,0.000000,0.000000,0.000000,0.000000
$MHEAD_RNG_PITCHd_Wd,261.8,887358,-18.1,-10.000,-20.93,2235
$D_GRID,990
$GCHEAD,st_secs,pitch_ctl,vbd_ctl,pitch_ad_start,roll_ad_start,vbd_pot1_ad_start,vbd_pot2_ad_start,depth,ob_vertv,data_pts,end_secs,pitch_secs,roll_secs,vbd_secs,vbd_i,gcphase,pitch_i,roll_i,pitch_ad,roll_ad,vbd_ad,vbd_pot1_ad,vbd_pot2_ad,pitch_retries,pitch_errors,roll_retries,roll_errors,vbd_retries,vbd_errors,pitch_volts,roll_volts,vbd_volts,int_press,humidity
$STATE,7,end surface,CONTROL_FINISHED_OK
$STATE,7,begin dive
$GC,74,-1.09,-146.6,149,2158,535,454,0.0,0.1,6,163,0.00,0.00,-86.62,0.000,16386,0.000,0.000,147,2159,2762,2779,2746,0,0,0,0,0,0,26.37,28.83,26.39,8.77,52.67
$GC,167,-1.09,-146.6,146,2159,2781,2746,2.7,-5.0,15,197,9.20,2.25,-13.68,0.000,18692,0.202,0.052,2514,3552,3407,3424,3390,0,0,0,0,0,0,24.80,23.77,24.99,9.02,53.07
$GC,294,-0.97,-146.6,2514,3551,3428,3390,26.2,-16.1,27,302,0.17,2.05,0.00,0.000,3078,0.141,0.020,2567,2127,3409,3428,3390,0,0,0,0,0,0,25.57,26.09,25.72,9.07,53.11
$GC,495,-0.91,-146.6,2567,2127,3430,3389,56.1,-14.9,45,501,0.00,2.20,0.00,0.000,260,0.000,0.041,2559,3541,3410,3430,3390,0,0,0,0,0,0,26.52,25.90,26.53,9.10,53.46
$GC,557,-0.86,-146.6,2558,3541,3430,3390,64.7,-13.3,48,564,0.15,2.00,0.00,0.000,3078,0.133,0.019,2606,2151,3409,3430,3389,0,0,0,0,0,0,25.74,26.17,25.87,9.10,53.34
$GC,759,-0.86,-146.6,2605,2151,3431,3390,84.0,-8.3,58,763,0.00,2.05,0.00,0.000,516,0.000,0.030,2606,777,3410,3431,3390,0,0,0,0,0,0,26.55,26.03,26.56,9.11,52.91
$GC,952,-0.86,-146.6,2605,777,3433,3390,98.0,-7.5,67,957,0.00,2.00,0.00,0.000,1030,0.000,0.024,2599,2151,3411,3433,3390,0,0,0,0,0,0,26.20,26.13,26.22,9.11,53.15
$GC,1147,-0.86,-146.6,2598,2151,3435,3390,112.4,-7.0,77,1151,0.00,2.15,0.00,0.000,260,0.000,0.041,2588,3546,3412,3435,3390,0,0,0,0,0,0,26.58,25.96,26.58,9.09,52.48
$GC,1163,-0.86,-146.6,2588,3546,3435,3390,112.4,-7.0,77,1171,0.00,1.98,0.00,0.000,1030,0.000,0.018,2588,2151,3412,3435,3389,0,0,0,0,0,0,26.27,26.22,26.29,9.09,51.92
$GC,1351,-0.86,-146.6,2588,2151,3437,3390,128.0,-8.3,87,1356,0.00,2.08,0.00,0.000,516,0.000,0.029,2588,785,3413,3437,3389,0,0,0,0,0,0,26.58,26.07,26.59,9.06,51.81
$GC,1481,-0.86,-146.6,2588,785,3439,3390,139.2,-9.2,93,1485,0.00,2.05,0.00,0.000,1030,0.000,0.024,2580,2161,3414,3439,3390,0,0,0,0,0,0,26.18,26.14,26.20,9.06,52.04
$GC,1682,-0.86,-146.6,2579,2162,3440,3390,153.9,-6.6,103,1686,0.00,2.08,0.00,0.000,516,0.000,0.029,2580,769,3415,3440,3390,0,0,0,0,0,0,26.58,26.08,26.59,9.03,52.28
$GC,1812,-0.86,-146.6,2579,769,3440,3389,162.6,-6.9,109,1819,0.12,2.03,0.00,0.000,3078,0.133,0.024,2610,2159,3415,3440,3390,0,0,0,0,0,0,25.83,26.15,25.95,9.03,53.26
$GC,2009,-0.92,-146.6,2609,2159,3441,3390,174.3,-5.7,119,2013,0.00,2.08,0.00,0.000,516,0.000,0.030,2609,771,3415,3441,3390,0,0,0,0,0,0,26.59,26.07,26.60,9.02,52.87
$GC,2101,-0.97,-146.6,2609,771,3441,3390,180.0,-6.7,123,2107,0.05,2.03,0.00,0.000,5126,0.132,0.024,2538,2156,3415,3441,3390,0,0,0,0,0,0,26.08,26.14,26.15,9.01,53.42
$GC,2296,-0.97,-146.6,2537,2156,3441,3389,197.4,-8.9,133,2301,0.10,2.10,0.00,0.000,2564,0.148,0.029,2568,782,3415,3441,3390,0,0,0,0,0,0,26.12,26.07,26.17,9.00,53.81
$GC,2359,-0.97,-146.6,2568,782,3441,3390,201.3,-8.9,135,2363,0.00,2.00,0.00,0.000,1030,0.000,0.024,2561,2154,3415,3441,3390,0,0,0,0,0,0,26.22,26.15,26.25,8.99,54.37
$GC,2583,-0.97,-146.6,2560,2154,3441,3389,222.2,-8.6,141,2588,0.00,2.08,0.00,0.000,516,0.000,0.030,2561,770,3415,3440,3390,0,0,0,0,0,0,26.59,26.07,26.60,8.97,54.60
$GC,2691,-0.97,-146.6,2560,770,3441,3390,229.3,-8.5,143,2695,0.00,2.03,0.00,0.000,1030,0.000,0.024,2553,2154,3415,3440,3390,0,0,0,0,0,0,26.21,26.14,26.24,8.97,54.44
$GC,2912,-0.97,-146.6,2552,2153,3441,3389,249.3,-8.3,149,2916,0.00,2.17,0.00,0.000,260,0.000,0.041,2542,3554,3414,3440,3389,0,0,0,0,0,0,26.59,25.96,26.60,8.96,54.88
$GC,2934,-0.97,-146.6,2542,3554,3440,3389,249.3,-8.3,149,2938,0.00,2.00,0.00,0.000,1030,0.000,0.020,2542,2157,3415,3441,3389,0,0,0,0,0,0,26.28,26.22,26.29,8.96,54.84
$GC,3157,-0.97,-146.6,2542,2157,3440,3389,271.8,-9.2,155,3161,0.00,2.17,0.00,0.000,260,0.000,0.041,2532,3549,3414,3440,3389,0,0,0,0,0,0,26.60,25.96,26.60,8.95,56.30
$GC,3316,-0.97,-146.6,2531,3551,3440,3389,283.3,-9.4,158,3324,0.12,2.03,0.00,0.000,3078,0.132,0.020,2572,2137,3414,3440,3389,0,0,0,0,0,0,25.87,26.22,25.98,8.94,55.59
$GC,3521,-0.97,-146.6,2572,2137,3440,3389,302.1,-7.5,164,3525,0.00,2.03,0.00,0.000,516,0.000,0.031,2572,786,3414,3440,3389,0,0,0,0,0,0,26.59,26.06,26.60,8.93,56.45
$GC,3694,-0.97,-146.6,2571,786,3439,3389,314.3,-7.4,168,3698,0.00,2.03,0.00,0.000,1030,0.000,0.025,2566,2164,3414,3439,3389,0,0,0,0,0,0,26.21,26.13,26.24,8.93,56.18
$GC,3887,-0.97,-146.6,2565,2164,3438,3388,329.4,-7.5,173,3892,0.00,2.12,0.00,0.000,516,0.000,0.031,2566,783,3413,3438,3388,0,0,0,0,0,0,26.60,26.06,26.60,8.92,56.10
$GC,3974,-0.97,-146.6,2566,783,3438,3388,336.1,-7.7,175,3979,0.00,2.03,0.00,0.000,1030,0.000,0.025,2557,2159,3413,3438,3388,0,0,0,0,0,0,26.20,26.13,26.23,8.92,56.93
$GC,4173,-0.97,-146.6,2556,2159,3439,3385,351.6,-7.7,180,4177,0.00,2.08,0.00,0.000,516,0.000,0.031,2557,779,3412,3438,3386,0,0,0,0,0,0,26.59,26.06,26.60,8.91,56.93
$GC,4245,-0.97,-146.6,2556,779,3438,3385,354.7,-7.5,181,4249,0.00,2.03,0.00,0.000,1030,0.000,0.025,2548,2153,3411,3438,3385,0,0,0,0,0,0,26.20,26.13,26.23,8.91,57.00
$GC,4459,-0.97,-146.6,2548,2153,3437,3385,372.6,-7.3,187,4464,0.00,2.10,0.00,0.000,516,0.000,0.031,2548,783,3410,3437,3384,0,0,0,0,0,0,26.60,26.06,26.60,8.90,57.08
$GC,4551,-0.97,-146.6,2547,784,3436,3385,379.1,-7.4,189,4556,0.00,2.05,0.00,0.000,1030,0.000,0.026,2540,2145,3410,3436,3384,0,0,0,0,0,0,26.16,26.13,26.19,8.89,57.16
$GC,4745,-0.97,-146.6,2539,2145,3435,3384,394.0,-7.3,194,4751,0.10,2.05,0.00,0.000,2564,0.149,0.031,2570,785,3409,3435,3384,0,0,0,0,0,0,26.12,26.04,26.17,8.89,57.52
$GC,4805,-0.97,-146.6,2570,785,3435,3384,397.3,-7.3,195,4809,0.00,2.03,0.00,0.000,1030,0.000,0.026,2565,2156,3409,3435,3384,0,0,0,0,0,0,26.20,26.13,26.23,8.89,57.71
$GC,4994,-0.97,-146.6,2564,2156,3434,3382,412.2,-7.4,200,4999,0.00,2.12,0.00,0.000,516,0.000,0.031,2565,779,3408,3434,3383,0,0,0,0,0,0,26.60,26.04,26.60,8.89,57.75
$GC,5072,-0.97,-146.6,2564,779,3434,3382,415.8,-7.6,201,5079,0.00,2.03,0.00,0.000,1030,0.000,0.026,2556,2152,3408,3434,3382,0,0,0,0,0,0,26.19,26.11,26.22,8.88,57.56
$GC,5281,-0.97,-146.6,2555,2152,3433,3381,436.3,-8.7,207,5285,0.00,2.08,0.00,0.000,516,0.000,0.031,2556,780,3407,3433,3381,0,0,0,0,0,0,26.60,26.03,26.60,8.88,58.07
$GC,5365,-0.97,-146.6,2555,781,3433,3381,444.5,-9.2,209,5370,0.00,2.08,0.00,0.000,1030,0.000,0.026,2548,2150,3407,3433,3381,0,0,0,0,0,0,26.15,26.11,26.17,8.88,58.03
$GC,5570,-0.97,-146.6,2547,2150,3432,3381,463.1,-9.1,214,5574,0.00,2.10,0.00,0.000,516,0.000,0.031,2547,788,3406,3432,3380,0,0,0,0,0,0,26.60,26.04,26.60,8.87,57.87
$GC,5657,-0.97,-146.6,2547,788,3432,3380,470.6,-8.9,216,5662,0.10,2.05,0.00,0.000,3078,0.150,0.026,2570,2164,3406,3432,3380,0,0,0,0,0,0,25.83,26.11,25.95,8.86,58.86
$GC,5852,-1.04,-146.6,2569,2164,3431,3380,486.5,-7.9,221,5857,0.00,2.10,0.00,0.000,516,0.000,0.031,2570,783,3406,3432,3380,0,0,0,0,0,0,26.60,26.03,26.60,8.86,58.97
$GC,5922,-1.10,-146.6,2570,783,3432,3380,490.0,-7.8,222,5927,0.05,2.05,0.00,0.000,5126,0.130,0.026,2512,2159,3406,3432,3380,0,0,0,0,0,0,26.06,26.10,26.13,8.85,58.26
$GC,6142,-1.10,-146.6,2503,2159,3431,3379,511.0,-8.6,228,6147,0.00,2.12,0.00,0.000,516,0.000,0.031,2504,781,3404,3430,3379,0,0,0,0,0,0,26.60,26.03,26.60,8.85,58.42
$GC,6215,-1.10,-146.6,2503,781,3430,3379,515.0,-8.7,229,6225,0.10,2.05,0.00,0.000,3078,0.148,0.026,2524,2158,3404,3430,3379,0,0,0,0,0,0,25.83,26.11,25.94,8.85,58.62
$GC,6428,-1.10,-146.6,2523,2158,3430,3378,534.5,-7.9,235,6432,0.00,2.10,0.00,0.000,516,0.000,0.032,2524,779,3404,3430,3378,0,0,0,0,0,0,26.60,26.02,26.60,8.84,58.89
$GC,6535,-1.10,-146.6,2523,779,3430,3378,541.4,-8.0,237,6539,0.00,2.05,0.00,0.000,1030,0.000,0.027,2517,2157,3403,3430,3377,0,0,0,0,0,0,26.18,26.10,26.21,8.84,58.86
$GC,6755,-1.10,-146.6,2516,2156,3429,3377,560.7,-7.9,243,6759,0.00,2.10,0.00,0.000,516,0.000,0.032,2517,776,3402,3428,3377,0,0,0,0,0,0,26.60,26.01,26.60,8.84,59.05
$GC,6857,-1.10,-146.6,2516,776,3429,3376,567.8,-8.1,245,6861,0.00,2.05,0.00,0.000,1030,0.000,0.027,2508,2152,3403,3429,3377,0,0,0,0,0,0,26.17,26.10,26.20,8.84,58.86
$GC,7082,-1.10,-146.6,2507,2152,3427,3376,587.7,-8.3,251,7087,0.00,2.08,0.00,0.000,516,0.000,0.032,2508,786,3401,3427,3376,0,0,0,0,0,0,26.60,26.01,26.60,8.83,59.68
$GC,7218,-1.10,-146.6,2507,786,3427,3376,599.1,-8.8,254,7222,0.00,2.05,0.00,0.000,1030,0.000,0.028,2498,2161,3401,3426,3376,0,0,0,0,0,0,26.17,26.09,26.20,8.82,59.09
$GC,7414,-1.10,-146.6,2498,2161,3426,3375,617.8,-9.1,259,7419,0.10,2.10,0.00,0.000,2564,0.156,0.032,2528,780,3400,3426,3375,0,0,0,0,0,0,26.09,26.00,26.15,8.82,59.37
$GC,7501,-1.10,-146.6,2528,780,3426,3375,625.7,-9.0,261,7505,0.00,2.05,0.00,0.000,1030,0.000,0.028,2521,2157,3400,3426,3375,0,0,0,0,0,0,26.17,26.09,26.20,8.82,59.68
$GC,7707,-1.10,-146.6,2520,2157,3425,3374,644.3,-9.0,266,7712,0.00,2.10,0.00,0.000,516,0.000,0.032,2521,782,3399,3424,3374,0,0,0,0,0,0,26.60,26.00,26.60,8.82,59.29
$GC,7804,-1.10,-146.6,2520,782,3425,3374,652.3,-9.1,268,7808,0.00,2.05,0.00,0.000,1030,0.000,0.028,2512,2157,3399,3425,3374,0,0,0,0,0,0,26.16,26.08,26.19,8.81,59.56
$GC,7993,-1.10,-146.6,2511,2157,3424,3373,671.0,-9.2,273,7998,0.00,2.12,0.00,0.000,516,0.000,0.033,2512,787,3398,3423,3373,0,0,0,0,0,0,26.60,26.00,26.60,8.81,59.88
$GC,8061,-1.10,-146.6,2512,787,3424,3373,675.4,-9.3,274,8065,0.00,2.05,0.00,0.000,1030,0.000,0.028,2502,2159,3398,3424,3373,0,0,0,0,0,0,26.16,26.08,26.19,8.81,59.76
$GC,8282,-1.10,-146.6,2502,2159,3423,3372,698.3,-9.4,280,8286,0.00,2.10,0.00,0.000,516,0.000,0.033,2502,786,3397,3423,3372,0,0,0,0,0,0,26.59,25.98,26.60,8.80,60.12
$GC,8374,-1.10,-146.6,2502,786,3423,3372,706.6,-9.6,282,8381,0.10,2.05,0.00,0.000,3078,0.151,0.028,2524,2161,3396,3421,3372,0,0,0,0,0,0,25.77,26.08,25.89,8.80,60.27
$GC,8568,-1.10,-146.6,2523,2161,3422,3371,724.1,-8.6,287,8572,0.00,2.10,0.00,0.000,516,0.000,0.033,2524,786,3396,3422,3371,0,0,0,0,0,0,26.60,25.98,26.60,8.80,59.68
$GC,8645,-1.10,-146.6,2523,786,3422,3371,728.1,-8.6,288,8654,0.00,2.08,0.00,0.000,1030,0.000,0.028,2516,2151,3396,3421,3371,0,0,0,0,0,0,26.10,26.07,26.13,8.79,60.19
$GC,8853,-1.10,-146.6,2516,2151,3421,3370,748.4,-8.3,294,8857,0.00,2.10,0.00,0.000,516,0.000,0.034,2517,780,3395,3421,3370,0,0,0,0,0,0,26.60,25.97,26.60,8.79,59.96
$GC,8959,-1.10,-146.6,2516,780,3422,3370,755.7,-8.6,296,8963,0.00,2.05,0.00,0.000,1030,0.000,0.028,2508,2154,3395,3421,3370,0,0,0,0,0,0,26.15,26.06,26.18,8.78,60.35
$GC,9178,-1.10,-146.6,2508,2155,3420,3369,776.8,-8.7,302,9182,0.00,2.10,0.00,0.000,516,0.000,0.034,2508,779,3395,3421,3369,0,0,0,0,0,0,26.60,25.97,26.60,8.79,60.08
$GC,9270,-1.10,-146.6,2507,779,3420,3368,784.5,-8.9,304,9274,0.00,2.05,0.00,0.000,1030,0.000,0.028,2498,2155,3394,3421,3368,0,0,0,0,0,0,26.14,26.06,26.17,8.78,60.59
$GC,9464,-1.10,-146.6,2498,2154,3420,3368,802.6,-9.0,309,9471,0.10,2.10,0.00,0.000,2564,0.155,0.033,2528,783,3394,3420,3368,0,0,0,0,0,0,26.08,25.96,26.14,8.78,60.39
$GC,9548,-1.10,-146.6,2527,783,3420,3368,809.9,-9.0,311,9552,0.00,2.05,0.00,0.000,1030,0.000,0.028,2521,2154,3393,3420,3367,0,0,0,0,0,0,26.14,26.06,26.17,8.78,60.35
$GC,9753,-1.10,-146.6,2521,2153,3420,3367,828.0,-8.7,316,9757,0.00,2.10,0.00,0.000,516,0.000,0.034,2521,783,3393,3420,3367,0,0,0,0,0,0,26.59,25.96,26.60,8.77,60.98
$GC,9855,-1.10,-146.6,2521,783,3420,3367,835.8,-9.0,318,9859,0.00,2.05,0.00,0.000,1030,0.000,0.028,2512,2153,3393,3419,3367,0,0,0,0,0,0,26.13,26.05,26.16,8.77,60.31
$GC,10079,-1.10,-146.6,2512,2153,3419,3366,857.6,-9.0,324,10084,0.00,2.10,0.00,0.000,516,0.000,0.034,2512,782,3392,3419,3366,0,0,0,0,0,0,26.59,25.95,26.60,8.77,60.47
$GC,10215,-1.10,-146.6,2511,782,3419,3366,869.0,-9.2,327,10219,0.00,2.08,0.00,0.000,1030,0.000,0.028,2502,2164,3392,3418,3366,0,0,0,0,0,0,26.13,26.03,26.15,8.76,60.31
$GC,10410,-1.10,-146.6,2502,2164,3419,3365,887.4,-8.9,332,10415,0.00,2.12,0.00,0.000,516,0.000,0.034,2502,781,3391,3418,3365,0,0,0,0,0,0,26.60,25.94,26.60,8.75,61.22
$GC,10473,-1.10,-146.6,2502,782,3418,3365,891.4,-8.9,333,10478,0.12,2.05,0.00,0.000,3078,0.140,0.028,2531,2155,3391,3418,3365,0,0,0,0,0,0,25.70,26.04,25.82,8.76,60.15
$GC,10699,-1.10,-146.6,2530,2154,3418,3365,911.5,-8.2,339,10703,0.00,2.10,0.00,0.000,516,0.000,0.034,2531,788,3391,3418,3364,0,0,0,0,0,0,26.60,25.93,26.60,8.76,60.75
$GC,10791,-1.10,-146.6,2530,788,3418,3364,918.5,-8.2,341,10795,0.00,2.08,0.00,0.000,1030,0.000,0.029,2525,2161,3391,3418,3365,0,0,0,0,0,0,26.11,26.03,26.15,8.75,60.55
$GC,10985,-1.10,-146.6,2524,2161,3417,3364,935.2,-8.3,346,10989,0.00,2.12,0.00,0.000,516,0.000,0.034,2525,782,3390,3417,3364,0,0,0,0,0,0,26.59,25.92,26.60,8.75,61.02
$GC,11037,-1.10,-146.6,2524,782,3417,3364,939.0,-8.3,347,11041,0.00,2.08,0.00,0.000,1030,0.000,0.028,2516,2164,3391,3418,3364,0,0,0,0,0,0,26.11,26.02,26.14,8.75,61.26
$GC,11231,-1.10,-146.6,2515,2163,3416,3364,955.7,-8.3,352,11235,0.00,2.12,0.00,0.000,516,0.000,0.034,2516,786,3390,3416,3364,0,0,0,0,0,0,26.59,25.92,26.60,8.75,60.82
$GC,11339,-1.10,-146.6,2515,787,3416,3363,963.0,-8.5,354,11343,0.00,2.08,0.00,0.000,1030,0.000,0.029,2506,2163,3390,3416,3364,0,0,0,0,0,0,26.10,26.02,26.14,8.75,61.26
$GC,11557,-1.10,-146.6,2505,2163,3416,3363,983.1,-8.2,360,11559,0.00,0.00,0.00,0.000,6,0.000,0.000,2506,2163,3389,3416,3363,0,0,0,0,0,0,26.59,26.60,26.60,8.74,61.41
$STATE,11677,end dive,TARGET_DEPTH_EXCEEDED
$STATE,11677,begin apogee
$GC,11685,-0.42,0.0,2505,1906,3416,3363,992.5,-7.9,363,11824,0.73,0.00,135.05,1.348,10246,0.106,0.000,2745,1906,2803,2902,2705,0,0,0,0,0,0,25.36,24.18,22.80,8.74,61.02
$STATE,11825,end apogee,CONTROL_FINISHED_OK
$STATE,11825,begin climb
$GC,11828,1.09,146.6,2744,1906,2901,2705,997.7,0.0,366,11981,1.38,2.30,141.80,1.294,11012,0.065,0.040,3240,523,2205,2290,2121,0,0,0,0,0,0,24.81,24.26,22.92,8.69,60.15
$GC,12115,0.92,165.6,3239,523,2290,2121,979.8,9.1,373,12143,0.20,2.10,19.55,1.209,13318,0.128,0.026,3177,1908,2127,2216,2039,0,0,0,0,0,0,25.47,25.81,23.50,8.64,59.45
$GC,12364,0.94,184.2,3176,1908,2216,2039,953.8,9.2,380,12389,0.00,2.25,19.65,1.222,8964,0.000,0.039,3185,517,2052,2145,1959,0,0,0,0,0,0,26.34,24.49,23.61,8.63,60.90
$GC,12522,0.94,193.2,3185,517,2145,1959,938.5,9.6,384,12538,0.00,2.10,10.32,1.127,9222,0.000,0.026,3185,1899,2016,2111,1921,0,0,0,0,0,0,25.97,25.90,23.68,8.62,60.51
$GC,12723,0.96,204.1,3184,1899,2111,1920,919.6,9.5,389,12743,0.00,2.25,12.18,1.157,8964,0.000,0.041,3194,523,1969,2073,1866,0,0,0,0,0,0,26.34,25.15,23.70,8.61,61.06
$GC,12869,0.97,215.4,3194,523,2074,1866,908.1,9.5,392,12887,0.00,2.08,12.73,1.160,9222,0.000,0.026,3194,1895,1925,2037,1814,0,0,0,0,0,0,26.01,25.94,23.69,8.61,61.18
$GC,13088,0.99,238.1,3194,1895,2037,1811,886.0,9.0,398,13117,0.00,2.25,23.02,1.227,8708,0.000,0.041,3203,527,1832,1960,1705,0,0,0,0,0,0,26.35,24.96,23.58,8.61,61.81
$GC,13213,1.01,256.7,3203,527,1960,1705,874.9,9.1,401,13241,0.00,2.10,19.88,1.198,9222,0.000,0.026,3203,1902,1756,1894,1618,0,0,0,0,0,0,25.89,25.82,23.56,8.59,60.90
$GC,13451,1.02,273.4,3203,1902,1894,1618,852.5,9.2,407,13476,0.00,2.28,17.12,1.184,8708,0.000,0.041,3211,522,1687,1832,1542,0,0,0,0,0,0,26.32,25.08,23.68,8.58,61.61
$GC,13566,1.04,288.8,3211,521,1832,1543,845.0,9.3,409,13586,0.00,2.10,15.25,1.159,9222,0.000,0.026,3211,1908,1626,1777,1476,0,0,0,0,0,0,25.91,25.84,23.65,8.58,61.38
$GC,13772,1.11,298.9,3210,1908,1777,1475,822.3,9.5,415,13787,0.00,2.25,10.45,1.097,8708,0.000,0.043,3218,500,1583,1737,1430,0,0,0,0,0,0,26.30,25.16,23.74,8.57,61.53
$GC,13896,1.12,307.4,3218,500,1738,1430,810.5,9.6,418,13912,0.00,2.12,9.52,1.073,9222,0.000,0.026,3218,1904,1549,1706,1393,0,0,0,0,0,0,25.99,25.92,23.74,8.56,61.93
$GC,14132,1.18,307.4,3217,1904,1706,1392,786.2,10.1,424,14138,0.08,2.17,0.00,0.000,2308,0.099,0.041,3298,3288,1549,1706,1392,0,0,0,0,0,0,26.16,25.89,26.18,8.55,61.65
$GC,14217,1.18,307.4,3297,3288,1705,1392,775.6,11.3,426,14223,0.12,2.08,0.00,0.000,5126,0.132,0.026,3266,1902,1548,1705,1392,0,0,0,0,0,0,25.77,26.05,25.90,8.55,61.53
$GC,14422,1.18,307.4,3265,1902,1706,1392,752.0,11.5,431,14427,0.00,2.20,0.00,0.000,516,0.000,0.042,3274,506,1548,1705,1392,0,0,0,0,0,0,26.51,25.94,26.51,8.55,61.93
$GC,14530,1.18,307.4,3273,506,1705,1392,742.1,11.7,433,14534,0.00,2.10,0.00,0.000,1030,0.000,0.026,3274,1904,1549,1706,1392,0,0,0,0,0,0,26.20,26.13,26.22,8.55,62.44
$GC,14749,1.18,307.4,3273,1905,1705,1392,713.5,11.9,439,14753,0.00,2.15,0.00,0.000,260,0.000,0.041,3274,3285,1548,1705,1392,0,0,0,0,0,0,26.55,26.00,26.56,8.55,62.01
$GC,14841,1.18,307.4,3273,3285,1705,1392,703.1,12.1,441,14845,0.00,2.10,0.00,0.000,1030,0.000,0.027,3283,1887,1548,1705,1392,0,0,0,0,0,0,26.20,26.13,26.23,8.54,62.36
$GC,15035,1.18,307.4,3283,1887,1705,1392,679.4,11.7,446,15039,0.00,2.17,0.00,0.000,516,0.000,0.042,3293,503,1548,1705,1392,0,0,0,0,0,0,26.57,25.96,26.58,8.54,63.19
$GC,15120,1.18,307.4,3292,503,1705,1392,669.5,11.7,448,15124,0.00,2.10,0.00,0.000,1030,0.000,0.026,3293,1899,1548,1705,1392,0,0,0,0,0,0,26.22,26.14,26.24,8.55,62.56
$GC,15325,1.18,307.4,3292,1899,1705,1391,646.2,11.3,453,15328,0.00,2.17,0.00,0.000,260,0.000,0.041,3293,3291,1548,1705,1392,0,0,0,0,0,0,26.58,25.98,26.58,8.54,62.67
$GC,15410,1.18,307.4,3292,3291,1705,1392,636.2,11.6,455,15417,0.12,2.10,0.00,0.000,5126,0.138,0.027,3262,1892,1548,1705,1392,0,0,0,0,0,0,25.82,26.13,25.94,8.54,62.44
$GC,15612,1.18,307.4,3261,1892,1706,1392,614.9,10.3,460,15616,0.00,2.20,0.00,0.000,260,0.000,0.040,3262,3292,1548,1705,1392,0,0,0,0,0,0,26.58,25.98,26.58,8.54,62.87
$GC,15704,1.18,307.4,3261,3292,1705,1392,605.7,10.7,462,15708,0.00,2.10,0.00,0.000,1030,0.000,0.026,3270,1893,1548,1705,1392,0,0,0,0,0,0,26.20,26.13,26.22,8.54,62.60
$GC,15898,1.18,307.4,3269,1893,1705,1392,584.0,10.7,467,15902,0.00,2.22,0.00,0.000,516,0.000,0.043,3278,484,1549,1706,1392,0,0,0,0,0,0,26.58,25.92,26.59,8.54,62.52
$GC,15995,1.18,307.4,3277,483,1705,1392,574.7,11.0,469,16000,0.00,2.12,0.00,0.000,1030,0.000,0.025,3278,1897,1548,1705,1392,0,0,0,0,0,0,26.20,26.13,26.22,8.54,62.87
$GC,16185,1.18,307.4,3277,1897,1705,1392,551.7,11.4,474,16189,0.00,2.20,0.00,0.000,260,0.000,0.041,3278,3281,1548,1705,1392,0,0,0,0,0,0,26.58,25.96,26.59,8.54,62.32
$GC,16269,1.18,307.4,3277,3281,1705,1392,541.2,11.9,476,16273,0.00,2.08,0.00,0.000,1030,0.000,0.026,3287,1896,1548,1705,1392,0,0,0,0,0,0,26.18,26.10,26.22,8.54,63.30
$GC,16473,1.18,307.4,3287,1896,1705,1392,516.6,12.0,481,16477,0.00,2.20,0.00,0.000,516,0.000,0.042,3298,499,1548,1705,1392,0,0,0,0,0,0,26.58,25.90,26.58,8.54,62.83
$GC,16504,1.18,307.4,3297,498,1705,1392,516.6,12.0,481,16509,0.10,2.10,0.00,0.000,5126,0.141,0.025,3264,1901,1548,1705,1392,0,0,0,0,0,0,25.84,26.12,25.95,8.54,62.75
$GC,16712,1.18,307.4,3263,1901,1705,1392,489.8,11.0,486,16717,0.00,2.20,0.00,0.000,260,0.000,0.041,3264,3282,1549,1706,1392,0,0,0,0,0,0,26.58,25.94,26.58,8.54,62.87
$GC,16760,1.18,307.4,3263,3282,1705,1392,484.8,11.0,487,16764,0.00,2.10,0.00,0.000,1030,0.000,0.026,3272,1884,1548,1705,1392,0,0,0,0,0,0,26.17,26.09,26.20,8.54,62.67
$GC,16959,1.18,307.4,3271,1884,1705,1392,463.3,10.6,492,16963,0.00,2.20,0.00,0.000,516,0.000,0.042,3281,509,1548,1705,1392,0,0,0,0,0,0,26.58,25.89,26.59,8.54,62.48
$GC,17005,1.18,307.4,3281,509,1705,1391,458.7,10.6,493,17009,0.00,2.08,0.00,0.000,1030,0.000,0.026,3281,1896,1548,1705,1391,0,0,0,0,0,0,26.17,26.10,26.20,8.55,62.28
$GC,17204,1.18,307.4,3281,1896,1705,1392,438.0,10.3,498,17208,0.00,2.20,0.00,0.000,260,0.000,0.041,3281,3280,1548,1705,1392,0,0,0,0,0,0,26.58,25.92,26.59,8.55,62.71
$GC,17302,1.18,307.4,3281,3280,1705,1392,428.9,10.4,500,17306,0.00,2.08,0.00,0.000,1030,0.000,0.026,3291,1897,1548,1705,1392,0,0,0,0,0,0,26.17,26.09,26.20,8.55,62.40
$GC,17491,1.18,307.4,3290,1897,1705,1392,407.4,10.6,505,17496,0.00,2.22,0.00,0.000,516,0.000,0.042,3301,505,1548,1705,1392,0,0,0,0,0,0,26.58,25.87,26.58,8.55,62.52
$GC,17523,1.18,307.4,3300,505,1705,1392,407.4,10.6,505,17528,0.12,2.10,0.00,0.000,5126,0.134,0.025,3259,1903,1548,1705,1392,0,0,0,0,0,0,25.77,26.10,25.89,8.56,62.04
$GC,17732,1.18,307.4,3260,1904,1705,1392,381.9,10.7,510,17736,0.00,2.17,0.00,0.000,260,0.000,0.041,3259,3290,1548,1705,1392,0,0,0,0,0,0,26.58,25.89,26.59,8.56,62.75
$GC,17829,1.18,307.4,3259,3290,1705,1392,371.7,11.5,512,17834,0.00,2.10,0.00,0.000,1030,0.000,0.026,3268,1887,1548,1705,1392,0,0,0,0,0,0,26.15,26.08,26.19,8.56,62.28
$GC,18020,1.18,307.4,3267,1887,1705,1392,348.0,11.7,517,18024,0.00,2.17,0.00,0.000,516,0.000,0.041,3277,502,1548,1705,1392,0,0,0,0,0,0,26.58,25.85,26.59,8.56,62.60
$GC,18072,1.18,307.4,3277,502,1705,1392,342.7,11.7,518,18076,0.00,2.10,0.00,0.000,1030,0.000,0.025,3277,1899,1549,1706,1392,0,0,0,0,0,0,26.16,26.08,26.19,8.56,61.81
$GC,18265,1.18,307.4,3277,1898,1705,1392,319.7,11.3,523,18269,0.00,2.17,0.00,0.000,260,0.000,0.041,3278,3287,1549,1706,1392,0,0,0,0,0,0,26.58,25.89,26.59,8.56,62.79
$GC,18357,1.18,307.4,3277,3288,1705,1392,309.9,11.4,525,18361,0.00,2.10,0.00,0.000,1030,0.000,0.026,3287,1887,1548,1705,1392,0,0,0,0,0,0,26.15,26.08,26.17,8.56,61.89
$GC,18551,1.18,307.4,3287,1886,1706,1392,286.2,11.8,530,18552,0.00,0.00,0.00,0.000,6,0.000,0.000,3287,1887,1548,1705,1392,0,0,0,0,0,0,26.58,26.59,26.58,8.57,61.81
$GC,18752,1.18,307.4,3287,1887,1706,1392,261.8,12.3,535,18756,0.00,2.20,0.00,0.000,260,0.000,0.041,3288,3287,1548,1705,1392,0,0,0,0,0,0,26.58,25.88,26.59,8.56,61.53
$GC,18798,1.18,307.4,3287,3289,1705,1392,256.3,12.2,536,18803,0.10,2.08,0.00,0.000,5126,0.148,0.025,3265,1893,1548,1705,1392,0,0,0,0,0,0,25.78,26.08,25.89,8.57,62.12
$GC,18993,1.18,307.4,3265,1893,1705,1392,234.8,10.9,541,18994,0.00,0.00,0.00,0.000,6,0.000,0.000,3265,1893,1548,1705,1392,0,0,0,0,0,0,26.58,26.59,26.58,8.57,61.81
$GC,19192,1.18,307.4,3265,1893,1705,1392,214.6,10.0,546,19196,0.00,2.17,0.00,0.000,260,0.000,0.041,3266,3283,1548,1705,1392,0,0,0,0,0,0,26.58,25.87,26.59,8.58,62.01
$GC,19283,1.18,307.4,3265,3283,1706,1392,206.0,10.2,548,19288,0.00,2.08,0.00,0.000,1030,0.000,0.025,3273,1892,1548,1705,1392,0,0,0,0,0,0,26.15,26.08,26.17,8.58,61.53
$GC,19478,1.18,312.0,3273,1892,1705,1392,185.8,9.8,556,19489,0.00,2.20,5.43,0.656,8452,0.000,0.040,3273,3283,1530,1688,1373,0,0,0,0,0,0,26.58,25.12,23.82,8.58,61.30
$GC,19516,1.19,313.4,3272,3283,1686,1374,182.1,9.9,557,19520,0.00,2.08,0.00,0.000,1030,0.000,0.024,3283,1893,1529,1686,1373,0,0,0,0,0,0,26.10,26.02,26.12,8.58,62.08
$GC,19715,1.19,313.4,3283,1893,1686,1374,161.1,10.4,567,19717,0.00,0.00,0.00,0.000,6,0.000,0.000,3283,1893,1530,1687,1374,0,0,0,0,0,0,26.55,26.55,26.55,8.58,61.26
$GC,19895,1.21,340.5,3283,1893,1686,1374,144.3,8.8,576,19927,0.00,2.22,25.90,0.805,8452,0.000,0.041,3283,3287,1412,1581,1244,0,0,0,0,0,0,26.56,24.96,23.82,8.59,61.30
$GC,20007,1.23,359.8,3283,3287,1580,1244,135.3,9.1,581,20029,0.00,2.10,17.23,0.769,9222,0.000,0.025,3293,1895,1337,1510,1165,0,0,0,0,0,0,25.91,25.84,23.80,8.58,60.94
$GC,20211,1.23,359.8,3293,1895,1508,1163,111.1,12.5,591,20218,0.00,2.20,0.00,0.000,516,0.000,0.040,3303,497,1335,1508,1163,0,0,0,0,0,0,26.32,25.71,26.32,8.58,60.47
$GC,20245,1.23,359.8,3302,497,1508,1163,108.5,12.5,592,20252,0.00,2.10,0.00,0.000,1030,0.000,0.024,3303,1898,1336,1508,1164,0,0,0,0,0,0,25.98,25.92,26.01,8.58,60.86
$GC,20432,1.23,359.8,3303,1897,1508,1163,86.3,10.9,602,20436,0.00,2.17,0.00,0.000,260,0.000,0.041,3303,3283,1336,1508,1164,0,0,0,0,0,0,26.45,25.83,26.46,8.59,61.65
$GC,20515,1.23,359.8,3302,3283,1507,1163,77.4,10.5,606,20522,0.10,2.10,0.00,0.000,5126,0.144,0.025,3279,1883,1335,1507,1164,0,0,0,0,0,0,25.75,26.03,25.86,8.60,60.71
$GC,20717,1.35,480.8,3278,1883,1506,1163,65.7,4.5,616,20851,0.08,2.28,118.12,0.737,10756,0.096,0.040,3361,508,840,930,751,0,0,0,0,1,0,26.31,24.65,23.66,8.64,63.11
$GC,20900,1.35,480.8,3360,507,928,750,46.5,12.7,626,20906,0.15,2.12,0.00,0.000,5126,0.121,0.024,3314,1898,838,927,750,0,0,0,0,0,0,25.30,25.58,25.44,8.65,62.01
$GC,21098,1.45,503.6,3313,1898,927,750,26.7,9.0,645,21123,0.05,2.20,17.62,0.656,10500,0.135,0.038,3375,3288,749,825,673,0,0,0,0,0,0,26.11,24.84,24.10,8.71,62.12
$GC,21209,1.45,503.6,3374,3289,826,673,12.9,13.6,655,21217,0.12,2.08,0.00,0.000,5126,0.129,0.024,3345,1894,750,826,674,0,0,0,0,0,0,25.58,25.86,25.71,8.73,60.86
$STATE,21284,end climb,SURFACE_DEPTH_REACHED
$STATE,21284,begin surface coast
$FINISH,0.2,1.022486
$STATE,21305,end surface coast,CONTROL_FINISHED_OK
$STATE,21305,begin surface
$SM_CCo,21326,38.58,0.054,0,0,498,565.66
$SM_GC,-0.18,8.18,0.38,38.58,0.031,0.045,0.054,172,2154,498,-8.29,-1.44,565.66,0,0,0,0,0,0,26.02,25.97,25.73
$IRIDIUM_FIX,759.27,-14044.01,220325,023506
$TT8_MAMPS,0.026215,0.379743
$HUMID,57.83
$INTERNAL_PRESSURE,8.69302
$TCM_TEMP,18.20
$XPDR_PINGS,0
$ALTIM_TOP_PING,19.0,18.7
$24V_AH,22.80,80.357
$10V_AH,9.43,53.390
$FG_AHR_24Vo,0.000
$FG_AHR_10Vo,0.000
$DEVICES,Pitch_motor,Roll_motor,VBD_pump_during_apogee,VBD_pump_during_surface,VBD_valve,Iridium_during_init,Iridium_during_connect,Iridium_during_xfer,Transponder_ping,GUMSTIX_24V,GPS,TT8,LPSleep,TT8_Active,TT8_Sampling,TT8_CF8,TT8_Kalman,Analog_circuits,GPS_charging,Compass,RAFOS,Transponder,Compass2
$DEVICE_SECS,22.325,287.450,630.825,38.575,0.000,0.000,0.000,275.900,0.250,0.000,29.615,3154.117,13911.183,782.699,3433.392,506.164,0.000,2849.419,0.000,2976.796,0.000,2.761,0.000
$DEVICE_MAMPS,201.960,52.020,1347.930,54.315,0.000,0.000,0.000,90.270,420.000,0.000,30.710,15.210,2.190,15.210,43.670,53.410,0.000,14.000,0.000,8.240,0.000,30.000,0.000
$SENSORS,SBE_CT,WL_blue_red_Chl,AA4330,nil,nil,nil,nil,nil,nil,nil
$SENSOR_SECS,580.002,0.000,889.454,0.000,0.000,0.000,0.000,0.000,0.000,0.000
$SENSOR_MAMPS,22.470,0.000,11.230,0.000,0.000,0.000,0.000,0.000,0.000,0.000
$MEM,311948
$DATA_FILE_SIZE,48769,665
$CAP_FILE_SIZE,253294,0
$CFSIZE,2097872896,2028109824
$ERRORS,0,0,0,0,0,0,0,0,0,0,0,0,0,1,1,0
$CURRENT,0.123,18.49,1
$GPS,060805,144611,802.258,-14047.539,45,0.9,63,9.3,0.3,9.5,9,5.0
