version: 66.14
glider: 195
mission: 21
dive: 436
start: 7 29 105 4 16 21
data:
$ID,195
$MISSION,21
$DIVE,436
$N_DIVES,0
$STOP_T,0
$D_SURF,3
$D_FLARE,2
$D_TGT,990
$D_ABORT,1090
$D_NO_BLEED,50
$D_BOOST,3
$T_BOOST,0
$D_FINISH,0
$D_PITCH,0
$D_SAFE,0
$D_CALL,0
$SURFACE_URGENCY,0
$SURFACE_URGENCY_TRY,0
$SURFACE_URGENCY_FORCE,0
$T_DIVE,330
$T_MISSION,600
$T_ABORT,1440
$T_TURN,300
$T_TURN_SAMPINT,5
$T_NO_W,120
$T_LOITER,0
$T_SLOITER,60
$T_EPIRB,0
$USE_BATHY,0
$USE_ICE,0
$ICE_FREEZE_MARGIN,0.30000001
$D_OFFGRID,990
$T_WATCHDOG,10
$RELAUNCH,1
$APOGEE_PITCH,-8
$MAX_BUOY,150
$COURSE_BIAS,0
$GLIDE_SLOPE,30
$SPEED_FACTOR,1
$RHO,1.023
$MASS,54002
$MASS_COMP,0
$NAV_MODE,2
$FERRY_MAX,45
$KALMAN_USE,2
$HD_A,0.0038000001
$HD_B,0.0099999998
$HD_C,9.8500004e-06
$HEADING,-1
$ESCAPE_HEADING,0
$ESCAPE_HEADING_DELTA,10
$FIX_MISSING_TIMEOUT,0
$TGT_DEFAULT_LAT,4736
$TGT_DEFAULT_LON,-12225
$TGT_AUTO_DEFAULT,0
$SM_CC,565.6618
$N_FILEKB,4
$FILEMGR,0
$CALL_NDIVES,1
$COMM_SEQ,0
$PROTOCOL,9
$N_NOCOMM,1
$NOCOMM_ACTION,0
$N_NOSURFACE,0
$UPLOAD_DIVES_MAX,-1
$CALL_TRIES,5
$CALL_WAIT,60
$CAPUPLOAD,0
$CAPMAXSIZE,200000
$HEAPDBG,0
$T_GPS,15
$N_GPS,50840
$T_RSLEEP,2
$STROBE,0
$RAFOS_PEAK_OFFSET,1.5
$RAFOS_CORR_THRESH,60
$RAFOS_HIT_WINDOW,3600
$RAFOS_MMODEM,0
$PITCH_MIN,207
$PITCH_MAX,3915
$C_PITCH,2884
$PITCH_DBAND,0.1
$PITCH_CNV,0.003125763
$P_OVSHOOT,0.039999999
$P_OVSHOOT_WITHG,0.079999998
$PITCH_GAIN,19.15
$PITCH_TIMEOUT,17
$PITCH_AD_RATE,160
$PITCH_MAXERRORS,1
$PITCH_ADJ_GAIN,0.02
$PITCH_ADJ_DBAND,2.5
$ROLL_MIN,224
$ROLL_MAX,3758
$ROLL_DEG,40
$C_ROLL_DIVE,2243
$C_ROLL_CLIMB,1718
$HEAD_ERRBAND,10
$ROLL_CNV,0.028270001
$ROLL_TIMEOUT,15
$R_PORT_OVSHOOT,54
$R_STBD_OVSHOOT,40
$ROLL_AD_RATE,350
$ROLL_MAXERRORS,2
$ROLL_ADJ_GAIN,0
$ROLL_ADJ_DBAND,0
$VBD_MIN,500
$VBD_MAX,3960
$C_VBD,2806
$VBD_DBAND,2
$VBD_CNV,-0.24529999
$VBD_LP_IGNORE,0
$VBD_TIMEOUT,720
$PITCH_VBD_SHIFT,0.001
$VBD_PUMP_AD_RATE_SURFACE,5
$VBD_PUMP_AD_RATE_APOGEE,4
$VBD_BLEED_AD_RATE,8
$UNCOM_BLEED,60
$VBD_MAXERRORS,1
$W_ADJ_DBAND,0
$DBDW,0
$PITCH_W_GAIN,0
$PITCH_W_DBAND,0
$CF8_MAXERRORS,5
$AH0_24V,150
$AH0_10V,97
$MINV_24V,19
$MINV_10V,8
$MAXI_24V,0.80000001
$MAXI_10V,0.60000002
$FG_AHR_10V,0
$FG_AHR_24V,0
$PHONE_SUPPLY,-2
$PRESSURE_YINT,-49.397121
$PRESSURE_SLOPE,0.0001168043
$AD7714Ch0Gain,128
$TCM_PITCH_OFFSET,0
$TCM_ROLL_OFFSET,0
$COMPASS_USE,4
$ALTIM_BOTTOM_PING_RANGE,0
$ALTIM_TOP_PING_RANGE,20
$ALTIM_BOTTOM_TURN_MARGIN,0
$ALTIM_TOP_TURN_MARGIN,0
$ALTIM_TOP_MIN_OBSTACLE,1
$ALTIM_PING_DEPTH,0
$ALTIM_PING_DELTA,0
$ALTIM_FREQUENCY,13
$ALTIM_PULSE,3
$ALTIM_SENSITIVITY,3
$XPDR_VALID,5
$XPDR_INHIBIT,90
$INT_PRESSURE_SLOPE,0.0097660003
$INT_PRESSURE_YINT,-0.77999997
$DEEPGLIDER,0
$MOTHERBOARD,4
$DEVICE1,2
$DEVICE2,115
$DEVICE3,101
$DEVICE4,-1
$DEVICE5,-1
$DEVICE6,-1
$LOGGERS,0
$LOGGERDEVICE1,-1
$LOGGERDEVICE2,-1
$LOGGERDEVICE3,-1
$LOGGERDEVICE4,-1
$COMPASS_DEVICE,33
$COMPASS2_DEVICE,-1
$PHONE_DEVICE,49
$GPS_DEVICE,32
$RAFOS_DEVICE,-1
$XPDR_DEVICE,24
$SIM_W,0
$SIM_PITCH,0
$SEABIRD_T_G,0.0044178674
$SEABIRD_T_H,0.00064818078
$SEABIRD_T_I,2.6779007e-05
$SEABIRD_T_J,3.3667231e-06
$SEABIRD_C_G,-10.098215
$SEABIRD_C_H,1.1454017
$SEABIRD_C_I,-0.0021276253
$SEABIRD_C_J,0.00025532115
$SEABIRD_C_Z,2974.52
$GPS1,290705,040738,736.5392,-14031.1377,37,1.0,68,9.3,0.4,205.3,9,4.9
$_CALLS,1
$_XMS_NAKs,0
$_XMS_TOUTs,0
$_SM_DEPTHo,0.04
$_SM_ANGLEo,-57.7
$GPS2,290705,041542,736.5430,-14031.1738,7,1.0,44,9.3,0.6,294.1,9,5.0
$SPEED_LIMITS,0.173,0.262
$TGT_NAME,TX2
$TGT_LATLONG,1145.000,-14800.000
$TGT_RADIUS,10000.000
$KALMAN_CONTROL,0.000000,0.000000
$KALMAN_X,0.000000,0.000000,0.000000,0.000000,0.000000
$KALMAN_Y,0.000000,0.000000,0.000000,0.000000,0.000000
$MHEAD_RNG_PITCHd_Wd,262.1,934888,-18.1,-10.000,-20.93,2235
$D_GRID,990
$GCHEAD,st_secs,pitch_ctl,vbd_ctl,pitch_ad_start,roll_ad_start,vbd_pot1_ad_start,vbd_pot2_ad_start,depth,ob_vertv,data_pts,end_secs,pitch_secs,roll_secs,vbd_secs,vbd_i,gcphase,pitch_i,roll_i,pitch_ad,roll_ad,vbd_ad,vbd_pot1_ad,vbd_pot2_ad,pitch_retries,pitch_errors,roll_retries,roll_errors,vbd_retries,vbd_errors,pitch_volts,roll_volts,vbd_volts,int_press,humidity
$STATE,6,end surface,CONTROL_FINISHED_OK
$STATE,6,begin dive
$GC,74,-1.09,-146.6,129,2235,536,456,0.1,-0.3,6,163,0.00,0.00,-85.97,0.000,16386,0.000,0.000,125,2235,2778,2794,2762,0,0,0,0,0,0,26.39,28.83,26.40,8.79,52.63
$GC,167,-1.09,-146.6,126,2235,2795,2762,3.0,-5.8,15,197,9.18,2.33,-13.15,0.000,18692,0.200,0.063,2515,3643,3405,3423,3388,0,0,0,0,0,0,24.90,23.83,25.09,9.02,52.40
$GC,285,-0.95,-146.6,2514,3643,3427,3388,24.1,-16.6,26,291,0.20,2.05,0.00,0.000,3078,0.133,0.020,2576,2218,3407,3427,3388,0,0,0,0,0,0,25.60,26.11,25.76,9.08,52.08
$GC,480,-0.95,-146.6,2575,2218,3431,3388,51.1,-15.2,45,485,0.00,2.28,0.00,0.000,260,0.000,0.042,2568,3650,3408,3429,3388,0,0,0,0,0,0,26.52,25.93,26.53,9.10,52.63
$GC,600,-0.87,-146.6,2567,3650,3430,3388,66.0,-14.2,50,608,0.10,2.03,0.00,0.000,3078,0.145,0.020,2599,2224,3409,3430,3388,0,0,0,0,0,0,25.89,26.20,25.99,9.11,52.79
$GC,786,-0.87,-146.6,2598,2224,3432,3388,87.9,-10.2,60,792,0.00,2.22,0.00,0.000,260,0.000,0.042,2590,3657,3409,3431,3388,0,0,0,0,0,0,26.57,25.98,26.58,9.12,52.55
$GC,964,-0.87,-146.6,2590,3656,3433,3388,101.9,-8.0,68,972,0.00,2.00,0.00,0.000,1030,0.000,0.019,2590,2245,3410,3433,3388,0,0,0,0,0,0,26.29,26.24,26.31,9.12,52.24
$GC,1151,-0.87,-146.6,2590,2245,3435,3388,115.0,-6.2,78,1155,0.00,2.03,0.00,0.000,516,0.000,0.028,2591,869,3411,3435,3388,0,0,0,0,0,0,26.60,26.12,26.60,9.09,52.40
$GC,1338,-0.87,-146.6,2590,869,3437,3388,128.4,-8.0,87,1342,0.00,2.05,0.00,0.000,1030,0.000,0.025,2582,2244,3412,3436,3388,0,0,0,0,0,0,26.19,26.15,26.20,9.08,51.85
$GC,1538,-0.87,-146.6,2581,2244,3438,3388,144.4,-7.4,97,1542,0.00,2.05,0.00,0.000,516,0.000,0.028,2581,859,3413,3438,3388,0,0,0,0,0,0,26.60,26.13,26.61,9.05,51.92
$GC,1644,-0.87,-146.6,2581,859,3439,3388,152.7,-8.0,102,1650,0.10,2.03,0.00,0.000,3078,0.142,0.024,2603,2243,3413,3439,3388,0,0,0,0,0,0,25.91,26.15,26.02,9.04,51.89
$GC,1845,-0.93,-146.6,2603,2243,3439,3388,166.5,-6.5,112,1850,0.00,2.08,0.00,0.000,516,0.000,0.028,2604,870,3414,3440,3388,0,0,0,0,0,0,26.60,26.13,26.61,9.03,52.08
$GC,1952,-0.93,-146.6,2603,870,3440,3388,173.8,-7.1,117,1956,0.00,2.03,0.00,0.000,1030,0.000,0.025,2598,2249,3414,3440,3388,0,0,0,0,0,0,26.23,26.15,26.26,9.01,52.55
$GC,2151,-0.93,-146.6,2597,2249,3440,3388,188.1,-7.2,127,2155,0.00,2.05,0.00,0.000,516,0.000,0.028,2597,865,3414,3440,3388,0,0,0,0,0,0,26.60,26.14,26.61,9.01,52.79
$GC,2279,-0.93,-146.6,2597,865,3440,3388,197.4,-7.7,133,2283,0.00,2.03,0.00,0.000,1030,0.000,0.026,2589,2247,3414,3440,3388,0,0,0,0,0,0,26.23,26.15,26.26,9.00,53.22
$GC,2483,-0.93,-146.6,2589,2248,3440,3388,212.2,-7.2,139,2487,0.00,2.05,0.00,0.000,516,0.000,0.028,2589,870,3414,3440,3388,0,0,0,0,0,0,26.60,26.13,26.62,8.98,54.25
$GC,2594,-0.93,-146.6,2589,869,3439,3388,218.9,-7.7,141,2599,0.00,2.03,0.00,0.000,1030,0.000,0.026,2581,2246,3414,3440,3388,0,0,0,0,0,0,26.23,26.15,26.26,8.98,53.78
$GC,2808,-0.93,-146.6,2580,2246,3440,3387,237.8,-7.6,147,2813,0.00,2.05,0.00,0.000,516,0.000,0.028,2581,870,3413,3440,3387,0,0,0,0,0,0,26.61,26.13,26.62,8.96,53.93
$GC,2962,-0.93,-146.6,2580,870,3439,3387,247.5,-7.7,150,2966,0.00,2.03,0.00,0.000,1030,0.000,0.025,2572,2243,3413,3439,3388,0,0,0,0,0,0,26.23,26.15,26.26,8.95,55.19
$GC,3178,-0.93,-146.6,2572,2243,3439,3387,266.5,-7.8,156,3182,0.00,2.05,0.00,0.000,516,0.000,0.029,2572,865,3413,3439,3387,0,0,0,0,0,0,26.61,26.13,26.62,8.94,55.63
$GC,3313,-0.93,-146.6,2572,865,3439,3387,277.5,-8.6,159,3317,0.00,2.03,0.00,0.000,1030,0.000,0.026,2564,2242,3413,3439,3387,0,0,0,0,0,0,26.23,26.15,26.26,8.93,55.47
$GC,3507,-0.93,-146.6,2564,2242,3438,3386,295.2,-8.6,164,3512,0.00,2.10,0.00,0.000,516,0.000,0.029,2564,867,3412,3438,3386,0,0,0,0,0,0,26.61,26.13,26.62,8.93,56.10
$GC,3595,-0.93,-146.6,2563,867,3438,3386,302.8,-8.8,166,3599,0.00,2.05,0.00,0.000,1030,0.000,0.027,2556,2253,3411,3438,3385,0,0,0,0,0,0,26.22,26.15,26.25,8.92,55.86
$GC,3793,-0.93,-146.6,2555,2254,3438,3384,319.3,-8.2,171,3798,0.00,2.08,0.00,0.000,516,0.000,0.029,2555,868,3411,3438,3384,0,0,0,0,0,0,26.61,26.12,26.62,8.92,56.37
$GC,3911,-0.93,-146.6,2555,868,3437,3384,326.4,-8.2,173,3919,0.12,2.03,0.00,0.000,3078,0.138,0.026,2587,2242,3410,3436,3384,0,0,0,0,0,0,25.84,26.15,25.98,8.91,56.18
$GC,4119,-1.00,-146.6,2586,2242,3435,3383,344.2,-7.2,179,4123,0.00,2.08,0.00,0.000,516,0.000,0.029,2587,862,3409,3436,3383,0,0,0,0,0,0,26.61,26.11,26.62,8.90,56.45
$GC,4217,-1.07,-146.6,2586,862,3435,3383,350.8,-7.5,181,4222,0.08,2.05,0.00,0.000,5126,0.091,0.027,2506,2243,3409,3435,3383,0,0,0,0,0,0,26.11,26.14,26.19,8.90,56.77
$GC,4407,-1.07,-146.6,2505,2243,3433,3383,368.4,-8.8,186,4412,0.10,2.08,0.00,0.000,2564,0.151,0.029,2535,870,3408,3433,3383,0,0,0,0,0,0,26.13,26.10,26.19,8.89,57.44
$GC,4537,-1.07,-146.6,2534,864,3433,3383,379.4,-8.8,189,4541,0.00,2.05,0.00,0.000,1030,0.000,0.027,2529,2250,3408,3433,3383,0,0,0,0,0,0,26.22,26.14,26.25,8.89,57.36
$GC,4738,-1.07,-146.6,2528,2250,3432,3381,397.1,-8.7,194,4742,0.00,2.08,0.00,0.000,516,0.000,0.030,2528,870,3406,3432,3381,0,0,0,0,0,0,26.61,26.10,26.62,8.88,57.16
$GC,4867,-1.07,-146.6,2528,870,3432,3381,409.2,-9.4,197,4871,0.00,2.08,0.00,0.000,1030,0.000,0.028,2519,2241,3406,3432,3381,0,0,0,0,0,0,26.17,26.13,26.20,8.88,57.20
$GC,5066,-1.07,-146.6,2519,2240,3431,3381,428.5,-9.4,202,5070,0.00,2.08,0.00,0.000,516,0.000,0.030,2519,862,3405,3431,3380,0,0,0,0,0,0,26.61,26.10,26.62,8.87,57.24
$GC,5222,-1.07,-146.6,2520,863,3431,3380,441.3,-10.2,205,5227,0.00,2.05,0.00,0.000,1030,0.000,0.028,2510,2245,3405,3431,3380,0,0,0,0,0,0,26.21,26.13,26.24,8.87,57.79
$GC,5436,-1.07,-146.6,2510,2244,3430,3379,466.4,-10.2,211,5440,0.00,2.08,0.00,0.000,516,0.000,0.030,2510,870,3404,3430,3379,0,0,0,0,0,0,26.62,26.09,26.62,8.87,58.23
$GC,5574,-1.07,-146.6,2510,870,3430,3379,479.4,-10.5,214,5582,0.12,2.05,0.00,0.000,3078,0.147,0.027,2538,2247,3404,3429,3379,0,0,0,0,0,0,25.79,26.13,25.93,8.86,57.79
$GC,5801,-1.07,-146.6,2538,2248,3429,3377,501.3,-8.8,220,5805,0.00,2.08,0.00,0.000,516,0.000,0.030,2539,871,3403,3430,3377,0,0,0,0,0,0,26.61,26.09,26.63,8.86,57.52
$GC,5929,-1.07,-146.6,2538,871,3429,3377,512.3,-8.8,223,5934,0.00,2.05,0.00,0.000,1030,0.000,0.028,2532,2251,3403,3429,3377,0,0,0,0,0,0,26.20,26.12,26.23,8.85,57.52
$GC,6129,-1.07,-146.6,2531,2251,3428,3376,529.4,-8.4,228,6133,0.00,2.10,0.00,0.000,516,0.000,0.031,2532,862,3402,3428,3376,0,0,0,0,0,0,26.61,26.08,26.62,8.85,58.30
$GC,6246,-1.07,-146.6,2532,862,3427,3376,536.6,-8.5,230,6253,0.00,2.05,0.00,0.000,1030,0.000,0.028,2524,2241,3401,3427,3376,0,0,0,0,0,0,26.20,26.11,26.23,8.85,58.15
$GC,6453,-1.07,-146.6,2523,2241,3426,3375,557.1,-8.6,236,6458,0.00,2.08,0.00,0.000,516,0.000,0.031,2524,866,3400,3426,3375,0,0,0,0,0,0,26.61,26.08,26.62,8.84,58.03
$GC,6561,-1.07,-146.6,2523,867,3426,3375,564.8,-8.7,238,6565,0.00,2.08,0.00,0.000,1030,0.000,0.028,2514,2254,3400,3426,3375,0,0,0,0,0,0,26.20,26.11,26.23,8.83,58.26
$GC,6780,-1.07,-146.6,2514,2254,3425,3374,586.9,-9.1,244,6784,0.00,2.10,0.00,0.000,516,0.000,0.031,2514,868,3399,3425,3374,0,0,0,0,0,0,26.61,26.07,26.62,8.83,59.17
$GC,6914,-1.07,-146.6,2514,867,3424,3374,598.9,-9.5,247,6922,0.10,2.05,0.00,0.000,3078,0.152,0.028,2535,2244,3398,3423,3374,0,0,0,0,0,0,25.83,26.11,25.95,8.83,58.89
$GC,7107,-1.07,-146.6,2534,2244,3423,3373,616.9,-8.8,252,7111,0.00,2.08,0.00,0.000,516,0.000,0.031,2535,873,3398,3423,3373,0,0,0,0,0,0,26.61,26.07,26.63,8.82,58.58
$GC,7204,-1.07,-146.6,2534,873,3423,3373,624.4,-8.7,254,7209,0.00,2.05,0.00,0.000,1030,0.000,0.028,2528,2245,3398,3423,3373,0,0,0,0,0,0,26.19,26.10,26.22,8.82,58.93
$GC,7396,-1.07,-146.6,2528,2244,3423,3371,641.8,-8.5,259,7400,0.00,2.10,0.00,0.000,516,0.000,0.031,2528,862,3397,3422,3372,0,0,0,0,0,0,26.61,26.06,26.63,8.81,59.01
$GC,7499,-1.07,-146.6,2528,862,3422,3372,649.4,-8.6,261,7503,0.00,2.08,0.00,0.000,1030,0.000,0.028,2521,2246,3397,3422,3372,0,0,0,0,0,0,26.19,26.10,26.21,8.81,59.41
$GC,7724,-1.07,-146.6,2520,2245,3421,3370,670.5,-8.5,267,7728,0.00,2.08,0.00,0.000,516,0.000,0.031,2520,874,3395,3421,3370,0,0,0,0,0,0,26.61,26.06,26.62,8.80,59.13
$GC,7878,-1.07,-146.6,2520,874,3421,3370,681.9,-8.9,270,7883,0.00,2.05,0.00,0.000,1030,0.000,0.028,2512,2244,3395,3421,3370,0,0,0,0,0,0,26.17,26.09,26.21,8.80,59.13
$GC,8094,-1.07,-146.6,2511,2244,3421,3369,703.5,-8.8,276,8098,0.00,2.08,0.00,0.000,516,0.000,0.031,2512,874,3393,3419,3368,0,0,0,0,0,0,26.61,26.05,26.62,8.79,60.00
$GC,8243,-1.07,-146.6,2511,874,3420,3368,714.9,-9.1,279,8248,0.12,2.05,0.00,0.000,3078,0.142,0.028,2540,2246,3394,3420,3368,0,0,0,0,0,0,25.77,26.09,25.89,8.79,59.92
$GC,8464,-1.07,-146.6,2539,2246,3420,3367,735.1,-8.0,285,8469,0.00,2.10,0.00,0.000,516,0.000,0.031,2540,865,3394,3420,3368,0,0,0,0,0,0,26.61,26.04,26.62,8.79,59.84
$GC,8629,-1.07,-146.6,2539,865,3420,3367,749.4,-8.6,289,8634,0.00,2.08,0.00,0.000,1030,0.000,0.028,2534,2246,3393,3420,3367,0,0,0,0,0,0,26.17,26.08,26.20,8.79,59.41
$GC,8833,-1.07,-146.6,2534,2246,3419,3366,766.4,-8.4,294,8838,0.00,2.10,0.00,0.000,516,0.000,0.032,2534,866,3392,3419,3366,0,0,0,0,0,0,26.61,26.03,26.62,8.78,60.19
$GC,8990,-1.07,-146.6,2534,866,3419,3366,777.6,-8.9,297,8997,0.00,2.05,0.00,0.000,1030,0.000,0.029,2525,2242,3392,3418,3366,0,0,0,0,0,0,26.17,26.07,26.19,8.78,59.21
$GC,9198,-1.07,-146.6,2524,2242,3418,3365,799.3,-8.9,303,9202,0.00,2.08,0.00,0.000,516,0.000,0.032,2525,874,3391,3418,3365,0,0,0,0,0,0,26.61,26.03,26.62,8.77,59.84
$GC,9333,-1.07,-146.6,2525,874,3418,3365,811.0,-9.3,306,9337,0.00,2.05,0.00,0.000,1030,0.000,0.029,2517,2244,3391,3418,3365,0,0,0,0,0,0,26.15,26.07,26.19,8.77,59.88
$GC,9527,-1.07,-146.6,2516,2243,3417,3364,829.4,-9.0,311,9531,0.00,2.08,0.00,0.000,516,0.000,0.033,2517,874,3390,3417,3364,0,0,0,0,0,0,26.61,26.02,26.62,8.76,60.04
$GC,9656,-1.07,-146.6,2516,874,3417,3364,841.4,-9.4,314,9663,0.10,2.05,0.00,0.000,3078,0.149,0.029,2538,2244,3391,3417,3365,0,0,0,0,0,0,25.79,26.06,25.91,8.76,59.96
$GC,9854,-1.07,-146.6,2537,2244,3416,3364,858.6,-8.6,319,9858,0.00,2.08,0.00,0.000,516,0.000,0.032,2537,876,3390,3416,3364,0,0,0,0,0,0,26.61,26.01,26.62,8.76,60.23
$GC,9990,-1.07,-146.6,2537,876,3416,3364,869.8,-8.8,322,9994,0.00,2.05,0.00,0.000,1030,0.000,0.029,2531,2243,3390,3416,3364,0,0,0,0,0,0,26.15,26.06,26.18,8.76,60.08
$GC,10186,-1.07,-146.6,2531,2243,3416,3363,886.9,-8.4,327,10190,0.00,2.10,0.00,0.000,516,0.000,0.033,2531,865,3389,3415,3363,0,0,0,0,0,0,26.61,26.00,26.62,8.75,60.43
$GC,10344,-1.07,-146.6,2530,865,3416,3363,898.3,-8.8,330,10351,0.00,2.08,0.00,0.000,1030,0.000,0.030,2523,2252,3389,3415,3363,0,0,0,0,0,0,26.13,26.05,26.17,8.75,60.75
$GC,10552,-1.07,-146.6,2522,2252,3415,3362,918.8,-8.4,336,10556,0.00,2.10,0.00,0.000,516,0.000,0.033,2523,874,3388,3415,3362,0,0,0,0,0,0,26.61,26.00,26.62,8.75,60.35
$GC,10716,-1.07,-146.6,2522,874,3415,3362,933.7,-9.0,340,10720,0.00,2.05,0.00,0.000,1030,0.000,0.029,2514,2241,3387,3414,3361,0,0,0,0,0,0,26.13,26.04,26.17,8.75,60.59
$GC,10920,-1.07,-146.6,2514,2241,3414,3361,951.0,-8.4,345,10924,0.00,2.08,0.00,0.000,516,0.000,0.033,2514,876,3387,3414,3361,0,0,0,0,0,0,26.61,25.98,26.62,8.75,60.27
$GC,11063,-1.07,-146.6,2514,876,3414,3361,961.9,-8.7,348,11071,0.10,2.05,0.00,0.000,3078,0.151,0.030,2535,2245,3387,3414,3361,0,0,0,0,0,0,25.76,26.03,25.88,8.75,61.06
$GC,11285,-1.07,-146.6,2534,2245,3413,3361,981.0,-7.7,354,11289,0.00,2.10,0.00,0.000,516,0.000,0.033,2535,869,3386,3413,3360,0,0,0,0,0,0,26.61,25.98,26.62,8.74,61.02
$STATE,11406,end dive,TARGET_DEPTH_EXCEEDED
$STATE,11408,begin apogee
$GC,11416,-0.42,0.0,2531,1740,3413,3360,991.2,-8.1,357,11555,0.65,0.00,134.98,1.349,10246,0.102,0.000,2750,1740,2804,2903,2706,0,0,0,0,0,0,25.48,24.23,22.89,8.74,60.59
$STATE,11556,end apogee,CONTROL_FINISHED_OK
$STATE,11556,begin climb
$GC,11559,1.09,146.6,2749,1740,2902,2705,996.9,0.0,360,11713,1.38,2.30,141.18,1.295,10500,0.064,0.037,3236,3110,2205,2290,2121,0,0,0,0,0,0,24.82,24.25,22.95,8.69,59.56
$GC,11787,0.90,189.5,3235,3110,2290,2121,983.4,8.0,366,11836,0.22,2.08,43.08,1.254,13318,0.134,0.026,3177,1750,2032,2135,1929,0,0,0,0,0,0,25.31,25.63,23.34,8.63,58.42
$GC,12053,0.93,218.3,3177,1750,2133,1927,959.1,8.7,373,12091,0.00,2.20,28.35,1.245,8452,0.000,0.037,3177,3120,1912,2034,1791,0,0,0,0,0,0,26.30,24.43,23.58,8.61,59.60
$GC,12186,0.95,239.5,3177,3120,2033,1791,947.6,9.0,376,12218,0.00,2.17,21.88,1.213,9222,0.000,0.027,3185,1717,1826,1957,1695,0,0,0,0,0,0,25.90,25.83,23.62,8.61,60.00
$GC,12420,0.97,262.0,3184,1717,1957,1695,925.7,9.0,382,12449,0.00,2.30,22.55,1.219,8708,0.000,0.044,3194,325,1734,1878,1590,0,0,0,0,0,0,26.31,25.04,23.70,8.60,60.08
$GC,12462,1.00,285.1,3193,325,1878,1590,922.2,8.9,383,12491,0.00,2.15,23.23,1.208,9222,0.000,0.024,3194,1730,1640,1793,1488,0,0,0,0,0,0,25.65,25.59,23.51,8.59,59.68
$GC,12701,1.08,304.1,3193,1729,1792,1487,900.0,9.1,389,12728,0.05,2.22,18.12,1.194,11012,0.139,0.037,3265,3105,1563,1721,1405,0,0,0,0,0,0,26.10,25.11,23.76,8.57,60.86
$GC,12802,1.08,305.2,3264,3105,1720,1404,891.0,9.9,391,12810,0.12,2.12,0.00,0.000,5126,0.135,0.026,3233,1717,1562,1720,1405,0,0,0,0,0,0,25.58,25.83,25.72,8.57,60.39
$GC,13024,1.08,305.2,3233,1717,1720,1405,866.1,10.1,397,13029,0.00,2.22,0.00,0.000,516,0.000,0.044,3243,317,1562,1720,1405,0,0,0,0,0,0,26.41,25.91,26.41,8.56,60.55
$GC,13052,1.08,305.2,3242,317,1720,1405,866.1,10.1,397,13056,0.00,2.10,0.00,0.000,1030,0.000,0.024,3242,1718,1562,1720,1404,0,0,0,0,0,0,26.15,26.08,26.17,8.56,60.63
$GC,13270,1.08,305.2,3242,1718,1720,1404,840.3,10.6,403,13275,0.00,2.17,0.00,0.000,260,0.000,0.038,3243,3103,1562,1720,1404,0,0,0,0,0,0,26.51,26.05,26.51,8.56,61.49
$GC,13292,1.08,305.2,3242,3103,1720,1404,840.3,10.6,403,13296,0.00,2.10,0.00,0.000,1030,0.000,0.028,3252,1700,1562,1721,1404,0,0,0,0,0,0,26.20,26.12,26.22,8.56,61.26
$GC,13516,1.08,305.2,3251,1699,1720,1405,812.9,11.3,409,13520,0.00,2.17,0.00,0.000,516,0.000,0.044,3261,326,1562,1720,1404,0,0,0,0,0,0,26.55,26.01,26.56,8.56,61.45
$GC,13587,1.08,305.2,3261,325,1720,1405,807.9,11.5,410,13592,0.10,2.08,0.00,0.000,5126,0.146,0.025,3230,1720,1562,1720,1404,0,0,0,0,0,0,25.91,26.18,26.04,8.55,62.16
$GC,13801,1.08,305.2,3229,1720,1720,1404,779.8,11.5,416,13805,0.00,2.15,0.00,0.000,260,0.000,0.038,3230,3106,1562,1720,1404,0,0,0,0,0,0,26.58,26.07,26.58,8.55,61.69
$GC,13828,1.08,305.2,3229,3106,1720,1404,779.8,11.5,416,13833,0.00,2.10,0.00,0.000,1030,0.000,0.028,3236,1732,1562,1720,1404,0,0,0,0,0,0,26.20,26.17,26.22,8.55,61.89
$GC,14047,1.08,305.2,3236,1732,1720,1404,750.6,11.9,422,14052,0.00,2.25,0.00,0.000,516,0.000,0.044,3246,310,1562,1720,1404,0,0,0,0,0,0,26.58,25.99,26.60,8.54,62.08
$GC,14139,1.08,305.2,3245,310,1720,1404,740.2,12.1,424,14143,0.00,2.10,0.00,0.000,1030,0.000,0.025,3246,1716,1562,1720,1404,0,0,0,0,0,0,26.26,26.19,26.28,8.54,61.97
$GC,14332,1.08,305.2,3245,1716,1720,1404,716.0,12.0,429,14337,0.00,2.17,0.00,0.000,260,0.000,0.039,3246,3117,1562,1720,1405,0,0,0,0,0,0,26.59,26.06,26.60,8.54,61.73
$GC,14434,1.08,305.2,3245,3117,1720,1404,705.8,12.0,431,14439,0.00,2.12,0.00,0.000,1030,0.000,0.027,3255,1712,1562,1720,1404,0,0,0,0,0,0,26.25,26.17,26.27,8.56,62.12
$GC,14659,1.08,305.2,3255,1711,1720,1404,678.2,11.1,437,14663,0.00,2.17,0.00,0.000,260,0.000,0.039,3255,3115,1562,1720,1404,0,0,0,0,0,0,26.59,26.04,26.60,8.54,62.01
$GC,14703,1.08,305.2,3255,3115,1720,1404,673.3,11.1,438,14710,0.10,2.12,0.00,0.000,5126,0.152,0.028,3233,1699,1562,1720,1404,0,0,0,0,0,0,25.86,26.14,25.98,8.54,62.12
$GC,14905,1.08,305.2,3231,1699,1720,1404,652.8,10.0,443,14908,0.00,2.20,0.00,0.000,260,0.000,0.039,3233,3114,1562,1720,1404,0,0,0,0,0,0,26.60,26.03,26.60,8.54,62.28
$GC,14948,1.08,305.2,3232,3115,1720,1404,648.4,10.0,444,14952,0.00,2.10,0.00,0.000,1030,0.000,0.028,3239,1725,1562,1720,1404,0,0,0,0,0,0,26.22,26.14,26.25,8.54,61.97
$GC,15152,1.09,309.3,3238,1725,1720,1404,628.3,9.8,449,15163,0.00,2.17,5.72,0.874,8452,0.000,0.037,3240,3113,1541,1700,1382,0,0,0,0,0,0,26.60,25.20,23.88,8.54,62.60
$GC,15206,1.09,312.4,3238,3113,1699,1382,624.7,9.9,450,15211,0.00,2.12,0.00,0.000,1030,0.000,0.028,3247,1705,1540,1699,1382,0,0,0,0,0,0,26.13,26.04,26.15,8.54,61.97
$GC,15430,1.09,312.4,3247,1704,1699,1383,600.5,10.0,456,15434,0.00,2.20,0.00,0.000,260,0.000,0.038,3248,3113,1541,1699,1383,0,0,0,0,0,0,26.55,25.98,26.55,8.53,62.87
$GC,15487,1.09,312.4,3247,3114,1699,1383,596.1,10.1,457,15496,0.00,2.10,4.32,0.750,9222,0.000,0.027,3257,1728,1531,1688,1374,0,0,0,0,0,0,26.18,26.11,23.91,8.53,61.93
$GC,15711,1.09,312.4,3256,1729,1687,1374,571.4,10.4,463,15717,0.00,2.25,0.00,0.000,516,0.000,0.044,3265,309,1530,1687,1374,0,0,0,0,0,0,26.54,25.90,26.54,8.54,61.97
$GC,15730,1.09,312.4,3265,309,1687,1374,571.4,10.4,463,15737,0.10,2.10,0.00,0.000,5126,0.145,0.025,3234,1719,1530,1687,1374,0,0,0,0,0,0,25.84,26.12,25.96,8.53,62.36
$GC,15952,1.14,313.5,3233,1719,1687,1374,547.0,10.0,469,15957,0.00,2.17,0.00,0.000,260,0.000,0.039,3234,3102,1530,1687,1374,0,0,0,0,0,0,26.57,25.98,26.58,8.53,61.97
$GC,16044,1.14,313.5,3233,3102,1687,1374,537.9,10.3,471,16049,0.00,2.12,0.00,0.000,1030,0.000,0.028,3241,1716,1530,1687,1374,0,0,0,0,0,0,26.15,26.12,26.17,8.53,62.52
$GC,16238,1.14,313.5,3240,1715,1687,1374,517.0,10.4,476,16244,0.00,2.22,0.00,0.000,516,0.000,0.045,3250,313,1530,1686,1374,0,0,0,0,0,0,26.58,25.90,26.60,8.54,61.85
$GC,16306,1.14,313.5,3250,313,1687,1374,512.8,10.3,477,16311,0.00,2.10,0.00,0.000,1030,0.000,0.025,3250,1717,1530,1687,1374,0,0,0,0,0,0,26.22,26.15,26.24,8.54,62.32
$GC,16520,1.14,313.5,3249,1717,1686,1374,486.8,10.7,483,16525,0.00,2.20,0.00,0.000,260,0.000,0.040,3250,3108,1530,1687,1374,0,0,0,0,0,0,26.59,25.97,26.60,8.53,62.20
$GC,16564,1.14,313.5,3250,3108,1687,1374,482.1,10.7,484,16568,0.00,2.15,0.00,0.000,1030,0.000,0.028,3258,1710,1530,1687,1374,0,0,0,0,0,0,26.14,26.10,26.17,8.54,62.32
$GC,16768,1.14,313.5,3259,1710,1687,1374,460.1,10.7,489,16772,0.00,2.25,0.00,0.000,516,0.000,0.045,3268,301,1530,1687,1374,0,0,0,0,0,0,26.60,25.89,26.60,8.53,62.95
$GC,16896,1.14,313.5,3268,301,1687,1374,446.7,10.8,492,16901,0.00,2.12,0.00,0.000,1030,0.000,0.025,3268,1718,1530,1687,1374,0,0,0,0,0,0,26.21,26.14,26.24,8.54,62.60
$GC,17095,1.14,313.5,3268,1719,1687,1374,425.5,10.4,497,17100,0.00,2.17,0.00,0.000,260,0.000,0.040,3268,3114,1530,1687,1374,0,0,0,0,0,0,26.59,25.96,26.60,8.54,62.48
$GC,17187,1.14,313.5,3268,3114,1687,1374,416.6,10.4,499,17191,0.00,2.12,0.00,0.000,1030,0.000,0.028,3276,1701,1530,1687,1374,0,0,0,0,0,0,26.17,26.09,26.20,8.54,61.69
$GC,17381,1.14,313.5,3276,1699,1687,1374,395.8,10.2,504,17385,0.00,2.17,0.00,0.000,516,0.000,0.044,3287,325,1530,1686,1374,0,0,0,0,0,0,26.60,25.88,26.60,8.55,62.44
$GC,17442,1.14,313.5,3286,324,1687,1374,391.3,10.3,505,17447,0.12,2.10,0.00,0.000,5126,0.132,0.024,3246,1729,1530,1687,1374,0,0,0,0,0,0,25.81,26.14,25.93,8.54,61.73
$GC,17661,1.15,319.2,3244,1729,1686,1374,368.0,9.7,511,17677,0.00,2.20,8.32,0.846,8452,0.000,0.038,3246,3105,1499,1659,1340,0,0,0,0,0,0,26.60,25.25,23.94,8.55,61.69
$GC,17785,1.15,319.2,3245,3105,1659,1341,355.1,10.5,514,17789,0.00,2.10,0.00,0.000,1030,0.000,0.027,3253,1721,1500,1659,1341,0,0,0,0,0,0,26.10,26.03,26.14,8.55,61.77
$GC,17990,1.15,319.2,3253,1720,1659,1342,333.6,10.4,519,17997,0.00,2.25,0.00,0.000,516,0.000,0.044,3263,307,1500,1659,1341,0,0,0,0,0,0,26.53,25.84,26.55,8.55,61.77
$GC,18104,1.15,319.2,3263,307,1659,1342,324.6,10.6,521,18112,0.00,2.10,0.00,0.000,1030,0.000,0.024,3264,1716,1500,1659,1342,0,0,0,0,0,0,26.17,26.10,26.20,8.55,61.45
$GC,18313,1.15,319.2,3263,1716,1659,1342,299.6,10.3,527,18318,0.00,2.15,0.00,0.000,260,0.000,0.039,3264,3106,1500,1659,1342,0,0,0,0,0,0,26.57,25.94,26.58,8.55,62.08
$GC,18401,1.15,319.2,3263,3106,1659,1342,290.3,10.6,529,18405,0.00,2.10,0.00,0.000,1030,0.000,0.026,3272,1710,1500,1658,1342,0,0,0,0,0,0,26.17,26.10,26.20,8.56,61.22
$GC,18599,1.15,319.2,3272,1710,1659,1342,269.1,10.5,534,18604,0.00,2.25,0.00,0.000,516,0.000,0.044,3283,316,1500,1659,1342,0,0,0,0,0,0,26.58,25.86,26.60,8.56,61.53
$GC,18621,1.15,319.2,3284,316,1659,1342,269.1,10.5,534,18627,0.10,2.10,0.00,0.000,5126,0.138,0.024,3251,1725,1500,1659,1342,0,0,0,0,0,0,25.84,26.12,25.95,8.56,61.18
$GC,18847,1.15,319.2,3250,1726,1659,1342,243.6,10.3,540,18851,0.00,2.15,0.00,0.000,260,0.000,0.038,3250,3114,1500,1659,1342,0,0,0,0,0,0,26.59,25.94,26.60,8.56,61.49
$GC,18949,1.15,319.2,3250,3114,1659,1342,234.3,10.7,542,18953,0.00,2.10,0.00,0.000,1030,0.000,0.026,3258,1718,1500,1659,1342,0,0,0,0,0,0,26.17,26.10,26.20,8.57,61.10
$GC,19173,1.15,319.2,3258,1717,1659,1342,206.5,11.5,548,19179,0.00,2.22,0.00,0.000,516,0.000,0.044,3266,316,1500,1659,1342,0,0,0,0,0,0,26.60,25.85,26.60,8.56,61.02
$GC,19196,1.15,319.2,3265,316,1659,1342,206.5,11.5,548,19200,0.00,2.08,0.00,0.000,1030,0.000,0.024,3266,1716,1500,1659,1342,0,0,0,0,0,0,26.20,26.13,26.22,8.57,60.90
$GC,19394,1.15,319.2,3265,1716,1659,1342,181.0,11.4,557,19398,0.00,2.15,0.00,0.000,260,0.000,0.039,3266,3106,1500,1658,1342,0,0,0,0,0,0,26.60,25.93,26.60,8.58,60.90
$GC,19511,1.15,319.2,3265,3106,1659,1342,168.8,11.8,562,19519,0.00,2.08,0.00,0.000,1030,0.000,0.027,3275,1712,1500,1659,1342,0,0,0,0,0,0,26.16,26.09,26.20,8.57,61.45
$GC,19698,1.15,319.2,3275,1712,1659,1342,146.0,11.5,572,19701,0.00,2.17,0.00,0.000,260,0.000,0.038,3275,3111,1500,1659,1342,0,0,0,0,0,0,26.60,25.94,26.60,8.58,60.67
$GC,19761,1.15,319.2,3275,3113,1659,1342,138.5,11.7,575,19765,0.00,2.10,0.00,0.000,1030,0.000,0.027,3275,1711,1500,1659,1342,0,0,0,0,0,0,26.15,26.07,26.18,8.58,60.23
$GC,19966,1.15,319.2,3275,1709,1659,1342,115.7,10.8,585,19971,0.00,2.17,0.00,0.000,260,0.000,0.037,3276,3111,1500,1659,1342,0,0,0,0,0,0,26.60,25.93,26.60,8.58,60.86
$GC,20013,1.15,319.2,3275,3110,1659,1342,110.6,10.9,587,20017,0.00,2.08,0.00,0.000,1030,0.000,0.027,3275,1724,1500,1659,1342,0,0,0,0,0,0,26.15,26.08,26.18,8.59,60.59
$GC,20212,1.16,329.4,3275,1724,1659,1342,89.7,9.5,597,20229,0.00,0.00,10.40,0.707,8198,0.000,0.000,3275,1724,1461,1623,1299,0,0,0,0,0,0,26.60,25.06,24.02,8.59,60.94
$GC,20411,1.20,374.4,3275,1724,1623,1300,72.4,7.9,607,20458,0.00,2.22,38.92,0.754,8452,0.000,0.037,3275,3100,1276,1452,1101,0,0,0,0,0,0,26.51,24.94,23.88,8.60,60.27
$GC,20675,1.29,459.4,3275,3100,1450,1103,53.6,6.1,620,20774,0.00,2.10,86.55,0.718,9222,0.000,0.027,3276,1720,930,1034,826,0,0,0,0,1,0,25.98,25.91,23.76,8.65,61.93
$GC,20956,1.43,488.4,3275,1721,1032,825,34.0,8.7,645,20995,0.15,2.20,27.40,0.676,10500,0.057,0.036,3390,3109,810,893,727,0,0,0,0,0,0,26.01,24.63,24.07,8.70,62.16
$GC,21066,1.37,488.4,3389,3108,892,728,22.7,11.3,655,21074,0.25,2.10,0.00,0.000,5126,0.117,0.025,3320,1699,810,893,728,0,0,0,0,0,0,25.40,25.75,25.57,8.72,61.14
$GC,21256,1.48,520.4,3319,1698,892,728,4.2,8.5,674,21267,0.08,0.00,7.95,0.474,10498,0.094,0.000,3401,1698,760,837,684,0,0,0,0,0,0,26.16,28.83,26.18,8.76,60.19
$STATE,21269,end climb,SURFACE_DEPTH_REACHED
$STATE,21269,begin surface coast
$FINISH,-1.1,1.022649
$STATE,21295,end surface coast,CONTROL_FINISHED_OK
$STATE,21295,begin surface
$SM_CCo,21317,42.30,0.053,0,0,499,565.66
$SM_GC,-0.22,8.27,0.80,42.30,0.027,0.032,0.053,183,2223,499,-8.30,-1.78,565.66,0,0,0,0,0,0,25.99,25.94,25.72
$IRIDIUM_FIX,732.97,-14032.84,130325,220112
$TT8_MAMPS,0.025466,0.379743
$HUMID,56.65
$INTERNAL_PRESSURE,8.71255
$TCM_TEMP,18.20
$XPDR_PINGS,4
$ALTIM_TOP_PING,19.4,19.7
$24V_AH,22.89,73.816
$10V_AH,9.50,50.094
$FG_AHR_24Vo,0.000
$FG_AHR_10Vo,0.000
$DEVICES,Pitch_motor,Roll_motor,VBD_pump_during_apogee,VBD_pump_during_surface,VBD_valve,Iridium_during_init,Iridium_during_connect,Iridium_during_xfer,Transponder_ping,GUMSTIX_24V,GPS,TT8,LPSleep,TT8_Active,TT8_Sampling,TT8_CF8,TT8_Kalman,Analog_circuits,GPS_charging,Compass,RAFOS,Transponder,Compass2
$DEVICE_SECS,22.125,278.800,622.950,42.300,0.000,0.000,0.000,320.100,1.250,0.000,44.767,3198.360,13666.121,804.509,3660.911,510.940,0.000,2963.549,0.000,3129.518,0.000,2.764,0.000
$DEVICE_MAMPS,199.665,62.730,1349.460,52.785,0.000,0.000,0.000,84.915,420.000,0.000,30.710,15.210,2.190,15.210,43.670,53.410,0.000,14.000,0.000,8.240,0.000,30.000,0.000
$SENSORS,SBE_CT,WL_blue_red_Chl,AA4330,nil,nil,nil,nil,nil,nil,nil
$SENSOR_SECS,590.111,0.000,906.462,0.000,0.000,0.000,0.000,0.000,0.000,0.000
$SENSOR_MAMPS,22.470,0.000,11.230,0.000,0.000,0.000,0.000,0.000,0.000,0.000
$MEM,311960
$DATA_FILE_SIZE,52326,678
$CAP_FILE_SIZE,250064,0
$CFSIZE,2097872896,2033352704
$ERRORS,0,0,0,0,0,0,0,0,0,0,0,0,0,1,1,0
$CURRENT,0.152,357.27,1
$GPS,290705,101359,737.394,-14031.747,28,0.9,52,9.3,0.6,8.3,8,5.0
