version: 66.14
glider: 195
mission: 21
dive: 179
start: 5 17 105 16 13 48
data:
$ID,195
$MISSION,21
$DIVE,179
$N_DIVES,0
$STOP_T,0
$D_SURF,3
$D_FLARE,2
$D_TGT,990
$D_ABORT,1090
$D_NO_BLEED,50
$D_BOOST,3
$T_BOOST,0
$D_FINISH,0
$D_PITCH,0
$D_SAFE,0
$D_CALL,0
$SURFACE_URGENCY,0
$SURFACE_URGENCY_TRY,0
$SURFACE_URGENCY_FORCE,0
$T_DIVE,440
$T_MISSION,600
$T_ABORT,1440
$T_TURN,300
$T_TURN_SAMPINT,5
$T_NO_W,120
$T_LOITER,0
$T_SLOITER,60
$T_EPIRB,0
$USE_BATHY,0
$USE_ICE,0
$ICE_FREEZE_MARGIN,0.30000001
$D_OFFGRID,990
$T_WATCHDOG,10
$RELAUNCH,1
$APOGEE_PITCH,-8
$MAX_BUOY,150
$COURSE_BIAS,0
$GLIDE_SLOPE,30
$SPEED_FACTOR,1
$RHO,1.023
$MASS,54002
$MASS_COMP,0
$NAV_MODE,2
$FERRY_MAX,45
$KALMAN_USE,2
$HD_A,0.0038000001
$HD_B,0.0099999998
$HD_C,9.8500004e-06
$HEADING,-1
$ESCAPE_HEADING,0
$ESCAPE_HEADING_DELTA,10
$FIX_MISSING_TIMEOUT,0
$TGT_DEFAULT_LAT,4736
$TGT_DEFAULT_LON,-12225
$TGT_AUTO_DEFAULT,0
$SM_CC,250
$N_FILEKB,4
$FILEMGR,0
$CALL_NDIVES,1
$COMM_SEQ,0
$PROTOCOL,9
$N_NOCOMM,1
$NOCOMM_ACTION,0
$N_NOSURFACE,0
$UPLOAD_DIVES_MAX,-1
$CALL_TRIES,5
$CALL_WAIT,60
$CAPUPLOAD,0
$CAPMAXSIZE,200000
$HEAPDBG,0
$T_GPS,15
$N_GPS,50840
$T_RSLEEP,2
$STROBE,0
$RAFOS_PEAK_OFFSET,1.5
$RAFOS_CORR_THRESH,60
$RAFOS_HIT_WINDOW,3600
$RAFOS_MMODEM,0
$PITCH_MIN,207
$PITCH_MAX,3915
$C_PITCH,2900
$PITCH_DBAND,0.1
$PITCH_CNV,0.003125763
$P_OVSHOOT,0.039999999
$P_OVSHOOT_WITHG,0.079999998
$PITCH_GAIN,24
$PITCH_TIMEOUT,17
$PITCH_AD_RATE,160
$PITCH_MAXERRORS,1
$PITCH_ADJ_GAIN,0.02
$PITCH_ADJ_DBAND,2.5
$ROLL_MIN,224
$ROLL_MAX,3758
$ROLL_DEG,40
$C_ROLL_DIVE,2220
$C_ROLL_CLIMB,1770
$HEAD_ERRBAND,20
$ROLL_CNV,0.028270001
$ROLL_TIMEOUT,15
$R_PORT_OVSHOOT,43
$R_STBD_OVSHOOT,52
$ROLL_AD_RATE,350
$ROLL_MAXERRORS,2
$ROLL_ADJ_GAIN,0
$ROLL_ADJ_DBAND,0
$VBD_MIN,500
$VBD_MAX,3960
$C_VBD,2707
$VBD_DBAND,2
$VBD_CNV,-0.24529999
$VBD_LP_IGNORE,0
$VBD_TIMEOUT,720
$PITCH_VBD_SHIFT,0.001
$VBD_PUMP_AD_RATE_SURFACE,5
$VBD_PUMP_AD_RATE_APOGEE,4
$VBD_BLEED_AD_RATE,8
$UNCOM_BLEED,60
$VBD_MAXERRORS,1
$W_ADJ_DBAND,0
$DBDW,0
$PITCH_W_GAIN,0
$PITCH_W_DBAND,0
$CF8_MAXERRORS,5
$AH0_24V,150
$AH0_10V,97
$MINV_24V,19
$MINV_10V,8
$MAXI_24V,0.80000001
$MAXI_10V,0.60000002
$FG_AHR_10V,0
$FG_AHR_24V,0
$PHONE_SUPPLY,-2
$PRESSURE_YINT,-49.397121
$PRESSURE_SLOPE,0.0001168043
$AD7714Ch0Gain,128
$TCM_PITCH_OFFSET,0
$TCM_ROLL_OFFSET,0
$COMPASS_USE,4
$ALTIM_BOTTOM_PING_RANGE,0
$ALTIM_TOP_PING_RANGE,20
$ALTIM_BOTTOM_TURN_MARGIN,0
$ALTIM_TOP_TURN_MARGIN,0
$ALTIM_TOP_MIN_OBSTACLE,1
$ALTIM_PING_DEPTH,0
$ALTIM_PING_DELTA,0
$ALTIM_FREQUENCY,13
$ALTIM_PULSE,3
$ALTIM_SENSITIVITY,3
$XPDR_VALID,5
$XPDR_INHIBIT,90
$INT_PRESSURE_SLOPE,0.0097660003
$INT_PRESSURE_YINT,-0.77999997
$DEEPGLIDER,0
$MOTHERBOARD,4
$DEVICE1,2
$DEVICE2,115
$DEVICE3,101
$DEVICE4,-1
$DEVICE5,-1
$DEVICE6,-1
$LOGGERS,0
$LOGGERDEVICE1,-1
$LOGGERDEVICE2,-1
$LOGGERDEVICE3,-1
$LOGGERDEVICE4,-1
$COMPASS_DEVICE,33
$COMPASS2_DEVICE,-1
$PHONE_DEVICE,49
$GPS_DEVICE,32
$RAFOS_DEVICE,-1
$XPDR_DEVICE,24
$SIM_W,0
$SIM_PITCH,0
$SEABIRD_T_G,0.0044178674
$SEABIRD_T_H,0.00064818078
$SEABIRD_T_I,2.6779007e-05
$SEABIRD_T_J,3.3667231e-06
$SEABIRD_C_G,-10.098215
$SEABIRD_C_H,1.1454017
$SEABIRD_C_I,-0.0021276253
$SEABIRD_C_J,0.00025532115
$SEABIRD_C_Z,2974.52
$GPS1,170505,160517,350.7593,-13953.6816,47,0.8,56,9.3,1.2,322.6,10,4.9
$_CALLS,1
$_XMS_NAKs,0
$_XMS_TOUTs,0
$_SM_DEPTHo,0.23
$_SM_ANGLEo,-59.1
$GPS2,170505,161309,350.9280,-13953.8027,7,0.8,25,9.3,0.6,347.1,10,4.7
$SPEED_LIMITS,0.130,0.237
$TGT_NAME,ZZ5
$TGT_LATLONG,412.070,-14016.720
$TGT_RADIUS,200.000
$KALMAN_CONTROL,0.000000,0.000000
$KALMAN_X,0.000000,0.000000,0.000000,0.000000,0.000000
$KALMAN_Y,0.000000,0.000000,0.000000,0.000000,0.000000
$MHEAD_RNG_PITCHd_Wd,260.8,57660,-14.0,-7.500,-17.57,2969
$D_GRID,990
$GCHEAD,st_secs,pitch_ctl,vbd_ctl,pitch_ad_start,roll_ad_start,vbd_pot1_ad_start,vbd_pot2_ad_start,depth,ob_vertv,data_pts,end_secs,pitch_secs,roll_secs,vbd_secs,vbd_i,gcphase,pitch_i,roll_i,pitch_ad,roll_ad,vbd_ad,vbd_pot1_ad,vbd_pot2_ad,pitch_retries,pitch_errors,roll_retries,roll_errors,vbd_retries,vbd_errors,pitch_volts,roll_volts,vbd_volts,int_press,humidity
$STATE,6,end surface,CONTROL_FINISHED_OK
$STATE,6,begin dive
$GC,75,-0.73,-146.6,167,2215,1191,933,0.2,-0.2,6,154,0.00,0.00,-77.25,0.000,16386,0.000,0.000,166,2215,3090,3107,3074,0,0,0,0,0,0,26.44,28.83,26.44,8.86,48.77
$GC,159,-0.73,-146.6,166,2215,3111,3075,2.7,-4.8,14,180,9.52,2.15,-4.43,0.000,18948,0.213,0.042,2656,809,3308,3325,3291,0,0,0,0,0,0,25.53,24.34,25.71,9.06,48.03
$GC,311,-0.59,-146.6,2655,809,3332,3291,30.6,-14.8,28,321,0.17,2.05,0.00,0.000,3078,0.129,0.025,2706,2214,3311,3332,3291,0,0,0,0,0,0,25.84,26.16,25.99,9.09,48.22
$GC,623,-0.59,-146.6,2705,2214,3334,3291,66.0,-12.3,59,627,0.00,2.15,0.00,0.000,260,0.000,0.040,2697,3624,3312,3334,3291,0,0,0,0,0,0,26.63,26.13,26.64,9.10,48.03
$GC,690,-0.59,-146.6,2696,3624,3334,3291,74.1,-11.9,65,698,0.00,2.03,0.00,0.000,1030,0.000,0.018,2697,2184,3312,3334,3291,0,0,0,0,0,0,26.39,26.34,26.41,9.10,48.42
$GC,1001,-0.59,-146.6,2696,2184,3336,3291,107.1,-9.2,96,1011,0.00,2.20,0.00,0.000,260,0.000,0.039,2686,3625,3313,3336,3291,0,0,0,0,0,0,26.68,26.17,26.70,9.11,47.63
$GC,1161,-0.59,-146.6,2686,3625,3336,3291,122.3,-9.0,111,1169,0.00,1.98,0.00,0.000,1030,0.000,0.018,2686,2216,3313,3336,3291,0,0,0,0,0,0,26.44,26.39,26.46,9.11,47.75
$GC,1469,-0.59,-146.6,2685,2216,3338,3291,146.1,-5.8,142,1473,0.00,2.03,0.00,0.000,516,0.000,0.030,2686,835,3315,3338,3292,0,0,0,0,0,0,26.71,26.26,26.72,9.10,47.63
$GC,1786,-0.59,-146.6,2685,835,3339,3291,165.3,-4.7,172,1795,0.00,2.05,0.00,0.000,1030,0.000,0.024,2678,2230,3315,3340,3291,0,0,0,0,0,0,26.36,26.33,26.39,9.08,47.32
$GC,2094,-0.59,-146.6,2678,2230,3340,3291,183.1,-5.7,203,2099,0.10,2.03,0.00,0.000,2564,0.139,0.029,2712,846,3315,3340,3291,0,0,0,0,0,0,26.29,26.27,26.34,9.05,47.08
$GC,2411,-0.59,-146.6,2711,845,3339,3291,196.7,-4.2,233,2420,0.00,2.00,0.00,0.000,1030,0.000,0.024,2706,2229,3315,3340,3291,0,0,0,0,0,0,26.40,26.32,26.42,9.03,47.71
$GC,2741,-0.59,-146.6,2706,2229,3340,3291,212.5,-5.4,248,2745,0.00,2.05,0.00,0.000,516,0.000,0.030,2706,841,3315,3340,3291,0,0,0,0,0,0,26.72,26.27,26.73,9.00,48.46
$GC,2848,-0.59,-146.6,2706,840,3340,3291,217.5,-5.6,250,2853,0.00,2.00,0.00,0.000,1030,0.000,0.025,2698,2223,3315,3339,3291,0,0,0,0,0,0,26.40,26.33,26.42,9.00,48.54
$GC,3188,-0.59,-146.6,2698,2223,3340,3291,239.9,-5.9,259,3192,0.00,2.05,0.00,0.000,516,0.000,0.030,2699,836,3315,3340,3291,0,0,0,0,0,0,26.72,26.26,26.72,8.98,49.01
$GC,3341,-0.59,-146.6,2698,836,3340,3291,246.3,-5.2,262,3346,0.00,2.03,0.00,0.000,1030,0.000,0.026,2692,2229,3316,3340,3292,0,0,0,0,0,0,26.39,26.31,26.41,8.96,49.64
$GC,3675,-0.59,-146.6,2691,2229,3340,3289,266.1,-5.7,271,3679,0.00,2.10,0.00,0.000,516,0.000,0.031,2692,841,3314,3340,3289,0,0,0,0,0,0,26.72,26.26,26.73,8.95,49.84
$GC,3768,-0.59,-146.6,2691,841,3340,3289,271.3,-6.0,273,3772,0.00,2.00,0.00,0.000,1030,0.000,0.025,2684,2219,3314,3340,3289,0,0,0,0,0,0,26.38,26.32,26.41,8.94,50.31
$GC,4082,-0.59,-146.6,2683,2219,3340,3285,288.1,-5.1,281,4086,0.00,2.03,0.00,0.000,516,0.000,0.030,2684,848,3312,3340,3285,0,0,0,0,0,0,26.72,26.25,26.73,8.93,50.78
$GC,4199,-0.59,-146.6,2683,849,3340,3285,292.8,-5.3,283,4206,0.00,2.00,0.00,0.000,1030,0.000,0.026,2678,2226,3312,3339,3285,0,0,0,0,0,0,26.38,26.30,26.40,8.93,50.27
$GC,4526,-0.59,-146.6,2678,2226,3339,3283,311.7,-5.2,292,4528,0.10,0.00,0.00,0.000,2054,0.140,0.000,2712,2226,3311,3339,3283,0,0,0,0,0,0,26.29,26.38,26.34,8.92,51.33
$GC,4846,-0.67,-146.6,2711,2226,3339,3281,327.5,-5.0,300,4850,0.00,2.05,0.00,0.000,516,0.000,0.031,2712,848,3310,3339,3281,0,0,0,0,0,0,26.72,26.23,26.73,8.91,51.69
$GC,4960,-0.74,-146.6,2711,848,3338,3280,332.1,-5.3,302,4966,0.08,2.00,0.00,0.000,5126,0.091,0.026,2621,2217,3309,3338,3280,0,0,0,0,0,0,26.27,26.29,26.34,8.90,51.57
$GC,5295,-0.74,-146.6,2621,2217,3336,3278,361.4,-8.5,311,5297,0.12,0.00,0.00,0.000,2054,0.133,0.000,2663,2217,3307,3337,3278,0,0,0,0,0,0,26.20,26.32,26.28,8.90,52.00
$GC,5615,-0.74,-146.6,2662,2217,3336,3275,384.1,-6.9,319,5617,0.00,0.00,0.00,0.000,6,0.000,0.000,2663,2217,3305,3336,3275,0,0,0,0,0,0,26.72,26.73,26.73,8.89,52.55
$GC,5935,-0.74,-146.6,2662,2217,3335,3274,404.8,-6.4,327,5940,0.00,2.08,0.00,0.000,516,0.000,0.031,2663,853,3304,3335,3274,0,0,0,0,0,0,26.72,26.22,26.73,8.88,52.91
$GC,6002,-0.74,-146.6,2662,853,3334,3274,407.6,-6.3,328,6006,0.00,2.00,0.00,0.000,1030,0.000,0.027,2657,2221,3304,3334,3274,0,0,0,0,0,0,26.36,26.28,26.39,8.88,52.32
$GC,6341,-0.74,-146.6,2656,2221,3333,3273,428.9,-5.9,337,6342,0.00,0.00,0.00,0.000,6,0.000,0.000,2656,2221,3303,3333,3273,0,0,0,0,0,0,26.72,26.73,26.73,8.87,52.71
$GC,6661,-0.74,-146.6,2656,2220,3332,3272,448.9,-6.3,345,6665,0.00,2.05,0.00,0.000,516,0.000,0.032,2657,849,3302,3332,3272,0,0,0,0,0,0,26.72,26.20,26.73,8.87,52.95
$GC,6712,-0.74,-146.6,2656,848,3331,3272,452.0,-6.5,346,6717,0.00,2.03,0.00,0.000,1030,0.000,0.027,2648,2226,3301,3331,3272,0,0,0,0,0,0,26.34,26.27,26.37,8.86,53.22
$GC,7028,-0.74,-146.6,2648,2227,3330,3270,474.1,-6.9,354,7030,0.00,0.00,0.00,0.000,6,0.000,0.000,2649,2226,3300,3330,3270,0,0,0,0,0,0,26.72,26.73,26.73,8.86,52.91
$GC,7348,-0.74,-146.6,2648,2227,3328,3269,493.3,-5.7,362,7350,0.00,0.00,0.00,0.000,6,0.000,0.000,2648,2227,3299,3329,3269,0,0,0,0,0,0,26.72,26.74,26.73,8.84,53.42
$GC,7669,-0.74,-146.6,2648,2227,3329,3267,510.0,-5.2,370,7673,0.00,2.08,0.00,0.000,516,0.000,0.032,2649,840,3298,3329,3267,0,0,0,0,0,0,26.72,26.19,26.73,8.84,53.34
$GC,7867,-0.74,-146.6,2648,840,3327,3267,519.5,-5.7,374,7875,0.00,2.03,0.00,0.000,1030,0.000,0.028,2640,2222,3297,3327,3267,0,0,0,0,0,0,26.34,26.25,26.36,8.84,53.46
$GC,8195,-0.74,-146.6,2639,2223,3326,3265,541.9,-6.6,383,8198,0.00,2.17,0.00,0.000,260,0.000,0.043,2630,3627,3295,3326,3265,0,0,0,0,0,0,26.72,26.09,26.73,8.83,53.74
$GC,8268,-0.74,-146.6,2629,3627,3325,3265,544.9,-6.7,384,8272,0.00,2.03,0.00,0.000,1030,0.000,0.022,2630,2215,3295,3325,3265,0,0,0,0,0,0,26.40,26.35,26.42,8.82,54.13
$GC,8602,-0.74,-146.6,2629,2215,3325,3264,569.8,-6.8,393,8606,0.00,2.20,0.00,0.000,260,0.000,0.042,2619,3628,3294,3325,3264,0,0,0,0,0,0,26.72,26.08,26.73,8.83,54.21
$GC,8704,-0.74,-146.6,2619,3628,3324,3263,576.0,-7.1,395,8711,0.12,2.03,0.00,0.000,3078,0.129,0.022,2661,2210,3294,3324,3264,0,0,0,0,0,0,26.00,26.34,26.11,8.82,53.74
$GC,9047,-0.74,-146.6,2661,2210,3324,3262,596.3,-5.5,404,9051,0.00,2.08,0.00,0.000,516,0.000,0.034,2661,848,3293,3324,3262,0,0,0,0,0,0,26.72,26.15,26.73,8.80,55.04
$GC,9204,-0.74,-146.6,2661,848,3324,3262,603.4,-5.6,407,9212,0.00,2.03,0.00,0.000,1030,0.000,0.028,2655,2223,3293,3323,3263,0,0,0,0,0,0,26.32,26.23,26.34,8.80,53.97
$GC,9532,-0.74,-146.6,2654,2223,3323,3261,622.7,-5.4,416,9534,0.00,0.00,0.00,0.000,6,0.000,0.000,2655,2223,3292,3323,3261,0,0,0,0,0,0,26.72,26.73,26.73,8.79,54.29
$GC,9852,-0.74,-146.6,2654,2223,3323,3260,639.5,-5.2,424,9856,0.00,2.08,0.00,0.000,516,0.000,0.033,2655,844,3291,3323,3260,0,0,0,0,0,0,26.72,26.15,26.73,8.79,54.80
$GC,9949,-0.74,-146.6,2653,844,3323,3260,644.1,-5.2,426,9954,0.00,2.05,0.00,0.000,1030,0.000,0.028,2646,2225,3291,3323,3260,0,0,0,0,0,0,26.30,26.22,26.33,8.78,54.37
$GC,10259,-0.74,-146.6,2646,2225,3322,3259,661.5,-5.4,434,10263,0.00,2.17,0.00,0.000,260,0.000,0.044,2636,3622,3290,3322,3259,0,0,0,0,0,0,26.72,26.04,26.73,8.78,54.88
$GC,10356,-0.74,-146.6,2636,3622,3321,3259,666.4,-5.7,436,10360,0.00,2.03,0.00,0.000,1030,0.000,0.023,2636,2220,3290,3321,3259,0,0,0,0,0,0,26.38,26.32,26.41,8.78,55.19
$GC,10666,-0.74,-146.6,2636,2221,3320,3258,685.0,-5.8,444,10670,0.00,2.08,0.00,0.000,516,0.000,0.034,2636,844,3289,3320,3258,0,0,0,0,0,0,26.72,26.13,26.72,8.77,55.00
$GC,10733,-0.74,-146.6,2636,844,3320,3258,687.6,-5.7,445,10738,0.10,2.05,0.00,0.000,3078,0.141,0.029,2662,2225,3289,3320,3258,0,0,0,0,0,0,25.96,26.20,26.07,8.77,54.68
$GC,11074,-0.74,-146.6,2660,2225,3319,3257,706.3,-5.2,454,11076,0.00,0.00,0.00,0.000,6,0.000,0.000,2661,2225,3288,3319,3257,0,0,0,0,0,0,26.72,26.73,26.72,8.76,55.19
$GC,11394,-0.74,-146.6,2661,2225,3318,3256,723.5,-5.5,462,11398,0.00,2.10,0.00,0.000,516,0.000,0.034,2662,837,3287,3318,3256,0,0,0,0,0,0,26.72,26.10,26.73,8.76,55.59
$GC,11520,-0.74,-146.6,2661,837,3318,3256,730.7,-5.7,465,11524,0.00,2.10,0.00,0.000,1030,0.000,0.030,2655,2223,3287,3318,3256,0,0,0,0,0,0,26.22,26.19,26.25,8.76,55.71
$GC,11844,-0.74,-146.6,2654,2223,3317,3254,749.4,-5.8,473,11848,0.00,2.17,0.00,0.000,260,0.000,0.044,2644,3621,3285,3317,3254,0,0,0,0,0,0,26.72,26.01,26.72,8.75,55.71
$GC,11935,-0.74,-146.6,2644,3621,3316,3254,754.7,-6.0,475,11940,0.00,2.03,0.00,0.000,1030,0.000,0.023,2644,2220,3285,3317,3254,0,0,0,0,0,0,26.36,26.30,26.39,8.75,55.98
$GC,12251,-0.74,-146.6,2644,2220,3316,3254,774.0,-6.0,483,12253,0.00,0.00,0.00,0.000,6,0.000,0.000,2644,2220,3285,3317,3253,0,0,0,0,0,0,26.72,26.73,26.72,8.74,55.94
$GC,12571,-0.74,-146.6,2644,2220,3316,3253,792.5,-5.6,491,12575,0.00,2.08,0.00,0.000,516,0.000,0.035,2644,846,3284,3316,3252,0,0,0,0,0,0,26.72,26.08,26.72,8.75,55.98
$GC,12634,-0.74,-146.6,2644,845,3316,3253,795.2,-5.6,492,12638,0.00,2.05,0.00,0.000,1030,0.000,0.030,2637,2225,3284,3316,3253,0,0,0,0,0,0,26.25,26.16,26.29,8.74,56.14
$GC,12980,-0.74,-146.6,2636,2226,3315,3252,817.0,-6.1,501,12981,0.00,0.00,0.00,0.000,6,0.000,0.000,2637,2226,3283,3315,3252,0,0,0,0,0,0,26.72,26.73,26.72,8.74,56.18
$GC,13299,-0.74,-146.6,2636,2226,3314,3252,837.3,-6.4,509,13303,0.00,2.20,0.00,0.000,260,0.000,0.045,2626,3626,3282,3313,3251,0,0,0,0,0,0,26.72,25.96,26.72,8.73,57.20
$GC,13362,-0.74,-146.6,2626,3625,3313,3252,840.4,-6.5,510,13368,0.10,2.05,0.00,0.000,3078,0.138,0.024,2660,2212,3282,3313,3252,0,0,0,0,0,0,25.98,26.27,26.07,8.73,56.53
$GC,13704,-0.74,-146.6,2659,2212,3312,3251,862.4,-6.0,519,13708,0.00,2.08,0.00,0.000,516,0.000,0.035,2660,846,3282,3313,3252,0,0,0,0,0,0,26.71,26.06,26.72,8.72,56.69
$GC,13811,-0.74,-146.6,2660,846,3313,3251,867.6,-6.2,521,13815,0.00,2.05,0.00,0.000,1030,0.000,0.030,2654,2220,3282,3313,3251,0,0,0,0,0,0,26.23,26.13,26.27,8.72,56.37
$GC,14150,-0.74,-146.6,2654,2219,3312,3249,888.9,-5.7,530,14152,0.00,0.00,0.00,0.000,6,0.000,0.000,2654,2220,3280,3312,3249,0,0,0,0,0,0,26.71,26.72,26.72,8.72,56.73
$GC,14470,-0.74,-146.6,2653,2220,3312,3249,904.8,-4.7,538,14472,0.00,0.00,0.00,0.000,6,0.000,0.000,2654,2220,3280,3312,3249,0,0,0,0,0,0,26.72,26.73,26.72,8.72,56.89
$GC,14790,-0.74,-146.6,2653,2220,3312,3248,919.0,-4.3,546,14794,0.00,2.10,0.00,0.000,516,0.000,0.036,2653,844,3280,3312,3248,0,0,0,0,0,0,26.72,26.03,26.72,8.71,56.93
$GC,14897,-0.74,-146.6,2653,844,3312,3248,922.9,-4.4,548,14902,0.00,2.05,0.00,0.000,1030,0.000,0.031,2647,2217,3280,3312,3248,0,0,0,0,0,0,26.21,26.12,26.24,8.72,56.93
$GC,15237,-0.74,-146.6,2647,2217,3311,3248,938.5,-4.4,557,15238,0.00,0.00,0.00,0.000,6,0.000,0.000,2646,2217,3279,3311,3248,0,0,0,0,0,0,26.71,26.72,26.72,8.71,57.08
$GC,15557,-0.74,-146.6,2646,2217,3309,3247,952.6,-4.4,565,15559,0.00,0.00,0.00,0.000,6,0.000,0.000,2646,2217,3278,3310,3247,0,0,0,0,0,0,26.72,26.72,26.72,8.71,57.12
$GC,15877,-0.74,-146.6,2646,2217,3310,3247,967.3,-4.6,573,15881,0.00,2.10,0.00,0.000,516,0.000,0.036,2646,847,3278,3310,3247,0,0,0,0,0,0,26.71,26.00,26.72,8.70,56.97
$GC,15962,-0.74,-146.6,2646,847,3310,3247,971.5,-4.8,575,15967,0.00,2.08,0.00,0.000,1030,0.000,0.031,2639,2224,3278,3310,3247,0,0,0,0,0,0,26.19,26.08,26.22,8.70,56.93
$GC,16286,-0.74,-146.6,2638,2224,3309,3245,987.2,-4.9,583,16291,0.00,2.22,0.00,0.000,260,0.000,0.047,2630,3631,3277,3309,3246,0,0,0,0,0,0,26.71,25.87,26.72,8.70,57.20
$GC,16345,-0.74,-146.6,2629,3630,3308,3246,989.6,-5.0,584,16352,0.10,2.08,0.00,0.000,3078,0.137,0.024,2663,2215,3277,3309,3246,0,0,0,0,0,0,25.93,26.22,26.02,8.70,57.71
$STATE,16369,end dive,TARGET_DEPTH_EXCEEDED
$STATE,16369,begin apogee
$GC,16377,-0.33,0.0,2663,1772,3309,3246,991.7,-5.1,585,16510,0.38,0.00,129.93,1.402,10246,0.095,0.000,2796,1771,2705,2801,2609,0,0,0,0,0,0,25.77,24.64,23.73,8.69,57.08
$STATE,16511,end apogee,CONTROL_FINISHED_OK
$STATE,16511,begin climb
$GC,16514,0.73,146.6,2796,1771,2792,2609,992.9,0.0,588,16659,0.98,0.00,140.88,1.343,10246,0.067,0.000,3137,1771,2108,2204,2012,0,0,0,0,0,0,24.87,24.05,23.23,8.64,56.14
$GC,16972,0.63,146.6,3137,1771,2197,2007,941.0,12.6,600,16974,0.12,0.00,0.00,0.000,4102,0.143,0.000,3099,1771,2102,2197,2007,0,0,0,0,0,0,25.78,25.94,25.89,8.59,56.57
$GC,17292,0.63,146.6,3099,1771,2194,2006,907.6,10.2,608,17293,0.00,0.00,0.00,0.000,6,0.000,0.000,3099,1770,2100,2195,2005,0,0,0,0,0,0,26.51,26.53,26.53,8.59,56.93
$GC,17612,0.63,146.6,3099,1771,2193,2005,875.5,9.9,616,17613,0.00,0.00,0.00,0.000,6,0.000,0.000,3099,1771,2099,2193,2005,0,0,0,0,0,0,26.62,26.63,26.63,8.58,57.40
$GC,17932,0.63,146.6,3099,1770,2192,2005,844.2,9.6,624,17933,0.00,0.00,0.00,0.000,6,0.000,0.000,3099,1771,2098,2192,2004,0,0,0,0,0,0,26.67,26.68,26.67,8.58,58.34
$GC,18253,0.63,146.6,3099,1771,2192,2004,814.3,9.3,632,18257,0.00,2.20,0.00,0.000,260,0.000,0.041,3099,3181,2098,2192,2004,0,0,0,0,0,0,26.69,26.17,26.70,8.57,58.50
$GC,18296,0.63,146.6,3099,3181,2192,2004,810.0,9.4,633,18300,0.00,2.10,0.00,0.000,1030,0.000,0.029,3099,1777,2097,2191,2004,0,0,0,0,0,0,26.33,26.24,26.37,8.57,58.07
$GC,18620,0.63,146.6,3099,1777,2191,2004,780.2,9.1,641,18621,0.00,0.00,0.00,0.000,6,0.000,0.000,3099,1777,2097,2191,2004,0,0,0,0,0,0,26.70,26.71,26.71,8.57,57.60
$GC,18940,0.63,146.6,3098,1777,2191,2004,750.6,9.2,649,18944,0.00,2.22,0.00,0.000,516,0.000,0.047,3099,374,2097,2191,2004,0,0,0,0,0,0,26.71,26.08,26.72,8.57,58.26
$GC,18976,0.63,146.6,3099,373,2191,2004,750.6,9.2,649,18983,0.00,2.10,0.00,0.000,1030,0.000,0.028,3099,1786,2097,2191,2004,0,0,0,0,0,0,26.34,26.27,26.39,8.57,58.46
$GC,19303,0.63,146.6,3099,1786,2190,2003,716.7,9.4,658,19307,0.00,2.15,0.00,0.000,260,0.000,0.041,3099,3170,2096,2190,2003,0,0,0,0,0,0,26.70,26.14,26.72,8.57,58.23
$GC,19374,0.63,146.6,3099,3170,2190,2003,712.2,9.6,659,19379,0.00,2.10,0.00,0.000,1030,0.000,0.029,3099,1769,2097,2191,2003,0,0,0,0,0,0,26.31,26.22,26.35,8.57,57.91
$GC,19708,0.63,146.6,3098,1769,2190,2003,677.4,9.5,668,19712,0.00,2.22,0.00,0.000,516,0.000,0.047,3099,368,2096,2190,2003,0,0,0,0,0,0,26.71,26.03,26.72,8.57,58.74
$GC,19776,0.63,146.6,3099,368,2190,2003,673.3,9.4,669,19780,0.00,2.10,0.00,0.000,1030,0.000,0.028,3099,1775,2097,2191,2003,0,0,0,0,0,0,26.33,26.25,26.36,8.57,57.99
$GC,20114,0.63,146.6,3099,1776,2190,2003,643.0,7.9,678,20118,0.00,2.15,0.00,0.000,260,0.000,0.041,3099,3159,2096,2190,2003,0,0,0,0,0,0,26.71,26.11,26.72,8.57,58.54
$GC,20205,0.63,146.6,3099,3158,2190,2003,636.5,7.7,680,20210,0.00,2.08,0.00,0.000,1030,0.000,0.029,3099,1766,2096,2190,2003,0,0,0,0,0,0,26.29,26.20,26.33,8.56,58.11
$GC,20520,0.64,153.0,3099,1766,2190,2003,613.0,7.3,688,20527,0.00,0.00,5.18,0.868,8198,0.000,0.000,3099,1766,2082,2176,1989,0,0,0,0,0,0,26.71,25.92,24.77,8.56,57.67
$GC,20840,0.64,153.0,3098,1766,2174,1988,587.5,8.1,696,20844,0.00,2.20,0.00,0.000,516,0.000,0.047,3099,379,2081,2174,1988,0,0,0,0,0,0,26.66,26.05,26.67,8.57,58.46
$GC,20876,0.64,153.0,3098,378,2174,1988,587.5,8.1,696,20884,0.00,2.08,0.00,0.000,1030,0.000,0.028,3099,1778,2081,2174,1988,0,0,0,0,0,0,26.32,26.25,26.34,8.58,57.79
$GC,21204,0.64,153.2,3099,1778,2175,1988,559.8,7.5,705,21205,0.00,0.00,0.00,0.000,6,0.000,0.000,3099,1778,2081,2174,1988,0,0,0,0,0,0,26.69,26.70,26.70,8.57,57.87
$GC,21524,0.65,161.9,3099,1778,2174,1988,536.8,7.2,713,21540,0.00,2.15,10.40,1.010,8452,0.000,0.041,3099,3167,2044,2139,1950,0,0,0,0,0,0,26.70,25.98,24.94,8.58,57.95
$GC,21605,0.65,161.9,3099,3166,2138,1950,530.3,7.6,715,21609,0.00,2.10,0.00,0.000,1030,0.000,0.029,3099,1772,2044,2139,1950,0,0,0,0,0,0,26.17,26.09,26.20,8.57,57.87
$GC,21928,0.65,161.9,3098,1771,2138,1950,505.7,7.7,723,21929,0.00,0.00,0.00,0.000,6,0.000,0.000,3099,1771,2044,2139,1950,0,0,0,0,0,0,26.61,26.63,26.62,8.58,58.26
$GC,22248,0.65,161.9,3099,1771,2138,1950,480.3,8.0,731,22253,0.00,2.22,0.00,0.000,516,0.000,0.047,3099,370,2044,2138,1950,0,0,0,0,0,0,26.66,26.01,26.67,8.58,57.60
$GC,22292,0.65,161.9,3099,370,2139,1950,476.9,8.0,732,22297,0.00,2.10,0.00,0.000,1030,0.000,0.028,3099,1779,2044,2139,1950,0,0,0,0,0,0,26.31,26.22,26.33,8.59,58.15
$GC,22616,0.65,162.0,3098,1779,2139,1950,452.1,7.5,740,22620,0.00,2.12,0.00,0.000,260,0.000,0.040,3099,3160,2044,2138,1950,0,0,0,0,0,0,26.69,26.12,26.70,8.59,57.99
$GC,22688,0.65,162.0,3099,3160,2139,1950,448.7,7.6,741,22692,0.00,2.08,0.00,0.000,1030,0.000,0.028,3099,1770,2044,2139,1950,0,0,0,0,0,0,26.29,26.20,26.32,8.59,57.56
$GC,23021,0.65,164.0,3098,1770,2138,1950,421.2,7.4,750,23025,0.00,2.25,0.00,0.000,516,0.000,0.047,3099,348,2044,2139,1950,0,0,0,0,0,0,26.70,26.01,26.71,8.60,57.52
$GC,23082,0.65,164.0,3099,348,2138,1950,417.9,7.5,751,23087,0.00,2.12,0.00,0.000,1030,0.000,0.027,3099,1774,2044,2139,1950,0,0,0,0,0,0,26.33,26.25,26.34,8.60,57.52
$GC,23426,0.65,164.0,3099,1774,2139,1951,391.7,7.5,760,23430,0.00,2.15,0.00,0.000,260,0.000,0.039,3099,3167,2044,2139,1950,0,0,0,0,0,0,26.70,26.10,26.72,8.60,57.71
$GC,23527,0.65,164.0,3098,3167,2139,1950,384.8,7.9,762,23532,0.00,2.10,0.00,0.000,1030,0.000,0.028,3099,1765,2044,2138,1950,0,0,0,0,0,0,26.29,26.20,26.32,8.60,57.40
$GC,23871,0.65,164.0,3099,1765,2138,1950,354.5,8.7,771,23875,0.00,2.22,0.00,0.000,516,0.000,0.046,3099,378,2044,2139,1950,0,0,0,0,0,0,26.70,26.00,26.72,8.61,56.93
$GC,23907,0.65,164.0,3098,378,2139,1950,354.5,8.7,771,23915,0.00,2.10,0.00,0.000,1030,0.000,0.026,3100,1773,2044,2138,1950,0,0,0,0,0,0,26.27,26.25,26.30,8.61,57.28
$GC,24234,0.65,164.0,3098,1772,2138,1950,324.7,7.8,780,24238,0.00,2.12,0.00,0.000,260,0.000,0.039,3099,3157,2044,2139,1950,0,0,0,0,0,0,26.70,26.09,26.72,8.61,56.73
$GC,24335,0.65,164.0,3099,3157,2139,1950,318.0,7.8,782,24340,0.00,2.08,0.00,0.000,1030,0.000,0.028,3099,1759,2044,2138,1950,0,0,0,0,0,0,26.28,26.20,26.31,8.61,57.00
$GC,24679,0.67,182.1,3099,1759,2138,1950,293.4,6.9,791,24706,0.00,2.22,20.17,0.898,8708,0.000,0.045,3099,376,1961,2064,1859,0,0,0,0,0,0,26.71,25.84,24.95,8.62,56.34
$GC,24748,0.68,194.7,3099,376,2064,1859,290.4,7.1,792,24767,0.00,2.10,13.10,0.854,9222,0.000,0.025,3099,1780,1911,2023,1799,0,0,0,0,0,0,26.08,26.01,24.80,8.61,55.82
$GC,25082,0.68,194.7,3099,1780,2021,1798,262.1,7.8,801,25086,0.00,2.12,0.00,0.000,260,0.000,0.038,3099,3158,1909,2021,1798,0,0,0,0,0,0,26.47,25.99,26.48,8.61,55.86
$GC,25119,0.68,194.7,3099,3157,2021,1798,262.1,7.8,801,25126,0.00,2.08,0.00,0.000,1030,0.000,0.027,3099,1764,1909,2021,1798,0,0,0,0,0,0,26.16,26.08,26.18,8.61,55.98
$GC,25446,0.68,196.7,3098,1765,2021,1798,234.5,7.4,810,25452,0.00,2.20,0.00,0.000,516,0.000,0.045,3099,367,1909,2021,1798,0,0,0,0,0,0,26.60,26.01,26.61,8.62,56.14
$GC,25544,0.69,198.9,3099,367,2021,1798,228.5,7.4,812,25554,0.00,2.10,5.00,0.652,9222,0.000,0.025,3099,1783,1895,2006,1784,0,0,0,0,0,0,26.29,26.21,25.01,8.63,56.30
$GC,25884,0.72,229.5,3098,1782,2005,1782,204.8,6.4,821,25915,0.00,0.00,28.60,0.848,8198,0.000,0.000,3099,1783,1769,1904,1634,0,0,0,0,0,0,26.63,25.63,24.91,8.63,55.55
$GC,26188,0.78,229.5,3098,1782,1902,1633,182.2,7.8,845,26195,0.10,0.00,0.00,0.000,2054,0.082,0.000,3182,1783,1768,1903,1633,0,0,0,0,0,0,26.21,26.25,26.23,8.63,55.78
$GC,26495,0.78,229.5,3181,1783,1902,1633,152.5,9.9,876,26496,0.00,0.00,0.00,0.000,6,0.000,0.000,3182,1783,1767,1902,1633,0,0,0,0,0,0,26.58,26.59,26.58,8.66,56.22
$GC,26797,0.80,245.1,3181,1782,1903,1631,129.9,7.0,906,26817,0.00,2.28,14.20,0.744,8708,0.000,0.043,3182,369,1704,1847,1561,0,0,0,0,0,0,26.64,25.95,25.16,8.72,56.73
$GC,27027,0.91,358.9,3182,369,1846,1561,113.3,3.6,928,27124,0.00,2.10,89.88,0.762,9222,0.000,0.024,3182,1773,1240,1410,1070,0,0,0,0,0,0,26.21,26.20,24.53,8.75,55.51
$GC,27425,0.97,358.9,3182,1773,1398,1069,80.8,8.3,968,27430,0.00,2.12,0.00,0.000,260,0.000,0.036,3182,3156,1233,1398,1069,0,0,0,0,0,0,26.39,25.98,26.39,8.77,54.09
$GC,27459,1.03,358.9,3182,3156,1396,1070,77.8,8.8,971,27469,0.08,2.05,0.00,0.000,3078,0.096,0.024,3263,1760,1232,1396,1069,0,0,0,0,0,0,26.02,26.06,26.11,8.77,53.97
$GC,27769,0.97,358.9,3263,1760,1396,1069,38.7,12.2,1002,27777,0.15,0.00,0.00,0.000,4102,0.129,0.000,3214,1760,1232,1396,1069,0,0,0,0,0,0,26.03,26.20,26.15,8.82,53.42
$GC,28080,0.97,358.9,3213,1761,1395,1069,10.8,8.8,1033,28084,0.00,2.12,0.00,0.000,516,0.000,0.041,3217,383,1232,1395,1069,0,0,0,0,0,0,26.64,26.15,26.65,8.85,53.22
$STATE,28174,end climb,SURFACE_DEPTH_REACHED
$STATE,28174,begin surface coast
$FINISH,-0.2,1.023161
$STATE,28207,end surface coast,CONTROL_FINISHED_OK
$STATE,28207,begin surface
$SM_CCo,28289,0.00,0.000,0,0,1231,361.82
$SM_GC,0.45,7.62,2.78,0.00,0.025,0.023,0.000,181,2210,1231,-8.33,-1.84,361.82,0,0,0,0,0,0,26.34,26.29,26.39
$IRIDIUM_FIX,346.00,-13952.29,311224,081831
$TT8_MAMPS,0.026215,0.396221
$HUMID,51.18
$INTERNAL_PRESSURE,8.84928
$TCM_TEMP,18.60
$XPDR_PINGS,0
$ALTIM_TOP_PING,19.4,19.5
$24V_AH,23.23,28.230
$10V_AH,10.08,24.162
$FG_AHR_24Vo,0.000
$FG_AHR_10Vo,0.000
$DEVICES,Pitch_motor,Roll_motor,VBD_pump_during_apogee,VBD_pump_during_surface,VBD_valve,Iridium_during_init,Iridium_during_connect,Iridium_during_xfer,Transponder_ping,GUMSTIX_24V,GPS,TT8,LPSleep,TT8_Active,TT8_Sampling,TT8_CF8,TT8_Kalman,Analog_circuits,GPS_charging,Compass,RAFOS,Transponder,Compass2
$DEVICE_SECS,19.950,194.225,457.325,0.000,0.000,0.000,0.000,326.550,0.250,0.000,26.201,3763.447,20490.469,658.519,3389.104,453.555,0.000,2531.647,0.000,2857.706,0.000,2.766,0.000
$DEVICE_MAMPS,212.670,47.430,1402.245,0.000,0.000,0.000,0.000,90.270,420.000,0.000,30.710,15.210,2.190,15.210,43.670,53.410,0.000,14.000,0.000,8.240,0.000,30.000,0.000
$SENSORS,SBE_CT,WL_blue_red_Chl,AA4330,nil,nil,nil,nil,nil,nil,nil
$SENSOR_SECS,906.852,293.722,1420.329,0.000,0.000,0.000,0.000,0.000,0.000,0.000
$SENSOR_MAMPS,22.470,105.000,11.230,0.000,0.000,0.000,0.000,0.000,0.000,0.000
$MEM,311036
$DATA_FILE_SIZE,76340,1045
$CAP_FILE_SIZE,219391,0
$CFSIZE,2097872896,2070249472
$ERRORS,0,0,0,0,0,0,0,0,0,0,0,0,0,0,1,0
$CURRENT,0.185,16.48,1
$GPS,180505,000648,353.517,-13955.491,36,1.0,48,9.3,0.7,43.2,8,4.8
