version: 66.14
glider: 195
mission: 21
dive: 126
start: 5 4 105 6 15 5
data:
$ID,195
$MISSION,21
$DIVE,126
$N_DIVES,0
$STOP_T,0
$D_SURF,3
$D_FLARE,2
$D_TGT,990
$D_ABORT,1090
$D_NO_BLEED,50
$D_BOOST,3
$T_BOOST,0
$D_FINISH,0
$D_PITCH,0
$D_SAFE,0
$D_CALL,0
$SURFACE_URGENCY,0
$SURFACE_URGENCY_TRY,0
$SURFACE_URGENCY_FORCE,0
$T_DIVE,330
$T_MISSION,450
$T_ABORT,1440
$T_TURN,300
$T_TURN_SAMPINT,5
$T_NO_W,120
$T_LOITER,0
$T_SLOITER,60
$T_EPIRB,0
$USE_BATHY,0
$USE_ICE,0
$ICE_FREEZE_MARGIN,0.30000001
$D_OFFGRID,990
$T_WATCHDOG,10
$RELAUNCH,1
$APOGEE_PITCH,-8
$MAX_BUOY,150
$COURSE_BIAS,0
$GLIDE_SLOPE,30
$SPEED_FACTOR,1
$RHO,1.023
$MASS,54002
$MASS_COMP,0
$NAV_MODE,2
$FERRY_MAX,45
$KALMAN_USE,2
$HD_A,0.0038000001
$HD_B,0.0099999998
$HD_C,9.8500004e-06
$HEADING,-1
$ESCAPE_HEADING,0
$ESCAPE_HEADING_DELTA,10
$FIX_MISSING_TIMEOUT,0
$TGT_DEFAULT_LAT,4736
$TGT_DEFAULT_LON,-12225
$TGT_AUTO_DEFAULT,0
$SM_CC,250
$N_FILEKB,4
$FILEMGR,0
$CALL_NDIVES,1
$COMM_SEQ,0
$PROTOCOL,9
$N_NOCOMM,1
$NOCOMM_ACTION,0
$N_NOSURFACE,0
$UPLOAD_DIVES_MAX,-1
$CALL_TRIES,5
$CALL_WAIT,60
$CAPUPLOAD,0
$CAPMAXSIZE,200000
$HEAPDBG,0
$T_GPS,15
$N_GPS,50840
$T_RSLEEP,2
$STROBE,0
$RAFOS_PEAK_OFFSET,1.5
$RAFOS_CORR_THRESH,60
$RAFOS_HIT_WINDOW,3600
$RAFOS_MMODEM,0
$PITCH_MIN,207
$PITCH_MAX,3915
$C_PITCH,2900
$PITCH_DBAND,0.1
$PITCH_CNV,0.003125763
$P_OVSHOOT,0.039999999
$P_OVSHOOT_WITHG,0.079999998
$PITCH_GAIN,24
$PITCH_TIMEOUT,17
$PITCH_AD_RATE,160
$PITCH_MAXERRORS,1
$PITCH_ADJ_GAIN,0.02
$PITCH_ADJ_DBAND,2.5
$ROLL_MIN,224
$ROLL_MAX,3758
$ROLL_DEG,40
$C_ROLL_DIVE,2220
$C_ROLL_CLIMB,1770
$HEAD_ERRBAND,20
$ROLL_CNV,0.028270001
$ROLL_TIMEOUT,15
$R_PORT_OVSHOOT,52
$R_STBD_OVSHOOT,40
$ROLL_AD_RATE,350
$ROLL_MAXERRORS,2
$ROLL_ADJ_GAIN,0
$ROLL_ADJ_DBAND,0
$VBD_MIN,500
$VBD_MAX,3960
$C_VBD,2707
$VBD_DBAND,2
$VBD_CNV,-0.24529999
$VBD_LP_IGNORE,0
$VBD_TIMEOUT,720
$PITCH_VBD_SHIFT,0.001
$VBD_PUMP_AD_RATE_SURFACE,5
$VBD_PUMP_AD_RATE_APOGEE,4
$VBD_BLEED_AD_RATE,8
$UNCOM_BLEED,60
$VBD_MAXERRORS,1
$W_ADJ_DBAND,0
$DBDW,0
$PITCH_W_GAIN,0
$PITCH_W_DBAND,0
$CF8_MAXERRORS,5
$AH0_24V,150
$AH0_10V,97
$MINV_24V,19
$MINV_10V,8
$MAXI_24V,0.80000001
$MAXI_10V,0.60000002
$FG_AHR_10V,0
$FG_AHR_24V,0
$PHONE_SUPPLY,-2
$PRESSURE_YINT,-49.397121
$PRESSURE_SLOPE,0.0001168043
$AD7714Ch0Gain,128
$TCM_PITCH_OFFSET,0
$TCM_ROLL_OFFSET,0
$COMPASS_USE,4
$ALTIM_BOTTOM_PING_RANGE,0
$ALTIM_TOP_PING_RANGE,20
$ALTIM_BOTTOM_TURN_MARGIN,0
$ALTIM_TOP_TURN_MARGIN,0
$ALTIM_TOP_MIN_OBSTACLE,1
$ALTIM_PING_DEPTH,0
$ALTIM_PING_DELTA,0
$ALTIM_FREQUENCY,13
$ALTIM_PULSE,3
$ALTIM_SENSITIVITY,3
$XPDR_VALID,5
$XPDR_INHIBIT,90
$INT_PRESSURE_SLOPE,0.0097660003
$INT_PRESSURE_YINT,-0.77999997
$DEEPGLIDER,0
$MOTHERBOARD,4
$DEVICE1,2
$DEVICE2,115
$DEVICE3,101
$DEVICE4,-1
$DEVICE5,-1
$DEVICE6,-1
$LOGGERS,0
$LOGGERDEVICE1,-1
$LOGGERDEVICE2,-1
$LOGGERDEVICE3,-1
$LOGGERDEVICE4,-1
$COMPASS_DEVICE,33
$COMPASS2_DEVICE,-1
$PHONE_DEVICE,49
$GPS_DEVICE,32
$RAFOS_DEVICE,-1
$XPDR_DEVICE,24
$SIM_W,0
$SIM_PITCH,0
$SEABIRD_T_G,0.0044178674
$SEABIRD_T_H,0.00064818078
$SEABIRD_T_I,2.6779007e-05
$SEABIRD_T_J,3.3667231e-06
$SEABIRD_C_G,-10.098215
$SEABIRD_C_H,1.1454017
$SEABIRD_C_I,-0.0021276253
$SEABIRD_C_J,0.00025532115
$SEABIRD_C_Z,2974.52
$GPS1,040505,060842,212.5705,-14016.6689,49,0.8,58,9.4,0.7,234.6,11,4.6
$_CALLS,1
$_XMS_NAKs,0
$_XMS_TOUTs,0
$_SM_DEPTHo,0.61
$_SM_ANGLEo,-64.0
$GPS2,040505,061422,212.5685,-14016.8291,7,0.8,29,9.4,0.4,274.8,10,4.7
$SPEED_LIMITS,0.173,0.262
$TGT_NAME,ZZ1
$TGT_LATLONG,212.070,-14016.720
$TGT_RADIUS,200.000
$KALMAN_CONTROL,0.000000,0.000000
$KALMAN_X,0.000000,0.000000,0.000000,0.000000,0.000000
$KALMAN_Y,0.000000,0.000000,0.000000,0.000000,0.000000
$MHEAD_RNG_PITCHd_Wd,160.6,945,-27.8,-10.000,-30.00,958
$D_GRID,990
$GCHEAD,st_secs,pitch_ctl,vbd_ctl,pitch_ad_start,roll_ad_start,vbd_pot1_ad_start,vbd_pot2_ad_start,depth,ob_vertv,data_pts,end_secs,pitch_secs,roll_secs,vbd_secs,vbd_i,gcphase,pitch_i,roll_i,pitch_ad,roll_ad,vbd_ad,vbd_pot1_ad,vbd_pot2_ad,pitch_retries,pitch_errors,roll_retries,roll_errors,vbd_retries,vbd_errors,pitch_volts,roll_volts,vbd_volts,int_press,humidity
$STATE,7,end surface,CONTROL_FINISHED_OK
$STATE,7,begin dive
$GC,74,-1.22,-62.7,164,2219,1797,1560,0.4,1.2,12,124,0.00,0.00,-47.75,0.000,16386,0.000,0.000,165,2219,2902,2916,2888,0,0,0,0,0,0,26.51,28.83,26.53,8.93,48.26
$GC,128,-1.27,-111.8,164,2219,2917,2888,2.2,-4.8,19,151,8.77,2.15,-6.03,0.000,18948,0.212,0.044,2483,810,3166,3205,3128,0,0,0,0,0,0,25.67,24.53,26.00,9.06,47.51
$GC,257,-1.20,-111.8,2482,810,3213,3127,34.1,-22.4,42,266,0.12,2.12,0.00,0.000,3078,0.162,0.027,2510,2232,3170,3212,3128,0,0,0,0,0,0,25.83,26.22,25.94,9.09,47.32
$GC,577,-1.20,-111.8,2509,2232,3216,3128,99.5,-17.6,80,582,0.00,2.12,0.00,0.000,516,0.000,0.031,2510,824,3172,3216,3128,0,0,0,0,0,0,26.67,26.28,26.67,9.11,47.36
$GC,885,-1.22,-136.2,2509,824,3221,3128,129.0,-7.4,88,890,0.00,2.03,0.00,0.000,1030,0.000,0.025,2502,2228,3174,3221,3128,0,0,0,0,0,0,26.43,26.36,26.45,9.11,47.04
$GC,1225,-1.23,-146.6,2501,2228,3224,3128,146.7,-5.2,97,1229,0.00,2.08,0.00,0.000,516,0.000,0.029,2501,812,3176,3224,3128,0,0,0,0,0,0,26.73,26.34,26.74,9.06,47.36
$GC,1379,-1.23,-146.6,2501,812,3224,3128,154.8,-6.3,100,1383,0.00,2.03,0.00,0.000,1030,0.000,0.025,2491,2218,3176,3224,3128,0,0,0,0,0,0,26.46,26.39,26.48,9.04,46.77
$GC,1713,-1.23,-146.6,2490,2219,3225,3128,186.1,-9.1,109,1714,0.00,0.00,0.00,0.000,6,0.000,0.000,2491,2218,3176,3225,3128,0,0,0,0,0,0,26.74,26.76,26.75,9.01,47.83
$GC,2033,-1.23,-146.6,2490,2218,3225,3128,217.6,-9.9,117,2037,0.00,2.12,0.00,0.000,260,0.000,0.040,2480,3623,3176,3225,3128,0,0,0,0,0,0,26.74,26.29,26.76,9.00,48.62
$GC,2156,-1.23,-146.6,2479,3624,3225,3128,231.0,-10.7,120,2160,0.00,2.03,0.00,0.000,1030,0.000,0.020,2480,2177,3176,3225,3128,0,0,0,0,0,0,26.50,26.45,26.52,8.99,47.99
$GC,2479,-1.23,-146.6,2479,2176,3225,3128,263.8,-10.2,128,2485,0.00,2.20,0.00,0.000,260,0.000,0.039,2469,3624,3176,3225,3128,0,0,0,0,0,0,26.75,26.28,26.76,8.97,48.54
$GC,2789,-1.23,-146.6,2468,3624,3225,3127,294.1,-10.8,135,2795,0.12,1.98,0.00,0.000,3078,0.165,0.021,2505,2215,3176,3225,3127,0,0,0,0,0,0,26.03,26.45,26.19,8.95,49.25
$GC,3125,-1.30,-146.6,2504,2215,3224,3127,330.3,-10.0,144,3129,0.00,2.15,0.00,0.000,260,0.000,0.041,2495,3625,3176,3225,3128,0,0,0,0,0,0,26.75,26.27,26.76,8.94,49.33
$GC,3346,-1.30,-146.6,2495,3625,3224,3127,351.6,-10.5,149,3351,0.00,1.98,0.00,0.000,1030,0.000,0.021,2495,2225,3175,3224,3127,0,0,0,0,0,0,26.49,26.44,26.51,8.92,49.96
$GC,3690,-1.35,-146.6,2495,2225,3224,3127,388.6,-10.6,158,3694,0.00,2.12,0.00,0.000,260,0.000,0.041,2485,3615,3175,3224,3127,0,0,0,0,0,0,26.75,26.27,26.76,8.91,50.19
$GC,3815,-1.35,-146.6,2484,3616,3223,3127,402.4,-10.8,161,3820,0.00,2.03,0.00,0.000,1030,0.000,0.021,2485,2219,3175,3223,3127,0,0,0,0,0,0,26.49,26.44,26.48,8.90,50.07
$GC,4139,-1.35,-146.6,2484,2219,3222,3127,437.3,-10.9,169,4141,0.00,0.00,0.00,0.000,6,0.000,0.000,2485,2219,3174,3222,3127,0,0,0,0,0,0,26.75,26.76,26.76,8.89,51.02
$GC,4460,-1.40,-146.6,2484,2219,3221,3126,471.4,-10.4,177,4467,0.05,2.15,0.00,0.000,4356,0.140,0.041,2407,3625,3173,3221,3125,0,0,0,0,0,0,26.55,26.25,26.56,8.87,52.00
$GC,4775,-1.34,-146.6,2407,3625,3219,3123,506.2,-12.0,184,4786,0.20,2.03,0.00,0.000,3078,0.166,0.022,2466,2202,3171,3219,3123,0,0,0,0,0,0,25.84,26.43,26.06,8.86,51.96
$GC,5106,-1.34,-146.6,2465,2203,3219,3121,540.3,-9.2,193,5109,0.00,2.17,0.00,0.000,260,0.000,0.042,2457,3614,3170,3219,3121,0,0,0,0,0,0,26.75,26.25,26.76,8.84,51.96
$GC,5414,-1.34,-146.6,2456,3615,3217,3120,570.0,-10.7,200,5418,0.00,2.00,0.00,0.000,1030,0.000,0.023,2457,2215,3168,3217,3120,0,0,0,0,0,0,26.48,26.42,26.49,8.84,51.85
$GC,5753,-1.34,-146.6,2456,2214,3217,3117,607.9,-10.7,209,5757,0.00,2.17,0.00,0.000,260,0.000,0.043,2445,3619,3167,3217,3117,0,0,0,0,0,0,26.75,26.22,26.76,8.82,52.52
$GC,6061,-1.34,-146.6,2445,3620,3214,3116,640.7,-11.7,216,6065,0.00,2.03,0.00,0.000,1030,0.000,0.024,2446,2215,3165,3214,3116,0,0,0,0,0,0,26.46,26.41,26.48,8.80,52.83
$GC,6402,-1.34,-146.6,2445,2215,3214,3114,680.4,-10.8,225,6404,0.00,0.00,0.00,0.000,6,0.000,0.000,2446,2214,3164,3214,3114,0,0,0,0,0,0,26.75,26.76,26.76,8.79,53.03
$GC,6721,-1.34,-146.6,2445,2215,3212,3112,715.1,-10.6,233,6725,0.00,2.17,0.00,0.000,260,0.000,0.044,2435,3619,3162,3212,3112,0,0,0,0,0,0,26.75,26.21,26.76,8.79,53.89
$GC,7029,-1.34,-146.6,2434,3619,3210,3111,748.2,-11.5,240,7034,0.10,2.03,0.00,0.000,3078,0.181,0.024,2463,2213,3160,3210,3111,0,0,0,0,0,0,25.98,26.39,26.14,8.78,54.44
$GC,7364,-1.34,-146.6,2463,2213,3210,3109,784.7,-9.7,249,7366,0.00,0.00,0.00,0.000,6,0.000,0.000,2463,2213,3160,3211,3109,0,0,0,0,0,0,26.75,26.76,26.76,8.75,54.21
$GC,7684,-1.34,-146.6,2463,2213,3209,3108,816.6,-9.8,257,7689,0.00,2.17,0.00,0.000,260,0.000,0.044,2454,3613,3158,3209,3108,0,0,0,0,0,0,26.75,26.18,26.76,8.75,54.37
$GC,7992,-1.34,-146.6,2453,3614,3207,3107,846.3,-10.4,264,7996,0.00,2.03,0.00,0.000,1030,0.000,0.024,2454,2217,3156,3206,3107,0,0,0,0,0,0,26.44,26.38,26.46,8.75,54.64
$GC,8331,-1.34,-146.6,2453,2217,3206,3105,884.0,-10.4,273,8332,0.00,0.00,0.00,0.000,6,0.000,0.000,2454,2217,3155,3206,3105,0,0,0,0,0,0,26.75,26.76,26.76,8.74,54.44
$GC,8651,-1.34,-146.6,2453,2217,3205,3104,915.9,-9.9,281,8655,0.00,2.17,0.00,0.000,260,0.000,0.045,2444,3614,3154,3205,3104,0,0,0,0,0,0,26.74,26.15,26.76,8.74,55.07
$GC,8935,-1.34,-146.6,2443,3613,3204,3103,945.7,-10.3,288,8939,0.00,2.03,0.00,0.000,1030,0.000,0.026,2444,2218,3154,3205,3103,0,0,0,0,0,0,26.43,26.36,26.45,8.73,55.90
$GC,9259,-1.34,-146.6,2442,2218,3204,3102,976.0,-8.8,296,9263,0.00,2.20,0.00,0.000,260,0.000,0.045,2433,3610,3153,3204,3102,0,0,0,0,0,0,26.74,26.15,26.76,8.72,55.78
$STATE,9420,end dive,TARGET_DEPTH_EXCEEDED
$STATE,9420,begin apogee
$GC,9430,-0.33,0.0,2433,1776,3203,3101,991.1,-9.2,300,9536,1.15,0.00,101.53,1.379,10246,0.139,0.000,2790,1775,2705,2797,2613,0,0,0,0,0,0,25.59,24.94,24.08,8.72,55.74
$STATE,9537,end apogee,CONTROL_FINISHED_OK
$STATE,9537,begin climb
$GC,9540,1.31,146.6,2789,1775,2793,2613,992.8,0.0,302,9685,1.50,0.00,140.95,1.322,10246,0.073,0.000,3317,1775,2107,2204,2010,0,0,0,0,0,0,25.16,24.53,23.78,8.68,54.41
$GC,9983,1.31,146.6,3317,1775,2197,2007,898.9,23.7,314,9985,0.00,0.00,0.00,0.000,6,0.000,0.000,3317,1775,2102,2197,2007,0,0,0,0,0,0,26.32,26.32,26.32,8.61,55.27
$GC,10304,1.24,146.6,3316,1775,2194,2007,847.9,12.5,322,10308,0.00,2.17,0.00,0.000,260,0.000,0.042,3317,3174,2100,2194,2007,0,0,0,0,0,0,26.56,26.17,26.57,8.61,56.02
$GC,10433,1.15,146.6,3317,3174,2193,2006,832.0,12.7,325,10440,0.20,2.08,0.00,0.000,5126,0.158,0.028,3269,1769,2100,2193,2007,0,0,0,0,0,0,25.88,26.28,26.12,8.61,56.34
$GC,10749,1.15,146.6,3268,1768,2193,2005,795.2,11.4,333,10754,0.00,2.20,0.00,0.000,516,0.000,0.043,3277,380,2098,2193,2004,0,0,0,0,0,0,26.67,26.23,26.69,8.60,56.81
$GC,10895,1.10,146.6,3277,380,2192,2005,780.0,11.9,336,10900,0.00,2.08,0.00,0.000,1030,0.000,0.031,3278,1770,2098,2192,2005,0,0,0,0,0,0,26.41,26.33,26.44,8.60,57.12
$GC,11239,1.10,146.6,3277,1771,2191,2004,737.8,11.5,345,11241,0.00,0.00,0.00,0.000,6,0.000,0.000,3277,1771,2097,2191,2004,0,0,0,0,0,0,26.72,26.74,26.73,8.60,57.04
$GC,11559,1.10,146.6,3277,1771,2191,2003,701.8,11.5,353,11561,0.00,0.00,0.00,0.000,6,0.000,0.000,3278,1771,2096,2190,2003,0,0,0,0,0,0,26.73,26.74,26.74,8.59,57.44
$GC,11881,1.10,146.6,3277,1771,2190,2002,664.5,11.7,361,11886,0.00,2.17,0.00,0.000,260,0.000,0.042,3278,3176,2096,2190,2002,0,0,0,0,0,0,26.74,26.27,26.74,8.59,57.60
$GC,12111,1.10,146.6,3277,3176,2190,2002,639.2,12.4,366,12118,0.12,2.08,0.00,0.000,5126,0.164,0.029,3252,1777,2096,2190,2002,0,0,0,0,0,0,25.98,26.34,26.18,8.59,56.97
$GC,12447,1.10,146.6,3251,1777,2190,2002,600.1,10.6,375,12452,0.00,2.22,0.00,0.000,516,0.000,0.047,3261,365,2096,2190,2002,0,0,0,0,0,0,26.74,26.19,26.75,8.59,57.44
$GC,12499,1.10,146.6,3261,364,2190,2002,595.2,10.7,376,12503,0.00,2.10,0.00,0.000,1030,0.000,0.030,3261,1774,2096,2190,2002,0,0,0,0,0,0,26.41,26.34,26.45,8.59,57.83
$GC,12813,1.10,146.6,3261,1774,2190,2002,559.2,11.4,384,12818,0.00,2.15,0.00,0.000,260,0.000,0.041,3261,3168,2095,2190,2001,0,0,0,0,0,0,26.74,26.25,26.75,8.59,57.44
$GC,13099,1.10,146.6,3261,3168,2189,2002,522.7,13.0,391,13104,0.00,2.10,0.00,0.000,1030,0.000,0.031,3262,1764,2095,2189,2002,0,0,0,0,0,0,26.40,26.31,26.44,8.59,57.36
$GC,13418,1.10,146.6,3262,1762,2189,2002,484.0,11.9,399,13422,0.00,2.20,0.00,0.000,516,0.000,0.049,3262,374,2095,2189,2002,0,0,0,0,0,0,26.74,26.15,26.75,8.59,57.36
$GC,13454,1.10,146.6,3262,373,2189,2001,484.0,11.9,399,13462,0.00,2.08,0.00,0.000,1030,0.000,0.030,3263,1779,2095,2189,2002,0,0,0,0,0,0,26.41,26.32,26.44,8.60,56.81
$GC,13781,1.10,146.6,3262,1779,2189,2001,443.0,11.2,408,13785,0.00,2.15,0.00,0.000,260,0.000,0.041,3262,3172,2095,2189,2001,0,0,0,0,0,0,26.74,26.23,26.74,8.60,57.32
$GC,13847,1.10,146.6,3262,3172,2189,2001,437.8,11.4,409,13851,0.00,2.10,0.00,0.000,1030,0.000,0.031,3263,1771,2095,2189,2001,0,0,0,0,0,0,26.39,26.29,26.42,8.60,56.73
$GC,14185,1.10,146.6,3262,1769,2189,2001,397.7,11.0,418,14187,0.00,0.00,0.00,0.000,6,0.000,0.000,3262,1769,2095,2189,2001,0,0,0,0,0,0,26.74,26.75,26.75,8.61,57.12
$GC,14505,1.10,146.6,3262,1769,2189,2001,361.6,11.3,426,14509,0.00,2.17,0.00,0.000,260,0.000,0.042,3263,3168,2095,2189,2001,0,0,0,0,0,0,26.74,26.20,26.75,8.62,57.04
$GC,14616,1.10,146.6,3262,3168,2189,2001,351.7,11.5,428,14621,0.00,2.10,0.00,0.000,1030,0.000,0.031,3262,1757,2095,2188,2002,0,0,0,0,0,0,26.37,26.28,26.41,8.61,56.93
$GC,14952,1.10,146.6,3262,1756,2189,2001,312.5,10.6,437,14954,0.00,0.00,0.00,0.000,6,0.000,0.000,3262,1756,2095,2189,2001,0,0,0,0,0,0,26.74,26.75,26.74,8.63,56.93
$GC,15270,1.10,146.6,3262,1756,2189,2001,270.6,14.3,445,15275,0.00,2.17,0.00,0.000,516,0.000,0.046,3262,374,2095,2189,2001,0,0,0,0,0,0,26.74,26.13,26.75,8.64,57.44
$GC,15362,1.10,146.6,3262,374,2189,2001,258.8,14.5,447,15367,0.00,2.08,0.00,0.000,1030,0.000,0.031,3262,1768,2095,2189,2001,0,0,0,0,0,0,26.38,26.30,26.41,8.64,57.32
$GC,15678,1.10,146.6,3262,1768,2189,2001,215.0,13.5,455,15682,0.00,2.20,0.00,0.000,516,0.000,0.046,3262,372,2095,2189,2001,0,0,0,0,0,0,26.74,26.12,26.74,8.65,56.93
$GC,15786,1.10,146.6,3262,371,2189,2002,203.9,13.2,457,15790,0.00,2.10,0.00,0.000,1030,0.000,0.031,3262,1774,2095,2189,2001,0,0,0,0,0,0,26.37,26.29,26.41,8.65,56.97
$GC,16126,1.10,146.6,3262,1774,2189,2001,159.2,11.7,466,16130,0.00,2.20,0.00,0.000,516,0.000,0.045,3263,374,2095,2189,2001,0,0,0,0,0,0,26.74,26.12,26.74,8.67,56.49
$GC,16262,1.10,146.6,3262,373,2189,2001,144.3,12.0,469,16266,0.00,2.10,0.00,0.000,1030,0.000,0.031,3262,1774,2095,2189,2001,0,0,0,0,0,0,26.37,26.29,26.41,8.68,56.22
$GC,16576,1.19,159.8,3262,1774,2188,2001,112.7,8.6,477,16592,0.00,2.20,11.18,0.723,8708,0.000,0.044,3263,371,2052,2147,1957,0,0,0,0,0,0,26.74,25.82,25.29,8.72,56.65
$GC,16907,1.33,200.6,3262,371,2147,1957,90.7,5.6,494,16956,0.12,2.12,36.35,0.749,11270,0.047,0.030,3348,1774,1886,2005,1768,0,0,0,0,0,0,26.20,26.25,25.01,8.80,57.71
$GC,17256,1.33,200.6,3347,1775,2004,1768,53.8,12.4,529,17262,0.00,0.00,0.00,0.000,6,0.000,0.000,3348,1775,1886,2004,1768,0,0,0,0,0,0,26.48,26.49,26.49,8.86,55.11
$GC,17586,1.33,200.6,3347,1775,2004,1768,14.0,12.6,587,17594,0.00,2.15,0.00,0.000,516,0.000,0.042,3358,377,1886,2004,1768,0,0,0,0,0,0,26.62,26.13,26.63,8.91,53.50
$GC,17649,1.33,200.6,3357,377,2004,1768,6.1,12.6,598,17659,0.10,2.10,0.00,0.000,5126,0.149,0.028,3328,1785,1885,2003,1768,0,0,0,0,0,0,25.93,26.27,26.01,8.92,52.67
$STATE,17675,end climb,SURFACE_DEPTH_REACHED
$STATE,17675,begin surface coast
$FINISH,0.1,1.023029
$STATE,17705,end surface coast,CONTROL_FINISHED_OK
$STATE,17705,begin surface
$SM_CCo,17726,24.12,0.054,0,0,1686,250.21
$SM_GC,-0.11,7.82,0.60,24.12,0.018,0.036,0.054,175,2218,1686,-8.36,-1.92,250.21,0,0,0,0,0,0,26.34,26.31,26.13
$IRIDIUM_FIX,210.30,-14019.40,181224,015328
$TT8_MAMPS,0.026964,0.385735
$HUMID,51.22
$INTERNAL_PRESSURE,8.87857
$TCM_TEMP,19.50
$XPDR_PINGS,0
$ALTIM_TOP_PING,19.6,19.3
$24V_AH,23.78,20.760
$10V_AH,10.15,19.200
$FG_AHR_24Vo,0.000
$FG_AHR_10Vo,0.000
$DEVICES,Pitch_motor,Roll_motor,VBD_pump_during_apogee,VBD_pump_during_surface,VBD_valve,Iridium_during_init,Iridium_during_connect,Iridium_during_xfer,Transponder_ping,GUMSTIX_24V,GPS,TT8,LPSleep,TT8_Active,TT8_Sampling,TT8_CF8,TT8_Kalman,Analog_circuits,GPS_charging,Compass,RAFOS,Transponder,Compass2
$DEVICE_SECS,20.400,115.450,290.000,24.125,0.000,0.000,0.000,216.925,0.250,0.000,29.645,2523.110,12094.042,448.346,2733.131,309.906,0.000,1853.580,0.000,2312.481,0.000,2.765,0.000
$DEVICE_MAMPS,211.905,48.960,1378.530,54.315,0.000,0.000,0.000,85.680,420.000,0.000,30.710,15.210,2.190,15.210,43.670,53.410,0.000,14.000,0.000,8.240,0.000,30.000,0.000
$SENSORS,SBE_CT,WL_blue_red_Chl,AA4330,nil,nil,nil,nil,nil,nil,nil
$SENSOR_SECS,527.411,265.568,819.954,0.000,0.000,0.000,0.000,0.000,0.000,0.000
$SENSOR_MAMPS,22.470,105.000,11.230,0.000,0.000,0.000,0.000,0.000,0.000,0.000
$MEM,311540
$DATA_FILE_SIZE,45218,607
$CAP_FILE_SIZE,147995,0
$CFSIZE,2097872896,2077261824
$ERRORS,0,0,0,0,0,0,0,0,0,0,0,0,0,0,1,0
$CURRENT,0.074,142.35,1
$GPS,040505,111239,211.286,-14016.683,42,1.0,57,9.4,1.3,287.0,8,4.8
