version: 66.14
glider: 195
mission: 21
dive: 656
start: 9 26 105 13 13 8
data:
$ID,195
$MISSION,21
$DIVE,656
$N_DIVES,0
$STOP_T,0
$D_SURF,3
$D_FLARE,2
$D_TGT,990
$D_ABORT,1090
$D_NO_BLEED,50
$D_BOOST,3
$T_BOOST,0
$D_FINISH,0
$D_PITCH,0
$D_SAFE,0
$D_CALL,0
$SURFACE_URGENCY,0
$SURFACE_URGENCY_TRY,0
$SURFACE_URGENCY_FORCE,0
$T_DIVE,330
$T_MISSION,600
$T_ABORT,1440
$T_TURN,300
$T_TURN_SAMPINT,5
$T_NO_W,120
$T_LOITER,0
$T_SLOITER,60
$T_EPIRB,0
$USE_BATHY,0
$USE_ICE,0
$ICE_FREEZE_MARGIN,0.30000001
$D_OFFGRID,990
$T_WATCHDOG,10
$RELAUNCH,1
$APOGEE_PITCH,-8
$MAX_BUOY,150
$COURSE_BIAS,0
$GLIDE_SLOPE,30
$SPEED_FACTOR,1
$RHO,1.023
$MASS,54002
$MASS_COMP,0
$NAV_MODE,2
$FERRY_MAX,45
$KALMAN_USE,2
$HD_A,0.0038000001
$HD_B,0.0099999998
$HD_C,9.8500004e-06
$HEADING,-1
$ESCAPE_HEADING,0
$ESCAPE_HEADING_DELTA,10
$FIX_MISSING_TIMEOUT,0
$TGT_DEFAULT_LAT,4736
$TGT_DEFAULT_LON,-12225
$TGT_AUTO_DEFAULT,0
$SM_CC,300
$N_FILEKB,4
$FILEMGR,0
$CALL_NDIVES,1
$COMM_SEQ,0
$PROTOCOL,9
$N_NOCOMM,1
$NOCOMM_ACTION,0
$N_NOSURFACE,0
$UPLOAD_DIVES_MAX,-1
$CALL_TRIES,5
$CALL_WAIT,60
$CAPUPLOAD,0
$CAPMAXSIZE,200000
$HEAPDBG,0
$T_GPS,15
$N_GPS,50840
$T_RSLEEP,2
$STROBE,0
$RAFOS_PEAK_OFFSET,1.5
$RAFOS_CORR_THRESH,60
$RAFOS_HIT_WINDOW,3600
$RAFOS_MMODEM,0
$PITCH_MIN,207
$PITCH_MAX,3915
$C_PITCH,2884
$PITCH_DBAND,0.1
$PITCH_CNV,0.003125763
$P_OVSHOOT,0.039999999
$P_OVSHOOT_WITHG,0.079999998
$PITCH_GAIN,19.15
$PITCH_TIMEOUT,17
$PITCH_AD_RATE,160
$PITCH_MAXERRORS,1
$PITCH_ADJ_GAIN,0.02
$PITCH_ADJ_DBAND,2.5
$ROLL_MIN,224
$ROLL_MAX,3758
$ROLL_DEG,40
$C_ROLL_DIVE,1800
$C_ROLL_CLIMB,2250
$HEAD_ERRBAND,10
$ROLL_CNV,0.028270001
$ROLL_TIMEOUT,15
$R_PORT_OVSHOOT,62
$R_STBD_OVSHOOT,49
$ROLL_AD_RATE,350
$ROLL_MAXERRORS,2
$ROLL_ADJ_GAIN,0
$ROLL_ADJ_DBAND,0
$VBD_MIN,500
$VBD_MAX,3960
$C_VBD,2806
$VBD_DBAND,2
$VBD_CNV,-0.24529999
$VBD_LP_IGNORE,0
$VBD_TIMEOUT,720
$PITCH_VBD_SHIFT,0.001
$VBD_PUMP_AD_RATE_SURFACE,5
$VBD_PUMP_AD_RATE_APOGEE,4
$VBD_BLEED_AD_RATE,8
$UNCOM_BLEED,60
$VBD_MAXERRORS,1
$W_ADJ_DBAND,0
$DBDW,0
$PITCH_W_GAIN,0
$PITCH_W_DBAND,0
$CF8_MAXERRORS,5
$AH0_24V,150
$AH0_10V,97
$MINV_24V,19
$MINV_10V,8
$MAXI_24V,0.80000001
$MAXI_10V,0.60000002
$FG_AHR_10V,0
$FG_AHR_24V,0
$PHONE_SUPPLY,-2
$PRESSURE_YINT,-49.397121
$PRESSURE_SLOPE,0.0001168043
$AD7714Ch0Gain,128
$TCM_PITCH_OFFSET,0
$TCM_ROLL_OFFSET,0
$COMPASS_USE,4
$ALTIM_BOTTOM_PING_RANGE,0
$ALTIM_TOP_PING_RANGE,20
$ALTIM_BOTTOM_TURN_MARGIN,0
$ALTIM_TOP_TURN_MARGIN,0
$ALTIM_TOP_MIN_OBSTACLE,1
$ALTIM_PING_DEPTH,0
$ALTIM_PING_DELTA,0
$ALTIM_FREQUENCY,13
$ALTIM_PULSE,3
$ALTIM_SENSITIVITY,3
$XPDR_VALID,5
$XPDR_INHIBIT,90
$INT_PRESSURE_SLOPE,0.0097660003
$INT_PRESSURE_YINT,-0.77999997
$DEEPGLIDER,0
$MOTHERBOARD,4
$DEVICE1,2
$DEVICE2,115
$DEVICE3,101
$DEVICE4,-1
$DEVICE5,-1
$DEVICE6,-1
$LOGGERS,0
$LOGGERDEVICE1,-1
$LOGGERDEVICE2,-1
$LOGGERDEVICE3,-1
$LOGGERDEVICE4,-1
$COMPASS_DEVICE,33
$COMPASS2_DEVICE,-1
$PHONE_DEVICE,49
$GPS_DEVICE,32
$RAFOS_DEVICE,-1
$XPDR_DEVICE,24
$SIM_W,0
$SIM_PITCH,0
$SEABIRD_T_G,0.0044178674
$SEABIRD_T_H,0.00064818078
$SEABIRD_T_I,2.6779007e-05
$SEABIRD_T_J,3.3667231e-06
$SEABIRD_C_G,-10.098215
$SEABIRD_C_H,1.1454017
$SEABIRD_C_I,-0.0021276253
$SEABIRD_C_J,0.00025532115
$SEABIRD_C_Z,2974.52
$GPS1,260905,130438,912.0904,-14333.8838,28,0.9,61,9.3,0.8,28.2,9,4.8
$_CALLS,1
$_XMS_NAKs,0
$_XMS_TOUTs,0
$_SM_DEPTHo,0.18
$_SM_ANGLEo,-57.0
$GPS2,260905,131228,912.1277,-14333.9219,8,0.8,45,9.3,1.3,244.4,9,5.0
$SPEED_LIMITS,0.173,0.262
$TGT_NAME,TX2
$TGT_LATLONG,1145.000,-14800.000
$TGT_RADIUS,10000.000
$KALMAN_CONTROL,0.000000,0.000000
$KALMAN_X,0.000000,0.000000,0.000000,0.000000,0.000000
$KALMAN_Y,0.000000,0.000000,0.000000,0.000000,0.000000
$MHEAD_RNG_PITCHd_Wd,257.7,559388,-18.1,-10.000,-20.93,2235
$D_GRID,990
$GCHEAD,st_secs,pitch_ctl,vbd_ctl,pitch_ad_start,roll_ad_start,vbd_pot1_ad_start,vbd_pot2_ad_start,depth,ob_vertv,data_pts,end_secs,pitch_secs,roll_secs,vbd_secs,vbd_i,gcphase,pitch_i,roll_i,pitch_ad,roll_ad,vbd_ad,vbd_pot1_ad,vbd_pot2_ad,pitch_retries,pitch_errors,roll_retries,roll_errors,vbd_retries,vbd_errors,pitch_volts,roll_volts,vbd_volts,int_press,humidity
$STATE,6,end surface,CONTROL_FINISHED_OK
$STATE,6,begin dive
$GC,75,-1.09,-146.6,160,1799,963,792,0.2,-0.1,6,154,0.00,0.00,-76.82,0.000,16386,0.000,0.000,160,1801,2919,2931,2907,0,0,0,0,0,0,26.29,28.83,26.30,8.81,55.15
$GC,159,-1.09,-146.6,159,1800,2933,2907,3.2,-5.5,14,188,9.10,2.20,-10.50,0.000,18692,0.198,0.050,2512,3194,3405,3426,3384,0,0,0,0,0,0,24.82,25.21,25.00,9.02,55.27
$GC,345,-0.97,-146.6,2512,3194,3431,3384,27.8,-11.5,32,351,0.12,2.12,0.00,0.000,3078,0.125,0.029,2566,1819,3407,3431,3384,0,0,0,0,0,0,24.96,25.51,25.09,9.08,55.07
$GC,540,-0.97,-146.6,2565,1818,3432,3384,49.2,-12.2,51,550,0.00,2.25,0.00,0.000,516,0.000,0.037,2565,398,3408,3432,3384,0,0,0,0,0,0,26.32,25.22,26.32,9.10,55.11
$GC,598,-0.97,-146.6,2565,398,3432,3385,54.5,-11.7,54,606,0.00,2.12,0.00,0.000,1030,0.000,0.024,2558,1808,3408,3432,3384,0,0,0,0,0,0,25.63,25.56,25.65,9.11,55.04
$GC,786,-0.91,-146.6,2557,1807,3433,3384,75.4,-8.9,64,788,0.10,0.00,0.00,0.000,2054,0.140,0.000,2588,1808,3409,3433,3385,0,0,0,0,0,0,25.84,25.89,25.86,9.12,54.92
$GC,965,-0.91,-146.6,2588,1808,3436,3384,89.9,-7.4,73,973,0.00,2.22,0.00,0.000,260,0.000,0.045,2581,3200,3410,3436,3385,0,0,0,0,0,0,26.33,25.10,26.34,9.12,55.43
$GC,1047,-0.91,-146.6,2580,3200,3437,3385,94.1,-5.0,77,1051,0.00,2.10,0.00,0.000,1030,0.000,0.021,2581,1771,3411,3438,3385,0,0,0,0,0,0,25.72,25.67,25.75,9.12,54.52
$GC,1251,-0.91,-146.6,2580,1770,3441,3384,105.9,-6.1,87,1252,0.00,0.00,0.00,0.000,6,0.000,0.000,2581,1770,3413,3441,3385,0,0,0,0,0,0,26.34,26.35,26.35,9.10,54.21
$GC,1431,-0.91,-146.6,2580,1770,3442,3385,116.5,-6.0,96,1438,0.00,2.25,0.00,0.000,260,0.000,0.037,2569,3206,3413,3442,3384,0,0,0,0,0,0,26.35,25.25,26.36,9.09,54.44
$GC,1522,-0.91,-146.6,2569,3206,3443,3385,121.2,-5.8,100,1526,0.00,2.08,0.00,0.000,1030,0.000,0.021,2570,1788,3414,3443,3385,0,0,0,0,0,0,25.74,25.68,25.77,9.08,54.37
$GC,1715,-0.91,-146.6,2569,1788,3444,3385,133.3,-6.2,110,1717,0.00,0.00,0.00,0.000,6,0.000,0.000,2570,1788,3414,3444,3385,0,0,0,0,0,0,26.36,26.36,26.36,9.06,55.04
$GC,1895,-0.91,-146.6,2569,1788,3444,3385,144.3,-6.1,119,1902,0.00,2.22,0.00,0.000,260,0.000,0.037,2560,3207,3414,3444,3385,0,0,0,0,0,0,26.36,25.25,26.36,9.04,54.76
$GC,1979,-0.91,-146.6,2560,3207,3444,3385,149.6,-6.4,123,1985,0.10,2.10,0.00,0.000,3078,0.137,0.029,2591,1814,3414,3444,3385,0,0,0,0,0,0,25.21,25.48,25.29,9.04,54.64
$GC,2180,-0.91,-146.6,2590,1814,3445,3385,162.4,-6.3,133,2185,0.00,2.22,0.00,0.000,260,0.000,0.044,2583,3201,3414,3444,3385,0,0,0,0,0,0,26.36,25.10,26.37,9.03,55.51
$GC,2267,-0.91,-146.6,2582,3200,3444,3385,167.7,-6.4,137,2272,0.00,2.15,0.00,0.000,1030,0.000,0.029,2583,1809,3415,3444,3386,0,0,0,0,0,0,25.52,25.49,25.59,9.02,55.71
$GC,2469,-0.91,-146.6,2582,1809,3444,3385,182.2,-7.5,147,2475,0.00,2.28,0.00,0.000,516,0.000,0.042,2583,391,3415,3444,3386,0,0,0,0,0,0,26.37,25.15,26.37,9.01,56.53
$GC,2533,-0.91,-146.6,2582,390,3445,3385,187.0,-7.5,150,2538,0.00,2.15,0.00,0.000,1030,0.000,0.031,2573,1798,3415,3444,3386,0,0,0,0,0,0,25.57,25.49,25.60,9.01,55.71
$GC,2748,-0.91,-146.6,2573,1798,3444,3385,203.0,-7.3,160,2752,0.00,2.22,0.00,0.000,260,0.000,0.037,2564,3192,3415,3444,3386,0,0,0,0,0,0,26.37,25.30,26.38,9.00,56.37
$GC,2810,-0.91,-146.6,2563,3192,3444,3385,206.2,-7.2,161,2815,0.00,2.10,0.00,0.000,1030,0.000,0.022,2563,1777,3414,3444,3385,0,0,0,0,0,0,25.72,25.66,25.75,8.99,57.04
$GC,3036,-0.91,-146.6,2563,1776,3444,3386,223.6,-7.4,167,3040,0.00,2.15,0.00,0.000,516,0.000,0.037,2564,410,3414,3444,3385,0,0,0,0,0,0,26.37,25.26,26.39,8.98,56.65
$GC,3067,-0.91,-146.6,2563,410,3444,3386,223.6,-7.4,167,3073,0.08,2.15,0.00,0.000,3078,0.138,0.025,2588,1801,3414,3444,3385,0,0,0,0,0,0,25.18,25.60,25.27,8.99,57.56
$GC,3283,-0.91,-146.6,2587,1800,3444,3385,241.6,-7.3,173,3290,0.00,2.22,0.00,0.000,260,0.000,0.044,2580,3200,3415,3445,3385,0,0,0,0,0,0,26.38,25.21,26.39,8.97,57.52
$GC,3343,-0.91,-146.6,2580,3200,3444,3385,244.7,-7.4,174,3347,0.00,2.12,0.00,0.000,1030,0.000,0.022,2580,1790,3414,3444,3385,0,0,0,0,0,0,25.71,25.68,25.73,8.96,57.83
$GC,3567,-0.91,-146.6,2580,1789,3444,3386,263.6,-7.9,180,3572,0.00,2.25,0.00,0.000,260,0.000,0.037,2570,3208,3414,3444,3385,0,0,0,0,0,0,26.38,25.26,26.39,8.96,58.15
$GC,3614,-0.91,-146.6,2569,3208,3444,3385,266.9,-7.9,181,3618,0.00,2.08,0.00,0.000,1030,0.000,0.022,2570,1799,3414,3444,3385,0,0,0,0,0,0,25.75,25.69,25.77,8.96,58.23
$GC,3814,-0.91,-146.6,2569,1798,3444,3385,281.0,-7.0,186,3818,0.00,2.17,0.00,0.000,516,0.000,0.035,2570,413,3414,3444,3385,0,0,0,0,0,0,26.38,25.27,26.39,8.95,58.42
$GC,3861,-0.91,-146.6,2569,412,3444,3385,284.1,-6.9,187,3868,0.10,2.10,0.00,0.000,3078,0.139,0.023,2591,1812,3414,3444,3385,0,0,0,0,0,0,25.34,25.67,25.41,8.95,58.66
$GC,4059,-0.97,-146.6,2590,1812,3444,3385,295.7,-5.7,192,4064,0.00,2.17,0.00,0.000,260,0.000,0.038,2583,3198,3414,3444,3385,0,0,0,0,0,0,26.39,25.26,26.39,8.94,58.70
$GC,4174,-1.02,-146.6,2583,3198,3443,3385,300.4,-5.6,194,4178,0.00,2.08,0.00,0.000,1030,0.000,0.022,2583,1794,3414,3443,3385,0,0,0,0,0,0,25.74,25.68,25.77,8.94,58.54
$GC,4388,-1.02,-146.6,2582,1793,3442,3385,313.9,-5.5,200,4393,0.00,2.20,0.00,0.000,516,0.000,0.036,2583,419,3413,3442,3385,0,0,0,0,0,0,26.39,25.27,26.39,8.93,59.01
$GC,4451,-1.02,-146.6,2582,419,3442,3385,316.5,-5.6,201,4455,0.00,2.08,0.00,0.000,1030,0.000,0.023,2574,1802,3413,3442,3385,0,0,0,0,0,0,25.73,25.67,25.75,8.93,59.01
$GC,4677,-1.02,-146.6,2574,1802,3441,3385,330.5,-5.9,207,4683,0.00,2.20,0.00,0.000,260,0.000,0.038,2564,3199,3413,3441,3385,0,0,0,0,0,0,26.39,25.25,26.39,8.92,59.56
$GC,4725,-1.02,-146.6,2563,3200,3440,3384,333.0,-5.9,208,4730,0.00,2.08,0.00,0.000,1030,0.000,0.022,2564,1796,3412,3440,3385,0,0,0,0,0,0,25.75,25.68,25.77,8.92,59.72
$GC,4920,-1.02,-146.6,2563,1796,3440,3385,346.1,-6.6,213,4924,0.00,2.17,0.00,0.000,516,0.000,0.036,2564,417,3412,3439,3385,0,0,0,0,0,0,26.39,25.25,26.39,8.91,59.84
$GC,4966,-1.02,-146.6,2563,415,3440,3385,349.3,-6.8,214,4970,0.00,2.10,0.00,0.000,1030,0.000,0.023,2555,1811,3412,3439,3385,0,0,0,0,0,0,25.72,25.66,25.75,8.91,59.92
$GC,5164,-1.02,-146.6,2554,1810,3437,3385,363.8,-7.3,219,5168,0.00,2.17,0.00,0.000,260,0.000,0.038,2545,3192,3411,3437,3385,0,0,0,0,0,0,26.39,25.25,26.39,8.91,60.43
$GC,5208,-1.02,-146.6,2545,3194,3436,3385,367.1,-7.4,220,5212,0.00,2.08,0.00,0.000,1030,0.000,0.022,2545,1793,3410,3436,3385,0,0,0,0,0,0,25.74,25.68,25.76,8.90,60.04
$GC,5411,-1.02,-146.6,2545,1793,3435,3385,382.5,-7.7,225,5415,0.00,2.17,0.00,0.000,516,0.000,0.037,2545,419,3410,3435,3385,0,0,0,0,0,0,26.39,25.25,26.39,8.90,60.12
$GC,5457,-1.02,-146.6,2544,419,3435,3385,386.0,-7.8,226,5461,0.00,2.10,0.00,0.000,1030,0.000,0.024,2536,1811,3410,3435,3385,0,0,0,0,0,0,25.71,25.65,25.74,8.90,60.27
$GC,5657,-1.02,-146.6,2535,1811,3433,3384,401.8,-8.0,231,5661,0.00,2.20,0.00,0.000,260,0.000,0.038,2525,3186,3408,3433,3384,0,0,0,0,0,0,26.39,25.25,26.39,8.90,60.98
$GC,5703,-1.02,-146.6,2525,3186,3434,3383,405.5,-8.0,232,5707,0.00,2.08,0.00,0.000,1030,0.000,0.022,2525,1791,3408,3433,3383,0,0,0,0,0,0,25.74,25.67,25.76,8.89,60.31
$GC,5902,-1.02,-146.6,2525,1790,3434,3382,422.2,-8.3,237,5909,0.10,2.17,0.00,0.000,2564,0.149,0.037,2556,419,3408,3434,3382,0,0,0,0,0,0,25.88,25.21,25.89,8.89,60.47
$GC,5931,-1.02,-146.6,2555,419,3433,3382,422.2,-8.3,237,5936,0.00,2.08,0.00,0.000,1030,0.000,0.024,2548,1802,3408,3433,3383,0,0,0,0,0,0,25.71,25.65,25.74,8.89,60.67
$GC,6146,-1.02,-146.6,2548,1801,3433,3381,442.4,-8.2,243,6150,0.00,2.20,0.00,0.000,260,0.000,0.038,2538,3200,3407,3433,3382,0,0,0,0,0,0,26.39,25.24,26.40,8.88,60.67
$GC,6173,-1.02,-146.6,2538,3200,3433,3381,442.4,-8.2,243,6177,0.00,2.08,0.00,0.000,1030,0.000,0.022,2538,1798,3407,3433,3381,0,0,0,0,0,0,25.73,25.67,25.75,8.88,60.94
$GC,6392,-1.02,-146.6,2538,1799,3432,3380,462.6,-8.2,249,6397,0.00,2.17,0.00,0.000,516,0.000,0.037,2538,423,3406,3432,3381,0,0,0,0,0,0,26.39,25.22,26.40,8.88,61.10
$GC,6449,-1.02,-146.6,2537,423,3432,3380,466.3,-8.2,250,6453,0.00,2.08,0.00,0.000,1030,0.000,0.023,2529,1802,3406,3432,3380,0,0,0,0,0,0,25.71,25.65,25.73,8.87,61.10
$GC,6638,-1.02,-146.6,2528,1802,3432,3380,482.8,-8.1,255,6639,0.00,0.00,0.00,0.000,6,0.000,0.000,2528,1801,3406,3432,3380,0,0,0,0,0,0,26.39,26.40,26.40,8.87,61.06
$GC,6838,-1.02,-146.6,2528,1802,3431,3378,499.4,-8.4,260,6842,0.00,2.20,0.00,0.000,516,0.000,0.036,2529,423,3404,3431,3378,0,0,0,0,0,0,26.39,25.22,26.40,8.86,61.69
$GC,6884,-1.02,-146.6,2528,420,3431,3378,503.1,-8.4,261,6890,0.12,2.08,0.00,0.000,3078,0.134,0.024,2557,1798,3404,3431,3378,0,0,0,0,0,0,25.22,25.63,25.31,8.87,61.38
$GC,7079,-1.02,-146.6,2556,1797,3430,3377,518.0,-7.5,266,7081,0.00,0.00,0.00,0.000,6,0.000,0.000,2557,1798,3404,3431,3377,0,0,0,0,0,0,26.39,26.40,26.40,8.86,61.57
$GC,7280,-1.02,-146.6,2556,1798,3431,3377,532.4,-7.2,271,7281,0.00,0.00,0.00,0.000,6,0.000,0.000,2556,1798,3404,3431,3377,0,0,0,0,0,0,26.39,26.40,26.40,8.86,61.49
$GC,7479,-1.02,-146.6,2556,1798,3430,3376,546.2,-6.9,276,7484,0.00,2.22,0.00,0.000,516,0.000,0.037,2556,426,3403,3430,3376,0,0,0,0,0,0,26.39,25.20,26.40,8.85,62.16
$GC,7524,-1.02,-146.6,2556,426,3430,3376,549.2,-6.8,277,7528,0.00,2.12,0.00,0.000,1030,0.000,0.024,2550,1802,3403,3430,3376,0,0,0,0,0,0,25.65,25.62,25.67,8.85,62.04
$GC,7728,-1.02,-146.6,2550,1802,3429,3376,563.6,-7.1,282,7732,0.00,2.22,0.00,0.000,260,0.000,0.038,2540,3186,3402,3429,3376,0,0,0,0,0,0,26.39,25.20,26.40,8.85,61.77
$GC,7856,-1.02,-146.6,2539,3186,3428,3376,572.6,-7.3,285,7861,0.00,2.08,0.00,0.000,1030,0.000,0.023,2540,1792,3401,3428,3375,0,0,0,0,0,0,25.70,25.64,25.73,8.84,61.97
$GC,8055,-1.02,-146.6,2539,1792,3428,3375,588.1,-7.7,290,8059,0.00,2.17,0.00,0.000,516,0.000,0.037,2539,421,3401,3427,3375,0,0,0,0,0,0,26.39,25.17,26.40,8.83,61.69
$GC,8107,-1.02,-146.6,2539,420,3428,3375,591.7,-7.8,291,8112,0.00,2.10,0.00,0.000,1030,0.000,0.024,2530,1808,3400,3427,3374,0,0,0,0,0,0,25.68,25.61,25.70,8.84,62.01
$GC,8301,-1.02,-146.6,2530,1808,3426,3374,608.0,-8.1,296,8303,0.00,0.00,0.00,0.000,6,0.000,0.000,2529,1808,3400,3426,3374,0,0,0,0,0,0,26.39,26.40,26.40,8.83,62.24
$GC,8501,-1.02,-146.6,2530,1808,3426,3373,624.2,-8.1,301,8503,0.00,0.00,0.00,0.000,6,0.000,0.000,2530,1808,3399,3426,3373,0,0,0,0,0,0,26.39,26.40,26.40,8.83,62.40
$GC,8701,-1.02,-146.6,2529,1808,3426,3372,639.3,-7.5,306,8706,0.00,2.25,0.00,0.000,516,0.000,0.037,2530,424,3399,3425,3373,0,0,0,0,0,0,26.39,25.15,26.40,8.83,62.28
$GC,8739,-1.02,-146.6,2529,424,3425,3372,639.3,-7.5,306,8747,0.10,2.12,0.00,0.000,3078,0.124,0.024,2552,1799,3398,3424,3372,0,0,0,0,0,0,25.20,25.60,25.33,8.83,62.79
$GC,8947,-1.02,-146.6,2552,1799,3424,3372,655.2,-6.4,312,8953,0.00,2.22,0.00,0.000,260,0.000,0.039,2545,3198,3398,3424,3372,0,0,0,0,0,0,26.39,25.17,26.40,8.82,62.40
$GC,9013,-1.02,-146.6,2544,3198,3423,3371,657.8,-6.2,313,9017,0.00,2.10,0.00,0.000,1030,0.000,0.023,2545,1796,3397,3423,3371,0,0,0,0,0,0,25.69,25.63,25.71,8.82,62.91
$GC,9231,-1.02,-146.6,2544,1795,3423,3371,672.3,-6.0,319,9236,0.00,2.20,0.00,0.000,516,0.000,0.038,2545,413,3397,3423,3371,0,0,0,0,0,0,26.39,25.11,26.40,8.81,62.71
$GC,9258,-1.02,-146.6,2544,413,3423,3371,672.3,-6.0,319,9265,0.00,2.12,0.00,0.000,1030,0.000,0.024,2536,1811,3397,3423,3371,0,0,0,0,0,0,25.65,25.58,25.67,8.81,62.91
$GC,9476,-1.02,-146.6,2535,1811,3423,3369,686.9,-6.0,325,9479,0.00,2.20,0.00,0.000,260,0.000,0.039,2526,3192,3396,3422,3370,0,0,0,0,0,0,26.39,25.16,26.40,8.80,63.07
$GC,9519,-1.02,-146.6,2525,3192,3422,3369,689.7,-6.1,326,9523,0.00,2.10,0.00,0.000,1030,0.000,0.023,2525,1791,3395,3422,3369,0,0,0,0,0,0,25.68,25.62,25.70,8.81,62.87
$GC,9723,-1.02,-146.6,2525,1790,3422,3368,703.5,-6.9,331,9730,0.10,2.20,0.00,0.000,2564,0.144,0.038,2556,417,3395,3422,3369,0,0,0,0,0,0,25.89,25.08,25.91,8.80,62.60
$GC,9773,-1.02,-146.6,2556,417,3421,3368,706.3,-6.9,332,9777,0.00,2.10,0.00,0.000,1030,0.000,0.024,2550,1800,3394,3421,3368,0,0,0,0,0,0,25.63,25.57,25.66,8.80,63.23
$GC,9967,-1.02,-146.6,2549,1799,3421,3367,720.2,-6.9,337,9974,0.00,2.22,0.00,0.000,260,0.000,0.039,2539,3196,3394,3421,3367,0,0,0,0,0,0,26.39,25.14,26.40,8.80,62.99
$GC,10027,-1.02,-146.6,2539,3196,3421,3367,723.1,-7.0,338,10031,0.00,2.12,0.00,0.000,1030,0.000,0.024,2539,1798,3394,3421,3367,0,0,0,0,0,0,25.63,25.61,25.70,8.79,62.91
$GC,10251,-1.02,-146.6,2539,1798,3421,3367,740.6,-7.3,344,10256,0.00,2.22,0.00,0.000,516,0.000,0.039,2539,413,3393,3421,3366,0,0,0,0,0,0,26.40,25.07,26.40,8.79,62.87
$GC,10310,-1.02,-146.6,2538,413,3420,3367,744.2,-7.6,345,10314,0.00,2.10,0.00,0.000,1030,0.000,0.025,2530,1799,3394,3421,3367,0,0,0,0,0,0,25.63,25.56,25.65,8.79,62.40
$GC,10499,-1.02,-146.6,2529,1799,3420,3366,759.8,-7.7,350,10504,0.00,2.25,0.00,0.000,260,0.000,0.040,2520,3216,3393,3420,3366,0,0,0,0,0,0,26.39,25.12,26.40,8.78,62.91
$GC,10567,-1.02,-146.6,2520,3216,3420,3366,763.2,-7.7,351,10574,0.10,2.12,0.00,0.000,3078,0.140,0.023,2551,1797,3392,3420,3365,0,0,0,0,0,0,25.25,25.59,25.32,8.79,63.42
$GC,10784,-1.02,-146.6,2551,1796,3420,3366,781.0,-7.4,357,10790,0.00,2.20,0.00,0.000,516,0.000,0.039,2551,419,3392,3420,3365,0,0,0,0,0,0,26.39,25.06,26.40,8.78,63.38
$GC,10827,-1.02,-146.6,2550,419,3420,3365,784.0,-7.4,358,10831,0.00,2.10,0.00,0.000,1030,0.000,0.025,2544,1799,3393,3420,3366,0,0,0,0,0,0,25.61,25.54,25.64,8.78,63.62
$GC,11027,-1.02,-146.6,2543,1799,3419,3365,798.4,-7.3,363,11033,0.00,2.22,0.00,0.000,260,0.000,0.039,2534,3199,3392,3419,3365,0,0,0,0,0,0,26.39,25.10,26.40,8.78,63.93
$GC,11076,-1.02,-146.6,2534,3199,3419,3365,801.4,-7.2,364,11080,0.00,2.10,0.00,0.000,1030,0.000,0.024,2534,1797,3392,3419,3365,0,0,0,0,0,0,25.64,25.58,25.67,8.77,63.66
$GC,11270,-1.02,-146.6,2534,1797,3419,3365,816.2,-7.3,369,11276,0.00,2.22,0.00,0.000,516,0.000,0.039,2534,411,3391,3419,3364,0,0,0,0,0,0,26.39,25.04,26.40,8.77,63.82
$GC,11334,-1.02,-146.6,2533,411,3418,3365,819.4,-7.4,370,11341,0.00,2.12,0.00,0.000,1030,0.000,0.025,2525,1805,3391,3418,3365,0,0,0,0,0,0,25.58,25.51,25.61,8.77,63.86
$GC,11551,-1.02,-146.6,2525,1805,3418,3364,838.1,-7.7,376,11558,0.10,2.22,0.00,0.000,2308,0.145,0.039,2548,3195,3391,3418,3364,0,0,0,0,0,0,25.89,25.06,25.90,8.77,63.23
$GC,11601,-1.02,-146.6,2548,3195,3418,3363,841.2,-7.7,377,11606,0.00,2.10,0.00,0.000,1030,0.000,0.024,2548,1800,3390,3418,3363,0,0,0,0,0,0,25.63,25.57,25.66,8.77,63.70
$GC,11795,-1.02,-146.6,2548,1801,3418,3363,856.5,-7.6,382,11801,0.00,2.22,0.00,0.000,516,0.000,0.039,2548,416,3390,3418,3363,0,0,0,0,0,0,26.39,25.01,26.40,8.77,63.46
$GC,11819,-1.02,-146.6,2548,416,3418,3363,856.5,-7.6,382,11826,0.00,2.12,0.00,0.000,1030,0.000,0.025,2540,1808,3390,3418,3363,0,0,0,0,0,0,25.58,25.51,25.60,8.77,63.19
$GC,12036,-1.02,-146.6,2539,1808,3418,3362,876.1,-8.2,388,12041,0.00,2.25,0.00,0.000,260,0.000,0.040,2529,3218,3390,3418,3362,0,0,0,0,0,0,26.39,25.06,26.40,8.76,64.37
$GC,12123,-1.02,-146.6,2529,3218,3416,3361,882.8,-8.1,390,12128,0.00,2.17,0.00,0.000,1030,0.000,0.024,2529,1774,3389,3417,3362,0,0,0,0,0,0,25.60,25.53,25.63,8.76,64.01
$GC,12323,-1.02,-146.6,2528,1774,3417,3361,899.5,-8.2,395,12324,0.00,0.00,0.00,0.000,6,0.000,0.000,2529,1774,3389,3417,3361,0,0,0,0,0,0,26.39,26.40,26.40,8.75,63.82
$GC,12523,-1.02,-146.6,2528,1774,3417,3361,915.4,-8.0,400,12528,0.00,2.22,0.00,0.000,516,0.000,0.040,2529,416,3388,3416,3360,0,0,0,0,0,0,26.39,24.98,26.39,8.75,64.09
$GC,12570,-1.02,-146.6,2528,416,3417,3361,919.1,-8.1,401,12577,0.12,2.12,0.00,0.000,3078,0.132,0.026,2557,1806,3388,3416,3360,0,0,0,0,0,0,25.09,25.49,25.17,8.75,64.21
$GC,12769,-1.08,-146.6,2557,1805,3416,3360,934.1,-7.5,406,12775,0.00,2.22,0.00,0.000,260,0.000,0.040,2549,3194,3388,3416,3360,0,0,0,0,0,0,26.38,25.03,26.39,8.75,63.97
$GC,12934,-1.08,-146.6,2549,3194,3416,3359,946.3,-7.4,410,12939,0.00,2.12,0.00,0.000,1030,0.000,0.024,2550,1791,3386,3415,3358,0,0,0,0,0,0,25.58,25.52,25.60,8.75,64.37
$GC,13138,-1.08,-146.6,2549,1791,3415,3359,961.4,-7.4,415,13143,0.00,2.25,0.00,0.000,260,0.000,0.041,2539,3197,3387,3416,3359,0,0,0,0,0,0,26.39,25.01,26.39,8.75,64.60
$GC,13176,-1.08,-146.6,2538,3197,3415,3359,961.4,-7.4,415,13183,0.00,2.10,0.00,0.000,1030,0.000,0.024,2539,1796,3387,3415,3359,0,0,0,0,0,0,25.58,25.52,25.61,8.75,64.80
$GC,13385,-1.08,-146.6,2538,1797,3415,3359,979.2,-7.3,421,13389,0.00,2.22,0.00,0.000,516,0.000,0.040,2539,419,3387,3415,3359,0,0,0,0,0,0,26.39,24.94,26.39,8.74,63.93
$GC,13482,-1.08,-146.6,2539,418,3415,3358,985.7,-7.6,423,13487,0.00,2.12,0.00,0.000,1030,0.000,0.026,2530,1807,3387,3415,3359,0,0,0,0,0,0,25.54,25.47,25.57,8.74,63.82
$STATE,13548,end dive,TARGET_DEPTH_EXCEEDED
$STATE,13548,begin apogee
$GC,13556,-0.42,0.0,2526,2253,3414,3358,992.0,-7.6,425,13697,0.68,0.00,136.85,1.347,10246,0.106,0.000,2744,2253,2805,2897,2714,0,0,0,0,0,0,24.38,23.46,22.45,8.74,64.41
$STATE,13698,end apogee,CONTROL_FINISHED_OK
$STATE,13698,begin climb
$GC,13701,1.09,146.6,2743,2253,2895,2713,997.1,0.0,428,13863,1.48,2.45,151.65,1.280,10756,0.069,0.033,3241,871,2205,2289,2122,0,0,0,0,0,0,23.63,22.39,21.70,8.69,62.75
$GC,13886,0.94,227.1,3240,871,2289,2122,988.1,6.3,433,13979,0.17,2.33,85.97,1.242,13318,0.125,0.027,3192,2243,1879,2009,1749,0,0,0,0,0,0,23.03,23.39,21.56,8.64,61.26
$GC,14196,0.95,234.5,3191,2244,2008,1747,957.8,9.7,441,14206,0.00,0.00,8.12,1.055,8198,0.000,0.000,3192,2243,1848,1982,1714,0,0,0,0,0,0,26.15,24.77,23.60,8.61,62.87
$GC,14398,1.01,243.1,3192,2243,1981,1713,938.6,9.6,446,14413,0.00,2.20,9.80,1.118,8708,0.000,0.034,3198,856,1812,1950,1675,0,0,0,0,0,0,26.31,24.88,24.06,8.60,63.82
$GC,14475,1.02,255.6,3197,857,1950,1675,931.4,9.4,448,14494,0.00,2.15,13.50,1.175,9222,0.000,0.028,3198,2259,1763,1907,1619,0,0,0,0,0,0,25.75,25.66,24.01,8.60,63.78
$GC,14714,1.09,267.6,3197,2259,1904,1617,908.6,9.5,454,14729,0.05,0.00,12.57,1.164,10246,0.136,0.000,3273,2259,1714,1864,1565,0,0,0,0,0,0,26.09,25.20,24.12,8.60,63.90
$GC,14915,1.09,267.6,3273,2260,1862,1563,888.1,10.3,459,14917,0.12,0.00,0.00,0.000,4102,0.129,0.000,3234,2259,1712,1862,1563,0,0,0,0,0,0,25.74,25.82,25.79,8.58,64.45
$GC,15114,1.11,280.3,3233,2259,1862,1563,869.2,9.4,464,15129,0.00,0.00,13.10,1.172,8198,0.000,0.000,3234,2259,1661,1814,1508,0,0,0,0,0,0,26.29,25.19,24.10,8.58,65.27
$GC,15315,1.12,291.3,3233,2259,1813,1507,850.2,9.5,469,15334,0.00,2.28,11.50,1.138,8708,0.000,0.035,3242,853,1614,1772,1457,0,0,0,0,0,0,26.27,25.29,24.13,8.57,65.12
$GC,15396,1.13,300.8,3242,853,1772,1457,842.6,9.6,471,15411,0.00,2.15,10.27,1.110,9222,0.000,0.029,3242,2259,1578,1738,1418,0,0,0,0,0,0,25.77,25.68,24.10,8.57,65.59
$GC,15630,1.13,300.8,3242,2259,1737,1416,818.6,10.2,477,15634,0.00,2.20,0.00,0.000,516,0.000,0.036,3250,860,1576,1737,1416,0,0,0,0,0,0,26.26,25.52,26.27,8.56,64.68
$GC,15676,1.13,300.8,3250,860,1737,1416,814.1,10.2,478,15680,0.00,2.12,0.00,0.000,1030,0.000,0.029,3251,2250,1576,1737,1416,0,0,0,0,0,0,25.71,25.62,25.74,8.56,65.23
$GC,15874,1.13,300.8,3250,2250,1737,1416,793.0,10.6,483,15875,0.00,0.00,0.00,0.000,6,0.000,0.000,3250,2250,1576,1737,1416,0,0,0,0,0,0,26.27,26.28,26.28,8.56,65.00
$GC,16074,1.13,300.8,3250,2250,1737,1416,771.7,10.7,488,16078,0.00,2.20,0.00,0.000,516,0.000,0.036,3260,860,1576,1737,1416,0,0,0,0,0,0,26.28,25.31,26.29,8.56,65.43
$GC,16175,1.13,300.8,3260,858,1737,1416,763.1,10.5,490,16179,0.00,2.17,0.00,0.000,1030,0.000,0.029,3260,2247,1576,1737,1415,0,0,0,0,0,0,25.58,25.47,25.62,8.56,65.71
$GC,16399,1.13,300.8,3260,2247,1737,1415,737.3,10.7,496,16400,0.00,0.00,0.00,0.000,6,0.000,0.000,3260,2247,1576,1737,1416,0,0,0,0,0,0,26.29,26.31,26.31,8.56,65.90
$GC,16599,1.13,300.8,3260,2247,1737,1416,715.8,10.7,501,16603,0.00,2.22,0.00,0.000,516,0.000,0.036,3268,866,1576,1737,1415,0,0,0,0,0,0,26.30,25.22,26.31,8.55,65.83
$GC,16676,1.13,300.8,3268,866,1737,1416,711.0,10.7,502,16684,0.00,2.15,0.00,0.000,1030,0.000,0.029,3269,2264,1576,1737,1416,0,0,0,0,0,0,25.48,25.39,25.52,8.55,65.47
$GC,16884,1.13,300.8,3268,2263,1737,1416,685.0,10.9,508,16887,0.00,2.22,0.00,0.000,516,0.000,0.036,3276,864,1576,1737,1416,0,0,0,0,0,0,26.32,25.18,26.32,8.55,66.02
$GC,16915,1.13,300.8,3276,863,1737,1415,685.0,10.9,508,16920,0.05,2.17,0.00,0.000,5126,0.095,0.029,3246,2250,1576,1737,1416,0,0,0,0,0,0,25.07,25.40,25.16,8.54,66.06
$GC,17130,1.13,300.8,3246,2251,1737,1416,659.6,10.2,514,17131,0.00,0.00,0.00,0.000,6,0.000,0.000,3246,2250,1576,1737,1416,0,0,0,0,0,0,26.32,26.33,26.33,8.54,65.94
$GC,17330,1.13,300.8,3246,2250,1736,1416,638.8,10.3,519,17334,0.00,2.20,0.00,0.000,516,0.000,0.037,3254,861,1576,1737,1416,0,0,0,0,0,0,26.33,25.13,26.33,8.54,66.18
$GC,17442,1.13,300.8,3254,861,1736,1416,630.3,10.3,521,17451,0.00,2.15,0.00,0.000,1030,0.000,0.029,3254,2249,1576,1737,1416,0,0,0,0,0,0,25.44,25.34,25.46,8.55,65.86
$GC,17654,1.13,300.8,3254,2249,1737,1416,605.7,10.2,527,17659,0.00,2.22,0.00,0.000,516,0.000,0.036,3262,869,1576,1737,1416,0,0,0,0,0,0,26.33,25.13,26.34,8.54,65.90
$GC,17758,1.13,300.8,3262,869,1737,1416,597.2,10.1,529,17762,0.00,2.12,0.00,0.000,1030,0.000,0.029,3262,2250,1576,1736,1416,0,0,0,0,0,0,25.42,25.34,25.46,8.54,65.75
$GC,17981,1.13,304.3,3261,2250,1737,1415,573.4,9.8,535,17993,0.00,2.20,4.15,0.721,8708,0.000,0.034,3270,858,1561,1721,1402,0,0,0,0,0,0,26.34,24.79,23.95,8.55,66.46
$GC,18025,1.13,308.4,3269,859,1721,1402,569.3,9.8,536,18038,0.00,2.15,5.45,0.848,9222,0.000,0.028,3270,2249,1546,1706,1387,0,0,0,0,0,0,25.48,25.39,24.16,8.54,66.42
$GC,18222,1.13,308.4,3269,2249,1706,1387,549.4,10.0,541,18224,0.00,0.00,0.00,0.000,6,0.000,0.000,3270,2249,1546,1706,1387,0,0,0,0,0,0,26.32,26.34,26.33,8.54,65.90
$GC,18422,1.13,308.4,3269,2249,1706,1387,529.0,10.2,546,18426,0.00,2.20,0.00,0.000,516,0.000,0.036,3278,863,1546,1706,1387,0,0,0,0,0,0,26.33,25.15,26.34,8.55,66.38
$GC,18498,1.13,308.4,3277,862,1706,1387,524.6,10.2,547,18505,0.00,2.15,0.00,0.000,1030,0.000,0.029,3277,2259,1546,1706,1387,0,0,0,0,0,0,25.44,25.35,25.48,8.55,65.79
$GC,18705,1.13,308.4,3277,2259,1706,1387,499.3,10.6,553,18707,0.00,0.00,0.00,0.000,6,0.000,0.000,3277,2259,1546,1706,1387,0,0,0,0,0,0,26.33,26.34,26.34,8.55,65.75
$GC,18907,1.13,308.4,3277,2259,1707,1387,477.8,10.8,558,18909,0.00,0.00,0.00,0.000,6,0.000,0.000,3278,2259,1546,1706,1387,0,0,0,0,0,0,26.34,26.34,26.34,8.55,65.71
$GC,19105,1.13,308.4,3277,2259,1706,1387,456.5,10.6,563,19109,0.00,2.22,0.00,0.000,516,0.000,0.036,3287,862,1546,1706,1387,0,0,0,0,0,0,26.34,25.08,26.35,8.55,66.18
$GC,19156,1.13,308.4,3286,859,1706,1387,452.1,10.5,564,19162,0.12,2.15,0.00,0.000,5126,0.123,0.028,3248,2252,1546,1706,1387,0,0,0,0,0,0,25.00,25.32,25.08,8.55,65.79
$GC,19352,1.19,313.0,3247,2252,1706,1387,432.2,9.8,569,19360,0.00,0.00,6.03,0.807,8198,0.000,0.000,3248,2251,1527,1688,1366,0,0,0,0,0,0,26.34,25.21,24.13,8.55,65.71
$GC,19554,1.25,316.3,3247,2252,1686,1365,412.5,9.9,574,19564,0.08,2.22,4.25,0.677,10756,0.094,0.035,3329,866,1513,1673,1353,0,0,0,0,0,0,26.12,25.32,24.18,8.56,65.86
$GC,19638,1.25,316.3,3329,866,1674,1359,403.6,10.3,576,19644,0.15,2.12,0.00,0.000,5126,0.127,0.029,3282,2252,1516,1674,1358,0,0,0,0,0,0,25.04,25.43,25.15,8.56,65.59
$GC,19838,1.25,316.3,3282,2252,1674,1358,382.6,10.2,581,19842,0.00,2.20,0.00,0.000,516,0.000,0.036,3290,864,1516,1674,1358,0,0,0,0,0,0,26.33,25.13,26.34,8.56,65.55
$GC,19882,1.25,316.3,3289,862,1674,1358,378.1,10.4,582,19886,0.00,2.15,0.00,0.000,1030,0.000,0.028,3290,2257,1516,1674,1358,0,0,0,0,0,0,25.43,25.34,25.46,8.56,66.10
$GC,20085,1.25,316.3,3289,2256,1674,1358,356.7,10.6,587,20086,0.00,0.00,0.00,0.000,6,0.000,0.000,3290,2257,1515,1673,1358,0,0,0,0,0,0,26.34,26.34,26.34,8.56,65.04
$GC,20285,1.25,316.3,3289,2256,1674,1358,334.6,11.2,592,20290,0.00,2.22,0.00,0.000,516,0.000,0.035,3299,857,1516,1674,1358,0,0,0,0,0,0,26.34,25.06,26.34,8.57,65.55
$GC,20357,1.25,316.3,3299,857,1674,1358,329.4,11.4,593,20362,0.00,2.15,0.00,0.000,1030,0.000,0.029,3299,2248,1516,1674,1358,0,0,0,0,0,0,25.37,25.29,25.41,8.57,65.67
$GC,20564,1.25,316.3,3299,2248,1674,1358,301.3,12.1,598,20566,0.00,0.00,0.00,0.000,6,0.000,0.000,3299,2248,1515,1673,1358,0,0,0,0,0,0,26.34,26.35,26.35,8.57,64.92
$GC,20765,1.25,316.3,3299,2248,1674,1358,277.5,11.9,603,20769,0.00,2.20,0.00,0.000,516,0.000,0.035,3308,856,1516,1674,1358,0,0,0,0,0,0,26.34,25.06,26.35,8.57,65.04
$GC,20851,1.25,316.3,3307,856,1674,1358,267.4,11.8,605,20856,0.00,2.15,0.00,0.000,1030,0.000,0.029,3308,2250,1516,1674,1358,0,0,0,0,0,0,25.36,25.27,25.39,8.58,65.00
$GC,21045,1.25,316.3,3307,2250,1674,1358,244.0,12.0,610,21046,0.00,0.00,0.00,0.000,6,0.000,0.000,3308,2249,1515,1673,1358,0,0,0,0,0,0,26.34,26.36,26.35,8.57,64.88
$GC,21247,1.25,316.3,3308,2249,1674,1358,219.6,12.2,615,21249,0.00,0.00,0.00,0.000,6,0.000,0.000,3308,2249,1516,1674,1358,0,0,0,0,0,0,26.35,26.36,26.36,8.58,64.41
$GC,21445,1.25,316.3,3307,2249,1674,1358,195.9,11.7,620,21449,0.00,2.22,0.00,0.000,516,0.000,0.036,3317,863,1516,1674,1358,0,0,0,0,0,0,26.34,25.03,26.36,8.58,64.84
$GC,21497,1.25,316.3,3317,863,1674,1358,190.9,11.5,622,21502,0.10,2.15,0.00,0.000,5126,0.138,0.029,3286,2259,1516,1674,1358,0,0,0,0,0,0,24.96,25.26,25.04,8.58,65.04
$GC,21692,1.25,316.3,3286,2259,1674,1358,168.3,11.0,632,21696,0.00,2.30,0.00,0.000,260,0.000,0.045,3286,3669,1516,1674,1358,0,0,0,0,0,0,26.35,24.76,26.36,8.59,64.60
$GC,21728,1.25,316.3,3286,3669,1674,1358,165.7,11.1,633,21736,0.00,2.12,0.00,0.000,1030,0.000,0.023,3295,2245,1516,1674,1358,0,0,0,0,0,0,25.58,25.52,25.60,8.59,64.29
$GC,21915,1.25,316.3,3294,2245,1673,1358,144.0,11.0,643,21921,0.00,2.20,0.00,0.000,516,0.000,0.035,3303,867,1515,1673,1358,0,0,0,0,0,0,26.35,25.06,26.36,8.59,64.53
$GC,22001,1.25,316.3,3302,867,1674,1358,134.7,10.9,647,22006,0.00,2.17,0.00,0.000,1030,0.000,0.029,3303,2254,1516,1674,1358,0,0,0,0,0,0,25.31,25.27,25.33,8.60,64.17
$GC,22206,1.25,316.3,3302,2254,1674,1358,110.9,11.8,657,22212,0.00,2.28,0.00,0.000,260,0.000,0.044,3303,3659,1516,1674,1358,0,0,0,0,0,0,26.35,24.78,26.36,8.60,63.97
$GC,22269,1.25,316.3,3302,3659,1674,1358,103.7,11.7,660,22274,0.00,2.15,0.00,0.000,1030,0.000,0.022,3312,2251,1516,1674,1358,0,0,0,0,0,0,25.56,25.54,25.58,8.60,64.37
$GC,22469,1.26,329.8,3311,2251,1674,1358,83.9,9.4,670,22487,0.00,0.00,13.57,0.726,8454,0.000,0.000,3312,2251,1457,1622,1293,0,0,0,0,0,0,26.36,25.15,24.27,8.61,64.01
$GC,22668,1.30,366.7,3311,2251,1621,1294,65.6,8.3,680,22707,0.00,2.20,31.98,0.751,8708,0.000,0.034,3321,857,1310,1483,1137,0,0,0,0,0,0,26.34,24.82,24.27,8.61,64.53
$GC,22803,1.40,466.7,3321,857,1483,1137,59.6,5.4,686,22925,0.00,2.15,103.25,0.715,9222,0.000,0.028,3321,2261,899,990,809,0,0,0,0,2,0,25.61,25.53,23.96,8.64,64.45
$GC,23117,1.50,488.0,3321,2261,985,807,33.0,9.0,711,23145,0.08,0.00,20.02,0.670,10246,0.094,0.000,3410,2262,812,889,735,0,0,0,0,0,0,26.03,25.13,24.34,8.69,65.04
$GC,23326,1.50,488.0,3409,2261,888,734,9.9,11.2,732,23336,0.15,2.20,0.00,0.000,4356,0.127,0.043,3363,3644,811,888,734,0,0,0,0,0,0,25.62,25.48,25.69,8.74,64.56
$STATE,23390,end climb,SURFACE_DEPTH_REACHED
$STATE,23390,begin surface coast
$FINISH,0.1,1.022369
$STATE,23413,end surface coast,CONTROL_FINISHED_OK
$STATE,23413,begin surface
$SM_CCo,23497,0.00,0.000,0,0,809,489.62
$SM_GC,0.04,8.23,2.85,0.00,0.028,0.022,0.000,173,1821,809,-8.28,1.84,489.62,0,0,0,0,0,0,25.86,25.70,25.89
$IRIDIUM_FIX,909.63,-14334.90,120525,062053
$TT8_MAMPS,0.026215,0.356524
$HUMID,59.80
$INTERNAL_PRESSURE,8.72232
$TCM_TEMP,18.60
$XPDR_PINGS,0
$ALTIM_TOP_PING,19.9,19.7
$24V_AH,21.56,118.374
$10V_AH,9.63,72.844
$FG_AHR_24Vo,0.000
$FG_AHR_10Vo,0.000
$DEVICES,Pitch_motor,Roll_motor,VBD_pump_during_apogee,VBD_pump_during_surface,VBD_valve,Iridium_during_init,Iridium_during_connect,Iridium_during_xfer,Transponder_ping,GUMSTIX_24V,GPS,TT8,LPSleep,TT8_Active,TT8_Sampling,TT8_CF8,TT8_Kalman,Analog_circuits,GPS_charging,Compass,RAFOS,Transponder,Compass2
$DEVICE_SECS,21.800,287.950,642.050,0.000,0.000,0.000,0.000,300.000,0.250,0.000,45.313,3163.613,16357.100,800.874,3104.561,534.220,0.000,2763.153,0.000,2637.210,0.000,2.763,0.000
$DEVICE_MAMPS,198.135,49.725,1347.165,0.000,0.000,0.000,0.000,89.505,420.000,0.000,30.710,15.210,2.190,15.210,43.670,53.410,0.000,14.000,0.000,8.240,0.000,30.000,0.000
$SENSORS,SBE_CT,WL_blue_red_Chl,AA4330,nil,nil,nil,nil,nil,nil,nil
$SENSOR_SECS,642.426,0.000,990.409,0.000,0.000,0.000,0.000,0.000,0.000,0.000
$SENSOR_MAMPS,22.470,0.000,11.230,0.000,0.000,0.000,0.000,0.000,0.000,0.000
$MEM,311948
$DATA_FILE_SIZE,55761,740
$CAP_FILE_SIZE,254554,0
$CFSIZE,2097872896,1997570048
$ERRORS,0,0,0,0,0,0,0,0,0,0,0,0,0,2,2,0
$CURRENT,0.152,62.04,1
$GPS,260905,194618,913.242,-14334.847,38,0.8,50,9.3,0.0,252.6,10,4.6
