version: 66.11
glider: 175
mission: 10
dive: 59
start: 1 25 126 7 39 50
data:
$ID,175
$MISSION,10
$DIVE,59
$N_DIVES,0
$D_SURF,3
$D_FLARE,3
$D_TGT,200
$D_ABORT,1090
$D_NO_BLEED,500
$D_BOOST,3
$T_BOOST,0
$D_FINISH,0
$D_PITCH,0
$D_SAFE,0
$D_CALL,0
$SURFACE_URGENCY,0
$SURFACE_URGENCY_TRY,0
$SURFACE_URGENCY_FORCE,0
$T_DIVE,65
$T_MISSION,85
$T_ABORT,1440
$T_TURN,300
$T_TURN_SAMPINT,5
$T_NO_W,120
$T_LOITER,0
$T_EPIRB,0
$USE_BATHY,0
$USE_ICE,0
$ICE_FREEZE_MARGIN,0.30000001
$D_OFFGRID,100
$T_WATCHDOG,10
$RELAUNCH,1
$APOGEE_PITCH,-8
$MAX_BUOY,150
$COURSE_BIAS,0
$GLIDE_SLOPE,30
$SPEED_FACTOR,1
$RHO,1.023
$MASS,51902
$MASS_COMP,0
$NAV_MODE,2
$FERRY_MAX,45
$KALMAN_USE,2
$HD_A,0.003
$HD_B,0.0099999998
$HD_C,9.9999997e-06
$HEADING,-1
$ESCAPE_HEADING,0
$ESCAPE_HEADING_DELTA,10
$FIX_MISSING_TIMEOUT,0
$TGT_DEFAULT_LAT,4750.7002
$TGT_DEFAULT_LON,-12222
$TGT_AUTO_DEFAULT,0
$SM_CC,457.23199
$N_FILEKB,4
$FILEMGR,0
$CALL_NDIVES,1
$COMM_SEQ,0
$PROTOCOL,9
$N_NOCOMM,1
$NOCOMM_ACTION,0
$N_NOSURFACE,0
$UPLOAD_DIVES_MAX,-1
$CALL_TRIES,5
$CALL_WAIT,60
$CAPUPLOAD,1
$CAPMAXSIZE,200000
$HEAPDBG,0
$T_GPS,15
$N_GPS,30
$T_GPS_ALMANAC,0
$T_GPS_CHARGE,-36034.91
$T_RSLEEP,2
$STROBE,0
$RAFOS_PEAK_OFFSET,1.5
$RAFOS_CORR_THRESH,60
$RAFOS_HIT_WINDOW,3600
$PITCH_MIN,255
$PITCH_MAX,3935
$C_PITCH,2650
$PITCH_DBAND,0.0099999998
$PITCH_CNV,0.003125763
$P_OVSHOOT,0.039999999
$PITCH_GAIN,30
$PITCH_TIMEOUT,17
$PITCH_AD_RATE,160
$PITCH_MAXERRORS,1
$PITCH_ADJ_GAIN,0.02
$PITCH_ADJ_DBAND,2.5
$ROLL_MIN,171
$ROLL_MAX,3723
$ROLL_DEG,40
$C_ROLL_DIVE,2350
$C_ROLL_CLIMB,2175
$HEAD_ERRBAND,10
$ROLL_CNV,0.028270001
$ROLL_TIMEOUT,15
$R_PORT_OVSHOOT,63
$R_STBD_OVSHOOT,76
$ROLL_AD_RATE,300
$ROLL_MAXERRORS,2
$ROLL_ADJ_GAIN,0
$ROLL_ADJ_DBAND,0
$VBD_MIN,465
$VBD_MAX,3960
$C_VBD,2090
$VBD_DBAND,2
$VBD_CNV,-0.25119999
$VBD_TIMEOUT,720
$PITCH_VBD_SHIFT,0.0012300001
$VBD_PUMP_AD_RATE_SURFACE,5
$VBD_PUMP_AD_RATE_APOGEE,4
$VBD_BLEED_AD_RATE,8
$UNCOM_BLEED,60
$VBD_MAXERRORS,1
$W_ADJ_DBAND,2
$DBDW,0
$PITCH_W_GAIN,0
$PITCH_W_DBAND,1
$CF8_MAXERRORS,5
$AH0_24V,145
$AH0_10V,95
$MINV_24V,19
$MINV_10V,8
$FG_AHR_10V,0
$FG_AHR_24V,0
$PHONE_SUPPLY,2
$PRESSURE_YINT,-18.492611
$PRESSURE_SLOPE,0.0001165895
$AD7714Ch0Gain,128
$TCM_PITCH_OFFSET,0
$TCM_ROLL_OFFSET,0
$COMPASS_USE,4
$ALTIM_BOTTOM_PING_RANGE,0
$ALTIM_TOP_PING_RANGE,20
$ALTIM_BOTTOM_TURN_MARGIN,25
$ALTIM_TOP_TURN_MARGIN,0
$ALTIM_TOP_MIN_OBSTACLE,1
$ALTIM_PING_DEPTH,60
$ALTIM_PING_DELTA,5
$ALTIM_FREQUENCY,13
$ALTIM_PULSE,3
$ALTIM_SENSITIVITY,3
$XPDR_VALID,5
$XPDR_INHIBIT,90
$INT_PRESSURE_SLOPE,0.0097660003
$INT_PRESSURE_YINT,-0.40000001
$DEEPGLIDER,0
$DEEPGLIDERMB,0
$MOTHERBOARD,4
$DEVICE1,2
$DEVICE2,101
$DEVICE3,38
$DEVICE4,-1
$DEVICE5,-1
$DEVICE6,-1
$LOGGERS,7
$LOGGERDEVICE1,-1
$LOGGERDEVICE2,-1
$LOGGERDEVICE3,-1
$LOGGERDEVICE4,-1
$COMPASS_DEVICE,33
$COMPASS2_DEVICE,-1
$PHONE_DEVICE,49
$GPS_DEVICE,32
$RAFOS_DEVICE,-1
$XPDR_DEVICE,24
$SIM_W,0
$SIM_PITCH,0
$SEABIRD_T_G,0.0043137739
$SEABIRD_T_H,0.00062868668
$SEABIRD_T_I,2.2691316e-05
$SEABIRD_T_J,2.2586789e-06
$SEABIRD_C_G,-10.021329
$SEABIRD_C_H,1.1236943
$SEABIRD_C_I,-0.0013673168
$SEABIRD_C_J,0.00018808816
$GPS1,250126,073257,4750.997,-12223.718,10,1.6,38,18.2
$_CALLS,2
$_XMS_NAKs,0
$_XMS_TOUTs,0
$_SM_DEPTHo,-1.79
$_SM_ANGLEo,-68.6
$GPS2,250126,073922,4750.989,-12223.730,9,1.6,9,18.2
$SPEED_LIMITS,0.178,0.262
$TGT_NAME,EAST_175
$TGT_LATLONG,4750.700,-12222.000
$TGT_RADIUS,200.000
$KALMAN_CONTROL,0.000,0.000
$KALMAN_X,0.0,0.0,0.0,0.0,0.0
$KALMAN_Y,0.0,0.0,0.0,0.0,0.0
$MHEAD_RNG_PITCHd_Wd,106.2,2216,-17.9,-10.256,-21.36,2171
$D_GRID,200
$GCHEAD,st_secs,pitch_ctl,vbd_ctl,pitch_ad_start,roll_ad_start,vbd_pot1_ad_start,vbd_pot2_ad_start,depth,ob_vertv,data_pts,end_secs,pitch_secs,roll_secs,vbd_secs,vbd_i,gcphase,pitch_i,roll_i,pitch_ad,roll_ad,vbd_ad,vbd_pot1_ad,vbd_pot2_ad,pitch_retries,pitch_errors,roll_retries,roll_errors,vbd_retries,vbd_errors,pitch_volts,roll_volts,vbd_volts
$STATE,13,end surface,CONTROL_FINISHED_OK
$STATE,13,begin dive
$GC,15,-0.78,-146.6,248,2385,508,412,0.0,0.0,0,99,0.00,0.00,-80.18,0.000,16390,0.000,0.000,248,2385,2675,2759,2591,0,0,0,0,0,0,28.83,28.83,26.23
$GC,102,-0.78,-146.6,247,2385,2761,2592,0.9,-5.1,8,119,8.68,2.33,0.00,0.000,2564,0.228,0.076,2393,983,2680,2768,2593,0,0,0,0,0,0,25.33,25.70,28.83
$GC,365,-0.58,-146.6,2393,982,2776,2591,51.9,-15.7,34,375,0.28,2.05,0.00,0.000,3078,0.168,0.040,2456,2315,2684,2777,2591,0,0,0,0,0,0,25.63,26.02,28.83
$GC,405,-0.44,-146.6,2456,2315,2778,2590,56.6,-11.8,38,415,0.15,2.17,0.00,0.000,2308,0.164,0.049,2494,3723,2684,2779,2590,0,0,0,0,0,0,25.86,25.98,28.83
$GC,449,-0.44,-146.6,2493,3722,2779,2591,60.8,-9.2,42,459,0.00,2.00,0.00,0.000,3078,0.000,0.022,2494,2335,2684,2779,2590,0,0,0,0,0,0,28.83,26.17,28.83
$GC,488,-0.44,-146.6,2493,2335,2779,2589,64.1,-8.3,46,489,0.00,0.00,0.00,0.000,2054,0.000,0.000,2493,2335,2684,2779,2589,0,0,0,0,0,0,28.83,28.83,28.83
$GC,519,-0.44,-146.6,2493,2335,2779,2589,66.6,-8.1,49,528,0.00,2.17,0.00,0.000,2308,0.000,0.047,2490,3726,2684,2779,2589,0,0,0,0,0,0,28.83,26.04,28.83
$STATE,561,end dive,BOTTOM_OBSTACLE_DETECTED
$STATE,562,begin apogee
$GC,569,-0.27,0.0,2490,2168,2779,2589,70.1,-8.5,53,693,0.20,0.00,120.30,0.514,10246,0.125,0.000,2556,2168,2090,2181,1999,0,0,0,0,0,0,25.85,28.83,24.65
$STATE,695,end apogee,CONTROL_FINISHED_OK
$STATE,695,begin climb
$GC,697,0.78,146.6,2556,2168,2180,1997,74.1,0.0,66,815,1.05,2.25,111.25,0.496,11012,0.104,0.035,2896,3593,1506,1619,1393,0,0,0,0,0,0,25.20,25.17,24.58
$GC,858,0.70,146.6,2896,3593,1618,1387,54.0,15.6,82,868,0.10,2.10,0.00,0.000,5126,0.179,0.018,2875,2177,1503,1619,1387,0,0,0,0,0,0,25.32,25.53,28.83
$GC,899,0.70,146.6,2875,2175,1619,1385,48.4,14.2,86,900,0.00,0.00,0.00,0.000,6,0.000,0.000,2875,2175,1502,1619,1385,0,0,0,0,0,0,28.83,28.83,28.83
$GC,928,0.70,146.6,2875,2175,1618,1384,44.8,11.9,89,937,0.00,2.17,0.00,0.000,260,0.000,0.036,2875,3593,1501,1619,1383,0,0,0,0,0,0,28.83,25.67,28.83
$GC,980,0.70,146.6,2875,3593,1618,1383,38.3,12.6,94,989,0.00,2.08,0.00,0.000,5126,0.000,0.017,2881,2175,1500,1618,1383,0,0,0,0,0,0,28.83,25.83,28.83
$GC,1020,0.70,146.6,2880,2172,1618,1382,33.6,11.8,98,1021,0.00,0.00,0.00,0.000,4102,0.000,0.000,2881,2172,1501,1619,1383,0,0,0,0,0,0,28.83,28.83,28.83
$GC,1050,0.70,146.6,2881,2172,1618,1382,30.4,10.9,101,1051,0.00,0.00,0.00,0.000,4102,0.000,0.000,2881,2173,1500,1619,1382,0,0,0,0,0,0,28.83,28.83,28.83
$GC,1080,0.70,146.6,2881,2172,1618,1382,27.2,10.6,104,1081,0.00,0.00,0.00,0.000,4102,0.000,0.000,2881,2172,1500,1619,1382,0,0,0,0,0,0,28.83,28.83,28.83
$GC,1110,0.70,146.6,2881,2172,1619,1382,24.1,10.5,107,1120,0.00,2.10,0.00,0.000,4612,0.000,0.034,2882,789,1500,1618,1382,0,0,0,0,0,0,28.83,25.89,28.83
$GC,1165,0.70,146.6,2882,788,1614,1382,18.9,9.7,112,1173,0.00,2.12,0.00,0.000,5126,0.000,0.024,2882,2190,1498,1614,1382,0,0,0,0,0,0,28.83,26.01,28.83
$GC,1204,0.70,146.6,2882,2190,1614,1382,14.8,10.2,116,1205,0.00,0.00,0.00,0.000,4102,0.000,0.000,2882,2190,1498,1614,1382,0,0,0,0,0,0,28.83,28.83,28.83
$GC,1233,0.70,146.6,2882,2190,1614,1383,11.8,9.7,119,1234,0.00,0.00,0.00,0.000,4102,0.000,0.000,2882,2190,1498,1614,1382,0,0,0,0,0,0,28.83,28.83,28.83
$GC,1263,0.70,146.6,2882,2191,1614,1382,8.7,10.3,122,1272,0.00,2.15,0.00,0.000,4612,0.000,0.033,2882,779,1498,1614,1382,0,0,0,0,0,0,28.83,26.01,28.83
$GC,1276,0.70,146.6,2882,779,1614,1382,8.0,10.0,123,1285,0.00,2.10,0.00,0.000,5126,0.000,0.024,2882,2177,1498,1614,1382,0,0,0,0,0,0,28.83,26.08,28.83
$GC,1315,0.70,146.6,2882,2177,1614,1382,3.7,10.0,127,1316,0.00,0.00,0.00,0.000,4102,0.000,0.000,2882,2177,1498,1614,1382,0,0,0,0,0,0,28.83,28.83,28.83
$STATE,1323,end climb,SURFACE_DEPTH_REACHED
$STATE,1323,begin surface coast
$FINISH,0.7,1.021655
$STATE,1344,end surface coast,CONTROL_FINISHED_OK
$STATE,1344,begin surface
$SM_CCo,1360,194.23,0.442,1,0,464,408.20
$SM_CCo,1562,-0.17,0.000,0,0,466,408.20
$SM_CCo,1565,0.75,0.087,0,0,466,408.20
$SM_GC,-1.76,7.43,0.22,0.75,0.066,0.052,0.087,243,2374,466,-7.46,-1.47,408.20,0,0,0,0,0,0,26.02,26.19,25.20
$IRIDIUM_FIX,4729.30,-12221.39,150208,171721
$TT8_MAMPS,0.027713,0.027713
$HUMID,40.78
$INTERNAL_PRESSURE,8.07689
$TCM_TEMP,17.10
$XPDR_PINGS,19
$ALTIM_TOP_PING,20.0,6.2
$ALTIM_BOTTOM_PING,70.1,6.2
$24V_AH,24.6,23.350
$10V_AH,10.3,10.456
$FG_AHR_24Vo,0.000
$FG_AHR_10Vo,0.000
$DEVICES,Pitch_motor,Roll_motor,VBD_pump_during_apogee,VBD_pump_during_surface,VBD_valve,Iridium_during_init,Iridium_during_connect,Iridium_during_xfer,Transponder_ping,GUMSTIX_24V,GPS,TT8,LPSleep,TT8_Active,TT8_Sampling,TT8_CF8,TT8_Kalman,Analog_circuits,GPS_charging,Compass,RAFOS,Transponder,Compass2
$DEVICE_SECS,0.000,0.000,0.000,0.000,0.000,0.000,0.000,0.000,0.000,0.000,0.000,0.000,0.000,0.000,0.000,0.000,0.000,0.000,0.000,0.000,0.000,0.000,0.000
$DEVICE_MAMPS,0.000,0.000,0.000,0.000,0.000,0.000,0.000,0.000,0.000,0.000,0.000,0.000,0.000,0.000,0.000,0.000,0.000,0.000,0.000,0.000,0.000,0.000,0.000
$SENSORS,SBE_CT,AA4330,WL_BB2FLVMG,nil,nil,nil,nil,nil,nil,nil
$SENSOR_SECS,0.000,0.000,0.000,0.000,0.000,0.000,0.000,0.000,0.000,0.000
$SENSOR_MAMPS,0.000,0.000,0.000,0.000,0.000,0.000,0.000,0.000,0.000,0.000
$MEM,354976
$DATA_FILE_SIZE,10345,130
$CAP_FILE_SIZE,41930,0
$CFSIZE,260165632,254541824
$ERRORS,0,0,0,0,0,0,0,0,0,0,0,0,0,1,0,0
$CURRENT,0.050,341.8,1
$GPS,250126,080703,4750.958,-12223.539,7,1.1,29,18.2
