version: 66.11
glider: 175
mission: 10
dive: 196
start: 1 30 126 5 40 15
data:
$ID,175
$MISSION,10
$DIVE,196
$N_DIVES,0
$D_SURF,3
$D_FLARE,3
$D_TGT,200
$D_ABORT,1090
$D_NO_BLEED,500
$D_BOOST,3
$T_BOOST,0
$D_FINISH,0
$D_PITCH,0
$D_SAFE,0
$D_CALL,0
$SURFACE_URGENCY,0
$SURFACE_URGENCY_TRY,0
$SURFACE_URGENCY_FORCE,0
$T_DIVE,65
$T_MISSION,85
$T_ABORT,1440
$T_TURN,300
$T_TURN_SAMPINT,5
$T_NO_W,120
$T_LOITER,0
$T_EPIRB,0
$USE_BATHY,0
$USE_ICE,0
$ICE_FREEZE_MARGIN,0.30000001
$D_OFFGRID,100
$T_WATCHDOG,10
$RELAUNCH,1
$APOGEE_PITCH,-8
$MAX_BUOY,150
$COURSE_BIAS,0
$GLIDE_SLOPE,30
$SPEED_FACTOR,1
$RHO,1.023
$MASS,51902
$MASS_COMP,0
$NAV_MODE,2
$FERRY_MAX,45
$KALMAN_USE,2
$HD_A,0.003
$HD_B,0.0099999998
$HD_C,9.9999997e-06
$HEADING,-1
$ESCAPE_HEADING,0
$ESCAPE_HEADING_DELTA,10
$FIX_MISSING_TIMEOUT,0
$TGT_DEFAULT_LAT,4750.7002
$TGT_DEFAULT_LON,-12222
$TGT_AUTO_DEFAULT,0
$SM_CC,457.23199
$N_FILEKB,4
$FILEMGR,0
$CALL_NDIVES,1
$COMM_SEQ,0
$PROTOCOL,9
$N_NOCOMM,1
$NOCOMM_ACTION,0
$N_NOSURFACE,0
$UPLOAD_DIVES_MAX,-1
$CALL_TRIES,5
$CALL_WAIT,60
$CAPUPLOAD,1
$CAPMAXSIZE,200000
$HEAPDBG,0
$T_GPS,15
$N_GPS,30
$T_GPS_ALMANAC,0
$T_GPS_CHARGE,-36527.031
$T_RSLEEP,2
$STROBE,0
$RAFOS_PEAK_OFFSET,1.5
$RAFOS_CORR_THRESH,60
$RAFOS_HIT_WINDOW,3600
$PITCH_MIN,255
$PITCH_MAX,3935
$C_PITCH,2671
$PITCH_DBAND,0.0099999998
$PITCH_CNV,0.003125763
$P_OVSHOOT,0.039999999
$PITCH_GAIN,30
$PITCH_TIMEOUT,17
$PITCH_AD_RATE,160
$PITCH_MAXERRORS,1
$PITCH_ADJ_GAIN,0.02
$PITCH_ADJ_DBAND,2.5
$ROLL_MIN,171
$ROLL_MAX,3723
$ROLL_DEG,40
$C_ROLL_DIVE,2354
$C_ROLL_CLIMB,2165
$HEAD_ERRBAND,10
$ROLL_CNV,0.028270001
$ROLL_TIMEOUT,15
$R_PORT_OVSHOOT,56
$R_STBD_OVSHOOT,73
$ROLL_AD_RATE,300
$ROLL_MAXERRORS,2
$ROLL_ADJ_GAIN,0
$ROLL_ADJ_DBAND,0
$VBD_MIN,465
$VBD_MAX,3960
$C_VBD,2190
$VBD_DBAND,2
$VBD_CNV,-0.25119999
$VBD_TIMEOUT,720
$PITCH_VBD_SHIFT,0.0012300001
$VBD_PUMP_AD_RATE_SURFACE,5
$VBD_PUMP_AD_RATE_APOGEE,4
$VBD_BLEED_AD_RATE,8
$UNCOM_BLEED,60
$VBD_MAXERRORS,1
$W_ADJ_DBAND,2
$DBDW,0
$PITCH_W_GAIN,0
$PITCH_W_DBAND,1
$CF8_MAXERRORS,5
$AH0_24V,145
$AH0_10V,95
$MINV_24V,19
$MINV_10V,8
$FG_AHR_10V,0
$FG_AHR_24V,0
$PHONE_SUPPLY,2
$PRESSURE_YINT,-18.492611
$PRESSURE_SLOPE,0.0001165895
$AD7714Ch0Gain,128
$TCM_PITCH_OFFSET,0
$TCM_ROLL_OFFSET,0
$COMPASS_USE,4
$ALTIM_BOTTOM_PING_RANGE,0
$ALTIM_TOP_PING_RANGE,20
$ALTIM_BOTTOM_TURN_MARGIN,25
$ALTIM_TOP_TURN_MARGIN,0
$ALTIM_TOP_MIN_OBSTACLE,1
$ALTIM_PING_DEPTH,100
$ALTIM_PING_DELTA,5
$ALTIM_FREQUENCY,13
$ALTIM_PULSE,3
$ALTIM_SENSITIVITY,3
$XPDR_VALID,5
$XPDR_INHIBIT,90
$INT_PRESSURE_SLOPE,0.0097660003
$INT_PRESSURE_YINT,-0.40000001
$DEEPGLIDER,0
$DEEPGLIDERMB,0
$MOTHERBOARD,4
$DEVICE1,2
$DEVICE2,101
$DEVICE3,38
$DEVICE4,-1
$DEVICE5,-1
$DEVICE6,-1
$LOGGERS,7
$LOGGERDEVICE1,-1
$LOGGERDEVICE2,-1
$LOGGERDEVICE3,-1
$LOGGERDEVICE4,-1
$COMPASS_DEVICE,33
$COMPASS2_DEVICE,-1
$PHONE_DEVICE,49
$GPS_DEVICE,32
$RAFOS_DEVICE,-1
$XPDR_DEVICE,24
$SIM_W,0
$SIM_PITCH,0
$SEABIRD_T_G,0.0043137739
$SEABIRD_T_H,0.00062868668
$SEABIRD_T_I,2.2691316e-05
$SEABIRD_T_J,2.2586789e-06
$SEABIRD_C_G,-10.021329
$SEABIRD_C_H,1.1236943
$SEABIRD_C_I,-0.0013673168
$SEABIRD_C_J,0.00018808816
$GPS1,300126,053440,4750.874,-12225.796,11,1.3,28,18.3
$_CALLS,1
$_XMS_NAKs,0
$_XMS_TOUTs,0
$_SM_DEPTHo,-6.33
$_SM_ANGLEo,-60.8
$GPS2,300126,053946,4750.955,-12225.757,12,1.3,17,18.3
$SPEED_LIMITS,0.178,0.262
$TGT_NAME,WEST_175
$TGT_LATLONG,4750.700,-12226.500
$TGT_RADIUS,200.000
$KALMAN_CONTROL,0.000,0.000
$KALMAN_X,0.0,0.0,0.0,0.0,0.0
$KALMAN_Y,0.0,0.0,0.0,0.0,0.0
$MHEAD_RNG_PITCHd_Wd,210.8,1037,-17.9,-10.256,-21.36,2171
$D_GRID,200
$GCHEAD,st_secs,pitch_ctl,vbd_ctl,pitch_ad_start,roll_ad_start,vbd_pot1_ad_start,vbd_pot2_ad_start,depth,ob_vertv,data_pts,end_secs,pitch_secs,roll_secs,vbd_secs,vbd_i,gcphase,pitch_i,roll_i,pitch_ad,roll_ad,vbd_ad,vbd_pot1_ad,vbd_pot2_ad,pitch_retries,pitch_errors,roll_retries,roll_errors,vbd_retries,vbd_errors,pitch_volts,roll_volts,vbd_volts
$STATE,13,end surface,CONTROL_FINISHED_OK
$STATE,13,begin dive
$GC,15,-0.78,-146.6,240,2381,525,400,0.0,0.0,0,107,0.00,0.00,-84.53,0.000,16390,0.000,0.000,240,2382,2776,2851,2701,0,0,0,0,0,0,28.83,28.83,26.33
$GC,110,-0.78,-146.6,240,2382,2853,2701,-2.9,-6.7,9,129,8.77,2.17,0.00,0.000,2564,0.226,0.036,2411,952,2781,2862,2701,0,0,0,0,0,0,25.26,25.91,28.83
$GC,256,-0.62,-146.6,2410,951,2868,2699,25.5,-16.8,23,264,0.17,2.12,0.00,0.000,3078,0.148,0.036,2462,2319,2783,2868,2698,0,0,0,0,0,0,25.63,26.02,28.83
$GC,295,-0.50,-146.6,2462,2320,2871,2697,31.3,-14.1,27,304,0.12,2.03,0.00,0.000,2564,0.164,0.028,2499,958,2784,2872,2697,0,0,0,0,0,0,25.92,26.05,28.83
$GC,327,-0.50,-146.6,2499,958,2871,2697,35.3,-12.2,30,337,0.00,2.10,0.00,0.000,3078,0.000,0.028,2497,2363,2784,2872,2697,0,0,0,0,0,0,28.83,26.08,28.83
$GC,367,-0.50,-146.6,2497,2364,2872,2696,40.1,-11.9,34,368,0.00,0.00,0.00,0.000,2054,0.000,0.000,2497,2364,2784,2872,2697,0,0,0,0,0,0,28.83,28.83,28.83
$GC,397,-0.50,-146.6,2497,2364,2873,2696,43.7,-11.9,37,398,0.00,0.00,0.00,0.000,2054,0.000,0.000,2497,2364,2784,2872,2696,0,0,0,0,0,0,28.83,28.83,28.83
$GC,427,-0.50,-146.6,2497,2364,2872,2696,47.2,-11.7,40,428,0.00,0.00,0.00,0.000,2054,0.000,0.000,2497,2364,2784,2873,2696,0,0,0,0,0,0,28.83,28.83,28.83
$GC,457,-0.50,-146.6,2497,2364,2872,2696,50.5,-11.4,43,467,0.00,2.08,0.00,0.000,2308,0.000,0.044,2494,3717,2784,2872,2696,0,0,0,0,0,0,28.83,26.07,28.83
$GC,501,-0.50,-146.6,2493,3717,2873,2696,55.0,-10.8,47,509,0.00,2.03,0.00,0.000,3078,0.000,0.018,2494,2310,2784,2873,2696,0,0,0,0,0,0,28.83,26.28,28.83
$GC,540,-0.50,-146.6,2493,2310,2873,2695,58.7,-8.9,51,541,0.00,0.00,0.00,0.000,2054,0.000,0.000,2493,2310,2784,2873,2696,0,0,0,0,0,0,28.83,28.83,28.83
$GC,570,-0.50,-146.6,2493,2310,2873,2695,61.1,-8.1,54,571,0.00,0.00,0.00,0.000,2054,0.000,0.000,2494,2310,2784,2873,2695,0,0,0,0,0,0,28.83,28.83,28.83
$GC,600,-0.50,-146.6,2493,2310,2873,2695,63.6,-8.3,57,601,0.00,0.00,0.00,0.000,2054,0.000,0.000,2494,2310,2784,2873,2695,0,0,0,0,0,0,28.83,28.83,28.83
$GC,630,-0.50,-146.6,2493,2310,2873,2695,65.8,-7.7,60,631,0.00,0.00,0.00,0.000,2054,0.000,0.000,2494,2310,2784,2873,2695,0,0,0,0,0,0,28.83,28.83,28.83
$GC,660,-0.50,-146.6,2493,2310,2873,2695,68.3,-7.8,63,669,0.00,1.95,0.00,0.000,2564,0.000,0.029,2494,984,2783,2873,2694,0,0,0,0,0,0,28.83,26.19,28.83
$GC,684,-0.50,-146.6,1688,984,2837,2687,70.4,-8.9,65,691,0.00,2.10,0.00,0.000,3078,0.000,0.031,2494,2360,2783,2873,2694,0,0,0,0,0,0,28.83,26.20,28.83
$GC,722,-0.50,-146.6,2493,2360,2873,2694,73.5,-7.9,69,723,0.00,0.00,0.00,0.000,2054,0.000,0.000,2494,2360,2783,2873,2694,0,0,0,0,0,0,28.83,28.83,28.83
$GC,752,-0.50,-146.6,2493,2360,2873,2694,76.0,-7.7,72,753,0.00,0.00,0.00,0.000,2054,0.000,0.000,2494,2360,2783,2873,2694,0,0,0,0,0,0,28.83,28.83,28.83
$GC,782,-0.50,-146.6,2493,2360,2873,2694,79.0,-10.0,75,791,0.00,2.08,0.00,0.000,2308,0.000,0.044,2491,3717,2783,2873,2694,0,0,0,0,0,0,28.83,26.15,28.83
$GC,844,-0.50,-146.6,2491,3717,2873,2694,86.1,-11.6,81,854,0.08,1.90,0.00,0.000,3078,0.168,0.016,2508,2336,2783,2873,2694,0,0,0,0,0,0,26.16,26.36,28.83
$GC,884,-0.55,-146.6,2508,2336,2873,2694,90.0,-9.7,85,893,0.00,1.98,0.00,0.000,4612,0.000,0.028,2508,998,2783,2874,2693,0,0,0,0,0,0,28.83,26.23,28.83
$GC,907,-0.61,-146.6,2508,998,2874,2693,92.4,-10.0,87,917,0.08,2.00,0.00,0.000,5126,0.059,0.028,2461,2361,2783,2873,2693,0,0,0,0,0,0,26.16,26.24,28.83
$GC,946,-0.61,-146.6,2460,2361,2873,2693,97.9,-13.8,91,948,0.00,0.00,0.00,0.000,2054,0.000,0.000,2460,2361,2783,2873,2693,0,0,0,0,0,0,28.83,28.83,28.83
$GC,976,-0.61,-146.6,2460,2361,2873,2693,102.4,-15.0,94,977,0.00,0.00,0.00,0.000,2054,0.000,0.000,2460,2361,2783,2873,2693,0,0,0,0,0,0,28.83,28.83,28.83
$GC,1006,-0.61,-146.6,2459,2361,2873,2693,106.9,-15.0,97,1015,0.00,2.03,0.00,0.000,2564,0.000,0.028,2460,999,2783,2873,2693,0,0,0,0,0,0,28.83,26.25,28.83
$STATE,1029,end dive,BOTTOM_OBSTACLE_DETECTED
$STATE,1029,begin apogee
$GC,1036,-0.27,0.0,2458,2165,2873,2693,110.2,-15.9,99,1161,0.38,0.00,121.28,0.547,10246,0.123,0.000,2580,2165,2190,2282,2098,0,0,0,0,0,0,25.81,28.83,24.51
$STATE,1163,end apogee,CONTROL_FINISHED_OK
$STATE,1163,begin climb
$GC,1165,0.78,146.6,2579,2165,2281,2097,120.7,0.0,112,1283,1.02,0.00,113.32,0.533,10502,0.100,0.000,2912,2165,1605,1727,1484,0,0,0,0,0,0,25.24,28.83,24.45
$GC,1314,0.69,146.6,2912,2165,1725,1478,108.4,12.6,127,1324,0.08,2.15,0.00,0.000,4356,0.188,0.034,2897,3574,1601,1724,1478,0,0,0,0,0,0,25.42,25.46,28.83
$GC,1337,0.60,146.6,2897,3574,1724,1478,105.1,13.0,129,1347,0.12,2.03,0.00,0.000,5126,0.170,0.018,2867,2206,1600,1724,1477,0,0,0,0,0,0,25.35,25.60,28.83
$GC,1377,0.60,146.6,2867,2204,1724,1476,100.4,11.9,133,1386,0.00,2.20,0.00,0.000,4612,0.000,0.035,2869,771,1599,1723,1476,0,0,0,0,0,0,28.83,25.65,28.83
$GC,1401,0.60,146.6,2869,770,1721,1476,98.0,10.4,135,1408,0.00,2.15,0.00,0.000,1030,0.000,0.025,2869,2172,1598,1721,1476,0,0,0,0,0,0,28.83,25.77,28.83
$GC,1439,0.60,146.6,2869,2172,1721,1476,93.3,11.8,139,1448,0.00,2.15,0.00,0.000,4356,0.000,0.037,2869,3574,1598,1721,1476,0,0,0,0,0,0,28.83,25.79,28.83
$GC,1471,0.60,146.6,2869,3574,1721,1476,88.9,13.3,142,1481,0.00,2.08,0.00,0.000,5126,0.000,0.018,2869,2156,1598,1721,1476,0,0,0,0,0,0,28.83,25.91,28.83
$GC,1511,0.60,146.6,2869,2154,1721,1476,83.5,13.5,146,1521,0.00,2.12,0.00,0.000,4612,0.000,0.035,2869,764,1598,1721,1476,0,0,0,0,0,0,28.83,25.88,28.83
$GC,1536,0.60,146.6,2869,763,1718,1476,80.8,12.3,148,1543,0.00,2.10,0.00,0.000,5126,0.000,0.025,2869,2168,1596,1717,1476,0,0,0,0,0,0,28.83,25.97,28.83
$GC,1573,0.60,146.6,2869,2168,1717,1476,76.1,11.7,152,1582,0.00,2.12,0.00,0.000,4356,0.000,0.037,2869,3564,1596,1717,1476,0,0,0,0,0,0,28.83,25.95,28.83
$GC,1606,0.60,146.6,2869,3564,1717,1476,71.9,12.9,155,1615,0.00,2.03,0.00,0.000,5126,0.000,0.018,2869,2163,1596,1717,1476,0,0,0,0,0,0,28.83,26.06,28.83
$GC,1646,0.60,146.6,2869,2161,1717,1476,66.9,12.6,159,1654,0.00,2.10,0.00,0.000,4612,0.000,0.034,2869,776,1597,1718,1476,0,0,0,0,0,0,28.83,26.00,28.83
$GC,1677,0.60,146.6,2869,776,1716,1476,63.3,11.4,162,1687,0.00,2.05,0.00,0.000,5126,0.000,0.023,2869,2170,1596,1716,1476,0,0,0,0,0,0,28.83,26.08,28.83
$GC,1717,0.60,146.6,2869,2170,1716,1476,58.8,11.3,166,1727,0.00,2.12,0.00,0.000,4356,0.000,0.037,2869,3570,1596,1716,1476,0,0,0,0,0,0,28.83,26.03,28.83
$GC,1762,0.60,146.6,2048,3569,1683,1473,53.5,12.4,170,1770,0.00,2.10,0.00,0.000,5126,0.000,0.020,2869,2158,1596,1716,1476,0,0,0,0,0,0,28.83,26.15,28.83
$GC,1800,0.60,146.6,2869,2156,1716,1476,48.8,11.8,174,1801,0.00,0.00,0.00,0.000,4102,0.000,0.000,2869,2156,1596,1716,1476,0,0,0,0,0,0,28.83,28.83,28.83
$GC,1830,0.60,146.6,2869,2156,1716,1476,45.8,10.1,177,1831,0.00,0.00,0.00,0.000,4102,0.000,0.000,2869,2157,1595,1715,1476,0,0,0,0,0,0,28.83,28.83,28.83
$GC,1860,0.60,146.6,2869,2156,1716,1476,42.5,10.9,180,1861,0.00,0.00,0.00,0.000,4102,0.000,0.000,2869,2156,1596,1716,1476,0,0,0,0,0,0,28.83,28.83,28.83
$GC,1890,0.60,146.6,2869,2156,1716,1476,38.8,12.1,183,1891,0.00,0.00,0.00,0.000,4102,0.000,0.000,2869,2156,1596,1716,1476,0,0,0,0,0,0,28.83,28.83,28.83
$GC,1920,0.60,146.6,2869,2156,1716,1476,35.3,11.7,186,1921,0.00,0.00,0.00,0.000,4102,0.000,0.000,2869,2156,1596,1716,1476,0,0,0,0,0,0,28.83,28.83,28.83
$GC,1950,0.60,146.6,2869,2156,1716,1476,31.5,12.6,189,1951,0.00,0.00,0.00,0.000,4102,0.000,0.000,2870,2156,1596,1716,1476,0,0,0,0,0,0,28.83,28.83,28.83
$GC,1980,0.60,146.6,2869,2156,1716,1476,27.9,12.0,192,1981,0.00,0.00,0.00,0.000,4102,0.000,0.000,2869,2156,1596,1716,1476,0,0,0,0,0,0,28.83,28.83,28.83
$GC,2010,0.60,146.6,2869,2156,1716,1476,24.4,11.8,195,2019,0.00,2.15,0.00,0.000,4356,0.000,0.037,2869,3569,1595,1715,1476,0,0,0,0,0,0,28.83,26.15,28.83
$GC,2034,0.60,146.6,2048,3567,1684,1473,21.5,12.3,197,2041,0.00,2.08,0.00,0.000,5126,0.000,0.020,2869,2165,1596,1716,1476,0,0,0,0,0,0,28.83,26.25,28.83
$GC,2072,0.60,146.6,2869,2162,1716,1476,16.1,13.5,201,2081,0.00,2.10,0.00,0.000,4612,0.000,0.034,2869,767,1596,1716,1476,0,0,0,0,0,0,28.83,26.15,28.83
$GC,2104,0.60,146.6,2869,767,1715,1476,12.1,12.9,204,2113,0.00,2.05,0.00,0.000,5126,0.000,0.023,2869,2169,1595,1715,1476,0,0,0,0,0,0,28.83,26.22,28.83
$GC,2144,0.60,146.6,2869,2169,1715,1476,7.1,12.4,208,2153,0.00,2.12,0.00,0.000,4356,0.000,0.037,2869,3576,1595,1715,1476,0,0,0,0,0,0,28.83,26.16,28.83
$STATE,2184,end climb,SURFACE_DEPTH_REACHED
$STATE,2184,begin surface coast
$FINISH,2.3,1.022368
$STATE,2187,end surface coast,CONTROL_FINISHED_OK
$STATE,2188,begin surface
$SM_CCo,2205,213.20,0.451,1,0,465,433.32
$SM_CCo,2426,-0.17,0.000,0,0,465,433.32
$SM_CCo,2429,0.10,0.171,0,0,466,433.32
$SM_GC,-6.36,7.35,1.85,0.10,0.066,0.028,0.171,246,2366,466,-7.51,1.72,433.32,0,0,0,0,0,0,26.20,26.22,25.25
$IRIDIUM_FIX,4735.69,-12229.26,200208,141409
$TT8_MAMPS,0.027713,0.027713
$HUMID,41.02
$INTERNAL_PRESSURE,8.08665
$TCM_TEMP,19.30
$XPDR_PINGS,38
$ALTIM_TOP_PING,18.9,7.3
$ALTIM_BOTTOM_PING,110.2,6.3
$24V_AH,24.4,23.350
$10V_AH,10.3,10.456
$FG_AHR_24Vo,0.000
$FG_AHR_10Vo,0.000
$DEVICES,Pitch_motor,Roll_motor,VBD_pump_during_apogee,VBD_pump_during_surface,VBD_valve,Iridium_during_init,Iridium_during_connect,Iridium_during_xfer,Transponder_ping,GUMSTIX_24V,GPS,TT8,LPSleep,TT8_Active,TT8_Sampling,TT8_CF8,TT8_Kalman,Analog_circuits,GPS_charging,Compass,RAFOS,Transponder,Compass2
$DEVICE_SECS,0.000,0.000,0.000,0.000,0.000,0.000,0.000,0.000,0.000,0.000,0.000,0.000,0.000,0.000,0.000,0.000,0.000,0.000,0.000,0.000,0.000,0.000,0.000
$DEVICE_MAMPS,0.000,0.000,0.000,0.000,0.000,0.000,0.000,0.000,0.000,0.000,0.000,0.000,0.000,0.000,0.000,0.000,0.000,0.000,0.000,0.000,0.000,0.000,0.000
$SENSORS,SBE_CT,AA4330,WL_BB2FLVMG,nil,nil,nil,nil,nil,nil,nil
$SENSOR_SECS,0.000,0.000,0.000,0.000,0.000,0.000,0.000,0.000,0.000,0.000
$SENSOR_MAMPS,0.000,0.000,0.000,0.000,0.000,0.000,0.000,0.000,0.000,0.000
$MEM,354972
$DATA_FILE_SIZE,13655,212
$CAP_FILE_SIZE,73625,0
$CFSIZE,260165632,249200640
$ERRORS,0,0,0,0,0,0,0,0,0,0,0,0,0,1,0,0
$CURRENT,0.087, 73.2,1
$GPS,300126,062129,4750.768,-12225.931,7,1.9,7,18.3
