version: 66.11
glider: 175
mission: 10
dive: 312
start: 2 3 126 2 35 57
data:
$ID,175
$MISSION,10
$DIVE,312
$N_DIVES,0
$D_SURF,3
$D_FLARE,3
$D_TGT,100
$D_ABORT,1090
$D_NO_BLEED,500
$D_BOOST,3
$T_BOOST,0
$D_FINISH,0
$D_PITCH,0
$D_SAFE,0
$D_CALL,0
$SURFACE_URGENCY,0
$SURFACE_URGENCY_TRY,0
$SURFACE_URGENCY_FORCE,0
$T_DIVE,35
$T_MISSION,50
$T_ABORT,1440
$T_TURN,300
$T_TURN_SAMPINT,5
$T_NO_W,120
$T_LOITER,0
$T_EPIRB,0
$USE_BATHY,0
$USE_ICE,0
$ICE_FREEZE_MARGIN,0.30000001
$D_OFFGRID,100
$T_WATCHDOG,10
$RELAUNCH,1
$APOGEE_PITCH,-8
$MAX_BUOY,150
$COURSE_BIAS,0
$GLIDE_SLOPE,30
$SPEED_FACTOR,1
$RHO,1.023
$MASS,51902
$MASS_COMP,0
$NAV_MODE,2
$FERRY_MAX,45
$KALMAN_USE,2
$HD_A,0.003
$HD_B,0.0099999998
$HD_C,9.9999997e-06
$HEADING,-1
$ESCAPE_HEADING,0
$ESCAPE_HEADING_DELTA,10
$FIX_MISSING_TIMEOUT,0
$TGT_DEFAULT_LAT,4750.7002
$TGT_DEFAULT_LON,-12222
$TGT_AUTO_DEFAULT,0
$SM_CC,457.23199
$N_FILEKB,4
$FILEMGR,0
$CALL_NDIVES,1
$COMM_SEQ,0
$PROTOCOL,9
$N_NOCOMM,1
$NOCOMM_ACTION,0
$N_NOSURFACE,0
$UPLOAD_DIVES_MAX,-1
$CALL_TRIES,5
$CALL_WAIT,60
$CAPUPLOAD,1
$CAPMAXSIZE,200000
$HEAPDBG,0
$T_GPS,15
$N_GPS,30
$T_GPS_ALMANAC,0
$T_GPS_CHARGE,-36760.445
$T_RSLEEP,2
$STROBE,0
$RAFOS_PEAK_OFFSET,1.5
$RAFOS_CORR_THRESH,60
$RAFOS_HIT_WINDOW,3600
$PITCH_MIN,255
$PITCH_MAX,3935
$C_PITCH,2671
$PITCH_DBAND,0.0099999998
$PITCH_CNV,0.003125763
$P_OVSHOOT,0.039999999
$PITCH_GAIN,30
$PITCH_TIMEOUT,17
$PITCH_AD_RATE,160
$PITCH_MAXERRORS,1
$PITCH_ADJ_GAIN,0.02
$PITCH_ADJ_DBAND,2.5
$ROLL_MIN,171
$ROLL_MAX,3723
$ROLL_DEG,40
$C_ROLL_DIVE,2354
$C_ROLL_CLIMB,2165
$HEAD_ERRBAND,10
$ROLL_CNV,0.028270001
$ROLL_TIMEOUT,15
$R_PORT_OVSHOOT,68
$R_STBD_OVSHOOT,47
$ROLL_AD_RATE,300
$ROLL_MAXERRORS,2
$ROLL_ADJ_GAIN,0
$ROLL_ADJ_DBAND,0
$VBD_MIN,465
$VBD_MAX,3960
$C_VBD,2190
$VBD_DBAND,2
$VBD_CNV,-0.25119999
$VBD_TIMEOUT,720
$PITCH_VBD_SHIFT,0.0012300001
$VBD_PUMP_AD_RATE_SURFACE,5
$VBD_PUMP_AD_RATE_APOGEE,4
$VBD_BLEED_AD_RATE,8
$UNCOM_BLEED,60
$VBD_MAXERRORS,1
$W_ADJ_DBAND,2
$DBDW,0
$PITCH_W_GAIN,0
$PITCH_W_DBAND,1
$CF8_MAXERRORS,5
$AH0_24V,145
$AH0_10V,95
$MINV_24V,19
$MINV_10V,8
$FG_AHR_10V,0
$FG_AHR_24V,0
$PHONE_SUPPLY,2
$PRESSURE_YINT,-18.492611
$PRESSURE_SLOPE,0.0001165895
$AD7714Ch0Gain,128
$TCM_PITCH_OFFSET,0
$TCM_ROLL_OFFSET,0
$COMPASS_USE,4
$ALTIM_BOTTOM_PING_RANGE,0
$ALTIM_TOP_PING_RANGE,20
$ALTIM_BOTTOM_TURN_MARGIN,25
$ALTIM_TOP_TURN_MARGIN,0
$ALTIM_TOP_MIN_OBSTACLE,1
$ALTIM_PING_DEPTH,100
$ALTIM_PING_DELTA,5
$ALTIM_FREQUENCY,13
$ALTIM_PULSE,3
$ALTIM_SENSITIVITY,3
$XPDR_VALID,5
$XPDR_INHIBIT,90
$INT_PRESSURE_SLOPE,0.0097660003
$INT_PRESSURE_YINT,-0.40000001
$DEEPGLIDER,0
$DEEPGLIDERMB,0
$MOTHERBOARD,4
$DEVICE1,2
$DEVICE2,101
$DEVICE3,38
$DEVICE4,-1
$DEVICE5,-1
$DEVICE6,-1
$LOGGERS,7
$LOGGERDEVICE1,-1
$LOGGERDEVICE2,-1
$LOGGERDEVICE3,-1
$LOGGERDEVICE4,-1
$COMPASS_DEVICE,33
$COMPASS2_DEVICE,-1
$PHONE_DEVICE,49
$GPS_DEVICE,32
$RAFOS_DEVICE,-1
$XPDR_DEVICE,24
$SIM_W,0
$SIM_PITCH,0
$SEABIRD_T_G,0.0043137739
$SEABIRD_T_H,0.00062868668
$SEABIRD_T_I,2.2691316e-05
$SEABIRD_T_J,2.2586789e-06
$SEABIRD_C_G,-10.021329
$SEABIRD_C_H,1.1236943
$SEABIRD_C_I,-0.0013673168
$SEABIRD_C_J,0.00018808816
$GPS1,030226,023011,4752.311,-12226.345,8,2.0,8,18.3
$_CALLS,1
$_XMS_NAKs,0
$_XMS_TOUTs,0
$_SM_DEPTHo,-7.03
$_SM_ANGLEo,-67.9
$GPS2,030226,023529,4752.410,-12226.500,9,1.4,9,18.3
$SPEED_LIMITS,0.165,0.256
$TGT_NAME,EAST_175
$TGT_LATLONG,4750.700,-12222.000
$TGT_RADIUS,200.000
$KALMAN_CONTROL,0.000,0.000
$KALMAN_X,0.0,0.0,0.0,0.0,0.0
$KALMAN_Y,0.0,0.0,0.0,0.0,0.0
$MHEAD_RNG_PITCHd_Wd,139.7,6427,-16.7,-9.524,-20.42,2335
$D_GRID,100
$GCHEAD,st_secs,pitch_ctl,vbd_ctl,pitch_ad_start,roll_ad_start,vbd_pot1_ad_start,vbd_pot2_ad_start,depth,ob_vertv,data_pts,end_secs,pitch_secs,roll_secs,vbd_secs,vbd_i,gcphase,pitch_i,roll_i,pitch_ad,roll_ad,vbd_ad,vbd_pot1_ad,vbd_pot2_ad,pitch_retries,pitch_errors,roll_retries,roll_errors,vbd_retries,vbd_errors,pitch_volts,roll_volts,vbd_volts
$STATE,13,end surface,CONTROL_FINISHED_OK
$STATE,13,begin dive
$GC,15,-0.74,-146.6,244,2332,526,397,0.0,0.0,0,102,0.00,0.00,-84.05,0.000,16390,0.000,0.000,244,2332,2774,2850,2698,0,0,0,0,0,0,28.83,28.83,26.34
$GC,105,-0.74,-146.6,245,2332,2850,2699,-4.9,-4.1,8,116,8.90,0.00,0.00,0.000,2054,0.225,0.000,2429,2332,2777,2855,2700,0,0,0,0,0,0,25.22,28.83,28.83
$GC,145,-0.03,-146.6,2428,2332,2870,2697,7.3,-27.6,12,147,0.75,0.00,0.00,0.000,2054,0.135,0.000,2654,2332,2783,2870,2697,0,0,0,0,0,0,25.56,28.83,28.83
$GC,175,-0.03,-146.6,2654,2332,2876,2695,10.1,-11.9,15,176,0.00,0.00,0.00,0.000,2054,0.000,0.000,2654,2332,2785,2876,2695,0,0,0,0,0,0,28.83,28.83,28.83
$GC,206,-0.35,-146.6,2654,2332,2878,2695,10.8,-2.5,18,215,0.25,2.08,0.00,0.000,4356,0.064,0.037,2551,3710,2786,2877,2695,0,0,0,0,0,0,26.03,25.98,28.83
$GC,229,-0.62,-146.6,2551,3710,2878,2695,12.0,-3.8,20,238,0.20,1.92,0.00,0.000,5126,0.040,0.015,2452,2329,2785,2877,2693,0,0,0,0,0,0,26.04,26.14,28.83
$GC,268,-0.62,-146.6,2452,2329,2877,2692,15.5,-8.5,24,278,0.08,2.00,0.00,0.000,2564,0.191,0.028,2472,979,2784,2877,2692,0,0,0,0,0,0,26.10,26.04,28.83
$GC,313,-0.54,-146.6,1640,978,2838,2684,18.7,-7.5,28,321,0.08,2.10,0.00,0.000,3078,0.168,0.035,2488,2342,2783,2875,2691,0,0,0,0,0,0,25.76,26.07,28.83
$GC,351,-0.42,-146.6,2487,2342,2877,2691,23.3,-11.7,32,353,0.15,0.00,0.00,0.000,2054,0.120,0.000,2534,2342,2784,2877,2691,0,0,0,0,0,0,26.06,28.83,28.83
$GC,382,-0.53,-146.6,2534,2342,2878,2691,24.1,-4.1,35,392,0.10,2.00,0.00,0.000,4612,0.099,0.027,2475,988,2784,2878,2691,0,0,0,0,0,0,26.25,26.11,28.83
$GC,397,-0.72,-146.6,2475,989,2879,2691,24.2,-2.3,36,405,0.12,2.05,0.00,0.000,5126,0.086,0.027,2411,2366,2784,2878,2691,0,0,0,0,0,0,26.10,26.15,28.83
$GC,435,-0.93,-146.6,2411,2366,2879,2691,24.1,0.2,40,445,0.10,2.00,0.00,0.000,4356,0.097,0.039,2356,3704,2785,2879,2691,0,0,0,0,0,0,26.29,26.08,28.83
$GC,460,-1.10,-146.6,1568,3703,2840,2685,24.0,-0.0,42,468,0.08,1.95,0.00,0.000,5126,0.057,0.019,2288,2338,2785,2879,2691,0,0,0,0,0,0,26.16,26.28,28.83
$GC,498,-1.26,-146.6,2288,2338,2879,2691,23.9,0.5,46,508,0.08,1.92,0.00,0.000,4612,0.119,0.024,2239,1000,2784,2879,2690,0,0,0,0,0,0,26.33,26.15,28.83
$GC,682,-1.51,-146.6,2239,995,2878,2689,24.1,0.1,64,691,0.12,1.95,0.00,0.000,5126,0.047,0.021,2166,2380,2784,2878,2690,0,0,0,0,0,0,26.22,26.28,28.83
$GC,721,-1.51,-146.6,2165,2379,2878,2690,24.1,0.0,68,731,0.08,2.05,0.00,0.000,2564,0.156,0.030,2186,998,2784,2878,2690,0,0,0,0,0,0,26.34,26.20,28.83
$GC,1035,-1.71,-146.6,2186,991,2877,2689,24.3,-0.3,99,1044,0.15,1.98,0.00,0.000,5126,0.076,0.031,2108,2329,2783,2877,2690,0,0,0,0,0,0,26.28,26.26,28.83
$GC,1074,-1.71,-146.6,2108,2329,2877,2690,24.2,1.7,103,1075,0.00,0.00,0.00,0.000,2054,0.000,0.000,2108,2329,2783,2877,2689,0,0,0,0,0,0,28.83,28.83,28.83
$GC,1105,-1.87,-146.6,2108,2330,2878,2689,24.2,0.1,106,1114,0.10,1.95,0.00,0.000,4612,0.098,0.028,2043,992,2783,2878,2689,0,0,0,0,0,0,26.45,26.29,28.83
$GC,1418,-1.87,-146.6,2043,990,2877,2689,24.3,-0.4,137,1428,0.10,2.03,0.00,0.000,3078,0.137,0.030,2073,2366,2782,2876,2689,0,0,0,0,0,0,26.18,26.32,28.83
$GC,1459,-2.06,-146.6,2072,2366,2877,2689,24.3,0.1,141,1461,0.17,0.00,0.00,0.000,4102,0.067,0.000,1989,2367,2783,2877,2689,0,0,0,0,0,0,26.47,28.83,28.83
$GC,1490,-2.24,-146.6,1989,2367,2877,2689,24.4,-0.1,144,1500,0.10,1.98,0.00,0.000,4612,0.099,0.022,1934,983,2783,2877,2689,0,0,0,0,0,0,26.50,26.39,28.83
$STATE,1511,end dive,HALF_MISSION_TIME_EXCEEDED
$STATE,1511,begin apogee
$GC,1517,-0.27,0.0,1933,2168,2877,2689,24.3,0.0,146,1643,1.80,0.00,120.20,0.486,10246,0.086,0.000,2580,2169,2189,2282,2097,0,0,0,0,0,0,26.03,28.83,24.52
$STATE,1645,end apogee,CONTROL_FINISHED_OK
$STATE,1646,begin climb
$GC,1647,0.74,146.6,2580,2169,2281,2096,22.5,0.0,159,1768,1.00,2.10,112.03,0.468,11012,0.114,0.033,2909,823,1604,1726,1483,0,0,0,0,0,0,25.24,25.27,24.45
$STATE,1870,end climb,SURFACE_DEPTH_REACHED
$STATE,1871,begin surface coast
$FINISH,-0.5,1.022436
$STATE,1892,end surface coast,CONTROL_FINISHED_OK
$STATE,1893,begin surface
$SM_CCo,1911,213.80,0.438,1,0,465,433.32
$SM_CCo,2133,-0.03,0.000,0,0,464,433.32
$SM_CCo,2136,-0.08,0.000,0,0,466,433.32
$SM_GC,-6.98,7.70,2.38,-0.08,0.076,0.026,0.000,248,2365,466,-7.52,-1.10,433.32,0,0,0,0,0,0,25.75,25.84,24.98
$IRIDIUM_FIX,4732.49,-12223.11,240208,111155
$TT8_MAMPS,0.027713,0.027713
$HUMID,40.94
$INTERNAL_PRESSURE,8.08665
$TCM_TEMP,17.10
$XPDR_PINGS,20
$ALTIM_TOP_PING,20.0,14.0
$24V_AH,24.4,23.350
$10V_AH,10.2,10.456
$FG_AHR_24Vo,0.000
$FG_AHR_10Vo,0.000
$DEVICES,Pitch_motor,Roll_motor,VBD_pump_during_apogee,VBD_pump_during_surface,VBD_valve,Iridium_during_init,Iridium_during_connect,Iridium_during_xfer,Transponder_ping,GUMSTIX_24V,GPS,TT8,LPSleep,TT8_Active,TT8_Sampling,TT8_CF8,TT8_Kalman,Analog_circuits,GPS_charging,Compass,RAFOS,Transponder,Compass2
$DEVICE_SECS,0.000,0.000,0.000,0.000,0.000,0.000,0.000,0.000,0.000,0.000,0.000,0.000,0.000,0.000,0.000,0.000,0.000,0.000,0.000,0.000,0.000,0.000,0.000
$DEVICE_MAMPS,0.000,0.000,0.000,0.000,0.000,0.000,0.000,0.000,0.000,0.000,0.000,0.000,0.000,0.000,0.000,0.000,0.000,0.000,0.000,0.000,0.000,0.000,0.000
$SENSORS,SBE_CT,AA4330,WL_BB2FLVMG,nil,nil,nil,nil,nil,nil,nil
$SENSOR_SECS,0.000,0.000,0.000,0.000,0.000,0.000,0.000,0.000,0.000,0.000
$SENSOR_MAMPS,0.000,0.000,0.000,0.000,0.000,0.000,0.000,0.000,0.000,0.000
$MEM,354964
$DATA_FILE_SIZE,13699,183
$CAP_FILE_SIZE,53960,0
$CFSIZE,260165632,245026816
$ERRORS,0,0,0,0,0,0,0,0,0,0,0,0,0,1,0,0
$CURRENT,0.521,314.9,1
$GPS,030226,031223,4752.764,-12227.107,12,1.4,12,18.3
