version: 66.11
glider: 175
mission: 10
dive: 18
start: 1 24 126 4 55 51
data:
$ID,175
$MISSION,10
$DIVE,18
$N_DIVES,0
$D_SURF,3
$D_FLARE,3
$D_TGT,120
$D_ABORT,1090
$D_NO_BLEED,500
$D_BOOST,3
$T_BOOST,0
$D_FINISH,0
$D_PITCH,0
$D_SAFE,0
$D_CALL,0
$SURFACE_URGENCY,0
$SURFACE_URGENCY_TRY,0
$SURFACE_URGENCY_FORCE,0
$T_DIVE,40
$T_MISSION,55
$T_ABORT,1440
$T_TURN,300
$T_TURN_SAMPINT,5
$T_NO_W,120
$T_LOITER,0
$T_EPIRB,0
$USE_BATHY,0
$USE_ICE,0
$ICE_FREEZE_MARGIN,0.30000001
$D_OFFGRID,100
$T_WATCHDOG,10
$RELAUNCH,1
$APOGEE_PITCH,-8
$MAX_BUOY,150
$COURSE_BIAS,0
$GLIDE_SLOPE,30
$SPEED_FACTOR,1
$RHO,1.023
$MASS,51902
$MASS_COMP,0
$NAV_MODE,2
$FERRY_MAX,45
$KALMAN_USE,2
$HD_A,0.003
$HD_B,0.0099999998
$HD_C,9.9999997e-06
$HEADING,-1
$ESCAPE_HEADING,0
$ESCAPE_HEADING_DELTA,10
$FIX_MISSING_TIMEOUT,0
$TGT_DEFAULT_LAT,4750.7002
$TGT_DEFAULT_LON,-12222
$TGT_AUTO_DEFAULT,0
$SM_CC,457.23199
$N_FILEKB,4
$FILEMGR,0
$CALL_NDIVES,1
$COMM_SEQ,0
$PROTOCOL,9
$N_NOCOMM,1
$NOCOMM_ACTION,0
$N_NOSURFACE,0
$UPLOAD_DIVES_MAX,-1
$CALL_TRIES,5
$CALL_WAIT,60
$CAPUPLOAD,1
$CAPMAXSIZE,200000
$HEAPDBG,0
$T_GPS,15
$N_GPS,30
$T_GPS_ALMANAC,0
$T_GPS_CHARGE,-35979.789
$T_RSLEEP,2
$STROBE,0
$RAFOS_PEAK_OFFSET,1.5
$RAFOS_CORR_THRESH,60
$RAFOS_HIT_WINDOW,3600
$PITCH_MIN,255
$PITCH_MAX,3935
$C_PITCH,2650
$PITCH_DBAND,0.0099999998
$PITCH_CNV,0.003125763
$P_OVSHOOT,0.039999999
$PITCH_GAIN,30
$PITCH_TIMEOUT,17
$PITCH_AD_RATE,160
$PITCH_MAXERRORS,1
$PITCH_ADJ_GAIN,0.02
$PITCH_ADJ_DBAND,2.5
$ROLL_MIN,171
$ROLL_MAX,3723
$ROLL_DEG,40
$C_ROLL_DIVE,2200
$C_ROLL_CLIMB,2175
$HEAD_ERRBAND,10
$ROLL_CNV,0.028270001
$ROLL_TIMEOUT,15
$R_PORT_OVSHOOT,68
$R_STBD_OVSHOOT,50
$ROLL_AD_RATE,300
$ROLL_MAXERRORS,2
$ROLL_ADJ_GAIN,0
$ROLL_ADJ_DBAND,0
$VBD_MIN,465
$VBD_MAX,3960
$C_VBD,2150
$VBD_DBAND,2
$VBD_CNV,-0.25119999
$VBD_TIMEOUT,720
$PITCH_VBD_SHIFT,0.0012300001
$VBD_PUMP_AD_RATE_SURFACE,5
$VBD_PUMP_AD_RATE_APOGEE,4
$VBD_BLEED_AD_RATE,8
$UNCOM_BLEED,60
$VBD_MAXERRORS,1
$W_ADJ_DBAND,2
$DBDW,0
$PITCH_W_GAIN,0
$PITCH_W_DBAND,1
$CF8_MAXERRORS,5
$AH0_24V,145
$AH0_10V,95
$MINV_24V,19
$MINV_10V,8
$FG_AHR_10V,0
$FG_AHR_24V,0
$PHONE_SUPPLY,2
$PRESSURE_YINT,-18.492611
$PRESSURE_SLOPE,0.0001165895
$AD7714Ch0Gain,128
$TCM_PITCH_OFFSET,0
$TCM_ROLL_OFFSET,0
$COMPASS_USE,4
$ALTIM_BOTTOM_PING_RANGE,0
$ALTIM_TOP_PING_RANGE,20
$ALTIM_BOTTOM_TURN_MARGIN,25
$ALTIM_TOP_TURN_MARGIN,0
$ALTIM_TOP_MIN_OBSTACLE,1
$ALTIM_PING_DEPTH,60
$ALTIM_PING_DELTA,5
$ALTIM_FREQUENCY,13
$ALTIM_PULSE,3
$ALTIM_SENSITIVITY,3
$XPDR_VALID,5
$XPDR_INHIBIT,90
$INT_PRESSURE_SLOPE,0.0097660003
$INT_PRESSURE_YINT,-0.40000001
$DEEPGLIDER,0
$DEEPGLIDERMB,0
$MOTHERBOARD,4
$DEVICE1,2
$DEVICE2,101
$DEVICE3,38
$DEVICE4,-1
$DEVICE5,-1
$DEVICE6,-1
$LOGGERS,7
$LOGGERDEVICE1,-1
$LOGGERDEVICE2,-1
$LOGGERDEVICE3,-1
$LOGGERDEVICE4,-1
$COMPASS_DEVICE,33
$COMPASS2_DEVICE,-1
$PHONE_DEVICE,49
$GPS_DEVICE,32
$RAFOS_DEVICE,-1
$XPDR_DEVICE,24
$SIM_W,0
$SIM_PITCH,0
$SEABIRD_T_G,0.0043137739
$SEABIRD_T_H,0.00062868668
$SEABIRD_T_I,2.2691316e-05
$SEABIRD_T_J,2.2586789e-06
$SEABIRD_C_G,-10.021329
$SEABIRD_C_H,1.1236943
$SEABIRD_C_I,-0.0013673168
$SEABIRD_C_J,0.00018808816
$GPS1,240126,044804,4751.237,-12225.124,12,1.9,12,18.3
$_CALLS,2
$_XMS_NAKs,0
$_XMS_TOUTs,0
$_SM_DEPTHo,-0.06
$_SM_ANGLEo,-70.2
$GPS2,240126,045522,4751.258,-12225.218,13,1.8,13,18.3
$SPEED_LIMITS,0.173,0.260
$TGT_NAME,EAST_175
$TGT_LATLONG,4750.700,-12222.000
$TGT_RADIUS,200.000
$KALMAN_CONTROL,0.000,0.000
$KALMAN_X,0.0,0.0,0.0,0.0,0.0
$KALMAN_Y,0.0,0.0,0.0,0.0,0.0
$MHEAD_RNG_PITCHd_Wd,114.8,4130,-17.5,-10.000,-21.04,2225
$D_GRID,120
$GCHEAD,st_secs,pitch_ctl,vbd_ctl,pitch_ad_start,roll_ad_start,vbd_pot1_ad_start,vbd_pot2_ad_start,depth,ob_vertv,data_pts,end_secs,pitch_secs,roll_secs,vbd_secs,vbd_i,gcphase,pitch_i,roll_i,pitch_ad,roll_ad,vbd_ad,vbd_pot1_ad,vbd_pot2_ad,pitch_retries,pitch_errors,roll_retries,roll_errors,vbd_retries,vbd_errors,pitch_volts,roll_volts,vbd_volts
$STATE,13,end surface,CONTROL_FINISHED_OK
$STATE,13,begin dive
$GC,15,-0.76,-146.6,244,2177,518,405,0.0,0.0,0,99,0.00,0.00,-79.90,0.000,16390,0.000,0.000,244,2178,2734,2821,2648,0,0,0,0,0,0,28.83,28.83,26.17
$GC,102,-0.76,-146.6,243,2178,2822,2649,3.3,-6.2,8,120,8.62,2.33,0.00,0.000,2564,0.223,0.093,2398,845,2740,2831,2650,0,0,0,0,0,0,25.29,25.60,28.83
$GC,346,-0.57,-146.6,2397,845,2837,2648,56.9,-15.6,32,356,0.25,2.10,0.00,0.000,3078,0.171,0.051,2461,2173,2742,2838,2647,0,0,0,0,0,0,25.51,25.87,28.83
$GC,386,-0.44,-146.6,2461,2173,2840,2647,62.5,-13.7,36,388,0.17,0.00,0.00,0.000,2054,0.155,0.000,2508,2173,2743,2840,2647,0,0,0,0,0,0,25.77,28.83,28.83
$GC,416,-0.44,-146.6,2508,2174,2842,2647,65.7,-11.4,39,417,0.00,0.00,0.00,0.000,6,0.000,0.000,2508,2173,2744,2842,2647,0,0,0,0,0,0,28.83,28.83,28.83
$GC,446,-0.44,-146.6,2508,2173,2842,2646,68.5,-9.5,42,447,0.00,0.00,0.00,0.000,6,0.000,0.000,2508,2173,2744,2842,2646,0,0,0,0,0,0,28.83,28.83,28.83
$GC,475,-0.44,-146.6,2508,2173,2842,2646,71.3,-9.1,45,477,0.00,0.00,0.00,0.000,6,0.000,0.000,2508,2173,2744,2843,2646,0,0,0,0,0,0,28.83,28.83,28.83
$GC,505,-0.44,-146.6,2508,2173,2842,2646,73.7,-8.3,48,507,0.00,0.00,0.00,0.000,6,0.000,0.000,2509,2173,2744,2842,2646,0,0,0,0,0,0,28.83,28.83,28.83
$STATE,527,end dive,BOTTOM_OBSTACLE_DETECTED
$STATE,527,begin apogee
$GC,531,-0.27,0.0,2508,2173,2842,2646,75.5,-8.7,50,656,0.15,0.00,119.75,0.515,10246,0.122,0.000,2560,2173,2149,2239,2059,0,0,0,0,0,0,25.85,28.83,24.63
$STATE,658,end apogee,CONTROL_FINISHED_OK
$STATE,658,begin climb
$GC,660,0.76,146.6,2560,2173,2239,2059,81.8,0.0,63,776,1.02,0.00,112.50,0.499,10758,0.116,0.000,2883,2173,1565,1673,1458,0,0,0,0,0,0,25.15,28.83,24.54
$GC,806,0.76,146.6,2883,2173,1671,1452,67.7,12.8,78,807,0.00,0.00,0.00,0.000,2054,0.000,0.000,2883,2173,1561,1671,1452,0,0,0,0,0,0,28.83,28.83,28.83
$GC,835,0.76,146.6,2883,2173,1670,1451,63.8,13.3,81,845,0.00,2.15,0.00,0.000,2564,0.000,0.032,2894,782,1559,1669,1450,0,0,0,0,0,0,28.83,25.47,28.83
$GC,860,0.76,146.6,2048,781,1635,1448,61.0,12.9,83,867,0.00,2.20,0.00,0.000,1030,0.000,0.028,2894,2200,1559,1667,1451,0,0,0,0,0,0,28.83,25.55,28.83
$GC,898,0.71,146.6,2893,2200,1667,1451,55.7,13.3,87,899,0.00,0.00,0.00,0.000,4102,0.000,0.000,2894,2200,1558,1666,1451,0,0,0,0,0,0,28.83,28.83,28.83
$GC,929,0.64,146.6,2893,2200,1667,1451,51.5,14.0,90,931,0.15,0.00,0.00,0.000,4102,0.160,0.000,2856,2201,1559,1667,1451,0,0,0,0,0,0,25.51,28.83,28.83
$GC,958,0.64,146.6,2856,2201,1667,1450,47.7,13.0,93,959,0.00,0.00,0.00,0.000,6,0.000,0.000,2856,2201,1558,1666,1450,0,0,0,0,0,0,28.83,28.83,28.83
$GC,988,0.64,146.6,2856,2201,1667,1449,44.5,10.4,96,989,0.00,0.00,0.00,0.000,6,0.000,0.000,2856,2201,1558,1667,1449,0,0,0,0,0,0,28.83,28.83,28.83
$GC,1018,0.64,146.6,2856,2201,1666,1449,41.4,10.4,99,1027,0.00,2.12,0.00,0.000,260,0.000,0.040,2856,3587,1558,1667,1449,0,0,0,0,0,0,28.83,25.78,28.83
$GC,1090,0.64,146.6,2856,3587,1666,1448,32.9,11.7,106,1099,0.00,2.05,0.00,0.000,1030,0.000,0.018,2857,2181,1557,1667,1447,0,0,0,0,0,0,28.83,25.94,28.83
$GC,1131,0.64,146.6,2856,2180,1666,1448,29.0,9.9,110,1139,0.00,2.10,0.00,0.000,516,0.000,0.034,2857,779,1556,1666,1447,0,0,0,0,0,0,28.83,25.89,28.83
$GC,1173,0.70,146.6,2856,779,1665,1447,25.5,8.3,114,1182,0.00,2.05,0.00,0.000,3078,0.000,0.022,2857,2180,1556,1665,1447,0,0,0,0,0,0,28.83,25.98,28.83
$GC,1213,0.76,191.7,2856,2180,1665,1447,22.4,7.9,118,1254,0.10,2.22,33.78,0.464,10500,0.101,0.037,2905,3583,1385,1496,1274,0,0,0,0,0,0,26.09,25.67,25.01
$GC,1291,0.68,191.7,1992,3581,1469,1268,14.0,12.8,125,1299,0.15,2.08,0.00,0.000,5126,0.161,0.018,2872,2175,1383,1495,1271,0,0,0,0,0,0,25.55,25.81,28.83
$GC,1327,0.68,191.7,2871,2172,1496,1269,9.5,11.3,129,1337,0.00,2.10,0.00,0.000,516,0.000,0.034,2871,784,1382,1496,1268,0,0,0,0,0,0,28.83,25.78,28.83
$GC,1370,0.76,191.7,2871,784,1494,1268,5.9,8.7,133,1381,0.08,2.08,0.00,0.000,3078,0.122,0.022,2906,2185,1381,1494,1268,0,0,0,0,0,0,25.81,25.88,28.83
$STATE,1408,end climb,SURFACE_DEPTH_REACHED
$STATE,1408,begin surface coast
$FINISH,-0.6,1.021417
$STATE,1429,end surface coast,CONTROL_FINISHED_OK
$STATE,1429,begin surface
$SM_CCo,1444,169.12,0.438,1,0,464,423.27
$SM_CCo,1621,-0.12,0.000,0,0,467,423.27
$SM_CCo,1624,0.68,0.090,0,0,465,423.27
$SM_GC,-0.11,7.20,0.00,0.68,0.042,0.000,0.090,244,2185,465,-7.44,-0.42,423.27,0,0,0,0,0,0,25.89,28.83,25.16
$IRIDIUM_FIX,4732.49,-12224.82,140208,141431
$TT8_MAMPS,0.028462,0.028462
$HUMID,41.96
$INTERNAL_PRESSURE,8.07689
$TCM_TEMP,17.10
$XPDR_PINGS,18
$ALTIM_TOP_PING,19.8,20.0
$ALTIM_BOTTOM_PING,75.5,6.2
$24V_AH,24.5,23.350
$10V_AH,10.3,10.456
$FG_AHR_24Vo,0.000
$FG_AHR_10Vo,0.000
$DEVICES,Pitch_motor,Roll_motor,VBD_pump_during_apogee,VBD_pump_during_surface,VBD_valve,Iridium_during_init,Iridium_during_connect,Iridium_during_xfer,Transponder_ping,GUMSTIX_24V,GPS,TT8,LPSleep,TT8_Active,TT8_Sampling,TT8_CF8,TT8_Kalman,Analog_circuits,GPS_charging,Compass,RAFOS,Transponder,Compass2
$DEVICE_SECS,0.000,0.000,0.000,0.000,0.000,0.000,0.000,0.000,0.000,0.000,0.000,0.000,0.000,0.000,0.000,0.000,0.000,0.000,0.000,0.000,0.000,0.000,0.000
$DEVICE_MAMPS,0.000,0.000,0.000,0.000,0.000,0.000,0.000,0.000,0.000,0.000,0.000,0.000,0.000,0.000,0.000,0.000,0.000,0.000,0.000,0.000,0.000,0.000,0.000
$SENSORS,SBE_CT,AA4330,WL_BB2FLVMG,nil,nil,nil,nil,nil,nil,nil
$SENSOR_SECS,0.000,0.000,0.000,0.000,0.000,0.000,0.000,0.000,0.000,0.000
$SENSOR_MAMPS,0.000,0.000,0.000,0.000,0.000,0.000,0.000,0.000,0.000,0.000
$MEM,355016
$DATA_FILE_SIZE,10369,139
$CAP_FILE_SIZE,45448,0
$CFSIZE,260165632,255827968
$ERRORS,0,0,0,0,0,0,0,0,0,0,0,0,0,1,0,0
$CURRENT,0.232,317.8,1
$GPS,240126,052404,4751.310,-12225.215,31,1.3,31,18.3
