version: 66.11
glider: 175
mission: 10
dive: 176
start: 1 29 126 12 30 51
data:
$ID,175
$MISSION,10
$DIVE,176
$N_DIVES,0
$D_SURF,3
$D_FLARE,3
$D_TGT,200
$D_ABORT,1090
$D_NO_BLEED,500
$D_BOOST,3
$T_BOOST,0
$D_FINISH,0
$D_PITCH,0
$D_SAFE,0
$D_CALL,0
$SURFACE_URGENCY,0
$SURFACE_URGENCY_TRY,0
$SURFACE_URGENCY_FORCE,0
$T_DIVE,65
$T_MISSION,85
$T_ABORT,1440
$T_TURN,300
$T_TURN_SAMPINT,5
$T_NO_W,120
$T_LOITER,0
$T_EPIRB,0
$USE_BATHY,0
$USE_ICE,0
$ICE_FREEZE_MARGIN,0.30000001
$D_OFFGRID,100
$T_WATCHDOG,10
$RELAUNCH,1
$APOGEE_PITCH,-8
$MAX_BUOY,150
$COURSE_BIAS,0
$GLIDE_SLOPE,30
$SPEED_FACTOR,1
$RHO,1.023
$MASS,51902
$MASS_COMP,0
$NAV_MODE,2
$FERRY_MAX,45
$KALMAN_USE,2
$HD_A,0.003
$HD_B,0.0099999998
$HD_C,9.9999997e-06
$HEADING,-1
$ESCAPE_HEADING,0
$ESCAPE_HEADING_DELTA,10
$FIX_MISSING_TIMEOUT,0
$TGT_DEFAULT_LAT,4750.7002
$TGT_DEFAULT_LON,-12222
$TGT_AUTO_DEFAULT,0
$SM_CC,457.23199
$N_FILEKB,4
$FILEMGR,0
$CALL_NDIVES,1
$COMM_SEQ,0
$PROTOCOL,9
$N_NOCOMM,1
$NOCOMM_ACTION,0
$N_NOSURFACE,0
$UPLOAD_DIVES_MAX,-1
$CALL_TRIES,5
$CALL_WAIT,60
$CAPUPLOAD,1
$CAPMAXSIZE,200000
$HEAPDBG,0
$T_GPS,15
$N_GPS,30
$T_GPS_ALMANAC,0
$T_GPS_CHARGE,-36493.508
$T_RSLEEP,2
$STROBE,0
$RAFOS_PEAK_OFFSET,1.5
$RAFOS_CORR_THRESH,60
$RAFOS_HIT_WINDOW,3600
$PITCH_MIN,255
$PITCH_MAX,3935
$C_PITCH,2671
$PITCH_DBAND,0.0099999998
$PITCH_CNV,0.003125763
$P_OVSHOOT,0.039999999
$PITCH_GAIN,30
$PITCH_TIMEOUT,17
$PITCH_AD_RATE,160
$PITCH_MAXERRORS,1
$PITCH_ADJ_GAIN,0.02
$PITCH_ADJ_DBAND,2.5
$ROLL_MIN,171
$ROLL_MAX,3723
$ROLL_DEG,40
$C_ROLL_DIVE,2354
$C_ROLL_CLIMB,2165
$HEAD_ERRBAND,10
$ROLL_CNV,0.028270001
$ROLL_TIMEOUT,15
$R_PORT_OVSHOOT,129
$R_STBD_OVSHOOT,48
$ROLL_AD_RATE,300
$ROLL_MAXERRORS,2
$ROLL_ADJ_GAIN,0
$ROLL_ADJ_DBAND,0
$VBD_MIN,465
$VBD_MAX,3960
$C_VBD,2190
$VBD_DBAND,2
$VBD_CNV,-0.25119999
$VBD_TIMEOUT,720
$PITCH_VBD_SHIFT,0.0012300001
$VBD_PUMP_AD_RATE_SURFACE,5
$VBD_PUMP_AD_RATE_APOGEE,4
$VBD_BLEED_AD_RATE,8
$UNCOM_BLEED,60
$VBD_MAXERRORS,1
$W_ADJ_DBAND,2
$DBDW,0
$PITCH_W_GAIN,0
$PITCH_W_DBAND,1
$CF8_MAXERRORS,5
$AH0_24V,145
$AH0_10V,95
$MINV_24V,19
$MINV_10V,8
$FG_AHR_10V,0
$FG_AHR_24V,0
$PHONE_SUPPLY,2
$PRESSURE_YINT,-18.492611
$PRESSURE_SLOPE,0.0001165895
$AD7714Ch0Gain,128
$TCM_PITCH_OFFSET,0
$TCM_ROLL_OFFSET,0
$COMPASS_USE,4
$ALTIM_BOTTOM_PING_RANGE,0
$ALTIM_TOP_PING_RANGE,20
$ALTIM_BOTTOM_TURN_MARGIN,25
$ALTIM_TOP_TURN_MARGIN,0
$ALTIM_TOP_MIN_OBSTACLE,1
$ALTIM_PING_DEPTH,100
$ALTIM_PING_DELTA,5
$ALTIM_FREQUENCY,13
$ALTIM_PULSE,3
$ALTIM_SENSITIVITY,3
$XPDR_VALID,5
$XPDR_INHIBIT,90
$INT_PRESSURE_SLOPE,0.0097660003
$INT_PRESSURE_YINT,-0.40000001
$DEEPGLIDER,0
$DEEPGLIDERMB,0
$MOTHERBOARD,4
$DEVICE1,2
$DEVICE2,101
$DEVICE3,38
$DEVICE4,-1
$DEVICE5,-1
$DEVICE6,-1
$LOGGERS,7
$LOGGERDEVICE1,-1
$LOGGERDEVICE2,-1
$LOGGERDEVICE3,-1
$LOGGERDEVICE4,-1
$COMPASS_DEVICE,33
$COMPASS2_DEVICE,-1
$PHONE_DEVICE,49
$GPS_DEVICE,32
$RAFOS_DEVICE,-1
$XPDR_DEVICE,24
$SIM_W,0
$SIM_PITCH,0
$SEABIRD_T_G,0.0043137739
$SEABIRD_T_H,0.00062868668
$SEABIRD_T_I,2.2691316e-05
$SEABIRD_T_J,2.2586789e-06
$SEABIRD_C_G,-10.021329
$SEABIRD_C_H,1.1236943
$SEABIRD_C_I,-0.0013673168
$SEABIRD_C_J,0.00018808816
$GPS1,290126,122533,4750.698,-12223.161,10,1.2,32,18.2
$_CALLS,1
$_XMS_NAKs,0
$_XMS_TOUTs,0
$_SM_DEPTHo,-5.70
$_SM_ANGLEo,-60.6
$GPS2,290126,123022,4750.724,-12223.210,8,2.0,13,18.2
$SPEED_LIMITS,0.178,0.262
$TGT_NAME,WEST_175
$TGT_LATLONG,4750.700,-12226.500
$TGT_RADIUS,200.000
$KALMAN_CONTROL,0.000,0.000
$KALMAN_X,0.0,0.0,0.0,0.0,0.0
$KALMAN_Y,0.0,0.0,0.0,0.0,0.0
$MHEAD_RNG_PITCHd_Wd,232.0,4089,-17.9,-10.256,-21.36,2171
$D_GRID,200
$GCHEAD,st_secs,pitch_ctl,vbd_ctl,pitch_ad_start,roll_ad_start,vbd_pot1_ad_start,vbd_pot2_ad_start,depth,ob_vertv,data_pts,end_secs,pitch_secs,roll_secs,vbd_secs,vbd_i,gcphase,pitch_i,roll_i,pitch_ad,roll_ad,vbd_ad,vbd_pot1_ad,vbd_pot2_ad,pitch_retries,pitch_errors,roll_retries,roll_errors,vbd_retries,vbd_errors,pitch_volts,roll_volts,vbd_volts
$STATE,12,end surface,CONTROL_FINISHED_OK
$STATE,13,begin dive
$GC,15,-0.78,-146.6,241,2359,524,396,0.0,0.0,0,107,0.00,0.00,-84.62,0.000,16390,0.000,0.000,241,2359,2776,2851,2701,0,0,0,0,0,0,28.83,28.83,26.32
$GC,110,-0.78,-146.6,241,2359,2852,2702,-2.2,-6.8,9,129,8.80,2.00,0.00,0.000,2564,0.226,0.024,2412,1009,2781,2861,2702,0,0,0,0,0,0,25.27,25.96,28.83
$GC,435,-0.62,-146.6,2411,1009,2868,2698,61.1,-16.3,41,444,0.22,2.00,0.00,0.000,3078,0.159,0.032,2472,2348,2783,2868,2698,0,0,0,0,0,0,25.71,26.11,28.83
$GC,475,-0.54,-146.6,2472,2347,2871,2697,66.1,-12.2,45,484,0.10,1.98,0.00,0.000,2564,0.169,0.025,2502,1012,2784,2871,2697,0,0,0,0,0,0,26.09,26.15,28.83
$GC,520,-0.54,-146.6,2501,1011,2871,2696,70.2,-9.6,49,527,0.00,2.05,0.00,0.000,1030,0.000,0.031,2495,2358,2784,2871,2697,0,0,0,0,0,0,28.83,26.16,28.83
$GC,557,-0.54,-146.6,2495,2358,2872,2696,73.7,-8.6,53,558,0.00,0.00,0.00,0.000,2054,0.000,0.000,2495,2358,2784,2872,2696,0,0,0,0,0,0,28.83,28.83,28.83
$GC,587,-0.54,-146.6,2495,2358,2872,2696,76.1,-8.3,56,596,0.00,2.08,0.00,0.000,2308,0.000,0.044,2490,3711,2784,2871,2697,0,0,0,0,0,0,28.83,26.10,28.83
$GC,639,-0.54,-146.6,2490,3711,2872,2697,80.5,-8.3,61,648,0.00,1.85,0.00,0.000,3078,0.000,0.016,2491,2379,2784,2872,2696,0,0,0,0,0,0,28.83,26.32,28.83
$GC,679,-0.54,-146.6,2490,2379,2872,2696,83.8,-8.3,65,680,0.00,0.00,0.00,0.000,2054,0.000,0.000,2490,2379,2784,2872,2696,0,0,0,0,0,0,28.83,28.83,28.83
$GC,709,-0.54,-146.6,2490,2379,2872,2696,86.1,-8.0,68,710,0.00,0.00,0.00,0.000,2054,0.000,0.000,2490,2379,2784,2872,2696,0,0,0,0,0,0,28.83,28.83,28.83
$GC,740,-0.54,-146.6,2490,2379,2872,2696,88.7,-8.3,71,749,0.00,2.08,0.00,0.000,2308,0.000,0.044,2490,3721,2784,2872,2696,0,0,0,0,0,0,28.83,26.13,28.83
$GC,771,-0.54,-146.6,2490,3721,2872,2696,91.5,-8.7,74,781,0.00,1.90,0.00,0.000,3078,0.000,0.017,2490,2361,2784,2872,2696,0,0,0,0,0,0,28.83,26.34,28.83
$GC,811,-0.54,-146.6,2490,2361,2872,2695,94.8,-8.4,78,812,0.00,0.00,0.00,0.000,2054,0.000,0.000,2490,2360,2783,2872,2695,0,0,0,0,0,0,28.83,28.83,28.83
$GC,841,-0.54,-146.6,2490,2361,2872,2695,97.4,-8.6,81,842,0.00,0.00,0.00,0.000,2054,0.000,0.000,2490,2360,2783,2872,2695,0,0,0,0,0,0,28.83,28.83,28.83
$GC,872,-0.54,-146.6,2491,2361,2872,2695,100.0,-8.5,84,881,0.00,2.00,0.00,0.000,2564,0.000,0.029,2490,993,2784,2873,2695,0,0,0,0,0,0,28.83,26.25,28.83
$GC,904,-0.54,-146.6,2490,993,2873,2694,103.2,-9.2,87,913,0.00,2.03,0.00,0.000,3078,0.000,0.028,2490,2363,2783,2873,2694,0,0,0,0,0,0,28.83,26.24,28.83
$GC,944,-0.54,-146.6,2490,2364,2873,2694,106.7,-8.8,91,945,0.00,0.00,0.00,0.000,2054,0.000,0.000,2490,2363,2783,2872,2694,0,0,0,0,0,0,28.83,28.83,28.83
$GC,973,-0.54,-146.6,2490,2364,2872,2694,109.6,-9.3,94,974,0.00,0.00,0.00,0.000,2054,0.000,0.000,2490,2364,2783,2872,2694,0,0,0,0,0,0,28.83,28.83,28.83
$STATE,985,end dive,BOTTOM_OBSTACLE_DETECTED
$STATE,985,begin apogee
$GC,990,-0.27,0.0,2490,2085,2872,2694,110.5,-9.5,95,1118,0.25,0.08,121.47,0.545,10246,0.109,0.061,2576,2192,2189,2279,2099,0,0,0,0,0,0,25.95,25.18,24.53
$STATE,1119,end apogee,CONTROL_FINISHED_OK
$STATE,1119,begin climb
$GC,1121,0.78,146.6,2576,2192,2279,2096,115.5,0.0,108,1244,1.02,2.20,113.35,0.529,10756,0.099,0.033,2922,804,1604,1725,1484,0,0,0,0,0,0,25.25,25.20,24.48
$GC,1270,0.69,146.6,2922,804,1718,1484,100.1,14.7,123,1278,0.08,2.08,0.00,0.000,5126,0.143,0.024,2899,2148,1600,1717,1483,0,0,0,0,0,0,25.27,25.48,28.83
$GC,1308,0.63,146.6,2899,2148,1717,1482,94.3,14.3,127,1310,0.10,0.00,0.00,0.000,4102,0.173,0.000,2876,2148,1599,1717,1482,0,0,0,0,0,0,25.53,28.83,28.83
$GC,1338,0.63,146.6,2875,2147,1717,1480,90.5,12.9,130,1348,0.00,2.17,0.00,0.000,260,0.000,0.036,2875,3571,1598,1717,1480,0,0,0,0,0,0,28.83,25.68,28.83
$GC,1371,0.63,146.6,2875,3571,1717,1479,86.1,13.0,133,1380,0.00,2.03,0.00,0.000,5126,0.000,0.018,2881,2188,1598,1717,1479,0,0,0,0,0,0,28.83,25.82,28.83
$GC,1411,0.63,146.6,2881,2185,1717,1479,81.0,13.0,137,1412,0.00,0.00,0.00,0.000,4102,0.000,0.000,2881,2185,1597,1717,1478,0,0,0,0,0,0,28.83,28.83,28.83
$GC,1441,0.63,146.6,2881,2185,1717,1478,77.1,12.7,140,1442,0.00,0.00,0.00,0.000,4102,0.000,0.000,2881,2185,1597,1717,1478,0,0,0,0,0,0,28.83,28.83,28.83
$GC,1471,0.63,146.6,2881,2185,1717,1478,73.3,12.6,143,1480,0.00,2.12,0.00,0.000,4356,0.000,0.037,2881,3565,1597,1716,1478,0,0,0,0,0,0,28.83,25.89,28.83
$GC,1513,0.63,146.6,2881,3565,1716,1478,67.5,14.0,147,1522,0.00,2.05,0.00,0.000,5126,0.000,0.018,2882,2161,1597,1717,1478,0,0,0,0,0,0,28.83,26.01,28.83
$GC,1553,0.63,146.6,2882,2158,1717,1477,62.1,13.7,151,1562,0.00,2.12,0.00,0.000,4612,0.000,0.035,2882,765,1596,1716,1477,0,0,0,0,0,0,28.83,25.95,28.83
$GC,1605,0.63,146.6,2882,765,1713,1477,55.9,11.6,156,1614,0.00,2.05,0.00,0.000,5126,0.000,0.022,2882,2161,1595,1713,1477,0,0,0,0,0,0,28.83,26.06,28.83
$GC,1645,0.63,146.6,2882,2161,1713,1477,51.4,11.5,160,1654,0.00,2.15,0.00,0.000,4356,0.000,0.037,2882,3577,1595,1713,1477,0,0,0,0,0,0,28.83,26.02,28.83
$GC,1659,0.63,146.6,2882,3577,1713,1477,50.5,11.4,161,1666,0.00,2.10,0.00,0.000,5126,0.000,0.020,2882,2168,1595,1713,1477,0,0,0,0,0,0,28.83,26.13,28.83
$GC,1697,0.63,146.6,2882,2164,1713,1477,45.0,12.7,165,1706,0.00,2.12,0.00,0.000,4612,0.000,0.035,2882,766,1595,1714,1477,0,0,0,0,0,0,28.83,26.03,28.83
$GC,1721,0.63,146.6,2882,766,1712,1477,42.6,11.7,167,1728,0.00,2.10,0.00,0.000,5126,0.000,0.025,2882,2160,1594,1712,1477,0,0,0,0,0,0,28.83,26.11,28.83
$GC,1759,0.63,146.6,2882,2161,1712,1477,37.9,11.4,171,1768,0.00,2.10,0.00,0.000,4356,0.000,0.037,2882,3564,1594,1712,1477,0,0,0,0,0,0,28.83,26.07,28.83
$GC,1811,0.63,146.6,2882,3564,1712,1477,31.4,13.1,176,1820,0.00,2.03,0.00,0.000,5126,0.000,0.018,2882,2161,1594,1712,1477,0,0,0,0,0,0,28.83,26.19,28.83
$GC,1851,0.63,146.6,2882,2158,1712,1477,26.8,11.7,180,1852,0.00,0.00,0.00,0.000,4102,0.000,0.000,2882,2158,1594,1712,1477,0,0,0,0,0,0,28.83,28.83,28.83
$GC,1882,0.63,146.6,2882,2158,1712,1477,23.4,11.1,183,1883,0.00,0.00,0.00,0.000,4102,0.000,0.000,2882,2158,1594,1712,1477,0,0,0,0,0,0,28.83,28.83,28.83
$GC,1911,0.63,146.6,2882,2158,1712,1477,20.2,10.8,186,1912,0.00,0.00,0.00,0.000,4102,0.000,0.000,2882,2158,1594,1712,1477,0,0,0,0,0,0,28.83,28.83,28.83
$GC,1941,0.63,146.6,2881,2158,1712,1477,16.8,11.2,189,1942,0.00,0.00,0.00,0.000,4102,0.000,0.000,2882,2158,1595,1712,1478,0,0,0,0,0,0,28.83,28.83,28.83
$GC,1971,0.63,146.6,2882,2158,1712,1477,13.3,11.6,192,1972,0.00,0.00,0.00,0.000,4102,0.000,0.000,2882,2158,1595,1713,1477,0,0,0,0,0,0,28.83,28.83,28.83
$GC,2002,0.63,146.6,2882,2158,1712,1478,9.8,11.7,195,2003,0.00,0.00,0.00,0.000,4102,0.000,0.000,2882,2158,1594,1712,1477,0,0,0,0,0,0,28.83,28.83,28.83
$GC,2031,0.63,146.6,2882,2158,1712,1477,6.6,10.8,198,2041,0.00,2.15,0.00,0.000,4356,0.000,0.037,2882,3573,1594,1712,1477,0,0,0,0,0,0,28.83,26.15,28.83
$GC,2056,0.63,146.6,2882,3573,1712,1477,4.0,11.2,200,2063,0.00,2.10,0.00,0.000,5126,0.000,0.024,2882,2174,1594,1712,1477,0,0,0,0,0,0,28.83,26.23,28.83
$STATE,2072,end climb,SURFACE_DEPTH_REACHED
$STATE,2072,begin surface coast
$FINISH,-1.1,1.022086
$STATE,2093,end surface coast,CONTROL_FINISHED_OK
$STATE,2093,begin surface
$SM_CCo,2109,212.35,0.451,1,0,464,433.32
$SM_CCo,2329,-0.22,0.000,0,0,466,433.32
$SM_CCo,2333,1.17,0.081,0,0,466,433.32
$SM_GC,-5.69,7.47,0.25,1.17,0.072,0.049,0.081,243,2378,466,-7.52,-1.47,433.32,0,0,0,0,0,0,26.15,26.35,25.25
$IRIDIUM_FIX,4732.49,-12220.39,190208,212144
$TT8_MAMPS,0.027713,0.027713
$HUMID,41.14
$INTERNAL_PRESSURE,8.07689
$TCM_TEMP,17.20
$XPDR_PINGS,30
$ALTIM_TOP_PING,19.0,7.3
$ALTIM_BOTTOM_PING,110.5,6.3
$24V_AH,24.5,23.350
$10V_AH,10.3,10.456
$FG_AHR_24Vo,0.000
$FG_AHR_10Vo,0.000
$DEVICES,Pitch_motor,Roll_motor,VBD_pump_during_apogee,VBD_pump_during_surface,VBD_valve,Iridium_during_init,Iridium_during_connect,Iridium_during_xfer,Transponder_ping,GUMSTIX_24V,GPS,TT8,LPSleep,TT8_Active,TT8_Sampling,TT8_CF8,TT8_Kalman,Analog_circuits,GPS_charging,Compass,RAFOS,Transponder,Compass2
$DEVICE_SECS,0.000,0.000,0.000,0.000,0.000,0.000,0.000,0.000,0.000,0.000,0.000,0.000,0.000,0.000,0.000,0.000,0.000,0.000,0.000,0.000,0.000,0.000,0.000
$DEVICE_MAMPS,0.000,0.000,0.000,0.000,0.000,0.000,0.000,0.000,0.000,0.000,0.000,0.000,0.000,0.000,0.000,0.000,0.000,0.000,0.000,0.000,0.000,0.000,0.000
$SENSORS,SBE_CT,AA4330,WL_BB2FLVMG,nil,nil,nil,nil,nil,nil,nil
$SENSOR_SECS,0.000,0.000,0.000,0.000,0.000,0.000,0.000,0.000,0.000,0.000
$SENSOR_MAMPS,0.000,0.000,0.000,0.000,0.000,0.000,0.000,0.000,0.000,0.000
$MEM,355064
$DATA_FILE_SIZE,13688,204
$CAP_FILE_SIZE,65074,0
$CFSIZE,260165632,249962496
$ERRORS,0,0,0,0,0,0,0,0,0,0,0,0,0,1,0,0
$CURRENT,0.082,344.1,1
$GPS,290126,131034,4750.693,-12223.597,6,1.2,12,18.2
