version: 66.11
glider: 175
mission: 10
dive: 78
start: 1 26 126 3 46 52
data:
$ID,175
$MISSION,10
$DIVE,78
$N_DIVES,0
$D_SURF,3
$D_FLARE,3
$D_TGT,200
$D_ABORT,1090
$D_NO_BLEED,500
$D_BOOST,3
$T_BOOST,0
$D_FINISH,0
$D_PITCH,0
$D_SAFE,0
$D_CALL,0
$SURFACE_URGENCY,0
$SURFACE_URGENCY_TRY,0
$SURFACE_URGENCY_FORCE,0
$T_DIVE,65
$T_MISSION,85
$T_ABORT,1440
$T_TURN,300
$T_TURN_SAMPINT,5
$T_NO_W,120
$T_LOITER,0
$T_EPIRB,0
$USE_BATHY,0
$USE_ICE,0
$ICE_FREEZE_MARGIN,0.30000001
$D_OFFGRID,100
$T_WATCHDOG,10
$RELAUNCH,1
$APOGEE_PITCH,-8
$MAX_BUOY,150
$COURSE_BIAS,0
$GLIDE_SLOPE,30
$SPEED_FACTOR,1
$RHO,1.023
$MASS,51902
$MASS_COMP,0
$NAV_MODE,2
$FERRY_MAX,45
$KALMAN_USE,2
$HD_A,0.003
$HD_B,0.0099999998
$HD_C,9.9999997e-06
$HEADING,-1
$ESCAPE_HEADING,0
$ESCAPE_HEADING_DELTA,10
$FIX_MISSING_TIMEOUT,0
$TGT_DEFAULT_LAT,4750.7002
$TGT_DEFAULT_LON,-12222
$TGT_AUTO_DEFAULT,0
$SM_CC,457.23199
$N_FILEKB,4
$FILEMGR,0
$CALL_NDIVES,1
$COMM_SEQ,0
$PROTOCOL,9
$N_NOCOMM,1
$NOCOMM_ACTION,0
$N_NOSURFACE,0
$UPLOAD_DIVES_MAX,-1
$CALL_TRIES,5
$CALL_WAIT,60
$CAPUPLOAD,1
$CAPMAXSIZE,200000
$HEAPDBG,0
$T_GPS,15
$N_GPS,30
$T_GPS_ALMANAC,0
$T_GPS_CHARGE,-36265.793
$T_RSLEEP,2
$STROBE,0
$RAFOS_PEAK_OFFSET,1.5
$RAFOS_CORR_THRESH,60
$RAFOS_HIT_WINDOW,3600
$PITCH_MIN,255
$PITCH_MAX,3935
$C_PITCH,2650
$PITCH_DBAND,0.0099999998
$PITCH_CNV,0.003125763
$P_OVSHOOT,0.039999999
$PITCH_GAIN,30
$PITCH_TIMEOUT,17
$PITCH_AD_RATE,160
$PITCH_MAXERRORS,1
$PITCH_ADJ_GAIN,0.02
$PITCH_ADJ_DBAND,2.5
$ROLL_MIN,171
$ROLL_MAX,3723
$ROLL_DEG,40
$C_ROLL_DIVE,2350
$C_ROLL_CLIMB,2175
$HEAD_ERRBAND,10
$ROLL_CNV,0.028270001
$ROLL_TIMEOUT,15
$R_PORT_OVSHOOT,134
$R_STBD_OVSHOOT,48
$ROLL_AD_RATE,300
$ROLL_MAXERRORS,2
$ROLL_ADJ_GAIN,0
$ROLL_ADJ_DBAND,0
$VBD_MIN,465
$VBD_MAX,3960
$C_VBD,2190
$VBD_DBAND,2
$VBD_CNV,-0.25119999
$VBD_TIMEOUT,720
$PITCH_VBD_SHIFT,0.0012300001
$VBD_PUMP_AD_RATE_SURFACE,5
$VBD_PUMP_AD_RATE_APOGEE,4
$VBD_BLEED_AD_RATE,8
$UNCOM_BLEED,60
$VBD_MAXERRORS,1
$W_ADJ_DBAND,2
$DBDW,0
$PITCH_W_GAIN,0
$PITCH_W_DBAND,1
$CF8_MAXERRORS,5
$AH0_24V,145
$AH0_10V,95
$MINV_24V,19
$MINV_10V,8
$FG_AHR_10V,0
$FG_AHR_24V,0
$PHONE_SUPPLY,2
$PRESSURE_YINT,-18.492611
$PRESSURE_SLOPE,0.0001165895
$AD7714Ch0Gain,128
$TCM_PITCH_OFFSET,0
$TCM_ROLL_OFFSET,0
$COMPASS_USE,4
$ALTIM_BOTTOM_PING_RANGE,0
$ALTIM_TOP_PING_RANGE,20
$ALTIM_BOTTOM_TURN_MARGIN,25
$ALTIM_TOP_TURN_MARGIN,0
$ALTIM_TOP_MIN_OBSTACLE,1
$ALTIM_PING_DEPTH,100
$ALTIM_PING_DELTA,5
$ALTIM_FREQUENCY,13
$ALTIM_PULSE,3
$ALTIM_SENSITIVITY,3
$XPDR_VALID,5
$XPDR_INHIBIT,90
$INT_PRESSURE_SLOPE,0.0097660003
$INT_PRESSURE_YINT,-0.40000001
$DEEPGLIDER,0
$DEEPGLIDERMB,0
$MOTHERBOARD,4
$DEVICE1,2
$DEVICE2,101
$DEVICE3,38
$DEVICE4,-1
$DEVICE5,-1
$DEVICE6,-1
$LOGGERS,7
$LOGGERDEVICE1,-1
$LOGGERDEVICE2,-1
$LOGGERDEVICE3,-1
$LOGGERDEVICE4,-1
$COMPASS_DEVICE,33
$COMPASS2_DEVICE,-1
$PHONE_DEVICE,49
$GPS_DEVICE,32
$RAFOS_DEVICE,-1
$XPDR_DEVICE,24
$SIM_W,0
$SIM_PITCH,0
$SEABIRD_T_G,0.0043137739
$SEABIRD_T_H,0.00062868668
$SEABIRD_T_I,2.2691316e-05
$SEABIRD_T_J,2.2586789e-06
$SEABIRD_C_G,-10.021329
$SEABIRD_C_H,1.1236943
$SEABIRD_C_I,-0.0013673168
$SEABIRD_C_J,0.00018808816
$GPS1,260126,034035,4750.761,-12224.326,11,1.4,11,18.2
$_CALLS,1
$_XMS_NAKs,0
$_XMS_TOUTs,0
$_SM_DEPTHo,-2.02
$_SM_ANGLEo,-67.3
$GPS2,260126,034623,4750.763,-12224.410,9,1.4,9,18.2
$SPEED_LIMITS,0.178,0.262
$TGT_NAME,EAST_175
$TGT_LATLONG,4750.700,-12222.000
$TGT_RADIUS,200.000
$KALMAN_CONTROL,0.000,0.000
$KALMAN_X,0.0,0.0,0.0,0.0,0.0
$KALMAN_Y,0.0,0.0,0.0,0.0,0.0
$MHEAD_RNG_PITCHd_Wd,76.8,2998,-17.9,-10.256,-21.36,2171
$D_GRID,200
$GCHEAD,st_secs,pitch_ctl,vbd_ctl,pitch_ad_start,roll_ad_start,vbd_pot1_ad_start,vbd_pot2_ad_start,depth,ob_vertv,data_pts,end_secs,pitch_secs,roll_secs,vbd_secs,vbd_i,gcphase,pitch_i,roll_i,pitch_ad,roll_ad,vbd_ad,vbd_pot1_ad,vbd_pot2_ad,pitch_retries,pitch_errors,roll_retries,roll_errors,vbd_retries,vbd_errors,pitch_volts,roll_volts,vbd_volts
$STATE,13,end surface,CONTROL_FINISHED_OK
$STATE,13,begin dive
$GC,15,-0.78,-146.6,248,2403,512,411,0.0,0.0,0,101,0.00,0.00,-82.38,0.000,16390,0.000,0.000,248,2404,2774,2857,2692,0,0,0,0,0,0,28.83,28.83,26.25
$GC,104,-0.78,-146.6,248,2403,2857,2693,0.9,-5.6,8,120,8.85,0.00,0.00,0.000,2054,0.232,0.000,2390,2403,2779,2864,2695,0,0,0,0,0,0,25.25,28.83,28.83
$GC,150,-0.15,-146.6,2390,2403,2873,2693,15.5,-29.3,13,160,0.70,2.05,0.00,0.000,2308,0.155,0.057,2586,3694,2784,2876,2693,0,0,0,0,0,0,25.42,25.74,28.83
$GC,317,-0.33,-146.6,1728,3693,2839,2686,31.9,-7.3,29,326,0.10,1.90,0.00,0.000,5126,0.046,0.018,2508,2370,2785,2880,2691,0,0,0,0,0,0,26.03,26.15,28.83
$GC,355,-0.40,-146.6,2508,2370,2880,2690,35.2,-8.3,33,356,0.00,0.00,0.00,0.000,2054,0.000,0.000,2508,2370,2784,2880,2689,0,0,0,0,0,0,28.83,28.83,28.83
$GC,384,-0.40,-146.6,2508,2370,2880,2690,37.9,-9.2,36,386,0.00,0.00,0.00,0.000,2054,0.000,0.000,2508,2370,2784,2880,2689,0,0,0,0,0,0,28.83,28.83,28.83
$GC,414,-0.40,-146.6,2508,2370,2880,2689,40.7,-9.2,39,423,0.00,2.05,0.00,0.000,2564,0.000,0.028,2508,994,2784,2880,2688,0,0,0,0,0,0,28.83,26.06,28.83
$GC,506,-0.40,-146.6,2508,994,2880,2687,50.0,-10.2,48,515,0.00,2.03,0.00,0.000,3078,0.000,0.031,2507,2348,2783,2880,2687,0,0,0,0,0,0,28.83,26.07,28.83
$GC,546,-0.40,-146.6,2507,2349,2880,2687,54.1,-10.1,52,547,0.00,0.00,0.00,0.000,2054,0.000,0.000,2508,2348,2783,2880,2687,0,0,0,0,0,0,28.83,28.83,28.83
$GC,576,-0.40,-146.6,2508,2349,2880,2687,57.1,-9.6,55,577,0.00,0.00,0.00,0.000,2054,0.000,0.000,2508,2349,2783,2879,2687,0,0,0,0,0,0,28.83,28.83,28.83
$GC,607,-0.40,-146.6,2507,2349,2880,2687,60.1,-10.2,58,608,0.00,0.00,0.00,0.000,2054,0.000,0.000,2508,2348,2783,2880,2687,0,0,0,0,0,0,28.83,28.83,28.83
$GC,636,-0.40,-146.6,2507,2348,2880,2687,63.0,-9.7,61,637,0.00,0.00,0.00,0.000,2054,0.000,0.000,2508,2348,2783,2880,2687,0,0,0,0,0,0,28.83,28.83,28.83
$GC,666,-0.40,-146.6,2507,2348,2880,2687,65.4,-8.3,64,675,0.00,2.03,0.00,0.000,2564,0.000,0.030,2508,1000,2783,2880,2686,0,0,0,0,0,0,28.83,26.12,28.83
$GC,698,-0.40,-146.6,2507,1000,2880,2686,68.1,-8.4,67,707,0.00,2.03,0.00,0.000,3078,0.000,0.028,2508,2361,2783,2880,2686,0,0,0,0,0,0,28.83,26.14,28.83
$GC,739,-0.40,-146.6,2507,2362,2880,2686,71.0,-7.1,71,740,0.00,0.00,0.00,0.000,2054,0.000,0.000,2507,2363,2783,2880,2686,0,0,0,0,0,0,28.83,28.83,28.83
$GC,769,-0.40,-146.6,2507,2362,2879,2686,73.2,-7.6,74,770,0.00,0.00,0.00,0.000,2054,0.000,0.000,2508,2362,2782,2879,2686,0,0,0,0,0,0,28.83,28.83,28.83
$GC,798,-0.40,-146.6,2507,2362,2880,2686,75.7,-7.9,77,799,0.00,0.00,0.00,0.000,2054,0.000,0.000,2507,2362,2783,2880,2686,0,0,0,0,0,0,28.83,28.83,28.83
$GC,828,-0.40,-146.6,2507,2362,2880,2686,78.2,-8.6,80,829,0.00,0.00,0.00,0.000,2054,0.000,0.000,2507,2362,2783,2880,2686,0,0,0,0,0,0,28.83,28.83,28.83
$GC,859,-0.45,-146.6,2507,2362,2880,2686,80.6,-8.2,83,860,0.00,0.00,0.00,0.000,6,0.000,0.000,2508,2362,2783,2880,2686,0,0,0,0,0,0,28.83,28.83,28.83
$GC,889,-0.45,-146.6,2507,2362,2880,2686,83.2,-8.3,86,890,0.00,0.00,0.00,0.000,6,0.000,0.000,2508,2362,2782,2879,2686,0,0,0,0,0,0,28.83,28.83,28.83
$GC,919,-0.50,-146.6,2507,2362,2880,2686,85.4,-7.6,89,920,0.00,0.00,0.00,0.000,4102,0.000,0.000,2508,2362,2782,2879,2686,0,0,0,0,0,0,28.83,28.83,28.83
$GC,948,-0.50,-146.6,2507,2362,2880,2686,87.6,-7.3,92,949,0.00,0.00,0.00,0.000,4102,0.000,0.000,2508,2362,2783,2880,2686,0,0,0,0,0,0,28.83,28.83,28.83
$GC,978,-0.50,-146.6,2507,2362,2879,2686,89.9,-7.5,95,987,0.00,2.03,0.00,0.000,4612,0.000,0.028,2507,998,2782,2880,2685,0,0,0,0,0,0,28.83,26.19,28.83
$GC,1012,-0.50,-146.6,2507,998,2879,2685,92.1,-7.1,98,1020,0.03,2.05,0.00,0.000,5126,0.112,0.031,2484,2358,2782,2880,2685,0,0,0,0,0,0,26.09,26.20,28.83
$GC,1051,-0.50,-146.6,2484,2358,2879,2685,95.3,-7.8,102,1052,0.00,0.00,0.00,0.000,2054,0.000,0.000,2484,2358,2782,2879,2685,0,0,0,0,0,0,28.83,28.83,28.83
$GC,1080,-0.50,-146.6,2484,2358,2879,2685,97.9,-8.6,105,1081,0.00,0.00,0.00,0.000,2054,0.000,0.000,2484,2358,2782,2879,2685,0,0,0,0,0,0,28.83,28.83,28.83
$GC,1111,-0.50,-146.6,2484,2358,2879,2685,100.3,-8.2,108,1120,0.00,2.00,0.00,0.000,2564,0.000,0.028,2484,998,2782,2879,2685,0,0,0,0,0,0,28.83,26.20,28.83
$GC,1176,-0.50,-146.6,2484,999,2879,2685,106.2,-9.6,114,1185,0.00,2.00,0.00,0.000,3078,0.000,0.029,2482,2350,2782,2879,2685,0,0,0,0,0,0,28.83,26.20,28.83
$GC,1216,-0.50,-146.6,2481,2349,2879,2685,109.6,-8.4,118,1217,0.00,0.00,0.00,0.000,2054,0.000,0.000,2482,2349,2782,2879,2685,0,0,0,0,0,0,28.83,28.83,28.83
$GC,1245,-0.50,-146.6,2482,2350,2879,2685,112.3,-8.8,121,1246,0.00,0.00,0.00,0.000,2054,0.000,0.000,2482,2350,2781,2878,2685,0,0,0,0,0,0,28.83,28.83,28.83
$GC,1275,-0.50,-146.6,2482,2350,2879,2685,115.1,-9.1,124,1276,0.00,0.00,0.00,0.000,2054,0.000,0.000,2482,2350,2782,2879,2685,0,0,0,0,0,0,28.83,28.83,28.83
$GC,1305,-0.50,-146.6,2482,2350,2878,2685,117.9,-9.3,127,1306,0.00,0.00,0.00,0.000,2054,0.000,0.000,2482,2350,2782,2879,2685,0,0,0,0,0,0,28.83,28.83,28.83
$GC,1336,-0.50,-146.6,2482,2350,2879,2685,120.5,-9.1,130,1337,0.00,0.00,0.00,0.000,2054,0.000,0.000,2482,2350,2782,2879,2685,0,0,0,0,0,0,28.83,28.83,28.83
$GC,1365,-0.50,-146.6,2482,2350,2879,2685,123.3,-9.1,133,1366,0.00,0.00,0.00,0.000,2054,0.000,0.000,2482,2350,2782,2879,2685,0,0,0,0,0,0,28.83,28.83,28.83
$GC,1395,-0.50,-146.6,2482,2350,2879,2685,125.9,-8.9,136,1396,0.00,0.00,0.00,0.000,2054,0.000,0.000,2482,2349,2782,2879,2685,0,0,0,0,0,0,28.83,28.83,28.83
$GC,1425,-0.50,-146.6,2482,2350,2879,2685,128.6,-8.9,139,1426,0.00,0.00,0.00,0.000,2054,0.000,0.000,2482,2350,2782,2879,2685,0,0,0,0,0,0,28.83,28.83,28.83
$GC,1456,-0.50,-146.6,2482,2350,2879,2685,131.3,-8.8,142,1464,0.00,2.08,0.00,0.000,2308,0.000,0.044,2482,3711,2782,2879,2685,0,0,0,0,0,0,28.83,26.13,28.83
$GC,1477,-0.50,-146.6,2482,3711,2879,2686,133.5,-9.6,144,1486,0.00,1.88,0.00,0.000,3078,0.000,0.016,2482,2369,2782,2879,2685,0,0,0,0,0,0,28.83,26.38,28.83
$GC,1517,-0.50,-146.6,2482,2369,2879,2685,137.1,-9.0,148,1526,0.00,2.05,0.00,0.000,2564,0.000,0.029,2482,979,2781,2878,2684,0,0,0,0,0,0,28.83,26.22,28.83
$GC,1559,-0.50,-146.6,2482,979,2878,2684,141.3,-10.1,152,1568,0.00,2.03,0.00,0.000,3078,0.000,0.029,2482,2350,2781,2879,2684,0,0,0,0,0,0,28.83,26.23,28.83
$GC,1599,-0.50,-146.6,2482,2350,2878,2684,145.1,-9.5,156,1600,0.00,0.00,0.00,0.000,2054,0.000,0.000,2482,2350,2781,2878,2684,0,0,0,0,0,0,28.83,28.83,28.83
$STATE,1618,end dive,BOTTOM_OBSTACLE_DETECTED
$STATE,1618,begin apogee
$GC,1623,-0.27,0.0,2482,2132,2878,2685,147.2,-9.7,158,1749,0.22,0.00,119.90,0.580,10246,0.115,0.000,2557,2132,2189,2275,2104,0,0,0,0,0,0,25.91,28.83,24.56
$STATE,1752,end apogee,CONTROL_FINISHED_OK
$STATE,1752,begin climb
$GC,1754,0.78,146.6,2557,2132,2274,2102,153.0,0.0,171,1870,1.05,0.00,112.80,0.563,10246,0.108,0.000,2891,2132,1605,1713,1498,0,0,0,0,0,0,25.20,28.83,24.47
$GC,1900,0.71,146.6,2891,2132,1710,1494,138.1,13.9,186,1901,0.00,0.00,0.00,0.000,4102,0.000,0.000,2891,2132,1601,1710,1493,0,0,0,0,0,0,28.83,28.83,28.83
$GC,1929,0.65,146.6,2891,2132,1709,1492,133.7,14.4,189,1931,0.12,0.00,0.00,0.000,4102,0.159,0.000,2861,2132,1600,1709,1491,0,0,0,0,0,0,25.37,28.83,28.83
$GC,1959,0.65,146.6,2861,2132,1709,1490,129.7,13.5,192,1960,0.00,0.00,0.00,0.000,4102,0.000,0.000,2861,2132,1599,1709,1490,0,0,0,0,0,0,28.83,28.83,28.83
$GC,1989,0.65,146.6,2861,2132,1709,1490,125.9,12.6,195,1998,0.00,2.25,0.00,0.000,4356,0.000,0.037,2861,3587,1599,1709,1490,0,0,0,0,0,0,28.83,25.64,28.83
$GC,2021,0.65,146.6,2861,3587,1709,1489,121.5,14.0,198,2030,0.00,1.98,0.00,0.000,5126,0.000,0.016,2868,2234,1599,1709,1489,0,0,0,0,0,0,28.83,25.80,28.83
$GC,2061,0.65,146.6,2868,2230,1709,1489,116.0,13.6,202,2063,0.00,0.00,0.00,0.000,4102,0.000,0.000,2868,2230,1599,1709,1489,0,0,0,0,0,0,28.83,28.83,28.83
$GC,2091,0.65,146.6,2868,2230,1709,1488,112.2,13.1,205,2092,0.00,0.00,0.00,0.000,4102,0.000,0.000,2868,2230,1599,1709,1489,0,0,0,0,0,0,28.83,28.83,28.83
$GC,2121,0.65,146.6,2868,2230,1709,1488,108.2,13.0,208,2130,0.00,2.10,0.00,0.000,4612,0.000,0.033,2869,853,1598,1708,1488,0,0,0,0,0,0,28.83,25.84,28.83
$GC,2152,0.65,146.6,2869,853,1706,1488,104.5,12.1,211,2161,0.00,1.98,0.00,0.000,5126,0.000,0.022,2869,2189,1596,1706,1487,0,0,0,0,0,0,28.83,25.93,28.83
$GC,2193,0.65,146.6,2869,2189,1706,1488,99.4,12.9,215,2202,0.00,2.12,0.00,0.000,4356,0.000,0.037,2869,3580,1597,1706,1488,0,0,0,0,0,0,28.83,25.89,28.83
$GC,2226,0.65,146.6,2869,3580,1706,1488,94.9,14.1,218,2234,0.00,2.00,0.00,0.000,5126,0.000,0.019,2870,2234,1596,1706,1487,0,0,0,0,0,0,28.83,26.02,28.83
$GC,2265,0.65,146.6,2869,2230,1706,1487,89.6,13.1,222,2274,0.00,2.10,0.00,0.000,4612,0.000,0.034,2870,853,1596,1706,1487,0,0,0,0,0,0,28.83,25.95,28.83
$GC,2289,0.65,146.6,2000,852,1673,1484,87.0,12.4,224,2297,0.00,2.00,0.00,0.000,5126,0.000,0.025,2870,2170,1596,1705,1487,0,0,0,0,0,0,28.83,26.01,28.83
$GC,2327,0.65,146.6,2869,2170,1705,1487,82.1,12.1,228,2336,0.00,2.15,0.00,0.000,4356,0.000,0.037,2870,3580,1596,1705,1487,0,0,0,0,0,0,28.83,25.96,28.83
$GC,2349,0.65,146.6,2869,3580,1705,1488,79.6,12.3,230,2358,0.00,1.95,0.00,0.000,5126,0.000,0.018,2870,2232,1596,1705,1487,0,0,0,0,0,0,28.83,26.08,28.83
$GC,2389,0.65,146.6,2869,2229,1705,1487,74.5,12.7,234,2398,0.00,2.10,0.00,0.000,4612,0.000,0.033,2870,839,1596,1705,1487,0,0,0,0,0,0,28.83,26.01,28.83
$GC,2413,0.65,146.6,2869,839,1705,1487,72.0,11.4,236,2420,0.00,2.00,0.00,0.000,5126,0.000,0.025,2870,2181,1596,1705,1487,0,0,0,0,0,0,28.83,26.07,28.83
$GC,2450,0.65,146.6,2869,2181,1705,1487,67.3,12.0,240,2459,0.00,2.12,0.00,0.000,4356,0.000,0.037,2869,3576,1596,1706,1487,0,0,0,0,0,0,28.83,26.01,28.83
$GC,2474,0.65,146.6,2869,3576,1705,1487,64.4,12.8,242,2482,0.03,1.98,0.00,0.000,5126,0.304,0.019,2863,2238,1596,1705,1487,0,0,0,0,0,0,24.13,26.14,28.83
$GC,2513,0.65,146.6,2863,2234,1705,1487,59.4,12.5,246,2522,0.00,2.10,0.00,0.000,4612,0.000,0.032,2869,840,1596,1705,1487,0,0,0,0,0,0,28.83,26.05,28.83
$GC,2537,0.65,146.6,2869,840,1705,1487,57.0,10.8,248,2544,0.00,2.00,0.00,0.000,5126,0.000,0.026,2869,2180,1596,1705,1487,0,0,0,0,0,0,28.83,26.10,28.83
$GC,2574,0.65,146.6,2869,2180,1705,1487,52.4,11.4,252,2583,0.00,2.12,0.00,0.000,4356,0.000,0.038,2869,3577,1596,1705,1487,0,0,0,0,0,0,28.83,26.04,28.83
$GC,2616,0.65,146.6,2869,3577,1705,1487,47.0,13.5,256,2625,0.00,1.92,0.00,0.000,5126,0.000,0.017,2870,2234,1596,1705,1487,0,0,0,0,0,0,28.83,26.18,28.83
$GC,2656,0.65,146.6,2869,2230,1704,1487,41.7,13.5,260,2665,0.00,2.08,0.00,0.000,4612,0.000,0.033,2869,852,1596,1706,1487,0,0,0,0,0,0,28.83,26.09,28.83
$GC,2679,0.65,146.6,2868,852,1704,1487,39.2,11.7,262,2687,0.00,1.95,0.00,0.000,5126,0.000,0.024,2870,2183,1596,1705,1487,0,0,0,0,0,0,28.83,26.15,28.83
$GC,2719,0.65,146.6,2869,2182,1705,1487,34.5,11.8,266,2727,0.00,2.12,0.00,0.000,4356,0.000,0.038,2869,3582,1596,1705,1487,0,0,0,0,0,0,28.83,26.07,28.83
$GC,2740,0.65,146.6,2869,3582,1704,1487,31.8,11.8,268,2749,0.00,1.92,0.00,0.000,5126,0.000,0.016,2869,2228,1595,1704,1487,0,0,0,0,0,0,28.83,26.22,28.83
$GC,2780,0.65,146.6,2870,2227,1705,1487,27.1,12.0,272,2789,0.00,2.08,0.00,0.000,4612,0.000,0.034,2869,850,1596,1705,1487,0,0,0,0,0,0,28.83,26.11,28.83
$GC,2822,0.65,146.6,2869,850,1704,1487,22.8,10.5,276,2831,0.00,1.95,0.00,0.000,5126,0.000,0.023,2870,2184,1596,1705,1487,0,0,0,0,0,0,28.83,26.18,28.83
$GC,2862,0.65,146.6,2869,2184,1705,1487,18.4,11.0,280,2871,0.00,2.10,0.00,0.000,4356,0.000,0.037,2870,3574,1595,1705,1486,0,0,0,0,0,0,28.83,26.10,28.83
$GC,2904,0.65,146.6,2869,3574,1705,1487,13.7,11.5,284,2913,0.00,1.92,0.00,0.000,5126,0.000,0.017,2869,2221,1596,1705,1487,0,0,0,0,0,0,28.83,26.25,28.83
$GC,2944,0.65,146.6,2869,2219,1705,1487,9.5,10.5,288,2945,0.00,0.00,0.00,0.000,4102,0.000,0.000,2869,2219,1596,1705,1487,0,0,0,0,0,0,28.83,28.83,28.83
$GC,2974,0.65,146.6,2869,2220,1706,1487,6.5,10.1,291,2975,0.00,0.00,0.00,0.000,4102,0.000,0.000,2869,2219,1595,1704,1486,0,0,0,0,0,0,28.83,28.83,28.83
$GC,3005,0.65,146.6,2869,2219,1705,1487,3.7,9.4,294,3006,0.00,0.00,0.00,0.000,4102,0.000,0.000,2869,2219,1596,1705,1487,0,0,0,0,0,0,28.83,28.83,28.83
$STATE,3012,end climb,SURFACE_DEPTH_REACHED
$STATE,3012,begin surface coast
$FINISH,-0.3,1.021665
$STATE,3044,end surface coast,CONTROL_FINISHED_OK
$STATE,3044,begin surface
$SM_CCo,3060,210.35,0.461,1,0,464,433.32
$SM_CCo,3278,-0.20,0.000,0,0,467,433.32
$SM_CCo,3281,1.12,0.082,0,0,465,433.32
$SM_GC,-2.20,7.40,0.17,1.12,0.068,0.065,0.082,248,2387,465,-7.45,-1.44,433.32,0,0,0,0,0,0,26.08,26.33,25.20
$IRIDIUM_FIX,4732.49,-12227.53,160208,121208
$TT8_MAMPS,0.027713,0.027713
$HUMID,40.74
$INTERNAL_PRESSURE,8.07689
$TCM_TEMP,17.20
$XPDR_PINGS,43
$ALTIM_TOP_PING,19.5,22.1
$ALTIM_BOTTOM_PING,105.1,66.3
$24V_AH,24.1,23.350
$10V_AH,10.3,10.456
$FG_AHR_24Vo,0.000
$FG_AHR_10Vo,0.000
$DEVICES,Pitch_motor,Roll_motor,VBD_pump_during_apogee,VBD_pump_during_surface,VBD_valve,Iridium_during_init,Iridium_during_connect,Iridium_during_xfer,Transponder_ping,GUMSTIX_24V,GPS,TT8,LPSleep,TT8_Active,TT8_Sampling,TT8_CF8,TT8_Kalman,Analog_circuits,GPS_charging,Compass,RAFOS,Transponder,Compass2
$DEVICE_SECS,0.000,0.000,0.000,0.000,0.000,0.000,0.000,0.000,0.000,0.000,0.000,0.000,0.000,0.000,0.000,0.000,0.000,0.000,0.000,0.000,0.000,0.000,0.000
$DEVICE_MAMPS,0.000,0.000,0.000,0.000,0.000,0.000,0.000,0.000,0.000,0.000,0.000,0.000,0.000,0.000,0.000,0.000,0.000,0.000,0.000,0.000,0.000,0.000,0.000
$SENSORS,SBE_CT,AA4330,WL_BB2FLVMG,nil,nil,nil,nil,nil,nil,nil
$SENSOR_SECS,0.000,0.000,0.000,0.000,0.000,0.000,0.000,0.000,0.000,0.000
$SENSOR_MAMPS,0.000,0.000,0.000,0.000,0.000,0.000,0.000,0.000,0.000,0.000
$MEM,355076
$DATA_FILE_SIZE,20261,298
$CAP_FILE_SIZE,98116,0
$CFSIZE,260165632,253612032
$ERRORS,0,0,0,0,0,0,0,0,0,0,0,0,0,1,0,0
$CURRENT,0.084, 46.3,1
$GPS,260126,044240,4750.823,-12223.640,5,1.3,28,18.2
