version: 66.11
glider: 175
mission: 10
dive: 241
start: 1 31 126 20 49 52
data:
$ID,175
$MISSION,10
$DIVE,241
$N_DIVES,0
$D_SURF,3
$D_FLARE,3
$D_TGT,200
$D_ABORT,1090
$D_NO_BLEED,500
$D_BOOST,3
$T_BOOST,0
$D_FINISH,0
$D_PITCH,0
$D_SAFE,0
$D_CALL,0
$SURFACE_URGENCY,0
$SURFACE_URGENCY_TRY,0
$SURFACE_URGENCY_FORCE,0
$T_DIVE,65
$T_MISSION,85
$T_ABORT,1440
$T_TURN,300
$T_TURN_SAMPINT,5
$T_NO_W,120
$T_LOITER,0
$T_EPIRB,0
$USE_BATHY,0
$USE_ICE,0
$ICE_FREEZE_MARGIN,0.30000001
$D_OFFGRID,100
$T_WATCHDOG,10
$RELAUNCH,1
$APOGEE_PITCH,-8
$MAX_BUOY,150
$COURSE_BIAS,0
$GLIDE_SLOPE,30
$SPEED_FACTOR,1
$RHO,1.023
$MASS,51902
$MASS_COMP,0
$NAV_MODE,2
$FERRY_MAX,45
$KALMAN_USE,2
$HD_A,0.003
$HD_B,0.0099999998
$HD_C,9.9999997e-06
$HEADING,-1
$ESCAPE_HEADING,0
$ESCAPE_HEADING_DELTA,10
$FIX_MISSING_TIMEOUT,0
$TGT_DEFAULT_LAT,4750.7002
$TGT_DEFAULT_LON,-12222
$TGT_AUTO_DEFAULT,0
$SM_CC,457.23199
$N_FILEKB,4
$FILEMGR,0
$CALL_NDIVES,1
$COMM_SEQ,0
$PROTOCOL,9
$N_NOCOMM,1
$NOCOMM_ACTION,0
$N_NOSURFACE,0
$UPLOAD_DIVES_MAX,-1
$CALL_TRIES,5
$CALL_WAIT,60
$CAPUPLOAD,1
$CAPMAXSIZE,200000
$HEAPDBG,0
$T_GPS,15
$N_GPS,30
$T_GPS_ALMANAC,0
$T_GPS_CHARGE,-36606.906
$T_RSLEEP,2
$STROBE,0
$RAFOS_PEAK_OFFSET,1.5
$RAFOS_CORR_THRESH,60
$RAFOS_HIT_WINDOW,3600
$PITCH_MIN,255
$PITCH_MAX,3935
$C_PITCH,2671
$PITCH_DBAND,0.0099999998
$PITCH_CNV,0.003125763
$P_OVSHOOT,0.039999999
$PITCH_GAIN,30
$PITCH_TIMEOUT,17
$PITCH_AD_RATE,160
$PITCH_MAXERRORS,1
$PITCH_ADJ_GAIN,0.02
$PITCH_ADJ_DBAND,2.5
$ROLL_MIN,171
$ROLL_MAX,3723
$ROLL_DEG,40
$C_ROLL_DIVE,2354
$C_ROLL_CLIMB,2165
$HEAD_ERRBAND,10
$ROLL_CNV,0.028270001
$ROLL_TIMEOUT,15
$R_PORT_OVSHOOT,56
$R_STBD_OVSHOOT,71
$ROLL_AD_RATE,300
$ROLL_MAXERRORS,2
$ROLL_ADJ_GAIN,0
$ROLL_ADJ_DBAND,0
$VBD_MIN,465
$VBD_MAX,3960
$C_VBD,2190
$VBD_DBAND,2
$VBD_CNV,-0.25119999
$VBD_TIMEOUT,720
$PITCH_VBD_SHIFT,0.0012300001
$VBD_PUMP_AD_RATE_SURFACE,5
$VBD_PUMP_AD_RATE_APOGEE,4
$VBD_BLEED_AD_RATE,8
$UNCOM_BLEED,60
$VBD_MAXERRORS,1
$W_ADJ_DBAND,2
$DBDW,0
$PITCH_W_GAIN,0
$PITCH_W_DBAND,1
$CF8_MAXERRORS,5
$AH0_24V,145
$AH0_10V,95
$MINV_24V,19
$MINV_10V,8
$FG_AHR_10V,0
$FG_AHR_24V,0
$PHONE_SUPPLY,2
$PRESSURE_YINT,-18.492611
$PRESSURE_SLOPE,0.0001165895
$AD7714Ch0Gain,128
$TCM_PITCH_OFFSET,0
$TCM_ROLL_OFFSET,0
$COMPASS_USE,4
$ALTIM_BOTTOM_PING_RANGE,0
$ALTIM_TOP_PING_RANGE,20
$ALTIM_BOTTOM_TURN_MARGIN,25
$ALTIM_TOP_TURN_MARGIN,0
$ALTIM_TOP_MIN_OBSTACLE,1
$ALTIM_PING_DEPTH,100
$ALTIM_PING_DELTA,5
$ALTIM_FREQUENCY,13
$ALTIM_PULSE,3
$ALTIM_SENSITIVITY,3
$XPDR_VALID,5
$XPDR_INHIBIT,90
$INT_PRESSURE_SLOPE,0.0097660003
$INT_PRESSURE_YINT,-0.40000001
$DEEPGLIDER,0
$DEEPGLIDERMB,0
$MOTHERBOARD,4
$DEVICE1,2
$DEVICE2,101
$DEVICE3,38
$DEVICE4,-1
$DEVICE5,-1
$DEVICE6,-1
$LOGGERS,7
$LOGGERDEVICE1,-1
$LOGGERDEVICE2,-1
$LOGGERDEVICE3,-1
$LOGGERDEVICE4,-1
$COMPASS_DEVICE,33
$COMPASS2_DEVICE,-1
$PHONE_DEVICE,49
$GPS_DEVICE,32
$RAFOS_DEVICE,-1
$XPDR_DEVICE,24
$SIM_W,0
$SIM_PITCH,0
$SEABIRD_T_G,0.0043137739
$SEABIRD_T_H,0.00062868668
$SEABIRD_T_I,2.2691316e-05
$SEABIRD_T_J,2.2586789e-06
$SEABIRD_C_G,-10.021329
$SEABIRD_C_H,1.1236943
$SEABIRD_C_I,-0.0013673168
$SEABIRD_C_J,0.00018808816
$GPS1,310126,204133,4751.271,-12224.102,12,0.9,40,18.2
$_CALLS,2
$_XMS_NAKs,0
$_XMS_TOUTs,0
$_SM_DEPTHo,-7.89
$_SM_ANGLEo,-70.2
$GPS2,310126,204923,4751.301,-12224.111,14,1.2,14,18.2
$SPEED_LIMITS,0.178,0.262
$TGT_NAME,EAST_175
$TGT_LATLONG,4750.700,-12222.000
$TGT_RADIUS,200.000
$KALMAN_CONTROL,0.000,0.000
$KALMAN_X,0.0,0.0,0.0,0.0,0.0
$KALMAN_Y,0.0,0.0,0.0,0.0,0.0
$MHEAD_RNG_PITCHd_Wd,114.3,2850,-17.9,-10.256,-21.36,2171
$D_GRID,200
$GCHEAD,st_secs,pitch_ctl,vbd_ctl,pitch_ad_start,roll_ad_start,vbd_pot1_ad_start,vbd_pot2_ad_start,depth,ob_vertv,data_pts,end_secs,pitch_secs,roll_secs,vbd_secs,vbd_i,gcphase,pitch_i,roll_i,pitch_ad,roll_ad,vbd_ad,vbd_pot1_ad,vbd_pot2_ad,pitch_retries,pitch_errors,roll_retries,roll_errors,vbd_retries,vbd_errors,pitch_volts,roll_volts,vbd_volts
$STATE,13,end surface,CONTROL_FINISHED_OK
$STATE,13,begin dive
$GC,15,-0.78,-146.6,249,2386,520,402,0.0,0.0,0,103,0.00,0.00,-84.78,0.000,16390,0.000,0.000,249,2386,2774,2850,2698,0,0,0,0,0,0,28.83,28.83,26.34
$GC,106,-0.78,-146.6,248,2386,2852,2699,-5.7,-4.1,8,125,8.57,2.08,0.00,0.000,2308,0.218,0.059,2400,3683,2781,2862,2700,0,0,0,0,0,0,25.22,25.78,28.83
$GC,250,-0.59,-146.6,2400,3683,2872,2697,24.1,-16.8,22,259,0.22,1.92,0.00,0.000,3078,0.147,0.021,2469,2330,2784,2873,2696,0,0,0,0,0,0,25.59,26.14,28.83
$GC,289,-0.49,-146.6,2469,2330,2874,2695,29.8,-14.0,26,291,0.15,0.00,0.00,0.000,2054,0.150,0.000,2510,2329,2784,2874,2695,0,0,0,0,0,0,25.91,28.83,28.83
$GC,319,-0.49,-146.6,2510,2329,2875,2695,33.0,-11.2,29,320,0.00,0.00,0.00,0.000,2054,0.000,0.000,2510,2329,2785,2875,2695,0,0,0,0,0,0,28.83,28.83,28.83
$GC,349,-0.55,-146.6,2510,2329,2875,2695,35.7,-9.1,32,350,0.00,0.00,0.00,0.000,4102,0.000,0.000,2510,2329,2785,2875,2695,0,0,0,0,0,0,28.83,28.83,28.83
$GC,379,-0.60,-146.6,2509,2329,2875,2694,38.5,-9.0,35,381,0.10,0.00,0.00,0.000,4102,0.100,0.000,2461,2329,2784,2875,2694,0,0,0,0,0,0,26.27,28.83,28.83
$GC,410,-0.60,-146.6,2461,2329,2875,2693,41.8,-10.5,38,411,0.00,0.00,0.00,0.000,2054,0.000,0.000,2462,2329,2784,2875,2693,0,0,0,0,0,0,28.83,28.83,28.83
$GC,439,-0.60,-146.6,2461,2329,2875,2693,45.6,-12.6,41,440,0.00,0.00,0.00,0.000,2054,0.000,0.000,2461,2329,2784,2875,2693,0,0,0,0,0,0,28.83,28.83,28.83
$GC,469,-0.60,-146.6,2461,2329,2875,2693,49.4,-12.7,44,470,0.00,0.00,0.00,0.000,2054,0.000,0.000,2462,2329,2784,2875,2693,0,0,0,0,0,0,28.83,28.83,28.83
$GC,499,-0.60,-146.6,2461,2329,2876,2693,52.8,-11.6,47,500,0.00,0.00,0.00,0.000,2054,0.000,0.000,2461,2329,2784,2875,2693,0,0,0,0,0,0,28.83,28.83,28.83
$GC,529,-0.60,-146.6,2461,2329,2875,2693,56.1,-10.9,50,531,0.00,0.00,0.00,0.000,2054,0.000,0.000,2461,2329,2784,2875,2693,0,0,0,0,0,0,28.83,28.83,28.83
$GC,559,-0.55,-146.6,2461,2329,2875,2693,59.4,-11.1,53,561,0.12,0.00,0.00,0.000,2054,0.154,0.000,2493,2329,2784,2875,2693,0,0,0,0,0,0,26.09,28.83,28.83
$GC,589,-0.55,-146.6,2493,2329,2876,2693,62.6,-11.0,56,590,0.00,0.00,0.00,0.000,6,0.000,0.000,2493,2329,2784,2875,2693,0,0,0,0,0,0,28.83,28.83,28.83
$GC,619,-0.55,-146.6,2493,2329,2875,2693,65.5,-9.5,59,620,0.00,0.00,0.00,0.000,6,0.000,0.000,2493,2329,2784,2875,2693,0,0,0,0,0,0,28.83,28.83,28.83
$GC,649,-0.55,-146.6,2493,2329,2875,2693,68.4,-9.7,62,650,0.00,0.00,0.00,0.000,6,0.000,0.000,2493,2330,2784,2875,2693,0,0,0,0,0,0,28.83,28.83,28.83
$GC,679,-0.55,-146.6,2493,2329,2875,2693,71.0,-9.0,65,688,0.00,2.00,0.00,0.000,516,0.000,0.030,2493,977,2783,2875,2692,0,0,0,0,0,0,28.83,26.20,28.83
$GC,723,-0.55,-146.6,1688,977,2839,2685,74.8,-8.8,69,731,0.00,2.08,0.00,0.000,3078,0.000,0.031,2494,2332,2783,2875,2692,0,0,0,0,0,0,28.83,26.20,28.83
$GC,761,-0.55,-146.6,2493,2332,2874,2692,78.2,-8.5,73,762,0.00,0.00,0.00,0.000,6,0.000,0.000,2493,2332,2783,2875,2692,0,0,0,0,0,0,28.83,28.83,28.83
$GC,791,-0.55,-146.6,2493,2332,2875,2692,80.8,-8.8,76,800,0.00,2.03,0.00,0.000,516,0.000,0.028,2493,971,2783,2875,2692,0,0,0,0,0,0,28.83,26.22,28.83
$GC,823,-0.55,-146.6,2493,971,2875,2691,83.6,-8.8,79,832,0.00,2.05,0.00,0.000,1030,0.000,0.028,2493,2357,2783,2875,2691,0,0,0,0,0,0,28.83,26.23,28.83
$GC,863,-0.55,-146.6,2493,2357,2875,2692,86.7,-7.8,83,864,0.00,0.00,0.00,0.000,6,0.000,0.000,2493,2357,2783,2875,2691,0,0,0,0,0,0,28.83,28.83,28.83
$GC,894,-0.55,-146.6,2493,2357,2875,2691,88.9,-7.5,86,895,0.00,0.00,0.00,0.000,6,0.000,0.000,2493,2357,2783,2875,2691,0,0,0,0,0,0,28.83,28.83,28.83
$GC,923,-0.55,-146.6,2493,2357,2876,2691,91.3,-7.9,89,924,0.00,0.00,0.00,0.000,6,0.000,0.000,2493,2357,2783,2875,2691,0,0,0,0,0,0,28.83,28.83,28.83
$GC,953,-0.55,-146.6,2493,2357,2875,2691,93.6,-7.8,92,962,0.00,2.03,0.00,0.000,260,0.000,0.042,2491,3707,2783,2875,2692,0,0,0,0,0,0,28.83,26.17,28.83
$GC,987,-0.55,-146.6,1680,3706,2837,2685,96.4,-8.4,95,995,0.00,1.98,0.00,0.000,3078,0.000,0.018,2491,2331,2783,2875,2692,0,0,0,0,0,0,28.83,26.39,28.83
$GC,1025,-0.55,-146.6,2491,2331,2875,2691,100.0,-8.9,99,1026,0.00,0.00,0.00,0.000,2054,0.000,0.000,2491,2331,2783,2875,2691,0,0,0,0,0,0,28.83,28.83,28.83
$GC,1056,-0.55,-146.6,2491,2331,2875,2691,102.8,-9.2,102,1057,0.00,0.00,0.00,0.000,2054,0.000,0.000,2491,2331,2783,2875,2691,0,0,0,0,0,0,28.83,28.83,28.83
$GC,1085,-0.55,-146.6,2491,2330,2875,2691,105.5,-9.3,105,1086,0.00,0.00,0.00,0.000,2054,0.000,0.000,2491,2331,2783,2875,2691,0,0,0,0,0,0,28.83,28.83,28.83
$GC,1115,-0.55,-146.6,2491,2330,2875,2692,108.3,-9.3,108,1116,0.00,0.00,0.00,0.000,2054,0.000,0.000,2491,2331,2783,2875,2691,0,0,0,0,0,0,28.83,28.83,28.83
$GC,1145,-0.55,-146.6,2491,2331,2875,2691,110.7,-8.0,111,1154,0.00,2.00,0.00,0.000,2564,0.000,0.029,2491,979,2783,2875,2691,0,0,0,0,0,0,28.83,26.26,28.83
$GC,1209,-0.55,-146.6,1672,978,2839,2684,116.1,-9.0,117,1217,0.00,2.10,0.00,0.000,3078,0.000,0.031,2491,2360,2782,2875,2690,0,0,0,0,0,0,28.83,26.27,28.83
$GC,1247,-0.55,-146.6,2491,2360,2875,2691,119.5,-8.4,121,1248,0.00,0.00,0.00,0.000,2054,0.000,0.000,2491,2360,2782,2875,2690,0,0,0,0,0,0,28.83,28.83,28.83
$GC,1277,-0.55,-146.6,2491,2360,2876,2690,121.8,-7.8,124,1278,0.00,0.00,0.00,0.000,2054,0.000,0.000,2491,2360,2782,2875,2690,0,0,0,0,0,0,28.83,28.83,28.83
$GC,1307,-0.55,-146.6,2491,2360,2875,2690,124.3,-8.2,127,1316,0.00,2.05,0.00,0.000,2564,0.000,0.028,2491,984,2782,2875,2690,0,0,0,0,0,0,28.83,26.27,28.83
$GC,1369,-0.55,-146.6,2491,984,2875,2690,129.5,-8.6,133,1379,0.00,2.03,0.00,0.000,3078,0.000,0.028,2491,2357,2782,2875,2690,0,0,0,0,0,0,28.83,26.29,28.83
$STATE,1397,end dive,BOTTOM_OBSTACLE_DETECTED
$STATE,1397,begin apogee
$GC,1402,-0.27,0.0,2490,2093,2875,2690,132.1,-8.3,136,1531,0.25,0.10,121.57,0.565,10246,0.108,0.093,2577,2197,2189,2282,2097,0,0,0,0,0,0,25.98,25.21,24.44
$STATE,1532,end apogee,CONTROL_FINISHED_OK
$STATE,1532,begin climb
$GC,1534,0.78,146.6,2577,2198,2281,2096,136.8,0.0,149,1652,1.02,0.00,113.85,0.551,10246,0.097,0.000,2911,2197,1606,1728,1484,0,0,0,0,0,0,25.25,28.83,24.39
$GC,1680,0.68,146.6,2911,2197,1726,1478,120.0,15.4,164,1682,0.10,0.00,0.00,0.000,4102,0.177,0.000,2890,2197,1602,1726,1478,0,0,0,0,0,0,25.34,28.83,28.83
$GC,1711,0.61,146.6,2890,2197,1725,1477,115.6,15.0,167,1720,0.10,2.15,0.00,0.000,4612,0.172,0.031,2869,800,1600,1723,1477,0,0,0,0,0,0,25.48,25.56,28.83
$GC,1745,0.61,146.6,2016,800,1689,1473,111.4,12.8,170,1753,0.00,2.08,0.00,0.000,5126,0.000,0.024,2869,2148,1599,1721,1477,0,0,0,0,0,0,28.83,25.72,28.83
$GC,1783,0.61,146.6,2869,2148,1720,1477,106.5,12.4,174,1793,0.00,2.20,0.00,0.000,4356,0.000,0.036,2869,3577,1598,1720,1477,0,0,0,0,0,0,28.83,25.75,28.83
$GC,1805,0.61,146.6,2869,3577,1720,1477,103.6,12.7,176,1814,0.00,2.05,0.00,0.000,5126,0.000,0.018,2869,2184,1598,1720,1477,0,0,0,0,0,0,28.83,25.86,28.83
$GC,1846,0.61,146.6,2869,2180,1720,1477,98.0,13.7,180,1855,0.00,2.17,0.00,0.000,4612,0.000,0.036,2869,767,1598,1720,1476,0,0,0,0,0,0,28.83,25.84,28.83
$GC,1888,0.61,146.6,2869,767,1716,1476,93.1,11.7,184,1897,0.00,2.08,0.00,0.000,5126,0.000,0.023,2869,2170,1596,1716,1476,0,0,0,0,0,0,28.83,25.96,28.83
$GC,1928,0.61,146.6,2869,2170,1716,1476,88.1,12.4,188,1937,0.00,2.12,0.00,0.000,4356,0.000,0.037,2869,3565,1596,1716,1476,0,0,0,0,0,0,28.83,25.94,28.83
$GC,1970,0.61,146.6,2869,3565,1716,1476,82.8,13.2,192,1979,0.00,2.05,0.00,0.000,5126,0.000,0.018,2869,2155,1596,1716,1477,0,0,0,0,0,0,28.83,26.06,28.83
$GC,2010,0.61,146.6,2869,2152,1716,1477,77.6,13.2,196,2011,0.00,0.00,0.00,0.000,4102,0.000,0.000,2869,2152,1596,1716,1476,0,0,0,0,0,0,28.83,28.83,28.83
$GC,2040,0.61,146.6,2869,2152,1716,1477,73.8,12.6,199,2042,0.00,0.00,0.00,0.000,4102,0.000,0.000,2869,2152,1596,1716,1476,0,0,0,0,0,0,28.83,28.83,28.83
$GC,2070,0.61,146.6,2869,2152,1716,1477,70.0,12.5,202,2080,0.00,2.17,0.00,0.000,4356,0.000,0.037,2869,3573,1596,1716,1476,0,0,0,0,0,0,28.83,26.03,28.83
$GC,2092,0.61,146.6,2869,3573,1716,1476,67.0,13.0,204,2101,0.00,2.05,0.00,0.000,5126,0.000,0.018,2869,2165,1596,1716,1476,0,0,0,0,0,0,28.83,26.13,28.83
$GC,2132,0.61,146.6,2869,2161,1716,1476,61.5,13.7,208,2141,0.00,2.12,0.00,0.000,4612,0.000,0.036,2869,766,1596,1716,1476,0,0,0,0,0,0,28.83,26.04,28.83
$GC,2194,0.61,146.6,2869,766,1715,1476,54.4,11.0,214,2204,0.00,2.05,0.00,0.000,5126,0.000,0.023,2869,2167,1595,1715,1476,0,0,0,0,0,0,28.83,26.15,28.83
$GC,2234,0.61,146.6,2869,2167,1714,1476,49.6,12.0,218,2244,0.00,2.12,0.00,0.000,4356,0.000,0.037,2869,3569,1595,1715,1476,0,0,0,0,0,0,28.83,26.10,28.83
$GC,2267,0.61,146.6,2869,3569,1714,1476,45.2,13.4,221,2276,0.00,2.05,0.00,0.000,5126,0.000,0.018,2869,2150,1595,1715,1476,0,0,0,0,0,0,28.83,26.20,28.83
$GC,2307,0.61,146.6,2869,2148,1714,1476,40.1,13.0,225,2316,0.00,2.10,0.00,0.000,4612,0.000,0.036,2869,764,1595,1715,1476,0,0,0,0,0,0,28.83,26.10,28.83
$GC,2349,0.61,146.6,2869,764,1714,1476,35.4,10.9,229,2358,0.00,2.05,0.00,0.000,5126,0.000,0.023,2869,2165,1595,1714,1476,0,0,0,0,0,0,28.83,26.20,28.83
$GC,2389,0.61,146.6,2869,2165,1713,1476,30.9,11.4,233,2398,0.00,2.12,0.00,0.000,4356,0.000,0.037,2869,3571,1595,1714,1476,0,0,0,0,0,0,28.83,26.14,28.83
$GC,2413,0.61,146.6,2869,3571,1714,1476,28.4,11.4,235,2421,0.00,2.10,0.00,0.000,5126,0.000,0.021,2869,2159,1595,1714,1476,0,0,0,0,0,0,28.83,26.25,28.83
$GC,2452,0.61,146.6,2869,2156,1714,1477,23.7,11.7,239,2453,0.00,0.00,0.00,0.000,4102,0.000,0.000,2869,2156,1595,1714,1476,0,0,0,0,0,0,28.83,28.83,28.83
$GC,2481,0.61,146.6,2869,2156,1714,1476,20.4,11.1,242,2482,0.00,0.00,0.00,0.000,4102,0.000,0.000,2869,2156,1594,1713,1476,0,0,0,0,0,0,28.83,28.83,28.83
$GC,2512,0.61,146.6,2869,2155,1714,1476,17.1,11.2,245,2513,0.00,0.00,0.00,0.000,4102,0.000,0.000,2870,2156,1595,1714,1476,0,0,0,0,0,0,28.83,28.83,28.83
$GC,2541,0.61,146.6,2869,2155,1714,1476,13.9,10.9,248,2542,0.00,0.00,0.00,0.000,4102,0.000,0.000,2869,2156,1594,1713,1476,0,0,0,0,0,0,28.83,28.83,28.83
$GC,2572,0.61,146.6,2869,2155,1714,1476,10.7,10.3,251,2573,0.00,0.00,0.00,0.000,4102,0.000,0.000,2869,2156,1595,1714,1476,0,0,0,0,0,0,28.83,28.83,28.83
$GC,2601,0.61,146.6,2869,2155,1714,1476,7.6,10.3,254,2602,0.00,0.00,0.00,0.000,4102,0.000,0.000,2869,2156,1595,1714,1476,0,0,0,0,0,0,28.83,28.83,28.83
$GC,2631,0.61,146.6,2869,2156,1714,1476,4.7,10.1,257,2640,0.00,2.15,0.00,0.000,4356,0.000,0.037,2869,3571,1595,1714,1476,0,0,0,0,0,0,28.83,26.19,28.83
$STATE,2652,end climb,SURFACE_DEPTH_REACHED
$STATE,2652,begin surface coast
$FINISH,-0.4,1.022244
$STATE,2673,end surface coast,CONTROL_FINISHED_OK
$STATE,2673,begin surface
$SM_CCo,2691,212.62,0.459,1,0,464,433.32
$SM_CCo,2911,-0.22,0.000,0,0,467,433.32
$SM_CCo,2914,1.23,0.080,0,0,465,433.32
$SM_GC,-7.89,7.40,1.83,1.23,0.070,0.018,0.080,246,2335,465,-7.51,1.47,433.32,0,0,0,0,0,0,26.19,26.34,25.25
$IRIDIUM_FIX,4732.49,-12231.96,220208,060615
$TT8_MAMPS,0.027713,0.027713
$HUMID,41.41
$INTERNAL_PRESSURE,8.08665
$TCM_TEMP,17.10
$XPDR_PINGS,38
$ALTIM_TOP_PING,19.3,7.3
$ALTIM_BOTTOM_PING,100.9,55.9
$24V_AH,24.4,23.350
$10V_AH,10.2,10.456
$FG_AHR_24Vo,0.000
$FG_AHR_10Vo,0.000
$DEVICES,Pitch_motor,Roll_motor,VBD_pump_during_apogee,VBD_pump_during_surface,VBD_valve,Iridium_during_init,Iridium_during_connect,Iridium_during_xfer,Transponder_ping,GUMSTIX_24V,GPS,TT8,LPSleep,TT8_Active,TT8_Sampling,TT8_CF8,TT8_Kalman,Analog_circuits,GPS_charging,Compass,RAFOS,Transponder,Compass2
$DEVICE_SECS,0.000,0.000,0.000,0.000,0.000,0.000,0.000,0.000,0.000,0.000,0.000,0.000,0.000,0.000,0.000,0.000,0.000,0.000,0.000,0.000,0.000,0.000,0.000
$DEVICE_MAMPS,0.000,0.000,0.000,0.000,0.000,0.000,0.000,0.000,0.000,0.000,0.000,0.000,0.000,0.000,0.000,0.000,0.000,0.000,0.000,0.000,0.000,0.000,0.000
$SENSORS,SBE_CT,AA4330,WL_BB2FLVMG,nil,nil,nil,nil,nil,nil,nil
$SENSOR_SECS,0.000,0.000,0.000,0.000,0.000,0.000,0.000,0.000,0.000,0.000
$SENSOR_MAMPS,0.000,0.000,0.000,0.000,0.000,0.000,0.000,0.000,0.000,0.000
$MEM,355148
$DATA_FILE_SIZE,16984,261
$CAP_FILE_SIZE,86893,0
$CFSIZE,260165632,247431168
$ERRORS,0,0,0,0,0,0,0,0,0,0,0,0,0,1,0,0
$CURRENT,0.099, 44.1,1
$GPS,310126,213917,4751.167,-12223.551,11,1.3,11,18.2
