version: 66.11
glider: 175
mission: 10
dive: 255
start: 2 1 126 7 17 11
data:
$ID,175
$MISSION,10
$DIVE,255
$N_DIVES,0
$D_SURF,3
$D_FLARE,3
$D_TGT,200
$D_ABORT,1090
$D_NO_BLEED,500
$D_BOOST,3
$T_BOOST,0
$D_FINISH,0
$D_PITCH,0
$D_SAFE,0
$D_CALL,0
$SURFACE_URGENCY,0
$SURFACE_URGENCY_TRY,0
$SURFACE_URGENCY_FORCE,0
$T_DIVE,65
$T_MISSION,85
$T_ABORT,1440
$T_TURN,300
$T_TURN_SAMPINT,5
$T_NO_W,120
$T_LOITER,0
$T_EPIRB,0
$USE_BATHY,0
$USE_ICE,0
$ICE_FREEZE_MARGIN,0.30000001
$D_OFFGRID,100
$T_WATCHDOG,10
$RELAUNCH,1
$APOGEE_PITCH,-8
$MAX_BUOY,150
$COURSE_BIAS,0
$GLIDE_SLOPE,30
$SPEED_FACTOR,1
$RHO,1.023
$MASS,51902
$MASS_COMP,0
$NAV_MODE,2
$FERRY_MAX,45
$KALMAN_USE,2
$HD_A,0.003
$HD_B,0.0099999998
$HD_C,9.9999997e-06
$HEADING,-1
$ESCAPE_HEADING,0
$ESCAPE_HEADING_DELTA,10
$FIX_MISSING_TIMEOUT,0
$TGT_DEFAULT_LAT,4750.7002
$TGT_DEFAULT_LON,-12222
$TGT_AUTO_DEFAULT,0
$SM_CC,457.23199
$N_FILEKB,4
$FILEMGR,0
$CALL_NDIVES,1
$COMM_SEQ,0
$PROTOCOL,9
$N_NOCOMM,1
$NOCOMM_ACTION,0
$N_NOSURFACE,0
$UPLOAD_DIVES_MAX,-1
$CALL_TRIES,5
$CALL_WAIT,60
$CAPUPLOAD,1
$CAPMAXSIZE,200000
$HEAPDBG,0
$T_GPS,15
$N_GPS,30
$T_GPS_ALMANAC,0
$T_GPS_CHARGE,-36627.309
$T_RSLEEP,2
$STROBE,0
$RAFOS_PEAK_OFFSET,1.5
$RAFOS_CORR_THRESH,60
$RAFOS_HIT_WINDOW,3600
$PITCH_MIN,255
$PITCH_MAX,3935
$C_PITCH,2671
$PITCH_DBAND,0.0099999998
$PITCH_CNV,0.003125763
$P_OVSHOOT,0.039999999
$PITCH_GAIN,30
$PITCH_TIMEOUT,17
$PITCH_AD_RATE,160
$PITCH_MAXERRORS,1
$PITCH_ADJ_GAIN,0.02
$PITCH_ADJ_DBAND,2.5
$ROLL_MIN,171
$ROLL_MAX,3723
$ROLL_DEG,40
$C_ROLL_DIVE,2354
$C_ROLL_CLIMB,2165
$HEAD_ERRBAND,10
$ROLL_CNV,0.028270001
$ROLL_TIMEOUT,15
$R_PORT_OVSHOOT,55
$R_STBD_OVSHOOT,70
$ROLL_AD_RATE,300
$ROLL_MAXERRORS,2
$ROLL_ADJ_GAIN,0
$ROLL_ADJ_DBAND,0
$VBD_MIN,465
$VBD_MAX,3960
$C_VBD,2190
$VBD_DBAND,2
$VBD_CNV,-0.25119999
$VBD_TIMEOUT,720
$PITCH_VBD_SHIFT,0.0012300001
$VBD_PUMP_AD_RATE_SURFACE,5
$VBD_PUMP_AD_RATE_APOGEE,4
$VBD_BLEED_AD_RATE,8
$UNCOM_BLEED,60
$VBD_MAXERRORS,1
$W_ADJ_DBAND,2
$DBDW,0
$PITCH_W_GAIN,0
$PITCH_W_DBAND,1
$CF8_MAXERRORS,5
$AH0_24V,145
$AH0_10V,95
$MINV_24V,19
$MINV_10V,8
$FG_AHR_10V,0
$FG_AHR_24V,0
$PHONE_SUPPLY,2
$PRESSURE_YINT,-18.492611
$PRESSURE_SLOPE,0.0001165895
$AD7714Ch0Gain,128
$TCM_PITCH_OFFSET,0
$TCM_ROLL_OFFSET,0
$COMPASS_USE,4
$ALTIM_BOTTOM_PING_RANGE,0
$ALTIM_TOP_PING_RANGE,20
$ALTIM_BOTTOM_TURN_MARGIN,25
$ALTIM_TOP_TURN_MARGIN,0
$ALTIM_TOP_MIN_OBSTACLE,1
$ALTIM_PING_DEPTH,100
$ALTIM_PING_DELTA,5
$ALTIM_FREQUENCY,13
$ALTIM_PULSE,3
$ALTIM_SENSITIVITY,3
$XPDR_VALID,5
$XPDR_INHIBIT,90
$INT_PRESSURE_SLOPE,0.0097660003
$INT_PRESSURE_YINT,-0.40000001
$DEEPGLIDER,0
$DEEPGLIDERMB,0
$MOTHERBOARD,4
$DEVICE1,2
$DEVICE2,101
$DEVICE3,38
$DEVICE4,-1
$DEVICE5,-1
$DEVICE6,-1
$LOGGERS,7
$LOGGERDEVICE1,-1
$LOGGERDEVICE2,-1
$LOGGERDEVICE3,-1
$LOGGERDEVICE4,-1
$COMPASS_DEVICE,33
$COMPASS2_DEVICE,-1
$PHONE_DEVICE,49
$GPS_DEVICE,32
$RAFOS_DEVICE,-1
$XPDR_DEVICE,24
$SIM_W,0
$SIM_PITCH,0
$SEABIRD_T_G,0.0043137739
$SEABIRD_T_H,0.00062868668
$SEABIRD_T_I,2.2691316e-05
$SEABIRD_T_J,2.2586789e-06
$SEABIRD_C_G,-10.021329
$SEABIRD_C_H,1.1236943
$SEABIRD_C_I,-0.0013673168
$SEABIRD_C_J,0.00018808816
$GPS1,010226,070916,4750.677,-12222.379,8,1.5,8,18.2
$_CALLS,2
$_XMS_NAKs,0
$_XMS_TOUTs,0
$_SM_DEPTHo,-7.98
$_SM_ANGLEo,-70.3
$GPS2,010226,071641,4750.594,-12222.408,8,1.6,8,18.2
$SPEED_LIMITS,0.178,0.262
$TGT_NAME,WEST_175
$TGT_LATLONG,4750.700,-12226.500
$TGT_RADIUS,200.000
$KALMAN_CONTROL,0.000,0.000
$KALMAN_X,0.0,0.0,0.0,0.0,0.0
$KALMAN_Y,0.0,0.0,0.0,0.0,0.0
$MHEAD_RNG_PITCHd_Wd,256.0,5090,-17.9,-10.256,-21.36,2171
$D_GRID,200
$GCHEAD,st_secs,pitch_ctl,vbd_ctl,pitch_ad_start,roll_ad_start,vbd_pot1_ad_start,vbd_pot2_ad_start,depth,ob_vertv,data_pts,end_secs,pitch_secs,roll_secs,vbd_secs,vbd_i,gcphase,pitch_i,roll_i,pitch_ad,roll_ad,vbd_ad,vbd_pot1_ad,vbd_pot2_ad,pitch_retries,pitch_errors,roll_retries,roll_errors,vbd_retries,vbd_errors,pitch_volts,roll_volts,vbd_volts
$STATE,12,end surface,CONTROL_FINISHED_OK
$STATE,12,begin dive
$GC,15,-0.78,-146.6,241,2378,520,401,0.0,0.0,0,102,0.00,0.00,-84.30,0.000,16390,0.000,0.000,241,2378,2774,2851,2698,0,0,0,0,0,0,28.83,28.83,26.34
$GC,105,-0.78,-146.6,241,2378,2853,2700,-5.6,-5.1,8,123,8.48,2.00,0.00,0.000,2308,0.212,0.041,2401,3684,2782,2864,2700,0,0,0,0,0,0,25.22,25.87,28.83
$GC,309,-0.58,-146.6,2401,3684,2873,2697,37.6,-19.0,28,318,0.30,1.95,0.00,0.000,3078,0.154,0.018,2484,2297,2784,2873,2696,0,0,0,0,0,0,25.63,26.18,28.83
$GC,349,-0.49,-146.6,2484,2297,2875,2695,43.7,-14.9,32,351,0.10,0.00,0.00,0.000,2054,0.167,0.000,2508,2297,2785,2875,2695,0,0,0,0,0,0,26.08,28.83,28.83
$GC,378,-0.49,-146.6,2508,2297,2875,2695,46.7,-10.5,35,379,0.00,0.00,0.00,0.000,2054,0.000,0.000,2509,2297,2785,2876,2694,0,0,0,0,0,0,28.83,28.83,28.83
$GC,409,-0.54,-146.6,2508,2297,2876,2694,49.2,-8.7,38,411,0.00,0.00,0.00,0.000,4102,0.000,0.000,2509,2297,2785,2876,2694,0,0,0,0,0,0,28.83,28.83,28.83
$GC,439,-0.60,-146.6,2508,2297,2876,2694,51.6,-7.6,41,441,0.10,0.00,0.00,0.000,4102,0.103,0.000,2466,2298,2785,2876,2694,0,0,0,0,0,0,26.29,28.83,28.83
$GC,469,-0.60,-146.6,2465,2297,2876,2693,54.2,-8.3,44,470,0.00,0.00,0.00,0.000,2054,0.000,0.000,2465,2297,2785,2876,2694,0,0,0,0,0,0,28.83,28.83,28.83
$GC,499,-0.60,-146.6,2465,2297,2876,2693,57.1,-9.9,47,500,0.00,0.00,0.00,0.000,2054,0.000,0.000,2465,2297,2784,2876,2693,0,0,0,0,0,0,28.83,28.83,28.83
$GC,529,-0.60,-146.6,2465,2297,2876,2693,60.1,-9.8,50,538,0.00,2.17,0.00,0.000,2308,0.000,0.045,2465,3695,2784,2875,2693,0,0,0,0,0,0,28.83,26.08,28.83
$GC,581,-0.60,-146.6,2464,3695,2876,2693,65.5,-10.6,55,590,0.00,1.95,0.00,0.000,3078,0.000,0.017,2464,2319,2784,2876,2693,0,0,0,0,0,0,28.83,26.29,28.83
$GC,621,-0.60,-146.6,2464,2318,2876,2693,69.4,-9.8,59,622,0.00,0.00,0.00,0.000,2054,0.000,0.000,2465,2318,2784,2876,2693,0,0,0,0,0,0,28.83,28.83,28.83
$GC,651,-0.60,-146.6,2465,2318,2876,2693,72.5,-10.3,62,653,0.00,0.00,0.00,0.000,2054,0.000,0.000,2465,2318,2784,2876,2693,0,0,0,0,0,0,28.83,28.83,28.83
$GC,681,-0.60,-146.6,2464,2318,2876,2693,75.6,-10.4,65,690,0.00,2.00,0.00,0.000,2564,0.000,0.029,2465,974,2784,2876,2692,0,0,0,0,0,0,28.83,26.20,28.83
$GC,715,-0.60,-146.6,1664,972,2839,2685,79.3,-11.4,68,723,0.00,2.08,0.00,0.000,3078,0.000,0.032,2464,2328,2783,2876,2691,0,0,0,0,0,0,28.83,26.22,28.83
$GC,753,-0.60,-146.6,2464,2328,2876,2692,84.0,-11.6,72,754,0.00,0.00,0.00,0.000,2054,0.000,0.000,2464,2328,2783,2876,2691,0,0,0,0,0,0,28.83,28.83,28.83
$GC,783,-0.60,-146.6,2464,2329,2876,2692,87.6,-12.0,75,784,0.00,0.00,0.00,0.000,2054,0.000,0.000,2465,2329,2784,2876,2692,0,0,0,0,0,0,28.83,28.83,28.83
$GC,814,-0.60,-146.6,2464,2328,2875,2692,91.2,-11.9,78,815,0.00,0.00,0.00,0.000,2054,0.000,0.000,2464,2328,2784,2876,2692,0,0,0,0,0,0,28.83,28.83,28.83
$GC,843,-0.60,-146.6,2464,2329,2876,2692,94.6,-11.6,81,844,0.00,0.00,0.00,0.000,2054,0.000,0.000,2465,2329,2783,2876,2691,0,0,0,0,0,0,28.83,28.83,28.83
$GC,873,-0.60,-146.6,2464,2328,2876,2692,98.0,-11.3,84,874,0.00,0.00,0.00,0.000,2054,0.000,0.000,2465,2329,2783,2876,2691,0,0,0,0,0,0,28.83,28.83,28.83
$GC,903,-0.60,-146.6,2464,2328,2875,2692,101.1,-10.5,87,904,0.00,0.00,0.00,0.000,2054,0.000,0.000,2465,2328,2783,2875,2692,0,0,0,0,0,0,28.83,28.83,28.83
$GC,934,-0.60,-146.6,2464,2329,2875,2692,104.1,-10.1,90,935,0.00,0.00,0.00,0.000,2054,0.000,0.000,2465,2329,2783,2876,2691,0,0,0,0,0,0,28.83,28.83,28.83
$GC,963,-0.60,-146.6,2464,2328,2876,2692,107.1,-9.9,93,964,0.00,0.00,0.00,0.000,2054,0.000,0.000,2464,2329,2783,2876,2691,0,0,0,0,0,0,28.83,28.83,28.83
$GC,993,-0.60,-146.6,2464,2329,2875,2691,110.3,-10.7,96,994,0.00,0.00,0.00,0.000,2054,0.000,0.000,2464,2328,2784,2876,2692,0,0,0,0,0,0,28.83,28.83,28.83
$GC,1023,-0.60,-146.6,2464,2328,2875,2691,113.4,-10.5,99,1032,0.00,2.03,0.00,0.000,2564,0.000,0.028,2464,970,2783,2876,2691,0,0,0,0,0,0,28.83,26.26,28.83
$GC,1085,-0.60,-146.6,2464,970,2876,2690,120.6,-11.8,105,1095,0.00,2.05,0.00,0.000,3078,0.000,0.029,2465,2357,2783,2876,2690,0,0,0,0,0,0,28.83,26.27,28.83
$GC,1125,-0.60,-146.6,2464,2357,2876,2690,125.1,-11.4,109,1126,0.00,0.00,0.00,0.000,2054,0.000,0.000,2464,2357,2783,2876,2690,0,0,0,0,0,0,28.83,28.83,28.83
$GC,1155,-0.60,-146.6,2464,2358,2875,2691,128.4,-10.9,112,1156,0.00,0.00,0.00,0.000,2054,0.000,0.000,2464,2358,2782,2875,2690,0,0,0,0,0,0,28.83,28.83,28.83
$GC,1185,-0.60,-146.6,2464,2357,2875,2690,131.7,-10.7,115,1186,0.00,0.00,0.00,0.000,2054,0.000,0.000,2464,2357,2782,2875,2690,0,0,0,0,0,0,28.83,28.83,28.83
$GC,1215,-0.60,-146.6,2464,2357,2876,2690,134.7,-10.4,118,1216,0.00,0.00,0.00,0.000,2054,0.000,0.000,2464,2357,2782,2875,2690,0,0,0,0,0,0,28.83,28.83,28.83
$GC,1245,-0.60,-146.6,2464,2358,2875,2691,137.9,-10.4,121,1246,0.00,0.00,0.00,0.000,2054,0.000,0.000,2464,2357,2783,2876,2690,0,0,0,0,0,0,28.83,28.83,28.83
$GC,1275,-0.60,-146.6,2464,2357,2875,2690,141.0,-10.5,124,1276,0.00,0.00,0.00,0.000,2054,0.000,0.000,2464,2357,2783,2876,2690,0,0,0,0,0,0,28.83,28.83,28.83
$GC,1305,-0.60,-146.6,2464,2358,2876,2690,144.1,-10.2,127,1306,0.00,0.00,0.00,0.000,2054,0.000,0.000,2465,2357,2783,2875,2691,0,0,0,0,0,0,28.83,28.83,28.83
$STATE,1313,end dive,BOTTOM_OBSTACLE_DETECTED
$STATE,1313,begin apogee
$GC,1318,-0.27,0.0,2464,2083,2875,2690,145.0,-9.9,128,1447,0.35,0.12,121.18,0.577,10246,0.119,0.081,2580,2214,2189,2282,2097,0,0,0,0,0,0,25.89,25.23,24.42
$STATE,1448,end apogee,CONTROL_FINISHED_OK
$STATE,1448,begin climb
$GC,1450,0.78,146.6,2579,2214,2280,2096,149.0,0.0,141,1576,1.02,2.28,113.03,0.559,10756,0.101,0.033,2922,803,1604,1724,1484,0,0,0,0,0,0,25.22,25.19,24.37
$GC,1600,0.69,146.6,2922,803,1717,1483,131.6,14.7,156,1610,0.12,2.00,0.00,0.000,5126,0.165,0.023,2894,2130,1600,1717,1483,0,0,0,0,0,0,25.25,25.49,28.83
$GC,1640,0.62,146.6,2894,2130,1716,1482,126.0,14.1,160,1650,0.10,2.20,0.00,0.000,4356,0.172,0.034,2868,3571,1599,1716,1482,0,0,0,0,0,0,25.53,25.63,28.83
$GC,1685,0.62,146.6,2000,3570,1684,1477,120.1,13.7,164,1693,0.00,2.10,0.00,0.000,3078,0.000,0.021,2869,2185,1598,1716,1480,0,0,0,0,0,0,28.83,25.79,28.83
$GC,1723,0.62,146.6,2869,2181,1716,1479,115.0,12.9,168,1732,0.00,2.17,0.00,0.000,516,0.000,0.037,2869,766,1597,1716,1479,0,0,0,0,0,0,28.83,25.77,28.83
$GC,1765,0.62,146.6,2869,765,1714,1478,109.7,12.7,172,1774,0.00,2.08,0.00,0.000,1030,0.000,0.023,2869,2165,1595,1713,1478,0,0,0,0,0,0,28.83,25.91,28.83
$GC,1805,0.62,146.6,2869,2165,1713,1478,104.3,13.7,176,1814,0.00,2.12,0.00,0.000,260,0.000,0.036,2869,3568,1595,1713,1478,0,0,0,0,0,0,28.83,25.91,28.83
$GC,1837,0.62,146.6,2869,3568,1713,1478,99.7,14.2,179,1846,0.00,2.05,0.00,0.000,1030,0.000,0.018,2869,2163,1595,1713,1478,0,0,0,0,0,0,28.83,26.02,28.83
$GC,1877,0.62,146.6,2869,2159,1713,1479,94.4,13.2,183,1886,0.00,2.12,0.00,0.000,516,0.000,0.035,2869,746,1595,1713,1478,0,0,0,0,0,0,28.83,25.95,28.83
$GC,1901,0.62,146.6,2869,746,1711,1478,92.1,11.5,185,1908,0.00,2.15,0.00,0.000,1030,0.000,0.025,2869,2165,1594,1710,1478,0,0,0,0,0,0,28.83,26.03,28.83
$GC,1939,0.62,146.6,2869,2165,1711,1478,87.6,11.3,189,1947,0.00,2.12,0.00,0.000,260,0.000,0.037,2869,3571,1594,1710,1478,0,0,0,0,0,0,28.83,26.01,28.83
$GC,1982,0.62,146.6,2004,3570,1678,1475,82.8,11.6,193,1990,0.00,2.10,0.00,0.000,1030,0.000,0.018,2869,2156,1594,1710,1478,0,0,0,0,0,0,28.83,26.15,28.83
$GC,2021,0.62,146.6,2869,2154,1711,1478,77.5,13.3,197,2029,0.00,2.08,0.00,0.000,516,0.000,0.035,2870,782,1594,1711,1478,0,0,0,0,0,0,28.83,26.04,28.83
$GC,2052,0.62,146.6,2870,781,1710,1478,73.7,12.3,200,2061,0.00,2.05,0.00,0.000,1030,0.000,0.023,2870,2175,1594,1710,1478,0,0,0,0,0,0,28.83,26.13,28.83
$GC,2092,0.62,146.6,2870,2175,1710,1478,68.8,12.1,204,2101,0.00,2.10,0.00,0.000,260,0.000,0.037,2870,3570,1594,1710,1478,0,0,0,0,0,0,28.83,26.08,28.83
$GC,2134,0.62,146.6,2870,3570,1710,1478,63.2,13.4,208,2143,0.00,2.03,0.00,0.000,1030,0.000,0.018,2870,2166,1594,1710,1478,0,0,0,0,0,0,28.83,26.20,28.83
$GC,2175,0.62,146.6,2870,2163,1710,1478,58.2,12.7,212,2183,0.00,2.10,0.00,0.000,516,0.000,0.036,2870,774,1594,1710,1478,0,0,0,0,0,0,28.83,26.09,28.83
$GC,2198,0.62,146.6,2000,774,1678,1475,55.8,11.7,214,2207,0.00,2.10,0.00,0.000,1030,0.000,0.025,2870,2166,1593,1709,1478,0,0,0,0,0,0,28.83,26.18,28.83
$GC,2236,0.62,146.6,2869,2166,1710,1478,51.2,11.7,218,2246,0.00,2.12,0.00,0.000,260,0.000,0.037,2870,3578,1594,1711,1478,0,0,0,0,0,0,28.83,26.13,28.83
$GC,2281,0.62,146.6,1992,3577,1677,1475,45.9,12.5,222,2289,0.00,2.10,0.00,0.000,1030,0.000,0.021,2870,2169,1594,1710,1478,0,0,0,0,0,0,28.83,26.24,28.83
$GC,2319,0.62,146.6,2870,2165,1710,1478,41.2,11.7,226,2320,0.00,0.00,0.00,0.000,6,0.000,0.000,2870,2165,1594,1710,1478,0,0,0,0,0,0,28.83,28.83,28.83
$GC,2349,0.62,146.6,2870,2165,1710,1478,38.3,9.9,229,2350,0.00,0.00,0.00,0.000,6,0.000,0.000,2870,2165,1594,1710,1478,0,0,0,0,0,0,28.83,28.83,28.83
$GC,2379,0.62,146.6,2870,2165,1710,1478,35.4,9.5,232,2380,0.00,0.00,0.00,0.000,6,0.000,0.000,2870,2165,1594,1710,1478,0,0,0,0,0,0,28.83,28.83,28.83
$GC,2409,0.62,146.6,2870,2165,1710,1478,32.4,9.8,235,2411,0.00,0.00,0.00,0.000,6,0.000,0.000,2870,2165,1594,1710,1478,0,0,0,0,0,0,28.83,28.83,28.83
$GC,2439,0.62,146.6,2869,2165,1710,1478,29.3,10.3,238,2440,0.00,0.00,0.00,0.000,6,0.000,0.000,2870,2165,1594,1710,1478,0,0,0,0,0,0,28.83,28.83,28.83
$GC,2469,0.62,146.6,2870,2165,1710,1478,26.1,10.7,241,2477,0.00,2.10,0.00,0.000,516,0.000,0.035,2870,770,1594,1710,1478,0,0,0,0,0,0,28.83,26.16,28.83
$GC,2500,0.62,146.6,2870,770,1709,1478,22.8,10.7,244,2509,0.00,2.05,0.00,0.000,1030,0.000,0.024,2870,2168,1593,1709,1478,0,0,0,0,0,0,28.83,26.25,28.83
$GC,2541,0.62,146.6,2869,2168,1709,1478,18.5,10.9,248,2549,0.00,2.10,0.00,0.000,260,0.000,0.037,2870,3567,1593,1709,1478,0,0,0,0,0,0,28.83,26.19,28.83
$GC,2592,0.62,146.6,2870,3567,1709,1478,12.5,12.1,253,2601,0.00,2.03,0.00,0.000,1030,0.000,0.018,2870,2160,1593,1709,1478,0,0,0,0,0,0,28.83,26.29,28.83
$GC,2632,0.62,146.6,2870,2157,1709,1478,8.2,10.8,257,2641,0.00,2.08,0.00,0.000,516,0.000,0.035,2870,776,1593,1709,1478,0,0,0,0,0,0,28.83,26.20,28.83
$GC,2666,0.62,146.6,2000,776,1677,1475,5.3,9.3,260,2674,0.00,2.08,0.00,0.000,1030,0.000,0.025,2870,2162,1593,1709,1478,0,0,0,0,0,0,28.83,26.28,28.83
$STATE,2693,end climb,SURFACE_DEPTH_REACHED
$STATE,2693,begin surface coast
$FINISH,-0.6,1.022151
$STATE,2724,end surface coast,CONTROL_FINISHED_OK
$STATE,2724,begin surface
$SM_CCo,2740,211.85,0.461,1,0,464,433.32
$SM_CCo,2960,-0.22,0.000,0,0,467,433.32
$SM_CCo,2963,1.17,0.081,0,0,465,433.32
$SM_GC,-8.05,7.35,0.25,1.17,0.068,0.049,0.081,249,2378,465,-7.50,-1.47,433.32,0,0,0,0,0,0,26.20,26.41,25.25
$IRIDIUM_FIX,4729.30,-12108.28,220208,161649
$TT8_MAMPS,0.027713,0.027713
$HUMID,41.49
$INTERNAL_PRESSURE,8.08665
$TCM_TEMP,17.10
$XPDR_PINGS,39
$ALTIM_TOP_PING,19.5,7.3
$ALTIM_BOTTOM_PING,105.1,64.1
$24V_AH,24.4,23.350
$10V_AH,10.2,10.456
$FG_AHR_24Vo,0.000
$FG_AHR_10Vo,0.000
$DEVICES,Pitch_motor,Roll_motor,VBD_pump_during_apogee,VBD_pump_during_surface,VBD_valve,Iridium_during_init,Iridium_during_connect,Iridium_during_xfer,Transponder_ping,GUMSTIX_24V,GPS,TT8,LPSleep,TT8_Active,TT8_Sampling,TT8_CF8,TT8_Kalman,Analog_circuits,GPS_charging,Compass,RAFOS,Transponder,Compass2
$DEVICE_SECS,0.000,0.000,0.000,0.000,0.000,0.000,0.000,0.000,0.000,0.000,0.000,0.000,0.000,0.000,0.000,0.000,0.000,0.000,0.000,0.000,0.000,0.000,0.000
$DEVICE_MAMPS,0.000,0.000,0.000,0.000,0.000,0.000,0.000,0.000,0.000,0.000,0.000,0.000,0.000,0.000,0.000,0.000,0.000,0.000,0.000,0.000,0.000,0.000,0.000
$SENSORS,SBE_CT,AA4330,WL_BB2FLVMG,nil,nil,nil,nil,nil,nil,nil
$SENSOR_SECS,0.000,0.000,0.000,0.000,0.000,0.000,0.000,0.000,0.000,0.000
$SENSOR_MAMPS,0.000,0.000,0.000,0.000,0.000,0.000,0.000,0.000,0.000,0.000
$MEM,354956
$DATA_FILE_SIZE,16951,266
$CAP_FILE_SIZE,86691,0
$CFSIZE,260165632,246943744
$ERRORS,0,0,0,0,0,0,0,0,0,0,0,0,0,1,0,0
$CURRENT,0.024, 96.8,1
$GPS,010226,080752,4750.622,-12222.899,39,1.5,39,18.2
