version: 66.11
glider: 175
mission: 10
dive: 335
start: 2 3 126 18 38 33
data:
$ID,175
$MISSION,10
$DIVE,335
$N_DIVES,0
$D_SURF,3
$D_FLARE,3
$D_TGT,200
$D_ABORT,1090
$D_NO_BLEED,500
$D_BOOST,3
$T_BOOST,0
$D_FINISH,0
$D_PITCH,0
$D_SAFE,0
$D_CALL,0
$SURFACE_URGENCY,0
$SURFACE_URGENCY_TRY,0
$SURFACE_URGENCY_FORCE,0
$T_DIVE,65
$T_MISSION,80
$T_ABORT,1440
$T_TURN,300
$T_TURN_SAMPINT,5
$T_NO_W,120
$T_LOITER,0
$T_EPIRB,0
$USE_BATHY,0
$USE_ICE,0
$ICE_FREEZE_MARGIN,0.30000001
$D_OFFGRID,100
$T_WATCHDOG,10
$RELAUNCH,1
$APOGEE_PITCH,-8
$MAX_BUOY,150
$COURSE_BIAS,0
$GLIDE_SLOPE,30
$SPEED_FACTOR,1
$RHO,1.023
$MASS,51902
$MASS_COMP,0
$NAV_MODE,2
$FERRY_MAX,45
$KALMAN_USE,2
$HD_A,0.003
$HD_B,0.0099999998
$HD_C,9.9999997e-06
$HEADING,-1
$ESCAPE_HEADING,0
$ESCAPE_HEADING_DELTA,10
$FIX_MISSING_TIMEOUT,0
$TGT_DEFAULT_LAT,4750.7002
$TGT_DEFAULT_LON,-12222
$TGT_AUTO_DEFAULT,0
$SM_CC,457.23199
$N_FILEKB,4
$FILEMGR,0
$CALL_NDIVES,1
$COMM_SEQ,0
$PROTOCOL,9
$N_NOCOMM,1
$NOCOMM_ACTION,0
$N_NOSURFACE,0
$UPLOAD_DIVES_MAX,-1
$CALL_TRIES,5
$CALL_WAIT,60
$CAPUPLOAD,0
$CAPMAXSIZE,200000
$HEAPDBG,0
$T_GPS,15
$N_GPS,30
$T_GPS_ALMANAC,0
$T_GPS_CHARGE,-36789.262
$T_RSLEEP,2
$STROBE,0
$RAFOS_PEAK_OFFSET,1.5
$RAFOS_CORR_THRESH,60
$RAFOS_HIT_WINDOW,3600
$PITCH_MIN,255
$PITCH_MAX,3935
$C_PITCH,2671
$PITCH_DBAND,0.0099999998
$PITCH_CNV,0.003125763
$P_OVSHOOT,0.039999999
$PITCH_GAIN,30
$PITCH_TIMEOUT,17
$PITCH_AD_RATE,160
$PITCH_MAXERRORS,1
$PITCH_ADJ_GAIN,0.02
$PITCH_ADJ_DBAND,2.5
$ROLL_MIN,171
$ROLL_MAX,3723
$ROLL_DEG,40
$C_ROLL_DIVE,2354
$C_ROLL_CLIMB,2165
$HEAD_ERRBAND,10
$ROLL_CNV,0.028270001
$ROLL_TIMEOUT,15
$R_PORT_OVSHOOT,160
$R_STBD_OVSHOOT,50
$ROLL_AD_RATE,300
$ROLL_MAXERRORS,2
$ROLL_ADJ_GAIN,0
$ROLL_ADJ_DBAND,0
$VBD_MIN,465
$VBD_MAX,3960
$C_VBD,2190
$VBD_DBAND,2
$VBD_CNV,-0.25119999
$VBD_TIMEOUT,720
$PITCH_VBD_SHIFT,0.0012300001
$VBD_PUMP_AD_RATE_SURFACE,5
$VBD_PUMP_AD_RATE_APOGEE,4
$VBD_BLEED_AD_RATE,8
$UNCOM_BLEED,60
$VBD_MAXERRORS,1
$W_ADJ_DBAND,2
$DBDW,0
$PITCH_W_GAIN,0
$PITCH_W_DBAND,1
$CF8_MAXERRORS,5
$AH0_24V,145
$AH0_10V,95
$MINV_24V,19
$MINV_10V,8
$FG_AHR_10V,0
$FG_AHR_24V,0
$PHONE_SUPPLY,2
$PRESSURE_YINT,-18.492611
$PRESSURE_SLOPE,0.0001165895
$AD7714Ch0Gain,128
$TCM_PITCH_OFFSET,0
$TCM_ROLL_OFFSET,0
$COMPASS_USE,4
$ALTIM_BOTTOM_PING_RANGE,0
$ALTIM_TOP_PING_RANGE,20
$ALTIM_BOTTOM_TURN_MARGIN,25
$ALTIM_TOP_TURN_MARGIN,0
$ALTIM_TOP_MIN_OBSTACLE,1
$ALTIM_PING_DEPTH,100
$ALTIM_PING_DELTA,5
$ALTIM_FREQUENCY,13
$ALTIM_PULSE,3
$ALTIM_SENSITIVITY,3
$XPDR_VALID,5
$XPDR_INHIBIT,90
$INT_PRESSURE_SLOPE,0.0097660003
$INT_PRESSURE_YINT,-0.40000001
$DEEPGLIDER,0
$DEEPGLIDERMB,0
$MOTHERBOARD,4
$DEVICE1,2
$DEVICE2,101
$DEVICE3,38
$DEVICE4,-1
$DEVICE5,-1
$DEVICE6,-1
$LOGGERS,7
$LOGGERDEVICE1,-1
$LOGGERDEVICE2,-1
$LOGGERDEVICE3,-1
$LOGGERDEVICE4,-1
$COMPASS_DEVICE,33
$COMPASS2_DEVICE,-1
$PHONE_DEVICE,49
$GPS_DEVICE,32
$RAFOS_DEVICE,-1
$XPDR_DEVICE,24
$SIM_W,0
$SIM_PITCH,0
$SEABIRD_T_G,0.0043137739
$SEABIRD_T_H,0.00062868668
$SEABIRD_T_I,2.2691316e-05
$SEABIRD_T_J,2.2586789e-06
$SEABIRD_C_G,-10.021329
$SEABIRD_C_H,1.1236943
$SEABIRD_C_I,-0.0013673168
$SEABIRD_C_J,0.00018808816
$GPS1,030226,183433,4753.085,-12227.718,13,1.5,29,18.3
$_CALLS,1
$_XMS_NAKs,0
$_XMS_TOUTs,0
$_SM_DEPTHo,-5.62
$_SM_ANGLEo,-71.6
$GPS2,030226,183804,4753.128,-12227.842,9,1.5,14,18.3
$SPEED_LIMITS,0.178,0.262
$TGT_NAME,EAST_175
$TGT_LATLONG,4750.700,-12222.000
$TGT_RADIUS,200.000
$KALMAN_CONTROL,0.000,0.000
$KALMAN_X,0.0,0.0,0.0,0.0,0.0
$KALMAN_Y,0.0,0.0,0.0,0.0,0.0
$MHEAD_RNG_PITCHd_Wd,148.5,8541,-17.9,-10.256,-21.36,2171
$D_GRID,200
$GCHEAD,st_secs,pitch_ctl,vbd_ctl,pitch_ad_start,roll_ad_start,vbd_pot1_ad_start,vbd_pot2_ad_start,depth,ob_vertv,data_pts,end_secs,pitch_secs,roll_secs,vbd_secs,vbd_i,gcphase,pitch_i,roll_i,pitch_ad,roll_ad,vbd_ad,vbd_pot1_ad,vbd_pot2_ad,pitch_retries,pitch_errors,roll_retries,roll_errors,vbd_retries,vbd_errors,pitch_volts,roll_volts,vbd_volts
$STATE,13,end surface,CONTROL_FINISHED_OK
$STATE,13,begin dive
$GC,15,-0.78,-146.6,242,2440,528,397,0.0,0.0,0,99,0.00,0.00,-80.32,0.000,16390,0.000,0.000,242,2441,2776,2855,2697,0,0,0,0,0,0,28.83,28.83,26.32
$GC,102,-0.78,-146.6,242,2441,2855,2697,-1.7,-7.8,8,121,8.65,2.05,0.00,0.000,2564,0.221,0.034,2417,1064,2779,2862,2697,0,0,0,0,0,0,25.22,25.94,28.83
$GC,308,-0.68,-146.6,1616,1061,2831,2690,38.7,-14.4,28,316,0.10,1.98,0.00,0.000,3078,0.145,0.036,2445,2342,2782,2869,2695,0,0,0,0,0,0,25.77,26.06,28.83
$GC,346,-0.57,-146.6,2444,2342,2871,2694,45.4,-16.5,32,348,0.15,0.00,0.00,0.000,2054,0.159,0.000,2485,2342,2783,2872,2694,0,0,0,0,0,0,25.93,28.83,28.83
$GC,376,-0.57,-146.6,2485,2343,2873,2693,50.6,-17.7,35,384,0.00,1.92,0.00,0.000,2564,0.000,0.028,2485,1047,2783,2873,2693,0,0,0,0,0,0,28.83,26.13,28.83
$GC,428,-0.57,-146.6,2485,1043,2873,2692,56.4,-11.2,40,436,0.00,1.95,0.00,0.000,3078,0.000,0.030,2482,2361,2782,2873,2692,0,0,0,0,0,0,28.83,26.14,28.83
$GC,467,-0.57,-146.6,2482,2361,2873,2693,61.3,-12.2,44,468,0.00,0.00,0.00,0.000,2054,0.000,0.000,2482,2361,2782,2873,2692,0,0,0,0,0,0,28.83,28.83,28.83
$GC,497,-0.57,-146.6,2482,2361,2873,2693,65.6,-14.4,47,506,0.00,1.92,0.00,0.000,2564,0.000,0.025,2482,1051,2782,2873,2692,0,0,0,0,0,0,28.83,26.19,28.83
$GC,531,-0.57,-146.6,2482,1048,2874,2692,69.2,-11.8,50,539,0.00,1.98,0.00,0.000,1030,0.000,0.028,2481,2360,2782,2873,2692,0,0,0,0,0,0,28.83,26.20,28.83
$GC,570,-0.57,-146.6,2480,2360,2873,2692,72.2,-6.9,54,571,0.00,0.00,0.00,0.000,2054,0.000,0.000,2481,2360,2783,2874,2692,0,0,0,0,0,0,28.83,28.83,28.83
$GC,599,-0.57,-146.6,2480,2360,2874,2692,76.1,-12.1,57,600,0.00,0.00,0.00,0.000,2054,0.000,0.000,2481,2360,2783,2874,2692,0,0,0,0,0,0,28.83,28.83,28.83
$GC,629,-0.57,-146.6,2480,2360,2874,2692,79.4,-11.0,60,630,0.00,0.00,0.00,0.000,2054,0.000,0.000,2481,2360,2782,2873,2692,0,0,0,0,0,0,28.83,28.83,28.83
$GC,659,-0.57,-146.6,2480,2360,2873,2692,82.7,-11.4,63,668,0.00,1.95,0.00,0.000,2564,0.000,0.028,2481,1043,2783,2875,2691,0,0,0,0,0,0,28.83,26.21,28.83
$GC,691,-0.57,-146.6,2480,1043,2875,2691,86.5,-11.8,66,700,0.00,1.95,0.00,0.000,3078,0.000,0.029,2481,2361,2782,2874,2691,0,0,0,0,0,0,28.83,26.21,28.83
$GC,731,-0.57,-146.6,2481,2362,2874,2691,90.9,-11.2,70,740,0.00,2.08,0.00,0.000,2308,0.000,0.044,2480,3723,2782,2874,2691,0,0,0,0,0,0,28.83,26.15,28.83
$GC,765,-0.57,-146.6,2480,3723,2874,2691,94.2,-10.4,73,773,0.00,1.88,0.00,0.000,3078,0.000,0.024,2480,2414,2783,2875,2691,0,0,0,0,0,0,28.83,26.29,28.83
$GC,803,-0.57,-146.6,2480,2413,2875,2691,98.0,-9.5,77,804,0.00,0.00,0.00,0.000,2054,0.000,0.000,2480,2414,2783,2875,2691,0,0,0,0,0,0,28.83,28.83,28.83
$GC,832,-0.57,-146.6,2480,2413,2875,2691,100.9,-9.9,80,841,0.00,2.00,0.00,0.000,2564,0.000,0.028,2480,1056,2783,2876,2691,0,0,0,0,0,0,28.83,26.24,28.83
$GC,864,-0.57,-146.6,2480,1055,2875,2690,103.8,-9.1,83,873,0.00,1.92,0.00,0.000,3078,0.000,0.030,2480,2359,2783,2876,2690,0,0,0,0,0,0,28.83,26.23,28.83
$GC,904,-0.57,-146.6,2480,2359,2875,2690,107.4,-8.8,87,905,0.00,0.00,0.00,0.000,2054,0.000,0.000,2480,2358,2782,2875,2690,0,0,0,0,0,0,28.83,28.83,28.83
$GC,935,-0.57,-146.6,2480,2359,2875,2690,109.7,-8.1,90,936,0.00,0.00,0.00,0.000,2054,0.000,0.000,2480,2359,2782,2875,2690,0,0,0,0,0,0,28.83,28.83,28.83
$STATE,944,end dive,BOTTOM_OBSTACLE_DETECTED
$STATE,944,begin apogee
$GC,950,-0.27,0.0,2480,2188,2875,2690,110.6,-8.1,91,1075,0.28,0.00,121.12,0.539,10246,0.106,0.000,2575,2187,2190,2284,2096,0,0,0,0,0,0,25.95,28.83,24.39
$STATE,1077,end apogee,CONTROL_FINISHED_OK
$STATE,1077,begin climb
$GC,1079,0.78,146.6,2574,2187,2283,2094,113.9,0.0,104,1204,1.05,2.17,113.28,0.525,10756,0.098,0.033,2926,834,1603,1727,1480,0,0,0,0,0,0,25.22,25.22,24.35
$GC,1221,0.66,146.6,2926,834,1722,1480,98.3,14.2,118,1229,0.12,2.05,0.00,0.000,5126,0.138,0.024,2888,2170,1601,1722,1480,0,0,0,0,0,0,25.20,25.47,28.83
$GC,1260,0.58,146.6,2888,2170,1721,1478,93.0,13.4,122,1262,0.10,0.00,0.00,0.000,4102,0.176,0.000,2864,2170,1599,1721,1478,0,0,0,0,0,0,25.53,28.83,28.83
$GC,1289,0.58,146.6,2863,2170,1721,1478,89.3,12.1,125,1290,0.00,0.00,0.00,0.000,4102,0.000,0.000,2863,2170,1599,1721,1478,0,0,0,0,0,0,28.83,28.83,28.83
$GC,1319,0.58,146.6,2863,2170,1721,1477,85.7,12.2,128,1328,0.00,2.12,0.00,0.000,4356,0.000,0.035,2863,3570,1599,1721,1477,0,0,0,0,0,0,28.83,25.76,28.83
$GC,1361,0.58,146.6,2863,3570,1721,1477,80.8,12.0,132,1371,0.00,1.95,0.00,0.000,5126,0.000,0.015,2869,2215,1599,1721,1477,0,0,0,0,0,0,28.83,25.94,28.83
$GC,1402,0.58,146.6,2869,2212,1721,1476,76.4,10.9,136,1403,0.00,0.00,0.00,0.000,4102,0.000,0.000,2869,2212,1599,1722,1476,0,0,0,0,0,0,28.83,28.83,28.83
$GC,1431,0.58,146.6,2868,2212,1721,1476,72.8,11.7,139,1433,0.00,0.00,0.00,0.000,4102,0.000,0.000,2869,2212,1599,1721,1477,0,0,0,0,0,0,28.83,28.83,28.83
$GC,1462,0.58,146.6,2869,2211,1721,1476,69.2,12.0,142,1471,0.00,2.17,0.00,0.000,4612,0.000,0.034,2870,780,1598,1721,1476,0,0,0,0,0,0,28.83,25.94,28.83
$GC,1504,0.58,146.6,2869,780,1717,1476,64.8,10.4,146,1513,0.00,2.03,0.00,0.000,5126,0.000,0.022,2870,2164,1596,1717,1476,0,0,0,0,0,0,28.83,26.04,28.83
$GC,1545,0.58,146.6,2869,2164,1717,1477,61.1,9.3,150,1553,0.00,2.10,0.00,0.000,4356,0.000,0.037,2870,3560,1596,1717,1476,0,0,0,0,0,0,28.83,26.01,28.83
$GC,1587,0.58,146.6,2870,3560,1717,1477,57.0,9.9,154,1596,0.00,2.00,0.00,0.000,5126,0.000,0.018,2870,2172,1596,1717,1476,0,0,0,0,0,0,28.83,26.12,28.83
$GC,1627,0.58,146.6,2869,2171,1717,1476,52.9,10.4,158,1628,0.00,0.00,0.00,0.000,4102,0.000,0.000,2870,2171,1596,1717,1476,0,0,0,0,0,0,28.83,28.83,28.83
$GC,1656,0.58,146.6,2870,2171,1717,1476,49.5,10.8,161,1657,0.00,0.00,0.00,0.000,4102,0.000,0.000,2870,2171,1596,1717,1476,0,0,0,0,0,0,28.83,28.83,28.83
$GC,1686,0.58,146.6,2869,2171,1717,1476,46.2,11.1,164,1687,0.00,0.00,0.00,0.000,4102,0.000,0.000,2870,2171,1596,1717,1476,0,0,0,0,0,0,28.83,28.83,28.83
$GC,1716,0.58,146.6,2870,2171,1718,1476,43.3,9.9,167,1717,0.00,0.00,0.00,0.000,4102,0.000,0.000,2870,2171,1597,1717,1477,0,0,0,0,0,0,28.83,28.83,28.83
$GC,1746,0.58,146.6,2869,2171,1717,1476,40.3,9.8,170,1748,0.00,0.00,0.00,0.000,4102,0.000,0.000,2870,2171,1596,1717,1476,0,0,0,0,0,0,28.83,28.83,28.83
$GC,1776,0.58,146.6,2869,2171,1717,1476,37.2,10.3,173,1777,0.00,0.00,0.00,0.000,4102,0.000,0.000,2870,2171,1596,1717,1476,0,0,0,0,0,0,28.83,28.83,28.83
$GC,1806,0.58,146.6,2869,2171,1717,1476,33.9,11.0,176,1807,0.00,0.00,0.00,0.000,4102,0.000,0.000,2870,2171,1596,1717,1476,0,0,0,0,0,0,28.83,28.83,28.83
$GC,1837,0.58,146.6,2869,2171,1717,1477,30.9,10.1,179,1845,0.00,2.12,0.00,0.000,4612,0.000,0.036,2869,766,1596,1717,1476,0,0,0,0,0,0,28.83,26.11,28.83
$GC,1869,0.58,146.6,2869,766,1716,1476,27.9,9.5,182,1877,0.00,2.05,0.00,0.000,5126,0.000,0.023,2870,2174,1596,1716,1476,0,0,0,0,0,0,28.83,26.21,28.83
$GC,1909,0.58,146.6,2869,2174,1716,1476,24.1,9.7,186,1918,0.00,2.10,0.00,0.000,4356,0.000,0.035,2870,3574,1596,1716,1476,0,0,0,0,0,0,28.83,26.16,28.83
$GC,1940,0.58,146.6,2869,3574,1716,1476,20.5,11.0,189,1951,0.00,2.03,0.00,0.000,5126,0.000,0.018,2869,2162,1596,1716,1476,0,0,0,0,0,0,28.83,26.26,28.83
$GC,1980,0.58,146.6,2869,2160,1716,1476,15.9,11.4,193,1990,0.00,2.10,0.00,0.000,4612,0.000,0.035,2870,768,1596,1716,1476,0,0,0,0,0,0,28.83,26.14,28.83
$GC,2005,0.58,146.6,2016,768,1684,1473,13.7,10.5,195,2013,0.00,2.10,0.00,0.000,5126,0.000,0.025,2870,2170,1596,1716,1476,0,0,0,0,0,0,28.83,26.25,28.83
$GC,2043,0.58,146.6,2869,2170,1716,1476,9.3,10.9,199,2044,0.00,0.00,0.00,0.000,4102,0.000,0.000,2870,2171,1596,1716,1476,0,0,0,0,0,0,28.83,28.83,28.83
$GC,2074,0.58,146.6,2870,2170,1716,1477,6.2,10.7,202,2082,0.00,2.08,0.00,0.000,4356,0.000,0.036,2870,3565,1596,1716,1476,0,0,0,0,0,0,28.83,26.19,28.83
$STATE,2103,end climb,SURFACE_DEPTH_REACHED
$STATE,2103,begin surface coast
$FINISH,0.0,1.022256
$STATE,2125,end surface coast,CONTROL_FINISHED_OK
$STATE,2125,begin surface
$SM_CCo,2143,213.52,0.449,1,0,464,433.32
$SM_CCo,2365,-0.17,0.000,0,0,466,433.32
$SM_CCo,2368,1.08,0.083,0,0,465,433.32
$SM_GC,-5.60,7.45,1.80,1.08,0.073,0.018,0.083,245,2339,465,-7.52,1.64,433.32,0,0,0,0,0,0,26.16,26.33,25.25
$IRIDIUM_FIX,4732.49,-12230.24,250208,030323
$TT8_MAMPS,0.027713,0.027713
$HUMID,42.20
$INTERNAL_PRESSURE,8.08665
$TCM_TEMP,17.00
$XPDR_PINGS,31
$ALTIM_TOP_PING,19.6,999.0
$ALTIM_BOTTOM_PING,110.6,6.3
$24V_AH,24.4,23.350
$10V_AH,10.2,10.456
$FG_AHR_24Vo,0.000
$FG_AHR_10Vo,0.000
$DEVICES,Pitch_motor,Roll_motor,VBD_pump_during_apogee,VBD_pump_during_surface,VBD_valve,Iridium_during_init,Iridium_during_connect,Iridium_during_xfer,Transponder_ping,GUMSTIX_24V,GPS,TT8,LPSleep,TT8_Active,TT8_Sampling,TT8_CF8,TT8_Kalman,Analog_circuits,GPS_charging,Compass,RAFOS,Transponder,Compass2
$DEVICE_SECS,0.000,0.000,0.000,0.000,0.000,0.000,0.000,0.000,0.000,0.000,0.000,0.000,0.000,0.000,0.000,0.000,0.000,0.000,0.000,0.000,0.000,0.000,0.000
$DEVICE_MAMPS,0.000,0.000,0.000,0.000,0.000,0.000,0.000,0.000,0.000,0.000,0.000,0.000,0.000,0.000,0.000,0.000,0.000,0.000,0.000,0.000,0.000,0.000,0.000
$SENSORS,SBE_CT,AA4330,WL_BB2FLVMG,nil,nil,nil,nil,nil,nil,nil
$SENSOR_SECS,0.000,0.000,0.000,0.000,0.000,0.000,0.000,0.000,0.000,0.000
$SENSOR_MAMPS,0.000,0.000,0.000,0.000,0.000,0.000,0.000,0.000,0.000,0.000
$MEM,355044
$DATA_FILE_SIZE,13626,207
$CAP_FILE_SIZE,67002,0
$CFSIZE,260165632,244219904
$ERRORS,0,0,0,0,0,0,0,0,0,0,0,0,0,1,0,0
$CURRENT,0.500,346.5,1
$GPS,030226,191847,4753.482,-12227.939,7,2.0,7,18.3
