version: 66.11
glider: 175
mission: 10
dive: 210
start: 1 30 126 17 5 49
data:
$ID,175
$MISSION,10
$DIVE,210
$N_DIVES,0
$D_SURF,3
$D_FLARE,3
$D_TGT,200
$D_ABORT,1090
$D_NO_BLEED,500
$D_BOOST,3
$T_BOOST,0
$D_FINISH,0
$D_PITCH,0
$D_SAFE,0
$D_CALL,0
$SURFACE_URGENCY,0
$SURFACE_URGENCY_TRY,0
$SURFACE_URGENCY_FORCE,0
$T_DIVE,65
$T_MISSION,85
$T_ABORT,1440
$T_TURN,300
$T_TURN_SAMPINT,5
$T_NO_W,120
$T_LOITER,0
$T_EPIRB,0
$USE_BATHY,0
$USE_ICE,0
$ICE_FREEZE_MARGIN,0.30000001
$D_OFFGRID,100
$T_WATCHDOG,10
$RELAUNCH,1
$APOGEE_PITCH,-8
$MAX_BUOY,150
$COURSE_BIAS,0
$GLIDE_SLOPE,30
$SPEED_FACTOR,1
$RHO,1.023
$MASS,51902
$MASS_COMP,0
$NAV_MODE,2
$FERRY_MAX,45
$KALMAN_USE,2
$HD_A,0.003
$HD_B,0.0099999998
$HD_C,9.9999997e-06
$HEADING,-1
$ESCAPE_HEADING,0
$ESCAPE_HEADING_DELTA,10
$FIX_MISSING_TIMEOUT,0
$TGT_DEFAULT_LAT,4750.7002
$TGT_DEFAULT_LON,-12222
$TGT_AUTO_DEFAULT,0
$SM_CC,457.23199
$N_FILEKB,4
$FILEMGR,0
$CALL_NDIVES,1
$COMM_SEQ,0
$PROTOCOL,9
$N_NOCOMM,1
$NOCOMM_ACTION,0
$N_NOSURFACE,0
$UPLOAD_DIVES_MAX,-1
$CALL_TRIES,5
$CALL_WAIT,60
$CAPUPLOAD,1
$CAPMAXSIZE,200000
$HEAPDBG,0
$T_GPS,15
$N_GPS,30
$T_GPS_ALMANAC,0
$T_GPS_CHARGE,-36544.555
$T_RSLEEP,2
$STROBE,0
$RAFOS_PEAK_OFFSET,1.5
$RAFOS_CORR_THRESH,60
$RAFOS_HIT_WINDOW,3600
$PITCH_MIN,255
$PITCH_MAX,3935
$C_PITCH,2671
$PITCH_DBAND,0.0099999998
$PITCH_CNV,0.003125763
$P_OVSHOOT,0.039999999
$PITCH_GAIN,30
$PITCH_TIMEOUT,17
$PITCH_AD_RATE,160
$PITCH_MAXERRORS,1
$PITCH_ADJ_GAIN,0.02
$PITCH_ADJ_DBAND,2.5
$ROLL_MIN,171
$ROLL_MAX,3723
$ROLL_DEG,40
$C_ROLL_DIVE,2354
$C_ROLL_CLIMB,2165
$HEAD_ERRBAND,10
$ROLL_CNV,0.028270001
$ROLL_TIMEOUT,15
$R_PORT_OVSHOOT,55
$R_STBD_OVSHOOT,71
$ROLL_AD_RATE,300
$ROLL_MAXERRORS,2
$ROLL_ADJ_GAIN,0
$ROLL_ADJ_DBAND,0
$VBD_MIN,465
$VBD_MAX,3960
$C_VBD,2190
$VBD_DBAND,2
$VBD_CNV,-0.25119999
$VBD_TIMEOUT,720
$PITCH_VBD_SHIFT,0.0012300001
$VBD_PUMP_AD_RATE_SURFACE,5
$VBD_PUMP_AD_RATE_APOGEE,4
$VBD_BLEED_AD_RATE,8
$UNCOM_BLEED,60
$VBD_MAXERRORS,1
$W_ADJ_DBAND,2
$DBDW,0
$PITCH_W_GAIN,0
$PITCH_W_DBAND,1
$CF8_MAXERRORS,5
$AH0_24V,145
$AH0_10V,95
$MINV_24V,19
$MINV_10V,8
$FG_AHR_10V,0
$FG_AHR_24V,0
$PHONE_SUPPLY,2
$PRESSURE_YINT,-18.492611
$PRESSURE_SLOPE,0.0001165895
$AD7714Ch0Gain,128
$TCM_PITCH_OFFSET,0
$TCM_ROLL_OFFSET,0
$COMPASS_USE,4
$ALTIM_BOTTOM_PING_RANGE,0
$ALTIM_TOP_PING_RANGE,20
$ALTIM_BOTTOM_TURN_MARGIN,25
$ALTIM_TOP_TURN_MARGIN,0
$ALTIM_TOP_MIN_OBSTACLE,1
$ALTIM_PING_DEPTH,100
$ALTIM_PING_DELTA,5
$ALTIM_FREQUENCY,13
$ALTIM_PULSE,3
$ALTIM_SENSITIVITY,3
$XPDR_VALID,5
$XPDR_INHIBIT,90
$INT_PRESSURE_SLOPE,0.0097660003
$INT_PRESSURE_YINT,-0.40000001
$DEEPGLIDER,0
$DEEPGLIDERMB,0
$MOTHERBOARD,4
$DEVICE1,2
$DEVICE2,101
$DEVICE3,38
$DEVICE4,-1
$DEVICE5,-1
$DEVICE6,-1
$LOGGERS,7
$LOGGERDEVICE1,-1
$LOGGERDEVICE2,-1
$LOGGERDEVICE3,-1
$LOGGERDEVICE4,-1
$COMPASS_DEVICE,33
$COMPASS2_DEVICE,-1
$PHONE_DEVICE,49
$GPS_DEVICE,32
$RAFOS_DEVICE,-1
$XPDR_DEVICE,24
$SIM_W,0
$SIM_PITCH,0
$SEABIRD_T_G,0.0043137739
$SEABIRD_T_H,0.00062868668
$SEABIRD_T_I,2.2691316e-05
$SEABIRD_T_J,2.2586789e-06
$SEABIRD_C_G,-10.021329
$SEABIRD_C_H,1.1236943
$SEABIRD_C_I,-0.0013673168
$SEABIRD_C_J,0.00018808816
$GPS1,300126,165946,4750.841,-12226.377,12,1.2,29,18.3
$_CALLS,1
$_XMS_NAKs,0
$_XMS_TOUTs,0
$_SM_DEPTHo,-7.04
$_SM_ANGLEo,-65.1
$GPS2,300126,170521,4750.902,-12226.396,17,1.4,45,18.3
$SPEED_LIMITS,0.178,0.262
$TGT_NAME,EAST_175
$TGT_LATLONG,4750.700,-12222.000
$TGT_RADIUS,200.000
$KALMAN_CONTROL,0.000,0.000
$KALMAN_X,0.0,0.0,0.0,0.0,0.0
$KALMAN_Y,0.0,0.0,0.0,0.0,0.0
$MHEAD_RNG_PITCHd_Wd,107.1,5476,-17.9,-10.256,-21.36,2171
$D_GRID,200
$GCHEAD,st_secs,pitch_ctl,vbd_ctl,pitch_ad_start,roll_ad_start,vbd_pot1_ad_start,vbd_pot2_ad_start,depth,ob_vertv,data_pts,end_secs,pitch_secs,roll_secs,vbd_secs,vbd_i,gcphase,pitch_i,roll_i,pitch_ad,roll_ad,vbd_ad,vbd_pot1_ad,vbd_pot2_ad,pitch_retries,pitch_errors,roll_retries,roll_errors,vbd_retries,vbd_errors,pitch_volts,roll_volts,vbd_volts
$STATE,13,end surface,CONTROL_FINISHED_OK
$STATE,13,begin dive
$GC,15,-0.78,-146.6,250,2379,523,401,0.0,0.0,0,108,0.00,0.00,-85.28,0.000,16390,0.000,0.000,250,2380,2775,2851,2700,0,0,0,0,0,0,28.83,28.83,26.36
$GC,111,-0.78,-146.6,250,2380,2851,2701,-3.5,-7.4,9,130,8.80,2.05,0.00,0.000,2308,0.228,0.050,2400,3684,2781,2862,2701,0,0,0,0,0,0,25.25,25.85,28.83
$GC,217,-0.56,-146.6,2399,3684,2871,2698,22.5,-20.0,19,225,0.32,1.98,0.00,0.000,3078,0.153,0.025,2489,2326,2784,2872,2697,0,0,0,0,0,0,25.58,26.11,28.83
$GC,255,-0.47,-146.6,2489,2325,2873,2696,28.3,-14.3,23,257,0.10,0.00,0.00,0.000,2054,0.168,0.000,2515,2325,2785,2874,2696,0,0,0,0,0,0,26.03,28.83,28.83
$GC,284,-0.47,-146.6,2514,2325,2875,2696,31.1,-9.4,26,285,0.00,0.00,0.00,0.000,2054,0.000,0.000,2515,2326,2785,2874,2696,0,0,0,0,0,0,28.83,28.83,28.83
$GC,315,-0.52,-146.6,2514,2325,2875,2695,33.6,-8.6,29,316,0.00,0.00,0.00,0.000,4102,0.000,0.000,2515,2325,2785,2875,2695,0,0,0,0,0,0,28.83,28.83,28.83
$GC,344,-0.52,-146.6,2514,2325,2875,2695,36.1,-8.4,32,345,0.00,0.00,0.00,0.000,4102,0.000,0.000,2515,2325,2785,2875,2695,0,0,0,0,0,0,28.83,28.83,28.83
$GC,375,-0.57,-146.6,2514,2325,2875,2695,38.4,-8.0,35,377,0.10,0.00,0.00,0.000,4102,0.104,0.000,2470,2325,2784,2874,2695,0,0,0,0,0,0,26.25,28.83,28.83
$GC,405,-0.57,-146.6,2470,2325,2875,2694,41.2,-8.7,38,415,0.00,2.10,0.00,0.000,2308,0.000,0.044,2465,3682,2784,2875,2694,0,0,0,0,0,0,28.83,26.05,28.83
$GC,438,-0.52,-146.6,2464,3683,2874,2694,44.6,-10.1,41,448,0.15,1.90,0.00,0.000,3078,0.148,0.016,2504,2310,2784,2875,2694,0,0,0,0,0,0,25.87,26.26,28.83
$GC,478,-0.52,-146.6,2503,2309,2875,2694,48.2,-8.9,45,479,0.00,0.00,0.00,0.000,6,0.000,0.000,2504,2309,2784,2875,2694,0,0,0,0,0,0,28.83,28.83,28.83
$GC,508,-0.52,-146.6,2503,2309,2875,2694,50.5,-7.7,48,509,0.00,0.00,0.00,0.000,6,0.000,0.000,2504,2309,2784,2875,2694,0,0,0,0,0,0,28.83,28.83,28.83
$GC,539,-0.52,-146.6,2504,2309,2875,2694,52.8,-7.6,51,540,0.00,0.00,0.00,0.000,6,0.000,0.000,2503,2309,2784,2875,2694,0,0,0,0,0,0,28.83,28.83,28.83
$GC,567,-0.52,-146.6,2503,2309,2874,2694,55.5,-8.7,54,569,0.00,0.00,0.00,0.000,6,0.000,0.000,2504,2309,2784,2875,2694,0,0,0,0,0,0,28.83,28.83,28.83
$GC,597,-0.52,-146.6,2503,2309,2875,2693,58.3,-9.5,57,599,0.00,0.00,0.00,0.000,6,0.000,0.000,2504,2309,2784,2875,2694,0,0,0,0,0,0,28.83,28.83,28.83
$GC,628,-0.52,-146.6,2503,2309,2875,2693,61.4,-10.1,60,629,0.00,0.00,0.00,0.000,6,0.000,0.000,2504,2309,2784,2875,2693,0,0,0,0,0,0,28.83,28.83,28.83
$GC,659,-0.57,-146.6,2504,2309,2875,2693,64.3,-9.7,63,660,0.00,0.00,0.00,0.000,4102,0.000,0.000,2504,2309,2784,2875,2693,0,0,0,0,0,0,28.83,28.83,28.83
$GC,688,-0.62,-146.6,2503,2309,2875,2693,66.8,-8.3,66,698,0.10,1.92,0.00,0.000,4612,0.103,0.029,2453,1009,2783,2875,2692,0,0,0,0,0,0,26.34,26.18,28.83
$GC,753,-0.62,-146.6,1640,1007,2839,2685,73.9,-11.7,72,762,0.05,2.03,0.00,0.000,3078,0.168,0.031,2467,2340,2783,2875,2692,0,0,0,0,0,0,25.98,26.22,28.83
$GC,792,-0.62,-146.6,2467,2340,2875,2692,78.8,-12.2,76,793,0.00,0.00,0.00,0.000,2054,0.000,0.000,2467,2340,2783,2875,2692,0,0,0,0,0,0,28.83,28.83,28.83
$GC,822,-0.62,-146.6,2467,2340,2874,2692,83.5,-14.9,79,831,0.00,2.10,0.00,0.000,2308,0.000,0.045,2464,3710,2783,2874,2692,0,0,0,0,0,0,28.83,26.15,28.83
$GC,886,-0.62,-146.6,2464,3710,2874,2692,93.2,-15.8,85,893,0.00,1.92,0.00,0.000,3078,0.000,0.019,2464,2372,2783,2874,2692,0,0,0,0,0,0,28.83,26.37,28.83
$GC,923,-0.62,-146.6,2464,2372,2874,2692,98.6,-13.5,89,925,0.00,0.00,0.00,0.000,2054,0.000,0.000,2464,2372,2783,2875,2692,0,0,0,0,0,0,28.83,28.83,28.83
$GC,954,-0.62,-146.6,2464,2372,2874,2692,102.7,-13.4,92,955,0.00,0.00,0.00,0.000,2054,0.000,0.000,2464,2372,2782,2874,2691,0,0,0,0,0,0,28.83,28.83,28.83
$GC,984,-0.62,-146.6,2464,2372,2875,2692,106.6,-12.9,95,985,0.00,0.00,0.00,0.000,2054,0.000,0.000,2464,2372,2783,2874,2692,0,0,0,0,0,0,28.83,28.83,28.83
$STATE,1015,end dive,BOTTOM_OBSTACLE_DETECTED
$STATE,1015,begin apogee
$GC,1020,-0.27,0.0,2464,2093,2874,2692,110.7,-13.7,98,1148,0.35,0.10,121.07,0.552,10246,0.122,0.093,2578,2197,2189,2281,2098,0,0,0,0,0,0,25.85,25.22,24.49
$STATE,1149,end apogee,CONTROL_FINISHED_OK
$STATE,1149,begin climb
$GC,1151,0.78,146.6,2578,2198,2280,2096,121.1,0.0,111,1273,1.02,0.00,112.95,0.542,10758,0.098,0.000,2912,2197,1604,1727,1482,0,0,0,0,0,0,25.25,28.83,24.42
$GC,1306,0.68,146.6,2912,2197,1726,1477,110.5,10.9,127,1312,0.10,0.00,0.00,0.000,4102,0.177,0.000,2891,2197,1601,1725,1477,0,0,0,0,0,0,25.39,28.83,28.83
$GC,1345,0.60,146.6,2892,2197,1723,1477,105.5,12.8,131,1347,0.10,0.00,0.00,0.000,4102,0.169,0.000,2868,2197,1600,1723,1477,0,0,0,0,0,0,25.57,28.83,28.83
$GC,1374,0.60,146.6,2868,2197,1723,1476,102.1,10.9,134,1375,0.00,0.00,0.00,0.000,4102,0.000,0.000,2868,2197,1599,1723,1476,0,0,0,0,0,0,28.83,28.83,28.83
$GC,1405,0.60,146.6,2867,2197,1723,1476,98.9,11.1,137,1414,0.00,2.08,0.00,0.000,4356,0.000,0.037,2868,3553,1599,1723,1475,0,0,0,0,0,0,28.83,25.77,28.83
$GC,1427,0.60,146.6,2867,3552,1723,1475,96.1,11.6,139,1436,0.00,2.00,0.00,0.000,5126,0.000,0.016,2870,2169,1599,1723,1475,0,0,0,0,0,0,28.83,25.91,28.83
$GC,1467,0.60,146.6,2869,2168,1723,1475,90.6,13.5,143,1468,0.00,0.00,0.00,0.000,4102,0.000,0.000,2869,2168,1598,1723,1474,0,0,0,0,0,0,28.83,28.83,28.83
$GC,1496,0.60,146.6,2869,2168,1723,1474,86.0,15.3,146,1497,0.00,0.00,0.00,0.000,4102,0.000,0.000,2869,2168,1598,1722,1474,0,0,0,0,0,0,28.83,28.83,28.83
$GC,1526,0.60,146.6,2869,2168,1723,1474,82.1,13.2,149,1527,0.00,0.00,0.00,0.000,4102,0.000,0.000,2869,2168,1598,1723,1474,0,0,0,0,0,0,28.83,28.83,28.83
$GC,1556,0.60,146.6,2869,2168,1723,1474,77.5,14.7,152,1557,0.00,0.00,0.00,0.000,4102,0.000,0.000,2869,2168,1598,1723,1474,0,0,0,0,0,0,28.83,28.83,28.83
$GC,1587,0.60,146.6,2869,2168,1723,1474,73.4,14.5,155,1596,0.00,2.10,0.00,0.000,4356,0.000,0.037,2869,3547,1598,1723,1473,0,0,0,0,0,0,28.83,25.98,28.83
$GC,1600,0.60,146.6,2869,3547,1723,1474,72.5,13.1,156,1608,0.00,2.05,0.00,0.000,5126,0.000,0.021,2870,2183,1598,1723,1473,0,0,0,0,0,0,28.83,26.06,28.83
$GC,1638,0.60,146.6,2870,2180,1723,1473,68.5,9.7,160,1647,0.00,2.15,0.00,0.000,4612,0.000,0.035,2870,769,1597,1722,1473,0,0,0,0,0,0,28.83,25.99,28.83
$GC,1660,0.60,146.6,2870,769,1721,1473,66.0,10.5,162,1670,0.00,2.03,0.00,0.000,5126,0.000,0.021,2870,2153,1597,1721,1473,0,0,0,0,0,0,28.83,26.09,28.83
$GC,1700,0.60,146.6,2870,2153,1721,1473,61.1,12.3,166,1710,0.00,2.15,0.00,0.000,4356,0.000,0.037,2870,3570,1597,1721,1473,0,0,0,0,0,0,28.83,26.04,28.83
$GC,1733,0.60,146.6,2870,3570,1721,1473,56.4,14.3,169,1742,0.00,2.05,0.00,0.000,5126,0.000,0.019,2870,2160,1596,1720,1473,0,0,0,0,0,0,28.83,26.13,28.83
$GC,1773,0.60,146.6,2870,2157,1721,1473,50.9,13.8,173,1782,0.00,2.12,0.00,0.000,4612,0.000,0.036,2870,761,1597,1721,1473,0,0,0,0,0,0,28.83,26.05,28.83
$GC,1795,0.60,146.6,2870,762,1719,1473,48.1,13.1,175,1804,0.00,2.08,0.00,0.000,5126,0.000,0.023,2870,2180,1596,1719,1474,0,0,0,0,0,0,28.83,26.14,28.83
$GC,1835,0.60,146.6,2870,2180,1719,1473,42.9,13.1,179,1844,0.00,2.10,0.00,0.000,4356,0.000,0.037,2870,3568,1596,1719,1474,0,0,0,0,0,0,28.83,26.09,28.83
$GC,1879,0.60,146.6,2870,3568,1718,1473,36.5,15.4,183,1887,0.00,2.10,0.00,0.000,5126,0.000,0.021,2870,2160,1596,1718,1474,0,0,0,0,0,0,28.83,26.20,28.83
$GC,1918,0.60,146.6,2870,2156,1719,1473,31.2,13.1,187,1919,0.00,0.00,0.00,0.000,4102,0.000,0.000,2870,2156,1596,1719,1473,0,0,0,0,0,0,28.83,28.83,28.83
$GC,1947,0.60,146.6,2870,2156,1719,1473,27.8,11.6,190,1957,0.00,2.17,0.00,0.000,4356,0.000,0.038,2870,3573,1596,1719,1473,0,0,0,0,0,0,28.83,26.13,28.83
$GC,2000,0.60,146.6,2870,3573,1718,1474,20.9,13.8,195,2010,0.00,2.05,0.00,0.000,5126,0.000,0.018,2870,2149,1596,1719,1473,0,0,0,0,0,0,28.83,26.24,28.83
$GC,2041,0.60,146.6,2870,2148,1719,1473,16.0,12.3,199,2049,0.00,2.08,0.00,0.000,4612,0.000,0.036,2870,770,1596,1719,1473,0,0,0,0,0,0,28.83,26.13,28.83
$GC,2072,0.60,146.6,2870,770,1717,1473,12.7,10.5,202,2082,0.00,2.05,0.00,0.000,5126,0.000,0.024,2870,2170,1595,1717,1473,0,0,0,0,0,0,28.83,26.22,28.83
$GC,2112,0.60,146.6,2870,2170,1717,1473,8.5,10.4,206,2122,0.00,2.12,0.00,0.000,4356,0.000,0.038,2870,3576,1595,1717,1473,0,0,0,0,0,0,28.83,26.16,28.83
$GC,2145,0.60,146.6,2870,3575,1717,1473,5.2,10.3,209,2154,0.00,2.03,0.00,0.000,5126,0.000,0.018,2870,2164,1595,1717,1473,0,0,0,0,0,0,28.83,26.27,28.83
$STATE,2173,end climb,SURFACE_DEPTH_REACHED
$STATE,2173,begin surface coast
$FINISH,-0.4,1.022254
$STATE,2205,end surface coast,CONTROL_FINISHED_OK
$STATE,2205,begin surface
$SM_CCo,2221,211.52,0.456,1,0,465,433.32
$SM_CCo,2440,-0.03,0.000,0,0,464,433.32
$SM_CCo,2444,-0.03,0.000,0,0,465,433.32
$SM_GC,-7.10,7.35,0.28,-0.03,0.067,0.045,0.000,249,2386,465,-7.50,-1.24,433.32,0,0,0,0,0,0,26.17,26.37,25.19
$IRIDIUM_FIX,4729.30,-12227.53,210208,010109
$TT8_MAMPS,0.027713,0.027713
$HUMID,41.21
$INTERNAL_PRESSURE,8.08665
$TCM_TEMP,16.90
$XPDR_PINGS,36
$ALTIM_TOP_PING,19.8,999.0
$ALTIM_BOTTOM_PING,110.7,6.3
$24V_AH,24.4,23.350
$10V_AH,10.3,10.456
$FG_AHR_24Vo,0.000
$FG_AHR_10Vo,0.000
$DEVICES,Pitch_motor,Roll_motor,VBD_pump_during_apogee,VBD_pump_during_surface,VBD_valve,Iridium_during_init,Iridium_during_connect,Iridium_during_xfer,Transponder_ping,GUMSTIX_24V,GPS,TT8,LPSleep,TT8_Active,TT8_Sampling,TT8_CF8,TT8_Kalman,Analog_circuits,GPS_charging,Compass,RAFOS,Transponder,Compass2
$DEVICE_SECS,0.000,0.000,0.000,0.000,0.000,0.000,0.000,0.000,0.000,0.000,0.000,0.000,0.000,0.000,0.000,0.000,0.000,0.000,0.000,0.000,0.000,0.000,0.000
$DEVICE_MAMPS,0.000,0.000,0.000,0.000,0.000,0.000,0.000,0.000,0.000,0.000,0.000,0.000,0.000,0.000,0.000,0.000,0.000,0.000,0.000,0.000,0.000,0.000,0.000
$SENSORS,SBE_CT,AA4330,WL_BB2FLVMG,nil,nil,nil,nil,nil,nil,nil
$SENSOR_SECS,0.000,0.000,0.000,0.000,0.000,0.000,0.000,0.000,0.000,0.000
$SENSOR_MAMPS,0.000,0.000,0.000,0.000,0.000,0.000,0.000,0.000,0.000,0.000
$MEM,355144
$DATA_FILE_SIZE,13624,215
$CAP_FILE_SIZE,72932,0
$CFSIZE,260165632,248680448
$ERRORS,0,0,0,0,0,0,0,0,0,0,0,0,0,1,0,0
$CURRENT,0.142,344.5,1
$GPS,300126,174723,4750.901,-12226.091,12,1.3,12,18.3
