version: 66.11
glider: 175
mission: 10
dive: 322
start: 2 3 126 9 22 3
data:
$ID,175
$MISSION,10
$DIVE,322
$N_DIVES,0
$D_SURF,3
$D_FLARE,3
$D_TGT,200
$D_ABORT,1090
$D_NO_BLEED,500
$D_BOOST,3
$T_BOOST,0
$D_FINISH,0
$D_PITCH,0
$D_SAFE,0
$D_CALL,0
$SURFACE_URGENCY,0
$SURFACE_URGENCY_TRY,0
$SURFACE_URGENCY_FORCE,0
$T_DIVE,65
$T_MISSION,80
$T_ABORT,1440
$T_TURN,300
$T_TURN_SAMPINT,5
$T_NO_W,120
$T_LOITER,0
$T_EPIRB,0
$USE_BATHY,0
$USE_ICE,0
$ICE_FREEZE_MARGIN,0.30000001
$D_OFFGRID,100
$T_WATCHDOG,10
$RELAUNCH,1
$APOGEE_PITCH,-8
$MAX_BUOY,150
$COURSE_BIAS,0
$GLIDE_SLOPE,30
$SPEED_FACTOR,1
$RHO,1.023
$MASS,51902
$MASS_COMP,0
$NAV_MODE,2
$FERRY_MAX,45
$KALMAN_USE,2
$HD_A,0.003
$HD_B,0.0099999998
$HD_C,9.9999997e-06
$HEADING,-1
$ESCAPE_HEADING,0
$ESCAPE_HEADING_DELTA,10
$FIX_MISSING_TIMEOUT,0
$TGT_DEFAULT_LAT,4750.7002
$TGT_DEFAULT_LON,-12222
$TGT_AUTO_DEFAULT,0
$SM_CC,457.23199
$N_FILEKB,4
$FILEMGR,0
$CALL_NDIVES,1
$COMM_SEQ,0
$PROTOCOL,9
$N_NOCOMM,1
$NOCOMM_ACTION,0
$N_NOSURFACE,0
$UPLOAD_DIVES_MAX,-1
$CALL_TRIES,5
$CALL_WAIT,60
$CAPUPLOAD,0
$CAPMAXSIZE,200000
$HEAPDBG,0
$T_GPS,15
$N_GPS,30
$T_GPS_ALMANAC,0
$T_GPS_CHARGE,-36772.973
$T_RSLEEP,2
$STROBE,0
$RAFOS_PEAK_OFFSET,1.5
$RAFOS_CORR_THRESH,60
$RAFOS_HIT_WINDOW,3600
$PITCH_MIN,255
$PITCH_MAX,3935
$C_PITCH,2671
$PITCH_DBAND,0.0099999998
$PITCH_CNV,0.003125763
$P_OVSHOOT,0.039999999
$PITCH_GAIN,30
$PITCH_TIMEOUT,17
$PITCH_AD_RATE,160
$PITCH_MAXERRORS,1
$PITCH_ADJ_GAIN,0.02
$PITCH_ADJ_DBAND,2.5
$ROLL_MIN,171
$ROLL_MAX,3723
$ROLL_DEG,40
$C_ROLL_DIVE,2354
$C_ROLL_CLIMB,2165
$HEAD_ERRBAND,10
$ROLL_CNV,0.028270001
$ROLL_TIMEOUT,15
$R_PORT_OVSHOOT,56
$R_STBD_OVSHOOT,71
$ROLL_AD_RATE,300
$ROLL_MAXERRORS,2
$ROLL_ADJ_GAIN,0
$ROLL_ADJ_DBAND,0
$VBD_MIN,465
$VBD_MAX,3960
$C_VBD,2190
$VBD_DBAND,2
$VBD_CNV,-0.25119999
$VBD_TIMEOUT,720
$PITCH_VBD_SHIFT,0.0012300001
$VBD_PUMP_AD_RATE_SURFACE,5
$VBD_PUMP_AD_RATE_APOGEE,4
$VBD_BLEED_AD_RATE,8
$UNCOM_BLEED,60
$VBD_MAXERRORS,1
$W_ADJ_DBAND,2
$DBDW,0
$PITCH_W_GAIN,0
$PITCH_W_DBAND,1
$CF8_MAXERRORS,5
$AH0_24V,145
$AH0_10V,95
$MINV_24V,19
$MINV_10V,8
$FG_AHR_10V,0
$FG_AHR_24V,0
$PHONE_SUPPLY,2
$PRESSURE_YINT,-18.492611
$PRESSURE_SLOPE,0.0001165895
$AD7714Ch0Gain,128
$TCM_PITCH_OFFSET,0
$TCM_ROLL_OFFSET,0
$COMPASS_USE,4
$ALTIM_BOTTOM_PING_RANGE,0
$ALTIM_TOP_PING_RANGE,20
$ALTIM_BOTTOM_TURN_MARGIN,25
$ALTIM_TOP_TURN_MARGIN,0
$ALTIM_TOP_MIN_OBSTACLE,1
$ALTIM_PING_DEPTH,100
$ALTIM_PING_DELTA,5
$ALTIM_FREQUENCY,13
$ALTIM_PULSE,3
$ALTIM_SENSITIVITY,3
$XPDR_VALID,5
$XPDR_INHIBIT,90
$INT_PRESSURE_SLOPE,0.0097660003
$INT_PRESSURE_YINT,-0.40000001
$DEEPGLIDER,0
$DEEPGLIDERMB,0
$MOTHERBOARD,4
$DEVICE1,2
$DEVICE2,101
$DEVICE3,38
$DEVICE4,-1
$DEVICE5,-1
$DEVICE6,-1
$LOGGERS,7
$LOGGERDEVICE1,-1
$LOGGERDEVICE2,-1
$LOGGERDEVICE3,-1
$LOGGERDEVICE4,-1
$COMPASS_DEVICE,33
$COMPASS2_DEVICE,-1
$PHONE_DEVICE,49
$GPS_DEVICE,32
$RAFOS_DEVICE,-1
$XPDR_DEVICE,24
$SIM_W,0
$SIM_PITCH,0
$SEABIRD_T_G,0.0043137739
$SEABIRD_T_H,0.00062868668
$SEABIRD_T_I,2.2691316e-05
$SEABIRD_T_J,2.2586789e-06
$SEABIRD_C_G,-10.021329
$SEABIRD_C_H,1.1236943
$SEABIRD_C_I,-0.0013673168
$SEABIRD_C_J,0.00018808816
$GPS1,030226,091805,4754.943,-12228.949,9,2.0,9,18.3
$_CALLS,1
$_XMS_NAKs,0
$_XMS_TOUTs,0
$_SM_DEPTHo,-6.46
$_SM_ANGLEo,-71.2
$GPS2,030226,092135,4754.916,-12228.961,10,1.6,10,18.3
$SPEED_LIMITS,0.178,0.262
$TGT_NAME,SOUTHSAVE_175
$TGT_LATLONG,4750.700,-12226.900
$TGT_RADIUS,200.000
$KALMAN_CONTROL,0.000,0.000
$KALMAN_X,0.0,0.0,0.0,0.0,0.0
$KALMAN_Y,0.0,0.0,0.0,0.0,0.0
$MHEAD_RNG_PITCHd_Wd,161.8,8216,-17.9,-10.256,-21.36,2171
$D_GRID,200
$GCHEAD,st_secs,pitch_ctl,vbd_ctl,pitch_ad_start,roll_ad_start,vbd_pot1_ad_start,vbd_pot2_ad_start,depth,ob_vertv,data_pts,end_secs,pitch_secs,roll_secs,vbd_secs,vbd_i,gcphase,pitch_i,roll_i,pitch_ad,roll_ad,vbd_ad,vbd_pot1_ad,vbd_pot2_ad,pitch_retries,pitch_errors,roll_retries,roll_errors,vbd_retries,vbd_errors,pitch_volts,roll_volts,vbd_volts
$STATE,13,end surface,CONTROL_FINISHED_OK
$STATE,14,begin dive
$GC,16,-0.78,-146.6,250,2383,528,401,0.0,0.0,0,101,0.00,0.00,-82.68,0.000,16390,0.000,0.000,250,2383,2773,2850,2697,0,0,0,0,0,0,28.83,28.83,26.34
$GC,104,-0.78,-146.6,250,2383,2852,2697,-3.9,-4.9,8,120,8.65,2.15,0.00,0.000,2564,0.222,0.024,2410,937,2777,2857,2698,0,0,0,0,0,0,25.22,25.98,28.83
$GC,324,-0.66,-146.6,2410,933,2868,2695,46.7,-16.7,30,335,0.17,2.10,0.00,0.000,3078,0.163,0.033,2454,2331,2782,2869,2695,0,0,0,0,0,0,25.74,26.07,28.83
$GC,364,-0.57,-146.6,2454,2331,2870,2694,52.7,-14.8,34,366,0.12,0.00,0.00,0.000,2054,0.150,0.000,2487,2331,2782,2870,2694,0,0,0,0,0,0,26.03,28.83,28.83
$GC,394,-0.57,-146.6,2487,2331,2871,2692,56.6,-13.4,37,395,0.00,0.00,0.00,0.000,6,0.000,0.000,2488,2331,2782,2871,2693,0,0,0,0,0,0,28.83,28.83,28.83
$GC,424,-0.57,-146.6,2487,2331,2871,2693,60.3,-12.3,40,425,0.00,0.00,0.00,0.000,6,0.000,0.000,2488,2331,2782,2871,2693,0,0,0,0,0,0,28.83,28.83,28.83
$GC,455,-0.57,-146.6,2487,2331,2871,2694,64.0,-12.1,43,456,0.00,0.00,0.00,0.000,6,0.000,0.000,2488,2331,2782,2871,2693,0,0,0,0,0,0,28.83,28.83,28.83
$GC,484,-0.57,-146.6,2487,2331,2872,2693,67.8,-12.7,46,485,0.00,0.00,0.00,0.000,6,0.000,0.000,2488,2331,2782,2872,2693,0,0,0,0,0,0,28.83,28.83,28.83
$GC,514,-0.57,-146.6,2487,2331,2872,2693,71.7,-13.0,49,515,0.00,0.00,0.00,0.000,6,0.000,0.000,2488,2331,2782,2872,2693,0,0,0,0,0,0,28.83,28.83,28.83
$GC,544,-0.57,-146.6,2488,2331,2872,2693,75.8,-13.4,52,545,0.00,0.00,0.00,0.000,6,0.000,0.000,2487,2331,2782,2872,2693,0,0,0,0,0,0,28.83,28.83,28.83
$GC,574,-0.57,-146.6,2487,2331,2872,2693,80.2,-14.7,55,583,0.00,2.10,0.00,0.000,260,0.000,0.042,2481,3722,2782,2872,2693,0,0,0,0,0,0,28.83,26.13,28.83
$GC,616,-0.57,-146.6,2480,3721,2872,2693,87.1,-15.9,59,625,0.00,1.95,0.00,0.000,3078,0.000,0.016,2481,2315,2782,2872,2693,0,0,0,0,0,0,28.83,26.33,28.83
$GC,657,-0.57,-146.6,2480,2315,2872,2693,93.5,-15.9,63,658,0.00,0.00,0.00,0.000,2054,0.000,0.000,2481,2315,2782,2872,2692,0,0,0,0,0,0,28.83,28.83,28.83
$GC,686,-0.57,-146.6,2480,2315,2872,2692,98.2,-15.8,66,687,0.00,0.00,0.00,0.000,2054,0.000,0.000,2480,2315,2782,2872,2692,0,0,0,0,0,0,28.83,28.83,28.83
$STATE,707,end dive,BOTTOM_OBSTACLE_DETECTED
$STATE,707,begin apogee
$GC,713,-0.27,0.0,2480,2117,2872,2692,101.2,-15.4,68,839,0.30,0.05,119.90,0.538,10246,0.104,0.145,2583,2177,2190,2284,2096,0,0,0,0,0,0,25.92,25.09,24.39
$STATE,840,end apogee,CONTROL_FINISHED_OK
$STATE,840,begin climb
$GC,842,0.78,146.6,2583,2177,2283,2096,115.0,0.0,81,960,1.00,0.00,113.45,0.529,10758,0.095,0.000,2911,2177,1605,1730,1481,0,0,0,0,0,0,25.23,28.83,24.35
$GC,989,0.73,205.6,2911,2177,1729,1477,111.0,7.5,96,1037,0.00,0.00,45.17,0.513,12550,0.000,0.000,2911,2177,1370,1503,1237,0,0,0,0,0,0,28.83,28.83,24.41
$GC,1068,0.65,205.6,2911,2177,1502,1234,100.1,16.3,104,1070,0.12,0.00,0.00,0.000,4102,0.168,0.000,2883,2179,1367,1501,1234,0,0,0,0,0,0,25.37,28.83,28.83
$GC,1099,0.60,205.6,2882,2179,1502,1233,95.2,16.3,107,1108,0.08,2.10,0.00,0.000,4356,0.199,0.039,2867,3554,1367,1501,1233,0,0,0,0,0,0,25.64,25.62,28.83
$GC,1143,0.54,205.6,2867,3554,1501,1232,86.0,21.9,111,1151,0.08,2.00,0.00,0.000,5126,0.120,0.031,2842,2271,1366,1501,1232,0,0,0,0,0,0,25.58,25.75,28.83
$GC,1182,0.60,205.6,2842,2265,1501,1232,78.9,18.0,115,1184,0.08,0.00,0.00,0.000,2054,0.116,0.000,2882,2265,1366,1501,1232,0,0,0,0,0,0,25.98,28.83,28.83
$GC,1212,0.66,205.6,2882,2265,1500,1231,74.4,14.4,118,1222,0.00,2.10,0.00,0.000,516,0.000,0.032,2883,844,1365,1501,1230,0,0,0,0,0,0,28.83,25.87,28.83
$GC,1277,0.66,205.6,2048,841,1470,1231,68.8,8.3,124,1285,0.00,2.00,0.00,0.000,1030,0.000,0.027,2883,2170,1363,1493,1234,0,0,0,0,0,0,28.83,25.99,28.83
$GC,1315,0.66,205.6,2882,2169,1493,1233,62.8,15.1,128,1316,0.00,0.00,0.00,0.000,6,0.000,0.000,2883,2169,1363,1494,1233,0,0,0,0,0,0,28.83,28.83,28.83
$GC,1346,0.66,205.6,2882,2170,1493,1233,58.5,15.6,131,1347,0.00,0.00,0.00,0.000,6,0.000,0.000,2883,2170,1363,1493,1233,0,0,0,0,0,0,28.83,28.83,28.83
$GC,1375,0.60,205.6,2882,2172,1493,1233,53.8,14.4,134,1377,0.08,0.00,0.00,0.000,4102,0.192,0.000,2866,2172,1363,1494,1233,0,0,0,0,0,0,26.07,28.83,28.83
$GC,1405,0.60,205.6,2866,2171,1493,1233,50.3,13.0,137,1414,0.00,2.12,0.00,0.000,4356,0.000,0.039,2866,3571,1363,1493,1233,0,0,0,0,0,0,28.83,26.02,28.83
$GC,1429,0.66,256.4,2866,3572,1493,1233,49.4,7.9,139,1477,0.00,1.95,37.90,0.484,11270,0.000,0.023,2869,2219,1168,1303,1033,0,0,0,0,0,0,28.83,25.44,24.72
$GC,1508,0.66,256.4,2869,2219,1303,1030,42.9,9.5,147,1509,0.00,0.00,0.00,0.000,2054,0.000,0.000,2869,2219,1166,1303,1030,0,0,0,0,0,0,28.83,28.83,28.83
$GC,1537,0.66,256.4,2868,2218,1303,1029,39.2,12.5,150,1538,0.00,0.00,0.00,0.000,2054,0.000,0.000,2869,2218,1165,1303,1028,0,0,0,0,0,0,28.83,28.83,28.83
$GC,1567,0.66,256.4,2869,2218,1302,1028,34.6,14.6,153,1568,0.00,0.00,0.00,0.000,2054,0.000,0.000,2869,2218,1165,1302,1028,0,0,0,0,0,0,28.83,28.83,28.83
$GC,1597,0.66,256.4,2869,2218,1303,1027,31.2,11.4,156,1598,0.00,0.00,0.00,0.000,2054,0.000,0.000,2869,2218,1164,1302,1027,0,0,0,0,0,0,28.83,28.83,28.83
$GC,1628,0.66,256.4,2869,2218,1302,1027,27.0,14.2,159,1629,0.00,0.00,0.00,0.000,2054,0.000,0.000,2869,2218,1164,1302,1027,0,0,0,0,0,0,28.83,28.83,28.83
$GC,1657,0.66,256.4,2869,2218,1302,1027,22.7,14.1,162,1658,0.00,0.00,0.00,0.000,2054,0.000,0.000,2869,2218,1164,1302,1027,0,0,0,0,0,0,28.83,28.83,28.83
$GC,1687,0.66,256.4,2869,2217,1302,1026,18.6,14.1,165,1688,0.00,0.00,0.00,0.000,2054,0.000,0.000,2869,2218,1164,1302,1026,0,0,0,0,0,0,28.83,28.83,28.83
$GC,1717,0.66,256.4,2869,2217,1302,1026,15.2,11.5,168,1718,0.00,0.00,0.00,0.000,2054,0.000,0.000,2869,2218,1164,1302,1026,0,0,0,0,0,0,28.83,28.83,28.83
$GC,1748,0.66,256.4,2869,2218,1302,1026,11.8,11.5,171,1749,0.00,0.00,0.00,0.000,2054,0.000,0.000,2869,2218,1164,1302,1026,0,0,0,0,0,0,28.83,28.83,28.83
$GC,1778,0.71,256.4,2869,2218,1302,1026,8.4,11.3,174,1788,0.10,2.05,0.00,0.000,2564,0.099,0.032,2926,850,1163,1302,1025,0,0,0,0,0,0,26.22,26.03,28.83
$STATE,1819,end climb,SURFACE_DEPTH_REACHED
$STATE,1819,begin surface coast
$FINISH,0.8,1.022463
$STATE,1831,end surface coast,CONTROL_FINISHED_OK
$STATE,1831,begin surface
$SM_CCo,1849,134.50,0.438,1,0,465,433.32
$SM_CCo,1992,-0.12,0.000,0,0,465,433.32
$SM_CCo,1995,0.00,0.000,0,0,465,433.32
$SM_GC,-6.47,7.62,2.28,0.00,0.073,0.025,0.000,242,2357,465,-7.53,-1.39,433.32,0,0,0,0,0,0,26.04,26.13,28.83
$IRIDIUM_FIX,4735.69,-12229.26,240208,181848
$TT8_MAMPS,0.027713,0.027713
$HUMID,42.59
$INTERNAL_PRESSURE,8.08665
$TCM_TEMP,17.00
$XPDR_PINGS,19
$ALTIM_TOP_PING,19.8,26.6
$ALTIM_BOTTOM_PING,101.2,20.9
$24V_AH,24.4,23.350
$10V_AH,10.2,10.456
$FG_AHR_24Vo,0.000
$FG_AHR_10Vo,0.000
$DEVICES,Pitch_motor,Roll_motor,VBD_pump_during_apogee,VBD_pump_during_surface,VBD_valve,Iridium_during_init,Iridium_during_connect,Iridium_during_xfer,Transponder_ping,GUMSTIX_24V,GPS,TT8,LPSleep,TT8_Active,TT8_Sampling,TT8_CF8,TT8_Kalman,Analog_circuits,GPS_charging,Compass,RAFOS,Transponder,Compass2
$DEVICE_SECS,0.000,0.000,0.000,0.000,0.000,0.000,0.000,0.000,0.000,0.000,0.000,0.000,0.000,0.000,0.000,0.000,0.000,0.000,0.000,0.000,0.000,0.000,0.000
$DEVICE_MAMPS,0.000,0.000,0.000,0.000,0.000,0.000,0.000,0.000,0.000,0.000,0.000,0.000,0.000,0.000,0.000,0.000,0.000,0.000,0.000,0.000,0.000,0.000,0.000
$SENSORS,SBE_CT,AA4330,WL_BB2FLVMG,nil,nil,nil,nil,nil,nil,nil
$SENSOR_SECS,0.000,0.000,0.000,0.000,0.000,0.000,0.000,0.000,0.000,0.000
$SENSOR_MAMPS,0.000,0.000,0.000,0.000,0.000,0.000,0.000,0.000,0.000,0.000
$MEM,355124
$DATA_FILE_SIZE,10317,179
$CAP_FILE_SIZE,55152,0
$CFSIZE,260165632,244707328
$ERRORS,0,0,0,0,0,0,0,0,0,0,0,0,0,1,0,0
$CURRENT,0.373,159.4,1
$GPS,030226,095628,4754.218,-12228.748,9,2.0,32,18.3
