version: 66.14
glider: 195
mission: 20
dive: 4
start: 2 25 105 19 27 30
data:
$ID,195
$MISSION,20
$DIVE,4
$N_DIVES,0
$STOP_T,0
$D_SURF,3
$D_FLARE,2
$D_TGT,150
$D_ABORT,1090
$D_NO_BLEED,50
$D_BOOST,3
$T_BOOST,0
$D_FINISH,0
$D_PITCH,0
$D_SAFE,0
$D_CALL,0
$SURFACE_URGENCY,0
$SURFACE_URGENCY_TRY,0
$SURFACE_URGENCY_FORCE,0
$T_DIVE,65
$T_MISSION,70
$T_ABORT,1440
$T_TURN,300
$T_TURN_SAMPINT,5
$T_NO_W,120
$T_LOITER,0
$T_SLOITER,60
$T_EPIRB,0
$USE_BATHY,-6
$USE_ICE,0
$ICE_FREEZE_MARGIN,0.30000001
$D_OFFGRID,100
$T_WATCHDOG,10
$RELAUNCH,1
$APOGEE_PITCH,-8
$MAX_BUOY,250
$COURSE_BIAS,0
$GLIDE_SLOPE,15
$SPEED_FACTOR,1
$RHO,1.023
$MASS,53986
$MASS_COMP,0
$NAV_MODE,2
$FERRY_MAX,45
$KALMAN_USE,2
$HD_A,0.0038000001
$HD_B,0.0099999998
$HD_C,9.8500004e-06
$HEADING,-1
$ESCAPE_HEADING,0
$ESCAPE_HEADING_DELTA,10
$FIX_MISSING_TIMEOUT,0
$TGT_DEFAULT_LAT,4736
$TGT_DEFAULT_LON,-12225
$TGT_AUTO_DEFAULT,0
$SM_CC,440
$N_FILEKB,4
$FILEMGR,0
$CALL_NDIVES,1
$COMM_SEQ,0
$PROTOCOL,9
$N_NOCOMM,1
$NOCOMM_ACTION,0
$N_NOSURFACE,0
$UPLOAD_DIVES_MAX,-1
$CALL_TRIES,5
$CALL_WAIT,60
$CAPUPLOAD,1
$CAPMAXSIZE,200000
$HEAPDBG,0
$T_GPS,15
$N_GPS,50840
$T_RSLEEP,2
$STROBE,0
$RAFOS_PEAK_OFFSET,1.5
$RAFOS_CORR_THRESH,60
$RAFOS_HIT_WINDOW,3600
$RAFOS_MMODEM,0
$PITCH_MIN,207
$PITCH_MAX,3915
$C_PITCH,2995
$PITCH_DBAND,0.1
$PITCH_CNV,0.003125763
$P_OVSHOOT,0.039999999
$P_OVSHOOT_WITHG,0.079999998
$PITCH_GAIN,24
$PITCH_TIMEOUT,17
$PITCH_AD_RATE,160
$PITCH_MAXERRORS,1
$PITCH_ADJ_GAIN,0.02
$PITCH_ADJ_DBAND,2.5
$ROLL_MIN,224
$ROLL_MAX,3758
$ROLL_DEG,0
$C_ROLL_DIVE,500
$C_ROLL_CLIMB,500
$HEAD_ERRBAND,180
$ROLL_CNV,0.028270001
$ROLL_TIMEOUT,15
$R_PORT_OVSHOOT,33
$R_STBD_OVSHOOT,40
$ROLL_AD_RATE,350
$ROLL_MAXERRORS,2
$ROLL_ADJ_GAIN,0
$ROLL_ADJ_DBAND,0
$VBD_MIN,500
$VBD_MAX,3960
$C_VBD,2300
$VBD_DBAND,2
$VBD_CNV,-0.24529999
$VBD_LP_IGNORE,0
$VBD_TIMEOUT,720
$PITCH_VBD_SHIFT,0.001
$VBD_PUMP_AD_RATE_SURFACE,5
$VBD_PUMP_AD_RATE_APOGEE,4
$VBD_BLEED_AD_RATE,8
$UNCOM_BLEED,60
$VBD_MAXERRORS,1
$W_ADJ_DBAND,2
$DBDW,0
$PITCH_W_GAIN,0
$PITCH_W_DBAND,1
$CF8_MAXERRORS,5
$AH0_24V,150
$AH0_10V,97
$MINV_24V,19
$MINV_10V,8
$MAXI_24V,0.80000001
$MAXI_10V,0.60000002
$FG_AHR_10V,0
$FG_AHR_24V,0
$PHONE_SUPPLY,-2
$PRESSURE_YINT,-48.666744
$PRESSURE_SLOPE,0.0001168043
$AD7714Ch0Gain,128
$TCM_PITCH_OFFSET,0
$TCM_ROLL_OFFSET,0
$COMPASS_USE,4
$ALTIM_BOTTOM_PING_RANGE,0
$ALTIM_TOP_PING_RANGE,20
$ALTIM_BOTTOM_TURN_MARGIN,10
$ALTIM_TOP_TURN_MARGIN,0
$ALTIM_TOP_MIN_OBSTACLE,1
$ALTIM_PING_DEPTH,90
$ALTIM_PING_DELTA,5
$ALTIM_FREQUENCY,13
$ALTIM_PULSE,3
$ALTIM_SENSITIVITY,3
$XPDR_VALID,5
$XPDR_INHIBIT,90
$INT_PRESSURE_SLOPE,0.0097660003
$INT_PRESSURE_YINT,-0.77999997
$DEEPGLIDER,0
$MOTHERBOARD,4
$DEVICE1,2
$DEVICE2,115
$DEVICE3,101
$DEVICE4,-1
$DEVICE5,-1
$DEVICE6,-1
$LOGGERS,0
$LOGGERDEVICE1,-1
$LOGGERDEVICE2,-1
$LOGGERDEVICE3,-1
$LOGGERDEVICE4,-1
$COMPASS_DEVICE,33
$COMPASS2_DEVICE,-1
$PHONE_DEVICE,49
$GPS_DEVICE,32
$RAFOS_DEVICE,-1
$XPDR_DEVICE,24
$SIM_W,0
$SIM_PITCH,0
$SEABIRD_T_G,0.0044178674
$SEABIRD_T_H,0.00064818078
$SEABIRD_T_I,2.6779007e-05
$SEABIRD_T_J,3.3667231e-06
$SEABIRD_C_G,-10.098215
$SEABIRD_C_H,1.1454017
$SEABIRD_C_I,-0.0021276253
$SEABIRD_C_J,0.00025532115
$SEABIRD_C_Z,2974.52
$GPS1,250205,192209,4742.9946,-12225.0020,5,0.8,24,16.3,0.3,161.9,9,5.0
$_CALLS,1
$_XMS_NAKs,0
$_XMS_TOUTs,0
$_SM_DEPTHo,0.57
$_SM_ANGLEo,-59.8
$GPS2,250205,192618,4742.9736,-12225.0088,8,0.8,29,16.3,0.0,176.3,9,4.8
$SPEED_LIMITS,0.287,0.297
$TGT_NAME,WEST
$TGT_LATLONG,4743.200,-12224.200
$TGT_RADIUS,200.000
$KALMAN_CONTROL,0.000000,0.000000
$KALMAN_X,0.000000,0.000000,0.000000,0.000000,0.000000
$KALMAN_Y,0.000000,0.000000,0.000000,0.000000,0.000000
$MHEAD_RNG_PITCHd_Wd,46.1,1092,-10.5,-7.692,-14.53,4804
$D_GRID,179
$GCHEAD,st_secs,pitch_ctl,vbd_ctl,pitch_ad_start,roll_ad_start,vbd_pot1_ad_start,vbd_pot2_ad_start,depth,ob_vertv,data_pts,end_secs,pitch_secs,roll_secs,vbd_secs,vbd_i,gcphase,pitch_i,roll_i,pitch_ad,roll_ad,vbd_ad,vbd_pot1_ad,vbd_pot2_ad,pitch_retries,pitch_errors,roll_retries,roll_errors,vbd_retries,vbd_errors,pitch_volts,roll_volts,vbd_volts,int_press,humidity
$STATE,6,end surface,CONTROL_FINISHED_OK
$STATE,6,begin dive
$GC,77,-0.68,-244.4,196,513,534,472,0.4,0.4,12,173,0.00,0.00,-92.57,0.000,16386,0.000,0.000,197,513,2687,2689,2685,0,0,0,0,0,0,26.71,28.83,26.72,8.61,51.49
$GC,177,-0.68,-244.4,196,513,2690,2684,2.3,-4.6,25,208,9.98,0.00,-15.23,0.000,18438,0.236,0.000,2764,513,3300,3315,3285,0,0,0,0,0,0,26.09,25.32,26.26,8.81,50.86
$GC,275,-0.62,-244.4,2763,513,3317,3285,16.3,-13.4,41,284,0.10,0.00,0.00,0.000,2054,0.152,0.000,2796,513,3300,3317,3284,0,0,0,0,0,0,26.34,26.47,26.44,8.87,50.98
$GC,352,-0.62,-244.4,2796,513,3317,3285,25.5,-12.1,54,360,0.00,0.00,0.00,0.000,6,0.000,0.000,2796,513,3300,3317,3284,0,0,0,0,0,0,26.73,26.74,26.74,8.87,50.66
$GC,490,-0.62,-244.4,2796,513,3317,3285,43.1,-12.4,79,497,0.00,0.00,0.00,0.000,6,0.000,0.000,2796,513,3300,3317,3284,0,0,0,0,0,0,26.76,26.77,26.77,8.88,51.02
$GC,628,-0.62,-244.4,2796,514,3317,3284,59.2,-11.9,104,635,0.00,0.00,0.00,0.000,6,0.000,0.000,2796,513,3300,3317,3284,0,0,0,0,0,0,26.79,26.79,26.79,8.87,51.41
$GC,765,-0.62,-244.4,2796,513,3317,3285,72.6,-8.6,129,773,0.00,0.00,0.00,0.000,6,0.000,0.000,2797,513,3300,3317,3284,0,0,0,0,0,0,26.80,26.82,26.81,8.87,51.81
$GC,903,-0.62,-244.4,2796,513,3317,3284,86.1,-10.5,154,910,0.00,0.00,0.00,0.000,6,0.000,0.000,2796,513,3300,3317,3284,0,0,0,0,0,0,26.82,26.82,26.82,8.86,51.10
$GC,1047,-0.62,-244.4,2796,513,3317,3285,101.9,-11.4,179,1055,0.00,0.00,0.00,0.000,6,0.000,0.000,2796,513,3301,3317,3285,0,0,0,0,0,0,26.82,26.84,26.84,8.87,51.61
$GC,1250,-0.62,-244.4,2796,513,3317,3285,123.9,-11.3,216,1257,0.00,0.00,0.00,0.000,6,0.000,0.000,2796,514,3301,3317,3285,0,0,0,0,0,0,26.84,26.85,26.84,8.86,51.49
$GC,1453,-0.62,-244.4,2796,513,3317,3284,146.0,-10.4,253,1462,0.00,0.00,0.00,0.000,6,0.000,0.000,2796,513,3301,3318,3284,0,0,0,0,0,0,26.84,26.86,26.86,8.86,51.69
$STATE,1494,end dive,TARGET_DEPTH_EXCEEDED
$STATE,1494,begin apogee
$GC,1501,-0.33,0.0,2796,513,3317,3284,150.2,-9.5,260,1698,0.28,0.00,192.23,0.845,10246,0.118,0.000,2891,513,2299,2384,2215,0,0,0,0,0,0,26.42,25.10,24.56,8.85,52.24
$STATE,1701,end apogee,CONTROL_FINISHED_OK
$STATE,1702,begin climb
$GC,1704,0.68,244.4,2890,513,2383,2214,162.3,0.0,287,1916,0.93,0.00,199.98,0.804,10246,0.099,0.000,3199,513,1300,1457,1143,0,0,0,0,0,0,25.25,24.93,24.56,8.76,49.44
$GC,2112,0.78,345.2,3198,513,1457,1144,141.4,5.5,352,2208,0.10,0.00,90.80,0.789,10246,0.087,0.000,3272,513,890,987,794,0,0,0,0,0,0,26.08,25.14,24.64,8.67,50.51
$GC,2403,0.78,345.2,3272,513,986,794,110.0,11.0,401,2411,0.00,0.00,0.00,0.000,6,0.000,0.000,3273,513,889,985,794,0,0,0,0,0,0,26.32,26.32,26.32,8.63,51.06
$GC,2607,0.78,345.2,3272,513,986,794,88.9,9.7,438,2614,0.00,0.00,0.00,0.000,6,0.000,0.000,3273,513,889,985,794,0,0,0,0,0,0,26.52,26.53,26.53,8.63,51.85
$GC,2744,0.78,345.2,3272,513,985,794,75.2,10.4,463,2752,0.00,0.00,0.00,0.000,6,0.000,0.000,3273,513,889,985,794,0,0,0,0,0,0,26.60,26.61,26.60,8.62,51.81
$GC,2881,0.78,345.2,3272,513,985,794,61.8,9.8,488,2888,0.00,0.00,0.00,0.000,6,0.000,0.000,3272,513,889,985,794,0,0,0,0,0,0,26.65,26.67,26.67,8.62,51.37
$GC,3020,0.78,345.2,3272,513,985,794,47.7,10.1,513,3028,0.00,0.00,0.00,0.000,6,0.000,0.000,3273,513,889,985,794,0,0,0,0,0,0,26.70,26.71,26.71,8.62,51.92
$GC,3158,0.78,345.2,3272,513,985,794,34.5,9.5,538,3165,0.00,0.00,0.00,0.000,6,0.000,0.000,3272,513,889,985,794,0,0,0,0,0,0,26.73,26.74,26.74,8.62,51.89
$GC,3296,0.78,345.2,3272,513,985,794,21.5,8.9,563,3303,0.00,0.00,0.00,0.000,6,0.000,0.000,3272,513,889,985,794,0,0,0,0,0,0,26.76,26.77,26.77,8.63,52.00
$GC,3435,0.78,345.2,3272,513,985,794,8.5,9.9,588,3443,0.00,0.00,0.00,0.000,6,0.000,0.000,3273,513,889,985,794,0,0,0,0,0,0,26.78,26.79,26.79,8.63,52.08
$STATE,3486,end climb,SURFACE_DEPTH_REACHED
$STATE,3486,begin surface coast
$FINISH,0.1,1.023098
$STATE,3514,end surface coast,CONTROL_FINISHED_OK
$STATE,3515,begin surface
$SM_CCo,3534,51.42,0.063,0,0,504,440.07
$SM_GC,0.46,7.88,0.00,51.42,0.038,0.000,0.063,194,513,504,-8.64,0.37,440.07,0,0,0,0,0,0,26.52,26.80,26.38
$IRIDIUM_FIX,4742.17,-12225.08,111024,191851
$TT8_MAMPS,0.026964,0.356524
$HUMID,50.66
$INTERNAL_PRESSURE,8.57583
$TCM_TEMP,12.00
$XPDR_PINGS,0
$ALTIM_TOP_PING,20.0,19.8
$ALTIM_BOTTOM_PING,90.2,91.6
$24V_AH,24.56,2.718
$10V_AH,10.39,1.495
$FG_AHR_24Vo,0.000
$FG_AHR_10Vo,0.000
$DEVICES,Pitch_motor,Roll_motor,VBD_pump_during_apogee,VBD_pump_during_surface,VBD_valve,Iridium_during_init,Iridium_during_connect,Iridium_during_xfer,Transponder_ping,GUMSTIX_24V,GPS,TT8,LPSleep,TT8_Active,TT8_Sampling,TT8_CF8,TT8_Kalman,Analog_circuits,GPS_charging,Compass,RAFOS,Transponder,Compass2
$DEVICE_SECS,19.250,0.000,483.000,51.425,0.000,0.000,0.000,0.000,0.750,0.000,29.190,1452.108,45.042,534.067,1542.229,140.182,0.000,1162.828,0.000,1501.321,0.000,7.497,0.000
$DEVICE_MAMPS,235.620,0.000,844.560,62.730,0.000,0.000,0.000,0.000,420.000,0.000,30.710,15.210,2.190,15.210,43.670,53.410,0.000,14.000,0.000,8.240,0.000,30.000,0.000
$SENSORS,SBE_CT,WL_blue_red_Chl,AA4330,nil,nil,nil,nil,nil,nil,nil
$SENSOR_SECS,489.167,1310.892,0.000,0.000,0.000,0.000,0.000,0.000,0.000,0.000
$SENSOR_MAMPS,22.470,105.000,0.000,0.000,0.000,0.000,0.000,0.000,0.000,0.000
$MEM,312516
$DATA_FILE_SIZE,34781,602
$CAP_FILE_SIZE,70278,0
$CFSIZE,2097872896,2093449216
$ERRORS,0,0,0,0,0,0,0,0,0,0,0,0,0,0,1,0
$CURRENT,0.063,239.00,1
$GPS,250205,203032,4742.802,-12225.164,38,1.0,158,16.3,0.0,0.0,7,3.3
