version: 66.11
glider: 175
mission: 7
dive: 14
start: 2 22 125 7 52 27
data:
$ID,175
$MISSION,7
$DIVE,14
$N_DIVES,0
$D_SURF,3
$D_FLARE,3
$D_TGT,100
$D_ABORT,1090
$D_NO_BLEED,50
$D_BOOST,3
$T_BOOST,0
$D_FINISH,0
$D_PITCH,0
$D_SAFE,0
$D_CALL,0
$SURFACE_URGENCY,0
$SURFACE_URGENCY_TRY,0
$SURFACE_URGENCY_FORCE,0
$T_DIVE,45
$T_MISSION,60
$T_ABORT,1440
$T_TURN,300
$T_TURN_SAMPINT,5
$T_NO_W,120
$T_LOITER,0
$T_EPIRB,0
$USE_BATHY,0
$USE_ICE,0
$ICE_FREEZE_MARGIN,0.30000001
$D_OFFGRID,100
$T_WATCHDOG,10
$RELAUNCH,1
$APOGEE_PITCH,-8
$MAX_BUOY,150
$COURSE_BIAS,0
$GLIDE_SLOPE,30
$SPEED_FACTOR,1
$RHO,1.023
$MASS,51682
$MASS_COMP,0
$NAV_MODE,2
$FERRY_MAX,45
$KALMAN_USE,2
$HD_A,0.003
$HD_B,0.0099999998
$HD_C,9.9999997e-06
$HEADING,-1
$ESCAPE_HEADING,0
$ESCAPE_HEADING_DELTA,10
$FIX_MISSING_TIMEOUT,0
$TGT_DEFAULT_LAT,4743
$TGT_DEFAULT_LON,-12225
$TGT_AUTO_DEFAULT,0
$SM_CC,300
$N_FILEKB,4
$FILEMGR,0
$CALL_NDIVES,1
$COMM_SEQ,0
$PROTOCOL,9
$N_NOCOMM,1
$NOCOMM_ACTION,0
$N_NOSURFACE,0
$UPLOAD_DIVES_MAX,-1
$CALL_TRIES,5
$CALL_WAIT,60
$CAPUPLOAD,1
$CAPMAXSIZE,200000
$HEAPDBG,0
$T_GPS,15
$N_GPS,30
$T_GPS_ALMANAC,0
$T_GPS_CHARGE,-32214.586
$T_RSLEEP,2
$STROBE,0
$RAFOS_PEAK_OFFSET,1.5
$RAFOS_CORR_THRESH,60
$RAFOS_HIT_WINDOW,3600
$PITCH_MIN,146
$PITCH_MAX,3935
$C_PITCH,2961
$PITCH_DBAND,0.0099999998
$PITCH_CNV,0.003125763
$P_OVSHOOT,0.039999999
$PITCH_GAIN,30
$PITCH_TIMEOUT,17
$PITCH_AD_RATE,160
$PITCH_MAXERRORS,1
$PITCH_ADJ_GAIN,0.02
$PITCH_ADJ_DBAND,2.5
$ROLL_MIN,171
$ROLL_MAX,3723
$ROLL_DEG,40
$C_ROLL_DIVE,2067
$C_ROLL_CLIMB,1962
$HEAD_ERRBAND,10
$ROLL_CNV,0.028270001
$ROLL_TIMEOUT,15
$R_PORT_OVSHOOT,66
$R_STBD_OVSHOOT,54
$ROLL_AD_RATE,300
$ROLL_MAXERRORS,2
$ROLL_ADJ_GAIN,0
$ROLL_ADJ_DBAND,0
$VBD_MIN,465
$VBD_MAX,3960
$C_VBD,2701
$VBD_DBAND,2
$VBD_CNV,-0.25119999
$VBD_TIMEOUT,720
$PITCH_VBD_SHIFT,0.0012300001
$VBD_PUMP_AD_RATE_SURFACE,5
$VBD_PUMP_AD_RATE_APOGEE,4
$VBD_BLEED_AD_RATE,8
$UNCOM_BLEED,60
$VBD_MAXERRORS,1
$W_ADJ_DBAND,2
$DBDW,0
$PITCH_W_GAIN,0
$PITCH_W_DBAND,1
$CF8_MAXERRORS,5
$AH0_24V,145
$AH0_10V,95
$MINV_24V,19
$MINV_10V,8
$FG_AHR_10V,0
$FG_AHR_24V,0
$PHONE_SUPPLY,2
$PRESSURE_YINT,-35.829002
$PRESSURE_SLOPE,0.0001165895
$AD7714Ch0Gain,128
$TCM_PITCH_OFFSET,0
$TCM_ROLL_OFFSET,0
$COMPASS_USE,4
$ALTIM_BOTTOM_PING_RANGE,0
$ALTIM_TOP_PING_RANGE,20
$ALTIM_BOTTOM_TURN_MARGIN,10
$ALTIM_TOP_TURN_MARGIN,0
$ALTIM_TOP_MIN_OBSTACLE,1
$ALTIM_PING_DEPTH,100
$ALTIM_PING_DELTA,5
$ALTIM_FREQUENCY,13
$ALTIM_PULSE,3
$ALTIM_SENSITIVITY,3
$XPDR_VALID,5
$XPDR_INHIBIT,90
$INT_PRESSURE_SLOPE,0.0097660003
$INT_PRESSURE_YINT,-0.40000001
$DEEPGLIDER,0
$DEEPGLIDERMB,0
$MOTHERBOARD,4
$DEVICE1,2
$DEVICE2,20
$DEVICE3,-1
$DEVICE4,-1
$DEVICE5,-1
$DEVICE6,-1
$LOGGERS,7
$LOGGERDEVICE1,-1
$LOGGERDEVICE2,-1
$LOGGERDEVICE3,-1
$LOGGERDEVICE4,-1
$COMPASS_DEVICE,33
$COMPASS2_DEVICE,-1
$PHONE_DEVICE,49
$GPS_DEVICE,32
$RAFOS_DEVICE,-1
$XPDR_DEVICE,24
$SIM_W,0
$SIM_PITCH,0
$SEABIRD_T_G,0.0043275012
$SEABIRD_T_H,0.0006214368
$SEABIRD_T_I,2.2085376e-05
$SEABIRD_T_J,2.2233748e-06
$SEABIRD_C_G,-10.084761
$SEABIRD_C_H,1.1595923
$SEABIRD_C_I,-0.0010180317
$SEABIRD_C_J,0.00017345669
$GPS1,220225,074835,4743.079,-12224.018,12,1.8,12,18.2
$_CALLS,1
$_XMS_NAKs,0
$_XMS_TOUTs,0
$_SM_DEPTHo,0.16
$_SM_ANGLEo,-69.8
$GPS2,220225,075153,4743.080,-12224.028,11,1.6,11,18.2
$SPEED_LIMITS,0.128,0.234
$TGT_NAME,SOUTH
$TGT_LATLONG,4743.000,-12223.750
$TGT_RADIUS,200.000
$KALMAN_CONTROL,0.000,0.000
$KALMAN_X,0.0,0.0,0.0,0.0,0.0
$KALMAN_Y,0.0,0.0,0.0,0.0,0.0
$MHEAD_RNG_PITCHd_Wd,60.2,377,-17.5,-7.407,-21.55,1813
$D_GRID,100
$GCHEAD,st_secs,pitch_ctl,vbd_ctl,pitch_ad_start,roll_ad_start,vbd_pot1_ad_start,vbd_pot2_ad_start,depth,ob_vertv,data_pts,end_secs,pitch_secs,roll_secs,vbd_secs,vbd_i,gcphase,pitch_i,roll_i,pitch_ad,roll_ad,vbd_ad,vbd_pot1_ad,vbd_pot2_ad,pitch_retries,pitch_errors,roll_retries,roll_errors,vbd_retries,vbd_errors,pitch_volts,roll_volts,vbd_volts
$STATE,13,end surface,CONTROL_FINISHED_OK
$STATE,13,begin dive
$GC,15,-0.69,-88.6,134,2055,1587,1404,0.0,0.0,0,89,0.00,0.00,-69.65,0.000,16390,0.000,0.000,134,2054,3058,3149,2967,0,0,0,0,0,0,28.83,28.83,26.41
$GC,92,-0.75,-133.5,134,2054,3149,2967,2.1,-4.9,7,113,10.73,2.22,-5.18,0.000,18692,0.227,0.054,2702,3463,3237,3354,3121,0,0,0,0,0,0,25.06,25.79,26.32
$GC,352,-0.75,-133.5,2702,3463,3363,3126,27.6,-9.5,32,361,0.05,2.05,0.00,0.000,3078,0.151,0.019,2717,2039,3244,3362,3126,0,0,0,0,0,0,25.79,26.06,28.83
$GC,390,-0.75,-133.5,2717,2039,3362,3126,31.1,-8.6,36,391,0.00,0.00,0.00,0.000,2054,0.000,0.000,2718,2039,3244,3362,3126,0,0,0,0,0,0,28.83,28.83,28.83
$GC,420,-0.75,-133.5,2717,2039,3362,3126,33.5,-8.3,39,421,0.00,0.00,0.00,0.000,2054,0.000,0.000,2717,2039,3244,3362,3126,0,0,0,0,0,0,28.83,28.83,28.83
$GC,451,-0.75,-133.5,2717,2039,3362,3126,35.9,-8.2,42,452,0.00,0.00,0.00,0.000,2054,0.000,0.000,2717,2040,3244,3362,3126,0,0,0,0,0,0,28.83,28.83,28.83
$GC,480,-0.75,-133.5,2717,2039,3362,3126,38.4,-8.2,45,481,0.00,0.00,0.00,0.000,2054,0.000,0.000,2717,2039,3244,3362,3126,0,0,0,0,0,0,28.83,28.83,28.83
$GC,510,-0.75,-133.5,2717,2039,3362,3126,40.9,-8.1,48,520,0.00,2.00,0.00,0.000,2564,0.000,0.034,2717,693,3244,3362,3126,0,0,0,0,0,0,28.83,25.84,28.83
$GC,555,-0.75,-133.5,2717,694,3362,3126,44.3,-8.1,52,564,0.00,2.05,0.00,0.000,3078,0.000,0.024,2716,2055,3244,3362,3126,0,0,0,0,0,0,28.83,26.00,28.83
$GC,594,-0.75,-133.5,2716,2055,3362,3126,47.4,-7.8,56,595,0.00,0.00,0.00,0.000,2054,0.000,0.000,2716,2055,3244,3362,3126,0,0,0,0,0,0,28.83,28.83,28.83
$GC,623,-0.75,-133.5,2716,2055,3362,3126,49.7,-7.8,59,625,0.00,0.00,0.00,0.000,2054,0.000,0.000,2716,2055,3244,3362,3126,0,0,0,0,0,0,28.83,28.83,28.83
$GC,654,-0.75,-133.5,2716,2055,3362,3126,52.2,-7.8,62,663,0.00,2.03,0.00,0.000,2564,0.000,0.034,2716,703,3244,3362,3126,0,0,0,0,0,0,28.83,25.86,28.83
$GC,728,-0.75,-133.5,2716,704,3362,3126,58.3,-8.5,69,738,0.00,2.00,0.00,0.000,3078,0.000,0.024,2716,2068,3244,3362,3126,0,0,0,0,0,0,28.83,26.03,28.83
$GC,768,-0.75,-133.5,2716,2068,3362,3126,61.5,-7.8,73,769,0.00,0.00,0.00,0.000,2054,0.000,0.000,2716,2068,3244,3362,3126,0,0,0,0,0,0,28.83,28.83,28.83
$GC,798,-0.75,-133.5,2715,2069,3362,3126,63.7,-7.4,76,807,0.00,2.12,0.00,0.000,2308,0.000,0.041,2714,3467,3244,3362,3126,0,0,0,0,0,0,28.83,25.82,28.83
$GC,895,-0.75,-133.5,2713,3467,3362,3125,71.2,-7.8,85,904,0.00,2.00,0.00,0.000,3078,0.000,0.018,2713,2074,3244,3362,3126,0,0,0,0,0,0,28.83,26.20,28.83
$GC,933,-0.75,-133.5,2713,2074,3362,3126,74.3,-7.8,89,934,0.00,0.00,0.00,0.000,2054,0.000,0.000,2713,2074,3244,3362,3126,0,0,0,0,0,0,28.83,28.83,28.83
$GC,963,-0.75,-133.5,2713,2074,3362,3126,76.4,-7.0,92,972,0.00,2.05,0.00,0.000,2564,0.000,0.034,2714,695,3243,3362,3125,0,0,0,0,0,0,28.83,25.89,28.83
$GC,1027,-0.75,-133.5,2713,695,3362,3125,81.5,-8.5,98,1036,0.00,2.03,0.00,0.000,3078,0.000,0.025,2713,2076,3244,3362,3126,0,0,0,0,0,0,28.83,26.05,28.83
$GC,1068,-0.75,-133.5,2713,2076,3362,3125,84.7,-7.8,102,1069,0.00,0.00,0.00,0.000,2054,0.000,0.000,2714,2076,3243,3362,3125,0,0,0,0,0,0,28.83,28.83,28.83
$GC,1097,-0.75,-133.5,2713,2076,3362,3125,87.1,-7.9,105,1098,0.00,0.00,0.00,0.000,2054,0.000,0.000,2713,2076,3243,3362,3125,0,0,0,0,0,0,28.83,28.83,28.83
$GC,1127,-0.75,-133.5,2713,2076,3362,3125,89.6,-8.2,108,1136,0.00,2.08,0.00,0.000,2564,0.000,0.033,2714,686,3243,3362,3125,0,0,0,0,0,0,28.83,25.91,28.83
$GC,1170,-0.75,-133.5,2713,686,3362,3125,93.1,-8.2,112,1180,0.00,2.03,0.00,0.000,3078,0.000,0.024,2714,2072,3243,3362,3125,0,0,0,0,0,0,28.83,26.06,28.83
$GC,1210,-0.75,-133.5,2713,2072,3362,3125,96.3,-7.9,116,1211,0.00,0.00,0.00,0.000,2054,0.000,0.000,2713,2072,3243,3362,3125,0,0,0,0,0,0,28.83,28.83,28.83
$GC,1240,-0.75,-133.5,2713,2072,3362,3125,98.7,-8.0,119,1241,0.00,0.00,0.00,0.000,2054,0.000,0.000,2714,2072,3243,3362,3125,0,0,0,0,0,0,28.83,28.83,28.83
$STATE,1259,end dive,TARGET_DEPTH_EXCEEDED
$STATE,1260,begin apogee
$GC,1263,-0.27,0.0,2713,1933,3362,3125,100.3,-8.0,121,1381,0.50,0.00,109.60,0.545,10246,0.125,0.000,2870,1930,2699,2784,2614,0,0,0,0,0,0,25.30,28.83,23.99
$STATE,1382,end apogee,CONTROL_FINISHED_OK
$STATE,1382,begin climb
$GC,1383,0.75,133.5,2870,1929,2783,2613,102.0,0.0,133,1501,0.98,2.15,106.95,0.521,10756,0.086,0.039,3206,615,2167,2249,2085,0,0,0,0,0,0,25.05,24.84,23.79
$GC,1525,0.75,133.5,3205,615,2244,2084,87.1,12.9,147,1535,0.00,2.05,0.00,0.000,5126,0.000,0.021,3205,1973,2163,2244,2083,0,0,0,0,0,0,28.83,25.19,28.83
$GC,1566,0.69,133.5,3206,1972,2244,2081,81.6,13.6,151,1568,0.10,0.00,0.00,0.000,4102,0.179,0.000,3185,1974,2162,2244,2081,0,0,0,0,0,0,25.27,28.83,28.83
$GC,1595,0.69,133.5,3185,1974,2243,2079,77.5,13.7,154,1596,0.00,0.00,0.00,0.000,6,0.000,0.000,3186,1974,2161,2243,2079,0,0,0,0,0,0,28.83,28.83,28.83
$GC,1625,0.69,133.5,3185,1974,2242,2078,73.7,12.8,157,1626,0.00,0.00,0.00,0.000,6,0.000,0.000,3185,1974,2160,2243,2078,0,0,0,0,0,0,28.83,28.83,28.83
$GC,1655,0.69,133.5,3185,1974,2243,2077,69.9,12.5,160,1656,0.00,0.00,0.00,0.000,6,0.000,0.000,3185,1974,2160,2243,2077,0,0,0,0,0,0,28.83,28.83,28.83
$GC,1686,0.69,133.5,3185,1974,2243,2077,66.4,11.8,163,1687,0.00,0.00,0.00,0.000,6,0.000,0.000,3186,1974,2160,2243,2077,0,0,0,0,0,0,28.83,28.83,28.83
$GC,1715,0.69,133.5,3185,1974,2243,2076,62.8,11.7,166,1716,0.00,0.00,0.00,0.000,6,0.000,0.000,3185,1974,2159,2243,2076,0,0,0,0,0,0,28.83,28.83,28.83
$GC,1745,0.69,133.5,3185,1974,2243,2076,59.1,12.0,169,1755,0.00,2.12,0.00,0.000,260,0.000,0.037,3185,3365,2159,2243,2076,0,0,0,0,0,0,28.83,25.58,28.83
$GC,1780,0.69,133.5,3185,3364,2242,2076,54.6,13.6,172,1788,0.00,2.03,0.00,0.000,1030,0.000,0.021,3185,2008,2159,2242,2076,0,0,0,0,0,0,28.83,25.77,28.83
$GC,1818,0.69,133.5,3185,2005,2242,2075,49.4,13.2,176,1828,0.00,2.20,0.00,0.000,516,0.000,0.040,3185,568,2158,2242,2075,0,0,0,0,0,0,28.83,25.62,28.83
$GC,1862,0.69,133.5,3185,569,2241,2075,44.1,12.0,180,1871,0.00,2.05,0.00,0.000,1030,0.000,0.021,3185,1969,2158,2241,2075,0,0,0,0,0,0,28.83,25.84,28.83
$GC,1902,0.69,133.5,3185,1969,2241,2074,39.4,11.7,184,1903,0.00,0.00,0.00,0.000,6,0.000,0.000,3185,1968,2157,2241,2074,0,0,0,0,0,0,28.83,28.83,28.83
$GC,1932,0.69,133.5,3185,1969,2241,2074,36.0,11.2,187,1933,0.00,0.00,0.00,0.000,6,0.000,0.000,3185,1968,2157,2241,2074,0,0,0,0,0,0,28.83,28.83,28.83
$GC,1962,0.69,133.5,3185,1968,2241,2074,32.7,10.9,190,1963,0.00,0.00,0.00,0.000,6,0.000,0.000,3185,1969,2157,2241,2074,0,0,0,0,0,0,28.83,28.83,28.83
$GC,1992,0.69,133.5,3185,1968,2241,2074,29.5,11.1,193,1993,0.00,0.00,0.00,0.000,6,0.000,0.000,3185,1969,2157,2241,2074,0,0,0,0,0,0,28.83,28.83,28.83
$GC,2022,0.69,133.5,3185,1969,2241,2073,26.1,11.2,196,2023,0.00,0.00,0.00,0.000,6,0.000,0.000,3185,1969,2157,2241,2073,0,0,0,0,0,0,28.83,28.83,28.83
$GC,2052,0.69,133.5,3185,1968,2241,2073,22.9,10.9,199,2062,0.00,2.15,0.00,0.000,516,0.000,0.039,3185,571,2157,2241,2074,0,0,0,0,0,0,28.83,25.73,28.83
$GC,2099,0.69,133.5,3185,571,2240,2074,17.8,11.7,203,2107,0.00,2.08,0.00,0.000,1030,0.000,0.022,3185,1966,2157,2241,2073,0,0,0,0,0,0,28.83,25.96,28.83
$GC,2137,0.69,133.5,3185,1966,2241,2073,12.5,12.9,207,2138,0.00,0.00,0.00,0.000,6,0.000,0.000,3185,1966,2156,2240,2073,0,0,0,0,0,0,28.83,28.83,28.83
$GC,2167,0.69,133.5,3185,1966,2240,2073,8.7,12.8,210,2168,0.00,0.00,0.00,0.000,6,0.000,0.000,3185,1966,2156,2240,2073,0,0,0,0,0,0,28.83,28.83,28.83
$GC,2196,0.69,133.5,3185,1966,2241,2073,4.9,12.7,213,2198,0.00,0.00,0.00,0.000,6,0.000,0.000,3185,1965,2156,2240,2073,0,0,0,0,0,0,28.83,28.83,28.83
$STATE,2216,end climb,SURFACE_DEPTH_REACHED
$STATE,2216,begin surface coast
$FINISH,0.4,1.022700
$STATE,2237,end surface coast,CONTROL_FINISHED_OK
$STATE,2237,begin surface
$SM_CCo,2252,106.07,0.442,1,0,1506,300.18
$SM_GC,0.06,8.68,0.12,106.07,0.066,0.081,0.442,135,2132,1506,-8.77,-1.39,300.18,0,0,0,0,1,0,25.80,26.20,24.20
$IRIDIUM_FIX,4722.92,-12223.37,191217,212105
$TT8_MAMPS,0.027713,0.027713
$HUMID,36.88
$INTERNAL_PRESSURE,8.78004
$TCM_TEMP,18.80
$XPDR_PINGS,11
$ALTIM_TOP_PING,19.0,19.3
$24V_AH,23.8,30.469
$10V_AH,10.2,13.571
$FG_AHR_24Vo,0.000
$FG_AHR_10Vo,0.000
$DEVICES,Pitch_motor,Roll_motor,VBD_pump_during_apogee,VBD_pump_during_surface,VBD_valve,Iridium_during_init,Iridium_during_connect,Iridium_during_xfer,Transponder_ping,GUMSTIX_24V,GPS,TT8,LPSleep,TT8_Active,TT8_Sampling,TT8_CF8,TT8_Kalman,Analog_circuits,GPS_charging,Compass,RAFOS,Transponder,Compass2
$DEVICE_SECS,21.025,41.700,216.550,106.075,0.000,0.000,0.000,0.000,3.250,0.000,14.515,627.428,663.401,407.581,710.917,34.384,0.000,818.749,0.000,471.725,0.000,4.203,0.000
$DEVICE_MAMPS,227.205,81.090,545.445,442.170,0.000,0.000,0.000,0.000,420.000,0.000,28.460,13.960,2.190,13.960,37.930,44.670,0.000,16.000,0.000,15.730,0.000,30.000,0.000
$SENSORS,SBE_CT,SBE_O2,nil,nil,nil,nil,nil,nil,nil,nil
$SENSOR_SECS,144.608,529.075,0.000,0.000,0.000,0.000,0.000,0.000,0.000,0.000
$SENSOR_MAMPS,23.220,4.490,0.000,0.000,0.000,0.000,0.000,0.000,0.000,0.000
$MEM,355052
$DATA_FILE_SIZE,10190,217
$CAP_FILE_SIZE,72024,0
$CFSIZE,260165632,255860736
$ERRORS,0,0,0,0,0,0,0,0,0,0,0,0,0,1,0,0
$CURRENT,0.057,236.7,1
$GPS,220225,083235,4743.069,-12223.731,8,1.6,8,18.2
