version: 66.11
glider: 175
mission: 9
dive: 365
start: 6 13 125 13 44 44
data:
$ID,175
$MISSION,9
$DIVE,365
$N_DIVES,0
$D_SURF,3
$D_FLARE,3
$D_TGT,150
$D_ABORT,1090
$D_NO_BLEED,500
$D_BOOST,3
$T_BOOST,0
$D_FINISH,0
$D_PITCH,0
$D_SAFE,0
$D_CALL,0
$SURFACE_URGENCY,0
$SURFACE_URGENCY_TRY,0
$SURFACE_URGENCY_FORCE,0
$T_DIVE,50
$T_MISSION,65
$T_ABORT,1440
$T_TURN,300
$T_TURN_SAMPINT,5
$T_NO_W,120
$T_LOITER,0
$T_EPIRB,0
$USE_BATHY,0
$USE_ICE,0
$ICE_FREEZE_MARGIN,0.30000001
$D_OFFGRID,100
$T_WATCHDOG,10
$RELAUNCH,1
$APOGEE_PITCH,-8
$MAX_BUOY,150
$COURSE_BIAS,0
$GLIDE_SLOPE,30
$SPEED_FACTOR,1
$RHO,1.023
$MASS,51902
$MASS_COMP,0
$NAV_MODE,2
$FERRY_MAX,45
$KALMAN_USE,2
$HD_A,0.003
$HD_B,0.0099999998
$HD_C,9.9999997e-06
$HEADING,-1
$ESCAPE_HEADING,0
$ESCAPE_HEADING_DELTA,10
$FIX_MISSING_TIMEOUT,0
$TGT_DEFAULT_LAT,4743
$TGT_DEFAULT_LON,-12225
$TGT_AUTO_DEFAULT,0
$SM_CC,250
$N_FILEKB,4
$FILEMGR,0
$CALL_NDIVES,1
$COMM_SEQ,0
$PROTOCOL,9
$N_NOCOMM,1
$NOCOMM_ACTION,0
$N_NOSURFACE,0
$UPLOAD_DIVES_MAX,-1
$CALL_TRIES,5
$CALL_WAIT,60
$CAPUPLOAD,1
$CAPMAXSIZE,200000
$HEAPDBG,0
$T_GPS,15
$N_GPS,30
$T_GPS_ALMANAC,0
$T_GPS_CHARGE,-34986.344
$T_RSLEEP,2
$STROBE,0
$RAFOS_PEAK_OFFSET,1.5
$RAFOS_CORR_THRESH,60
$RAFOS_HIT_WINDOW,3600
$PITCH_MIN,255
$PITCH_MAX,3935
$C_PITCH,3053
$PITCH_DBAND,0.0099999998
$PITCH_CNV,0.003125763
$P_OVSHOOT,0.039999999
$PITCH_GAIN,30
$PITCH_TIMEOUT,17
$PITCH_AD_RATE,160
$PITCH_MAXERRORS,1
$PITCH_ADJ_GAIN,0.02
$PITCH_ADJ_DBAND,2.5
$ROLL_MIN,171
$ROLL_MAX,3723
$ROLL_DEG,40
$C_ROLL_DIVE,2033
$C_ROLL_CLIMB,1891
$HEAD_ERRBAND,10
$ROLL_CNV,0.028270001
$ROLL_TIMEOUT,15
$R_PORT_OVSHOOT,72
$R_STBD_OVSHOOT,61
$ROLL_AD_RATE,300
$ROLL_MAXERRORS,2
$ROLL_ADJ_GAIN,0
$ROLL_ADJ_DBAND,0
$VBD_MIN,465
$VBD_MAX,3960
$C_VBD,2140
$VBD_DBAND,2
$VBD_CNV,-0.25119999
$VBD_TIMEOUT,720
$PITCH_VBD_SHIFT,0.0012300001
$VBD_PUMP_AD_RATE_SURFACE,5
$VBD_PUMP_AD_RATE_APOGEE,4
$VBD_BLEED_AD_RATE,8
$UNCOM_BLEED,60
$VBD_MAXERRORS,1
$W_ADJ_DBAND,2
$DBDW,0
$PITCH_W_GAIN,0
$PITCH_W_DBAND,1
$CF8_MAXERRORS,5
$AH0_24V,145
$AH0_10V,95
$MINV_24V,19
$MINV_10V,8
$FG_AHR_10V,0
$FG_AHR_24V,0
$PHONE_SUPPLY,2
$PRESSURE_YINT,-33.008354
$PRESSURE_SLOPE,0.0001165895
$AD7714Ch0Gain,128
$TCM_PITCH_OFFSET,0
$TCM_ROLL_OFFSET,0
$COMPASS_USE,4
$ALTIM_BOTTOM_PING_RANGE,0
$ALTIM_TOP_PING_RANGE,20
$ALTIM_BOTTOM_TURN_MARGIN,25
$ALTIM_TOP_TURN_MARGIN,0
$ALTIM_TOP_MIN_OBSTACLE,1
$ALTIM_PING_DEPTH,120
$ALTIM_PING_DELTA,5
$ALTIM_FREQUENCY,13
$ALTIM_PULSE,3
$ALTIM_SENSITIVITY,3
$XPDR_VALID,5
$XPDR_INHIBIT,90
$INT_PRESSURE_SLOPE,0.0097660003
$INT_PRESSURE_YINT,-0.40000001
$DEEPGLIDER,0
$DEEPGLIDERMB,0
$MOTHERBOARD,4
$DEVICE1,2
$DEVICE2,20
$DEVICE3,-1
$DEVICE4,-1
$DEVICE5,-1
$DEVICE6,-1
$LOGGERS,7
$LOGGERDEVICE1,-1
$LOGGERDEVICE2,-1
$LOGGERDEVICE3,-1
$LOGGERDEVICE4,-1
$COMPASS_DEVICE,33
$COMPASS2_DEVICE,-1
$PHONE_DEVICE,49
$GPS_DEVICE,32
$RAFOS_DEVICE,-1
$XPDR_DEVICE,24
$SIM_W,0
$SIM_PITCH,0
$SEABIRD_T_G,0.0043275012
$SEABIRD_T_H,0.0006214368
$SEABIRD_T_I,2.2085376e-05
$SEABIRD_T_J,2.2233748e-06
$SEABIRD_C_G,-10.084761
$SEABIRD_C_H,1.1595923
$SEABIRD_C_I,-0.0010180317
$SEABIRD_C_J,0.00017345669
$GPS1,130625,133923,4750.134,-12225.215,9,1.5,9,18.2
$_CALLS,1
$_XMS_NAKs,0
$_XMS_TOUTs,0
$_SM_DEPTHo,-7.98
$_SM_ANGLEo,-72.0
$GPS2,130625,134405,4750.188,-12225.212,12,1.5,12,18.2
$SPEED_LIMITS,0.173,0.260
$TGT_NAME,NORTH_175
$TGT_LATLONG,4750.000,-12225.000
$TGT_RADIUS,200.000
$KALMAN_CONTROL,0.000,0.000
$KALMAN_X,0.0,0.0,0.0,0.0,0.0
$KALMAN_Y,0.0,0.0,0.0,0.0,0.0
$MHEAD_RNG_PITCHd_Wd,138.9,437,-21.0,-10.000,-24.25,1583
$D_GRID,150
$GCHEAD,st_secs,pitch_ctl,vbd_ctl,pitch_ad_start,roll_ad_start,vbd_pot1_ad_start,vbd_pot2_ad_start,depth,ob_vertv,data_pts,end_secs,pitch_secs,roll_secs,vbd_secs,vbd_i,gcphase,pitch_i,roll_i,pitch_ad,roll_ad,vbd_ad,vbd_pot1_ad,vbd_pot2_ad,pitch_retries,pitch_errors,roll_retries,roll_errors,vbd_retries,vbd_errors,pitch_volts,roll_volts,vbd_volts
$STATE,13,end surface,CONTROL_FINISHED_OK
$STATE,13,begin dive
$GC,15,-0.83,-104.0,243,2097,1234,1035,0.0,0.0,0,72,0.00,0.00,-52.90,0.000,16390,0.000,0.000,243,2098,2555,2624,2487,0,0,0,0,0,0,28.83,28.83,26.45
$GC,75,-0.88,-146.6,243,2098,2626,2488,-5.8,-5.2,5,94,9.68,2.05,-3.95,0.000,18692,0.216,0.049,2753,3429,2728,2824,2632,0,0,0,0,0,0,25.78,26.12,26.40
$GC,245,-0.79,-146.6,2752,3429,2834,2635,31.5,-19.5,21,255,0.12,1.98,0.00,0.000,3078,0.151,0.019,2792,2016,2734,2834,2635,0,0,0,0,0,0,26.04,26.32,28.83
$GC,285,-0.79,-146.6,2792,2015,2834,2635,38.1,-16.5,25,286,0.00,0.00,0.00,0.000,2054,0.000,0.000,2792,2015,2734,2834,2635,0,0,0,0,0,0,28.83,28.83,28.83
$GC,315,-0.79,-146.6,2792,2014,2834,2635,42.3,-14.4,28,316,0.00,0.00,0.00,0.000,2054,0.000,0.000,2792,2015,2734,2834,2635,0,0,0,0,0,0,28.83,28.83,28.83
$GC,345,-0.79,-146.6,2792,2014,2834,2635,46.3,-13.2,31,347,0.00,0.00,0.00,0.000,2054,0.000,0.000,2792,2015,2734,2834,2635,0,0,0,0,0,0,28.83,28.83,28.83
$GC,375,-0.79,-146.6,2792,2015,2834,2635,50.4,-13.8,34,385,0.00,2.00,0.00,0.000,2564,0.000,0.034,2793,659,2734,2834,2635,0,0,0,0,0,0,28.83,26.32,28.83
$GC,451,-0.79,-146.6,2792,660,2834,2634,60.8,-12.9,41,460,0.00,1.98,0.00,0.000,3078,0.000,0.024,2790,2027,2734,2834,2635,0,0,0,0,0,0,28.83,26.40,28.83
$GC,491,-0.79,-146.6,2790,2027,2834,2635,64.9,-10.3,45,492,0.00,0.00,0.00,0.000,2054,0.000,0.000,2790,2027,2734,2834,2635,0,0,0,0,0,0,28.83,28.83,28.83
$GC,521,-0.79,-146.6,2790,2027,2834,2634,67.8,-9.5,48,522,0.00,0.00,0.00,0.000,2054,0.000,0.000,2790,2026,2734,2834,2635,0,0,0,0,0,0,28.83,28.83,28.83
$GC,551,-0.79,-146.6,2790,2027,2834,2635,70.7,-9.6,51,553,0.00,0.00,0.00,0.000,2054,0.000,0.000,2790,2027,2734,2834,2635,0,0,0,0,0,0,28.83,28.83,28.83
$GC,581,-0.79,-146.6,2790,2027,2834,2635,73.6,-10.0,54,582,0.00,0.00,0.00,0.000,2054,0.000,0.000,2790,2027,2734,2834,2635,0,0,0,0,0,0,28.83,28.83,28.83
$GC,611,-0.79,-146.6,2790,2027,2834,2635,76.7,-10.3,57,612,0.00,0.00,0.00,0.000,2054,0.000,0.000,2790,2027,2735,2835,2635,0,0,0,0,0,0,28.83,28.83,28.83
$GC,641,-0.79,-146.6,2790,2027,2834,2635,79.7,-10.3,60,642,0.00,0.00,0.00,0.000,2054,0.000,0.000,2790,2026,2734,2834,2635,0,0,0,0,0,0,28.83,28.83,28.83
$GC,671,-0.79,-146.6,2790,2027,2834,2635,82.7,-9.7,63,673,0.00,0.00,0.00,0.000,2054,0.000,0.000,2790,2027,2734,2834,2635,0,0,0,0,0,0,28.83,28.83,28.83
$GC,701,-0.79,-146.6,2790,2027,2834,2635,85.7,-9.9,66,711,0.00,2.00,0.00,0.000,2564,0.000,0.032,2790,664,2734,2834,2635,0,0,0,0,0,0,28.83,26.44,28.83
$GC,727,-0.79,-146.6,2790,664,2834,2635,88.3,-10.4,68,735,0.00,2.03,0.00,0.000,3078,0.000,0.022,2783,2040,2734,2834,2634,0,0,0,0,0,0,28.83,26.48,28.83
$GC,767,-0.79,-146.6,2783,2041,2834,2635,92.8,-11.2,72,774,0.05,0.00,0.00,0.000,2054,0.240,0.000,2793,2041,2734,2834,2635,0,0,0,0,0,0,26.49,28.83,28.83
$GC,807,-0.79,-146.6,2793,2041,2834,2635,97.2,-11.1,76,813,0.00,0.00,0.00,0.000,2054,0.000,0.000,2793,2041,2734,2834,2635,0,0,0,0,0,0,28.83,28.83,28.83
$GC,845,-0.79,-146.6,2793,2041,2835,2635,101.9,-11.6,80,846,0.00,0.00,0.00,0.000,2054,0.000,0.000,2793,2041,2734,2834,2635,0,0,0,0,0,0,28.83,28.83,28.83
$GC,876,-0.79,-146.6,2793,2041,2834,2635,104.9,-10.6,83,877,0.00,0.00,0.00,0.000,2054,0.000,0.000,2793,2041,2734,2834,2635,0,0,0,0,0,0,28.83,28.83,28.83
$GC,905,-0.79,-146.6,2793,2041,2834,2635,108.0,-9.9,86,907,0.00,0.00,0.00,0.000,2054,0.000,0.000,2793,2041,2734,2834,2635,0,0,0,0,0,0,28.83,28.83,28.83
$GC,935,-0.79,-146.6,2793,2041,2834,2635,111.1,-10.0,89,936,0.00,0.00,0.00,0.000,2054,0.000,0.000,2793,2041,2734,2834,2635,0,0,0,0,0,0,28.83,28.83,28.83
$GC,965,-0.79,-146.6,2793,2041,2834,2635,114.2,-10.5,92,966,0.00,0.00,0.00,0.000,2054,0.000,0.000,2793,2041,2734,2834,2635,0,0,0,0,0,0,28.83,28.83,28.83
$GC,996,-0.79,-146.6,2793,2041,2834,2635,117.5,-10.8,95,1005,0.00,2.03,0.00,0.000,2564,0.000,0.034,2793,669,2734,2834,2635,0,0,0,0,0,0,28.83,26.48,28.83
$GC,1035,-0.79,-146.6,2792,669,2834,2635,121.8,-11.3,98,1044,0.00,2.00,0.00,0.000,3078,0.000,0.024,2793,2027,2734,2834,2635,0,0,0,0,0,0,28.83,26.53,28.83
$GC,1073,-0.79,-146.6,2793,2027,2834,2635,126.0,-10.4,102,1074,0.00,0.00,0.00,0.000,2054,0.000,0.000,2793,2027,2735,2835,2635,0,0,0,0,0,0,28.83,28.83,28.83
$GC,1105,-0.79,-146.6,2793,2027,2834,2635,129.1,-10.4,105,1111,0.00,0.00,0.00,0.000,2054,0.000,0.000,2793,2027,2734,2834,2635,0,0,0,0,0,0,28.83,28.83,28.83
$GC,1143,-0.79,-146.6,2793,2027,2834,2635,133.2,-10.0,109,1144,0.00,0.00,0.00,0.000,2054,0.000,0.000,2793,2027,2734,2834,2635,0,0,0,0,0,0,28.83,28.83,28.83
$GC,1173,-0.79,-146.6,2793,2027,2834,2635,136.2,-10.4,112,1174,0.00,0.00,0.00,0.000,2054,0.000,0.000,2793,2027,2734,2834,2635,0,0,0,0,0,0,28.83,28.83,28.83
$GC,1204,-0.79,-146.6,2793,2027,2834,2635,139.4,-10.3,115,1205,0.00,0.00,0.00,0.000,2054,0.000,0.000,2793,2027,2734,2834,2635,0,0,0,0,0,0,28.83,28.83,28.83
$STATE,1222,end dive,BOTTOM_OBSTACLE_DETECTED
$STATE,1222,begin apogee
$GC,1227,-0.27,0.0,2793,1847,2834,2635,141.5,-10.4,117,1354,0.52,0.00,119.20,0.574,10246,0.128,0.000,2963,1845,2139,2227,2051,0,0,0,0,0,0,26.29,28.83,24.98
$STATE,1356,end apogee,CONTROL_FINISHED_OK
$STATE,1356,begin climb
$GC,1358,0.88,146.6,2963,1845,2226,2049,145.2,0.0,130,1483,1.08,2.25,112.18,0.555,10500,0.090,0.030,3327,3300,1553,1673,1434,0,0,0,0,0,0,25.52,25.41,24.89
$GC,1511,0.80,146.6,3327,3300,1673,1432,124.9,18.2,145,1519,0.05,2.03,0.00,0.000,5126,0.179,0.020,3320,1957,1551,1673,1430,0,0,0,0,0,0,25.54,25.73,28.83
$GC,1550,0.73,146.6,3320,1956,1673,1428,116.9,20.1,149,1560,0.12,2.10,0.00,0.000,4612,0.176,0.034,3293,568,1550,1673,1428,0,0,0,0,0,0,25.69,25.82,28.83
$GC,1584,0.73,146.6,3293,568,1669,1428,111.0,17.6,152,1594,0.00,1.92,0.00,0.000,5126,0.000,0.019,3293,1910,1548,1668,1428,0,0,0,0,0,0,28.83,25.97,28.83
$GC,1624,0.73,146.6,3293,1910,1668,1427,104.8,15.5,156,1634,0.00,2.05,0.00,0.000,4356,0.000,0.033,3293,3284,1547,1668,1427,0,0,0,0,0,0,28.83,26.01,28.83
$GC,1669,0.73,146.6,3293,3284,1669,1427,97.6,16.5,160,1679,0.03,1.92,0.00,0.000,5126,0.190,0.018,3295,1933,1547,1668,1427,0,0,0,0,0,0,25.97,26.11,28.83
$GC,1708,0.73,146.6,3295,1932,1669,1426,91.1,16.2,164,1718,0.00,2.17,0.00,0.000,4612,0.000,0.037,3304,509,1547,1668,1427,0,0,0,0,0,0,28.83,26.10,28.83
$GC,1742,0.73,146.6,3304,509,1668,1426,85.3,16.9,167,1746,0.08,2.00,0.00,0.000,5126,0.195,0.020,3291,1906,1547,1668,1427,0,0,0,0,0,0,26.02,26.20,28.83
$GC,1785,0.73,146.6,3291,1907,1668,1426,78.0,17.5,171,1788,0.00,2.05,0.00,0.000,4356,0.000,0.033,3291,3280,1547,1668,1426,0,0,0,0,0,0,28.83,26.19,28.83
$GC,1828,0.73,146.6,3291,3280,1668,1425,70.3,17.7,175,1838,0.00,1.98,0.00,0.000,5126,0.000,0.021,3296,1893,1546,1668,1425,0,0,0,0,0,0,28.83,26.27,28.83
$GC,1868,0.73,146.6,3296,1893,1668,1425,63.1,17.8,179,1878,0.00,2.08,0.00,0.000,4612,0.000,0.036,3306,510,1546,1668,1425,0,0,0,0,0,0,28.83,26.24,28.83
$GC,1902,0.73,146.6,3306,510,1668,1425,56.5,19.4,182,1912,0.08,1.98,0.00,0.000,5126,0.199,0.020,3293,1894,1546,1668,1425,0,0,0,0,0,0,26.13,26.32,28.83
$GC,1942,0.73,146.6,3292,1894,1668,1424,48.8,19.2,186,1951,0.00,2.05,0.00,0.000,4356,0.000,0.032,3292,3287,1546,1668,1424,0,0,0,0,0,0,28.83,26.30,28.83
$GC,1957,0.73,146.6,3292,3287,1668,1424,47.3,18.5,187,1965,0.00,2.05,0.00,0.000,5126,0.000,0.020,3295,1887,1546,1668,1424,0,0,0,0,0,0,28.83,26.35,28.83
$GC,1996,0.73,146.6,3295,1887,1668,1424,39.2,18.8,191,2004,0.00,0.00,0.00,0.000,4102,0.000,0.000,3295,1887,1546,1668,1424,0,0,0,0,0,0,28.83,28.83,28.83
$GC,2036,0.73,146.6,3295,1887,1668,1424,32.1,18.1,195,2043,0.00,0.00,0.00,0.000,4102,0.000,0.000,3295,1887,1546,1668,1424,0,0,0,0,0,0,28.83,28.83,28.83
$GC,2075,0.73,146.6,3295,1887,1669,1424,25.4,16.8,199,2079,0.00,2.10,0.00,0.000,4612,0.000,0.038,3305,506,1546,1668,1424,0,0,0,0,0,0,28.83,26.33,28.83
$GC,2108,0.73,146.6,3304,506,1668,1424,20.5,14.6,202,2112,0.08,1.98,0.00,0.000,5126,0.196,0.020,3291,1891,1546,1668,1424,0,0,0,0,0,0,26.23,26.41,28.83
$GC,2152,0.73,146.6,3290,1892,1668,1423,14.8,13.3,206,2161,0.00,2.03,0.00,0.000,4356,0.000,0.032,3290,3278,1545,1668,1423,0,0,0,0,0,0,28.83,26.39,28.83
$GC,2219,0.73,146.6,3291,3278,1668,1423,7.6,10.1,212,2227,0.00,2.03,0.00,0.000,5126,0.000,0.021,3292,1895,1545,1668,1423,0,0,0,0,0,0,28.83,26.44,28.83
$STATE,2258,end climb,SURFACE_DEPTH_REACHED
$STATE,2258,begin surface coast
$FINISH,0.6,1.022024
$STATE,2277,end surface coast,CONTROL_FINISHED_OK
$STATE,2277,begin surface
$SM_CCo,2294,82.03,0.438,1,0,1144,250.20
$SM_GC,-8.00,8.40,0.17,82.03,0.066,0.059,0.438,246,2102,1144,-8.70,-1.61,250.20,0,0,0,0,1,0,26.41,26.49,25.22
$IRIDIUM_FIX,4735.69,-12229.26,100418,020213
$TT8_MAMPS,0.027713,0.027713
$HUMID,40.66
$INTERNAL_PRESSURE,8.45776
$TCM_TEMP,19.60
$XPDR_PINGS,1
$ALTIM_TOP_PING,18.7,8.2
$ALTIM_BOTTOM_PING,120.1,45.7
$24V_AH,24.9,22.807
$10V_AH,10.6,10.149
$FG_AHR_24Vo,0.000
$FG_AHR_10Vo,0.000
$DEVICES,Pitch_motor,Roll_motor,VBD_pump_during_apogee,VBD_pump_during_surface,VBD_valve,Iridium_during_init,Iridium_during_connect,Iridium_during_xfer,Transponder_ping,GUMSTIX_24V,GPS,TT8,LPSleep,TT8_Active,TT8_Sampling,TT8_CF8,TT8_Kalman,Analog_circuits,GPS_charging,Compass,RAFOS,Transponder,Compass2
$DEVICE_SECS,20.275,53.100,231.375,82.025,0.000,26.373,16.761,139.964,1.000,0.000,14.855,649.896,618.039,399.622,905.635,121.495,0.000,841.202,0.000,463.508,0.000,7.172,0.000
$DEVICE_MAMPS,240.210,71.910,573.750,437.580,0.000,43.600,160.000,223.000,420.000,0.000,28.460,13.960,2.190,13.960,37.930,44.670,0.000,16.000,0.000,15.730,0.000,30.000,0.000
$SENSORS,SBE_CT,SBE_O2,nil,nil,nil,nil,nil,nil,nil,nil
$SENSOR_SECS,144.167,547.804,0.000,0.000,0.000,0.000,0.000,0.000,0.000,0.000
$SENSOR_MAMPS,23.220,4.490,0.000,0.000,0.000,0.000,0.000,0.000,0.000,0.000
$MEM,355148
$DATA_FILE_SIZE,10253,218
$CAP_FILE_SIZE,69397,0
$CFSIZE,260165632,242405376
$ERRORS,0,0,0,0,0,0,0,0,0,0,0,0,0,1,0,0
$CURRENT,0.120,352.2,1
$GPS,130625,142533,4750.032,-12225.032,13,1.9,29,18.2
