version: 66.11
glider: 175
mission: 9
dive: 300
start: 6 10 125 23 17 9
data:
$ID,175
$MISSION,9
$DIVE,300
$N_DIVES,0
$D_SURF,3
$D_FLARE,3
$D_TGT,150
$D_ABORT,1090
$D_NO_BLEED,500
$D_BOOST,3
$T_BOOST,0
$D_FINISH,0
$D_PITCH,0
$D_SAFE,0
$D_CALL,0
$SURFACE_URGENCY,0
$SURFACE_URGENCY_TRY,0
$SURFACE_URGENCY_FORCE,0
$T_DIVE,50
$T_MISSION,65
$T_ABORT,1440
$T_TURN,300
$T_TURN_SAMPINT,5
$T_NO_W,120
$T_LOITER,0
$T_EPIRB,0
$USE_BATHY,0
$USE_ICE,0
$ICE_FREEZE_MARGIN,0.30000001
$D_OFFGRID,100
$T_WATCHDOG,10
$RELAUNCH,1
$APOGEE_PITCH,-8
$MAX_BUOY,150
$COURSE_BIAS,0
$GLIDE_SLOPE,30
$SPEED_FACTOR,1
$RHO,1.023
$MASS,51902
$MASS_COMP,0
$NAV_MODE,2
$FERRY_MAX,45
$KALMAN_USE,2
$HD_A,0.003
$HD_B,0.0099999998
$HD_C,9.9999997e-06
$HEADING,-1
$ESCAPE_HEADING,0
$ESCAPE_HEADING_DELTA,10
$FIX_MISSING_TIMEOUT,0
$TGT_DEFAULT_LAT,4743
$TGT_DEFAULT_LON,-12225
$TGT_AUTO_DEFAULT,0
$SM_CC,250
$N_FILEKB,4
$FILEMGR,0
$CALL_NDIVES,1
$COMM_SEQ,0
$PROTOCOL,9
$N_NOCOMM,1
$NOCOMM_ACTION,0
$N_NOSURFACE,0
$UPLOAD_DIVES_MAX,-1
$CALL_TRIES,5
$CALL_WAIT,60
$CAPUPLOAD,1
$CAPMAXSIZE,200000
$HEAPDBG,0
$T_GPS,15
$N_GPS,30
$T_GPS_ALMANAC,0
$T_GPS_CHARGE,-34891.887
$T_RSLEEP,2
$STROBE,0
$RAFOS_PEAK_OFFSET,1.5
$RAFOS_CORR_THRESH,60
$RAFOS_HIT_WINDOW,3600
$PITCH_MIN,255
$PITCH_MAX,3935
$C_PITCH,3053
$PITCH_DBAND,0.0099999998
$PITCH_CNV,0.003125763
$P_OVSHOOT,0.039999999
$PITCH_GAIN,30
$PITCH_TIMEOUT,17
$PITCH_AD_RATE,160
$PITCH_MAXERRORS,1
$PITCH_ADJ_GAIN,0.02
$PITCH_ADJ_DBAND,2.5
$ROLL_MIN,171
$ROLL_MAX,3723
$ROLL_DEG,40
$C_ROLL_DIVE,2033
$C_ROLL_CLIMB,1891
$HEAD_ERRBAND,10
$ROLL_CNV,0.028270001
$ROLL_TIMEOUT,15
$R_PORT_OVSHOOT,68
$R_STBD_OVSHOOT,43
$ROLL_AD_RATE,300
$ROLL_MAXERRORS,2
$ROLL_ADJ_GAIN,0
$ROLL_ADJ_DBAND,0
$VBD_MIN,465
$VBD_MAX,3960
$C_VBD,2140
$VBD_DBAND,2
$VBD_CNV,-0.25119999
$VBD_TIMEOUT,720
$PITCH_VBD_SHIFT,0.0012300001
$VBD_PUMP_AD_RATE_SURFACE,5
$VBD_PUMP_AD_RATE_APOGEE,4
$VBD_BLEED_AD_RATE,8
$UNCOM_BLEED,60
$VBD_MAXERRORS,1
$W_ADJ_DBAND,2
$DBDW,0
$PITCH_W_GAIN,0
$PITCH_W_DBAND,1
$CF8_MAXERRORS,5
$AH0_24V,145
$AH0_10V,95
$MINV_24V,19
$MINV_10V,8
$FG_AHR_10V,0
$FG_AHR_24V,0
$PHONE_SUPPLY,2
$PRESSURE_YINT,-33.008354
$PRESSURE_SLOPE,0.0001165895
$AD7714Ch0Gain,128
$TCM_PITCH_OFFSET,0
$TCM_ROLL_OFFSET,0
$COMPASS_USE,4
$ALTIM_BOTTOM_PING_RANGE,0
$ALTIM_TOP_PING_RANGE,20
$ALTIM_BOTTOM_TURN_MARGIN,25
$ALTIM_TOP_TURN_MARGIN,0
$ALTIM_TOP_MIN_OBSTACLE,1
$ALTIM_PING_DEPTH,120
$ALTIM_PING_DELTA,5
$ALTIM_FREQUENCY,13
$ALTIM_PULSE,3
$ALTIM_SENSITIVITY,3
$XPDR_VALID,5
$XPDR_INHIBIT,90
$INT_PRESSURE_SLOPE,0.0097660003
$INT_PRESSURE_YINT,-0.40000001
$DEEPGLIDER,0
$DEEPGLIDERMB,0
$MOTHERBOARD,4
$DEVICE1,2
$DEVICE2,20
$DEVICE3,-1
$DEVICE4,-1
$DEVICE5,-1
$DEVICE6,-1
$LOGGERS,7
$LOGGERDEVICE1,-1
$LOGGERDEVICE2,-1
$LOGGERDEVICE3,-1
$LOGGERDEVICE4,-1
$COMPASS_DEVICE,33
$COMPASS2_DEVICE,-1
$PHONE_DEVICE,49
$GPS_DEVICE,32
$RAFOS_DEVICE,-1
$XPDR_DEVICE,24
$SIM_W,0
$SIM_PITCH,0
$SEABIRD_T_G,0.0043275012
$SEABIRD_T_H,0.0006214368
$SEABIRD_T_I,2.2085376e-05
$SEABIRD_T_J,2.2233748e-06
$SEABIRD_C_G,-10.084761
$SEABIRD_C_H,1.1595923
$SEABIRD_C_I,-0.0010180317
$SEABIRD_C_J,0.00017345669
$GPS1,100625,230933,4746.129,-12225.022,8,1.7,24,18.2
$_CALLS,2
$_XMS_NAKs,0
$_XMS_TOUTs,0
$_SM_DEPTHo,-6.49
$_SM_ANGLEo,-75.4
$GPS2,100625,231640,4746.053,-12224.993,8,2.0,8,18.2
$SPEED_LIMITS,0.173,0.260
$TGT_NAME,SOUTH_175
$TGT_LATLONG,4742.400,-12225.600
$TGT_RADIUS,200.000
$KALMAN_CONTROL,0.000,0.000
$KALMAN_X,0.0,0.0,0.0,0.0,0.0
$KALMAN_Y,0.0,0.0,0.0,0.0,0.0
$MHEAD_RNG_PITCHd_Wd,186.5,6808,-17.5,-10.000,-21.04,2225
$D_GRID,150
$GCHEAD,st_secs,pitch_ctl,vbd_ctl,pitch_ad_start,roll_ad_start,vbd_pot1_ad_start,vbd_pot2_ad_start,depth,ob_vertv,data_pts,end_secs,pitch_secs,roll_secs,vbd_secs,vbd_i,gcphase,pitch_i,roll_i,pitch_ad,roll_ad,vbd_ad,vbd_pot1_ad,vbd_pot2_ad,pitch_retries,pitch_errors,roll_retries,roll_errors,vbd_retries,vbd_errors,pitch_volts,roll_volts,vbd_volts
$STATE,13,end surface,CONTROL_FINISHED_OK
$STATE,13,begin dive
$GC,15,-0.76,-146.6,244,2038,1239,1042,0.0,0.0,0,72,0.00,0.00,-53.25,0.000,16390,0.000,0.000,244,2039,2724,2807,2642,0,0,0,0,0,0,28.83,28.83,26.44
$GC,75,-0.76,-146.6,244,2038,2807,2644,-2.3,-10.6,5,92,9.95,2.10,0.00,0.000,2564,0.223,0.034,2802,651,2732,2819,2645,0,0,0,0,0,0,25.75,26.10,28.83
$GC,413,-0.65,-146.6,2801,650,2829,2644,41.1,-11.5,37,423,0.12,2.00,0.00,0.000,3078,0.141,0.025,2836,2039,2737,2830,2644,0,0,0,0,0,0,26.17,26.39,28.83
$GC,452,-0.65,-146.6,2836,2039,2832,2644,45.0,-9.7,41,462,0.00,2.10,0.00,0.000,2564,0.000,0.035,2836,629,2738,2832,2644,0,0,0,0,0,0,28.83,26.36,28.83
$GC,615,-0.65,-146.6,2836,629,2832,2644,62.7,-11.1,56,623,0.00,2.08,0.00,0.000,3078,0.000,0.024,2834,2035,2738,2832,2644,0,0,0,0,0,0,28.83,26.46,28.83
$GC,653,-0.65,-146.6,2834,2036,2833,2644,67.2,-10.9,60,654,0.00,0.00,0.00,0.000,2054,0.000,0.000,2834,2036,2738,2833,2644,0,0,0,0,0,0,28.83,28.83,28.83
$GC,683,-0.65,-146.6,2834,2036,2833,2644,70.6,-11.3,63,684,0.00,0.00,0.00,0.000,2054,0.000,0.000,2834,2036,2738,2833,2644,0,0,0,0,0,0,28.83,28.83,28.83
$GC,713,-0.65,-146.6,2834,2036,2833,2644,74.1,-11.6,66,723,0.00,2.05,0.00,0.000,2564,0.000,0.034,2834,653,2738,2833,2644,0,0,0,0,0,0,28.83,26.44,28.83
$GC,738,-0.65,-146.6,2833,653,2833,2643,76.9,-12.0,68,746,0.00,2.03,0.00,0.000,3078,0.000,0.023,2834,2031,2738,2833,2644,0,0,0,0,0,0,28.83,26.48,28.83
$GC,777,-0.65,-146.6,2834,2031,2833,2644,81.6,-11.4,72,778,0.00,0.00,0.00,0.000,2054,0.000,0.000,2834,2031,2738,2833,2644,0,0,0,0,0,0,28.83,28.83,28.83
$GC,807,-0.65,-146.6,2833,2031,2833,2644,85.0,-11.3,75,808,0.00,0.00,0.00,0.000,2054,0.000,0.000,2834,2031,2738,2833,2644,0,0,0,0,0,0,28.83,28.83,28.83
$GC,837,-0.65,-146.6,2834,2031,2833,2644,88.4,-11.2,78,838,0.00,0.00,0.00,0.000,2054,0.000,0.000,2834,2031,2738,2833,2644,0,0,0,0,0,0,28.83,28.83,28.83
$GC,867,-0.65,-146.6,2834,2031,2833,2644,91.7,-11.3,81,868,0.00,0.00,0.00,0.000,2054,0.000,0.000,2834,2031,2738,2833,2644,0,0,0,0,0,0,28.83,28.83,28.83
$GC,897,-0.65,-146.6,2834,2031,2833,2644,95.1,-10.9,84,898,0.00,0.00,0.00,0.000,2054,0.000,0.000,2834,2031,2738,2833,2644,0,0,0,0,0,0,28.83,28.83,28.83
$GC,927,-0.65,-146.6,2834,2031,2833,2644,98.5,-11.5,87,928,0.00,0.00,0.00,0.000,2054,0.000,0.000,2834,2031,2738,2833,2644,0,0,0,0,0,0,28.83,28.83,28.83
$GC,957,-0.65,-146.6,2834,2031,2833,2644,101.9,-11.2,90,958,0.00,0.00,0.00,0.000,2054,0.000,0.000,2834,2031,2739,2834,2644,0,0,0,0,0,0,28.83,28.83,28.83
$GC,987,-0.65,-146.6,2834,2031,2833,2644,105.5,-11.8,93,988,0.00,0.00,0.00,0.000,2054,0.000,0.000,2834,2031,2738,2833,2644,0,0,0,0,0,0,28.83,28.83,28.83
$GC,1017,-0.65,-146.6,2834,2031,2833,2644,108.6,-10.9,96,1018,0.00,0.00,0.00,0.000,2054,0.000,0.000,2834,2031,2738,2833,2644,0,0,0,0,0,0,28.83,28.83,28.83
$GC,1048,-0.65,-146.6,2834,2031,2833,2644,111.6,-10.0,99,1049,0.00,0.00,0.00,0.000,2054,0.000,0.000,2834,2031,2738,2833,2644,0,0,0,0,0,0,28.83,28.83,28.83
$GC,1077,-0.65,-146.6,2834,2031,2833,2644,114.6,-10.1,102,1078,0.00,0.00,0.00,0.000,2054,0.000,0.000,2834,2031,2738,2833,2644,0,0,0,0,0,0,28.83,28.83,28.83
$GC,1107,-0.65,-146.6,2833,2031,2833,2644,117.7,-9.9,105,1108,0.00,0.00,0.00,0.000,2054,0.000,0.000,2834,2031,2738,2833,2644,0,0,0,0,0,0,28.83,28.83,28.83
$GC,1140,-0.65,-146.6,2833,2031,2833,2644,120.8,-10.6,108,1146,0.00,0.00,0.00,0.000,2054,0.000,0.000,2834,2031,2738,2833,2644,0,0,0,0,0,0,28.83,28.83,28.83
$GC,1177,-0.65,-146.6,2834,2031,2833,2644,124.8,-10.0,112,1178,0.00,0.00,0.00,0.000,2054,0.000,0.000,2834,2031,2738,2833,2644,0,0,0,0,0,0,28.83,28.83,28.83
$GC,1207,-0.65,-146.6,2834,2031,2833,2644,127.7,-9.3,115,1208,0.00,0.00,0.00,0.000,2054,0.000,0.000,2834,2031,2738,2833,2644,0,0,0,0,0,0,28.83,28.83,28.83
$GC,1237,-0.65,-146.6,2833,2031,2833,2644,130.4,-9.4,118,1238,0.00,0.00,0.00,0.000,2054,0.000,0.000,2834,2031,2738,2833,2644,0,0,0,0,0,0,28.83,28.83,28.83
$GC,1267,-0.65,-146.6,2834,2031,2833,2644,132.9,-8.6,121,1268,0.00,0.00,0.00,0.000,2054,0.000,0.000,2834,2031,2738,2833,2644,0,0,0,0,0,0,28.83,28.83,28.83
$GC,1297,-0.65,-146.6,2833,2031,2833,2644,135.7,-9.2,124,1298,0.00,0.00,0.00,0.000,2054,0.000,0.000,2834,2031,2739,2834,2644,0,0,0,0,0,0,28.83,28.83,28.83
$GC,1328,-0.65,-146.6,2834,2031,2833,2644,138.4,-9.1,127,1329,0.00,0.00,0.00,0.000,2054,0.000,0.000,2834,2031,2738,2833,2644,0,0,0,0,0,0,28.83,28.83,28.83
$GC,1357,-0.65,-146.6,2833,2031,2833,2644,141.1,-8.7,130,1358,0.00,0.00,0.00,0.000,2054,0.000,0.000,2834,2031,2738,2833,2644,0,0,0,0,0,0,28.83,28.83,28.83
$GC,1387,-0.65,-146.6,2834,2031,2833,2644,143.7,-8.7,133,1388,0.00,0.00,0.00,0.000,2054,0.000,0.000,2834,2031,2738,2833,2644,0,0,0,0,0,0,28.83,28.83,28.83
$GC,1417,-0.65,-146.6,2834,2031,2833,2644,146.2,-8.2,136,1418,0.00,0.00,0.00,0.000,2054,0.000,0.000,2834,2031,2738,2833,2644,0,0,0,0,0,0,28.83,28.83,28.83
$GC,1448,-0.65,-146.6,2834,2031,2833,2644,148.7,-8.4,139,1449,0.00,0.00,0.00,0.000,2054,0.000,0.000,2834,2031,2739,2834,2644,0,0,0,0,0,0,28.83,28.83,28.83
$STATE,1466,end dive,TARGET_DEPTH_EXCEEDED
$STATE,1466,begin apogee
$GC,1471,-0.27,0.0,2833,1816,2834,2644,150.3,-7.8,141,1600,0.38,0.08,117.47,0.581,10246,0.123,0.106,2958,1933,2139,2226,2053,0,0,0,0,0,0,26.36,25.45,24.96
$STATE,1600,end apogee,CONTROL_FINISHED_OK
$STATE,1601,begin climb
$GC,1602,0.76,146.6,2958,1933,2226,2052,153.1,0.0,154,1718,1.00,0.00,111.57,0.561,10246,0.092,0.000,3294,1933,1556,1677,1436,0,0,0,0,0,0,25.53,28.83,24.87
$GC,1748,0.67,146.6,3294,1933,1676,1430,135.5,15.8,169,1750,0.10,0.00,0.00,0.000,4102,0.179,0.000,3274,1934,1552,1676,1429,0,0,0,0,0,0,25.54,28.83,28.83
$GC,1779,0.61,146.6,3273,1934,1676,1428,130.6,16.6,172,1787,0.10,0.00,0.00,0.000,4102,0.171,0.000,3250,1935,1551,1676,1427,0,0,0,0,0,0,25.69,28.83,28.83
$GC,1819,0.61,146.6,3250,1935,1676,1426,125.0,14.0,176,1820,0.00,0.00,0.00,0.000,6,0.000,0.000,3250,1935,1551,1676,1426,0,0,0,0,0,0,28.83,28.83,28.83
$GC,1849,0.61,146.6,3249,1935,1676,1426,121.1,12.7,179,1859,0.00,1.98,0.00,0.000,260,0.000,0.031,3250,3261,1550,1676,1425,0,0,0,0,0,0,28.83,25.96,28.83
$GC,1882,0.61,146.6,3249,3261,1676,1425,116.5,13.3,182,1886,0.00,2.00,0.00,0.000,5126,0.000,0.020,3251,1889,1550,1676,1425,0,0,0,0,0,0,28.83,26.06,28.83
$GC,1925,0.61,146.6,3251,1889,1676,1424,111.2,12.8,186,1926,0.00,0.00,0.00,0.000,4102,0.000,0.000,3251,1888,1550,1676,1424,0,0,0,0,0,0,28.83,28.83,28.83
$GC,1955,0.61,146.6,3251,1888,1676,1424,107.4,12.4,189,1956,0.00,0.00,0.00,0.000,4102,0.000,0.000,3251,1888,1550,1676,1424,0,0,0,0,0,0,28.83,28.83,28.83
$GC,1985,0.61,146.6,3251,1888,1676,1423,103.5,12.8,192,1986,0.00,0.00,0.00,0.000,4102,0.000,0.000,3251,1888,1549,1676,1423,0,0,0,0,0,0,28.83,28.83,28.83
$GC,2014,0.61,146.6,3251,1887,1676,1423,99.5,13.4,195,2016,0.00,0.00,0.00,0.000,4102,0.000,0.000,3251,1887,1550,1677,1423,0,0,0,0,0,0,28.83,28.83,28.83
$GC,2044,0.61,146.6,3251,1887,1676,1423,95.9,12.6,198,2046,0.00,0.00,0.00,0.000,4102,0.000,0.000,3251,1887,1549,1676,1423,0,0,0,0,0,0,28.83,28.83,28.83
$GC,2074,0.61,146.6,3251,1887,1676,1423,92.0,12.6,201,2076,0.00,0.00,0.00,0.000,4102,0.000,0.000,3251,1887,1549,1676,1423,0,0,0,0,0,0,28.83,28.83,28.83
$GC,2105,0.61,146.6,3251,1887,1676,1423,88.7,11.6,204,2106,0.00,0.00,0.00,0.000,4102,0.000,0.000,3251,1887,1549,1676,1423,0,0,0,0,0,0,28.83,28.83,28.83
$GC,2134,0.61,146.6,3251,1887,1676,1423,85.4,10.7,207,2136,0.00,0.00,0.00,0.000,4102,0.000,0.000,3251,1887,1549,1676,1423,0,0,0,0,0,0,28.83,28.83,28.83
$GC,2164,0.61,146.6,3251,1886,1676,1423,82.2,10.8,210,2166,0.00,0.00,0.00,0.000,4102,0.000,0.000,3251,1887,1549,1676,1423,0,0,0,0,0,0,28.83,28.83,28.83
$GC,2194,0.61,146.6,3251,1887,1676,1422,79.1,10.6,213,2196,0.00,0.00,0.00,0.000,4102,0.000,0.000,3251,1887,1549,1676,1423,0,0,0,0,0,0,28.83,28.83,28.83
$GC,2225,0.61,146.6,3251,1887,1676,1422,76.2,9.7,216,2226,0.00,0.00,0.00,0.000,4102,0.000,0.000,3251,1887,1549,1676,1423,0,0,0,0,0,0,28.83,28.83,28.83
$GC,2255,0.61,146.6,3251,1887,1676,1423,73.0,10.5,219,2256,0.00,0.00,0.00,0.000,4102,0.000,0.000,3251,1887,1549,1676,1422,0,0,0,0,0,0,28.83,28.83,28.83
$GC,2284,0.61,146.6,3251,1887,1676,1422,69.8,10.6,222,2286,0.00,0.00,0.00,0.000,4102,0.000,0.000,3251,1887,1549,1676,1422,0,0,0,0,0,0,28.83,28.83,28.83
$GC,2314,0.61,146.6,3251,1887,1676,1423,66.5,10.8,225,2316,0.00,0.00,0.00,0.000,4102,0.000,0.000,3251,1887,1549,1676,1423,0,0,0,0,0,0,28.83,28.83,28.83
$GC,2345,0.61,146.6,3251,1887,1676,1422,62.6,12.5,228,2346,0.00,0.00,0.00,0.000,4102,0.000,0.000,3251,1887,1549,1676,1422,0,0,0,0,0,0,28.83,28.83,28.83
$GC,2375,0.61,146.6,3250,1887,1676,1422,58.5,13.8,231,2376,0.00,0.00,0.00,0.000,4102,0.000,0.000,3251,1887,1549,1676,1422,0,0,0,0,0,0,28.83,28.83,28.83
$GC,2405,0.61,146.6,3251,1886,1676,1422,53.7,15.6,234,2406,0.00,0.00,0.00,0.000,4102,0.000,0.000,3251,1887,1549,1676,1422,0,0,0,0,0,0,28.83,28.83,28.83
$GC,2435,0.61,146.6,3251,1887,1676,1422,49.5,14.1,237,2436,0.00,0.00,0.00,0.000,4102,0.000,0.000,3251,1887,1548,1675,1422,0,0,0,0,0,0,28.83,28.83,28.83
$GC,2465,0.61,146.6,3251,1887,1676,1422,44.7,15.6,240,2466,0.00,0.00,0.00,0.000,4102,0.000,0.000,3251,1887,1549,1676,1422,0,0,0,0,0,0,28.83,28.83,28.83
$GC,2495,0.61,146.6,3251,1887,1676,1422,40.8,13.7,243,2496,0.00,0.00,0.00,0.000,4102,0.000,0.000,3251,1887,1549,1676,1422,0,0,0,0,0,0,28.83,28.83,28.83
$GC,2525,0.61,146.6,3251,1887,1676,1422,36.8,13.1,246,2526,0.00,0.00,0.00,0.000,4102,0.000,0.000,3251,1887,1549,1676,1422,0,0,0,0,0,0,28.83,28.83,28.83
$GC,2555,0.61,146.6,3251,1887,1676,1422,32.9,13.5,249,2564,0.00,2.03,0.00,0.000,4356,0.000,0.031,3251,3267,1549,1676,1422,0,0,0,0,0,0,28.83,26.43,28.83
$GC,2599,0.61,146.6,3251,3267,1676,1422,27.4,12.5,253,2608,0.00,1.98,0.00,0.000,5126,0.000,0.020,3251,1878,1549,1676,1422,0,0,0,0,0,0,28.83,26.48,28.83
$GC,2639,0.61,146.6,3251,1879,1676,1422,22.8,11.3,257,2648,0.00,2.05,0.00,0.000,4612,0.000,0.040,3251,512,1549,1676,1422,0,0,0,0,0,0,28.83,26.41,28.83
$GC,2696,0.61,146.6,3251,511,1674,1422,17.4,9.8,262,2704,0.00,1.98,0.00,0.000,5126,0.000,0.019,3252,1870,1548,1674,1422,0,0,0,0,0,0,28.83,26.51,28.83
$GC,2736,0.61,146.6,3251,1870,1674,1421,14.2,8.2,266,2745,0.00,2.08,0.00,0.000,4356,0.000,0.032,3251,3292,1548,1674,1422,0,0,0,0,0,0,28.83,26.46,28.83
$GC,2782,0.68,210.9,3251,3292,1675,1422,10.9,7.0,270,2842,0.03,2.03,47.45,0.490,11270,0.113,0.019,3273,1880,1298,1429,1167,0,0,0,0,0,0,26.41,26.52,25.45
$GC,2870,0.68,210.9,3273,1879,1429,1164,3.1,8.7,279,2872,0.00,0.00,0.00,0.000,6,0.000,0.000,3273,1880,1296,1428,1164,0,0,0,0,0,0,28.83,28.83,28.83
$STATE,2879,end climb,SURFACE_DEPTH_REACHED
$STATE,2879,begin surface coast
$FINISH,-0.5,1.021331
$STATE,2910,end surface coast,CONTROL_FINISHED_OK
$STATE,2910,begin surface
$SM_CCo,2926,37.58,0.378,1,0,1143,250.20
$SM_GC,-5.17,8.40,0.20,37.58,0.060,0.051,0.378,242,2109,1143,-8.72,-1.50,250.20,0,0,0,0,1,0,26.12,26.20,25.33
$IRIDIUM_FIX,4729.30,-12221.39,070418,121223
$TT8_MAMPS,0.027713,0.027713
$HUMID,40.51
$INTERNAL_PRESSURE,8.45776
$TCM_TEMP,19.50
$XPDR_PINGS,2
$ALTIM_TOP_PING,19.4,8.8
$ALTIM_BOTTOM_PING,120.8,72.2
$24V_AH,24.9,18.824
$10V_AH,10.5,8.252
$FG_AHR_24Vo,0.000
$FG_AHR_10Vo,0.000
$DEVICES,Pitch_motor,Roll_motor,VBD_pump_during_apogee,VBD_pump_during_surface,VBD_valve,Iridium_during_init,Iridium_during_connect,Iridium_during_xfer,Transponder_ping,GUMSTIX_24V,GPS,TT8,LPSleep,TT8_Active,TT8_Sampling,TT8_CF8,TT8_Kalman,Analog_circuits,GPS_charging,Compass,RAFOS,Transponder,Compass2
$DEVICE_SECS,20.075,28.900,276.500,37.575,0.000,49.773,55.175,162.337,1.250,0.000,11.162,829.562,945.326,361.785,1146.076,133.739,0.000,829.952,0.000,550.682,0.000,7.241,0.000
$DEVICE_MAMPS,222.615,106.335,580.635,377.910,0.000,43.600,160.000,223.000,420.000,0.000,28.460,13.960,2.190,13.960,37.930,44.670,0.000,16.000,0.000,15.730,0.000,30.000,0.000
$SENSORS,SBE_CT,SBE_O2,nil,nil,nil,nil,nil,nil,nil,nil
$SENSOR_SECS,190.004,713.961,0.000,0.000,0.000,0.000,0.000,0.000,0.000,0.000
$SENSOR_MAMPS,23.220,4.490,0.000,0.000,0.000,0.000,0.000,0.000,0.000,0.000
$MEM,354500
$DATA_FILE_SIZE,13521,283
$CAP_FILE_SIZE,82340,0
$CFSIZE,260165632,244994048
$ERRORS,0,0,0,0,0,0,0,0,0,0,0,0,0,1,0,0
$CURRENT,0.158,164.4,1
$GPS,110625,000757,4745.446,-12225.066,12,1.9,40,18.2
