version: 66.11
glider: 175
mission: 9
dive: 122
start: 6 4 125 4 16 20
data:
$ID,175
$MISSION,9
$DIVE,122
$N_DIVES,0
$D_SURF,3
$D_FLARE,3
$D_TGT,90
$D_ABORT,1090
$D_NO_BLEED,500
$D_BOOST,3
$T_BOOST,0
$D_FINISH,0
$D_PITCH,0
$D_SAFE,0
$D_CALL,0
$SURFACE_URGENCY,0
$SURFACE_URGENCY_TRY,0
$SURFACE_URGENCY_FORCE,0
$T_DIVE,30
$T_MISSION,45
$T_ABORT,1440
$T_TURN,300
$T_TURN_SAMPINT,5
$T_NO_W,120
$T_LOITER,0
$T_EPIRB,0
$USE_BATHY,0
$USE_ICE,0
$ICE_FREEZE_MARGIN,0.30000001
$D_OFFGRID,100
$T_WATCHDOG,10
$RELAUNCH,1
$APOGEE_PITCH,-8
$MAX_BUOY,150
$COURSE_BIAS,0
$GLIDE_SLOPE,30
$SPEED_FACTOR,1
$RHO,1.023
$MASS,51902
$MASS_COMP,0
$NAV_MODE,2
$FERRY_MAX,45
$KALMAN_USE,2
$HD_A,0.003
$HD_B,0.0099999998
$HD_C,9.9999997e-06
$HEADING,-1
$ESCAPE_HEADING,0
$ESCAPE_HEADING_DELTA,10
$FIX_MISSING_TIMEOUT,0
$TGT_DEFAULT_LAT,4743
$TGT_DEFAULT_LON,-12225
$TGT_AUTO_DEFAULT,0
$SM_CC,250
$N_FILEKB,4
$FILEMGR,0
$CALL_NDIVES,1
$COMM_SEQ,0
$PROTOCOL,9
$N_NOCOMM,1
$NOCOMM_ACTION,0
$N_NOSURFACE,0
$UPLOAD_DIVES_MAX,-1
$CALL_TRIES,5
$CALL_WAIT,60
$CAPUPLOAD,1
$CAPMAXSIZE,200000
$HEAPDBG,0
$T_GPS,15
$N_GPS,30
$T_GPS_ALMANAC,0
$T_GPS_CHARGE,-34626.059
$T_RSLEEP,2
$STROBE,0
$RAFOS_PEAK_OFFSET,1.5
$RAFOS_CORR_THRESH,60
$RAFOS_HIT_WINDOW,3600
$PITCH_MIN,255
$PITCH_MAX,3935
$C_PITCH,3013
$PITCH_DBAND,0.0099999998
$PITCH_CNV,0.003125763
$P_OVSHOOT,0.039999999
$PITCH_GAIN,30
$PITCH_TIMEOUT,17
$PITCH_AD_RATE,160
$PITCH_MAXERRORS,1
$PITCH_ADJ_GAIN,0.02
$PITCH_ADJ_DBAND,2.5
$ROLL_MIN,171
$ROLL_MAX,3723
$ROLL_DEG,40
$C_ROLL_DIVE,2033
$C_ROLL_CLIMB,1891
$HEAD_ERRBAND,10
$ROLL_CNV,0.028270001
$ROLL_TIMEOUT,15
$R_PORT_OVSHOOT,134
$R_STBD_OVSHOOT,61
$ROLL_AD_RATE,300
$ROLL_MAXERRORS,2
$ROLL_ADJ_GAIN,0
$ROLL_ADJ_DBAND,0
$VBD_MIN,465
$VBD_MAX,3960
$C_VBD,2140
$VBD_DBAND,2
$VBD_CNV,-0.25119999
$VBD_TIMEOUT,720
$PITCH_VBD_SHIFT,0.0012300001
$VBD_PUMP_AD_RATE_SURFACE,5
$VBD_PUMP_AD_RATE_APOGEE,4
$VBD_BLEED_AD_RATE,8
$UNCOM_BLEED,60
$VBD_MAXERRORS,1
$W_ADJ_DBAND,2
$DBDW,0
$PITCH_W_GAIN,0
$PITCH_W_DBAND,1
$CF8_MAXERRORS,5
$AH0_24V,145
$AH0_10V,95
$MINV_24V,19
$MINV_10V,8
$FG_AHR_10V,0
$FG_AHR_24V,0
$PHONE_SUPPLY,2
$PRESSURE_YINT,-33.008354
$PRESSURE_SLOPE,0.0001165895
$AD7714Ch0Gain,128
$TCM_PITCH_OFFSET,0
$TCM_ROLL_OFFSET,0
$COMPASS_USE,4
$ALTIM_BOTTOM_PING_RANGE,0
$ALTIM_TOP_PING_RANGE,20
$ALTIM_BOTTOM_TURN_MARGIN,25
$ALTIM_TOP_TURN_MARGIN,0
$ALTIM_TOP_MIN_OBSTACLE,1
$ALTIM_PING_DEPTH,80
$ALTIM_PING_DELTA,5
$ALTIM_FREQUENCY,13
$ALTIM_PULSE,3
$ALTIM_SENSITIVITY,3
$XPDR_VALID,5
$XPDR_INHIBIT,90
$INT_PRESSURE_SLOPE,0.0097660003
$INT_PRESSURE_YINT,-0.40000001
$DEEPGLIDER,0
$DEEPGLIDERMB,0
$MOTHERBOARD,4
$DEVICE1,2
$DEVICE2,20
$DEVICE3,-1
$DEVICE4,-1
$DEVICE5,-1
$DEVICE6,-1
$LOGGERS,7
$LOGGERDEVICE1,-1
$LOGGERDEVICE2,-1
$LOGGERDEVICE3,-1
$LOGGERDEVICE4,-1
$COMPASS_DEVICE,33
$COMPASS2_DEVICE,-1
$PHONE_DEVICE,49
$GPS_DEVICE,32
$RAFOS_DEVICE,-1
$XPDR_DEVICE,24
$SIM_W,0
$SIM_PITCH,0
$SEABIRD_T_G,0.0043275012
$SEABIRD_T_H,0.0006214368
$SEABIRD_T_I,2.2085376e-05
$SEABIRD_T_J,2.2233748e-06
$SEABIRD_C_G,-10.084761
$SEABIRD_C_H,1.1595923
$SEABIRD_C_I,-0.0010180317
$SEABIRD_C_J,0.00017345669
$GPS1,040625,041153,4747.862,-12224.964,12,1.4,12,18.2
$_CALLS,1
$_XMS_NAKs,0
$_XMS_TOUTs,0
$_SM_DEPTHo,-1.13
$_SM_ANGLEo,-71.7
$GPS2,040625,041552,4747.811,-12224.984,9,1.4,14,18.2
$SPEED_LIMITS,0.173,0.260
$TGT_NAME,MID_175W
$TGT_LATLONG,4746.000,-12225.100
$TGT_RADIUS,300.000
$KALMAN_CONTROL,0.000,0.000
$KALMAN_X,0.0,0.0,0.0,0.0,0.0
$KALMAN_Y,0.0,0.0,0.0,0.0,0.0
$MHEAD_RNG_PITCHd_Wd,156.2,3356,-17.5,-10.000,-21.04,2225
$D_GRID,90
$GCHEAD,st_secs,pitch_ctl,vbd_ctl,pitch_ad_start,roll_ad_start,vbd_pot1_ad_start,vbd_pot2_ad_start,depth,ob_vertv,data_pts,end_secs,pitch_secs,roll_secs,vbd_secs,vbd_i,gcphase,pitch_i,roll_i,pitch_ad,roll_ad,vbd_ad,vbd_pot1_ad,vbd_pot2_ad,pitch_retries,pitch_errors,roll_retries,roll_errors,vbd_retries,vbd_errors,pitch_volts,roll_volts,vbd_volts
$STATE,13,end surface,CONTROL_FINISHED_OK
$STATE,13,begin dive
$GC,15,-0.76,-146.6,243,2046,1233,1035,0.0,0.0,0,80,0.00,0.00,-59.15,0.000,16390,0.000,0.000,244,2047,2726,2804,2648,0,0,0,0,0,0,28.83,28.83,26.41
$GC,83,-0.76,-146.6,243,2046,2805,2649,1.9,-7.5,6,101,9.93,2.05,0.00,0.000,2564,0.230,0.034,2762,705,2733,2817,2649,0,0,0,0,0,0,25.81,26.10,28.83
$GC,420,-0.60,-146.6,2762,705,2823,2648,58.5,-14.4,38,430,0.20,1.92,0.00,0.000,3078,0.144,0.024,2816,2048,2736,2824,2648,0,0,0,0,0,0,26.18,26.38,28.83
$GC,460,-0.52,-146.6,2815,2048,2825,2648,63.5,-12.3,42,462,0.10,0.00,0.00,0.000,2054,0.181,0.000,2841,2048,2736,2825,2648,0,0,0,0,0,0,26.27,28.83,28.83
$GC,490,-0.52,-146.6,2841,2048,2826,2648,66.6,-10.3,45,491,0.00,0.00,0.00,0.000,2054,0.000,0.000,2841,2048,2737,2826,2648,0,0,0,0,0,0,28.83,28.83,28.83
$GC,520,-0.52,-146.6,2841,2048,2826,2648,69.2,-8.8,48,521,0.00,0.00,0.00,0.000,2054,0.000,0.000,2841,2048,2737,2826,2648,0,0,0,0,0,0,28.83,28.83,28.83
$GC,550,-0.52,-146.6,2841,2048,2826,2648,71.9,-8.7,51,551,0.00,0.00,0.00,0.000,2054,0.000,0.000,2841,2048,2737,2826,2648,0,0,0,0,0,0,28.83,28.83,28.83
$GC,581,-0.52,-146.6,2841,2048,2826,2648,74.6,-9.3,54,582,0.00,0.00,0.00,0.000,2054,0.000,0.000,2841,2048,2737,2826,2648,0,0,0,0,0,0,28.83,28.83,28.83
$GC,610,-0.52,-146.6,2841,2048,2826,2648,77.3,-9.1,57,620,0.00,2.00,0.00,0.000,2564,0.000,0.034,2841,702,2737,2827,2648,0,0,0,0,0,0,28.83,26.41,28.83
$GC,657,-0.52,-146.6,2841,702,2826,2647,81.7,-9.9,61,666,0.00,1.98,0.00,0.000,3078,0.000,0.024,2838,2041,2737,2826,2648,0,0,0,0,0,0,28.83,26.46,28.83
$GC,697,-0.52,-146.6,2838,2041,2828,2647,85.5,-9.2,65,705,0.00,0.00,0.00,0.000,2054,0.000,0.000,2838,2040,2737,2827,2648,0,0,0,0,0,0,28.83,28.83,28.83
$GC,736,-0.52,-146.6,2838,2041,2827,2647,89.2,-9.2,69,737,0.00,0.00,0.00,0.000,2054,0.000,0.000,2838,2041,2737,2827,2647,0,0,0,0,0,0,28.83,28.83,28.83
$STATE,744,end dive,TARGET_DEPTH_EXCEEDED
$STATE,745,begin apogee
$GC,749,-0.27,0.0,2838,1932,2827,2647,90.1,-9.4,70,876,0.25,0.00,119.43,0.525,10246,0.131,0.000,2920,1929,2138,2223,2054,0,0,0,0,0,0,26.32,28.83,24.94
$STATE,877,end apogee,CONTROL_FINISHED_OK
$STATE,878,begin climb
$GC,879,0.76,146.6,2920,1929,2222,2053,94.4,0.0,83,999,1.00,2.15,111.60,0.507,10500,0.102,0.033,3250,3289,1554,1675,1434,0,0,0,0,0,0,25.46,25.38,24.86
$GC,1039,0.76,146.6,3250,3289,1674,1430,79.3,11.5,99,1043,0.00,2.03,0.00,0.000,3078,0.000,0.019,3251,1908,1552,1675,1430,0,0,0,0,0,0,28.83,25.72,28.83
$GC,1080,0.76,146.6,3251,1907,1674,1428,74.9,10.4,103,1090,0.00,2.15,0.00,0.000,2564,0.000,0.040,3251,512,1551,1674,1428,0,0,0,0,0,0,28.83,25.80,28.83
$GC,1126,0.76,146.6,3251,511,1672,1427,70.3,10.6,107,1135,0.00,2.05,0.00,0.000,3078,0.000,0.019,3251,1894,1550,1672,1428,0,0,0,0,0,0,28.83,25.98,28.83
$GC,1164,0.76,146.6,3251,1894,1671,1427,66.0,10.9,111,1174,0.00,2.08,0.00,0.000,2308,0.000,0.033,3251,3286,1549,1671,1427,0,0,0,0,0,0,28.83,26.01,28.83
$GC,1208,0.76,146.6,3251,3286,1671,1427,60.8,12.0,115,1217,0.00,2.03,0.00,0.000,3078,0.000,0.020,3251,1883,1548,1671,1426,0,0,0,0,0,0,28.83,26.10,28.83
$GC,1248,0.76,146.6,3251,1882,1671,1426,56.3,11.3,119,1258,0.00,2.10,0.00,0.000,2564,0.000,0.041,3252,511,1548,1671,1426,0,0,0,0,0,0,28.83,26.08,28.83
$GC,1293,0.76,146.6,3251,512,1670,1426,51.7,10.7,123,1302,0.00,2.03,0.00,0.000,3078,0.000,0.019,3251,1890,1547,1669,1426,0,0,0,0,0,0,28.83,26.20,28.83
$GC,1332,0.76,146.6,3251,1890,1669,1426,47.3,10.8,127,1342,0.00,2.08,0.00,0.000,2308,0.000,0.033,3251,3284,1547,1669,1426,0,0,0,0,0,0,28.83,26.20,28.83
$GC,1388,0.76,146.6,3251,3284,1669,1426,40.7,12.6,132,1397,0.00,2.05,0.00,0.000,3078,0.000,0.020,3251,1890,1547,1669,1426,0,0,0,0,0,0,28.83,26.28,28.83
$GC,1427,0.76,146.6,3251,1890,1669,1426,36.0,11.7,136,1428,0.00,0.00,0.00,0.000,2054,0.000,0.000,3251,1890,1547,1669,1426,0,0,0,0,0,0,28.83,28.83,28.83
$GC,1456,0.76,146.6,3251,1890,1669,1426,32.6,11.3,139,1458,0.00,0.00,0.00,0.000,2054,0.000,0.000,3251,1890,1547,1669,1426,0,0,0,0,0,0,28.83,28.83,28.83
$GC,1487,0.76,146.6,3251,1889,1669,1426,29.1,11.6,142,1488,0.00,0.00,0.00,0.000,2054,0.000,0.000,3251,1890,1547,1669,1426,0,0,0,0,0,0,28.83,28.83,28.83
$GC,1516,0.76,146.6,3251,1890,1669,1426,25.7,11.4,145,1518,0.00,0.00,0.00,0.000,2054,0.000,0.000,3251,1890,1547,1669,1426,0,0,0,0,0,0,28.83,28.83,28.83
$GC,1547,0.76,146.6,3251,1890,1669,1426,22.6,10.7,148,1548,0.00,0.00,0.00,0.000,2054,0.000,0.000,3251,1890,1547,1669,1426,0,0,0,0,0,0,28.83,28.83,28.83
$GC,1577,0.76,146.6,3251,1890,1669,1426,19.3,10.7,151,1579,0.00,0.00,0.00,0.000,2054,0.000,0.000,3252,1890,1547,1669,1425,0,0,0,0,0,0,28.83,28.83,28.83
$GC,1607,0.76,146.6,3251,1890,1669,1425,16.3,10.3,154,1616,0.00,2.05,0.00,0.000,2308,0.000,0.031,3251,3285,1547,1669,1426,0,0,0,0,0,0,28.83,26.36,28.83
$GC,1631,0.76,146.6,3251,3285,1669,1425,13.9,9.8,156,1640,0.00,2.05,0.00,0.000,3078,0.000,0.019,3252,1880,1547,1669,1425,0,0,0,0,0,0,28.83,26.40,28.83
$GC,1670,0.76,146.6,3251,1880,1669,1425,9.8,10.2,160,1671,0.00,0.00,0.00,0.000,2054,0.000,0.000,3251,1880,1547,1669,1425,0,0,0,0,0,0,28.83,28.83,28.83
$GC,1700,0.76,146.6,3251,1880,1669,1425,6.8,9.9,163,1701,0.00,0.00,0.00,0.000,2054,0.000,0.000,3252,1880,1546,1668,1425,0,0,0,0,0,0,28.83,28.83,28.83
$GC,1730,0.76,146.6,3251,1880,1669,1425,3.9,9.7,166,1731,0.00,0.00,0.00,0.000,2054,0.000,0.000,3251,1880,1547,1669,1425,0,0,0,0,0,0,28.83,28.83,28.83
$STATE,1738,end climb,SURFACE_DEPTH_REACHED
$STATE,1738,begin surface coast
$FINISH,0.3,1.022120
$STATE,1770,end surface coast,CONTROL_FINISHED_OK
$STATE,1770,begin surface
$SM_CCo,1786,78.50,0.424,1,0,1143,250.20
$SM_GC,-1.17,8.25,0.20,78.50,0.061,0.053,0.424,240,2109,1143,-8.59,-1.53,250.20,0,0,0,0,1,0,26.41,26.48,25.25
$IRIDIUM_FIX,4729.30,-12221.39,310318,171726
$TT8_MAMPS,0.027713,0.027713
$HUMID,40.07
$INTERNAL_PRESSURE,8.448
$TCM_TEMP,19.60
$XPDR_PINGS,0
$ALTIM_TOP_PING,19.3,20.7
$24V_AH,24.9,8.240
$10V_AH,10.6,3.253
$FG_AHR_24Vo,0.000
$FG_AHR_10Vo,0.000
$DEVICES,Pitch_motor,Roll_motor,VBD_pump_during_apogee,VBD_pump_during_surface,VBD_valve,Iridium_during_init,Iridium_during_connect,Iridium_during_xfer,Transponder_ping,GUMSTIX_24V,GPS,TT8,LPSleep,TT8_Active,TT8_Sampling,TT8_CF8,TT8_Kalman,Analog_circuits,GPS_charging,Compass,RAFOS,Transponder,Compass2
$DEVICE_SECS,19.725,33.050,231.025,78.500,0.000,25.378,17.313,113.675,1.000,0.000,16.587,489.533,477.091,350.803,762.868,51.849,0.000,708.738,0.000,395.663,0.000,7.282,0.000
$DEVICE_MAMPS,229.500,100.980,524.790,423.810,0.000,43.600,160.000,223.000,420.000,0.000,28.460,13.960,2.190,13.960,37.930,44.670,0.000,16.000,0.000,15.730,0.000,30.000,0.000
$SENSORS,SBE_CT,SBE_O2,nil,nil,nil,nil,nil,nil,nil,nil
$SENSOR_SECS,112.297,424.404,0.000,0.000,0.000,0.000,0.000,0.000,0.000,0.000
$SENSOR_MAMPS,23.220,4.490,0.000,0.000,0.000,0.000,0.000,0.000,0.000,0.000
$MEM,354508
$DATA_FILE_SIZE,6910,170
$CAP_FILE_SIZE,50719,0
$CFSIZE,260165632,251990016
$ERRORS,0,0,0,0,0,0,0,0,0,0,0,0,0,1,0,0
$CURRENT,0.201,187.7,1
$GPS,040625,044817,4747.402,-12224.938,11,1.8,11,18.2
