version: 66.11
glider: 175
mission: 9
dive: 46
start: 6 1 125 8 44 21
data:
$ID,175
$MISSION,9
$DIVE,46
$N_DIVES,0
$D_SURF,3
$D_FLARE,3
$D_TGT,210
$D_ABORT,1090
$D_NO_BLEED,500
$D_BOOST,3
$T_BOOST,0
$D_FINISH,0
$D_PITCH,0
$D_SAFE,0
$D_CALL,0
$SURFACE_URGENCY,0
$SURFACE_URGENCY_TRY,0
$SURFACE_URGENCY_FORCE,0
$T_DIVE,70
$T_MISSION,85
$T_ABORT,1440
$T_TURN,300
$T_TURN_SAMPINT,5
$T_NO_W,120
$T_LOITER,0
$T_EPIRB,0
$USE_BATHY,0
$USE_ICE,0
$ICE_FREEZE_MARGIN,0.30000001
$D_OFFGRID,100
$T_WATCHDOG,10
$RELAUNCH,1
$APOGEE_PITCH,-8
$MAX_BUOY,150
$COURSE_BIAS,0
$GLIDE_SLOPE,30
$SPEED_FACTOR,1
$RHO,1.023
$MASS,51682
$MASS_COMP,0
$NAV_MODE,2
$FERRY_MAX,45
$KALMAN_USE,2
$HD_A,0.003
$HD_B,0.0099999998
$HD_C,9.9999997e-06
$HEADING,-1
$ESCAPE_HEADING,0
$ESCAPE_HEADING_DELTA,10
$FIX_MISSING_TIMEOUT,0
$TGT_DEFAULT_LAT,4743
$TGT_DEFAULT_LON,-12225
$TGT_AUTO_DEFAULT,0
$SM_CC,494.91199
$N_FILEKB,4
$FILEMGR,0
$CALL_NDIVES,1
$COMM_SEQ,0
$PROTOCOL,9
$N_NOCOMM,1
$NOCOMM_ACTION,0
$N_NOSURFACE,0
$UPLOAD_DIVES_MAX,-1
$CALL_TRIES,5
$CALL_WAIT,60
$CAPUPLOAD,1
$CAPMAXSIZE,200000
$HEAPDBG,0
$T_GPS,15
$N_GPS,30
$T_GPS_ALMANAC,0
$T_GPS_CHARGE,-34528.527
$T_RSLEEP,2
$STROBE,0
$RAFOS_PEAK_OFFSET,1.5
$RAFOS_CORR_THRESH,60
$RAFOS_HIT_WINDOW,3600
$PITCH_MIN,255
$PITCH_MAX,3935
$C_PITCH,3013
$PITCH_DBAND,0.0099999998
$PITCH_CNV,0.003125763
$P_OVSHOOT,0.039999999
$PITCH_GAIN,30
$PITCH_TIMEOUT,17
$PITCH_AD_RATE,160
$PITCH_MAXERRORS,1
$PITCH_ADJ_GAIN,0.02
$PITCH_ADJ_DBAND,2.5
$ROLL_MIN,171
$ROLL_MAX,3723
$ROLL_DEG,40
$C_ROLL_DIVE,2033
$C_ROLL_CLIMB,1891
$HEAD_ERRBAND,10
$ROLL_CNV,0.028270001
$ROLL_TIMEOUT,15
$R_PORT_OVSHOOT,62
$R_STBD_OVSHOOT,62
$ROLL_AD_RATE,300
$ROLL_MAXERRORS,2
$ROLL_ADJ_GAIN,0
$ROLL_ADJ_DBAND,0
$VBD_MIN,465
$VBD_MAX,3960
$C_VBD,2275
$VBD_DBAND,2
$VBD_CNV,-0.25119999
$VBD_TIMEOUT,720
$PITCH_VBD_SHIFT,0.0012300001
$VBD_PUMP_AD_RATE_SURFACE,5
$VBD_PUMP_AD_RATE_APOGEE,4
$VBD_BLEED_AD_RATE,8
$UNCOM_BLEED,60
$VBD_MAXERRORS,1
$W_ADJ_DBAND,2
$DBDW,0
$PITCH_W_GAIN,0
$PITCH_W_DBAND,1
$CF8_MAXERRORS,5
$AH0_24V,145
$AH0_10V,95
$MINV_24V,19
$MINV_10V,8
$FG_AHR_10V,0
$FG_AHR_24V,0
$PHONE_SUPPLY,2
$PRESSURE_YINT,-33.008354
$PRESSURE_SLOPE,0.0001165895
$AD7714Ch0Gain,128
$TCM_PITCH_OFFSET,0
$TCM_ROLL_OFFSET,0
$COMPASS_USE,4
$ALTIM_BOTTOM_PING_RANGE,0
$ALTIM_TOP_PING_RANGE,20
$ALTIM_BOTTOM_TURN_MARGIN,25
$ALTIM_TOP_TURN_MARGIN,0
$ALTIM_TOP_MIN_OBSTACLE,1
$ALTIM_PING_DEPTH,100
$ALTIM_PING_DELTA,5
$ALTIM_FREQUENCY,13
$ALTIM_PULSE,3
$ALTIM_SENSITIVITY,3
$XPDR_VALID,5
$XPDR_INHIBIT,90
$INT_PRESSURE_SLOPE,0.0097660003
$INT_PRESSURE_YINT,-0.40000001
$DEEPGLIDER,0
$DEEPGLIDERMB,0
$MOTHERBOARD,4
$DEVICE1,2
$DEVICE2,20
$DEVICE3,-1
$DEVICE4,-1
$DEVICE5,-1
$DEVICE6,-1
$LOGGERS,7
$LOGGERDEVICE1,-1
$LOGGERDEVICE2,-1
$LOGGERDEVICE3,-1
$LOGGERDEVICE4,-1
$COMPASS_DEVICE,33
$COMPASS2_DEVICE,-1
$PHONE_DEVICE,49
$GPS_DEVICE,32
$RAFOS_DEVICE,-1
$XPDR_DEVICE,24
$SIM_W,0
$SIM_PITCH,0
$SEABIRD_T_G,0.0043275012
$SEABIRD_T_H,0.0006214368
$SEABIRD_T_I,2.2085376e-05
$SEABIRD_T_J,2.2233748e-06
$SEABIRD_C_G,-10.084761
$SEABIRD_C_H,1.1595923
$SEABIRD_C_I,-0.0010180317
$SEABIRD_C_J,0.00017345669
$GPS1,010625,083827,4743.913,-12225.065,13,0.8,41,18.2
$_CALLS,1
$_XMS_NAKs,0
$_XMS_TOUTs,0
$_SM_DEPTHo,0.41
$_SM_ANGLEo,-72.9
$GPS2,010625,084353,4743.952,-12225.026,15,1.2,15,18.2
$SPEED_LIMITS,0.173,0.260
$TGT_NAME,MID_175E
$TGT_LATLONG,4746.000,-12224.600
$TGT_RADIUS,300.000
$KALMAN_CONTROL,0.000,0.000
$KALMAN_X,0.0,0.0,0.0,0.0,0.0
$KALMAN_Y,0.0,0.0,0.0,0.0,0.0
$MHEAD_RNG_PITCHd_Wd,351.9,3830,-17.5,-10.000,-21.04,2225
$D_GRID,210
$GCHEAD,st_secs,pitch_ctl,vbd_ctl,pitch_ad_start,roll_ad_start,vbd_pot1_ad_start,vbd_pot2_ad_start,depth,ob_vertv,data_pts,end_secs,pitch_secs,roll_secs,vbd_secs,vbd_i,gcphase,pitch_i,roll_i,pitch_ad,roll_ad,vbd_ad,vbd_pot1_ad,vbd_pot2_ad,pitch_retries,pitch_errors,roll_retries,roll_errors,vbd_retries,vbd_errors,pitch_volts,roll_volts,vbd_volts
$STATE,13,end surface,CONTROL_FINISHED_OK
$STATE,13,begin dive
$GC,15,-0.76,-146.6,242,2097,502,429,0.0,0.0,0,100,0.00,0.00,-83.18,0.000,16386,0.000,0.000,242,2098,2762,2844,2681,0,0,0,0,0,0,28.83,28.83,28.83
$GC,103,-0.76,-146.6,242,2097,2844,2683,3.6,-7.7,8,123,9.68,1.98,-1.98,0.000,18692,0.220,0.046,2749,3431,2864,2962,2766,0,0,0,0,0,0,25.84,26.10,26.33
$GC,358,-0.66,-146.6,2748,3432,2975,2768,55.2,-17.2,32,367,0.12,2.05,0.00,0.000,3078,0.143,0.020,2789,2010,2871,2974,2768,0,0,0,0,0,0,26.17,26.35,28.83
$GC,397,-0.60,-146.6,2789,2007,2975,2767,61.5,-15.4,36,407,0.10,2.00,0.00,0.000,2564,0.176,0.033,2815,655,2870,2974,2767,0,0,0,0,0,0,26.25,26.32,28.83
$GC,420,-0.60,-146.6,2815,655,2974,2767,64.7,-14.5,38,430,0.00,2.00,0.00,0.000,3078,0.000,0.025,2815,2034,2870,2974,2767,0,0,0,0,0,0,28.83,26.35,28.83
$GC,460,-0.60,-146.6,2815,2033,2975,2767,69.7,-12.4,42,469,0.00,2.05,0.00,0.000,2308,0.000,0.038,2808,3428,2871,2975,2767,0,0,0,0,0,0,28.83,26.34,28.83
$GC,524,-0.60,-146.6,2808,3428,2975,2767,77.4,-11.3,48,533,0.00,1.95,0.00,0.000,3078,0.000,0.018,2808,2036,2871,2975,2767,0,0,0,0,0,0,28.83,26.43,28.83
$GC,564,-0.60,-146.6,2808,2035,2975,2767,82.5,-13.1,52,573,0.00,2.05,0.00,0.000,2564,0.000,0.034,2808,654,2870,2975,2766,0,0,0,0,0,0,28.83,26.39,28.83
$GC,649,-0.60,-146.6,2808,654,2974,2766,93.7,-13.8,60,659,0.00,2.00,0.00,0.000,3078,0.000,0.025,2808,2035,2870,2974,2766,0,0,0,0,0,0,28.83,26.45,28.83
$GC,689,-0.60,-146.6,2807,2036,2975,2767,99.5,-14.6,64,702,0.00,2.08,0.00,0.000,2308,0.000,0.038,2807,3442,2870,2975,2766,0,0,0,0,0,0,28.83,26.42,28.83
$GC,748,-0.60,-146.6,2807,3442,2975,2766,107.5,-13.8,69,759,0.00,1.98,0.00,0.000,3078,0.000,0.019,2807,2036,2870,2975,2766,0,0,0,0,0,0,28.83,26.50,28.83
$GC,788,-0.60,-146.6,2807,2035,2975,2766,112.9,-13.2,73,799,0.00,2.05,0.00,0.000,2564,0.000,0.035,2807,654,2870,2975,2766,0,0,0,0,0,0,28.83,26.46,28.83
$GC,857,-0.60,-146.6,2807,654,2974,2766,121.9,-13.2,79,865,0.00,2.03,0.00,0.000,3078,0.000,0.024,2807,2031,2870,2975,2766,0,0,0,0,0,0,28.83,26.50,28.83
$GC,895,-0.60,-146.6,2807,2030,2975,2766,127.0,-12.7,83,905,0.00,2.08,0.00,0.000,2308,0.000,0.040,2807,3435,2870,2975,2766,0,0,0,0,0,0,28.83,26.46,28.83
$GC,975,-0.60,-146.6,2807,3435,2975,2766,137.9,-13.4,90,984,0.00,2.00,0.00,0.000,3078,0.000,0.018,2807,2035,2870,2975,2766,0,0,0,0,0,0,28.83,26.55,28.83
$GC,1015,-0.60,-146.6,2807,2033,2975,2766,143.0,-12.4,94,1016,0.00,0.00,0.00,0.000,2054,0.000,0.000,2807,2033,2870,2975,2766,0,0,0,0,0,0,28.83,28.83,28.83
$GC,1044,-0.60,-146.6,2807,2033,2975,2766,146.6,-12.2,97,1045,0.00,0.00,0.00,0.000,2054,0.000,0.000,2807,2033,2870,2975,2766,0,0,0,0,0,0,28.83,28.83,28.83
$GC,1074,-0.60,-146.6,2807,2033,2975,2766,150.1,-11.5,100,1083,0.00,2.03,0.00,0.000,2564,0.000,0.034,2807,659,2870,2975,2766,0,0,0,0,0,0,28.83,26.51,28.83
$GC,1107,-0.60,-146.6,2807,659,2975,2766,154.1,-12.0,103,1116,0.00,1.98,0.00,0.000,3078,0.000,0.025,2807,2033,2870,2974,2766,0,0,0,0,0,0,28.83,26.54,28.83
$GC,1147,-0.60,-146.6,2807,2033,2975,2766,158.5,-11.0,107,1156,0.00,2.08,0.00,0.000,2308,0.000,0.038,2807,3430,2870,2974,2766,0,0,0,0,0,0,28.83,26.52,28.83
$GC,1213,-0.60,-146.6,2807,3430,2975,2765,164.7,-9.2,113,1222,0.00,2.00,0.00,0.000,3078,0.000,0.018,2807,2020,2870,2975,2766,0,0,0,0,0,0,28.83,26.60,28.83
$GC,1252,-0.60,-146.6,2807,2019,2975,2766,167.8,-7.4,117,1262,0.00,1.98,0.00,0.000,2564,0.000,0.032,2807,667,2870,2975,2766,0,0,0,0,0,0,28.83,26.55,28.83
$GC,1285,-0.60,-146.6,2807,667,2975,2766,171.2,-9.5,120,1295,0.00,1.98,0.00,0.000,3078,0.000,0.026,2807,2035,2870,2975,2765,0,0,0,0,0,0,28.83,26.56,28.83
$GC,1326,-0.60,-146.6,2807,2035,2974,2765,174.4,-7.9,124,1335,0.00,2.05,0.00,0.000,2308,0.000,0.039,2807,3433,2870,2974,2766,0,0,0,0,0,0,28.83,26.54,28.83
$GC,1360,-0.60,-146.6,2807,3433,2975,2766,177.4,-8.6,127,1369,0.00,1.98,0.00,0.000,3078,0.000,0.018,2808,2040,2870,2975,2766,0,0,0,0,0,0,28.83,26.61,28.83
$GC,1399,-0.60,-146.6,2807,2039,2975,2765,181.0,-8.9,131,1409,0.00,2.03,0.00,0.000,2564,0.000,0.034,2807,664,2870,2975,2765,0,0,0,0,0,0,28.83,26.55,28.83
$STATE,1432,end dive,BOTTOM_OBSTACLE_DETECTED
$STATE,1432,begin apogee
$GC,1437,-0.27,0.0,2807,1905,2975,2765,184.5,-10.3,134,1563,0.35,0.00,117.18,0.589,10246,0.132,0.000,2921,1905,2274,2361,2187,0,0,0,0,0,0,26.44,28.83,24.88
$STATE,1565,end apogee,CONTROL_FINISHED_OK
$STATE,1565,begin climb
$GC,1566,0.76,146.6,2921,1905,2361,2186,189.8,0.0,147,1686,0.98,2.22,112.10,0.571,10756,0.092,0.040,3254,531,1690,1808,1573,0,0,0,0,0,0,25.45,25.30,24.75
$GC,1726,0.70,146.6,3253,531,1801,1572,175.1,13.4,163,1730,0.03,2.03,0.00,0.000,5126,0.246,0.019,3245,1909,1686,1800,1572,0,0,0,0,0,0,25.58,25.70,28.83
$GC,1768,0.70,146.6,3245,1909,1800,1570,169.2,13.7,167,1769,0.00,0.00,0.00,0.000,4102,0.000,0.000,3245,1909,1685,1800,1571,0,0,0,0,0,0,28.83,28.83,28.83
$GC,1798,0.70,146.6,3245,1909,1800,1570,165.0,14.0,170,1800,0.00,0.00,0.00,0.000,4102,0.000,0.000,3245,1910,1685,1800,1570,0,0,0,0,0,0,28.83,28.83,28.83
$GC,1828,0.70,146.6,3245,1909,1800,1569,161.3,12.7,173,1829,0.00,0.00,0.00,0.000,4102,0.000,0.000,3245,1909,1684,1800,1569,0,0,0,0,0,0,28.83,28.83,28.83
$GC,1858,0.70,146.6,3245,1909,1800,1569,157.8,11.8,176,1859,0.00,0.00,0.00,0.000,4102,0.000,0.000,3245,1909,1684,1800,1569,0,0,0,0,0,0,28.83,28.83,28.83
$GC,1888,0.70,146.6,3245,1909,1800,1569,155.0,9.6,179,1889,0.00,0.00,0.00,0.000,4102,0.000,0.000,3245,1910,1684,1800,1569,0,0,0,0,0,0,28.83,28.83,28.83
$GC,1918,0.70,146.6,3245,1909,1800,1569,152.4,8.6,182,1920,0.00,0.00,0.00,0.000,4102,0.000,0.000,3245,1909,1684,1800,1569,0,0,0,0,0,0,28.83,28.83,28.83
$GC,1948,0.65,146.6,3245,1909,1799,1569,149.7,9.3,185,1950,0.10,0.00,0.00,0.000,4102,0.184,0.000,3221,1911,1684,1800,1569,0,0,0,0,0,0,26.04,28.83,28.83
$GC,1978,0.71,194.8,3221,1911,1800,1568,147.4,7.8,188,2019,0.00,2.12,36.03,0.544,10500,0.000,0.033,3221,3275,1499,1626,1372,0,0,0,0,0,0,28.83,25.77,25.23
$GC,2053,0.71,194.8,3221,3275,1626,1368,140.5,10.5,195,2063,0.00,2.00,0.00,0.000,3078,0.000,0.022,3224,1907,1497,1626,1368,0,0,0,0,0,0,28.83,25.93,28.83
$GC,2093,0.71,194.8,3224,1905,1626,1367,136.6,9.9,199,2103,0.00,2.05,0.00,0.000,2308,0.000,0.034,3224,3275,1496,1626,1366,0,0,0,0,0,0,28.83,25.99,28.83
$GC,2115,0.71,194.8,3224,3275,1626,1366,134.5,9.1,201,2126,0.00,2.03,0.00,0.000,3078,0.000,0.021,3225,1878,1496,1626,1366,0,0,0,0,0,0,28.83,26.06,28.83
$GC,2156,0.71,194.8,3225,1878,1626,1365,131.3,8.4,205,2157,0.00,0.00,0.00,0.000,2054,0.000,0.000,3225,1878,1495,1626,1365,0,0,0,0,0,0,28.83,28.83,28.83
$GC,2186,0.78,253.9,3225,1877,1626,1365,129.0,7.3,208,2236,0.12,0.00,44.42,0.534,10246,0.096,0.000,3270,1876,1262,1399,1126,0,0,0,0,0,0,26.13,28.83,25.15
$GC,2265,0.78,253.9,3269,1876,1399,1121,120.2,12.3,216,2267,0.00,0.00,0.00,0.000,4102,0.000,0.000,3270,1876,1260,1399,1121,0,0,0,0,0,0,28.83,28.83,28.83
$GC,2295,0.78,253.9,3269,1876,1398,1119,116.5,12.1,219,2297,0.00,0.00,0.00,0.000,4102,0.000,0.000,3270,1876,1258,1398,1119,0,0,0,0,0,0,28.83,28.83,28.83
$GC,2326,0.78,253.9,3270,1876,1398,1118,112.8,12.7,222,2327,0.00,0.00,0.00,0.000,4102,0.000,0.000,3270,1876,1258,1398,1118,0,0,0,0,0,0,28.83,28.83,28.83
$GC,2355,0.78,253.9,3270,1876,1397,1117,109.2,12.1,225,2366,0.00,2.10,0.00,0.000,4356,0.000,0.034,3270,3276,1257,1397,1117,0,0,0,0,0,0,28.83,26.03,28.83
$GC,2378,0.78,253.9,3270,3276,1397,1116,106.2,12.3,227,2388,0.00,2.00,0.00,0.000,5126,0.000,0.020,3277,1888,1257,1397,1117,0,0,0,0,0,0,28.83,26.10,28.83
$GC,2418,0.78,253.9,3277,1887,1397,1116,100.6,14.3,231,2420,0.00,0.00,0.00,0.000,4102,0.000,0.000,3277,1886,1256,1397,1116,0,0,0,0,0,0,28.83,28.83,28.83
$GC,2449,0.78,253.9,3277,1886,1397,1116,96.3,14.1,234,2458,0.00,2.05,0.00,0.000,4356,0.000,0.034,3277,3276,1256,1397,1116,0,0,0,0,0,0,28.83,26.15,28.83
$GC,2712,0.78,253.9,3277,3276,1397,1116,53.2,14.3,259,2722,0.00,2.00,0.00,0.000,5126,0.000,0.021,3278,1879,1256,1397,1116,0,0,0,0,0,0,28.83,26.38,28.83
$GC,2753,0.78,253.9,3277,1879,1397,1116,47.9,13.4,263,2762,0.00,2.08,0.00,0.000,4356,0.000,0.032,3278,3288,1256,1397,1116,0,0,0,0,0,0,28.83,26.37,28.83
$GC,2934,0.78,253.9,3277,3288,1397,1116,22.7,13.2,280,2943,0.00,2.05,0.00,0.000,5126,0.000,0.021,3278,1884,1256,1397,1116,0,0,0,0,0,0,28.83,26.47,28.83
$GC,2973,0.78,253.9,3277,1882,1397,1115,17.6,12.9,284,2974,0.00,0.00,0.00,0.000,4102,0.000,0.000,3278,1883,1256,1397,1116,0,0,0,0,0,0,28.83,28.83,28.83
$GC,3003,0.78,253.9,3277,1882,1397,1115,14.2,11.4,287,3004,0.00,0.00,0.00,0.000,4102,0.000,0.000,3278,1882,1256,1397,1115,0,0,0,0,0,0,28.83,28.83,28.83
$GC,3033,0.78,253.9,3277,1882,1397,1115,10.6,11.8,290,3035,0.00,0.00,0.00,0.000,4102,0.000,0.000,3278,1883,1256,1397,1115,0,0,0,0,0,0,28.83,28.83,28.83
$GC,3063,0.78,253.9,3277,1882,1397,1115,7.0,12.0,293,3064,0.00,0.00,0.00,0.000,4102,0.000,0.000,3278,1882,1256,1397,1115,0,0,0,0,0,0,28.83,28.83,28.83
$GC,3093,0.78,253.9,3278,1882,1397,1115,3.2,12.5,296,3094,0.00,0.00,0.00,0.000,4102,0.000,0.000,3277,1882,1255,1396,1115,0,0,0,0,0,0,28.83,28.83,28.83
$STATE,3103,end climb,SURFACE_DEPTH_REACHED
$STATE,3103,begin surface coast
$FINISH,-0.4,1.002385
$STATE,3123,end surface coast,CONTROL_FINISHED_OK
$STATE,3123,begin surface
$SM_CCo,3138,140.57,0.446,1,0,464,454.67
$SM_CCo,3286,0.00,0.000,0,0,465,454.67
$SM_CCo,3288,-0.03,0.000,0,0,464,454.67
$SM_GC,0.38,8.10,0.17,-0.03,0.048,0.057,0.000,242,2104,464,-8.59,-1.92,454.67,0,0,0,0,0,0,26.47,26.54,25.36
$IRIDIUM_FIX,4726.11,-12229.50,280318,202034
$TT8_MAMPS,0.029211,0.029211
$HUMID,38.93
$INTERNAL_PRESSURE,8.37963
$TCM_TEMP,19.50
$XPDR_PINGS,0
$ALTIM_TOP_PING,18.8,17.7
$ALTIM_BOTTOM_PING,136.2,72.5
$24V_AH,24.7,3.638
$10V_AH,10.6,1.211
$FG_AHR_24Vo,0.000
$FG_AHR_10Vo,0.000
$DEVICES,Pitch_motor,Roll_motor,VBD_pump_during_apogee,VBD_pump_during_surface,VBD_valve,Iridium_during_init,Iridium_during_connect,Iridium_during_xfer,Transponder_ping,GUMSTIX_24V,GPS,TT8,LPSleep,TT8_Active,TT8_Sampling,TT8_CF8,TT8_Kalman,Analog_circuits,GPS_charging,Compass,RAFOS,Transponder,Compass2
$DEVICE_SECS,19.575,73.075,309.725,140.575,0.000,25.619,20.826,188.566,2.500,0.000,18.241,825.148,879.526,566.093,1294.082,67.857,0.000,1158.084,0.000,697.872,0.000,18.226,0.000
$DEVICE_MAMPS,246.330,57.375,589.050,445.995,0.000,43.600,160.000,223.000,420.000,0.000,28.460,13.960,2.190,13.960,37.930,44.670,0.000,16.000,0.000,15.730,0.000,30.000,0.000
$SENSORS,SBE_CT,SBE_O2,nil,nil,nil,nil,nil,nil,nil,nil
$SENSOR_SECS,198.355,739.585,0.000,0.000,0.000,0.000,0.000,0.000,0.000,0.000
$SENSOR_MAMPS,23.220,4.490,0.000,0.000,0.000,0.000,0.000,0.000,0.000,0.000
$MEM,354504
$DATA_FILE_SIZE,13501,299
$CAP_FILE_SIZE,85931,0
$CFSIZE,260165632,254767104
$ERRORS,0,0,0,0,0,0,0,0,0,0,0,0,0,1,0,0
$CURRENT,0.179, 20.8,1
$GPS,010625,093958,4744.589,-12224.693,7,1.8,12,18.2
