version: 66.11
glider: 175
mission: 9
dive: 148
start: 6 4 125 21 31 51
data:
$ID,175
$MISSION,9
$DIVE,148
$N_DIVES,0
$D_SURF,3
$D_FLARE,3
$D_TGT,180
$D_ABORT,1090
$D_NO_BLEED,500
$D_BOOST,3
$T_BOOST,0
$D_FINISH,0
$D_PITCH,0
$D_SAFE,0
$D_CALL,0
$SURFACE_URGENCY,0
$SURFACE_URGENCY_TRY,0
$SURFACE_URGENCY_FORCE,0
$T_DIVE,60
$T_MISSION,75
$T_ABORT,1440
$T_TURN,300
$T_TURN_SAMPINT,5
$T_NO_W,120
$T_LOITER,0
$T_EPIRB,0
$USE_BATHY,0
$USE_ICE,0
$ICE_FREEZE_MARGIN,0.30000001
$D_OFFGRID,100
$T_WATCHDOG,10
$RELAUNCH,1
$APOGEE_PITCH,-8
$MAX_BUOY,150
$COURSE_BIAS,0
$GLIDE_SLOPE,30
$SPEED_FACTOR,1
$RHO,1.023
$MASS,51902
$MASS_COMP,0
$NAV_MODE,2
$FERRY_MAX,45
$KALMAN_USE,2
$HD_A,0.003
$HD_B,0.0099999998
$HD_C,9.9999997e-06
$HEADING,-1
$ESCAPE_HEADING,0
$ESCAPE_HEADING_DELTA,10
$FIX_MISSING_TIMEOUT,0
$TGT_DEFAULT_LAT,4743
$TGT_DEFAULT_LON,-12225
$TGT_AUTO_DEFAULT,0
$SM_CC,250
$N_FILEKB,4
$FILEMGR,0
$CALL_NDIVES,1
$COMM_SEQ,0
$PROTOCOL,9
$N_NOCOMM,1
$NOCOMM_ACTION,0
$N_NOSURFACE,0
$UPLOAD_DIVES_MAX,-1
$CALL_TRIES,5
$CALL_WAIT,60
$CAPUPLOAD,1
$CAPMAXSIZE,200000
$HEAPDBG,0
$T_GPS,15
$N_GPS,30
$T_GPS_ALMANAC,0
$T_GPS_CHARGE,-34688.746
$T_RSLEEP,2
$STROBE,0
$RAFOS_PEAK_OFFSET,1.5
$RAFOS_CORR_THRESH,60
$RAFOS_HIT_WINDOW,3600
$PITCH_MIN,255
$PITCH_MAX,3935
$C_PITCH,3013
$PITCH_DBAND,0.0099999998
$PITCH_CNV,0.003125763
$P_OVSHOOT,0.039999999
$PITCH_GAIN,30
$PITCH_TIMEOUT,17
$PITCH_AD_RATE,160
$PITCH_MAXERRORS,1
$PITCH_ADJ_GAIN,0.02
$PITCH_ADJ_DBAND,2.5
$ROLL_MIN,171
$ROLL_MAX,3723
$ROLL_DEG,40
$C_ROLL_DIVE,2033
$C_ROLL_CLIMB,1891
$HEAD_ERRBAND,10
$ROLL_CNV,0.028270001
$ROLL_TIMEOUT,15
$R_PORT_OVSHOOT,65
$R_STBD_OVSHOOT,65
$ROLL_AD_RATE,300
$ROLL_MAXERRORS,2
$ROLL_ADJ_GAIN,0
$ROLL_ADJ_DBAND,0
$VBD_MIN,465
$VBD_MAX,3960
$C_VBD,2140
$VBD_DBAND,2
$VBD_CNV,-0.25119999
$VBD_TIMEOUT,720
$PITCH_VBD_SHIFT,0.0012300001
$VBD_PUMP_AD_RATE_SURFACE,5
$VBD_PUMP_AD_RATE_APOGEE,4
$VBD_BLEED_AD_RATE,8
$UNCOM_BLEED,60
$VBD_MAXERRORS,1
$W_ADJ_DBAND,2
$DBDW,0
$PITCH_W_GAIN,0
$PITCH_W_DBAND,1
$CF8_MAXERRORS,5
$AH0_24V,145
$AH0_10V,95
$MINV_24V,19
$MINV_10V,8
$FG_AHR_10V,0
$FG_AHR_24V,0
$PHONE_SUPPLY,2
$PRESSURE_YINT,-33.008354
$PRESSURE_SLOPE,0.0001165895
$AD7714Ch0Gain,128
$TCM_PITCH_OFFSET,0
$TCM_ROLL_OFFSET,0
$COMPASS_USE,4
$ALTIM_BOTTOM_PING_RANGE,0
$ALTIM_TOP_PING_RANGE,20
$ALTIM_BOTTOM_TURN_MARGIN,25
$ALTIM_TOP_TURN_MARGIN,0
$ALTIM_TOP_MIN_OBSTACLE,1
$ALTIM_PING_DEPTH,80
$ALTIM_PING_DELTA,5
$ALTIM_FREQUENCY,13
$ALTIM_PULSE,3
$ALTIM_SENSITIVITY,3
$XPDR_VALID,5
$XPDR_INHIBIT,90
$INT_PRESSURE_SLOPE,0.0097660003
$INT_PRESSURE_YINT,-0.40000001
$DEEPGLIDER,0
$DEEPGLIDERMB,0
$MOTHERBOARD,4
$DEVICE1,2
$DEVICE2,20
$DEVICE3,-1
$DEVICE4,-1
$DEVICE5,-1
$DEVICE6,-1
$LOGGERS,7
$LOGGERDEVICE1,-1
$LOGGERDEVICE2,-1
$LOGGERDEVICE3,-1
$LOGGERDEVICE4,-1
$COMPASS_DEVICE,33
$COMPASS2_DEVICE,-1
$PHONE_DEVICE,49
$GPS_DEVICE,32
$RAFOS_DEVICE,-1
$XPDR_DEVICE,24
$SIM_W,0
$SIM_PITCH,0
$SEABIRD_T_G,0.0043275012
$SEABIRD_T_H,0.0006214368
$SEABIRD_T_I,2.2085376e-05
$SEABIRD_T_J,2.2233748e-06
$SEABIRD_C_G,-10.084761
$SEABIRD_C_H,1.1595923
$SEABIRD_C_I,-0.0010180317
$SEABIRD_C_J,0.00017345669
$GPS1,040625,212603,4744.030,-12225.183,11,1.2,34,18.2
$_CALLS,1
$_XMS_NAKs,0
$_XMS_TOUTs,0
$_SM_DEPTHo,-1.74
$_SM_ANGLEo,-74.5
$GPS2,040625,213120,4744.051,-12225.154,17,1.7,17,18.2
$SPEED_LIMITS,0.173,0.260
$TGT_NAME,SOUTH_175
$TGT_LATLONG,4742.000,-12225.600
$TGT_RADIUS,200.000
$KALMAN_CONTROL,0.000,0.000
$KALMAN_X,0.0,0.0,0.0,0.0,0.0
$KALMAN_Y,0.0,0.0,0.0,0.0,0.0
$MHEAD_RNG_PITCHd_Wd,175.0,3838,-17.5,-10.000,-21.04,2225
$D_GRID,180
$GCHEAD,st_secs,pitch_ctl,vbd_ctl,pitch_ad_start,roll_ad_start,vbd_pot1_ad_start,vbd_pot2_ad_start,depth,ob_vertv,data_pts,end_secs,pitch_secs,roll_secs,vbd_secs,vbd_i,gcphase,pitch_i,roll_i,pitch_ad,roll_ad,vbd_ad,vbd_pot1_ad,vbd_pot2_ad,pitch_retries,pitch_errors,roll_retries,roll_errors,vbd_retries,vbd_errors,pitch_volts,roll_volts,vbd_volts
$STATE,13,end surface,CONTROL_FINISHED_OK
$STATE,13,begin dive
$GC,14,-0.76,-146.6,240,2101,1230,1036,0.0,0.0,0,79,0.00,0.00,-59.88,0.000,16390,0.000,0.000,240,2102,2726,2804,2648,0,0,0,0,0,0,28.83,28.83,26.42
$GC,81,-0.76,-146.6,240,2102,2805,2649,0.4,-5.0,6,99,9.77,0.00,0.00,0.000,2310,0.220,0.000,2761,2103,2734,2818,2650,0,0,0,0,0,0,25.81,28.83,28.83
$GC,129,-0.24,-146.6,2761,2103,2824,2648,10.6,-20.1,11,140,0.55,1.98,0.00,0.000,2308,0.148,0.037,2927,3419,2738,2828,2648,0,0,0,0,0,0,25.96,26.13,28.83
$GC,165,-0.24,-146.6,2926,3420,2830,2648,14.2,-11.9,14,174,0.00,2.05,0.00,0.000,3078,0.000,0.019,2926,2017,2739,2830,2648,0,0,0,0,0,0,28.83,26.22,28.83
$GC,205,-0.36,-146.6,2926,2016,2830,2648,16.6,-5.9,18,207,0.10,0.00,0.00,0.000,4102,0.099,0.000,2881,2016,2739,2831,2647,0,0,0,0,0,0,26.26,28.83,28.83
$GC,235,-0.44,-146.6,2881,2017,2830,2647,19.0,-7.5,21,245,0.00,2.10,0.00,0.000,4356,0.000,0.037,2876,3415,2739,2831,2647,0,0,0,0,0,0,28.83,26.22,28.83
$GC,289,-0.44,-146.6,2876,3415,2831,2647,23.6,-8.4,26,299,0.00,1.98,0.00,0.000,5126,0.000,0.019,2876,2019,2738,2830,2647,0,0,0,0,0,0,28.83,26.32,28.83
$GC,330,-0.44,-146.6,2876,2019,2831,2647,27.1,-8.5,30,331,0.00,0.00,0.00,0.000,4102,0.000,0.000,2876,2019,2739,2831,2647,0,0,0,0,0,0,28.83,28.83,28.83
$GC,359,-0.44,-146.6,2876,2019,2830,2647,29.5,-8.1,33,361,0.00,0.00,0.00,0.000,4102,0.000,0.000,2876,2018,2739,2831,2647,0,0,0,0,0,0,28.83,28.83,28.83
$GC,390,-0.44,-146.6,2876,2019,2830,2647,31.9,-8.1,36,399,0.00,2.00,0.00,0.000,4612,0.000,0.034,2876,662,2738,2830,2647,0,0,0,0,0,0,28.83,26.32,28.83
$GC,433,-0.44,-146.6,2876,662,2830,2646,35.7,-8.7,40,443,0.00,1.98,0.00,0.000,5126,0.000,0.023,2876,2032,2738,2830,2647,0,0,0,0,0,0,28.83,26.37,28.83
$GC,474,-0.44,-146.6,2876,2032,2831,2647,38.9,-8.0,44,475,0.00,0.00,0.00,0.000,4102,0.000,0.000,2876,2032,2738,2830,2647,0,0,0,0,0,0,28.83,28.83,28.83
$GC,503,-0.44,-146.6,2876,2032,2830,2646,41.3,-7.8,47,505,0.00,0.00,0.00,0.000,4102,0.000,0.000,2875,2032,2738,2830,2646,0,0,0,0,0,0,28.83,28.83,28.83
$GC,533,-0.44,-146.6,2876,2032,2830,2646,43.7,-8.0,50,535,0.00,0.00,0.00,0.000,4102,0.000,0.000,2876,2032,2738,2830,2646,0,0,0,0,0,0,28.83,28.83,28.83
$GC,564,-0.49,-146.6,2876,2032,2830,2646,46.0,-7.8,53,574,0.08,2.03,0.00,0.000,4612,0.131,0.032,2844,652,2738,2830,2646,0,0,0,0,0,0,26.44,26.39,28.83
$GC,587,-0.49,-146.6,2844,652,2830,2646,48.2,-8.5,55,597,0.00,2.00,0.00,0.000,3078,0.000,0.024,2844,2039,2738,2830,2646,0,0,0,0,0,0,28.83,26.42,28.83
$GC,627,-0.49,-146.6,2843,2039,2830,2647,52.1,-9.7,59,637,0.00,2.08,0.00,0.000,2308,0.000,0.038,2844,3426,2738,2830,2646,0,0,0,0,0,0,28.83,26.39,28.83
$GC,662,-0.49,-146.6,2844,3426,2831,2647,55.4,-9.7,62,671,0.00,2.00,0.00,0.000,3078,0.000,0.018,2844,2032,2738,2830,2646,0,0,0,0,0,0,28.83,26.47,28.83
$GC,701,-0.49,-146.6,2844,2032,2831,2646,59.0,-8.9,66,702,0.00,0.00,0.00,0.000,2054,0.000,0.000,2844,2032,2738,2831,2646,0,0,0,0,0,0,28.83,28.83,28.83
$GC,731,-0.49,-146.6,2844,2032,2831,2646,61.6,-8.7,69,734,0.00,2.12,0.00,0.000,2308,0.000,0.038,2844,3437,2739,2831,2647,0,0,0,0,0,0,28.83,26.42,28.83
$GC,784,-0.49,-146.6,2843,3440,2831,2647,66.2,-8.4,74,793,0.00,1.98,0.00,0.000,3078,0.000,0.019,2844,2032,2739,2831,2647,0,0,0,0,0,0,28.83,26.50,28.83
$GC,824,-0.49,-146.6,2843,2032,2831,2646,69.6,-8.4,78,833,0.00,2.10,0.00,0.000,2308,0.000,0.038,2844,3430,2738,2831,2646,0,0,0,0,0,0,28.83,26.44,28.83
$GC,879,-0.49,-146.6,2844,3430,2831,2647,74.0,-8.1,83,889,0.00,1.95,0.00,0.000,3078,0.000,0.018,2844,2026,2739,2831,2647,0,0,0,0,0,0,28.83,26.52,28.83
$GC,918,-0.49,-146.6,2843,2026,2831,2646,77.2,-7.8,87,919,0.00,0.00,0.00,0.000,2054,0.000,0.000,2843,2026,2738,2831,2646,0,0,0,0,0,0,28.83,28.83,28.83
$GC,948,-0.49,-146.6,2843,2026,2831,2646,79.7,-8.2,90,949,0.00,0.00,0.00,0.000,2054,0.000,0.000,2844,2026,2738,2830,2647,0,0,0,0,0,0,28.83,28.83,28.83
$GC,978,-0.49,-146.6,2843,2026,2830,2647,81.8,-7.5,93,979,0.00,0.00,0.00,0.000,2054,0.000,0.000,2844,2026,2739,2831,2647,0,0,0,0,0,0,28.83,28.83,28.83
$GC,1009,-0.49,-146.6,2843,2026,2831,2646,84.1,-7.8,96,1010,0.00,0.00,0.00,0.000,2054,0.000,0.000,2844,2026,2738,2830,2646,0,0,0,0,0,0,28.83,28.83,28.83
$GC,1039,-0.49,-146.6,2843,2026,2830,2646,86.4,-7.7,99,1040,0.00,0.00,0.00,0.000,2054,0.000,0.000,2844,2026,2738,2830,2646,0,0,0,0,0,0,28.83,28.83,28.83
$GC,1069,-0.49,-146.6,2843,2026,2831,2646,88.8,-7.8,102,1070,0.00,0.00,0.00,0.000,2054,0.000,0.000,2844,2026,2738,2830,2646,0,0,0,0,0,0,28.83,28.83,28.83
$GC,1099,-0.49,-146.6,2844,2026,2831,2647,91.1,-7.6,105,1100,0.00,0.00,0.00,0.000,2054,0.000,0.000,2844,2026,2738,2830,2646,0,0,0,0,0,0,28.83,28.83,28.83
$GC,1129,-0.49,-146.6,2844,2026,2831,2646,93.2,-7.0,108,1130,0.00,0.00,0.00,0.000,2054,0.000,0.000,2844,2025,2738,2830,2646,0,0,0,0,0,0,28.83,28.83,28.83
$GC,1159,-0.49,-146.6,2843,2026,2831,2646,95.4,-7.4,111,1160,0.00,0.00,0.00,0.000,2054,0.000,0.000,2844,2026,2738,2830,2646,0,0,0,0,0,0,28.83,28.83,28.83
$GC,1189,-0.49,-146.6,2843,2026,2831,2646,97.5,-7.1,114,1190,0.00,0.00,0.00,0.000,2054,0.000,0.000,2843,2026,2738,2830,2646,0,0,0,0,0,0,28.83,28.83,28.83
$GC,1220,-0.49,-146.6,2844,2026,2830,2646,99.5,-6.8,117,1228,0.00,0.00,0.00,0.000,2054,0.000,0.000,2844,2026,2738,2830,2646,0,0,0,0,0,0,28.83,28.83,28.83
$GC,1259,-0.49,-146.6,2843,2026,2831,2646,102.4,-7.2,121,1260,0.00,0.00,0.00,0.000,2054,0.000,0.000,2844,2026,2738,2830,2646,0,0,0,0,0,0,28.83,28.83,28.83
$GC,1289,-0.49,-146.6,2843,2026,2830,2646,104.4,-6.7,124,1299,0.00,2.00,0.00,0.000,2564,0.000,0.035,2844,664,2738,2830,2646,0,0,0,0,0,0,28.83,26.53,28.83
$GC,1335,-0.49,-146.6,2843,664,2830,2646,108.2,-8.4,128,1344,0.00,2.00,0.00,0.000,3078,0.000,0.023,2844,2032,2738,2830,2646,0,0,0,0,0,0,28.83,26.57,28.83
$GC,1375,-0.49,-146.6,2843,2032,2830,2646,111.5,-8.0,132,1376,0.00,0.00,0.00,0.000,2054,0.000,0.000,2844,2032,2738,2830,2646,0,0,0,0,0,0,28.83,28.83,28.83
$GC,1404,-0.49,-146.6,2843,2032,2830,2646,113.8,-8.0,135,1415,0.00,2.03,0.00,0.000,2564,0.000,0.034,2844,652,2738,2830,2646,0,0,0,0,0,0,28.83,26.53,28.83
$GC,1450,-0.49,-146.6,2843,652,2830,2646,117.8,-8.6,139,1461,0.00,1.98,0.00,0.000,3078,0.000,0.024,2844,2033,2738,2830,2646,0,0,0,0,0,0,28.83,26.58,28.83
$GC,1490,-0.49,-146.6,2843,2033,2831,2646,121.1,-8.3,143,1492,0.00,0.00,0.00,0.000,2054,0.000,0.000,2844,2033,2738,2830,2646,0,0,0,0,0,0,28.83,28.83,28.83
$GC,1520,-0.49,-146.6,2843,2033,2830,2645,123.6,-8.2,146,1522,0.00,0.00,0.00,0.000,2054,0.000,0.000,2844,2034,2738,2831,2646,0,0,0,0,0,0,28.83,28.83,28.83
$GC,1550,-0.49,-146.6,2843,2034,2830,2646,126.3,-8.6,149,1560,0.00,2.03,0.00,0.000,2564,0.000,0.034,2844,651,2737,2830,2645,0,0,0,0,0,0,28.83,26.55,28.83
$GC,1594,-0.49,-146.6,2844,651,2830,2645,129.9,-8.4,153,1606,0.00,1.98,0.00,0.000,3078,0.000,0.023,2844,2035,2737,2830,2645,0,0,0,0,0,0,28.83,26.59,28.83
$GC,1634,-0.49,-146.6,2844,2035,2831,2646,133.5,-8.6,157,1635,0.00,0.00,0.00,0.000,2054,0.000,0.000,2844,2035,2738,2830,2646,0,0,0,0,0,0,28.83,28.83,28.83
$GC,1666,-0.49,-146.6,2843,2035,2830,2646,135.8,-8.0,160,1673,0.00,0.00,0.00,0.000,2054,0.000,0.000,2844,2035,2738,2831,2645,0,0,0,0,0,0,28.83,28.83,28.83
$GC,1705,-0.49,-146.6,2843,2035,2831,2646,139.0,-7.8,164,1714,0.00,2.03,0.00,0.000,2564,0.000,0.033,2844,654,2737,2830,2645,0,0,0,0,0,0,28.83,26.56,28.83
$GC,1749,-0.49,-146.6,2844,654,2830,2645,142.8,-8.4,168,1759,0.00,1.98,0.00,0.000,3078,0.000,0.023,2844,2038,2738,2831,2645,0,0,0,0,0,0,28.83,26.60,28.83
$GC,1791,-0.49,-146.6,2843,2038,2830,2645,146.1,-8.4,172,1798,0.00,0.00,0.00,0.000,2054,0.000,0.000,2844,2038,2737,2830,2645,0,0,0,0,0,0,28.83,28.83,28.83
$GC,1829,-0.49,-146.6,2843,2038,2830,2645,149.5,-8.4,176,1831,0.00,0.00,0.00,0.000,2054,0.000,0.000,2843,2038,2737,2830,2645,0,0,0,0,0,0,28.83,28.83,28.83
$GC,1859,-0.49,-146.6,2843,2038,2830,2645,152.0,-8.3,179,1860,0.00,0.00,0.00,0.000,2054,0.000,0.000,2844,2037,2737,2830,2645,0,0,0,0,0,0,28.83,28.83,28.83
$GC,1889,-0.49,-146.6,2843,2038,2830,2645,154.4,-8.3,182,1890,0.00,0.00,0.00,0.000,2054,0.000,0.000,2844,2038,2737,2830,2645,0,0,0,0,0,0,28.83,28.83,28.83
$GC,1919,-0.49,-146.6,2844,2038,2830,2645,157.0,-8.6,185,1920,0.00,0.00,0.00,0.000,2054,0.000,0.000,2844,2038,2738,2831,2645,0,0,0,0,0,0,28.83,28.83,28.83
$GC,1949,-0.49,-146.6,2844,2038,2831,2645,159.6,-8.6,188,1951,0.00,0.00,0.00,0.000,2054,0.000,0.000,2844,2038,2737,2830,2645,0,0,0,0,0,0,28.83,28.83,28.83
$GC,1979,-0.49,-146.6,2843,2038,2830,2645,162.3,-8.8,191,1989,0.00,2.05,0.00,0.000,2308,0.000,0.037,2844,3423,2737,2830,2645,0,0,0,0,0,0,28.83,26.56,28.83
$GC,2013,-0.49,-146.6,2843,3423,2830,2645,165.0,-8.3,194,2023,0.00,1.92,0.00,0.000,3078,0.000,0.018,2844,2022,2737,2830,2645,0,0,0,0,0,0,28.83,26.63,28.83
$GC,2053,-0.49,-146.6,2843,2022,2830,2645,168.3,-8.1,198,2054,0.00,0.00,0.00,0.000,2054,0.000,0.000,2844,2021,2738,2831,2645,0,0,0,0,0,0,28.83,28.83,28.83
$GC,2083,-0.49,-146.6,2843,2021,2831,2645,170.9,-8.5,201,2084,0.00,0.00,0.00,0.000,2054,0.000,0.000,2843,2022,2737,2830,2645,0,0,0,0,0,0,28.83,28.83,28.83
$GC,2113,-0.49,-146.6,2843,2022,2830,2645,173.4,-8.6,204,2114,0.00,0.00,0.00,0.000,2054,0.000,0.000,2844,2022,2737,2830,2645,0,0,0,0,0,0,28.83,28.83,28.83
$GC,2143,-0.49,-146.6,2843,2022,2830,2645,175.9,-8.3,207,2144,0.00,0.00,0.00,0.000,2054,0.000,0.000,2844,2022,2738,2831,2645,0,0,0,0,0,0,28.83,28.83,28.83
$GC,2173,-0.49,-146.6,2843,2022,2830,2645,178.2,-7.7,210,2182,0.00,2.08,0.00,0.000,2308,0.000,0.038,2843,3422,2738,2830,2646,0,0,0,0,0,0,28.83,26.56,28.83
$STATE,2194,end dive,TARGET_DEPTH_EXCEEDED
$STATE,2195,begin apogee
$GC,2200,-0.27,0.0,2843,1885,2831,2645,180.0,-7.9,212,2326,0.22,0.00,120.80,0.591,10246,0.129,0.000,2918,1883,2139,2221,2058,0,0,0,0,0,0,26.45,28.83,24.89
$STATE,2328,end apogee,CONTROL_FINISHED_OK
$STATE,2328,begin climb
$GC,2330,0.76,146.6,2918,1883,2221,2056,184.9,0.0,225,2447,1.02,0.00,113.32,0.571,10758,0.100,0.000,3256,1883,1555,1673,1438,0,0,0,0,0,0,25.44,28.83,24.79
$GC,2477,0.76,146.6,3255,1883,1671,1432,170.4,13.2,240,2486,0.00,2.10,0.00,0.000,260,0.000,0.032,3256,3280,1550,1670,1431,0,0,0,0,0,0,28.83,25.60,28.83
$GC,2511,0.76,146.6,3256,3280,1670,1430,165.8,13.3,243,2520,0.00,2.12,0.00,0.000,5126,0.000,0.020,3264,1868,1550,1670,1430,0,0,0,0,0,0,28.83,25.78,28.83
$GC,2550,0.76,146.6,3264,1868,1670,1429,159.8,14.5,247,2560,0.00,2.08,0.00,0.000,4612,0.000,0.039,3265,513,1549,1670,1429,0,0,0,0,0,0,28.83,25.84,28.83
$GC,2583,0.76,146.6,3265,513,1667,1428,155.2,14.5,250,2593,0.00,2.03,0.00,0.000,5126,0.000,0.019,3265,1912,1548,1667,1429,0,0,0,0,0,0,28.83,25.97,28.83
$GC,2623,0.76,146.6,3264,1912,1667,1428,149.4,14.7,254,2633,0.00,2.05,0.00,0.000,4356,0.000,0.032,3264,3281,1547,1667,1428,0,0,0,0,0,0,28.83,26.01,28.83
$GC,2667,0.76,146.6,3264,3281,1667,1427,142.7,15.2,258,2676,0.00,2.03,0.00,0.000,5126,0.000,0.021,3265,1882,1547,1667,1427,0,0,0,0,0,0,28.83,26.09,28.83
$GC,2707,0.76,146.6,3264,1881,1667,1427,137.0,14.2,262,2717,0.00,2.10,0.00,0.000,4612,0.000,0.039,3265,508,1547,1667,1427,0,0,0,0,0,0,28.83,26.08,28.83
$GC,2761,0.76,146.6,3264,508,1665,1427,129.7,13.7,267,2772,0.00,2.00,0.00,0.000,5126,0.000,0.019,3265,1902,1546,1665,1427,0,0,0,0,0,0,28.83,26.20,28.83
$GC,2801,0.76,146.6,3264,1902,1665,1427,124.4,13.6,271,2812,0.00,2.05,0.00,0.000,4356,0.000,0.033,3265,3281,1546,1665,1427,0,0,0,0,0,0,28.83,26.20,28.83
$GC,2846,0.76,146.6,3264,3281,1665,1427,118.2,14.2,275,2856,0.00,2.00,0.00,0.000,5126,0.000,0.021,3265,1888,1546,1665,1427,0,0,0,0,0,0,28.83,26.26,28.83
$GC,2885,0.76,146.6,3264,1888,1665,1427,112.6,13.9,279,2889,0.00,2.12,0.00,0.000,4612,0.000,0.041,3265,505,1546,1665,1427,0,0,0,0,0,0,28.83,26.22,28.83
$GC,2930,0.76,146.6,3264,506,1665,1427,106.6,14.0,283,2939,0.00,2.03,0.00,0.000,5126,0.000,0.019,3264,1890,1546,1665,1427,0,0,0,0,0,0,28.83,26.32,28.83
$GC,2968,0.76,146.6,3264,1890,1665,1426,101.0,14.2,287,2979,0.00,2.08,0.00,0.000,4356,0.000,0.033,3265,3289,1545,1665,1426,0,0,0,0,0,0,28.83,26.29,28.83
$GC,3023,0.76,146.6,3264,3289,1665,1426,92.7,15.7,292,3033,0.00,1.98,0.00,0.000,5126,0.000,0.019,3265,1885,1546,1665,1427,0,0,0,0,0,0,28.83,26.36,28.83
$GC,3063,0.76,146.6,3264,1885,1665,1426,86.9,14.7,296,3073,0.00,2.05,0.00,0.000,4612,0.000,0.040,3264,523,1545,1665,1426,0,0,0,0,0,0,28.83,26.32,28.83
$GC,3107,0.76,146.6,3265,523,1665,1426,81.1,13.7,300,3116,0.00,1.95,0.00,0.000,5126,0.000,0.019,3265,1895,1545,1665,1426,0,0,0,0,0,0,28.83,26.39,28.83
$GC,3147,0.76,146.6,3264,1896,1665,1426,75.6,13.6,304,3156,0.00,2.03,0.00,0.000,4356,0.000,0.033,3265,3279,1545,1665,1426,0,0,0,0,0,0,28.83,26.37,28.83
$GC,3212,0.76,146.6,3264,3279,1665,1426,66.6,13.8,310,3222,0.00,1.95,0.00,0.000,5126,0.000,0.020,3264,1898,1545,1665,1426,0,0,0,0,0,0,28.83,26.44,28.83
$GC,3251,0.76,146.6,3264,1897,1666,1426,61.4,13.0,314,3261,0.00,2.10,0.00,0.000,4612,0.000,0.039,3265,506,1545,1665,1426,0,0,0,0,0,0,28.83,26.37,28.83
$GC,3276,0.76,146.6,3264,506,1665,1426,58.7,11.9,316,3284,0.00,2.00,0.00,0.000,5126,0.000,0.019,3265,1885,1545,1665,1426,0,0,0,0,0,0,28.83,26.46,28.83
$GC,3316,0.76,146.6,3264,1885,1665,1426,53.7,12.2,320,3326,0.00,2.03,0.00,0.000,4356,0.000,0.032,3265,3275,1545,1665,1426,0,0,0,0,0,0,28.83,26.42,28.83
$GC,3372,0.76,146.6,3264,3275,1665,1426,46.6,13.1,325,3381,0.00,2.03,0.00,0.000,5126,0.000,0.021,3265,1887,1545,1665,1426,0,0,0,0,0,0,28.83,26.48,28.83
$GC,3411,0.76,146.6,3264,1887,1665,1426,41.2,13.3,329,3420,0.00,2.08,0.00,0.000,4612,0.000,0.041,3265,511,1545,1665,1426,0,0,0,0,0,0,28.83,26.41,28.83
$GC,3455,0.76,146.6,3264,511,1665,1426,36.1,12.0,333,3464,0.00,1.98,0.00,0.000,5126,0.000,0.020,3265,1904,1545,1665,1426,0,0,0,0,0,0,28.83,26.49,28.83
$GC,3494,0.76,146.6,3264,1904,1665,1426,31.6,11.4,337,3504,0.00,2.03,0.00,0.000,4356,0.000,0.033,3265,3281,1545,1665,1426,0,0,0,0,0,0,28.83,26.46,28.83
$GC,3528,0.76,146.6,3264,3281,1665,1426,27.6,11.7,340,3532,0.00,2.00,0.00,0.000,5126,0.000,0.021,3265,1880,1545,1665,1426,0,0,0,0,0,0,28.83,26.51,28.83
$GC,3571,0.76,146.6,3264,1879,1665,1426,22.6,11.7,344,3575,0.00,2.08,0.00,0.000,4612,0.000,0.041,3265,510,1545,1665,1426,0,0,0,0,0,0,28.83,26.44,28.83
$GC,3607,0.76,146.6,3264,510,1664,1426,19.2,10.5,347,3616,0.00,2.00,0.00,0.000,5126,0.000,0.020,3265,1887,1545,1665,1426,0,0,0,0,0,0,28.83,26.52,28.83
$GC,3646,0.76,146.6,3264,1887,1665,1426,14.4,11.3,351,3656,0.00,2.05,0.00,0.000,4356,0.000,0.033,3265,3281,1545,1665,1426,0,0,0,0,0,0,28.83,26.48,28.83
$GC,3701,0.76,146.6,3264,3281,1665,1425,7.6,12.7,356,3710,0.00,1.98,0.00,0.000,5126,0.000,0.021,3265,1890,1545,1665,1425,0,0,0,0,0,0,28.83,26.53,28.83
$STATE,3739,end climb,SURFACE_DEPTH_REACHED
$STATE,3740,begin surface coast
$FINISH,0.5,1.022091
$STATE,3760,end surface coast,CONTROL_FINISHED_OK
$STATE,3760,begin surface
$SM_CCo,3776,82.43,0.432,1,0,1144,250.20
$SM_GC,-1.58,8.25,0.17,82.43,0.062,0.059,0.432,242,2101,1144,-8.58,-1.75,250.20,0,0,0,0,1,0,26.51,26.57,25.27
$IRIDIUM_FIX,4726.11,-12222.38,010418,090951
$TT8_MAMPS,0.028462,0.028462
$HUMID,39.48
$INTERNAL_PRESSURE,8.448
$TCM_TEMP,19.50
$XPDR_PINGS,0
$ALTIM_TOP_PING,19.2,21.0
$ALTIM_BOTTOM_PING,175.1,55.9
$24V_AH,24.8,9.639
$10V_AH,10.6,3.811
$FG_AHR_24Vo,0.000
$FG_AHR_10Vo,0.000
$DEVICES,Pitch_motor,Roll_motor,VBD_pump_during_apogee,VBD_pump_during_surface,VBD_valve,Iridium_during_init,Iridium_during_connect,Iridium_during_xfer,Transponder_ping,GUMSTIX_24V,GPS,TT8,LPSleep,TT8_Active,TT8_Sampling,TT8_CF8,TT8_Kalman,Analog_circuits,GPS_charging,Compass,RAFOS,Transponder,Compass2
$DEVICE_SECS,20.000,113.825,234.125,82.425,0.000,25.917,19.005,174.008,5.500,0.000,23.159,1050.113,1064.584,548.893,1421.228,117.952,0.000,1245.877,0.000,755.531,0.000,36.629,0.000
$DEVICE_MAMPS,220.320,58.905,591.345,432.225,0.000,43.600,160.000,223.000,420.000,0.000,28.460,13.960,2.190,13.960,37.930,44.670,0.000,16.000,0.000,15.730,0.000,30.000,0.000
$SENSORS,SBE_CT,SBE_O2,nil,nil,nil,nil,nil,nil,nil,nil
$SENSOR_SECS,240.549,906.905,0.000,0.000,0.000,0.000,0.000,0.000,0.000,0.000
$SENSOR_MAMPS,23.220,4.490,0.000,0.000,0.000,0.000,0.000,0.000,0.000,0.000
$MEM,354516
$DATA_FILE_SIZE,16798,362
$CAP_FILE_SIZE,118161,0
$CFSIZE,260165632,251199488
$ERRORS,0,0,0,0,0,0,0,0,0,0,0,0,0,1,0,0
$CURRENT,0.065, 43.5,1
$GPS,040625,223728,4743.669,-12225.191,36,1.9,36,18.2
