version: 66.11
glider: 175
mission: 9
dive: 128
start: 6 4 125 7 57 58
data:
$ID,175
$MISSION,9
$DIVE,128
$N_DIVES,0
$D_SURF,3
$D_FLARE,3
$D_TGT,90
$D_ABORT,1090
$D_NO_BLEED,500
$D_BOOST,3
$T_BOOST,0
$D_FINISH,0
$D_PITCH,0
$D_SAFE,0
$D_CALL,0
$SURFACE_URGENCY,0
$SURFACE_URGENCY_TRY,0
$SURFACE_URGENCY_FORCE,0
$T_DIVE,30
$T_MISSION,45
$T_ABORT,1440
$T_TURN,300
$T_TURN_SAMPINT,5
$T_NO_W,120
$T_LOITER,0
$T_EPIRB,0
$USE_BATHY,0
$USE_ICE,0
$ICE_FREEZE_MARGIN,0.30000001
$D_OFFGRID,100
$T_WATCHDOG,10
$RELAUNCH,1
$APOGEE_PITCH,-8
$MAX_BUOY,150
$COURSE_BIAS,0
$GLIDE_SLOPE,30
$SPEED_FACTOR,1
$RHO,1.023
$MASS,51902
$MASS_COMP,0
$NAV_MODE,2
$FERRY_MAX,45
$KALMAN_USE,2
$HD_A,0.003
$HD_B,0.0099999998
$HD_C,9.9999997e-06
$HEADING,-1
$ESCAPE_HEADING,0
$ESCAPE_HEADING_DELTA,10
$FIX_MISSING_TIMEOUT,0
$TGT_DEFAULT_LAT,4743
$TGT_DEFAULT_LON,-12225
$TGT_AUTO_DEFAULT,0
$SM_CC,250
$N_FILEKB,4
$FILEMGR,0
$CALL_NDIVES,1
$COMM_SEQ,0
$PROTOCOL,9
$N_NOCOMM,1
$NOCOMM_ACTION,0
$N_NOSURFACE,0
$UPLOAD_DIVES_MAX,-1
$CALL_TRIES,5
$CALL_WAIT,60
$CAPUPLOAD,1
$CAPMAXSIZE,200000
$HEAPDBG,0
$T_GPS,15
$N_GPS,30
$T_GPS_ALMANAC,0
$T_GPS_CHARGE,-34633.594
$T_RSLEEP,2
$STROBE,0
$RAFOS_PEAK_OFFSET,1.5
$RAFOS_CORR_THRESH,60
$RAFOS_HIT_WINDOW,3600
$PITCH_MIN,255
$PITCH_MAX,3935
$C_PITCH,3013
$PITCH_DBAND,0.0099999998
$PITCH_CNV,0.003125763
$P_OVSHOOT,0.039999999
$PITCH_GAIN,30
$PITCH_TIMEOUT,17
$PITCH_AD_RATE,160
$PITCH_MAXERRORS,1
$PITCH_ADJ_GAIN,0.02
$PITCH_ADJ_DBAND,2.5
$ROLL_MIN,171
$ROLL_MAX,3723
$ROLL_DEG,40
$C_ROLL_DIVE,2033
$C_ROLL_CLIMB,1891
$HEAD_ERRBAND,10
$ROLL_CNV,0.028270001
$ROLL_TIMEOUT,15
$R_PORT_OVSHOOT,41
$R_STBD_OVSHOOT,63
$ROLL_AD_RATE,300
$ROLL_MAXERRORS,2
$ROLL_ADJ_GAIN,0
$ROLL_ADJ_DBAND,0
$VBD_MIN,465
$VBD_MAX,3960
$C_VBD,2140
$VBD_DBAND,2
$VBD_CNV,-0.25119999
$VBD_TIMEOUT,720
$PITCH_VBD_SHIFT,0.0012300001
$VBD_PUMP_AD_RATE_SURFACE,5
$VBD_PUMP_AD_RATE_APOGEE,4
$VBD_BLEED_AD_RATE,8
$UNCOM_BLEED,60
$VBD_MAXERRORS,1
$W_ADJ_DBAND,2
$DBDW,0
$PITCH_W_GAIN,0
$PITCH_W_DBAND,1
$CF8_MAXERRORS,5
$AH0_24V,145
$AH0_10V,95
$MINV_24V,19
$MINV_10V,8
$FG_AHR_10V,0
$FG_AHR_24V,0
$PHONE_SUPPLY,2
$PRESSURE_YINT,-33.008354
$PRESSURE_SLOPE,0.0001165895
$AD7714Ch0Gain,128
$TCM_PITCH_OFFSET,0
$TCM_ROLL_OFFSET,0
$COMPASS_USE,4
$ALTIM_BOTTOM_PING_RANGE,0
$ALTIM_TOP_PING_RANGE,20
$ALTIM_BOTTOM_TURN_MARGIN,25
$ALTIM_TOP_TURN_MARGIN,0
$ALTIM_TOP_MIN_OBSTACLE,1
$ALTIM_PING_DEPTH,80
$ALTIM_PING_DELTA,5
$ALTIM_FREQUENCY,13
$ALTIM_PULSE,3
$ALTIM_SENSITIVITY,3
$XPDR_VALID,5
$XPDR_INHIBIT,90
$INT_PRESSURE_SLOPE,0.0097660003
$INT_PRESSURE_YINT,-0.40000001
$DEEPGLIDER,0
$DEEPGLIDERMB,0
$MOTHERBOARD,4
$DEVICE1,2
$DEVICE2,20
$DEVICE3,-1
$DEVICE4,-1
$DEVICE5,-1
$DEVICE6,-1
$LOGGERS,7
$LOGGERDEVICE1,-1
$LOGGERDEVICE2,-1
$LOGGERDEVICE3,-1
$LOGGERDEVICE4,-1
$COMPASS_DEVICE,33
$COMPASS2_DEVICE,-1
$PHONE_DEVICE,49
$GPS_DEVICE,32
$RAFOS_DEVICE,-1
$XPDR_DEVICE,24
$SIM_W,0
$SIM_PITCH,0
$SEABIRD_T_G,0.0043275012
$SEABIRD_T_H,0.0006214368
$SEABIRD_T_I,2.2085376e-05
$SEABIRD_T_J,2.2233748e-06
$SEABIRD_C_G,-10.084761
$SEABIRD_C_H,1.1595923
$SEABIRD_C_I,-0.0010180317
$SEABIRD_C_J,0.00017345669
$GPS1,040625,075329,4745.868,-12225.151,9,1.5,9,18.2
$_CALLS,1
$_XMS_NAKs,0
$_XMS_TOUTs,0
$_SM_DEPTHo,-1.23
$_SM_ANGLEo,-73.8
$GPS2,040625,075729,4745.833,-12225.170,10,1.5,10,18.2
$SPEED_LIMITS,0.173,0.260
$TGT_NAME,SOUTH_175
$TGT_LATLONG,4742.000,-12225.600
$TGT_RADIUS,200.000
$KALMAN_CONTROL,0.000,0.000
$KALMAN_X,0.0,0.0,0.0,0.0,0.0
$KALMAN_Y,0.0,0.0,0.0,0.0,0.0
$MHEAD_RNG_PITCHd_Wd,170.3,7118,-17.5,-10.000,-21.04,2225
$D_GRID,90
$GCHEAD,st_secs,pitch_ctl,vbd_ctl,pitch_ad_start,roll_ad_start,vbd_pot1_ad_start,vbd_pot2_ad_start,depth,ob_vertv,data_pts,end_secs,pitch_secs,roll_secs,vbd_secs,vbd_i,gcphase,pitch_i,roll_i,pitch_ad,roll_ad,vbd_ad,vbd_pot1_ad,vbd_pot2_ad,pitch_retries,pitch_errors,roll_retries,roll_errors,vbd_retries,vbd_errors,pitch_volts,roll_volts,vbd_volts
$STATE,12,end surface,CONTROL_FINISHED_OK
$STATE,13,begin dive
$GC,14,-0.76,-146.6,242,2049,1232,1038,0.0,0.0,0,79,0.00,0.00,-58.08,0.000,16390,0.000,0.000,242,2049,2726,2805,2647,0,0,0,0,0,0,28.83,28.83,26.41
$GC,82,-0.76,-146.6,242,2049,2805,2648,1.9,-7.4,6,100,9.88,2.15,0.00,0.000,2564,0.227,0.032,2761,614,2732,2816,2648,0,0,0,0,0,0,25.80,26.09,28.83
$GC,419,-0.59,-146.6,2761,614,2822,2648,55.5,-14.7,38,429,0.20,2.03,0.00,0.000,3078,0.145,0.024,2815,2021,2735,2823,2648,0,0,0,0,0,0,26.17,26.38,28.83
$GC,459,-0.50,-146.6,2815,2021,2824,2648,60.7,-13.0,42,469,0.12,2.08,0.00,0.000,2564,0.167,0.034,2853,621,2736,2824,2648,0,0,0,0,0,0,26.25,26.34,28.83
$GC,524,-0.50,-146.6,2853,621,2825,2647,67.8,-10.2,48,534,0.00,2.05,0.00,0.000,1030,0.000,0.023,2853,2042,2736,2825,2647,0,0,0,0,0,0,28.83,26.41,28.83
$GC,564,-0.50,-146.6,2853,2042,2826,2647,71.3,-8.9,52,565,0.00,0.00,0.00,0.000,6,0.000,0.000,2853,2042,2736,2826,2647,0,0,0,0,0,0,28.83,28.83,28.83
$GC,594,-0.50,-146.6,2853,2042,2825,2647,74.0,-8.8,55,595,0.00,0.00,0.00,0.000,6,0.000,0.000,2853,2042,2736,2825,2647,0,0,0,0,0,0,28.83,28.83,28.83
$GC,624,-0.50,-146.6,2853,2042,2826,2647,76.5,-8.7,58,626,0.00,0.00,0.00,0.000,6,0.000,0.000,2853,2042,2736,2826,2647,0,0,0,0,0,0,28.83,28.83,28.83
$GC,654,-0.50,-146.6,2852,2042,2826,2647,79.0,-8.2,61,655,0.00,0.00,0.00,0.000,6,0.000,0.000,2853,2042,2736,2825,2647,0,0,0,0,0,0,28.83,28.83,28.83
$GC,684,-0.50,-146.6,2853,2042,2826,2647,81.2,-7.4,64,686,0.00,0.00,0.00,0.000,6,0.000,0.000,2852,2042,2736,2825,2647,0,0,0,0,0,0,28.83,28.83,28.83
$GC,715,-0.50,-146.6,2853,2042,2826,2647,83.5,-7.8,67,716,0.00,0.00,0.00,0.000,6,0.000,0.000,2853,2042,2736,2826,2647,0,0,0,0,0,0,28.83,28.83,28.83
$GC,745,-0.50,-146.6,2853,2042,2826,2647,85.9,-7.5,70,746,0.00,0.00,0.00,0.000,6,0.000,0.000,2853,2042,2736,2826,2647,0,0,0,0,0,0,28.83,28.83,28.83
$GC,774,-0.50,-146.6,2853,2043,2826,2647,88.2,-7.9,73,775,0.00,0.00,0.00,0.000,6,0.000,0.000,2853,2042,2736,2826,2647,0,0,0,0,0,0,28.83,28.83,28.83
$STATE,803,end dive,TARGET_DEPTH_EXCEEDED
$STATE,804,begin apogee
$GC,808,-0.27,0.0,2852,1810,2826,2647,90.5,-7.6,76,935,0.20,0.08,119.47,0.524,10246,0.135,0.050,2919,1918,2138,2222,2055,0,0,0,0,0,0,26.34,25.42,24.95
$STATE,937,end apogee,CONTROL_FINISHED_OK
$STATE,937,begin climb
$GC,938,0.76,146.6,2919,1917,2221,2053,92.8,0.0,89,1058,1.02,2.10,112.32,0.507,11012,0.106,0.033,3253,3279,1554,1674,1435,0,0,0,0,0,0,25.46,25.38,24.85
$GC,1093,0.76,146.6,3253,3279,1674,1431,76.5,13.3,104,1103,0.00,2.08,0.00,0.000,5126,0.000,0.021,3261,1870,1552,1674,1431,0,0,0,0,0,0,28.83,25.70,28.83
$GC,1133,0.76,146.6,3261,1870,1674,1429,71.6,12.5,108,1142,0.00,2.08,0.00,0.000,4612,0.000,0.039,3264,515,1551,1674,1428,0,0,0,0,0,0,28.83,25.79,28.83
$GC,1169,0.76,146.6,3264,514,1671,1428,67.7,11.7,111,1177,0.00,2.03,0.00,0.000,5126,0.000,0.020,3264,1878,1549,1671,1428,0,0,0,0,0,0,28.83,25.94,28.83
$GC,1208,0.76,146.6,3263,1877,1670,1427,62.9,12.0,115,1218,0.00,2.08,0.00,0.000,4356,0.000,0.032,3264,3284,1548,1670,1427,0,0,0,0,0,0,28.83,26.01,28.83
$GC,1252,0.76,146.6,3264,3283,1670,1427,57.3,12.9,119,1261,0.00,2.00,0.00,0.000,5126,0.000,0.021,3265,1893,1548,1670,1427,0,0,0,0,0,0,28.83,26.08,28.83
$GC,1292,0.76,146.6,3264,1893,1670,1426,52.0,13.2,123,1301,0.00,2.10,0.00,0.000,4612,0.000,0.041,3265,513,1548,1670,1426,0,0,0,0,0,0,28.83,26.07,28.83
$GC,1358,0.76,146.6,3265,512,1668,1427,43.4,13.2,129,1366,0.00,2.03,0.00,0.000,5126,0.000,0.019,3264,1890,1547,1668,1427,0,0,0,0,0,0,28.83,26.20,28.83
$GC,1397,0.76,146.6,3264,1890,1668,1426,37.6,14.6,133,1406,0.00,2.08,0.00,0.000,4356,0.000,0.032,3265,3288,1547,1668,1427,0,0,0,0,0,0,28.83,26.20,28.83
$GC,1451,0.76,146.6,3265,3288,1668,1426,29.7,14.7,138,1455,0.00,2.03,0.00,0.000,5126,0.000,0.020,3265,1883,1547,1669,1426,0,0,0,0,0,0,28.83,26.27,28.83
$GC,1492,0.76,146.6,3264,1882,1668,1426,24.5,12.6,142,1503,0.00,2.08,0.00,0.000,4612,0.000,0.040,3265,516,1547,1668,1426,0,0,0,0,0,0,28.83,26.24,28.83
$GC,1550,0.76,146.6,3264,515,1668,1426,18.1,11.8,147,1558,0.00,2.03,0.00,0.000,5126,0.000,0.019,3265,1900,1547,1668,1426,0,0,0,0,0,0,28.83,26.33,28.83
$GC,1589,0.76,146.6,3264,1900,1668,1426,13.3,11.7,151,1598,0.00,2.03,0.00,0.000,4356,0.000,0.033,3265,3280,1547,1668,1426,0,0,0,0,0,0,28.83,26.32,28.83
$GC,1645,0.76,146.6,3264,3280,1668,1426,6.7,12.1,156,1653,0.00,2.03,0.00,0.000,5126,0.000,0.021,3265,1895,1547,1668,1426,0,0,0,0,0,0,28.83,26.38,28.83
$STATE,1683,end climb,SURFACE_DEPTH_REACHED
$STATE,1683,begin surface coast
$FINISH,0.4,1.022145
$STATE,1703,end surface coast,CONTROL_FINISHED_OK
$STATE,1703,begin surface
$SM_CCo,1718,79.22,0.422,1,0,1144,250.20
$SM_GC,-1.34,8.35,0.17,79.22,0.066,0.058,0.422,251,2110,1144,-8.58,-1.61,250.20,0,0,0,0,1,0,26.33,26.43,25.22
$IRIDIUM_FIX,4726.11,-12226.80,310318,202026
$TT8_MAMPS,0.027713,0.027713
$HUMID,39.21
$INTERNAL_PRESSURE,8.448
$TCM_TEMP,19.60
$XPDR_PINGS,0
$ALTIM_TOP_PING,19.4,20.9
$24V_AH,24.9,8.555
$10V_AH,10.6,3.370
$FG_AHR_24Vo,0.000
$FG_AHR_10Vo,0.000
$DEVICES,Pitch_motor,Roll_motor,VBD_pump_during_apogee,VBD_pump_during_surface,VBD_valve,Iridium_during_init,Iridium_during_connect,Iridium_during_xfer,Transponder_ping,GUMSTIX_24V,GPS,TT8,LPSleep,TT8_Active,TT8_Sampling,TT8_CF8,TT8_Kalman,Analog_circuits,GPS_charging,Compass,RAFOS,Transponder,Compass2
$DEVICE_SECS,19.775,37.575,231.800,79.225,0.000,23.199,19.197,118.981,1.000,0.000,13.630,462.918,446.116,359.830,750.785,48.025,0.000,706.311,0.000,391.401,0.000,7.285,0.000
$DEVICE_MAMPS,227.205,103.275,524.025,422.280,0.000,43.600,160.000,223.000,420.000,0.000,28.460,13.960,2.190,13.960,37.930,44.670,0.000,16.000,0.000,15.730,0.000,30.000,0.000
$SENSORS,SBE_CT,SBE_O2,nil,nil,nil,nil,nil,nil,nil,nil
$SENSOR_SECS,106.604,404.202,0.000,0.000,0.000,0.000,0.000,0.000,0.000,0.000
$SENSOR_MAMPS,23.220,4.490,0.000,0.000,0.000,0.000,0.000,0.000,0.000,0.000
$MEM,354564
$DATA_FILE_SIZE,6885,162
$CAP_FILE_SIZE,47709,0
$CFSIZE,260165632,251846656
$ERRORS,0,0,0,0,0,0,0,0,0,0,0,0,0,1,0,0
$CURRENT,0.100,  8.8,1
$GPS,040625,082903,4745.737,-12225.153,9,1.8,26,18.2
