version: 66.11
glider: 175
mission: 9
dive: 327
start: 6 12 125 1 20 47
data:
$ID,175
$MISSION,9
$DIVE,327
$N_DIVES,0
$D_SURF,3
$D_FLARE,3
$D_TGT,150
$D_ABORT,1090
$D_NO_BLEED,500
$D_BOOST,3
$T_BOOST,0
$D_FINISH,0
$D_PITCH,0
$D_SAFE,0
$D_CALL,0
$SURFACE_URGENCY,0
$SURFACE_URGENCY_TRY,0
$SURFACE_URGENCY_FORCE,0
$T_DIVE,50
$T_MISSION,65
$T_ABORT,1440
$T_TURN,300
$T_TURN_SAMPINT,5
$T_NO_W,120
$T_LOITER,0
$T_EPIRB,0
$USE_BATHY,0
$USE_ICE,0
$ICE_FREEZE_MARGIN,0.30000001
$D_OFFGRID,100
$T_WATCHDOG,10
$RELAUNCH,1
$APOGEE_PITCH,-8
$MAX_BUOY,150
$COURSE_BIAS,0
$GLIDE_SLOPE,30
$SPEED_FACTOR,1
$RHO,1.023
$MASS,51902
$MASS_COMP,0
$NAV_MODE,2
$FERRY_MAX,45
$KALMAN_USE,2
$HD_A,0.003
$HD_B,0.0099999998
$HD_C,9.9999997e-06
$HEADING,-1
$ESCAPE_HEADING,0
$ESCAPE_HEADING_DELTA,10
$FIX_MISSING_TIMEOUT,0
$TGT_DEFAULT_LAT,4743
$TGT_DEFAULT_LON,-12225
$TGT_AUTO_DEFAULT,0
$SM_CC,250
$N_FILEKB,4
$FILEMGR,0
$CALL_NDIVES,1
$COMM_SEQ,0
$PROTOCOL,9
$N_NOCOMM,1
$NOCOMM_ACTION,0
$N_NOSURFACE,0
$UPLOAD_DIVES_MAX,-1
$CALL_TRIES,5
$CALL_WAIT,60
$CAPUPLOAD,1
$CAPMAXSIZE,200000
$HEAPDBG,0
$T_GPS,15
$N_GPS,30
$T_GPS_ALMANAC,0
$T_GPS_CHARGE,-34927.809
$T_RSLEEP,2
$STROBE,0
$RAFOS_PEAK_OFFSET,1.5
$RAFOS_CORR_THRESH,60
$RAFOS_HIT_WINDOW,3600
$PITCH_MIN,255
$PITCH_MAX,3935
$C_PITCH,3053
$PITCH_DBAND,0.0099999998
$PITCH_CNV,0.003125763
$P_OVSHOOT,0.039999999
$PITCH_GAIN,30
$PITCH_TIMEOUT,17
$PITCH_AD_RATE,160
$PITCH_MAXERRORS,1
$PITCH_ADJ_GAIN,0.02
$PITCH_ADJ_DBAND,2.5
$ROLL_MIN,171
$ROLL_MAX,3723
$ROLL_DEG,40
$C_ROLL_DIVE,2033
$C_ROLL_CLIMB,1891
$HEAD_ERRBAND,10
$ROLL_CNV,0.028270001
$ROLL_TIMEOUT,15
$R_PORT_OVSHOOT,41
$R_STBD_OVSHOOT,55
$ROLL_AD_RATE,300
$ROLL_MAXERRORS,2
$ROLL_ADJ_GAIN,0
$ROLL_ADJ_DBAND,0
$VBD_MIN,465
$VBD_MAX,3960
$C_VBD,2140
$VBD_DBAND,2
$VBD_CNV,-0.25119999
$VBD_TIMEOUT,720
$PITCH_VBD_SHIFT,0.0012300001
$VBD_PUMP_AD_RATE_SURFACE,5
$VBD_PUMP_AD_RATE_APOGEE,4
$VBD_BLEED_AD_RATE,8
$UNCOM_BLEED,60
$VBD_MAXERRORS,1
$W_ADJ_DBAND,2
$DBDW,0
$PITCH_W_GAIN,0
$PITCH_W_DBAND,1
$CF8_MAXERRORS,5
$AH0_24V,145
$AH0_10V,95
$MINV_24V,19
$MINV_10V,8
$FG_AHR_10V,0
$FG_AHR_24V,0
$PHONE_SUPPLY,2
$PRESSURE_YINT,-33.008354
$PRESSURE_SLOPE,0.0001165895
$AD7714Ch0Gain,128
$TCM_PITCH_OFFSET,0
$TCM_ROLL_OFFSET,0
$COMPASS_USE,4
$ALTIM_BOTTOM_PING_RANGE,0
$ALTIM_TOP_PING_RANGE,20
$ALTIM_BOTTOM_TURN_MARGIN,25
$ALTIM_TOP_TURN_MARGIN,0
$ALTIM_TOP_MIN_OBSTACLE,1
$ALTIM_PING_DEPTH,120
$ALTIM_PING_DELTA,5
$ALTIM_FREQUENCY,13
$ALTIM_PULSE,3
$ALTIM_SENSITIVITY,3
$XPDR_VALID,5
$XPDR_INHIBIT,90
$INT_PRESSURE_SLOPE,0.0097660003
$INT_PRESSURE_YINT,-0.40000001
$DEEPGLIDER,0
$DEEPGLIDERMB,0
$MOTHERBOARD,4
$DEVICE1,2
$DEVICE2,20
$DEVICE3,-1
$DEVICE4,-1
$DEVICE5,-1
$DEVICE6,-1
$LOGGERS,7
$LOGGERDEVICE1,-1
$LOGGERDEVICE2,-1
$LOGGERDEVICE3,-1
$LOGGERDEVICE4,-1
$COMPASS_DEVICE,33
$COMPASS2_DEVICE,-1
$PHONE_DEVICE,49
$GPS_DEVICE,32
$RAFOS_DEVICE,-1
$XPDR_DEVICE,24
$SIM_W,0
$SIM_PITCH,0
$SEABIRD_T_G,0.0043275012
$SEABIRD_T_H,0.0006214368
$SEABIRD_T_I,2.2085376e-05
$SEABIRD_T_J,2.2233748e-06
$SEABIRD_C_G,-10.084761
$SEABIRD_C_H,1.1595923
$SEABIRD_C_I,-0.0010180317
$SEABIRD_C_J,0.00017345669
$GPS1,120625,011517,4749.630,-12224.675,11,2.0,11,18.2
$_CALLS,1
$_XMS_NAKs,0
$_XMS_TOUTs,0
$_SM_DEPTHo,-7.14
$_SM_ANGLEo,-73.8
$GPS2,120625,012017,4749.681,-12224.666,12,1.7,12,18.2
$SPEED_LIMITS,0.173,0.260
$TGT_NAME,NORTH_175
$TGT_LATLONG,4750.000,-12225.000
$TGT_RADIUS,200.000
$KALMAN_CONTROL,0.000,0.000
$KALMAN_X,0.0,0.0,0.0,0.0,0.0
$KALMAN_Y,0.0,0.0,0.0,0.0,0.0
$MHEAD_RNG_PITCHd_Wd,287.4,722,-17.5,-10.000,-21.04,2225
$D_GRID,150
$GCHEAD,st_secs,pitch_ctl,vbd_ctl,pitch_ad_start,roll_ad_start,vbd_pot1_ad_start,vbd_pot2_ad_start,depth,ob_vertv,data_pts,end_secs,pitch_secs,roll_secs,vbd_secs,vbd_i,gcphase,pitch_i,roll_i,pitch_ad,roll_ad,vbd_ad,vbd_pot1_ad,vbd_pot2_ad,pitch_retries,pitch_errors,roll_retries,roll_errors,vbd_retries,vbd_errors,pitch_volts,roll_volts,vbd_volts
$STATE,12,end surface,CONTROL_FINISHED_OK
$STATE,12,begin dive
$GC,15,-0.76,-146.6,239,2060,1229,1038,0.0,0.0,0,78,0.00,0.00,-57.20,0.000,16390,0.000,0.000,240,2060,2726,2805,2647,0,0,0,0,0,0,28.83,28.83,26.46
$GC,81,-0.76,-146.6,240,2060,2806,2647,-2.8,-10.5,6,103,9.85,2.17,0.00,0.000,2564,0.217,0.044,2801,629,2733,2819,2647,0,0,0,0,0,0,25.77,26.08,28.83
$GC,422,-0.68,-146.6,2801,629,2826,2645,46.4,-12.3,38,432,0.10,2.00,0.00,0.000,3078,0.146,0.024,2828,2025,2736,2827,2645,0,0,0,0,0,0,26.17,26.39,28.83
$GC,461,-0.68,-146.6,2827,2025,2828,2645,51.3,-12.4,42,471,0.00,2.10,0.00,0.000,2564,0.000,0.034,2827,623,2736,2828,2645,0,0,0,0,0,0,28.83,26.36,28.83
$GC,771,-0.68,-146.6,2827,622,2828,2644,77.7,-7.0,71,781,0.00,2.03,0.00,0.000,3078,0.000,0.024,2823,2038,2736,2828,2644,0,0,0,0,0,0,28.83,26.50,28.83
$GC,809,-0.68,-146.6,2823,2038,2828,2644,81.0,-8.2,75,810,0.00,0.00,0.00,0.000,2054,0.000,0.000,2823,2038,2736,2828,2644,0,0,0,0,0,0,28.83,28.83,28.83
$GC,839,-0.68,-146.6,2823,2038,2828,2644,83.6,-8.7,78,840,0.00,0.00,0.00,0.000,2054,0.000,0.000,2823,2038,2736,2828,2644,0,0,0,0,0,0,28.83,28.83,28.83
$GC,869,-0.68,-146.6,2823,2038,2828,2644,86.5,-9.5,81,870,0.00,0.00,0.00,0.000,2054,0.000,0.000,2823,2038,2736,2828,2644,0,0,0,0,0,0,28.83,28.83,28.83
$GC,900,-0.68,-146.6,2823,2038,2828,2644,89.2,-9.4,84,901,0.00,0.00,0.00,0.000,2054,0.000,0.000,2823,2038,2736,2828,2644,0,0,0,0,0,0,28.83,28.83,28.83
$GC,929,-0.68,-146.6,2823,2038,2828,2644,92.2,-9.8,87,930,0.00,0.00,0.00,0.000,2054,0.000,0.000,2823,2038,2736,2828,2644,0,0,0,0,0,0,28.83,28.83,28.83
$GC,959,-0.68,-146.6,2823,2038,2828,2644,94.7,-8.6,90,969,0.00,2.08,0.00,0.000,2308,0.000,0.038,2820,3431,2736,2828,2644,0,0,0,0,0,0,28.83,26.47,28.83
$GC,995,-0.68,-146.6,2820,3431,2828,2644,97.6,-8.5,93,1003,0.00,2.08,0.00,0.000,3078,0.000,0.019,2820,1990,2736,2828,2644,0,0,0,0,0,0,28.83,26.56,28.83
$GC,1034,-0.68,-146.6,2820,1990,2829,2644,101.6,-10.2,97,1035,0.00,0.00,0.00,0.000,2054,0.000,0.000,2820,1990,2736,2829,2644,0,0,0,0,0,0,28.83,28.83,28.83
$GC,1064,-0.68,-146.6,2820,1990,2829,2644,104.7,-10.1,100,1073,0.00,1.92,0.00,0.000,2564,0.000,0.033,2820,658,2736,2829,2643,0,0,0,0,0,0,28.83,26.51,28.83
$GC,1109,-0.68,-146.6,2820,658,2829,2643,109.2,-10.2,104,1118,0.00,2.03,0.00,0.000,3078,0.000,0.024,2820,2033,2736,2829,2643,0,0,0,0,0,0,28.83,26.54,28.83
$GC,1149,-0.68,-146.6,2820,2033,2828,2643,113.3,-9.9,108,1150,0.00,0.00,0.00,0.000,2054,0.000,0.000,2820,2033,2735,2828,2643,0,0,0,0,0,0,28.83,28.83,28.83
$GC,1178,-0.68,-146.6,2820,2033,2829,2643,116.1,-9.1,111,1179,0.00,0.00,0.00,0.000,2054,0.000,0.000,2820,2033,2735,2828,2643,0,0,0,0,0,0,28.83,28.83,28.83
$GC,1208,-0.68,-146.6,2821,2033,2828,2643,118.9,-9.6,114,1209,0.00,0.00,0.00,0.000,2054,0.000,0.000,2820,2033,2735,2828,2643,0,0,0,0,0,0,28.83,28.83,28.83
$GC,1238,-0.68,-146.6,2820,2033,2828,2643,121.5,-8.6,117,1239,0.00,0.00,0.00,0.000,2054,0.000,0.000,2820,2033,2736,2829,2643,0,0,0,0,0,0,28.83,28.83,28.83
$GC,1268,-0.68,-146.6,2820,2033,2829,2643,123.9,-8.5,120,1270,0.00,0.00,0.00,0.000,2054,0.000,0.000,2820,2033,2735,2828,2643,0,0,0,0,0,0,28.83,28.83,28.83
$GC,1298,-0.68,-146.6,2820,2033,2828,2643,126.6,-8.6,123,1299,0.00,0.00,0.00,0.000,2054,0.000,0.000,2820,2033,2736,2829,2643,0,0,0,0,0,0,28.83,28.83,28.83
$GC,1328,-0.68,-146.6,2820,2033,2828,2643,129.3,-9.1,126,1329,0.00,0.00,0.00,0.000,2054,0.000,0.000,2820,2033,2735,2828,2643,0,0,0,0,0,0,28.83,28.83,28.83
$GC,1358,-0.68,-146.6,2820,2033,2829,2644,132.2,-9.4,129,1359,0.00,0.00,0.00,0.000,2054,0.000,0.000,2820,2033,2735,2828,2643,0,0,0,0,0,0,28.83,28.83,28.83
$STATE,1366,end dive,BOTTOM_OBSTACLE_DETECTED
$STATE,1367,begin apogee
$GC,1371,-0.27,0.0,2820,1832,2829,2643,133.2,-9.8,130,1500,0.43,0.05,119.43,0.570,10246,0.122,0.142,2960,1912,2138,2225,2052,0,0,0,0,0,0,26.34,25.40,24.98
$STATE,1501,end apogee,CONTROL_FINISHED_OK
$STATE,1501,begin climb
$GC,1503,0.76,146.6,2960,1912,2225,2051,138.3,0.0,143,1629,1.00,2.17,111.38,0.552,10756,0.093,0.035,3304,522,1554,1674,1435,0,0,0,0,0,0,25.52,25.39,24.89
$GC,1676,0.69,146.6,3304,521,1665,1434,120.7,13.4,160,1687,0.08,1.95,0.00,0.000,5126,0.153,0.019,3282,1884,1549,1665,1433,0,0,0,0,0,0,25.63,25.82,28.83
$GC,1716,0.62,146.6,3282,1885,1665,1432,115.5,12.6,164,1726,0.10,2.08,0.00,0.000,4356,0.173,0.030,3258,3280,1548,1665,1432,0,0,0,0,0,0,25.79,25.89,28.83
$GC,1742,0.56,146.6,3258,3280,1665,1431,112.4,12.2,166,1752,0.08,1.98,0.00,0.000,5126,0.140,0.021,3240,1908,1548,1665,1431,0,0,0,0,0,0,25.82,25.98,28.83
$GC,1780,0.56,146.6,3240,1906,1665,1430,108.1,10.6,170,1790,0.00,2.12,0.00,0.000,4612,0.000,0.041,3240,514,1547,1665,1430,0,0,0,0,0,0,28.83,25.98,28.83
$GC,1804,0.56,146.6,3240,514,1665,1430,106.1,9.3,172,1815,0.00,1.95,0.00,0.000,5126,0.000,0.018,3240,1904,1547,1665,1429,0,0,0,0,0,0,28.83,26.10,28.83
$GC,1843,0.56,146.6,3240,1905,1665,1428,101.0,13.0,176,1844,0.00,0.00,0.00,0.000,4102,0.000,0.000,3240,1905,1546,1665,1428,0,0,0,0,0,0,28.83,28.83,28.83
$GC,1873,0.56,146.6,3240,1904,1665,1429,97.6,11.7,179,1874,0.00,0.00,0.00,0.000,4102,0.000,0.000,3240,1904,1546,1665,1428,0,0,0,0,0,0,28.83,28.83,28.83
$GC,1903,0.56,146.6,3240,1904,1665,1428,94.4,11.3,182,1912,0.00,2.03,0.00,0.000,4356,0.000,0.032,3240,3266,1546,1665,1428,0,0,0,0,0,0,28.83,26.16,28.83
$GC,1927,0.56,146.6,3239,3266,1665,1428,92.2,9.6,184,1936,0.00,2.03,0.00,0.000,5126,0.000,0.020,3240,1890,1546,1665,1428,0,0,0,0,0,0,28.83,26.23,28.83
$GC,1966,0.56,146.6,3240,1890,1665,1428,88.2,10.0,188,1967,0.00,0.00,0.00,0.000,4102,0.000,0.000,3240,1890,1546,1665,1428,0,0,0,0,0,0,28.83,28.83,28.83
$GC,1997,0.56,146.6,3239,1890,1665,1428,85.0,10.2,191,2004,0.00,0.00,0.00,0.000,4102,0.000,0.000,3240,1890,1546,1665,1428,0,0,0,0,0,0,28.83,28.83,28.83
$GC,2036,0.56,146.6,3240,1889,1665,1428,80.3,12.1,195,2037,0.00,0.00,0.00,0.000,4102,0.000,0.000,3240,1889,1546,1665,1428,0,0,0,0,0,0,28.83,28.83,28.83
$GC,2066,0.56,146.6,3240,1889,1665,1427,76.4,12.9,198,2067,0.00,0.00,0.00,0.000,4102,0.000,0.000,3240,1889,1546,1665,1428,0,0,0,0,0,0,28.83,28.83,28.83
$GC,2097,0.56,146.6,3240,1888,1665,1428,72.5,12.8,201,2104,0.00,0.00,0.00,0.000,4102,0.000,0.000,3240,1888,1546,1665,1427,0,0,0,0,0,0,28.83,28.83,28.83
$GC,2136,0.56,146.6,3240,1888,1665,1427,67.2,13.2,205,2146,0.00,2.03,0.00,0.000,4356,0.000,0.031,3240,3260,1546,1666,1427,0,0,0,0,0,0,28.83,26.33,28.83
$GC,2159,0.56,146.6,3240,3259,1665,1427,64.3,12.7,207,2163,0.00,1.98,0.00,0.000,5126,0.000,0.020,3240,1884,1546,1665,1427,0,0,0,0,0,0,28.83,26.37,28.83
$GC,2201,0.56,146.6,3240,1883,1665,1426,59.9,10.3,211,2202,0.00,0.00,0.00,0.000,4102,0.000,0.000,3240,1883,1546,1665,1427,0,0,0,0,0,0,28.83,28.83,28.83
$GC,2231,0.56,146.6,3240,1883,1665,1427,57.3,8.5,214,2232,0.00,0.00,0.00,0.000,4102,0.000,0.000,3240,1883,1546,1665,1427,0,0,0,0,0,0,28.83,28.83,28.83
$GC,2262,0.62,193.6,3240,1883,1665,1427,55.0,7.8,217,2303,0.00,2.17,35.40,0.509,10756,0.000,0.041,3240,513,1367,1493,1242,0,0,0,0,0,0,28.83,25.96,25.41
$GC,2327,0.78,319.8,3240,513,1490,1240,52.0,4.2,223,2429,0.15,1.95,90.15,0.504,11270,0.058,0.019,3306,1877,863,977,750,0,0,0,0,0,0,26.03,26.10,25.01
$GC,2457,0.78,319.8,3306,1878,974,747,41.0,11.3,236,2468,0.00,2.12,0.00,0.000,4356,0.000,0.032,3307,3287,860,973,747,0,0,0,0,0,0,28.83,25.76,28.83
$GC,2483,0.78,319.8,3307,3286,972,746,37.6,12.4,238,2491,0.00,2.08,0.00,0.000,5126,0.000,0.020,3316,1893,859,972,746,0,0,0,0,0,0,28.83,25.89,28.83
$GC,2521,0.78,319.8,3316,1892,971,745,28.6,22.8,242,2531,0.00,2.08,0.00,0.000,4612,0.000,0.038,3320,514,857,971,744,0,0,0,0,0,0,28.83,25.93,28.83
$GC,2546,0.78,319.8,3320,514,970,744,23.3,23.3,244,2555,0.05,2.05,0.00,0.000,5126,0.157,0.019,3305,1907,856,969,744,0,0,0,0,0,0,25.86,26.05,28.83
$GC,2584,0.78,319.8,3305,1908,968,744,14.9,21.2,248,2595,0.00,2.05,0.00,0.000,260,0.000,0.032,3306,3296,856,968,744,0,0,0,0,0,0,28.83,26.07,28.83
$GC,2629,0.78,319.8,3305,3297,967,744,6.3,19.3,252,2639,0.00,2.03,0.00,0.000,5126,0.000,0.021,3305,1883,855,967,744,0,0,0,0,0,0,28.83,26.16,28.83
$STATE,2657,end climb,SURFACE_DEPTH_REACHED
$STATE,2657,begin surface coast
$FINISH,-0.0,1.022009
$STATE,2668,end surface coast,CONTROL_FINISHED_OK
$STATE,2668,begin surface
$SM_CCo,2745,0.00,0.000,0,0,852,323.55
$SM_GC,-7.38,8.52,0.17,0.00,0.066,0.057,0.000,244,2094,852,-8.71,-1.95,323.55,0,0,0,0,0,0,26.15,26.23,28.83
$IRIDIUM_FIX,4729.30,-12221.39,080418,131350
$TT8_MAMPS,0.028462,0.028462
$HUMID,40.35
$INTERNAL_PRESSURE,8.43823
$TCM_TEMP,19.50
$XPDR_PINGS,2
$ALTIM_TOP_PING,18.6,25.7
$ALTIM_BOTTOM_PING,120.6,36.9
$24V_AH,24.9,20.492
$10V_AH,10.6,9.047
$FG_AHR_24Vo,0.000
$FG_AHR_10Vo,0.000
$DEVICES,Pitch_motor,Roll_motor,VBD_pump_during_apogee,VBD_pump_during_surface,VBD_valve,Iridium_during_init,Iridium_during_connect,Iridium_during_xfer,Transponder_ping,GUMSTIX_24V,GPS,TT8,LPSleep,TT8_Active,TT8_Sampling,TT8_CF8,TT8_Kalman,Analog_circuits,GPS_charging,Compass,RAFOS,Transponder,Compass2
$DEVICE_SECS,20.350,53.650,356.350,0.000,0.000,30.535,17.487,151.717,1.250,0.000,14.677,700.295,760.951,395.202,1086.886,121.078,0.000,923.066,0.000,583.594,0.000,7.174,0.000
$DEVICE_MAMPS,217.260,142.290,569.925,0.000,0.000,43.600,160.000,223.000,420.000,0.000,28.460,13.960,2.190,13.960,37.930,44.670,0.000,16.000,0.000,15.730,0.000,30.000,0.000
$SENSORS,SBE_CT,SBE_O2,nil,nil,nil,nil,nil,nil,nil,nil
$SENSOR_SECS,168.965,642.452,0.000,0.000,0.000,0.000,0.000,0.000,0.000,0.000
$SENSOR_MAMPS,23.220,4.490,0.000,0.000,0.000,0.000,0.000,0.000,0.000,0.000
$MEM,354500
$DATA_FILE_SIZE,10218,256
$CAP_FILE_SIZE,73133,0
$CFSIZE,260165632,243924992
$ERRORS,0,1,0,0,0,0,0,0,0,0,0,0,0,0,0,0
$INTR,0,92.26,0x233cca,0,24
$CURRENT,0.138, 33.8,1
$GPS,120625,020747,4749.975,-12224.857,9,2.2,39,18.2
