version: 66.11
glider: 175
mission: 9
dive: 254
start: 6 9 125 3 35 16
data:
$ID,175
$MISSION,9
$DIVE,254
$N_DIVES,0
$D_SURF,3
$D_FLARE,3
$D_TGT,150
$D_ABORT,1090
$D_NO_BLEED,500
$D_BOOST,3
$T_BOOST,0
$D_FINISH,0
$D_PITCH,0
$D_SAFE,0
$D_CALL,0
$SURFACE_URGENCY,0
$SURFACE_URGENCY_TRY,0
$SURFACE_URGENCY_FORCE,0
$T_DIVE,50
$T_MISSION,65
$T_ABORT,1440
$T_TURN,300
$T_TURN_SAMPINT,5
$T_NO_W,120
$T_LOITER,0
$T_EPIRB,0
$USE_BATHY,0
$USE_ICE,0
$ICE_FREEZE_MARGIN,0.30000001
$D_OFFGRID,100
$T_WATCHDOG,10
$RELAUNCH,1
$APOGEE_PITCH,-8
$MAX_BUOY,150
$COURSE_BIAS,0
$GLIDE_SLOPE,30
$SPEED_FACTOR,1
$RHO,1.023
$MASS,51902
$MASS_COMP,0
$NAV_MODE,2
$FERRY_MAX,45
$KALMAN_USE,2
$HD_A,0.003
$HD_B,0.0099999998
$HD_C,9.9999997e-06
$HEADING,-1
$ESCAPE_HEADING,0
$ESCAPE_HEADING_DELTA,10
$FIX_MISSING_TIMEOUT,0
$TGT_DEFAULT_LAT,4743
$TGT_DEFAULT_LON,-12225
$TGT_AUTO_DEFAULT,0
$SM_CC,250
$N_FILEKB,4
$FILEMGR,0
$CALL_NDIVES,1
$COMM_SEQ,0
$PROTOCOL,9
$N_NOCOMM,1
$NOCOMM_ACTION,0
$N_NOSURFACE,0
$UPLOAD_DIVES_MAX,-1
$CALL_TRIES,5
$CALL_WAIT,60
$CAPUPLOAD,1
$CAPMAXSIZE,200000
$HEAPDBG,0
$T_GPS,15
$N_GPS,30
$T_GPS_ALMANAC,0
$T_GPS_CHARGE,-34831.723
$T_RSLEEP,2
$STROBE,0
$RAFOS_PEAK_OFFSET,1.5
$RAFOS_CORR_THRESH,60
$RAFOS_HIT_WINDOW,3600
$PITCH_MIN,255
$PITCH_MAX,3935
$C_PITCH,3053
$PITCH_DBAND,0.0099999998
$PITCH_CNV,0.003125763
$P_OVSHOOT,0.039999999
$PITCH_GAIN,30
$PITCH_TIMEOUT,17
$PITCH_AD_RATE,160
$PITCH_MAXERRORS,1
$PITCH_ADJ_GAIN,0.02
$PITCH_ADJ_DBAND,2.5
$ROLL_MIN,171
$ROLL_MAX,3723
$ROLL_DEG,40
$C_ROLL_DIVE,2033
$C_ROLL_CLIMB,1891
$HEAD_ERRBAND,10
$ROLL_CNV,0.028270001
$ROLL_TIMEOUT,15
$R_PORT_OVSHOOT,62
$R_STBD_OVSHOOT,54
$ROLL_AD_RATE,300
$ROLL_MAXERRORS,2
$ROLL_ADJ_GAIN,0
$ROLL_ADJ_DBAND,0
$VBD_MIN,465
$VBD_MAX,3960
$C_VBD,2140
$VBD_DBAND,2
$VBD_CNV,-0.25119999
$VBD_TIMEOUT,720
$PITCH_VBD_SHIFT,0.0012300001
$VBD_PUMP_AD_RATE_SURFACE,5
$VBD_PUMP_AD_RATE_APOGEE,4
$VBD_BLEED_AD_RATE,8
$UNCOM_BLEED,60
$VBD_MAXERRORS,1
$W_ADJ_DBAND,2
$DBDW,0
$PITCH_W_GAIN,0
$PITCH_W_DBAND,1
$CF8_MAXERRORS,5
$AH0_24V,145
$AH0_10V,95
$MINV_24V,19
$MINV_10V,8
$FG_AHR_10V,0
$FG_AHR_24V,0
$PHONE_SUPPLY,2
$PRESSURE_YINT,-33.008354
$PRESSURE_SLOPE,0.0001165895
$AD7714Ch0Gain,128
$TCM_PITCH_OFFSET,0
$TCM_ROLL_OFFSET,0
$COMPASS_USE,4
$ALTIM_BOTTOM_PING_RANGE,0
$ALTIM_TOP_PING_RANGE,20
$ALTIM_BOTTOM_TURN_MARGIN,25
$ALTIM_TOP_TURN_MARGIN,0
$ALTIM_TOP_MIN_OBSTACLE,1
$ALTIM_PING_DEPTH,80
$ALTIM_PING_DELTA,5
$ALTIM_FREQUENCY,13
$ALTIM_PULSE,3
$ALTIM_SENSITIVITY,3
$XPDR_VALID,5
$XPDR_INHIBIT,90
$INT_PRESSURE_SLOPE,0.0097660003
$INT_PRESSURE_YINT,-0.40000001
$DEEPGLIDER,0
$DEEPGLIDERMB,0
$MOTHERBOARD,4
$DEVICE1,2
$DEVICE2,20
$DEVICE3,-1
$DEVICE4,-1
$DEVICE5,-1
$DEVICE6,-1
$LOGGERS,7
$LOGGERDEVICE1,-1
$LOGGERDEVICE2,-1
$LOGGERDEVICE3,-1
$LOGGERDEVICE4,-1
$COMPASS_DEVICE,33
$COMPASS2_DEVICE,-1
$PHONE_DEVICE,49
$GPS_DEVICE,32
$RAFOS_DEVICE,-1
$XPDR_DEVICE,24
$SIM_W,0
$SIM_PITCH,0
$SEABIRD_T_G,0.0043275012
$SEABIRD_T_H,0.0006214368
$SEABIRD_T_I,2.2085376e-05
$SEABIRD_T_J,2.2233748e-06
$SEABIRD_C_G,-10.084761
$SEABIRD_C_H,1.1595923
$SEABIRD_C_I,-0.0010180317
$SEABIRD_C_J,0.00017345669
$GPS1,090625,033003,4743.950,-12225.141,11,1.5,33,18.2
$_CALLS,1
$_XMS_NAKs,0
$_XMS_TOUTs,0
$_SM_DEPTHo,-5.35
$_SM_ANGLEo,-72.6
$GPS2,090625,033447,4743.966,-12225.130,14,1.5,14,18.2
$SPEED_LIMITS,0.173,0.260
$TGT_NAME,SOUTH_175
$TGT_LATLONG,4742.400,-12225.600
$TGT_RADIUS,200.000
$KALMAN_CONTROL,0.000,0.000
$KALMAN_X,0.0,0.0,0.0,0.0,0.0
$KALMAN_Y,0.0,0.0,0.0,0.0,0.0
$MHEAD_RNG_PITCHd_Wd,191.0,2959,-17.5,-10.000,-21.04,2225
$D_GRID,150
$GCHEAD,st_secs,pitch_ctl,vbd_ctl,pitch_ad_start,roll_ad_start,vbd_pot1_ad_start,vbd_pot2_ad_start,depth,ob_vertv,data_pts,end_secs,pitch_secs,roll_secs,vbd_secs,vbd_i,gcphase,pitch_i,roll_i,pitch_ad,roll_ad,vbd_ad,vbd_pot1_ad,vbd_pot2_ad,pitch_retries,pitch_errors,roll_retries,roll_errors,vbd_retries,vbd_errors,pitch_volts,roll_volts,vbd_volts
$STATE,13,end surface,CONTROL_FINISHED_OK
$STATE,13,begin dive
$GC,15,-0.76,-146.6,246,2043,942,722,0.0,0.0,0,86,0.00,0.00,-67.30,0.000,16390,0.000,0.000,246,2044,2725,2804,2646,0,0,0,0,0,0,28.83,28.83,26.48
$GC,88,-0.76,-146.6,246,2044,2805,2648,-1.7,-8.9,7,106,9.68,2.10,0.00,0.000,2564,0.213,0.025,2801,629,2732,2816,2648,0,0,0,0,0,0,25.83,26.15,28.83
$GC,416,-0.68,-146.6,2801,629,2824,2646,53.9,-7.6,38,424,0.10,2.08,0.00,0.000,3078,0.144,0.025,2827,2025,2735,2825,2646,0,0,0,0,0,0,26.19,26.39,28.83
$GC,455,-0.68,-146.6,2827,2025,2827,2646,56.2,-5.7,42,456,0.00,0.00,0.00,0.000,2054,0.000,0.000,2827,2025,2736,2827,2645,0,0,0,0,0,0,28.83,28.83,28.83
$GC,486,-0.68,-146.6,2827,2025,2827,2645,57.7,-4.9,45,496,0.00,2.05,0.00,0.000,2564,0.000,0.035,2828,645,2735,2827,2644,0,0,0,0,0,0,28.83,26.38,28.83
$GC,509,-0.68,-146.6,2827,645,2827,2644,59.0,-5.3,47,519,0.00,2.03,0.00,0.000,3078,0.000,0.024,2822,2045,2735,2827,2644,0,0,0,0,0,0,28.83,26.42,28.83
$GC,549,-0.68,-146.6,2822,2045,2827,2644,61.0,-5.0,51,551,0.00,0.00,0.00,0.000,2054,0.000,0.000,2822,2045,2736,2828,2644,0,0,0,0,0,0,28.83,28.83,28.83
$GC,579,-0.68,-146.6,2822,2045,2828,2644,62.7,-5.5,54,580,0.00,0.00,0.00,0.000,2054,0.000,0.000,2822,2045,2735,2827,2644,0,0,0,0,0,0,28.83,28.83,28.83
$GC,610,-0.68,-146.6,2822,2045,2827,2645,64.5,-5.8,57,611,0.00,0.00,0.00,0.000,2054,0.000,0.000,2822,2045,2735,2827,2644,0,0,0,0,0,0,28.83,28.83,28.83
$GC,639,-0.68,-146.6,2822,2045,2828,2644,66.6,-7.0,60,640,0.00,0.00,0.00,0.000,2054,0.000,0.000,2822,2045,2736,2828,2644,0,0,0,0,0,0,28.83,28.83,28.83
$GC,669,-0.68,-146.6,2822,2045,2828,2644,69.0,-7.8,63,670,0.00,0.00,0.00,0.000,2054,0.000,0.000,2822,2045,2736,2828,2644,0,0,0,0,0,0,28.83,28.83,28.83
$GC,699,-0.68,-146.6,2822,2045,2828,2644,71.8,-8.9,66,709,0.00,2.08,0.00,0.000,2564,0.000,0.036,2822,651,2736,2828,2644,0,0,0,0,0,0,28.83,26.43,28.83
$GC,724,-0.68,-146.6,2822,651,2828,2643,74.3,-10.9,68,733,0.00,2.05,0.00,0.000,3078,0.000,0.024,2822,2043,2736,2828,2644,0,0,0,0,0,0,28.83,26.48,28.83
$GC,764,-0.68,-146.6,2822,2043,2828,2644,77.5,-7.9,72,771,0.00,0.00,0.00,0.000,2054,0.000,0.000,2822,2043,2736,2828,2644,0,0,0,0,0,0,28.83,28.83,28.83
$GC,802,-0.68,-146.6,2822,2043,2828,2644,81.1,-8.8,76,803,0.00,0.00,0.00,0.000,2054,0.000,0.000,2822,2043,2736,2828,2644,0,0,0,0,0,0,28.83,28.83,28.83
$GC,832,-0.68,-146.6,2822,2043,2828,2644,83.8,-9.2,79,833,0.00,0.00,0.00,0.000,2054,0.000,0.000,2822,2043,2736,2828,2644,0,0,0,0,0,0,28.83,28.83,28.83
$GC,862,-0.68,-146.6,2822,2043,2828,2644,86.4,-8.5,82,863,0.00,0.00,0.00,0.000,2054,0.000,0.000,2822,2043,2736,2828,2644,0,0,0,0,0,0,28.83,28.83,28.83
$GC,893,-0.68,-146.6,2822,2042,2828,2644,88.7,-8.0,85,894,0.00,0.00,0.00,0.000,2054,0.000,0.000,2822,2043,2736,2828,2644,0,0,0,0,0,0,28.83,28.83,28.83
$GC,922,-0.68,-146.6,2822,2043,2828,2644,91.2,-8.2,88,923,0.00,0.00,0.00,0.000,2054,0.000,0.000,2822,2043,2736,2828,2644,0,0,0,0,0,0,28.83,28.83,28.83
$GC,952,-0.68,-146.6,2822,2043,2828,2644,93.7,-8.2,91,953,0.00,0.00,0.00,0.000,2054,0.000,0.000,2822,2043,2736,2828,2644,0,0,0,0,0,0,28.83,28.83,28.83
$GC,982,-0.68,-146.6,2822,2043,2828,2644,96.8,-10.3,94,983,0.00,0.00,0.00,0.000,2054,0.000,0.000,2822,2042,2736,2828,2644,0,0,0,0,0,0,28.83,28.83,28.83
$GC,1013,-0.68,-146.6,2822,2043,2828,2644,100.3,-11.3,97,1020,0.00,0.00,0.00,0.000,2054,0.000,0.000,2822,2043,2736,2828,2644,0,0,0,0,0,0,28.83,28.83,28.83
$GC,1052,-0.68,-146.6,2822,2043,2828,2644,104.9,-11.5,101,1054,0.00,0.00,0.00,0.000,2054,0.000,0.000,2822,2043,2736,2828,2644,0,0,0,0,0,0,28.83,28.83,28.83
$STATE,1065,end dive,BOTTOM_OBSTACLE_DETECTED
$STATE,1065,begin apogee
$GC,1070,-0.27,0.0,2822,1818,2828,2643,106.1,-11.8,102,1195,0.43,0.08,118.50,0.552,10246,0.122,0.106,2963,1920,2139,2228,2050,0,0,0,0,0,0,26.34,25.43,24.96
$STATE,1196,end apogee,CONTROL_FINISHED_OK
$STATE,1196,begin climb
$GC,1197,0.76,146.6,2963,1920,2227,2048,112.8,0.0,115,1316,0.98,2.28,110.55,0.535,10756,0.087,0.039,3304,508,1555,1677,1433,0,0,0,0,0,0,25.48,25.37,24.87
$GC,1357,0.67,146.6,3304,509,1669,1432,94.0,17.3,131,1367,0.12,2.03,0.00,0.000,5126,0.174,0.018,3276,1892,1550,1669,1432,0,0,0,0,0,0,25.56,25.75,28.83
$GC,1398,0.61,146.6,3275,1892,1669,1430,87.5,16.5,135,1408,0.10,2.05,0.00,0.000,4356,0.174,0.030,3253,3274,1549,1669,1429,0,0,0,0,0,0,25.75,25.85,28.83
$GC,1453,0.61,146.6,3252,3274,1669,1428,78.6,15.6,140,1464,0.00,2.03,0.00,0.000,5126,0.000,0.021,3252,1881,1548,1669,1428,0,0,0,0,0,0,28.83,26.00,28.83
$GC,1493,0.61,146.6,3252,1880,1669,1428,73.0,14.3,144,1503,0.00,2.10,0.00,0.000,4612,0.000,0.040,3253,512,1548,1669,1428,0,0,0,0,0,0,28.83,26.01,28.83
$GC,1539,0.61,146.6,3252,512,1667,1428,67.3,13.0,148,1548,0.00,2.03,0.00,0.000,5126,0.000,0.018,3253,1883,1547,1667,1427,0,0,0,0,0,0,28.83,26.13,28.83
$GC,1578,0.61,146.6,3252,1884,1668,1427,61.6,14.2,152,1588,0.00,2.10,0.00,0.000,4356,0.000,0.033,3253,3298,1546,1667,1426,0,0,0,0,0,0,28.83,26.14,28.83
$GC,1622,0.61,146.6,3252,3298,1668,1427,55.1,14.6,156,1632,0.00,2.03,0.00,0.000,5126,0.000,0.020,3252,1888,1547,1667,1427,0,0,0,0,0,0,28.83,26.22,28.83
$GC,1662,0.61,146.6,3252,1887,1667,1427,49.6,13.8,160,1672,0.00,2.10,0.00,0.000,4612,0.000,0.038,3252,504,1546,1666,1426,0,0,0,0,0,0,28.83,26.18,28.83
$GC,1717,0.61,146.6,3252,504,1667,1426,43.4,11.2,165,1727,0.00,1.98,0.00,0.000,5126,0.000,0.020,3253,1887,1547,1667,1427,0,0,0,0,0,0,28.83,26.29,28.83
$GC,1757,0.61,146.6,3253,1887,1667,1426,39.0,11.3,169,1761,0.00,2.08,0.00,0.000,4356,0.000,0.033,3253,3288,1546,1667,1426,0,0,0,0,0,0,28.83,26.27,28.83
$GC,1844,0.61,146.6,3252,3288,1667,1426,29.3,11.5,177,1852,0.00,2.05,0.00,0.000,5126,0.000,0.020,3256,1886,1546,1667,1426,0,0,0,0,0,0,28.83,26.36,28.83
$GC,1883,0.61,146.6,3255,1885,1667,1426,24.8,10.7,181,1893,0.00,2.05,0.00,0.000,4612,0.000,0.040,3256,518,1546,1667,1426,0,0,0,0,0,0,28.83,26.32,28.83
$GC,1906,0.61,146.6,3256,518,1667,1426,22.5,10.3,183,1916,0.00,1.98,0.00,0.000,5126,0.000,0.020,3256,1904,1546,1667,1426,0,0,0,0,0,0,28.83,26.39,28.83
$GC,1946,0.61,146.6,3255,1905,1667,1426,18.5,10.1,187,1955,0.00,2.05,0.00,0.000,4356,0.000,0.033,3256,3294,1546,1667,1425,0,0,0,0,0,0,28.83,26.36,28.83
$GC,2012,0.61,146.6,3256,3294,1667,1425,11.8,10.1,193,2022,0.03,1.98,0.00,0.000,5126,0.173,0.020,3255,1884,1545,1666,1425,0,0,0,0,0,0,26.29,26.43,28.83
$GC,2052,0.61,146.6,3255,1884,1667,1425,8.2,9.0,197,2061,0.00,2.05,0.00,0.000,4612,0.000,0.040,3255,514,1546,1667,1425,0,0,0,0,0,0,28.83,26.36,28.83
$STATE,2116,end climb,SURFACE_DEPTH_REACHED
$STATE,2116,begin surface coast
$FINISH,-0.1,1.021335
$STATE,2150,end surface coast,CONTROL_FINISHED_OK
$STATE,2150,begin surface
$SM_CCo,2167,82.57,0.439,1,0,1143,250.20
$SM_GC,-5.21,8.23,2.25,82.57,0.060,0.019,0.439,241,2024,1143,-8.71,-1.53,250.20,0,0,0,0,1,0,26.43,26.48,25.21
$IRIDIUM_FIX,4726.11,-12226.80,050418,161654
$TT8_MAMPS,0.027713,0.027713
$HUMID,40.51
$INTERNAL_PRESSURE,8.45776
$TCM_TEMP,19.60
$XPDR_PINGS,2
$ALTIM_TOP_PING,19.4,25.0
$ALTIM_BOTTOM_PING,106.1,6.2
$24V_AH,24.9,16.027
$10V_AH,10.5,6.916
$FG_AHR_24Vo,0.000
$FG_AHR_10Vo,0.000
$DEVICES,Pitch_motor,Roll_motor,VBD_pump_during_apogee,VBD_pump_during_surface,VBD_valve,Iridium_during_init,Iridium_during_connect,Iridium_during_xfer,Transponder_ping,GUMSTIX_24V,GPS,TT8,LPSleep,TT8_Active,TT8_Sampling,TT8_CF8,TT8_Kalman,Analog_circuits,GPS_charging,Compass,RAFOS,Transponder,Compass2
$DEVICE_SECS,19.650,49.825,229.050,82.575,0.000,25.546,19.916,142.465,2.500,0.000,17.505,591.254,570.143,388.804,921.456,89.104,0.000,816.647,0.000,480.412,0.000,14.831,0.000
$DEVICE_MAMPS,213.435,106.335,552.330,439.110,0.000,43.600,160.000,223.000,420.000,0.000,28.460,13.960,2.190,13.960,37.930,44.670,0.000,16.000,0.000,15.730,0.000,30.000,0.000
$SENSORS,SBE_CT,SBE_O2,nil,nil,nil,nil,nil,nil,nil,nil
$SENSOR_SECS,136.050,516.870,0.000,0.000,0.000,0.000,0.000,0.000,0.000,0.000
$SENSOR_MAMPS,23.220,4.490,0.000,0.000,0.000,0.000,0.000,0.000,0.000,0.000
$MEM,354544
$DATA_FILE_SIZE,10191,206
$CAP_FILE_SIZE,62287,0
$CFSIZE,260165632,246906880
$ERRORS,0,0,0,0,0,0,0,0,0,0,0,0,0,1,0,0
$CURRENT,0.075, 30.6,1
$GPS,090625,041403,4743.819,-12225.178,12,1.2,34,18.2
