version: 66.11
glider: 175
mission: 9
dive: 138
start: 6 4 125 14 11 58
data:
$ID,175
$MISSION,9
$DIVE,138
$N_DIVES,0
$D_SURF,3
$D_FLARE,3
$D_TGT,90
$D_ABORT,1090
$D_NO_BLEED,500
$D_BOOST,3
$T_BOOST,0
$D_FINISH,0
$D_PITCH,0
$D_SAFE,0
$D_CALL,0
$SURFACE_URGENCY,0
$SURFACE_URGENCY_TRY,0
$SURFACE_URGENCY_FORCE,0
$T_DIVE,30
$T_MISSION,45
$T_ABORT,1440
$T_TURN,300
$T_TURN_SAMPINT,5
$T_NO_W,120
$T_LOITER,0
$T_EPIRB,0
$USE_BATHY,0
$USE_ICE,0
$ICE_FREEZE_MARGIN,0.30000001
$D_OFFGRID,100
$T_WATCHDOG,10
$RELAUNCH,1
$APOGEE_PITCH,-8
$MAX_BUOY,150
$COURSE_BIAS,0
$GLIDE_SLOPE,30
$SPEED_FACTOR,1
$RHO,1.023
$MASS,51902
$MASS_COMP,0
$NAV_MODE,2
$FERRY_MAX,45
$KALMAN_USE,2
$HD_A,0.003
$HD_B,0.0099999998
$HD_C,9.9999997e-06
$HEADING,-1
$ESCAPE_HEADING,0
$ESCAPE_HEADING_DELTA,10
$FIX_MISSING_TIMEOUT,0
$TGT_DEFAULT_LAT,4743
$TGT_DEFAULT_LON,-12225
$TGT_AUTO_DEFAULT,0
$SM_CC,250
$N_FILEKB,4
$FILEMGR,0
$CALL_NDIVES,1
$COMM_SEQ,0
$PROTOCOL,9
$N_NOCOMM,1
$NOCOMM_ACTION,0
$N_NOSURFACE,0
$UPLOAD_DIVES_MAX,-1
$CALL_TRIES,5
$CALL_WAIT,60
$CAPUPLOAD,1
$CAPMAXSIZE,200000
$HEAPDBG,0
$T_GPS,15
$N_GPS,30
$T_GPS_ALMANAC,0
$T_GPS_CHARGE,-34646.168
$T_RSLEEP,2
$STROBE,0
$RAFOS_PEAK_OFFSET,1.5
$RAFOS_CORR_THRESH,60
$RAFOS_HIT_WINDOW,3600
$PITCH_MIN,255
$PITCH_MAX,3935
$C_PITCH,3013
$PITCH_DBAND,0.0099999998
$PITCH_CNV,0.003125763
$P_OVSHOOT,0.039999999
$PITCH_GAIN,30
$PITCH_TIMEOUT,17
$PITCH_AD_RATE,160
$PITCH_MAXERRORS,1
$PITCH_ADJ_GAIN,0.02
$PITCH_ADJ_DBAND,2.5
$ROLL_MIN,171
$ROLL_MAX,3723
$ROLL_DEG,40
$C_ROLL_DIVE,2033
$C_ROLL_CLIMB,1891
$HEAD_ERRBAND,10
$ROLL_CNV,0.028270001
$ROLL_TIMEOUT,15
$R_PORT_OVSHOOT,37
$R_STBD_OVSHOOT,61
$ROLL_AD_RATE,300
$ROLL_MAXERRORS,2
$ROLL_ADJ_GAIN,0
$ROLL_ADJ_DBAND,0
$VBD_MIN,465
$VBD_MAX,3960
$C_VBD,2140
$VBD_DBAND,2
$VBD_CNV,-0.25119999
$VBD_TIMEOUT,720
$PITCH_VBD_SHIFT,0.0012300001
$VBD_PUMP_AD_RATE_SURFACE,5
$VBD_PUMP_AD_RATE_APOGEE,4
$VBD_BLEED_AD_RATE,8
$UNCOM_BLEED,60
$VBD_MAXERRORS,1
$W_ADJ_DBAND,2
$DBDW,0
$PITCH_W_GAIN,0
$PITCH_W_DBAND,1
$CF8_MAXERRORS,5
$AH0_24V,145
$AH0_10V,95
$MINV_24V,19
$MINV_10V,8
$FG_AHR_10V,0
$FG_AHR_24V,0
$PHONE_SUPPLY,2
$PRESSURE_YINT,-33.008354
$PRESSURE_SLOPE,0.0001165895
$AD7714Ch0Gain,128
$TCM_PITCH_OFFSET,0
$TCM_ROLL_OFFSET,0
$COMPASS_USE,4
$ALTIM_BOTTOM_PING_RANGE,0
$ALTIM_TOP_PING_RANGE,20
$ALTIM_BOTTOM_TURN_MARGIN,25
$ALTIM_TOP_TURN_MARGIN,0
$ALTIM_TOP_MIN_OBSTACLE,1
$ALTIM_PING_DEPTH,80
$ALTIM_PING_DELTA,5
$ALTIM_FREQUENCY,13
$ALTIM_PULSE,3
$ALTIM_SENSITIVITY,3
$XPDR_VALID,5
$XPDR_INHIBIT,90
$INT_PRESSURE_SLOPE,0.0097660003
$INT_PRESSURE_YINT,-0.40000001
$DEEPGLIDER,0
$DEEPGLIDERMB,0
$MOTHERBOARD,4
$DEVICE1,2
$DEVICE2,20
$DEVICE3,-1
$DEVICE4,-1
$DEVICE5,-1
$DEVICE6,-1
$LOGGERS,7
$LOGGERDEVICE1,-1
$LOGGERDEVICE2,-1
$LOGGERDEVICE3,-1
$LOGGERDEVICE4,-1
$COMPASS_DEVICE,33
$COMPASS2_DEVICE,-1
$PHONE_DEVICE,49
$GPS_DEVICE,32
$RAFOS_DEVICE,-1
$XPDR_DEVICE,24
$SIM_W,0
$SIM_PITCH,0
$SEABIRD_T_G,0.0043275012
$SEABIRD_T_H,0.0006214368
$SEABIRD_T_I,2.2085376e-05
$SEABIRD_T_J,2.2233748e-06
$SEABIRD_C_G,-10.084761
$SEABIRD_C_H,1.1595923
$SEABIRD_C_I,-0.0010180317
$SEABIRD_C_J,0.00017345669
$GPS1,040625,140710,4746.617,-12224.688,8,1.6,8,18.2
$_CALLS,1
$_XMS_NAKs,0
$_XMS_TOUTs,0
$_SM_DEPTHo,-1.49
$_SM_ANGLEo,-74.7
$GPS2,040625,141129,4746.637,-12224.665,13,1.5,13,18.2
$SPEED_LIMITS,0.173,0.260
$TGT_NAME,SOUTH_175
$TGT_LATLONG,4742.000,-12225.600
$TGT_RADIUS,200.000
$KALMAN_CONTROL,0.000,0.000
$KALMAN_X,0.0,0.0,0.0,0.0,0.0
$KALMAN_Y,0.0,0.0,0.0,0.0,0.0
$MHEAD_RNG_PITCHd_Wd,160.8,8666,-17.5,-10.000,-21.04,2225
$D_GRID,90
$GCHEAD,st_secs,pitch_ctl,vbd_ctl,pitch_ad_start,roll_ad_start,vbd_pot1_ad_start,vbd_pot2_ad_start,depth,ob_vertv,data_pts,end_secs,pitch_secs,roll_secs,vbd_secs,vbd_i,gcphase,pitch_i,roll_i,pitch_ad,roll_ad,vbd_ad,vbd_pot1_ad,vbd_pot2_ad,pitch_retries,pitch_errors,roll_retries,roll_errors,vbd_retries,vbd_errors,pitch_volts,roll_volts,vbd_volts
$STATE,13,end surface,CONTROL_FINISHED_OK
$STATE,13,begin dive
$GC,15,-0.76,-146.6,241,2057,1230,1039,0.0,0.0,0,79,0.00,0.00,-58.42,0.000,16390,0.000,0.000,241,2057,2726,2804,2648,0,0,0,0,0,0,28.83,28.83,26.40
$GC,82,-0.76,-146.6,241,2057,2805,2649,2.1,-8.9,6,101,9.65,2.05,0.00,0.000,2308,0.217,0.028,2747,3436,2733,2817,2650,0,0,0,0,0,0,25.81,26.10,28.83
$GC,125,-0.03,-146.6,2747,3436,2823,2649,14.4,-27.4,10,135,0.82,2.08,0.00,0.000,3078,0.151,0.020,2995,1973,2736,2825,2648,0,0,0,0,0,0,25.94,26.17,28.83
$GC,165,-0.08,-146.6,2994,1972,2830,2647,17.6,-7.2,14,174,0.00,2.17,0.00,0.000,4356,0.000,0.036,2994,3421,2738,2830,2647,0,0,0,0,0,0,28.83,26.15,28.83
$GC,358,-0.43,-146.6,2994,3422,2832,2647,23.2,-4.0,32,367,0.32,2.08,0.00,0.000,5126,0.060,0.018,2868,1981,2738,2831,2646,0,0,0,0,0,0,26.27,26.36,28.83
$GC,397,-0.59,-146.6,2868,1981,2831,2645,25.3,-5.3,36,407,0.12,2.00,0.00,0.000,4612,0.090,0.032,2806,622,2737,2830,2644,0,0,0,0,0,0,26.35,26.31,28.83
$GC,454,-0.51,-146.6,2806,623,2830,2644,31.2,-11.3,41,464,0.12,2.08,0.00,0.000,3078,0.137,0.024,2845,2025,2737,2830,2644,0,0,0,0,0,0,26.21,26.38,28.83
$GC,493,-0.51,-146.6,2844,2025,2830,2644,35.8,-11.7,45,495,0.00,0.00,0.00,0.000,2054,0.000,0.000,2845,2025,2737,2830,2644,0,0,0,0,0,0,28.83,28.83,28.83
$GC,522,-0.51,-146.6,2845,2025,2831,2644,39.2,-10.6,48,524,0.00,0.00,0.00,0.000,2054,0.000,0.000,2845,2025,2737,2830,2644,0,0,0,0,0,0,28.83,28.83,28.83
$GC,552,-0.51,-146.6,2844,2025,2830,2644,42.5,-11.0,51,554,0.00,0.00,0.00,0.000,2054,0.000,0.000,2845,2025,2737,2830,2644,0,0,0,0,0,0,28.83,28.83,28.83
$GC,583,-0.51,-146.6,2844,2026,2830,2644,45.9,-11.3,54,592,0.00,2.12,0.00,0.000,2308,0.000,0.039,2845,3436,2737,2831,2644,0,0,0,0,0,0,28.83,26.38,28.83
$GC,607,-0.51,-146.6,2844,3436,2830,2644,48.4,-11.2,56,616,0.00,2.08,0.00,0.000,3078,0.000,0.018,2845,1998,2737,2830,2644,0,0,0,0,0,0,28.83,26.46,28.83
$GC,646,-0.51,-146.6,2845,1997,2830,2644,52.8,-11.0,60,655,0.00,2.00,0.00,0.000,2564,0.000,0.034,2845,648,2737,2830,2644,0,0,0,0,0,0,28.83,26.41,28.83
$GC,691,-0.51,-146.6,2845,648,2830,2643,57.8,-11.3,64,699,0.00,2.05,0.00,0.000,3078,0.000,0.023,2845,2041,2737,2830,2644,0,0,0,0,0,0,28.83,26.46,28.83
$GC,730,-0.51,-146.6,2845,2040,2830,2644,62.1,-10.8,68,731,0.00,0.00,0.00,0.000,2054,0.000,0.000,2845,2041,2737,2830,2644,0,0,0,0,0,0,28.83,28.83,28.83
$GC,760,-0.51,-146.6,2845,2041,2830,2644,65.1,-9.7,71,761,0.00,0.00,0.00,0.000,2054,0.000,0.000,2845,2041,2737,2830,2644,0,0,0,0,0,0,28.83,28.83,28.83
$GC,790,-0.51,-146.6,2845,2041,2830,2644,68.1,-10.2,74,791,0.00,0.00,0.00,0.000,2054,0.000,0.000,2845,2041,2737,2830,2644,0,0,0,0,0,0,28.83,28.83,28.83
$GC,820,-0.51,-146.6,2844,2041,2830,2644,70.9,-9.3,77,821,0.00,0.00,0.00,0.000,2054,0.000,0.000,2845,2041,2737,2830,2644,0,0,0,0,0,0,28.83,28.83,28.83
$GC,850,-0.51,-146.6,2845,2041,2830,2644,73.5,-9.1,80,851,0.00,0.00,0.00,0.000,2054,0.000,0.000,2845,2041,2737,2830,2644,0,0,0,0,0,0,28.83,28.83,28.83
$GC,881,-0.51,-146.6,2845,2041,2830,2644,76.2,-8.6,83,890,0.00,2.05,0.00,0.000,2308,0.000,0.039,2845,3426,2736,2830,2643,0,0,0,0,0,0,28.83,26.46,28.83
$GC,916,-0.51,-146.6,2844,3426,2831,2644,79.2,-9.0,86,925,0.00,2.00,0.00,0.000,3078,0.000,0.018,2845,2024,2737,2830,2644,0,0,0,0,0,0,28.83,26.53,28.83
$GC,955,-0.51,-146.6,2845,2024,2830,2644,82.7,-8.3,90,956,0.00,0.00,0.00,0.000,2054,0.000,0.000,2845,2024,2737,2830,2644,0,0,0,0,0,0,28.83,28.83,28.83
$GC,985,-0.51,-146.6,2845,2024,2830,2644,85.0,-7.8,93,986,0.00,0.00,0.00,0.000,2054,0.000,0.000,2845,2024,2737,2830,2644,0,0,0,0,0,0,28.83,28.83,28.83
$GC,1015,-0.51,-146.6,2845,2024,2830,2644,87.4,-7.9,96,1016,0.00,0.00,0.00,0.000,2054,0.000,0.000,2845,2024,2737,2830,2644,0,0,0,0,0,0,28.83,28.83,28.83
$GC,1045,-0.51,-146.6,2845,2024,2830,2644,89.7,-7.9,99,1046,0.00,0.00,0.00,0.000,2054,0.000,0.000,2845,2024,2737,2830,2644,0,0,0,0,0,0,28.83,28.83,28.83
$STATE,1053,end dive,TARGET_DEPTH_EXCEEDED
$STATE,1053,begin apogee
$GC,1057,-0.27,0.0,2845,1837,2830,2644,90.4,-7.7,100,1185,0.22,0.00,119.18,0.530,10246,0.131,0.000,2919,1835,2139,2223,2056,0,0,0,0,0,0,26.36,28.83,24.96
$STATE,1187,end apogee,CONTROL_FINISHED_OK
$STATE,1187,begin climb
$GC,1188,0.76,146.6,2919,1835,2222,2055,93.5,0.0,113,1308,1.00,2.30,111.93,0.509,10500,0.095,0.032,3253,3284,1555,1673,1437,0,0,0,0,0,0,25.49,25.38,24.85
$GC,1380,0.76,146.6,3253,3284,1673,1430,72.3,13.2,132,1390,0.00,2.03,0.00,0.000,1030,0.000,0.020,3255,1900,1551,1673,1430,0,0,0,0,0,0,28.83,25.84,28.83
$GC,1420,0.76,146.6,3255,1899,1672,1429,67.1,13.2,136,1421,0.00,0.00,0.00,0.000,6,0.000,0.000,3255,1899,1550,1672,1429,0,0,0,0,0,0,28.83,28.83,28.83
$GC,1451,0.76,146.6,3255,1899,1673,1428,63.6,11.9,139,1452,0.00,0.00,0.00,0.000,6,0.000,0.000,3255,1899,1550,1672,1428,0,0,0,0,0,0,28.83,28.83,28.83
$GC,1480,0.76,146.6,3255,1899,1672,1427,60.2,11.5,142,1481,0.00,0.00,0.00,0.000,6,0.000,0.000,3255,1899,1550,1673,1427,0,0,0,0,0,0,28.83,28.83,28.83
$GC,1510,0.76,146.6,3255,1899,1672,1427,56.9,10.8,145,1511,0.00,0.00,0.00,0.000,6,0.000,0.000,3255,1899,1549,1672,1427,0,0,0,0,0,0,28.83,28.83,28.83
$GC,1540,0.76,146.6,3255,1899,1672,1427,54.0,10.0,148,1541,0.00,0.00,0.00,0.000,6,0.000,0.000,3255,1899,1549,1672,1427,0,0,0,0,0,0,28.83,28.83,28.83
$GC,1571,0.76,146.6,3255,1899,1672,1426,50.9,10.3,151,1574,0.00,2.10,0.00,0.000,516,0.000,0.038,3256,514,1549,1672,1426,0,0,0,0,0,0,28.83,26.10,28.83
$GC,1613,0.76,146.6,3255,513,1668,1426,46.6,10.0,155,1623,0.00,2.00,0.00,0.000,1030,0.000,0.019,3256,1910,1547,1668,1427,0,0,0,0,0,0,28.83,26.21,28.83
$GC,1653,0.76,146.6,3255,1911,1669,1426,42.0,11.7,159,1663,0.00,2.00,0.00,0.000,260,0.000,0.033,3256,3276,1547,1668,1426,0,0,0,0,0,0,28.83,26.20,28.83
$GC,1719,0.76,146.6,3256,3276,1668,1426,34.3,11.9,165,1728,0.00,2.05,0.00,0.000,1030,0.000,0.021,3256,1888,1547,1668,1426,0,0,0,0,0,0,28.83,26.28,28.83
$GC,1759,0.76,146.6,3256,1887,1668,1426,29.8,11.4,169,1769,0.00,2.05,0.00,0.000,516,0.000,0.040,3256,517,1547,1668,1426,0,0,0,0,0,0,28.83,26.25,28.83
$GC,1794,0.76,146.6,3256,517,1668,1426,26.1,10.7,172,1803,0.00,2.00,0.00,0.000,1030,0.000,0.019,3256,1890,1547,1668,1426,0,0,0,0,0,0,28.83,26.33,28.83
$GC,1833,0.76,146.6,3256,1889,1668,1426,21.8,10.6,176,1834,0.00,0.00,0.00,0.000,6,0.000,0.000,3256,1890,1547,1668,1426,0,0,0,0,0,0,28.83,28.83,28.83
$GC,1863,0.76,146.6,3256,1889,1668,1425,18.6,10.6,179,1867,0.00,2.08,0.00,0.000,260,0.000,0.033,3256,3288,1546,1668,1425,0,0,0,0,0,0,28.83,26.33,28.83
$GC,1916,0.76,146.6,3256,3291,1668,1425,12.5,11.5,184,1926,0.00,2.00,0.00,0.000,1030,0.000,0.019,3256,1884,1546,1668,1425,0,0,0,0,0,0,28.83,26.39,28.83
$GC,1957,0.76,146.6,3256,1884,1668,1425,8.1,11.0,188,1966,0.00,2.05,0.00,0.000,516,0.000,0.039,3256,518,1546,1668,1425,0,0,0,0,0,0,28.83,26.34,28.83
$STATE,2010,end climb,SURFACE_DEPTH_REACHED
$STATE,2010,begin surface coast
$FINISH,1.2,1.022245
$STATE,2022,end surface coast,CONTROL_FINISHED_OK
$STATE,2023,begin surface
$SM_CCo,2040,81.82,0.425,1,0,1143,250.20
$SM_GC,-1.63,8.27,2.22,81.82,0.062,0.020,0.425,235,2026,1143,-8.60,-2.01,250.20,0,0,0,0,1,0,26.41,26.43,25.22
$IRIDIUM_FIX,4729.30,-12223.11,010418,020242
$TT8_MAMPS,0.027713,0.027713
$HUMID,38.97
$INTERNAL_PRESSURE,8.448
$TCM_TEMP,19.60
$XPDR_PINGS,0
$ALTIM_TOP_PING,19.8,21.5
$24V_AH,24.9,9.084
$10V_AH,10.6,3.570
$FG_AHR_24Vo,0.000
$FG_AHR_10Vo,0.000
$DEVICES,Pitch_motor,Roll_motor,VBD_pump_during_apogee,VBD_pump_during_surface,VBD_valve,Iridium_during_init,Iridium_during_connect,Iridium_during_xfer,Transponder_ping,GUMSTIX_24V,GPS,TT8,LPSleep,TT8_Active,TT8_Sampling,TT8_CF8,TT8_Kalman,Analog_circuits,GPS_charging,Compass,RAFOS,Transponder,Compass2
$DEVICE_SECS,20.550,49.800,231.100,81.825,0.000,23.495,17.577,132.926,1.000,0.000,16.073,569.747,542.496,380.902,853.865,63.313,0.000,783.923,0.000,443.619,0.000,7.271,0.000
$DEVICE_MAMPS,217.260,146.880,530.145,424.575,0.000,43.600,160.000,223.000,420.000,0.000,28.460,13.960,2.190,13.960,37.930,44.670,0.000,16.000,0.000,15.730,0.000,30.000,0.000
$SENSORS,SBE_CT,SBE_O2,nil,nil,nil,nil,nil,nil,nil,nil
$SENSOR_SECS,128.314,484.788,0.000,0.000,0.000,0.000,0.000,0.000,0.000,0.000
$SENSOR_MAMPS,23.220,4.490,0.000,0.000,0.000,0.000,0.000,0.000,0.000,0.000
$MEM,354500
$DATA_FILE_SIZE,6877,194
$CAP_FILE_SIZE,62163,0
$CFSIZE,260165632,251576320
$ERRORS,0,0,0,0,0,0,0,0,0,0,0,0,0,1,0,0
$CURRENT,0.225,359.9,1
$GPS,040625,144828,4746.640,-12224.682,9,1.6,26,18.2
