version: 66.11
glider: 175
mission: 9
dive: 275
start: 6 9 125 22 57 59
data:
$ID,175
$MISSION,9
$DIVE,275
$N_DIVES,0
$D_SURF,3
$D_FLARE,3
$D_TGT,150
$D_ABORT,1090
$D_NO_BLEED,500
$D_BOOST,3
$T_BOOST,0
$D_FINISH,0
$D_PITCH,0
$D_SAFE,0
$D_CALL,0
$SURFACE_URGENCY,0
$SURFACE_URGENCY_TRY,0
$SURFACE_URGENCY_FORCE,0
$T_DIVE,50
$T_MISSION,65
$T_ABORT,1440
$T_TURN,300
$T_TURN_SAMPINT,5
$T_NO_W,120
$T_LOITER,0
$T_EPIRB,0
$USE_BATHY,0
$USE_ICE,0
$ICE_FREEZE_MARGIN,0.30000001
$D_OFFGRID,100
$T_WATCHDOG,10
$RELAUNCH,1
$APOGEE_PITCH,-8
$MAX_BUOY,150
$COURSE_BIAS,0
$GLIDE_SLOPE,30
$SPEED_FACTOR,1
$RHO,1.023
$MASS,51902
$MASS_COMP,0
$NAV_MODE,2
$FERRY_MAX,45
$KALMAN_USE,2
$HD_A,0.003
$HD_B,0.0099999998
$HD_C,9.9999997e-06
$HEADING,-1
$ESCAPE_HEADING,0
$ESCAPE_HEADING_DELTA,10
$FIX_MISSING_TIMEOUT,0
$TGT_DEFAULT_LAT,4743
$TGT_DEFAULT_LON,-12225
$TGT_AUTO_DEFAULT,0
$SM_CC,250
$N_FILEKB,4
$FILEMGR,0
$CALL_NDIVES,1
$COMM_SEQ,0
$PROTOCOL,9
$N_NOCOMM,1
$NOCOMM_ACTION,0
$N_NOSURFACE,0
$UPLOAD_DIVES_MAX,-1
$CALL_TRIES,5
$CALL_WAIT,60
$CAPUPLOAD,1
$CAPMAXSIZE,200000
$HEAPDBG,0
$T_GPS,15
$N_GPS,30
$T_GPS_ALMANAC,0
$T_GPS_CHARGE,-34858.961
$T_RSLEEP,2
$STROBE,0
$RAFOS_PEAK_OFFSET,1.5
$RAFOS_CORR_THRESH,60
$RAFOS_HIT_WINDOW,3600
$PITCH_MIN,255
$PITCH_MAX,3935
$C_PITCH,3053
$PITCH_DBAND,0.0099999998
$PITCH_CNV,0.003125763
$P_OVSHOOT,0.039999999
$PITCH_GAIN,30
$PITCH_TIMEOUT,17
$PITCH_AD_RATE,160
$PITCH_MAXERRORS,1
$PITCH_ADJ_GAIN,0.02
$PITCH_ADJ_DBAND,2.5
$ROLL_MIN,171
$ROLL_MAX,3723
$ROLL_DEG,40
$C_ROLL_DIVE,2033
$C_ROLL_CLIMB,1891
$HEAD_ERRBAND,10
$ROLL_CNV,0.028270001
$ROLL_TIMEOUT,15
$R_PORT_OVSHOOT,64
$R_STBD_OVSHOOT,61
$ROLL_AD_RATE,300
$ROLL_MAXERRORS,2
$ROLL_ADJ_GAIN,0
$ROLL_ADJ_DBAND,0
$VBD_MIN,465
$VBD_MAX,3960
$C_VBD,2140
$VBD_DBAND,2
$VBD_CNV,-0.25119999
$VBD_TIMEOUT,720
$PITCH_VBD_SHIFT,0.0012300001
$VBD_PUMP_AD_RATE_SURFACE,5
$VBD_PUMP_AD_RATE_APOGEE,4
$VBD_BLEED_AD_RATE,8
$UNCOM_BLEED,60
$VBD_MAXERRORS,1
$W_ADJ_DBAND,2
$DBDW,0
$PITCH_W_GAIN,0
$PITCH_W_DBAND,1
$CF8_MAXERRORS,5
$AH0_24V,145
$AH0_10V,95
$MINV_24V,19
$MINV_10V,8
$FG_AHR_10V,0
$FG_AHR_24V,0
$PHONE_SUPPLY,2
$PRESSURE_YINT,-33.008354
$PRESSURE_SLOPE,0.0001165895
$AD7714Ch0Gain,128
$TCM_PITCH_OFFSET,0
$TCM_ROLL_OFFSET,0
$COMPASS_USE,4
$ALTIM_BOTTOM_PING_RANGE,0
$ALTIM_TOP_PING_RANGE,20
$ALTIM_BOTTOM_TURN_MARGIN,25
$ALTIM_TOP_TURN_MARGIN,0
$ALTIM_TOP_MIN_OBSTACLE,1
$ALTIM_PING_DEPTH,120
$ALTIM_PING_DELTA,5
$ALTIM_FREQUENCY,13
$ALTIM_PULSE,3
$ALTIM_SENSITIVITY,3
$XPDR_VALID,5
$XPDR_INHIBIT,90
$INT_PRESSURE_SLOPE,0.0097660003
$INT_PRESSURE_YINT,-0.40000001
$DEEPGLIDER,0
$DEEPGLIDERMB,0
$MOTHERBOARD,4
$DEVICE1,2
$DEVICE2,20
$DEVICE3,-1
$DEVICE4,-1
$DEVICE5,-1
$DEVICE6,-1
$LOGGERS,7
$LOGGERDEVICE1,-1
$LOGGERDEVICE2,-1
$LOGGERDEVICE3,-1
$LOGGERDEVICE4,-1
$COMPASS_DEVICE,33
$COMPASS2_DEVICE,-1
$PHONE_DEVICE,49
$GPS_DEVICE,32
$RAFOS_DEVICE,-1
$XPDR_DEVICE,24
$SIM_W,0
$SIM_PITCH,0
$SEABIRD_T_G,0.0043275012
$SEABIRD_T_H,0.0006214368
$SEABIRD_T_I,2.2085376e-05
$SEABIRD_T_J,2.2233748e-06
$SEABIRD_C_G,-10.084761
$SEABIRD_C_H,1.1595923
$SEABIRD_C_I,-0.0010180317
$SEABIRD_C_J,0.00017345669
$GPS1,090625,225200,4745.685,-12224.715,5,1.5,13,18.2
$_CALLS,1
$_XMS_NAKs,0
$_XMS_TOUTs,0
$_SM_DEPTHo,-5.90
$_SM_ANGLEo,-74.5
$GPS2,090625,225729,4745.555,-12224.668,14,1.5,14,18.2
$SPEED_LIMITS,0.173,0.260
$TGT_NAME,MID_175E
$TGT_LATLONG,4746.000,-12224.800
$TGT_RADIUS,300.000
$KALMAN_CONTROL,0.000,0.000
$KALMAN_X,0.0,0.0,0.0,0.0,0.0
$KALMAN_Y,0.0,0.0,0.0,0.0,0.0
$MHEAD_RNG_PITCHd_Wd,332.3,841,-17.5,-10.000,-21.04,2225
$D_GRID,150
$GCHEAD,st_secs,pitch_ctl,vbd_ctl,pitch_ad_start,roll_ad_start,vbd_pot1_ad_start,vbd_pot2_ad_start,depth,ob_vertv,data_pts,end_secs,pitch_secs,roll_secs,vbd_secs,vbd_i,gcphase,pitch_i,roll_i,pitch_ad,roll_ad,vbd_ad,vbd_pot1_ad,vbd_pot2_ad,pitch_retries,pitch_errors,roll_retries,roll_errors,vbd_retries,vbd_errors,pitch_volts,roll_volts,vbd_volts
$STATE,13,end surface,CONTROL_FINISHED_OK
$STATE,13,begin dive
$GC,15,-0.76,-146.6,241,2100,1234,1032,0.0,0.0,0,78,0.00,0.00,-55.47,0.000,16390,0.000,0.000,241,2101,2727,2810,2645,0,0,0,0,0,0,28.83,28.83,26.43
$GC,81,-0.76,-146.6,241,2101,2811,2646,0.1,-14.1,6,100,9.85,1.95,0.00,0.000,2308,0.218,0.026,2788,3436,2734,2822,2646,0,0,0,0,0,0,25.77,26.15,28.83
$GC,157,-0.64,-146.6,2788,3436,2829,2646,16.4,-12.6,13,166,0.17,2.08,0.00,0.000,3078,0.138,0.021,2844,2006,2737,2829,2646,0,0,0,0,0,0,25.98,26.22,28.83
$GC,196,-0.58,-146.6,2844,2004,2830,2644,20.9,-11.3,17,198,0.08,0.00,0.00,0.000,2054,0.188,0.000,2861,2004,2738,2831,2645,0,0,0,0,0,0,26.18,28.83,28.83
$GC,228,-0.58,-146.6,2860,2004,2831,2645,23.6,-8.7,20,238,0.00,2.12,0.00,0.000,2308,0.000,0.037,2859,3418,2738,2831,2645,0,0,0,0,0,0,28.83,26.22,28.83
$GC,283,-0.58,-146.6,2859,3418,2832,2645,28.4,-8.2,25,292,0.00,1.95,0.00,0.000,3078,0.000,0.019,2859,2041,2738,2832,2645,0,0,0,0,0,0,28.83,26.32,28.83
$GC,323,-0.58,-146.6,2859,2040,2832,2645,31.7,-8.2,29,332,0.00,2.08,0.00,0.000,2564,0.000,0.034,2859,652,2737,2831,2644,0,0,0,0,0,0,28.83,26.28,28.83
$GC,380,-0.58,-146.6,2859,652,2832,2644,36.2,-7.8,34,387,0.00,2.03,0.00,0.000,3078,0.000,0.023,2859,2024,2738,2832,2644,0,0,0,0,0,0,28.83,26.35,28.83
$GC,419,-0.58,-146.6,2859,2024,2832,2644,38.7,-6.1,38,429,0.00,2.08,0.00,0.000,2308,0.000,0.037,2859,3425,2738,2832,2644,0,0,0,0,0,0,28.83,26.32,28.83
$GC,474,-0.58,-146.6,2859,3425,2833,2644,42.0,-5.7,43,484,0.00,1.98,0.00,0.000,3078,0.000,0.018,2859,2015,2738,2833,2644,0,0,0,0,0,0,28.83,26.42,28.83
$GC,514,-0.58,-146.6,2859,2015,2833,2644,44.6,-6.6,47,515,0.00,0.00,0.00,0.000,2054,0.000,0.000,2859,2015,2738,2833,2644,0,0,0,0,0,0,28.83,28.83,28.83
$GC,544,-0.58,-146.6,2860,2015,2833,2644,46.7,-6.7,50,545,0.00,0.00,0.00,0.000,2054,0.000,0.000,2859,2015,2738,2833,2643,0,0,0,0,0,0,28.83,28.83,28.83
$GC,574,-0.58,-146.6,2859,2015,2834,2643,48.8,-6.9,53,583,0.00,2.10,0.00,0.000,2308,0.000,0.037,2859,3426,2738,2833,2644,0,0,0,0,0,0,28.83,26.38,28.83
$GC,620,-0.58,-146.6,2859,3426,2834,2644,51.9,-7.0,57,628,0.00,2.00,0.00,0.000,3078,0.000,0.018,2859,2028,2739,2834,2644,0,0,0,0,0,0,28.83,26.47,28.83
$GC,659,-0.58,-146.6,2859,2027,2834,2644,54.9,-7.3,61,660,0.00,0.00,0.00,0.000,2054,0.000,0.000,2859,2027,2739,2834,2644,0,0,0,0,0,0,28.83,28.83,28.83
$GC,689,-0.58,-146.6,2859,2027,2834,2644,57.1,-7.3,64,698,0.00,2.00,0.00,0.000,2564,0.000,0.034,2859,664,2738,2834,2643,0,0,0,0,0,0,28.83,26.41,28.83
$GC,775,-0.58,-146.6,2859,663,2834,2643,64.6,-8.9,72,784,0.00,1.95,0.00,0.000,3078,0.000,0.023,2859,2034,2738,2834,2643,0,0,0,0,0,0,28.83,26.48,28.83
$GC,816,-0.58,-146.6,2859,2034,2834,2643,67.7,-7.5,76,825,0.00,2.05,0.00,0.000,2308,0.000,0.037,2859,3422,2738,2834,2643,0,0,0,0,0,0,28.83,26.44,28.83
$GC,860,-0.64,-146.6,2859,3422,2834,2644,71.0,-7.6,80,869,0.00,1.92,0.00,0.000,5126,0.000,0.018,2859,2026,2738,2834,2643,0,0,0,0,0,0,28.83,26.53,28.83
$GC,900,-0.69,-146.6,2859,2026,2834,2643,74.1,-7.7,84,910,0.10,1.98,0.00,0.000,4612,0.108,0.032,2816,665,2738,2834,2643,0,0,0,0,0,0,26.52,26.46,28.83
$GC,946,-0.69,-146.6,2816,665,2834,2642,78.7,-10.2,88,955,0.03,2.03,0.00,0.000,3078,0.190,0.024,2822,2035,2738,2834,2642,0,0,0,0,0,0,26.35,26.51,28.83
$GC,985,-0.69,-146.6,2821,2035,2834,2643,82.4,-8.9,92,989,0.00,2.10,0.00,0.000,2308,0.000,0.037,2821,3436,2738,2834,2643,0,0,0,0,0,0,28.83,26.46,28.83
$GC,1019,-0.69,-146.6,2820,3436,2834,2643,85.4,-8.9,95,1028,0.00,2.00,0.00,0.000,3078,0.000,0.019,2821,2041,2738,2834,2643,0,0,0,0,0,0,28.83,26.54,28.83
$GC,1058,-0.69,-146.6,2820,2040,2834,2643,89.1,-9.0,99,1062,0.00,2.05,0.00,0.000,2564,0.000,0.033,2820,659,2738,2834,2643,0,0,0,0,0,0,28.83,26.48,28.83
$GC,1103,-0.69,-146.6,2820,658,2833,2642,93.3,-9.8,103,1112,0.00,2.03,0.00,0.000,3078,0.000,0.023,2820,2039,2738,2834,2642,0,0,0,0,0,0,28.83,26.53,28.83
$GC,1141,-0.69,-146.6,2820,2039,2834,2642,96.9,-8.9,107,1142,0.00,0.00,0.00,0.000,2054,0.000,0.000,2820,2039,2738,2834,2642,0,0,0,0,0,0,28.83,28.83,28.83
$GC,1171,-0.69,-146.6,2820,2039,2834,2642,99.3,-8.0,110,1172,0.00,0.00,0.00,0.000,2054,0.000,0.000,2820,2039,2738,2834,2642,0,0,0,0,0,0,28.83,28.83,28.83
$GC,1201,-0.69,-146.6,2820,2039,2834,2642,101.8,-8.4,113,1202,0.00,0.00,0.00,0.000,2054,0.000,0.000,2820,2039,2738,2834,2642,0,0,0,0,0,0,28.83,28.83,28.83
$GC,1232,-0.69,-146.6,2820,2040,2834,2642,104.3,-8.2,116,1241,0.00,2.05,0.00,0.000,2308,0.000,0.038,2820,3425,2738,2834,2642,0,0,0,0,0,0,28.83,26.49,28.83
$GC,1288,-0.69,-146.6,2820,3425,2834,2643,109.2,-8.9,121,1296,0.00,2.00,0.00,0.000,3078,0.000,0.018,2820,2033,2738,2834,2642,0,0,0,0,0,0,28.83,26.58,28.83
$GC,1326,-0.69,-146.6,2820,2032,2834,2642,113.2,-9.9,125,1330,0.00,2.05,0.00,0.000,2564,0.000,0.034,2820,651,2738,2834,2642,0,0,0,0,0,0,28.83,26.51,28.83
$GC,1380,-0.69,-146.6,2820,651,2834,2642,118.7,-10.2,130,1390,0.00,2.00,0.00,0.000,3078,0.000,0.023,2820,2045,2738,2834,2642,0,0,0,0,0,0,28.83,26.55,28.83
$GC,1421,-0.69,-146.6,2820,2044,2834,2642,122.3,-8.8,134,1422,0.00,0.00,0.00,0.000,2054,0.000,0.000,2820,2045,2738,2835,2642,0,0,0,0,0,0,28.83,28.83,28.83
$GC,1451,-0.69,-146.6,2820,2044,2834,2642,125.1,-9.4,137,1452,0.00,0.00,0.00,0.000,2054,0.000,0.000,2820,2045,2738,2834,2642,0,0,0,0,0,0,28.83,28.83,28.83
$GC,1481,-0.69,-146.6,2820,2044,2834,2641,127.6,-8.5,140,1482,0.00,0.00,0.00,0.000,2054,0.000,0.000,2820,2044,2738,2834,2642,0,0,0,0,0,0,28.83,28.83,28.83
$GC,1511,-0.69,-146.6,2820,2044,2834,2642,129.8,-7.3,143,1512,0.00,0.00,0.00,0.000,2054,0.000,0.000,2820,2044,2738,2834,2642,0,0,0,0,0,0,28.83,28.83,28.83
$GC,1540,-0.69,-146.6,2820,2044,2834,2642,131.8,-6.8,146,1542,0.00,0.00,0.00,0.000,2054,0.000,0.000,2820,2044,2738,2834,2642,0,0,0,0,0,0,28.83,28.83,28.83
$GC,1570,-0.69,-146.6,2820,2044,2834,2642,133.7,-6.4,149,1572,0.00,0.00,0.00,0.000,2054,0.000,0.000,2821,2044,2738,2834,2642,0,0,0,0,0,0,28.83,28.83,28.83
$GC,1601,-0.69,-146.6,2820,2044,2834,2642,135.6,-6.2,152,1602,0.00,0.00,0.00,0.000,2054,0.000,0.000,2821,2045,2738,2834,2642,0,0,0,0,0,0,28.83,28.83,28.83
$GC,1631,-0.69,-146.6,2820,2044,2834,2642,137.8,-6.9,155,1632,0.00,0.00,0.00,0.000,2054,0.000,0.000,2820,2044,2738,2834,2642,0,0,0,0,0,0,28.83,28.83,28.83
$GC,1661,-0.69,-146.6,2820,2044,2834,2642,140.0,-7.3,158,1673,0.00,2.05,0.00,0.000,2308,0.000,0.038,2820,3432,2738,2834,2642,0,0,0,0,0,0,28.83,26.52,28.83
$GC,1709,-0.69,-146.6,2820,3432,2834,2642,143.5,-7.3,162,1718,0.00,1.92,0.00,0.000,3078,0.000,0.018,2820,2033,2738,2834,2642,0,0,0,0,0,0,28.83,26.60,28.83
$GC,1748,-0.69,-146.6,2820,2033,2834,2642,146.2,-6.8,166,1757,0.00,2.00,0.00,0.000,2564,0.000,0.034,2820,664,2738,2834,2642,0,0,0,0,0,0,28.83,26.53,28.83
$STATE,1801,end dive,TARGET_DEPTH_EXCEEDED
$STATE,1801,begin apogee
$GC,1808,-0.27,0.0,2820,1907,2834,2641,150.6,-8.2,171,1933,0.43,0.00,119.70,0.586,10246,0.130,0.000,2959,1907,2139,2225,2054,0,0,0,0,0,0,26.36,28.83,24.95
$STATE,1935,end apogee,CONTROL_FINISHED_OK
$STATE,1935,begin climb
$GC,1937,0.76,146.6,2959,1907,2225,2052,152.6,0.0,184,2056,1.00,2.22,111.70,0.565,11012,0.096,0.037,3302,528,1555,1675,1436,0,0,0,0,0,0,25.47,25.37,24.85
$GC,2067,0.67,146.6,3301,528,1672,1434,137.8,15.0,197,2076,0.10,2.08,0.00,0.000,5126,0.146,0.019,3272,1911,1552,1671,1434,0,0,0,0,0,0,25.39,25.56,28.83
$GC,2106,0.60,146.6,3272,1911,1671,1431,131.0,16.8,201,2108,0.10,0.00,0.00,0.000,4102,0.174,0.000,3248,1912,1551,1671,1431,0,0,0,0,0,0,25.63,28.83,28.83
$GC,2139,0.60,146.6,3248,1913,1671,1429,126.4,15.2,204,2145,0.00,0.00,0.00,0.000,6,0.000,0.000,3248,1913,1550,1671,1429,0,0,0,0,0,0,28.83,28.83,28.83
$GC,2177,0.60,146.6,3248,1913,1671,1428,120.7,14.3,208,2178,0.00,0.00,0.00,0.000,6,0.000,0.000,3248,1913,1549,1671,1428,0,0,0,0,0,0,28.83,28.83,28.83
$GC,2206,0.60,146.6,3248,1913,1671,1427,116.7,13.6,211,2207,0.00,0.00,0.00,0.000,6,0.000,0.000,3248,1913,1549,1671,1427,0,0,0,0,0,0,28.83,28.83,28.83
$GC,2236,0.60,146.6,3248,1912,1671,1427,112.6,13.7,214,2237,0.00,0.00,0.00,0.000,6,0.000,0.000,3248,1912,1549,1671,1427,0,0,0,0,0,0,28.83,28.83,28.83
$GC,2266,0.60,146.6,3248,1912,1671,1427,108.4,14.0,217,2276,0.00,2.00,0.00,0.000,260,0.000,0.032,3249,3277,1548,1671,1426,0,0,0,0,0,0,28.83,26.07,28.83
$GC,2289,0.60,146.6,3248,3277,1671,1426,105.1,14.1,219,2299,0.00,1.98,0.00,0.000,5126,0.000,0.020,3251,1904,1548,1671,1426,0,0,0,0,0,0,28.83,26.13,28.83
$GC,2329,0.60,146.6,3251,1903,1671,1426,98.9,15.2,223,2330,0.00,0.00,0.00,0.000,4102,0.000,0.000,3251,1904,1548,1671,1426,0,0,0,0,0,0,28.83,28.83,28.83
$GC,2359,0.60,146.6,3251,1903,1671,1425,94.6,14.5,226,2360,0.00,0.00,0.00,0.000,4102,0.000,0.000,3251,1902,1548,1670,1426,0,0,0,0,0,0,28.83,28.83,28.83
$GC,2389,0.60,146.6,3251,1903,1671,1426,90.3,14.4,229,2390,0.00,0.00,0.00,0.000,4102,0.000,0.000,3251,1903,1548,1670,1426,0,0,0,0,0,0,28.83,28.83,28.83
$GC,2419,0.60,146.6,3251,1902,1671,1426,86.1,14.0,232,2429,0.00,2.03,0.00,0.000,4356,0.000,0.033,3251,3267,1548,1670,1426,0,0,0,0,0,0,28.83,26.21,28.83
$GC,2433,0.60,146.6,3251,3267,1670,1425,84.9,13.9,233,2442,0.00,2.03,0.00,0.000,5126,0.000,0.018,3252,1883,1547,1670,1425,0,0,0,0,0,0,28.83,26.27,28.83
$GC,2473,0.60,146.6,3251,1881,1670,1425,78.7,14.4,237,2480,0.00,0.00,0.00,0.000,4102,0.000,0.000,3252,1881,1547,1670,1425,0,0,0,0,0,0,28.83,28.83,28.83
$GC,2512,0.60,146.6,3251,1881,1670,1425,73.6,13.0,241,2513,0.00,0.00,0.00,0.000,4102,0.000,0.000,3252,1881,1548,1671,1425,0,0,0,0,0,0,28.83,28.83,28.83
$GC,2542,0.60,146.6,3251,1881,1670,1425,70.0,12.0,244,2552,0.00,2.05,0.00,0.000,4612,0.000,0.040,3251,517,1547,1670,1425,0,0,0,0,0,0,28.83,26.26,28.83
$GC,2565,0.60,146.6,3251,517,1668,1425,67.3,11.9,246,2574,0.00,1.95,0.00,0.000,5126,0.000,0.019,3251,1883,1546,1668,1425,0,0,0,0,0,0,28.83,26.34,28.83
$GC,2605,0.60,146.6,3251,1883,1668,1425,62.7,11.6,250,2614,0.00,2.08,0.00,0.000,4356,0.000,0.032,3252,3285,1546,1668,1425,0,0,0,0,0,0,28.83,26.32,28.83
$GC,2639,0.60,146.6,3251,3285,1669,1425,58.4,12.3,253,2648,0.00,2.00,0.00,0.000,5126,0.000,0.019,3251,1880,1546,1668,1425,0,0,0,0,0,0,28.83,26.38,28.83
$GC,2678,0.60,146.6,3251,1880,1668,1425,53.1,13.3,257,2680,0.00,0.00,0.00,0.000,4102,0.000,0.000,3252,1879,1546,1668,1425,0,0,0,0,0,0,28.83,28.83,28.83
$GC,2709,0.60,146.6,3251,1879,1668,1425,49.4,12.6,260,2718,0.00,2.08,0.00,0.000,4356,0.000,0.032,3252,3288,1546,1668,1425,0,0,0,0,0,0,28.83,26.36,28.83
$GC,2743,0.60,146.6,3251,3288,1668,1425,44.7,13.8,263,2753,0.00,2.03,0.00,0.000,5126,0.000,0.021,3252,1900,1546,1668,1425,0,0,0,0,0,0,28.83,26.41,28.83
$GC,2783,0.60,146.6,3251,1900,1668,1425,39.6,12.7,267,2784,0.00,0.00,0.00,0.000,4102,0.000,0.000,3252,1900,1546,1668,1425,0,0,0,0,0,0,28.83,28.83,28.83
$GC,2814,0.60,146.6,3251,1899,1668,1425,36.0,11.7,270,2821,0.00,0.00,0.00,0.000,4102,0.000,0.000,3251,1900,1546,1668,1425,0,0,0,0,0,0,28.83,28.83,28.83
$GC,2854,0.60,146.6,3251,1899,1668,1425,31.9,10.2,274,2860,0.00,0.00,0.00,0.000,4102,0.000,0.000,3252,1899,1546,1668,1425,0,0,0,0,0,0,28.83,28.83,28.83
$GC,2892,0.60,146.6,3251,1899,1668,1425,28.5,8.8,278,2896,0.00,2.10,0.00,0.000,4612,0.000,0.037,3252,505,1546,1669,1424,0,0,0,0,0,0,28.83,26.39,28.83
$GC,2906,0.60,146.6,2432,504,1638,1422,27.4,8.9,279,2915,0.00,2.03,0.00,0.000,5126,0.000,0.018,3252,1903,1546,1668,1424,0,0,0,0,0,0,28.83,26.46,28.83
$GC,2944,0.60,146.6,3251,1903,1668,1424,24.0,8.7,283,2945,0.00,0.00,0.00,0.000,4102,0.000,0.000,3252,1903,1546,1668,1424,0,0,0,0,0,0,28.83,28.83,28.83
$GC,2976,0.60,146.6,3251,1902,1668,1424,20.9,10.0,286,2982,0.00,0.00,0.00,0.000,4102,0.000,0.000,3252,1902,1546,1668,1424,0,0,0,0,0,0,28.83,28.83,28.83
$GC,3014,0.60,146.6,3251,1903,1668,1424,16.4,11.3,290,3015,0.00,0.00,0.00,0.000,4102,0.000,0.000,3251,1903,1546,1668,1424,0,0,0,0,0,0,28.83,28.83,28.83
$GC,3044,0.60,146.6,3251,1903,1668,1424,13.3,10.7,293,3045,0.00,0.00,0.00,0.000,4102,0.000,0.000,3252,1903,1546,1668,1424,0,0,0,0,0,0,28.83,28.83,28.83
$GC,3075,0.60,146.6,3251,1902,1668,1424,10.3,10.0,296,3076,0.00,0.00,0.00,0.000,4102,0.000,0.000,3252,1903,1546,1668,1424,0,0,0,0,0,0,28.83,28.83,28.83
$GC,3104,0.60,146.6,3251,1902,1668,1424,7.4,9.8,299,3105,0.00,0.00,0.00,0.000,4102,0.000,0.000,3252,1903,1546,1668,1424,0,0,0,0,0,0,28.83,28.83,28.83
$GC,3134,0.60,146.6,3251,1902,1668,1424,4.4,9.8,302,3135,0.00,0.00,0.00,0.000,4102,0.000,0.000,3251,1903,1546,1668,1424,0,0,0,0,0,0,28.83,28.83,28.83
$STATE,3153,end climb,SURFACE_DEPTH_REACHED
$STATE,3153,begin surface coast
$FINISH,-0.1,1.022148
$STATE,3174,end surface coast,CONTROL_FINISHED_OK
$STATE,3174,begin surface
$SM_CCo,3190,82.75,0.446,1,0,1143,250.20
$SM_GC,-5.60,8.23,0.15,82.75,0.061,0.067,0.446,241,2105,1143,-8.72,-1.70,250.20,0,0,0,0,1,0,26.46,26.54,25.22
$IRIDIUM_FIX,4726.11,-12219.67,060418,111136
$TT8_MAMPS,0.027713,0.027713
$HUMID,39.68
$INTERNAL_PRESSURE,8.448
$TCM_TEMP,19.50
$XPDR_PINGS,0
$ALTIM_TOP_PING,18.6,24.8
$24V_AH,24.9,17.284
$10V_AH,10.4,7.516
$FG_AHR_24Vo,0.000
$FG_AHR_10Vo,0.000
$DEVICES,Pitch_motor,Roll_motor,VBD_pump_during_apogee,VBD_pump_during_surface,VBD_valve,Iridium_during_init,Iridium_during_connect,Iridium_during_xfer,Transponder_ping,GUMSTIX_24V,GPS,TT8,LPSleep,TT8_Active,TT8_Sampling,TT8_CF8,TT8_Kalman,Analog_circuits,GPS_charging,Compass,RAFOS,Transponder,Compass2
$DEVICE_SECS,20.075,85.125,231.400,82.750,0.000,24.228,16.817,181.491,2.000,0.000,18.785,906.254,888.493,472.565,1215.113,142.106,0.000,1056.403,0.000,628.555,0.000,13.763,0.000
$DEVICE_MAMPS,218.025,67.320,585.990,445.995,0.000,43.600,160.000,223.000,420.000,0.000,28.460,13.960,2.190,13.960,37.930,44.670,0.000,16.000,0.000,15.730,0.000,30.000,0.000
$SENSORS,SBE_CT,SBE_O2,nil,nil,nil,nil,nil,nil,nil,nil
$SENSOR_SECS,203.338,769.585,0.000,0.000,0.000,0.000,0.000,0.000,0.000,0.000
$SENSOR_MAMPS,23.220,4.490,0.000,0.000,0.000,0.000,0.000,0.000,0.000,0.000
$MEM,354540
$DATA_FILE_SIZE,13539,306
$CAP_FILE_SIZE,100004,0
$CFSIZE,260165632,246005760
$ERRORS,0,0,0,0,0,0,0,0,0,0,0,0,0,1,0,0
$CURRENT,0.145,169.6,1
$GPS,090625,235357,4745.702,-12224.688,12,1.0,40,18.2
