version: 66.11
glider: 175
mission: 9
dive: 67
start: 6 2 125 5 34 34
data:
$ID,175
$MISSION,9
$DIVE,67
$N_DIVES,0
$D_SURF,3
$D_FLARE,3
$D_TGT,210
$D_ABORT,1090
$D_NO_BLEED,500
$D_BOOST,3
$T_BOOST,0
$D_FINISH,0
$D_PITCH,0
$D_SAFE,0
$D_CALL,0
$SURFACE_URGENCY,0
$SURFACE_URGENCY_TRY,0
$SURFACE_URGENCY_FORCE,0
$T_DIVE,70
$T_MISSION,85
$T_ABORT,1440
$T_TURN,300
$T_TURN_SAMPINT,5
$T_NO_W,120
$T_LOITER,0
$T_EPIRB,0
$USE_BATHY,0
$USE_ICE,0
$ICE_FREEZE_MARGIN,0.30000001
$D_OFFGRID,100
$T_WATCHDOG,10
$RELAUNCH,1
$APOGEE_PITCH,-8
$MAX_BUOY,150
$COURSE_BIAS,0
$GLIDE_SLOPE,30
$SPEED_FACTOR,1
$RHO,1.023
$MASS,51902
$MASS_COMP,0
$NAV_MODE,2
$FERRY_MAX,45
$KALMAN_USE,2
$HD_A,0.003
$HD_B,0.0099999998
$HD_C,9.9999997e-06
$HEADING,-1
$ESCAPE_HEADING,0
$ESCAPE_HEADING_DELTA,10
$FIX_MISSING_TIMEOUT,0
$TGT_DEFAULT_LAT,4743
$TGT_DEFAULT_LON,-12225
$TGT_AUTO_DEFAULT,0
$SM_CC,250
$N_FILEKB,4
$FILEMGR,0
$CALL_NDIVES,1
$COMM_SEQ,0
$PROTOCOL,9
$N_NOCOMM,1
$NOCOMM_ACTION,0
$N_NOSURFACE,0
$UPLOAD_DIVES_MAX,-1
$CALL_TRIES,5
$CALL_WAIT,60
$CAPUPLOAD,1
$CAPMAXSIZE,200000
$HEAPDBG,0
$T_GPS,15
$N_GPS,30
$T_GPS_ALMANAC,0
$T_GPS_CHARGE,-34556.543
$T_RSLEEP,2
$STROBE,0
$RAFOS_PEAK_OFFSET,1.5
$RAFOS_CORR_THRESH,60
$RAFOS_HIT_WINDOW,3600
$PITCH_MIN,255
$PITCH_MAX,3935
$C_PITCH,3013
$PITCH_DBAND,0.0099999998
$PITCH_CNV,0.003125763
$P_OVSHOOT,0.039999999
$PITCH_GAIN,30
$PITCH_TIMEOUT,17
$PITCH_AD_RATE,160
$PITCH_MAXERRORS,1
$PITCH_ADJ_GAIN,0.02
$PITCH_ADJ_DBAND,2.5
$ROLL_MIN,171
$ROLL_MAX,3723
$ROLL_DEG,40
$C_ROLL_DIVE,2033
$C_ROLL_CLIMB,1891
$HEAD_ERRBAND,10
$ROLL_CNV,0.028270001
$ROLL_TIMEOUT,15
$R_PORT_OVSHOOT,68
$R_STBD_OVSHOOT,106
$ROLL_AD_RATE,300
$ROLL_MAXERRORS,2
$ROLL_ADJ_GAIN,0
$ROLL_ADJ_DBAND,0
$VBD_MIN,465
$VBD_MAX,3960
$C_VBD,2140
$VBD_DBAND,2
$VBD_CNV,-0.25119999
$VBD_TIMEOUT,720
$PITCH_VBD_SHIFT,0.0012300001
$VBD_PUMP_AD_RATE_SURFACE,5
$VBD_PUMP_AD_RATE_APOGEE,4
$VBD_BLEED_AD_RATE,8
$UNCOM_BLEED,60
$VBD_MAXERRORS,1
$W_ADJ_DBAND,2
$DBDW,0
$PITCH_W_GAIN,0
$PITCH_W_DBAND,1
$CF8_MAXERRORS,5
$AH0_24V,145
$AH0_10V,95
$MINV_24V,19
$MINV_10V,8
$FG_AHR_10V,0
$FG_AHR_24V,0
$PHONE_SUPPLY,2
$PRESSURE_YINT,-33.008354
$PRESSURE_SLOPE,0.0001165895
$AD7714Ch0Gain,128
$TCM_PITCH_OFFSET,0
$TCM_ROLL_OFFSET,0
$COMPASS_USE,4
$ALTIM_BOTTOM_PING_RANGE,0
$ALTIM_TOP_PING_RANGE,20
$ALTIM_BOTTOM_TURN_MARGIN,25
$ALTIM_TOP_TURN_MARGIN,0
$ALTIM_TOP_MIN_OBSTACLE,1
$ALTIM_PING_DEPTH,100
$ALTIM_PING_DELTA,5
$ALTIM_FREQUENCY,13
$ALTIM_PULSE,3
$ALTIM_SENSITIVITY,3
$XPDR_VALID,5
$XPDR_INHIBIT,90
$INT_PRESSURE_SLOPE,0.0097660003
$INT_PRESSURE_YINT,-0.40000001
$DEEPGLIDER,0
$DEEPGLIDERMB,0
$MOTHERBOARD,4
$DEVICE1,2
$DEVICE2,20
$DEVICE3,-1
$DEVICE4,-1
$DEVICE5,-1
$DEVICE6,-1
$LOGGERS,7
$LOGGERDEVICE1,-1
$LOGGERDEVICE2,-1
$LOGGERDEVICE3,-1
$LOGGERDEVICE4,-1
$COMPASS_DEVICE,33
$COMPASS2_DEVICE,-1
$PHONE_DEVICE,49
$GPS_DEVICE,32
$RAFOS_DEVICE,-1
$XPDR_DEVICE,24
$SIM_W,0
$SIM_PITCH,0
$SEABIRD_T_G,0.0043275012
$SEABIRD_T_H,0.0006214368
$SEABIRD_T_I,2.2085376e-05
$SEABIRD_T_J,2.2233748e-06
$SEABIRD_C_G,-10.084761
$SEABIRD_C_H,1.1595923
$SEABIRD_C_I,-0.0010180317
$SEABIRD_C_J,0.00017345669
$GPS1,020625,053017,4746.178,-12225.026,11,1.3,11,18.2
$_CALLS,1
$_XMS_NAKs,0
$_XMS_TOUTs,0
$_SM_DEPTHo,0.17
$_SM_ANGLEo,-72.8
$GPS2,020625,053404,4746.183,-12225.021,11,1.3,11,18.2
$SPEED_LIMITS,0.173,0.260
$TGT_NAME,MID_175W
$TGT_LATLONG,4746.000,-12225.100
$TGT_RADIUS,300.000
$KALMAN_CONTROL,0.000,0.000
$KALMAN_X,0.0,0.0,0.0,0.0,0.0
$KALMAN_Y,0.0,0.0,0.0,0.0,0.0
$MHEAD_RNG_PITCHd_Wd,185.6,352,-27.2,-10.000,-30.00,962
$D_GRID,210
$GCHEAD,st_secs,pitch_ctl,vbd_ctl,pitch_ad_start,roll_ad_start,vbd_pot1_ad_start,vbd_pot2_ad_start,depth,ob_vertv,data_pts,end_secs,pitch_secs,roll_secs,vbd_secs,vbd_i,gcphase,pitch_i,roll_i,pitch_ad,roll_ad,vbd_ad,vbd_pot1_ad,vbd_pot2_ad,pitch_retries,pitch_errors,roll_retries,roll_errors,vbd_retries,vbd_errors,pitch_volts,roll_volts,vbd_volts
$STATE,13,end surface,CONTROL_FINISHED_OK
$STATE,13,begin dive
$GC,14,-0.99,-63.1,242,2071,1230,1042,0.0,0.0,0,69,0.00,0.00,-47.45,0.000,16390,0.000,0.000,243,2071,2393,2456,2331,0,0,0,0,0,0,28.83,28.83,26.38
$GC,72,-1.03,-100.1,243,2071,2456,2332,2.6,-6.1,5,92,9.45,2.03,-3.58,0.000,18692,0.223,0.050,2664,3387,2543,2629,2457,0,0,0,0,0,0,25.81,26.08,26.32
$GC,400,-0.91,-100.1,2664,3387,2637,2461,66.1,-19.4,36,410,0.17,1.92,0.00,0.000,3078,0.177,0.020,2712,2008,2548,2637,2460,0,0,0,0,0,0,26.15,26.37,28.83
$GC,439,-0.83,-100.1,2712,2008,2637,2460,72.9,-16.7,40,441,0.12,0.00,0.00,0.000,2054,0.184,0.000,2742,2007,2549,2637,2461,0,0,0,0,0,0,26.20,28.83,28.83
$GC,471,-0.83,-100.1,2742,2007,2637,2460,77.1,-14.5,43,480,0.00,1.98,0.00,0.000,2564,0.000,0.035,2743,664,2549,2637,2461,0,0,0,0,0,0,28.83,26.36,28.83
$GC,558,-0.83,-100.1,2742,664,2637,2460,89.9,-14.8,51,566,0.00,1.95,0.00,0.000,3078,0.000,0.024,2739,1979,2548,2637,2460,0,0,0,0,0,0,28.83,26.43,28.83
$GC,597,-0.83,-100.1,2739,1979,2637,2460,95.6,-13.9,55,598,0.00,0.00,0.00,0.000,2054,0.000,0.000,2739,1979,2548,2637,2460,0,0,0,0,0,0,28.83,28.83,28.83
$GC,626,-0.83,-100.1,2739,1978,2637,2460,99.5,-13.1,58,628,0.00,0.00,0.00,0.000,2054,0.000,0.000,2739,1978,2549,2637,2461,0,0,0,0,0,0,28.83,28.83,28.83
$GC,656,-0.83,-100.1,2739,1979,2637,2460,103.3,-12.9,61,658,0.00,0.00,0.00,0.000,2054,0.000,0.000,2739,1979,2549,2637,2461,0,0,0,0,0,0,28.83,28.83,28.83
$GC,686,-0.83,-100.1,2739,1979,2637,2460,107.2,-12.9,64,688,0.00,0.00,0.00,0.000,2054,0.000,0.000,2739,1979,2549,2638,2460,0,0,0,0,0,0,28.83,28.83,28.83
$GC,718,-0.83,-100.1,2739,1979,2638,2460,111.1,-13.3,67,719,0.00,0.00,0.00,0.000,2054,0.000,0.000,2739,1979,2548,2637,2460,0,0,0,0,0,0,28.83,28.83,28.83
$GC,747,-0.83,-100.1,2739,1979,2637,2460,115.2,-13.4,70,748,0.00,0.00,0.00,0.000,2054,0.000,0.000,2739,1979,2548,2637,2460,0,0,0,0,0,0,28.83,28.83,28.83
$GC,776,-0.83,-100.1,2739,1979,2637,2460,119.2,-13.3,73,780,0.00,2.10,0.00,0.000,2308,0.000,0.037,2738,3378,2548,2637,2460,0,0,0,0,0,0,28.83,26.45,28.83
$GC,822,-0.83,-100.1,2738,3379,2637,2461,125.6,-14.7,77,832,0.00,1.88,0.00,0.000,3078,0.000,0.018,2738,2027,2549,2637,2461,0,0,0,0,0,0,28.83,26.52,28.83
$GC,860,-0.83,-100.1,2737,2027,2637,2460,131.2,-14.1,81,861,0.00,0.00,0.00,0.000,2054,0.000,0.000,2738,2027,2549,2637,2461,0,0,0,0,0,0,28.83,28.83,28.83
$GC,890,-0.83,-100.1,2738,2027,2637,2461,135.3,-13.5,84,891,0.00,0.00,0.00,0.000,2054,0.000,0.000,2738,2027,2549,2638,2460,0,0,0,0,0,0,28.83,28.83,28.83
$GC,920,-0.83,-100.1,2738,2028,2638,2460,139.3,-13.5,87,921,0.00,0.00,0.00,0.000,2054,0.000,0.000,2738,2027,2548,2637,2460,0,0,0,0,0,0,28.83,28.83,28.83
$GC,950,-0.83,-100.1,2738,2027,2638,2460,143.4,-13.5,90,951,0.00,0.00,0.00,0.000,2054,0.000,0.000,2738,2027,2549,2638,2460,0,0,0,0,0,0,28.83,28.83,28.83
$GC,979,-0.83,-100.1,2738,2027,2637,2460,147.5,-13.9,93,981,0.00,0.00,0.00,0.000,2054,0.000,0.000,2738,2027,2549,2637,2461,0,0,0,0,0,0,28.83,28.83,28.83
$GC,1010,-0.83,-100.1,2738,2027,2637,2460,151.9,-14.5,96,1011,0.00,0.00,0.00,0.000,2054,0.000,0.000,2738,2027,2549,2638,2460,0,0,0,0,0,0,28.83,28.83,28.83
$GC,1040,-0.83,-100.1,2738,2027,2637,2460,156.2,-14.4,99,1041,0.00,0.00,0.00,0.000,2054,0.000,0.000,2738,2027,2548,2637,2460,0,0,0,0,0,0,28.83,28.83,28.83
$GC,1070,-0.83,-100.1,2738,2027,2638,2460,160.4,-14.0,102,1071,0.00,0.00,0.00,0.000,2054,0.000,0.000,2738,2027,2549,2638,2460,0,0,0,0,0,0,28.83,28.83,28.83
$GC,1100,-0.83,-100.1,2738,2027,2638,2460,164.6,-13.8,105,1101,0.00,0.00,0.00,0.000,2054,0.000,0.000,2738,2027,2549,2637,2461,0,0,0,0,0,0,28.83,28.83,28.83
$GC,1130,-0.83,-100.1,2738,2027,2637,2460,168.8,-14.2,108,1131,0.00,0.00,0.00,0.000,2054,0.000,0.000,2738,2027,2549,2638,2461,0,0,0,0,0,0,28.83,28.83,28.83
$STATE,1139,end dive,BOTTOM_OBSTACLE_DETECTED
$STATE,1139,begin apogee
$GC,1143,-0.27,0.0,2738,1859,2637,2460,170.3,-14.2,109,1231,0.57,0.00,83.60,0.582,10246,0.147,0.000,2917,1857,2140,2231,2049,0,0,0,0,0,0,26.36,28.83,25.01
$STATE,1232,end apogee,CONTROL_FINISHED_OK
$STATE,1232,begin climb
$GC,1233,1.03,100.1,2917,1857,2231,2048,176.3,0.0,118,1320,1.27,0.00,80.10,0.565,10502,0.107,0.000,3333,1856,1740,1853,1627,0,0,0,0,0,0,25.52,28.83,24.79
$GC,1350,1.03,100.1,3332,1855,1852,1623,163.5,14.7,130,1351,0.00,0.00,0.00,0.000,2054,0.000,0.000,3333,1855,1737,1852,1623,0,0,0,0,0,0,28.83,28.83,28.83
$GC,1379,1.03,100.1,3332,1855,1851,1622,158.7,16.0,133,1381,0.00,0.00,0.00,0.000,2054,0.000,0.000,3333,1855,1736,1851,1622,0,0,0,0,0,0,28.83,28.83,28.83
$GC,1410,1.03,100.1,3333,1855,1851,1621,153.7,16.4,136,1411,0.00,0.00,0.00,0.000,2054,0.000,0.000,3333,1856,1736,1851,1621,0,0,0,0,0,0,28.83,28.83,28.83
$GC,1440,1.03,100.1,3332,1856,1851,1620,148.8,16.6,139,1450,0.00,2.08,0.00,0.000,2308,0.000,0.031,3333,3242,1735,1851,1620,0,0,0,0,0,0,28.83,25.93,28.83
$GC,1483,1.03,100.1,3332,3242,1851,1620,141.3,17.3,143,1494,0.00,1.88,0.00,0.000,1030,0.000,0.019,3341,1934,1735,1850,1620,0,0,0,0,0,0,28.83,26.05,28.83
$GC,1523,1.03,100.1,3341,1933,1851,1619,134.4,17.4,147,1534,0.00,2.15,0.00,0.000,516,0.000,0.038,3347,509,1735,1851,1619,0,0,0,0,0,0,28.83,26.03,28.83
$GC,1558,1.03,100.1,3346,509,1849,1620,128.4,17.6,150,1567,0.00,1.98,0.00,0.000,5126,0.000,0.018,3347,1851,1734,1849,1619,0,0,0,0,0,0,28.83,26.15,28.83
$GC,1597,1.03,100.1,3346,1851,1849,1619,120.9,18.7,154,1607,0.00,2.12,0.00,0.000,260,0.000,0.031,3346,3297,1734,1849,1620,0,0,0,0,0,0,28.83,26.15,28.83
$GC,1642,1.03,100.1,3347,3297,1849,1620,112.5,19.4,158,1651,0.00,2.05,0.00,0.000,5126,0.000,0.019,3353,1894,1734,1849,1619,0,0,0,0,0,0,28.83,26.23,28.83
$GC,1681,1.03,100.1,3354,1894,1849,1619,104.4,20.3,162,1682,0.00,0.00,0.00,0.000,4102,0.000,0.000,3354,1894,1734,1849,1619,0,0,0,0,0,0,28.83,28.83,28.83
$GC,1711,1.03,100.1,3354,1894,1849,1619,98.6,19.3,165,1712,0.00,0.00,0.00,0.000,4102,0.000,0.000,3354,1894,1733,1848,1619,0,0,0,0,0,0,28.83,28.83,28.83
$GC,1742,1.03,100.1,3353,1894,1849,1619,93.0,18.7,168,1743,0.00,0.00,0.00,0.000,4102,0.000,0.000,3354,1894,1734,1849,1619,0,0,0,0,0,0,28.83,28.83,28.83
$GC,1771,1.03,100.1,3354,1894,1849,1619,87.4,18.6,171,1772,0.00,0.00,0.00,0.000,4102,0.000,0.000,3354,1894,1733,1848,1619,0,0,0,0,0,0,28.83,28.83,28.83
$GC,1801,1.03,100.1,3354,1893,1849,1619,82.1,18.0,174,1802,0.00,0.00,0.00,0.000,4102,0.000,0.000,3354,1894,1734,1849,1619,0,0,0,0,0,0,28.83,28.83,28.83
$GC,1831,1.03,100.1,3354,1894,1849,1619,76.9,17.0,177,1832,0.00,0.00,0.00,0.000,4102,0.000,0.000,3354,1894,1734,1849,1619,0,0,0,0,0,0,28.83,28.83,28.83
$GC,1862,1.03,100.1,3354,1894,1849,1619,71.7,17.3,180,1863,0.00,0.00,0.00,0.000,4102,0.000,0.000,3354,1894,1734,1849,1619,0,0,0,0,0,0,28.83,28.83,28.83
$GC,1891,1.03,100.1,3353,1893,1849,1619,66.4,17.5,183,1892,0.00,0.00,0.00,0.000,4102,0.000,0.000,3354,1894,1734,1849,1619,0,0,0,0,0,0,28.83,28.83,28.83
$GC,1921,1.03,100.1,3354,1894,1849,1619,61.1,17.8,186,1922,0.00,0.00,0.00,0.000,4102,0.000,0.000,3354,1894,1734,1849,1619,0,0,0,0,0,0,28.83,28.83,28.83
$GC,1951,1.03,100.1,3354,1894,1849,1619,55.9,17.4,189,1960,0.00,2.08,0.00,0.000,4612,0.000,0.038,3360,516,1734,1849,1619,0,0,0,0,0,0,28.83,26.34,28.83
$GC,2028,1.03,100.1,3360,515,1847,1619,42.8,17.5,196,2037,0.05,2.00,0.00,0.000,5126,0.181,0.019,3347,1907,1733,1847,1619,0,0,0,0,0,0,26.25,26.44,28.83
$GC,2067,1.03,100.1,3347,1907,1846,1619,35.5,17.7,200,2076,0.00,2.00,0.00,0.000,4356,0.000,0.031,3347,3271,1732,1846,1619,0,0,0,0,0,0,28.83,26.41,28.83
$GC,2141,1.03,100.1,3346,3271,1847,1619,22.1,16.8,207,2152,0.00,1.95,0.00,0.000,5126,0.000,0.020,3353,1885,1732,1846,1619,0,0,0,0,0,0,28.83,26.48,28.83
$GC,2182,1.03,100.1,3353,1885,1847,1619,16.5,14.0,211,2192,0.00,2.05,0.00,0.000,4612,0.000,0.038,3360,517,1733,1847,1619,0,0,0,0,0,0,28.83,26.43,28.83
$GC,2206,1.03,100.1,3360,517,1846,1619,13.4,13.3,213,2216,0.03,1.98,0.00,0.000,5126,0.203,0.019,3353,1888,1732,1846,1619,0,0,0,0,0,0,26.34,26.49,28.83
$GC,2245,1.03,100.1,3353,1888,1846,1619,7.9,13.9,217,2246,0.00,0.00,0.00,0.000,4102,0.000,0.000,3354,1888,1732,1846,1619,0,0,0,0,0,0,28.83,28.83,28.83
$GC,2276,1.03,100.1,3353,1888,1846,1619,4.1,12.8,220,2277,0.00,0.00,0.00,0.000,4102,0.000,0.000,3353,1888,1732,1846,1619,0,0,0,0,0,0,28.83,28.83,28.83
$STATE,2284,end climb,SURFACE_DEPTH_REACHED
$STATE,2284,begin surface coast
$FINISH,0.6,1.022220
$STATE,2305,end surface coast,CONTROL_FINISHED_OK
$STATE,2305,begin surface
$SM_CCo,2320,110.85,0.442,1,0,1143,250.20
$SM_GC,0.22,8.48,0.15,110.85,0.060,0.068,0.442,240,2094,1143,-8.60,-2.09,250.20,0,0,0,0,1,0,26.46,26.53,25.10
$IRIDIUM_FIX,4729.30,-12219.67,290318,181825
$TT8_MAMPS,0.027713,0.027713
$HUMID,39.01
$INTERNAL_PRESSURE,8.43823
$TCM_TEMP,19.70
$XPDR_PINGS,0
$ALTIM_TOP_PING,19.3,19.1
$ALTIM_BOTTOM_PING,125.6,69.4
$24V_AH,24.8,5.151
$10V_AH,10.7,1.830
$FG_AHR_24Vo,0.000
$FG_AHR_10Vo,0.000
$DEVICES,Pitch_motor,Roll_motor,VBD_pump_during_apogee,VBD_pump_during_surface,VBD_valve,Iridium_during_init,Iridium_during_connect,Iridium_during_xfer,Transponder_ping,GUMSTIX_24V,GPS,TT8,LPSleep,TT8_Active,TT8_Sampling,TT8_CF8,TT8_Kalman,Analog_circuits,GPS_charging,Compass,RAFOS,Transponder,Compass2
$DEVICE_SECS,20.150,36.425,163.700,110.850,0.000,25.867,21.806,102.900,2.000,0.000,15.963,677.043,706.043,358.839,896.940,52.051,0.000,754.582,0.000,474.510,0.000,15.090,0.000
$DEVICE_MAMPS,223.380,78.795,582.165,442.170,0.000,43.600,160.000,223.000,420.000,0.000,28.460,13.960,2.190,13.960,37.930,44.670,0.000,16.000,0.000,15.730,0.000,30.000,0.000
$SENSORS,SBE_CT,SBE_O2,nil,nil,nil,nil,nil,nil,nil,nil
$SENSOR_SECS,149.672,556.117,0.000,0.000,0.000,0.000,0.000,0.000,0.000,0.000
$SENSOR_MAMPS,23.220,4.490,0.000,0.000,0.000,0.000,0.000,0.000,0.000,0.000
$MEM,354556
$DATA_FILE_SIZE,10197,223
$CAP_FILE_SIZE,68466,0
$CFSIZE,260165632,253911040
$ERRORS,0,0,0,0,0,0,0,0,0,0,0,0,0,1,0,0
$CURRENT,0.040,175.8,1
$GPS,020625,061616,4745.878,-12225.215,12,1.4,29,18.2
