version: 66.11
glider: 175
mission: 9
dive: 44
start: 6 1 125 6 33 20
data:
$ID,175
$MISSION,9
$DIVE,44
$N_DIVES,0
$D_SURF,3
$D_FLARE,3
$D_TGT,210
$D_ABORT,1090
$D_NO_BLEED,500
$D_BOOST,3
$T_BOOST,0
$D_FINISH,0
$D_PITCH,0
$D_SAFE,0
$D_CALL,0
$SURFACE_URGENCY,0
$SURFACE_URGENCY_TRY,0
$SURFACE_URGENCY_FORCE,0
$T_DIVE,70
$T_MISSION,85
$T_ABORT,1440
$T_TURN,300
$T_TURN_SAMPINT,5
$T_NO_W,120
$T_LOITER,0
$T_EPIRB,0
$USE_BATHY,0
$USE_ICE,0
$ICE_FREEZE_MARGIN,0.30000001
$D_OFFGRID,100
$T_WATCHDOG,10
$RELAUNCH,1
$APOGEE_PITCH,-8
$MAX_BUOY,150
$COURSE_BIAS,0
$GLIDE_SLOPE,30
$SPEED_FACTOR,1
$RHO,1.023
$MASS,51682
$MASS_COMP,0
$NAV_MODE,2
$FERRY_MAX,45
$KALMAN_USE,2
$HD_A,0.003
$HD_B,0.0099999998
$HD_C,9.9999997e-06
$HEADING,-1
$ESCAPE_HEADING,0
$ESCAPE_HEADING_DELTA,10
$FIX_MISSING_TIMEOUT,0
$TGT_DEFAULT_LAT,4743
$TGT_DEFAULT_LON,-12225
$TGT_AUTO_DEFAULT,0
$SM_CC,494.91199
$N_FILEKB,4
$FILEMGR,0
$CALL_NDIVES,1
$COMM_SEQ,0
$PROTOCOL,9
$N_NOCOMM,1
$NOCOMM_ACTION,0
$N_NOSURFACE,0
$UPLOAD_DIVES_MAX,-1
$CALL_TRIES,5
$CALL_WAIT,60
$CAPUPLOAD,1
$CAPMAXSIZE,200000
$HEAPDBG,0
$T_GPS,15
$N_GPS,30
$T_GPS_ALMANAC,0
$T_GPS_CHARGE,-34525.824
$T_RSLEEP,2
$STROBE,0
$RAFOS_PEAK_OFFSET,1.5
$RAFOS_CORR_THRESH,60
$RAFOS_HIT_WINDOW,3600
$PITCH_MIN,255
$PITCH_MAX,3935
$C_PITCH,3013
$PITCH_DBAND,0.0099999998
$PITCH_CNV,0.003125763
$P_OVSHOOT,0.039999999
$PITCH_GAIN,30
$PITCH_TIMEOUT,17
$PITCH_AD_RATE,160
$PITCH_MAXERRORS,1
$PITCH_ADJ_GAIN,0.02
$PITCH_ADJ_DBAND,2.5
$ROLL_MIN,171
$ROLL_MAX,3723
$ROLL_DEG,40
$C_ROLL_DIVE,2033
$C_ROLL_CLIMB,1891
$HEAD_ERRBAND,10
$ROLL_CNV,0.028270001
$ROLL_TIMEOUT,15
$R_PORT_OVSHOOT,67
$R_STBD_OVSHOOT,110
$ROLL_AD_RATE,300
$ROLL_MAXERRORS,2
$ROLL_ADJ_GAIN,0
$ROLL_ADJ_DBAND,0
$VBD_MIN,465
$VBD_MAX,3960
$C_VBD,2275
$VBD_DBAND,2
$VBD_CNV,-0.25119999
$VBD_TIMEOUT,720
$PITCH_VBD_SHIFT,0.0012300001
$VBD_PUMP_AD_RATE_SURFACE,5
$VBD_PUMP_AD_RATE_APOGEE,4
$VBD_BLEED_AD_RATE,8
$UNCOM_BLEED,60
$VBD_MAXERRORS,1
$W_ADJ_DBAND,2
$DBDW,0
$PITCH_W_GAIN,0
$PITCH_W_DBAND,1
$CF8_MAXERRORS,5
$AH0_24V,145
$AH0_10V,95
$MINV_24V,19
$MINV_10V,8
$FG_AHR_10V,0
$FG_AHR_24V,0
$PHONE_SUPPLY,2
$PRESSURE_YINT,-33.008354
$PRESSURE_SLOPE,0.0001165895
$AD7714Ch0Gain,128
$TCM_PITCH_OFFSET,0
$TCM_ROLL_OFFSET,0
$COMPASS_USE,4
$ALTIM_BOTTOM_PING_RANGE,0
$ALTIM_TOP_PING_RANGE,20
$ALTIM_BOTTOM_TURN_MARGIN,25
$ALTIM_TOP_TURN_MARGIN,0
$ALTIM_TOP_MIN_OBSTACLE,1
$ALTIM_PING_DEPTH,100
$ALTIM_PING_DELTA,5
$ALTIM_FREQUENCY,13
$ALTIM_PULSE,3
$ALTIM_SENSITIVITY,3
$XPDR_VALID,5
$XPDR_INHIBIT,90
$INT_PRESSURE_SLOPE,0.0097660003
$INT_PRESSURE_YINT,-0.40000001
$DEEPGLIDER,0
$DEEPGLIDERMB,0
$MOTHERBOARD,4
$DEVICE1,2
$DEVICE2,20
$DEVICE3,-1
$DEVICE4,-1
$DEVICE5,-1
$DEVICE6,-1
$LOGGERS,7
$LOGGERDEVICE1,-1
$LOGGERDEVICE2,-1
$LOGGERDEVICE3,-1
$LOGGERDEVICE4,-1
$COMPASS_DEVICE,33
$COMPASS2_DEVICE,-1
$PHONE_DEVICE,49
$GPS_DEVICE,32
$RAFOS_DEVICE,-1
$XPDR_DEVICE,24
$SIM_W,0
$SIM_PITCH,0
$SEABIRD_T_G,0.0043275012
$SEABIRD_T_H,0.0006214368
$SEABIRD_T_I,2.2085376e-05
$SEABIRD_T_J,2.2233748e-06
$SEABIRD_C_G,-10.084761
$SEABIRD_C_H,1.1595923
$SEABIRD_C_I,-0.0010180317
$SEABIRD_C_J,0.00017345669
$GPS1,010625,062722,4742.927,-12225.858,13,1.3,30,18.2
$_CALLS,1
$_XMS_NAKs,0
$_XMS_TOUTs,0
$_SM_DEPTHo,0.42
$_SM_ANGLEo,-72.2
$GPS2,010625,063252,4742.952,-12225.855,13,2.0,30,18.2
$SPEED_LIMITS,0.173,0.260
$TGT_NAME,MID_175E
$TGT_LATLONG,4746.000,-12224.600
$TGT_RADIUS,300.000
$KALMAN_CONTROL,0.000,0.000
$KALMAN_X,0.0,0.0,0.0,0.0,0.0
$KALMAN_Y,0.0,0.0,0.0,0.0,0.0
$MHEAD_RNG_PITCHd_Wd,25.1,5857,-17.5,-10.000,-21.04,2225
$D_GRID,210
$GCHEAD,st_secs,pitch_ctl,vbd_ctl,pitch_ad_start,roll_ad_start,vbd_pot1_ad_start,vbd_pot2_ad_start,depth,ob_vertv,data_pts,end_secs,pitch_secs,roll_secs,vbd_secs,vbd_i,gcphase,pitch_i,roll_i,pitch_ad,roll_ad,vbd_ad,vbd_pot1_ad,vbd_pot2_ad,pitch_retries,pitch_errors,roll_retries,roll_errors,vbd_retries,vbd_errors,pitch_volts,roll_volts,vbd_volts
$STATE,13,end surface,CONTROL_FINISHED_OK
$STATE,13,begin dive
$GC,15,-0.76,-146.6,242,2083,494,432,0.0,0.0,0,100,0.00,0.00,-83.10,0.000,16386,0.000,0.000,243,2084,2767,2849,2686,0,0,0,0,0,0,28.83,28.83,28.83
$GC,102,-0.76,-146.6,242,2084,2850,2688,3.7,-8.0,8,123,9.77,1.92,-1.85,0.000,18692,0.223,0.048,2749,3378,2864,2962,2766,0,0,0,0,0,0,25.86,26.10,26.34
$GC,263,-0.67,-146.6,2749,3379,2976,2768,42.0,-19.7,23,272,0.12,1.95,0.00,0.000,3078,0.140,0.019,2790,2017,2872,2976,2768,0,0,0,0,0,0,26.10,26.29,28.83
$GC,302,-0.60,-146.6,2790,2015,2976,2768,48.9,-17.2,27,312,0.10,2.00,0.00,0.000,2564,0.173,0.033,2816,666,2871,2976,2767,0,0,0,0,0,0,26.19,26.27,28.83
$GC,367,-0.60,-146.6,2816,666,2976,2767,58.3,-14.3,33,377,0.00,1.90,0.00,0.000,3078,0.000,0.024,2816,1980,2871,2976,2767,0,0,0,0,0,0,28.83,26.34,28.83
$GC,407,-0.60,-146.6,2815,1980,2977,2767,63.6,-13.1,37,417,0.00,2.10,0.00,0.000,2308,0.000,0.039,2807,3379,2872,2976,2768,0,0,0,0,0,0,28.83,26.32,28.83
$GC,471,-0.60,-146.6,2807,3379,2977,2768,73.3,-15.7,43,481,0.00,1.88,0.00,0.000,3078,0.000,0.018,2807,2033,2872,2977,2768,0,0,0,0,0,0,28.83,26.41,28.83
$GC,511,-0.60,-146.6,2807,2032,2977,2768,79.1,-14.5,47,521,0.00,2.00,0.00,0.000,2564,0.000,0.035,2808,667,2871,2976,2767,0,0,0,0,0,0,28.83,26.37,28.83
$GC,577,-0.60,-146.6,2807,666,2976,2767,86.9,-11.9,53,586,0.00,1.90,0.00,0.000,3078,0.000,0.025,2807,1997,2871,2976,2767,0,0,0,0,0,0,28.83,26.43,28.83
$GC,615,-0.60,-146.6,2807,1997,2977,2767,91.6,-11.6,57,626,0.00,2.17,0.00,0.000,2308,0.000,0.040,2807,3439,2872,2977,2767,0,0,0,0,0,0,28.83,26.39,28.83
$GC,681,-0.60,-146.6,2807,3439,2977,2767,98.6,-10.5,63,691,0.00,1.95,0.00,0.000,3078,0.000,0.019,2807,2035,2872,2977,2767,0,0,0,0,0,0,28.83,26.48,28.83
$GC,720,-0.60,-146.6,2807,2033,2977,2767,102.7,-10.1,67,730,0.00,2.05,0.00,0.000,2564,0.000,0.036,2807,651,2872,2977,2767,0,0,0,0,0,0,28.83,26.44,28.83
$GC,778,-0.60,-146.6,2807,651,2976,2766,109.7,-12.7,72,787,0.00,2.05,0.00,0.000,3078,0.000,0.024,2807,2039,2872,2977,2767,0,0,0,0,0,0,28.83,26.48,28.83
$GC,818,-0.60,-146.6,2807,2039,2977,2766,115.1,-13.3,76,828,0.00,2.05,0.00,0.000,2308,0.000,0.041,2807,3427,2871,2976,2767,0,0,0,0,0,0,28.83,26.45,28.83
$GC,862,-0.60,-146.6,2807,3428,2976,2767,120.7,-12.5,80,872,0.00,1.95,0.00,0.000,3078,0.000,0.018,2807,2026,2872,2977,2767,0,0,0,0,0,0,28.83,26.53,28.83
$GC,902,-0.60,-146.6,2807,2026,2977,2767,126.1,-13.3,84,904,0.00,0.00,0.00,0.000,2054,0.000,0.000,2807,2026,2872,2977,2767,0,0,0,0,0,0,28.83,28.83,28.83
$GC,931,-0.60,-146.6,2807,2026,2977,2767,129.9,-13.0,87,933,0.00,0.00,0.00,0.000,2054,0.000,0.000,2807,2026,2871,2977,2766,0,0,0,0,0,0,28.83,28.83,28.83
$GC,962,-0.60,-146.6,2807,2025,2977,2767,133.5,-12.3,90,971,0.00,2.03,0.00,0.000,2564,0.000,0.034,2807,655,2871,2976,2766,0,0,0,0,0,0,28.83,26.49,28.83
$GC,988,-0.60,-146.6,2807,655,2976,2766,135.6,-9.8,92,996,0.00,2.03,0.00,0.000,3078,0.000,0.025,2807,2029,2871,2976,2767,0,0,0,0,0,0,28.83,26.52,28.83
$GC,1027,-0.60,-146.6,2807,2029,2976,2767,138.9,-7.9,96,1036,0.00,2.10,0.00,0.000,2308,0.000,0.040,2807,3439,2871,2976,2767,0,0,0,0,0,0,28.83,26.49,28.83
$GC,1076,-0.60,-146.6,2807,3439,2977,2767,145.3,-13.3,100,1085,0.00,2.00,0.00,0.000,3078,0.000,0.018,2807,2032,2872,2977,2767,0,0,0,0,0,0,28.83,26.58,28.83
$GC,1115,-0.60,-146.6,2807,2031,2977,2767,150.9,-13.4,104,1124,0.00,2.03,0.00,0.000,2564,0.000,0.034,2807,658,2871,2977,2766,0,0,0,0,0,0,28.83,26.51,28.83
$GC,1158,-0.60,-146.6,2807,658,2976,2766,155.8,-11.5,108,1168,0.00,1.98,0.00,0.000,3078,0.000,0.024,2807,2035,2872,2977,2767,0,0,0,0,0,0,28.83,26.55,28.83
$GC,1198,-0.60,-146.6,2807,2035,2977,2766,161.2,-13.2,112,1199,0.00,0.00,0.00,0.000,2054,0.000,0.000,2807,2035,2871,2977,2766,0,0,0,0,0,0,28.83,28.83,28.83
$GC,1228,-0.60,-146.6,2808,2035,2976,2766,165.1,-13.4,115,1237,0.00,2.05,0.00,0.000,2564,0.000,0.034,2807,655,2871,2976,2766,0,0,0,0,0,0,28.83,26.53,28.83
$GC,1252,-0.60,-146.6,2807,655,2976,2766,168.0,-13.3,117,1261,0.00,2.03,0.00,0.000,3078,0.000,0.024,2807,2028,2871,2976,2766,0,0,0,0,0,0,28.83,26.56,28.83
$GC,1290,-0.60,-146.6,2807,2028,2977,2766,172.4,-11.1,121,1301,0.00,2.08,0.00,0.000,2308,0.000,0.037,2807,3431,2872,2977,2767,0,0,0,0,0,0,28.83,26.53,28.83
$GC,1345,-0.60,-146.6,2807,3431,2977,2767,178.2,-10.9,126,1349,0.00,1.95,0.00,0.000,3078,0.000,0.018,2807,2039,2871,2977,2766,0,0,0,0,0,0,28.83,26.60,28.83
$GC,1387,-0.60,-146.6,2807,2038,2977,2766,183.1,-11.7,130,1388,0.00,0.00,0.00,0.000,2054,0.000,0.000,2807,2038,2871,2977,2766,0,0,0,0,0,0,28.83,28.83,28.83
$GC,1417,-0.60,-146.6,2807,2038,2976,2766,186.3,-11.0,133,1418,0.00,0.00,0.00,0.000,2054,0.000,0.000,2807,2038,2871,2977,2766,0,0,0,0,0,0,28.83,28.83,28.83
$STATE,1426,end dive,BOTTOM_OBSTACLE_DETECTED
$STATE,1426,begin apogee
$GC,1430,-0.27,0.0,2807,1825,2977,2766,187.5,-10.9,134,1559,0.35,0.05,117.50,0.592,10246,0.122,0.057,2923,1914,2274,2361,2187,0,0,0,0,0,0,26.44,25.32,24.87
$STATE,1560,end apogee,CONTROL_FINISHED_OK
$STATE,1560,begin climb
$GC,1561,0.76,146.6,2923,1914,2361,2187,193.3,0.0,147,1678,1.00,0.00,112.68,0.576,10758,0.097,0.000,3256,1914,1690,1808,1573,0,0,0,0,0,0,25.46,28.83,24.75
$GC,1708,0.70,146.6,3256,1914,1808,1569,181.4,12.4,162,1716,0.08,0.00,0.00,0.000,4102,0.188,0.000,3242,1916,1687,1807,1568,0,0,0,0,0,0,25.53,28.83,28.83
$GC,1747,0.70,146.6,3242,1916,1807,1567,176.7,11.8,166,1748,0.00,0.00,0.00,0.000,4102,0.000,0.000,3242,1916,1687,1807,1567,0,0,0,0,0,0,28.83,28.83,28.83
$GC,1777,0.70,146.6,3242,1916,1806,1566,172.8,12.9,169,1787,0.00,2.12,0.00,0.000,4612,0.000,0.037,3250,526,1686,1806,1566,0,0,0,0,0,0,28.83,25.85,28.83
$GC,1802,0.70,146.6,3250,526,1804,1566,170.4,10.8,171,1810,0.00,2.00,0.00,0.000,5126,0.000,0.019,3250,1883,1685,1804,1566,0,0,0,0,0,0,28.83,25.96,28.83
$GC,1842,0.65,146.6,3250,1883,1804,1566,166.4,10.2,175,1849,0.12,0.00,0.00,0.000,4102,0.162,0.000,3221,1884,1685,1804,1566,0,0,0,0,0,0,25.88,28.83,28.83
$GC,1880,0.65,146.6,3220,1884,1804,1566,162.2,10.3,179,1884,0.00,2.05,0.00,0.000,516,0.000,0.037,3224,527,1685,1804,1566,0,0,0,0,0,0,28.83,26.05,28.83
$GC,1893,0.65,146.6,2432,526,1768,1561,161.0,10.7,180,1902,0.00,2.00,0.00,0.000,5126,0.000,0.019,3224,1885,1684,1803,1566,0,0,0,0,0,0,28.83,26.10,28.83
$GC,1932,0.65,146.6,3224,1885,1803,1566,157.4,9.0,184,1933,0.00,0.00,0.00,0.000,4102,0.000,0.000,3224,1885,1684,1803,1566,0,0,0,0,0,0,28.83,28.83,28.83
$GC,1962,0.75,230.5,3224,1886,1803,1565,155.6,6.1,187,2033,0.10,0.00,62.62,0.554,10246,0.108,0.000,3261,1885,1356,1490,1222,0,0,0,0,0,0,26.18,28.83,25.03
$GC,2062,0.75,230.5,3261,1885,1490,1218,144.8,12.2,197,2063,0.00,0.00,0.00,0.000,4102,0.000,0.000,3261,1885,1354,1490,1218,0,0,0,0,0,0,28.83,28.83,28.83
$GC,2092,0.75,230.5,3261,1885,1489,1216,140.3,14.9,200,2093,0.00,0.00,0.00,0.000,4102,0.000,0.000,3261,1885,1352,1489,1216,0,0,0,0,0,0,28.83,28.83,28.83
$GC,2122,0.75,230.5,3261,1885,1489,1215,135.4,15.9,203,2123,0.00,0.00,0.00,0.000,4102,0.000,0.000,3261,1885,1352,1489,1215,0,0,0,0,0,0,28.83,28.83,28.83
$GC,2152,0.75,230.5,3261,1885,1489,1215,131.4,14.3,206,2153,0.00,0.00,0.00,0.000,4102,0.000,0.000,3262,1885,1351,1489,1214,0,0,0,0,0,0,28.83,28.83,28.83
$GC,2182,0.75,230.5,3261,1885,1489,1214,127.7,12.5,209,2183,0.00,0.00,0.00,0.000,4102,0.000,0.000,3261,1885,1351,1488,1214,0,0,0,0,0,0,28.83,28.83,28.83
$GC,2212,0.75,230.5,3261,1885,1488,1214,123.7,13.3,212,2221,0.00,2.10,0.00,0.000,4356,0.000,0.034,3261,3293,1351,1488,1214,0,0,0,0,0,0,28.83,26.09,28.83
$GC,2225,0.75,230.5,3262,3293,1488,1214,122.7,13.2,213,2235,0.00,2.05,0.00,0.000,5126,0.000,0.019,3264,1900,1351,1488,1214,0,0,0,0,0,0,28.83,26.14,28.83
$GC,2265,0.75,230.5,3264,1899,1488,1213,115.9,15.7,217,2266,0.00,0.00,0.00,0.000,4102,0.000,0.000,3265,1900,1350,1488,1213,0,0,0,0,0,0,28.83,28.83,28.83
$GC,2294,0.75,230.5,3264,1899,1488,1213,111.7,13.8,220,2295,0.00,0.00,0.00,0.000,4102,0.000,0.000,3264,1899,1350,1488,1213,0,0,0,0,0,0,28.83,28.83,28.83
$GC,2324,0.75,230.5,3264,1899,1488,1213,107.6,13.6,223,2325,0.00,0.00,0.00,0.000,4102,0.000,0.000,3265,1899,1351,1489,1213,0,0,0,0,0,0,28.83,28.83,28.83
$GC,2354,0.75,230.5,3264,1899,1488,1213,104.0,12.1,226,2356,0.00,0.00,0.00,0.000,4102,0.000,0.000,3264,1899,1350,1488,1213,0,0,0,0,0,0,28.83,28.83,28.83
$GC,2384,0.75,230.5,3264,1899,1488,1213,100.2,12.5,229,2385,0.00,0.00,0.00,0.000,4102,0.000,0.000,3264,1899,1350,1488,1212,0,0,0,0,0,0,28.83,28.83,28.83
$GC,2414,0.75,230.5,3264,1899,1488,1212,96.3,13.1,232,2423,0.00,2.08,0.00,0.000,4356,0.000,0.034,3264,3296,1350,1488,1212,0,0,0,0,0,0,28.83,26.27,28.83
$GC,2427,0.75,230.5,3264,3296,1488,1212,95.3,12.9,233,2437,0.00,2.05,0.00,0.000,5126,0.000,0.018,3265,1889,1350,1488,1212,0,0,0,0,0,0,28.83,26.32,28.83
$GC,2466,0.75,230.5,3265,1889,1488,1212,89.5,13.2,237,2467,0.00,0.00,0.00,0.000,4102,0.000,0.000,3265,1889,1349,1488,1211,0,0,0,0,0,0,28.83,28.83,28.83
$GC,2496,0.75,230.5,3265,1887,1488,1211,85.6,13.0,240,2497,0.00,0.00,0.00,0.000,4102,0.000,0.000,3265,1887,1350,1488,1212,0,0,0,0,0,0,28.83,28.83,28.83
$GC,2526,0.75,230.5,3265,1887,1488,1211,81.8,12.7,243,2527,0.00,0.00,0.00,0.000,4102,0.000,0.000,3265,1887,1349,1488,1211,0,0,0,0,0,0,28.83,28.83,28.83
$GC,2556,0.75,230.5,3265,1887,1488,1211,77.7,13.2,246,2558,0.00,0.00,0.00,0.000,4102,0.000,0.000,3265,1887,1349,1488,1211,0,0,0,0,0,0,28.83,28.83,28.83
$GC,2586,0.75,230.5,3265,1887,1488,1211,74.3,12.0,249,2587,0.00,0.00,0.00,0.000,4102,0.000,0.000,3265,1887,1349,1488,1211,0,0,0,0,0,0,28.83,28.83,28.83
$GC,2616,0.75,230.5,3264,1887,1488,1211,70.5,12.4,252,2617,0.00,0.00,0.00,0.000,4102,0.000,0.000,3265,1887,1349,1488,1211,0,0,0,0,0,0,28.83,28.83,28.83
$GC,2646,0.75,230.5,3265,1887,1487,1211,66.9,12.2,255,2647,0.00,0.00,0.00,0.000,4102,0.000,0.000,3265,1887,1349,1488,1211,0,0,0,0,0,0,28.83,28.83,28.83
$GC,2676,0.75,230.5,3265,1887,1488,1211,63.0,12.7,258,2678,0.00,0.00,0.00,0.000,4102,0.000,0.000,3265,1887,1349,1488,1211,0,0,0,0,0,0,28.83,28.83,28.83
$GC,2706,0.75,230.5,3264,1887,1488,1211,59.4,12.2,261,2707,0.00,0.00,0.00,0.000,4102,0.000,0.000,3265,1887,1349,1488,1211,0,0,0,0,0,0,28.83,28.83,28.83
$GC,2736,0.75,230.5,3265,1887,1488,1211,55.7,12.4,264,2737,0.00,0.00,0.00,0.000,4102,0.000,0.000,3265,1887,1349,1488,1210,0,0,0,0,0,0,28.83,28.83,28.83
$GC,2766,0.75,230.5,3264,1887,1488,1210,51.7,13.0,267,2767,0.00,0.00,0.00,0.000,4102,0.000,0.000,3265,1887,1349,1488,1211,0,0,0,0,0,0,28.83,28.83,28.83
$GC,2796,0.75,230.5,3264,1887,1488,1210,47.8,13.2,270,2797,0.00,0.00,0.00,0.000,4102,0.000,0.000,3265,1887,1349,1488,1210,0,0,0,0,0,0,28.83,28.83,28.83
$GC,2826,0.75,230.5,3265,1887,1488,1210,43.8,13.3,273,2836,0.00,2.08,0.00,0.000,4612,0.000,0.040,3265,510,1349,1488,1210,0,0,0,0,0,0,28.83,26.42,28.83
$GC,2840,0.75,230.5,3264,510,1488,1210,42.7,13.4,274,2849,0.00,2.03,0.00,0.000,5126,0.000,0.019,3265,1904,1348,1486,1210,0,0,0,0,0,0,28.83,26.49,28.83
$GC,2880,0.75,230.5,3265,1904,1486,1210,36.7,13.3,278,2881,0.00,0.00,0.00,0.000,4102,0.000,0.000,3265,1904,1348,1486,1210,0,0,0,0,0,0,28.83,28.83,28.83
$GC,2909,0.75,230.5,3265,1904,1486,1210,33.1,12.1,281,2910,0.00,0.00,0.00,0.000,4102,0.000,0.000,3265,1904,1348,1486,1210,0,0,0,0,0,0,28.83,28.83,28.83
$GC,2939,0.75,230.5,3265,1904,1486,1210,29.7,11.6,284,2940,0.00,0.00,0.00,0.000,4102,0.000,0.000,3265,1904,1348,1486,1210,0,0,0,0,0,0,28.83,28.83,28.83
$GC,2969,0.75,230.5,3265,1904,1486,1210,26.2,11.4,287,2970,0.00,0.00,0.00,0.000,4102,0.000,0.000,3265,1904,1348,1486,1210,0,0,0,0,0,0,28.83,28.83,28.83
$GC,2999,0.75,230.5,3264,1904,1486,1210,23.1,10.8,290,3000,0.00,0.00,0.00,0.000,4102,0.000,0.000,3265,1904,1348,1486,1210,0,0,0,0,0,0,28.83,28.83,28.83
$GC,3030,0.75,230.5,3265,1904,1486,1210,19.9,10.7,293,3040,0.00,2.03,0.00,0.000,4356,0.000,0.034,3265,3288,1348,1486,1210,0,0,0,0,0,0,28.83,26.49,28.83
$GC,3053,0.75,230.5,3264,3288,1486,1210,17.2,11.1,295,3062,0.00,1.98,0.00,0.000,5126,0.000,0.021,3265,1895,1348,1486,1210,0,0,0,0,0,0,28.83,26.53,28.83
$GC,3093,0.75,230.5,3265,1894,1486,1210,12.6,11.5,299,3094,0.00,0.00,0.00,0.000,4102,0.000,0.000,3265,1895,1348,1486,1210,0,0,0,0,0,0,28.83,28.83,28.83
$GC,3123,0.75,230.5,3265,1894,1486,1210,9.2,11.1,302,3125,0.00,0.00,0.00,0.000,4102,0.000,0.000,3265,1894,1348,1486,1210,0,0,0,0,0,0,28.83,28.83,28.83
$GC,3153,0.75,230.5,3265,1895,1486,1211,5.8,11.4,305,3154,0.00,0.00,0.00,0.000,4102,0.000,0.000,3265,1895,1348,1486,1210,0,0,0,0,0,0,28.83,28.83,28.83
$STATE,3182,end climb,SURFACE_DEPTH_REACHED
$STATE,3182,begin surface coast
$FINISH,-0.2,1.022481
$STATE,3203,end surface coast,CONTROL_FINISHED_OK
$STATE,3204,begin surface
$SM_CCo,3218,155.85,0.450,1,0,464,454.67
$SM_CCo,3382,-0.25,0.000,0,0,467,454.67
$SM_CCo,3385,0.85,0.076,0,0,465,454.67
$SM_GC,0.44,8.05,0.17,0.85,0.048,0.062,0.076,241,2094,465,-8.59,-1.58,454.67,0,0,0,0,0,0,26.51,26.57,25.48
$IRIDIUM_FIX,4722.92,-12225.08,280318,181802
$TT8_MAMPS,0.027713,0.027713
$HUMID,38.89
$INTERNAL_PRESSURE,8.37963
$TCM_TEMP,19.40
$XPDR_PINGS,0
$ALTIM_TOP_PING,19.9,19.5
$ALTIM_BOTTOM_PING,141.8,70.1
$24V_AH,24.8,3.476
$10V_AH,10.6,1.145
$FG_AHR_24Vo,0.000
$FG_AHR_10Vo,0.000
$DEVICES,Pitch_motor,Roll_motor,VBD_pump_during_apogee,VBD_pump_during_surface,VBD_valve,Iridium_during_init,Iridium_during_connect,Iridium_during_xfer,Transponder_ping,GUMSTIX_24V,GPS,TT8,LPSleep,TT8_Active,TT8_Sampling,TT8_CF8,TT8_Kalman,Analog_circuits,GPS_charging,Compass,RAFOS,Transponder,Compass2
$DEVICE_SECS,19.700,73.050,292.800,156.700,0.000,23.122,18.593,183.602,2.750,0.000,32.821,889.213,927.139,613.873,1227.657,76.119,0.000,1191.870,0.000,620.099,0.000,19.796,0.000
$DEVICE_MAMPS,223.380,68.085,592.110,449.820,0.000,43.600,160.000,223.000,420.000,0.000,28.460,13.960,2.190,13.960,37.930,44.670,0.000,16.000,0.000,15.730,0.000,30.000,0.000
$SENSORS,SBE_CT,SBE_O2,nil,nil,nil,nil,nil,nil,nil,nil
$SENSOR_SECS,205.728,766.435,0.000,0.000,0.000,0.000,0.000,0.000,0.000,0.000
$SENSOR_MAMPS,23.220,4.490,0.000,0.000,0.000,0.000,0.000,0.000,0.000,0.000
$MEM,354528
$DATA_FILE_SIZE,13491,310
$CAP_FILE_SIZE,99282,0
$CFSIZE,260165632,254836736
$ERRORS,0,0,0,0,0,0,0,0,0,0,0,0,0,1,0,0
$CURRENT,0.094,296.4,1
$GPS,010625,073057,4743.392,-12225.569,30,1.7,35,18.2
