version: 66.11
glider: 175
mission: 9
dive: 3
start: 5 30 125 20 43 21
data:
$ID,175
$MISSION,9
$DIVE,3
$N_DIVES,0
$D_SURF,3
$D_FLARE,3
$D_TGT,120
$D_ABORT,1090
$D_NO_BLEED,500
$D_BOOST,3
$T_BOOST,0
$D_FINISH,0
$D_PITCH,0
$D_SAFE,0
$D_CALL,0
$SURFACE_URGENCY,0
$SURFACE_URGENCY_TRY,0
$SURFACE_URGENCY_FORCE,0
$T_DIVE,40
$T_MISSION,55
$T_ABORT,1440
$T_TURN,300
$T_TURN_SAMPINT,5
$T_NO_W,120
$T_LOITER,0
$T_EPIRB,0
$USE_BATHY,0
$USE_ICE,0
$ICE_FREEZE_MARGIN,0.30000001
$D_OFFGRID,100
$T_WATCHDOG,10
$RELAUNCH,1
$APOGEE_PITCH,-8
$MAX_BUOY,150
$COURSE_BIAS,0
$GLIDE_SLOPE,30
$SPEED_FACTOR,1
$RHO,1.023
$MASS,51682
$MASS_COMP,0
$NAV_MODE,2
$FERRY_MAX,45
$KALMAN_USE,2
$HD_A,0.003
$HD_B,0.0099999998
$HD_C,9.9999997e-06
$HEADING,-1
$ESCAPE_HEADING,0
$ESCAPE_HEADING_DELTA,10
$FIX_MISSING_TIMEOUT,0
$TGT_DEFAULT_LAT,4743
$TGT_DEFAULT_LON,-12225
$TGT_AUTO_DEFAULT,0
$SM_CC,494.91199
$N_FILEKB,4
$FILEMGR,0
$CALL_NDIVES,1
$COMM_SEQ,0
$PROTOCOL,9
$N_NOCOMM,1
$NOCOMM_ACTION,0
$N_NOSURFACE,0
$UPLOAD_DIVES_MAX,-1
$CALL_TRIES,5
$CALL_WAIT,60
$CAPUPLOAD,1
$CAPMAXSIZE,200000
$HEAPDBG,0
$T_GPS,15
$N_GPS,30
$T_GPS_ALMANAC,0
$T_GPS_CHARGE,-34193.586
$T_RSLEEP,2
$STROBE,0
$RAFOS_PEAK_OFFSET,1.5
$RAFOS_CORR_THRESH,60
$RAFOS_HIT_WINDOW,3600
$PITCH_MIN,255
$PITCH_MAX,3935
$C_PITCH,3028
$PITCH_DBAND,0.0099999998
$PITCH_CNV,0.003125763
$P_OVSHOOT,0.039999999
$PITCH_GAIN,30
$PITCH_TIMEOUT,17
$PITCH_AD_RATE,160
$PITCH_MAXERRORS,1
$PITCH_ADJ_GAIN,0.02
$PITCH_ADJ_DBAND,2.5
$ROLL_MIN,171
$ROLL_MAX,3723
$ROLL_DEG,40
$C_ROLL_DIVE,1947
$C_ROLL_CLIMB,1947
$HEAD_ERRBAND,10
$ROLL_CNV,0.028270001
$ROLL_TIMEOUT,15
$R_PORT_OVSHOOT,71
$R_STBD_OVSHOOT,80
$ROLL_AD_RATE,300
$ROLL_MAXERRORS,2
$ROLL_ADJ_GAIN,0
$ROLL_ADJ_DBAND,0
$VBD_MIN,465
$VBD_MAX,3960
$C_VBD,2475
$VBD_DBAND,2
$VBD_CNV,-0.25119999
$VBD_TIMEOUT,720
$PITCH_VBD_SHIFT,0.0012300001
$VBD_PUMP_AD_RATE_SURFACE,5
$VBD_PUMP_AD_RATE_APOGEE,4
$VBD_BLEED_AD_RATE,8
$UNCOM_BLEED,60
$VBD_MAXERRORS,1
$W_ADJ_DBAND,2
$DBDW,0
$PITCH_W_GAIN,0
$PITCH_W_DBAND,1
$CF8_MAXERRORS,5
$AH0_24V,145
$AH0_10V,95
$MINV_24V,19
$MINV_10V,8
$FG_AHR_10V,0
$FG_AHR_24V,0
$PHONE_SUPPLY,2
$PRESSURE_YINT,-33.008354
$PRESSURE_SLOPE,0.0001165895
$AD7714Ch0Gain,128
$TCM_PITCH_OFFSET,0
$TCM_ROLL_OFFSET,0
$COMPASS_USE,4
$ALTIM_BOTTOM_PING_RANGE,0
$ALTIM_TOP_PING_RANGE,20
$ALTIM_BOTTOM_TURN_MARGIN,10
$ALTIM_TOP_TURN_MARGIN,0
$ALTIM_TOP_MIN_OBSTACLE,1
$ALTIM_PING_DEPTH,100
$ALTIM_PING_DELTA,5
$ALTIM_FREQUENCY,13
$ALTIM_PULSE,3
$ALTIM_SENSITIVITY,3
$XPDR_VALID,5
$XPDR_INHIBIT,90
$INT_PRESSURE_SLOPE,0.0097660003
$INT_PRESSURE_YINT,-0.40000001
$DEEPGLIDER,0
$DEEPGLIDERMB,0
$MOTHERBOARD,4
$DEVICE1,2
$DEVICE2,20
$DEVICE3,-1
$DEVICE4,-1
$DEVICE5,-1
$DEVICE6,-1
$LOGGERS,7
$LOGGERDEVICE1,-1
$LOGGERDEVICE2,-1
$LOGGERDEVICE3,-1
$LOGGERDEVICE4,-1
$COMPASS_DEVICE,33
$COMPASS2_DEVICE,-1
$PHONE_DEVICE,49
$GPS_DEVICE,32
$RAFOS_DEVICE,-1
$XPDR_DEVICE,24
$SIM_W,0
$SIM_PITCH,0
$SEABIRD_T_G,0.0043275012
$SEABIRD_T_H,0.0006214368
$SEABIRD_T_I,2.2085376e-05
$SEABIRD_T_J,2.2233748e-06
$SEABIRD_C_G,-10.084761
$SEABIRD_C_H,1.1595923
$SEABIRD_C_I,-0.0010180317
$SEABIRD_C_J,0.00017345669
$GPS1,300525,203934,4750.074,-12225.697,30,1.0,30,18.2
$_CALLS,1
$_XMS_NAKs,0
$_XMS_TOUTs,0
$_SM_DEPTHo,0.87
$_SM_ANGLEo,-66.3
$GPS2,300525,204253,4750.060,-12225.783,13,1.3,13,18.2
$SPEED_LIMITS,0.173,0.260
$TGT_NAME,NORTH_175
$TGT_LATLONG,4750.000,-12224.800
$TGT_RADIUS,200.000
$KALMAN_CONTROL,0.000,0.000
$KALMAN_X,0.0,0.0,0.0,0.0,0.0
$KALMAN_Y,0.0,0.0,0.0,0.0,0.0
$MHEAD_RNG_PITCHd_Wd,109.1,1227,-17.5,-10.000,-21.04,2225
$D_GRID,120
$GCHEAD,st_secs,pitch_ctl,vbd_ctl,pitch_ad_start,roll_ad_start,vbd_pot1_ad_start,vbd_pot2_ad_start,depth,ob_vertv,data_pts,end_secs,pitch_secs,roll_secs,vbd_secs,vbd_i,gcphase,pitch_i,roll_i,pitch_ad,roll_ad,vbd_ad,vbd_pot1_ad,vbd_pot2_ad,pitch_retries,pitch_errors,roll_retries,roll_errors,vbd_retries,vbd_errors,pitch_volts,roll_volts,vbd_volts
$STATE,13,end surface,CONTROL_FINISHED_OK
$STATE,13,begin dive
$GC,15,-0.76,-146.6,243,1960,544,446,0.0,0.0,0,100,0.00,0.00,-83.07,0.000,16386,0.000,0.000,243,1960,2824,2912,2736,0,0,0,0,0,0,28.83,28.83,28.83
$GC,103,-0.76,-146.6,243,1960,2912,2738,3.6,-5.2,8,123,9.73,2.12,-4.78,0.000,18948,0.224,0.049,2769,562,3064,3196,2933,0,0,0,0,0,0,26.11,26.41,26.70
$GC,231,-0.76,-146.6,2768,561,3201,2941,31.5,-17.5,20,240,0.00,2.00,0.00,0.000,3078,0.000,0.024,2767,1928,3071,3202,2941,0,0,0,0,0,0,28.83,26.51,28.83
$GC,270,-0.76,-146.6,2767,1929,3203,2942,38.4,-17.0,24,280,0.00,2.10,0.00,0.000,2308,0.000,0.037,2767,3348,3073,3204,2942,0,0,0,0,0,0,28.83,26.49,28.83
$GC,305,-0.76,-146.6,2767,3347,3205,2942,44.1,-17.4,27,313,0.00,2.00,0.00,0.000,3078,0.000,0.019,2767,1947,3073,3205,2942,0,0,0,0,0,0,28.83,26.58,28.83
$GC,343,-0.76,-146.6,2767,1945,3205,2942,50.9,-17.0,31,353,0.00,2.08,0.00,0.000,2308,0.000,0.037,2767,3345,3073,3205,2942,0,0,0,0,0,0,28.83,26.52,28.83
$GC,386,-0.76,-146.6,2766,3344,3205,2942,57.8,-16.1,35,396,0.00,1.95,0.00,0.000,3078,0.000,0.019,2767,1938,3073,3205,2942,0,0,0,0,0,0,28.83,26.60,28.83
$GC,426,-0.76,-146.6,2767,1937,3205,2942,64.1,-15.8,39,427,0.00,0.00,0.00,0.000,2054,0.000,0.000,2767,1936,3073,3205,2942,0,0,0,0,0,0,28.83,28.83,28.83
$GC,457,-0.76,-146.6,2767,1936,3205,2942,68.8,-15.5,42,458,0.00,0.00,0.00,0.000,2054,0.000,0.000,2767,1936,3073,3205,2942,0,0,0,0,0,0,28.83,28.83,28.83
$GC,486,-0.76,-146.6,2767,1936,3205,2942,73.6,-16.2,45,487,0.00,0.00,0.00,0.000,2054,0.000,0.000,2767,1936,3073,3205,2942,0,0,0,0,0,0,28.83,28.83,28.83
$GC,516,-0.76,-146.6,2767,1936,3205,2942,78.5,-16.5,48,517,0.00,0.00,0.00,0.000,2054,0.000,0.000,2767,1936,3073,3205,2942,0,0,0,0,0,0,28.83,28.83,28.83
$GC,546,-0.76,-146.6,2767,1936,3205,2942,83.6,-16.7,51,547,0.00,0.00,0.00,0.000,2054,0.000,0.000,2767,1936,3073,3205,2942,0,0,0,0,0,0,28.83,28.83,28.83
$GC,577,-0.76,-146.6,2767,1936,3205,2942,88.6,-16.7,54,586,0.00,2.08,0.00,0.000,2308,0.000,0.037,2767,3340,3073,3205,2942,0,0,0,0,0,0,28.83,26.58,28.83
$GC,609,-0.76,-146.6,2767,3340,3205,2942,94.3,-17.3,57,619,0.00,1.92,0.00,0.000,3078,0.000,0.018,2767,1943,3074,3206,2942,0,0,0,0,0,0,28.83,26.66,28.83
$GC,650,-0.76,-146.6,2767,1941,3205,2942,100.8,-16.3,61,651,0.00,0.00,0.00,0.000,2054,0.000,0.000,2767,1941,3073,3205,2942,0,0,0,0,0,0,28.83,28.83,28.83
$GC,680,-0.76,-146.6,2767,1941,3205,2942,105.7,-16.1,64,689,0.00,2.08,0.00,0.000,2308,0.000,0.037,2767,3352,3073,3205,2942,0,0,0,0,0,0,28.83,26.60,28.83
$GC,704,-0.76,-146.6,2767,3352,3205,2942,109.2,-15.6,66,718,0.00,2.00,0.00,0.000,3078,0.000,0.018,2767,1937,3073,3205,2942,0,0,0,0,0,0,28.83,26.67,28.83
$STATE,724,end dive,BOTTOM_OBSTACLE_DETECTED
$STATE,724,begin apogee
$GC,727,-0.27,0.0,2767,1936,3205,2942,113.1,-16.5,68,846,0.50,0.00,112.85,0.534,10246,0.125,0.000,2932,1935,2475,2576,2374,0,0,0,0,0,0,26.44,28.83,25.11
$STATE,847,end apogee,CONTROL_FINISHED_OK
$STATE,847,begin climb
$GC,849,0.76,146.6,2932,1935,2575,2373,121.8,0.0,80,967,0.98,2.22,109.80,0.522,11012,0.087,0.031,3267,3356,1889,2000,1779,0,0,0,0,0,0,25.62,25.58,25.06
$GC,1085,0.60,146.6,3267,3356,2000,1772,108.1,11.8,103,1095,0.20,1.98,0.00,0.000,5126,0.160,0.018,3225,1961,1886,2000,1772,0,0,0,0,0,0,26.00,26.20,28.83
$GC,1125,0.51,146.6,3224,1960,2000,1771,104.1,10.1,107,1135,0.12,2.08,0.00,0.000,4612,0.161,0.035,3187,564,1885,2000,1771,0,0,0,0,0,0,26.10,26.21,28.83
$GC,1169,0.58,210.7,3188,564,1998,1770,100.9,7.1,111,1223,0.10,1.98,47.42,0.507,11270,0.103,0.019,3234,1965,1635,1767,1503,0,0,0,0,0,0,26.27,26.33,25.35
$GC,1261,0.58,210.7,3234,1965,1766,1497,92.4,10.8,120,1271,0.08,2.03,0.00,0.000,4356,0.179,0.030,3219,3335,1631,1766,1497,0,0,0,0,0,0,25.99,26.03,28.83
$GC,1317,0.58,210.7,3219,3335,1766,1496,86.6,11.2,125,1326,0.00,2.03,0.00,0.000,5126,0.000,0.018,3224,1937,1631,1766,1497,0,0,0,0,0,0,28.83,26.20,28.83
$GC,1356,0.58,210.7,3224,1936,1765,1496,82.6,9.8,129,1357,0.00,0.00,0.00,0.000,4102,0.000,0.000,3224,1936,1631,1766,1496,0,0,0,0,0,0,28.83,28.83,28.83
$GC,1385,0.58,210.7,3223,1936,1766,1496,79.5,10.0,132,1386,0.00,0.00,0.00,0.000,4102,0.000,0.000,3223,1936,1631,1766,1496,0,0,0,0,0,0,28.83,28.83,28.83
$GC,1415,0.58,210.7,3223,1936,1766,1495,76.8,9.4,135,1416,0.00,0.00,0.00,0.000,4102,0.000,0.000,3223,1936,1630,1766,1495,0,0,0,0,0,0,28.83,28.83,28.83
$GC,1445,0.58,210.7,3224,1936,1766,1495,73.9,9.4,138,1447,0.00,0.00,0.00,0.000,4102,0.000,0.000,3224,1936,1630,1766,1495,0,0,0,0,0,0,28.83,28.83,28.83
$GC,1475,0.58,210.7,3224,1936,1766,1495,71.1,9.6,141,1476,0.00,0.00,0.00,0.000,4102,0.000,0.000,3224,1936,1630,1766,1495,0,0,0,0,0,0,28.83,28.83,28.83
$GC,1505,0.58,210.7,3224,1936,1766,1495,68.3,9.3,144,1506,0.00,0.00,0.00,0.000,4102,0.000,0.000,3224,1936,1630,1766,1495,0,0,0,0,0,0,28.83,28.83,28.83
$GC,1535,0.58,210.7,3224,1936,1766,1494,65.6,9.1,147,1536,0.00,0.00,0.00,0.000,4102,0.000,0.000,3224,1936,1630,1766,1494,0,0,0,0,0,0,28.83,28.83,28.83
$GC,1565,0.58,210.7,3224,1936,1766,1494,62.7,9.2,150,1567,0.00,0.00,0.00,0.000,4102,0.000,0.000,3224,1936,1630,1766,1494,0,0,0,0,0,0,28.83,28.83,28.83
$GC,1595,0.58,210.7,3224,1936,1766,1494,60.0,9.2,153,1596,0.00,0.00,0.00,0.000,4102,0.000,0.000,3224,1936,1630,1766,1494,0,0,0,0,0,0,28.83,28.83,28.83
$GC,1625,0.58,210.7,3224,1936,1766,1494,57.2,9.3,156,1626,0.00,0.00,0.00,0.000,4102,0.000,0.000,3224,1936,1630,1766,1494,0,0,0,0,0,0,28.83,28.83,28.83
$GC,1655,0.58,210.7,3224,1936,1766,1494,54.5,8.9,159,1656,0.00,0.00,0.00,0.000,4102,0.000,0.000,3224,1936,1630,1766,1494,0,0,0,0,0,0,28.83,28.83,28.83
$GC,1685,0.58,210.7,3224,1936,1767,1494,51.5,10.0,162,1687,0.00,0.00,0.00,0.000,4102,0.000,0.000,3224,1936,1629,1766,1493,0,0,0,0,0,0,28.83,28.83,28.83
$GC,1715,0.58,210.7,3224,1936,1766,1493,48.6,10.0,165,1716,0.00,0.00,0.00,0.000,4102,0.000,0.000,3224,1935,1629,1766,1493,0,0,0,0,0,0,28.83,28.83,28.83
$GC,1745,0.58,210.7,3224,1936,1766,1493,45.7,9.5,168,1754,0.00,2.05,0.00,0.000,4356,0.000,0.032,3224,3341,1629,1766,1493,0,0,0,0,0,0,28.83,26.51,28.83
$GC,1822,0.58,210.7,3224,3340,1766,1494,38.1,10.0,175,1830,0.00,2.00,0.00,0.000,5126,0.000,0.018,3225,1936,1629,1766,1493,0,0,0,0,0,0,28.83,26.59,28.83
$GC,1861,0.58,210.7,3224,1936,1766,1493,34.7,8.4,179,1862,0.00,0.00,0.00,0.000,4102,0.000,0.000,3225,1936,1629,1766,1493,0,0,0,0,0,0,28.83,28.83,28.83
$GC,1891,0.64,254.6,3224,1937,1766,1493,32.3,8.0,182,1932,0.00,2.05,32.33,0.481,10756,0.000,0.036,3225,567,1458,1601,1316,0,0,0,0,0,0,28.83,26.19,25.71
$GC,1946,0.64,254.6,3224,567,1600,1314,27.9,8.5,187,1955,0.00,2.00,0.00,0.000,3078,0.000,0.019,3225,1949,1456,1600,1312,0,0,0,0,0,0,28.83,26.30,28.83
$GC,1985,0.64,254.6,3224,1949,1600,1311,24.5,8.7,191,1986,0.00,0.00,0.00,0.000,2054,0.000,0.000,3224,1949,1455,1600,1311,0,0,0,0,0,0,28.83,28.83,28.83
$GC,2015,0.64,254.6,3224,1949,1600,1310,22.0,8.3,194,2016,0.00,0.00,0.00,0.000,2054,0.000,0.000,3225,1949,1455,1600,1310,0,0,0,0,0,0,28.83,28.83,28.83
$GC,2046,0.64,254.6,3224,1949,1600,1309,19.4,8.5,197,2047,0.00,0.00,0.00,0.000,2054,0.000,0.000,3225,1949,1454,1600,1309,0,0,0,0,0,0,28.83,28.83,28.83
$GC,2075,0.69,254.6,3224,1949,1600,1309,17.1,8.0,200,2077,0.08,0.00,0.00,0.000,2054,0.129,0.000,3255,1949,1454,1600,1309,0,0,0,0,0,0,26.44,28.83,28.83
$GC,2106,0.69,254.6,3254,1949,1600,1309,14.4,8.6,203,2115,0.00,2.03,0.00,0.000,4612,0.000,0.036,3255,567,1454,1600,1309,0,0,0,0,0,0,28.83,26.39,28.83
$STATE,2231,end climb,SURFACE_DEPTH_REACHED
$STATE,2231,begin surface coast
$FINISH,-0.1,1.017921
$STATE,2265,end surface coast,CONTROL_FINISHED_OK
$STATE,2265,begin surface
$SM_CCo,2282,167.77,0.442,1,0,503,495.12
$SM_GC,0.80,8.00,2.00,167.77,0.048,0.021,0.442,244,1942,503,-8.63,-2.12,495.12,0,0,0,0,1,0,26.47,26.52,25.13
$IRIDIUM_FIX,4729.30,-12223.11,270318,101039
$TT8_MAMPS,0.027713,0.027713
$HUMID,43.06
$INTERNAL_PRESSURE,8.43823
$TCM_TEMP,19.60
$XPDR_PINGS,29
$ALTIM_TOP_PING,19.4,19.0
$ALTIM_BOTTOM_PING,110.9,6.4
$24V_AH,25.1,0.272
$10V_AH,10.6,0.086
$FG_AHR_24Vo,0.000
$FG_AHR_10Vo,0.000
$DEVICES,Pitch_motor,Roll_motor,VBD_pump_during_apogee,VBD_pump_during_surface,VBD_valve,Iridium_during_init,Iridium_during_connect,Iridium_during_xfer,Transponder_ping,GUMSTIX_24V,GPS,TT8,LPSleep,TT8_Active,TT8_Sampling,TT8_CF8,TT8_Kalman,Analog_circuits,GPS_charging,Compass,RAFOS,Transponder,Compass2
$DEVICE_SECS,19.775,44.750,302.400,167.775,0.000,0.000,0.000,0.000,8.500,0.000,16.115,610.949,622.050,532.618,730.770,34.084,0.000,973.539,0.000,486.222,0.000,10.203,0.000
$DEVICE_MAMPS,224.145,48.960,533.970,442.170,0.000,0.000,0.000,0.000,420.000,0.000,28.460,13.960,2.190,13.960,37.930,44.670,0.000,16.000,0.000,15.730,0.000,30.000,0.000
$SENSORS,SBE_CT,SBE_O2,nil,nil,nil,nil,nil,nil,nil,nil
$SENSOR_SECS,143.753,530.091,0.000,0.000,0.000,0.000,0.000,0.000,0.000,0.000
$SENSOR_MAMPS,23.220,4.490,0.000,0.000,0.000,0.000,0.000,0.000,0.000,0.000
$MEM,354664
$DATA_FILE_SIZE,10220,218
$CAP_FILE_SIZE,74220,0
$CFSIZE,260165632,256299008
$ERRORS,0,0,0,0,0,0,0,0,0,0,0,0,0,1,0,0
$CURRENT,0.116,333.6,1
$GPS,300525,212459,4749.985,-12225.501,7,1.6,7,18.2
