version: 66.11
glider: 175
mission: 9
dive: 14
start: 5 31 125 5 30 55
data:
$ID,175
$MISSION,9
$DIVE,14
$N_DIVES,0
$D_SURF,3
$D_FLARE,3
$D_TGT,400
$D_ABORT,1090
$D_NO_BLEED,500
$D_BOOST,3
$T_BOOST,0
$D_FINISH,0
$D_PITCH,0
$D_SAFE,0
$D_CALL,0
$SURFACE_URGENCY,0
$SURFACE_URGENCY_TRY,0
$SURFACE_URGENCY_FORCE,0
$T_DIVE,70
$T_MISSION,85
$T_ABORT,1440
$T_TURN,300
$T_TURN_SAMPINT,5
$T_NO_W,120
$T_LOITER,0
$T_EPIRB,0
$USE_BATHY,0
$USE_ICE,0
$ICE_FREEZE_MARGIN,0.30000001
$D_OFFGRID,100
$T_WATCHDOG,10
$RELAUNCH,1
$APOGEE_PITCH,-8
$MAX_BUOY,150
$COURSE_BIAS,0
$GLIDE_SLOPE,30
$SPEED_FACTOR,1
$RHO,1.023
$MASS,51682
$MASS_COMP,0
$NAV_MODE,2
$FERRY_MAX,45
$KALMAN_USE,2
$HD_A,0.003
$HD_B,0.0099999998
$HD_C,9.9999997e-06
$HEADING,-1
$ESCAPE_HEADING,0
$ESCAPE_HEADING_DELTA,10
$FIX_MISSING_TIMEOUT,0
$TGT_DEFAULT_LAT,4743
$TGT_DEFAULT_LON,-12225
$TGT_AUTO_DEFAULT,0
$SM_CC,494.91199
$N_FILEKB,4
$FILEMGR,0
$CALL_NDIVES,1
$COMM_SEQ,0
$PROTOCOL,9
$N_NOCOMM,1
$NOCOMM_ACTION,0
$N_NOSURFACE,0
$UPLOAD_DIVES_MAX,-1
$CALL_TRIES,5
$CALL_WAIT,60
$CAPUPLOAD,1
$CAPMAXSIZE,200000
$HEAPDBG,0
$T_GPS,15
$N_GPS,30
$T_GPS_ALMANAC,0
$T_GPS_CHARGE,-34450.559
$T_RSLEEP,2
$STROBE,0
$RAFOS_PEAK_OFFSET,1.5
$RAFOS_CORR_THRESH,60
$RAFOS_HIT_WINDOW,3600
$PITCH_MIN,255
$PITCH_MAX,3935
$C_PITCH,3018
$PITCH_DBAND,0.0099999998
$PITCH_CNV,0.003125763
$P_OVSHOOT,0.039999999
$PITCH_GAIN,30
$PITCH_TIMEOUT,17
$PITCH_AD_RATE,160
$PITCH_MAXERRORS,1
$PITCH_ADJ_GAIN,0.02
$PITCH_ADJ_DBAND,2.5
$ROLL_MIN,171
$ROLL_MAX,3723
$ROLL_DEG,40
$C_ROLL_DIVE,2085
$C_ROLL_CLIMB,1897
$HEAD_ERRBAND,10
$ROLL_CNV,0.028270001
$ROLL_TIMEOUT,15
$R_PORT_OVSHOOT,67
$R_STBD_OVSHOOT,84
$ROLL_AD_RATE,300
$ROLL_MAXERRORS,2
$ROLL_ADJ_GAIN,0
$ROLL_ADJ_DBAND,0
$VBD_MIN,465
$VBD_MAX,3960
$C_VBD,2285
$VBD_DBAND,2
$VBD_CNV,-0.25119999
$VBD_TIMEOUT,720
$PITCH_VBD_SHIFT,0.0012300001
$VBD_PUMP_AD_RATE_SURFACE,5
$VBD_PUMP_AD_RATE_APOGEE,4
$VBD_BLEED_AD_RATE,8
$UNCOM_BLEED,60
$VBD_MAXERRORS,1
$W_ADJ_DBAND,2
$DBDW,0
$PITCH_W_GAIN,0
$PITCH_W_DBAND,1
$CF8_MAXERRORS,5
$AH0_24V,145
$AH0_10V,95
$MINV_24V,19
$MINV_10V,8
$FG_AHR_10V,0
$FG_AHR_24V,0
$PHONE_SUPPLY,2
$PRESSURE_YINT,-33.008354
$PRESSURE_SLOPE,0.0001165895
$AD7714Ch0Gain,128
$TCM_PITCH_OFFSET,0
$TCM_ROLL_OFFSET,0
$COMPASS_USE,4
$ALTIM_BOTTOM_PING_RANGE,0
$ALTIM_TOP_PING_RANGE,20
$ALTIM_BOTTOM_TURN_MARGIN,10
$ALTIM_TOP_TURN_MARGIN,0
$ALTIM_TOP_MIN_OBSTACLE,1
$ALTIM_PING_DEPTH,100
$ALTIM_PING_DELTA,5
$ALTIM_FREQUENCY,13
$ALTIM_PULSE,3
$ALTIM_SENSITIVITY,3
$XPDR_VALID,5
$XPDR_INHIBIT,90
$INT_PRESSURE_SLOPE,0.0097660003
$INT_PRESSURE_YINT,-0.40000001
$DEEPGLIDER,0
$DEEPGLIDERMB,0
$MOTHERBOARD,4
$DEVICE1,2
$DEVICE2,20
$DEVICE3,-1
$DEVICE4,-1
$DEVICE5,-1
$DEVICE6,-1
$LOGGERS,7
$LOGGERDEVICE1,-1
$LOGGERDEVICE2,-1
$LOGGERDEVICE3,-1
$LOGGERDEVICE4,-1
$COMPASS_DEVICE,33
$COMPASS2_DEVICE,-1
$PHONE_DEVICE,49
$GPS_DEVICE,32
$RAFOS_DEVICE,-1
$XPDR_DEVICE,24
$SIM_W,0
$SIM_PITCH,0
$SEABIRD_T_G,0.0043275012
$SEABIRD_T_H,0.0006214368
$SEABIRD_T_I,2.2085376e-05
$SEABIRD_T_J,2.2233748e-06
$SEABIRD_C_G,-10.084761
$SEABIRD_C_H,1.1595923
$SEABIRD_C_I,-0.0010180317
$SEABIRD_C_J,0.00017345669
$GPS1,310525,052533,4747.779,-12224.933,11,1.0,33,18.2
$_CALLS,1
$_XMS_NAKs,0
$_XMS_TOUTs,0
$_SM_DEPTHo,0.40
$_SM_ANGLEo,-72.5
$GPS2,310525,053011,4747.765,-12224.953,11,1.4,11,18.2
$SPEED_LIMITS,0.330,0.340
$TGT_NAME,MID_175W
$TGT_LATLONG,4746.000,-12225.100
$TGT_RADIUS,300.000
$KALMAN_CONTROL,0.000,0.000
$KALMAN_X,0.0,0.0,0.0,0.0,0.0
$KALMAN_Y,0.0,0.0,0.0,0.0,0.0
$MHEAD_RNG_PITCHd_Wd,162.4,3273,-27.2,-19.048,-29.26,1402
$D_GRID,400
$GCHEAD,st_secs,pitch_ctl,vbd_ctl,pitch_ad_start,roll_ad_start,vbd_pot1_ad_start,vbd_pot2_ad_start,depth,ob_vertv,data_pts,end_secs,pitch_secs,roll_secs,vbd_secs,vbd_i,gcphase,pitch_i,roll_i,pitch_ad,roll_ad,vbd_ad,vbd_pot1_ad,vbd_pot2_ad,pitch_retries,pitch_errors,roll_retries,roll_errors,vbd_retries,vbd_errors,pitch_volts,roll_volts,vbd_volts
$STATE,12,end surface,CONTROL_FINISHED_OK
$STATE,13,begin dive
$GC,14,-1.09,-146.6,248,2101,496,429,0.0,0.0,0,89,0.00,0.00,-72.62,0.000,16386,0.000,0.000,248,2101,2516,2589,2444,0,0,0,0,0,0,28.83,28.83,28.83
$GC,92,-1.09,-146.6,248,2101,2589,2447,3.3,-7.3,7,114,9.35,2.12,-7.80,0.000,18948,0.223,0.052,2660,697,2872,2982,2762,0,0,0,0,0,0,25.88,26.13,26.40
$GC,426,-1.03,-146.6,2659,697,2989,2766,90.0,-26.1,39,435,0.08,2.00,0.00,0.000,3078,0.171,0.027,2679,2042,2877,2989,2766,0,0,0,0,0,0,26.22,26.41,28.83
$GC,464,-1.03,-146.6,2678,2042,2989,2766,99.7,-24.1,43,465,0.00,0.00,0.00,0.000,2054,0.000,0.000,2679,2042,2877,2989,2766,0,0,0,0,0,0,28.83,28.83,28.83
$GC,496,-1.03,-146.6,2678,2042,2990,2766,107.4,-25.4,46,503,0.00,0.00,0.00,0.000,2054,0.000,0.000,2679,2042,2877,2989,2766,0,0,0,0,0,0,28.83,28.83,28.83
$STATE,516,end dive,BOTTOM_OBSTACLE_DETECTED
$STATE,516,begin apogee
$GC,519,-0.27,0.0,2678,1840,2989,2766,112.4,-25.1,48,647,0.77,0.03,116.50,0.537,10246,0.145,0.080,2921,1903,2282,2374,2191,0,0,0,0,0,0,26.25,25.27,24.94
$STATE,648,end apogee,CONTROL_FINISHED_OK
$STATE,648,begin climb
$GC,649,1.09,146.6,2921,1903,2374,2190,123.3,0.0,61,769,1.33,2.20,111.07,0.522,10756,0.099,0.036,3370,526,1700,1818,1582,0,0,0,0,0,0,25.46,25.38,24.89
$GC,821,1.03,146.6,3369,525,1810,1581,100.4,21.4,78,830,0.05,2.05,0.00,0.000,5126,0.177,0.019,3356,1914,1695,1810,1581,0,0,0,0,0,0,25.64,25.81,28.83
$GC,859,1.03,146.6,3356,1914,1810,1579,91.3,22.8,82,868,0.00,2.05,0.00,0.000,4356,0.000,0.031,3356,3292,1694,1810,1579,0,0,0,0,0,0,28.83,25.91,28.83
$GC,925,0.98,146.6,3356,3292,1810,1578,78.0,20.0,88,934,0.08,2.05,0.00,0.000,5126,0.174,0.018,3340,1889,1694,1810,1578,0,0,0,0,0,0,25.91,26.09,28.83
$GC,964,1.02,181.0,3340,1889,1810,1578,71.4,16.5,92,996,0.00,2.12,25.90,0.482,10756,0.000,0.036,3348,524,1563,1690,1437,0,0,0,0,0,0,28.83,25.85,25.39
$GC,1035,1.02,181.0,3348,524,1685,1436,59.2,18.3,99,1039,0.00,1.98,0.00,0.000,5126,0.000,0.020,3349,1893,1560,1685,1436,0,0,0,0,0,0,28.83,26.03,28.83
$GC,1076,1.02,181.0,3348,1894,1685,1434,51.1,19.1,103,1086,0.00,2.08,0.00,0.000,4356,0.000,0.032,3348,3295,1559,1684,1434,0,0,0,0,0,0,28.83,26.08,28.83
$GC,1109,1.02,181.0,3348,3295,1684,1433,44.3,20.6,106,1119,0.00,2.00,0.00,0.000,5126,0.000,0.020,3359,1899,1558,1684,1433,0,0,0,0,0,0,28.83,26.15,28.83
$GC,1149,1.02,181.0,3358,1899,1684,1433,36.3,20.3,110,1158,0.00,2.08,0.00,0.000,4612,0.000,0.038,3365,519,1558,1684,1433,0,0,0,0,0,0,28.83,26.15,28.83
$GC,1194,1.02,181.0,3364,519,1684,1433,28.7,17.5,114,1203,0.05,2.03,0.00,0.000,5126,0.174,0.019,3351,1920,1558,1684,1433,0,0,0,0,0,0,26.09,26.26,28.83
$GC,1233,1.02,181.0,3351,1920,1684,1432,21.6,17.9,118,1234,0.00,0.00,0.00,0.000,4102,0.000,0.000,3351,1920,1558,1684,1432,0,0,0,0,0,0,28.83,28.83,28.83
$GC,1263,1.02,181.0,3351,1920,1684,1432,16.4,17.2,121,1264,0.00,0.00,0.00,0.000,4102,0.000,0.000,3351,1920,1558,1684,1432,0,0,0,0,0,0,28.83,28.83,28.83
$GC,1293,1.07,218.5,3350,1920,1684,1432,11.6,16.3,124,1326,0.00,2.15,27.95,0.459,10756,0.000,0.037,3359,510,1414,1548,1280,0,0,0,0,0,0,28.83,26.00,25.56
$STATE,1353,end climb,SURFACE_DEPTH_REACHED
$STATE,1353,begin surface coast
$FINISH,-0.4,1.021478
$STATE,1366,end surface coast,CONTROL_FINISHED_OK
$STATE,1366,begin surface
$SM_CCo,1383,168.70,0.435,1,0,465,457.18
$SM_CCo,1559,-0.20,0.000,0,0,466,457.18
$SM_CCo,1561,0.28,0.110,0,0,466,457.18
$SM_GC,0.32,8.45,2.35,0.28,0.050,0.024,0.110,246,2064,466,-8.60,-2.04,457.18,0,0,0,0,0,0,26.10,26.13,25.41
$IRIDIUM_FIX,4726.11,-12231.22,270318,181828
$TT8_MAMPS,0.027713,0.027713
$HUMID,39.48
$INTERNAL_PRESSURE,8.37963
$TCM_TEMP,19.50
$XPDR_PINGS,0
$ALTIM_TOP_PING,19.8,19.4
$ALTIM_BOTTOM_PING,112.4,6.2
$24V_AH,24.9,1.133
$10V_AH,10.6,0.351
$FG_AHR_24Vo,0.000
$FG_AHR_10Vo,0.000
$DEVICES,Pitch_motor,Roll_motor,VBD_pump_during_apogee,VBD_pump_during_surface,VBD_valve,Iridium_during_init,Iridium_during_connect,Iridium_during_xfer,Transponder_ping,GUMSTIX_24V,GPS,TT8,LPSleep,TT8_Active,TT8_Sampling,TT8_CF8,TT8_Kalman,Analog_circuits,GPS_charging,Compass,RAFOS,Transponder,Compass2
$DEVICE_SECS,20.150,29.450,281.425,168.975,0.000,24.903,16.035,158.135,1.500,0.000,14.592,373.202,305.833,459.638,705.993,33.766,0.000,783.387,0.000,346.306,0.000,13.029,0.000
$DEVICE_MAMPS,223.380,79.560,537.030,435.285,0.000,43.600,160.000,223.000,420.000,0.000,28.460,13.960,2.190,13.960,37.930,44.670,0.000,16.000,0.000,15.730,0.000,30.000,0.000
$SENSORS,SBE_CT,SBE_O2,nil,nil,nil,nil,nil,nil,nil,nil
$SENSOR_SECS,85.056,317.329,0.000,0.000,0.000,0.000,0.000,0.000,0.000,0.000
$SENSOR_MAMPS,23.220,4.490,0.000,0.000,0.000,0.000,0.000,0.000,0.000,0.000
$MEM,354576
$DATA_FILE_SIZE,6876,131
$CAP_FILE_SIZE,41517,1
$CFSIZE,260165632,255971328
$ERRORS,0,0,0,0,0,0,0,0,0,0,0,0,0,1,0,0
$CURRENT,0.094,345.0,1
$GPS,310525,055747,4747.667,-12224.948,14,1.1,14,18.2
