version: 66.11
glider: 175
mission: 9
dive: 121
start: 6 4 125 3 40 16
data:
$ID,175
$MISSION,9
$DIVE,121
$N_DIVES,0
$D_SURF,3
$D_FLARE,3
$D_TGT,90
$D_ABORT,1090
$D_NO_BLEED,500
$D_BOOST,3
$T_BOOST,0
$D_FINISH,0
$D_PITCH,0
$D_SAFE,0
$D_CALL,0
$SURFACE_URGENCY,0
$SURFACE_URGENCY_TRY,0
$SURFACE_URGENCY_FORCE,0
$T_DIVE,30
$T_MISSION,45
$T_ABORT,1440
$T_TURN,300
$T_TURN_SAMPINT,5
$T_NO_W,120
$T_LOITER,0
$T_EPIRB,0
$USE_BATHY,0
$USE_ICE,0
$ICE_FREEZE_MARGIN,0.30000001
$D_OFFGRID,100
$T_WATCHDOG,10
$RELAUNCH,1
$APOGEE_PITCH,-8
$MAX_BUOY,150
$COURSE_BIAS,0
$GLIDE_SLOPE,30
$SPEED_FACTOR,1
$RHO,1.023
$MASS,51902
$MASS_COMP,0
$NAV_MODE,2
$FERRY_MAX,45
$KALMAN_USE,2
$HD_A,0.003
$HD_B,0.0099999998
$HD_C,9.9999997e-06
$HEADING,-1
$ESCAPE_HEADING,0
$ESCAPE_HEADING_DELTA,10
$FIX_MISSING_TIMEOUT,0
$TGT_DEFAULT_LAT,4743
$TGT_DEFAULT_LON,-12225
$TGT_AUTO_DEFAULT,0
$SM_CC,250
$N_FILEKB,4
$FILEMGR,0
$CALL_NDIVES,1
$COMM_SEQ,0
$PROTOCOL,9
$N_NOCOMM,1
$NOCOMM_ACTION,0
$N_NOSURFACE,0
$UPLOAD_DIVES_MAX,-1
$CALL_TRIES,5
$CALL_WAIT,60
$CAPUPLOAD,1
$CAPMAXSIZE,200000
$HEAPDBG,0
$T_GPS,15
$N_GPS,30
$T_GPS_ALMANAC,0
$T_GPS_CHARGE,-34624.801
$T_RSLEEP,2
$STROBE,0
$RAFOS_PEAK_OFFSET,1.5
$RAFOS_CORR_THRESH,60
$RAFOS_HIT_WINDOW,3600
$PITCH_MIN,255
$PITCH_MAX,3935
$C_PITCH,3013
$PITCH_DBAND,0.0099999998
$PITCH_CNV,0.003125763
$P_OVSHOOT,0.039999999
$PITCH_GAIN,30
$PITCH_TIMEOUT,17
$PITCH_AD_RATE,160
$PITCH_MAXERRORS,1
$PITCH_ADJ_GAIN,0.02
$PITCH_ADJ_DBAND,2.5
$ROLL_MIN,171
$ROLL_MAX,3723
$ROLL_DEG,40
$C_ROLL_DIVE,2033
$C_ROLL_CLIMB,1891
$HEAD_ERRBAND,10
$ROLL_CNV,0.028270001
$ROLL_TIMEOUT,15
$R_PORT_OVSHOOT,136
$R_STBD_OVSHOOT,65
$ROLL_AD_RATE,300
$ROLL_MAXERRORS,2
$ROLL_ADJ_GAIN,0
$ROLL_ADJ_DBAND,0
$VBD_MIN,465
$VBD_MAX,3960
$C_VBD,2140
$VBD_DBAND,2
$VBD_CNV,-0.25119999
$VBD_TIMEOUT,720
$PITCH_VBD_SHIFT,0.0012300001
$VBD_PUMP_AD_RATE_SURFACE,5
$VBD_PUMP_AD_RATE_APOGEE,4
$VBD_BLEED_AD_RATE,8
$UNCOM_BLEED,60
$VBD_MAXERRORS,1
$W_ADJ_DBAND,2
$DBDW,0
$PITCH_W_GAIN,0
$PITCH_W_DBAND,1
$CF8_MAXERRORS,5
$AH0_24V,145
$AH0_10V,95
$MINV_24V,19
$MINV_10V,8
$FG_AHR_10V,0
$FG_AHR_24V,0
$PHONE_SUPPLY,2
$PRESSURE_YINT,-33.008354
$PRESSURE_SLOPE,0.0001165895
$AD7714Ch0Gain,128
$TCM_PITCH_OFFSET,0
$TCM_ROLL_OFFSET,0
$COMPASS_USE,4
$ALTIM_BOTTOM_PING_RANGE,0
$ALTIM_TOP_PING_RANGE,20
$ALTIM_BOTTOM_TURN_MARGIN,25
$ALTIM_TOP_TURN_MARGIN,0
$ALTIM_TOP_MIN_OBSTACLE,1
$ALTIM_PING_DEPTH,80
$ALTIM_PING_DELTA,5
$ALTIM_FREQUENCY,13
$ALTIM_PULSE,3
$ALTIM_SENSITIVITY,3
$XPDR_VALID,5
$XPDR_INHIBIT,90
$INT_PRESSURE_SLOPE,0.0097660003
$INT_PRESSURE_YINT,-0.40000001
$DEEPGLIDER,0
$DEEPGLIDERMB,0
$MOTHERBOARD,4
$DEVICE1,2
$DEVICE2,20
$DEVICE3,-1
$DEVICE4,-1
$DEVICE5,-1
$DEVICE6,-1
$LOGGERS,7
$LOGGERDEVICE1,-1
$LOGGERDEVICE2,-1
$LOGGERDEVICE3,-1
$LOGGERDEVICE4,-1
$COMPASS_DEVICE,33
$COMPASS2_DEVICE,-1
$PHONE_DEVICE,49
$GPS_DEVICE,32
$RAFOS_DEVICE,-1
$XPDR_DEVICE,24
$SIM_W,0
$SIM_PITCH,0
$SEABIRD_T_G,0.0043275012
$SEABIRD_T_H,0.0006214368
$SEABIRD_T_I,2.2085376e-05
$SEABIRD_T_J,2.2233748e-06
$SEABIRD_C_G,-10.084761
$SEABIRD_C_H,1.1595923
$SEABIRD_C_I,-0.0010180317
$SEABIRD_C_J,0.00017345669
$GPS1,040625,033553,4748.268,-12224.989,6,3.1,36,18.2
$_CALLS,1
$_XMS_NAKs,0
$_XMS_TOUTs,0
$_SM_DEPTHo,-1.05
$_SM_ANGLEo,-72.9
$GPS2,040625,033947,4748.229,-12225.003,13,1.7,13,18.2
$SPEED_LIMITS,0.173,0.260
$TGT_NAME,MID_175W
$TGT_LATLONG,4746.000,-12225.100
$TGT_RADIUS,300.000
$KALMAN_CONTROL,0.000,0.000
$KALMAN_X,0.0,0.0,0.0,0.0,0.0
$KALMAN_Y,0.0,0.0,0.0,0.0,0.0
$MHEAD_RNG_PITCHd_Wd,153.8,4130,-17.5,-10.000,-21.04,2225
$D_GRID,90
$GCHEAD,st_secs,pitch_ctl,vbd_ctl,pitch_ad_start,roll_ad_start,vbd_pot1_ad_start,vbd_pot2_ad_start,depth,ob_vertv,data_pts,end_secs,pitch_secs,roll_secs,vbd_secs,vbd_i,gcphase,pitch_i,roll_i,pitch_ad,roll_ad,vbd_ad,vbd_pot1_ad,vbd_pot2_ad,pitch_retries,pitch_errors,roll_retries,roll_errors,vbd_retries,vbd_errors,pitch_volts,roll_volts,vbd_volts
$STATE,12,end surface,CONTROL_FINISHED_OK
$STATE,12,begin dive
$GC,14,-0.76,-146.6,242,2114,1232,1037,0.0,0.0,0,78,0.00,0.00,-58.58,0.000,16390,0.000,0.000,243,2115,2726,2805,2648,0,0,0,0,0,0,28.83,28.83,26.42
$GC,81,-0.76,-146.6,242,2115,2805,2648,2.2,-8.0,6,100,9.73,2.08,0.00,0.000,2820,0.221,0.031,2762,718,2733,2818,2649,0,0,0,0,0,0,25.82,26.10,28.83
$GC,418,-0.61,-146.6,2762,718,2823,2648,56.7,-13.9,38,429,0.22,1.90,0.00,0.000,3078,0.158,0.024,2814,2035,2736,2824,2648,0,0,0,0,0,0,26.18,26.38,28.83
$GC,459,-0.52,-146.6,2814,2035,2825,2648,60.9,-10.3,42,461,0.10,0.00,0.00,0.000,2054,0.179,0.000,2839,2035,2736,2825,2648,0,0,0,0,0,0,26.28,28.83,28.83
$GC,488,-0.52,-146.6,2840,2035,2826,2648,63.3,-8.1,45,498,0.00,1.98,0.00,0.000,2564,0.000,0.035,2840,710,2737,2826,2648,0,0,0,0,0,0,28.83,26.36,28.83
$GC,532,-0.52,-146.6,2840,710,2826,2647,66.9,-8.3,49,541,0.00,1.90,0.00,0.000,3078,0.000,0.024,2838,2032,2736,2826,2647,0,0,0,0,0,0,28.83,26.42,28.83
$GC,572,-0.52,-146.6,2838,2032,2827,2647,70.4,-8.7,53,573,0.00,0.00,0.00,0.000,2054,0.000,0.000,2838,2032,2737,2827,2647,0,0,0,0,0,0,28.83,28.83,28.83
$GC,603,-0.52,-146.6,2838,2033,2827,2647,73.2,-9.4,56,604,0.00,0.00,0.00,0.000,2054,0.000,0.000,2838,2032,2737,2827,2648,0,0,0,0,0,0,28.83,28.83,28.83
$GC,632,-0.52,-146.6,2838,2032,2827,2647,76.2,-9.8,59,633,0.00,0.00,0.00,0.000,2054,0.000,0.000,2838,2032,2737,2827,2647,0,0,0,0,0,0,28.83,28.83,28.83
$GC,662,-0.52,-146.6,2838,2032,2827,2648,79.0,-9.4,62,671,0.00,2.10,0.00,0.000,2308,0.000,0.039,2834,3436,2737,2827,2648,0,0,0,0,0,0,28.83,26.41,28.83
$GC,687,-0.52,-146.6,2833,3436,2827,2647,81.0,-9.2,64,696,0.00,1.92,0.00,0.000,3078,0.000,0.018,2834,2090,2737,2827,2647,0,0,0,0,0,0,28.83,26.49,28.83
$GC,727,-0.52,-146.6,2833,2090,2827,2647,84.5,-8.4,68,728,0.00,0.00,0.00,0.000,2054,0.000,0.000,2834,2090,2737,2827,2647,0,0,0,0,0,0,28.83,28.83,28.83
$GC,756,-0.52,-146.6,2834,2090,2828,2647,87.3,-9.2,71,757,0.00,0.00,0.00,0.000,2054,0.000,0.000,2834,2090,2737,2828,2647,0,0,0,0,0,0,28.83,28.83,28.83
$STATE,785,end dive,TARGET_DEPTH_EXCEEDED
$STATE,785,begin apogee
$GC,790,-0.27,0.0,2834,1883,2827,2647,90.4,-10.0,74,916,0.28,0.00,119.38,0.527,10246,0.128,0.000,2924,1880,2138,2223,2054,0,0,0,0,0,0,26.32,28.83,24.94
$STATE,918,end apogee,CONTROL_FINISHED_OK
$STATE,918,begin climb
$GC,919,0.76,146.6,2924,1880,2223,2053,95.0,0.0,87,1040,1.00,2.22,111.47,0.513,10500,0.100,0.031,3254,3291,1554,1675,1434,0,0,0,0,0,0,25.46,25.37,24.84
$GC,1081,0.76,146.6,3254,3291,1674,1430,79.9,12.2,103,1090,0.00,2.00,0.00,0.000,5126,0.000,0.019,3263,1963,1552,1674,1430,0,0,0,0,0,0,28.83,25.73,28.83
$GC,1121,0.76,146.6,3263,1961,1674,1429,74.5,13.3,107,1122,0.00,0.00,0.00,0.000,4102,0.000,0.000,3262,1961,1551,1674,1429,0,0,0,0,0,0,28.83,28.83,28.83
$GC,1150,0.76,146.6,3262,1961,1674,1427,70.6,13.2,110,1151,0.00,0.00,0.00,0.000,4102,0.000,0.000,3262,1961,1550,1674,1427,0,0,0,0,0,0,28.83,28.83,28.83
$GC,1181,0.76,146.6,3262,1961,1673,1427,67.0,12.3,113,1190,0.00,2.08,0.00,0.000,4612,0.000,0.039,3264,584,1550,1674,1427,0,0,0,0,0,0,28.83,25.94,28.83
$GC,1213,0.76,146.6,3264,584,1672,1427,63.0,11.9,116,1223,0.00,1.90,0.00,0.000,5126,0.000,0.019,3264,1909,1549,1672,1427,0,0,0,0,0,0,28.83,26.06,28.83
$GC,1253,0.76,146.6,3264,1910,1672,1426,58.2,12.3,120,1263,0.00,2.05,0.00,0.000,4356,0.000,0.033,3264,3289,1549,1672,1426,0,0,0,0,0,0,28.83,26.08,28.83
$GC,1297,0.76,146.6,3264,3290,1672,1426,52.7,12.5,124,1307,0.00,1.90,0.00,0.000,5126,0.000,0.020,3264,1961,1549,1672,1426,0,0,0,0,0,0,28.83,26.16,28.83
$GC,1337,0.76,146.6,3264,1961,1672,1426,47.8,12.3,128,1347,0.00,2.08,0.00,0.000,4612,0.000,0.038,3264,580,1549,1672,1426,0,0,0,0,0,0,28.83,26.14,28.83
$GC,1371,0.76,146.6,3264,580,1672,1426,43.5,12.5,131,1374,0.00,1.90,0.00,0.000,5126,0.000,0.019,3264,1902,1549,1672,1426,0,0,0,0,0,0,28.83,26.23,28.83
$GC,1412,0.76,146.6,3264,1902,1671,1426,38.4,12.5,135,1421,0.00,2.05,0.00,0.000,4356,0.000,0.032,3264,3285,1548,1671,1426,0,0,0,0,0,0,28.83,26.22,28.83
$GC,1468,0.76,146.6,3264,3285,1671,1425,31.3,13.5,140,1477,0.00,1.92,0.00,0.000,5126,0.000,0.019,3264,1961,1548,1671,1426,0,0,0,0,0,0,28.83,26.31,28.83
$GC,1506,0.76,146.6,3264,1960,1671,1425,26.0,12.8,144,1508,0.00,0.00,0.00,0.000,4102,0.000,0.000,3264,1960,1548,1671,1425,0,0,0,0,0,0,28.83,28.83,28.83
$GC,1536,0.76,146.6,3265,1960,1671,1425,22.6,11.3,147,1537,0.00,0.00,0.00,0.000,4102,0.000,0.000,3264,1960,1548,1672,1425,0,0,0,0,0,0,28.83,28.83,28.83
$GC,1567,0.76,146.6,3264,1959,1671,1425,19.7,10.1,150,1568,0.00,0.00,0.00,0.000,4102,0.000,0.000,3264,1959,1548,1671,1425,0,0,0,0,0,0,28.83,28.83,28.83
$GC,1597,0.76,146.6,3264,1959,1671,1425,16.4,10.4,153,1598,0.00,0.00,0.00,0.000,4102,0.000,0.000,3264,1959,1548,1672,1425,0,0,0,0,0,0,28.83,28.83,28.83
$GC,1626,0.76,146.6,3264,1959,1671,1425,13.0,11.4,156,1627,0.00,0.00,0.00,0.000,4102,0.000,0.000,3264,1958,1548,1671,1425,0,0,0,0,0,0,28.83,28.83,28.83
$GC,1656,0.76,146.6,3264,1958,1671,1425,10.2,10.0,159,1658,0.00,0.00,0.00,0.000,4102,0.000,0.000,3264,1958,1548,1671,1425,0,0,0,0,0,0,28.83,28.83,28.83
$GC,1686,0.76,146.6,3264,1958,1671,1424,6.9,10.6,162,1687,0.00,0.00,0.00,0.000,4102,0.000,0.000,3264,1958,1547,1671,1424,0,0,0,0,0,0,28.83,28.83,28.83
$GC,1717,0.76,146.6,3264,1958,1671,1424,3.6,11.0,165,1720,0.00,2.08,0.00,0.000,4612,0.000,0.036,3264,577,1547,1671,1424,0,0,0,0,0,0,28.83,26.36,28.83
$STATE,1726,end climb,SURFACE_DEPTH_REACHED
$STATE,1726,begin surface coast
$FINISH,-0.2,1.022098
$STATE,1749,end surface coast,CONTROL_FINISHED_OK
$STATE,1749,begin surface
$SM_CCo,1766,76.93,0.422,1,0,1144,250.20
$SM_GC,-1.15,8.30,2.15,76.93,0.063,0.018,0.422,244,2039,1144,-8.58,-1.67,250.20,0,0,0,0,1,0,26.38,26.44,25.24
$IRIDIUM_FIX,4729.30,-12225.81,310318,161646
$TT8_MAMPS,0.027713,0.027713
$HUMID,40.03
$INTERNAL_PRESSURE,8.448
$TCM_TEMP,19.60
$XPDR_PINGS,1
$ALTIM_TOP_PING,19.7,21.0
$24V_AH,24.8,8.188
$10V_AH,10.6,3.233
$FG_AHR_24Vo,0.000
$FG_AHR_10Vo,0.000
$DEVICES,Pitch_motor,Roll_motor,VBD_pump_during_apogee,VBD_pump_during_surface,VBD_valve,Iridium_during_init,Iridium_during_connect,Iridium_during_xfer,Transponder_ping,GUMSTIX_24V,GPS,TT8,LPSleep,TT8_Active,TT8_Sampling,TT8_CF8,TT8_Kalman,Analog_circuits,GPS_charging,Compass,RAFOS,Transponder,Compass2
$DEVICE_SECS,19.625,36.350,230.850,76.925,0.000,25.430,18.832,108.965,1.250,0.000,15.728,483.429,468.753,350.061,753.967,50.700,0.000,707.156,0.000,394.376,0.000,7.282,0.000
$DEVICE_MAMPS,221.085,66.555,527.085,422.280,0.000,43.600,160.000,223.000,420.000,0.000,28.460,13.960,2.190,13.960,37.930,44.670,0.000,16.000,0.000,15.730,0.000,30.000,0.000
$SENSORS,SBE_CT,SBE_O2,nil,nil,nil,nil,nil,nil,nil,nil
$SENSOR_SECS,111.021,419.167,0.000,0.000,0.000,0.000,0.000,0.000,0.000,0.000
$SENSOR_MAMPS,23.220,4.490,0.000,0.000,0.000,0.000,0.000,0.000,0.000,0.000
$MEM,354484
$DATA_FILE_SIZE,6874,168
$CAP_FILE_SIZE,50731,0
$CFSIZE,260165632,252014592
$ERRORS,0,0,0,0,0,0,0,0,0,0,0,0,0,1,0,0
$CURRENT,0.181,194.1,1
$GPS,040625,041153,4747.862,-12224.964,12,1.4,12,18.2
