version: 66.11
glider: 175
mission: 10
dive: 13
start: 1 24 126 1 43 21
data:
$ID,175
$MISSION,10
$DIVE,13
$N_DIVES,0
$D_SURF,3
$D_FLARE,3
$D_TGT,120
$D_ABORT,1090
$D_NO_BLEED,500
$D_BOOST,3
$T_BOOST,0
$D_FINISH,0
$D_PITCH,0
$D_SAFE,0
$D_CALL,0
$SURFACE_URGENCY,0
$SURFACE_URGENCY_TRY,0
$SURFACE_URGENCY_FORCE,0
$T_DIVE,40
$T_MISSION,55
$T_ABORT,1440
$T_TURN,300
$T_TURN_SAMPINT,5
$T_NO_W,120
$T_LOITER,0
$T_EPIRB,0
$USE_BATHY,0
$USE_ICE,0
$ICE_FREEZE_MARGIN,0.30000001
$D_OFFGRID,100
$T_WATCHDOG,10
$RELAUNCH,1
$APOGEE_PITCH,-8
$MAX_BUOY,150
$COURSE_BIAS,0
$GLIDE_SLOPE,30
$SPEED_FACTOR,1
$RHO,1.023
$MASS,51902
$MASS_COMP,0
$NAV_MODE,2
$FERRY_MAX,45
$KALMAN_USE,2
$HD_A,0.003
$HD_B,0.0099999998
$HD_C,9.9999997e-06
$HEADING,-1
$ESCAPE_HEADING,0
$ESCAPE_HEADING_DELTA,10
$FIX_MISSING_TIMEOUT,0
$TGT_DEFAULT_LAT,4750.7002
$TGT_DEFAULT_LON,-12222
$TGT_AUTO_DEFAULT,0
$SM_CC,457.23199
$N_FILEKB,4
$FILEMGR,0
$CALL_NDIVES,1
$COMM_SEQ,0
$PROTOCOL,9
$N_NOCOMM,1
$NOCOMM_ACTION,0
$N_NOSURFACE,0
$UPLOAD_DIVES_MAX,-1
$CALL_TRIES,5
$CALL_WAIT,60
$CAPUPLOAD,1
$CAPMAXSIZE,200000
$HEAPDBG,0
$T_GPS,15
$N_GPS,30
$T_GPS_ALMANAC,0
$T_GPS_CHARGE,-35966.137
$T_RSLEEP,2
$STROBE,0
$RAFOS_PEAK_OFFSET,1.5
$RAFOS_CORR_THRESH,60
$RAFOS_HIT_WINDOW,3600
$PITCH_MIN,255
$PITCH_MAX,3935
$C_PITCH,2650
$PITCH_DBAND,0.0099999998
$PITCH_CNV,0.003125763
$P_OVSHOOT,0.039999999
$PITCH_GAIN,30
$PITCH_TIMEOUT,17
$PITCH_AD_RATE,160
$PITCH_MAXERRORS,1
$PITCH_ADJ_GAIN,0.02
$PITCH_ADJ_DBAND,2.5
$ROLL_MIN,171
$ROLL_MAX,3723
$ROLL_DEG,40
$C_ROLL_DIVE,2250
$C_ROLL_CLIMB,2125
$HEAD_ERRBAND,10
$ROLL_CNV,0.028270001
$ROLL_TIMEOUT,15
$R_PORT_OVSHOOT,99
$R_STBD_OVSHOOT,47
$ROLL_AD_RATE,300
$ROLL_MAXERRORS,2
$ROLL_ADJ_GAIN,0
$ROLL_ADJ_DBAND,0
$VBD_MIN,465
$VBD_MAX,3960
$C_VBD,2180
$VBD_DBAND,2
$VBD_CNV,-0.25119999
$VBD_TIMEOUT,720
$PITCH_VBD_SHIFT,0.0012300001
$VBD_PUMP_AD_RATE_SURFACE,5
$VBD_PUMP_AD_RATE_APOGEE,4
$VBD_BLEED_AD_RATE,8
$UNCOM_BLEED,60
$VBD_MAXERRORS,1
$W_ADJ_DBAND,2
$DBDW,0
$PITCH_W_GAIN,0
$PITCH_W_DBAND,1
$CF8_MAXERRORS,5
$AH0_24V,145
$AH0_10V,95
$MINV_24V,19
$MINV_10V,8
$FG_AHR_10V,0
$FG_AHR_24V,0
$PHONE_SUPPLY,2
$PRESSURE_YINT,-18.492611
$PRESSURE_SLOPE,0.0001165895
$AD7714Ch0Gain,128
$TCM_PITCH_OFFSET,0
$TCM_ROLL_OFFSET,0
$COMPASS_USE,4
$ALTIM_BOTTOM_PING_RANGE,0
$ALTIM_TOP_PING_RANGE,20
$ALTIM_BOTTOM_TURN_MARGIN,25
$ALTIM_TOP_TURN_MARGIN,0
$ALTIM_TOP_MIN_OBSTACLE,1
$ALTIM_PING_DEPTH,60
$ALTIM_PING_DELTA,5
$ALTIM_FREQUENCY,13
$ALTIM_PULSE,3
$ALTIM_SENSITIVITY,3
$XPDR_VALID,5
$XPDR_INHIBIT,90
$INT_PRESSURE_SLOPE,0.0097660003
$INT_PRESSURE_YINT,-0.40000001
$DEEPGLIDER,0
$DEEPGLIDERMB,0
$MOTHERBOARD,4
$DEVICE1,2
$DEVICE2,101
$DEVICE3,38
$DEVICE4,-1
$DEVICE5,-1
$DEVICE6,-1
$LOGGERS,7
$LOGGERDEVICE1,-1
$LOGGERDEVICE2,-1
$LOGGERDEVICE3,-1
$LOGGERDEVICE4,-1
$COMPASS_DEVICE,33
$COMPASS2_DEVICE,-1
$PHONE_DEVICE,49
$GPS_DEVICE,32
$RAFOS_DEVICE,-1
$XPDR_DEVICE,24
$SIM_W,0
$SIM_PITCH,0
$SEABIRD_T_G,0.0043137739
$SEABIRD_T_H,0.00062868668
$SEABIRD_T_I,2.2691316e-05
$SEABIRD_T_J,2.2586789e-06
$SEABIRD_C_G,-10.021329
$SEABIRD_C_H,1.1236943
$SEABIRD_C_I,-0.0013673168
$SEABIRD_C_J,0.00018808816
$GPS1,240126,013753,4751.241,-12225.780,11,1.2,11,18.3
$_CALLS,1
$_XMS_NAKs,0
$_XMS_TOUTs,0
$_SM_DEPTHo,0.42
$_SM_ANGLEo,-68.3
$GPS2,240126,014253,4751.226,-12225.882,13,1.2,13,18.3
$SPEED_LIMITS,0.173,0.260
$TGT_NAME,EAST_175
$TGT_LATLONG,4750.700,-12222.000
$TGT_RADIUS,200.000
$KALMAN_CONTROL,0.000,0.000
$KALMAN_X,0.0,0.0,0.0,0.0,0.0
$KALMAN_Y,0.0,0.0,0.0,0.0,0.0
$MHEAD_RNG_PITCHd_Wd,89.1,4922,-17.5,-10.000,-21.04,2225
$D_GRID,120
$GCHEAD,st_secs,pitch_ctl,vbd_ctl,pitch_ad_start,roll_ad_start,vbd_pot1_ad_start,vbd_pot2_ad_start,depth,ob_vertv,data_pts,end_secs,pitch_secs,roll_secs,vbd_secs,vbd_i,gcphase,pitch_i,roll_i,pitch_ad,roll_ad,vbd_ad,vbd_pot1_ad,vbd_pot2_ad,pitch_retries,pitch_errors,roll_retries,roll_errors,vbd_retries,vbd_errors,pitch_volts,roll_volts,vbd_volts
$STATE,13,end surface,CONTROL_FINISHED_OK
$STATE,13,begin dive
$GC,15,-0.76,-146.6,244,2201,522,404,0.0,0.0,0,90,0.00,0.00,-72.00,0.000,16386,0.000,0.000,244,2201,2591,2680,2503,0,0,0,0,0,0,28.83,28.83,28.83
$GC,93,-0.76,-146.6,244,2201,2680,2506,3.7,-6.0,7,113,9.20,2.53,-3.85,0.000,19204,0.246,0.108,2384,3624,2767,2874,2660,0,0,0,0,0,0,25.29,25.58,26.10
$GC,333,-0.51,-146.6,2384,3624,2879,2666,61.1,-18.8,31,343,0.32,2.03,0.00,0.000,3078,0.152,0.047,2480,2319,2772,2879,2666,0,0,0,0,0,0,25.46,25.89,28.83
$GC,373,-0.35,-146.6,2480,2318,2880,2665,67.3,-15.1,35,383,0.17,2.15,0.00,0.000,2564,0.151,0.031,2532,886,2772,2879,2665,0,0,0,0,0,0,25.74,25.95,28.83
$GC,427,-0.42,-146.6,2532,886,2879,2665,72.9,-10.3,40,436,0.05,2.05,0.00,0.000,5126,0.165,0.030,2504,2251,2772,2880,2665,0,0,0,0,0,0,25.94,25.99,28.83
$STATE,457,end dive,BOTTOM_OBSTACLE_DETECTED
$STATE,457,begin apogee
$GC,462,-0.27,0.0,2504,2139,2879,2665,76.0,-10.2,43,587,0.15,0.00,119.20,0.521,10246,0.118,0.000,2555,2138,2180,2272,2088,0,0,0,0,0,0,25.81,28.83,24.60
$STATE,589,end apogee,CONTROL_FINISHED_OK
$STATE,589,begin climb
$GC,590,0.76,146.6,2555,2138,2270,2087,85.2,0.0,56,707,1.05,0.00,112.60,0.508,10758,0.116,0.000,2886,2138,1595,1701,1490,0,0,0,0,0,0,25.13,28.83,24.52
$GC,737,0.69,146.6,2886,2138,1699,1485,73.4,12.3,71,738,0.00,0.00,0.00,0.000,4102,0.000,0.000,2886,2137,1591,1699,1484,0,0,0,0,0,0,28.83,28.83,28.83
$GC,767,0.63,146.6,2885,2138,1698,1483,69.7,12.8,74,776,0.12,2.12,0.00,0.000,4612,0.163,0.031,2857,747,1590,1698,1483,0,0,0,0,0,0,25.32,25.45,28.83
$GC,810,0.63,146.6,2857,747,1694,1483,65.3,10.3,78,819,0.00,2.08,0.00,0.000,5126,0.000,0.023,2857,2130,1588,1694,1483,0,0,0,0,0,0,28.83,25.62,28.83
$GC,850,0.63,146.6,2857,2130,1694,1482,61.2,10.2,82,851,0.00,0.00,0.00,0.000,4102,0.000,0.000,2857,2130,1588,1694,1482,0,0,0,0,0,0,28.83,28.83,28.83
$GC,879,0.63,146.6,2857,2130,1694,1482,57.6,11.8,85,880,0.00,0.00,0.00,0.000,4102,0.000,0.000,2857,2130,1588,1694,1482,0,0,0,0,0,0,28.83,28.83,28.83
$GC,909,0.63,146.6,2857,2130,1694,1481,53.9,12.2,88,918,0.00,2.12,0.00,0.000,4612,0.000,0.034,2857,753,1587,1694,1481,0,0,0,0,0,0,28.83,25.72,28.83
$GC,991,0.63,146.6,2857,753,1692,1482,44.8,11.2,96,1000,0.00,2.05,0.00,0.000,5126,0.000,0.023,2857,2136,1587,1692,1482,0,0,0,0,0,0,28.83,25.88,28.83
$GC,1031,0.63,146.6,2857,2136,1692,1481,39.8,12.6,100,1040,0.00,2.12,0.00,0.000,4356,0.000,0.036,2857,3533,1586,1692,1481,0,0,0,0,0,0,28.83,25.86,28.83
$GC,1063,0.63,146.6,2856,3533,1693,1481,36.2,11.0,103,1072,0.00,2.03,0.00,0.000,5126,0.000,0.018,2857,2131,1586,1692,1481,0,0,0,0,0,0,28.83,25.97,28.83
$GC,1103,0.63,146.6,2857,2131,1692,1481,32.2,9.9,107,1104,0.00,0.00,0.00,0.000,4102,0.000,0.000,2857,2131,1586,1692,1481,0,0,0,0,0,0,28.83,28.83,28.83
$GC,1133,0.63,146.6,2857,2131,1692,1481,29.1,10.2,110,1135,0.00,0.00,0.00,0.000,4102,0.000,0.000,2857,2131,1586,1692,1481,0,0,0,0,0,0,28.83,28.83,28.83
$GC,1163,0.63,146.6,2857,2131,1692,1481,26.1,10.3,113,1164,0.00,0.00,0.00,0.000,4102,0.000,0.000,2857,2131,1586,1692,1480,0,0,0,0,0,0,28.83,28.83,28.83
$GC,1193,0.63,146.6,2857,2131,1692,1481,23.3,9.3,116,1202,0.00,2.15,0.00,0.000,4356,0.000,0.037,2857,3537,1586,1692,1480,0,0,0,0,0,0,28.83,25.95,28.83
$GC,1225,0.63,146.6,2857,3537,1692,1480,20.1,10.1,119,1234,0.00,2.05,0.00,0.000,5126,0.000,0.018,2857,2113,1586,1692,1481,0,0,0,0,0,0,28.83,26.06,28.83
$GC,1265,0.63,146.6,2857,2113,1692,1480,16.3,9.3,123,1274,0.00,2.17,0.00,0.000,4356,0.000,0.037,2857,3535,1586,1692,1480,0,0,0,0,0,0,28.83,25.97,28.83
$GC,1307,0.63,146.6,2857,3536,1692,1480,12.3,9.8,127,1315,0.00,2.03,0.00,0.000,5126,0.000,0.018,2857,2125,1585,1692,1479,0,0,0,0,0,0,28.83,26.10,28.83
$GC,1346,0.63,146.6,2857,2124,1692,1480,8.5,9.4,131,1348,0.00,0.00,0.00,0.000,4102,0.000,0.000,2857,2124,1586,1692,1480,0,0,0,0,0,0,28.83,28.83,28.83
$GC,1377,0.63,146.6,2857,2124,1692,1480,5.8,8.8,134,1386,0.00,2.15,0.00,0.000,4356,0.000,0.037,2857,3534,1585,1692,1479,0,0,0,0,0,0,28.83,26.01,28.83
$STATE,1407,end climb,SURFACE_DEPTH_REACHED
$STATE,1407,begin surface coast
$FINISH,-0.3,1.019237
$STATE,1429,end surface coast,CONTROL_FINISHED_OK
$STATE,1429,begin surface
$SM_CCo,1446,207.05,0.445,1,0,464,430.81
$SM_CCo,1661,-0.15,0.000,0,0,466,430.81
$SM_CCo,1664,0.08,0.198,0,0,466,430.81
$SM_GC,0.29,7.00,1.92,0.08,0.042,0.020,0.198,249,2233,466,-7.44,1.70,430.81,0,0,0,0,0,0,26.03,26.17,25.15
$IRIDIUM_FIX,4732.49,-12231.96,140208,101034
$TT8_MAMPS,0.027713,0.027713
$HUMID,42.32
$INTERNAL_PRESSURE,8.07689
$TCM_TEMP,17.00
$XPDR_PINGS,22
$ALTIM_TOP_PING,19.3,999.0
$ALTIM_BOTTOM_PING,76.0,6.2
$24V_AH,24.5,23.350
$10V_AH,10.3,10.456
$FG_AHR_24Vo,0.000
$FG_AHR_10Vo,0.000
$DEVICES,Pitch_motor,Roll_motor,VBD_pump_during_apogee,VBD_pump_during_surface,VBD_valve,Iridium_during_init,Iridium_during_connect,Iridium_during_xfer,Transponder_ping,GUMSTIX_24V,GPS,TT8,LPSleep,TT8_Active,TT8_Sampling,TT8_CF8,TT8_Kalman,Analog_circuits,GPS_charging,Compass,RAFOS,Transponder,Compass2
$DEVICE_SECS,0.000,0.000,0.000,0.000,0.000,0.000,0.000,0.000,0.000,0.000,0.000,0.000,0.000,0.000,0.000,0.000,0.000,0.000,0.000,0.000,0.000,0.000,0.000
$DEVICE_MAMPS,0.000,0.000,0.000,0.000,0.000,0.000,0.000,0.000,0.000,0.000,0.000,0.000,0.000,0.000,0.000,0.000,0.000,0.000,0.000,0.000,0.000,0.000,0.000
$SENSORS,SBE_CT,AA4330,WL_BB2FLVMG,nil,nil,nil,nil,nil,nil,nil
$SENSOR_SECS,0.000,0.000,0.000,0.000,0.000,0.000,0.000,0.000,0.000,0.000
$SENSOR_MAMPS,0.000,0.000,0.000,0.000,0.000,0.000,0.000,0.000,0.000,0.000
$MEM,355028
$DATA_FILE_SIZE,10349,139
$CAP_FILE_SIZE,44763,0
$CFSIZE,260165632,255995904
$ERRORS,0,0,0,0,0,0,0,0,0,0,0,0,0,1,0,0
$CURRENT,0.008, 83.6,1
$GPS,240126,021222,4751.156,-12225.637,39,1.8,39,18.3
