version: 66.11
glider: 175
mission: 10
dive: 289
start: 2 2 126 12 45 27
data:
$ID,175
$MISSION,10
$DIVE,289
$N_DIVES,0
$D_SURF,3
$D_FLARE,3
$D_TGT,200
$D_ABORT,1090
$D_NO_BLEED,500
$D_BOOST,3
$T_BOOST,0
$D_FINISH,0
$D_PITCH,0
$D_SAFE,0
$D_CALL,0
$SURFACE_URGENCY,0
$SURFACE_URGENCY_TRY,0
$SURFACE_URGENCY_FORCE,0
$T_DIVE,65
$T_MISSION,85
$T_ABORT,1440
$T_TURN,300
$T_TURN_SAMPINT,5
$T_NO_W,120
$T_LOITER,0
$T_EPIRB,0
$USE_BATHY,0
$USE_ICE,0
$ICE_FREEZE_MARGIN,0.30000001
$D_OFFGRID,100
$T_WATCHDOG,10
$RELAUNCH,1
$APOGEE_PITCH,-8
$MAX_BUOY,150
$COURSE_BIAS,0
$GLIDE_SLOPE,30
$SPEED_FACTOR,1
$RHO,1.023
$MASS,51902
$MASS_COMP,0
$NAV_MODE,2
$FERRY_MAX,45
$KALMAN_USE,2
$HD_A,0.003
$HD_B,0.0099999998
$HD_C,9.9999997e-06
$HEADING,-1
$ESCAPE_HEADING,0
$ESCAPE_HEADING_DELTA,10
$FIX_MISSING_TIMEOUT,0
$TGT_DEFAULT_LAT,4750.7002
$TGT_DEFAULT_LON,-12222
$TGT_AUTO_DEFAULT,0
$SM_CC,457.23199
$N_FILEKB,4
$FILEMGR,0
$CALL_NDIVES,1
$COMM_SEQ,0
$PROTOCOL,9
$N_NOCOMM,1
$NOCOMM_ACTION,0
$N_NOSURFACE,0
$UPLOAD_DIVES_MAX,-1
$CALL_TRIES,5
$CALL_WAIT,60
$CAPUPLOAD,1
$CAPMAXSIZE,200000
$HEAPDBG,0
$T_GPS,15
$N_GPS,30
$T_GPS_ALMANAC,0
$T_GPS_CHARGE,-36691.719
$T_RSLEEP,2
$STROBE,0
$RAFOS_PEAK_OFFSET,1.5
$RAFOS_CORR_THRESH,60
$RAFOS_HIT_WINDOW,3600
$PITCH_MIN,255
$PITCH_MAX,3935
$C_PITCH,2671
$PITCH_DBAND,0.0099999998
$PITCH_CNV,0.003125763
$P_OVSHOOT,0.039999999
$PITCH_GAIN,30
$PITCH_TIMEOUT,17
$PITCH_AD_RATE,160
$PITCH_MAXERRORS,1
$PITCH_ADJ_GAIN,0.02
$PITCH_ADJ_DBAND,2.5
$ROLL_MIN,171
$ROLL_MAX,3723
$ROLL_DEG,40
$C_ROLL_DIVE,2354
$C_ROLL_CLIMB,2165
$HEAD_ERRBAND,10
$ROLL_CNV,0.028270001
$ROLL_TIMEOUT,15
$R_PORT_OVSHOOT,52
$R_STBD_OVSHOOT,43
$ROLL_AD_RATE,300
$ROLL_MAXERRORS,2
$ROLL_ADJ_GAIN,0
$ROLL_ADJ_DBAND,0
$VBD_MIN,465
$VBD_MAX,3960
$C_VBD,2190
$VBD_DBAND,2
$VBD_CNV,-0.25119999
$VBD_TIMEOUT,720
$PITCH_VBD_SHIFT,0.0012300001
$VBD_PUMP_AD_RATE_SURFACE,5
$VBD_PUMP_AD_RATE_APOGEE,4
$VBD_BLEED_AD_RATE,8
$UNCOM_BLEED,60
$VBD_MAXERRORS,1
$W_ADJ_DBAND,2
$DBDW,0
$PITCH_W_GAIN,0
$PITCH_W_DBAND,1
$CF8_MAXERRORS,5
$AH0_24V,145
$AH0_10V,95
$MINV_24V,19
$MINV_10V,8
$FG_AHR_10V,0
$FG_AHR_24V,0
$PHONE_SUPPLY,2
$PRESSURE_YINT,-18.492611
$PRESSURE_SLOPE,0.0001165895
$AD7714Ch0Gain,128
$TCM_PITCH_OFFSET,0
$TCM_ROLL_OFFSET,0
$COMPASS_USE,4
$ALTIM_BOTTOM_PING_RANGE,0
$ALTIM_TOP_PING_RANGE,20
$ALTIM_BOTTOM_TURN_MARGIN,25
$ALTIM_TOP_TURN_MARGIN,0
$ALTIM_TOP_MIN_OBSTACLE,1
$ALTIM_PING_DEPTH,100
$ALTIM_PING_DELTA,5
$ALTIM_FREQUENCY,13
$ALTIM_PULSE,3
$ALTIM_SENSITIVITY,3
$XPDR_VALID,5
$XPDR_INHIBIT,90
$INT_PRESSURE_SLOPE,0.0097660003
$INT_PRESSURE_YINT,-0.40000001
$DEEPGLIDER,0
$DEEPGLIDERMB,0
$MOTHERBOARD,4
$DEVICE1,2
$DEVICE2,101
$DEVICE3,38
$DEVICE4,-1
$DEVICE5,-1
$DEVICE6,-1
$LOGGERS,7
$LOGGERDEVICE1,-1
$LOGGERDEVICE2,-1
$LOGGERDEVICE3,-1
$LOGGERDEVICE4,-1
$COMPASS_DEVICE,33
$COMPASS2_DEVICE,-1
$PHONE_DEVICE,49
$GPS_DEVICE,32
$RAFOS_DEVICE,-1
$XPDR_DEVICE,24
$SIM_W,0
$SIM_PITCH,0
$SEABIRD_T_G,0.0043137739
$SEABIRD_T_H,0.00062868668
$SEABIRD_T_I,2.2691316e-05
$SEABIRD_T_J,2.2586789e-06
$SEABIRD_C_G,-10.021329
$SEABIRD_C_H,1.1236943
$SEABIRD_C_I,-0.0013673168
$SEABIRD_C_J,0.00018808816
$GPS1,020226,123946,4751.694,-12224.406,13,1.4,30,18.3
$_CALLS,1
$_XMS_NAKs,0
$_XMS_TOUTs,0
$_SM_DEPTHo,-7.60
$_SM_ANGLEo,-66.9
$GPS2,020226,124459,4751.747,-12224.404,14,1.2,14,18.3
$SPEED_LIMITS,0.178,0.262
$TGT_NAME,WEST_175
$TGT_LATLONG,4750.700,-12226.500
$TGT_RADIUS,200.000
$KALMAN_CONTROL,0.000,0.000
$KALMAN_X,0.0,0.0,0.0,0.0,0.0
$KALMAN_Y,0.0,0.0,0.0,0.0,0.0
$MHEAD_RNG_PITCHd_Wd,170.1,3246,-17.9,-10.256,-21.36,2171
$D_GRID,200
$GCHEAD,st_secs,pitch_ctl,vbd_ctl,pitch_ad_start,roll_ad_start,vbd_pot1_ad_start,vbd_pot2_ad_start,depth,ob_vertv,data_pts,end_secs,pitch_secs,roll_secs,vbd_secs,vbd_i,gcphase,pitch_i,roll_i,pitch_ad,roll_ad,vbd_ad,vbd_pot1_ad,vbd_pot2_ad,pitch_retries,pitch_errors,roll_retries,roll_errors,vbd_retries,vbd_errors,pitch_volts,roll_volts,vbd_volts
$STATE,13,end surface,CONTROL_FINISHED_OK
$STATE,13,begin dive
$GC,15,-0.78,-146.6,249,2357,541,383,0.0,0.0,0,102,0.00,0.00,-84.35,0.000,16390,0.000,0.000,249,2357,2774,2851,2698,0,0,0,0,0,0,28.83,28.83,26.35
$GC,105,-0.78,-146.6,249,2357,2852,2699,-5.3,-4.6,8,118,8.73,2.15,0.00,0.000,2564,0.223,0.040,2411,960,2778,2857,2699,0,0,0,0,0,0,25.18,25.88,28.83
$GC,205,-0.64,-146.6,1584,958,2828,2690,20.2,-22.1,17,214,0.20,2.15,0.00,0.000,3078,0.163,0.038,2461,2359,2783,2869,2697,0,0,0,0,0,0,25.61,25.98,28.83
$GC,242,-0.57,-146.6,2461,2360,2872,2695,27.4,-18.0,21,244,0.10,0.00,0.00,0.000,2054,0.169,0.000,2486,2360,2783,2872,2695,0,0,0,0,0,0,26.01,28.83,28.83
$GC,272,-0.57,-146.6,2486,2360,2873,2695,31.4,-13.6,24,273,0.00,0.00,0.00,0.000,6,0.000,0.000,2486,2360,2783,2872,2695,0,0,0,0,0,0,28.83,28.83,28.83
$GC,302,-0.57,-146.6,2486,2360,2873,2695,35.0,-12.3,27,303,0.00,0.00,0.00,0.000,6,0.000,0.000,2486,2360,2783,2873,2694,0,0,0,0,0,0,28.83,28.83,28.83
$GC,332,-0.57,-146.6,2486,2360,2873,2694,37.7,-9.4,30,333,0.00,0.00,0.00,0.000,6,0.000,0.000,2486,2360,2783,2873,2694,0,0,0,0,0,0,28.83,28.83,28.83
$GC,362,-0.57,-146.6,2486,2360,2873,2694,39.9,-7.8,33,363,0.00,0.00,0.00,0.000,6,0.000,0.000,2486,2360,2783,2873,2694,0,0,0,0,0,0,28.83,28.83,28.83
$GC,392,-0.57,-146.6,2486,2360,2873,2694,41.7,-6.2,36,393,0.00,0.00,0.00,0.000,6,0.000,0.000,2486,2360,2783,2873,2694,0,0,0,0,0,0,28.83,28.83,28.83
$GC,422,-0.57,-146.6,2486,2360,2873,2693,43.3,-5.4,39,423,0.00,0.00,0.00,0.000,6,0.000,0.000,2486,2360,2783,2873,2694,0,0,0,0,0,0,28.83,28.83,28.83
$GC,453,-0.57,-146.6,2486,2360,2873,2693,45.8,-7.8,42,461,0.00,2.08,0.00,0.000,516,0.000,0.028,2486,950,2783,2873,2693,0,0,0,0,0,0,28.83,26.14,28.83
$GC,484,-0.57,-146.6,2486,950,2873,2693,48.2,-7.7,45,495,0.00,2.10,0.00,0.000,3078,0.000,0.030,2482,2359,2783,2873,2693,0,0,0,0,0,0,28.83,26.14,28.83
$GC,524,-0.57,-146.6,2482,2359,2873,2693,51.2,-7.2,49,526,0.00,0.00,0.00,0.000,2054,0.000,0.000,2482,2360,2783,2873,2693,0,0,0,0,0,0,28.83,28.83,28.83
$GC,554,-0.57,-146.6,2482,2360,2873,2693,54.2,-9.7,52,555,0.00,0.00,0.00,0.000,2054,0.000,0.000,2482,2360,2783,2873,2693,0,0,0,0,0,0,28.83,28.83,28.83
$GC,584,-0.57,-146.6,2482,2360,2873,2693,56.4,-8.2,55,585,0.00,0.00,0.00,0.000,2054,0.000,0.000,2482,2360,2782,2873,2692,0,0,0,0,0,0,28.83,28.83,28.83
$GC,615,-0.57,-146.6,2481,2360,2873,2693,57.9,-5.1,58,616,0.00,0.00,0.00,0.000,2054,0.000,0.000,2482,2360,2782,2873,2692,0,0,0,0,0,0,28.83,28.83,28.83
$GC,644,-0.57,-146.6,2482,2360,2873,2692,60.8,-8.7,61,645,0.00,0.00,0.00,0.000,2054,0.000,0.000,2482,2360,2782,2873,2692,0,0,0,0,0,0,28.83,28.83,28.83
$GC,674,-0.57,-146.6,2482,2360,2873,2692,63.8,-10.4,64,675,0.00,0.00,0.00,0.000,2054,0.000,0.000,2482,2360,2782,2873,2692,0,0,0,0,0,0,28.83,28.83,28.83
$GC,704,-0.57,-146.6,2482,2360,2873,2692,66.4,-9.0,67,705,0.00,0.00,0.00,0.000,2054,0.000,0.000,2482,2360,2782,2873,2692,0,0,0,0,0,0,28.83,28.83,28.83
$GC,735,-0.57,-146.6,2482,2360,2873,2692,68.5,-7.2,70,743,0.00,2.05,0.00,0.000,2308,0.000,0.044,2481,3713,2782,2873,2692,0,0,0,0,0,0,28.83,26.14,28.83
$GC,768,-0.57,-146.6,1664,3712,2836,2686,70.8,-7.0,73,776,0.00,2.03,0.00,0.000,3078,0.000,0.020,2481,2316,2782,2873,2692,0,0,0,0,0,0,28.83,26.16,28.83
$GC,807,-0.57,-146.6,2480,2316,2873,2691,73.9,-7.8,77,816,0.00,1.98,0.00,0.000,2564,0.000,0.027,2480,970,2782,2874,2691,0,0,0,0,0,0,28.83,26.23,28.83
$GC,839,-0.57,-146.6,2480,970,2874,2690,77.1,-9.5,80,848,0.00,2.05,0.00,0.000,3078,0.000,0.029,2480,2355,2782,2874,2690,0,0,0,0,0,0,28.83,26.22,28.83
$GC,879,-0.57,-146.6,2480,2356,2873,2691,81.6,-11.1,84,880,0.00,0.00,0.00,0.000,2054,0.000,0.000,2480,2356,2782,2874,2691,0,0,0,0,0,0,28.83,28.83,28.83
$GC,909,-0.57,-146.6,2480,2356,2873,2691,85.0,-11.3,87,918,0.00,2.05,0.00,0.000,2564,0.000,0.028,2481,973,2782,2874,2690,0,0,0,0,0,0,28.83,26.24,28.83
$GC,1022,-0.57,-146.6,2480,970,2873,2690,97.9,-11.0,98,1031,0.00,2.08,0.00,0.000,3078,0.000,0.031,2480,2364,2782,2874,2690,0,0,0,0,0,0,28.83,26.25,28.83
$GC,1062,-0.57,-146.6,2480,2365,2873,2690,101.7,-9.3,102,1063,0.00,0.00,0.00,0.000,2054,0.000,0.000,2480,2365,2781,2873,2690,0,0,0,0,0,0,28.83,28.83,28.83
$GC,1092,-0.57,-146.6,2480,2365,2873,2690,104.7,-9.8,105,1093,0.00,0.00,0.00,0.000,2054,0.000,0.000,2480,2365,2781,2873,2690,0,0,0,0,0,0,28.83,28.83,28.83
$GC,1121,-0.57,-146.6,2480,2366,2873,2690,108.0,-10.9,108,1130,0.00,2.05,0.00,0.000,2564,0.000,0.027,2480,976,2782,2874,2690,0,0,0,0,0,0,28.83,26.27,28.83
$GC,1165,-0.57,-146.6,1672,975,2837,2683,113.9,-13.8,112,1173,0.00,2.10,0.00,0.000,3078,0.000,0.030,2481,2358,2782,2874,2690,0,0,0,0,0,0,28.83,26.30,28.83
$GC,1203,-0.57,-146.6,2480,2359,2874,2690,119.4,-13.6,116,1204,0.00,0.00,0.00,0.000,2054,0.000,0.000,2480,2358,2781,2873,2690,0,0,0,0,0,0,28.83,28.83,28.83
$GC,1234,-0.57,-146.6,2480,2358,2874,2690,123.6,-13.9,119,1242,0.00,2.08,0.00,0.000,2308,0.000,0.043,2478,3724,2781,2873,2690,0,0,0,0,0,0,28.83,26.20,28.83
$GC,1285,-0.57,-146.6,2477,3724,2873,2690,130.8,-13.5,124,1294,0.00,1.92,0.00,0.000,3078,0.000,0.015,2478,2328,2781,2873,2690,0,0,0,0,0,0,28.83,26.44,28.83
$STATE,1314,end dive,BOTTOM_OBSTACLE_DETECTED
$STATE,1314,begin apogee
$GC,1319,-0.27,0.0,2477,2118,2873,2689,134.9,-13.6,127,1446,0.30,0.00,121.32,0.562,10246,0.113,0.000,2578,2119,2189,2285,2094,0,0,0,0,0,0,25.91,28.83,24.40
$STATE,1448,end apogee,CONTROL_FINISHED_OK
$STATE,1448,begin climb
$GC,1450,0.78,146.6,2578,2119,2283,2093,141.5,0.0,140,1575,1.00,2.30,112.85,0.547,10500,0.099,0.037,2903,3574,1604,1726,1483,0,0,0,0,0,0,25.22,25.20,24.36
$GC,1622,0.60,146.6,2048,3574,1691,1477,127.7,15.4,157,1631,0.17,2.05,0.00,0.000,5126,0.172,0.021,2867,2215,1602,1725,1480,0,0,0,0,0,0,25.27,25.60,28.83
$GC,1660,0.51,146.6,2867,2211,1725,1478,122.3,13.7,161,1662,0.12,0.00,0.00,0.000,4102,0.157,0.000,2835,2211,1601,1725,1477,0,0,0,0,0,0,25.58,28.83,28.83
$GC,1690,0.59,209.6,2834,2211,1725,1477,120.1,7.3,164,1744,0.10,2.12,47.92,0.526,10500,0.099,0.036,2881,3573,1353,1487,1220,0,0,0,0,0,0,25.88,25.41,24.49
$GC,1778,0.59,209.6,2881,3573,1486,1216,110.3,13.1,172,1788,0.05,2.05,0.00,0.000,5126,0.150,0.018,2866,2161,1351,1486,1216,0,0,0,0,0,0,25.47,25.70,28.83
$GC,1817,0.59,209.6,2866,2160,1486,1214,105.4,12.2,176,1826,0.00,2.12,0.00,0.000,4612,0.000,0.034,2869,765,1350,1486,1214,0,0,0,0,0,0,28.83,25.70,28.83
$GC,1841,0.59,209.6,2869,764,1483,1214,103.4,10.4,178,1849,0.00,2.15,0.00,0.000,5126,0.000,0.025,2869,2169,1348,1482,1214,0,0,0,0,0,0,28.83,25.81,28.83
$GC,1880,0.59,209.6,2869,2169,1482,1214,99.7,9.2,182,1881,0.00,0.00,0.00,0.000,4102,0.000,0.000,2869,2169,1348,1482,1214,0,0,0,0,0,0,28.83,28.83,28.83
$GC,1909,0.59,209.6,2869,2169,1482,1213,97.0,8.9,185,1919,0.00,2.15,0.00,0.000,4356,0.000,0.037,2869,3575,1347,1482,1213,0,0,0,0,0,0,28.83,25.86,28.83
$GC,1942,0.59,209.6,2869,3576,1482,1213,93.9,9.5,188,1950,0.00,2.05,0.00,0.000,5126,0.000,0.018,2869,2159,1347,1482,1213,0,0,0,0,0,0,28.83,25.99,28.83
$GC,1982,0.59,209.6,2869,2157,1482,1213,89.4,11.4,192,1983,0.00,0.00,0.00,0.000,4102,0.000,0.000,2869,2158,1347,1482,1213,0,0,0,0,0,0,28.83,28.83,28.83
$GC,2012,0.65,260.7,2869,2158,1482,1213,87.2,7.8,195,2055,0.00,2.12,37.78,0.506,10756,0.000,0.031,2869,765,1152,1288,1016,0,0,0,0,0,0,28.83,25.63,24.69
$GC,2089,0.73,260.7,2869,766,1281,1015,79.2,12.4,202,2098,0.08,2.08,0.00,0.000,3078,0.054,0.025,2925,2162,1147,1280,1015,0,0,0,0,0,0,25.72,25.76,28.83
$GC,2128,0.73,260.7,2925,2162,1280,1015,74.0,13.0,206,2138,0.08,2.12,0.00,0.000,4356,0.194,0.034,2910,3578,1147,1280,1014,0,0,0,0,0,0,25.85,25.81,28.83
$GC,2204,0.68,260.7,2048,3578,1263,1012,60.2,19.7,213,2212,0.10,2.10,0.00,0.000,5126,0.171,0.021,2886,2162,1146,1280,1013,0,0,0,0,0,0,25.74,25.97,28.83
$GC,2241,0.68,260.7,2886,2158,1280,1013,53.7,16.2,217,2251,0.00,2.10,0.00,0.000,516,0.000,0.037,2894,767,1146,1280,1013,0,0,0,0,0,0,28.83,25.92,28.83
$GC,2266,0.68,260.7,2894,764,1274,1015,49.9,16.0,219,2273,0.00,2.15,0.00,0.000,5126,0.000,0.031,2894,2180,1144,1274,1015,0,0,0,0,0,0,28.83,25.98,28.83
$GC,2304,0.68,260.7,2894,2180,1273,1015,44.3,14.0,223,2313,0.00,2.12,0.00,0.000,4356,0.000,0.037,2894,3577,1144,1274,1015,0,0,0,0,0,0,28.83,25.98,28.83
$GC,2328,0.68,260.7,2894,3577,1274,1015,41.1,15.6,225,2336,0.00,2.12,0.00,0.000,5126,0.000,0.021,2895,2156,1144,1274,1014,0,0,0,0,0,0,28.83,26.08,28.83
$GC,2366,0.68,260.7,2894,2152,1274,1015,35.8,13.5,229,2367,0.00,0.00,0.00,0.000,4102,0.000,0.000,2895,2153,1144,1274,1014,0,0,0,0,0,0,28.83,28.83,28.83
$GC,2396,0.68,260.7,2894,2152,1273,1015,32.0,12.3,232,2397,0.00,0.00,0.00,0.000,4102,0.000,0.000,2895,2153,1144,1274,1014,0,0,0,0,0,0,28.83,28.83,28.83
$GC,2426,0.68,260.7,2894,2153,1273,1015,28.6,11.8,235,2427,0.00,0.00,0.00,0.000,4102,0.000,0.000,2894,2153,1144,1273,1015,0,0,0,0,0,0,28.83,28.83,28.83
$GC,2456,0.68,260.7,2894,2153,1274,1015,25.5,10.4,238,2457,0.00,0.00,0.00,0.000,4102,0.000,0.000,2895,2153,1144,1274,1015,0,0,0,0,0,0,28.83,28.83,28.83
$GC,2486,0.68,260.7,2894,2152,1274,1015,22.4,10.1,241,2495,0.00,2.17,0.00,0.000,4356,0.000,0.037,2895,3578,1144,1274,1014,0,0,0,0,0,0,28.83,26.07,28.83
$GC,2519,0.68,260.7,2894,3578,1273,1014,18.3,12.1,244,2528,0.00,2.05,0.00,0.000,5126,0.000,0.020,2896,2167,1143,1273,1014,0,0,0,0,0,0,28.83,26.17,28.83
$GC,2559,0.68,260.7,2896,2164,1274,1014,13.0,13.4,248,2568,0.00,2.12,0.00,0.000,4612,0.000,0.038,2896,767,1144,1274,1014,0,0,0,0,0,0,28.83,26.08,28.83
$GC,2583,0.68,260.7,2896,767,1273,1014,10.4,12.1,250,2591,0.00,2.12,0.00,0.000,5126,0.000,0.026,2896,2176,1143,1273,1014,0,0,0,0,0,0,28.83,26.17,28.83
$GC,2621,0.68,260.7,2896,2176,1272,1014,5.7,11.5,254,2623,0.00,0.00,0.00,0.000,4102,0.000,0.000,2897,2176,1143,1272,1014,0,0,0,0,0,0,28.83,28.83,28.83
$STATE,2649,end climb,SURFACE_DEPTH_REACHED
$STATE,2649,begin surface coast
$FINISH,-0.1,1.022323
$STATE,2670,end surface coast,CONTROL_FINISHED_OK
$STATE,2671,begin surface
$SM_CCo,2687,132.43,0.440,1,0,465,433.32
$SM_CCo,2827,-0.17,0.000,0,0,466,433.32
$SM_CCo,2830,0.73,0.087,0,0,465,433.32
$SM_GC,-7.62,7.45,0.25,0.73,0.068,0.049,0.087,248,2386,465,-7.50,-1.13,433.32,0,0,0,0,0,0,26.13,26.32,25.32
$IRIDIUM_FIX,4732.49,-12227.53,230208,212147
$TT8_MAMPS,0.026964,0.026964
$HUMID,41.69
$INTERNAL_PRESSURE,8.09642
$TCM_TEMP,17.00
$XPDR_PINGS,36
$ALTIM_TOP_PING,19.7,27.7
$ALTIM_BOTTOM_PING,100.8,58.7
$24V_AH,24.4,23.350
$10V_AH,10.2,10.456
$FG_AHR_24Vo,0.000
$FG_AHR_10Vo,0.000
$DEVICES,Pitch_motor,Roll_motor,VBD_pump_during_apogee,VBD_pump_during_surface,VBD_valve,Iridium_during_init,Iridium_during_connect,Iridium_during_xfer,Transponder_ping,GUMSTIX_24V,GPS,TT8,LPSleep,TT8_Active,TT8_Sampling,TT8_CF8,TT8_Kalman,Analog_circuits,GPS_charging,Compass,RAFOS,Transponder,Compass2
$DEVICE_SECS,0.000,0.000,0.000,0.000,0.000,0.000,0.000,0.000,0.000,0.000,0.000,0.000,0.000,0.000,0.000,0.000,0.000,0.000,0.000,0.000,0.000,0.000,0.000
$DEVICE_MAMPS,0.000,0.000,0.000,0.000,0.000,0.000,0.000,0.000,0.000,0.000,0.000,0.000,0.000,0.000,0.000,0.000,0.000,0.000,0.000,0.000,0.000,0.000,0.000
$SENSORS,SBE_CT,AA4330,WL_BB2FLVMG,nil,nil,nil,nil,nil,nil,nil
$SENSOR_SECS,0.000,0.000,0.000,0.000,0.000,0.000,0.000,0.000,0.000,0.000
$SENSOR_MAMPS,0.000,0.000,0.000,0.000,0.000,0.000,0.000,0.000,0.000,0.000
$MEM,354996
$DATA_FILE_SIZE,17069,259
$CAP_FILE_SIZE,85612,0
$CFSIZE,260165632,245645312
$ERRORS,0,0,0,0,0,0,0,0,0,0,0,0,0,1,0,0
$CURRENT,0.181,353.0,1
$GPS,020226,133346,4751.635,-12224.511,7,1.2,30,18.3
