version: 66.11
glider: 175
mission: 10
dive: 239
start: 1 31 126 18 57 20
data:
$ID,175
$MISSION,10
$DIVE,239
$N_DIVES,0
$D_SURF,3
$D_FLARE,3
$D_TGT,200
$D_ABORT,1090
$D_NO_BLEED,500
$D_BOOST,3
$T_BOOST,0
$D_FINISH,0
$D_PITCH,0
$D_SAFE,0
$D_CALL,0
$SURFACE_URGENCY,0
$SURFACE_URGENCY_TRY,0
$SURFACE_URGENCY_FORCE,0
$T_DIVE,65
$T_MISSION,85
$T_ABORT,1440
$T_TURN,300
$T_TURN_SAMPINT,5
$T_NO_W,120
$T_LOITER,0
$T_EPIRB,0
$USE_BATHY,0
$USE_ICE,0
$ICE_FREEZE_MARGIN,0.30000001
$D_OFFGRID,100
$T_WATCHDOG,10
$RELAUNCH,1
$APOGEE_PITCH,-8
$MAX_BUOY,150
$COURSE_BIAS,0
$GLIDE_SLOPE,30
$SPEED_FACTOR,1
$RHO,1.023
$MASS,51902
$MASS_COMP,0
$NAV_MODE,2
$FERRY_MAX,45
$KALMAN_USE,2
$HD_A,0.003
$HD_B,0.0099999998
$HD_C,9.9999997e-06
$HEADING,-1
$ESCAPE_HEADING,0
$ESCAPE_HEADING_DELTA,10
$FIX_MISSING_TIMEOUT,0
$TGT_DEFAULT_LAT,4750.7002
$TGT_DEFAULT_LON,-12222
$TGT_AUTO_DEFAULT,0
$SM_CC,457.23199
$N_FILEKB,4
$FILEMGR,0
$CALL_NDIVES,1
$COMM_SEQ,0
$PROTOCOL,9
$N_NOCOMM,1
$NOCOMM_ACTION,0
$N_NOSURFACE,0
$UPLOAD_DIVES_MAX,-1
$CALL_TRIES,5
$CALL_WAIT,60
$CAPUPLOAD,1
$CAPMAXSIZE,200000
$HEAPDBG,0
$T_GPS,15
$N_GPS,30
$T_GPS_ALMANAC,0
$T_GPS_CHARGE,-36602.512
$T_RSLEEP,2
$STROBE,0
$RAFOS_PEAK_OFFSET,1.5
$RAFOS_CORR_THRESH,60
$RAFOS_HIT_WINDOW,3600
$PITCH_MIN,255
$PITCH_MAX,3935
$C_PITCH,2671
$PITCH_DBAND,0.0099999998
$PITCH_CNV,0.003125763
$P_OVSHOOT,0.039999999
$PITCH_GAIN,30
$PITCH_TIMEOUT,17
$PITCH_AD_RATE,160
$PITCH_MAXERRORS,1
$PITCH_ADJ_GAIN,0.02
$PITCH_ADJ_DBAND,2.5
$ROLL_MIN,171
$ROLL_MAX,3723
$ROLL_DEG,40
$C_ROLL_DIVE,2354
$C_ROLL_CLIMB,2165
$HEAD_ERRBAND,10
$ROLL_CNV,0.028270001
$ROLL_TIMEOUT,15
$R_PORT_OVSHOOT,54
$R_STBD_OVSHOOT,68
$ROLL_AD_RATE,300
$ROLL_MAXERRORS,2
$ROLL_ADJ_GAIN,0
$ROLL_ADJ_DBAND,0
$VBD_MIN,465
$VBD_MAX,3960
$C_VBD,2190
$VBD_DBAND,2
$VBD_CNV,-0.25119999
$VBD_TIMEOUT,720
$PITCH_VBD_SHIFT,0.0012300001
$VBD_PUMP_AD_RATE_SURFACE,5
$VBD_PUMP_AD_RATE_APOGEE,4
$VBD_BLEED_AD_RATE,8
$UNCOM_BLEED,60
$VBD_MAXERRORS,1
$W_ADJ_DBAND,2
$DBDW,0
$PITCH_W_GAIN,0
$PITCH_W_DBAND,1
$CF8_MAXERRORS,5
$AH0_24V,145
$AH0_10V,95
$MINV_24V,19
$MINV_10V,8
$FG_AHR_10V,0
$FG_AHR_24V,0
$PHONE_SUPPLY,2
$PRESSURE_YINT,-18.492611
$PRESSURE_SLOPE,0.0001165895
$AD7714Ch0Gain,128
$TCM_PITCH_OFFSET,0
$TCM_ROLL_OFFSET,0
$COMPASS_USE,4
$ALTIM_BOTTOM_PING_RANGE,0
$ALTIM_TOP_PING_RANGE,20
$ALTIM_BOTTOM_TURN_MARGIN,25
$ALTIM_TOP_TURN_MARGIN,0
$ALTIM_TOP_MIN_OBSTACLE,1
$ALTIM_PING_DEPTH,100
$ALTIM_PING_DELTA,5
$ALTIM_FREQUENCY,13
$ALTIM_PULSE,3
$ALTIM_SENSITIVITY,3
$XPDR_VALID,5
$XPDR_INHIBIT,90
$INT_PRESSURE_SLOPE,0.0097660003
$INT_PRESSURE_YINT,-0.40000001
$DEEPGLIDER,0
$DEEPGLIDERMB,0
$MOTHERBOARD,4
$DEVICE1,2
$DEVICE2,101
$DEVICE3,38
$DEVICE4,-1
$DEVICE5,-1
$DEVICE6,-1
$LOGGERS,7
$LOGGERDEVICE1,-1
$LOGGERDEVICE2,-1
$LOGGERDEVICE3,-1
$LOGGERDEVICE4,-1
$COMPASS_DEVICE,33
$COMPASS2_DEVICE,-1
$PHONE_DEVICE,49
$GPS_DEVICE,32
$RAFOS_DEVICE,-1
$XPDR_DEVICE,24
$SIM_W,0
$SIM_PITCH,0
$SEABIRD_T_G,0.0043137739
$SEABIRD_T_H,0.00062868668
$SEABIRD_T_I,2.2691316e-05
$SEABIRD_T_J,2.2586789e-06
$SEABIRD_C_G,-10.021329
$SEABIRD_C_H,1.1236943
$SEABIRD_C_I,-0.0013673168
$SEABIRD_C_J,0.00018808816
$GPS1,310126,185204,4751.365,-12225.120,11,1.4,16,18.3
$_CALLS,1
$_XMS_NAKs,0
$_XMS_TOUTs,0
$_SM_DEPTHo,-7.85
$_SM_ANGLEo,-70.0
$GPS2,310126,185652,4751.387,-12225.130,10,1.3,15,18.3
$SPEED_LIMITS,0.178,0.262
$TGT_NAME,EAST_175
$TGT_LATLONG,4750.700,-12222.000
$TGT_RADIUS,200.000
$KALMAN_CONTROL,0.000,0.000
$KALMAN_X,0.0,0.0,0.0,0.0,0.0
$KALMAN_Y,0.0,0.0,0.0,0.0,0.0
$MHEAD_RNG_PITCHd_Wd,96.5,4093,-17.9,-10.256,-21.36,2171
$D_GRID,200
$GCHEAD,st_secs,pitch_ctl,vbd_ctl,pitch_ad_start,roll_ad_start,vbd_pot1_ad_start,vbd_pot2_ad_start,depth,ob_vertv,data_pts,end_secs,pitch_secs,roll_secs,vbd_secs,vbd_i,gcphase,pitch_i,roll_i,pitch_ad,roll_ad,vbd_ad,vbd_pot1_ad,vbd_pot2_ad,pitch_retries,pitch_errors,roll_retries,roll_errors,vbd_retries,vbd_errors,pitch_volts,roll_volts,vbd_volts
$STATE,13,end surface,CONTROL_FINISHED_OK
$STATE,13,begin dive
$GC,15,-0.78,-146.6,238,2371,520,401,0.0,0.0,0,102,0.00,0.00,-84.57,0.000,16390,0.000,0.000,239,2371,2773,2849,2698,0,0,0,0,0,0,28.83,28.83,26.34
$GC,105,-0.78,-146.6,239,2371,2850,2699,-5.8,-4.0,8,125,8.60,2.10,0.00,0.000,2308,0.218,0.055,2403,3680,2780,2861,2700,0,0,0,0,0,0,25.25,25.82,28.83
$GC,269,-0.59,-146.6,2402,3680,2872,2697,30.8,-18.0,24,279,0.28,1.95,0.00,0.000,3078,0.152,0.024,2478,2339,2784,2872,2696,0,0,0,0,0,0,25.63,26.13,28.83
$GC,309,-0.49,-146.6,2478,2338,2873,2695,37.9,-17.4,28,311,0.12,0.00,0.00,0.000,2054,0.155,0.000,2511,2338,2783,2873,2694,0,0,0,0,0,0,25.98,28.83,28.83
$GC,339,-0.49,-146.6,2511,2339,2874,2694,42.0,-14.1,31,340,0.00,0.00,0.00,0.000,2054,0.000,0.000,2511,2338,2784,2874,2694,0,0,0,0,0,0,28.83,28.83,28.83
$GC,370,-0.55,-146.6,2511,2338,2874,2694,45.2,-11.4,34,372,0.05,0.00,0.00,0.000,4102,0.163,0.000,2480,2338,2784,2874,2694,0,0,0,0,0,0,26.31,28.83,28.83
$GC,400,-0.55,-146.6,2479,2338,2874,2693,48.7,-11.0,37,409,0.00,2.10,0.00,0.000,2308,0.000,0.045,2478,3690,2783,2874,2693,0,0,0,0,0,0,28.83,26.04,28.83
$GC,452,-0.55,-146.6,2478,3690,2874,2694,54.5,-11.0,42,461,0.00,1.92,0.00,0.000,3078,0.000,0.017,2478,2331,2784,2875,2693,0,0,0,0,0,0,28.83,26.26,28.83
$GC,493,-0.55,-146.6,2477,2331,2875,2693,58.8,-10.7,46,494,0.00,0.00,0.00,0.000,2054,0.000,0.000,2478,2331,2784,2875,2693,0,0,0,0,0,0,28.83,28.83,28.83
$GC,522,-0.55,-146.6,2477,2331,2875,2693,62.1,-10.6,49,523,0.00,0.00,0.00,0.000,2054,0.000,0.000,2478,2331,2784,2875,2693,0,0,0,0,0,0,28.83,28.83,28.83
$GC,552,-0.55,-146.6,2477,2331,2874,2693,65.3,-10.9,52,553,0.00,0.00,0.00,0.000,2054,0.000,0.000,2478,2331,2784,2875,2693,0,0,0,0,0,0,28.83,28.83,28.83
$GC,582,-0.55,-146.6,2478,2331,2874,2693,68.7,-11.2,55,591,0.00,2.03,0.00,0.000,2564,0.000,0.031,2478,974,2783,2874,2692,0,0,0,0,0,0,28.83,26.17,28.83
$GC,686,-0.55,-146.6,1664,973,2838,2684,81.2,-12.7,65,694,0.00,2.08,0.00,0.000,3078,0.000,0.031,2478,2336,2782,2874,2691,0,0,0,0,0,0,28.83,26.21,28.83
$GC,724,-0.55,-146.6,2478,2336,2874,2691,85.5,-10.9,69,734,0.00,2.10,0.00,0.000,2308,0.000,0.044,2478,3711,2782,2874,2691,0,0,0,0,0,0,28.83,26.15,28.83
$GC,777,-0.55,-146.6,2478,3712,2874,2691,91.1,-10.8,74,786,0.00,1.92,0.00,0.000,3078,0.000,0.017,2478,2352,2782,2874,2691,0,0,0,0,0,0,28.83,26.32,28.83
$GC,817,-0.55,-146.6,2477,2352,2874,2690,95.1,-9.8,78,818,0.00,0.00,0.00,0.000,2054,0.000,0.000,2478,2352,2782,2874,2691,0,0,0,0,0,0,28.83,28.83,28.83
$GC,846,-0.55,-146.6,2477,2352,2874,2691,98.2,-10.3,81,847,0.00,0.00,0.00,0.000,2054,0.000,0.000,2478,2352,2782,2874,2691,0,0,0,0,0,0,28.83,28.83,28.83
$GC,876,-0.55,-146.6,2478,2352,2874,2691,101.4,-10.7,84,877,0.00,0.00,0.00,0.000,2054,0.000,0.000,2478,2352,2782,2874,2691,0,0,0,0,0,0,28.83,28.83,28.83
$GC,906,-0.55,-146.6,2478,2352,2874,2691,104.4,-10.1,87,907,0.00,0.00,0.00,0.000,2054,0.000,0.000,2478,2352,2782,2874,2691,0,0,0,0,0,0,28.83,28.83,28.83
$GC,937,-0.55,-146.6,2478,2352,2874,2691,107.8,-11.1,90,938,0.00,0.00,0.00,0.000,2054,0.000,0.000,2478,2352,2782,2874,2690,0,0,0,0,0,0,28.83,28.83,28.83
$GC,966,-0.55,-146.6,2477,2352,2874,2691,111.0,-10.8,93,967,0.00,0.00,0.00,0.000,2054,0.000,0.000,2478,2352,2782,2874,2691,0,0,0,0,0,0,28.83,28.83,28.83
$GC,996,-0.55,-146.6,2477,2352,2874,2691,114.6,-11.7,96,997,0.00,0.00,0.00,0.000,2054,0.000,0.000,2478,2352,2782,2875,2690,0,0,0,0,0,0,28.83,28.83,28.83
$GC,1026,-0.55,-146.6,2477,2352,2874,2691,117.8,-10.9,99,1027,0.00,0.00,0.00,0.000,2054,0.000,0.000,2478,2352,2782,2874,2691,0,0,0,0,0,0,28.83,28.83,28.83
$GC,1057,-0.55,-146.6,2478,2352,2874,2691,120.8,-10.3,102,1058,0.00,0.00,0.00,0.000,2054,0.000,0.000,2478,2352,2782,2874,2691,0,0,0,0,0,0,28.83,28.83,28.83
$GC,1087,-0.55,-146.6,2478,2352,2874,2691,123.7,-9.4,105,1096,0.00,2.05,0.00,0.000,2564,0.000,0.031,2478,973,2782,2874,2690,0,0,0,0,0,0,28.83,26.25,28.83
$GC,1111,-0.55,-146.6,1668,972,2838,2683,126.1,-10.5,107,1118,0.00,2.10,0.00,0.000,3078,0.000,0.031,2478,2353,2781,2874,2689,0,0,0,0,0,0,28.83,26.28,28.83
$GC,1149,-0.55,-146.6,2477,2354,2874,2690,130.6,-11.1,111,1158,0.00,2.05,0.00,0.000,2564,0.000,0.028,2478,970,2781,2874,2689,0,0,0,0,0,0,28.83,26.27,28.83
$GC,1190,-0.55,-146.6,2477,970,2874,2689,135.4,-11.6,115,1200,0.00,2.05,0.00,0.000,3078,0.000,0.028,2478,2359,2781,2874,2689,0,0,0,0,0,0,28.83,26.27,28.83
$GC,1231,-0.55,-146.6,2477,2358,2874,2689,139.7,-10.6,119,1239,0.00,2.05,0.00,0.000,2308,0.000,0.044,2477,3710,2781,2874,2689,0,0,0,0,0,0,28.83,26.20,28.83
$STATE,1271,end dive,BOTTOM_OBSTACLE_DETECTED
$STATE,1271,begin apogee
$GC,1278,-0.27,0.0,2477,2162,2874,2689,144.3,-10.7,123,1404,0.30,0.00,121.55,0.571,10246,0.111,0.000,2579,2161,2190,2283,2097,0,0,0,0,0,0,25.94,28.83,24.43
$STATE,1406,end apogee,CONTROL_FINISHED_OK
$STATE,1406,begin climb
$GC,1408,0.78,146.6,2578,2161,2282,2096,149.9,0.0,136,1525,1.02,0.00,113.53,0.557,10502,0.096,0.000,2914,2160,1605,1727,1484,0,0,0,0,0,0,25.22,28.83,24.39
$GC,1555,0.66,146.6,2914,2160,1725,1479,134.4,14.3,151,1564,0.10,2.17,0.00,0.000,4356,0.179,0.034,2890,3565,1601,1724,1478,0,0,0,0,0,0,25.31,25.44,28.83
$GC,1597,0.57,146.6,2889,3566,1724,1477,126.5,18.4,155,1607,0.12,2.08,0.00,0.000,5126,0.171,0.018,2861,2168,1600,1724,1477,0,0,0,0,0,0,25.39,25.67,28.83
$GC,1637,0.57,146.6,2860,2165,1724,1476,120.3,15.6,159,1646,0.00,2.15,0.00,0.000,4612,0.000,0.034,2869,761,1600,1724,1476,0,0,0,0,0,0,28.83,25.71,28.83
$GC,1669,0.57,146.6,2868,761,1720,1476,116.7,11.7,162,1678,0.00,2.10,0.00,0.000,5126,0.000,0.024,2869,2171,1598,1720,1476,0,0,0,0,0,0,28.83,25.83,28.83
$GC,1709,0.57,146.6,2868,2171,1720,1476,111.9,12.2,166,1710,0.00,0.00,0.00,0.000,4102,0.000,0.000,2869,2171,1598,1720,1476,0,0,0,0,0,0,28.83,28.83,28.83
$GC,1738,0.57,146.6,2868,2171,1720,1476,108.0,12.8,169,1748,0.00,2.15,0.00,0.000,4356,0.000,0.037,2868,3577,1598,1720,1476,0,0,0,0,0,0,28.83,25.88,28.83
$GC,1781,0.57,146.6,2868,3577,1720,1476,101.7,14.7,173,1791,0.00,2.08,0.00,0.000,5126,0.000,0.018,2869,2159,1598,1720,1476,0,0,0,0,0,0,28.83,26.01,28.83
$GC,1821,0.57,146.6,2869,2158,1720,1476,95.8,14.8,177,1822,0.00,0.00,0.00,0.000,4102,0.000,0.000,2869,2158,1598,1720,1476,0,0,0,0,0,0,28.83,28.83,28.83
$GC,1851,0.57,146.6,2869,2158,1720,1476,91.3,15.1,180,1853,0.00,0.00,0.00,0.000,4102,0.000,0.000,2869,2158,1598,1720,1476,0,0,0,0,0,0,28.83,28.83,28.83
$GC,1881,0.57,146.6,2869,2158,1720,1476,86.6,15.7,183,1890,0.00,2.17,0.00,0.000,4356,0.000,0.037,2870,3577,1598,1720,1476,0,0,0,0,0,0,28.83,26.01,28.83
$GC,1902,0.57,146.6,2869,3577,1720,1476,82.7,16.9,185,1912,0.00,2.08,0.00,0.000,5126,0.000,0.018,2869,2153,1598,1720,1476,0,0,0,0,0,0,28.83,26.10,28.83
$GC,1943,0.57,146.6,2869,2151,1720,1476,76.0,16.9,189,1952,0.00,2.10,0.00,0.000,4612,0.000,0.035,2869,770,1598,1720,1476,0,0,0,0,0,0,28.83,26.03,28.83
$GC,1996,0.57,146.6,2869,770,1716,1476,69.1,12.9,194,2005,0.03,2.05,0.00,0.000,5126,0.162,0.024,2861,2176,1596,1716,1476,0,0,0,0,0,0,26.00,26.13,28.83
$GC,2036,0.57,146.6,2860,2176,1716,1476,64.5,11.6,198,2044,0.00,2.08,0.00,0.000,4356,0.000,0.037,2860,3557,1596,1716,1476,0,0,0,0,0,0,28.83,26.08,28.83
$GC,2059,0.57,146.6,1992,3556,1684,1473,62.0,11.1,200,2067,0.00,2.08,0.00,0.000,5126,0.000,0.019,2869,2154,1596,1716,1476,0,0,0,0,0,0,28.83,26.20,28.83
$GC,2097,0.57,146.6,2869,2151,1716,1476,57.2,12.0,204,2098,0.00,0.00,0.00,0.000,4102,0.000,0.000,2869,2151,1596,1716,1476,0,0,0,0,0,0,28.83,28.83,28.83
$GC,2127,0.57,146.6,2869,2151,1716,1476,53.5,12.1,207,2128,0.00,0.00,0.00,0.000,4102,0.000,0.000,2869,2151,1596,1716,1476,0,0,0,0,0,0,28.83,28.83,28.83
$GC,2158,0.57,146.6,2869,2151,1716,1476,49.7,12.5,210,2159,0.00,0.00,0.00,0.000,4102,0.000,0.000,2869,2151,1596,1716,1476,0,0,0,0,0,0,28.83,28.83,28.83
$GC,2187,0.57,146.6,2869,2151,1716,1476,46.3,11.8,213,2188,0.00,0.00,0.00,0.000,4102,0.000,0.000,2869,2151,1596,1716,1476,0,0,0,0,0,0,28.83,28.83,28.83
$GC,2217,0.57,146.6,2869,2151,1716,1476,42.9,11.3,216,2226,0.00,2.15,0.00,0.000,4356,0.000,0.037,2869,3561,1596,1716,1476,0,0,0,0,0,0,28.83,26.14,28.83
$GC,2259,0.57,146.6,2868,3562,1716,1476,37.4,13.2,220,2268,0.00,2.03,0.00,0.000,5126,0.000,0.021,2869,2172,1596,1716,1476,0,0,0,0,0,0,28.83,26.22,28.83
$GC,2299,0.57,146.6,2869,2171,1716,1476,32.6,12.0,224,2300,0.00,0.00,0.00,0.000,4102,0.000,0.000,2869,2171,1596,1716,1476,0,0,0,0,0,0,28.83,28.83,28.83
$GC,2329,0.57,146.6,2869,2171,1716,1476,28.9,11.9,227,2338,0.00,2.12,0.00,0.000,4356,0.000,0.037,2869,3570,1596,1716,1476,0,0,0,0,0,0,28.83,26.17,28.83
$GC,2353,0.57,146.6,2016,3569,1684,1472,26.2,12.2,229,2362,0.03,2.10,0.00,0.000,5126,0.189,0.021,2861,2158,1596,1716,1476,0,0,0,0,0,0,26.09,26.26,28.83
$GC,2391,0.57,146.6,2861,2157,1716,1476,21.2,12.5,233,2392,0.00,0.00,0.00,0.000,4102,0.000,0.000,2861,2157,1596,1716,1476,0,0,0,0,0,0,28.83,28.83,28.83
$GC,2421,0.57,146.6,2861,2157,1716,1476,17.9,11.5,236,2422,0.00,0.00,0.00,0.000,4102,0.000,0.000,2861,2157,1596,1716,1476,0,0,0,0,0,0,28.83,28.83,28.83
$GC,2451,0.57,146.6,2861,2157,1716,1476,14.5,11.0,239,2452,0.00,0.00,0.00,0.000,4102,0.000,0.000,2861,2157,1596,1716,1476,0,0,0,0,0,0,28.83,28.83,28.83
$GC,2482,0.57,146.6,2861,2157,1716,1476,11.1,11.2,242,2483,0.00,0.00,0.00,0.000,4102,0.000,0.000,2861,2157,1596,1716,1476,0,0,0,0,0,0,28.83,28.83,28.83
$GC,2511,0.57,146.6,2861,2157,1716,1476,8.1,10.4,245,2521,0.00,2.15,0.00,0.000,4356,0.000,0.037,2861,3571,1596,1716,1476,0,0,0,0,0,0,28.83,26.20,28.83
$GC,2536,0.57,146.6,2861,3571,1716,1476,5.6,10.7,247,2543,0.00,2.10,0.00,0.000,5126,0.000,0.021,2868,2154,1596,1716,1476,0,0,0,0,0,0,28.83,26.30,28.83
$STATE,2562,end climb,SURFACE_DEPTH_REACHED
$STATE,2562,begin surface coast
$FINISH,0.4,1.022281
$STATE,2583,end surface coast,CONTROL_FINISHED_OK
$STATE,2583,begin surface
$SM_CCo,2599,211.48,0.457,1,0,464,433.32
$SM_CCo,2818,-0.22,0.000,0,0,468,433.32
$SM_CCo,2822,1.30,0.080,0,0,465,433.32
$SM_GC,-7.78,7.35,0.28,1.30,0.067,0.045,0.080,243,2377,465,-7.51,-1.55,433.32,0,0,0,0,0,0,26.21,26.40,25.25
$IRIDIUM_FIX,4732.49,-12227.53,220208,030300
$TT8_MAMPS,0.027713,0.027713
$HUMID,41.14
$INTERNAL_PRESSURE,8.08665
$TCM_TEMP,17.20
$XPDR_PINGS,35
$ALTIM_TOP_PING,18.9,7.3
$ALTIM_BOTTOM_PING,100.4,68.4
$24V_AH,24.4,23.350
$10V_AH,10.3,10.456
$FG_AHR_24Vo,0.000
$FG_AHR_10Vo,0.000
$DEVICES,Pitch_motor,Roll_motor,VBD_pump_during_apogee,VBD_pump_during_surface,VBD_valve,Iridium_during_init,Iridium_during_connect,Iridium_during_xfer,Transponder_ping,GUMSTIX_24V,GPS,TT8,LPSleep,TT8_Active,TT8_Sampling,TT8_CF8,TT8_Kalman,Analog_circuits,GPS_charging,Compass,RAFOS,Transponder,Compass2
$DEVICE_SECS,0.000,0.000,0.000,0.000,0.000,0.000,0.000,0.000,0.000,0.000,0.000,0.000,0.000,0.000,0.000,0.000,0.000,0.000,0.000,0.000,0.000,0.000,0.000
$DEVICE_MAMPS,0.000,0.000,0.000,0.000,0.000,0.000,0.000,0.000,0.000,0.000,0.000,0.000,0.000,0.000,0.000,0.000,0.000,0.000,0.000,0.000,0.000,0.000,0.000
$SENSORS,SBE_CT,AA4330,WL_BB2FLVMG,nil,nil,nil,nil,nil,nil,nil
$SENSOR_SECS,0.000,0.000,0.000,0.000,0.000,0.000,0.000,0.000,0.000,0.000
$SENSOR_MAMPS,0.000,0.000,0.000,0.000,0.000,0.000,0.000,0.000,0.000,0.000
$MEM,355148
$DATA_FILE_SIZE,17079,252
$CAP_FILE_SIZE,81190,0
$CFSIZE,260165632,247521280
$ERRORS,0,1,0,0,0,0,0,0,0,0,0,0,0,1,0,0
$INTR,0,1789.42,0x21215c,1,24
$CURRENT,0.071,348.6,1
$GPS,310126,194533,4751.332,-12224.632,10,1.2,32,18.3
