version: 66.11
glider: 175
mission: 10
dive: 297
start: 2 2 126 19 26 32
data:
$ID,175
$MISSION,10
$DIVE,297
$N_DIVES,0
$D_SURF,3
$D_FLARE,3
$D_TGT,30
$D_ABORT,1090
$D_NO_BLEED,500
$D_BOOST,3
$T_BOOST,0
$D_FINISH,0
$D_PITCH,0
$D_SAFE,0
$D_CALL,0
$SURFACE_URGENCY,0
$SURFACE_URGENCY_TRY,0
$SURFACE_URGENCY_FORCE,0
$T_DIVE,10
$T_MISSION,25
$T_ABORT,1440
$T_TURN,300
$T_TURN_SAMPINT,5
$T_NO_W,120
$T_LOITER,0
$T_EPIRB,0
$USE_BATHY,0
$USE_ICE,0
$ICE_FREEZE_MARGIN,0.30000001
$D_OFFGRID,100
$T_WATCHDOG,10
$RELAUNCH,1
$APOGEE_PITCH,-8
$MAX_BUOY,150
$COURSE_BIAS,0
$GLIDE_SLOPE,30
$SPEED_FACTOR,1
$RHO,1.023
$MASS,51902
$MASS_COMP,0
$NAV_MODE,2
$FERRY_MAX,45
$KALMAN_USE,2
$HD_A,0.003
$HD_B,0.0099999998
$HD_C,9.9999997e-06
$HEADING,-1
$ESCAPE_HEADING,0
$ESCAPE_HEADING_DELTA,10
$FIX_MISSING_TIMEOUT,0
$TGT_DEFAULT_LAT,4750.7002
$TGT_DEFAULT_LON,-12222
$TGT_AUTO_DEFAULT,0
$SM_CC,457.23199
$N_FILEKB,4
$FILEMGR,0
$CALL_NDIVES,1
$COMM_SEQ,0
$PROTOCOL,9
$N_NOCOMM,1
$NOCOMM_ACTION,0
$N_NOSURFACE,0
$UPLOAD_DIVES_MAX,-1
$CALL_TRIES,5
$CALL_WAIT,60
$CAPUPLOAD,0
$CAPMAXSIZE,200000
$HEAPDBG,0
$T_GPS,15
$N_GPS,30
$T_GPS_ALMANAC,0
$T_GPS_CHARGE,-36741.652
$T_RSLEEP,2
$STROBE,0
$RAFOS_PEAK_OFFSET,1.5
$RAFOS_CORR_THRESH,60
$RAFOS_HIT_WINDOW,3600
$PITCH_MIN,255
$PITCH_MAX,3935
$C_PITCH,2671
$PITCH_DBAND,0.0099999998
$PITCH_CNV,0.003125763
$P_OVSHOOT,0.039999999
$PITCH_GAIN,30
$PITCH_TIMEOUT,17
$PITCH_AD_RATE,160
$PITCH_MAXERRORS,1
$PITCH_ADJ_GAIN,0.02
$PITCH_ADJ_DBAND,2.5
$ROLL_MIN,171
$ROLL_MAX,3723
$ROLL_DEG,40
$C_ROLL_DIVE,2354
$C_ROLL_CLIMB,2165
$HEAD_ERRBAND,10
$ROLL_CNV,0.028270001
$ROLL_TIMEOUT,15
$R_PORT_OVSHOOT,55
$R_STBD_OVSHOOT,71
$ROLL_AD_RATE,300
$ROLL_MAXERRORS,2
$ROLL_ADJ_GAIN,0
$ROLL_ADJ_DBAND,0
$VBD_MIN,465
$VBD_MAX,3960
$C_VBD,2190
$VBD_DBAND,2
$VBD_CNV,-0.25119999
$VBD_TIMEOUT,720
$PITCH_VBD_SHIFT,0.0012300001
$VBD_PUMP_AD_RATE_SURFACE,5
$VBD_PUMP_AD_RATE_APOGEE,4
$VBD_BLEED_AD_RATE,8
$UNCOM_BLEED,60
$VBD_MAXERRORS,1
$W_ADJ_DBAND,2
$DBDW,0
$PITCH_W_GAIN,0
$PITCH_W_DBAND,1
$CF8_MAXERRORS,5
$AH0_24V,145
$AH0_10V,95
$MINV_24V,19
$MINV_10V,8
$FG_AHR_10V,0
$FG_AHR_24V,0
$PHONE_SUPPLY,2
$PRESSURE_YINT,-18.492611
$PRESSURE_SLOPE,0.0001165895
$AD7714Ch0Gain,128
$TCM_PITCH_OFFSET,0
$TCM_ROLL_OFFSET,0
$COMPASS_USE,4
$ALTIM_BOTTOM_PING_RANGE,0
$ALTIM_TOP_PING_RANGE,20
$ALTIM_BOTTOM_TURN_MARGIN,25
$ALTIM_TOP_TURN_MARGIN,0
$ALTIM_TOP_MIN_OBSTACLE,1
$ALTIM_PING_DEPTH,100
$ALTIM_PING_DELTA,5
$ALTIM_FREQUENCY,13
$ALTIM_PULSE,3
$ALTIM_SENSITIVITY,3
$XPDR_VALID,5
$XPDR_INHIBIT,90
$INT_PRESSURE_SLOPE,0.0097660003
$INT_PRESSURE_YINT,-0.40000001
$DEEPGLIDER,0
$DEEPGLIDERMB,0
$MOTHERBOARD,4
$DEVICE1,2
$DEVICE2,101
$DEVICE3,38
$DEVICE4,-1
$DEVICE5,-1
$DEVICE6,-1
$LOGGERS,7
$LOGGERDEVICE1,-1
$LOGGERDEVICE2,-1
$LOGGERDEVICE3,-1
$LOGGERDEVICE4,-1
$COMPASS_DEVICE,33
$COMPASS2_DEVICE,-1
$PHONE_DEVICE,49
$GPS_DEVICE,32
$RAFOS_DEVICE,-1
$XPDR_DEVICE,24
$SIM_W,0
$SIM_PITCH,0
$SEABIRD_T_G,0.0043137739
$SEABIRD_T_H,0.00062868668
$SEABIRD_T_I,2.2691316e-05
$SEABIRD_T_J,2.2586789e-06
$SEABIRD_C_G,-10.021329
$SEABIRD_C_H,1.1236943
$SEABIRD_C_I,-0.0013673168
$SEABIRD_C_J,0.00018808816
$GPS1,020226,192304,4753.133,-12227.046,10,1.1,21,18.3
$_CALLS,1
$_XMS_NAKs,0
$_XMS_TOUTs,0
$_SM_DEPTHo,-7.40
$_SM_ANGLEo,-59.3
$GPS2,020226,192604,4753.175,-12227.061,11,1.1,22,18.3
$SPEED_LIMITS,0.173,0.260
$TGT_NAME,EAST_175
$TGT_LATLONG,4750.700,-12222.000
$TGT_RADIUS,200.000
$KALMAN_CONTROL,0.000,0.000
$KALMAN_X,0.0,0.0,0.0,0.0,0.0
$KALMAN_Y,0.0,0.0,0.0,0.0,0.0
$MHEAD_RNG_PITCHd_Wd,152.8,7783,-17.5,-10.000,-21.04,2225
$D_GRID,30
$GCHEAD,st_secs,pitch_ctl,vbd_ctl,pitch_ad_start,roll_ad_start,vbd_pot1_ad_start,vbd_pot2_ad_start,depth,ob_vertv,data_pts,end_secs,pitch_secs,roll_secs,vbd_secs,vbd_i,gcphase,pitch_i,roll_i,pitch_ad,roll_ad,vbd_ad,vbd_pot1_ad,vbd_pot2_ad,pitch_retries,pitch_errors,roll_retries,roll_errors,vbd_retries,vbd_errors,pitch_volts,roll_volts,vbd_volts
$STATE,13,end surface,CONTROL_FINISHED_OK
$STATE,13,begin dive
$GC,15,-0.76,-146.6,246,2399,537,386,0.0,0.0,0,101,0.00,0.00,-83.22,0.000,16390,0.000,0.000,246,2400,2773,2849,2697,0,0,0,0,0,0,28.83,28.83,26.36
$GC,104,-0.76,-146.6,246,2399,2850,2698,-4.8,-5.3,8,121,8.75,2.25,0.00,0.000,2564,0.224,0.044,2420,970,2778,2858,2698,0,0,0,0,0,0,25.21,25.87,28.83
$GC,134,0.21,-146.6,2419,970,2865,2697,4.9,-24.4,11,144,1.05,2.05,0.00,0.000,3078,0.149,0.032,2726,2327,2782,2868,2696,0,0,0,0,0,0,25.51,25.94,28.83
$GC,174,-0.00,-146.6,2725,2328,2876,2695,6.3,-2.9,15,176,0.17,0.00,0.00,0.000,4102,0.114,0.000,2673,2328,2785,2876,2695,0,0,0,0,0,0,25.89,28.83,28.83
$GC,205,-0.51,-146.6,2672,2328,2876,2693,6.0,2.1,18,207,0.47,0.00,0.00,0.000,4102,0.084,0.000,2508,2328,2785,2877,2694,0,0,0,0,0,0,25.86,28.83,28.83
$GC,235,-0.77,-146.6,2508,2328,2877,2692,7.0,-2.7,21,246,0.22,2.10,0.00,0.000,4356,0.066,0.042,2411,3711,2784,2877,2692,0,0,0,0,0,0,26.10,25.98,28.83
$GC,260,-0.77,-146.6,2411,3711,2877,2692,8.9,-5.9,23,269,0.00,1.98,0.00,0.000,3078,0.000,0.018,2411,2319,2784,2877,2691,0,0,0,0,0,0,28.83,26.15,28.83
$GC,299,-0.60,-146.6,2411,2319,2877,2690,14.1,-12.9,27,309,0.20,2.00,0.00,0.000,2564,0.155,0.030,2472,980,2783,2877,2690,0,0,0,0,0,0,25.77,26.03,28.83
$GC,362,-0.60,-146.6,2472,978,2877,2689,18.3,-5.7,33,373,0.00,2.05,0.00,0.000,3078,0.000,0.029,2465,2359,2783,2877,2689,0,0,0,0,0,0,28.83,26.10,28.83
$GC,403,-0.55,-146.6,2465,2359,2877,2689,20.4,-5.0,37,405,0.10,0.00,0.00,0.000,2054,0.174,0.000,2489,2359,2783,2877,2689,0,0,0,0,0,0,26.08,28.83,28.83
$GC,433,-0.55,-146.6,2488,2361,2877,2689,22.5,-7.1,40,442,0.00,2.08,0.00,0.000,2308,0.000,0.042,2489,3717,2783,2877,2690,0,0,0,0,0,0,28.83,26.08,28.83
$GC,485,-0.55,-146.6,2489,3718,2877,2690,26.7,-8.1,45,495,0.00,1.92,0.00,0.000,3078,0.000,0.018,2489,2368,2783,2877,2689,0,0,0,0,0,0,28.83,26.22,28.83
$STATE,513,end dive,TARGET_DEPTH_EXCEEDED
$STATE,513,begin apogee
$GC,519,-0.27,0.0,2488,2125,2876,2690,30.1,-11.2,48,645,0.28,0.00,119.93,0.484,10246,0.112,0.000,2581,2121,2189,2284,2094,0,0,0,0,0,0,25.86,28.83,24.51
$STATE,647,end apogee,CONTROL_FINISHED_OK
$STATE,647,begin climb
$GC,649,0.76,146.6,2581,2122,2282,2093,35.9,0.0,61,768,1.02,2.30,111.72,0.472,10500,0.110,0.039,2907,3577,1604,1729,1480,0,0,0,0,0,0,25.23,25.27,24.48
$GC,819,0.60,146.6,2906,3577,1728,1476,15.7,20.4,78,828,0.15,2.08,0.00,0.000,5126,0.161,0.025,2871,2205,1602,1728,1476,0,0,0,0,0,0,25.37,25.63,28.83
$GC,856,0.60,146.6,2871,2201,1729,1474,10.8,12.1,82,857,0.00,0.00,0.00,0.000,4102,0.000,0.000,2871,2201,1601,1728,1474,0,0,0,0,0,0,28.83,28.83,28.83
$GC,887,0.67,201.4,2871,2201,1728,1474,8.8,7.5,85,935,0.00,0.00,41.35,0.450,10502,0.000,0.000,2871,2201,1386,1522,1251,0,0,0,0,0,0,28.83,28.83,24.62
$STATE,945,end climb,SURFACE_DEPTH_REACHED
$STATE,945,begin surface coast
$FINISH,-1.5,1.022509
$STATE,966,end surface coast,CONTROL_FINISHED_OK
$STATE,966,begin surface
$SM_CCo,982,173.62,0.431,1,0,464,433.32
$SM_CCo,1163,-0.15,0.000,0,0,466,433.32
$SM_CCo,1167,0.62,0.089,0,0,466,433.32
$SM_GC,-7.41,7.47,0.22,0.62,0.066,0.051,0.089,253,2387,466,-7.50,-1.13,433.32,0,0,0,0,0,0,25.66,25.78,25.25
$IRIDIUM_FIX,4735.69,-12229.26,240208,040420
$TT8_MAMPS,0.027713,0.027713
$HUMID,40.82
$INTERNAL_PRESSURE,8.08665
$TCM_TEMP,17.10
$XPDR_PINGS,20
$ALTIM_TOP_PING,11.7,19.3
$24V_AH,24.4,23.350
$10V_AH,10.2,10.456
$FG_AHR_24Vo,0.000
$FG_AHR_10Vo,0.000
$DEVICES,Pitch_motor,Roll_motor,VBD_pump_during_apogee,VBD_pump_during_surface,VBD_valve,Iridium_during_init,Iridium_during_connect,Iridium_during_xfer,Transponder_ping,GUMSTIX_24V,GPS,TT8,LPSleep,TT8_Active,TT8_Sampling,TT8_CF8,TT8_Kalman,Analog_circuits,GPS_charging,Compass,RAFOS,Transponder,Compass2
$DEVICE_SECS,0.000,0.000,0.000,0.000,0.000,0.000,0.000,0.000,0.000,0.000,0.000,0.000,0.000,0.000,0.000,0.000,0.000,0.000,0.000,0.000,0.000,0.000,0.000
$DEVICE_MAMPS,0.000,0.000,0.000,0.000,0.000,0.000,0.000,0.000,0.000,0.000,0.000,0.000,0.000,0.000,0.000,0.000,0.000,0.000,0.000,0.000,0.000,0.000,0.000
$SENSORS,SBE_CT,AA4330,WL_BB2FLVMG,nil,nil,nil,nil,nil,nil,nil
$SENSOR_SECS,0.000,0.000,0.000,0.000,0.000,0.000,0.000,0.000,0.000,0.000
$SENSOR_MAMPS,0.000,0.000,0.000,0.000,0.000,0.000,0.000,0.000,0.000,0.000
$MEM,355140
$DATA_FILE_SIZE,7052,93
$CAP_FILE_SIZE,33681,0
$CFSIZE,260165632,245415936
$ERRORS,0,0,0,0,0,0,0,0,0,0,0,0,0,1,0,0
$CURRENT,0.231,360.0,1
$GPS,020226,194717,4753.229,-12227.033,10,2.6,40,18.3
