version: 66.11
glider: 175
mission: 10
dive: 135
start: 1 27 126 22 3 50
data:
$ID,175
$MISSION,10
$DIVE,135
$N_DIVES,0
$D_SURF,3
$D_FLARE,3
$D_TGT,200
$D_ABORT,1090
$D_NO_BLEED,500
$D_BOOST,3
$T_BOOST,0
$D_FINISH,0
$D_PITCH,0
$D_SAFE,0
$D_CALL,0
$SURFACE_URGENCY,0
$SURFACE_URGENCY_TRY,0
$SURFACE_URGENCY_FORCE,0
$T_DIVE,65
$T_MISSION,85
$T_ABORT,1440
$T_TURN,300
$T_TURN_SAMPINT,5
$T_NO_W,120
$T_LOITER,0
$T_EPIRB,0
$USE_BATHY,0
$USE_ICE,0
$ICE_FREEZE_MARGIN,0.30000001
$D_OFFGRID,100
$T_WATCHDOG,10
$RELAUNCH,1
$APOGEE_PITCH,-8
$MAX_BUOY,150
$COURSE_BIAS,0
$GLIDE_SLOPE,30
$SPEED_FACTOR,1
$RHO,1.023
$MASS,51902
$MASS_COMP,0
$NAV_MODE,2
$FERRY_MAX,45
$KALMAN_USE,2
$HD_A,0.003
$HD_B,0.0099999998
$HD_C,9.9999997e-06
$HEADING,-1
$ESCAPE_HEADING,0
$ESCAPE_HEADING_DELTA,10
$FIX_MISSING_TIMEOUT,0
$TGT_DEFAULT_LAT,4750.7002
$TGT_DEFAULT_LON,-12222
$TGT_AUTO_DEFAULT,0
$SM_CC,457.23199
$N_FILEKB,4
$FILEMGR,0
$CALL_NDIVES,1
$COMM_SEQ,0
$PROTOCOL,9
$N_NOCOMM,1
$NOCOMM_ACTION,0
$N_NOSURFACE,0
$UPLOAD_DIVES_MAX,-1
$CALL_TRIES,5
$CALL_WAIT,60
$CAPUPLOAD,1
$CAPMAXSIZE,200000
$HEAPDBG,0
$T_GPS,15
$N_GPS,30
$T_GPS_ALMANAC,0
$T_GPS_CHARGE,-36350.188
$T_RSLEEP,2
$STROBE,0
$RAFOS_PEAK_OFFSET,1.5
$RAFOS_CORR_THRESH,60
$RAFOS_HIT_WINDOW,3600
$PITCH_MIN,255
$PITCH_MAX,3935
$C_PITCH,2650
$PITCH_DBAND,0.0099999998
$PITCH_CNV,0.003125763
$P_OVSHOOT,0.039999999
$PITCH_GAIN,30
$PITCH_TIMEOUT,17
$PITCH_AD_RATE,160
$PITCH_MAXERRORS,1
$PITCH_ADJ_GAIN,0.02
$PITCH_ADJ_DBAND,2.5
$ROLL_MIN,171
$ROLL_MAX,3723
$ROLL_DEG,40
$C_ROLL_DIVE,2350
$C_ROLL_CLIMB,2175
$HEAD_ERRBAND,10
$ROLL_CNV,0.028270001
$ROLL_TIMEOUT,15
$R_PORT_OVSHOOT,67
$R_STBD_OVSHOOT,67
$ROLL_AD_RATE,300
$ROLL_MAXERRORS,2
$ROLL_ADJ_GAIN,0
$ROLL_ADJ_DBAND,0
$VBD_MIN,465
$VBD_MAX,3960
$C_VBD,2190
$VBD_DBAND,2
$VBD_CNV,-0.25119999
$VBD_TIMEOUT,720
$PITCH_VBD_SHIFT,0.0012300001
$VBD_PUMP_AD_RATE_SURFACE,5
$VBD_PUMP_AD_RATE_APOGEE,4
$VBD_BLEED_AD_RATE,8
$UNCOM_BLEED,60
$VBD_MAXERRORS,1
$W_ADJ_DBAND,2
$DBDW,0
$PITCH_W_GAIN,0
$PITCH_W_DBAND,1
$CF8_MAXERRORS,5
$AH0_24V,145
$AH0_10V,95
$MINV_24V,19
$MINV_10V,8
$FG_AHR_10V,0
$FG_AHR_24V,0
$PHONE_SUPPLY,2
$PRESSURE_YINT,-18.492611
$PRESSURE_SLOPE,0.0001165895
$AD7714Ch0Gain,128
$TCM_PITCH_OFFSET,0
$TCM_ROLL_OFFSET,0
$COMPASS_USE,4
$ALTIM_BOTTOM_PING_RANGE,0
$ALTIM_TOP_PING_RANGE,20
$ALTIM_BOTTOM_TURN_MARGIN,25
$ALTIM_TOP_TURN_MARGIN,0
$ALTIM_TOP_MIN_OBSTACLE,1
$ALTIM_PING_DEPTH,100
$ALTIM_PING_DELTA,5
$ALTIM_FREQUENCY,13
$ALTIM_PULSE,3
$ALTIM_SENSITIVITY,3
$XPDR_VALID,5
$XPDR_INHIBIT,90
$INT_PRESSURE_SLOPE,0.0097660003
$INT_PRESSURE_YINT,-0.40000001
$DEEPGLIDER,0
$DEEPGLIDERMB,0
$MOTHERBOARD,4
$DEVICE1,2
$DEVICE2,101
$DEVICE3,38
$DEVICE4,-1
$DEVICE5,-1
$DEVICE6,-1
$LOGGERS,7
$LOGGERDEVICE1,-1
$LOGGERDEVICE2,-1
$LOGGERDEVICE3,-1
$LOGGERDEVICE4,-1
$COMPASS_DEVICE,33
$COMPASS2_DEVICE,-1
$PHONE_DEVICE,49
$GPS_DEVICE,32
$RAFOS_DEVICE,-1
$XPDR_DEVICE,24
$SIM_W,0
$SIM_PITCH,0
$SEABIRD_T_G,0.0043137739
$SEABIRD_T_H,0.00062868668
$SEABIRD_T_I,2.2691316e-05
$SEABIRD_T_J,2.2586789e-06
$SEABIRD_C_G,-10.021329
$SEABIRD_C_H,1.1236943
$SEABIRD_C_I,-0.0013673168
$SEABIRD_C_J,0.00018808816
$GPS1,270126,215547,4750.718,-12222.195,10,1.3,10,18.2
$_CALLS,2
$_XMS_NAKs,0
$_XMS_TOUTs,0
$_SM_DEPTHo,-4.06
$_SM_ANGLEo,-69.3
$GPS2,270126,220317,4750.663,-12222.282,12,1.3,12,18.2
$SPEED_LIMITS,0.178,0.262
$TGT_NAME,EAST_175
$TGT_LATLONG,4750.700,-12222.000
$TGT_RADIUS,200.000
$KALMAN_CONTROL,0.000,0.000
$KALMAN_X,0.0,0.0,0.0,0.0,0.0
$KALMAN_Y,0.0,0.0,0.0,0.0,0.0
$MHEAD_RNG_PITCHd_Wd,57.9,357,-21.9,-10.256,-25.00,1490
$D_GRID,200
$GCHEAD,st_secs,pitch_ctl,vbd_ctl,pitch_ad_start,roll_ad_start,vbd_pot1_ad_start,vbd_pot2_ad_start,depth,ob_vertv,data_pts,end_secs,pitch_secs,roll_secs,vbd_secs,vbd_i,gcphase,pitch_i,roll_i,pitch_ad,roll_ad,vbd_ad,vbd_pot1_ad,vbd_pot2_ad,pitch_retries,pitch_errors,roll_retries,roll_errors,vbd_retries,vbd_errors,pitch_volts,roll_volts,vbd_volts
$STATE,13,end surface,CONTROL_FINISHED_OK
$STATE,13,begin dive
$GC,15,-0.85,-100.4,251,2375,517,406,0.0,0.0,0,99,0.00,0.00,-77.72,0.000,16390,0.000,0.000,251,2375,2590,2662,2518,0,0,0,0,0,0,28.83,28.83,26.11
$GC,102,-0.91,-146.6,251,2375,2662,2519,-1.7,-4.4,8,122,8.52,2.28,-4.57,0.000,18948,0.229,0.057,2351,967,2777,2872,2683,0,0,0,0,0,0,25.29,25.86,26.22
$GC,225,-0.69,-146.6,2351,967,2877,2683,28.8,-25.3,20,235,0.30,2.08,0.00,0.000,3078,0.177,0.038,2421,2318,2781,2879,2683,0,0,0,0,0,0,25.53,25.96,28.83
$GC,265,-0.56,-146.6,2421,2318,2880,2683,36.7,-19.8,24,267,0.17,0.00,0.00,0.000,2054,0.169,0.000,2467,2318,2781,2880,2683,0,0,0,0,0,0,25.75,28.83,28.83
$GC,295,-0.56,-146.6,2467,2318,2880,2683,41.3,-15.7,27,304,0.00,2.17,0.00,0.000,2308,0.000,0.047,2464,3721,2781,2880,2683,0,0,0,0,0,0,28.83,25.98,28.83
$GC,319,-0.56,-146.6,2464,3721,2880,2683,44.5,-14.7,29,327,0.00,2.05,0.00,0.000,3078,0.000,0.021,2464,2328,2782,2882,2683,0,0,0,0,0,0,28.83,26.16,28.83
$GC,356,-0.56,-146.6,2464,2328,2882,2683,49.6,-13.1,33,358,0.00,0.00,0.00,0.000,2054,0.000,0.000,2465,2328,2782,2882,2683,0,0,0,0,0,0,28.83,28.83,28.83
$GC,387,-0.56,-146.6,2464,2328,2882,2683,53.5,-12.8,36,395,0.00,2.03,0.00,0.000,2564,0.000,0.029,2464,972,2782,2882,2683,0,0,0,0,0,0,28.83,26.10,28.83
$GC,418,-0.56,-146.6,2464,972,2881,2683,57.5,-12.4,39,427,0.00,2.08,0.00,0.000,3078,0.000,0.030,2464,2361,2782,2881,2683,0,0,0,0,0,0,28.83,26.11,28.83
$GC,458,-0.56,-146.6,2464,2361,2881,2683,63.0,-13.6,43,459,0.00,0.00,0.00,0.000,2054,0.000,0.000,2464,2361,2782,2881,2683,0,0,0,0,0,0,28.83,28.83,28.83
$GC,489,-0.56,-146.6,2464,2361,2881,2683,67.2,-13.5,46,490,0.00,0.00,0.00,0.000,2054,0.000,0.000,2464,2361,2782,2881,2683,0,0,0,0,0,0,28.83,28.83,28.83
$GC,518,-0.56,-146.6,2464,2361,2881,2683,71.0,-13.0,49,519,0.00,0.00,0.00,0.000,2054,0.000,0.000,2464,2361,2781,2881,2682,0,0,0,0,0,0,28.83,28.83,28.83
$GC,548,-0.56,-146.6,2463,2361,2881,2683,74.8,-12.9,52,557,0.00,2.08,0.00,0.000,2308,0.000,0.046,2464,3714,2782,2881,2683,0,0,0,0,0,0,28.83,26.08,28.83
$GC,602,-0.56,-146.6,1664,3713,2843,2676,81.4,-12.5,57,610,0.00,2.00,0.00,0.000,3078,0.000,0.019,2464,2336,2782,2882,2683,0,0,0,0,0,0,28.83,26.28,28.83
$GC,640,-0.56,-146.6,2464,2335,2882,2682,86.8,-13.2,61,641,0.00,0.00,0.00,0.000,2054,0.000,0.000,2464,2335,2782,2882,2683,0,0,0,0,0,0,28.83,28.83,28.83
$GC,670,-0.56,-146.6,2464,2335,2881,2683,90.6,-12.7,64,671,0.00,0.00,0.00,0.000,2054,0.000,0.000,2464,2335,2782,2882,2682,0,0,0,0,0,0,28.83,28.83,28.83
$GC,700,-0.56,-146.6,2464,2335,2882,2682,94.1,-11.9,67,701,0.00,0.00,0.00,0.000,2054,0.000,0.000,2464,2335,2782,2882,2682,0,0,0,0,0,0,28.83,28.83,28.83
$GC,730,-0.56,-146.6,2464,2335,2882,2682,97.9,-12.4,70,731,0.00,0.00,0.00,0.000,2054,0.000,0.000,2464,2335,2782,2882,2682,0,0,0,0,0,0,28.83,28.83,28.83
$GC,760,-0.56,-146.6,2464,2335,2882,2682,101.6,-12.6,73,761,0.00,0.00,0.00,0.000,2054,0.000,0.000,2464,2335,2782,2882,2682,0,0,0,0,0,0,28.83,28.83,28.83
$GC,793,-0.56,-146.6,2464,2335,2882,2682,105.5,-12.5,76,799,0.00,0.00,0.00,0.000,2054,0.000,0.000,2464,2335,2782,2882,2682,0,0,0,0,0,0,28.83,28.83,28.83
$GC,830,-0.56,-146.6,2464,2335,2882,2682,110.6,-12.9,80,839,0.00,2.00,0.00,0.000,2564,0.000,0.028,2464,979,2781,2882,2681,0,0,0,0,0,0,28.83,26.22,28.83
$GC,883,-0.56,-146.6,1664,978,2844,2674,117.0,-12.1,85,892,0.00,2.10,0.00,0.000,3078,0.000,0.031,2464,2360,2781,2881,2681,0,0,0,0,0,0,28.83,26.24,28.83
$GC,922,-0.61,-146.6,2464,2360,2881,2681,121.4,-11.1,89,932,0.00,2.05,0.00,0.000,4356,0.000,0.044,2464,3710,2780,2880,2681,0,0,0,0,0,0,28.83,26.16,28.83
$GC,966,-0.61,-146.6,1664,3709,2841,2674,126.2,-11.2,93,974,0.00,1.98,0.00,0.000,5126,0.000,0.019,2464,2344,2781,2882,2681,0,0,0,0,0,0,28.83,25.84,28.83
$GC,1004,-0.61,-146.6,2464,2343,2882,2681,130.7,-11.3,97,1005,0.00,0.00,0.00,0.000,4102,0.000,0.000,2464,2343,2781,2882,2680,0,0,0,0,0,0,28.83,28.83,28.83
$GC,1034,-0.61,-146.6,2464,2343,2882,2681,134.0,-10.9,100,1035,0.00,0.00,0.00,0.000,4102,0.000,0.000,2464,2343,2781,2882,2681,0,0,0,0,0,0,28.83,28.83,28.83
$GC,1064,-0.61,-146.6,2464,2343,2882,2680,137.4,-11.3,103,1073,0.00,2.00,0.00,0.000,4612,0.000,0.029,2464,978,2780,2881,2680,0,0,0,0,0,0,28.83,26.26,28.83
$GC,1097,-0.66,-146.6,2464,979,2881,2680,141.1,-11.8,106,1106,0.05,2.03,0.00,0.000,5126,0.078,0.029,2429,2361,2781,2881,2681,0,0,0,0,0,0,26.15,26.26,28.83
$STATE,1135,end dive,BOTTOM_OBSTACLE_DETECTED
$STATE,1135,begin apogee
$GC,1140,-0.27,0.0,2429,2137,2881,2680,146.1,-12.2,110,1266,0.40,0.00,120.60,0.569,10246,0.132,0.000,2556,2136,2189,2279,2100,0,0,0,0,0,0,25.80,28.83,24.53
$STATE,1268,end apogee,CONTROL_FINISHED_OK
$STATE,1268,begin climb
$GC,1270,0.91,146.6,2556,2136,2279,2100,152.5,0.0,123,1389,1.20,0.00,114.20,0.552,10502,0.109,0.000,2935,2136,1605,1721,1490,0,0,0,0,0,0,25.21,28.83,24.48
$GC,1417,0.84,146.6,2935,2136,1720,1485,133.4,17.8,138,1427,0.08,2.22,0.00,0.000,4356,0.190,0.034,2923,3576,1601,1718,1484,0,0,0,0,0,0,25.39,25.42,28.83
$GC,1440,0.77,146.6,2922,3576,1718,1484,129.0,18.4,140,1449,0.12,1.98,0.00,0.000,5126,0.179,0.016,2904,2227,1600,1718,1483,0,0,0,0,0,0,25.31,25.58,28.83
$GC,1479,0.77,146.6,2903,2225,1718,1482,121.8,18.0,144,1480,0.00,0.00,0.00,0.000,4102,0.000,0.000,2903,2225,1600,1718,1482,0,0,0,0,0,0,28.83,28.83,28.83
$GC,1509,0.77,146.6,2903,2225,1718,1480,117.2,15.7,147,1510,0.00,0.00,0.00,0.000,4102,0.000,0.000,2903,2226,1599,1718,1480,0,0,0,0,0,0,28.83,28.83,28.83
$GC,1540,0.77,146.6,2903,2225,1718,1480,112.5,15.7,150,1541,0.00,0.00,0.00,0.000,4102,0.000,0.000,2904,2225,1599,1718,1480,0,0,0,0,0,0,28.83,28.83,28.83
$GC,1569,0.77,146.6,2903,2225,1718,1479,107.5,16.6,153,1571,0.00,0.00,0.00,0.000,4102,0.000,0.000,2904,2225,1598,1718,1479,0,0,0,0,0,0,28.83,28.83,28.83
$GC,1599,0.77,146.6,2903,2226,1718,1478,102.7,16.0,156,1600,0.00,0.00,0.00,0.000,4102,0.000,0.000,2904,2225,1598,1718,1479,0,0,0,0,0,0,28.83,28.83,28.83
$GC,1629,0.77,146.6,2903,2225,1718,1478,97.9,15.9,159,1630,0.00,0.00,0.00,0.000,4102,0.000,0.000,2904,2225,1598,1718,1478,0,0,0,0,0,0,28.83,28.83,28.83
$GC,1660,0.77,146.6,2903,2225,1718,1478,93.3,15.3,162,1661,0.00,0.00,0.00,0.000,4102,0.000,0.000,2904,2225,1598,1718,1478,0,0,0,0,0,0,28.83,28.83,28.83
$GC,1689,0.77,146.6,2903,2225,1718,1478,88.8,15.1,165,1690,0.00,0.00,0.00,0.000,4102,0.000,0.000,2904,2225,1598,1718,1478,0,0,0,0,0,0,28.83,28.83,28.83
$GC,1719,0.77,146.6,2903,2225,1718,1478,84.4,14.8,168,1721,0.00,0.00,0.00,0.000,4102,0.000,0.000,2904,2225,1598,1718,1478,0,0,0,0,0,0,28.83,28.83,28.83
$GC,1749,0.77,146.6,2903,2225,1718,1478,80.0,14.6,171,1750,0.00,0.00,0.00,0.000,4102,0.000,0.000,2904,2225,1598,1718,1478,0,0,0,0,0,0,28.83,28.83,28.83
$GC,1780,0.77,146.6,2903,2225,1718,1478,75.6,14.9,174,1781,0.00,0.00,0.00,0.000,4102,0.000,0.000,2904,2225,1598,1718,1478,0,0,0,0,0,0,28.83,28.83,28.83
$GC,1809,0.77,146.6,2904,2225,1718,1478,71.1,15.0,177,1810,0.00,0.00,0.00,0.000,4102,0.000,0.000,2904,2225,1598,1718,1478,0,0,0,0,0,0,28.83,28.83,28.83
$GC,1839,0.77,146.6,2903,2225,1718,1478,66.6,14.8,180,1840,0.00,0.00,0.00,0.000,4102,0.000,0.000,2904,2225,1598,1718,1478,0,0,0,0,0,0,28.83,28.83,28.83
$GC,1869,0.77,146.6,2903,2225,1718,1477,62.1,15.0,183,1878,0.00,2.08,0.00,0.000,4356,0.000,0.037,2903,3584,1597,1718,1477,0,0,0,0,0,0,28.83,26.06,28.83
$GC,1883,0.77,146.6,2903,3584,1717,1477,60.9,14.9,184,1890,0.00,2.00,0.00,0.000,5126,0.000,0.019,2909,2236,1597,1718,1477,0,0,0,0,0,0,28.83,26.16,28.83
$GC,1921,0.77,146.6,2909,2233,1717,1478,53.8,16.1,188,1930,0.00,2.10,0.00,0.000,4612,0.000,0.034,2910,847,1597,1717,1477,0,0,0,0,0,0,28.83,26.08,28.83
$GC,1943,0.77,146.6,2910,847,1715,1477,50.6,15.6,190,1952,0.00,1.95,0.00,0.000,5126,0.000,0.023,2910,2179,1595,1714,1477,0,0,0,0,0,0,28.83,26.15,28.83
$GC,1983,0.77,146.6,2909,2179,1715,1477,44.9,14.2,194,1992,0.00,2.10,0.00,0.000,4356,0.000,0.037,2910,3573,1596,1714,1478,0,0,0,0,0,0,28.83,26.10,28.83
$GC,2025,0.77,146.6,2910,3573,1714,1477,38.7,15.0,198,2035,0.08,1.92,0.00,0.000,5126,0.207,0.016,2903,2222,1595,1714,1477,0,0,0,0,0,0,25.99,26.22,28.83
$GC,2065,0.77,146.6,2903,2220,1715,1478,33.2,13.8,202,2066,0.00,0.00,0.00,0.000,4102,0.000,0.000,2903,2220,1596,1715,1477,0,0,0,0,0,0,28.83,28.83,28.83
$GC,2095,0.77,146.6,2903,2220,1714,1477,29.8,11.6,205,2096,0.00,0.00,0.00,0.000,4102,0.000,0.000,2903,2220,1595,1714,1477,0,0,0,0,0,0,28.83,28.83,28.83
$GC,2125,0.77,146.6,2903,2220,1715,1477,26.5,11.0,208,2126,0.00,0.00,0.00,0.000,4102,0.000,0.000,2903,2220,1596,1715,1477,0,0,0,0,0,0,28.83,28.83,28.83
$GC,2155,0.77,146.6,2902,2220,1714,1477,23.3,10.7,211,2163,0.00,2.15,0.00,0.000,4612,0.000,0.034,2909,795,1595,1714,1477,0,0,0,0,0,0,28.83,26.15,28.83
$GC,2187,0.77,146.6,2909,794,1713,1477,19.9,10.6,214,2196,0.00,2.00,0.00,0.000,5126,0.000,0.023,2909,2173,1595,1713,1477,0,0,0,0,0,0,28.83,26.22,28.83
$GC,2227,0.77,146.6,2909,2173,1713,1477,15.4,11.4,218,2236,0.00,2.10,0.00,0.000,4356,0.000,0.037,2909,3571,1595,1713,1477,0,0,0,0,0,0,28.83,26.17,28.83
$GC,2258,0.77,146.6,2909,3571,1713,1477,11.2,12.7,221,2269,0.00,2.00,0.00,0.000,5126,0.000,0.018,2910,2181,1595,1713,1477,0,0,0,0,0,0,28.83,26.27,28.83
$GC,2298,0.77,146.6,2909,2180,1713,1477,6.2,12.7,225,2308,0.00,2.10,0.00,0.000,4612,0.000,0.036,2910,790,1595,1713,1477,0,0,0,0,0,0,28.83,26.17,28.83
$STATE,2329,end climb,SURFACE_DEPTH_REACHED
$STATE,2329,begin surface coast
$FINISH,-0.1,1.021616
$STATE,2351,end surface coast,CONTROL_FINISHED_OK
$STATE,2351,begin surface
$SM_CCo,2370,211.50,0.451,1,0,464,433.32
$SM_CCo,2589,-0.22,0.000,0,0,467,433.07
$SM_CCo,2592,1.33,0.080,0,0,465,433.32
$SM_GC,-4.16,7.55,2.38,1.33,0.074,0.028,0.080,245,2347,465,-7.45,-1.41,433.32,0,0,0,0,0,0,26.16,26.22,25.25
$IRIDIUM_FIX,4735.69,-12224.82,180208,070719
$TT8_MAMPS,0.027713,0.027713
$HUMID,40.98
$INTERNAL_PRESSURE,8.07689
$TCM_TEMP,17.20
$XPDR_PINGS,34
$ALTIM_TOP_PING,19.9,7.3
$ALTIM_BOTTOM_PING,105.5,64.8
$24V_AH,24.5,23.350
$10V_AH,10.3,10.456
$FG_AHR_24Vo,0.000
$FG_AHR_10Vo,0.000
$DEVICES,Pitch_motor,Roll_motor,VBD_pump_during_apogee,VBD_pump_during_surface,VBD_valve,Iridium_during_init,Iridium_during_connect,Iridium_during_xfer,Transponder_ping,GUMSTIX_24V,GPS,TT8,LPSleep,TT8_Active,TT8_Sampling,TT8_CF8,TT8_Kalman,Analog_circuits,GPS_charging,Compass,RAFOS,Transponder,Compass2
$DEVICE_SECS,0.000,0.000,0.000,0.000,0.000,0.000,0.000,0.000,0.000,0.000,0.000,0.000,0.000,0.000,0.000,0.000,0.000,0.000,0.000,0.000,0.000,0.000,0.000
$DEVICE_MAMPS,0.000,0.000,0.000,0.000,0.000,0.000,0.000,0.000,0.000,0.000,0.000,0.000,0.000,0.000,0.000,0.000,0.000,0.000,0.000,0.000,0.000,0.000,0.000
$SENSORS,SBE_CT,AA4330,WL_BB2FLVMG,nil,nil,nil,nil,nil,nil,nil
$SENSOR_SECS,0.000,0.000,0.000,0.000,0.000,0.000,0.000,0.000,0.000,0.000
$SENSOR_MAMPS,0.000,0.000,0.000,0.000,0.000,0.000,0.000,0.000,0.000,0.000
$MEM,355196
$DATA_FILE_SIZE,16932,230
$CAP_FILE_SIZE,77625,0
$CFSIZE,260165632,251641856
$ERRORS,0,0,0,0,0,0,0,0,0,0,0,0,0,1,0,0
$CURRENT,0.131,252.8,1
$GPS,270126,224752,4750.698,-12222.044,6,2.0,11,18.2
