version: 66.11
glider: 175
mission: 10
dive: 89
start: 1 26 126 12 8 41
data:
$ID,175
$MISSION,10
$DIVE,89
$N_DIVES,0
$D_SURF,3
$D_FLARE,3
$D_TGT,200
$D_ABORT,1090
$D_NO_BLEED,500
$D_BOOST,3
$T_BOOST,0
$D_FINISH,0
$D_PITCH,0
$D_SAFE,0
$D_CALL,0
$SURFACE_URGENCY,0
$SURFACE_URGENCY_TRY,0
$SURFACE_URGENCY_FORCE,0
$T_DIVE,65
$T_MISSION,85
$T_ABORT,1440
$T_TURN,300
$T_TURN_SAMPINT,5
$T_NO_W,120
$T_LOITER,0
$T_EPIRB,0
$USE_BATHY,0
$USE_ICE,0
$ICE_FREEZE_MARGIN,0.30000001
$D_OFFGRID,100
$T_WATCHDOG,10
$RELAUNCH,1
$APOGEE_PITCH,-8
$MAX_BUOY,150
$COURSE_BIAS,0
$GLIDE_SLOPE,30
$SPEED_FACTOR,1
$RHO,1.023
$MASS,51902
$MASS_COMP,0
$NAV_MODE,2
$FERRY_MAX,45
$KALMAN_USE,2
$HD_A,0.003
$HD_B,0.0099999998
$HD_C,9.9999997e-06
$HEADING,-1
$ESCAPE_HEADING,0
$ESCAPE_HEADING_DELTA,10
$FIX_MISSING_TIMEOUT,0
$TGT_DEFAULT_LAT,4750.7002
$TGT_DEFAULT_LON,-12222
$TGT_AUTO_DEFAULT,0
$SM_CC,457.23199
$N_FILEKB,4
$FILEMGR,0
$CALL_NDIVES,1
$COMM_SEQ,0
$PROTOCOL,9
$N_NOCOMM,1
$NOCOMM_ACTION,0
$N_NOSURFACE,0
$UPLOAD_DIVES_MAX,-1
$CALL_TRIES,5
$CALL_WAIT,60
$CAPUPLOAD,1
$CAPMAXSIZE,200000
$HEAPDBG,0
$T_GPS,15
$N_GPS,30
$T_GPS_ALMANAC,0
$T_GPS_CHARGE,-36279.578
$T_RSLEEP,2
$STROBE,0
$RAFOS_PEAK_OFFSET,1.5
$RAFOS_CORR_THRESH,60
$RAFOS_HIT_WINDOW,3600
$PITCH_MIN,255
$PITCH_MAX,3935
$C_PITCH,2650
$PITCH_DBAND,0.0099999998
$PITCH_CNV,0.003125763
$P_OVSHOOT,0.039999999
$PITCH_GAIN,30
$PITCH_TIMEOUT,17
$PITCH_AD_RATE,160
$PITCH_MAXERRORS,1
$PITCH_ADJ_GAIN,0.02
$PITCH_ADJ_DBAND,2.5
$ROLL_MIN,171
$ROLL_MAX,3723
$ROLL_DEG,40
$C_ROLL_DIVE,2350
$C_ROLL_CLIMB,2175
$HEAD_ERRBAND,10
$ROLL_CNV,0.028270001
$ROLL_TIMEOUT,15
$R_PORT_OVSHOOT,65
$R_STBD_OVSHOOT,53
$ROLL_AD_RATE,300
$ROLL_MAXERRORS,2
$ROLL_ADJ_GAIN,0
$ROLL_ADJ_DBAND,0
$VBD_MIN,465
$VBD_MAX,3960
$C_VBD,2190
$VBD_DBAND,2
$VBD_CNV,-0.25119999
$VBD_TIMEOUT,720
$PITCH_VBD_SHIFT,0.0012300001
$VBD_PUMP_AD_RATE_SURFACE,5
$VBD_PUMP_AD_RATE_APOGEE,4
$VBD_BLEED_AD_RATE,8
$UNCOM_BLEED,60
$VBD_MAXERRORS,1
$W_ADJ_DBAND,2
$DBDW,0
$PITCH_W_GAIN,0
$PITCH_W_DBAND,1
$CF8_MAXERRORS,5
$AH0_24V,145
$AH0_10V,95
$MINV_24V,19
$MINV_10V,8
$FG_AHR_10V,0
$FG_AHR_24V,0
$PHONE_SUPPLY,2
$PRESSURE_YINT,-18.492611
$PRESSURE_SLOPE,0.0001165895
$AD7714Ch0Gain,128
$TCM_PITCH_OFFSET,0
$TCM_ROLL_OFFSET,0
$COMPASS_USE,4
$ALTIM_BOTTOM_PING_RANGE,0
$ALTIM_TOP_PING_RANGE,20
$ALTIM_BOTTOM_TURN_MARGIN,25
$ALTIM_TOP_TURN_MARGIN,0
$ALTIM_TOP_MIN_OBSTACLE,1
$ALTIM_PING_DEPTH,100
$ALTIM_PING_DELTA,5
$ALTIM_FREQUENCY,13
$ALTIM_PULSE,3
$ALTIM_SENSITIVITY,3
$XPDR_VALID,5
$XPDR_INHIBIT,90
$INT_PRESSURE_SLOPE,0.0097660003
$INT_PRESSURE_YINT,-0.40000001
$DEEPGLIDER,0
$DEEPGLIDERMB,0
$MOTHERBOARD,4
$DEVICE1,2
$DEVICE2,101
$DEVICE3,38
$DEVICE4,-1
$DEVICE5,-1
$DEVICE6,-1
$LOGGERS,7
$LOGGERDEVICE1,-1
$LOGGERDEVICE2,-1
$LOGGERDEVICE3,-1
$LOGGERDEVICE4,-1
$COMPASS_DEVICE,33
$COMPASS2_DEVICE,-1
$PHONE_DEVICE,49
$GPS_DEVICE,32
$RAFOS_DEVICE,-1
$XPDR_DEVICE,24
$SIM_W,0
$SIM_PITCH,0
$SEABIRD_T_G,0.0043137739
$SEABIRD_T_H,0.00062868668
$SEABIRD_T_I,2.2691316e-05
$SEABIRD_T_J,2.2586789e-06
$SEABIRD_C_G,-10.021329
$SEABIRD_C_H,1.1236943
$SEABIRD_C_I,-0.0013673168
$SEABIRD_C_J,0.00018808816
$GPS1,260126,120253,4750.804,-12221.927,14,1.5,14,18.2
$_CALLS,1
$_XMS_NAKs,0
$_XMS_TOUTs,0
$_SM_DEPTHo,-2.32
$_SM_ANGLEo,-70.1
$GPS2,260126,120810,4750.807,-12221.972,12,1.6,29,18.2
$SPEED_LIMITS,0.178,0.262
$TGT_NAME,EAST_175
$TGT_LATLONG,4750.700,-12222.000
$TGT_RADIUS,200.000
$KALMAN_CONTROL,0.000,0.000
$KALMAN_X,0.0,0.0,0.0,0.0,0.0
$KALMAN_Y,0.0,0.0,0.0,0.0,0.0
$MHEAD_RNG_PITCHd_Wd,155.6,200,-27.3,-10.256,-30.00,974
$D_GRID,200
$GCHEAD,st_secs,pitch_ctl,vbd_ctl,pitch_ad_start,roll_ad_start,vbd_pot1_ad_start,vbd_pot2_ad_start,depth,ob_vertv,data_pts,end_secs,pitch_secs,roll_secs,vbd_secs,vbd_i,gcphase,pitch_i,roll_i,pitch_ad,roll_ad,vbd_ad,vbd_pot1_ad,vbd_pot2_ad,pitch_retries,pitch_errors,roll_retries,roll_errors,vbd_retries,vbd_errors,pitch_volts,roll_volts,vbd_volts
$STATE,12,end surface,CONTROL_FINISHED_OK
$STATE,12,begin dive
$GC,15,-0.99,-65.5,242,2342,510,410,0.0,0.0,0,90,0.00,0.00,-73.05,0.000,16390,0.000,0.000,242,2342,2450,2518,2382,0,0,0,0,0,0,28.83,28.83,26.29
$GC,93,-1.07,-134.2,242,2342,2518,2385,-0.8,-3.0,7,120,8.20,2.17,-7.97,0.000,18948,0.223,0.055,2296,966,2728,2826,2630,0,0,0,0,0,0,25.33,25.86,26.25
$GC,385,-0.90,-134.2,2296,966,2828,2631,62.7,-21.4,36,395,0.28,2.10,0.00,0.000,3078,0.196,0.041,2357,2335,2729,2828,2631,0,0,0,0,0,0,25.53,26.05,28.83
$GC,425,-0.76,-134.2,2356,2335,2828,2631,71.1,-21.1,40,427,0.17,0.00,0.00,0.000,2054,0.188,0.000,2400,2335,2730,2829,2631,0,0,0,0,0,0,25.76,28.83,28.83
$GC,455,-0.71,-134.2,2399,2335,2829,2631,76.2,-17.7,43,465,0.08,2.12,0.00,0.000,2308,0.204,0.047,2410,3717,2730,2830,2631,0,0,0,0,0,0,26.13,26.03,28.83
$GC,488,-0.71,-134.2,2411,3717,2830,2631,81.1,-14.8,46,497,0.00,1.98,0.00,0.000,3078,0.000,0.020,2411,2336,2731,2831,2631,0,0,0,0,0,0,28.83,26.22,28.83
$GC,528,-0.71,-134.2,2411,2335,2831,2631,86.5,-13.5,50,529,0.00,0.00,0.00,0.000,2054,0.000,0.000,2411,2335,2731,2831,2631,0,0,0,0,0,0,28.83,28.83,28.83
$GC,558,-0.71,-134.2,2411,2335,2830,2631,90.7,-14.0,53,559,0.00,0.00,0.00,0.000,2054,0.000,0.000,2411,2336,2731,2831,2631,0,0,0,0,0,0,28.83,28.83,28.83
$GC,588,-0.71,-134.2,2410,2335,2830,2631,95.2,-14.8,56,589,0.00,0.00,0.00,0.000,2054,0.000,0.000,2411,2336,2731,2831,2631,0,0,0,0,0,0,28.83,28.83,28.83
$GC,618,-0.71,-134.2,2411,2335,2831,2631,99.8,-15.1,59,619,0.00,0.00,0.00,0.000,2054,0.000,0.000,2411,2336,2731,2831,2631,0,0,0,0,0,0,28.83,28.83,28.83
$GC,648,-0.71,-134.2,2411,2336,2831,2631,104.1,-14.7,62,649,0.00,0.00,0.00,0.000,2054,0.000,0.000,2411,2336,2731,2831,2631,0,0,0,0,0,0,28.83,28.83,28.83
$GC,678,-0.71,-134.2,2411,2336,2831,2631,108.5,-14.5,65,679,0.00,0.00,0.00,0.000,2054,0.000,0.000,2411,2336,2730,2830,2631,0,0,0,0,0,0,28.83,28.83,28.83
$GC,708,-0.71,-134.2,2411,2336,2831,2631,112.6,-13.9,68,709,0.00,0.00,0.00,0.000,2054,0.000,0.000,2411,2336,2731,2831,2631,0,0,0,0,0,0,28.83,28.83,28.83
$GC,738,-0.71,-134.2,2410,2336,2831,2631,116.7,-13.8,71,746,0.00,2.03,0.00,0.000,2564,0.000,0.031,2411,972,2730,2830,2631,0,0,0,0,0,0,28.83,26.17,28.83
$GC,781,-0.71,-134.2,1616,971,2791,2623,122.5,-13.9,75,789,0.00,2.12,0.00,0.000,3078,0.000,0.037,2411,2350,2730,2830,2630,0,0,0,0,0,0,28.83,26.18,28.83
$GC,819,-0.71,-134.2,2410,2350,2830,2630,127.9,-13.1,79,820,0.00,0.00,0.00,0.000,2054,0.000,0.000,2411,2350,2730,2831,2630,0,0,0,0,0,0,28.83,28.83,28.83
$GC,850,-0.71,-134.2,2411,2350,2832,2630,131.9,-13.6,82,851,0.00,0.00,0.00,0.000,2054,0.000,0.000,2411,2349,2730,2831,2630,0,0,0,0,0,0,28.83,28.83,28.83
$STATE,857,end dive,BOTTOM_OBSTACLE_DETECTED
$STATE,857,begin apogee
$GC,862,-0.27,0.0,2411,2145,2830,2630,133.2,-13.7,83,979,0.47,0.00,109.30,0.559,10246,0.144,0.000,2557,2144,2192,2284,2100,0,0,0,0,0,0,25.73,28.83,24.62
$STATE,980,end apogee,CONTROL_FINISHED_OK
$STATE,980,begin climb
$GC,983,1.07,134.2,2557,2144,2283,2101,138.9,0.0,95,1093,1.35,0.00,105.45,0.542,10502,0.108,0.000,2987,2144,1654,1759,1550,0,0,0,0,0,0,25.25,28.83,24.53
$GC,1122,1.00,134.2,2987,2144,1758,1543,117.0,22.3,109,1124,0.08,0.00,0.00,0.000,4102,0.210,0.000,2976,2144,1650,1758,1543,0,0,0,0,0,0,25.36,28.83,28.83
$GC,1152,0.94,134.2,2975,2144,1757,1542,110.2,22.1,112,1154,0.10,0.00,0.00,0.000,4102,0.197,0.000,2955,2144,1649,1757,1542,0,0,0,0,0,0,25.41,28.83,28.83
$GC,1181,0.94,134.2,2955,2144,1757,1541,104.1,20.7,115,1183,0.00,0.00,0.00,0.000,4102,0.000,0.000,2955,2144,1649,1757,1541,0,0,0,0,0,0,28.83,28.83,28.83
$GC,1212,0.94,134.2,2955,2144,1757,1541,98.2,19.6,118,1221,0.00,2.20,0.00,0.000,4356,0.000,0.035,2955,3586,1649,1757,1541,0,0,0,0,0,0,28.83,25.71,28.83
$GC,1233,0.94,134.2,2955,3586,1756,1540,93.6,20.1,120,1243,0.00,2.03,0.00,0.000,5126,0.000,0.016,2964,2202,1648,1757,1540,0,0,0,0,0,0,28.83,25.82,28.83
$GC,1274,0.94,134.2,2964,2199,1757,1539,84.3,23.5,124,1283,0.00,2.15,0.00,0.000,4612,0.000,0.031,2975,779,1647,1756,1539,0,0,0,0,0,0,28.83,25.81,28.83
$GC,1297,0.94,134.2,2974,778,1754,1539,79.2,23.4,126,1306,0.05,2.15,0.00,0.000,5126,0.177,0.024,2960,2193,1646,1753,1539,0,0,0,0,0,0,25.64,25.89,28.83
$GC,1336,0.94,134.2,2960,2193,1753,1539,71.0,20.6,130,1345,0.00,2.10,0.00,0.000,4356,0.000,0.035,2961,3574,1646,1753,1539,0,0,0,0,0,0,28.83,25.89,28.83
$GC,1368,0.94,134.2,2960,3574,1753,1539,64.3,20.8,133,1379,0.08,2.03,0.00,0.000,5126,0.223,0.017,2957,2169,1646,1753,1539,0,0,0,0,0,0,25.75,26.00,28.83
$GC,1408,0.94,134.2,2957,2169,1753,1539,56.4,20.0,137,1409,0.00,0.00,0.00,0.000,4102,0.000,0.000,2957,2169,1645,1753,1538,0,0,0,0,0,0,28.83,28.83,28.83
$GC,1438,0.94,134.2,2957,2169,1754,1539,50.9,17.8,140,1439,0.00,0.00,0.00,0.000,4102,0.000,0.000,2957,2169,1646,1753,1539,0,0,0,0,0,0,28.83,28.83,28.83
$GC,1468,0.94,134.2,2957,2169,1753,1539,45.7,17.4,143,1469,0.00,0.00,0.00,0.000,4102,0.000,0.000,2957,2169,1646,1753,1539,0,0,0,0,0,0,28.83,28.83,28.83
$GC,1498,0.94,134.2,2957,2169,1753,1539,40.1,18.5,146,1500,0.00,0.00,0.00,0.000,4102,0.000,0.000,2957,2169,1646,1753,1539,0,0,0,0,0,0,28.83,28.83,28.83
$GC,1528,0.94,134.2,2957,2169,1753,1539,34.5,18.8,149,1537,0.00,2.08,0.00,0.000,4612,0.000,0.032,2966,793,1646,1753,1539,0,0,0,0,0,0,28.83,26.02,28.83
$GC,1562,0.94,134.2,2112,793,1718,1534,28.4,18.7,152,1570,0.03,2.08,0.00,0.000,5126,0.183,0.024,2959,2172,1645,1751,1539,0,0,0,0,0,0,25.96,26.10,28.83
$GC,1600,0.94,134.2,2960,2172,1752,1539,21.2,18.5,156,1601,0.00,0.00,0.00,0.000,4102,0.000,0.000,2959,2171,1645,1752,1539,0,0,0,0,0,0,28.83,28.83,28.83
$GC,1630,0.94,134.2,2960,2172,1752,1538,15.8,17.7,159,1639,0.00,2.12,0.00,0.000,4356,0.000,0.035,2959,3580,1645,1752,1539,0,0,0,0,0,0,28.83,26.07,28.83
$GC,1672,0.94,134.2,2959,3580,1752,1538,7.6,20.0,163,1681,0.00,2.03,0.00,0.000,5126,0.000,0.018,2967,2175,1645,1752,1539,0,0,0,0,0,0,28.83,26.17,28.83
$STATE,1701,end climb,SURFACE_DEPTH_REACHED
$STATE,1701,begin surface coast
$FINISH,0.1,1.021908
$STATE,1711,end surface coast,CONTROL_FINISHED_OK
$STATE,1711,begin surface
$SM_CCo,1728,216.90,0.447,1,0,463,433.32
$SM_CCo,1953,-0.20,0.000,0,0,467,433.32
$SM_CCo,1956,1.10,0.082,0,0,465,433.32
$SM_GC,-2.36,8.05,0.25,1.10,0.093,0.047,0.082,249,2379,465,-7.44,-1.33,433.32,0,0,0,0,0,0,26.06,26.26,25.22
$IRIDIUM_FIX,4732.49,-12220.39,160208,202030
$TT8_MAMPS,0.027713,0.027713
$HUMID,41.10
$INTERNAL_PRESSURE,8.07689
$TCM_TEMP,17.10
$XPDR_PINGS,26
$ALTIM_TOP_PING,19.6,22.0
$ALTIM_BOTTOM_PING,101.1,56.5
$24V_AH,24.5,23.350
$10V_AH,10.3,10.456
$FG_AHR_24Vo,0.000
$FG_AHR_10Vo,0.000
$DEVICES,Pitch_motor,Roll_motor,VBD_pump_during_apogee,VBD_pump_during_surface,VBD_valve,Iridium_during_init,Iridium_during_connect,Iridium_during_xfer,Transponder_ping,GUMSTIX_24V,GPS,TT8,LPSleep,TT8_Active,TT8_Sampling,TT8_CF8,TT8_Kalman,Analog_circuits,GPS_charging,Compass,RAFOS,Transponder,Compass2
$DEVICE_SECS,0.000,0.000,0.000,0.000,0.000,0.000,0.000,0.000,0.000,0.000,0.000,0.000,0.000,0.000,0.000,0.000,0.000,0.000,0.000,0.000,0.000,0.000,0.000
$DEVICE_MAMPS,0.000,0.000,0.000,0.000,0.000,0.000,0.000,0.000,0.000,0.000,0.000,0.000,0.000,0.000,0.000,0.000,0.000,0.000,0.000,0.000,0.000,0.000,0.000
$SENSORS,SBE_CT,AA4330,WL_BB2FLVMG,nil,nil,nil,nil,nil,nil,nil
$SENSOR_SECS,0.000,0.000,0.000,0.000,0.000,0.000,0.000,0.000,0.000,0.000
$SENSOR_MAMPS,0.000,0.000,0.000,0.000,0.000,0.000,0.000,0.000,0.000,0.000
$MEM,355120
$DATA_FILE_SIZE,10388,167
$CAP_FILE_SIZE,55764,0
$CFSIZE,260165632,253267968
$ERRORS,0,0,0,0,0,0,0,0,0,0,0,0,0,1,0,0
$CURRENT,0.015,357.0,1
$GPS,260126,124233,4750.591,-12221.895,9,1.2,37,18.2
