version: 66.11
glider: 175
mission: 10
dive: 298
start: 2 2 126 19 51 3
data:
$ID,175
$MISSION,10
$DIVE,298
$N_DIVES,0
$D_SURF,3
$D_FLARE,3
$D_TGT,30
$D_ABORT,1090
$D_NO_BLEED,500
$D_BOOST,3
$T_BOOST,0
$D_FINISH,0
$D_PITCH,0
$D_SAFE,0
$D_CALL,0
$SURFACE_URGENCY,0
$SURFACE_URGENCY_TRY,0
$SURFACE_URGENCY_FORCE,0
$T_DIVE,10
$T_MISSION,25
$T_ABORT,1440
$T_TURN,300
$T_TURN_SAMPINT,5
$T_NO_W,120
$T_LOITER,0
$T_EPIRB,0
$USE_BATHY,0
$USE_ICE,0
$ICE_FREEZE_MARGIN,0.30000001
$D_OFFGRID,100
$T_WATCHDOG,10
$RELAUNCH,1
$APOGEE_PITCH,-8
$MAX_BUOY,150
$COURSE_BIAS,0
$GLIDE_SLOPE,30
$SPEED_FACTOR,1
$RHO,1.023
$MASS,51902
$MASS_COMP,0
$NAV_MODE,2
$FERRY_MAX,45
$KALMAN_USE,2
$HD_A,0.003
$HD_B,0.0099999998
$HD_C,9.9999997e-06
$HEADING,-1
$ESCAPE_HEADING,0
$ESCAPE_HEADING_DELTA,10
$FIX_MISSING_TIMEOUT,0
$TGT_DEFAULT_LAT,4750.7002
$TGT_DEFAULT_LON,-12222
$TGT_AUTO_DEFAULT,0
$SM_CC,457.23199
$N_FILEKB,4
$FILEMGR,0
$CALL_NDIVES,1
$COMM_SEQ,0
$PROTOCOL,9
$N_NOCOMM,1
$NOCOMM_ACTION,0
$N_NOSURFACE,0
$UPLOAD_DIVES_MAX,-1
$CALL_TRIES,5
$CALL_WAIT,60
$CAPUPLOAD,0
$CAPMAXSIZE,200000
$HEAPDBG,0
$T_GPS,15
$N_GPS,30
$T_GPS_ALMANAC,0
$T_GPS_CHARGE,-36742.906
$T_RSLEEP,2
$STROBE,0
$RAFOS_PEAK_OFFSET,1.5
$RAFOS_CORR_THRESH,60
$RAFOS_HIT_WINDOW,3600
$PITCH_MIN,255
$PITCH_MAX,3935
$C_PITCH,2671
$PITCH_DBAND,0.0099999998
$PITCH_CNV,0.003125763
$P_OVSHOOT,0.039999999
$PITCH_GAIN,30
$PITCH_TIMEOUT,17
$PITCH_AD_RATE,160
$PITCH_MAXERRORS,1
$PITCH_ADJ_GAIN,0.02
$PITCH_ADJ_DBAND,2.5
$ROLL_MIN,171
$ROLL_MAX,3723
$ROLL_DEG,40
$C_ROLL_DIVE,2354
$C_ROLL_CLIMB,2165
$HEAD_ERRBAND,10
$ROLL_CNV,0.028270001
$ROLL_TIMEOUT,15
$R_PORT_OVSHOOT,49
$R_STBD_OVSHOOT,69
$ROLL_AD_RATE,300
$ROLL_MAXERRORS,2
$ROLL_ADJ_GAIN,0
$ROLL_ADJ_DBAND,0
$VBD_MIN,465
$VBD_MAX,3960
$C_VBD,2190
$VBD_DBAND,2
$VBD_CNV,-0.25119999
$VBD_TIMEOUT,720
$PITCH_VBD_SHIFT,0.0012300001
$VBD_PUMP_AD_RATE_SURFACE,5
$VBD_PUMP_AD_RATE_APOGEE,4
$VBD_BLEED_AD_RATE,8
$UNCOM_BLEED,60
$VBD_MAXERRORS,1
$W_ADJ_DBAND,2
$DBDW,0
$PITCH_W_GAIN,0
$PITCH_W_DBAND,1
$CF8_MAXERRORS,5
$AH0_24V,145
$AH0_10V,95
$MINV_24V,19
$MINV_10V,8
$FG_AHR_10V,0
$FG_AHR_24V,0
$PHONE_SUPPLY,2
$PRESSURE_YINT,-18.492611
$PRESSURE_SLOPE,0.0001165895
$AD7714Ch0Gain,128
$TCM_PITCH_OFFSET,0
$TCM_ROLL_OFFSET,0
$COMPASS_USE,4
$ALTIM_BOTTOM_PING_RANGE,0
$ALTIM_TOP_PING_RANGE,20
$ALTIM_BOTTOM_TURN_MARGIN,25
$ALTIM_TOP_TURN_MARGIN,0
$ALTIM_TOP_MIN_OBSTACLE,1
$ALTIM_PING_DEPTH,100
$ALTIM_PING_DELTA,5
$ALTIM_FREQUENCY,13
$ALTIM_PULSE,3
$ALTIM_SENSITIVITY,3
$XPDR_VALID,5
$XPDR_INHIBIT,90
$INT_PRESSURE_SLOPE,0.0097660003
$INT_PRESSURE_YINT,-0.40000001
$DEEPGLIDER,0
$DEEPGLIDERMB,0
$MOTHERBOARD,4
$DEVICE1,2
$DEVICE2,101
$DEVICE3,38
$DEVICE4,-1
$DEVICE5,-1
$DEVICE6,-1
$LOGGERS,7
$LOGGERDEVICE1,-1
$LOGGERDEVICE2,-1
$LOGGERDEVICE3,-1
$LOGGERDEVICE4,-1
$COMPASS_DEVICE,33
$COMPASS2_DEVICE,-1
$PHONE_DEVICE,49
$GPS_DEVICE,32
$RAFOS_DEVICE,-1
$XPDR_DEVICE,24
$SIM_W,0
$SIM_PITCH,0
$SEABIRD_T_G,0.0043137739
$SEABIRD_T_H,0.00062868668
$SEABIRD_T_I,2.2691316e-05
$SEABIRD_T_J,2.2586789e-06
$SEABIRD_C_G,-10.021329
$SEABIRD_C_H,1.1236943
$SEABIRD_C_I,-0.0013673168
$SEABIRD_C_J,0.00018808816
$GPS1,020226,194717,4753.229,-12227.033,10,2.6,40,18.3
$_CALLS,1
$_XMS_NAKs,0
$_XMS_TOUTs,0
$_SM_DEPTHo,-7.38
$_SM_ANGLEo,-59.8
$GPS2,020226,195034,4753.261,-12227.056,9,1.3,14,18.3
$SPEED_LIMITS,0.173,0.260
$TGT_NAME,MID_175
$TGT_LATLONG,4751.700,-12225.900
$TGT_RADIUS,200.000
$KALMAN_CONTROL,0.000,0.000
$KALMAN_X,0.0,0.0,0.0,0.0,0.0
$KALMAN_Y,0.0,0.0,0.0,0.0,0.0
$MHEAD_RNG_PITCHd_Wd,158.5,3228,-17.5,-10.000,-21.04,2225
$D_GRID,30
$GCHEAD,st_secs,pitch_ctl,vbd_ctl,pitch_ad_start,roll_ad_start,vbd_pot1_ad_start,vbd_pot2_ad_start,depth,ob_vertv,data_pts,end_secs,pitch_secs,roll_secs,vbd_secs,vbd_i,gcphase,pitch_i,roll_i,pitch_ad,roll_ad,vbd_ad,vbd_pot1_ad,vbd_pot2_ad,pitch_retries,pitch_errors,roll_retries,roll_errors,vbd_retries,vbd_errors,pitch_volts,roll_volts,vbd_volts
$STATE,13,end surface,CONTROL_FINISHED_OK
$STATE,13,begin dive
$GC,15,-0.76,-146.6,252,2386,537,388,0.0,0.0,0,101,0.00,0.00,-83.47,0.000,16390,0.000,0.000,252,2387,2774,2851,2698,0,0,0,0,0,0,28.83,28.83,26.36
$GC,104,-0.76,-146.6,252,2387,2851,2699,-5.2,-4.3,8,117,8.82,2.03,0.00,0.000,2308,0.227,0.046,2403,3693,2778,2856,2700,0,0,0,0,0,0,25.24,25.87,28.83
$GC,122,0.42,-146.6,2403,3693,2862,2700,-1.9,-10.5,9,131,1.35,2.05,0.00,0.000,3078,0.165,0.028,2797,2334,2783,2869,2697,0,0,0,0,0,0,25.44,26.03,28.83
$GC,160,0.42,-146.6,2797,2334,2877,2696,3.9,-12.1,13,161,0.00,0.00,0.00,0.000,2054,0.000,0.000,2797,2334,2786,2877,2696,0,0,0,0,0,0,28.83,28.83,28.83
$GC,191,-0.30,-146.6,2797,2334,2878,2695,3.7,2.7,16,193,0.68,0.00,0.00,0.000,4102,0.095,0.000,2574,2334,2786,2878,2695,0,0,0,0,0,0,25.77,28.83,28.83
$GC,221,-0.71,-146.6,2574,2334,2878,2693,5.1,-4.4,19,231,0.35,2.03,0.00,0.000,4612,0.050,0.028,2424,958,2785,2878,2692,0,0,0,0,0,0,26.10,26.03,28.83
$GC,286,-0.57,-146.6,1600,958,2839,2684,11.5,-12.0,25,295,0.22,2.10,0.00,0.000,3078,0.158,0.033,2482,2339,2784,2877,2691,0,0,0,0,0,0,25.69,26.07,28.83
$GC,324,-0.50,-146.6,2481,2339,2877,2692,17.7,-15.5,29,326,0.10,0.00,0.00,0.000,2054,0.164,0.000,2507,2338,2784,2876,2692,0,0,0,0,0,0,26.08,28.83,28.83
$GC,354,-0.50,-146.6,2506,2339,2878,2692,23.0,-17.4,32,363,0.00,2.10,0.00,0.000,2308,0.000,0.041,2507,3717,2784,2877,2692,0,0,0,0,0,0,28.83,26.06,28.83
$GC,367,-0.50,-146.6,2507,3717,2878,2692,23.8,-16.3,33,376,0.00,2.03,0.00,0.000,3078,0.000,0.025,2507,2339,2785,2878,2692,0,0,0,0,0,0,28.83,25.94,28.83
$GC,406,-0.50,-146.6,2506,2339,2878,2691,27.2,-7.9,37,416,0.00,2.15,0.00,0.000,2308,0.000,0.047,2507,3717,2784,2878,2691,0,0,0,0,0,0,28.83,26.05,28.83
$GC,420,-0.50,-146.6,2507,3717,2878,2692,28.1,-8.8,38,428,0.00,2.00,0.00,0.000,3078,0.000,0.021,2507,2358,2784,2878,2691,0,0,0,0,0,0,28.83,26.21,28.83
$STATE,437,end dive,TARGET_DEPTH_EXCEEDED
$STATE,437,begin apogee
$GC,442,-0.27,0.0,2507,2114,2878,2691,30.4,-9.5,40,569,0.20,0.05,120.05,0.483,10246,0.107,0.144,2577,2173,2189,2284,2095,0,0,0,0,0,0,25.91,25.13,24.51
$STATE,572,end apogee,CONTROL_FINISHED_OK
$STATE,572,begin climb
$GC,574,0.76,146.6,2577,2173,2284,2093,34.2,0.0,53,693,1.00,2.15,111.88,0.472,10756,0.097,0.024,2914,757,1604,1729,1479,0,0,0,0,0,0,25.28,25.30,24.47
$GC,728,0.67,146.6,2914,757,1719,1481,22.8,12.2,68,738,0.12,2.10,0.00,0.000,5126,0.155,0.023,2885,2161,1599,1717,1481,0,0,0,0,0,0,25.34,25.57,28.83
$GC,768,0.72,192.7,2884,2161,1718,1479,19.6,7.9,72,808,0.05,0.00,34.90,0.452,10246,0.164,0.000,2908,2161,1421,1554,1288,0,0,0,0,0,0,25.83,28.83,24.58
$GC,839,0.66,192.7,2908,2161,1553,1286,10.5,12.6,79,840,0.10,0.00,0.00,0.000,4102,0.168,0.000,2885,2162,1419,1553,1286,0,0,0,0,0,0,25.58,28.83,28.83
$GC,868,0.66,192.7,2885,2162,1553,1284,7.0,11.8,82,878,0.00,2.15,0.00,0.000,260,0.000,0.038,2885,3574,1418,1553,1283,0,0,0,0,0,0,28.83,25.70,28.83
$GC,893,0.66,192.7,2048,3573,1527,1281,4.3,11.0,84,901,0.00,2.10,0.00,0.000,5126,0.000,0.021,2893,2182,1418,1553,1283,0,0,0,0,0,0,28.83,25.82,28.83
$STATE,909,end climb,SURFACE_DEPTH_REACHED
$STATE,909,begin surface coast
$FINISH,-0.6,1.022523
$STATE,930,end surface coast,CONTROL_FINISHED_OK
$STATE,930,begin surface
$SM_CCo,946,179.93,0.433,1,0,464,433.32
$SM_CCo,1135,-0.15,0.000,0,0,466,433.32
$SM_CCo,1138,0.73,0.086,0,0,466,433.32
$SM_GC,-7.30,7.57,0.25,0.73,0.071,0.046,0.086,247,2390,466,-7.51,-1.24,433.32,0,0,0,0,0,0,25.83,25.98,25.25
$IRIDIUM_FIX,4732.49,-12229.26,240208,050509
$TT8_MAMPS,0.027713,0.027713
$HUMID,41.29
$INTERNAL_PRESSURE,8.08665
$TCM_TEMP,17.10
$XPDR_PINGS,17
$ALTIM_TOP_PING,11.6,19.3
$24V_AH,24.5,23.350
$10V_AH,10.2,10.456
$FG_AHR_24Vo,0.000
$FG_AHR_10Vo,0.000
$DEVICES,Pitch_motor,Roll_motor,VBD_pump_during_apogee,VBD_pump_during_surface,VBD_valve,Iridium_during_init,Iridium_during_connect,Iridium_during_xfer,Transponder_ping,GUMSTIX_24V,GPS,TT8,LPSleep,TT8_Active,TT8_Sampling,TT8_CF8,TT8_Kalman,Analog_circuits,GPS_charging,Compass,RAFOS,Transponder,Compass2
$DEVICE_SECS,0.000,0.000,0.000,0.000,0.000,0.000,0.000,0.000,0.000,0.000,0.000,0.000,0.000,0.000,0.000,0.000,0.000,0.000,0.000,0.000,0.000,0.000,0.000
$DEVICE_MAMPS,0.000,0.000,0.000,0.000,0.000,0.000,0.000,0.000,0.000,0.000,0.000,0.000,0.000,0.000,0.000,0.000,0.000,0.000,0.000,0.000,0.000,0.000,0.000
$SENSORS,SBE_CT,AA4330,WL_BB2FLVMG,nil,nil,nil,nil,nil,nil,nil
$SENSOR_SECS,0.000,0.000,0.000,0.000,0.000,0.000,0.000,0.000,0.000,0.000
$SENSOR_MAMPS,0.000,0.000,0.000,0.000,0.000,0.000,0.000,0.000,0.000,0.000
$MEM,355140
$DATA_FILE_SIZE,7000,88
$CAP_FILE_SIZE,35399,0
$CFSIZE,260165632,245391360
$ERRORS,0,0,0,0,0,0,0,0,0,0,0,0,0,1,0,0
$CURRENT,0.141,358.1,1
$GPS,020226,201047,4753.253,-12227.052,8,1.8,8,18.3
