version: 66.11
glider: 175
mission: 10
dive: 21
start: 1 24 126 6 49 34
data:
$ID,175
$MISSION,10
$DIVE,21
$N_DIVES,0
$D_SURF,3
$D_FLARE,3
$D_TGT,120
$D_ABORT,1090
$D_NO_BLEED,500
$D_BOOST,3
$T_BOOST,0
$D_FINISH,0
$D_PITCH,0
$D_SAFE,0
$D_CALL,0
$SURFACE_URGENCY,0
$SURFACE_URGENCY_TRY,0
$SURFACE_URGENCY_FORCE,0
$T_DIVE,40
$T_MISSION,55
$T_ABORT,1440
$T_TURN,300
$T_TURN_SAMPINT,5
$T_NO_W,120
$T_LOITER,0
$T_EPIRB,0
$USE_BATHY,0
$USE_ICE,0
$ICE_FREEZE_MARGIN,0.30000001
$D_OFFGRID,100
$T_WATCHDOG,10
$RELAUNCH,1
$APOGEE_PITCH,-8
$MAX_BUOY,150
$COURSE_BIAS,0
$GLIDE_SLOPE,30
$SPEED_FACTOR,1
$RHO,1.023
$MASS,51902
$MASS_COMP,0
$NAV_MODE,2
$FERRY_MAX,45
$KALMAN_USE,2
$HD_A,0.003
$HD_B,0.0099999998
$HD_C,9.9999997e-06
$HEADING,-1
$ESCAPE_HEADING,0
$ESCAPE_HEADING_DELTA,10
$FIX_MISSING_TIMEOUT,0
$TGT_DEFAULT_LAT,4750.7002
$TGT_DEFAULT_LON,-12222
$TGT_AUTO_DEFAULT,0
$SM_CC,457.23199
$N_FILEKB,4
$FILEMGR,0
$CALL_NDIVES,1
$COMM_SEQ,0
$PROTOCOL,9
$N_NOCOMM,1
$NOCOMM_ACTION,0
$N_NOSURFACE,0
$UPLOAD_DIVES_MAX,-1
$CALL_TRIES,5
$CALL_WAIT,60
$CAPUPLOAD,1
$CAPMAXSIZE,200000
$HEAPDBG,0
$T_GPS,15
$N_GPS,30
$T_GPS_ALMANAC,0
$T_GPS_CHARGE,-35983.547
$T_RSLEEP,2
$STROBE,0
$RAFOS_PEAK_OFFSET,1.5
$RAFOS_CORR_THRESH,60
$RAFOS_HIT_WINDOW,3600
$PITCH_MIN,255
$PITCH_MAX,3935
$C_PITCH,2650
$PITCH_DBAND,0.0099999998
$PITCH_CNV,0.003125763
$P_OVSHOOT,0.039999999
$PITCH_GAIN,30
$PITCH_TIMEOUT,17
$PITCH_AD_RATE,160
$PITCH_MAXERRORS,1
$PITCH_ADJ_GAIN,0.02
$PITCH_ADJ_DBAND,2.5
$ROLL_MIN,171
$ROLL_MAX,3723
$ROLL_DEG,40
$C_ROLL_DIVE,2200
$C_ROLL_CLIMB,2175
$HEAD_ERRBAND,10
$ROLL_CNV,0.028270001
$ROLL_TIMEOUT,15
$R_PORT_OVSHOOT,62
$R_STBD_OVSHOOT,48
$ROLL_AD_RATE,300
$ROLL_MAXERRORS,2
$ROLL_ADJ_GAIN,0
$ROLL_ADJ_DBAND,0
$VBD_MIN,465
$VBD_MAX,3960
$C_VBD,2150
$VBD_DBAND,2
$VBD_CNV,-0.25119999
$VBD_TIMEOUT,720
$PITCH_VBD_SHIFT,0.0012300001
$VBD_PUMP_AD_RATE_SURFACE,5
$VBD_PUMP_AD_RATE_APOGEE,4
$VBD_BLEED_AD_RATE,8
$UNCOM_BLEED,60
$VBD_MAXERRORS,1
$W_ADJ_DBAND,2
$DBDW,0
$PITCH_W_GAIN,0
$PITCH_W_DBAND,1
$CF8_MAXERRORS,5
$AH0_24V,145
$AH0_10V,95
$MINV_24V,19
$MINV_10V,8
$FG_AHR_10V,0
$FG_AHR_24V,0
$PHONE_SUPPLY,2
$PRESSURE_YINT,-18.492611
$PRESSURE_SLOPE,0.0001165895
$AD7714Ch0Gain,128
$TCM_PITCH_OFFSET,0
$TCM_ROLL_OFFSET,0
$COMPASS_USE,4
$ALTIM_BOTTOM_PING_RANGE,0
$ALTIM_TOP_PING_RANGE,20
$ALTIM_BOTTOM_TURN_MARGIN,25
$ALTIM_TOP_TURN_MARGIN,0
$ALTIM_TOP_MIN_OBSTACLE,1
$ALTIM_PING_DEPTH,60
$ALTIM_PING_DELTA,5
$ALTIM_FREQUENCY,13
$ALTIM_PULSE,3
$ALTIM_SENSITIVITY,3
$XPDR_VALID,5
$XPDR_INHIBIT,90
$INT_PRESSURE_SLOPE,0.0097660003
$INT_PRESSURE_YINT,-0.40000001
$DEEPGLIDER,0
$DEEPGLIDERMB,0
$MOTHERBOARD,4
$DEVICE1,2
$DEVICE2,101
$DEVICE3,38
$DEVICE4,-1
$DEVICE5,-1
$DEVICE6,-1
$LOGGERS,7
$LOGGERDEVICE1,-1
$LOGGERDEVICE2,-1
$LOGGERDEVICE3,-1
$LOGGERDEVICE4,-1
$COMPASS_DEVICE,33
$COMPASS2_DEVICE,-1
$PHONE_DEVICE,49
$GPS_DEVICE,32
$RAFOS_DEVICE,-1
$XPDR_DEVICE,24
$SIM_W,0
$SIM_PITCH,0
$SEABIRD_T_G,0.0043137739
$SEABIRD_T_H,0.00062868668
$SEABIRD_T_I,2.2691316e-05
$SEABIRD_T_J,2.2586789e-06
$SEABIRD_C_G,-10.021329
$SEABIRD_C_H,1.1236943
$SEABIRD_C_I,-0.0013673168
$SEABIRD_C_J,0.00018808816
$GPS1,240126,064359,4751.324,-12225.424,10,1.6,10,18.3
$_CALLS,1
$_XMS_NAKs,0
$_XMS_TOUTs,0
$_SM_DEPTHo,0.02
$_SM_ANGLEo,-62.3
$GPS2,240126,064905,4751.306,-12225.576,9,1.6,9,18.3
$SPEED_LIMITS,0.173,0.260
$TGT_NAME,EAST_175
$TGT_LATLONG,4750.700,-12222.000
$TGT_RADIUS,200.000
$KALMAN_CONTROL,0.000,0.000
$KALMAN_X,0.0,0.0,0.0,0.0,0.0
$KALMAN_Y,0.0,0.0,0.0,0.0,0.0
$MHEAD_RNG_PITCHd_Wd,95.1,4584,-17.5,-10.000,-21.04,2225
$D_GRID,120
$GCHEAD,st_secs,pitch_ctl,vbd_ctl,pitch_ad_start,roll_ad_start,vbd_pot1_ad_start,vbd_pot2_ad_start,depth,ob_vertv,data_pts,end_secs,pitch_secs,roll_secs,vbd_secs,vbd_i,gcphase,pitch_i,roll_i,pitch_ad,roll_ad,vbd_ad,vbd_pot1_ad,vbd_pot2_ad,pitch_retries,pitch_errors,roll_retries,roll_errors,vbd_retries,vbd_errors,pitch_volts,roll_volts,vbd_volts
$STATE,12,end surface,CONTROL_FINISHED_OK
$STATE,12,begin dive
$GC,15,-0.76,-146.6,253,2178,524,401,0.0,0.0,0,98,0.00,0.00,-81.05,0.000,16390,0.000,0.000,254,2179,2734,2822,2647,0,0,0,0,0,0,28.83,28.83,26.17
$GC,101,-0.76,-146.6,253,2178,2822,2648,1.9,-3.6,8,119,8.43,2.30,0.00,0.000,2564,0.216,0.084,2397,829,2740,2832,2649,0,0,0,0,0,0,25.32,25.63,28.83
$GC,274,-0.54,-146.6,2397,829,2836,2648,34.5,-18.3,25,285,0.28,2.12,0.00,0.000,3078,0.164,0.046,2469,2182,2742,2838,2647,0,0,0,0,0,0,25.49,25.85,28.83
$GC,314,-0.40,-146.6,2469,2183,2840,2646,40.4,-14.6,29,325,0.15,2.25,0.00,0.000,2308,0.156,0.051,2507,3613,2743,2841,2646,0,0,0,0,0,0,25.77,25.84,28.83
$GC,489,-0.40,-146.6,2507,3613,2842,2647,58.9,-10.5,46,498,0.00,2.08,0.00,0.000,3078,0.000,0.024,2507,2188,2744,2843,2646,0,0,0,0,0,0,28.83,26.12,28.83
$GC,529,-0.40,-146.6,2507,2187,2842,2645,63.1,-10.6,50,531,0.00,0.00,0.00,0.000,2054,0.000,0.000,2507,2187,2744,2843,2645,0,0,0,0,0,0,28.83,28.83,28.83
$GC,559,-0.40,-146.6,2507,2187,2842,2645,66.0,-9.7,53,560,0.00,0.00,0.00,0.000,2054,0.000,0.000,2507,2187,2743,2842,2645,0,0,0,0,0,0,28.83,28.83,28.83
$GC,589,-0.40,-146.6,2507,2187,2843,2645,68.7,-9.0,56,590,0.00,0.00,0.00,0.000,2054,0.000,0.000,2507,2187,2743,2842,2645,0,0,0,0,0,0,28.83,28.83,28.83
$GC,619,-0.40,-146.6,2507,2187,2842,2645,71.6,-9.4,59,620,0.00,0.00,0.00,0.000,2054,0.000,0.000,2507,2187,2743,2842,2645,0,0,0,0,0,0,28.83,28.83,28.83
$GC,649,-0.40,-146.6,2507,2187,2842,2645,74.5,-9.6,62,651,0.00,0.00,0.00,0.000,2054,0.000,0.000,2507,2187,2743,2842,2645,0,0,0,0,0,0,28.83,28.83,28.83
$GC,679,-0.40,-146.6,2507,2187,2843,2645,77.0,-8.7,65,680,0.00,0.00,0.00,0.000,2054,0.000,0.000,2507,2187,2743,2842,2645,0,0,0,0,0,0,28.83,28.83,28.83
$GC,709,-0.40,-146.6,2507,2187,2843,2645,79.3,-8.0,68,710,0.00,0.00,0.00,0.000,2054,0.000,0.000,2507,2187,2743,2842,2644,0,0,0,0,0,0,28.83,28.83,28.83
$GC,739,-0.40,-146.6,2507,2187,2842,2645,82.0,-8.6,71,740,0.00,0.00,0.00,0.000,2054,0.000,0.000,2507,2187,2744,2843,2645,0,0,0,0,0,0,28.83,28.83,28.83
$GC,770,-0.40,-146.6,2507,2187,2842,2644,85.3,-10.5,74,771,0.00,0.00,0.00,0.000,2054,0.000,0.000,2507,2187,2743,2842,2644,0,0,0,0,0,0,28.83,28.83,28.83
$GC,799,-0.40,-146.6,2507,2187,2842,2644,88.3,-10.4,77,800,0.00,0.00,0.00,0.000,2054,0.000,0.000,2507,2187,2743,2842,2644,0,0,0,0,0,0,28.83,28.83,28.83
$GC,829,-0.40,-146.6,2507,2187,2842,2644,90.8,-8.9,80,838,0.00,2.08,0.00,0.000,2564,0.000,0.032,2507,802,2742,2841,2644,0,0,0,0,0,0,28.83,26.11,28.83
$GC,853,-0.40,-146.6,2507,801,2840,2644,92.3,-7.3,82,860,0.00,2.17,0.00,0.000,3078,0.000,0.033,2507,2216,2742,2841,2644,0,0,0,0,0,0,28.83,26.11,28.83
$GC,892,-0.40,-146.6,2508,2216,2842,2644,95.0,-6.8,86,893,0.00,0.00,0.00,0.000,2054,0.000,0.000,2507,2216,2743,2842,2644,0,0,0,0,0,0,28.83,28.83,28.83
$GC,921,-0.40,-146.6,2507,2216,2842,2644,97.0,-6.3,89,922,0.00,0.00,0.00,0.000,2054,0.000,0.000,2507,2216,2743,2842,2644,0,0,0,0,0,0,28.83,28.83,28.83
$GC,951,-0.40,-146.6,2506,2216,2842,2644,99.0,-6.8,92,960,0.00,2.15,0.00,0.000,2308,0.000,0.047,2507,3606,2743,2842,2644,0,0,0,0,0,0,28.83,26.03,28.83
$GC,986,-0.40,-146.6,1680,3605,2801,2637,101.5,-7.2,95,993,0.00,2.10,0.00,0.000,3078,0.000,0.024,2507,2186,2743,2842,2644,0,0,0,0,0,0,28.83,26.25,28.83
$GC,1024,-0.40,-146.6,2507,2186,2842,2644,104.4,-7.5,99,1025,0.00,0.00,0.00,0.000,2054,0.000,0.000,2507,2186,2743,2842,2644,0,0,0,0,0,0,28.83,28.83,28.83
$GC,1054,-0.40,-146.6,2507,2186,2842,2644,107.0,-8.2,102,1055,0.00,0.00,0.00,0.000,2054,0.000,0.000,2507,2186,2743,2842,2644,0,0,0,0,0,0,28.83,28.83,28.83
$GC,1084,-0.40,-146.6,2507,2185,2842,2644,109.2,-7.6,105,1094,0.00,2.22,0.00,0.000,2308,0.000,0.050,2507,3603,2743,2842,2644,0,0,0,0,0,0,28.83,26.03,28.83
$GC,1137,-0.40,-146.6,2507,3603,2842,2644,113.4,-8.0,110,1146,0.00,2.03,0.00,0.000,3078,0.000,0.024,2507,2201,2743,2842,2644,0,0,0,0,0,0,28.83,26.25,28.83
$GC,1178,-0.40,-146.6,2507,2201,2842,2644,116.5,-7.8,114,1179,0.00,0.00,0.00,0.000,2054,0.000,0.000,2507,2201,2743,2842,2644,0,0,0,0,0,0,28.83,28.83,28.83
$GC,1207,-0.40,-146.6,2507,2201,2842,2643,118.5,-7.0,117,1208,0.00,0.00,0.00,0.000,2054,0.000,0.000,2507,2201,2742,2842,2643,0,0,0,0,0,0,28.83,28.83,28.83
$STATE,1225,end dive,TARGET_DEPTH_EXCEEDED
$STATE,1226,begin apogee
$GC,1230,-0.27,0.0,2507,2201,2842,2643,120.1,-7.7,119,1357,0.15,0.00,120.03,0.551,10246,0.121,0.000,2558,2201,2149,2238,2060,0,0,0,0,0,0,25.96,28.83,24.60
$STATE,1359,end apogee,CONTROL_FINISHED_OK
$STATE,1359,begin climb
$GC,1361,0.76,146.6,2558,2201,2238,2060,125.5,0.0,132,1481,1.05,2.22,112.43,0.532,10756,0.111,0.031,2898,785,1564,1668,1461,0,0,0,0,0,0,25.18,25.09,24.50
$GC,1495,0.68,146.6,2898,785,1664,1460,112.2,13.9,145,1506,0.12,2.15,0.00,0.000,5126,0.161,0.024,2870,2189,1561,1663,1460,0,0,0,0,0,0,25.10,25.29,28.83
$GC,1535,0.68,146.6,2869,2189,1663,1456,106.6,14.3,149,1545,0.00,2.15,0.00,0.000,4356,0.000,0.037,2870,3577,1559,1662,1456,0,0,0,0,0,0,28.83,25.44,28.83
$GC,1578,0.61,146.6,2869,3577,1663,1455,100.4,14.6,153,1588,0.10,2.05,0.00,0.000,5126,0.177,0.017,2848,2180,1559,1663,1455,0,0,0,0,0,0,25.41,25.64,28.83
$GC,1617,0.61,146.6,2847,2179,1663,1454,95.9,11.3,157,1618,0.00,0.00,0.00,0.000,6,0.000,0.000,2847,2180,1558,1663,1454,0,0,0,0,0,0,28.83,28.83,28.83
$GC,1647,0.61,146.6,2847,2180,1662,1453,92.7,10.2,160,1656,0.00,2.12,0.00,0.000,516,0.000,0.032,2856,782,1557,1662,1453,0,0,0,0,0,0,28.83,25.70,28.83
$GC,1671,0.61,146.6,2856,782,1662,1453,90.3,11.1,162,1679,0.00,2.15,0.00,0.000,5126,0.000,0.024,2856,2183,1557,1661,1453,0,0,0,0,0,0,28.83,25.78,28.83
$GC,1710,0.61,146.6,2856,2183,1661,1453,85.7,11.6,166,1711,0.00,0.00,0.00,0.000,4102,0.000,0.000,2856,2183,1556,1661,1452,0,0,0,0,0,0,28.83,28.83,28.83
$GC,1739,0.61,146.6,2856,2183,1661,1452,82.2,11.5,169,1740,0.00,0.00,0.00,0.000,4102,0.000,0.000,2856,2183,1556,1661,1452,0,0,0,0,0,0,28.83,28.83,28.83
$GC,1769,0.61,146.6,2856,2183,1661,1452,78.8,11.3,172,1770,0.00,0.00,0.00,0.000,4102,0.000,0.000,2856,2183,1556,1661,1452,0,0,0,0,0,0,28.83,28.83,28.83
$GC,1799,0.61,146.6,2856,2183,1661,1452,75.3,11.5,175,1800,0.00,0.00,0.00,0.000,4102,0.000,0.000,2856,2183,1556,1661,1452,0,0,0,0,0,0,28.83,28.83,28.83
$GC,1830,0.61,146.6,2856,2183,1661,1452,71.9,11.3,178,1831,0.00,0.00,0.00,0.000,4102,0.000,0.000,2856,2183,1556,1661,1452,0,0,0,0,0,0,28.83,28.83,28.83
$GC,1859,0.61,146.6,2856,2183,1661,1452,68.2,12.3,181,1860,0.00,0.00,0.00,0.000,4102,0.000,0.000,2856,2183,1556,1661,1452,0,0,0,0,0,0,28.83,28.83,28.83
$GC,1889,0.61,146.6,2856,2183,1661,1452,64.7,11.8,184,1890,0.00,0.00,0.00,0.000,4102,0.000,0.000,2856,2183,1556,1661,1452,0,0,0,0,0,0,28.83,28.83,28.83
$GC,1919,0.61,146.6,2856,2183,1661,1452,61.3,11.5,187,1920,0.00,0.00,0.00,0.000,4102,0.000,0.000,2856,2183,1556,1661,1452,0,0,0,0,0,0,28.83,28.83,28.83
$GC,1950,0.61,146.6,2856,2183,1661,1452,58.0,11.3,190,1951,0.00,0.00,0.00,0.000,4102,0.000,0.000,2856,2183,1556,1661,1452,0,0,0,0,0,0,28.83,28.83,28.83
$GC,1979,0.61,146.6,2855,2183,1661,1452,54.3,11.7,193,1989,0.00,2.15,0.00,0.000,4356,0.000,0.039,2856,3587,1556,1661,1452,0,0,0,0,0,0,28.83,25.95,28.83
$GC,2024,0.61,146.6,2000,3586,1630,1448,48.3,14.2,197,2032,0.00,2.10,0.00,0.000,5126,0.000,0.020,2857,2170,1556,1661,1452,0,0,0,0,0,0,28.83,26.09,28.83
$GC,2062,0.55,146.6,2857,2168,1661,1451,42.9,13.5,201,2064,0.12,0.00,0.00,0.000,4102,0.166,0.000,2826,2169,1556,1661,1452,0,0,0,0,0,0,25.91,28.83,28.83
$GC,2092,0.55,146.6,2826,2169,1661,1451,39.4,12.6,204,2101,0.00,2.15,0.00,0.000,260,0.000,0.034,2826,3592,1556,1661,1451,0,0,0,0,0,0,28.83,26.01,28.83
$GC,2156,0.55,146.6,2826,3592,1661,1451,33.3,9.1,210,2164,0.00,2.10,0.00,0.000,1030,0.000,0.020,2827,2180,1556,1661,1452,0,0,0,0,0,0,28.83,26.14,28.83
$GC,2195,0.55,146.6,2827,2177,1661,1451,29.6,9.4,214,2196,0.00,0.00,0.00,0.000,6,0.000,0.000,2827,2177,1556,1661,1451,0,0,0,0,0,0,28.83,28.83,28.83
$GC,2224,0.60,146.6,2827,2177,1661,1451,26.8,9.0,217,2234,0.00,2.15,0.00,0.000,2308,0.000,0.038,2827,3580,1556,1661,1451,0,0,0,0,0,0,28.83,26.03,28.83
$GC,2257,0.66,146.6,2827,3580,1661,1451,23.1,10.7,220,2267,0.10,2.03,0.00,0.000,3078,0.104,0.017,2870,2157,1556,1661,1451,0,0,0,0,0,0,26.06,26.17,28.83
$GC,2297,0.66,146.6,2869,2155,1661,1451,18.7,11.3,224,2305,0.00,2.05,0.00,0.000,4612,0.000,0.034,2870,800,1556,1661,1451,0,0,0,0,0,0,28.83,26.06,28.83
$GC,2369,0.66,146.6,2870,800,1661,1451,11.7,9.3,231,2378,0.00,2.03,0.00,0.000,5126,0.000,0.022,2870,2185,1556,1661,1451,0,0,0,0,0,0,28.83,26.15,28.83
$GC,2409,0.66,146.6,2870,2185,1661,1451,7.8,9.7,235,2410,0.00,0.00,0.00,0.000,4102,0.000,0.000,2870,2185,1555,1660,1451,0,0,0,0,0,0,28.83,28.83,28.83
$GC,2439,0.66,146.6,2870,2185,1661,1451,5.1,9.0,238,2440,0.00,0.00,0.00,0.000,4102,0.000,0.000,2870,2185,1556,1661,1451,0,0,0,0,0,0,28.83,28.83,28.83
$STATE,2467,end climb,SURFACE_DEPTH_REACHED
$STATE,2467,begin surface coast
$FINISH,0.5,1.019477
$STATE,2498,end surface coast,CONTROL_FINISHED_OK
$STATE,2498,begin surface
$SM_CCo,2513,205.20,0.447,1,0,465,423.27
$SM_CCo,2726,-0.15,0.000,0,0,467,423.27
$SM_CCo,2729,1.12,0.085,0,0,465,423.27
$SM_GC,-0.09,7.15,0.00,1.12,0.051,0.000,0.085,252,2185,465,-7.44,-0.42,423.27,0,0,0,0,0,0,26.06,28.83,25.16
$IRIDIUM_FIX,4732.49,-12211.54,140208,151521
$TT8_MAMPS,0.027713,0.027713
$HUMID,41.84
$INTERNAL_PRESSURE,8.07689
$TCM_TEMP,17.00
$XPDR_PINGS,29
$ALTIM_TOP_PING,19.7,20.5
$24V_AH,24.5,23.350
$10V_AH,10.3,10.456
$FG_AHR_24Vo,0.000
$FG_AHR_10Vo,0.000
$DEVICES,Pitch_motor,Roll_motor,VBD_pump_during_apogee,VBD_pump_during_surface,VBD_valve,Iridium_during_init,Iridium_during_connect,Iridium_during_xfer,Transponder_ping,GUMSTIX_24V,GPS,TT8,LPSleep,TT8_Active,TT8_Sampling,TT8_CF8,TT8_Kalman,Analog_circuits,GPS_charging,Compass,RAFOS,Transponder,Compass2
$DEVICE_SECS,0.000,0.000,0.000,0.000,0.000,0.000,0.000,0.000,0.000,0.000,0.000,0.000,0.000,0.000,0.000,0.000,0.000,0.000,0.000,0.000,0.000,0.000,0.000
$DEVICE_MAMPS,0.000,0.000,0.000,0.000,0.000,0.000,0.000,0.000,0.000,0.000,0.000,0.000,0.000,0.000,0.000,0.000,0.000,0.000,0.000,0.000,0.000,0.000,0.000
$SENSORS,SBE_CT,AA4330,WL_BB2FLVMG,nil,nil,nil,nil,nil,nil,nil
$SENSOR_SECS,0.000,0.000,0.000,0.000,0.000,0.000,0.000,0.000,0.000,0.000
$SENSOR_MAMPS,0.000,0.000,0.000,0.000,0.000,0.000,0.000,0.000,0.000,0.000
$MEM,355048
$DATA_FILE_SIZE,17080,244
$CAP_FILE_SIZE,77389,0
$CFSIZE,260165632,255696896
$ERRORS,0,0,0,0,0,0,0,0,0,0,0,0,0,1,0,0
$CURRENT,0.254,290.1,1
$GPS,240126,073553,4751.296,-12225.666,11,1.3,11,18.3
