version: 66.11
glider: 175
mission: 10
dive: 321
start: 2 3 126 8 40 47
data:
$ID,175
$MISSION,10
$DIVE,321
$N_DIVES,0
$D_SURF,3
$D_FLARE,3
$D_TGT,200
$D_ABORT,1090
$D_NO_BLEED,500
$D_BOOST,3
$T_BOOST,0
$D_FINISH,0
$D_PITCH,0
$D_SAFE,0
$D_CALL,0
$SURFACE_URGENCY,0
$SURFACE_URGENCY_TRY,0
$SURFACE_URGENCY_FORCE,0
$T_DIVE,65
$T_MISSION,80
$T_ABORT,1440
$T_TURN,300
$T_TURN_SAMPINT,5
$T_NO_W,120
$T_LOITER,0
$T_EPIRB,0
$USE_BATHY,0
$USE_ICE,0
$ICE_FREEZE_MARGIN,0.30000001
$D_OFFGRID,100
$T_WATCHDOG,10
$RELAUNCH,1
$APOGEE_PITCH,-8
$MAX_BUOY,150
$COURSE_BIAS,0
$GLIDE_SLOPE,30
$SPEED_FACTOR,1
$RHO,1.023
$MASS,51902
$MASS_COMP,0
$NAV_MODE,2
$FERRY_MAX,45
$KALMAN_USE,2
$HD_A,0.003
$HD_B,0.0099999998
$HD_C,9.9999997e-06
$HEADING,-1
$ESCAPE_HEADING,0
$ESCAPE_HEADING_DELTA,10
$FIX_MISSING_TIMEOUT,0
$TGT_DEFAULT_LAT,4750.7002
$TGT_DEFAULT_LON,-12222
$TGT_AUTO_DEFAULT,0
$SM_CC,457.23199
$N_FILEKB,4
$FILEMGR,0
$CALL_NDIVES,1
$COMM_SEQ,0
$PROTOCOL,9
$N_NOCOMM,1
$NOCOMM_ACTION,0
$N_NOSURFACE,0
$UPLOAD_DIVES_MAX,-1
$CALL_TRIES,5
$CALL_WAIT,60
$CAPUPLOAD,0
$CAPMAXSIZE,200000
$HEAPDBG,0
$T_GPS,15
$N_GPS,30
$T_GPS_ALMANAC,0
$T_GPS_CHARGE,-36771.719
$T_RSLEEP,2
$STROBE,0
$RAFOS_PEAK_OFFSET,1.5
$RAFOS_CORR_THRESH,60
$RAFOS_HIT_WINDOW,3600
$PITCH_MIN,255
$PITCH_MAX,3935
$C_PITCH,2671
$PITCH_DBAND,0.0099999998
$PITCH_CNV,0.003125763
$P_OVSHOOT,0.039999999
$PITCH_GAIN,30
$PITCH_TIMEOUT,17
$PITCH_AD_RATE,160
$PITCH_MAXERRORS,1
$PITCH_ADJ_GAIN,0.02
$PITCH_ADJ_DBAND,2.5
$ROLL_MIN,171
$ROLL_MAX,3723
$ROLL_DEG,40
$C_ROLL_DIVE,2354
$C_ROLL_CLIMB,2165
$HEAD_ERRBAND,10
$ROLL_CNV,0.028270001
$ROLL_TIMEOUT,15
$R_PORT_OVSHOOT,53
$R_STBD_OVSHOOT,71
$ROLL_AD_RATE,300
$ROLL_MAXERRORS,2
$ROLL_ADJ_GAIN,0
$ROLL_ADJ_DBAND,0
$VBD_MIN,465
$VBD_MAX,3960
$C_VBD,2190
$VBD_DBAND,2
$VBD_CNV,-0.25119999
$VBD_TIMEOUT,720
$PITCH_VBD_SHIFT,0.0012300001
$VBD_PUMP_AD_RATE_SURFACE,5
$VBD_PUMP_AD_RATE_APOGEE,4
$VBD_BLEED_AD_RATE,8
$UNCOM_BLEED,60
$VBD_MAXERRORS,1
$W_ADJ_DBAND,2
$DBDW,0
$PITCH_W_GAIN,0
$PITCH_W_DBAND,1
$CF8_MAXERRORS,5
$AH0_24V,145
$AH0_10V,95
$MINV_24V,19
$MINV_10V,8
$FG_AHR_10V,0
$FG_AHR_24V,0
$PHONE_SUPPLY,2
$PRESSURE_YINT,-18.492611
$PRESSURE_SLOPE,0.0001165895
$AD7714Ch0Gain,128
$TCM_PITCH_OFFSET,0
$TCM_ROLL_OFFSET,0
$COMPASS_USE,4
$ALTIM_BOTTOM_PING_RANGE,0
$ALTIM_TOP_PING_RANGE,20
$ALTIM_BOTTOM_TURN_MARGIN,25
$ALTIM_TOP_TURN_MARGIN,0
$ALTIM_TOP_MIN_OBSTACLE,1
$ALTIM_PING_DEPTH,100
$ALTIM_PING_DELTA,5
$ALTIM_FREQUENCY,13
$ALTIM_PULSE,3
$ALTIM_SENSITIVITY,3
$XPDR_VALID,5
$XPDR_INHIBIT,90
$INT_PRESSURE_SLOPE,0.0097660003
$INT_PRESSURE_YINT,-0.40000001
$DEEPGLIDER,0
$DEEPGLIDERMB,0
$MOTHERBOARD,4
$DEVICE1,2
$DEVICE2,101
$DEVICE3,38
$DEVICE4,-1
$DEVICE5,-1
$DEVICE6,-1
$LOGGERS,7
$LOGGERDEVICE1,-1
$LOGGERDEVICE2,-1
$LOGGERDEVICE3,-1
$LOGGERDEVICE4,-1
$COMPASS_DEVICE,33
$COMPASS2_DEVICE,-1
$PHONE_DEVICE,49
$GPS_DEVICE,32
$RAFOS_DEVICE,-1
$XPDR_DEVICE,24
$SIM_W,0
$SIM_PITCH,0
$SEABIRD_T_G,0.0043137739
$SEABIRD_T_H,0.00062868668
$SEABIRD_T_I,2.2691316e-05
$SEABIRD_T_J,2.2586789e-06
$SEABIRD_C_G,-10.021329
$SEABIRD_C_H,1.1236943
$SEABIRD_C_I,-0.0013673168
$SEABIRD_C_J,0.00018808816
$GPS1,030226,083616,4755.226,-12229.023,32,2.0,37,18.3
$_CALLS,1
$_XMS_NAKs,0
$_XMS_TOUTs,0
$_SM_DEPTHo,-6.51
$_SM_ANGLEo,-70.0
$GPS2,030226,084017,4755.211,-12229.058,10,1.7,10,18.3
$SPEED_LIMITS,0.178,0.262
$TGT_NAME,NORTHSAVE_175
$TGT_LATLONG,4755.400,-12229.500
$TGT_RADIUS,200.000
$KALMAN_CONTROL,0.000,0.000
$KALMAN_X,0.0,0.0,0.0,0.0,0.0
$KALMAN_Y,0.0,0.0,0.0,0.0,0.0
$MHEAD_RNG_PITCHd_Wd,293.8,651,-17.9,-10.256,-21.36,2171
$D_GRID,200
$GCHEAD,st_secs,pitch_ctl,vbd_ctl,pitch_ad_start,roll_ad_start,vbd_pot1_ad_start,vbd_pot2_ad_start,depth,ob_vertv,data_pts,end_secs,pitch_secs,roll_secs,vbd_secs,vbd_i,gcphase,pitch_i,roll_i,pitch_ad,roll_ad,vbd_ad,vbd_pot1_ad,vbd_pot2_ad,pitch_retries,pitch_errors,roll_retries,roll_errors,vbd_retries,vbd_errors,pitch_volts,roll_volts,vbd_volts
$STATE,13,end surface,CONTROL_FINISHED_OK
$STATE,13,begin dive
$GC,15,-0.78,-146.6,246,2395,530,391,0.0,0.0,0,100,0.00,0.00,-82.95,0.000,16390,0.000,0.000,246,2395,2774,2851,2698,0,0,0,0,0,0,28.83,28.83,26.35
$GC,103,-0.78,-146.6,246,2395,2853,2699,-4.1,-4.5,8,119,8.57,2.22,0.00,0.000,2564,0.218,0.039,2420,950,2779,2859,2699,0,0,0,0,0,0,25.23,25.90,28.83
$GC,424,-0.68,-146.6,2420,950,2868,2696,55.1,-15.5,40,434,0.15,2.05,0.00,0.000,3078,0.171,0.031,2450,2324,2782,2869,2696,0,0,0,0,0,0,25.79,26.13,28.83
$GC,464,-0.62,-146.6,2449,2324,2871,2695,61.1,-14.9,44,474,0.10,2.05,0.00,0.000,2564,0.172,0.028,2479,938,2783,2871,2695,0,0,0,0,0,0,26.10,26.14,28.83
$GC,668,-0.62,-146.6,2478,938,2871,2694,86.0,-11.1,64,677,0.00,2.10,0.00,0.000,5126,0.000,0.029,2478,2356,2782,2871,2694,0,0,0,0,0,0,28.83,26.21,28.83
$GC,708,-0.62,-146.6,2478,2356,2872,2694,90.7,-11.6,68,709,0.00,0.00,0.00,0.000,4102,0.000,0.000,2478,2357,2782,2872,2693,0,0,0,0,0,0,28.83,28.83,28.83
$GC,739,-0.62,-146.6,2478,2357,2872,2693,94.1,-11.6,71,747,0.00,2.08,0.00,0.000,4612,0.000,0.028,2478,953,2782,2872,2693,0,0,0,0,0,0,28.83,26.22,28.83
$GC,762,-0.62,-146.6,1672,953,2835,2686,96.8,-11.3,73,770,0.00,2.15,0.00,0.000,1030,0.000,0.032,2478,2360,2782,2872,2693,0,0,0,0,0,0,28.83,26.23,28.83
$GC,800,-0.62,-146.6,2477,2360,2872,2693,101.2,-11.0,77,801,0.00,0.00,0.00,0.000,4102,0.000,0.000,2478,2360,2782,2872,2693,0,0,0,0,0,0,28.83,28.83,28.83
$GC,830,-0.62,-146.6,2477,2360,2872,2693,104.1,-9.7,80,831,0.00,0.00,0.00,0.000,4102,0.000,0.000,2478,2360,2782,2872,2693,0,0,0,0,0,0,28.83,28.83,28.83
$STATE,841,end dive,BOTTOM_OBSTACLE_DETECTED
$STATE,841,begin apogee
$GC,846,-0.27,0.0,2478,2021,2872,2693,105.4,-10.5,81,974,0.30,0.20,120.38,0.540,10246,0.107,0.060,2580,2195,2190,2284,2096,0,0,0,0,0,0,25.94,25.33,24.39
$STATE,975,end apogee,CONTROL_FINISHED_OK
$STATE,975,begin climb
$GC,977,0.78,146.6,2579,2195,2283,2095,113.3,0.0,94,1101,1.02,2.28,112.85,0.525,10756,0.100,0.034,2925,759,1604,1728,1481,0,0,0,0,0,0,25.24,25.22,24.37
$GC,1166,0.68,146.6,2925,759,1717,1481,88.8,19.1,113,1176,0.12,2.08,0.00,0.000,5126,0.163,0.021,2896,2158,1599,1717,1481,0,0,0,0,0,0,25.41,25.68,28.83
$GC,1206,0.59,146.6,2896,2158,1716,1481,81.7,17.6,117,1216,0.10,2.12,0.00,0.000,4356,0.181,0.035,2868,3561,1598,1716,1480,0,0,0,0,0,0,25.65,25.75,28.83
$GC,1251,0.59,146.6,2000,3560,1684,1475,77.3,10.2,121,1258,0.00,2.12,0.00,0.000,5126,0.000,0.022,2869,2155,1597,1716,1479,0,0,0,0,0,0,28.83,25.88,28.83
$GC,1289,0.59,146.6,2870,2153,1717,1478,73.1,10.6,125,1298,0.00,2.12,0.00,0.000,4612,0.000,0.037,2869,769,1597,1716,1478,0,0,0,0,0,0,28.83,25.84,28.83
$GC,1331,0.59,146.6,2869,769,1715,1478,68.1,12.1,129,1340,0.00,2.08,0.00,0.000,5126,0.000,0.024,2869,2170,1596,1714,1478,0,0,0,0,0,0,28.83,25.97,28.83
$GC,1371,0.59,146.6,2869,2170,1714,1478,63.4,11.9,133,1381,0.00,2.12,0.00,0.000,4356,0.000,0.037,2869,3568,1596,1714,1478,0,0,0,0,0,0,28.83,25.95,28.83
$GC,1404,0.59,146.6,2869,3568,1714,1478,59.2,12.8,136,1413,0.00,2.05,0.00,0.000,5126,0.000,0.018,2869,2161,1596,1714,1478,0,0,0,0,0,0,28.83,26.05,28.83
$GC,1444,0.59,146.6,2869,2158,1714,1478,54.3,12.3,140,1453,0.00,2.12,0.00,0.000,4612,0.000,0.037,2870,763,1596,1714,1478,0,0,0,0,0,0,28.83,25.98,28.83
$GC,1468,0.59,146.6,2869,763,1714,1478,51.4,12.3,142,1475,0.00,2.10,0.00,0.000,5126,0.000,0.026,2869,2170,1595,1713,1478,0,0,0,0,0,0,28.83,26.08,28.83
$GC,1505,0.59,146.6,2869,2170,1713,1478,46.8,11.7,146,1507,0.00,0.00,0.00,0.000,4102,0.000,0.000,2869,2170,1596,1714,1478,0,0,0,0,0,0,28.83,28.83,28.83
$GC,1535,0.59,146.6,2869,2170,1714,1478,43.6,10.9,149,1536,0.00,0.00,0.00,0.000,4102,0.000,0.000,2869,2170,1596,1714,1478,0,0,0,0,0,0,28.83,28.83,28.83
$GC,1566,0.59,146.6,2869,2170,1713,1478,40.4,10.6,152,1567,0.00,0.00,0.00,0.000,4102,0.000,0.000,2869,2170,1596,1714,1478,0,0,0,0,0,0,28.83,28.83,28.83
$GC,1595,0.59,146.6,2869,2170,1713,1477,37.3,10.8,155,1596,0.00,0.00,0.00,0.000,4102,0.000,0.000,2870,2170,1596,1714,1478,0,0,0,0,0,0,28.83,28.83,28.83
$GC,1626,0.59,146.6,2869,2170,1714,1478,33.9,10.9,158,1627,0.00,0.00,0.00,0.000,4102,0.000,0.000,2870,2170,1596,1714,1478,0,0,0,0,0,0,28.83,28.83,28.83
$GC,1655,0.59,146.6,2869,2170,1714,1478,30.7,10.8,161,1656,0.00,0.00,0.00,0.000,4102,0.000,0.000,2869,2170,1595,1713,1477,0,0,0,0,0,0,28.83,28.83,28.83
$GC,1686,0.59,146.6,2869,2170,1713,1478,27.6,10.5,164,1695,0.00,2.15,0.00,0.000,4612,0.000,0.037,2869,760,1596,1714,1478,0,0,0,0,0,0,28.83,26.09,28.83
$GC,1710,0.59,146.6,2869,760,1713,1478,25.5,9.4,166,1717,0.00,2.10,0.00,0.000,5126,0.000,0.024,2869,2162,1595,1714,1477,0,0,0,0,0,0,28.83,26.20,28.83
$GC,1748,0.59,146.6,2869,2162,1714,1478,21.7,9.7,170,1757,0.00,2.12,0.00,0.000,4356,0.000,0.037,2870,3574,1595,1713,1478,0,0,0,0,0,0,28.83,26.14,28.83
$GC,1811,0.59,146.6,2869,3574,1714,1478,14.6,11.2,176,1820,0.00,2.05,0.00,0.000,5126,0.000,0.023,2869,2173,1595,1714,1477,0,0,0,0,0,0,28.83,26.20,28.83
$GC,1851,0.59,146.6,2869,2171,1713,1478,10.3,10.8,180,1852,0.00,0.00,0.00,0.000,4102,0.000,0.000,2869,2171,1595,1713,1478,0,0,0,0,0,0,28.83,28.83,28.83
$GC,1881,0.59,146.6,2869,2171,1713,1478,7.4,9.9,183,1891,0.00,2.12,0.00,0.000,4356,0.000,0.036,2869,3574,1595,1714,1477,0,0,0,0,0,0,28.83,26.17,28.83
$GC,1916,0.59,146.6,2869,3574,1714,1478,3.8,11.3,186,1923,0.00,2.10,0.00,0.000,5126,0.000,0.021,2869,2158,1595,1713,1478,0,0,0,0,0,0,28.83,26.27,28.83
$STATE,1932,end climb,SURFACE_DEPTH_REACHED
$STATE,1932,begin surface coast
$FINISH,-0.8,1.022399
$STATE,1953,end surface coast,CONTROL_FINISHED_OK
$STATE,1953,begin surface
$SM_CCo,1969,211.88,0.449,1,0,465,433.32
$SM_CCo,2189,-0.10,0.000,0,0,465,433.32
$SM_CCo,2192,0.00,0.000,0,0,466,433.32
$SM_GC,-6.46,7.38,0.28,0.00,0.069,0.045,0.000,250,2379,466,-7.50,-1.44,433.32,0,0,0,0,0,0,26.15,26.36,28.83
$IRIDIUM_FIX,4735.69,-12226.55,240208,171747
$TT8_MAMPS,0.028462,0.028462
$HUMID,41.49
$INTERNAL_PRESSURE,8.08665
$TCM_TEMP,17.10
$XPDR_PINGS,26
$ALTIM_TOP_PING,19.4,26.3
$ALTIM_BOTTOM_PING,105.4,10.7
$24V_AH,24.4,23.350
$10V_AH,10.2,10.456
$FG_AHR_24Vo,0.000
$FG_AHR_10Vo,0.000
$DEVICES,Pitch_motor,Roll_motor,VBD_pump_during_apogee,VBD_pump_during_surface,VBD_valve,Iridium_during_init,Iridium_during_connect,Iridium_during_xfer,Transponder_ping,GUMSTIX_24V,GPS,TT8,LPSleep,TT8_Active,TT8_Sampling,TT8_CF8,TT8_Kalman,Analog_circuits,GPS_charging,Compass,RAFOS,Transponder,Compass2
$DEVICE_SECS,0.000,0.000,0.000,0.000,0.000,0.000,0.000,0.000,0.000,0.000,0.000,0.000,0.000,0.000,0.000,0.000,0.000,0.000,0.000,0.000,0.000,0.000,0.000
$DEVICE_MAMPS,0.000,0.000,0.000,0.000,0.000,0.000,0.000,0.000,0.000,0.000,0.000,0.000,0.000,0.000,0.000,0.000,0.000,0.000,0.000,0.000,0.000,0.000,0.000
$SENSORS,SBE_CT,AA4330,WL_BB2FLVMG,nil,nil,nil,nil,nil,nil,nil
$SENSOR_SECS,0.000,0.000,0.000,0.000,0.000,0.000,0.000,0.000,0.000,0.000
$SENSOR_MAMPS,0.000,0.000,0.000,0.000,0.000,0.000,0.000,0.000,0.000,0.000
$MEM,355008
$DATA_FILE_SIZE,13636,190
$CAP_FILE_SIZE,55448,0
$CFSIZE,260165632,244736000
$ERRORS,0,0,0,0,0,0,0,0,0,0,0,0,0,1,0,0
$CURRENT,0.336,147.6,1
$GPS,030226,091805,4754.943,-12228.949,9,2.0,9,18.3
