version: 66.11
glider: 175
mission: 10
dive: 400
start: 2 6 126 5 52 52
data:
$ID,175
$MISSION,10
$DIVE,400
$N_DIVES,0
$D_SURF,3
$D_FLARE,3
$D_TGT,200
$D_ABORT,1090
$D_NO_BLEED,500
$D_BOOST,3
$T_BOOST,0
$D_FINISH,0
$D_PITCH,0
$D_SAFE,0
$D_CALL,0
$SURFACE_URGENCY,0
$SURFACE_URGENCY_TRY,0
$SURFACE_URGENCY_FORCE,0
$T_DIVE,65
$T_MISSION,80
$T_ABORT,1440
$T_TURN,300
$T_TURN_SAMPINT,5
$T_NO_W,120
$T_LOITER,0
$T_EPIRB,0
$USE_BATHY,0
$USE_ICE,0
$ICE_FREEZE_MARGIN,0.30000001
$D_OFFGRID,100
$T_WATCHDOG,10
$RELAUNCH,1
$APOGEE_PITCH,-8
$MAX_BUOY,150
$COURSE_BIAS,0
$GLIDE_SLOPE,30
$SPEED_FACTOR,1
$RHO,1.023
$MASS,51902
$MASS_COMP,0
$NAV_MODE,2
$FERRY_MAX,45
$KALMAN_USE,2
$HD_A,0.003
$HD_B,0.0099999998
$HD_C,9.9999997e-06
$HEADING,-1
$ESCAPE_HEADING,0
$ESCAPE_HEADING_DELTA,10
$FIX_MISSING_TIMEOUT,0
$TGT_DEFAULT_LAT,4750.7002
$TGT_DEFAULT_LON,-12222
$TGT_AUTO_DEFAULT,0
$SM_CC,457.23199
$N_FILEKB,4
$FILEMGR,0
$CALL_NDIVES,1
$COMM_SEQ,0
$PROTOCOL,9
$N_NOCOMM,1
$NOCOMM_ACTION,0
$N_NOSURFACE,0
$UPLOAD_DIVES_MAX,-1
$CALL_TRIES,5
$CALL_WAIT,60
$CAPUPLOAD,1
$CAPMAXSIZE,200000
$HEAPDBG,0
$T_GPS,15
$N_GPS,30
$T_GPS_ALMANAC,0
$T_GPS_CHARGE,-36870.738
$T_RSLEEP,2
$STROBE,0
$RAFOS_PEAK_OFFSET,1.5
$RAFOS_CORR_THRESH,60
$RAFOS_HIT_WINDOW,3600
$PITCH_MIN,255
$PITCH_MAX,3935
$C_PITCH,2671
$PITCH_DBAND,0.0099999998
$PITCH_CNV,0.003125763
$P_OVSHOOT,0.039999999
$PITCH_GAIN,30
$PITCH_TIMEOUT,17
$PITCH_AD_RATE,160
$PITCH_MAXERRORS,1
$PITCH_ADJ_GAIN,0.02
$PITCH_ADJ_DBAND,2.5
$ROLL_MIN,171
$ROLL_MAX,3723
$ROLL_DEG,40
$C_ROLL_DIVE,2354
$C_ROLL_CLIMB,2164
$HEAD_ERRBAND,10
$ROLL_CNV,0.028270001
$ROLL_TIMEOUT,15
$R_PORT_OVSHOOT,56
$R_STBD_OVSHOOT,70
$ROLL_AD_RATE,300
$ROLL_MAXERRORS,2
$ROLL_ADJ_GAIN,0
$ROLL_ADJ_DBAND,0
$VBD_MIN,465
$VBD_MAX,3960
$C_VBD,2190
$VBD_DBAND,2
$VBD_CNV,-0.25119999
$VBD_TIMEOUT,720
$PITCH_VBD_SHIFT,0.0012300001
$VBD_PUMP_AD_RATE_SURFACE,5
$VBD_PUMP_AD_RATE_APOGEE,4
$VBD_BLEED_AD_RATE,8
$UNCOM_BLEED,60
$VBD_MAXERRORS,1
$W_ADJ_DBAND,2
$DBDW,0
$PITCH_W_GAIN,0
$PITCH_W_DBAND,1
$CF8_MAXERRORS,5
$AH0_24V,145
$AH0_10V,95
$MINV_24V,19
$MINV_10V,8
$FG_AHR_10V,0
$FG_AHR_24V,0
$PHONE_SUPPLY,2
$PRESSURE_YINT,-18.492611
$PRESSURE_SLOPE,0.0001165895
$AD7714Ch0Gain,128
$TCM_PITCH_OFFSET,0
$TCM_ROLL_OFFSET,0
$COMPASS_USE,4
$ALTIM_BOTTOM_PING_RANGE,0
$ALTIM_TOP_PING_RANGE,20
$ALTIM_BOTTOM_TURN_MARGIN,25
$ALTIM_TOP_TURN_MARGIN,0
$ALTIM_TOP_MIN_OBSTACLE,1
$ALTIM_PING_DEPTH,120
$ALTIM_PING_DELTA,5
$ALTIM_FREQUENCY,13
$ALTIM_PULSE,3
$ALTIM_SENSITIVITY,4
$XPDR_VALID,5
$XPDR_INHIBIT,90
$INT_PRESSURE_SLOPE,0.0097660003
$INT_PRESSURE_YINT,-0.40000001
$DEEPGLIDER,0
$DEEPGLIDERMB,0
$MOTHERBOARD,4
$DEVICE1,2
$DEVICE2,101
$DEVICE3,38
$DEVICE4,-1
$DEVICE5,-1
$DEVICE6,-1
$LOGGERS,7
$LOGGERDEVICE1,-1
$LOGGERDEVICE2,-1
$LOGGERDEVICE3,-1
$LOGGERDEVICE4,-1
$COMPASS_DEVICE,33
$COMPASS2_DEVICE,-1
$PHONE_DEVICE,49
$GPS_DEVICE,32
$RAFOS_DEVICE,-1
$XPDR_DEVICE,24
$SIM_W,0
$SIM_PITCH,0
$SEABIRD_T_G,0.0043137739
$SEABIRD_T_H,0.00062868668
$SEABIRD_T_I,2.2691316e-05
$SEABIRD_T_J,2.2586789e-06
$SEABIRD_C_G,-10.021329
$SEABIRD_C_H,1.1236943
$SEABIRD_C_I,-0.0013673168
$SEABIRD_C_J,0.00018808816
$GPS1,060226,054658,4750.742,-12221.933,10,1.5,27,18.2
$_CALLS,1
$_XMS_NAKs,0
$_XMS_TOUTs,0
$_SM_DEPTHo,-2.08
$_SM_ANGLEo,-61.7
$GPS2,060226,055222,4750.656,-12222.013,12,1.1,23,18.2
$SPEED_LIMITS,0.178,0.262
$TGT_NAME,EAST_175
$TGT_LATLONG,4750.700,-12222.000
$TGT_RADIUS,200.000
$KALMAN_CONTROL,0.000,0.000
$KALMAN_X,0.0,0.0,0.0,0.0,0.0
$KALMAN_Y,0.0,0.0,0.0,0.0,0.0
$MHEAD_RNG_PITCHd_Wd,22.5,83,-27.3,-10.256,-30.00,974
$D_GRID,200
$GCHEAD,st_secs,pitch_ctl,vbd_ctl,pitch_ad_start,roll_ad_start,vbd_pot1_ad_start,vbd_pot2_ad_start,depth,ob_vertv,data_pts,end_secs,pitch_secs,roll_secs,vbd_secs,vbd_i,gcphase,pitch_i,roll_i,pitch_ad,roll_ad,vbd_ad,vbd_pot1_ad,vbd_pot2_ad,pitch_retries,pitch_errors,roll_retries,roll_errors,vbd_retries,vbd_errors,pitch_volts,roll_volts,vbd_volts
$STATE,13,end surface,CONTROL_FINISHED_OK
$STATE,13,begin dive
$GC,15,-0.99,-65.5,230,2382,527,397,0.0,0.0,0,89,0.00,0.00,-71.78,0.000,16390,0.000,0.000,230,2383,2451,2523,2379,0,0,0,0,0,0,28.83,28.83,26.34
$GC,92,-1.09,-146.1,230,2383,2523,2382,-0.9,-1.8,7,121,8.43,2.12,-10.25,0.000,19204,0.223,0.071,2302,3684,2774,2876,2672,0,0,0,0,0,0,25.18,25.80,26.32
$GC,196,-0.85,-146.1,2302,3684,2876,2674,13.9,-21.3,17,206,0.30,1.92,0.00,0.000,3078,0.169,0.024,2387,2347,2775,2876,2674,0,0,0,0,0,0,25.41,26.08,28.83
$GC,235,-0.74,-146.1,2388,2346,2877,2674,21.3,-18.6,21,237,0.17,0.00,0.00,0.000,2054,0.170,0.000,2432,2346,2775,2877,2674,0,0,0,0,0,0,25.72,28.83,28.83
$GC,265,-0.74,-146.1,2432,2346,2878,2674,25.9,-15.4,24,266,0.00,0.00,0.00,0.000,2054,0.000,0.000,2432,2346,2776,2878,2674,0,0,0,0,0,0,28.83,28.83,28.83
$GC,294,-0.74,-146.1,2432,2346,2878,2674,30.1,-14.1,27,303,0.00,2.08,0.00,0.000,2564,0.000,0.030,2433,953,2776,2878,2674,0,0,0,0,0,0,28.83,26.04,28.83
$GC,327,-0.79,-146.1,2432,953,2878,2674,34.4,-14.0,30,335,0.00,2.03,0.00,0.000,5126,0.000,0.028,2425,2324,2776,2878,2674,0,0,0,0,0,0,28.83,26.08,28.83
$GC,366,-0.79,-146.1,2425,2325,2878,2674,40.0,-13.8,34,368,0.00,0.00,0.00,0.000,4102,0.000,0.000,2425,2325,2776,2878,2674,0,0,0,0,0,0,28.83,28.83,28.83
$GC,396,-0.79,-146.1,2425,2325,2877,2674,44.4,-14.5,37,397,0.00,0.00,0.00,0.000,4102,0.000,0.000,2425,2324,2776,2878,2674,0,0,0,0,0,0,28.83,28.83,28.83
$GC,426,-0.79,-146.1,2425,2325,2878,2674,48.6,-14.5,40,435,0.00,2.12,0.00,0.000,4356,0.000,0.043,2417,3725,2775,2877,2674,0,0,0,0,0,0,28.83,26.06,28.83
$GC,470,-0.79,-146.1,2416,3724,2878,2674,55.0,-15.3,44,477,0.00,2.03,0.00,0.000,1030,0.000,0.021,2417,2343,2775,2877,2674,0,0,0,0,0,0,28.83,26.22,28.83
$GC,508,-0.79,-146.1,2416,2341,2878,2674,61.3,-15.4,48,509,0.00,0.00,0.00,0.000,6,0.000,0.000,2417,2341,2776,2878,2674,0,0,0,0,0,0,28.83,28.83,28.83
$GC,538,-0.84,-146.1,2416,2341,2878,2674,65.9,-15.6,51,547,0.00,2.10,0.00,0.000,4356,0.000,0.045,2412,3710,2775,2877,2674,0,0,0,0,0,0,28.83,26.07,28.83
$GC,572,-0.84,-146.1,2412,3710,2878,2674,70.8,-15.2,54,579,0.00,1.98,0.00,0.000,5126,0.000,0.020,2412,2352,2776,2878,2674,0,0,0,0,0,0,28.83,26.28,28.83
$GC,610,-0.84,-146.1,2412,2352,2877,2674,76.6,-14.7,58,611,0.00,0.00,0.00,0.000,4102,0.000,0.000,2412,2352,2776,2878,2674,0,0,0,0,0,0,28.83,28.83,28.83
$GC,640,-0.89,-146.1,2412,2352,2877,2674,81.1,-14.5,61,642,0.10,0.00,0.00,0.000,4102,0.103,0.000,2369,2351,2776,2878,2674,0,0,0,0,0,0,26.35,28.83,28.83
$GC,670,-0.89,-146.1,2369,2351,2877,2673,86.0,-16.0,64,672,0.05,0.00,0.00,0.000,2054,0.233,0.000,2378,2351,2776,2878,2674,0,0,0,0,0,0,26.32,28.83,28.83
$GC,700,-0.89,-146.1,2378,2351,2877,2674,91.2,-17.7,67,709,0.00,2.03,0.00,0.000,2564,0.000,0.030,2379,981,2775,2877,2673,0,0,0,0,0,0,28.83,26.17,28.83
$GC,723,-0.89,-146.1,1600,981,2840,2667,95.0,-17.4,69,732,0.00,2.10,0.00,0.000,3078,0.000,0.031,2370,2356,2774,2876,2673,0,0,0,0,0,0,28.83,26.20,28.83
$GC,761,-0.89,-146.1,2370,2357,2876,2673,101.7,-16.7,73,763,0.00,0.00,0.00,0.000,2054,0.000,0.000,2370,2357,2774,2876,2673,0,0,0,0,0,0,28.83,28.83,28.83
$GC,792,-0.89,-146.1,2370,2357,2876,2673,107.0,-17.6,76,793,0.00,0.00,0.00,0.000,2054,0.000,0.000,2370,2357,2774,2876,2673,0,0,0,0,0,0,28.83,28.83,28.83
$GC,821,-0.89,-146.1,2370,2357,2876,2673,112.2,-17.3,79,830,0.00,2.05,0.00,0.000,2564,0.000,0.029,2370,976,2774,2876,2673,0,0,0,0,0,0,28.83,26.19,28.83
$GC,865,-0.89,-146.1,1600,976,2839,2667,119.6,-17.6,83,875,0.00,2.10,0.00,0.000,3078,0.000,0.034,2370,2347,2774,2875,2673,0,0,0,0,0,0,28.83,26.20,28.83
$GC,903,-0.89,-146.1,2369,2347,2875,2673,126.9,-18.1,87,905,0.05,0.00,0.00,0.000,2054,0.252,0.000,2378,2347,2774,2875,2673,0,0,0,0,0,0,26.37,28.83,28.83
$STATE,932,end dive,BOTTOM_OBSTACLE_DETECTED
$STATE,932,begin apogee
$GC,937,-0.27,0.0,2378,2114,2875,2673,132.3,-18.1,90,1065,0.65,0.05,120.47,0.562,10246,0.139,0.142,2580,2175,2189,2286,2093,0,0,0,0,0,0,25.65,25.03,24.30
$STATE,1066,end apogee,CONTROL_FINISHED_OK
$STATE,1067,begin climb
$GC,1069,1.09,146.1,2580,2175,2285,2092,138.6,0.0,103,1192,1.33,0.00,114.05,0.543,10758,0.093,0.000,3016,2174,1606,1722,1490,0,0,0,0,0,0,25.22,28.83,24.27
$GC,1225,0.97,146.1,3016,2175,1722,1487,111.7,24.1,119,1234,0.12,2.05,0.00,0.000,4612,0.194,0.031,2996,834,1604,1721,1487,0,0,0,0,0,0,25.23,25.48,28.83
$GC,1247,0.87,146.1,2996,834,1717,1487,105.8,25.5,121,1258,0.17,2.00,0.00,0.000,5126,0.176,0.022,2955,2176,1602,1717,1487,0,0,0,0,0,0,25.25,25.64,28.83
$GC,1287,0.87,146.1,2955,2176,1716,1486,97.2,21.4,125,1288,0.00,0.00,0.00,0.000,4102,0.000,0.000,2955,2176,1601,1716,1486,0,0,0,0,0,0,28.83,28.83,28.83
$GC,1317,0.87,146.1,2954,2176,1716,1485,91.6,18.9,128,1326,0.00,2.12,0.00,0.000,4356,0.000,0.034,2954,3569,1601,1717,1485,0,0,0,0,0,0,28.83,25.77,28.83
$GC,1339,0.87,146.1,2954,3569,1716,1485,87.4,18.7,130,1348,0.00,1.95,0.00,0.000,5126,0.000,0.016,2963,2228,1600,1716,1485,0,0,0,0,0,0,28.83,25.89,28.83
$GC,1379,0.87,146.1,2963,2225,1716,1485,79.5,20.0,134,1381,0.00,0.00,0.00,0.000,4102,0.000,0.000,2963,2225,1600,1716,1485,0,0,0,0,0,0,28.83,28.83,28.83
$GC,1408,0.87,146.1,2963,2225,1716,1485,73.8,18.6,137,1418,0.00,2.12,0.00,0.000,4612,0.000,0.034,2974,832,1600,1716,1484,0,0,0,0,0,0,28.83,25.89,28.83
$GC,1431,0.87,146.1,2973,832,1714,1484,69.6,18.9,139,1440,0.10,1.98,0.00,0.000,5126,0.183,0.022,2953,2176,1599,1714,1484,0,0,0,0,0,0,25.70,25.98,28.83
$GC,1471,0.87,146.1,2953,2176,1714,1484,62.1,19.0,143,1480,0.00,2.10,0.00,0.000,260,0.000,0.035,2953,3565,1599,1714,1484,0,0,0,0,0,0,28.83,25.96,28.83
$GC,1493,0.87,146.1,2953,3566,1714,1484,57.9,18.7,145,1503,0.00,1.95,0.00,0.000,5126,0.000,0.017,2962,2213,1599,1714,1484,0,0,0,0,0,0,28.83,26.06,28.83
$GC,1533,0.87,146.1,2961,2211,1714,1484,50.6,18.4,149,1534,0.00,0.00,0.00,0.000,4102,0.000,0.000,2961,2211,1599,1714,1484,0,0,0,0,0,0,28.83,28.83,28.83
$GC,1563,0.87,146.1,2961,2211,1714,1484,45.5,17.0,152,1564,0.00,0.00,0.00,0.000,4102,0.000,0.000,2961,2211,1599,1714,1484,0,0,0,0,0,0,28.83,28.83,28.83
$GC,1593,0.87,146.1,2961,2211,1714,1484,40.2,17.2,155,1601,0.00,2.08,0.00,0.000,4356,0.000,0.035,2961,3573,1599,1714,1484,0,0,0,0,0,0,28.83,26.04,28.83
$GC,1614,0.87,146.1,2961,3573,1714,1485,36.1,18.1,157,1624,0.00,2.05,0.00,0.000,5126,0.000,0.019,2964,2168,1599,1714,1484,0,0,0,0,0,0,28.83,26.11,28.83
$GC,1654,0.87,146.1,2964,2164,1713,1484,28.5,18.8,161,1655,0.00,0.00,0.00,0.000,4102,0.000,0.000,2964,2164,1599,1714,1484,0,0,0,0,0,0,28.83,28.83,28.83
$GC,1684,0.87,146.1,2964,2164,1714,1484,23.0,18.3,164,1685,0.00,0.00,0.00,0.000,4102,0.000,0.000,2964,2164,1599,1714,1485,0,0,0,0,0,0,28.83,28.83,28.83
$GC,1714,0.87,146.1,2964,2164,1714,1484,17.5,18.3,167,1715,0.00,0.00,0.00,0.000,4102,0.000,0.000,2964,2164,1599,1714,1484,0,0,0,0,0,0,28.83,28.83,28.83
$GC,1745,0.87,146.1,2964,2164,1714,1484,12.1,18.1,170,1746,0.00,0.00,0.00,0.000,4102,0.000,0.000,2965,2164,1599,1714,1484,0,0,0,0,0,0,28.83,28.83,28.83
$GC,1774,0.87,146.1,2964,2164,1714,1484,6.8,17.8,173,1784,0.00,2.12,0.00,0.000,4612,0.000,0.034,2975,760,1599,1714,1484,0,0,0,0,0,0,28.83,26.09,28.83
$STATE,1795,end climb,SURFACE_DEPTH_REACHED
$STATE,1795,begin surface coast
$FINISH,2.9,1.022390
$STATE,1798,end surface coast,CONTROL_FINISHED_OK
$STATE,1798,begin surface
$SM_CCo,1817,213.93,0.453,1,0,464,433.32
$SM_CCo,2039,-0.15,0.000,0,0,466,433.32
$SM_CCo,2043,0.30,0.108,0,0,466,433.32
$SM_GC,-2.34,8.10,2.45,0.30,0.096,0.031,0.108,245,2353,466,-7.50,-1.27,433.32,0,0,0,0,0,0,26.11,26.13,25.22
$IRIDIUM_FIX,4729.30,-12223.11,270208,141402
$TT8_MAMPS,0.027713,0.027713
$HUMID,41.61
$INTERNAL_PRESSURE,8.08665
$TCM_TEMP,19.20
$XPDR_PINGS,32
$ALTIM_TOP_PING,19.3,21.8
$ALTIM_BOTTOM_PING,121.2,35.0
$24V_AH,24.0,23.350
$10V_AH,10.1,10.456
$FG_AHR_24Vo,0.000
$FG_AHR_10Vo,0.000
$DEVICES,Pitch_motor,Roll_motor,VBD_pump_during_apogee,VBD_pump_during_surface,VBD_valve,Iridium_during_init,Iridium_during_connect,Iridium_during_xfer,Transponder_ping,GUMSTIX_24V,GPS,TT8,LPSleep,TT8_Active,TT8_Sampling,TT8_CF8,TT8_Kalman,Analog_circuits,GPS_charging,Compass,RAFOS,Transponder,Compass2
$DEVICE_SECS,0.000,0.000,0.000,0.000,0.000,0.000,0.000,0.000,0.000,0.000,0.000,0.000,0.000,0.000,0.000,0.000,0.000,0.000,0.000,0.000,0.000,0.000,0.000
$DEVICE_MAMPS,0.000,0.000,0.000,0.000,0.000,0.000,0.000,0.000,0.000,0.000,0.000,0.000,0.000,0.000,0.000,0.000,0.000,0.000,0.000,0.000,0.000,0.000,0.000
$SENSORS,SBE_CT,AA4330,WL_BB2FLVMG,nil,nil,nil,nil,nil,nil,nil
$SENSOR_SECS,0.000,0.000,0.000,0.000,0.000,0.000,0.000,0.000,0.000,0.000
$SENSOR_MAMPS,0.000,0.000,0.000,0.000,0.000,0.000,0.000,0.000,0.000,0.000
$MEM,355120
$DATA_FILE_SIZE,10304,175
$CAP_FILE_SIZE,63215,0
$CFSIZE,260165632,241524736
$ERRORS,0,0,0,0,0,0,0,0,0,0,0,0,0,1,0,0
$CURRENT,0.127,246.8,1
$GPS,060226,062741,4750.793,-12221.951,7,1.4,7,18.2
