version: 66.11
glider: 175
mission: 10
dive: 40
start: 1 24 126 20 33 45
data:
$ID,175
$MISSION,10
$DIVE,40
$N_DIVES,0
$D_SURF,3
$D_FLARE,3
$D_TGT,200
$D_ABORT,1090
$D_NO_BLEED,500
$D_BOOST,3
$T_BOOST,0
$D_FINISH,0
$D_PITCH,0
$D_SAFE,0
$D_CALL,0
$SURFACE_URGENCY,0
$SURFACE_URGENCY_TRY,0
$SURFACE_URGENCY_FORCE,0
$T_DIVE,65
$T_MISSION,85
$T_ABORT,1440
$T_TURN,300
$T_TURN_SAMPINT,5
$T_NO_W,120
$T_LOITER,0
$T_EPIRB,0
$USE_BATHY,0
$USE_ICE,0
$ICE_FREEZE_MARGIN,0.30000001
$D_OFFGRID,100
$T_WATCHDOG,10
$RELAUNCH,1
$APOGEE_PITCH,-8
$MAX_BUOY,150
$COURSE_BIAS,0
$GLIDE_SLOPE,30
$SPEED_FACTOR,1
$RHO,1.023
$MASS,51902
$MASS_COMP,0
$NAV_MODE,2
$FERRY_MAX,45
$KALMAN_USE,2
$HD_A,0.003
$HD_B,0.0099999998
$HD_C,9.9999997e-06
$HEADING,-1
$ESCAPE_HEADING,0
$ESCAPE_HEADING_DELTA,10
$FIX_MISSING_TIMEOUT,0
$TGT_DEFAULT_LAT,4750.7002
$TGT_DEFAULT_LON,-12222
$TGT_AUTO_DEFAULT,0
$SM_CC,457.23199
$N_FILEKB,4
$FILEMGR,0
$CALL_NDIVES,1
$COMM_SEQ,0
$PROTOCOL,9
$N_NOCOMM,1
$NOCOMM_ACTION,0
$N_NOSURFACE,0
$UPLOAD_DIVES_MAX,-1
$CALL_TRIES,5
$CALL_WAIT,60
$CAPUPLOAD,1
$CAPMAXSIZE,200000
$HEAPDBG,0
$T_GPS,15
$N_GPS,30
$T_GPS_ALMANAC,0
$T_GPS_CHARGE,-36009.223
$T_RSLEEP,2
$STROBE,0
$RAFOS_PEAK_OFFSET,1.5
$RAFOS_CORR_THRESH,60
$RAFOS_HIT_WINDOW,3600
$PITCH_MIN,255
$PITCH_MAX,3935
$C_PITCH,2650
$PITCH_DBAND,0.0099999998
$PITCH_CNV,0.003125763
$P_OVSHOOT,0.039999999
$PITCH_GAIN,30
$PITCH_TIMEOUT,17
$PITCH_AD_RATE,160
$PITCH_MAXERRORS,1
$PITCH_ADJ_GAIN,0.02
$PITCH_ADJ_DBAND,2.5
$ROLL_MIN,171
$ROLL_MAX,3723
$ROLL_DEG,40
$C_ROLL_DIVE,2304
$C_ROLL_CLIMB,2175
$HEAD_ERRBAND,10
$ROLL_CNV,0.028270001
$ROLL_TIMEOUT,15
$R_PORT_OVSHOOT,69
$R_STBD_OVSHOOT,80
$ROLL_AD_RATE,300
$ROLL_MAXERRORS,2
$ROLL_ADJ_GAIN,0
$ROLL_ADJ_DBAND,0
$VBD_MIN,465
$VBD_MAX,3960
$C_VBD,2150
$VBD_DBAND,2
$VBD_CNV,-0.25119999
$VBD_TIMEOUT,720
$PITCH_VBD_SHIFT,0.0012300001
$VBD_PUMP_AD_RATE_SURFACE,5
$VBD_PUMP_AD_RATE_APOGEE,4
$VBD_BLEED_AD_RATE,8
$UNCOM_BLEED,60
$VBD_MAXERRORS,1
$W_ADJ_DBAND,2
$DBDW,0
$PITCH_W_GAIN,0
$PITCH_W_DBAND,1
$CF8_MAXERRORS,5
$AH0_24V,145
$AH0_10V,95
$MINV_24V,19
$MINV_10V,8
$FG_AHR_10V,0
$FG_AHR_24V,0
$PHONE_SUPPLY,2
$PRESSURE_YINT,-18.492611
$PRESSURE_SLOPE,0.0001165895
$AD7714Ch0Gain,128
$TCM_PITCH_OFFSET,0
$TCM_ROLL_OFFSET,0
$COMPASS_USE,4
$ALTIM_BOTTOM_PING_RANGE,0
$ALTIM_TOP_PING_RANGE,20
$ALTIM_BOTTOM_TURN_MARGIN,25
$ALTIM_TOP_TURN_MARGIN,0
$ALTIM_TOP_MIN_OBSTACLE,1
$ALTIM_PING_DEPTH,60
$ALTIM_PING_DELTA,5
$ALTIM_FREQUENCY,13
$ALTIM_PULSE,3
$ALTIM_SENSITIVITY,3
$XPDR_VALID,5
$XPDR_INHIBIT,90
$INT_PRESSURE_SLOPE,0.0097660003
$INT_PRESSURE_YINT,-0.40000001
$DEEPGLIDER,0
$DEEPGLIDERMB,0
$MOTHERBOARD,4
$DEVICE1,2
$DEVICE2,101
$DEVICE3,38
$DEVICE4,-1
$DEVICE5,-1
$DEVICE6,-1
$LOGGERS,7
$LOGGERDEVICE1,-1
$LOGGERDEVICE2,-1
$LOGGERDEVICE3,-1
$LOGGERDEVICE4,-1
$COMPASS_DEVICE,33
$COMPASS2_DEVICE,-1
$PHONE_DEVICE,49
$GPS_DEVICE,32
$RAFOS_DEVICE,-1
$XPDR_DEVICE,24
$SIM_W,0
$SIM_PITCH,0
$SEABIRD_T_G,0.0043137739
$SEABIRD_T_H,0.00062868668
$SEABIRD_T_I,2.2691316e-05
$SEABIRD_T_J,2.2586789e-06
$SEABIRD_C_G,-10.021329
$SEABIRD_C_H,1.1236943
$SEABIRD_C_I,-0.0013673168
$SEABIRD_C_J,0.00018808816
$GPS1,240126,202903,4750.653,-12223.630,10,0.9,32,18.2
$_CALLS,1
$_XMS_NAKs,0
$_XMS_TOUTs,0
$_SM_DEPTHo,-1.20
$_SM_ANGLEo,-63.9
$GPS2,240126,203317,4750.611,-12223.728,13,1.4,13,18.2
$SPEED_LIMITS,0.178,0.262
$TGT_NAME,WEST_175
$TGT_LATLONG,4750.700,-12226.500
$TGT_RADIUS,200.000
$KALMAN_CONTROL,0.000,0.000
$KALMAN_X,0.0,0.0,0.0,0.0,0.0
$KALMAN_Y,0.0,0.0,0.0,0.0,0.0
$MHEAD_RNG_PITCHd_Wd,253.5,3450,-17.9,-10.256,-21.36,2171
$D_GRID,200
$GCHEAD,st_secs,pitch_ctl,vbd_ctl,pitch_ad_start,roll_ad_start,vbd_pot1_ad_start,vbd_pot2_ad_start,depth,ob_vertv,data_pts,end_secs,pitch_secs,roll_secs,vbd_secs,vbd_i,gcphase,pitch_i,roll_i,pitch_ad,roll_ad,vbd_ad,vbd_pot1_ad,vbd_pot2_ad,pitch_retries,pitch_errors,roll_retries,roll_errors,vbd_retries,vbd_errors,pitch_volts,roll_volts,vbd_volts
$STATE,13,end surface,CONTROL_FINISHED_OK
$STATE,13,begin dive
$GC,15,-0.78,-146.6,242,2346,513,410,0.0,0.0,0,99,0.00,0.00,-81.15,0.000,16390,0.000,0.000,242,2347,2734,2821,2647,0,0,0,0,0,0,28.83,28.83,26.22
$GC,102,-0.78,-146.6,242,2347,2822,2649,1.5,-5.3,8,120,8.50,2.17,0.00,0.000,2308,0.221,0.084,2373,3647,2741,2832,2650,0,0,0,0,0,0,25.35,25.66,28.83
$GC,356,-0.49,-146.6,2373,3647,2839,2649,55.2,-21.6,33,367,0.43,2.00,0.00,0.000,3078,0.157,0.037,2490,2328,2743,2839,2648,0,0,0,0,0,0,25.60,26.04,28.83
$GC,397,-0.37,-146.6,2490,2328,2842,2648,60.8,-13.9,37,407,0.12,2.12,0.00,0.000,2564,0.161,0.030,2527,890,2744,2841,2647,0,0,0,0,0,0,25.91,26.04,28.83
$GC,463,-0.43,-146.6,1696,890,2800,2639,66.6,-8.8,43,470,0.00,2.12,0.00,0.000,5126,0.000,0.032,2526,2266,2744,2842,2647,0,0,0,0,0,0,28.83,26.08,28.83
$GC,501,-0.48,-146.6,2526,2267,2842,2647,69.8,-8.0,47,503,0.10,0.00,0.00,0.000,4102,0.101,0.000,2482,2267,2744,2842,2647,0,0,0,0,0,0,26.23,28.83,28.83
$GC,532,-0.48,-146.6,2481,2267,2842,2646,72.6,-8.9,50,543,0.00,2.05,0.00,0.000,2564,0.000,0.031,2481,880,2743,2840,2646,0,0,0,0,0,0,28.83,26.10,28.83
$STATE,556,end dive,BOTTOM_OBSTACLE_DETECTED
$STATE,556,begin apogee
$GC,563,-0.27,0.0,2480,2172,2840,2646,75.1,-10.2,52,688,0.22,0.00,119.28,0.522,10246,0.129,0.000,2554,2172,2149,2239,2059,0,0,0,0,0,0,25.80,28.83,24.64
$STATE,689,end apogee,CONTROL_FINISHED_OK
$STATE,689,begin climb
$GC,691,0.78,146.6,2554,2172,2238,2059,82.1,0.0,65,810,1.08,2.22,111.78,0.505,10756,0.116,0.031,2896,756,1563,1670,1456,0,0,0,0,0,0,25.18,25.14,24.57
$GC,862,0.78,146.6,2896,756,1662,1456,62.4,14.8,82,873,0.00,2.17,0.00,0.000,1030,0.000,0.022,2897,2201,1558,1661,1455,0,0,0,0,0,0,28.83,25.53,28.83
$GC,903,0.72,146.6,2896,2202,1661,1454,56.2,15.7,86,905,0.05,0.00,0.00,0.000,4102,0.232,0.000,2886,2202,1558,1661,1455,0,0,0,0,0,0,25.66,28.83,28.83
$GC,933,0.66,146.6,2885,2202,1661,1453,51.3,16.4,89,943,0.10,2.20,0.00,0.000,4612,0.171,0.031,2859,766,1557,1661,1453,0,0,0,0,0,0,25.60,25.67,28.83
$GC,968,0.66,146.6,2000,766,1627,1450,47.0,13.5,92,975,0.00,2.17,0.00,0.000,1030,0.000,0.026,2859,2178,1556,1659,1453,0,0,0,0,0,0,28.83,25.77,28.83
$GC,1006,0.66,146.6,2858,2178,1658,1453,42.5,11.2,96,1007,0.00,0.00,0.00,0.000,6,0.000,0.000,2859,2178,1556,1659,1453,0,0,0,0,0,0,28.83,28.83,28.83
$GC,1036,0.66,146.6,2858,2178,1658,1453,39.4,10.8,99,1045,0.00,2.15,0.00,0.000,260,0.000,0.040,2859,3581,1555,1658,1452,0,0,0,0,0,0,28.83,25.81,28.83
$GC,1068,0.66,146.6,2858,3581,1658,1452,36.0,10.8,102,1078,0.00,2.10,0.00,0.000,1030,0.000,0.019,2858,2144,1555,1658,1452,0,0,0,0,0,0,28.83,25.93,28.83
$GC,1108,0.66,146.6,2858,2144,1659,1452,31.9,10.3,106,1118,0.00,2.08,0.00,0.000,516,0.000,0.034,2859,772,1555,1659,1452,0,0,0,0,0,0,28.83,25.89,28.83
$GC,1163,0.73,146.6,2858,772,1657,1452,27.0,9.1,111,1171,0.05,2.15,0.00,0.000,3078,0.070,0.028,2898,2176,1554,1657,1452,0,0,0,0,0,0,25.88,25.97,28.83
$GC,1201,0.73,146.6,2898,2176,1657,1452,22.7,10.9,115,1210,0.00,2.12,0.00,0.000,4356,0.000,0.037,2898,3580,1554,1657,1452,0,0,0,0,0,0,28.83,25.96,28.83
$GC,1254,0.64,146.6,2898,3580,1657,1452,15.7,13.5,120,1264,0.20,2.03,0.00,0.000,5126,0.158,0.016,2856,2161,1554,1657,1452,0,0,0,0,0,0,25.70,26.10,28.83
$GC,1294,0.64,146.6,2856,2160,1657,1451,11.5,10.5,124,1303,0.00,2.17,0.00,0.000,260,0.000,0.040,2856,3580,1554,1657,1451,0,0,0,0,0,0,28.83,25.98,28.83
$GC,1336,0.64,146.6,2856,3580,1657,1451,7.6,9.3,128,1345,0.00,2.03,0.00,0.000,1030,0.000,0.017,2856,2168,1554,1657,1451,0,0,0,0,0,0,28.83,26.13,28.83
$GC,1376,0.64,146.6,2856,2165,1657,1451,4.1,8.8,132,1377,0.00,0.00,0.00,0.000,6,0.000,0.000,2856,2165,1554,1657,1451,0,0,0,0,0,0,28.83,28.83,28.83
$STATE,1394,end climb,SURFACE_DEPTH_REACHED
$STATE,1394,begin surface coast
$FINISH,0.5,1.021555
$STATE,1426,end surface coast,CONTROL_FINISHED_OK
$STATE,1426,begin surface
$SM_CCo,1441,200.43,0.444,1,0,464,423.27
$SM_CCo,1650,-0.17,0.000,0,0,467,423.27
$SM_CCo,1653,1.38,0.081,0,0,465,423.27
$SM_GC,-1.22,7.30,0.20,1.38,0.063,0.059,0.081,247,2341,465,-7.45,-1.16,423.27,0,0,0,0,0,0,26.06,26.20,25.20
$IRIDIUM_FIX,4732.49,-12220.39,150208,050500
$TT8_MAMPS,0.027713,0.027713
$HUMID,41.33
$INTERNAL_PRESSURE,8.07689
$TCM_TEMP,17.20
$XPDR_PINGS,22
$ALTIM_TOP_PING,19.9,21.5
$ALTIM_BOTTOM_PING,75.1,6.2
$24V_AH,24.6,23.350
$10V_AH,10.3,10.456
$FG_AHR_24Vo,0.000
$FG_AHR_10Vo,0.000
$DEVICES,Pitch_motor,Roll_motor,VBD_pump_during_apogee,VBD_pump_during_surface,VBD_valve,Iridium_during_init,Iridium_during_connect,Iridium_during_xfer,Transponder_ping,GUMSTIX_24V,GPS,TT8,LPSleep,TT8_Active,TT8_Sampling,TT8_CF8,TT8_Kalman,Analog_circuits,GPS_charging,Compass,RAFOS,Transponder,Compass2
$DEVICE_SECS,0.000,0.000,0.000,0.000,0.000,0.000,0.000,0.000,0.000,0.000,0.000,0.000,0.000,0.000,0.000,0.000,0.000,0.000,0.000,0.000,0.000,0.000,0.000
$DEVICE_MAMPS,0.000,0.000,0.000,0.000,0.000,0.000,0.000,0.000,0.000,0.000,0.000,0.000,0.000,0.000,0.000,0.000,0.000,0.000,0.000,0.000,0.000,0.000,0.000
$SENSORS,SBE_CT,AA4330,WL_BB2FLVMG,nil,nil,nil,nil,nil,nil,nil
$SENSOR_SECS,0.000,0.000,0.000,0.000,0.000,0.000,0.000,0.000,0.000,0.000
$SENSOR_MAMPS,0.000,0.000,0.000,0.000,0.000,0.000,0.000,0.000,0.000,0.000
$MEM,355008
$DATA_FILE_SIZE,10283,137
$CAP_FILE_SIZE,45532,0
$CFSIZE,260165632,255082496
$ERRORS,0,2,0,0,0,0,0,0,0,0,0,0,0,1,0,0
$INTR,0,533.68,0x233ccc,0,24
$INTR,1,586.65,0x233ccc,2,24
$CURRENT,0.139,280.0,1
$GPS,240126,210210,4750.660,-12224.175,8,1.3,13,18.2
