version: 66.11
glider: 175
mission: 10
dive: 272
start: 2 1 126 22 57 56
data:
$ID,175
$MISSION,10
$DIVE,272
$N_DIVES,0
$D_SURF,3
$D_FLARE,3
$D_TGT,200
$D_ABORT,1090
$D_NO_BLEED,500
$D_BOOST,3
$T_BOOST,0
$D_FINISH,0
$D_PITCH,0
$D_SAFE,0
$D_CALL,0
$SURFACE_URGENCY,0
$SURFACE_URGENCY_TRY,0
$SURFACE_URGENCY_FORCE,0
$T_DIVE,65
$T_MISSION,85
$T_ABORT,1440
$T_TURN,300
$T_TURN_SAMPINT,5
$T_NO_W,120
$T_LOITER,0
$T_EPIRB,0
$USE_BATHY,0
$USE_ICE,0
$ICE_FREEZE_MARGIN,0.30000001
$D_OFFGRID,100
$T_WATCHDOG,10
$RELAUNCH,1
$APOGEE_PITCH,-8
$MAX_BUOY,150
$COURSE_BIAS,0
$GLIDE_SLOPE,30
$SPEED_FACTOR,1
$RHO,1.023
$MASS,51902
$MASS_COMP,0
$NAV_MODE,2
$FERRY_MAX,45
$KALMAN_USE,2
$HD_A,0.003
$HD_B,0.0099999998
$HD_C,9.9999997e-06
$HEADING,-1
$ESCAPE_HEADING,0
$ESCAPE_HEADING_DELTA,10
$FIX_MISSING_TIMEOUT,0
$TGT_DEFAULT_LAT,4750.7002
$TGT_DEFAULT_LON,-12222
$TGT_AUTO_DEFAULT,0
$SM_CC,457.23199
$N_FILEKB,4
$FILEMGR,0
$CALL_NDIVES,1
$COMM_SEQ,0
$PROTOCOL,9
$N_NOCOMM,1
$NOCOMM_ACTION,0
$N_NOSURFACE,0
$UPLOAD_DIVES_MAX,-1
$CALL_TRIES,5
$CALL_WAIT,60
$CAPUPLOAD,1
$CAPMAXSIZE,200000
$HEAPDBG,0
$T_GPS,15
$N_GPS,30
$T_GPS_ALMANAC,0
$T_GPS_CHARGE,-36659.133
$T_RSLEEP,2
$STROBE,0
$RAFOS_PEAK_OFFSET,1.5
$RAFOS_CORR_THRESH,60
$RAFOS_HIT_WINDOW,3600
$PITCH_MIN,255
$PITCH_MAX,3935
$C_PITCH,2671
$PITCH_DBAND,0.0099999998
$PITCH_CNV,0.003125763
$P_OVSHOOT,0.039999999
$PITCH_GAIN,30
$PITCH_TIMEOUT,17
$PITCH_AD_RATE,160
$PITCH_MAXERRORS,1
$PITCH_ADJ_GAIN,0.02
$PITCH_ADJ_DBAND,2.5
$ROLL_MIN,171
$ROLL_MAX,3723
$ROLL_DEG,40
$C_ROLL_DIVE,2354
$C_ROLL_CLIMB,2165
$HEAD_ERRBAND,10
$ROLL_CNV,0.028270001
$ROLL_TIMEOUT,15
$R_PORT_OVSHOOT,68
$R_STBD_OVSHOOT,70
$ROLL_AD_RATE,300
$ROLL_MAXERRORS,2
$ROLL_ADJ_GAIN,0
$ROLL_ADJ_DBAND,0
$VBD_MIN,465
$VBD_MAX,3960
$C_VBD,2190
$VBD_DBAND,2
$VBD_CNV,-0.25119999
$VBD_TIMEOUT,720
$PITCH_VBD_SHIFT,0.0012300001
$VBD_PUMP_AD_RATE_SURFACE,5
$VBD_PUMP_AD_RATE_APOGEE,4
$VBD_BLEED_AD_RATE,8
$UNCOM_BLEED,60
$VBD_MAXERRORS,1
$W_ADJ_DBAND,2
$DBDW,0
$PITCH_W_GAIN,0
$PITCH_W_DBAND,1
$CF8_MAXERRORS,5
$AH0_24V,145
$AH0_10V,95
$MINV_24V,19
$MINV_10V,8
$FG_AHR_10V,0
$FG_AHR_24V,0
$PHONE_SUPPLY,2
$PRESSURE_YINT,-18.492611
$PRESSURE_SLOPE,0.0001165895
$AD7714Ch0Gain,128
$TCM_PITCH_OFFSET,0
$TCM_ROLL_OFFSET,0
$COMPASS_USE,4
$ALTIM_BOTTOM_PING_RANGE,0
$ALTIM_TOP_PING_RANGE,20
$ALTIM_BOTTOM_TURN_MARGIN,25
$ALTIM_TOP_TURN_MARGIN,0
$ALTIM_TOP_MIN_OBSTACLE,1
$ALTIM_PING_DEPTH,100
$ALTIM_PING_DELTA,5
$ALTIM_FREQUENCY,13
$ALTIM_PULSE,3
$ALTIM_SENSITIVITY,3
$XPDR_VALID,5
$XPDR_INHIBIT,90
$INT_PRESSURE_SLOPE,0.0097660003
$INT_PRESSURE_YINT,-0.40000001
$DEEPGLIDER,0
$DEEPGLIDERMB,0
$MOTHERBOARD,4
$DEVICE1,2
$DEVICE2,101
$DEVICE3,38
$DEVICE4,-1
$DEVICE5,-1
$DEVICE6,-1
$LOGGERS,7
$LOGGERDEVICE1,-1
$LOGGERDEVICE2,-1
$LOGGERDEVICE3,-1
$LOGGERDEVICE4,-1
$COMPASS_DEVICE,33
$COMPASS2_DEVICE,-1
$PHONE_DEVICE,49
$GPS_DEVICE,32
$RAFOS_DEVICE,-1
$XPDR_DEVICE,24
$SIM_W,0
$SIM_PITCH,0
$SEABIRD_T_G,0.0043137739
$SEABIRD_T_H,0.00062868668
$SEABIRD_T_I,2.2691316e-05
$SEABIRD_T_J,2.2586789e-06
$SEABIRD_C_G,-10.021329
$SEABIRD_C_H,1.1236943
$SEABIRD_C_I,-0.0013673168
$SEABIRD_C_J,0.00018808816
$GPS1,010226,224922,4750.866,-12223.525,7,1.3,12,18.2
$_CALLS,2
$_XMS_NAKs,0
$_XMS_TOUTs,0
$_SM_DEPTHo,-8.07
$_SM_ANGLEo,-59.0
$GPS2,010226,225728,4750.942,-12223.539,13,1.3,30,18.2
$SPEED_LIMITS,0.178,0.262
$TGT_NAME,EAST_175
$TGT_LATLONG,4750.700,-12222.000
$TGT_RADIUS,200.000
$KALMAN_CONTROL,0.000,0.000
$KALMAN_X,0.0,0.0,0.0,0.0,0.0
$KALMAN_Y,0.0,0.0,0.0,0.0,0.0
$MHEAD_RNG_PITCHd_Wd,107.5,1965,-17.9,-10.256,-21.36,2171
$D_GRID,200
$GCHEAD,st_secs,pitch_ctl,vbd_ctl,pitch_ad_start,roll_ad_start,vbd_pot1_ad_start,vbd_pot2_ad_start,depth,ob_vertv,data_pts,end_secs,pitch_secs,roll_secs,vbd_secs,vbd_i,gcphase,pitch_i,roll_i,pitch_ad,roll_ad,vbd_ad,vbd_pot1_ad,vbd_pot2_ad,pitch_retries,pitch_errors,roll_retries,roll_errors,vbd_retries,vbd_errors,pitch_volts,roll_volts,vbd_volts
$STATE,13,end surface,CONTROL_FINISHED_OK
$STATE,13,begin dive
$GC,15,-0.78,-146.6,243,2386,535,389,0.0,0.0,0,103,0.00,0.00,-84.43,0.000,16390,0.000,0.000,244,2387,2775,2849,2701,0,0,0,0,0,0,28.83,28.83,26.36
$GC,106,-0.78,-146.6,243,2387,2851,2702,-5.8,-4.5,8,125,8.60,2.05,0.00,0.000,2308,0.217,0.057,2400,3672,2781,2860,2702,0,0,0,0,0,0,25.19,25.79,28.83
$GC,198,-0.59,-146.6,2400,3672,2872,2698,20.7,-24.1,17,209,0.28,1.92,0.00,0.000,3078,0.146,0.022,2477,2333,2785,2873,2697,0,0,0,0,0,0,25.58,26.10,28.83
$GC,238,-0.51,-146.6,2477,2332,2875,2697,27.2,-16.1,21,248,0.10,2.03,0.00,0.000,2564,0.168,0.027,2506,971,2785,2875,2696,0,0,0,0,0,0,25.98,26.02,28.83
$GC,292,-0.56,-146.6,2505,970,2875,2695,33.4,-11.0,26,301,0.00,2.00,0.00,0.000,5126,0.000,0.029,2506,2324,2785,2875,2695,0,0,0,0,0,0,28.83,26.06,28.83
$GC,332,-0.63,-146.6,2506,2324,2876,2695,37.7,-10.6,30,334,0.12,0.00,0.00,0.000,4102,0.090,0.000,2453,2324,2785,2876,2695,0,0,0,0,0,0,26.22,28.83,28.83
$GC,362,-0.63,-146.6,2453,2324,2876,2694,41.0,-11.1,33,363,0.00,0.00,0.00,0.000,2054,0.000,0.000,2453,2324,2784,2875,2694,0,0,0,0,0,0,28.83,28.83,28.83
$GC,392,-0.56,-146.6,2453,2324,2875,2694,44.6,-11.7,36,394,0.12,0.00,0.00,0.000,2054,0.153,0.000,2485,2324,2784,2875,2694,0,0,0,0,0,0,26.01,28.83,28.83
$GC,422,-0.56,-146.6,2485,2324,2876,2694,48.1,-11.8,39,431,0.00,2.15,0.00,0.000,2308,0.000,0.044,2481,3720,2784,2875,2694,0,0,0,0,0,0,28.83,26.03,28.83
$GC,445,-0.56,-146.6,1680,3719,2840,2688,50.2,-10.3,41,454,0.00,2.00,0.00,0.000,3078,0.000,0.019,2481,2356,2785,2876,2694,0,0,0,0,0,0,28.83,26.22,28.83
$GC,483,-0.56,-146.6,2481,2355,2876,2694,54.5,-11.0,45,485,0.00,0.00,0.00,0.000,2054,0.000,0.000,2481,2355,2785,2876,2694,0,0,0,0,0,0,28.83,28.83,28.83
$GC,513,-0.56,-146.6,2481,2356,2876,2694,58.2,-12.4,48,514,0.00,0.00,0.00,0.000,2054,0.000,0.000,2481,2355,2785,2876,2694,0,0,0,0,0,0,28.83,28.83,28.83
$GC,543,-0.56,-146.6,2481,2355,2876,2694,61.4,-10.6,51,544,0.00,0.00,0.00,0.000,2054,0.000,0.000,2481,2356,2785,2876,2694,0,0,0,0,0,0,28.83,28.83,28.83
$GC,574,-0.56,-146.6,2481,2355,2876,2693,65.1,-11.9,54,575,0.00,0.00,0.00,0.000,2054,0.000,0.000,2481,2355,2784,2876,2693,0,0,0,0,0,0,28.83,28.83,28.83
$GC,603,-0.56,-146.6,2481,2355,2876,2693,68.5,-11.9,57,604,0.00,0.00,0.00,0.000,2054,0.000,0.000,2481,2355,2785,2877,2693,0,0,0,0,0,0,28.83,28.83,28.83
$GC,633,-0.56,-146.6,2481,2355,2876,2693,71.9,-11.2,60,635,0.00,0.00,0.00,0.000,2054,0.000,0.000,2481,2356,2785,2877,2693,0,0,0,0,0,0,28.83,28.83,28.83
$GC,663,-0.56,-146.6,2481,2356,2876,2693,75.2,-10.9,63,664,0.00,0.00,0.00,0.000,2054,0.000,0.000,2481,2355,2784,2876,2693,0,0,0,0,0,0,28.83,28.83,28.83
$GC,694,-0.56,-146.6,2481,2356,2876,2693,78.4,-10.7,66,695,0.00,0.00,0.00,0.000,2054,0.000,0.000,2481,2356,2784,2876,2693,0,0,0,0,0,0,28.83,28.83,28.83
$GC,723,-0.56,-146.6,2481,2355,2876,2693,81.5,-10.3,69,733,0.00,2.05,0.00,0.000,2564,0.000,0.030,2481,974,2784,2876,2692,0,0,0,0,0,0,28.83,26.19,28.83
$GC,776,-0.56,-146.6,2481,974,2877,2692,86.6,-9.8,74,785,0.00,2.05,0.00,0.000,3078,0.000,0.030,2481,2365,2784,2876,2692,0,0,0,0,0,0,28.83,26.21,28.83
$GC,816,-0.56,-146.6,2481,2365,2876,2692,89.9,-8.1,78,817,0.00,0.00,0.00,0.000,2054,0.000,0.000,2481,2365,2784,2876,2692,0,0,0,0,0,0,28.83,28.83,28.83
$GC,845,-0.56,-146.6,2481,2365,2876,2692,92.5,-8.6,81,846,0.00,0.00,0.00,0.000,2054,0.000,0.000,2481,2365,2784,2876,2692,0,0,0,0,0,0,28.83,28.83,28.83
$GC,875,-0.56,-146.6,2480,2365,2876,2692,95.1,-8.4,84,876,0.00,0.00,0.00,0.000,2054,0.000,0.000,2481,2365,2784,2876,2692,0,0,0,0,0,0,28.83,28.83,28.83
$GC,905,-0.56,-146.6,2480,2365,2876,2692,97.6,-8.5,87,907,0.00,0.00,0.00,0.000,2054,0.000,0.000,2481,2365,2784,2876,2692,0,0,0,0,0,0,28.83,28.83,28.83
$GC,939,-0.56,-146.6,2481,2365,2875,2692,100.3,-9.0,90,945,0.00,0.00,0.00,0.000,2054,0.000,0.000,2481,2365,2784,2876,2692,0,0,0,0,0,0,28.83,28.83,28.83
$GC,976,-0.56,-146.6,2481,2365,2876,2692,104.0,-9.1,94,977,0.00,0.00,0.00,0.000,2054,0.000,0.000,2481,2365,2784,2876,2692,0,0,0,0,0,0,28.83,28.83,28.83
$GC,1005,-0.56,-146.6,2481,2365,2876,2692,107.0,-9.9,97,1006,0.00,0.00,0.00,0.000,2054,0.000,0.000,2481,2365,2784,2876,2692,0,0,0,0,0,0,28.83,28.83,28.83
$GC,1035,-0.56,-146.6,2481,2365,2876,2692,110.1,-10.2,100,1036,0.00,0.00,0.00,0.000,2054,0.000,0.000,2481,2365,2784,2876,2692,0,0,0,0,0,0,28.83,28.83,28.83
$GC,1065,-0.56,-146.6,2481,2365,2876,2692,113.4,-10.8,103,1066,0.00,0.00,0.00,0.000,2054,0.000,0.000,2481,2365,2784,2876,2692,0,0,0,0,0,0,28.83,28.83,28.83
$GC,1096,-0.56,-146.6,2481,2365,2876,2692,116.9,-11.5,106,1097,0.00,0.00,0.00,0.000,2054,0.000,0.000,2481,2365,2784,2876,2692,0,0,0,0,0,0,28.83,28.83,28.83
$GC,1125,-0.56,-146.6,2481,2365,2876,2692,120.3,-11.5,109,1126,0.00,0.00,0.00,0.000,2054,0.000,0.000,2481,2365,2784,2876,2692,0,0,0,0,0,0,28.83,28.83,28.83
$GC,1155,-0.56,-146.6,2481,2365,2876,2692,123.7,-11.3,112,1156,0.00,0.00,0.00,0.000,2054,0.000,0.000,2481,2365,2784,2876,2692,0,0,0,0,0,0,28.83,28.83,28.83
$GC,1185,-0.56,-146.6,2481,2365,2876,2692,127.1,-11.4,115,1187,0.00,0.00,0.00,0.000,2054,0.000,0.000,2481,2365,2784,2876,2692,0,0,0,0,0,0,28.83,28.83,28.83
$GC,1216,-0.56,-146.6,2481,2365,2876,2692,130.4,-11.1,118,1217,0.00,0.00,0.00,0.000,2054,0.000,0.000,2481,2365,2784,2876,2692,0,0,0,0,0,0,28.83,28.83,28.83
$GC,1245,-0.56,-146.6,2481,2365,2876,2692,133.8,-11.2,121,1255,0.00,2.08,0.00,0.000,2564,0.000,0.029,2481,972,2784,2877,2692,0,0,0,0,0,0,28.83,26.26,28.83
$GC,1290,-0.56,-146.6,1672,971,2840,2685,138.7,-11.6,125,1298,0.00,2.10,0.00,0.000,3078,0.000,0.031,2481,2356,2783,2876,2691,0,0,0,0,0,0,28.83,26.28,28.83
$GC,1328,-0.56,-146.6,2481,2357,2876,2691,143.0,-10.8,129,1329,0.00,0.00,0.00,0.000,2054,0.000,0.000,2481,2357,2783,2876,2691,0,0,0,0,0,0,28.83,28.83,28.83
$GC,1358,-0.56,-146.6,2480,2357,2876,2691,146.3,-10.7,132,1359,0.00,0.00,0.00,0.000,2054,0.000,0.000,2481,2357,2783,2876,2691,0,0,0,0,0,0,28.83,28.83,28.83
$STATE,1386,end dive,BOTTOM_OBSTACLE_DETECTED
$STATE,1386,begin apogee
$GC,1391,-0.27,0.0,2480,2060,2876,2691,149.4,-10.5,135,1520,0.28,0.15,121.72,0.572,10246,0.109,0.073,2575,2201,2189,2283,2096,0,0,0,0,0,0,25.94,25.25,24.40
$STATE,1521,end apogee,CONTROL_FINISHED_OK
$STATE,1521,begin climb
$GC,1523,0.78,146.6,2574,2201,2282,2095,156.0,0.0,148,1641,1.02,0.00,113.57,0.558,10758,0.097,0.000,2912,2201,1606,1728,1484,0,0,0,0,0,0,25.22,28.83,24.34
$GC,1670,0.66,146.6,2912,2201,1727,1478,140.7,15.2,163,1677,0.12,0.00,0.00,0.000,4102,0.165,0.000,2884,2202,1602,1727,1477,0,0,0,0,0,0,25.29,28.83,28.83
$GC,1710,0.60,146.6,2884,2201,1726,1476,135.1,14.1,167,1711,0.08,0.00,0.00,0.000,4102,0.191,0.000,2867,2201,1601,1726,1476,0,0,0,0,0,0,25.63,28.83,28.83
$GC,1740,0.60,146.6,2867,2201,1725,1476,131.4,12.2,170,1741,0.00,0.00,0.00,0.000,4102,0.000,0.000,2868,2201,1601,1726,1476,0,0,0,0,0,0,28.83,28.83,28.83
$GC,1769,0.60,146.6,2867,2201,1725,1475,128.1,11.5,173,1770,0.00,0.00,0.00,0.000,4102,0.000,0.000,2867,2201,1600,1725,1475,0,0,0,0,0,0,28.83,28.83,28.83
$GC,1799,0.60,146.6,2867,2201,1725,1475,124.7,11.2,176,1800,0.00,0.00,0.00,0.000,4102,0.000,0.000,2867,2201,1600,1725,1475,0,0,0,0,0,0,28.83,28.83,28.83
$GC,1829,0.60,146.6,2867,2201,1725,1474,121.1,11.5,179,1830,0.00,0.00,0.00,0.000,4102,0.000,0.000,2867,2201,1599,1725,1474,0,0,0,0,0,0,28.83,28.83,28.83
$GC,1859,0.60,146.6,2867,2201,1724,1474,117.7,11.3,182,1868,0.00,2.15,0.00,0.000,4612,0.000,0.034,2869,791,1598,1723,1474,0,0,0,0,0,0,28.83,25.87,28.83
$GC,1881,0.60,146.6,2869,791,1722,1474,115.1,11.2,184,1890,0.00,2.00,0.00,0.000,5126,0.000,0.022,2869,2146,1598,1722,1474,0,0,0,0,0,0,28.83,25.96,28.83
$GC,1921,0.60,146.6,2869,2146,1722,1474,110.2,12.4,188,1930,0.00,2.17,0.00,0.000,4356,0.000,0.037,2869,3571,1598,1722,1474,0,0,0,0,0,0,28.83,25.94,28.83
$GC,1953,0.60,146.6,2869,3571,1721,1474,105.9,13.3,191,1962,0.00,2.03,0.00,0.000,5126,0.000,0.018,2869,2174,1598,1722,1474,0,0,0,0,0,0,28.83,26.06,28.83
$GC,1993,0.60,146.6,2869,2172,1722,1474,100.8,12.8,195,1994,0.00,0.00,0.00,0.000,4102,0.000,0.000,2869,2172,1598,1722,1474,0,0,0,0,0,0,28.83,28.83,28.83
$GC,2024,0.60,146.6,2869,2172,1722,1474,97.0,12.4,198,2033,0.00,2.10,0.00,0.000,4612,0.000,0.035,2869,782,1597,1721,1474,0,0,0,0,0,0,28.83,26.00,28.83
$GC,2055,0.60,146.6,2869,782,1720,1474,92.9,12.6,201,2065,0.00,2.05,0.00,0.000,5126,0.000,0.023,2869,2177,1596,1719,1474,0,0,0,0,0,0,28.83,26.09,28.83
$GC,2096,0.60,146.6,2869,2178,1720,1474,87.8,12.9,205,2105,0.00,2.12,0.00,0.000,4356,0.000,0.037,2870,3576,1597,1720,1474,0,0,0,0,0,0,28.83,26.04,28.83
$GC,2128,0.60,146.6,2869,3576,1720,1474,83.2,13.6,208,2137,0.00,2.05,0.00,0.000,5126,0.000,0.018,2869,2158,1597,1720,1474,0,0,0,0,0,0,28.83,26.15,28.83
$GC,2168,0.60,146.6,2869,2157,1719,1474,78.0,13.0,212,2177,0.00,2.10,0.00,0.000,4612,0.000,0.035,2869,771,1597,1719,1475,0,0,0,0,0,0,28.83,26.06,28.83
$GC,2210,0.60,146.6,2869,772,1718,1474,73.2,11.6,216,2219,0.00,2.05,0.00,0.000,5126,0.000,0.023,2869,2172,1596,1718,1474,0,0,0,0,0,0,28.83,26.16,28.83
$GC,2251,0.60,146.6,2869,2172,1718,1474,68.7,11.5,220,2259,0.00,2.10,0.00,0.000,4356,0.000,0.036,2869,3564,1596,1718,1474,0,0,0,0,0,0,28.83,26.10,28.83
$GC,2292,0.60,146.6,2869,3565,1718,1474,63.4,12.6,224,2301,0.00,2.03,0.00,0.000,5126,0.000,0.019,2869,2163,1596,1718,1474,0,0,0,0,0,0,28.83,26.20,28.83
$GC,2332,0.60,146.6,2869,2161,1718,1474,58.5,12.3,228,2334,0.00,0.00,0.00,0.000,4102,0.000,0.000,2869,2161,1596,1718,1474,0,0,0,0,0,0,28.83,28.83,28.83
$GC,2363,0.60,146.6,2869,2161,1718,1474,55.0,11.8,231,2364,0.00,0.00,0.00,0.000,4102,0.000,0.000,2869,2161,1596,1718,1474,0,0,0,0,0,0,28.83,28.83,28.83
$GC,2393,0.60,146.6,2869,2161,1718,1474,51.7,11.1,234,2394,0.00,0.00,0.00,0.000,4102,0.000,0.000,2869,2161,1596,1718,1474,0,0,0,0,0,0,28.83,28.83,28.83
$GC,2422,0.60,146.6,2869,2161,1718,1474,48.6,10.6,237,2432,0.00,2.15,0.00,0.000,4356,0.000,0.038,2869,3571,1596,1718,1474,0,0,0,0,0,0,28.83,26.13,28.83
$GC,2455,0.60,146.6,2869,3571,1718,1474,45.4,10.1,240,2464,0.00,2.03,0.00,0.000,5126,0.000,0.017,2869,2158,1596,1718,1474,0,0,0,0,0,0,28.83,26.27,28.83
$GC,2495,0.60,146.6,2869,2158,1718,1474,40.9,11.4,244,2496,0.00,0.00,0.00,0.000,4102,0.000,0.000,2869,2157,1596,1718,1474,0,0,0,0,0,0,28.83,28.83,28.83
$GC,2525,0.60,146.6,2869,2158,1718,1474,37.7,10.9,247,2526,0.00,0.00,0.00,0.000,4102,0.000,0.000,2869,2158,1596,1718,1474,0,0,0,0,0,0,28.83,28.83,28.83
$GC,2555,0.60,146.6,2869,2158,1718,1474,34.2,11.6,250,2556,0.00,0.00,0.00,0.000,4102,0.000,0.000,2869,2158,1596,1718,1474,0,0,0,0,0,0,28.83,28.83,28.83
$GC,2585,0.60,146.6,2869,2158,1718,1474,30.5,12.4,253,2594,0.00,2.08,0.00,0.000,4612,0.000,0.034,2869,780,1596,1718,1474,0,0,0,0,0,0,28.83,26.17,28.83
$GC,2599,0.60,146.6,2869,780,1718,1474,29.5,12.1,254,2607,0.00,2.08,0.00,0.000,5126,0.000,0.024,2869,2168,1596,1718,1474,0,0,0,0,0,0,28.83,26.25,28.83
$GC,2638,0.60,146.6,2869,2168,1718,1474,24.1,12.4,258,2647,0.00,2.10,0.00,0.000,4356,0.000,0.037,2869,3570,1596,1718,1474,0,0,0,0,0,0,28.83,26.17,28.83
$GC,2661,0.60,146.6,2016,3569,1686,1471,21.1,12.7,260,2669,0.00,2.08,0.00,0.000,5126,0.000,0.020,2869,2162,1596,1718,1474,0,0,0,0,0,0,28.83,26.29,28.83
$GC,2699,0.60,146.6,2869,2160,1718,1474,16.0,12.9,264,2708,0.00,2.10,0.00,0.000,4612,0.000,0.034,2869,766,1596,1718,1474,0,0,0,0,0,0,28.83,26.17,28.83
$GC,2753,0.60,146.6,2000,765,1685,1471,10.8,9.8,269,2762,0.00,2.10,0.00,0.000,5126,0.000,0.026,2869,2161,1595,1716,1474,0,0,0,0,0,0,28.83,26.26,28.83
$GC,2791,0.60,146.6,2869,2161,1716,1474,7.3,8.9,273,2801,0.00,2.12,0.00,0.000,4356,0.000,0.038,2870,3569,1595,1717,1474,0,0,0,0,0,0,28.83,26.19,28.83
$STATE,2832,end climb,SURFACE_DEPTH_REACHED
$STATE,2832,begin surface coast
$FINISH,-0.5,1.022263
$STATE,2854,end surface coast,CONTROL_FINISHED_OK
$STATE,2854,begin surface
$SM_CCo,2871,211.48,0.451,1,0,465,433.32
$SM_CCo,3091,-0.17,0.000,0,0,466,433.32
$SM_CCo,3094,0.80,0.086,0,0,465,433.32
$SM_GC,-7.98,7.45,1.80,0.80,0.073,0.018,0.086,245,2333,465,-7.52,1.78,433.32,0,0,0,0,0,0,26.17,26.37,25.25
$IRIDIUM_FIX,4732.49,-12204.40,230208,080855
$TT8_MAMPS,0.027713,0.027713
$HUMID,41.61
$INTERNAL_PRESSURE,8.08665
$TCM_TEMP,17.00
$XPDR_PINGS,39
$ALTIM_TOP_PING,18.6,26.9
$ALTIM_BOTTOM_PING,100.3,73.8
$24V_AH,24.3,23.350
$10V_AH,10.2,10.456
$FG_AHR_24Vo,0.000
$FG_AHR_10Vo,0.000
$DEVICES,Pitch_motor,Roll_motor,VBD_pump_during_apogee,VBD_pump_during_surface,VBD_valve,Iridium_during_init,Iridium_during_connect,Iridium_during_xfer,Transponder_ping,GUMSTIX_24V,GPS,TT8,LPSleep,TT8_Active,TT8_Sampling,TT8_CF8,TT8_Kalman,Analog_circuits,GPS_charging,Compass,RAFOS,Transponder,Compass2
$DEVICE_SECS,0.000,0.000,0.000,0.000,0.000,0.000,0.000,0.000,0.000,0.000,0.000,0.000,0.000,0.000,0.000,0.000,0.000,0.000,0.000,0.000,0.000,0.000,0.000
$DEVICE_MAMPS,0.000,0.000,0.000,0.000,0.000,0.000,0.000,0.000,0.000,0.000,0.000,0.000,0.000,0.000,0.000,0.000,0.000,0.000,0.000,0.000,0.000,0.000,0.000
$SENSORS,SBE_CT,AA4330,WL_BB2FLVMG,nil,nil,nil,nil,nil,nil,nil
$SENSOR_SECS,0.000,0.000,0.000,0.000,0.000,0.000,0.000,0.000,0.000,0.000
$SENSOR_MAMPS,0.000,0.000,0.000,0.000,0.000,0.000,0.000,0.000,0.000,0.000
$MEM,355168
$DATA_FILE_SIZE,20378,279
$CAP_FILE_SIZE,92903,0
$CFSIZE,260165632,246255616
$ERRORS,0,0,0,0,0,0,0,0,0,0,0,0,0,1,0,0
$CURRENT,0.110, 18.6,1
$GPS,010226,235028,4750.872,-12222.951,8,1.6,19,18.2
