version: 66.11
glider: 175
mission: 9
dive: 278
start: 6 10 125 2 4 41
data:
$ID,175
$MISSION,9
$DIVE,278
$N_DIVES,0
$D_SURF,3
$D_FLARE,3
$D_TGT,150
$D_ABORT,1090
$D_NO_BLEED,500
$D_BOOST,3
$T_BOOST,0
$D_FINISH,0
$D_PITCH,0
$D_SAFE,0
$D_CALL,0
$SURFACE_URGENCY,0
$SURFACE_URGENCY_TRY,0
$SURFACE_URGENCY_FORCE,0
$T_DIVE,50
$T_MISSION,65
$T_ABORT,1440
$T_TURN,300
$T_TURN_SAMPINT,5
$T_NO_W,120
$T_LOITER,0
$T_EPIRB,0
$USE_BATHY,0
$USE_ICE,0
$ICE_FREEZE_MARGIN,0.30000001
$D_OFFGRID,100
$T_WATCHDOG,10
$RELAUNCH,1
$APOGEE_PITCH,-8
$MAX_BUOY,150
$COURSE_BIAS,0
$GLIDE_SLOPE,30
$SPEED_FACTOR,1
$RHO,1.023
$MASS,51902
$MASS_COMP,0
$NAV_MODE,2
$FERRY_MAX,45
$KALMAN_USE,2
$HD_A,0.003
$HD_B,0.0099999998
$HD_C,9.9999997e-06
$HEADING,-1
$ESCAPE_HEADING,0
$ESCAPE_HEADING_DELTA,10
$FIX_MISSING_TIMEOUT,0
$TGT_DEFAULT_LAT,4743
$TGT_DEFAULT_LON,-12225
$TGT_AUTO_DEFAULT,0
$SM_CC,250
$N_FILEKB,4
$FILEMGR,0
$CALL_NDIVES,1
$COMM_SEQ,0
$PROTOCOL,9
$N_NOCOMM,1
$NOCOMM_ACTION,0
$N_NOSURFACE,0
$UPLOAD_DIVES_MAX,-1
$CALL_TRIES,5
$CALL_WAIT,60
$CAPUPLOAD,1
$CAPMAXSIZE,200000
$HEAPDBG,0
$T_GPS,15
$N_GPS,30
$T_GPS_ALMANAC,0
$T_GPS_CHARGE,-34862.828
$T_RSLEEP,2
$STROBE,0
$RAFOS_PEAK_OFFSET,1.5
$RAFOS_CORR_THRESH,60
$RAFOS_HIT_WINDOW,3600
$PITCH_MIN,255
$PITCH_MAX,3935
$C_PITCH,3053
$PITCH_DBAND,0.0099999998
$PITCH_CNV,0.003125763
$P_OVSHOOT,0.039999999
$PITCH_GAIN,30
$PITCH_TIMEOUT,17
$PITCH_AD_RATE,160
$PITCH_MAXERRORS,1
$PITCH_ADJ_GAIN,0.02
$PITCH_ADJ_DBAND,2.5
$ROLL_MIN,171
$ROLL_MAX,3723
$ROLL_DEG,40
$C_ROLL_DIVE,2033
$C_ROLL_CLIMB,1891
$HEAD_ERRBAND,10
$ROLL_CNV,0.028270001
$ROLL_TIMEOUT,15
$R_PORT_OVSHOOT,66
$R_STBD_OVSHOOT,65
$ROLL_AD_RATE,300
$ROLL_MAXERRORS,2
$ROLL_ADJ_GAIN,0
$ROLL_ADJ_DBAND,0
$VBD_MIN,465
$VBD_MAX,3960
$C_VBD,2140
$VBD_DBAND,2
$VBD_CNV,-0.25119999
$VBD_TIMEOUT,720
$PITCH_VBD_SHIFT,0.0012300001
$VBD_PUMP_AD_RATE_SURFACE,5
$VBD_PUMP_AD_RATE_APOGEE,4
$VBD_BLEED_AD_RATE,8
$UNCOM_BLEED,60
$VBD_MAXERRORS,1
$W_ADJ_DBAND,2
$DBDW,0
$PITCH_W_GAIN,0
$PITCH_W_DBAND,1
$CF8_MAXERRORS,5
$AH0_24V,145
$AH0_10V,95
$MINV_24V,19
$MINV_10V,8
$FG_AHR_10V,0
$FG_AHR_24V,0
$PHONE_SUPPLY,2
$PRESSURE_YINT,-33.008354
$PRESSURE_SLOPE,0.0001165895
$AD7714Ch0Gain,128
$TCM_PITCH_OFFSET,0
$TCM_ROLL_OFFSET,0
$COMPASS_USE,4
$ALTIM_BOTTOM_PING_RANGE,0
$ALTIM_TOP_PING_RANGE,20
$ALTIM_BOTTOM_TURN_MARGIN,25
$ALTIM_TOP_TURN_MARGIN,0
$ALTIM_TOP_MIN_OBSTACLE,1
$ALTIM_PING_DEPTH,120
$ALTIM_PING_DELTA,5
$ALTIM_FREQUENCY,13
$ALTIM_PULSE,3
$ALTIM_SENSITIVITY,3
$XPDR_VALID,5
$XPDR_INHIBIT,90
$INT_PRESSURE_SLOPE,0.0097660003
$INT_PRESSURE_YINT,-0.40000001
$DEEPGLIDER,0
$DEEPGLIDERMB,0
$MOTHERBOARD,4
$DEVICE1,2
$DEVICE2,20
$DEVICE3,-1
$DEVICE4,-1
$DEVICE5,-1
$DEVICE6,-1
$LOGGERS,7
$LOGGERDEVICE1,-1
$LOGGERDEVICE2,-1
$LOGGERDEVICE3,-1
$LOGGERDEVICE4,-1
$COMPASS_DEVICE,33
$COMPASS2_DEVICE,-1
$PHONE_DEVICE,49
$GPS_DEVICE,32
$RAFOS_DEVICE,-1
$XPDR_DEVICE,24
$SIM_W,0
$SIM_PITCH,0
$SEABIRD_T_G,0.0043275012
$SEABIRD_T_H,0.0006214368
$SEABIRD_T_I,2.2085376e-05
$SEABIRD_T_J,2.2233748e-06
$SEABIRD_C_G,-10.084761
$SEABIRD_C_H,1.1595923
$SEABIRD_C_I,-0.0010180317
$SEABIRD_C_J,0.00017345669
$GPS1,100625,015633,4746.378,-12224.924,11,1.7,27,18.2
$_CALLS,2
$_XMS_NAKs,0
$_XMS_TOUTs,0
$_SM_DEPTHo,-5.95
$_SM_ANGLEo,-73.4
$GPS2,100625,020411,4746.261,-12224.970,14,1.9,14,18.2
$SPEED_LIMITS,0.173,0.260
$TGT_NAME,NORTH_175
$TGT_LATLONG,4750.000,-12225.000
$TGT_RADIUS,200.000
$KALMAN_CONTROL,0.000,0.000
$KALMAN_X,0.0,0.0,0.0,0.0,0.0
$KALMAN_Y,0.0,0.0,0.0,0.0,0.0
$MHEAD_RNG_PITCHd_Wd,346.2,6924,-17.5,-10.000,-21.04,2225
$D_GRID,150
$GCHEAD,st_secs,pitch_ctl,vbd_ctl,pitch_ad_start,roll_ad_start,vbd_pot1_ad_start,vbd_pot2_ad_start,depth,ob_vertv,data_pts,end_secs,pitch_secs,roll_secs,vbd_secs,vbd_i,gcphase,pitch_i,roll_i,pitch_ad,roll_ad,vbd_ad,vbd_pot1_ad,vbd_pot2_ad,pitch_retries,pitch_errors,roll_retries,roll_errors,vbd_retries,vbd_errors,pitch_volts,roll_volts,vbd_volts
$STATE,12,end surface,CONTROL_FINISHED_OK
$STATE,13,begin dive
$GC,15,-0.76,-146.6,241,2027,1235,1031,0.0,0.0,0,78,0.00,0.00,-56.05,0.000,16390,0.000,0.000,242,2027,2726,2808,2645,0,0,0,0,0,0,28.83,28.83,26.44
$GC,81,-0.76,-146.6,241,2028,2809,2646,-1.7,-9.1,6,100,9.95,2.10,0.00,0.000,2308,0.223,0.033,2784,3419,2734,2822,2647,0,0,0,0,0,0,25.75,26.12,28.83
$GC,222,-0.63,-146.6,2783,3419,2829,2646,22.1,-14.4,19,231,0.20,2.05,0.00,0.000,3078,0.142,0.021,2847,2014,2738,2830,2647,0,0,0,0,0,0,26.03,26.27,28.83
$GC,260,-0.56,-146.6,2847,2013,2831,2646,26.9,-11.6,23,271,0.10,2.05,0.00,0.000,2564,0.177,0.034,2872,651,2738,2831,2645,0,0,0,0,0,0,26.17,26.25,28.83
$GC,382,-0.56,-146.6,2872,650,2831,2645,37.6,-8.1,34,389,0.00,2.03,0.00,0.000,1030,0.000,0.024,2872,2018,2738,2831,2645,0,0,0,0,0,0,28.83,26.36,28.83
$GC,421,-0.56,-146.6,2871,2018,2833,2645,40.9,-8.0,38,428,0.00,0.00,0.00,0.000,6,0.000,0.000,2872,2018,2739,2833,2645,0,0,0,0,0,0,28.83,28.83,28.83
$GC,460,-0.56,-146.6,2871,2018,2833,2645,44.3,-8.4,42,461,0.00,0.00,0.00,0.000,2054,0.000,0.000,2872,2018,2739,2834,2645,0,0,0,0,0,0,28.83,28.83,28.83
$GC,490,-0.61,-146.6,2871,2018,2834,2645,46.5,-7.6,45,500,0.00,2.03,0.00,0.000,4612,0.000,0.034,2872,655,2739,2833,2645,0,0,0,0,0,0,28.83,26.36,28.83
$GC,610,-0.61,-146.6,2871,653,2833,2645,56.3,-9.8,56,618,0.00,2.05,0.00,0.000,5126,0.000,0.024,2872,2033,2739,2833,2645,0,0,0,0,0,0,28.83,26.44,28.83
$GC,650,-0.67,-146.6,2871,2034,2835,2645,61.0,-11.6,60,660,0.12,2.08,0.00,0.000,4356,0.092,0.037,2810,3437,2740,2835,2645,0,0,0,0,0,0,26.46,26.40,28.83
$GC,781,-0.67,-146.6,2810,3437,2835,2645,73.0,-8.3,72,790,0.05,2.03,0.00,0.000,3078,0.145,0.019,2828,2017,2740,2835,2645,0,0,0,0,0,0,26.32,26.52,28.83
$GC,820,-0.67,-146.6,2827,2016,2835,2645,76.3,-8.0,76,821,0.00,0.00,0.00,0.000,2054,0.000,0.000,2828,2016,2739,2834,2645,0,0,0,0,0,0,28.83,28.83,28.83
$GC,850,-0.67,-146.6,2827,2016,2834,2645,78.6,-7.8,79,851,0.00,0.00,0.00,0.000,2054,0.000,0.000,2828,2016,2739,2834,2645,0,0,0,0,0,0,28.83,28.83,28.83
$GC,880,-0.67,-146.6,2827,2016,2834,2645,81.0,-7.9,82,881,0.00,0.00,0.00,0.000,2054,0.000,0.000,2827,2016,2739,2834,2645,0,0,0,0,0,0,28.83,28.83,28.83
$GC,909,-0.67,-146.6,2827,2015,2836,2645,83.8,-9.0,85,911,0.00,0.00,0.00,0.000,2054,0.000,0.000,2828,2015,2740,2835,2645,0,0,0,0,0,0,28.83,28.83,28.83
$GC,940,-0.67,-146.6,2827,2016,2835,2645,86.4,-9.0,88,941,0.00,0.00,0.00,0.000,2054,0.000,0.000,2828,2015,2740,2835,2645,0,0,0,0,0,0,28.83,28.83,28.83
$GC,970,-0.67,-146.6,2827,2015,2835,2645,89.3,-9.2,91,971,0.00,0.00,0.00,0.000,2054,0.000,0.000,2828,2015,2739,2834,2645,0,0,0,0,0,0,28.83,28.83,28.83
$GC,999,-0.67,-146.6,2827,2015,2834,2645,92.2,-9.8,94,1001,0.00,0.00,0.00,0.000,2054,0.000,0.000,2827,2016,2740,2835,2645,0,0,0,0,0,0,28.83,28.83,28.83
$GC,1029,-0.67,-146.6,2827,2015,2835,2645,94.9,-9.3,97,1031,0.00,0.00,0.00,0.000,2054,0.000,0.000,2828,2015,2740,2835,2645,0,0,0,0,0,0,28.83,28.83,28.83
$GC,1060,-0.67,-146.6,2827,2015,2835,2645,97.7,-9.0,100,1069,0.00,1.95,0.00,0.000,2564,0.000,0.033,2828,666,2739,2834,2644,0,0,0,0,0,0,28.83,26.49,28.83
$GC,1179,-0.67,-146.6,2827,665,2834,2644,109.9,-10.6,111,1188,0.00,2.03,0.00,0.000,3078,0.000,0.024,2824,2039,2740,2835,2645,0,0,0,0,0,0,28.83,26.55,28.83
$GC,1217,-0.67,-146.6,2824,2039,2835,2644,113.9,-9.9,115,1219,0.00,0.00,0.00,0.000,2054,0.000,0.000,2824,2039,2739,2835,2644,0,0,0,0,0,0,28.83,28.83,28.83
$GC,1249,-0.67,-146.6,2824,2039,2835,2644,116.8,-9.7,118,1255,0.00,0.00,0.00,0.000,2054,0.000,0.000,2825,2040,2739,2835,2644,0,0,0,0,0,0,28.83,28.83,28.83
$GC,1292,-0.67,-146.6,2824,2039,2835,2643,120.7,-9.7,122,1298,0.00,0.00,0.00,0.000,2054,0.000,0.000,2824,2039,2739,2835,2644,0,0,0,0,0,0,28.83,28.83,28.83
$GC,1328,-0.67,-146.6,2824,2039,2835,2644,124.6,-9.5,126,1329,0.00,0.00,0.00,0.000,2054,0.000,0.000,2824,2039,2739,2834,2644,0,0,0,0,0,0,28.83,28.83,28.83
$GC,1357,-0.67,-146.6,2824,2039,2835,2644,127.5,-9.6,129,1367,0.00,2.08,0.00,0.000,2308,0.000,0.038,2821,3437,2739,2835,2644,0,0,0,0,0,0,28.83,26.51,28.83
$GC,1393,-0.67,-146.6,2820,3437,2834,2644,130.6,-9.6,132,1402,0.00,2.00,0.00,0.000,3078,0.000,0.019,2821,2043,2739,2835,2644,0,0,0,0,0,0,28.83,26.59,28.83
$GC,1432,-0.67,-146.6,2820,2043,2835,2644,134.5,-9.6,136,1442,0.05,2.03,0.00,0.000,2564,0.208,0.033,2832,652,2739,2835,2644,0,0,0,0,0,0,26.60,26.53,28.83
$GC,1519,-0.67,-146.6,2832,652,2835,2643,142.7,-9.5,144,1528,0.00,1.95,0.00,0.000,3078,0.000,0.023,2832,2031,2739,2835,2643,0,0,0,0,0,0,28.83,26.58,28.83
$GC,1559,-0.67,-146.6,2832,2031,2835,2643,146.0,-8.0,148,1562,0.00,2.10,0.00,0.000,2308,0.000,0.037,2832,3432,2738,2834,2643,0,0,0,0,0,0,28.83,26.53,28.83
$GC,1593,-0.67,-146.6,2832,3432,2834,2644,148.2,-6.9,151,1602,0.00,2.00,0.00,0.000,3078,0.000,0.018,2832,2029,2739,2835,2644,0,0,0,0,0,0,28.83,26.62,28.83
$STATE,1620,end dive,TARGET_DEPTH_EXCEEDED
$STATE,1620,begin apogee
$GC,1624,-0.27,0.0,2832,1838,2835,2643,150.4,-7.2,154,1752,0.40,0.00,119.85,0.578,10246,0.125,0.000,2964,1835,2139,2225,2053,0,0,0,0,0,0,26.36,28.83,24.96
$STATE,1754,end apogee,CONTROL_FINISHED_OK
$STATE,1754,begin climb
$GC,1755,0.76,146.6,2963,1835,2223,2052,151.5,0.0,167,1875,0.98,2.30,111.55,0.555,10500,0.091,0.031,3292,3290,1555,1674,1436,0,0,0,0,0,0,25.49,25.39,24.87
$GC,1895,0.67,146.6,3292,3291,1674,1432,133.9,16.3,181,1905,0.10,2.00,0.00,0.000,5126,0.145,0.018,3272,1902,1552,1674,1431,0,0,0,0,0,0,25.47,25.63,28.83
$GC,1935,0.60,146.6,3272,1900,1674,1429,127.8,15.5,185,1943,0.10,0.00,0.00,0.000,4102,0.163,0.000,3248,1900,1551,1674,1428,0,0,0,0,0,0,25.70,28.83,28.83
$GC,1975,0.60,146.6,3247,1900,1674,1427,123.0,12.2,189,1976,0.00,0.00,0.00,0.000,6,0.000,0.000,3248,1899,1550,1674,1427,0,0,0,0,0,0,28.83,28.83,28.83
$GC,2004,0.60,146.6,3247,1900,1674,1426,119.6,11.1,192,2006,0.00,0.00,0.00,0.000,6,0.000,0.000,3248,1900,1550,1674,1426,0,0,0,0,0,0,28.83,28.83,28.83
$GC,2034,0.60,146.6,3247,1900,1674,1426,116.2,11.4,195,2036,0.00,0.00,0.00,0.000,6,0.000,0.000,3248,1900,1550,1674,1426,0,0,0,0,0,0,28.83,28.83,28.83
$GC,2064,0.60,146.6,3247,1900,1674,1425,112.9,10.8,198,2066,0.00,0.00,0.00,0.000,6,0.000,0.000,3247,1900,1549,1674,1425,0,0,0,0,0,0,28.83,28.83,28.83
$GC,2095,0.60,146.6,3247,1900,1674,1424,109.5,11.2,201,2096,0.00,0.00,0.00,0.000,6,0.000,0.000,3248,1900,1549,1674,1425,0,0,0,0,0,0,28.83,28.83,28.83
$GC,2124,0.60,146.6,3247,1900,1674,1424,106.2,10.8,204,2126,0.00,0.00,0.00,0.000,6,0.000,0.000,3248,1900,1549,1674,1424,0,0,0,0,0,0,28.83,28.83,28.83
$GC,2154,0.60,146.6,3247,1900,1674,1424,102.7,11.6,207,2156,0.00,0.00,0.00,0.000,6,0.000,0.000,3247,1900,1549,1674,1424,0,0,0,0,0,0,28.83,28.83,28.83
$GC,2184,0.60,146.6,3247,1900,1674,1424,99.1,12.2,210,2186,0.00,0.00,0.00,0.000,6,0.000,0.000,3248,1900,1549,1674,1424,0,0,0,0,0,0,28.83,28.83,28.83
$GC,2215,0.60,146.6,3247,1900,1674,1424,95.5,12.1,213,2216,0.00,0.00,0.00,0.000,6,0.000,0.000,3248,1900,1549,1674,1424,0,0,0,0,0,0,28.83,28.83,28.83
$GC,2245,0.60,146.6,3247,1900,1674,1423,92.1,11.3,216,2255,0.00,2.05,0.00,0.000,516,0.000,0.037,3251,528,1548,1674,1423,0,0,0,0,0,0,28.83,26.21,28.83
$GC,2268,0.60,146.6,3251,528,1672,1424,89.4,11.1,218,2277,0.00,1.98,0.00,0.000,5126,0.000,0.019,3251,1911,1547,1671,1423,0,0,0,0,0,0,28.83,26.28,28.83
$GC,2308,0.60,146.6,3251,1911,1671,1423,85.3,10.3,222,2309,0.00,0.00,0.00,0.000,4102,0.000,0.000,3251,1911,1547,1671,1424,0,0,0,0,0,0,28.83,28.83,28.83
$GC,2339,0.60,146.6,3251,1911,1671,1423,82.4,9.9,225,2348,0.00,2.03,0.00,0.000,4356,0.000,0.032,3251,3288,1547,1671,1423,0,0,0,0,0,0,28.83,26.28,28.83
$GC,2361,0.60,146.6,3251,3287,1671,1423,80.0,9.8,227,2371,0.00,2.00,0.00,0.000,5126,0.000,0.020,3252,1888,1547,1671,1423,0,0,0,0,0,0,28.83,26.33,28.83
$GC,2401,0.60,146.6,3251,1888,1671,1423,76.1,9.9,231,2402,0.00,0.00,0.00,0.000,4102,0.000,0.000,3251,1889,1547,1671,1423,0,0,0,0,0,0,28.83,28.83,28.83
$GC,2431,0.60,146.6,3251,1888,1671,1423,73.1,9.8,234,2432,0.00,0.00,0.00,0.000,4102,0.000,0.000,3251,1888,1547,1671,1423,0,0,0,0,0,0,28.83,28.83,28.83
$GC,2461,0.60,146.6,3251,1888,1671,1423,70.1,10.0,237,2463,0.00,0.00,0.00,0.000,4102,0.000,0.000,3251,1888,1547,1671,1423,0,0,0,0,0,0,28.83,28.83,28.83
$GC,2491,0.60,146.6,3251,1888,1671,1423,67.0,10.3,240,2492,0.00,0.00,0.00,0.000,4102,0.000,0.000,3252,1889,1547,1671,1423,0,0,0,0,0,0,28.83,28.83,28.83
$GC,2521,0.60,146.6,3251,1888,1671,1423,63.8,10.6,243,2522,0.00,0.00,0.00,0.000,4102,0.000,0.000,3252,1888,1547,1671,1423,0,0,0,0,0,0,28.83,28.83,28.83
$GC,2551,0.60,146.6,3251,1888,1671,1423,60.7,10.4,246,2552,0.00,0.00,0.00,0.000,4102,0.000,0.000,3252,1888,1547,1671,1423,0,0,0,0,0,0,28.83,28.83,28.83
$GC,2581,0.60,146.6,3251,1889,1671,1423,57.5,10.6,249,2583,0.00,0.00,0.00,0.000,4102,0.000,0.000,3251,1888,1547,1671,1423,0,0,0,0,0,0,28.83,28.83,28.83
$GC,2611,0.60,146.6,3251,1888,1671,1423,54.4,10.3,252,2612,0.00,0.00,0.00,0.000,4102,0.000,0.000,3252,1888,1547,1671,1423,0,0,0,0,0,0,28.83,28.83,28.83
$GC,2641,0.60,146.6,3251,1888,1671,1423,51.2,10.7,255,2642,0.00,0.00,0.00,0.000,4102,0.000,0.000,3252,1888,1547,1671,1423,0,0,0,0,0,0,28.83,28.83,28.83
$GC,2671,0.60,146.6,3251,1888,1671,1422,47.8,11.1,258,2680,0.00,2.08,0.00,0.000,4356,0.000,0.032,3251,3285,1547,1671,1423,0,0,0,0,0,0,28.83,26.41,28.83
$GC,2685,0.60,146.6,3252,3285,1671,1423,46.9,11.1,259,2693,0.00,2.03,0.00,0.000,5126,0.000,0.020,3252,1891,1547,1671,1423,0,0,0,0,0,0,28.83,26.46,28.83
$GC,2725,0.60,146.6,3251,1891,1671,1423,41.6,12.3,263,2732,0.00,0.00,0.00,0.000,4102,0.000,0.000,3252,1891,1547,1671,1423,0,0,0,0,0,0,28.83,28.83,28.83
$GC,2764,0.60,146.6,3251,1891,1671,1423,36.8,12.0,267,2765,0.00,0.00,0.00,0.000,4102,0.000,0.000,3252,1891,1547,1671,1423,0,0,0,0,0,0,28.83,28.83,28.83
$GC,2794,0.60,146.6,3251,1890,1671,1423,33.4,11.6,270,2795,0.00,0.00,0.00,0.000,4102,0.000,0.000,3252,1890,1547,1671,1423,0,0,0,0,0,0,28.83,28.83,28.83
$GC,2824,0.60,146.6,3252,1890,1671,1423,30.0,11.1,273,2833,0.00,2.05,0.00,0.000,4356,0.000,0.032,3252,3288,1546,1671,1422,0,0,0,0,0,0,28.83,26.45,28.83
$GC,2838,0.60,146.6,3252,3288,1671,1423,29.2,11.0,274,2846,0.00,2.05,0.00,0.000,5126,0.000,0.020,3252,1884,1547,1671,1423,0,0,0,0,0,0,28.83,26.49,28.83
$GC,2877,0.60,146.6,3251,1884,1671,1422,24.6,10.3,278,2886,0.00,2.03,0.00,0.000,4612,0.000,0.038,3252,511,1546,1671,1422,0,0,0,0,0,0,28.83,26.43,28.83
$GC,2922,0.60,146.6,3251,511,1671,1423,20.9,8.4,282,2931,0.00,2.00,0.00,0.000,5126,0.000,0.019,3252,1889,1547,1671,1423,0,0,0,0,0,0,28.83,26.51,28.83
$GC,2961,0.60,146.6,3251,1888,1671,1422,17.1,9.3,286,2962,0.00,0.00,0.00,0.000,4102,0.000,0.000,3252,1889,1546,1671,1422,0,0,0,0,0,0,28.83,28.83,28.83
$GC,2991,0.60,146.6,3251,1888,1671,1422,14.2,10.1,289,2993,0.00,0.00,0.00,0.000,4102,0.000,0.000,3252,1888,1546,1671,1422,0,0,0,0,0,0,28.83,28.83,28.83
$GC,3021,0.60,146.6,3251,1888,1671,1422,11.1,10.1,292,3032,0.00,2.03,0.00,0.000,4356,0.000,0.033,3252,3278,1546,1671,1422,0,0,0,0,0,0,28.83,26.48,28.83
$STATE,3106,end climb,SURFACE_DEPTH_REACHED
$STATE,3106,begin surface coast
$FINISH,-0.9,1.022205
$STATE,3140,end surface coast,CONTROL_FINISHED_OK
$STATE,3140,begin surface
$SM_CCo,3158,81.90,0.441,1,0,1143,250.20
$SM_GC,-6.09,8.25,1.83,81.90,0.065,0.019,0.441,249,2025,1143,-8.70,1.81,250.20,0,0,0,0,1,0,26.47,26.55,25.27
$IRIDIUM_FIX,4726.11,-12221.39,060418,151527
$TT8_MAMPS,0.028462,0.028462
$HUMID,40.19
$INTERNAL_PRESSURE,8.448
$TCM_TEMP,19.50
$XPDR_PINGS,0
$ALTIM_TOP_PING,19.1,25.4
$ALTIM_BOTTOM_PING,120.7,65.3
$24V_AH,24.9,17.471
$10V_AH,10.5,7.611
$FG_AHR_24Vo,0.000
$FG_AHR_10Vo,0.000
$DEVICES,Pitch_motor,Roll_motor,VBD_pump_during_apogee,VBD_pump_during_surface,VBD_valve,Iridium_during_init,Iridium_during_connect,Iridium_during_xfer,Transponder_ping,GUMSTIX_24V,GPS,TT8,LPSleep,TT8_Active,TT8_Sampling,TT8_CF8,TT8_Kalman,Analog_circuits,GPS_charging,Compass,RAFOS,Transponder,Compass2
$DEVICE_SECS,20.300,61.075,231.400,81.900,0.000,66.462,58.721,168.921,0.750,0.000,17.742,879.039,980.748,432.789,1296.063,136.609,0.000,980.073,0.000,638.405,0.000,7.248,0.000
$DEVICE_MAMPS,222.615,75.735,578.340,441.405,0.000,43.600,160.000,223.000,420.000,0.000,28.460,13.960,2.190,13.960,37.930,44.670,0.000,16.000,0.000,15.730,0.000,30.000,0.000
$SENSORS,SBE_CT,SBE_O2,nil,nil,nil,nil,nil,nil,nil,nil
$SENSOR_SECS,202.319,763.274,0.000,0.000,0.000,0.000,0.000,0.000,0.000,0.000
$SENSOR_MAMPS,23.220,4.490,0.000,0.000,0.000,0.000,0.000,0.000,0.000,0.000
$MEM,354476
$DATA_FILE_SIZE,13511,303
$CAP_FILE_SIZE,90701,0
$CFSIZE,260165632,245886976
$ERRORS,0,0,0,0,0,0,0,0,0,0,0,0,0,1,0,0
$CURRENT,0.139,331.6,1
$GPS,100625,030003,4746.888,-12225.109,10,0.8,38,18.2
