version: 66.11
glider: 175
mission: 9
dive: 131
start: 6 4 125 9 48 27
data:
$ID,175
$MISSION,9
$DIVE,131
$N_DIVES,0
$D_SURF,3
$D_FLARE,3
$D_TGT,90
$D_ABORT,1090
$D_NO_BLEED,500
$D_BOOST,3
$T_BOOST,0
$D_FINISH,0
$D_PITCH,0
$D_SAFE,0
$D_CALL,0
$SURFACE_URGENCY,0
$SURFACE_URGENCY_TRY,0
$SURFACE_URGENCY_FORCE,0
$T_DIVE,30
$T_MISSION,45
$T_ABORT,1440
$T_TURN,300
$T_TURN_SAMPINT,5
$T_NO_W,120
$T_LOITER,0
$T_EPIRB,0
$USE_BATHY,0
$USE_ICE,0
$ICE_FREEZE_MARGIN,0.30000001
$D_OFFGRID,100
$T_WATCHDOG,10
$RELAUNCH,1
$APOGEE_PITCH,-8
$MAX_BUOY,150
$COURSE_BIAS,0
$GLIDE_SLOPE,30
$SPEED_FACTOR,1
$RHO,1.023
$MASS,51902
$MASS_COMP,0
$NAV_MODE,2
$FERRY_MAX,45
$KALMAN_USE,2
$HD_A,0.003
$HD_B,0.0099999998
$HD_C,9.9999997e-06
$HEADING,-1
$ESCAPE_HEADING,0
$ESCAPE_HEADING_DELTA,10
$FIX_MISSING_TIMEOUT,0
$TGT_DEFAULT_LAT,4743
$TGT_DEFAULT_LON,-12225
$TGT_AUTO_DEFAULT,0
$SM_CC,250
$N_FILEKB,4
$FILEMGR,0
$CALL_NDIVES,1
$COMM_SEQ,0
$PROTOCOL,9
$N_NOCOMM,1
$NOCOMM_ACTION,0
$N_NOSURFACE,0
$UPLOAD_DIVES_MAX,-1
$CALL_TRIES,5
$CALL_WAIT,60
$CAPUPLOAD,1
$CAPMAXSIZE,200000
$HEAPDBG,0
$T_GPS,15
$N_GPS,30
$T_GPS_ALMANAC,0
$T_GPS_CHARGE,-34637.359
$T_RSLEEP,2
$STROBE,0
$RAFOS_PEAK_OFFSET,1.5
$RAFOS_CORR_THRESH,60
$RAFOS_HIT_WINDOW,3600
$PITCH_MIN,255
$PITCH_MAX,3935
$C_PITCH,3013
$PITCH_DBAND,0.0099999998
$PITCH_CNV,0.003125763
$P_OVSHOOT,0.039999999
$PITCH_GAIN,30
$PITCH_TIMEOUT,17
$PITCH_AD_RATE,160
$PITCH_MAXERRORS,1
$PITCH_ADJ_GAIN,0.02
$PITCH_ADJ_DBAND,2.5
$ROLL_MIN,171
$ROLL_MAX,3723
$ROLL_DEG,40
$C_ROLL_DIVE,2033
$C_ROLL_CLIMB,1891
$HEAD_ERRBAND,10
$ROLL_CNV,0.028270001
$ROLL_TIMEOUT,15
$R_PORT_OVSHOOT,65
$R_STBD_OVSHOOT,64
$ROLL_AD_RATE,300
$ROLL_MAXERRORS,2
$ROLL_ADJ_GAIN,0
$ROLL_ADJ_DBAND,0
$VBD_MIN,465
$VBD_MAX,3960
$C_VBD,2140
$VBD_DBAND,2
$VBD_CNV,-0.25119999
$VBD_TIMEOUT,720
$PITCH_VBD_SHIFT,0.0012300001
$VBD_PUMP_AD_RATE_SURFACE,5
$VBD_PUMP_AD_RATE_APOGEE,4
$VBD_BLEED_AD_RATE,8
$UNCOM_BLEED,60
$VBD_MAXERRORS,1
$W_ADJ_DBAND,2
$DBDW,0
$PITCH_W_GAIN,0
$PITCH_W_DBAND,1
$CF8_MAXERRORS,5
$AH0_24V,145
$AH0_10V,95
$MINV_24V,19
$MINV_10V,8
$FG_AHR_10V,0
$FG_AHR_24V,0
$PHONE_SUPPLY,2
$PRESSURE_YINT,-33.008354
$PRESSURE_SLOPE,0.0001165895
$AD7714Ch0Gain,128
$TCM_PITCH_OFFSET,0
$TCM_ROLL_OFFSET,0
$COMPASS_USE,4
$ALTIM_BOTTOM_PING_RANGE,0
$ALTIM_TOP_PING_RANGE,20
$ALTIM_BOTTOM_TURN_MARGIN,25
$ALTIM_TOP_TURN_MARGIN,0
$ALTIM_TOP_MIN_OBSTACLE,1
$ALTIM_PING_DEPTH,80
$ALTIM_PING_DELTA,5
$ALTIM_FREQUENCY,13
$ALTIM_PULSE,3
$ALTIM_SENSITIVITY,3
$XPDR_VALID,5
$XPDR_INHIBIT,90
$INT_PRESSURE_SLOPE,0.0097660003
$INT_PRESSURE_YINT,-0.40000001
$DEEPGLIDER,0
$DEEPGLIDERMB,0
$MOTHERBOARD,4
$DEVICE1,2
$DEVICE2,20
$DEVICE3,-1
$DEVICE4,-1
$DEVICE5,-1
$DEVICE6,-1
$LOGGERS,7
$LOGGERDEVICE1,-1
$LOGGERDEVICE2,-1
$LOGGERDEVICE3,-1
$LOGGERDEVICE4,-1
$COMPASS_DEVICE,33
$COMPASS2_DEVICE,-1
$PHONE_DEVICE,49
$GPS_DEVICE,32
$RAFOS_DEVICE,-1
$XPDR_DEVICE,24
$SIM_W,0
$SIM_PITCH,0
$SEABIRD_T_G,0.0043275012
$SEABIRD_T_H,0.0006214368
$SEABIRD_T_I,2.2085376e-05
$SEABIRD_T_J,2.2233748e-06
$SEABIRD_C_G,-10.084761
$SEABIRD_C_H,1.1595923
$SEABIRD_C_I,-0.0010180317
$SEABIRD_C_J,0.00017345669
$GPS1,040625,094359,4745.726,-12225.224,8,1.6,8,18.2
$_CALLS,1
$_XMS_NAKs,0
$_XMS_TOUTs,0
$_SM_DEPTHo,-1.31
$_SM_ANGLEo,-74.3
$GPS2,040625,094758,4745.748,-12225.246,9,1.6,14,18.2
$SPEED_LIMITS,0.173,0.260
$TGT_NAME,SOUTH_175
$TGT_LATLONG,4742.000,-12225.600
$TGT_RADIUS,200.000
$KALMAN_CONTROL,0.000,0.000
$KALMAN_X,0.0,0.0,0.0,0.0,0.0
$KALMAN_Y,0.0,0.0,0.0,0.0,0.0
$MHEAD_RNG_PITCHd_Wd,156.8,6954,-17.5,-10.000,-21.04,2225
$D_GRID,90
$GCHEAD,st_secs,pitch_ctl,vbd_ctl,pitch_ad_start,roll_ad_start,vbd_pot1_ad_start,vbd_pot2_ad_start,depth,ob_vertv,data_pts,end_secs,pitch_secs,roll_secs,vbd_secs,vbd_i,gcphase,pitch_i,roll_i,pitch_ad,roll_ad,vbd_ad,vbd_pot1_ad,vbd_pot2_ad,pitch_retries,pitch_errors,roll_retries,roll_errors,vbd_retries,vbd_errors,pitch_volts,roll_volts,vbd_volts
$STATE,12,end surface,CONTROL_FINISHED_OK
$STATE,12,begin dive
$GC,14,-0.76,-146.6,247,2090,1232,1038,0.0,0.0,0,79,0.00,0.00,-59.50,0.000,16390,0.000,0.000,247,2090,2726,2805,2648,0,0,0,0,0,0,28.83,28.83,26.41
$GC,81,-0.76,-146.6,247,2090,2806,2650,1.9,-7.9,6,100,9.68,2.15,0.00,0.000,2564,0.220,0.030,2762,644,2734,2818,2650,0,0,0,0,0,0,25.82,26.10,28.83
$GC,418,-0.61,-146.6,2762,644,2824,2649,57.5,-14.4,38,428,0.22,2.00,0.00,0.000,3078,0.158,0.025,2818,2025,2736,2824,2649,0,0,0,0,0,0,26.17,26.38,28.83
$GC,458,-0.53,-146.6,2818,2025,2826,2649,62.1,-11.4,42,460,0.10,0.00,0.00,0.000,2054,0.179,0.000,2843,2025,2737,2826,2649,0,0,0,0,0,0,26.27,28.83,28.83
$GC,488,-0.53,-146.6,2843,2025,2827,2648,64.7,-8.9,45,489,0.00,0.00,0.00,0.000,6,0.000,0.000,2843,2025,2738,2827,2649,0,0,0,0,0,0,28.83,28.83,28.83
$GC,519,-0.53,-146.6,2843,2025,2827,2648,67.1,-8.2,48,520,0.00,0.00,0.00,0.000,6,0.000,0.000,2843,2025,2737,2827,2648,0,0,0,0,0,0,28.83,28.83,28.83
$GC,548,-0.53,-146.6,2843,2025,2827,2648,69.4,-7.3,51,549,0.00,0.00,0.00,0.000,6,0.000,0.000,2843,2025,2737,2827,2648,0,0,0,0,0,0,28.83,28.83,28.83
$GC,578,-0.53,-146.6,2843,2025,2827,2648,71.5,-7.2,54,579,0.00,0.00,0.00,0.000,6,0.000,0.000,2843,2025,2737,2827,2648,0,0,0,0,0,0,28.83,28.83,28.83
$GC,608,-0.53,-146.6,2843,2025,2827,2649,73.8,-7.5,57,609,0.00,0.00,0.00,0.000,6,0.000,0.000,2843,2025,2737,2827,2648,0,0,0,0,0,0,28.83,28.83,28.83
$GC,639,-0.53,-146.6,2843,2025,2827,2648,76.1,-7.8,60,648,0.00,2.03,0.00,0.000,516,0.000,0.034,2843,645,2737,2827,2648,0,0,0,0,0,0,28.83,26.42,28.83
$GC,705,-0.53,-146.6,2843,645,2827,2648,81.8,-8.8,66,714,0.00,2.05,0.00,0.000,3078,0.000,0.023,2838,2041,2737,2827,2648,0,0,0,0,0,0,28.83,26.47,28.83
$GC,745,-0.53,-146.6,2838,2041,2827,2648,85.3,-8.7,70,746,0.00,0.00,0.00,0.000,2054,0.000,0.000,2838,2041,2738,2828,2648,0,0,0,0,0,0,28.83,28.83,28.83
$GC,774,-0.53,-146.6,2838,2041,2828,2648,88.0,-9.0,73,775,0.00,0.00,0.00,0.000,2054,0.000,0.000,2838,2041,2737,2827,2648,0,0,0,0,0,0,28.83,28.83,28.83
$STATE,804,end dive,TARGET_DEPTH_EXCEEDED
$STATE,804,begin apogee
$GC,808,-0.27,0.0,2838,1825,2827,2648,90.7,-9.0,76,935,0.25,0.08,119.70,0.532,10246,0.129,0.106,2920,1915,2138,2222,2055,0,0,0,0,0,0,26.34,25.41,24.94
$STATE,937,end apogee,CONTROL_FINISHED_OK
$STATE,937,begin climb
$GC,938,0.76,146.6,2920,1915,2222,2053,96.3,0.0,89,1055,1.00,0.00,112.50,0.513,10246,0.099,0.000,3251,1916,1555,1674,1437,0,0,0,0,0,0,25.46,28.83,24.84
$GC,1085,0.76,146.6,3250,1916,1674,1431,84.6,10.5,104,1086,0.00,0.00,0.00,0.000,2054,0.000,0.000,3251,1916,1552,1674,1431,0,0,0,0,0,0,28.83,28.83,28.83
$GC,1114,0.76,146.6,3250,1916,1673,1430,81.5,10.2,107,1115,0.00,0.00,0.00,0.000,2054,0.000,0.000,3250,1916,1551,1673,1430,0,0,0,0,0,0,28.83,28.83,28.83
$GC,1144,0.76,146.6,3250,1916,1673,1429,78.3,10.8,110,1145,0.00,0.00,0.00,0.000,2054,0.000,0.000,3251,1916,1551,1673,1429,0,0,0,0,0,0,28.83,28.83,28.83
$GC,1174,0.76,146.6,3250,1916,1673,1427,74.9,11.2,113,1175,0.00,0.00,0.00,0.000,2054,0.000,0.000,3251,1916,1550,1673,1427,0,0,0,0,0,0,28.83,28.83,28.83
$GC,1204,0.76,146.6,3250,1916,1673,1427,71.6,11.0,116,1206,0.00,0.00,0.00,0.000,2054,0.000,0.000,3251,1916,1550,1673,1427,0,0,0,0,0,0,28.83,28.83,28.83
$GC,1234,0.76,146.6,3250,1916,1673,1426,68.2,11.1,119,1235,0.00,0.00,0.00,0.000,2054,0.000,0.000,3251,1916,1550,1673,1427,0,0,0,0,0,0,28.83,28.83,28.83
$GC,1264,0.76,146.6,3250,1916,1673,1426,64.9,11.1,122,1265,0.00,0.00,0.00,0.000,2054,0.000,0.000,3251,1916,1549,1672,1427,0,0,0,0,0,0,28.83,28.83,28.83
$GC,1294,0.76,146.6,3251,1916,1673,1426,61.6,10.9,125,1303,0.00,2.03,0.00,0.000,2308,0.000,0.032,3251,3276,1549,1672,1426,0,0,0,0,0,0,28.83,26.10,28.83
$GC,1329,0.76,146.6,3250,3277,1673,1426,57.5,12.3,128,1337,0.00,2.05,0.00,0.000,3078,0.000,0.019,3252,1887,1549,1673,1426,0,0,0,0,0,0,28.83,26.17,28.83
$GC,1368,0.76,146.6,3251,1887,1673,1426,52.4,12.6,132,1377,0.00,2.05,0.00,0.000,2564,0.000,0.039,3251,522,1549,1673,1426,0,0,0,0,0,0,28.83,26.15,28.83
$GC,1390,0.76,146.6,3251,522,1669,1426,49.4,12.6,134,1400,0.00,1.95,0.00,0.000,3078,0.000,0.020,3252,1884,1547,1669,1426,0,0,0,0,0,0,28.83,26.22,28.83
$GC,1430,0.76,146.6,3251,1884,1669,1426,44.3,13.0,138,1439,0.00,2.10,0.00,0.000,2308,0.000,0.033,3252,3295,1547,1669,1426,0,0,0,0,0,0,28.83,26.22,28.83
$GC,1537,0.76,146.6,3251,3294,1669,1426,30.5,13.0,148,1546,0.00,2.00,0.00,0.000,3078,0.000,0.019,3252,1887,1547,1669,1426,0,0,0,0,0,0,28.83,26.33,28.83
$GC,1577,0.76,146.6,3251,1887,1669,1426,25.8,11.9,152,1578,0.00,0.00,0.00,0.000,2054,0.000,0.000,3252,1887,1547,1669,1426,0,0,0,0,0,0,28.83,28.83,28.83
$GC,1606,0.76,146.6,3251,1887,1669,1426,22.2,11.6,155,1607,0.00,0.00,0.00,0.000,2054,0.000,0.000,3251,1887,1547,1669,1426,0,0,0,0,0,0,28.83,28.83,28.83
$GC,1637,0.76,146.6,3251,1885,1669,1426,18.9,11.1,158,1638,0.00,0.00,0.00,0.000,2054,0.000,0.000,3251,1885,1547,1669,1426,0,0,0,0,0,0,28.83,28.83,28.83
$GC,1666,0.76,146.6,3251,1885,1669,1426,15.9,10.4,161,1667,0.00,0.00,0.00,0.000,2054,0.000,0.000,3252,1885,1547,1669,1426,0,0,0,0,0,0,28.83,28.83,28.83
$GC,1697,0.76,146.6,3251,1885,1669,1426,12.7,10.4,164,1698,0.00,0.00,0.00,0.000,2054,0.000,0.000,3251,1885,1547,1669,1426,0,0,0,0,0,0,28.83,28.83,28.83
$GC,1726,0.76,146.6,3251,1885,1669,1425,9.6,10.7,167,1737,0.00,2.08,0.00,0.000,2308,0.000,0.031,3252,3286,1547,1669,1425,0,0,0,0,0,0,28.83,26.38,28.83
$GC,1751,0.76,146.6,3251,3286,1669,1425,7.3,9.8,169,1760,0.00,2.03,0.00,0.000,3078,0.000,0.020,3251,1893,1547,1669,1425,0,0,0,0,0,0,28.83,26.42,28.83
$GC,1790,0.76,146.6,3251,1892,1669,1425,3.1,10.5,173,1799,0.00,2.08,0.00,0.000,2564,0.000,0.039,3252,516,1547,1669,1425,0,0,0,0,0,0,28.83,26.37,28.83
$STATE,1802,end climb,SURFACE_DEPTH_REACHED
$STATE,1802,begin surface coast
$FINISH,-0.1,1.022211
$STATE,1825,end surface coast,CONTROL_FINISHED_OK
$STATE,1825,begin surface
$SM_CCo,1843,79.53,0.426,1,0,1143,250.20
$SM_GC,-1.27,8.25,2.25,79.53,0.063,0.020,0.426,243,2041,1143,-8.58,-1.53,250.20,0,0,0,0,1,0,26.40,26.44,25.22
$IRIDIUM_FIX,4722.92,-12225.08,310318,222204
$TT8_MAMPS,0.028462,0.028462
$HUMID,39.25
$INTERNAL_PRESSURE,8.448
$TCM_TEMP,19.50
$XPDR_PINGS,0
$ALTIM_TOP_PING,18.9,20.5
$24V_AH,24.8,8.713
$10V_AH,10.6,3.429
$FG_AHR_24Vo,0.000
$FG_AHR_10Vo,0.000
$DEVICES,Pitch_motor,Roll_motor,VBD_pump_during_apogee,VBD_pump_during_surface,VBD_valve,Iridium_during_init,Iridium_during_connect,Iridium_during_xfer,Transponder_ping,GUMSTIX_24V,GPS,TT8,LPSleep,TT8_Active,TT8_Sampling,TT8_CF8,TT8_Kalman,Analog_circuits,GPS_charging,Compass,RAFOS,Transponder,Compass2
$DEVICE_SECS,19.500,29.075,232.200,79.525,0.000,25.675,16.762,112.584,1.000,0.000,17.272,511.589,507.463,364.003,755.518,52.635,0.000,702.281,0.000,384.247,0.000,7.283,0.000
$DEVICE_MAMPS,219.555,105.570,532.440,426.105,0.000,43.600,160.000,223.000,420.000,0.000,28.460,13.960,2.190,13.960,37.930,44.670,0.000,16.000,0.000,15.730,0.000,30.000,0.000
$SENSORS,SBE_CT,SBE_O2,nil,nil,nil,nil,nil,nil,nil,nil
$SENSOR_SECS,116.650,439.668,0.000,0.000,0.000,0.000,0.000,0.000,0.000,0.000
$SENSOR_MAMPS,23.220,4.490,0.000,0.000,0.000,0.000,0.000,0.000,0.000,0.000
$MEM,354540
$DATA_FILE_SIZE,6875,176
$CAP_FILE_SIZE,52247,0
$CFSIZE,260165632,251768832
$ERRORS,0,0,0,0,0,0,0,0,0,0,0,0,0,1,0,0
$CURRENT,0.264,359.9,1
$GPS,040625,102147,4745.821,-12225.147,6,2.1,36,18.2
