version: 66.11
glider: 175
mission: 9
dive: 274
start: 6 9 125 21 51 41
data:
$ID,175
$MISSION,9
$DIVE,274
$N_DIVES,0
$D_SURF,3
$D_FLARE,3
$D_TGT,150
$D_ABORT,1090
$D_NO_BLEED,500
$D_BOOST,3
$T_BOOST,0
$D_FINISH,0
$D_PITCH,0
$D_SAFE,0
$D_CALL,0
$SURFACE_URGENCY,0
$SURFACE_URGENCY_TRY,0
$SURFACE_URGENCY_FORCE,0
$T_DIVE,50
$T_MISSION,65
$T_ABORT,1440
$T_TURN,300
$T_TURN_SAMPINT,5
$T_NO_W,120
$T_LOITER,0
$T_EPIRB,0
$USE_BATHY,0
$USE_ICE,0
$ICE_FREEZE_MARGIN,0.30000001
$D_OFFGRID,100
$T_WATCHDOG,10
$RELAUNCH,1
$APOGEE_PITCH,-8
$MAX_BUOY,150
$COURSE_BIAS,0
$GLIDE_SLOPE,30
$SPEED_FACTOR,1
$RHO,1.023
$MASS,51902
$MASS_COMP,0
$NAV_MODE,2
$FERRY_MAX,45
$KALMAN_USE,2
$HD_A,0.003
$HD_B,0.0099999998
$HD_C,9.9999997e-06
$HEADING,-1
$ESCAPE_HEADING,0
$ESCAPE_HEADING_DELTA,10
$FIX_MISSING_TIMEOUT,0
$TGT_DEFAULT_LAT,4743
$TGT_DEFAULT_LON,-12225
$TGT_AUTO_DEFAULT,0
$SM_CC,250
$N_FILEKB,4
$FILEMGR,0
$CALL_NDIVES,1
$COMM_SEQ,0
$PROTOCOL,9
$N_NOCOMM,1
$NOCOMM_ACTION,0
$N_NOSURFACE,0
$UPLOAD_DIVES_MAX,-1
$CALL_TRIES,5
$CALL_WAIT,60
$CAPUPLOAD,1
$CAPMAXSIZE,200000
$HEAPDBG,0
$T_GPS,15
$N_GPS,30
$T_GPS_ALMANAC,0
$T_GPS_CHARGE,-34857.707
$T_RSLEEP,2
$STROBE,0
$RAFOS_PEAK_OFFSET,1.5
$RAFOS_CORR_THRESH,60
$RAFOS_HIT_WINDOW,3600
$PITCH_MIN,255
$PITCH_MAX,3935
$C_PITCH,3053
$PITCH_DBAND,0.0099999998
$PITCH_CNV,0.003125763
$P_OVSHOOT,0.039999999
$PITCH_GAIN,30
$PITCH_TIMEOUT,17
$PITCH_AD_RATE,160
$PITCH_MAXERRORS,1
$PITCH_ADJ_GAIN,0.02
$PITCH_ADJ_DBAND,2.5
$ROLL_MIN,171
$ROLL_MAX,3723
$ROLL_DEG,40
$C_ROLL_DIVE,2033
$C_ROLL_CLIMB,1891
$HEAD_ERRBAND,10
$ROLL_CNV,0.028270001
$ROLL_TIMEOUT,15
$R_PORT_OVSHOOT,70
$R_STBD_OVSHOOT,62
$ROLL_AD_RATE,300
$ROLL_MAXERRORS,2
$ROLL_ADJ_GAIN,0
$ROLL_ADJ_DBAND,0
$VBD_MIN,465
$VBD_MAX,3960
$C_VBD,2140
$VBD_DBAND,2
$VBD_CNV,-0.25119999
$VBD_TIMEOUT,720
$PITCH_VBD_SHIFT,0.0012300001
$VBD_PUMP_AD_RATE_SURFACE,5
$VBD_PUMP_AD_RATE_APOGEE,4
$VBD_BLEED_AD_RATE,8
$UNCOM_BLEED,60
$VBD_MAXERRORS,1
$W_ADJ_DBAND,2
$DBDW,0
$PITCH_W_GAIN,0
$PITCH_W_DBAND,1
$CF8_MAXERRORS,5
$AH0_24V,145
$AH0_10V,95
$MINV_24V,19
$MINV_10V,8
$FG_AHR_10V,0
$FG_AHR_24V,0
$PHONE_SUPPLY,2
$PRESSURE_YINT,-33.008354
$PRESSURE_SLOPE,0.0001165895
$AD7714Ch0Gain,128
$TCM_PITCH_OFFSET,0
$TCM_ROLL_OFFSET,0
$COMPASS_USE,4
$ALTIM_BOTTOM_PING_RANGE,0
$ALTIM_TOP_PING_RANGE,20
$ALTIM_BOTTOM_TURN_MARGIN,25
$ALTIM_TOP_TURN_MARGIN,0
$ALTIM_TOP_MIN_OBSTACLE,1
$ALTIM_PING_DEPTH,120
$ALTIM_PING_DELTA,5
$ALTIM_FREQUENCY,13
$ALTIM_PULSE,3
$ALTIM_SENSITIVITY,3
$XPDR_VALID,5
$XPDR_INHIBIT,90
$INT_PRESSURE_SLOPE,0.0097660003
$INT_PRESSURE_YINT,-0.40000001
$DEEPGLIDER,0
$DEEPGLIDERMB,0
$MOTHERBOARD,4
$DEVICE1,2
$DEVICE2,20
$DEVICE3,-1
$DEVICE4,-1
$DEVICE5,-1
$DEVICE6,-1
$LOGGERS,7
$LOGGERDEVICE1,-1
$LOGGERDEVICE2,-1
$LOGGERDEVICE3,-1
$LOGGERDEVICE4,-1
$COMPASS_DEVICE,33
$COMPASS2_DEVICE,-1
$PHONE_DEVICE,49
$GPS_DEVICE,32
$RAFOS_DEVICE,-1
$XPDR_DEVICE,24
$SIM_W,0
$SIM_PITCH,0
$SEABIRD_T_G,0.0043275012
$SEABIRD_T_H,0.0006214368
$SEABIRD_T_I,2.2085376e-05
$SEABIRD_T_J,2.2233748e-06
$SEABIRD_C_G,-10.084761
$SEABIRD_C_H,1.1595923
$SEABIRD_C_I,-0.0010180317
$SEABIRD_C_J,0.00017345669
$GPS1,090625,214528,4745.755,-12224.679,9,1.9,9,18.2
$_CALLS,1
$_XMS_NAKs,0
$_XMS_TOUTs,0
$_SM_DEPTHo,-5.85
$_SM_ANGLEo,-73.1
$GPS2,090625,215111,4745.667,-12224.641,15,1.8,15,18.2
$SPEED_LIMITS,0.173,0.260
$TGT_NAME,MID_175E
$TGT_LATLONG,4746.000,-12224.800
$TGT_RADIUS,300.000
$KALMAN_CONTROL,0.000,0.000
$KALMAN_X,0.0,0.0,0.0,0.0,0.0
$KALMAN_Y,0.0,0.0,0.0,0.0,0.0
$MHEAD_RNG_PITCHd_Wd,328.4,648,-17.5,-10.000,-21.04,2225
$D_GRID,150
$GCHEAD,st_secs,pitch_ctl,vbd_ctl,pitch_ad_start,roll_ad_start,vbd_pot1_ad_start,vbd_pot2_ad_start,depth,ob_vertv,data_pts,end_secs,pitch_secs,roll_secs,vbd_secs,vbd_i,gcphase,pitch_i,roll_i,pitch_ad,roll_ad,vbd_ad,vbd_pot1_ad,vbd_pot2_ad,pitch_retries,pitch_errors,roll_retries,roll_errors,vbd_retries,vbd_errors,pitch_volts,roll_volts,vbd_volts
$STATE,13,end surface,CONTROL_FINISHED_OK
$STATE,13,begin dive
$GC,15,-0.76,-146.6,236,2096,1236,1033,0.0,0.0,0,79,0.00,0.00,-58.53,0.000,16390,0.000,0.000,236,2097,2725,2806,2645,0,0,0,0,0,0,28.83,28.83,26.44
$GC,82,-0.76,-146.6,236,2096,2807,2645,-2.5,-8.3,6,101,9.88,1.95,0.00,0.000,2308,0.218,0.028,2789,3425,2733,2820,2646,0,0,0,0,0,0,25.77,26.11,28.83
$GC,127,-0.09,-146.6,2789,3425,2828,2645,8.2,-23.6,10,136,0.70,2.03,0.00,0.000,3078,0.126,0.019,3013,2018,2737,2829,2645,0,0,0,0,0,0,25.96,26.19,28.83
$GC,166,-0.25,-146.6,3013,2017,2834,2644,11.1,-6.9,14,176,0.12,2.00,0.00,0.000,4612,0.096,0.031,2962,664,2738,2833,2643,0,0,0,0,0,0,26.19,26.17,28.83
$GC,202,-0.53,-146.6,2963,664,2834,2642,12.5,-3.5,17,211,0.20,2.03,0.00,0.000,5126,0.044,0.021,2868,2042,2737,2833,2642,0,0,0,0,0,0,26.22,26.25,28.83
$GC,241,-0.63,-146.6,2868,2042,2833,2642,14.8,-5.6,21,251,0.05,2.03,0.00,0.000,4356,0.168,0.034,2838,3412,2737,2833,2642,0,0,0,0,0,0,26.33,26.22,28.83
$GC,319,-0.63,-146.6,2837,3412,2833,2642,21.5,-9.2,28,327,0.00,1.98,0.00,0.000,3078,0.000,0.018,2837,2039,2737,2833,2642,0,0,0,0,0,0,28.83,26.35,28.83
$GC,358,-0.63,-146.6,2837,2039,2833,2641,26.0,-10.8,32,368,0.00,2.03,0.00,0.000,2564,0.000,0.034,2838,663,2737,2833,2641,0,0,0,0,0,0,28.83,26.30,28.83
$GC,475,-0.63,-146.6,2837,664,2833,2641,38.6,-9.6,43,486,0.00,1.98,0.00,0.000,3078,0.000,0.024,2835,2030,2737,2834,2641,0,0,0,0,0,0,28.83,26.39,28.83
$GC,516,-0.63,-146.6,2835,2030,2833,2641,41.4,-7.1,47,526,0.00,2.08,0.00,0.000,2308,0.000,0.038,2835,3429,2737,2834,2641,0,0,0,0,0,0,28.83,26.36,28.83
$GC,615,-0.63,-146.6,2835,3429,2834,2641,47.9,-7.0,56,624,0.00,1.95,0.00,0.000,3078,0.000,0.018,2835,2025,2737,2834,2641,0,0,0,0,0,0,28.83,26.48,28.83
$GC,653,-0.63,-146.6,2835,2022,2834,2641,50.4,-6.3,60,655,0.00,0.00,0.00,0.000,2054,0.000,0.000,2835,2022,2737,2834,2641,0,0,0,0,0,0,28.83,28.83,28.83
$GC,683,-0.63,-146.6,2835,2022,2834,2641,52.3,-6.4,63,684,0.00,0.00,0.00,0.000,2054,0.000,0.000,2835,2023,2737,2834,2640,0,0,0,0,0,0,28.83,28.83,28.83
$GC,713,-0.63,-146.6,2835,2023,2834,2641,54.2,-6.2,66,714,0.00,0.00,0.00,0.000,2054,0.000,0.000,2835,2022,2737,2834,2641,0,0,0,0,0,0,28.83,28.83,28.83
$GC,744,-0.63,-146.6,2835,2022,2834,2641,56.3,-6.9,69,754,0.00,2.10,0.00,0.000,2308,0.000,0.037,2835,3433,2737,2833,2641,0,0,0,0,0,0,28.83,26.43,28.83
$GC,811,-0.63,-146.6,2835,3433,2834,2641,61.1,-7.5,75,820,0.00,2.00,0.00,0.000,3078,0.000,0.018,2835,2035,2737,2833,2641,0,0,0,0,0,0,28.83,26.52,28.83
$GC,851,-0.63,-146.6,2835,2035,2834,2641,64.3,-7.7,79,861,0.00,2.03,0.00,0.000,2564,0.000,0.033,2836,655,2737,2834,2641,0,0,0,0,0,0,28.83,26.46,28.83
$GC,918,-0.63,-146.6,2835,655,2834,2641,70.4,-9.5,85,926,0.00,2.03,0.00,0.000,3078,0.000,0.024,2835,2034,2737,2833,2641,0,0,0,0,0,0,28.83,26.51,28.83
$GC,958,-0.63,-146.6,2835,2035,2834,2641,74.2,-9.5,89,968,0.00,2.08,0.00,0.000,2308,0.000,0.038,2835,3437,2737,2834,2641,0,0,0,0,0,0,28.83,26.46,28.83
$GC,1023,-0.63,-146.6,2835,3437,2834,2641,79.6,-8.1,95,1027,0.00,2.00,0.00,0.000,3078,0.000,0.019,2835,2024,2737,2834,2641,0,0,0,0,0,0,28.83,26.55,28.83
$GC,1065,-0.63,-146.6,2835,2022,2834,2641,82.6,-7.4,99,1069,0.00,2.03,0.00,0.000,2564,0.000,0.034,2835,654,2737,2834,2641,0,0,0,0,0,0,28.83,26.49,28.83
$GC,1152,-0.63,-146.6,2835,654,2833,2640,89.8,-8.4,107,1161,0.00,2.03,0.00,0.000,3078,0.000,0.024,2835,2034,2736,2833,2640,0,0,0,0,0,0,28.83,26.54,28.83
$GC,1191,-0.63,-146.6,2835,2034,2834,2641,93.1,-8.3,111,1192,0.00,0.00,0.00,0.000,2054,0.000,0.000,2835,2034,2737,2834,2640,0,0,0,0,0,0,28.83,28.83,28.83
$GC,1223,-0.63,-146.6,2835,2034,2834,2641,95.0,-6.5,114,1229,0.00,0.00,0.00,0.000,2054,0.000,0.000,2835,2034,2737,2834,2641,0,0,0,0,0,0,28.83,28.83,28.83
$GC,1261,-0.63,-146.6,2835,2034,2834,2640,97.9,-7.3,118,1262,0.00,0.00,0.00,0.000,2054,0.000,0.000,2835,2034,2737,2833,2641,0,0,0,0,0,0,28.83,28.83,28.83
$GC,1291,-0.63,-146.6,2835,2034,2833,2641,100.3,-7.9,121,1292,0.00,0.00,0.00,0.000,2054,0.000,0.000,2835,2034,2737,2833,2641,0,0,0,0,0,0,28.83,28.83,28.83
$GC,1321,-0.63,-146.6,2835,2034,2833,2641,102.9,-8.7,124,1323,0.00,0.00,0.00,0.000,2054,0.000,0.000,2835,2034,2737,2833,2641,0,0,0,0,0,0,28.83,28.83,28.83
$GC,1351,-0.63,-146.6,2835,2034,2833,2641,104.6,-6.0,127,1362,0.00,2.03,0.00,0.000,2564,0.000,0.033,2835,658,2737,2833,2641,0,0,0,0,0,0,28.83,26.52,28.83
$GC,1429,-0.63,-146.6,2835,657,2833,2641,108.6,-5.2,134,1433,0.00,2.00,0.00,0.000,3078,0.000,0.023,2835,2048,2737,2834,2641,0,0,0,0,0,0,28.83,26.57,28.83
$GC,1471,-0.63,-146.6,2834,2048,2834,2641,111.1,-6.0,138,1475,0.00,2.08,0.00,0.000,2308,0.000,0.038,2835,3437,2737,2834,2640,0,0,0,0,0,0,28.83,26.51,28.83
$GC,1508,-0.63,-146.6,2835,3437,2833,2641,113.2,-6.1,141,1515,0.00,2.03,0.00,0.000,3078,0.000,0.019,2835,2026,2737,2834,2641,0,0,0,0,0,0,28.83,26.60,28.83
$GC,1546,-0.63,-146.6,2835,2025,2833,2641,115.8,-6.4,145,1556,0.00,2.00,0.00,0.000,2564,0.000,0.034,2835,659,2737,2834,2641,0,0,0,0,0,0,28.83,26.53,28.83
$GC,1592,-0.63,-146.6,2835,659,2834,2640,119.9,-8.8,149,1603,0.00,2.03,0.00,0.000,3078,0.000,0.027,2835,2025,2737,2833,2641,0,0,0,0,0,0,28.83,26.56,28.83
$GC,1632,-0.63,-146.6,2835,2025,2833,2641,121.7,-4.1,153,1641,0.00,2.08,0.00,0.000,2308,0.000,0.039,2835,3432,2737,2833,2641,0,0,0,0,0,0,28.83,26.53,28.83
$GC,1676,-0.63,-146.6,2835,3432,2834,2641,124.6,-6.8,157,1686,0.00,1.95,0.00,0.000,3078,0.000,0.018,2835,2021,2737,2833,2641,0,0,0,0,0,0,28.83,26.61,28.83
$GC,1716,-0.63,-146.6,2835,2020,2833,2641,127.2,-6.5,161,1726,0.00,2.00,0.00,0.000,2564,0.000,0.034,2835,656,2736,2833,2640,0,0,0,0,0,0,28.83,26.54,28.83
$GC,1784,-0.63,-146.6,2835,655,2833,2640,133.2,-9.7,167,1793,0.00,2.03,0.00,0.000,3078,0.000,0.024,2835,2036,2736,2833,2640,0,0,0,0,0,0,28.83,26.58,28.83
$GC,1822,-0.63,-146.6,2835,2036,2833,2640,136.2,-7.5,171,1833,0.00,2.05,0.00,0.000,2308,0.000,0.037,2835,3429,2737,2833,2641,0,0,0,0,0,0,28.83,26.53,28.83
$GC,1910,-0.63,-146.6,2835,3429,2833,2640,144.0,-8.7,179,1913,0.00,1.95,0.00,0.000,3078,0.000,0.018,2835,2035,2737,2833,2641,0,0,0,0,0,0,28.83,26.62,28.83
$GC,1953,-0.63,-146.6,2835,2033,2833,2640,148.3,-10.2,183,1964,0.00,2.00,0.00,0.000,2564,0.000,0.034,2834,661,2736,2833,2640,0,0,0,0,0,0,28.83,26.55,28.83
$STATE,1966,end dive,HALF_MISSION_TIME_EXCEEDED
$STATE,1967,begin apogee
$GC,1973,-0.27,0.0,2835,1913,2833,2640,149.4,-10.3,184,2097,0.40,0.00,119.15,0.587,10246,0.132,0.000,2963,1913,2139,2226,2053,0,0,0,0,0,0,26.36,28.83,24.95
$STATE,2100,end apogee,CONTROL_FINISHED_OK
$STATE,2100,begin climb
$GC,2101,0.76,146.6,2962,1913,2225,2051,154.3,0.0,197,2220,0.98,2.12,111.20,0.568,10500,0.094,0.033,3290,3292,1555,1675,1435,0,0,0,0,0,0,25.47,25.37,24.85
$GC,2240,0.65,146.6,3289,3292,1674,1431,139.7,13.8,211,2251,0.10,2.03,0.00,0.000,5126,0.156,0.022,3268,1913,1552,1674,1430,0,0,0,0,0,0,25.44,25.60,28.83
$GC,2280,0.59,146.6,3268,1910,1675,1428,134.1,14.2,215,2282,0.10,0.00,0.00,0.000,4102,0.164,0.000,3243,1910,1551,1675,1427,0,0,0,0,0,0,25.68,28.83,28.83
$GC,2310,0.59,146.6,3243,1911,1675,1426,129.8,13.4,218,2311,0.00,0.00,0.00,0.000,6,0.000,0.000,3243,1910,1550,1674,1426,0,0,0,0,0,0,28.83,28.83,28.83
$GC,2340,0.59,146.6,3243,1910,1675,1426,126.5,12.0,221,2341,0.00,0.00,0.00,0.000,6,0.000,0.000,3243,1910,1550,1675,1426,0,0,0,0,0,0,28.83,28.83,28.83
$GC,2371,0.59,146.6,3243,1910,1675,1425,123.8,8.9,224,2372,0.00,0.00,0.00,0.000,6,0.000,0.000,3243,1910,1549,1674,1425,0,0,0,0,0,0,28.83,28.83,28.83
$GC,2400,0.59,146.6,3243,1910,1674,1424,121.1,9.2,227,2402,0.00,0.00,0.00,0.000,6,0.000,0.000,3243,1910,1549,1674,1424,0,0,0,0,0,0,28.83,28.83,28.83
$GC,2430,0.59,146.6,3243,1910,1674,1424,118.1,9.7,230,2431,0.00,0.00,0.00,0.000,6,0.000,0.000,3243,1910,1549,1674,1424,0,0,0,0,0,0,28.83,28.83,28.83
$GC,2460,0.59,146.6,3243,1910,1674,1423,114.9,10.6,233,2461,0.00,0.00,0.00,0.000,6,0.000,0.000,3243,1910,1549,1674,1424,0,0,0,0,0,0,28.83,28.83,28.83
$GC,2491,0.59,146.6,3243,1910,1675,1423,112.2,9.2,236,2492,0.00,0.00,0.00,0.000,6,0.000,0.000,3243,1910,1548,1674,1423,0,0,0,0,0,0,28.83,28.83,28.83
$GC,2520,0.59,146.6,3243,1910,1674,1423,109.2,9.8,239,2522,0.00,0.00,0.00,0.000,6,0.000,0.000,3243,1910,1548,1674,1423,0,0,0,0,0,0,28.83,28.83,28.83
$GC,2550,0.59,146.6,3243,1910,1674,1423,105.2,13.0,242,2560,0.00,2.03,0.00,0.000,260,0.000,0.032,3243,3282,1548,1674,1423,0,0,0,0,0,0,28.83,26.19,28.83
$GC,2575,0.59,146.6,3243,3282,1674,1423,102.2,13.3,244,2583,0.00,2.05,0.00,0.000,5126,0.000,0.019,3249,1882,1548,1674,1423,0,0,0,0,0,0,28.83,26.25,28.83
$GC,2614,0.59,146.6,3249,1881,1674,1423,97.1,12.5,248,2624,0.00,2.05,0.00,0.000,4612,0.000,0.041,3251,524,1548,1674,1422,0,0,0,0,0,0,28.83,26.21,28.83
$GC,2637,0.59,146.6,3251,524,1674,1423,94.4,12.0,250,2646,0.00,1.95,0.00,0.000,5126,0.000,0.019,3252,1898,1548,1673,1423,0,0,0,0,0,0,28.83,26.29,28.83
$GC,2677,0.59,146.6,3251,1898,1673,1423,88.4,15.0,254,2686,0.00,2.05,0.00,0.000,4356,0.000,0.032,3252,3281,1548,1673,1423,0,0,0,0,0,0,28.83,26.27,28.83
$GC,2691,0.59,146.6,3251,3281,1673,1423,87.3,14.8,255,2700,0.00,2.05,0.00,0.000,5126,0.000,0.021,3252,1890,1548,1673,1424,0,0,0,0,0,0,28.83,26.31,28.83
$GC,2729,0.59,146.6,3251,1890,1673,1423,80.9,14.5,259,2731,0.00,0.00,0.00,0.000,4102,0.000,0.000,3252,1890,1548,1673,1423,0,0,0,0,0,0,28.83,28.83,28.83
$GC,2760,0.59,146.6,3251,1890,1673,1423,77.2,12.6,262,2769,0.00,2.10,0.00,0.000,4612,0.000,0.042,3252,503,1548,1673,1423,0,0,0,0,0,0,28.83,26.27,28.83
$GC,2773,0.59,146.6,3251,503,1673,1423,76.0,12.6,263,2783,0.00,2.03,0.00,0.000,5126,0.000,0.019,3251,1886,1548,1673,1423,0,0,0,0,0,0,28.83,26.36,28.83
$GC,2812,0.59,146.6,3251,1885,1673,1422,70.2,13.1,267,2813,0.00,0.00,0.00,0.000,4102,0.000,0.000,3251,1886,1547,1673,1422,0,0,0,0,0,0,28.83,28.83,28.83
$GC,2842,0.59,146.6,3251,1885,1673,1422,66.7,12.0,270,2843,0.00,0.00,0.00,0.000,4102,0.000,0.000,3251,1885,1547,1673,1422,0,0,0,0,0,0,28.83,28.83,28.83
$GC,2872,0.59,146.6,3251,1885,1673,1422,63.1,11.6,273,2874,0.00,0.00,0.00,0.000,4102,0.000,0.000,3251,1885,1547,1673,1422,0,0,0,0,0,0,28.83,28.83,28.83
$GC,2903,0.59,146.6,3251,1886,1673,1422,59.8,11.2,276,2904,0.00,0.00,0.00,0.000,4102,0.000,0.000,3252,1886,1547,1673,1422,0,0,0,0,0,0,28.83,28.83,28.83
$GC,2932,0.59,146.6,3251,1885,1673,1422,56.5,11.2,279,2942,0.00,2.08,0.00,0.000,4356,0.000,0.033,3252,3291,1547,1673,1422,0,0,0,0,0,0,28.83,26.38,28.83
$GC,2958,0.59,146.6,3251,3291,1673,1422,53.7,11.4,281,2966,0.00,2.05,0.00,0.000,5126,0.000,0.020,3252,1884,1547,1673,1422,0,0,0,0,0,0,28.83,26.44,28.83
$GC,2998,0.59,146.6,3251,1884,1673,1422,49.1,11.6,285,3004,0.00,0.00,0.00,0.000,4102,0.000,0.000,3251,1884,1548,1674,1422,0,0,0,0,0,0,28.83,28.83,28.83
$GC,3036,0.59,146.6,3251,1884,1673,1422,45.0,10.3,289,3037,0.00,0.00,0.00,0.000,4102,0.000,0.000,3252,1884,1547,1673,1422,0,0,0,0,0,0,28.83,28.83,28.83
$GC,3067,0.59,146.6,3251,1884,1673,1422,42.1,9.7,292,3076,0.00,2.05,0.00,0.000,4356,0.000,0.031,3251,3281,1547,1673,1422,0,0,0,0,0,0,28.83,26.42,28.83
$GC,3110,0.59,146.6,3251,3281,1673,1422,37.6,10.4,296,3120,0.00,1.98,0.00,0.000,5126,0.000,0.021,3251,1887,1547,1673,1422,0,0,0,0,0,0,28.83,26.47,28.83
$GC,3151,0.59,146.6,3251,1887,1673,1422,33.1,11.3,300,3160,0.00,2.05,0.00,0.000,4612,0.000,0.040,3252,516,1547,1673,1422,0,0,0,0,0,0,28.83,26.41,28.83
$GC,3187,0.59,146.6,3251,516,1673,1422,29.1,11.9,303,3195,0.00,2.00,0.00,0.000,5126,0.000,0.019,3251,1894,1547,1673,1422,0,0,0,0,0,0,28.83,26.49,28.83
$GC,3225,0.59,146.6,3251,1895,1673,1422,24.0,13.1,307,3233,0.00,0.00,0.00,0.000,4102,0.000,0.000,3252,1895,1547,1673,1422,0,0,0,0,0,0,28.83,28.83,28.83
$GC,3266,0.59,146.6,3251,1895,1673,1422,19.4,11.4,311,3274,0.00,0.00,0.00,0.000,4102,0.000,0.000,3252,1894,1547,1673,1422,0,0,0,0,0,0,28.83,28.83,28.83
$GC,3305,0.59,146.6,3251,1895,1673,1422,14.9,11.4,315,3316,0.00,2.03,0.00,0.000,4356,0.000,0.032,3252,3284,1547,1673,1422,0,0,0,0,0,0,28.83,26.46,28.83
$GC,3351,0.59,146.6,3251,3284,1673,1422,9.8,11.1,319,3360,0.00,2.03,0.00,0.000,5126,0.000,0.020,3252,1889,1547,1673,1422,0,0,0,0,0,0,28.83,26.52,28.83
$GC,3390,0.59,146.6,3251,1889,1673,1422,5.4,10.9,323,3400,0.00,2.08,0.00,0.000,4612,0.000,0.041,3252,514,1547,1673,1422,0,0,0,0,0,0,28.83,26.44,28.83
$GC,3415,0.59,146.6,3252,514,1673,1422,3.1,9.9,325,3423,0.00,2.00,0.00,0.000,5126,0.000,0.019,3251,1895,1547,1673,1422,0,0,0,0,0,0,28.83,26.53,28.83
$STATE,3432,end climb,SURFACE_DEPTH_REACHED
$STATE,3432,begin surface coast
$FINISH,-2.3,1.021711
$STATE,3463,end surface coast,CONTROL_FINISHED_OK
$STATE,3464,begin surface
$SM_CCo,3480,82.57,0.447,1,0,1143,250.20
$SM_GC,-5.70,8.18,0.15,82.57,0.059,0.068,0.447,242,2100,1143,-8.71,-1.87,250.20,0,0,0,0,1,0,26.48,26.55,25.24
$IRIDIUM_FIX,4726.11,-12232.94,060418,101032
$TT8_MAMPS,0.027713,0.027713
$HUMID,40.07
$INTERNAL_PRESSURE,8.448
$TCM_TEMP,19.50
$XPDR_PINGS,0
$ALTIM_TOP_PING,19.4,25.4
$24V_AH,24.9,17.223
$10V_AH,10.6,7.485
$FG_AHR_24Vo,0.000
$FG_AHR_10Vo,0.000
$DEVICES,Pitch_motor,Roll_motor,VBD_pump_during_apogee,VBD_pump_during_surface,VBD_valve,Iridium_during_init,Iridium_during_connect,Iridium_during_xfer,Transponder_ping,GUMSTIX_24V,GPS,TT8,LPSleep,TT8_Active,TT8_Sampling,TT8_CF8,TT8_Kalman,Analog_circuits,GPS_charging,Compass,RAFOS,Transponder,Compass2
$DEVICE_SECS,20.700,105.250,230.350,82.575,0.000,40.461,17.564,175.336,1.750,0.000,17.650,961.848,958.744,505.896,1356.159,146.959,0.000,1158.332,0.000,726.226,0.000,12.158,0.000
$DEVICE_MAMPS,218.025,68.085,586.755,446.760,0.000,43.600,160.000,223.000,420.000,0.000,28.460,13.960,2.190,13.960,37.930,44.670,0.000,16.000,0.000,15.730,0.000,30.000,0.000
$SENSORS,SBE_CT,SBE_O2,nil,nil,nil,nil,nil,nil,nil,nil
$SENSOR_SECS,219.100,829.005,0.000,0.000,0.000,0.000,0.000,0.000,0.000,0.000
$SENSOR_MAMPS,23.220,4.490,0.000,0.000,0.000,0.000,0.000,0.000,0.000,0.000
$MEM,354500
$DATA_FILE_SIZE,16826,330
$CAP_FILE_SIZE,105333,0
$CFSIZE,260165632,246042624
$ERRORS,0,0,0,0,0,0,0,0,0,0,0,0,0,1,0,0
$CURRENT,0.204,171.0,1
$GPS,090625,225200,4745.685,-12224.715,5,1.5,13,18.2
