version: 66.11
glider: 175
mission: 9
dive: 182
start: 6 6 125 8 37 10
data:
$ID,175
$MISSION,9
$DIVE,182
$N_DIVES,0
$D_SURF,3
$D_FLARE,3
$D_TGT,150
$D_ABORT,1090
$D_NO_BLEED,500
$D_BOOST,3
$T_BOOST,0
$D_FINISH,0
$D_PITCH,0
$D_SAFE,0
$D_CALL,0
$SURFACE_URGENCY,0
$SURFACE_URGENCY_TRY,0
$SURFACE_URGENCY_FORCE,0
$T_DIVE,50
$T_MISSION,65
$T_ABORT,1440
$T_TURN,300
$T_TURN_SAMPINT,5
$T_NO_W,120
$T_LOITER,0
$T_EPIRB,0
$USE_BATHY,0
$USE_ICE,0
$ICE_FREEZE_MARGIN,0.30000001
$D_OFFGRID,100
$T_WATCHDOG,10
$RELAUNCH,1
$APOGEE_PITCH,-8
$MAX_BUOY,150
$COURSE_BIAS,0
$GLIDE_SLOPE,30
$SPEED_FACTOR,1
$RHO,1.023
$MASS,51902
$MASS_COMP,0
$NAV_MODE,2
$FERRY_MAX,45
$KALMAN_USE,2
$HD_A,0.003
$HD_B,0.0099999998
$HD_C,9.9999997e-06
$HEADING,-1
$ESCAPE_HEADING,0
$ESCAPE_HEADING_DELTA,10
$FIX_MISSING_TIMEOUT,0
$TGT_DEFAULT_LAT,4743
$TGT_DEFAULT_LON,-12225
$TGT_AUTO_DEFAULT,0
$SM_CC,250
$N_FILEKB,4
$FILEMGR,0
$CALL_NDIVES,1
$COMM_SEQ,0
$PROTOCOL,9
$N_NOCOMM,1
$NOCOMM_ACTION,0
$N_NOSURFACE,0
$UPLOAD_DIVES_MAX,-1
$CALL_TRIES,5
$CALL_WAIT,60
$CAPUPLOAD,1
$CAPMAXSIZE,200000
$HEAPDBG,0
$T_GPS,15
$N_GPS,30
$T_GPS_ALMANAC,0
$T_GPS_CHARGE,-34732.523
$T_RSLEEP,2
$STROBE,0
$RAFOS_PEAK_OFFSET,1.5
$RAFOS_CORR_THRESH,60
$RAFOS_HIT_WINDOW,3600
$PITCH_MIN,255
$PITCH_MAX,3935
$C_PITCH,3013
$PITCH_DBAND,0.0099999998
$PITCH_CNV,0.003125763
$P_OVSHOOT,0.039999999
$PITCH_GAIN,30
$PITCH_TIMEOUT,17
$PITCH_AD_RATE,160
$PITCH_MAXERRORS,1
$PITCH_ADJ_GAIN,0.02
$PITCH_ADJ_DBAND,2.5
$ROLL_MIN,171
$ROLL_MAX,3723
$ROLL_DEG,40
$C_ROLL_DIVE,2033
$C_ROLL_CLIMB,1891
$HEAD_ERRBAND,10
$ROLL_CNV,0.028270001
$ROLL_TIMEOUT,15
$R_PORT_OVSHOOT,64
$R_STBD_OVSHOOT,43
$ROLL_AD_RATE,300
$ROLL_MAXERRORS,2
$ROLL_ADJ_GAIN,0
$ROLL_ADJ_DBAND,0
$VBD_MIN,465
$VBD_MAX,3960
$C_VBD,2140
$VBD_DBAND,2
$VBD_CNV,-0.25119999
$VBD_TIMEOUT,720
$PITCH_VBD_SHIFT,0.0012300001
$VBD_PUMP_AD_RATE_SURFACE,5
$VBD_PUMP_AD_RATE_APOGEE,4
$VBD_BLEED_AD_RATE,8
$UNCOM_BLEED,60
$VBD_MAXERRORS,1
$W_ADJ_DBAND,2
$DBDW,0
$PITCH_W_GAIN,0
$PITCH_W_DBAND,1
$CF8_MAXERRORS,5
$AH0_24V,145
$AH0_10V,95
$MINV_24V,19
$MINV_10V,8
$FG_AHR_10V,0
$FG_AHR_24V,0
$PHONE_SUPPLY,2
$PRESSURE_YINT,-33.008354
$PRESSURE_SLOPE,0.0001165895
$AD7714Ch0Gain,128
$TCM_PITCH_OFFSET,0
$TCM_ROLL_OFFSET,0
$COMPASS_USE,4
$ALTIM_BOTTOM_PING_RANGE,0
$ALTIM_TOP_PING_RANGE,20
$ALTIM_BOTTOM_TURN_MARGIN,25
$ALTIM_TOP_TURN_MARGIN,0
$ALTIM_TOP_MIN_OBSTACLE,1
$ALTIM_PING_DEPTH,80
$ALTIM_PING_DELTA,5
$ALTIM_FREQUENCY,13
$ALTIM_PULSE,3
$ALTIM_SENSITIVITY,3
$XPDR_VALID,5
$XPDR_INHIBIT,90
$INT_PRESSURE_SLOPE,0.0097660003
$INT_PRESSURE_YINT,-0.40000001
$DEEPGLIDER,0
$DEEPGLIDERMB,0
$MOTHERBOARD,4
$DEVICE1,2
$DEVICE2,20
$DEVICE3,-1
$DEVICE4,-1
$DEVICE5,-1
$DEVICE6,-1
$LOGGERS,7
$LOGGERDEVICE1,-1
$LOGGERDEVICE2,-1
$LOGGERDEVICE3,-1
$LOGGERDEVICE4,-1
$COMPASS_DEVICE,33
$COMPASS2_DEVICE,-1
$PHONE_DEVICE,49
$GPS_DEVICE,32
$RAFOS_DEVICE,-1
$XPDR_DEVICE,24
$SIM_W,0
$SIM_PITCH,0
$SEABIRD_T_G,0.0043275012
$SEABIRD_T_H,0.0006214368
$SEABIRD_T_I,2.2085376e-05
$SEABIRD_T_J,2.2233748e-06
$SEABIRD_C_G,-10.084761
$SEABIRD_C_H,1.1595923
$SEABIRD_C_I,-0.0010180317
$SEABIRD_C_J,0.00017345669
$GPS1,060625,082929,4748.152,-12224.806,10,1.8,10,18.2
$_CALLS,2
$_XMS_NAKs,0
$_XMS_TOUTs,0
$_SM_DEPTHo,-2.94
$_SM_ANGLEo,-73.0
$GPS2,060625,083641,4748.101,-12224.812,14,1.1,14,18.2
$SPEED_LIMITS,0.173,0.260
$TGT_NAME,MID_175W
$TGT_LATLONG,4746.000,-12225.100
$TGT_RADIUS,300.000
$KALMAN_CONTROL,0.000,0.000
$KALMAN_X,0.0,0.0,0.0,0.0,0.0
$KALMAN_Y,0.0,0.0,0.0,0.0,0.0
$MHEAD_RNG_PITCHd_Wd,167.4,3907,-17.5,-10.000,-21.04,2225
$D_GRID,150
$GCHEAD,st_secs,pitch_ctl,vbd_ctl,pitch_ad_start,roll_ad_start,vbd_pot1_ad_start,vbd_pot2_ad_start,depth,ob_vertv,data_pts,end_secs,pitch_secs,roll_secs,vbd_secs,vbd_i,gcphase,pitch_i,roll_i,pitch_ad,roll_ad,vbd_ad,vbd_pot1_ad,vbd_pot2_ad,pitch_retries,pitch_errors,roll_retries,roll_errors,vbd_retries,vbd_errors,pitch_volts,roll_volts,vbd_volts
$STATE,12,end surface,CONTROL_FINISHED_OK
$STATE,13,begin dive
$GC,14,-0.76,-146.6,249,2036,1231,1035,0.0,0.0,0,79,0.00,0.00,-58.95,0.000,16390,0.000,0.000,249,2037,2727,2807,2647,0,0,0,0,0,0,28.83,28.83,26.42
$GC,81,-0.76,-146.6,249,2036,2807,2648,0.5,-8.5,6,100,9.93,2.15,0.00,0.000,2564,0.228,0.036,2761,651,2734,2819,2649,0,0,0,0,0,0,25.79,26.09,28.83
$GC,418,-0.59,-146.6,2761,651,2825,2648,55.0,-13.9,38,428,0.20,2.03,0.00,0.000,3078,0.161,0.024,2812,2047,2737,2826,2648,0,0,0,0,0,0,26.15,26.36,28.83
$GC,458,-0.50,-146.6,2812,2046,2827,2648,59.4,-10.8,42,468,0.12,2.08,0.00,0.000,2564,0.175,0.033,2849,644,2737,2827,2648,0,0,0,0,0,0,26.21,26.35,28.83
$GC,630,-0.50,-146.6,2849,644,2828,2648,75.4,-8.6,58,639,0.00,2.05,0.00,0.000,3078,0.000,0.024,2848,2034,2738,2828,2648,0,0,0,0,0,0,28.83,26.45,28.83
$GC,669,-0.50,-146.6,2847,2035,2828,2648,78.8,-8.4,62,670,0.00,0.00,0.00,0.000,2054,0.000,0.000,2848,2035,2738,2828,2648,0,0,0,0,0,0,28.83,28.83,28.83
$GC,699,-0.50,-146.6,2847,2035,2828,2648,81.2,-7.9,65,700,0.00,0.00,0.00,0.000,2054,0.000,0.000,2848,2035,2738,2828,2648,0,0,0,0,0,0,28.83,28.83,28.83
$GC,730,-0.50,-146.6,2847,2035,2828,2648,83.7,-8.4,68,739,0.00,2.05,0.00,0.000,2308,0.000,0.037,2846,3425,2738,2828,2648,0,0,0,0,0,0,28.83,26.43,28.83
$GC,763,-0.50,-146.6,2846,3425,2829,2648,86.8,-9.0,71,773,0.00,1.98,0.00,0.000,3078,0.000,0.018,2847,2014,2738,2829,2648,0,0,0,0,0,0,28.83,26.51,28.83
$GC,804,-0.50,-146.6,2846,2014,2829,2648,90.6,-9.3,75,805,0.00,0.00,0.00,0.000,2054,0.000,0.000,2846,2014,2738,2829,2648,0,0,0,0,0,0,28.83,28.83,28.83
$GC,833,-0.50,-146.6,2846,2014,2829,2647,93.6,-9.6,78,834,0.00,0.00,0.00,0.000,2054,0.000,0.000,2846,2014,2738,2829,2647,0,0,0,0,0,0,28.83,28.83,28.83
$GC,863,-0.50,-146.6,2846,2014,2829,2647,96.5,-9.9,81,864,0.00,0.00,0.00,0.000,2054,0.000,0.000,2846,2014,2738,2829,2648,0,0,0,0,0,0,28.83,28.83,28.83
$GC,893,-0.50,-146.6,2846,2014,2829,2648,99.4,-9.7,84,894,0.00,0.00,0.00,0.000,2054,0.000,0.000,2846,2014,2738,2829,2647,0,0,0,0,0,0,28.83,28.83,28.83
$GC,923,-0.50,-146.6,2846,2014,2829,2648,102.3,-9.6,87,924,0.00,0.00,0.00,0.000,2054,0.000,0.000,2846,2014,2738,2829,2648,0,0,0,0,0,0,28.83,28.83,28.83
$GC,954,-0.50,-146.6,2846,2014,2829,2647,105.1,-9.6,90,955,0.00,0.00,0.00,0.000,2054,0.000,0.000,2846,2014,2738,2829,2648,0,0,0,0,0,0,28.83,28.83,28.83
$GC,983,-0.50,-146.6,2846,2014,2829,2648,107.9,-9.1,93,984,0.00,0.00,0.00,0.000,2054,0.000,0.000,2846,2014,2738,2829,2648,0,0,0,0,0,0,28.83,28.83,28.83
$GC,1014,-0.50,-146.6,2846,2013,2829,2648,110.5,-9.0,96,1024,0.00,1.95,0.00,0.000,2564,0.000,0.033,2846,664,2738,2829,2647,0,0,0,0,0,0,28.83,26.49,28.83
$GC,1059,-0.50,-146.6,2846,664,2829,2647,114.5,-8.9,100,1069,0.00,2.03,0.00,0.000,3078,0.000,0.023,2846,2039,2738,2829,2647,0,0,0,0,0,0,28.83,26.53,28.83
$GC,1100,-0.50,-146.6,2846,2039,2829,2647,117.9,-8.2,104,1107,0.00,0.00,0.00,0.000,2054,0.000,0.000,2846,2039,2738,2829,2647,0,0,0,0,0,0,28.83,28.83,28.83
$GC,1141,-0.50,-146.6,2845,2039,2829,2646,120.5,-6.4,108,1148,0.00,0.00,0.00,0.000,2054,0.000,0.000,2846,2039,2738,2829,2647,0,0,0,0,0,0,28.83,28.83,28.83
$GC,1179,-0.50,-146.6,2846,2039,2829,2647,122.5,-5.1,112,1180,0.00,0.00,0.00,0.000,2054,0.000,0.000,2846,2039,2738,2829,2647,0,0,0,0,0,0,28.83,28.83,28.83
$GC,1209,-0.50,-146.6,2846,2039,2829,2647,124.5,-6.1,115,1210,0.00,0.00,0.00,0.000,2054,0.000,0.000,2846,2039,2738,2829,2647,0,0,0,0,0,0,28.83,28.83,28.83
$GC,1239,-0.50,-146.6,2845,2039,2829,2647,126.5,-6.7,118,1240,0.00,0.00,0.00,0.000,2054,0.000,0.000,2846,2039,2738,2829,2647,0,0,0,0,0,0,28.83,28.83,28.83
$GC,1269,-0.50,-146.6,2846,2039,2829,2647,128.4,-6.6,121,1270,0.00,0.00,0.00,0.000,2054,0.000,0.000,2846,2039,2738,2829,2647,0,0,0,0,0,0,28.83,28.83,28.83
$GC,1300,-0.50,-146.6,2846,2039,2829,2647,130.6,-7.0,124,1307,0.00,0.00,0.00,0.000,2054,0.000,0.000,2846,2039,2738,2829,2647,0,0,0,0,0,0,28.83,28.83,28.83
$GC,1339,-0.50,-146.6,2846,2039,2829,2647,134.2,-9.0,128,1340,0.00,0.00,0.00,0.000,2054,0.000,0.000,2846,2039,2738,2829,2647,0,0,0,0,0,0,28.83,28.83,28.83
$GC,1368,-0.50,-146.6,2846,2039,2829,2647,137.0,-9.2,131,1369,0.00,0.00,0.00,0.000,2054,0.000,0.000,2846,2039,2738,2829,2647,0,0,0,0,0,0,28.83,28.83,28.83
$GC,1401,-0.50,-146.6,2846,2039,2829,2647,140.0,-10.2,134,1407,0.00,0.00,0.00,0.000,2054,0.000,0.000,2846,2039,2737,2829,2646,0,0,0,0,0,0,28.83,28.83,28.83
$GC,1440,-0.50,-146.6,2846,2039,2829,2647,144.3,-10.4,138,1441,0.00,0.00,0.00,0.000,2054,0.000,0.000,2846,2039,2738,2829,2647,0,0,0,0,0,0,28.83,28.83,28.83
$GC,1469,-0.50,-146.6,2846,2039,2828,2647,147.6,-10.7,141,1470,0.00,0.00,0.00,0.000,2054,0.000,0.000,2846,2039,2737,2828,2647,0,0,0,0,0,0,28.83,28.83,28.83
$STATE,1499,end dive,TARGET_DEPTH_EXCEEDED
$STATE,1499,begin apogee
$GC,1503,-0.27,0.0,2845,1840,2829,2647,150.7,-10.2,144,1629,0.22,0.00,120.80,0.572,10246,0.130,0.000,2921,1837,2139,2221,2058,0,0,0,0,0,0,26.41,28.83,24.92
$STATE,1631,end apogee,CONTROL_FINISHED_OK
$STATE,1631,begin climb
$GC,1633,0.76,146.6,2921,1837,2221,2056,153.4,0.0,157,1753,1.00,2.28,112.93,0.554,11012,0.097,0.031,3252,3301,1554,1671,1437,0,0,0,0,0,0,25.46,25.35,24.83
$GC,1790,0.76,146.6,3252,3300,1670,1432,136.9,13.8,172,1799,0.00,2.10,0.00,0.000,1030,0.000,0.021,3255,1918,1550,1670,1431,0,0,0,0,0,0,28.83,25.67,28.83
$GC,1829,0.76,146.6,3255,1915,1670,1429,130.2,16.4,176,1838,0.00,2.15,0.00,0.000,516,0.000,0.038,3264,507,1549,1670,1429,0,0,0,0,0,0,28.83,25.78,28.83
$GC,1862,0.76,146.6,3264,507,1667,1429,125.5,15.0,179,1866,0.00,2.05,0.00,0.000,5126,0.000,0.019,3264,1910,1548,1667,1429,0,0,0,0,0,0,28.83,25.93,28.83
$GC,1904,0.76,146.6,3264,1911,1667,1428,119.9,13.2,183,1914,0.00,2.08,0.00,0.000,4356,0.000,0.032,3264,3294,1547,1667,1428,0,0,0,0,0,0,28.83,25.98,28.83
$GC,1948,0.76,146.6,3264,3293,1667,1427,112.9,16.0,187,1958,0.00,2.05,0.00,0.000,5126,0.000,0.021,3265,1877,1547,1667,1427,0,0,0,0,0,0,28.83,26.08,28.83
$GC,1988,0.76,146.6,3265,1877,1667,1427,106.7,15.6,191,1998,0.00,2.10,0.00,0.000,4612,0.000,0.041,3265,506,1547,1667,1427,0,0,0,0,0,0,28.83,26.06,28.83
$GC,2021,0.76,146.6,3265,506,1666,1427,101.9,14.5,194,2031,0.00,2.00,0.00,0.000,5126,0.000,0.019,3265,1894,1546,1665,1427,0,0,0,0,0,0,28.83,26.16,28.83
$GC,2062,0.76,146.6,3265,1894,1665,1427,96.3,14.1,198,2063,0.00,0.00,0.00,0.000,4102,0.000,0.000,3265,1894,1546,1666,1427,0,0,0,0,0,0,28.83,28.83,28.83
$GC,2091,0.76,146.6,3264,1894,1665,1427,92.0,14.5,201,2093,0.00,0.00,0.00,0.000,4102,0.000,0.000,3265,1894,1546,1665,1427,0,0,0,0,0,0,28.83,28.83,28.83
$GC,2122,0.76,146.6,3264,1894,1666,1427,87.6,14.5,204,2123,0.00,0.00,0.00,0.000,4102,0.000,0.000,3265,1894,1546,1665,1427,0,0,0,0,0,0,28.83,28.83,28.83
$GC,2151,0.76,146.6,3264,1894,1665,1427,83.5,13.6,207,2153,0.00,0.00,0.00,0.000,4102,0.000,0.000,3265,1894,1546,1665,1427,0,0,0,0,0,0,28.83,28.83,28.83
$GC,2181,0.76,146.6,3265,1894,1665,1426,79.4,13.9,210,2183,0.00,0.00,0.00,0.000,4102,0.000,0.000,3265,1894,1545,1665,1426,0,0,0,0,0,0,28.83,28.83,28.83
$GC,2212,0.76,146.6,3264,1894,1665,1426,75.3,13.7,213,2213,0.00,0.00,0.00,0.000,4102,0.000,0.000,3265,1895,1545,1665,1426,0,0,0,0,0,0,28.83,28.83,28.83
$GC,2243,0.76,146.6,3264,1894,1666,1426,71.4,13.0,216,2252,0.00,2.03,0.00,0.000,4356,0.000,0.031,3265,3278,1545,1665,1426,0,0,0,0,0,0,28.83,26.29,28.83
$GC,2288,0.76,146.6,3264,3278,1665,1426,65.1,14.3,220,2297,0.00,2.03,0.00,0.000,5126,0.000,0.019,3265,1890,1545,1665,1426,0,0,0,0,0,0,28.83,26.35,28.83
$GC,2328,0.76,146.6,3265,1890,1665,1426,59.0,15.0,224,2337,0.00,2.05,0.00,0.000,4612,0.000,0.041,3265,526,1545,1665,1426,0,0,0,0,0,0,28.83,26.30,28.83
$GC,2384,0.76,146.6,3265,526,1665,1426,52.0,12.7,229,2392,0.00,2.00,0.00,0.000,5126,0.000,0.020,3265,1894,1546,1666,1426,0,0,0,0,0,0,28.83,26.39,28.83
$GC,2423,0.76,146.6,3265,1895,1665,1426,46.7,13.1,233,2433,0.00,2.03,0.00,0.000,4356,0.000,0.032,3265,3282,1545,1665,1426,0,0,0,0,0,0,28.83,26.36,28.83
$GC,2458,0.76,146.6,3264,3282,1665,1426,41.7,14.7,236,2467,0.00,2.03,0.00,0.000,5126,0.000,0.021,3265,1902,1545,1665,1426,0,0,0,0,0,0,28.83,26.41,28.83
$GC,2498,0.76,146.6,3265,1900,1665,1426,35.4,15.4,240,2507,0.00,2.10,0.00,0.000,4612,0.000,0.042,3265,508,1545,1665,1426,0,0,0,0,0,0,28.83,26.35,28.83
$GC,2541,0.76,146.6,3265,507,1665,1426,29.1,14.7,244,2550,0.00,1.95,0.00,0.000,5126,0.000,0.019,3265,1892,1545,1665,1426,0,0,0,0,0,0,28.83,26.44,28.83
$GC,2581,0.76,146.6,3265,1892,1665,1426,23.6,13.9,248,2591,0.00,2.03,0.00,0.000,4356,0.000,0.032,3265,3282,1545,1665,1426,0,0,0,0,0,0,28.83,26.41,28.83
$GC,2626,0.76,146.6,3265,3282,1665,1425,17.4,14.3,252,2630,0.00,2.00,0.00,0.000,5126,0.000,0.021,3265,1884,1545,1665,1425,0,0,0,0,0,0,28.83,26.46,28.83
$GC,2668,0.76,146.6,3265,1883,1665,1425,12.0,12.5,256,2678,0.00,2.05,0.00,0.000,4612,0.000,0.039,3265,510,1545,1665,1426,0,0,0,0,0,0,28.83,26.41,28.83
$GC,2691,0.76,146.6,3265,510,1665,1425,9.3,11.8,258,2700,0.00,1.98,0.00,0.000,5126,0.000,0.019,3265,1905,1545,1665,1425,0,0,0,0,0,0,28.83,26.48,28.83
$GC,2731,0.76,146.6,3265,1905,1665,1425,5.0,10.9,262,2740,0.00,2.03,0.00,0.000,4356,0.000,0.031,3265,3286,1545,1665,1425,0,0,0,0,0,0,28.83,26.45,28.83
$STATE,2752,end climb,SURFACE_DEPTH_REACHED
$STATE,2752,begin surface coast
$FINISH,2.7,1.022120
$STATE,2756,end surface coast,CONTROL_FINISHED_OK
$STATE,2756,begin surface
$SM_CCo,2773,83.47,0.434,1,0,1143,250.20
$SM_GC,-2.79,8.38,1.85,83.47,0.069,0.018,0.434,242,2016,1143,-8.60,1.55,250.20,0,0,0,0,1,0,26.44,26.50,25.23
$IRIDIUM_FIX,4729.30,-12223.11,020418,212111
$TT8_MAMPS,0.027713,0.027713
$HUMID,39.25
$INTERNAL_PRESSURE,8.45776
$TCM_TEMP,19.60
$XPDR_PINGS,0
$ALTIM_TOP_PING,19.0,22.0
$24V_AH,24.8,11.721
$10V_AH,10.5,4.873
$FG_AHR_24Vo,0.000
$FG_AHR_10Vo,0.000
$DEVICES,Pitch_motor,Roll_motor,VBD_pump_during_apogee,VBD_pump_during_surface,VBD_valve,Iridium_during_init,Iridium_during_connect,Iridium_during_xfer,Transponder_ping,GUMSTIX_24V,GPS,TT8,LPSleep,TT8_Active,TT8_Sampling,TT8_CF8,TT8_Kalman,Analog_circuits,GPS_charging,Compass,RAFOS,Transponder,Compass2
$DEVICE_SECS,19.850,61.375,233.725,83.475,0.000,48.221,57.034,169.603,4.000,0.000,16.952,764.348,848.124,427.628,1180.115,94.222,0.000,931.798,0.000,579.011,0.000,25.867,0.000
$DEVICE_MAMPS,227.970,65.025,572.220,433.755,0.000,43.600,160.000,223.000,420.000,0.000,28.460,13.960,2.190,13.960,37.930,44.670,0.000,16.000,0.000,15.730,0.000,30.000,0.000
$SENSORS,SBE_CT,SBE_O2,nil,nil,nil,nil,nil,nil,nil,nil
$SENSOR_SECS,175.620,662.001,0.000,0.000,0.000,0.000,0.000,0.000,0.000,0.000
$SENSOR_MAMPS,23.220,4.490,0.000,0.000,0.000,0.000,0.000,0.000,0.000,0.000
$MEM,354516
$DATA_FILE_SIZE,10181,264
$CAP_FILE_SIZE,80639,0
$CFSIZE,260165632,249778176
$ERRORS,0,0,0,0,0,0,0,0,0,0,0,0,0,1,0,0
$CURRENT,0.040,299.8,1
$GPS,060625,092541,4747.802,-12224.865,12,1.7,12,18.2
