version: 66.11
glider: 175
mission: 9
dive: 11
start: 5 31 125 3 15 17
data:
$ID,175
$MISSION,9
$DIVE,11
$N_DIVES,0
$D_SURF,3
$D_FLARE,3
$D_TGT,400
$D_ABORT,1090
$D_NO_BLEED,500
$D_BOOST,3
$T_BOOST,0
$D_FINISH,0
$D_PITCH,0
$D_SAFE,0
$D_CALL,0
$SURFACE_URGENCY,0
$SURFACE_URGENCY_TRY,0
$SURFACE_URGENCY_FORCE,0
$T_DIVE,70
$T_MISSION,85
$T_ABORT,1440
$T_TURN,300
$T_TURN_SAMPINT,5
$T_NO_W,120
$T_LOITER,0
$T_EPIRB,0
$USE_BATHY,0
$USE_ICE,0
$ICE_FREEZE_MARGIN,0.30000001
$D_OFFGRID,100
$T_WATCHDOG,10
$RELAUNCH,1
$APOGEE_PITCH,-8
$MAX_BUOY,150
$COURSE_BIAS,0
$GLIDE_SLOPE,30
$SPEED_FACTOR,1
$RHO,1.023
$MASS,51682
$MASS_COMP,0
$NAV_MODE,2
$FERRY_MAX,45
$KALMAN_USE,2
$HD_A,0.003
$HD_B,0.0099999998
$HD_C,9.9999997e-06
$HEADING,-1
$ESCAPE_HEADING,0
$ESCAPE_HEADING_DELTA,10
$FIX_MISSING_TIMEOUT,0
$TGT_DEFAULT_LAT,4743
$TGT_DEFAULT_LON,-12225
$TGT_AUTO_DEFAULT,0
$SM_CC,494.91199
$N_FILEKB,4
$FILEMGR,0
$CALL_NDIVES,1
$COMM_SEQ,0
$PROTOCOL,9
$N_NOCOMM,1
$NOCOMM_ACTION,0
$N_NOSURFACE,0
$UPLOAD_DIVES_MAX,-1
$CALL_TRIES,5
$CALL_WAIT,60
$CAPUPLOAD,1
$CAPMAXSIZE,200000
$HEAPDBG,0
$T_GPS,15
$N_GPS,30
$T_GPS_ALMANAC,0
$T_GPS_CHARGE,-34446.781
$T_RSLEEP,2
$STROBE,0
$RAFOS_PEAK_OFFSET,1.5
$RAFOS_CORR_THRESH,60
$RAFOS_HIT_WINDOW,3600
$PITCH_MIN,255
$PITCH_MAX,3935
$C_PITCH,3000
$PITCH_DBAND,0.0099999998
$PITCH_CNV,0.003125763
$P_OVSHOOT,0.039999999
$PITCH_GAIN,30
$PITCH_TIMEOUT,17
$PITCH_AD_RATE,160
$PITCH_MAXERRORS,1
$PITCH_ADJ_GAIN,0.02
$PITCH_ADJ_DBAND,2.5
$ROLL_MIN,171
$ROLL_MAX,3723
$ROLL_DEG,40
$C_ROLL_DIVE,2127
$C_ROLL_CLIMB,1897
$HEAD_ERRBAND,10
$ROLL_CNV,0.028270001
$ROLL_TIMEOUT,15
$R_PORT_OVSHOOT,62
$R_STBD_OVSHOOT,69
$ROLL_AD_RATE,300
$ROLL_MAXERRORS,2
$ROLL_ADJ_GAIN,0
$ROLL_ADJ_DBAND,0
$VBD_MIN,465
$VBD_MAX,3960
$C_VBD,2275
$VBD_DBAND,2
$VBD_CNV,-0.25119999
$VBD_TIMEOUT,720
$PITCH_VBD_SHIFT,0.0012300001
$VBD_PUMP_AD_RATE_SURFACE,5
$VBD_PUMP_AD_RATE_APOGEE,4
$VBD_BLEED_AD_RATE,8
$UNCOM_BLEED,60
$VBD_MAXERRORS,1
$W_ADJ_DBAND,2
$DBDW,0
$PITCH_W_GAIN,0
$PITCH_W_DBAND,1
$CF8_MAXERRORS,5
$AH0_24V,145
$AH0_10V,95
$MINV_24V,19
$MINV_10V,8
$FG_AHR_10V,0
$FG_AHR_24V,0
$PHONE_SUPPLY,2
$PRESSURE_YINT,-33.008354
$PRESSURE_SLOPE,0.0001165895
$AD7714Ch0Gain,128
$TCM_PITCH_OFFSET,0
$TCM_ROLL_OFFSET,0
$COMPASS_USE,4
$ALTIM_BOTTOM_PING_RANGE,0
$ALTIM_TOP_PING_RANGE,20
$ALTIM_BOTTOM_TURN_MARGIN,10
$ALTIM_TOP_TURN_MARGIN,0
$ALTIM_TOP_MIN_OBSTACLE,1
$ALTIM_PING_DEPTH,100
$ALTIM_PING_DELTA,5
$ALTIM_FREQUENCY,13
$ALTIM_PULSE,3
$ALTIM_SENSITIVITY,3
$XPDR_VALID,5
$XPDR_INHIBIT,90
$INT_PRESSURE_SLOPE,0.0097660003
$INT_PRESSURE_YINT,-0.40000001
$DEEPGLIDER,0
$DEEPGLIDERMB,0
$MOTHERBOARD,4
$DEVICE1,2
$DEVICE2,20
$DEVICE3,-1
$DEVICE4,-1
$DEVICE5,-1
$DEVICE6,-1
$LOGGERS,7
$LOGGERDEVICE1,-1
$LOGGERDEVICE2,-1
$LOGGERDEVICE3,-1
$LOGGERDEVICE4,-1
$COMPASS_DEVICE,33
$COMPASS2_DEVICE,-1
$PHONE_DEVICE,49
$GPS_DEVICE,32
$RAFOS_DEVICE,-1
$XPDR_DEVICE,24
$SIM_W,0
$SIM_PITCH,0
$SEABIRD_T_G,0.0043275012
$SEABIRD_T_H,0.0006214368
$SEABIRD_T_I,2.2085376e-05
$SEABIRD_T_J,2.2233748e-06
$SEABIRD_C_G,-10.084761
$SEABIRD_C_H,1.1595923
$SEABIRD_C_I,-0.0010180317
$SEABIRD_C_J,0.00017345669
$GPS1,310525,031033,4748.867,-12224.653,14,1.5,24,18.2
$_CALLS,1
$_XMS_NAKs,0
$_XMS_TOUTs,0
$_SM_DEPTHo,0.33
$_SM_ANGLEo,-68.9
$GPS2,310525,031435,4748.804,-12224.586,12,1.6,12,18.2
$SPEED_LIMITS,0.330,0.340
$TGT_NAME,MID_175W
$TGT_LATLONG,4746.000,-12225.100
$TGT_RADIUS,300.000
$KALMAN_CONTROL,0.000,0.000
$KALMAN_X,0.0,0.0,0.0,0.0,0.0
$KALMAN_Y,0.0,0.0,0.0,0.0,0.0
$MHEAD_RNG_PITCHd_Wd,190.6,5232,-27.2,-19.048,-29.26,1402
$D_GRID,400
$GCHEAD,st_secs,pitch_ctl,vbd_ctl,pitch_ad_start,roll_ad_start,vbd_pot1_ad_start,vbd_pot2_ad_start,depth,ob_vertv,data_pts,end_secs,pitch_secs,roll_secs,vbd_secs,vbd_i,gcphase,pitch_i,roll_i,pitch_ad,roll_ad,vbd_ad,vbd_pot1_ad,vbd_pot2_ad,pitch_retries,pitch_errors,roll_retries,roll_errors,vbd_retries,vbd_errors,pitch_volts,roll_volts,vbd_volts
$STATE,13,end surface,CONTROL_FINISHED_OK
$STATE,13,begin dive
$GC,14,-1.09,-146.6,243,2103,502,425,0.0,0.0,0,100,0.00,0.00,-83.32,0.000,16386,0.000,0.000,243,2103,2816,2902,2731,0,0,0,0,0,0,28.83,28.83,28.83
$GC,103,-1.09,-146.6,243,2103,2902,2732,3.6,-7.3,8,123,9.48,2.12,-0.82,0.000,19204,0.232,0.046,2628,3513,2865,2962,2769,0,0,0,0,0,0,25.91,26.17,26.34
$GC,335,-0.99,-146.6,2626,3513,2972,2769,67.7,-27.0,30,345,0.15,1.95,0.00,0.000,3078,0.169,0.020,2672,2100,2870,2972,2769,0,0,0,0,0,0,26.16,26.39,28.83
$GC,374,-0.92,-146.6,2672,2098,2972,2768,77.8,-25.3,34,376,0.12,0.00,0.00,0.000,2054,0.189,0.000,2702,2098,2871,2973,2769,0,0,0,0,0,0,26.22,28.83,28.83
$GC,404,-0.92,-146.6,2701,2098,2973,2769,84.6,-22.2,37,405,0.00,0.00,0.00,0.000,2054,0.000,0.000,2702,2098,2870,2973,2768,0,0,0,0,0,0,28.83,28.83,28.83
$GC,434,-0.92,-146.6,2701,2098,2973,2769,90.8,-20.9,40,435,0.00,0.00,0.00,0.000,2054,0.000,0.000,2702,2098,2870,2972,2768,0,0,0,0,0,0,28.83,28.83,28.83
$GC,465,-0.92,-146.6,2701,2098,2973,2768,96.7,-20.0,43,474,0.00,2.10,0.00,0.000,2308,0.000,0.040,2698,3510,2871,2973,2769,0,0,0,0,0,0,28.83,26.39,28.83
$GC,500,-0.92,-146.6,2698,3510,2973,2769,104.0,-20.5,46,514,0.00,1.92,0.00,0.000,3078,0.000,0.019,2698,2137,2871,2973,2769,0,0,0,0,0,0,28.83,26.47,28.83
$GC,542,-0.92,-146.6,2698,2136,2973,2768,112.7,-20.8,50,543,0.00,0.00,0.00,0.000,2054,0.000,0.000,2698,2137,2870,2973,2768,0,0,0,0,0,0,28.83,28.83,28.83
$GC,571,-0.92,-146.6,2698,2137,2973,2768,119.1,-21.3,53,586,0.00,2.05,0.00,0.000,2564,0.000,0.035,2699,749,2870,2973,2767,0,0,0,0,0,0,28.83,26.43,28.83
$GC,590,-0.92,-146.6,2698,749,2973,2768,120.8,-21.0,54,599,0.00,2.00,0.00,0.000,3078,0.000,0.027,2699,2099,2870,2973,2768,0,0,0,0,0,0,28.83,26.47,28.83
$GC,629,-0.92,-146.6,2698,2099,2973,2768,130.9,-20.6,58,639,0.00,1.98,0.00,0.000,2564,0.000,0.034,2699,749,2870,2973,2768,0,0,0,0,0,0,28.83,26.45,28.83
$GC,662,-0.92,-146.6,2698,749,2973,2767,138.2,-21.7,61,672,0.00,2.00,0.00,0.000,3078,0.000,0.028,2699,2126,2870,2973,2768,0,0,0,0,0,0,28.83,26.48,28.83
$GC,702,-0.92,-146.6,2698,2126,2973,2768,146.8,-21.5,65,703,0.00,0.00,0.00,0.000,2054,0.000,0.000,2698,2126,2870,2973,2768,0,0,0,0,0,0,28.83,28.83,28.83
$GC,732,-0.92,-146.6,2698,2126,2973,2767,153.2,-21.6,68,741,0.00,2.03,0.00,0.000,2564,0.000,0.033,2698,736,2870,2973,2767,0,0,0,0,0,0,28.83,26.48,28.83
$GC,775,-0.92,-146.6,2698,736,2973,2767,163.1,-22.9,72,784,0.00,2.03,0.00,0.000,3078,0.000,0.025,2699,2138,2870,2973,2767,0,0,0,0,0,0,28.83,26.53,28.83
$STATE,794,end dive,BOTTOM_OBSTACLE_DETECTED
$STATE,794,begin apogee
$GC,798,-0.27,0.0,2698,1838,2973,2767,167.2,-21.5,74,920,0.68,0.05,117.10,0.569,10246,0.147,0.143,2908,1910,2274,2363,2186,0,0,0,0,0,0,26.33,25.35,24.92
$STATE,922,end apogee,CONTROL_FINISHED_OK
$STATE,922,begin climb
$GC,923,1.09,146.6,2908,1910,2363,2184,177.2,0.0,86,1046,1.33,2.20,111.45,0.559,10756,0.099,0.036,3352,528,1689,1808,1571,0,0,0,0,0,0,25.41,25.37,24.86
$GC,1111,1.09,146.6,3352,528,1801,1570,154.4,18.3,105,1122,0.00,2.00,0.00,0.000,5126,0.000,0.018,3352,1918,1685,1800,1570,0,0,0,0,0,0,28.83,25.89,28.83
$GC,1152,1.03,146.6,3352,1918,1800,1569,146.7,19.4,109,1163,0.10,2.10,0.00,0.000,4612,0.205,0.034,3342,530,1685,1800,1570,0,0,0,0,0,0,25.83,25.96,28.83
$GC,1198,1.03,146.6,3342,530,1799,1570,138.5,18.4,113,1208,0.00,2.00,0.00,0.000,5126,0.000,0.018,3342,1892,1684,1799,1569,0,0,0,0,0,0,28.83,26.10,28.83
$GC,1236,1.03,146.6,3342,1893,1799,1569,131.4,17.8,117,1238,0.00,0.00,0.00,0.000,4102,0.000,0.000,3342,1893,1684,1799,1569,0,0,0,0,0,0,28.83,28.83,28.83
$GC,1266,1.03,146.6,3342,1893,1799,1569,125.8,18.7,120,1276,0.00,2.05,0.00,0.000,4612,0.000,0.037,3351,529,1684,1799,1569,0,0,0,0,0,0,28.83,26.15,28.83
$GC,1342,1.03,146.6,3351,529,1798,1569,112.2,18.1,127,1352,0.05,2.00,0.00,0.000,5126,0.188,0.019,3338,1909,1683,1798,1569,0,0,0,0,0,0,26.10,26.29,28.83
$GC,1381,1.03,146.6,3338,1910,1798,1569,104.6,19.0,131,1382,0.00,0.00,0.00,0.000,4102,0.000,0.000,3338,1910,1683,1798,1569,0,0,0,0,0,0,28.83,28.83,28.83
$GC,1412,1.03,146.6,3337,1910,1798,1569,99.2,18.3,134,1421,0.00,2.08,0.00,0.000,4612,0.000,0.035,3346,528,1683,1798,1569,0,0,0,0,0,0,28.83,26.29,28.83
$GC,1434,1.03,146.6,3346,528,1798,1569,95.2,17.7,136,1438,0.08,1.95,0.00,0.000,5126,0.203,0.022,3334,1885,1683,1798,1569,0,0,0,0,0,0,26.18,26.34,28.83
$GC,1476,1.08,189.1,3334,1886,1798,1568,88.5,15.9,140,1517,0.00,2.15,31.70,0.508,10500,0.000,0.033,3334,3297,1521,1650,1392,0,0,0,0,0,0,28.83,25.99,25.49
$GC,1594,1.08,189.1,3333,3298,1650,1387,68.2,19.2,151,1602,0.00,2.03,0.00,0.000,3078,0.000,0.019,3340,1908,1518,1650,1387,0,0,0,0,0,0,28.83,26.19,28.83
$GC,1632,1.08,189.1,3340,1906,1650,1387,60.9,18.3,155,1633,0.00,0.00,0.00,0.000,2054,0.000,0.000,3340,1906,1518,1650,1387,0,0,0,0,0,0,28.83,28.83,28.83
$GC,1663,1.08,189.1,3340,1907,1650,1386,55.7,17.4,158,1672,0.00,2.08,0.00,0.000,2564,0.000,0.038,3349,523,1518,1650,1386,0,0,0,0,0,0,28.83,26.22,28.83
$GC,1708,1.08,189.1,3350,523,1649,1386,47.9,18.7,162,1716,0.00,2.03,0.00,0.000,5126,0.000,0.020,3350,1907,1517,1648,1386,0,0,0,0,0,0,28.83,26.34,28.83
$GC,1747,1.08,189.1,3349,1908,1648,1385,40.2,18.9,166,1756,0.00,2.05,0.00,0.000,4356,0.000,0.033,3350,3294,1517,1648,1386,0,0,0,0,0,0,28.83,26.30,28.83
$GC,1833,1.08,189.1,3349,3293,1648,1385,23.5,18.8,174,1842,0.00,2.03,0.00,0.000,5126,0.000,0.018,3360,1886,1516,1648,1385,0,0,0,0,0,0,28.83,26.41,28.83
$GC,1873,1.08,189.1,3360,1886,1648,1385,15.8,19.1,178,1876,0.00,2.08,0.00,0.000,4356,0.000,0.031,3360,3290,1516,1648,1385,0,0,0,0,0,0,28.83,26.39,28.83
$STATE,1955,end climb,SURFACE_DEPTH_REACHED
$STATE,1956,begin surface coast
$FINISH,-0.4,1.021328
$STATE,1967,end surface coast,CONTROL_FINISHED_OK
$STATE,1968,begin surface
$SM_CCo,1983,186.12,0.445,1,0,464,454.67
$SM_CCo,2177,-0.22,0.000,0,0,465,454.67
$SM_CCo,2179,0.00,0.000,0,0,466,454.67
$SM_GC,0.32,8.43,1.70,0.00,0.055,0.021,0.000,247,2152,466,-8.55,2.15,454.67,0,0,0,0,0,0,26.41,26.47,28.83
$IRIDIUM_FIX,4729.30,-12218.68,270318,151504
$TT8_MAMPS,0.027713,0.027713
$HUMID,40.11
$INTERNAL_PRESSURE,8.3894
$TCM_TEMP,19.40
$XPDR_PINGS,0
$ALTIM_TOP_PING,19.4,18.8
$ALTIM_BOTTOM_PING,126.9,48.9
$24V_AH,24.9,0.905
$10V_AH,10.6,0.284
$FG_AHR_24Vo,0.000
$FG_AHR_10Vo,0.000
$DEVICES,Pitch_motor,Roll_motor,VBD_pump_during_apogee,VBD_pump_during_surface,VBD_valve,Iridium_during_init,Iridium_during_connect,Iridium_during_xfer,Transponder_ping,GUMSTIX_24V,GPS,TT8,LPSleep,TT8_Active,TT8_Sampling,TT8_CF8,TT8_Kalman,Analog_circuits,GPS_charging,Compass,RAFOS,Transponder,Compass2
$DEVICE_SECS,20.400,53.025,260.250,186.125,0.000,24.354,20.911,121.034,2.500,0.000,15.362,536.938,495.315,531.530,856.288,39.574,0.000,954.716,0.000,462.109,0.000,20.806,0.000
$DEVICE_MAMPS,231.795,143.055,569.160,445.230,0.000,43.600,160.000,223.000,420.000,0.000,28.460,13.960,2.190,13.960,37.930,44.670,0.000,16.000,0.000,15.730,0.000,30.000,0.000
$SENSORS,SBE_CT,SBE_O2,nil,nil,nil,nil,nil,nil,nil,nil
$SENSOR_SECS,122.666,454.173,0.000,0.000,0.000,0.000,0.000,0.000,0.000,0.000
$SENSOR_MAMPS,23.220,4.490,0.000,0.000,0.000,0.000,0.000,0.000,0.000,0.000
$MEM,354608
$DATA_FILE_SIZE,6867,187
$CAP_FILE_SIZE,58718,1
$CFSIZE,260165632,256061440
$ERRORS,0,0,0,0,0,0,0,0,0,0,0,0,0,1,0,0
$CURRENT,0.122,154.2,1
$GPS,310525,035253,4748.412,-12224.727,11,3.1,41,18.2
