version: 66.11
glider: 175
mission: 9
dive: 40
start: 6 1 125 2 5 32
data:
$ID,175
$MISSION,9
$DIVE,40
$N_DIVES,0
$D_SURF,3
$D_FLARE,3
$D_TGT,210
$D_ABORT,1090
$D_NO_BLEED,500
$D_BOOST,3
$T_BOOST,0
$D_FINISH,0
$D_PITCH,0
$D_SAFE,0
$D_CALL,0
$SURFACE_URGENCY,0
$SURFACE_URGENCY_TRY,0
$SURFACE_URGENCY_FORCE,0
$T_DIVE,70
$T_MISSION,85
$T_ABORT,1440
$T_TURN,300
$T_TURN_SAMPINT,5
$T_NO_W,120
$T_LOITER,0
$T_EPIRB,0
$USE_BATHY,0
$USE_ICE,0
$ICE_FREEZE_MARGIN,0.30000001
$D_OFFGRID,100
$T_WATCHDOG,10
$RELAUNCH,1
$APOGEE_PITCH,-8
$MAX_BUOY,150
$COURSE_BIAS,0
$GLIDE_SLOPE,30
$SPEED_FACTOR,1
$RHO,1.023
$MASS,51682
$MASS_COMP,0
$NAV_MODE,2
$FERRY_MAX,45
$KALMAN_USE,2
$HD_A,0.003
$HD_B,0.0099999998
$HD_C,9.9999997e-06
$HEADING,-1
$ESCAPE_HEADING,0
$ESCAPE_HEADING_DELTA,10
$FIX_MISSING_TIMEOUT,0
$TGT_DEFAULT_LAT,4743
$TGT_DEFAULT_LON,-12225
$TGT_AUTO_DEFAULT,0
$SM_CC,494.91199
$N_FILEKB,4
$FILEMGR,0
$CALL_NDIVES,1
$COMM_SEQ,0
$PROTOCOL,9
$N_NOCOMM,1
$NOCOMM_ACTION,0
$N_NOSURFACE,0
$UPLOAD_DIVES_MAX,-1
$CALL_TRIES,5
$CALL_WAIT,60
$CAPUPLOAD,1
$CAPMAXSIZE,200000
$HEAPDBG,0
$T_GPS,15
$N_GPS,30
$T_GPS_ALMANAC,0
$T_GPS_CHARGE,-34520.422
$T_RSLEEP,2
$STROBE,0
$RAFOS_PEAK_OFFSET,1.5
$RAFOS_CORR_THRESH,60
$RAFOS_HIT_WINDOW,3600
$PITCH_MIN,255
$PITCH_MAX,3935
$C_PITCH,3013
$PITCH_DBAND,0.0099999998
$PITCH_CNV,0.003125763
$P_OVSHOOT,0.039999999
$PITCH_GAIN,30
$PITCH_TIMEOUT,17
$PITCH_AD_RATE,160
$PITCH_MAXERRORS,1
$PITCH_ADJ_GAIN,0.02
$PITCH_ADJ_DBAND,2.5
$ROLL_MIN,171
$ROLL_MAX,3723
$ROLL_DEG,40
$C_ROLL_DIVE,2033
$C_ROLL_CLIMB,1891
$HEAD_ERRBAND,10
$ROLL_CNV,0.028270001
$ROLL_TIMEOUT,15
$R_PORT_OVSHOOT,76
$R_STBD_OVSHOOT,64
$ROLL_AD_RATE,300
$ROLL_MAXERRORS,2
$ROLL_ADJ_GAIN,0
$ROLL_ADJ_DBAND,0
$VBD_MIN,465
$VBD_MAX,3960
$C_VBD,2275
$VBD_DBAND,2
$VBD_CNV,-0.25119999
$VBD_TIMEOUT,720
$PITCH_VBD_SHIFT,0.0012300001
$VBD_PUMP_AD_RATE_SURFACE,5
$VBD_PUMP_AD_RATE_APOGEE,4
$VBD_BLEED_AD_RATE,8
$UNCOM_BLEED,60
$VBD_MAXERRORS,1
$W_ADJ_DBAND,2
$DBDW,0
$PITCH_W_GAIN,0
$PITCH_W_DBAND,1
$CF8_MAXERRORS,5
$AH0_24V,145
$AH0_10V,95
$MINV_24V,19
$MINV_10V,8
$FG_AHR_10V,0
$FG_AHR_24V,0
$PHONE_SUPPLY,2
$PRESSURE_YINT,-33.008354
$PRESSURE_SLOPE,0.0001165895
$AD7714Ch0Gain,128
$TCM_PITCH_OFFSET,0
$TCM_ROLL_OFFSET,0
$COMPASS_USE,4
$ALTIM_BOTTOM_PING_RANGE,0
$ALTIM_TOP_PING_RANGE,20
$ALTIM_BOTTOM_TURN_MARGIN,25
$ALTIM_TOP_TURN_MARGIN,0
$ALTIM_TOP_MIN_OBSTACLE,1
$ALTIM_PING_DEPTH,100
$ALTIM_PING_DELTA,5
$ALTIM_FREQUENCY,13
$ALTIM_PULSE,3
$ALTIM_SENSITIVITY,3
$XPDR_VALID,5
$XPDR_INHIBIT,90
$INT_PRESSURE_SLOPE,0.0097660003
$INT_PRESSURE_YINT,-0.40000001
$DEEPGLIDER,0
$DEEPGLIDERMB,0
$MOTHERBOARD,4
$DEVICE1,2
$DEVICE2,20
$DEVICE3,-1
$DEVICE4,-1
$DEVICE5,-1
$DEVICE6,-1
$LOGGERS,7
$LOGGERDEVICE1,-1
$LOGGERDEVICE2,-1
$LOGGERDEVICE3,-1
$LOGGERDEVICE4,-1
$COMPASS_DEVICE,33
$COMPASS2_DEVICE,-1
$PHONE_DEVICE,49
$GPS_DEVICE,32
$RAFOS_DEVICE,-1
$XPDR_DEVICE,24
$SIM_W,0
$SIM_PITCH,0
$SEABIRD_T_G,0.0043275012
$SEABIRD_T_H,0.0006214368
$SEABIRD_T_I,2.2085376e-05
$SEABIRD_T_J,2.2233748e-06
$SEABIRD_C_G,-10.084761
$SEABIRD_C_H,1.1595923
$SEABIRD_C_I,-0.0010180317
$SEABIRD_C_J,0.00017345669
$GPS1,010625,015917,4742.270,-12225.723,8,1.9,8,18.2
$_CALLS,1
$_XMS_NAKs,0
$_XMS_TOUTs,0
$_SM_DEPTHo,0.39
$_SM_ANGLEo,-71.4
$GPS2,010625,020503,4742.215,-12225.764,11,1.6,39,18.2
$SPEED_LIMITS,0.173,0.260
$TGT_NAME,MID_175E
$TGT_LATLONG,4746.000,-12224.600
$TGT_RADIUS,300.000
$KALMAN_CONTROL,0.000,0.000
$KALMAN_X,0.0,0.0,0.0,0.0,0.0
$KALMAN_Y,0.0,0.0,0.0,0.0,0.0
$MHEAD_RNG_PITCHd_Wd,4.7,7158,-17.5,-10.000,-21.04,2225
$D_GRID,210
$GCHEAD,st_secs,pitch_ctl,vbd_ctl,pitch_ad_start,roll_ad_start,vbd_pot1_ad_start,vbd_pot2_ad_start,depth,ob_vertv,data_pts,end_secs,pitch_secs,roll_secs,vbd_secs,vbd_i,gcphase,pitch_i,roll_i,pitch_ad,roll_ad,vbd_ad,vbd_pot1_ad,vbd_pot2_ad,pitch_retries,pitch_errors,roll_retries,roll_errors,vbd_retries,vbd_errors,pitch_volts,roll_volts,vbd_volts
$STATE,13,end surface,CONTROL_FINISHED_OK
$STATE,13,begin dive
$GC,15,-0.76,-146.6,248,2012,495,434,0.0,0.0,0,100,0.00,0.00,-82.70,0.000,16386,0.000,0.000,248,2012,2743,2824,2663,0,0,0,0,0,0,28.83,28.83,28.83
$GC,103,-0.76,-146.6,248,2012,2825,2664,3.6,-7.7,8,123,9.68,2.12,-2.42,0.000,18692,0.221,0.047,2753,3429,2864,2963,2765,0,0,0,0,0,0,25.86,26.11,26.35
$GC,180,-0.61,-146.6,2752,3429,2975,2766,24.9,-22.9,15,189,0.17,2.03,0.00,0.000,3078,0.140,0.019,2808,2023,2871,2975,2767,0,0,0,0,0,0,26.04,26.23,28.83
$GC,218,-0.55,-146.6,2808,2021,2976,2767,31.5,-16.0,19,229,0.10,2.03,0.00,0.000,2564,0.165,0.033,2834,659,2871,2976,2766,0,0,0,0,0,0,26.14,26.21,28.83
$GC,252,-0.55,-146.6,2834,659,2976,2766,35.9,-13.6,22,262,0.00,1.98,0.00,0.000,1030,0.000,0.024,2834,2019,2871,2976,2767,0,0,0,0,0,0,28.83,26.26,28.83
$GC,292,-0.55,-146.6,2833,2019,2977,2767,40.7,-11.9,26,302,0.00,2.10,0.00,0.000,260,0.000,0.038,2834,3435,2872,2977,2767,0,0,0,0,0,0,28.83,26.25,28.83
$GC,335,-0.55,-146.6,2834,3435,2978,2767,45.7,-11.5,30,345,0.00,1.98,0.00,0.000,1030,0.000,0.018,2834,2033,2872,2978,2767,0,0,0,0,0,0,28.83,26.34,28.83
$GC,376,-0.55,-146.6,2834,2033,2978,2766,50.4,-11.8,34,385,0.00,2.05,0.00,0.000,2564,0.000,0.034,2834,657,2872,2978,2766,0,0,0,0,0,0,28.83,26.31,28.83
$GC,431,-0.55,-146.6,2833,657,2978,2766,57.1,-12.2,39,439,0.00,2.05,0.00,0.000,1030,0.000,0.024,2834,2036,2872,2978,2766,0,0,0,0,0,0,28.83,26.36,28.83
$GC,469,-0.55,-146.6,2833,2037,2978,2766,61.8,-11.6,43,471,0.00,0.00,0.00,0.000,6,0.000,0.000,2834,2037,2872,2978,2766,0,0,0,0,0,0,28.83,28.83,28.83
$GC,500,-0.55,-146.6,2834,2037,2978,2766,64.9,-10.4,46,501,0.00,0.00,0.00,0.000,6,0.000,0.000,2834,2037,2872,2978,2766,0,0,0,0,0,0,28.83,28.83,28.83
$GC,529,-0.55,-146.6,2833,2037,2978,2766,68.3,-11.2,49,531,0.00,0.00,0.00,0.000,2054,0.000,0.000,2834,2037,2872,2978,2766,0,0,0,0,0,0,28.83,28.83,28.83
$GC,559,-0.55,-146.6,2833,2037,2978,2766,71.6,-11.2,52,561,0.00,0.00,0.00,0.000,2054,0.000,0.000,2834,2037,2872,2978,2766,0,0,0,0,0,0,28.83,28.83,28.83
$GC,589,-0.55,-146.6,2833,2037,2978,2766,75.2,-11.6,55,591,0.00,0.00,0.00,0.000,2054,0.000,0.000,2834,2037,2872,2978,2766,0,0,0,0,0,0,28.83,28.83,28.83
$GC,620,-0.55,-146.6,2834,2037,2978,2766,78.8,-12.3,58,629,0.00,2.03,0.00,0.000,2564,0.000,0.034,2834,658,2872,2978,2766,0,0,0,0,0,0,28.83,26.41,28.83
$GC,684,-0.55,-146.6,2834,658,2978,2766,87.4,-13.6,64,693,0.00,2.00,0.00,0.000,1030,0.000,0.024,2834,2046,2872,2978,2766,0,0,0,0,0,0,28.83,26.46,28.83
$GC,724,-0.55,-146.6,2834,2046,2978,2766,92.4,-12.6,68,733,0.00,2.08,0.00,0.000,2308,0.000,0.039,2834,3437,2872,2978,2766,0,0,0,0,0,0,28.83,26.44,28.83
$GC,767,-0.62,-146.6,2834,3437,2978,2766,97.4,-11.6,72,778,0.08,1.98,0.00,0.000,5126,0.125,0.018,2796,2022,2872,2978,2766,0,0,0,0,0,0,26.43,26.51,28.83
$GC,807,-0.62,-146.6,2795,2021,2978,2766,102.4,-12.6,76,817,0.08,2.00,0.00,0.000,2564,0.184,0.033,2811,660,2872,2978,2766,0,0,0,0,0,0,26.44,26.46,28.83
$GC,862,-0.62,-146.6,2811,660,2978,2766,109.8,-13.1,81,873,0.00,1.98,0.00,0.000,3078,0.000,0.024,2810,2034,2872,2978,2766,0,0,0,0,0,0,28.83,26.51,28.83
$GC,903,-0.62,-146.6,2810,2034,2978,2766,115.2,-13.4,85,913,0.00,2.05,0.00,0.000,2308,0.000,0.039,2810,3426,2872,2978,2766,0,0,0,0,0,0,28.83,26.50,28.83
$GC,968,-0.62,-146.6,2810,3426,2978,2766,123.4,-12.3,91,978,0.00,1.95,0.00,0.000,3078,0.000,0.018,2810,2026,2872,2978,2766,0,0,0,0,0,0,28.83,26.55,28.83
$GC,1008,-0.62,-146.6,2810,2025,2978,2766,127.8,-11.1,95,1018,0.00,2.00,0.00,0.000,2564,0.000,0.033,2810,651,2872,2978,2766,0,0,0,0,0,0,28.83,26.51,28.83
$GC,1056,-0.62,-146.6,2809,651,2978,2766,133.6,-12.5,99,1065,0.00,2.05,0.00,0.000,3078,0.000,0.024,2810,2038,2872,2978,2766,0,0,0,0,0,0,28.83,26.53,28.83
$GC,1095,-0.62,-146.6,2809,2038,2978,2766,138.3,-11.9,103,1104,0.00,2.08,0.00,0.000,2308,0.000,0.039,2810,3432,2872,2978,2766,0,0,0,0,0,0,28.83,26.51,28.83
$GC,1139,-0.62,-146.6,2810,3432,2978,2766,143.2,-10.9,107,1148,0.00,2.00,0.00,0.000,3078,0.000,0.018,2810,2033,2872,2978,2766,0,0,0,0,0,0,28.83,26.58,28.83
$GC,1178,-0.62,-146.6,2810,2031,2978,2766,147.7,-11.2,111,1179,0.00,0.00,0.00,0.000,2054,0.000,0.000,2810,2030,2871,2978,2765,0,0,0,0,0,0,28.83,28.83,28.83
$GC,1209,-0.62,-146.6,2809,2030,2978,2766,151.3,-11.7,114,1210,0.00,0.00,0.00,0.000,2054,0.000,0.000,2810,2030,2872,2978,2766,0,0,0,0,0,0,28.83,28.83,28.83
$GC,1238,-0.62,-146.6,2810,2031,2978,2766,154.8,-12.0,117,1239,0.00,0.00,0.00,0.000,2054,0.000,0.000,2810,2030,2872,2978,2766,0,0,0,0,0,0,28.83,28.83,28.83
$GC,1268,-0.62,-146.6,2809,2030,2978,2766,158.4,-11.7,120,1269,0.00,0.00,0.00,0.000,2054,0.000,0.000,2810,2031,2872,2978,2766,0,0,0,0,0,0,28.83,28.83,28.83
$GC,1298,-0.62,-146.6,2810,2030,2978,2765,161.9,-11.8,123,1299,0.00,0.00,0.00,0.000,2054,0.000,0.000,2810,2031,2872,2978,2766,0,0,0,0,0,0,28.83,28.83,28.83
$GC,1329,-0.62,-146.6,2809,2031,2978,2766,165.2,-11.2,126,1330,0.00,0.00,0.00,0.000,2054,0.000,0.000,2810,2030,2872,2978,2766,0,0,0,0,0,0,28.83,28.83,28.83
$GC,1358,-0.62,-146.6,2810,2030,2978,2766,168.6,-10.9,129,1359,0.00,0.00,0.00,0.000,2054,0.000,0.000,2810,2030,2872,2978,2766,0,0,0,0,0,0,28.83,28.83,28.83
$GC,1388,-0.62,-146.6,2810,2030,2978,2766,171.9,-11.2,132,1392,0.00,2.12,0.00,0.000,2308,0.000,0.039,2810,3440,2872,2978,2766,0,0,0,0,0,0,28.83,26.55,28.83
$GC,1424,-0.62,-146.6,2810,3441,2978,2766,175.3,-10.8,135,1431,0.00,2.00,0.00,0.000,3078,0.000,0.018,2810,2038,2872,2978,2766,0,0,0,0,0,0,28.83,26.61,28.83
$STATE,1440,end dive,BOTTOM_OBSTACLE_DETECTED
$STATE,1440,begin apogee
$GC,1444,-0.27,0.0,2809,1833,2978,2766,177.5,-10.8,137,1574,0.32,0.08,117.05,0.587,10246,0.126,0.107,2917,1921,2274,2362,2187,0,0,0,0,0,0,26.45,25.37,24.87
$STATE,1575,end apogee,CONTROL_FINISHED_OK
$STATE,1575,begin climb
$GC,1576,0.76,146.6,2917,1921,2361,2187,183.9,0.0,150,1693,1.02,0.00,112.57,0.571,10502,0.102,0.000,3254,1921,1690,1808,1573,0,0,0,0,0,0,25.46,28.83,24.77
$GC,1722,0.70,146.6,3254,1921,1808,1569,172.9,11.8,165,1723,0.08,0.00,0.00,0.000,4102,0.189,0.000,3241,1922,1688,1808,1569,0,0,0,0,0,0,25.53,28.83,28.83
$GC,1751,0.70,146.6,3241,1922,1808,1568,169.5,11.3,168,1752,0.00,0.00,0.00,0.000,6,0.000,0.000,3241,1922,1688,1808,1568,0,0,0,0,0,0,28.83,28.83,28.83
$GC,1781,0.70,146.6,3241,1922,1807,1567,166.1,11.6,171,1790,0.00,2.05,0.00,0.000,4356,0.000,0.033,3240,3282,1687,1808,1567,0,0,0,0,0,0,28.83,25.84,28.83
$GC,1794,0.70,146.6,3240,3282,1808,1566,165.1,11.5,172,1803,0.00,2.05,0.00,0.000,5126,0.000,0.018,3247,1897,1687,1807,1567,0,0,0,0,0,0,28.83,25.91,28.83
$GC,1833,0.70,146.6,3246,1897,1807,1566,159.9,11.6,176,1834,0.00,0.00,0.00,0.000,4102,0.000,0.000,3246,1897,1686,1807,1566,0,0,0,0,0,0,28.83,28.83,28.83
$GC,1863,0.70,146.6,3246,1897,1807,1566,156.6,11.4,179,1864,0.00,0.00,0.00,0.000,4102,0.000,0.000,3246,1897,1686,1807,1566,0,0,0,0,0,0,28.83,28.83,28.83
$GC,1894,0.70,146.6,3246,1897,1807,1566,153.4,10.8,182,1895,0.00,0.00,0.00,0.000,4102,0.000,0.000,3246,1897,1686,1808,1565,0,0,0,0,0,0,28.83,28.83,28.83
$GC,1923,0.70,146.6,3246,1897,1807,1565,150.1,10.9,185,1924,0.00,0.00,0.00,0.000,4102,0.000,0.000,3246,1897,1686,1807,1565,0,0,0,0,0,0,28.83,28.83,28.83
$GC,1953,0.70,146.6,3246,1897,1807,1564,146.8,10.7,188,1963,0.00,2.05,0.00,0.000,4356,0.000,0.032,3246,3277,1686,1808,1564,0,0,0,0,0,0,28.83,26.14,28.83
$GC,1967,0.70,146.6,3246,3276,1807,1564,146.1,10.5,189,1976,0.00,2.03,0.00,0.000,5126,0.000,0.019,3251,1892,1685,1807,1564,0,0,0,0,0,0,28.83,26.19,28.83
$GC,2006,0.65,146.6,3251,1892,1807,1564,141.3,11.0,193,2008,0.12,0.00,0.00,0.000,4102,0.164,0.000,3220,1892,1685,1807,1564,0,0,0,0,0,0,26.08,28.83,28.83
$GC,2037,0.65,146.6,3220,1891,1807,1564,138.6,9.0,196,2046,0.00,2.03,0.00,0.000,260,0.000,0.033,3220,3276,1685,1807,1564,0,0,0,0,0,0,28.83,26.21,28.83
$GC,2059,0.65,146.6,3220,3276,1807,1563,136.6,8.4,198,2069,0.00,1.98,0.00,0.000,5126,0.000,0.019,3224,1878,1685,1807,1563,0,0,0,0,0,0,28.83,26.27,28.83
$GC,2099,0.65,146.6,3224,1878,1807,1563,133.2,8.5,202,2100,0.00,0.00,0.00,0.000,4102,0.000,0.000,3224,1878,1685,1807,1563,0,0,0,0,0,0,28.83,28.83,28.83
$GC,2128,0.65,146.6,3224,1878,1807,1563,130.8,8.1,205,2130,0.00,0.00,0.00,0.000,4102,0.000,0.000,3224,1879,1685,1807,1564,0,0,0,0,0,0,28.83,28.83,28.83
$GC,2158,0.65,146.6,3224,1878,1807,1563,128.2,8.4,208,2160,0.00,0.00,0.00,0.000,4102,0.000,0.000,3224,1878,1685,1807,1563,0,0,0,0,0,0,28.83,28.83,28.83
$GC,2189,0.65,146.6,3224,1878,1807,1563,125.5,8.8,211,2198,0.00,2.08,0.00,0.000,4356,0.000,0.033,3224,3281,1685,1807,1563,0,0,0,0,0,0,28.83,26.32,28.83
$GC,2211,0.65,146.6,3224,3280,1807,1563,123.5,9.1,213,2221,0.00,1.98,0.00,0.000,5126,0.000,0.020,3226,1889,1685,1807,1563,0,0,0,0,0,0,28.83,26.36,28.83
$GC,2251,0.70,190.6,3225,1890,1807,1563,120.4,8.0,217,2292,0.00,2.10,33.38,0.536,10756,0.000,0.037,3225,513,1515,1645,1386,0,0,0,0,0,0,28.83,25.93,25.41
$GC,2297,0.78,250.7,3225,513,1643,1386,117.5,7.2,221,2348,0.08,2.03,44.83,0.532,11270,0.063,0.019,3265,1885,1276,1413,1139,0,0,0,0,0,0,25.96,26.01,25.08
$GC,2376,0.78,250.7,3264,1887,1413,1135,108.5,12.3,229,2386,0.00,2.08,0.00,0.000,260,0.000,0.030,3265,3281,1273,1413,1134,0,0,0,0,0,0,28.83,25.78,28.83
$GC,2400,0.78,250.7,3264,3280,1413,1133,105.0,14.0,231,2409,0.00,2.08,0.00,0.000,5126,0.000,0.021,3265,1897,1272,1413,1132,0,0,0,0,0,0,28.83,25.89,28.83
$GC,2439,0.78,250.7,3265,1896,1413,1131,98.4,16.1,235,2440,0.00,0.00,0.00,0.000,4102,0.000,0.000,3265,1896,1271,1412,1131,0,0,0,0,0,0,28.83,28.83,28.83
$GC,2470,0.78,250.7,3264,1895,1413,1130,93.8,15.5,238,2474,0.00,2.10,0.00,0.000,260,0.000,0.037,3265,3282,1271,1412,1130,0,0,0,0,0,0,28.83,26.01,28.83
$GC,2493,0.78,250.7,3265,3286,1413,1129,90.6,14.3,240,2502,0.00,2.05,0.00,0.000,5126,0.000,0.018,3265,1889,1270,1412,1129,0,0,0,0,0,0,28.83,26.09,28.83
$GC,2532,0.78,250.7,3265,1889,1412,1129,83.8,17.2,244,2541,0.00,2.08,0.00,0.000,4612,0.000,0.038,3265,516,1270,1412,1129,0,0,0,0,0,0,28.83,26.08,28.83
$GC,2545,0.78,250.7,3264,516,1411,1129,82.7,16.1,245,2555,0.00,2.03,0.00,0.000,5126,0.000,0.019,3265,1890,1270,1411,1129,0,0,0,0,0,0,28.83,26.16,28.83
$GC,2585,0.78,250.7,3265,1890,1411,1129,76.7,13.9,249,2595,0.00,2.03,0.00,0.000,260,0.000,0.032,3265,3283,1269,1410,1129,0,0,0,0,0,0,28.83,26.17,28.83
$GC,2599,0.78,250.7,3265,3283,1411,1128,75.4,13.5,250,2608,0.00,2.05,0.00,0.000,5126,0.000,0.019,3265,1885,1269,1411,1128,0,0,0,0,0,0,28.83,26.22,28.83
$GC,2638,0.78,250.7,3265,1885,1411,1128,69.1,14.3,254,2639,0.00,0.00,0.00,0.000,4102,0.000,0.000,3265,1885,1269,1411,1128,0,0,0,0,0,0,28.83,28.83,28.83
$GC,2668,0.78,250.7,3265,1884,1411,1128,64.9,14.2,257,2678,0.00,2.08,0.00,0.000,4612,0.000,0.041,3265,514,1269,1410,1128,0,0,0,0,0,0,28.83,26.21,28.83
$GC,2682,0.78,250.7,3264,514,1410,1128,63.6,14.0,258,2691,0.00,2.03,0.00,0.000,5126,0.000,0.019,3265,1898,1269,1411,1128,0,0,0,0,0,0,28.83,26.28,28.83
$GC,2721,0.78,250.7,3265,1898,1411,1128,57.3,14.3,262,2722,0.00,0.00,0.00,0.000,4102,0.000,0.000,3265,1898,1269,1410,1128,0,0,0,0,0,0,28.83,28.83,28.83
$GC,2751,0.78,250.7,3265,1898,1411,1128,53.4,13.3,265,2761,0.00,2.10,0.00,0.000,4612,0.000,0.038,3265,507,1269,1410,1128,0,0,0,0,0,0,28.83,26.26,28.83
$GC,2765,0.78,250.7,3265,507,1411,1128,52.4,13.0,266,2774,0.00,2.03,0.00,0.000,5126,0.000,0.019,3265,1897,1269,1410,1128,0,0,0,0,0,0,28.83,26.34,28.83
$GC,2805,0.78,250.7,3265,1897,1410,1128,46.6,12.5,270,2806,0.00,0.00,0.00,0.000,4102,0.000,0.000,3265,1897,1269,1410,1128,0,0,0,0,0,0,28.83,28.83,28.83
$GC,2834,0.78,250.7,3265,1897,1410,1128,42.8,12.8,273,2844,0.00,2.03,0.00,0.000,4356,0.000,0.033,3265,3284,1268,1409,1128,0,0,0,0,0,0,28.83,26.33,28.83
$GC,2857,0.78,250.7,3265,3284,1410,1128,39.9,13.0,275,2861,0.00,2.00,0.00,0.000,5126,0.000,0.021,3265,1885,1269,1410,1128,0,0,0,0,0,0,28.83,26.37,28.83
$GC,2898,0.78,250.7,3265,1884,1410,1127,34.5,12.9,279,2908,0.00,2.08,0.00,0.000,4612,0.000,0.040,3265,503,1269,1410,1128,0,0,0,0,0,0,28.83,26.33,28.83
$GC,2934,0.78,250.7,3265,503,1409,1128,30.5,12.5,282,2942,0.00,2.03,0.00,0.000,5126,0.000,0.021,3265,1891,1267,1408,1127,0,0,0,0,0,0,28.83,26.41,28.83
$GC,2972,0.78,250.7,3265,1891,1408,1127,25.9,11.4,286,2976,0.00,2.08,0.00,0.000,4356,0.000,0.034,3265,3286,1268,1408,1128,0,0,0,0,0,0,28.83,26.39,28.83
$GC,2995,0.78,250.7,3265,3286,1408,1128,23.3,11.6,288,3004,0.00,2.05,0.00,0.000,5126,0.000,0.020,3265,1882,1267,1408,1127,0,0,0,0,0,0,28.83,26.44,28.83
$GC,3034,0.78,250.7,3265,1882,1408,1128,18.7,11.7,292,3035,0.00,0.00,0.00,0.000,4102,0.000,0.000,3265,1882,1268,1408,1128,0,0,0,0,0,0,28.83,28.83,28.83
$GC,3064,0.78,250.7,3265,1882,1408,1127,15.3,11.2,295,3073,0.00,2.05,0.00,0.000,516,0.000,0.041,3265,516,1267,1408,1127,0,0,0,0,0,0,28.83,26.39,28.83
$GC,3079,0.78,250.7,3264,516,1408,1128,14.3,11.3,296,3086,0.00,2.00,0.00,0.000,5126,0.000,0.020,3265,1899,1267,1407,1128,0,0,0,0,0,0,28.83,26.46,28.83
$GC,3118,0.78,250.7,3265,1899,1408,1128,8.8,12.5,300,3127,0.00,2.03,0.00,0.000,4356,0.000,0.033,3265,3284,1268,1408,1128,0,0,0,0,0,0,28.83,26.44,28.83
$GC,3142,0.78,250.7,3265,3284,1408,1127,5.9,12.5,302,3150,0.00,2.03,0.00,0.000,5126,0.000,0.021,3265,1897,1268,1409,1127,0,0,0,0,0,0,28.83,26.47,28.83
$STATE,3169,end climb,SURFACE_DEPTH_REACHED
$STATE,3169,begin surface coast
$FINISH,-0.3,1.022467
$STATE,3192,end surface coast,CONTROL_FINISHED_OK
$STATE,3192,begin surface
$SM_CCo,3207,140.68,0.448,1,0,464,454.67
$SM_CCo,3355,-0.22,0.000,0,0,466,454.67
$SM_CCo,3358,0.40,0.086,0,0,466,454.67
$SM_GC,0.40,8.02,0.15,0.40,0.047,0.072,0.086,244,2060,466,-8.58,-2.04,454.67,0,0,0,0,0,0,26.45,26.50,25.49
$IRIDIUM_FIX,4722.92,-12222.38,280318,141418
$TT8_MAMPS,0.027713,0.027713
$HUMID,38.85
$INTERNAL_PRESSURE,8.37963
$TCM_TEMP,19.40
$XPDR_PINGS,1
$ALTIM_TOP_PING,19.9,20.5
$ALTIM_BOTTOM_PING,136.0,66.4
$24V_AH,24.8,3.154
$10V_AH,10.6,1.011
$FG_AHR_24Vo,0.000
$FG_AHR_10Vo,0.000
$DEVICES,Pitch_motor,Roll_motor,VBD_pump_during_apogee,VBD_pump_during_surface,VBD_valve,Iridium_during_init,Iridium_during_connect,Iridium_during_xfer,Transponder_ping,GUMSTIX_24V,GPS,TT8,LPSleep,TT8_Active,TT8_Sampling,TT8_CF8,TT8_Kalman,Analog_circuits,GPS_charging,Compass,RAFOS,Transponder,Compass2
$DEVICE_SECS,19.750,110.550,307.825,141.075,0.000,26.301,31.374,174.458,3.000,0.000,42.134,879.571,853.725,657.732,1252.974,79.169,0.000,1286.118,0.000,634.054,0.000,21.122,0.000
$DEVICE_MAMPS,221.085,107.100,586.755,448.290,0.000,43.600,160.000,223.000,420.000,0.000,28.460,13.960,2.190,13.960,37.930,44.670,0.000,16.000,0.000,15.730,0.000,30.000,0.000
$SENSORS,SBE_CT,SBE_O2,nil,nil,nil,nil,nil,nil,nil,nil
$SENSOR_SECS,202.067,755.864,0.000,0.000,0.000,0.000,0.000,0.000,0.000,0.000
$SENSOR_MAMPS,23.220,4.490,0.000,0.000,0.000,0.000,0.000,0.000,0.000,0.000
$MEM,354528
$DATA_FILE_SIZE,13516,307
$CAP_FILE_SIZE,107204,0
$CFSIZE,260165632,255008768
$ERRORS,0,0,0,0,0,0,0,0,0,0,0,0,0,1,0,0
$CURRENT,0.273,229.3,1
$GPS,010625,030217,4742.353,-12226.052,10,1.5,10,18.2
