version: 66.11
glider: 175
mission: 9
dive: 165
start: 6 5 125 15 12 16
data:
$ID,175
$MISSION,9
$DIVE,165
$N_DIVES,0
$D_SURF,3
$D_FLARE,3
$D_TGT,180
$D_ABORT,1090
$D_NO_BLEED,500
$D_BOOST,3
$T_BOOST,0
$D_FINISH,0
$D_PITCH,0
$D_SAFE,0
$D_CALL,0
$SURFACE_URGENCY,0
$SURFACE_URGENCY_TRY,0
$SURFACE_URGENCY_FORCE,0
$T_DIVE,60
$T_MISSION,75
$T_ABORT,1440
$T_TURN,300
$T_TURN_SAMPINT,5
$T_NO_W,120
$T_LOITER,0
$T_EPIRB,0
$USE_BATHY,0
$USE_ICE,0
$ICE_FREEZE_MARGIN,0.30000001
$D_OFFGRID,100
$T_WATCHDOG,10
$RELAUNCH,1
$APOGEE_PITCH,-8
$MAX_BUOY,150
$COURSE_BIAS,0
$GLIDE_SLOPE,30
$SPEED_FACTOR,1
$RHO,1.023
$MASS,51902
$MASS_COMP,0
$NAV_MODE,2
$FERRY_MAX,45
$KALMAN_USE,2
$HD_A,0.003
$HD_B,0.0099999998
$HD_C,9.9999997e-06
$HEADING,-1
$ESCAPE_HEADING,0
$ESCAPE_HEADING_DELTA,10
$FIX_MISSING_TIMEOUT,0
$TGT_DEFAULT_LAT,4743
$TGT_DEFAULT_LON,-12225
$TGT_AUTO_DEFAULT,0
$SM_CC,250
$N_FILEKB,4
$FILEMGR,0
$CALL_NDIVES,1
$COMM_SEQ,0
$PROTOCOL,9
$N_NOCOMM,1
$NOCOMM_ACTION,0
$N_NOSURFACE,0
$UPLOAD_DIVES_MAX,-1
$CALL_TRIES,5
$CALL_WAIT,60
$CAPUPLOAD,1
$CAPMAXSIZE,200000
$HEAPDBG,0
$T_GPS,15
$N_GPS,30
$T_GPS_ALMANAC,0
$T_GPS_CHARGE,-34710.488
$T_RSLEEP,2
$STROBE,0
$RAFOS_PEAK_OFFSET,1.5
$RAFOS_CORR_THRESH,60
$RAFOS_HIT_WINDOW,3600
$PITCH_MIN,255
$PITCH_MAX,3935
$C_PITCH,3013
$PITCH_DBAND,0.0099999998
$PITCH_CNV,0.003125763
$P_OVSHOOT,0.039999999
$PITCH_GAIN,30
$PITCH_TIMEOUT,17
$PITCH_AD_RATE,160
$PITCH_MAXERRORS,1
$PITCH_ADJ_GAIN,0.02
$PITCH_ADJ_DBAND,2.5
$ROLL_MIN,171
$ROLL_MAX,3723
$ROLL_DEG,40
$C_ROLL_DIVE,2033
$C_ROLL_CLIMB,1891
$HEAD_ERRBAND,10
$ROLL_CNV,0.028270001
$ROLL_TIMEOUT,15
$R_PORT_OVSHOOT,48
$R_STBD_OVSHOOT,60
$ROLL_AD_RATE,300
$ROLL_MAXERRORS,2
$ROLL_ADJ_GAIN,0
$ROLL_ADJ_DBAND,0
$VBD_MIN,465
$VBD_MAX,3960
$C_VBD,2140
$VBD_DBAND,2
$VBD_CNV,-0.25119999
$VBD_TIMEOUT,720
$PITCH_VBD_SHIFT,0.0012300001
$VBD_PUMP_AD_RATE_SURFACE,5
$VBD_PUMP_AD_RATE_APOGEE,4
$VBD_BLEED_AD_RATE,8
$UNCOM_BLEED,60
$VBD_MAXERRORS,1
$W_ADJ_DBAND,2
$DBDW,0
$PITCH_W_GAIN,0
$PITCH_W_DBAND,1
$CF8_MAXERRORS,5
$AH0_24V,145
$AH0_10V,95
$MINV_24V,19
$MINV_10V,8
$FG_AHR_10V,0
$FG_AHR_24V,0
$PHONE_SUPPLY,2
$PRESSURE_YINT,-33.008354
$PRESSURE_SLOPE,0.0001165895
$AD7714Ch0Gain,128
$TCM_PITCH_OFFSET,0
$TCM_ROLL_OFFSET,0
$COMPASS_USE,4
$ALTIM_BOTTOM_PING_RANGE,0
$ALTIM_TOP_PING_RANGE,20
$ALTIM_BOTTOM_TURN_MARGIN,25
$ALTIM_TOP_TURN_MARGIN,0
$ALTIM_TOP_MIN_OBSTACLE,1
$ALTIM_PING_DEPTH,80
$ALTIM_PING_DELTA,5
$ALTIM_FREQUENCY,13
$ALTIM_PULSE,3
$ALTIM_SENSITIVITY,3
$XPDR_VALID,5
$XPDR_INHIBIT,90
$INT_PRESSURE_SLOPE,0.0097660003
$INT_PRESSURE_YINT,-0.40000001
$DEEPGLIDER,0
$DEEPGLIDERMB,0
$MOTHERBOARD,4
$DEVICE1,2
$DEVICE2,20
$DEVICE3,-1
$DEVICE4,-1
$DEVICE5,-1
$DEVICE6,-1
$LOGGERS,7
$LOGGERDEVICE1,-1
$LOGGERDEVICE2,-1
$LOGGERDEVICE3,-1
$LOGGERDEVICE4,-1
$COMPASS_DEVICE,33
$COMPASS2_DEVICE,-1
$PHONE_DEVICE,49
$GPS_DEVICE,32
$RAFOS_DEVICE,-1
$XPDR_DEVICE,24
$SIM_W,0
$SIM_PITCH,0
$SEABIRD_T_G,0.0043275012
$SEABIRD_T_H,0.0006214368
$SEABIRD_T_I,2.2085376e-05
$SEABIRD_T_J,2.2233748e-06
$SEABIRD_C_G,-10.084761
$SEABIRD_C_H,1.1595923
$SEABIRD_C_I,-0.0010180317
$SEABIRD_C_J,0.00017345669
$GPS1,050625,150652,4746.130,-12224.918,10,1.6,27,18.2
$_CALLS,1
$_XMS_NAKs,0
$_XMS_TOUTs,0
$_SM_DEPTHo,-2.26
$_SM_ANGLEo,-74.7
$GPS2,050625,151147,4746.166,-12224.915,10,2.0,10,18.2
$SPEED_LIMITS,0.173,0.260
$TGT_NAME,MID_175E
$TGT_LATLONG,4746.000,-12224.800
$TGT_RADIUS,300.000
$KALMAN_CONTROL,0.000,0.000
$KALMAN_X,0.0,0.0,0.0,0.0,0.0
$KALMAN_Y,0.0,0.0,0.0,0.0,0.0
$MHEAD_RNG_PITCHd_Wd,151.2,338,-17.5,-10.000,-21.04,2225
$D_GRID,180
$GCHEAD,st_secs,pitch_ctl,vbd_ctl,pitch_ad_start,roll_ad_start,vbd_pot1_ad_start,vbd_pot2_ad_start,depth,ob_vertv,data_pts,end_secs,pitch_secs,roll_secs,vbd_secs,vbd_i,gcphase,pitch_i,roll_i,pitch_ad,roll_ad,vbd_ad,vbd_pot1_ad,vbd_pot2_ad,pitch_retries,pitch_errors,roll_retries,roll_errors,vbd_retries,vbd_errors,pitch_volts,roll_volts,vbd_volts
$STATE,13,end surface,CONTROL_FINISHED_OK
$STATE,13,begin dive
$GC,15,-0.76,-146.6,236,2050,1229,1037,0.0,0.0,0,80,0.00,0.00,-59.00,0.000,16390,0.000,0.000,236,2050,2726,2806,2647,0,0,0,0,0,0,28.83,28.83,26.39
$GC,82,-0.76,-146.6,236,2050,2806,2648,0.8,-7.3,6,102,9.73,2.05,0.00,0.000,2308,0.218,0.029,2745,3431,2734,2819,2649,0,0,0,0,0,0,25.79,26.08,28.83
$GC,326,-0.58,-146.6,2745,3432,2827,2648,44.0,-16.5,29,337,0.25,2.03,0.00,0.000,3078,0.160,0.020,2819,1987,2737,2827,2648,0,0,0,0,0,0,26.08,26.32,28.83
$GC,367,-0.47,-146.6,2818,1987,2828,2648,49.6,-13.9,33,368,0.15,0.00,0.00,0.000,2054,0.151,0.000,2861,1987,2738,2828,2648,0,0,0,0,0,0,26.17,28.83,28.83
$GC,398,-0.47,-146.6,2860,1987,2829,2648,52.9,-11.0,36,408,0.00,1.92,0.00,0.000,516,0.000,0.035,2861,670,2737,2828,2647,0,0,0,0,0,0,28.83,26.31,28.83
$GC,444,-0.47,-146.6,2861,670,2829,2647,57.0,-9.3,40,452,0.00,2.00,0.00,0.000,1030,0.000,0.024,2861,2021,2737,2828,2647,0,0,0,0,0,0,28.83,26.36,28.83
$GC,483,-0.47,-146.6,2861,2021,2829,2647,60.8,-9.2,44,484,0.00,0.00,0.00,0.000,6,0.000,0.000,2861,2021,2738,2829,2647,0,0,0,0,0,0,28.83,28.83,28.83
$GC,513,-0.47,-146.6,2860,2021,2829,2647,63.5,-8.8,47,514,0.00,0.00,0.00,0.000,6,0.000,0.000,2861,2021,2738,2830,2647,0,0,0,0,0,0,28.83,28.83,28.83
$GC,543,-0.47,-146.6,2861,2021,2829,2647,65.9,-8.4,50,544,0.00,0.00,0.00,0.000,6,0.000,0.000,2860,2021,2738,2829,2647,0,0,0,0,0,0,28.83,28.83,28.83
$GC,572,-0.47,-146.6,2861,2021,2829,2647,68.3,-8.1,53,574,0.00,0.00,0.00,0.000,6,0.000,0.000,2861,2021,2738,2829,2647,0,0,0,0,0,0,28.83,28.83,28.83
$GC,603,-0.47,-146.6,2860,2021,2829,2647,70.5,-7.5,56,604,0.00,0.00,0.00,0.000,6,0.000,0.000,2861,2021,2738,2829,2647,0,0,0,0,0,0,28.83,28.83,28.83
$GC,633,-0.47,-146.6,2861,2020,2829,2647,72.7,-7.2,59,643,0.00,2.08,0.00,0.000,260,0.000,0.038,2860,3432,2738,2829,2647,0,0,0,0,0,0,28.83,26.37,28.83
$GC,690,-0.47,-146.6,2859,3432,2830,2647,76.7,-7.2,64,699,0.00,1.92,0.00,0.000,1030,0.000,0.018,2859,2042,2738,2830,2647,0,0,0,0,0,0,28.83,26.48,28.83
$GC,728,-0.47,-146.6,2859,2041,2830,2646,79.6,-7.2,68,730,0.00,0.00,0.00,0.000,2054,0.000,0.000,2859,2041,2738,2830,2647,0,0,0,0,0,0,28.83,28.83,28.83
$GC,758,-0.47,-146.6,2859,2041,2830,2647,81.7,-7.0,71,762,0.00,2.08,0.00,0.000,2564,0.000,0.034,2859,652,2738,2830,2647,0,0,0,0,0,0,28.83,26.43,28.83
$GC,780,-0.47,-146.6,2859,652,2829,2646,83.2,-7.0,73,790,0.00,2.00,0.00,0.000,3078,0.000,0.023,2859,2046,2738,2830,2647,0,0,0,0,0,0,28.83,26.47,28.83
$GC,820,-0.47,-146.6,2859,2046,2830,2647,86.0,-6.8,77,821,0.00,0.00,0.00,0.000,2054,0.000,0.000,2860,2046,2738,2830,2647,0,0,0,0,0,0,28.83,28.83,28.83
$GC,851,-0.47,-146.6,2859,2046,2830,2647,87.8,-6.3,80,852,0.00,0.00,0.00,0.000,2054,0.000,0.000,2859,2046,2738,2830,2647,0,0,0,0,0,0,28.83,28.83,28.83
$GC,882,-0.47,-146.6,2859,2046,2830,2647,89.8,-6.7,83,890,0.00,0.00,0.00,0.000,2054,0.000,0.000,2859,2046,2738,2830,2647,0,0,0,0,0,0,28.83,28.83,28.83
$GC,920,-0.47,-146.6,2859,2046,2830,2646,92.6,-6.9,87,930,0.00,2.08,0.00,0.000,2564,0.000,0.034,2859,654,2738,2830,2646,0,0,0,0,0,0,28.83,26.46,28.83
$GC,954,-0.47,-146.6,2859,654,2830,2646,94.9,-6.7,90,965,0.00,1.98,0.00,0.000,3078,0.000,0.023,2859,2037,2738,2830,2646,0,0,0,0,0,0,28.83,26.51,28.83
$GC,994,-0.47,-146.6,2859,2037,2829,2646,97.3,-6.0,94,996,0.00,0.00,0.00,0.000,2054,0.000,0.000,2859,2037,2738,2830,2647,0,0,0,0,0,0,28.83,28.83,28.83
$GC,1024,-0.47,-146.6,2859,2037,2830,2647,99.3,-6.6,97,1025,0.00,0.00,0.00,0.000,2054,0.000,0.000,2859,2037,2738,2830,2646,0,0,0,0,0,0,28.83,28.83,28.83
$GC,1055,-0.47,-146.6,2859,2037,2830,2647,101.2,-6.2,100,1056,0.00,0.00,0.00,0.000,2054,0.000,0.000,2859,2037,2738,2829,2647,0,0,0,0,0,0,28.83,28.83,28.83
$GC,1084,-0.47,-146.6,2859,2037,2830,2646,103.2,-6.5,103,1085,0.00,0.00,0.00,0.000,2054,0.000,0.000,2859,2037,2738,2830,2647,0,0,0,0,0,0,28.83,28.83,28.83
$GC,1115,-0.47,-146.6,2859,2037,2830,2647,105.0,-6.3,106,1122,0.00,0.00,0.00,0.000,2054,0.000,0.000,2859,2037,2738,2830,2646,0,0,0,0,0,0,28.83,28.83,28.83
$GC,1154,-0.47,-146.6,2859,2037,2830,2646,107.6,-6.4,110,1155,0.00,0.00,0.00,0.000,2054,0.000,0.000,2859,2037,2738,2830,2646,0,0,0,0,0,0,28.83,28.83,28.83
$GC,1184,-0.47,-146.6,2859,2037,2829,2647,109.4,-6.2,113,1194,0.00,2.08,0.00,0.000,2308,0.000,0.038,2859,3434,2738,2829,2647,0,0,0,0,0,0,28.83,26.49,28.83
$GC,1229,-0.47,-146.6,2859,3434,2830,2647,112.5,-6.7,117,1239,0.00,1.95,0.00,0.000,3078,0.000,0.018,2859,2032,2737,2829,2646,0,0,0,0,0,0,28.83,26.57,28.83
$GC,1270,-0.47,-146.6,2859,2031,2829,2646,115.3,-7.0,121,1277,0.00,0.00,0.00,0.000,2054,0.000,0.000,2859,2032,2738,2830,2646,0,0,0,0,0,0,28.83,28.83,28.83
$GC,1309,-0.47,-146.6,2859,2032,2830,2647,118.0,-6.7,125,1310,0.00,0.00,0.00,0.000,2054,0.000,0.000,2859,2031,2737,2829,2646,0,0,0,0,0,0,28.83,28.83,28.83
$GC,1342,-0.47,-146.6,2858,2031,2830,2646,120.1,-6.9,128,1349,0.00,0.00,0.00,0.000,2054,0.000,0.000,2859,2032,2738,2830,2647,0,0,0,0,0,0,28.83,28.83,28.83
$GC,1380,-0.47,-146.6,2859,2032,2830,2646,122.9,-7.0,132,1384,0.00,2.10,0.00,0.000,2308,0.000,0.037,2859,3434,2737,2829,2646,0,0,0,0,0,0,28.83,26.51,28.83
$GC,1415,-0.47,-146.6,2859,3434,2830,2646,125.2,-7.2,135,1425,0.00,1.92,0.00,0.000,1030,0.000,0.018,2859,2033,2738,2830,2647,0,0,0,0,0,0,28.83,26.60,28.83
$GC,1453,-0.47,-146.6,2859,2032,2830,2646,128.2,-7.2,139,1454,0.00,0.00,0.00,0.000,2054,0.000,0.000,2859,2032,2738,2830,2647,0,0,0,0,0,0,28.83,28.83,28.83
$GC,1484,-0.52,-146.6,2859,2032,2830,2646,130.5,-7.4,142,1491,0.00,0.00,0.00,0.000,4102,0.000,0.000,2859,2032,2738,2830,2646,0,0,0,0,0,0,28.83,28.83,28.83
$GC,1524,-0.58,-146.6,2859,2032,2830,2646,133.2,-7.0,146,1525,0.10,0.00,0.00,0.000,4102,0.106,0.000,2815,2032,2737,2829,2646,0,0,0,0,0,0,26.59,28.83,28.83
$GC,1556,-0.58,-146.6,2814,2032,2830,2646,135.9,-8.2,149,1560,0.00,2.10,0.00,0.000,2308,0.000,0.038,2812,3436,2737,2829,2646,0,0,0,0,0,0,28.83,26.53,28.83
$GC,1592,-0.58,-146.6,2812,3436,2829,2646,139.0,-9.3,152,1599,0.00,2.00,0.00,0.000,3078,0.000,0.019,2812,2035,2738,2830,2646,0,0,0,0,0,0,28.83,26.60,28.83
$GC,1630,-0.58,-146.6,2812,2034,2830,2646,142.6,-8.7,156,1631,0.00,0.00,0.00,0.000,2054,0.000,0.000,2812,2034,2738,2830,2646,0,0,0,0,0,0,28.83,28.83,28.83
$GC,1659,-0.58,-146.6,2812,2034,2830,2646,145.4,-9.3,159,1661,0.00,0.00,0.00,0.000,2054,0.000,0.000,2812,2034,2737,2829,2645,0,0,0,0,0,0,28.83,28.83,28.83
$GC,1689,-0.58,-146.6,2812,2034,2829,2646,148.7,-10.7,162,1690,0.00,0.00,0.00,0.000,2054,0.000,0.000,2812,2034,2737,2830,2645,0,0,0,0,0,0,28.83,28.83,28.83
$GC,1719,-0.58,-146.6,2812,2034,2830,2646,151.8,-10.7,165,1720,0.00,0.00,0.00,0.000,2054,0.000,0.000,2812,2034,2737,2829,2646,0,0,0,0,0,0,28.83,28.83,28.83
$GC,1750,-0.58,-146.6,2812,2034,2830,2646,154.9,-10.1,168,1751,0.00,0.00,0.00,0.000,2054,0.000,0.000,2812,2034,2737,2829,2646,0,0,0,0,0,0,28.83,28.83,28.83
$GC,1779,-0.58,-146.6,2812,2034,2830,2646,157.9,-10.1,171,1780,0.00,0.00,0.00,0.000,2054,0.000,0.000,2812,2034,2738,2830,2646,0,0,0,0,0,0,28.83,28.83,28.83
$GC,1809,-0.58,-146.6,2812,2034,2830,2646,161.0,-10.0,174,1810,0.00,0.00,0.00,0.000,2054,0.000,0.000,2812,2034,2737,2829,2646,0,0,0,0,0,0,28.83,28.83,28.83
$GC,1839,-0.58,-146.6,2812,2034,2830,2646,163.8,-9.7,177,1840,0.00,0.00,0.00,0.000,2054,0.000,0.000,2812,2034,2737,2829,2646,0,0,0,0,0,0,28.83,28.83,28.83
$GC,1870,-0.58,-146.6,2812,2034,2830,2646,166.6,-9.4,180,1871,0.00,0.00,0.00,0.000,2054,0.000,0.000,2812,2034,2737,2829,2645,0,0,0,0,0,0,28.83,28.83,28.83
$GC,1899,-0.58,-146.6,2812,2034,2830,2645,169.5,-9.5,183,1900,0.00,0.00,0.00,0.000,2054,0.000,0.000,2812,2034,2737,2829,2645,0,0,0,0,0,0,28.83,28.83,28.83
$STATE,1928,end dive,BOTTOM_OBSTACLE_DETECTED
$STATE,1928,begin apogee
$GC,1933,-0.27,0.0,2812,1825,2829,2645,172.4,-9.7,186,2061,0.32,0.08,121.30,0.588,10246,0.130,0.105,2918,1916,2140,2222,2058,0,0,0,0,0,0,26.41,25.38,24.90
$STATE,2062,end apogee,CONTROL_FINISHED_OK
$STATE,2063,begin climb
$GC,2064,0.76,146.6,2918,1916,2222,2056,176.3,0.0,199,2190,1.00,2.10,112.88,0.569,10500,0.090,0.031,3256,3278,1556,1674,1438,0,0,0,0,0,0,25.46,25.33,24.81
$GC,2237,0.76,146.6,3256,3278,1674,1433,158.0,14.2,216,2247,0.00,2.00,0.00,0.000,5126,0.000,0.019,3264,1898,1553,1674,1433,0,0,0,0,0,0,28.83,25.75,28.83
$GC,2276,0.76,146.6,3264,1898,1674,1432,152.2,14.5,220,2286,0.00,2.12,0.00,0.000,4612,0.000,0.038,3265,513,1552,1674,1431,0,0,0,0,0,0,28.83,25.82,28.83
$GC,2311,0.76,146.6,3265,513,1670,1431,147.1,15.5,223,2319,0.00,2.03,0.00,0.000,5126,0.000,0.019,3265,1877,1550,1670,1431,0,0,0,0,0,0,28.83,25.97,28.83
$GC,2350,0.76,146.6,3264,1877,1670,1431,141.5,13.7,227,2359,0.00,2.10,0.00,0.000,4356,0.000,0.032,3265,3285,1550,1670,1431,0,0,0,0,0,0,28.83,25.99,28.83
$GC,2385,0.76,146.6,3264,3285,1670,1431,136.5,15.1,230,2393,0.00,2.08,0.00,0.000,5126,0.000,0.020,3265,1886,1550,1670,1430,0,0,0,0,0,0,28.83,26.08,28.83
$GC,2424,0.76,146.6,3264,1885,1670,1430,130.7,14.2,234,2433,0.00,2.10,0.00,0.000,4612,0.000,0.041,3265,510,1550,1670,1430,0,0,0,0,0,0,28.83,26.06,28.83
$GC,2448,0.76,146.6,3264,510,1670,1430,127.4,14.5,236,2457,0.00,2.05,0.00,0.000,5126,0.000,0.019,3265,1900,1549,1669,1430,0,0,0,0,0,0,28.83,26.15,28.83
$GC,2487,0.76,146.6,3265,1900,1669,1430,121.8,13.9,240,2497,0.00,2.05,0.00,0.000,4356,0.000,0.032,3265,3286,1549,1669,1430,0,0,0,0,0,0,28.83,26.15,28.83
$GC,2541,0.76,146.6,3264,3286,1669,1429,113.4,15.6,245,2545,0.00,2.03,0.00,0.000,5126,0.000,0.021,3265,1885,1549,1669,1429,0,0,0,0,0,0,28.83,26.23,28.83
$GC,2584,0.76,146.6,3264,1885,1669,1429,107.1,14.9,249,2585,0.00,0.00,0.00,0.000,4102,0.000,0.000,3265,1885,1549,1669,1429,0,0,0,0,0,0,28.83,28.83,28.83
$GC,2613,0.76,146.6,3264,1885,1669,1429,102.8,14.4,252,2614,0.00,0.00,0.00,0.000,4102,0.000,0.000,3265,1885,1549,1669,1429,0,0,0,0,0,0,28.83,28.83,28.83
$GC,2643,0.76,146.6,3264,1885,1669,1429,98.6,14.2,255,2644,0.00,0.00,0.00,0.000,4102,0.000,0.000,3265,1885,1549,1669,1429,0,0,0,0,0,0,28.83,28.83,28.83
$GC,2673,0.76,146.6,3264,1886,1669,1429,94.7,13.2,258,2682,0.00,2.08,0.00,0.000,4356,0.000,0.032,3265,3286,1549,1669,1429,0,0,0,0,0,0,28.83,26.28,28.83
$GC,2710,0.76,146.6,3264,3286,1669,1428,90.0,13.8,261,2717,0.00,2.05,0.00,0.000,5126,0.000,0.021,3264,1883,1548,1669,1428,0,0,0,0,0,0,28.83,26.34,28.83
$GC,2748,0.76,146.6,3264,1882,1669,1428,84.6,13.2,265,2755,0.00,0.00,0.00,0.000,4102,0.000,0.000,3265,1883,1548,1669,1428,0,0,0,0,0,0,28.83,28.83,28.83
$GC,2787,0.76,146.6,3264,1883,1670,1428,79.6,12.6,269,2791,0.00,2.08,0.00,0.000,4612,0.000,0.041,3264,514,1548,1669,1428,0,0,0,0,0,0,28.83,26.30,28.83
$GC,2819,0.76,146.6,3264,514,1669,1428,75.4,13.0,272,2830,0.00,1.98,0.00,0.000,5126,0.000,0.019,3265,1904,1548,1669,1428,0,0,0,0,0,0,28.83,26.39,28.83
$GC,2860,0.76,146.6,3264,1904,1669,1428,70.7,11.9,276,2863,0.00,2.05,0.00,0.000,4356,0.000,0.032,3265,3287,1548,1669,1428,0,0,0,0,0,0,28.83,26.36,28.83
$GC,2905,0.76,146.6,3264,3287,1669,1427,64.9,13.1,280,2914,0.00,2.05,0.00,0.000,5126,0.000,0.020,3264,1883,1548,1669,1427,0,0,0,0,0,0,28.83,26.42,28.83
$GC,2943,0.76,146.6,3264,1882,1669,1427,59.6,13.4,284,2944,0.00,0.00,0.00,0.000,4102,0.000,0.000,3265,1882,1548,1669,1427,0,0,0,0,0,0,28.83,28.83,28.83
$GC,2973,0.76,146.6,3264,1883,1669,1427,56.0,12.1,287,2975,0.00,0.00,0.00,0.000,4102,0.000,0.000,3265,1883,1548,1669,1427,0,0,0,0,0,0,28.83,28.83,28.83
$GC,3003,0.76,146.6,3265,1883,1669,1427,52.5,11.8,290,3013,0.00,2.08,0.00,0.000,4612,0.000,0.041,3265,510,1548,1669,1427,0,0,0,0,0,0,28.83,26.37,28.83
$GC,3038,0.76,146.6,3265,510,1669,1427,49.0,10.7,293,3047,0.00,2.00,0.00,0.000,5126,0.000,0.019,3265,1885,1548,1669,1427,0,0,0,0,0,0,28.83,26.46,28.83
$GC,3078,0.76,146.6,3264,1885,1669,1427,44.4,11.2,297,3087,0.00,2.05,0.00,0.000,4356,0.000,0.033,3265,3289,1548,1669,1427,0,0,0,0,0,0,28.83,26.44,28.83
$GC,3112,0.76,146.6,3265,3289,1669,1427,40.3,12.3,300,3121,0.00,2.03,0.00,0.000,5126,0.000,0.021,3265,1894,1548,1669,1427,0,0,0,0,0,0,28.83,26.47,28.83
$GC,3151,0.76,146.6,3265,1893,1669,1427,35.4,12.1,304,3161,0.00,2.08,0.00,0.000,4612,0.000,0.039,3265,513,1547,1668,1427,0,0,0,0,0,0,28.83,26.41,28.83
$GC,3196,0.76,146.6,3264,513,1669,1427,30.3,11.7,308,3206,0.00,2.00,0.00,0.000,5126,0.000,0.020,3265,1888,1547,1669,1426,0,0,0,0,0,0,28.83,26.50,28.83
$GC,3235,0.76,146.6,3264,1889,1669,1427,25.4,12.3,312,3246,0.00,2.05,0.00,0.000,4356,0.000,0.033,3265,3288,1548,1669,1427,0,0,0,0,0,0,28.83,26.46,28.83
$GC,3269,0.76,146.6,3264,3288,1669,1427,21.2,12.2,315,3273,0.00,2.00,0.00,0.000,5126,0.000,0.021,3265,1884,1547,1669,1426,0,0,0,0,0,0,28.83,26.51,28.83
$GC,3312,0.76,146.6,3264,1882,1670,1427,16.3,11.6,319,3319,0.00,0.00,0.00,0.000,4102,0.000,0.000,3265,1883,1548,1669,1427,0,0,0,0,0,0,28.83,28.83,28.83
$GC,3351,0.76,146.6,3264,1883,1669,1427,11.7,11.5,323,3352,0.00,0.00,0.00,0.000,4102,0.000,0.000,3265,1883,1547,1669,1426,0,0,0,0,0,0,28.83,28.83,28.83
$GC,3381,0.76,146.6,3264,1883,1669,1426,8.4,11.1,326,3382,0.00,0.00,0.00,0.000,4102,0.000,0.000,3265,1882,1548,1669,1427,0,0,0,0,0,0,28.83,28.83,28.83
$GC,3412,0.76,146.6,3264,1882,1669,1427,5.2,10.7,329,3413,0.00,0.00,0.00,0.000,4102,0.000,0.000,3265,1883,1548,1669,1427,0,0,0,0,0,0,28.83,28.83,28.83
$STATE,3440,end climb,SURFACE_DEPTH_REACHED
$STATE,3440,begin surface coast
$FINISH,-0.2,1.021836
$STATE,3471,end surface coast,CONTROL_FINISHED_OK
$STATE,3471,begin surface
$SM_CCo,3486,83.07,0.436,1,0,1144,250.20
$SM_GC,-2.40,8.23,0.20,83.07,0.060,0.053,0.436,240,2115,1144,-8.59,-1.44,250.20,0,0,0,0,1,0,26.51,26.57,25.26
$IRIDIUM_FIX,4726.11,-12222.38,020418,030322
$TT8_MAMPS,0.027713,0.027713
$HUMID,39.64
$INTERNAL_PRESSURE,8.45776
$TCM_TEMP,19.50
$XPDR_PINGS,0
$ALTIM_TOP_PING,19.8,22.2
$ALTIM_BOTTOM_PING,140.8,55.8
$24V_AH,24.8,10.677
$10V_AH,10.6,4.345
$FG_AHR_24Vo,0.000
$FG_AHR_10Vo,0.000
$DEVICES,Pitch_motor,Roll_motor,VBD_pump_during_apogee,VBD_pump_during_surface,VBD_valve,Iridium_during_init,Iridium_during_connect,Iridium_during_xfer,Transponder_ping,GUMSTIX_24V,GPS,TT8,LPSleep,TT8_Active,TT8_Sampling,TT8_CF8,TT8_Kalman,Analog_circuits,GPS_charging,Compass,RAFOS,Transponder,Compass2
$DEVICE_SECS,19.775,81.975,234.175,83.075,0.000,29.846,16.662,161.240,4.000,0.000,13.468,988.207,1014.078,478.173,1294.775,116.599,0.000,1092.930,0.000,683.702,0.000,28.659,0.000
$DEVICE_MAMPS,218.025,107.100,588.285,436.050,0.000,43.600,160.000,223.000,420.000,0.000,28.460,13.960,2.190,13.960,37.930,44.670,0.000,16.000,0.000,15.730,0.000,30.000,0.000
$SENSORS,SBE_CT,SBE_O2,nil,nil,nil,nil,nil,nil,nil,nil
$SENSOR_SECS,223.577,840.263,0.000,0.000,0.000,0.000,0.000,0.000,0.000,0.000
$SENSOR_MAMPS,23.220,4.490,0.000,0.000,0.000,0.000,0.000,0.000,0.000,0.000
$MEM,354460
$DATA_FILE_SIZE,13537,335
$CAP_FILE_SIZE,106529,0
$CFSIZE,260165632,250482688
$ERRORS,0,0,0,0,0,0,0,0,0,0,0,0,0,1,0,0
$CURRENT,0.064,351.9,1
$GPS,050625,161303,4745.845,-12224.846,35,1.0,35,18.2
