version: 66.11
glider: 175
mission: 9
dive: 196
start: 6 6 125 22 7 34
data:
$ID,175
$MISSION,9
$DIVE,196
$N_DIVES,0
$D_SURF,3
$D_FLARE,3
$D_TGT,150
$D_ABORT,1090
$D_NO_BLEED,500
$D_BOOST,3
$T_BOOST,0
$D_FINISH,0
$D_PITCH,0
$D_SAFE,0
$D_CALL,0
$SURFACE_URGENCY,0
$SURFACE_URGENCY_TRY,0
$SURFACE_URGENCY_FORCE,0
$T_DIVE,50
$T_MISSION,65
$T_ABORT,1440
$T_TURN,300
$T_TURN_SAMPINT,5
$T_NO_W,120
$T_LOITER,0
$T_EPIRB,0
$USE_BATHY,0
$USE_ICE,0
$ICE_FREEZE_MARGIN,0.30000001
$D_OFFGRID,100
$T_WATCHDOG,10
$RELAUNCH,1
$APOGEE_PITCH,-8
$MAX_BUOY,150
$COURSE_BIAS,0
$GLIDE_SLOPE,30
$SPEED_FACTOR,1
$RHO,1.023
$MASS,51902
$MASS_COMP,0
$NAV_MODE,2
$FERRY_MAX,45
$KALMAN_USE,2
$HD_A,0.003
$HD_B,0.0099999998
$HD_C,9.9999997e-06
$HEADING,-1
$ESCAPE_HEADING,0
$ESCAPE_HEADING_DELTA,10
$FIX_MISSING_TIMEOUT,0
$TGT_DEFAULT_LAT,4743
$TGT_DEFAULT_LON,-12225
$TGT_AUTO_DEFAULT,0
$SM_CC,250
$N_FILEKB,4
$FILEMGR,0
$CALL_NDIVES,1
$COMM_SEQ,0
$PROTOCOL,9
$N_NOCOMM,1
$NOCOMM_ACTION,0
$N_NOSURFACE,0
$UPLOAD_DIVES_MAX,-1
$CALL_TRIES,5
$CALL_WAIT,60
$CAPUPLOAD,1
$CAPMAXSIZE,200000
$HEAPDBG,0
$T_GPS,15
$N_GPS,30
$T_GPS_ALMANAC,0
$T_GPS_CHARGE,-34750.219
$T_RSLEEP,2
$STROBE,0
$RAFOS_PEAK_OFFSET,1.5
$RAFOS_CORR_THRESH,60
$RAFOS_HIT_WINDOW,3600
$PITCH_MIN,255
$PITCH_MAX,3935
$C_PITCH,3053
$PITCH_DBAND,0.0099999998
$PITCH_CNV,0.003125763
$P_OVSHOOT,0.039999999
$PITCH_GAIN,30
$PITCH_TIMEOUT,17
$PITCH_AD_RATE,160
$PITCH_MAXERRORS,1
$PITCH_ADJ_GAIN,0.02
$PITCH_ADJ_DBAND,2.5
$ROLL_MIN,171
$ROLL_MAX,3723
$ROLL_DEG,40
$C_ROLL_DIVE,2033
$C_ROLL_CLIMB,1891
$HEAD_ERRBAND,10
$ROLL_CNV,0.028270001
$ROLL_TIMEOUT,15
$R_PORT_OVSHOOT,66
$R_STBD_OVSHOOT,66
$ROLL_AD_RATE,300
$ROLL_MAXERRORS,2
$ROLL_ADJ_GAIN,0
$ROLL_ADJ_DBAND,0
$VBD_MIN,465
$VBD_MAX,3960
$C_VBD,2140
$VBD_DBAND,2
$VBD_CNV,-0.25119999
$VBD_TIMEOUT,720
$PITCH_VBD_SHIFT,0.0012300001
$VBD_PUMP_AD_RATE_SURFACE,5
$VBD_PUMP_AD_RATE_APOGEE,4
$VBD_BLEED_AD_RATE,8
$UNCOM_BLEED,60
$VBD_MAXERRORS,1
$W_ADJ_DBAND,2
$DBDW,0
$PITCH_W_GAIN,0
$PITCH_W_DBAND,1
$CF8_MAXERRORS,5
$AH0_24V,145
$AH0_10V,95
$MINV_24V,19
$MINV_10V,8
$FG_AHR_10V,0
$FG_AHR_24V,0
$PHONE_SUPPLY,2
$PRESSURE_YINT,-33.008354
$PRESSURE_SLOPE,0.0001165895
$AD7714Ch0Gain,128
$TCM_PITCH_OFFSET,0
$TCM_ROLL_OFFSET,0
$COMPASS_USE,4
$ALTIM_BOTTOM_PING_RANGE,0
$ALTIM_TOP_PING_RANGE,20
$ALTIM_BOTTOM_TURN_MARGIN,25
$ALTIM_TOP_TURN_MARGIN,0
$ALTIM_TOP_MIN_OBSTACLE,1
$ALTIM_PING_DEPTH,80
$ALTIM_PING_DELTA,5
$ALTIM_FREQUENCY,13
$ALTIM_PULSE,3
$ALTIM_SENSITIVITY,3
$XPDR_VALID,5
$XPDR_INHIBIT,90
$INT_PRESSURE_SLOPE,0.0097660003
$INT_PRESSURE_YINT,-0.40000001
$DEEPGLIDER,0
$DEEPGLIDERMB,0
$MOTHERBOARD,4
$DEVICE1,2
$DEVICE2,20
$DEVICE3,-1
$DEVICE4,-1
$DEVICE5,-1
$DEVICE6,-1
$LOGGERS,7
$LOGGERDEVICE1,-1
$LOGGERDEVICE2,-1
$LOGGERDEVICE3,-1
$LOGGERDEVICE4,-1
$COMPASS_DEVICE,33
$COMPASS2_DEVICE,-1
$PHONE_DEVICE,49
$GPS_DEVICE,32
$RAFOS_DEVICE,-1
$XPDR_DEVICE,24
$SIM_W,0
$SIM_PITCH,0
$SEABIRD_T_G,0.0043275012
$SEABIRD_T_H,0.0006214368
$SEABIRD_T_I,2.2085376e-05
$SEABIRD_T_J,2.2233748e-06
$SEABIRD_C_G,-10.084761
$SEABIRD_C_H,1.1595923
$SEABIRD_C_I,-0.0010180317
$SEABIRD_C_J,0.00017345669
$GPS1,060625,220133,4746.092,-12225.168,11,1.1,28,18.2
$_CALLS,1
$_XMS_NAKs,0
$_XMS_TOUTs,0
$_SM_DEPTHo,-3.40
$_SM_ANGLEo,-72.4
$GPS2,060625,220705,4746.057,-12225.151,11,1.4,11,18.2
$SPEED_LIMITS,0.173,0.260
$TGT_NAME,SOUTH_175
$TGT_LATLONG,4742.400,-12225.600
$TGT_RADIUS,200.000
$KALMAN_CONTROL,0.000,0.000
$KALMAN_X,0.0,0.0,0.0,0.0,0.0
$KALMAN_Y,0.0,0.0,0.0,0.0,0.0
$MHEAD_RNG_PITCHd_Wd,163.3,6796,-17.5,-10.000,-21.04,2225
$D_GRID,150
$GCHEAD,st_secs,pitch_ctl,vbd_ctl,pitch_ad_start,roll_ad_start,vbd_pot1_ad_start,vbd_pot2_ad_start,depth,ob_vertv,data_pts,end_secs,pitch_secs,roll_secs,vbd_secs,vbd_i,gcphase,pitch_i,roll_i,pitch_ad,roll_ad,vbd_ad,vbd_pot1_ad,vbd_pot2_ad,pitch_retries,pitch_errors,roll_retries,roll_errors,vbd_retries,vbd_errors,pitch_volts,roll_volts,vbd_volts
$STATE,13,end surface,CONTROL_FINISHED_OK
$STATE,13,begin dive
$GC,15,-0.76,-146.6,236,2089,1232,1034,0.0,0.0,0,79,0.00,0.00,-58.20,0.000,16390,0.000,0.000,237,2089,2726,2806,2647,0,0,0,0,0,0,28.83,28.83,26.41
$GC,82,-0.76,-146.6,236,2089,2807,2648,0.7,-9.8,6,101,9.88,2.17,0.00,0.000,2564,0.219,0.037,2801,656,2733,2819,2648,0,0,0,0,0,0,25.77,26.08,28.83
$GC,106,0.36,-146.6,2801,656,2821,2647,8.2,-25.6,8,115,1.17,2.03,0.00,0.000,3078,0.148,0.023,3161,2018,2736,2826,2647,0,0,0,0,0,0,25.90,26.13,28.83
$GC,145,0.21,-146.6,3161,2018,2834,2647,13.1,-10.2,12,155,0.12,2.05,0.00,0.000,4612,0.142,0.032,3131,646,2740,2834,2646,0,0,0,0,0,0,26.04,26.13,28.83
$GC,171,-0.39,-146.6,3131,646,2834,2646,13.0,1.7,14,180,0.57,2.00,0.00,0.000,5126,0.102,0.019,2934,2065,2740,2834,2646,0,0,0,0,0,0,26.05,26.21,28.83
$GC,209,-0.76,-146.6,2934,2065,2834,2645,14.2,-3.0,18,219,0.32,2.10,0.00,0.000,4612,0.057,0.031,2798,645,2738,2834,2643,0,0,0,0,0,0,26.21,26.20,28.83
$GC,234,-0.87,-146.6,2798,644,2833,2643,15.6,-4.6,20,239,0.08,2.00,0.00,0.000,5126,0.134,0.024,2765,2016,2738,2833,2643,0,0,0,0,0,0,26.16,26.25,28.83
$GC,278,-0.74,-146.6,2764,2017,2833,2643,20.4,-11.2,24,288,0.15,2.05,0.00,0.000,2564,0.168,0.034,2806,647,2737,2832,2643,0,0,0,0,0,0,26.06,26.23,28.83
$GC,608,-0.67,-146.6,2805,647,2834,2643,57.7,-12.2,55,619,0.08,1.98,0.00,0.000,3078,0.145,0.024,2831,2028,2738,2833,2643,0,0,0,0,0,0,26.25,26.44,28.83
$GC,647,-0.67,-146.6,2830,2028,2833,2643,62.0,-10.3,59,657,0.00,2.08,0.00,0.000,2564,0.000,0.034,2832,638,2738,2833,2643,0,0,0,0,0,0,28.83,26.41,28.83
$GC,765,-0.67,-146.6,2832,638,2833,2643,73.4,-9.3,70,775,0.00,2.03,0.00,0.000,3078,0.000,0.024,2832,2044,2737,2832,2643,0,0,0,0,0,0,28.83,26.48,28.83
$GC,805,-0.67,-146.6,2832,2044,2833,2643,76.9,-8.8,74,815,0.00,2.08,0.00,0.000,2564,0.000,0.034,2833,649,2737,2832,2643,0,0,0,0,0,0,28.83,26.45,28.83
$GC,830,-0.67,-146.6,2832,649,2833,2643,78.9,-8.9,76,839,0.00,2.05,0.00,0.000,3078,0.000,0.023,2832,2041,2737,2832,2643,0,0,0,0,0,0,28.83,26.49,28.83
$GC,869,-0.67,-146.6,2831,2041,2833,2643,82.5,-8.4,80,870,0.00,0.00,0.00,0.000,2054,0.000,0.000,2832,2041,2738,2833,2643,0,0,0,0,0,0,28.83,28.83,28.83
$GC,900,-0.67,-146.6,2832,2041,2833,2643,84.9,-8.0,83,909,0.00,0.00,0.00,0.000,2054,0.000,0.000,2832,2041,2738,2833,2643,0,0,0,0,0,0,28.83,28.83,28.83
$GC,939,-0.67,-146.6,2832,2041,2833,2643,87.7,-7.2,87,940,0.00,0.00,0.00,0.000,2054,0.000,0.000,2832,2041,2738,2833,2643,0,0,0,0,0,0,28.83,28.83,28.83
$GC,969,-0.67,-146.6,2832,2041,2833,2643,89.9,-7.4,90,970,0.00,0.00,0.00,0.000,2054,0.000,0.000,2832,2041,2738,2833,2643,0,0,0,0,0,0,28.83,28.83,28.83
$GC,999,-0.67,-146.6,2832,2041,2833,2643,92.1,-7.3,93,1000,0.00,0.00,0.00,0.000,2054,0.000,0.000,2832,2041,2738,2833,2643,0,0,0,0,0,0,28.83,28.83,28.83
$GC,1030,-0.67,-146.6,2832,2041,2833,2643,94.3,-7.4,96,1031,0.00,0.00,0.00,0.000,2054,0.000,0.000,2832,2041,2738,2833,2643,0,0,0,0,0,0,28.83,28.83,28.83
$GC,1059,-0.67,-146.6,2832,2041,2833,2643,96.5,-6.9,99,1060,0.00,0.00,0.00,0.000,2054,0.000,0.000,2832,2041,2738,2833,2643,0,0,0,0,0,0,28.83,28.83,28.83
$GC,1089,-0.67,-146.6,2832,2041,2833,2643,98.8,-7.7,102,1090,0.00,0.00,0.00,0.000,2054,0.000,0.000,2831,2041,2738,2833,2643,0,0,0,0,0,0,28.83,28.83,28.83
$GC,1119,-0.67,-146.6,2832,2041,2833,2643,101.0,-7.5,105,1120,0.00,0.00,0.00,0.000,2054,0.000,0.000,2832,2041,2738,2833,2643,0,0,0,0,0,0,28.83,28.83,28.83
$GC,1150,-0.67,-146.6,2831,2041,2833,2643,102.1,-4.6,108,1151,0.00,0.00,0.00,0.000,2054,0.000,0.000,2832,2041,2737,2832,2643,0,0,0,0,0,0,28.83,28.83,28.83
$GC,1179,-0.67,-146.6,2831,2041,2833,2643,103.6,-4.5,111,1181,0.00,0.00,0.00,0.000,2054,0.000,0.000,2832,2042,2738,2833,2643,0,0,0,0,0,0,28.83,28.83,28.83
$GC,1210,-0.67,-146.6,2832,2041,2833,2643,105.3,-5.6,114,1211,0.00,0.00,0.00,0.000,2054,0.000,0.000,2832,2041,2738,2833,2643,0,0,0,0,0,0,28.83,28.83,28.83
$GC,1240,-0.67,-146.6,2832,2041,2832,2643,106.3,-4.0,117,1241,0.00,0.00,0.00,0.000,2054,0.000,0.000,2832,2042,2738,2833,2643,0,0,0,0,0,0,28.83,28.83,28.83
$GC,1271,-0.67,-146.6,2832,2042,2833,2643,107.8,-4.4,120,1272,0.00,0.00,0.00,0.000,2054,0.000,0.000,2832,2041,2738,2833,2643,0,0,0,0,0,0,28.83,28.83,28.83
$GC,1300,-0.67,-146.6,2832,2042,2833,2643,109.5,-5.9,123,1301,0.00,0.00,0.00,0.000,2054,0.000,0.000,2832,2042,2738,2833,2643,0,0,0,0,0,0,28.83,28.83,28.83
$GC,1330,-0.67,-146.6,2832,2042,2833,2643,111.2,-5.3,126,1331,0.00,0.00,0.00,0.000,2054,0.000,0.000,2832,2042,2738,2833,2643,0,0,0,0,0,0,28.83,28.83,28.83
$GC,1360,-0.67,-146.6,2832,2042,2833,2643,112.8,-5.2,129,1369,0.00,2.05,0.00,0.000,2308,0.000,0.038,2832,3432,2738,2833,2643,0,0,0,0,0,0,28.83,26.51,28.83
$GC,1396,-0.67,-146.6,2832,3432,2833,2643,114.6,-5.3,132,1407,0.00,2.03,0.00,0.000,3078,0.000,0.018,2832,2015,2737,2832,2643,0,0,0,0,0,0,28.83,26.59,28.83
$GC,1436,-0.67,-146.6,2832,2014,2833,2643,117.1,-6.0,136,1437,0.00,0.00,0.00,0.000,2054,0.000,0.000,2831,2015,2738,2833,2643,0,0,0,0,0,0,28.83,28.83,28.83
$GC,1465,-0.67,-146.6,2832,2014,2833,2643,119.1,-6.3,139,1466,0.00,0.00,0.00,0.000,2054,0.000,0.000,2832,2015,2738,2833,2643,0,0,0,0,0,0,28.83,28.83,28.83
$GC,1495,-0.67,-146.6,2832,2014,2833,2643,121.5,-7.7,142,1505,0.00,2.12,0.00,0.000,2308,0.000,0.039,2832,3430,2738,2833,2643,0,0,0,0,0,0,28.83,26.52,28.83
$GC,1530,-0.67,-146.6,2832,3430,2833,2643,124.2,-8.3,145,1540,0.00,2.00,0.00,0.000,3078,0.000,0.018,2832,2026,2738,2833,2643,0,0,0,0,0,0,28.83,26.60,28.83
$GC,1569,-0.67,-146.6,2832,2026,2833,2643,127.6,-8.2,149,1570,0.00,0.00,0.00,0.000,2054,0.000,0.000,2832,2026,2737,2832,2643,0,0,0,0,0,0,28.83,28.83,28.83
$GC,1600,-0.67,-146.6,2832,2026,2833,2643,129.8,-7.8,152,1601,0.00,0.00,0.00,0.000,2054,0.000,0.000,2832,2026,2738,2833,2643,0,0,0,0,0,0,28.83,28.83,28.83
$GC,1629,-0.67,-146.6,2832,2026,2833,2643,132.3,-8.1,155,1630,0.00,0.00,0.00,0.000,2054,0.000,0.000,2832,2026,2738,2833,2643,0,0,0,0,0,0,28.83,28.83,28.83
$GC,1659,-0.67,-146.6,2832,2026,2833,2643,134.5,-7.3,158,1661,0.00,0.00,0.00,0.000,2054,0.000,0.000,2832,2026,2738,2833,2643,0,0,0,0,0,0,28.83,28.83,28.83
$GC,1689,-0.67,-146.6,2831,2025,2833,2643,136.7,-7.9,161,1691,0.00,0.00,0.00,0.000,2054,0.000,0.000,2832,2025,2738,2833,2643,0,0,0,0,0,0,28.83,28.83,28.83
$GC,1720,-0.67,-146.6,2832,2025,2833,2643,138.1,-4.5,164,1727,0.00,0.00,0.00,0.000,2054,0.000,0.000,2832,2025,2738,2833,2643,0,0,0,0,0,0,28.83,28.83,28.83
$GC,1760,-0.67,-146.6,2832,2025,2832,2643,141.5,-8.5,168,1761,0.00,0.00,0.00,0.000,2054,0.000,0.000,2832,2025,2738,2833,2643,0,0,0,0,0,0,28.83,28.83,28.83
$GC,1789,-0.67,-146.6,2832,2025,2833,2643,143.5,-6.8,171,1791,0.00,0.00,0.00,0.000,2054,0.000,0.000,2832,2025,2738,2833,2643,0,0,0,0,0,0,28.83,28.83,28.83
$GC,1819,-0.67,-146.6,2832,2025,2833,2643,145.5,-7.1,174,1821,0.00,0.00,0.00,0.000,2054,0.000,0.000,2832,2025,2737,2833,2642,0,0,0,0,0,0,28.83,28.83,28.83
$GC,1849,-0.67,-146.6,2832,2025,2833,2643,147.2,-5.7,177,1851,0.00,0.00,0.00,0.000,2054,0.000,0.000,2832,2025,2738,2833,2643,0,0,0,0,0,0,28.83,28.83,28.83
$GC,1880,-0.67,-146.6,2832,2025,2833,2643,149.0,-6.0,180,1881,0.00,0.00,0.00,0.000,2054,0.000,0.000,2832,2025,2737,2832,2643,0,0,0,0,0,0,28.83,28.83,28.83
$STATE,1898,end dive,TARGET_DEPTH_EXCEEDED
$STATE,1898,begin apogee
$GC,1902,-0.27,0.0,2832,1842,2833,2643,150.2,-5.8,182,2030,0.38,0.00,120.60,0.575,10246,0.123,0.000,2957,1840,2139,2223,2055,0,0,0,0,0,0,26.41,28.83,24.94
$STATE,2032,end apogee,CONTROL_FINISHED_OK
$STATE,2032,begin climb
$GC,2033,0.76,146.6,2957,1839,2222,2054,150.6,0.0,195,2150,1.00,0.00,112.62,0.552,10758,0.089,0.000,3294,1839,1555,1670,1441,0,0,0,0,0,0,25.48,28.83,24.84
$GC,2180,0.67,146.6,3294,1840,1668,1434,128.8,19.5,210,2182,0.10,0.00,0.00,0.000,4102,0.183,0.000,3274,1839,1551,1668,1435,0,0,0,0,0,0,25.49,28.83,28.83
$GC,2211,0.61,146.6,3274,1839,1668,1432,123.8,17.4,213,2213,0.10,0.00,0.00,0.000,4102,0.173,0.000,3251,1839,1550,1668,1432,0,0,0,0,0,0,25.65,28.83,28.83
$GC,2241,0.61,146.6,3250,1840,1668,1431,119.2,14.9,216,2251,0.00,2.17,0.00,0.000,4356,0.000,0.031,3251,3289,1549,1668,1431,0,0,0,0,0,0,28.83,25.85,28.83
$GC,2287,0.61,146.6,3251,3289,1668,1430,112.9,14.0,220,2296,0.00,2.00,0.00,0.000,5126,0.000,0.020,3251,1951,1549,1668,1430,0,0,0,0,0,0,28.83,25.98,28.83
$GC,2325,0.61,146.6,3251,1950,1668,1429,107.7,13.3,224,2327,0.00,0.00,0.00,0.000,4102,0.000,0.000,3251,1950,1548,1668,1429,0,0,0,0,0,0,28.83,28.83,28.83
$GC,2355,0.61,146.6,3250,1949,1668,1429,103.6,13.4,227,2356,0.00,0.00,0.00,0.000,4102,0.000,0.000,3251,1949,1548,1668,1429,0,0,0,0,0,0,28.83,28.83,28.83
$GC,2386,0.61,146.6,3251,1950,1668,1428,100.0,12.5,230,2387,0.00,0.00,0.00,0.000,4102,0.000,0.000,3251,1949,1548,1668,1428,0,0,0,0,0,0,28.83,28.83,28.83
$GC,2416,0.61,146.6,3251,1949,1668,1428,96.4,11.7,233,2417,0.00,0.00,0.00,0.000,4102,0.000,0.000,3251,1950,1548,1668,1428,0,0,0,0,0,0,28.83,28.83,28.83
$GC,2445,0.61,146.6,3250,1950,1668,1428,92.9,11.6,236,2447,0.00,0.00,0.00,0.000,4102,0.000,0.000,3251,1950,1547,1668,1427,0,0,0,0,0,0,28.83,28.83,28.83
$GC,2475,0.61,146.6,3251,1950,1668,1427,89.2,12.0,239,2477,0.00,0.00,0.00,0.000,4102,0.000,0.000,3251,1950,1547,1668,1427,0,0,0,0,0,0,28.83,28.83,28.83
$GC,2505,0.61,146.6,3251,1950,1668,1427,86.0,11.4,242,2509,0.00,2.03,0.00,0.000,4356,0.000,0.032,3251,3298,1547,1668,1427,0,0,0,0,0,0,28.83,26.20,28.83
$GC,2538,0.61,146.6,3251,3298,1668,1427,82.1,11.6,245,2547,0.00,1.90,0.00,0.000,5126,0.000,0.020,3252,1956,1547,1668,1427,0,0,0,0,0,0,28.83,26.26,28.83
$GC,2578,0.61,146.6,3251,1955,1668,1426,77.4,12.0,249,2587,0.00,2.08,0.00,0.000,4612,0.000,0.040,3251,573,1547,1668,1427,0,0,0,0,0,0,28.83,26.22,28.83
$GC,2653,0.61,146.6,3251,574,1665,1426,68.6,12.0,256,2657,0.00,1.92,0.00,0.000,5126,0.000,0.019,3251,1917,1546,1665,1427,0,0,0,0,0,0,28.83,26.34,28.83
$GC,2695,0.61,146.6,3251,1917,1666,1427,63.2,13.0,260,2696,0.00,0.00,0.00,0.000,4102,0.000,0.000,3251,1917,1546,1666,1427,0,0,0,0,0,0,28.83,28.83,28.83
$GC,2724,0.61,146.6,3251,1917,1665,1426,59.2,13.3,263,2726,0.00,0.00,0.00,0.000,4102,0.000,0.000,3251,1917,1546,1666,1427,0,0,0,0,0,0,28.83,28.83,28.83
$GC,2754,0.61,146.6,3251,1917,1666,1427,55.1,13.4,266,2764,0.00,2.03,0.00,0.000,4356,0.000,0.032,3251,3288,1546,1666,1427,0,0,0,0,0,0,28.83,26.34,28.83
$GC,2808,0.61,146.6,3251,3288,1666,1426,47.3,14.9,271,2818,0.00,1.90,0.00,0.000,5126,0.000,0.020,3251,1949,1546,1666,1427,0,0,0,0,0,0,28.83,26.39,28.83
$GC,2849,0.61,146.6,3251,1949,1665,1426,42.2,13.1,275,2858,0.00,2.08,0.00,0.000,4612,0.000,0.040,3251,570,1545,1665,1426,0,0,0,0,0,0,28.83,26.34,28.83
$GC,2915,0.61,146.6,3251,570,1666,1426,34.3,12.1,281,2924,0.00,1.90,0.00,0.000,5126,0.000,0.019,3251,1882,1545,1665,1426,0,0,0,0,0,0,28.83,26.45,28.83
$GC,2955,0.61,146.6,3251,1883,1665,1426,29.4,11.9,285,2964,0.00,2.05,0.00,0.000,4356,0.000,0.033,3251,3281,1545,1665,1426,0,0,0,0,0,0,28.83,26.41,28.83
$GC,3052,0.61,146.6,3251,3281,1665,1426,16.4,13.8,294,3061,0.00,1.90,0.00,0.000,5126,0.000,0.021,3251,1941,1545,1665,1426,0,0,0,0,0,0,28.83,26.47,28.83
$GC,3092,0.61,146.6,3251,1941,1665,1426,11.5,12.2,298,3101,0.00,2.15,0.00,0.000,4612,0.000,0.039,3251,515,1545,1665,1426,0,0,0,0,0,0,28.83,26.41,28.83
$GC,3136,0.61,146.6,3251,514,1665,1426,6.7,10.8,302,3145,0.00,1.95,0.00,0.000,5126,0.000,0.019,3251,1893,1545,1665,1426,0,0,0,0,0,0,28.83,26.50,28.83
$STATE,3174,end climb,SURFACE_DEPTH_REACHED
$STATE,3174,begin surface coast
$FINISH,0.7,1.022400
$STATE,3196,end surface coast,CONTROL_FINISHED_OK
$STATE,3196,begin surface
$SM_CCo,3211,83.03,0.435,1,0,1143,250.20
$SM_GC,-3.26,8.25,0.15,83.03,0.063,0.067,0.435,241,2106,1143,-8.72,-1.95,250.20,0,0,0,0,1,0,26.46,26.53,25.22
$IRIDIUM_FIX,4722.92,-12213.55,030418,101005
$TT8_MAMPS,0.027713,0.027713
$HUMID,39.44
$INTERNAL_PRESSURE,8.448
$TCM_TEMP,19.70
$XPDR_PINGS,0
$ALTIM_TOP_PING,19.5,23.1
$ALTIM_BOTTOM_PING,140.7,49.9
$24V_AH,24.8,12.570
$10V_AH,10.6,5.284
$FG_AHR_24Vo,0.000
$FG_AHR_10Vo,0.000
$DEVICES,Pitch_motor,Roll_motor,VBD_pump_during_apogee,VBD_pump_during_surface,VBD_valve,Iridium_during_init,Iridium_during_connect,Iridium_during_xfer,Transponder_ping,GUMSTIX_24V,GPS,TT8,LPSleep,TT8_Active,TT8_Sampling,TT8_CF8,TT8_Kalman,Analog_circuits,GPS_charging,Compass,RAFOS,Transponder,Compass2
$DEVICE_SECS,22.200,61.125,233.225,83.025,0.000,25.805,18.416,191.923,4.000,0.000,14.428,918.837,933.983,441.200,1242.211,113.818,0.000,983.813,0.000,634.049,0.000,28.568,0.000
$DEVICE_MAMPS,218.790,76.500,574.515,435.285,0.000,43.600,160.000,223.000,420.000,0.000,28.460,13.960,2.190,13.960,37.930,44.670,0.000,16.000,0.000,15.730,0.000,30.000,0.000
$SENSORS,SBE_CT,SBE_O2,nil,nil,nil,nil,nil,nil,nil,nil
$SENSOR_SECS,206.165,774.352,0.000,0.000,0.000,0.000,0.000,0.000,0.000,0.000
$SENSOR_MAMPS,23.220,4.490,0.000,0.000,0.000,0.000,0.000,0.000,0.000,0.000
$MEM,354488
$DATA_FILE_SIZE,13452,308
$CAP_FILE_SIZE,97298,0
$CFSIZE,260165632,249176064
$ERRORS,0,0,0,0,0,0,0,0,0,0,0,0,0,1,0,0
$CURRENT,0.028,316.7,1
$GPS,060625,230329,4745.771,-12225.134,10,1.9,10,18.2
