version: 66.11
glider: 175
mission: 9
dive: 295
start: 6 10 125 18 25 28
data:
$ID,175
$MISSION,9
$DIVE,295
$N_DIVES,0
$D_SURF,3
$D_FLARE,3
$D_TGT,150
$D_ABORT,1090
$D_NO_BLEED,500
$D_BOOST,3
$T_BOOST,0
$D_FINISH,0
$D_PITCH,0
$D_SAFE,0
$D_CALL,0
$SURFACE_URGENCY,0
$SURFACE_URGENCY_TRY,0
$SURFACE_URGENCY_FORCE,0
$T_DIVE,50
$T_MISSION,65
$T_ABORT,1440
$T_TURN,300
$T_TURN_SAMPINT,5
$T_NO_W,120
$T_LOITER,0
$T_EPIRB,0
$USE_BATHY,0
$USE_ICE,0
$ICE_FREEZE_MARGIN,0.30000001
$D_OFFGRID,100
$T_WATCHDOG,10
$RELAUNCH,1
$APOGEE_PITCH,-8
$MAX_BUOY,150
$COURSE_BIAS,0
$GLIDE_SLOPE,30
$SPEED_FACTOR,1
$RHO,1.023
$MASS,51902
$MASS_COMP,0
$NAV_MODE,2
$FERRY_MAX,45
$KALMAN_USE,2
$HD_A,0.003
$HD_B,0.0099999998
$HD_C,9.9999997e-06
$HEADING,-1
$ESCAPE_HEADING,0
$ESCAPE_HEADING_DELTA,10
$FIX_MISSING_TIMEOUT,0
$TGT_DEFAULT_LAT,4743
$TGT_DEFAULT_LON,-12225
$TGT_AUTO_DEFAULT,0
$SM_CC,250
$N_FILEKB,4
$FILEMGR,0
$CALL_NDIVES,1
$COMM_SEQ,0
$PROTOCOL,9
$N_NOCOMM,1
$NOCOMM_ACTION,0
$N_NOSURFACE,0
$UPLOAD_DIVES_MAX,-1
$CALL_TRIES,5
$CALL_WAIT,60
$CAPUPLOAD,1
$CAPMAXSIZE,200000
$HEAPDBG,0
$T_GPS,15
$N_GPS,30
$T_GPS_ALMANAC,0
$T_GPS_CHARGE,-34885.328
$T_RSLEEP,2
$STROBE,0
$RAFOS_PEAK_OFFSET,1.5
$RAFOS_CORR_THRESH,60
$RAFOS_HIT_WINDOW,3600
$PITCH_MIN,255
$PITCH_MAX,3935
$C_PITCH,3053
$PITCH_DBAND,0.0099999998
$PITCH_CNV,0.003125763
$P_OVSHOOT,0.039999999
$PITCH_GAIN,30
$PITCH_TIMEOUT,17
$PITCH_AD_RATE,160
$PITCH_MAXERRORS,1
$PITCH_ADJ_GAIN,0.02
$PITCH_ADJ_DBAND,2.5
$ROLL_MIN,171
$ROLL_MAX,3723
$ROLL_DEG,40
$C_ROLL_DIVE,2033
$C_ROLL_CLIMB,1891
$HEAD_ERRBAND,10
$ROLL_CNV,0.028270001
$ROLL_TIMEOUT,15
$R_PORT_OVSHOOT,123
$R_STBD_OVSHOOT,69
$ROLL_AD_RATE,300
$ROLL_MAXERRORS,2
$ROLL_ADJ_GAIN,0
$ROLL_ADJ_DBAND,0
$VBD_MIN,465
$VBD_MAX,3960
$C_VBD,2140
$VBD_DBAND,2
$VBD_CNV,-0.25119999
$VBD_TIMEOUT,720
$PITCH_VBD_SHIFT,0.0012300001
$VBD_PUMP_AD_RATE_SURFACE,5
$VBD_PUMP_AD_RATE_APOGEE,4
$VBD_BLEED_AD_RATE,8
$UNCOM_BLEED,60
$VBD_MAXERRORS,1
$W_ADJ_DBAND,2
$DBDW,0
$PITCH_W_GAIN,0
$PITCH_W_DBAND,1
$CF8_MAXERRORS,5
$AH0_24V,145
$AH0_10V,95
$MINV_24V,19
$MINV_10V,8
$FG_AHR_10V,0
$FG_AHR_24V,0
$PHONE_SUPPLY,2
$PRESSURE_YINT,-33.008354
$PRESSURE_SLOPE,0.0001165895
$AD7714Ch0Gain,128
$TCM_PITCH_OFFSET,0
$TCM_ROLL_OFFSET,0
$COMPASS_USE,4
$ALTIM_BOTTOM_PING_RANGE,0
$ALTIM_TOP_PING_RANGE,20
$ALTIM_BOTTOM_TURN_MARGIN,25
$ALTIM_TOP_TURN_MARGIN,0
$ALTIM_TOP_MIN_OBSTACLE,1
$ALTIM_PING_DEPTH,120
$ALTIM_PING_DELTA,5
$ALTIM_FREQUENCY,13
$ALTIM_PULSE,3
$ALTIM_SENSITIVITY,3
$XPDR_VALID,5
$XPDR_INHIBIT,90
$INT_PRESSURE_SLOPE,0.0097660003
$INT_PRESSURE_YINT,-0.40000001
$DEEPGLIDER,0
$DEEPGLIDERMB,0
$MOTHERBOARD,4
$DEVICE1,2
$DEVICE2,20
$DEVICE3,-1
$DEVICE4,-1
$DEVICE5,-1
$DEVICE6,-1
$LOGGERS,7
$LOGGERDEVICE1,-1
$LOGGERDEVICE2,-1
$LOGGERDEVICE3,-1
$LOGGERDEVICE4,-1
$COMPASS_DEVICE,33
$COMPASS2_DEVICE,-1
$PHONE_DEVICE,49
$GPS_DEVICE,32
$RAFOS_DEVICE,-1
$XPDR_DEVICE,24
$SIM_W,0
$SIM_PITCH,0
$SEABIRD_T_G,0.0043275012
$SEABIRD_T_H,0.0006214368
$SEABIRD_T_I,2.2085376e-05
$SEABIRD_T_J,2.2233748e-06
$SEABIRD_C_G,-10.084761
$SEABIRD_C_H,1.1595923
$SEABIRD_C_I,-0.0010180317
$SEABIRD_C_J,0.00017345669
$GPS1,100625,181716,4749.522,-12225.315,8,1.8,13,18.2
$_CALLS,2
$_XMS_NAKs,0
$_XMS_TOUTs,0
$_SM_DEPTHo,-6.42
$_SM_ANGLEo,-73.9
$GPS2,100625,182458,4749.543,-12225.267,12,1.8,35,18.2
$SPEED_LIMITS,0.173,0.260
$TGT_NAME,MID_175W
$TGT_LATLONG,4746.000,-12225.100
$TGT_RADIUS,300.000
$KALMAN_CONTROL,0.000,0.000
$KALMAN_X,0.0,0.0,0.0,0.0,0.0
$KALMAN_Y,0.0,0.0,0.0,0.0,0.0
$MHEAD_RNG_PITCHd_Wd,159.7,6565,-17.5,-10.000,-21.04,2225
$D_GRID,150
$GCHEAD,st_secs,pitch_ctl,vbd_ctl,pitch_ad_start,roll_ad_start,vbd_pot1_ad_start,vbd_pot2_ad_start,depth,ob_vertv,data_pts,end_secs,pitch_secs,roll_secs,vbd_secs,vbd_i,gcphase,pitch_i,roll_i,pitch_ad,roll_ad,vbd_ad,vbd_pot1_ad,vbd_pot2_ad,pitch_retries,pitch_errors,roll_retries,roll_errors,vbd_retries,vbd_errors,pitch_volts,roll_volts,vbd_volts
$STATE,13,end surface,CONTROL_FINISHED_OK
$STATE,13,begin dive
$GC,15,-0.76,-146.6,241,2100,1239,1026,0.0,0.0,0,78,0.00,0.00,-57.70,0.000,16390,0.000,0.000,241,2101,2726,2806,2646,0,0,0,0,0,0,28.83,28.83,26.48
$GC,81,-0.76,-146.6,241,2101,2807,2646,-3.2,-6.7,6,101,10.05,2.00,0.00,0.000,2308,0.226,0.034,2791,3413,2732,2818,2647,0,0,0,0,0,0,25.77,26.14,28.83
$GC,306,-0.66,-146.6,2790,3413,2829,2646,36.2,-12.5,27,316,0.12,1.92,0.00,0.000,3078,0.145,0.020,2831,2063,2737,2829,2646,0,0,0,0,0,0,26.10,26.36,28.83
$GC,345,-0.59,-146.6,2831,2063,2829,2646,40.5,-10.5,31,347,0.12,0.00,0.00,0.000,2054,0.161,0.000,2864,2062,2737,2829,2646,0,0,0,0,0,0,26.21,28.83,28.83
$GC,375,-0.59,-146.6,2864,2062,2830,2646,43.0,-8.6,34,376,0.00,0.00,0.00,0.000,6,0.000,0.000,2864,2062,2738,2830,2646,0,0,0,0,0,0,28.83,28.83,28.83
$GC,406,-0.59,-146.6,2864,2062,2830,2646,45.3,-7.6,37,415,0.00,2.00,0.00,0.000,260,0.000,0.036,2862,3415,2738,2830,2646,0,0,0,0,0,0,28.83,26.34,28.83
$GC,452,-0.59,-146.6,2862,3415,2831,2646,48.3,-6.8,41,460,0.00,1.98,0.00,0.000,1030,0.000,0.018,2862,2039,2738,2831,2646,0,0,0,0,0,0,28.83,26.44,28.83
$GC,490,-0.59,-146.6,2862,2038,2831,2646,51.7,-8.8,45,491,0.00,0.00,0.00,0.000,6,0.000,0.000,2862,2038,2738,2831,2646,0,0,0,0,0,0,28.83,28.83,28.83
$GC,521,-0.59,-146.6,2862,2038,2831,2646,54.0,-7.6,48,522,0.00,0.00,0.00,0.000,6,0.000,0.000,2862,2038,2738,2832,2645,0,0,0,0,0,0,28.83,28.83,28.83
$GC,550,-0.59,-146.6,2862,2038,2831,2646,56.2,-7.0,51,552,0.00,0.00,0.00,0.000,6,0.000,0.000,2862,2038,2738,2831,2646,0,0,0,0,0,0,28.83,28.83,28.83
$GC,581,-0.59,-146.6,2862,2038,2831,2646,58.5,-7.8,54,582,0.00,0.00,0.00,0.000,6,0.000,0.000,2862,2038,2739,2832,2646,0,0,0,0,0,0,28.83,28.83,28.83
$GC,610,-0.59,-146.6,2862,2038,2832,2646,60.9,-7.7,57,620,0.00,2.03,0.00,0.000,260,0.000,0.037,2862,3409,2738,2831,2646,0,0,0,0,0,0,28.83,26.41,28.83
$GC,665,-0.64,-146.6,2862,3409,2832,2646,65.0,-7.4,62,675,0.00,1.92,0.00,0.000,5126,0.000,0.018,2863,2026,2738,2832,2645,0,0,0,0,0,0,28.83,26.50,28.83
$GC,705,-0.64,-146.6,2862,2026,2832,2646,67.7,-6.7,66,707,0.00,0.00,0.00,0.000,4102,0.000,0.000,2862,2026,2738,2832,2645,0,0,0,0,0,0,28.83,28.83,28.83
$GC,735,-0.64,-146.6,2862,2026,2832,2646,69.9,-7.1,69,736,0.00,0.00,0.00,0.000,4102,0.000,0.000,2862,2026,2739,2832,2646,0,0,0,0,0,0,28.83,28.83,28.83
$GC,766,-0.64,-146.6,2862,2026,2832,2646,72.2,-7.5,72,767,0.00,0.00,0.00,0.000,4102,0.000,0.000,2862,2026,2738,2832,2645,0,0,0,0,0,0,28.83,28.83,28.83
$GC,795,-0.64,-146.6,2862,2026,2832,2646,74.5,-7.6,75,796,0.00,0.00,0.00,0.000,4102,0.000,0.000,2862,2026,2738,2832,2645,0,0,0,0,0,0,28.83,28.83,28.83
$GC,826,-0.69,-146.6,2862,2026,2832,2645,76.8,-7.7,78,833,0.10,0.00,0.00,0.000,4102,0.109,0.000,2819,2026,2738,2831,2645,0,0,0,0,0,0,26.52,28.83,28.83
$GC,865,-0.69,-146.6,2819,2026,2832,2645,80.6,-9.6,82,866,0.00,0.00,0.00,0.000,2054,0.000,0.000,2819,2026,2738,2832,2645,0,0,0,0,0,0,28.83,28.83,28.83
$GC,896,-0.69,-146.6,2819,2026,2832,2645,83.5,-9.7,85,903,0.00,0.00,0.00,0.000,2054,0.000,0.000,2819,2026,2738,2831,2645,0,0,0,0,0,0,28.83,28.83,28.83
$GC,935,-0.69,-146.6,2819,2026,2831,2645,87.6,-10.1,89,936,0.00,0.00,0.00,0.000,2054,0.000,0.000,2819,2026,2738,2832,2645,0,0,0,0,0,0,28.83,28.83,28.83
$GC,965,-0.69,-146.6,2819,2026,2832,2645,90.6,-10.2,92,967,0.00,0.00,0.00,0.000,2054,0.000,0.000,2819,2026,2738,2831,2645,0,0,0,0,0,0,28.83,28.83,28.83
$GC,995,-0.69,-146.6,2819,2025,2831,2645,93.5,-9.7,95,996,0.00,0.00,0.00,0.000,2054,0.000,0.000,2819,2025,2738,2832,2645,0,0,0,0,0,0,28.83,28.83,28.83
$GC,1025,-0.69,-146.6,2819,2025,2832,2645,96.4,-9.4,98,1026,0.00,0.00,0.00,0.000,2054,0.000,0.000,2820,2025,2738,2831,2645,0,0,0,0,0,0,28.83,28.83,28.83
$GC,1055,-0.69,-146.6,2819,2025,2832,2645,99.6,-10.7,101,1056,0.00,0.00,0.00,0.000,2054,0.000,0.000,2819,2025,2738,2831,2645,0,0,0,0,0,0,28.83,28.83,28.83
$GC,1085,-0.69,-146.6,2819,2025,2832,2645,102.7,-10.4,104,1095,0.00,2.00,0.00,0.000,2564,0.000,0.034,2819,662,2737,2831,2644,0,0,0,0,0,0,28.83,26.50,28.83
$GC,1110,-0.69,-146.6,2818,662,2831,2644,105.1,-10.3,106,1118,0.00,2.00,0.00,0.000,3078,0.000,0.024,2817,2020,2738,2832,2644,0,0,0,0,0,0,28.83,26.54,28.83
$GC,1150,-0.69,-146.6,2816,2019,2832,2644,109.3,-10.2,110,1156,0.00,0.00,0.00,0.000,2054,0.000,0.000,2816,2020,2737,2831,2644,0,0,0,0,0,0,28.83,28.83,28.83
$GC,1188,-0.69,-146.6,2816,2020,2831,2644,113.2,-9.7,114,1189,0.00,0.00,0.00,0.000,2054,0.000,0.000,2816,2020,2738,2832,2644,0,0,0,0,0,0,28.83,28.83,28.83
$GC,1218,-0.69,-146.6,2816,2020,2831,2644,116.3,-10.3,117,1219,0.00,0.00,0.00,0.000,2054,0.000,0.000,2817,2020,2737,2831,2644,0,0,0,0,0,0,28.83,28.83,28.83
$GC,1249,-0.69,-146.6,2816,2020,2831,2644,119.3,-10.0,120,1250,0.00,0.00,0.00,0.000,2054,0.000,0.000,2816,2020,2737,2831,2644,0,0,0,0,0,0,28.83,28.83,28.83
$GC,1279,-0.69,-146.6,2816,2020,2831,2643,122.4,-10.4,123,1289,0.00,2.08,0.00,0.000,2308,0.000,0.037,2817,3425,2737,2831,2644,0,0,0,0,0,0,28.83,26.51,28.83
$GC,1304,-0.69,-146.6,2816,3425,2831,2644,124.9,-10.4,125,1312,0.00,2.00,0.00,0.000,3078,0.000,0.018,2817,2031,2737,2831,2644,0,0,0,0,0,0,28.83,26.58,28.83
$GC,1344,-0.69,-146.6,2816,2030,2831,2644,128.8,-9.6,129,1351,0.00,0.00,0.00,0.000,2054,0.000,0.000,2816,2030,2737,2831,2644,0,0,0,0,0,0,28.83,28.83,28.83
$GC,1382,-0.69,-146.6,2816,2030,2831,2644,132.6,-9.7,133,1384,0.00,0.00,0.00,0.000,2054,0.000,0.000,2816,2030,2737,2831,2644,0,0,0,0,0,0,28.83,28.83,28.83
$STATE,1391,end dive,BOTTOM_OBSTACLE_DETECTED
$STATE,1391,begin apogee
$GC,1396,-0.27,0.0,2816,1840,2831,2644,133.6,-9.8,134,1523,0.45,0.00,119.12,0.570,10246,0.124,0.000,2963,1838,2139,2225,2053,0,0,0,0,0,0,26.34,28.83,24.96
$STATE,1525,end apogee,CONTROL_FINISHED_OK
$STATE,1525,begin climb
$GC,1526,0.76,146.6,2963,1838,2224,2051,136.4,0.0,147,1646,0.98,2.30,110.97,0.551,10500,0.090,0.031,3294,3294,1555,1674,1436,0,0,0,0,0,0,25.51,25.40,24.89
$GC,1678,0.67,146.6,3294,3294,1674,1431,118.3,16.6,162,1687,0.10,2.08,0.00,0.000,5126,0.151,0.019,3276,1906,1552,1674,1431,0,0,0,0,0,0,25.54,25.71,28.83
$GC,1717,0.60,146.6,3275,1904,1674,1428,111.6,16.7,166,1719,0.10,0.00,0.00,0.000,4102,0.166,0.000,3250,1904,1551,1674,1428,0,0,0,0,0,0,25.73,28.83,28.83
$GC,1748,0.60,146.6,3249,1904,1674,1427,107.0,15.0,169,1749,0.00,0.00,0.00,0.000,4102,0.000,0.000,3250,1904,1550,1674,1427,0,0,0,0,0,0,28.83,28.83,28.83
$GC,1777,0.60,146.6,3250,1904,1674,1426,102.8,14.3,172,1779,0.00,0.00,0.00,0.000,4102,0.000,0.000,3250,1904,1550,1674,1426,0,0,0,0,0,0,28.83,28.83,28.83
$GC,1807,0.60,146.6,3249,1904,1674,1426,98.5,14.3,175,1809,0.00,0.00,0.00,0.000,4102,0.000,0.000,3250,1904,1550,1674,1426,0,0,0,0,0,0,28.83,28.83,28.83
$GC,1837,0.60,146.6,3249,1904,1674,1426,94.1,14.5,178,1839,0.00,0.00,0.00,0.000,4102,0.000,0.000,3250,1904,1550,1674,1426,0,0,0,0,0,0,28.83,28.83,28.83
$GC,1868,0.60,146.6,3249,1904,1674,1425,89.5,15.3,181,1877,0.00,2.10,0.00,0.000,4612,0.000,0.038,3251,513,1549,1674,1425,0,0,0,0,0,0,28.83,26.07,28.83
$GC,1901,0.60,146.6,3250,513,1672,1425,84.7,14.3,184,1905,0.00,2.00,0.00,0.000,5126,0.000,0.019,3251,1900,1548,1672,1425,0,0,0,0,0,0,28.83,26.18,28.83
$GC,1943,0.60,146.6,3251,1900,1672,1425,79.3,12.8,188,1953,0.00,2.08,0.00,0.000,4356,0.000,0.032,3251,3295,1548,1672,1425,0,0,0,0,0,0,28.83,26.17,28.83
$GC,1980,0.60,146.6,3251,3295,1672,1424,74.9,13.1,191,1988,0.00,2.08,0.00,0.000,5126,0.000,0.021,3251,1891,1548,1672,1424,0,0,0,0,0,0,28.83,26.25,28.83
$GC,2019,0.60,146.6,3251,1890,1672,1424,69.9,12.4,195,2028,0.00,2.08,0.00,0.000,4612,0.000,0.040,3251,514,1548,1672,1424,0,0,0,0,0,0,28.83,26.20,28.83
$GC,2054,0.60,146.6,3251,514,1672,1424,65.7,12.0,198,2062,0.00,2.00,0.00,0.000,5126,0.000,0.019,3251,1885,1548,1672,1424,0,0,0,0,0,0,28.83,26.30,28.83
$GC,2093,0.60,146.6,3251,1885,1672,1424,60.9,11.8,202,2103,0.00,2.08,0.00,0.000,4356,0.000,0.033,3252,3298,1547,1672,1423,0,0,0,0,0,0,28.83,26.28,28.83
$GC,2171,0.60,146.6,3251,3298,1672,1423,51.4,12.3,209,2179,0.00,2.08,0.00,0.000,5126,0.000,0.020,3251,1883,1547,1672,1423,0,0,0,0,0,0,28.83,26.36,28.83
$GC,2210,0.60,146.6,3251,1881,1672,1424,46.8,11.4,213,2220,0.00,2.05,0.00,0.000,4612,0.000,0.041,3252,520,1547,1672,1423,0,0,0,0,0,0,28.83,26.31,28.83
$GC,2243,0.60,146.6,3251,520,1672,1423,43.3,10.5,216,2254,0.00,1.95,0.00,0.000,5126,0.000,0.019,3251,1894,1547,1672,1423,0,0,0,0,0,0,28.83,26.39,28.83
$GC,2283,0.60,146.6,3251,1894,1672,1423,39.0,10.8,220,2293,0.00,2.05,0.00,0.000,4356,0.000,0.032,3252,3282,1548,1672,1424,0,0,0,0,0,0,28.83,26.36,28.83
$GC,2351,0.60,146.6,3251,3282,1672,1423,31.4,11.9,226,2359,0.00,2.05,0.00,0.000,5126,0.000,0.020,3252,1879,1547,1672,1423,0,0,0,0,0,0,28.83,26.44,28.83
$GC,2389,0.60,146.6,3251,1879,1672,1423,26.7,11.7,230,2391,0.00,0.00,0.00,0.000,4102,0.000,0.000,3252,1879,1547,1672,1423,0,0,0,0,0,0,28.83,28.83,28.83
$GC,2421,0.60,146.6,3251,1879,1672,1423,23.5,11.1,233,2428,0.00,0.00,0.00,0.000,4102,0.000,0.000,3251,1879,1547,1672,1423,0,0,0,0,0,0,28.83,28.83,28.83
$GC,2462,0.60,146.6,3251,1878,1672,1423,19.2,10.7,237,2469,0.00,0.00,0.00,0.000,4102,0.000,0.000,3251,1879,1547,1672,1423,0,0,0,0,0,0,28.83,28.83,28.83
$GC,2501,0.60,146.6,3251,1879,1672,1423,14.7,11.5,241,2511,0.00,2.05,0.00,0.000,4612,0.000,0.040,3252,513,1547,1672,1423,0,0,0,0,0,0,28.83,26.40,28.83
$GC,2547,0.60,146.6,3251,513,1672,1423,9.8,11.2,245,2555,0.00,2.00,0.00,0.000,5126,0.000,0.019,3252,1888,1547,1672,1423,0,0,0,0,0,0,28.83,26.49,28.83
$GC,2586,0.60,146.6,3251,1888,1672,1422,5.4,10.8,249,2595,0.00,2.03,0.00,0.000,4356,0.000,0.034,3252,3274,1547,1672,1422,0,0,0,0,0,0,28.83,26.45,28.83
$STATE,2617,end climb,SURFACE_DEPTH_REACHED
$STATE,2617,begin surface coast
$FINISH,-0.9,1.021614
$STATE,2651,end surface coast,CONTROL_FINISHED_OK
$STATE,2651,begin surface
$SM_CCo,2669,83.47,0.442,1,0,1143,250.20
$SM_GC,-6.17,8.20,1.83,83.47,0.060,0.018,0.442,242,2013,1143,-8.72,1.67,250.20,0,0,0,0,1,0,26.45,26.51,25.22
$IRIDIUM_FIX,4732.49,-12227.53,070418,070709
$TT8_MAMPS,0.027713,0.027713
$HUMID,39.88
$INTERNAL_PRESSURE,8.45776
$TCM_TEMP,19.60
$XPDR_PINGS,0
$ALTIM_TOP_PING,19.2,8.8
$ALTIM_BOTTOM_PING,120.2,37.8
$24V_AH,24.9,18.517
$10V_AH,10.5,8.105
$FG_AHR_24Vo,0.000
$FG_AHR_10Vo,0.000
$DEVICES,Pitch_motor,Roll_motor,VBD_pump_during_apogee,VBD_pump_during_surface,VBD_valve,Iridium_during_init,Iridium_during_connect,Iridium_during_xfer,Transponder_ping,GUMSTIX_24V,GPS,TT8,LPSleep,TT8_Active,TT8_Sampling,TT8_CF8,TT8_Kalman,Analog_circuits,GPS_charging,Compass,RAFOS,Transponder,Compass2
$DEVICE_SECS,20.225,56.900,230.100,83.475,0.000,56.288,63.241,157.346,0.750,0.000,38.343,747.523,805.625,423.636,1142.444,123.063,0.000,914.624,0.000,538.262,0.000,7.150,0.000
$DEVICE_MAMPS,226.440,75.735,569.925,442.170,0.000,43.600,160.000,223.000,420.000,0.000,28.460,13.960,2.190,13.960,37.930,44.670,0.000,16.000,0.000,15.730,0.000,30.000,0.000
$SENSORS,SBE_CT,SBE_O2,nil,nil,nil,nil,nil,nil,nil,nil
$SENSOR_SECS,169.215,641.684,0.000,0.000,0.000,0.000,0.000,0.000,0.000,0.000
$SENSOR_MAMPS,23.220,4.490,0.000,0.000,0.000,0.000,0.000,0.000,0.000,0.000
$MEM,354516
$DATA_FILE_SIZE,10222,255
$CAP_FILE_SIZE,80786,0
$CFSIZE,260165632,245207040
$ERRORS,0,0,0,0,0,0,0,0,0,0,0,0,0,1,0,0
$CURRENT,0.040, 50.6,1
$GPS,100625,191217,4749.221,-12225.194,13,1.0,13,18.2
