version: 66.14
glider: 194
mission: 16
dive: 82
start: 6 2 125 18 31 30
data:
$ID,194
$MISSION,16
$DIVE,82
$N_DIVES,0
$STOP_T,0
$D_SURF,3
$D_FLARE,2
$D_TGT,140
$D_ABORT,1090
$D_NO_BLEED,50
$D_BOOST,3
$T_BOOST,0
$D_FINISH,0
$D_PITCH,0
$D_SAFE,0
$D_CALL,0
$SURFACE_URGENCY,0
$SURFACE_URGENCY_TRY,0
$SURFACE_URGENCY_FORCE,0
$T_DIVE,50
$T_MISSION,65
$T_ABORT,1440
$T_TURN,300
$T_TURN_SAMPINT,5
$T_NO_W,120
$T_LOITER,0
$T_SLOITER,60
$T_EPIRB,0
$USE_BATHY,0
$USE_ICE,0
$ICE_FREEZE_MARGIN,0.30000001
$D_OFFGRID,100
$T_WATCHDOG,10
$RELAUNCH,1
$APOGEE_PITCH,-8
$MAX_BUOY,150
$COURSE_BIAS,0
$GLIDE_SLOPE,30
$SPEED_FACTOR,1
$RHO,1.023
$MASS,53609
$MASS_COMP,0
$NAV_MODE,2
$FERRY_MAX,45
$KALMAN_USE,2
$HD_A,0.003
$HD_B,0.0099999998
$HD_C,9.9999997e-06
$HEADING,-1
$ESCAPE_HEADING,0
$ESCAPE_HEADING_DELTA,10
$FIX_MISSING_TIMEOUT,0
$TGT_DEFAULT_LAT,4736
$TGT_DEFAULT_LON,-12225
$TGT_AUTO_DEFAULT,0
$SM_CC,535
$N_FILEKB,4
$FILEMGR,0
$CALL_NDIVES,1
$COMM_SEQ,0
$PROTOCOL,9
$N_NOCOMM,1
$NOCOMM_ACTION,0
$N_NOSURFACE,0
$UPLOAD_DIVES_MAX,-1
$CALL_TRIES,5
$CALL_WAIT,60
$CAPUPLOAD,1
$CAPMAXSIZE,200000
$HEAPDBG,0
$T_GPS,15
$N_GPS,50840
$T_RSLEEP,0
$STROBE,0
$RAFOS_PEAK_OFFSET,1.5
$RAFOS_CORR_THRESH,60
$RAFOS_HIT_WINDOW,3600
$RAFOS_MMODEM,0
$PITCH_MIN,199
$PITCH_MAX,3894
$C_PITCH,3411
$PITCH_DBAND,0.1
$PITCH_CNV,0.003125763
$P_OVSHOOT,0.039999999
$P_OVSHOOT_WITHG,0.1
$PITCH_GAIN,23
$PITCH_TIMEOUT,17
$PITCH_AD_RATE,160
$PITCH_MAXERRORS,1
$PITCH_ADJ_GAIN,0.02
$PITCH_ADJ_DBAND,2.5
$ROLL_MIN,291
$ROLL_MAX,3873
$ROLL_DEG,40
$C_ROLL_DIVE,3034
$C_ROLL_CLIMB,2750
$HEAD_ERRBAND,10
$ROLL_CNV,0.028270001
$ROLL_TIMEOUT,15
$R_PORT_OVSHOOT,55
$R_STBD_OVSHOOT,30
$ROLL_AD_RATE,350
$ROLL_MAXERRORS,2
$ROLL_ADJ_GAIN,0
$ROLL_ADJ_DBAND,0
$VBD_MIN,375
$VBD_MAX,3900
$C_VBD,2329
$VBD_DBAND,2
$VBD_CNV,-0.24529999
$VBD_LP_IGNORE,0
$VBD_TIMEOUT,720
$PITCH_VBD_SHIFT,0.001
$VBD_PUMP_AD_RATE_SURFACE,5
$VBD_PUMP_AD_RATE_APOGEE,4
$VBD_BLEED_AD_RATE,8
$UNCOM_BLEED,60
$VBD_MAXERRORS,1
$W_ADJ_DBAND,2
$DBDW,0
$PITCH_W_GAIN,0
$PITCH_W_DBAND,1
$CF8_MAXERRORS,5
$AH0_24V,142
$AH0_10V,95
$MINV_24V,19
$MINV_10V,8
$MAXI_24V,0.80000001
$MAXI_10V,0.60000002
$FG_AHR_10V,0
$FG_AHR_24V,0
$PHONE_SUPPLY,-2
$PRESSURE_YINT,-38.315674
$PRESSURE_SLOPE,0.0001158091
$AD7714Ch0Gain,128
$TCM_PITCH_OFFSET,0
$TCM_ROLL_OFFSET,0
$COMPASS_USE,4
$ALTIM_BOTTOM_PING_RANGE,0
$ALTIM_TOP_PING_RANGE,20
$ALTIM_BOTTOM_TURN_MARGIN,25
$ALTIM_TOP_TURN_MARGIN,0
$ALTIM_TOP_MIN_OBSTACLE,1
$ALTIM_PING_DEPTH,80
$ALTIM_PING_DELTA,5
$ALTIM_FREQUENCY,13
$ALTIM_PULSE,3
$ALTIM_SENSITIVITY,3
$XPDR_VALID,3
$XPDR_INHIBIT,90
$INT_PRESSURE_SLOPE,0.0097660003
$INT_PRESSURE_YINT,1.223
$DEEPGLIDER,0
$MOTHERBOARD,4
$DEVICE1,2
$DEVICE2,101
$DEVICE3,35
$DEVICE4,-1
$DEVICE5,-1
$DEVICE6,-1
$LOGGERS,0
$LOGGERDEVICE1,-1
$LOGGERDEVICE2,-1
$LOGGERDEVICE3,-1
$LOGGERDEVICE4,-1
$COMPASS_DEVICE,33
$COMPASS2_DEVICE,-1
$PHONE_DEVICE,49
$GPS_DEVICE,32
$RAFOS_DEVICE,-1
$XPDR_DEVICE,24
$SIM_W,0
$SIM_PITCH,0
$SEABIRD_T_G,0.0044373036
$SEABIRD_T_H,0.00066103507
$SEABIRD_T_I,2.7719814e-05
$SEABIRD_T_J,3.4688812e-06
$SEABIRD_C_G,-10.004086
$SEABIRD_C_H,1.1698962
$SEABIRD_C_I,-0.0014983811
$SEABIRD_C_J,0.00019441421
$SEABIRD_C_Z,2927.3301
$GPS1,020625,182433,4750.7935,-12225.6035,44,0.9,56,16.3,0.4,269.1,9,5.0
$_CALLS,1
$_XMS_NAKs,0
$_XMS_TOUTs,0
$_SM_DEPTHo,-17.69
$_SM_ANGLEo,-68.9
$GPS2,020625,183052,4750.7881,-12225.7109,5,0.8,21,16.3,0.4,273.2,9,4.9
$SPEED_LIMITS,0.162,0.254
$TGT_NAME,WEST_194
$TGT_LATLONG,4750.700,-12226.500
$TGT_RADIUS,400.000
$KALMAN_CONTROL,0.000000,0.000000
$KALMAN_X,0.000000,0.000000,0.000000,0.000000,0.000000
$KALMAN_Y,0.000000,0.000000,0.000000,0.000000,0.000000
$MHEAD_RNG_PITCHd_Wd,238.8,994,-16.4,-9.333,-20.17,2382
$D_GRID,140
$GCHEAD,st_secs,pitch_ctl,vbd_ctl,pitch_ad_start,roll_ad_start,vbd_pot1_ad_start,vbd_pot2_ad_start,depth,ob_vertv,data_pts,end_secs,pitch_secs,roll_secs,vbd_secs,vbd_i,gcphase,pitch_i,roll_i,pitch_ad,roll_ad,vbd_ad,vbd_pot1_ad,vbd_pot2_ad,pitch_retries,pitch_errors,roll_retries,roll_errors,vbd_retries,vbd_errors,pitch_volts,roll_volts,vbd_volts,int_press,humidity
$STATE,4,end surface,CONTROL_FINISHED_OK
$STATE,4,begin dive
$GC,72,-0.86,-146.6,209,3038,348,400,-17.3,0.1,12,167,0.00,0.00,-89.85,0.000,16390,0.000,0.000,210,3039,2929,2955,2903,0,0,0,0,0,0,26.40,25.20,26.41,8.36,41.92
$GC,170,-0.86,-146.6,210,3039,2955,2903,-13.6,-8.3,28,189,12.65,2.10,0.00,0.000,2564,0.275,0.024,3125,1613,2930,2963,2897,0,0,0,0,0,0,25.84,26.08,26.00,8.59,41.29
$GC,351,-0.62,-146.6,3125,1613,2971,2892,32.7,-20.0,56,359,0.28,2.22,0.00,0.000,3078,0.192,0.050,3203,3037,2931,2971,2892,0,0,0,0,0,0,26.03,26.20,26.22,8.59,41.80
$GC,479,-0.50,-146.6,3202,3037,2973,2891,54.3,-15.4,69,483,0.12,1.35,0.00,0.000,2308,0.182,0.063,3243,3885,2932,2973,2891,0,0,0,0,0,0,26.15,26.24,26.25,8.60,41.57
$GC,604,-0.50,-146.6,3242,3885,2973,2891,67.9,-9.7,81,607,0.00,1.25,0.00,0.000,1030,0.000,0.029,3243,3032,2932,2973,2891,0,0,0,0,0,0,26.41,26.39,26.43,8.59,41.96
$GC,735,-0.50,-146.6,3242,3033,2973,2891,79.3,-8.5,94,748,0.00,2.08,0.00,0.000,516,0.000,0.030,3242,1638,2931,2973,2890,0,0,0,0,0,0,26.65,26.38,26.65,8.59,42.32
$GC,834,-0.50,-146.6,3242,1637,2974,2890,88.2,-9.5,103,840,0.00,2.20,0.00,0.000,1030,0.000,0.058,3243,3029,2931,2974,2889,0,0,0,0,0,0,26.45,26.34,26.47,8.59,42.75
$GC,961,-0.50,-146.6,3242,3029,2974,2890,101.0,-10.1,116,965,0.00,1.35,0.00,0.000,260,0.000,0.067,3242,3864,2932,2974,2890,0,0,0,0,0,0,26.70,26.37,26.70,8.59,41.96
$GC,1058,-0.50,-146.6,3242,3864,2974,2890,110.4,-10.3,125,1065,0.00,1.20,0.00,0.000,1030,0.000,0.029,3243,3044,2932,2974,2890,0,0,0,0,0,0,26.51,26.48,26.52,8.60,41.84
$GC,1252,-0.50,-146.6,3242,3044,2974,2890,130.5,-10.4,144,1258,0.00,0.00,0.00,0.000,6,0.000,0.000,3243,3044,2932,2974,2890,0,0,0,0,0,0,26.73,26.74,26.74,8.59,42.28
$STATE,1343,end dive,TARGET_DEPTH_EXCEEDED
$STATE,1343,begin apogee
$GC,1350,-0.35,0.0,3242,2718,2974,2890,140.6,-10.3,154,1470,0.12,0.08,115.28,0.754,10246,0.158,0.126,3291,2760,2328,2370,2286,0,0,0,0,0,0,26.36,25.15,24.60,8.59,42.28
$STATE,1471,end apogee,CONTROL_FINISHED_OK
$STATE,1471,begin climb
$GC,1474,0.86,146.6,3291,2760,2370,2286,148.8,0.0,166,1609,1.15,2.20,120.30,0.734,10756,0.125,0.030,3662,1373,1729,1773,1686,0,0,0,0,0,0,25.22,25.04,24.48,8.54,41.57
$GC,1663,0.73,146.6,3661,1372,1772,1686,132.5,12.8,185,1672,0.00,2.20,0.00,0.000,1030,0.000,0.047,3662,2744,1728,1772,1685,0,0,0,0,0,0,25.63,25.58,25.65,8.49,40.23
$GC,1853,0.56,146.6,3662,2744,1771,1684,105.5,14.2,204,1863,0.22,1.75,0.00,0.000,4356,0.161,0.052,3593,3871,1727,1771,1684,0,0,0,0,0,0,25.86,25.96,25.94,8.49,42.20
$GC,1920,0.46,146.6,3592,3871,1770,1684,97.4,12.1,210,1928,0.10,1.60,0.00,0.000,5126,0.163,0.023,3561,2732,1727,1770,1684,0,0,0,0,0,0,25.96,26.14,26.08,8.48,41.69
$GC,2047,0.46,146.6,3560,2731,1770,1682,86.4,7.6,223,2055,0.00,2.03,0.00,0.000,516,0.000,0.031,3561,1369,1726,1770,1683,0,0,0,0,0,0,26.44,26.18,26.45,8.48,42.71
$GC,2090,0.62,240.7,3560,1369,1770,1683,84.1,5.3,227,2171,0.08,2.15,74.28,0.699,11270,0.069,0.046,3616,2754,1346,1399,1294,0,0,0,0,0,0,26.17,26.17,24.72,8.48,41.96
$GC,2289,0.62,240.7,3615,2754,1396,1290,64.1,10.6,247,2293,0.00,2.10,0.00,0.000,516,0.000,0.031,3617,1380,1343,1396,1290,0,0,0,0,0,0,26.13,25.88,26.14,8.44,42.12
$GC,2344,0.62,240.7,3616,1380,1396,1290,58.9,9.7,252,2352,0.00,2.15,0.00,0.000,1030,0.000,0.047,3617,2748,1343,1396,1290,0,0,0,0,0,0,26.02,25.94,26.04,8.45,42.04
$GC,2472,0.62,240.7,3616,2748,1396,1289,45.6,9.7,265,2473,0.00,0.00,0.00,0.000,6,0.000,0.000,3616,2748,1342,1395,1289,0,0,0,0,0,0,26.37,26.39,26.38,8.44,42.79
$GC,2592,0.62,240.7,3616,2748,1396,1289,35.1,8.7,277,2596,0.00,1.77,0.00,0.000,260,0.000,0.057,3616,3868,1342,1396,1289,0,0,0,0,0,0,26.46,26.15,26.47,8.44,42.28
$GC,2627,0.62,240.7,3616,3868,1396,1289,31.9,9.4,280,2635,0.00,1.58,0.00,0.000,1030,0.000,0.024,3617,2755,1342,1396,1289,0,0,0,0,0,0,26.31,26.27,26.32,8.44,42.51
$GC,2754,0.62,240.7,3616,2755,1396,1289,18.3,10.6,294,2761,0.00,2.08,0.00,0.000,516,0.000,0.031,3616,1364,1342,1396,1289,0,0,0,0,0,0,26.54,26.27,26.55,8.44,41.96
$GC,2809,0.69,240.7,3616,1365,1396,1289,13.1,9.3,304,2816,0.00,2.17,0.00,0.000,1030,0.000,0.048,3617,2759,1342,1395,1289,0,0,0,0,0,0,26.35,26.26,26.37,8.44,42.55
$GC,2880,0.69,240.7,3616,2759,1396,1289,5.5,11.2,317,2887,0.00,1.75,0.00,0.000,260,0.000,0.060,3617,3870,1342,1395,1289,0,0,0,0,0,0,26.58,26.27,26.60,8.44,42.55
$STATE,2903,end climb,SURFACE_DEPTH_REACHED
$STATE,2903,begin surface coast
$FINISH,0.6,1.022606
$STATE,2925,end surface coast,CONTROL_FINISHED_OK
$STATE,2925,begin surface
$SM_CCo,2946,124.93,0.083,0,0,373,479.32
$SM_CCo,3075,-0.17,0.000,0,0,376,479.32
$SM_CCo,3080,0.43,0.087,0,0,373,479.32
$SM_GC,-17.76,9.38,1.23,0.43,0.072,0.026,0.087,211,3046,373,-9.94,2.15,479.32,0,0,0,0,0,0,26.29,26.39,26.11
$IRIDIUM_FIX,4752.65,-12217.68,020625,173442
$TT8_MAMPS,0.026215,0.241178
$HUMID,41.14
$INTERNAL_PRESSURE,8.32288
$TCM_TEMP,11.80
$XPDR_PINGS,0
$ALTIM_TOP_PING,19.4,40.5
$ALTIM_BOTTOM_PING,130.5,55.3
$24V_AH,24.48,6.341
$10V_AH,10.54,2.397
$FG_AHR_24Vo,0.000
$FG_AHR_10Vo,0.000
$DEVICES,Pitch_motor,Roll_motor,VBD_pump_during_apogee,VBD_pump_during_surface,VBD_valve,Iridium_during_init,Iridium_during_connect,Iridium_during_xfer,Transponder_ping,GUMSTIX_24V,GPS,TT8,LPSleep,TT8_Active,TT8_Sampling,TT8_CF8,TT8_Kalman,Analog_circuits,GPS_charging,Compass,RAFOS,Transponder,Compass2
$DEVICE_SECS,24.100,41.000,309.850,125.350,0.000,0.000,0.000,270.725,3.250,0.000,22.770,841.284,1071.402,527.630,896.889,150.876,0.000,1199.429,0.000,617.789,0.000,25.116,0.000
$DEVICE_MAMPS,274.635,126.225,754.290,87.210,0.000,0.000,0.000,88.740,420.000,0.000,30.710,14.960,2.190,14.960,43.420,53.160,0.000,15.000,0.000,8.990,0.000,30.000,0.000
$SENSORS,SBE_CT,AA4330,WL_blue_red_Chl_old_fw,nil,nil,nil,nil,nil,nil,nil
$SENSOR_SECS,217.526,430.156,434.397,0.000,0.000,0.000,0.000,0.000,0.000,0.000
$SENSOR_MAMPS,23.970,0.750,0.750,0.000,0.000,0.000,0.000,0.000,0.000,0.000
$MEM,335072
$DATA_FILE_SIZE,21014,325
$CAP_FILE_SIZE,58998,0
$CFSIZE,2097872896,2081914880
$ERRORS,0,0,0,0,0,0,0,0,0,0,0,0,0,0,1,0
$CURRENT,0.108,291.33,1
$GPS,020625,192431,4750.782,-12226.424,26,0.9,55,16.3,0.4,297.7,9,4.4
