version: 66.14
glider: 194
mission: 16
dive: 353
start: 6 12 125 12 7 59
data:
$ID,194
$MISSION,16
$DIVE,353
$N_DIVES,0
$STOP_T,0
$D_SURF,3
$D_FLARE,2
$D_TGT,150
$D_ABORT,1090
$D_NO_BLEED,50
$D_BOOST,3
$T_BOOST,0
$D_FINISH,0
$D_PITCH,0
$D_SAFE,0
$D_CALL,0
$SURFACE_URGENCY,0
$SURFACE_URGENCY_TRY,0
$SURFACE_URGENCY_FORCE,0
$T_DIVE,50
$T_MISSION,65
$T_ABORT,1440
$T_TURN,300
$T_TURN_SAMPINT,5
$T_NO_W,120
$T_LOITER,0
$T_SLOITER,60
$T_EPIRB,0
$USE_BATHY,0
$USE_ICE,0
$ICE_FREEZE_MARGIN,0.30000001
$D_OFFGRID,100
$T_WATCHDOG,10
$RELAUNCH,1
$APOGEE_PITCH,-8
$MAX_BUOY,150
$COURSE_BIAS,0
$GLIDE_SLOPE,30
$SPEED_FACTOR,1
$RHO,1.023
$MASS,53609
$MASS_COMP,0
$NAV_MODE,2
$FERRY_MAX,45
$KALMAN_USE,2
$HD_A,0.003
$HD_B,0.0099999998
$HD_C,9.9999997e-06
$HEADING,-1
$ESCAPE_HEADING,0
$ESCAPE_HEADING_DELTA,10
$FIX_MISSING_TIMEOUT,0
$TGT_DEFAULT_LAT,4736
$TGT_DEFAULT_LON,-12225
$TGT_AUTO_DEFAULT,0
$SM_CC,535
$N_FILEKB,4
$FILEMGR,0
$CALL_NDIVES,1
$COMM_SEQ,0
$PROTOCOL,9
$N_NOCOMM,1
$NOCOMM_ACTION,0
$N_NOSURFACE,0
$UPLOAD_DIVES_MAX,-1
$CALL_TRIES,5
$CALL_WAIT,60
$CAPUPLOAD,1
$CAPMAXSIZE,200000
$HEAPDBG,0
$T_GPS,15
$N_GPS,50840
$T_RSLEEP,0
$STROBE,0
$RAFOS_PEAK_OFFSET,1.5
$RAFOS_CORR_THRESH,60
$RAFOS_HIT_WINDOW,3600
$RAFOS_MMODEM,0
$PITCH_MIN,199
$PITCH_MAX,3894
$C_PITCH,3411
$PITCH_DBAND,0.1
$PITCH_CNV,0.003125763
$P_OVSHOOT,0.039999999
$P_OVSHOOT_WITHG,0.1
$PITCH_GAIN,23
$PITCH_TIMEOUT,17
$PITCH_AD_RATE,160
$PITCH_MAXERRORS,1
$PITCH_ADJ_GAIN,0.02
$PITCH_ADJ_DBAND,2.5
$ROLL_MIN,291
$ROLL_MAX,3873
$ROLL_DEG,40
$C_ROLL_DIVE,3014
$C_ROLL_CLIMB,2850
$HEAD_ERRBAND,10
$ROLL_CNV,0.028270001
$ROLL_TIMEOUT,15
$R_PORT_OVSHOOT,77
$R_STBD_OVSHOOT,25
$ROLL_AD_RATE,350
$ROLL_MAXERRORS,2
$ROLL_ADJ_GAIN,0
$ROLL_ADJ_DBAND,0
$VBD_MIN,375
$VBD_MAX,3900
$C_VBD,2277
$VBD_DBAND,2
$VBD_CNV,-0.24529999
$VBD_LP_IGNORE,0
$VBD_TIMEOUT,720
$PITCH_VBD_SHIFT,0.001
$VBD_PUMP_AD_RATE_SURFACE,5
$VBD_PUMP_AD_RATE_APOGEE,4
$VBD_BLEED_AD_RATE,8
$UNCOM_BLEED,60
$VBD_MAXERRORS,1
$W_ADJ_DBAND,2
$DBDW,0
$PITCH_W_GAIN,0
$PITCH_W_DBAND,1
$CF8_MAXERRORS,5
$AH0_24V,142
$AH0_10V,95
$MINV_24V,19
$MINV_10V,8
$MAXI_24V,0.80000001
$MAXI_10V,0.60000002
$FG_AHR_10V,0
$FG_AHR_24V,0
$PHONE_SUPPLY,-2
$PRESSURE_YINT,-38.315674
$PRESSURE_SLOPE,0.0001158091
$AD7714Ch0Gain,128
$TCM_PITCH_OFFSET,0
$TCM_ROLL_OFFSET,0
$COMPASS_USE,4
$ALTIM_BOTTOM_PING_RANGE,0
$ALTIM_TOP_PING_RANGE,20
$ALTIM_BOTTOM_TURN_MARGIN,25
$ALTIM_TOP_TURN_MARGIN,0
$ALTIM_TOP_MIN_OBSTACLE,1
$ALTIM_PING_DEPTH,80
$ALTIM_PING_DELTA,5
$ALTIM_FREQUENCY,13
$ALTIM_PULSE,3
$ALTIM_SENSITIVITY,3
$XPDR_VALID,3
$XPDR_INHIBIT,90
$INT_PRESSURE_SLOPE,0.0097660003
$INT_PRESSURE_YINT,1.223
$DEEPGLIDER,0
$MOTHERBOARD,4
$DEVICE1,2
$DEVICE2,101
$DEVICE3,35
$DEVICE4,-1
$DEVICE5,-1
$DEVICE6,-1
$LOGGERS,0
$LOGGERDEVICE1,-1
$LOGGERDEVICE2,-1
$LOGGERDEVICE3,-1
$LOGGERDEVICE4,-1
$COMPASS_DEVICE,33
$COMPASS2_DEVICE,-1
$PHONE_DEVICE,49
$GPS_DEVICE,32
$RAFOS_DEVICE,-1
$XPDR_DEVICE,24
$SIM_W,0
$SIM_PITCH,0
$SEABIRD_T_G,0.0044373036
$SEABIRD_T_H,0.00066103507
$SEABIRD_T_I,2.7719814e-05
$SEABIRD_T_J,3.4688812e-06
$SEABIRD_C_G,-10.004086
$SEABIRD_C_H,1.1698962
$SEABIRD_C_I,-0.0014983811
$SEABIRD_C_J,0.00019441421
$SEABIRD_C_Z,2927.3301
$GPS1,120625,120038,4750.8706,-12222.4219,36,0.9,54,16.3,0.3,312.2,10,5.0
$_CALLS,1
$_XMS_NAKs,0
$_XMS_TOUTs,0
$_SM_DEPTHo,-21.69
$_SM_ANGLEo,-75.0
$GPS2,120625,120718,4750.9136,-12222.4854,10,0.9,24,16.3,0.3,9.8,10,5.0
$SPEED_LIMITS,0.173,0.260
$TGT_NAME,EAST_194
$TGT_LATLONG,4750.700,-12222.000
$TGT_RADIUS,400.000
$KALMAN_CONTROL,0.000000,0.000000
$KALMAN_X,0.000000,0.000000,0.000000,0.000000,0.000000
$KALMAN_Y,0.000000,0.000000,0.000000,0.000000,0.000000
$MHEAD_RNG_PITCHd_Wd,101.7,721,-19.4,-10.000,-22.73,1846
$D_GRID,150
$GCHEAD,st_secs,pitch_ctl,vbd_ctl,pitch_ad_start,roll_ad_start,vbd_pot1_ad_start,vbd_pot2_ad_start,depth,ob_vertv,data_pts,end_secs,pitch_secs,roll_secs,vbd_secs,vbd_i,gcphase,pitch_i,roll_i,pitch_ad,roll_ad,vbd_ad,vbd_pot1_ad,vbd_pot2_ad,pitch_retries,pitch_errors,roll_retries,roll_errors,vbd_retries,vbd_errors,pitch_volts,roll_volts,vbd_volts,int_press,humidity
$STATE,4,end surface,CONTROL_FINISHED_OK
$STATE,4,begin dive
$GC,72,-0.96,-121.4,208,3017,349,399,-21.2,-0.1,12,159,0.00,0.00,-83.20,0.000,16390,0.000,0.000,209,3018,2774,2790,2759,0,0,0,0,0,0,26.44,24.88,26.46,8.38,42.55
$GC,163,-0.96,-121.4,208,3018,2790,2760,-17.6,-8.8,27,182,12.95,1.33,0.00,0.000,2820,0.283,0.050,3087,3876,2776,2793,2759,0,0,0,0,0,0,25.67,26.02,25.89,8.61,42.67
$GC,344,-0.65,-121.4,3086,3876,2798,2755,33.2,-23.7,56,349,0.35,1.23,0.00,0.000,3078,0.190,0.024,3194,3005,2777,2799,2755,0,0,0,0,0,0,25.91,26.34,26.17,8.62,42.79
$GC,477,-0.65,-121.4,3193,3005,2802,2754,52.0,-11.8,69,478,0.00,0.00,0.00,0.000,6,0.000,0.000,3194,3005,2778,2802,2754,0,0,0,0,0,0,26.60,26.60,26.60,8.61,42.99
$GC,597,-0.65,-121.4,3193,3005,2802,2754,64.8,-10.9,81,598,0.00,0.00,0.00,0.000,6,0.000,0.000,3194,3005,2778,2802,2754,0,0,0,0,0,0,26.64,26.65,26.65,8.62,42.71
$GC,717,-0.65,-121.4,3193,3005,2802,2754,78.5,-11.5,93,721,0.00,1.38,0.00,0.000,260,0.000,0.057,3194,3861,2777,2802,2753,0,0,0,0,0,0,26.67,26.32,26.67,8.61,43.34
$GC,836,-0.65,-121.4,3193,3861,2802,2753,92.0,-11.9,104,844,0.00,1.17,0.00,0.000,1030,0.000,0.026,3194,3025,2777,2802,2753,0,0,0,0,0,0,26.49,26.48,26.51,8.62,42.79
$GC,963,-0.65,-121.4,3193,3025,2803,2753,105.7,-10.4,117,969,0.00,0.00,0.00,0.000,6,0.000,0.000,3194,3025,2778,2803,2753,0,0,0,0,0,0,26.70,26.70,26.70,8.61,43.46
$GC,1092,-0.65,-121.4,3193,3025,2803,2753,118.7,-9.8,130,1096,0.00,1.35,0.00,0.000,260,0.000,0.057,3194,3868,2778,2803,2753,0,0,0,0,0,0,26.73,26.38,26.74,8.61,43.06
$STATE,1208,end dive,BOTTOM_OBSTACLE_DETECTED
$STATE,1208,begin apogee
$GC,1216,-0.35,0.0,3194,2846,2803,2753,130.3,-10.6,141,1317,0.30,0.00,98.07,0.722,10246,0.155,0.000,3294,2845,2275,2312,2238,0,0,0,0,0,0,26.20,25.29,24.74,8.61,42.91
$STATE,1318,end apogee,CONTROL_FINISHED_OK
$STATE,1318,begin climb
$GC,1321,0.96,121.4,3294,2845,2311,2238,135.7,0.0,152,1437,1.23,2.17,100.50,0.704,10756,0.123,0.028,3702,1475,1778,1808,1748,0,0,0,0,0,0,25.32,25.18,24.63,8.57,42.28
$GC,1483,0.76,121.4,3702,1475,1808,1748,118.1,15.2,168,1490,0.15,2.20,0.00,0.000,5126,0.179,0.047,3662,2849,1778,1808,1748,0,0,0,0,0,0,25.49,25.63,25.65,8.52,41.14
$GC,1611,0.58,121.4,3661,2849,1808,1747,98.0,15.8,181,1615,0.17,1.60,0.00,0.000,4356,0.167,0.050,3606,3874,1777,1808,1747,0,0,0,0,0,0,25.77,25.93,25.88,8.52,42.43
$GC,1673,0.46,121.4,3605,3874,1806,1746,88.2,14.7,187,1678,0.15,1.50,0.00,0.000,5126,0.166,0.021,3565,2811,1776,1807,1746,0,0,0,0,0,0,25.86,26.13,26.03,8.51,42.16
$GC,1807,0.46,121.4,3564,2809,1806,1745,75.5,9.0,200,1810,0.00,1.73,0.00,0.000,260,0.000,0.054,3565,3876,1775,1806,1745,0,0,0,0,0,0,26.46,26.13,26.46,8.51,43.34
$GC,1849,0.46,121.4,3564,3876,1806,1745,71.2,10.1,204,1853,0.00,1.45,0.00,0.000,1030,0.000,0.021,3565,2858,1775,1806,1745,0,0,0,0,0,0,26.29,26.27,26.30,8.51,43.14
$GC,1981,0.50,161.1,3564,2858,1806,1745,60.7,7.8,217,2021,0.00,2.08,32.15,0.656,8708,0.000,0.025,3564,1474,1617,1652,1582,0,0,0,0,0,0,26.55,25.55,25.15,8.51,43.38
$GC,2111,0.67,216.2,3564,1474,1652,1582,51.5,6.9,229,2165,0.10,2.17,43.92,0.649,11270,0.088,0.044,3631,2859,1393,1431,1356,0,0,0,0,0,0,26.01,26.00,24.91,8.49,43.26
$GC,2284,0.67,216.2,3630,2859,1430,1356,30.6,12.1,247,2288,0.00,1.60,0.00,0.000,260,0.000,0.054,3631,3877,1393,1430,1356,0,0,0,0,0,0,26.24,25.91,26.25,8.46,42.83
$GC,2329,0.61,216.2,3630,3877,1430,1356,25.4,12.3,251,2337,0.00,1.48,0.00,0.000,1030,0.000,0.022,3631,2865,1393,1430,1356,0,0,0,0,0,0,26.14,26.08,26.15,8.46,42.79
$GC,2461,0.61,216.2,3631,2865,1430,1355,11.0,10.7,272,2468,0.00,2.10,0.00,0.000,516,0.000,0.029,3631,1456,1392,1430,1355,0,0,0,0,0,0,26.44,26.15,26.45,8.46,42.99
$STATE,2538,end climb,SURFACE_DEPTH_REACHED
$STATE,2539,begin surface coast
$FINISH,0.1,1.022028
$STATE,2571,end surface coast,CONTROL_FINISHED_OK
$STATE,2571,begin surface
$SM_CCo,2594,134.52,0.092,0,0,373,466.56
$SM_CCo,2732,-0.17,0.000,0,0,376,466.56
$SM_CCo,2737,0.35,0.096,0,0,373,466.56
$SM_GC,-21.80,9.50,2.53,0.35,0.074,0.046,0.096,209,3017,373,-9.94,-0.71,466.56,0,0,0,0,0,0,26.19,26.18,26.01
$IRIDIUM_FIX,4751.79,-12220.39,120625,110459
$TT8_MAMPS,0.026215,0.274883
$HUMID,41.10
$INTERNAL_PRESSURE,8.34241
$TCM_TEMP,12.00
$XPDR_PINGS,1
$ALTIM_TOP_PING,19.7,46.5
$ALTIM_BOTTOM_PING,130.3,16.4
$24V_AH,24.63,24.050
$10V_AH,10.42,9.693
$FG_AHR_24Vo,0.000
$FG_AHR_10Vo,0.000
$DEVICES,Pitch_motor,Roll_motor,VBD_pump_during_apogee,VBD_pump_during_surface,VBD_valve,Iridium_during_init,Iridium_during_connect,Iridium_during_xfer,Transponder_ping,GUMSTIX_24V,GPS,TT8,LPSleep,TT8_Active,TT8_Sampling,TT8_CF8,TT8_Kalman,Analog_circuits,GPS_charging,Compass,RAFOS,Transponder,Compass2
$DEVICE_SECS,24.900,30.550,274.650,134.875,0.000,0.000,0.000,282.550,3.750,0.000,25.615,777.606,916.501,470.400,849.324,153.684,0.000,1111.081,0.000,559.414,0.000,27.832,0.000
$DEVICE_MAMPS,283.050,56.610,722.160,96.390,0.000,0.000,0.000,90.270,420.000,0.000,30.710,14.960,2.190,14.960,43.420,53.160,0.000,15.000,0.000,8.990,0.000,30.000,0.000
$SENSORS,SBE_CT,AA4330,WL_blue_red_Chl_old_fw,nil,nil,nil,nil,nil,nil,nil
$SENSOR_SECS,196.584,387.898,391.699,0.000,0.000,0.000,0.000,0.000,0.000,0.000
$SENSOR_MAMPS,23.970,0.750,0.750,0.000,0.000,0.000,0.000,0.000,0.000,0.000
$MEM,335220
$DATA_FILE_SIZE,21085,293
$CAP_FILE_SIZE,53776,0
$CFSIZE,2097872896,2055274496
$ERRORS,0,0,0,0,0,0,0,0,0,0,0,0,0,0,2,0
$CURRENT,0.062,227.62,1
$GPS,120625,125523,4750.654,-12222.327,42,1.0,62,16.3,0.3,312.4,9,5.0
