version: 66.14
glider: 194
mission: 16
dive: 271
start: 6 9 125 16 12 9
data:
$ID,194
$MISSION,16
$DIVE,271
$N_DIVES,0
$STOP_T,0
$D_SURF,3
$D_FLARE,2
$D_TGT,150
$D_ABORT,1090
$D_NO_BLEED,50
$D_BOOST,3
$T_BOOST,0
$D_FINISH,0
$D_PITCH,0
$D_SAFE,0
$D_CALL,0
$SURFACE_URGENCY,0
$SURFACE_URGENCY_TRY,0
$SURFACE_URGENCY_FORCE,0
$T_DIVE,50
$T_MISSION,65
$T_ABORT,1440
$T_TURN,300
$T_TURN_SAMPINT,5
$T_NO_W,120
$T_LOITER,0
$T_SLOITER,60
$T_EPIRB,0
$USE_BATHY,0
$USE_ICE,0
$ICE_FREEZE_MARGIN,0.30000001
$D_OFFGRID,100
$T_WATCHDOG,10
$RELAUNCH,1
$APOGEE_PITCH,-8
$MAX_BUOY,150
$COURSE_BIAS,0
$GLIDE_SLOPE,30
$SPEED_FACTOR,1
$RHO,1.023
$MASS,53609
$MASS_COMP,0
$NAV_MODE,2
$FERRY_MAX,45
$KALMAN_USE,2
$HD_A,0.003
$HD_B,0.0099999998
$HD_C,9.9999997e-06
$HEADING,-1
$ESCAPE_HEADING,0
$ESCAPE_HEADING_DELTA,10
$FIX_MISSING_TIMEOUT,0
$TGT_DEFAULT_LAT,4736
$TGT_DEFAULT_LON,-12225
$TGT_AUTO_DEFAULT,0
$SM_CC,535
$N_FILEKB,4
$FILEMGR,0
$CALL_NDIVES,1
$COMM_SEQ,0
$PROTOCOL,9
$N_NOCOMM,1
$NOCOMM_ACTION,0
$N_NOSURFACE,0
$UPLOAD_DIVES_MAX,-1
$CALL_TRIES,5
$CALL_WAIT,60
$CAPUPLOAD,1
$CAPMAXSIZE,200000
$HEAPDBG,0
$T_GPS,15
$N_GPS,50840
$T_RSLEEP,0
$STROBE,0
$RAFOS_PEAK_OFFSET,1.5
$RAFOS_CORR_THRESH,60
$RAFOS_HIT_WINDOW,3600
$RAFOS_MMODEM,0
$PITCH_MIN,199
$PITCH_MAX,3894
$C_PITCH,3411
$PITCH_DBAND,0.1
$PITCH_CNV,0.003125763
$P_OVSHOOT,0.039999999
$P_OVSHOOT_WITHG,0.1
$PITCH_GAIN,23
$PITCH_TIMEOUT,17
$PITCH_AD_RATE,160
$PITCH_MAXERRORS,1
$PITCH_ADJ_GAIN,0.02
$PITCH_ADJ_DBAND,2.5
$ROLL_MIN,291
$ROLL_MAX,3873
$ROLL_DEG,40
$C_ROLL_DIVE,3250
$C_ROLL_CLIMB,2850
$HEAD_ERRBAND,10
$ROLL_CNV,0.028270001
$ROLL_TIMEOUT,15
$R_PORT_OVSHOOT,55
$R_STBD_OVSHOOT,19
$ROLL_AD_RATE,350
$ROLL_MAXERRORS,2
$ROLL_ADJ_GAIN,0
$ROLL_ADJ_DBAND,0
$VBD_MIN,375
$VBD_MAX,3900
$C_VBD,2277
$VBD_DBAND,2
$VBD_CNV,-0.24529999
$VBD_LP_IGNORE,0
$VBD_TIMEOUT,720
$PITCH_VBD_SHIFT,0.001
$VBD_PUMP_AD_RATE_SURFACE,5
$VBD_PUMP_AD_RATE_APOGEE,4
$VBD_BLEED_AD_RATE,8
$UNCOM_BLEED,60
$VBD_MAXERRORS,1
$W_ADJ_DBAND,2
$DBDW,0
$PITCH_W_GAIN,0
$PITCH_W_DBAND,1
$CF8_MAXERRORS,5
$AH0_24V,142
$AH0_10V,95
$MINV_24V,19
$MINV_10V,8
$MAXI_24V,0.80000001
$MAXI_10V,0.60000002
$FG_AHR_10V,0
$FG_AHR_24V,0
$PHONE_SUPPLY,-2
$PRESSURE_YINT,-38.315674
$PRESSURE_SLOPE,0.0001158091
$AD7714Ch0Gain,128
$TCM_PITCH_OFFSET,0
$TCM_ROLL_OFFSET,0
$COMPASS_USE,4
$ALTIM_BOTTOM_PING_RANGE,0
$ALTIM_TOP_PING_RANGE,20
$ALTIM_BOTTOM_TURN_MARGIN,25
$ALTIM_TOP_TURN_MARGIN,0
$ALTIM_TOP_MIN_OBSTACLE,1
$ALTIM_PING_DEPTH,80
$ALTIM_PING_DELTA,5
$ALTIM_FREQUENCY,13
$ALTIM_PULSE,3
$ALTIM_SENSITIVITY,3
$XPDR_VALID,3
$XPDR_INHIBIT,90
$INT_PRESSURE_SLOPE,0.0097660003
$INT_PRESSURE_YINT,1.223
$DEEPGLIDER,0
$MOTHERBOARD,4
$DEVICE1,2
$DEVICE2,101
$DEVICE3,35
$DEVICE4,-1
$DEVICE5,-1
$DEVICE6,-1
$LOGGERS,0
$LOGGERDEVICE1,-1
$LOGGERDEVICE2,-1
$LOGGERDEVICE3,-1
$LOGGERDEVICE4,-1
$COMPASS_DEVICE,33
$COMPASS2_DEVICE,-1
$PHONE_DEVICE,49
$GPS_DEVICE,32
$RAFOS_DEVICE,-1
$XPDR_DEVICE,24
$SIM_W,0
$SIM_PITCH,0
$SEABIRD_T_G,0.0044373036
$SEABIRD_T_H,0.00066103507
$SEABIRD_T_I,2.7719814e-05
$SEABIRD_T_J,3.4688812e-06
$SEABIRD_C_G,-10.004086
$SEABIRD_C_H,1.1698962
$SEABIRD_C_I,-0.0014983811
$SEABIRD_C_J,0.00019441421
$SEABIRD_C_Z,2927.3301
$GPS1,090625,160452,4750.6167,-12223.2236,48,1.1,68,16.3,0.4,210.1,8,4.9
$_CALLS,1
$_XMS_NAKs,0
$_XMS_TOUTs,0
$_SM_DEPTHo,-19.69
$_SM_ANGLEo,-66.6
$GPS2,090625,161134,4750.5522,-12223.3145,7,1.1,31,16.3,0.5,230.3,8,4.9
$SPEED_LIMITS,0.173,0.260
$TGT_NAME,WEST_194
$TGT_LATLONG,4750.700,-12226.500
$TGT_RADIUS,400.000
$KALMAN_CONTROL,0.000000,0.000000
$KALMAN_X,0.000000,0.000000,0.000000,0.000000,0.000000
$KALMAN_Y,0.000000,0.000000,0.000000,0.000000,0.000000
$MHEAD_RNG_PITCHd_Wd,279.3,3969,-17.4,-10.000,-21.00,2234
$D_GRID,150
$GCHEAD,st_secs,pitch_ctl,vbd_ctl,pitch_ad_start,roll_ad_start,vbd_pot1_ad_start,vbd_pot2_ad_start,depth,ob_vertv,data_pts,end_secs,pitch_secs,roll_secs,vbd_secs,vbd_i,gcphase,pitch_i,roll_i,pitch_ad,roll_ad,vbd_ad,vbd_pot1_ad,vbd_pot2_ad,pitch_retries,pitch_errors,roll_retries,roll_errors,vbd_retries,vbd_errors,pitch_volts,roll_volts,vbd_volts,int_press,humidity
$STATE,5,end surface,CONTROL_FINISHED_OK
$STATE,5,begin dive
$GC,73,-0.90,-146.6,209,3257,334,418,-19.2,0.1,12,164,0.00,0.00,-87.82,0.000,16390,0.000,0.000,210,3257,2875,2888,2863,0,0,0,0,0,0,26.44,24.97,26.45,8.39,42.47
$GC,168,-0.90,-146.6,210,3257,2889,2864,-17.1,-4.2,27,187,12.80,0.93,0.00,0.000,2308,0.279,0.044,3106,3888,2877,2892,2863,0,0,0,0,0,0,25.76,26.06,25.94,8.62,42.55
$GC,446,-0.59,-146.6,3105,3887,2896,2861,47.1,-19.8,69,451,0.38,0.90,0.00,0.000,3078,0.191,0.026,3212,3245,2878,2896,2861,0,0,0,0,0,0,26.01,26.36,26.15,8.62,42.32
$GC,580,-0.53,-146.6,3212,3245,2900,2858,63.0,-10.6,82,588,0.00,2.03,0.00,0.000,516,0.000,0.023,3213,1849,2879,2900,2858,0,0,0,0,0,0,26.62,26.36,26.63,8.62,42.08
$GC,622,-0.53,-146.6,3212,1848,2901,2857,67.2,-9.8,86,630,0.00,2.20,0.00,0.000,1030,0.000,0.052,3213,3243,2879,2901,2857,0,0,0,0,0,0,26.33,26.27,26.36,8.62,43.03
$GC,752,-0.53,-146.6,3213,3243,2901,2857,80.2,-10.4,99,756,0.00,2.05,0.00,0.000,516,0.000,0.024,3213,1852,2879,2901,2857,0,0,0,0,0,0,26.64,26.39,26.65,8.62,42.40
$GC,787,-0.53,-146.6,3212,1853,2901,2857,83.4,-9.7,102,794,0.00,2.22,0.00,0.000,1030,0.000,0.057,3213,3257,2879,2901,2857,0,0,0,0,0,0,26.42,26.29,26.45,8.62,42.12
$GC,914,-0.53,-146.6,3212,3257,2901,2857,95.6,-9.4,115,916,0.00,0.00,0.00,0.000,6,0.000,0.000,3213,3257,2879,2901,2857,0,0,0,0,0,0,26.69,26.70,26.69,8.62,43.14
$GC,1034,-0.53,-146.6,3212,3256,2901,2857,106.9,-9.3,127,1044,0.00,2.08,0.00,0.000,516,0.000,0.024,3213,1850,2879,2901,2857,0,0,0,0,0,0,26.71,26.44,26.72,8.62,42.55
$GC,1080,-0.53,-146.6,3212,1850,2901,2857,111.2,-10.1,131,1088,0.00,2.22,0.00,0.000,1030,0.000,0.056,3213,3254,2879,2901,2857,0,0,0,0,0,0,26.46,26.34,26.49,8.62,42.47
$GC,1208,-0.53,-146.6,3212,3254,2901,2857,123.8,-9.7,144,1209,0.00,0.00,0.00,0.000,6,0.000,0.000,3213,3254,2879,2901,2857,0,0,0,0,0,0,26.73,26.74,26.74,8.62,42.16
$STATE,1305,end dive,BOTTOM_OBSTACLE_DETECTED
$STATE,1305,begin apogee
$GC,1312,-0.35,0.0,3213,2847,2901,2857,132.7,-9.0,154,1427,0.22,0.00,111.90,0.720,10246,0.150,0.000,3291,2847,2275,2311,2239,0,0,0,0,0,0,26.25,25.22,24.67,8.62,43.34
$STATE,1428,end apogee,CONTROL_FINISHED_OK
$STATE,1428,begin climb
$GC,1431,0.90,146.6,3291,2847,2311,2239,137.5,0.0,166,1562,1.17,2.17,120.22,0.711,10756,0.124,0.028,3675,1462,1677,1707,1647,0,0,0,0,0,0,25.25,25.12,24.58,8.57,41.84
$GC,1593,0.71,146.6,3674,1461,1707,1646,119.3,16.9,182,1600,0.12,2.25,0.00,0.000,5126,0.177,0.047,3642,2855,1676,1707,1646,0,0,0,0,0,0,25.36,25.50,25.52,8.51,40.94
$GC,1721,0.56,146.6,3641,2854,1707,1646,98.9,14.9,195,1723,0.15,0.00,0.00,0.000,4102,0.164,0.000,3598,2855,1676,1707,1646,0,0,0,0,0,0,25.75,25.94,25.89,8.51,41.73
$GC,1842,0.50,146.6,3597,2855,1707,1647,84.6,11.3,207,1851,0.00,2.10,0.00,0.000,516,0.000,0.028,3598,1459,1676,1707,1646,0,0,0,0,0,0,26.34,26.08,26.34,8.50,42.95
$GC,1915,0.50,146.6,3597,1458,1707,1646,76.8,9.9,214,1923,0.00,2.17,0.00,0.000,1030,0.000,0.045,3598,2854,1676,1707,1646,0,0,0,0,0,0,26.15,26.10,26.17,8.51,42.28
$GC,2045,0.45,146.6,3597,2854,1707,1647,62.5,10.8,227,2055,0.10,2.08,0.00,0.000,4612,0.165,0.025,3562,1446,1676,1707,1646,0,0,0,0,0,0,26.08,26.22,26.16,8.50,42.28
$GC,2101,0.45,146.6,3561,1445,1707,1646,57.4,9.0,232,2107,0.00,2.17,0.00,0.000,1030,0.000,0.044,3562,2850,1677,1707,1647,0,0,0,0,0,0,26.30,26.21,26.32,8.50,42.63
$GC,2229,0.50,193.3,3561,2850,1707,1646,46.6,7.9,245,2271,0.00,1.65,37.38,0.662,8452,0.000,0.053,3562,3877,1486,1526,1446,0,0,0,0,0,0,26.58,25.51,25.11,8.50,42.28
$GC,2307,0.50,193.3,3561,3878,1525,1446,39.9,8.8,252,2313,0.00,1.50,0.00,0.000,1030,0.000,0.021,3561,2808,1486,1526,1446,0,0,0,0,0,0,26.01,25.97,26.02,8.48,42.24
$GC,2435,0.61,237.5,3561,2807,1525,1447,29.3,8.0,265,2478,0.08,2.03,35.30,0.649,10756,0.108,0.028,3623,1494,1305,1348,1263,0,0,0,0,0,0,26.14,25.57,24.99,8.47,43.26
$GC,2534,0.61,237.5,3622,1494,1348,1264,18.3,10.7,275,2541,0.00,2.15,0.00,0.000,1030,0.000,0.046,3623,2850,1306,1348,1264,0,0,0,0,0,0,25.92,25.83,25.94,8.46,42.40
$GC,2604,0.61,237.5,3623,2850,1349,1264,10.1,12.1,288,2612,0.00,1.62,0.00,0.000,260,0.000,0.057,3623,3875,1306,1349,1263,0,0,0,0,0,0,26.27,25.94,26.28,8.46,42.32
$STATE,2653,end climb,SURFACE_DEPTH_REACHED
$STATE,2653,begin surface coast
$FINISH,2.4,1.022646
$STATE,2659,end surface coast,CONTROL_FINISHED_OK
$STATE,2659,begin surface
$SM_CCo,2680,122.30,0.096,0,0,374,466.56
$SM_CCo,2806,-0.20,0.000,0,0,377,466.56
$SM_CCo,2811,0.55,0.086,0,0,373,466.56
$SM_GC,-19.72,9.52,0.88,0.55,0.073,0.027,0.086,213,3280,373,-9.94,2.71,466.56,0,0,0,0,0,0,26.03,26.13,25.91
$IRIDIUM_FIX,4753.73,-12224.82,090625,151514
$TT8_MAMPS,0.026215,0.242676
$HUMID,41.21
$INTERNAL_PRESSURE,8.34241
$TCM_TEMP,12.10
$XPDR_PINGS,3
$ALTIM_TOP_PING,19.0,43.7
$ALTIM_BOTTOM_PING,85.2,72.3
$24V_AH,24.58,18.828
$10V_AH,10.43,7.550
$FG_AHR_24Vo,0.000
$FG_AHR_10Vo,0.000
$DEVICES,Pitch_motor,Roll_motor,VBD_pump_during_apogee,VBD_pump_during_surface,VBD_valve,Iridium_during_init,Iridium_during_connect,Iridium_during_xfer,Transponder_ping,GUMSTIX_24V,GPS,TT8,LPSleep,TT8_Active,TT8_Sampling,TT8_CF8,TT8_Kalman,Analog_circuits,GPS_charging,Compass,RAFOS,Transponder,Compass2
$DEVICE_SECS,24.550,37.975,304.800,122.850,0.000,0.000,0.000,281.550,1.750,0.000,32.345,764.856,969.848,507.977,850.087,145.507,0.000,1161.102,0.000,559.734,0.000,10.681,0.000
$DEVICE_MAMPS,279.225,57.375,719.865,96.390,0.000,0.000,0.000,77.265,420.000,0.000,30.710,14.960,2.190,14.960,43.420,53.160,0.000,15.000,0.000,8.990,0.000,30.000,0.000
$SENSORS,SBE_CT,AA4330,WL_blue_red_Chl_old_fw,nil,nil,nil,nil,nil,nil,nil
$SENSOR_SECS,199.070,394.322,398.199,0.000,0.000,0.000,0.000,0.000,0.000,0.000
$SENSOR_MAMPS,23.970,0.750,0.750,0.000,0.000,0.000,0.000,0.000,0.000,0.000
$MEM,335056
$DATA_FILE_SIZE,21031,298
$CAP_FILE_SIZE,55056,0
$CFSIZE,2097872896,2063335424
$ERRORS,0,0,0,0,0,0,0,0,0,0,0,0,0,0,1,0
$CURRENT,0.147,246.47,1
$GPS,090625,170041,4750.621,-12223.986,41,0.9,56,16.3,0.5,226.4,9,5.0
