version: 66.14
glider: 194
mission: 16
dive: 223
start: 6 8 125 1 28 28
data:
$ID,194
$MISSION,16
$DIVE,223
$N_DIVES,0
$STOP_T,0
$D_SURF,3
$D_FLARE,2
$D_TGT,150
$D_ABORT,1090
$D_NO_BLEED,50
$D_BOOST,3
$T_BOOST,0
$D_FINISH,0
$D_PITCH,0
$D_SAFE,0
$D_CALL,0
$SURFACE_URGENCY,0
$SURFACE_URGENCY_TRY,0
$SURFACE_URGENCY_FORCE,0
$T_DIVE,50
$T_MISSION,65
$T_ABORT,1440
$T_TURN,300
$T_TURN_SAMPINT,5
$T_NO_W,120
$T_LOITER,0
$T_SLOITER,60
$T_EPIRB,0
$USE_BATHY,0
$USE_ICE,0
$ICE_FREEZE_MARGIN,0.30000001
$D_OFFGRID,100
$T_WATCHDOG,10
$RELAUNCH,1
$APOGEE_PITCH,-8
$MAX_BUOY,150
$COURSE_BIAS,0
$GLIDE_SLOPE,30
$SPEED_FACTOR,1
$RHO,1.023
$MASS,53609
$MASS_COMP,0
$NAV_MODE,2
$FERRY_MAX,45
$KALMAN_USE,2
$HD_A,0.003
$HD_B,0.0099999998
$HD_C,9.9999997e-06
$HEADING,-1
$ESCAPE_HEADING,0
$ESCAPE_HEADING_DELTA,10
$FIX_MISSING_TIMEOUT,0
$TGT_DEFAULT_LAT,4736
$TGT_DEFAULT_LON,-12225
$TGT_AUTO_DEFAULT,0
$SM_CC,535
$N_FILEKB,4
$FILEMGR,0
$CALL_NDIVES,1
$COMM_SEQ,0
$PROTOCOL,9
$N_NOCOMM,1
$NOCOMM_ACTION,0
$N_NOSURFACE,0
$UPLOAD_DIVES_MAX,-1
$CALL_TRIES,5
$CALL_WAIT,60
$CAPUPLOAD,1
$CAPMAXSIZE,200000
$HEAPDBG,0
$T_GPS,15
$N_GPS,50840
$T_RSLEEP,0
$STROBE,0
$RAFOS_PEAK_OFFSET,1.5
$RAFOS_CORR_THRESH,60
$RAFOS_HIT_WINDOW,3600
$RAFOS_MMODEM,0
$PITCH_MIN,199
$PITCH_MAX,3894
$C_PITCH,3411
$PITCH_DBAND,0.1
$PITCH_CNV,0.003125763
$P_OVSHOOT,0.039999999
$P_OVSHOOT_WITHG,0.1
$PITCH_GAIN,23
$PITCH_TIMEOUT,17
$PITCH_AD_RATE,160
$PITCH_MAXERRORS,1
$PITCH_ADJ_GAIN,0.02
$PITCH_ADJ_DBAND,2.5
$ROLL_MIN,291
$ROLL_MAX,3873
$ROLL_DEG,40
$C_ROLL_DIVE,3250
$C_ROLL_CLIMB,2850
$HEAD_ERRBAND,10
$ROLL_CNV,0.028270001
$ROLL_TIMEOUT,15
$R_PORT_OVSHOOT,75
$R_STBD_OVSHOOT,25
$ROLL_AD_RATE,350
$ROLL_MAXERRORS,2
$ROLL_ADJ_GAIN,0
$ROLL_ADJ_DBAND,0
$VBD_MIN,375
$VBD_MAX,3900
$C_VBD,2277
$VBD_DBAND,2
$VBD_CNV,-0.24529999
$VBD_LP_IGNORE,0
$VBD_TIMEOUT,720
$PITCH_VBD_SHIFT,0.001
$VBD_PUMP_AD_RATE_SURFACE,5
$VBD_PUMP_AD_RATE_APOGEE,4
$VBD_BLEED_AD_RATE,8
$UNCOM_BLEED,60
$VBD_MAXERRORS,1
$W_ADJ_DBAND,2
$DBDW,0
$PITCH_W_GAIN,0
$PITCH_W_DBAND,1
$CF8_MAXERRORS,5
$AH0_24V,142
$AH0_10V,95
$MINV_24V,19
$MINV_10V,8
$MAXI_24V,0.80000001
$MAXI_10V,0.60000002
$FG_AHR_10V,0
$FG_AHR_24V,0
$PHONE_SUPPLY,-2
$PRESSURE_YINT,-38.315674
$PRESSURE_SLOPE,0.0001158091
$AD7714Ch0Gain,128
$TCM_PITCH_OFFSET,0
$TCM_ROLL_OFFSET,0
$COMPASS_USE,4
$ALTIM_BOTTOM_PING_RANGE,0
$ALTIM_TOP_PING_RANGE,20
$ALTIM_BOTTOM_TURN_MARGIN,25
$ALTIM_TOP_TURN_MARGIN,0
$ALTIM_TOP_MIN_OBSTACLE,1
$ALTIM_PING_DEPTH,80
$ALTIM_PING_DELTA,5
$ALTIM_FREQUENCY,13
$ALTIM_PULSE,3
$ALTIM_SENSITIVITY,3
$XPDR_VALID,3
$XPDR_INHIBIT,90
$INT_PRESSURE_SLOPE,0.0097660003
$INT_PRESSURE_YINT,1.223
$DEEPGLIDER,0
$MOTHERBOARD,4
$DEVICE1,2
$DEVICE2,101
$DEVICE3,35
$DEVICE4,-1
$DEVICE5,-1
$DEVICE6,-1
$LOGGERS,0
$LOGGERDEVICE1,-1
$LOGGERDEVICE2,-1
$LOGGERDEVICE3,-1
$LOGGERDEVICE4,-1
$COMPASS_DEVICE,33
$COMPASS2_DEVICE,-1
$PHONE_DEVICE,49
$GPS_DEVICE,32
$RAFOS_DEVICE,-1
$XPDR_DEVICE,24
$SIM_W,0
$SIM_PITCH,0
$SEABIRD_T_G,0.0044373036
$SEABIRD_T_H,0.00066103507
$SEABIRD_T_I,2.7719814e-05
$SEABIRD_T_J,3.4688812e-06
$SEABIRD_C_G,-10.004086
$SEABIRD_C_H,1.1698962
$SEABIRD_C_I,-0.0014983811
$SEABIRD_C_J,0.00019441421
$SEABIRD_C_Z,2927.3301
$GPS1,080625,012207,4750.6299,-12222.2568,41,0.8,51,16.3,0.0,0.0,10,5.0
$_CALLS,1
$_XMS_NAKs,0
$_XMS_TOUTs,0
$_SM_DEPTHo,-17.44
$_SM_ANGLEo,-78.3
$GPS2,080625,012751,4750.6255,-12222.2910,7,0.8,20,16.3,0.0,0.0,10,4.9
$SPEED_LIMITS,0.173,0.260
$TGT_NAME,EAST_194
$TGT_LATLONG,4750.700,-12222.000
$TGT_RADIUS,400.000
$KALMAN_CONTROL,0.000000,0.000000
$KALMAN_X,0.000000,0.000000,0.000000,0.000000,0.000000
$KALMAN_Y,0.000000,0.000000,0.000000,0.000000,0.000000
$MHEAD_RNG_PITCHd_Wd,46.0,387,-27.2,-10.000,-30.00,962
$D_GRID,150
$GCHEAD,st_secs,pitch_ctl,vbd_ctl,pitch_ad_start,roll_ad_start,vbd_pot1_ad_start,vbd_pot2_ad_start,depth,ob_vertv,data_pts,end_secs,pitch_secs,roll_secs,vbd_secs,vbd_i,gcphase,pitch_i,roll_i,pitch_ad,roll_ad,vbd_ad,vbd_pot1_ad,vbd_pot2_ad,pitch_retries,pitch_errors,roll_retries,roll_errors,vbd_retries,vbd_errors,pitch_volts,roll_volts,vbd_volts,int_press,humidity
$STATE,4,end surface,CONTROL_FINISHED_OK
$STATE,4,begin dive
$GC,71,-1.25,-63.1,208,3229,351,394,-16.9,0.0,12,151,0.00,0.00,-76.50,0.000,16390,0.000,0.000,209,3230,2535,2547,2524,0,0,0,0,0,0,26.41,25.01,26.42,8.38,41.53
$GC,155,-1.29,-101.4,209,3230,2547,2525,-14.6,-5.9,26,180,12.52,2.05,-3.20,0.000,18948,0.286,0.037,2985,1847,2693,2725,2662,0,0,0,0,0,0,25.72,24.91,25.93,8.57,42.40
$GC,233,-1.03,-101.4,2985,1847,2729,2661,6.4,-26.0,40,241,0.32,2.22,0.00,0.000,3078,0.229,0.054,3071,3245,2695,2730,2661,0,0,0,0,0,0,25.84,26.09,26.10,8.59,41.84
$GC,310,-0.84,-101.4,3070,3245,2730,2661,22.7,-20.2,53,314,0.22,1.00,0.00,0.000,2308,0.218,0.057,3134,3875,2696,2731,2661,0,0,0,0,0,0,25.93,26.16,26.08,8.59,42.43
$GC,605,-0.77,-101.4,3133,3875,2732,2661,74.1,-16.3,82,612,0.00,0.85,0.00,0.000,1030,0.000,0.026,3134,3259,2696,2731,2661,0,0,0,0,0,0,26.42,26.40,26.43,8.59,42.32
$GC,732,-0.77,-101.4,3134,3258,2732,2661,94.3,-15.0,95,746,0.00,2.05,0.00,0.000,516,0.000,0.023,3134,1845,2696,2732,2661,0,0,0,0,0,0,26.65,26.39,26.65,8.58,43.10
$GC,831,-0.77,-101.4,3134,1845,2732,2660,106.1,-12.2,103,838,0.00,2.20,0.00,0.000,1030,0.000,0.049,3134,3252,2696,2733,2660,0,0,0,0,0,0,26.44,26.32,26.46,8.59,42.36
$STATE,875,end dive,BOTTOM_OBSTACLE_DETECTED
$STATE,875,begin apogee
$GC,882,-0.35,0.0,3134,2845,2733,2660,113.4,-13.8,108,968,0.50,0.00,82.60,0.714,10246,0.177,0.000,3287,2844,2275,2317,2234,0,0,0,0,0,0,26.15,25.30,24.74,8.59,42.55
$STATE,969,end apogee,CONTROL_FINISHED_OK
$STATE,969,begin climb
$GC,972,1.29,101.4,3288,2844,2316,2234,118.4,0.0,117,1067,1.58,2.15,84.93,0.697,11012,0.125,0.028,3803,1465,1860,1895,1825,0,0,0,0,0,0,25.32,24.98,24.60,8.56,41.49
$GC,1132,1.09,101.4,3803,1464,1893,1825,94.3,21.2,133,1141,0.12,2.20,0.00,0.000,5126,0.193,0.044,3770,2849,1859,1893,1825,0,0,0,0,0,0,25.49,25.66,25.60,8.52,41.02
$GC,1262,0.86,101.4,3770,2849,1892,1823,66.2,22.0,146,1264,0.28,0.00,0.00,0.000,4102,0.192,0.000,3694,2850,1857,1892,1823,0,0,0,0,0,0,25.73,25.98,25.93,8.52,42.51
$GC,1383,0.76,101.4,3693,2850,1892,1821,44.0,18.1,158,1388,0.10,2.10,0.00,0.000,4612,0.200,0.028,3663,1465,1856,1892,1821,0,0,0,0,0,0,25.92,26.08,26.02,8.51,41.96
$GC,1430,0.76,101.4,3662,1464,1891,1820,37.6,14.4,162,1436,0.00,2.17,0.00,0.000,1030,0.000,0.047,3662,2851,1855,1891,1820,0,0,0,0,0,0,26.18,26.09,26.20,8.51,42.04
$GC,1556,0.76,101.4,3662,2851,1891,1819,21.6,10.8,175,1557,0.00,0.00,0.00,0.000,6,0.000,0.000,3663,2851,1855,1891,1819,0,0,0,0,0,0,26.48,26.49,26.49,8.51,42.40
$GC,1678,0.76,101.4,3662,2851,1891,1818,7.4,11.6,197,1685,0.00,1.60,0.00,0.000,260,0.000,0.057,3663,3872,1855,1891,1819,0,0,0,0,0,0,26.54,26.22,26.55,8.50,43.26
$STATE,1710,end climb,SURFACE_DEPTH_REACHED
$STATE,1710,begin surface coast
$FINISH,0.5,1.022538
$STATE,1731,end surface coast,CONTROL_FINISHED_OK
$STATE,1732,begin surface
$SM_CCo,1753,189.85,0.084,0,0,374,466.56
$SM_CCo,1947,-0.20,0.000,0,0,377,466.56
$SM_CCo,1951,0.43,0.104,0,0,374,466.56
$SM_GC,-17.71,9.88,0.90,0.43,0.092,0.025,0.104,211,3245,374,-9.95,1.98,466.56,0,0,0,0,0,0,26.22,26.36,26.01
$IRIDIUM_FIX,4749.48,-12223.11,080625,004108
$TT8_MAMPS,0.026215,0.280875
$HUMID,40.19
$INTERNAL_PRESSURE,8.33265
$TCM_TEMP,12.10
$XPDR_PINGS,1
$ALTIM_TOP_PING,19.3,40.4
$ALTIM_BOTTOM_PING,106.1,32.1
$24V_AH,24.60,15.904
$10V_AH,10.42,6.321
$FG_AHR_24Vo,0.000
$FG_AHR_10Vo,0.000
$DEVICES,Pitch_motor,Roll_motor,VBD_pump_during_apogee,VBD_pump_during_surface,VBD_valve,Iridium_during_init,Iridium_during_connect,Iridium_during_xfer,Transponder_ping,GUMSTIX_24V,GPS,TT8,LPSleep,TT8_Active,TT8_Sampling,TT8_CF8,TT8_Kalman,Analog_circuits,GPS_charging,Compass,RAFOS,Transponder,Compass2
$DEVICE_SECS,25.525,22.075,167.525,190.275,0.000,0.000,0.000,237.175,2.750,0.000,21.630,561.725,548.172,449.574,642.476,123.498,0.000,946.582,0.000,401.360,0.000,20.937,0.000
$DEVICE_MAMPS,286.110,56.610,713.745,104.040,0.000,0.000,0.000,87.975,420.000,0.000,30.710,14.960,2.190,14.960,43.420,53.160,0.000,15.000,0.000,8.990,0.000,30.000,0.000
$SENSORS,SBE_CT,AA4330,WL_blue_red_Chl_old_fw,nil,nil,nil,nil,nil,nil,nil
$SENSOR_SECS,138.373,273.903,276.600,0.000,0.000,0.000,0.000,0.000,0.000,0.000
$SENSOR_MAMPS,23.970,0.750,0.750,0.000,0.000,0.000,0.000,0.000,0.000,0.000
$MEM,335228
$DATA_FILE_SIZE,14164,207
$CAP_FILE_SIZE,42069,0
$CFSIZE,2097872896,2068054016
$ERRORS,0,0,0,0,0,0,0,0,0,0,0,0,0,0,1,0
$CURRENT,0.064,217.86,1
$GPS,080625,020238,4750.632,-12222.127,41,0.8,53,16.3,0.3,227.9,10,4.9
