version: 66.14
glider: 194
mission: 16
dive: 107
start: 6 3 125 19 27 28
data:
$ID,194
$MISSION,16
$DIVE,107
$N_DIVES,0
$STOP_T,0
$D_SURF,3
$D_FLARE,2
$D_TGT,140
$D_ABORT,1090
$D_NO_BLEED,50
$D_BOOST,3
$T_BOOST,0
$D_FINISH,0
$D_PITCH,0
$D_SAFE,0
$D_CALL,0
$SURFACE_URGENCY,0
$SURFACE_URGENCY_TRY,0
$SURFACE_URGENCY_FORCE,0
$T_DIVE,50
$T_MISSION,65
$T_ABORT,1440
$T_TURN,300
$T_TURN_SAMPINT,5
$T_NO_W,120
$T_LOITER,0
$T_SLOITER,60
$T_EPIRB,0
$USE_BATHY,0
$USE_ICE,0
$ICE_FREEZE_MARGIN,0.30000001
$D_OFFGRID,100
$T_WATCHDOG,10
$RELAUNCH,1
$APOGEE_PITCH,-8
$MAX_BUOY,150
$COURSE_BIAS,0
$GLIDE_SLOPE,30
$SPEED_FACTOR,1
$RHO,1.023
$MASS,53609
$MASS_COMP,0
$NAV_MODE,2
$FERRY_MAX,45
$KALMAN_USE,2
$HD_A,0.003
$HD_B,0.0099999998
$HD_C,9.9999997e-06
$HEADING,-1
$ESCAPE_HEADING,0
$ESCAPE_HEADING_DELTA,10
$FIX_MISSING_TIMEOUT,0
$TGT_DEFAULT_LAT,4736
$TGT_DEFAULT_LON,-12225
$TGT_AUTO_DEFAULT,0
$SM_CC,535
$N_FILEKB,4
$FILEMGR,0
$CALL_NDIVES,1
$COMM_SEQ,0
$PROTOCOL,9
$N_NOCOMM,1
$NOCOMM_ACTION,0
$N_NOSURFACE,0
$UPLOAD_DIVES_MAX,-1
$CALL_TRIES,5
$CALL_WAIT,60
$CAPUPLOAD,1
$CAPMAXSIZE,200000
$HEAPDBG,0
$T_GPS,15
$N_GPS,50840
$T_RSLEEP,0
$STROBE,0
$RAFOS_PEAK_OFFSET,1.5
$RAFOS_CORR_THRESH,60
$RAFOS_HIT_WINDOW,3600
$RAFOS_MMODEM,0
$PITCH_MIN,199
$PITCH_MAX,3894
$C_PITCH,3411
$PITCH_DBAND,0.1
$PITCH_CNV,0.003125763
$P_OVSHOOT,0.039999999
$P_OVSHOOT_WITHG,0.1
$PITCH_GAIN,23
$PITCH_TIMEOUT,17
$PITCH_AD_RATE,160
$PITCH_MAXERRORS,1
$PITCH_ADJ_GAIN,0.02
$PITCH_ADJ_DBAND,2.5
$ROLL_MIN,291
$ROLL_MAX,3873
$ROLL_DEG,40
$C_ROLL_DIVE,3034
$C_ROLL_CLIMB,2750
$HEAD_ERRBAND,10
$ROLL_CNV,0.028270001
$ROLL_TIMEOUT,15
$R_PORT_OVSHOOT,81
$R_STBD_OVSHOOT,35
$ROLL_AD_RATE,350
$ROLL_MAXERRORS,2
$ROLL_ADJ_GAIN,0
$ROLL_ADJ_DBAND,0
$VBD_MIN,375
$VBD_MAX,3900
$C_VBD,2329
$VBD_DBAND,2
$VBD_CNV,-0.24529999
$VBD_LP_IGNORE,0
$VBD_TIMEOUT,720
$PITCH_VBD_SHIFT,0.001
$VBD_PUMP_AD_RATE_SURFACE,5
$VBD_PUMP_AD_RATE_APOGEE,4
$VBD_BLEED_AD_RATE,8
$UNCOM_BLEED,60
$VBD_MAXERRORS,1
$W_ADJ_DBAND,2
$DBDW,0
$PITCH_W_GAIN,0
$PITCH_W_DBAND,1
$CF8_MAXERRORS,5
$AH0_24V,142
$AH0_10V,95
$MINV_24V,19
$MINV_10V,8
$MAXI_24V,0.80000001
$MAXI_10V,0.60000002
$FG_AHR_10V,0
$FG_AHR_24V,0
$PHONE_SUPPLY,-2
$PRESSURE_YINT,-38.315674
$PRESSURE_SLOPE,0.0001158091
$AD7714Ch0Gain,128
$TCM_PITCH_OFFSET,0
$TCM_ROLL_OFFSET,0
$COMPASS_USE,4
$ALTIM_BOTTOM_PING_RANGE,0
$ALTIM_TOP_PING_RANGE,20
$ALTIM_BOTTOM_TURN_MARGIN,25
$ALTIM_TOP_TURN_MARGIN,0
$ALTIM_TOP_MIN_OBSTACLE,1
$ALTIM_PING_DEPTH,80
$ALTIM_PING_DELTA,5
$ALTIM_FREQUENCY,13
$ALTIM_PULSE,3
$ALTIM_SENSITIVITY,3
$XPDR_VALID,3
$XPDR_INHIBIT,90
$INT_PRESSURE_SLOPE,0.0097660003
$INT_PRESSURE_YINT,1.223
$DEEPGLIDER,0
$MOTHERBOARD,4
$DEVICE1,2
$DEVICE2,101
$DEVICE3,35
$DEVICE4,-1
$DEVICE5,-1
$DEVICE6,-1
$LOGGERS,0
$LOGGERDEVICE1,-1
$LOGGERDEVICE2,-1
$LOGGERDEVICE3,-1
$LOGGERDEVICE4,-1
$COMPASS_DEVICE,33
$COMPASS2_DEVICE,-1
$PHONE_DEVICE,49
$GPS_DEVICE,32
$RAFOS_DEVICE,-1
$XPDR_DEVICE,24
$SIM_W,0
$SIM_PITCH,0
$SEABIRD_T_G,0.0044373036
$SEABIRD_T_H,0.00066103507
$SEABIRD_T_I,2.7719814e-05
$SEABIRD_T_J,3.4688812e-06
$SEABIRD_C_G,-10.004086
$SEABIRD_C_H,1.1698962
$SEABIRD_C_I,-0.0014983811
$SEABIRD_C_J,0.00019441421
$SEABIRD_C_Z,2927.3301
$GPS1,030625,191931,4750.5488,-12223.6689,41,0.8,52,16.3,0.0,0.0,10,5.0
$_CALLS,1
$_XMS_NAKs,0
$_XMS_TOUTs,0
$_SM_DEPTHo,-17.15
$_SM_ANGLEo,-76.5
$GPS2,030625,192649,4750.5444,-12223.6816,8,0.8,19,16.3,0.0,334.0,10,4.8
$SPEED_LIMITS,0.162,0.254
$TGT_NAME,EAST_194
$TGT_LATLONG,4750.700,-12222.000
$TGT_RADIUS,400.000
$KALMAN_CONTROL,0.000000,0.000000
$KALMAN_X,0.000000,0.000000,0.000000,0.000000,0.000000
$KALMAN_Y,0.000000,0.000000,0.000000,0.000000,0.000000
$MHEAD_RNG_PITCHd_Wd,59.7,2110,-16.4,-9.333,-20.17,2382
$D_GRID,140
$GCHEAD,st_secs,pitch_ctl,vbd_ctl,pitch_ad_start,roll_ad_start,vbd_pot1_ad_start,vbd_pot2_ad_start,depth,ob_vertv,data_pts,end_secs,pitch_secs,roll_secs,vbd_secs,vbd_i,gcphase,pitch_i,roll_i,pitch_ad,roll_ad,vbd_ad,vbd_pot1_ad,vbd_pot2_ad,pitch_retries,pitch_errors,roll_retries,roll_errors,vbd_retries,vbd_errors,pitch_volts,roll_volts,vbd_volts,int_press,humidity
$STATE,5,end surface,CONTROL_FINISHED_OK
$STATE,5,begin dive
$GC,71,-0.86,-146.6,215,3041,349,394,-16.7,-0.2,12,167,0.00,0.00,-90.65,0.000,16390,0.000,0.000,216,3042,2929,2953,2905,0,0,0,0,0,0,26.36,25.14,26.37,8.35,41.21
$GC,171,-0.86,-146.6,216,3042,2952,2905,-12.5,-10.2,29,190,12.90,1.27,0.00,0.000,2308,0.282,0.043,3124,3880,2930,2959,2902,0,0,0,0,0,0,25.79,26.05,25.96,8.58,41.29
$GC,312,-0.53,-146.6,3123,3881,2965,2897,27.8,-25.1,52,320,0.35,1.20,0.00,0.000,3078,0.181,0.025,3237,3038,2931,2966,2896,0,0,0,0,0,0,25.99,26.26,26.17,8.59,41.45
$GC,439,-0.53,-146.6,3236,3038,2970,2894,44.3,-10.5,65,442,0.00,1.33,0.00,0.000,260,0.000,0.061,3237,3852,2932,2970,2894,0,0,0,0,0,0,26.53,26.21,26.53,8.59,41.84
$GC,463,-0.53,-146.6,3236,3853,2970,2894,46.7,-10.9,67,470,0.00,1.17,0.00,0.000,1030,0.000,0.029,3237,3053,2932,2970,2894,0,0,0,0,0,0,26.34,26.32,26.34,8.59,41.73
$GC,590,-0.53,-146.6,3236,3053,2971,2894,60.3,-10.6,80,594,0.00,1.33,0.00,0.000,260,0.000,0.065,3237,3863,2932,2971,2894,0,0,0,0,0,0,26.58,26.24,26.60,8.59,42.43
$GC,663,-0.53,-146.6,3236,3863,2971,2894,67.6,-9.6,87,666,0.00,1.23,0.00,0.000,1030,0.000,0.029,3237,3030,2932,2971,2894,0,0,0,0,0,0,26.41,26.38,26.42,8.59,41.92
$GC,796,-0.53,-146.6,3236,3029,2971,2894,80.4,-10.4,100,806,0.00,2.08,0.00,0.000,516,0.000,0.030,3237,1633,2932,2971,2894,0,0,0,0,0,0,26.63,26.38,26.64,8.59,42.40
$GC,829,-0.53,-146.6,3236,1633,2971,2894,84.1,-11.0,103,838,0.00,2.20,0.00,0.000,1030,0.000,0.059,3237,3020,2932,2971,2893,0,0,0,0,0,0,26.37,26.32,26.41,8.59,41.92
$GC,959,-0.53,-146.6,3236,3020,2971,2893,97.3,-10.2,116,962,0.00,1.38,0.00,0.000,260,0.000,0.067,3237,3867,2932,2971,2893,0,0,0,0,0,0,26.67,26.34,26.68,8.59,42.79
$GC,1076,-0.53,-146.6,3237,3868,2971,2893,108.6,-9.8,127,1083,0.00,1.23,0.00,0.000,1030,0.000,0.029,3237,3035,2932,2971,2893,0,0,0,0,0,0,26.49,26.46,26.51,8.59,42.00
$GC,1265,-0.53,-146.6,3236,3035,2971,2893,125.4,-8.7,146,1268,0.00,1.38,0.00,0.000,260,0.000,0.064,3236,3879,2932,2971,2893,0,0,0,0,0,0,26.73,26.40,26.74,8.59,42.43
$GC,1389,-0.53,-146.6,3236,3880,2971,2893,138.0,-10.2,158,1395,0.00,1.25,0.00,0.000,1030,0.000,0.028,3237,3023,2932,2971,2893,0,0,0,0,0,0,26.54,26.53,26.56,8.59,42.28
$STATE,1405,end dive,TARGET_DEPTH_EXCEEDED
$STATE,1405,begin apogee
$GC,1412,-0.35,0.0,3237,2746,2971,2893,140.0,-10.9,160,1537,0.15,0.00,116.05,0.750,10246,0.154,0.000,3292,2746,2329,2370,2289,0,0,0,0,0,0,26.35,24.98,24.58,8.59,42.36
$STATE,1538,end apogee,CONTROL_FINISHED_OK
$STATE,1538,begin climb
$GC,1541,0.86,146.6,3292,2747,2370,2288,146.9,0.0,173,1672,1.12,2.22,121.07,0.727,11012,0.125,0.031,3661,1356,1729,1770,1688,0,0,0,0,0,0,25.25,25.05,24.49,8.54,41.61
$GC,1744,0.73,146.6,3661,1356,1767,1687,127.9,13.7,193,1752,0.00,2.25,0.00,0.000,1030,0.000,0.048,3661,2757,1727,1767,1687,0,0,0,0,0,0,25.72,25.62,25.73,8.48,41.33
$GC,1931,0.56,146.6,3661,2757,1766,1686,100.7,14.0,212,1941,0.22,1.73,0.00,0.000,4356,0.158,0.053,3592,3866,1725,1765,1685,0,0,0,0,0,0,25.86,25.97,25.96,8.48,41.96
$GC,2047,0.47,146.6,3591,3866,1764,1685,88.3,10.0,223,2051,0.00,1.62,0.00,0.000,1030,0.000,0.021,3592,2710,1725,1765,1685,0,0,0,0,0,0,26.22,26.18,26.23,8.48,42.04
$GC,2179,0.47,146.6,3592,2707,1765,1685,77.0,8.3,236,2189,0.00,1.98,0.00,0.000,516,0.000,0.031,3592,1385,1724,1765,1684,0,0,0,0,0,0,26.48,26.21,26.48,8.48,42.40
$GC,2225,0.47,146.6,3592,1384,1764,1684,73.6,8.0,240,2233,0.00,2.12,0.00,0.000,1030,0.000,0.045,3592,2754,1724,1764,1684,0,0,0,0,0,0,26.29,26.20,26.31,8.48,42.32
$GC,2352,0.47,146.6,3591,2754,1763,1684,63.6,7.9,253,2354,0.00,0.00,0.00,0.000,6,0.000,0.000,3593,2754,1724,1764,1684,0,0,0,0,0,0,26.55,26.56,26.56,8.48,42.71
$GC,2472,0.47,146.6,3592,2754,1764,1684,54.2,7.5,265,2474,0.00,0.00,0.00,0.000,6,0.000,0.000,3592,2754,1724,1764,1684,0,0,0,0,0,0,26.60,26.60,26.60,8.47,42.63
$GC,2593,0.52,198.3,3592,2754,1764,1684,44.9,7.1,277,2642,0.00,1.77,41.33,0.681,8452,0.000,0.053,3592,3866,1517,1566,1469,0,0,0,0,0,0,26.63,25.52,25.13,8.48,42.51
$GC,2707,0.52,198.3,3592,3866,1565,1469,35.7,9.0,288,2710,0.00,1.58,0.00,0.000,1030,0.000,0.022,3592,2753,1517,1565,1469,0,0,0,0,0,0,26.05,26.01,26.06,8.45,42.24
$GC,2839,0.57,250.5,3592,2751,1565,1468,26.1,7.1,301,2888,0.00,2.10,41.38,0.662,8708,0.000,0.028,3592,1382,1303,1354,1253,0,0,0,0,0,0,26.38,25.34,24.96,8.46,42.40
$GC,2931,0.72,304.7,3592,1381,1353,1254,19.6,7.0,310,2981,0.10,2.17,42.45,0.646,11270,0.086,0.045,3652,2755,1084,1132,1036,0,0,0,0,0,0,25.79,25.77,24.79,8.43,42.08
$GC,3046,0.72,304.7,3651,2755,1132,1035,7.5,10.3,330,3052,0.00,1.80,0.00,0.000,260,0.000,0.058,3652,3872,1083,1131,1035,0,0,0,0,0,0,26.01,25.70,26.03,8.42,42.12
$GC,3075,0.72,304.7,3651,3872,1131,1035,3.8,11.7,335,3082,0.00,1.60,0.00,0.000,1030,0.000,0.025,3652,2781,1082,1131,1034,0,0,0,0,0,0,25.92,25.88,25.94,8.42,41.77
$STATE,3088,end climb,SURFACE_DEPTH_REACHED
$STATE,3088,begin surface coast
$FINISH,-0.3,1.022553
$STATE,3110,end surface coast,CONTROL_FINISHED_OK
$STATE,3110,begin surface
$SM_CCo,3130,93.15,0.084,0,0,374,479.32
$SM_CCo,3227,-0.17,0.000,0,0,376,479.32
$SM_CCo,3232,0.30,0.097,0,0,374,479.32
$SM_GC,-16.99,9.62,0.43,0.30,0.071,0.060,0.097,212,3037,374,-9.94,-0.88,479.32,0,0,0,0,0,0,25.87,25.88,25.86
$IRIDIUM_FIX,4750.93,-12223.11,030625,181717
$TT8_MAMPS,0.026964,0.23968
$HUMID,41.45
$INTERNAL_PRESSURE,8.31312
$TCM_TEMP,11.60
$XPDR_PINGS,0
$ALTIM_TOP_PING,19.9,40.9
$ALTIM_BOTTOM_PING,105.4,58.1
$24V_AH,24.49,8.162
$10V_AH,10.52,3.146
$FG_AHR_24Vo,0.000
$FG_AHR_10Vo,0.000
$DEVICES,Pitch_motor,Roll_motor,VBD_pump_during_apogee,VBD_pump_during_surface,VBD_valve,Iridium_during_init,Iridium_during_connect,Iridium_during_xfer,Transponder_ping,GUMSTIX_24V,GPS,TT8,LPSleep,TT8_Active,TT8_Sampling,TT8_CF8,TT8_Kalman,Analog_circuits,GPS_charging,Compass,RAFOS,Transponder,Compass2
$DEVICE_SECS,24.475,40.775,362.275,93.450,0.000,0.000,0.000,326.325,2.250,0.000,20.609,864.425,1145.722,535.293,986.320,165.847,0.000,1291.791,0.000,656.516,0.000,18.202,0.000
$DEVICE_MAMPS,282.285,67.320,749.700,97.155,0.000,0.000,0.000,87.975,420.000,0.000,30.710,14.960,2.190,14.960,43.420,53.160,0.000,15.000,0.000,8.990,0.000,30.000,0.000
$SENSORS,SBE_CT,AA4330,WL_blue_red_Chl_old_fw,nil,nil,nil,nil,nil,nil,nil
$SENSOR_SECS,227.595,451.063,455.516,0.000,0.000,0.000,0.000,0.000,0.000,0.000
$SENSOR_MAMPS,23.970,0.750,0.750,0.000,0.000,0.000,0.000,0.000,0.000,0.000
$MEM,335068
$DATA_FILE_SIZE,24479,341
$CAP_FILE_SIZE,62093,0
$CFSIZE,2097872896,2079457280
$ERRORS,0,0,0,0,0,0,0,0,0,0,0,0,0,0,2,0
$CURRENT,0.028,147.13,1
$GPS,030625,202249,4750.563,-12223.124,27,1.2,44,16.3,0.0,0.0,8,4.8
