version: 66.14
glider: 194
mission: 16
dive: 306
start: 6 10 125 19 59 33
data:
$ID,194
$MISSION,16
$DIVE,306
$N_DIVES,0
$STOP_T,0
$D_SURF,3
$D_FLARE,2
$D_TGT,150
$D_ABORT,1090
$D_NO_BLEED,50
$D_BOOST,3
$T_BOOST,0
$D_FINISH,0
$D_PITCH,0
$D_SAFE,0
$D_CALL,0
$SURFACE_URGENCY,0
$SURFACE_URGENCY_TRY,0
$SURFACE_URGENCY_FORCE,0
$T_DIVE,50
$T_MISSION,65
$T_ABORT,1440
$T_TURN,300
$T_TURN_SAMPINT,5
$T_NO_W,120
$T_LOITER,0
$T_SLOITER,60
$T_EPIRB,0
$USE_BATHY,0
$USE_ICE,0
$ICE_FREEZE_MARGIN,0.30000001
$D_OFFGRID,100
$T_WATCHDOG,10
$RELAUNCH,1
$APOGEE_PITCH,-8
$MAX_BUOY,150
$COURSE_BIAS,0
$GLIDE_SLOPE,30
$SPEED_FACTOR,1
$RHO,1.023
$MASS,53609
$MASS_COMP,0
$NAV_MODE,2
$FERRY_MAX,45
$KALMAN_USE,2
$HD_A,0.003
$HD_B,0.0099999998
$HD_C,9.9999997e-06
$HEADING,-1
$ESCAPE_HEADING,0
$ESCAPE_HEADING_DELTA,10
$FIX_MISSING_TIMEOUT,0
$TGT_DEFAULT_LAT,4736
$TGT_DEFAULT_LON,-12225
$TGT_AUTO_DEFAULT,0
$SM_CC,535
$N_FILEKB,4
$FILEMGR,0
$CALL_NDIVES,1
$COMM_SEQ,0
$PROTOCOL,9
$N_NOCOMM,1
$NOCOMM_ACTION,0
$N_NOSURFACE,0
$UPLOAD_DIVES_MAX,-1
$CALL_TRIES,5
$CALL_WAIT,60
$CAPUPLOAD,1
$CAPMAXSIZE,200000
$HEAPDBG,0
$T_GPS,15
$N_GPS,50840
$T_RSLEEP,0
$STROBE,0
$RAFOS_PEAK_OFFSET,1.5
$RAFOS_CORR_THRESH,60
$RAFOS_HIT_WINDOW,3600
$RAFOS_MMODEM,0
$PITCH_MIN,199
$PITCH_MAX,3894
$C_PITCH,3411
$PITCH_DBAND,0.1
$PITCH_CNV,0.003125763
$P_OVSHOOT,0.039999999
$P_OVSHOOT_WITHG,0.1
$PITCH_GAIN,23
$PITCH_TIMEOUT,17
$PITCH_AD_RATE,160
$PITCH_MAXERRORS,1
$PITCH_ADJ_GAIN,0.02
$PITCH_ADJ_DBAND,2.5
$ROLL_MIN,291
$ROLL_MAX,3873
$ROLL_DEG,40
$C_ROLL_DIVE,3014
$C_ROLL_CLIMB,2850
$HEAD_ERRBAND,10
$ROLL_CNV,0.028270001
$ROLL_TIMEOUT,15
$R_PORT_OVSHOOT,47
$R_STBD_OVSHOOT,22
$ROLL_AD_RATE,350
$ROLL_MAXERRORS,2
$ROLL_ADJ_GAIN,0
$ROLL_ADJ_DBAND,0
$VBD_MIN,375
$VBD_MAX,3900
$C_VBD,2277
$VBD_DBAND,2
$VBD_CNV,-0.24529999
$VBD_LP_IGNORE,0
$VBD_TIMEOUT,720
$PITCH_VBD_SHIFT,0.001
$VBD_PUMP_AD_RATE_SURFACE,5
$VBD_PUMP_AD_RATE_APOGEE,4
$VBD_BLEED_AD_RATE,8
$UNCOM_BLEED,60
$VBD_MAXERRORS,1
$W_ADJ_DBAND,2
$DBDW,0
$PITCH_W_GAIN,0
$PITCH_W_DBAND,1
$CF8_MAXERRORS,5
$AH0_24V,142
$AH0_10V,95
$MINV_24V,19
$MINV_10V,8
$MAXI_24V,0.80000001
$MAXI_10V,0.60000002
$FG_AHR_10V,0
$FG_AHR_24V,0
$PHONE_SUPPLY,-2
$PRESSURE_YINT,-38.315674
$PRESSURE_SLOPE,0.0001158091
$AD7714Ch0Gain,128
$TCM_PITCH_OFFSET,0
$TCM_ROLL_OFFSET,0
$COMPASS_USE,4
$ALTIM_BOTTOM_PING_RANGE,0
$ALTIM_TOP_PING_RANGE,20
$ALTIM_BOTTOM_TURN_MARGIN,25
$ALTIM_TOP_TURN_MARGIN,0
$ALTIM_TOP_MIN_OBSTACLE,1
$ALTIM_PING_DEPTH,80
$ALTIM_PING_DELTA,5
$ALTIM_FREQUENCY,13
$ALTIM_PULSE,3
$ALTIM_SENSITIVITY,3
$XPDR_VALID,3
$XPDR_INHIBIT,90
$INT_PRESSURE_SLOPE,0.0097660003
$INT_PRESSURE_YINT,1.223
$DEEPGLIDER,0
$MOTHERBOARD,4
$DEVICE1,2
$DEVICE2,101
$DEVICE3,35
$DEVICE4,-1
$DEVICE5,-1
$DEVICE6,-1
$LOGGERS,0
$LOGGERDEVICE1,-1
$LOGGERDEVICE2,-1
$LOGGERDEVICE3,-1
$LOGGERDEVICE4,-1
$COMPASS_DEVICE,33
$COMPASS2_DEVICE,-1
$PHONE_DEVICE,49
$GPS_DEVICE,32
$RAFOS_DEVICE,-1
$XPDR_DEVICE,24
$SIM_W,0
$SIM_PITCH,0
$SEABIRD_T_G,0.0044373036
$SEABIRD_T_H,0.00066103507
$SEABIRD_T_I,2.7719814e-05
$SEABIRD_T_J,3.4688812e-06
$SEABIRD_C_G,-10.004086
$SEABIRD_C_H,1.1698962
$SEABIRD_C_I,-0.0014983811
$SEABIRD_C_J,0.00019441421
$SEABIRD_C_Z,2927.3301
$GPS1,100625,195142,4750.8022,-12224.9170,47,0.9,57,16.3,0.0,0.0,9,5.0
$_CALLS,1
$_XMS_NAKs,0
$_XMS_TOUTs,0
$_SM_DEPTHo,-20.80
$_SM_ANGLEo,-74.5
$GPS2,100625,195856,4750.7861,-12224.9746,8,0.9,19,16.3,0.2,345.7,9,5.0
$SPEED_LIMITS,0.173,0.260
$TGT_NAME,WEST_194
$TGT_LATLONG,4750.700,-12226.500
$TGT_RADIUS,400.000
$KALMAN_CONTROL,0.000000,0.000000
$KALMAN_X,0.000000,0.000000,0.000000,0.000000,0.000000
$KALMAN_Y,0.000000,0.000000,0.000000,0.000000,0.000000
$MHEAD_RNG_PITCHd_Wd,258.8,1902,-17.4,-10.000,-21.00,2234
$D_GRID,150
$GCHEAD,st_secs,pitch_ctl,vbd_ctl,pitch_ad_start,roll_ad_start,vbd_pot1_ad_start,vbd_pot2_ad_start,depth,ob_vertv,data_pts,end_secs,pitch_secs,roll_secs,vbd_secs,vbd_i,gcphase,pitch_i,roll_i,pitch_ad,roll_ad,vbd_ad,vbd_pot1_ad,vbd_pot2_ad,pitch_retries,pitch_errors,roll_retries,roll_errors,vbd_retries,vbd_errors,pitch_volts,roll_volts,vbd_volts,int_press,humidity
$STATE,4,end surface,CONTROL_FINISHED_OK
$STATE,4,begin dive
$GC,71,-0.90,-146.6,208,3013,342,402,-20.4,0.1,12,165,0.00,0.00,-87.10,0.000,16390,0.000,0.000,208,3014,2877,2894,2861,0,0,0,0,0,0,26.40,25.60,26.41,8.39,42.20
$GC,169,-0.90,-146.6,208,3014,2894,2861,-17.3,-7.2,28,188,13.23,1.35,0.00,0.000,2820,0.287,0.041,3109,3895,2878,2897,2860,0,0,0,0,0,0,25.71,26.02,25.89,8.62,42.55
$GC,207,0.00,-146.6,3109,3896,2901,2856,-3.5,-34.5,34,214,1.00,1.30,0.00,0.000,3078,0.221,0.024,3382,2989,2879,2903,2855,0,0,0,0,0,0,25.76,26.21,26.04,8.62,41.65
$GC,278,-0.26,-146.6,3382,2989,2909,2851,3.8,-4.6,47,286,0.10,2.00,0.00,0.000,4612,0.093,0.024,3317,1640,2879,2909,2850,0,0,0,0,0,0,26.21,26.19,26.25,8.62,41.96
$GC,467,-0.40,-146.6,3317,1640,2909,2850,16.3,-5.8,83,475,0.00,2.17,0.00,0.000,5126,0.000,0.053,3317,3017,2879,2909,2850,0,0,0,0,0,0,26.34,26.21,26.36,8.63,42.55
$GC,539,-0.52,-146.6,3317,3016,2909,2850,20.7,-6.1,95,544,0.12,1.35,0.00,0.000,4356,0.077,0.061,3226,3878,2879,2909,2850,0,0,0,0,0,0,26.35,26.23,26.37,8.63,42.91
$GC,575,-0.52,-146.6,3226,3878,2910,2850,23.9,-8.3,98,582,0.00,1.25,0.00,0.000,1030,0.000,0.028,3226,3028,2880,2910,2850,0,0,0,0,0,0,26.39,26.37,26.41,8.63,42.32
$GC,702,-0.52,-146.6,3226,3028,2910,2850,37.1,-9.7,111,707,0.00,2.10,0.00,0.000,516,0.000,0.027,3226,1615,2880,2910,2850,0,0,0,0,0,0,26.64,26.35,26.65,8.63,42.67
$GC,735,-0.52,-146.6,3226,1615,2910,2850,40.1,-9.4,114,744,0.00,2.22,0.00,0.000,1030,0.000,0.054,3226,3014,2880,2910,2850,0,0,0,0,0,0,26.40,26.29,26.42,8.62,42.04
$GC,865,-0.52,-146.6,3225,3013,2910,2850,52.9,-10.2,127,869,0.00,1.38,0.00,0.000,260,0.000,0.063,3226,3865,2880,2910,2850,0,0,0,0,0,0,26.67,26.31,26.68,8.62,42.32
$GC,1080,-0.52,-146.6,3226,3865,2910,2850,73.8,-9.4,148,1087,0.00,1.25,0.00,0.000,1030,0.000,0.026,3226,2995,2880,2910,2850,0,0,0,0,0,0,26.51,26.49,26.53,8.62,42.71
$GC,1212,-0.52,-146.6,3226,2995,2910,2850,85.2,-8.6,161,1216,0.00,1.42,0.00,0.000,260,0.000,0.060,3226,3874,2880,2910,2850,0,0,0,0,0,0,26.72,26.38,26.72,8.62,42.87
$GC,1294,-0.52,-146.6,3225,3874,2910,2850,92.3,-8.3,169,1299,0.00,1.23,0.00,0.000,1030,0.000,0.027,3226,3024,2880,2910,2850,0,0,0,0,0,0,26.53,26.51,26.55,8.62,43.46
$GC,1427,-0.52,-146.6,3226,3024,2910,2850,102.4,-8.3,182,1428,0.00,0.00,0.00,0.000,6,0.000,0.000,3226,3024,2880,2910,2850,0,0,0,0,0,0,26.75,26.76,26.76,8.62,42.83
$GC,1547,-0.52,-146.6,3225,3024,2910,2850,112.1,-8.3,194,1548,0.00,0.00,0.00,0.000,6,0.000,0.000,3226,3024,2880,2910,2850,0,0,0,0,0,0,26.76,26.77,26.77,8.62,43.34
$GC,1667,-0.52,-146.6,3226,3024,2910,2850,121.3,-7.1,206,1671,0.00,1.38,0.00,0.000,260,0.000,0.057,3226,3881,2880,2910,2850,0,0,0,0,0,0,26.77,26.42,26.78,8.61,42.51
$STATE,1697,end dive,BOTTOM_OBSTACLE_DETECTED
$STATE,1697,begin apogee
$GC,1705,-0.35,0.0,3226,2845,2910,2850,123.9,-7.8,209,1830,0.20,0.00,116.53,0.715,10246,0.148,0.000,3295,2844,2275,2315,2235,0,0,0,0,0,0,26.29,25.08,24.70,8.61,42.79
$STATE,1831,end apogee,CONTROL_FINISHED_OK
$STATE,1831,begin climb
$GC,1834,0.90,146.6,3295,2844,2315,2235,128.1,0.0,222,1964,1.15,2.17,119.93,0.695,10756,0.115,0.028,3677,1446,1676,1709,1644,0,0,0,0,0,0,25.32,25.15,24.63,8.56,42.20
$GC,2093,0.74,146.6,3677,1446,1706,1644,93.2,16.4,248,2102,0.00,2.22,0.00,0.000,1030,0.000,0.045,3677,2852,1674,1706,1643,0,0,0,0,0,0,25.86,25.83,25.90,8.51,41.53
$GC,2223,0.52,146.6,3677,2852,1706,1643,69.8,17.2,261,2225,0.32,0.00,0.00,0.000,4102,0.155,0.000,3582,2852,1674,1706,1643,0,0,0,0,0,0,25.85,26.08,26.03,8.50,42.24
$GC,2343,0.52,146.6,3581,2852,1706,1642,56.0,9.8,273,2344,0.00,0.00,0.00,0.000,6,0.000,0.000,3582,2852,1674,1706,1642,0,0,0,0,0,0,26.44,26.45,26.44,8.50,42.67
$GC,2464,0.60,228.1,3581,2852,1706,1642,46.8,6.3,285,2533,0.00,1.70,63.97,0.653,8452,0.000,0.053,3582,3881,1345,1388,1302,0,0,0,0,0,0,26.51,25.43,24.88,8.50,43.10
$GC,2577,0.60,228.1,3581,3880,1388,1301,38.6,8.1,296,2580,0.00,1.55,0.00,0.000,1030,0.000,0.021,3582,2799,1344,1387,1301,0,0,0,0,0,0,25.85,25.84,25.86,8.47,41.88
$GC,2710,0.66,228.1,3581,2797,1387,1299,28.2,8.5,309,2714,0.05,2.03,0.00,0.000,2564,0.148,0.028,3649,1446,1343,1387,1299,0,0,0,0,0,0,26.09,26.00,26.12,8.46,42.32
$GC,2782,0.66,228.1,3649,1446,1387,1299,20.0,11.5,316,2795,0.00,2.22,0.00,0.000,1030,0.000,0.047,3649,2850,1342,1386,1298,0,0,0,0,0,0,26.15,26.06,26.17,8.46,42.51
$STATE,2908,end climb,SURFACE_DEPTH_REACHED
$STATE,2908,begin surface coast
$FINISH,0.1,1.022370
$STATE,2929,end surface coast,CONTROL_FINISHED_OK
$STATE,2929,begin surface
$SM_CCo,2951,126.60,0.089,0,0,371,466.56
$SM_CCo,3081,-0.20,0.000,0,0,377,466.32
$SM_CCo,3086,0.45,0.090,0,0,373,466.56
$SM_GC,-20.80,9.70,0.28,0.45,0.083,0.065,0.090,211,3036,373,-9.95,-0.57,466.56,0,0,0,0,0,0,26.15,26.21,26.01
$IRIDIUM_FIX,4754.10,-12217.68,100625,185542
$TT8_MAMPS,0.026215,0.244174
$HUMID,41.45
$INTERNAL_PRESSURE,8.34241
$TCM_TEMP,12.00
$XPDR_PINGS,0
$ALTIM_TOP_PING,19.0,44.5
$ALTIM_BOTTOM_PING,95.4,52.9
$24V_AH,24.63,20.883
$10V_AH,10.46,8.437
$FG_AHR_24Vo,0.000
$FG_AHR_10Vo,0.000
$DEVICES,Pitch_motor,Roll_motor,VBD_pump_during_apogee,VBD_pump_during_surface,VBD_valve,Iridium_during_init,Iridium_during_connect,Iridium_during_xfer,Transponder_ping,GUMSTIX_24V,GPS,TT8,LPSleep,TT8_Active,TT8_Sampling,TT8_CF8,TT8_Kalman,Analog_circuits,GPS_charging,Compass,RAFOS,Transponder,Compass2
$DEVICE_SECS,25.875,34.125,300.425,127.050,0.000,0.000,0.000,319.325,1.750,0.000,21.029,890.625,1025.838,507.419,958.170,164.515,0.000,1229.628,0.000,641.208,0.000,14.947,0.000
$DEVICE_MAMPS,286.875,65.025,714.510,89.505,0.000,0.000,0.000,87.975,420.000,0.000,30.710,14.960,2.190,14.960,43.420,53.160,0.000,15.000,0.000,8.990,0.000,30.000,0.000
$SENSORS,SBE_CT,AA4330,WL_blue_red_Chl_old_fw,nil,nil,nil,nil,nil,nil,nil
$SENSOR_SECS,230.740,454.358,458.801,0.000,0.000,0.000,0.000,0.000,0.000,0.000
$SENSOR_MAMPS,23.970,0.750,0.750,0.000,0.000,0.000,0.000,0.000,0.000,0.000
$MEM,335020
$DATA_FILE_SIZE,24467,343
$CAP_FILE_SIZE,59692,0
$CFSIZE,2097872896,2059894784
$ERRORS,0,0,0,0,0,0,0,0,0,0,0,0,0,0,2,0
$CURRENT,0.103,125.19,1
$GPS,100625,205242,4750.752,-12225.112,42,1.0,57,16.3,0.0,0.0,8,5.0
