version: 66.14
glider: 194
mission: 16
dive: 177
start: 6 6 125 9 31 45
data:
$ID,194
$MISSION,16
$DIVE,177
$N_DIVES,0
$STOP_T,0
$D_SURF,3
$D_FLARE,2
$D_TGT,150
$D_ABORT,1090
$D_NO_BLEED,50
$D_BOOST,3
$T_BOOST,0
$D_FINISH,0
$D_PITCH,0
$D_SAFE,0
$D_CALL,0
$SURFACE_URGENCY,0
$SURFACE_URGENCY_TRY,0
$SURFACE_URGENCY_FORCE,0
$T_DIVE,50
$T_MISSION,65
$T_ABORT,1440
$T_TURN,300
$T_TURN_SAMPINT,5
$T_NO_W,120
$T_LOITER,0
$T_SLOITER,60
$T_EPIRB,0
$USE_BATHY,0
$USE_ICE,0
$ICE_FREEZE_MARGIN,0.30000001
$D_OFFGRID,100
$T_WATCHDOG,10
$RELAUNCH,1
$APOGEE_PITCH,-8
$MAX_BUOY,150
$COURSE_BIAS,0
$GLIDE_SLOPE,30
$SPEED_FACTOR,1
$RHO,1.023
$MASS,53609
$MASS_COMP,0
$NAV_MODE,2
$FERRY_MAX,45
$KALMAN_USE,2
$HD_A,0.003
$HD_B,0.0099999998
$HD_C,9.9999997e-06
$HEADING,-1
$ESCAPE_HEADING,0
$ESCAPE_HEADING_DELTA,10
$FIX_MISSING_TIMEOUT,0
$TGT_DEFAULT_LAT,4736
$TGT_DEFAULT_LON,-12225
$TGT_AUTO_DEFAULT,0
$SM_CC,535
$N_FILEKB,4
$FILEMGR,0
$CALL_NDIVES,1
$COMM_SEQ,0
$PROTOCOL,9
$N_NOCOMM,1
$NOCOMM_ACTION,0
$N_NOSURFACE,0
$UPLOAD_DIVES_MAX,-1
$CALL_TRIES,5
$CALL_WAIT,60
$CAPUPLOAD,1
$CAPMAXSIZE,200000
$HEAPDBG,0
$T_GPS,15
$N_GPS,50840
$T_RSLEEP,0
$STROBE,0
$RAFOS_PEAK_OFFSET,1.5
$RAFOS_CORR_THRESH,60
$RAFOS_HIT_WINDOW,3600
$RAFOS_MMODEM,0
$PITCH_MIN,199
$PITCH_MAX,3894
$C_PITCH,3411
$PITCH_DBAND,0.1
$PITCH_CNV,0.003125763
$P_OVSHOOT,0.039999999
$P_OVSHOOT_WITHG,0.1
$PITCH_GAIN,23
$PITCH_TIMEOUT,17
$PITCH_AD_RATE,160
$PITCH_MAXERRORS,1
$PITCH_ADJ_GAIN,0.02
$PITCH_ADJ_DBAND,2.5
$ROLL_MIN,291
$ROLL_MAX,3873
$ROLL_DEG,40
$C_ROLL_DIVE,3250
$C_ROLL_CLIMB,2850
$HEAD_ERRBAND,10
$ROLL_CNV,0.028270001
$ROLL_TIMEOUT,15
$R_PORT_OVSHOOT,65
$R_STBD_OVSHOOT,25
$ROLL_AD_RATE,350
$ROLL_MAXERRORS,2
$ROLL_ADJ_GAIN,0
$ROLL_ADJ_DBAND,0
$VBD_MIN,375
$VBD_MAX,3900
$C_VBD,2277
$VBD_DBAND,2
$VBD_CNV,-0.24529999
$VBD_LP_IGNORE,0
$VBD_TIMEOUT,720
$PITCH_VBD_SHIFT,0.001
$VBD_PUMP_AD_RATE_SURFACE,5
$VBD_PUMP_AD_RATE_APOGEE,4
$VBD_BLEED_AD_RATE,8
$UNCOM_BLEED,60
$VBD_MAXERRORS,1
$W_ADJ_DBAND,2
$DBDW,0
$PITCH_W_GAIN,0
$PITCH_W_DBAND,1
$CF8_MAXERRORS,5
$AH0_24V,142
$AH0_10V,95
$MINV_24V,19
$MINV_10V,8
$MAXI_24V,0.80000001
$MAXI_10V,0.60000002
$FG_AHR_10V,0
$FG_AHR_24V,0
$PHONE_SUPPLY,-2
$PRESSURE_YINT,-38.315674
$PRESSURE_SLOPE,0.0001158091
$AD7714Ch0Gain,128
$TCM_PITCH_OFFSET,0
$TCM_ROLL_OFFSET,0
$COMPASS_USE,4
$ALTIM_BOTTOM_PING_RANGE,0
$ALTIM_TOP_PING_RANGE,20
$ALTIM_BOTTOM_TURN_MARGIN,25
$ALTIM_TOP_TURN_MARGIN,0
$ALTIM_TOP_MIN_OBSTACLE,1
$ALTIM_PING_DEPTH,80
$ALTIM_PING_DELTA,5
$ALTIM_FREQUENCY,13
$ALTIM_PULSE,3
$ALTIM_SENSITIVITY,3
$XPDR_VALID,3
$XPDR_INHIBIT,90
$INT_PRESSURE_SLOPE,0.0097660003
$INT_PRESSURE_YINT,1.223
$DEEPGLIDER,0
$MOTHERBOARD,4
$DEVICE1,2
$DEVICE2,101
$DEVICE3,35
$DEVICE4,-1
$DEVICE5,-1
$DEVICE6,-1
$LOGGERS,0
$LOGGERDEVICE1,-1
$LOGGERDEVICE2,-1
$LOGGERDEVICE3,-1
$LOGGERDEVICE4,-1
$COMPASS_DEVICE,33
$COMPASS2_DEVICE,-1
$PHONE_DEVICE,49
$GPS_DEVICE,32
$RAFOS_DEVICE,-1
$XPDR_DEVICE,24
$SIM_W,0
$SIM_PITCH,0
$SEABIRD_T_G,0.0044373036
$SEABIRD_T_H,0.00066103507
$SEABIRD_T_I,2.7719814e-05
$SEABIRD_T_J,3.4688812e-06
$SEABIRD_C_G,-10.004086
$SEABIRD_C_H,1.1698962
$SEABIRD_C_I,-0.0014983811
$SEABIRD_C_J,0.00019441421
$SEABIRD_C_Z,2927.3301
$GPS1,060625,092421,4750.6763,-12222.6328,34,0.8,53,16.3,0.3,0.0,11,5.0
$_CALLS,1
$_XMS_NAKs,0
$_XMS_TOUTs,0
$_SM_DEPTHo,-15.15
$_SM_ANGLEo,-75.9
$GPS2,060625,093110,4750.6387,-12222.6572,7,0.9,16,16.3,0.0,0.0,10,4.6
$SPEED_LIMITS,0.173,0.260
$TGT_NAME,WEST_194
$TGT_LATLONG,4750.700,-12226.500
$TGT_RADIUS,400.000
$KALMAN_CONTROL,0.000000,0.000000
$KALMAN_X,0.000000,0.000000,0.000000,0.000000,0.000000
$KALMAN_Y,0.000000,0.000000,0.000000,0.000000,0.000000
$MHEAD_RNG_PITCHd_Wd,258.1,4778,-17.4,-10.000,-21.00,2234
$D_GRID,150
$GCHEAD,st_secs,pitch_ctl,vbd_ctl,pitch_ad_start,roll_ad_start,vbd_pot1_ad_start,vbd_pot2_ad_start,depth,ob_vertv,data_pts,end_secs,pitch_secs,roll_secs,vbd_secs,vbd_i,gcphase,pitch_i,roll_i,pitch_ad,roll_ad,vbd_ad,vbd_pot1_ad,vbd_pot2_ad,pitch_retries,pitch_errors,roll_retries,roll_errors,vbd_retries,vbd_errors,pitch_volts,roll_volts,vbd_volts,int_press,humidity
$STATE,5,end surface,CONTROL_FINISHED_OK
$STATE,5,begin dive
$GC,72,-0.90,-146.6,205,3253,357,388,-14.7,-0.1,12,163,0.00,0.00,-87.57,0.000,16390,0.000,0.000,206,3254,2876,2890,2862,0,0,0,0,0,0,26.38,25.06,26.39,8.36,41.69
$GC,167,-0.90,-146.6,206,3254,2891,2862,-11.3,-7.3,28,186,13.02,2.05,0.00,0.000,2820,0.284,0.018,3109,1819,2878,2895,2861,0,0,0,0,0,0,25.75,26.04,25.94,8.60,41.29
$GC,195,0.23,-146.6,3109,1818,2900,2858,-0.0,-30.6,32,203,1.27,2.28,0.00,0.000,3078,0.208,0.050,3456,3253,2878,2901,2856,0,0,0,0,0,0,25.85,26.06,26.07,8.60,41.41
$GC,266,-0.29,-146.6,3455,3253,2906,2852,4.1,1.0,45,274,0.32,2.10,0.00,0.000,4612,0.102,0.027,3339,1852,2879,2907,2852,0,0,0,0,0,0,26.07,26.17,26.13,8.60,41.61
$GC,401,-0.50,-146.6,3338,1852,2907,2851,11.6,-5.6,70,409,0.17,2.22,0.00,0.000,5126,0.069,0.057,3244,3247,2879,2908,2850,0,0,0,0,0,0,26.25,26.17,26.30,8.61,42.20
$GC,472,-0.50,-146.6,3243,3247,2907,2851,18.1,-10.4,83,479,0.00,1.00,0.00,0.000,260,0.000,0.068,3244,3868,2879,2907,2851,0,0,0,0,0,0,26.55,26.22,26.55,8.60,42.00
$GC,678,-0.50,-146.6,3243,3868,2908,2851,38.9,-10.0,105,682,0.00,0.88,0.00,0.000,1030,0.000,0.029,3244,3255,2879,2908,2851,0,0,0,0,0,0,26.41,26.39,26.42,8.60,42.28
$GC,810,-0.50,-146.6,3243,3254,2908,2851,50.2,-8.3,118,814,0.00,2.10,0.00,0.000,516,0.000,0.026,3244,1845,2879,2908,2851,0,0,0,0,0,0,26.65,26.40,26.66,8.60,42.08
$GC,855,-0.56,-146.6,3243,1845,2907,2851,53.7,-8.1,122,862,0.00,2.25,0.00,0.000,1030,0.000,0.058,3244,3257,2879,2907,2851,0,0,0,0,0,0,26.43,26.32,26.46,8.60,42.63
$GC,983,-0.62,-146.6,3243,3257,2908,2851,65.8,-9.4,135,988,0.00,2.10,0.00,0.000,4612,0.000,0.028,3243,1843,2879,2908,2851,0,0,0,0,0,0,26.70,26.42,26.70,8.60,42.99
$GC,1039,-0.70,-146.6,3243,1842,2908,2850,70.8,-9.5,140,1046,0.10,2.25,0.00,0.000,5126,0.091,0.060,3184,3254,2879,2908,2851,0,0,0,0,0,0,26.41,26.34,26.47,8.60,42.43
$GC,1166,-0.63,-146.6,3183,3254,2908,2851,86.3,-12.0,153,1170,0.00,0.98,0.00,0.000,260,0.000,0.063,3184,3872,2879,2908,2851,0,0,0,0,0,0,26.71,26.39,26.72,8.60,42.87
$GC,1232,-0.57,-146.6,3183,3872,2908,2851,94.0,-12.6,159,1240,0.12,0.88,0.00,0.000,3078,0.163,0.028,3220,3255,2879,2908,2851,0,0,0,0,0,0,26.27,26.48,26.37,8.60,43.06
$GC,1365,-0.57,-146.6,3220,3255,2908,2851,105.8,-8.5,172,1373,0.00,2.08,0.00,0.000,516,0.000,0.026,3220,1838,2879,2908,2851,0,0,0,0,0,0,26.73,26.48,26.74,8.60,42.67
$GC,1464,-0.57,-146.6,3220,1837,2908,2851,114.7,-9.0,181,1473,0.00,2.25,0.00,0.000,1030,0.000,0.057,3220,3260,2879,2908,2851,0,0,0,0,0,0,26.51,26.40,26.54,8.60,42.47
$GC,1592,-0.57,-146.6,3220,3260,2908,2851,127.4,-9.0,194,1595,0.00,0.98,0.00,0.000,260,0.000,0.064,3220,3877,2879,2908,2851,0,0,0,0,0,0,26.76,26.44,26.77,8.60,42.16
$STATE,1691,end dive,BOTTOM_OBSTACLE_DETECTED
$STATE,1691,begin apogee
$GC,1700,-0.35,0.0,3220,2843,2908,2851,136.9,-9.0,204,1823,0.20,0.00,116.90,0.734,10246,0.156,0.000,3289,2842,2275,2314,2237,0,0,0,0,0,0,26.33,25.19,24.60,8.60,42.51
$STATE,1824,end apogee,CONTROL_FINISHED_OK
$STATE,1824,begin climb
$GC,1827,0.90,146.6,3290,2842,2314,2236,142.9,0.0,217,1958,1.17,2.20,120.68,0.720,10756,0.122,0.031,3675,1456,1676,1710,1643,0,0,0,0,0,0,25.25,25.08,24.51,8.55,41.25
$GC,1966,0.67,146.6,3674,1456,1709,1642,127.9,16.1,231,1971,0.15,2.30,0.00,0.000,5126,0.170,0.050,3633,2855,1675,1709,1642,0,0,0,0,0,0,25.19,25.30,25.34,8.50,40.23
$GC,2100,0.55,146.6,3633,2854,1707,1640,107.4,15.0,244,2104,0.12,1.62,0.00,0.000,4356,0.164,0.054,3593,3875,1673,1707,1640,0,0,0,0,0,0,25.71,25.81,25.80,8.50,42.00
$GC,2136,0.45,146.6,3592,3875,1706,1640,102.6,14.7,247,2143,0.10,1.50,0.00,0.000,5126,0.160,0.023,3561,2824,1673,1706,1640,0,0,0,0,0,0,25.79,25.97,25.92,8.49,41.84
$GC,2263,0.45,146.6,3560,2823,1706,1639,90.5,8.4,260,2271,0.00,2.05,0.00,0.000,516,0.000,0.028,3560,1456,1672,1706,1639,0,0,0,0,0,0,26.34,26.08,26.34,8.49,42.28
$GC,2345,0.59,198.0,3559,1456,1706,1639,84.0,7.6,268,2395,0.03,2.17,41.30,0.680,11270,0.148,0.046,3595,2847,1466,1508,1425,0,0,0,0,0,0,26.04,26.11,24.95,8.49,41.88
$GC,2514,0.59,198.0,3594,2847,1507,1424,65.7,10.9,285,2519,0.00,2.10,0.00,0.000,516,0.000,0.028,3595,1469,1465,1507,1424,0,0,0,0,0,0,26.22,25.95,26.22,8.46,42.47
$GC,2541,0.59,198.0,3595,1468,1507,1424,63.3,11.1,287,2547,0.00,2.17,0.00,0.000,1030,0.000,0.046,3595,2850,1465,1506,1424,0,0,0,0,0,0,26.04,25.95,26.06,8.47,42.20
$GC,2667,0.59,198.0,3595,2850,1506,1423,49.2,11.0,300,2671,0.00,2.12,0.00,0.000,516,0.000,0.030,3596,1464,1464,1506,1422,0,0,0,0,0,0,26.39,26.10,26.39,8.46,42.20
$GC,2723,0.65,198.0,3594,1464,1506,1423,43.9,9.4,305,2729,0.00,2.17,0.00,0.000,1030,0.000,0.047,3595,2852,1464,1506,1422,0,0,0,0,0,0,26.21,26.13,26.23,8.46,42.40
$GC,2849,0.65,198.0,3595,2852,1506,1422,32.4,8.2,318,2853,0.00,1.62,0.00,0.000,260,0.000,0.057,3595,3867,1464,1506,1422,0,0,0,0,0,0,26.50,26.18,26.51,8.46,43.10
$GC,2884,0.65,198.0,3595,3867,1505,1422,29.3,9.4,321,2891,0.00,1.48,0.00,0.000,1030,0.000,0.024,3595,2852,1463,1505,1422,0,0,0,0,0,0,26.36,26.34,26.36,8.46,42.32
$GC,3012,0.65,198.0,3594,2851,1505,1422,17.6,8.9,336,3019,0.00,0.00,0.00,0.000,6,0.000,0.000,3595,2851,1464,1506,1422,0,0,0,0,0,0,26.57,26.58,26.58,8.46,43.18
$GC,3083,0.65,198.0,3594,2851,1505,1422,11.6,8.4,349,3089,0.00,0.00,0.00,0.000,6,0.000,0.000,3595,2851,1463,1505,1422,0,0,0,0,0,0,26.59,26.60,26.60,8.46,43.10
$GC,3151,0.65,198.0,3595,2851,1505,1422,5.8,8.3,362,3157,0.00,0.00,0.00,0.000,6,0.000,0.000,3595,2851,1463,1505,1422,0,0,0,0,0,0,26.62,26.62,26.62,8.46,42.75
$STATE,3182,end climb,SURFACE_DEPTH_REACHED
$STATE,3183,begin surface coast
$FINISH,0.2,1.022471
$STATE,3219,end surface coast,CONTROL_FINISHED_OK
$STATE,3219,begin surface
$SM_CCo,3240,137.12,0.083,0,0,373,466.56
$SM_CCo,3383,-0.20,0.000,0,0,376,466.56
$SM_CCo,3388,0.32,0.097,0,0,374,466.56
$SM_GC,-14.89,9.23,0.65,0.32,0.068,0.054,0.097,216,3252,374,-9.93,-0.96,466.56,0,0,0,0,0,0,26.32,26.34,26.10
$IRIDIUM_FIX,4751.79,-12220.39,060625,083246
$TT8_MAMPS,0.026215,0.245672
$HUMID,41.21
$INTERNAL_PRESSURE,8.32288
$TCM_TEMP,11.90
$XPDR_PINGS,0
$ALTIM_TOP_PING,19.3,38.1
$ALTIM_BOTTOM_PING,115.9,45.2
$24V_AH,24.51,12.897
$10V_AH,10.48,5.079
$FG_AHR_24Vo,0.000
$FG_AHR_10Vo,0.000
$DEVICES,Pitch_motor,Roll_motor,VBD_pump_during_apogee,VBD_pump_during_surface,VBD_valve,Iridium_during_init,Iridium_during_connect,Iridium_during_xfer,Transponder_ping,GUMSTIX_24V,GPS,TT8,LPSleep,TT8_Active,TT8_Sampling,TT8_CF8,TT8_Kalman,Analog_circuits,GPS_charging,Compass,RAFOS,Transponder,Compass2
$DEVICE_SECS,26.025,52.100,278.875,137.450,0.000,0.000,0.000,305.325,3.000,0.000,17.432,989.410,1116.738,530.285,1017.782,168.422,0.000,1284.518,0.000,707.877,0.000,24.201,0.000
$DEVICE_MAMPS,283.815,68.085,734.400,97.155,0.000,0.000,0.000,87.975,420.000,0.000,30.710,14.960,2.190,14.960,43.420,53.160,0.000,15.000,0.000,8.990,0.000,30.000,0.000
$SENSORS,SBE_CT,AA4330,WL_blue_red_Chl_old_fw,nil,nil,nil,nil,nil,nil,nil
$SENSOR_SECS,252.158,496.770,501.638,0.000,0.000,0.000,0.000,0.000,0.000,0.000
$SENSOR_MAMPS,23.970,0.750,0.750,0.000,0.000,0.000,0.000,0.000,0.000,0.000
$MEM,335092
$DATA_FILE_SIZE,24653,375
$CAP_FILE_SIZE,69109,0
$CFSIZE,2097872896,2072543232
$ERRORS,0,0,0,0,0,0,0,0,0,0,0,0,0,0,1,0
$CURRENT,0.057,222.16,1
$GPS,060625,102956,4750.595,-12223.240,35,1.2,58,16.3,0.4,246.2,8,5.0
