version: 66.14
glider: 194
mission: 16
dive: 115
start: 6 4 125 2 57 53
data:
$ID,194
$MISSION,16
$DIVE,115
$N_DIVES,0
$STOP_T,0
$D_SURF,3
$D_FLARE,2
$D_TGT,240
$D_ABORT,1090
$D_NO_BLEED,50
$D_BOOST,3
$T_BOOST,0
$D_FINISH,0
$D_PITCH,0
$D_SAFE,0
$D_CALL,0
$SURFACE_URGENCY,0
$SURFACE_URGENCY_TRY,0
$SURFACE_URGENCY_FORCE,0
$T_DIVE,80
$T_MISSION,100
$T_ABORT,1440
$T_TURN,300
$T_TURN_SAMPINT,5
$T_NO_W,120
$T_LOITER,0
$T_SLOITER,60
$T_EPIRB,0
$USE_BATHY,0
$USE_ICE,0
$ICE_FREEZE_MARGIN,0.30000001
$D_OFFGRID,100
$T_WATCHDOG,10
$RELAUNCH,1
$APOGEE_PITCH,-8
$MAX_BUOY,150
$COURSE_BIAS,0
$GLIDE_SLOPE,30
$SPEED_FACTOR,1
$RHO,1.023
$MASS,53609
$MASS_COMP,0
$NAV_MODE,2
$FERRY_MAX,45
$KALMAN_USE,2
$HD_A,0.003
$HD_B,0.0099999998
$HD_C,9.9999997e-06
$HEADING,-1
$ESCAPE_HEADING,0
$ESCAPE_HEADING_DELTA,10
$FIX_MISSING_TIMEOUT,0
$TGT_DEFAULT_LAT,4736
$TGT_DEFAULT_LON,-12225
$TGT_AUTO_DEFAULT,0
$SM_CC,535
$N_FILEKB,4
$FILEMGR,0
$CALL_NDIVES,1
$COMM_SEQ,0
$PROTOCOL,9
$N_NOCOMM,1
$NOCOMM_ACTION,0
$N_NOSURFACE,0
$UPLOAD_DIVES_MAX,-1
$CALL_TRIES,5
$CALL_WAIT,60
$CAPUPLOAD,1
$CAPMAXSIZE,200000
$HEAPDBG,0
$T_GPS,15
$N_GPS,50840
$T_RSLEEP,0
$STROBE,0
$RAFOS_PEAK_OFFSET,1.5
$RAFOS_CORR_THRESH,60
$RAFOS_HIT_WINDOW,3600
$RAFOS_MMODEM,0
$PITCH_MIN,199
$PITCH_MAX,3894
$C_PITCH,3411
$PITCH_DBAND,0.1
$PITCH_CNV,0.003125763
$P_OVSHOOT,0.039999999
$P_OVSHOOT_WITHG,0.1
$PITCH_GAIN,23
$PITCH_TIMEOUT,17
$PITCH_AD_RATE,160
$PITCH_MAXERRORS,1
$PITCH_ADJ_GAIN,0.02
$PITCH_ADJ_DBAND,2.5
$ROLL_MIN,291
$ROLL_MAX,3873
$ROLL_DEG,40
$C_ROLL_DIVE,3250
$C_ROLL_CLIMB,2850
$HEAD_ERRBAND,10
$ROLL_CNV,0.028270001
$ROLL_TIMEOUT,15
$R_PORT_OVSHOOT,63
$R_STBD_OVSHOOT,27
$ROLL_AD_RATE,350
$ROLL_MAXERRORS,2
$ROLL_ADJ_GAIN,0
$ROLL_ADJ_DBAND,0
$VBD_MIN,375
$VBD_MAX,3900
$C_VBD,2277
$VBD_DBAND,2
$VBD_CNV,-0.24529999
$VBD_LP_IGNORE,0
$VBD_TIMEOUT,720
$PITCH_VBD_SHIFT,0.001
$VBD_PUMP_AD_RATE_SURFACE,5
$VBD_PUMP_AD_RATE_APOGEE,4
$VBD_BLEED_AD_RATE,8
$UNCOM_BLEED,60
$VBD_MAXERRORS,1
$W_ADJ_DBAND,2
$DBDW,0
$PITCH_W_GAIN,0
$PITCH_W_DBAND,1
$CF8_MAXERRORS,5
$AH0_24V,142
$AH0_10V,95
$MINV_24V,19
$MINV_10V,8
$MAXI_24V,0.80000001
$MAXI_10V,0.60000002
$FG_AHR_10V,0
$FG_AHR_24V,0
$PHONE_SUPPLY,-2
$PRESSURE_YINT,-38.315674
$PRESSURE_SLOPE,0.0001158091
$AD7714Ch0Gain,128
$TCM_PITCH_OFFSET,0
$TCM_ROLL_OFFSET,0
$COMPASS_USE,4
$ALTIM_BOTTOM_PING_RANGE,0
$ALTIM_TOP_PING_RANGE,20
$ALTIM_BOTTOM_TURN_MARGIN,25
$ALTIM_TOP_TURN_MARGIN,0
$ALTIM_TOP_MIN_OBSTACLE,1
$ALTIM_PING_DEPTH,80
$ALTIM_PING_DELTA,5
$ALTIM_FREQUENCY,13
$ALTIM_PULSE,3
$ALTIM_SENSITIVITY,3
$XPDR_VALID,3
$XPDR_INHIBIT,90
$INT_PRESSURE_SLOPE,0.0097660003
$INT_PRESSURE_YINT,1.223
$DEEPGLIDER,0
$MOTHERBOARD,4
$DEVICE1,2
$DEVICE2,101
$DEVICE3,35
$DEVICE4,-1
$DEVICE5,-1
$DEVICE6,-1
$LOGGERS,0
$LOGGERDEVICE1,-1
$LOGGERDEVICE2,-1
$LOGGERDEVICE3,-1
$LOGGERDEVICE4,-1
$COMPASS_DEVICE,33
$COMPASS2_DEVICE,-1
$PHONE_DEVICE,49
$GPS_DEVICE,32
$RAFOS_DEVICE,-1
$XPDR_DEVICE,24
$SIM_W,0
$SIM_PITCH,0
$SEABIRD_T_G,0.0044373036
$SEABIRD_T_H,0.00066103507
$SEABIRD_T_I,2.7719814e-05
$SEABIRD_T_J,3.4688812e-06
$SEABIRD_C_G,-10.004086
$SEABIRD_C_H,1.1698962
$SEABIRD_C_I,-0.0014983811
$SEABIRD_C_J,0.00019441421
$SEABIRD_C_Z,2927.3301
$GPS1,040625,024945,4750.6406,-12224.0420,34,0.9,46,16.3,0.0,249.2,9,5.0
$_CALLS,1
$_XMS_NAKs,0
$_XMS_TOUTs,0
$_SM_DEPTHo,-16.55
$_SM_ANGLEo,-69.4
$GPS2,040625,025717,4750.6074,-12224.0986,10,1.0,25,16.3,0.0,250.3,8,5.0
$SPEED_LIMITS,0.173,0.260
$TGT_NAME,WEST_194
$TGT_LATLONG,4750.700,-12226.500
$TGT_RADIUS,400.000
$KALMAN_CONTROL,0.000000,0.000000
$KALMAN_X,0.000000,0.000000,0.000000,0.000000,0.000000
$KALMAN_Y,0.000000,0.000000,0.000000,0.000000,0.000000
$MHEAD_RNG_PITCHd_Wd,273.9,2990,-17.4,-10.000,-21.00,2234
$D_GRID,240
$GCHEAD,st_secs,pitch_ctl,vbd_ctl,pitch_ad_start,roll_ad_start,vbd_pot1_ad_start,vbd_pot2_ad_start,depth,ob_vertv,data_pts,end_secs,pitch_secs,roll_secs,vbd_secs,vbd_i,gcphase,pitch_i,roll_i,pitch_ad,roll_ad,vbd_ad,vbd_pot1_ad,vbd_pot2_ad,pitch_retries,pitch_errors,roll_retries,roll_errors,vbd_retries,vbd_errors,pitch_volts,roll_volts,vbd_volts,int_press,humidity
$STATE,5,end surface,CONTROL_FINISHED_OK
$STATE,5,begin dive
$GC,73,-0.90,-146.6,206,3255,347,400,-16.1,-0.1,12,168,0.00,0.00,-92.15,0.000,16390,0.000,0.000,206,3255,2875,2889,2861,0,0,0,0,0,0,26.42,25.17,26.43,8.37,41.41
$GC,172,-0.90,-146.6,206,3255,2889,2862,-14.8,-2.3,28,191,12.82,0.93,0.00,0.000,2308,0.282,0.044,3110,3889,2877,2893,2862,0,0,0,0,0,0,25.81,26.09,26.00,8.60,42.04
$GC,496,-0.56,-146.6,3109,3890,2900,2858,64.4,-22.2,72,504,0.40,0.90,0.00,0.000,3078,0.193,0.027,3223,3253,2878,2900,2857,0,0,0,0,0,0,26.09,26.37,26.22,8.60,42.24
$GC,623,-0.50,-146.6,3223,3253,2903,2855,82.4,-12.0,85,627,0.00,0.98,0.00,0.000,260,0.000,0.059,3223,3865,2879,2903,2856,0,0,0,0,0,0,26.62,26.32,26.63,8.60,41.77
$GC,836,-0.50,-146.6,3223,3866,2903,2855,107.5,-11.6,104,843,0.00,0.88,0.00,0.000,1030,0.000,0.028,3223,3243,2879,2903,2855,0,0,0,0,0,0,26.46,26.46,26.48,8.60,42.16
$GC,963,-0.50,-146.6,3223,3243,2903,2855,122.2,-11.2,117,965,0.00,0.00,0.00,0.000,6,0.000,0.000,3224,3243,2879,2903,2855,0,0,0,0,0,0,26.70,26.70,26.70,8.60,42.20
$STATE,1030,end dive,BOTTOM_OBSTACLE_DETECTED
$STATE,1031,begin apogee
$GC,1038,-0.35,0.0,3223,2843,2903,2854,129.4,-10.1,124,1164,0.20,0.00,116.95,0.729,10246,0.156,0.000,3294,2843,2275,2311,2239,0,0,0,0,0,0,26.28,24.99,24.60,8.60,42.04
$STATE,1165,end apogee,CONTROL_FINISHED_OK
$STATE,1165,begin climb
$GC,1167,0.90,146.6,3293,2843,2311,2239,136.2,0.0,137,1298,1.20,2.15,120.53,0.711,10756,0.133,0.030,3676,1458,1677,1712,1642,0,0,0,0,0,0,25.25,25.07,24.50,8.55,41.25
$GC,1393,0.78,146.6,3676,1459,1709,1641,109.9,14.6,159,1401,0.00,2.20,0.00,0.000,1030,0.000,0.045,3677,2848,1675,1709,1641,0,0,0,0,0,0,25.75,25.71,25.78,8.49,41.25
$GC,1522,0.60,146.6,3676,2848,1709,1640,88.9,16.2,172,1524,0.25,0.00,0.00,0.000,4102,0.158,0.000,3604,2848,1674,1708,1641,0,0,0,0,0,0,25.82,26.01,25.96,8.49,41.10
$GC,1642,0.60,146.6,3604,2848,1709,1639,75.2,10.4,184,1646,0.00,1.62,0.00,0.000,260,0.000,0.054,3604,3879,1674,1709,1639,0,0,0,0,0,0,26.36,26.06,26.37,8.49,42.00
$GC,1668,0.60,146.6,3603,3878,1709,1639,72.7,10.7,186,1675,0.00,1.50,0.00,0.000,1030,0.000,0.023,3604,2801,1674,1709,1639,0,0,0,0,0,0,26.22,26.17,26.23,8.49,41.84
$GC,1795,0.60,146.6,3604,2801,1708,1639,58.7,10.6,199,1803,0.00,1.98,0.00,0.000,516,0.000,0.029,3604,1477,1673,1708,1639,0,0,0,0,0,0,26.47,26.21,26.48,8.48,41.92
$GC,1819,0.60,146.6,3604,1477,1709,1639,56.4,11.1,201,1826,0.00,2.15,0.00,0.000,1030,0.000,0.046,3604,2855,1674,1709,1639,0,0,0,0,0,0,26.27,26.19,26.29,8.48,42.71
$GC,1946,0.60,146.6,3604,2854,1708,1638,43.1,10.9,214,1951,0.00,1.62,0.00,0.000,260,0.000,0.057,3604,3872,1673,1708,1638,0,0,0,0,0,0,26.54,26.23,26.55,8.48,42.75
$GC,2013,0.53,146.6,3603,3872,1708,1638,35.3,12.1,220,2020,0.00,1.45,0.00,0.000,1030,0.000,0.023,3604,2861,1673,1708,1638,0,0,0,0,0,0,26.38,26.36,26.41,8.48,42.40
$GC,2139,0.53,146.6,3603,2861,1708,1638,22.9,9.3,233,2148,0.00,2.08,0.00,0.000,516,0.000,0.029,3604,1461,1673,1708,1638,0,0,0,0,0,0,26.61,26.34,26.61,8.47,42.55
$GC,2198,0.53,146.6,3603,1461,1708,1638,18.1,8.1,240,2204,0.00,2.15,0.00,0.000,1030,0.000,0.046,3604,2850,1673,1709,1638,0,0,0,0,0,0,26.41,26.33,26.43,8.47,42.75
$GC,2267,0.57,192.4,3604,2851,1708,1638,12.7,7.9,253,2310,0.00,0.00,36.58,0.651,8454,0.000,0.000,3604,2850,1490,1532,1448,0,0,0,0,0,0,26.64,25.75,25.22,8.47,42.08
$GC,2374,0.62,240.7,3603,2850,1532,1446,4.2,7.8,272,2393,0.00,0.00,16.62,0.589,8706,0.000,0.000,3604,2850,1372,1415,1329,0,0,0,0,0,0,26.27,28.83,26.29,8.46,41.80
$STATE,2394,end climb,SURFACE_DEPTH_REACHED
$STATE,2394,begin surface coast
$FINISH,-0.8,1.022596
$STATE,2435,end surface coast,CONTROL_FINISHED_OK
$STATE,2435,begin surface
$SM_CCo,2455,128.98,0.080,0,0,372,466.56
$SM_CCo,2588,-0.17,0.000,0,0,376,466.56
$SM_CCo,2593,0.25,0.109,0,0,374,466.56
$SM_GC,-16.36,9.43,0.65,0.25,0.067,0.055,0.109,209,3250,374,-9.95,-0.88,466.56,0,0,0,0,0,0,25.89,25.89,25.89
$IRIDIUM_FIX,4748.99,-12218.68,040625,015135
$TT8_MAMPS,0.026215,0.240429
$HUMID,41.25
$INTERNAL_PRESSURE,8.32288
$TCM_TEMP,11.70
$XPDR_PINGS,1
$ALTIM_TOP_PING,19.3,39.4
$ALTIM_BOTTOM_PING,105.0,49.1
$24V_AH,24.50,8.757
$10V_AH,10.53,3.375
$FG_AHR_24Vo,0.000
$FG_AHR_10Vo,0.000
$DEVICES,Pitch_motor,Roll_motor,VBD_pump_during_apogee,VBD_pump_during_surface,VBD_valve,Iridium_during_init,Iridium_during_connect,Iridium_during_xfer,Transponder_ping,GUMSTIX_24V,GPS,TT8,LPSleep,TT8_Active,TT8_Sampling,TT8_CF8,TT8_Kalman,Analog_circuits,GPS_charging,Compass,RAFOS,Transponder,Compass2
$DEVICE_SECS,24.300,23.775,290.675,129.225,0.000,0.000,0.000,333.900,3.500,0.000,28.687,721.344,812.222,498.629,889.438,148.554,0.000,1181.909,0.000,543.677,0.000,30.132,0.000
$DEVICE_MAMPS,281.520,58.905,729.045,108.630,0.000,0.000,0.000,76.500,420.000,0.000,30.710,14.960,2.190,14.960,43.420,53.160,0.000,15.000,0.000,8.990,0.000,30.000,0.000
$SENSORS,SBE_CT,AA4330,WL_blue_red_Chl_old_fw,nil,nil,nil,nil,nil,nil,nil
$SENSOR_SECS,188.698,374.321,378.023,0.000,0.000,0.000,0.000,0.000,0.000,0.000
$SENSOR_MAMPS,23.970,0.750,0.750,0.000,0.000,0.000,0.000,0.000,0.000,0.000
$MEM,335104
$DATA_FILE_SIZE,17694,283
$CAP_FILE_SIZE,51695,0
$CFSIZE,2097872896,2078670848
$ERRORS,0,0,0,0,0,0,0,0,0,0,0,0,0,0,2,0
$CURRENT,0.048,153.67,1
$GPS,040625,034256,4750.723,-12224.279,41,1.0,64,16.3,0.2,0.0,9,5.0
