Connected at 2024-05-31T14:30:01Z (sg194)
logged in
0:0:1:0:14:431:0:786:3044:373:-28.1:-1.32:10.65:26.41:8.72:46.3 GPS,151004,141800,4719.188,-12231.327,37,1.1,62,16.2,11.0,339.6,8,5.0
ver=66.14,rev=5179M,frag=4,launch=310524:071501
Iridium bars: 5 geolocation: 4739.723,-12216.254,240524,204148
cmdfile
2024-05-31T14:30:19Z [sg194] Sent 247 bytes of cmdfile/XMODEM: 256 Bytes, 33 BPS
Received cmdfile 247 bytes
targets
2024-05-31T14:31:00Z [sg194] Sent 339 bytes of targets/XMODEM: 384 Bytes, 42 BPS
Received targets 339 bytes
science
2024-05-31T14:31:25Z [sg194] Sent 315 bytes of science/XMODEM: 384 Bytes, 27 BPS
Received science 315 bytes
2024-05-31T14:31:36Z [sg194] sector number = 1, block length = 1024
2024-05-31T14:31:40Z [sg194] sector number = 2, block length = 1024
2024-05-31T14:31:41Z [sg194] sector number = 3, block length = 128
2024-05-31T14:31:43Z [sg194] received EOT and read timed out
2024-05-31T14:31:43Z [sg194] sector number = -10, block length = 128
2024-05-31T14:31:43Z [sg194] done - sending ACK
2024-05-31T14:31:43Z [sg194] st0024lz.x00/XMODEM: 2176 Bytes, 185 BPS
2024-05-31T14:31:43Z [sg194] Exiting (0)
Sent st0024lz.x00 2065 bytes
2024-05-31T14:31:52Z [sg194] sector number = 1, block length = 1024
2024-05-31T14:31:54Z [sg194] received EOT and read timed out
2024-05-31T14:31:54Z [sg194] sector number = -10, block length = 1024
2024-05-31T14:31:54Z [sg194] done - sending ACK
2024-05-31T14:31:54Z [sg194] st0024dz.x00/XMODEM: 1024 Bytes, 161 BPS
2024-05-31T14:31:54Z [sg194] Exiting (0)
Sent st0024dz.x00 678 bytes
2024-05-31T14:32:11Z [sg194] sector number = 1, block length = 1024
2024-05-31T14:32:15Z [sg194] sector number = 2, block length = 1024
2024-05-31T14:32:19Z [sg194] sector number = 3, block length = 1024
2024-05-31T14:32:23Z [sg194] sector number = 4, block length = 1024
2024-05-31T14:32:27Z [sg194] sector number = 5, block length = 1024
2024-05-31T14:32:31Z [sg194] sector number = 6, block length = 1024
2024-05-31T14:32:35Z [sg194] sector number = 7, block length = 1024
2024-05-31T14:32:39Z [sg194] sector number = 8, block length = 1024
2024-05-31T14:32:43Z [sg194] sector number = 9, block length = 1024
2024-05-31T14:32:47Z [sg194] sector number = 10, block length = 1024
2024-05-31T14:32:51Z [sg194] sector number = 11, block length = 1024
2024-05-31T14:32:55Z [sg194] sector number = 12, block length = 1024
2024-05-31T14:33:02Z [sg194] sector number = 13, block length = 1024
2024-05-31T14:33:06Z [sg194] sector number = 14, block length = 1024
2024-05-31T14:33:08Z [sg194] received EOT and read timed out
2024-05-31T14:33:08Z [sg194] sector number = -10, block length = 1024
2024-05-31T14:33:08Z [sg194] done - sending ACK
2024-05-31T14:33:08Z [sg194] st0024kz.x/XMODEM: 14336 Bytes, 232 BPS
2024-05-31T14:33:08Z [sg194] Exiting (0)
Sent st0024kz.x 13718 bytes
0:0:1:0:14:431:1 logout
Disconnected at 2024-05-31T14:33:18Z (normal)


Connected at 2024-05-31T14:39:38Z (sg194)
logged in
0:1:1:0:14:431:0:786:3044:373:-23.0:-1.96:10.69:26.59:8.71:47.2 GPS,151004,143846,4728.701,-12230.170,7,1.1,68,16.2,15.2,21.7,9,4.9
ver=66.14,rev=5179M,frag=4,launch=310524:071501
Iridium bars: 5 geolocation: 4723.635,-12220.220,310524,142953
cmdfile
2024-05-31T14:40:00Z [sg194] Sent 247 bytes of cmdfile/XMODEM: 256 Bytes, 33 BPS
Received cmdfile 247 bytes
2024-05-31T14:40:49Z [sg194] sector number = 1, block length = 1024
2024-05-31T14:40:53Z [sg194] sector number = 2, block length = 1024
2024-05-31T14:40:57Z [sg194] sector number = 3, block length = 1024
2024-05-31T14:41:01Z [sg194] sector number = 4, block length = 1024
2024-05-31T14:41:03Z [sg194] received EOT and read timed out
2024-05-31T14:41:03Z [sg194] sector number = -10, block length = 1024
2024-05-31T14:41:03Z [sg194] done - sending ACK
2024-05-31T14:41:03Z [sg194] sg0000kl.x/XMODEM: 4096 Bytes, 200 BPS
2024-05-31T14:41:03Z [sg194] Exiting (0)
Sent sg0000kl.x 3839 bytes
0:1:1:0:14:431:1 logout
Disconnected at 2024-05-31T14:41:15Z (normal)


Connected at 2024-05-31T14:46:32Z (sg194)
logged in
0:2:1:0:15:431:0:185:3043:416:-37.0:-2.48:10.66:26.61:8.70:46.8 GPS,151004,144509,4729.070,-12229.951,7,1.2,44,16.2,0.6,36.8,8,4.9
ver=66.14,rev=5179M,frag=4,launch=151004:144357
Iridium bars: 5 geolocation: 4729.244,-12223.628,310524,143930
cmdfile
2024-05-31T14:46:49Z [sg194] Sent 247 bytes of cmdfile/XMODEM: 256 Bytes, 34 BPS
Received cmdfile 247 bytes
2024-05-31T14:47:16Z [sg194] sector number = 1, block length = 1024
2024-05-31T14:47:20Z [sg194] sector number = 2, block length = 1024
2024-05-31T14:47:22Z [sg194] received EOT and read timed out
2024-05-31T14:47:22Z [sg194] sector number = -10, block length = 1024
2024-05-31T14:47:22Z [sg194] done - sending ACK
2024-05-31T14:47:22Z [sg194] sg0000lz.x00/XMODEM: 2048 Bytes, 202 BPS
2024-05-31T14:47:22Z [sg194] Exiting (0)
Sent sg0000lz.x00 1480 bytes
2024-05-31T14:47:31Z [sg194] sector number = 1, block length = 1024
2024-05-31T14:47:35Z [sg194] sector number = 2, block length = 1024
2024-05-31T14:47:37Z [sg194] received EOT and read timed out
2024-05-31T14:47:37Z [sg194] sector number = -10, block length = 1024
2024-05-31T14:47:37Z [sg194] done - sending ACK
2024-05-31T14:47:37Z [sg194] sg0000kz.x00/XMODEM: 2048 Bytes, 202 BPS
2024-05-31T14:47:37Z [sg194] Exiting (0)
Sent sg0000kz.x00 1924 bytes
0:2:1:0:15:431:1 logout
Disconnected at 2024-05-31T14:47:42Z (normal)


Connected at 2024-05-31T14:49:54Z (sg194)
logged in
0:3:1:0:15:431:0:184:3043:416:-35.1:-2.72:10.66:26.56:8.70:46.2 GPS,151004,144905,4729.090,-12229.903,7,1.2,49,16.2,0.3,68.2,8,5.0
EOP_CODE=CONTROL_FINISHED_OK
RECOV_CODE=QUIT_COMMAND
ver=66.14,rev=5179M,frag=4,launch=151004:144357
Iridium bars: 5 geolocation: 4726.077,-12229.004,310524,144625
cmdfile
2024-05-31T14:50:12Z [sg194] Sent 247 bytes of cmdfile/XMODEM: 256 Bytes, 33 BPS
Received cmdfile 247 bytes
0:3:1:0:15:431:1 logout
Disconnected at 2024-05-31T14:50:37Z (normal)


Connected at 2024-05-31T14:54:11Z (sg194)
logged in
0:4:1:0:15:431:0:184:3042:416:-36.5:-3.12:10.69:26.60:8.70:46.1 GPS,151004,145321,4729.118,-12229.846,7,1.0,37,16.2,0.4,45.8,9,5.0
EOP_CODE=CONTROL_FINISHED_OK
RECOV_CODE=QUIT_COMMAND
ver=66.14,rev=5179M,frag=4,launch=151004:144357
Iridium bars: 5 geolocation: 4731.194,-12228.027,310524,144944
cmdfile
2024-05-31T14:54:34Z [sg194] Sent 246 bytes of cmdfile/XMODEM: 256 Bytes, 32 BPS
Received cmdfile 246 bytes
0:4:1:0:15:431:1 logout
Disconnected at 2024-05-31T14:54:56Z (normal)


Connected at 2024-05-31T14:58:30Z (sg194)
logged in
0:5:1:0:15:431:0:184:3042:416:-36.3:-3.41:10.71:26.61:8.71:46.5 GPS,151004,145739,4729.140,-12229.799,7,1.0,35,16.2,0.3,258.4,9,4.8
EOP_CODE=CONTROL_FINISHED_OK
RECOV_CODE=QUIT_COMMAND
ver=66.14,rev=5179M,frag=4,launch=151004:144357
Iridium bars: 5 geolocation: 4727.538,-12229.004,310524,145403
cmdfile
2024-05-31T14:58:47Z [sg194] Sent 246 bytes of cmdfile/XMODEM: 256 Bytes, 33 BPS
Received cmdfile 246 bytes
0:5:1:0:15:431:1 logout
Disconnected at 2024-05-31T14:59:10Z (normal)


Connected at 2024-05-31T15:02:35Z (sg194)
logged in
0:6:1:0:15:431:0:184:3043:416:-39.6:-3.65:10.71:26.62:8.71:46.5 GPS,151004,150148,4729.160,-12229.764,7,1.0,29,16.2,1.5,238.3,9,4.9
EOP_CODE=CONTROL_FINISHED_OK
RECOV_CODE=QUIT_COMMAND
ver=66.14,rev=5179M,frag=4,launch=151004:144357
Iridium bars: 5 geolocation: 4731.194,-12228.027,310524,145824
cmdfile
2024-05-31T15:02:53Z [sg194] Sent 246 bytes of cmdfile/XMODEM: 256 Bytes, 34 BPS
Received cmdfile 246 bytes
0:6:1:0:15:431:1 logout
Disconnected at 2024-05-31T15:03:17Z (normal)


Connected at 2024-05-31T15:06:35Z (sg194)
logged in
0:7:1:0:15:431:0:184:3042:416:-39.1:-4.03:10.72:26.62:8.71:47.4 GPS,151004,150555,4729.029,-12229.957,7,1.0,26,16.2,0.7,195.8,9,4.7
EOP_CODE=CONTROL_FINISHED_OK
RECOV_CODE=QUIT_COMMAND
ver=66.14,rev=5179M,frag=4,launch=151004:144357
Iridium bars: 5 geolocation: 4729.735,-12228.027,310524,150228
cmdfile
2024-05-31T15:06:54Z [sg194] Sent 246 bytes of cmdfile/XMODEM: 256 Bytes, 31 BPS
Received cmdfile 246 bytes
0:7:1:0:15:431:1 logout
Disconnected at 2024-05-31T15:07:19Z (normal)


Connected at 2024-05-31T15:10:39Z (sg194)
logged in
0:8:1:0:15:431:0:184:3042:416:-38.5:-4.31:10.72:26.56:8.71:46.8 GPS,151004,150949,4729.006,-12230.019,7,1.0,22,16.2,0.0,0.0,9,5.0
EOP_CODE=CONTROL_FINISHED_OK
RECOV_CODE=QUIT_COMMAND
ver=66.14,rev=5179M,frag=4,launch=151004:144357
Iridium bars: 4 geolocation: 4729.735,-12228.027,310524,150627
cmdfile
2024-05-31T15:10:57Z [sg194] Sent 246 bytes of cmdfile/XMODEM: 256 Bytes, 31 BPS
Received cmdfile 246 bytes
0:8:1:0:15:431:1 logout
Disconnected at 2024-05-31T15:11:20Z (normal)


Connected at 2024-05-31T15:14:40Z (sg194)
logged in
0:9:1:0:15:431:0:185:3042:416:-33.4:-4.66:10.73:26.56:8.72:47.4 GPS,151004,151353,4729.013,-12230.051,19,1.0,25,16.2,0.5,93.4,9,4.9
EOP_CODE=CONTROL_FINISHED_OK
RECOV_CODE=QUIT_COMMAND
ver=66.14,rev=5179M,frag=4,launch=151004:144357
Iridium bars: 4 geolocation: 4729.735,-12228.027,310524,151030
cmdfile
2024-05-31T15:14:59Z [sg194] Sent 246 bytes of cmdfile/XMODEM: 256 Bytes, 31 BPS
Received cmdfile 246 bytes
0:9:1:0:15:431:1 logout
Disconnected at 2024-05-31T15:15:23Z (normal)


Connected at 2024-05-31T15:18:44Z (sg194)
logged in
0:10:1:0:15:431:0:184:3042:418:-69.9:-3.74:10.73:26.61:8.66:45.6 GPS,151004,151756,4729.023,-12229.993,7,1.0,25,16.2,0.3,12.6,9,4.6
EOP_CODE=CONTROL_FINISHED_OK
RECOV_CODE=QUIT_COMMAND
ver=66.14,rev=5179M,frag=4,launch=151004:144357
Iridium bars: 5 geolocation: 4728.880,-12230.715,310524,151432
cmdfile
2024-05-31T15:19:03Z [sg194] Sent 246 bytes of cmdfile/XMODEM: 256 Bytes, 31 BPS
Received cmdfile 246 bytes
0:10:1:0:15:431:1 logout
Disconnected at 2024-05-31T15:19:28Z (normal)


Connected at 2024-05-31T15:22:51Z (sg194)
logged in
0:11:1:0:15:431:0:184:3041:417:-64.9:-3.91:10.73:26.61:8.65:46.4 GPS,151004,152201,4729.056,-12229.983,7,1.0,25,16.2,0.0,0.0,9,4.9
EOP_CODE=CONTROL_FINISHED_OK
RECOV_CODE=QUIT_COMMAND
ver=66.14,rev=5179M,frag=4,launch=151004:144357
Iridium bars: 5 geolocation: 4729.735,-12228.027,310524,151836
cmdfile
2024-05-31T15:23:14Z [sg194] Sent 246 bytes of cmdfile/XMODEM: 256 Bytes, 32 BPS
Received cmdfile 246 bytes
0:11:1:0:15:431:1 logout
Disconnected at 2024-05-31T15:23:38Z (normal)


Connected at 2024-05-31T15:27:00Z (sg194)
logged in
0:12:1:0:15:431:0:184:3041:418:-69.3:-4.26:10.72:26.61:8.64:46.6 GPS,151004,152613,4729.064,-12229.973,7,1.0,22,16.2,0.0,37.8,9,4.8
EOP_CODE=CONTROL_FINISHED_OK
RECOV_CODE=QUIT_COMMAND
ver=66.14,rev=5179M,frag=4,launch=151004:144357
Iridium bars: 5 geolocation: 4726.077,-12229.004,310524,152242
cmdfile
2024-05-31T15:27:18Z [sg194] Sent 249 bytes of cmdfile/XMODEM: 256 Bytes, 33 BPS
Received cmdfile 249 bytes
0:12:1:0:15:431:1 logout
Disconnected at 2024-05-31T15:27:40Z (normal)


Connected at 2024-05-31T15:57:23Z (sg194)
logged in
1:0:1:0:15:431:0:198:3023:416:-69.4:-3.94:10.71:26.46:8.59:47.0 GPS,151004,155534,4729.255,-12229.748,22,1.1,25,16.2,0.0,0.0,8,4.8
ver=66.14,rev=5179M,frag=4,launch=151004:144357
Iridium bars: 4 geolocation: 4728.392,-12226.317,310524,152652
cmdfile
2024-05-31T15:57:40Z [sg194] Sent 247 bytes of cmdfile/XMODEM: 256 Bytes, 33 BPS
Received cmdfile 247 bytes
targets
2024-05-31T15:58:12Z [sg194] Sent 343 bytes of targets/XMODEM: 384 Bytes, 27 BPS
2024-05-31T15:58:27Z [sg194] sector number = 1, block length = 1024
2024-05-31T15:58:33Z [sg194] sector number = 2, block length = 1024
2024-05-31T15:58:36Z [sg194] sector number = 3, block length = 1024
2024-05-31T15:58:41Z [sg194] sector number = 4, block length = 1024
2024-05-31T15:58:42Z [sg194] received EOT and read timed out
2024-05-31T15:58:42Z [sg194] sector number = -10, block length = 1024
2024-05-31T15:58:42Z [sg194] done - sending ACK
2024-05-31T15:58:43Z [sg194] sg0001lz.x00/XMODEM: 4096 Bytes, 200 BPS
2024-05-31T15:58:43Z [sg194] Exiting (0)
Sent sg0001lz.x00 3435 bytes
2024-05-31T15:58:56Z [sg194] sector number = 1, block length = 1024
2024-05-31T15:59:02Z [sg194] sector number = 2, block length = 1024
2024-05-31T15:59:06Z [sg194] sector number = 3, block length = 1024
2024-05-31T15:59:11Z [sg194] sector number = 4, block length = 1024
2024-05-31T15:59:13Z [sg194] received EOT and read timed out
2024-05-31T15:59:13Z [sg194] sector number = -10, block length = 1024
2024-05-31T15:59:13Z [sg194] done - sending ACK
2024-05-31T15:59:13Z [sg194] sg0001dz.x00/XMODEM: 4096 Bytes, 168 BPS
2024-05-31T15:59:13Z [sg194] Exiting (0)
Sent sg0001dz.x00 4096 bytes
2024-05-31T15:59:27Z [sg194] sector number = 1, block length = 1024
2024-05-31T15:59:29Z [sg194] received EOT and read timed out
2024-05-31T15:59:29Z [sg194] sector number = -10, block length = 1024
2024-05-31T15:59:29Z [sg194] done - sending ACK
2024-05-31T15:59:29Z [sg194] sg0001dz.x01/XMODEM: 1024 Bytes, 119 BPS
2024-05-31T15:59:29Z [sg194] Exiting (0)
Sent sg0001dz.x01 474 bytes
2024-05-31T15:59:37Z [sg194] sector number = 1, block length = 1024
2024-05-31T15:59:43Z [sg194] sector number = 2, block length = 1024
2024-05-31T15:59:47Z [sg194] sector number = 3, block length = 1024
2024-05-31T15:59:51Z [sg194] sector number = 4, block length = 1024
2024-05-31T15:59:53Z [sg194] received EOT and read timed out
2024-05-31T15:59:53Z [sg194] sector number = -10, block length = 1024
2024-05-31T15:59:53Z [sg194] done - sending ACK
2024-05-31T15:59:53Z [sg194] sg0001kz.x00/XMODEM: 4096 Bytes, 207 BPS
2024-05-31T15:59:53Z [sg194] Exiting (0)
Sent sg0001kz.x00 4096 bytes
2024-05-31T16:00:06Z [sg194] sector number = 1, block length = 1024
2024-05-31T16:00:11Z [sg194] sector number = 2, block length = 1024
2024-05-31T16:00:15Z [sg194] sector number = 3, block length = 1024
2024-05-31T16:00:20Z [sg194] sector number = 4, block length = 1024
2024-05-31T16:00:22Z [sg194] received EOT and read timed out
2024-05-31T16:00:22Z [sg194] sector number = -10, block length = 1024
2024-05-31T16:00:22Z [sg194] done - sending ACK
2024-05-31T16:00:22Z [sg194] sg0001kz.x01/XMODEM: 4096 Bytes, 184 BPS
2024-05-31T16:00:22Z [sg194] Exiting (0)
Sent sg0001kz.x01 4096 bytes
2024-05-31T16:00:31Z [sg194] sector number = 1, block length = 1024
2024-05-31T16:00:35Z [sg194] sector number = 2, block length = 1024
2024-05-31T16:00:39Z [sg194] sector number = 3, block length = 1024
2024-05-31T16:00:44Z [sg194] sector number = 4, block length = 1024
2024-05-31T16:00:46Z [sg194] received EOT and read timed out
2024-05-31T16:00:46Z [sg194] sector number = -10, block length = 1024
2024-05-31T16:00:46Z [sg194] done - sending ACK
2024-05-31T16:00:46Z [sg194] sg0001kz.x02/XMODEM: 4096 Bytes, 208 BPS
2024-05-31T16:00:46Z [sg194] Exiting (0)
Sent sg0001kz.x02 4096 bytes
2024-05-31T16:00:58Z [sg194] sector number = 1, block length = 1024
2024-05-31T16:01:02Z [sg194] sector number = 2, block length = 1024
2024-05-31T16:01:06Z [sg194] sector number = 3, block length = 1024
2024-05-31T16:01:10Z [sg194] sector number = 4, block length = 1024
2024-05-31T16:01:12Z [sg194] received EOT and read timed out
2024-05-31T16:01:12Z [sg194] sector number = -10, block length = 1024
2024-05-31T16:01:12Z [sg194] done - sending ACK
2024-05-31T16:01:12Z [sg194] sg0001kz.x03/XMODEM: 4096 Bytes, 223 BPS
2024-05-31T16:01:12Z [sg194] Exiting (0)
Sent sg0001kz.x03 4096 bytes
2024-05-31T16:01:20Z [sg194] sector number = 1, block length = 1024
2024-05-31T16:01:22Z [sg194] received EOT and read timed out
2024-05-31T16:01:22Z [sg194] sector number = -10, block length = 1024
2024-05-31T16:01:22Z [sg194] done - sending ACK
2024-05-31T16:01:22Z [sg194] sg0001kz.x04/XMODEM: 1024 Bytes, 161 BPS
2024-05-31T16:01:22Z [sg194] Exiting (0)
Sent sg0001kz.x04 428 bytes
1:0:1:0:15:431:1 logout
Disconnected at 2024-05-31T16:01:28Z (normal)


Connected at 2024-05-31T16:03:19Z (sg194)
logged in
1:1:1:0:15:431:0:197:3023:415:-69.1:-4.40:10.70:26.36:8.59:47.0 GPS,151004,160227,4729.271,-12229.730,6,1.1,25,16.2,0.0,0.0,8,4.8
EOP_CODE=CONTROL_FINISHED_OK
RECOV_CODE=QUIT_COMMAND
ver=66.14,rev=5179M,frag=4,launch=151004:144357
Iridium bars: 5 geolocation: 4729.735,-12228.027,310524,155711
cmdfile
2024-05-31T16:03:37Z [sg194] Sent 247 bytes of cmdfile/XMODEM: 256 Bytes, 32 BPS
Received cmdfile 247 bytes
targets
2024-05-31T16:04:05Z [sg194] Sent 343 bytes of targets/XMODEM: 384 Bytes, 40 BPS
Received targets 343 bytes
1:1:1:0:15:431:1 logout
Disconnected at 2024-05-31T16:04:17Z (normal)


Connected at 2024-05-31T16:07:51Z (sg194)
logged in
1:2:1:0:15:431:0:198:3023:415:-70.7:-4.49:10.71:26.49:8.59:48.1 GPS,151004,160655,4729.282,-12229.726,7,1.1,26,16.2,0.0,177.1,9,4.9
EOP_CODE=CONTROL_FINISHED_OK
RECOV_CODE=QUIT_COMMAND
ver=66.14,rev=5179M,frag=4,launch=151004:144357
Iridium bars: 5 geolocation: 4726.077,-12229.004,310524,160311
cmdfile
2024-05-31T16:08:09Z [sg194] Sent 247 bytes of cmdfile/XMODEM: 256 Bytes, 34 BPS
Received cmdfile 247 bytes
targets
2024-05-31T16:08:35Z [sg194] Sent 338 bytes of targets/XMODEM: 384 Bytes, 44 BPS
Received targets 338 bytes
1:2:1:0:15:431:1 logout
Disconnected at 2024-05-31T16:08:47Z (normal)


Connected at 2024-05-31T16:12:04Z (sg194)
logged in
1:3:1:0:15:431:0:198:3023:414:-68.6:-4.79:10.70:26.54:8.59:47.9 GPS,151004,161114,4729.293,-12229.727,17,1.4,20,16.2,0.0,0.0,8,4.7
EOP_CODE=CONTROL_FINISHED_OK
RECOV_CODE=QUIT_COMMAND
ver=66.14,rev=5179M,frag=4,launch=151004:144357
Iridium bars: 5 geolocation: 4731.681,-12232.429,310524,160744
cmdfile
2024-05-31T16:12:22Z [sg194] Sent 250 bytes of cmdfile/XMODEM: 256 Bytes, 33 BPS
Received cmdfile 250 bytes
1:3:1:0:15:431:1 logout
Disconnected at 2024-05-31T16:12:46Z (normal)


Connected at 2024-05-31T16:51:55Z (sg194)
logged in
2:0:1:0:15:431:0:209:3057:416:-70.3:-5.61:10.71:26.46:8.57:48.1 GPS,151004,165002,4729.581,-12229.684,9,0.9,42,16.2,0.0,0.0,9,3.0
ver=66.14,rev=5179M,frag=4,launch=151004:144357
Iridium bars: 2 geolocation: 4726.932,-12226.317,310524,161156
cmdfile
2024-05-31T16:52:11Z [sg194] Sent 126 bytes of cmdfile/XMODEM: 128 Bytes, 20 BPS
Received cmdfile 126 bytes
2024-05-31T16:52:38Z [sg194] sector number = 1, block length = 1024
2024-05-31T16:52:42Z [sg194] sector number = 2, block length = 1024
2024-05-31T16:52:46Z [sg194] sector number = 3, block length = 1024
2024-05-31T16:52:50Z [sg194] sector number = 4, block length = 1024
2024-05-31T16:52:52Z [sg194] received EOT and read timed out
2024-05-31T16:52:52Z [sg194] sector number = -10, block length = 1024
2024-05-31T16:52:52Z [sg194] done - sending ACK
2024-05-31T16:52:52Z [sg194] sg0002lz.x00/XMODEM: 4096 Bytes, 225 BPS
2024-05-31T16:52:52Z [sg194] Exiting (0)
Sent sg0002lz.x00 3696 bytes
2024-05-31T16:53:03Z [sg194] sector number = 1, block length = 1024
2024-05-31T16:53:08Z [sg194] sector number = 2, block length = 1024
2024-05-31T16:53:12Z [sg194] sector number = 3, block length = 1024
2024-05-31T16:53:16Z [sg194] sector number = 4, block length = 1024
2024-05-31T16:53:18Z [sg194] received EOT and read timed out
2024-05-31T16:53:18Z [sg194] sector number = -10, block length = 1024
2024-05-31T16:53:18Z [sg194] done - sending ACK
2024-05-31T16:53:18Z [sg194] sg0002dz.x00/XMODEM: 4096 Bytes, 220 BPS
2024-05-31T16:53:18Z [sg194] Exiting (0)
Sent sg0002dz.x00 4096 bytes
2024-05-31T16:53:27Z [sg194] sector number = 1, block length = 1024
2024-05-31T16:53:31Z [sg194] sector number = 2, block length = 1024
2024-05-31T16:53:33Z [sg194] received EOT and read timed out
2024-05-31T16:53:33Z [sg194] sector number = -10, block length = 1024
2024-05-31T16:53:33Z [sg194] done - sending ACK
2024-05-31T16:53:33Z [sg194] sg0002dz.x01/XMODEM: 2048 Bytes, 195 BPS
2024-05-31T16:53:33Z [sg194] Exiting (0)
Sent sg0002dz.x01 1931 bytes
2024-05-31T16:53:41Z [sg194] sector number = 1, block length = 1024
2024-05-31T16:53:45Z [sg194] sector number = 2, block length = 1024
2024-05-31T16:53:49Z [sg194] sector number = 3, block length = 1024
2024-05-31T16:53:53Z [sg194] sector number = 4, block length = 1024
2024-05-31T16:53:55Z [sg194] received EOT and read timed out
2024-05-31T16:53:55Z [sg194] sector number = -10, block length = 1024
2024-05-31T16:53:55Z [sg194] done - sending ACK
2024-05-31T16:53:55Z [sg194] sg0002kz.x00/XMODEM: 4096 Bytes, 222 BPS
2024-05-31T16:53:55Z [sg194] Exiting (0)
Sent sg0002kz.x00 4096 bytes
2024-05-31T16:54:07Z [sg194] sector number = 1, block length = 1024
2024-05-31T16:54:11Z [sg194] sector number = 2, block length = 1024
2024-05-31T16:54:15Z [sg194] sector number = 3, block length = 1024
2024-05-31T16:54:19Z [sg194] sector number = 4, block length = 1024
2024-05-31T16:54:21Z [sg194] received EOT and read timed out
2024-05-31T16:54:21Z [sg194] sector number = -10, block length = 1024
2024-05-31T16:54:21Z [sg194] done - sending ACK
2024-05-31T16:54:21Z [sg194] sg0002kz.x01/XMODEM: 4096 Bytes, 228 BPS
2024-05-31T16:54:21Z [sg194] Exiting (0)
Sent sg0002kz.x01 4096 bytes
2024-05-31T16:54:32Z [sg194] sector number = 1, block length = 1024
2024-05-31T16:54:36Z [sg194] sector number = 2, block length = 1024
2024-05-31T16:54:40Z [sg194] sector number = 3, block length = 1024
2024-05-31T16:54:44Z [sg194] sector number = 4, block length = 1024
2024-05-31T16:54:46Z [sg194] received EOT and read timed out
2024-05-31T16:54:46Z [sg194] sector number = -10, block length = 1024
2024-05-31T16:54:46Z [sg194] done - sending ACK
2024-05-31T16:54:46Z [sg194] sg0002kz.x02/XMODEM: 4096 Bytes, 226 BPS
2024-05-31T16:54:46Z [sg194] Exiting (0)
Sent sg0002kz.x02 4096 bytes
2024-05-31T16:55:00Z [sg194] sector number = 1, block length = 1024
2024-05-31T16:55:04Z [sg194] sector number = 2, block length = 1024
2024-05-31T16:55:08Z [sg194] sector number = 3, block length = 1024
2024-05-31T16:55:12Z [sg194] sector number = 4, block length = 1024
2024-05-31T16:55:14Z [sg194] received EOT and read timed out
2024-05-31T16:55:14Z [sg194] sector number = -10, block length = 1024
2024-05-31T16:55:14Z [sg194] done - sending ACK
2024-05-31T16:55:14Z [sg194] sg0002kz.x03/XMODEM: 4096 Bytes, 225 BPS
2024-05-31T16:55:14Z [sg194] Exiting (0)
Sent sg0002kz.x03 4096 bytes
2024-05-31T16:55:22Z [sg194] sector number = 1, block length = 1024
2024-05-31T16:55:24Z [sg194] received EOT and read timed out
2024-05-31T16:55:24Z [sg194] sector number = -10, block length = 1024
2024-05-31T16:55:24Z [sg194] done - sending ACK
2024-05-31T16:55:24Z [sg194] sg0002kz.x04/XMODEM: 1024 Bytes, 163 BPS
2024-05-31T16:55:24Z [sg194] Exiting (0)
Sent sg0002kz.x04 140 bytes
2:0:1:0:15:431:1 logout
Disconnected at 2024-05-31T16:55:32Z (normal)


Connected at 2024-05-31T16:57:11Z (sg194)
logged in
2:1:1:0:15:431:0:208:3057:413:-69.4:-5.93:10.70:26.32:8.56:48.1 GPS,151004,165616,4729.571,-12229.663,7,0.9,16,16.2,0.0,0.0,9,4.3
EOP_CODE=CONTROL_FINISHED_OK
RECOV_CODE=QUIT_COMMAND
ver=66.14,rev=5179M,frag=4,launch=151004:144357
Iridium bars: 5 geolocation: 4732.537,-12229.739,310524,165147
cmdfile
2024-05-31T16:57:30Z [sg194] Sent 126 bytes of cmdfile/XMODEM: 128 Bytes, 19 BPS
Received cmdfile 126 bytes
2:1:1:0:15:431:1 logout
Disconnected at 2024-05-31T16:57:52Z (normal)


Connected at 2024-05-31T17:00:53Z (sg194)
logged in
2:2:1:0:15:431:0:208:3057:412:-70.9:-6.04:10.70:26.46:8.57:48.5 GPS,151004,170011,4729.565,-12229.648,9,0.9,15,16.2,0.0,145.8,9,4.9
EOP_CODE=CONTROL_FINISHED_OK
RECOV_CODE=QUIT_COMMAND
ver=66.14,rev=5179M,frag=4,launch=151004:144357
Iridium bars: 5 geolocation: 4728.392,-12226.317,310524,165703
cmdfile
2024-05-31T17:01:11Z [sg194] Sent 128 bytes of cmdfile/XMODEM: 128 Bytes, 19 BPS
Received cmdfile 128 bytes
2:2:1:0:15:431:1 logout
Disconnected at 2024-05-31T17:01:33Z (normal)


Connected at 2024-05-31T17:39:59Z (sg194)
logged in
3:0:1:0:15:431:0:207:3058:417:-69.9:-6.96:10.71:26.46:8.56:47.4 GPS,151004,173815,4729.835,-12229.535,16,1.2,19,16.2,0.0,0.0,8,4.3
ver=66.14,rev=5179M,frag=4,launch=151004:144357
Iridium bars: 5 geolocation: 4729.244,-12223.628,310524,170047
cmdfile
2024-05-31T17:40:15Z [sg194] Sent 128 bytes of cmdfile/XMODEM: 128 Bytes, 20 BPS
Received cmdfile 128 bytes
2024-05-31T17:40:42Z [sg194] sector number = 1, block length = 1024
2024-05-31T17:40:48Z [sg194] sector number = 2, block length = 1024
2024-05-31T17:40:53Z [sg194] sector number = 3, block length = 1024
2024-05-31T17:40:58Z [sg194] sector number = 4, block length = 1024
2024-05-31T17:41:00Z [sg194] received EOT and read timed out
2024-05-31T17:41:00Z [sg194] sector number = -10, block length = 1024
2024-05-31T17:41:00Z [sg194] done - sending ACK
2024-05-31T17:41:00Z [sg194] sg0003lz.x00/XMODEM: 4096 Bytes, 182 BPS
2024-05-31T17:41:00Z [sg194] Exiting (0)
Sent sg0003lz.x00 3663 bytes
2024-05-31T17:41:09Z [sg194] sector number = 1, block length = 1024
2024-05-31T17:41:13Z [sg194] sector number = 2, block length = 1024
2024-05-31T17:41:18Z [sg194] sector number = 3, block length = 1024
2024-05-31T17:41:24Z [sg194] sector number = 4, block length = 1024
2024-05-31T17:41:26Z [sg194] received EOT and read timed out
2024-05-31T17:41:26Z [sg194] sector number = -10, block length = 1024
2024-05-31T17:41:26Z [sg194] done - sending ACK
2024-05-31T17:41:26Z [sg194] sg0003dz.x00/XMODEM: 4096 Bytes, 191 BPS
2024-05-31T17:41:26Z [sg194] Exiting (0)
Sent sg0003dz.x00 4096 bytes
2024-05-31T17:41:36Z [sg194] sector number = 1, block length = 1024
2024-05-31T17:41:42Z [sg194] sector number = 2, block length = 1024
2024-05-31T17:41:43Z [sg194] received EOT and read timed out
2024-05-31T17:41:43Z [sg194] sector number = -10, block length = 1024
2024-05-31T17:41:43Z [sg194] done - sending ACK
2024-05-31T17:41:43Z [sg194] sg0003dz.x01/XMODEM: 2048 Bytes, 153 BPS
2024-05-31T17:41:43Z [sg194] Exiting (0)
Sent sg0003dz.x01 1662 bytes
2024-05-31T17:41:54Z [sg194] sector number = 1, block length = 1024
2024-05-31T17:41:59Z [sg194] sector number = 2, block length = 1024
2024-05-31T17:42:04Z [sg194] sector number = 3, block length = 1024
2024-05-31T17:42:08Z [sg194] sector number = 4, block length = 1024
2024-05-31T17:42:10Z [sg194] received EOT and read timed out
2024-05-31T17:42:10Z [sg194] sector number = -10, block length = 1024
2024-05-31T17:42:10Z [sg194] done - sending ACK
2024-05-31T17:42:10Z [sg194] sg0003kz.x00/XMODEM: 4096 Bytes, 185 BPS
2024-05-31T17:42:10Z [sg194] Exiting (0)
Sent sg0003kz.x00 4096 bytes
2024-05-31T17:42:21Z [sg194] sector number = 1, block length = 1024
2024-05-31T17:42:27Z [sg194] sector number = 2, block length = 1024
2024-05-31T17:42:32Z [sg194] sector number = 3, block length = 1024
2024-05-31T17:42:36Z [sg194] sector number = 4, block length = 1024
2024-05-31T17:42:38Z [sg194] received EOT and read timed out
2024-05-31T17:42:38Z [sg194] sector number = -10, block length = 1024
2024-05-31T17:42:38Z [sg194] done - sending ACK
2024-05-31T17:42:38Z [sg194] sg0003kz.x01/XMODEM: 4096 Bytes, 187 BPS
2024-05-31T17:42:38Z [sg194] Exiting (0)
Sent sg0003kz.x01 4096 bytes
2024-05-31T17:42:47Z [sg194] sector number = 1, block length = 1024
2024-05-31T17:42:50Z [sg194] sector number = 2, block length = 1024
2024-05-31T17:42:54Z [sg194] sector number = 3, block length = 1024
2024-05-31T17:42:58Z [sg194] sector number = 4, block length = 1024
2024-05-31T17:43:00Z [sg194] received EOT and read timed out
2024-05-31T17:43:00Z [sg194] sector number = -10, block length = 1024
2024-05-31T17:43:00Z [sg194] done - sending ACK
2024-05-31T17:43:00Z [sg194] sg0003kz.x02/XMODEM: 4096 Bytes, 225 BPS
2024-05-31T17:43:00Z [sg194] Exiting (0)
Sent sg0003kz.x02 4096 bytes
2024-05-31T17:43:09Z [sg194] sector number = 1, block length = 1024
2024-05-31T17:43:13Z [sg194] sector number = 2, block length = 1024
2024-05-31T17:43:17Z [sg194] sector number = 3, block length = 1024
2024-05-31T17:43:19Z [sg194] received EOT and read timed out
2024-05-31T17:43:19Z [sg194] sector number = -10, block length = 1024
2024-05-31T17:43:19Z [sg194] done - sending ACK
2024-05-31T17:43:19Z [sg194] sg0003kz.x03/XMODEM: 3072 Bytes, 215 BPS
2024-05-31T17:43:19Z [sg194] Exiting (0)
Sent sg0003kz.x03 2862 bytes
3:0:1:0:15:431:1 logout
Disconnected at 2024-05-31T17:43:29Z (normal)


Connected at 2024-05-31T18:16:02Z (sg194)
logged in
4:0:1:0:15:431:0:202:3062:416:-71.9:-8.10:10.71:26.43:8.55:47.0 GPS,151004,181418,4730.040,-12229.561,12,0.9,21,16.2,0.0,0.0,9,4.7
ver=66.14,rev=5179M,frag=4,launch=151004:144357
Iridium bars: 5 geolocation: 4729.735,-12228.027,310524,173951
cmdfile
2024-05-31T18:16:18Z [sg194] Sent 124 bytes of cmdfile/XMODEM: 128 Bytes, 20 BPS
Received cmdfile 124 bytes
2024-05-31T18:16:45Z [sg194] sector number = 1, block length = 1024
2024-05-31T18:16:49Z [sg194] sector number = 2, block length = 1024
2024-05-31T18:16:53Z [sg194] sector number = 3, block length = 1024
2024-05-31T18:16:57Z [sg194] sector number = 4, block length = 1024
2024-05-31T18:16:59Z [sg194] received EOT and read timed out
2024-05-31T18:16:59Z [sg194] sector number = -10, block length = 1024
2024-05-31T18:16:59Z [sg194] done - sending ACK
2024-05-31T18:16:59Z [sg194] sg0004lz.x00/XMODEM: 4096 Bytes, 224 BPS
2024-05-31T18:16:59Z [sg194] Exiting (0)
Sent sg0004lz.x00 3604 bytes
2024-05-31T18:17:08Z [sg194] sector number = 1, block length = 1024
2024-05-31T18:17:12Z [sg194] sector number = 2, block length = 1024
2024-05-31T18:17:15Z [sg194] sector number = 3, block length = 1024
2024-05-31T18:17:20Z [sg194] sector number = 4, block length = 1024
2024-05-31T18:17:22Z [sg194] received EOT and read timed out
2024-05-31T18:17:22Z [sg194] sector number = -10, block length = 1024
2024-05-31T18:17:22Z [sg194] done - sending ACK
2024-05-31T18:17:22Z [sg194] sg0004dz.x00/XMODEM: 4096 Bytes, 222 BPS
2024-05-31T18:17:22Z [sg194] Exiting (0)
Sent sg0004dz.x00 4096 bytes
2024-05-31T18:17:36Z [sg194] sector number = 1, block length = 1024
2024-05-31T18:17:38Z [sg194] received EOT and read timed out
2024-05-31T18:17:38Z [sg194] sector number = -10, block length = 1024
2024-05-31T18:17:38Z [sg194] done - sending ACK
2024-05-31T18:17:38Z [sg194] sg0004dz.x01/XMODEM: 1024 Bytes, 117 BPS
2024-05-31T18:17:38Z [sg194] Exiting (0)
Sent sg0004dz.x01 850 bytes
2024-05-31T18:17:46Z [sg194] sector number = 1, block length = 1024
2024-05-31T18:17:50Z [sg194] sector number = 2, block length = 1024
2024-05-31T18:17:54Z [sg194] sector number = 3, block length = 1024
2024-05-31T18:17:58Z [sg194] sector number = 4, block length = 1024
2024-05-31T18:18:00Z [sg194] received EOT and read timed out
2024-05-31T18:18:00Z [sg194] sector number = -10, block length = 1024
2024-05-31T18:18:00Z [sg194] done - sending ACK
2024-05-31T18:18:00Z [sg194] sg0004kz.x00/XMODEM: 4096 Bytes, 228 BPS
2024-05-31T18:18:00Z [sg194] Exiting (0)
Sent sg0004kz.x00 4096 bytes
2024-05-31T18:18:08Z [sg194] sector number = 1, block length = 1024
2024-05-31T18:18:12Z [sg194] sector number = 2, block length = 1024
2024-05-31T18:18:16Z [sg194] sector number = 3, block length = 1024
2024-05-31T18:18:20Z [sg194] sector number = 4, block length = 1024
2024-05-31T18:18:22Z [sg194] received EOT and read timed out
2024-05-31T18:18:22Z [sg194] sector number = -10, block length = 1024
2024-05-31T18:18:22Z [sg194] done - sending ACK
2024-05-31T18:18:22Z [sg194] sg0004kz.x01/XMODEM: 4096 Bytes, 228 BPS
2024-05-31T18:18:22Z [sg194] Exiting (0)
Sent sg0004kz.x01 4096 bytes
2024-05-31T18:18:30Z [sg194] sector number = 1, block length = 1024
2024-05-31T18:18:34Z [sg194] sector number = 2, block length = 1024
2024-05-31T18:18:38Z [sg194] sector number = 3, block length = 1024
2024-05-31T18:18:42Z [sg194] sector number = 4, block length = 1024
2024-05-31T18:18:44Z [sg194] received EOT and read timed out
2024-05-31T18:18:44Z [sg194] sector number = -10, block length = 1024
2024-05-31T18:18:44Z [sg194] done - sending ACK
2024-05-31T18:18:44Z [sg194] sg0004kz.x02/XMODEM: 4096 Bytes, 225 BPS
2024-05-31T18:18:44Z [sg194] Exiting (0)
Sent sg0004kz.x02 4096 bytes
2024-05-31T18:18:53Z [sg194] sector number = 1, block length = 1024
2024-05-31T18:18:55Z [sg194] received EOT and read timed out
2024-05-31T18:18:55Z [sg194] sector number = -10, block length = 1024
2024-05-31T18:18:55Z [sg194] done - sending ACK
2024-05-31T18:18:55Z [sg194] sg0004kz.x03/XMODEM: 1024 Bytes, 163 BPS
2024-05-31T18:18:55Z [sg194] Exiting (0)
Sent sg0004kz.x03 703 bytes
4:0:1:0:15:431:1 logout
Disconnected at 2024-05-31T18:19:02Z (normal)


Connected at 2024-05-31T19:01:10Z (sg194)
logged in
5:0:1:0:15:431:0:202:3058:416:-71.8:-9.29:10.71:26.46:8.54:47.0 GPS,151004,185920,4730.434,-12229.341,21,1.0,24,16.2,0.0,0.0,9,4.4
ver=66.14,rev=5179M,frag=4,launch=151004:144357
Iridium bars: 5 geolocation: 4728.024,-12233.399,310524,181556
cmdfile
2024-05-31T19:01:27Z [sg194] Sent 124 bytes of cmdfile/XMODEM: 128 Bytes, 19 BPS
Received cmdfile 124 bytes
2024-05-31T19:01:55Z [sg194] sector number = 1, block length = 1024
2024-05-31T19:01:59Z [sg194] sector number = 2, block length = 1024
2024-05-31T19:02:04Z [sg194] sector number = 3, block length = 1024
2024-05-31T19:02:09Z [sg194] sector number = 4, block length = 1024
2024-05-31T19:02:11Z [sg194] received EOT and read timed out
2024-05-31T19:02:11Z [sg194] sector number = -10, block length = 1024
2024-05-31T19:02:11Z [sg194] done - sending ACK
2024-05-31T19:02:11Z [sg194] sg0005lz.x00/XMODEM: 4096 Bytes, 194 BPS
2024-05-31T19:02:11Z [sg194] Exiting (0)
Sent sg0005lz.x00 3803 bytes
2024-05-31T19:02:20Z [sg194] sector number = 1, block length = 1024
2024-05-31T19:02:24Z [sg194] sector number = 2, block length = 1024
2024-05-31T19:02:28Z [sg194] sector number = 3, block length = 1024
2024-05-31T19:02:32Z [sg194] sector number = 4, block length = 1024
2024-05-31T19:02:35Z [sg194] received EOT and read timed out
2024-05-31T19:02:35Z [sg194] sector number = -10, block length = 1024
2024-05-31T19:02:35Z [sg194] done - sending ACK
2024-05-31T19:02:35Z [sg194] sg0005dz.x00/XMODEM: 4096 Bytes, 218 BPS
2024-05-31T19:02:35Z [sg194] Exiting (0)
Sent sg0005dz.x00 4096 bytes
2024-05-31T19:02:44Z [sg194] sector number = 1, block length = 1024
2024-05-31T19:02:50Z [sg194] sector number = 2, block length = 1024
2024-05-31T19:02:54Z [sg194] sector number = 3, block length = 1024
2024-05-31T19:02:56Z [sg194] received EOT and read timed out
2024-05-31T19:02:56Z [sg194] sector number = -10, block length = 1024
2024-05-31T19:02:56Z [sg194] done - sending ACK
2024-05-31T19:02:56Z [sg194] sg0005dz.x01/XMODEM: 3072 Bytes, 182 BPS
2024-05-31T19:02:56Z [sg194] Exiting (0)
Sent sg0005dz.x01 2456 bytes
2024-05-31T19:03:06Z [sg194] sector number = 1, block length = 1024
2024-05-31T19:03:10Z [sg194] sector number = 2, block length = 1024
2024-05-31T19:03:14Z [sg194] sector number = 3, block length = 1024
2024-05-31T19:03:18Z [sg194] sector number = 4, block length = 1024
2024-05-31T19:03:20Z [sg194] received EOT and read timed out
2024-05-31T19:03:20Z [sg194] sector number = -10, block length = 1024
2024-05-31T19:03:20Z [sg194] done - sending ACK
2024-05-31T19:03:20Z [sg194] sg0005kz.x00/XMODEM: 4096 Bytes, 208 BPS
2024-05-31T19:03:20Z [sg194] Exiting (0)
Sent sg0005kz.x00 4096 bytes
2024-05-31T19:03:29Z [sg194] sector number = 1, block length = 1024
2024-05-31T19:03:33Z [sg194] sector number = 2, block length = 1024
2024-05-31T19:03:37Z [sg194] sector number = 3, block length = 1024
2024-05-31T19:03:41Z [sg194] sector number = 4, block length = 1024
2024-05-31T19:03:44Z [sg194] received EOT and read timed out
2024-05-31T19:03:44Z [sg194] sector number = -10, block length = 1024
2024-05-31T19:03:44Z [sg194] done - sending ACK
2024-05-31T19:03:44Z [sg194] sg0005kz.x01/XMODEM: 4096 Bytes, 217 BPS
2024-05-31T19:03:44Z [sg194] Exiting (0)
Sent sg0005kz.x01 4096 bytes
2024-05-31T19:03:53Z [sg194] sector number = 1, block length = 1024
2024-05-31T19:03:57Z [sg194] sector number = 2, block length = 1024
2024-05-31T19:04:01Z [sg194] sector number = 3, block length = 1024
2024-05-31T19:04:05Z [sg194] sector number = 4, block length = 1024
2024-05-31T19:04:07Z [sg194] received EOT and read timed out
2024-05-31T19:04:07Z [sg194] sector number = -10, block length = 1024
2024-05-31T19:04:07Z [sg194] done - sending ACK
2024-05-31T19:04:07Z [sg194] sg0005kz.x02/XMODEM: 4096 Bytes, 217 BPS
2024-05-31T19:04:07Z [sg194] Exiting (0)
Sent sg0005kz.x02 4096 bytes
2024-05-31T19:04:16Z [sg194] sector number = 1, block length = 1024
2024-05-31T19:04:20Z [sg194] sector number = 2, block length = 1024
2024-05-31T19:04:24Z [sg194] sector number = 3, block length = 1024
2024-05-31T19:04:29Z [sg194] sector number = 4, block length = 1024
2024-05-31T19:04:31Z [sg194] received EOT and read timed out
2024-05-31T19:04:31Z [sg194] sector number = -10, block length = 1024
2024-05-31T19:04:31Z [sg194] done - sending ACK
2024-05-31T19:04:31Z [sg194] sg0005kz.x03/XMODEM: 4096 Bytes, 211 BPS
2024-05-31T19:04:31Z [sg194] Exiting (0)
Sent sg0005kz.x03 3215 bytes
5:0:1:0:15:431:1 logout
Disconnected at 2024-05-31T19:04:37Z (normal)


Connected at 2024-05-31T19:47:31Z (sg194)
logged in
6:0:2:0:15:431:-3:204:3058:415:-71.3:-10.38:10.70:26.46:8.54:47.4 GPS,151004,194338,4730.905,-12229.149,46,0.9,58,16.2,0.0,0.0,8,4.8
ver=66.14,rev=5179M,frag=4,launch=151004:144357
Iridium bars: 5 geolocation: 4730.589,-12225.337,310524,194515
cmdfile
2024-05-31T19:47:50Z [sg194] Sent 124 bytes of cmdfile/XMODEM: 128 Bytes, 19 BPS
Received cmdfile 124 bytes
2024-05-31T19:48:15Z [sg194] sector number = 1, block length = 1024
2024-05-31T19:48:19Z [sg194] sector number = 2, block length = 1024
2024-05-31T19:48:23Z [sg194] sector number = 3, block length = 1024
2024-05-31T19:48:28Z [sg194] sector number = 4, block length = 1024
2024-05-31T19:48:30Z [sg194] received EOT and read timed out
2024-05-31T19:48:30Z [sg194] sector number = -10, block length = 1024
2024-05-31T19:48:30Z [sg194] done - sending ACK
2024-05-31T19:48:30Z [sg194] sg0006lz.x00/XMODEM: 4096 Bytes, 218 BPS
2024-05-31T19:48:30Z [sg194] Exiting (0)
Sent sg0006lz.x00 3843 bytes
2024-05-31T19:48:38Z [sg194] sector number = 1, block length = 1024
2024-05-31T19:48:42Z [sg194] sector number = 2, block length = 1024
2024-05-31T19:48:46Z [sg194] sector number = 3, block length = 1024
2024-05-31T19:48:50Z [sg194] sector number = 4, block length = 1024
2024-05-31T19:48:51Z [sg194] received EOT and read timed out
2024-05-31T19:48:51Z [sg194] sector number = -10, block length = 1024
2024-05-31T19:48:51Z [sg194] done - sending ACK
2024-05-31T19:48:52Z [sg194] sg0006dz.x00/XMODEM: 4096 Bytes, 229 BPS
2024-05-31T19:48:52Z [sg194] Exiting (0)
Sent sg0006dz.x00 4096 bytes
2024-05-31T19:49:00Z [sg194] sector number = 1, block length = 1024
2024-05-31T19:49:04Z [sg194] sector number = 2, block length = 1024
2024-05-31T19:49:08Z [sg194] sector number = 3, block length = 1024
2024-05-31T19:49:09Z [sg194] received EOT and read timed out
2024-05-31T19:49:09Z [sg194] sector number = -10, block length = 1024
2024-05-31T19:49:09Z [sg194] done - sending ACK
2024-05-31T19:49:09Z [sg194] sg0006dz.x01/XMODEM: 3072 Bytes, 222 BPS
2024-05-31T19:49:09Z [sg194] Exiting (0)
Sent sg0006dz.x01 2245 bytes
2024-05-31T19:49:18Z [sg194] sector number = 1, block length = 1024
2024-05-31T19:49:22Z [sg194] sector number = 2, block length = 1024
2024-05-31T19:49:25Z [sg194] sector number = 3, block length = 1024
2024-05-31T19:49:29Z [sg194] sector number = 4, block length = 1024
2024-05-31T19:49:31Z [sg194] received EOT and read timed out
2024-05-31T19:49:31Z [sg194] sector number = -10, block length = 1024
2024-05-31T19:49:31Z [sg194] done - sending ACK
2024-05-31T19:49:31Z [sg194] sg0006kz.x00/XMODEM: 4096 Bytes, 235 BPS
2024-05-31T19:49:31Z [sg194] Exiting (0)
Sent sg0006kz.x00 4096 bytes
2024-05-31T19:49:42Z [sg194] sector number = 1, block length = 1024
2024-05-31T19:49:46Z [sg194] sector number = 2, block length = 1024
2024-05-31T19:49:50Z [sg194] sector number = 3, block length = 1024
2024-05-31T19:49:56Z [sg194] sector number = 4, block length = 1024
2024-05-31T19:49:58Z [sg194] received EOT and read timed out
2024-05-31T19:49:58Z [sg194] sector number = -10, block length = 1024
2024-05-31T19:49:58Z [sg194] done - sending ACK
2024-05-31T19:49:58Z [sg194] sg0006kz.x01/XMODEM: 4096 Bytes, 200 BPS
2024-05-31T19:49:58Z [sg194] Exiting (0)
Sent sg0006kz.x01 4096 bytes
2024-05-31T19:50:09Z [sg194] sector number = 1, block length = 1024
2024-05-31T19:50:13Z [sg194] sector number = 2, block length = 1024
2024-05-31T19:50:17Z [sg194] sector number = 3, block length = 1024
2024-05-31T19:50:22Z [sg194] sector number = 4, block length = 1024
2024-05-31T19:50:24Z [sg194] received EOT and read timed out
2024-05-31T19:50:24Z [sg194] sector number = -10, block length = 1024
2024-05-31T19:50:24Z [sg194] done - sending ACK
2024-05-31T19:50:24Z [sg194] sg0006kz.x02/XMODEM: 4096 Bytes, 190 BPS
2024-05-31T19:50:24Z [sg194] Exiting (0)
Sent sg0006kz.x02 4096 bytes
2024-05-31T19:50:33Z [sg194] sector number = 1, block length = 1024
2024-05-31T19:50:37Z [sg194] sector number = 2, block length = 1024
2024-05-31T19:50:41Z [sg194] sector number = 3, block length = 1024
2024-05-31T19:50:44Z [sg194] received EOT and read timed out
2024-05-31T19:50:44Z [sg194] sector number = -10, block length = 1024
2024-05-31T19:50:44Z [sg194] done - sending ACK
2024-05-31T19:50:44Z [sg194] sg0006kz.x03/XMODEM: 3072 Bytes, 203 BPS
2024-05-31T19:50:44Z [sg194] Exiting (0)
Sent sg0006kz.x03 2502 bytes
6:0:2:0:15:431:1 logout
Disconnected at 2024-05-31T19:50:50Z (normal)


Connected at 2024-05-31T20:22:16Z (sg194)
logged in
7:0:1:0:15:431:0:204:3059:417:-72.3:-11.25:10.69:26.46:8.53:47.7 GPS,151004,202031,4731.078,-12228.948,145,0.8,170,16.2,0.0,137.7,9,3.0
ver=66.14,rev=5179M,frag=4,launch=151004:144357
Iridium bars: 5 geolocation: 4729.735,-12228.027,310524,194724
cmdfile
2024-05-31T20:22:32Z [sg194] Sent 123 bytes of cmdfile/XMODEM: 128 Bytes, 20 BPS
Received cmdfile 123 bytes
2024-05-31T20:23:01Z [sg194] sector number = 1, block length = 1024
2024-05-31T20:23:05Z [sg194] sector number = 2, block length = 1024
2024-05-31T20:23:09Z [sg194] sector number = 3, block length = 1024
2024-05-31T20:23:15Z [sg194] sector number = 4, block length = 1024
2024-05-31T20:23:17Z [sg194] received EOT and read timed out
2024-05-31T20:23:17Z [sg194] sector number = -10, block length = 1024
2024-05-31T20:23:17Z [sg194] done - sending ACK
2024-05-31T20:23:17Z [sg194] sg0007lz.x00/XMODEM: 4096 Bytes, 183 BPS
2024-05-31T20:23:17Z [sg194] Exiting (0)
Sent sg0007lz.x00 3450 bytes
2024-05-31T20:23:28Z [sg194] sector number = 1, block length = 1024
2024-05-31T20:23:32Z [sg194] sector number = 2, block length = 1024
2024-05-31T20:23:36Z [sg194] sector number = 3, block length = 1024
2024-05-31T20:23:44Z [sg194] sector number = 4, block length = 1024
2024-05-31T20:23:46Z [sg194] received EOT and read timed out
2024-05-31T20:23:46Z [sg194] sector number = -10, block length = 1024
2024-05-31T20:23:46Z [sg194] done - sending ACK
2024-05-31T20:23:46Z [sg194] sg0007dz.x00/XMODEM: 4096 Bytes, 183 BPS
2024-05-31T20:23:46Z [sg194] Exiting (0)
Sent sg0007dz.x00 4096 bytes
2024-05-31T20:23:54Z [sg194] sector number = 1, block length = 1024
2024-05-31T20:23:56Z [sg194] received EOT and read timed out
2024-05-31T20:23:56Z [sg194] sector number = -10, block length = 1024
2024-05-31T20:23:56Z [sg194] done - sending ACK
2024-05-31T20:23:56Z [sg194] sg0007dz.x01/XMODEM: 1024 Bytes, 163 BPS
2024-05-31T20:23:56Z [sg194] Exiting (0)
Sent sg0007dz.x01 471 bytes
2024-05-31T20:24:04Z [sg194] sector number = 1, block length = 1024
2024-05-31T20:24:08Z [sg194] sector number = 2, block length = 1024
2024-05-31T20:24:12Z [sg194] sector number = 3, block length = 1024
2024-05-31T20:24:16Z [sg194] sector number = 4, block length = 1024
2024-05-31T20:24:18Z [sg194] received EOT and read timed out
2024-05-31T20:24:18Z [sg194] sector number = -10, block length = 1024
2024-05-31T20:24:18Z [sg194] done - sending ACK
2024-05-31T20:24:18Z [sg194] sg0007kz.x00/XMODEM: 4096 Bytes, 224 BPS
2024-05-31T20:24:18Z [sg194] Exiting (0)
Sent sg0007kz.x00 4096 bytes
2024-05-31T20:24:27Z [sg194] sector number = 1, block length = 1024
2024-05-31T20:24:33Z [sg194] sector number = 2, block length = 1024
2024-05-31T20:24:37Z [sg194] sector number = 3, block length = 1024
2024-05-31T20:24:41Z [sg194] sector number = 4, block length = 1024
2024-05-31T20:24:43Z [sg194] received EOT and read timed out
2024-05-31T20:24:43Z [sg194] sector number = -10, block length = 1024
2024-05-31T20:24:43Z [sg194] done - sending ACK
2024-05-31T20:24:43Z [sg194] sg0007kz.x01/XMODEM: 4096 Bytes, 199 BPS
2024-05-31T20:24:43Z [sg194] Exiting (0)
Sent sg0007kz.x01 4096 bytes
2024-05-31T20:24:54Z [sg194] sector number = 1, block length = 1024
2024-05-31T20:24:58Z [sg194] sector number = 2, block length = 1024
2024-05-31T20:25:02Z [sg194] sector number = 3, block length = 1024
2024-05-31T20:25:06Z [sg194] sector number = 4, block length = 1024
2024-05-31T20:25:08Z [sg194] received EOT and read timed out
2024-05-31T20:25:08Z [sg194] sector number = -10, block length = 1024
2024-05-31T20:25:08Z [sg194] done - sending ACK
2024-05-31T20:25:08Z [sg194] sg0007kz.x02/XMODEM: 4096 Bytes, 198 BPS
2024-05-31T20:25:08Z [sg194] Exiting (0)
Sent sg0007kz.x02 3827 bytes
7:0:1:0:15:431:1 logout
Disconnected at 2024-05-31T20:25:16Z (normal)


Connected at 2024-05-31T20:55:35Z (sg194)
logged in
8:0:1:0:15:431:0:204:3061:418:-70.3:-12.14:10.70:26.38:8.53:46.1 GPS,151004,205346,4731.309,-12229.177,10,1.0,16,16.2,0.0,0.0,8,5.0
ver=66.14,rev=5179M,frag=4,launch=151004:144357
Iridium bars: 5 geolocation: 4729.735,-12228.027,310524,202208
cmdfile
2024-05-31T20:55:53Z [sg194] Sent 123 bytes of cmdfile/XMODEM: 128 Bytes, 20 BPS
Received cmdfile 123 bytes
targets
2024-05-31T20:56:19Z [sg194] Sent 383 bytes of targets/XMODEM: 384 Bytes, 44 BPS
Received targets 383 bytes
2024-05-31T20:56:37Z [sg194] sector number = 1, block length = 1024
2024-05-31T20:56:41Z [sg194] sector number = 2, block length = 1024
2024-05-31T20:56:44Z [sg194] sector number = 3, block length = 1024
2024-05-31T20:56:48Z [sg194] sector number = 4, block length = 1024
2024-05-31T20:56:50Z [sg194] received EOT and read timed out
2024-05-31T20:56:50Z [sg194] sector number = -10, block length = 1024
2024-05-31T20:56:50Z [sg194] done - sending ACK
2024-05-31T20:56:50Z [sg194] sg0008lz.x00/XMODEM: 4096 Bytes, 199 BPS
2024-05-31T20:56:50Z [sg194] Exiting (0)
Sent sg0008lz.x00 3360 bytes
2024-05-31T20:56:59Z [sg194] sector number = 1, block length = 1024
2024-05-31T20:57:03Z [sg194] sector number = 2, block length = 1024
2024-05-31T20:57:07Z [sg194] sector number = 3, block length = 1024
2024-05-31T20:57:11Z [sg194] sector number = 4, block length = 1024
2024-05-31T20:57:13Z [sg194] received EOT and read timed out
2024-05-31T20:57:13Z [sg194] sector number = -10, block length = 1024
2024-05-31T20:57:13Z [sg194] done - sending ACK
2024-05-31T20:57:13Z [sg194] sg0008dz.x00/XMODEM: 4096 Bytes, 229 BPS
2024-05-31T20:57:13Z [sg194] Exiting (0)
Sent sg0008dz.x00 4096 bytes
2024-05-31T20:57:21Z [sg194] sector number = 1, block length = 1024
2024-05-31T20:57:23Z [sg194] received EOT and read timed out
2024-05-31T20:57:23Z [sg194] sector number = -10, block length = 1024
2024-05-31T20:57:23Z [sg194] done - sending ACK
2024-05-31T20:57:23Z [sg194] sg0008dz.x01/XMODEM: 1024 Bytes, 165 BPS
2024-05-31T20:57:23Z [sg194] Exiting (0)
Sent sg0008dz.x01 843 bytes
2024-05-31T20:57:31Z [sg194] sector number = 1, block length = 1024
2024-05-31T20:57:35Z [sg194] sector number = 2, block length = 1024
2024-05-31T20:57:39Z [sg194] sector number = 3, block length = 1024
2024-05-31T20:57:43Z [sg194] sector number = 4, block length = 1024
2024-05-31T20:57:45Z [sg194] received EOT and read timed out
2024-05-31T20:57:45Z [sg194] sector number = -10, block length = 1024
2024-05-31T20:57:45Z [sg194] done - sending ACK
2024-05-31T20:57:45Z [sg194] sg0008kz.x00/XMODEM: 4096 Bytes, 227 BPS
2024-05-31T20:57:45Z [sg194] Exiting (0)
Sent sg0008kz.x00 4096 bytes
2024-05-31T20:57:58Z [sg194] sector number = 1, block length = 1024
2024-05-31T20:58:02Z [sg194] sector number = 2, block length = 1024
2024-05-31T20:58:06Z [sg194] sector number = 3, block length = 1024
2024-05-31T20:58:10Z [sg194] sector number = 4, block length = 1024
2024-05-31T20:58:12Z [sg194] received EOT and read timed out
2024-05-31T20:58:12Z [sg194] sector number = -10, block length = 1024
2024-05-31T20:58:12Z [sg194] done - sending ACK
2024-05-31T20:58:12Z [sg194] sg0008kz.x01/XMODEM: 4096 Bytes, 201 BPS
2024-05-31T20:58:12Z [sg194] Exiting (0)
Sent sg0008kz.x01 4096 bytes
2024-05-31T20:58:20Z [sg194] sector number = 1, block length = 1024
2024-05-31T20:58:24Z [sg194] sector number = 2, block length = 1024
2024-05-31T20:58:28Z [sg194] sector number = 3, block length = 1024
2024-05-31T20:58:32Z [sg194] sector number = 4, block length = 1024
2024-05-31T20:58:34Z [sg194] received EOT and read timed out
2024-05-31T20:58:34Z [sg194] sector number = -10, block length = 1024
2024-05-31T20:58:34Z [sg194] done - sending ACK
2024-05-31T20:58:34Z [sg194] sg0008kz.x02/XMODEM: 4096 Bytes, 229 BPS
2024-05-31T20:58:34Z [sg194] Exiting (0)
Sent sg0008kz.x02 3282 bytes
8:0:1:0:15:431:1 logout
Disconnected at 2024-05-31T20:58:39Z (normal)


Connected at 2024-05-31T21:33:00Z (sg194)
logged in
9:0:1:0:15:431:0:202:3058:416:-72.5:-12.84:10.69:26.44:8.53:47.5 GPS,151004,213101,4731.541,-12229.665,76,0.9,116,16.2,0.2,128.6,9,3.0
ver=66.14,rev=5179M,frag=4,launch=151004:144357
Iridium bars: 5 geolocation: 4732.048,-12225.337,310524,205529
cmdfile
2024-05-31T21:33:16Z [sg194] Sent 123 bytes of cmdfile/XMODEM: 128 Bytes, 20 BPS
Received cmdfile 123 bytes
2024-05-31T21:33:45Z [sg194] sector number = 1, block length = 1024
2024-05-31T21:33:49Z [sg194] sector number = 2, block length = 1024
2024-05-31T21:33:54Z [sg194] sector number = 3, block length = 1024
2024-05-31T21:33:59Z [sg194] sector number = 4, block length = 1024
2024-05-31T21:34:01Z [sg194] received EOT and read timed out
2024-05-31T21:34:01Z [sg194] sector number = -10, block length = 1024
2024-05-31T21:34:01Z [sg194] done - sending ACK
2024-05-31T21:34:01Z [sg194] sg0009lz.x00/XMODEM: 4096 Bytes, 180 BPS
2024-05-31T21:34:01Z [sg194] Exiting (0)
Sent sg0009lz.x00 3469 bytes
2024-05-31T21:34:10Z [sg194] sector number = 1, block length = 1024
2024-05-31T21:34:15Z [sg194] sector number = 2, block length = 1024
2024-05-31T21:34:19Z [sg194] sector number = 3, block length = 1024
2024-05-31T21:34:23Z [sg194] sector number = 4, block length = 1024
2024-05-31T21:34:25Z [sg194] received EOT and read timed out
2024-05-31T21:34:25Z [sg194] sector number = -10, block length = 1024
2024-05-31T21:34:25Z [sg194] done - sending ACK
2024-05-31T21:34:25Z [sg194] sg0009dz.x00/XMODEM: 4096 Bytes, 206 BPS
2024-05-31T21:34:25Z [sg194] Exiting (0)
Sent sg0009dz.x00 4096 bytes
2024-05-31T21:34:34Z [sg194] sector number = 1, block length = 1024
2024-05-31T21:34:39Z [sg194] sector number = 2, block length = 1024
2024-05-31T21:34:41Z [sg194] received EOT and read timed out
2024-05-31T21:34:41Z [sg194] sector number = -10, block length = 1024
2024-05-31T21:34:41Z [sg194] done - sending ACK
2024-05-31T21:34:41Z [sg194] sg0009dz.x01/XMODEM: 2048 Bytes, 175 BPS
2024-05-31T21:34:41Z [sg194] Exiting (0)
Sent sg0009dz.x01 1171 bytes
2024-05-31T21:34:52Z [sg194] sector number = 1, block length = 1024
2024-05-31T21:34:58Z [sg194] sector number = 2, block length = 1024
2024-05-31T21:35:04Z [sg194] sector number = 3, block length = 1024
2024-05-31T21:35:08Z [sg194] sector number = 4, block length = 1024
2024-05-31T21:35:10Z [sg194] received EOT and read timed out
2024-05-31T21:35:10Z [sg194] sector number = -10, block length = 1024
2024-05-31T21:35:10Z [sg194] done - sending ACK
2024-05-31T21:35:10Z [sg194] sg0009kz.x00/XMODEM: 4096 Bytes, 166 BPS
2024-05-31T21:35:10Z [sg194] Exiting (0)
Sent sg0009kz.x00 4096 bytes
2024-05-31T21:35:21Z [sg194] sector number = 1, block length = 1024
2024-05-31T21:35:25Z [sg194] sector number = 2, block length = 1024
2024-05-31T21:35:29Z [sg194] sector number = 3, block length = 1024
2024-05-31T21:35:35Z [sg194] sector number = 4, block length = 1024
2024-05-31T21:35:36Z [sg194] received EOT and read timed out
2024-05-31T21:35:36Z [sg194] sector number = -10, block length = 1024
2024-05-31T21:35:37Z [sg194] done - sending ACK
2024-05-31T21:35:37Z [sg194] sg0009kz.x01/XMODEM: 4096 Bytes, 182 BPS
2024-05-31T21:35:37Z [sg194] Exiting (0)
Sent sg0009kz.x01 4096 bytes
2024-05-31T21:35:47Z [sg194] sector number = 1, block length = 1024
2024-05-31T21:35:51Z [sg194] sector number = 2, block length = 1024
2024-05-31T21:35:57Z [sg194] sector number = 3, block length = 1024
2024-05-31T21:36:02Z [sg194] sector number = 4, block length = 1024
2024-05-31T21:36:04Z [sg194] received EOT and read timed out
2024-05-31T21:36:04Z [sg194] sector number = -10, block length = 1024
2024-05-31T21:36:04Z [sg194] done - sending ACK
2024-05-31T21:36:04Z [sg194] sg0009kz.x02/XMODEM: 4096 Bytes, 174 BPS
2024-05-31T21:36:04Z [sg194] Exiting (0)
Sent sg0009kz.x02 4096 bytes
2024-05-31T21:36:10Z [sg194] sector number = 1, block length = 128
2024-05-31T21:36:12Z [sg194] received EOT and read timed out
2024-05-31T21:36:12Z [sg194] sector number = -10, block length = 128
2024-05-31T21:36:12Z [sg194] done - sending ACK
2024-05-31T21:36:12Z [sg194] sg0009kz.x03/XMODEM: 128 Bytes, 34 BPS
2024-05-31T21:36:12Z [sg194] Exiting (0)
Sent sg0009kz.x03 112 bytes
9:0:1:0:15:431:1 logout
Disconnected at 2024-05-31T21:36:18Z (normal)


Connected at 2024-05-31T22:06:57Z (sg194)
logged in
10:0:1:0:15:431:0:200:3058:416:-67.8:-13.63:10.70:26.38:8.53:45.9 GPS,151004,220508,4731.827,-12230.221,17,0.9,17,16.2,0.0,0.0,9,4.5
ver=66.14,rev=5179M,frag=4,launch=151004:144357
Iridium bars: 5 geolocation: 4735.555,-12142.725,310524,213252
cmdfile
2024-05-31T22:07:17Z [sg194] Sent 123 bytes of cmdfile/XMODEM: 128 Bytes, 20 BPS
Received cmdfile 123 bytes
2024-05-31T22:07:48Z [sg194] sector number = 1, block length = 1024
2024-05-31T22:07:55Z [sg194] sector number = 2, block length = 1024
2024-05-31T22:08:06Z [sg194] sector number = 3, block length = 1024
2024-05-31T22:08:14Z [sg194] sector number = 4, block length = 1024
2024-05-31T22:08:18Z [sg194] received EOT and read timed out
2024-05-31T22:08:18Z [sg194] sector number = -10, block length = 1024
2024-05-31T22:08:18Z [sg194] done - sending ACK
2024-05-31T22:08:18Z [sg194] sg0010lz.x00/XMODEM: 4096 Bytes, 107 BPS
2024-05-31T22:08:18Z [sg194] Exiting (0)
Sent sg0010lz.x00 3527 bytes
2024-05-31T22:08:44Z [sg194] sector number = 1, block length = 1024
2024-05-31T22:08:53Z [sg194] sector number = 2, block length = 1024
2024-05-31T22:08:59Z [sg194] sector number = 3, block length = 1024
2024-05-31T22:09:06Z [sg194] sector number = 4, block length = 1024
2024-05-31T22:09:10Z [sg194] received EOT and read timed out
2024-05-31T22:09:10Z [sg194] sector number = -10, block length = 1024
2024-05-31T22:09:10Z [sg194] done - sending ACK
2024-05-31T22:09:10Z [sg194] sg0010dz.x00/XMODEM: 4096 Bytes, 101 BPS
2024-05-31T22:09:10Z [sg194] Exiting (0)
Sent sg0010dz.x00 4096 bytes
2024-05-31T22:09:19Z [sg194] sector number = 1, block length = 1024
2024-05-31T22:09:21Z [sg194] received EOT and read timed out
2024-05-31T22:09:21Z [sg194] sector number = -10, block length = 1024
2024-05-31T22:09:21Z [sg194] done - sending ACK
2024-05-31T22:09:21Z [sg194] sg0010dz.x01/XMODEM: 1024 Bytes, 146 BPS
2024-05-31T22:09:21Z [sg194] Exiting (0)
Sent sg0010dz.x01 944 bytes
2024-05-31T22:09:30Z [sg194] sector number = 1, block length = 1024
2024-05-31T22:09:35Z [sg194] sector number = 2, block length = 1024
2024-05-31T22:09:40Z [sg194] sector number = 3, block length = 1024
2024-05-31T22:09:44Z [sg194] sector number = 4, block length = 1024
2024-05-31T22:09:46Z [sg194] received EOT and read timed out
2024-05-31T22:09:46Z [sg194] sector number = -10, block length = 1024
2024-05-31T22:09:46Z [sg194] done - sending ACK
2024-05-31T22:09:46Z [sg194] sg0010kz.x00/XMODEM: 4096 Bytes, 202 BPS
2024-05-31T22:09:46Z [sg194] Exiting (0)
Sent sg0010kz.x00 4096 bytes
2024-05-31T22:09:56Z [sg194] sector number = 1, block length = 1024
2024-05-31T22:10:00Z [sg194] sector number = 2, block length = 1024
2024-05-31T22:10:05Z [sg194] sector number = 3, block length = 1024
2024-05-31T22:10:09Z [sg194] sector number = 4, block length = 1024
2024-05-31T22:10:11Z [sg194] received EOT and read timed out
2024-05-31T22:10:11Z [sg194] sector number = -10, block length = 1024
2024-05-31T22:10:11Z [sg194] done - sending ACK
2024-05-31T22:10:11Z [sg194] sg0010kz.x01/XMODEM: 4096 Bytes, 197 BPS
2024-05-31T22:10:11Z [sg194] Exiting (0)
Sent sg0010kz.x01 4096 bytes
2024-05-31T22:10:19Z [sg194] sector number = 1, block length = 1024
2024-05-31T22:10:23Z [sg194] sector number = 2, block length = 1024
2024-05-31T22:10:27Z [sg194] sector number = 3, block length = 1024
2024-05-31T22:10:32Z [sg194] sector number = 4, block length = 1024
2024-05-31T22:10:34Z [sg194] received EOT and read timed out
2024-05-31T22:10:34Z [sg194] sector number = -10, block length = 1024
2024-05-31T22:10:34Z [sg194] done - sending ACK
2024-05-31T22:10:34Z [sg194] sg0010kz.x02/XMODEM: 4096 Bytes, 211 BPS
2024-05-31T22:10:34Z [sg194] Exiting (0)
Sent sg0010kz.x02 4096 bytes
2024-05-31T22:10:43Z [sg194] sector number = 1, block length = 1024
2024-05-31T22:10:45Z [sg194] received EOT and read timed out
2024-05-31T22:10:45Z [sg194] sector number = -10, block length = 1024
2024-05-31T22:10:45Z [sg194] done - sending ACK
2024-05-31T22:10:45Z [sg194] sg0010kz.x03/XMODEM: 1024 Bytes, 165 BPS
2024-05-31T22:10:45Z [sg194] Exiting (0)
Sent sg0010kz.x03 165 bytes
10:0:1:0:15:431:1 logout
Disconnected at 2024-05-31T22:10:52Z (normal)


Connected at 2024-05-31T22:46:29Z (sg194)
logged in
11:0:1:0:15:431:0:210:3054:417:-71.9:-14.26:10.70:26.42:8.53:46.8 GPS,151004,224441,4732.141,-12230.604,21,1.0,80,16.3,0.2,253.6,9,4.4
ver=66.14,rev=5179M,frag=4,launch=151004:144357
Iridium bars: 5 geolocation: 4732.048,-12225.337,310524,220649
cmdfile
2024-05-31T22:46:45Z [sg194] Sent 123 bytes of cmdfile/XMODEM: 128 Bytes, 20 BPS
Received cmdfile 123 bytes
2024-05-31T22:47:12Z [sg194] sector number = 1, block length = 1024
2024-05-31T22:47:16Z [sg194] sector number = 2, block length = 1024
2024-05-31T22:47:20Z [sg194] sector number = 3, block length = 1024
2024-05-31T22:47:24Z [sg194] sector number = 4, block length = 1024
2024-05-31T22:47:26Z [sg194] received EOT and read timed out
2024-05-31T22:47:26Z [sg194] sector number = -10, block length = 1024
2024-05-31T22:47:26Z [sg194] done - sending ACK
2024-05-31T22:47:26Z [sg194] sg0011lz.x00/XMODEM: 4096 Bytes, 228 BPS
2024-05-31T22:47:26Z [sg194] Exiting (0)
Sent sg0011lz.x00 3560 bytes
2024-05-31T22:47:34Z [sg194] sector number = 1, block length = 1024
2024-05-31T22:47:38Z [sg194] sector number = 2, block length = 1024
2024-05-31T22:47:42Z [sg194] sector number = 3, block length = 1024
2024-05-31T22:47:46Z [sg194] sector number = 4, block length = 1024
2024-05-31T22:47:48Z [sg194] received EOT and read timed out
2024-05-31T22:47:48Z [sg194] sector number = -10, block length = 1024
2024-05-31T22:47:48Z [sg194] done - sending ACK
2024-05-31T22:47:48Z [sg194] sg0011dz.x00/XMODEM: 4096 Bytes, 229 BPS
2024-05-31T22:47:48Z [sg194] Exiting (0)
Sent sg0011dz.x00 4096 bytes
2024-05-31T22:47:56Z [sg194] sector number = 1, block length = 1024
2024-05-31T22:48:00Z [sg194] sector number = 2, block length = 1024
2024-05-31T22:48:02Z [sg194] received EOT and read timed out
2024-05-31T22:48:02Z [sg194] sector number = -10, block length = 1024
2024-05-31T22:48:02Z [sg194] done - sending ACK
2024-05-31T22:48:02Z [sg194] sg0011dz.x01/XMODEM: 2048 Bytes, 202 BPS
2024-05-31T22:48:02Z [sg194] Exiting (0)
Sent sg0011dz.x01 1562 bytes
2024-05-31T22:48:10Z [sg194] sector number = 1, block length = 1024
2024-05-31T22:48:14Z [sg194] sector number = 2, block length = 1024
2024-05-31T22:48:18Z [sg194] sector number = 3, block length = 1024
2024-05-31T22:48:22Z [sg194] sector number = 4, block length = 1024
2024-05-31T22:48:24Z [sg194] received EOT and read timed out
2024-05-31T22:48:24Z [sg194] sector number = -10, block length = 1024
2024-05-31T22:48:24Z [sg194] done - sending ACK
2024-05-31T22:48:24Z [sg194] sg0011kz.x00/XMODEM: 4096 Bytes, 222 BPS
2024-05-31T22:48:24Z [sg194] Exiting (0)
Sent sg0011kz.x00 4096 bytes
2024-05-31T22:48:33Z [sg194] sector number = 1, block length = 1024
2024-05-31T22:48:37Z [sg194] sector number = 2, block length = 1024
2024-05-31T22:48:41Z [sg194] sector number = 3, block length = 1024
2024-05-31T22:48:44Z [sg194] sector number = 4, block length = 1024
2024-05-31T22:48:46Z [sg194] received EOT and read timed out
2024-05-31T22:48:46Z [sg194] sector number = -10, block length = 1024
2024-05-31T22:48:46Z [sg194] done - sending ACK
2024-05-31T22:48:46Z [sg194] sg0011kz.x01/XMODEM: 4096 Bytes, 226 BPS
2024-05-31T22:48:46Z [sg194] Exiting (0)
Sent sg0011kz.x01 4096 bytes
2024-05-31T22:48:55Z [sg194] sector number = 1, block length = 1024
2024-05-31T22:48:59Z [sg194] sector number = 2, block length = 1024
2024-05-31T22:49:03Z [sg194] sector number = 3, block length = 1024
2024-05-31T22:49:07Z [sg194] sector number = 4, block length = 1024
2024-05-31T22:49:09Z [sg194] received EOT and read timed out
2024-05-31T22:49:09Z [sg194] sector number = -10, block length = 1024
2024-05-31T22:49:09Z [sg194] done - sending ACK
2024-05-31T22:49:09Z [sg194] sg0011kz.x02/XMODEM: 4096 Bytes, 225 BPS
2024-05-31T22:49:09Z [sg194] Exiting (0)
Sent sg0011kz.x02 4096 bytes
2024-05-31T22:49:17Z [sg194] sector number = 1, block length = 1024
2024-05-31T22:49:19Z [sg194] received EOT and read timed out
2024-05-31T22:49:19Z [sg194] sector number = -10, block length = 1024
2024-05-31T22:49:19Z [sg194] done - sending ACK
2024-05-31T22:49:19Z [sg194] sg0011kz.x03/XMODEM: 1024 Bytes, 163 BPS
2024-05-31T22:49:19Z [sg194] Exiting (0)
Sent sg0011kz.x03 624 bytes
11:0:1:0:15:431:1 logout
Disconnected at 2024-05-31T22:49:25Z (normal)


Connected at 2024-05-31T23:35:17Z (sg194)
logged in
12:0:1:0:15:431:0:210:3055:417:-68.2:-14.64:10.70:26.30:8.53:45.9 GPS,151004,233325,4732.635,-12230.750,30,1.0,66,16.3,0.0,359.6,8,3.2
ver=66.14,rev=5179M,frag=4,launch=151004:144357
Iridium bars: 5 geolocation: 4732.537,-12229.739,310524,224622
cmdfile
2024-05-31T23:35:40Z [sg194] Sent 125 bytes of cmdfile/XMODEM: 128 Bytes, 15 BPS
Received cmdfile 125 bytes
2024-05-31T23:36:07Z [sg194] sector number = 1, block length = 1024
2024-05-31T23:36:13Z [sg194] sector number = 2, block length = 1024
2024-05-31T23:36:20Z [sg194] sector number = 3, block length = 1024
2024-05-31T23:36:24Z [sg194] sector number = 4, block length = 1024
2024-05-31T23:36:26Z [sg194] received EOT and read timed out
2024-05-31T23:36:26Z [sg194] sector number = -10, block length = 1024
2024-05-31T23:36:26Z [sg194] done - sending ACK
2024-05-31T23:36:26Z [sg194] sg0012lz.x00/XMODEM: 4096 Bytes, 177 BPS
2024-05-31T23:36:26Z [sg194] Exiting (0)
Sent sg0012lz.x00 3899 bytes
2024-05-31T23:36:39Z [sg194] sector number = 1, block length = 1024
2024-05-31T23:36:43Z [sg194] sector number = 2, block length = 1024
2024-05-31T23:36:47Z [sg194] sector number = 3, block length = 1024
2024-05-31T23:36:51Z [sg194] sector number = 4, block length = 1024
2024-05-31T23:36:53Z [sg194] received EOT and read timed out
2024-05-31T23:36:53Z [sg194] sector number = -10, block length = 1024
2024-05-31T23:36:53Z [sg194] done - sending ACK
2024-05-31T23:36:53Z [sg194] sg0012dz.x00/XMODEM: 4096 Bytes, 200 BPS
2024-05-31T23:36:53Z [sg194] Exiting (0)
Sent sg0012dz.x00 4096 bytes
2024-05-31T23:37:01Z [sg194] sector number = 1, block length = 1024
2024-05-31T23:37:07Z [sg194] sector number = 2, block length = 1024
2024-05-31T23:37:11Z [sg194] sector number = 3, block length = 1024
2024-05-31T23:37:15Z [sg194] sector number = 4, block length = 1024
2024-05-31T23:37:17Z [sg194] received EOT and read timed out
2024-05-31T23:37:17Z [sg194] sector number = -10, block length = 1024
2024-05-31T23:37:17Z [sg194] done - sending ACK
2024-05-31T23:37:17Z [sg194] sg0012dz.x01/XMODEM: 4096 Bytes, 199 BPS
2024-05-31T23:37:17Z [sg194] Exiting (0)
Sent sg0012dz.x01 3299 bytes
2024-05-31T23:37:26Z [sg194] sector number = 1, block length = 1024
2024-05-31T23:37:30Z [sg194] sector number = 2, block length = 1024
2024-05-31T23:37:34Z [sg194] sector number = 3, block length = 1024
2024-05-31T23:37:38Z [sg194] sector number = 4, block length = 1024
2024-05-31T23:37:40Z [sg194] received EOT and read timed out
2024-05-31T23:37:40Z [sg194] sector number = -10, block length = 1024
2024-05-31T23:37:40Z [sg194] done - sending ACK
2024-05-31T23:37:40Z [sg194] sg0012kz.x00/XMODEM: 4096 Bytes, 225 BPS
2024-05-31T23:37:40Z [sg194] Exiting (0)
Sent sg0012kz.x00 4096 bytes
2024-05-31T23:37:48Z [sg194] sector number = 1, block length = 1024
2024-05-31T23:37:52Z [sg194] sector number = 2, block length = 1024
2024-05-31T23:37:56Z [sg194] sector number = 3, block length = 1024
2024-05-31T23:38:00Z [sg194] sector number = 4, block length = 1024
2024-05-31T23:38:02Z [sg194] received EOT and read timed out
2024-05-31T23:38:02Z [sg194] sector number = -10, block length = 1024
2024-05-31T23:38:02Z [sg194] done - sending ACK
2024-05-31T23:38:02Z [sg194] sg0012kz.x01/XMODEM: 4096 Bytes, 226 BPS
2024-05-31T23:38:02Z [sg194] Exiting (0)
Sent sg0012kz.x01 4096 bytes
2024-05-31T23:38:22Z [sg194] sector number = 1, block length = 1024
2024-05-31T23:38:26Z [sg194] sector number = 2, block length = 1024
2024-05-31T23:38:30Z [sg194] sector number = 3, block length = 1024
2024-05-31T23:38:34Z [sg194] sector number = 4, block length = 1024
2024-05-31T23:38:38Z [sg194] received EOT and read timed out
2024-05-31T23:38:38Z [sg194] sector number = -10, block length = 1024
2024-05-31T23:38:38Z [sg194] done - sending ACK
2024-05-31T23:38:38Z [sg194] sg0012kz.x02/XMODEM: 4096 Bytes, 166 BPS
2024-05-31T23:38:38Z [sg194] Exiting (0)
Sent sg0012kz.x02 4096 bytes
2024-05-31T23:38:49Z [sg194] sector number = 1, block length = 1024
2024-05-31T23:38:55Z [sg194] sector number = 2, block length = 1024
2024-05-31T23:39:06Z [sg194] sector number = 3, block length = 1024
2024-05-31T23:39:18Z [sg194] sector number = 4, block length = 1024
2024-05-31T23:39:20Z [sg194] received EOT and read timed out
2024-05-31T23:39:20Z [sg194] sector number = -10, block length = 1024
2024-05-31T23:39:20Z [sg194] done - sending ACK
2024-05-31T23:39:20Z [sg194] sg0012kz.x03/XMODEM: 4096 Bytes, 108 BPS
2024-05-31T23:39:20Z [sg194] Exiting (0)
Sent sg0012kz.x03 3638 bytes
12:0:1:0:15:431:1 logout
Disconnected at 2024-05-31T23:39:28Z (normal)


Connected at 2024-05-31T23:41:07Z (sg194)
logged in
12:1:1:0:15:431:0:208:3057:409:-30.4:-15.75:10.68:26.21:8.53:46.2 GPS,151004,234014,4732.653,-12230.784,10,1.0,19,16.3,0.3,0.0,8,4.5
EOP_CODE=CONTROL_FINISHED_OK
RECOV_CODE=QUIT_COMMAND
ver=66.14,rev=5179M,frag=4,launch=151004:144357
Iridium bars: 5 geolocation: 4735.339,-12231.454,310524,233510
cmdfile
2024-05-31T23:41:30Z [sg194] Sent 125 bytes of cmdfile/XMODEM: 128 Bytes, 20 BPS
Received cmdfile 125 bytes
12:1:1:0:15:431:1 logout
Disconnected at 2024-05-31T23:41:52Z (normal)


Connected at 2024-05-31T23:47:16Z (sg194)
logged in
12:2:1:0:15:431:0:208:3056:409:-5.8:-15.54:10.69:26.43:8.55:47.1 GPS,151004,234610,4732.624,-12230.812,14,1.0,134,16.3,0.3,244.0,8,5.6
EOP_CODE=CONTROL_FINISHED_OK
RECOV_CODE=QUIT_COMMAND
ver=66.14,rev=5179M,frag=4,launch=151004:144357
Iridium bars: 2 geolocation: 4732.407,-12218.242,310524,234058
cmdfile
2024-05-31T23:47:41Z [sg194] Sent 125 bytes of cmdfile/XMODEM: 128 Bytes, 14 BPS
Received cmdfile 125 bytes
12:2:1:0:15:431:1 logout
Disconnected at 2024-05-31T23:48:12Z (normal)


Connected at 2024-05-31T23:53:20Z (sg194)
logged in
12:3:1:0:15:431:0:207:3057:408:-8.4:-15.61:10.69:26.50:8.56:46.9 GPS,151004,235225,4731.697,-12229.553,9,1.1,128,16.2,12.3,112.5,7,4.8
EOP_CODE=CONTROL_FINISHED_OK
RECOV_CODE=QUIT_COMMAND
ver=66.14,rev=5179M,frag=4,launch=151004:144357
Iridium bars: 5 geolocation: 4731.681,-12232.429,310524,234710
cmdfile
2024-05-31T23:53:36Z [sg194] Sent 125 bytes of cmdfile/XMODEM: 128 Bytes, 20 BPS
Received cmdfile 125 bytes
12:3:1:0:15:431:1 logout
Disconnected at 2024-05-31T23:53:57Z (normal)


Connected at 2024-05-31T23:59:33Z (sg194)
logged in
12:4:1:0:15:431:0:206:3059:408:-4.9:-15.40:10.69:26.53:8.57:47.2 GPS,151004,235831,4732.241,-12227.359,24,1.1,145,16.2,2.3,56.7,7,7.5
EOP_CODE=CONTROL_FINISHED_OK
RECOV_CODE=QUIT_COMMAND
ver=66.14,rev=5179M,frag=4,launch=151004:144357
Iridium bars: 4 geolocation: 4725.618,-12937.741,310524,235309
cmdfile
2024-05-31T23:59:52Z [sg194] Sent 125 bytes of cmdfile/XMODEM: 128 Bytes, 19 BPS
Received cmdfile 125 bytes
12:4:1:0:15:431:1 logout
Disconnected at 2024-06-01T00:00:16Z (normal)


Connected at 2024-06-01T00:09:49Z (sg194)
logged in
12:5:3:0:15:431:-2:206:3058:408:-8.3:-15.28:10.69:26.55:8.58:46.6 GPS,161004,000431,4732.222,-12227.327,10,1.2,130,16.2,0.0,140.7,7,5.1
EOP_CODE=CONTROL_FINISHED_OK
RECOV_CODE=QUIT_COMMAND
ver=66.14,rev=5179M,frag=4,launch=151004:144357
Iridium bars: 5 geolocation: 4732.048,-12225.337,010624,000734
cmdfile
2024-06-01T00:10:25Z [sg194] Sent 125 bytes of cmdfile/XMODEM: 128 Bytes, 9 BPS
Received cmdfile 125 bytes
12:5:3:0:15:431:1 logout
Disconnected at 2024-06-01T00:11:04Z (hangup)


Connected at 2024-06-01T00:17:50Z (sg194)
logged in
12:6:2:0:15:431:-2:206:3058:408:-11.4:-15.39:10.70:26.51:8.60:45.5 GPS,161004,001510,4731.991,-12227.708,3,1.2,122,16.2,9.3,215.8,7,6.8
EOP_CODE=CONTROL_FINISHED_OK
RECOV_CODE=QUIT_COMMAND
ver=66.14,rev=5179M,frag=4,launch=151004:144357
Iridium bars: 4 geolocation: 4732.902,-12222.644,010624,000938
cmdfile
2024-06-01T00:18:21Z [sg194] Sent 125 bytes of cmdfile/XMODEM: 128 Bytes, 14 BPS
Received cmdfile 125 bytes
12:6:2:0:15:431:1 logout
Disconnected at 2024-06-01T00:18:48Z (hangup)


Connected at 2024-06-01T00:40:10Z (sg194)
logged in
12:8:3:1:15:431:-2:196:3059:410:-10.0:-15.44:10.72:26.60:8.62:45.2 GPS,161004,003535,4725.533,-12231.424,10,1.1,129,16.2,9.4,187.2,8,8.0
EOP_CODE=CONTROL_FINISHED_OK
RECOV_CODE=QUIT_COMMAND
ver=66.14,rev=5179M,frag=4,launch=151004:144357
Iridium bars: 1 geolocation: 4732.048,-12225.337,010624,001735
cmdfile
Disconnected at 2024-06-01T00:41:01Z (hangup)


Connected at 2024-06-01T00:46:35Z (sg194)
logged in
12:9:1:0:15:431:0:191:3060:413:-9.7:-15.61:10.71:26.58:8.62:45.1 GPS,161004,004528,4722.233,-12232.019,10,1.3,129,16.2,11.3,187.7,6,6.3
EOP_CODE=CONTROL_FINISHED_OK
RECOV_CODE=QUIT_COMMAND
ver=66.14,rev=5179M,frag=4,launch=151004:144357
Iridium bars: 2 geolocation: 4723.273,-12227.296,010624,003954
cmdfile
2024-06-01T00:46:55Z [sg194] Sent 125 bytes of cmdfile/XMODEM: 128 Bytes, 20 BPS
Received cmdfile 125 bytes
12:9:1:0:15:431:1 logout
Disconnected at 2024-06-01T00:47:21Z (normal)


Connected at 2024-06-01T00:52:32Z (sg194)
logged in
12:10:1:0:15:431:0:186:3060:413:-9.4:-15.69:10.71:26.57:8.63:45.3 GPS,161004,005140,4719.930,-12231.582,10,1.3,129,16.2,12.2,148.8,6,6.8
EOP_CODE=CONTROL_FINISHED_OK
RECOV_CODE=QUIT_COMMAND
ver=66.14,rev=5179M,frag=4,launch=151004:144357
Iridium bars: 3 geolocation: 4722.906,-12234.369,010624,004623
cmdfile
2024-06-01T00:52:50Z [sg194] Sent 125 bytes of cmdfile/XMODEM: 128 Bytes, 19 BPS
Received cmdfile 125 bytes
12:10:1:0:15:431:1 logout
Disconnected at 2024-06-01T00:53:12Z (normal)


Connected at 2024-06-01T00:58:41Z (sg194)
logged in
12:11:1:0:15:431:0:183:3060:413:-4.7:-15.67:10.71:26.58:8.63:44.5 GPS,161004,005736,4718.342,-12230.773,10,1.3,139,16.2,1.2,193.9,6,4.8
EOP_CODE=CONTROL_FINISHED_OK
RECOV_CODE=QUIT_COMMAND
ver=66.14,rev=5179M,frag=4,launch=151004:144357
Iridium bars: 5 geolocation: 4720.104,-12232.658,010624,005224
cmdfile
2024-06-01T00:58:57Z [sg194] Sent 125 bytes of cmdfile/XMODEM: 128 Bytes, 20 BPS
Received cmdfile 125 bytes
12:11:1:0:15:431:1 logout
Disconnected at 2024-06-01T00:59:18Z (normal)


Connected at 2024-06-01T01:04:28Z (sg194)
logged in
12:12:1:0:15:431:0:182:3060:414:-7.5:-15.69:10.71:26.58:8.64:44.7 GPS,161004,010341,4718.332,-12230.779,14,1.4,133,16.2,0.0,345.7,6,3.0
EOP_CODE=CONTROL_FINISHED_OK
RECOV_CODE=QUIT_COMMAND
ver=66.14,rev=5179M,frag=4,launch=151004:144357
Iridium bars: 5 geolocation: 4718.764,-12230.950,010624,005829
cmdfile
2024-06-01T01:04:56Z [sg194] Sent 125 bytes of cmdfile/XMODEM: 128 Bytes, 20 BPS
Received cmdfile 125 bytes
12:12:1:0:15:431:1 logout
Disconnected at 2024-06-01T01:05:18Z (normal)


Connected at 2024-06-01T01:14:24Z (sg194)
logged in
12:13:3:0:15:431:-2:182:3060:414:-4.6:-15.73:10.72:26.58:8.65:45.0 GPS,161004,010950,4718.276,-12230.817,21,1.4,140,16.2,0.0,243.0,6,3.7
EOP_CODE=CONTROL_FINISHED_OK
RECOV_CODE=QUIT_COMMAND
ver=66.14,rev=5179M,frag=4,launch=151004:144357
Iridium bars: 5 geolocation: 4716.812,-12226.567,010624,010420
cmdfile
2024-06-01T01:14:40Z [sg194] Sent 125 bytes of cmdfile/XMODEM: 128 Bytes, 20 BPS
Received cmdfile 125 bytes
12:13:3:0:15:431:1 logout
Disconnected at 2024-06-01T01:15:01Z (normal)


Connected at 2025-02-07T18:22:41Z (sg194)
logged in
0:0:1:0:15:433:0:812:3065:374:-56.2:-4.83:10.49:26.49:9.01:42.9 GPS,240605,181150,4739.069,-12218.782,37,1.2,57,16.2,0.0,0.0,8,5.0
ver=66.14,rev=5179M,frag=4,launch=070225:100402
Iridium bars: 5 geolocation: 4717.299,-12230.950,010624,011416
cmdfile
2025-02-07T18:22:58Z [sg194] Sent 125 bytes of cmdfile/XMODEM: 128 Bytes, 19 BPS
Received cmdfile 125 bytes
2025-02-07T18:23:37Z [sg194] sector number = 1, block length = 1024
2025-02-07T18:23:42Z [sg194] sector number = 2, block length = 1024
2025-02-07T18:23:43Z [sg194] sector number = 3, block length = 128
2025-02-07T18:23:45Z [sg194] received EOT and read timed out
2025-02-07T18:23:45Z [sg194] sector number = -10, block length = 128
2025-02-07T18:23:45Z [sg194] done - sending ACK
2025-02-07T18:23:45Z [sg194] st0025lz.x00/XMODEM: 2176 Bytes, 177 BPS
2025-02-07T18:23:45Z [sg194] Exiting (0)
Sent st0025lz.x00 2059 bytes
2025-02-07T18:23:54Z [sg194] sector number = 1, block length = 1024
2025-02-07T18:23:56Z [sg194] received EOT and read timed out
2025-02-07T18:23:56Z [sg194] sector number = -10, block length = 1024
2025-02-07T18:23:56Z [sg194] done - sending ACK
2025-02-07T18:23:56Z [sg194] st0025dz.x00/XMODEM: 1024 Bytes, 156 BPS
2025-02-07T18:23:56Z [sg194] Exiting (0)
Sent st0025dz.x00 670 bytes
2025-02-07T18:24:17Z [sg194] sector number = 1, block length = 1024
2025-02-07T18:24:25Z [sg194] sector number = 2, block length = 1024
2025-02-07T18:24:29Z [sg194] sector number = 3, block length = 1024
2025-02-07T18:24:33Z [sg194] sector number = 4, block length = 1024
2025-02-07T18:24:39Z [sg194] sector number = 5, block length = 1024
2025-02-07T18:24:43Z [sg194] sector number = 6, block length = 1024
2025-02-07T18:24:50Z [sg194] sector number = 7, block length = 1024
2025-02-07T18:24:54Z [sg194] sector number = 8, block length = 1024
2025-02-07T18:24:58Z [sg194] sector number = 9, block length = 1024
2025-02-07T18:25:03Z [sg194] sector number = 10, block length = 1024
2025-02-07T18:25:07Z [sg194] sector number = 11, block length = 1024
2025-02-07T18:25:11Z [sg194] sector number = 12, block length = 1024
2025-02-07T18:25:15Z [sg194] sector number = 13, block length = 1024
2025-02-07T18:25:17Z [sg194] received EOT and read timed out
2025-02-07T18:25:17Z [sg194] sector number = -10, block length = 1024
2025-02-07T18:25:17Z [sg194] done - sending ACK
2025-02-07T18:25:17Z [sg194] st0025kz.x/XMODEM: 13312 Bytes, 194 BPS
2025-02-07T18:25:17Z [sg194] Exiting (0)
Sent st0025kz.x 12638 bytes
0:0:1:0:15:433:1 logout
Disconnected at 2025-02-07T18:25:27Z (normal)


Connected at 2025-02-07T18:42:37Z (sg194)
logged in
0:1:1:0:15:433:0:813:3048:374:-56.1:-1.67:10.68:26.51:8.99:43.5 GPS,240605,183158,4739.066,-12218.786,11,1.3,33,16.2,0.0,0.0,8,5.0
ver=66.14,rev=5179M,frag=4,launch=070225:100402
Iridium bars: 5 geolocation: 4738.373,-12214.548,070225,182233
cmdfile
2025-02-07T18:42:55Z [sg194] Sent 125 bytes of cmdfile/XMODEM: 128 Bytes, 18 BPS
Received cmdfile 125 bytes
2025-02-07T18:43:35Z [sg194] sector number = 1, block length = 1024
2025-02-07T18:43:40Z [sg194] sector number = 2, block length = 1024
2025-02-07T18:43:44Z [sg194] sector number = 3, block length = 128
2025-02-07T18:43:46Z [sg194] received EOT and read timed out
2025-02-07T18:43:46Z [sg194] sector number = -10, block length = 128
2025-02-07T18:43:46Z [sg194] done - sending ACK
2025-02-07T18:43:46Z [sg194] st0026lz.x00/XMODEM: 2176 Bytes, 137 BPS
2025-02-07T18:43:46Z [sg194] Exiting (0)
Sent st0026lz.x00 2062 bytes
2025-02-07T18:43:57Z [sg194] sector number = 1, block length = 1024
2025-02-07T18:44:00Z [sg194] received EOT and read timed out
2025-02-07T18:44:00Z [sg194] sector number = -10, block length = 1024
2025-02-07T18:44:00Z [sg194] done - sending ACK
2025-02-07T18:44:00Z [sg194] st0026dz.x00/XMODEM: 1024 Bytes, 113 BPS
2025-02-07T18:44:00Z [sg194] Exiting (0)
Sent st0026dz.x00 658 bytes
2025-02-07T18:44:23Z [sg194] sector number = 1, block length = 1024
2025-02-07T18:44:27Z [sg194] sector number = 2, block length = 1024
2025-02-07T18:44:31Z [sg194] sector number = 3, block length = 1024
2025-02-07T18:44:35Z [sg194] sector number = 4, block length = 1024
2025-02-07T18:44:40Z [sg194] sector number = 5, block length = 1024
2025-02-07T18:44:46Z [sg194] sector number = 6, block length = 1024
2025-02-07T18:44:52Z [sg194] sector number = 7, block length = 1024
2025-02-07T18:44:56Z [sg194] sector number = 8, block length = 1024
2025-02-07T18:45:00Z [sg194] sector number = 9, block length = 1024
2025-02-07T18:45:06Z [sg194] sector number = 10, block length = 1024
2025-02-07T18:45:12Z [sg194] sector number = 11, block length = 1024
2025-02-07T18:45:16Z [sg194] sector number = 12, block length = 1024
2025-02-07T18:45:18Z [sg194] received EOT and read timed out
2025-02-07T18:45:18Z [sg194] sector number = -10, block length = 1024
2025-02-07T18:45:18Z [sg194] done - sending ACK
2025-02-07T18:45:18Z [sg194] st0026kz.x/XMODEM: 12288 Bytes, 200 BPS
2025-02-07T18:45:18Z [sg194] Exiting (0)
Sent st0026kz.x 12178 bytes
0:1:1:0:15:433:1 logout
Disconnected at 2025-02-07T18:45:28Z (normal)


