version: 66.14
glider: 194
mission: 16
dive: 227
start: 6 8 125 4 21 6
data:
$ID,194
$MISSION,16
$DIVE,227
$N_DIVES,0
$STOP_T,0
$D_SURF,3
$D_FLARE,2
$D_TGT,150
$D_ABORT,1090
$D_NO_BLEED,50
$D_BOOST,3
$T_BOOST,0
$D_FINISH,0
$D_PITCH,0
$D_SAFE,0
$D_CALL,0
$SURFACE_URGENCY,0
$SURFACE_URGENCY_TRY,0
$SURFACE_URGENCY_FORCE,0
$T_DIVE,50
$T_MISSION,65
$T_ABORT,1440
$T_TURN,300
$T_TURN_SAMPINT,5
$T_NO_W,120
$T_LOITER,0
$T_SLOITER,60
$T_EPIRB,0
$USE_BATHY,0
$USE_ICE,0
$ICE_FREEZE_MARGIN,0.30000001
$D_OFFGRID,100
$T_WATCHDOG,10
$RELAUNCH,1
$APOGEE_PITCH,-8
$MAX_BUOY,150
$COURSE_BIAS,0
$GLIDE_SLOPE,30
$SPEED_FACTOR,1
$RHO,1.023
$MASS,53609
$MASS_COMP,0
$NAV_MODE,2
$FERRY_MAX,45
$KALMAN_USE,2
$HD_A,0.003
$HD_B,0.0099999998
$HD_C,9.9999997e-06
$HEADING,-1
$ESCAPE_HEADING,0
$ESCAPE_HEADING_DELTA,10
$FIX_MISSING_TIMEOUT,0
$TGT_DEFAULT_LAT,4736
$TGT_DEFAULT_LON,-12225
$TGT_AUTO_DEFAULT,0
$SM_CC,535
$N_FILEKB,4
$FILEMGR,0
$CALL_NDIVES,1
$COMM_SEQ,0
$PROTOCOL,9
$N_NOCOMM,1
$NOCOMM_ACTION,0
$N_NOSURFACE,0
$UPLOAD_DIVES_MAX,-1
$CALL_TRIES,5
$CALL_WAIT,60
$CAPUPLOAD,1
$CAPMAXSIZE,200000
$HEAPDBG,0
$T_GPS,15
$N_GPS,50840
$T_RSLEEP,0
$STROBE,0
$RAFOS_PEAK_OFFSET,1.5
$RAFOS_CORR_THRESH,60
$RAFOS_HIT_WINDOW,3600
$RAFOS_MMODEM,0
$PITCH_MIN,199
$PITCH_MAX,3894
$C_PITCH,3411
$PITCH_DBAND,0.1
$PITCH_CNV,0.003125763
$P_OVSHOOT,0.039999999
$P_OVSHOOT_WITHG,0.1
$PITCH_GAIN,23
$PITCH_TIMEOUT,17
$PITCH_AD_RATE,160
$PITCH_MAXERRORS,1
$PITCH_ADJ_GAIN,0.02
$PITCH_ADJ_DBAND,2.5
$ROLL_MIN,291
$ROLL_MAX,3873
$ROLL_DEG,40
$C_ROLL_DIVE,3250
$C_ROLL_CLIMB,2850
$HEAD_ERRBAND,10
$ROLL_CNV,0.028270001
$ROLL_TIMEOUT,15
$R_PORT_OVSHOOT,58
$R_STBD_OVSHOOT,27
$ROLL_AD_RATE,350
$ROLL_MAXERRORS,2
$ROLL_ADJ_GAIN,0
$ROLL_ADJ_DBAND,0
$VBD_MIN,375
$VBD_MAX,3900
$C_VBD,2277
$VBD_DBAND,2
$VBD_CNV,-0.24529999
$VBD_LP_IGNORE,0
$VBD_TIMEOUT,720
$PITCH_VBD_SHIFT,0.001
$VBD_PUMP_AD_RATE_SURFACE,5
$VBD_PUMP_AD_RATE_APOGEE,4
$VBD_BLEED_AD_RATE,8
$UNCOM_BLEED,60
$VBD_MAXERRORS,1
$W_ADJ_DBAND,2
$DBDW,0
$PITCH_W_GAIN,0
$PITCH_W_DBAND,1
$CF8_MAXERRORS,5
$AH0_24V,142
$AH0_10V,95
$MINV_24V,19
$MINV_10V,8
$MAXI_24V,0.80000001
$MAXI_10V,0.60000002
$FG_AHR_10V,0
$FG_AHR_24V,0
$PHONE_SUPPLY,-2
$PRESSURE_YINT,-38.315674
$PRESSURE_SLOPE,0.0001158091
$AD7714Ch0Gain,128
$TCM_PITCH_OFFSET,0
$TCM_ROLL_OFFSET,0
$COMPASS_USE,4
$ALTIM_BOTTOM_PING_RANGE,0
$ALTIM_TOP_PING_RANGE,20
$ALTIM_BOTTOM_TURN_MARGIN,25
$ALTIM_TOP_TURN_MARGIN,0
$ALTIM_TOP_MIN_OBSTACLE,1
$ALTIM_PING_DEPTH,80
$ALTIM_PING_DELTA,5
$ALTIM_FREQUENCY,13
$ALTIM_PULSE,3
$ALTIM_SENSITIVITY,3
$XPDR_VALID,3
$XPDR_INHIBIT,90
$INT_PRESSURE_SLOPE,0.0097660003
$INT_PRESSURE_YINT,1.223
$DEEPGLIDER,0
$MOTHERBOARD,4
$DEVICE1,2
$DEVICE2,101
$DEVICE3,35
$DEVICE4,-1
$DEVICE5,-1
$DEVICE6,-1
$LOGGERS,0
$LOGGERDEVICE1,-1
$LOGGERDEVICE2,-1
$LOGGERDEVICE3,-1
$LOGGERDEVICE4,-1
$COMPASS_DEVICE,33
$COMPASS2_DEVICE,-1
$PHONE_DEVICE,49
$GPS_DEVICE,32
$RAFOS_DEVICE,-1
$XPDR_DEVICE,24
$SIM_W,0
$SIM_PITCH,0
$SEABIRD_T_G,0.0044373036
$SEABIRD_T_H,0.00066103507
$SEABIRD_T_I,2.7719814e-05
$SEABIRD_T_J,3.4688812e-06
$SEABIRD_C_G,-10.004086
$SEABIRD_C_H,1.1698962
$SEABIRD_C_I,-0.0014983811
$SEABIRD_C_J,0.00019441421
$SEABIRD_C_Z,2927.3301
$GPS1,080625,041412,4750.6133,-12221.9922,40,0.9,55,16.3,0.0,0.0,8,4.9
$_CALLS,1
$_XMS_NAKs,0
$_XMS_TOUTs,0
$_SM_DEPTHo,-17.56
$_SM_ANGLEo,-76.8
$GPS2,080625,042029,4750.5952,-12222.0195,6,0.9,24,16.3,0.0,0.0,8,5.0
$SPEED_LIMITS,0.173,0.260
$TGT_NAME,EAST_194
$TGT_LATLONG,4750.700,-12222.000
$TGT_RADIUS,400.000
$KALMAN_CONTROL,0.000000,0.000000
$KALMAN_X,0.000000,0.000000,0.000000,0.000000,0.000000
$KALMAN_Y,0.000000,0.000000,0.000000,0.000000,0.000000
$MHEAD_RNG_PITCHd_Wd,357.2,196,-27.2,-10.000,-30.00,962
$D_GRID,150
$GCHEAD,st_secs,pitch_ctl,vbd_ctl,pitch_ad_start,roll_ad_start,vbd_pot1_ad_start,vbd_pot2_ad_start,depth,ob_vertv,data_pts,end_secs,pitch_secs,roll_secs,vbd_secs,vbd_i,gcphase,pitch_i,roll_i,pitch_ad,roll_ad,vbd_ad,vbd_pot1_ad,vbd_pot2_ad,pitch_retries,pitch_errors,roll_retries,roll_errors,vbd_retries,vbd_errors,pitch_volts,roll_volts,vbd_volts,int_press,humidity
$STATE,4,end surface,CONTROL_FINISHED_OK
$STATE,4,begin dive
$GC,71,-1.25,-63.1,212,3254,353,391,-17.0,-0.0,12,156,0.00,0.00,-79.07,0.000,16390,0.000,0.000,213,3254,2535,2546,2525,0,0,0,0,0,0,26.43,25.62,26.43,8.36,42.12
$GC,160,-1.29,-103.4,212,3254,2547,2525,-14.9,-5.7,27,180,12.30,0.98,-3.47,0.000,18692,0.280,0.079,2985,3883,2701,2732,2670,0,0,0,0,0,0,25.73,24.90,25.94,8.56,41.49
$GC,485,-0.98,-103.4,2985,3883,2735,2671,70.7,-26.1,70,493,0.38,0.90,0.00,0.000,3078,0.220,0.025,3089,3243,2702,2734,2671,0,0,0,0,0,0,25.99,26.37,26.15,8.58,42.87
$GC,612,-0.88,-103.4,3088,3243,2738,2670,96.7,-18.0,83,617,0.10,1.00,0.00,0.000,2308,0.220,0.053,3119,3875,2703,2738,2669,0,0,0,0,0,0,26.12,26.32,26.23,8.58,42.91
$STATE,653,end dive,BOTTOM_OBSTACLE_DETECTED
$STATE,654,begin apogee
$GC,662,-0.35,0.0,3119,2822,2738,2670,104.1,-17.2,87,755,0.57,0.00,84.53,0.710,10246,0.181,0.000,3293,2821,2275,2316,2234,0,0,0,0,0,0,26.09,25.28,24.72,8.58,42.99
$STATE,756,end apogee,CONTROL_FINISHED_OK
$STATE,756,begin climb
$GC,758,1.29,103.4,3292,2821,2316,2234,110.0,0.0,97,856,1.55,2.05,86.32,0.695,10756,0.123,0.028,3804,1477,1853,1887,1819,0,0,0,0,0,0,25.34,25.15,24.60,8.55,41.37
$GC,943,1.09,103.4,3804,1477,1883,1819,80.6,21.2,115,952,0.12,2.12,0.00,0.000,5126,0.194,0.043,3771,2844,1850,1883,1818,0,0,0,0,0,0,25.56,25.74,25.66,8.51,41.17
$GC,1072,0.88,103.4,3770,2843,1882,1817,54.2,20.8,128,1075,0.25,0.00,0.00,0.000,4102,0.189,0.000,3700,2844,1850,1882,1818,0,0,0,0,0,0,25.76,26.01,25.96,8.50,42.55
$GC,1193,0.79,103.4,3700,2844,1882,1817,33.1,16.5,140,1203,0.10,2.05,0.00,0.000,4612,0.197,0.026,3675,1478,1849,1882,1817,0,0,0,0,0,0,25.94,26.10,26.04,8.51,41.92
$GC,1239,0.79,103.4,3675,1478,1882,1817,26.5,15.1,144,1247,0.00,2.15,0.00,0.000,1030,0.000,0.047,3676,2848,1849,1882,1816,0,0,0,0,0,0,26.20,26.10,26.22,8.50,42.24
$GC,1370,0.74,103.4,3675,2848,1882,1816,8.8,14.2,165,1377,0.00,1.60,0.00,0.000,260,0.000,0.057,3676,3871,1848,1882,1815,0,0,0,0,0,0,26.50,26.17,26.51,8.50,42.32
$STATE,1403,end climb,SURFACE_DEPTH_REACHED
$STATE,1403,begin surface coast
$FINISH,-0.0,1.022688
$STATE,1419,end surface coast,CONTROL_FINISHED_OK
$STATE,1419,begin surface
$SM_CCo,1440,187.62,0.080,0,0,374,466.56
$SM_CCo,1632,-0.17,0.000,0,0,376,466.56
$SM_CCo,1636,0.38,0.103,0,0,373,466.56
$SM_GC,-17.71,9.98,0.88,0.38,0.095,0.026,0.103,215,3269,373,-9.94,2.46,466.56,0,0,0,0,0,0,26.17,26.32,26.00
$IRIDIUM_FIX,4752.15,-12213.25,080625,032811
$TT8_MAMPS,0.026215,0.242676
$HUMID,40.03
$INTERNAL_PRESSURE,8.33265
$TCM_TEMP,12.00
$XPDR_PINGS,1
$ALTIM_TOP_PING,19.6,41.0
$ALTIM_BOTTOM_PING,81.9,46.7
$24V_AH,24.60,16.093
$10V_AH,10.46,6.412
$FG_AHR_24Vo,0.000
$FG_AHR_10Vo,0.000
$DEVICES,Pitch_motor,Roll_motor,VBD_pump_during_apogee,VBD_pump_during_surface,VBD_valve,Iridium_during_init,Iridium_during_connect,Iridium_during_xfer,Transponder_ping,GUMSTIX_24V,GPS,TT8,LPSleep,TT8_Active,TT8_Sampling,TT8_CF8,TT8_Kalman,Analog_circuits,GPS_charging,Compass,RAFOS,Transponder,Compass2
$DEVICE_SECS,25.350,15.250,170.850,188.000,0.000,0.000,0.000,265.225,1.000,0.000,25.804,462.864,420.653,440.623,605.144,113.147,0.000,933.399,0.000,339.288,0.000,7.225,0.000
$DEVICE_MAMPS,279.990,78.795,709.920,103.275,0.000,0.000,0.000,87.210,420.000,0.000,30.710,14.960,2.190,14.960,43.420,53.160,0.000,15.000,0.000,8.990,0.000,30.000,0.000
$SENSORS,SBE_CT,AA4330,WL_blue_red_Chl_old_fw,nil,nil,nil,nil,nil,nil,nil
$SENSOR_SECS,115.635,229.987,232.264,0.000,0.000,0.000,0.000,0.000,0.000,0.000
$SENSOR_MAMPS,23.970,0.750,0.750,0.000,0.000,0.000,0.000,0.000,0.000,0.000
$MEM,335244
$DATA_FILE_SIZE,10688,174
$CAP_FILE_SIZE,36098,0
$CFSIZE,2097872896,2067660800
$ERRORS,0,0,0,0,0,0,0,0,0,0,0,0,0,0,1,0
$CURRENT,0.049,209.89,1
$GPS,080625,044955,4750.676,-12221.945,13,1.0,47,16.3,0.0,0.0,9,4.3
