version: 66.14
glider: 194
mission: 16
dive: 217
start: 6 7 125 19 55 18
data:
$ID,194
$MISSION,16
$DIVE,217
$N_DIVES,0
$STOP_T,0
$D_SURF,3
$D_FLARE,2
$D_TGT,150
$D_ABORT,1090
$D_NO_BLEED,50
$D_BOOST,3
$T_BOOST,0
$D_FINISH,0
$D_PITCH,0
$D_SAFE,0
$D_CALL,0
$SURFACE_URGENCY,0
$SURFACE_URGENCY_TRY,0
$SURFACE_URGENCY_FORCE,0
$T_DIVE,50
$T_MISSION,65
$T_ABORT,1440
$T_TURN,300
$T_TURN_SAMPINT,5
$T_NO_W,120
$T_LOITER,0
$T_SLOITER,60
$T_EPIRB,0
$USE_BATHY,0
$USE_ICE,0
$ICE_FREEZE_MARGIN,0.30000001
$D_OFFGRID,100
$T_WATCHDOG,10
$RELAUNCH,1
$APOGEE_PITCH,-8
$MAX_BUOY,150
$COURSE_BIAS,0
$GLIDE_SLOPE,30
$SPEED_FACTOR,1
$RHO,1.023
$MASS,53609
$MASS_COMP,0
$NAV_MODE,2
$FERRY_MAX,45
$KALMAN_USE,2
$HD_A,0.003
$HD_B,0.0099999998
$HD_C,9.9999997e-06
$HEADING,-1
$ESCAPE_HEADING,0
$ESCAPE_HEADING_DELTA,10
$FIX_MISSING_TIMEOUT,0
$TGT_DEFAULT_LAT,4736
$TGT_DEFAULT_LON,-12225
$TGT_AUTO_DEFAULT,0
$SM_CC,535
$N_FILEKB,4
$FILEMGR,0
$CALL_NDIVES,1
$COMM_SEQ,0
$PROTOCOL,9
$N_NOCOMM,1
$NOCOMM_ACTION,0
$N_NOSURFACE,0
$UPLOAD_DIVES_MAX,-1
$CALL_TRIES,5
$CALL_WAIT,60
$CAPUPLOAD,1
$CAPMAXSIZE,200000
$HEAPDBG,0
$T_GPS,15
$N_GPS,50840
$T_RSLEEP,0
$STROBE,0
$RAFOS_PEAK_OFFSET,1.5
$RAFOS_CORR_THRESH,60
$RAFOS_HIT_WINDOW,3600
$RAFOS_MMODEM,0
$PITCH_MIN,199
$PITCH_MAX,3894
$C_PITCH,3411
$PITCH_DBAND,0.1
$PITCH_CNV,0.003125763
$P_OVSHOOT,0.039999999
$P_OVSHOOT_WITHG,0.1
$PITCH_GAIN,23
$PITCH_TIMEOUT,17
$PITCH_AD_RATE,160
$PITCH_MAXERRORS,1
$PITCH_ADJ_GAIN,0.02
$PITCH_ADJ_DBAND,2.5
$ROLL_MIN,291
$ROLL_MAX,3873
$ROLL_DEG,40
$C_ROLL_DIVE,3250
$C_ROLL_CLIMB,2850
$HEAD_ERRBAND,10
$ROLL_CNV,0.028270001
$ROLL_TIMEOUT,15
$R_PORT_OVSHOOT,87
$R_STBD_OVSHOOT,26
$ROLL_AD_RATE,350
$ROLL_MAXERRORS,2
$ROLL_ADJ_GAIN,0
$ROLL_ADJ_DBAND,0
$VBD_MIN,375
$VBD_MAX,3900
$C_VBD,2277
$VBD_DBAND,2
$VBD_CNV,-0.24529999
$VBD_LP_IGNORE,0
$VBD_TIMEOUT,720
$PITCH_VBD_SHIFT,0.001
$VBD_PUMP_AD_RATE_SURFACE,5
$VBD_PUMP_AD_RATE_APOGEE,4
$VBD_BLEED_AD_RATE,8
$UNCOM_BLEED,60
$VBD_MAXERRORS,1
$W_ADJ_DBAND,2
$DBDW,0
$PITCH_W_GAIN,0
$PITCH_W_DBAND,1
$CF8_MAXERRORS,5
$AH0_24V,142
$AH0_10V,95
$MINV_24V,19
$MINV_10V,8
$MAXI_24V,0.80000001
$MAXI_10V,0.60000002
$FG_AHR_10V,0
$FG_AHR_24V,0
$PHONE_SUPPLY,-2
$PRESSURE_YINT,-38.315674
$PRESSURE_SLOPE,0.0001158091
$AD7714Ch0Gain,128
$TCM_PITCH_OFFSET,0
$TCM_ROLL_OFFSET,0
$COMPASS_USE,4
$ALTIM_BOTTOM_PING_RANGE,0
$ALTIM_TOP_PING_RANGE,20
$ALTIM_BOTTOM_TURN_MARGIN,25
$ALTIM_TOP_TURN_MARGIN,0
$ALTIM_TOP_MIN_OBSTACLE,1
$ALTIM_PING_DEPTH,80
$ALTIM_PING_DELTA,5
$ALTIM_FREQUENCY,13
$ALTIM_PULSE,3
$ALTIM_SENSITIVITY,3
$XPDR_VALID,3
$XPDR_INHIBIT,90
$INT_PRESSURE_SLOPE,0.0097660003
$INT_PRESSURE_YINT,1.223
$DEEPGLIDER,0
$MOTHERBOARD,4
$DEVICE1,2
$DEVICE2,101
$DEVICE3,35
$DEVICE4,-1
$DEVICE5,-1
$DEVICE6,-1
$LOGGERS,0
$LOGGERDEVICE1,-1
$LOGGERDEVICE2,-1
$LOGGERDEVICE3,-1
$LOGGERDEVICE4,-1
$COMPASS_DEVICE,33
$COMPASS2_DEVICE,-1
$PHONE_DEVICE,49
$GPS_DEVICE,32
$RAFOS_DEVICE,-1
$XPDR_DEVICE,24
$SIM_W,0
$SIM_PITCH,0
$SEABIRD_T_G,0.0044373036
$SEABIRD_T_H,0.00066103507
$SEABIRD_T_I,2.7719814e-05
$SEABIRD_T_J,3.4688812e-06
$SEABIRD_C_G,-10.004086
$SEABIRD_C_H,1.1698962
$SEABIRD_C_I,-0.0014983811
$SEABIRD_C_J,0.00019441421
$SEABIRD_C_Z,2927.3301
$GPS1,070625,194734,4750.2231,-12225.2891,37,0.8,50,16.3,0.4,186.3,10,5.0
$_CALLS,1
$_XMS_NAKs,0
$_XMS_TOUTs,0
$_SM_DEPTHo,-16.83
$_SM_ANGLEo,-76.4
$GPS2,070625,195443,4750.1758,-12225.3262,7,0.9,21,16.3,0.2,171.0,9,5.0
$SPEED_LIMITS,0.173,0.260
$TGT_NAME,EAST_194
$TGT_LATLONG,4750.700,-12222.000
$TGT_RADIUS,400.000
$KALMAN_CONTROL,0.000000,0.000000
$KALMAN_X,0.000000,0.000000,0.000000,0.000000,0.000000
$KALMAN_Y,0.000000,0.000000,0.000000,0.000000,0.000000
$MHEAD_RNG_PITCHd_Wd,20.7,4247,-17.4,-10.000,-21.00,2234
$D_GRID,150
$GCHEAD,st_secs,pitch_ctl,vbd_ctl,pitch_ad_start,roll_ad_start,vbd_pot1_ad_start,vbd_pot2_ad_start,depth,ob_vertv,data_pts,end_secs,pitch_secs,roll_secs,vbd_secs,vbd_i,gcphase,pitch_i,roll_i,pitch_ad,roll_ad,vbd_ad,vbd_pot1_ad,vbd_pot2_ad,pitch_retries,pitch_errors,roll_retries,roll_errors,vbd_retries,vbd_errors,pitch_volts,roll_volts,vbd_volts,int_press,humidity
$STATE,4,end surface,CONTROL_FINISHED_OK
$STATE,4,begin dive
$GC,71,-0.90,-146.6,215,3265,349,394,-16.4,0.3,12,157,0.00,0.00,-81.07,0.000,16390,0.000,0.000,215,3265,2877,2892,2862,0,0,0,0,0,0,26.37,25.01,26.39,8.38,41.96
$GC,160,-0.90,-146.6,215,3265,2892,2862,-11.2,-11.5,27,179,13.02,0.90,0.00,0.000,2308,0.284,0.035,3108,3890,2878,2895,2862,0,0,0,0,0,0,25.74,26.03,25.92,8.61,42.43
$GC,192,0.08,-146.6,3108,3890,2900,2859,2.3,-37.9,32,200,1.08,0.88,0.00,0.000,3078,0.212,0.027,3410,3271,2879,2901,2857,0,0,0,0,0,0,25.81,26.17,26.05,8.62,41.69
$GC,264,-0.32,-146.6,3409,3271,2906,2852,8.7,-2.5,45,270,0.25,0.00,0.00,0.000,4102,0.081,0.000,3311,3271,2879,2906,2852,0,0,0,0,0,0,26.10,26.19,26.15,8.61,41.73
$GC,335,-0.45,-146.6,3311,3271,2907,2852,12.6,-5.6,58,343,0.08,2.10,0.00,0.000,4612,0.114,0.022,3257,1839,2879,2907,2852,0,0,0,0,0,0,26.25,26.22,26.27,8.62,42.16
$GC,391,-0.45,-146.6,3256,1838,2907,2852,16.6,-7.7,68,398,0.00,2.25,0.00,0.000,1030,0.000,0.056,3257,3248,2880,2908,2852,0,0,0,0,0,0,26.27,26.15,26.29,8.62,42.55
$GC,467,-0.45,-146.6,3256,3248,2908,2852,22.8,-8.7,79,471,0.00,1.00,0.00,0.000,260,0.000,0.067,3257,3871,2880,2908,2852,0,0,0,0,0,0,26.54,26.20,26.55,8.61,42.12
$GC,529,-0.45,-146.6,3256,3871,2908,2852,28.3,-8.5,85,533,0.00,0.88,0.00,0.000,1030,0.000,0.031,3257,3269,2880,2908,2852,0,0,0,0,0,0,26.35,26.32,26.36,8.62,42.28
$GC,661,-0.45,-146.6,3256,3268,2909,2852,39.8,-8.7,98,671,0.00,2.12,0.00,0.000,516,0.000,0.027,3257,1839,2880,2908,2852,0,0,0,0,0,0,26.61,26.34,26.62,8.62,42.99
$GC,824,-0.53,-146.6,3256,1838,2909,2852,53.9,-8.1,114,833,0.00,2.22,0.00,0.000,1030,0.000,0.057,3257,3246,2880,2909,2852,0,0,0,0,0,0,26.36,26.29,26.39,8.61,42.55
$GC,955,-0.60,-146.6,3256,3246,2909,2852,65.3,-8.3,127,957,0.05,0.00,0.00,0.000,4102,0.155,0.000,3209,3247,2880,2909,2852,0,0,0,0,0,0,26.46,26.51,26.49,8.62,41.88
$GC,1075,-0.60,-146.6,3208,3247,2909,2852,77.8,-10.3,139,1077,0.00,0.00,0.00,0.000,6,0.000,0.000,3209,3247,2880,2909,2852,0,0,0,0,0,0,26.70,26.71,26.71,8.61,42.63
$GC,1195,-0.60,-146.6,3208,3247,2909,2852,89.1,-9.3,151,1199,0.00,1.00,0.00,0.000,260,0.000,0.060,3208,3881,2880,2909,2852,0,0,0,0,0,0,26.72,26.39,26.72,8.61,42.67
$GC,1289,-0.60,-146.6,3208,3882,2909,2852,98.7,-10.3,160,1293,0.00,0.93,0.00,0.000,1030,0.000,0.028,3208,3220,2880,2909,2852,0,0,0,0,0,0,26.52,26.51,26.53,8.61,42.36
$GC,1421,-0.60,-146.6,3208,3219,2909,2852,112.0,-9.5,173,1425,0.00,1.05,0.00,0.000,260,0.000,0.060,3208,3878,2880,2909,2852,0,0,0,0,0,0,26.74,26.41,26.75,8.61,42.43
$STATE,1573,end dive,BOTTOM_OBSTACLE_DETECTED
$STATE,1573,begin apogee
$GC,1581,-0.35,0.0,3208,2836,2909,2852,127.1,-9.8,188,1703,0.25,0.00,116.62,0.722,10246,0.151,0.000,3292,2835,2275,2313,2237,0,0,0,0,0,0,26.29,25.20,24.65,8.61,42.40
$STATE,1704,end apogee,CONTROL_FINISHED_OK
$STATE,1704,begin climb
$GC,1707,0.90,146.6,3291,2835,2312,2237,133.3,0.0,201,1836,1.15,2.15,120.45,0.703,10756,0.121,0.028,3673,1470,1676,1711,1642,0,0,0,0,0,0,25.26,25.10,24.57,8.56,41.61
$GC,1869,0.73,146.6,3672,1469,1709,1642,115.2,16.7,217,1876,0.00,2.25,0.00,0.000,1030,0.000,0.047,3673,2864,1675,1709,1642,0,0,0,0,0,0,25.56,25.48,25.58,8.50,41.33
$GC,1997,0.51,146.6,3672,2863,1709,1641,93.0,16.2,230,2007,0.30,1.60,0.00,0.000,4356,0.160,0.050,3583,3874,1674,1707,1641,0,0,0,0,0,0,25.71,25.85,25.81,8.50,42.04
$GC,2154,0.44,146.6,3582,3874,1707,1640,73.5,12.4,245,2161,0.00,1.48,0.00,0.000,1030,0.000,0.021,3583,2829,1673,1707,1640,0,0,0,0,0,0,26.20,26.15,26.20,8.49,42.20
$GC,2282,0.44,146.6,3582,2828,1707,1640,59.6,10.4,258,2291,0.00,2.00,0.00,0.000,516,0.000,0.028,3582,1488,1673,1706,1640,0,0,0,0,0,0,26.45,26.19,26.46,8.49,42.16
$GC,2315,0.44,146.6,3582,1488,1707,1640,56.4,9.7,261,2323,0.00,2.10,0.00,0.000,1030,0.000,0.045,3582,2852,1673,1707,1640,0,0,0,0,0,0,26.22,26.16,26.24,8.49,42.43
$GC,2444,0.44,146.6,3582,2852,1706,1639,43.6,10.1,274,2445,0.00,0.00,0.00,0.000,6,0.000,0.000,3583,2852,1672,1706,1639,0,0,0,0,0,0,26.53,26.54,26.54,8.49,42.32
$GC,2564,0.44,146.6,3582,2852,1706,1639,32.0,9.0,286,2574,0.00,2.03,0.00,0.000,516,0.000,0.028,3582,1495,1673,1707,1639,0,0,0,0,0,0,26.58,26.32,26.59,8.49,42.43
$GC,2618,0.49,195.3,3582,1495,1706,1639,27.9,7.8,291,2667,0.00,2.10,38.80,0.649,9222,0.000,0.044,3582,2852,1477,1518,1436,0,0,0,0,0,0,26.38,26.29,25.14,8.48,42.51
$GC,2789,0.54,195.3,3582,2852,1518,1436,12.6,8.4,316,2795,0.00,0.00,0.00,0.000,6,0.000,0.000,3583,2852,1477,1518,1436,0,0,0,0,0,0,26.32,26.34,26.34,8.46,42.04
$GC,2858,0.54,195.3,3582,2852,1518,1435,6.5,8.5,329,2865,0.00,0.00,0.00,0.000,6,0.000,0.000,3582,2852,1476,1518,1435,0,0,0,0,0,0,26.39,26.40,26.40,8.46,42.04
$STATE,2901,end climb,SURFACE_DEPTH_REACHED
$STATE,2901,begin surface coast
$FINISH,-0.2,1.022495
$STATE,2937,end surface coast,CONTROL_FINISHED_OK
$STATE,2937,begin surface
$SM_CCo,2957,143.10,0.083,0,0,372,466.56
$SM_CCo,3106,-0.20,0.000,0,0,376,466.56
$SM_CCo,3111,0.35,0.096,0,0,374,466.56
$SM_GC,-16.62,9.25,0.65,0.35,0.067,0.054,0.096,214,3259,374,-9.94,-0.71,466.56,0,0,0,0,0,0,26.13,26.15,25.98
$IRIDIUM_FIX,4754.59,-12222.11,070625,185005
$TT8_MAMPS,0.026215,0.23968
$HUMID,40.78
$INTERNAL_PRESSURE,8.33265
$TCM_TEMP,11.90
$XPDR_PINGS,1
$ALTIM_TOP_PING,19.7,41.4
$ALTIM_BOTTOM_PING,100.8,51.3
$24V_AH,24.57,15.520
$10V_AH,10.51,6.157
$FG_AHR_24Vo,0.000
$FG_AHR_10Vo,0.000
$DEVICES,Pitch_motor,Roll_motor,VBD_pump_during_apogee,VBD_pump_during_surface,VBD_valve,Iridium_during_init,Iridium_during_connect,Iridium_during_xfer,Transponder_ping,GUMSTIX_24V,GPS,TT8,LPSleep,TT8_Active,TT8_Sampling,TT8_CF8,TT8_Kalman,Analog_circuits,GPS_charging,Compass,RAFOS,Transponder,Compass2
$DEVICE_SECS,25.425,33.200,275.875,143.450,0.000,0.000,0.000,314.475,2.250,0.000,22.370,894.933,1021.168,523.937,962.316,162.181,0.000,1241.954,0.000,646.830,0.000,16.555,0.000
$DEVICE_MAMPS,283.815,66.555,722.160,96.390,0.000,0.000,0.000,89.505,420.000,0.000,30.710,14.960,2.190,14.960,43.420,53.160,0.000,15.000,0.000,8.990,0.000,30.000,0.000
$SENSORS,SBE_CT,AA4330,WL_blue_red_Chl_old_fw,nil,nil,nil,nil,nil,nil,nil
$SENSOR_SECS,231.087,455.568,460.032,0.000,0.000,0.000,0.000,0.000,0.000,0.000
$SENSOR_MAMPS,23.970,0.750,0.750,0.000,0.000,0.000,0.000,0.000,0.000,0.000
$MEM,335068
$DATA_FILE_SIZE,24512,344
$CAP_FILE_SIZE,61057,0
$CFSIZE,2097872896,2068643840
$ERRORS,0,0,0,0,0,0,0,0,0,0,0,0,0,0,1,0
$CURRENT,0.155,138.51,1
$GPS,070625,204852,4750.271,-12224.728,37,1.1,57,16.3,0.5,172.0,8,5.0
