version: 66.14
glider: 194
mission: 16
dive: 140
start: 6 5 125 4 2 9
data:
$ID,194
$MISSION,16
$DIVE,140
$N_DIVES,0
$STOP_T,0
$D_SURF,3
$D_FLARE,2
$D_TGT,150
$D_ABORT,1090
$D_NO_BLEED,50
$D_BOOST,3
$T_BOOST,0
$D_FINISH,0
$D_PITCH,0
$D_SAFE,0
$D_CALL,0
$SURFACE_URGENCY,0
$SURFACE_URGENCY_TRY,0
$SURFACE_URGENCY_FORCE,0
$T_DIVE,50
$T_MISSION,65
$T_ABORT,1440
$T_TURN,300
$T_TURN_SAMPINT,5
$T_NO_W,120
$T_LOITER,0
$T_SLOITER,60
$T_EPIRB,0
$USE_BATHY,0
$USE_ICE,0
$ICE_FREEZE_MARGIN,0.30000001
$D_OFFGRID,100
$T_WATCHDOG,10
$RELAUNCH,1
$APOGEE_PITCH,-8
$MAX_BUOY,150
$COURSE_BIAS,0
$GLIDE_SLOPE,30
$SPEED_FACTOR,1
$RHO,1.023
$MASS,53609
$MASS_COMP,0
$NAV_MODE,2
$FERRY_MAX,45
$KALMAN_USE,2
$HD_A,0.003
$HD_B,0.0099999998
$HD_C,9.9999997e-06
$HEADING,-1
$ESCAPE_HEADING,0
$ESCAPE_HEADING_DELTA,10
$FIX_MISSING_TIMEOUT,0
$TGT_DEFAULT_LAT,4736
$TGT_DEFAULT_LON,-12225
$TGT_AUTO_DEFAULT,0
$SM_CC,535
$N_FILEKB,4
$FILEMGR,0
$CALL_NDIVES,1
$COMM_SEQ,0
$PROTOCOL,9
$N_NOCOMM,1
$NOCOMM_ACTION,0
$N_NOSURFACE,0
$UPLOAD_DIVES_MAX,-1
$CALL_TRIES,5
$CALL_WAIT,60
$CAPUPLOAD,1
$CAPMAXSIZE,200000
$HEAPDBG,0
$T_GPS,15
$N_GPS,50840
$T_RSLEEP,0
$STROBE,0
$RAFOS_PEAK_OFFSET,1.5
$RAFOS_CORR_THRESH,60
$RAFOS_HIT_WINDOW,3600
$RAFOS_MMODEM,0
$PITCH_MIN,199
$PITCH_MAX,3894
$C_PITCH,3411
$PITCH_DBAND,0.1
$PITCH_CNV,0.003125763
$P_OVSHOOT,0.039999999
$P_OVSHOOT_WITHG,0.1
$PITCH_GAIN,23
$PITCH_TIMEOUT,17
$PITCH_AD_RATE,160
$PITCH_MAXERRORS,1
$PITCH_ADJ_GAIN,0.02
$PITCH_ADJ_DBAND,2.5
$ROLL_MIN,291
$ROLL_MAX,3873
$ROLL_DEG,40
$C_ROLL_DIVE,3250
$C_ROLL_CLIMB,2850
$HEAD_ERRBAND,10
$ROLL_CNV,0.028270001
$ROLL_TIMEOUT,15
$R_PORT_OVSHOOT,66
$R_STBD_OVSHOOT,18
$ROLL_AD_RATE,350
$ROLL_MAXERRORS,2
$ROLL_ADJ_GAIN,0
$ROLL_ADJ_DBAND,0
$VBD_MIN,375
$VBD_MAX,3900
$C_VBD,2277
$VBD_DBAND,2
$VBD_CNV,-0.24529999
$VBD_LP_IGNORE,0
$VBD_TIMEOUT,720
$PITCH_VBD_SHIFT,0.001
$VBD_PUMP_AD_RATE_SURFACE,5
$VBD_PUMP_AD_RATE_APOGEE,4
$VBD_BLEED_AD_RATE,8
$UNCOM_BLEED,60
$VBD_MAXERRORS,1
$W_ADJ_DBAND,2
$DBDW,0
$PITCH_W_GAIN,0
$PITCH_W_DBAND,1
$CF8_MAXERRORS,5
$AH0_24V,142
$AH0_10V,95
$MINV_24V,19
$MINV_10V,8
$MAXI_24V,0.80000001
$MAXI_10V,0.60000002
$FG_AHR_10V,0
$FG_AHR_24V,0
$PHONE_SUPPLY,-2
$PRESSURE_YINT,-38.315674
$PRESSURE_SLOPE,0.0001158091
$AD7714Ch0Gain,128
$TCM_PITCH_OFFSET,0
$TCM_ROLL_OFFSET,0
$COMPASS_USE,4
$ALTIM_BOTTOM_PING_RANGE,0
$ALTIM_TOP_PING_RANGE,20
$ALTIM_BOTTOM_TURN_MARGIN,25
$ALTIM_TOP_TURN_MARGIN,0
$ALTIM_TOP_MIN_OBSTACLE,1
$ALTIM_PING_DEPTH,80
$ALTIM_PING_DELTA,5
$ALTIM_FREQUENCY,13
$ALTIM_PULSE,3
$ALTIM_SENSITIVITY,3
$XPDR_VALID,3
$XPDR_INHIBIT,90
$INT_PRESSURE_SLOPE,0.0097660003
$INT_PRESSURE_YINT,1.223
$DEEPGLIDER,0
$MOTHERBOARD,4
$DEVICE1,2
$DEVICE2,101
$DEVICE3,35
$DEVICE4,-1
$DEVICE5,-1
$DEVICE6,-1
$LOGGERS,0
$LOGGERDEVICE1,-1
$LOGGERDEVICE2,-1
$LOGGERDEVICE3,-1
$LOGGERDEVICE4,-1
$COMPASS_DEVICE,33
$COMPASS2_DEVICE,-1
$PHONE_DEVICE,49
$GPS_DEVICE,32
$RAFOS_DEVICE,-1
$XPDR_DEVICE,24
$SIM_W,0
$SIM_PITCH,0
$SEABIRD_T_G,0.0044373036
$SEABIRD_T_H,0.00066103507
$SEABIRD_T_I,2.7719814e-05
$SEABIRD_T_J,3.4688812e-06
$SEABIRD_C_G,-10.004086
$SEABIRD_C_H,1.1698962
$SEABIRD_C_I,-0.0014983811
$SEABIRD_C_J,0.00019441421
$SEABIRD_C_Z,2927.3301
$GPS1,050625,035514,4750.6733,-12222.0225,41,1.0,58,16.3,0.0,0.0,8,5.0
$_CALLS,1
$_XMS_NAKs,0
$_XMS_TOUTs,0
$_SM_DEPTHo,-15.08
$_SM_ANGLEo,-75.7
$GPS2,050625,040133,4750.6826,-12222.0078,10,1.0,23,16.3,0.0,0.0,8,5.0
$SPEED_LIMITS,0.173,0.260
$TGT_NAME,EAST_194
$TGT_LATLONG,4750.700,-12222.000
$TGT_RADIUS,400.000
$KALMAN_CONTROL,0.000000,0.000000
$KALMAN_X,0.000000,0.000000,0.000000,0.000000,0.000000
$KALMAN_Y,0.000000,0.000000,0.000000,0.000000,0.000000
$MHEAD_RNG_PITCHd_Wd,351.1,34,-27.2,-10.000,-30.00,962
$D_GRID,150
$GCHEAD,st_secs,pitch_ctl,vbd_ctl,pitch_ad_start,roll_ad_start,vbd_pot1_ad_start,vbd_pot2_ad_start,depth,ob_vertv,data_pts,end_secs,pitch_secs,roll_secs,vbd_secs,vbd_i,gcphase,pitch_i,roll_i,pitch_ad,roll_ad,vbd_ad,vbd_pot1_ad,vbd_pot2_ad,pitch_retries,pitch_errors,roll_retries,roll_errors,vbd_retries,vbd_errors,pitch_volts,roll_volts,vbd_volts,int_press,humidity
$STATE,5,end surface,CONTROL_FINISHED_OK
$STATE,5,begin dive
$GC,71,-1.25,-63.1,215,3248,350,393,-14.8,0.2,12,156,0.00,0.00,-78.45,0.000,16390,0.000,0.000,216,3248,2536,2546,2526,0,0,0,0,0,0,26.40,25.66,26.41,8.37,42.43
$GC,160,-1.33,-143.9,215,3248,2546,2526,-13.6,-1.4,27,186,12.25,2.12,-8.05,0.000,18948,0.282,0.041,2971,1852,2867,2896,2839,0,0,0,0,0,0,25.77,25.04,25.97,8.57,41.88
$GC,240,-1.01,-143.9,2970,1851,2896,2839,5.1,-29.0,41,247,0.43,2.25,0.00,0.000,3078,0.239,0.057,3081,3257,2867,2896,2839,0,0,0,0,0,0,25.87,26.10,26.12,8.61,41.25
$GC,311,-0.79,-143.9,3080,3257,2896,2839,23.5,-24.9,53,320,0.22,2.05,0.00,0.000,2564,0.220,0.024,3144,1856,2868,2897,2839,0,0,0,0,0,0,25.96,26.17,26.10,8.61,41.29
$GC,347,-0.65,-143.9,3144,1856,2898,2839,30.5,-23.1,56,355,0.20,2.22,0.00,0.000,3078,0.205,0.055,3198,3254,2868,2898,2839,0,0,0,0,0,0,26.00,26.17,26.20,8.60,41.37
$GC,473,-0.65,-143.9,3197,3254,2898,2839,49.4,-14.1,69,476,0.00,0.98,0.00,0.000,260,0.000,0.064,3198,3868,2869,2899,2839,0,0,0,0,0,0,26.55,26.23,26.56,8.61,41.96
$GC,575,-0.71,-143.9,3197,3869,2899,2839,63.8,-13.7,79,579,0.00,0.85,0.00,0.000,1030,0.000,0.028,3198,3265,2869,2899,2839,0,0,0,0,0,0,26.39,26.37,26.41,8.60,42.00
$GC,708,-0.79,-143.9,3197,3265,2900,2839,80.6,-12.7,92,713,0.08,2.10,0.00,0.000,4612,0.116,0.022,3148,1833,2869,2899,2839,0,0,0,0,0,0,26.39,26.38,26.43,8.60,42.36
$GC,757,-0.79,-143.9,3147,1831,2900,2839,86.3,-12.9,96,764,0.00,2.25,0.00,0.000,1030,0.000,0.054,3148,3257,2869,2900,2839,0,0,0,0,0,0,26.42,26.31,26.44,8.60,41.88
$GC,884,-0.79,-143.9,3147,3257,2899,2839,105.0,-14.3,109,888,0.00,0.98,0.00,0.000,260,0.000,0.060,3148,3879,2869,2900,2839,0,0,0,0,0,0,26.67,26.36,26.67,8.61,42.20
$STATE,964,end dive,BOTTOM_OBSTACLE_DETECTED
$STATE,964,begin apogee
$GC,972,-0.35,0.0,3148,2828,2899,2839,118.3,-18.5,117,1096,0.47,0.00,115.40,0.724,10246,0.174,0.000,3292,2828,2275,2312,2238,0,0,0,0,0,0,26.21,25.18,24.61,8.60,42.75
$STATE,1097,end apogee,CONTROL_FINISHED_OK
$STATE,1097,begin climb
$GC,1099,1.33,143.9,3291,2828,2312,2237,126.3,0.0,130,1229,1.62,2.15,118.53,0.702,10756,0.137,0.027,3813,1473,1687,1717,1657,0,0,0,0,0,0,25.24,25.08,24.51,8.56,41.29
$GC,1255,1.14,143.9,3813,1473,1714,1657,101.6,23.9,145,1264,0.12,2.22,0.00,0.000,5126,0.210,0.046,3783,2855,1686,1715,1657,0,0,0,0,0,0,25.27,25.44,25.46,8.51,40.66
$GC,1383,0.94,143.9,3782,2855,1713,1656,69.7,25.3,158,1387,0.20,1.62,0.00,0.000,4356,0.192,0.054,3723,3873,1684,1713,1656,0,0,0,0,0,0,25.66,25.82,25.78,8.50,41.25
$GC,1448,0.81,143.9,3723,3873,1712,1656,54.8,22.9,164,1456,0.20,1.50,0.00,0.000,5126,0.184,0.024,3674,2828,1684,1712,1656,0,0,0,0,0,0,25.77,26.01,25.95,8.50,41.57
$GC,1575,0.81,143.9,3673,2828,1712,1653,32.7,15.8,177,1585,0.00,2.08,0.00,0.000,516,0.000,0.031,3675,1456,1683,1712,1654,0,0,0,0,0,0,26.36,26.09,26.38,8.49,41.77
$GC,1591,0.81,143.9,3674,1456,1711,1654,31.5,15.9,178,1598,0.00,2.20,0.00,0.000,1030,0.000,0.050,3675,2848,1683,1712,1654,0,0,0,0,0,0,26.16,26.07,26.18,8.49,41.65
$GC,1719,0.81,143.9,3675,2848,1712,1653,13.3,14.2,195,1725,0.00,2.10,0.00,0.000,516,0.000,0.032,3675,1465,1682,1712,1653,0,0,0,0,0,0,26.46,26.18,26.47,8.49,41.53
$STATE,1796,end climb,SURFACE_DEPTH_REACHED
$STATE,1796,begin surface coast
$FINISH,0.6,1.022616
$STATE,1817,end surface coast,CONTROL_FINISHED_OK
$STATE,1819,begin surface
$SM_CCo,1841,166.07,0.081,0,0,372,466.56
$SM_CCo,2013,-0.17,0.000,0,0,376,466.56
$SM_CCo,2018,0.20,0.118,0,0,374,466.56
$SM_GC,-15.14,9.90,2.92,0.20,0.091,0.053,0.118,215,3245,374,-9.93,-0.76,466.56,0,0,0,0,0,0,26.19,26.18,26.01
$IRIDIUM_FIX,4751.29,-12215.97,050625,031355
$TT8_MAMPS,0.026215,0.241927
$HUMID,40.54
$INTERNAL_PRESSURE,8.33265
$TCM_TEMP,11.90
$XPDR_PINGS,0
$ALTIM_TOP_PING,19.0,37.5
$ALTIM_BOTTOM_PING,100.7,41.4
$24V_AH,24.51,10.572
$10V_AH,10.50,4.125
$FG_AHR_24Vo,0.000
$FG_AHR_10Vo,0.000
$DEVICES,Pitch_motor,Roll_motor,VBD_pump_during_apogee,VBD_pump_during_surface,VBD_valve,Iridium_during_init,Iridium_during_connect,Iridium_during_xfer,Transponder_ping,GUMSTIX_24V,GPS,TT8,LPSleep,TT8_Active,TT8_Sampling,TT8_CF8,TT8_Kalman,Analog_circuits,GPS_charging,Compass,RAFOS,Transponder,Compass2
$DEVICE_SECS,25.700,34.150,233.925,166.275,0.000,0.000,0.000,269.400,2.000,0.000,24.715,561.687,570.802,490.202,678.870,124.160,0.000,1038.044,0.000,404.217,0.000,16.507,0.000
$DEVICE_MAMPS,281.520,64.260,723.690,117.810,0.000,0.000,0.000,87.210,420.000,0.000,30.710,14.960,2.190,14.960,43.420,53.160,0.000,15.000,0.000,8.990,0.000,30.000,0.000
$SENSORS,SBE_CT,AA4330,WL_blue_red_Chl_old_fw,nil,nil,nil,nil,nil,nil,nil
$SENSOR_SECS,142.015,282.811,285.617,0.000,0.000,0.000,0.000,0.000,0.000,0.000
$SENSOR_MAMPS,23.970,0.750,0.750,0.000,0.000,0.000,0.000,0.000,0.000,0.000
$MEM,335204
$DATA_FILE_SIZE,14128,214
$CAP_FILE_SIZE,45707,0
$CFSIZE,2097872896,2076213248
$ERRORS,0,0,0,0,0,0,0,0,0,0,0,0,0,0,2,0
$CURRENT,0.032,28.96,1
$GPS,050625,043742,4750.919,-12221.900,30,1.2,70,16.3,0.0,0.0,7,4.5
