version: 66.14
glider: 194
mission: 16
dive: 218
start: 6 7 125 20 57 9
data:
$ID,194
$MISSION,16
$DIVE,218
$N_DIVES,0
$STOP_T,0
$D_SURF,3
$D_FLARE,2
$D_TGT,150
$D_ABORT,1090
$D_NO_BLEED,50
$D_BOOST,3
$T_BOOST,0
$D_FINISH,0
$D_PITCH,0
$D_SAFE,0
$D_CALL,0
$SURFACE_URGENCY,0
$SURFACE_URGENCY_TRY,0
$SURFACE_URGENCY_FORCE,0
$T_DIVE,50
$T_MISSION,65
$T_ABORT,1440
$T_TURN,300
$T_TURN_SAMPINT,5
$T_NO_W,120
$T_LOITER,0
$T_SLOITER,60
$T_EPIRB,0
$USE_BATHY,0
$USE_ICE,0
$ICE_FREEZE_MARGIN,0.30000001
$D_OFFGRID,100
$T_WATCHDOG,10
$RELAUNCH,1
$APOGEE_PITCH,-8
$MAX_BUOY,150
$COURSE_BIAS,0
$GLIDE_SLOPE,30
$SPEED_FACTOR,1
$RHO,1.023
$MASS,53609
$MASS_COMP,0
$NAV_MODE,2
$FERRY_MAX,45
$KALMAN_USE,2
$HD_A,0.003
$HD_B,0.0099999998
$HD_C,9.9999997e-06
$HEADING,-1
$ESCAPE_HEADING,0
$ESCAPE_HEADING_DELTA,10
$FIX_MISSING_TIMEOUT,0
$TGT_DEFAULT_LAT,4736
$TGT_DEFAULT_LON,-12225
$TGT_AUTO_DEFAULT,0
$SM_CC,535
$N_FILEKB,4
$FILEMGR,0
$CALL_NDIVES,1
$COMM_SEQ,0
$PROTOCOL,9
$N_NOCOMM,1
$NOCOMM_ACTION,0
$N_NOSURFACE,0
$UPLOAD_DIVES_MAX,-1
$CALL_TRIES,5
$CALL_WAIT,60
$CAPUPLOAD,1
$CAPMAXSIZE,200000
$HEAPDBG,0
$T_GPS,15
$N_GPS,50840
$T_RSLEEP,0
$STROBE,0
$RAFOS_PEAK_OFFSET,1.5
$RAFOS_CORR_THRESH,60
$RAFOS_HIT_WINDOW,3600
$RAFOS_MMODEM,0
$PITCH_MIN,199
$PITCH_MAX,3894
$C_PITCH,3411
$PITCH_DBAND,0.1
$PITCH_CNV,0.003125763
$P_OVSHOOT,0.039999999
$P_OVSHOOT_WITHG,0.1
$PITCH_GAIN,23
$PITCH_TIMEOUT,17
$PITCH_AD_RATE,160
$PITCH_MAXERRORS,1
$PITCH_ADJ_GAIN,0.02
$PITCH_ADJ_DBAND,2.5
$ROLL_MIN,291
$ROLL_MAX,3873
$ROLL_DEG,40
$C_ROLL_DIVE,3250
$C_ROLL_CLIMB,2850
$HEAD_ERRBAND,10
$ROLL_CNV,0.028270001
$ROLL_TIMEOUT,15
$R_PORT_OVSHOOT,103
$R_STBD_OVSHOOT,29
$ROLL_AD_RATE,350
$ROLL_MAXERRORS,2
$ROLL_ADJ_GAIN,0
$ROLL_ADJ_DBAND,0
$VBD_MIN,375
$VBD_MAX,3900
$C_VBD,2277
$VBD_DBAND,2
$VBD_CNV,-0.24529999
$VBD_LP_IGNORE,0
$VBD_TIMEOUT,720
$PITCH_VBD_SHIFT,0.001
$VBD_PUMP_AD_RATE_SURFACE,5
$VBD_PUMP_AD_RATE_APOGEE,4
$VBD_BLEED_AD_RATE,8
$UNCOM_BLEED,60
$VBD_MAXERRORS,1
$W_ADJ_DBAND,2
$DBDW,0
$PITCH_W_GAIN,0
$PITCH_W_DBAND,1
$CF8_MAXERRORS,5
$AH0_24V,142
$AH0_10V,95
$MINV_24V,19
$MINV_10V,8
$MAXI_24V,0.80000001
$MAXI_10V,0.60000002
$FG_AHR_10V,0
$FG_AHR_24V,0
$PHONE_SUPPLY,-2
$PRESSURE_YINT,-38.315674
$PRESSURE_SLOPE,0.0001158091
$AD7714Ch0Gain,128
$TCM_PITCH_OFFSET,0
$TCM_ROLL_OFFSET,0
$COMPASS_USE,4
$ALTIM_BOTTOM_PING_RANGE,0
$ALTIM_TOP_PING_RANGE,20
$ALTIM_BOTTOM_TURN_MARGIN,25
$ALTIM_TOP_TURN_MARGIN,0
$ALTIM_TOP_MIN_OBSTACLE,1
$ALTIM_PING_DEPTH,80
$ALTIM_PING_DELTA,5
$ALTIM_FREQUENCY,13
$ALTIM_PULSE,3
$ALTIM_SENSITIVITY,3
$XPDR_VALID,3
$XPDR_INHIBIT,90
$INT_PRESSURE_SLOPE,0.0097660003
$INT_PRESSURE_YINT,1.223
$DEEPGLIDER,0
$MOTHERBOARD,4
$DEVICE1,2
$DEVICE2,101
$DEVICE3,35
$DEVICE4,-1
$DEVICE5,-1
$DEVICE6,-1
$LOGGERS,0
$LOGGERDEVICE1,-1
$LOGGERDEVICE2,-1
$LOGGERDEVICE3,-1
$LOGGERDEVICE4,-1
$COMPASS_DEVICE,33
$COMPASS2_DEVICE,-1
$PHONE_DEVICE,49
$GPS_DEVICE,32
$RAFOS_DEVICE,-1
$XPDR_DEVICE,24
$SIM_W,0
$SIM_PITCH,0
$SEABIRD_T_G,0.0044373036
$SEABIRD_T_H,0.00066103507
$SEABIRD_T_I,2.7719814e-05
$SEABIRD_T_J,3.4688812e-06
$SEABIRD_C_G,-10.004086
$SEABIRD_C_H,1.1698962
$SEABIRD_C_I,-0.0014983811
$SEABIRD_C_J,0.00019441421
$SEABIRD_C_Z,2927.3301
$GPS1,070625,204852,4750.2715,-12224.7275,37,1.1,57,16.3,0.5,172.0,8,5.0
$_CALLS,1
$_XMS_NAKs,0
$_XMS_TOUTs,0
$_SM_DEPTHo,-16.88
$_SM_ANGLEo,-78.4
$GPS2,070625,205632,4750.1392,-12224.6943,6,1.1,29,16.3,0.3,163.3,8,5.0
$SPEED_LIMITS,0.173,0.260
$TGT_NAME,EAST_194
$TGT_LATLONG,4750.700,-12222.000
$TGT_RADIUS,400.000
$KALMAN_CONTROL,0.000000,0.000000
$KALMAN_X,0.000000,0.000000,0.000000,0.000000,0.000000
$KALMAN_Y,0.000000,0.000000,0.000000,0.000000,0.000000
$MHEAD_RNG_PITCHd_Wd,23.6,3507,-17.4,-10.000,-21.00,2234
$D_GRID,150
$GCHEAD,st_secs,pitch_ctl,vbd_ctl,pitch_ad_start,roll_ad_start,vbd_pot1_ad_start,vbd_pot2_ad_start,depth,ob_vertv,data_pts,end_secs,pitch_secs,roll_secs,vbd_secs,vbd_i,gcphase,pitch_i,roll_i,pitch_ad,roll_ad,vbd_ad,vbd_pot1_ad,vbd_pot2_ad,pitch_retries,pitch_errors,roll_retries,roll_errors,vbd_retries,vbd_errors,pitch_volts,roll_volts,vbd_volts,int_press,humidity
$STATE,4,end surface,CONTROL_FINISHED_OK
$STATE,4,begin dive
$GC,71,-0.90,-146.6,213,3260,348,398,-16.5,0.2,12,151,0.00,0.00,-77.62,0.000,16390,0.000,0.000,214,3261,2877,2896,2859,0,0,0,0,0,0,26.39,25.01,26.41,8.38,42.36
$GC,155,-0.90,-146.6,214,3261,2896,2860,-10.5,-14.9,26,174,12.95,2.03,0.00,0.000,2564,0.283,0.018,3107,1832,2879,2901,2858,0,0,0,0,0,0,25.74,26.03,25.93,8.61,42.40
$GC,193,-0.09,-146.6,3106,1832,2906,2853,3.2,-33.4,32,200,0.98,2.22,0.00,0.000,3078,0.203,0.050,3374,3244,2880,2908,2852,0,0,0,0,0,0,25.83,26.06,26.06,8.62,41.80
$GC,264,-0.36,-146.6,3373,3244,2910,2851,9.0,-3.6,45,272,0.15,1.00,0.00,0.000,4356,0.075,0.060,3300,3869,2880,2911,2850,0,0,0,0,0,0,26.18,26.12,26.22,8.62,42.63
$GC,379,-0.47,-146.6,3300,3869,2911,2850,16.6,-6.6,66,386,0.05,0.80,0.00,0.000,5126,0.095,0.031,3255,3310,2880,2910,2851,0,0,0,0,0,0,26.17,26.29,26.23,8.62,42.16
$GC,449,-0.47,-146.6,3255,3310,2911,2851,22.6,-8.7,76,459,0.00,2.08,0.00,0.000,516,0.000,0.027,3255,1895,2881,2911,2851,0,0,0,0,0,0,26.55,26.28,26.55,8.62,41.92
$GC,495,-0.47,-146.6,3255,1895,2912,2851,26.4,-8.7,80,503,0.00,2.15,0.00,0.000,1030,0.000,0.059,3255,3246,2881,2912,2850,0,0,0,0,0,0,26.32,26.20,26.34,8.62,42.12
$GC,623,-0.47,-146.6,3255,3246,2912,2851,38.3,-9.4,93,631,0.00,1.98,0.00,0.000,516,0.000,0.027,3255,1895,2881,2912,2850,0,0,0,0,0,0,26.60,26.34,26.61,8.62,42.20
$GC,668,-0.47,-146.6,3255,1894,2913,2850,42.3,-9.7,97,675,0.00,2.17,0.00,0.000,1030,0.000,0.060,3255,3257,2881,2912,2850,0,0,0,0,0,0,26.38,26.26,26.40,8.62,42.47
$GC,795,-0.47,-146.6,3255,3257,2912,2850,55.8,-10.7,110,804,0.00,2.00,0.00,0.000,516,0.000,0.028,3255,1896,2881,2913,2850,0,0,0,0,0,0,26.65,26.39,26.65,8.62,42.00
$GC,861,-0.55,-146.6,3254,1896,2913,2850,61.7,-9.0,116,868,0.00,2.17,0.00,0.000,1030,0.000,0.060,3255,3260,2881,2913,2850,0,0,0,0,0,0,26.42,26.30,26.44,8.62,42.32
$GC,989,-0.62,-146.6,3255,3260,2913,2850,72.3,-7.9,129,993,0.08,0.98,0.00,0.000,4356,0.109,0.060,3200,3875,2881,2913,2850,0,0,0,0,0,0,26.46,26.36,26.49,8.61,41.80
$GC,1041,-0.62,-146.6,3199,3875,2913,2850,77.8,-11.2,134,1045,0.00,0.82,0.00,0.000,1030,0.000,0.029,3200,3297,2881,2913,2850,0,0,0,0,0,0,26.49,26.47,26.50,8.62,42.20
$GC,1174,-0.57,-146.6,3199,3297,2913,2850,92.3,-11.4,147,1177,0.00,0.93,0.00,0.000,260,0.000,0.061,3200,3877,2882,2913,2851,0,0,0,0,0,0,26.72,26.39,26.72,8.62,42.43
$GC,1292,-0.57,-146.6,3199,3876,2913,2851,104.4,-10.1,158,1296,0.00,0.90,0.00,0.000,1030,0.000,0.028,3200,3236,2881,2913,2850,0,0,0,0,0,0,26.53,26.51,26.54,8.61,42.24
$GC,1424,-0.57,-146.6,3199,3236,2913,2851,119.0,-11.2,171,1428,0.00,1.02,0.00,0.000,260,0.000,0.059,3200,3881,2881,2913,2850,0,0,0,0,0,0,26.74,26.41,26.75,8.61,42.63
$GC,1456,-0.57,-146.6,3199,3880,2913,2851,123.1,-12.7,174,1460,0.08,0.88,0.00,0.000,3078,0.166,0.028,3222,3261,2882,2913,2851,0,0,0,0,0,0,26.30,26.53,26.39,8.62,42.75
$STATE,1507,end dive,BOTTOM_OBSTACLE_DETECTED
$STATE,1507,begin apogee
$GC,1514,-0.35,0.0,3222,2838,2913,2851,128.7,-10.5,179,1638,0.20,0.00,116.95,0.724,10246,0.147,0.000,3294,2838,2275,2316,2235,0,0,0,0,0,0,26.30,25.04,24.65,8.61,43.14
$STATE,1639,end apogee,CONTROL_FINISHED_OK
$STATE,1639,begin climb
$GC,1642,0.90,146.6,3293,2838,2315,2235,133.6,0.0,192,1773,1.17,2.20,120.05,0.705,10756,0.122,0.028,3677,1445,1676,1712,1641,0,0,0,0,0,0,25.27,25.10,24.56,8.57,41.41
$GC,1814,0.73,146.6,3676,1445,1710,1641,113.8,16.5,209,1822,0.00,2.28,0.00,0.000,1030,0.000,0.048,3677,2855,1675,1709,1641,0,0,0,0,0,0,25.62,25.53,25.64,8.51,40.35
$GC,1942,0.51,146.6,3676,2855,1709,1641,90.8,17.3,222,1952,0.32,1.60,0.00,0.000,4356,0.161,0.050,3580,3878,1674,1708,1640,0,0,0,0,0,0,25.73,25.87,25.83,8.51,41.77
$GC,2035,0.45,146.6,3579,3878,1708,1639,78.9,11.8,231,2039,0.00,1.50,0.00,0.000,1030,0.000,0.021,3580,2802,1673,1708,1639,0,0,0,0,0,0,26.13,26.10,26.14,8.50,41.57
$GC,2168,0.45,146.6,3579,2799,1708,1639,64.6,10.3,244,2176,0.00,1.95,0.00,0.000,516,0.000,0.028,3580,1493,1673,1707,1639,0,0,0,0,0,0,26.41,26.15,26.42,8.50,42.71
$GC,2219,0.45,146.6,3579,1493,1707,1639,59.5,9.8,249,2229,0.00,2.12,0.00,0.000,1030,0.000,0.045,3579,2855,1672,1707,1638,0,0,0,0,0,0,26.24,26.15,26.25,8.50,41.96
$GC,2350,0.45,146.6,3579,2855,1707,1638,46.1,10.2,262,2351,0.00,0.00,0.00,0.000,6,0.000,0.000,3579,2855,1672,1707,1638,0,0,0,0,0,0,26.52,26.53,26.53,8.49,42.67
$GC,2470,0.45,146.6,3579,2855,1707,1638,35.2,8.8,274,2474,0.00,2.03,0.00,0.000,516,0.000,0.028,3579,1494,1672,1707,1638,0,0,0,0,0,0,26.57,26.31,26.58,8.49,42.91
$GC,2514,0.45,146.6,3579,1494,1707,1638,31.5,8.5,278,2521,0.00,2.10,0.00,0.000,1030,0.000,0.044,3579,2852,1672,1707,1638,0,0,0,0,0,0,26.36,26.28,26.39,8.49,42.43
$GC,2642,0.50,196.9,3579,2852,1707,1637,20.6,7.7,291,2689,0.00,1.62,40.17,0.650,8452,0.000,0.054,3580,3872,1471,1514,1428,0,0,0,0,0,0,26.63,25.53,25.14,8.49,43.10
$GC,2712,0.50,196.9,3579,3872,1513,1428,14.3,9.5,302,2718,0.00,1.45,0.00,0.000,1030,0.000,0.022,3579,2876,1470,1513,1428,0,0,0,0,0,0,25.97,25.96,26.01,8.47,41.77
$GC,2782,0.55,245.0,3579,2875,1513,1428,8.4,7.8,315,2820,0.00,2.15,29.83,0.624,8708,0.000,0.027,3579,1465,1275,1322,1229,0,0,0,0,0,0,26.29,25.39,25.01,8.47,42.24
$STATE,2841,end climb,SURFACE_DEPTH_REACHED
$STATE,2841,begin surface coast
$FINISH,1.9,1.022439
$STATE,2852,end surface coast,CONTROL_FINISHED_OK
$STATE,2852,begin surface
$SM_CCo,2876,117.57,0.086,0,0,373,466.56
$SM_CCo,2997,-0.17,0.000,0,0,375,466.56
$SM_CCo,3002,0.03,0.335,0,0,375,466.56
$SM_GC,-16.85,9.35,2.95,0.03,0.066,0.049,0.335,217,3242,375,-9.93,-0.90,466.56,0,0,0,0,0,0,25.80,25.75,25.93
$IRIDIUM_FIX,4750.93,-12223.11,070625,194917
$TT8_MAMPS,0.026215,0.242676
$HUMID,41.33
$INTERNAL_PRESSURE,8.34241
$TCM_TEMP,12.00
$XPDR_PINGS,0
$ALTIM_TOP_PING,19.9,41.1
$ALTIM_BOTTOM_PING,95.8,57.4
$24V_AH,24.56,15.592
$10V_AH,10.46,6.188
$FG_AHR_24Vo,0.000
$FG_AHR_10Vo,0.000
$DEVICES,Pitch_motor,Roll_motor,VBD_pump_during_apogee,VBD_pump_during_surface,VBD_valve,Iridium_during_init,Iridium_during_connect,Iridium_during_xfer,Transponder_ping,GUMSTIX_24V,GPS,TT8,LPSleep,TT8_Active,TT8_Sampling,TT8_CF8,TT8_Kalman,Analog_circuits,GPS_charging,Compass,RAFOS,Transponder,Compass2
$DEVICE_SECS,25.325,48.675,307.000,117.600,0.000,0.000,0.000,336.550,1.500,0.000,30.906,843.773,1007.683,522.267,948.539,165.726,0.000,1262.199,0.000,605.022,0.000,12.061,0.000
$DEVICE_MAMPS,283.050,61.200,723.690,335.070,0.000,0.000,0.000,87.975,420.000,0.000,30.710,14.960,2.190,14.960,43.420,53.160,0.000,15.000,0.000,8.990,0.000,30.000,0.000
$SENSORS,SBE_CT,AA4330,WL_blue_red_Chl_old_fw,nil,nil,nil,nil,nil,nil,nil
$SENSOR_SECS,218.371,432.621,437.182,0.000,0.000,0.000,0.000,0.000,0.000,0.000
$SENSOR_MAMPS,23.970,0.750,0.750,0.000,0.000,0.000,0.000,0.000,0.000,0.000
$MEM,335072
$DATA_FILE_SIZE,21067,327
$CAP_FILE_SIZE,63285,0
$CFSIZE,2097872896,2068545536
$ERRORS,0,0,0,0,0,0,0,0,0,0,0,0,0,0,1,0
$CURRENT,0.111,116.49,1
$GPS,070625,214851,4750.308,-12224.073,35,0.9,54,16.3,0.3,202.6,9,5.0
