version: 66.14
glider: 194
mission: 16
dive: 380
start: 6 13 125 10 56 33
data:
$ID,194
$MISSION,16
$DIVE,380
$N_DIVES,0
$STOP_T,0
$D_SURF,3
$D_FLARE,2
$D_TGT,150
$D_ABORT,1090
$D_NO_BLEED,50
$D_BOOST,3
$T_BOOST,0
$D_FINISH,0
$D_PITCH,0
$D_SAFE,0
$D_CALL,0
$SURFACE_URGENCY,0
$SURFACE_URGENCY_TRY,0
$SURFACE_URGENCY_FORCE,0
$T_DIVE,50
$T_MISSION,65
$T_ABORT,1440
$T_TURN,300
$T_TURN_SAMPINT,5
$T_NO_W,120
$T_LOITER,0
$T_SLOITER,60
$T_EPIRB,0
$USE_BATHY,0
$USE_ICE,0
$ICE_FREEZE_MARGIN,0.30000001
$D_OFFGRID,100
$T_WATCHDOG,10
$RELAUNCH,1
$APOGEE_PITCH,-8
$MAX_BUOY,150
$COURSE_BIAS,0
$GLIDE_SLOPE,30
$SPEED_FACTOR,1
$RHO,1.023
$MASS,53609
$MASS_COMP,0
$NAV_MODE,2
$FERRY_MAX,45
$KALMAN_USE,2
$HD_A,0.003
$HD_B,0.0099999998
$HD_C,9.9999997e-06
$HEADING,-1
$ESCAPE_HEADING,0
$ESCAPE_HEADING_DELTA,10
$FIX_MISSING_TIMEOUT,0
$TGT_DEFAULT_LAT,4736
$TGT_DEFAULT_LON,-12225
$TGT_AUTO_DEFAULT,0
$SM_CC,535
$N_FILEKB,4
$FILEMGR,0
$CALL_NDIVES,1
$COMM_SEQ,0
$PROTOCOL,9
$N_NOCOMM,1
$NOCOMM_ACTION,0
$N_NOSURFACE,0
$UPLOAD_DIVES_MAX,-1
$CALL_TRIES,5
$CALL_WAIT,60
$CAPUPLOAD,1
$CAPMAXSIZE,200000
$HEAPDBG,0
$T_GPS,15
$N_GPS,50840
$T_RSLEEP,0
$STROBE,0
$RAFOS_PEAK_OFFSET,1.5
$RAFOS_CORR_THRESH,60
$RAFOS_HIT_WINDOW,3600
$RAFOS_MMODEM,0
$PITCH_MIN,199
$PITCH_MAX,3894
$C_PITCH,3411
$PITCH_DBAND,0.1
$PITCH_CNV,0.003125763
$P_OVSHOOT,0.039999999
$P_OVSHOOT_WITHG,0.1
$PITCH_GAIN,23
$PITCH_TIMEOUT,17
$PITCH_AD_RATE,160
$PITCH_MAXERRORS,1
$PITCH_ADJ_GAIN,0.02
$PITCH_ADJ_DBAND,2.5
$ROLL_MIN,291
$ROLL_MAX,3873
$ROLL_DEG,40
$C_ROLL_DIVE,3014
$C_ROLL_CLIMB,2850
$HEAD_ERRBAND,10
$ROLL_CNV,0.028270001
$ROLL_TIMEOUT,15
$R_PORT_OVSHOOT,67
$R_STBD_OVSHOOT,41
$ROLL_AD_RATE,350
$ROLL_MAXERRORS,2
$ROLL_ADJ_GAIN,0
$ROLL_ADJ_DBAND,0
$VBD_MIN,375
$VBD_MAX,3900
$C_VBD,2277
$VBD_DBAND,2
$VBD_CNV,-0.24529999
$VBD_LP_IGNORE,0
$VBD_TIMEOUT,720
$PITCH_VBD_SHIFT,0.001
$VBD_PUMP_AD_RATE_SURFACE,5
$VBD_PUMP_AD_RATE_APOGEE,4
$VBD_BLEED_AD_RATE,8
$UNCOM_BLEED,60
$VBD_MAXERRORS,1
$W_ADJ_DBAND,2
$DBDW,0
$PITCH_W_GAIN,0
$PITCH_W_DBAND,1
$CF8_MAXERRORS,5
$AH0_24V,142
$AH0_10V,95
$MINV_24V,19
$MINV_10V,8
$MAXI_24V,0.80000001
$MAXI_10V,0.60000002
$FG_AHR_10V,0
$FG_AHR_24V,0
$PHONE_SUPPLY,-2
$PRESSURE_YINT,-38.315674
$PRESSURE_SLOPE,0.0001158091
$AD7714Ch0Gain,128
$TCM_PITCH_OFFSET,0
$TCM_ROLL_OFFSET,0
$COMPASS_USE,4
$ALTIM_BOTTOM_PING_RANGE,0
$ALTIM_TOP_PING_RANGE,20
$ALTIM_BOTTOM_TURN_MARGIN,25
$ALTIM_TOP_TURN_MARGIN,0
$ALTIM_TOP_MIN_OBSTACLE,1
$ALTIM_PING_DEPTH,80
$ALTIM_PING_DELTA,5
$ALTIM_FREQUENCY,13
$ALTIM_PULSE,3
$ALTIM_SENSITIVITY,3
$XPDR_VALID,3
$XPDR_INHIBIT,90
$INT_PRESSURE_SLOPE,0.0097660003
$INT_PRESSURE_YINT,1.223
$DEEPGLIDER,0
$MOTHERBOARD,4
$DEVICE1,2
$DEVICE2,101
$DEVICE3,35
$DEVICE4,-1
$DEVICE5,-1
$DEVICE6,-1
$LOGGERS,0
$LOGGERDEVICE1,-1
$LOGGERDEVICE2,-1
$LOGGERDEVICE3,-1
$LOGGERDEVICE4,-1
$COMPASS_DEVICE,33
$COMPASS2_DEVICE,-1
$PHONE_DEVICE,49
$GPS_DEVICE,32
$RAFOS_DEVICE,-1
$XPDR_DEVICE,24
$SIM_W,0
$SIM_PITCH,0
$SEABIRD_T_G,0.0044373036
$SEABIRD_T_H,0.00066103507
$SEABIRD_T_I,2.7719814e-05
$SEABIRD_T_J,3.4688812e-06
$SEABIRD_C_G,-10.004086
$SEABIRD_C_H,1.1698962
$SEABIRD_C_I,-0.0014983811
$SEABIRD_C_J,0.00019441421
$SEABIRD_C_Z,2927.3301
$GPS1,130625,104932,4750.7124,-12221.9014,27,0.9,56,16.3,0.4,224.7,10,4.9
$_CALLS,1
$_XMS_NAKs,0
$_XMS_TOUTs,0
$_SM_DEPTHo,-22.18
$_SM_ANGLEo,-75.9
$GPS2,130625,105556,4750.6587,-12221.9561,7,1.2,32,16.3,0.3,204.8,9,5.0
$SPEED_LIMITS,0.173,0.260
$TGT_NAME,EAST_194
$TGT_LATLONG,4750.700,-12222.000
$TGT_RADIUS,400.000
$KALMAN_CONTROL,0.000000,0.000000
$KALMAN_X,0.000000,0.000000,0.000000,0.000000,0.000000
$KALMAN_Y,0.000000,0.000000,0.000000,0.000000,0.000000
$MHEAD_RNG_PITCHd_Wd,314.7,95,-27.2,-10.000,-30.00,962
$D_GRID,150
$GCHEAD,st_secs,pitch_ctl,vbd_ctl,pitch_ad_start,roll_ad_start,vbd_pot1_ad_start,vbd_pot2_ad_start,depth,ob_vertv,data_pts,end_secs,pitch_secs,roll_secs,vbd_secs,vbd_i,gcphase,pitch_i,roll_i,pitch_ad,roll_ad,vbd_ad,vbd_pot1_ad,vbd_pot2_ad,pitch_retries,pitch_errors,roll_retries,roll_errors,vbd_retries,vbd_errors,pitch_volts,roll_volts,vbd_volts,int_press,humidity
$STATE,4,end surface,CONTROL_FINISHED_OK
$STATE,5,begin dive
$GC,71,-1.25,-63.1,210,3038,357,389,-21.6,-0.2,12,156,0.00,0.00,-77.85,0.000,16390,0.000,0.000,211,3038,2536,2547,2526,0,0,0,0,0,0,26.46,24.80,26.46,8.37,42.87
$GC,160,-1.28,-90.9,211,3038,2547,2526,-19.0,-7.0,27,180,12.30,1.30,-2.12,0.000,18692,0.278,0.070,2990,3863,2651,2679,2623,0,0,0,0,0,0,25.66,24.73,25.87,8.57,42.16
$GC,485,-0.94,-90.9,2989,3864,2682,2622,62.3,-26.3,72,494,0.35,1.23,0.00,0.000,3078,0.209,0.023,3100,2995,2652,2682,2623,0,0,0,0,0,0,25.91,26.40,26.19,8.60,42.43
$GC,619,-0.86,-90.9,3100,2995,2685,2620,85.2,-15.6,85,623,0.10,1.35,0.00,0.000,2308,0.212,0.052,3131,3868,2653,2685,2621,0,0,0,0,0,0,26.09,26.29,26.20,8.59,42.91
$STATE,722,end dive,BOTTOM_OBSTACLE_DETECTED
$STATE,722,begin apogee
$GC,730,-0.35,0.0,3130,2827,2685,2621,102.8,-16.5,95,811,0.52,0.00,74.45,0.712,10246,0.178,0.000,3289,2827,2274,2314,2235,0,0,0,0,0,0,26.01,25.39,24.82,8.59,42.91
$STATE,812,end apogee,CONTROL_FINISHED_OK
$STATE,812,begin climb
$GC,815,1.28,90.9,3289,2827,2314,2235,108.6,0.0,104,902,1.55,2.05,76.47,0.698,10756,0.127,0.027,3800,1471,1903,1936,1871,0,0,0,0,0,0,25.40,25.22,24.68,8.56,42.28
$GC,1026,1.07,90.9,3800,1471,1931,1869,79.0,19.0,125,1036,0.15,2.12,0.00,0.000,5126,0.187,0.041,3760,2834,1900,1931,1869,0,0,0,0,0,0,25.65,25.88,25.78,8.52,41.33
$GC,1157,0.86,90.9,3759,2834,1931,1868,55.3,18.8,138,1166,0.22,2.00,0.00,0.000,4612,0.193,0.026,3700,1496,1899,1931,1868,0,0,0,0,0,0,25.79,26.02,25.94,8.52,42.71
$GC,1230,0.86,90.9,3700,1496,1930,1867,45.6,12.2,145,1239,0.00,2.15,0.00,0.000,1030,0.000,0.048,3701,2850,1898,1930,1867,0,0,0,0,0,0,26.20,26.10,26.22,8.52,41.84
$GC,1361,0.74,90.9,3700,2850,1931,1866,28.2,13.9,158,1365,0.15,1.60,0.00,0.000,4356,0.192,0.050,3657,3884,1898,1930,1866,0,0,0,0,0,0,25.96,26.17,26.09,8.51,43.30
$STATE,1549,end climb,SURFACE_DEPTH_REACHED
$STATE,1549,begin surface coast
$FINISH,-0.0,1.022618
$STATE,1570,end surface coast,CONTROL_FINISHED_OK
$STATE,1570,begin surface
$SM_CCo,1592,196.43,0.094,0,0,373,466.56
$SM_CCo,1793,-0.20,0.000,0,0,376,466.56
$SM_CCo,1798,0.32,0.098,0,0,374,466.56
$SM_GC,-22.29,9.85,1.25,0.32,0.092,0.022,0.098,214,3020,374,-9.93,2.63,466.56,0,0,0,0,0,0,26.25,26.41,25.99
$IRIDIUM_FIX,4747.88,-12240.07,130625,101007
$TT8_MAMPS,0.026215,0.241927
$HUMID,41.17
$INTERNAL_PRESSURE,8.34241
$TCM_TEMP,12.10
$XPDR_PINGS,0
$ALTIM_TOP_PING,18.5,45.4
$ALTIM_BOTTOM_PING,85.2,42.0
$24V_AH,24.68,25.652
$10V_AH,10.45,10.408
$FG_AHR_24Vo,0.000
$FG_AHR_10Vo,0.000
$DEVICES,Pitch_motor,Roll_motor,VBD_pump_during_apogee,VBD_pump_during_surface,VBD_valve,Iridium_during_init,Iridium_during_connect,Iridium_during_xfer,Transponder_ping,GUMSTIX_24V,GPS,TT8,LPSleep,TT8_Active,TT8_Sampling,TT8_CF8,TT8_Kalman,Analog_circuits,GPS_charging,Compass,RAFOS,Transponder,Compass2
$DEVICE_SECS,25.200,16.550,150.925,196.750,0.000,0.000,0.000,263.575,1.250,0.000,33.701,523.787,473.960,428.378,662.651,123.111,0.000,936.967,0.000,389.509,0.000,11.699,0.000
$DEVICE_MAMPS,277.695,70.380,712.215,97.920,0.000,0.000,0.000,86.445,420.000,0.000,30.710,14.960,2.190,14.960,43.420,53.160,0.000,15.000,0.000,8.990,0.000,30.000,0.000
$SENSORS,SBE_CT,AA4330,WL_blue_red_Chl_old_fw,nil,nil,nil,nil,nil,nil,nil
$SENSOR_SECS,129.121,255.416,257.927,0.000,0.000,0.000,0.000,0.000,0.000,0.000
$SENSOR_MAMPS,23.970,0.750,0.750,0.000,0.000,0.000,0.000,0.000,0.000,0.000
$MEM,335220
$DATA_FILE_SIZE,14187,193
$CAP_FILE_SIZE,37452,0
$CFSIZE,2097872896,2052620288
$ERRORS,0,0,0,0,0,0,0,0,0,0,0,0,0,0,1,0
$CURRENT,0.042,257.40,1
$GPS,130625,112750,4750.778,-12222.055,16,1.0,34,16.3,0.3,233.4,9,5.0
