version: 66.11
glider: 175
mission: 9
dive: 6
start: 5 30 125 23 45 18
data:
$ID,175
$MISSION,9
$DIVE,6
$N_DIVES,0
$D_SURF,3
$D_FLARE,3
$D_TGT,400
$D_ABORT,1090
$D_NO_BLEED,500
$D_BOOST,3
$T_BOOST,0
$D_FINISH,0
$D_PITCH,0
$D_SAFE,0
$D_CALL,0
$SURFACE_URGENCY,0
$SURFACE_URGENCY_TRY,0
$SURFACE_URGENCY_FORCE,0
$T_DIVE,70
$T_MISSION,85
$T_ABORT,1440
$T_TURN,300
$T_TURN_SAMPINT,5
$T_NO_W,120
$T_LOITER,0
$T_EPIRB,0
$USE_BATHY,0
$USE_ICE,0
$ICE_FREEZE_MARGIN,0.30000001
$D_OFFGRID,100
$T_WATCHDOG,10
$RELAUNCH,1
$APOGEE_PITCH,-8
$MAX_BUOY,150
$COURSE_BIAS,0
$GLIDE_SLOPE,30
$SPEED_FACTOR,1
$RHO,1.023
$MASS,51682
$MASS_COMP,0
$NAV_MODE,2
$FERRY_MAX,45
$KALMAN_USE,2
$HD_A,0.003
$HD_B,0.0099999998
$HD_C,9.9999997e-06
$HEADING,-1
$ESCAPE_HEADING,0
$ESCAPE_HEADING_DELTA,10
$FIX_MISSING_TIMEOUT,0
$TGT_DEFAULT_LAT,4743
$TGT_DEFAULT_LON,-12225
$TGT_AUTO_DEFAULT,0
$SM_CC,494.91199
$N_FILEKB,4
$FILEMGR,0
$CALL_NDIVES,1
$COMM_SEQ,0
$PROTOCOL,9
$N_NOCOMM,1
$NOCOMM_ACTION,0
$N_NOSURFACE,0
$UPLOAD_DIVES_MAX,-1
$CALL_TRIES,5
$CALL_WAIT,60
$CAPUPLOAD,1
$CAPMAXSIZE,200000
$HEAPDBG,0
$T_GPS,15
$N_GPS,30
$T_GPS_ALMANAC,0
$T_GPS_CHARGE,-34382.352
$T_RSLEEP,2
$STROBE,0
$RAFOS_PEAK_OFFSET,1.5
$RAFOS_CORR_THRESH,60
$RAFOS_HIT_WINDOW,3600
$PITCH_MIN,255
$PITCH_MAX,3935
$C_PITCH,3000
$PITCH_DBAND,0.0099999998
$PITCH_CNV,0.003125763
$P_OVSHOOT,0.039999999
$PITCH_GAIN,30
$PITCH_TIMEOUT,17
$PITCH_AD_RATE,160
$PITCH_MAXERRORS,1
$PITCH_ADJ_GAIN,0.02
$PITCH_ADJ_DBAND,2.5
$ROLL_MIN,171
$ROLL_MAX,3723
$ROLL_DEG,40
$C_ROLL_DIVE,2000
$C_ROLL_CLIMB,1947
$HEAD_ERRBAND,10
$ROLL_CNV,0.028270001
$ROLL_TIMEOUT,15
$R_PORT_OVSHOOT,51
$R_STBD_OVSHOOT,70
$ROLL_AD_RATE,300
$ROLL_MAXERRORS,2
$ROLL_ADJ_GAIN,0
$ROLL_ADJ_DBAND,0
$VBD_MIN,465
$VBD_MAX,3960
$C_VBD,2375
$VBD_DBAND,2
$VBD_CNV,-0.25119999
$VBD_TIMEOUT,720
$PITCH_VBD_SHIFT,0.0012300001
$VBD_PUMP_AD_RATE_SURFACE,5
$VBD_PUMP_AD_RATE_APOGEE,4
$VBD_BLEED_AD_RATE,8
$UNCOM_BLEED,60
$VBD_MAXERRORS,1
$W_ADJ_DBAND,2
$DBDW,0
$PITCH_W_GAIN,0
$PITCH_W_DBAND,1
$CF8_MAXERRORS,5
$AH0_24V,145
$AH0_10V,95
$MINV_24V,19
$MINV_10V,8
$FG_AHR_10V,0
$FG_AHR_24V,0
$PHONE_SUPPLY,2
$PRESSURE_YINT,-33.008354
$PRESSURE_SLOPE,0.0001165895
$AD7714Ch0Gain,128
$TCM_PITCH_OFFSET,0
$TCM_ROLL_OFFSET,0
$COMPASS_USE,4
$ALTIM_BOTTOM_PING_RANGE,0
$ALTIM_TOP_PING_RANGE,20
$ALTIM_BOTTOM_TURN_MARGIN,10
$ALTIM_TOP_TURN_MARGIN,0
$ALTIM_TOP_MIN_OBSTACLE,1
$ALTIM_PING_DEPTH,100
$ALTIM_PING_DELTA,5
$ALTIM_FREQUENCY,13
$ALTIM_PULSE,3
$ALTIM_SENSITIVITY,3
$XPDR_VALID,5
$XPDR_INHIBIT,90
$INT_PRESSURE_SLOPE,0.0097660003
$INT_PRESSURE_YINT,-0.40000001
$DEEPGLIDER,0
$DEEPGLIDERMB,0
$MOTHERBOARD,4
$DEVICE1,2
$DEVICE2,20
$DEVICE3,-1
$DEVICE4,-1
$DEVICE5,-1
$DEVICE6,-1
$LOGGERS,7
$LOGGERDEVICE1,-1
$LOGGERDEVICE2,-1
$LOGGERDEVICE3,-1
$LOGGERDEVICE4,-1
$COMPASS_DEVICE,33
$COMPASS2_DEVICE,-1
$PHONE_DEVICE,49
$GPS_DEVICE,32
$RAFOS_DEVICE,-1
$XPDR_DEVICE,24
$SIM_W,0
$SIM_PITCH,0
$SEABIRD_T_G,0.0043275012
$SEABIRD_T_H,0.0006214368
$SEABIRD_T_I,2.2085376e-05
$SEABIRD_T_J,2.2233748e-06
$SEABIRD_C_G,-10.084761
$SEABIRD_C_H,1.1595923
$SEABIRD_C_I,-0.0010180317
$SEABIRD_C_J,0.00017345669
$GPS1,300525,234204,4749.694,-12225.207,6,1.2,11,18.2
$_CALLS,1
$_XMS_NAKs,0
$_XMS_TOUTs,0
$_SM_DEPTHo,0.59
$_SM_ANGLEo,-69.1
$GPS2,300525,234435,4749.694,-12225.227,12,1.6,12,18.2
$SPEED_LIMITS,0.330,0.340
$TGT_NAME,NORTH_175
$TGT_LATLONG,4750.000,-12224.800
$TGT_RADIUS,200.000
$KALMAN_CONTROL,0.000,0.000
$KALMAN_X,0.0,0.0,0.0,0.0,0.0
$KALMAN_Y,0.0,0.0,0.0,0.0,0.0
$MHEAD_RNG_PITCHd_Wd,16.8,776,-28.0,-19.048,-30.00,1324
$D_GRID,400
$GCHEAD,st_secs,pitch_ctl,vbd_ctl,pitch_ad_start,roll_ad_start,vbd_pot1_ad_start,vbd_pot2_ad_start,depth,ob_vertv,data_pts,end_secs,pitch_secs,roll_secs,vbd_secs,vbd_i,gcphase,pitch_i,roll_i,pitch_ad,roll_ad,vbd_ad,vbd_pot1_ad,vbd_pot2_ad,pitch_retries,pitch_errors,roll_retries,roll_errors,vbd_retries,vbd_errors,pitch_volts,roll_volts,vbd_volts
$STATE,13,end surface,CONTROL_FINISHED_OK
$STATE,13,begin dive
$GC,15,-1.11,-146.6,241,2004,512,419,0.0,0.0,0,105,0.00,0.00,-87.95,0.000,16386,0.000,0.000,241,2004,2948,3047,2849,0,0,0,0,0,0,28.83,28.83,28.83
$GC,108,-1.11,-146.6,241,2004,3050,2850,4.2,-7.7,9,126,9.35,2.10,0.00,0.000,2308,0.229,0.034,2622,3392,2955,3061,2850,0,0,0,0,0,0,26.02,26.33,28.83
$GC,233,-1.03,-146.6,2621,3392,3075,2847,48.3,-28.7,21,243,0.17,2.00,0.00,0.000,3078,0.188,0.020,2670,1965,2960,3075,2846,0,0,0,0,0,0,26.17,26.44,28.83
$GC,273,-0.96,-146.6,2670,1964,3076,2845,60.1,-29.3,25,275,0.08,0.00,0.00,0.000,2054,0.216,0.000,2685,1964,2960,3076,2845,0,0,0,0,0,0,26.36,28.83,28.83
$GC,302,-0.96,-146.6,2684,1964,3076,2845,67.7,-26.4,28,304,0.00,0.00,0.00,0.000,2054,0.000,0.000,2685,1964,2961,3077,2845,0,0,0,0,0,0,28.83,28.83,28.83
$GC,333,-0.96,-146.6,2685,1964,3077,2845,74.6,-23.1,31,342,0.00,2.10,0.00,0.000,2308,0.000,0.037,2684,3380,2961,3077,2845,0,0,0,0,0,0,28.83,26.43,28.83
$GC,357,-0.96,-146.6,2683,3380,3078,2845,79.6,-22.3,33,365,0.00,1.98,0.00,0.000,3078,0.000,0.018,2684,2005,2961,3078,2845,0,0,0,0,0,0,28.83,26.50,28.83
$GC,395,-0.96,-146.6,2684,2002,3078,2844,87.9,-20.5,37,405,0.00,2.03,0.00,0.000,2564,0.000,0.036,2684,624,2960,3078,2843,0,0,0,0,0,0,28.83,26.44,28.83
$GC,462,-0.96,-146.6,2683,624,3078,2842,102.0,-22.2,43,471,0.00,1.95,0.00,0.000,3078,0.000,0.027,2682,1985,2960,3078,2843,0,0,0,0,0,0,28.83,26.50,28.83
$GC,499,-0.96,-146.6,2682,1985,3078,2842,111.2,-22.9,47,501,0.00,0.00,0.00,0.000,2054,0.000,0.000,2682,1985,2960,3078,2842,0,0,0,0,0,0,28.83,28.83,28.83
$GC,529,-0.96,-146.6,2682,1985,3078,2842,118.5,-24.0,50,539,0.00,2.00,0.00,0.000,2564,0.000,0.033,2682,619,2960,3078,2842,0,0,0,0,0,0,28.83,26.49,28.83
$GC,572,-0.96,-146.6,2682,620,3078,2842,128.5,-23.3,54,582,0.00,2.00,0.00,0.000,3078,0.000,0.026,2682,2009,2960,3078,2842,0,0,0,0,0,0,28.83,26.53,28.83
$GC,612,-0.96,-146.6,2682,2009,3078,2842,137.4,-22.1,58,622,0.00,2.05,0.00,0.000,2308,0.000,0.039,2682,3399,2960,3079,2842,0,0,0,0,0,0,28.83,26.51,28.83
$GC,668,-0.96,-146.6,2682,3399,3079,2842,149.3,-22.6,63,677,0.00,2.00,0.00,0.000,3078,0.000,0.018,2682,1998,2960,3079,2842,0,0,0,0,0,0,28.83,26.59,28.83
$STATE,696,end dive,BOTTOM_OBSTACLE_DETECTED
$STATE,696,begin apogee
$GC,699,-0.27,0.0,2682,1995,3079,2842,156.0,-22.0,66,818,0.73,0.00,113.62,0.561,10246,0.144,0.000,2909,1994,2375,2469,2281,0,0,0,0,0,0,26.35,28.83,24.97
$STATE,819,end apogee,CONTROL_FINISHED_OK
$STATE,819,begin climb
$GC,820,1.11,146.6,2909,1994,2468,2280,165.2,0.0,78,940,1.33,2.25,111.30,0.546,11012,0.095,0.034,3361,567,1790,1904,1676,0,0,0,0,0,0,25.47,25.43,24.90
$GC,1075,1.06,146.6,3361,565,1895,1674,137.2,18.2,103,1085,0.05,2.05,0.00,0.000,5126,0.184,0.019,3348,1977,1784,1895,1674,0,0,0,0,0,0,25.93,26.13,28.83
$GC,1114,1.09,174.1,3348,1977,1895,1673,130.5,16.9,107,1143,0.00,0.00,21.38,0.506,8198,0.000,0.000,3348,1977,1679,1798,1561,0,0,0,0,0,0,28.83,28.83,25.41
$GC,1173,1.09,174.1,3348,1977,1798,1558,120.4,17.1,113,1183,0.00,2.10,0.00,0.000,516,0.000,0.034,3357,568,1678,1798,1558,0,0,0,0,0,0,28.83,26.03,28.83
$GC,1195,1.09,174.1,3357,568,1797,1558,116.4,17.7,115,1206,0.00,1.98,0.00,0.000,5126,0.000,0.019,3357,1954,1677,1797,1558,0,0,0,0,0,0,28.83,26.13,28.83
$GC,1236,1.09,174.1,3357,1954,1798,1558,109.5,17.4,119,1246,0.00,2.08,0.00,0.000,4612,0.000,0.036,3367,563,1677,1796,1558,0,0,0,0,0,0,28.83,26.15,28.83
$GC,1260,1.09,174.1,3367,563,1796,1558,105.0,18.2,121,1269,0.03,2.03,0.00,0.000,5126,0.206,0.020,3361,1955,1677,1796,1558,0,0,0,0,0,0,26.09,26.23,28.83
$GC,1299,1.09,174.1,3360,1955,1796,1557,97.5,18.8,125,1308,0.00,2.08,0.00,0.000,4612,0.000,0.036,3369,562,1676,1796,1557,0,0,0,0,0,0,28.83,26.22,28.83
$GC,1353,1.03,174.1,3369,561,1795,1557,87.0,19.5,130,1363,0.15,1.98,0.00,0.000,5126,0.186,0.020,3335,1961,1676,1795,1557,0,0,0,0,0,0,26.10,26.33,28.83
$GC,1392,1.03,174.1,3335,1961,1795,1557,79.4,19.1,134,1401,0.00,2.08,0.00,0.000,4612,0.000,0.035,3344,563,1676,1795,1557,0,0,0,0,0,0,28.83,26.31,28.83
$GC,1405,1.03,174.1,3343,563,1795,1557,77.9,18.7,135,1415,0.00,2.00,0.00,0.000,5126,0.000,0.020,3344,1941,1676,1795,1557,0,0,0,0,0,0,28.83,26.36,28.83
$GC,1444,1.03,174.1,3343,1941,1795,1557,69.8,18.4,139,1445,0.00,0.00,0.00,0.000,4102,0.000,0.000,3344,1941,1676,1795,1557,0,0,0,0,0,0,28.83,28.83,28.83
$GC,1474,1.03,174.1,3344,1941,1795,1557,64.5,18.3,142,1477,0.00,2.05,0.00,0.000,4612,0.000,0.036,3353,562,1676,1795,1557,0,0,0,0,0,0,28.83,26.36,28.83
$GC,1486,1.03,174.1,2608,561,1759,1553,62.6,17.9,143,1497,0.05,2.00,0.00,0.000,5126,0.189,0.019,3340,1955,1676,1795,1557,0,0,0,0,0,0,26.22,26.42,28.83
$GC,1525,1.03,174.1,3339,1955,1795,1557,55.4,17.8,147,1526,0.00,0.00,0.00,0.000,4102,0.000,0.000,3340,1955,1675,1795,1556,0,0,0,0,0,0,28.83,28.83,28.83
$GC,1555,1.08,212.1,3340,1955,1795,1556,50.7,16.1,150,1589,0.00,2.03,28.70,0.482,10500,0.000,0.031,3340,3326,1528,1661,1396,0,0,0,0,0,0,28.83,26.11,25.61
$GC,1612,1.16,275.8,3339,3326,1661,1394,42.9,14.1,155,1665,0.08,1.98,46.33,0.476,11270,0.128,0.021,3376,1942,1276,1417,1136,0,0,0,0,0,0,26.11,26.19,25.29
$GC,1692,1.16,275.8,3376,1942,1416,1130,28.3,20.0,163,1694,0.00,0.00,0.00,0.000,4102,0.000,0.000,3376,1942,1273,1416,1130,0,0,0,0,0,0,28.83,28.83,28.83
$GC,1722,1.16,275.8,3376,1940,1416,1128,21.5,22.7,166,1733,0.00,2.08,0.00,0.000,4356,0.000,0.032,3376,3332,1272,1416,1128,0,0,0,0,0,0,28.83,26.01,28.83
$GC,1746,1.16,275.8,3376,3332,1416,1128,16.9,21.1,168,1755,0.00,2.00,0.00,0.000,5126,0.000,0.019,3386,1937,1271,1416,1127,0,0,0,0,0,0,28.83,26.08,28.83
$GC,1786,1.16,275.8,3386,1936,1416,1127,8.2,21.8,172,1795,0.00,2.08,0.00,0.000,4356,0.000,0.032,3387,3333,1271,1416,1127,0,0,0,0,0,0,28.83,26.13,28.83
$STATE,1817,end climb,SURFACE_DEPTH_REACHED
$STATE,1817,begin surface coast
$FINISH,0.7,1.022214
$STATE,1820,end surface coast,CONTROL_FINISHED_OK
$STATE,1821,begin surface
$SM_CCo,1837,141.05,0.435,1,0,464,479.79
$SM_CCo,1985,-0.20,0.000,0,0,466,479.79
$SM_CCo,1988,0.52,0.093,0,0,466,479.79
$SM_GC,0.62,8.48,1.98,0.52,0.047,0.019,0.093,239,1990,466,-8.56,1.72,479.79,0,0,0,0,0,0,26.18,26.20,25.48
$IRIDIUM_FIX,4732.49,-12230.24,270318,131309
$TT8_MAMPS,0.027713,0.027713
$HUMID,41.21
$INTERNAL_PRESSURE,8.39917
$TCM_TEMP,19.50
$XPDR_PINGS,0
$ALTIM_TOP_PING,19.8,8.8
$ALTIM_BOTTOM_PING,102.0,62.8
$24V_AH,24.9,0.528
$10V_AH,10.6,0.171
$FG_AHR_24Vo,0.000
$FG_AHR_10Vo,0.000
$DEVICES,Pitch_motor,Roll_motor,VBD_pump_during_apogee,VBD_pump_during_surface,VBD_valve,Iridium_during_init,Iridium_during_connect,Iridium_during_xfer,Transponder_ping,GUMSTIX_24V,GPS,TT8,LPSleep,TT8_Active,TT8_Sampling,TT8_CF8,TT8_Kalman,Analog_circuits,GPS_charging,Compass,RAFOS,Transponder,Compass2
$DEVICE_SECS,20.475,56.975,321.325,141.575,0.000,0.000,0.000,0.000,0.750,0.000,15.668,476.679,418.702,541.548,613.086,28.499,0.000,956.315,0.000,416.875,0.000,7.210,0.000
$DEVICE_MAMPS,228.735,39.015,560.745,435.285,0.000,0.000,0.000,0.000,420.000,0.000,28.460,13.960,2.190,13.960,37.930,44.670,0.000,16.000,0.000,15.730,0.000,30.000,0.000
$SENSORS,SBE_CT,SBE_O2,nil,nil,nil,nil,nil,nil,nil,nil
$SENSOR_SECS,113.332,423.396,0.000,0.000,0.000,0.000,0.000,0.000,0.000,0.000
$SENSOR_MAMPS,23.220,4.490,0.000,0.000,0.000,0.000,0.000,0.000,0.000,0.000
$MEM,354664
$DATA_FILE_SIZE,6859,175
$CAP_FILE_SIZE,71226,1
$CFSIZE,260165632,256200704
$ERRORS,0,0,0,0,0,0,0,0,0,0,0,0,0,1,0,0
$CURRENT,0.112,158.2,1
$GPS,310525,001911,4749.792,-12224.893,9,1.8,9,18.2
