version: 66.11
glider: 175
mission: 9
dive: 24
start: 5 31 125 12 21 54
data:
$ID,175
$MISSION,9
$DIVE,24
$N_DIVES,0
$D_SURF,3
$D_FLARE,3
$D_TGT,400
$D_ABORT,1090
$D_NO_BLEED,500
$D_BOOST,3
$T_BOOST,0
$D_FINISH,0
$D_PITCH,0
$D_SAFE,0
$D_CALL,0
$SURFACE_URGENCY,0
$SURFACE_URGENCY_TRY,0
$SURFACE_URGENCY_FORCE,0
$T_DIVE,70
$T_MISSION,85
$T_ABORT,1440
$T_TURN,300
$T_TURN_SAMPINT,5
$T_NO_W,120
$T_LOITER,0
$T_EPIRB,0
$USE_BATHY,0
$USE_ICE,0
$ICE_FREEZE_MARGIN,0.30000001
$D_OFFGRID,100
$T_WATCHDOG,10
$RELAUNCH,1
$APOGEE_PITCH,-8
$MAX_BUOY,150
$COURSE_BIAS,0
$GLIDE_SLOPE,30
$SPEED_FACTOR,1
$RHO,1.023
$MASS,51682
$MASS_COMP,0
$NAV_MODE,2
$FERRY_MAX,45
$KALMAN_USE,2
$HD_A,0.003
$HD_B,0.0099999998
$HD_C,9.9999997e-06
$HEADING,-1
$ESCAPE_HEADING,0
$ESCAPE_HEADING_DELTA,10
$FIX_MISSING_TIMEOUT,0
$TGT_DEFAULT_LAT,4743
$TGT_DEFAULT_LON,-12225
$TGT_AUTO_DEFAULT,0
$SM_CC,494.91199
$N_FILEKB,4
$FILEMGR,0
$CALL_NDIVES,1
$COMM_SEQ,0
$PROTOCOL,9
$N_NOCOMM,1
$NOCOMM_ACTION,0
$N_NOSURFACE,0
$UPLOAD_DIVES_MAX,-1
$CALL_TRIES,5
$CALL_WAIT,60
$CAPUPLOAD,1
$CAPMAXSIZE,200000
$HEAPDBG,0
$T_GPS,15
$N_GPS,30
$T_GPS_ALMANAC,0
$T_GPS_CHARGE,-34470.496
$T_RSLEEP,2
$STROBE,0
$RAFOS_PEAK_OFFSET,1.5
$RAFOS_CORR_THRESH,60
$RAFOS_HIT_WINDOW,3600
$PITCH_MIN,255
$PITCH_MAX,3935
$C_PITCH,3035
$PITCH_DBAND,0.0099999998
$PITCH_CNV,0.003125763
$P_OVSHOOT,0.039999999
$PITCH_GAIN,30
$PITCH_TIMEOUT,17
$PITCH_AD_RATE,160
$PITCH_MAXERRORS,1
$PITCH_ADJ_GAIN,0.02
$PITCH_ADJ_DBAND,2.5
$ROLL_MIN,171
$ROLL_MAX,3723
$ROLL_DEG,40
$C_ROLL_DIVE,2085
$C_ROLL_CLIMB,1921
$HEAD_ERRBAND,10
$ROLL_CNV,0.028270001
$ROLL_TIMEOUT,15
$R_PORT_OVSHOOT,63
$R_STBD_OVSHOOT,60
$ROLL_AD_RATE,300
$ROLL_MAXERRORS,2
$ROLL_ADJ_GAIN,0
$ROLL_ADJ_DBAND,0
$VBD_MIN,465
$VBD_MAX,3960
$C_VBD,2277
$VBD_DBAND,2
$VBD_CNV,-0.25119999
$VBD_TIMEOUT,720
$PITCH_VBD_SHIFT,0.0012300001
$VBD_PUMP_AD_RATE_SURFACE,5
$VBD_PUMP_AD_RATE_APOGEE,4
$VBD_BLEED_AD_RATE,8
$UNCOM_BLEED,60
$VBD_MAXERRORS,1
$W_ADJ_DBAND,2
$DBDW,0
$PITCH_W_GAIN,0
$PITCH_W_DBAND,1
$CF8_MAXERRORS,5
$AH0_24V,145
$AH0_10V,95
$MINV_24V,19
$MINV_10V,8
$FG_AHR_10V,0
$FG_AHR_24V,0
$PHONE_SUPPLY,2
$PRESSURE_YINT,-33.008354
$PRESSURE_SLOPE,0.0001165895
$AD7714Ch0Gain,128
$TCM_PITCH_OFFSET,0
$TCM_ROLL_OFFSET,0
$COMPASS_USE,4
$ALTIM_BOTTOM_PING_RANGE,0
$ALTIM_TOP_PING_RANGE,20
$ALTIM_BOTTOM_TURN_MARGIN,10
$ALTIM_TOP_TURN_MARGIN,0
$ALTIM_TOP_MIN_OBSTACLE,1
$ALTIM_PING_DEPTH,100
$ALTIM_PING_DELTA,5
$ALTIM_FREQUENCY,13
$ALTIM_PULSE,3
$ALTIM_SENSITIVITY,3
$XPDR_VALID,5
$XPDR_INHIBIT,90
$INT_PRESSURE_SLOPE,0.0097660003
$INT_PRESSURE_YINT,-0.40000001
$DEEPGLIDER,0
$DEEPGLIDERMB,0
$MOTHERBOARD,4
$DEVICE1,2
$DEVICE2,20
$DEVICE3,-1
$DEVICE4,-1
$DEVICE5,-1
$DEVICE6,-1
$LOGGERS,7
$LOGGERDEVICE1,-1
$LOGGERDEVICE2,-1
$LOGGERDEVICE3,-1
$LOGGERDEVICE4,-1
$COMPASS_DEVICE,33
$COMPASS2_DEVICE,-1
$PHONE_DEVICE,49
$GPS_DEVICE,32
$RAFOS_DEVICE,-1
$XPDR_DEVICE,24
$SIM_W,0
$SIM_PITCH,0
$SEABIRD_T_G,0.0043275012
$SEABIRD_T_H,0.0006214368
$SEABIRD_T_I,2.2085376e-05
$SEABIRD_T_J,2.2233748e-06
$SEABIRD_C_G,-10.084761
$SEABIRD_C_H,1.1595923
$SEABIRD_C_I,-0.0010180317
$SEABIRD_C_J,0.00017345669
$GPS1,310525,121434,4746.444,-12224.886,9,1.2,14,18.2
$_CALLS,2
$_XMS_NAKs,0
$_XMS_TOUTs,0
$_SM_DEPTHo,0.32
$_SM_ANGLEo,-73.2
$GPS2,310525,122110,4746.457,-12224.826,12,1.2,18,18.2
$SPEED_LIMITS,0.330,0.340
$TGT_NAME,MID_175W
$TGT_LATLONG,4746.000,-12225.100
$TGT_RADIUS,300.000
$KALMAN_CONTROL,0.000,0.000
$KALMAN_X,0.0,0.0,0.0,0.0,0.0
$KALMAN_Y,0.0,0.0,0.0,0.0,0.0
$MHEAD_RNG_PITCHd_Wd,187.2,912,-28.0,-19.048,-30.00,1324
$D_GRID,400
$GCHEAD,st_secs,pitch_ctl,vbd_ctl,pitch_ad_start,roll_ad_start,vbd_pot1_ad_start,vbd_pot2_ad_start,depth,ob_vertv,data_pts,end_secs,pitch_secs,roll_secs,vbd_secs,vbd_i,gcphase,pitch_i,roll_i,pitch_ad,roll_ad,vbd_ad,vbd_pot1_ad,vbd_pot2_ad,pitch_retries,pitch_errors,roll_retries,roll_errors,vbd_retries,vbd_errors,pitch_volts,roll_volts,vbd_volts
$STATE,13,end surface,CONTROL_FINISHED_OK
$STATE,13,begin dive
$GC,15,-1.11,-146.6,239,2083,495,428,0.0,0.0,0,100,0.00,0.00,-82.88,0.000,16386,0.000,0.000,239,2083,2750,2833,2668,0,0,0,0,0,0,28.83,28.83,28.83
$GC,103,-1.11,-146.6,239,2084,2834,2669,3.5,-7.8,8,123,9.15,2.08,-2.28,0.000,18692,0.214,0.044,2655,3483,2865,2963,2767,0,0,0,0,0,0,25.91,26.16,26.39
$GC,304,-1.06,-146.6,2655,3483,2973,2769,59.5,-25.8,27,313,0.10,2.05,0.00,0.000,3078,0.169,0.021,2685,2061,2871,2973,2769,0,0,0,0,0,0,26.15,26.35,28.83
$GC,343,-1.06,-146.6,2685,2058,2973,2768,69.3,-24.5,31,344,0.00,0.00,0.00,0.000,2054,0.000,0.000,2685,2058,2870,2973,2768,0,0,0,0,0,0,28.83,28.83,28.83
$GC,373,-1.06,-146.6,2685,2058,2973,2768,76.2,-22.7,34,374,0.00,0.00,0.00,0.000,2054,0.000,0.000,2685,2059,2870,2973,2768,0,0,0,0,0,0,28.83,28.83,28.83
$GC,403,-1.06,-146.6,2685,2058,2973,2768,83.2,-23.3,37,404,0.00,0.00,0.00,0.000,2054,0.000,0.000,2685,2058,2870,2973,2768,0,0,0,0,0,0,28.83,28.83,28.83
$GC,433,-1.06,-146.6,2685,2058,2973,2768,90.0,-23.1,40,442,0.00,2.12,0.00,0.000,2308,0.000,0.039,2685,3471,2871,2973,2769,0,0,0,0,0,0,28.83,26.36,28.83
$GC,446,-1.06,-146.6,2685,3471,2973,2768,91.9,-23.0,41,456,0.00,2.00,0.00,0.000,3078,0.000,0.019,2685,2089,2870,2973,2768,0,0,0,0,0,0,28.83,26.42,28.83
$GC,485,-1.06,-146.6,2685,2087,2973,2768,101.4,-21.5,45,496,0.00,2.03,0.00,0.000,2564,0.000,0.036,2685,705,2870,2973,2768,0,0,0,0,0,0,28.83,26.38,28.83
$STATE,533,end dive,BOTTOM_OBSTACLE_DETECTED
$STATE,533,begin apogee
$GC,538,-0.27,0.0,2685,1912,2973,2768,112.0,-23.3,49,662,0.82,0.00,116.50,0.545,10246,0.147,0.000,2941,1913,2276,2367,2186,0,0,0,0,0,0,26.25,28.83,24.94
$STATE,664,end apogee,CONTROL_FINISHED_OK
$STATE,664,begin climb
$GC,665,1.11,146.6,2941,1914,2366,2185,122.1,0.0,62,785,1.33,2.20,111.28,0.530,11012,0.093,0.031,3385,3322,1691,1809,1573,0,0,0,0,0,0,25.42,25.37,24.87
$GC,824,1.03,146.6,3385,3322,1808,1569,104.4,18.8,78,834,0.12,2.05,0.00,0.000,5126,0.200,0.020,3370,1922,1689,1809,1569,0,0,0,0,0,0,25.53,25.72,28.83
$GC,864,0.98,146.6,3370,1921,1808,1568,97.0,18.5,82,874,0.10,2.12,0.00,0.000,4612,0.195,0.034,3358,525,1688,1808,1568,0,0,0,0,0,0,25.72,25.84,28.83
$GC,931,1.02,185.6,3358,524,1805,1568,86.0,16.0,88,970,0.00,2.10,29.33,0.496,11270,0.000,0.020,3358,1942,1535,1665,1406,0,0,0,0,0,0,28.83,26.04,25.27
$GC,999,1.07,219.0,3358,1941,1663,1404,74.6,16.5,95,1031,0.00,2.15,25.35,0.485,10500,0.000,0.032,3358,3319,1404,1538,1270,0,0,0,0,0,0,28.83,25.69,25.21
$GC,1097,1.07,219.0,3358,3319,1537,1266,53.3,24.4,104,1106,0.00,2.08,0.00,0.000,3078,0.000,0.021,3360,1928,1401,1537,1265,0,0,0,0,0,0,28.83,25.96,28.83
$GC,1136,1.07,219.0,3360,1928,1537,1264,44.5,21.5,108,1146,0.00,2.10,0.00,0.000,2564,0.000,0.037,3368,535,1400,1537,1264,0,0,0,0,0,0,28.83,26.01,28.83
$GC,1202,1.07,219.0,3368,535,1534,1264,31.5,20.3,114,1211,0.00,2.05,0.00,0.000,3078,0.000,0.019,3368,1932,1398,1533,1264,0,0,0,0,0,0,28.83,26.16,28.83
$GC,1241,1.07,219.0,3368,1932,1534,1264,23.1,20.9,118,1242,0.00,0.00,0.00,0.000,2054,0.000,0.000,3368,1932,1398,1533,1264,0,0,0,0,0,0,28.83,28.83,28.83
$GC,1271,1.07,219.0,3368,1932,1533,1264,17.1,20.2,121,1272,0.00,0.00,0.00,0.000,2054,0.000,0.000,3368,1932,1399,1534,1264,0,0,0,0,0,0,28.83,28.83,28.83
$GC,1301,1.07,219.0,3368,1932,1534,1263,11.1,20.2,124,1310,0.00,2.03,0.00,0.000,2308,0.000,0.033,3368,3309,1398,1534,1263,0,0,0,0,0,0,28.83,26.22,28.83
$STATE,1343,end climb,SURFACE_DEPTH_REACHED
$STATE,1343,begin surface coast
$FINISH,-0.0,1.022310
$STATE,1356,end surface coast,CONTROL_FINISHED_OK
$STATE,1356,begin surface
$SM_CCo,1373,165.82,0.439,1,0,465,455.17
$SM_CCo,1546,-0.20,0.000,0,0,465,455.17
$SM_CCo,1549,0.00,0.000,0,0,465,455.17
$SM_GC,0.37,8.40,1.83,0.00,0.048,0.020,0.000,242,2065,465,-8.65,1.44,455.17,0,0,0,0,0,0,26.26,26.30,28.83
$IRIDIUM_FIX,4726.11,-12224.09,280318,010106
$TT8_MAMPS,0.027713,0.027713
$HUMID,39.05
$INTERNAL_PRESSURE,8.37963
$TCM_TEMP,19.60
$XPDR_PINGS,0
$ALTIM_TOP_PING,19.3,18.5
$ALTIM_BOTTOM_PING,112.0,6.2
$24V_AH,24.9,1.899
$10V_AH,10.6,0.569
$FG_AHR_24Vo,0.000
$FG_AHR_10Vo,0.000
$DEVICES,Pitch_motor,Roll_motor,VBD_pump_during_apogee,VBD_pump_during_surface,VBD_valve,Iridium_during_init,Iridium_during_connect,Iridium_during_xfer,Transponder_ping,GUMSTIX_24V,GPS,TT8,LPSleep,TT8_Active,TT8_Sampling,TT8_CF8,TT8_Kalman,Analog_circuits,GPS_charging,Compass,RAFOS,Transponder,Compass2
$DEVICE_SECS,20.025,32.775,282.450,165.825,0.000,52.650,62.918,133.115,1.250,0.000,20.918,366.064,357.596,483.188,744.024,32.770,0.000,801.780,0.000,327.975,0.000,10.210,0.000
$DEVICE_MAMPS,214.200,43.605,545.445,439.110,0.000,43.600,160.000,223.000,420.000,0.000,28.460,13.960,2.190,13.960,37.930,44.670,0.000,16.000,0.000,15.730,0.000,30.000,0.000
$SENSORS,SBE_CT,SBE_O2,nil,nil,nil,nil,nil,nil,nil,nil
$SENSOR_SECS,83.333,312.811,0.000,0.000,0.000,0.000,0.000,0.000,0.000,0.000
$SENSOR_MAMPS,23.220,4.490,0.000,0.000,0.000,0.000,0.000,0.000,0.000,0.000
$MEM,354584
$DATA_FILE_SIZE,3532,129
$CAP_FILE_SIZE,42508,1
$CFSIZE,260165632,255676416
$ERRORS,0,0,0,0,0,0,0,0,0,0,0,0,0,1,0,0
$CURRENT,0.041,103.3,1
$GPS,310525,124859,4746.279,-12224.921,10,2.1,40,18.2
