version: 66.11
glider: 175
mission: 9
dive: 242
start: 6 8 125 17 42 45
data:
$ID,175
$MISSION,9
$DIVE,242
$N_DIVES,0
$D_SURF,3
$D_FLARE,3
$D_TGT,150
$D_ABORT,1090
$D_NO_BLEED,500
$D_BOOST,3
$T_BOOST,0
$D_FINISH,0
$D_PITCH,0
$D_SAFE,0
$D_CALL,0
$SURFACE_URGENCY,0
$SURFACE_URGENCY_TRY,0
$SURFACE_URGENCY_FORCE,0
$T_DIVE,50
$T_MISSION,65
$T_ABORT,1440
$T_TURN,300
$T_TURN_SAMPINT,5
$T_NO_W,120
$T_LOITER,0
$T_EPIRB,0
$USE_BATHY,0
$USE_ICE,0
$ICE_FREEZE_MARGIN,0.30000001
$D_OFFGRID,100
$T_WATCHDOG,10
$RELAUNCH,1
$APOGEE_PITCH,-8
$MAX_BUOY,150
$COURSE_BIAS,0
$GLIDE_SLOPE,30
$SPEED_FACTOR,1
$RHO,1.023
$MASS,51902
$MASS_COMP,0
$NAV_MODE,2
$FERRY_MAX,45
$KALMAN_USE,2
$HD_A,0.003
$HD_B,0.0099999998
$HD_C,9.9999997e-06
$HEADING,-1
$ESCAPE_HEADING,0
$ESCAPE_HEADING_DELTA,10
$FIX_MISSING_TIMEOUT,0
$TGT_DEFAULT_LAT,4743
$TGT_DEFAULT_LON,-12225
$TGT_AUTO_DEFAULT,0
$SM_CC,250
$N_FILEKB,4
$FILEMGR,0
$CALL_NDIVES,1
$COMM_SEQ,0
$PROTOCOL,9
$N_NOCOMM,1
$NOCOMM_ACTION,0
$N_NOSURFACE,0
$UPLOAD_DIVES_MAX,-1
$CALL_TRIES,5
$CALL_WAIT,60
$CAPUPLOAD,1
$CAPMAXSIZE,200000
$HEAPDBG,0
$T_GPS,15
$N_GPS,30
$T_GPS_ALMANAC,0
$T_GPS_CHARGE,-34816.266
$T_RSLEEP,2
$STROBE,0
$RAFOS_PEAK_OFFSET,1.5
$RAFOS_CORR_THRESH,60
$RAFOS_HIT_WINDOW,3600
$PITCH_MIN,255
$PITCH_MAX,3935
$C_PITCH,3053
$PITCH_DBAND,0.0099999998
$PITCH_CNV,0.003125763
$P_OVSHOOT,0.039999999
$PITCH_GAIN,30
$PITCH_TIMEOUT,17
$PITCH_AD_RATE,160
$PITCH_MAXERRORS,1
$PITCH_ADJ_GAIN,0.02
$PITCH_ADJ_DBAND,2.5
$ROLL_MIN,171
$ROLL_MAX,3723
$ROLL_DEG,40
$C_ROLL_DIVE,2033
$C_ROLL_CLIMB,1891
$HEAD_ERRBAND,10
$ROLL_CNV,0.028270001
$ROLL_TIMEOUT,15
$R_PORT_OVSHOOT,69
$R_STBD_OVSHOOT,64
$ROLL_AD_RATE,300
$ROLL_MAXERRORS,2
$ROLL_ADJ_GAIN,0
$ROLL_ADJ_DBAND,0
$VBD_MIN,465
$VBD_MAX,3960
$C_VBD,2140
$VBD_DBAND,2
$VBD_CNV,-0.25119999
$VBD_TIMEOUT,720
$PITCH_VBD_SHIFT,0.0012300001
$VBD_PUMP_AD_RATE_SURFACE,5
$VBD_PUMP_AD_RATE_APOGEE,4
$VBD_BLEED_AD_RATE,8
$UNCOM_BLEED,60
$VBD_MAXERRORS,1
$W_ADJ_DBAND,2
$DBDW,0
$PITCH_W_GAIN,0
$PITCH_W_DBAND,1
$CF8_MAXERRORS,5
$AH0_24V,145
$AH0_10V,95
$MINV_24V,19
$MINV_10V,8
$FG_AHR_10V,0
$FG_AHR_24V,0
$PHONE_SUPPLY,2
$PRESSURE_YINT,-33.008354
$PRESSURE_SLOPE,0.0001165895
$AD7714Ch0Gain,128
$TCM_PITCH_OFFSET,0
$TCM_ROLL_OFFSET,0
$COMPASS_USE,4
$ALTIM_BOTTOM_PING_RANGE,0
$ALTIM_TOP_PING_RANGE,20
$ALTIM_BOTTOM_TURN_MARGIN,25
$ALTIM_TOP_TURN_MARGIN,0
$ALTIM_TOP_MIN_OBSTACLE,1
$ALTIM_PING_DEPTH,80
$ALTIM_PING_DELTA,5
$ALTIM_FREQUENCY,13
$ALTIM_PULSE,3
$ALTIM_SENSITIVITY,3
$XPDR_VALID,5
$XPDR_INHIBIT,90
$INT_PRESSURE_SLOPE,0.0097660003
$INT_PRESSURE_YINT,-0.40000001
$DEEPGLIDER,0
$DEEPGLIDERMB,0
$MOTHERBOARD,4
$DEVICE1,2
$DEVICE2,20
$DEVICE3,-1
$DEVICE4,-1
$DEVICE5,-1
$DEVICE6,-1
$LOGGERS,7
$LOGGERDEVICE1,-1
$LOGGERDEVICE2,-1
$LOGGERDEVICE3,-1
$LOGGERDEVICE4,-1
$COMPASS_DEVICE,33
$COMPASS2_DEVICE,-1
$PHONE_DEVICE,49
$GPS_DEVICE,32
$RAFOS_DEVICE,-1
$XPDR_DEVICE,24
$SIM_W,0
$SIM_PITCH,0
$SEABIRD_T_G,0.0043275012
$SEABIRD_T_H,0.0006214368
$SEABIRD_T_I,2.2085376e-05
$SEABIRD_T_J,2.2233748e-06
$SEABIRD_C_G,-10.084761
$SEABIRD_C_H,1.1595923
$SEABIRD_C_I,-0.0010180317
$SEABIRD_C_J,0.00017345669
$GPS1,080625,173711,4749.233,-12225.364,11,1.1,11,18.2
$_CALLS,1
$_XMS_NAKs,0
$_XMS_TOUTs,0
$_SM_DEPTHo,-4.96
$_SM_ANGLEo,-72.5
$GPS2,080625,174216,4749.233,-12225.402,10,1.1,33,18.2
$SPEED_LIMITS,0.173,0.260
$TGT_NAME,MID_175W
$TGT_LATLONG,4746.000,-12225.100
$TGT_RADIUS,300.000
$KALMAN_CONTROL,0.000,0.000
$KALMAN_X,0.0,0.0,0.0,0.0,0.0
$KALMAN_Y,0.0,0.0,0.0,0.0,0.0
$MHEAD_RNG_PITCHd_Wd,168.4,6000,-17.5,-10.000,-21.04,2225
$D_GRID,150
$GCHEAD,st_secs,pitch_ctl,vbd_ctl,pitch_ad_start,roll_ad_start,vbd_pot1_ad_start,vbd_pot2_ad_start,depth,ob_vertv,data_pts,end_secs,pitch_secs,roll_secs,vbd_secs,vbd_i,gcphase,pitch_i,roll_i,pitch_ad,roll_ad,vbd_ad,vbd_pot1_ad,vbd_pot2_ad,pitch_retries,pitch_errors,roll_retries,roll_errors,vbd_retries,vbd_errors,pitch_volts,roll_volts,vbd_volts
$STATE,12,end surface,CONTROL_FINISHED_OK
$STATE,13,begin dive
$GC,14,-0.76,-146.6,245,2097,1233,1035,0.0,0.0,0,79,0.00,0.00,-58.92,0.000,16390,0.000,0.000,245,2097,2726,2805,2648,0,0,0,0,0,0,28.83,28.83,26.44
$GC,81,-0.76,-146.6,245,2097,2807,2649,-2.0,-7.4,6,101,9.77,2.15,0.00,0.000,2564,0.216,0.030,2801,648,2734,2818,2650,0,0,0,0,0,0,25.80,26.13,28.83
$GC,420,-0.65,-146.6,2801,648,2825,2648,44.2,-9.9,38,430,0.12,1.98,0.00,0.000,3078,0.142,0.024,2835,2024,2737,2826,2648,0,0,0,0,0,0,26.17,26.38,28.83
$GC,460,-0.58,-146.6,2835,2024,2827,2649,47.7,-8.5,42,462,0.10,0.00,0.00,0.000,2054,0.165,0.000,2860,2024,2738,2827,2649,0,0,0,0,0,0,26.30,28.83,28.83
$GC,490,-0.58,-146.6,2860,2024,2828,2648,50.0,-7.6,45,491,0.00,0.00,0.00,0.000,2054,0.000,0.000,2860,2024,2738,2828,2648,0,0,0,0,0,0,28.83,28.83,28.83
$GC,520,-0.58,-146.6,2861,2024,2828,2648,52.5,-8.1,48,522,0.00,0.00,0.00,0.000,2054,0.000,0.000,2860,2023,2738,2828,2648,0,0,0,0,0,0,28.83,28.83,28.83
$GC,550,-0.58,-146.6,2860,2024,2828,2648,54.9,-8.0,51,551,0.00,0.00,0.00,0.000,2054,0.000,0.000,2860,2024,2738,2828,2648,0,0,0,0,0,0,28.83,28.83,28.83
$GC,580,-0.58,-146.6,2860,2023,2828,2648,57.2,-7.9,54,581,0.00,0.00,0.00,0.000,2054,0.000,0.000,2860,2024,2738,2828,2648,0,0,0,0,0,0,28.83,28.83,28.83
$GC,610,-0.58,-146.6,2861,2024,2828,2648,58.9,-6.2,57,611,0.00,0.00,0.00,0.000,2054,0.000,0.000,2860,2024,2738,2828,2648,0,0,0,0,0,0,28.83,28.83,28.83
$GC,641,-0.58,-146.6,2860,2024,2828,2648,60.9,-6.6,60,642,0.00,0.00,0.00,0.000,2054,0.000,0.000,2860,2024,2738,2828,2648,0,0,0,0,0,0,28.83,28.83,28.83
$GC,670,-0.58,-146.6,2860,2024,2828,2648,63.0,-6.9,63,680,0.00,2.08,0.00,0.000,2308,0.000,0.038,2860,3426,2738,2829,2648,0,0,0,0,0,0,28.83,26.41,28.83
$GC,685,-0.58,-146.6,2860,3426,2829,2648,63.5,-6.6,64,693,0.00,2.03,0.00,0.000,3078,0.000,0.018,2860,2020,2738,2829,2648,0,0,0,0,0,0,28.83,26.48,28.83
$GC,725,-0.58,-146.6,2859,2020,2829,2648,66.2,-5.9,68,726,0.00,0.00,0.00,0.000,2054,0.000,0.000,2859,2019,2738,2829,2648,0,0,0,0,0,0,28.83,28.83,28.83
$GC,754,-0.58,-146.6,2860,2019,2829,2648,68.1,-6.3,71,755,0.00,0.00,0.00,0.000,2054,0.000,0.000,2860,2019,2738,2829,2648,0,0,0,0,0,0,28.83,28.83,28.83
$GC,784,-0.58,-146.6,2860,2020,2829,2648,69.7,-5.5,74,785,0.00,0.00,0.00,0.000,2054,0.000,0.000,2860,2019,2738,2828,2648,0,0,0,0,0,0,28.83,28.83,28.83
$GC,814,-0.58,-146.6,2859,2019,2829,2648,71.4,-5.7,77,815,0.00,0.00,0.00,0.000,2054,0.000,0.000,2860,2019,2738,2829,2648,0,0,0,0,0,0,28.83,28.83,28.83
$GC,845,-0.58,-146.6,2860,2019,2829,2647,73.2,-5.8,80,846,0.00,0.00,0.00,0.000,2054,0.000,0.000,2860,2019,2738,2829,2648,0,0,0,0,0,0,28.83,28.83,28.83
$GC,874,-0.58,-146.6,2859,2019,2829,2648,74.7,-5.3,83,875,0.00,0.00,0.00,0.000,2054,0.000,0.000,2860,2019,2738,2829,2648,0,0,0,0,0,0,28.83,28.83,28.83
$GC,904,-0.58,-146.6,2859,2019,2829,2648,76.5,-5.5,86,905,0.00,0.00,0.00,0.000,2054,0.000,0.000,2860,2019,2738,2829,2648,0,0,0,0,0,0,28.83,28.83,28.83
$GC,934,-0.58,-146.6,2860,2019,2829,2648,78.4,-6.6,89,935,0.00,0.00,0.00,0.000,2054,0.000,0.000,2860,2019,2738,2829,2648,0,0,0,0,0,0,28.83,28.83,28.83
$GC,965,-0.58,-146.6,2860,2019,2829,2648,80.5,-6.6,92,972,0.00,0.00,0.00,0.000,2054,0.000,0.000,2859,2019,2738,2828,2648,0,0,0,0,0,0,28.83,28.83,28.83
$GC,1004,-0.58,-146.6,2860,2019,2829,2648,82.8,-5.8,96,1014,0.00,2.00,0.00,0.000,2564,0.000,0.034,2860,658,2738,2829,2647,0,0,0,0,0,0,28.83,26.47,28.83
$GC,1051,-0.58,-146.6,2860,658,2829,2647,86.0,-6.9,100,1060,0.00,1.95,0.00,0.000,3078,0.000,0.022,2859,2035,2738,2829,2648,0,0,0,0,0,0,28.83,26.53,28.83
$GC,1091,-0.58,-146.6,2859,2034,2829,2647,88.7,-6.6,104,1092,0.00,0.00,0.00,0.000,2054,0.000,0.000,2859,2034,2738,2829,2647,0,0,0,0,0,0,28.83,28.83,28.83
$GC,1122,-0.58,-146.6,2859,2034,2829,2647,90.4,-5.8,107,1130,0.00,0.00,0.00,0.000,2054,0.000,0.000,2860,2035,2738,2829,2647,0,0,0,0,0,0,28.83,28.83,28.83
$GC,1161,-0.58,-146.6,2859,2035,2829,2647,92.8,-5.9,111,1169,0.00,0.00,0.00,0.000,2054,0.000,0.000,2860,2035,2738,2829,2647,0,0,0,0,0,0,28.83,28.83,28.83
$GC,1202,-0.58,-146.6,2859,2035,2829,2647,95.2,-5.9,115,1210,0.00,0.00,0.00,0.000,2054,0.000,0.000,2859,2035,2738,2829,2647,0,0,0,0,0,0,28.83,28.83,28.83
$GC,1241,-0.58,-146.6,2859,2035,2829,2647,97.6,-6.1,119,1251,0.00,2.05,0.00,0.000,2308,0.000,0.038,2860,3427,2738,2829,2647,0,0,0,0,0,0,28.83,26.51,28.83
$GC,1268,-0.58,-146.6,2860,3426,2829,2647,99.0,-5.9,121,1276,0.00,2.00,0.00,0.000,3078,0.000,0.018,2859,2026,2738,2829,2647,0,0,0,0,0,0,28.83,26.58,28.83
$GC,1306,-0.58,-146.6,2859,2026,2829,2647,101.6,-6.2,125,1307,0.00,0.00,0.00,0.000,2054,0.000,0.000,2859,2026,2738,2829,2647,0,0,0,0,0,0,28.83,28.83,28.83
$GC,1336,-0.58,-146.6,2859,2026,2829,2647,103.4,-6.2,128,1337,0.00,0.00,0.00,0.000,2054,0.000,0.000,2860,2026,2738,2829,2647,0,0,0,0,0,0,28.83,28.83,28.83
$STATE,1367,end dive,BOTTOM_OBSTACLE_DETECTED
$STATE,1367,begin apogee
$GC,1371,-0.27,0.0,2859,1841,2829,2647,105.3,-6.1,131,1496,0.30,0.00,119.60,0.549,10246,0.119,0.000,2961,1838,2139,2222,2057,0,0,0,0,0,0,26.39,28.83,24.98
$STATE,1498,end apogee,CONTROL_FINISHED_OK
$STATE,1499,begin climb
$GC,1500,0.76,146.6,2960,1838,2222,2056,106.8,0.0,144,1620,0.98,2.30,112.03,0.527,10500,0.087,0.032,3290,3291,1554,1669,1439,0,0,0,0,0,0,25.50,25.40,24.89
$GC,1662,0.69,146.6,3290,3291,1670,1434,83.7,18.7,160,1672,0.05,2.03,0.00,0.000,5126,0.158,0.019,3284,1897,1551,1669,1434,0,0,0,0,0,0,25.59,25.75,28.83
$GC,1701,0.64,146.6,3283,1897,1669,1432,77.0,16.6,164,1711,0.10,2.10,0.00,0.000,4612,0.170,0.035,3264,513,1550,1669,1432,0,0,0,0,0,0,25.75,25.82,28.83
$GC,1736,0.64,146.6,3264,513,1666,1431,72.1,14.3,167,1746,0.00,2.05,0.00,0.000,5126,0.000,0.019,3264,1888,1548,1666,1431,0,0,0,0,0,0,28.83,25.96,28.83
$GC,1775,0.64,146.6,3263,1888,1666,1431,66.7,13.6,171,1786,0.00,2.10,0.00,0.000,4356,0.000,0.033,3264,3288,1548,1666,1431,0,0,0,0,0,0,28.83,26.00,28.83
$GC,1821,0.64,146.6,3264,3288,1665,1430,60.0,15.3,175,1830,0.00,2.08,0.00,0.000,5126,0.000,0.021,3265,1888,1548,1666,1430,0,0,0,0,0,0,28.83,26.10,28.83
$GC,1860,0.64,146.6,3264,1887,1666,1430,54.3,13.7,179,1870,0.00,2.10,0.00,0.000,4612,0.000,0.040,3265,513,1548,1666,1430,0,0,0,0,0,0,28.83,26.08,28.83
$GC,1893,0.64,146.6,3265,513,1666,1430,50.0,13.4,182,1903,0.00,2.00,0.00,0.000,5126,0.000,0.020,3265,1901,1548,1666,1430,0,0,0,0,0,0,28.83,26.18,28.83
$GC,1933,0.64,146.6,3264,1901,1665,1430,44.3,14.2,186,1943,0.00,2.08,0.00,0.000,4356,0.000,0.033,3265,3294,1547,1665,1430,0,0,0,0,0,0,28.83,26.17,28.83
$GC,2019,0.64,146.6,3264,3294,1665,1429,32.0,13.2,194,2029,0.00,2.03,0.00,0.000,5126,0.000,0.021,3265,1883,1547,1665,1429,0,0,0,0,0,0,28.83,26.28,28.83
$GC,2059,0.64,146.6,3264,1883,1665,1429,27.0,12.6,198,2063,0.00,2.10,0.00,0.000,4612,0.000,0.041,3265,511,1547,1665,1429,0,0,0,0,0,0,28.83,26.23,28.83
$GC,2135,0.64,146.6,3264,511,1664,1429,18.0,12.0,205,2145,0.00,1.98,0.00,0.000,5126,0.000,0.019,3265,1897,1546,1664,1429,0,0,0,0,0,0,28.83,26.35,28.83
$GC,2175,0.64,146.6,3264,1897,1664,1429,13.3,11.6,209,2176,0.00,0.00,0.00,0.000,4102,0.000,0.000,3265,1897,1546,1664,1429,0,0,0,0,0,0,28.83,28.83,28.83
$GC,2206,0.64,146.6,3264,1897,1664,1428,9.9,11.5,212,2215,0.00,2.03,0.00,0.000,4356,0.000,0.033,3265,3280,1546,1664,1429,0,0,0,0,0,0,28.83,26.34,28.83
$GC,2270,0.64,146.6,3264,3279,1664,1428,3.1,10.4,218,2279,0.00,2.00,0.00,0.000,5126,0.000,0.021,3265,1879,1546,1664,1428,0,0,0,0,0,0,28.83,26.41,28.83
$STATE,2289,end climb,SURFACE_DEPTH_REACHED
$STATE,2289,begin surface coast
$FINISH,-1.3,1.021961
$STATE,2310,end surface coast,CONTROL_FINISHED_OK
$STATE,2310,begin surface
$SM_CCo,2326,82.72,0.432,1,0,1144,250.20
$SM_GC,-5.06,8.32,0.20,82.72,0.066,0.054,0.432,251,2104,1144,-8.70,-1.55,250.20,0,0,0,0,1,0,26.31,26.44,25.18
$IRIDIUM_FIX,4732.49,-12150.12,050418,060636
$TT8_MAMPS,0.027713,0.027713
$HUMID,39.68
$INTERNAL_PRESSURE,8.448
$TCM_TEMP,19.50
$XPDR_PINGS,2
$ALTIM_TOP_PING,19.3,9.1
$ALTIM_BOTTOM_PING,105.3,6.2
$24V_AH,24.9,15.325
$10V_AH,10.6,6.613
$FG_AHR_24Vo,0.000
$FG_AHR_10Vo,0.000
$DEVICES,Pitch_motor,Roll_motor,VBD_pump_during_apogee,VBD_pump_during_surface,VBD_valve,Iridium_during_init,Iridium_during_connect,Iridium_during_xfer,Transponder_ping,GUMSTIX_24V,GPS,TT8,LPSleep,TT8_Active,TT8_Sampling,TT8_CF8,TT8_Kalman,Analog_circuits,GPS_charging,Compass,RAFOS,Transponder,Compass2
$DEVICE_SECS,19.750,45.500,231.625,82.725,0.000,24.015,16.019,142.108,2.500,0.000,35.738,645.300,636.764,406.946,959.981,92.535,0.000,831.645,0.000,478.910,0.000,14.811,0.000
$DEVICE_MAMPS,216.495,76.500,548.505,432.225,0.000,43.600,160.000,223.000,420.000,0.000,28.460,13.960,2.190,13.960,37.930,44.670,0.000,16.000,0.000,15.730,0.000,30.000,0.000
$SENSORS,SBE_CT,SBE_O2,nil,nil,nil,nil,nil,nil,nil,nil
$SENSOR_SECS,147.176,557.520,0.000,0.000,0.000,0.000,0.000,0.000,0.000,0.000
$SENSOR_MAMPS,23.220,4.490,0.000,0.000,0.000,0.000,0.000,0.000,0.000,0.000
$MEM,354560
$DATA_FILE_SIZE,10186,222
$CAP_FILE_SIZE,68628,0
$CFSIZE,260165632,247328768
$ERRORS,0,1,0,0,0,0,0,0,0,0,0,0,0,1,0,0
$INTR,0,99.44,0x21215c,0,24
$CURRENT,0.065, 75.6,1
$GPS,080625,182404,4749.008,-12225.271,27,1.3,27,18.2
