version: 66.11
glider: 175
mission: 9
dive: 194
start: 6 6 125 20 2 9
data:
$ID,175
$MISSION,9
$DIVE,194
$N_DIVES,0
$D_SURF,3
$D_FLARE,3
$D_TGT,150
$D_ABORT,1090
$D_NO_BLEED,500
$D_BOOST,3
$T_BOOST,0
$D_FINISH,0
$D_PITCH,0
$D_SAFE,0
$D_CALL,0
$SURFACE_URGENCY,0
$SURFACE_URGENCY_TRY,0
$SURFACE_URGENCY_FORCE,0
$T_DIVE,50
$T_MISSION,65
$T_ABORT,1440
$T_TURN,300
$T_TURN_SAMPINT,5
$T_NO_W,120
$T_LOITER,0
$T_EPIRB,0
$USE_BATHY,0
$USE_ICE,0
$ICE_FREEZE_MARGIN,0.30000001
$D_OFFGRID,100
$T_WATCHDOG,10
$RELAUNCH,1
$APOGEE_PITCH,-8
$MAX_BUOY,150
$COURSE_BIAS,0
$GLIDE_SLOPE,30
$SPEED_FACTOR,1
$RHO,1.023
$MASS,51902
$MASS_COMP,0
$NAV_MODE,2
$FERRY_MAX,45
$KALMAN_USE,2
$HD_A,0.003
$HD_B,0.0099999998
$HD_C,9.9999997e-06
$HEADING,-1
$ESCAPE_HEADING,0
$ESCAPE_HEADING_DELTA,10
$FIX_MISSING_TIMEOUT,0
$TGT_DEFAULT_LAT,4743
$TGT_DEFAULT_LON,-12225
$TGT_AUTO_DEFAULT,0
$SM_CC,250
$N_FILEKB,4
$FILEMGR,0
$CALL_NDIVES,1
$COMM_SEQ,0
$PROTOCOL,9
$N_NOCOMM,1
$NOCOMM_ACTION,0
$N_NOSURFACE,0
$UPLOAD_DIVES_MAX,-1
$CALL_TRIES,5
$CALL_WAIT,60
$CAPUPLOAD,1
$CAPMAXSIZE,200000
$HEAPDBG,0
$T_GPS,15
$N_GPS,30
$T_GPS_ALMANAC,0
$T_GPS_CHARGE,-34747.703
$T_RSLEEP,2
$STROBE,0
$RAFOS_PEAK_OFFSET,1.5
$RAFOS_CORR_THRESH,60
$RAFOS_HIT_WINDOW,3600
$PITCH_MIN,255
$PITCH_MAX,3935
$C_PITCH,3053
$PITCH_DBAND,0.0099999998
$PITCH_CNV,0.003125763
$P_OVSHOOT,0.039999999
$PITCH_GAIN,30
$PITCH_TIMEOUT,17
$PITCH_AD_RATE,160
$PITCH_MAXERRORS,1
$PITCH_ADJ_GAIN,0.02
$PITCH_ADJ_DBAND,2.5
$ROLL_MIN,171
$ROLL_MAX,3723
$ROLL_DEG,40
$C_ROLL_DIVE,2033
$C_ROLL_CLIMB,1891
$HEAD_ERRBAND,10
$ROLL_CNV,0.028270001
$ROLL_TIMEOUT,15
$R_PORT_OVSHOOT,75
$R_STBD_OVSHOOT,56
$ROLL_AD_RATE,300
$ROLL_MAXERRORS,2
$ROLL_ADJ_GAIN,0
$ROLL_ADJ_DBAND,0
$VBD_MIN,465
$VBD_MAX,3960
$C_VBD,2140
$VBD_DBAND,2
$VBD_CNV,-0.25119999
$VBD_TIMEOUT,720
$PITCH_VBD_SHIFT,0.0012300001
$VBD_PUMP_AD_RATE_SURFACE,5
$VBD_PUMP_AD_RATE_APOGEE,4
$VBD_BLEED_AD_RATE,8
$UNCOM_BLEED,60
$VBD_MAXERRORS,1
$W_ADJ_DBAND,2
$DBDW,0
$PITCH_W_GAIN,0
$PITCH_W_DBAND,1
$CF8_MAXERRORS,5
$AH0_24V,145
$AH0_10V,95
$MINV_24V,19
$MINV_10V,8
$FG_AHR_10V,0
$FG_AHR_24V,0
$PHONE_SUPPLY,2
$PRESSURE_YINT,-33.008354
$PRESSURE_SLOPE,0.0001165895
$AD7714Ch0Gain,128
$TCM_PITCH_OFFSET,0
$TCM_ROLL_OFFSET,0
$COMPASS_USE,4
$ALTIM_BOTTOM_PING_RANGE,0
$ALTIM_TOP_PING_RANGE,20
$ALTIM_BOTTOM_TURN_MARGIN,25
$ALTIM_TOP_TURN_MARGIN,0
$ALTIM_TOP_MIN_OBSTACLE,1
$ALTIM_PING_DEPTH,80
$ALTIM_PING_DELTA,5
$ALTIM_FREQUENCY,13
$ALTIM_PULSE,3
$ALTIM_SENSITIVITY,3
$XPDR_VALID,5
$XPDR_INHIBIT,90
$INT_PRESSURE_SLOPE,0.0097660003
$INT_PRESSURE_YINT,-0.40000001
$DEEPGLIDER,0
$DEEPGLIDERMB,0
$MOTHERBOARD,4
$DEVICE1,2
$DEVICE2,20
$DEVICE3,-1
$DEVICE4,-1
$DEVICE5,-1
$DEVICE6,-1
$LOGGERS,7
$LOGGERDEVICE1,-1
$LOGGERDEVICE2,-1
$LOGGERDEVICE3,-1
$LOGGERDEVICE4,-1
$COMPASS_DEVICE,33
$COMPASS2_DEVICE,-1
$PHONE_DEVICE,49
$GPS_DEVICE,32
$RAFOS_DEVICE,-1
$XPDR_DEVICE,24
$SIM_W,0
$SIM_PITCH,0
$SEABIRD_T_G,0.0043275012
$SEABIRD_T_H,0.0006214368
$SEABIRD_T_I,2.2085376e-05
$SEABIRD_T_J,2.2233748e-06
$SEABIRD_C_G,-10.084761
$SEABIRD_C_H,1.1595923
$SEABIRD_C_I,-0.0010180317
$SEABIRD_C_J,0.00017345669
$GPS1,060625,195647,4745.763,-12225.111,11,1.5,11,18.2
$_CALLS,1
$_XMS_NAKs,0
$_XMS_TOUTs,0
$_SM_DEPTHo,-3.31
$_SM_ANGLEo,-73.0
$GPS2,060625,200140,4745.691,-12225.062,8,1.5,13,18.2
$SPEED_LIMITS,0.173,0.260
$TGT_NAME,MID_175W
$TGT_LATLONG,4746.000,-12225.100
$TGT_RADIUS,300.000
$KALMAN_CONTROL,0.000,0.000
$KALMAN_X,0.0,0.0,0.0,0.0,0.0
$KALMAN_Y,0.0,0.0,0.0,0.0,0.0
$MHEAD_RNG_PITCHd_Wd,333.9,574,-17.5,-10.000,-21.04,2225
$D_GRID,150
$GCHEAD,st_secs,pitch_ctl,vbd_ctl,pitch_ad_start,roll_ad_start,vbd_pot1_ad_start,vbd_pot2_ad_start,depth,ob_vertv,data_pts,end_secs,pitch_secs,roll_secs,vbd_secs,vbd_i,gcphase,pitch_i,roll_i,pitch_ad,roll_ad,vbd_ad,vbd_pot1_ad,vbd_pot2_ad,pitch_retries,pitch_errors,roll_retries,roll_errors,vbd_retries,vbd_errors,pitch_volts,roll_volts,vbd_volts
$STATE,13,end surface,CONTROL_FINISHED_OK
$STATE,13,begin dive
$GC,15,-0.76,-146.6,240,2013,1229,1037,0.0,0.0,0,79,0.00,0.00,-57.53,0.000,16390,0.000,0.000,241,2013,2727,2807,2647,0,0,0,0,0,0,28.83,28.83,26.40
$GC,82,-0.76,-146.6,241,2013,2807,2648,0.6,-9.4,6,101,9.90,2.03,0.00,0.000,2564,0.220,0.031,2802,651,2734,2820,2648,0,0,0,0,0,0,25.78,26.08,28.83
$GC,178,-0.64,-146.6,2801,651,2825,2647,18.9,-13.2,15,189,0.15,2.03,0.00,0.000,3078,0.167,0.024,2837,2038,2737,2827,2647,0,0,0,0,0,0,26.00,26.19,28.83
$GC,218,-0.58,-146.6,2837,2038,2828,2647,23.8,-11.7,19,229,0.10,2.10,0.00,0.000,2308,0.175,0.037,2861,3440,2737,2828,2647,0,0,0,0,0,0,26.11,26.19,28.83
$GC,326,-0.58,-146.6,2861,3440,2830,2647,34.7,-10.0,29,336,0.00,2.00,0.00,0.000,3078,0.000,0.019,2861,2033,2738,2830,2647,0,0,0,0,0,0,28.83,26.32,28.83
$GC,366,-0.58,-146.6,2861,2033,2830,2647,38.9,-10.4,33,376,0.00,2.08,0.00,0.000,2564,0.000,0.035,2861,649,2738,2830,2646,0,0,0,0,0,0,28.83,26.29,28.83
$GC,411,-0.58,-146.6,2861,649,2830,2646,43.2,-10.0,37,420,0.00,2.05,0.00,0.000,3078,0.000,0.023,2861,2035,2738,2830,2646,0,0,0,0,0,0,28.83,26.35,28.83
$GC,451,-0.58,-146.6,2861,2035,2830,2647,46.5,-7.7,41,452,0.00,0.00,0.00,0.000,2054,0.000,0.000,2861,2035,2738,2830,2646,0,0,0,0,0,0,28.83,28.83,28.83
$GC,481,-0.58,-146.6,2861,2035,2830,2646,48.9,-7.9,44,482,0.00,0.00,0.00,0.000,2054,0.000,0.000,2861,2035,2738,2830,2647,0,0,0,0,0,0,28.83,28.83,28.83
$GC,510,-0.58,-146.6,2861,2035,2830,2646,51.3,-8.2,47,511,0.00,0.00,0.00,0.000,2054,0.000,0.000,2861,2035,2738,2830,2646,0,0,0,0,0,0,28.83,28.83,28.83
$GC,541,-0.58,-146.6,2861,2035,2831,2646,53.7,-7.9,50,550,0.00,2.08,0.00,0.000,2308,0.000,0.038,2861,3433,2738,2830,2647,0,0,0,0,0,0,28.83,26.36,28.83
$GC,575,-0.58,-146.6,2861,3433,2831,2647,56.3,-7.5,53,584,0.00,1.98,0.00,0.000,3078,0.000,0.018,2861,2028,2738,2831,2646,0,0,0,0,0,0,28.83,26.44,28.83
$GC,615,-0.58,-146.6,2861,2027,2830,2646,59.2,-7.3,57,624,0.00,2.00,0.00,0.000,2564,0.000,0.034,2861,655,2738,2831,2646,0,0,0,0,0,0,28.83,26.39,28.83
$GC,650,-0.58,-146.6,2861,655,2831,2646,61.8,-7.9,60,658,0.00,2.03,0.00,0.000,3078,0.000,0.023,2861,2033,2738,2831,2646,0,0,0,0,0,0,28.83,26.44,28.83
$GC,689,-0.58,-146.6,2861,2033,2831,2646,65.2,-8.0,64,699,0.00,2.08,0.00,0.000,2308,0.000,0.037,2861,3434,2738,2831,2646,0,0,0,0,0,0,28.83,26.40,28.83
$GC,724,-0.58,-146.6,2861,3434,2831,2646,67.7,-7.6,67,733,0.00,2.00,0.00,0.000,3078,0.000,0.018,2861,2033,2738,2831,2646,0,0,0,0,0,0,28.83,26.48,28.83
$GC,763,-0.58,-146.6,2861,2033,2831,2646,70.9,-7.9,71,764,0.00,0.00,0.00,0.000,2054,0.000,0.000,2861,2033,2738,2831,2646,0,0,0,0,0,0,28.83,28.83,28.83
$GC,793,-0.58,-146.6,2861,2033,2831,2646,73.3,-7.7,74,794,0.00,0.00,0.00,0.000,2054,0.000,0.000,2861,2033,2738,2831,2646,0,0,0,0,0,0,28.83,28.83,28.83
$GC,823,-0.58,-146.6,2861,2033,2831,2646,75.7,-8.0,77,824,0.00,0.00,0.00,0.000,2054,0.000,0.000,2861,2033,2738,2831,2646,0,0,0,0,0,0,28.83,28.83,28.83
$GC,853,-0.58,-146.6,2861,2033,2831,2646,77.9,-7.4,80,862,0.00,2.08,0.00,0.000,2308,0.000,0.038,2861,3429,2738,2831,2646,0,0,0,0,0,0,28.83,26.44,28.83
$GC,898,-0.58,-146.6,2861,3429,2831,2646,81.2,-7.4,84,902,0.00,1.95,0.00,0.000,3078,0.000,0.018,2861,2030,2738,2831,2646,0,0,0,0,0,0,28.83,26.52,28.83
$GC,941,-0.58,-146.6,2861,2028,2831,2646,84.3,-7.2,88,942,0.00,0.00,0.00,0.000,2054,0.000,0.000,2861,2028,2738,2831,2646,0,0,0,0,0,0,28.83,28.83,28.83
$GC,970,-0.58,-146.6,2861,2027,2831,2646,86.4,-7.1,91,971,0.00,0.00,0.00,0.000,2054,0.000,0.000,2861,2027,2738,2831,2646,0,0,0,0,0,0,28.83,28.83,28.83
$GC,1000,-0.58,-146.6,2861,2027,2831,2646,88.5,-7.2,94,1001,0.00,0.00,0.00,0.000,2054,0.000,0.000,2861,2027,2738,2831,2646,0,0,0,0,0,0,28.83,28.83,28.83
$GC,1032,-0.58,-146.6,2861,2027,2831,2646,90.6,-7.1,97,1039,0.00,0.00,0.00,0.000,2054,0.000,0.000,2861,2027,2738,2831,2646,0,0,0,0,0,0,28.83,28.83,28.83
$GC,1070,-0.58,-146.6,2861,2027,2831,2646,93.8,-7.8,101,1071,0.00,0.00,0.00,0.000,2054,0.000,0.000,2861,2027,2738,2831,2646,0,0,0,0,0,0,28.83,28.83,28.83
$GC,1101,-0.58,-146.6,2861,2027,2831,2646,96.1,-7.6,104,1102,0.00,0.00,0.00,0.000,2054,0.000,0.000,2861,2027,2738,2831,2646,0,0,0,0,0,0,28.83,28.83,28.83
$GC,1130,-0.58,-146.6,2861,2027,2831,2646,98.4,-7.8,107,1131,0.00,0.00,0.00,0.000,2054,0.000,0.000,2861,2027,2738,2831,2646,0,0,0,0,0,0,28.83,28.83,28.83
$GC,1160,-0.58,-146.6,2861,2027,2832,2646,101.1,-8.7,110,1161,0.00,0.00,0.00,0.000,2054,0.000,0.000,2861,2027,2738,2831,2646,0,0,0,0,0,0,28.83,28.83,28.83
$GC,1190,-0.58,-146.6,2861,2027,2831,2646,103.8,-9.0,113,1191,0.00,0.00,0.00,0.000,2054,0.000,0.000,2861,2027,2738,2831,2646,0,0,0,0,0,0,28.83,28.83,28.83
$GC,1221,-0.63,-146.6,2861,2027,2831,2646,106.6,-9.4,116,1222,0.00,0.00,0.00,0.000,4102,0.000,0.000,2861,2027,2738,2831,2646,0,0,0,0,0,0,28.83,28.83,28.83
$GC,1250,-0.68,-146.6,2861,2027,2832,2646,109.1,-8.3,119,1252,0.10,0.00,0.00,0.000,4102,0.110,0.000,2819,2027,2738,2831,2646,0,0,0,0,0,0,26.55,28.83,28.83
$GC,1280,-0.68,-146.6,2819,2027,2832,2646,111.9,-8.9,122,1281,0.00,0.00,0.00,0.000,2054,0.000,0.000,2819,2027,2738,2831,2646,0,0,0,0,0,0,28.83,28.83,28.83
$GC,1312,-0.68,-146.6,2818,2027,2831,2646,115.1,-10.2,125,1319,0.00,0.00,0.00,0.000,2054,0.000,0.000,2819,2027,2739,2832,2646,0,0,0,0,0,0,28.83,28.83,28.83
$GC,1350,-0.68,-146.6,2819,2027,2831,2646,119.1,-9.9,129,1354,0.00,2.03,0.00,0.000,2564,0.000,0.034,2819,659,2738,2831,2646,0,0,0,0,0,0,28.83,26.52,28.83
$GC,1394,-0.68,-146.6,2818,659,2831,2645,123.5,-10.2,133,1403,0.00,1.98,0.00,0.000,3078,0.000,0.024,2819,2037,2737,2831,2644,0,0,0,0,0,0,28.83,26.55,28.83
$GC,1434,-0.68,-146.6,2818,2037,2831,2645,127.3,-9.6,137,1443,0.00,2.08,0.00,0.000,2308,0.000,0.038,2816,3432,2738,2831,2645,0,0,0,0,0,0,28.83,26.51,28.83
$GC,1481,-0.68,-146.6,2816,3432,2831,2644,131.6,-9.6,141,1489,0.00,2.00,0.00,0.000,3078,0.000,0.019,2817,2034,2737,2831,2644,0,0,0,0,0,0,28.83,26.59,28.83
$GC,1520,-0.68,-146.6,2816,2033,2831,2645,135.0,-8.2,145,1533,0.05,2.00,0.00,0.000,2564,0.215,0.033,2827,661,2737,2831,2644,0,0,0,0,0,0,26.59,26.53,28.83
$GC,1610,-0.68,-146.6,2827,661,2831,2644,142.0,-6.4,153,1620,0.00,1.92,0.00,0.000,3078,0.000,0.022,2825,2029,2738,2831,2645,0,0,0,0,0,0,28.83,26.58,28.83
$GC,1649,-0.68,-146.6,2825,2029,2831,2644,145.3,-8.2,157,1650,0.00,0.00,0.00,0.000,2054,0.000,0.000,2825,2029,2737,2831,2644,0,0,0,0,0,0,28.83,28.83,28.83
$GC,1680,-0.68,-146.6,2825,2030,2831,2644,147.6,-7.7,160,1681,0.00,0.00,0.00,0.000,2054,0.000,0.000,2825,2029,2737,2831,2644,0,0,0,0,0,0,28.83,28.83,28.83
$STATE,1708,end dive,TARGET_DEPTH_EXCEEDED
$STATE,1708,begin apogee
$GC,1712,-0.27,0.0,2825,1828,2831,2644,150.0,-7.8,163,1842,0.43,0.05,120.65,0.572,10246,0.126,0.143,2964,1910,2139,2223,2055,0,0,0,0,0,0,26.39,25.37,24.92
$STATE,1843,end apogee,CONTROL_FINISHED_OK
$STATE,1843,begin climb
$GC,1845,0.76,146.6,2963,1910,2223,2053,151.9,0.0,176,1970,0.98,2.17,112.30,0.552,10756,0.090,0.037,3304,529,1553,1669,1438,0,0,0,0,0,0,25.48,25.34,24.84
$GC,1976,0.66,146.6,3304,529,1667,1437,135.5,16.3,189,1985,0.12,2.05,0.00,0.000,5126,0.156,0.018,3269,1919,1552,1667,1437,0,0,0,0,0,0,25.37,25.56,28.83
$GC,2016,0.59,146.6,3268,1919,1667,1433,127.8,16.4,193,2023,0.10,0.00,0.00,0.000,4102,0.181,0.000,3245,1920,1550,1667,1433,0,0,0,0,0,0,25.62,28.83,28.83
$GC,2056,0.59,146.6,3245,1920,1666,1432,123.0,11.8,197,2062,0.00,0.00,0.00,0.000,4102,0.000,0.000,3245,1920,1549,1666,1432,0,0,0,0,0,0,28.83,28.83,28.83
$GC,2094,0.59,146.6,3244,1920,1666,1431,118.3,11.8,201,2095,0.00,0.00,0.00,0.000,4102,0.000,0.000,3245,1920,1548,1666,1431,0,0,0,0,0,0,28.83,28.83,28.83
$GC,2125,0.59,146.6,3244,1920,1666,1430,114.6,12.6,204,2134,0.00,2.12,0.00,0.000,4612,0.000,0.037,3251,529,1548,1666,1431,0,0,0,0,0,0,28.83,25.98,28.83
$GC,2139,0.59,146.6,3251,528,1666,1430,113.4,12.6,205,2147,0.00,1.98,0.00,0.000,5126,0.000,0.018,3251,1864,1547,1665,1430,0,0,0,0,0,0,28.83,26.06,28.83
$GC,2179,0.59,146.6,3251,1865,1664,1430,107.6,13.2,209,2188,0.00,2.10,0.00,0.000,4356,0.000,0.032,3251,3276,1547,1665,1430,0,0,0,0,0,0,28.83,26.07,28.83
$GC,2203,0.59,146.6,3251,3276,1664,1430,104.3,13.6,211,2212,0.00,2.03,0.00,0.000,5126,0.000,0.021,3252,1908,1547,1664,1430,0,0,0,0,0,0,28.83,26.13,28.83
$GC,2241,0.59,146.6,3251,1908,1665,1430,98.8,13.6,215,2243,0.00,0.00,0.00,0.000,4102,0.000,0.000,3252,1908,1547,1665,1430,0,0,0,0,0,0,28.83,28.83,28.83
$GC,2271,0.59,146.6,3251,1908,1665,1430,94.8,13.1,218,2273,0.00,0.00,0.00,0.000,4102,0.000,0.000,3252,1908,1546,1664,1429,0,0,0,0,0,0,28.83,28.83,28.83
$GC,2301,0.59,146.6,3251,1908,1665,1430,91.0,12.9,221,2303,0.00,0.00,0.00,0.000,4102,0.000,0.000,3251,1908,1546,1664,1429,0,0,0,0,0,0,28.83,28.83,28.83
$GC,2332,0.59,146.6,3251,1908,1665,1429,87.3,12.5,224,2333,0.00,0.00,0.00,0.000,4102,0.000,0.000,3252,1908,1547,1665,1429,0,0,0,0,0,0,28.83,28.83,28.83
$GC,2362,0.59,146.6,3251,1908,1664,1429,83.5,12.6,227,2363,0.00,0.00,0.00,0.000,4102,0.000,0.000,3251,1908,1547,1666,1429,0,0,0,0,0,0,28.83,28.83,28.83
$GC,2393,0.59,146.6,3251,1909,1665,1429,79.7,12.5,230,2402,0.00,2.10,0.00,0.000,4612,0.000,0.041,3252,517,1547,1665,1429,0,0,0,0,0,0,28.83,26.22,28.83
$GC,2416,0.59,146.6,3251,517,1664,1429,76.8,12.4,232,2425,0.00,1.98,0.00,0.000,5126,0.000,0.019,3251,1912,1546,1663,1429,0,0,0,0,0,0,28.83,26.32,28.83
$GC,2456,0.59,146.6,3251,1912,1663,1428,71.9,12.3,236,2465,0.00,2.00,0.00,0.000,4356,0.000,0.033,3252,3278,1545,1663,1428,0,0,0,0,0,0,28.83,26.29,28.83
$GC,2488,0.59,146.6,3251,3278,1663,1428,67.6,12.7,239,2492,0.00,2.03,0.00,0.000,5126,0.000,0.021,3251,1881,1545,1663,1428,0,0,0,0,0,0,28.83,26.34,28.83
$GC,2530,0.59,146.6,3251,1880,1663,1428,62.2,12.9,243,2531,0.00,0.00,0.00,0.000,4102,0.000,0.000,3252,1880,1545,1663,1428,0,0,0,0,0,0,28.83,28.83,28.83
$GC,2560,0.59,146.6,3251,1880,1663,1428,58.5,12.4,246,2561,0.00,0.00,0.00,0.000,4102,0.000,0.000,3251,1880,1545,1663,1428,0,0,0,0,0,0,28.83,28.83,28.83
$GC,2590,0.59,146.6,3251,1881,1663,1428,54.9,12.1,249,2591,0.00,0.00,0.00,0.000,4102,0.000,0.000,3252,1881,1545,1663,1428,0,0,0,0,0,0,28.83,28.83,28.83
$GC,2621,0.59,146.6,3251,1880,1663,1428,51.4,11.4,252,2622,0.00,0.00,0.00,0.000,4102,0.000,0.000,3251,1881,1545,1663,1428,0,0,0,0,0,0,28.83,28.83,28.83
$GC,2650,0.59,146.6,3251,1881,1663,1428,47.9,11.7,255,2660,0.00,2.08,0.00,0.000,4356,0.000,0.031,3252,3281,1545,1663,1428,0,0,0,0,0,0,28.83,26.37,28.83
$GC,2665,0.59,146.6,3252,3280,1663,1428,46.9,11.8,256,2673,0.00,2.05,0.00,0.000,5126,0.000,0.020,3251,1879,1545,1663,1428,0,0,0,0,0,0,28.83,26.41,28.83
$GC,2705,0.59,146.6,3251,1879,1663,1428,41.1,12.8,260,2712,0.00,0.00,0.00,0.000,4102,0.000,0.000,3252,1879,1545,1663,1428,0,0,0,0,0,0,28.83,28.83,28.83
$GC,2744,0.59,146.6,3251,1879,1663,1428,36.4,12.0,264,2748,0.00,2.08,0.00,0.000,4612,0.000,0.041,3251,512,1545,1663,1428,0,0,0,0,0,0,28.83,26.37,28.83
$GC,2755,0.59,146.6,3251,513,1663,1428,35.0,12.4,265,2759,0.00,1.95,0.00,0.000,5126,0.000,0.018,3251,1890,1545,1663,1428,0,0,0,0,0,0,28.83,26.44,28.83
$GC,2791,0.59,146.6,3252,1890,1663,1427,30.7,12.1,268,2800,0.00,2.03,0.00,0.000,4356,0.000,0.032,3252,3277,1545,1663,1428,0,0,0,0,0,0,28.83,26.41,28.83
$GC,2815,0.59,146.6,3252,3277,1663,1427,28.1,11.5,270,2824,0.00,2.03,0.00,0.000,5126,0.000,0.021,3252,1888,1545,1663,1427,0,0,0,0,0,0,28.83,26.45,28.83
$GC,2855,0.59,146.6,3251,1888,1663,1427,23.3,12.2,274,2862,0.00,0.00,0.00,0.000,4102,0.000,0.000,3252,1888,1545,1663,1427,0,0,0,0,0,0,28.83,28.83,28.83
$GC,2894,0.59,146.6,3251,1888,1663,1427,18.9,11.1,278,2895,0.00,0.00,0.00,0.000,4102,0.000,0.000,3252,1888,1545,1663,1427,0,0,0,0,0,0,28.83,28.83,28.83
$GC,2924,0.59,146.6,3251,1888,1663,1427,15.6,11.0,281,2925,0.00,0.00,0.00,0.000,4102,0.000,0.000,3251,1888,1545,1663,1427,0,0,0,0,0,0,28.83,28.83,28.83
$GC,2954,0.59,146.6,3251,1888,1663,1427,12.4,10.7,284,2964,0.00,2.05,0.00,0.000,4612,0.000,0.039,3252,516,1545,1663,1427,0,0,0,0,0,0,28.83,26.43,28.83
$GC,2969,0.59,146.6,3251,516,1663,1427,11.6,10.3,285,2977,0.00,2.00,0.00,0.000,5126,0.000,0.019,3252,1895,1545,1663,1427,0,0,0,0,0,0,28.83,26.50,28.83
$GC,3008,0.59,146.6,3251,1895,1663,1426,6.9,10.6,289,3015,0.00,0.00,0.00,0.000,4102,0.000,0.000,3252,1895,1545,1663,1427,0,0,0,0,0,0,28.83,28.83,28.83
$GC,3047,0.59,146.6,3251,1895,1663,1427,3.1,9.7,293,3050,0.00,2.08,0.00,0.000,4356,0.000,0.033,3252,3292,1545,1663,1427,0,0,0,0,0,0,28.83,26.46,28.83
$STATE,3056,end climb,SURFACE_DEPTH_REACHED
$STATE,3056,begin surface coast
$FINISH,-0.5,1.021748
$STATE,3081,end surface coast,CONTROL_FINISHED_OK
$STATE,3081,begin surface
$SM_CCo,3099,83.07,0.437,1,0,1143,250.20
$SM_GC,-3.30,8.18,1.85,83.07,0.058,0.019,0.437,246,2026,1143,-8.70,1.78,250.20,0,0,0,0,1,0,26.47,26.51,25.23
$IRIDIUM_FIX,4729.30,-12126.99,030418,080835
$TT8_MAMPS,0.028462,0.028462
$HUMID,39.56
$INTERNAL_PRESSURE,8.448
$TCM_TEMP,19.40
$XPDR_PINGS,0
$ALTIM_TOP_PING,20.0,25.2
$ALTIM_BOTTOM_PING,135.9,58.9
$24V_AH,24.8,12.445
$10V_AH,10.6,5.221
$FG_AHR_24Vo,0.000
$FG_AHR_10Vo,0.000
$DEVICES,Pitch_motor,Roll_motor,VBD_pump_during_apogee,VBD_pump_during_surface,VBD_valve,Iridium_during_init,Iridium_during_connect,Iridium_during_xfer,Transponder_ping,GUMSTIX_24V,GPS,TT8,LPSleep,TT8_Active,TT8_Sampling,TT8_CF8,TT8_Kalman,Analog_circuits,GPS_charging,Compass,RAFOS,Transponder,Compass2
$DEVICE_SECS,20.100,81.375,232.950,83.075,0.000,25.217,15.583,157.830,3.500,0.000,16.660,887.446,868.756,465.089,1166.037,114.770,0.000,1039.059,0.000,603.074,0.000,24.264,0.000
$DEVICE_MAMPS,219.555,143.055,572.220,436.815,0.000,43.600,160.000,223.000,420.000,0.000,28.460,13.960,2.190,13.960,37.930,44.670,0.000,16.000,0.000,15.730,0.000,30.000,0.000
$SENSORS,SBE_CT,SBE_O2,nil,nil,nil,nil,nil,nil,nil,nil
$SENSOR_SECS,196.553,742.598,0.000,0.000,0.000,0.000,0.000,0.000,0.000,0.000
$SENSOR_MAMPS,23.220,4.490,0.000,0.000,0.000,0.000,0.000,0.000,0.000,0.000
$MEM,354540
$DATA_FILE_SIZE,13493,296
$CAP_FILE_SIZE,99914,0
$CFSIZE,260165632,249262080
$ERRORS,0,0,0,0,0,0,0,0,0,0,0,0,0,1,0,0
$CURRENT,0.143,178.2,1
$GPS,060625,205622,4745.856,-12225.123,11,1.4,28,18.2
