version: 66.11
glider: 175
mission: 9
dive: 241
start: 6 8 125 16 57 52
data:
$ID,175
$MISSION,9
$DIVE,241
$N_DIVES,0
$D_SURF,3
$D_FLARE,3
$D_TGT,150
$D_ABORT,1090
$D_NO_BLEED,500
$D_BOOST,3
$T_BOOST,0
$D_FINISH,0
$D_PITCH,0
$D_SAFE,0
$D_CALL,0
$SURFACE_URGENCY,0
$SURFACE_URGENCY_TRY,0
$SURFACE_URGENCY_FORCE,0
$T_DIVE,50
$T_MISSION,65
$T_ABORT,1440
$T_TURN,300
$T_TURN_SAMPINT,5
$T_NO_W,120
$T_LOITER,0
$T_EPIRB,0
$USE_BATHY,0
$USE_ICE,0
$ICE_FREEZE_MARGIN,0.30000001
$D_OFFGRID,100
$T_WATCHDOG,10
$RELAUNCH,1
$APOGEE_PITCH,-8
$MAX_BUOY,150
$COURSE_BIAS,0
$GLIDE_SLOPE,30
$SPEED_FACTOR,1
$RHO,1.023
$MASS,51902
$MASS_COMP,0
$NAV_MODE,2
$FERRY_MAX,45
$KALMAN_USE,2
$HD_A,0.003
$HD_B,0.0099999998
$HD_C,9.9999997e-06
$HEADING,-1
$ESCAPE_HEADING,0
$ESCAPE_HEADING_DELTA,10
$FIX_MISSING_TIMEOUT,0
$TGT_DEFAULT_LAT,4743
$TGT_DEFAULT_LON,-12225
$TGT_AUTO_DEFAULT,0
$SM_CC,250
$N_FILEKB,4
$FILEMGR,0
$CALL_NDIVES,1
$COMM_SEQ,0
$PROTOCOL,9
$N_NOCOMM,1
$NOCOMM_ACTION,0
$N_NOSURFACE,0
$UPLOAD_DIVES_MAX,-1
$CALL_TRIES,5
$CALL_WAIT,60
$CAPUPLOAD,1
$CAPMAXSIZE,200000
$HEAPDBG,0
$T_GPS,15
$N_GPS,30
$T_GPS_ALMANAC,0
$T_GPS_CHARGE,-34815.008
$T_RSLEEP,2
$STROBE,0
$RAFOS_PEAK_OFFSET,1.5
$RAFOS_CORR_THRESH,60
$RAFOS_HIT_WINDOW,3600
$PITCH_MIN,255
$PITCH_MAX,3935
$C_PITCH,3053
$PITCH_DBAND,0.0099999998
$PITCH_CNV,0.003125763
$P_OVSHOOT,0.039999999
$PITCH_GAIN,30
$PITCH_TIMEOUT,17
$PITCH_AD_RATE,160
$PITCH_MAXERRORS,1
$PITCH_ADJ_GAIN,0.02
$PITCH_ADJ_DBAND,2.5
$ROLL_MIN,171
$ROLL_MAX,3723
$ROLL_DEG,40
$C_ROLL_DIVE,2033
$C_ROLL_CLIMB,1891
$HEAD_ERRBAND,10
$ROLL_CNV,0.028270001
$ROLL_TIMEOUT,15
$R_PORT_OVSHOOT,45
$R_STBD_OVSHOOT,64
$ROLL_AD_RATE,300
$ROLL_MAXERRORS,2
$ROLL_ADJ_GAIN,0
$ROLL_ADJ_DBAND,0
$VBD_MIN,465
$VBD_MAX,3960
$C_VBD,2140
$VBD_DBAND,2
$VBD_CNV,-0.25119999
$VBD_TIMEOUT,720
$PITCH_VBD_SHIFT,0.0012300001
$VBD_PUMP_AD_RATE_SURFACE,5
$VBD_PUMP_AD_RATE_APOGEE,4
$VBD_BLEED_AD_RATE,8
$UNCOM_BLEED,60
$VBD_MAXERRORS,1
$W_ADJ_DBAND,2
$DBDW,0
$PITCH_W_GAIN,0
$PITCH_W_DBAND,1
$CF8_MAXERRORS,5
$AH0_24V,145
$AH0_10V,95
$MINV_24V,19
$MINV_10V,8
$FG_AHR_10V,0
$FG_AHR_24V,0
$PHONE_SUPPLY,2
$PRESSURE_YINT,-33.008354
$PRESSURE_SLOPE,0.0001165895
$AD7714Ch0Gain,128
$TCM_PITCH_OFFSET,0
$TCM_ROLL_OFFSET,0
$COMPASS_USE,4
$ALTIM_BOTTOM_PING_RANGE,0
$ALTIM_TOP_PING_RANGE,20
$ALTIM_BOTTOM_TURN_MARGIN,25
$ALTIM_TOP_TURN_MARGIN,0
$ALTIM_TOP_MIN_OBSTACLE,1
$ALTIM_PING_DEPTH,80
$ALTIM_PING_DELTA,5
$ALTIM_FREQUENCY,13
$ALTIM_PULSE,3
$ALTIM_SENSITIVITY,3
$XPDR_VALID,5
$XPDR_INHIBIT,90
$INT_PRESSURE_SLOPE,0.0097660003
$INT_PRESSURE_YINT,-0.40000001
$DEEPGLIDER,0
$DEEPGLIDERMB,0
$MOTHERBOARD,4
$DEVICE1,2
$DEVICE2,20
$DEVICE3,-1
$DEVICE4,-1
$DEVICE5,-1
$DEVICE6,-1
$LOGGERS,7
$LOGGERDEVICE1,-1
$LOGGERDEVICE2,-1
$LOGGERDEVICE3,-1
$LOGGERDEVICE4,-1
$COMPASS_DEVICE,33
$COMPASS2_DEVICE,-1
$PHONE_DEVICE,49
$GPS_DEVICE,32
$RAFOS_DEVICE,-1
$XPDR_DEVICE,24
$SIM_W,0
$SIM_PITCH,0
$SEABIRD_T_G,0.0043275012
$SEABIRD_T_H,0.0006214368
$SEABIRD_T_I,2.2085376e-05
$SEABIRD_T_J,2.2233748e-06
$SEABIRD_C_G,-10.084761
$SEABIRD_C_H,1.1595923
$SEABIRD_C_I,-0.0010180317
$SEABIRD_C_J,0.00017345669
$GPS1,080625,165247,4749.375,-12225.432,11,1.8,11,18.2
$_CALLS,1
$_XMS_NAKs,0
$_XMS_TOUTs,0
$_SM_DEPTHo,-4.97
$_SM_ANGLEo,-65.4
$GPS2,080625,165723,4749.367,-12225.468,11,1.6,11,18.2
$SPEED_LIMITS,0.173,0.260
$TGT_NAME,MID_175W
$TGT_LATLONG,4746.000,-12225.100
$TGT_RADIUS,300.000
$KALMAN_CONTROL,0.000,0.000
$KALMAN_X,0.0,0.0,0.0,0.0,0.0
$KALMAN_Y,0.0,0.0,0.0,0.0,0.0
$MHEAD_RNG_PITCHd_Wd,161.8,6252,-17.5,-10.000,-21.04,2225
$D_GRID,150
$GCHEAD,st_secs,pitch_ctl,vbd_ctl,pitch_ad_start,roll_ad_start,vbd_pot1_ad_start,vbd_pot2_ad_start,depth,ob_vertv,data_pts,end_secs,pitch_secs,roll_secs,vbd_secs,vbd_i,gcphase,pitch_i,roll_i,pitch_ad,roll_ad,vbd_ad,vbd_pot1_ad,vbd_pot2_ad,pitch_retries,pitch_errors,roll_retries,roll_errors,vbd_retries,vbd_errors,pitch_volts,roll_volts,vbd_volts
$STATE,13,end surface,CONTROL_FINISHED_OK
$STATE,13,begin dive
$GC,15,-0.76,-146.6,246,2052,1235,1030,0.0,0.0,0,81,0.00,0.00,-60.65,0.000,16390,0.000,0.000,246,2052,2726,2805,2648,0,0,0,0,0,0,28.83,28.83,26.43
$GC,84,-0.76,-146.6,246,2052,2806,2650,-3.3,-3.9,6,102,9.75,2.12,0.00,0.000,2564,0.215,0.034,2801,631,2733,2818,2649,0,0,0,0,0,0,25.79,26.10,28.83
$GC,421,-0.65,-146.6,2801,631,2825,2648,43.0,-12.4,38,431,0.12,2.00,0.00,0.000,3078,0.140,0.024,2836,2026,2737,2826,2648,0,0,0,0,0,0,26.17,26.37,28.83
$GC,461,-0.59,-146.6,2835,2026,2827,2648,46.8,-9.4,42,463,0.10,0.00,0.00,0.000,2054,0.166,0.000,2861,2027,2737,2827,2648,0,0,0,0,0,0,26.29,28.83,28.83
$GC,491,-0.59,-146.6,2861,2027,2828,2648,49.3,-8.2,45,492,0.00,0.00,0.00,0.000,6,0.000,0.000,2861,2026,2738,2828,2648,0,0,0,0,0,0,28.83,28.83,28.83
$GC,521,-0.59,-146.6,2861,2026,2828,2648,51.8,-8.2,48,522,0.00,0.00,0.00,0.000,6,0.000,0.000,2861,2026,2738,2828,2648,0,0,0,0,0,0,28.83,28.83,28.83
$GC,552,-0.59,-146.6,2861,2027,2828,2648,54.1,-7.9,51,561,0.00,2.08,0.00,0.000,260,0.000,0.039,2861,3433,2738,2828,2648,0,0,0,0,0,0,28.83,26.37,28.83
$GC,618,-0.59,-146.6,2861,3433,2828,2648,60.3,-9.5,57,627,0.00,2.08,0.00,0.000,1030,0.000,0.018,2861,1990,2738,2828,2648,0,0,0,0,0,0,28.83,26.46,28.83
$GC,657,-0.59,-146.6,2861,1990,2828,2648,63.2,-7.4,61,658,0.00,0.00,0.00,0.000,6,0.000,0.000,2861,1990,2738,2828,2648,0,0,0,0,0,0,28.83,28.83,28.83
$GC,688,-0.59,-146.6,2861,1989,2828,2648,65.2,-6.5,64,695,0.00,0.00,0.00,0.000,6,0.000,0.000,2861,1990,2738,2828,2648,0,0,0,0,0,0,28.83,28.83,28.83
$GC,727,-0.59,-146.6,2861,1990,2829,2648,68.9,-9.3,68,728,0.00,0.00,0.00,0.000,6,0.000,0.000,2861,1990,2738,2829,2648,0,0,0,0,0,0,28.83,28.83,28.83
$GC,756,-0.59,-146.6,2861,1989,2829,2648,71.4,-8.7,71,757,0.00,0.00,0.00,0.000,6,0.000,0.000,2861,1990,2738,2829,2648,0,0,0,0,0,0,28.83,28.83,28.83
$GC,787,-0.59,-146.6,2861,1990,2829,2647,73.9,-8.1,74,788,0.00,0.00,0.00,0.000,6,0.000,0.000,2861,1989,2738,2829,2648,0,0,0,0,0,0,28.83,28.83,28.83
$GC,817,-0.59,-146.6,2861,1990,2830,2648,76.1,-7.5,77,818,0.00,0.00,0.00,0.000,6,0.000,0.000,2861,1989,2738,2829,2647,0,0,0,0,0,0,28.83,28.83,28.83
$GC,847,-0.59,-146.6,2861,1990,2829,2648,78.4,-7.6,80,848,0.00,0.00,0.00,0.000,6,0.000,0.000,2861,1989,2738,2829,2648,0,0,0,0,0,0,28.83,28.83,28.83
$GC,877,-0.59,-146.6,2861,1990,2829,2648,80.8,-7.9,83,886,0.00,1.98,0.00,0.000,516,0.000,0.035,2861,642,2738,2829,2647,0,0,0,0,0,0,28.83,26.46,28.83
$GC,922,-0.59,-146.6,2861,642,2829,2647,84.5,-8.6,87,933,0.00,2.05,0.00,0.000,1030,0.000,0.023,2861,2037,2738,2829,2647,0,0,0,0,0,0,28.83,26.51,28.83
$GC,962,-0.59,-146.6,2861,2037,2829,2647,87.9,-8.0,91,963,0.00,0.00,0.00,0.000,6,0.000,0.000,2861,2037,2738,2829,2647,0,0,0,0,0,0,28.83,28.83,28.83
$GC,994,-0.59,-146.6,2861,2037,2829,2647,90.1,-7.6,94,1000,0.00,0.00,0.00,0.000,6,0.000,0.000,2861,2037,2738,2829,2647,0,0,0,0,0,0,28.83,28.83,28.83
$GC,1032,-0.59,-146.6,2861,2037,2829,2647,92.9,-7.1,98,1034,0.00,0.00,0.00,0.000,6,0.000,0.000,2861,2037,2738,2829,2647,0,0,0,0,0,0,28.83,28.83,28.83
$GC,1063,-0.59,-146.6,2861,2037,2829,2647,95.0,-6.8,101,1072,0.00,0.00,0.00,0.000,6,0.000,0.000,2861,2037,2737,2828,2647,0,0,0,0,0,0,28.83,28.83,28.83
$GC,1102,-0.59,-146.6,2861,2037,2828,2647,97.6,-6.5,105,1103,0.00,0.00,0.00,0.000,6,0.000,0.000,2861,2037,2738,2829,2647,0,0,0,0,0,0,28.83,28.83,28.83
$GC,1132,-0.59,-146.6,2861,2037,2829,2647,99.7,-6.8,108,1133,0.00,0.00,0.00,0.000,6,0.000,0.000,2861,2037,2738,2829,2647,0,0,0,0,0,0,28.83,28.83,28.83
$GC,1162,-0.59,-146.6,2861,2037,2828,2647,101.9,-7.2,111,1163,0.00,0.00,0.00,0.000,6,0.000,0.000,2861,2037,2738,2829,2647,0,0,0,0,0,0,28.83,28.83,28.83
$GC,1193,-0.59,-146.6,2861,2037,2829,2647,104.0,-7.2,114,1194,0.00,0.00,0.00,0.000,6,0.000,0.000,2861,2037,2738,2829,2647,0,0,0,0,0,0,28.83,28.83,28.83
$STATE,1214,end dive,BOTTOM_OBSTACLE_DETECTED
$STATE,1215,begin apogee
$GC,1219,-0.27,0.0,2861,1839,2829,2647,105.5,-7.4,116,1345,0.30,0.00,119.75,0.552,10246,0.119,0.000,2963,1836,2138,2221,2056,0,0,0,0,0,0,26.38,28.83,24.97
$STATE,1347,end apogee,CONTROL_FINISHED_OK
$STATE,1347,begin climb
$GC,1348,0.76,146.6,2963,1836,2221,2054,108.8,0.0,129,1464,0.98,0.00,111.35,0.529,10758,0.086,0.000,3294,1836,1555,1670,1440,0,0,0,0,0,0,25.48,28.83,24.89
$GC,1494,0.70,146.6,3294,1836,1669,1433,91.6,15.1,144,1501,0.05,0.00,0.00,0.000,4102,0.221,0.000,3284,1836,1551,1669,1433,0,0,0,0,0,0,25.61,28.83,28.83
$GC,1532,0.70,146.6,3284,1836,1668,1431,85.8,14.6,148,1533,0.00,0.00,0.00,0.000,4102,0.000,0.000,3284,1836,1549,1668,1431,0,0,0,0,0,0,28.83,28.83,28.83
$GC,1563,0.70,146.6,3284,1837,1668,1430,81.5,14.1,151,1564,0.00,0.00,0.00,0.000,4102,0.000,0.000,3284,1837,1549,1668,1430,0,0,0,0,0,0,28.83,28.83,28.83
$GC,1592,0.70,146.6,3284,1836,1668,1430,77.5,13.6,154,1593,0.00,0.00,0.00,0.000,4102,0.000,0.000,3284,1836,1549,1668,1430,0,0,0,0,0,0,28.83,28.83,28.83
$GC,1622,0.70,146.6,3284,1836,1668,1429,73.3,14.0,157,1624,0.00,0.00,0.00,0.000,4102,0.000,0.000,3284,1836,1548,1668,1429,0,0,0,0,0,0,28.83,28.83,28.83
$GC,1652,0.70,146.6,3284,1836,1669,1429,69.1,13.8,160,1653,0.00,0.00,0.00,0.000,4102,0.000,0.000,3284,1836,1548,1668,1428,0,0,0,0,0,0,28.83,28.83,28.83
$GC,1683,0.70,146.6,3284,1836,1668,1428,64.9,14.1,163,1684,0.00,0.00,0.00,0.000,4102,0.000,0.000,3284,1836,1548,1668,1428,0,0,0,0,0,0,28.83,28.83,28.83
$GC,1712,0.70,146.6,3284,1837,1668,1428,60.2,15.3,166,1723,0.00,2.20,0.00,0.000,4356,0.000,0.032,3284,3301,1548,1668,1428,0,0,0,0,0,0,28.83,26.12,28.83
$GC,1768,0.65,146.6,3284,3301,1668,1427,51.0,17.7,171,1778,0.10,2.03,0.00,0.000,5126,0.178,0.020,3267,1898,1547,1667,1427,0,0,0,0,0,0,26.03,26.20,28.83
$GC,1807,0.65,146.6,3267,1897,1668,1427,45.7,13.3,175,1811,0.00,2.12,0.00,0.000,4612,0.000,0.040,3267,513,1547,1668,1427,0,0,0,0,0,0,28.83,26.17,28.83
$GC,1851,0.65,146.6,3267,513,1666,1426,40.3,12.4,179,1860,0.00,1.98,0.00,0.000,5126,0.000,0.020,3267,1899,1546,1665,1427,0,0,0,0,0,0,28.83,26.27,28.83
$GC,1891,0.65,146.6,3266,1899,1666,1427,35.0,13.3,183,1900,0.00,2.05,0.00,0.000,4356,0.000,0.033,3267,3291,1545,1665,1426,0,0,0,0,0,0,28.83,26.26,28.83
$GC,1945,0.65,146.6,3266,3291,1666,1427,27.8,13.5,188,1954,0.00,2.00,0.00,0.000,5126,0.000,0.021,3267,1891,1546,1665,1427,0,0,0,0,0,0,28.83,26.32,28.83
$GC,1985,0.65,146.6,3266,1890,1666,1427,22.8,12.5,192,1994,0.00,2.10,0.00,0.000,4612,0.000,0.039,3267,504,1546,1666,1427,0,0,0,0,0,0,28.83,26.28,28.83
$GC,2041,0.65,146.6,3266,504,1665,1426,16.5,11.0,197,2051,0.00,2.00,0.00,0.000,5126,0.000,0.019,3266,1909,1546,1665,1427,0,0,0,0,0,0,28.83,26.38,28.83
$GC,2082,0.65,146.6,3266,1909,1665,1427,12.3,10.7,201,2091,0.00,2.03,0.00,0.000,4356,0.000,0.033,3267,3291,1546,1665,1427,0,0,0,0,0,0,28.83,26.35,28.83
$GC,2138,0.65,146.6,3266,3291,1665,1427,6.5,10.7,206,2148,0.00,1.98,0.00,0.000,5126,0.000,0.019,3267,1883,1545,1665,1426,0,0,0,0,0,0,28.83,26.41,28.83
$STATE,2175,end climb,SURFACE_DEPTH_REACHED
$STATE,2175,begin surface coast
$FINISH,-0.1,1.022017
$STATE,2206,end surface coast,CONTROL_FINISHED_OK
$STATE,2206,begin surface
$SM_CCo,2222,82.47,0.436,1,0,1143,250.20
$SM_GC,-4.76,8.32,0.17,82.47,0.064,0.058,0.436,246,2094,1143,-8.71,-1.95,250.20,0,0,0,0,1,0,26.36,26.46,25.18
$IRIDIUM_FIX,4732.49,-12227.53,050418,050532
$TT8_MAMPS,0.027713,0.027713
$HUMID,40.39
$INTERNAL_PRESSURE,8.448
$TCM_TEMP,19.40
$XPDR_PINGS,1
$ALTIM_TOP_PING,19.0,9.1
$ALTIM_BOTTOM_PING,105.5,6.2
$24V_AH,24.9,15.269
$10V_AH,10.6,6.588
$FG_AHR_24Vo,0.000
$FG_AHR_10Vo,0.000
$DEVICES,Pitch_motor,Roll_motor,VBD_pump_during_apogee,VBD_pump_during_surface,VBD_valve,Iridium_during_init,Iridium_during_connect,Iridium_during_xfer,Transponder_ping,GUMSTIX_24V,GPS,TT8,LPSleep,TT8_Active,TT8_Sampling,TT8_CF8,TT8_Kalman,Analog_circuits,GPS_charging,Compass,RAFOS,Transponder,Compass2
$DEVICE_SECS,19.725,33.150,231.100,82.475,0.000,27.448,22.350,134.527,2.500,0.000,15.421,618.866,618.465,373.660,906.898,90.777,0.000,783.729,0.000,461.923,0.000,17.668,0.000
$DEVICE_MAMPS,221.085,145.350,551.565,436.050,0.000,43.600,160.000,223.000,420.000,0.000,28.460,13.960,2.190,13.960,37.930,44.670,0.000,16.000,0.000,15.730,0.000,30.000,0.000
$SENSORS,SBE_CT,SBE_O2,nil,nil,nil,nil,nil,nil,nil,nil
$SENSOR_SECS,141.537,535.447,0.000,0.000,0.000,0.000,0.000,0.000,0.000,0.000
$SENSOR_MAMPS,23.220,4.490,0.000,0.000,0.000,0.000,0.000,0.000,0.000,0.000
$MEM,354588
$DATA_FILE_SIZE,10190,213
$CAP_FILE_SIZE,63494,0
$CFSIZE,260165632,247373824
$ERRORS,0,0,0,0,0,0,0,0,0,0,0,0,0,1,0,0
$CURRENT,0.112, 20.5,1
$GPS,080625,173711,4749.233,-12225.364,11,1.1,11,18.2
