version: 66.11
glider: 175
mission: 9
dive: 69
start: 6 2 125 6 58 32
data:
$ID,175
$MISSION,9
$DIVE,69
$N_DIVES,0
$D_SURF,3
$D_FLARE,3
$D_TGT,210
$D_ABORT,1090
$D_NO_BLEED,500
$D_BOOST,3
$T_BOOST,0
$D_FINISH,0
$D_PITCH,0
$D_SAFE,0
$D_CALL,0
$SURFACE_URGENCY,0
$SURFACE_URGENCY_TRY,0
$SURFACE_URGENCY_FORCE,0
$T_DIVE,70
$T_MISSION,85
$T_ABORT,1440
$T_TURN,300
$T_TURN_SAMPINT,5
$T_NO_W,120
$T_LOITER,0
$T_EPIRB,0
$USE_BATHY,0
$USE_ICE,0
$ICE_FREEZE_MARGIN,0.30000001
$D_OFFGRID,100
$T_WATCHDOG,10
$RELAUNCH,1
$APOGEE_PITCH,-8
$MAX_BUOY,150
$COURSE_BIAS,0
$GLIDE_SLOPE,30
$SPEED_FACTOR,1
$RHO,1.023
$MASS,51902
$MASS_COMP,0
$NAV_MODE,2
$FERRY_MAX,45
$KALMAN_USE,2
$HD_A,0.003
$HD_B,0.0099999998
$HD_C,9.9999997e-06
$HEADING,-1
$ESCAPE_HEADING,0
$ESCAPE_HEADING_DELTA,10
$FIX_MISSING_TIMEOUT,0
$TGT_DEFAULT_LAT,4743
$TGT_DEFAULT_LON,-12225
$TGT_AUTO_DEFAULT,0
$SM_CC,250
$N_FILEKB,4
$FILEMGR,0
$CALL_NDIVES,1
$COMM_SEQ,0
$PROTOCOL,9
$N_NOCOMM,1
$NOCOMM_ACTION,0
$N_NOSURFACE,0
$UPLOAD_DIVES_MAX,-1
$CALL_TRIES,5
$CALL_WAIT,60
$CAPUPLOAD,1
$CAPMAXSIZE,200000
$HEAPDBG,0
$T_GPS,15
$N_GPS,30
$T_GPS_ALMANAC,0
$T_GPS_CHARGE,-34559.062
$T_RSLEEP,2
$STROBE,0
$RAFOS_PEAK_OFFSET,1.5
$RAFOS_CORR_THRESH,60
$RAFOS_HIT_WINDOW,3600
$PITCH_MIN,255
$PITCH_MAX,3935
$C_PITCH,3013
$PITCH_DBAND,0.0099999998
$PITCH_CNV,0.003125763
$P_OVSHOOT,0.039999999
$PITCH_GAIN,30
$PITCH_TIMEOUT,17
$PITCH_AD_RATE,160
$PITCH_MAXERRORS,1
$PITCH_ADJ_GAIN,0.02
$PITCH_ADJ_DBAND,2.5
$ROLL_MIN,171
$ROLL_MAX,3723
$ROLL_DEG,40
$C_ROLL_DIVE,2033
$C_ROLL_CLIMB,1891
$HEAD_ERRBAND,10
$ROLL_CNV,0.028270001
$ROLL_TIMEOUT,15
$R_PORT_OVSHOOT,67
$R_STBD_OVSHOOT,71
$ROLL_AD_RATE,300
$ROLL_MAXERRORS,2
$ROLL_ADJ_GAIN,0
$ROLL_ADJ_DBAND,0
$VBD_MIN,465
$VBD_MAX,3960
$C_VBD,2140
$VBD_DBAND,2
$VBD_CNV,-0.25119999
$VBD_TIMEOUT,720
$PITCH_VBD_SHIFT,0.0012300001
$VBD_PUMP_AD_RATE_SURFACE,5
$VBD_PUMP_AD_RATE_APOGEE,4
$VBD_BLEED_AD_RATE,8
$UNCOM_BLEED,60
$VBD_MAXERRORS,1
$W_ADJ_DBAND,2
$DBDW,0
$PITCH_W_GAIN,0
$PITCH_W_DBAND,1
$CF8_MAXERRORS,5
$AH0_24V,145
$AH0_10V,95
$MINV_24V,19
$MINV_10V,8
$FG_AHR_10V,0
$FG_AHR_24V,0
$PHONE_SUPPLY,2
$PRESSURE_YINT,-33.008354
$PRESSURE_SLOPE,0.0001165895
$AD7714Ch0Gain,128
$TCM_PITCH_OFFSET,0
$TCM_ROLL_OFFSET,0
$COMPASS_USE,4
$ALTIM_BOTTOM_PING_RANGE,0
$ALTIM_TOP_PING_RANGE,20
$ALTIM_BOTTOM_TURN_MARGIN,25
$ALTIM_TOP_TURN_MARGIN,0
$ALTIM_TOP_MIN_OBSTACLE,1
$ALTIM_PING_DEPTH,100
$ALTIM_PING_DELTA,5
$ALTIM_FREQUENCY,13
$ALTIM_PULSE,3
$ALTIM_SENSITIVITY,3
$XPDR_VALID,5
$XPDR_INHIBIT,90
$INT_PRESSURE_SLOPE,0.0097660003
$INT_PRESSURE_YINT,-0.40000001
$DEEPGLIDER,0
$DEEPGLIDERMB,0
$MOTHERBOARD,4
$DEVICE1,2
$DEVICE2,20
$DEVICE3,-1
$DEVICE4,-1
$DEVICE5,-1
$DEVICE6,-1
$LOGGERS,7
$LOGGERDEVICE1,-1
$LOGGERDEVICE2,-1
$LOGGERDEVICE3,-1
$LOGGERDEVICE4,-1
$COMPASS_DEVICE,33
$COMPASS2_DEVICE,-1
$PHONE_DEVICE,49
$GPS_DEVICE,32
$RAFOS_DEVICE,-1
$XPDR_DEVICE,24
$SIM_W,0
$SIM_PITCH,0
$SEABIRD_T_G,0.0043275012
$SEABIRD_T_H,0.0006214368
$SEABIRD_T_I,2.2085376e-05
$SEABIRD_T_J,2.2233748e-06
$SEABIRD_C_G,-10.084761
$SEABIRD_C_H,1.1595923
$SEABIRD_C_I,-0.0010180317
$SEABIRD_C_J,0.00017345669
$GPS1,020625,065351,4746.056,-12225.214,27,1.9,45,18.2
$_CALLS,1
$_XMS_NAKs,0
$_XMS_TOUTs,0
$_SM_DEPTHo,0.23
$_SM_ANGLEo,-74.5
$GPS2,020625,065804,4745.982,-12225.242,13,1.9,18,18.2
$SPEED_LIMITS,0.173,0.260
$TGT_NAME,SOUTH_175
$TGT_LATLONG,4742.000,-12225.600
$TGT_RADIUS,200.000
$KALMAN_CONTROL,0.000,0.000
$KALMAN_X,0.0,0.0,0.0,0.0,0.0
$KALMAN_Y,0.0,0.0,0.0,0.0,0.0
$MHEAD_RNG_PITCHd_Wd,152.6,7389,-17.5,-10.000,-21.04,2225
$D_GRID,210
$GCHEAD,st_secs,pitch_ctl,vbd_ctl,pitch_ad_start,roll_ad_start,vbd_pot1_ad_start,vbd_pot2_ad_start,depth,ob_vertv,data_pts,end_secs,pitch_secs,roll_secs,vbd_secs,vbd_i,gcphase,pitch_i,roll_i,pitch_ad,roll_ad,vbd_ad,vbd_pot1_ad,vbd_pot2_ad,pitch_retries,pitch_errors,roll_retries,roll_errors,vbd_retries,vbd_errors,pitch_volts,roll_volts,vbd_volts
$STATE,13,end surface,CONTROL_FINISHED_OK
$STATE,13,begin dive
$GC,15,-0.76,-146.6,238,2102,1230,1039,0.0,0.0,0,70,0.00,0.00,-53.33,0.000,16386,0.000,0.000,238,2102,2648,2726,2571,0,0,0,0,0,0,28.83,28.83,28.83
$GC,73,-0.76,-146.6,238,2102,2728,2572,3.1,-6.9,5,93,9.70,2.20,-1.52,0.000,18948,0.219,0.051,2760,653,2727,2822,2633,0,0,0,0,0,0,25.81,26.06,26.29
$GC,411,-0.61,-146.6,2759,653,2829,2633,63.9,-16.9,37,421,0.17,1.98,0.00,0.000,3078,0.142,0.024,2810,2016,2731,2829,2633,0,0,0,0,0,0,26.18,26.36,28.83
$GC,451,-0.52,-146.6,2809,2016,2830,2633,69.4,-13.5,41,461,0.12,2.00,0.00,0.000,2564,0.162,0.033,2848,655,2732,2831,2633,0,0,0,0,0,0,26.24,26.35,28.83
$GC,474,-0.52,-146.6,2847,655,2830,2633,72.0,-11.9,43,484,0.00,2.00,0.00,0.000,1030,0.000,0.024,2847,2039,2732,2831,2633,0,0,0,0,0,0,28.83,26.39,28.83
$GC,514,-0.52,-146.6,2846,2039,2832,2633,75.5,-8.8,47,515,0.00,0.00,0.00,0.000,6,0.000,0.000,2847,2039,2732,2831,2634,0,0,0,0,0,0,28.83,28.83,28.83
$GC,544,-0.52,-146.6,2846,2039,2832,2633,78.1,-8.4,50,545,0.00,0.00,0.00,0.000,6,0.000,0.000,2847,2039,2732,2831,2633,0,0,0,0,0,0,28.83,28.83,28.83
$GC,573,-0.52,-146.6,2847,2039,2832,2633,80.6,-8.4,53,575,0.00,0.00,0.00,0.000,6,0.000,0.000,2847,2039,2732,2832,2633,0,0,0,0,0,0,28.83,28.83,28.83
$GC,603,-0.52,-146.6,2846,2039,2832,2633,83.1,-8.6,56,605,0.00,0.00,0.00,0.000,6,0.000,0.000,2847,2039,2733,2832,2634,0,0,0,0,0,0,28.83,28.83,28.83
$GC,634,-0.52,-146.6,2846,2039,2832,2633,85.9,-8.9,59,635,0.00,0.00,0.00,0.000,6,0.000,0.000,2847,2039,2732,2832,2633,0,0,0,0,0,0,28.83,28.83,28.83
$GC,663,-0.52,-146.6,2846,2039,2832,2633,88.9,-9.9,62,665,0.00,0.00,0.00,0.000,6,0.000,0.000,2847,2039,2732,2832,2633,0,0,0,0,0,0,28.83,28.83,28.83
$GC,694,-0.52,-146.6,2846,2039,2832,2634,91.7,-9.7,65,697,0.00,2.08,0.00,0.000,260,0.000,0.038,2847,3432,2732,2831,2633,0,0,0,0,0,0,28.83,26.42,28.83
$GC,738,-0.52,-146.6,2847,3432,2833,2634,96.2,-10.6,69,747,0.00,2.03,0.00,0.000,1030,0.000,0.018,2847,2022,2733,2833,2633,0,0,0,0,0,0,28.83,26.49,28.83
$GC,778,-0.52,-146.6,2846,2020,2833,2633,100.6,-10.4,73,779,0.00,0.00,0.00,0.000,6,0.000,0.000,2847,2021,2733,2833,2633,0,0,0,0,0,0,28.83,28.83,28.83
$GC,807,-0.52,-146.6,2847,2021,2833,2633,103.8,-10.7,76,808,0.00,0.00,0.00,0.000,6,0.000,0.000,2847,2021,2733,2833,2633,0,0,0,0,0,0,28.83,28.83,28.83
$GC,838,-0.52,-146.6,2846,2021,2833,2633,106.9,-10.7,79,839,0.00,0.00,0.00,0.000,6,0.000,0.000,2847,2021,2733,2833,2633,0,0,0,0,0,0,28.83,28.83,28.83
$GC,867,-0.52,-146.6,2846,2021,2833,2633,110.0,-10.4,82,882,0.00,2.10,0.00,0.000,260,0.000,0.037,2847,3430,2733,2833,2633,0,0,0,0,0,0,28.83,26.46,28.83
$GC,905,-0.52,-146.6,2847,3430,2833,2634,114.0,-10.5,85,914,0.00,1.98,0.00,0.000,1030,0.000,0.018,2847,2019,2733,2833,2633,0,0,0,0,0,0,28.83,26.53,28.83
$GC,946,-0.52,-146.6,2846,2018,2833,2633,118.1,-10.3,89,947,0.00,0.00,0.00,0.000,6,0.000,0.000,2847,2018,2733,2833,2634,0,0,0,0,0,0,28.83,28.83,28.83
$GC,975,-0.52,-146.6,2846,2018,2833,2633,121.0,-9.5,92,976,0.00,0.00,0.00,0.000,6,0.000,0.000,2847,2018,2733,2833,2634,0,0,0,0,0,0,28.83,28.83,28.83
$GC,1006,-0.52,-146.6,2846,2018,2833,2633,123.9,-9.5,95,1007,0.00,0.00,0.00,0.000,6,0.000,0.000,2847,2018,2733,2833,2633,0,0,0,0,0,0,28.83,28.83,28.83
$GC,1035,-0.52,-146.6,2846,2018,2833,2633,126.9,-10.1,98,1036,0.00,0.00,0.00,0.000,6,0.000,0.000,2846,2018,2733,2833,2634,0,0,0,0,0,0,28.83,28.83,28.83
$GC,1065,-0.52,-146.6,2846,2018,2833,2633,129.7,-9.5,101,1066,0.00,0.00,0.00,0.000,6,0.000,0.000,2847,2018,2733,2833,2633,0,0,0,0,0,0,28.83,28.83,28.83
$GC,1095,-0.52,-146.6,2846,2018,2833,2633,132.5,-9.2,104,1096,0.00,0.00,0.00,0.000,6,0.000,0.000,2847,2018,2733,2833,2634,0,0,0,0,0,0,28.83,28.83,28.83
$GC,1127,-0.52,-146.6,2846,2018,2833,2633,135.1,-9.0,107,1134,0.00,0.00,0.00,0.000,6,0.000,0.000,2846,2018,2733,2833,2633,0,0,0,0,0,0,28.83,28.83,28.83
$GC,1166,-0.52,-146.6,2846,2018,2833,2633,138.7,-8.7,111,1167,0.00,0.00,0.00,0.000,6,0.000,0.000,2847,2018,2733,2833,2633,0,0,0,0,0,0,28.83,28.83,28.83
$GC,1195,-0.52,-146.6,2847,2018,2833,2633,141.4,-9.1,114,1196,0.00,0.00,0.00,0.000,6,0.000,0.000,2846,2018,2733,2833,2634,0,0,0,0,0,0,28.83,28.83,28.83
$GC,1225,-0.52,-146.6,2846,2018,2833,2634,143.8,-8.4,117,1226,0.00,0.00,0.00,0.000,6,0.000,0.000,2846,2018,2733,2833,2634,0,0,0,0,0,0,28.83,28.83,28.83
$GC,1255,-0.52,-146.6,2846,2018,2833,2633,146.5,-8.7,120,1256,0.00,0.00,0.00,0.000,6,0.000,0.000,2847,2018,2733,2833,2633,0,0,0,0,0,0,28.83,28.83,28.83
$GC,1286,-0.52,-146.6,2847,2018,2833,2633,149.0,-8.6,123,1295,0.00,2.10,0.00,0.000,260,0.000,0.037,2847,3433,2733,2833,2634,0,0,0,0,0,0,28.83,26.53,28.83
$GC,1320,-0.52,-146.6,2846,3433,2833,2633,151.8,-8.6,126,1329,0.00,2.00,0.00,0.000,1030,0.000,0.018,2847,2029,2733,2833,2634,0,0,0,0,0,0,28.83,26.60,28.83
$GC,1359,-0.52,-146.6,2846,2028,2833,2634,155.7,-9.5,130,1360,0.00,0.00,0.00,0.000,6,0.000,0.000,2847,2029,2733,2833,2633,0,0,0,0,0,0,28.83,28.83,28.83
$GC,1388,-0.52,-146.6,2846,2028,2833,2634,158.5,-9.8,133,1398,0.00,2.08,0.00,0.000,260,0.000,0.037,2847,3429,2733,2833,2633,0,0,0,0,0,0,28.83,26.53,28.83
$GC,1412,-0.58,-146.6,2847,3429,2833,2634,160.6,-9.4,135,1416,0.08,1.95,0.00,0.000,5126,0.128,0.018,2811,2027,2733,2833,2634,0,0,0,0,0,0,26.51,26.60,28.83
$GC,1455,-0.58,-146.6,2810,2026,2833,2633,164.7,-9.6,139,1457,0.08,0.00,0.00,0.000,2054,0.189,0.000,2825,2025,2733,2833,2633,0,0,0,0,0,0,26.53,28.83,28.83
$GC,1485,-0.58,-146.6,2825,2025,2833,2633,168.0,-10.6,142,1486,0.00,0.00,0.00,0.000,2054,0.000,0.000,2825,2025,2733,2833,2633,0,0,0,0,0,0,28.83,28.83,28.83
$GC,1515,-0.58,-146.6,2825,2025,2833,2633,171.0,-10.2,145,1516,0.00,0.00,0.00,0.000,2054,0.000,0.000,2825,2025,2733,2833,2633,0,0,0,0,0,0,28.83,28.83,28.83
$STATE,1524,end dive,BOTTOM_OBSTACLE_DETECTED
$STATE,1524,begin apogee
$GC,1528,-0.27,0.0,2825,1841,2833,2633,172.1,-10.3,146,1657,0.30,0.00,119.18,0.580,10246,0.127,0.000,2925,1839,2139,2230,2048,0,0,0,0,0,0,26.44,28.83,24.87
$STATE,1658,end apogee,CONTROL_FINISHED_OK
$STATE,1659,begin climb
$GC,1660,0.76,146.6,2924,1839,2229,2046,178.3,0.0,159,1786,0.98,2.22,113.57,0.563,10500,0.102,0.030,3248,3293,1554,1680,1428,0,0,0,0,0,0,25.44,25.32,24.77
$GC,1832,0.76,146.6,3248,3293,1679,1424,162.4,13.5,176,1841,0.00,1.95,0.00,0.000,3078,0.000,0.020,3251,1949,1551,1679,1423,0,0,0,0,0,0,28.83,25.75,28.83
$GC,1871,0.76,146.6,3250,1948,1679,1422,157.6,11.9,180,1880,0.00,2.10,0.00,0.000,2564,0.000,0.039,3251,573,1550,1679,1421,0,0,0,0,0,0,28.83,25.82,28.83
$GC,1905,0.76,146.6,3251,572,1677,1421,154.0,10.9,183,1914,0.00,1.98,0.00,0.000,3078,0.000,0.018,3252,1906,1548,1676,1421,0,0,0,0,0,0,28.83,25.97,28.83
$GC,1945,0.76,146.6,3251,1906,1677,1420,149.5,11.2,187,1954,0.00,2.05,0.00,0.000,2308,0.000,0.033,3252,3291,1548,1677,1420,0,0,0,0,0,0,28.83,26.01,28.83
$GC,1999,0.76,146.6,3251,3291,1677,1420,142.9,12.7,192,2008,0.00,1.92,0.00,0.000,3078,0.000,0.020,3251,1954,1548,1677,1420,0,0,0,0,0,0,28.83,26.11,28.83
$GC,2039,0.76,146.6,3251,1954,1677,1420,138.3,11.6,196,2048,0.00,2.10,0.00,0.000,2564,0.000,0.039,3252,571,1549,1678,1420,0,0,0,0,0,0,28.83,26.10,28.83
$GC,2072,0.76,146.6,3251,570,1677,1420,135.0,10.2,199,2075,0.00,1.90,0.00,0.000,3078,0.000,0.020,3251,1891,1548,1676,1420,0,0,0,0,0,0,28.83,26.20,28.83
$GC,2114,0.76,146.6,3251,1891,1677,1419,130.4,10.8,203,2123,0.00,2.08,0.00,0.000,2308,0.000,0.032,3251,3289,1547,1676,1419,0,0,0,0,0,0,28.83,26.20,28.83
$GC,2159,0.76,146.6,3251,3289,1677,1419,125.2,12.1,207,2168,0.00,1.95,0.00,0.000,3078,0.000,0.020,3251,1955,1547,1676,1419,0,0,0,0,0,0,28.83,26.27,28.83
$GC,2198,0.76,146.6,3251,1955,1677,1419,119.9,13.0,211,2208,0.00,2.08,0.00,0.000,2564,0.000,0.039,3251,573,1548,1677,1419,0,0,0,0,0,0,28.83,26.24,28.83
$GC,2233,0.76,146.6,3251,573,1677,1419,115.3,13.8,214,2242,0.00,1.92,0.00,0.000,3078,0.000,0.019,3251,1894,1547,1676,1419,0,0,0,0,0,0,28.83,26.32,28.83
$GC,2271,0.76,146.6,3251,1894,1677,1418,109.6,14.2,218,2282,0.00,2.08,0.00,0.000,2308,0.000,0.033,3252,3295,1547,1676,1418,0,0,0,0,0,0,28.83,26.30,28.83
$GC,2338,0.76,146.6,3251,3295,1676,1418,100.5,14.2,224,2347,0.00,1.98,0.00,0.000,3078,0.000,0.021,3252,1953,1547,1676,1418,0,0,0,0,0,0,28.83,26.36,28.83
$GC,2377,0.76,146.6,3251,1951,1677,1418,95.9,11.8,228,2378,0.00,0.00,0.00,0.000,2054,0.000,0.000,3252,1952,1547,1676,1418,0,0,0,0,0,0,28.83,28.83,28.83
$GC,2407,0.76,146.6,3251,1951,1677,1418,92.1,12.5,231,2408,0.00,0.00,0.00,0.000,2054,0.000,0.000,3251,1951,1547,1676,1418,0,0,0,0,0,0,28.83,28.83,28.83
$GC,2437,0.76,146.6,3251,1951,1676,1418,88.9,11.0,234,2438,0.00,0.00,0.00,0.000,2054,0.000,0.000,3251,1951,1547,1677,1418,0,0,0,0,0,0,28.83,28.83,28.83
$GC,2467,0.76,146.6,3251,1951,1676,1418,85.7,10.5,237,2468,0.00,0.00,0.00,0.000,2054,0.000,0.000,3251,1952,1547,1676,1418,0,0,0,0,0,0,28.83,28.83,28.83
$GC,2497,0.76,146.6,3251,1950,1677,1418,82.5,10.7,240,2498,0.00,0.00,0.00,0.000,2054,0.000,0.000,3252,1951,1547,1676,1418,0,0,0,0,0,0,28.83,28.83,28.83
$GC,2527,0.76,146.6,3251,1951,1676,1418,79.4,10.7,243,2528,0.00,0.00,0.00,0.000,2054,0.000,0.000,3252,1951,1547,1676,1418,0,0,0,0,0,0,28.83,28.83,28.83
$GC,2557,0.76,146.6,3251,1951,1676,1418,76.3,10.0,246,2561,0.00,2.10,0.00,0.000,2564,0.000,0.038,3252,560,1547,1677,1418,0,0,0,0,0,0,28.83,26.40,28.83
$GC,2612,0.76,146.6,3251,560,1676,1418,71.0,9.9,251,2621,0.00,1.92,0.00,0.000,3078,0.000,0.019,3252,1897,1547,1676,1418,0,0,0,0,0,0,28.83,26.48,28.83
$GC,2651,0.76,146.6,3251,1897,1676,1418,65.9,12.4,255,2660,0.00,2.03,0.00,0.000,2308,0.000,0.033,3252,3278,1547,1676,1418,0,0,0,0,0,0,28.83,26.45,28.83
$GC,2685,0.76,146.6,3251,3277,1676,1418,61.2,14.0,258,2695,0.00,1.92,0.00,0.000,3078,0.000,0.021,3252,1961,1546,1676,1417,0,0,0,0,0,0,28.83,26.48,28.83
$GC,2724,0.76,146.6,3251,1959,1677,1418,56.1,12.2,262,2735,0.00,2.10,0.00,0.000,2564,0.000,0.041,3252,561,1547,1677,1418,0,0,0,0,0,0,28.83,26.44,28.83
$GC,2768,0.76,146.6,3251,562,1677,1417,50.9,11.8,266,2779,0.00,1.88,0.00,0.000,3078,0.000,0.020,3251,1887,1546,1676,1417,0,0,0,0,0,0,28.83,26.51,28.83
$GC,2808,0.76,146.6,3251,1887,1677,1417,46.7,10.4,270,2818,0.00,2.05,0.00,0.000,2308,0.000,0.034,3252,3282,1546,1676,1417,0,0,0,0,0,0,28.83,26.48,28.83
$GC,2854,0.76,146.6,3251,3282,1676,1417,42.3,10.1,274,2864,0.00,1.92,0.00,0.000,3078,0.000,0.019,3252,1952,1547,1676,1418,0,0,0,0,0,0,28.83,26.53,28.83
$GC,2893,0.76,146.6,3251,1952,1676,1417,38.4,9.8,278,2903,0.00,2.08,0.00,0.000,2564,0.000,0.039,3252,563,1546,1676,1417,0,0,0,0,0,0,28.83,26.48,28.83
$GC,2928,0.76,146.6,3251,562,1676,1417,35.4,9.0,281,2937,0.00,1.92,0.00,0.000,3078,0.000,0.019,3251,1897,1546,1676,1417,0,0,0,0,0,0,28.83,26.55,28.83
$GC,2967,0.76,146.6,3251,1897,1677,1417,31.5,9.9,285,2976,0.00,2.03,0.00,0.000,2308,0.000,0.032,3252,3281,1547,1676,1418,0,0,0,0,0,0,28.83,26.51,28.83
$GC,3032,0.76,146.6,3251,3281,1676,1417,24.0,11.6,291,3041,0.00,1.88,0.00,0.000,3078,0.000,0.020,3252,1951,1546,1676,1417,0,0,0,0,0,0,28.83,26.55,28.83
$GC,3072,0.76,146.6,3251,1950,1677,1418,19.7,10.7,295,3082,0.00,2.05,0.00,0.000,2564,0.000,0.039,3251,568,1546,1676,1417,0,0,0,0,0,0,28.83,26.51,28.83
$GC,3128,0.76,146.6,3251,568,1676,1417,14.2,10.1,300,3136,0.00,1.92,0.00,0.000,3078,0.000,0.019,3252,1899,1546,1676,1417,0,0,0,0,0,0,28.83,26.58,28.83
$GC,3168,0.76,146.6,3251,1900,1676,1417,10.2,10.1,304,3175,0.00,0.00,0.00,0.000,2054,0.000,0.000,3252,1900,1546,1676,1417,0,0,0,0,0,0,28.83,28.83,28.83
$GC,3206,0.76,146.6,3251,1900,1677,1417,6.5,9.2,308,3208,0.00,0.00,0.00,0.000,2054,0.000,0.000,3252,1900,1546,1676,1417,0,0,0,0,0,0,28.83,28.83,28.83
$GC,3237,0.82,196.5,3251,1900,1676,1417,4.2,7.7,311,3258,0.08,0.00,17.85,0.463,10754,0.135,0.000,3278,1901,1463,1594,1332,0,0,0,0,0,0,26.60,28.83,28.83
$STATE,3259,end climb,SURFACE_DEPTH_REACHED
$STATE,3259,begin surface coast
$FINISH,0.1,1.021253
$STATE,3297,end surface coast,CONTROL_FINISHED_OK
$STATE,3297,begin surface
$SM_CCo,3312,61.25,0.414,1,0,1143,250.20
$SM_GC,0.96,8.35,0.15,61.25,0.063,0.069,0.414,243,2097,1143,-8.59,-1.78,250.20,0,0,0,0,1,0,26.36,26.44,25.35
$IRIDIUM_FIX,4726.11,-12219.67,290318,191952
$TT8_MAMPS,0.027713,0.027713
$HUMID,39.40
$INTERNAL_PRESSURE,8.448
$TCM_TEMP,19.50
$XPDR_PINGS,0
$ALTIM_TOP_PING,19.7,19.8
$ALTIM_BOTTOM_PING,130.7,65.8
$24V_AH,24.8,5.256
$10V_AH,10.6,1.882
$FG_AHR_24Vo,0.000
$FG_AHR_10Vo,0.000
$DEVICES,Pitch_motor,Roll_motor,VBD_pump_during_apogee,VBD_pump_during_surface,VBD_valve,Iridium_during_init,Iridium_during_connect,Iridium_during_xfer,Transponder_ping,GUMSTIX_24V,GPS,TT8,LPSleep,TT8_Active,TT8_Sampling,TT8_CF8,TT8_Kalman,Analog_circuits,GPS_charging,Compass,RAFOS,Transponder,Compass2
$DEVICE_SECS,19.850,80.850,250.600,61.250,0.000,27.413,19.736,120.792,3.000,0.000,21.221,913.605,962.209,470.611,1231.697,77.533,0.000,1058.558,0.000,673.738,0.000,25.271,0.000
$DEVICE_MAMPS,218.790,76.500,579.870,413.865,0.000,43.600,160.000,223.000,420.000,0.000,28.460,13.960,2.190,13.960,37.930,44.670,0.000,16.000,0.000,15.730,0.000,30.000,0.000
$SENSORS,SBE_CT,SBE_O2,nil,nil,nil,nil,nil,nil,nil,nil
$SENSOR_SECS,211.274,789.500,0.000,0.000,0.000,0.000,0.000,0.000,0.000,0.000
$SENSOR_MAMPS,23.220,4.490,0.000,0.000,0.000,0.000,0.000,0.000,0.000,0.000
$MEM,354544
$DATA_FILE_SIZE,13570,317
$CAP_FILE_SIZE,95459,0
$CFSIZE,260165632,253812736
$ERRORS,0,0,0,0,0,0,0,0,0,0,0,0,0,1,0,0
$CURRENT,0.095,341.0,1
$GPS,020625,075541,4745.731,-12225.182,13,1.5,13,18.2
