version: 66.11
glider: 175
mission: 9
dive: 357
start: 6 13 125 6 40 35
data:
$ID,175
$MISSION,9
$DIVE,357
$N_DIVES,0
$D_SURF,3
$D_FLARE,3
$D_TGT,150
$D_ABORT,1090
$D_NO_BLEED,500
$D_BOOST,3
$T_BOOST,0
$D_FINISH,0
$D_PITCH,0
$D_SAFE,0
$D_CALL,0
$SURFACE_URGENCY,0
$SURFACE_URGENCY_TRY,0
$SURFACE_URGENCY_FORCE,0
$T_DIVE,50
$T_MISSION,65
$T_ABORT,1440
$T_TURN,300
$T_TURN_SAMPINT,5
$T_NO_W,120
$T_LOITER,0
$T_EPIRB,0
$USE_BATHY,0
$USE_ICE,0
$ICE_FREEZE_MARGIN,0.30000001
$D_OFFGRID,100
$T_WATCHDOG,10
$RELAUNCH,1
$APOGEE_PITCH,-8
$MAX_BUOY,150
$COURSE_BIAS,0
$GLIDE_SLOPE,30
$SPEED_FACTOR,1
$RHO,1.023
$MASS,51902
$MASS_COMP,0
$NAV_MODE,2
$FERRY_MAX,45
$KALMAN_USE,2
$HD_A,0.003
$HD_B,0.0099999998
$HD_C,9.9999997e-06
$HEADING,-1
$ESCAPE_HEADING,0
$ESCAPE_HEADING_DELTA,10
$FIX_MISSING_TIMEOUT,0
$TGT_DEFAULT_LAT,4743
$TGT_DEFAULT_LON,-12225
$TGT_AUTO_DEFAULT,0
$SM_CC,250
$N_FILEKB,4
$FILEMGR,0
$CALL_NDIVES,1
$COMM_SEQ,0
$PROTOCOL,9
$N_NOCOMM,1
$NOCOMM_ACTION,0
$N_NOSURFACE,0
$UPLOAD_DIVES_MAX,-1
$CALL_TRIES,5
$CALL_WAIT,60
$CAPUPLOAD,1
$CAPMAXSIZE,200000
$HEAPDBG,0
$T_GPS,15
$N_GPS,30
$T_GPS_ALMANAC,0
$T_GPS_CHARGE,-34976.008
$T_RSLEEP,2
$STROBE,0
$RAFOS_PEAK_OFFSET,1.5
$RAFOS_CORR_THRESH,60
$RAFOS_HIT_WINDOW,3600
$PITCH_MIN,255
$PITCH_MAX,3935
$C_PITCH,3053
$PITCH_DBAND,0.0099999998
$PITCH_CNV,0.003125763
$P_OVSHOOT,0.039999999
$PITCH_GAIN,30
$PITCH_TIMEOUT,17
$PITCH_AD_RATE,160
$PITCH_MAXERRORS,1
$PITCH_ADJ_GAIN,0.02
$PITCH_ADJ_DBAND,2.5
$ROLL_MIN,171
$ROLL_MAX,3723
$ROLL_DEG,40
$C_ROLL_DIVE,2033
$C_ROLL_CLIMB,1891
$HEAD_ERRBAND,10
$ROLL_CNV,0.028270001
$ROLL_TIMEOUT,15
$R_PORT_OVSHOOT,43
$R_STBD_OVSHOOT,62
$ROLL_AD_RATE,300
$ROLL_MAXERRORS,2
$ROLL_ADJ_GAIN,0
$ROLL_ADJ_DBAND,0
$VBD_MIN,465
$VBD_MAX,3960
$C_VBD,2140
$VBD_DBAND,2
$VBD_CNV,-0.25119999
$VBD_TIMEOUT,720
$PITCH_VBD_SHIFT,0.0012300001
$VBD_PUMP_AD_RATE_SURFACE,5
$VBD_PUMP_AD_RATE_APOGEE,4
$VBD_BLEED_AD_RATE,8
$UNCOM_BLEED,60
$VBD_MAXERRORS,1
$W_ADJ_DBAND,2
$DBDW,0
$PITCH_W_GAIN,0
$PITCH_W_DBAND,1
$CF8_MAXERRORS,5
$AH0_24V,145
$AH0_10V,95
$MINV_24V,19
$MINV_10V,8
$FG_AHR_10V,0
$FG_AHR_24V,0
$PHONE_SUPPLY,2
$PRESSURE_YINT,-33.008354
$PRESSURE_SLOPE,0.0001165895
$AD7714Ch0Gain,128
$TCM_PITCH_OFFSET,0
$TCM_ROLL_OFFSET,0
$COMPASS_USE,4
$ALTIM_BOTTOM_PING_RANGE,0
$ALTIM_TOP_PING_RANGE,20
$ALTIM_BOTTOM_TURN_MARGIN,25
$ALTIM_TOP_TURN_MARGIN,0
$ALTIM_TOP_MIN_OBSTACLE,1
$ALTIM_PING_DEPTH,120
$ALTIM_PING_DELTA,5
$ALTIM_FREQUENCY,13
$ALTIM_PULSE,3
$ALTIM_SENSITIVITY,3
$XPDR_VALID,5
$XPDR_INHIBIT,90
$INT_PRESSURE_SLOPE,0.0097660003
$INT_PRESSURE_YINT,-0.40000001
$DEEPGLIDER,0
$DEEPGLIDERMB,0
$MOTHERBOARD,4
$DEVICE1,2
$DEVICE2,20
$DEVICE3,-1
$DEVICE4,-1
$DEVICE5,-1
$DEVICE6,-1
$LOGGERS,7
$LOGGERDEVICE1,-1
$LOGGERDEVICE2,-1
$LOGGERDEVICE3,-1
$LOGGERDEVICE4,-1
$COMPASS_DEVICE,33
$COMPASS2_DEVICE,-1
$PHONE_DEVICE,49
$GPS_DEVICE,32
$RAFOS_DEVICE,-1
$XPDR_DEVICE,24
$SIM_W,0
$SIM_PITCH,0
$SEABIRD_T_G,0.0043275012
$SEABIRD_T_H,0.0006214368
$SEABIRD_T_I,2.2085376e-05
$SEABIRD_T_J,2.2233748e-06
$SEABIRD_C_G,-10.084761
$SEABIRD_C_H,1.1595923
$SEABIRD_C_I,-0.0010180317
$SEABIRD_C_J,0.00017345669
$GPS1,130625,063433,4747.471,-12225.346,11,1.1,39,18.2
$_CALLS,1
$_XMS_NAKs,0
$_XMS_TOUTs,0
$_SM_DEPTHo,-7.88
$_SM_ANGLEo,-70.2
$GPS2,130625,064005,4747.514,-12225.402,12,1.7,12,18.2
$SPEED_LIMITS,0.173,0.260
$TGT_NAME,NORTH_175
$TGT_LATLONG,4750.000,-12225.000
$TGT_RADIUS,200.000
$KALMAN_CONTROL,0.000,0.000
$KALMAN_X,0.0,0.0,0.0,0.0,0.0
$KALMAN_Y,0.0,0.0,0.0,0.0,0.0
$MHEAD_RNG_PITCHd_Wd,2.8,4631,-17.5,-10.000,-21.04,2225
$D_GRID,150
$GCHEAD,st_secs,pitch_ctl,vbd_ctl,pitch_ad_start,roll_ad_start,vbd_pot1_ad_start,vbd_pot2_ad_start,depth,ob_vertv,data_pts,end_secs,pitch_secs,roll_secs,vbd_secs,vbd_i,gcphase,pitch_i,roll_i,pitch_ad,roll_ad,vbd_ad,vbd_pot1_ad,vbd_pot2_ad,pitch_retries,pitch_errors,roll_retries,roll_errors,vbd_retries,vbd_errors,pitch_volts,roll_volts,vbd_volts
$STATE,13,end surface,CONTROL_FINISHED_OK
$STATE,13,begin dive
$GC,15,-0.76,-146.6,244,2052,1235,1032,0.0,0.0,0,79,0.00,0.00,-58.67,0.000,16390,0.000,0.000,244,2053,2726,2806,2646,0,0,0,0,0,0,28.83,28.83,26.46
$GC,82,-0.76,-146.6,244,2052,2807,2647,-4.2,-8.8,6,101,9.77,2.03,0.00,0.000,2308,0.214,0.031,2789,3419,2734,2820,2648,0,0,0,0,0,0,25.77,26.13,28.83
$GC,190,-0.66,-146.6,2788,3419,2829,2647,15.9,-13.5,16,200,0.12,2.00,0.00,0.000,3078,0.138,0.020,2831,1994,2738,2829,2647,0,0,0,0,0,0,26.03,26.27,28.83
$GC,230,-0.60,-146.6,2830,1993,2829,2646,21.0,-12.3,20,240,0.10,1.95,0.00,0.000,2564,0.168,0.034,2856,671,2737,2829,2646,0,0,0,0,0,0,26.17,26.24,28.83
$GC,360,-0.60,-146.6,2856,671,2830,2645,34.0,-9.9,32,369,0.00,1.92,0.00,0.000,3078,0.000,0.024,2856,2018,2737,2830,2645,0,0,0,0,0,0,28.83,26.36,28.83
$GC,399,-0.60,-146.6,2856,2018,2830,2645,37.7,-9.2,36,408,0.00,2.10,0.00,0.000,2308,0.000,0.038,2847,3428,2737,2830,2645,0,0,0,0,0,0,28.83,26.33,28.83
$GC,505,-0.60,-146.6,2847,3428,2830,2645,47.8,-9.3,46,515,0.00,1.95,0.00,0.000,3078,0.000,0.018,2848,2036,2737,2830,2645,0,0,0,0,0,0,28.83,26.45,28.83
$GC,545,-0.60,-146.6,2847,2035,2831,2645,51.5,-9.2,50,546,0.00,0.00,0.00,0.000,2054,0.000,0.000,2847,2035,2738,2831,2645,0,0,0,0,0,0,28.83,28.83,28.83
$GC,577,-0.60,-146.6,2847,2035,2831,2645,54.4,-9.1,53,586,0.00,2.00,0.00,0.000,2564,0.000,0.033,2847,656,2737,2831,2644,0,0,0,0,0,0,28.83,26.40,28.83
$GC,633,-0.60,-146.6,2847,656,2830,2644,59.8,-10.1,58,641,0.00,2.03,0.00,0.000,3078,0.000,0.022,2847,2031,2737,2830,2644,0,0,0,0,0,0,28.83,26.46,28.83
$GC,671,-0.60,-146.6,2847,2031,2831,2644,64.1,-10.3,62,672,0.00,0.00,0.00,0.000,2054,0.000,0.000,2847,2031,2737,2830,2644,0,0,0,0,0,0,28.83,28.83,28.83
$GC,701,-0.60,-146.6,2847,2031,2831,2644,67.2,-10.5,65,703,0.00,0.00,0.00,0.000,2054,0.000,0.000,2847,2031,2737,2831,2644,0,0,0,0,0,0,28.83,28.83,28.83
$GC,732,-0.60,-146.6,2846,2031,2830,2643,70.3,-10.4,68,733,0.00,0.00,0.00,0.000,2054,0.000,0.000,2847,2031,2737,2831,2644,0,0,0,0,0,0,28.83,28.83,28.83
$GC,761,-0.60,-146.6,2846,2031,2831,2644,73.6,-10.7,71,771,0.00,2.03,0.00,0.000,2564,0.000,0.033,2847,654,2737,2831,2644,0,0,0,0,0,0,28.83,26.44,28.83
$GC,861,-0.60,-146.6,2847,653,2831,2644,84.5,-10.8,80,868,0.00,2.03,0.00,0.000,3078,0.000,0.022,2847,2034,2737,2831,2644,0,0,0,0,0,0,28.83,26.51,28.83
$GC,901,-0.60,-146.6,2847,2034,2830,2644,88.9,-10.9,84,908,0.00,0.00,0.00,0.000,2054,0.000,0.000,2847,2034,2737,2831,2644,0,0,0,0,0,0,28.83,28.83,28.83
$GC,939,-0.60,-146.6,2846,2034,2831,2644,93.1,-10.3,88,940,0.00,0.00,0.00,0.000,2054,0.000,0.000,2847,2034,2737,2830,2644,0,0,0,0,0,0,28.83,28.83,28.83
$GC,969,-0.60,-146.6,2847,2034,2831,2644,96.0,-9.9,91,979,0.00,2.08,0.00,0.000,2308,0.000,0.037,2847,3429,2737,2830,2644,0,0,0,0,0,0,28.83,26.47,28.83
$GC,1045,-0.60,-146.6,2847,3429,2831,2644,103.3,-9.4,98,1054,0.00,1.92,0.00,0.000,3078,0.000,0.018,2847,2033,2737,2831,2644,0,0,0,0,0,0,28.83,26.57,28.83
$GC,1085,-0.60,-146.6,2846,2032,2831,2644,106.8,-8.8,102,1094,0.00,2.00,0.00,0.000,2564,0.000,0.033,2847,659,2736,2830,2643,0,0,0,0,0,0,28.83,26.49,28.83
$GC,1152,-0.60,-146.6,2847,658,2830,2643,112.8,-9.1,108,1160,0.00,2.03,0.00,0.000,3078,0.000,0.022,2846,2038,2737,2831,2644,0,0,0,0,0,0,28.83,26.55,28.83
$GC,1191,-0.60,-146.6,2847,2038,2831,2643,116.1,-8.1,112,1193,0.00,0.00,0.00,0.000,2054,0.000,0.000,2847,2038,2737,2831,2643,0,0,0,0,0,0,28.83,28.83,28.83
$GC,1222,-0.60,-146.6,2847,2038,2831,2643,118.4,-7.6,115,1230,0.00,0.00,0.00,0.000,2054,0.000,0.000,2847,2038,2737,2831,2643,0,0,0,0,0,0,28.83,28.83,28.83
$GC,1261,-0.60,-146.6,1896,2036,2786,2636,121.1,-6.9,119,1262,0.00,0.00,0.00,0.000,2054,0.000,0.000,2847,2038,2737,2831,2643,0,0,0,0,0,0,28.83,28.83,28.83
$GC,1291,-0.60,-146.6,2846,2038,2831,2643,123.2,-6.8,122,1295,0.00,2.08,0.00,0.000,2308,0.000,0.038,2847,3432,2737,2831,2643,0,0,0,0,0,0,28.83,26.49,28.83
$GC,1335,-0.60,-146.6,2847,3432,2831,2644,126.1,-6.5,126,1344,0.00,1.92,0.00,0.000,3078,0.000,0.018,2847,2033,2736,2830,2643,0,0,0,0,0,0,28.83,26.60,28.83
$GC,1375,-0.60,-146.6,2847,2033,2830,2643,128.7,-6.5,130,1384,0.00,2.00,0.00,0.000,2564,0.000,0.033,2846,663,2736,2830,2643,0,0,0,0,0,0,28.83,26.51,28.83
$GC,1443,-0.60,-146.6,2847,663,2831,2643,133.1,-6.9,136,1451,0.00,2.00,0.00,0.000,3078,0.000,0.023,2847,2032,2737,2831,2643,0,0,0,0,0,0,28.83,26.57,28.83
$GC,1484,-0.60,-146.6,2846,2032,2831,2643,135.8,-6.5,140,1490,0.00,0.00,0.00,0.000,2054,0.000,0.000,2847,2032,2737,2831,2643,0,0,0,0,0,0,28.83,28.83,28.83
$GC,1522,-0.60,-146.6,2847,2032,2830,2643,138.3,-6.3,144,1523,0.00,0.00,0.00,0.000,2054,0.000,0.000,2847,2032,2736,2830,2643,0,0,0,0,0,0,28.83,28.83,28.83
$GC,1552,-0.60,-146.6,2846,2032,2831,2643,140.2,-6.3,147,1562,0.00,2.05,0.00,0.000,2308,0.000,0.037,2847,3425,2737,2831,2643,0,0,0,0,0,0,28.83,26.51,28.83
$GC,1618,-0.60,-146.6,2846,3425,2831,2643,144.9,-7.4,153,1627,0.00,1.92,0.00,0.000,3078,0.000,0.018,2847,2024,2737,2831,2643,0,0,0,0,0,0,28.83,26.61,28.83
$GC,1657,-0.60,-146.6,2846,2024,2830,2643,147.8,-7.2,157,1659,0.00,0.00,0.00,0.000,2054,0.000,0.000,2847,2024,2737,2831,2643,0,0,0,0,0,0,28.83,28.83,28.83
$GC,1689,-0.60,-146.6,2846,2024,2831,2643,149.7,-6.5,160,1699,0.00,2.08,0.00,0.000,2308,0.000,0.037,2847,3424,2737,2831,2643,0,0,0,0,0,0,28.83,26.52,28.83
$STATE,1702,end dive,TARGET_DEPTH_EXCEEDED
$STATE,1702,begin apogee
$GC,1709,-0.27,0.0,2847,1892,2831,2643,150.7,-7.0,161,1833,0.35,0.00,119.62,0.590,10246,0.122,0.000,2962,1889,2140,2225,2055,0,0,0,0,0,0,26.33,28.83,24.96
$STATE,1835,end apogee,CONTROL_FINISHED_OK
$STATE,1835,begin climb
$GC,1837,0.76,146.6,2962,1889,2224,2053,154.2,0.0,174,1956,0.98,2.17,111.95,0.567,10500,0.091,0.032,3292,3289,1555,1675,1435,0,0,0,0,0,0,25.48,25.40,24.87
$GC,1991,0.68,146.6,3291,3289,1674,1430,136.8,15.2,189,2001,0.08,2.08,0.00,0.000,5126,0.148,0.019,3278,1866,1551,1674,1429,0,0,0,0,0,0,25.56,25.74,28.83
$GC,2031,0.61,146.6,3278,1864,1674,1427,130.8,15.2,193,2033,0.10,0.00,0.00,0.000,4102,0.168,0.000,3254,1864,1550,1674,1427,0,0,0,0,0,0,25.75,28.83,28.83
$GC,2062,0.61,146.6,3254,1864,1675,1426,126.7,13.7,196,2063,0.00,0.00,0.00,0.000,4102,0.000,0.000,3254,1864,1550,1674,1426,0,0,0,0,0,0,28.83,28.83,28.83
$GC,2091,0.61,146.6,3254,1864,1674,1425,123.1,12.1,199,2093,0.00,0.00,0.00,0.000,4102,0.000,0.000,3254,1864,1549,1674,1425,0,0,0,0,0,0,28.83,28.83,28.83
$GC,2121,0.61,146.6,3253,1864,1674,1425,119.6,11.6,202,2122,0.00,0.00,0.00,0.000,4102,0.000,0.000,3254,1864,1549,1674,1425,0,0,0,0,0,0,28.83,28.83,28.83
$GC,2151,0.61,146.6,3253,1864,1674,1424,116.2,11.5,205,2152,0.00,0.00,0.00,0.000,4102,0.000,0.000,3254,1864,1549,1675,1424,0,0,0,0,0,0,28.83,28.83,28.83
$GC,2182,0.61,146.6,3253,1864,1674,1424,112.8,11.4,208,2191,0.00,2.10,0.00,0.000,4356,0.000,0.031,3253,3282,1549,1674,1424,0,0,0,0,0,0,28.83,26.11,28.83
$GC,2205,0.61,146.6,3253,3283,1674,1424,110.0,11.6,210,2208,0.00,2.03,0.00,0.000,5126,0.000,0.021,3254,1893,1548,1674,1423,0,0,0,0,0,0,28.83,26.17,28.83
$GC,2247,0.61,146.6,3254,1892,1674,1423,104.7,12.4,214,2248,0.00,0.00,0.00,0.000,4102,0.000,0.000,3254,1892,1548,1674,1423,0,0,0,0,0,0,28.83,28.83,28.83
$GC,2277,0.61,146.6,3254,1892,1674,1423,100.9,12.5,217,2278,0.00,0.00,0.00,0.000,4102,0.000,0.000,3253,1892,1548,1674,1423,0,0,0,0,0,0,28.83,28.83,28.83
$GC,2307,0.61,146.6,3253,1892,1674,1423,97.4,12.0,220,2308,0.00,0.00,0.00,0.000,4102,0.000,0.000,3254,1892,1548,1674,1423,0,0,0,0,0,0,28.83,28.83,28.83
$GC,2337,0.61,146.6,3253,1892,1674,1423,93.9,11.8,223,2338,0.00,0.00,0.00,0.000,4102,0.000,0.000,3254,1892,1548,1674,1423,0,0,0,0,0,0,28.83,28.83,28.83
$GC,2367,0.61,146.6,3253,1891,1674,1423,90.6,11.0,226,2368,0.00,0.00,0.00,0.000,4102,0.000,0.000,3254,1891,1548,1674,1423,0,0,0,0,0,0,28.83,28.83,28.83
$GC,2397,0.61,146.6,3253,1891,1674,1423,87.4,10.7,229,2406,0.00,2.10,0.00,0.000,4356,0.000,0.032,3253,3304,1548,1674,1423,0,0,0,0,0,0,28.83,26.28,28.83
$GC,2419,0.61,146.6,3253,3304,1674,1423,85.1,10.2,231,2423,0.00,2.05,0.00,0.000,5126,0.000,0.020,3254,1879,1549,1675,1423,0,0,0,0,0,0,28.83,26.34,28.83
$GC,2462,0.61,146.6,3253,1878,1674,1423,80.6,10.5,235,2463,0.00,0.00,0.00,0.000,4102,0.000,0.000,3254,1878,1548,1674,1422,0,0,0,0,0,0,28.83,28.83,28.83
$GC,2492,0.61,146.6,3253,1878,1674,1422,77.7,9.7,238,2493,0.00,0.00,0.00,0.000,4102,0.000,0.000,3254,1879,1548,1674,1422,0,0,0,0,0,0,28.83,28.83,28.83
$GC,2521,0.61,146.6,3253,1878,1674,1422,74.9,9.4,241,2531,0.00,2.08,0.00,0.000,4612,0.000,0.041,3254,516,1548,1674,1422,0,0,0,0,0,0,28.83,26.31,28.83
$GC,2546,0.61,146.6,3253,516,1673,1423,72.6,9.8,243,2555,0.00,2.03,0.00,0.000,5126,0.000,0.019,3253,1904,1548,1674,1422,0,0,0,0,0,0,28.83,26.40,28.83
$GC,2586,0.61,146.6,3253,1905,1673,1423,68.4,10.4,247,2594,0.00,0.00,0.00,0.000,4102,0.000,0.000,3253,1905,1548,1673,1423,0,0,0,0,0,0,28.83,28.83,28.83
$GC,2625,0.61,146.6,3253,1905,1673,1422,64.4,10.2,251,2626,0.00,0.00,0.00,0.000,4102,0.000,0.000,3254,1905,1548,1674,1422,0,0,0,0,0,0,28.83,28.83,28.83
$GC,2655,0.61,146.6,3253,1905,1673,1422,61.4,9.9,254,2656,0.00,0.00,0.00,0.000,4102,0.000,0.000,3253,1905,1547,1673,1422,0,0,0,0,0,0,28.83,28.83,28.83
$GC,2685,0.61,146.6,3253,1905,1673,1423,58.5,9.7,257,2686,0.00,0.00,0.00,0.000,4102,0.000,0.000,3253,1906,1548,1674,1422,0,0,0,0,0,0,28.83,28.83,28.83
$GC,2715,0.61,146.6,3253,1905,1673,1422,55.5,9.9,260,2725,0.00,2.03,0.00,0.000,4356,0.000,0.033,3253,3288,1547,1673,1422,0,0,0,0,0,0,28.83,26.41,28.83
$GC,2738,0.61,146.6,3253,3289,1673,1422,53.1,10.6,262,2747,0.00,2.00,0.00,0.000,5126,0.000,0.021,3253,1887,1548,1673,1423,0,0,0,0,0,0,28.83,26.46,28.83
$GC,2778,0.61,146.6,3253,1887,1673,1421,48.8,10.7,266,2780,0.00,0.00,0.00,0.000,4102,0.000,0.000,3253,1887,1547,1673,1422,0,0,0,0,0,0,28.83,28.83,28.83
$GC,2808,0.61,146.6,3253,1886,1673,1422,45.5,11.0,269,2809,0.00,0.00,0.00,0.000,4102,0.000,0.000,3254,1886,1547,1673,1422,0,0,0,0,0,0,28.83,28.83,28.83
$GC,2839,0.61,146.6,3253,1885,1673,1422,42.2,11.0,272,2840,0.00,0.00,0.00,0.000,4102,0.000,0.000,3254,1885,1547,1673,1422,0,0,0,0,0,0,28.83,28.83,28.83
$GC,2868,0.61,146.6,3253,1886,1673,1422,38.6,11.7,275,2878,0.00,2.05,0.00,0.000,4356,0.000,0.032,3253,3287,1547,1673,1422,0,0,0,0,0,0,28.83,26.44,28.83
$GC,2902,0.61,146.6,3253,3287,1673,1422,33.9,13.5,278,2912,0.00,1.98,0.00,0.000,5126,0.000,0.020,3253,1890,1547,1673,1422,0,0,0,0,0,0,28.83,26.50,28.83
$GC,2942,0.61,146.6,3253,1889,1673,1422,27.4,16.1,282,2943,0.00,0.00,0.00,0.000,4102,0.000,0.000,3253,1889,1547,1673,1422,0,0,0,0,0,0,28.83,28.83,28.83
$GC,2972,0.61,146.6,3253,1888,1673,1422,22.9,15.1,285,2981,0.00,2.08,0.00,0.000,4612,0.000,0.039,3254,511,1547,1673,1422,0,0,0,0,0,0,28.83,26.44,28.83
$GC,2986,0.61,146.6,3253,511,1673,1422,21.8,14.6,286,2994,0.00,2.00,0.00,0.000,5126,0.000,0.019,3254,1886,1547,1673,1422,0,0,0,0,0,0,28.83,26.51,28.83
$GC,3025,0.61,146.6,3253,1888,1673,1422,16.0,13.4,290,3026,0.00,0.00,0.00,0.000,4102,0.000,0.000,3254,1888,1547,1672,1422,0,0,0,0,0,0,28.83,28.83,28.83
$GC,3055,0.61,146.6,3253,1888,1673,1422,12.0,13.0,293,3056,0.00,0.00,0.00,0.000,4102,0.000,0.000,3253,1888,1547,1673,1422,0,0,0,0,0,0,28.83,28.83,28.83
$GC,3087,0.61,146.6,3253,1888,1673,1422,8.5,12.0,296,3093,0.00,0.00,0.00,0.000,4102,0.000,0.000,3254,1888,1547,1673,1422,0,0,0,0,0,0,28.83,28.83,28.83
$GC,3125,0.61,146.6,3253,1888,1673,1422,4.1,11.1,300,3126,0.00,0.00,0.00,0.000,4102,0.000,0.000,3253,1888,1546,1672,1421,0,0,0,0,0,0,28.83,28.83,28.83
$STATE,3143,end climb,SURFACE_DEPTH_REACHED
$STATE,3143,begin surface coast
$FINISH,0.1,1.022445
$STATE,3165,end surface coast,CONTROL_FINISHED_OK
$STATE,3165,begin surface
$SM_CCo,3182,83.20,0.448,1,0,1144,250.20
$SM_GC,-7.83,8.27,0.17,83.20,0.065,0.060,0.448,243,2097,1144,-8.71,-1.58,250.20,0,0,0,0,1,0,26.47,26.58,25.26
$IRIDIUM_FIX,4726.11,-12226.80,090418,191917
$TT8_MAMPS,0.027713,0.027713
$HUMID,40.74
$INTERNAL_PRESSURE,8.45776
$TCM_TEMP,19.50
$XPDR_PINGS,4
$ALTIM_TOP_PING,18.6,8.8
$ALTIM_BOTTOM_PING,120.5,75.3
$24V_AH,24.9,22.347
$10V_AH,10.6,9.940
$FG_AHR_24Vo,0.000
$FG_AHR_10Vo,0.000
$DEVICES,Pitch_motor,Roll_motor,VBD_pump_during_apogee,VBD_pump_during_surface,VBD_valve,Iridium_during_init,Iridium_during_connect,Iridium_during_xfer,Transponder_ping,GUMSTIX_24V,GPS,TT8,LPSleep,TT8_Active,TT8_Sampling,TT8_CF8,TT8_Kalman,Analog_circuits,GPS_charging,Compass,RAFOS,Transponder,Compass2
$DEVICE_SECS,19.775,73.300,231.575,83.200,0.000,24.824,16.457,183.041,1.750,0.000,15.364,886.125,910.347,455.657,1211.803,156.286,0.000,1015.318,0.000,631.205,0.000,7.250,0.000
$DEVICE_MAMPS,214.200,143.820,589.815,447.525,0.000,43.600,160.000,223.000,420.000,0.000,28.460,13.960,2.190,13.960,37.930,44.670,0.000,16.000,0.000,15.730,0.000,30.000,0.000
$SENSORS,SBE_CT,SBE_O2,nil,nil,nil,nil,nil,nil,nil,nil
$SENSOR_SECS,202.573,765.399,0.000,0.000,0.000,0.000,0.000,0.000,0.000,0.000
$SENSOR_MAMPS,23.220,4.490,0.000,0.000,0.000,0.000,0.000,0.000,0.000,0.000
$MEM,354976
$DATA_FILE_SIZE,13515,304
$CAP_FILE_SIZE,92796,0
$CFSIZE,260165632,242671616
$ERRORS,0,0,0,0,0,0,0,0,0,0,0,0,0,1,0,0
$CURRENT,0.153,333.2,1
$GPS,130625,073552,4748.161,-12225.363,8,1.9,8,18.2
