version: 66.14
glider: 195
mission: 21
dive: 681
start: 10 3 105 14 27 41
data:
$ID,195
$MISSION,21
$DIVE,681
$N_DIVES,0
$STOP_T,0
$D_SURF,3
$D_FLARE,2
$D_TGT,990
$D_ABORT,1090
$D_NO_BLEED,50
$D_BOOST,3
$T_BOOST,0
$D_FINISH,0
$D_PITCH,0
$D_SAFE,0
$D_CALL,0
$SURFACE_URGENCY,0
$SURFACE_URGENCY_TRY,0
$SURFACE_URGENCY_FORCE,0
$T_DIVE,330
$T_MISSION,600
$T_ABORT,1440
$T_TURN,300
$T_TURN_SAMPINT,5
$T_NO_W,120
$T_LOITER,0
$T_SLOITER,60
$T_EPIRB,0
$USE_BATHY,0
$USE_ICE,0
$ICE_FREEZE_MARGIN,0.30000001
$D_OFFGRID,990
$T_WATCHDOG,10
$RELAUNCH,1
$APOGEE_PITCH,-8
$MAX_BUOY,150
$COURSE_BIAS,0
$GLIDE_SLOPE,30
$SPEED_FACTOR,1
$RHO,1.023
$MASS,54002
$MASS_COMP,0
$NAV_MODE,2
$FERRY_MAX,45
$KALMAN_USE,2
$HD_A,0.0038000001
$HD_B,0.0099999998
$HD_C,9.8500004e-06
$HEADING,-1
$ESCAPE_HEADING,0
$ESCAPE_HEADING_DELTA,10
$FIX_MISSING_TIMEOUT,0
$TGT_DEFAULT_LAT,4736
$TGT_DEFAULT_LON,-12225
$TGT_AUTO_DEFAULT,0
$SM_CC,300
$N_FILEKB,4
$FILEMGR,0
$CALL_NDIVES,1
$COMM_SEQ,0
$PROTOCOL,9
$N_NOCOMM,1
$NOCOMM_ACTION,0
$N_NOSURFACE,0
$UPLOAD_DIVES_MAX,-1
$CALL_TRIES,5
$CALL_WAIT,60
$CAPUPLOAD,0
$CAPMAXSIZE,200000
$HEAPDBG,0
$T_GPS,15
$N_GPS,50840
$T_RSLEEP,2
$STROBE,0
$RAFOS_PEAK_OFFSET,1.5
$RAFOS_CORR_THRESH,60
$RAFOS_HIT_WINDOW,3600
$RAFOS_MMODEM,0
$PITCH_MIN,207
$PITCH_MAX,3915
$C_PITCH,2884
$PITCH_DBAND,0.1
$PITCH_CNV,0.003125763
$P_OVSHOOT,0.039999999
$P_OVSHOOT_WITHG,0.079999998
$PITCH_GAIN,19.15
$PITCH_TIMEOUT,17
$PITCH_AD_RATE,160
$PITCH_MAXERRORS,1
$PITCH_ADJ_GAIN,0.02
$PITCH_ADJ_DBAND,2.5
$ROLL_MIN,224
$ROLL_MAX,3758
$ROLL_DEG,40
$C_ROLL_DIVE,1800
$C_ROLL_CLIMB,2250
$HEAD_ERRBAND,10
$ROLL_CNV,0.028270001
$ROLL_TIMEOUT,15
$R_PORT_OVSHOOT,51
$R_STBD_OVSHOOT,49
$ROLL_AD_RATE,350
$ROLL_MAXERRORS,2
$ROLL_ADJ_GAIN,0
$ROLL_ADJ_DBAND,0
$VBD_MIN,500
$VBD_MAX,3960
$C_VBD,2806
$VBD_DBAND,2
$VBD_CNV,-0.24529999
$VBD_LP_IGNORE,0
$VBD_TIMEOUT,720
$PITCH_VBD_SHIFT,0.001
$VBD_PUMP_AD_RATE_SURFACE,5
$VBD_PUMP_AD_RATE_APOGEE,4
$VBD_BLEED_AD_RATE,8
$UNCOM_BLEED,60
$VBD_MAXERRORS,1
$W_ADJ_DBAND,0
$DBDW,0
$PITCH_W_GAIN,0
$PITCH_W_DBAND,0
$CF8_MAXERRORS,5
$AH0_24V,150
$AH0_10V,97
$MINV_24V,19
$MINV_10V,8
$MAXI_24V,0.80000001
$MAXI_10V,0.60000002
$FG_AHR_10V,0
$FG_AHR_24V,0
$PHONE_SUPPLY,-2
$PRESSURE_YINT,-49.397121
$PRESSURE_SLOPE,0.0001168043
$AD7714Ch0Gain,128
$TCM_PITCH_OFFSET,0
$TCM_ROLL_OFFSET,0
$COMPASS_USE,4
$ALTIM_BOTTOM_PING_RANGE,0
$ALTIM_TOP_PING_RANGE,20
$ALTIM_BOTTOM_TURN_MARGIN,0
$ALTIM_TOP_TURN_MARGIN,0
$ALTIM_TOP_MIN_OBSTACLE,1
$ALTIM_PING_DEPTH,0
$ALTIM_PING_DELTA,0
$ALTIM_FREQUENCY,13
$ALTIM_PULSE,3
$ALTIM_SENSITIVITY,3
$XPDR_VALID,5
$XPDR_INHIBIT,90
$INT_PRESSURE_SLOPE,0.0097660003
$INT_PRESSURE_YINT,-0.77999997
$DEEPGLIDER,0
$MOTHERBOARD,4
$DEVICE1,2
$DEVICE2,115
$DEVICE3,101
$DEVICE4,-1
$DEVICE5,-1
$DEVICE6,-1
$LOGGERS,0
$LOGGERDEVICE1,-1
$LOGGERDEVICE2,-1
$LOGGERDEVICE3,-1
$LOGGERDEVICE4,-1
$COMPASS_DEVICE,33
$COMPASS2_DEVICE,-1
$PHONE_DEVICE,49
$GPS_DEVICE,32
$RAFOS_DEVICE,-1
$XPDR_DEVICE,24
$SIM_W,0
$SIM_PITCH,0
$SEABIRD_T_G,0.0044178674
$SEABIRD_T_H,0.00064818078
$SEABIRD_T_I,2.6779007e-05
$SEABIRD_T_J,3.3667231e-06
$SEABIRD_C_G,-10.098215
$SEABIRD_C_H,1.1454017
$SEABIRD_C_I,-0.0021276253
$SEABIRD_C_J,0.00025532115
$SEABIRD_C_Z,2974.52
$GPS1,031005,141929,941.6607,-14355.4785,41,0.9,62,9.3,0.9,237.8,8,4.4
$_CALLS,1
$_XMS_NAKs,0
$_XMS_TOUTs,0
$_SM_DEPTHo,0.14
$_SM_ANGLEo,-54.5
$GPS2,031005,142701,941.6730,-14355.5049,7,0.9,26,9.3,0.8,339.4,8,4.8
$SPEED_LIMITS,0.173,0.262
$TGT_NAME,TX2
$TGT_LATLONG,1145.000,-14800.000
$TGT_RADIUS,10000.000
$KALMAN_CONTROL,0.000000,0.000000
$KALMAN_X,0.000000,0.000000,0.000000,0.000000,0.000000
$KALMAN_Y,0.000000,0.000000,0.000000,0.000000,0.000000
$MHEAD_RNG_PITCHd_Wd,255.4,498695,-18.1,-10.000,-20.93,2235
$D_GRID,990
$GCHEAD,st_secs,pitch_ctl,vbd_ctl,pitch_ad_start,roll_ad_start,vbd_pot1_ad_start,vbd_pot2_ad_start,depth,ob_vertv,data_pts,end_secs,pitch_secs,roll_secs,vbd_secs,vbd_i,gcphase,pitch_i,roll_i,pitch_ad,roll_ad,vbd_ad,vbd_pot1_ad,vbd_pot2_ad,pitch_retries,pitch_errors,roll_retries,roll_errors,vbd_retries,vbd_errors,pitch_volts,roll_volts,vbd_volts,int_press,humidity
$STATE,6,end surface,CONTROL_FINISHED_OK
$STATE,6,begin dive
$GC,74,-1.09,-146.6,142,1795,872,727,0.0,0.1,6,154,0.00,0.00,-77.88,0.000,16386,0.000,0.000,138,1795,2816,2834,2799,0,0,0,0,0,0,26.14,28.83,26.15,8.80,55.74
$GC,159,-1.09,-146.6,138,1796,2836,2799,2.6,-4.5,14,188,9.15,2.28,-13.45,0.000,19204,0.197,0.047,2513,3195,3407,3429,3386,0,0,0,0,0,0,24.85,23.30,25.03,9.01,55.19
$GC,346,-0.98,-146.6,2513,3195,3433,3385,35.3,-15.7,32,351,0.12,2.12,0.00,0.000,3078,0.122,0.021,2567,1785,3409,3433,3386,0,0,0,0,0,0,24.92,25.52,25.03,9.08,56.30
$GC,553,-0.92,-146.6,2566,1785,3434,3386,61.0,-12.7,48,558,0.00,2.17,0.00,0.000,516,0.000,0.035,2567,423,3409,3434,3385,0,0,0,0,0,0,26.17,25.10,26.17,9.10,55.63
$GC,605,-0.85,-146.6,2566,424,3434,3386,66.7,-12.3,50,611,0.15,2.08,0.00,0.000,3078,0.132,0.022,2605,1815,3410,3434,3386,0,0,0,0,0,0,24.98,25.50,25.08,9.10,55.78
$GC,801,-0.85,-146.6,2604,1815,3437,3386,83.4,-5.6,60,808,0.00,2.20,0.00,0.000,516,0.000,0.034,2605,421,3411,3437,3386,0,0,0,0,0,0,26.18,25.10,26.18,9.12,55.82
$GC,831,-0.85,-146.6,2604,421,3437,3385,85.1,-6.3,61,835,0.00,2.05,0.00,0.000,1030,0.000,0.022,2598,1798,3411,3437,3385,0,0,0,0,0,0,25.56,25.50,25.58,9.12,55.63
$GC,1025,-0.85,-146.6,2598,1798,3441,3386,97.4,-5.8,71,1030,0.00,2.17,0.00,0.000,260,0.000,0.035,2587,3189,3413,3441,3386,0,0,0,0,0,0,26.19,25.11,26.20,9.11,55.11
$GC,1210,-0.85,-146.6,2587,3189,3442,3386,111.3,-7.2,80,1215,0.00,2.12,0.00,0.000,1030,0.000,0.028,2588,1805,3414,3443,3385,0,0,0,0,0,0,25.39,25.37,25.42,9.10,54.64
$GC,1415,-0.85,-146.6,2587,1805,3444,3386,125.6,-6.3,90,1419,0.00,2.20,0.00,0.000,516,0.000,0.036,2587,410,3415,3444,3386,0,0,0,0,0,0,26.20,25.10,26.21,9.09,54.96
$GC,1462,-0.85,-146.6,2587,408,3444,3386,128.3,-6.1,92,1468,0.10,2.10,0.00,0.000,3078,0.138,0.024,2608,1802,3415,3444,3386,0,0,0,0,0,0,25.13,25.46,25.21,9.08,55.11
$GC,1658,-0.85,-146.6,2607,1803,3446,3386,138.1,-4.5,102,1664,0.00,2.25,0.00,0.000,260,0.000,0.044,2600,3207,3415,3446,3385,0,0,0,0,0,0,26.22,24.98,26.22,9.07,54.88
$GC,1829,-0.85,-146.6,2599,3207,3446,3387,145.3,-4.6,110,1833,0.00,2.08,0.00,0.000,1030,0.000,0.021,2600,1787,3416,3446,3387,0,0,0,0,0,0,25.61,25.56,25.64,9.05,55.00
$GC,2023,-0.85,-146.6,2599,1787,3447,3387,156.1,-5.2,120,2024,0.00,0.00,0.00,0.000,6,0.000,0.000,2600,1787,3417,3447,3387,0,0,0,0,0,0,26.22,26.24,26.23,9.04,55.98
$GC,2203,-0.85,-146.6,2599,1787,3447,3388,165.8,-5.6,129,2204,0.00,0.00,0.00,0.000,6,0.000,0.000,2600,1787,3417,3447,3387,0,0,0,0,0,0,26.23,26.25,26.24,9.03,55.90
$GC,2383,-0.85,-146.6,2599,1787,3448,3388,177.3,-6.8,138,2388,0.00,2.28,0.00,0.000,260,0.000,0.037,2590,3200,3418,3448,3388,0,0,0,0,0,0,26.23,25.11,26.25,9.02,56.53
$GC,2436,-0.85,-146.6,2589,3200,3448,3388,180.5,-7.1,140,2440,0.00,2.05,0.00,0.000,1030,0.000,0.021,2590,1800,3418,3448,3388,0,0,0,0,0,0,25.63,25.58,25.65,9.02,56.18
$GC,2630,-0.85,-146.6,2589,1800,3448,3388,194.1,-6.6,150,2634,0.00,2.15,0.00,0.000,516,0.000,0.035,2589,428,3418,3448,3388,0,0,0,0,0,0,26.24,25.11,26.25,9.01,57.12
$GC,2708,-0.85,-146.6,2589,427,3448,3388,198.5,-6.7,153,2716,0.00,2.05,0.00,0.000,1030,0.000,0.021,2582,1812,3417,3447,3388,0,0,0,0,0,0,25.61,25.56,25.64,9.00,56.65
$GC,2895,-0.85,-146.6,2581,1812,3448,3388,210.9,-6.2,159,2896,0.00,0.00,0.00,0.000,6,0.000,0.000,2581,1812,3418,3448,3388,0,0,0,0,0,0,26.25,26.25,26.25,9.00,57.36
$GC,3095,-0.85,-146.6,2581,1812,3448,3388,224.1,-6.7,164,3096,0.00,0.00,0.00,0.000,6,0.000,0.000,2581,1812,3418,3448,3388,0,0,0,0,0,0,26.25,26.26,26.25,8.99,57.75
$GC,3297,-0.85,-146.6,2581,1812,3448,3388,238.1,-6.9,169,3298,0.00,0.00,0.00,0.000,6,0.000,0.000,2582,1812,3418,3448,3388,0,0,0,0,0,0,26.25,26.26,26.26,8.97,58.15
$GC,3495,-0.85,-146.6,2581,1812,3448,3387,252.3,-7.1,174,3499,0.00,2.17,0.00,0.000,260,0.000,0.037,2571,3192,3418,3448,3388,0,0,0,0,0,0,26.25,25.11,26.26,8.96,58.74
$GC,3547,-0.85,-146.6,2570,3191,3447,3387,255.4,-7.1,175,3555,0.12,2.05,0.00,0.000,3078,0.125,0.021,2611,1796,3417,3447,3388,0,0,0,0,0,0,25.18,25.56,25.25,8.97,58.89
$GC,3741,-0.92,-146.6,2610,1797,3447,3387,268.3,-6.4,180,3745,0.00,2.17,0.00,0.000,516,0.000,0.037,2610,417,3417,3448,3387,0,0,0,0,0,0,26.25,25.08,26.27,8.96,59.64
$GC,3785,-0.99,-146.6,2610,416,3447,3388,270.8,-6.1,181,3792,0.05,2.08,0.00,0.000,5126,0.127,0.023,2528,1806,3417,3447,3388,0,0,0,0,0,0,25.46,25.55,25.51,8.95,59.56
$GC,3988,-0.99,-146.6,2528,1806,3447,3387,282.3,-5.6,186,3995,0.12,2.20,0.00,0.000,2308,0.129,0.037,2559,3193,3417,3447,3387,0,0,0,0,0,0,25.70,25.08,25.72,8.95,59.21
$GC,4091,-0.99,-146.6,2559,3193,3446,3387,286.5,-5.2,188,4095,0.00,2.10,0.00,0.000,1030,0.000,0.022,2559,1802,3416,3446,3387,0,0,0,0,0,0,25.59,25.57,25.61,8.94,59.09
$GC,4315,-0.99,-146.6,2559,1803,3445,3387,301.8,-6.6,194,4319,0.00,2.17,0.00,0.000,516,0.000,0.036,2559,423,3416,3445,3387,0,0,0,0,0,0,26.26,25.09,26.27,8.93,59.52
$GC,4373,-0.99,-146.6,2559,423,3445,3388,305.1,-7.0,195,4377,0.00,2.08,0.00,0.000,1030,0.000,0.023,2550,1809,3416,3445,3387,0,0,0,0,0,0,25.60,25.54,25.63,8.93,59.68
$GC,4562,-0.99,-146.6,2550,1809,3444,3387,320.3,-7.5,200,4566,0.00,2.20,0.00,0.000,260,0.000,0.037,2539,3182,3415,3444,3387,0,0,0,0,0,0,26.27,25.12,26.27,8.92,59.88
$GC,4654,-0.99,-146.6,2539,3182,3443,3387,326.9,-7.7,202,4659,0.00,2.08,0.00,0.000,1030,0.000,0.022,2540,1801,3415,3443,3387,0,0,0,0,0,0,25.59,25.56,25.60,8.93,60.04
$GC,4849,-0.99,-146.6,2539,1801,3443,3387,343.6,-8.4,207,4850,0.00,0.00,0.00,0.000,6,0.000,0.000,2540,1801,3415,3443,3387,0,0,0,0,0,0,26.27,26.27,26.27,8.91,60.39
$GC,5049,-0.99,-146.6,2538,1801,3442,3387,360.7,-8.5,212,5053,0.00,2.20,0.00,0.000,260,0.000,0.037,2530,3189,3414,3442,3387,0,0,0,0,0,0,26.27,25.10,26.27,8.91,60.55
$GC,5101,-0.99,-146.6,2529,3189,3442,3387,364.3,-8.5,213,5109,0.12,2.08,0.00,0.000,3078,0.132,0.022,2569,1788,3414,3441,3387,0,0,0,0,0,0,25.15,25.56,25.22,8.91,60.39
$GC,5293,-0.99,-146.6,2569,1789,3441,3387,379.4,-7.5,218,5297,0.00,2.20,0.00,0.000,516,0.000,0.037,2569,429,3413,3440,3387,0,0,0,0,0,0,26.27,25.08,26.27,8.90,60.75
$GC,5325,-0.99,-146.6,2568,429,3440,3387,379.4,-7.5,218,5329,0.00,2.05,0.00,0.000,1030,0.000,0.023,2562,1800,3413,3440,3387,0,0,0,0,0,0,25.60,25.53,25.63,8.90,60.55
$GC,5539,-0.99,-146.6,2561,1800,3438,3387,397.1,-7.1,224,5544,0.00,2.17,0.00,0.000,260,0.000,0.037,2552,3186,3412,3438,3387,0,0,0,0,0,0,26.27,25.10,26.28,8.90,60.86
$GC,5666,-0.99,-146.6,2551,3186,3436,3387,405.9,-7.0,227,5671,0.00,2.10,0.00,0.000,1030,0.000,0.022,2552,1800,3411,3436,3387,0,0,0,0,0,0,25.57,25.54,25.59,8.89,60.94
$GC,5872,-0.99,-146.6,2551,1800,3435,3387,421.2,-7.5,232,5873,0.00,0.00,0.00,0.000,6,0.000,0.000,2552,1800,3410,3435,3386,0,0,0,0,0,0,26.27,26.28,26.28,8.89,60.90
$GC,6073,-0.99,-146.6,2552,1800,3435,3385,436.8,-7.8,237,6075,0.00,0.00,0.00,0.000,6,0.000,0.000,2552,1800,3410,3435,3385,0,0,0,0,0,0,26.27,26.28,26.27,8.88,61.06
$GC,6271,-0.99,-146.6,2551,1800,3435,3385,452.6,-7.9,242,6275,0.00,2.20,0.00,0.000,260,0.000,0.038,2542,3185,3410,3435,3385,0,0,0,0,0,0,26.27,25.08,26.28,8.88,62.08
$GC,6332,-0.99,-146.6,2541,3186,3435,3384,456.0,-7.9,243,6336,0.00,2.08,0.00,0.000,1030,0.000,0.022,2542,1791,3409,3434,3384,0,0,0,0,0,0,25.60,25.54,25.62,8.88,61.45
$GC,6556,-0.99,-146.6,2541,1791,3434,3383,474.1,-7.5,249,6560,0.00,2.17,0.00,0.000,516,0.000,0.037,2542,423,3408,3434,3382,0,0,0,0,0,0,26.27,25.03,26.28,8.87,61.53
$GC,6588,-0.99,-146.6,2541,422,3434,3383,474.1,-7.5,249,6598,0.10,2.08,0.00,0.000,3078,0.139,0.024,2561,1799,3408,3433,3383,0,0,0,0,0,0,25.18,25.51,25.25,8.87,61.18
$GC,6799,-0.99,-146.6,2561,1798,3433,3382,490.9,-6.8,255,6805,0.00,2.25,0.00,0.000,260,0.000,0.037,2554,3214,3407,3433,3382,0,0,0,0,0,0,26.27,25.06,26.28,8.87,61.93
$GC,6863,-0.99,-146.6,2553,3214,3433,3382,493.7,-6.6,256,6867,0.00,2.10,0.00,0.000,1030,0.000,0.022,2554,1799,3407,3432,3382,0,0,0,0,0,0,25.59,25.53,25.61,8.87,61.81
$GC,7087,-0.99,-146.6,2553,1800,3432,3382,509.2,-6.5,262,7091,0.00,2.20,0.00,0.000,516,0.000,0.037,2553,421,3406,3432,3381,0,0,0,0,0,0,26.27,25.01,26.28,8.86,61.85
$GC,7139,-0.99,-146.6,2553,419,3432,3381,512.0,-6.4,263,7143,0.00,2.10,0.00,0.000,1030,0.000,0.024,2544,1807,3406,3432,3381,0,0,0,0,0,0,25.56,25.51,25.59,8.85,61.97
$GC,7333,-0.99,-146.6,2544,1807,3431,3381,524.7,-6.4,268,7340,0.00,2.20,0.00,0.000,260,0.000,0.037,2534,3198,3405,3431,3380,0,0,0,0,0,0,26.27,25.07,26.29,8.85,61.81
$GC,7407,-0.99,-146.6,2533,3198,3431,3380,527.4,-6.4,269,7416,0.10,2.08,0.00,0.000,3078,0.137,0.022,2565,1800,3405,3431,3379,0,0,0,0,0,0,25.20,25.52,25.27,8.85,62.75
$GC,7614,-0.99,-146.6,2564,1800,3431,3380,543.5,-6.8,275,7616,0.00,0.00,0.00,0.000,6,0.000,0.000,2565,1799,3405,3431,3380,0,0,0,0,0,0,26.27,26.29,26.29,8.85,62.32
$GC,7815,-0.99,-146.6,2564,1799,3431,3378,558.5,-7.6,280,7821,0.00,2.20,0.00,0.000,516,0.000,0.038,2565,420,3404,3431,3378,0,0,0,0,0,0,26.27,24.99,26.28,8.84,62.40
$GC,7844,-0.99,-146.6,2564,420,3430,3378,558.5,-7.6,280,7849,0.00,2.10,0.00,0.000,1030,0.000,0.024,2557,1804,3404,3431,3378,0,0,0,0,0,0,25.55,25.48,25.58,8.84,62.91
$GC,8060,-0.99,-146.6,2557,1804,3430,3378,578.3,-8.2,286,8065,0.00,2.22,0.00,0.000,260,0.000,0.037,2547,3198,3404,3430,3378,0,0,0,0,0,0,26.28,25.05,26.28,8.83,62.91
$GC,8132,-0.99,-146.6,2547,3198,3429,3378,582.2,-8.4,287,8136,0.00,2.10,0.00,0.000,1030,0.000,0.023,2547,1795,3403,3429,3377,0,0,0,0,0,0,25.57,25.51,25.59,8.83,62.60
$GC,8346,-0.99,-146.6,2547,1794,3429,3377,602.2,-8.3,293,8353,0.00,2.20,0.00,0.000,516,0.000,0.038,2547,420,3403,3429,3377,0,0,0,0,0,0,26.28,24.98,26.29,8.83,62.48
$GC,8400,-0.99,-146.6,2547,419,3429,3377,605.5,-8.2,294,8405,0.00,2.10,0.00,0.000,1030,0.000,0.024,2539,1800,3403,3429,3377,0,0,0,0,0,0,25.53,25.47,25.56,8.83,62.08
$GC,8590,-0.99,-146.6,2538,1799,3428,3376,621.2,-7.7,299,8596,0.00,2.22,0.00,0.000,260,0.000,0.037,2529,3195,3401,3427,3376,0,0,0,0,0,0,26.28,25.04,26.28,8.82,62.36
$GC,8654,-0.99,-146.6,2528,3195,3426,3376,624.3,-7.6,300,8661,0.12,2.10,0.00,0.000,3078,0.129,0.023,2567,1793,3401,3427,3376,0,0,0,0,0,0,25.10,25.51,25.18,8.82,62.60
$GC,8872,-1.04,-146.6,2567,1793,3426,3376,640.3,-6.5,306,8880,0.00,2.15,0.00,0.000,516,0.000,0.039,2567,410,3400,3426,3375,0,0,0,0,0,0,26.28,24.95,26.29,8.82,62.56
$GC,8943,-1.04,-146.6,2567,410,3426,3375,643.2,-6.4,307,8950,0.00,2.12,0.00,0.000,1030,0.000,0.024,2560,1805,3401,3426,3376,0,0,0,0,0,0,25.52,25.46,25.55,8.82,62.64
$GC,9159,-1.04,-146.6,2560,1805,3426,3374,657.5,-5.9,313,9164,0.00,2.22,0.00,0.000,260,0.000,0.038,2550,3201,3399,3425,3374,0,0,0,0,0,0,26.28,25.01,26.29,8.81,63.23
$GC,9243,-1.04,-146.6,2550,3200,3424,3374,662.1,-5.8,315,9247,0.00,2.10,0.00,0.000,1030,0.000,0.023,2550,1800,3399,3424,3374,0,0,0,0,0,0,25.55,25.48,25.57,8.81,62.71
$GC,9447,-1.04,-146.6,2550,1801,3424,3373,674.0,-5.9,320,9454,0.00,2.22,0.00,0.000,516,0.000,0.039,2550,416,3398,3424,3373,0,0,0,0,0,0,26.27,24.94,26.29,8.81,62.75
$GC,9509,-1.04,-146.6,2550,416,3424,3373,676.6,-6.1,321,9513,0.00,2.12,0.00,0.000,1030,0.000,0.024,2541,1808,3398,3424,3373,0,0,0,0,0,0,25.51,25.44,25.53,8.80,62.75
$GC,9732,-1.04,-146.6,2540,1808,3423,3372,692.2,-6.5,327,9737,0.00,2.22,0.00,0.000,260,0.000,0.038,2531,3197,3397,3423,3372,0,0,0,0,0,0,26.28,25.01,26.29,8.80,63.03
$GC,9795,-1.04,-146.6,2530,3197,3423,3372,695.3,-6.6,328,9800,0.00,2.10,0.00,0.000,1030,0.000,0.023,2531,1794,3397,3423,3372,0,0,0,0,0,0,25.54,25.47,25.56,8.80,63.30
$GC,10020,-1.04,-146.6,2530,1794,3422,3371,712.4,-7.2,334,10026,0.00,2.22,0.00,0.000,516,0.000,0.039,2531,416,3396,3422,3371,0,0,0,0,0,0,26.27,24.91,26.29,8.79,63.23
$GC,10129,-1.04,-146.6,2530,416,3422,3371,718.9,-7.7,336,10133,0.00,2.10,0.00,0.000,1030,0.000,0.025,2522,1801,3396,3422,3371,0,0,0,0,0,0,25.49,25.42,25.52,8.79,62.64
$GC,10345,-1.04,-146.6,2522,1801,3421,3371,737.9,-7.9,342,10351,0.00,2.22,0.00,0.000,260,0.000,0.038,2512,3192,3395,3421,3370,0,0,0,0,0,0,26.27,24.98,26.29,8.79,63.03
$GC,10419,-1.04,-146.6,2512,3191,3421,3370,741.4,-8.0,343,10427,0.12,2.10,0.00,0.000,3078,0.134,0.024,2550,1789,3395,3421,3370,0,0,0,0,0,0,25.03,25.46,25.11,8.79,63.58
$GC,10626,-1.04,-146.6,2550,1789,3421,3369,760.0,-7.7,349,10627,0.00,0.00,0.00,0.000,6,0.000,0.000,2550,1789,3395,3421,3369,0,0,0,0,0,0,26.28,26.29,26.28,8.78,63.42
$GC,10826,-1.04,-146.6,2550,1789,3421,3367,774.8,-7.3,354,10830,0.00,2.22,0.00,0.000,516,0.000,0.041,2550,415,3394,3421,3368,0,0,0,0,0,0,26.28,24.86,26.29,8.78,63.93
$GC,10853,-1.04,-146.6,2550,414,3421,3368,774.8,-7.3,354,10859,0.00,2.12,0.00,0.000,1030,0.000,0.025,2543,1805,3394,3421,3367,0,0,0,0,0,0,25.47,25.41,25.50,8.78,63.82
$GC,11072,-1.04,-146.6,2542,1804,3421,3367,791.4,-6.7,360,11078,0.00,2.22,0.00,0.000,260,0.000,0.039,2532,3198,3393,3420,3367,0,0,0,0,0,0,26.28,24.96,26.29,8.77,63.97
$GC,11113,-1.04,-146.6,2532,3198,3420,3367,794.1,-6.5,361,11118,0.00,2.12,0.00,0.000,1030,0.000,0.024,2532,1791,3393,3420,3367,0,0,0,0,0,0,25.49,25.43,25.52,8.78,63.90
$GC,11318,-1.04,-146.6,2532,1790,3420,3367,807.0,-6.4,366,11322,0.00,2.22,0.00,0.000,516,0.000,0.040,2533,416,3393,3420,3367,0,0,0,0,0,0,26.28,24.86,26.29,8.77,63.93
$GC,11375,-1.04,-146.6,2531,415,3420,3367,809.8,-6.3,367,11380,0.00,2.12,0.00,0.000,1030,0.000,0.026,2524,1801,3393,3420,3367,0,0,0,0,0,0,25.45,25.39,25.48,8.77,64.29
$GC,11565,-1.04,-146.6,2523,1801,3419,3366,822.4,-6.2,372,11567,0.00,0.00,0.00,0.000,6,0.000,0.000,2524,1800,3393,3420,3366,0,0,0,0,0,0,26.28,26.29,26.29,8.76,64.21
$GC,11765,-1.04,-146.6,2523,1800,3419,3365,834.9,-6.3,377,11766,0.00,0.00,0.00,0.000,6,0.000,0.000,2524,1801,3392,3419,3365,0,0,0,0,0,0,26.28,26.29,26.29,8.77,64.33
$GC,11965,-1.04,-146.6,2523,1801,3419,3365,848.0,-6.6,382,11966,0.00,0.00,0.00,0.000,6,0.000,0.000,2524,1800,3392,3419,3365,0,0,0,0,0,0,26.27,26.29,26.29,8.76,64.29
$GC,12165,-1.04,-146.6,2523,1801,3418,3364,861.8,-6.8,387,12166,0.00,0.00,0.00,0.000,6,0.000,0.000,2524,1801,3391,3418,3365,0,0,0,0,0,0,26.27,26.29,26.28,8.76,64.60
$GC,12367,-1.04,-146.6,2523,1800,3418,3364,876.3,-7.3,392,12373,0.00,2.25,0.00,0.000,516,0.000,0.040,2524,415,3391,3418,3364,0,0,0,0,0,0,26.27,24.82,26.28,8.75,65.19
$GC,12401,-1.04,-146.6,2523,414,3418,3365,876.3,-7.3,392,12410,0.12,2.12,0.00,0.000,3078,0.138,0.026,2551,1802,3391,3418,3364,0,0,0,0,0,0,24.92,25.35,25.01,8.75,64.76
$GC,12608,-1.04,-146.6,2550,1802,3418,3364,894.6,-7.6,398,12614,0.00,2.25,0.00,0.000,260,0.000,0.039,2543,3199,3391,3418,3364,0,0,0,0,0,0,26.28,24.91,26.28,8.75,64.80
$GC,12682,-1.04,-146.6,2542,3199,3417,3363,897.8,-7.8,399,12689,0.00,2.10,0.00,0.000,1030,0.000,0.024,2543,1801,3390,3417,3363,0,0,0,0,0,0,25.45,25.39,25.48,8.75,64.80
$GC,12888,-1.04,-146.6,2542,1801,3417,3363,917.1,-8.2,405,12893,0.00,2.25,0.00,0.000,516,0.000,0.041,2543,417,3390,3417,3363,0,0,0,0,0,0,26.27,24.79,26.28,8.75,64.60
$GC,12921,-1.04,-146.6,2542,418,3417,3363,917.1,-8.2,405,12930,0.00,2.15,0.00,0.000,1030,0.000,0.026,2533,1812,3390,3417,3363,0,0,0,0,0,0,25.41,25.34,25.44,8.75,64.41
$GC,13133,-1.04,-146.6,2532,1812,3417,3362,937.5,-8.5,411,13137,0.00,2.22,0.00,0.000,260,0.000,0.040,2523,3193,3389,3416,3362,0,0,0,0,0,0,26.27,24.89,26.29,8.75,65.23
$GC,13210,-1.04,-146.6,2522,3193,3416,3362,941.2,-8.3,412,13218,0.00,2.10,0.00,0.000,1030,0.000,0.024,2523,1797,3389,3416,3362,0,0,0,0,0,0,25.44,25.37,25.46,8.74,64.45
$GC,13418,-1.04,-146.6,2522,1797,3416,3361,960.7,-8.2,418,13422,0.00,2.25,0.00,0.000,516,0.000,0.041,2523,414,3389,3416,3362,0,0,0,0,0,0,26.27,24.76,26.28,8.74,64.45
$GC,13454,-1.04,-146.6,2522,414,3416,3361,960.7,-8.2,418,13464,0.08,2.17,0.00,0.000,3078,0.135,0.026,2548,1800,3388,3415,3361,0,0,0,0,0,0,24.87,25.33,24.95,8.74,64.92
$GC,13662,-1.04,-146.6,2547,1800,3416,3361,978.9,-7.3,424,13668,0.00,2.25,0.00,0.000,260,0.000,0.039,2540,3204,3387,3415,3360,0,0,0,0,0,0,26.27,24.87,26.28,8.74,65.00
$GC,13736,-1.04,-146.6,2539,3203,3415,3360,981.6,-7.1,425,13743,0.00,2.12,0.00,0.000,1030,0.000,0.024,2540,1798,3387,3415,3360,0,0,0,0,0,0,25.42,25.36,25.45,8.74,65.47
$STATE,13860,end dive,TARGET_DEPTH_EXCEEDED
$STATE,13860,begin apogee
$GC,13868,-0.42,0.0,2537,2255,3415,3360,992.3,-6.7,429,14011,0.65,0.00,139.62,1.344,10246,0.102,0.000,2747,2255,2806,2899,2713,0,0,0,0,0,0,24.32,22.69,21.70,8.74,64.80
$STATE,14012,end apogee,CONTROL_FINISHED_OK
$STATE,14012,begin climb
$GC,14015,1.09,146.6,2747,2255,2899,2713,996.9,0.0,432,14183,1.52,2.53,154.38,1.271,10500,0.068,0.043,3232,3640,2205,2289,2122,0,0,0,0,0,0,22.92,22.45,21.51,8.69,63.46
$GC,14292,0.94,161.8,3231,3640,2288,2122,977.4,9.3,439,14316,0.20,2.30,17.50,1.172,13318,0.125,0.023,3187,2249,2146,2232,2061,0,0,0,0,0,0,23.02,23.56,21.94,8.64,62.40
$GC,14513,0.95,175.8,3187,2249,2229,2058,954.7,9.4,445,14536,0.00,2.40,15.62,1.184,8708,0.000,0.034,3195,865,2088,2177,1999,0,0,0,0,0,0,24.93,23.58,22.48,8.63,64.05
$GC,14584,0.97,189.9,3194,865,2177,1999,950.9,9.4,446,14607,0.00,2.28,16.58,1.183,9222,0.000,0.028,3195,2250,2028,2126,1930,0,0,0,0,0,0,23.95,23.86,22.37,8.62,64.29
$GC,14792,0.98,203.2,3194,2250,2126,1929,928.6,9.4,452,14809,0.00,0.00,14.52,1.178,8198,0.000,0.000,3194,2250,1975,2082,1868,0,0,0,0,0,0,25.43,23.94,22.91,8.61,64.09
$GC,14994,1.00,224.7,3194,2250,2082,1866,910.5,9.0,457,15018,0.00,0.00,22.52,1.229,8198,0.000,0.000,3195,2250,1888,2010,1767,0,0,0,0,0,0,25.84,24.10,23.12,8.61,64.76
$GC,15193,1.08,251.1,3194,2250,2009,1764,893.0,8.8,462,15231,0.05,2.38,27.15,1.236,10756,0.135,0.035,3279,862,1779,1914,1644,0,0,0,0,0,0,25.74,24.22,23.19,8.60,64.84
$GC,15298,1.10,269.2,3278,862,1914,1644,885.0,9.2,464,15323,0.12,2.20,18.62,1.191,13318,0.125,0.028,3241,2258,1705,1850,1561,0,0,0,0,0,0,24.63,24.89,23.20,8.59,63.93
$GC,15520,1.11,278.9,3240,2258,1850,1560,861.7,9.6,470,15535,0.00,2.28,9.98,1.103,8708,0.000,0.034,3249,859,1666,1814,1518,0,0,0,0,0,0,25.97,24.39,23.60,8.58,64.72
$GC,15595,1.12,286.4,3248,858,1814,1518,854.2,9.7,472,15611,0.00,2.17,8.70,1.068,9222,0.000,0.029,3249,2257,1635,1786,1484,0,0,0,0,0,0,25.31,25.22,23.61,8.57,64.41
$GC,15795,1.12,287.4,3248,2256,1786,1484,834.3,10.0,477,15797,0.00,0.00,0.00,0.000,6,0.000,0.000,3249,2256,1635,1786,1484,0,0,0,0,0,0,26.11,26.12,26.12,8.57,64.60
$GC,15995,1.12,287.8,3248,2257,1786,1484,814.4,10.0,482,15999,0.00,2.22,0.00,0.000,516,0.000,0.037,3258,863,1634,1785,1484,0,0,0,0,0,0,26.12,25.14,26.13,8.56,65.19
$GC,16144,1.12,288.0,3258,861,1786,1484,802.1,10.0,485,16149,0.00,2.17,0.00,0.000,1030,0.000,0.029,3258,2243,1635,1786,1484,0,0,0,0,0,0,25.29,25.25,25.37,8.56,65.39
$GC,16363,1.12,288.9,3257,2243,1786,1482,778.0,10.0,491,16365,0.00,0.00,0.00,0.000,6,0.000,0.000,3258,2243,1634,1786,1482,0,0,0,0,0,0,26.11,26.12,26.12,8.56,65.51
$GC,16564,1.13,296.4,3257,2243,1786,1481,758.5,9.7,496,16580,0.00,2.20,10.20,1.096,8708,0.000,0.037,3266,859,1594,1750,1439,0,0,0,0,0,0,26.11,25.15,24.00,8.56,66.18
$GC,16690,1.13,299.2,3265,859,1750,1439,746.4,9.9,499,16694,0.00,2.15,0.00,0.000,1030,0.000,0.030,3266,2251,1594,1750,1439,0,0,0,0,0,0,25.44,25.35,25.47,8.55,65.35
$GC,16884,1.13,299.2,3265,2251,1750,1439,726.2,10.2,504,16885,0.00,0.00,0.00,0.000,6,0.000,0.000,3266,2251,1594,1750,1439,0,0,0,0,0,0,26.13,26.14,26.13,8.55,66.18
$GC,17084,1.13,299.2,3265,2251,1750,1439,705.1,10.7,509,17088,0.00,2.22,0.00,0.000,516,0.000,0.037,3274,859,1594,1750,1439,0,0,0,0,0,0,26.13,25.01,26.13,8.54,65.83
$GC,17187,1.13,299.2,3274,857,1750,1439,695.7,10.9,511,17193,0.00,2.17,0.00,0.000,1030,0.000,0.029,3274,2255,1594,1750,1439,0,0,0,0,0,0,25.29,25.20,25.33,8.55,65.59
$GC,17408,1.13,299.2,3274,2255,1750,1439,668.4,11.5,517,17412,0.00,2.22,0.00,0.000,516,0.000,0.037,3279,864,1594,1750,1439,0,0,0,0,0,0,26.13,24.99,26.14,8.54,66.02
$GC,17459,1.13,299.2,3278,862,1750,1439,663.3,11.6,518,17465,0.10,2.15,0.00,0.000,5126,0.129,0.029,3247,2251,1594,1750,1439,0,0,0,0,0,0,24.98,25.21,25.06,8.55,65.67
$GC,17654,1.13,299.2,3247,2251,1750,1439,640.5,11.1,523,17660,0.00,2.22,0.00,0.000,516,0.000,0.037,3254,859,1594,1749,1439,0,0,0,0,0,0,26.14,24.96,26.15,8.54,66.42
$GC,17697,1.13,299.2,3254,859,1750,1439,636.0,11.2,524,17701,0.00,2.15,0.00,0.000,1030,0.000,0.029,3255,2251,1594,1750,1438,0,0,0,0,0,0,25.29,25.20,25.33,8.54,66.69
$GC,17891,1.13,299.2,3255,2251,1750,1439,614.1,11.1,529,17895,0.00,2.22,0.00,0.000,516,0.000,0.037,3262,859,1594,1750,1439,0,0,0,0,0,0,26.15,24.95,26.15,8.54,66.10
$GC,17937,1.13,299.2,3261,858,1750,1439,609.5,11.0,530,17941,0.00,2.15,0.00,0.000,1030,0.000,0.029,3262,2249,1594,1750,1439,0,0,0,0,0,0,25.28,25.20,25.32,8.55,66.10
$GC,18130,1.13,299.2,3261,2249,1750,1439,589.0,10.4,535,18135,0.00,2.22,0.00,0.000,516,0.000,0.037,3262,858,1594,1750,1439,0,0,0,0,0,0,26.15,24.93,26.15,8.54,66.49
$GC,18182,1.13,299.2,3262,858,1750,1439,584.5,10.3,536,18189,0.00,2.15,0.00,0.000,1030,0.000,0.029,3262,2254,1594,1750,1439,0,0,0,0,0,0,25.26,25.17,25.29,8.54,66.30
$GC,18374,1.13,299.2,3262,2253,1750,1439,564.3,10.1,541,18376,0.00,0.00,0.00,0.000,6,0.000,0.000,3262,2253,1594,1750,1439,0,0,0,0,0,0,26.15,26.17,26.16,8.54,66.34
$GC,18575,1.13,299.2,3262,2253,1750,1439,544.0,10.2,546,18579,0.00,2.22,0.00,0.000,516,0.000,0.037,3262,864,1594,1750,1439,0,0,0,0,0,0,26.15,24.91,26.17,8.55,66.18
$GC,18732,1.13,299.2,3262,864,1749,1438,531.3,10.2,549,18740,0.00,2.15,0.00,0.000,1030,0.000,0.029,3262,2256,1594,1750,1439,0,0,0,0,0,0,25.26,25.17,25.29,8.54,66.46
$GC,18941,1.13,299.2,3262,2256,1750,1439,505.7,10.7,555,18947,0.00,2.22,0.00,0.000,516,0.000,0.037,3262,863,1594,1750,1438,0,0,0,0,0,0,26.17,24.89,26.17,8.55,66.65
$GC,19004,1.13,299.2,3262,863,1749,1439,501.2,10.7,556,19009,0.00,2.15,0.00,0.000,1030,0.000,0.029,3262,2254,1594,1750,1438,0,0,0,0,0,0,25.26,25.17,25.29,8.55,66.30
$GC,19218,1.13,299.2,3262,2254,1750,1438,476.2,10.6,562,19222,0.00,2.22,0.00,0.000,516,0.000,0.037,3262,864,1594,1750,1439,0,0,0,0,0,0,26.17,24.89,26.18,8.55,66.38
$GC,19279,1.13,299.2,3262,863,1750,1439,471.6,10.6,563,19284,0.00,2.15,0.00,0.000,1030,0.000,0.029,3262,2252,1594,1750,1439,0,0,0,0,0,0,25.26,25.17,25.29,8.55,66.06
$GC,19498,1.13,299.2,3262,2252,1750,1439,446.9,10.5,569,19499,0.00,0.00,0.00,0.000,6,0.000,0.000,3262,2252,1594,1750,1438,0,0,0,0,0,0,26.18,26.19,26.18,8.56,66.22
$GC,19698,1.13,299.2,3262,2252,1750,1438,426.1,10.5,574,19702,0.00,2.22,0.00,0.000,516,0.000,0.037,3262,864,1594,1750,1438,0,0,0,0,0,0,26.18,24.88,26.19,8.56,66.02
$GC,19794,1.13,299.2,3262,863,1750,1439,417.5,10.4,576,19798,0.00,2.15,0.00,0.000,1030,0.000,0.029,3262,2248,1594,1750,1438,0,0,0,0,0,0,25.25,25.17,25.28,8.56,66.34
$GC,20017,1.13,299.2,3262,2248,1750,1439,391.8,11.0,582,20019,0.00,0.00,0.00,0.000,6,0.000,0.000,3262,2248,1594,1750,1439,0,0,0,0,0,0,26.18,26.20,26.20,8.56,65.90
$GC,20217,1.13,299.2,3262,2248,1750,1438,368.9,11.4,587,20222,0.00,2.22,0.00,0.000,516,0.000,0.037,3262,856,1594,1750,1439,0,0,0,0,0,0,26.19,24.87,26.20,8.56,65.90
$GC,20261,1.13,299.2,3262,856,1750,1438,363.9,11.5,588,20266,0.00,2.17,0.00,0.000,1030,0.000,0.028,3262,2264,1594,1750,1438,0,0,0,0,0,0,25.25,25.17,25.29,8.56,66.14
$GC,20465,1.13,299.2,3262,2264,1750,1438,340.7,11.4,593,20467,0.00,0.00,0.00,0.000,6,0.000,0.000,3262,2264,1594,1750,1439,0,0,0,0,0,0,26.20,26.20,26.20,8.57,65.79
$GC,20666,1.13,299.2,3262,2264,1750,1439,318.7,11.0,598,20670,0.00,2.25,0.00,0.000,516,0.000,0.037,3262,856,1594,1750,1439,0,0,0,0,0,0,26.20,24.87,26.20,8.57,65.59
$GC,20718,1.13,299.2,3262,856,1750,1439,314.2,10.6,599,20725,0.00,2.15,0.00,0.000,1030,0.000,0.028,3262,2251,1594,1750,1439,0,0,0,0,0,0,25.25,25.16,25.28,8.57,65.67
$GC,20911,1.14,307.1,3262,2251,1750,1438,295.0,9.6,604,20924,0.00,0.00,10.60,0.846,8198,0.000,0.000,3262,2251,1553,1712,1394,0,0,0,0,0,0,26.20,25.10,24.10,8.58,65.83
$GC,21112,1.16,331.3,3262,2251,1711,1392,277.0,8.9,609,21142,0.00,2.25,22.38,0.893,8708,0.000,0.037,3262,858,1452,1619,1285,0,0,0,0,0,0,26.20,25.13,24.19,8.57,65.55
$GC,21227,1.25,361.5,3262,858,1618,1285,270.1,8.6,611,21262,0.00,2.15,26.70,0.884,9222,0.000,0.028,3262,2261,1328,1501,1156,0,0,0,0,0,0,25.46,25.37,24.15,8.56,65.19
$GC,21472,1.36,382.2,3262,2261,1499,1156,245.1,9.1,618,21499,0.12,2.25,19.27,0.853,10756,0.065,0.036,3370,861,1244,1417,1071,0,0,0,0,0,0,25.91,25.20,24.30,8.56,64.41
$GC,21549,1.43,389.9,3370,861,1417,1071,240.2,9.6,619,21563,0.00,2.12,8.23,0.755,9222,0.000,0.028,3371,2248,1213,1386,1040,0,0,0,0,0,0,25.53,25.44,24.27,8.55,64.01
$GC,21758,1.43,389.9,3370,2248,1385,1040,208.8,13.3,625,21759,0.00,0.00,0.00,0.000,6,0.000,0.000,3370,2249,1212,1385,1040,0,0,0,0,0,0,26.15,26.16,26.16,8.55,65.12
$GC,21938,1.43,389.9,3370,2248,1384,1040,184.7,13.3,632,21939,0.00,0.00,0.00,0.000,6,0.000,0.000,3370,2249,1212,1384,1040,0,0,0,0,0,0,26.14,26.15,26.15,8.56,64.49
$GC,22118,1.43,389.9,3370,2248,1383,1040,161.4,13.0,641,22122,0.00,2.20,0.00,0.000,516,0.000,0.036,3380,852,1211,1383,1040,0,0,0,0,0,0,26.14,25.08,26.15,8.56,64.45
$GC,22170,1.43,389.9,3379,852,1383,1040,155.7,12.9,643,22180,0.12,2.17,0.00,0.000,5126,0.133,0.029,3342,2252,1211,1382,1040,0,0,0,0,0,0,24.92,25.27,25.02,8.57,65.23
$GC,22362,1.43,389.9,3342,2252,1382,1040,133.5,10.5,653,22367,0.00,2.28,0.00,0.000,260,0.000,0.044,3343,3650,1211,1382,1040,0,0,0,0,0,0,26.15,24.86,26.15,8.57,64.88
$GC,22406,1.43,389.9,3342,3651,1382,1040,128.7,10.6,655,22411,0.00,2.12,0.00,0.000,1030,0.000,0.023,3350,2245,1210,1381,1040,0,0,0,0,0,0,25.48,25.42,25.51,8.57,64.68
$GC,22612,1.43,389.9,3350,2245,1381,1040,105.5,11.7,665,22616,0.00,2.17,0.00,0.000,516,0.000,0.036,3360,867,1210,1381,1040,0,0,0,0,0,0,26.15,25.00,26.16,8.57,64.53
$GC,22690,1.43,389.9,3360,866,1381,1040,97.7,11.8,668,22698,0.00,2.12,0.00,0.000,1030,0.000,0.028,3360,2251,1210,1381,1040,0,0,0,0,0,0,25.30,25.22,25.34,8.58,64.45
$GC,22877,1.43,389.9,3360,2251,1381,1040,74.8,10.0,678,22881,0.00,2.20,0.00,0.000,516,0.000,0.035,3370,865,1210,1381,1040,0,0,0,0,0,0,26.16,24.98,26.17,8.59,64.92
$GC,23184,1.42,434.7,3369,866,1380,1040,53.7,7.9,693,23254,0.00,2.17,52.75,0.709,9222,0.000,0.029,3370,2255,1030,1150,910,0,0,0,0,2,0,25.28,25.19,24.14,8.67,66.65
$GC,23443,1.44,458.9,3370,2255,1146,908,31.6,8.9,716,23473,0.00,2.25,23.40,0.695,8708,0.000,0.035,3379,860,931,1029,834,0,0,0,0,0,0,26.15,25.21,24.40,8.74,65.83
$STATE,23728,end climb,SURFACE_DEPTH_REACHED
$STATE,23728,begin surface coast
$FINISH,-0.5,1.022324
$STATE,23750,end surface coast,CONTROL_FINISHED_OK
$STATE,23750,begin surface
$SM_CCo,23832,0.00,0.000,0,0,928,460.67
$SM_GC,0.01,8.35,1.50,0.00,0.026,0.028,0.000,181,1807,928,-8.30,-1.05,460.67,0,0,0,0,0,0,25.60,25.51,25.63
$IRIDIUM_FIX,940.37,-14355.94,190525,073948
$TT8_MAMPS,0.026215,0.387233
$HUMID,58.66
$INTERNAL_PRESSURE,8.75162
$TCM_TEMP,18.30
$XPDR_PINGS,0
$ALTIM_TOP_PING,19.8,19.0
$24V_AH,21.51,123.572
$10V_AH,9.60,75.345
$FG_AHR_24Vo,0.000
$FG_AHR_10Vo,0.000
$DEVICES,Pitch_motor,Roll_motor,VBD_pump_during_apogee,VBD_pump_during_surface,VBD_valve,Iridium_during_init,Iridium_during_connect,Iridium_during_xfer,Transponder_ping,GUMSTIX_24V,GPS,TT8,LPSleep,TT8_Active,TT8_Sampling,TT8_CF8,TT8_Kalman,Analog_circuits,GPS_charging,Compass,RAFOS,Transponder,Compass2
$DEVICE_SECS,21.850,278.525,618.725,0.000,0.000,0.000,0.000,299.725,0.250,0.000,27.173,3203.917,16528.266,797.664,3211.588,537.866,0.000,2798.855,0.000,2748.512,0.000,2.761,0.000
$DEVICE_MAMPS,197.370,47.430,1344.105,0.000,0.000,0.000,0.000,90.270,420.000,0.000,30.710,15.210,2.190,15.210,43.670,53.410,0.000,14.000,0.000,8.240,0.000,30.000,0.000
$SENSORS,SBE_CT,WL_blue_red_Chl,AA4330,nil,nil,nil,nil,nil,nil,nil
$SENSOR_SECS,645.027,0.000,997.218,0.000,0.000,0.000,0.000,0.000,0.000,0.000
$SENSOR_MAMPS,22.470,0.000,11.230,0.000,0.000,0.000,0.000,0.000,0.000,0.000
$MEM,312020
$DATA_FILE_SIZE,55728,746
$CAP_FILE_SIZE,255040,0
$CFSIZE,2097872896,1993670656
$ERRORS,0,1,0,0,0,0,0,0,0,0,0,0,0,2,2,0
$INTR,0,8872.84,0x2367ba,0,24
$CURRENT,0.134,70.00,1
$GPS,031005,210634,942.442,-14356.322,31,0.8,58,9.3,0.3,7.6,10,4.3
