version: 66.14
glider: 195
mission: 21
dive: 434
start: 7 28 105 15 56 39
data:
$ID,195
$MISSION,21
$DIVE,434
$N_DIVES,0
$STOP_T,0
$D_SURF,3
$D_FLARE,2
$D_TGT,990
$D_ABORT,1090
$D_NO_BLEED,50
$D_BOOST,3
$T_BOOST,0
$D_FINISH,0
$D_PITCH,0
$D_SAFE,0
$D_CALL,0
$SURFACE_URGENCY,0
$SURFACE_URGENCY_TRY,0
$SURFACE_URGENCY_FORCE,0
$T_DIVE,330
$T_MISSION,600
$T_ABORT,1440
$T_TURN,300
$T_TURN_SAMPINT,5
$T_NO_W,120
$T_LOITER,0
$T_SLOITER,60
$T_EPIRB,0
$USE_BATHY,0
$USE_ICE,0
$ICE_FREEZE_MARGIN,0.30000001
$D_OFFGRID,990
$T_WATCHDOG,10
$RELAUNCH,1
$APOGEE_PITCH,-8
$MAX_BUOY,150
$COURSE_BIAS,0
$GLIDE_SLOPE,30
$SPEED_FACTOR,1
$RHO,1.023
$MASS,54002
$MASS_COMP,0
$NAV_MODE,2
$FERRY_MAX,45
$KALMAN_USE,2
$HD_A,0.0038000001
$HD_B,0.0099999998
$HD_C,9.8500004e-06
$HEADING,-1
$ESCAPE_HEADING,0
$ESCAPE_HEADING_DELTA,10
$FIX_MISSING_TIMEOUT,0
$TGT_DEFAULT_LAT,4736
$TGT_DEFAULT_LON,-12225
$TGT_AUTO_DEFAULT,0
$SM_CC,565.6618
$N_FILEKB,4
$FILEMGR,0
$CALL_NDIVES,1
$COMM_SEQ,0
$PROTOCOL,9
$N_NOCOMM,1
$NOCOMM_ACTION,0
$N_NOSURFACE,0
$UPLOAD_DIVES_MAX,-1
$CALL_TRIES,5
$CALL_WAIT,60
$CAPUPLOAD,0
$CAPMAXSIZE,200000
$HEAPDBG,0
$T_GPS,15
$N_GPS,50840
$T_RSLEEP,2
$STROBE,0
$RAFOS_PEAK_OFFSET,1.5
$RAFOS_CORR_THRESH,60
$RAFOS_HIT_WINDOW,3600
$RAFOS_MMODEM,0
$PITCH_MIN,207
$PITCH_MAX,3915
$C_PITCH,2884
$PITCH_DBAND,0.1
$PITCH_CNV,0.003125763
$P_OVSHOOT,0.039999999
$P_OVSHOOT_WITHG,0.079999998
$PITCH_GAIN,19.15
$PITCH_TIMEOUT,17
$PITCH_AD_RATE,160
$PITCH_MAXERRORS,1
$PITCH_ADJ_GAIN,0.02
$PITCH_ADJ_DBAND,2.5
$ROLL_MIN,224
$ROLL_MAX,3758
$ROLL_DEG,40
$C_ROLL_DIVE,2243
$C_ROLL_CLIMB,1718
$HEAD_ERRBAND,10
$ROLL_CNV,0.028270001
$ROLL_TIMEOUT,15
$R_PORT_OVSHOOT,45
$R_STBD_OVSHOOT,37
$ROLL_AD_RATE,350
$ROLL_MAXERRORS,2
$ROLL_ADJ_GAIN,0
$ROLL_ADJ_DBAND,0
$VBD_MIN,500
$VBD_MAX,3960
$C_VBD,2806
$VBD_DBAND,2
$VBD_CNV,-0.24529999
$VBD_LP_IGNORE,0
$VBD_TIMEOUT,720
$PITCH_VBD_SHIFT,0.001
$VBD_PUMP_AD_RATE_SURFACE,5
$VBD_PUMP_AD_RATE_APOGEE,4
$VBD_BLEED_AD_RATE,8
$UNCOM_BLEED,60
$VBD_MAXERRORS,1
$W_ADJ_DBAND,0
$DBDW,0
$PITCH_W_GAIN,0
$PITCH_W_DBAND,0
$CF8_MAXERRORS,5
$AH0_24V,150
$AH0_10V,97
$MINV_24V,19
$MINV_10V,8
$MAXI_24V,0.80000001
$MAXI_10V,0.60000002
$FG_AHR_10V,0
$FG_AHR_24V,0
$PHONE_SUPPLY,-2
$PRESSURE_YINT,-49.397121
$PRESSURE_SLOPE,0.0001168043
$AD7714Ch0Gain,128
$TCM_PITCH_OFFSET,0
$TCM_ROLL_OFFSET,0
$COMPASS_USE,4
$ALTIM_BOTTOM_PING_RANGE,0
$ALTIM_TOP_PING_RANGE,20
$ALTIM_BOTTOM_TURN_MARGIN,0
$ALTIM_TOP_TURN_MARGIN,0
$ALTIM_TOP_MIN_OBSTACLE,1
$ALTIM_PING_DEPTH,0
$ALTIM_PING_DELTA,0
$ALTIM_FREQUENCY,13
$ALTIM_PULSE,3
$ALTIM_SENSITIVITY,3
$XPDR_VALID,5
$XPDR_INHIBIT,90
$INT_PRESSURE_SLOPE,0.0097660003
$INT_PRESSURE_YINT,-0.77999997
$DEEPGLIDER,0
$MOTHERBOARD,4
$DEVICE1,2
$DEVICE2,115
$DEVICE3,101
$DEVICE4,-1
$DEVICE5,-1
$DEVICE6,-1
$LOGGERS,0
$LOGGERDEVICE1,-1
$LOGGERDEVICE2,-1
$LOGGERDEVICE3,-1
$LOGGERDEVICE4,-1
$COMPASS_DEVICE,33
$COMPASS2_DEVICE,-1
$PHONE_DEVICE,49
$GPS_DEVICE,32
$RAFOS_DEVICE,-1
$XPDR_DEVICE,24
$SIM_W,0
$SIM_PITCH,0
$SEABIRD_T_G,0.0044178674
$SEABIRD_T_H,0.00064818078
$SEABIRD_T_I,2.6779007e-05
$SEABIRD_T_J,3.3667231e-06
$SEABIRD_C_G,-10.098215
$SEABIRD_C_H,1.1454017
$SEABIRD_C_I,-0.0021276253
$SEABIRD_C_J,0.00025532115
$SEABIRD_C_Z,2974.52
$GPS1,280705,154829,734.9475,-14029.2324,32,1.0,56,9.3,0.5,17.0,10,4.8
$_CALLS,1
$_XMS_NAKs,0
$_XMS_TOUTs,0
$_SM_DEPTHo,-0.04
$_SM_ANGLEo,-57.1
$GPS2,280705,155600,734.9859,-14029.2354,7,0.9,25,9.3,0.4,58.1,10,5.0
$SPEED_LIMITS,0.173,0.262
$TGT_NAME,TX2
$TGT_LATLONG,1145.000,-14800.000
$TGT_RADIUS,10000.000
$KALMAN_CONTROL,0.000000,0.000000
$KALMAN_X,0.000000,0.000000,0.000000,0.000000,0.000000
$KALMAN_Y,0.000000,0.000000,0.000000,0.000000,0.000000
$MHEAD_RNG_PITCHd_Wd,284.6,939366,-18.1,-10.000,-20.93,2235
$D_GRID,990
$GCHEAD,st_secs,pitch_ctl,vbd_ctl,pitch_ad_start,roll_ad_start,vbd_pot1_ad_start,vbd_pot2_ad_start,depth,ob_vertv,data_pts,end_secs,pitch_secs,roll_secs,vbd_secs,vbd_i,gcphase,pitch_i,roll_i,pitch_ad,roll_ad,vbd_ad,vbd_pot1_ad,vbd_pot2_ad,pitch_retries,pitch_errors,roll_retries,roll_errors,vbd_retries,vbd_errors,pitch_volts,roll_volts,vbd_volts,int_press,humidity
$STATE,6,end surface,CONTROL_FINISHED_OK
$STATE,6,begin dive
$GC,74,-1.09,-146.6,140,2234,537,458,0.0,-0.5,6,163,0.00,0.00,-86.07,0.000,16386,0.000,0.000,134,2235,2779,2794,2765,0,0,0,0,0,0,26.36,28.83,26.38,8.76,53.18
$GC,167,-1.09,-146.6,134,2235,2796,2765,3.2,-6.3,15,197,9.20,2.15,-12.48,0.000,18948,0.202,0.043,2523,827,3404,3421,3388,0,0,0,0,0,0,24.88,25.38,25.07,8.99,52.52
$GC,286,-0.97,-146.6,2521,827,3424,3388,27.9,-18.7,26,294,0.17,2.10,0.00,0.000,3078,0.143,0.026,2566,2252,3406,3424,3388,0,0,0,0,0,0,25.56,25.99,25.72,9.06,52.67
$GC,483,-0.97,-146.6,2566,2251,3426,3388,57.2,-15.2,44,487,0.00,2.12,0.00,0.000,516,0.000,0.029,2567,835,3407,3426,3388,0,0,0,0,0,0,26.52,26.03,26.53,9.08,53.22
$GC,540,-0.92,-146.6,2566,835,3426,3388,63.3,-14.6,46,547,0.00,2.08,0.00,0.000,1030,0.000,0.025,2559,2243,3407,3426,3388,0,0,0,0,0,0,26.16,26.08,26.19,9.08,53.15
$GC,727,-0.86,-146.6,2559,2243,3428,3388,82.7,-7.7,56,733,0.15,2.10,0.00,0.000,2564,0.136,0.029,2605,833,3408,3429,3388,0,0,0,0,0,0,25.94,26.07,26.03,9.10,52.67
$GC,826,-0.86,-146.6,2605,833,3430,3388,87.7,-5.9,60,833,0.00,2.08,0.00,0.000,1030,0.000,0.025,2599,2245,3409,3430,3388,0,0,0,0,0,0,26.20,26.13,26.22,9.09,53.34
$GC,1013,-0.86,-146.6,2598,2245,3431,3388,100.6,-6.7,70,1018,0.00,2.15,0.00,0.000,516,0.000,0.028,2598,833,3409,3431,3388,0,0,0,0,0,0,26.58,26.10,26.59,9.07,52.52
$GC,1091,-0.86,-146.6,2598,833,3432,3387,105.5,-7.3,73,1099,0.00,2.08,0.00,0.000,1030,0.000,0.024,2589,2245,3410,3432,3388,0,0,0,0,0,0,26.22,26.14,26.25,9.07,52.55
$GC,1278,-0.86,-146.6,2589,2245,3433,3388,121.9,-8.6,83,1280,0.00,0.00,0.00,0.000,6,0.000,0.000,2589,2245,3410,3433,3388,0,0,0,0,0,0,26.60,26.60,26.60,9.04,52.08
$GC,1458,-0.86,-146.6,2589,2245,3435,3388,136.6,-7.7,92,1462,0.00,2.10,0.00,0.000,516,0.000,0.028,2589,835,3411,3435,3388,0,0,0,0,0,0,26.60,26.12,26.60,9.03,52.55
$GC,1615,-0.86,-146.6,2589,834,3436,3388,148.1,-7.8,99,1622,0.00,2.08,0.00,0.000,1030,0.000,0.025,2580,2244,3412,3436,3388,0,0,0,0,0,0,26.22,26.15,26.25,9.03,52.55
$GC,1802,-0.86,-146.6,2579,2244,3436,3388,161.4,-6.3,109,1807,0.00,2.10,0.00,0.000,516,0.000,0.028,2580,833,3412,3436,3388,0,0,0,0,0,0,26.60,26.12,26.61,9.01,52.87
$GC,1895,-0.86,-146.6,2579,833,3437,3388,167.3,-6.9,113,1905,0.10,2.08,0.00,0.000,3078,0.142,0.024,2601,2243,3412,3437,3388,0,0,0,0,0,0,25.90,26.15,26.01,9.00,52.87
$GC,2088,-0.93,-146.6,2601,2243,3437,3388,181.3,-7.2,123,2092,0.00,2.10,0.00,0.000,516,0.000,0.028,2601,835,3412,3436,3388,0,0,0,0,0,0,26.60,26.12,26.61,8.99,52.99
$GC,2155,-0.93,-146.6,2601,835,3437,3388,186.3,-7.5,126,2159,0.00,2.08,0.00,0.000,1030,0.000,0.025,2595,2246,3412,3437,3388,0,0,0,0,0,0,26.22,26.15,26.25,8.98,53.34
$GC,2354,-0.98,-146.6,2595,2246,3437,3388,200.6,-6.9,136,2359,0.00,2.15,0.00,0.000,516,0.000,0.028,2595,836,3412,3437,3388,0,0,0,0,0,0,26.60,26.11,26.62,8.97,53.97
$GC,2439,-1.03,-146.6,2595,836,3437,3388,206.8,-7.1,138,2446,0.05,2.08,0.00,0.000,5126,0.130,0.025,2518,2246,3412,3436,3388,0,0,0,0,0,0,26.10,26.15,26.17,8.96,54.25
$GC,2641,-1.03,-146.6,2517,2246,3436,3388,224.7,-9.0,143,2647,0.10,2.12,0.00,0.000,2564,0.149,0.028,2548,829,3412,3436,3388,0,0,0,0,0,0,26.13,26.11,26.19,8.95,54.44
$GC,2742,-1.03,-146.6,2547,829,3436,3388,232.3,-9.2,145,2747,0.00,2.12,0.00,0.000,1030,0.000,0.026,2540,2239,3412,3436,3388,0,0,0,0,0,0,26.19,26.15,26.21,8.94,55.31
$GC,2966,-1.03,-146.6,2540,2238,3436,3388,254.3,-8.9,151,2970,0.00,2.10,0.00,0.000,516,0.000,0.029,2540,835,3412,3436,3388,0,0,0,0,0,0,26.61,26.11,26.62,8.93,55.15
$GC,3074,-1.03,-146.6,2540,835,3436,3388,261.8,-8.8,153,3079,0.00,2.10,0.00,0.000,1030,0.000,0.026,2531,2254,3412,3436,3388,0,0,0,0,0,0,26.22,26.15,26.25,8.93,55.11
$GC,3294,-1.03,-146.6,2530,2255,3436,3388,282.1,-8.1,159,3299,0.00,2.17,0.00,0.000,516,0.000,0.029,2531,835,3411,3435,3388,0,0,0,0,0,0,26.61,26.11,26.62,8.92,55.55
$GC,3397,-1.03,-146.6,2530,834,3435,3388,289.4,-8.4,161,3402,0.00,2.10,0.00,0.000,1030,0.000,0.026,2522,2253,3411,3435,3388,0,0,0,0,0,0,26.22,26.15,26.25,8.92,55.74
$GC,3622,-1.03,-146.6,2521,2254,3435,3386,310.8,-8.9,167,3626,0.00,2.17,0.00,0.000,516,0.000,0.030,2522,835,3410,3435,3386,0,0,0,0,0,0,26.61,26.10,26.62,8.91,55.98
$GC,3707,-1.03,-146.6,2521,835,3435,3386,319.0,-9.3,169,3714,0.12,2.10,0.00,0.000,3078,0.145,0.026,2550,2251,3410,3435,3385,0,0,0,0,0,0,25.81,26.14,25.94,8.90,55.98
$GC,3909,-1.03,-146.6,2549,2251,3435,3385,337.3,-9.0,174,3913,0.00,2.12,0.00,0.000,516,0.000,0.030,2550,836,3410,3435,3385,0,0,0,0,0,0,26.61,26.10,26.62,8.89,57.00
$GC,3981,-1.03,-146.6,2550,836,3435,3385,341.4,-9.0,175,3985,0.00,2.10,0.00,0.000,1030,0.000,0.026,2543,2248,3410,3435,3385,0,0,0,0,0,0,26.22,26.14,26.25,8.89,56.65
$GC,4195,-1.03,-146.6,2543,2248,3435,3383,364.3,-9.4,181,4199,0.00,2.17,0.00,0.000,516,0.000,0.030,2543,832,3409,3435,3383,0,0,0,0,0,0,26.61,26.10,26.62,8.88,56.73
$GC,4262,-1.03,-146.6,2542,831,3435,3383,368.5,-9.4,182,4266,0.00,2.10,0.00,0.000,1030,0.000,0.027,2535,2243,3408,3434,3383,0,0,0,0,0,0,26.22,26.14,26.25,8.88,57.16
$GC,4482,-1.03,-146.6,2534,2243,3433,3382,391.6,-9.4,188,4486,0.00,2.12,0.00,0.000,516,0.000,0.030,2534,835,3407,3433,3382,0,0,0,0,0,0,26.61,26.09,26.62,8.88,56.77
$GC,4599,-1.03,-146.6,2534,835,3433,3382,399.9,-9.6,190,4606,0.00,2.10,0.00,0.000,1030,0.000,0.028,2526,2252,3406,3431,3382,0,0,0,0,0,0,26.21,26.13,26.24,8.88,57.40
$GC,4807,-1.03,-146.6,2525,2252,3432,3381,423.1,-9.7,196,4809,0.00,0.00,0.00,0.000,6,0.000,0.000,2526,2252,3406,3431,3381,0,0,0,0,0,0,26.61,26.63,26.62,8.88,57.32
$GC,5006,-1.03,-146.6,2525,2252,3432,3380,442.7,-9.8,201,5012,0.00,2.17,0.00,0.000,260,0.000,0.044,2516,3647,3406,3431,3381,0,0,0,0,0,0,26.61,25.96,26.62,8.87,57.32
$GC,5171,-1.03,-146.6,2515,3647,3430,3380,458.9,-10.0,205,5176,0.12,2.10,0.00,0.000,3078,0.136,0.021,2554,2195,3404,3429,3380,0,0,0,0,0,0,25.86,26.24,25.98,8.86,57.71
$GC,5367,-1.03,-146.6,2554,2195,3430,3380,476.6,-8.9,210,5372,0.00,2.00,0.00,0.000,516,0.000,0.031,2554,865,3405,3430,3380,0,0,0,0,0,0,26.61,26.08,26.62,8.85,57.79
$GC,5399,-1.03,-146.6,2554,865,3430,3380,476.6,-8.9,210,5404,0.00,2.08,0.00,0.000,1030,0.000,0.027,2549,2240,3405,3430,3380,0,0,0,0,0,0,26.17,26.13,26.20,8.86,57.75
$GC,5614,-1.03,-146.6,2548,2240,3430,3379,498.6,-8.8,216,5618,0.00,2.08,0.00,0.000,516,0.000,0.031,2548,863,3404,3430,3379,0,0,0,0,0,0,26.61,26.08,26.62,8.85,58.11
$GC,5764,-1.03,-146.6,2548,862,3430,3379,509.9,-9.0,219,5768,0.00,2.08,0.00,0.000,1030,0.000,0.028,2540,2252,3404,3429,3379,0,0,0,0,0,0,26.20,26.12,26.23,8.85,57.56
$GC,5982,-1.03,-146.6,2539,2252,3429,3377,531.6,-8.8,225,5986,0.00,2.10,0.00,0.000,516,0.000,0.031,2540,863,3403,3429,3377,0,0,0,0,0,0,26.61,26.08,26.62,8.83,58.11
$GC,6100,-1.03,-146.6,2539,863,3429,3377,539.1,-8.9,227,6107,0.00,2.05,0.00,0.000,1030,0.000,0.028,2531,2244,3402,3427,3377,0,0,0,0,0,0,26.20,26.12,26.23,8.83,58.66
$GC,6308,-1.03,-146.6,2530,2244,3427,3376,560.3,-8.6,233,6312,0.00,2.08,0.00,0.000,516,0.000,0.031,2531,871,3401,3427,3376,0,0,0,0,0,0,26.61,26.08,26.62,8.83,58.23
$GC,6424,-1.03,-146.6,2530,871,3427,3376,567.6,-8.6,235,6432,0.00,2.05,0.00,0.000,1030,0.000,0.028,2522,2252,3401,3426,3376,0,0,0,0,0,0,26.20,26.11,26.22,8.83,58.30
$GC,6633,-1.03,-146.6,2522,2252,3426,3375,588.1,-8.3,241,6638,0.00,2.10,0.00,0.000,516,0.000,0.031,2522,868,3401,3426,3376,0,0,0,0,0,0,26.61,26.06,26.62,8.82,58.46
$GC,6763,-1.03,-146.6,2522,868,3425,3376,599.4,-8.9,244,6768,0.10,2.08,0.00,0.000,3078,0.135,0.028,2557,2232,3400,3425,3375,0,0,0,0,0,0,25.72,26.11,25.86,8.82,58.97
$GC,6963,-1.09,-146.6,2556,2232,3424,3374,616.3,-8.2,249,6968,0.00,2.05,0.00,0.000,516,0.000,0.031,2557,874,3399,3424,3374,0,0,0,0,0,0,26.61,26.06,26.62,8.81,59.01
$GC,7048,-1.14,-146.6,2557,874,3424,3374,623.7,-8.4,251,7054,0.05,2.05,0.00,0.000,5126,0.130,0.028,2491,2246,3398,3423,3374,0,0,0,0,0,0,26.06,26.10,26.13,8.81,58.93
$GC,7253,-1.14,-146.6,2491,2246,3422,3374,643.5,-9.7,256,7258,0.00,2.10,0.00,0.000,516,0.000,0.031,2491,862,3398,3423,3374,0,0,0,0,0,0,26.61,26.06,26.62,8.81,59.37
$GC,7331,-1.14,-146.6,2491,862,3423,3374,647.9,-9.8,257,7339,0.10,2.05,0.00,0.000,3078,0.150,0.028,2512,2243,3398,3422,3374,0,0,0,0,0,0,25.83,26.10,25.94,8.80,58.78
$GC,7539,-1.14,-146.6,2512,2243,3422,3373,671.5,-9.6,263,7543,0.00,2.12,0.00,0.000,516,0.000,0.032,2512,868,3397,3422,3373,0,0,0,0,0,0,26.61,26.05,26.62,8.80,59.49
$GC,7651,-1.14,-146.6,2511,868,3422,3373,680.1,-10.0,265,7655,0.00,2.05,0.00,0.000,1030,0.000,0.028,2505,2242,3397,3421,3373,0,0,0,0,0,0,26.18,26.10,26.21,8.79,59.25
$GC,7864,-1.14,-146.6,2505,2242,3421,3372,704.5,-10.0,271,7869,0.00,2.12,0.00,0.000,516,0.000,0.031,2505,867,3396,3421,3371,0,0,0,0,0,0,26.61,26.05,26.62,8.79,58.86
$GC,7976,-1.14,-146.6,2504,867,3422,3371,713.2,-10.2,273,7981,0.00,2.08,0.00,0.000,1030,0.000,0.028,2496,2252,3396,3421,3371,0,0,0,0,0,0,26.17,26.09,26.21,8.79,59.05
$GC,8190,-1.14,-146.6,2496,2252,3420,3370,736.4,-9.4,279,8195,0.00,2.12,0.00,0.000,516,0.000,0.031,2496,878,3395,3420,3370,0,0,0,0,0,0,26.61,26.05,26.62,8.78,59.33
$GC,8316,-1.14,-146.6,2496,878,3420,3370,748.3,-9.5,282,8320,0.00,2.05,0.00,0.000,1030,0.000,0.028,2487,2244,3395,3420,3370,0,0,0,0,0,0,26.17,26.08,26.20,8.78,59.25
$GC,8520,-1.14,-146.6,2486,2244,3420,3369,767.1,-9.1,287,8524,0.00,2.10,0.00,0.000,516,0.000,0.031,2487,863,3394,3420,3369,0,0,0,0,0,0,26.61,26.03,26.62,8.78,60.15
$GC,8603,-1.14,-146.6,2486,863,3419,3369,774.8,-9.1,289,8611,0.12,2.08,0.00,0.000,3078,0.142,0.028,2515,2248,3394,3420,3369,0,0,0,0,0,0,25.75,26.08,25.88,8.78,59.84
$GC,8806,-1.14,-146.6,2515,2248,3419,3368,791.3,-8.0,294,8810,0.00,2.10,0.00,0.000,516,0.000,0.032,2516,869,3393,3419,3367,0,0,0,0,0,0,26.61,26.02,26.62,8.78,59.33
$GC,8907,-1.14,-146.6,2515,869,3420,3368,798.2,-8.1,296,8912,0.00,2.08,0.00,0.000,1030,0.000,0.029,2508,2253,3393,3419,3368,0,0,0,0,0,0,26.16,26.07,26.20,8.77,59.60
$GC,9131,-1.14,-146.6,2508,2253,3418,3367,818.3,-8.3,302,9136,0.00,2.10,0.00,0.000,516,0.000,0.032,2508,875,3392,3418,3367,0,0,0,0,0,0,26.61,26.02,26.62,8.77,59.96
$GC,9249,-1.14,-146.6,2508,875,3418,3367,825.8,-8.7,304,9256,0.00,2.05,0.00,0.000,1030,0.000,0.029,2499,2246,3392,3417,3367,0,0,0,0,0,0,26.15,26.06,26.18,8.76,59.52
$GC,9456,-1.14,-146.6,2499,2246,3418,3366,846.6,-8.8,310,9460,0.00,2.10,0.00,0.000,516,0.000,0.033,2499,872,3392,3418,3366,0,0,0,0,0,0,26.61,26.01,26.62,8.76,59.52
$GC,9553,-1.14,-146.6,2498,872,3418,3366,854.3,-9.0,312,9558,0.00,2.05,0.00,0.000,1030,0.000,0.029,2489,2245,3392,3418,3366,0,0,0,0,0,0,26.15,26.06,26.17,8.76,59.96
$GC,9743,-1.14,-146.6,2488,2245,3417,3365,873.7,-9.6,317,9747,0.00,2.10,0.00,0.000,516,0.000,0.033,2488,867,3391,3417,3365,0,0,0,0,0,0,26.61,26.00,26.62,8.75,59.92
$GC,9856,-1.14,-146.6,2488,867,3417,3365,882.0,-9.7,319,9866,0.12,2.08,0.00,0.000,3078,0.145,0.029,2517,2251,3390,3416,3365,0,0,0,0,0,0,25.72,26.06,25.84,8.75,60.12
$GC,10069,-1.14,-146.6,2517,2250,3416,3365,904.8,-9.3,325,10073,0.00,2.10,0.00,0.000,516,0.000,0.033,2517,875,3390,3416,3365,0,0,0,0,0,0,26.61,26.00,26.62,8.75,60.12
$GC,10189,-1.14,-146.6,2516,876,3417,3365,912.9,-9.4,327,10196,0.00,2.05,0.00,0.000,1030,0.000,0.029,2511,2248,3390,3415,3365,0,0,0,0,0,0,26.13,26.04,26.17,8.75,60.15
$GC,10395,-1.14,-146.6,2510,2248,3415,3364,935.7,-9.3,333,10399,0.00,2.10,0.00,0.000,516,0.000,0.033,2511,871,3389,3415,3364,0,0,0,0,0,0,26.61,25.98,26.62,8.74,60.98
$GC,10487,-1.14,-146.6,2510,871,3415,3364,944.0,-9.5,335,10491,0.00,2.08,0.00,0.000,1030,0.000,0.029,2501,2249,3390,3416,3364,0,0,0,0,0,0,26.13,26.04,26.17,8.75,60.51
$GC,10682,-1.14,-146.6,2500,2249,3415,3364,962.6,-9.1,340,10686,0.00,2.10,0.00,0.000,516,0.000,0.033,2501,873,3389,3415,3363,0,0,0,0,0,0,26.61,25.98,26.62,8.74,60.75
$GC,10754,-1.14,-146.6,2500,873,3415,3363,966.9,-9.2,341,10758,0.00,2.08,0.00,0.000,1030,0.000,0.030,2492,2252,3389,3415,3364,0,0,0,0,0,0,26.13,26.03,26.15,8.74,60.12
$GC,10968,-1.14,-146.6,2491,2252,3415,3363,988.7,-8.9,347,10973,0.00,2.10,0.00,0.000,516,0.000,0.034,2491,875,3388,3414,3363,0,0,0,0,0,0,26.61,25.98,26.62,8.74,60.67
$STATE,11009,end dive,TARGET_DEPTH_EXCEEDED
$STATE,11009,begin apogee
$GC,11018,-0.42,0.0,2486,1734,3415,3363,992.8,-9.0,348,11154,0.80,0.00,132.27,1.343,10246,0.112,0.000,2747,1734,2804,2903,2705,0,0,0,0,0,0,25.35,24.22,22.89,8.74,60.67
$STATE,11155,end apogee,CONTROL_FINISHED_OK
$STATE,11155,begin climb
$GC,11158,1.09,146.6,2747,1734,2901,2705,998.7,0.0,351,11315,1.38,0.00,144.05,1.285,10758,0.066,0.000,3230,1734,2208,2293,2123,0,0,0,0,1,0,24.79,24.15,22.95,8.68,59.41
$GC,11535,1.03,169.3,3230,1734,2290,2121,972.2,9.0,361,11566,0.00,2.25,23.08,1.233,8452,0.000,0.038,3230,3113,2112,2201,2023,0,0,0,0,0,0,26.27,24.97,23.62,8.63,59.33
$GC,11676,0.94,185.9,3230,3112,2201,2023,960.9,9.2,364,11701,0.17,2.08,17.70,1.204,13318,0.138,0.027,3186,1745,2045,2137,1954,0,0,0,0,0,0,25.52,25.86,23.67,8.62,59.92
$GC,11903,0.98,220.8,3186,1745,2137,1954,940.0,8.4,370,11943,0.00,2.35,35.00,1.260,8708,0.000,0.043,3194,319,1902,2019,1785,0,0,0,0,0,0,26.32,24.38,23.53,8.61,60.86
$GC,12045,1.01,248.7,3194,318,2019,1785,929.5,8.7,373,12081,0.00,2.15,28.27,1.236,9222,0.000,0.024,3195,1738,1789,1923,1655,0,0,0,0,0,0,25.88,25.82,23.56,8.60,59.96
$GC,12301,1.03,266.2,3194,1738,1923,1655,903.7,9.2,380,12326,0.00,2.35,17.80,1.193,8708,0.000,0.044,3204,324,1717,1859,1575,0,0,0,0,0,0,26.31,25.13,23.77,8.59,60.47
$GC,12416,1.04,281.1,3204,325,1859,1575,896.2,9.3,382,12437,0.00,2.10,15.18,1.168,9222,0.000,0.025,3204,1718,1659,1806,1512,0,0,0,0,0,0,25.93,25.86,23.75,8.57,60.86
$GC,12621,1.05,291.9,3204,1718,1805,1509,873.1,9.5,388,12637,0.00,2.25,11.12,1.120,8708,0.000,0.045,3213,323,1612,1764,1460,0,0,0,0,0,0,26.30,25.22,23.84,8.57,60.19
$GC,12722,1.06,298.4,3212,322,1764,1461,865.0,9.7,390,12735,0.00,2.12,7.57,1.024,9222,0.000,0.024,3213,1727,1587,1740,1435,0,0,0,0,0,0,25.98,25.91,23.80,8.56,60.67
$GC,12939,1.11,300.2,3212,1727,1738,1433,841.8,9.9,395,12945,0.00,2.25,0.00,0.000,516,0.000,0.045,3220,319,1585,1738,1432,0,0,0,0,0,0,26.37,25.87,26.38,8.56,61.38
$GC,13028,1.11,300.2,3219,319,1739,1432,833.3,10.0,397,13033,0.00,2.10,0.00,0.000,1030,0.000,0.025,3220,1718,1585,1738,1432,0,0,0,0,0,0,26.15,26.08,26.17,8.55,60.59
$GC,13224,1.11,301.3,3220,1718,1739,1432,813.1,9.9,402,13230,0.00,2.22,0.00,0.000,516,0.000,0.046,3220,320,1585,1739,1432,0,0,0,0,0,0,26.51,25.96,26.51,8.56,60.94
$GC,13332,1.11,301.3,3220,320,1739,1433,804.6,10.1,404,13337,0.00,2.10,0.00,0.000,1030,0.000,0.026,3220,1721,1586,1739,1433,0,0,0,0,0,0,26.22,26.15,26.25,8.55,61.06
$GC,13546,1.11,301.3,3220,1721,1738,1433,780.1,10.2,410,13550,0.00,2.22,0.00,0.000,516,0.000,0.046,3220,326,1586,1739,1433,0,0,0,0,0,0,26.56,25.98,26.57,8.55,61.57
$GC,13648,1.11,301.3,3220,325,1738,1432,771.5,10.2,412,13652,0.00,2.10,0.00,0.000,1030,0.000,0.026,3221,1731,1585,1738,1433,0,0,0,0,0,0,26.25,26.18,26.28,8.55,61.26
$GC,13873,1.11,301.3,3220,1731,1739,1432,747.0,10.1,418,13878,0.00,2.25,0.00,0.000,516,0.000,0.046,3221,323,1585,1739,1432,0,0,0,0,0,0,26.58,25.98,26.59,8.54,62.04
$GC,13970,1.11,301.3,3220,323,1738,1432,738.0,10.2,420,13974,0.00,2.10,0.00,0.000,1030,0.000,0.026,3220,1725,1585,1738,1433,0,0,0,0,0,0,26.25,26.19,26.28,8.54,61.89
$GC,14158,1.11,301.3,3220,1725,1739,1433,717.6,10.1,425,14164,0.00,2.28,0.00,0.000,516,0.000,0.047,3222,301,1586,1740,1432,0,0,0,0,0,0,26.59,25.97,26.60,8.55,61.97
$GC,14271,1.11,301.3,3222,301,1739,1432,708.8,10.3,427,14275,0.00,2.12,0.00,0.000,1030,0.000,0.026,3223,1718,1585,1739,1432,0,0,0,0,0,0,26.25,26.18,26.27,8.54,61.81
$GC,14486,1.11,301.3,3222,1718,1738,1432,684.4,10.1,433,14495,0.00,2.22,4.07,0.747,8708,0.000,0.045,3232,324,1573,1727,1419,0,0,0,0,0,0,26.59,25.31,23.83,8.54,61.85
$GC,14608,1.11,301.3,3231,325,1729,1422,671.8,10.3,436,14612,0.00,2.10,0.00,0.000,1030,0.000,0.026,3231,1718,1575,1728,1422,0,0,0,0,0,0,26.21,26.13,26.23,8.54,61.77
$GC,14812,1.11,301.3,3231,1718,1728,1422,650.9,10.2,441,14818,0.00,2.22,0.00,0.000,516,0.000,0.046,3235,321,1575,1728,1422,0,0,0,0,0,0,26.57,25.93,26.58,8.54,61.93
$GC,14926,1.11,301.6,3234,321,1728,1422,642.7,10.0,443,14935,0.00,2.10,0.00,0.000,1030,0.000,0.026,3235,1728,1575,1728,1422,0,0,0,0,0,0,26.22,26.15,26.25,8.53,62.16
$GC,15135,1.12,309.2,3234,1728,1728,1422,619.2,9.6,449,15149,0.00,2.17,8.93,0.998,8452,0.000,0.039,3235,3100,1542,1698,1387,0,0,0,0,0,0,26.58,25.27,23.84,8.53,61.93
$GC,15257,1.13,314.9,3234,3100,1698,1387,607.5,9.7,452,15270,0.00,2.08,7.15,0.934,9222,0.000,0.028,3243,1725,1519,1677,1362,0,0,0,0,0,0,26.11,26.03,23.80,8.53,62.24
$GC,15455,1.14,328.5,3243,1725,1676,1361,588.6,9.4,457,15476,0.00,2.20,14.05,1.043,8452,0.000,0.038,3243,3100,1463,1627,1300,0,0,0,0,0,0,26.44,25.14,23.77,8.54,61.93
$GC,15518,1.15,342.6,3243,3100,1626,1300,584.8,9.4,458,15538,0.00,2.12,14.40,1.029,9222,0.000,0.028,3252,1704,1408,1576,1241,0,0,0,0,0,0,25.89,25.82,23.67,8.53,61.38
$GC,15733,1.16,345.7,3251,1704,1574,1238,561.4,9.9,464,15743,0.00,2.17,3.95,0.682,8452,0.000,0.037,3252,3099,1393,1560,1226,0,0,0,0,0,0,26.32,24.58,23.72,8.53,61.89
$GC,15797,1.16,345.7,3252,3099,1560,1227,557.2,10.0,465,15801,0.00,2.10,0.00,0.000,1030,0.000,0.028,3260,1720,1393,1559,1227,0,0,0,0,0,0,26.00,25.92,26.03,8.53,61.65
$GC,16015,1.16,345.7,3260,1718,1559,1228,531.3,10.6,471,16020,0.00,2.20,0.00,0.000,260,0.000,0.039,3260,3110,1394,1560,1228,0,0,0,0,0,0,26.46,25.95,26.46,8.52,61.53
$GC,16059,1.16,345.7,3259,3110,1559,1228,526.5,10.8,472,16064,0.00,2.15,0.00,0.000,1030,0.000,0.028,3269,1709,1393,1559,1228,0,0,0,0,0,0,26.07,26.03,26.10,8.53,62.60
$GC,16263,1.16,345.7,3268,1707,1559,1228,503.2,11.5,477,16264,0.00,0.00,0.00,0.000,6,0.000,0.000,3269,1707,1393,1559,1228,0,0,0,0,0,0,26.53,26.54,26.54,8.53,61.57
$GC,16464,1.16,345.7,3268,1707,1560,1228,479.5,12.0,482,16468,0.00,2.17,0.00,0.000,260,0.000,0.038,3269,3109,1393,1559,1228,0,0,0,0,0,0,26.56,26.00,26.57,8.53,61.65
$GC,16516,1.16,345.7,3268,3110,1560,1228,473.8,12.1,483,16520,0.00,2.10,0.00,0.000,1030,0.000,0.028,3271,1712,1393,1559,1227,0,0,0,0,0,0,26.19,26.10,26.22,8.53,61.73
$GC,16709,1.16,345.7,3270,1710,1560,1228,448.6,12.4,488,16713,0.00,2.20,0.00,0.000,516,0.000,0.044,3281,326,1393,1559,1228,0,0,0,0,0,0,26.58,25.93,26.58,8.53,61.97
$GC,16810,1.16,345.7,3280,325,1559,1228,437.8,12.8,490,16815,0.00,2.08,0.00,0.000,1030,0.000,0.024,3281,1721,1393,1559,1228,0,0,0,0,0,0,26.23,26.16,26.25,8.53,62.36
$GC,17035,1.16,345.7,3281,1722,1560,1228,406.8,12.8,496,17040,0.00,2.15,0.00,0.000,260,0.000,0.038,3281,3113,1394,1560,1228,0,0,0,0,0,0,26.59,26.00,26.60,8.54,61.69
$GC,17123,1.16,345.7,3281,3114,1559,1228,395.5,13.0,498,17130,0.10,2.10,0.00,0.000,5126,0.145,0.028,3257,1715,1394,1560,1228,0,0,0,0,0,0,25.85,26.12,25.97,8.54,61.89
$GC,17321,1.16,345.7,3257,1715,1559,1228,371.9,11.5,503,17326,0.00,2.15,0.00,0.000,260,0.000,0.038,3257,3103,1393,1559,1228,0,0,0,0,0,0,26.59,25.99,26.60,8.54,61.85
$GC,17359,1.16,345.7,3257,3103,1559,1228,371.9,11.5,503,17366,0.00,2.08,0.00,0.000,1030,0.000,0.028,3265,1705,1393,1559,1228,0,0,0,0,0,0,26.19,26.11,26.22,8.54,62.20
$GC,17566,1.16,345.7,3264,1705,1560,1228,344.5,11.0,509,17568,0.00,0.00,0.00,0.000,6,0.000,0.000,3265,1705,1394,1560,1228,0,0,0,0,0,0,26.60,26.60,26.60,8.55,61.65
$GC,17766,1.16,345.7,3264,1705,1559,1228,322.5,11.1,514,17770,0.00,2.20,0.00,0.000,260,0.000,0.038,3264,3101,1394,1560,1228,0,0,0,0,0,0,26.60,25.98,26.60,8.55,61.57
$GC,17877,1.16,345.7,3264,3102,1560,1228,312.9,11.3,516,17882,0.00,2.05,0.00,0.000,1030,0.000,0.027,3273,1733,1393,1559,1228,0,0,0,0,0,0,26.20,26.11,26.22,8.55,61.38
$GC,18091,1.16,345.7,3272,1733,1559,1228,285.8,11.0,522,18096,0.00,2.17,0.00,0.000,260,0.000,0.039,3273,3108,1393,1559,1228,0,0,0,0,0,0,26.60,25.98,26.60,8.55,61.30
$GC,18123,1.16,345.7,3272,3108,1559,1228,285.8,11.0,522,18127,0.00,2.10,0.00,0.000,1030,0.000,0.026,3283,1710,1393,1559,1228,0,0,0,0,0,0,26.20,26.13,26.22,8.56,61.45
$GC,18337,1.16,345.7,3282,1709,1560,1228,258.7,11.0,528,18342,0.00,2.17,0.00,0.000,260,0.000,0.038,3283,3114,1393,1559,1228,0,0,0,0,0,0,26.60,25.97,26.60,8.56,61.57
$GC,18394,1.16,345.7,3282,3113,1559,1228,253.6,11.1,529,18400,0.12,2.10,0.00,0.000,5126,0.134,0.026,3250,1708,1394,1560,1228,0,0,0,0,0,0,25.81,26.11,25.93,8.56,61.73
$GC,18619,1.21,345.7,3250,1706,1559,1228,227.6,10.9,535,18624,0.00,2.17,0.00,0.000,260,0.000,0.037,3250,3113,1393,1559,1228,0,0,0,0,0,0,26.60,25.97,26.60,8.56,61.65
$GC,18704,1.21,345.7,3250,3113,1559,1228,217.8,11.3,537,18709,0.00,2.10,0.00,0.000,1030,0.000,0.026,3258,1724,1393,1559,1228,0,0,0,0,0,0,26.20,26.13,26.22,8.56,60.47
$GC,18909,1.26,345.7,3257,1724,1560,1228,194.8,11.2,543,18915,0.00,2.22,0.00,0.000,516,0.000,0.044,3268,313,1394,1560,1228,0,0,0,0,0,0,26.60,25.88,26.60,8.56,60.90
$GC,18922,1.32,345.7,3268,313,1560,1228,194.8,11.2,543,18931,0.05,2.08,0.00,0.000,3078,0.131,0.024,3326,1718,1394,1560,1228,0,0,0,0,0,0,26.06,26.14,26.13,8.56,60.51
$GC,19110,1.32,345.7,3325,1718,1559,1228,170.7,11.8,553,19113,0.00,2.15,0.00,0.000,260,0.000,0.038,3326,3106,1393,1559,1228,0,0,0,0,0,0,26.59,25.96,26.60,8.57,61.34
$GC,19221,1.25,345.7,3325,3108,1560,1228,157.9,12.5,558,19227,0.12,2.12,0.00,0.000,5126,0.115,0.026,3279,1720,1393,1559,1228,0,0,0,0,0,0,25.71,26.12,25.85,8.57,61.06
$GC,19418,1.25,345.7,3278,1720,1560,1228,135.7,10.9,568,19422,0.00,2.15,0.00,0.000,260,0.000,0.037,3279,3104,1393,1559,1228,0,0,0,0,0,0,26.59,25.96,26.60,8.58,60.67
$GC,19463,1.25,345.7,3278,3104,1559,1228,130.8,10.9,570,19468,0.00,2.10,0.00,0.000,1030,0.000,0.027,3287,1700,1394,1560,1228,0,0,0,0,0,0,26.17,26.09,26.20,8.58,60.39
$GC,19663,1.25,345.7,3286,1699,1559,1228,109.6,10.4,580,19667,0.00,2.17,0.00,0.000,260,0.000,0.038,3287,3104,1394,1560,1228,0,0,0,0,0,0,26.60,25.95,26.60,8.58,60.35
$GC,19715,1.25,345.7,3286,3104,1560,1228,104.7,10.8,582,19719,0.00,2.10,0.00,0.000,1030,0.000,0.026,3296,1731,1394,1560,1228,0,0,0,0,0,0,26.15,26.11,26.17,8.59,60.43
$GC,19911,1.25,345.7,3295,1732,1560,1228,84.0,10.3,592,19917,0.00,2.25,0.00,0.000,516,0.000,0.043,3306,307,1394,1560,1228,0,0,0,0,0,0,26.60,25.87,26.60,8.59,60.19
$GC,19954,1.25,345.7,3306,307,1560,1229,79.6,10.4,594,19958,0.00,2.10,0.00,0.000,1030,0.000,0.024,3306,1721,1394,1560,1229,0,0,0,0,0,0,26.20,26.13,26.22,8.60,60.27
$GC,20153,1.28,377.0,3306,1721,1560,1229,60.7,8.6,604,20191,0.00,2.22,28.08,0.736,8452,0.000,0.037,3306,3105,1265,1438,1092,0,0,0,0,0,0,26.60,25.02,23.93,8.62,60.90
$GC,20358,1.31,407.9,3306,3104,1439,1094,46.0,8.6,616,20398,0.00,2.10,31.85,0.715,9222,0.000,0.026,3315,1713,1139,1298,981,0,0,0,0,0,0,26.01,25.94,23.97,8.66,62.44
$GC,20580,1.35,453.9,3315,1713,1298,982,27.5,7.9,638,20629,0.00,2.28,41.58,0.687,8452,0.000,0.037,3315,3109,950,1059,842,0,0,0,0,0,0,26.29,24.94,24.00,8.72,62.24
$GC,20670,1.35,453.9,3315,3109,1058,842,19.0,10.9,646,20678,0.00,2.12,0.00,0.000,1030,0.000,0.025,3324,1706,950,1059,842,0,0,0,0,0,0,25.72,25.65,25.74,8.72,61.18
$STATE,20825,end climb,SURFACE_DEPTH_REACHED
$STATE,20825,begin surface coast
$FINISH,-1.2,1.022646
$STATE,20858,end surface coast,CONTROL_FINISHED_OK
$STATE,20858,begin surface
$SM_CCo,20879,69.15,0.055,0,0,499,565.66
$SM_GC,-0.14,8.25,0.80,69.15,0.037,0.038,0.055,168,2223,499,-8.30,-1.75,565.66,0,0,0,0,0,0,26.04,25.91,25.70
$IRIDIUM_FIX,733.01,-14029.77,130325,093605
$TT8_MAMPS,0.026964,0.378994
$HUMID,55.23
$INTERNAL_PRESSURE,8.69302
$TCM_TEMP,17.00
$XPDR_PINGS,0
$ALTIM_TOP_PING,19.0,19.7
$24V_AH,22.89,73.408
$10V_AH,9.55,49.880
$FG_AHR_24Vo,0.000
$FG_AHR_10Vo,0.000
$DEVICES,Pitch_motor,Roll_motor,VBD_pump_during_apogee,VBD_pump_during_surface,VBD_valve,Iridium_during_init,Iridium_during_connect,Iridium_during_xfer,Transponder_ping,GUMSTIX_24V,GPS,TT8,LPSleep,TT8_Active,TT8_Sampling,TT8_CF8,TT8_Kalman,Analog_circuits,GPS_charging,Compass,RAFOS,Transponder,Compass2
$DEVICE_SECS,21.525,276.125,586.100,69.150,0.000,0.000,0.000,305.650,0.250,0.000,26.186,3055.810,13686.371,812.516,3351.246,490.688,0.000,2844.077,0.000,2871.066,0.000,2.764,0.000
$DEVICE_MAMPS,201.960,46.665,1343.340,55.080,0.000,0.000,0.000,87.210,420.000,0.000,30.710,15.210,2.190,15.210,43.670,53.410,0.000,14.000,0.000,8.240,0.000,30.000,0.000
$SENSORS,SBE_CT,WL_blue_red_Chl,AA4330,nil,nil,nil,nil,nil,nil,nil
$SENSOR_SECS,577.650,0.000,889.432,0.000,0.000,0.000,0.000,0.000,0.000,0.000
$SENSOR_MAMPS,22.470,0.000,11.230,0.000,0.000,0.000,0.000,0.000,0.000,0.000
$MEM,311940
$DATA_FILE_SIZE,52171,665
$CAP_FILE_SIZE,243500,0
$CFSIZE,2097872896,2033680384
$ERRORS,0,0,0,0,0,0,0,0,0,0,0,0,0,1,1,0
$CURRENT,0.091,21.59,1
$GPS,280705,214754,735.722,-14029.916,32,0.8,80,9.3,0.9,199.8,9,3.8
