version: 66.14
glider: 195
mission: 21
dive: 336
start: 7 2 105 16 42 10
data:
$ID,195
$MISSION,21
$DIVE,336
$N_DIVES,0
$STOP_T,0
$D_SURF,3
$D_FLARE,2
$D_TGT,990
$D_ABORT,1090
$D_NO_BLEED,50
$D_BOOST,3
$T_BOOST,0
$D_FINISH,0
$D_PITCH,0
$D_SAFE,0
$D_CALL,0
$SURFACE_URGENCY,0
$SURFACE_URGENCY_TRY,0
$SURFACE_URGENCY_FORCE,0
$T_DIVE,330
$T_MISSION,600
$T_ABORT,1440
$T_TURN,300
$T_TURN_SAMPINT,5
$T_NO_W,120
$T_LOITER,0
$T_SLOITER,60
$T_EPIRB,0
$USE_BATHY,0
$USE_ICE,0
$ICE_FREEZE_MARGIN,0.30000001
$D_OFFGRID,990
$T_WATCHDOG,10
$RELAUNCH,1
$APOGEE_PITCH,-8
$MAX_BUOY,150
$COURSE_BIAS,0
$GLIDE_SLOPE,30
$SPEED_FACTOR,1
$RHO,1.023
$MASS,54002
$MASS_COMP,0
$NAV_MODE,2
$FERRY_MAX,45
$KALMAN_USE,2
$HD_A,0.0038000001
$HD_B,0.0099999998
$HD_C,9.8500004e-06
$HEADING,0
$ESCAPE_HEADING,0
$ESCAPE_HEADING_DELTA,10
$FIX_MISSING_TIMEOUT,0
$TGT_DEFAULT_LAT,4736
$TGT_DEFAULT_LON,-12225
$TGT_AUTO_DEFAULT,0
$SM_CC,250
$N_FILEKB,4
$FILEMGR,0
$CALL_NDIVES,1
$COMM_SEQ,0
$PROTOCOL,9
$N_NOCOMM,1
$NOCOMM_ACTION,0
$N_NOSURFACE,0
$UPLOAD_DIVES_MAX,-1
$CALL_TRIES,5
$CALL_WAIT,60
$CAPUPLOAD,0
$CAPMAXSIZE,200000
$HEAPDBG,0
$T_GPS,15
$N_GPS,50840
$T_RSLEEP,2
$STROBE,0
$RAFOS_PEAK_OFFSET,1.5
$RAFOS_CORR_THRESH,60
$RAFOS_HIT_WINDOW,3600
$RAFOS_MMODEM,0
$PITCH_MIN,207
$PITCH_MAX,3915
$C_PITCH,2900
$PITCH_DBAND,0.1
$PITCH_CNV,0.003125763
$P_OVSHOOT,0.039999999
$P_OVSHOOT_WITHG,0.079999998
$PITCH_GAIN,24
$PITCH_TIMEOUT,17
$PITCH_AD_RATE,160
$PITCH_MAXERRORS,1
$PITCH_ADJ_GAIN,0.02
$PITCH_ADJ_DBAND,2.5
$ROLL_MIN,224
$ROLL_MAX,3758
$ROLL_DEG,40
$C_ROLL_DIVE,2113
$C_ROLL_CLIMB,1605
$HEAD_ERRBAND,10
$ROLL_CNV,0.028270001
$ROLL_TIMEOUT,15
$R_PORT_OVSHOOT,44
$R_STBD_OVSHOOT,66
$ROLL_AD_RATE,350
$ROLL_MAXERRORS,2
$ROLL_ADJ_GAIN,0
$ROLL_ADJ_DBAND,0
$VBD_MIN,500
$VBD_MAX,3960
$C_VBD,2806
$VBD_DBAND,2
$VBD_CNV,-0.24529999
$VBD_LP_IGNORE,0
$VBD_TIMEOUT,720
$PITCH_VBD_SHIFT,0.001
$VBD_PUMP_AD_RATE_SURFACE,5
$VBD_PUMP_AD_RATE_APOGEE,4
$VBD_BLEED_AD_RATE,8
$UNCOM_BLEED,60
$VBD_MAXERRORS,1
$W_ADJ_DBAND,0
$DBDW,0
$PITCH_W_GAIN,0
$PITCH_W_DBAND,0
$CF8_MAXERRORS,5
$AH0_24V,150
$AH0_10V,97
$MINV_24V,19
$MINV_10V,8
$MAXI_24V,0.80000001
$MAXI_10V,0.60000002
$FG_AHR_10V,0
$FG_AHR_24V,0
$PHONE_SUPPLY,-2
$PRESSURE_YINT,-49.397121
$PRESSURE_SLOPE,0.0001168043
$AD7714Ch0Gain,128
$TCM_PITCH_OFFSET,0
$TCM_ROLL_OFFSET,0
$COMPASS_USE,4
$ALTIM_BOTTOM_PING_RANGE,0
$ALTIM_TOP_PING_RANGE,20
$ALTIM_BOTTOM_TURN_MARGIN,0
$ALTIM_TOP_TURN_MARGIN,0
$ALTIM_TOP_MIN_OBSTACLE,1
$ALTIM_PING_DEPTH,0
$ALTIM_PING_DELTA,0
$ALTIM_FREQUENCY,13
$ALTIM_PULSE,3
$ALTIM_SENSITIVITY,3
$XPDR_VALID,5
$XPDR_INHIBIT,90
$INT_PRESSURE_SLOPE,0.0097660003
$INT_PRESSURE_YINT,-0.77999997
$DEEPGLIDER,0
$MOTHERBOARD,4
$DEVICE1,2
$DEVICE2,115
$DEVICE3,101
$DEVICE4,-1
$DEVICE5,-1
$DEVICE6,-1
$LOGGERS,0
$LOGGERDEVICE1,-1
$LOGGERDEVICE2,-1
$LOGGERDEVICE3,-1
$LOGGERDEVICE4,-1
$COMPASS_DEVICE,33
$COMPASS2_DEVICE,-1
$PHONE_DEVICE,49
$GPS_DEVICE,32
$RAFOS_DEVICE,-1
$XPDR_DEVICE,24
$SIM_W,0
$SIM_PITCH,0
$SEABIRD_T_G,0.0044178674
$SEABIRD_T_H,0.00064818078
$SEABIRD_T_I,2.6779007e-05
$SEABIRD_T_J,3.3667231e-06
$SEABIRD_C_G,-10.098215
$SEABIRD_C_H,1.1454017
$SEABIRD_C_I,-0.0021276253
$SEABIRD_C_J,0.00025532115
$SEABIRD_C_Z,2974.52
$GPS1,020705,162907,611.3304,-14105.0273,44,0.8,55,9.2,0.6,198.1,10,4.7
$_CALLS,4
$_XMS_NAKs,0
$_XMS_TOUTs,0
$_SM_DEPTHo,0.27
$_SM_ANGLEo,-60.9
$GPS2,020705,164131,611.2984,-14105.0107,7,0.8,25,9.2,0.3,119.1,10,4.9
$SPEED_LIMITS,0.173,0.262
$TGT_NAME,HEADING
$TGT_LATLONG,622.098,-14105.011
$TGT_RADIUS,1852.000
$KALMAN_CONTROL,0.000000,0.000000
$KALMAN_X,0.000000,0.000000,0.000000,0.000000,0.000000
$KALMAN_Y,0.000000,0.000000,0.000000,0.000000,0.000000
$MHEAD_RNG_PITCHd_Wd,321.8,20000,-18.1,-10.000,-20.93,2235
$D_GRID,990
$GCHEAD,st_secs,pitch_ctl,vbd_ctl,pitch_ad_start,roll_ad_start,vbd_pot1_ad_start,vbd_pot2_ad_start,depth,ob_vertv,data_pts,end_secs,pitch_secs,roll_secs,vbd_secs,vbd_i,gcphase,pitch_i,roll_i,pitch_ad,roll_ad,vbd_ad,vbd_pot1_ad,vbd_pot2_ad,pitch_retries,pitch_errors,roll_retries,roll_errors,vbd_retries,vbd_errors,pitch_volts,roll_volts,vbd_volts,int_press,humidity
$STATE,7,end surface,CONTROL_FINISHED_OK
$STATE,7,begin dive
$GC,74,-0.90,-146.6,146,2086,1083,870,0.4,-0.3,6,143,0.00,0.00,-66.22,0.000,16386,0.000,0.000,146,2086,2737,2755,2719,0,0,0,0,0,0,26.41,28.83,26.42,8.89,49.80
$GC,147,-0.90,-146.6,146,2087,2757,2719,2.3,-4.3,13,178,9.50,2.25,-14.98,0.000,18692,0.204,0.050,2598,3494,3406,3424,3388,0,0,0,0,0,0,25.17,23.91,25.54,9.07,49.60
$GC,235,-0.79,-146.6,2597,3494,3430,3388,16.8,-16.0,21,241,0.15,2.03,0.00,0.000,3078,0.144,0.019,2643,2081,3408,3430,3387,0,0,0,0,0,0,25.71,26.14,25.86,9.13,49.25
$GC,430,-0.79,-146.6,2642,2082,3431,3388,46.3,-14.3,40,435,0.00,2.00,0.00,0.000,516,0.000,0.031,2643,740,3409,3430,3388,0,0,0,0,0,0,26.55,26.07,26.55,9.15,50.39
$GC,447,-0.79,-146.6,2642,740,3431,3388,48.3,-14.5,41,454,0.00,1.98,0.00,0.000,1030,0.000,0.024,2636,2100,3409,3431,3388,0,0,0,0,0,0,26.24,26.17,26.26,9.15,50.27
$GC,644,-0.79,-146.6,2636,2101,3432,3388,75.4,-12.6,52,648,0.00,2.03,0.00,0.000,516,0.000,0.031,2636,737,3409,3431,3388,0,0,0,0,0,0,26.60,26.12,26.60,9.16,49.40
$GC,767,-0.79,-146.6,2636,737,3432,3388,89.8,-11.6,58,771,0.00,2.00,0.00,0.000,1030,0.000,0.024,2627,2123,3410,3432,3388,0,0,0,0,0,0,26.29,26.23,26.32,9.17,49.64
$GC,971,-0.79,-146.6,2626,2124,3433,3388,109.9,-9.1,68,975,0.00,2.05,0.00,0.000,516,0.000,0.030,2627,738,3410,3433,3388,0,0,0,0,0,0,26.63,26.16,26.64,9.18,50.31
$GC,983,-0.79,-146.6,2626,738,3433,3388,109.9,-9.1,68,987,0.00,2.00,0.00,0.000,1030,0.000,0.024,2618,2126,3410,3433,3388,0,0,0,0,0,0,26.32,26.25,26.34,9.17,50.31
$GC,1176,-0.79,-146.6,2618,2125,3434,3388,125.8,-6.8,78,1181,0.00,2.08,0.00,0.000,516,0.000,0.030,2618,726,3411,3435,3388,0,0,0,0,0,0,26.64,26.17,26.65,9.17,49.44
$GC,1421,-0.79,-146.6,2618,726,3438,3388,140.4,-6.2,90,1427,0.10,2.05,0.00,0.000,3078,0.134,0.023,2642,2112,3413,3438,3388,0,0,0,0,0,0,25.94,26.28,26.01,9.13,49.09
$GC,1627,-0.87,-146.6,2642,2112,3440,3388,152.3,-5.4,100,1631,0.00,2.05,0.00,0.000,516,0.000,0.029,2642,737,3414,3440,3388,0,0,0,0,0,0,26.65,26.18,26.66,9.10,48.74
$GC,1680,-0.92,-146.6,2641,737,3440,3388,154.6,-5.1,102,1685,0.05,2.00,0.00,0.000,5126,0.130,0.023,2573,2116,3414,3440,3388,0,0,0,0,0,0,26.20,26.28,26.27,9.09,48.89
$GC,1874,-0.92,-146.6,2566,2116,3440,3388,168.3,-7.2,112,1879,0.12,2.05,0.00,0.000,2564,0.141,0.030,2605,741,3414,3440,3388,0,0,0,0,0,0,26.12,26.18,26.20,9.07,49.44
$GC,1907,-0.92,-146.6,2604,737,3440,3388,170.0,-7.1,113,1911,0.00,1.98,0.00,0.000,1030,0.000,0.023,2598,2113,3414,3440,3388,0,0,0,0,0,0,26.34,26.28,26.36,9.06,49.37
$GC,2101,-0.92,-146.6,2597,2113,3440,3388,184.3,-6.6,123,2105,0.00,2.10,0.00,0.000,260,0.000,0.038,2588,3496,3414,3441,3388,0,0,0,0,0,0,26.65,26.13,26.66,9.04,49.80
$GC,2187,-0.92,-146.6,2587,3497,3439,3388,189.3,-6.0,127,2192,0.00,1.98,0.00,0.000,1030,0.000,0.018,2588,2099,3414,3440,3388,0,0,0,0,0,0,26.39,26.34,26.40,9.03,49.68
$GC,2387,-0.92,-146.6,2587,2099,3441,3388,200.5,-5.2,137,2389,0.00,0.00,0.00,0.000,6,0.000,0.000,2588,2099,3414,3440,3388,0,0,0,0,0,0,26.65,26.67,26.66,9.03,50.66
$GC,2589,-0.92,-146.6,2587,2099,3440,3387,212.0,-5.9,142,2590,0.00,0.00,0.00,0.000,6,0.000,0.000,2588,2099,3414,3440,3388,0,0,0,0,0,0,26.66,26.67,26.66,9.00,51.10
$GC,2786,-0.92,-146.6,2587,2099,3440,3388,226.0,-7.1,147,2790,0.00,2.15,0.00,0.000,260,0.000,0.039,2577,3495,3414,3440,3388,0,0,0,0,0,0,26.66,26.12,26.67,8.99,51.81
$GC,2813,-0.92,-146.6,2577,3496,3440,3387,226.0,-7.1,147,2817,0.00,1.98,0.00,0.000,1030,0.000,0.018,2577,2104,3413,3440,3387,0,0,0,0,0,0,26.39,26.34,26.40,8.99,51.45
$GC,3032,-0.92,-146.6,2576,2104,3440,3387,243.3,-7.0,153,3036,0.00,2.08,0.00,0.000,516,0.000,0.031,2577,740,3413,3439,3387,0,0,0,0,0,0,26.66,26.16,26.67,8.97,52.63
$GC,3104,-0.92,-146.6,2576,740,3439,3387,246.4,-7.1,154,3115,0.10,2.00,0.00,0.000,3078,0.151,0.024,2599,2119,3413,3439,3387,0,0,0,0,0,0,25.97,26.27,26.09,8.96,52.67
$GC,3318,-0.98,-146.6,2598,2119,3437,3387,263.4,-7.1,160,3323,0.00,2.12,0.00,0.000,260,0.000,0.039,2591,3499,3411,3436,3387,0,0,0,0,0,0,26.65,26.11,26.66,8.95,53.54
$GC,3405,-0.98,-146.6,2591,3499,3435,3387,270.1,-7.4,162,3410,0.00,1.98,0.00,0.000,1030,0.000,0.019,2591,2116,3411,3435,3387,0,0,0,0,0,0,26.37,26.32,26.39,8.94,53.22
$GC,3611,-1.04,-146.6,2591,2116,3434,3386,285.1,-7.3,167,3616,0.00,2.08,0.00,0.000,516,0.000,0.031,2591,731,3410,3434,3386,0,0,0,0,0,0,26.66,26.15,26.67,8.93,54.09
$GC,3664,-1.04,-146.6,2591,731,3434,3386,288.5,-7.2,168,3668,0.00,2.03,0.00,0.000,1030,0.000,0.024,2583,2121,3409,3434,3385,0,0,0,0,0,0,26.32,26.25,26.34,8.93,54.21
$GC,3857,-1.04,-146.6,2583,2121,3434,3384,302.9,-7.2,173,3862,0.00,2.12,0.00,0.000,260,0.000,0.040,2572,3504,3408,3433,3384,0,0,0,0,0,0,26.66,26.10,26.67,8.93,54.09
$GC,3910,-1.04,-146.6,2572,3504,3432,3383,306.4,-7.4,174,3914,0.00,2.00,0.00,0.000,1030,0.000,0.020,2572,2106,3407,3432,3383,0,0,0,0,0,0,26.37,26.32,26.39,8.92,54.64
$GC,4104,-1.04,-146.6,2572,2106,3432,3383,322.8,-8.2,179,4108,0.00,2.05,0.00,0.000,516,0.000,0.031,2572,738,3407,3432,3383,0,0,0,0,0,0,26.66,26.15,26.67,8.91,54.44
$GC,4201,-1.04,-146.6,2572,738,3431,3383,330.1,-8.4,181,4205,0.00,2.03,0.00,0.000,1030,0.000,0.024,2564,2126,3406,3431,3382,0,0,0,0,0,0,26.32,26.25,26.34,8.91,54.01
$GC,4390,-1.04,-146.6,2563,2126,3431,3381,346.7,-8.2,186,4395,0.00,2.15,0.00,0.000,260,0.000,0.040,2554,3499,3405,3430,3381,0,0,0,0,0,0,26.65,26.09,26.67,8.91,55.11
$GC,4452,-1.04,-146.6,2553,3499,3430,3380,350.5,-8.3,187,4457,0.00,2.00,0.00,0.000,1030,0.000,0.021,2554,2110,3405,3430,3380,0,0,0,0,0,0,26.36,26.31,26.39,8.90,54.76
$GC,4679,-1.04,-146.6,2553,2109,3429,3379,371.0,-8.5,193,4683,0.00,2.08,0.00,0.000,516,0.000,0.033,2554,732,3404,3429,3379,0,0,0,0,0,0,26.66,26.13,26.67,8.89,55.98
$GC,4806,-1.04,-146.6,2553,732,3428,3379,382.6,-9.1,196,4810,0.00,2.08,0.00,0.000,1030,0.000,0.025,2544,2119,3403,3427,3379,0,0,0,0,0,0,26.28,26.24,26.29,8.89,55.86
$GC,5010,-1.04,-146.6,2544,2119,3426,3377,401.2,-9.0,201,5015,0.00,2.17,0.00,0.000,260,0.000,0.040,2534,3503,3401,3426,3377,0,0,0,0,0,0,26.66,26.10,26.67,8.88,55.55
$GC,5109,-1.04,-146.6,2533,3503,3425,3377,409.2,-9.3,203,5114,0.10,2.03,0.00,0.000,3078,0.151,0.021,2564,2102,3400,3424,3377,0,0,0,0,0,0,25.97,26.30,26.08,8.88,56.18
$GC,5299,-1.04,-146.6,2563,2102,3424,3375,426.4,-8.3,208,5304,0.00,2.10,0.00,0.000,516,0.000,0.033,2564,734,3400,3425,3376,0,0,0,0,0,0,26.66,26.13,26.67,8.88,55.90
$GC,5367,-1.04,-146.6,2563,734,3424,3376,430.1,-8.3,209,5371,0.00,2.03,0.00,0.000,1030,0.000,0.025,2556,2113,3400,3424,3376,0,0,0,0,0,0,26.31,26.23,26.33,8.87,55.51
$GC,5587,-1.04,-146.6,2556,2113,3423,3374,449.5,-8.0,215,5588,0.00,0.00,0.00,0.000,6,0.000,0.000,2557,2113,3398,3423,3374,0,0,0,0,0,0,26.65,26.67,26.67,8.87,56.34
$GC,5785,-1.04,-146.6,2556,2114,3422,3373,465.3,-8.0,220,5789,0.00,2.10,0.00,0.000,516,0.000,0.033,2557,728,3397,3422,3373,0,0,0,0,0,0,26.66,26.12,26.67,8.87,56.53
$GC,5871,-1.04,-146.6,2556,727,3421,3373,472.3,-8.2,222,5876,0.00,2.05,0.00,0.000,1030,0.000,0.026,2548,2122,3397,3421,3373,0,0,0,0,0,0,26.29,26.22,26.32,8.87,55.98
$GC,6071,-1.04,-146.6,2548,2122,3421,3371,488.8,-8.2,227,6075,0.00,2.15,0.00,0.000,260,0.000,0.041,2538,3508,3396,3421,3371,0,0,0,0,0,0,26.65,26.06,26.67,8.86,56.30
$GC,6115,-1.04,-146.6,2537,3509,3420,3371,492.3,-8.2,228,6119,0.00,2.03,0.00,0.000,1030,0.000,0.021,2538,2116,3395,3420,3371,0,0,0,0,0,0,26.35,26.29,26.37,8.86,57.00
$GC,6318,-1.04,-146.6,2537,2116,3420,3370,509.4,-8.3,233,6322,0.00,2.10,0.00,0.000,516,0.000,0.034,2538,728,3395,3420,3370,0,0,0,0,0,0,26.65,26.10,26.67,8.85,56.57
$GC,6390,-1.04,-146.6,2537,728,3420,3370,513.4,-8.6,234,6400,0.12,2.05,0.00,0.000,3078,0.146,0.026,2567,2120,3394,3419,3370,0,0,0,0,0,0,25.86,26.21,25.99,8.85,56.37
$GC,6602,-1.04,-146.6,2566,2120,3419,3367,533.1,-8.1,240,6607,0.00,2.15,0.00,0.000,260,0.000,0.041,2559,3506,3393,3419,3367,0,0,0,0,0,0,26.65,26.06,26.67,8.85,56.65
$GC,6640,-1.04,-146.6,2558,3506,3418,3367,533.1,-8.1,240,6647,0.00,2.03,0.00,0.000,1030,0.000,0.022,2559,2106,3392,3418,3367,0,0,0,0,0,0,26.34,26.29,26.36,8.84,56.45
$GC,6847,-1.04,-146.6,2558,2105,3418,3367,553.5,-8.3,246,6852,0.00,2.10,0.00,0.000,516,0.000,0.034,2558,741,3392,3418,3367,0,0,0,0,0,0,26.65,26.10,26.67,8.84,57.24
$GC,6940,-1.04,-146.6,2558,741,3418,3367,560.8,-8.4,248,6945,0.00,2.05,0.00,0.000,1030,0.000,0.027,2551,2107,3392,3418,3367,0,0,0,0,0,0,26.25,26.20,26.27,8.84,57.08
$GC,7135,-1.04,-146.6,2550,2107,3418,3366,577.8,-8.4,253,7139,0.00,2.10,0.00,0.000,516,0.000,0.034,2551,728,3391,3417,3366,0,0,0,0,0,0,26.65,26.09,26.67,8.83,57.24
$GC,7181,-1.04,-146.6,2550,728,3417,3365,581.6,-8.4,254,7185,0.00,2.05,0.00,0.000,1030,0.000,0.026,2541,2118,3391,3417,3366,0,0,0,0,0,0,26.28,26.20,26.30,8.83,57.08
$GC,7380,-1.04,-146.6,2541,2118,3416,3364,598.3,-8.3,259,7384,0.00,2.17,0.00,0.000,260,0.000,0.041,2531,3512,3390,3416,3364,0,0,0,0,0,0,26.66,26.04,26.67,8.83,57.40
$GC,7411,-1.04,-146.6,2530,3513,3415,3365,598.3,-8.3,259,7422,0.10,2.05,0.00,0.000,3078,0.148,0.021,2561,2105,3389,3415,3364,0,0,0,0,0,0,25.94,26.27,26.06,8.83,57.83
$GC,7625,-1.04,-146.6,2561,2105,3415,3364,617.0,-7.6,265,7629,0.00,2.08,0.00,0.000,516,0.000,0.034,2562,738,3389,3415,3364,0,0,0,0,0,0,26.65,26.08,26.67,8.83,57.95
$GC,7709,-1.04,-146.6,2561,738,3415,3364,623.6,-7.6,267,7713,0.00,2.08,0.00,0.000,1030,0.000,0.027,2555,2111,3389,3415,3364,0,0,0,0,0,0,26.23,26.20,26.26,8.82,56.89
$GC,7913,-1.04,-146.6,2555,2111,3415,3363,639.2,-7.6,272,7917,0.00,2.20,0.00,0.000,260,0.000,0.041,2545,3500,3388,3414,3363,0,0,0,0,0,0,26.66,26.03,26.67,8.81,57.95
$GC,7945,-1.04,-146.6,2544,3500,3414,3363,639.2,-7.6,272,7950,0.00,2.03,0.00,0.000,1030,0.000,0.022,2545,2113,3388,3414,3363,0,0,0,0,0,0,26.33,26.27,26.35,8.82,57.56
$GC,8159,-1.04,-146.6,2544,2113,3414,3362,658.3,-7.8,278,8163,0.00,2.10,0.00,0.000,516,0.000,0.034,2545,726,3388,3414,3362,0,0,0,0,0,0,26.65,26.07,26.67,8.81,57.71
$GC,8211,-1.04,-146.6,2544,726,3414,3361,662.1,-8.0,279,8218,0.10,2.08,0.00,0.000,3078,0.154,0.027,2566,2123,3387,3414,3361,0,0,0,0,0,0,25.89,26.18,26.00,8.81,57.99
$GC,8403,-1.04,-146.6,2566,2123,3413,3361,677.4,-7.7,284,8404,0.00,0.00,0.00,0.000,6,0.000,0.000,2566,2123,3387,3414,3360,0,0,0,0,0,0,26.65,26.67,26.67,8.81,57.40
$GC,8603,-1.09,-146.6,2566,2124,3413,3359,692.9,-7.7,289,8608,0.00,2.12,0.00,0.000,516,0.000,0.034,2566,731,3386,3413,3359,0,0,0,0,0,0,26.66,26.06,26.67,8.80,58.15
$GC,8688,-1.09,-146.6,2566,731,3413,3360,699.9,-8.0,291,8693,0.00,2.05,0.00,0.000,1030,0.000,0.027,2560,2114,3385,3412,3359,0,0,0,0,0,0,26.26,26.18,26.29,8.80,58.11
$GC,8892,-1.09,-146.6,2559,2114,3412,3359,716.2,-8.0,296,8897,0.00,2.17,0.00,0.000,260,0.000,0.042,2550,3508,3385,3412,3359,0,0,0,0,0,0,26.66,26.01,26.67,8.79,57.95
$GC,8965,-1.09,-146.6,2549,3508,3411,3358,719.8,-8.0,297,8969,0.00,2.05,0.00,0.000,1030,0.000,0.022,2550,2108,3384,3411,3358,0,0,0,0,0,0,26.32,26.26,26.34,8.79,57.83
$GC,9179,-1.09,-146.6,2549,2107,3412,3357,738.9,-7.8,303,9183,0.00,2.12,0.00,0.000,516,0.000,0.035,2550,737,3384,3411,3358,0,0,0,0,0,0,26.65,26.06,26.67,8.80,58.38
$GC,9314,-1.09,-146.6,2549,736,3411,3357,748.9,-7.9,306,9318,0.00,2.05,0.00,0.000,1030,0.000,0.027,2541,2118,3384,3410,3358,0,0,0,0,0,0,26.25,26.17,26.27,8.78,57.99
$GC,9508,-1.09,-146.6,2540,2118,3410,3357,764.3,-7.6,311,9512,0.00,2.17,0.00,0.000,260,0.000,0.042,2530,3511,3383,3410,3357,0,0,0,0,0,0,26.65,25.99,26.67,8.79,58.07
$GC,9535,-1.09,-146.6,2530,3512,3409,3357,764.3,-7.6,311,9539,0.00,2.05,0.00,0.000,1030,0.000,0.022,2530,2110,3383,3410,3357,0,0,0,0,0,0,26.32,26.25,26.33,8.78,58.34
$GC,9754,-1.09,-146.6,2530,2110,3409,3356,782.5,-7.5,317,9758,0.00,2.12,0.00,0.000,516,0.000,0.035,2530,737,3383,3410,3356,0,0,0,0,0,0,26.65,26.04,26.67,8.77,58.11
$GC,9900,-1.09,-146.6,2529,736,3409,3356,792.6,-7.9,320,9904,0.00,2.05,0.00,0.000,1030,0.000,0.028,2522,2120,3382,3409,3356,0,0,0,0,0,0,26.24,26.15,26.27,8.78,58.03
$GC,10124,-1.09,-146.6,2521,2121,3409,3354,812.6,-8.2,326,10128,0.00,2.20,0.00,0.000,260,0.000,0.042,2511,3502,3381,3409,3354,0,0,0,0,0,0,26.65,25.98,26.67,8.77,58.82
$GC,10226,-1.09,-146.6,2511,3503,3408,3354,820.0,-8.6,328,10233,0.12,2.05,0.00,0.000,3078,0.148,0.023,2549,2107,3381,3408,3354,0,0,0,0,0,0,25.82,26.24,25.94,8.77,58.46
$GC,10449,-1.09,-146.6,2548,2107,3408,3353,840.0,-8.3,334,10454,0.00,2.10,0.00,0.000,516,0.000,0.035,2549,731,3381,3408,3354,0,0,0,0,0,0,26.65,26.01,26.66,8.77,58.86
$GC,10522,-1.09,-146.6,2548,731,3407,3353,844.0,-8.5,335,10526,0.00,2.05,0.00,0.000,1030,0.000,0.028,2542,2114,3380,3408,3353,0,0,0,0,0,0,26.22,26.14,26.25,8.76,58.78
$GC,10736,-1.09,-146.6,2542,2114,3407,3352,865.1,-8.7,341,10740,0.00,2.20,0.00,0.000,260,0.000,0.043,2532,3512,3380,3408,3352,0,0,0,0,0,0,26.66,25.96,26.67,8.77,58.74
$GC,10823,-1.09,-146.6,2531,3514,3407,3351,872.8,-8.9,343,10827,0.00,2.05,0.00,0.000,1030,0.000,0.023,2532,2116,3379,3407,3352,0,0,0,0,0,0,26.29,26.23,26.32,8.76,58.93
$GC,11022,-1.09,-146.6,2531,2116,3407,3351,890.4,-8.8,348,11027,0.00,2.15,0.00,0.000,516,0.000,0.036,2532,735,3379,3407,3351,0,0,0,0,0,0,26.65,26.01,26.67,8.76,58.89
$GC,11095,-1.09,-146.6,2531,735,3407,3351,894.4,-8.8,349,11099,0.00,2.05,0.00,0.000,1030,0.000,0.028,2523,2114,3379,3407,3351,0,0,0,0,0,0,26.21,26.13,26.24,8.76,59.01
$GC,11310,-1.09,-146.6,2523,2114,3406,3350,915.7,-8.7,355,11314,0.00,2.20,0.00,0.000,260,0.000,0.042,2514,3512,3378,3406,3350,0,0,0,0,0,0,26.65,25.94,26.66,8.75,59.13
$GC,11349,-1.09,-146.6,2512,3512,3406,3350,915.7,-8.7,355,11357,0.12,2.05,0.00,0.000,3078,0.147,0.023,2551,2110,3378,3406,3350,0,0,0,0,0,0,25.80,26.22,25.92,8.76,59.29
$GC,11554,-1.09,-146.6,2550,2110,3405,3350,935.6,-7.9,361,11558,0.00,2.12,0.00,0.000,516,0.000,0.036,2550,726,3378,3406,3350,0,0,0,0,0,0,26.65,25.98,26.66,8.75,59.72
$GC,11620,-1.09,-146.6,2550,726,3406,3350,939.2,-8.0,362,11625,0.00,2.08,0.00,0.000,1030,0.000,0.028,2544,2111,3377,3405,3350,0,0,0,0,0,0,26.20,26.12,26.23,8.74,59.21
$GC,11839,-1.09,-146.6,2543,2111,3406,3349,957.9,-7.7,368,11845,0.00,2.22,0.00,0.000,260,0.000,0.044,2533,3504,3377,3405,3349,0,0,0,0,0,0,26.65,25.93,26.66,8.74,59.60
$GC,11888,-1.09,-146.6,2533,3504,3405,3349,961.4,-7.7,369,11892,0.00,2.05,0.00,0.000,1030,0.000,0.024,2533,2115,3377,3405,3349,0,0,0,0,0,0,26.27,26.21,26.29,8.74,59.72
$GC,12086,-1.09,-146.6,2533,2115,3405,3349,977.1,-7.7,374,12092,0.00,2.15,0.00,0.000,516,0.000,0.037,2533,737,3376,3405,3348,0,0,0,0,0,0,26.65,25.97,26.66,8.74,60.08
$GC,12149,-1.09,-146.6,2533,737,3405,3349,980.7,-7.8,375,12154,0.00,2.08,0.00,0.000,1030,0.000,0.028,2525,2124,3377,3405,3349,0,0,0,0,0,0,26.19,26.10,26.22,8.74,59.52
$STATE,12250,end dive,TARGET_DEPTH_EXCEEDED
$STATE,12250,begin apogee
$GC,12258,-0.33,0.0,2525,1609,3405,3348,990.4,-8.0,378,12394,0.80,0.00,132.38,1.365,10246,0.109,0.000,2787,1608,2804,2901,2707,0,0,0,0,0,0,25.40,24.37,23.18,8.74,59.68
$STATE,12395,end apogee,CONTROL_FINISHED_OK
$STATE,12396,begin climb
$GC,12399,0.90,146.6,2787,1609,2900,2705,994.2,0.0,381,12552,1.12,2.38,140.30,1.309,10756,0.060,0.044,3198,248,2205,2294,2117,0,0,0,0,0,0,24.77,24.15,22.99,8.70,58.30
$GC,12611,0.69,186.6,3197,248,2293,2117,980.9,8.2,386,12659,0.22,2.10,39.70,1.261,13318,0.121,0.024,3128,1624,2042,2145,1939,0,0,0,0,0,0,25.18,25.43,23.49,8.64,56.45
$GC,12861,0.80,215.3,3128,1624,2145,1937,955.6,8.7,393,12897,0.00,2.17,27.85,1.255,8452,0.000,0.035,3128,2990,1925,2047,1804,0,0,0,0,0,0,26.27,24.66,23.86,8.62,58.03
$GC,13017,0.90,239.0,3127,2990,2046,1804,944.5,8.9,396,13049,0.10,2.10,23.92,1.245,11270,0.073,0.028,3213,1601,1827,1962,1693,0,0,0,0,0,0,25.86,25.86,23.88,8.61,57.95
$GC,13263,0.90,239.0,3213,1601,1961,1693,913.8,11.3,403,13267,0.00,2.17,0.00,0.000,516,0.000,0.047,3223,239,1827,1962,1693,0,0,0,0,0,0,26.32,25.90,26.34,8.59,58.97
$GC,13314,0.90,239.0,3222,239,1962,1693,908.8,11.3,404,13321,0.10,2.05,0.00,0.000,5126,0.142,0.025,3191,1613,1828,1962,1694,0,0,0,0,0,0,25.83,26.07,25.96,8.60,58.66
$GC,13507,0.90,239.0,3191,1613,1961,1693,888.4,10.1,409,13511,0.00,2.12,0.00,0.000,260,0.000,0.036,3191,2994,1827,1962,1693,0,0,0,0,0,0,26.49,26.08,26.50,8.59,59.41
$GC,13552,0.90,239.0,3190,2993,1961,1693,883.7,10.1,410,13557,0.00,2.10,0.00,0.000,1030,0.000,0.031,3196,1602,1827,1962,1693,0,0,0,0,0,0,26.22,26.13,26.25,8.59,59.17
$GC,13752,0.91,241.9,3195,1602,1962,1693,863.6,9.9,415,13756,0.00,2.15,0.00,0.000,516,0.000,0.047,3206,244,1827,1962,1693,0,0,0,0,0,0,26.56,26.06,26.58,8.59,59.84
$GC,13797,0.91,242.6,3205,244,1962,1693,859.0,10.0,416,13807,0.00,2.03,4.40,0.842,9222,0.000,0.025,3206,1611,1815,1950,1680,0,0,0,0,0,0,26.29,26.23,24.05,8.59,59.33
$GC,13991,0.91,242.6,3206,1611,1948,1679,838.7,10.3,421,13995,0.00,2.12,0.00,0.000,260,0.000,0.036,3206,2993,1813,1948,1679,0,0,0,0,0,0,26.55,26.12,26.56,8.58,60.00
$GC,14068,0.91,242.6,3205,2993,1948,1679,834.0,10.4,422,14075,0.00,2.08,0.00,0.000,1030,0.000,0.031,3206,1606,1813,1948,1679,0,0,0,0,0,0,26.25,26.17,26.28,8.58,60.23
$GC,14274,0.91,242.6,3205,1606,1948,1678,808.2,10.5,428,14276,0.00,0.00,0.00,0.000,6,0.000,0.000,3206,1606,1813,1948,1679,0,0,0,0,0,0,26.60,26.62,26.61,8.58,60.15
$GC,14474,0.91,242.6,3205,1606,1948,1678,787.1,10.5,433,14479,0.00,2.17,0.00,0.000,260,0.000,0.037,3206,2992,1812,1947,1678,0,0,0,0,0,0,26.62,26.14,26.63,8.57,60.47
$GC,14531,0.91,242.6,3205,2993,1948,1679,782.1,10.7,434,14536,0.00,2.10,0.00,0.000,1030,0.000,0.031,3206,1601,1812,1947,1678,0,0,0,0,0,0,26.28,26.19,26.31,8.57,60.08
$GC,14720,0.91,242.6,3205,1601,1948,1679,760.6,10.5,439,14725,0.00,2.20,0.00,0.000,516,0.000,0.049,3206,242,1813,1948,1679,0,0,0,0,0,0,26.63,26.06,26.64,8.56,60.47
$GC,14757,0.91,242.6,3205,242,1948,1678,760.6,10.5,439,14764,0.00,2.03,0.00,0.000,1030,0.000,0.024,3206,1612,1813,1948,1679,0,0,0,0,0,0,26.32,26.25,26.34,8.57,60.63
$GC,14965,0.91,242.6,3205,1612,1948,1679,734.7,10.5,445,14969,0.00,2.12,0.00,0.000,260,0.000,0.037,3206,2991,1813,1948,1679,0,0,0,0,0,0,26.64,26.13,26.65,8.57,61.02
$GC,15057,0.91,242.6,3205,2990,1948,1678,725.3,10.8,447,15061,0.00,2.10,0.00,0.000,1030,0.000,0.031,3205,1601,1812,1947,1678,0,0,0,0,0,0,26.27,26.18,26.30,8.56,60.67
$GC,15251,0.91,242.6,3205,1602,1948,1678,703.9,10.4,452,15255,0.00,2.17,0.00,0.000,516,0.000,0.049,3206,238,1813,1948,1678,0,0,0,0,0,0,26.64,26.03,26.65,8.57,60.90
$GC,15267,0.91,242.6,3205,237,1947,1679,703.9,10.4,452,15272,0.00,2.05,0.00,0.000,1030,0.000,0.024,3206,1616,1813,1948,1679,0,0,0,0,0,0,26.32,26.25,26.34,8.57,60.55
$GC,15457,0.91,242.6,3205,1616,1947,1678,682.4,10.5,457,15461,0.00,2.12,0.00,0.000,260,0.000,0.037,3206,2994,1813,1948,1679,0,0,0,0,0,0,26.64,26.11,26.65,8.57,60.90
$GC,15548,0.91,242.6,3205,2995,1947,1678,672.9,10.9,459,15553,0.00,2.10,0.00,0.000,1030,0.000,0.031,3206,1604,1812,1947,1678,0,0,0,0,0,0,26.26,26.17,26.29,8.57,61.06
$GC,15742,0.91,242.6,3205,1604,1948,1678,651.0,10.8,464,15746,0.00,2.12,0.00,0.000,260,0.000,0.036,3206,2989,1813,1948,1678,0,0,0,0,0,0,26.64,26.10,26.65,8.57,60.63
$GC,15779,0.91,242.6,3205,2989,1947,1679,651.0,10.8,464,15787,0.00,2.10,0.00,0.000,1030,0.000,0.030,3206,1597,1813,1948,1678,0,0,0,0,0,0,26.25,26.17,26.28,8.57,60.90
$GC,15986,0.91,242.6,3205,1597,1948,1679,623.7,11.2,470,15987,0.00,0.00,0.00,0.000,6,0.000,0.000,3206,1597,1813,1948,1678,0,0,0,0,0,0,26.64,26.65,26.65,8.56,60.51
$GC,16186,0.91,242.6,3205,1597,1948,1679,601.8,10.9,475,16190,0.00,2.17,0.00,0.000,260,0.000,0.037,3206,2985,1813,1948,1679,0,0,0,0,0,0,26.64,26.10,26.65,8.56,60.51
$GC,16278,0.91,242.6,3205,2985,1947,1678,592.3,11.0,477,16282,0.00,2.12,0.00,0.000,1030,0.000,0.031,3206,1602,1813,1948,1678,0,0,0,0,0,0,26.19,26.16,26.22,8.57,60.98
$GC,16471,0.91,242.6,3205,1602,1948,1679,571.6,10.2,482,16475,0.00,2.15,0.00,0.000,260,0.000,0.037,3206,2995,1813,1948,1678,0,0,0,0,0,0,26.65,26.08,26.65,8.57,60.94
$GC,16503,0.91,242.6,3205,2995,1948,1679,571.6,10.2,482,16507,0.00,2.10,0.00,0.000,1030,0.000,0.030,3206,1603,1813,1948,1679,0,0,0,0,0,0,26.24,26.14,26.27,8.56,61.18
$GC,16718,0.91,251.1,3205,1603,1947,1678,547.6,9.6,488,16730,0.00,0.00,9.65,0.985,8198,0.000,0.000,3206,1603,1781,1915,1647,0,0,0,0,0,0,26.65,25.32,24.05,8.57,60.98
$GC,16918,0.93,262.4,3205,1603,1914,1645,528.6,9.5,493,16937,0.00,2.20,12.30,1.011,8452,0.000,0.036,3206,2989,1732,1874,1590,0,0,0,0,0,0,26.52,25.45,24.17,8.57,60.67
$GC,17042,0.93,262.4,3205,2989,1873,1590,516.1,10.2,496,17046,0.00,2.12,0.00,0.000,1030,0.000,0.031,3206,1601,1732,1874,1590,0,0,0,0,0,0,26.03,25.94,26.06,8.57,60.59
$GC,17248,0.93,268.1,3206,1601,1874,1590,495.7,9.7,501,17257,0.00,0.00,7.03,0.885,8198,0.000,0.000,3206,1601,1711,1852,1571,0,0,0,0,0,0,26.48,25.39,24.18,8.56,60.59
$GC,17447,0.93,268.1,3205,1601,1851,1565,474.8,10.5,506,17451,0.00,2.17,0.00,0.000,260,0.000,0.036,3206,2998,1708,1851,1566,0,0,0,0,0,0,26.47,25.98,26.48,8.56,60.67
$GC,17553,0.93,268.1,3206,2998,1851,1565,465.0,11.1,508,17557,0.00,2.12,0.00,0.000,1030,0.000,0.030,3206,1598,1708,1851,1565,0,0,0,0,0,0,26.16,26.07,26.19,8.56,60.82
$GC,17773,0.93,268.1,3205,1598,1851,1565,437.8,11.2,514,17777,0.00,2.15,0.00,0.000,260,0.000,0.036,3206,2989,1708,1851,1566,0,0,0,0,0,0,26.57,26.05,26.58,8.57,60.90
$GC,17818,0.93,268.1,3205,2989,1851,1566,432.4,11.4,515,17823,0.00,2.10,0.00,0.000,1030,0.000,0.030,3206,1601,1708,1851,1566,0,0,0,0,0,0,26.20,26.11,26.23,8.57,60.35
$GC,18017,0.93,268.1,3205,1601,1851,1566,409.4,11.4,520,18021,0.00,2.15,0.00,0.000,260,0.000,0.036,3206,2992,1708,1851,1565,0,0,0,0,0,0,26.60,26.07,26.61,8.57,59.96
$GC,18054,0.93,268.1,3205,2992,1851,1565,409.4,11.4,520,18061,0.00,2.10,0.00,0.000,1030,0.000,0.029,3206,1596,1708,1851,1566,0,0,0,0,0,0,26.22,26.13,26.25,8.57,59.88
$GC,18261,0.93,268.1,3205,1597,1851,1565,382.1,11.1,526,18266,0.00,2.15,0.00,0.000,260,0.000,0.036,3205,2989,1708,1851,1565,0,0,0,0,0,0,26.62,26.08,26.63,8.57,60.04
$GC,18298,0.93,268.1,3205,2989,1851,1565,382.1,11.1,526,18305,0.00,2.08,0.00,0.000,1030,0.000,0.030,3206,1605,1707,1850,1565,0,0,0,0,0,0,26.22,26.14,26.26,8.57,60.15
$GC,18507,0.93,268.1,3205,1605,1851,1566,355.4,10.7,532,18511,0.00,2.12,0.00,0.000,260,0.000,0.036,3206,2989,1708,1851,1565,0,0,0,0,0,0,26.63,26.08,26.64,8.58,60.04
$GC,18564,0.93,268.1,3205,2988,1851,1565,350.4,10.7,533,18568,0.00,2.08,0.00,0.000,1030,0.000,0.030,3206,1605,1708,1851,1566,0,0,0,0,0,0,26.22,26.14,26.26,8.57,59.88
$GC,18753,0.93,268.5,3205,1605,1851,1566,329.8,10.0,538,18758,0.00,2.12,0.00,0.000,260,0.000,0.036,3206,2991,1708,1851,1565,0,0,0,0,0,0,26.63,26.07,26.65,8.58,60.59
$GC,18790,0.93,268.9,3205,2990,1851,1566,329.8,10.0,538,18799,0.00,2.08,0.00,0.000,1030,0.000,0.030,3206,1605,1708,1851,1565,0,0,0,0,0,0,26.22,26.13,26.25,8.57,60.63
$GC,18997,0.94,277.1,3205,1605,1851,1566,305.8,9.6,544,19013,0.00,2.20,9.45,0.844,8452,0.000,0.036,3206,2993,1672,1817,1527,0,0,0,0,0,0,26.64,25.51,24.27,8.58,59.92
$GC,19071,0.95,282.8,3205,2993,1817,1527,301.7,9.7,545,19084,0.00,2.10,6.75,0.773,9222,0.000,0.030,3205,1599,1650,1798,1502,0,0,0,0,0,0,26.14,26.06,24.26,8.58,59.80
$GC,19279,1.00,289.3,3206,1599,1798,1502,277.6,9.7,551,19293,0.00,2.15,7.55,0.789,8452,0.000,0.034,3206,2989,1621,1771,1472,0,0,0,0,0,0,26.48,25.03,24.30,8.58,59.41
$GC,19341,1.01,296.3,3205,2989,1771,1472,273.6,9.7,552,19357,0.00,2.15,7.65,0.780,9222,0.000,0.029,3206,1601,1594,1746,1442,0,0,0,0,0,0,26.02,25.98,24.28,8.57,60.15
$GC,19561,1.08,305.6,3205,1601,1746,1441,250.5,9.6,558,19576,0.08,2.17,9.52,0.806,10500,0.106,0.034,3281,2995,1556,1711,1402,0,0,0,0,0,0,26.20,25.03,24.34,8.58,59.49
$GC,19618,1.08,305.6,3280,2995,1710,1402,246.0,10.1,559,19623,0.12,2.12,0.00,0.000,5126,0.142,0.029,3252,1601,1556,1711,1402,0,0,0,0,0,0,25.65,25.92,25.79,8.57,59.88
$GC,19833,1.08,305.6,3251,1602,1710,1402,216.4,12.2,565,19837,0.00,2.17,0.00,0.000,516,0.000,0.047,3260,239,1556,1710,1402,0,0,0,0,0,0,26.46,25.89,26.48,8.58,59.09
$GC,19909,1.08,305.6,3260,239,1710,1402,210.9,12.3,566,19917,0.00,2.03,0.00,0.000,1030,0.000,0.024,3260,1614,1556,1710,1402,0,0,0,0,0,0,26.19,26.13,26.22,8.57,59.96
$GC,20096,1.08,305.6,3259,1614,1711,1402,184.3,12.3,574,20101,0.00,2.12,0.00,0.000,260,0.000,0.036,3260,2995,1556,1710,1402,0,0,0,0,0,0,26.55,26.03,26.56,8.58,59.76
$GC,20133,1.08,305.6,3259,2995,1710,1402,181.3,12.5,575,20141,0.00,2.10,0.00,0.000,1030,0.000,0.028,3269,1595,1556,1710,1402,0,0,0,0,0,0,26.20,26.11,26.22,8.58,58.86
$GC,20320,1.08,305.6,3269,1595,1710,1402,155.4,12.4,585,20324,0.00,2.15,0.00,0.000,516,0.000,0.047,3279,239,1556,1710,1402,0,0,0,0,0,0,26.59,25.96,26.60,8.58,59.68
$GC,20377,1.08,305.6,3278,238,1710,1402,149.9,12.4,587,20385,0.10,2.03,0.00,0.000,5126,0.138,0.024,3247,1618,1556,1710,1402,0,0,0,0,0,0,25.93,26.20,26.04,8.58,59.56
$GC,20564,1.10,322.2,3246,1618,1711,1402,129.9,9.2,597,20586,0.00,2.17,14.98,0.783,8452,0.000,0.036,3247,2992,1489,1649,1330,0,0,0,0,0,0,26.61,25.57,24.50,8.59,59.33
$GC,20634,1.10,324.0,3246,2992,1648,1330,123.6,9.9,600,20638,0.00,2.12,0.00,0.000,1030,0.000,0.028,3254,1605,1489,1648,1330,0,0,0,0,0,0,26.03,25.99,26.08,8.59,59.13
$GC,20829,1.12,351.1,3254,1605,1648,1330,105.0,8.8,610,20860,0.00,2.17,24.92,0.789,8452,0.000,0.035,3254,2986,1370,1539,1201,0,0,0,0,0,0,26.49,25.00,24.39,8.61,60.12
$GC,20966,1.16,383.9,3254,2986,1538,1201,93.4,8.5,616,20999,0.00,2.10,27.55,0.772,9222,0.000,0.028,3263,1603,1238,1411,1066,0,0,0,0,0,0,25.96,25.87,24.27,8.63,59.96
$GC,21184,1.29,445.0,3262,1602,1406,1065,77.2,7.2,626,21253,0.10,2.25,62.50,0.760,10500,0.077,0.036,3345,2989,988,1103,873,0,0,0,0,0,0,26.07,25.00,24.13,8.67,61.10
$GC,21287,1.29,445.0,3345,2989,1100,872,66.9,10.6,631,21295,0.12,2.12,0.00,0.000,5126,0.142,0.028,3318,1607,986,1100,873,0,0,0,0,0,0,25.31,25.54,25.46,8.69,59.84
$GC,21484,1.30,449.5,3318,1607,1100,872,46.5,9.8,642,21495,0.00,2.20,4.82,0.526,8452,0.000,0.034,3318,2992,970,1077,863,0,0,0,0,0,0,26.30,25.39,24.34,8.74,60.39
$GC,21539,1.30,449.5,3318,2992,1077,863,40.7,10.4,647,21545,0.00,2.12,0.00,0.000,1030,0.000,0.027,3325,1601,970,1077,863,0,0,0,0,0,0,25.98,25.95,26.01,8.75,59.33
$GC,21734,1.30,449.5,3324,1601,1077,863,20.7,10.1,666,21738,0.00,2.12,0.00,0.000,260,0.000,0.034,3325,2987,970,1077,863,0,0,0,0,0,0,26.45,26.00,26.46,8.78,58.34
$GC,21783,1.30,449.5,3324,2988,1077,863,15.6,11.1,670,21790,0.00,2.05,0.00,0.000,1030,0.000,0.026,3334,1604,970,1078,863,0,0,0,0,0,0,26.17,26.09,26.19,8.79,57.24
$STATE,21897,end climb,SURFACE_DEPTH_REACHED
$STATE,21898,begin surface coast
$FINISH,0.3,1.022295
$STATE,21918,end surface coast,CONTROL_FINISHED_OK
$STATE,21918,begin surface
$SM_CCo,21999,0.00,0.000,0,0,970,450.37
$SM_GC,0.15,7.93,0.75,0.00,0.021,0.032,0.000,165,2103,970,-8.36,-1.72,450.37,0,0,0,0,0,0,26.23,26.16,26.27
$IRIDIUM_FIX,612.07,-14105.84,150225,102237
$TT8_MAMPS,0.026964,0.376747
$HUMID,54.92
$INTERNAL_PRESSURE,8.79068
$TCM_TEMP,20.40
$XPDR_PINGS,0
$ALTIM_TOP_PING,19.3,19.4
$24V_AH,22.99,54.714
$10V_AH,9.74,39.680
$FG_AHR_24Vo,0.000
$FG_AHR_10Vo,0.000
$DEVICES,Pitch_motor,Roll_motor,VBD_pump_during_apogee,VBD_pump_during_surface,VBD_valve,Iridium_during_init,Iridium_during_connect,Iridium_during_xfer,Transponder_ping,GUMSTIX_24V,GPS,TT8,LPSleep,TT8_Active,TT8_Sampling,TT8_CF8,TT8_Kalman,Analog_circuits,GPS_charging,Compass,RAFOS,Transponder,Compass2
$DEVICE_SECS,21.500,308.050,573.225,0.000,0.000,0.000,0.000,420.800,0.250,0.000,26.242,3087.812,15131.720,744.364,3262.610,511.842,0.000,2835.657,0.000,2685.005,0.000,2.764,0.000
$DEVICE_MAMPS,204.255,49.725,1364.760,0.000,0.000,0.000,0.000,86.445,420.000,0.000,30.710,15.210,2.190,15.210,43.670,53.410,0.000,14.000,0.000,8.240,0.000,30.000,0.000
$SENSORS,SBE_CT,WL_blue_red_Chl,AA4330,nil,nil,nil,nil,nil,nil,nil
$SENSOR_SECS,594.403,0.000,916.303,0.000,0.000,0.000,0.000,0.000,0.000,0.000
$SENSOR_MAMPS,22.470,0.000,11.230,0.000,0.000,0.000,0.000,0.000,0.000,0.000
$MEM,311932
$DATA_FILE_SIZE,52329,684
$CAP_FILE_SIZE,257319,0
$CFSIZE,2097872896,2049703936
$ERRORS,0,0,0,0,0,0,0,0,0,0,0,0,0,0,1,0
$CURRENT,0.150,123.46,1
$GPS,020705,225032,611.678,-14104.758,36,0.9,60,9.2,0.0,169.8,8,4.8
