version: 66.14
glider: 195
mission: 21
dive: 31
start: 4 12 105 4 51 11
data:
$ID,195
$MISSION,21
$DIVE,31
$N_DIVES,0
$STOP_T,0
$D_SURF,3
$D_FLARE,2
$D_TGT,990
$D_ABORT,1090
$D_NO_BLEED,50
$D_BOOST,3
$T_BOOST,0
$D_FINISH,0
$D_PITCH,0
$D_SAFE,0
$D_CALL,0
$SURFACE_URGENCY,0
$SURFACE_URGENCY_TRY,0
$SURFACE_URGENCY_FORCE,0
$T_DIVE,330
$T_MISSION,450
$T_ABORT,1440
$T_TURN,300
$T_TURN_SAMPINT,5
$T_NO_W,120
$T_LOITER,0
$T_SLOITER,60
$T_EPIRB,0
$USE_BATHY,0
$USE_ICE,0
$ICE_FREEZE_MARGIN,0.30000001
$D_OFFGRID,990
$T_WATCHDOG,10
$RELAUNCH,1
$APOGEE_PITCH,-8
$MAX_BUOY,150
$COURSE_BIAS,0
$GLIDE_SLOPE,30
$SPEED_FACTOR,1
$RHO,1.023
$MASS,54002
$MASS_COMP,0
$NAV_MODE,2
$FERRY_MAX,45
$KALMAN_USE,2
$HD_A,0.0038000001
$HD_B,0.0099999998
$HD_C,9.8500004e-06
$HEADING,-1
$ESCAPE_HEADING,0
$ESCAPE_HEADING_DELTA,10
$FIX_MISSING_TIMEOUT,0
$TGT_DEFAULT_LAT,4736
$TGT_DEFAULT_LON,-12225
$TGT_AUTO_DEFAULT,0
$SM_CC,250
$N_FILEKB,4
$FILEMGR,0
$CALL_NDIVES,1
$COMM_SEQ,0
$PROTOCOL,9
$N_NOCOMM,1
$NOCOMM_ACTION,0
$N_NOSURFACE,0
$UPLOAD_DIVES_MAX,-1
$CALL_TRIES,5
$CALL_WAIT,60
$CAPUPLOAD,0
$CAPMAXSIZE,200000
$HEAPDBG,0
$T_GPS,15
$N_GPS,50840
$T_RSLEEP,2
$STROBE,0
$RAFOS_PEAK_OFFSET,1.5
$RAFOS_CORR_THRESH,60
$RAFOS_HIT_WINDOW,3600
$RAFOS_MMODEM,0
$PITCH_MIN,207
$PITCH_MAX,3915
$C_PITCH,2880
$PITCH_DBAND,0.1
$PITCH_CNV,0.003125763
$P_OVSHOOT,0.039999999
$P_OVSHOOT_WITHG,0.079999998
$PITCH_GAIN,24
$PITCH_TIMEOUT,17
$PITCH_AD_RATE,160
$PITCH_MAXERRORS,1
$PITCH_ADJ_GAIN,0.02
$PITCH_ADJ_DBAND,2.5
$ROLL_MIN,224
$ROLL_MAX,3758
$ROLL_DEG,40
$C_ROLL_DIVE,2200
$C_ROLL_CLIMB,1700
$HEAD_ERRBAND,20
$ROLL_CNV,0.028270001
$ROLL_TIMEOUT,15
$R_PORT_OVSHOOT,55
$R_STBD_OVSHOOT,63
$ROLL_AD_RATE,350
$ROLL_MAXERRORS,2
$ROLL_ADJ_GAIN,0
$ROLL_ADJ_DBAND,0
$VBD_MIN,500
$VBD_MAX,3960
$C_VBD,2707
$VBD_DBAND,2
$VBD_CNV,-0.24529999
$VBD_LP_IGNORE,0
$VBD_TIMEOUT,720
$PITCH_VBD_SHIFT,0.001
$VBD_PUMP_AD_RATE_SURFACE,5
$VBD_PUMP_AD_RATE_APOGEE,4
$VBD_BLEED_AD_RATE,8
$UNCOM_BLEED,60
$VBD_MAXERRORS,1
$W_ADJ_DBAND,0
$DBDW,0
$PITCH_W_GAIN,0
$PITCH_W_DBAND,0
$CF8_MAXERRORS,5
$AH0_24V,150
$AH0_10V,97
$MINV_24V,19
$MINV_10V,8
$MAXI_24V,0.80000001
$MAXI_10V,0.60000002
$FG_AHR_10V,0
$FG_AHR_24V,0
$PHONE_SUPPLY,-2
$PRESSURE_YINT,-49.397121
$PRESSURE_SLOPE,0.0001168043
$AD7714Ch0Gain,128
$TCM_PITCH_OFFSET,0
$TCM_ROLL_OFFSET,0
$COMPASS_USE,4
$ALTIM_BOTTOM_PING_RANGE,0
$ALTIM_TOP_PING_RANGE,20
$ALTIM_BOTTOM_TURN_MARGIN,0
$ALTIM_TOP_TURN_MARGIN,0
$ALTIM_TOP_MIN_OBSTACLE,1
$ALTIM_PING_DEPTH,0
$ALTIM_PING_DELTA,0
$ALTIM_FREQUENCY,13
$ALTIM_PULSE,3
$ALTIM_SENSITIVITY,3
$XPDR_VALID,5
$XPDR_INHIBIT,90
$INT_PRESSURE_SLOPE,0.0097660003
$INT_PRESSURE_YINT,-0.77999997
$DEEPGLIDER,0
$MOTHERBOARD,4
$DEVICE1,2
$DEVICE2,115
$DEVICE3,101
$DEVICE4,-1
$DEVICE5,-1
$DEVICE6,-1
$LOGGERS,0
$LOGGERDEVICE1,-1
$LOGGERDEVICE2,-1
$LOGGERDEVICE3,-1
$LOGGERDEVICE4,-1
$COMPASS_DEVICE,33
$COMPASS2_DEVICE,-1
$PHONE_DEVICE,49
$GPS_DEVICE,32
$RAFOS_DEVICE,-1
$XPDR_DEVICE,24
$SIM_W,0
$SIM_PITCH,0
$SEABIRD_T_G,0.0044178674
$SEABIRD_T_H,0.00064818078
$SEABIRD_T_I,2.6779007e-05
$SEABIRD_T_J,3.3667231e-06
$SEABIRD_C_G,-10.098215
$SEABIRD_C_H,1.1454017
$SEABIRD_C_I,-0.0021276253
$SEABIRD_C_J,0.00025532115
$SEABIRD_C_Z,2974.52
$GPS1,120405,044345,106.0775,-13751.5107,43,0.8,52,9.4,1.2,269.0,10,4.5
$_CALLS,1
$_XMS_NAKs,2
$_XMS_TOUTs,0
$_SM_DEPTHo,0.58
$_SM_ANGLEo,-63.5
$GPS2,120405,045031,106.0852,-13751.5566,7,0.8,22,9.4,0.4,289.7,10,5.0
$SPEED_LIMITS,0.173,0.262
$TGT_NAME,NORTH
$TGT_LATLONG,107.000,-13730.000
$TGT_RADIUS,200.000
$KALMAN_CONTROL,0.000000,0.000000
$KALMAN_X,0.000000,0.000000,0.000000,0.000000,0.000000
$KALMAN_Y,0.000000,0.000000,0.000000,0.000000,0.000000
$MHEAD_RNG_PITCHd_Wd,59.2,39952,-18.1,-10.000,-20.93,2235
$D_GRID,990
$GCHEAD,st_secs,pitch_ctl,vbd_ctl,pitch_ad_start,roll_ad_start,vbd_pot1_ad_start,vbd_pot2_ad_start,depth,ob_vertv,data_pts,end_secs,pitch_secs,roll_secs,vbd_secs,vbd_i,gcphase,pitch_i,roll_i,pitch_ad,roll_ad,vbd_ad,vbd_pot1_ad,vbd_pot2_ad,pitch_retries,pitch_errors,roll_retries,roll_errors,vbd_retries,vbd_errors,pitch_volts,roll_volts,vbd_volts,int_press,humidity
$STATE,6,end surface,CONTROL_FINISHED_OK
$STATE,6,begin dive
$GC,77,-0.90,-146.6,164,2211,1711,1442,0.7,-0.5,12,135,0.00,0.00,-55.12,0.000,16386,0.000,0.000,163,2211,2983,2990,2977,0,0,0,0,0,0,26.47,28.83,26.48,8.96,44.72
$GC,139,-0.90,-146.6,163,2211,2993,2977,2.0,-2.6,20,162,9.05,0.00,-7.93,0.000,18694,0.213,0.000,2578,2211,3306,3329,3284,0,0,0,0,0,0,25.92,25.72,26.07,9.10,43.97
$GC,482,-0.78,-146.6,2577,2211,3337,3285,68.7,-19.8,75,487,0.15,2.10,0.00,0.000,2308,0.160,0.042,2616,3591,3311,3337,3285,0,0,0,0,0,0,26.20,26.33,26.35,9.16,44.56
$GC,801,-0.72,-146.6,2616,3592,3339,3285,123.0,-14.3,98,808,0.10,2.00,0.00,0.000,3078,0.154,0.021,2647,2174,3312,3339,3285,0,0,0,0,0,0,26.30,26.49,26.44,9.15,44.29
$GC,1126,-0.72,-146.6,2647,2173,3341,3285,153.6,-9.8,114,1130,0.00,2.15,0.00,0.000,260,0.000,0.041,2640,3584,3313,3342,3285,0,0,0,0,0,0,26.77,26.46,26.77,9.11,43.93
$GC,1385,-0.72,-146.6,2639,3584,3344,3285,180.1,-10.3,126,1389,0.00,1.98,0.00,0.000,1030,0.000,0.021,2640,2197,3314,3344,3285,0,0,0,0,0,0,26.58,26.55,26.60,9.06,44.13
$GC,1705,-0.72,-146.6,2639,2197,3347,3285,203.4,-6.3,142,1709,0.00,2.00,0.00,0.000,516,0.000,0.031,2640,821,3316,3347,3285,0,0,0,0,0,0,26.80,26.52,26.82,9.03,45.82
$GC,2020,-0.72,-146.6,2639,821,3347,3285,227.8,-8.5,157,2025,0.00,2.00,0.00,0.000,1030,0.000,0.028,2632,2183,3316,3347,3285,0,0,0,0,0,0,26.58,26.55,26.60,9.00,46.22
$GC,2340,-0.72,-146.6,2631,2183,3347,3285,252.4,-7.2,173,2344,0.00,1.98,0.00,0.000,516,0.000,0.033,2632,830,3315,3346,3285,0,0,0,0,0,0,26.82,26.53,26.83,8.97,47.00
$GC,2517,-0.72,-146.6,2631,830,3347,3285,268.3,-9.6,181,2521,0.00,1.98,0.00,0.000,1030,0.000,0.028,2623,2197,3316,3347,3285,0,0,0,0,0,0,26.61,26.55,26.63,8.96,47.75
$GC,2831,-0.72,-146.6,2623,2198,3346,3284,300.2,-9.9,197,2836,0.00,2.17,0.00,0.000,260,0.000,0.044,2613,3602,3315,3346,3284,0,0,0,0,0,0,26.82,26.50,26.83,8.93,48.34
$GC,3001,-0.72,-146.6,2613,3602,3343,3284,316.4,-10.3,202,3006,0.10,2.03,0.00,0.000,3078,0.131,0.024,2646,2196,3314,3343,3285,0,0,0,0,0,0,26.40,26.58,26.48,8.92,48.58
$GC,3322,-0.79,-146.6,2646,2196,3341,3284,343.9,-8.0,213,3327,0.00,2.05,0.00,0.000,516,0.000,0.034,2647,828,3312,3341,3284,0,0,0,0,0,0,26.82,26.53,26.83,8.91,49.96
$GC,3401,-0.86,-146.6,2646,828,3341,3284,349.3,-8.0,215,3405,0.08,2.00,0.00,0.000,5126,0.094,0.029,2578,2209,3313,3341,3285,0,0,0,0,0,0,26.53,26.55,26.60,8.91,49.76
$GC,3721,-0.86,-146.6,2559,2209,3339,3283,382.0,-9.7,226,3726,0.12,2.10,0.00,0.000,2308,0.148,0.044,2590,3601,3311,3339,3283,0,0,0,0,0,0,26.42,26.50,26.54,8.90,50.31
$GC,3850,-0.86,-146.6,2590,3600,3339,3281,393.0,-8.7,230,3855,0.00,2.00,0.00,0.000,1030,0.000,0.024,2590,2196,3310,3339,3281,0,0,0,0,0,0,26.63,26.58,26.65,8.89,50.35
$GC,4185,-0.86,-146.6,2590,2196,3338,3278,422.3,-8.6,241,4190,0.00,2.20,0.00,0.000,260,0.000,0.045,2580,3608,3308,3338,3278,0,0,0,0,0,0,26.83,26.50,26.84,8.87,50.31
$GC,4414,-0.86,-146.6,2579,3608,3337,3277,443.2,-9.7,248,4419,0.00,2.03,0.00,0.000,1030,0.000,0.024,2580,2194,3307,3337,3277,0,0,0,0,0,0,26.63,26.58,26.64,8.86,50.66
$GC,4739,-0.86,-146.6,2579,2194,3336,3275,475.4,-9.9,259,4743,0.00,2.05,0.00,0.000,516,0.000,0.036,2580,811,3305,3336,3275,0,0,0,0,0,0,26.83,26.52,26.84,8.84,51.18
$GC,4812,-0.86,-146.6,2579,811,3336,3275,482.2,-10.2,261,4817,0.10,2.03,0.00,0.000,3078,0.161,0.031,2601,2198,3305,3336,3275,0,0,0,0,0,0,26.37,26.53,26.53,8.84,51.10
$GC,5138,-0.86,-146.6,2600,2197,3334,3273,511.9,-8.5,272,5142,0.00,2.17,0.00,0.000,260,0.000,0.047,2595,3614,3303,3334,3273,0,0,0,0,0,0,26.82,26.49,26.84,8.83,51.85
$GC,5251,-0.86,-146.6,2594,3614,3332,3273,520.3,-8.8,275,5256,0.00,2.05,0.00,0.000,1030,0.000,0.025,2595,2195,3302,3332,3272,0,0,0,0,0,0,26.63,26.57,26.64,8.82,52.00
$GC,5566,-0.86,-146.6,2594,2195,3331,3270,548.3,-8.4,286,5567,0.00,0.00,0.00,0.000,6,0.000,0.000,2595,2195,3300,3331,3270,0,0,0,0,0,0,26.83,26.84,26.84,8.81,51.81
$GC,5866,-0.86,-146.6,2594,2195,3329,3268,573.6,-8.4,296,5870,0.00,2.17,0.00,0.000,260,0.000,0.047,2584,3617,3299,3329,3269,0,0,0,0,0,0,26.83,26.49,26.84,8.81,52.75
$GC,5969,-0.86,-146.6,2584,3616,3328,3268,581.9,-8.7,299,5973,0.00,2.08,0.00,0.000,1030,0.000,0.026,2584,2203,3298,3328,3268,0,0,0,0,0,0,26.60,26.57,26.61,8.80,53.34
$GC,6293,-0.86,-146.6,2584,2203,3327,3265,611.4,-9.0,310,6295,0.00,0.00,0.00,0.000,6,0.000,0.000,2584,2203,3297,3328,3266,0,0,0,0,0,0,26.83,26.84,26.84,8.79,53.18
$GC,6593,-0.86,-146.6,2584,2203,3326,3263,638.1,-8.8,320,6598,0.00,2.10,0.00,0.000,516,0.000,0.039,2584,821,3295,3327,3264,0,0,0,0,0,0,26.83,26.51,26.84,8.79,53.11
$GC,6692,-0.86,-146.6,2584,821,3326,3264,647.0,-9.2,323,6696,0.00,2.05,0.00,0.000,1030,0.000,0.034,2576,2190,3295,3326,3264,0,0,0,0,0,0,26.57,26.53,26.59,8.78,53.42
$GC,7021,-0.86,-146.6,2576,2190,3324,3262,677.6,-9.3,334,7027,0.00,2.20,0.00,0.000,260,0.000,0.048,2566,3625,3292,3323,3262,0,0,0,0,0,0,26.83,26.48,26.84,8.77,53.85
$GC,7303,-0.86,-146.6,2565,3625,3323,3261,706.3,-10.2,343,7308,0.08,2.10,0.00,0.000,3078,0.152,0.028,2598,2200,3292,3323,3261,0,0,0,0,0,0,26.35,26.56,26.51,8.77,53.66
$GC,7638,-0.86,-146.6,2598,2200,3323,3259,734.5,-8.3,354,7643,0.00,2.10,0.00,0.000,516,0.000,0.040,2599,819,3291,3323,3259,0,0,0,0,0,0,26.82,26.50,26.84,8.76,54.41
$GC,7766,-0.86,-146.6,2598,819,3323,3259,745.4,-8.7,358,7770,0.00,2.05,0.00,0.000,1030,0.000,0.034,2595,2204,3291,3323,3259,0,0,0,0,0,0,26.60,26.51,26.63,8.75,54.21
$GC,8100,-0.86,-146.6,2594,2204,3322,3258,772.6,-8.0,369,8102,0.00,0.00,0.00,0.000,6,0.000,0.000,2595,2204,3290,3323,3258,0,0,0,0,0,0,26.82,26.84,26.84,8.75,53.89
$GC,8400,-0.86,-146.6,2594,2204,3322,3257,797.2,-8.2,379,8405,0.00,2.20,0.00,0.000,260,0.000,0.050,2584,3631,3289,3321,3257,0,0,0,0,0,0,26.82,26.47,26.84,8.74,54.60
$GC,8498,-0.86,-146.6,2583,3631,3320,3256,805.6,-8.6,382,8503,0.00,2.12,0.00,0.000,1030,0.000,0.028,2584,2199,3287,3319,3256,0,0,0,0,0,0,26.63,26.55,26.65,8.74,54.48
$GC,8828,-0.86,-146.6,2584,2199,3319,3254,834.5,-8.7,393,8829,0.00,0.00,0.00,0.000,6,0.000,0.000,2584,2199,3286,3319,3254,0,0,0,0,0,0,26.82,26.84,26.84,8.73,55.19
$GC,9128,-0.86,-146.6,2584,2199,3317,3253,860.3,-8.7,403,9133,0.00,2.22,0.00,0.000,260,0.000,0.050,2577,3607,3285,3318,3253,0,0,0,0,0,0,26.82,26.46,26.84,8.73,54.92
$GC,9247,-0.86,-146.6,2577,3607,3317,3253,868.9,-8.9,406,9255,0.00,2.10,0.00,0.000,1030,0.000,0.029,2577,2193,3285,3317,3253,0,0,0,0,0,0,26.58,26.55,26.60,8.73,55.07
$GC,9555,-0.86,-146.6,2577,2193,3317,3252,897.4,-8.6,417,9559,0.00,2.22,0.00,0.000,260,0.000,0.050,2568,3602,3284,3317,3252,0,0,0,0,0,0,26.82,26.45,26.83,8.73,55.31
$GC,9737,-0.86,-146.6,2567,3602,3316,3252,911.6,-9.2,422,9746,0.10,2.10,0.00,0.000,3078,0.144,0.030,2599,2191,3284,3316,3252,0,0,0,0,0,0,26.32,26.54,26.41,8.72,55.27
$GC,10045,-0.86,-146.6,2599,2191,3315,3250,937.8,-7.6,433,10050,0.00,2.12,0.00,0.000,516,0.000,0.042,2599,810,3283,3316,3250,0,0,0,0,0,0,26.82,26.47,26.84,8.72,54.76
$GC,10128,-0.86,-146.6,2599,808,3316,3250,943.0,-7.6,435,10133,0.00,2.08,0.00,0.000,1030,0.000,0.036,2594,2203,3283,3316,3250,0,0,0,0,0,0,26.58,26.50,26.60,8.71,54.88
$GC,10443,-0.86,-146.6,2594,2202,3316,3249,968.8,-7.8,446,10448,0.00,2.22,0.00,0.000,260,0.000,0.051,2584,3619,3282,3315,3249,0,0,0,0,0,0,26.82,26.45,26.83,8.71,55.47
$GC,10509,-0.86,-146.6,2584,3619,3314,3249,974.2,-8.0,448,10514,0.00,2.12,0.00,0.000,1030,0.000,0.030,2584,2197,3281,3314,3249,0,0,0,0,0,0,26.57,26.53,26.58,8.71,55.23
$STATE,10721,end dive,TARGET_DEPTH_EXCEEDED
$STATE,10721,begin apogee
$GC,10729,-0.33,0.0,2584,1695,3314,3249,991.7,-8.3,455,10860,0.55,0.00,127.55,1.404,10246,0.116,0.000,2769,1694,2706,2805,2607,0,0,0,0,0,0,26.32,24.89,24.14,8.71,55.11
$STATE,10861,end apogee,CONTROL_FINISHED_OK
$STATE,10861,begin climb
$GC,10864,0.90,146.6,2769,1693,2803,2606,995.2,0.0,459,11005,1.15,0.00,136.48,1.343,10246,0.082,0.000,3167,1694,2107,2212,2003,0,0,0,0,0,0,25.09,24.65,23.95,8.66,53.66
$GC,11294,0.90,146.6,3166,1694,2207,2001,943.1,13.7,474,11295,0.00,0.00,0.00,0.000,6,0.000,0.000,3166,1694,2103,2207,2000,0,0,0,0,0,0,26.25,26.26,26.26,8.61,54.09
$GC,11594,0.90,146.6,3166,1693,2204,2000,902.3,13.5,484,11595,0.00,0.00,0.00,0.000,6,0.000,0.000,3166,1694,2102,2205,2000,0,0,0,0,0,0,26.50,26.51,26.51,8.60,54.84
$GC,11894,0.90,146.6,3166,1694,2203,2000,861.6,13.6,494,11895,0.00,0.00,0.00,0.000,6,0.000,0.000,3167,1693,2101,2203,2000,0,0,0,0,0,0,26.62,26.63,26.63,8.60,55.55
$GC,12194,0.90,146.6,3166,1693,2202,1999,820.6,13.8,504,12199,0.00,2.22,0.00,0.000,260,0.000,0.044,3166,3108,2101,2202,2000,0,0,0,0,0,0,26.70,26.39,26.70,8.59,55.86
$GC,12259,0.85,146.6,3166,3108,2202,1999,811.1,14.2,506,12265,0.00,2.12,0.00,0.000,1030,0.000,0.034,3177,1708,2100,2202,1999,0,0,0,0,0,0,26.46,26.43,26.48,8.60,55.31
$GC,12597,0.79,146.6,3176,1707,2202,1999,762.5,14.4,517,12599,0.15,0.00,0.00,0.000,4102,0.153,0.000,3132,1706,2100,2202,1999,0,0,0,0,0,0,26.32,26.51,26.47,8.59,56.26
$GC,12895,0.79,146.6,3131,1706,2201,1998,728.4,10.9,527,12899,0.00,2.20,0.00,0.000,516,0.000,0.053,3138,304,2099,2201,1998,0,0,0,0,0,0,26.77,26.43,26.78,8.60,56.06
$GC,12990,0.79,146.6,3138,303,2200,1998,717.6,11.4,530,12995,0.00,2.10,0.00,0.000,1030,0.000,0.033,3138,1712,2099,2201,1998,0,0,0,0,0,0,26.56,26.49,26.58,8.59,55.86
$GC,13325,0.79,146.6,3138,1712,2201,1998,677.8,12.0,541,13326,0.00,0.00,0.00,0.000,6,0.000,0.000,3138,1712,2099,2201,1998,0,0,0,0,0,0,26.79,26.79,26.79,8.60,55.98
$GC,13625,0.79,146.6,3138,1713,2201,1997,641.6,11.8,551,13629,0.00,2.12,0.00,0.000,260,0.000,0.044,3138,3097,2099,2201,1998,0,0,0,0,0,0,26.79,26.48,26.80,8.59,55.59
$GC,13691,0.79,146.6,3138,3097,2200,1997,633.2,12.4,553,13696,0.00,2.08,0.00,0.000,1030,0.000,0.034,3146,1696,2099,2201,1997,0,0,0,0,0,0,26.58,26.51,26.60,8.59,55.94
$GC,14020,0.79,146.6,3146,1694,2200,1997,592.6,12.3,564,14024,0.00,2.17,0.00,0.000,516,0.000,0.052,3156,304,2099,2201,1997,0,0,0,0,0,0,26.80,26.46,26.82,8.60,55.74
$GC,14092,0.79,146.6,3156,304,2200,1997,584.5,12.6,566,14097,0.00,2.12,0.00,0.000,1030,0.000,0.033,3156,1708,2098,2200,1997,0,0,0,0,0,0,26.55,26.51,26.58,8.60,55.98
$GC,14417,0.79,146.6,3156,1708,2200,1997,541.9,12.8,577,14419,0.00,0.00,0.00,0.000,6,0.000,0.000,3156,1708,2098,2200,1997,0,0,0,0,0,0,26.80,26.82,26.82,8.60,55.51
$GC,14717,0.79,146.6,3156,1708,2200,1997,503.8,12.7,587,14719,0.00,0.00,0.00,0.000,6,0.000,0.000,3156,1708,2098,2200,1997,0,0,0,0,0,0,26.81,26.82,26.82,8.61,55.35
$GC,15017,0.79,146.6,3155,1708,2200,1997,464.1,13.6,597,15019,0.00,0.00,0.00,0.000,6,0.000,0.000,3156,1708,2099,2201,1997,0,0,0,0,0,0,26.81,26.82,26.82,8.61,55.31
$GC,15317,0.79,146.6,3156,1708,2200,1997,423.9,13.0,607,15322,0.00,2.22,0.00,0.000,516,0.000,0.051,3166,314,2098,2200,1997,0,0,0,0,0,0,26.81,26.46,26.82,8.61,55.47
$GC,15396,0.79,146.6,3165,314,2199,1997,415.5,12.8,609,15401,0.10,2.05,0.00,0.000,5126,0.155,0.031,3136,1704,2098,2200,1997,0,0,0,0,0,0,26.35,26.52,26.51,8.62,55.19
$GC,15711,0.79,146.6,3134,1704,2200,1997,380.6,10.5,620,15715,0.00,2.15,0.00,0.000,260,0.000,0.044,3135,3091,2098,2200,1997,0,0,0,0,0,0,26.81,26.48,26.82,8.62,55.51
$GC,15799,0.79,146.6,3135,3091,2200,1997,373.1,10.9,622,15807,0.00,2.10,0.00,0.000,1030,0.000,0.034,3140,1698,2098,2200,1997,0,0,0,0,0,0,26.55,26.51,26.57,8.63,55.47
$GC,16107,0.79,146.6,3139,1697,2200,1997,336.9,10.7,633,16108,0.00,0.00,0.00,0.000,6,0.000,0.000,3140,1697,2098,2200,1997,0,0,0,0,0,0,26.81,26.82,26.82,8.64,55.19
$GC,16407,0.79,146.6,3139,1697,2200,1997,306.5,10.1,643,16409,0.00,0.00,0.00,0.000,6,0.000,0.000,3140,1697,2098,2200,1997,0,0,0,0,0,0,26.81,26.82,26.82,8.66,54.52
$GC,16717,0.79,146.6,3139,1697,2200,1997,274.8,10.2,657,16718,0.00,0.00,0.00,0.000,6,0.000,0.000,3140,1697,2098,2200,1997,0,0,0,0,0,0,26.82,26.82,26.82,8.67,54.64
$GC,17017,0.79,146.6,3139,1697,2200,1997,244.1,10.7,672,17021,0.00,2.20,0.00,0.000,516,0.000,0.050,3150,308,2098,2200,1997,0,0,0,0,0,0,26.82,26.45,26.82,8.68,54.25
$GC,17154,0.79,146.6,3150,308,2201,1997,230.0,11.0,678,17159,0.00,2.05,0.00,0.000,1030,0.000,0.030,3150,1701,2098,2200,1997,0,0,0,0,0,0,26.59,26.53,26.62,8.68,53.74
$GC,17470,0.81,168.1,3149,1701,2200,1997,198.6,9.0,694,17494,0.00,2.17,18.27,0.822,8708,0.000,0.047,3160,313,2019,2126,1913,0,0,0,0,0,0,26.81,25.90,25.43,8.70,54.01
$GC,17578,0.82,176.9,3159,313,2126,1913,188.6,9.6,699,17595,0.00,2.08,9.50,0.756,9222,0.000,0.029,3160,1704,1983,2093,1873,0,0,0,0,0,0,26.32,26.25,25.32,8.70,52.95
$GC,17894,0.82,176.9,3159,1704,2093,1873,157.7,10.2,715,17896,0.00,0.00,0.00,0.000,6,0.000,0.000,3160,1704,1983,2093,1873,0,0,0,0,0,0,26.57,26.58,26.57,8.72,53.11
$GC,18195,0.85,210.7,3159,1705,2092,1873,132.9,8.5,730,18233,0.00,2.17,29.77,0.788,8452,0.000,0.041,3160,3085,1846,1980,1712,0,0,0,0,0,0,26.66,25.77,25.16,8.78,53.81
$GC,18497,0.87,227.3,3160,3085,1980,1713,106.4,9.2,744,18519,0.00,2.08,15.32,0.722,9222,0.000,0.030,3160,1684,1778,1923,1633,0,0,0,0,0,0,26.27,26.20,25.27,8.81,52.52
$GC,18830,1.04,302.4,3159,1684,1922,1633,79.7,6.6,773,18900,0.10,2.25,59.92,0.715,10500,0.079,0.039,3243,3090,1471,1640,1302,0,0,0,0,0,0,26.31,25.39,24.84,8.87,51.96
$GC,19025,1.04,302.4,3242,3090,1636,1301,55.1,15.2,791,19033,0.10,2.10,0.00,0.000,5126,0.136,0.028,3219,1704,1469,1636,1302,0,0,0,0,0,0,25.83,25.96,25.91,8.87,50.86
$GC,19350,1.04,302.4,3219,1703,1637,1301,11.7,12.3,849,19357,0.00,2.20,0.00,0.000,516,0.000,0.044,3219,303,1468,1636,1301,0,0,0,0,0,0,26.52,26.21,26.53,8.91,49.33
$STATE,19420,end climb,SURFACE_DEPTH_REACHED
$STATE,19420,begin surface coast
$FINISH,0.6,1.023536
$STATE,19438,end surface coast,CONTROL_FINISHED_OK
$STATE,19438,begin surface
$SM_CCo,19520,0.00,0.000,0,0,1468,303.93
$SM_GC,0.45,7.65,2.90,0.00,0.027,0.027,0.000,170,2192,1468,-8.27,-1.41,303.93,0,0,0,0,0,0,26.35,26.28,26.37
$IRIDIUM_FIX,105.14,-13752.43,251124,233541
$TT8_MAMPS,0.026215,0.364014
$HUMID,47.91
$INTERNAL_PRESSURE,8.90787
$TCM_TEMP,21.90
$XPDR_PINGS,0
$ALTIM_TOP_PING,19.8,19.1
$24V_AH,23.95,7.836
$10V_AH,10.31,7.638
$FG_AHR_24Vo,0.000
$FG_AHR_10Vo,0.000
$DEVICES,Pitch_motor,Roll_motor,VBD_pump_during_apogee,VBD_pump_during_surface,VBD_valve,Iridium_during_init,Iridium_during_connect,Iridium_during_xfer,Transponder_ping,GUMSTIX_24V,GPS,TT8,LPSleep,TT8_Active,TT8_Sampling,TT8_CF8,TT8_Kalman,Analog_circuits,GPS_charging,Compass,RAFOS,Transponder,Compass2
$DEVICE_SECS,19.675,128.150,396.825,0.000,0.000,0.000,0.000,277.300,0.250,0.000,22.912,3035.316,12617.501,495.759,3415.127,363.873,0.000,2061.773,0.000,2498.219,0.000,2.769,0.000
$DEVICE_MAMPS,213.435,78.030,1403.775,0.000,0.000,0.000,0.000,89.505,420.000,0.000,30.710,15.210,2.190,15.210,43.670,53.410,0.000,14.000,0.000,8.240,0.000,30.000,0.000
$SENSORS,SBE_CT,WL_blue_red_Chl,AA4330,nil,nil,nil,nil,nil,nil,nil
$SENSOR_SECS,746.732,1881.784,1257.717,0.000,0.000,0.000,0.000,0.000,0.000,0.000
$SENSOR_MAMPS,22.470,105.000,11.230,0.000,0.000,0.000,0.000,0.000,0.000,0.000
$MEM,312312
$DATA_FILE_SIZE,62448,865
$CAP_FILE_SIZE,164216,0
$CFSIZE,2097872896,2089680896
$ERRORS,0,0,0,0,0,0,0,0,0,0,0,0,0,0,1,0
$CURRENT,0.140,120.46,1
$GPS,120405,101811,105.854,-13748.134,51,0.8,57,9.4,0.4,238.3,10,4.7
