version: 66.14
glider: 195
mission: 21
dive: 662
start: 9 28 105 5 38 57
data:
$ID,195
$MISSION,21
$DIVE,662
$N_DIVES,0
$STOP_T,0
$D_SURF,3
$D_FLARE,2
$D_TGT,990
$D_ABORT,1090
$D_NO_BLEED,50
$D_BOOST,3
$T_BOOST,0
$D_FINISH,0
$D_PITCH,0
$D_SAFE,0
$D_CALL,0
$SURFACE_URGENCY,0
$SURFACE_URGENCY_TRY,0
$SURFACE_URGENCY_FORCE,0
$T_DIVE,330
$T_MISSION,600
$T_ABORT,1440
$T_TURN,300
$T_TURN_SAMPINT,5
$T_NO_W,120
$T_LOITER,0
$T_SLOITER,60
$T_EPIRB,0
$USE_BATHY,0
$USE_ICE,0
$ICE_FREEZE_MARGIN,0.30000001
$D_OFFGRID,990
$T_WATCHDOG,10
$RELAUNCH,1
$APOGEE_PITCH,-8
$MAX_BUOY,150
$COURSE_BIAS,0
$GLIDE_SLOPE,30
$SPEED_FACTOR,1
$RHO,1.023
$MASS,54002
$MASS_COMP,0
$NAV_MODE,2
$FERRY_MAX,45
$KALMAN_USE,2
$HD_A,0.0038000001
$HD_B,0.0099999998
$HD_C,9.8500004e-06
$HEADING,-1
$ESCAPE_HEADING,0
$ESCAPE_HEADING_DELTA,10
$FIX_MISSING_TIMEOUT,0
$TGT_DEFAULT_LAT,4736
$TGT_DEFAULT_LON,-12225
$TGT_AUTO_DEFAULT,0
$SM_CC,300
$N_FILEKB,4
$FILEMGR,0
$CALL_NDIVES,1
$COMM_SEQ,0
$PROTOCOL,9
$N_NOCOMM,1
$NOCOMM_ACTION,0
$N_NOSURFACE,0
$UPLOAD_DIVES_MAX,-1
$CALL_TRIES,5
$CALL_WAIT,60
$CAPUPLOAD,0
$CAPMAXSIZE,200000
$HEAPDBG,0
$T_GPS,15
$N_GPS,50840
$T_RSLEEP,2
$STROBE,0
$RAFOS_PEAK_OFFSET,1.5
$RAFOS_CORR_THRESH,60
$RAFOS_HIT_WINDOW,3600
$RAFOS_MMODEM,0
$PITCH_MIN,207
$PITCH_MAX,3915
$C_PITCH,2884
$PITCH_DBAND,0.1
$PITCH_CNV,0.003125763
$P_OVSHOOT,0.039999999
$P_OVSHOOT_WITHG,0.079999998
$PITCH_GAIN,19.15
$PITCH_TIMEOUT,17
$PITCH_AD_RATE,160
$PITCH_MAXERRORS,1
$PITCH_ADJ_GAIN,0.02
$PITCH_ADJ_DBAND,2.5
$ROLL_MIN,224
$ROLL_MAX,3758
$ROLL_DEG,40
$C_ROLL_DIVE,1800
$C_ROLL_CLIMB,2250
$HEAD_ERRBAND,10
$ROLL_CNV,0.028270001
$ROLL_TIMEOUT,15
$R_PORT_OVSHOOT,62
$R_STBD_OVSHOOT,60
$ROLL_AD_RATE,350
$ROLL_MAXERRORS,2
$ROLL_ADJ_GAIN,0
$ROLL_ADJ_DBAND,0
$VBD_MIN,500
$VBD_MAX,3960
$C_VBD,2806
$VBD_DBAND,2
$VBD_CNV,-0.24529999
$VBD_LP_IGNORE,0
$VBD_TIMEOUT,720
$PITCH_VBD_SHIFT,0.001
$VBD_PUMP_AD_RATE_SURFACE,5
$VBD_PUMP_AD_RATE_APOGEE,4
$VBD_BLEED_AD_RATE,8
$UNCOM_BLEED,60
$VBD_MAXERRORS,1
$W_ADJ_DBAND,0
$DBDW,0
$PITCH_W_GAIN,0
$PITCH_W_DBAND,0
$CF8_MAXERRORS,5
$AH0_24V,150
$AH0_10V,97
$MINV_24V,19
$MINV_10V,8
$MAXI_24V,0.80000001
$MAXI_10V,0.60000002
$FG_AHR_10V,0
$FG_AHR_24V,0
$PHONE_SUPPLY,-2
$PRESSURE_YINT,-49.397121
$PRESSURE_SLOPE,0.0001168043
$AD7714Ch0Gain,128
$TCM_PITCH_OFFSET,0
$TCM_ROLL_OFFSET,0
$COMPASS_USE,4
$ALTIM_BOTTOM_PING_RANGE,0
$ALTIM_TOP_PING_RANGE,20
$ALTIM_BOTTOM_TURN_MARGIN,0
$ALTIM_TOP_TURN_MARGIN,0
$ALTIM_TOP_MIN_OBSTACLE,1
$ALTIM_PING_DEPTH,0
$ALTIM_PING_DELTA,0
$ALTIM_FREQUENCY,13
$ALTIM_PULSE,3
$ALTIM_SENSITIVITY,3
$XPDR_VALID,5
$XPDR_INHIBIT,90
$INT_PRESSURE_SLOPE,0.0097660003
$INT_PRESSURE_YINT,-0.77999997
$DEEPGLIDER,0
$MOTHERBOARD,4
$DEVICE1,2
$DEVICE2,115
$DEVICE3,101
$DEVICE4,-1
$DEVICE5,-1
$DEVICE6,-1
$LOGGERS,0
$LOGGERDEVICE1,-1
$LOGGERDEVICE2,-1
$LOGGERDEVICE3,-1
$LOGGERDEVICE4,-1
$COMPASS_DEVICE,33
$COMPASS2_DEVICE,-1
$PHONE_DEVICE,49
$GPS_DEVICE,32
$RAFOS_DEVICE,-1
$XPDR_DEVICE,24
$SIM_W,0
$SIM_PITCH,0
$SEABIRD_T_G,0.0044178674
$SEABIRD_T_H,0.00064818078
$SEABIRD_T_I,2.6779007e-05
$SEABIRD_T_J,3.3667231e-06
$SEABIRD_C_G,-10.098215
$SEABIRD_C_H,1.1454017
$SEABIRD_C_I,-0.0021276253
$SEABIRD_C_J,0.00025532115
$SEABIRD_C_Z,2974.52
$GPS1,280905,053053,919.4605,-14339.7549,46,1.0,73,9.3,1.5,311.3,8,4.7
$_CALLS,1
$_XMS_NAKs,2
$_XMS_TOUTs,0
$_SM_DEPTHo,0.20
$_SM_ANGLEo,-54.1
$GPS2,280905,053817,919.4777,-14339.8223,8,0.9,29,9.3,0.3,305.8,8,5.0
$SPEED_LIMITS,0.173,0.262
$TGT_NAME,TX2
$TGT_LATLONG,1145.000,-14800.000
$TGT_RADIUS,10000.000
$KALMAN_CONTROL,0.000000,0.000000
$KALMAN_X,0.000000,0.000000,0.000000,0.000000,0.000000
$KALMAN_Y,0.000000,0.000000,0.000000,0.000000,0.000000
$MHEAD_RNG_PITCHd_Wd,250.0,543308,-18.1,-10.000,-20.93,2235
$D_GRID,990
$GCHEAD,st_secs,pitch_ctl,vbd_ctl,pitch_ad_start,roll_ad_start,vbd_pot1_ad_start,vbd_pot2_ad_start,depth,ob_vertv,data_pts,end_secs,pitch_secs,roll_secs,vbd_secs,vbd_i,gcphase,pitch_i,roll_i,pitch_ad,roll_ad,vbd_ad,vbd_pot1_ad,vbd_pot2_ad,pitch_retries,pitch_errors,roll_retries,roll_errors,vbd_retries,vbd_errors,pitch_volts,roll_volts,vbd_volts,int_press,humidity
$STATE,6,end surface,CONTROL_FINISHED_OK
$STATE,6,begin dive
$GC,74,-1.09,-146.6,162,1826,704,591,0.2,0.1,6,154,0.00,0.00,-77.82,0.000,16386,0.000,0.000,160,1827,2651,2660,2643,0,0,0,0,0,0,26.27,28.83,26.27,8.79,55.23
$GC,159,-1.09,-146.6,160,1827,2664,2642,2.0,-3.8,14,197,9.18,2.22,-18.38,0.000,18948,0.203,0.047,2524,423,3406,3428,3385,0,0,0,0,0,0,24.86,25.22,25.05,9.01,54.76
$GC,293,-1.00,-146.6,2523,423,3431,3384,23.0,-16.3,27,304,0.15,2.08,0.00,0.000,3078,0.149,0.024,2559,1796,3408,3432,3385,0,0,0,0,0,0,25.06,25.59,25.17,9.08,54.60
$GC,486,-0.95,-146.6,2558,1796,3432,3385,45.6,-12.8,46,490,0.00,2.25,0.00,0.000,260,0.000,0.038,2550,3223,3408,3432,3385,0,0,0,0,0,0,26.28,25.25,26.29,9.11,55.15
$GC,615,-0.88,-146.6,2550,3223,3432,3385,61.3,-12.3,54,621,0.12,2.17,0.00,0.000,3078,0.099,0.028,2603,1815,3409,3433,3385,0,0,0,0,0,0,24.97,25.48,25.08,9.12,55.23
$GC,817,-0.88,-146.6,2602,1814,3435,3385,83.1,-10.1,64,822,0.00,2.25,0.00,0.000,516,0.000,0.037,2603,395,3409,3434,3384,0,0,0,0,0,0,26.29,25.18,26.30,9.13,55.86
$GC,984,-0.88,-146.6,2603,395,3436,3385,96.6,-7.7,72,989,0.00,2.17,0.00,0.000,1030,0.000,0.026,2595,1797,3410,3436,3385,0,0,0,0,0,0,25.54,25.52,25.62,9.14,55.23
$GC,1189,-0.88,-146.6,2595,1797,3440,3385,110.5,-6.2,82,1195,0.00,2.25,0.00,0.000,260,0.000,0.044,2586,3205,3412,3440,3385,0,0,0,0,0,0,26.31,25.08,26.32,9.12,54.09
$GC,1455,-0.88,-146.6,2585,3204,3442,3385,125.2,-4.6,95,1460,0.00,2.12,0.00,0.000,1030,0.000,0.028,2586,1803,3413,3442,3385,0,0,0,0,0,0,25.53,25.46,25.56,9.10,53.93
$GC,1659,-0.88,-146.6,2585,1803,3444,3385,137.6,-6.1,105,1665,0.00,2.22,0.00,0.000,516,0.000,0.041,2585,402,3414,3444,3385,0,0,0,0,0,0,26.32,25.14,26.32,9.08,54.96
$GC,1702,-0.88,-146.6,2585,402,3443,3385,140.2,-6.4,107,1707,0.00,2.15,0.00,0.000,1030,0.000,0.031,2575,1794,3414,3444,3385,0,0,0,0,0,0,25.50,25.42,25.53,9.08,54.56
$GC,1896,-0.88,-146.6,2575,1794,3444,3385,151.4,-5.4,117,1901,0.00,2.25,0.00,0.000,260,0.000,0.037,2565,3232,3414,3444,3385,0,0,0,0,0,0,26.33,25.25,26.34,9.06,54.33
$GC,1920,-0.88,-146.6,2565,3232,3444,3385,152.7,-5.6,118,1927,0.12,2.15,0.00,0.000,3078,0.127,0.022,2604,1776,3414,3444,3385,0,0,0,0,0,0,25.24,25.61,25.32,9.06,54.33
$GC,2122,-0.88,-146.6,2603,1776,3445,3385,164.7,-6.4,128,2126,0.00,2.17,0.00,0.000,516,0.000,0.037,2604,418,3414,3444,3385,0,0,0,0,0,0,26.34,25.25,26.34,9.04,55.04
$GC,2169,-0.88,-146.6,2603,417,3445,3385,167.7,-6.5,130,2174,0.00,2.10,0.00,0.000,1030,0.000,0.024,2597,1810,3414,3443,3385,0,0,0,0,0,0,25.63,25.57,25.66,9.03,55.47
$GC,2368,-0.88,-146.6,2596,1810,3444,3385,179.7,-5.4,140,2370,0.00,0.00,0.00,0.000,6,0.000,0.000,2597,1810,3415,3445,3385,0,0,0,0,0,0,26.34,26.34,26.34,9.03,55.63
$GC,2549,-0.88,-146.6,2596,1810,3445,3385,188.8,-5.1,149,2550,0.00,0.00,0.00,0.000,6,0.000,0.000,2597,1810,3415,3445,3385,0,0,0,0,0,0,26.34,26.35,26.34,9.02,56.41
$GC,2728,-0.88,-146.6,2596,1810,3445,3385,198.5,-5.7,158,2730,0.00,0.00,0.00,0.000,6,0.000,0.000,2597,1809,3415,3445,3385,0,0,0,0,0,0,26.34,26.35,26.35,9.01,56.41
$GC,2929,-0.88,-146.6,2596,1810,3445,3385,211.6,-6.6,164,2934,0.00,2.25,0.00,0.000,516,0.000,0.045,2597,421,3415,3445,3385,0,0,0,0,0,0,26.34,25.01,26.35,9.00,57.20
$GC,2981,-0.88,-146.6,2596,421,3445,3385,214.7,-6.7,165,2985,0.00,2.12,0.00,0.000,1030,0.000,0.031,2587,1790,3414,3444,3385,0,0,0,0,0,0,25.49,25.40,25.53,8.99,57.24
$GC,3175,-0.88,-146.6,2586,1791,3445,3385,228.4,-6.9,170,3180,0.00,2.28,0.00,0.000,260,0.000,0.046,2577,3211,3414,3444,3385,0,0,0,0,0,0,26.34,25.13,26.36,8.98,57.56
$GC,3227,-0.88,-146.6,2576,3211,3444,3385,231.4,-6.8,171,3231,0.00,2.10,0.00,0.000,1030,0.000,0.022,2577,1790,3414,3444,3385,0,0,0,0,0,0,25.72,25.67,25.75,8.98,57.56
$GC,3421,-0.88,-146.6,2576,1789,3444,3385,243.6,-6.0,176,3426,0.00,2.15,0.00,0.000,516,0.000,0.035,2577,417,3415,3445,3385,0,0,0,0,0,0,26.35,25.25,26.36,8.97,57.99
$GC,3493,-0.88,-146.6,2575,417,3445,3385,246.3,-6.0,177,3504,0.10,2.10,0.00,0.000,3078,0.144,0.022,2598,1823,3414,3444,3385,0,0,0,0,0,0,25.30,25.65,25.37,8.96,58.07
$GC,3707,-0.93,-146.6,2598,1822,3444,3385,261.1,-6.2,183,3708,0.00,0.00,0.00,0.000,6,0.000,0.000,2598,1823,3414,3444,3385,0,0,0,0,0,0,26.35,26.36,26.36,8.96,58.74
$GC,3906,-0.99,-146.6,2598,1822,3444,3385,274.6,-6.7,188,3910,0.00,2.15,0.00,0.000,260,0.000,0.037,2591,3191,3414,3444,3385,0,0,0,0,0,0,26.35,25.23,26.36,8.94,59.01
$GC,3950,-1.05,-146.6,2590,3191,3443,3385,277.6,-6.7,189,3957,0.08,2.05,0.00,0.000,5126,0.090,0.022,2501,1797,3414,3444,3384,0,0,0,0,0,0,25.58,25.66,25.64,8.95,58.97
$GC,4152,-0.98,-146.6,2501,1797,3443,3385,293.1,-7.7,194,4159,0.20,2.17,0.00,0.000,2564,0.124,0.035,2564,421,3414,3443,3385,0,0,0,0,0,0,25.51,25.20,25.56,8.94,59.41
$GC,4194,-0.93,-146.6,2563,420,3443,3385,296.2,-7.7,195,4199,0.00,2.08,0.00,0.000,1030,0.000,0.022,2556,1805,3414,3443,3385,0,0,0,0,0,0,25.72,25.65,25.74,8.93,59.88
$GC,4398,-0.93,-146.6,2556,1805,3441,3384,309.8,-6.6,200,4402,0.00,2.17,0.00,0.000,260,0.000,0.037,2546,3191,3413,3442,3385,0,0,0,0,0,0,26.36,25.24,26.36,8.93,59.60
$GC,4495,-0.93,-146.6,2546,3191,3441,3385,315.2,-6.5,202,4502,0.12,2.05,0.00,0.000,3078,0.124,0.022,2586,1799,3413,3441,3385,0,0,0,0,0,0,25.29,25.66,25.37,8.93,59.17
$GC,4722,-0.98,-146.6,2586,1800,3440,3385,331.0,-6.7,208,4726,0.00,2.17,0.00,0.000,516,0.000,0.037,2586,421,3412,3440,3385,0,0,0,0,0,0,26.36,25.21,26.36,8.92,60.04
$GC,4780,-0.98,-146.6,2586,420,3440,3384,334.1,-6.9,209,4784,0.00,2.08,0.00,0.000,1030,0.000,0.023,2581,1804,3412,3439,3385,0,0,0,0,0,0,25.70,25.65,25.72,8.92,59.80
$GC,4969,-0.98,-146.6,2580,1804,3437,3385,349.3,-7.5,214,4973,0.00,2.17,0.00,0.000,260,0.000,0.037,2570,3188,3410,3437,3384,0,0,0,0,0,0,26.36,25.22,26.37,8.91,60.51
$GC,5052,-0.98,-146.6,2570,3189,3436,3385,355.7,-7.7,216,5057,0.00,2.08,0.00,0.000,1030,0.000,0.022,2570,1793,3410,3436,3385,0,0,0,0,0,0,25.72,25.66,25.74,8.91,60.12
$GC,5256,-0.98,-146.6,2570,1793,3435,3384,371.8,-8.0,221,5260,0.00,2.17,0.00,0.000,516,0.000,0.037,2570,420,3409,3435,3384,0,0,0,0,0,0,26.36,25.20,26.37,8.90,60.43
$GC,5293,-0.98,-146.6,2570,418,3435,3385,371.8,-8.0,221,5300,0.00,2.08,0.00,0.000,1030,0.000,0.023,2561,1804,3409,3434,3385,0,0,0,0,0,0,25.70,25.65,25.72,8.90,60.12
$GC,5502,-0.98,-146.6,2560,1804,3433,3384,391.6,-8.2,227,5506,0.00,2.20,0.00,0.000,260,0.000,0.037,2551,3194,3409,3433,3385,0,0,0,0,0,0,26.36,25.22,26.37,8.90,60.47
$GC,5574,-0.98,-146.6,2550,3194,3432,3383,395.3,-8.1,228,5578,0.00,2.08,0.00,0.000,1030,0.000,0.022,2551,1792,3407,3432,3383,0,0,0,0,0,0,25.71,25.65,25.74,8.90,60.63
$GC,5788,-0.98,-146.6,2550,1792,3432,3382,413.3,-7.4,234,5792,0.00,2.17,0.00,0.000,516,0.000,0.037,2551,422,3407,3432,3382,0,0,0,0,0,0,26.36,25.19,26.37,8.89,61.02
$GC,5834,-0.98,-146.6,2550,421,3431,3382,416.7,-7.3,235,5838,0.00,2.08,0.00,0.000,1030,0.000,0.023,2542,1802,3407,3432,3382,0,0,0,0,0,0,25.70,25.63,25.72,8.89,60.82
$GC,6033,-0.98,-146.6,2541,1802,3432,3381,430.6,-6.9,240,6037,0.00,2.20,0.00,0.000,260,0.000,0.037,2532,3191,3406,3432,3380,0,0,0,0,0,0,26.36,25.21,26.37,8.89,60.90
$GC,6100,-0.98,-146.6,2531,3192,3432,3380,433.4,-6.7,241,6105,0.08,2.10,0.00,0.000,3078,0.130,0.023,2569,1797,3406,3432,3380,0,0,0,0,0,0,25.22,25.65,25.31,8.89,61.22
$GC,6320,-0.98,-146.6,2568,1798,3432,3380,448.7,-6.4,247,6323,0.00,2.17,0.00,0.000,516,0.000,0.037,2569,425,3406,3432,3380,0,0,0,0,0,0,26.36,25.18,26.37,8.88,61.02
$GC,6405,-0.98,-146.6,2568,424,3431,3379,454.4,-6.6,249,6409,0.00,2.08,0.00,0.000,1030,0.000,0.024,2562,1800,3405,3431,3379,0,0,0,0,0,0,25.69,25.63,25.71,8.87,61.14
$GC,6604,-0.98,-146.6,2562,1799,3431,3378,467.4,-6.5,254,6610,0.00,2.20,0.00,0.000,260,0.000,0.038,2552,3194,3404,3430,3378,0,0,0,0,0,0,26.36,25.20,26.38,8.87,61.53
$GC,6678,-0.98,-146.6,2552,3194,3430,3378,470.0,-6.5,255,6685,0.00,2.08,0.00,0.000,1030,0.000,0.022,2552,1798,3404,3430,3378,0,0,0,0,0,0,25.70,25.64,25.72,8.88,61.45
$GC,6885,-0.98,-146.6,2552,1798,3430,3378,485.8,-6.6,261,6889,0.00,2.20,0.00,0.000,516,0.000,0.037,2552,417,3403,3430,3377,0,0,0,0,0,0,26.36,25.16,26.37,8.86,61.02
$GC,6922,-0.98,-146.6,2552,417,3430,3377,485.8,-6.6,261,6929,0.00,2.08,0.00,0.000,1030,0.000,0.024,2543,1798,3403,3430,3377,0,0,0,0,0,0,25.67,25.61,25.70,8.86,61.61
$GC,7130,-0.98,-146.6,2542,1798,3429,3377,501.9,-6.6,267,7135,0.00,2.20,0.00,0.000,260,0.000,0.037,2533,3192,3402,3429,3376,0,0,0,0,0,0,26.36,25.20,26.38,8.86,61.18
$GC,7188,-0.98,-146.6,2532,3192,3428,3376,505.0,-6.6,268,7195,0.10,2.08,0.00,0.000,3078,0.138,0.022,2563,1793,3402,3428,3376,0,0,0,0,0,0,25.31,25.64,25.38,8.85,61.65
$GC,7416,-0.98,-146.6,2563,1793,3428,3376,520.5,-6.5,274,7420,0.00,2.17,0.00,0.000,516,0.000,0.037,2563,424,3402,3428,3376,0,0,0,0,0,0,26.36,25.15,26.38,8.85,62.48
$GC,7460,-0.98,-146.6,2562,423,3428,3376,523.5,-6.6,275,7464,0.00,2.10,0.00,0.000,1030,0.000,0.024,2556,1811,3401,3427,3376,0,0,0,0,0,0,25.67,25.60,25.70,8.85,61.49
$GC,7664,-0.98,-146.6,2555,1811,3426,3375,537.3,-6.8,280,7665,0.00,0.00,0.00,0.000,6,0.000,0.000,2556,1812,3400,3426,3375,0,0,0,0,0,0,26.36,26.38,26.38,8.85,62.20
$GC,7863,-0.98,-146.6,2555,1811,3426,3374,551.4,-7.1,285,7865,0.00,0.00,0.00,0.000,6,0.000,0.000,2556,1811,3399,3425,3374,0,0,0,0,0,0,26.37,26.38,26.37,8.84,61.69
$GC,8063,-0.98,-146.6,2555,1811,3425,3373,566.4,-7.5,290,8065,0.00,0.00,0.00,0.000,6,0.000,0.000,2556,1811,3399,3425,3373,0,0,0,0,0,0,26.36,26.38,26.37,8.84,62.60
$GC,8265,-0.98,-146.6,2555,1811,3424,3373,582.0,-7.8,295,8270,0.00,2.20,0.00,0.000,260,0.000,0.038,2546,3199,3398,3424,3373,0,0,0,0,0,0,26.36,25.16,26.38,8.83,62.28
$GC,8312,-0.98,-146.6,2545,3199,3423,3372,585.5,-7.8,296,8316,0.00,2.08,0.00,0.000,1030,0.000,0.023,2545,1802,3397,3423,3372,0,0,0,0,0,0,25.67,25.61,25.70,8.83,62.20
$GC,8511,-0.98,-146.6,2545,1802,3423,3372,601.5,-8.0,301,8516,0.00,2.20,0.00,0.000,516,0.000,0.038,2546,423,3397,3423,3372,0,0,0,0,0,0,26.36,25.10,26.38,8.83,62.67
$GC,8564,-0.98,-146.6,2545,423,3423,3372,605.4,-8.1,302,8570,0.10,2.10,0.00,0.000,3078,0.144,0.024,2567,1808,3397,3422,3372,0,0,0,0,0,0,25.23,25.58,25.30,8.82,62.08
$GC,8756,-0.98,-146.6,2566,1808,3422,3371,621.0,-7.9,307,8761,0.00,2.20,0.00,0.000,260,0.000,0.038,2559,3197,3396,3422,3371,0,0,0,0,0,0,26.37,25.15,26.38,8.82,62.48
$GC,8808,-0.98,-146.6,2558,3197,3422,3370,624.4,-7.9,308,8813,0.00,2.10,0.00,0.000,1030,0.000,0.023,2558,1792,3395,3421,3370,0,0,0,0,0,0,25.67,25.60,25.69,8.82,62.91
$GC,9002,-0.98,-146.6,2558,1791,3421,3370,639.8,-7.7,313,9007,0.00,2.20,0.00,0.000,516,0.000,0.038,2559,414,3395,3421,3370,0,0,0,0,0,0,26.36,25.08,26.37,8.82,62.60
$GC,9055,-0.98,-146.6,2558,414,3422,3370,643.2,-7.6,314,9059,0.00,2.10,0.00,0.000,1030,0.000,0.024,2550,1798,3396,3422,3370,0,0,0,0,0,0,25.63,25.56,25.65,8.82,62.20
$GC,9248,-0.98,-146.6,2550,1798,3421,3368,658.2,-7.5,319,9253,0.00,2.22,0.00,0.000,260,0.000,0.038,2539,3200,3394,3421,3368,0,0,0,0,0,0,26.37,25.13,26.38,8.81,62.52
$GC,9321,-0.98,-146.6,2539,3200,3420,3367,661.4,-7.4,320,9325,0.00,2.10,0.00,0.000,1030,0.000,0.023,2539,1796,3394,3420,3368,0,0,0,0,0,0,25.66,25.60,25.69,8.81,62.48
$GC,9535,-0.98,-146.6,2539,1796,3420,3367,678.2,-7.0,326,9539,0.00,2.20,0.00,0.000,516,0.000,0.038,2540,419,3393,3420,3367,0,0,0,0,0,0,26.36,25.07,26.37,8.80,63.62
$GC,9587,-0.98,-146.6,2539,417,3420,3367,681.4,-7.1,327,9594,0.12,2.10,0.00,0.000,3078,0.132,0.024,2568,1800,3393,3420,3367,0,0,0,0,0,0,25.15,25.56,25.23,8.81,62.83
$GC,9780,-1.04,-146.6,2568,1800,3420,3367,694.9,-6.6,332,9786,0.00,2.22,0.00,0.000,260,0.000,0.038,2560,3199,3393,3419,3367,0,0,0,0,0,0,26.36,25.12,26.38,8.80,62.75
$GC,9835,-1.09,-146.6,2560,3199,3420,3366,697.6,-6.6,333,9840,0.00,2.12,0.00,0.000,1030,0.000,0.024,2560,1802,3392,3419,3366,0,0,0,0,0,0,25.61,25.58,25.63,8.80,63.50
$GC,10025,-1.09,-146.6,2560,1802,3420,3366,711.0,-6.6,338,10026,0.00,0.00,0.00,0.000,6,0.000,0.000,2561,1802,3392,3419,3366,0,0,0,0,0,0,26.37,26.38,26.38,8.79,63.19
$GC,10224,-1.09,-146.6,2560,1802,3420,3365,724.1,-6.6,343,10226,0.00,0.00,0.00,0.000,6,0.000,0.000,2560,1802,3392,3419,3365,0,0,0,0,0,0,26.37,26.38,26.38,8.79,63.58
$GC,10426,-1.14,-146.6,2560,1802,3419,3365,737.4,-6.5,348,10429,0.08,0.00,0.00,0.000,4102,0.093,0.000,2469,1802,3392,3419,3365,0,0,0,0,0,0,26.15,26.17,26.16,8.79,63.58
$GC,10625,-1.08,-146.6,2468,1801,3417,3365,752.3,-7.5,353,10631,0.20,2.25,0.00,0.000,2564,0.125,0.039,2531,412,3391,3418,3365,0,0,0,0,0,0,25.48,24.97,25.53,8.79,63.82
$GC,10659,-1.01,-146.6,2531,412,3418,3365,752.3,-7.5,353,10669,0.10,2.12,0.00,0.000,3078,0.142,0.025,2555,1807,3391,3418,3365,0,0,0,0,0,0,25.18,25.52,25.25,8.78,63.03
$GC,10873,-1.01,-146.6,2555,1807,3418,3364,768.5,-6.5,359,10877,0.00,2.20,0.00,0.000,260,0.000,0.039,2547,3191,3391,3418,3364,0,0,0,0,0,0,26.37,25.08,26.38,8.78,63.82
$GC,10950,-1.01,-146.6,2547,3191,3417,3364,771.3,-6.4,360,10958,0.00,2.10,0.00,0.000,1030,0.000,0.024,2547,1789,3390,3417,3363,0,0,0,0,0,0,25.61,25.55,25.64,8.78,63.90
$GC,11157,-1.01,-146.6,2547,1789,3417,3363,786.9,-6.6,366,11161,0.00,2.20,0.00,0.000,516,0.000,0.040,2547,420,3390,3417,3363,0,0,0,0,0,0,26.36,24.99,26.37,8.77,63.46
$GC,11194,-1.01,-146.6,2547,418,3417,3362,786.9,-6.6,366,11201,0.00,2.10,0.00,0.000,1030,0.000,0.025,2538,1805,3389,3416,3363,0,0,0,0,0,0,25.57,25.50,25.60,8.78,63.46
$GC,11400,-1.01,-146.6,2538,1805,3415,3363,803.7,-6.9,372,11405,0.00,2.25,0.00,0.000,260,0.000,0.039,2528,3214,3389,3416,3362,0,0,0,0,0,0,26.36,25.06,26.38,8.77,64.53
$GC,11487,-1.01,-146.6,2527,3213,3416,3362,809.4,-6.9,374,11492,0.00,2.17,0.00,0.000,1030,0.000,0.024,2528,1795,3388,3415,3362,0,0,0,0,0,0,25.56,25.53,25.58,8.77,63.86
$GC,11687,-1.01,-146.6,2527,1795,3415,3362,823.8,-7.2,379,11695,0.00,2.22,0.00,0.000,516,0.000,0.040,2528,414,3388,3415,3362,0,0,0,0,0,0,26.37,24.98,26.37,8.77,64.29
$GC,11742,-1.01,-146.6,2528,414,3415,3362,827.0,-7.3,380,11749,0.12,2.12,0.00,0.000,3078,0.132,0.026,2556,1808,3388,3415,3361,0,0,0,0,0,0,25.08,25.48,25.16,8.77,64.09
$GC,11971,-1.06,-146.6,2556,1808,3415,3361,843.7,-7.0,386,11977,0.00,2.22,0.00,0.000,260,0.000,0.039,2548,3197,3388,3416,3360,0,0,0,0,0,0,26.36,25.04,26.37,8.76,64.21
$GC,12010,-1.11,-146.6,2548,3197,3414,3360,843.7,-7.0,386,12017,0.00,2.10,0.00,0.000,1030,0.000,0.024,2548,1798,3387,3414,3360,0,0,0,0,0,0,25.58,25.52,25.61,8.77,64.29
$GC,12217,-1.11,-146.6,2548,1798,3414,3360,860.8,-6.9,392,12223,0.00,2.22,0.00,0.000,516,0.000,0.041,2548,416,3387,3414,3360,0,0,0,0,0,0,26.36,24.94,26.37,8.76,63.90
$GC,12260,-1.11,-146.6,2548,415,3414,3360,863.7,-6.9,393,12264,0.00,2.12,0.00,0.000,1030,0.000,0.026,2539,1801,3387,3414,3360,0,0,0,0,0,0,25.54,25.47,25.56,8.76,63.58
$GC,12459,-1.11,-146.6,2539,1801,3413,3360,877.6,-7.0,398,12465,0.00,2.22,0.00,0.000,260,0.000,0.039,2529,3195,3386,3413,3359,0,0,0,0,0,0,26.36,25.02,26.37,8.75,64.17
$GC,12503,-1.11,-146.6,2529,3196,3413,3359,880.6,-7.0,399,12507,0.00,2.12,0.00,0.000,1030,0.000,0.024,2529,1789,3386,3413,3359,0,0,0,0,0,0,25.58,25.51,25.60,8.76,64.29
$GC,12697,-1.11,-146.6,2528,1789,3413,3359,894.0,-6.9,404,12702,0.00,2.22,0.00,0.000,516,0.000,0.041,2529,411,3386,3413,3359,0,0,0,0,0,0,26.36,24.92,26.37,8.75,64.56
$GC,12754,-1.11,-146.6,2529,410,3413,3359,897.2,-7.0,405,12761,0.00,2.12,0.00,0.000,1030,0.000,0.026,2520,1801,3385,3412,3359,0,0,0,0,0,0,25.53,25.46,25.56,8.75,64.56
$GC,12982,-1.11,-146.6,2519,1800,3411,3358,914.0,-7.1,411,12988,0.00,2.22,0.00,0.000,260,0.000,0.039,2509,3191,3385,3412,3359,0,0,0,0,0,0,26.36,25.01,26.37,8.75,64.45
$GC,13065,-1.11,-146.6,2509,3191,3412,3358,920.0,-7.2,413,13069,0.00,2.10,0.00,0.000,1030,0.000,0.024,2509,1799,3385,3412,3358,0,0,0,0,0,0,25.56,25.49,25.58,8.75,64.96
$GC,13265,-1.11,-146.6,2509,1799,3411,3358,935.0,-7.5,418,13271,0.00,2.25,0.00,0.000,516,0.000,0.040,2509,409,3385,3412,3358,0,0,0,0,0,0,26.36,24.90,26.37,8.75,64.60
$GC,13308,-1.11,-146.6,2509,410,3412,3358,938.2,-7.6,419,13312,0.00,2.12,0.00,0.000,1030,0.000,0.026,2499,1797,3385,3412,3358,0,0,0,0,0,0,25.51,25.44,25.54,8.75,64.33
$GC,13507,-1.11,-146.6,2499,1797,3411,3357,953.9,-7.9,424,13513,0.00,2.25,0.00,0.000,260,0.000,0.039,2489,3203,3384,3411,3357,0,0,0,0,0,0,26.36,24.98,26.37,8.74,64.33
$GC,13612,-1.11,-146.6,2488,3203,3410,3357,960.5,-8.2,426,13617,0.08,2.17,0.00,0.000,3078,0.106,0.024,2525,1792,3383,3410,3357,0,0,0,0,0,0,24.98,25.48,25.06,8.74,64.29
$GC,13831,-1.11,-146.6,2525,1791,3411,3357,979.4,-7.8,432,13835,0.00,2.22,0.00,0.000,516,0.000,0.041,2525,417,3383,3410,3357,0,0,0,0,0,0,26.36,24.87,26.37,8.74,64.41
$GC,13883,-1.11,-146.6,2525,416,3410,3357,983.0,-7.8,433,13888,0.00,2.15,0.00,0.000,1030,0.000,0.026,2518,1798,3383,3410,3357,0,0,0,0,0,0,25.47,25.43,25.53,8.74,64.37
$STATE,13994,end dive,TARGET_DEPTH_EXCEEDED
$STATE,13994,begin apogee
$GC,14002,-0.42,0.0,2515,2246,3410,3357,992.5,-7.8,436,14136,0.73,0.00,130.07,1.337,10246,0.106,0.000,2746,2246,2805,2899,2711,0,0,0,0,0,0,24.25,23.42,22.41,8.74,64.41
$STATE,14137,end apogee,CONTROL_FINISHED_OK
$STATE,14137,begin climb
$GC,14141,1.09,146.6,2746,2246,2899,2710,998.5,0.0,439,14306,1.48,2.53,152.07,1.274,10756,0.068,0.033,3243,864,2206,2290,2122,0,0,0,0,0,0,23.61,22.58,21.63,8.69,63.03
$GC,14322,0.94,235.4,3242,864,2290,2122,989.6,5.9,444,14427,0.17,2.35,95.22,1.238,13318,0.129,0.027,3192,2242,1843,1979,1707,0,0,0,0,0,0,22.85,23.22,21.48,8.64,61.57
$GC,14644,1.01,251.5,3191,2242,1979,1707,960.8,9.3,452,14666,0.00,2.38,16.88,1.182,8452,0.000,0.042,3191,3658,1777,1921,1634,0,0,0,0,0,0,26.00,24.00,23.21,8.61,62.67
$GC,14736,1.02,260.9,3191,3658,1922,1634,953.2,9.6,454,14753,0.00,2.17,10.30,1.108,9222,0.000,0.024,3195,2239,1739,1889,1590,0,0,0,0,0,0,25.43,25.36,23.62,8.61,63.30
$GC,14964,1.09,265.3,3194,2239,1889,1589,929.8,9.8,460,14975,0.08,2.17,5.22,0.914,10756,0.096,0.035,3293,857,1723,1874,1572,0,0,0,0,0,0,26.06,24.94,24.11,8.59,64.45
$GC,15029,1.09,265.3,3293,857,1874,1572,925.1,10.0,461,15036,0.17,2.15,0.00,0.000,5126,0.119,0.029,3237,2266,1722,1873,1572,0,0,0,0,0,0,25.30,25.65,25.44,8.60,63.82
$GC,15246,1.09,265.3,3237,2266,1874,1572,899.1,10.8,467,15250,0.00,2.25,0.00,0.000,260,0.000,0.044,3237,3647,1723,1874,1572,0,0,0,0,0,0,26.29,25.40,26.29,8.59,64.21
$GC,15302,1.09,265.3,3237,3647,1874,1572,894.0,10.9,468,15306,0.00,2.10,0.00,0.000,1030,0.000,0.024,3245,2251,1723,1874,1572,0,0,0,0,0,0,25.79,25.73,25.82,8.59,65.00
$GC,15491,1.09,265.3,3245,2250,1874,1572,871.7,11.1,473,15495,0.00,2.20,0.00,0.000,516,0.000,0.036,3254,869,1722,1873,1572,0,0,0,0,0,0,26.28,25.39,26.29,8.58,64.96
$GC,15527,1.09,265.3,3254,869,1874,1572,871.7,11.1,473,15534,0.00,2.10,0.00,0.000,1030,0.000,0.029,3253,2250,1723,1874,1572,0,0,0,0,0,0,25.63,25.56,25.67,8.58,64.76
$GC,15736,1.09,265.3,3253,2249,1874,1572,844.5,11.1,479,15741,0.00,2.25,0.00,0.000,260,0.000,0.044,3254,3648,1723,1874,1572,0,0,0,0,0,0,26.29,25.20,26.29,8.58,64.72
$GC,15793,1.09,265.3,3253,3648,1874,1572,839.3,11.2,480,15797,0.00,2.10,0.00,0.000,1030,0.000,0.024,3263,2249,1723,1874,1572,0,0,0,0,0,0,25.70,25.64,25.73,8.58,64.72
$GC,15981,1.09,265.3,3263,2249,1874,1572,817.3,10.8,485,15983,0.00,0.00,0.00,0.000,6,0.000,0.000,3263,2250,1722,1873,1572,0,0,0,0,0,0,26.29,26.31,26.30,8.57,65.43
$GC,16182,1.09,265.3,3263,2249,1874,1572,796.4,10.4,490,16188,0.00,2.28,0.00,0.000,260,0.000,0.044,3263,3648,1723,1874,1572,0,0,0,0,0,0,26.29,25.08,26.31,8.57,65.51
$GC,16236,1.09,265.3,3263,3648,1874,1572,792.1,10.4,491,16241,0.12,2.12,0.00,0.000,5126,0.135,0.024,3235,2249,1723,1874,1572,0,0,0,0,0,0,25.18,25.60,25.27,8.57,65.35
$GC,16426,1.11,279.4,3235,2249,1874,1572,772.8,9.4,496,16444,0.00,0.00,15.27,1.161,8198,0.000,0.000,3235,2249,1664,1820,1509,0,0,0,0,0,0,26.31,25.20,24.15,8.57,65.47
$GC,16627,1.11,287.2,3235,2248,1817,1507,753.4,9.6,501,16638,0.00,0.00,8.55,1.047,8198,0.000,0.000,3235,2249,1633,1791,1476,0,0,0,0,0,0,26.28,25.32,24.27,8.56,65.55
$GC,16826,1.12,288.5,3235,2248,1790,1474,733.6,9.9,506,16828,0.00,0.00,0.00,0.000,6,0.000,0.000,3235,2249,1632,1791,1474,0,0,0,0,0,0,26.27,26.28,26.28,8.56,66.14
$GC,17025,1.12,288.5,3235,2249,1791,1474,713.0,10.2,511,17027,0.00,0.00,0.00,0.000,6,0.000,0.000,3235,2249,1632,1790,1474,0,0,0,0,0,0,26.27,26.29,26.28,8.56,65.98
$GC,17226,1.17,288.5,3235,2249,1791,1474,691.7,10.7,516,17230,0.00,2.20,0.00,0.000,516,0.000,0.036,3243,856,1632,1791,1474,0,0,0,0,0,0,26.28,25.18,26.29,8.55,66.42
$GC,17289,1.17,288.5,3243,854,1790,1474,687.1,10.7,517,17295,0.00,2.15,0.00,0.000,1030,0.000,0.028,3243,2252,1632,1790,1474,0,0,0,0,0,0,25.48,25.40,25.52,8.55,66.10
$GC,17510,1.17,288.5,3243,2252,1791,1474,661.5,10.7,523,17514,0.00,2.28,0.00,0.000,260,0.000,0.044,3243,3658,1632,1790,1474,0,0,0,0,0,0,26.29,24.97,26.29,8.55,66.61
$GC,17567,1.17,288.5,3243,3658,1791,1474,656.6,10.8,524,17571,0.00,2.15,0.00,0.000,1030,0.000,0.024,3253,2243,1632,1791,1474,0,0,0,0,0,0,25.60,25.55,25.63,8.55,66.02
$GC,17756,1.17,288.5,3253,2242,1791,1474,635.5,10.4,529,17760,0.00,2.20,0.00,0.000,516,0.000,0.037,3262,867,1632,1791,1474,0,0,0,0,0,0,26.29,25.11,26.30,8.55,66.14
$GC,17822,1.17,288.5,3261,867,1791,1474,630.9,10.3,530,17827,0.00,2.15,0.00,0.000,1030,0.000,0.028,3262,2260,1632,1791,1474,0,0,0,0,0,0,25.42,25.34,25.46,8.55,66.53
$GC,18038,1.17,294.8,3261,2260,1791,1474,607.8,9.7,536,18052,0.00,2.25,8.45,0.987,8452,0.000,0.044,3262,3644,1601,1761,1441,0,0,0,0,0,0,26.30,25.32,24.16,8.55,65.67
$GC,18100,1.18,301.5,3261,3644,1760,1441,603.8,9.7,537,18115,0.00,2.15,7.90,0.963,9222,0.000,0.024,3268,2248,1574,1737,1411,0,0,0,0,0,0,25.64,25.62,24.20,8.55,65.83
$GC,18318,1.19,314.8,3268,2248,1737,1412,581.0,9.4,543,18337,0.00,2.22,13.48,1.040,8708,0.000,0.037,3278,861,1518,1685,1352,0,0,0,0,0,0,26.28,25.27,24.22,8.54,66.26
$GC,18380,1.21,329.3,3277,861,1687,1353,577.2,9.3,544,18400,0.00,2.15,14.57,1.035,9222,0.000,0.028,3278,2258,1462,1632,1292,0,0,0,0,0,0,25.69,25.60,24.12,8.54,65.75
$GC,18595,1.21,335.3,3277,2258,1630,1290,554.4,9.7,550,18607,0.00,2.25,6.47,0.878,8452,0.000,0.042,3278,3660,1435,1605,1266,0,0,0,0,0,0,26.25,25.03,24.30,8.54,65.75
$GC,18665,1.22,337.9,3277,3660,1604,1266,550.1,9.9,551,18669,0.00,2.12,0.00,0.000,1030,0.000,0.024,3288,2250,1435,1605,1266,0,0,0,0,0,0,25.79,25.72,25.82,8.53,66.38
$GC,18879,1.22,337.9,3287,2250,1605,1266,524.9,10.5,557,18882,0.00,2.20,0.00,0.000,516,0.000,0.037,3295,855,1435,1605,1266,0,0,0,0,0,0,26.24,25.31,26.25,8.53,65.86
$GC,18945,1.22,337.9,3294,853,1605,1266,520.4,10.4,558,18949,0.00,2.15,0.00,0.000,1030,0.000,0.028,3295,2251,1436,1605,1267,0,0,0,0,0,0,25.54,25.46,25.58,8.53,65.86
$GC,19164,1.22,337.9,3294,2251,1605,1266,493.8,11.1,564,19169,0.00,2.28,0.00,0.000,260,0.000,0.044,3295,3657,1435,1604,1266,0,0,0,0,0,0,26.25,25.03,26.26,8.54,66.10
$GC,19208,1.22,337.9,3294,3657,1605,1266,488.7,11.2,565,19216,0.00,2.17,3.58,0.617,9222,0.000,0.024,3302,2246,1428,1596,1260,0,0,0,0,0,0,25.56,25.54,24.20,8.54,65.63
$GC,19411,1.22,337.9,3302,2247,1593,1260,466.0,11.3,570,19415,0.00,2.20,0.00,0.000,516,0.000,0.037,3306,861,1427,1594,1260,0,0,0,0,0,0,26.27,25.16,26.27,8.54,66.10
$GC,19468,1.22,337.9,3305,861,1594,1260,461.3,11.1,571,19473,0.05,2.17,0.00,0.000,5126,0.136,0.029,3275,2250,1427,1594,1260,0,0,0,0,0,0,25.04,25.36,25.14,8.54,65.90
$GC,19657,1.22,337.9,3274,2250,1593,1260,439.9,10.4,576,19662,0.00,2.28,0.00,0.000,260,0.000,0.044,3275,3655,1426,1593,1260,0,0,0,0,0,0,26.27,24.91,26.28,8.54,65.90
$GC,19741,1.22,337.9,3274,3655,1593,1260,430.9,10.5,578,19746,0.00,2.15,0.00,0.000,1030,0.000,0.024,3283,2239,1426,1593,1260,0,0,0,0,0,0,25.56,25.49,25.58,8.54,65.39
$GC,19946,1.22,337.9,3283,2238,1593,1260,410.2,10.1,583,19947,0.00,0.00,0.00,0.000,6,0.000,0.000,3283,2238,1427,1594,1260,0,0,0,0,0,0,26.28,26.29,26.29,8.54,66.22
$GC,20146,1.22,339.4,3283,2238,1593,1260,390.5,9.9,588,20148,0.00,0.00,0.00,0.000,6,0.000,0.000,3283,2238,1426,1593,1260,0,0,0,0,0,0,26.28,26.29,26.29,8.54,65.35
$GC,20347,1.22,339.4,3283,2238,1594,1260,370.1,10.2,593,20349,0.00,0.00,0.00,0.000,6,0.000,0.000,3284,2239,1426,1593,1260,0,0,0,0,0,0,26.29,26.30,26.30,8.55,66.06
$GC,20545,1.22,339.4,3283,2238,1593,1260,349.3,10.4,598,20550,0.00,2.17,0.00,0.000,516,0.000,0.036,3293,864,1426,1593,1260,0,0,0,0,0,0,26.29,25.01,26.30,8.55,65.43
$GC,20589,1.22,339.4,3292,863,1593,1260,344.8,10.5,599,20593,0.00,2.15,0.00,0.000,1030,0.000,0.028,3293,2254,1426,1593,1260,0,0,0,0,0,0,25.34,25.25,25.37,8.55,65.43
$GC,20792,1.22,339.4,3293,2254,1594,1260,323.0,10.7,604,20799,0.00,2.28,0.00,0.000,260,0.000,0.044,3293,3645,1426,1593,1260,0,0,0,0,0,0,26.30,24.77,26.31,8.56,65.39
$GC,20842,1.22,339.4,3293,3645,1593,1260,318.4,10.9,605,20846,0.00,2.12,0.00,0.000,1030,0.000,0.023,3300,2246,1427,1594,1261,0,0,0,0,0,0,25.53,25.48,25.56,8.56,65.12
$GC,21035,1.22,339.4,3300,2246,1593,1261,295.5,11.3,610,21039,0.00,2.17,0.00,0.000,516,0.000,0.036,3309,865,1426,1593,1260,0,0,0,0,0,0,26.30,25.01,26.32,8.56,65.39
$GC,21097,1.22,339.4,3309,864,1594,1260,290.6,11.4,611,21102,0.10,2.12,0.00,0.000,5126,0.132,0.028,3278,2247,1426,1593,1260,0,0,0,0,0,0,24.99,25.26,25.07,8.56,65.04
$GC,21316,1.22,339.4,3277,2247,1593,1260,265.1,10.6,617,21318,0.00,0.00,0.00,0.000,6,0.000,0.000,3277,2247,1426,1593,1260,0,0,0,0,0,0,26.31,26.32,26.32,8.56,64.72
$GC,21516,1.22,342.2,3277,2247,1593,1261,245.3,9.9,622,21528,0.00,2.22,5.47,0.691,8708,0.000,0.036,3286,858,1408,1577,1240,0,0,0,0,0,0,26.31,25.26,24.11,8.57,65.47
$GC,21585,1.23,346.6,3285,858,1576,1241,241.2,9.8,623,21596,0.00,2.15,5.78,0.708,9222,0.000,0.029,3286,2252,1390,1560,1221,0,0,0,0,0,0,25.39,25.30,24.30,8.57,64.76
$GC,21799,1.23,346.6,3285,2252,1558,1221,217.1,10.1,629,21803,0.00,2.20,0.00,0.000,516,0.000,0.035,3295,859,1390,1558,1222,0,0,0,0,0,0,26.30,25.13,26.32,8.57,65.04
$GC,21851,1.23,346.6,3294,858,1558,1222,212.6,10.0,630,21855,0.00,2.15,0.00,0.000,1030,0.000,0.028,3294,2252,1390,1558,1222,0,0,0,0,0,0,25.40,25.32,25.44,8.57,64.53
$GC,22040,1.23,346.6,3294,2252,1558,1221,192.6,10.2,636,22046,0.00,2.28,0.00,0.000,260,0.000,0.044,3294,3650,1390,1558,1222,0,0,0,0,0,0,26.31,24.82,26.32,8.57,64.41
$GC,22089,1.23,346.6,3294,3649,1558,1222,188.3,10.3,638,22093,0.00,2.12,0.00,0.000,1030,0.000,0.023,3303,2243,1390,1558,1222,0,0,0,0,0,0,25.57,25.51,25.59,8.57,64.76
$GC,22282,1.23,346.6,3303,2243,1558,1221,167.8,10.3,648,22286,0.00,2.17,0.00,0.000,516,0.000,0.036,3303,866,1390,1559,1222,0,0,0,0,0,0,26.31,25.01,26.32,8.58,64.64
$GC,22354,1.23,346.6,3302,866,1558,1222,161.0,10.6,651,22359,0.00,2.12,0.00,0.000,1030,0.000,0.028,3303,2260,1390,1558,1222,0,0,0,0,0,0,25.36,25.27,25.39,8.58,64.49
$GC,22548,1.23,346.6,3303,2260,1558,1221,137.2,11.9,661,22555,0.00,2.25,0.00,0.000,260,0.000,0.044,3303,3640,1390,1558,1222,0,0,0,0,0,0,26.31,24.78,26.32,8.58,64.84
$GC,22632,1.23,346.6,3303,3641,1559,1222,127.8,11.5,665,22636,0.00,2.10,0.00,0.000,1030,0.000,0.023,3303,2247,1390,1558,1222,0,0,0,0,0,0,25.54,25.48,25.56,8.59,64.84
$GC,22831,1.23,346.6,3303,2248,1558,1222,104.3,11.3,675,22832,0.00,0.00,0.00,0.000,6,0.000,0.000,3303,2248,1390,1558,1222,0,0,0,0,0,0,26.31,26.33,26.32,8.59,64.13
$GC,23012,1.24,362.6,3303,2247,1558,1222,86.4,9.3,684,23034,0.00,2.22,15.55,0.740,8708,0.000,0.036,3303,859,1324,1497,1151,0,0,0,0,0,0,26.32,25.27,24.36,8.60,65.00
$GC,23113,1.25,369.6,3303,859,1497,1153,76.5,9.7,689,23126,0.00,2.12,7.72,0.662,9222,0.000,0.028,3303,2255,1298,1472,1124,0,0,0,0,0,0,25.53,25.45,24.39,8.60,63.78
$GC,23308,1.34,465.3,3303,2255,1469,1123,62.9,5.6,698,23426,0.00,0.00,100.32,0.728,8454,0.000,0.000,3303,2255,903,997,810,0,0,0,0,2,0,26.29,24.81,24.07,8.63,65.43
$GC,23611,1.49,502.9,3303,2255,995,810,39.6,8.3,719,23652,0.12,2.22,33.85,0.692,10756,0.064,0.036,3419,872,750,821,679,0,0,0,0,0,0,25.99,25.18,24.36,8.68,65.51
$GC,23674,1.49,502.9,3418,872,820,678,33.0,11.0,725,23682,0.17,2.10,0.00,0.000,5126,0.122,0.028,3365,2253,749,820,678,0,0,0,0,0,0,25.20,25.54,25.35,8.69,64.76
$GC,23865,1.56,508.1,3364,2253,820,678,12.1,9.8,744,23875,0.00,2.22,3.12,0.332,8452,0.000,0.041,3365,3650,731,798,664,0,0,0,0,0,0,26.22,25.01,24.50,8.73,64.17
$GC,23923,1.56,508.1,3364,3651,798,664,6.3,10.1,749,23930,0.00,2.08,0.00,0.000,1030,0.000,0.021,3372,2245,731,798,664,0,0,0,0,0,0,25.81,25.75,25.82,8.75,63.50
$STATE,23959,end climb,SURFACE_DEPTH_REACHED
$STATE,23959,begin surface coast
$FINISH,-0.3,1.022409
$STATE,23978,end surface coast,CONTROL_FINISHED_OK
$STATE,23978,begin surface
$SM_CCo,24059,0.00,0.000,0,0,731,509.00
$SM_GC,0.04,8.27,0.62,0.00,0.028,0.030,0.000,173,1793,731,-8.28,1.92,509.00,0,0,0,0,0,0,25.79,25.82,25.82
$IRIDIUM_FIX,916.20,-14339.72,130525,225621
$TT8_MAMPS,0.026215,0.405958
$HUMID,59.56
$INTERNAL_PRESSURE,8.72232
$TCM_TEMP,18.90
$XPDR_PINGS,0
$ALTIM_TOP_PING,19.4,19.1
$24V_AH,21.48,119.628
$10V_AH,9.61,73.446
$FG_AHR_24Vo,0.000
$FG_AHR_10Vo,0.000
$DEVICES,Pitch_motor,Roll_motor,VBD_pump_during_apogee,VBD_pump_during_surface,VBD_valve,Iridium_during_init,Iridium_during_connect,Iridium_during_xfer,Transponder_ping,GUMSTIX_24V,GPS,TT8,LPSleep,TT8_Active,TT8_Sampling,TT8_CF8,TT8_Kalman,Analog_circuits,GPS_charging,Compass,RAFOS,Transponder,Compass2
$DEVICE_SECS,22.525,314.050,659.875,0.000,0.000,0.000,0.000,292.150,0.250,0.000,29.655,3268.959,16627.465,856.234,3196.237,549.782,0.000,2878.585,0.000,2741.363,0.000,2.761,0.000
$DEVICE_MAMPS,202.725,47.430,1337.220,0.000,0.000,0.000,0.000,91.035,420.000,0.000,30.710,15.210,2.190,15.210,43.670,53.410,0.000,14.000,0.000,8.240,0.000,30.000,0.000
$SENSORS,SBE_CT,WL_blue_red_Chl,AA4330,nil,nil,nil,nil,nil,nil,nil
$SENSOR_SECS,655.121,0.000,1009.389,0.000,0.000,0.000,0.000,0.000,0.000,0.000
$SENSOR_MAMPS,22.470,0.000,11.230,0.000,0.000,0.000,0.000,0.000,0.000,0.000
$MEM,311948
$DATA_FILE_SIZE,55730,755
$CAP_FILE_SIZE,268880,0
$CFSIZE,2097872896,1996587008
$ERRORS,0,0,0,0,0,0,0,0,0,0,0,0,0,2,1,0
$CURRENT,0.183,51.32,1
$GPS,280905,122138,920.604,-14340.445,46,0.8,58,9.3,0.6,229.3,10,4.8
