version: 66.14
glider: 195
mission: 21
dive: 309
start: 6 25 105 23 14 57
data:
$ID,195
$MISSION,21
$DIVE,309
$N_DIVES,0
$STOP_T,0
$D_SURF,3
$D_FLARE,2
$D_TGT,990
$D_ABORT,1090
$D_NO_BLEED,50
$D_BOOST,3
$T_BOOST,0
$D_FINISH,0
$D_PITCH,0
$D_SAFE,0
$D_CALL,0
$SURFACE_URGENCY,0
$SURFACE_URGENCY_TRY,0
$SURFACE_URGENCY_FORCE,0
$T_DIVE,330
$T_MISSION,600
$T_ABORT,1440
$T_TURN,300
$T_TURN_SAMPINT,5
$T_NO_W,120
$T_LOITER,0
$T_SLOITER,60
$T_EPIRB,0
$USE_BATHY,0
$USE_ICE,0
$ICE_FREEZE_MARGIN,0.30000001
$D_OFFGRID,990
$T_WATCHDOG,10
$RELAUNCH,1
$APOGEE_PITCH,-8
$MAX_BUOY,150
$COURSE_BIAS,0
$GLIDE_SLOPE,30
$SPEED_FACTOR,1
$RHO,1.023
$MASS,54002
$MASS_COMP,0
$NAV_MODE,2
$FERRY_MAX,45
$KALMAN_USE,2
$HD_A,0.0038000001
$HD_B,0.0099999998
$HD_C,9.8500004e-06
$HEADING,-1
$ESCAPE_HEADING,0
$ESCAPE_HEADING_DELTA,10
$FIX_MISSING_TIMEOUT,0
$TGT_DEFAULT_LAT,4736
$TGT_DEFAULT_LON,-12225
$TGT_AUTO_DEFAULT,0
$SM_CC,565.6618
$N_FILEKB,4
$FILEMGR,0
$CALL_NDIVES,1
$COMM_SEQ,0
$PROTOCOL,9
$N_NOCOMM,1
$NOCOMM_ACTION,0
$N_NOSURFACE,0
$UPLOAD_DIVES_MAX,-1
$CALL_TRIES,5
$CALL_WAIT,60
$CAPUPLOAD,0
$CAPMAXSIZE,200000
$HEAPDBG,0
$T_GPS,15
$N_GPS,50840
$T_RSLEEP,2
$STROBE,0
$RAFOS_PEAK_OFFSET,1.5
$RAFOS_CORR_THRESH,60
$RAFOS_HIT_WINDOW,3600
$RAFOS_MMODEM,0
$PITCH_MIN,207
$PITCH_MAX,3915
$C_PITCH,2900
$PITCH_DBAND,0.1
$PITCH_CNV,0.003125763
$P_OVSHOOT,0.039999999
$P_OVSHOOT_WITHG,0.079999998
$PITCH_GAIN,24
$PITCH_TIMEOUT,17
$PITCH_AD_RATE,160
$PITCH_MAXERRORS,1
$PITCH_ADJ_GAIN,0.02
$PITCH_ADJ_DBAND,2.5
$ROLL_MIN,224
$ROLL_MAX,3758
$ROLL_DEG,40
$C_ROLL_DIVE,2113
$C_ROLL_CLIMB,1605
$HEAD_ERRBAND,10
$ROLL_CNV,0.028270001
$ROLL_TIMEOUT,15
$R_PORT_OVSHOOT,45
$R_STBD_OVSHOOT,52
$ROLL_AD_RATE,350
$ROLL_MAXERRORS,2
$ROLL_ADJ_GAIN,0
$ROLL_ADJ_DBAND,0
$VBD_MIN,500
$VBD_MAX,3960
$C_VBD,2806
$VBD_DBAND,2
$VBD_CNV,-0.24529999
$VBD_LP_IGNORE,0
$VBD_TIMEOUT,720
$PITCH_VBD_SHIFT,0.001
$VBD_PUMP_AD_RATE_SURFACE,5
$VBD_PUMP_AD_RATE_APOGEE,4
$VBD_BLEED_AD_RATE,8
$UNCOM_BLEED,60
$VBD_MAXERRORS,1
$W_ADJ_DBAND,0
$DBDW,0
$PITCH_W_GAIN,0
$PITCH_W_DBAND,0
$CF8_MAXERRORS,5
$AH0_24V,150
$AH0_10V,97
$MINV_24V,19
$MINV_10V,8
$MAXI_24V,0.80000001
$MAXI_10V,0.60000002
$FG_AHR_10V,0
$FG_AHR_24V,0
$PHONE_SUPPLY,-2
$PRESSURE_YINT,-49.397121
$PRESSURE_SLOPE,0.0001168043
$AD7714Ch0Gain,128
$TCM_PITCH_OFFSET,0
$TCM_ROLL_OFFSET,0
$COMPASS_USE,4
$ALTIM_BOTTOM_PING_RANGE,0
$ALTIM_TOP_PING_RANGE,20
$ALTIM_BOTTOM_TURN_MARGIN,0
$ALTIM_TOP_TURN_MARGIN,0
$ALTIM_TOP_MIN_OBSTACLE,1
$ALTIM_PING_DEPTH,0
$ALTIM_PING_DELTA,0
$ALTIM_FREQUENCY,13
$ALTIM_PULSE,3
$ALTIM_SENSITIVITY,3
$XPDR_VALID,5
$XPDR_INHIBIT,90
$INT_PRESSURE_SLOPE,0.0097660003
$INT_PRESSURE_YINT,-0.77999997
$DEEPGLIDER,0
$MOTHERBOARD,4
$DEVICE1,2
$DEVICE2,115
$DEVICE3,101
$DEVICE4,-1
$DEVICE5,-1
$DEVICE6,-1
$LOGGERS,0
$LOGGERDEVICE1,-1
$LOGGERDEVICE2,-1
$LOGGERDEVICE3,-1
$LOGGERDEVICE4,-1
$COMPASS_DEVICE,33
$COMPASS2_DEVICE,-1
$PHONE_DEVICE,49
$GPS_DEVICE,32
$RAFOS_DEVICE,-1
$XPDR_DEVICE,24
$SIM_W,0
$SIM_PITCH,0
$SEABIRD_T_G,0.0044178674
$SEABIRD_T_H,0.00064818078
$SEABIRD_T_I,2.6779007e-05
$SEABIRD_T_J,3.3667231e-06
$SEABIRD_C_G,-10.098215
$SEABIRD_C_H,1.1454017
$SEABIRD_C_I,-0.0021276253
$SEABIRD_C_J,0.00025532115
$SEABIRD_C_Z,2974.52
$GPS1,250605,230626,557.1964,-14108.7031,32,0.8,53,9.2,0.7,138.4,9,4.6
$_CALLS,2
$_XMS_NAKs,0
$_XMS_TOUTs,0
$_SM_DEPTHo,0.04
$_SM_ANGLEo,-56.7
$GPS2,250605,231417,557.1501,-14108.7305,8,0.8,23,9.2,0.3,204.8,10,5.0
$SPEED_LIMITS,0.173,0.262
$TGT_NAME,TX1
$TGT_LATLONG,815.000,-14400.000
$TGT_RADIUS,10000.000
$KALMAN_CONTROL,0.000000,0.000000
$KALMAN_X,0.000000,0.000000,0.000000,0.000000,0.000000
$KALMAN_Y,0.000000,0.000000,0.000000,0.000000,0.000000
$MHEAD_RNG_PITCHd_Wd,302.3,404618,-18.1,-10.000,-20.93,2235
$D_GRID,990
$GCHEAD,st_secs,pitch_ctl,vbd_ctl,pitch_ad_start,roll_ad_start,vbd_pot1_ad_start,vbd_pot2_ad_start,depth,ob_vertv,data_pts,end_secs,pitch_secs,roll_secs,vbd_secs,vbd_i,gcphase,pitch_i,roll_i,pitch_ad,roll_ad,vbd_ad,vbd_pot1_ad,vbd_pot2_ad,pitch_retries,pitch_errors,roll_retries,roll_errors,vbd_retries,vbd_errors,pitch_volts,roll_volts,vbd_volts,int_press,humidity
$STATE,6,end surface,CONTROL_FINISHED_OK
$STATE,6,begin dive
$GC,74,-0.90,-146.6,141,2113,539,460,0.0,0.1,6,164,0.00,0.00,-87.62,0.000,16386,0.000,0.000,140,2115,2851,2861,2842,0,0,0,0,0,0,26.43,28.83,26.44,8.85,49.72
$GC,168,-0.90,-146.6,140,2115,2862,2842,2.8,-5.2,15,198,9.45,2.15,-10.90,0.000,18692,0.207,0.050,2591,3503,3406,3421,3391,0,0,0,0,0,0,25.20,25.44,25.39,9.08,49.60
$GC,316,-0.78,-146.6,2590,3503,3424,3392,34.4,-18.2,29,326,0.17,2.05,0.00,0.000,3078,0.136,0.020,2645,2073,3407,3424,3391,0,0,0,0,0,0,25.74,26.18,25.90,9.14,49.80
$GC,638,-0.78,-146.6,2645,2073,3427,3392,82.5,-14.3,50,643,0.00,2.20,0.00,0.000,260,0.000,0.038,2637,3506,3409,3427,3392,0,0,0,0,0,0,26.60,26.08,26.61,9.17,50.03
$GC,703,-0.78,-146.6,2636,3506,3427,3391,92.3,-14.6,53,708,0.00,2.00,0.00,0.000,1030,0.000,0.018,2637,2103,3409,3427,3391,0,0,0,0,0,0,26.35,26.30,26.36,9.17,49.76
$GC,1028,-0.78,-146.6,2636,2103,3431,3391,126.7,-9.0,69,1032,0.00,2.03,0.00,0.000,516,0.000,0.031,2637,735,3410,3430,3391,0,0,0,0,0,0,26.65,26.17,26.65,9.18,49.13
$GC,1060,-0.78,-146.6,2636,735,3431,3392,128.7,-8.7,70,1064,0.00,2.00,0.00,0.000,1030,0.000,0.023,2628,2124,3411,3430,3392,0,0,0,0,0,0,26.34,26.27,26.36,9.18,49.64
$GC,1374,-0.78,-146.6,2628,2124,3432,3391,151.0,-6.3,86,1378,0.00,2.05,0.00,0.000,516,0.000,0.030,2628,733,3411,3432,3391,0,0,0,0,0,0,26.66,26.19,26.67,9.14,48.97
$GC,1459,-0.78,-146.6,2628,733,3432,3391,156.0,-5.8,90,1463,0.00,1.98,0.00,0.000,1030,0.000,0.023,2620,2113,3412,3433,3392,0,0,0,0,0,0,26.35,26.29,26.37,9.12,49.52
$GC,1783,-0.84,-146.6,2619,2113,3434,3391,178.9,-7.4,106,1787,0.00,2.10,0.00,0.000,260,0.000,0.038,2610,3496,3413,3434,3392,0,0,0,0,0,0,26.66,26.14,26.67,9.07,49.17
$GC,1995,-0.84,-146.6,2609,3496,3434,3391,193.5,-6.5,116,1999,0.00,1.98,0.00,0.000,1030,0.000,0.018,2610,2100,3412,3434,3391,0,0,0,0,0,0,26.40,26.35,26.41,9.04,48.81
$GC,2339,-0.90,-146.6,2609,2100,3434,3391,215.8,-6.5,124,2344,0.00,2.03,0.00,0.000,516,0.000,0.031,2609,733,3412,3434,3391,0,0,0,0,0,0,26.67,26.19,26.67,9.02,50.63
$GC,2402,-0.96,-146.6,2609,733,3434,3392,215.8,-6.5,124,2407,0.00,2.03,0.00,0.000,1030,0.000,0.024,2601,2108,3412,3434,3391,0,0,0,0,0,0,26.32,26.29,26.33,9.01,50.90
$GC,2748,-1.01,-146.6,2600,2108,3434,3391,244.9,-7.3,129,2753,0.00,2.17,0.00,0.000,260,0.000,0.039,2590,3498,3412,3433,3391,0,0,0,0,0,0,26.67,26.13,26.68,8.98,51.92
$GC,2946,-1.01,-146.6,2590,3498,3433,3389,257.7,-7.5,131,2950,0.00,2.03,0.00,0.000,1030,0.000,0.020,2591,2111,3411,3433,3389,0,0,0,0,0,0,26.36,26.34,26.38,8.96,51.81
$GC,3316,-1.01,-146.6,2590,2110,3433,3387,293.0,-8.9,136,3321,0.00,2.15,0.00,0.000,260,0.000,0.039,2580,3503,3409,3433,3386,0,0,0,0,0,0,26.67,26.12,26.68,8.94,53.42
$GC,3404,-1.01,-146.6,2579,3504,3433,3385,300.9,-9.1,137,3408,0.00,2.00,0.00,0.000,1030,0.000,0.020,2580,2104,3408,3432,3385,0,0,0,0,0,0,26.39,26.33,26.41,8.94,53.15
$GC,3723,-1.01,-146.6,2579,2104,3432,3383,329.1,-8.7,141,3727,0.00,2.15,0.00,0.000,260,0.000,0.039,2569,3499,3408,3433,3383,0,0,0,0,0,0,26.67,26.11,26.68,8.92,53.74
$GC,3815,-1.01,-146.6,2569,3499,3432,3382,336.8,-8.8,142,3819,0.00,2.00,0.00,0.000,1030,0.000,0.020,2569,2109,3407,3432,3382,0,0,0,0,0,0,26.38,26.33,26.40,8.92,54.56
$GC,4128,-1.01,-146.6,2569,2109,3431,3381,366.2,-9.1,146,4132,0.00,2.05,0.00,0.000,516,0.000,0.033,2569,740,3406,3431,3381,0,0,0,0,0,0,26.67,26.15,26.68,8.90,54.25
$GC,4155,-1.01,-146.6,2569,740,3431,3381,366.2,-9.1,146,4159,0.00,2.05,0.00,0.000,1030,0.000,0.025,2561,2113,3406,3431,3381,0,0,0,0,0,0,26.29,26.26,26.32,8.91,54.21
$GC,4533,-1.01,-146.6,2560,2113,3429,3379,400.7,-8.4,151,4538,0.00,2.10,0.00,0.000,516,0.000,0.032,2561,744,3403,3429,3378,0,0,0,0,0,0,26.67,26.16,26.68,8.89,55.51
$GC,4691,-1.01,-146.6,2560,744,3427,3379,407.9,-8.4,152,4698,0.00,2.00,0.00,0.000,1030,0.000,0.025,2552,2120,3402,3426,3378,0,0,0,0,0,0,26.32,26.25,26.34,8.89,55.07
$GC,5019,-1.01,-146.6,2551,2120,3425,3376,440.8,-8.1,157,5023,0.00,2.12,0.00,0.000,260,0.000,0.040,2542,3502,3401,3426,3376,0,0,0,0,0,0,26.67,26.09,26.68,8.87,55.27
$GC,5111,-1.01,-146.6,2542,3502,3423,3375,447.9,-8.1,158,5117,0.10,2.00,0.00,0.000,3078,0.152,0.021,2572,2116,3400,3424,3376,0,0,0,0,0,0,25.97,26.31,26.09,8.87,55.86
$GC,5427,-1.01,-146.6,2572,2116,3423,3374,471.9,-7.4,162,5431,0.00,2.08,0.00,0.000,516,0.000,0.034,2572,737,3398,3423,3374,0,0,0,0,0,0,26.67,26.13,26.67,8.87,55.78
$GC,5464,-1.01,-146.6,2572,738,3423,3374,471.9,-7.4,162,5468,0.00,2.03,0.00,0.000,1030,0.000,0.025,2567,2119,3398,3423,3374,0,0,0,0,0,0,26.31,26.22,26.33,8.86,56.37
$GC,5833,-1.01,-146.6,2566,2119,3421,3372,505.5,-8.3,167,5837,0.00,2.15,0.00,0.000,260,0.000,0.040,2557,3508,3396,3421,3372,0,0,0,0,0,0,26.67,26.08,26.68,8.85,56.53
$GC,6010,-1.01,-146.6,2556,3508,3420,3371,520.7,-8.9,169,6015,0.00,2.03,0.00,0.000,1030,0.000,0.021,2557,2115,3395,3420,3371,0,0,0,0,0,0,26.35,26.29,26.37,8.85,56.81
$GC,6320,-1.01,-146.6,2556,2115,3420,3369,551.0,-9.4,173,6324,0.00,2.15,0.00,0.000,260,0.000,0.041,2547,3502,3394,3420,3369,0,0,0,0,0,0,26.67,26.06,26.68,8.84,56.69
$GC,6450,-1.01,-146.6,2546,3502,3419,3369,559.3,-9.5,174,6458,0.00,1.95,0.00,0.000,1030,0.000,0.021,2546,2115,3394,3419,3369,0,0,0,0,0,0,26.35,26.29,26.37,8.83,57.12
$GC,6812,-1.01,-146.6,2546,2115,3418,3367,598.0,-9.3,179,6817,0.00,2.17,0.00,0.000,260,0.000,0.041,2537,3507,3392,3418,3367,0,0,0,0,0,0,26.67,26.05,26.68,8.83,57.24
$GC,6844,-1.01,-146.6,2536,3506,3418,3367,598.0,-9.3,179,6852,0.12,2.03,0.00,0.000,3078,0.141,0.021,2575,2110,3392,3418,3367,0,0,0,0,0,0,25.90,26.29,26.02,8.83,57.56
$GC,7217,-1.08,-146.6,2575,2111,3417,3365,632.1,-8.3,184,7222,0.00,2.10,0.00,0.000,516,0.000,0.035,2575,726,3391,3417,3365,0,0,0,0,0,0,26.67,26.08,26.68,8.82,57.71
$GC,7255,-1.14,-146.6,2574,726,3417,3365,632.1,-8.3,184,7263,0.05,2.05,0.00,0.000,5126,0.129,0.026,2511,2119,3390,3416,3365,0,0,0,0,0,0,26.15,26.20,26.22,8.82,57.83
$GC,7622,-1.14,-146.6,2510,2118,3415,3365,672.1,-10.1,189,7627,0.00,2.17,0.00,0.000,260,0.000,0.041,2501,3512,3389,3415,3364,0,0,0,0,0,0,26.67,26.03,26.68,8.81,57.71
$GC,7736,-1.14,-146.6,2500,3512,3414,3364,681.2,-10.3,190,7743,0.10,2.03,0.00,0.000,3078,0.159,0.022,2529,2118,3388,3414,3363,0,0,0,0,0,0,25.91,26.27,26.02,8.81,57.36
$GC,8107,-1.14,-146.6,2529,2118,3414,3363,718.7,-9.2,195,8112,0.00,2.17,0.00,0.000,260,0.000,0.041,2522,3508,3388,3414,3363,0,0,0,0,0,0,26.67,26.03,26.68,8.81,57.67
$GC,8237,-1.14,-146.6,2521,3508,3413,3362,726.4,-9.1,196,8241,0.00,2.05,0.00,0.000,1030,0.000,0.023,2522,2106,3387,3413,3362,0,0,0,0,0,0,26.33,26.27,26.35,8.80,57.71
$GC,8596,-1.14,-146.6,2521,2105,3413,3361,761.9,-8.7,201,8601,0.00,2.10,0.00,0.000,516,0.000,0.035,2522,727,3387,3413,3361,0,0,0,0,0,0,26.67,26.06,26.68,8.79,57.87
$GC,8633,-1.14,-146.6,2521,727,3413,3361,761.9,-8.7,201,8637,0.00,2.05,0.00,0.000,1030,0.000,0.028,2512,2111,3386,3412,3361,0,0,0,0,0,0,26.25,26.17,26.28,8.79,57.87
$GC,9002,-1.14,-146.6,2511,2111,3412,3360,796.6,-8.5,206,9007,0.00,2.17,0.00,0.000,260,0.000,0.042,2501,3507,3386,3412,3360,0,0,0,0,0,0,26.67,26.00,26.68,8.78,58.50
$GC,9120,-1.14,-146.6,2501,3507,3410,3360,804.2,-8.6,207,9127,0.10,2.05,0.00,0.000,3078,0.164,0.023,2530,2108,3385,3410,3360,0,0,0,0,0,0,25.87,26.25,25.98,8.78,58.50
$GC,9487,-1.14,-146.6,2529,2108,3410,3358,837.7,-8.3,212,9492,0.00,2.10,0.00,0.000,516,0.000,0.035,2530,727,3384,3410,3358,0,0,0,0,0,0,26.67,26.03,26.67,8.77,58.23
$GC,9524,-1.14,-146.6,2529,727,3410,3359,837.7,-8.3,212,9528,0.00,2.08,0.00,0.000,1030,0.000,0.028,2524,2122,3384,3410,3358,0,0,0,0,0,0,26.23,26.15,26.26,8.77,59.09
$GC,9893,-1.14,-146.6,2523,2122,3410,3357,875.4,-9.3,217,9898,0.00,2.17,0.00,0.000,260,0.000,0.043,2514,3506,3383,3409,3357,0,0,0,0,0,0,26.67,25.96,26.68,8.76,58.62
$GC,10023,-1.14,-146.6,2513,3507,3409,3357,883.9,-9.6,218,10028,0.00,2.05,0.00,0.000,1030,0.000,0.024,2514,2115,3383,3409,3357,0,0,0,0,0,0,26.30,26.23,26.32,8.76,58.89
$GC,10382,-1.14,-146.6,2513,2115,3409,3356,924.5,-10.0,223,10387,0.00,2.12,0.00,0.000,516,0.000,0.036,2514,725,3382,3408,3356,0,0,0,0,0,0,26.67,26.01,26.67,8.76,59.37
$GC,10439,-1.14,-146.6,2513,724,3409,3356,924.5,-10.0,223,10444,0.00,2.08,0.00,0.000,1030,0.000,0.028,2504,2117,3381,3408,3355,0,0,0,0,0,0,26.22,26.13,26.25,8.75,58.62
$GC,10788,-1.09,-146.6,2503,2117,3408,3355,966.0,-10.2,228,10794,0.15,2.20,0.00,0.000,2308,0.152,0.043,2540,3510,3381,3408,3355,0,0,0,0,0,0,25.93,25.94,26.03,8.74,58.97
$GC,10899,-1.09,-146.6,2539,3510,3407,3354,974.1,-10.1,229,10903,0.00,2.10,0.00,0.000,1030,0.000,0.024,2540,2116,3380,3407,3353,0,0,0,0,0,0,26.25,26.22,26.27,8.73,59.09
$STATE,11114,end dive,TARGET_DEPTH_EXCEEDED
$STATE,11114,begin apogee
$GC,11122,-0.33,0.0,2539,1600,3407,3354,995.7,-9.0,232,11253,0.75,0.00,127.60,1.350,10246,0.106,0.000,2789,1600,2806,2908,2704,0,0,0,0,0,0,25.46,24.49,23.36,8.74,59.52
$STATE,11255,end apogee,CONTROL_FINISHED_OK
$STATE,11255,begin climb
$GC,11258,0.90,146.6,2789,1600,2905,2703,998.7,0.0,233,11404,1.10,0.00,139.02,1.303,11014,0.058,0.000,3186,1600,2207,2294,2120,0,0,0,0,0,0,24.84,24.11,23.09,8.69,57.79
$GC,11680,0.80,148.1,3185,1600,2293,2118,964.2,9.9,239,11684,0.00,2.20,0.00,0.000,260,0.000,0.036,3186,3011,2206,2293,2119,0,0,0,0,0,0,26.32,25.94,26.33,8.64,58.42
$GC,11792,0.75,148.1,3185,3013,2290,2118,954.9,10.3,240,11800,0.17,2.12,0.00,0.000,5126,0.139,0.029,3140,1605,2204,2290,2118,0,0,0,0,0,0,25.77,26.06,25.94,8.63,57.91
$GC,12167,0.78,182.3,3139,1604,2290,2118,919.8,8.4,245,12207,0.00,2.25,34.53,1.276,8452,0.000,0.035,3140,3010,2059,2155,1963,0,0,0,0,0,0,26.58,24.77,23.99,8.62,59.21
$GC,12299,0.81,214.9,3139,3010,2156,1963,913.0,8.5,246,12337,0.00,2.17,32.30,1.247,9222,0.000,0.029,3146,1607,1925,2043,1808,0,0,0,0,0,0,25.92,25.83,23.87,8.61,58.70
$GC,12644,0.83,235.4,3146,1607,2043,1808,876.6,9.1,251,12670,0.00,2.22,20.38,1.207,8452,0.000,0.034,3146,3010,1843,1973,1713,0,0,0,0,0,0,26.41,24.96,24.18,8.60,59.88
$GC,12767,0.85,255.0,3145,3010,1972,1713,869.4,9.1,252,12797,0.00,2.17,19.95,1.196,9222,0.000,0.030,3154,1605,1762,1904,1620,0,0,0,0,0,0,25.91,25.87,24.06,8.59,59.17
$GC,13121,0.94,280.9,3153,1606,1904,1620,833.5,8.8,257,13153,0.08,2.22,25.25,1.208,10500,0.099,0.034,3220,3003,1656,1807,1505,0,0,0,0,0,0,26.22,24.90,24.13,8.58,59.52
$GC,13226,0.96,298.4,3220,3004,1806,1505,824.8,9.2,258,13249,0.00,2.15,17.12,1.156,9222,0.000,0.030,3230,1604,1585,1741,1429,0,0,0,0,0,0,25.88,25.81,24.06,8.56,59.21
$GC,13599,0.96,298.4,3229,1604,1740,1429,776.8,11.8,263,13603,0.00,2.17,0.00,0.000,516,0.000,0.047,3239,238,1584,1740,1429,0,0,0,0,0,0,26.45,26.00,26.46,8.55,60.12
$GC,13733,0.96,298.4,3238,238,1741,1429,766.7,11.8,264,13740,0.10,2.08,0.00,0.000,5126,0.145,0.024,3207,1631,1584,1740,1428,0,0,0,0,0,0,25.94,26.20,26.07,8.56,59.68
$GC,14085,0.96,298.4,3206,1632,1741,1429,721.2,11.0,269,14087,0.00,0.00,0.00,0.000,6,0.000,0.000,3207,1631,1584,1740,1429,0,0,0,0,0,0,26.60,26.62,26.61,8.55,60.35
$GC,14405,0.96,298.4,3207,1631,1740,1429,684.4,11.5,273,14409,0.00,2.10,0.00,0.000,260,0.000,0.037,3207,2999,1584,1740,1429,0,0,0,0,0,0,26.63,26.17,26.65,8.54,60.47
$GC,14461,0.96,298.4,3207,2998,1740,1428,684.4,11.5,273,14466,0.00,2.15,0.00,0.000,1030,0.000,0.031,3207,1603,1584,1740,1428,0,0,0,0,0,0,26.26,26.22,26.29,8.54,60.51
$GC,14811,0.96,298.4,3206,1603,1740,1428,635.1,12.0,278,14815,0.00,2.15,0.00,0.000,260,0.000,0.037,3207,2994,1583,1739,1428,0,0,0,0,0,0,26.65,26.16,26.65,8.55,60.27
$GC,14874,0.96,298.4,3206,2994,1740,1428,635.1,12.0,278,14878,0.00,2.10,0.00,0.000,1030,0.000,0.031,3207,1603,1584,1741,1428,0,0,0,0,0,0,26.30,26.21,26.33,8.55,60.78
$GC,15220,0.96,298.4,3207,1603,1740,1427,586.6,11.7,283,15224,0.00,2.15,0.00,0.000,260,0.000,0.037,3207,2994,1584,1740,1428,0,0,0,0,0,0,26.65,26.15,26.66,8.54,61.45
$GC,15262,0.96,298.4,3206,2994,1740,1428,586.6,11.7,283,15266,0.00,2.10,0.00,0.000,1030,0.000,0.031,3207,1605,1584,1740,1428,0,0,0,0,0,0,26.29,26.20,26.32,8.54,61.38
$GC,15625,0.96,298.4,3207,1604,1740,1428,540.3,11.2,288,15629,0.00,2.15,0.00,0.000,260,0.000,0.037,3207,2997,1584,1740,1428,0,0,0,0,0,0,26.65,26.13,26.66,8.55,61.02
$GC,15682,0.96,298.4,3207,2998,1740,1428,540.3,11.2,288,15686,0.00,2.10,0.00,0.000,1030,0.000,0.030,3207,1602,1584,1740,1428,0,0,0,0,0,0,26.29,26.20,26.32,8.55,60.31
$GC,16031,0.96,298.4,3207,1602,1740,1428,496.3,10.7,293,16035,0.00,2.15,0.00,0.000,260,0.000,0.037,3207,2995,1584,1740,1428,0,0,0,0,0,0,26.65,26.13,26.67,8.55,60.31
$GC,16123,0.96,298.4,3206,2995,1740,1428,486.9,10.7,294,16127,0.00,2.10,0.00,0.000,1030,0.000,0.031,3207,1604,1584,1740,1428,0,0,0,0,0,0,26.27,26.17,26.29,8.55,60.51
$GC,16438,0.96,298.4,3207,1603,1740,1428,454.5,10.1,298,16442,0.00,2.15,0.00,0.000,260,0.000,0.036,3207,2998,1584,1740,1428,0,0,0,0,0,0,26.65,26.11,26.66,8.55,60.43
$GC,16499,0.96,298.4,3206,2998,1740,1428,454.5,10.1,298,16504,0.00,2.12,0.00,0.000,1030,0.000,0.031,3207,1597,1584,1740,1428,0,0,0,0,0,0,26.26,26.17,26.29,8.55,60.55
$GC,16844,0.97,314.6,3206,1597,1740,1428,415.9,9.3,303,16865,0.00,2.20,14.70,0.943,8452,0.000,0.036,3207,2990,1519,1681,1358,0,0,0,0,0,0,26.65,25.55,24.32,8.56,59.96
$GC,16928,0.99,331.6,3206,2990,1680,1358,408.2,9.2,304,16951,0.00,2.12,16.60,0.942,9222,0.000,0.031,3207,1596,1449,1616,1282,0,0,0,0,0,0,26.08,25.99,24.30,8.55,59.84
$GC,17330,1.06,341.6,3206,1596,1616,1282,370.0,9.5,309,17348,0.05,2.17,9.65,0.863,10500,0.145,0.033,3267,2990,1409,1577,1241,0,0,0,0,0,0,26.27,25.14,24.42,8.55,59.96
$GC,17435,1.06,341.6,3266,2990,1577,1241,359.5,10.3,310,17440,0.10,2.12,0.00,0.000,5126,0.154,0.031,3245,1596,1408,1577,1240,0,0,0,0,0,0,25.74,25.98,25.88,8.55,59.25
$GC,17804,1.06,341.6,3245,1595,1577,1241,309.7,12.3,315,17808,0.00,2.15,0.00,0.000,516,0.000,0.048,3254,239,1409,1577,1241,0,0,0,0,0,0,26.55,25.97,26.56,8.55,59.49
$GC,17860,1.06,341.6,3254,239,1577,1241,309.7,12.3,315,17864,0.00,2.03,0.00,0.000,1030,0.000,0.024,3254,1610,1409,1577,1241,0,0,0,0,0,0,26.26,26.19,26.28,8.55,59.64
$GC,18208,1.06,341.6,3254,1610,1577,1241,258.5,12.5,320,18212,0.00,2.17,0.00,0.000,516,0.000,0.047,3263,239,1409,1577,1241,0,0,0,0,0,0,26.62,26.01,26.63,8.56,59.45
$GC,18281,1.06,341.6,3263,239,1577,1241,258.5,12.5,320,18285,0.00,2.03,0.00,0.000,1030,0.000,0.025,3263,1605,1409,1577,1241,0,0,0,0,0,0,26.29,26.22,26.32,8.56,59.09
$GC,18616,1.06,341.6,3263,1605,1576,1241,210.0,11.7,325,18620,0.00,2.17,0.00,0.000,516,0.000,0.047,3273,237,1408,1576,1241,0,0,0,0,0,0,26.65,26.00,26.65,8.56,59.21
$GC,18677,1.06,341.6,3273,237,1576,1241,210.0,11.7,325,18682,0.10,2.03,0.00,0.000,5126,0.142,0.025,3241,1607,1409,1577,1241,0,0,0,0,0,0,25.95,26.22,26.07,8.56,59.33
$GC,18999,1.06,341.6,3240,1607,1577,1241,167.3,11.7,338,19003,0.00,2.17,0.00,0.000,516,0.000,0.047,3249,239,1408,1576,1241,0,0,0,0,0,0,26.65,25.99,26.66,8.57,59.37
$GC,19085,1.06,341.6,3249,239,1576,1241,157.2,11.8,342,19089,0.00,2.03,0.00,0.000,1030,0.000,0.026,3249,1603,1408,1576,1241,0,0,0,0,0,0,26.29,26.22,26.32,8.57,59.25
$GC,19404,1.06,344.5,3249,1603,1577,1241,122.2,9.9,358,19409,0.00,2.15,0.00,0.000,260,0.000,0.037,3249,2998,1408,1576,1241,0,0,0,0,0,0,26.65,26.08,26.66,8.59,59.56
$GC,19450,1.08,356.4,3249,2998,1576,1241,117.9,9.5,360,19471,0.00,2.10,13.20,0.748,9222,0.000,0.028,3259,1599,1350,1521,1179,0,0,0,0,0,0,26.25,26.17,24.56,8.59,60.00
$GC,19772,1.12,405.1,3259,1599,1521,1179,91.5,7.8,376,19821,0.00,2.20,43.97,0.764,8708,0.000,0.046,3262,245,1151,1321,982,0,0,0,0,0,0,26.55,24.92,24.37,8.65,61.10
$GC,19881,1.17,449.4,3262,245,1321,983,83.7,8.0,380,19946,0.00,2.10,48.95,0.720,9222,0.000,0.025,3262,1610,970,1087,853,0,0,0,0,1,0,25.80,25.77,24.18,8.68,60.39
$GC,20247,1.34,478.0,3261,1611,1086,852,51.1,8.7,399,20281,0.15,2.17,27.38,0.683,10500,0.058,0.034,3374,3000,852,944,761,0,0,0,0,0,0,26.15,25.08,24.56,8.75,58.97
$GC,20313,1.34,478.0,3373,3000,943,761,43.6,12.1,404,20321,0.15,2.15,0.00,0.000,5126,0.135,0.028,3337,1609,852,944,761,0,0,0,0,0,0,25.45,25.77,25.54,8.76,58.78
$GC,20621,1.34,478.0,3337,1608,943,761,10.1,10.6,435,20625,0.00,2.15,0.00,0.000,516,0.000,0.044,3345,241,852,943,761,0,0,0,0,0,0,26.45,25.95,26.46,8.81,56.81
$GC,20647,1.34,478.0,3344,240,943,761,7.5,10.3,437,20654,0.00,2.00,0.00,0.000,1030,0.000,0.022,3345,1618,852,943,761,0,0,0,0,0,0,26.20,26.13,26.21,8.81,56.37
$STATE,20682,end climb,SURFACE_DEPTH_REACHED
$STATE,20682,begin surface coast
$FINISH,0.9,1.022331
$STATE,20704,end surface coast,CONTROL_FINISHED_OK
$STATE,20704,begin surface
$SM_CCo,20726,51.42,0.052,0,0,497,565.66
$SM_GC,-0.21,8.55,0.70,51.42,0.058,0.032,0.052,186,2103,497,-8.34,-2.04,565.66,0,0,0,0,0,0,26.17,26.15,25.95
$IRIDIUM_FIX,556.74,-14110.25,080225,171849
$TT8_MAMPS,0.026215,0.391727
$HUMID,52.67
$INTERNAL_PRESSURE,8.76138
$TCM_TEMP,20.30
$XPDR_PINGS,0
$ALTIM_TOP_PING,19.6,19.0
$24V_AH,23.09,49.489
$10V_AH,9.73,37.224
$FG_AHR_24Vo,0.000
$FG_AHR_10Vo,0.000
$DEVICES,Pitch_motor,Roll_motor,VBD_pump_during_apogee,VBD_pump_during_surface,VBD_valve,Iridium_during_init,Iridium_during_connect,Iridium_during_xfer,Transponder_ping,GUMSTIX_24V,GPS,TT8,LPSleep,TT8_Active,TT8_Sampling,TT8_CF8,TT8_Kalman,Analog_circuits,GPS_charging,Compass,RAFOS,Transponder,Compass2
$DEVICE_SECS,21.550,195.000,590.600,51.425,0.000,0.000,0.000,286.775,0.250,0.000,23.289,2209.116,15217.788,717.867,2734.366,380.633,0.000,2354.500,0.000,2234.786,0.000,4.745,0.000
$DEVICE_MAMPS,206.550,50.490,1350.225,52.020,0.000,0.000,0.000,81.855,420.000,0.000,30.710,15.210,2.190,15.210,43.670,53.410,0.000,14.000,0.000,8.240,0.000,30.000,0.000
$SENSORS,SBE_CT,WL_blue_red_Chl,AA4330,nil,nil,nil,nil,nil,nil,nil
$SENSOR_SECS,383.285,269.771,596.798,0.000,0.000,0.000,0.000,0.000,0.000,0.000
$SENSOR_MAMPS,22.470,105.000,11.230,0.000,0.000,0.000,0.000,0.000,0.000,0.000
$MEM,311768
$DATA_FILE_SIZE,35040,443
$CAP_FILE_SIZE,183155,0
$CFSIZE,2097872896,2053472256
$ERRORS,0,1,0,0,0,0,0,0,0,0,0,0,0,1,1,0
$INTR,0,6450.79,0x2367ba,0,24
$CURRENT,0.042,66.72,1
$GPS,260605,050250,558.077,-14109.206,36,1.0,48,9.2,0.3,13.3,8,4.7
