version: 66.14
glider: 195
mission: 21
dive: 702
start: 10 9 105 13 25 5
data:
$ID,195
$MISSION,21
$DIVE,702
$N_DIVES,0
$STOP_T,0
$D_SURF,3
$D_FLARE,2
$D_TGT,990
$D_ABORT,1090
$D_NO_BLEED,50
$D_BOOST,3
$T_BOOST,0
$D_FINISH,0
$D_PITCH,0
$D_SAFE,0
$D_CALL,0
$SURFACE_URGENCY,0
$SURFACE_URGENCY_TRY,0
$SURFACE_URGENCY_FORCE,0
$T_DIVE,330
$T_MISSION,600
$T_ABORT,1440
$T_TURN,300
$T_TURN_SAMPINT,5
$T_NO_W,120
$T_LOITER,0
$T_SLOITER,60
$T_EPIRB,0
$USE_BATHY,0
$USE_ICE,0
$ICE_FREEZE_MARGIN,0.30000001
$D_OFFGRID,990
$T_WATCHDOG,10
$RELAUNCH,1
$APOGEE_PITCH,-8
$MAX_BUOY,150
$COURSE_BIAS,0
$GLIDE_SLOPE,30
$SPEED_FACTOR,1
$RHO,1.023
$MASS,54002
$MASS_COMP,0
$NAV_MODE,2
$FERRY_MAX,45
$KALMAN_USE,2
$HD_A,0.0038000001
$HD_B,0.0099999998
$HD_C,9.8500004e-06
$HEADING,-1
$ESCAPE_HEADING,0
$ESCAPE_HEADING_DELTA,10
$FIX_MISSING_TIMEOUT,0
$TGT_DEFAULT_LAT,4736
$TGT_DEFAULT_LON,-12225
$TGT_AUTO_DEFAULT,0
$SM_CC,300
$N_FILEKB,4
$FILEMGR,0
$CALL_NDIVES,1
$COMM_SEQ,0
$PROTOCOL,9
$N_NOCOMM,1
$NOCOMM_ACTION,0
$N_NOSURFACE,0
$UPLOAD_DIVES_MAX,-1
$CALL_TRIES,5
$CALL_WAIT,60
$CAPUPLOAD,0
$CAPMAXSIZE,200000
$HEAPDBG,0
$T_GPS,15
$N_GPS,50840
$T_RSLEEP,2
$STROBE,0
$RAFOS_PEAK_OFFSET,1.5
$RAFOS_CORR_THRESH,60
$RAFOS_HIT_WINDOW,3600
$RAFOS_MMODEM,0
$PITCH_MIN,207
$PITCH_MAX,3915
$C_PITCH,2884
$PITCH_DBAND,0.1
$PITCH_CNV,0.003125763
$P_OVSHOOT,0.039999999
$P_OVSHOOT_WITHG,0.079999998
$PITCH_GAIN,19.15
$PITCH_TIMEOUT,17
$PITCH_AD_RATE,160
$PITCH_MAXERRORS,1
$PITCH_ADJ_GAIN,0.02
$PITCH_ADJ_DBAND,2.5
$ROLL_MIN,224
$ROLL_MAX,3758
$ROLL_DEG,40
$C_ROLL_DIVE,1800
$C_ROLL_CLIMB,2250
$HEAD_ERRBAND,10
$ROLL_CNV,0.028270001
$ROLL_TIMEOUT,15
$R_PORT_OVSHOOT,34
$R_STBD_OVSHOOT,32
$ROLL_AD_RATE,350
$ROLL_MAXERRORS,2
$ROLL_ADJ_GAIN,0
$ROLL_ADJ_DBAND,0
$VBD_MIN,500
$VBD_MAX,3960
$C_VBD,2806
$VBD_DBAND,2
$VBD_CNV,-0.24529999
$VBD_LP_IGNORE,0
$VBD_TIMEOUT,720
$PITCH_VBD_SHIFT,0.001
$VBD_PUMP_AD_RATE_SURFACE,5
$VBD_PUMP_AD_RATE_APOGEE,4
$VBD_BLEED_AD_RATE,8
$UNCOM_BLEED,60
$VBD_MAXERRORS,1
$W_ADJ_DBAND,0
$DBDW,0
$PITCH_W_GAIN,0
$PITCH_W_DBAND,0
$CF8_MAXERRORS,5
$AH0_24V,150
$AH0_10V,97
$MINV_24V,19
$MINV_10V,8
$MAXI_24V,0.80000001
$MAXI_10V,0.60000002
$FG_AHR_10V,0
$FG_AHR_24V,0
$PHONE_SUPPLY,-2
$PRESSURE_YINT,-49.397121
$PRESSURE_SLOPE,0.0001168043
$AD7714Ch0Gain,128
$TCM_PITCH_OFFSET,0
$TCM_ROLL_OFFSET,0
$COMPASS_USE,4
$ALTIM_BOTTOM_PING_RANGE,0
$ALTIM_TOP_PING_RANGE,20
$ALTIM_BOTTOM_TURN_MARGIN,0
$ALTIM_TOP_TURN_MARGIN,0
$ALTIM_TOP_MIN_OBSTACLE,1
$ALTIM_PING_DEPTH,0
$ALTIM_PING_DELTA,0
$ALTIM_FREQUENCY,13
$ALTIM_PULSE,3
$ALTIM_SENSITIVITY,3
$XPDR_VALID,5
$XPDR_INHIBIT,90
$INT_PRESSURE_SLOPE,0.0097660003
$INT_PRESSURE_YINT,-0.77999997
$DEEPGLIDER,0
$MOTHERBOARD,4
$DEVICE1,2
$DEVICE2,115
$DEVICE3,101
$DEVICE4,-1
$DEVICE5,-1
$DEVICE6,-1
$LOGGERS,0
$LOGGERDEVICE1,-1
$LOGGERDEVICE2,-1
$LOGGERDEVICE3,-1
$LOGGERDEVICE4,-1
$COMPASS_DEVICE,33
$COMPASS2_DEVICE,-1
$PHONE_DEVICE,49
$GPS_DEVICE,32
$RAFOS_DEVICE,-1
$XPDR_DEVICE,24
$SIM_W,0
$SIM_PITCH,0
$SEABIRD_T_G,0.0044178674
$SEABIRD_T_H,0.00064818078
$SEABIRD_T_I,2.6779007e-05
$SEABIRD_T_J,3.3667231e-06
$SEABIRD_C_G,-10.098215
$SEABIRD_C_H,1.1454017
$SEABIRD_C_I,-0.0021276253
$SEABIRD_C_J,0.00025532115
$SEABIRD_C_Z,2974.52
$GPS1,091005,131720,1002.3599,-14415.7930,44,1.3,65,9.3,0.6,342.9,8,4.9
$_CALLS,1
$_XMS_NAKs,0
$_XMS_TOUTs,0
$_SM_DEPTHo,0.31
$_SM_ANGLEo,-56.6
$GPS2,091005,132425,1002.3518,-14415.8066,7,0.8,28,9.3,0.6,278.7,10,4.5
$SPEED_LIMITS,0.173,0.262
$TGT_NAME,TX2
$TGT_LATLONG,1145.000,-14800.000
$TGT_RADIUS,10000.000
$KALMAN_CONTROL,0.000000,0.000000
$KALMAN_X,0.000000,0.000000,0.000000,0.000000,0.000000
$KALMAN_Y,0.000000,0.000000,0.000000,0.000000,0.000000
$MHEAD_RNG_PITCHd_Wd,285.6,448761,-18.1,-10.000,-20.93,2235
$D_GRID,990
$GCHEAD,st_secs,pitch_ctl,vbd_ctl,pitch_ad_start,roll_ad_start,vbd_pot1_ad_start,vbd_pot2_ad_start,depth,ob_vertv,data_pts,end_secs,pitch_secs,roll_secs,vbd_secs,vbd_i,gcphase,pitch_i,roll_i,pitch_ad,roll_ad,vbd_ad,vbd_pot1_ad,vbd_pot2_ad,pitch_retries,pitch_errors,roll_retries,roll_errors,vbd_retries,vbd_errors,pitch_volts,roll_volts,vbd_volts,int_press,humidity
$STATE,6,end surface,CONTROL_FINISHED_OK
$STATE,6,begin dive
$GC,74,-1.09,-146.6,161,1793,1055,857,0.3,0.0,6,143,0.00,0.00,-66.60,0.000,16386,0.000,0.000,160,1794,2677,2689,2666,0,0,0,0,0,0,21.24,28.83,21.25,8.82,54.92
$GC,147,-1.09,-146.6,160,1793,2690,2666,2.3,-3.9,13,186,12.43,2.78,-16.75,0.000,18692,0.200,0.044,2515,3204,3407,3431,3384,0,0,0,0,0,0,20.39,19.60,20.54,9.01,54.41
$GC,321,-0.97,-146.6,2515,3203,3435,3384,29.3,-14.3,30,331,0.20,2.62,0.00,0.000,3078,0.118,0.020,2562,1787,3409,3435,3384,0,0,0,0,0,0,20.44,20.80,20.53,9.08,55.43
$GC,524,-0.97,-146.6,2562,1787,3437,3384,53.0,-11.1,49,530,0.00,2.70,0.00,0.000,516,0.000,0.034,2562,413,3410,3437,3384,0,0,0,0,0,0,21.41,20.73,21.42,9.10,55.39
$GC,587,-0.91,-146.6,2562,413,3437,3384,60.6,-11.6,52,596,0.15,2.62,0.00,0.000,3078,0.126,0.021,2588,1806,3410,3437,3384,0,0,0,0,0,0,20.54,20.85,20.68,9.11,54.76
$GC,787,-0.91,-146.6,2587,1806,3440,3384,82.3,-9.9,62,794,0.00,2.72,0.00,0.000,516,0.000,0.032,2588,413,3411,3439,3384,0,0,0,0,0,0,21.49,20.79,21.49,9.12,54.68
$GC,841,-0.91,-146.6,2587,413,3440,3384,86.8,-10.4,64,848,0.00,2.60,0.00,0.000,1030,0.000,0.018,2582,1808,3412,3440,3384,0,0,0,0,0,0,20.97,20.91,20.99,9.12,54.68
$GC,1028,-0.91,-146.6,2581,1808,3442,3384,102.2,-7.6,74,1034,0.00,2.72,0.00,0.000,260,0.000,0.035,2572,3201,3413,3442,3384,0,0,0,0,0,0,21.56,20.85,21.56,9.13,54.29
$GC,1106,-0.91,-146.6,2571,3201,3442,3384,106.7,-7.0,77,1113,0.00,2.62,0.00,0.000,1030,0.000,0.026,2571,1803,3413,3443,3384,0,0,0,0,0,0,21.01,20.94,21.03,9.13,55.04
$GC,1294,-0.91,-146.6,2571,1804,3444,3384,118.9,-7.1,87,1295,0.00,0.00,0.00,0.000,6,0.000,0.000,2571,1803,3414,3444,3385,0,0,0,0,0,0,21.61,21.61,21.61,9.11,54.25
$GC,1473,-0.91,-146.6,2571,1803,3446,3385,130.9,-5.8,96,1479,0.00,2.75,0.00,0.000,260,0.000,0.044,2562,3189,3415,3446,3385,0,0,0,0,0,0,21.62,20.89,21.63,9.10,53.97
$GC,1536,-0.91,-146.6,2561,3189,3446,3385,133.8,-4.8,99,1542,0.00,2.53,0.00,0.000,1030,0.000,0.019,2562,1796,3415,3446,3385,0,0,0,0,0,0,21.04,21.01,21.06,9.09,54.01
$GC,1737,-0.91,-146.6,2561,1796,3447,3386,145.3,-6.2,109,1744,0.00,2.70,0.00,0.000,260,0.000,0.034,2552,3189,3416,3447,3386,0,0,0,0,0,0,21.63,20.89,21.64,9.08,54.33
$GC,1907,-0.91,-146.6,2551,3189,3448,3386,154.8,-5.4,117,1918,0.15,2.55,0.00,0.000,3078,0.115,0.019,2587,1795,3417,3448,3387,0,0,0,0,0,0,20.71,21.04,20.84,9.06,54.09
$GC,2099,-0.91,-146.6,2587,1795,3449,3387,163.0,-4.2,127,2104,0.00,2.70,0.00,0.000,516,0.000,0.032,2587,408,3418,3449,3387,0,0,0,0,0,0,21.64,20.89,21.65,9.05,54.72
$GC,2143,-0.91,-146.6,2588,408,3449,3387,165.1,-4.5,129,2148,0.00,2.58,0.00,0.000,1030,0.000,0.019,2581,1801,3418,3449,3387,0,0,0,0,0,0,21.10,21.04,21.12,9.04,54.96
$GC,2351,-0.91,-146.6,2581,1801,3450,3387,176.3,-6.3,139,2357,0.00,2.70,0.00,0.000,260,0.000,0.035,2570,3194,3418,3450,3387,0,0,0,0,0,0,21.65,20.91,21.66,9.03,55.31
$GC,2478,-0.91,-146.6,2570,3194,3450,3387,184.4,-6.4,145,2484,0.00,2.55,0.00,0.000,1030,0.000,0.020,2571,1800,3418,3450,3387,0,0,0,0,0,0,21.08,21.06,21.11,9.03,55.43
$GC,2679,-0.91,-146.6,2570,1800,3450,3387,197.5,-6.6,155,2680,0.00,0.00,0.00,0.000,6,0.000,0.000,2571,1800,3418,3450,3387,0,0,0,0,0,0,21.66,21.66,21.66,9.01,55.74
$GC,2879,-0.91,-146.6,2570,1800,3450,3387,212.2,-7.5,161,2880,0.00,0.00,0.00,0.000,6,0.000,0.000,2571,1800,3418,3450,3387,0,0,0,0,0,0,21.66,21.66,21.66,9.00,56.18
$GC,3081,-0.91,-146.6,2570,1800,3450,3387,227.0,-7.3,166,3087,0.00,2.72,0.00,0.000,260,0.000,0.037,2561,3195,3418,3450,3387,0,0,0,0,0,0,21.66,20.93,21.67,8.99,57.83
$GC,3109,-0.91,-146.6,2560,3195,3450,3387,227.0,-7.3,166,3121,0.10,2.58,0.00,0.000,3078,0.120,0.021,2584,1800,3418,3450,3387,0,0,0,0,0,0,20.86,21.10,20.96,8.99,56.81
$GC,3322,-0.91,-146.6,2584,1800,3450,3387,242.4,-6.4,172,3328,0.00,2.70,0.00,0.000,516,0.000,0.034,2584,411,3418,3450,3387,0,0,0,0,0,0,21.66,20.94,21.67,8.98,57.71
$GC,3376,-0.91,-146.6,2584,411,3450,3387,245.3,-6.6,173,3383,0.00,2.60,0.00,0.000,1030,0.000,0.021,2577,1803,3418,3450,3387,0,0,0,0,0,0,21.16,21.11,21.18,8.97,58.11
$GC,3603,-0.91,-146.6,2577,1802,3449,3387,263.8,-7.9,179,3610,0.00,2.72,0.00,0.000,260,0.000,0.036,2567,3193,3419,3450,3388,0,0,0,0,0,0,21.67,20.95,21.67,8.97,58.19
$GC,3673,-0.91,-146.6,2567,3193,3449,3387,267.3,-8.0,180,3683,0.00,2.58,0.00,0.000,1030,0.000,0.020,2567,1793,3418,3449,3387,0,0,0,0,0,0,21.18,21.12,21.20,8.96,58.30
$GC,3885,-0.91,-146.6,2567,1793,3448,3387,284.9,-7.2,186,3887,0.00,0.00,0.00,0.000,6,0.000,0.000,2567,1793,3418,3449,3387,0,0,0,0,0,0,21.67,21.68,21.68,8.95,58.58
$GC,4085,-0.91,-146.6,2567,1793,3448,3387,298.2,-6.7,191,4092,0.00,2.72,0.00,0.000,260,0.000,0.037,2557,3195,3417,3448,3387,0,0,0,0,0,0,21.67,20.98,21.68,8.95,58.54
$GC,4145,-0.91,-146.6,2557,3196,3448,3387,300.9,-6.7,192,4152,0.12,2.58,0.00,0.000,3078,0.116,0.021,2587,1800,3417,3447,3387,0,0,0,0,0,0,20.87,21.14,20.99,8.94,59.05
$GC,4367,-0.96,-146.6,2587,1801,3447,3387,316.2,-6.4,198,4373,0.00,2.70,0.00,0.000,516,0.000,0.034,2587,415,3417,3447,3387,0,0,0,0,0,0,21.68,20.97,21.68,8.94,60.00
$GC,4402,-1.02,-146.6,2587,415,3447,3387,316.2,-6.4,198,4409,0.00,2.58,0.00,0.000,1030,0.000,0.020,2582,1799,3416,3446,3387,0,0,0,0,0,0,21.20,21.15,21.23,8.93,59.29
$GC,4610,-1.02,-146.6,2581,1799,3445,3387,331.0,-6.0,204,4617,0.00,2.70,0.00,0.000,260,0.000,0.037,2571,3193,3415,3444,3387,0,0,0,0,0,0,21.68,20.99,21.68,8.93,59.01
$GC,4744,-1.02,-146.6,2571,3193,3444,3387,338.9,-6.3,207,4750,0.00,2.55,0.00,0.000,1030,0.000,0.021,2571,1799,3415,3444,3387,0,0,0,0,0,0,21.19,21.16,21.21,8.93,59.64
$GC,4936,-1.02,-146.6,2571,1799,3444,3387,352.9,-7.0,212,4943,0.00,2.70,0.00,0.000,516,0.000,0.034,2571,411,3415,3443,3387,0,0,0,0,0,0,21.68,21.00,21.68,8.92,60.00
$GC,4980,-1.02,-146.6,2571,411,3443,3387,356.1,-7.1,213,4985,0.00,2.60,0.00,0.000,1030,0.000,0.021,2562,1803,3415,3443,3387,0,0,0,0,0,0,21.23,21.17,21.25,8.91,60.31
$GC,5180,-1.02,-146.6,2562,1803,3443,3387,370.6,-7.3,218,5187,0.00,2.70,0.00,0.000,260,0.000,0.037,2552,3196,3414,3442,3387,0,0,0,0,0,0,21.68,21.01,21.68,8.91,60.47
$GC,5239,-1.02,-146.6,2552,3196,3441,3387,373.4,-7.1,219,5247,0.00,2.58,0.00,0.000,1030,0.000,0.020,2552,1795,3414,3441,3387,0,0,0,0,0,0,21.24,21.18,21.25,8.91,60.19
$GC,5462,-1.02,-146.6,2552,1795,3441,3386,390.2,-7.0,225,5463,0.00,0.00,0.00,0.000,6,0.000,0.000,2552,1795,3414,3441,3387,0,0,0,0,0,0,21.68,21.69,21.69,8.90,61.02
$GC,5663,-1.02,-146.6,2552,1795,3439,3386,404.0,-6.9,230,5664,0.00,0.00,0.00,0.000,6,0.000,0.000,2552,1795,3413,3439,3387,0,0,0,0,0,0,21.68,21.69,21.69,8.89,60.35
$GC,5864,-1.02,-146.6,2552,1795,3438,3386,417.2,-6.6,235,5865,0.00,0.00,0.00,0.000,6,0.000,0.000,2552,1795,3412,3438,3386,0,0,0,0,0,0,21.69,21.70,21.69,8.88,60.71
$GC,6062,-1.02,-146.6,2552,1794,3437,3386,429.6,-6.0,240,6063,0.00,0.00,0.00,0.000,6,0.000,0.000,2552,1795,3411,3437,3385,0,0,0,0,0,0,21.69,21.70,21.69,8.88,60.94
$GC,6262,-1.02,-146.6,2552,1795,3437,3384,442.1,-6.3,245,6263,0.00,0.00,0.00,0.000,6,0.000,0.000,2552,1795,3410,3437,3384,0,0,0,0,0,0,21.69,21.70,21.70,8.88,61.22
$GC,6462,-1.02,-146.6,2552,1795,3437,3383,455.4,-6.7,250,6469,0.00,2.75,0.00,0.000,260,0.000,0.037,2542,3195,3409,3435,3383,0,0,0,0,0,0,21.69,21.04,21.70,8.87,61.61
$GC,6512,-1.02,-146.6,2541,3196,3435,3383,458.2,-6.8,251,6519,0.00,2.58,0.00,0.000,1030,0.000,0.021,2542,1801,3409,3435,3383,0,0,0,0,0,0,21.26,21.20,21.28,8.87,61.22
$GC,6706,-1.02,-146.6,2541,1801,3435,3382,473.0,-7.4,256,6712,0.00,2.70,0.00,0.000,516,0.000,0.035,2542,412,3408,3435,3382,0,0,0,0,0,0,21.69,21.04,21.70,8.86,61.65
$GC,6747,-1.02,-146.6,2541,412,3435,3383,476.2,-7.5,257,6754,0.00,2.58,0.00,0.000,1030,0.000,0.021,2532,1793,3408,3434,3382,0,0,0,0,0,0,21.23,21.20,21.25,8.87,61.69
$GC,6949,-1.02,-146.6,2532,1793,3434,3382,492.4,-8.0,262,6955,0.00,2.72,0.00,0.000,260,0.000,0.036,2523,3194,3407,3433,3382,0,0,0,0,0,0,21.70,21.06,21.70,8.86,61.38
$GC,7018,-1.02,-146.6,2522,3194,3433,3381,495.8,-8.2,263,7029,0.12,2.58,0.00,0.000,3078,0.123,0.021,2552,1799,3407,3433,3381,0,0,0,0,0,0,20.91,21.21,21.04,8.86,61.65
$GC,7230,-1.02,-146.6,2551,1799,3433,3381,514.7,-7.9,269,7232,0.00,0.00,0.00,0.000,6,0.000,0.000,2552,1800,3407,3433,3381,0,0,0,0,0,0,21.70,21.70,21.70,8.85,61.89
$GC,7430,-1.02,-146.6,2551,1799,3433,3379,529.5,-7.4,274,7432,0.00,0.00,0.00,0.000,6,0.000,0.000,2552,1799,3405,3432,3379,0,0,0,0,0,0,21.70,21.70,21.70,8.85,61.77
$GC,7630,-1.02,-146.6,2551,1799,3432,3379,543.7,-7.1,279,7635,0.00,2.72,0.00,0.000,516,0.000,0.036,2552,411,3405,3432,3379,0,0,0,0,0,0,21.70,21.04,21.70,8.85,62.79
$GC,7653,-1.02,-146.6,2552,411,3431,3379,543.7,-7.1,279,7658,0.00,2.60,0.00,0.000,1030,0.000,0.021,2544,1799,3405,3432,3379,0,0,0,0,0,0,21.28,21.22,21.30,8.84,62.04
$GC,7878,-1.02,-146.6,2544,1799,3431,3378,560.1,-6.6,285,7884,0.00,2.72,0.00,0.000,260,0.000,0.036,2534,3196,3404,3431,3378,0,0,0,0,0,0,21.70,21.06,21.70,8.84,62.52
$GC,7943,-1.02,-146.6,2534,3196,3431,3377,562.8,-6.6,286,7950,0.00,2.58,0.00,0.000,1030,0.000,0.021,2534,1796,3404,3431,3377,0,0,0,0,0,0,21.25,21.23,21.27,8.83,62.67
$GC,8159,-1.02,-146.6,2534,1797,3431,3377,578.0,-6.4,292,8161,0.00,0.00,0.00,0.000,6,0.000,0.000,2534,1796,3404,3431,3377,0,0,0,0,0,0,21.70,21.71,21.70,8.83,62.48
$GC,8361,-1.02,-146.6,2534,1796,3430,3376,591.3,-6.6,297,8362,0.00,0.00,0.00,0.000,6,0.000,0.000,2534,1796,3403,3430,3376,0,0,0,0,0,0,21.70,21.71,21.71,8.83,62.75
$GC,8559,-1.02,-146.6,2534,1796,3430,3376,605.5,-7.2,302,8561,0.00,0.00,0.00,0.000,6,0.000,0.000,2534,1796,3403,3430,3376,0,0,0,0,0,0,21.70,21.71,21.71,8.82,62.60
$GC,8760,-1.02,-146.6,2534,1796,3429,3375,619.8,-7.2,307,8766,0.00,2.72,0.00,0.000,260,0.000,0.037,2524,3193,3402,3429,3375,0,0,0,0,0,0,21.70,21.07,21.71,8.82,63.27
$GC,8809,-1.02,-146.6,2524,3193,3428,3375,622.7,-7.3,308,8818,0.12,2.58,0.00,0.000,3078,0.122,0.021,2554,1798,3401,3428,3375,0,0,0,0,0,0,20.94,21.23,21.06,8.82,62.67
$GC,9003,-1.02,-146.6,2553,1798,3428,3375,637.9,-7.6,313,9009,0.00,2.72,0.00,0.000,516,0.000,0.037,2553,409,3401,3428,3375,0,0,0,0,0,0,21.70,21.04,21.71,8.81,62.44
$GC,9027,-1.02,-146.6,2553,409,3428,3375,637.9,-7.6,313,9033,0.00,2.60,0.00,0.000,1030,0.000,0.021,2547,1798,3401,3427,3375,0,0,0,0,0,0,21.29,21.23,21.31,8.81,62.87
$GC,9245,-1.02,-146.6,2546,1798,3427,3373,657.3,-8.1,319,9252,0.00,2.72,0.00,0.000,260,0.000,0.037,2536,3193,3399,3426,3373,0,0,0,0,0,0,21.71,21.07,21.71,8.80,63.03
$GC,9320,-1.02,-146.6,2536,3193,3427,3373,660.7,-8.1,320,9327,0.00,2.58,0.00,0.000,1030,0.000,0.021,2537,1798,3399,3426,3373,0,0,0,0,0,0,21.29,21.23,21.31,8.81,63.38
$GC,9526,-1.02,-146.6,2536,1798,3426,3373,680.5,-8.3,326,9533,0.00,2.72,0.00,0.000,516,0.000,0.037,2537,409,3399,3426,3373,0,0,0,0,0,0,21.71,21.05,21.72,8.80,63.11
$GC,9561,-1.02,-146.6,2536,409,3426,3373,680.5,-8.3,326,9568,0.00,2.60,0.00,0.000,1030,0.000,0.022,2528,1801,3398,3425,3372,0,0,0,0,0,0,21.29,21.23,21.31,8.81,62.56
$GC,9768,-1.02,-146.6,2527,1801,3425,3372,700.7,-8.4,332,9773,0.00,2.72,0.00,0.000,260,0.000,0.037,2518,3196,3398,3425,3372,0,0,0,0,0,0,21.71,21.07,21.72,8.80,62.75
$GC,9841,-1.02,-146.6,2517,3197,3424,3371,704.5,-8.4,333,9851,0.12,2.60,0.00,0.000,3078,0.123,0.021,2549,1796,3397,3424,3371,0,0,0,0,0,0,20.93,21.23,21.05,8.80,63.11
$GC,10055,-1.02,-146.6,2548,1796,3424,3371,723.4,-7.7,339,10057,0.00,0.00,0.00,0.000,6,0.000,0.000,2549,1796,3397,3424,3371,0,0,0,0,0,0,21.71,21.72,21.72,8.79,63.19
$GC,10253,-1.02,-146.6,2548,1796,3424,3370,738.4,-7.5,344,10254,0.00,0.00,0.00,0.000,6,0.000,0.000,2548,1796,3397,3424,3370,0,0,0,0,0,0,21.71,21.72,21.72,8.79,63.19
$GC,10453,-1.02,-146.6,2548,1796,3424,3369,753.1,-7.3,349,10454,0.00,0.00,0.00,0.000,6,0.000,0.000,2548,1796,3396,3423,3369,0,0,0,0,0,0,21.71,21.72,21.72,8.79,63.58
$GC,10653,-1.02,-146.6,2548,1796,3423,3368,767.4,-7.1,354,10658,0.00,2.75,0.00,0.000,260,0.000,0.037,2541,3196,3395,3422,3368,0,0,0,0,0,0,21.71,21.07,21.72,8.78,63.30
$GC,10686,-1.02,-146.6,2540,3196,3422,3368,767.4,-7.1,354,10696,0.00,2.60,0.00,0.000,1030,0.000,0.021,2541,1796,3395,3422,3368,0,0,0,0,0,0,21.30,21.24,21.32,8.78,64.01
$GC,10898,-1.02,-146.6,2540,1796,3422,3368,785.1,-7.3,360,10900,0.00,0.00,0.00,0.000,6,0.000,0.000,2540,1796,3394,3422,3367,0,0,0,0,0,0,21.72,21.73,21.73,8.78,64.25
$GC,11098,-1.02,-146.6,2540,1796,3422,3367,799.2,-7.0,365,11099,0.00,0.00,0.00,0.000,6,0.000,0.000,2541,1796,3394,3421,3367,0,0,0,0,0,0,21.72,21.73,21.73,8.78,64.01
$GC,11299,-1.02,-146.6,2540,1796,3422,3367,812.9,-6.9,370,11300,0.00,0.00,0.00,0.000,6,0.000,0.000,2541,1796,3394,3421,3367,0,0,0,0,0,0,21.72,21.73,21.73,8.77,64.64
$GC,11500,-1.02,-146.6,2540,1796,3422,3366,825.9,-6.5,375,11501,0.00,0.00,0.00,0.000,6,0.000,0.000,2541,1796,3393,3421,3366,0,0,0,0,0,0,21.72,21.73,21.73,8.77,64.17
$GC,11699,-1.02,-146.6,2540,1796,3421,3366,838.6,-6.4,380,11705,0.00,2.75,0.00,0.000,260,0.000,0.037,2531,3194,3393,3421,3365,0,0,0,0,0,0,21.72,21.06,21.73,8.77,64.17
$GC,11732,-1.02,-146.6,2530,3194,3421,3365,838.6,-6.4,380,11741,0.00,2.60,0.00,0.000,1030,0.000,0.021,2531,1792,3393,3421,3365,0,0,0,0,0,0,21.30,21.24,21.32,8.77,64.45
$GC,11941,-1.02,-146.6,2530,1792,3420,3365,853.4,-6.2,386,11948,0.00,2.72,0.00,0.000,516,0.000,0.037,2531,406,3392,3420,3365,0,0,0,0,0,0,21.72,21.04,21.73,8.76,64.49
$GC,11990,-1.02,-146.6,2530,407,3421,3365,856.3,-6.3,387,11996,0.12,2.62,0.00,0.000,3078,0.122,0.023,2551,1800,3392,3420,3365,0,0,0,0,0,0,20.94,21.23,21.06,8.76,64.21
$GC,12185,-1.02,-146.6,2550,1800,3419,3365,868.6,-6.1,392,12192,0.00,2.72,0.00,0.000,260,0.000,0.037,2543,3197,3392,3420,3364,0,0,0,0,0,0,21.73,21.07,21.73,8.75,64.49
$GC,12260,-1.02,-146.6,2542,3197,3420,3364,871.4,-6.2,393,12267,0.00,2.60,0.00,0.000,1030,0.000,0.022,2543,1797,3391,3419,3364,0,0,0,0,0,0,21.30,21.23,21.32,8.76,64.09
$GC,12466,-1.02,-146.6,2542,1797,3419,3364,887.2,-6.7,399,12474,0.00,2.72,0.00,0.000,516,0.000,0.037,2543,413,3391,3419,3364,0,0,0,0,0,0,21.73,21.04,21.73,8.76,65.00
$GC,12517,-1.02,-146.6,2542,413,3420,3364,890.2,-6.9,400,12524,0.00,2.62,0.00,0.000,1030,0.000,0.023,2533,1802,3391,3419,3364,0,0,0,0,0,0,21.30,21.23,21.32,8.76,64.05
$GC,12708,-1.02,-146.6,2533,1802,3419,3363,904.5,-7.1,405,12715,0.00,2.70,0.00,0.000,260,0.000,0.037,2523,3191,3391,3419,3363,0,0,0,0,0,0,21.73,21.07,21.73,8.75,63.82
$GC,12783,-1.02,-146.6,2523,3191,3418,3363,907.6,-7.2,406,12791,0.12,2.58,0.00,0.000,3078,0.122,0.022,2553,1801,3390,3418,3363,0,0,0,0,0,0,20.94,21.23,21.06,8.75,64.17
$GC,12991,-1.07,-146.6,2553,1801,3418,3363,925.5,-7.5,412,12992,0.00,0.00,0.00,0.000,6,0.000,0.000,2553,1801,3390,3418,3363,0,0,0,0,0,0,21.73,21.73,21.73,8.75,65.00
$GC,13191,-1.13,-146.6,2553,1801,3418,3362,940.9,-7.7,417,13193,0.00,0.00,0.00,0.000,6,0.000,0.000,2553,1801,3390,3418,3362,0,0,0,0,0,0,21.73,21.74,21.73,8.74,64.72
$GC,13390,-1.18,-146.6,2552,1801,3418,3361,956.2,-7.6,422,13393,0.12,0.00,0.00,0.000,4102,0.053,0.000,2477,1801,3389,3418,3361,0,0,0,0,0,0,21.52,21.54,21.54,8.74,65.31
$GC,13590,-1.18,-146.6,2477,1801,3418,3361,972.7,-8.3,427,13597,0.00,2.75,0.00,0.000,516,0.000,0.038,2477,409,3389,3417,3361,0,0,0,0,0,0,21.73,21.02,21.74,8.74,65.43
$GC,13620,-1.18,-146.6,2477,408,3417,3361,972.7,-8.3,427,13631,0.12,2.62,0.00,0.000,3078,0.128,0.023,2495,1799,3389,3417,3361,0,0,0,0,0,0,20.92,21.23,21.05,8.74,65.55
$STATE,13830,end dive,TARGET_DEPTH_EXCEEDED
$STATE,13830,begin apogee
$GC,13839,-0.42,0.0,2494,2249,3416,3361,991.8,-7.8,433,14078,0.98,0.00,184.77,1.187,10246,0.103,0.000,2745,2249,2806,2896,2717,0,0,0,0,10,0,20.85,20.42,19.18,8.74,64.92
$STATE,14079,end apogee,CONTROL_FINISHED_OK
$STATE,14079,begin climb
$GC,14083,1.09,146.6,2745,2249,2897,2717,1000.6,0.0,439,14378,1.73,0.00,207.62,1.099,10758,0.065,0.000,3228,2249,2207,2291,2124,0,0,0,0,16,0,20.37,20.32,19.16,8.69,62.83
$GC,14554,1.05,161.7,3228,2249,2290,2123,965.8,9.3,451,14584,0.00,0.00,22.75,1.073,8198,0.000,0.000,3228,2249,2145,2231,2059,0,0,0,0,1,0,20.96,20.11,19.26,8.63,62.91
$GC,14756,1.06,168.1,3228,2248,2230,2057,946.3,9.7,456,14767,0.00,0.00,9.48,1.039,8198,0.000,0.000,3228,2249,2118,2205,2032,0,0,0,0,0,0,20.96,20.21,19.35,8.62,63.50
$GC,14955,1.07,177.7,3228,2249,2204,2031,927.0,9.6,461,14975,0.00,0.00,13.00,1.098,8198,0.000,0.000,3228,2249,2080,2171,1990,0,0,0,0,1,0,21.00,20.51,19.34,8.61,64.33
$GC,15154,1.07,185.0,3229,2249,2171,1991,907.7,9.7,466,15169,0.00,0.00,10.93,1.071,8454,0.000,0.000,3228,2249,2050,2140,1961,0,0,0,0,0,0,20.99,19.97,19.35,8.61,64.68
$GC,15353,1.09,199.6,3228,2249,2141,1960,889.1,9.3,471,15382,0.00,0.00,21.70,1.061,8198,0.000,0.000,3228,2248,1991,2096,1887,0,0,0,0,1,0,21.00,20.13,19.29,8.61,65.35
$GC,15555,1.11,218.6,3228,2249,2094,1887,870.7,9.1,476,15596,0.00,0.00,29.08,1.024,8198,0.000,0.000,3228,2249,1913,2030,1796,0,0,0,0,2,0,20.97,20.10,19.25,8.60,64.92
$GC,15795,1.13,243.9,3228,2249,2029,1795,849.2,8.8,482,15844,0.00,0.00,36.45,1.056,8198,0.000,0.000,3228,2249,1810,1940,1681,0,0,0,0,2,0,20.97,20.01,19.21,8.59,64.96
$GC,16035,1.16,270.3,3228,2249,1939,1679,828.0,8.8,488,16084,0.00,0.00,36.55,1.043,8198,0.000,0.000,3228,2248,1703,1848,1559,0,0,0,0,2,0,20.94,19.98,19.19,8.57,65.19
$GC,16275,1.18,293.7,3228,2248,1847,1558,806.7,8.9,494,16326,0.05,2.88,32.10,1.014,10756,0.112,0.034,3296,861,1606,1759,1454,0,0,0,0,2,0,20.75,20.04,19.20,8.57,64.84
$GC,16358,1.20,305.9,3296,862,1759,1454,798.5,9.4,496,16387,0.00,2.72,17.80,0.968,9222,0.000,0.025,3296,2242,1556,1713,1400,0,0,0,0,1,0,20.34,20.31,19.19,8.56,64.96
$GC,16597,1.20,305.9,3296,2242,1712,1399,773.4,10.5,502,16604,0.00,2.90,0.00,0.000,260,0.000,0.041,3297,3652,1555,1712,1399,0,0,0,0,0,0,20.92,20.34,20.92,8.55,64.53
$GC,16631,1.20,305.9,3296,3653,1712,1398,773.4,10.5,502,16639,0.15,2.72,0.00,0.000,5126,0.118,0.021,3271,2246,1555,1712,1398,0,0,0,0,0,0,20.23,20.47,20.37,8.55,64.84
$GC,16838,1.20,305.9,3271,2246,1712,1397,747.7,10.6,508,16839,0.00,0.00,0.00,0.000,6,0.000,0.000,3271,2246,1554,1712,1397,0,0,0,0,0,0,21.01,21.02,21.02,8.55,65.35
$GC,17039,1.20,305.9,3271,2246,1712,1397,726.0,10.9,513,17045,0.00,2.78,0.00,0.000,516,0.000,0.034,3279,858,1554,1712,1397,0,0,0,0,0,0,21.06,20.47,21.07,8.54,66.02
$GC,17080,1.20,305.9,3279,858,1712,1396,721.6,10.9,514,17087,0.00,2.72,0.00,0.000,1030,0.000,0.025,3279,2251,1554,1712,1397,0,0,0,0,0,0,20.58,20.54,20.59,8.55,65.75
$GC,17281,1.20,305.9,3279,2252,1712,1396,700.0,10.7,519,17283,0.00,0.00,0.00,0.000,6,0.000,0.000,3279,2252,1554,1712,1396,0,0,0,0,0,0,21.12,21.13,21.12,8.54,65.43
$GC,17481,1.20,305.9,3279,2252,1712,1395,678.8,10.6,524,17487,0.00,2.78,0.00,0.000,516,0.000,0.034,3288,857,1553,1712,1395,0,0,0,0,0,0,21.16,20.54,21.17,8.54,65.86
$GC,17546,1.20,305.9,3287,857,1712,1395,674.5,10.6,525,17553,0.00,2.72,0.00,0.000,1030,0.000,0.025,3288,2254,1553,1712,1395,0,0,0,0,0,0,20.66,20.62,20.68,8.54,65.86
$GC,17762,1.20,305.9,3287,2254,1712,1395,648.8,10.7,531,17763,0.00,0.00,0.00,0.000,6,0.000,0.000,3287,2254,1553,1712,1395,0,0,0,0,0,0,21.21,21.23,21.22,8.54,65.90
$GC,17964,1.20,305.9,3287,2254,1712,1395,626.7,11.1,536,17968,0.00,2.80,0.00,0.000,516,0.000,0.034,3295,857,1553,1712,1395,0,0,0,0,0,0,21.25,20.60,21.26,8.54,65.59
$GC,18049,1.20,305.9,3294,857,1712,1395,616.8,11.4,538,18054,0.00,2.72,0.00,0.000,1030,0.000,0.026,3295,2254,1553,1712,1395,0,0,0,0,0,0,20.75,20.68,20.78,8.54,65.63
$GC,18255,1.20,305.9,3294,2254,1712,1395,592.7,11.7,543,18257,0.00,0.00,0.00,0.000,6,0.000,0.000,3294,2254,1553,1712,1395,0,0,0,0,0,0,21.31,21.32,21.32,8.54,66.73
$GC,18454,1.20,305.9,3294,2254,1712,1394,569.2,11.6,548,18460,0.00,2.78,0.00,0.000,516,0.000,0.034,3295,857,1553,1712,1394,0,0,0,0,0,0,21.35,20.68,21.35,8.54,65.98
$GC,18535,1.20,305.9,3295,857,1712,1395,560.2,11.4,550,18542,0.00,2.70,0.00,0.000,1030,0.000,0.025,3296,2253,1553,1712,1395,0,0,0,0,0,0,20.78,20.75,20.80,8.54,65.90
$GC,18736,1.20,305.9,3295,2253,1712,1394,538.1,11.0,555,18738,0.00,0.00,0.00,0.000,6,0.000,0.000,3295,2252,1553,1712,1394,0,0,0,0,0,0,21.38,21.39,21.39,8.54,66.30
$GC,18936,1.20,305.9,3295,2252,1712,1394,516.8,10.5,560,18942,0.00,2.78,0.00,0.000,516,0.000,0.034,3304,857,1553,1712,1395,0,0,0,0,0,0,21.41,20.72,21.42,8.53,66.06
$GC,18979,1.20,305.9,3303,857,1712,1394,512.6,10.4,561,18985,0.12,2.70,0.00,0.000,5126,0.119,0.025,3274,2252,1553,1712,1394,0,0,0,0,0,0,20.57,20.78,20.70,8.54,66.06
$GC,19175,1.21,318.4,3273,2252,1712,1393,493.9,9.4,566,19191,0.00,0.00,13.95,0.923,8198,0.000,0.000,3273,2252,1507,1669,1345,0,0,0,0,0,0,21.43,20.40,19.62,8.54,66.69
$GC,19376,1.22,335.0,3274,2252,1667,1344,475.4,9.2,571,19401,0.00,2.83,19.85,0.939,8708,0.000,0.033,3281,857,1438,1605,1271,0,0,0,0,0,0,21.29,20.06,19.53,8.53,66.30
$GC,19439,1.24,351.4,3281,857,1605,1271,472.1,9.2,572,19472,0.00,2.72,22.12,0.864,9222,0.000,0.025,3281,2249,1371,1542,1200,0,0,0,0,1,0,20.60,20.53,19.42,8.53,65.86
$GC,19692,1.24,351.4,3281,2249,1541,1200,444.2,10.1,579,19698,0.00,2.88,0.00,0.000,260,0.000,0.041,3282,3649,1370,1541,1200,0,0,0,0,0,0,21.07,20.42,21.08,8.53,66.10
$GC,19735,1.24,351.4,3281,3649,1541,1200,439.6,10.4,580,19740,0.00,2.70,0.00,0.000,1030,0.000,0.021,3289,2252,1370,1541,1200,0,0,0,0,0,0,20.61,20.55,20.63,8.54,65.35
$GC,19929,1.24,351.4,3289,2252,1541,1200,417.9,11.1,585,19936,0.00,2.78,0.00,0.000,516,0.000,0.034,3295,859,1370,1541,1200,0,0,0,0,0,0,21.20,20.53,21.20,8.53,65.59
$GC,20003,1.24,351.4,3294,859,1541,1200,413.3,11.2,586,20011,0.00,2.70,0.00,0.000,1030,0.000,0.025,3295,2248,1370,1541,1200,0,0,0,0,0,0,20.68,20.60,20.70,8.53,65.08
$GC,20210,1.24,351.4,3294,2248,1540,1200,385.9,11.4,592,20217,0.00,2.80,0.00,0.000,516,0.000,0.034,3295,853,1370,1540,1200,0,0,0,0,0,0,21.30,20.60,21.31,8.53,65.51
$GC,20259,1.24,351.4,3294,854,1540,1200,381.3,11.5,593,20264,0.00,2.72,0.00,0.000,1030,0.000,0.024,3294,2254,1370,1540,1200,0,0,0,0,0,0,20.73,20.66,20.76,8.53,65.27
$GC,20455,1.24,351.4,3294,2253,1540,1200,358.8,11.2,598,20456,0.00,0.00,0.00,0.000,6,0.000,0.000,3295,2253,1370,1540,1200,0,0,0,0,0,0,21.35,21.36,21.36,8.54,65.86
$GC,20653,1.24,351.4,3294,2253,1540,1199,336.8,11.0,603,20660,0.00,2.78,0.00,0.000,516,0.000,0.034,3295,857,1369,1540,1199,0,0,0,0,0,0,21.38,20.64,21.39,8.54,65.16
$GC,20775,1.24,351.4,3295,857,1540,1199,323.6,10.8,606,20782,0.00,2.67,0.00,0.000,1030,0.000,0.025,3295,2246,1370,1540,1200,0,0,0,0,0,0,20.73,20.70,20.76,8.54,65.19
$GC,20976,1.24,351.4,3295,2246,1540,1200,302.6,10.4,611,20984,0.00,2.75,0.00,0.000,516,0.000,0.034,3295,856,1369,1540,1199,0,0,0,0,0,0,21.41,20.68,21.42,8.55,65.43
$GC,21026,1.24,351.4,3295,856,1540,1200,298.2,10.4,612,21033,0.00,2.70,0.00,0.000,1030,0.000,0.025,3295,2252,1370,1540,1200,0,0,0,0,0,0,20.81,20.73,20.84,8.55,65.47
$GC,21218,1.24,351.4,3295,2251,1540,1200,277.9,10.3,617,21225,0.00,2.78,0.00,0.000,516,0.000,0.034,3295,852,1369,1540,1199,0,0,0,0,0,0,21.44,20.69,21.44,8.55,64.68
$GC,21312,1.24,351.4,3295,853,1540,1200,269.3,10.4,619,21319,0.00,2.70,0.00,0.000,1030,0.000,0.025,3295,2250,1369,1540,1199,0,0,0,0,0,0,20.83,20.75,20.85,8.55,65.08
$GC,21539,1.24,351.4,3295,2250,1540,1200,244.3,10.5,625,21544,0.00,2.78,0.00,0.000,516,0.000,0.034,3295,854,1370,1540,1200,0,0,0,0,0,0,21.46,20.70,21.46,8.55,64.96
$GC,21612,1.24,351.4,3295,854,1540,1200,239.5,10.6,626,21622,0.00,2.70,0.00,0.000,1030,0.000,0.024,3295,2254,1369,1539,1200,0,0,0,0,0,0,20.85,20.77,20.87,8.56,64.80
$GC,21824,1.24,351.4,3295,2254,1540,1200,213.4,11.0,632,21831,0.00,2.78,0.00,0.000,516,0.000,0.034,3295,853,1370,1540,1200,0,0,0,0,0,0,21.47,20.72,21.48,8.56,64.72
$GC,21915,1.24,351.4,3295,853,1540,1200,204.5,11.1,634,21922,0.00,2.67,0.00,0.000,1030,0.000,0.024,3295,2247,1370,1540,1200,0,0,0,0,0,0,20.82,20.78,20.85,8.56,64.68
$GC,22107,1.24,351.4,3295,2247,1540,1200,182.9,10.6,643,22113,0.00,2.75,0.00,0.000,516,0.000,0.034,3296,852,1369,1539,1199,0,0,0,0,0,0,21.49,20.74,21.49,8.57,64.49
$GC,22172,1.24,351.4,3295,852,1541,1200,176.4,10.6,646,22178,0.00,2.70,0.00,0.000,1030,0.000,0.024,3295,2252,1369,1540,1199,0,0,0,0,0,0,20.88,20.80,20.90,8.57,64.53
$GC,22369,1.24,351.4,3295,2251,1540,1199,155.3,10.6,656,22371,0.00,0.00,0.00,0.000,6,0.000,0.000,3296,2252,1370,1541,1200,0,0,0,0,0,0,21.50,21.51,21.51,8.57,64.56
$GC,22551,1.24,351.4,3295,2251,1540,1200,135.1,11.3,665,22558,0.00,2.75,0.00,0.000,516,0.000,0.034,3299,853,1370,1540,1200,0,0,0,0,0,0,21.51,20.75,21.52,8.58,64.72
$GC,22614,1.24,351.4,3298,853,1540,1199,128.2,11.0,668,22620,0.00,2.70,0.00,0.000,1030,0.000,0.025,3299,2252,1369,1540,1199,0,0,0,0,0,0,20.89,20.82,20.92,8.58,63.86
$GC,22814,1.24,351.4,3298,2252,1540,1199,107.1,10.3,678,22815,0.00,0.00,0.00,0.000,6,0.000,0.000,3299,2252,1370,1540,1200,0,0,0,0,0,0,21.53,21.54,21.53,8.59,64.25
$GC,22994,1.24,351.4,3298,2252,1540,1200,89.0,10.3,687,22996,0.00,0.00,0.00,0.000,6,0.000,0.000,3299,2252,1369,1540,1199,0,0,0,0,0,0,21.54,21.55,21.55,8.60,63.86
$GC,23174,1.30,413.9,3298,2252,1540,1200,74.2,7.1,696,23271,0.00,0.00,79.45,0.670,8454,0.000,0.000,3299,2252,1116,1261,972,0,0,0,0,2,0,21.55,20.17,19.62,8.61,64.41
$GC,23457,1.41,460.4,3299,2252,1259,972,53.5,7.9,710,23554,0.08,2.95,64.90,0.607,10500,0.081,0.042,3359,3650,927,1023,831,0,0,0,0,5,0,20.88,20.25,19.54,8.65,66.06
$GC,23583,1.44,492.1,3359,3650,1023,831,43.5,8.5,719,23648,0.00,2.70,42.60,0.577,9222,0.000,0.020,3370,2248,799,876,722,0,0,0,0,3,0,20.44,20.39,19.51,8.68,64.64
$GC,23829,1.44,492.1,3369,2248,873,721,18.2,10.8,744,23838,0.00,2.78,0.00,0.000,516,0.000,0.033,3379,855,797,874,721,0,0,0,0,0,0,20.97,20.37,20.97,8.73,64.60
$GC,23872,1.44,492.1,3378,855,872,720,13.6,10.7,748,23882,0.10,2.70,0.00,0.000,5126,0.106,0.024,3354,2247,797,873,721,0,0,0,0,0,0,20.26,20.44,20.34,8.73,63.66
$STATE,23979,end climb,SURFACE_DEPTH_REACHED
$STATE,23979,begin surface coast
$FINISH,0.8,1.022325
$STATE,24003,end surface coast,CONTROL_FINISHED_OK
$STATE,24003,begin surface
$SM_CCo,24087,0.00,0.000,0,0,796,493.05
$SM_GC,0.11,10.30,0.85,0.00,0.023,0.030,0.000,188,1805,796,-8.30,1.24,493.05,0,0,0,0,0,0,20.61,20.55,20.66
$IRIDIUM_FIX,1000.24,-14412.21,250525,063349
$TT8_MAMPS,0.026215,0.382739
$HUMID,58.89
$INTERNAL_PRESSURE,8.72232
$TCM_TEMP,19.00
$XPDR_PINGS,1
$ALTIM_TOP_PING,19.1,19.5
$24V_AH,19.16,128.261
$10V_AH,9.62,77.439
$FG_AHR_24Vo,0.000
$FG_AHR_10Vo,0.000
$DEVICES,Pitch_motor,Roll_motor,VBD_pump_during_apogee,VBD_pump_during_surface,VBD_valve,Iridium_during_init,Iridium_during_connect,Iridium_during_xfer,Transponder_ping,GUMSTIX_24V,GPS,TT8,LPSleep,TT8_Active,TT8_Sampling,TT8_CF8,TT8_Kalman,Analog_circuits,GPS_charging,Compass,RAFOS,Transponder,Compass2
$DEVICE_SECS,27.525,287.075,865.100,0.000,0.000,0.000,0.000,269.425,0.500,0.000,28.862,2973.598,16972.838,1310.382,2736.634,512.624,0.000,3125.764,0.000,2342.617,0.000,2.764,0.000
$DEVICE_MAMPS,200.430,43.605,1186.515,0.000,0.000,0.000,0.000,112.455,420.000,0.000,30.710,15.210,2.190,15.210,43.670,53.410,0.000,14.000,0.000,8.240,0.000,30.000,0.000
$SENSORS,SBE_CT,WL_blue_red_Chl,AA4330,nil,nil,nil,nil,nil,nil,nil
$SENSOR_SECS,653.612,0.000,1016.828,0.000,0.000,0.000,0.000,0.000,0.000,0.000
$SENSOR_MAMPS,22.470,0.000,11.230,0.000,0.000,0.000,0.000,0.000,0.000,0.000
$MEM,312020
$DATA_FILE_SIZE,55661,761
$CAP_FILE_SIZE,234749,0
$CFSIZE,2097872896,1990328320
$ERRORS,0,0,0,0,0,0,0,0,0,0,0,0,0,49,1,0
$CURRENT,0.108,105.26,1
$GPS,091005,200811,1003.454,-14416.882,44,0.8,56,9.3,0.5,279.5,10,5.0
