version: 66.14
glider: 195
mission: 21
dive: 247
start: 6 6 105 18 30 56
data:
$ID,195
$MISSION,21
$DIVE,247
$N_DIVES,0
$STOP_T,0
$D_SURF,3
$D_FLARE,2
$D_TGT,990
$D_ABORT,1090
$D_NO_BLEED,50
$D_BOOST,3
$T_BOOST,0
$D_FINISH,0
$D_PITCH,0
$D_SAFE,0
$D_CALL,0
$SURFACE_URGENCY,0
$SURFACE_URGENCY_TRY,0
$SURFACE_URGENCY_FORCE,0
$T_DIVE,440
$T_MISSION,600
$T_ABORT,1440
$T_TURN,300
$T_TURN_SAMPINT,5
$T_NO_W,120
$T_LOITER,0
$T_SLOITER,60
$T_EPIRB,0
$USE_BATHY,0
$USE_ICE,0
$ICE_FREEZE_MARGIN,0.30000001
$D_OFFGRID,990
$T_WATCHDOG,10
$RELAUNCH,1
$APOGEE_PITCH,-8
$MAX_BUOY,150
$COURSE_BIAS,0
$GLIDE_SLOPE,30
$SPEED_FACTOR,1
$RHO,1.023
$MASS,54002
$MASS_COMP,0
$NAV_MODE,2
$FERRY_MAX,45
$KALMAN_USE,2
$HD_A,0.0038000001
$HD_B,0.0099999998
$HD_C,9.8500004e-06
$HEADING,-1
$ESCAPE_HEADING,0
$ESCAPE_HEADING_DELTA,10
$FIX_MISSING_TIMEOUT,0
$TGT_DEFAULT_LAT,4736
$TGT_DEFAULT_LON,-12225
$TGT_AUTO_DEFAULT,0
$SM_CC,250
$N_FILEKB,4
$FILEMGR,0
$CALL_NDIVES,1
$COMM_SEQ,0
$PROTOCOL,9
$N_NOCOMM,1
$NOCOMM_ACTION,0
$N_NOSURFACE,0
$UPLOAD_DIVES_MAX,-1
$CALL_TRIES,5
$CALL_WAIT,60
$CAPUPLOAD,0
$CAPMAXSIZE,200000
$HEAPDBG,0
$T_GPS,15
$N_GPS,50840
$T_RSLEEP,2
$STROBE,0
$RAFOS_PEAK_OFFSET,1.5
$RAFOS_CORR_THRESH,60
$RAFOS_HIT_WINDOW,3600
$RAFOS_MMODEM,0
$PITCH_MIN,207
$PITCH_MAX,3915
$C_PITCH,2900
$PITCH_DBAND,0.1
$PITCH_CNV,0.003125763
$P_OVSHOOT,0.039999999
$P_OVSHOOT_WITHG,0.079999998
$PITCH_GAIN,24
$PITCH_TIMEOUT,17
$PITCH_AD_RATE,160
$PITCH_MAXERRORS,1
$PITCH_ADJ_GAIN,0.02
$PITCH_ADJ_DBAND,2.5
$ROLL_MIN,224
$ROLL_MAX,3758
$ROLL_DEG,40
$C_ROLL_DIVE,2220
$C_ROLL_CLIMB,1770
$HEAD_ERRBAND,20
$ROLL_CNV,0.028270001
$ROLL_TIMEOUT,15
$R_PORT_OVSHOOT,48
$R_STBD_OVSHOOT,67
$ROLL_AD_RATE,350
$ROLL_MAXERRORS,2
$ROLL_ADJ_GAIN,0
$ROLL_ADJ_DBAND,0
$VBD_MIN,500
$VBD_MAX,3960
$C_VBD,2806
$VBD_DBAND,2
$VBD_CNV,-0.24529999
$VBD_LP_IGNORE,0
$VBD_TIMEOUT,720
$PITCH_VBD_SHIFT,0.001
$VBD_PUMP_AD_RATE_SURFACE,5
$VBD_PUMP_AD_RATE_APOGEE,4
$VBD_BLEED_AD_RATE,8
$UNCOM_BLEED,60
$VBD_MAXERRORS,1
$W_ADJ_DBAND,0
$DBDW,0
$PITCH_W_GAIN,0
$PITCH_W_DBAND,0
$CF8_MAXERRORS,5
$AH0_24V,150
$AH0_10V,97
$MINV_24V,19
$MINV_10V,8
$MAXI_24V,0.80000001
$MAXI_10V,0.60000002
$FG_AHR_10V,0
$FG_AHR_24V,0
$PHONE_SUPPLY,-2
$PRESSURE_YINT,-49.397121
$PRESSURE_SLOPE,0.0001168043
$AD7714Ch0Gain,128
$TCM_PITCH_OFFSET,0
$TCM_ROLL_OFFSET,0
$COMPASS_USE,4
$ALTIM_BOTTOM_PING_RANGE,0
$ALTIM_TOP_PING_RANGE,20
$ALTIM_BOTTOM_TURN_MARGIN,0
$ALTIM_TOP_TURN_MARGIN,0
$ALTIM_TOP_MIN_OBSTACLE,1
$ALTIM_PING_DEPTH,0
$ALTIM_PING_DELTA,0
$ALTIM_FREQUENCY,13
$ALTIM_PULSE,3
$ALTIM_SENSITIVITY,3
$XPDR_VALID,5
$XPDR_INHIBIT,90
$INT_PRESSURE_SLOPE,0.0097660003
$INT_PRESSURE_YINT,-0.77999997
$DEEPGLIDER,0
$MOTHERBOARD,4
$DEVICE1,2
$DEVICE2,115
$DEVICE3,101
$DEVICE4,-1
$DEVICE5,-1
$DEVICE6,-1
$LOGGERS,0
$LOGGERDEVICE1,-1
$LOGGERDEVICE2,-1
$LOGGERDEVICE3,-1
$LOGGERDEVICE4,-1
$COMPASS_DEVICE,33
$COMPASS2_DEVICE,-1
$PHONE_DEVICE,49
$GPS_DEVICE,32
$RAFOS_DEVICE,-1
$XPDR_DEVICE,24
$SIM_W,0
$SIM_PITCH,0
$SEABIRD_T_G,0.0044178674
$SEABIRD_T_H,0.00064818078
$SEABIRD_T_I,2.6779007e-05
$SEABIRD_T_J,3.3667231e-06
$SEABIRD_C_G,-10.098215
$SEABIRD_C_H,1.1454017
$SEABIRD_C_I,-0.0021276253
$SEABIRD_C_J,0.00025532115
$SEABIRD_C_Z,2974.52
$GPS1,060605,182150,446.6389,-14020.9170,41,0.8,56,9.2,1.0,99.9,9,4.5
$_CALLS,2
$_XMS_NAKs,0
$_XMS_TOUTs,0
$_SM_DEPTHo,0.47
$_SM_ANGLEo,-60.5
$GPS2,060605,183017,446.5554,-14020.8848,11,0.8,24,9.2,0.9,94.5,10,5.0
$SPEED_LIMITS,0.130,0.237
$TGT_NAME,TX1
$TGT_LATLONG,815.000,-14400.000
$TGT_RADIUS,10000.000
$KALMAN_CONTROL,0.000000,0.000000
$KALMAN_X,0.000000,0.000000,0.000000,0.000000,0.000000
$KALMAN_Y,0.000000,0.000000,0.000000,0.000000,0.000000
$MHEAD_RNG_PITCHd_Wd,312.9,557054,-14.0,-7.500,-17.57,2969
$D_GRID,990
$GCHEAD,st_secs,pitch_ctl,vbd_ctl,pitch_ad_start,roll_ad_start,vbd_pot1_ad_start,vbd_pot2_ad_start,depth,ob_vertv,data_pts,end_secs,pitch_secs,roll_secs,vbd_secs,vbd_i,gcphase,pitch_i,roll_i,pitch_ad,roll_ad,vbd_ad,vbd_pot1_ad,vbd_pot2_ad,pitch_retries,pitch_errors,roll_retries,roll_errors,vbd_retries,vbd_errors,pitch_volts,roll_volts,vbd_volts,int_press,humidity
$STATE,6,end surface,CONTROL_FINISHED_OK
$STATE,6,begin dive
$GC,74,-0.73,-146.6,139,2220,1251,969,0.5,0.1,6,144,0.00,0.00,-67.30,0.000,16386,0.000,0.000,139,2220,2920,2931,2910,0,0,0,0,0,0,26.45,28.83,26.46,8.96,46.85
$GC,148,-0.73,-146.6,139,2220,2935,2910,2.5,-4.2,13,179,9.68,2.15,-10.68,0.000,18692,0.207,0.052,2651,3597,3405,3422,3389,0,0,0,0,0,0,25.32,25.43,25.70,9.14,46.37
$GC,321,-0.61,-146.6,2651,3597,3427,3389,30.2,-14.5,29,329,0.15,2.03,0.00,0.000,3078,0.132,0.018,2701,2173,3408,3428,3388,0,0,0,0,0,0,25.84,26.23,25.98,9.19,46.73
$GC,642,-0.54,-146.6,2701,2173,3430,3389,69.6,-12.0,53,646,0.00,1.95,0.00,0.000,516,0.000,0.029,2702,850,3409,3429,3389,0,0,0,0,0,0,26.63,26.18,26.64,9.21,46.81
$GC,842,-0.48,-146.6,2701,850,3430,3389,92.1,-11.2,62,847,0.12,2.00,0.00,0.000,3078,0.115,0.024,2738,2204,3409,3430,3389,0,0,0,0,0,0,25.96,26.27,26.02,9.22,46.85
$GC,1159,-0.54,-146.6,2738,2204,3431,3389,117.0,-7.2,78,1161,0.00,0.00,0.00,0.000,6,0.000,0.000,2738,2204,3410,3431,3389,0,0,0,0,0,0,26.67,26.69,26.69,9.23,46.37
$GC,1458,-0.62,-146.6,2738,2204,3433,3388,133.9,-4.7,93,1460,0.08,0.00,0.00,0.000,4102,0.095,0.000,2639,2204,3411,3433,3389,0,0,0,0,0,0,26.48,26.51,26.50,9.20,46.61
$GC,1757,-0.56,-146.6,2639,2204,3435,3389,151.6,-6.7,108,1760,0.22,0.00,0.00,0.000,2054,0.112,0.000,2717,2204,3412,3435,3389,0,0,0,0,0,0,26.03,26.21,26.15,9.16,46.45
$GC,2059,-0.65,-146.6,2716,2204,3437,3389,167.4,-5.2,123,2063,0.00,2.20,0.00,0.000,260,0.000,0.041,2708,3618,3413,3437,3389,0,0,0,0,0,0,26.70,26.15,26.70,9.11,47.04
$GC,2118,-0.73,-146.6,2707,3618,3437,3389,169.6,-4.9,125,2127,0.08,2.00,0.00,0.000,5126,0.088,0.018,2614,2199,3413,3437,3389,0,0,0,0,0,0,26.30,26.39,26.36,9.10,46.85
$GC,2428,-0.66,-146.6,2613,2199,3437,3389,188.0,-6.1,141,2433,0.22,2.17,0.00,0.000,2308,0.120,0.039,2681,3624,3413,3437,3389,0,0,0,0,0,0,25.99,26.15,26.13,9.07,47.79
$GC,2474,-0.66,-146.6,2680,3624,3437,3389,190.8,-5.8,143,2479,0.00,2.00,0.00,0.000,1030,0.000,0.018,2681,2222,3413,3437,3389,0,0,0,0,0,0,26.41,26.39,26.42,9.05,48.07
$GC,2819,-0.66,-146.6,2680,2222,3436,3389,209.5,-5.4,154,2823,0.00,2.03,0.00,0.000,516,0.000,0.029,2681,849,3413,3437,3389,0,0,0,0,0,0,26.70,26.23,26.71,9.03,48.97
$GC,2890,-0.66,-146.6,2680,849,3437,3389,209.5,-5.4,154,2895,0.00,2.00,0.00,0.000,1030,0.000,0.024,2672,2234,3413,3437,3389,0,0,0,0,0,0,26.37,26.30,26.39,9.03,48.89
$GC,3226,-0.66,-146.6,2672,2235,3435,3388,230.9,-5.1,159,3228,0.00,0.00,0.00,0.000,6,0.000,0.000,2672,2235,3411,3434,3388,0,0,0,0,0,0,26.70,26.71,26.71,9.00,50.11
$GC,3545,-0.66,-146.6,2672,2235,3434,3385,247.6,-5.2,163,3549,0.00,2.05,0.00,0.000,516,0.000,0.029,2672,849,3409,3434,3385,0,0,0,0,0,0,26.70,26.22,26.71,8.97,50.78
$GC,3722,-0.66,-146.6,2672,849,3432,3385,257.9,-5.9,165,3726,0.00,2.00,0.00,0.000,1030,0.000,0.024,2664,2223,3409,3433,3385,0,0,0,0,0,0,26.36,26.29,26.38,8.96,51.53
$GC,4031,-0.66,-146.6,2664,2223,3431,3381,277.9,-6.2,169,4036,0.00,2.08,0.00,0.000,516,0.000,0.030,2664,855,3406,3431,3381,0,0,0,0,0,0,26.70,26.22,26.71,8.94,51.73
$GC,4094,-0.66,-146.6,2664,855,3430,3381,277.9,-6.2,169,4098,0.00,2.00,0.00,0.000,1030,0.000,0.025,2656,2228,3405,3430,3381,0,0,0,0,0,0,26.35,26.27,26.38,8.94,51.89
$GC,4440,-0.66,-146.6,2655,2228,3428,3379,301.7,-5.8,174,4444,0.10,2.05,0.00,0.000,2564,0.141,0.031,2690,853,3403,3428,3378,0,0,0,0,0,0,26.26,26.20,26.32,8.92,52.71
$GC,4543,-0.66,-146.6,2689,852,3427,3379,307.1,-6.1,175,4547,0.00,2.00,0.00,0.000,1030,0.000,0.025,2684,2220,3402,3427,3378,0,0,0,0,0,0,26.34,26.27,26.37,8.92,52.91
$GC,4929,-0.74,-146.6,2683,2221,3424,3375,333.3,-6.5,180,4933,0.00,2.05,0.00,0.000,516,0.000,0.031,2684,849,3399,3424,3375,0,0,0,0,0,0,26.70,26.20,26.71,8.90,53.46
$GC,5122,-0.81,-146.6,2683,849,3422,3374,343.2,-6.1,182,5127,0.08,2.00,0.00,0.000,5126,0.094,0.026,2614,2222,3398,3422,3374,0,0,0,0,0,0,26.22,26.26,26.29,8.90,52.91
$GC,5497,-0.75,-146.6,2598,2222,3420,3371,372.8,-7.6,187,5505,0.17,2.05,0.00,0.000,2564,0.129,0.031,2655,855,3395,3420,3371,0,0,0,0,0,0,26.04,26.18,26.14,8.89,53.66
$GC,5610,-0.75,-146.6,2654,855,3420,3371,378.0,-7.3,188,5614,0.00,2.00,0.00,0.000,1030,0.000,0.026,2649,2217,3394,3419,3370,0,0,0,0,0,0,26.32,26.25,26.35,8.88,53.46
$GC,5985,-0.75,-146.6,2648,2217,3418,3366,399.4,-5.2,193,5989,0.00,2.08,0.00,0.000,516,0.000,0.032,2649,856,3392,3418,3367,0,0,0,0,0,0,26.70,26.18,26.71,8.87,54.56
$GC,6078,-0.75,-146.6,2649,857,3417,3367,404.2,-5.2,194,6082,0.00,2.05,0.00,0.000,1030,0.000,0.027,2641,2223,3392,3418,3366,0,0,0,0,0,0,26.27,26.25,26.31,8.87,54.05
$GC,6391,-0.75,-146.6,2640,2223,3417,3364,422.8,-5.8,198,6396,0.00,2.17,0.00,0.000,260,0.000,0.042,2631,3624,3390,3416,3364,0,0,0,0,0,0,26.70,26.07,26.70,8.86,54.01
$GC,6449,-0.75,-146.6,2630,3624,3416,3364,422.8,-5.8,198,6453,0.00,2.03,0.00,0.000,1030,0.000,0.021,2631,2234,3389,3415,3364,0,0,0,0,0,0,26.36,26.34,26.38,8.86,55.07
$GC,6798,-0.75,-146.6,2630,2234,3415,3362,447.4,-6.0,203,6803,0.00,2.08,0.00,0.000,516,0.000,0.032,2630,847,3388,3415,3361,0,0,0,0,0,0,26.70,26.15,26.70,8.86,55.23
$GC,6955,-0.75,-146.6,2630,848,3415,3362,452.8,-6.1,204,6962,0.10,2.03,0.00,0.000,3078,0.148,0.027,2655,2222,3387,3413,3361,0,0,0,0,0,0,25.96,26.22,26.07,8.85,55.00
$GC,7282,-0.75,-146.6,2654,2222,3413,3359,478.4,-6.4,209,7284,0.00,0.00,0.00,0.000,6,0.000,0.000,2656,2222,3386,3414,3359,0,0,0,0,0,0,26.70,26.71,26.70,8.84,55.00
$GC,7602,-0.75,-146.6,2654,2222,3412,3358,500.0,-6.7,213,7607,0.00,2.08,0.00,0.000,516,0.000,0.032,2655,842,3385,3412,3358,0,0,0,0,0,0,26.70,26.14,26.71,8.84,55.51
$GC,7690,-0.75,-146.6,2654,843,3412,3357,505.8,-6.7,214,7694,0.00,2.05,0.00,0.000,1030,0.000,0.027,2649,2232,3385,3412,3358,0,0,0,0,0,0,26.29,26.21,26.32,8.84,54.96
$GC,8008,-0.75,-146.6,2649,2232,3411,3356,525.8,-6.2,218,8012,0.00,2.10,0.00,0.000,516,0.000,0.032,2649,840,3383,3411,3356,0,0,0,0,0,0,26.70,26.13,26.70,8.83,55.59
$GC,8092,-0.75,-146.6,2649,840,3411,3355,531.1,-6.2,219,8096,0.00,2.08,0.00,0.000,1030,0.000,0.028,2642,2215,3383,3410,3356,0,0,0,0,0,0,26.25,26.21,26.27,8.83,55.07
$GC,8416,-0.75,-146.6,2641,2215,3409,3353,550.4,-6.0,223,8417,0.00,0.00,0.00,0.000,6,0.000,0.000,2642,2214,3381,3409,3354,0,0,0,0,0,0,26.70,26.71,26.70,8.82,55.51
$GC,8736,-0.75,-146.6,2641,2215,3408,3353,570.0,-6.1,227,8740,0.00,2.08,0.00,0.000,516,0.000,0.032,2642,840,3381,3409,3353,0,0,0,0,0,0,26.70,26.12,26.70,8.81,56.22
$GC,8870,-0.75,-146.6,2641,840,3408,3353,575.2,-6.2,228,8874,0.00,2.05,0.00,0.000,1030,0.000,0.028,2634,2220,3380,3408,3353,0,0,0,0,0,0,26.27,26.19,26.30,8.81,56.10
$GC,9224,-0.75,-146.6,2634,2220,3407,3351,601.4,-6.5,233,9228,0.00,2.08,0.00,0.000,516,0.000,0.033,2635,847,3379,3407,3351,0,0,0,0,0,0,26.70,26.11,26.70,8.80,56.53
$GC,9330,-0.75,-146.6,2634,847,3407,3351,607.2,-6.6,234,9338,0.10,2.05,0.00,0.000,3078,0.142,0.028,2658,2229,3378,3406,3351,0,0,0,0,0,0,25.92,26.17,26.03,8.80,55.71
$GC,9708,-0.75,-146.6,2658,2229,3405,3350,632.1,-6.1,239,9712,0.00,2.17,0.00,0.000,260,0.000,0.043,2650,3621,3378,3406,3350,0,0,0,0,0,0,26.70,25.99,26.70,8.79,56.37
$GC,9774,-0.75,-146.6,2649,3621,3404,3349,632.1,-6.1,239,9778,0.00,2.05,0.00,0.000,1030,0.000,0.022,2650,2210,3377,3404,3350,0,0,0,0,0,0,26.34,26.29,26.36,8.79,56.37
$GC,10113,-0.75,-146.6,2649,2211,3405,3349,657.9,-6.3,244,10117,0.00,2.08,0.00,0.000,516,0.000,0.034,2650,844,3376,3404,3349,0,0,0,0,0,0,26.70,26.08,26.70,8.79,56.85
$GC,10247,-0.75,-146.6,2649,844,3404,3349,663.2,-6.3,245,10251,0.00,2.05,0.00,0.000,1030,0.000,0.028,2642,2224,3376,3404,3349,0,0,0,0,0,0,26.25,26.17,26.28,8.79,56.45
$GC,10601,-0.75,-146.6,2642,2224,3403,3348,687.0,-5.8,250,10605,0.00,2.10,0.00,0.000,516,0.000,0.034,2642,844,3375,3403,3348,0,0,0,0,0,0,26.69,26.07,26.70,8.77,56.34
$GC,10693,-0.75,-146.6,2642,844,3403,3347,691.9,-5.7,251,10698,0.00,2.05,0.00,0.000,1030,0.000,0.029,2636,2222,3375,3403,3348,0,0,0,0,0,0,26.23,26.15,26.27,8.77,57.08
$GC,11008,-0.75,-146.6,2635,2222,3403,3346,709.9,-5.5,255,11012,0.00,2.10,0.00,0.000,516,0.000,0.034,2636,843,3374,3403,3346,0,0,0,0,0,0,26.70,26.06,26.70,8.77,57.32
$GC,11071,-0.75,-146.6,2635,843,3403,3346,709.9,-5.5,255,11078,0.10,2.05,0.00,0.000,3078,0.142,0.028,2660,2220,3374,3403,3346,0,0,0,0,0,0,25.89,26.15,25.99,8.77,56.61
$GC,11416,-0.80,-146.6,2659,2220,3402,3345,732.6,-5.5,260,11420,0.00,2.10,0.00,0.000,516,0.000,0.034,2660,838,3373,3402,3345,0,0,0,0,0,0,26.70,26.05,26.70,8.76,57.63
$GC,11493,-0.86,-146.6,2659,838,3402,3344,732.6,-5.5,260,11501,0.00,2.05,0.00,0.000,1030,0.000,0.028,2653,2221,3373,3402,3344,0,0,0,0,0,0,26.22,26.14,26.25,8.76,56.81
$GC,11822,-0.86,-146.6,2653,2221,3401,3344,759.0,-6.5,265,11824,0.00,0.00,0.00,0.000,6,0.000,0.000,2654,2221,3372,3401,3344,0,0,0,0,0,0,26.70,26.70,26.70,8.76,57.60
$GC,12140,-0.86,-146.6,2652,2221,3400,3343,780.8,-6.9,269,12144,0.00,2.10,0.00,0.000,516,0.000,0.034,2653,841,3371,3400,3343,0,0,0,0,0,0,26.70,26.03,26.70,8.75,57.95
$GC,12264,-0.86,-146.6,2653,841,3399,3343,786.7,-6.9,270,12269,0.00,2.08,0.00,0.000,1030,0.000,0.029,2646,2231,3371,3400,3343,0,0,0,0,0,0,26.20,26.12,26.24,8.76,57.91
$GC,12629,-0.86,-146.6,2646,2230,3399,3341,813.7,-6.6,275,12633,0.00,2.12,0.00,0.000,516,0.000,0.034,2646,837,3370,3399,3341,0,0,0,0,0,0,26.69,26.02,26.70,8.74,57.32
$GC,12680,-0.86,-146.6,2646,836,3399,3341,813.7,-6.6,275,12685,0.00,2.08,0.00,0.000,1030,0.000,0.029,2638,2219,3370,3399,3341,0,0,0,0,0,0,26.20,26.10,26.23,8.74,57.95
$GC,13035,-0.86,-146.6,2638,2219,3398,3340,838.8,-6.1,280,13039,0.00,2.10,0.00,0.000,516,0.000,0.034,2638,843,3369,3398,3340,0,0,0,0,0,0,26.69,26.01,26.70,8.74,57.79
$GC,13127,-0.86,-146.6,2638,843,3398,3340,844.0,-6.1,281,13131,0.00,2.08,0.00,0.000,1030,0.000,0.030,2631,2228,3369,3398,3340,0,0,0,0,0,0,26.18,26.09,26.22,8.74,58.30
$GC,13440,-0.86,-146.6,2630,2228,3397,3340,862.8,-5.9,285,13445,0.00,2.12,0.00,0.000,516,0.000,0.034,2631,839,3368,3397,3340,0,0,0,0,0,0,26.69,25.99,26.70,8.73,58.38
$GC,13508,-0.86,-146.6,2630,838,3397,3340,862.8,-5.9,285,13512,0.00,2.08,0.00,0.000,1030,0.000,0.030,2623,2223,3368,3397,3340,0,0,0,0,0,0,26.17,26.08,26.20,8.73,58.42
$GC,13847,-0.86,-146.6,2622,2223,3396,3339,885.4,-5.4,290,13848,0.00,0.00,0.00,0.000,6,0.000,0.000,2623,2223,3367,3396,3339,0,0,0,0,0,0,26.69,26.70,26.70,8.73,57.83
$GC,14167,-0.86,-146.6,2622,2223,3395,3338,902.9,-5.4,294,14172,0.00,2.10,0.00,0.000,516,0.000,0.034,2623,847,3366,3395,3338,0,0,0,0,0,0,26.69,25.98,26.70,8.72,58.30
$GC,14244,-0.86,-146.6,2622,847,3395,3338,902.9,-5.4,294,14252,0.00,2.05,0.00,0.000,1030,0.000,0.030,2615,2218,3366,3394,3338,0,0,0,0,0,0,26.16,26.07,26.20,8.72,58.07
$GC,14571,-0.86,-146.6,2614,2218,3394,3337,927.0,-6.0,299,14573,0.00,0.00,0.00,0.000,6,0.000,0.000,2615,2218,3366,3394,3338,0,0,0,0,0,0,26.69,26.70,26.70,8.72,58.54
$GC,14893,-0.86,-146.6,2614,2218,3394,3337,947.1,-6.3,303,14898,0.00,2.10,0.00,0.000,516,0.000,0.036,2615,845,3365,3394,3337,0,0,0,0,0,0,26.69,25.96,26.70,8.71,58.54
$GC,14990,-0.86,-146.6,2614,845,3394,3337,952.9,-6.4,304,14995,0.00,2.08,0.00,0.000,1030,0.000,0.030,2607,2229,3365,3393,3337,0,0,0,0,0,0,26.14,26.05,26.17,8.72,58.62
$GC,15299,-0.86,-146.6,2606,2229,3393,3336,974.8,-6.8,308,15303,0.00,2.12,0.00,0.000,516,0.000,0.035,2607,846,3364,3393,3336,0,0,0,0,0,0,26.69,25.94,26.70,8.71,58.70
$GC,15346,-0.86,-146.6,2606,846,3393,3336,974.8,-6.8,308,15351,0.00,2.08,0.00,0.000,1030,0.000,0.030,2598,2223,3364,3393,3336,0,0,0,0,0,0,26.13,26.04,26.17,8.71,58.19
$STATE,15542,end dive,TARGET_DEPTH_EXCEEDED
$STATE,15542,begin apogee
$GC,15550,-0.33,0.0,2598,1783,3393,3336,992.2,-7.1,311,15682,0.57,0.00,128.38,1.373,10246,0.103,0.000,2791,1782,2805,2907,2704,0,0,0,0,0,0,25.44,24.51,23.49,8.71,58.46
$STATE,15683,end apogee,CONTROL_FINISHED_OK
$STATE,15683,begin climb
$GC,15686,0.73,146.6,2791,1782,2904,2702,995.0,0.0,312,15836,0.98,2.42,138.62,1.316,10756,0.063,0.043,3143,393,2204,2295,2114,0,0,0,0,0,0,24.78,24.06,23.09,8.66,57.40
$GC,15884,0.73,146.6,3142,393,2292,2114,984.6,7.3,315,15888,0.00,2.20,0.00,0.000,1030,0.000,0.026,3142,1779,2202,2291,2114,0,0,0,0,0,0,25.19,25.12,25.21,8.61,55.74
$GC,16269,0.64,146.6,3142,1779,2285,2112,948.1,9.2,320,16276,0.12,2.15,0.00,0.000,4356,0.137,0.040,3103,3163,2198,2285,2112,0,0,0,0,0,0,25.94,26.01,26.06,8.61,57.40
$GC,16318,0.54,146.6,3103,3163,2284,2112,948.1,9.2,320,16322,0.00,2.08,0.00,0.000,1030,0.000,0.028,3103,1786,2198,2284,2112,0,0,0,0,0,0,26.17,26.08,26.20,8.61,57.95
$GC,16672,0.54,146.6,3102,1786,2283,2111,916.7,7.6,325,16676,0.00,2.25,0.00,0.000,516,0.000,0.047,3104,373,2197,2283,2111,0,0,0,0,0,0,26.59,26.07,26.60,8.60,59.17
$GC,16748,0.54,146.6,3103,373,2282,2111,916.7,7.6,325,16756,0.00,2.08,0.00,0.000,1030,0.000,0.026,3103,1776,2196,2282,2111,0,0,0,0,0,0,26.31,26.23,26.34,8.60,58.34
$GC,17076,0.55,152.8,3103,1776,2281,2110,887.2,7.3,330,17086,0.00,2.12,5.40,0.971,8452,0.000,0.040,3103,3155,2180,2265,2095,0,0,0,0,0,0,26.65,25.83,24.44,8.60,58.89
$GC,17158,0.55,153.7,3103,3156,2264,2095,880.6,7.5,331,17163,0.00,2.08,0.00,0.000,1030,0.000,0.028,3103,1772,2179,2264,2095,0,0,0,0,0,0,26.26,26.17,26.29,8.59,58.46
$GC,17478,0.55,153.7,3103,1772,2264,2095,855.9,7.7,335,17483,0.00,2.20,0.00,0.000,516,0.000,0.047,3103,372,2179,2264,2095,0,0,0,0,0,0,26.63,26.08,26.64,8.59,59.13
$GC,17555,0.55,153.7,3103,372,2265,2095,855.9,7.7,335,17562,0.00,2.08,0.00,0.000,1030,0.000,0.026,3103,1771,2179,2264,2095,0,0,0,0,0,0,26.32,26.25,26.34,8.59,59.52
$GC,17882,0.55,153.7,3103,1771,2264,2094,824.4,7.7,340,17884,0.00,0.00,0.00,0.000,6,0.000,0.000,3103,1771,2180,2265,2095,0,0,0,0,0,0,26.66,26.67,26.67,8.58,59.80
$GC,18202,0.55,153.7,3103,1771,2264,2095,798.6,8.0,344,18204,0.00,0.00,0.00,0.000,6,0.000,0.000,3104,1771,2180,2265,2095,0,0,0,0,0,0,26.67,26.69,26.69,8.58,59.41
$GC,18524,0.55,153.7,3103,1771,2264,2094,772.8,8.1,348,18529,0.00,2.22,0.00,0.000,516,0.000,0.047,3104,371,2180,2265,2095,0,0,0,0,0,0,26.68,26.01,26.69,8.58,59.60
$GC,18561,0.55,153.7,3103,370,2264,2095,772.8,8.1,348,18565,0.00,2.08,0.00,0.000,1030,0.000,0.027,3104,1769,2179,2264,2095,0,0,0,0,0,0,26.32,26.25,26.34,8.58,59.76
$GC,18930,0.55,153.7,3103,1770,2264,2095,739.8,8.1,353,18935,0.00,2.15,0.00,0.000,260,0.000,0.040,3104,3163,2179,2264,2095,0,0,0,0,0,0,26.68,26.10,26.70,8.58,60.27
$GC,18972,0.55,153.7,3103,3162,2264,2094,739.8,8.1,353,18976,0.00,2.10,0.00,0.000,1030,0.000,0.028,3104,1771,2179,2264,2095,0,0,0,0,0,0,26.28,26.20,26.31,8.58,59.29
$GC,19336,0.55,153.7,3103,1771,2265,2095,707.5,7.9,358,19340,0.00,2.22,0.00,0.000,516,0.000,0.047,3104,373,2179,2264,2094,0,0,0,0,0,0,26.68,25.97,26.70,8.58,59.41
$GC,19453,0.55,153.7,3103,373,2264,2094,701.0,7.8,359,19457,0.00,2.10,0.00,0.000,1030,0.000,0.027,3104,1779,2179,2264,2095,0,0,0,0,0,0,26.29,26.22,26.32,8.58,59.56
$GC,19821,0.55,154.8,3103,1779,2263,2094,670.8,7.5,364,19826,0.00,2.25,0.00,0.000,516,0.000,0.047,3104,364,2179,2264,2094,0,0,0,0,0,0,26.68,25.94,26.70,8.58,59.45
$GC,19853,0.55,155.9,3103,364,2264,2095,670.8,7.5,364,19862,0.00,2.10,4.10,0.776,9222,0.000,0.027,3104,1771,2169,2253,2085,0,0,0,0,0,0,26.28,26.20,24.39,8.58,59.88
$GC,20222,0.56,162.4,3103,1771,2253,2084,641.5,7.3,369,20237,0.00,2.20,8.35,1.010,8452,0.000,0.039,3104,3158,2140,2227,2054,0,0,0,0,0,0,26.65,25.81,24.56,8.57,59.45
$GC,20302,0.56,166.0,3103,3158,2227,2054,635.2,7.4,370,20313,0.00,2.10,5.40,0.878,9222,0.000,0.028,3104,1774,2125,2213,2038,0,0,0,0,0,0,26.18,26.10,24.44,8.57,59.41
$GC,20624,0.57,172.4,3103,1774,2213,2038,611.8,7.3,374,20638,0.00,2.28,7.88,0.980,8708,0.000,0.047,3104,369,2100,2189,2012,0,0,0,0,0,0,26.55,25.77,24.55,8.57,59.25
$GC,20698,0.58,178.9,3103,369,2189,2012,611.8,7.3,374,20714,0.00,2.10,8.38,0.984,9222,0.000,0.027,3104,1776,2072,2163,1981,0,0,0,0,0,0,26.14,26.07,24.47,8.57,58.78
$GC,21026,0.58,179.7,3103,1776,2164,1981,582.0,7.5,379,21032,0.00,2.25,0.00,0.000,516,0.000,0.047,3104,368,2072,2163,1981,0,0,0,0,0,0,26.50,25.95,26.51,8.57,59.21
$GC,21065,0.58,180.6,3103,367,2164,1981,582.0,7.5,379,21069,0.00,2.10,0.00,0.000,1030,0.000,0.027,3104,1771,2072,2164,1981,0,0,0,0,0,0,26.21,26.13,26.23,8.58,59.64
$GC,21429,0.58,182.8,3103,1771,2163,1981,551.8,7.4,384,21439,0.00,2.28,5.03,0.818,8708,0.000,0.047,3104,364,2057,2149,1966,0,0,0,0,0,0,26.61,25.82,24.55,8.57,59.33
$GC,21492,0.58,185.1,3103,364,2149,1967,551.8,7.4,384,21496,0.00,2.15,0.00,0.000,1030,0.000,0.027,3104,1774,2057,2149,1966,0,0,0,0,0,0,26.21,26.18,26.23,8.58,59.01
$GC,21831,0.58,185.1,3103,1774,2149,1966,521.1,7.7,389,21835,0.00,2.15,0.00,0.000,260,0.000,0.040,3104,3166,2058,2149,1967,0,0,0,0,0,0,26.62,26.10,26.63,8.57,59.25
$GC,21882,0.58,185.1,3103,3165,2149,1966,521.1,7.7,389,21886,0.00,2.12,0.00,0.000,1030,0.000,0.029,3104,1757,2057,2149,1966,0,0,0,0,0,0,26.27,26.19,26.29,8.57,59.25
$GC,22236,0.58,185.1,3103,1758,2149,1966,489.8,7.6,394,22239,0.00,2.20,0.00,0.000,516,0.000,0.047,3104,369,2058,2149,1967,0,0,0,0,0,0,26.66,26.02,26.67,8.58,59.05
$GC,22364,0.58,185.6,3103,369,2149,1967,483.6,7.5,395,22376,0.00,2.10,4.40,0.734,9222,0.000,0.026,3104,1778,2047,2137,1957,0,0,0,0,0,0,26.32,26.24,24.57,8.58,58.97
$GC,22721,0.59,192.3,3103,1778,2137,1957,454.1,7.3,400,22731,0.00,0.00,7.97,0.894,8198,0.000,0.000,3104,1778,2021,2116,1926,0,0,0,0,0,0,26.64,25.77,24.70,8.59,58.50
$GC,23043,0.65,194.0,3103,1778,2114,1924,430.2,7.4,404,23047,0.00,2.15,0.00,0.000,260,0.000,0.040,3104,3159,2019,2114,1924,0,0,0,0,0,0,26.59,26.08,26.60,8.59,58.74
$GC,23100,0.70,195.6,3103,3158,2114,1924,430.2,7.4,404,23112,0.00,2.10,4.82,0.741,9222,0.000,0.028,3104,1765,2006,2103,1910,0,0,0,0,0,0,26.26,26.18,24.60,8.59,58.82
$GC,23447,0.71,201.5,3103,1765,2103,1910,400.1,7.3,409,23463,0.00,2.25,7.35,0.847,8708,0.000,0.046,3104,372,1981,2080,1883,0,0,0,0,0,0,26.60,25.84,24.70,8.60,58.38
$GC,23500,0.71,207.5,3103,372,2080,1883,400.1,7.3,409,23514,0.00,2.10,7.07,0.831,9222,0.000,0.025,3104,1782,1957,2061,1854,0,0,0,0,0,0,26.20,26.14,24.63,8.59,58.66
$GC,23849,0.77,207.5,3103,1781,2062,1854,369.4,7.7,414,23856,0.08,2.25,0.00,0.000,2564,0.104,0.045,3179,365,1957,2061,1854,0,0,0,0,0,0,26.31,25.99,26.33,8.60,58.42
$GC,23961,0.77,207.5,3178,365,2061,1854,361.6,8.2,415,23966,0.05,2.12,0.00,0.000,5126,0.139,0.026,3147,1774,1957,2061,1854,0,0,0,0,0,0,25.90,26.19,26.03,8.60,58.26
$GC,24336,0.77,207.5,3146,1774,2061,1854,324.2,9.1,420,24340,0.00,2.22,0.00,0.000,516,0.000,0.045,3154,372,1957,2061,1854,0,0,0,0,0,0,26.64,26.03,26.65,8.59,58.34
$GC,24402,0.77,207.5,3153,371,2062,1854,324.2,9.1,420,24406,0.00,2.12,0.00,0.000,1030,0.000,0.026,3154,1773,1957,2061,1854,0,0,0,0,0,0,26.27,26.24,26.29,8.60,58.03
$GC,24741,0.77,207.5,3154,1773,2061,1854,286.6,9.2,425,24745,0.00,2.12,0.00,0.000,260,0.000,0.038,3154,3154,1957,2061,1854,0,0,0,0,0,0,26.67,26.12,26.67,8.61,58.50
$GC,24773,0.77,207.5,3153,3154,2061,1854,286.6,9.2,425,24777,0.00,2.10,0.00,0.000,1030,0.000,0.028,3156,1753,1957,2061,1854,0,0,0,0,0,0,26.28,26.20,26.32,8.60,57.67
$GC,25147,0.72,207.5,3155,1751,2061,1854,248.0,9.4,430,25151,0.00,2.17,0.00,0.000,516,0.000,0.046,3156,373,1957,2061,1854,0,0,0,0,0,0,26.67,26.01,26.69,8.61,57.83
$GC,25243,0.72,207.5,3155,372,2061,1854,240.3,9.3,431,25248,0.00,2.08,0.00,0.000,1030,0.000,0.025,3156,1771,1957,2061,1854,0,0,0,0,0,0,26.32,26.25,26.34,8.61,57.71
$GC,25552,0.72,207.5,3155,1771,2061,1854,211.9,8.8,435,25557,0.00,2.20,0.00,0.000,516,0.000,0.046,3156,379,1958,2062,1854,0,0,0,0,0,0,26.67,26.00,26.69,8.61,57.67
$GC,25644,0.72,207.5,3155,379,2061,1854,204.7,8.7,436,25648,0.00,2.08,0.00,0.000,1030,0.000,0.025,3156,1777,1958,2062,1854,0,0,0,0,0,0,26.32,26.24,26.34,8.61,58.03
$GC,25960,0.72,207.5,3155,1777,2062,1854,177.9,8.4,449,25961,0.00,0.00,0.00,0.000,6,0.000,0.000,3156,1777,1957,2061,1854,0,0,0,0,0,0,26.68,26.69,26.69,8.61,57.52
$GC,26257,0.73,213.7,3155,1776,2062,1854,153.8,7.3,464,26270,0.00,2.15,7.72,0.721,8452,0.000,0.037,3156,3165,1932,2039,1826,0,0,0,0,0,0,26.68,25.39,24.74,8.62,57.67
$GC,26303,0.73,216.6,3155,3165,2038,1826,150.9,7.4,465,26314,0.00,2.12,4.70,0.604,9222,0.000,0.027,3156,1762,1920,2028,1812,0,0,0,0,0,0,26.20,26.16,24.68,8.62,57.08
$GC,26617,0.75,237.6,3155,1762,2028,1812,127.6,6.8,481,26642,0.00,2.22,19.77,0.779,8708,0.000,0.044,3156,368,1835,1957,1713,0,0,0,0,0,0,26.60,25.38,24.82,8.64,57.44
$GC,26748,0.80,280.6,3155,369,1957,1713,120.5,6.0,487,26794,0.00,2.10,37.60,0.781,9222,0.000,0.025,3157,1776,1659,1806,1513,0,0,0,0,0,0,26.08,26.01,24.49,8.66,57.56
$GC,27098,0.95,356.1,3155,1776,1801,1508,100.5,4.9,505,27166,0.10,2.25,59.75,0.753,10500,0.082,0.038,3248,3155,1350,1518,1182,0,0,0,0,0,0,26.16,25.18,24.44,8.72,57.79
$GC,27250,0.95,356.1,3247,3154,1512,1180,89.5,8.5,512,27259,0.15,2.12,0.00,0.000,5126,0.114,0.025,3205,1782,1346,1512,1181,0,0,0,0,0,0,25.50,25.77,25.58,8.75,57.71
$GC,27558,0.97,375.8,3205,1782,1508,1179,69.2,6.8,528,27579,0.00,2.28,15.20,0.658,8708,0.000,0.042,3205,367,1271,1438,1104,0,0,0,0,0,0,26.45,25.69,24.88,8.81,57.32
$GC,27647,1.03,375.8,3204,367,1437,1104,62.6,7.5,532,27651,0.00,2.08,0.00,0.000,1030,0.000,0.023,3205,1774,1270,1437,1104,0,0,0,0,0,0,26.07,26.01,26.08,8.83,55.98
$GC,27958,1.13,378.2,3204,1774,1435,1104,39.6,7.4,554,27963,0.12,2.12,0.00,0.000,2308,0.066,0.036,3312,3171,1269,1435,1104,0,0,0,0,0,0,26.29,26.08,26.31,8.88,53.97
$GC,28026,1.02,378.2,3311,3171,1432,1104,32.2,11.6,560,28038,0.28,2.08,0.00,0.000,5126,0.111,0.024,3227,1757,1268,1432,1104,0,0,0,0,0,0,25.82,26.18,25.98,8.89,53.85
$GC,28338,1.02,378.2,3226,1758,1432,1104,8.9,7.6,591,28342,0.00,2.12,0.00,0.000,516,0.000,0.041,3228,379,1268,1432,1104,0,0,0,0,0,0,26.62,26.11,26.63,8.92,52.40
$GC,28414,1.02,378.2,3227,379,1432,1104,3.3,7.7,598,28418,0.00,2.05,0.00,0.000,1030,0.000,0.022,3227,1768,1268,1432,1104,0,0,0,0,0,0,26.32,26.28,26.33,8.93,51.45
$STATE,28424,end climb,SURFACE_DEPTH_REACHED
$STATE,28425,begin surface coast
$FINISH,-0.3,1.022489
$STATE,28467,end surface coast,CONTROL_FINISHED_OK
$STATE,28467,begin surface
$SM_CCo,28547,0.00,0.000,0,0,1267,377.52
$SM_GC,0.55,7.68,0.62,0.00,0.025,0.034,0.000,174,2212,1267,-8.35,-1.98,377.52,0,0,0,0,0,0,26.33,26.28,26.36
$IRIDIUM_FIX,444.70,-14023.30,200125,103310
$TT8_MAMPS,0.026964,0.399966
$HUMID,50.35
$INTERNAL_PRESSURE,8.91764
$TCM_TEMP,22.10
$XPDR_PINGS,0
$ALTIM_TOP_PING,19.7,20.0
$24V_AH,23.09,38.814
$10V_AH,10.01,30.708
$FG_AHR_24Vo,0.000
$FG_AHR_10Vo,0.000
$DEVICES,Pitch_motor,Roll_motor,VBD_pump_during_apogee,VBD_pump_during_surface,VBD_valve,Iridium_during_init,Iridium_during_connect,Iridium_during_xfer,Transponder_ping,GUMSTIX_24V,GPS,TT8,LPSleep,TT8_Active,TT8_Sampling,TT8_CF8,TT8_Kalman,Analog_circuits,GPS_charging,Compass,RAFOS,Transponder,Compass2
$DEVICE_SECS,21.325,241.775,487.900,0.000,0.000,0.000,0.000,310.900,0.250,0.000,24.764,2927.275,21654.236,599.903,3398.347,473.759,0.000,2564.470,0.000,2814.979,0.000,2.773,0.000
$DEVICE_MAMPS,206.550,52.020,1373.175,0.000,0.000,0.000,0.000,87.210,420.000,0.000,30.710,15.210,2.190,15.210,43.670,53.410,0.000,14.000,0.000,8.240,0.000,30.000,0.000
$SENSORS,SBE_CT,WL_blue_red_Chl,AA4330,nil,nil,nil,nil,nil,nil,nil
$SENSOR_SECS,523.762,365.406,819.494,0.000,0.000,0.000,0.000,0.000,0.000,0.000
$SENSOR_MAMPS,22.470,105.000,11.230,0.000,0.000,0.000,0.000,0.000,0.000,0.000
$MEM,311796
$DATA_FILE_SIZE,45272,603
$CAP_FILE_SIZE,235568,0
$CFSIZE,2097872896,2061533184
$ERRORS,0,0,0,0,0,0,0,0,0,0,0,0,0,0,2,0
$CURRENT,0.051,187.04,1
$GPS,070605,022822,447.057,-14022.419,40,0.9,56,9.2,0.5,234.0,8,4.5
