version: 66.14
glider: 195
mission: 21
dive: 445
start: 7 31 105 11 30 40
data:
$ID,195
$MISSION,21
$DIVE,445
$N_DIVES,0
$STOP_T,0
$D_SURF,3
$D_FLARE,2
$D_TGT,990
$D_ABORT,1090
$D_NO_BLEED,50
$D_BOOST,3
$T_BOOST,0
$D_FINISH,0
$D_PITCH,0
$D_SAFE,0
$D_CALL,0
$SURFACE_URGENCY,0
$SURFACE_URGENCY_TRY,0
$SURFACE_URGENCY_FORCE,0
$T_DIVE,330
$T_MISSION,600
$T_ABORT,1440
$T_TURN,300
$T_TURN_SAMPINT,5
$T_NO_W,120
$T_LOITER,0
$T_SLOITER,60
$T_EPIRB,0
$USE_BATHY,0
$USE_ICE,0
$ICE_FREEZE_MARGIN,0.30000001
$D_OFFGRID,990
$T_WATCHDOG,10
$RELAUNCH,1
$APOGEE_PITCH,-8
$MAX_BUOY,150
$COURSE_BIAS,0
$GLIDE_SLOPE,30
$SPEED_FACTOR,1
$RHO,1.023
$MASS,54002
$MASS_COMP,0
$NAV_MODE,2
$FERRY_MAX,45
$KALMAN_USE,2
$HD_A,0.0038000001
$HD_B,0.0099999998
$HD_C,9.8500004e-06
$HEADING,-1
$ESCAPE_HEADING,0
$ESCAPE_HEADING_DELTA,10
$FIX_MISSING_TIMEOUT,0
$TGT_DEFAULT_LAT,4736
$TGT_DEFAULT_LON,-12225
$TGT_AUTO_DEFAULT,0
$SM_CC,565.6618
$N_FILEKB,4
$FILEMGR,0
$CALL_NDIVES,1
$COMM_SEQ,0
$PROTOCOL,9
$N_NOCOMM,1
$NOCOMM_ACTION,0
$N_NOSURFACE,0
$UPLOAD_DIVES_MAX,-1
$CALL_TRIES,5
$CALL_WAIT,60
$CAPUPLOAD,0
$CAPMAXSIZE,200000
$HEAPDBG,0
$T_GPS,15
$N_GPS,50840
$T_RSLEEP,2
$STROBE,0
$RAFOS_PEAK_OFFSET,1.5
$RAFOS_CORR_THRESH,60
$RAFOS_HIT_WINDOW,3600
$RAFOS_MMODEM,0
$PITCH_MIN,207
$PITCH_MAX,3915
$C_PITCH,2884
$PITCH_DBAND,0.1
$PITCH_CNV,0.003125763
$P_OVSHOOT,0.039999999
$P_OVSHOOT_WITHG,0.079999998
$PITCH_GAIN,19.15
$PITCH_TIMEOUT,17
$PITCH_AD_RATE,160
$PITCH_MAXERRORS,1
$PITCH_ADJ_GAIN,0.02
$PITCH_ADJ_DBAND,2.5
$ROLL_MIN,224
$ROLL_MAX,3758
$ROLL_DEG,40
$C_ROLL_DIVE,2243
$C_ROLL_CLIMB,1718
$HEAD_ERRBAND,10
$ROLL_CNV,0.028270001
$ROLL_TIMEOUT,15
$R_PORT_OVSHOOT,38
$R_STBD_OVSHOOT,51
$ROLL_AD_RATE,350
$ROLL_MAXERRORS,2
$ROLL_ADJ_GAIN,0
$ROLL_ADJ_DBAND,0
$VBD_MIN,500
$VBD_MAX,3960
$C_VBD,2806
$VBD_DBAND,2
$VBD_CNV,-0.24529999
$VBD_LP_IGNORE,0
$VBD_TIMEOUT,720
$PITCH_VBD_SHIFT,0.001
$VBD_PUMP_AD_RATE_SURFACE,5
$VBD_PUMP_AD_RATE_APOGEE,4
$VBD_BLEED_AD_RATE,8
$UNCOM_BLEED,60
$VBD_MAXERRORS,1
$W_ADJ_DBAND,0
$DBDW,0
$PITCH_W_GAIN,0
$PITCH_W_DBAND,0
$CF8_MAXERRORS,5
$AH0_24V,150
$AH0_10V,97
$MINV_24V,19
$MINV_10V,8
$MAXI_24V,0.80000001
$MAXI_10V,0.60000002
$FG_AHR_10V,0
$FG_AHR_24V,0
$PHONE_SUPPLY,-2
$PRESSURE_YINT,-49.397121
$PRESSURE_SLOPE,0.0001168043
$AD7714Ch0Gain,128
$TCM_PITCH_OFFSET,0
$TCM_ROLL_OFFSET,0
$COMPASS_USE,4
$ALTIM_BOTTOM_PING_RANGE,0
$ALTIM_TOP_PING_RANGE,20
$ALTIM_BOTTOM_TURN_MARGIN,0
$ALTIM_TOP_TURN_MARGIN,0
$ALTIM_TOP_MIN_OBSTACLE,1
$ALTIM_PING_DEPTH,0
$ALTIM_PING_DELTA,0
$ALTIM_FREQUENCY,13
$ALTIM_PULSE,3
$ALTIM_SENSITIVITY,3
$XPDR_VALID,5
$XPDR_INHIBIT,90
$INT_PRESSURE_SLOPE,0.0097660003
$INT_PRESSURE_YINT,-0.77999997
$DEEPGLIDER,0
$MOTHERBOARD,4
$DEVICE1,2
$DEVICE2,115
$DEVICE3,101
$DEVICE4,-1
$DEVICE5,-1
$DEVICE6,-1
$LOGGERS,0
$LOGGERDEVICE1,-1
$LOGGERDEVICE2,-1
$LOGGERDEVICE3,-1
$LOGGERDEVICE4,-1
$COMPASS_DEVICE,33
$COMPASS2_DEVICE,-1
$PHONE_DEVICE,49
$GPS_DEVICE,32
$RAFOS_DEVICE,-1
$XPDR_DEVICE,24
$SIM_W,0
$SIM_PITCH,0
$SEABIRD_T_G,0.0044178674
$SEABIRD_T_H,0.00064818078
$SEABIRD_T_I,2.6779007e-05
$SEABIRD_T_J,3.3667231e-06
$SEABIRD_C_G,-10.098215
$SEABIRD_C_H,1.1454017
$SEABIRD_C_I,-0.0021276253
$SEABIRD_C_J,0.00025532115
$SEABIRD_C_Z,2974.52
$GPS1,310705,112114,744.5822,-14034.5000,79,0.9,85,9.3,0.0,209.4,8,4.9
$_CALLS,2
$_XMS_NAKs,0
$_XMS_TOUTs,0
$_SM_DEPTHo,0.12
$_SM_ANGLEo,-57.0
$GPS2,310705,113000,744.5821,-14034.4736,7,0.9,26,9.3,0.9,293.3,9,5.0
$SPEED_LIMITS,0.173,0.262
$TGT_NAME,TX2
$TGT_LATLONG,1145.000,-14800.000
$TGT_RADIUS,10000.000
$KALMAN_CONTROL,0.000000,0.000000
$KALMAN_X,0.000000,0.000000,0.000000,0.000000,0.000000
$KALMAN_Y,0.000000,0.000000,0.000000,0.000000,0.000000
$MHEAD_RNG_PITCHd_Wd,262.3,922406,-18.1,-10.000,-20.93,2235
$D_GRID,990
$GCHEAD,st_secs,pitch_ctl,vbd_ctl,pitch_ad_start,roll_ad_start,vbd_pot1_ad_start,vbd_pot2_ad_start,depth,ob_vertv,data_pts,end_secs,pitch_secs,roll_secs,vbd_secs,vbd_i,gcphase,pitch_i,roll_i,pitch_ad,roll_ad,vbd_ad,vbd_pot1_ad,vbd_pot2_ad,pitch_retries,pitch_errors,roll_retries,roll_errors,vbd_retries,vbd_errors,pitch_volts,roll_volts,vbd_volts,int_press,humidity
$STATE,6,end surface,CONTROL_FINISHED_OK
$STATE,6,begin dive
$GC,74,-1.09,-146.6,129,2249,542,458,-0.0,0.4,6,163,0.00,0.00,-86.65,0.000,16386,0.000,0.000,126,2249,2767,2785,2750,0,0,0,0,0,0,26.37,28.83,26.39,8.80,52.04
$GC,167,-1.09,-146.6,126,2249,2786,2751,2.8,-5.5,15,197,9.18,2.28,-13.43,0.000,18692,0.200,0.060,2513,3636,3406,3424,3388,0,0,0,0,0,0,24.91,23.83,25.09,9.03,52.48
$GC,314,-0.97,-146.6,2512,3636,3430,3388,29.0,-14.7,29,319,0.15,2.12,0.00,0.000,3078,0.134,0.024,2571,2210,3409,3430,3388,0,0,0,0,0,0,25.57,26.07,25.74,9.10,52.20
$GC,510,-0.97,-146.6,2570,2209,3432,3388,55.9,-14.7,46,517,0.00,2.25,0.00,0.000,260,0.000,0.047,2562,3634,3409,3431,3388,0,0,0,0,0,0,26.53,25.88,26.54,9.12,52.36
$GC,594,-0.91,-146.6,2562,3634,3432,3388,69.3,-16.4,50,599,0.00,2.03,0.00,0.000,1030,0.000,0.024,2562,2250,3410,3433,3388,0,0,0,0,0,0,26.20,26.13,26.22,9.12,52.48
$GC,794,-0.91,-146.6,2562,2250,3433,3388,90.3,-8.1,60,799,0.00,2.10,0.00,0.000,516,0.000,0.034,2562,850,3410,3433,3388,0,0,0,0,0,0,26.57,26.06,26.58,9.13,52.40
$GC,973,-0.91,-146.6,2562,850,3435,3388,102.9,-7.6,68,981,0.12,2.08,0.00,0.000,3078,0.141,0.032,2592,2246,3411,3435,3388,0,0,0,0,0,0,25.80,26.12,25.94,9.12,51.26
$GC,1161,-0.91,-146.6,2591,2246,3437,3388,114.9,-6.0,78,1165,0.00,2.08,0.00,0.000,516,0.000,0.028,2591,845,3412,3437,3388,0,0,0,0,0,0,26.59,26.11,26.60,9.10,51.10
$GC,1254,-0.91,-146.6,2591,846,3438,3388,120.1,-6.1,82,1258,0.00,2.10,0.00,0.000,1030,0.000,0.026,2585,2243,3413,3438,3388,0,0,0,0,0,0,26.17,26.13,26.19,9.08,50.86
$GC,1448,-0.91,-146.6,2584,2243,3440,3388,133.4,-6.5,92,1452,0.00,2.08,0.00,0.000,516,0.000,0.029,2585,845,3413,3439,3388,0,0,0,0,0,0,26.60,26.12,26.60,9.06,51.92
$GC,1505,-0.91,-146.6,2584,845,3440,3388,136.5,-6.7,94,1512,0.00,2.05,0.00,0.000,1030,0.000,0.026,2576,2245,3414,3440,3388,0,0,0,0,0,0,26.22,26.14,26.25,9.06,51.02
$GC,1692,-0.91,-146.6,2576,2245,3440,3388,151.5,-7.7,104,1696,0.00,2.08,0.00,0.000,516,0.000,0.029,2577,845,3414,3440,3388,0,0,0,0,0,0,26.60,26.13,26.60,9.03,51.92
$GC,1764,-0.91,-146.6,2576,845,3441,3388,156.3,-7.5,107,1768,0.00,2.08,0.00,0.000,1030,0.000,0.026,2567,2253,3414,3440,3388,0,0,0,0,0,0,26.22,26.13,26.25,9.03,51.65
$GC,1957,-0.91,-146.6,2567,2253,3441,3388,169.6,-6.5,117,1962,0.00,2.10,0.00,0.000,516,0.000,0.028,2567,844,3414,3440,3388,0,0,0,0,0,0,26.60,26.13,26.61,9.03,51.77
$GC,2044,-0.91,-146.6,2567,844,3441,3388,175.4,-6.8,121,2051,0.10,2.08,0.00,0.000,3078,0.145,0.026,2588,2248,3414,3441,3388,0,0,0,0,0,0,25.89,26.14,26.01,9.02,52.71
$GC,2242,-0.91,-146.6,2588,2248,3441,3388,189.8,-7.5,131,2246,0.00,2.12,0.00,0.000,516,0.000,0.029,2588,852,3414,3441,3388,0,0,0,0,0,0,26.60,26.13,26.61,8.99,52.91
$GC,2327,-0.91,-146.6,2588,851,3440,3388,196.4,-7.7,135,2332,0.00,2.10,0.00,0.000,1030,0.000,0.027,2582,2247,3414,3441,3388,0,0,0,0,0,0,26.16,26.14,26.20,8.99,53.07
$GC,2551,-0.91,-146.6,2582,2247,3441,3388,212.5,-7.1,142,2556,0.00,2.12,0.00,0.000,516,0.000,0.029,2582,848,3414,3440,3388,0,0,0,0,0,0,26.60,26.12,26.61,8.98,53.97
$GC,2686,-0.91,-146.6,2581,848,3440,3388,221.0,-6.9,145,2690,0.00,2.08,0.00,0.000,1030,0.000,0.027,2573,2253,3414,3441,3388,0,0,0,0,0,0,26.22,26.13,26.25,8.97,54.09
$GC,2879,-0.91,-146.6,2572,2252,3440,3388,233.8,-6.3,150,2883,0.00,2.10,0.00,0.000,516,0.000,0.029,2573,845,3414,3440,3388,0,0,0,0,0,0,26.61,26.12,26.61,8.96,54.72
$GC,2956,-0.91,-146.6,2572,845,3440,3388,236.6,-6.3,151,2963,0.00,2.08,0.00,0.000,1030,0.000,0.027,2565,2253,3414,3440,3388,0,0,0,0,0,0,26.22,26.14,26.25,8.96,55.15
$GC,3163,-0.91,-146.6,2564,2253,3440,3388,253.0,-6.9,157,3168,0.00,2.12,0.00,0.000,516,0.000,0.029,2565,837,3413,3439,3388,0,0,0,0,0,0,26.60,26.11,26.61,8.95,54.72
$GC,3272,-0.91,-146.6,2564,837,3440,3388,259.3,-7.2,159,3279,0.10,2.08,0.00,0.000,3078,0.148,0.027,2587,2242,3413,3439,3388,0,0,0,0,0,0,25.88,26.13,26.00,8.94,56.06
$GC,3490,-0.98,-146.6,2586,2242,3439,3386,276.0,-6.8,165,3495,0.00,2.12,0.00,0.000,516,0.000,0.030,2587,853,3412,3439,3386,0,0,0,0,0,0,26.61,26.11,26.62,8.94,55.59
$GC,3610,-1.04,-146.6,2586,853,3439,3386,282.3,-7.1,167,3618,0.00,2.05,0.00,0.000,1030,0.000,0.027,2581,2242,3411,3437,3385,0,0,0,0,0,0,26.21,26.13,26.24,8.93,55.71
$GC,3817,-1.10,-146.6,2580,2242,3437,3385,301.6,-8.1,173,3824,0.10,2.10,0.00,0.000,4612,0.075,0.030,2493,847,3411,3437,3385,0,0,0,0,0,0,26.39,26.10,26.41,8.92,56.30
$GC,3912,-1.10,-146.6,2493,847,3436,3385,309.8,-8.9,175,3919,0.15,2.08,0.00,0.000,3078,0.136,0.027,2530,2243,3410,3436,3385,0,0,0,0,0,0,25.77,26.13,25.91,8.91,56.26
$GC,4139,-1.10,-146.6,2530,2244,3435,3385,330.2,-8.2,181,4143,0.00,2.10,0.00,0.000,516,0.000,0.030,2530,850,3410,3435,3385,0,0,0,0,0,0,26.61,26.10,26.61,8.91,56.45
$GC,4273,-1.10,-146.6,2530,849,3434,3384,341.0,-8.6,184,4277,0.00,2.08,0.00,0.000,1030,0.000,0.028,2524,2248,3409,3434,3384,0,0,0,0,0,0,26.20,26.12,26.24,8.90,56.57
$GC,4466,-1.10,-146.6,2523,2248,3433,3383,359.2,-8.9,189,4470,0.00,2.10,0.00,0.000,516,0.000,0.030,2524,848,3408,3433,3383,0,0,0,0,0,0,26.60,26.10,26.62,8.90,57.08
$GC,4558,-1.10,-146.6,2524,848,3433,3383,367.2,-9.3,191,4562,0.00,2.08,0.00,0.000,1030,0.000,0.027,2515,2243,3408,3433,3383,0,0,0,0,0,0,26.20,26.13,26.24,8.89,56.85
$GC,4752,-1.10,-146.6,2514,2242,3432,3382,386.5,-9.5,196,4756,0.00,2.12,0.00,0.000,516,0.000,0.031,2515,854,3407,3432,3382,0,0,0,0,0,0,26.61,26.10,26.61,8.89,57.40
$GC,4864,-1.10,-146.6,2514,854,3432,3381,394.6,-9.6,198,4868,0.00,2.08,0.00,0.000,1030,0.000,0.028,2505,2244,3406,3432,3381,0,0,0,0,0,0,26.20,26.13,26.23,8.88,57.71
$GC,5078,-1.10,-146.6,2505,2245,3431,3380,417.3,-9.3,204,5083,0.00,2.15,0.00,0.000,516,0.000,0.031,2505,847,3405,3431,3380,0,0,0,0,0,0,26.60,26.09,26.62,8.88,57.40
$GC,5190,-1.10,-146.6,2504,847,3431,3380,425.6,-9.5,206,5200,0.10,2.10,0.00,0.000,3078,0.154,0.028,2526,2254,3405,3431,3380,0,0,0,0,0,0,25.84,26.12,25.96,8.87,57.67
$GC,5405,-1.10,-146.6,2525,2254,3431,3379,447.0,-8.7,212,5409,0.00,2.12,0.00,0.000,516,0.000,0.030,2526,848,3404,3430,3379,0,0,0,0,0,0,26.61,26.08,26.62,8.87,57.87
$GC,5502,-1.10,-146.6,2525,848,3430,3379,454.5,-8.6,214,5507,0.00,2.08,0.00,0.000,1030,0.000,0.028,2519,2243,3404,3430,3379,0,0,0,0,0,0,26.20,26.12,26.23,8.87,57.28
$GC,5694,-1.10,-146.6,2518,2243,3429,3377,471.2,-8.2,219,5698,0.00,2.12,0.00,0.000,516,0.000,0.031,2519,838,3404,3430,3378,0,0,0,0,0,0,26.60,26.08,26.62,8.86,57.56
$GC,5791,-1.10,-146.6,2518,837,3429,3377,478.5,-8.3,221,5796,0.00,2.10,0.00,0.000,1030,0.000,0.028,2510,2246,3403,3429,3377,0,0,0,0,0,0,26.20,26.11,26.22,8.86,58.42
$GC,5982,-1.10,-146.6,2510,2245,3428,3376,495.9,-8.6,226,5986,0.00,2.12,0.00,0.000,516,0.000,0.031,2510,844,3402,3428,3377,0,0,0,0,0,0,26.61,26.07,26.62,8.86,58.38
$GC,6085,-1.10,-146.6,2509,844,3428,3377,503.8,-9.0,228,6089,0.00,2.10,0.00,0.000,1030,0.000,0.028,2500,2250,3402,3428,3376,0,0,0,0,0,0,26.19,26.10,26.22,8.85,58.34
$GC,6310,-1.10,-146.6,2499,2250,3426,3376,526.3,-9.4,234,6317,0.10,2.12,0.00,0.000,2564,0.161,0.031,2529,849,3401,3426,3376,0,0,0,0,0,0,26.09,26.07,26.15,8.84,58.46
$GC,6412,-1.10,-146.6,2528,850,3426,3376,534.2,-9.3,236,6416,0.00,2.10,0.00,0.000,1030,0.000,0.028,2522,2255,3401,3427,3376,0,0,0,0,0,0,26.19,26.10,26.22,8.84,58.82
$GC,6636,-1.10,-146.6,2522,2254,3425,3375,556.8,-9.2,242,6640,0.00,2.12,0.00,0.000,516,0.000,0.031,2522,850,3400,3425,3375,0,0,0,0,0,0,26.61,26.06,26.61,8.84,58.38
$GC,6742,-1.10,-146.6,2521,850,3425,3375,564.8,-9.3,244,6747,0.00,2.08,0.00,0.000,1030,0.000,0.028,2513,2242,3399,3424,3375,0,0,0,0,0,0,26.19,26.10,26.22,8.84,59.17
$GC,6961,-1.10,-146.6,2512,2242,3424,3374,587.3,-9.3,250,6966,0.00,2.12,0.00,0.000,516,0.000,0.031,2513,842,3398,3424,3373,0,0,0,0,0,0,26.61,26.06,26.62,8.83,58.74
$GC,7046,-1.10,-146.6,2512,842,3424,3373,595.1,-9.2,252,7051,0.00,2.10,0.00,0.000,1030,0.000,0.028,2503,2242,3398,3423,3374,0,0,0,0,0,0,26.18,26.10,26.22,8.83,58.74
$GC,7250,-1.10,-146.6,2502,2243,3423,3373,612.6,-8.5,257,7255,0.00,2.12,0.00,0.000,516,0.000,0.031,2503,843,3398,3423,3373,0,0,0,0,0,0,26.60,26.06,26.62,8.83,59.09
$GC,7337,-1.10,-146.6,2502,844,3423,3373,619.9,-8.4,259,7342,0.12,2.10,0.00,0.000,3078,0.143,0.028,2531,2248,3398,3423,3373,0,0,0,0,0,0,25.77,26.10,25.90,8.82,58.70
$GC,7542,-1.10,-146.6,2530,2248,3422,3371,634.7,-7.1,264,7547,0.00,2.12,0.00,0.000,516,0.000,0.031,2531,850,3397,3422,3372,0,0,0,0,0,0,26.60,26.05,26.62,8.82,59.09
$GC,7634,-1.10,-146.6,2530,850,3422,3371,640.6,-7.0,266,7638,0.00,2.10,0.00,0.000,1030,0.000,0.028,2524,2249,3396,3422,3371,0,0,0,0,0,0,26.17,26.08,26.20,8.82,59.33
$GC,7828,-1.10,-146.6,2524,2249,3421,3370,654.3,-6.7,271,7833,0.00,2.17,0.00,0.000,516,0.000,0.031,2524,844,3395,3421,3370,0,0,0,0,0,0,26.60,26.05,26.62,8.81,58.78
$GC,7936,-1.10,-146.6,2524,844,3421,3370,660.3,-6.9,273,7940,0.00,2.10,0.00,0.000,1030,0.000,0.028,2515,2245,3395,3421,3370,0,0,0,0,0,0,26.17,26.08,26.20,8.80,58.93
$GC,8155,-1.10,-146.6,2515,2245,3421,3369,678.2,-7.5,279,8160,0.00,2.15,0.00,0.000,516,0.000,0.031,2515,856,3394,3421,3368,0,0,0,0,0,0,26.61,26.04,26.62,8.80,59.64
$GC,8334,-1.10,-146.6,2514,856,3420,3368,692.2,-8.5,283,8338,0.00,2.08,0.00,0.000,1030,0.000,0.028,2505,2243,3394,3420,3368,0,0,0,0,0,0,26.17,26.08,26.20,8.80,59.13
$GC,8523,-1.10,-146.6,2505,2243,3420,3367,710.7,-9.2,288,8527,0.00,2.12,0.00,0.000,516,0.000,0.032,2505,845,3393,3419,3367,0,0,0,0,0,0,26.60,26.03,26.62,8.79,59.45
$GC,8658,-1.10,-146.6,2505,845,3420,3367,723.1,-9.7,291,8665,0.10,2.10,0.00,0.000,3078,0.153,0.028,2526,2243,3393,3419,3367,0,0,0,0,0,0,25.79,26.08,25.91,8.79,59.41
$GC,8851,-1.10,-146.6,2526,2243,3419,3367,742.8,-9.7,296,8855,0.00,2.12,0.00,0.000,516,0.000,0.032,2527,847,3393,3419,3367,0,0,0,0,0,0,26.61,26.02,26.61,8.79,59.64
$GC,8948,-1.10,-146.6,2526,846,3419,3367,751.4,-9.9,298,8953,0.00,2.10,0.00,0.000,1030,0.000,0.029,2519,2246,3392,3418,3367,0,0,0,0,0,0,26.15,26.06,26.19,8.78,59.64
$GC,9139,-1.10,-146.6,2519,2246,3418,3366,771.5,-9.9,303,9144,0.00,2.12,0.00,0.000,516,0.000,0.032,2520,850,3392,3418,3366,0,0,0,0,0,0,26.60,26.02,26.62,8.79,60.00
$GC,9252,-1.10,-146.6,2519,850,3418,3365,780.2,-9.9,305,9256,0.00,2.10,0.00,0.000,1030,0.000,0.029,2511,2250,3392,3418,3366,0,0,0,0,0,0,26.15,26.06,26.18,8.78,59.88
$GC,9467,-1.10,-146.6,2510,2250,3418,3365,803.5,-9.5,311,9471,0.00,2.15,0.00,0.000,516,0.000,0.032,2511,844,3391,3418,3365,0,0,0,0,0,0,26.61,26.01,26.62,8.78,60.00
$GC,9593,-1.10,-146.6,2510,844,3418,3365,815.6,-9.6,314,9597,0.00,2.12,0.00,0.000,1030,0.000,0.029,2501,2234,3391,3417,3365,0,0,0,0,0,0,26.10,26.06,26.12,8.77,59.88
$GC,9797,-1.10,-146.6,2500,2234,3416,3364,834.0,-8.9,319,9801,0.00,2.15,0.00,0.000,516,0.000,0.033,2501,847,3390,3416,3364,0,0,0,0,0,0,26.60,26.00,26.61,8.77,60.08
$GC,9923,-1.10,-146.6,2500,847,3417,3364,845.2,-8.9,322,9930,0.12,2.10,0.00,0.000,3078,0.142,0.029,2529,2246,3390,3416,3364,0,0,0,0,0,0,25.72,26.05,25.85,8.77,60.55
$GC,10125,-1.10,-146.6,2529,2246,3416,3364,861.3,-7.7,327,10129,0.00,2.15,0.00,0.000,516,0.000,0.033,2529,844,3390,3416,3364,0,0,0,0,0,0,26.61,25.99,26.62,8.76,60.51
$GC,10226,-1.10,-146.6,2529,843,3416,3364,868.1,-7.9,329,10230,0.00,2.10,0.00,0.000,1030,0.000,0.029,2523,2243,3390,3416,3364,0,0,0,0,0,0,26.13,26.04,26.17,8.76,60.43
$GC,10450,-1.10,-146.6,2522,2243,3415,3363,887.1,-7.7,335,10454,0.00,2.12,0.00,0.000,516,0.000,0.033,2523,849,3389,3415,3363,0,0,0,0,0,0,26.60,25.98,26.61,8.76,61.14
$GC,10594,-1.10,-146.6,2522,849,3415,3363,897.2,-8.1,338,10598,0.00,2.10,0.00,0.000,1030,0.000,0.029,2514,2243,3389,3415,3363,0,0,0,0,0,0,26.13,26.03,26.15,8.76,60.19
$GC,10817,-1.10,-146.6,2513,2243,3414,3361,916.7,-8.0,344,10822,0.00,2.12,0.00,0.000,516,0.000,0.033,2514,851,3387,3414,3361,0,0,0,0,0,0,26.60,25.98,26.62,8.74,60.43
$GC,10954,-1.10,-146.6,2513,851,3414,3361,927.2,-8.3,347,10958,0.00,2.10,0.00,0.000,1030,0.000,0.029,2504,2246,3387,3414,3361,0,0,0,0,0,0,26.12,26.03,26.15,8.76,60.75
$GC,11149,-1.10,-146.6,2503,2247,3414,3361,944.4,-8.3,352,11154,0.00,2.15,0.00,0.000,516,0.000,0.033,2503,840,3387,3413,3361,0,0,0,0,0,0,26.60,25.97,26.61,8.74,61.57
$GC,11257,-1.10,-146.6,2503,841,3413,3361,951.9,-8.6,354,11264,0.10,2.12,0.00,0.000,3078,0.155,0.030,2526,2246,3387,3413,3361,0,0,0,0,0,0,25.74,26.03,25.85,8.75,60.82
$GC,11474,-1.10,-146.6,2525,2246,3413,3360,972.1,-8.3,360,11478,0.00,2.15,0.00,0.000,516,0.000,0.033,2525,844,3386,3413,3360,0,0,0,0,0,0,26.60,25.96,26.61,8.75,61.45
$GC,11609,-1.10,-146.6,2525,844,3413,3360,983.3,-8.8,363,11617,0.00,2.12,0.00,0.000,1030,0.000,0.030,2519,2250,3386,3412,3360,0,0,0,0,0,0,26.11,26.01,26.14,8.74,61.26
$STATE,11678,end dive,TARGET_DEPTH_EXCEEDED
$STATE,11678,begin apogee
$GC,11686,-0.42,0.0,2518,1715,3412,3360,990.3,-8.8,365,11822,0.70,0.00,132.25,1.337,10246,0.105,0.000,2751,1714,2805,2902,2708,0,0,0,0,0,0,25.42,24.23,22.89,8.74,61.34
$STATE,11823,end apogee,CONTROL_FINISHED_OK
$STATE,11823,begin climb
$GC,11826,1.09,146.6,2751,1714,2900,2706,996.5,0.0,368,11980,1.38,2.35,141.82,1.294,10756,0.064,0.043,3246,334,2205,2290,2121,0,0,0,0,0,0,24.84,24.27,22.96,8.69,59.76
$GC,12006,0.91,234.1,3246,334,2290,2121,988.2,6.0,373,12098,0.22,2.17,85.12,1.262,13318,0.129,0.024,3178,1735,1850,1984,1717,0,0,0,0,0,0,25.03,25.32,23.15,8.64,58.82
$GC,12285,0.94,259.7,3177,1735,1982,1714,964.0,8.8,380,12316,0.00,2.30,25.62,1.222,8708,0.000,0.044,3186,330,1744,1891,1597,0,0,0,0,0,0,26.24,24.91,23.58,8.61,58.86
$GC,12385,0.96,284.6,3186,329,1890,1597,956.7,8.9,382,12416,0.00,2.12,24.33,1.218,9222,0.000,0.025,3186,1723,1642,1798,1487,0,0,0,0,0,0,25.82,25.76,23.54,8.60,59.41
$GC,12608,1.06,294.8,3185,1724,1798,1486,933.8,9.5,388,12627,0.05,2.20,10.30,1.112,10500,0.140,0.037,3257,3112,1600,1758,1442,0,0,0,0,0,0,26.08,24.65,23.77,8.58,60.19
$GC,12706,1.06,294.8,3255,3112,1759,1441,924.5,10.3,390,12712,0.12,2.10,0.00,0.000,5126,0.138,0.028,3226,1727,1599,1758,1441,0,0,0,0,0,0,25.63,25.90,25.78,8.58,60.04
$GC,12931,1.06,294.8,3225,1726,1759,1442,898.8,10.3,396,12938,0.00,2.25,0.00,0.000,516,0.000,0.045,3234,314,1600,1759,1442,0,0,0,0,0,0,26.44,25.92,26.45,8.57,60.63
$GC,13021,1.06,294.8,3233,314,1759,1441,890.1,10.5,398,13025,0.00,2.10,0.00,0.000,1030,0.000,0.025,3233,1719,1599,1758,1441,0,0,0,0,0,0,26.19,26.12,26.21,8.57,60.75
$GC,13214,1.06,294.8,3233,1720,1759,1442,868.5,10.6,403,13218,0.00,2.15,0.00,0.000,260,0.000,0.039,3233,3114,1600,1758,1442,0,0,0,0,0,0,26.53,26.04,26.54,8.57,61.34
$GC,13317,1.06,294.8,3233,3114,1759,1441,859.1,10.9,405,13321,0.00,2.10,0.00,0.000,1030,0.000,0.028,3243,1718,1600,1758,1442,0,0,0,0,0,0,26.22,26.15,26.25,8.57,60.71
$GC,13540,1.06,294.8,3242,1718,1758,1441,832.2,11.0,411,13547,0.00,2.22,0.00,0.000,516,0.000,0.045,3253,310,1599,1758,1441,0,0,0,0,0,0,26.57,25.99,26.58,8.56,61.57
$GC,13656,1.06,294.8,3252,310,1758,1441,822.9,11.3,413,13663,0.00,2.10,0.00,0.000,1030,0.000,0.025,3252,1722,1600,1759,1441,0,0,0,0,0,0,26.25,26.17,26.27,8.56,61.26
$GC,13861,1.06,294.8,3252,1722,1759,1441,795.6,11.4,419,13865,0.00,2.15,0.00,0.000,260,0.000,0.039,3253,3115,1599,1758,1441,0,0,0,0,0,0,26.58,26.05,26.59,8.56,61.77
$GC,13922,1.06,294.8,3252,3115,1758,1442,790.5,11.6,420,13930,0.12,2.10,0.00,0.000,5126,0.146,0.028,3222,1708,1599,1758,1441,0,0,0,0,0,0,25.82,26.14,25.96,8.55,61.57
$GC,14144,1.06,294.8,3222,1708,1758,1442,764.1,10.9,426,14150,0.00,2.22,0.00,0.000,516,0.000,0.045,3231,329,1600,1758,1442,0,0,0,0,0,0,26.58,25.97,26.60,8.55,61.57
$GC,14274,1.06,294.8,3230,329,1759,1441,749.9,11.2,429,14278,0.00,2.08,0.00,0.000,1030,0.000,0.026,3231,1719,1600,1759,1442,0,0,0,0,0,0,26.25,26.17,26.27,8.55,61.65
$GC,14472,1.06,294.8,3231,1719,1758,1441,726.5,11.5,434,14477,0.00,2.15,0.00,0.000,260,0.000,0.039,3231,3109,1600,1758,1442,0,0,0,0,0,0,26.59,26.03,26.60,8.55,62.71
$GC,14524,1.06,294.8,3231,3109,1759,1442,721.3,11.6,435,14529,0.00,2.10,0.00,0.000,1030,0.000,0.028,3240,1720,1600,1758,1442,0,0,0,0,0,0,26.22,26.15,26.25,8.55,61.65
$GC,14718,1.06,294.8,3239,1720,1758,1442,697.7,11.7,440,14723,0.00,2.22,0.00,0.000,516,0.000,0.045,3249,319,1600,1758,1442,0,0,0,0,0,0,26.59,25.94,26.60,8.55,62.56
$GC,14842,1.06,294.8,3249,319,1758,1442,683.0,11.8,443,14847,0.00,2.10,0.00,0.000,1030,0.000,0.026,3249,1719,1599,1758,1441,0,0,0,0,0,0,26.22,26.15,26.26,8.54,61.97
$GC,15047,1.06,294.8,3249,1719,1758,1441,659.8,11.3,448,15052,0.00,2.17,0.00,0.000,260,0.000,0.039,3249,3118,1599,1758,1441,0,0,0,0,0,0,26.59,26.00,26.60,8.55,61.89
$GC,15131,1.06,294.8,3248,3118,1758,1441,650.0,11.4,450,15137,0.10,2.12,0.00,0.000,5126,0.153,0.028,3228,1717,1599,1758,1441,0,0,0,0,0,0,25.84,26.13,25.96,8.54,62.28
$GC,15336,1.06,294.8,3227,1716,1758,1441,628.8,10.3,455,15341,0.00,2.22,0.00,0.000,516,0.000,0.045,3235,316,1600,1759,1441,0,0,0,0,0,0,26.59,25.90,26.60,8.54,62.40
$GC,15428,1.06,294.8,3235,315,1758,1441,620.0,10.3,457,15432,0.00,2.10,0.00,0.000,1030,0.000,0.025,3236,1719,1600,1759,1441,0,0,0,0,0,0,26.22,26.14,26.25,8.54,62.32
$GC,15621,1.06,294.8,3235,1719,1759,1442,599.9,10.0,462,15627,0.00,2.20,0.00,0.000,260,0.000,0.039,3235,3112,1600,1759,1441,0,0,0,0,0,0,26.59,25.98,26.60,8.54,63.03
$GC,15706,1.06,294.8,3235,3112,1759,1441,590.9,10.2,464,15711,0.00,2.12,0.00,0.000,1030,0.000,0.028,3245,1705,1600,1758,1442,0,0,0,0,0,0,26.19,26.10,26.22,8.54,62.16
$GC,15910,1.06,294.8,3244,1704,1759,1442,570.2,10.2,469,15911,0.00,0.00,0.00,0.000,6,0.000,0.000,3245,1704,1600,1759,1442,0,0,0,0,0,0,26.59,26.60,26.60,8.54,62.20
$GC,16110,1.06,294.8,3245,1704,1758,1441,549.1,10.5,474,16115,0.00,2.25,0.00,0.000,516,0.000,0.046,3255,294,1599,1758,1441,0,0,0,0,0,0,26.60,25.88,26.60,8.54,62.32
$GC,16162,1.06,294.8,3254,294,1758,1442,544.3,10.7,475,16168,0.10,2.15,0.00,0.000,5126,0.145,0.025,3223,1722,1600,1758,1442,0,0,0,0,0,0,25.84,26.13,25.95,8.54,62.48
$GC,16352,1.11,294.8,3223,1722,1758,1442,523.0,10.7,480,16354,0.00,0.00,0.00,0.000,6,0.000,0.000,3223,1722,1599,1758,1441,0,0,0,0,0,0,26.59,26.60,26.60,8.54,62.91
$GC,16554,1.17,294.8,3223,1722,1759,1442,500.9,11.2,485,16561,0.08,2.25,0.00,0.000,2564,0.099,0.044,3312,316,1600,1759,1442,0,0,0,0,0,0,26.37,25.86,26.39,8.54,62.56
$GC,16598,1.17,294.8,3311,316,1758,1442,495.2,11.6,486,16603,0.15,2.12,0.00,0.000,5126,0.125,0.025,3262,1730,1599,1758,1441,0,0,0,0,0,0,25.77,26.12,25.89,8.55,62.32
$GC,16792,1.17,294.8,3261,1730,1759,1442,471.1,12.2,491,16797,0.00,2.15,0.00,0.000,260,0.000,0.040,3262,3107,1600,1758,1442,0,0,0,0,0,0,26.59,25.94,26.60,8.55,63.19
$GC,16845,1.17,294.8,3261,3107,1758,1442,465.5,12.2,492,16849,0.00,2.10,0.00,0.000,1030,0.000,0.028,3270,1720,1600,1758,1442,0,0,0,0,0,0,26.17,26.08,26.20,8.55,62.56
$GC,17038,1.17,294.8,3269,1720,1758,1441,440.8,12.2,497,17043,0.00,2.22,0.00,0.000,516,0.000,0.044,3280,316,1599,1758,1441,0,0,0,0,0,0,26.59,25.85,26.60,8.55,62.67
$GC,17076,1.17,294.8,3279,316,1758,1441,440.8,12.2,497,17083,0.00,2.10,0.00,0.000,1030,0.000,0.025,3280,1724,1600,1759,1442,0,0,0,0,0,0,26.18,26.11,26.21,8.55,62.20
$GC,17283,1.17,294.8,3279,1724,1759,1442,411.6,11.8,503,17287,0.00,2.15,0.00,0.000,260,0.000,0.041,3280,3108,1600,1759,1442,0,0,0,0,0,0,26.59,25.92,26.60,8.56,62.56
$GC,17345,1.17,294.8,3279,3108,1759,1442,406.3,11.8,504,17349,0.00,2.12,0.00,0.000,1030,0.000,0.028,3289,1710,1600,1759,1441,0,0,0,0,0,0,26.16,26.08,26.19,8.55,62.16
$GC,17569,1.17,294.8,3289,1709,1759,1441,378.3,11.4,510,17573,0.00,2.25,0.00,0.000,516,0.000,0.046,3290,292,1599,1758,1441,0,0,0,0,0,0,26.59,25.82,26.60,8.55,62.28
$GC,17615,1.17,294.8,3289,292,1758,1441,373.3,11.4,511,17619,0.00,2.15,0.00,0.000,1030,0.000,0.025,3290,1722,1599,1758,1441,0,0,0,0,0,0,26.18,26.11,26.21,8.56,62.48
$GC,17813,1.17,294.8,3289,1722,1758,1442,351.1,11.0,516,17818,0.00,2.20,0.00,0.000,260,0.000,0.040,3289,3110,1599,1758,1441,0,0,0,0,0,0,26.59,25.92,26.60,8.56,62.64
$GC,17905,1.17,294.8,3289,3110,1759,1442,341.5,11.3,518,17910,0.00,2.15,0.00,0.000,1030,0.000,0.028,3290,1708,1600,1759,1442,0,0,0,0,0,0,26.10,26.06,26.12,8.56,62.12
$GC,18099,1.17,294.8,3289,1708,1758,1442,318.0,11.6,523,18103,0.00,2.20,0.00,0.000,260,0.000,0.039,3290,3116,1599,1758,1441,0,0,0,0,0,0,26.58,25.91,26.60,8.56,61.77
$GC,18130,1.17,294.8,3289,3117,1758,1441,318.0,11.6,523,18135,0.00,2.10,0.00,0.000,1030,0.000,0.028,3290,1723,1600,1759,1442,0,0,0,0,0,0,26.14,26.05,26.17,8.56,62.01
$GC,18346,1.17,294.8,3289,1723,1758,1441,289.7,11.4,529,18353,0.00,2.22,0.00,0.000,516,0.000,0.044,3290,322,1599,1758,1441,0,0,0,0,0,0,26.59,25.82,26.60,8.56,62.08
$GC,18380,1.17,294.8,3289,322,1758,1441,289.7,11.4,529,18388,0.00,2.08,0.00,0.000,1030,0.000,0.024,3290,1721,1600,1759,1442,0,0,0,0,0,0,26.17,26.11,26.20,8.56,61.85
$GC,18588,1.17,294.8,3289,1721,1758,1441,262.9,10.9,535,18593,0.00,2.15,0.00,0.000,260,0.000,0.039,3290,3106,1600,1759,1441,0,0,0,0,0,0,26.59,25.91,26.60,8.57,61.93
$GC,18610,1.17,294.8,3289,3106,1758,1441,262.9,10.9,535,18615,0.00,2.10,0.00,0.000,1030,0.000,0.028,3290,1707,1599,1758,1441,0,0,0,0,0,0,26.13,26.05,26.17,8.57,62.32
$GC,18836,1.17,294.8,3289,1706,1758,1442,235.2,11.2,541,18840,0.00,2.17,0.00,0.000,260,0.000,0.039,3290,3104,1600,1758,1442,0,0,0,0,0,0,26.59,25.90,26.60,8.57,61.69
$GC,18882,1.17,294.8,3290,3104,1760,1442,230.0,11.3,542,18886,0.00,2.08,0.00,0.000,1030,0.000,0.028,3289,1723,1600,1758,1442,0,0,0,0,0,0,26.13,26.04,26.15,8.57,61.57
$GC,19081,1.17,294.8,3289,1722,1758,1442,208.0,10.9,547,19087,0.00,2.22,0.00,0.000,516,0.000,0.044,3290,317,1600,1759,1442,0,0,0,0,0,0,26.59,25.81,26.60,8.58,61.34
$GC,19134,1.17,294.8,3290,317,1759,1442,203.7,10.8,548,19139,0.00,2.10,0.00,0.000,1030,0.000,0.024,3290,1721,1600,1758,1442,0,0,0,0,0,0,26.17,26.10,26.20,8.58,61.30
$GC,19324,1.17,294.8,3289,1721,1758,1442,183.0,10.2,557,19328,0.00,2.17,0.00,0.000,260,0.000,0.039,3290,3101,1600,1759,1441,0,0,0,0,0,0,26.59,25.89,26.60,8.58,61.69
$GC,19432,1.11,294.8,3289,3101,1758,1441,171.3,11.1,562,19437,0.15,2.08,0.00,0.000,5126,0.142,0.028,3243,1711,1600,1759,1442,0,0,0,0,0,0,25.64,26.04,25.77,8.58,61.06
$GC,19627,1.12,303.1,3242,1710,1758,1442,152.3,9.6,572,19646,0.00,2.22,9.40,0.737,8452,0.000,0.038,3243,3106,1564,1723,1406,0,0,0,0,0,0,26.59,25.13,23.91,8.58,60.86
$GC,19693,1.12,303.1,3242,3105,1724,1407,145.5,10.2,575,19698,0.00,2.12,0.00,0.000,1030,0.000,0.027,3250,1730,1565,1724,1407,0,0,0,0,0,0,26.07,25.97,26.10,8.59,60.43
$GC,19893,1.12,303.1,3250,1730,1724,1407,123.5,11.0,585,19899,0.00,2.25,0.00,0.000,516,0.000,0.043,3261,310,1566,1724,1408,0,0,0,0,0,0,26.52,25.76,26.53,8.59,60.67
$GC,19927,1.12,303.1,3260,310,1724,1408,121.1,10.9,586,19934,0.00,2.10,0.00,0.000,1030,0.000,0.024,3261,1719,1566,1724,1408,0,0,0,0,0,0,26.12,26.05,26.14,8.59,60.55
$GC,20113,1.13,315.2,3261,1719,1724,1408,100.9,9.4,596,20132,0.00,2.17,12.23,0.735,8452,0.000,0.037,3261,3106,1516,1679,1353,0,0,0,0,0,0,26.55,24.60,23.93,8.60,61.41
$GC,20165,1.16,340.8,3260,3106,1679,1353,97.0,8.8,598,20196,0.00,2.12,23.08,0.762,9222,0.000,0.026,3270,1706,1412,1583,1242,0,0,0,0,0,0,26.03,25.96,23.74,8.59,61.02
$GC,20377,1.18,361.9,3271,1707,1583,1242,77.6,9.0,609,20403,0.00,2.25,18.77,0.732,8708,0.000,0.043,3281,312,1326,1501,1152,0,0,0,0,0,0,26.32,24.98,23.89,8.60,60.86
$GC,20426,1.21,389.2,3280,312,1501,1153,74.3,8.7,611,20458,0.00,2.15,25.02,0.734,9222,0.000,0.024,3281,1728,1216,1392,1040,0,0,0,0,0,0,25.81,25.75,23.76,8.60,60.98
$GC,20638,1.30,479.0,3280,1728,1392,1042,59.4,5.9,622,20743,0.00,2.22,92.03,0.721,8452,0.000,0.037,3280,3107,848,938,759,0,0,0,0,1,0,26.27,24.27,23.71,8.63,61.65
$GC,20843,1.40,492.4,3280,3107,938,760,41.7,9.4,636,20864,0.08,2.10,13.93,0.653,11270,0.096,0.027,3358,1708,794,876,712,0,0,0,0,0,0,25.65,25.70,23.99,8.66,61.49
$GC,21053,1.40,492.4,3357,1708,874,712,20.2,10.4,657,21057,0.00,2.17,0.00,0.000,260,0.000,0.037,3358,3104,793,874,712,0,0,0,0,0,0,26.31,25.79,26.32,8.72,61.69
$GC,21118,1.40,492.4,3358,3105,874,712,13.7,10.5,663,21126,0.10,2.08,0.00,0.000,5126,0.139,0.026,3335,1726,793,874,712,0,0,0,0,0,0,25.71,25.95,25.82,8.73,60.59
$STATE,21214,end climb,SURFACE_DEPTH_REACHED
$STATE,21214,begin surface coast
$FINISH,0.8,1.022465
$STATE,21234,end surface coast,CONTROL_FINISHED_OK
$STATE,21235,begin surface
$SM_CCo,21256,45.60,0.054,0,0,495,565.66
$SM_GC,-0.22,8.35,0.75,45.60,0.044,0.033,0.054,170,2234,495,-8.30,-1.92,565.66,0,0,0,0,0,0,26.13,26.04,25.74
$IRIDIUM_FIX,746.07,-14034.52,160325,050849
$TT8_MAMPS,0.026964,0.372253
$HUMID,56.81
$INTERNAL_PRESSURE,8.70279
$TCM_TEMP,19.10
$XPDR_PINGS,0
$ALTIM_TOP_PING,19.0,18.9
$24V_AH,22.89,75.634
$10V_AH,9.48,51.022
$FG_AHR_24Vo,0.000
$FG_AHR_10Vo,0.000
$DEVICES,Pitch_motor,Roll_motor,VBD_pump_during_apogee,VBD_pump_during_surface,VBD_valve,Iridium_during_init,Iridium_during_connect,Iridium_during_xfer,Transponder_ping,GUMSTIX_24V,GPS,TT8,LPSleep,TT8_Active,TT8_Sampling,TT8_CF8,TT8_Kalman,Analog_circuits,GPS_charging,Compass,RAFOS,Transponder,Compass2
$DEVICE_SECS,22.250,295.925,613.900,45.600,0.000,0.000,0.000,319.000,0.250,0.000,26.774,3152.732,13838.257,817.640,3514.755,503.296,0.000,2940.239,0.000,3011.224,0.000,2.762,0.000
$DEVICE_MAMPS,199.665,60.435,1337.220,54.315,0.000,0.000,0.000,90.270,420.000,0.000,30.710,15.210,2.190,15.210,43.670,53.410,0.000,14.000,0.000,8.240,0.000,30.000,0.000
$SENSORS,SBE_CT,WL_blue_red_Chl,AA4330,nil,nil,nil,nil,nil,nil,nil
$SENSOR_SECS,587.768,0.000,902.987,0.000,0.000,0.000,0.000,0.000,0.000,0.000
$SENSOR_MAMPS,22.470,0.000,11.230,0.000,0.000,0.000,0.000,0.000,0.000,0.000
$MEM,311948
$DATA_FILE_SIZE,52409,675
$CAP_FILE_SIZE,253253,0
$CFSIZE,2097872896,2031878144
$ERRORS,0,0,0,0,0,0,0,0,0,0,0,0,0,1,1,0
$CURRENT,0.127,21.99,1
$GPS,310705,172733,745.371,-14034.998,37,1.0,64,9.3,1.0,134.3,9,4.9
