version: 66.14
glider: 195
mission: 21
dive: 425
start: 7 26 105 8 51 7
data:
$ID,195
$MISSION,21
$DIVE,425
$N_DIVES,0
$STOP_T,0
$D_SURF,3
$D_FLARE,2
$D_TGT,990
$D_ABORT,1090
$D_NO_BLEED,50
$D_BOOST,3
$T_BOOST,0
$D_FINISH,0
$D_PITCH,0
$D_SAFE,0
$D_CALL,0
$SURFACE_URGENCY,0
$SURFACE_URGENCY_TRY,0
$SURFACE_URGENCY_FORCE,0
$T_DIVE,330
$T_MISSION,600
$T_ABORT,1440
$T_TURN,300
$T_TURN_SAMPINT,5
$T_NO_W,120
$T_LOITER,0
$T_SLOITER,60
$T_EPIRB,0
$USE_BATHY,0
$USE_ICE,0
$ICE_FREEZE_MARGIN,0.30000001
$D_OFFGRID,990
$T_WATCHDOG,10
$RELAUNCH,1
$APOGEE_PITCH,-8
$MAX_BUOY,150
$COURSE_BIAS,0
$GLIDE_SLOPE,30
$SPEED_FACTOR,1
$RHO,1.023
$MASS,54002
$MASS_COMP,0
$NAV_MODE,2
$FERRY_MAX,45
$KALMAN_USE,2
$HD_A,0.0038000001
$HD_B,0.0099999998
$HD_C,9.8500004e-06
$HEADING,-1
$ESCAPE_HEADING,0
$ESCAPE_HEADING_DELTA,10
$FIX_MISSING_TIMEOUT,0
$TGT_DEFAULT_LAT,4736
$TGT_DEFAULT_LON,-12225
$TGT_AUTO_DEFAULT,0
$SM_CC,565.6618
$N_FILEKB,4
$FILEMGR,0
$CALL_NDIVES,1
$COMM_SEQ,0
$PROTOCOL,9
$N_NOCOMM,1
$NOCOMM_ACTION,0
$N_NOSURFACE,0
$UPLOAD_DIVES_MAX,-1
$CALL_TRIES,5
$CALL_WAIT,60
$CAPUPLOAD,0
$CAPMAXSIZE,200000
$HEAPDBG,0
$T_GPS,15
$N_GPS,50840
$T_RSLEEP,2
$STROBE,0
$RAFOS_PEAK_OFFSET,1.5
$RAFOS_CORR_THRESH,60
$RAFOS_HIT_WINDOW,3600
$RAFOS_MMODEM,0
$PITCH_MIN,207
$PITCH_MAX,3915
$C_PITCH,2884
$PITCH_DBAND,0.1
$PITCH_CNV,0.003125763
$P_OVSHOOT,0.039999999
$P_OVSHOOT_WITHG,0.079999998
$PITCH_GAIN,19.15
$PITCH_TIMEOUT,17
$PITCH_AD_RATE,160
$PITCH_MAXERRORS,1
$PITCH_ADJ_GAIN,0.02
$PITCH_ADJ_DBAND,2.5
$ROLL_MIN,224
$ROLL_MAX,3758
$ROLL_DEG,40
$C_ROLL_DIVE,2243
$C_ROLL_CLIMB,1718
$HEAD_ERRBAND,10
$ROLL_CNV,0.028270001
$ROLL_TIMEOUT,15
$R_PORT_OVSHOOT,39
$R_STBD_OVSHOOT,39
$ROLL_AD_RATE,350
$ROLL_MAXERRORS,2
$ROLL_ADJ_GAIN,0
$ROLL_ADJ_DBAND,0
$VBD_MIN,500
$VBD_MAX,3960
$C_VBD,2806
$VBD_DBAND,2
$VBD_CNV,-0.24529999
$VBD_LP_IGNORE,0
$VBD_TIMEOUT,720
$PITCH_VBD_SHIFT,0.001
$VBD_PUMP_AD_RATE_SURFACE,5
$VBD_PUMP_AD_RATE_APOGEE,4
$VBD_BLEED_AD_RATE,8
$UNCOM_BLEED,60
$VBD_MAXERRORS,1
$W_ADJ_DBAND,0
$DBDW,0
$PITCH_W_GAIN,0
$PITCH_W_DBAND,0
$CF8_MAXERRORS,5
$AH0_24V,150
$AH0_10V,97
$MINV_24V,19
$MINV_10V,8
$MAXI_24V,0.80000001
$MAXI_10V,0.60000002
$FG_AHR_10V,0
$FG_AHR_24V,0
$PHONE_SUPPLY,-2
$PRESSURE_YINT,-49.397121
$PRESSURE_SLOPE,0.0001168043
$AD7714Ch0Gain,128
$TCM_PITCH_OFFSET,0
$TCM_ROLL_OFFSET,0
$COMPASS_USE,4
$ALTIM_BOTTOM_PING_RANGE,0
$ALTIM_TOP_PING_RANGE,20
$ALTIM_BOTTOM_TURN_MARGIN,0
$ALTIM_TOP_TURN_MARGIN,0
$ALTIM_TOP_MIN_OBSTACLE,1
$ALTIM_PING_DEPTH,0
$ALTIM_PING_DELTA,0
$ALTIM_FREQUENCY,13
$ALTIM_PULSE,3
$ALTIM_SENSITIVITY,3
$XPDR_VALID,5
$XPDR_INHIBIT,90
$INT_PRESSURE_SLOPE,0.0097660003
$INT_PRESSURE_YINT,-0.77999997
$DEEPGLIDER,0
$MOTHERBOARD,4
$DEVICE1,2
$DEVICE2,115
$DEVICE3,101
$DEVICE4,-1
$DEVICE5,-1
$DEVICE6,-1
$LOGGERS,0
$LOGGERDEVICE1,-1
$LOGGERDEVICE2,-1
$LOGGERDEVICE3,-1
$LOGGERDEVICE4,-1
$COMPASS_DEVICE,33
$COMPASS2_DEVICE,-1
$PHONE_DEVICE,49
$GPS_DEVICE,32
$RAFOS_DEVICE,-1
$XPDR_DEVICE,24
$SIM_W,0
$SIM_PITCH,0
$SEABIRD_T_G,0.0044178674
$SEABIRD_T_H,0.00064818078
$SEABIRD_T_I,2.6779007e-05
$SEABIRD_T_J,3.3667231e-06
$SEABIRD_C_G,-10.098215
$SEABIRD_C_H,1.1454017
$SEABIRD_C_I,-0.0021276253
$SEABIRD_C_J,0.00025532115
$SEABIRD_C_Z,2974.52
$GPS1,260705,084117,729.0493,-14025.7920,44,1.0,95,9.3,0.3,328.8,8,4.9
$_CALLS,2
$_XMS_NAKs,0
$_XMS_TOUTs,0
$_SM_DEPTHo,-0.03
$_SM_ANGLEo,-55.1
$GPS2,260705,085025,729.0812,-14025.8145,7,0.9,38,9.3,1.0,305.3,9,4.9
$SPEED_LIMITS,0.173,0.262
$TGT_NAME,TX1
$TGT_LATLONG,815.000,-14400.000
$TGT_RADIUS,10000.000
$KALMAN_CONTROL,0.000000,0.000000
$KALMAN_X,0.000000,0.000000,0.000000,0.000000,0.000000
$KALMAN_Y,0.000000,0.000000,0.000000,0.000000,0.000000
$MHEAD_RNG_PITCHd_Wd,232.8,401672,-18.1,-10.000,-20.93,2235
$D_GRID,990
$GCHEAD,st_secs,pitch_ctl,vbd_ctl,pitch_ad_start,roll_ad_start,vbd_pot1_ad_start,vbd_pot2_ad_start,depth,ob_vertv,data_pts,end_secs,pitch_secs,roll_secs,vbd_secs,vbd_i,gcphase,pitch_i,roll_i,pitch_ad,roll_ad,vbd_ad,vbd_pot1_ad,vbd_pot2_ad,pitch_retries,pitch_errors,roll_retries,roll_errors,vbd_retries,vbd_errors,pitch_volts,roll_volts,vbd_volts,int_press,humidity
$STATE,6,end surface,CONTROL_FINISHED_OK
$STATE,6,begin dive
$GC,74,-1.09,-146.6,133,2224,536,456,-0.0,0.2,6,163,0.00,0.00,-86.65,0.000,16386,0.000,0.000,128,2224,2825,2836,2815,0,0,0,0,0,0,26.39,28.83,26.40,8.80,52.08
$GC,167,-1.09,-146.6,128,2224,2837,2815,3.1,-5.9,15,196,9.30,2.15,-11.57,0.000,19204,0.203,0.051,2520,842,3405,3422,3389,0,0,0,0,0,0,24.90,25.40,25.08,9.03,51.41
$GC,301,-0.97,-146.6,2519,841,3427,3389,30.8,-17.0,28,307,0.20,2.12,0.00,0.000,3078,0.139,0.033,2571,2240,3408,3428,3389,0,0,0,0,0,0,25.53,25.94,25.72,9.10,51.45
$GC,506,-0.97,-146.6,2571,2240,3428,3389,57.9,-12.6,45,511,0.00,2.17,0.00,0.000,516,0.000,0.037,2571,841,3408,3428,3389,0,0,0,0,0,0,26.54,25.98,26.55,9.12,52.08
$GC,613,-0.91,-146.6,2571,841,3430,3389,68.7,-10.3,50,618,0.00,2.12,0.00,0.000,1030,0.000,0.033,2565,2252,3409,3429,3389,0,0,0,0,0,0,26.13,26.03,26.16,9.13,52.28
$GC,807,-0.91,-146.6,2564,2253,3431,3388,87.5,-9.1,60,813,0.00,2.17,0.00,0.000,260,0.000,0.045,2554,3658,3410,3431,3389,0,0,0,0,0,0,26.58,25.98,26.59,9.12,51.45
$GC,930,-0.86,-146.6,2554,3658,3431,3389,99.1,-9.3,66,937,0.17,2.08,0.00,0.000,3078,0.128,0.019,2609,2194,3410,3431,3389,0,0,0,0,0,0,25.79,26.24,25.93,9.12,51.37
$GC,1132,-0.86,-146.6,2608,2194,3433,3389,110.6,-4.3,76,1137,0.00,2.00,0.00,0.000,516,0.000,0.028,2609,869,3411,3433,3389,0,0,0,0,0,0,26.60,26.13,26.60,9.10,51.41
$GC,1176,-0.86,-146.6,2609,869,3433,3389,112.6,-4.5,78,1180,0.00,2.08,0.00,0.000,1030,0.000,0.025,2603,2255,3411,3433,3389,0,0,0,0,0,0,26.19,26.15,26.22,9.10,51.89
$GC,1380,-0.86,-146.6,2603,2254,3435,3389,123.8,-6.1,88,1385,0.00,2.15,0.00,0.000,260,0.000,0.043,2593,3650,3411,3434,3389,0,0,0,0,0,0,26.60,26.01,26.61,9.07,51.41
$GC,1545,-0.86,-146.6,2592,3650,3435,3389,136.0,-7.6,96,1550,0.00,2.00,0.00,0.000,1030,0.000,0.019,2593,2246,3412,3435,3389,0,0,0,0,0,0,26.31,26.26,26.33,9.06,50.98
$GC,1750,-0.86,-146.6,2592,2245,3436,3389,152.1,-7.8,106,1754,0.00,2.05,0.00,0.000,516,0.000,0.028,2592,857,3412,3436,3389,0,0,0,0,0,0,26.61,26.14,26.62,9.03,51.77
$GC,1944,-0.86,-146.6,2592,857,3436,3389,166.2,-7.3,115,1949,0.00,2.08,0.00,0.000,1030,0.000,0.026,2583,2241,3412,3436,3389,0,0,0,0,0,0,26.19,26.17,26.22,9.02,51.77
$GC,2140,-0.86,-146.6,2582,2241,3436,3389,180.3,-7.1,125,2144,0.00,2.05,0.00,0.000,516,0.000,0.028,2583,857,3412,3436,3389,0,0,0,0,0,0,26.61,26.14,26.63,9.01,52.91
$GC,2244,-0.86,-146.6,2583,857,3436,3389,188.6,-7.9,130,2251,0.10,2.05,0.00,0.000,3078,0.142,0.026,2605,2252,3412,3436,3389,0,0,0,0,0,0,25.92,26.16,26.03,9.00,52.79
$GC,2446,-0.93,-146.6,2604,2252,3436,3389,203.6,-7.4,139,2450,0.00,2.05,0.00,0.000,516,0.000,0.028,2605,866,3412,3436,3389,0,0,0,0,0,0,26.62,26.14,26.63,8.99,53.30
$GC,2565,-0.99,-146.6,2605,866,3436,3389,210.1,-7.6,141,2572,0.00,2.05,0.00,0.000,1030,0.000,0.026,2599,2247,3412,3436,3389,0,0,0,0,0,0,26.24,26.17,26.27,8.98,53.78
$GC,2770,-1.06,-146.6,2599,2248,3436,3389,228.3,-7.6,147,2775,0.10,2.10,0.00,0.000,4612,0.076,0.029,2510,834,3411,3435,3388,0,0,0,0,0,0,26.39,26.13,26.41,8.97,53.70
$GC,2857,-1.06,-146.6,2510,835,3436,3389,236.3,-8.4,149,2863,0.15,2.08,0.00,0.000,3078,0.140,0.026,2546,2241,3412,3436,3388,0,0,0,0,0,0,25.79,26.15,25.94,8.96,54.52
$GC,3057,-1.06,-146.6,2545,2241,3435,3387,254.6,-9.1,154,3061,0.00,2.05,0.00,0.000,516,0.000,0.029,2546,861,3412,3435,3389,0,0,0,0,0,0,26.61,26.14,26.63,8.95,54.76
$GC,3174,-1.06,-146.6,2546,862,3435,3388,262.4,-9.2,156,3182,0.00,2.05,0.00,0.000,1030,0.000,0.027,2540,2253,3411,3434,3388,0,0,0,0,0,0,26.23,26.15,26.26,8.94,54.88
$GC,3381,-1.06,-146.6,2539,2253,3435,3386,284.9,-9.4,162,3386,0.00,2.08,0.00,0.000,516,0.000,0.029,2540,865,3410,3435,3386,0,0,0,0,0,0,26.62,26.13,26.63,8.93,55.27
$GC,3508,-1.06,-146.6,2539,864,3434,3386,297.0,-9.6,165,3512,0.00,2.03,0.00,0.000,1030,0.000,0.026,2531,2244,3410,3434,3386,0,0,0,0,0,0,26.24,26.15,26.27,8.93,55.86
$GC,3712,-1.06,-146.6,2530,2244,3435,3384,315.8,-9.1,170,3717,0.00,2.08,0.00,0.000,516,0.000,0.029,2530,857,3409,3435,3384,0,0,0,0,0,0,26.62,26.13,26.63,8.92,56.10
$GC,3824,-1.06,-146.6,2530,857,3434,3385,323.7,-9.1,172,3828,0.00,2.05,0.00,0.000,1030,0.000,0.027,2522,2246,3409,3434,3384,0,0,0,0,0,0,26.23,26.16,26.27,8.92,55.94
$GC,4038,-1.06,-146.6,2521,2246,3433,3383,345.1,-8.7,178,4042,0.00,2.08,0.00,0.000,516,0.000,0.029,2522,857,3408,3433,3383,0,0,0,0,0,0,26.62,26.13,26.63,8.90,55.86
$GC,4168,-1.06,-146.6,2521,857,3433,3383,356.5,-8.9,181,4175,0.10,2.05,0.00,0.000,3078,0.151,0.027,2542,2245,3407,3432,3382,0,0,0,0,0,0,25.87,26.15,26.00,8.91,56.41
$GC,4366,-1.06,-146.6,2542,2244,3432,3382,372.5,-7.8,186,4370,0.00,2.05,0.00,0.000,516,0.000,0.029,2542,867,3406,3432,3381,0,0,0,0,0,0,26.62,26.13,26.63,8.90,56.22
$GC,4468,-1.06,-146.6,2541,867,3432,3381,379.2,-7.9,188,4472,0.00,2.05,0.00,0.000,1030,0.000,0.027,2537,2251,3406,3432,3381,0,0,0,0,0,0,26.22,26.14,26.25,8.89,56.10
$GC,4694,-1.06,-146.6,2536,2251,3431,3380,398.5,-7.9,194,4698,0.00,2.08,0.00,0.000,516,0.000,0.030,2537,866,3405,3431,3380,0,0,0,0,0,0,26.62,26.12,26.63,8.89,56.81
$GC,4837,-1.06,-146.6,2536,866,3430,3380,409.0,-8.2,197,4842,0.00,2.05,0.00,0.000,1030,0.000,0.027,2528,2249,3405,3430,3380,0,0,0,0,0,0,26.23,26.14,26.25,8.88,56.89
$GC,5063,-1.06,-146.6,2527,2250,3430,3378,429.3,-8.4,203,5067,0.00,2.08,0.00,0.000,516,0.000,0.030,2527,866,3404,3430,3378,0,0,0,0,0,0,26.62,26.11,26.63,8.87,57.71
$GC,5199,-1.06,-146.6,2527,866,3429,3378,440.4,-8.7,206,5203,0.00,2.05,0.00,0.000,1030,0.000,0.027,2518,2246,3404,3430,3378,0,0,0,0,0,0,26.22,26.14,26.25,8.88,57.20
$GC,5394,-1.06,-146.6,2518,2246,3428,3377,458.3,-8.7,211,5398,0.00,2.08,0.00,0.000,516,0.000,0.030,2518,867,3403,3429,3377,0,0,0,0,0,0,26.62,26.11,26.63,8.87,57.75
$GC,5495,-1.06,-146.6,2518,867,3428,3377,466.1,-8.8,213,5503,0.10,2.05,0.00,0.000,3078,0.154,0.028,2540,2245,3401,3427,3376,0,0,0,0,0,0,25.86,26.13,25.98,8.86,57.52
$GC,5718,-1.06,-146.6,2540,2245,3427,3376,486.8,-8.3,219,5723,0.00,2.08,0.00,0.000,516,0.000,0.030,2540,868,3401,3427,3376,0,0,0,0,0,0,26.62,26.10,26.63,8.86,57.95
$GC,5854,-1.06,-146.6,2540,868,3426,3376,497.6,-8.8,222,5858,0.00,2.05,0.00,0.000,1030,0.000,0.028,2533,2246,3401,3426,3376,0,0,0,0,0,0,26.22,26.14,26.25,8.86,57.48
$GC,6049,-1.06,-146.6,2533,2246,3425,3375,515.1,-8.3,227,6054,0.00,2.08,0.00,0.000,516,0.000,0.030,2534,866,3400,3425,3375,0,0,0,0,0,0,26.62,26.10,26.63,8.85,58.26
$GC,6176,-1.06,-146.6,2533,866,3425,3375,525.9,-8.6,230,6181,0.00,2.08,0.00,0.000,1030,0.000,0.028,2525,2238,3399,3424,3375,0,0,0,0,0,0,26.17,26.14,26.20,8.85,57.75
$GC,6380,-1.06,-146.6,2525,2238,3424,3373,542.7,-8.1,235,6386,0.00,2.10,0.00,0.000,516,0.000,0.031,2525,869,3398,3423,3373,0,0,0,0,0,0,26.62,26.10,26.63,8.84,58.58
$GC,6483,-1.06,-146.6,2525,869,3423,3373,549.7,-8.2,237,6488,0.00,2.05,0.00,0.000,1030,0.000,0.028,2516,2246,3398,3423,3373,0,0,0,0,0,0,26.21,26.13,26.25,8.84,57.95
$GC,6708,-1.06,-146.6,2516,2246,3422,3372,569.3,-8.1,243,6713,0.00,2.12,0.00,0.000,516,0.000,0.031,2516,860,3397,3422,3372,0,0,0,0,0,0,26.62,26.08,26.63,8.83,57.83
$GC,6874,-1.06,-146.6,2516,860,3422,3372,583.7,-8.7,247,6881,0.12,2.08,0.00,0.000,3078,0.142,0.028,2545,2250,3396,3421,3372,0,0,0,0,0,0,25.80,26.13,25.94,8.83,58.15
$GC,7076,-1.06,-146.6,2544,2249,3421,3370,599.5,-7.8,252,7080,0.00,2.10,0.00,0.000,516,0.000,0.031,2545,865,3396,3421,3371,0,0,0,0,0,0,26.62,26.08,26.63,8.82,58.78
$GC,7216,-1.06,-146.6,2544,864,3421,3371,610.2,-8.4,255,7221,0.00,2.05,0.00,0.000,1030,0.000,0.028,2539,2241,3395,3421,3370,0,0,0,0,0,0,26.20,26.12,26.23,8.82,58.15
$GC,7407,-1.06,-146.6,2538,2241,3421,3369,627.4,-8.5,260,7411,0.00,2.10,0.00,0.000,516,0.000,0.031,2539,858,3394,3420,3369,0,0,0,0,0,0,26.62,26.07,26.63,8.82,58.54
$GC,7515,-1.06,-146.6,2538,859,3420,3369,635.3,-8.8,262,7519,0.00,2.08,0.00,0.000,1030,0.000,0.028,2530,2248,3394,3420,3369,0,0,0,0,0,0,26.20,26.12,26.23,8.81,58.54
$GC,7735,-1.06,-146.6,2529,2248,3420,3367,656.9,-9.0,268,7739,0.00,2.10,0.00,0.000,516,0.000,0.031,2530,861,3394,3420,3368,0,0,0,0,0,0,26.62,26.07,26.63,8.81,58.89
$GC,7871,-1.06,-146.6,2529,861,3420,3368,669.1,-9.5,271,7876,0.00,2.08,0.00,0.000,1030,0.000,0.028,2521,2251,3393,3419,3368,0,0,0,0,0,0,26.20,26.10,26.22,8.81,58.93
$GC,8067,-1.06,-146.6,2521,2250,3419,3368,688.6,-9.4,276,8071,0.00,2.10,0.00,0.000,516,0.000,0.031,2521,868,3393,3419,3367,0,0,0,0,0,0,26.62,26.06,26.63,8.80,59.17
$GC,8195,-1.06,-146.6,2521,868,3419,3367,701.2,-9.8,279,8200,0.08,2.10,0.00,0.000,3078,0.142,0.029,2548,2248,3392,3418,3367,0,0,0,0,0,0,25.74,26.10,25.89,8.80,58.89
$GC,8394,-1.06,-146.6,2548,2247,3418,3366,719.4,-8.9,284,8398,0.00,2.10,0.00,0.000,516,0.000,0.031,2549,866,3392,3418,3366,0,0,0,0,0,0,26.62,26.06,26.63,8.79,58.82
$GC,8520,-1.06,-146.6,2548,866,3417,3366,730.6,-9.0,287,8524,0.00,2.08,0.00,0.000,1030,0.000,0.028,2542,2252,3392,3418,3366,0,0,0,0,0,0,26.18,26.09,26.21,8.79,58.86
$GC,8724,-1.06,-146.6,2541,2252,3417,3365,747.7,-8.2,292,8728,0.00,2.10,0.00,0.000,516,0.000,0.031,2542,870,3391,3417,3365,0,0,0,0,0,0,26.62,26.05,26.63,8.79,59.25
$GC,8867,-1.06,-146.6,2541,870,3417,3365,757.9,-8.2,295,8871,0.00,2.05,0.00,0.000,1030,0.000,0.028,2534,2242,3391,3417,3365,0,0,0,0,0,0,26.18,26.09,26.21,8.79,59.37
$GC,9091,-1.06,-146.6,2533,2243,3416,3364,776.5,-7.4,301,9095,0.00,2.10,0.00,0.000,516,0.000,0.032,2534,862,3390,3416,3364,0,0,0,0,0,0,26.62,26.04,26.63,8.78,59.45
$GC,9227,-1.06,-146.6,2533,862,3416,3364,785.9,-7.5,304,9231,0.00,2.08,0.00,0.000,1030,0.000,0.029,2525,2244,3390,3416,3364,0,0,0,0,0,0,26.17,26.08,26.20,8.78,59.13
$GC,9422,-1.06,-146.6,2525,2244,3415,3363,801.0,-7.3,309,9426,0.00,2.10,0.00,0.000,516,0.000,0.032,2525,867,3389,3415,3363,0,0,0,0,0,0,26.62,26.03,26.63,8.77,60.04
$GC,9547,-1.06,-146.6,2524,867,3415,3363,810.9,-7.7,312,9552,0.00,2.10,0.00,0.000,1030,0.000,0.029,2516,2240,3389,3415,3363,0,0,0,0,0,0,26.11,26.08,26.15,8.77,59.21
$GC,9752,-1.06,-146.6,2516,2240,3413,3362,826.9,-7.7,317,9756,0.00,2.12,0.00,0.000,516,0.000,0.032,2516,867,3388,3414,3362,0,0,0,0,0,0,26.62,26.03,26.63,8.77,59.92
$GC,9878,-1.06,-146.6,2516,867,3414,3362,837.4,-8.3,320,9885,0.12,2.08,0.00,0.000,3078,0.144,0.029,2545,2252,3387,3413,3362,0,0,0,0,0,0,25.75,26.07,25.87,8.77,59.64
$GC,10080,-1.06,-146.6,2545,2252,3414,3361,853.0,-7.6,325,10084,0.00,2.10,0.00,0.000,516,0.000,0.032,2545,870,3387,3414,3361,0,0,0,0,0,0,26.62,26.02,26.63,8.76,59.84
$GC,10206,-1.06,-146.6,2545,870,3414,3361,863.0,-8.0,328,10210,0.00,2.08,0.00,0.000,1030,0.000,0.029,2539,2249,3387,3414,3361,0,0,0,0,0,0,26.15,26.06,26.18,8.76,59.96
$GC,10409,-1.06,-146.6,2539,2249,3413,3360,879.2,-7.7,333,10413,0.00,2.10,0.00,0.000,516,0.000,0.032,2539,868,3386,3412,3361,0,0,0,0,0,0,26.62,26.01,26.63,8.75,60.12
$GC,10548,-1.06,-146.6,2538,868,3413,3360,889.3,-8.1,336,10552,0.00,2.08,0.00,0.000,1030,0.000,0.029,2530,2245,3386,3413,3360,0,0,0,0,0,0,26.15,26.06,26.18,8.76,59.84
$GC,10738,-1.06,-146.6,2530,2245,3412,3360,904.8,-7.6,341,10743,0.00,2.10,0.00,0.000,516,0.000,0.033,2530,865,3386,3412,3360,0,0,0,0,0,0,26.62,26.01,26.63,8.76,60.94
$GC,10857,-1.06,-146.6,2530,865,3412,3360,911.6,-7.6,343,10864,0.00,2.08,0.00,0.000,1030,0.000,0.030,2522,2251,3385,3412,3359,0,0,0,0,0,0,26.15,26.06,26.17,8.75,59.84
$GC,11064,-1.06,-146.6,2521,2251,3411,3359,929.6,-7.4,349,11069,0.00,2.12,0.00,0.000,516,0.000,0.033,2522,859,3385,3412,3359,0,0,0,0,0,0,26.62,25.99,26.63,8.74,60.19
$GC,11200,-1.06,-146.6,2522,859,3412,3359,939.5,-7.7,352,11207,0.10,2.10,0.00,0.000,3078,0.151,0.030,2542,2249,3385,3411,3359,0,0,0,0,0,0,25.77,26.04,25.89,8.74,59.84
$GC,11393,-1.06,-146.6,2541,2249,3411,3358,954.2,-7.1,357,11399,0.00,2.10,0.00,0.000,516,0.000,0.033,2542,871,3384,3411,3358,0,0,0,0,0,0,26.62,25.99,26.63,8.74,60.86
$GC,11502,-1.06,-146.6,2542,871,3411,3358,960.9,-7.4,359,11506,0.00,2.08,0.00,0.000,1030,0.000,0.030,2536,2253,3384,3411,3358,0,0,0,0,0,0,26.13,26.03,26.16,8.74,60.35
$GC,11721,-1.06,-146.6,2536,2253,3410,3357,979.4,-7.6,365,11726,0.00,2.12,0.00,0.000,516,0.000,0.033,2536,867,3383,3410,3357,0,0,0,0,0,0,26.62,25.98,26.63,8.74,61.14
$GC,11861,-1.06,-146.6,2536,867,3410,3358,989.7,-8.0,368,11866,0.00,2.08,0.00,0.000,1030,0.000,0.030,2527,2248,3383,3410,3357,0,0,0,0,0,0,26.13,26.03,26.15,8.73,60.47
$STATE,11887,end dive,TARGET_DEPTH_EXCEEDED
$STATE,11888,begin apogee
$GC,11895,-0.42,0.0,2528,1729,3410,3357,993.2,-8.1,369,12032,0.65,0.00,133.10,1.345,10246,0.103,0.000,2745,1728,2804,2903,2705,0,0,0,0,0,0,25.48,24.23,22.89,8.74,60.43
$STATE,12033,end apogee,CONTROL_FINISHED_OK
$STATE,12033,begin climb
$GC,12037,1.09,146.6,2744,1729,2901,2705,998.7,0.0,372,12186,1.40,0.00,141.35,1.304,10758,0.065,0.000,3233,1728,2206,2292,2121,0,0,0,0,0,0,24.80,24.12,22.91,8.68,59.88
$GC,12372,1.02,161.3,3233,1728,2290,2119,974.4,9.3,381,12393,0.00,2.22,15.43,1.191,8452,0.000,0.037,3233,3122,2144,2231,2058,0,0,0,0,0,0,26.22,24.58,23.70,8.62,59.21
$GC,12504,0.92,164.8,3233,3122,2231,2057,962.6,9.8,384,12517,0.20,2.12,4.70,0.857,13318,0.136,0.026,3182,1722,2131,2216,2046,0,0,0,0,0,0,25.53,25.89,23.66,8.62,60.19
$GC,12731,0.94,192.1,3181,1722,2216,2046,940.9,8.8,390,12770,0.00,2.30,28.23,1.261,8452,0.000,0.038,3182,3126,2018,2116,1921,0,0,0,0,0,0,26.41,24.96,23.61,8.61,61.06
$GC,12831,0.97,214.3,3181,3126,2116,1922,933.2,9.0,392,12861,0.00,2.15,22.85,1.233,9222,0.000,0.026,3189,1714,1928,2042,1815,0,0,0,0,0,0,25.82,25.75,23.56,8.61,59.52
$GC,13057,0.97,218.9,3189,1713,2043,1814,909.9,9.8,398,13068,0.00,2.22,5.60,0.937,8452,0.000,0.037,3189,3128,1910,2028,1792,0,0,0,0,0,0,26.29,24.67,23.74,8.60,60.86
$GC,13106,0.97,222.5,3188,3128,2028,1791,905.6,9.8,399,13118,0.00,2.15,5.32,0.923,9222,0.000,0.027,3197,1716,1895,2016,1774,0,0,0,0,0,0,25.98,25.91,23.75,8.60,60.47
$GC,13337,0.97,222.5,3196,1716,2015,1775,881.0,10.2,405,13341,0.00,2.22,0.00,0.000,516,0.000,0.044,3205,316,1895,2016,1774,0,0,0,0,0,0,26.41,25.91,26.42,8.59,61.41
$GC,13420,0.97,222.5,3204,315,2016,1774,872.4,10.3,407,13425,0.00,2.12,0.00,0.000,1030,0.000,0.024,3205,1742,1895,2016,1775,0,0,0,0,0,0,26.17,26.10,26.20,8.59,60.59
$GC,13624,0.97,222.8,3204,1743,2015,1775,852.2,10.0,412,13628,0.00,2.12,0.00,0.000,260,0.000,0.039,3205,3116,1894,2015,1774,0,0,0,0,0,0,26.53,26.04,26.53,8.58,61.53
$GC,13711,0.98,225.2,3204,3115,2015,1775,843.8,9.9,414,13716,0.00,2.10,0.00,0.000,1030,0.000,0.027,3213,1719,1895,2016,1775,0,0,0,0,0,0,26.22,26.15,26.25,8.58,61.06
$GC,13912,0.99,235.5,3212,1717,2016,1774,824.3,9.5,419,13931,0.00,2.17,14.10,1.164,8452,0.000,0.039,3213,3107,1843,1970,1717,0,0,0,0,0,0,26.57,25.28,23.84,8.58,61.38
$GC,13968,1.00,247.3,3212,3108,1969,1717,820.5,9.5,420,13990,0.00,2.10,13.70,1.149,9222,0.000,0.027,3222,1725,1794,1927,1661,0,0,0,0,0,0,25.98,25.91,23.74,8.57,61.38
$GC,14192,1.01,261.4,3221,1725,1927,1661,797.8,9.4,426,14213,0.00,2.30,15.27,1.156,8708,0.000,0.043,3231,308,1735,1876,1594,0,0,0,0,0,0,26.34,24.66,23.80,8.57,60.86
$GC,14278,1.02,273.6,3230,308,1877,1594,790.4,9.4,428,14298,0.00,2.12,13.00,1.124,9222,0.000,0.025,3231,1715,1686,1830,1542,0,0,0,0,0,0,25.90,25.83,23.74,8.56,61.65
$GC,14508,1.04,285.5,3231,1715,1830,1542,767.7,9.5,434,14528,0.00,2.20,12.65,1.108,8452,0.000,0.037,3231,3107,1636,1786,1487,0,0,0,0,0,0,26.34,24.72,23.87,8.55,61.45
$GC,14603,1.04,288.8,3230,3107,1786,1487,759.4,9.9,436,14607,0.00,2.12,0.00,0.000,1030,0.000,0.028,3239,1712,1636,1786,1487,0,0,0,0,0,0,25.94,25.87,25.96,8.55,61.30
$GC,14791,1.04,288.8,3238,1712,1786,1487,738.9,10.1,441,14796,0.00,2.22,0.00,0.000,516,0.000,0.044,3249,317,1636,1786,1487,0,0,0,0,0,0,26.41,25.88,26.41,8.55,61.38
$GC,14899,1.04,288.8,3249,318,1786,1487,729.9,10.4,443,14906,0.10,2.10,0.00,0.000,5126,0.148,0.025,3218,1720,1636,1786,1487,0,0,0,0,0,0,25.82,26.09,25.95,8.54,61.89
$GC,15116,1.04,288.8,3218,1720,1786,1487,705.3,10.1,449,15122,0.00,2.25,0.00,0.000,516,0.000,0.045,3226,310,1636,1786,1487,0,0,0,0,0,0,26.53,25.96,26.54,8.55,61.93
$GC,15232,1.04,288.8,3226,310,1786,1487,696.5,10.5,451,15240,0.00,2.10,0.00,0.000,1030,0.000,0.026,3227,1716,1636,1786,1487,0,0,0,0,0,0,26.23,26.16,26.25,8.55,62.12
$GC,15437,1.04,288.8,3226,1716,1786,1487,669.8,11.1,457,15442,0.00,2.15,0.00,0.000,260,0.000,0.039,3226,3108,1636,1786,1487,0,0,0,0,0,0,26.58,26.04,26.58,8.54,61.89
$GC,15483,1.04,288.8,3226,3108,1787,1487,664.9,11.3,458,15493,0.00,2.10,3.40,0.633,9222,0.000,0.028,3235,1712,1626,1775,1477,0,0,0,0,0,0,26.22,26.13,23.92,8.54,61.89
$GC,15683,1.04,288.8,3234,1711,1774,1477,641.0,11.8,463,15687,0.00,2.17,0.00,0.000,260,0.000,0.039,3235,3114,1626,1775,1477,0,0,0,0,0,0,26.56,26.03,26.56,8.54,61.61
$GC,15709,1.04,288.8,3234,3114,1775,1477,641.0,11.8,463,15713,0.00,2.10,0.00,0.000,1030,0.000,0.028,3243,1724,1626,1775,1478,0,0,0,0,0,0,26.22,26.15,26.24,8.54,61.69
$GC,15928,1.04,288.8,3243,1723,1774,1477,610.9,12.2,469,15932,0.00,2.17,0.00,0.000,260,0.000,0.039,3243,3106,1626,1775,1477,0,0,0,0,0,0,26.58,26.04,26.59,8.54,62.24
$GC,15984,1.04,288.8,3243,3106,1775,1476,605.3,12.4,470,15989,0.10,2.10,0.00,0.000,5126,0.155,0.028,3222,1714,1626,1775,1477,0,0,0,0,0,0,25.84,26.15,25.98,8.54,61.93
$GC,16210,1.04,288.8,3221,1712,1775,1477,577.2,11.8,476,16217,0.00,2.22,0.00,0.000,516,0.000,0.045,3230,312,1626,1775,1477,0,0,0,0,0,0,26.59,25.95,26.60,8.54,62.01
$GC,16260,1.04,288.8,3230,312,1774,1477,572.0,11.8,477,16264,0.00,2.12,0.00,0.000,1030,0.000,0.026,3231,1726,1626,1775,1477,0,0,0,0,0,0,26.24,26.17,26.27,8.54,62.40
$GC,16453,1.04,288.8,3230,1726,1774,1477,548.3,11.7,482,16457,0.00,2.12,0.00,0.000,260,0.000,0.039,3230,3108,1626,1775,1477,0,0,0,0,0,0,26.60,26.03,26.60,8.54,62.79
$GC,16545,1.04,288.8,3230,3108,1774,1477,538.2,11.9,484,16549,0.00,2.10,0.00,0.000,1030,0.000,0.028,3239,1716,1626,1775,1477,0,0,0,0,0,0,26.22,26.15,26.25,8.54,61.85
$GC,16740,1.04,288.8,3239,1715,1775,1477,515.8,11.0,489,16747,0.00,2.22,0.00,0.000,516,0.000,0.045,3249,316,1626,1775,1477,0,0,0,0,0,0,26.60,25.93,26.61,8.54,62.40
$GC,16771,1.04,288.8,3248,316,1775,1477,515.8,11.0,489,16782,0.10,2.10,0.00,0.000,5126,0.148,0.025,3218,1720,1626,1775,1477,0,0,0,0,0,0,25.86,26.17,25.98,8.54,62.01
$GC,16982,1.11,297.6,3218,1720,1774,1477,491.7,9.6,495,16998,0.00,2.20,10.05,0.946,8452,0.000,0.039,3218,3109,1588,1742,1435,0,0,0,0,0,0,26.60,25.27,23.91,8.54,62.08
$GC,17099,1.12,307.3,3217,3109,1742,1435,484.0,9.6,497,17115,0.00,2.10,10.62,0.943,9222,0.000,0.028,3225,1719,1550,1707,1393,0,0,0,0,0,0,26.10,26.03,23.86,8.54,62.12
$GC,17305,1.19,319.7,3225,1718,1707,1392,460.9,9.4,503,17326,0.08,2.30,12.70,0.952,10756,0.096,0.044,3314,319,1498,1659,1337,0,0,0,0,0,0,26.19,25.18,23.91,8.54,61.85
$GC,17433,1.19,319.7,3313,319,1659,1337,447.3,10.8,506,17439,0.15,2.12,0.00,0.000,5126,0.126,0.025,3265,1727,1498,1659,1337,0,0,0,0,0,0,25.61,25.92,25.75,8.54,62.04
$GC,17623,1.19,319.7,3265,1727,1659,1337,426.8,10.2,511,17627,0.00,2.17,0.00,0.000,260,0.000,0.040,3266,3101,1498,1659,1338,0,0,0,0,0,0,26.44,25.89,26.45,8.54,62.32
$GC,17709,1.19,319.7,3265,3101,1659,1338,417.6,10.6,513,17714,0.00,2.10,0.00,0.000,1030,0.000,0.028,3273,1715,1498,1659,1338,0,0,0,0,0,0,26.12,26.04,26.15,8.54,61.45
$GC,17908,1.19,319.7,3272,1714,1659,1337,395.2,11.2,518,17912,0.00,2.17,0.00,0.000,260,0.000,0.039,3273,3108,1498,1659,1337,0,0,0,0,0,0,26.53,25.96,26.54,8.54,61.61
$GC,17944,1.19,319.7,3272,3109,1659,1338,395.2,11.2,518,17951,0.00,2.10,0.00,0.000,1030,0.000,0.028,3282,1716,1498,1659,1338,0,0,0,0,0,0,26.16,26.08,26.19,8.54,61.26
$GC,18151,1.19,319.7,3282,1716,1659,1337,365.7,12.2,524,18157,0.00,2.25,0.00,0.000,516,0.000,0.045,3292,301,1498,1659,1338,0,0,0,0,0,0,26.56,25.91,26.58,8.55,61.73
$GC,18169,1.19,319.7,3292,300,1659,1337,365.7,12.2,524,18173,0.00,2.12,0.00,0.000,1030,0.000,0.024,3293,1718,1498,1659,1338,0,0,0,0,0,0,26.21,26.14,26.23,8.55,61.18
$GC,18357,1.19,319.7,3292,1718,1659,1337,340.3,12.3,529,18362,0.00,2.15,0.00,0.000,260,0.000,0.040,3293,3107,1498,1659,1337,0,0,0,0,0,0,26.58,25.98,26.59,8.55,61.57
$GC,18449,1.19,319.7,3292,3107,1660,1338,329.5,12.6,531,18454,0.10,2.10,0.00,0.000,5126,0.148,0.028,3271,1702,1498,1659,1337,0,0,0,0,0,0,25.84,26.10,25.96,8.55,61.85
$GC,18639,1.19,319.7,3270,1701,1659,1337,305.3,12.3,536,18643,0.00,2.20,0.00,0.000,260,0.000,0.039,3270,3100,1498,1659,1337,0,0,0,0,0,0,26.59,25.99,26.60,8.55,62.16
$GC,18691,1.19,319.7,3270,3100,1659,1338,299.7,12.4,537,18695,0.00,2.08,0.00,0.000,1030,0.000,0.028,3278,1720,1498,1659,1337,0,0,0,0,0,0,26.20,26.13,26.23,8.56,61.85
$GC,18884,1.19,319.7,3277,1720,1660,1337,274.6,12.3,542,18889,0.00,2.25,0.00,0.000,516,0.000,0.044,3289,298,1498,1659,1338,0,0,0,0,0,0,26.60,25.91,26.60,8.56,61.41
$GC,18956,1.19,319.7,3288,298,1659,1338,269.2,12.2,543,18961,0.00,2.12,0.00,0.000,1030,0.000,0.024,3289,1720,1498,1659,1338,0,0,0,0,0,0,26.22,26.15,26.25,8.56,61.61
$GC,19171,1.19,319.7,3288,1720,1659,1337,241.8,11.2,549,19176,0.00,2.15,0.00,0.000,260,0.000,0.039,3289,3107,1498,1659,1337,0,0,0,0,0,0,26.60,25.98,26.60,8.56,61.41
$GC,19283,1.19,319.7,3288,3107,1659,1337,231.7,11.4,551,19288,0.00,2.10,0.00,0.000,1030,0.000,0.028,3298,1700,1498,1659,1337,0,0,0,0,0,0,26.19,26.11,26.22,8.56,61.38
$GC,19499,1.19,319.7,3297,1700,1659,1338,203.8,11.6,557,19506,0.10,2.17,0.00,0.000,4356,0.147,0.039,3265,3107,1498,1659,1337,0,0,0,0,0,0,26.13,25.98,26.18,8.57,61.38
$GC,19549,1.19,319.7,3264,3107,1659,1337,198.7,11.5,558,19553,0.00,2.08,0.00,0.000,1030,0.000,0.028,3272,1730,1498,1659,1337,0,0,0,0,0,0,26.20,26.12,26.22,8.57,60.47
$GC,19743,1.19,319.7,3272,1730,1659,1338,176.7,10.8,568,19749,0.00,2.25,0.00,0.000,516,0.000,0.044,3283,311,1498,1659,1338,0,0,0,0,0,0,26.60,25.90,26.61,8.57,60.47
$GC,19816,1.19,319.7,3283,311,1659,1338,170.1,11.0,571,19824,0.00,2.10,0.00,0.000,1030,0.000,0.024,3283,1729,1498,1659,1337,0,0,0,0,0,0,26.22,26.15,26.25,8.57,60.86
$GC,20003,1.19,319.7,3283,1729,1659,1337,148.2,11.1,581,20007,0.00,2.12,0.00,0.000,260,0.000,0.039,3283,3106,1498,1659,1337,0,0,0,0,0,0,26.60,25.96,26.60,8.57,61.06
$GC,20119,1.19,319.7,3283,3105,1659,1337,135.8,12.3,586,20126,0.00,2.10,0.00,0.000,1030,0.000,0.027,3292,1694,1498,1660,1337,0,0,0,0,0,0,26.18,26.10,26.21,8.58,60.51
$GC,20306,1.19,319.7,3292,1693,1660,1337,112.4,11.2,596,20311,0.00,2.20,0.00,0.000,260,0.000,0.038,3292,3107,1498,1659,1338,0,0,0,0,0,0,26.60,25.96,26.60,8.58,61.02
$GC,20350,1.19,319.7,3292,3107,1659,1337,107.2,11.5,598,20356,0.10,2.08,0.00,0.000,5126,0.150,0.027,3270,1717,1498,1659,1337,0,0,0,0,0,0,25.82,26.10,25.93,8.58,60.47
$GC,20556,1.21,341.8,3270,1716,1660,1337,86.3,9.0,608,20581,0.00,2.20,19.92,0.743,8452,0.000,0.038,3270,3121,1409,1577,1241,0,0,0,0,0,0,26.60,25.13,24.00,8.60,60.82
$GC,20616,1.25,373.7,3270,3121,1576,1241,81.2,8.5,611,20654,0.00,2.12,27.65,0.744,9222,0.000,0.026,3278,1715,1278,1454,1103,0,0,0,0,0,0,25.98,25.90,23.93,8.59,59.80
$GC,20838,1.25,376.9,3277,1715,1454,1104,61.0,9.9,622,20849,0.00,2.20,3.83,0.484,8452,0.000,0.037,3278,3115,1266,1439,1094,0,0,0,0,0,0,26.31,24.53,23.87,8.61,60.75
$GC,20878,1.26,386.6,3277,3115,1439,1095,57.0,9.6,624,20898,0.00,2.10,10.23,0.671,9222,0.000,0.026,3287,1727,1226,1400,1053,0,0,0,0,0,0,25.97,25.90,24.08,8.61,61.30
$GC,21081,1.30,429.3,3286,1727,1400,1055,43.1,8.0,638,21151,0.00,2.20,49.95,0.679,8964,0.000,0.038,3287,3109,1051,1184,918,0,0,0,0,3,0,26.38,25.41,23.97,8.67,62.24
$GC,21186,1.36,438.2,3286,3109,1185,918,33.7,9.6,648,21204,0.00,2.12,10.02,0.630,9222,0.000,0.026,3296,1707,1016,1140,892,0,0,0,0,0,0,25.70,25.63,24.00,8.69,61.18
$GC,21384,1.46,472.8,3295,1707,1140,892,15.7,8.4,668,21416,0.12,2.22,24.60,0.608,10500,0.064,0.036,3398,3103,873,966,781,0,0,0,0,0,0,26.07,25.15,24.26,8.73,60.98
$STATE,21486,end climb,SURFACE_DEPTH_REACHED
$STATE,21486,begin surface coast
$FINISH,-0.0,1.022503
$STATE,21508,end surface coast,CONTROL_FINISHED_OK
$STATE,21508,begin surface
$SM_CCo,21530,57.58,0.054,0,0,499,565.66
$SM_GC,-0.23,8.35,1.35,57.58,0.028,0.024,0.054,166,2242,499,-8.29,1.33,565.66,0,0,0,0,0,0,25.96,25.89,25.69
$IRIDIUM_FIX,728.57,-14025.03,110325,023313
$TT8_MAMPS,0.026964,0.382739
$HUMID,56.18
$INTERNAL_PRESSURE,8.69302
$TCM_TEMP,18.60
$XPDR_PINGS,0
$ALTIM_TOP_PING,19.9,20.0
$24V_AH,22.89,71.594
$10V_AH,9.51,48.959
$FG_AHR_24Vo,0.000
$FG_AHR_10Vo,0.000
$DEVICES,Pitch_motor,Roll_motor,VBD_pump_during_apogee,VBD_pump_during_surface,VBD_valve,Iridium_during_init,Iridium_during_connect,Iridium_during_xfer,Transponder_ping,GUMSTIX_24V,GPS,TT8,LPSleep,TT8_Active,TT8_Sampling,TT8_CF8,TT8_Kalman,Analog_circuits,GPS_charging,Compass,RAFOS,Transponder,Compass2
$DEVICE_SECS,22.200,292.150,608.275,57.575,0.000,0.000,0.000,330.300,0.250,0.000,39.019,3260.413,13813.172,826.659,3695.410,541.865,0.000,3022.765,0.000,3161.418,0.000,2.765,0.000
$DEVICE_MAMPS,203.490,51.255,1344.870,54.315,0.000,0.000,0.000,87.210,420.000,0.000,30.710,15.210,2.190,15.210,43.670,53.410,0.000,14.000,0.000,8.240,0.000,30.000,0.000
$SENSORS,SBE_CT,WL_blue_red_Chl,AA4330,nil,nil,nil,nil,nil,nil,nil
$SENSOR_SECS,591.396,0.000,909.253,0.000,0.000,0.000,0.000,0.000,0.000,0.000
$SENSOR_MAMPS,22.470,0.000,11.230,0.000,0.000,0.000,0.000,0.000,0.000,0.000
$MEM,311772
$DATA_FILE_SIZE,52295,680
$CAP_FILE_SIZE,260628,0
$CFSIZE,2097872896,2035122176
$ERRORS,0,0,0,0,0,0,0,0,0,0,0,0,0,3,1,0
$CURRENT,0.114,9.92,1
$GPS,260705,145245,729.332,-14025.978,42,1.0,63,9.3,0.6,314.7,8,4.9
