version: 66.14
glider: 195
mission: 21
dive: 238
start: 6 3 105 19 24 19
data:
$ID,195
$MISSION,21
$DIVE,238
$N_DIVES,0
$STOP_T,0
$D_SURF,3
$D_FLARE,2
$D_TGT,990
$D_ABORT,1090
$D_NO_BLEED,50
$D_BOOST,3
$T_BOOST,0
$D_FINISH,0
$D_PITCH,0
$D_SAFE,0
$D_CALL,0
$SURFACE_URGENCY,0
$SURFACE_URGENCY_TRY,0
$SURFACE_URGENCY_FORCE,0
$T_DIVE,440
$T_MISSION,600
$T_ABORT,1440
$T_TURN,300
$T_TURN_SAMPINT,5
$T_NO_W,120
$T_LOITER,0
$T_SLOITER,60
$T_EPIRB,0
$USE_BATHY,0
$USE_ICE,0
$ICE_FREEZE_MARGIN,0.30000001
$D_OFFGRID,990
$T_WATCHDOG,10
$RELAUNCH,1
$APOGEE_PITCH,-8
$MAX_BUOY,150
$COURSE_BIAS,0
$GLIDE_SLOPE,30
$SPEED_FACTOR,1
$RHO,1.023
$MASS,54002
$MASS_COMP,0
$NAV_MODE,2
$FERRY_MAX,45
$KALMAN_USE,2
$HD_A,0.0038000001
$HD_B,0.0099999998
$HD_C,9.8500004e-06
$HEADING,-1
$ESCAPE_HEADING,0
$ESCAPE_HEADING_DELTA,10
$FIX_MISSING_TIMEOUT,0
$TGT_DEFAULT_LAT,4736
$TGT_DEFAULT_LON,-12225
$TGT_AUTO_DEFAULT,0
$SM_CC,250
$N_FILEKB,4
$FILEMGR,0
$CALL_NDIVES,1
$COMM_SEQ,0
$PROTOCOL,9
$N_NOCOMM,1
$NOCOMM_ACTION,0
$N_NOSURFACE,0
$UPLOAD_DIVES_MAX,-1
$CALL_TRIES,5
$CALL_WAIT,60
$CAPUPLOAD,0
$CAPMAXSIZE,200000
$HEAPDBG,0
$T_GPS,15
$N_GPS,50840
$T_RSLEEP,2
$STROBE,0
$RAFOS_PEAK_OFFSET,1.5
$RAFOS_CORR_THRESH,60
$RAFOS_HIT_WINDOW,3600
$RAFOS_MMODEM,0
$PITCH_MIN,207
$PITCH_MAX,3915
$C_PITCH,2900
$PITCH_DBAND,0.1
$PITCH_CNV,0.003125763
$P_OVSHOOT,0.039999999
$P_OVSHOOT_WITHG,0.079999998
$PITCH_GAIN,24
$PITCH_TIMEOUT,17
$PITCH_AD_RATE,160
$PITCH_MAXERRORS,1
$PITCH_ADJ_GAIN,0.02
$PITCH_ADJ_DBAND,2.5
$ROLL_MIN,224
$ROLL_MAX,3758
$ROLL_DEG,40
$C_ROLL_DIVE,2220
$C_ROLL_CLIMB,1770
$HEAD_ERRBAND,20
$ROLL_CNV,0.028270001
$ROLL_TIMEOUT,15
$R_PORT_OVSHOOT,40
$R_STBD_OVSHOOT,52
$ROLL_AD_RATE,350
$ROLL_MAXERRORS,2
$ROLL_ADJ_GAIN,0
$ROLL_ADJ_DBAND,0
$VBD_MIN,500
$VBD_MAX,3960
$C_VBD,2806
$VBD_DBAND,2
$VBD_CNV,-0.24529999
$VBD_LP_IGNORE,0
$VBD_TIMEOUT,720
$PITCH_VBD_SHIFT,0.001
$VBD_PUMP_AD_RATE_SURFACE,5
$VBD_PUMP_AD_RATE_APOGEE,4
$VBD_BLEED_AD_RATE,8
$UNCOM_BLEED,60
$VBD_MAXERRORS,1
$W_ADJ_DBAND,0
$DBDW,0
$PITCH_W_GAIN,0
$PITCH_W_DBAND,0
$CF8_MAXERRORS,5
$AH0_24V,150
$AH0_10V,97
$MINV_24V,19
$MINV_10V,8
$MAXI_24V,0.80000001
$MAXI_10V,0.60000002
$FG_AHR_10V,0
$FG_AHR_24V,0
$PHONE_SUPPLY,-2
$PRESSURE_YINT,-49.397121
$PRESSURE_SLOPE,0.0001168043
$AD7714Ch0Gain,128
$TCM_PITCH_OFFSET,0
$TCM_ROLL_OFFSET,0
$COMPASS_USE,4
$ALTIM_BOTTOM_PING_RANGE,0
$ALTIM_TOP_PING_RANGE,20
$ALTIM_BOTTOM_TURN_MARGIN,0
$ALTIM_TOP_TURN_MARGIN,0
$ALTIM_TOP_MIN_OBSTACLE,1
$ALTIM_PING_DEPTH,0
$ALTIM_PING_DELTA,0
$ALTIM_FREQUENCY,13
$ALTIM_PULSE,3
$ALTIM_SENSITIVITY,3
$XPDR_VALID,5
$XPDR_INHIBIT,90
$INT_PRESSURE_SLOPE,0.0097660003
$INT_PRESSURE_YINT,-0.77999997
$DEEPGLIDER,0
$MOTHERBOARD,4
$DEVICE1,2
$DEVICE2,115
$DEVICE3,101
$DEVICE4,-1
$DEVICE5,-1
$DEVICE6,-1
$LOGGERS,0
$LOGGERDEVICE1,-1
$LOGGERDEVICE2,-1
$LOGGERDEVICE3,-1
$LOGGERDEVICE4,-1
$COMPASS_DEVICE,33
$COMPASS2_DEVICE,-1
$PHONE_DEVICE,49
$GPS_DEVICE,32
$RAFOS_DEVICE,-1
$XPDR_DEVICE,24
$SIM_W,0
$SIM_PITCH,0
$SEABIRD_T_G,0.0044178674
$SEABIRD_T_H,0.00064818078
$SEABIRD_T_I,2.6779007e-05
$SEABIRD_T_J,3.3667231e-06
$SEABIRD_C_G,-10.098215
$SEABIRD_C_H,1.1454017
$SEABIRD_C_I,-0.0021276253
$SEABIRD_C_J,0.00025532115
$SEABIRD_C_Z,2974.52
$GPS1,030605,191503,445.1516,-14016.2998,35,0.8,56,9.2,0.6,140.7,9,4.9
$_CALLS,2
$_XMS_NAKs,0
$_XMS_TOUTs,0
$_SM_DEPTHo,0.48
$_SM_ANGLEo,-60.4
$GPS2,030605,192338,444.9969,-14016.3135,7,0.8,29,9.2,0.3,121.7,9,4.6
$SPEED_LIMITS,0.130,0.237
$TGT_NAME,TX1
$TGT_LATLONG,815.000,-14400.000
$TGT_RADIUS,10000.000
$KALMAN_CONTROL,0.000000,0.000000
$KALMAN_X,0.000000,0.000000,0.000000,0.000000,0.000000
$KALMAN_Y,0.000000,0.000000,0.000000,0.000000,0.000000
$MHEAD_RNG_PITCHd_Wd,307.2,565108,-14.0,-7.500,-17.57,2969
$D_GRID,990
$GCHEAD,st_secs,pitch_ctl,vbd_ctl,pitch_ad_start,roll_ad_start,vbd_pot1_ad_start,vbd_pot2_ad_start,depth,ob_vertv,data_pts,end_secs,pitch_secs,roll_secs,vbd_secs,vbd_i,gcphase,pitch_i,roll_i,pitch_ad,roll_ad,vbd_ad,vbd_pot1_ad,vbd_pot2_ad,pitch_retries,pitch_errors,roll_retries,roll_errors,vbd_retries,vbd_errors,pitch_volts,roll_volts,vbd_volts,int_press,humidity
$STATE,6,end surface,CONTROL_FINISHED_OK
$STATE,6,begin dive
$GC,74,-0.73,-146.6,151,2212,1269,980,0.6,-0.4,6,144,0.00,0.00,-66.80,0.000,16386,0.000,0.000,151,2212,2931,2939,2923,0,0,0,0,0,0,26.45,28.83,26.46,8.95,46.69
$GC,148,-0.73,-146.6,151,2212,2941,2923,2.7,-4.4,13,173,9.55,2.17,-10.07,0.000,18692,0.205,0.051,2649,3615,3405,3421,3390,0,0,0,0,0,0,25.39,25.44,25.75,9.13,46.06
$GC,296,-0.59,-146.6,2649,3615,3428,3391,28.4,-15.1,27,302,0.17,2.05,0.00,0.000,3078,0.127,0.019,2706,2177,3409,3428,3391,0,0,0,0,0,0,25.85,26.25,26.00,9.19,46.77
$GC,613,-0.54,-146.6,2706,2177,3430,3391,68.7,-12.9,51,617,0.00,1.98,0.00,0.000,516,0.000,0.030,2707,844,3410,3430,3391,0,0,0,0,0,0,26.63,26.20,26.64,9.20,46.69
$GC,712,-0.54,-146.6,2706,844,3430,3391,79.0,-11.9,55,720,0.00,2.00,0.00,0.000,1030,0.000,0.024,2700,2217,3410,3430,3391,0,0,0,0,0,0,26.34,26.28,26.36,9.21,47.20
$GC,1020,-0.54,-146.6,2699,2217,3431,3391,110.1,-9.6,71,1025,0.00,2.15,0.00,0.000,260,0.000,0.039,2689,3625,3411,3431,3391,0,0,0,0,0,0,26.67,26.17,26.68,9.22,46.57
$GC,1053,-0.54,-146.6,2688,3625,3431,3391,112.5,-9.6,72,1058,0.10,2.00,0.00,0.000,3078,0.134,0.018,2723,2197,3411,3431,3391,0,0,0,0,0,0,26.10,26.39,26.20,9.22,47.16
$GC,1370,-0.59,-146.6,2723,2196,3433,3391,135.9,-6.4,88,1374,0.00,1.98,0.00,0.000,516,0.000,0.028,2723,856,3412,3433,3391,0,0,0,0,0,0,26.69,26.26,26.70,9.21,46.88
$GC,1417,-0.59,-146.6,2722,856,3433,3391,138.9,-6.4,90,1422,0.00,1.98,0.00,0.000,1030,0.000,0.024,2717,2224,3412,3433,3391,0,0,0,0,0,0,26.39,26.32,26.41,9.21,46.29
$GC,1737,-0.65,-146.6,2717,2224,3435,3390,155.6,-4.4,106,1741,0.00,2.12,0.00,0.000,260,0.000,0.039,2707,3614,3413,3435,3391,0,0,0,0,0,0,26.70,26.18,26.70,9.18,46.18
$GC,1911,-0.71,-146.6,2707,3615,3436,3391,162.7,-4.3,114,1917,0.05,1.95,0.00,0.000,5126,0.130,0.018,2624,2218,3413,3436,3391,0,0,0,0,0,0,26.29,26.41,26.36,9.16,46.06
$GC,2229,-0.65,-146.6,2624,2218,3438,3391,181.9,-5.7,130,2234,0.20,2.15,0.00,0.000,2308,0.117,0.039,2684,3617,3414,3438,3391,0,0,0,0,0,0,26.07,26.18,26.19,9.09,46.41
$GC,2425,-0.65,-146.6,2683,3616,3438,3391,191.9,-5.1,139,2429,0.00,1.98,0.00,0.000,1030,0.000,0.018,2684,2215,3414,3438,3391,0,0,0,0,0,0,26.45,26.41,26.46,9.06,47.16
$GC,2784,-0.65,-146.6,2683,2215,3438,3390,208.6,-4.8,151,2789,0.00,2.00,0.00,0.000,516,0.000,0.029,2683,854,3414,3438,3391,0,0,0,0,0,0,26.70,26.26,26.72,9.03,48.18
$GC,2967,-0.65,-146.6,2683,854,3438,3390,217.0,-5.0,153,2972,0.00,1.98,0.00,0.000,1030,0.000,0.024,2677,2221,3413,3437,3390,0,0,0,0,0,0,26.39,26.32,26.41,9.01,48.62
$GC,3351,-0.65,-146.6,2677,2221,3434,3390,237.8,-5.3,158,3356,0.00,2.03,0.00,0.000,516,0.000,0.029,2677,853,3412,3434,3390,0,0,0,0,0,0,26.70,26.25,26.71,8.97,50.66
$GC,3435,-0.65,-146.6,2676,853,3434,3389,242.4,-5.4,159,3440,0.00,1.98,0.00,0.000,1030,0.000,0.024,2668,2219,3411,3434,3389,0,0,0,0,0,0,26.38,26.31,26.40,8.97,49.92
$GC,3760,-0.65,-146.6,2667,2219,3433,3385,258.8,-5.0,163,3764,0.00,2.03,0.00,0.000,516,0.000,0.030,2668,852,3408,3432,3385,0,0,0,0,0,0,26.70,26.24,26.71,8.95,51.22
$GC,3833,-0.65,-146.6,2667,852,3432,3385,258.8,-5.0,163,3838,0.00,2.00,0.00,0.000,1030,0.000,0.025,2660,2229,3408,3432,3385,0,0,0,0,0,0,26.37,26.29,26.39,8.95,50.90
$GC,4167,-0.65,-146.6,2660,2229,3430,3382,283.9,-6.2,168,4168,0.00,0.00,0.00,0.000,6,0.000,0.000,2660,2229,3406,3430,3382,0,0,0,0,0,0,26.70,26.71,26.71,8.93,52.52
$GC,4487,-0.65,-146.6,2660,2229,3428,3380,300.8,-5.3,172,4491,0.00,2.05,0.00,0.000,516,0.000,0.031,2660,848,3404,3428,3380,0,0,0,0,0,0,26.70,26.22,26.71,8.92,52.44
$GC,4584,-0.65,-146.6,2659,848,3427,3380,305.7,-5.3,173,4591,0.10,2.00,0.00,0.000,3078,0.135,0.026,2688,2218,3403,3427,3380,0,0,0,0,0,0,26.06,26.29,26.16,8.92,52.67
$GC,4973,-0.71,-146.6,2687,2218,3424,3376,326.9,-5.3,178,4977,0.00,2.03,0.00,0.000,516,0.000,0.031,2688,857,3400,3424,3376,0,0,0,0,0,0,26.70,26.21,26.71,8.90,53.07
$GC,5046,-0.78,-146.6,2687,857,3424,3376,326.9,-5.3,178,5051,0.03,2.03,0.00,0.000,5126,0.131,0.027,2623,2215,3400,3424,3376,0,0,0,0,0,0,26.17,26.27,26.20,8.90,52.99
$GC,5380,-0.78,-146.6,2622,2215,3421,3373,353.7,-6.8,183,5382,0.00,0.00,0.00,0.000,6,0.000,0.000,2623,2215,3397,3421,3373,0,0,0,0,0,0,26.70,26.71,26.71,8.89,53.74
$GC,5702,-0.78,-146.6,2622,2215,3420,3371,377.5,-7.4,187,5706,0.00,2.03,0.00,0.000,516,0.000,0.031,2622,857,3395,3420,3371,0,0,0,0,0,0,26.70,26.20,26.71,8.87,54.33
$GC,5794,-0.78,-146.6,2622,857,3420,3371,384.1,-7.6,188,5801,0.10,2.00,0.00,0.000,3078,0.143,0.027,2646,2219,3395,3420,3371,0,0,0,0,0,0,26.00,26.26,26.12,8.88,53.74
$GC,6108,-0.78,-146.6,2646,2218,3419,3367,405.7,-6.7,192,6112,0.00,2.05,0.00,0.000,516,0.000,0.031,2646,849,3393,3419,3367,0,0,0,0,0,0,26.70,26.19,26.71,8.87,53.97
$GC,6165,-0.78,-146.6,2646,848,3419,3367,405.7,-6.7,192,6169,0.00,2.05,0.00,0.000,1030,0.000,0.027,2641,2213,3392,3418,3367,0,0,0,0,0,0,26.28,26.25,26.32,8.87,53.78
$GC,6514,-0.78,-146.6,2640,2212,3417,3365,435.4,-7.3,197,6515,0.00,0.00,0.00,0.000,6,0.000,0.000,2641,2213,3391,3417,3365,0,0,0,0,0,0,26.70,26.71,26.71,8.86,54.48
$GC,6835,-0.78,-146.6,2641,2212,3415,3363,458.3,-7.2,201,6839,0.00,2.03,0.00,0.000,516,0.000,0.032,2641,859,3389,3416,3363,0,0,0,0,0,0,26.70,26.17,26.71,8.86,54.96
$GC,6964,-0.78,-146.6,2640,859,3415,3363,464.5,-7.2,202,6968,0.00,2.05,0.00,0.000,1030,0.000,0.028,2634,2220,3389,3415,3363,0,0,0,0,0,0,26.27,26.23,26.29,8.85,54.68
$GC,7325,-0.78,-146.6,2633,2220,3414,3361,492.2,-6.8,207,7326,0.00,0.00,0.00,0.000,6,0.000,0.000,2634,2220,3387,3414,3360,0,0,0,0,0,0,26.70,26.71,26.71,8.84,55.51
$GC,7643,-0.78,-146.6,2633,2220,3412,3359,512.2,-6.2,211,7647,0.00,2.05,0.00,0.000,516,0.000,0.032,2634,853,3385,3412,3359,0,0,0,0,0,0,26.70,26.15,26.71,8.84,55.98
$GC,7694,-0.78,-146.6,2633,852,3412,3359,512.2,-6.2,211,7699,0.00,2.03,0.00,0.000,1030,0.000,0.028,2625,2221,3385,3412,3359,0,0,0,0,0,0,26.30,26.22,26.33,8.84,55.94
$GC,8048,-0.78,-146.6,2625,2222,3411,3357,536.7,-6.0,216,8050,0.00,0.00,0.00,0.000,6,0.000,0.000,2625,2221,3384,3411,3357,0,0,0,0,0,0,26.70,26.71,26.71,8.83,55.47
$GC,8370,-0.78,-146.6,2625,2221,3410,3355,555.7,-5.9,220,8374,0.00,2.08,0.00,0.000,516,0.000,0.033,2625,850,3383,3410,3356,0,0,0,0,0,0,26.70,26.13,26.71,8.82,56.02
$GC,8510,-0.78,-146.6,2624,850,3410,3356,560.8,-5.9,221,8515,0.08,2.08,0.00,0.000,3078,0.136,0.028,2656,2221,3383,3410,3356,0,0,0,0,0,0,25.86,26.20,26.00,8.81,55.71
$GC,8859,-0.78,-146.6,2656,2221,3409,3353,583.4,-5.4,226,8863,0.00,2.05,0.00,0.000,516,0.000,0.033,2656,859,3381,3409,3354,0,0,0,0,0,0,26.70,26.13,26.71,8.81,56.14
$GC,8967,-0.78,-146.6,2655,859,3409,3353,588.6,-5.7,227,8972,0.00,2.03,0.00,0.000,1030,0.000,0.028,2651,2223,3381,3409,3353,0,0,0,0,0,0,26.27,26.19,26.31,8.81,55.94
$GC,9346,-0.78,-146.6,2650,2223,3408,3352,614.3,-6.5,232,9350,0.00,2.17,0.00,0.000,260,0.000,0.044,2641,3622,3379,3407,3352,0,0,0,0,0,0,26.70,26.01,26.71,8.80,56.53
$GC,9387,-0.78,-146.6,2640,3622,3407,3352,614.3,-6.5,232,9392,0.00,2.00,0.00,0.000,1030,0.000,0.023,2640,2236,3379,3406,3352,0,0,0,0,0,0,26.36,26.30,26.38,8.79,56.93
$GC,9751,-0.78,-146.6,2640,2236,3406,3350,642.0,-6.8,237,9755,0.00,2.10,0.00,0.000,516,0.000,0.034,2641,847,3378,3407,3350,0,0,0,0,0,0,26.70,26.10,26.71,8.79,56.93
$GC,9905,-0.78,-146.6,2640,847,3406,3350,647.9,-6.9,238,9910,0.00,2.08,0.00,0.000,1030,0.000,0.028,2634,2219,3377,3405,3350,0,0,0,0,0,0,26.22,26.17,26.24,8.78,56.02
$GC,10239,-0.78,-146.6,2633,2219,3405,3350,675.6,-6.8,243,10241,0.00,0.00,0.00,0.000,6,0.000,0.000,2633,2218,3377,3405,3349,0,0,0,0,0,0,26.70,26.71,26.71,8.78,57.00
$GC,10559,-0.78,-146.6,2633,2219,3404,3349,695.7,-6.3,247,10563,0.00,2.10,0.00,0.000,516,0.000,0.034,2633,838,3376,3404,3349,0,0,0,0,0,0,26.70,26.08,26.71,8.77,57.16
$GC,10661,-0.78,-146.6,2632,838,3403,3349,700.8,-6.2,248,10665,0.00,2.10,0.00,0.000,1030,0.000,0.029,2625,2222,3376,3404,3349,0,0,0,0,0,0,26.20,26.16,26.23,8.78,56.69
$GC,11044,-0.78,-146.6,2624,2222,3403,3348,723.3,-5.6,253,11049,0.00,2.10,0.00,0.000,516,0.000,0.034,2625,843,3375,3403,3348,0,0,0,0,0,0,26.70,26.07,26.70,8.77,56.61
$GC,11111,-0.78,-146.6,2624,843,3403,3348,723.3,-5.6,253,11116,0.08,2.10,0.00,0.000,3078,0.138,0.029,2655,2224,3375,3403,3347,0,0,0,0,0,0,25.80,26.15,25.93,8.76,57.48
$GC,11451,-0.78,-146.6,2655,2224,3403,3346,743.3,-4.7,258,11454,0.00,2.20,0.00,0.000,260,0.000,0.044,2648,3629,3374,3403,3346,0,0,0,0,0,0,26.70,25.95,26.70,8.76,56.89
$GC,11507,-0.78,-146.6,2647,3629,3402,3346,743.3,-4.7,258,11512,0.00,2.08,0.00,0.000,1030,0.000,0.024,2648,2228,3374,3402,3346,0,0,0,0,0,0,26.29,26.27,26.32,8.76,57.44
$GC,11856,-0.78,-146.6,2647,2228,3402,3345,766.4,-5.7,263,11860,0.00,2.10,0.00,0.000,516,0.000,0.034,2648,843,3373,3402,3345,0,0,0,0,0,0,26.70,26.04,26.70,8.75,57.56
$GC,11985,-0.78,-146.6,2647,843,3402,3345,771.8,-6.0,264,11989,0.00,2.08,0.00,0.000,1030,0.000,0.029,2639,2230,3373,3402,3345,0,0,0,0,0,0,26.22,26.13,26.25,8.76,57.56
$GC,12343,-0.78,-146.6,2638,2230,3400,3344,799.7,-7.0,269,12348,0.00,2.12,0.00,0.000,516,0.000,0.034,2639,836,3372,3400,3344,0,0,0,0,0,0,26.70,26.03,26.70,8.75,57.48
$GC,12405,-0.78,-146.6,2639,835,3400,3343,799.7,-7.0,269,12409,0.00,2.08,0.00,0.000,1030,0.000,0.030,2632,2224,3371,3400,3343,0,0,0,0,0,0,26.21,26.12,26.24,8.75,57.44
$GC,12751,-0.78,-146.6,2631,2224,3399,3342,829.8,-7.5,274,12755,0.00,2.12,0.00,0.000,516,0.000,0.035,2632,832,3370,3399,3342,0,0,0,0,0,0,26.70,26.03,26.70,8.75,57.75
$GC,12817,-0.78,-146.6,2631,832,3400,3342,829.8,-7.5,274,12821,0.00,2.08,0.00,0.000,1030,0.000,0.029,2624,2217,3371,3399,3343,0,0,0,0,0,0,26.20,26.11,26.23,8.75,57.04
$GC,13156,-0.78,-146.6,2623,2217,3398,3341,860.1,-7.4,279,13160,0.00,2.10,0.00,0.000,516,0.000,0.035,2624,841,3370,3398,3342,0,0,0,0,0,0,26.70,26.01,26.70,8.74,58.30
$GC,13207,-0.78,-146.6,2623,841,3398,3341,860.1,-7.4,279,13213,0.10,2.08,0.00,0.000,3078,0.146,0.030,2648,2221,3370,3398,3342,0,0,0,0,0,0,25.83,26.09,25.94,8.74,58.19
$GC,13562,-0.78,-146.6,2647,2221,3398,3340,886.6,-6.3,284,13564,0.00,0.00,0.00,0.000,6,0.000,0.000,2648,2221,3369,3398,3340,0,0,0,0,0,0,26.70,26.70,26.70,8.73,58.15
$GC,13882,-0.78,-146.6,2647,2222,3397,3340,905.2,-5.8,288,13884,0.00,0.00,0.00,0.000,6,0.000,0.000,2648,2221,3369,3398,3340,0,0,0,0,0,0,26.70,26.70,26.70,8.73,58.42
$GC,14204,-0.78,-146.6,2647,2221,3397,3340,922.4,-5.4,292,14208,0.00,2.12,0.00,0.000,516,0.000,0.036,2647,841,3368,3397,3339,0,0,0,0,0,0,26.70,25.97,26.70,8.72,58.78
$GC,14328,-0.78,-146.6,2647,841,3397,3340,927.0,-5.3,293,14332,0.00,2.08,0.00,0.000,1030,0.000,0.031,2643,2223,3368,3397,3339,0,0,0,0,0,0,26.16,26.06,26.20,8.73,58.42
$GC,14691,-0.78,-146.6,2642,2223,3396,3339,948.5,-5.3,298,14695,0.00,2.12,0.00,0.000,516,0.000,0.036,2642,841,3367,3396,3339,0,0,0,0,0,0,26.70,25.96,26.70,8.72,58.46
$GC,14775,-0.78,-146.6,2642,841,3396,3339,953.3,-5.5,299,14779,0.00,2.10,0.00,0.000,1030,0.000,0.031,2635,2231,3367,3396,3338,0,0,0,0,0,0,26.14,26.04,26.18,8.72,58.30
$GC,15099,-0.78,-146.6,2635,2231,3395,3338,973.3,-6.2,303,15101,0.00,0.00,0.00,0.000,6,0.000,0.000,2635,2231,3366,3395,3338,0,0,0,0,0,0,26.69,26.70,26.70,8.72,58.46
$STATE,15416,end dive,TARGET_DEPTH_EXCEEDED
$STATE,15416,begin apogee
$GC,15424,-0.33,0.0,2635,1780,3395,3337,994.9,-6.8,307,15556,0.45,0.00,128.18,1.372,10246,0.097,0.000,2790,1779,2805,2907,2704,0,0,0,0,0,0,25.63,24.55,23.56,8.71,58.42
$STATE,15557,end apogee,CONTROL_FINISHED_OK
$STATE,15557,begin climb
$GC,15560,0.73,146.6,2790,1779,2904,2703,998.1,0.0,308,15709,0.98,2.35,138.48,1.312,10500,0.062,0.037,3134,3170,2204,2295,2114,0,0,0,0,0,0,24.82,23.82,23.14,8.67,56.81
$GC,15763,0.73,146.6,3134,3171,2291,2114,989.4,6.6,311,15767,0.00,2.17,0.00,0.000,1030,0.000,0.028,3143,1789,2202,2291,2114,0,0,0,0,0,0,25.23,25.16,25.25,8.61,56.18
$GC,16137,0.63,146.6,3142,1789,2285,2112,954.5,8.8,316,16143,0.12,2.28,0.00,0.000,4612,0.142,0.046,3111,364,2198,2285,2112,0,0,0,0,0,0,25.92,25.96,26.05,8.61,58.11
$GC,16195,0.52,146.6,3110,364,2283,2112,954.5,8.8,316,16201,0.08,2.17,0.00,0.000,5126,0.117,0.028,3070,1785,2198,2284,2112,0,0,0,0,0,0,25.89,26.12,26.04,8.61,58.07
$GC,16545,0.56,186.0,3070,1785,2283,2110,928.4,6.1,321,16588,0.00,2.22,37.40,1.298,8452,0.000,0.039,3070,3165,2043,2144,1943,0,0,0,0,0,0,26.59,24.88,24.14,8.61,58.54
$GC,16657,0.60,220.1,3070,3165,2144,1943,923.2,6.3,322,16701,0.00,2.15,33.70,1.268,9222,0.000,0.029,3070,1765,1905,2030,1780,0,0,0,0,0,0,25.82,25.75,23.99,8.59,58.03
$GC,17023,0.60,228.1,3069,1765,2028,1779,894.0,7.2,327,17038,0.00,2.30,8.35,1.092,8708,0.000,0.047,3070,361,1872,2002,1743,0,0,0,0,0,0,26.41,25.70,24.52,8.57,57.83
$GC,17081,0.61,236.1,3070,361,2002,1743,894.0,7.2,327,17095,0.00,2.12,9.25,1.111,9222,0.000,0.027,3070,1773,1842,1977,1707,0,0,0,0,0,0,26.06,25.98,24.41,8.57,58.66
$GC,17419,0.61,237.0,3069,1773,1974,1705,864.5,7.5,331,17421,0.00,0.00,0.00,0.000,6,0.000,0.000,3070,1773,1839,1973,1705,0,0,0,0,0,0,26.48,26.49,26.48,8.57,58.78
$GC,17737,0.61,237.0,3069,1773,1973,1704,840.0,7.7,335,17739,0.00,0.00,0.00,0.000,6,0.000,0.000,3070,1773,1839,1973,1705,0,0,0,0,0,0,26.60,26.61,26.61,8.56,59.13
$GC,18057,0.61,237.0,3070,1773,1973,1705,815.6,7.6,339,18064,0.00,2.22,0.00,0.000,516,0.000,0.047,3070,369,1839,1973,1705,0,0,0,0,0,0,26.65,26.11,26.65,8.56,59.52
$GC,18108,0.61,237.0,3070,369,1973,1705,815.6,7.6,339,18113,0.00,2.10,0.00,0.000,1030,0.000,0.028,3070,1772,1839,1973,1705,0,0,0,0,0,0,26.35,26.27,26.37,8.56,59.29
$GC,18464,0.62,246.9,3069,1773,1973,1705,786.4,7.2,344,18482,0.00,2.30,11.45,1.137,8708,0.000,0.047,3070,365,1796,1935,1657,0,0,0,0,0,0,26.67,25.83,24.64,8.56,59.72
$GC,18515,0.63,256.8,3069,365,1935,1657,786.4,7.2,344,18534,0.05,2.12,10.73,1.112,11270,0.135,0.027,3127,1775,1756,1901,1612,0,0,0,0,0,0,26.01,26.08,24.48,8.55,58.97
$GC,18864,0.63,256.8,3126,1775,1901,1612,749.7,9.5,349,18868,0.00,2.15,0.00,0.000,260,0.000,0.040,3127,3158,1756,1901,1612,0,0,0,0,0,0,26.50,26.07,26.50,8.55,59.33
$GC,18905,0.63,256.8,3126,3158,1900,1610,749.7,9.5,349,18909,0.00,2.10,0.00,0.000,1030,0.000,0.029,3127,1762,1755,1901,1610,0,0,0,0,0,0,26.21,26.13,26.24,8.55,59.29
$GC,19268,0.63,256.8,3126,1761,1900,1609,709.8,9.8,354,19272,0.00,2.20,0.00,0.000,516,0.000,0.047,3127,377,1754,1900,1609,0,0,0,0,0,0,26.62,26.08,26.63,8.54,58.78
$GC,19402,0.63,256.8,3126,377,1900,1609,702.2,9.7,355,19406,0.00,2.10,0.00,0.000,1030,0.000,0.027,3127,1780,1754,1900,1609,0,0,0,0,0,0,26.33,26.26,26.36,8.55,58.54
$GC,19756,0.63,256.8,3126,1780,1899,1609,662.6,9.9,360,19762,0.00,2.22,0.00,0.000,516,0.000,0.047,3127,377,1754,1899,1609,0,0,0,0,0,0,26.67,26.09,26.67,8.54,59.05
$GC,19794,0.63,256.8,3126,377,1899,1609,662.6,9.9,360,19798,0.00,2.08,0.00,0.000,1030,0.000,0.027,3127,1770,1754,1899,1609,0,0,0,0,0,0,26.34,26.27,26.36,8.54,59.09
$GC,20157,0.63,256.8,3126,1771,1899,1609,623.3,9.8,365,20159,0.00,0.00,0.00,0.000,6,0.000,0.000,3127,1771,1754,1899,1609,0,0,0,0,0,0,26.67,26.69,26.69,8.55,59.37
$GC,20477,0.63,256.8,3126,1771,1899,1609,594.1,9.1,369,20481,0.00,2.22,0.00,0.000,516,0.000,0.047,3127,372,1754,1899,1609,0,0,0,0,0,0,26.68,26.06,26.69,8.54,59.13
$GC,20560,0.63,256.8,3126,371,1899,1609,586.7,9.0,370,20564,0.00,2.10,0.00,0.000,1030,0.000,0.027,3127,1778,1754,1899,1609,0,0,0,0,0,0,26.34,26.26,26.36,8.54,59.09
$GC,20884,0.63,256.8,3126,1778,1899,1609,558.1,8.9,374,20888,0.00,2.22,0.00,0.000,516,0.000,0.047,3127,377,1754,1899,1609,0,0,0,0,0,0,26.68,26.03,26.70,8.55,59.25
$GC,20960,0.63,256.8,3127,377,1899,1609,558.1,8.9,374,20968,0.00,2.08,0.00,0.000,1030,0.000,0.028,3127,1772,1754,1899,1609,0,0,0,0,0,0,26.32,26.25,26.35,8.55,59.25
$GC,21288,0.63,256.8,3126,1772,1899,1609,521.1,9.2,379,21294,0.00,2.22,0.00,0.000,516,0.000,0.047,3127,377,1754,1899,1609,0,0,0,0,0,0,26.69,26.01,26.70,8.55,59.64
$GC,21347,0.63,256.8,3126,377,1899,1609,521.1,9.2,379,21351,0.00,2.10,0.00,0.000,1030,0.000,0.027,3127,1765,1754,1899,1609,0,0,0,0,0,0,26.27,26.25,26.30,8.55,59.13
$GC,21691,0.63,256.8,3126,1766,1899,1609,482.9,9.5,384,21692,0.00,0.00,0.00,0.000,6,0.000,0.000,3127,1766,1754,1899,1609,0,0,0,0,0,0,26.68,26.70,26.69,8.56,58.42
$GC,22012,0.63,256.8,3126,1766,1899,1609,452.1,9.6,388,22016,0.00,2.22,0.00,0.000,516,0.000,0.047,3127,371,1754,1899,1609,0,0,0,0,0,0,26.69,25.98,26.70,8.57,59.60
$GC,22096,0.63,256.8,3126,371,1899,1609,444.0,9.5,389,22100,0.00,2.12,0.00,0.000,1030,0.000,0.027,3127,1773,1754,1899,1609,0,0,0,0,0,0,26.26,26.22,26.29,8.56,58.54
$GC,22419,0.63,256.8,3127,1773,1899,1609,414.3,9.2,393,22421,0.00,0.00,0.00,0.000,6,0.000,0.000,3127,1773,1754,1899,1609,0,0,0,0,0,0,26.68,26.70,26.70,8.57,58.34
$GC,22739,0.63,256.8,3126,1773,1899,1609,385.7,8.9,397,22744,0.00,2.25,0.00,0.000,516,0.000,0.047,3127,368,1754,1899,1609,0,0,0,0,0,0,26.68,25.95,26.70,8.57,59.13
$GC,22837,0.63,256.8,3126,367,1899,1609,378.2,8.9,398,22841,0.00,2.10,0.00,0.000,1030,0.000,0.027,3127,1772,1754,1899,1609,0,0,0,0,0,0,26.29,26.21,26.32,8.58,58.74
$GC,23145,0.63,256.8,3127,1772,1899,1609,350.7,8.5,402,23147,0.00,0.00,0.00,0.000,6,0.000,0.000,3127,1772,1754,1899,1609,0,0,0,0,0,0,26.68,26.70,26.70,8.58,58.11
$GC,23465,0.63,256.8,3127,1772,1899,1609,324.7,8.1,406,23469,0.00,2.22,0.00,0.000,516,0.000,0.047,3127,377,1754,1899,1609,0,0,0,0,0,0,26.69,25.93,26.70,8.58,58.46
$GC,23566,0.63,256.8,3127,377,1899,1609,318.0,8.2,407,23570,0.00,2.08,0.00,0.000,1030,0.000,0.026,3127,1772,1754,1899,1609,0,0,0,0,0,0,26.27,26.20,26.31,8.59,58.42
$GC,23949,0.63,256.8,3126,1772,1899,1609,284.7,8.3,412,23953,0.00,2.22,0.00,0.000,516,0.000,0.046,3127,372,1754,1899,1609,0,0,0,0,0,0,26.68,25.92,26.70,8.59,58.82
$GC,23990,0.63,256.8,3127,372,1899,1609,284.7,8.3,412,23994,0.00,2.08,0.00,0.000,1030,0.000,0.026,3127,1771,1754,1899,1609,0,0,0,0,0,0,26.27,26.20,26.30,8.59,57.67
$GC,24354,0.63,256.8,3127,1771,1899,1609,252.5,7.9,417,24359,0.00,2.25,0.00,0.000,516,0.000,0.046,3127,377,1754,1899,1609,0,0,0,0,0,0,26.68,25.92,26.69,8.60,58.03
$GC,24391,0.63,256.8,3127,377,1899,1609,252.5,7.9,417,24395,0.00,2.08,0.00,0.000,1030,0.000,0.026,3127,1775,1754,1899,1609,0,0,0,0,0,0,26.27,26.20,26.30,8.59,58.03
$GC,24761,0.63,256.8,3126,1775,1899,1609,219.8,8.1,422,24765,0.00,2.22,0.00,0.000,516,0.000,0.046,3127,376,1754,1899,1609,0,0,0,0,0,0,26.68,25.91,26.69,8.60,58.11
$GC,24862,0.63,256.8,3126,376,1899,1609,213.1,8.0,423,24866,0.00,2.08,0.00,0.000,1030,0.000,0.026,3127,1773,1754,1899,1609,0,0,0,0,0,0,26.27,26.19,26.29,8.60,57.63
$GC,25186,0.63,258.9,3127,1773,1899,1609,187.1,7.4,431,25192,0.00,2.22,0.00,0.000,516,0.000,0.045,3127,371,1754,1899,1609,0,0,0,0,0,0,26.68,25.91,26.69,8.61,57.20
$GC,25247,0.63,258.9,3127,371,1900,1609,182.4,7.5,434,25251,0.00,2.10,0.00,0.000,1030,0.000,0.025,3127,1781,1754,1899,1609,0,0,0,0,0,0,26.27,26.19,26.29,8.61,57.83
$GC,25572,0.73,287.1,3127,1781,1899,1609,158.6,6.5,450,25610,0.00,2.30,27.40,0.796,8708,0.000,0.044,3127,375,1632,1788,1476,0,0,0,0,0,0,26.68,25.62,24.68,8.62,57.32
$GC,25771,0.93,308.7,3127,375,1786,1476,145.3,6.8,459,25804,0.15,2.10,19.40,0.758,11270,0.063,0.026,3215,1775,1543,1704,1382,0,0,0,0,0,0,25.96,26.00,24.68,8.63,57.36
$GC,26103,0.93,308.7,3214,1775,1699,1380,119.6,7.8,476,26108,0.00,2.22,0.00,0.000,516,0.000,0.044,3216,375,1539,1698,1380,0,0,0,0,0,0,26.45,25.89,26.46,8.71,58.15
$GC,26189,0.93,308.7,3215,376,1698,1380,112.7,8.2,480,26194,0.00,2.12,0.00,0.000,1030,0.000,0.025,3216,1776,1539,1698,1380,0,0,0,0,0,0,26.13,26.10,26.15,8.73,58.38
$GC,26514,0.95,327.8,3215,1776,1698,1379,88.7,6.8,496,26534,0.00,2.17,15.68,0.675,8452,0.000,0.037,3216,3162,1465,1630,1301,0,0,0,0,0,0,26.59,25.80,24.96,8.80,57.79
$GC,26631,0.95,332.5,3216,3162,1628,1300,81.1,7.3,501,26642,0.00,2.08,5.00,0.531,9222,0.000,0.024,3216,1766,1448,1612,1284,0,0,0,0,0,0,26.13,26.06,24.75,8.81,56.93
$GC,26944,0.98,366.1,3216,1766,1610,1284,60.0,6.3,517,26979,0.00,0.00,28.00,0.646,8198,0.000,0.000,3216,1766,1310,1482,1139,0,0,0,0,0,0,26.54,25.60,24.91,8.87,56.14
$GC,27284,0.99,376.4,3216,1766,1478,1139,37.2,7.1,543,27304,0.00,2.17,9.20,0.552,8708,0.000,0.041,3216,366,1269,1437,1101,0,0,0,0,0,0,26.48,25.78,24.96,8.90,53.22
$GC,27423,1.05,376.4,3216,366,1437,1101,26.5,7.7,556,27428,0.00,2.10,0.00,0.000,1030,0.000,0.022,3216,1778,1269,1437,1101,0,0,0,0,0,0,26.17,26.15,26.18,8.92,52.40
$STATE,27725,end climb,SURFACE_DEPTH_REACHED
$STATE,27725,begin surface coast
$FINISH,-0.4,1.022433
$STATE,27766,end surface coast,CONTROL_FINISHED_OK
$STATE,27766,begin surface
$SM_CCo,27847,0.00,0.000,0,0,1268,377.27
$SM_GC,0.72,7.62,0.62,0.00,0.024,0.042,0.000,174,2205,1268,-8.34,-1.84,377.27,0,0,0,0,0,0,26.31,26.20,26.34
$IRIDIUM_FIX,444.87,-14018.87,170125,110921
$TT8_MAMPS,0.026215,0.378994
$HUMID,50.11
$INTERNAL_PRESSURE,8.9274
$TCM_TEMP,21.80
$XPDR_PINGS,0
$ALTIM_TOP_PING,19.3,18.4
$24V_AH,23.14,37.287
$10V_AH,10.07,29.749
$FG_AHR_24Vo,0.000
$FG_AHR_10Vo,0.000
$DEVICES,Pitch_motor,Roll_motor,VBD_pump_during_apogee,VBD_pump_during_surface,VBD_valve,Iridium_during_init,Iridium_during_connect,Iridium_during_xfer,Transponder_ping,GUMSTIX_24V,GPS,TT8,LPSleep,TT8_Active,TT8_Sampling,TT8_CF8,TT8_Kalman,Analog_circuits,GPS_charging,Compass,RAFOS,Transponder,Compass2
$DEVICE_SECS,20.000,216.425,482.200,0.000,0.000,0.000,0.000,313.725,0.250,0.000,29.927,2771.600,21394.553,579.590,3160.010,457.547,0.000,2410.421,0.000,2593.908,0.000,4.685,0.000
$DEVICE_MAMPS,205.020,51.255,1371.645,0.000,0.000,0.000,0.000,87.975,420.000,0.000,30.710,15.210,2.190,15.210,43.670,53.410,0.000,14.000,0.000,8.240,0.000,30.000,0.000
$SENSORS,SBE_CT,WL_blue_red_Chl,AA4330,nil,nil,nil,nil,nil,nil,nil
$SENSOR_SECS,513.909,361.096,803.981,0.000,0.000,0.000,0.000,0.000,0.000,0.000
$SENSOR_MAMPS,22.470,105.000,11.230,0.000,0.000,0.000,0.000,0.000,0.000,0.000
$MEM,311700
$DATA_FILE_SIZE,45178,590
$CAP_FILE_SIZE,214827,0
$CFSIZE,2097872896,2062745600
$ERRORS,0,1,0,0,0,0,0,0,0,0,0,0,0,0,1,0
$INTR,0,2232.32,0x2139aa,0,24
$CURRENT,0.119,142.14,1
$GPS,040605,031010,445.130,-14016.550,46,1.0,61,9.2,0.8,169.2,8,4.6
