version: 66.14
glider: 195
mission: 21
dive: 61
start: 4 18 105 20 22 12
data:
$ID,195
$MISSION,21
$DIVE,61
$N_DIVES,0
$STOP_T,0
$D_SURF,3
$D_FLARE,2
$D_TGT,990
$D_ABORT,1090
$D_NO_BLEED,50
$D_BOOST,3
$T_BOOST,0
$D_FINISH,0
$D_PITCH,0
$D_SAFE,0
$D_CALL,0
$SURFACE_URGENCY,0
$SURFACE_URGENCY_TRY,0
$SURFACE_URGENCY_FORCE,0
$T_DIVE,330
$T_MISSION,450
$T_ABORT,1440
$T_TURN,300
$T_TURN_SAMPINT,5
$T_NO_W,120
$T_LOITER,0
$T_SLOITER,60
$T_EPIRB,0
$USE_BATHY,0
$USE_ICE,0
$ICE_FREEZE_MARGIN,0.30000001
$D_OFFGRID,990
$T_WATCHDOG,10
$RELAUNCH,1
$APOGEE_PITCH,-8
$MAX_BUOY,150
$COURSE_BIAS,0
$GLIDE_SLOPE,30
$SPEED_FACTOR,1
$RHO,1.023
$MASS,54002
$MASS_COMP,0
$NAV_MODE,2
$FERRY_MAX,45
$KALMAN_USE,2
$HD_A,0.0038000001
$HD_B,0.0099999998
$HD_C,9.8500004e-06
$HEADING,-1
$ESCAPE_HEADING,0
$ESCAPE_HEADING_DELTA,10
$FIX_MISSING_TIMEOUT,0
$TGT_DEFAULT_LAT,4736
$TGT_DEFAULT_LON,-12225
$TGT_AUTO_DEFAULT,0
$SM_CC,250
$N_FILEKB,4
$FILEMGR,0
$CALL_NDIVES,1
$COMM_SEQ,0
$PROTOCOL,9
$N_NOCOMM,1
$NOCOMM_ACTION,0
$N_NOSURFACE,0
$UPLOAD_DIVES_MAX,-1
$CALL_TRIES,5
$CALL_WAIT,60
$CAPUPLOAD,0
$CAPMAXSIZE,200000
$HEAPDBG,0
$T_GPS,15
$N_GPS,50840
$T_RSLEEP,2
$STROBE,0
$RAFOS_PEAK_OFFSET,1.5
$RAFOS_CORR_THRESH,60
$RAFOS_HIT_WINDOW,3600
$RAFOS_MMODEM,0
$PITCH_MIN,207
$PITCH_MAX,3915
$C_PITCH,2880
$PITCH_DBAND,0.1
$PITCH_CNV,0.003125763
$P_OVSHOOT,0.039999999
$P_OVSHOOT_WITHG,0.079999998
$PITCH_GAIN,24
$PITCH_TIMEOUT,17
$PITCH_AD_RATE,160
$PITCH_MAXERRORS,1
$PITCH_ADJ_GAIN,0.02
$PITCH_ADJ_DBAND,2.5
$ROLL_MIN,224
$ROLL_MAX,3758
$ROLL_DEG,40
$C_ROLL_DIVE,2200
$C_ROLL_CLIMB,1700
$HEAD_ERRBAND,20
$ROLL_CNV,0.028270001
$ROLL_TIMEOUT,15
$R_PORT_OVSHOOT,48
$R_STBD_OVSHOOT,46
$ROLL_AD_RATE,350
$ROLL_MAXERRORS,2
$ROLL_ADJ_GAIN,0
$ROLL_ADJ_DBAND,0
$VBD_MIN,500
$VBD_MAX,3960
$C_VBD,2707
$VBD_DBAND,2
$VBD_CNV,-0.24529999
$VBD_LP_IGNORE,0
$VBD_TIMEOUT,720
$PITCH_VBD_SHIFT,0.001
$VBD_PUMP_AD_RATE_SURFACE,5
$VBD_PUMP_AD_RATE_APOGEE,4
$VBD_BLEED_AD_RATE,8
$UNCOM_BLEED,60
$VBD_MAXERRORS,1
$W_ADJ_DBAND,0
$DBDW,0
$PITCH_W_GAIN,0
$PITCH_W_DBAND,0
$CF8_MAXERRORS,5
$AH0_24V,150
$AH0_10V,97
$MINV_24V,19
$MINV_10V,8
$MAXI_24V,0.80000001
$MAXI_10V,0.60000002
$FG_AHR_10V,0
$FG_AHR_24V,0
$PHONE_SUPPLY,-2
$PRESSURE_YINT,-49.397121
$PRESSURE_SLOPE,0.0001168043
$AD7714Ch0Gain,128
$TCM_PITCH_OFFSET,0
$TCM_ROLL_OFFSET,0
$COMPASS_USE,4
$ALTIM_BOTTOM_PING_RANGE,0
$ALTIM_TOP_PING_RANGE,20
$ALTIM_BOTTOM_TURN_MARGIN,0
$ALTIM_TOP_TURN_MARGIN,0
$ALTIM_TOP_MIN_OBSTACLE,1
$ALTIM_PING_DEPTH,0
$ALTIM_PING_DELTA,0
$ALTIM_FREQUENCY,13
$ALTIM_PULSE,3
$ALTIM_SENSITIVITY,3
$XPDR_VALID,5
$XPDR_INHIBIT,90
$INT_PRESSURE_SLOPE,0.0097660003
$INT_PRESSURE_YINT,-0.77999997
$DEEPGLIDER,0
$MOTHERBOARD,4
$DEVICE1,2
$DEVICE2,115
$DEVICE3,101
$DEVICE4,-1
$DEVICE5,-1
$DEVICE6,-1
$LOGGERS,0
$LOGGERDEVICE1,-1
$LOGGERDEVICE2,-1
$LOGGERDEVICE3,-1
$LOGGERDEVICE4,-1
$COMPASS_DEVICE,33
$COMPASS2_DEVICE,-1
$PHONE_DEVICE,49
$GPS_DEVICE,32
$RAFOS_DEVICE,-1
$XPDR_DEVICE,24
$SIM_W,0
$SIM_PITCH,0
$SEABIRD_T_G,0.0044178674
$SEABIRD_T_H,0.00064818078
$SEABIRD_T_I,2.6779007e-05
$SEABIRD_T_J,3.3667231e-06
$SEABIRD_C_G,-10.098215
$SEABIRD_C_H,1.1454017
$SEABIRD_C_I,-0.0021276253
$SEABIRD_C_J,0.00025532115
$SEABIRD_C_Z,2974.52
$GPS1,180405,201417,59.3929,-13813.1240,46,0.9,55,9.4,1.0,258.2,9,5.0
$_CALLS,1
$_XMS_NAKs,0
$_XMS_TOUTs,0
$_SM_DEPTHo,0.62
$_SM_ANGLEo,-63.6
$GPS2,180405,202127,59.3725,-13813.4023,21,0.9,21,9.4,0.3,250.8,10,0.0
$SPEED_LIMITS,0.173,0.262
$TGT_NAME,WEST
$TGT_LATLONG,200.000,-14000.000
$TGT_RADIUS,200.000
$KALMAN_CONTROL,0.000000,0.000000
$KALMAN_X,0.000000,0.000000,0.000000,0.000000,0.000000
$KALMAN_Y,0.000000,0.000000,0.000000,0.000000,0.000000
$MHEAD_RNG_PITCHd_Wd,299.4,227011,-18.1,-10.000,-20.93,2235
$D_GRID,990
$GCHEAD,st_secs,pitch_ctl,vbd_ctl,pitch_ad_start,roll_ad_start,vbd_pot1_ad_start,vbd_pot2_ad_start,depth,ob_vertv,data_pts,end_secs,pitch_secs,roll_secs,vbd_secs,vbd_i,gcphase,pitch_i,roll_i,pitch_ad,roll_ad,vbd_ad,vbd_pot1_ad,vbd_pot2_ad,pitch_retries,pitch_errors,roll_retries,roll_errors,vbd_retries,vbd_errors,pitch_volts,roll_volts,vbd_volts,int_press,humidity
$STATE,6,end surface,CONTROL_FINISHED_OK
$STATE,6,begin dive
$GC,77,-0.90,-146.6,160,2206,1677,1376,0.6,-0.3,12,129,0.00,0.00,-49.92,0.000,16386,0.000,0.000,159,2206,2819,2837,2801,0,0,0,0,0,0,26.45,28.83,26.46,8.95,45.35
$GC,133,-0.90,-146.6,159,2206,2838,2801,2.1,-4.2,19,164,9.12,2.15,-11.85,0.000,18692,0.213,0.054,2574,3593,3308,3331,3285,0,0,0,0,0,0,25.86,24.88,26.01,9.08,45.90
$GC,484,-0.73,-146.6,2573,3593,3339,3285,75.5,-21.4,72,495,0.22,2.03,0.00,0.000,3078,0.142,0.021,2644,2168,3312,3339,3285,0,0,0,0,0,0,26.12,26.38,26.29,9.15,45.19
$GC,797,-0.73,-146.6,2643,2167,3342,3285,114.7,-13.4,97,801,0.00,1.98,0.00,0.000,516,0.000,0.032,2644,824,3313,3341,3285,0,0,0,0,0,0,26.70,26.40,26.72,9.14,45.15
$GC,854,-0.73,-146.6,2643,824,3342,3285,120.7,-13.1,99,862,0.00,2.03,0.00,0.000,1030,0.000,0.027,2637,2199,3313,3342,3285,0,0,0,0,0,0,26.46,26.43,26.48,9.13,44.52
$GC,1163,-0.73,-146.6,2637,2199,3347,3285,144.5,-6.4,115,1164,0.00,0.00,0.00,0.000,6,0.000,0.000,2637,2200,3316,3347,3286,0,0,0,0,0,0,26.74,26.76,26.76,9.09,44.17
$GC,1463,-0.73,-146.6,2637,2200,3349,3286,165.1,-6.6,130,1464,0.00,0.00,0.00,0.000,6,0.000,0.000,2637,2199,3317,3349,3285,0,0,0,0,0,0,26.77,26.78,26.78,9.05,45.11
$GC,1763,-0.73,-146.6,2637,2199,3350,3285,186.8,-7.7,145,1768,0.00,2.15,0.00,0.000,260,0.000,0.043,2628,3596,3317,3350,3285,0,0,0,0,0,0,26.78,26.44,26.79,9.03,45.43
$GC,1949,-0.73,-146.6,2627,3596,3350,3286,201.7,-9.0,153,1958,0.00,2.00,0.00,0.000,1030,0.000,0.021,2627,2199,3317,3350,3285,0,0,0,0,0,0,26.56,26.54,26.58,9.01,46.22
$GC,2256,-0.73,-146.6,2627,2199,3350,3285,233.3,-10.3,169,2261,0.00,2.03,0.00,0.000,516,0.000,0.032,2627,820,3317,3350,3285,0,0,0,0,0,0,26.79,26.48,26.80,8.98,47.28
$GC,2376,-0.73,-146.6,2627,820,3350,3285,244.5,-10.3,174,2384,0.00,2.03,0.00,0.000,1030,0.000,0.028,2619,2195,3317,3350,3285,0,0,0,0,0,0,26.53,26.50,26.55,8.97,47.99
$GC,2685,-0.73,-146.6,2618,2195,3349,3285,272.3,-8.3,190,2689,0.00,2.17,0.00,0.000,260,0.000,0.043,2609,3597,3317,3349,3285,0,0,0,0,0,0,26.79,26.44,26.80,8.95,47.99
$GC,2742,-0.73,-146.6,2608,3597,3349,3285,275.9,-8.2,192,2751,0.10,2.00,0.00,0.000,3078,0.133,0.021,2642,2199,3317,3350,3285,0,0,0,0,0,0,26.31,26.55,26.40,8.95,48.18
$GC,3053,-0.79,-146.6,2641,2199,3349,3285,300.3,-8.3,208,3058,0.00,2.17,0.00,0.000,260,0.000,0.044,2635,3600,3316,3348,3285,0,0,0,0,0,0,26.79,26.44,26.80,8.93,48.77
$GC,3156,-0.79,-146.6,2634,3600,3347,3285,309.0,-8.8,211,3161,0.00,1.98,0.00,0.000,1030,0.000,0.022,2635,2203,3316,3347,3285,0,0,0,0,0,0,26.59,26.53,26.60,8.92,49.92
$GC,3481,-0.84,-146.6,2634,2203,3344,3285,338.4,-9.0,222,3486,0.00,2.03,0.00,0.000,516,0.000,0.034,2634,828,3315,3345,3285,0,0,0,0,0,0,26.79,26.46,26.81,8.92,49.72
$GC,3694,-0.84,-146.6,2634,828,3342,3285,355.5,-9.0,228,3702,0.00,2.03,0.00,0.000,1030,0.000,0.029,2626,2194,3313,3342,3285,0,0,0,0,0,0,26.53,26.50,26.55,8.90,49.84
$GC,4002,-0.84,-146.6,2626,2194,3341,3283,384.8,-8.6,239,4007,0.00,2.15,0.00,0.000,260,0.000,0.044,2616,3601,3312,3341,3283,0,0,0,0,0,0,26.79,26.44,26.81,8.89,51.06
$GC,4175,-0.84,-146.6,2615,3601,3341,3282,397.8,-8.3,244,4179,0.00,1.98,0.00,0.000,1030,0.000,0.023,2616,2205,3311,3340,3282,0,0,0,0,0,0,26.59,26.53,26.60,8.89,50.55
$GC,4494,-0.84,-146.6,2615,2204,3340,3281,424.4,-8.5,255,4496,0.00,0.00,0.00,0.000,6,0.000,0.000,2616,2205,3310,3340,3280,0,0,0,0,0,0,26.80,26.81,26.81,8.87,50.74
$GC,4795,-0.84,-146.6,2615,2205,3339,3279,448.8,-8.1,265,4800,0.00,2.17,0.00,0.000,260,0.000,0.045,2606,3597,3309,3339,3279,0,0,0,0,0,0,26.79,26.43,26.81,8.86,51.37
$GC,4923,-0.84,-146.6,2605,3597,3337,3278,460.1,-8.9,269,4928,0.00,2.00,0.00,0.000,1030,0.000,0.024,2605,2201,3308,3338,3278,0,0,0,0,0,0,26.58,26.53,26.60,8.85,51.26
$GC,5259,-0.84,-146.6,2605,2200,3337,3276,489.6,-8.6,280,5260,0.00,0.00,0.00,0.000,6,0.000,0.000,2606,2200,3306,3337,3276,0,0,0,0,0,0,26.80,26.82,26.81,8.84,52.04
$GC,5559,-0.84,-146.6,2605,2200,3336,3274,515.3,-8.4,290,5563,0.00,2.10,0.00,0.000,516,0.000,0.037,2606,817,3305,3336,3274,0,0,0,0,0,0,26.80,26.44,26.81,8.83,52.12
$GC,5662,-0.84,-146.6,2605,816,3336,3274,523.7,-8.7,293,5666,0.00,2.08,0.00,0.000,1030,0.000,0.031,2597,2199,3304,3335,3274,0,0,0,0,0,0,26.52,26.48,26.54,8.82,52.87
$GC,5986,-0.84,-146.6,2596,2198,3334,3273,551.5,-8.2,304,5992,0.00,2.20,0.00,0.000,260,0.000,0.047,2586,3625,3303,3333,3273,0,0,0,0,0,0,26.80,26.41,26.81,8.81,52.79
$GC,6065,-0.84,-146.6,2585,3625,3332,3273,557.3,-8.6,306,6069,0.00,2.05,0.00,0.000,1030,0.000,0.025,2586,2202,3302,3332,3272,0,0,0,0,0,0,26.58,26.52,26.60,8.81,52.99
$GC,6384,-0.84,-146.6,2585,2202,3331,3271,585.7,-8.4,317,6390,0.00,2.20,0.00,0.000,260,0.000,0.046,2575,3637,3301,3331,3271,0,0,0,0,0,0,26.80,26.41,26.81,8.80,53.50
$GC,6458,-0.84,-146.6,2575,3637,3330,3270,591.7,-8.7,319,6465,0.10,2.08,0.00,0.000,3078,0.157,0.025,2605,2197,3300,3330,3271,0,0,0,0,0,0,26.28,26.52,26.43,8.80,53.15
$GC,6781,-0.84,-146.6,2605,2197,3329,3268,619.5,-8.5,330,6786,0.00,2.20,0.00,0.000,260,0.000,0.047,2598,3596,3298,3329,3268,0,0,0,0,0,0,26.79,26.41,26.81,8.79,53.46
$GC,6912,-0.84,-146.6,2597,3597,3329,3267,631.1,-9.2,334,6917,0.00,2.05,0.00,0.000,1030,0.000,0.026,2598,2202,3298,3329,3267,0,0,0,0,0,0,26.54,26.52,26.56,8.79,53.66
$GC,7242,-0.84,-146.6,2597,2201,3329,3265,661.2,-8.9,345,7243,0.00,0.00,0.00,0.000,6,0.000,0.000,2598,2201,3296,3328,3265,0,0,0,0,0,0,26.80,26.81,26.81,8.78,54.05
$GC,7542,-0.84,-146.6,2597,2201,3327,3264,687.9,-8.9,355,7546,0.00,2.10,0.00,0.000,516,0.000,0.038,2598,825,3295,3327,3264,0,0,0,0,0,0,26.80,26.44,26.80,8.78,53.50
$GC,7708,-0.84,-146.6,2597,825,3326,3263,702.1,-9.1,360,7713,0.00,2.08,0.00,0.000,1030,0.000,0.033,2589,2205,3295,3326,3264,0,0,0,0,0,0,26.50,26.46,26.53,8.77,53.58
$GC,8033,-0.84,-146.6,2589,2205,3324,3262,731.4,-8.7,371,8035,0.00,0.00,0.00,0.000,6,0.000,0.000,2589,2205,3293,3325,3262,0,0,0,0,0,0,26.80,26.82,26.81,8.76,54.05
$GC,8333,-0.84,-146.6,2589,2205,3323,3261,756.5,-8.2,381,8334,0.00,0.00,0.00,0.000,6,0.000,0.000,2590,2204,3292,3324,3261,0,0,0,0,0,0,26.80,26.81,26.81,8.76,54.52
$GC,8633,-0.84,-146.6,2589,2205,3323,3260,781.7,-8.4,391,8638,0.00,2.20,0.00,0.000,260,0.000,0.048,2580,3601,3291,3323,3260,0,0,0,0,0,0,26.79,26.39,26.81,8.76,54.92
$GC,8716,-0.84,-146.6,2579,3602,3323,3259,787.5,-8.5,393,8721,0.00,2.05,0.00,0.000,1030,0.000,0.027,2579,2194,3291,3323,3259,0,0,0,0,0,0,26.56,26.50,26.58,8.75,54.72
$GC,9031,-0.84,-146.6,2578,2195,3323,3258,816.9,-8.6,404,9034,0.10,0.00,0.00,0.000,2054,0.163,0.000,2608,2194,3291,3323,3259,0,0,0,0,0,0,26.34,26.50,26.45,8.75,55.00
$GC,9332,-0.89,-146.6,2607,2194,3323,3258,840.7,-7.9,414,9333,0.00,0.00,0.00,0.000,6,0.000,0.000,2608,2194,3290,3323,3258,0,0,0,0,0,0,26.80,26.81,26.81,8.75,55.00
$GC,9632,-0.94,-146.6,2607,2194,3322,3257,864.0,-7.8,424,9637,0.00,2.08,0.00,0.000,516,0.000,0.039,2608,815,3289,3322,3257,0,0,0,0,0,0,26.80,26.41,26.81,8.74,55.11
$GC,9737,-0.94,-146.6,2608,815,3322,3257,871.6,-7.8,427,9741,0.00,2.08,0.00,0.000,1030,0.000,0.034,2603,2208,3289,3322,3257,0,0,0,0,0,0,26.53,26.44,26.55,8.74,55.07
$GC,10062,-0.94,-146.6,2602,2208,3321,3255,897.3,-7.7,438,10063,0.00,0.00,0.00,0.000,6,0.000,0.000,2603,2207,3288,3321,3255,0,0,0,0,0,0,26.79,26.81,26.81,8.73,55.59
$GC,10362,-0.94,-146.6,2603,2208,3319,3254,919.2,-7.3,448,10367,0.00,2.20,0.00,0.000,260,0.000,0.050,2594,3603,3286,3319,3254,0,0,0,0,0,0,26.79,26.35,26.80,8.73,55.51
$GC,10493,-0.94,-146.6,2593,3604,3317,3254,928.9,-7.6,452,10497,0.00,2.05,0.00,0.000,1030,0.000,0.028,2594,2197,3286,3318,3254,0,0,0,0,0,0,26.55,26.48,26.57,8.72,55.39
$GC,10823,-0.94,-146.6,2593,2196,3318,3253,953.2,-7.3,463,10828,0.00,2.22,0.00,0.000,260,0.000,0.049,2583,3600,3285,3318,3253,0,0,0,0,0,0,26.79,26.36,26.81,8.72,55.51
$GC,10951,-0.94,-146.6,2583,3601,3317,3252,963.2,-8.0,467,10956,0.00,2.05,0.00,0.000,1030,0.000,0.028,2583,2196,3285,3317,3253,0,0,0,0,0,0,26.55,26.48,26.57,8.72,55.74
$GC,11286,-0.94,-146.6,2583,2196,3317,3252,989.2,-7.5,478,11288,0.00,0.00,0.00,0.000,6,0.000,0.000,2583,2197,3284,3317,3252,0,0,0,0,0,0,26.79,26.81,26.80,8.72,56.14
$STATE,11314,end dive,TARGET_DEPTH_EXCEEDED
$STATE,11314,begin apogee
$GC,11322,-0.33,0.0,2583,1693,3317,3252,991.7,-7.7,479,11453,0.55,0.00,127.32,1.402,10246,0.113,0.000,2768,1692,2705,2798,2613,0,0,0,0,0,0,26.17,24.89,24.15,8.71,55.47
$STATE,11454,end apogee,CONTROL_FINISHED_OK
$STATE,11454,begin climb
$GC,11457,0.90,146.6,2768,1692,2792,2613,995.0,0.0,483,11598,1.15,0.00,136.65,1.346,10758,0.078,0.000,3167,1692,2107,2211,2004,0,0,0,0,0,0,25.10,24.58,23.90,8.66,54.64
$GC,11886,0.90,146.6,3166,1692,2204,2001,942.7,13.7,498,11887,0.00,0.00,0.00,0.000,6,0.000,0.000,3167,1692,2102,2204,2001,0,0,0,0,0,0,26.23,26.25,26.24,8.61,54.84
$GC,12186,0.90,146.6,3167,1692,2202,2000,903.0,13.1,508,12191,0.00,2.22,0.00,0.000,260,0.000,0.043,3167,3103,2101,2202,2000,0,0,0,0,0,0,26.50,26.18,26.51,8.61,55.35
$GC,12229,0.90,146.6,3166,3103,2202,2000,898.0,13.3,509,12234,0.00,2.10,0.00,0.000,1030,0.000,0.033,3177,1705,2100,2201,2000,0,0,0,0,0,0,26.30,26.23,26.33,8.60,54.96
$GC,12554,0.84,146.6,3176,1704,2201,2000,852.5,13.7,520,12558,0.00,2.22,0.00,0.000,516,0.000,0.051,3179,301,2100,2201,2000,0,0,0,0,0,0,26.64,26.28,26.65,8.60,56.22
$GC,12619,0.78,146.6,3177,301,2201,2000,843.4,14.0,522,12626,0.15,2.12,0.00,0.000,5126,0.138,0.031,3132,1723,2100,2201,2000,0,0,0,0,0,0,26.17,26.36,26.34,8.60,55.90
$GC,12951,0.78,146.6,3131,1723,2200,1999,805.8,11.3,533,12952,0.00,0.00,0.00,0.000,6,0.000,0.000,3131,1723,2099,2200,1999,0,0,0,0,0,0,26.71,26.72,26.72,8.59,56.61
$GC,13251,0.78,146.6,3131,1723,2200,1998,772.5,11.2,543,13252,0.00,0.00,0.00,0.000,6,0.000,0.000,3131,1723,2099,2200,1998,0,0,0,0,0,0,26.74,26.75,26.75,8.60,56.81
$GC,13551,0.78,146.6,3131,1723,2199,1998,739.0,11.4,553,13552,0.00,0.00,0.00,0.000,6,0.000,0.000,3132,1723,2098,2199,1998,0,0,0,0,0,0,26.76,26.77,26.77,8.59,56.97
$GC,13851,0.78,146.6,3131,1723,2199,1998,704.6,11.4,563,13852,0.00,0.00,0.00,0.000,6,0.000,0.000,3131,1723,2098,2199,1997,0,0,0,0,0,0,26.77,26.78,26.78,8.60,56.10
$GC,14151,0.78,146.6,3131,1723,2199,1997,670.2,11.2,573,14155,0.00,2.28,0.00,0.000,516,0.000,0.051,3139,283,2098,2199,1997,0,0,0,0,0,0,26.77,26.38,26.79,8.60,56.41
$GC,14203,0.78,146.6,3138,283,2198,1997,666.1,11.4,574,14207,0.00,2.12,0.00,0.000,1030,0.000,0.031,3138,1710,2097,2198,1997,0,0,0,0,0,0,26.54,26.46,26.56,8.60,56.45
$GC,14518,0.78,146.6,3138,1710,2199,1997,626.2,12.0,585,14519,0.00,0.00,0.00,0.000,6,0.000,0.000,3139,1711,2098,2199,1997,0,0,0,0,0,0,26.77,26.79,26.79,8.60,55.82
$GC,14817,0.78,146.6,3138,1711,2198,1997,591.6,11.3,595,14822,0.00,2.12,0.00,0.000,260,0.000,0.043,3139,3101,2098,2199,1997,0,0,0,0,0,0,26.78,26.41,26.79,8.61,55.94
$GC,14931,0.78,146.6,3138,3101,2199,1997,580.0,12.1,598,14936,0.00,2.10,0.00,0.000,1030,0.000,0.034,3138,1692,2097,2198,1996,0,0,0,0,0,0,26.53,26.45,26.56,8.61,55.86
$GC,15246,0.78,146.6,3138,1691,2199,1997,541.8,11.6,609,15247,0.00,0.00,0.00,0.000,6,0.000,0.000,3139,1691,2097,2199,1996,0,0,0,0,0,0,26.78,26.79,26.79,8.61,55.74
$GC,15546,0.78,146.6,3138,1690,2199,1997,506.9,11.5,619,15547,0.00,0.00,0.00,0.000,6,0.000,0.000,3139,1691,2097,2198,1997,0,0,0,0,0,0,26.78,26.79,26.79,8.61,55.94
$GC,15845,0.78,146.6,3138,1691,2198,1996,473.2,11.4,629,15847,0.00,0.00,0.00,0.000,6,0.000,0.000,3138,1690,2096,2198,1995,0,0,0,0,0,0,26.79,26.80,26.79,8.61,55.39
$GC,16145,0.78,146.6,3137,1690,2199,1997,438.7,11.7,639,16150,0.00,2.17,0.00,0.000,260,0.000,0.042,3138,3091,2097,2198,1996,0,0,0,0,0,0,26.79,26.41,26.79,8.61,55.31
$GC,16192,0.78,146.6,3138,3091,2198,1996,434.5,11.9,640,16196,0.00,2.08,0.00,0.000,1030,0.000,0.032,3138,1692,2098,2199,1997,0,0,0,0,0,0,26.53,26.45,26.56,8.61,55.23
$GC,16512,0.78,146.6,3138,1690,2199,1997,396.4,11.3,651,16513,0.00,0.00,0.00,0.000,6,0.000,0.000,3138,1690,2097,2199,1996,0,0,0,0,0,0,26.78,26.79,26.79,8.62,55.07
$GC,16811,0.78,146.6,3137,1690,2199,1996,364.6,10.4,661,16813,0.00,0.00,0.00,0.000,6,0.000,0.000,3139,1690,2097,2199,1996,0,0,0,0,0,0,26.79,26.79,26.79,8.63,55.63
$GC,17111,0.78,146.7,3138,1688,2199,1997,335.1,10.0,671,17113,0.00,0.00,0.00,0.000,6,0.000,0.000,3139,1688,2097,2198,1997,0,0,0,0,0,0,26.78,26.80,26.79,8.64,55.51
$GC,17411,0.78,146.7,3138,1688,2198,1996,303.3,10.9,681,17416,0.00,2.20,0.00,0.000,516,0.000,0.050,3139,307,2097,2199,1996,0,0,0,0,0,0,26.79,26.36,26.79,8.65,55.55
$GC,17479,0.78,146.7,3138,307,2199,1996,296.3,10.8,684,17483,0.00,2.08,0.00,0.000,1030,0.000,0.029,3138,1713,2097,2198,1997,0,0,0,0,0,0,26.54,26.46,26.56,8.66,55.07
$GC,17798,0.78,146.7,3138,1713,2198,1997,263.7,10.2,700,17803,0.00,2.12,0.00,0.000,260,0.000,0.041,3138,3087,2098,2199,1997,0,0,0,0,0,0,26.78,26.41,26.79,8.67,53.97
$GC,17910,0.78,146.7,3138,3087,2199,1997,251.7,11.0,705,17915,0.00,2.05,0.00,0.000,1030,0.000,0.031,3138,1698,2098,2199,1997,0,0,0,0,0,0,26.53,26.45,26.55,8.68,54.37
$GC,18230,0.80,160.0,3138,1697,2199,1997,219.9,9.4,721,18249,0.00,0.00,11.90,0.814,8198,0.000,0.000,3138,1696,2050,2151,1949,0,0,0,0,0,0,26.78,25.95,25.48,8.68,53.78
$GC,18549,0.80,160.0,3138,1696,2151,1949,185.1,12.2,737,18551,0.00,0.00,0.00,0.000,6,0.000,0.000,3139,1696,2050,2151,1949,0,0,0,0,0,0,26.67,26.67,26.67,8.68,53.03
$GC,18849,0.80,160.0,3138,1696,2151,1949,152.0,10.9,752,18851,0.00,0.00,0.00,0.000,6,0.000,0.000,3138,1696,2050,2151,1949,0,0,0,0,0,0,26.72,26.72,26.72,8.70,53.70
$GC,19149,0.80,160.0,3138,1696,2152,1949,123.9,10.1,767,19151,0.00,0.00,0.00,0.000,6,0.000,0.000,3139,1696,2050,2151,1949,0,0,0,0,0,0,26.74,26.76,26.75,8.72,53.62
$GC,19451,0.99,281.2,3138,1696,2152,1949,102.6,4.5,782,19560,0.12,2.28,100.20,0.787,10756,0.068,0.046,3234,304,1556,1720,1393,0,0,0,0,0,0,26.53,25.08,24.70,8.76,54.17
$GC,19601,0.99,281.2,3234,304,1719,1393,85.9,13.0,794,19609,0.10,2.15,0.00,0.000,5126,0.128,0.028,3202,1704,1556,1719,1393,0,0,0,0,0,0,25.58,25.70,25.65,8.75,52.87
$GC,19911,1.09,327.6,3201,1704,1716,1388,57.6,7.9,825,19950,0.00,0.00,35.62,0.718,8198,0.000,0.000,3201,1704,1368,1546,1190,0,0,0,0,0,0,26.44,25.55,25.04,8.83,53.54
$GC,20264,1.29,408.3,3201,1704,1538,1189,26.3,6.3,884,20325,0.20,0.00,50.15,0.657,10246,0.047,0.000,3322,1704,1038,1176,900,0,0,0,0,0,0,26.24,25.32,24.98,8.87,51.18
$STATE,20417,end climb,SURFACE_DEPTH_REACHED
$STATE,20417,begin surface coast
$FINISH,-0.7,0.998198
$STATE,20435,end surface coast,CONTROL_FINISHED_OK
$STATE,20435,begin surface
$SM_CCo,20515,0.00,0.000,0,0,1036,409.90
$SM_GC,0.10,7.97,0.73,0.00,0.023,0.031,0.000,181,2198,1036,-8.28,-1.39,409.90,0,0,0,0,0,0,26.03,25.98,26.06
$IRIDIUM_FIX,56.47,-13812.31,021224,144453
$TT8_MAMPS,0.026215,0.406707
$HUMID,49.05
$INTERNAL_PRESSURE,8.85904
$TCM_TEMP,21.10
$XPDR_PINGS,0
$ALTIM_TOP_PING,19.3,18.8
$24V_AH,23.90,11.747
$10V_AH,10.34,11.902
$FG_AHR_24Vo,0.000
$FG_AHR_10Vo,0.000
$DEVICES,Pitch_motor,Roll_motor,VBD_pump_during_apogee,VBD_pump_during_surface,VBD_valve,Iridium_during_init,Iridium_during_connect,Iridium_during_xfer,Transponder_ping,GUMSTIX_24V,GPS,TT8,LPSleep,TT8_Active,TT8_Sampling,TT8_CF8,TT8_Kalman,Analog_circuits,GPS_charging,Compass,RAFOS,Transponder,Compass2
$DEVICE_SECS,19.900,110.975,461.850,0.000,0.000,0.000,0.000,303.800,0.250,0.000,26.213,3010.809,13811.267,540.544,3211.379,379.510,0.000,2047.986,0.000,2273.061,0.000,2.790,0.000
$DEVICE_MAMPS,213.435,54.315,1402.245,0.000,0.000,0.000,0.000,88.740,420.000,0.000,30.710,15.210,2.190,15.210,43.670,53.410,0.000,14.000,0.000,8.240,0.000,30.000,0.000
$SENSORS,SBE_CT,WL_blue_red_Chl,AA4330,nil,nil,nil,nil,nil,nil,nil
$SENSOR_SECS,784.911,1983.707,1335.713,0.000,0.000,0.000,0.000,0.000,0.000,0.000
$SENSOR_MAMPS,22.470,105.000,11.230,0.000,0.000,0.000,0.000,0.000,0.000,0.000
$MEM,312512
$DATA_FILE_SIZE,65961,912
$CAP_FILE_SIZE,160009,1
$CFSIZE,2097872896,2085748736
$ERRORS,0,0,0,0,0,0,0,0,0,0,0,0,0,0,5,0
$CURRENT,0.071,220.53,1
$GPS,190405,020547,100.249,-13815.761,42,0.8,57,9.4,1.5,293.3,9,4.8
