version: 66.14
glider: 195
mission: 21
dive: 162
start: 5 12 105 15 38 28
data:
$ID,195
$MISSION,21
$DIVE,162
$N_DIVES,0
$STOP_T,0
$D_SURF,3
$D_FLARE,2
$D_TGT,990
$D_ABORT,1090
$D_NO_BLEED,50
$D_BOOST,3
$T_BOOST,0
$D_FINISH,0
$D_PITCH,0
$D_SAFE,0
$D_CALL,0
$SURFACE_URGENCY,0
$SURFACE_URGENCY_TRY,0
$SURFACE_URGENCY_FORCE,0
$T_DIVE,330
$T_MISSION,450
$T_ABORT,1440
$T_TURN,300
$T_TURN_SAMPINT,5
$T_NO_W,120
$T_LOITER,0
$T_SLOITER,60
$T_EPIRB,0
$USE_BATHY,0
$USE_ICE,0
$ICE_FREEZE_MARGIN,0.30000001
$D_OFFGRID,990
$T_WATCHDOG,10
$RELAUNCH,1
$APOGEE_PITCH,-8
$MAX_BUOY,150
$COURSE_BIAS,0
$GLIDE_SLOPE,30
$SPEED_FACTOR,1
$RHO,1.023
$MASS,54002
$MASS_COMP,0
$NAV_MODE,2
$FERRY_MAX,45
$KALMAN_USE,2
$HD_A,0.0038000001
$HD_B,0.0099999998
$HD_C,9.8500004e-06
$HEADING,-1
$ESCAPE_HEADING,0
$ESCAPE_HEADING_DELTA,10
$FIX_MISSING_TIMEOUT,0
$TGT_DEFAULT_LAT,4736
$TGT_DEFAULT_LON,-12225
$TGT_AUTO_DEFAULT,0
$SM_CC,250
$N_FILEKB,4
$FILEMGR,0
$CALL_NDIVES,1
$COMM_SEQ,0
$PROTOCOL,9
$N_NOCOMM,1
$NOCOMM_ACTION,0
$N_NOSURFACE,0
$UPLOAD_DIVES_MAX,-1
$CALL_TRIES,5
$CALL_WAIT,60
$CAPUPLOAD,0
$CAPMAXSIZE,200000
$HEAPDBG,0
$T_GPS,15
$N_GPS,50840
$T_RSLEEP,2
$STROBE,0
$RAFOS_PEAK_OFFSET,1.5
$RAFOS_CORR_THRESH,60
$RAFOS_HIT_WINDOW,3600
$RAFOS_MMODEM,0
$PITCH_MIN,207
$PITCH_MAX,3915
$C_PITCH,2900
$PITCH_DBAND,0.1
$PITCH_CNV,0.003125763
$P_OVSHOOT,0.039999999
$P_OVSHOOT_WITHG,0.079999998
$PITCH_GAIN,24
$PITCH_TIMEOUT,17
$PITCH_AD_RATE,160
$PITCH_MAXERRORS,1
$PITCH_ADJ_GAIN,0.02
$PITCH_ADJ_DBAND,2.5
$ROLL_MIN,224
$ROLL_MAX,3758
$ROLL_DEG,40
$C_ROLL_DIVE,2220
$C_ROLL_CLIMB,1770
$HEAD_ERRBAND,20
$ROLL_CNV,0.028270001
$ROLL_TIMEOUT,15
$R_PORT_OVSHOOT,41
$R_STBD_OVSHOOT,46
$ROLL_AD_RATE,350
$ROLL_MAXERRORS,2
$ROLL_ADJ_GAIN,0
$ROLL_ADJ_DBAND,0
$VBD_MIN,500
$VBD_MAX,3960
$C_VBD,2707
$VBD_DBAND,2
$VBD_CNV,-0.24529999
$VBD_LP_IGNORE,0
$VBD_TIMEOUT,720
$PITCH_VBD_SHIFT,0.001
$VBD_PUMP_AD_RATE_SURFACE,5
$VBD_PUMP_AD_RATE_APOGEE,4
$VBD_BLEED_AD_RATE,8
$UNCOM_BLEED,60
$VBD_MAXERRORS,1
$W_ADJ_DBAND,0
$DBDW,0
$PITCH_W_GAIN,0
$PITCH_W_DBAND,0
$CF8_MAXERRORS,5
$AH0_24V,150
$AH0_10V,97
$MINV_24V,19
$MINV_10V,8
$MAXI_24V,0.80000001
$MAXI_10V,0.60000002
$FG_AHR_10V,0
$FG_AHR_24V,0
$PHONE_SUPPLY,-2
$PRESSURE_YINT,-49.397121
$PRESSURE_SLOPE,0.0001168043
$AD7714Ch0Gain,128
$TCM_PITCH_OFFSET,0
$TCM_ROLL_OFFSET,0
$COMPASS_USE,4
$ALTIM_BOTTOM_PING_RANGE,0
$ALTIM_TOP_PING_RANGE,20
$ALTIM_BOTTOM_TURN_MARGIN,0
$ALTIM_TOP_TURN_MARGIN,0
$ALTIM_TOP_MIN_OBSTACLE,1
$ALTIM_PING_DEPTH,0
$ALTIM_PING_DELTA,0
$ALTIM_FREQUENCY,13
$ALTIM_PULSE,3
$ALTIM_SENSITIVITY,3
$XPDR_VALID,5
$XPDR_INHIBIT,90
$INT_PRESSURE_SLOPE,0.0097660003
$INT_PRESSURE_YINT,-0.77999997
$DEEPGLIDER,0
$MOTHERBOARD,4
$DEVICE1,2
$DEVICE2,115
$DEVICE3,101
$DEVICE4,-1
$DEVICE5,-1
$DEVICE6,-1
$LOGGERS,0
$LOGGERDEVICE1,-1
$LOGGERDEVICE2,-1
$LOGGERDEVICE3,-1
$LOGGERDEVICE4,-1
$COMPASS_DEVICE,33
$COMPASS2_DEVICE,-1
$PHONE_DEVICE,49
$GPS_DEVICE,32
$RAFOS_DEVICE,-1
$XPDR_DEVICE,24
$SIM_W,0
$SIM_PITCH,0
$SEABIRD_T_G,0.0044178674
$SEABIRD_T_H,0.00064818078
$SEABIRD_T_I,2.6779007e-05
$SEABIRD_T_J,3.3667231e-06
$SEABIRD_C_G,-10.098215
$SEABIRD_C_H,1.1454017
$SEABIRD_C_I,-0.0021276253
$SEABIRD_C_J,0.00025532115
$SEABIRD_C_Z,2974.52
$GPS1,120505,153054,308.7578,-14010.9473,38,0.9,56,9.3,0.6,270.8,9,4.6
$_CALLS,1
$_XMS_NAKs,0
$_XMS_TOUTs,0
$_SM_DEPTHo,0.36
$_SM_ANGLEo,-63.8
$GPS2,120505,153749,308.7776,-14011.0449,7,0.9,22,9.3,0.7,301.9,9,4.6
$SPEED_LIMITS,0.173,0.262
$TGT_NAME,ZZ3
$TGT_LATLONG,312.070,-14016.720
$TGT_RADIUS,500.000
$KALMAN_CONTROL,0.000000,0.000000
$KALMAN_X,0.000000,0.000000,0.000000,0.000000,0.000000
$KALMAN_Y,0.000000,0.000000,0.000000,0.000000,0.000000
$MHEAD_RNG_PITCHd_Wd,267.0,12136,-18.1,-10.000,-20.93,2235
$D_GRID,990
$GCHEAD,st_secs,pitch_ctl,vbd_ctl,pitch_ad_start,roll_ad_start,vbd_pot1_ad_start,vbd_pot2_ad_start,depth,ob_vertv,data_pts,end_secs,pitch_secs,roll_secs,vbd_secs,vbd_i,gcphase,pitch_i,roll_i,pitch_ad,roll_ad,vbd_ad,vbd_pot1_ad,vbd_pot2_ad,pitch_retries,pitch_errors,roll_retries,roll_errors,vbd_retries,vbd_errors,pitch_volts,roll_volts,vbd_volts,int_press,humidity
$STATE,6,end surface,CONTROL_FINISHED_OK
$STATE,6,begin dive
$GC,75,-0.90,-146.6,166,2211,1376,1085,0.4,-0.1,6,144,0.00,0.00,-66.43,0.000,16386,0.000,0.000,166,2212,3035,3046,3025,0,0,0,0,0,0,26.45,28.83,26.46,8.91,47.48
$GC,148,-0.90,-146.6,166,2212,3049,3025,2.7,-5.0,13,169,9.27,2.15,-5.32,0.000,18948,0.210,0.044,2604,807,3308,3324,3292,0,0,0,0,0,0,25.58,24.41,25.91,9.08,47.83
$GC,348,-0.79,-146.6,2603,807,3333,3292,45.2,-16.8,32,358,0.15,2.08,0.00,0.000,3078,0.148,0.025,2642,2230,3313,3333,3293,0,0,0,0,0,0,25.86,26.20,26.06,9.12,47.32
$GC,657,-0.79,-146.6,2641,2230,3336,3292,92.6,-12.5,63,662,0.00,2.12,0.00,0.000,260,0.000,0.040,2634,3629,3314,3336,3292,0,0,0,0,0,0,26.65,26.18,26.66,9.13,47.44
$GC,971,-0.79,-146.6,2633,3629,3338,3292,122.8,-6.7,93,978,0.00,2.05,0.00,0.000,1030,0.000,0.018,2634,2167,3315,3338,3293,0,0,0,0,0,0,26.45,26.41,26.46,9.12,47.75
$GC,1278,-0.79,-146.6,2633,2167,3340,3292,142.9,-6.4,124,1283,0.00,2.22,0.00,0.000,260,0.000,0.038,2622,3624,3316,3341,3292,0,0,0,0,0,0,26.71,26.23,26.72,9.09,46.88
$GC,1592,-0.79,-146.6,2622,3624,3341,3292,160.7,-6.2,154,1600,0.00,2.03,0.00,0.000,1030,0.000,0.018,2622,2170,3316,3341,3292,0,0,0,0,0,0,26.48,26.43,26.49,9.04,46.29
$GC,1901,-0.79,-146.6,2622,2170,3342,3292,181.0,-7.5,185,1904,0.00,2.22,0.00,0.000,260,0.000,0.038,2611,3630,3317,3342,3292,0,0,0,0,0,0,26.72,26.25,26.73,9.02,46.96
$GC,2139,-0.79,-146.6,2611,3631,3342,3292,199.3,-7.6,208,2145,0.10,1.98,0.00,0.000,3078,0.142,0.019,2644,2214,3317,3342,3292,0,0,0,0,0,0,26.13,26.44,26.25,9.00,47.40
$GC,2476,-0.84,-146.6,2643,2214,3341,3292,220.4,-6.1,217,2477,0.00,0.00,0.00,0.000,6,0.000,0.000,2643,2214,3316,3341,3292,0,0,0,0,0,0,26.73,26.74,26.74,8.98,48.54
$GC,2796,-0.91,-146.6,2643,2214,3341,3292,240.2,-6.3,225,2798,0.08,0.00,0.00,0.000,4102,0.099,0.000,2560,2214,3316,3341,3292,0,0,0,0,0,0,26.52,26.55,26.53,8.96,49.21
$GC,3116,-0.91,-146.6,2559,2214,3341,3291,270.6,-9.7,233,3123,0.15,2.15,0.00,0.000,2308,0.140,0.039,2598,3624,3316,3341,3291,0,0,0,0,0,0,26.13,26.22,26.24,8.95,50.55
$GC,3191,-0.91,-146.6,2597,3624,3341,3290,274.8,-9.5,234,3198,0.00,1.98,0.00,0.000,1030,0.000,0.020,2598,2220,3315,3341,3290,0,0,0,0,0,0,26.47,26.42,26.48,8.94,50.07
$GC,3517,-0.91,-146.6,2597,2220,3341,3287,305.7,-8.3,243,3521,0.00,2.03,0.00,0.000,516,0.000,0.031,2597,844,3314,3341,3288,0,0,0,0,0,0,26.73,26.28,26.74,8.92,50.63
$GC,3569,-0.91,-146.6,2597,844,3341,3288,309.5,-8.3,244,3574,0.00,2.00,0.00,0.000,1030,0.000,0.026,2589,2223,3314,3341,3288,0,0,0,0,0,0,26.41,26.34,26.44,8.93,50.39
$GC,3884,-0.91,-146.6,2588,2222,3341,3284,338.5,-9.0,252,3888,0.00,2.12,0.00,0.000,260,0.000,0.041,2578,3616,3313,3341,3285,0,0,0,0,0,0,26.73,26.21,26.74,8.92,50.63
$GC,3986,-0.91,-146.6,2577,3616,3340,3284,346.9,-9.6,254,3991,0.10,1.98,0.00,0.000,3078,0.149,0.021,2608,2217,3312,3340,3285,0,0,0,0,0,0,26.09,26.41,26.20,8.91,50.90
$GC,4331,-0.91,-146.6,2608,2217,3340,3283,378.4,-8.7,263,4335,0.00,2.05,0.00,0.000,516,0.000,0.031,2608,856,3311,3340,3283,0,0,0,0,0,0,26.73,26.27,26.74,8.89,51.29
$GC,4383,-0.91,-146.6,2607,856,3340,3283,382.5,-8.8,264,4388,0.00,1.98,0.00,0.000,1030,0.000,0.027,2603,2217,3311,3340,3283,0,0,0,0,0,0,26.40,26.32,26.43,8.90,51.69
$GC,4697,-0.91,-146.6,2602,2217,3338,3281,412.3,-9.1,272,4698,0.00,0.00,0.00,0.000,6,0.000,0.000,2602,2217,3309,3338,3281,0,0,0,0,0,0,26.73,26.74,26.74,8.88,51.65
$GC,5017,-0.91,-146.6,2602,2217,3337,3280,440.9,-8.8,280,5018,0.00,0.00,0.00,0.000,6,0.000,0.000,2603,2217,3308,3337,3279,0,0,0,0,0,0,26.73,26.74,26.74,8.87,51.81
$GC,5337,-0.91,-146.6,2602,2217,3336,3277,470.1,-9.2,288,5342,0.00,2.15,0.00,0.000,260,0.000,0.041,2592,3618,3306,3336,3277,0,0,0,0,0,0,26.73,26.18,26.74,8.87,52.16
$GC,5449,-0.91,-146.6,2592,3618,3335,3276,477.8,-9.1,290,5453,0.00,2.00,0.00,0.000,1030,0.000,0.021,2592,2217,3305,3334,3276,0,0,0,0,0,0,26.44,26.39,26.46,8.87,53.18
$GC,5783,-0.91,-146.6,2591,2216,3335,3274,507.7,-8.2,299,5788,0.00,2.17,0.00,0.000,260,0.000,0.041,2581,3625,3304,3334,3274,0,0,0,0,0,0,26.73,26.17,26.74,8.85,52.95
$GC,5909,-0.91,-146.6,2580,3625,3333,3275,518.5,-8.6,302,5914,0.00,2.03,0.00,0.000,1030,0.000,0.021,2581,2208,3303,3333,3274,0,0,0,0,0,0,26.44,26.39,26.46,8.85,52.71
$GC,6235,-0.91,-146.6,2581,2208,3332,3273,545.0,-8.1,310,6239,0.00,2.05,0.00,0.000,516,0.000,0.033,2581,835,3302,3332,3273,0,0,0,0,0,0,26.73,26.23,26.74,8.84,53.22
$GC,6319,-0.91,-146.6,2581,835,3332,3273,552.2,-8.3,312,6324,0.10,2.08,0.00,0.000,3078,0.135,0.028,2604,2218,3301,3331,3272,0,0,0,0,0,0,25.98,26.29,26.19,8.83,52.99
$GC,6643,-0.91,-146.6,2603,2218,3330,3271,577.3,-7.8,320,6645,0.00,0.00,0.00,0.000,6,0.000,0.000,2603,2218,3301,3331,3271,0,0,0,0,0,0,26.73,26.74,26.74,8.82,53.42
$GC,6963,-0.91,-146.6,2603,2218,3329,3269,603.5,-8.2,328,6967,0.00,2.17,0.00,0.000,260,0.000,0.043,2596,3628,3299,3329,3269,0,0,0,0,0,0,26.73,26.15,26.74,8.81,53.78
$GC,7080,-0.91,-146.6,2595,3628,3328,3269,610.6,-8.3,330,7087,0.00,2.03,0.00,0.000,1030,0.000,0.022,2596,2216,3298,3327,3269,0,0,0,0,0,0,26.42,26.36,26.44,8.81,53.78
$GC,7409,-0.91,-146.6,2595,2216,3328,3267,640.8,-8.3,339,7412,0.00,2.17,0.00,0.000,260,0.000,0.042,2586,3621,3297,3328,3266,0,0,0,0,0,0,26.73,26.14,26.74,8.79,54.09
$GC,7465,-0.91,-146.6,2585,3621,3326,3266,644.6,-8.2,340,7470,0.00,2.03,0.00,0.000,1030,0.000,0.022,2586,2216,3296,3326,3266,0,0,0,0,0,0,26.42,26.36,26.44,8.80,54.84
$GC,7775,-0.91,-146.6,2585,2215,3326,3265,670.2,-7.7,348,7776,0.00,0.00,0.00,0.000,6,0.000,0.000,2586,2216,3295,3325,3265,0,0,0,0,0,0,26.73,26.74,26.74,8.79,54.76
$GC,8095,-0.91,-146.6,2585,2215,3324,3264,694.6,-7.6,356,8101,0.00,2.20,0.00,0.000,260,0.000,0.043,2575,3629,3293,3324,3263,0,0,0,0,0,0,26.73,26.12,26.74,8.78,54.80
$GC,8237,-0.91,-146.6,2574,3629,3323,3263,704.8,-8.2,359,8244,0.10,2.05,0.00,0.000,3078,0.148,0.023,2605,2212,3293,3323,3263,0,0,0,0,0,0,26.03,26.35,26.14,8.77,54.96
$GC,8579,-0.91,-146.6,2604,2212,3323,3262,731.7,-7.4,368,8581,0.00,0.00,0.00,0.000,6,0.000,0.000,2605,2212,3292,3323,3262,0,0,0,0,0,0,26.73,26.74,26.74,8.77,54.60
$GC,8901,-0.91,-146.6,2604,2212,3323,3261,755.7,-7.5,376,8905,0.00,2.08,0.00,0.000,516,0.000,0.034,2605,836,3292,3323,3261,0,0,0,0,0,0,26.73,26.17,26.74,8.76,55.47
$GC,8963,-0.91,-146.6,2604,836,3323,3261,759.3,-7.6,377,8967,0.00,2.05,0.00,0.000,1030,0.000,0.029,2599,2220,3292,3323,3261,0,0,0,0,0,0,26.33,26.25,26.36,8.76,55.43
$GC,9309,-0.91,-146.6,2598,2220,3323,3259,787.5,-7.6,386,9310,0.00,0.00,0.00,0.000,6,0.000,0.000,2599,2220,3290,3322,3259,0,0,0,0,0,0,26.73,26.74,26.74,8.75,55.82
$GC,9629,-0.91,-146.6,2599,2220,3321,3258,811.6,-7.6,394,9630,0.00,0.00,0.00,0.000,6,0.000,0.000,2599,2220,3289,3321,3258,0,0,0,0,0,0,26.72,26.74,26.74,8.75,55.59
$GC,9949,-0.91,-146.6,2598,2220,3319,3258,835.2,-7.3,402,9950,0.00,0.00,0.00,0.000,6,0.000,0.000,2600,2220,3288,3319,3258,0,0,0,0,0,0,26.73,26.74,26.74,8.74,55.78
$GC,10269,-0.91,-146.6,2598,2220,3318,3257,858.4,-7.2,410,10273,0.00,2.17,0.00,0.000,260,0.000,0.044,2588,3621,3287,3318,3256,0,0,0,0,0,0,26.73,26.06,26.74,8.74,55.86
$GC,10452,-0.91,-146.6,2588,3621,3317,3256,871.5,-7.9,414,10457,0.00,2.05,0.00,0.000,1030,0.000,0.024,2589,2215,3286,3317,3255,0,0,0,0,0,0,26.37,26.32,26.40,8.73,56.14
$GC,10797,-0.91,-146.6,2588,2215,3317,3254,899.2,-7.6,423,10800,0.00,2.20,0.00,0.000,260,0.000,0.044,2578,3621,3286,3317,3255,0,0,0,0,0,0,26.72,26.05,26.73,8.73,56.30
$GC,10925,-0.91,-146.6,2577,3621,3316,3254,909.6,-8.3,426,10932,0.10,2.05,0.00,0.000,3078,0.150,0.024,2608,2207,3285,3316,3254,0,0,0,0,0,0,25.97,26.30,26.08,8.73,56.85
$GC,11246,-0.96,-146.6,2607,2206,3316,3254,934.0,-7.6,434,11248,0.00,0.00,0.00,0.000,6,0.000,0.000,2607,2207,3284,3316,3253,0,0,0,0,0,0,26.72,26.74,26.74,8.72,56.14
$GC,11564,-1.02,-146.6,2607,2206,3316,3253,958.0,-7.5,442,11566,0.08,0.00,0.00,0.000,4102,0.099,0.000,2541,2206,3284,3316,3253,0,0,0,0,0,0,26.50,26.53,26.52,8.72,56.26
$GC,11884,-1.02,-146.6,2541,2206,3314,3252,988.6,-9.8,450,11886,0.10,0.00,0.00,0.000,2054,0.153,0.000,2571,2206,3283,3314,3253,0,0,0,0,0,0,26.22,26.31,26.27,8.71,56.93
$STATE,11919,end dive,TARGET_DEPTH_EXCEEDED
$STATE,11919,begin apogee
$GC,11927,-0.33,0.0,2570,1780,3314,3253,992.1,-9.6,451,12060,0.65,0.00,129.65,1.390,10246,0.109,0.000,2789,1779,2705,2800,2611,0,0,0,0,0,0,25.61,24.75,23.87,8.71,56.49
$STATE,12062,end apogee,CONTROL_FINISHED_OK
$STATE,12062,begin climb
$GC,12065,0.90,146.6,2789,1779,2797,2610,995.5,0.0,454,12211,1.15,0.00,138.50,1.331,10502,0.070,0.000,3189,1779,2108,2203,2013,0,0,0,0,0,0,24.97,24.18,23.39,8.67,55.55
$GC,12523,0.82,146.6,3189,1779,2196,2009,935.1,15.0,466,12527,0.00,2.22,0.00,0.000,516,0.000,0.046,3189,383,2102,2196,2008,0,0,0,0,0,0,26.29,25.86,26.30,8.61,55.74
$GC,12594,0.73,146.6,3189,383,2195,2009,928.4,15.0,467,12606,0.17,2.10,0.00,0.000,5126,0.133,0.026,3135,1786,2102,2195,2009,0,0,0,0,0,0,25.76,26.06,25.93,8.61,55.98
$GC,12927,0.73,146.6,3135,1786,2193,2006,884.1,11.9,476,12931,0.00,2.12,0.00,0.000,260,0.000,0.041,3135,3159,2100,2194,2007,0,0,0,0,0,0,26.57,26.15,26.58,8.60,57.12
$GC,12985,0.73,146.6,3135,3160,2193,2007,878.5,12.1,477,12990,0.00,2.08,0.00,0.000,1030,0.000,0.029,3141,1772,2100,2193,2007,0,0,0,0,0,0,26.30,26.22,26.34,8.60,56.89
$GC,13294,0.73,146.6,3140,1771,2192,2007,837.8,12.7,485,13296,0.00,0.00,0.00,0.000,6,0.000,0.000,3140,1771,2099,2192,2006,0,0,0,0,0,0,26.66,26.67,26.67,8.60,57.20
$GC,13614,0.73,146.6,3140,1771,2191,2007,798.3,12.2,493,13619,0.00,2.20,0.00,0.000,516,0.000,0.047,3151,375,2098,2191,2006,0,0,0,0,0,0,26.69,26.17,26.70,8.59,58.07
$GC,13658,0.73,146.6,3151,376,2191,2006,792.9,12.1,494,13663,0.00,2.08,0.00,0.000,1030,0.000,0.028,3151,1774,2098,2191,2006,0,0,0,0,0,0,26.39,26.32,26.42,8.59,58.07
$GC,13982,0.73,146.6,3151,1774,2191,2006,753.7,11.9,502,13987,0.00,2.25,0.00,0.000,516,0.000,0.047,3161,374,2098,2191,2005,0,0,0,0,0,0,26.71,26.15,26.72,8.58,57.48
$GC,14066,0.73,146.6,3160,374,2191,2006,743.6,11.9,504,14070,0.00,2.08,0.00,0.000,1030,0.000,0.028,3161,1771,2098,2191,2006,0,0,0,0,0,0,26.39,26.32,26.43,8.59,57.60
$GC,14389,0.73,146.6,3161,1772,2191,2005,704.4,12.2,512,14391,0.00,0.00,0.00,0.000,6,0.000,0.000,3161,1772,2097,2190,2005,0,0,0,0,0,0,26.72,26.73,26.72,8.58,57.67
$GC,14709,0.73,146.6,3160,1771,2190,2005,665.3,12.3,520,14711,0.00,0.00,0.00,0.000,6,0.000,0.000,3161,1772,2097,2190,2005,0,0,0,0,0,0,26.72,26.73,26.73,8.58,57.48
$GC,15031,0.73,146.6,3161,1772,2190,2005,626.1,12.3,528,15035,0.00,2.20,0.00,0.000,516,0.000,0.047,3166,377,2097,2189,2005,0,0,0,0,0,0,26.72,26.10,26.73,8.58,57.36
$GC,15074,0.73,146.6,3165,377,2190,2005,620.5,12.2,529,15078,0.00,2.08,0.00,0.000,1030,0.000,0.028,3166,1777,2097,2190,2005,0,0,0,0,0,0,26.38,26.30,26.41,8.58,57.99
$GC,15398,0.73,146.6,3166,1777,2190,2005,580.2,12.6,537,15399,0.00,0.00,0.00,0.000,6,0.000,0.000,3166,1777,2097,2190,2004,0,0,0,0,0,0,26.72,26.73,26.73,8.58,57.87
$GC,15718,0.73,146.6,3165,1777,2189,2005,538.3,13.2,545,15719,0.00,0.00,0.00,0.000,6,0.000,0.000,3166,1777,2097,2190,2004,0,0,0,0,0,0,26.72,26.73,26.73,8.57,57.71
$GC,16038,0.73,146.6,3165,1777,2189,2004,497.0,12.7,553,16042,0.00,2.22,0.00,0.000,516,0.000,0.047,3166,377,2096,2189,2004,0,0,0,0,0,0,26.72,26.07,26.73,8.58,58.38
$GC,16106,0.73,146.6,3165,376,2190,2004,491.6,12.5,554,16110,0.00,2.08,0.00,0.000,1030,0.000,0.028,3166,1775,2096,2189,2004,0,0,0,0,0,0,26.36,26.28,26.39,8.58,58.15
$GC,16444,0.73,146.6,3166,1775,2189,2004,448.3,11.7,563,16446,0.00,0.00,0.00,0.000,6,0.000,0.000,3166,1775,2096,2189,2004,0,0,0,0,0,0,26.72,26.73,26.73,8.59,57.12
$GC,16764,0.73,146.6,3165,1775,2189,2004,411.2,11.8,571,16768,0.00,2.15,0.00,0.000,260,0.000,0.040,3166,3169,2096,2189,2004,0,0,0,0,0,0,26.72,26.15,26.73,8.60,57.95
$GC,16808,0.73,146.6,3165,3169,2189,2004,405.9,11.8,572,16812,0.00,2.08,0.00,0.000,1030,0.000,0.030,3166,1774,2096,2189,2004,0,0,0,0,0,0,26.32,26.23,26.36,8.60,57.24
$GC,17132,0.73,146.6,3166,1774,2189,2004,367.8,11.9,580,17137,0.00,2.22,0.00,0.000,516,0.000,0.047,3167,373,2096,2189,2004,0,0,0,0,0,0,26.72,26.03,26.72,8.61,57.52
$GC,17204,0.73,146.6,3166,372,2189,2004,362.4,12.0,581,17208,0.00,2.08,0.00,0.000,1030,0.000,0.027,3166,1772,2096,2189,2004,0,0,0,0,0,0,26.34,26.27,26.38,8.61,57.67
$GC,17539,0.73,146.6,3166,1772,2189,2004,320.8,11.3,590,17543,0.00,2.22,0.00,0.000,516,0.000,0.047,3166,369,2096,2189,2004,0,0,0,0,0,0,26.71,26.03,26.73,8.61,57.08
$GC,17585,0.73,146.6,3165,369,2189,2005,315.7,11.2,591,17590,0.00,2.10,0.00,0.000,1030,0.000,0.027,3166,1780,2096,2189,2004,0,0,0,0,0,0,26.34,26.26,26.37,8.61,57.75
$GC,17905,0.73,146.6,3166,1781,2189,2004,279.5,11.4,599,17907,0.00,0.00,0.00,0.000,6,0.000,0.000,3166,1781,2096,2189,2003,0,0,0,0,0,0,26.72,26.73,26.72,8.61,56.69
$GC,18224,0.73,146.6,3165,1781,2190,2004,242.2,11.5,607,18225,0.00,0.00,0.00,0.000,6,0.000,0.000,3166,1781,2096,2189,2004,0,0,0,0,0,0,26.72,26.73,26.72,8.62,57.44
$GC,18544,0.73,146.6,3165,1781,2189,2004,205.1,11.6,615,18551,0.00,2.25,0.00,0.000,516,0.000,0.047,3166,364,2096,2189,2004,0,0,0,0,0,0,26.72,26.01,26.73,8.63,57.00
$GC,18585,0.73,146.6,3166,364,2189,2004,200.4,11.5,616,18589,0.00,2.10,0.00,0.000,1030,0.000,0.027,3166,1778,2096,2189,2004,0,0,0,0,0,0,26.33,26.25,26.36,8.64,56.61
$GC,18898,0.73,146.6,3166,1778,2189,2003,166.3,10.8,644,18908,0.00,2.25,0.00,0.000,516,0.000,0.047,3166,365,2096,2189,2004,0,0,0,0,0,0,26.72,26.01,26.72,8.65,56.18
$GC,18963,0.73,146.6,3166,365,2190,2004,159.3,10.6,650,18967,0.00,2.08,0.00,0.000,1030,0.000,0.027,3166,1771,2097,2190,2004,0,0,0,0,0,0,26.32,26.25,26.36,8.65,56.34
$GC,19278,0.76,170.2,3166,1771,2190,2004,128.8,8.9,681,19306,0.00,2.15,20.52,0.789,8452,0.000,0.038,3166,3161,2009,2109,1910,0,0,0,0,0,0,26.71,25.59,25.04,8.66,56.77
$GC,19386,0.76,170.2,3166,3161,2109,1911,117.6,11.6,691,19393,0.00,2.10,0.00,0.000,1030,0.000,0.028,3166,1757,2010,2109,1911,0,0,0,0,0,0,26.10,26.03,26.13,8.65,55.67
$GC,19693,0.92,270.8,3165,1756,2109,1910,97.0,5.4,722,19781,0.00,0.00,84.35,0.776,8454,0.000,0.000,3166,1755,1599,1753,1446,0,0,0,0,0,0,26.58,25.15,24.54,8.69,56.41
$GC,20084,1.09,329.1,3166,1756,1750,1436,72.7,7.3,761,20135,0.17,2.22,44.83,0.724,10500,0.054,0.039,3284,3165,1362,1534,1191,0,0,0,0,0,0,26.15,25.41,24.77,8.75,56.49
$GC,20190,1.09,329.1,3284,3165,1526,1190,59.5,14.6,771,20198,0.12,2.10,0.00,0.000,5126,0.143,0.028,3251,1769,1358,1526,1191,0,0,0,0,0,0,25.58,25.78,25.72,8.76,56.06
$GC,20499,1.11,348.2,3250,1768,1522,1189,24.7,9.1,802,20519,0.00,2.17,9.57,0.589,8708,0.000,0.041,3260,367,1283,1452,1114,0,0,0,0,0,0,26.46,25.65,25.19,8.82,55.31
$GC,20624,1.17,348.2,3259,367,1450,1114,11.9,10.9,813,20632,0.00,2.08,0.00,0.000,1030,0.000,0.024,3259,1776,1281,1449,1114,0,0,0,0,0,0,26.19,26.13,26.21,8.83,54.41
$STATE,20699,end climb,SURFACE_DEPTH_REACHED
$STATE,20699,begin surface coast
$FINISH,0.8,1.022713
$STATE,20719,end surface coast,CONTROL_FINISHED_OK
$STATE,20720,begin surface
$SM_CCo,20801,0.00,0.000,0,0,1279,350.29
$SM_GC,0.21,8.10,0.62,0.00,0.046,0.035,0.000,174,2210,1279,-8.35,-1.81,350.29,0,0,0,0,0,0,26.22,26.17,26.25
$IRIDIUM_FIX,306.80,-14008.90,261224,093247
$TT8_MAMPS,0.026215,0.386484
$HUMID,52.95
$INTERNAL_PRESSURE,8.83951
$TCM_TEMP,19.20
$XPDR_PINGS,0
$ALTIM_TOP_PING,19.1,18.7
$24V_AH,23.39,25.746
$10V_AH,10.14,22.324
$FG_AHR_24Vo,0.000
$FG_AHR_10Vo,0.000
$DEVICES,Pitch_motor,Roll_motor,VBD_pump_during_apogee,VBD_pump_during_surface,VBD_valve,Iridium_during_init,Iridium_during_connect,Iridium_during_xfer,Transponder_ping,GUMSTIX_24V,GPS,TT8,LPSleep,TT8_Active,TT8_Sampling,TT8_CF8,TT8_Kalman,Analog_circuits,GPS_charging,Compass,RAFOS,Transponder,Compass2
$DEVICE_SECS,20.700,132.125,427.425,0.000,0.000,0.000,0.000,284.350,0.250,0.000,23.097,2880.895,14816.521,532.022,2619.775,368.058,0.000,2015.512,0.000,2173.805,0.000,2.763,0.000
$DEVICE_MAMPS,210.375,47.430,1390.005,0.000,0.000,0.000,0.000,87.975,420.000,0.000,30.710,15.210,2.190,15.210,43.670,53.410,0.000,14.000,0.000,8.240,0.000,30.000,0.000
$SENSORS,SBE_CT,WL_blue_red_Chl,AA4330,nil,nil,nil,nil,nil,nil,nil
$SENSOR_SECS,710.946,254.487,1121.231,0.000,0.000,0.000,0.000,0.000,0.000,0.000
$SENSOR_MAMPS,22.470,105.000,11.230,0.000,0.000,0.000,0.000,0.000,0.000,0.000
$MEM,311860
$DATA_FILE_SIZE,59262,823
$CAP_FILE_SIZE,164036,0
$CFSIZE,2097872896,2072510464
$ERRORS,0,0,0,0,0,0,0,0,0,0,0,0,0,0,1,0
$CURRENT,0.119,22.55,1
$GPS,120505,212653,310.634,-14012.670,46,0.9,61,9.3,0.7,285.8,9,4.8
