version: 66.14
glider: 195
mission: 21
dive: 314
start: 6 27 105 5 3 52
data:
$ID,195
$MISSION,21
$DIVE,314
$N_DIVES,0
$STOP_T,0
$D_SURF,3
$D_FLARE,2
$D_TGT,990
$D_ABORT,1090
$D_NO_BLEED,50
$D_BOOST,3
$T_BOOST,0
$D_FINISH,0
$D_PITCH,0
$D_SAFE,0
$D_CALL,0
$SURFACE_URGENCY,0
$SURFACE_URGENCY_TRY,0
$SURFACE_URGENCY_FORCE,0
$T_DIVE,330
$T_MISSION,600
$T_ABORT,1440
$T_TURN,300
$T_TURN_SAMPINT,5
$T_NO_W,120
$T_LOITER,0
$T_SLOITER,60
$T_EPIRB,0
$USE_BATHY,0
$USE_ICE,0
$ICE_FREEZE_MARGIN,0.30000001
$D_OFFGRID,990
$T_WATCHDOG,10
$RELAUNCH,1
$APOGEE_PITCH,-8
$MAX_BUOY,150
$COURSE_BIAS,0
$GLIDE_SLOPE,30
$SPEED_FACTOR,1
$RHO,1.023
$MASS,54002
$MASS_COMP,0
$NAV_MODE,2
$FERRY_MAX,45
$KALMAN_USE,2
$HD_A,0.0038000001
$HD_B,0.0099999998
$HD_C,9.8500004e-06
$HEADING,-1
$ESCAPE_HEADING,0
$ESCAPE_HEADING_DELTA,10
$FIX_MISSING_TIMEOUT,0
$TGT_DEFAULT_LAT,4736
$TGT_DEFAULT_LON,-12225
$TGT_AUTO_DEFAULT,0
$SM_CC,565.6618
$N_FILEKB,4
$FILEMGR,0
$CALL_NDIVES,1
$COMM_SEQ,0
$PROTOCOL,9
$N_NOCOMM,1
$NOCOMM_ACTION,0
$N_NOSURFACE,0
$UPLOAD_DIVES_MAX,-1
$CALL_TRIES,5
$CALL_WAIT,60
$CAPUPLOAD,0
$CAPMAXSIZE,200000
$HEAPDBG,0
$T_GPS,15
$N_GPS,50840
$T_RSLEEP,2
$STROBE,0
$RAFOS_PEAK_OFFSET,1.5
$RAFOS_CORR_THRESH,60
$RAFOS_HIT_WINDOW,3600
$RAFOS_MMODEM,0
$PITCH_MIN,207
$PITCH_MAX,3915
$C_PITCH,2900
$PITCH_DBAND,0.1
$PITCH_CNV,0.003125763
$P_OVSHOOT,0.039999999
$P_OVSHOOT_WITHG,0.079999998
$PITCH_GAIN,24
$PITCH_TIMEOUT,17
$PITCH_AD_RATE,160
$PITCH_MAXERRORS,1
$PITCH_ADJ_GAIN,0.02
$PITCH_ADJ_DBAND,2.5
$ROLL_MIN,224
$ROLL_MAX,3758
$ROLL_DEG,40
$C_ROLL_DIVE,2113
$C_ROLL_CLIMB,1605
$HEAD_ERRBAND,10
$ROLL_CNV,0.028270001
$ROLL_TIMEOUT,15
$R_PORT_OVSHOOT,49
$R_STBD_OVSHOOT,58
$ROLL_AD_RATE,350
$ROLL_MAXERRORS,2
$ROLL_ADJ_GAIN,0
$ROLL_ADJ_DBAND,0
$VBD_MIN,500
$VBD_MAX,3960
$C_VBD,2806
$VBD_DBAND,2
$VBD_CNV,-0.24529999
$VBD_LP_IGNORE,0
$VBD_TIMEOUT,720
$PITCH_VBD_SHIFT,0.001
$VBD_PUMP_AD_RATE_SURFACE,5
$VBD_PUMP_AD_RATE_APOGEE,4
$VBD_BLEED_AD_RATE,8
$UNCOM_BLEED,60
$VBD_MAXERRORS,1
$W_ADJ_DBAND,0
$DBDW,0
$PITCH_W_GAIN,0
$PITCH_W_DBAND,0
$CF8_MAXERRORS,5
$AH0_24V,150
$AH0_10V,97
$MINV_24V,19
$MINV_10V,8
$MAXI_24V,0.80000001
$MAXI_10V,0.60000002
$FG_AHR_10V,0
$FG_AHR_24V,0
$PHONE_SUPPLY,-2
$PRESSURE_YINT,-49.397121
$PRESSURE_SLOPE,0.0001168043
$AD7714Ch0Gain,128
$TCM_PITCH_OFFSET,0
$TCM_ROLL_OFFSET,0
$COMPASS_USE,4
$ALTIM_BOTTOM_PING_RANGE,0
$ALTIM_TOP_PING_RANGE,20
$ALTIM_BOTTOM_TURN_MARGIN,0
$ALTIM_TOP_TURN_MARGIN,0
$ALTIM_TOP_MIN_OBSTACLE,1
$ALTIM_PING_DEPTH,0
$ALTIM_PING_DELTA,0
$ALTIM_FREQUENCY,13
$ALTIM_PULSE,3
$ALTIM_SENSITIVITY,3
$XPDR_VALID,5
$XPDR_INHIBIT,90
$INT_PRESSURE_SLOPE,0.0097660003
$INT_PRESSURE_YINT,-0.77999997
$DEEPGLIDER,0
$MOTHERBOARD,4
$DEVICE1,2
$DEVICE2,115
$DEVICE3,101
$DEVICE4,-1
$DEVICE5,-1
$DEVICE6,-1
$LOGGERS,0
$LOGGERDEVICE1,-1
$LOGGERDEVICE2,-1
$LOGGERDEVICE3,-1
$LOGGERDEVICE4,-1
$COMPASS_DEVICE,33
$COMPASS2_DEVICE,-1
$PHONE_DEVICE,49
$GPS_DEVICE,32
$RAFOS_DEVICE,-1
$XPDR_DEVICE,24
$SIM_W,0
$SIM_PITCH,0
$SEABIRD_T_G,0.0044178674
$SEABIRD_T_H,0.00064818078
$SEABIRD_T_I,2.6779007e-05
$SEABIRD_T_J,3.3667231e-06
$SEABIRD_C_G,-10.098215
$SEABIRD_C_H,1.1454017
$SEABIRD_C_I,-0.0021276253
$SEABIRD_C_J,0.00025532115
$SEABIRD_C_Z,2974.52
$GPS1,270605,045729,601.3892,-14110.3262,38,1.1,62,9.2,0.8,274.4,8,4.9
$_CALLS,1
$_XMS_NAKs,0
$_XMS_TOUTs,0
$_SM_DEPTHo,0.03
$_SM_ANGLEo,-53.9
$GPS2,270605,050311,601.4088,-14110.3389,7,0.8,22,9.2,1.0,325.2,10,4.9
$SPEED_LIMITS,0.173,0.262
$TGT_NAME,TX1
$TGT_LATLONG,815.000,-14400.000
$TGT_RADIUS,10000.000
$KALMAN_CONTROL,0.000000,0.000000
$KALMAN_X,0.000000,0.000000,0.000000,0.000000,0.000000
$KALMAN_Y,0.000000,0.000000,0.000000,0.000000,0.000000
$MHEAD_RNG_PITCHd_Wd,280.1,397377,-18.1,-10.000,-20.93,2235
$D_GRID,990
$GCHEAD,st_secs,pitch_ctl,vbd_ctl,pitch_ad_start,roll_ad_start,vbd_pot1_ad_start,vbd_pot2_ad_start,depth,ob_vertv,data_pts,end_secs,pitch_secs,roll_secs,vbd_secs,vbd_i,gcphase,pitch_i,roll_i,pitch_ad,roll_ad,vbd_ad,vbd_pot1_ad,vbd_pot2_ad,pitch_retries,pitch_errors,roll_retries,roll_errors,vbd_retries,vbd_errors,pitch_volts,roll_volts,vbd_volts,int_press,humidity
$STATE,6,end surface,CONTROL_FINISHED_OK
$STATE,6,begin dive
$GC,75,-0.90,-146.6,150,2123,536,456,0.0,-0.0,6,164,0.00,0.00,-86.38,0.000,16386,0.000,0.000,144,2123,2819,2830,2808,0,0,0,0,0,0,26.42,28.83,26.43,8.84,49.76
$GC,168,-0.90,-146.6,144,2123,2833,2809,2.8,-5.3,15,198,9.30,2.12,-11.48,0.000,18692,0.202,0.050,2591,3500,3406,3422,3390,0,0,0,0,0,0,25.25,24.03,25.44,9.07,49.96
$GC,260,-0.78,-146.6,2590,3500,3425,3390,22.2,-16.5,23,268,0.17,2.03,0.00,0.000,3078,0.138,0.019,2644,2088,3407,3425,3390,0,0,0,0,0,0,25.72,26.16,25.89,9.13,49.40
$GC,578,-0.78,-146.6,2644,2088,3429,3390,70.4,-14.2,48,581,0.00,2.17,0.00,0.000,260,0.000,0.038,2636,3504,3409,3429,3390,0,0,0,0,0,0,26.59,26.09,26.60,9.16,49.60
$GC,710,-0.78,-146.6,2636,3504,3430,3390,86.5,-12.9,54,715,0.00,1.98,0.00,0.000,1030,0.000,0.018,2636,2109,3409,3429,3390,0,0,0,0,0,0,26.35,26.31,26.37,9.16,50.07
$GC,1024,-0.78,-146.6,2636,2108,3432,3390,123.6,-9.5,70,1028,0.00,2.12,0.00,0.000,260,0.000,0.038,2626,3497,3411,3432,3390,0,0,0,0,0,0,26.64,26.13,26.65,9.17,50.07
$GC,1129,-0.78,-146.6,2625,3497,3432,3390,132.9,-9.1,75,1133,0.00,1.98,0.00,0.000,1030,0.000,0.018,2626,2099,3411,3432,3390,0,0,0,0,0,0,26.39,26.34,26.40,9.17,50.11
$GC,1455,-0.78,-146.6,2625,2099,3435,3390,155.1,-6.7,91,1459,0.00,2.00,0.00,0.000,516,0.000,0.031,2626,743,3412,3435,3390,0,0,0,0,0,0,26.66,26.20,26.66,9.14,49.29
$GC,1503,-0.78,-146.6,2625,742,3435,3390,158.4,-6.8,93,1507,0.00,2.00,0.00,0.000,1030,0.000,0.023,2617,2125,3412,3435,3390,0,0,0,0,0,0,26.36,26.29,26.37,9.13,49.44
$GC,1822,-0.84,-146.6,2617,2125,3437,3390,181.3,-7.7,109,1827,0.00,2.05,0.00,0.000,516,0.000,0.030,2617,736,3413,3437,3390,0,0,0,0,0,0,26.66,26.21,26.67,9.08,49.09
$GC,1931,-0.84,-146.6,2617,736,3437,3390,189.9,-8.1,114,1935,0.00,2.00,0.00,0.000,1030,0.000,0.024,2609,2124,3413,3437,3390,0,0,0,0,0,0,26.36,26.29,26.38,9.07,49.25
$GC,2312,-0.89,-146.6,2608,2124,3437,3390,218.9,-7.5,124,2316,0.00,2.05,0.00,0.000,516,0.000,0.030,2609,745,3414,3438,3390,0,0,0,0,0,0,26.66,26.21,26.67,9.03,49.84
$GC,2469,-0.95,-146.6,2608,745,3437,3390,225.6,-7.6,125,2477,0.00,1.98,0.00,0.000,1030,0.000,0.024,2600,2118,3413,3437,3390,0,0,0,0,0,0,26.36,26.29,26.39,9.02,50.55
$GC,2797,-1.01,-146.6,2600,2118,3437,3390,258.4,-8.4,130,2801,0.00,2.12,0.00,0.000,260,0.000,0.039,2590,3504,3413,3437,3390,0,0,0,0,0,0,26.67,26.14,26.67,8.98,51.61
$GC,2894,-1.06,-146.6,2589,3503,3436,3390,265.5,-8.4,131,2899,0.00,1.98,0.00,0.000,1030,0.000,0.018,2590,2110,3413,3436,3390,0,0,0,0,0,0,26.40,26.35,26.42,8.98,51.65
$GC,3204,-1.11,-146.6,2589,2110,3435,3388,292.5,-8.4,135,3210,0.10,2.15,0.00,0.000,4356,0.076,0.039,2490,3503,3412,3436,3388,0,0,0,0,0,0,26.46,26.14,26.47,8.96,53.07
$GC,3253,-1.16,-146.6,2490,3503,3436,3387,292.5,-8.4,135,3258,0.10,1.98,0.00,0.000,3078,0.161,0.019,2519,2115,3411,3435,3387,0,0,0,0,0,0,25.98,26.34,26.10,8.95,53.26
$GC,3614,-1.16,-146.6,2518,2115,3435,3385,333.9,-10.1,140,3619,0.00,2.05,0.00,0.000,516,0.000,0.032,2519,742,3410,3435,3385,0,0,0,0,0,0,26.67,26.17,26.67,8.93,53.38
$GC,3636,-1.16,-146.6,2518,742,3435,3385,333.9,-10.1,140,3641,0.00,2.00,0.00,0.000,1030,0.000,0.024,2512,2114,3410,3435,3385,0,0,0,0,0,0,26.34,26.27,26.36,8.93,53.46
$GC,4022,-1.10,-146.6,2511,2113,3433,3383,376.2,-10.4,145,4027,0.10,2.15,0.00,0.000,2308,0.161,0.040,2532,3506,3407,3432,3383,0,0,0,0,0,0,26.17,26.13,26.24,8.91,54.48
$GC,4188,-1.05,-146.6,2532,3506,3431,3382,392.7,-10.1,147,4194,0.10,2.00,0.00,0.000,3078,0.145,0.020,2563,2110,3406,3431,3382,0,0,0,0,0,0,26.01,26.33,26.13,8.90,55.15
$GC,4516,-1.05,-146.6,2563,2109,3431,3380,422.2,-9.0,151,4520,0.00,2.20,0.00,0.000,260,0.000,0.040,2555,3504,3405,3430,3380,0,0,0,0,0,0,26.67,26.11,26.68,8.89,55.00
$GC,4582,-1.05,-146.6,2554,3504,3430,3380,422.2,-9.0,151,4587,0.00,2.00,0.00,0.000,1030,0.000,0.020,2555,2116,3405,3430,3380,0,0,0,0,0,0,26.38,26.32,26.40,8.89,55.47
$GC,4923,-1.05,-146.6,2554,2116,3429,3378,461.4,-9.6,156,4927,0.00,2.15,0.00,0.000,260,0.000,0.040,2545,3505,3403,3429,3378,0,0,0,0,0,0,26.67,26.10,26.68,8.88,55.71
$GC,4955,-1.05,-146.6,2544,3506,3428,3378,461.4,-9.6,156,4960,0.00,2.05,0.00,0.000,1030,0.000,0.021,2545,2110,3403,3429,3378,0,0,0,0,0,0,26.35,26.32,26.36,8.88,56.22
$GC,5329,-1.05,-146.6,2544,2110,3426,3376,500.7,-9.6,161,5333,0.00,2.08,0.00,0.000,516,0.000,0.033,2544,738,3401,3426,3376,0,0,0,0,0,0,26.67,26.14,26.67,8.87,55.98
$GC,5370,-1.05,-146.6,2544,738,3426,3376,500.7,-9.6,161,5374,0.00,2.03,0.00,0.000,1030,0.000,0.025,2536,2122,3401,3426,3376,0,0,0,0,0,0,26.32,26.25,26.34,8.87,55.82
$GC,5734,-1.05,-146.6,2535,2122,3424,3374,538.7,-9.3,166,5738,0.00,2.15,0.00,0.000,260,0.000,0.040,2525,3510,3399,3424,3374,0,0,0,0,0,0,26.67,26.09,26.67,8.86,56.93
$GC,5872,-1.05,-146.6,2525,3510,3422,3374,546.4,-9.2,167,5879,0.12,2.03,0.00,0.000,3078,0.141,0.021,2564,2109,3398,3422,3374,0,0,0,0,0,0,25.94,26.31,26.06,8.85,56.22
$GC,6220,-1.05,-146.6,2563,2109,3422,3372,577.8,-7.5,172,6221,0.00,0.00,0.00,0.000,6,0.000,0.000,2564,2109,3397,3422,3372,0,0,0,0,0,0,26.67,26.68,26.67,8.84,56.97
$GC,6539,-1.10,-146.6,2563,2109,3421,3370,602.5,-7.7,176,6543,0.00,2.08,0.00,0.000,516,0.000,0.034,2564,737,3396,3421,3371,0,0,0,0,0,0,26.67,26.12,26.68,8.84,57.08
$GC,6616,-1.16,-146.6,2563,737,3421,3370,602.5,-7.7,176,6624,0.00,2.03,0.00,0.000,1030,0.000,0.026,2556,2119,3395,3420,3370,0,0,0,0,0,0,26.30,26.22,26.33,8.83,57.12
$GC,6943,-1.16,-146.6,2556,2119,3420,3367,636.6,-8.5,181,6947,0.00,2.15,0.00,0.000,260,0.000,0.041,2547,3505,3394,3420,3368,0,0,0,0,0,0,26.67,26.06,26.68,8.82,57.60
$GC,6975,-1.16,-146.6,2547,3505,3419,3368,636.6,-8.5,181,6979,0.00,2.03,0.00,0.000,1030,0.000,0.021,2547,2116,3393,3419,3367,0,0,0,0,0,0,26.35,26.29,26.37,8.83,57.08
$GC,7348,-1.16,-146.6,2546,2116,3419,3367,673.8,-9.2,186,7352,0.00,2.10,0.00,0.000,516,0.000,0.034,2547,731,3393,3419,3367,0,0,0,0,0,0,26.67,26.10,26.68,8.81,57.24
$GC,7502,-1.16,-146.6,2546,732,3418,3367,682.1,-9.4,187,7507,0.00,2.08,0.00,0.000,1030,0.000,0.027,2539,2113,3392,3418,3366,0,0,0,0,0,0,26.24,26.20,26.26,8.81,57.60
$GC,7836,-1.16,-146.6,2538,2113,3417,3365,720.0,-9.3,192,7840,0.00,2.10,0.00,0.000,516,0.000,0.034,2538,732,3391,3417,3365,0,0,0,0,0,0,26.67,26.09,26.68,8.81,58.23
$GC,7965,-1.16,-146.6,2538,732,3417,3365,727.7,-9.2,193,7970,0.00,2.05,0.00,0.000,1030,0.000,0.027,2529,2120,3390,3416,3364,0,0,0,0,0,0,26.27,26.19,26.30,8.80,58.11
$GC,8324,-1.16,-146.6,2529,2119,3415,3364,764.0,-8.9,198,8328,0.00,2.10,0.00,0.000,516,0.000,0.034,2529,736,3389,3415,3364,0,0,0,0,0,0,26.67,26.08,26.68,8.80,57.71
$GC,8473,-1.16,-146.6,2529,736,3415,3364,771.6,-8.9,199,8478,0.00,2.05,0.00,0.000,1030,0.000,0.028,2520,2121,3389,3415,3364,0,0,0,0,0,0,26.27,26.19,26.29,8.79,58.34
$GC,8814,-1.16,-146.6,2519,2121,3414,3362,806.3,-8.6,204,8818,0.00,2.17,0.00,0.000,260,0.000,0.041,2509,3511,3388,3414,3362,0,0,0,0,0,0,26.67,26.02,26.67,8.78,58.46
$GC,9000,-1.16,-146.6,2509,3512,3413,3361,820.7,-8.6,206,9005,0.00,2.05,0.00,0.000,1030,0.000,0.023,2509,2118,3387,3413,3361,0,0,0,0,0,0,26.32,26.26,26.34,8.78,57.95
$GC,9380,-1.16,-146.6,2509,2118,3413,3360,855.0,-8.5,211,9387,0.00,2.17,0.00,0.000,260,0.000,0.042,2499,3503,3386,3412,3360,0,0,0,0,0,0,26.67,26.00,26.67,8.77,58.34
$GC,9490,-1.16,-146.6,2499,3504,3412,3359,862.3,-8.6,212,9494,0.00,2.08,0.00,0.000,1030,0.000,0.023,2499,2114,3386,3412,3360,0,0,0,0,0,0,26.29,26.26,26.31,8.77,58.03
$GC,9863,-1.16,-146.6,2498,2114,3411,3359,899.7,-9.3,217,9871,0.10,2.17,0.00,0.000,2308,0.169,0.042,2518,3502,3385,3411,3359,0,0,0,0,0,0,26.11,25.98,26.17,8.76,58.93
$GC,9982,-1.16,-146.6,2518,3502,3411,3358,907.5,-9.4,218,9986,0.00,2.05,0.00,0.000,1030,0.000,0.023,2518,2106,3384,3411,3358,0,0,0,0,0,0,26.31,26.25,26.34,8.76,58.74
$GC,10351,-1.16,-146.6,2518,2106,3411,3357,947.2,-9.9,223,10358,0.00,2.20,0.00,0.000,260,0.000,0.043,2508,3506,3383,3410,3357,0,0,0,0,0,0,26.67,25.97,26.67,8.75,59.60
$GC,10455,-1.16,-146.6,2507,3506,3410,3357,955.8,-10.0,224,10460,0.00,2.05,0.00,0.000,1030,0.000,0.023,2508,2114,3383,3409,3357,0,0,0,0,0,0,26.30,26.24,26.32,8.75,59.05
$STATE,10833,end dive,TARGET_DEPTH_EXCEEDED
$STATE,10833,begin apogee
$GC,10841,-0.33,0.0,2508,1611,3410,3356,996.7,-10.2,229,10974,0.88,0.00,129.85,1.350,10246,0.113,0.000,2792,1611,2805,2907,2703,0,0,0,0,0,0,25.41,24.48,23.34,8.75,59.72
$STATE,10976,end apogee,CONTROL_FINISHED_OK
$STATE,10976,begin climb
$GC,10979,0.90,146.6,2791,1610,2906,2702,1000.3,0.0,230,11126,1.10,2.30,138.27,1.303,10756,0.059,0.046,3186,255,2205,2293,2118,0,0,0,0,0,0,24.84,24.20,23.10,8.70,57.67
$GC,11269,0.90,146.6,3186,255,2292,2118,983.2,8.7,234,11274,0.00,2.08,0.00,0.000,1030,0.000,0.024,3186,1608,2205,2292,2118,0,0,0,0,0,0,25.82,25.79,25.84,8.64,57.63
$GC,11635,0.84,146.6,3186,1609,2290,2118,942.4,10.2,239,11640,0.00,2.12,0.00,0.000,260,0.000,0.037,3186,2991,2204,2290,2118,0,0,0,0,0,0,26.50,26.08,26.51,8.63,59.13
$GC,11803,0.77,146.6,3186,2991,2290,2118,924.4,10.4,241,11810,0.12,2.08,0.00,0.000,5126,0.155,0.031,3149,1611,2204,2290,2118,0,0,0,0,0,0,25.88,26.17,26.04,8.63,58.50
$GC,12122,0.80,171.1,3148,1611,2288,2118,895.9,8.9,245,12151,0.00,2.17,24.12,1.249,8452,0.000,0.035,3149,2990,2104,2196,2013,0,0,0,0,0,0,26.62,25.14,24.13,8.62,59.76
$GC,12244,0.82,196.9,3148,2989,2196,2013,889.0,8.8,246,12275,0.00,2.15,26.42,1.235,9222,0.000,0.029,3155,1602,2002,2103,1902,0,0,0,0,0,0,25.98,25.89,23.92,8.61,59.37
$GC,12598,0.84,218.0,3155,1602,2103,1899,852.4,9.0,251,12627,0.00,2.22,21.38,1.209,8452,0.000,0.034,3155,2997,1913,2028,1799,0,0,0,0,0,0,26.44,24.94,24.14,8.61,59.76
$GC,12749,0.87,239.8,3155,2997,2029,1799,844.9,9.0,252,12777,0.00,2.12,21.85,1.200,9222,0.000,0.030,3155,1602,1825,1956,1695,0,0,0,0,0,0,25.99,25.91,24.03,8.59,59.37
$GC,13159,0.89,265.2,3154,1601,1955,1694,801.5,8.8,258,13192,0.00,2.28,25.05,1.201,8708,0.000,0.048,3156,241,1720,1864,1576,0,0,0,0,0,0,26.47,25.29,24.13,8.58,59.96
$GC,13277,0.92,289.8,3155,241,1864,1576,794.2,8.9,259,13309,0.08,2.05,23.83,1.179,11270,0.094,0.024,3222,1610,1620,1771,1469,0,0,0,0,0,0,25.82,25.87,23.99,8.57,59.25
$GC,13638,0.92,289.8,3222,1610,1771,1469,751.2,10.8,264,13642,0.00,2.20,0.00,0.000,516,0.000,0.049,3223,241,1620,1771,1469,0,0,0,0,0,0,26.43,25.96,26.44,8.55,59.64
$GC,13759,0.92,289.8,3223,240,1771,1469,741.7,11.0,265,13763,0.00,2.03,0.00,0.000,1030,0.000,0.025,3223,1602,1619,1770,1469,0,0,0,0,0,0,26.23,26.17,26.26,8.56,60.04
$GC,14122,0.92,289.8,3222,1602,1771,1469,696.4,11.2,270,14127,0.00,2.15,0.00,0.000,260,0.000,0.037,3223,2998,1619,1770,1469,0,0,0,0,0,0,26.60,26.15,26.60,8.55,61.14
$GC,14244,0.92,289.8,3222,2998,1771,1467,685.9,11.6,271,14248,0.00,2.10,0.00,0.000,1030,0.000,0.031,3223,1604,1618,1770,1467,0,0,0,0,0,0,26.29,26.20,26.32,8.55,60.19
$GC,14607,0.92,289.8,3222,1604,1771,1467,638.4,11.6,276,14611,0.00,2.12,0.00,0.000,260,0.000,0.037,3223,2989,1619,1771,1467,0,0,0,0,0,0,26.64,26.17,26.65,8.55,60.39
$GC,14633,0.92,289.8,3222,2990,1771,1467,638.4,11.6,276,14637,0.00,2.10,0.00,0.000,1030,0.000,0.031,3223,1601,1618,1770,1467,0,0,0,0,0,0,26.29,26.21,26.33,8.55,60.67
$GC,15011,0.92,289.8,3222,1601,1771,1467,593.5,10.9,281,15015,0.00,2.17,0.00,0.000,516,0.000,0.049,3223,239,1619,1771,1467,0,0,0,0,0,0,26.65,26.06,26.66,8.55,60.43
$GC,15073,0.92,289.8,3222,239,1771,1467,593.5,10.9,281,15077,0.00,2.03,0.00,0.000,1030,0.000,0.024,3223,1609,1619,1771,1467,0,0,0,0,0,0,26.34,26.27,26.36,8.55,61.30
$GC,15416,0.93,298.6,3222,1610,1770,1467,553.8,9.6,286,15432,0.00,2.17,8.70,0.954,8452,0.000,0.036,3223,2988,1583,1737,1429,0,0,0,0,0,0,26.65,25.62,24.27,8.55,61.02
$GC,15559,0.94,309.3,3223,2988,1737,1429,545.8,9.5,287,15576,0.00,2.10,10.60,0.983,9222,0.000,0.031,3223,1604,1542,1699,1386,0,0,0,0,0,0,26.20,26.10,24.34,8.55,60.75
$GC,15898,0.96,330.1,3222,1605,1699,1385,508.8,9.0,292,15920,0.00,0.00,19.70,1.030,8198,0.000,0.000,3223,1605,1458,1623,1293,0,0,0,0,0,0,26.51,25.35,24.31,8.55,60.27
$GC,16218,0.96,331.6,3223,1605,1621,1291,477.0,9.9,296,16222,0.00,2.15,0.00,0.000,260,0.000,0.036,3223,2989,1456,1621,1291,0,0,0,0,0,0,26.44,26.00,26.45,8.54,60.67
$GC,16319,0.96,331.6,3222,2990,1621,1291,466.8,10.5,297,16323,0.00,2.10,0.00,0.000,1030,0.000,0.031,3228,1603,1455,1620,1291,0,0,0,0,0,0,26.17,26.08,26.20,8.54,60.63
$GC,16702,0.96,331.6,3227,1603,1621,1292,419.6,11.8,302,16706,0.00,2.17,0.00,0.000,516,0.000,0.048,3237,237,1456,1621,1291,0,0,0,0,0,0,26.60,26.02,26.60,8.55,60.86
$GC,16743,0.96,331.6,3237,237,1621,1292,419.6,11.8,302,16747,0.00,2.03,0.00,0.000,1030,0.000,0.024,3237,1608,1456,1621,1291,0,0,0,0,0,0,26.30,26.23,26.32,8.55,60.43
$GC,17108,0.96,331.6,3237,1608,1621,1291,369.7,12.2,307,17112,0.00,2.12,0.00,0.000,260,0.000,0.036,3237,2993,1456,1621,1291,0,0,0,0,0,0,26.63,26.13,26.65,8.56,60.12
$GC,17139,0.96,331.6,3237,2992,1621,1292,369.7,12.2,307,17145,0.10,2.12,0.00,0.000,5126,0.141,0.030,3214,1606,1456,1621,1291,0,0,0,0,0,0,25.84,26.18,25.93,8.55,60.04
$GC,17515,1.03,331.6,3213,1605,1621,1292,323.3,11.1,312,17519,0.00,2.12,0.00,0.000,260,0.000,0.037,3214,2985,1456,1621,1292,0,0,0,0,0,0,26.65,26.12,26.65,8.56,60.75
$GC,17622,1.09,331.6,3213,2985,1621,1291,313.4,11.2,313,17626,0.00,2.08,0.00,0.000,1030,0.000,0.029,3221,1603,1456,1621,1292,0,0,0,0,0,0,26.28,26.19,26.30,8.56,59.33
$GC,18002,1.09,331.6,3221,1603,1620,1291,269.1,10.9,318,18006,0.00,2.12,0.00,0.000,260,0.000,0.037,3221,2985,1456,1621,1291,0,0,0,0,0,0,26.65,26.10,26.66,8.57,59.84
$GC,18093,1.09,331.6,3220,2985,1621,1291,259.2,11.0,319,18099,0.00,2.08,0.00,0.000,1030,0.000,0.029,3230,1604,1456,1621,1291,0,0,0,0,0,0,26.27,26.17,26.30,8.57,59.72
$GC,18408,1.09,331.6,3230,1604,1620,1292,223.9,10.9,323,18412,0.00,2.15,0.00,0.000,516,0.000,0.047,3240,242,1456,1621,1292,0,0,0,0,0,0,26.65,26.00,26.66,8.57,59.80
$GC,18459,1.09,331.6,3240,242,1621,1291,223.9,10.9,323,18464,0.00,2.05,0.00,0.000,1030,0.000,0.024,3240,1600,1456,1621,1291,0,0,0,0,0,0,26.27,26.25,26.29,8.57,59.64
$GC,18773,1.09,331.6,3240,1601,1621,1291,182.7,11.5,332,18778,0.00,2.17,0.00,0.000,260,0.000,0.037,3241,2990,1455,1620,1291,0,0,0,0,0,0,26.65,26.08,26.66,8.57,59.25
$GC,18818,1.09,331.6,3240,2990,1621,1291,177.4,11.9,334,18823,0.00,2.10,0.00,0.000,1030,0.000,0.029,3250,1599,1456,1621,1291,0,0,0,0,0,0,26.25,26.16,26.28,8.58,59.05
$GC,19142,1.09,331.6,3249,1598,1621,1291,140.7,11.7,350,19147,0.00,2.15,0.00,0.000,516,0.000,0.047,3260,242,1456,1621,1291,0,0,0,0,0,0,26.65,25.98,26.66,8.58,59.64
$GC,19260,1.09,331.6,3259,242,1621,1291,129.8,10.4,355,19267,0.00,2.00,0.00,0.000,1030,0.000,0.024,3260,1607,1456,1621,1291,0,0,0,0,0,0,26.29,26.23,26.32,8.59,59.45
$GC,19568,1.14,384.7,3259,1608,1621,1291,104.7,7.6,371,19619,0.00,2.25,45.40,0.783,8964,0.000,0.046,3262,235,1233,1410,1057,0,0,0,0,0,0,26.65,24.88,24.30,8.62,59.84
$GC,19761,1.18,423.5,3261,236,1409,1058,89.8,8.2,379,19807,0.00,2.05,40.00,0.751,9222,0.000,0.024,3262,1609,1076,1221,932,0,0,0,0,0,0,25.98,25.91,24.26,8.65,59.80
$GC,20111,1.31,444.7,3261,1608,1220,932,58.5,9.0,397,20140,0.12,2.15,22.27,0.692,10500,0.063,0.036,3362,2992,990,1110,871,0,0,0,0,0,0,26.17,25.44,24.56,8.73,59.72
$GC,20208,1.24,444.7,3362,2992,1109,870,47.5,11.5,402,20214,0.17,2.15,0.00,0.000,5126,0.109,0.029,3301,1601,990,1109,871,0,0,0,0,0,0,25.49,25.85,25.68,8.74,58.82
$GC,20524,1.34,479.2,3300,1601,1109,870,18.2,8.4,433,20553,0.00,2.22,23.58,0.598,8708,0.000,0.043,3303,233,848,938,759,0,0,0,0,0,0,26.48,25.55,24.74,8.81,57.04
$GC,20570,1.44,526.4,3303,233,936,758,14.7,7.8,437,20608,0.12,2.03,29.67,0.570,11270,0.063,0.021,3398,1617,655,718,592,0,0,0,0,0,0,25.89,25.91,24.56,8.79,56.30
$STATE,20655,end climb,SURFACE_DEPTH_REACHED
$STATE,20655,begin surface coast
$FINISH,0.2,1.022398
$STATE,20668,end surface coast,CONTROL_FINISHED_OK
$STATE,20669,begin surface
$SM_CCo,20690,24.40,0.050,0,0,498,565.66
$SM_GC,-0.19,8.32,0.70,24.40,0.029,0.031,0.050,177,2085,498,-8.33,-2.21,565.66,0,0,0,0,0,0,25.90,25.84,25.74
$IRIDIUM_FIX,559.01,-14114.99,090225,230407
$TT8_MAMPS,0.026964,0.384237
$HUMID,53.97
$INTERNAL_PRESSURE,8.76138
$TCM_TEMP,20.20
$XPDR_PINGS,0
$ALTIM_TOP_PING,19.1,19.3
$24V_AH,23.10,50.459
$10V_AH,9.80,37.680
$FG_AHR_24Vo,0.000
$FG_AHR_10Vo,0.000
$DEVICES,Pitch_motor,Roll_motor,VBD_pump_during_apogee,VBD_pump_during_surface,VBD_valve,Iridium_during_init,Iridium_during_connect,Iridium_during_xfer,Transponder_ping,GUMSTIX_24V,GPS,TT8,LPSleep,TT8_Active,TT8_Sampling,TT8_CF8,TT8_Kalman,Analog_circuits,GPS_charging,Compass,RAFOS,Transponder,Compass2
$DEVICE_SECS,21.125,186.025,610.700,24.400,0.000,0.000,0.000,216.475,0.250,0.000,24.459,2239.302,15029.139,675.261,2753.914,369.286,0.000,2269.586,0.000,2315.193,0.000,2.767,0.000
$DEVICE_MAMPS,201.960,50.490,1350.225,50.490,0.000,0.000,0.000,87.975,420.000,0.000,30.710,15.210,2.190,15.210,43.670,53.410,0.000,14.000,0.000,8.240,0.000,30.000,0.000
$SENSORS,SBE_CT,WL_blue_red_Chl,AA4330,nil,nil,nil,nil,nil,nil,nil
$SENSOR_SECS,385.563,278.508,605.608,0.000,0.000,0.000,0.000,0.000,0.000,0.000
$SENSOR_MAMPS,22.470,105.000,11.230,0.000,0.000,0.000,0.000,0.000,0.000,0.000
$MEM,311836
$DATA_FILE_SIZE,34861,447
$CAP_FILE_SIZE,180771,0
$CFSIZE,2097872896,2052816896
$ERRORS,0,0,0,0,0,0,0,0,0,0,0,0,0,0,1,0
$CURRENT,0.095,76.69,1
$GPS,270605,105100,601.711,-14109.883,43,1.0,67,9.2,0.5,60.7,9,5.0
