version: 66.14
glider: 195
mission: 21
dive: 542
start: 8 26 105 4 24 39
data:
$ID,195
$MISSION,21
$DIVE,542
$N_DIVES,0
$STOP_T,0
$D_SURF,3
$D_FLARE,2
$D_TGT,990
$D_ABORT,1090
$D_NO_BLEED,50
$D_BOOST,3
$T_BOOST,0
$D_FINISH,0
$D_PITCH,0
$D_SAFE,0
$D_CALL,0
$SURFACE_URGENCY,0
$SURFACE_URGENCY_TRY,0
$SURFACE_URGENCY_FORCE,0
$T_DIVE,330
$T_MISSION,600
$T_ABORT,1440
$T_TURN,300
$T_TURN_SAMPINT,5
$T_NO_W,120
$T_LOITER,0
$T_SLOITER,60
$T_EPIRB,0
$USE_BATHY,0
$USE_ICE,0
$ICE_FREEZE_MARGIN,0.30000001
$D_OFFGRID,990
$T_WATCHDOG,10
$RELAUNCH,1
$APOGEE_PITCH,-8
$MAX_BUOY,150
$COURSE_BIAS,0
$GLIDE_SLOPE,30
$SPEED_FACTOR,1
$RHO,1.023
$MASS,54002
$MASS_COMP,0
$NAV_MODE,2
$FERRY_MAX,45
$KALMAN_USE,2
$HD_A,0.0038000001
$HD_B,0.0099999998
$HD_C,9.8500004e-06
$HEADING,-1
$ESCAPE_HEADING,0
$ESCAPE_HEADING_DELTA,10
$FIX_MISSING_TIMEOUT,0
$TGT_DEFAULT_LAT,4736
$TGT_DEFAULT_LON,-12225
$TGT_AUTO_DEFAULT,0
$SM_CC,300
$N_FILEKB,4
$FILEMGR,0
$CALL_NDIVES,1
$COMM_SEQ,0
$PROTOCOL,9
$N_NOCOMM,1
$NOCOMM_ACTION,0
$N_NOSURFACE,0
$UPLOAD_DIVES_MAX,-1
$CALL_TRIES,5
$CALL_WAIT,60
$CAPUPLOAD,0
$CAPMAXSIZE,200000
$HEAPDBG,0
$T_GPS,15
$N_GPS,50840
$T_RSLEEP,2
$STROBE,0
$RAFOS_PEAK_OFFSET,1.5
$RAFOS_CORR_THRESH,60
$RAFOS_HIT_WINDOW,3600
$RAFOS_MMODEM,0
$PITCH_MIN,207
$PITCH_MAX,3915
$C_PITCH,2884
$PITCH_DBAND,0.1
$PITCH_CNV,0.003125763
$P_OVSHOOT,0.039999999
$P_OVSHOOT_WITHG,0.079999998
$PITCH_GAIN,19.15
$PITCH_TIMEOUT,17
$PITCH_AD_RATE,160
$PITCH_MAXERRORS,1
$PITCH_ADJ_GAIN,0.02
$PITCH_ADJ_DBAND,2.5
$ROLL_MIN,224
$ROLL_MAX,3758
$ROLL_DEG,40
$C_ROLL_DIVE,1950
$C_ROLL_CLIMB,2100
$HEAD_ERRBAND,10
$ROLL_CNV,0.028270001
$ROLL_TIMEOUT,15
$R_PORT_OVSHOOT,54
$R_STBD_OVSHOOT,50
$ROLL_AD_RATE,350
$ROLL_MAXERRORS,2
$ROLL_ADJ_GAIN,0
$ROLL_ADJ_DBAND,0
$VBD_MIN,500
$VBD_MAX,3960
$C_VBD,2806
$VBD_DBAND,2
$VBD_CNV,-0.24529999
$VBD_LP_IGNORE,0
$VBD_TIMEOUT,720
$PITCH_VBD_SHIFT,0.001
$VBD_PUMP_AD_RATE_SURFACE,5
$VBD_PUMP_AD_RATE_APOGEE,4
$VBD_BLEED_AD_RATE,8
$UNCOM_BLEED,60
$VBD_MAXERRORS,1
$W_ADJ_DBAND,0
$DBDW,0
$PITCH_W_GAIN,0
$PITCH_W_DBAND,0
$CF8_MAXERRORS,5
$AH0_24V,150
$AH0_10V,97
$MINV_24V,19
$MINV_10V,8
$MAXI_24V,0.80000001
$MAXI_10V,0.60000002
$FG_AHR_10V,0
$FG_AHR_24V,0
$PHONE_SUPPLY,-2
$PRESSURE_YINT,-49.397121
$PRESSURE_SLOPE,0.0001168043
$AD7714Ch0Gain,128
$TCM_PITCH_OFFSET,0
$TCM_ROLL_OFFSET,0
$COMPASS_USE,4
$ALTIM_BOTTOM_PING_RANGE,0
$ALTIM_TOP_PING_RANGE,20
$ALTIM_BOTTOM_TURN_MARGIN,0
$ALTIM_TOP_TURN_MARGIN,0
$ALTIM_TOP_MIN_OBSTACLE,1
$ALTIM_PING_DEPTH,0
$ALTIM_PING_DELTA,0
$ALTIM_FREQUENCY,13
$ALTIM_PULSE,3
$ALTIM_SENSITIVITY,3
$XPDR_VALID,5
$XPDR_INHIBIT,90
$INT_PRESSURE_SLOPE,0.0097660003
$INT_PRESSURE_YINT,-0.77999997
$DEEPGLIDER,0
$MOTHERBOARD,4
$DEVICE1,2
$DEVICE2,115
$DEVICE3,101
$DEVICE4,-1
$DEVICE5,-1
$DEVICE6,-1
$LOGGERS,0
$LOGGERDEVICE1,-1
$LOGGERDEVICE2,-1
$LOGGERDEVICE3,-1
$LOGGERDEVICE4,-1
$COMPASS_DEVICE,33
$COMPASS2_DEVICE,-1
$PHONE_DEVICE,49
$GPS_DEVICE,32
$RAFOS_DEVICE,-1
$XPDR_DEVICE,24
$SIM_W,0
$SIM_PITCH,0
$SEABIRD_T_G,0.0044178674
$SEABIRD_T_H,0.00064818078
$SEABIRD_T_I,2.6779007e-05
$SEABIRD_T_J,3.3667231e-06
$SEABIRD_C_G,-10.098215
$SEABIRD_C_H,1.1454017
$SEABIRD_C_I,-0.0021276253
$SEABIRD_C_J,0.00025532115
$SEABIRD_C_Z,2974.52
$GPS1,260805,041651,812.5578,-14136.1162,31,1.0,46,9.3,0.6,120.6,9,4.8
$_CALLS,1
$_XMS_NAKs,0
$_XMS_TOUTs,0
$_SM_DEPTHo,0.13
$_SM_ANGLEo,-55.8
$GPS2,260805,042359,812.5188,-14136.1641,7,0.8,22,9.3,0.4,129.8,10,4.9
$SPEED_LIMITS,0.173,0.262
$TGT_NAME,TX2
$TGT_LATLONG,1145.000,-14800.000
$TGT_RADIUS,10000.000
$KALMAN_CONTROL,0.000000,0.000000
$KALMAN_X,0.000000,0.000000,0.000000,0.000000,0.000000
$KALMAN_Y,0.000000,0.000000,0.000000,0.000000,0.000000
$MHEAD_RNG_PITCHd_Wd,284.9,799516,-18.1,-10.000,-20.93,2235
$D_GRID,990
$GCHEAD,st_secs,pitch_ctl,vbd_ctl,pitch_ad_start,roll_ad_start,vbd_pot1_ad_start,vbd_pot2_ad_start,depth,ob_vertv,data_pts,end_secs,pitch_secs,roll_secs,vbd_secs,vbd_i,gcphase,pitch_i,roll_i,pitch_ad,roll_ad,vbd_ad,vbd_pot1_ad,vbd_pot2_ad,pitch_retries,pitch_errors,roll_retries,roll_errors,vbd_retries,vbd_errors,pitch_volts,roll_volts,vbd_volts,int_press,humidity
$STATE,6,end surface,CONTROL_FINISHED_OK
$STATE,6,begin dive
$GC,75,-1.09,-146.6,162,1950,764,644,0.2,-0.3,6,154,0.00,0.00,-77.18,0.000,16386,0.000,0.000,160,1951,2693,2718,2668,0,0,0,0,0,0,26.35,28.83,26.36,8.81,53.38
$GC,159,-1.09,-146.6,159,1951,2721,2668,2.1,-4.0,14,197,9.25,2.20,-17.10,0.000,18692,0.201,0.058,2520,3334,3409,3431,3388,0,0,0,0,0,0,24.68,25.34,24.88,9.01,53.70
$GC,275,-0.96,-146.6,2519,3334,3433,3388,19.4,-13.4,25,280,0.12,2.10,0.00,0.000,3078,0.133,0.026,2573,1947,3410,3433,3388,0,0,0,0,0,0,25.44,25.95,25.60,9.08,53.11
$GC,469,-0.96,-146.6,2572,1946,3436,3388,44.2,-12.2,44,473,0.00,2.12,0.00,0.000,516,0.000,0.034,2573,549,3411,3435,3388,0,0,0,0,0,0,26.48,25.87,26.49,9.10,53.62
$GC,599,-0.90,-146.6,2572,550,3436,3388,61.0,-13.6,53,604,0.00,2.08,0.00,0.000,1030,0.000,0.024,2566,1954,3412,3436,3388,0,0,0,0,0,0,26.08,26.01,26.10,9.12,53.03
$GC,798,-0.90,-146.6,2565,1954,3439,3388,84.8,-10.1,63,804,0.00,2.22,0.00,0.000,260,0.000,0.044,2555,3346,3413,3439,3388,0,0,0,0,0,0,26.52,25.84,26.53,9.13,53.46
$GC,912,-0.83,-146.6,2554,3346,3441,3388,92.3,-6.9,68,922,0.20,2.05,0.00,0.000,3078,0.125,0.025,2618,1954,3414,3441,3388,0,0,0,0,0,0,25.56,26.03,25.71,9.13,53.26
$GC,1104,-0.83,-146.6,2618,1953,3443,3388,104.0,-5.5,78,1108,0.00,2.15,0.00,0.000,516,0.000,0.037,2618,546,3415,3443,3388,0,0,0,0,0,0,26.53,25.88,26.54,9.12,52.71
$GC,1240,-0.83,-146.6,2617,546,3444,3388,111.2,-6.0,84,1244,0.00,2.15,0.00,0.000,1030,0.000,0.030,2611,1956,3416,3444,3388,0,0,0,0,0,0,26.06,26.02,26.08,9.11,52.44
$GC,1434,-0.83,-146.6,2610,1956,3445,3388,125.5,-6.6,94,1438,0.00,2.15,0.00,0.000,260,0.000,0.040,2601,3345,3417,3446,3388,0,0,0,0,0,0,26.53,25.88,26.54,9.09,53.18
$GC,1520,-0.83,-146.6,2600,3345,3446,3388,130.3,-5.7,98,1524,0.00,2.05,0.00,0.000,1030,0.000,0.021,2601,1936,3417,3446,3388,0,0,0,0,0,0,26.17,26.10,26.19,9.08,52.79
$GC,1719,-0.83,-146.6,2600,1937,3448,3388,142.1,-6.0,108,1723,0.00,2.08,0.00,0.000,516,0.000,0.032,2601,562,3418,3448,3388,0,0,0,0,0,0,26.54,25.93,26.55,9.06,52.95
$GC,1875,-0.83,-146.6,2600,562,3447,3389,152.6,-7.7,115,1882,0.00,2.05,0.00,0.000,1030,0.000,0.024,2592,1958,3418,3448,3389,0,0,0,0,0,0,26.13,26.05,26.15,9.04,53.34
$GC,2063,-0.83,-146.6,2592,1958,3448,3389,168.3,-7.7,125,2068,0.00,2.15,0.00,0.000,516,0.000,0.040,2592,565,3418,3448,3389,0,0,0,0,0,0,26.54,25.86,26.55,9.03,53.42
$GC,2116,-0.83,-146.6,2591,565,3448,3389,171.8,-7.6,127,2126,0.10,2.08,0.00,0.000,3078,0.148,0.031,2613,1953,3418,3448,3389,0,0,0,0,0,0,25.73,26.01,25.84,9.03,53.85
$GC,2309,-0.88,-146.6,2613,1953,3448,3389,184.2,-5.7,137,2313,0.00,2.12,0.00,0.000,516,0.000,0.033,2613,554,3418,3448,3389,0,0,0,0,0,0,26.54,25.94,26.55,9.02,54.09
$GC,2356,-0.88,-146.6,2613,554,3449,3389,186.6,-5.4,139,2360,0.00,2.10,0.00,0.000,1030,0.000,0.024,2607,1949,3419,3449,3389,0,0,0,0,0,0,26.08,26.06,26.10,9.01,54.33
$GC,2555,-0.88,-146.6,2607,1949,3448,3389,196.3,-5.0,149,2559,0.00,2.17,0.00,0.000,260,0.000,0.040,2597,3348,3418,3448,3389,0,0,0,0,0,0,26.55,25.88,26.55,9.00,54.84
$GC,2639,-0.88,-146.6,2597,3348,3449,3389,200.7,-5.2,153,2643,0.00,2.08,0.00,0.000,1030,0.000,0.021,2597,1953,3418,3448,3389,0,0,0,0,0,0,26.14,26.12,26.16,9.00,55.31
$GC,2843,-0.88,-146.6,2596,1953,3448,3389,211.3,-5.3,158,2847,0.00,2.12,0.00,0.000,516,0.000,0.034,2597,557,3418,3448,3389,0,0,0,0,0,0,26.55,25.92,26.55,8.99,55.27
$GC,3009,-0.88,-146.6,2596,557,3448,3389,221.8,-6.4,162,3014,0.00,2.10,0.00,0.000,1030,0.000,0.025,2587,1949,3418,3448,3389,0,0,0,0,0,0,26.08,26.05,26.10,8.98,56.02
$GC,3208,-0.88,-146.6,2587,1949,3447,3389,236.3,-7.3,167,3210,0.00,0.00,0.00,0.000,6,0.000,0.000,2587,1949,3418,3448,3389,0,0,0,0,0,0,26.55,26.56,26.55,8.96,55.86
$GC,3408,-0.88,-146.6,2587,1949,3448,3389,251.5,-7.5,172,3413,0.00,2.15,0.00,0.000,516,0.000,0.033,2588,568,3418,3448,3389,0,0,0,0,0,0,26.55,25.93,26.55,8.96,56.22
$GC,3507,-0.88,-146.6,2586,569,3447,3389,257.7,-7.4,174,3511,0.00,2.05,0.00,0.000,1030,0.000,0.025,2579,1955,3418,3447,3389,0,0,0,0,0,0,26.12,26.05,26.15,8.95,56.61
$GC,3695,-0.88,-146.6,2579,1955,3447,3389,271.5,-6.6,179,3700,0.00,2.17,0.00,0.000,516,0.000,0.034,2579,558,3418,3447,3389,0,0,0,0,0,0,26.55,25.91,26.55,8.94,57.24
$GC,3779,-0.88,-146.6,2579,559,3447,3389,277.3,-6.8,181,3788,0.10,2.05,0.00,0.000,3078,0.145,0.024,2601,1952,3417,3446,3389,0,0,0,0,0,0,25.77,26.05,25.87,8.94,57.28
$GC,3983,-0.94,-146.6,2600,1951,3445,3389,291.2,-6.9,186,3987,0.00,2.17,0.00,0.000,516,0.000,0.034,2601,560,3417,3445,3389,0,0,0,0,0,0,26.55,25.91,26.55,8.93,57.04
$GC,4060,-1.00,-146.6,2600,560,3444,3389,294.5,-7.0,187,4067,0.00,2.08,0.00,0.000,1030,0.000,0.025,2595,1959,3416,3444,3389,0,0,0,0,0,0,26.11,26.03,26.15,8.93,57.28
$GC,4267,-1.06,-146.6,2594,1959,3444,3388,312.2,-7.4,193,4273,0.10,2.15,0.00,0.000,4612,0.075,0.034,2500,559,3416,3443,3389,0,0,0,0,0,0,26.33,25.91,26.34,8.93,57.40
$GC,4336,-1.06,-146.6,2499,559,3443,3388,316.1,-7.7,194,4343,0.17,2.08,0.00,0.000,3078,0.134,0.024,2543,1961,3416,3443,3389,0,0,0,0,0,0,25.58,26.05,25.72,8.93,57.63
$GC,4554,-1.06,-146.6,2543,1961,3442,3389,335.2,-7.8,200,4558,0.00,2.15,0.00,0.000,516,0.000,0.034,2544,561,3415,3441,3389,0,0,0,0,0,0,26.55,25.91,26.55,8.92,57.87
$GC,4651,-1.06,-146.6,2543,561,3442,3389,342.3,-8.0,202,4656,0.00,2.08,0.00,0.000,1030,0.000,0.025,2536,1961,3415,3442,3388,0,0,0,0,0,0,26.12,26.04,26.14,8.91,57.63
$GC,4841,-1.06,-146.6,2536,1961,3440,3388,359.1,-8.2,207,4845,0.00,2.15,0.00,0.000,516,0.000,0.034,2536,561,3414,3440,3388,0,0,0,0,0,0,26.55,25.90,26.55,8.91,58.46
$GC,4913,-1.06,-146.6,2536,561,3440,3389,362.8,-8.3,208,4917,0.00,2.10,0.00,0.000,1030,0.000,0.025,2527,1945,3414,3440,3389,0,0,0,0,0,0,26.08,26.03,26.09,8.90,58.54
$GC,5127,-1.06,-146.6,2526,1945,3437,3388,383.6,-8.5,214,5131,0.00,2.12,0.00,0.000,516,0.000,0.034,2527,562,3413,3437,3389,0,0,0,0,0,0,26.55,25.89,26.56,8.91,58.38
$GC,5200,-1.06,-146.6,2526,561,3437,3389,387.5,-8.7,215,5205,0.00,2.08,0.00,0.000,1030,0.000,0.025,2517,1959,3412,3437,3388,0,0,0,0,0,0,26.11,26.03,26.14,8.90,58.38
$GC,5414,-1.06,-146.6,2516,1959,3434,3388,407.9,-8.4,221,5416,0.00,0.00,0.00,0.000,6,0.000,0.000,2517,1959,3411,3434,3388,0,0,0,0,0,0,26.55,26.56,26.56,8.89,58.74
$GC,5614,-1.06,-146.6,2516,1959,3434,3387,423.7,-7.9,226,5620,0.00,2.17,0.00,0.000,516,0.000,0.034,2517,567,3410,3433,3387,0,0,0,0,0,0,26.55,25.89,26.56,8.88,59.17
$GC,5745,-1.06,-146.6,2516,566,3433,3387,433.7,-7.9,229,5750,0.10,2.10,0.00,0.000,3078,0.134,0.026,2538,1947,3410,3433,3387,0,0,0,0,0,0,25.67,26.03,25.84,8.88,58.46
$GC,5944,-1.06,-146.6,2538,1947,3432,3385,448.8,-7.3,234,5949,0.00,2.12,0.00,0.000,516,0.000,0.034,2538,564,3409,3433,3385,0,0,0,0,0,0,26.55,25.88,26.56,8.87,59.64
$GC,5989,-1.06,-146.6,2538,564,3433,3385,452.1,-7.3,235,5994,0.00,2.08,0.00,0.000,1030,0.000,0.025,2530,1956,3409,3433,3385,0,0,0,0,0,0,26.10,26.03,26.13,8.88,59.21
$GC,6194,-1.06,-146.6,2530,1955,3432,3384,466.7,-7.1,240,6195,0.00,0.00,0.00,0.000,6,0.000,0.000,2531,1956,3408,3432,3384,0,0,0,0,0,0,26.55,26.56,26.56,8.87,58.93
$GC,6394,-1.06,-146.6,2529,1956,3431,3383,480.3,-6.7,245,6398,0.00,2.17,0.00,0.000,516,0.000,0.034,2530,571,3407,3432,3383,0,0,0,0,0,0,26.55,25.88,26.56,8.87,59.49
$GC,6502,-1.06,-146.6,2530,571,3431,3383,486.4,-6.9,247,6506,0.00,2.08,0.00,0.000,1030,0.000,0.026,2522,1962,3407,3431,3383,0,0,0,0,0,0,26.10,26.03,26.13,8.86,59.68
$GC,6720,-1.06,-146.6,2521,1962,3431,3382,502.8,-6.8,253,6725,0.00,2.20,0.00,0.000,516,0.000,0.035,2522,563,3406,3431,3382,0,0,0,0,0,0,26.55,25.87,26.56,8.86,59.76
$GC,6787,-1.06,-146.6,2521,563,3431,3382,506.0,-6.8,254,6795,0.10,2.08,0.00,0.000,3078,0.149,0.025,2542,1953,3406,3431,3382,0,0,0,0,0,0,25.72,26.02,25.83,8.86,59.52
$GC,7006,-1.06,-146.6,2542,1953,3430,3381,521.7,-6.5,260,7008,0.00,0.00,0.00,0.000,6,0.000,0.000,2542,1953,3405,3430,3381,0,0,0,0,0,0,26.55,26.56,26.56,8.85,59.92
$GC,7204,-1.06,-146.6,2542,1953,3430,3380,534.5,-6.4,265,7209,0.00,2.15,0.00,0.000,516,0.000,0.035,2542,565,3405,3430,3380,0,0,0,0,0,0,26.55,25.86,26.56,8.84,59.64
$GC,7312,-1.06,-146.6,2542,565,3429,3380,540.4,-6.8,267,7316,0.00,2.08,0.00,0.000,1030,0.000,0.026,2536,1953,3404,3429,3380,0,0,0,0,0,0,26.09,26.02,26.12,8.84,60.08
$GC,7531,-1.06,-146.6,2535,1953,3428,3379,557.9,-7.4,273,7535,0.00,2.15,0.00,0.000,516,0.000,0.035,2536,560,3404,3429,3379,0,0,0,0,0,0,26.55,25.84,26.56,8.83,60.71
$GC,7598,-1.06,-146.6,2535,560,3429,3379,561.5,-7.6,274,7603,0.00,2.12,0.00,0.000,1030,0.000,0.026,2527,1954,3404,3429,3379,0,0,0,0,0,0,26.04,26.01,26.07,8.84,60.04
$GC,7817,-1.06,-146.6,2526,1954,3427,3378,581.0,-8.1,280,7821,0.00,2.15,0.00,0.000,516,0.000,0.035,2527,566,3402,3427,3378,0,0,0,0,0,0,26.55,25.84,26.56,8.84,59.76
$GC,7919,-1.06,-146.6,2526,565,3427,3378,588.3,-8.5,282,7923,0.00,2.10,0.00,0.000,1030,0.000,0.026,2517,1945,3402,3427,3378,0,0,0,0,0,0,26.04,26.01,26.08,8.83,59.88
$GC,8143,-1.06,-146.6,2516,1945,3426,3377,609.6,-8.9,288,8147,0.00,2.15,0.00,0.000,516,0.000,0.035,2517,557,3401,3426,3377,0,0,0,0,0,0,26.55,25.84,26.56,8.83,60.08
$GC,8209,-1.06,-146.6,2516,557,3426,3377,613.6,-9.0,289,8215,0.12,2.10,0.00,0.000,3078,0.141,0.027,2545,1959,3401,3426,3377,0,0,0,0,0,0,25.64,26.00,25.76,8.83,60.43
$GC,8430,-1.06,-146.6,2544,1958,3425,3376,634.5,-8.5,295,8435,0.00,2.20,0.00,0.000,516,0.000,0.036,2545,560,3400,3424,3376,0,0,0,0,0,0,26.55,25.83,26.56,8.82,60.75
$GC,8524,-1.06,-146.6,2544,560,3424,3376,642.0,-8.6,297,8528,0.00,2.10,0.00,0.000,1030,0.000,0.027,2538,1960,3400,3424,3376,0,0,0,0,0,0,26.07,25.99,26.10,8.82,60.12
$GC,8718,-1.06,-146.6,2538,1960,3423,3375,658.8,-8.2,302,8723,0.00,2.20,0.00,0.000,516,0.000,0.036,2538,567,3399,3423,3375,0,0,0,0,0,0,26.55,25.82,26.56,8.82,60.67
$GC,8780,-1.06,-146.6,2538,568,3423,3375,662.5,-8.2,303,8785,0.00,2.08,0.00,0.000,1030,0.000,0.027,2529,1950,3399,3423,3375,0,0,0,0,0,0,26.07,25.99,26.10,8.81,60.51
$GC,9005,-1.06,-146.6,2528,1950,3422,3374,681.7,-7.8,309,9009,0.00,2.15,0.00,0.000,516,0.000,0.036,2529,563,3398,3422,3374,0,0,0,0,0,0,26.55,25.82,26.56,8.81,60.82
$GC,9092,-1.06,-146.6,2528,562,3422,3374,688.2,-7.7,311,9096,0.00,2.08,0.00,0.000,1030,0.000,0.027,2519,1948,3398,3422,3374,0,0,0,0,0,0,26.06,25.98,26.09,8.81,60.55
$GC,9291,-1.06,-146.6,2519,1948,3421,3373,702.6,-7.1,316,9296,0.00,2.17,0.00,0.000,516,0.000,0.036,2519,568,3397,3421,3373,0,0,0,0,0,0,26.55,25.82,26.56,8.80,60.82
$GC,9384,-1.06,-146.6,2519,568,3421,3373,708.8,-7.2,318,9389,0.05,2.12,0.00,0.000,3078,0.152,0.028,2542,1954,3397,3421,3373,0,0,0,0,0,0,25.63,25.98,25.75,8.80,61.38
$GC,9579,-1.06,-146.6,2540,1954,3421,3372,721.6,-6.3,323,9583,0.00,2.15,0.00,0.000,516,0.000,0.036,2541,566,3396,3421,3372,0,0,0,0,0,0,26.55,25.80,26.56,8.80,60.98
$GC,9642,-1.06,-146.6,2540,566,3421,3372,724.5,-6.3,324,9646,0.00,2.08,0.00,0.000,1030,0.000,0.027,2534,1952,3396,3421,3372,0,0,0,0,0,0,26.06,25.98,26.08,8.80,60.98
$GC,9866,-1.06,-146.6,2533,1952,3420,3371,740.4,-6.6,330,9870,0.00,2.20,0.00,0.000,516,0.000,0.037,2534,565,3395,3420,3371,0,0,0,0,0,0,26.55,25.79,26.55,8.79,61.18
$GC,9968,-1.06,-146.6,2533,565,3420,3371,746.8,-7.2,332,9972,0.00,2.10,0.00,0.000,1030,0.000,0.028,2525,1961,3395,3420,3371,0,0,0,0,0,0,26.04,25.96,26.08,8.79,61.18
$GC,10192,-1.06,-146.6,2525,1961,3420,3369,765.9,-8.1,338,10196,0.00,2.20,0.00,0.000,516,0.000,0.037,2525,572,3394,3419,3369,0,0,0,0,0,0,26.55,25.79,26.56,8.78,61.18
$GC,10276,-1.06,-146.6,2524,572,3419,3369,773.3,-8.5,340,10280,0.00,2.08,0.00,0.000,1030,0.000,0.027,2516,1955,3394,3420,3369,0,0,0,0,0,0,26.05,25.97,26.08,8.78,61.06
$GC,10479,-1.06,-146.6,2515,1955,3419,3368,791.4,-8.9,345,10483,0.00,2.17,0.00,0.000,516,0.000,0.037,2515,563,3393,3419,3368,0,0,0,0,0,0,26.55,25.77,26.55,8.78,61.81
$GC,10556,-1.06,-146.6,2515,563,3419,3368,795.3,-8.9,346,10564,0.12,2.08,0.00,0.000,3078,0.141,0.028,2543,1950,3393,3418,3368,0,0,0,0,0,0,25.60,25.96,25.71,8.78,61.02
$GC,10764,-1.06,-146.6,2543,1950,3418,3367,816.1,-8.5,352,10770,0.00,2.15,0.00,0.000,516,0.000,0.037,2543,566,3392,3418,3367,0,0,0,0,0,0,26.55,25.77,26.56,8.77,61.81
$GC,10832,-1.06,-146.6,2543,566,3419,3367,820.1,-8.6,353,10837,0.00,2.10,0.00,0.000,1030,0.000,0.028,2537,1961,3392,3418,3367,0,0,0,0,0,0,26.03,25.94,26.06,8.78,61.81
$GC,11052,-1.06,-146.6,2536,1961,3418,3367,840.1,-8.2,359,11055,0.00,2.17,0.00,0.000,516,0.000,0.037,2537,567,3392,3418,3366,0,0,0,0,0,0,26.55,25.76,26.55,8.77,61.97
$GC,11114,-1.06,-146.6,2536,566,3418,3366,843.8,-8.2,360,11118,0.00,2.10,0.00,0.000,1030,0.000,0.027,2528,1958,3392,3418,3366,0,0,0,0,0,0,26.03,25.96,26.06,8.78,61.18
$GC,11338,-1.06,-146.6,2527,1958,3417,3365,862.6,-7.7,366,11342,0.00,2.17,0.00,0.000,516,0.000,0.037,2528,567,3391,3418,3365,0,0,0,0,0,0,26.55,25.75,26.56,8.77,62.24
$GC,11400,-1.06,-146.6,2527,566,3417,3365,866.0,-7.7,367,11404,0.00,2.12,0.00,0.000,1030,0.000,0.028,2518,1952,3391,3417,3365,0,0,0,0,0,0,25.98,25.94,26.01,8.76,61.73
$GC,11624,-1.06,-146.6,2517,1952,3417,3365,883.8,-7.3,373,11628,0.00,2.17,0.00,0.000,516,0.000,0.037,2518,565,3390,3416,3365,0,0,0,0,0,0,26.54,25.75,26.55,8.76,62.08
$GC,11682,-1.06,-146.6,2518,565,3416,3365,887.0,-7.3,374,11689,0.12,2.10,0.00,0.000,3078,0.140,0.028,2547,1957,3390,3416,3365,0,0,0,0,0,0,25.58,25.94,25.69,8.76,62.52
$GC,11910,-1.06,-146.6,2546,1956,3416,3364,903.7,-6.9,380,11915,0.00,2.17,0.00,0.000,516,0.000,0.037,2547,568,3390,3416,3364,0,0,0,0,0,0,26.55,25.73,26.55,8.76,61.97
$GC,11968,-1.06,-146.6,2546,568,3416,3364,907.0,-7.0,381,11972,0.00,2.08,0.00,0.000,1030,0.000,0.028,2540,1948,3390,3416,3364,0,0,0,0,0,0,26.02,25.94,26.05,8.75,61.77
$GC,12157,-1.06,-146.6,2540,1947,3415,3364,921.2,-7.1,386,12158,0.00,0.00,0.00,0.000,6,0.000,0.000,2541,1947,3389,3415,3364,0,0,0,0,0,0,26.55,26.56,26.55,8.76,62.83
$GC,12357,-1.06,-146.6,2540,1948,3416,3363,935.5,-7.2,391,12361,0.00,2.17,0.00,0.000,516,0.000,0.038,2541,563,3389,3415,3363,0,0,0,0,0,0,26.55,25.72,26.55,8.75,62.60
$GC,12431,-1.06,-146.6,2540,563,3415,3363,938.8,-7.1,392,12435,0.00,2.10,0.00,0.000,1030,0.000,0.028,2531,1958,3389,3415,3363,0,0,0,0,0,0,26.00,25.91,26.03,8.75,62.28
$GC,12644,-1.06,-146.6,2530,1958,3414,3362,956.4,-7.2,398,12648,0.00,2.20,0.00,0.000,516,0.000,0.037,2531,557,3388,3414,3362,0,0,0,0,0,0,26.55,25.71,26.55,8.75,63.23
$GC,12716,-1.06,-146.6,2530,556,3414,3362,959.6,-7.2,399,12721,0.00,2.10,0.00,0.000,1030,0.000,0.028,2522,1951,3388,3414,3362,0,0,0,0,0,0,25.99,25.91,26.03,8.75,62.04
$GC,12930,-1.06,-146.6,2522,1951,3414,3361,977.0,-7.2,405,12935,0.00,2.20,0.00,0.000,516,0.000,0.038,2522,573,3388,3414,3362,0,0,0,0,0,0,26.55,25.70,26.55,8.75,62.87
$GC,12997,-1.06,-146.6,2522,573,3413,3361,980.3,-7.2,406,13003,0.10,2.10,0.00,0.000,3078,0.148,0.028,2543,1960,3387,3414,3361,0,0,0,0,0,0,25.60,25.90,25.71,8.74,62.48
$STATE,13134,end dive,TARGET_DEPTH_EXCEEDED
$STATE,13134,begin apogee
$GC,13142,-0.42,0.0,2542,2111,3413,3361,991.3,-6.7,410,13280,0.60,0.00,134.70,1.350,10246,0.103,0.000,2744,2111,2805,2901,2709,0,0,0,0,0,0,25.25,24.10,22.78,8.74,62.99
$STATE,13282,end apogee,CONTROL_FINISHED_OK
$STATE,13282,begin climb
$GC,13285,1.09,146.6,2743,2111,2901,2708,995.8,0.0,413,13439,1.40,2.33,144.75,1.285,10500,0.069,0.043,3234,3479,2206,2292,2121,0,0,0,0,0,0,24.74,24.20,22.85,8.69,61.18
$GC,13482,0.87,195.2,3233,3479,2291,2121,983.4,7.8,418,13538,0.25,2.15,48.97,1.242,13318,0.129,0.024,3166,2103,2007,2117,1897,0,0,0,0,0,0,25.12,25.47,23.11,8.64,60.12
$GC,13742,0.93,210.0,3165,2103,2117,1896,957.0,9.3,425,13764,0.00,2.28,15.23,1.172,8452,0.000,0.043,3166,3486,1946,2066,1827,0,0,0,0,0,0,26.26,24.95,23.54,8.61,61.69
$GC,13849,0.95,221.6,3165,3486,2066,1827,949.2,9.5,427,13869,0.00,2.10,12.85,1.151,9222,0.000,0.024,3173,2096,1899,2025,1774,0,0,0,0,0,0,25.89,25.82,23.56,8.61,61.53
$GC,14059,1.02,227.8,3173,2096,2025,1774,925.9,9.7,433,14070,0.05,0.00,7.45,1.040,10246,0.138,0.000,3239,2096,1876,2000,1752,0,0,0,0,0,0,26.10,25.05,23.77,8.61,61.69
$GC,14261,1.02,227.8,3238,2096,1999,1750,904.2,10.8,438,14267,0.00,2.22,0.00,0.000,260,0.000,0.043,3239,3499,1874,1999,1750,0,0,0,0,0,0,26.37,25.81,26.37,8.60,63.15
$GC,14350,1.02,227.8,3239,3499,1999,1749,894.9,11.1,440,14355,0.12,2.10,0.00,0.000,5126,0.142,0.025,3210,2102,1874,1999,1749,0,0,0,0,0,0,25.67,26.01,25.80,8.60,62.64
$GC,14539,1.02,227.8,3209,2102,1999,1750,874.4,10.2,445,14545,0.00,2.20,0.00,0.000,516,0.000,0.038,3218,709,1874,1999,1749,0,0,0,0,0,0,26.47,25.88,26.48,8.60,63.23
$GC,14577,1.02,227.8,3218,709,1999,1749,874.4,10.2,445,14585,0.00,2.12,0.00,0.000,1030,0.000,0.028,3218,2090,1874,1999,1750,0,0,0,0,0,0,26.05,26.02,26.07,8.59,62.64
$GC,14785,1.02,227.8,3218,2090,1999,1750,849.1,10.4,451,14791,0.00,2.22,0.00,0.000,260,0.000,0.044,3218,3502,1874,1999,1750,0,0,0,0,0,0,26.51,25.85,26.51,8.58,63.62
$GC,14894,1.02,227.8,3218,3502,1999,1750,840.4,10.5,453,14898,0.00,2.15,0.00,0.000,1030,0.000,0.025,3228,2096,1874,1999,1750,0,0,0,0,0,0,26.09,26.06,26.11,8.59,63.07
$GC,15107,1.02,227.8,3228,2096,1999,1749,815.2,10.4,459,15109,0.00,0.00,0.00,0.000,6,0.000,0.000,3228,2096,1874,1999,1750,0,0,0,0,0,0,26.52,26.53,26.53,8.59,63.78
$GC,15307,1.02,227.8,3227,2096,1999,1750,794.5,10.4,464,15314,0.00,2.22,0.00,0.000,260,0.000,0.043,3227,3502,1874,1999,1750,0,0,0,0,0,0,26.53,25.82,26.53,8.58,64.09
$GC,15381,1.02,227.8,3227,3502,1999,1749,790.0,10.4,465,15388,0.00,2.10,0.00,0.000,1030,0.000,0.024,3238,2096,1874,1999,1749,0,0,0,0,0,0,26.12,26.05,26.15,8.58,63.38
$GC,15588,1.02,227.8,3237,2096,1999,1749,765.3,10.2,471,15594,0.00,2.28,0.00,0.000,260,0.000,0.044,3238,3531,1874,1999,1749,0,0,0,0,0,0,26.53,25.80,26.53,8.58,64.49
$GC,15636,1.02,227.8,3237,3531,1999,1749,760.5,10.3,472,15643,0.12,2.15,0.00,0.000,5126,0.147,0.024,3209,2101,1874,1999,1749,0,0,0,0,0,0,25.65,26.04,25.77,8.58,64.37
$GC,15835,1.03,239.6,3208,2101,1999,1749,741.5,9.5,477,15850,0.00,0.00,13.23,1.119,8198,0.000,0.000,3209,2101,1828,1954,1703,0,0,0,0,0,0,26.53,25.01,23.78,8.58,64.21
$GC,16035,1.04,256.1,3208,2101,1953,1700,722.8,9.2,482,16059,0.00,2.30,17.35,1.131,8452,0.000,0.043,3209,3503,1758,1896,1621,0,0,0,0,0,0,26.39,24.99,23.63,8.57,63.82
$GC,16145,1.06,270.5,3208,3503,1896,1622,714.9,9.3,484,16166,0.00,2.12,15.23,1.099,9222,0.000,0.024,3217,2103,1701,1845,1557,0,0,0,0,0,0,25.89,25.82,23.60,8.57,63.97
$GC,16356,1.11,273.2,3216,2104,1845,1556,691.4,9.9,490,16358,0.00,0.00,0.00,0.000,6,0.000,0.000,3217,2104,1700,1844,1556,0,0,0,0,0,0,26.29,26.31,26.31,8.56,63.78
$GC,16555,1.17,273.2,3216,2104,1844,1555,670.8,10.3,495,16562,0.08,2.22,0.00,0.000,2308,0.097,0.043,3300,3501,1700,1845,1556,0,0,0,0,0,0,26.20,25.77,26.22,8.56,63.93
$GC,16636,1.17,273.2,3300,3501,1845,1556,660.5,11.5,497,16643,0.15,2.12,0.00,0.000,5126,0.132,0.025,3262,2092,1700,1844,1556,0,0,0,0,0,0,25.61,26.00,25.75,8.55,63.93
$GC,16838,1.17,273.2,3261,2092,1845,1555,637.1,11.7,502,16844,0.00,2.25,0.00,0.000,260,0.000,0.043,3262,3504,1700,1844,1556,0,0,0,0,0,0,26.49,25.79,26.50,8.56,64.56
$GC,16880,1.17,273.2,3261,3504,1845,1556,632.1,11.8,503,16885,0.00,2.12,0.00,0.000,1030,0.000,0.024,3270,2087,1699,1844,1555,0,0,0,0,0,0,26.10,26.02,26.12,8.55,64.17
$GC,17079,1.17,273.2,3269,2087,1845,1555,608.0,12.0,508,17085,0.00,2.25,0.00,0.000,260,0.000,0.043,3270,3502,1700,1845,1555,0,0,0,0,0,0,26.51,25.79,26.52,8.56,63.93
$GC,17127,1.17,273.2,3269,3502,1844,1555,602.8,12.2,509,17132,0.00,2.10,0.00,0.000,1030,0.000,0.025,3279,2102,1700,1845,1555,0,0,0,0,0,0,26.10,26.03,26.13,8.55,63.78
$GC,17321,1.17,273.2,3279,2102,1844,1555,578.0,12.2,514,17327,0.00,2.22,0.00,0.000,260,0.000,0.043,3280,3501,1700,1845,1555,0,0,0,0,0,0,26.52,25.78,26.53,8.56,64.29
$GC,17375,1.17,273.2,3279,3501,1845,1555,572.9,12.3,515,17382,0.10,2.10,0.00,0.000,5126,0.149,0.025,3257,2102,1699,1844,1555,0,0,0,0,0,0,25.71,26.02,25.82,8.56,63.86
$GC,17602,1.17,273.2,3257,2102,1844,1554,545.4,11.3,521,17609,0.00,2.25,0.00,0.000,260,0.000,0.043,3258,3511,1699,1845,1554,0,0,0,0,0,0,26.53,25.76,26.53,8.55,64.56
$GC,17652,1.17,273.2,3257,3512,1845,1554,540.6,11.3,522,17656,0.00,2.15,0.00,0.000,1030,0.000,0.024,3266,2085,1699,1845,1554,0,0,0,0,0,0,26.09,26.02,26.12,8.55,64.09
$GC,17845,1.17,273.2,3265,2085,1845,1554,517.9,11.2,527,17852,0.00,2.25,0.00,0.000,260,0.000,0.043,3266,3501,1699,1844,1554,0,0,0,0,0,0,26.53,25.75,26.53,8.56,64.17
$GC,17886,1.17,273.2,3266,3501,1845,1554,513.2,11.2,528,17891,0.00,2.10,0.00,0.000,1030,0.000,0.024,3276,2102,1699,1845,1554,0,0,0,0,0,0,26.09,26.01,26.11,8.56,64.05
$GC,18090,1.17,273.2,3275,2102,1844,1554,490.2,11.3,533,18097,0.00,2.25,0.00,0.000,260,0.000,0.043,3276,3512,1699,1845,1554,0,0,0,0,0,0,26.53,25.73,26.54,8.56,64.29
$GC,18124,1.17,273.2,3275,3511,1844,1554,490.2,11.3,533,18131,0.00,2.12,0.00,0.000,1030,0.000,0.024,3286,2092,1699,1845,1554,0,0,0,0,0,0,26.08,26.02,26.11,8.56,64.45
$GC,18331,1.17,273.2,3285,2093,1844,1554,462.5,11.5,539,18336,0.00,2.25,0.00,0.000,260,0.000,0.044,3286,3509,1699,1845,1554,0,0,0,0,0,0,26.53,25.72,26.53,8.56,64.45
$GC,18384,1.17,273.2,3285,3509,1844,1554,457.1,11.6,540,18389,0.12,2.12,0.00,0.000,5126,0.142,0.024,3256,2095,1699,1845,1554,0,0,0,0,0,0,25.63,26.00,25.74,8.56,63.78
$GC,18573,1.17,273.2,3256,2095,1845,1553,435.3,10.9,545,18574,0.00,0.00,0.00,0.000,6,0.000,0.000,3256,2095,1699,1845,1554,0,0,0,0,0,0,26.53,26.54,26.53,8.56,63.70
$GC,18775,1.17,273.2,3255,2096,1845,1554,413.8,10.7,550,18780,0.00,2.25,0.00,0.000,260,0.000,0.044,3256,3500,1699,1844,1554,0,0,0,0,0,0,26.53,25.70,26.53,8.56,64.13
$GC,18877,1.17,273.2,3255,3500,1844,1554,404.4,10.8,552,18882,0.00,2.12,0.00,0.000,1030,0.000,0.024,3265,2088,1699,1845,1554,0,0,0,0,0,0,26.07,25.99,26.10,8.57,63.78
$GC,19101,1.17,273.2,3264,2087,1844,1554,378.7,10.5,558,19108,0.00,2.28,0.00,0.000,260,0.000,0.044,3265,3511,1699,1845,1554,0,0,0,0,0,0,26.53,25.69,26.54,8.58,63.97
$GC,19155,1.17,273.2,3264,3511,1845,1554,374.2,10.7,559,19160,0.00,2.12,0.00,0.000,1030,0.000,0.024,3275,2094,1699,1844,1554,0,0,0,0,0,0,26.06,25.99,26.09,8.57,63.42
$GC,19345,1.17,273.2,3274,2094,1845,1554,351.9,11.0,564,19351,0.00,2.25,0.00,0.000,260,0.000,0.044,3275,3501,1699,1844,1554,0,0,0,0,0,0,26.53,25.68,26.54,8.58,64.05
$GC,19388,1.17,273.2,3275,3501,1845,1554,347.1,11.1,565,19392,0.00,2.10,0.00,0.000,1030,0.000,0.024,3285,2097,1699,1844,1554,0,0,0,0,0,0,26.06,25.99,26.09,8.58,64.01
$GC,19586,1.17,273.2,3285,2097,1844,1554,324.3,11.3,570,19593,0.00,2.25,0.00,0.000,260,0.000,0.044,3285,3507,1699,1844,1554,0,0,0,0,0,0,26.53,25.68,26.54,8.58,63.66
$GC,19629,1.17,273.2,3285,3507,1845,1554,319.4,11.5,571,19635,0.12,2.12,0.00,0.000,5126,0.138,0.024,3255,2094,1699,1845,1554,0,0,0,0,0,0,25.62,26.00,25.73,8.58,63.54
$GC,19824,1.17,273.2,3254,2094,1845,1554,297.7,11.0,576,19829,0.00,2.25,0.00,0.000,260,0.000,0.044,3255,3503,1699,1844,1554,0,0,0,0,0,0,26.53,25.67,26.54,8.58,63.23
$GC,19876,1.17,273.2,3254,3504,1845,1554,292.6,11.1,577,19881,0.00,2.10,0.00,0.000,1030,0.000,0.024,3263,2097,1699,1845,1554,0,0,0,0,0,0,26.06,25.98,26.08,8.59,63.50
$GC,20070,1.17,273.2,3263,2097,1845,1554,270.3,11.1,582,20075,0.00,2.25,0.00,0.000,260,0.000,0.044,3264,3506,1699,1844,1554,0,0,0,0,0,0,26.53,25.67,26.54,8.58,62.95
$GC,20127,1.17,273.2,3263,3506,1844,1554,265.2,11.2,583,20131,0.00,2.12,0.00,0.000,1030,0.000,0.024,3273,2092,1699,1844,1554,0,0,0,0,0,0,26.06,25.98,26.08,8.59,63.11
$GC,20316,1.17,273.2,3273,2092,1845,1554,242.6,11.3,588,20320,0.00,2.25,0.00,0.000,260,0.000,0.044,3274,3506,1699,1845,1554,0,0,0,0,0,0,26.53,25.66,26.54,8.59,63.54
$GC,20377,1.17,273.2,3273,3506,1845,1554,237.4,11.4,589,20382,0.00,2.12,0.00,0.000,1030,0.000,0.024,3284,2092,1699,1844,1554,0,0,0,0,0,0,26.06,25.99,26.08,8.58,63.11
$GC,20602,1.17,273.2,3283,2092,1844,1554,210.3,11.1,595,20608,0.00,2.25,0.00,0.000,260,0.000,0.043,3284,3505,1699,1845,1553,0,0,0,0,0,0,26.53,25.66,26.54,8.60,62.79
$GC,20728,1.17,273.2,3283,3505,1845,1554,196.5,11.3,598,20735,0.10,2.10,0.00,0.000,5126,0.148,0.024,3262,2092,1699,1844,1554,0,0,0,0,0,0,25.66,25.99,25.76,8.59,62.95
$GC,20925,1.17,278.8,3261,2092,1845,1554,176.5,9.7,608,20943,0.00,2.33,8.52,0.737,8452,0.000,0.043,3262,3507,1665,1813,1518,0,0,0,0,0,0,26.53,25.18,24.04,8.60,62.40
$GC,21008,1.17,278.8,3261,3507,1813,1518,168.0,10.1,612,21012,0.00,2.12,0.00,0.000,1030,0.000,0.024,3270,2093,1665,1813,1518,0,0,0,0,0,0,25.99,25.92,26.02,8.60,62.08
$GC,21211,1.17,278.8,3270,2092,1813,1518,146.9,10.6,622,21218,0.00,2.25,0.00,0.000,260,0.000,0.044,3270,3504,1665,1813,1518,0,0,0,0,0,0,26.48,25.65,26.49,8.60,61.89
$GC,21285,1.17,278.8,3270,3503,1813,1519,140.1,11.0,625,21293,0.00,2.10,0.00,0.000,1030,0.000,0.023,3280,2089,1665,1813,1518,0,0,0,0,0,0,26.04,25.97,26.06,8.60,62.08
$GC,21473,1.18,283.5,3280,2089,1813,1518,120.0,9.8,635,21484,0.00,2.28,5.57,0.632,8452,0.000,0.043,3280,3512,1646,1794,1499,0,0,0,0,0,0,26.51,25.20,24.07,8.60,61.93
$GC,21556,1.18,283.5,3280,3512,1795,1499,111.6,10.6,639,21560,0.00,2.12,0.00,0.000,1030,0.000,0.024,3291,2094,1646,1794,1499,0,0,0,0,0,0,26.04,25.98,26.07,8.61,62.36
$GC,21749,1.18,283.5,3290,2094,1794,1499,92.1,10.1,649,21754,0.00,2.25,0.00,0.000,260,0.000,0.043,3291,3509,1646,1794,1499,0,0,0,0,0,0,26.50,25.67,26.51,8.61,62.04
$GC,21876,1.13,290.2,3290,3508,1795,1499,80.0,9.7,655,21894,0.17,2.12,7.20,0.653,13318,0.125,0.023,3245,2088,1619,1770,1468,0,0,0,0,0,0,25.53,25.98,24.09,8.62,62.28
$GC,22077,1.16,317.8,3244,2088,1770,1468,62.8,8.7,665,22107,0.00,2.17,24.77,0.734,8708,0.000,0.034,3253,707,1507,1668,1346,0,0,0,0,0,0,26.46,24.49,23.87,8.64,62.71
$GC,22236,1.26,425.2,3253,708,1668,1346,54.9,5.1,672,22358,0.05,2.15,101.28,0.710,11270,0.129,0.027,3323,2105,1071,1203,939,0,0,0,0,2,0,25.77,25.80,23.60,8.67,63.15
$GC,22538,1.26,425.2,3323,2106,1199,938,26.9,12.9,698,22543,0.10,2.22,0.00,0.000,4356,0.140,0.044,3291,3500,1068,1199,938,0,0,0,0,0,0,25.78,25.58,25.83,8.73,62.60
$GC,22619,1.32,425.2,3291,3501,1198,938,16.8,13.4,705,22626,0.00,2.10,0.00,0.000,1030,0.000,0.023,3299,2091,1068,1198,938,0,0,0,0,0,0,25.95,25.89,25.97,8.75,62.56
$STATE,22732,end climb,SURFACE_DEPTH_REACHED
$STATE,22733,begin surface coast
$FINISH,0.6,1.022496
$STATE,22755,end surface coast,CONTROL_FINISHED_OK
$STATE,22755,begin surface
$SM_CCo,22836,0.00,0.000,0,0,1067,426.58
$SM_GC,0.02,8.27,0.17,0.00,0.044,0.060,0.000,176,1939,1067,-8.28,1.58,426.58,0,0,0,0,0,0,26.05,26.12,26.08
$IRIDIUM_FIX,810.32,-14135.39,100425,214117
$TT8_MAMPS,0.026964,0.373751
$HUMID,58.42
$INTERNAL_PRESSURE,8.74185
$TCM_TEMP,19.40
$XPDR_PINGS,0
$ALTIM_TOP_PING,19.8,20.1
$24V_AH,22.78,95.098
$10V_AH,9.46,61.212
$FG_AHR_24Vo,0.000
$FG_AHR_10Vo,0.000
$DEVICES,Pitch_motor,Roll_motor,VBD_pump_during_apogee,VBD_pump_during_surface,VBD_valve,Iridium_during_init,Iridium_during_connect,Iridium_during_xfer,Transponder_ping,GUMSTIX_24V,GPS,TT8,LPSleep,TT8_Active,TT8_Sampling,TT8_CF8,TT8_Kalman,Analog_circuits,GPS_charging,Compass,RAFOS,Transponder,Compass2
$DEVICE_SECS,22.600,305.775,557.100,0.000,0.000,0.000,0.000,278.875,0.250,0.000,23.069,3243.623,15371.085,779.624,3332.430,529.648,0.000,2800.717,0.000,2882.276,0.000,2.765,0.000
$DEVICE_MAMPS,201.195,65.025,1350.225,0.000,0.000,0.000,0.000,91.800,420.000,0.000,30.710,15.210,2.190,15.210,43.670,53.410,0.000,14.000,0.000,8.240,0.000,30.000,0.000
$SENSORS,SBE_CT,WL_blue_red_Chl,AA4330,nil,nil,nil,nil,nil,nil,nil
$SENSOR_SECS,625.840,0.000,961.693,0.000,0.000,0.000,0.000,0.000,0.000,0.000
$SENSOR_MAMPS,22.470,0.000,11.230,0.000,0.000,0.000,0.000,0.000,0.000,0.000
$MEM,311952
$DATA_FILE_SIZE,55770,719
$CAP_FILE_SIZE,260382,0
$CFSIZE,2097872896,2016018432
$ERRORS,0,1,0,0,0,0,0,0,0,0,0,0,0,2,1,0
$INTR,0,4066.49,0x2139aa,0,24
$CURRENT,0.136,111.97,1
$GPS,260805,104648,811.912,-14136.791,38,0.8,50,9.3,0.3,220.2,9,4.9
