version: 66.14
glider: 195
mission: 21
dive: 409
start: 7 22 105 5 39 57
data:
$ID,195
$MISSION,21
$DIVE,409
$N_DIVES,0
$STOP_T,0
$D_SURF,3
$D_FLARE,2
$D_TGT,990
$D_ABORT,1090
$D_NO_BLEED,50
$D_BOOST,3
$T_BOOST,0
$D_FINISH,0
$D_PITCH,0
$D_SAFE,0
$D_CALL,0
$SURFACE_URGENCY,0
$SURFACE_URGENCY_TRY,0
$SURFACE_URGENCY_FORCE,0
$T_DIVE,330
$T_MISSION,600
$T_ABORT,1440
$T_TURN,300
$T_TURN_SAMPINT,5
$T_NO_W,120
$T_LOITER,0
$T_SLOITER,60
$T_EPIRB,0
$USE_BATHY,0
$USE_ICE,0
$ICE_FREEZE_MARGIN,0.30000001
$D_OFFGRID,990
$T_WATCHDOG,10
$RELAUNCH,1
$APOGEE_PITCH,-8
$MAX_BUOY,150
$COURSE_BIAS,0
$GLIDE_SLOPE,30
$SPEED_FACTOR,1
$RHO,1.023
$MASS,54002
$MASS_COMP,0
$NAV_MODE,3
$FERRY_MAX,45
$KALMAN_USE,2
$HD_A,0.0038000001
$HD_B,0.0099999998
$HD_C,9.8500004e-06
$HEADING,270
$ESCAPE_HEADING,0
$ESCAPE_HEADING_DELTA,10
$FIX_MISSING_TIMEOUT,0
$TGT_DEFAULT_LAT,4736
$TGT_DEFAULT_LON,-12225
$TGT_AUTO_DEFAULT,0
$SM_CC,250
$N_FILEKB,4
$FILEMGR,0
$CALL_NDIVES,1
$COMM_SEQ,0
$PROTOCOL,9
$N_NOCOMM,1
$NOCOMM_ACTION,0
$N_NOSURFACE,0
$UPLOAD_DIVES_MAX,-1
$CALL_TRIES,5
$CALL_WAIT,60
$CAPUPLOAD,0
$CAPMAXSIZE,200000
$HEAPDBG,0
$T_GPS,15
$N_GPS,50840
$T_RSLEEP,2
$STROBE,0
$RAFOS_PEAK_OFFSET,1.5
$RAFOS_CORR_THRESH,60
$RAFOS_HIT_WINDOW,3600
$RAFOS_MMODEM,0
$PITCH_MIN,207
$PITCH_MAX,3915
$C_PITCH,2884
$PITCH_DBAND,0.1
$PITCH_CNV,0.003125763
$P_OVSHOOT,0.039999999
$P_OVSHOOT_WITHG,0.079999998
$PITCH_GAIN,19.15
$PITCH_TIMEOUT,17
$PITCH_AD_RATE,160
$PITCH_MAXERRORS,1
$PITCH_ADJ_GAIN,0.02
$PITCH_ADJ_DBAND,2.5
$ROLL_MIN,224
$ROLL_MAX,3758
$ROLL_DEG,40
$C_ROLL_DIVE,2243
$C_ROLL_CLIMB,1718
$HEAD_ERRBAND,10
$ROLL_CNV,0.028270001
$ROLL_TIMEOUT,15
$R_PORT_OVSHOOT,41
$R_STBD_OVSHOOT,44
$ROLL_AD_RATE,350
$ROLL_MAXERRORS,2
$ROLL_ADJ_GAIN,0
$ROLL_ADJ_DBAND,0
$VBD_MIN,500
$VBD_MAX,3960
$C_VBD,2806
$VBD_DBAND,2
$VBD_CNV,-0.24529999
$VBD_LP_IGNORE,0
$VBD_TIMEOUT,720
$PITCH_VBD_SHIFT,0.001
$VBD_PUMP_AD_RATE_SURFACE,5
$VBD_PUMP_AD_RATE_APOGEE,4
$VBD_BLEED_AD_RATE,8
$UNCOM_BLEED,60
$VBD_MAXERRORS,1
$W_ADJ_DBAND,0
$DBDW,0
$PITCH_W_GAIN,0
$PITCH_W_DBAND,0
$CF8_MAXERRORS,5
$AH0_24V,150
$AH0_10V,97
$MINV_24V,19
$MINV_10V,8
$MAXI_24V,0.80000001
$MAXI_10V,0.60000002
$FG_AHR_10V,0
$FG_AHR_24V,0
$PHONE_SUPPLY,-2
$PRESSURE_YINT,-49.397121
$PRESSURE_SLOPE,0.0001168043
$AD7714Ch0Gain,128
$TCM_PITCH_OFFSET,0
$TCM_ROLL_OFFSET,0
$COMPASS_USE,4
$ALTIM_BOTTOM_PING_RANGE,0
$ALTIM_TOP_PING_RANGE,20
$ALTIM_BOTTOM_TURN_MARGIN,0
$ALTIM_TOP_TURN_MARGIN,0
$ALTIM_TOP_MIN_OBSTACLE,1
$ALTIM_PING_DEPTH,0
$ALTIM_PING_DELTA,0
$ALTIM_FREQUENCY,13
$ALTIM_PULSE,3
$ALTIM_SENSITIVITY,3
$XPDR_VALID,5
$XPDR_INHIBIT,90
$INT_PRESSURE_SLOPE,0.0097660003
$INT_PRESSURE_YINT,-0.77999997
$DEEPGLIDER,0
$MOTHERBOARD,4
$DEVICE1,2
$DEVICE2,115
$DEVICE3,101
$DEVICE4,-1
$DEVICE5,-1
$DEVICE6,-1
$LOGGERS,0
$LOGGERDEVICE1,-1
$LOGGERDEVICE2,-1
$LOGGERDEVICE3,-1
$LOGGERDEVICE4,-1
$COMPASS_DEVICE,33
$COMPASS2_DEVICE,-1
$PHONE_DEVICE,49
$GPS_DEVICE,32
$RAFOS_DEVICE,-1
$XPDR_DEVICE,24
$SIM_W,0
$SIM_PITCH,0
$SEABIRD_T_G,0.0044178674
$SEABIRD_T_H,0.00064818078
$SEABIRD_T_I,2.6779007e-05
$SEABIRD_T_J,3.3667231e-06
$SEABIRD_C_G,-10.098215
$SEABIRD_C_H,1.1454017
$SEABIRD_C_I,-0.0021276253
$SEABIRD_C_J,0.00025532115
$SEABIRD_C_Z,2974.52
$GPS1,220705,053134,712.9480,-14018.5469,45,0.9,78,9.3,0.2,181.9,8,4.8
$_CALLS,1
$_XMS_NAKs,0
$_XMS_TOUTs,0
$_SM_DEPTHo,0.16
$_SM_ANGLEo,-60.0
$GPS2,220705,053919,712.9712,-14018.5332,7,0.9,29,9.3,1.3,231.9,9,5.0
$SPEED_LIMITS,0.173,0.262
$TGT_NAME,HEADING
$TGT_LATLONG,718.437,-14027.924
$TGT_RADIUS,1852.000
$KALMAN_CONTROL,0.000000,0.000000
$KALMAN_X,0.000000,0.000000,0.000000,0.000000,0.000000
$KALMAN_Y,0.000000,0.000000,0.000000,0.000000,0.000000
$MHEAD_RNG_PITCHd_Wd,291.1,20000,-18.1,-10.000,-20.93,2235
$D_GRID,990
$GCHEAD,st_secs,pitch_ctl,vbd_ctl,pitch_ad_start,roll_ad_start,vbd_pot1_ad_start,vbd_pot2_ad_start,depth,ob_vertv,data_pts,end_secs,pitch_secs,roll_secs,vbd_secs,vbd_i,gcphase,pitch_i,roll_i,pitch_ad,roll_ad,vbd_ad,vbd_pot1_ad,vbd_pot2_ad,pitch_retries,pitch_errors,roll_retries,roll_errors,vbd_retries,vbd_errors,pitch_volts,roll_volts,vbd_volts,int_press,humidity
$STATE,6,end surface,CONTROL_FINISHED_OK
$STATE,6,begin dive
$GC,74,-1.09,-146.6,124,2236,1151,922,0.2,0.1,6,143,0.00,0.00,-66.68,0.000,16386,0.000,0.000,121,2236,2775,2796,2754,0,0,0,0,0,0,26.37,28.83,26.39,8.83,52.67
$GC,147,-1.09,-146.6,121,2236,2799,2754,2.3,-4.4,13,178,9.30,2.28,-14.45,0.000,18692,0.202,0.052,2517,3652,3408,3429,3387,0,0,0,0,0,0,24.94,23.78,25.34,9.02,51.89
$GC,283,-0.94,-146.6,2517,3653,3434,3388,23.9,-15.8,26,293,0.20,2.08,0.00,0.000,3078,0.138,0.020,2577,2198,3411,3435,3388,0,0,0,0,0,0,25.58,26.12,25.75,9.07,52.08
$GC,485,-0.88,-146.6,2578,2198,3437,3388,52.8,-13.9,45,490,0.00,2.03,0.00,0.000,516,0.000,0.030,2577,866,3412,3437,3387,0,0,0,0,0,0,26.53,26.04,26.53,9.09,51.77
$GC,603,-0.81,-146.6,2577,866,3438,3388,66.1,-11.9,50,611,0.15,2.03,0.00,0.000,3078,0.134,0.025,2617,2255,3412,3438,3387,0,0,0,0,0,0,25.76,26.13,25.90,9.11,51.65
$GC,790,-0.81,-146.6,2616,2255,3441,3388,85.0,-8.3,60,794,0.00,2.05,0.00,0.000,516,0.000,0.028,2617,874,3414,3441,3387,0,0,0,0,0,0,26.58,26.09,26.58,9.11,51.45
$GC,842,-0.81,-146.6,2616,874,3441,3388,88.5,-8.1,62,846,0.00,2.03,0.00,0.000,1030,0.000,0.025,2611,2237,3414,3441,3387,0,0,0,0,0,0,26.20,26.17,26.22,9.11,51.14
$GC,1037,-0.81,-146.6,2610,2237,3443,3388,101.9,-5.9,72,1042,0.00,2.03,0.00,0.000,516,0.000,0.028,2610,871,3415,3443,3388,0,0,0,0,0,0,26.60,26.12,26.60,9.10,51.65
$GC,1142,-0.81,-146.6,2610,871,3444,3388,109.1,-7.0,77,1146,0.00,2.00,0.00,0.000,1030,0.000,0.024,2602,2249,3416,3444,3388,0,0,0,0,0,0,26.26,26.19,26.28,9.09,51.06
$GC,1348,-0.81,-146.6,2601,2249,3446,3388,122.9,-6.7,87,1352,0.00,2.05,0.00,0.000,516,0.000,0.028,2601,862,3417,3446,3388,0,0,0,0,0,0,26.60,26.13,26.62,9.07,50.82
$GC,1434,-0.81,-146.6,2601,861,3447,3388,128.9,-7.0,91,1438,0.00,2.00,0.00,0.000,1030,0.000,0.024,2593,2243,3417,3447,3388,0,0,0,0,0,0,26.27,26.20,26.29,9.06,51.29
$GC,1638,-0.81,-146.6,2592,2243,3448,3388,140.8,-5.4,101,1642,0.00,2.12,0.00,0.000,260,0.000,0.040,2582,3632,3418,3448,3388,0,0,0,0,0,0,26.61,26.03,26.63,9.03,50.82
$GC,1675,-0.81,-146.6,2582,3633,3448,3388,141.9,-5.1,102,1683,0.12,1.95,0.00,0.000,3078,0.135,0.018,2621,2225,3418,3448,3388,0,0,0,0,0,0,25.91,26.29,26.03,9.03,51.06
$GC,1862,-0.87,-146.6,2621,2225,3450,3388,150.2,-4.3,112,1866,0.00,1.98,0.00,0.000,516,0.000,0.028,2621,888,3419,3450,3388,0,0,0,0,0,0,26.62,26.14,26.63,9.03,51.77
$GC,2039,-0.87,-146.6,2621,888,3450,3388,158.2,-5.2,120,2046,0.00,1.98,0.00,0.000,1030,0.000,0.024,2616,2253,3419,3451,3388,0,0,0,0,0,0,26.27,26.20,26.29,9.02,52.16
$GC,2226,-0.93,-146.6,2615,2252,3451,3388,169.7,-6.2,130,2231,0.00,2.12,0.00,0.000,260,0.000,0.041,2605,3634,3419,3451,3388,0,0,0,0,0,0,26.62,26.03,26.63,9.00,52.16
$GC,2279,-0.93,-146.6,2605,3635,3451,3388,172.8,-6.5,132,2283,0.00,1.98,0.00,0.000,1030,0.000,0.018,2606,2253,3419,3451,3388,0,0,0,0,0,0,26.32,26.31,26.33,8.99,52.79
$GC,2475,-0.93,-146.6,2605,2253,3450,3388,186.5,-6.6,142,2479,0.00,2.03,0.00,0.000,516,0.000,0.028,2606,882,3419,3451,3388,0,0,0,0,0,0,26.62,26.14,26.63,8.98,53.22
$GC,2675,-0.93,-146.6,2605,882,3450,3388,198.0,-5.8,151,2683,0.00,1.98,0.00,0.000,1030,0.000,0.024,2597,2241,3419,3450,3388,0,0,0,0,0,0,26.27,26.20,26.29,8.97,53.46
$GC,2864,-0.93,-146.6,2596,2241,3450,3388,209.4,-5.7,157,2868,0.00,2.03,0.00,0.000,516,0.000,0.029,2597,876,3419,3450,3388,0,0,0,0,0,0,26.63,26.14,26.63,8.96,53.30
$GC,2941,-0.93,-146.6,2596,876,3450,3388,212.1,-5.8,158,2948,0.00,2.00,0.00,0.000,1030,0.000,0.024,2587,2250,3419,3450,3388,0,0,0,0,0,0,26.27,26.20,26.29,8.96,53.30
$GC,3147,-0.93,-146.6,2587,2250,3450,3388,227.6,-6.5,164,3151,0.00,2.05,0.00,0.000,516,0.000,0.029,2587,871,3419,3450,3388,0,0,0,0,0,0,26.63,26.13,26.63,8.94,54.21
$GC,3239,-0.93,-146.6,2587,871,3449,3388,233.2,-6.6,166,3243,0.00,2.00,0.00,0.000,1030,0.000,0.025,2579,2242,3419,3450,3388,0,0,0,0,0,0,26.27,26.19,26.29,8.94,54.56
$GC,3433,-0.93,-146.6,2579,2242,3449,3387,246.4,-6.5,171,3437,0.00,2.03,0.00,0.000,516,0.000,0.029,2579,881,3418,3449,3388,0,0,0,0,0,0,26.62,26.14,26.63,8.93,54.88
$GC,3494,-0.93,-146.6,2578,881,3449,3388,249.5,-6.7,172,3499,0.00,2.00,0.00,0.000,1030,0.000,0.025,2570,2252,3418,3449,3388,0,0,0,0,0,0,26.26,26.19,26.28,8.92,54.33
$GC,3718,-0.93,-146.6,2569,2251,3447,3388,266.2,-7.0,178,3723,0.00,2.05,0.00,0.000,516,0.000,0.029,2570,879,3417,3447,3388,0,0,0,0,0,0,26.63,26.13,26.63,8.92,54.92
$GC,3796,-0.93,-146.6,2569,879,3446,3388,269.3,-7.0,179,3803,0.00,2.00,0.00,0.000,1030,0.000,0.025,2561,2252,3416,3445,3387,0,0,0,0,0,0,26.26,26.18,26.28,8.92,55.04
$GC,4003,-0.93,-146.6,2561,2253,3444,3388,287.1,-7.4,185,4007,0.00,2.05,0.00,0.000,516,0.000,0.029,2561,876,3416,3444,3388,0,0,0,0,0,0,26.63,26.13,26.63,8.91,55.94
$GC,4090,-0.93,-146.6,2561,876,3444,3388,293.8,-7.6,187,4095,0.10,2.00,0.00,0.000,3078,0.152,0.025,2583,2247,3416,3444,3388,0,0,0,0,0,0,25.89,26.18,26.01,8.90,55.59
$GC,4284,-0.93,-146.6,2583,2247,3443,3387,308.8,-7.6,192,4289,0.00,2.05,0.00,0.000,516,0.000,0.030,2583,877,3415,3443,3387,0,0,0,0,0,0,26.63,26.13,26.63,8.90,56.30
$GC,4347,-0.93,-146.6,2583,877,3443,3388,312.0,-7.6,193,4352,0.00,2.00,0.00,0.000,1030,0.000,0.026,2578,2242,3415,3443,3388,0,0,0,0,0,0,26.25,26.17,26.28,8.90,56.45
$GC,4572,-0.93,-146.6,2578,2242,3441,3388,329.8,-7.2,199,4576,0.00,2.05,0.00,0.000,516,0.000,0.030,2578,875,3414,3441,3388,0,0,0,0,0,0,26.63,26.11,26.63,8.89,55.90
$GC,4679,-0.93,-146.6,2578,874,3441,3387,335.9,-7.2,201,4683,0.00,2.00,0.00,0.000,1030,0.000,0.026,2569,2240,3414,3441,3387,0,0,0,0,0,0,26.25,26.17,26.27,8.89,56.73
$GC,4898,-0.93,-146.6,2569,2240,3439,3387,352.5,-6.7,207,4902,0.00,2.05,0.00,0.000,516,0.000,0.030,2570,871,3413,3439,3387,0,0,0,0,0,0,26.63,26.11,26.63,8.88,56.30
$GC,4995,-0.93,-146.6,2569,871,3439,3387,358.4,-6.8,209,4999,0.00,2.03,0.00,0.000,1030,0.000,0.026,2561,2248,3412,3438,3387,0,0,0,0,0,0,26.25,26.17,26.27,8.88,56.69
$GC,5183,-0.93,-146.6,2560,2249,3436,3387,372.5,-7.1,214,5187,0.00,2.05,0.00,0.000,516,0.000,0.030,2561,881,3411,3436,3387,0,0,0,0,0,0,26.63,26.11,26.63,8.87,57.12
$GC,5275,-0.93,-146.6,2560,882,3436,3387,378.8,-7.2,216,5281,0.10,2.03,0.00,0.000,3078,0.150,0.027,2583,2254,3411,3435,3387,0,0,0,0,0,0,25.88,26.16,26.00,8.87,56.53
$GC,5471,-0.99,-146.6,2582,2254,3435,3385,393.7,-7.3,221,5475,0.00,2.08,0.00,0.000,516,0.000,0.031,2583,877,3410,3435,3385,0,0,0,0,0,0,26.63,26.10,26.63,8.87,57.20
$GC,5555,-0.99,-146.6,2583,877,3435,3385,400.3,-7.6,223,5559,0.00,2.05,0.00,0.000,1030,0.000,0.026,2578,2241,3410,3435,3385,0,0,0,0,0,0,26.20,26.16,26.22,8.86,57.04
$GC,5759,-0.99,-146.6,2578,2240,3435,3383,416.1,-7.8,228,5763,0.00,2.05,0.00,0.000,516,0.000,0.031,2578,879,3409,3435,3383,0,0,0,0,0,0,26.63,26.10,26.63,8.86,56.61
$GC,5866,-0.99,-146.6,2577,878,3435,3383,422.8,-7.8,230,5870,0.00,2.03,0.00,0.000,1030,0.000,0.027,2570,2245,3408,3434,3383,0,0,0,0,0,0,26.23,26.15,26.26,8.86,56.77
$GC,6084,-0.99,-146.6,2569,2245,3434,3381,441.6,-7.7,236,6089,0.00,2.05,0.00,0.000,516,0.000,0.031,2570,880,3407,3434,3381,0,0,0,0,0,0,26.63,26.10,26.63,8.85,57.28
$GC,6181,-0.99,-146.6,2569,880,3433,3381,448.4,-7.8,238,6185,0.00,2.03,0.00,0.000,1030,0.000,0.027,2561,2253,3407,3433,3381,0,0,0,0,0,0,26.23,26.15,26.26,8.85,57.12
$GC,6370,-0.99,-146.6,2561,2253,3432,3381,464.4,-8.0,243,6374,0.00,2.10,0.00,0.000,516,0.000,0.031,2561,886,3406,3432,3381,0,0,0,0,0,0,26.63,26.10,26.63,8.85,56.97
$GC,6462,-0.99,-146.6,2561,885,3432,3380,471.2,-8.1,245,6467,0.00,2.05,0.00,0.000,1030,0.000,0.027,2553,2248,3406,3432,3380,0,0,0,0,0,0,26.18,26.15,26.21,8.84,57.44
$GC,6656,-0.99,-146.6,2552,2248,3431,3380,486.9,-7.7,250,6660,0.00,2.08,0.00,0.000,516,0.000,0.031,2553,874,3406,3432,3380,0,0,0,0,0,0,26.63,26.08,26.63,8.84,57.87
$GC,6773,-0.99,-146.6,2552,874,3431,3380,493.7,-7.9,252,6780,0.00,2.03,0.00,0.000,1030,0.000,0.027,2544,2249,3405,3431,3379,0,0,0,0,0,0,26.22,26.15,26.25,8.84,58.07
$GC,6980,-0.99,-146.6,2543,2248,3431,3378,513.4,-8.2,258,6984,0.00,2.05,0.00,0.000,516,0.000,0.031,2544,883,3404,3431,3378,0,0,0,0,0,0,26.63,26.09,26.63,8.84,58.46
$GC,7097,-0.99,-146.6,2543,883,3431,3378,520.6,-8.4,260,7105,0.10,2.03,0.00,0.000,3078,0.154,0.027,2565,2253,3404,3430,3378,0,0,0,0,0,0,25.85,26.14,25.97,8.83,57.87
$GC,7305,-0.99,-146.6,2564,2253,3430,3377,539.9,-8.0,266,7309,0.00,2.10,0.00,0.000,516,0.000,0.031,2565,886,3403,3430,3377,0,0,0,0,0,0,26.63,26.08,26.63,8.82,58.42
$GC,7404,-0.99,-146.6,2564,886,3430,3377,546.8,-8.0,268,7409,0.00,2.00,0.00,0.000,1030,0.000,0.027,2559,2240,3403,3430,3377,0,0,0,0,0,0,26.22,26.14,26.25,8.82,57.83
$GC,7594,-0.99,-146.6,2558,2241,3429,3376,562.5,-7.6,273,7598,0.00,2.08,0.00,0.000,516,0.000,0.031,2559,889,3402,3429,3376,0,0,0,0,0,0,26.63,26.08,26.63,8.82,57.91
$GC,7687,-0.99,-146.6,2558,889,3429,3376,568.8,-7.4,275,7691,0.00,2.05,0.00,0.000,1030,0.000,0.028,2551,2244,3402,3429,3376,0,0,0,0,0,0,26.17,26.13,26.19,8.82,57.99
$GC,7881,-0.99,-146.6,2550,2244,3428,3375,582.7,-6.8,280,7885,0.00,2.05,0.00,0.000,516,0.000,0.031,2551,883,3401,3428,3375,0,0,0,0,0,0,26.63,26.07,26.63,8.81,58.82
$GC,7990,-0.99,-146.6,2550,883,3427,3375,588.4,-6.7,282,7994,0.00,2.03,0.00,0.000,1030,0.000,0.028,2542,2253,3401,3427,3375,0,0,0,0,0,0,26.20,26.12,26.23,8.81,58.23
$GC,8209,-0.99,-146.6,2541,2252,3426,3374,604.0,-6.4,288,8213,0.00,2.10,0.00,0.000,516,0.000,0.031,2542,889,3400,3426,3374,0,0,0,0,0,0,26.63,26.08,26.63,8.81,58.62
$GC,8316,-0.99,-146.6,2541,889,3426,3374,609.5,-6.3,290,8324,0.10,2.03,0.00,0.000,3078,0.149,0.028,2564,2248,3400,3426,3374,0,0,0,0,0,0,25.85,26.13,25.96,8.81,57.99
$GC,8533,-0.99,-146.6,2563,2248,3425,3373,623.8,-5.9,296,8538,0.00,2.10,0.00,0.000,516,0.000,0.032,2564,886,3399,3425,3373,0,0,0,0,0,0,26.63,26.06,26.63,8.80,58.82
$GC,8662,-0.99,-146.6,2563,886,3425,3373,631.6,-6.2,299,8666,0.00,2.03,0.00,0.000,1030,0.000,0.028,2557,2248,3398,3424,3372,0,0,0,0,0,0,26.20,26.12,26.23,8.80,58.30
$GC,8861,-0.99,-146.6,2556,2248,3424,3372,645.0,-6.6,304,8865,0.00,2.08,0.00,0.000,516,0.000,0.032,2557,879,3398,3424,3372,0,0,0,0,0,0,26.63,26.06,26.63,8.80,58.46
$GC,8957,-0.99,-146.6,2556,879,3424,3372,650.9,-7.0,306,8961,0.00,2.03,0.00,0.000,1030,0.000,0.028,2549,2243,3397,3423,3372,0,0,0,0,0,0,26.20,26.11,26.23,8.79,58.46
$GC,9146,-0.99,-146.6,2548,2243,3423,3371,665.9,-7.5,311,9150,0.00,2.08,0.00,0.000,516,0.000,0.032,2548,874,3397,3423,3371,0,0,0,0,0,0,26.63,26.05,26.63,8.79,58.78
$GC,9238,-0.99,-146.6,2548,873,3423,3371,672.6,-7.8,313,9242,0.00,2.05,0.00,0.000,1030,0.000,0.028,2540,2250,3396,3422,3371,0,0,0,0,0,0,26.19,26.10,26.22,8.79,58.54
$GC,9432,-0.99,-146.6,2539,2250,3422,3370,689.3,-8.3,318,9436,0.00,2.08,0.00,0.000,516,0.000,0.032,2540,881,3396,3422,3370,0,0,0,0,0,0,26.63,26.05,26.63,8.79,59.60
$GC,9498,-0.99,-146.6,2539,881,3421,3370,693.2,-8.4,319,9504,0.10,2.03,0.00,0.000,3078,0.148,0.028,2561,2243,3396,3422,3370,0,0,0,0,0,0,25.83,26.10,25.94,8.79,58.62
$GC,9718,-0.99,-146.6,2561,2243,3422,3368,713.4,-8.3,325,9723,0.00,2.08,0.00,0.000,516,0.000,0.033,2561,874,3395,3422,3368,0,0,0,0,0,0,26.63,26.03,26.63,8.78,59.09
$GC,9826,-0.99,-146.6,2561,874,3421,3367,720.8,-8.5,327,9830,0.00,2.05,0.00,0.000,1030,0.000,0.028,2555,2246,3394,3421,3368,0,0,0,0,0,0,26.18,26.10,26.21,8.78,59.09
$GC,10045,-0.99,-146.6,2555,2246,3420,3367,741.1,-8.2,333,10050,0.00,2.08,0.00,0.000,516,0.000,0.032,2555,880,3394,3421,3367,0,0,0,0,0,0,26.63,26.03,26.63,8.78,59.37
$GC,10165,-0.99,-146.6,2555,880,3421,3367,748.1,-8.3,335,10173,0.00,2.03,0.00,0.000,1030,0.000,0.029,2547,2250,3393,3420,3367,0,0,0,0,0,0,26.17,26.09,26.20,8.78,59.45
$GC,10370,-0.99,-146.6,2547,2250,3420,3367,766.8,-7.7,341,10374,0.00,2.08,0.00,0.000,516,0.000,0.032,2547,886,3393,3420,3366,0,0,0,0,0,0,26.63,26.03,26.63,8.77,59.25
$GC,10472,-0.99,-146.6,2547,886,3420,3367,773.1,-7.5,343,10476,0.00,2.03,0.00,0.000,1030,0.000,0.028,2539,2244,3393,3420,3367,0,0,0,0,0,0,26.17,26.09,26.20,8.78,59.25
$GC,10695,-0.99,-146.6,2539,2244,3420,3365,790.0,-6.8,349,10699,0.00,2.08,0.00,0.000,516,0.000,0.033,2539,874,3392,3420,3365,0,0,0,0,0,0,26.63,26.02,26.63,8.77,59.41
$GC,10781,-0.99,-146.6,2539,874,3419,3365,795.5,-6.7,351,10787,0.12,2.05,0.00,0.000,3078,0.142,0.028,2569,2248,3392,3419,3365,0,0,0,0,0,0,25.75,26.09,25.87,8.76,59.45
$GC,10982,-1.05,-146.6,2568,2248,3419,3365,807.4,-5.8,356,10986,0.00,2.20,0.00,0.000,260,0.000,0.044,2560,3644,3392,3419,3365,0,0,0,0,0,0,26.62,25.89,26.63,8.76,59.88
$GC,11028,-1.10,-146.6,2560,3645,3418,3364,810.0,-5.8,357,11033,0.00,2.03,0.00,0.000,1030,0.000,0.023,2560,2254,3392,3419,3365,0,0,0,0,0,0,26.27,26.21,26.29,8.76,59.29
$GC,11228,-1.10,-146.6,2560,2254,3419,3364,821.7,-5.9,362,11232,0.00,2.10,0.00,0.000,516,0.000,0.034,2560,871,3391,3418,3365,0,0,0,0,0,0,26.63,26.00,26.63,8.76,59.45
$GC,11414,-1.10,-146.6,2560,871,3419,3364,832.1,-6.4,366,11419,0.00,2.05,0.00,0.000,1030,0.000,0.029,2552,2244,3391,3418,3364,0,0,0,0,0,0,26.16,26.07,26.19,8.76,59.72
$GC,11634,-1.10,-146.6,2551,2244,3418,3363,848.2,-6.7,372,11639,0.00,2.12,0.00,0.000,516,0.000,0.034,2552,872,3390,3418,3363,0,0,0,0,0,0,26.63,26.00,26.63,8.75,60.00
$GC,11742,-1.10,-146.6,2552,872,3418,3364,854.3,-6.9,374,11746,0.00,2.05,0.00,0.000,1030,0.000,0.028,2543,2245,3390,3418,3363,0,0,0,0,0,0,26.15,26.07,26.19,8.75,59.52
$GC,11963,-1.10,-146.6,2542,2245,3418,3362,871.9,-7.3,380,11967,0.00,2.10,0.00,0.000,516,0.000,0.034,2543,865,3390,3418,3362,0,0,0,0,0,0,26.63,25.99,26.63,8.75,60.19
$GC,12055,-1.10,-146.6,2543,865,3418,3362,878.5,-7.4,382,12059,0.00,2.08,0.00,0.000,1030,0.000,0.029,2535,2252,3389,3417,3362,0,0,0,0,0,0,26.15,26.06,26.17,8.74,59.88
$GC,12249,-1.10,-146.6,2534,2253,3417,3361,894.2,-7.8,387,12254,0.00,2.15,0.00,0.000,516,0.000,0.034,2535,864,3389,3417,3361,0,0,0,0,0,0,26.63,25.98,26.63,8.75,60.86
$GC,12336,-1.10,-146.6,2534,864,3417,3361,901.2,-8.0,389,12340,0.00,2.08,0.00,0.000,1030,0.000,0.029,2526,2247,3389,3417,3361,0,0,0,0,0,0,26.14,26.05,26.17,8.74,60.00
$GC,12536,-1.10,-146.6,2526,2247,3416,3360,917.5,-8.1,394,12540,0.00,2.10,0.00,0.000,516,0.000,0.034,2526,871,3388,3416,3360,0,0,0,0,0,0,26.63,25.98,26.63,8.74,59.80
$GC,12628,-1.10,-146.6,2525,871,3416,3360,924.6,-8.2,396,12632,0.00,2.05,0.00,0.000,1030,0.000,0.029,2517,2241,3388,3416,3360,0,0,0,0,0,0,26.14,26.05,26.17,8.74,59.92
$GC,12822,-1.10,-146.6,2516,2241,3415,3360,941.3,-8.2,401,12826,0.00,2.08,0.00,0.000,516,0.000,0.034,2516,871,3388,3416,3360,0,0,0,0,0,0,26.62,25.97,26.63,8.74,60.27
$GC,12907,-1.10,-146.6,2516,870,3415,3360,948.2,-8.2,403,12911,0.00,2.05,0.00,0.000,1030,0.000,0.030,2507,2242,3387,3415,3360,0,0,0,0,0,0,26.13,26.03,26.16,8.74,59.92
$GC,13111,-1.10,-146.6,2506,2242,3415,3359,964.6,-8.1,408,13115,0.00,2.10,0.00,0.000,516,0.000,0.034,2507,864,3387,3415,3359,0,0,0,0,0,0,26.62,25.96,26.63,8.73,60.00
$GC,13183,-1.10,-146.6,2506,864,3414,3359,968.2,-8.0,409,13194,0.10,2.08,0.00,0.000,3078,0.158,0.030,2527,2248,3387,3415,3359,0,0,0,0,0,0,25.72,26.03,25.84,8.73,60.98
$GC,13395,-1.10,-146.6,2526,2248,3415,3358,986.0,-7.2,415,13399,0.00,2.10,0.00,0.000,516,0.000,0.034,2527,870,3386,3415,3358,0,0,0,0,0,0,26.62,25.96,26.63,8.73,60.23
$STATE,13475,end dive,TARGET_DEPTH_EXCEEDED
$STATE,13475,begin apogee
$GC,13484,-0.42,0.0,2524,1743,3415,3358,992.1,-7.3,417,13625,0.68,0.00,137.48,1.366,10246,0.109,0.000,2745,1744,2805,2902,2708,0,0,0,0,0,0,25.38,24.17,22.84,8.73,60.15
$STATE,13626,end apogee,CONTROL_FINISHED_OK
$STATE,13626,begin climb
$GC,13629,1.09,146.6,2745,1744,2900,2707,996.3,0.0,420,13784,1.40,2.38,142.57,1.310,10756,0.067,0.042,3243,349,2206,2292,2120,0,0,0,0,0,0,24.69,23.65,22.82,8.68,59.64
$GC,13816,0.84,181.2,3242,348,2289,2120,983.1,8.4,425,13861,0.28,2.15,35.42,1.250,13318,0.122,0.025,3158,1738,2063,2159,1967,0,0,0,0,0,0,24.97,25.25,23.22,8.62,57.79
$GC,14084,0.93,199.5,3158,1738,2157,1964,956.7,9.2,432,14107,0.00,2.25,18.20,1.220,8708,0.000,0.044,3166,356,1989,2096,1882,0,0,0,0,0,0,26.28,24.59,23.72,8.61,59.37
$GC,14203,1.00,209.9,3165,356,2096,1882,945.7,9.5,435,14221,0.05,2.08,11.55,1.154,11270,0.129,0.025,3226,1730,1947,2060,1835,0,0,0,0,0,0,25.79,25.86,23.75,8.61,59.09
$GC,14441,1.00,209.9,3225,1729,2058,1833,919.5,10.8,441,14445,0.00,2.15,0.00,0.000,260,0.000,0.037,3226,3116,1945,2058,1833,0,0,0,0,0,0,26.35,25.93,26.36,8.60,60.12
$GC,14457,1.00,209.9,3225,3118,2058,1833,919.5,10.8,441,14462,0.08,2.10,0.00,0.000,5126,0.137,0.027,3196,1747,1945,2058,1833,0,0,0,0,0,0,25.73,26.01,25.88,8.60,59.68
$GC,14647,1.00,209.9,3195,1746,2058,1833,898.2,10.2,446,14654,0.00,2.28,0.00,0.000,516,0.000,0.045,3203,309,1945,2058,1833,0,0,0,0,0,0,26.48,25.96,26.48,8.60,60.08
$GC,14736,1.00,209.9,3203,309,2058,1833,889.8,10.3,448,14740,0.00,2.10,0.00,0.000,1030,0.000,0.026,3203,1717,1945,2058,1833,0,0,0,0,0,0,26.20,26.13,26.22,8.59,60.51
$GC,14930,1.00,209.9,3203,1717,2058,1833,869.4,10.1,453,14934,0.00,2.15,0.00,0.000,260,0.000,0.038,3203,3116,1944,2057,1832,0,0,0,0,0,0,26.55,26.06,26.56,8.59,60.63
$GC,15047,1.00,209.9,3203,3116,2057,1833,860.8,10.2,455,15055,0.00,2.10,0.00,0.000,1030,0.000,0.028,3211,1708,1945,2057,1833,0,0,0,0,0,0,26.22,26.15,26.25,8.59,60.19
$GC,15254,1.00,215.0,3210,1708,2057,1832,836.9,9.8,461,15266,0.00,2.17,6.00,0.982,8452,0.000,0.038,3211,3110,1927,2038,1816,0,0,0,0,0,0,26.58,25.35,23.85,8.58,61.18
$GC,15313,1.00,218.9,3210,3110,2038,1816,832.9,9.8,462,15327,0.00,2.12,6.30,0.992,9222,0.000,0.027,3219,1723,1910,2021,1799,0,0,0,0,0,0,26.12,26.09,23.78,8.58,61.18
$GC,15537,1.01,222.8,3218,1723,2021,1798,809.1,9.8,468,15548,0.00,2.17,5.10,0.907,8452,0.000,0.037,3219,3102,1894,2008,1781,0,0,0,0,0,0,26.47,25.32,23.81,8.58,61.22
$GC,15579,1.01,226.2,3219,3102,2009,1781,805.0,9.8,469,15590,0.00,2.10,5.25,0.913,9222,0.000,0.027,3226,1709,1881,1997,1766,0,0,0,0,0,0,26.10,26.02,23.78,8.57,61.06
$GC,15774,1.01,226.2,3226,1709,1996,1765,785.2,10.1,474,15776,0.00,0.00,0.00,0.000,6,0.000,0.000,3226,1710,1880,1996,1765,0,0,0,0,0,0,26.44,26.45,26.45,8.57,61.14
$GC,15974,1.01,226.2,3226,1709,1996,1765,764.6,10.4,479,15978,0.00,2.17,0.00,0.000,260,0.000,0.037,3226,3113,1880,1996,1765,0,0,0,0,0,0,26.51,26.01,26.52,8.57,61.26
$GC,16035,1.01,226.2,3226,3113,1996,1765,759.8,10.5,480,16040,0.00,2.10,0.00,0.000,1030,0.000,0.028,3234,1715,1880,1996,1765,0,0,0,0,0,0,26.18,26.10,26.21,8.57,61.73
$GC,16259,1.01,226.2,3234,1714,1996,1765,733.9,10.7,486,16264,0.00,2.17,0.00,0.000,260,0.000,0.038,3235,3104,1880,1996,1765,0,0,0,0,0,0,26.57,26.04,26.58,8.57,61.38
$GC,16291,1.01,226.2,3234,3104,1995,1765,733.9,10.7,486,16296,0.10,2.10,0.00,0.000,5126,0.155,0.027,3212,1710,1880,1996,1765,0,0,0,0,0,0,25.84,26.15,25.97,8.57,61.26
$GC,16500,1.01,226.2,3212,1709,1996,1764,709.1,10.2,491,16505,0.00,2.17,0.00,0.000,260,0.000,0.038,3212,3113,1880,1996,1765,0,0,0,0,0,0,26.59,26.04,26.60,8.56,61.26
$GC,16528,1.01,226.2,3211,3113,1997,1765,709.1,10.2,491,16532,0.00,2.12,0.00,0.000,1030,0.000,0.027,3217,1719,1880,1996,1765,0,0,0,0,0,0,26.20,26.16,26.22,8.57,61.53
$GC,16747,1.01,228.9,3216,1717,1996,1765,684.3,9.9,497,16749,0.00,0.00,0.00,0.000,6,0.000,0.000,3217,1717,1880,1996,1765,0,0,0,0,0,0,26.60,26.61,26.60,8.56,61.81
$GC,16947,1.02,237.1,3217,1717,1995,1765,665.0,9.6,502,16964,0.00,2.20,12.68,1.087,8452,0.000,0.037,3217,3117,1835,1955,1715,0,0,0,0,0,0,26.60,24.71,23.85,8.56,61.93
$GC,17035,1.03,244.8,3217,3117,1955,1714,657.4,9.7,504,17051,0.00,2.12,8.98,1.017,9222,0.000,0.028,3218,1712,1805,1929,1681,0,0,0,0,0,0,26.03,25.94,23.81,8.56,61.81
$GC,17265,1.04,250.4,3217,1712,1929,1680,633.9,9.7,510,17277,0.00,2.25,6.93,0.943,8708,0.000,0.045,3217,322,1783,1909,1658,0,0,0,0,0,0,26.40,24.71,23.85,8.56,61.65
$GC,17309,1.04,258.3,3217,322,1909,1658,629.8,9.6,511,17324,0.00,2.10,9.77,1.017,9222,0.000,0.025,3217,1717,1750,1882,1618,0,0,0,0,0,0,26.01,25.94,23.84,8.55,62.08
$GC,17544,1.10,258.3,3217,1717,1881,1617,606.0,10.0,517,17548,0.00,2.15,0.00,0.000,260,0.000,0.038,3217,3107,1749,1881,1617,0,0,0,0,0,0,26.39,25.89,26.39,8.55,61.73
$GC,17627,1.10,258.3,3217,3107,1881,1616,597.0,10.4,519,17631,0.00,2.10,0.00,0.000,1030,0.000,0.028,3217,1725,1748,1881,1616,0,0,0,0,0,0,26.09,26.01,26.11,8.55,61.41
$GC,17831,1.16,258.3,3216,1724,1881,1615,575.5,10.5,524,17838,0.08,2.25,0.00,0.000,2564,0.104,0.045,3306,311,1748,1882,1615,0,0,0,0,0,0,26.27,25.90,26.29,8.55,61.69
$GC,17890,1.16,258.3,3305,311,1881,1615,570.3,10.9,525,17895,0.15,2.12,0.00,0.000,5126,0.125,0.025,3257,1733,1748,1881,1615,0,0,0,0,0,0,25.79,26.11,25.92,8.55,61.69
$GC,18109,1.16,258.3,3256,1732,1881,1615,542.2,11.7,531,18114,0.00,2.12,0.00,0.000,260,0.000,0.037,3257,3106,1748,1881,1615,0,0,0,0,0,0,26.56,26.02,26.57,8.55,61.57
$GC,18186,1.16,258.3,3256,3105,1881,1615,537.0,11.9,532,18194,0.00,2.10,0.00,0.000,1030,0.000,0.028,3264,1700,1748,1881,1615,0,0,0,0,0,0,26.19,26.10,26.22,8.55,62.24
$GC,18393,1.16,258.3,3263,1700,1881,1615,508.1,12.0,538,18397,0.00,2.17,0.00,0.000,260,0.000,0.038,3264,3105,1748,1881,1615,0,0,0,0,0,0,26.59,26.03,26.60,8.55,62.24
$GC,18444,1.16,258.3,3263,3105,1880,1615,502.7,12.0,539,18449,0.00,2.10,0.00,0.000,1030,0.000,0.028,3273,1733,1748,1881,1615,0,0,0,0,0,0,26.18,26.15,26.20,8.56,61.85
$GC,18638,1.16,258.3,3272,1732,1881,1615,478.8,11.8,544,18642,0.00,2.12,0.00,0.000,260,0.000,0.037,3273,3107,1748,1881,1615,0,0,0,0,0,0,26.60,26.02,26.60,8.56,61.85
$GC,18674,1.16,258.3,3272,3107,1881,1615,478.8,11.8,544,18681,0.00,2.10,0.00,0.000,1030,0.000,0.027,3282,1709,1748,1881,1615,0,0,0,0,0,0,26.22,26.15,26.25,8.56,61.38
$GC,18883,1.16,258.3,3281,1709,1881,1615,450.5,11.4,550,18888,0.00,2.15,0.00,0.000,260,0.000,0.037,3282,3102,1748,1881,1615,0,0,0,0,0,0,26.60,26.01,26.61,8.55,61.26
$GC,18935,1.16,258.3,3281,3102,1881,1615,445.0,11.5,551,18940,0.10,2.08,0.00,0.000,5126,0.147,0.028,3259,1721,1748,1881,1615,0,0,0,0,0,0,25.86,26.13,25.97,8.56,61.22
$GC,19124,1.16,258.3,3258,1720,1881,1615,423.8,10.7,556,19129,0.00,2.15,0.00,0.000,260,0.000,0.038,3259,3108,1748,1881,1615,0,0,0,0,0,0,26.60,26.01,26.61,8.56,61.65
$GC,19186,1.16,258.3,3258,3108,1881,1615,418.8,10.8,557,19190,0.00,2.10,0.00,0.000,1030,0.000,0.027,3266,1710,1748,1881,1615,0,0,0,0,0,0,26.22,26.14,26.24,8.56,61.45
$GC,19409,1.16,258.3,3266,1709,1881,1615,392.7,10.8,563,19414,0.00,2.17,0.00,0.000,260,0.000,0.038,3266,3113,1748,1881,1615,0,0,0,0,0,0,26.60,25.99,26.62,8.56,61.34
$GC,19471,1.16,258.3,3266,3113,1881,1615,387.8,10.9,564,19476,0.00,2.12,0.00,0.000,1030,0.000,0.028,3275,1722,1748,1881,1615,0,0,0,0,0,0,26.16,26.12,26.18,8.56,61.73
$GC,19696,1.16,258.3,3274,1722,1881,1615,360.8,11.1,570,19700,0.00,2.15,0.00,0.000,260,0.000,0.037,3275,3108,1748,1881,1615,0,0,0,0,0,0,26.61,25.99,26.62,8.56,61.18
$GC,19754,1.16,258.3,3274,3108,1881,1615,355.7,11.3,571,19759,0.00,2.10,0.00,0.000,1030,0.000,0.027,3285,1715,1748,1881,1615,0,0,0,0,0,0,26.21,26.13,26.23,8.57,61.69
$GC,19944,1.16,258.3,3284,1716,1881,1615,332.0,11.5,576,19945,0.00,0.00,0.00,0.000,6,0.000,0.000,3284,1716,1748,1881,1615,0,0,0,0,0,0,26.60,26.63,26.61,8.57,60.75
$GC,20144,1.16,258.3,3284,1716,1881,1615,309.1,11.4,581,20148,0.00,2.15,0.00,0.000,260,0.000,0.038,3284,3102,1748,1881,1615,0,0,0,0,0,0,26.61,25.98,26.62,8.57,61.14
$GC,20215,1.16,258.3,3284,3102,1881,1615,304.1,11.3,582,20220,0.12,2.08,0.00,0.000,5126,0.137,0.027,3254,1717,1748,1881,1615,0,0,0,0,0,0,25.80,26.13,25.92,8.57,60.78
$GC,20429,1.16,258.3,3254,1716,1881,1615,278.1,10.5,588,20433,0.00,2.22,0.00,0.000,516,0.000,0.044,3264,313,1748,1881,1615,0,0,0,0,0,0,26.60,25.89,26.62,8.58,61.02
$GC,20456,1.16,258.3,3263,313,1881,1615,278.1,10.5,588,20461,0.00,2.12,0.00,0.000,1030,0.000,0.024,3264,1717,1748,1881,1615,0,0,0,0,0,0,26.17,26.15,26.20,8.58,60.51
$GC,20675,1.16,258.3,3263,1717,1881,1615,250.6,11.3,594,20680,0.00,2.15,0.00,0.000,260,0.000,0.038,3264,3111,1748,1881,1615,0,0,0,0,0,0,26.61,25.97,26.62,8.58,60.51
$GC,20787,1.16,258.3,3263,3111,1881,1615,240.8,11.6,596,20792,0.00,2.10,0.00,0.000,1030,0.000,0.026,3273,1711,1748,1881,1615,0,0,0,0,0,0,26.19,26.11,26.22,8.58,60.71
$GC,21001,1.16,258.3,3272,1711,1881,1615,213.7,11.1,602,21005,0.00,2.15,0.00,0.000,260,0.000,0.037,3273,3107,1748,1881,1615,0,0,0,0,0,0,26.61,25.96,26.62,8.59,60.78
$GC,21047,1.16,258.3,3272,3107,1881,1615,208.6,11.1,603,21051,0.00,2.08,0.00,0.000,1030,0.000,0.026,3282,1716,1748,1881,1615,0,0,0,0,0,0,26.20,26.13,26.22,8.59,60.47
$GC,21245,1.16,258.3,3282,1716,1881,1615,186.4,11.2,611,21251,0.00,2.17,0.00,0.000,260,0.000,0.038,3282,3099,1748,1881,1615,0,0,0,0,0,0,26.60,25.96,26.62,8.59,60.35
$GC,21310,1.16,258.3,3282,3099,1881,1615,178.6,11.9,614,21315,0.10,2.08,0.00,0.000,5126,0.150,0.026,3259,1711,1748,1881,1615,0,0,0,0,0,0,25.82,26.11,25.92,8.59,60.94
$GC,21515,1.16,258.3,3258,1709,1881,1615,156.0,11.0,624,21520,0.00,2.17,0.00,0.000,260,0.000,0.037,3259,3101,1748,1881,1615,0,0,0,0,0,0,26.61,25.96,26.62,8.59,60.31
$GC,21588,1.16,258.3,3258,3101,1881,1615,148.3,11.5,627,21592,0.00,2.08,0.00,0.000,1030,0.000,0.026,3266,1714,1748,1881,1615,0,0,0,0,0,0,26.20,26.12,26.22,8.59,60.00
$GC,21782,1.16,258.8,3266,1712,1881,1615,127.2,10.0,637,21786,0.00,2.20,0.00,0.000,260,0.000,0.037,3266,3114,1748,1881,1615,0,0,0,0,0,0,26.61,25.96,26.62,8.60,60.23
$GC,21865,1.16,258.8,3266,3114,1881,1615,118.4,10.5,641,21870,0.00,2.12,0.00,0.000,1030,0.000,0.026,3275,1721,1748,1881,1615,0,0,0,0,0,0,26.15,26.12,26.17,8.60,59.60
$GC,22069,1.16,258.8,3275,1720,1881,1615,96.7,11.3,651,22073,0.00,2.15,0.00,0.000,260,0.000,0.037,3275,3113,1747,1880,1615,0,0,0,0,0,0,26.61,25.96,26.62,8.61,60.08
$GC,22140,1.16,258.8,3275,3116,1881,1615,89.1,11.9,654,22145,0.00,2.12,0.00,0.000,1030,0.000,0.026,3284,1714,1748,1881,1615,0,0,0,0,0,0,26.13,26.10,26.21,8.61,59.60
$GC,22336,1.17,276.0,3284,1713,1881,1616,68.5,9.2,664,22358,0.00,2.22,16.95,0.737,8708,0.000,0.041,3295,318,1677,1816,1538,0,0,0,0,0,0,26.61,24.61,23.97,8.62,60.27
$GC,22433,1.22,318.1,3294,319,1815,1538,61.8,8.1,668,22477,0.00,2.08,36.22,0.752,9222,0.000,0.024,3295,1722,1505,1658,1353,0,0,0,0,0,0,26.04,25.97,23.87,8.63,59.84
$GC,22660,1.31,407.7,3295,1722,1654,1350,50.2,5.9,680,22736,0.00,0.00,73.07,0.739,8198,0.000,0.000,3295,1722,1142,1302,982,0,0,0,0,0,0,26.29,24.68,23.81,8.69,61.93
$GC,22922,1.36,407.7,3295,1721,1296,982,26.1,10.3,705,22925,0.00,2.15,0.00,0.000,260,0.000,0.037,3295,3108,1139,1296,982,0,0,0,0,0,0,26.24,25.76,26.25,8.73,61.22
$GC,22978,1.36,407.7,3295,3109,1296,982,19.9,10.9,710,22985,0.00,2.08,0.00,0.000,1030,0.000,0.024,3295,1718,1138,1295,982,0,0,0,0,0,0,25.98,25.91,26.00,8.75,60.71
$STATE,23142,end climb,SURFACE_DEPTH_REACHED
$STATE,23143,begin surface coast
$FINISH,0.3,1.022465
$STATE,23166,end surface coast,CONTROL_FINISHED_OK
$STATE,23166,begin surface
$SM_CCo,23247,0.00,0.000,0,0,1137,409.41
$SM_GC,0.07,8.27,0.77,0.00,0.046,0.035,0.000,185,2231,1137,-8.28,-1.70,409.41,0,0,0,0,0,0,26.08,26.02,26.13
$IRIDIUM_FIX,711.06,-14015.56,060325,230439
$TT8_MAMPS,0.026215,0.384237
$HUMID,56.57
$INTERNAL_PRESSURE,8.76138
$TCM_TEMP,18.20
$XPDR_PINGS,0
$ALTIM_TOP_PING,19.9,20.0
$24V_AH,22.82,68.402
$10V_AH,9.55,47.301
$FG_AHR_24Vo,0.000
$FG_AHR_10Vo,0.000
$DEVICES,Pitch_motor,Roll_motor,VBD_pump_during_apogee,VBD_pump_during_surface,VBD_valve,Iridium_during_init,Iridium_during_connect,Iridium_during_xfer,Transponder_ping,GUMSTIX_24V,GPS,TT8,LPSleep,TT8_Active,TT8_Sampling,TT8_CF8,TT8_Kalman,Analog_circuits,GPS_charging,Compass,RAFOS,Transponder,Compass2
$DEVICE_SECS,21.900,317.525,532.475,0.000,0.000,0.000,0.000,315.300,0.250,0.000,29.863,3371.406,15508.237,710.225,3586.992,527.310,0.000,2857.226,0.000,3078.954,0.000,2.765,0.000
$DEVICE_MAMPS,201.960,52.020,1366.290,0.000,0.000,0.000,0.000,86.445,420.000,0.000,30.710,15.210,2.190,15.210,43.670,53.410,0.000,14.000,0.000,8.240,0.000,30.000,0.000
$SENSORS,SBE_CT,WL_blue_red_Chl,AA4330,nil,nil,nil,nil,nil,nil,nil
$SENSOR_SECS,635.768,0.000,975.804,0.000,0.000,0.000,0.000,0.000,0.000,0.000
$SENSOR_MAMPS,22.470,0.000,11.230,0.000,0.000,0.000,0.000,0.000,0.000,0.000
$MEM,311868
$DATA_FILE_SIZE,55539,729
$CAP_FILE_SIZE,270752,0
$CFSIZE,2097872896,2037710848
$ERRORS,0,0,0,0,0,0,0,0,0,0,0,0,0,0,1,0
$CURRENT,0.170,44.35,1
$GPS,220705,120912,714.706,-14018.698,35,0.9,65,9.3,0.5,263.9,8,4.9
