version: 66.14
glider: 195
mission: 21
dive: 362
start: 7 9 105 13 16 46
data:
$ID,195
$MISSION,21
$DIVE,362
$N_DIVES,0
$STOP_T,0
$D_SURF,3
$D_FLARE,2
$D_TGT,990
$D_ABORT,1090
$D_NO_BLEED,50
$D_BOOST,3
$T_BOOST,0
$D_FINISH,0
$D_PITCH,0
$D_SAFE,0
$D_CALL,0
$SURFACE_URGENCY,0
$SURFACE_URGENCY_TRY,0
$SURFACE_URGENCY_FORCE,0
$T_DIVE,330
$T_MISSION,600
$T_ABORT,1440
$T_TURN,300
$T_TURN_SAMPINT,5
$T_NO_W,120
$T_LOITER,0
$T_SLOITER,60
$T_EPIRB,0
$USE_BATHY,0
$USE_ICE,0
$ICE_FREEZE_MARGIN,0.30000001
$D_OFFGRID,990
$T_WATCHDOG,10
$RELAUNCH,1
$APOGEE_PITCH,-8
$MAX_BUOY,150
$COURSE_BIAS,0
$GLIDE_SLOPE,30
$SPEED_FACTOR,1
$RHO,1.023
$MASS,54002
$MASS_COMP,0
$NAV_MODE,3
$FERRY_MAX,45
$KALMAN_USE,2
$HD_A,0.0038000001
$HD_B,0.0099999998
$HD_C,9.8500004e-06
$HEADING,270
$ESCAPE_HEADING,0
$ESCAPE_HEADING_DELTA,10
$FIX_MISSING_TIMEOUT,0
$TGT_DEFAULT_LAT,4736
$TGT_DEFAULT_LON,-12225
$TGT_AUTO_DEFAULT,0
$SM_CC,250
$N_FILEKB,4
$FILEMGR,0
$CALL_NDIVES,1
$COMM_SEQ,0
$PROTOCOL,9
$N_NOCOMM,1
$NOCOMM_ACTION,0
$N_NOSURFACE,0
$UPLOAD_DIVES_MAX,-1
$CALL_TRIES,5
$CALL_WAIT,60
$CAPUPLOAD,0
$CAPMAXSIZE,200000
$HEAPDBG,0
$T_GPS,15
$N_GPS,50840
$T_RSLEEP,2
$STROBE,0
$RAFOS_PEAK_OFFSET,1.5
$RAFOS_CORR_THRESH,60
$RAFOS_HIT_WINDOW,3600
$RAFOS_MMODEM,0
$PITCH_MIN,207
$PITCH_MAX,3915
$C_PITCH,2900
$PITCH_DBAND,0.1
$PITCH_CNV,0.003125763
$P_OVSHOOT,0.039999999
$P_OVSHOOT_WITHG,0.079999998
$PITCH_GAIN,24
$PITCH_TIMEOUT,17
$PITCH_AD_RATE,160
$PITCH_MAXERRORS,1
$PITCH_ADJ_GAIN,0.02
$PITCH_ADJ_DBAND,2.5
$ROLL_MIN,224
$ROLL_MAX,3758
$ROLL_DEG,40
$C_ROLL_DIVE,1955
$C_ROLL_CLIMB,1855
$HEAD_ERRBAND,10
$ROLL_CNV,0.028270001
$ROLL_TIMEOUT,15
$R_PORT_OVSHOOT,51
$R_STBD_OVSHOOT,60
$ROLL_AD_RATE,350
$ROLL_MAXERRORS,2
$ROLL_ADJ_GAIN,0
$ROLL_ADJ_DBAND,0
$VBD_MIN,500
$VBD_MAX,3960
$C_VBD,2806
$VBD_DBAND,2
$VBD_CNV,-0.24529999
$VBD_LP_IGNORE,0
$VBD_TIMEOUT,720
$PITCH_VBD_SHIFT,0.001
$VBD_PUMP_AD_RATE_SURFACE,5
$VBD_PUMP_AD_RATE_APOGEE,4
$VBD_BLEED_AD_RATE,8
$UNCOM_BLEED,60
$VBD_MAXERRORS,1
$W_ADJ_DBAND,0
$DBDW,0
$PITCH_W_GAIN,0
$PITCH_W_DBAND,0
$CF8_MAXERRORS,5
$AH0_24V,150
$AH0_10V,97
$MINV_24V,19
$MINV_10V,8
$MAXI_24V,0.80000001
$MAXI_10V,0.60000002
$FG_AHR_10V,0
$FG_AHR_24V,0
$PHONE_SUPPLY,-2
$PRESSURE_YINT,-49.397121
$PRESSURE_SLOPE,0.0001168043
$AD7714Ch0Gain,128
$TCM_PITCH_OFFSET,0
$TCM_ROLL_OFFSET,0
$COMPASS_USE,4
$ALTIM_BOTTOM_PING_RANGE,0
$ALTIM_TOP_PING_RANGE,20
$ALTIM_BOTTOM_TURN_MARGIN,0
$ALTIM_TOP_TURN_MARGIN,0
$ALTIM_TOP_MIN_OBSTACLE,1
$ALTIM_PING_DEPTH,0
$ALTIM_PING_DELTA,0
$ALTIM_FREQUENCY,13
$ALTIM_PULSE,3
$ALTIM_SENSITIVITY,3
$XPDR_VALID,5
$XPDR_INHIBIT,90
$INT_PRESSURE_SLOPE,0.0097660003
$INT_PRESSURE_YINT,-0.77999997
$DEEPGLIDER,0
$MOTHERBOARD,4
$DEVICE1,2
$DEVICE2,115
$DEVICE3,101
$DEVICE4,-1
$DEVICE5,-1
$DEVICE6,-1
$LOGGERS,0
$LOGGERDEVICE1,-1
$LOGGERDEVICE2,-1
$LOGGERDEVICE3,-1
$LOGGERDEVICE4,-1
$COMPASS_DEVICE,33
$COMPASS2_DEVICE,-1
$PHONE_DEVICE,49
$GPS_DEVICE,32
$RAFOS_DEVICE,-1
$XPDR_DEVICE,24
$SIM_W,0
$SIM_PITCH,0
$SEABIRD_T_G,0.0044178674
$SEABIRD_T_H,0.00064818078
$SEABIRD_T_I,2.6779007e-05
$SEABIRD_T_J,3.3667231e-06
$SEABIRD_C_G,-10.098215
$SEABIRD_C_H,1.1454017
$SEABIRD_C_I,-0.0021276253
$SEABIRD_C_J,0.00025532115
$SEABIRD_C_Z,2974.52
$GPS1,090705,130852,626.0717,-14043.9316,39,0.8,54,9.3,1.1,59.8,10,4.9
$_CALLS,1
$_XMS_NAKs,0
$_XMS_TOUTs,0
$_SM_DEPTHo,0.13
$_SM_ANGLEo,-60.2
$GPS2,090705,131608,626.0808,-14043.7920,7,0.9,31,9.3,1.3,117.6,9,4.7
$SPEED_LIMITS,0.173,0.262
$TGT_NAME,HEADING
$TGT_LATLONG,636.689,-14045.828
$TGT_RADIUS,1852.000
$KALMAN_CONTROL,0.000000,0.000000
$KALMAN_X,0.000000,0.000000,0.000000,0.000000,0.000000
$KALMAN_Y,0.000000,0.000000,0.000000,0.000000,0.000000
$MHEAD_RNG_PITCHd_Wd,339.9,20000,-18.1,-10.000,-20.93,2235
$D_GRID,990
$GCHEAD,st_secs,pitch_ctl,vbd_ctl,pitch_ad_start,roll_ad_start,vbd_pot1_ad_start,vbd_pot2_ad_start,depth,ob_vertv,data_pts,end_secs,pitch_secs,roll_secs,vbd_secs,vbd_i,gcphase,pitch_i,roll_i,pitch_ad,roll_ad,vbd_ad,vbd_pot1_ad,vbd_pot2_ad,pitch_retries,pitch_errors,roll_retries,roll_errors,vbd_retries,vbd_errors,pitch_volts,roll_volts,vbd_volts,int_press,humidity
$STATE,6,end surface,CONTROL_FINISHED_OK
$STATE,6,begin dive
$GC,75,-0.90,-146.6,160,1974,1127,908,0.2,-0.1,6,143,0.00,0.00,-66.07,0.000,16386,0.000,0.000,160,1974,2735,2754,2717,0,0,0,0,0,0,26.39,28.83,26.39,8.83,51.53
$GC,147,-0.90,-146.6,160,1974,2757,2717,2.3,-4.6,13,178,9.55,2.17,-14.93,0.000,18692,0.207,0.049,2597,3343,3407,3427,3388,0,0,0,0,0,0,24.98,23.82,25.39,9.02,50.66
$GC,255,-0.82,-146.6,2596,3343,3433,3388,23.2,-19.2,23,261,0.10,2.08,0.00,0.000,3078,0.136,0.020,2628,1930,3410,3433,3388,0,0,0,0,0,0,25.73,26.12,25.89,9.08,50.51
$GC,450,-0.82,-146.6,2628,1929,3435,3388,50.3,-13.0,42,455,0.00,2.10,0.00,0.000,516,0.000,0.034,2629,577,3412,3435,3389,0,0,0,0,0,0,26.53,26.00,26.54,9.10,51.14
$GC,508,-0.82,-146.6,2628,576,3435,3388,56.6,-14.0,44,515,0.00,2.00,0.00,0.000,1030,0.000,0.023,2622,1957,3411,3434,3388,0,0,0,0,0,0,26.22,26.15,26.25,9.10,50.78
$GC,695,-0.82,-146.6,2622,1958,3437,3388,81.1,-10.2,54,699,0.00,2.08,0.00,0.000,516,0.000,0.033,2621,577,3412,3437,3388,0,0,0,0,0,0,26.58,26.06,26.59,9.12,50.78
$GC,803,-0.82,-146.6,2621,577,3439,3388,90.8,-9.2,59,807,0.00,2.00,0.00,0.000,1030,0.000,0.023,2612,1960,3413,3439,3388,0,0,0,0,0,0,26.27,26.21,26.29,9.12,51.29
$GC,1001,-0.82,-146.6,2611,1961,3441,3388,109.0,-7.3,69,1005,0.00,2.08,0.00,0.000,516,0.000,0.032,2612,578,3414,3441,3388,0,0,0,0,0,0,26.61,26.10,26.62,9.12,50.55
$GC,1028,-0.82,-146.6,2611,578,3441,3388,110.7,-6.7,70,1036,0.12,2.00,0.00,0.000,3078,0.136,0.023,2642,1963,3415,3441,3389,0,0,0,0,0,0,25.89,26.24,26.02,9.12,51.29
$GC,1225,-0.88,-146.6,2642,1963,3443,3388,120.8,-5.5,80,1230,0.00,2.08,0.00,0.000,260,0.000,0.036,2635,3339,3416,3444,3389,0,0,0,0,0,0,26.62,26.10,26.63,9.11,49.76
$GC,1272,-0.93,-146.6,2634,3340,3444,3388,123.6,-6.0,82,1277,0.00,1.95,0.00,0.000,1030,0.000,0.018,2634,1952,3416,3444,3388,0,0,0,0,0,0,26.34,26.29,26.36,9.10,50.23
$GC,1472,-0.98,-146.6,2634,1952,3445,3388,136.0,-5.6,92,1477,0.10,2.05,0.00,0.000,4612,0.077,0.032,2533,583,3416,3445,3388,0,0,0,0,0,0,26.41,26.10,26.43,9.08,51.02
$GC,1603,-0.89,-146.6,2533,583,3446,3388,144.7,-7.0,98,1610,0.28,1.98,0.00,0.000,3078,0.127,0.022,2610,1957,3417,3446,3389,0,0,0,0,0,0,25.70,26.26,25.89,9.06,50.66
$GC,1802,-0.89,-146.6,2609,1957,3447,3389,156.2,-6.0,108,1806,0.00,2.10,0.00,0.000,260,0.000,0.037,2602,3343,3418,3448,3388,0,0,0,0,0,0,26.63,26.10,26.65,9.04,50.43
$GC,1895,-0.89,-146.6,2602,3343,3448,3388,161.3,-5.9,112,1899,0.00,1.98,0.00,0.000,1030,0.000,0.019,2602,1947,3418,3448,3388,0,0,0,0,0,0,26.35,26.30,26.37,9.03,50.19
$GC,2088,-0.89,-146.6,2602,1947,3449,3388,173.7,-6.4,122,2092,0.00,2.05,0.00,0.000,516,0.000,0.032,2602,582,3418,3448,3389,0,0,0,0,0,0,26.64,26.11,26.65,9.02,50.78
$GC,2114,-0.89,-146.6,2602,583,3449,3388,175.3,-6.5,123,2118,0.00,1.98,0.00,0.000,1030,0.000,0.022,2594,1952,3419,3449,3389,0,0,0,0,0,0,26.32,26.26,26.34,9.02,51.41
$GC,2317,-0.89,-146.6,2593,1952,3449,3389,189.8,-7.2,133,2321,0.00,2.10,0.00,0.000,260,0.000,0.036,2584,3340,3418,3449,3388,0,0,0,0,0,0,26.64,26.10,26.65,9.01,51.41
$GC,2486,-0.89,-146.6,2583,3340,3449,3388,201.7,-6.9,141,2491,0.00,1.98,0.00,0.000,1030,0.000,0.019,2584,1952,3419,3449,3389,0,0,0,0,0,0,26.36,26.30,26.37,8.99,51.49
$GC,2686,-0.89,-146.6,2583,1952,3449,3388,216.0,-7.2,146,2690,0.00,2.08,0.00,0.000,516,0.000,0.033,2584,571,3419,3449,3389,0,0,0,0,0,0,26.64,26.10,26.65,8.97,52.75
$GC,2702,-0.89,-146.6,2583,571,3449,3388,216.0,-7.2,146,2707,0.10,2.05,0.00,0.000,3078,0.128,0.023,2607,1954,3418,3449,3388,0,0,0,0,0,0,25.92,26.27,25.98,8.97,52.32
$GC,2892,-0.94,-146.6,2607,1955,3448,3388,230.8,-7.2,151,2896,0.00,2.12,0.00,0.000,260,0.000,0.037,2600,3349,3418,3449,3388,0,0,0,0,0,0,26.64,26.10,26.65,8.96,52.63
$GC,3064,-0.94,-146.6,2599,3349,3448,3388,242.5,-7.2,155,3069,0.00,2.00,0.00,0.000,1030,0.000,0.020,2600,1948,3418,3448,3388,0,0,0,0,0,0,26.34,26.29,26.36,8.95,53.07
$GC,3259,-1.00,-146.6,2599,1947,3448,3388,256.0,-6.6,160,3263,0.00,2.08,0.00,0.000,516,0.000,0.034,2600,577,3418,3448,3388,0,0,0,0,0,0,26.64,26.09,26.65,8.94,53.50
$GC,3335,-1.05,-146.6,2599,577,3448,3388,259.1,-6.7,161,3343,0.00,2.00,0.00,0.000,1030,0.000,0.023,2592,1958,3418,3448,3389,0,0,0,0,0,0,26.32,26.25,26.34,8.94,53.78
$GC,3542,-1.05,-146.6,2591,1958,3447,3388,276.4,-7.2,167,3547,0.00,2.12,0.00,0.000,260,0.000,0.037,2582,3350,3417,3447,3388,0,0,0,0,0,0,26.65,26.09,26.65,8.92,54.41
$GC,3715,-1.05,-146.6,2581,3350,3445,3388,287.9,-7.0,171,3719,0.00,2.00,0.00,0.000,1030,0.000,0.020,2581,1952,3416,3445,3388,0,0,0,0,0,0,26.34,26.29,26.36,8.92,54.21
$GC,3908,-1.05,-146.6,2581,1952,3444,3388,300.6,-6.3,176,3914,0.00,2.12,0.00,0.000,516,0.000,0.034,2582,579,3416,3444,3388,0,0,0,0,0,0,26.65,26.09,26.65,8.91,54.52
$GC,4011,-1.05,-146.6,2581,578,3444,3388,306.2,-6.4,178,4016,0.00,2.00,0.00,0.000,1030,0.000,0.023,2572,1955,3416,3444,3388,0,0,0,0,0,0,26.31,26.25,26.33,8.91,55.00
$GC,4236,-1.05,-146.6,2571,1954,3442,3388,322.8,-6.9,184,4240,0.00,2.12,0.00,0.000,260,0.000,0.038,2562,3341,3415,3442,3388,0,0,0,0,0,0,26.65,26.08,26.65,8.90,55.51
$GC,4293,-1.05,-146.6,2561,3341,3441,3388,325.9,-7.1,185,4298,0.00,2.00,0.00,0.000,1030,0.000,0.021,2562,1948,3414,3441,3388,0,0,0,0,0,0,26.34,26.28,26.36,8.89,54.96
$GC,4483,-1.05,-146.6,2561,1948,3441,3388,340.8,-7.3,190,4487,0.00,2.10,0.00,0.000,516,0.000,0.034,2562,566,3414,3440,3388,0,0,0,0,0,0,26.65,26.08,26.65,8.89,54.84
$GC,4610,-1.05,-146.6,2561,566,3439,3388,350.8,-7.9,193,4614,0.00,2.05,0.00,0.000,1030,0.000,0.024,2553,1946,3413,3439,3388,0,0,0,0,0,0,26.27,26.24,26.29,8.89,55.39
$GC,4814,-1.05,-146.6,2553,1945,3436,3388,367.1,-8.0,198,4818,0.00,2.17,0.00,0.000,260,0.000,0.038,2543,3340,3412,3436,3388,0,0,0,0,0,0,26.65,26.08,26.65,8.88,55.31
$GC,4954,-1.05,-146.6,2542,3340,3435,3388,377.8,-8.4,201,4959,0.00,2.05,0.00,0.000,1030,0.000,0.021,2543,1951,3411,3435,3387,0,0,0,0,0,0,26.30,26.27,26.32,8.88,55.71
$GC,5144,-1.05,-146.6,2543,1951,3435,3386,395.6,-8.8,206,5148,0.00,2.10,0.00,0.000,516,0.000,0.035,2543,575,3410,3435,3386,0,0,0,0,0,0,26.65,26.06,26.65,8.88,55.78
$GC,5229,-1.05,-146.6,2542,575,3434,3386,403.4,-9.0,208,5233,0.00,2.05,0.00,0.000,1030,0.000,0.024,2534,1952,3410,3434,3386,0,0,0,0,0,0,26.25,26.23,26.28,8.87,55.98
$GC,5433,-1.05,-146.6,2533,1952,3434,3384,421.7,-8.9,213,5437,0.00,2.15,0.00,0.000,260,0.000,0.038,2524,3346,3409,3434,3384,0,0,0,0,0,0,26.65,26.06,26.65,8.87,56.26
$GC,5598,-1.05,-146.6,2524,3346,3433,3383,436.2,-8.9,217,5603,0.10,2.05,0.00,0.000,3078,0.135,0.021,2556,1950,3408,3433,3383,0,0,0,0,0,0,25.89,26.27,25.94,8.86,55.98
$GC,5804,-1.05,-146.6,2555,1951,3433,3382,452.1,-7.7,222,5808,0.00,2.12,0.00,0.000,516,0.000,0.036,2556,586,3407,3433,3382,0,0,0,0,0,0,26.65,26.05,26.65,8.86,56.18
$GC,5896,-1.05,-146.6,2555,586,3432,3382,458.8,-7.8,224,5901,0.00,2.05,0.00,0.000,1030,0.000,0.024,2550,1958,3407,3432,3382,0,0,0,0,0,0,26.25,26.22,26.27,8.86,56.45
$GC,6091,-1.05,-146.6,2549,1958,3432,3381,474.7,-7.8,229,6095,0.00,2.15,0.00,0.000,260,0.000,0.039,2540,3352,3406,3432,3381,0,0,0,0,0,0,26.65,26.05,26.65,8.85,57.12
$GC,6215,-1.05,-146.6,2539,3352,3431,3380,484.7,-8.0,232,6219,0.00,2.03,0.00,0.000,1030,0.000,0.021,2539,1958,3405,3431,3380,0,0,0,0,0,0,26.32,26.26,26.34,8.85,56.53
$GC,6420,-1.05,-146.6,2539,1958,3430,3380,500.4,-7.7,237,6424,0.00,2.12,0.00,0.000,516,0.000,0.035,2539,572,3405,3431,3380,0,0,0,0,0,0,26.65,26.04,26.65,8.84,56.61
$GC,6476,-1.05,-146.6,2539,572,3431,3379,504.0,-7.8,238,6482,0.10,2.05,0.00,0.000,3078,0.152,0.024,2560,1964,3404,3430,3379,0,0,0,0,0,0,25.90,26.21,26.01,8.84,56.77
$GC,6667,-1.05,-146.6,2559,1964,3430,3379,518.5,-7.1,243,6671,0.00,2.15,0.00,0.000,260,0.000,0.039,2552,3351,3404,3430,3378,0,0,0,0,0,0,26.65,26.05,26.65,8.83,56.65
$GC,6751,-1.05,-146.6,2551,3351,3429,3378,524.6,-7.2,245,6755,0.00,2.03,0.00,0.000,1030,0.000,0.022,2552,1956,3403,3429,3378,0,0,0,0,0,0,26.32,26.25,26.33,8.83,57.12
$GC,6955,-1.05,-146.6,2551,1956,3429,3377,539.4,-7.3,250,6959,0.00,2.12,0.00,0.000,516,0.000,0.036,2552,569,3403,3429,3377,0,0,0,0,0,0,26.65,26.03,26.65,8.83,57.36
$GC,7053,-1.05,-146.6,2552,568,3429,3377,546.1,-7.7,252,7057,0.00,2.05,0.00,0.000,1030,0.000,0.025,2543,1961,3403,3429,3377,0,0,0,0,0,0,26.27,26.20,26.29,8.83,56.93
$GC,7242,-1.05,-146.6,2542,1961,3427,3376,562.4,-8.1,257,7247,0.00,2.17,0.00,0.000,260,0.000,0.039,2533,3344,3401,3427,3376,0,0,0,0,0,0,26.65,26.04,26.65,8.82,57.79
$GC,7421,-1.05,-146.6,2532,3344,3426,3376,576.8,-8.7,261,7425,0.00,2.03,0.00,0.000,1030,0.000,0.022,2533,1953,3401,3426,3376,0,0,0,0,0,0,26.30,26.24,26.32,8.82,57.08
$GC,7610,-1.05,-146.6,2532,1953,3426,3375,594.6,-8.8,266,7617,0.10,2.12,0.00,0.000,2564,0.155,0.036,2562,569,3400,3426,3375,0,0,0,0,0,0,26.14,26.02,26.20,8.81,57.91
$GC,7695,-1.05,-146.6,2562,569,3426,3375,601.7,-8.7,268,7699,0.00,2.05,0.00,0.000,1030,0.000,0.025,2555,1956,3400,3425,3375,0,0,0,0,0,0,26.27,26.19,26.29,8.82,57.83
$GC,7894,-1.05,-146.6,2555,1956,3424,3374,618.0,-8.1,273,7898,0.00,2.15,0.00,0.000,260,0.000,0.039,2545,3346,3399,3424,3374,0,0,0,0,0,0,26.64,26.03,26.65,8.81,58.23
$GC,8071,-1.05,-146.6,2545,3346,3423,3373,631.2,-8.0,277,8076,0.00,2.03,0.00,0.000,1030,0.000,0.022,2545,1958,3398,3423,3373,0,0,0,0,0,0,26.29,26.24,26.32,8.81,58.26
$GC,8262,-1.05,-146.6,2545,1959,3423,3373,647.1,-7.9,282,8266,0.00,2.15,0.00,0.000,516,0.000,0.037,2545,580,3397,3423,3372,0,0,0,0,0,0,26.65,26.01,26.65,8.80,57.48
$GC,8354,-1.05,-146.6,2545,580,3423,3372,654.2,-8.1,284,8359,0.00,2.08,0.00,0.000,1030,0.000,0.026,2536,1962,3398,3423,3373,0,0,0,0,0,0,26.22,26.18,26.24,8.80,57.32
$GC,8549,-1.05,-146.6,2535,1962,3422,3371,670.3,-8.0,289,8553,0.00,2.15,0.00,0.000,260,0.000,0.040,2526,3345,3397,3422,3372,0,0,0,0,0,0,26.65,26.01,26.65,8.80,57.52
$GC,8651,-1.05,-146.6,2525,3345,3421,3371,677.1,-8.0,291,8656,0.10,2.08,0.00,0.000,3078,0.132,0.023,2558,1949,3396,3421,3371,0,0,0,0,0,0,25.86,26.23,26.04,8.79,58.03
$GC,8876,-1.05,-146.6,2557,1948,3421,3370,695.1,-7.2,297,8880,0.00,2.12,0.00,0.000,516,0.000,0.037,2558,571,3395,3421,3370,0,0,0,0,0,0,26.65,25.99,26.65,8.79,58.03
$GC,8897,-1.05,-146.6,2557,571,3421,3370,695.1,-7.2,297,8901,0.00,2.05,0.00,0.000,1030,0.000,0.026,2551,1953,3395,3421,3370,0,0,0,0,0,0,26.25,26.17,26.27,8.79,58.23
$GC,9123,-1.05,-146.6,2550,1953,3421,3368,713.4,-7.5,303,9126,0.00,2.17,0.00,0.000,260,0.000,0.041,2541,3352,3394,3421,3368,0,0,0,0,0,0,26.65,26.00,26.65,8.79,58.26
$GC,9289,-1.05,-146.6,2540,3353,3420,3368,726.4,-7.9,307,9294,0.00,2.05,0.00,0.000,1030,0.000,0.023,2541,1957,3393,3420,3367,0,0,0,0,0,0,26.28,26.22,26.30,8.79,58.46
$GC,9488,-1.05,-146.6,2540,1957,3420,3367,743.0,-8.2,312,9492,0.00,2.12,0.00,0.000,516,0.000,0.037,2541,574,3394,3421,3367,0,0,0,0,0,0,26.65,25.97,26.65,8.78,58.58
$GC,9552,-1.05,-146.6,2540,574,3420,3367,746.7,-8.3,313,9559,0.10,2.05,0.00,0.000,3078,0.148,0.026,2561,1958,3393,3420,3367,0,0,0,0,0,0,25.87,26.17,25.98,8.78,58.26
$GC,9774,-1.05,-146.6,2560,1958,3420,3367,766.1,-7.9,319,9779,0.00,2.20,0.00,0.000,260,0.000,0.041,2553,3346,3394,3421,3367,0,0,0,0,0,0,26.65,25.98,26.65,8.77,58.62
$GC,9939,-1.05,-146.6,2553,3346,3419,3365,779.5,-8.1,323,9944,0.00,2.05,0.00,0.000,1030,0.000,0.023,2553,1954,3392,3419,3365,0,0,0,0,0,0,26.27,26.21,26.29,8.77,58.42
$GC,10143,-1.05,-146.6,2552,1954,3419,3365,794.9,-7.6,328,10148,0.00,2.15,0.00,0.000,516,0.000,0.038,2553,562,3392,3419,3365,0,0,0,0,0,0,26.65,25.96,26.65,8.77,58.74
$GC,10278,-1.05,-146.6,2553,562,3419,3365,804.7,-7.8,331,10282,0.00,2.08,0.00,0.000,1030,0.000,0.026,2544,1956,3392,3419,3365,0,0,0,0,0,0,26.23,26.15,26.26,8.77,59.17
$GC,10471,-1.05,-146.6,2543,1956,3418,3364,819.9,-7.5,336,10476,0.00,2.17,0.00,0.000,260,0.000,0.040,2534,3350,3391,3419,3364,0,0,0,0,0,0,26.65,25.97,26.65,8.76,58.97
$GC,10621,-1.05,-146.6,2533,3350,3418,3364,829.1,-7.4,339,10625,0.00,2.05,0.00,0.000,1030,0.000,0.024,2534,1954,3391,3418,3364,0,0,0,0,0,0,26.26,26.20,26.28,8.76,58.86
$GC,10841,-1.05,-146.6,2533,1954,3418,3364,846.4,-7.2,345,10844,0.00,2.15,0.00,0.000,516,0.000,0.038,2534,565,3391,3418,3364,0,0,0,0,0,0,26.65,25.95,26.65,8.76,59.05
$GC,10918,-1.05,-146.6,2533,565,3417,3363,849.7,-7.2,346,10927,0.12,2.08,0.00,0.000,3078,0.146,0.027,2562,1967,3390,3417,3363,0,0,0,0,0,0,25.77,26.14,25.89,8.76,58.50
$GC,11125,-1.05,-146.6,2562,1967,3417,3363,865.4,-6.4,352,11129,0.00,2.15,0.00,0.000,260,0.000,0.041,2555,3344,3390,3417,3363,0,0,0,0,0,0,26.64,25.95,26.65,8.75,58.86
$GC,11321,-1.05,-146.6,2554,3344,3416,3361,876.0,-6.4,356,11329,0.00,2.05,0.00,0.000,1030,0.000,0.024,2555,1951,3388,3416,3361,0,0,0,0,0,0,26.26,26.18,26.28,8.75,59.49
$GC,11528,-1.05,-146.6,2553,1951,3416,3361,892.1,-6.7,362,11532,0.00,2.15,0.00,0.000,516,0.000,0.038,2555,565,3388,3416,3361,0,0,0,0,0,0,26.65,25.92,26.65,8.75,59.05
$GC,11635,-1.05,-146.6,2554,565,3415,3361,898.1,-7.0,364,11639,0.00,2.08,0.00,0.000,1030,0.000,0.027,2546,1962,3388,3416,3361,0,0,0,0,0,0,26.21,26.13,26.24,8.75,58.89
$GC,11854,-1.05,-146.6,2545,1962,3415,3360,915.8,-7.4,370,11859,0.00,2.15,0.00,0.000,260,0.000,0.041,2536,3345,3387,3415,3360,0,0,0,0,0,0,26.64,25.94,26.65,8.74,59.25
$GC,12006,-1.05,-146.6,2535,3344,3415,3359,925.6,-7.7,373,12010,0.00,2.05,0.00,0.000,1030,0.000,0.024,2535,1956,3386,3414,3359,0,0,0,0,0,0,26.24,26.17,26.27,8.74,59.13
$GC,12220,-1.05,-146.6,2535,1955,3414,3359,944.8,-8.0,379,12224,0.00,2.15,0.00,0.000,516,0.000,0.038,2535,571,3387,3415,3359,0,0,0,0,0,0,26.64,25.91,26.65,8.74,59.29
$GC,12283,-1.05,-146.6,2535,571,3415,3359,948.5,-8.2,380,12289,0.12,2.08,0.00,0.000,3078,0.145,0.027,2564,1961,3387,3415,3359,0,0,0,0,0,0,25.74,26.11,25.86,8.73,58.97
$GC,12505,-1.10,-146.6,2564,1961,3414,3359,967.3,-7.7,386,12509,0.00,2.17,0.00,0.000,260,0.000,0.041,2556,3350,3386,3414,3358,0,0,0,0,0,0,26.64,25.91,26.65,8.73,59.21
$GC,12670,-1.10,-146.6,2556,3350,3414,3358,980.2,-7.9,390,12674,0.00,2.08,0.00,0.000,1030,0.000,0.024,2556,1946,3385,3414,3357,0,0,0,0,0,0,26.23,26.16,26.25,8.74,59.56
$STATE,12790,end dive,TARGET_DEPTH_EXCEEDED
$STATE,12790,begin apogee
$GC,12798,-0.33,0.0,2556,1844,3414,3357,990.3,-8.0,393,12939,0.70,0.00,137.02,1.353,10246,0.101,0.000,2791,1844,2805,2902,2708,0,0,0,0,0,0,25.46,24.22,22.94,8.73,60.04
$STATE,12940,end apogee,CONTROL_FINISHED_OK
$STATE,12940,begin climb
$GC,12943,0.90,146.6,2791,1844,2900,2706,995.2,0.0,396,13097,1.10,2.38,141.85,1.297,10500,0.060,0.038,3186,3248,2206,2293,2120,0,0,0,0,0,0,24.72,24.08,22.84,8.68,58.23
$GC,13201,0.79,166.6,3186,3248,2288,2119,976.2,9.1,403,13229,0.10,2.15,20.52,1.213,13318,0.132,0.026,3153,1863,2124,2214,2034,0,0,0,0,0,0,25.38,25.65,23.61,8.63,57.63
$GC,13441,0.87,196.4,3152,1863,2211,2032,955.4,8.6,409,13478,0.00,2.28,29.62,1.253,8708,0.000,0.041,3161,464,2002,2108,1897,0,0,0,0,0,0,26.30,24.53,23.70,8.62,58.62
$GC,13605,0.89,212.8,3160,464,2107,1897,940.1,9.3,413,13627,0.00,2.10,17.33,1.197,9222,0.000,0.025,3161,1857,1936,2052,1821,0,0,0,0,0,0,25.94,25.89,23.84,8.61,58.46
$GC,13842,0.97,221.1,3160,1857,2048,1818,917.5,9.6,419,13858,0.10,2.20,9.35,1.105,10500,0.078,0.039,3240,3243,1900,2021,1780,0,0,0,0,0,0,26.11,25.37,23.99,8.60,59.84
$GC,13965,0.97,221.1,3240,3243,2021,1780,901.7,12.2,422,13970,0.12,2.10,0.00,0.000,5126,0.147,0.027,3211,1858,1900,2021,1780,0,0,0,0,0,0,25.67,25.96,25.82,8.59,58.93
$GC,14162,0.97,221.1,3211,1858,2021,1780,879.6,11.2,427,14166,0.00,2.22,0.00,0.000,516,0.000,0.043,3220,449,1900,2021,1780,0,0,0,0,0,0,26.45,25.96,26.46,8.59,59.72
$GC,14288,0.97,221.1,3220,448,2021,1780,864.7,11.6,430,14293,0.00,2.15,0.00,0.000,1030,0.000,0.026,3220,1860,1900,2021,1780,0,0,0,0,0,0,26.18,26.15,26.21,8.59,60.04
$GC,14487,0.97,221.1,3220,1860,2021,1779,841.6,11.4,435,14491,0.00,2.15,0.00,0.000,260,0.000,0.040,3220,3255,1900,2021,1780,0,0,0,0,0,0,26.55,26.08,26.57,8.58,59.96
$GC,14539,0.97,221.1,3220,3255,2022,1779,836.1,11.7,436,14543,0.00,2.12,0.00,0.000,1030,0.000,0.027,3227,1850,1900,2021,1780,0,0,0,0,0,0,26.22,26.19,26.25,8.59,60.08
$GC,14733,0.97,221.1,3227,1850,2021,1779,811.9,12.0,441,14737,0.00,2.17,0.00,0.000,516,0.000,0.044,3238,463,1900,2021,1779,0,0,0,0,0,0,26.59,26.05,26.60,8.58,60.39
$GC,14835,0.97,221.1,3238,462,2021,1779,801.5,12.2,443,14839,0.00,2.12,0.00,0.000,1030,0.000,0.026,3238,1861,1900,2021,1779,0,0,0,0,0,0,26.25,26.22,26.27,8.58,60.51
$GC,15059,0.97,221.1,3238,1861,2021,1779,772.2,11.9,449,15063,0.00,2.22,0.00,0.000,516,0.000,0.044,3247,455,1900,2021,1779,0,0,0,0,0,0,26.61,26.04,26.63,8.58,60.43
$GC,15110,0.97,221.1,3247,453,2021,1779,766.9,11.9,450,15116,0.10,2.12,0.00,0.000,5126,0.135,0.027,3216,1853,1900,2021,1779,0,0,0,0,0,0,25.88,26.22,26.07,8.58,60.35
$GC,15305,0.97,221.1,3215,1853,2021,1778,744.2,11.0,455,15309,0.00,2.15,0.00,0.000,260,0.000,0.040,3216,3249,1899,2021,1778,0,0,0,0,0,0,26.63,26.09,26.63,8.57,60.55
$GC,15396,0.97,221.1,3215,3249,2021,1778,734.6,11.3,457,15401,0.00,2.08,0.00,0.000,1030,0.000,0.027,3223,1855,1899,2021,1778,0,0,0,0,0,0,26.28,26.20,26.30,8.57,60.04
$GC,15590,0.97,221.1,3222,1855,2021,1778,712.3,10.9,462,15594,0.00,2.20,0.00,0.000,516,0.000,0.044,3233,458,1899,2021,1778,0,0,0,0,0,0,26.63,26.02,26.63,8.57,60.47
$GC,15651,0.97,221.1,3232,458,2021,1778,707.6,10.9,463,15655,0.00,2.10,0.00,0.000,1030,0.000,0.026,3233,1864,1899,2021,1778,0,0,0,0,0,0,26.28,26.21,26.31,8.57,60.75
$GC,15874,0.97,221.1,3232,1864,2021,1778,680.7,11.1,469,15881,0.00,2.22,0.00,0.000,516,0.000,0.044,3243,455,1899,2021,1778,0,0,0,0,0,0,26.63,26.01,26.64,8.56,60.82
$GC,15928,0.97,221.1,3241,455,2021,1778,676.0,11.1,470,15934,0.10,2.10,0.00,0.000,5126,0.152,0.027,3213,1858,1899,2021,1778,0,0,0,0,0,0,25.90,26.20,26.02,8.57,60.47
$GC,16153,0.97,221.1,3212,1858,2020,1778,650.6,10.6,476,16157,0.00,2.15,0.00,0.000,260,0.000,0.040,3212,3250,1899,2021,1778,0,0,0,0,0,0,26.63,26.06,26.64,8.57,61.34
$GC,16259,0.97,221.1,3212,3250,2021,1778,641.4,10.9,478,16264,0.00,2.10,0.00,0.000,1030,0.000,0.027,3220,1847,1899,2020,1778,0,0,0,0,0,0,26.26,26.18,26.29,8.57,61.14
$GC,16478,0.97,221.1,3220,1847,2020,1778,615.1,10.8,484,16483,0.00,2.20,0.00,0.000,516,0.000,0.044,3227,455,1899,2020,1778,0,0,0,0,0,0,26.63,25.98,26.64,8.57,61.10
$GC,16515,0.97,221.1,3226,454,2020,1778,615.1,10.8,484,16522,0.00,2.10,0.00,0.000,1030,0.000,0.026,3226,1864,1899,2021,1778,0,0,0,0,0,0,26.27,26.19,26.29,8.57,60.39
$GC,16723,0.97,221.1,3226,1864,2021,1778,589.2,10.5,490,16728,0.00,2.17,0.00,0.000,260,0.000,0.040,3226,3250,1899,2020,1778,0,0,0,0,0,0,26.63,26.05,26.64,8.57,60.78
$GC,16831,0.97,221.1,3226,3250,2021,1778,579.6,10.8,492,16835,0.00,2.10,0.00,0.000,1030,0.000,0.027,3234,1851,1899,2021,1778,0,0,0,0,0,0,26.25,26.17,26.27,8.57,60.78
$GC,17051,0.97,221.1,3233,1851,2020,1778,554.0,10.5,498,17055,0.00,2.17,0.00,0.000,260,0.000,0.040,3234,3253,1899,2021,1778,0,0,0,0,0,0,26.63,26.03,26.64,8.57,60.86
$GC,17094,0.97,221.1,3233,3253,2021,1778,548.9,10.7,499,17098,0.00,2.10,0.00,0.000,1030,0.000,0.028,3234,1853,1899,2020,1778,0,0,0,0,0,0,26.23,26.15,26.26,8.56,61.41
$GC,17297,0.97,221.1,3233,1852,2020,1778,527.0,10.7,504,17301,0.00,2.20,0.00,0.000,516,0.000,0.045,3234,461,1899,2020,1778,0,0,0,0,0,0,26.63,25.93,26.64,8.56,60.98
$GC,17382,0.97,221.1,3233,461,2020,1778,518.0,10.8,506,17386,0.00,2.10,0.00,0.000,1030,0.000,0.027,3234,1860,1899,2020,1778,0,0,0,0,0,0,26.25,26.17,26.27,8.57,61.45
$GC,17587,0.97,221.1,3233,1859,2020,1778,496.0,10.6,511,17591,0.00,2.15,0.00,0.000,260,0.000,0.040,3234,3253,1898,2020,1777,0,0,0,0,0,0,26.63,26.01,26.64,8.57,60.59
$GC,17688,0.97,221.1,3234,3253,2020,1777,486.5,11.0,513,17692,0.00,2.10,0.00,0.000,1030,0.000,0.028,3234,1855,1898,2020,1777,0,0,0,0,0,0,26.22,26.15,26.25,8.57,60.59
$GC,17913,0.97,221.1,3233,1855,2020,1778,460.7,10.5,519,17917,0.00,2.20,0.00,0.000,516,0.000,0.044,3234,461,1898,2020,1777,0,0,0,0,0,0,26.63,25.91,26.64,8.57,60.75
$GC,17934,0.97,221.1,3233,461,2020,1778,460.7,10.5,519,17938,0.00,2.10,0.00,0.000,1030,0.000,0.026,3234,1861,1898,2020,1777,0,0,0,0,0,0,26.23,26.16,26.26,8.57,60.94
$GC,18158,0.97,221.1,3233,1861,2020,1778,434.7,10.6,525,18163,0.00,2.15,0.00,0.000,260,0.000,0.040,3234,3250,1899,2020,1778,0,0,0,0,0,0,26.63,25.98,26.64,8.57,61.34
$GC,18270,0.97,221.1,3233,3250,2020,1778,425.1,11.0,527,18274,0.00,2.12,0.00,0.000,1030,0.000,0.028,3234,1858,1899,2020,1778,0,0,0,0,0,0,26.17,26.14,26.20,8.57,60.59
$GC,18484,0.97,221.1,3233,1858,2020,1778,398.7,10.7,533,18489,0.00,2.25,0.00,0.000,516,0.000,0.044,3234,458,1899,2020,1778,0,0,0,0,0,0,26.63,25.90,26.64,8.58,60.51
$GC,18577,0.97,221.1,3233,458,2020,1778,389.5,10.9,535,18581,0.00,2.10,0.00,0.000,1030,0.000,0.027,3234,1860,1899,2020,1778,0,0,0,0,0,0,26.23,26.15,26.25,8.57,60.67
$GC,18771,0.97,221.1,3233,1860,2020,1778,368.1,10.6,540,18775,0.00,2.15,0.00,0.000,260,0.000,0.040,3234,3250,1899,2020,1778,0,0,0,0,0,0,26.63,25.98,26.64,8.58,60.19
$GC,18863,0.97,221.1,3233,3250,2021,1777,358.8,10.8,542,18867,0.00,2.10,0.00,0.000,1030,0.000,0.027,3234,1850,1899,2020,1778,0,0,0,0,0,0,26.21,26.13,26.24,8.58,60.35
$GC,19057,0.97,221.1,3233,1850,2021,1778,338.3,10.0,547,19061,0.00,2.20,0.00,0.000,516,0.000,0.044,3234,461,1899,2020,1778,0,0,0,0,0,0,26.63,25.89,26.64,8.59,60.43
$GC,19103,0.97,222.4,3233,461,2020,1778,333.9,9.9,548,19107,0.00,2.10,0.00,0.000,1030,0.000,0.026,3234,1863,1898,2020,1777,0,0,0,0,0,0,26.22,26.15,26.25,8.58,60.23
$GC,19302,0.97,222.4,3233,1863,2020,1778,313.5,10.1,553,19306,0.00,2.15,0.00,0.000,260,0.000,0.040,3234,3250,1898,2020,1777,0,0,0,0,0,0,26.63,25.96,26.64,8.59,60.27
$GC,19354,0.97,222.4,3233,3250,2020,1777,308.7,10.3,554,19358,0.00,2.10,0.00,0.000,1030,0.000,0.026,3234,1848,1898,2020,1777,0,0,0,0,0,0,26.20,26.13,26.23,8.59,60.31
$GC,19548,0.97,222.4,3233,1848,2020,1778,287.8,10.3,559,19549,0.00,0.00,0.00,0.000,6,0.000,0.000,3234,1848,1898,2020,1777,0,0,0,0,0,0,26.63,26.64,26.64,8.59,59.92
$GC,19747,0.97,222.4,3233,1848,2020,1778,267.8,10.0,564,19751,0.00,2.17,0.00,0.000,260,0.000,0.039,3234,3250,1899,2020,1778,0,0,0,0,0,0,26.63,25.96,26.64,8.59,60.31
$GC,19813,0.97,222.4,3233,3250,2020,1778,263.1,10.2,565,19818,0.00,2.12,0.00,0.000,1030,0.000,0.027,3234,1849,1899,2020,1778,0,0,0,0,0,0,26.15,26.12,26.18,8.59,59.96
$GC,20032,0.97,222.4,3233,1848,2020,1777,236.5,11.1,571,20036,0.00,2.20,0.00,0.000,516,0.000,0.044,3234,456,1899,2021,1778,0,0,0,0,0,0,26.63,25.86,26.64,8.60,59.52
$GC,20048,0.97,222.4,3233,455,2020,1777,236.5,11.1,571,20052,0.00,2.10,0.00,0.000,1030,0.000,0.025,3234,1868,1899,2020,1778,0,0,0,0,0,0,26.22,26.15,26.25,8.60,59.92
$GC,20236,0.97,222.4,3233,1867,2020,1778,214.6,10.7,576,20241,0.00,2.17,0.00,0.000,260,0.000,0.040,3234,3250,1899,2020,1778,0,0,0,0,0,0,26.63,25.96,26.64,8.60,60.00
$GC,20309,0.97,222.4,3233,3250,2020,1778,209.7,10.7,577,20313,0.00,2.10,0.00,0.000,1030,0.000,0.026,3234,1848,1898,2020,1777,0,0,0,0,0,0,26.20,26.12,26.22,8.60,59.60
$GC,20502,0.97,222.4,3233,1849,2020,1778,184.8,11.2,585,20506,0.00,2.17,0.00,0.000,516,0.000,0.043,3234,461,1898,2020,1777,0,0,0,0,0,0,26.63,25.86,26.64,8.60,59.41
$GC,20587,0.97,222.4,3234,461,2020,1778,175.4,11.2,589,20592,0.00,2.08,0.00,0.000,1030,0.000,0.025,3234,1854,1899,2020,1778,0,0,0,0,0,0,26.22,26.15,26.24,8.61,59.25
$GC,20786,0.98,232.8,3233,1853,2021,1777,155.5,9.5,599,20805,0.00,2.22,12.02,0.760,8708,0.000,0.041,3233,460,1854,1975,1734,0,0,0,0,0,0,26.63,24.66,23.97,8.61,59.56
$GC,20830,0.99,244.5,3233,460,1974,1734,151.3,9.5,601,20849,0.00,2.10,12.62,0.758,9222,0.000,0.026,3234,1858,1806,1935,1677,0,0,0,0,0,0,26.06,25.99,24.00,8.60,59.49
$GC,21030,1.03,282.4,3233,1858,1934,1677,134.1,8.3,611,21070,0.00,2.28,34.28,0.791,8452,0.000,0.039,3234,3256,1650,1794,1507,0,0,0,0,0,0,26.40,25.03,23.97,8.61,59.29
$GC,21210,1.05,305.0,3233,3256,1791,1505,119.8,9.0,619,21237,0.00,2.10,20.02,0.757,9222,0.000,0.025,3234,1855,1558,1709,1408,0,0,0,0,0,0,25.91,25.84,24.09,8.61,58.70
$GC,21418,1.15,340.8,3234,1855,1706,1407,100.0,8.4,630,21458,0.05,2.25,29.92,0.758,10756,0.142,0.042,3304,456,1413,1573,1253,0,0,0,0,0,0,26.09,25.09,24.09,8.62,59.49
$GC,21569,1.17,366.5,3304,456,1568,1252,87.2,8.8,637,21597,0.00,2.12,21.45,0.728,9222,0.000,0.025,3304,1865,1307,1471,1143,0,0,0,0,0,0,25.90,25.83,24.15,8.65,60.00
$GC,21787,1.20,391.2,3304,1865,1464,1140,67.2,8.9,648,21813,0.00,2.28,19.92,0.706,8708,0.000,0.041,3314,461,1210,1374,1046,0,0,0,0,0,0,26.30,25.26,24.29,8.70,60.98
$GC,21927,1.20,394.3,3314,461,1370,1045,53.9,9.9,655,21939,0.00,2.10,3.85,0.476,9222,0.000,0.024,3315,1855,1195,1357,1034,0,0,0,0,0,0,25.95,25.88,24.09,8.73,60.31
$GC,22132,1.20,395.9,3314,1855,1356,1034,33.1,9.9,673,22142,0.00,2.20,0.00,0.000,516,0.000,0.041,3324,454,1195,1356,1035,0,0,0,0,0,0,26.40,25.86,26.41,8.78,59.37
$GC,22200,1.21,401.1,3324,454,1356,1035,26.5,9.8,679,22210,0.12,2.08,4.55,0.488,13318,0.129,0.024,3282,1858,1169,1330,1008,0,0,0,0,0,0,25.77,26.06,24.25,8.80,57.95
$GC,22390,1.33,434.3,3282,1858,1327,1006,10.3,8.5,698,22420,0.08,0.00,24.40,0.556,10502,0.095,0.000,3367,1857,1030,1151,910,0,0,0,0,0,0,26.27,25.33,24.58,8.82,56.81
$STATE,22466,end climb,SURFACE_DEPTH_REACHED
$STATE,22466,begin surface coast
$FINISH,-0.6,1.022468
$STATE,22488,end surface coast,CONTROL_FINISHED_OK
$STATE,22488,begin surface
$SM_CCo,22569,0.00,0.000,0,0,1027,436.39
$SM_GC,0.22,8.18,0.10,0.00,0.028,0.090,0.000,174,1944,1027,-8.34,-1.75,436.39,0,0,0,0,0,0,26.03,26.05,26.06
$IRIDIUM_FIX,625.11,-14042.79,220225,064431
$TT8_MAMPS,0.026964,0.391727
$HUMID,53.85
$INTERNAL_PRESSURE,8.80045
$TCM_TEMP,18.70
$XPDR_PINGS,0
$ALTIM_TOP_PING,19.5,19.1
$24V_AH,22.84,59.581
$10V_AH,9.69,42.304
$FG_AHR_24Vo,0.000
$FG_AHR_10Vo,0.000
$DEVICES,Pitch_motor,Roll_motor,VBD_pump_during_apogee,VBD_pump_during_surface,VBD_valve,Iridium_during_init,Iridium_during_connect,Iridium_during_xfer,Transponder_ping,GUMSTIX_24V,GPS,TT8,LPSleep,TT8_Active,TT8_Sampling,TT8_CF8,TT8_Kalman,Analog_circuits,GPS_charging,Compass,RAFOS,Transponder,Compass2
$DEVICE_SECS,21.750,304.400,538.750,0.000,0.000,0.000,0.000,285.550,0.250,0.000,32.129,3389.102,14647.448,676.626,3764.887,519.730,0.000,2868.940,0.000,3269.816,0.000,2.763,0.000
$DEVICE_MAMPS,206.550,90.270,1352.520,0.000,0.000,0.000,0.000,90.270,420.000,0.000,30.710,15.210,2.190,15.210,43.670,53.410,0.000,14.000,0.000,8.240,0.000,30.000,0.000
$SENSORS,SBE_CT,WL_blue_red_Chl,AA4330,nil,nil,nil,nil,nil,nil,nil
$SENSOR_SECS,617.410,0.000,947.231,0.000,0.000,0.000,0.000,0.000,0.000,0.000
$SENSOR_MAMPS,22.470,0.000,11.230,0.000,0.000,0.000,0.000,0.000,0.000,0.000
$MEM,311868
$DATA_FILE_SIZE,52160,708
$CAP_FILE_SIZE,267209,0
$CFSIZE,2097872896,2045411328
$ERRORS,0,0,0,0,0,0,0,0,0,0,0,0,0,0,1,0
$CURRENT,0.107,98.45,1
$GPS,090705,193430,626.728,-14042.611,26,0.8,52,9.3,0.3,158.4,10,4.2
