version: 66.14
glider: 195
mission: 21
dive: 473
start: 8 7 105 15 43 28
data:
$ID,195
$MISSION,21
$DIVE,473
$N_DIVES,0
$STOP_T,0
$D_SURF,3
$D_FLARE,2
$D_TGT,990
$D_ABORT,1090
$D_NO_BLEED,50
$D_BOOST,3
$T_BOOST,0
$D_FINISH,0
$D_PITCH,0
$D_SAFE,0
$D_CALL,0
$SURFACE_URGENCY,0
$SURFACE_URGENCY_TRY,0
$SURFACE_URGENCY_FORCE,0
$T_DIVE,330
$T_MISSION,600
$T_ABORT,1440
$T_TURN,300
$T_TURN_SAMPINT,5
$T_NO_W,120
$T_LOITER,0
$T_SLOITER,60
$T_EPIRB,0
$USE_BATHY,0
$USE_ICE,0
$ICE_FREEZE_MARGIN,0.30000001
$D_OFFGRID,990
$T_WATCHDOG,10
$RELAUNCH,1
$APOGEE_PITCH,-8
$MAX_BUOY,150
$COURSE_BIAS,0
$GLIDE_SLOPE,30
$SPEED_FACTOR,1
$RHO,1.023
$MASS,54002
$MASS_COMP,0
$NAV_MODE,2
$FERRY_MAX,45
$KALMAN_USE,2
$HD_A,0.0038000001
$HD_B,0.0099999998
$HD_C,9.8500004e-06
$HEADING,-1
$ESCAPE_HEADING,0
$ESCAPE_HEADING_DELTA,10
$FIX_MISSING_TIMEOUT,0
$TGT_DEFAULT_LAT,4736
$TGT_DEFAULT_LON,-12225
$TGT_AUTO_DEFAULT,0
$SM_CC,565.6618
$N_FILEKB,4
$FILEMGR,0
$CALL_NDIVES,1
$COMM_SEQ,0
$PROTOCOL,9
$N_NOCOMM,1
$NOCOMM_ACTION,0
$N_NOSURFACE,0
$UPLOAD_DIVES_MAX,-1
$CALL_TRIES,5
$CALL_WAIT,60
$CAPUPLOAD,0
$CAPMAXSIZE,200000
$HEAPDBG,0
$T_GPS,15
$N_GPS,50840
$T_RSLEEP,2
$STROBE,0
$RAFOS_PEAK_OFFSET,1.5
$RAFOS_CORR_THRESH,60
$RAFOS_HIT_WINDOW,3600
$RAFOS_MMODEM,0
$PITCH_MIN,207
$PITCH_MAX,3915
$C_PITCH,2884
$PITCH_DBAND,0.1
$PITCH_CNV,0.003125763
$P_OVSHOOT,0.039999999
$P_OVSHOOT_WITHG,0.079999998
$PITCH_GAIN,19.15
$PITCH_TIMEOUT,17
$PITCH_AD_RATE,160
$PITCH_MAXERRORS,1
$PITCH_ADJ_GAIN,0.02
$PITCH_ADJ_DBAND,2.5
$ROLL_MIN,224
$ROLL_MAX,3758
$ROLL_DEG,40
$C_ROLL_DIVE,2153
$C_ROLL_CLIMB,1895
$HEAD_ERRBAND,10
$ROLL_CNV,0.028270001
$ROLL_TIMEOUT,15
$R_PORT_OVSHOOT,53
$R_STBD_OVSHOOT,55
$ROLL_AD_RATE,350
$ROLL_MAXERRORS,2
$ROLL_ADJ_GAIN,0
$ROLL_ADJ_DBAND,0
$VBD_MIN,500
$VBD_MAX,3960
$C_VBD,2806
$VBD_DBAND,2
$VBD_CNV,-0.24529999
$VBD_LP_IGNORE,0
$VBD_TIMEOUT,720
$PITCH_VBD_SHIFT,0.001
$VBD_PUMP_AD_RATE_SURFACE,5
$VBD_PUMP_AD_RATE_APOGEE,4
$VBD_BLEED_AD_RATE,8
$UNCOM_BLEED,60
$VBD_MAXERRORS,1
$W_ADJ_DBAND,0
$DBDW,0
$PITCH_W_GAIN,0
$PITCH_W_DBAND,0
$CF8_MAXERRORS,5
$AH0_24V,150
$AH0_10V,97
$MINV_24V,19
$MINV_10V,8
$MAXI_24V,0.80000001
$MAXI_10V,0.60000002
$FG_AHR_10V,0
$FG_AHR_24V,0
$PHONE_SUPPLY,-2
$PRESSURE_YINT,-49.397121
$PRESSURE_SLOPE,0.0001168043
$AD7714Ch0Gain,128
$TCM_PITCH_OFFSET,0
$TCM_ROLL_OFFSET,0
$COMPASS_USE,4
$ALTIM_BOTTOM_PING_RANGE,0
$ALTIM_TOP_PING_RANGE,20
$ALTIM_BOTTOM_TURN_MARGIN,0
$ALTIM_TOP_TURN_MARGIN,0
$ALTIM_TOP_MIN_OBSTACLE,1
$ALTIM_PING_DEPTH,0
$ALTIM_PING_DELTA,0
$ALTIM_FREQUENCY,13
$ALTIM_PULSE,3
$ALTIM_SENSITIVITY,3
$XPDR_VALID,5
$XPDR_INHIBIT,90
$INT_PRESSURE_SLOPE,0.0097660003
$INT_PRESSURE_YINT,-0.77999997
$DEEPGLIDER,0
$MOTHERBOARD,4
$DEVICE1,2
$DEVICE2,115
$DEVICE3,101
$DEVICE4,-1
$DEVICE5,-1
$DEVICE6,-1
$LOGGERS,0
$LOGGERDEVICE1,-1
$LOGGERDEVICE2,-1
$LOGGERDEVICE3,-1
$LOGGERDEVICE4,-1
$COMPASS_DEVICE,33
$COMPASS2_DEVICE,-1
$PHONE_DEVICE,49
$GPS_DEVICE,32
$RAFOS_DEVICE,-1
$XPDR_DEVICE,24
$SIM_W,0
$SIM_PITCH,0
$SEABIRD_T_G,0.0044178674
$SEABIRD_T_H,0.00064818078
$SEABIRD_T_I,2.6779007e-05
$SEABIRD_T_J,3.3667231e-06
$SEABIRD_C_G,-10.098215
$SEABIRD_C_H,1.1454017
$SEABIRD_C_I,-0.0021276253
$SEABIRD_C_J,0.00025532115
$SEABIRD_C_Z,2974.52
$GPS1,070805,153340,804.3012,-14048.8135,45,0.9,57,9.3,0.7,3.7,10,4.0
$_CALLS,2
$_XMS_NAKs,0
$_XMS_TOUTs,0
$_SM_DEPTHo,0.07
$_SM_ANGLEo,-54.9
$GPS2,070805,154246,804.3199,-14048.8076,8,0.9,20,9.3,0.0,67.8,9,4.7
$SPEED_LIMITS,0.173,0.262
$TGT_NAME,TX2
$TGT_LATLONG,1145.000,-14800.000
$TGT_RADIUS,10000.000
$KALMAN_CONTROL,0.000000,0.000000
$KALMAN_X,0.000000,0.000000,0.000000,0.000000,0.000000
$KALMAN_Y,0.000000,0.000000,0.000000,0.000000,0.000000
$MHEAD_RNG_PITCHd_Wd,261.9,882213,-18.1,-10.000,-20.93,2235
$D_GRID,990
$GCHEAD,st_secs,pitch_ctl,vbd_ctl,pitch_ad_start,roll_ad_start,vbd_pot1_ad_start,vbd_pot2_ad_start,depth,ob_vertv,data_pts,end_secs,pitch_secs,roll_secs,vbd_secs,vbd_i,gcphase,pitch_i,roll_i,pitch_ad,roll_ad,vbd_ad,vbd_pot1_ad,vbd_pot2_ad,pitch_retries,pitch_errors,roll_retries,roll_errors,vbd_retries,vbd_errors,pitch_volts,roll_volts,vbd_volts,int_press,humidity
$STATE,6,end surface,CONTROL_FINISHED_OK
$STATE,6,begin dive
$GC,75,-1.09,-146.6,150,2142,544,459,0.2,-0.1,6,163,0.00,0.00,-85.72,0.000,16386,0.000,0.000,144,2142,2763,2783,2744,0,0,0,0,0,0,26.37,28.83,26.38,8.78,52.67
$GC,167,-1.09,-146.6,144,2143,2785,2744,2.6,-4.7,15,197,9.20,2.28,-14.25,0.000,18692,0.202,0.053,2515,3549,3406,3424,3388,0,0,0,0,0,0,24.84,23.80,25.02,9.02,52.48
$GC,291,-0.96,-146.6,2515,3550,3426,3388,22.4,-14.6,27,301,0.20,2.05,0.00,0.000,3078,0.136,0.020,2576,2124,3407,3427,3388,0,0,0,0,0,0,25.56,26.09,25.72,9.08,52.28
$GC,481,-0.96,-146.6,2575,2125,3429,3389,47.1,-13.1,46,486,0.00,2.25,0.00,0.000,260,0.000,0.041,2568,3541,3408,3429,3388,0,0,0,0,0,0,26.51,25.91,26.52,9.10,52.71
$GC,548,-0.96,-146.6,2567,3541,3429,3388,55.6,-13.3,50,552,0.00,2.00,0.00,0.000,1030,0.000,0.019,2568,2142,3408,3429,3388,0,0,0,0,0,0,26.22,26.17,26.25,9.11,53.07
$GC,747,-0.96,-146.6,2567,2142,3430,3388,77.7,-8.7,60,751,0.00,2.20,0.00,0.000,260,0.000,0.041,2557,3534,3409,3430,3388,0,0,0,0,0,0,26.55,25.96,26.56,9.12,52.95
$GC,895,-0.91,-146.6,2557,3534,3431,3388,87.9,-7.2,67,901,0.10,1.98,0.00,0.000,3078,0.142,0.019,2588,2136,3409,3431,3388,0,0,0,0,0,0,25.90,26.22,26.00,9.11,52.87
$GC,1096,-0.91,-146.6,2587,2136,3433,3388,105.3,-8.7,77,1101,0.00,2.17,0.00,0.000,260,0.000,0.041,2580,3544,3410,3433,3388,0,0,0,0,0,0,26.57,25.96,26.58,9.11,52.32
$GC,1341,-0.91,-146.6,2579,3544,3435,3388,122.4,-6.6,89,1346,0.00,1.98,0.00,0.000,1030,0.000,0.019,2580,2155,3411,3435,3388,0,0,0,0,0,0,26.28,26.23,26.30,9.08,51.92
$GC,1546,-0.91,-146.6,2579,2155,3436,3388,133.7,-5.4,99,1550,0.00,2.05,0.00,0.000,516,0.000,0.029,2580,777,3412,3436,3388,0,0,0,0,0,0,26.58,26.08,26.59,9.06,52.08
$GC,1720,-0.91,-146.6,2579,777,3438,3388,143.8,-6.3,107,1724,0.00,2.00,0.00,0.000,1030,0.000,0.024,2571,2153,3413,3438,3388,0,0,0,0,0,0,26.22,26.15,26.25,9.04,52.55
$GC,1913,-0.91,-146.6,2570,2153,3437,3388,158.6,-7.7,117,1918,0.00,2.10,0.00,0.000,516,0.000,0.029,2570,775,3413,3438,3388,0,0,0,0,0,0,26.58,26.09,26.60,9.03,52.32
$GC,1971,-0.91,-146.6,2570,775,3438,3388,161.9,-7.5,119,1978,0.00,2.00,0.00,0.000,1030,0.000,0.024,2561,2152,3413,3438,3388,0,0,0,0,0,0,26.22,26.15,26.25,9.03,52.28
$GC,2157,-0.91,-146.6,2560,2152,3438,3388,177.2,-7.9,129,2161,0.00,2.05,0.00,0.000,516,0.000,0.029,2561,778,3413,3438,3388,0,0,0,0,0,0,26.59,26.08,26.60,9.01,52.59
$GC,2254,-0.91,-146.6,2560,778,3438,3388,184.6,-8.7,133,2262,0.12,2.00,0.00,0.000,3078,0.138,0.024,2591,2153,3413,3438,3388,0,0,0,0,0,0,25.83,26.15,25.96,9.01,52.87
$GC,2441,-0.91,-146.6,2590,2153,3438,3388,199.3,-6.7,143,2446,0.00,2.05,0.00,0.000,516,0.000,0.030,2591,781,3413,3438,3388,0,0,0,0,0,0,26.59,26.08,26.60,8.99,53.46
$GC,2538,-0.91,-146.6,2590,781,3438,3388,204.7,-6.3,146,2543,0.00,2.05,0.00,0.000,1030,0.000,0.024,2585,2155,3413,3438,3388,0,0,0,0,0,0,26.18,26.15,26.21,8.99,53.89
$GC,2727,-0.91,-146.6,2584,2154,3438,3388,216.8,-5.9,151,2732,0.00,2.05,0.00,0.000,516,0.000,0.029,2585,782,3413,3438,3388,0,0,0,0,0,0,26.59,26.08,26.60,8.98,54.92
$GC,2825,-0.91,-146.6,2584,782,3438,3388,222.6,-6.4,153,2829,0.00,2.03,0.00,0.000,1030,0.000,0.024,2576,2161,3413,3438,3388,0,0,0,0,0,0,26.22,26.15,26.25,8.97,54.68
$GC,3014,-0.91,-146.6,2576,2162,3438,3387,237.2,-7.4,158,3019,0.00,2.08,0.00,0.000,516,0.000,0.029,2576,779,3413,3438,3388,0,0,0,0,0,0,26.59,26.08,26.60,8.96,55.55
$GC,3081,-0.91,-146.6,2576,779,3438,3388,240.7,-7.6,159,3086,0.00,2.08,0.00,0.000,1030,0.000,0.024,2567,2159,3413,3438,3388,0,0,0,0,0,0,26.17,26.15,26.20,8.96,54.88
$GC,3301,-0.91,-146.6,2567,2160,3437,3388,260.6,-8.3,165,3305,0.00,2.08,0.00,0.000,516,0.000,0.030,2567,780,3412,3437,3388,0,0,0,0,0,0,26.59,26.07,26.60,8.95,56.06
$GC,3393,-0.91,-146.6,2567,781,3437,3388,267.9,-8.6,167,3401,0.10,2.03,0.00,0.000,3078,0.142,0.024,2590,2163,3412,3437,3388,0,0,0,0,0,0,25.88,26.14,25.99,8.94,55.47
$GC,3587,-0.98,-146.6,2589,2162,3437,3386,283.6,-7.7,172,3591,0.00,2.08,0.00,0.000,516,0.000,0.030,2590,784,3411,3437,3386,0,0,0,0,0,0,26.59,26.06,26.60,8.93,56.06
$GC,3691,-1.05,-146.6,2589,784,3437,3386,290.1,-7.8,174,3696,0.05,2.05,0.00,0.000,5126,0.075,0.025,2516,2150,3411,3436,3386,0,0,0,0,0,0,26.03,26.14,26.08,8.92,55.74
$GC,3915,-1.05,-146.6,2515,2150,3436,3384,311.0,-8.6,180,3920,0.10,2.08,0.00,0.000,2564,0.149,0.031,2546,778,3410,3436,3384,0,0,0,0,0,0,26.11,26.06,26.17,8.92,56.97
$GC,4008,-1.05,-146.6,2545,774,3436,3384,318.5,-8.8,182,4013,0.00,2.03,0.00,0.000,1030,0.000,0.025,2540,2154,3410,3436,3384,0,0,0,0,0,0,26.21,26.13,26.24,8.92,56.45
$GC,4203,-1.05,-146.6,2539,2154,3436,3383,336.4,-8.8,187,4207,0.00,2.08,0.00,0.000,516,0.000,0.031,2539,778,3409,3435,3383,0,0,0,0,0,0,26.59,26.06,26.60,8.91,56.45
$GC,4280,-1.05,-146.6,2539,778,3435,3382,340.3,-8.8,188,4287,0.00,2.03,0.00,0.000,1030,0.000,0.025,2530,2156,3408,3434,3383,0,0,0,0,0,0,26.21,26.13,26.23,8.91,56.69
$GC,4486,-1.05,-146.6,2529,2156,3434,3382,360.8,-8.4,194,4490,0.00,2.08,0.00,0.000,516,0.000,0.031,2530,779,3408,3434,3382,0,0,0,0,0,0,26.59,26.06,26.60,8.90,57.20
$GC,4583,-1.05,-146.6,2530,779,3433,3382,367.8,-8.3,196,4587,0.00,2.03,0.00,0.000,1030,0.000,0.025,2522,2154,3408,3434,3382,0,0,0,0,0,0,26.21,26.13,26.24,8.90,57.16
$GC,4771,-1.05,-146.6,2521,2154,3433,3381,384.7,-8.3,201,4775,0.00,2.08,0.00,0.000,516,0.000,0.031,2522,782,3407,3433,3381,0,0,0,0,0,0,26.60,26.05,26.60,8.89,57.48
$GC,4873,-1.05,-146.6,2521,782,3433,3381,392.0,-8.5,203,4880,0.10,2.03,0.00,0.000,3078,0.150,0.026,2543,2153,3406,3432,3381,0,0,0,0,0,0,25.84,26.12,25.96,8.89,57.40
$GC,5095,-1.05,-146.6,2542,2153,3431,3380,412.1,-8.4,209,5100,0.00,2.08,0.00,0.000,516,0.000,0.031,2543,782,3406,3432,3380,0,0,0,0,0,0,26.59,26.05,26.60,8.89,58.42
$GC,5250,-1.05,-146.6,2542,782,3431,3380,423.2,-8.8,212,5254,0.00,2.03,0.00,0.000,1030,0.000,0.026,2537,2155,3405,3431,3380,0,0,0,0,0,0,26.20,26.12,26.22,8.88,58.03
$GC,5464,-1.05,-146.6,2537,2154,3430,3378,444.9,-8.9,218,5468,0.00,2.08,0.00,0.000,516,0.000,0.031,2537,785,3404,3431,3378,0,0,0,0,0,0,26.60,26.04,26.60,8.88,58.62
$GC,5571,-1.05,-146.6,2537,785,3431,3378,452.7,-9.1,220,5575,0.00,2.03,0.00,0.000,1030,0.000,0.026,2528,2154,3405,3431,3379,0,0,0,0,0,0,26.20,26.12,26.22,8.87,57.75
$GC,5791,-1.05,-146.6,2527,2154,3430,3377,474.4,-8.8,226,5795,0.00,2.08,0.00,0.000,516,0.000,0.031,2528,782,3403,3430,3377,0,0,0,0,0,0,26.60,26.03,26.60,8.86,58.19
$GC,5918,-1.05,-146.6,2528,782,3430,3377,486.2,-9.2,229,5922,0.00,2.08,0.00,0.000,1030,0.000,0.027,2519,2154,3403,3429,3377,0,0,0,0,0,0,26.15,26.11,26.17,8.86,58.07
$GC,6122,-1.05,-146.6,2518,2154,3429,3376,504.8,-9.0,234,6126,0.00,2.12,0.00,0.000,516,0.000,0.032,2519,780,3402,3429,3376,0,0,0,0,0,0,26.59,26.03,26.60,8.85,58.70
$GC,6206,-1.05,-146.6,2518,780,3429,3376,512.7,-9.2,236,6213,0.12,2.05,0.00,0.000,3078,0.142,0.027,2549,2158,3402,3428,3376,0,0,0,0,0,0,25.77,26.10,25.90,8.86,58.46
$GC,6407,-1.05,-146.6,2549,2158,3427,3375,529.8,-8.5,241,6412,0.00,2.10,0.00,0.000,516,0.000,0.032,2548,774,3401,3427,3375,0,0,0,0,0,0,26.59,26.02,26.60,8.85,58.46
$GC,6493,-1.05,-146.6,2548,774,3427,3375,536.9,-8.4,243,6497,0.00,2.05,0.00,0.000,1030,0.000,0.027,2542,2154,3401,3427,3375,0,0,0,0,0,0,26.18,26.10,26.21,8.85,58.50
$GC,6692,-1.05,-146.6,2542,2154,3427,3374,553.9,-8.3,248,6696,0.00,2.10,0.00,0.000,516,0.000,0.032,2542,777,3400,3426,3374,0,0,0,0,0,0,26.59,26.01,26.60,8.84,58.82
$GC,6784,-1.05,-146.6,2541,778,3427,3374,561.1,-8.4,250,6789,0.00,2.05,0.00,0.000,1030,0.000,0.027,2534,2158,3400,3426,3374,0,0,0,0,0,0,26.18,26.10,26.21,8.84,58.50
$GC,6978,-1.05,-146.6,2533,2158,3425,3373,578.7,-8.7,255,6982,0.00,2.10,0.00,0.000,516,0.000,0.032,2534,776,3399,3425,3373,0,0,0,0,0,0,26.60,26.01,26.60,8.84,58.97
$GC,7040,-1.05,-146.6,2533,776,3425,3373,582.5,-8.8,256,7044,0.00,2.05,0.00,0.000,1030,0.000,0.027,2525,2156,3399,3425,3373,0,0,0,0,0,0,26.17,26.10,26.20,8.84,59.13
$GC,7263,-1.05,-146.6,2524,2155,3424,3372,604.3,-9.0,262,7267,0.00,2.10,0.00,0.000,516,0.000,0.032,2525,778,3397,3423,3372,0,0,0,0,0,0,26.60,26.01,26.60,8.83,59.01
$GC,7355,-1.05,-146.6,2524,778,3423,3372,612.1,-9.1,264,7362,0.10,2.05,0.00,0.000,3078,0.147,0.027,2546,2155,3397,3423,3372,0,0,0,0,0,0,25.82,26.10,25.94,8.83,59.52
$GC,7547,-1.05,-146.6,2545,2155,3423,3371,628.7,-8.2,269,7551,0.00,2.10,0.00,0.000,516,0.000,0.032,2546,778,3397,3423,3371,0,0,0,0,0,0,26.59,26.00,26.60,8.82,59.29
$GC,7619,-1.05,-146.6,2546,779,3423,3371,632.3,-8.2,270,7624,0.00,2.08,0.00,0.000,1030,0.000,0.028,2540,2149,3397,3423,3371,0,0,0,0,0,0,26.13,26.10,26.15,8.82,59.25
$GC,7833,-1.05,-146.6,2540,2149,3422,3369,651.1,-7.7,276,7838,0.00,2.20,0.00,0.000,260,0.000,0.043,2530,3550,3396,3422,3370,0,0,0,0,0,0,26.60,25.90,26.60,8.82,59.13
$GC,7878,-1.05,-146.6,2530,3550,3421,3370,654.5,-7.5,277,7883,0.00,2.03,0.00,0.000,1030,0.000,0.022,2530,2159,3395,3421,3370,0,0,0,0,0,0,26.25,26.19,26.27,8.81,59.72
$GC,8082,-1.05,-146.6,2529,2159,3421,3369,669.1,-7.1,282,8087,0.00,2.20,0.00,0.000,260,0.000,0.043,2520,3555,3395,3421,3369,0,0,0,0,0,0,26.59,25.90,26.60,8.81,59.33
$GC,8239,-1.05,-146.6,2520,3555,3421,3368,678.1,-7.2,285,8247,0.00,2.03,0.00,0.000,1030,0.000,0.022,2520,2155,3394,3421,3368,0,0,0,0,0,0,26.24,26.18,26.26,8.80,59.72
$GC,8447,-1.05,-146.6,2520,2155,3421,3367,695.7,-7.4,291,8451,0.00,2.10,0.00,0.000,516,0.000,0.034,2520,778,3394,3421,3368,0,0,0,0,0,0,26.60,25.98,26.60,8.80,60.00
$GC,8614,-1.05,-146.6,2520,778,3420,3367,708.8,-7.9,295,8619,0.10,2.05,0.00,0.000,3078,0.149,0.028,2542,2154,3393,3420,3367,0,0,0,0,0,0,25.79,26.07,25.91,8.80,59.80
$GC,8809,-1.05,-146.6,2541,2154,3420,3366,723.6,-7.4,300,8814,0.00,2.10,0.00,0.000,516,0.000,0.033,2542,779,3393,3420,3366,0,0,0,0,0,0,26.60,25.98,26.60,8.79,59.45
$GC,8907,-1.05,-146.6,2541,779,3420,3367,730.2,-7.6,302,8911,0.00,2.05,0.00,0.000,1030,0.000,0.028,2536,2156,3393,3420,3367,0,0,0,0,0,0,26.15,26.07,26.18,8.79,59.52
$GC,9097,-1.05,-146.6,2535,2155,3419,3366,746.0,-7.9,307,9102,0.00,2.12,0.00,0.000,516,0.000,0.034,2536,770,3392,3419,3365,0,0,0,0,0,0,26.59,25.97,26.60,8.79,60.19
$GC,9165,-1.05,-146.6,2535,770,3420,3366,749.8,-7.9,308,9169,0.00,2.08,0.00,0.000,1030,0.000,0.028,2527,2160,3392,3419,3366,0,0,0,0,0,0,26.15,26.07,26.17,8.79,59.64
$GC,9384,-1.05,-146.6,2527,2160,3419,3365,769.6,-8.2,314,9388,0.00,2.12,0.00,0.000,516,0.000,0.033,2527,771,3392,3419,3365,0,0,0,0,0,0,26.59,25.96,26.60,8.79,60.23
$GC,9458,-1.05,-146.6,2527,771,3419,3365,773.3,-8.3,315,9462,0.00,2.08,0.00,0.000,1030,0.000,0.028,2518,2157,3391,3419,3364,0,0,0,0,0,0,26.14,26.06,26.17,8.78,60.19
$GC,9672,-1.05,-146.6,2518,2157,3418,3364,794.0,-8.5,321,9676,0.00,2.12,0.00,0.000,516,0.000,0.034,2518,773,3391,3418,3364,0,0,0,0,0,0,26.59,25.96,26.60,8.78,60.59
$GC,9718,-1.05,-146.6,2517,773,3418,3364,797.6,-8.4,322,9723,0.12,2.08,0.00,0.000,3078,0.139,0.028,2547,2160,3391,3418,3364,0,0,0,0,0,0,25.72,26.06,25.85,8.77,60.51
$GC,9913,-1.10,-146.6,2547,2160,3418,3364,813.2,-7.9,327,9917,0.00,2.12,0.00,0.000,516,0.000,0.034,2547,774,3391,3418,3364,0,0,0,0,0,0,26.59,25.96,26.60,8.77,60.71
$GC,9998,-1.10,-146.6,2547,774,3418,3364,820.1,-8.0,329,10002,0.00,2.08,0.00,0.000,1030,0.000,0.028,2541,2156,3390,3418,3363,0,0,0,0,0,0,26.13,26.05,26.16,8.77,60.86
$GC,10202,-1.10,-146.6,2541,2156,3417,3363,836.5,-8.0,334,10206,0.00,2.12,0.00,0.000,516,0.000,0.034,2541,771,3390,3417,3363,0,0,0,0,0,0,26.59,25.95,26.60,8.77,60.63
$GC,10305,-1.10,-146.6,2540,771,3417,3363,843.4,-8.1,336,10309,0.00,2.08,0.00,0.000,1030,0.000,0.028,2532,2155,3390,3417,3363,0,0,0,0,0,0,26.13,26.04,26.15,8.77,60.90
$GC,10530,-1.10,-146.6,2531,2154,3416,3362,864.4,-8.7,342,10534,0.00,2.12,0.00,0.000,516,0.000,0.034,2532,776,3389,3416,3362,0,0,0,0,0,0,26.59,25.94,26.60,8.76,61.06
$GC,10614,-1.10,-146.6,2531,776,3416,3361,872.0,-9.0,344,10618,0.00,2.10,0.00,0.000,1030,0.000,0.028,2524,2148,3389,3416,3362,0,0,0,0,0,0,26.07,26.03,26.10,8.76,60.71
$GC,10818,-1.10,-146.6,2524,2148,3416,3361,890.4,-9.1,349,10822,0.00,2.15,0.00,0.000,516,0.000,0.034,2525,776,3388,3416,3361,0,0,0,0,0,0,26.59,25.93,26.60,8.76,60.94
$GC,10885,-1.10,-146.6,2524,776,3416,3361,894.7,-9.3,350,10889,0.00,2.08,0.00,0.000,1030,0.000,0.028,2515,2155,3388,3416,3361,0,0,0,0,0,0,26.12,26.03,26.15,8.76,60.94
$GC,11105,-1.10,-146.6,2515,2155,3415,3361,916.9,-9.1,356,11109,0.00,2.12,0.00,0.000,516,0.000,0.034,2515,773,3388,3415,3361,0,0,0,0,0,0,26.59,25.92,26.60,8.76,61.85
$GC,11182,-1.10,-146.6,2514,773,3415,3360,921.1,-9.1,357,11189,0.00,2.08,0.00,0.000,1030,0.000,0.028,2505,2156,3387,3415,3360,0,0,0,0,0,0,26.11,26.03,26.14,8.75,61.10
$GC,11390,-1.10,-146.6,2504,2156,3415,3360,942.4,-8.9,363,11395,0.00,2.12,0.00,0.000,516,0.000,0.034,2505,778,3387,3414,3360,0,0,0,0,0,0,26.59,25.92,26.60,8.75,61.02
$GC,11492,-1.10,-146.6,2504,778,3414,3360,950.0,-8.8,365,11498,0.10,2.08,0.00,0.000,3078,0.151,0.029,2526,2160,3387,3414,3360,0,0,0,0,0,0,25.73,26.02,25.84,8.75,61.65
$GC,11718,-1.10,-146.6,2525,2159,3414,3359,969.4,-7.8,371,11722,0.00,2.15,0.00,0.000,516,0.000,0.034,2526,770,3386,3414,3359,0,0,0,0,0,0,26.59,25.91,26.60,8.75,61.34
$GC,11825,-1.10,-146.6,2525,770,3414,3359,976.0,-7.8,373,11829,0.00,2.08,0.00,0.000,1030,0.000,0.029,2520,2152,3386,3414,3359,0,0,0,0,0,0,26.10,26.01,26.13,8.74,61.34
$STATE,12001,end dive,TARGET_DEPTH_EXCEEDED
$STATE,12001,begin apogee
$GC,12009,-0.42,0.0,2519,1895,3413,3359,991.3,-7.5,378,12144,0.68,0.00,131.52,1.336,10246,0.103,0.000,2744,1895,2804,2903,2705,0,0,0,0,0,0,25.39,24.18,22.84,8.75,61.61
$STATE,12145,end apogee,CONTROL_FINISHED_OK
$STATE,12145,begin climb
$GC,12148,1.09,146.6,2744,1894,2901,2705,996.2,0.0,381,12303,1.42,2.33,141.68,1.296,10756,0.065,0.040,3249,528,2205,2290,2120,0,0,0,0,0,0,24.82,24.25,22.94,8.70,59.49
$GC,12315,1.09,146.6,3249,528,2289,2121,989.9,5.6,385,12320,0.00,2.15,0.00,0.000,1030,0.000,0.026,3249,1901,2205,2290,2120,0,0,0,0,0,0,25.22,25.16,25.25,8.64,58.42
$GC,12524,0.99,146.6,3249,1901,2290,2120,966.2,10.0,390,12526,0.15,0.00,0.00,0.000,4102,0.138,0.000,3204,1900,2205,2290,2121,0,0,0,0,0,0,25.70,25.89,25.82,8.64,60.19
$GC,12723,1.01,169.1,3203,1900,2290,2120,948.4,9.0,395,12754,0.00,2.28,22.62,1.240,8708,0.000,0.040,3212,520,2112,2202,2023,0,0,0,0,0,0,26.44,25.21,23.60,8.63,61.14
$GC,12766,1.03,192.4,3212,520,2203,2023,944.7,8.9,396,12796,0.00,2.12,24.65,1.235,9222,0.000,0.026,3212,1903,2020,2122,1918,0,0,0,0,0,0,25.70,25.63,23.37,8.62,60.90
$GC,13000,1.05,206.6,3212,1902,2122,1917,922.6,9.4,401,13021,0.00,2.20,15.23,1.186,8452,0.000,0.039,3212,3285,1960,2070,1851,0,0,0,0,0,0,26.29,24.53,23.66,8.61,61.18
$GC,13120,1.06,218.4,3212,3285,2069,1851,911.4,9.5,404,13138,0.00,2.08,13.02,1.164,9222,0.000,0.026,3222,1914,1914,2032,1797,0,0,0,0,0,0,25.93,25.86,23.66,8.61,60.90
$GC,13353,1.08,239.3,3221,1914,2030,1794,889.7,9.0,410,13380,0.00,2.20,21.70,1.226,8452,0.000,0.039,3222,3286,1826,1956,1697,0,0,0,0,0,0,26.34,24.50,23.62,8.61,61.02
$GC,13430,1.10,260.0,3221,3286,1956,1697,882.7,9.1,412,13456,0.00,2.15,21.17,1.210,9222,0.000,0.025,3230,1899,1744,1886,1603,0,0,0,0,0,0,25.76,25.72,23.51,8.60,61.38
$GC,13666,1.12,274.7,3230,1899,1884,1602,860.5,9.3,418,13687,0.00,2.25,15.02,1.167,8452,0.000,0.041,3231,3283,1683,1830,1536,0,0,0,0,0,0,26.31,25.10,23.70,8.58,61.53
$GC,13730,1.13,287.6,3230,3283,1830,1535,856.7,9.4,419,13749,0.00,2.15,13.52,1.145,9222,0.000,0.027,3240,1895,1630,1783,1478,0,0,0,0,0,0,25.80,25.77,23.64,8.58,60.94
$GC,13949,1.13,288.0,3239,1895,1782,1477,832.3,10.0,425,13950,0.00,0.00,0.00,0.000,6,0.000,0.000,3239,1895,1629,1782,1477,0,0,0,0,0,0,26.32,26.32,26.32,8.57,61.41
$GC,14149,1.13,288.0,3239,1895,1782,1477,812.0,10.2,430,14153,0.00,2.22,0.00,0.000,260,0.000,0.041,3239,3287,1629,1782,1477,0,0,0,0,0,0,26.45,25.95,26.46,8.57,61.85
$GC,14252,1.13,288.0,3239,3287,1782,1477,802.8,10.6,432,14256,0.00,2.10,0.00,0.000,1030,0.000,0.026,3249,1890,1629,1782,1477,0,0,0,0,0,0,26.16,26.09,26.19,8.56,61.57
$GC,14477,1.13,288.0,3248,1890,1782,1477,776.2,11.1,438,14481,0.00,2.17,0.00,0.000,516,0.000,0.042,3259,503,1629,1782,1477,0,0,0,0,0,0,26.53,25.96,26.54,8.56,62.75
$GC,14588,1.13,288.0,3259,503,1782,1477,766.5,11.3,440,14593,0.00,2.10,0.00,0.000,1030,0.000,0.027,3259,1907,1629,1782,1477,0,0,0,0,0,0,26.21,26.13,26.23,8.56,62.28
$GC,14802,1.13,288.0,3258,1907,1782,1477,738.8,11.5,446,14806,0.00,2.15,0.00,0.000,260,0.000,0.041,3259,3286,1629,1782,1477,0,0,0,0,0,0,26.55,26.00,26.57,8.56,62.52
$GC,14847,1.13,288.0,3259,3285,1782,1477,733.8,11.6,447,14852,0.00,2.10,0.00,0.000,1030,0.000,0.027,3268,1887,1629,1782,1477,0,0,0,0,0,0,26.21,26.13,26.23,8.55,62.56
$GC,15047,1.13,288.0,3268,1887,1782,1477,710.4,11.6,452,15048,0.00,0.00,0.00,0.000,6,0.000,0.000,3269,1887,1629,1782,1477,0,0,0,0,0,0,26.56,26.58,26.58,8.55,62.64
$GC,15247,1.13,288.0,3268,1887,1782,1477,687.5,11.4,457,15252,0.00,2.20,0.00,0.000,260,0.000,0.041,3268,3288,1629,1782,1477,0,0,0,0,0,0,26.57,25.98,26.58,8.55,63.34
$GC,15309,1.13,288.0,3268,3288,1782,1477,682.2,11.4,458,15314,0.00,2.12,0.00,0.000,1030,0.000,0.026,3276,1893,1629,1782,1477,0,0,0,0,0,0,26.16,26.13,26.19,8.55,62.64
$GC,15533,1.13,288.0,3276,1893,1782,1477,654.8,11.2,464,15537,0.00,2.20,0.00,0.000,516,0.000,0.041,3287,493,1629,1782,1477,0,0,0,0,0,0,26.58,25.94,26.58,8.55,62.28
$GC,15596,1.13,288.0,3286,492,1782,1477,649.8,11.2,465,15603,0.12,2.10,0.00,0.000,5126,0.133,0.026,3246,1898,1629,1782,1477,0,0,0,0,0,0,25.82,26.13,25.94,8.55,62.60
$GC,15817,1.13,288.0,3246,1897,1782,1476,624.6,10.4,471,15821,0.00,2.20,0.00,0.000,260,0.000,0.041,3246,3283,1629,1782,1476,0,0,0,0,0,0,26.58,25.97,26.58,8.54,62.91
$GC,15834,1.13,288.0,3246,3283,1781,1476,624.6,10.4,471,15838,0.00,2.10,0.00,0.000,1030,0.000,0.026,3254,1879,1629,1782,1476,0,0,0,0,0,0,26.19,26.11,26.21,8.55,63.34
$GC,16024,1.13,288.0,3254,1878,1782,1476,603.2,10.4,476,16028,0.00,2.17,0.00,0.000,516,0.000,0.042,3264,499,1629,1782,1476,0,0,0,0,0,0,26.57,25.91,26.58,8.55,62.83
$GC,16100,1.13,288.0,3263,499,1782,1476,598.6,10.5,477,16108,0.00,2.12,0.00,0.000,1030,0.000,0.026,3264,1895,1629,1782,1476,0,0,0,0,0,0,26.15,26.12,26.17,8.55,63.03
$GC,16307,1.13,288.0,3263,1895,1782,1476,573.3,10.5,483,16311,0.00,2.17,0.00,0.000,260,0.000,0.041,3264,3283,1629,1782,1476,0,0,0,0,0,0,26.58,25.94,26.58,8.55,63.07
$GC,16413,1.13,288.0,3263,3283,1782,1476,564.3,10.7,485,16418,0.00,2.08,0.00,0.000,1030,0.000,0.026,3272,1899,1629,1782,1476,0,0,0,0,0,0,26.17,26.10,26.20,8.55,62.75
$GC,16632,1.13,288.0,3272,1899,1782,1476,538.6,10.6,491,16637,0.00,2.17,0.00,0.000,260,0.000,0.041,3272,3286,1629,1782,1476,0,0,0,0,0,0,26.58,25.93,26.58,8.55,62.79
$GC,16670,1.13,288.0,3271,3286,1782,1476,538.6,10.6,491,16678,0.10,2.10,0.00,0.000,5126,0.147,0.026,3250,1883,1629,1782,1476,0,0,0,0,0,0,25.81,26.09,25.92,8.55,62.99
$GC,16877,1.13,288.0,3249,1883,1782,1476,513.1,10.3,497,16882,0.00,2.22,0.00,0.000,260,0.000,0.041,3250,3281,1629,1782,1476,0,0,0,0,0,0,26.58,25.93,26.58,8.54,62.95
$GC,16929,1.13,288.0,3250,3281,1782,1476,508.5,10.3,498,16934,0.00,2.08,0.00,0.000,1030,0.000,0.026,3258,1897,1629,1782,1476,0,0,0,0,0,0,26.17,26.09,26.20,8.55,62.52
$GC,17124,1.13,288.0,3257,1897,1782,1476,487.6,10.4,503,17128,0.00,2.20,0.00,0.000,260,0.000,0.041,3258,3278,1629,1782,1476,0,0,0,0,0,0,26.58,25.91,26.58,8.55,62.95
$GC,17170,1.13,288.0,3257,3278,1782,1476,482.9,10.4,504,17174,0.00,2.08,0.00,0.000,1030,0.000,0.027,3268,1895,1629,1782,1476,0,0,0,0,0,0,26.16,26.08,26.18,8.56,63.42
$GC,17369,1.13,288.0,3267,1894,1782,1476,462.4,10.3,509,17370,0.00,0.00,0.00,0.000,6,0.000,0.000,3268,1895,1629,1782,1476,0,0,0,0,0,0,26.58,26.58,26.58,8.55,62.60
$GC,17570,1.13,288.4,3267,1895,1782,1476,442.3,10.0,514,17574,0.00,2.20,0.00,0.000,260,0.000,0.041,3268,3287,1629,1782,1476,0,0,0,0,0,0,26.58,25.89,26.59,8.55,63.15
$GC,17671,1.13,288.4,3267,3287,1782,1476,433.3,10.3,516,17675,0.00,2.10,0.00,0.000,1030,0.000,0.026,3277,1890,1629,1782,1476,0,0,0,0,0,0,26.15,26.08,26.18,8.56,62.64
$GC,17896,1.13,288.4,3277,1890,1782,1476,408.4,10.3,522,17900,0.00,2.20,0.00,0.000,260,0.000,0.041,3277,3286,1629,1782,1476,0,0,0,0,0,0,26.58,25.89,26.58,8.56,62.20
$GC,17948,1.13,288.4,3277,3286,1782,1476,403.8,10.3,523,17955,0.12,2.10,0.00,0.000,5126,0.138,0.026,3247,1887,1629,1782,1476,0,0,0,0,0,0,25.75,26.07,25.86,8.56,62.91
$GC,18140,1.14,293.9,3247,1887,1782,1476,384.2,9.8,528,18148,0.00,0.00,6.55,0.804,8198,0.000,0.000,3247,1887,1606,1761,1452,0,0,0,0,0,0,26.58,25.09,23.88,8.56,62.36
$GC,18341,1.14,302.1,3247,1887,1759,1450,364.9,9.6,533,18355,0.00,2.22,9.25,0.868,8452,0.000,0.041,3247,3289,1571,1728,1414,0,0,0,0,0,0,26.52,25.15,23.86,8.57,62.99
$GC,18445,1.15,305.7,3247,3290,1728,1414,356.8,9.8,535,18459,0.00,2.10,5.20,0.725,9222,0.000,0.026,3256,1896,1555,1714,1396,0,0,0,0,0,0,26.03,25.96,23.81,8.57,61.57
$GC,18661,1.15,309.6,3255,1896,1714,1397,333.2,9.8,541,18671,0.00,2.20,5.18,0.714,8452,0.000,0.041,3256,3286,1540,1699,1381,0,0,0,0,0,0,26.45,25.19,23.91,8.57,62.40
$GC,18704,1.15,311.5,3255,3286,1699,1382,329.5,9.9,542,18708,0.00,2.10,0.00,0.000,1030,0.000,0.026,3265,1895,1540,1698,1382,0,0,0,0,0,0,26.05,25.97,26.07,8.57,62.48
$GC,18897,1.15,311.5,3265,1895,1699,1383,308.5,10.5,547,18902,0.00,2.20,0.00,0.000,260,0.000,0.041,3266,3291,1541,1699,1383,0,0,0,0,0,0,26.48,25.84,26.48,8.57,62.44
$GC,18929,1.15,311.5,3265,3291,1699,1383,308.5,10.5,547,18933,0.00,2.10,0.00,0.000,1030,0.000,0.025,3275,1893,1540,1698,1383,0,0,0,0,0,0,26.09,26.02,26.12,8.56,62.44
$GC,19143,1.15,311.5,3275,1893,1699,1383,281.2,11.1,553,19147,0.00,2.22,0.00,0.000,260,0.000,0.041,3275,3284,1541,1699,1383,0,0,0,0,0,0,26.53,25.88,26.54,8.57,61.93
$GC,19187,1.15,311.5,3274,3285,1699,1383,276.2,11.2,554,19192,0.08,2.12,0.00,0.000,5126,0.138,0.025,3258,1889,1541,1699,1383,0,0,0,0,0,0,25.77,26.06,25.81,8.57,62.60
$GC,19392,1.15,311.5,3257,1889,1699,1383,254.0,10.8,559,19396,0.00,2.22,0.00,0.000,260,0.000,0.041,3258,3284,1540,1698,1383,0,0,0,0,0,0,26.55,25.89,26.56,8.58,61.57
$GC,19423,1.15,311.5,3257,3284,1700,1383,254.0,10.8,559,19428,0.00,2.10,0.00,0.000,1030,0.000,0.025,3266,1880,1541,1699,1383,0,0,0,0,0,0,26.14,26.07,26.17,8.58,61.73
$GC,19637,1.15,311.5,3266,1880,1699,1383,226.9,10.9,565,19641,0.00,2.20,0.00,0.000,260,0.000,0.041,3266,3285,1541,1699,1383,0,0,0,0,0,0,26.56,25.89,26.57,8.57,62.32
$GC,19670,1.15,311.5,3266,3285,1699,1383,226.9,10.9,565,19675,0.00,2.10,0.00,0.000,1030,0.000,0.025,3276,1888,1541,1699,1383,0,0,0,0,0,0,26.15,26.07,26.17,8.58,62.01
$GC,19884,1.15,311.5,3275,1888,1699,1383,200.2,10.8,571,19888,0.00,2.17,0.00,0.000,516,0.000,0.041,3286,500,1540,1698,1383,0,0,0,0,0,0,26.57,25.85,26.58,8.58,62.20
$GC,19936,1.15,311.5,3286,500,1699,1383,195.5,10.7,572,19941,0.08,2.12,0.00,0.000,5126,0.135,0.025,3245,1900,1541,1699,1383,0,0,0,0,0,0,25.71,26.08,25.84,8.58,61.65
$GC,20132,1.16,320.3,3244,1900,1699,1383,175.7,9.6,582,20149,0.00,2.20,10.95,0.776,8452,0.000,0.039,3244,3290,1496,1658,1334,0,0,0,0,0,0,26.57,24.70,24.00,8.59,61.53
$GC,20239,1.16,320.3,3244,3290,1658,1334,165.1,10.3,587,20244,0.00,2.12,0.00,0.000,1030,0.000,0.025,3253,1897,1496,1658,1335,0,0,0,0,0,0,26.02,26.00,26.06,8.59,61.41
$GC,20439,1.16,320.3,3253,1896,1658,1335,144.8,10.0,597,20445,0.00,2.20,0.00,0.000,516,0.000,0.041,3264,496,1496,1658,1335,0,0,0,0,0,0,26.51,25.82,26.51,8.58,61.85
$GC,20508,1.16,320.3,3263,496,1658,1336,138.1,10.7,600,20513,0.00,2.12,0.00,0.000,1030,0.000,0.025,3263,1893,1497,1658,1336,0,0,0,0,0,0,26.08,26.05,26.10,8.58,61.57
$GC,20704,1.16,320.3,3263,1893,1658,1336,116.1,10.8,610,20707,0.00,2.17,0.00,0.000,260,0.000,0.041,3263,3284,1497,1658,1336,0,0,0,0,0,0,26.54,25.87,26.55,8.59,61.22
$GC,20789,1.16,320.3,3263,3284,1658,1336,106.6,11.2,614,20793,0.00,2.08,0.00,0.000,1030,0.000,0.025,3273,1896,1497,1658,1336,0,0,0,0,0,0,26.14,26.06,26.16,8.60,61.18
$GC,20988,1.19,344.4,3272,1896,1658,1336,86.5,8.9,624,21015,0.00,2.20,21.90,0.760,8452,0.000,0.038,3273,3281,1398,1569,1227,0,0,0,0,0,0,26.55,24.64,24.00,8.60,61.10
$GC,21058,1.23,393.0,3272,3281,1568,1226,82.2,7.8,627,21107,0.00,2.10,42.30,0.767,9222,0.000,0.024,3283,1881,1201,1378,1025,0,0,0,0,0,0,25.93,25.86,23.71,8.59,60.59
$GC,21310,1.33,492.9,3282,1881,1377,1025,61.8,5.4,640,21425,0.00,2.22,100.90,0.729,8708,0.000,0.041,3283,510,791,874,708,0,0,0,0,1,0,26.29,24.65,23.67,8.61,60.75
$GC,21521,1.48,513.9,3282,510,872,707,45.6,9.0,652,21550,0.15,2.10,19.27,0.679,11270,0.057,0.024,3389,1896,707,777,637,0,0,0,0,0,0,25.70,25.71,23.94,8.63,61.53
$GC,21730,1.48,513.9,3388,1895,778,637,21.5,11.4,673,21734,0.00,2.17,0.00,0.000,260,0.000,0.039,3389,3282,707,778,637,0,0,0,0,0,0,26.28,25.75,26.29,8.70,62.71
$GC,21848,1.48,513.9,3388,3283,778,637,7.8,11.7,684,21853,0.12,2.08,0.00,0.000,5126,0.138,0.024,3361,1892,707,778,637,0,0,0,0,0,0,25.65,25.98,25.78,8.72,61.53
$STATE,21890,end climb,SURFACE_DEPTH_REACHED
$STATE,21890,begin surface coast
$FINISH,0.9,1.022407
$STATE,21911,end surface coast,CONTROL_FINISHED_OK
$STATE,21911,begin surface
$SM_CCo,21932,31.48,0.054,0,0,498,565.66
$SM_GC,-0.06,8.57,0.38,31.48,0.053,0.043,0.054,176,2163,498,-8.29,-1.44,565.66,0,0,0,0,0,0,26.10,26.06,25.76
$IRIDIUM_FIX,801.37,-14047.08,230325,093300
$TT8_MAMPS,0.026964,0.377496
$HUMID,58.70
$INTERNAL_PRESSURE,8.69302
$TCM_TEMP,18.60
$XPDR_PINGS,0
$ALTIM_TOP_PING,18.9,18.2
$24V_AH,22.84,81.383
$10V_AH,9.45,53.915
$FG_AHR_24Vo,0.000
$FG_AHR_10Vo,0.000
$DEVICES,Pitch_motor,Roll_motor,VBD_pump_during_apogee,VBD_pump_during_surface,VBD_valve,Iridium_during_init,Iridium_during_connect,Iridium_during_xfer,Transponder_ping,GUMSTIX_24V,GPS,TT8,LPSleep,TT8_Active,TT8_Sampling,TT8_CF8,TT8_Kalman,Analog_circuits,GPS_charging,Compass,RAFOS,Transponder,Compass2
$DEVICE_SECS,22.125,296.525,641.650,31.475,0.000,0.000,0.000,345.950,0.250,0.000,20.839,3172.775,14590.770,807.963,3427.401,512.872,0.000,2912.525,0.000,2911.545,0.000,2.761,0.000
$DEVICE_MAMPS,201.960,52.785,1336.455,54.315,0.000,0.000,0.000,84.915,420.000,0.000,30.710,15.210,2.190,15.210,43.670,53.410,0.000,14.000,0.000,8.240,0.000,30.000,0.000
$SENSORS,SBE_CT,WL_blue_red_Chl,AA4330,nil,nil,nil,nil,nil,nil,nil
$SENSOR_SECS,601.332,0.000,923.491,0.000,0.000,0.000,0.000,0.000,0.000,0.000
$SENSOR_MAMPS,22.470,0.000,11.230,0.000,0.000,0.000,0.000,0.000,0.000,0.000
$MEM,311964
$DATA_FILE_SIZE,52339,690
$CAP_FILE_SIZE,255090,0
$CFSIZE,2097872896,2027290624
$ERRORS,0,0,0,0,0,0,0,0,0,0,0,0,0,1,1,0
$CURRENT,0.094,48.68,1
$GPS,070805,215117,804.451,-14049.224,43,0.9,55,9.3,0.4,77.4,9,4.6
