version: 66.14
glider: 195
mission: 21
dive: 537
start: 8 24 105 19 20 8
data:
$ID,195
$MISSION,21
$DIVE,537
$N_DIVES,0
$STOP_T,0
$D_SURF,3
$D_FLARE,2
$D_TGT,990
$D_ABORT,1090
$D_NO_BLEED,50
$D_BOOST,3
$T_BOOST,0
$D_FINISH,0
$D_PITCH,0
$D_SAFE,0
$D_CALL,0
$SURFACE_URGENCY,0
$SURFACE_URGENCY_TRY,0
$SURFACE_URGENCY_FORCE,0
$T_DIVE,330
$T_MISSION,600
$T_ABORT,1440
$T_TURN,300
$T_TURN_SAMPINT,5
$T_NO_W,120
$T_LOITER,0
$T_SLOITER,60
$T_EPIRB,0
$USE_BATHY,0
$USE_ICE,0
$ICE_FREEZE_MARGIN,0.30000001
$D_OFFGRID,990
$T_WATCHDOG,10
$RELAUNCH,1
$APOGEE_PITCH,-8
$MAX_BUOY,150
$COURSE_BIAS,0
$GLIDE_SLOPE,30
$SPEED_FACTOR,1
$RHO,1.023
$MASS,54002
$MASS_COMP,0
$NAV_MODE,2
$FERRY_MAX,45
$KALMAN_USE,2
$HD_A,0.0038000001
$HD_B,0.0099999998
$HD_C,9.8500004e-06
$HEADING,-1
$ESCAPE_HEADING,0
$ESCAPE_HEADING_DELTA,10
$FIX_MISSING_TIMEOUT,0
$TGT_DEFAULT_LAT,4736
$TGT_DEFAULT_LON,-12225
$TGT_AUTO_DEFAULT,0
$SM_CC,300
$N_FILEKB,4
$FILEMGR,0
$CALL_NDIVES,1
$COMM_SEQ,0
$PROTOCOL,9
$N_NOCOMM,1
$NOCOMM_ACTION,0
$N_NOSURFACE,0
$UPLOAD_DIVES_MAX,-1
$CALL_TRIES,5
$CALL_WAIT,60
$CAPUPLOAD,0
$CAPMAXSIZE,200000
$HEAPDBG,0
$T_GPS,15
$N_GPS,50840
$T_RSLEEP,2
$STROBE,0
$RAFOS_PEAK_OFFSET,1.5
$RAFOS_CORR_THRESH,60
$RAFOS_HIT_WINDOW,3600
$RAFOS_MMODEM,0
$PITCH_MIN,207
$PITCH_MAX,3915
$C_PITCH,2884
$PITCH_DBAND,0.1
$PITCH_CNV,0.003125763
$P_OVSHOOT,0.039999999
$P_OVSHOOT_WITHG,0.079999998
$PITCH_GAIN,19.15
$PITCH_TIMEOUT,17
$PITCH_AD_RATE,160
$PITCH_MAXERRORS,1
$PITCH_ADJ_GAIN,0.02
$PITCH_ADJ_DBAND,2.5
$ROLL_MIN,224
$ROLL_MAX,3758
$ROLL_DEG,40
$C_ROLL_DIVE,1950
$C_ROLL_CLIMB,2100
$HEAD_ERRBAND,10
$ROLL_CNV,0.028270001
$ROLL_TIMEOUT,15
$R_PORT_OVSHOOT,70
$R_STBD_OVSHOOT,46
$ROLL_AD_RATE,350
$ROLL_MAXERRORS,2
$ROLL_ADJ_GAIN,0
$ROLL_ADJ_DBAND,0
$VBD_MIN,500
$VBD_MAX,3960
$C_VBD,2806
$VBD_DBAND,2
$VBD_CNV,-0.24529999
$VBD_LP_IGNORE,0
$VBD_TIMEOUT,720
$PITCH_VBD_SHIFT,0.001
$VBD_PUMP_AD_RATE_SURFACE,5
$VBD_PUMP_AD_RATE_APOGEE,4
$VBD_BLEED_AD_RATE,8
$UNCOM_BLEED,60
$VBD_MAXERRORS,1
$W_ADJ_DBAND,0
$DBDW,0
$PITCH_W_GAIN,0
$PITCH_W_DBAND,0
$CF8_MAXERRORS,5
$AH0_24V,150
$AH0_10V,97
$MINV_24V,19
$MINV_10V,8
$MAXI_24V,0.80000001
$MAXI_10V,0.60000002
$FG_AHR_10V,0
$FG_AHR_24V,0
$PHONE_SUPPLY,-2
$PRESSURE_YINT,-49.397121
$PRESSURE_SLOPE,0.0001168043
$AD7714Ch0Gain,128
$TCM_PITCH_OFFSET,0
$TCM_ROLL_OFFSET,0
$COMPASS_USE,4
$ALTIM_BOTTOM_PING_RANGE,0
$ALTIM_TOP_PING_RANGE,20
$ALTIM_BOTTOM_TURN_MARGIN,0
$ALTIM_TOP_TURN_MARGIN,0
$ALTIM_TOP_MIN_OBSTACLE,1
$ALTIM_PING_DEPTH,0
$ALTIM_PING_DELTA,0
$ALTIM_FREQUENCY,13
$ALTIM_PULSE,3
$ALTIM_SENSITIVITY,3
$XPDR_VALID,5
$XPDR_INHIBIT,90
$INT_PRESSURE_SLOPE,0.0097660003
$INT_PRESSURE_YINT,-0.77999997
$DEEPGLIDER,0
$MOTHERBOARD,4
$DEVICE1,2
$DEVICE2,115
$DEVICE3,101
$DEVICE4,-1
$DEVICE5,-1
$DEVICE6,-1
$LOGGERS,0
$LOGGERDEVICE1,-1
$LOGGERDEVICE2,-1
$LOGGERDEVICE3,-1
$LOGGERDEVICE4,-1
$COMPASS_DEVICE,33
$COMPASS2_DEVICE,-1
$PHONE_DEVICE,49
$GPS_DEVICE,32
$RAFOS_DEVICE,-1
$XPDR_DEVICE,24
$SIM_W,0
$SIM_PITCH,0
$SEABIRD_T_G,0.0044178674
$SEABIRD_T_H,0.00064818078
$SEABIRD_T_I,2.6779007e-05
$SEABIRD_T_J,3.3667231e-06
$SEABIRD_C_G,-10.098215
$SEABIRD_C_H,1.1454017
$SEABIRD_C_I,-0.0021276253
$SEABIRD_C_J,0.00025532115
$SEABIRD_C_Z,2974.52
$GPS1,240805,191241,814.1916,-14132.3584,41,0.9,53,9.3,0.7,258.0,8,4.9
$_CALLS,1
$_XMS_NAKs,0
$_XMS_TOUTs,0
$_SM_DEPTHo,0.13
$_SM_ANGLEo,-56.6
$GPS2,240805,191928,814.1835,-14132.3594,7,0.9,22,9.3,0.9,59.1,8,5.0
$SPEED_LIMITS,0.173,0.262
$TGT_NAME,TX2
$TGT_LATLONG,1145.000,-14800.000
$TGT_RADIUS,10000.000
$KALMAN_CONTROL,0.000000,0.000000
$KALMAN_X,0.000000,0.000000,0.000000,0.000000,0.000000
$KALMAN_Y,0.000000,0.000000,0.000000,0.000000,0.000000
$MHEAD_RNG_PITCHd_Wd,277.4,804026,-18.1,-10.000,-20.93,2235
$D_GRID,990
$GCHEAD,st_secs,pitch_ctl,vbd_ctl,pitch_ad_start,roll_ad_start,vbd_pot1_ad_start,vbd_pot2_ad_start,depth,ob_vertv,data_pts,end_secs,pitch_secs,roll_secs,vbd_secs,vbd_i,gcphase,pitch_i,roll_i,pitch_ad,roll_ad,vbd_ad,vbd_pot1_ad,vbd_pot2_ad,pitch_retries,pitch_errors,roll_retries,roll_errors,vbd_retries,vbd_errors,pitch_volts,roll_volts,vbd_volts,int_press,humidity
$STATE,6,end surface,CONTROL_FINISHED_OK
$STATE,6,begin dive
$GC,74,-1.09,-146.6,159,1936,1092,884,0.4,-0.7,6,143,0.00,0.00,-66.12,0.000,16386,0.000,0.000,158,1936,2683,2691,2676,0,0,0,0,0,0,26.36,28.83,26.36,8.82,53.50
$GC,147,-1.09,-146.6,158,1936,2694,2676,2.1,-4.0,13,180,9.27,2.25,-17.23,0.000,18692,0.201,0.050,2519,3342,3407,3430,3385,0,0,0,0,0,0,24.70,23.65,25.09,9.00,53.50
$GC,290,-0.97,-146.6,2519,3342,3434,3386,23.3,-14.2,27,296,0.17,2.03,0.00,0.000,3078,0.135,0.021,2573,1943,3410,3434,3386,0,0,0,0,0,0,25.51,26.03,25.65,9.08,53.38
$GC,488,-0.91,-146.6,2572,1943,3436,3386,48.7,-13.2,46,492,0.00,2.17,0.00,0.000,260,0.000,0.038,2564,3345,3411,3436,3386,0,0,0,0,0,0,26.49,25.83,26.50,9.09,53.78
$GC,615,-0.86,-146.6,2564,3345,3437,3386,65.4,-12.8,53,621,0.12,2.05,0.00,0.000,3078,0.135,0.027,2603,1966,3412,3438,3386,0,0,0,0,0,0,25.67,26.01,25.79,9.11,53.85
$GC,821,-0.86,-146.6,2603,1965,3441,3385,84.5,-9.8,63,825,0.00,2.15,0.00,0.000,516,0.000,0.034,2603,550,3413,3441,3386,0,0,0,0,0,0,26.53,25.89,26.53,9.11,53.85
$GC,939,-0.86,-146.6,2603,548,3442,3386,92.8,-7.8,68,947,0.00,2.08,0.00,0.000,1030,0.000,0.025,2596,1954,3414,3442,3386,0,0,0,0,0,0,26.10,26.02,26.13,9.11,52.99
$GC,1126,-0.86,-146.6,2596,1954,3444,3386,105.8,-5.7,78,1130,0.00,2.17,0.00,0.000,516,0.000,0.040,2597,551,3415,3444,3386,0,0,0,0,0,0,26.53,25.82,26.54,9.10,52.99
$GC,1157,-0.86,-146.6,2596,551,3445,3386,107.0,-5.5,79,1162,0.00,2.10,0.00,0.000,1030,0.000,0.031,2586,1951,3415,3444,3386,0,0,0,0,0,0,26.06,25.98,26.09,9.10,52.36
$GC,1352,-0.86,-146.6,2586,1951,3446,3386,115.2,-4.6,89,1356,0.00,2.17,0.00,0.000,260,0.000,0.043,2576,3351,3415,3445,3386,0,0,0,0,0,0,26.54,25.87,26.55,9.07,52.95
$GC,1524,-0.86,-146.6,2576,3352,3446,3387,124.3,-5.8,97,1535,0.10,2.05,0.00,0.000,3078,0.141,0.021,2607,1937,3416,3446,3387,0,0,0,0,0,0,25.82,26.12,25.91,9.06,52.40
$GC,1716,-0.86,-146.6,2607,1937,3448,3388,136.4,-6.4,107,1721,0.00,2.10,0.00,0.000,516,0.000,0.032,2607,554,3418,3448,3388,0,0,0,0,0,0,26.54,25.92,26.55,9.04,52.79
$GC,1867,-0.86,-146.6,2607,554,3448,3389,147.4,-8.0,114,1871,0.00,2.08,0.00,0.000,1030,0.000,0.024,2600,1965,3418,3448,3389,0,0,0,0,0,0,26.13,26.06,26.16,9.03,53.70
$GC,2066,-0.86,-146.6,2599,1965,3449,3389,161.0,-6.1,124,2070,0.00,2.15,0.00,0.000,260,0.000,0.040,2590,3351,3418,3448,3389,0,0,0,0,0,0,26.55,25.88,26.55,9.02,53.30
$GC,2207,-0.86,-146.6,2589,3351,3449,3389,168.2,-5.8,130,2215,0.00,2.05,0.00,0.000,1030,0.000,0.021,2590,1945,3419,3449,3389,0,0,0,0,0,0,26.17,26.11,26.20,9.01,53.26
$GC,2392,-0.86,-146.6,2589,1944,3449,3389,179.6,-5.8,140,2396,0.00,2.10,0.00,0.000,516,0.000,0.033,2590,559,3419,3450,3389,0,0,0,0,0,0,26.55,25.92,26.55,9.00,54.09
$GC,2496,-0.86,-146.6,2589,558,3450,3389,185.9,-6.2,145,2500,0.00,2.05,0.00,0.000,1030,0.000,0.024,2581,1954,3419,3450,3389,0,0,0,0,0,0,26.13,26.06,26.16,9.00,54.41
$GC,2699,-0.86,-146.6,2580,1954,3449,3389,199.0,-6.7,155,2703,0.00,2.15,0.00,0.000,260,0.000,0.040,2571,3342,3419,3449,3389,0,0,0,0,0,0,26.55,25.88,26.55,8.99,54.84
$GC,2863,-0.86,-146.6,2570,3342,3449,3389,210.4,-7.1,160,2868,0.10,2.08,0.00,0.000,3078,0.119,0.022,2615,1945,3419,3449,3389,0,0,0,0,0,0,25.73,26.12,25.84,8.97,54.88
$GC,3068,-0.93,-146.6,2614,1945,3449,3388,223.8,-6.6,165,3073,0.00,2.15,0.00,0.000,516,0.000,0.034,2615,561,3419,3449,3389,0,0,0,0,0,0,26.55,25.91,26.56,8.96,56.06
$GC,3219,-0.99,-146.6,2615,561,3449,3389,232.6,-6.9,168,3225,0.08,2.05,0.00,0.000,5126,0.093,0.024,2530,1952,3419,3449,3389,0,0,0,0,0,0,26.01,26.06,26.08,8.95,55.98
$GC,3439,-0.99,-146.6,2529,1952,3448,3388,252.5,-8.3,174,3446,0.10,2.17,0.00,0.000,2308,0.145,0.041,2552,3354,3418,3448,3388,0,0,0,0,0,0,26.07,25.86,26.12,8.94,56.49
$GC,3525,-0.99,-146.6,2551,3354,3448,3388,259.0,-7.9,176,3531,0.00,2.10,0.00,0.000,1030,0.000,0.022,2552,1948,3418,3448,3389,0,0,0,0,0,0,26.14,26.11,26.15,8.94,56.18
$GC,3730,-0.99,-146.6,2551,1948,3448,3388,274.4,-7.5,181,3735,0.00,2.15,0.00,0.000,516,0.000,0.034,2552,568,3418,3448,3388,0,0,0,0,0,0,26.55,25.91,26.56,8.94,57.36
$GC,3903,-0.99,-146.6,2551,568,3448,3388,287.2,-7.8,185,3907,0.00,2.05,0.00,0.000,1030,0.000,0.024,2542,1955,3417,3447,3388,0,0,0,0,0,0,26.13,26.06,26.16,8.93,56.77
$GC,4097,-0.99,-146.6,2541,1955,3446,3388,302.3,-7.5,190,4102,0.00,2.17,0.00,0.000,260,0.000,0.041,2532,3347,3417,3446,3388,0,0,0,0,0,0,26.55,25.86,26.56,8.92,57.36
$GC,4149,-0.99,-146.6,2531,3347,3445,3389,305.7,-7.5,191,4157,0.10,2.05,0.00,0.000,3078,0.147,0.022,2563,1946,3416,3445,3388,0,0,0,0,0,0,25.79,26.10,25.89,8.92,57.32
$GC,4342,-0.99,-146.6,2562,1946,3444,3388,320.6,-7.5,196,4347,0.00,2.12,0.00,0.000,516,0.000,0.034,2562,560,3416,3444,3388,0,0,0,0,0,0,26.55,25.89,26.56,8.92,57.04
$GC,4506,-0.99,-146.6,2562,560,3444,3388,334.0,-8.1,200,4511,0.00,2.08,0.00,0.000,1030,0.000,0.024,2555,1962,3416,3444,3388,0,0,0,0,0,0,26.13,26.06,26.15,8.91,57.67
$GC,4711,-0.99,-146.6,2555,1961,3443,3388,350.0,-7.8,205,4716,0.00,2.15,0.00,0.000,516,0.000,0.034,2555,562,3415,3443,3388,0,0,0,0,0,0,26.55,25.90,26.56,8.90,57.95
$GC,4768,-0.99,-146.6,2554,562,3443,3388,353.6,-7.9,206,4772,0.00,2.05,0.00,0.000,1030,0.000,0.024,2546,1950,3415,3443,3388,0,0,0,0,0,0,26.13,26.06,26.15,8.90,57.91
$GC,4957,-0.99,-146.6,2545,1949,3441,3388,369.5,-7.8,211,4961,0.00,2.12,0.00,0.000,516,0.000,0.034,2546,564,3415,3442,3388,0,0,0,0,0,0,26.55,25.89,26.56,8.90,58.26
$GC,5029,-0.99,-146.6,2545,565,3442,3388,373.1,-7.8,212,5033,0.00,2.05,0.00,0.000,1030,0.000,0.025,2537,1949,3414,3441,3388,0,0,0,0,0,0,26.12,26.05,26.15,8.90,58.26
$GC,5243,-0.99,-146.6,2537,1949,3440,3388,391.1,-7.3,218,5247,0.00,2.15,0.00,0.000,516,0.000,0.034,2537,555,3414,3440,3388,0,0,0,0,0,0,26.55,25.89,26.56,8.88,58.62
$GC,5315,-0.99,-146.6,2537,556,3440,3388,394.3,-7.2,219,5326,0.12,2.08,0.00,0.000,3078,0.141,0.024,2566,1951,3413,3439,3388,0,0,0,0,0,0,25.70,26.05,25.81,8.89,58.70
$GC,5527,-0.99,-146.6,2566,1951,3437,3388,409.8,-6.3,225,5531,0.00,2.15,0.00,0.000,516,0.000,0.034,2566,557,3412,3437,3388,0,0,0,0,0,0,26.55,25.89,26.56,8.88,58.82
$GC,5605,-0.99,-146.6,2566,556,3437,3388,412.7,-6.4,226,5612,0.00,2.08,0.00,0.000,1030,0.000,0.025,2559,1958,3412,3436,3388,0,0,0,0,0,0,26.12,26.05,26.15,8.88,58.50
$GC,5811,-0.99,-146.6,2558,1958,3436,3386,429.5,-7.2,232,5815,0.00,2.15,0.00,0.000,516,0.000,0.034,2559,561,3410,3435,3386,0,0,0,0,0,0,26.55,25.88,26.56,8.88,58.82
$GC,5873,-0.99,-146.6,2558,560,3436,3386,433.0,-7.3,233,5877,0.00,2.08,0.00,0.000,1030,0.000,0.025,2550,1955,3411,3436,3386,0,0,0,0,0,0,26.11,26.04,26.14,8.87,59.17
$GC,6096,-0.99,-146.6,2549,1955,3436,3385,452.3,-8.1,239,6102,0.00,2.17,0.00,0.000,516,0.000,0.035,2550,571,3410,3435,3385,0,0,0,0,0,0,26.55,25.87,26.56,8.87,59.84
$GC,6199,-0.99,-146.6,2549,570,3435,3385,459.8,-8.6,241,6204,0.00,2.05,0.00,0.000,1030,0.000,0.025,2541,1948,3409,3435,3384,0,0,0,0,0,0,26.11,26.03,26.14,8.87,59.17
$GC,6426,-0.99,-146.6,2541,1948,3434,3383,482.2,-9.4,247,6427,0.00,0.00,0.00,0.000,6,0.000,0.000,2541,1948,3408,3434,3383,0,0,0,0,0,0,26.55,26.57,26.56,8.86,59.52
$GC,6624,-0.99,-146.6,2540,1948,3434,3383,501.4,-9.7,252,6628,0.00,2.12,0.00,0.000,516,0.000,0.034,2541,568,3408,3434,3382,0,0,0,0,0,0,26.55,25.86,26.56,8.86,59.76
$GC,6681,-0.99,-146.6,2540,568,3433,3382,505.7,-9.7,253,6688,0.10,2.08,0.00,0.000,3078,0.148,0.025,2561,1961,3407,3433,3382,0,0,0,0,0,0,25.74,26.03,25.84,8.85,60.23
$GC,6908,-0.99,-146.6,2561,1961,3433,3382,527.4,-8.9,259,6909,0.00,0.00,0.00,0.000,6,0.000,0.000,2561,1961,3407,3433,3382,0,0,0,0,0,0,26.55,26.57,26.56,8.86,59.76
$GC,7108,-0.99,-146.6,2561,1961,3433,3381,543.6,-8.0,264,7113,0.00,2.20,0.00,0.000,516,0.000,0.036,2562,563,3407,3433,3381,0,0,0,0,0,0,26.55,25.86,26.56,8.85,60.51
$GC,7176,-0.99,-146.6,2561,563,3432,3381,547.2,-7.9,265,7180,0.00,2.08,0.00,0.000,1030,0.000,0.026,2555,1952,3406,3432,3380,0,0,0,0,0,0,26.10,26.03,26.13,8.85,60.39
$GC,7397,-0.99,-146.6,2554,1952,3432,3380,564.5,-7.0,271,7400,0.00,2.17,0.00,0.000,260,0.000,0.041,2545,3340,3406,3432,3380,0,0,0,0,0,0,26.55,25.82,26.56,8.84,60.23
$GC,7428,-0.99,-146.6,2544,3341,3431,3380,564.5,-7.0,271,7432,0.00,2.08,0.00,0.000,1030,0.000,0.023,2545,1960,3405,3431,3380,0,0,0,0,0,0,26.12,26.09,26.13,8.84,60.59
$GC,7642,-0.99,-146.6,2544,1960,3431,3379,580.4,-6.4,277,7646,0.00,2.17,0.00,0.000,516,0.000,0.036,2545,554,3405,3431,3379,0,0,0,0,0,0,26.55,25.84,26.56,8.84,60.08
$GC,7776,-0.99,-146.6,2544,553,3431,3379,588.5,-6.5,280,7781,0.00,2.10,0.00,0.000,1030,0.000,0.026,2535,1955,3404,3430,3379,0,0,0,0,0,0,26.10,26.02,26.12,8.83,60.08
$GC,7970,-0.99,-146.6,2535,1955,3430,3378,601.5,-6.3,285,7972,0.00,0.00,0.00,0.000,6,0.000,0.000,2535,1955,3404,3430,3378,0,0,0,0,0,0,26.55,26.56,26.56,8.83,60.31
$GC,8170,-0.99,-146.6,2534,1955,3430,3377,614.2,-6.3,290,8174,0.00,2.15,0.00,0.000,516,0.000,0.035,2535,564,3403,3430,3377,0,0,0,0,0,0,26.55,25.83,26.56,8.82,60.67
$GC,8262,-0.99,-146.6,2534,564,3430,3377,619.8,-6.5,292,8269,0.12,2.08,0.00,0.000,3078,0.138,0.026,2565,1952,3403,3429,3377,0,0,0,0,0,0,25.66,26.01,25.77,8.82,60.19
$GC,8454,-0.99,-146.6,2564,1952,3429,3376,632.3,-6.2,297,8458,0.00,2.20,0.00,0.000,260,0.000,0.041,2556,3349,3403,3429,3377,0,0,0,0,0,0,26.55,25.79,26.56,8.82,60.39
$GC,8481,-0.99,-146.6,2556,3350,3429,3376,632.3,-6.2,297,8486,0.00,2.12,0.00,0.000,1030,0.000,0.023,2557,1941,3402,3428,3376,0,0,0,0,0,0,26.09,26.07,26.12,8.82,60.15
$GC,8700,-0.99,-146.6,2556,1941,3428,3376,648.5,-6.8,303,8705,0.00,2.15,0.00,0.000,516,0.000,0.036,2556,555,3402,3428,3376,0,0,0,0,0,0,26.55,25.81,26.56,8.81,60.78
$GC,8857,-0.99,-146.6,2556,555,3427,3376,657.5,-7.2,306,8864,0.00,2.08,0.00,0.000,1030,0.000,0.025,2548,1950,3401,3426,3376,0,0,0,0,0,0,26.08,26.01,26.11,8.81,60.67
$GC,9065,-0.99,-146.6,2548,1950,3426,3375,675.7,-7.7,312,9071,0.00,2.20,0.00,0.000,260,0.000,0.041,2538,3347,3400,3426,3375,0,0,0,0,0,0,26.55,25.78,26.56,8.80,60.75
$GC,9180,-0.99,-146.6,2537,3347,3426,3374,682.0,-7.8,314,9188,0.00,2.08,0.00,0.000,1030,0.000,0.023,2538,1940,3400,3426,3374,0,0,0,0,0,0,26.13,26.06,26.15,8.80,60.55
$GC,9387,-0.99,-146.6,2537,1940,3426,3373,701.1,-8.0,320,9391,0.00,2.12,0.00,0.000,516,0.000,0.037,2538,564,3399,3426,3373,0,0,0,0,0,0,26.55,25.79,26.56,8.80,60.98
$GC,9535,-0.99,-146.6,2537,565,3424,3373,711.4,-8.3,323,9541,0.10,2.10,0.00,0.000,3078,0.128,0.026,2574,1942,3398,3424,3373,0,0,0,0,0,0,25.57,25.99,25.70,8.80,60.75
$GC,9756,-1.06,-146.6,2573,1942,3424,3372,729.8,-7.3,329,9759,0.00,2.15,0.00,0.000,516,0.000,0.036,2574,557,3398,3424,3372,0,0,0,0,0,0,26.55,25.79,26.56,8.79,61.26
$GC,9802,-1.12,-146.6,2573,557,3424,3372,733.1,-7.3,330,9808,0.08,2.12,0.00,0.000,5126,0.055,0.027,2478,1950,3398,3424,3372,0,0,0,0,0,0,25.94,25.99,26.01,8.79,60.86
$GC,10003,-1.06,-146.6,2478,1950,3422,3372,750.0,-8.4,335,10008,0.20,2.22,0.00,0.000,2308,0.129,0.041,2532,3352,3397,3422,3372,0,0,0,0,0,0,25.72,25.75,25.82,8.79,60.82
$GC,10021,-1.00,-146.6,2531,3352,3422,3372,750.0,-8.4,335,10028,0.10,2.08,0.00,0.000,3078,0.142,0.023,2562,1946,3396,3422,3371,0,0,0,0,0,0,25.73,26.05,25.83,8.78,61.45
$GC,10248,-1.00,-146.6,2562,1947,3422,3371,767.6,-7.1,341,10253,0.00,2.15,0.00,0.000,516,0.000,0.037,2562,569,3396,3422,3371,0,0,0,0,0,0,26.55,25.77,26.56,8.78,61.45
$GC,10361,-1.00,-146.6,2562,569,3422,3371,773.8,-7.1,343,10365,0.00,2.10,0.00,0.000,1030,0.000,0.027,2555,1943,3396,3422,3371,0,0,0,0,0,0,26.02,25.98,26.04,8.78,61.30
$GC,10575,-1.00,-146.6,2555,1943,3421,3369,791.3,-7.3,349,10581,0.00,2.22,0.00,0.000,260,0.000,0.042,2545,3349,3395,3421,3369,0,0,0,0,0,0,26.55,25.74,26.56,8.78,61.30
$GC,10707,-1.00,-146.6,2544,3349,3421,3368,800.2,-7.3,352,10711,0.00,2.08,0.00,0.000,1030,0.000,0.024,2545,1952,3394,3421,3367,0,0,0,0,0,0,26.10,26.04,26.13,8.77,61.65
$GC,10901,-1.00,-146.6,2544,1952,3421,3367,815.0,-7.4,357,10905,0.00,2.17,0.00,0.000,516,0.000,0.037,2545,561,3394,3421,3368,0,0,0,0,0,0,26.55,25.75,26.56,8.77,62.16
$GC,11030,-1.00,-146.6,2544,561,3421,3367,824.4,-7.5,360,11035,0.00,2.12,0.00,0.000,1030,0.000,0.027,2536,1953,3394,3421,3367,0,0,0,0,0,0,26.00,25.97,26.03,8.77,61.65
$GC,11231,-1.00,-146.6,2536,1953,3420,3367,839.3,-7.4,365,11235,0.00,2.20,0.00,0.000,260,0.000,0.042,2526,3342,3393,3420,3367,0,0,0,0,0,0,26.55,25.72,26.56,8.77,62.04
$GC,11277,-1.00,-146.6,2525,3343,3420,3367,842.7,-7.4,366,11282,0.10,2.10,0.00,0.000,3078,0.128,0.024,2558,1949,3393,3420,3367,0,0,0,0,0,0,25.66,26.04,25.80,8.77,61.53
$GC,11477,-1.00,-146.6,2557,1948,3420,3367,856.9,-7.1,371,11481,0.00,2.17,0.00,0.000,516,0.000,0.037,2557,557,3393,3419,3367,0,0,0,0,0,0,26.55,25.74,26.56,8.76,62.01
$GC,11606,-1.00,-146.6,2557,557,3419,3367,865.9,-7.1,374,11610,0.00,2.10,0.00,0.000,1030,0.000,0.027,2552,1956,3393,3420,3366,0,0,0,0,0,0,26.03,25.96,26.06,8.76,62.40
$GC,11805,-1.00,-146.6,2551,1956,3419,3366,880.1,-7.0,379,11809,0.00,2.20,0.00,0.000,260,0.000,0.042,2542,3342,3392,3419,3366,0,0,0,0,0,0,26.55,25.70,26.56,8.76,61.49
$GC,11832,-1.00,-146.6,2541,3343,3419,3365,880.1,-7.0,379,11836,0.00,2.08,0.00,0.000,1030,0.000,0.024,2542,1950,3392,3419,3365,0,0,0,0,0,0,26.08,26.02,26.11,8.76,62.01
$GC,12050,-1.00,-146.6,2541,1950,3419,3365,897.0,-7.0,385,12055,0.00,2.20,0.00,0.000,516,0.000,0.037,2542,566,3392,3419,3365,0,0,0,0,0,0,26.55,25.72,26.56,8.75,62.08
$GC,12197,-1.00,-146.6,2541,566,3419,3365,905.9,-7.0,388,12205,0.10,2.08,0.00,0.000,3078,0.145,0.028,2562,1949,3391,3418,3365,0,0,0,0,0,0,25.65,25.94,25.75,8.75,61.65
$GC,12415,-1.05,-146.6,2562,1949,3418,3364,921.5,-6.4,394,12419,0.00,2.25,0.00,0.000,260,0.000,0.043,2554,3344,3391,3418,3365,0,0,0,0,0,0,26.55,25.69,26.56,8.75,62.28
$GC,12462,-1.10,-146.6,2554,3344,3418,3364,924.4,-6.5,395,12467,0.00,2.08,0.00,0.000,1030,0.000,0.024,2554,1951,3391,3418,3364,0,0,0,0,0,0,26.07,26.01,26.10,8.75,62.40
$GC,12663,-1.10,-146.6,2553,1951,3418,3364,938.0,-6.8,400,12667,0.00,2.17,0.00,0.000,516,0.000,0.038,2554,560,3391,3418,3364,0,0,0,0,0,0,26.55,25.70,26.55,8.74,61.97
$GC,12791,-1.10,-146.6,2553,560,3417,3364,947.2,-7.2,403,12797,0.00,2.12,0.00,0.000,1030,0.000,0.028,2545,1947,3390,3417,3364,0,0,0,0,0,0,25.97,25.94,26.00,8.75,62.16
$GC,12991,-1.10,-146.6,2544,1947,3416,3363,962.0,-7.3,408,12993,0.00,0.00,0.00,0.000,6,0.000,0.000,2545,1947,3390,3417,3363,0,0,0,0,0,0,26.55,26.56,26.56,8.74,62.48
$GC,13192,-1.10,-146.6,2544,1947,3417,3362,976.7,-7.4,413,13197,0.00,2.17,0.00,0.000,516,0.000,0.037,2545,555,3390,3417,3363,0,0,0,0,0,0,26.55,25.70,26.56,8.74,62.56
$GC,13294,-1.10,-146.6,2544,555,3417,3362,983.2,-7.6,415,13299,0.00,2.10,0.00,0.000,1030,0.000,0.028,2536,1954,3389,3416,3362,0,0,0,0,0,0,26.00,25.92,26.03,8.74,62.44
$STATE,13395,end dive,TARGET_DEPTH_EXCEEDED
$STATE,13395,begin apogee
$GC,13403,-0.42,0.0,2534,2106,3416,3362,992.3,-7.6,418,13546,0.65,0.00,138.73,1.353,10246,0.103,0.000,2751,2105,2805,2897,2713,0,0,0,0,0,0,25.20,24.08,22.73,8.73,62.48
$STATE,13547,end apogee,CONTROL_FINISHED_OK
$STATE,13547,begin climb
$GC,13550,1.09,146.6,2751,2105,2895,2712,997.5,0.0,421,13707,1.38,2.35,144.62,1.296,10500,0.068,0.043,3231,3483,2205,2290,2121,0,0,0,0,0,0,24.74,24.15,22.80,8.68,61.10
$GC,13771,0.91,186.0,3230,3483,2289,2121,982.6,8.2,427,13820,0.20,2.12,40.42,1.251,13318,0.135,0.025,3180,2094,2043,2142,1945,0,0,0,0,0,0,25.22,25.58,23.15,8.63,59.56
$GC,14007,0.93,207.8,3180,2093,2142,1943,960.6,9.0,433,14035,0.00,2.30,21.60,1.226,8452,0.000,0.043,3180,3484,1955,2070,1840,0,0,0,0,0,0,26.24,24.85,23.44,8.61,61.34
$GC,14106,0.95,222.9,3180,3483,2070,1841,952.9,9.3,435,14128,0.00,2.12,16.23,1.190,9222,0.000,0.025,3188,2088,1895,2018,1773,0,0,0,0,0,0,25.80,25.74,23.48,8.61,61.22
$GC,14329,0.96,228.5,3188,2088,2018,1772,929.1,9.7,441,14337,0.00,0.00,6.62,1.011,8198,0.000,0.000,3189,2088,1873,1996,1751,0,0,0,0,0,0,26.29,25.05,23.75,8.61,61.97
$GC,14530,1.01,233.9,3188,2088,1996,1748,909.6,9.8,446,14544,0.00,2.28,7.07,1.036,8452,0.000,0.043,3189,3486,1849,1973,1725,0,0,0,0,0,0,26.37,25.21,23.81,8.60,62.24
$GC,14624,1.01,234.2,3188,3486,1973,1724,901.5,10.0,448,14628,0.00,2.10,0.00,0.000,1030,0.000,0.025,3194,2100,1848,1973,1724,0,0,0,0,0,0,26.00,25.93,26.03,8.60,62.87
$GC,14812,1.02,239.9,3193,2100,1973,1724,881.5,9.7,453,14822,0.00,0.00,7.75,1.070,8198,0.000,0.000,3194,2100,1825,1952,1699,0,0,0,0,0,0,26.43,25.11,23.84,8.59,62.32
$GC,15013,1.08,247.1,3194,2100,1951,1697,861.9,9.7,458,15029,0.05,2.28,8.73,1.092,10500,0.142,0.044,3267,3482,1795,1928,1662,0,0,0,0,0,0,26.19,25.20,23.82,8.59,63.50
$GC,15089,1.08,249.5,3266,3482,1928,1663,857.5,9.9,459,15097,0.15,2.10,0.00,0.000,5126,0.131,0.025,3230,2088,1795,1928,1663,0,0,0,0,0,0,25.58,25.91,25.72,8.58,62.79
$GC,15293,1.08,250.8,3229,2088,1927,1663,832.8,9.9,465,15304,0.00,2.22,4.93,0.894,8452,0.000,0.042,3230,3487,1781,1914,1648,0,0,0,0,0,0,26.42,24.76,23.88,8.58,63.66
$GC,15362,1.08,252.7,3229,3486,1914,1648,828.7,9.9,466,15366,0.00,2.10,0.00,0.000,1030,0.000,0.025,3237,2095,1781,1914,1648,0,0,0,0,0,0,26.05,25.98,26.07,8.58,63.34
$GC,15576,1.09,257.8,3237,2095,1914,1648,804.9,9.8,472,15592,0.00,2.28,8.60,1.077,8452,0.000,0.043,3237,3492,1751,1889,1614,0,0,0,0,0,0,26.46,25.25,23.87,8.58,63.38
$GC,15682,1.09,262.0,3237,3492,1889,1614,796.8,9.8,474,15697,0.00,2.10,5.70,0.942,9222,0.000,0.025,3247,2102,1734,1873,1595,0,0,0,0,0,0,26.02,25.95,23.82,8.56,63.34
$GC,15899,1.09,262.0,3247,2102,1873,1595,772.2,10.2,480,15903,0.00,2.22,0.00,0.000,260,0.000,0.044,3247,3490,1734,1873,1595,0,0,0,0,0,0,26.40,25.79,26.41,8.56,63.97
$GC,15960,1.09,262.0,3246,3490,1873,1595,767.3,10.4,481,15964,0.00,2.10,0.00,0.000,1030,0.000,0.025,3257,2098,1734,1873,1595,0,0,0,0,0,0,26.07,26.00,26.10,8.56,63.03
$GC,16183,1.09,262.0,3256,2098,1873,1595,741.0,11.0,487,16190,0.00,2.22,0.00,0.000,260,0.000,0.043,3257,3494,1734,1873,1595,0,0,0,0,0,0,26.48,25.82,26.50,8.56,63.82
$GC,16273,1.09,262.0,3256,3494,1873,1595,731.4,11.5,489,16280,0.10,2.10,0.00,0.000,5126,0.146,0.025,3236,2098,1734,1873,1595,0,0,0,0,0,0,25.75,26.03,25.86,8.56,63.46
$GC,16464,1.09,262.0,3235,2098,1873,1594,708.4,11.5,494,16472,0.00,2.22,0.00,0.000,260,0.000,0.044,3236,3495,1733,1873,1594,0,0,0,0,0,0,26.51,25.81,26.52,8.55,63.62
$GC,16539,1.09,262.0,3235,3495,1873,1594,703.4,11.6,495,16546,0.00,2.10,0.00,0.000,1030,0.000,0.025,3244,2094,1733,1873,1594,0,0,0,0,0,0,26.11,26.04,26.14,8.56,63.82
$GC,16746,1.09,262.0,3243,2094,1873,1594,673.7,12.4,501,16747,0.00,0.00,0.00,0.000,6,0.000,0.000,3243,2093,1733,1873,1594,0,0,0,0,0,0,26.53,26.53,26.53,8.56,64.13
$GC,16948,1.09,262.0,3243,2094,1873,1594,648.8,12.4,506,16952,0.00,2.22,0.00,0.000,260,0.000,0.044,3243,3487,1733,1873,1594,0,0,0,0,0,0,26.53,25.78,26.53,8.55,64.13
$GC,17010,1.09,262.0,3243,3487,1873,1594,643.0,12.4,507,17014,0.00,2.10,0.00,0.000,1030,0.000,0.026,3253,2087,1733,1873,1594,0,0,0,0,0,0,26.10,26.03,26.13,8.56,63.66
$GC,17234,1.09,262.0,3252,2087,1873,1594,614.6,11.6,513,17240,0.00,2.25,0.00,0.000,260,0.000,0.044,3253,3495,1733,1873,1594,0,0,0,0,0,0,26.53,25.77,26.54,8.55,64.56
$GC,17316,1.09,262.0,3252,3495,1873,1594,605.1,11.6,515,17321,0.00,2.10,0.00,0.000,1030,0.000,0.026,3262,2104,1733,1873,1594,0,0,0,0,0,0,26.09,26.02,26.12,8.55,64.09
$GC,17515,1.09,262.0,3262,2104,1873,1594,583.4,10.7,520,17519,0.00,2.20,0.00,0.000,260,0.000,0.043,3262,3487,1733,1873,1594,0,0,0,0,0,0,26.53,25.76,26.54,8.55,64.29
$GC,17586,1.09,262.0,3262,3487,1873,1594,578.7,10.7,521,17592,0.12,2.10,0.00,0.000,5126,0.142,0.025,3231,2088,1733,1873,1594,0,0,0,0,0,0,25.65,26.01,25.77,8.55,63.58
$GC,17802,1.11,277.5,3230,2087,1873,1594,555.4,9.3,527,17820,0.00,0.00,16.23,1.059,8198,0.000,0.000,3231,2088,1672,1818,1527,0,0,0,0,0,0,26.53,24.95,23.75,8.55,64.45
$GC,18003,1.12,294.3,3230,2088,1816,1525,537.0,9.2,532,18027,0.00,2.33,16.42,1.038,8452,0.000,0.043,3231,3492,1604,1756,1452,0,0,0,0,0,0,26.36,25.01,23.72,8.55,64.01
$GC,18085,1.14,308.5,3229,3492,1756,1451,529.3,9.4,534,18107,0.00,2.12,14.73,1.012,9222,0.000,0.025,3238,2095,1545,1702,1388,0,0,0,0,0,0,25.85,25.78,23.67,8.55,63.34
$GC,18323,1.19,309.2,3238,2095,1700,1388,505.5,10.0,540,18329,0.00,2.25,0.00,0.000,260,0.000,0.044,3238,3495,1544,1700,1388,0,0,0,0,0,0,26.32,25.69,26.32,8.54,63.38
$GC,18378,1.19,309.2,3238,3495,1699,1387,501.3,10.1,541,18383,0.00,2.15,0.00,0.000,1030,0.000,0.025,3248,2103,1543,1699,1387,0,0,0,0,0,0,25.95,25.91,25.97,8.54,63.42
$GC,18568,1.19,309.2,3247,2103,1699,1387,480.3,10.3,546,18574,0.00,2.22,0.00,0.000,260,0.000,0.044,3248,3493,1543,1699,1387,0,0,0,0,0,0,26.44,25.75,26.45,8.54,63.78
$GC,18610,1.19,309.2,3248,3493,1699,1387,475.7,10.4,547,18615,0.00,2.10,0.00,0.000,1030,0.000,0.025,3258,2097,1543,1699,1387,0,0,0,0,0,0,26.06,25.98,26.08,8.54,63.90
$GC,18810,1.19,309.2,3258,2097,1699,1386,454.7,10.5,552,18813,0.00,2.22,0.00,0.000,260,0.000,0.044,3258,3489,1542,1699,1386,0,0,0,0,0,0,26.49,25.76,26.50,8.55,63.74
$GC,18861,1.19,309.2,3258,3489,1699,1386,449.6,10.6,553,18865,0.00,2.10,0.00,0.000,1030,0.000,0.026,3258,2103,1542,1699,1386,0,0,0,0,0,0,26.07,25.99,26.10,8.54,63.66
$GC,19055,1.19,309.2,3258,2103,1699,1386,427.5,10.9,558,19059,0.00,2.22,0.00,0.000,260,0.000,0.044,3258,3497,1542,1699,1386,0,0,0,0,0,0,26.51,25.76,26.52,8.55,63.78
$GC,19112,1.19,309.2,3258,3498,1699,1384,422.3,11.2,559,19116,0.00,2.12,0.00,0.000,1030,0.000,0.026,3258,2095,1541,1699,1383,0,0,0,0,0,0,26.08,26.00,26.10,8.55,63.54
$GC,19301,1.19,309.2,3258,2095,1699,1383,399.7,11.2,564,19303,0.00,0.00,0.00,0.000,6,0.000,0.000,3258,2095,1541,1699,1383,0,0,0,0,0,0,26.52,26.53,26.53,8.55,63.82
$GC,19501,1.19,309.2,3258,2095,1699,1383,377.5,11.0,569,19505,0.00,2.22,0.00,0.000,260,0.000,0.044,3258,3486,1541,1699,1383,0,0,0,0,0,0,26.52,25.73,26.53,8.55,63.66
$GC,19608,1.19,309.2,3258,3486,1699,1383,368.3,11.0,571,19612,0.00,2.10,0.00,0.000,1030,0.000,0.025,3258,2098,1541,1699,1383,0,0,0,0,0,0,26.08,26.00,26.10,8.56,63.42
$GC,19827,1.19,309.2,3258,2098,1699,1383,343.2,10.1,577,19828,0.00,0.00,0.00,0.000,6,0.000,0.000,3258,2098,1541,1700,1383,0,0,0,0,0,0,26.53,26.54,26.54,8.56,63.23
$GC,20028,1.19,309.2,3258,2098,1699,1383,322.4,10.4,582,20033,0.00,2.22,0.00,0.000,260,0.000,0.044,3258,3487,1541,1699,1383,0,0,0,0,0,0,26.53,25.71,26.54,8.57,63.58
$GC,20090,1.19,309.2,3258,3487,1699,1382,317.2,10.8,583,20095,0.00,2.10,0.00,0.000,1030,0.000,0.025,3258,2087,1540,1698,1383,0,0,0,0,0,0,26.07,25.99,26.09,8.57,63.23
$GC,20315,1.19,309.2,3258,2088,1699,1383,290.2,11.2,589,20321,0.00,2.25,0.00,0.000,260,0.000,0.044,3258,3495,1540,1698,1383,0,0,0,0,0,0,26.53,25.70,26.54,8.57,63.03
$GC,20389,1.19,309.2,3258,3495,1699,1383,285.6,11.2,590,20397,0.00,2.10,0.00,0.000,1030,0.000,0.024,3258,2094,1541,1699,1383,0,0,0,0,0,0,26.06,25.99,26.09,8.57,63.11
$GC,20596,1.19,309.2,3258,2094,1699,1383,259.9,10.5,596,20601,0.00,2.28,0.00,0.000,260,0.000,0.044,3258,3492,1541,1699,1383,0,0,0,0,0,0,26.53,25.70,26.54,8.57,62.71
$GC,20648,1.19,309.2,3258,3492,1699,1383,254.9,10.7,597,20653,0.00,2.10,0.00,0.000,1030,0.000,0.024,3258,2090,1540,1698,1383,0,0,0,0,0,0,26.06,25.99,26.09,8.57,63.38
$GC,20844,1.19,309.2,3258,2089,1699,1382,231.4,11.7,602,20850,0.00,2.25,0.00,0.000,260,0.000,0.044,3258,3494,1541,1699,1383,0,0,0,0,0,0,26.53,25.69,26.54,8.58,62.67
$GC,20898,1.19,309.2,3258,3493,1699,1383,226.0,12.1,603,20902,0.00,2.10,0.00,0.000,1030,0.000,0.024,3258,2097,1541,1699,1383,0,0,0,0,0,0,26.06,25.98,26.08,8.58,62.67
$GC,21086,1.19,309.2,3258,2097,1699,1383,202.9,11.3,608,21090,0.00,2.22,0.00,0.000,260,0.000,0.044,3258,3495,1540,1698,1383,0,0,0,0,0,0,26.53,25.68,26.54,8.58,62.40
$GC,21149,1.19,309.2,3258,3495,1699,1383,195.8,11.2,610,21153,0.00,2.10,0.00,0.000,1030,0.000,0.024,3258,2099,1540,1698,1383,0,0,0,0,0,0,26.06,25.99,26.09,8.58,62.56
$GC,21354,1.19,309.2,3258,2100,1698,1383,173.6,11.0,620,21356,0.00,0.00,0.00,0.000,6,0.000,0.000,3258,2100,1541,1699,1383,0,0,0,0,0,0,26.53,26.54,26.54,8.58,62.79
$GC,21532,1.19,309.2,3258,2100,1699,1383,154.0,10.5,629,21538,0.00,2.25,0.00,0.000,260,0.000,0.044,3258,3486,1540,1698,1383,0,0,0,0,0,0,26.53,25.68,26.54,8.59,62.60
$GC,21600,1.19,309.2,3258,3486,1698,1383,147.2,10.3,632,21604,0.00,2.10,0.00,0.000,1030,0.000,0.024,3259,2089,1541,1699,1383,0,0,0,0,0,0,26.06,25.98,26.08,8.60,62.32
$GC,21799,1.19,309.2,3258,2089,1699,1383,125.1,11.7,642,21805,0.00,2.25,0.00,0.000,260,0.000,0.043,3259,3498,1541,1699,1383,0,0,0,0,0,0,26.53,25.67,26.54,8.60,62.12
$GC,21842,1.19,309.2,3258,3498,1699,1383,120.3,11.7,644,21846,0.00,2.10,0.00,0.000,1030,0.000,0.024,3258,2098,1541,1699,1383,0,0,0,0,0,0,26.06,25.99,26.09,8.60,62.75
$GC,22040,1.19,309.2,3258,2097,1699,1383,98.3,11.0,654,22045,0.00,2.25,0.00,0.000,260,0.000,0.043,3259,3485,1541,1699,1383,0,0,0,0,0,0,26.53,25.68,26.54,8.60,62.52
$GC,22086,1.19,309.2,3258,3485,1698,1383,93.6,10.6,656,22090,0.00,2.10,0.00,0.000,1030,0.000,0.024,3259,2086,1540,1698,1383,0,0,0,0,0,0,26.06,25.98,26.08,8.61,62.36
$GC,22289,1.22,337.9,3258,2086,1699,1383,74.8,8.7,666,22320,0.00,2.30,25.12,0.756,8452,0.000,0.043,3259,3487,1425,1592,1259,0,0,0,0,0,0,26.53,24.94,23.85,8.61,62.01
$GC,22421,1.30,421.8,3258,3487,1588,1259,66.8,6.2,672,22520,0.08,2.10,81.00,0.741,11270,0.095,0.024,3332,2096,1086,1220,952,0,0,0,0,2,0,25.78,25.84,23.62,8.63,62.79
$GC,22704,1.31,433.4,3331,2096,1215,952,42.1,9.5,690,22724,0.00,2.30,13.73,0.673,8452,0.000,0.043,3332,3490,1036,1154,919,0,0,0,0,0,0,26.24,25.00,23.97,8.69,64.17
$GC,22802,1.31,433.4,3331,3490,1152,918,32.4,10.1,699,22810,0.12,2.10,0.00,0.000,5126,0.128,0.023,3302,2089,1035,1153,918,0,0,0,0,0,0,25.52,25.81,25.63,8.72,64.05
$GC,22995,1.37,438.8,3302,2089,1151,916,15.5,9.7,718,23003,0.00,2.17,3.33,0.369,8708,0.000,0.035,3309,714,1014,1127,902,0,0,0,0,0,0,26.38,25.11,24.13,8.77,62.32
$GC,23058,1.42,488.2,3308,715,1126,901,9.7,7.7,724,23097,0.00,2.08,31.52,0.584,9222,0.000,0.025,3309,2098,810,885,735,0,0,0,0,0,0,25.99,25.91,24.18,8.78,61.53
$STATE,23134,end climb,SURFACE_DEPTH_REACHED
$STATE,23134,begin surface coast
$FINISH,-0.2,1.022629
$STATE,23158,end surface coast,CONTROL_FINISHED_OK
$STATE,23158,begin surface
$SM_CCo,23239,0.00,0.000,0,0,806,490.60
$SM_GC,-0.17,8.07,0.17,0.00,0.027,0.057,0.000,177,1930,806,-8.31,1.89,490.60,0,0,0,0,0,0,25.87,25.90,25.91
$IRIDIUM_FIX,814.67,-14132.33,090425,124419
$TT8_MAMPS,0.026964,0.383488
$HUMID,57.60
$INTERNAL_PRESSURE,8.74185
$TCM_TEMP,19.00
$XPDR_PINGS,0
$ALTIM_TOP_PING,19.4,18.3
$24V_AH,22.73,94.122
$10V_AH,9.52,60.676
$FG_AHR_24Vo,0.000
$FG_AHR_10Vo,0.000
$DEVICES,Pitch_motor,Roll_motor,VBD_pump_during_apogee,VBD_pump_during_surface,VBD_valve,Iridium_during_init,Iridium_during_connect,Iridium_during_xfer,Transponder_ping,GUMSTIX_24V,GPS,TT8,LPSleep,TT8_Active,TT8_Sampling,TT8_CF8,TT8_Kalman,Analog_circuits,GPS_charging,Compass,RAFOS,Transponder,Compass2
$DEVICE_SECS,22.000,300.750,613.075,0.000,0.000,0.000,0.000,260.125,0.250,0.000,22.973,3341.838,15463.941,781.675,3492.859,559.833,0.000,2870.148,0.000,3050.869,0.000,2.761,0.000
$DEVICE_MAMPS,201.195,64.260,1352.520,0.000,0.000,0.000,0.000,94.095,420.000,0.000,30.710,15.210,2.190,15.210,43.670,53.410,0.000,14.000,0.000,8.240,0.000,30.000,0.000
$SENSORS,SBE_CT,WL_blue_red_Chl,AA4330,nil,nil,nil,nil,nil,nil,nil
$SENSOR_SECS,639.127,0.000,983.552,0.000,0.000,0.000,0.000,0.000,0.000,0.000
$SENSOR_MAMPS,22.470,0.000,11.230,0.000,0.000,0.000,0.000,0.000,0.000,0.000
$MEM,311960
$DATA_FILE_SIZE,55471,734
$CAP_FILE_SIZE,265097,0
$CFSIZE,2097872896,2016804864
$ERRORS,0,0,0,0,0,0,0,0,0,0,0,0,0,2,1,0
$CURRENT,0.110,103.53,1
$GPS,250805,014930,813.702,-14133.120,44,1.0,80,9.3,1.0,268.3,8,4.3
