version: 66.14
glider: 195
mission: 21
dive: 495
start: 8 13 105 9 43 20
data:
$ID,195
$MISSION,21
$DIVE,495
$N_DIVES,0
$STOP_T,0
$D_SURF,3
$D_FLARE,2
$D_TGT,990
$D_ABORT,1090
$D_NO_BLEED,50
$D_BOOST,3
$T_BOOST,0
$D_FINISH,0
$D_PITCH,0
$D_SAFE,0
$D_CALL,0
$SURFACE_URGENCY,0
$SURFACE_URGENCY_TRY,0
$SURFACE_URGENCY_FORCE,0
$T_DIVE,330
$T_MISSION,600
$T_ABORT,1440
$T_TURN,300
$T_TURN_SAMPINT,5
$T_NO_W,120
$T_LOITER,0
$T_SLOITER,60
$T_EPIRB,0
$USE_BATHY,0
$USE_ICE,0
$ICE_FREEZE_MARGIN,0.30000001
$D_OFFGRID,990
$T_WATCHDOG,10
$RELAUNCH,1
$APOGEE_PITCH,-8
$MAX_BUOY,150
$COURSE_BIAS,0
$GLIDE_SLOPE,30
$SPEED_FACTOR,1
$RHO,1.023
$MASS,54002
$MASS_COMP,0
$NAV_MODE,2
$FERRY_MAX,45
$KALMAN_USE,2
$HD_A,0.0038000001
$HD_B,0.0099999998
$HD_C,9.8500004e-06
$HEADING,-1
$ESCAPE_HEADING,0
$ESCAPE_HEADING_DELTA,10
$FIX_MISSING_TIMEOUT,0
$TGT_DEFAULT_LAT,4736
$TGT_DEFAULT_LON,-12225
$TGT_AUTO_DEFAULT,0
$SM_CC,300
$N_FILEKB,4
$FILEMGR,0
$CALL_NDIVES,1
$COMM_SEQ,0
$PROTOCOL,9
$N_NOCOMM,1
$NOCOMM_ACTION,0
$N_NOSURFACE,0
$UPLOAD_DIVES_MAX,-1
$CALL_TRIES,5
$CALL_WAIT,60
$CAPUPLOAD,0
$CAPMAXSIZE,200000
$HEAPDBG,0
$T_GPS,15
$N_GPS,50840
$T_RSLEEP,2
$STROBE,0
$RAFOS_PEAK_OFFSET,1.5
$RAFOS_CORR_THRESH,60
$RAFOS_HIT_WINDOW,3600
$RAFOS_MMODEM,0
$PITCH_MIN,207
$PITCH_MAX,3915
$C_PITCH,2884
$PITCH_DBAND,0.1
$PITCH_CNV,0.003125763
$P_OVSHOOT,0.039999999
$P_OVSHOOT_WITHG,0.079999998
$PITCH_GAIN,19.15
$PITCH_TIMEOUT,17
$PITCH_AD_RATE,160
$PITCH_MAXERRORS,1
$PITCH_ADJ_GAIN,0.02
$PITCH_ADJ_DBAND,2.5
$ROLL_MIN,224
$ROLL_MAX,3758
$ROLL_DEG,40
$C_ROLL_DIVE,2000
$C_ROLL_CLIMB,2050
$HEAD_ERRBAND,10
$ROLL_CNV,0.028270001
$ROLL_TIMEOUT,15
$R_PORT_OVSHOOT,60
$R_STBD_OVSHOOT,42
$ROLL_AD_RATE,350
$ROLL_MAXERRORS,2
$ROLL_ADJ_GAIN,0
$ROLL_ADJ_DBAND,0
$VBD_MIN,500
$VBD_MAX,3960
$C_VBD,2806
$VBD_DBAND,2
$VBD_CNV,-0.24529999
$VBD_LP_IGNORE,0
$VBD_TIMEOUT,720
$PITCH_VBD_SHIFT,0.001
$VBD_PUMP_AD_RATE_SURFACE,5
$VBD_PUMP_AD_RATE_APOGEE,4
$VBD_BLEED_AD_RATE,8
$UNCOM_BLEED,60
$VBD_MAXERRORS,1
$W_ADJ_DBAND,0
$DBDW,0
$PITCH_W_GAIN,0
$PITCH_W_DBAND,0
$CF8_MAXERRORS,5
$AH0_24V,150
$AH0_10V,97
$MINV_24V,19
$MINV_10V,8
$MAXI_24V,0.80000001
$MAXI_10V,0.60000002
$FG_AHR_10V,0
$FG_AHR_24V,0
$PHONE_SUPPLY,-2
$PRESSURE_YINT,-49.397121
$PRESSURE_SLOPE,0.0001168043
$AD7714Ch0Gain,128
$TCM_PITCH_OFFSET,0
$TCM_ROLL_OFFSET,0
$COMPASS_USE,4
$ALTIM_BOTTOM_PING_RANGE,0
$ALTIM_TOP_PING_RANGE,20
$ALTIM_BOTTOM_TURN_MARGIN,0
$ALTIM_TOP_TURN_MARGIN,0
$ALTIM_TOP_MIN_OBSTACLE,1
$ALTIM_PING_DEPTH,0
$ALTIM_PING_DELTA,0
$ALTIM_FREQUENCY,13
$ALTIM_PULSE,3
$ALTIM_SENSITIVITY,3
$XPDR_VALID,5
$XPDR_INHIBIT,90
$INT_PRESSURE_SLOPE,0.0097660003
$INT_PRESSURE_YINT,-0.77999997
$DEEPGLIDER,0
$MOTHERBOARD,4
$DEVICE1,2
$DEVICE2,115
$DEVICE3,101
$DEVICE4,-1
$DEVICE5,-1
$DEVICE6,-1
$LOGGERS,0
$LOGGERDEVICE1,-1
$LOGGERDEVICE2,-1
$LOGGERDEVICE3,-1
$LOGGERDEVICE4,-1
$COMPASS_DEVICE,33
$COMPASS2_DEVICE,-1
$PHONE_DEVICE,49
$GPS_DEVICE,32
$RAFOS_DEVICE,-1
$XPDR_DEVICE,24
$SIM_W,0
$SIM_PITCH,0
$SEABIRD_T_G,0.0044178674
$SEABIRD_T_H,0.00064818078
$SEABIRD_T_I,2.6779007e-05
$SEABIRD_T_J,3.3667231e-06
$SEABIRD_C_G,-10.098215
$SEABIRD_C_H,1.1454017
$SEABIRD_C_I,-0.0021276253
$SEABIRD_C_J,0.00025532115
$SEABIRD_C_Z,2974.52
$GPS1,130805,093539,813.4176,-14102.0400,41,0.9,56,9.3,0.2,304.2,9,4.9
$_CALLS,1
$_XMS_NAKs,0
$_XMS_TOUTs,0
$_SM_DEPTHo,0.04
$_SM_ANGLEo,-54.8
$GPS2,130805,094240,813.4121,-14102.0068,6,0.9,30,9.3,0.3,102.5,9,4.9
$SPEED_LIMITS,0.173,0.262
$TGT_NAME,TX2
$TGT_LATLONG,1145.000,-14800.000
$TGT_RADIUS,10000.000
$KALMAN_CONTROL,0.000000,0.000000
$KALMAN_X,0.000000,0.000000,0.000000,0.000000,0.000000
$KALMAN_Y,0.000000,0.000000,0.000000,0.000000,0.000000
$MHEAD_RNG_PITCHd_Wd,282.8,853212,-18.1,-10.000,-20.93,2235
$D_GRID,990
$GCHEAD,st_secs,pitch_ctl,vbd_ctl,pitch_ad_start,roll_ad_start,vbd_pot1_ad_start,vbd_pot2_ad_start,depth,ob_vertv,data_pts,end_secs,pitch_secs,roll_secs,vbd_secs,vbd_i,gcphase,pitch_i,roll_i,pitch_ad,roll_ad,vbd_ad,vbd_pot1_ad,vbd_pot2_ad,pitch_retries,pitch_errors,roll_retries,roll_errors,vbd_retries,vbd_errors,pitch_volts,roll_volts,vbd_volts,int_press,humidity
$STATE,6,end surface,CONTROL_FINISHED_OK
$STATE,6,begin dive
$GC,74,-1.09,-146.6,138,2045,970,800,0.1,0.3,6,154,0.00,0.00,-77.93,0.000,16386,0.000,0.000,134,2045,2930,2944,2916,0,0,0,0,0,0,26.37,28.83,26.39,8.82,53.03
$GC,159,-1.09,-146.6,134,2045,2946,2917,3.1,-6.2,14,187,9.30,2.12,-9.93,0.000,18692,0.200,0.051,2513,3405,3406,3425,3388,0,0,0,0,0,0,24.70,25.35,24.89,9.03,52.59
$GC,296,-0.97,-146.6,2513,3404,3431,3388,25.7,-13.4,27,305,0.17,2.05,0.00,0.000,3078,0.142,0.020,2565,1978,3409,3430,3388,0,0,0,0,0,0,25.53,26.07,25.68,9.08,52.95
$GC,487,-0.90,-146.6,2564,1978,3432,3388,51.1,-13.0,46,492,0.00,2.25,0.00,0.000,260,0.000,0.038,2557,3400,3410,3432,3388,0,0,0,0,0,0,26.51,25.88,26.51,9.10,53.38
$GC,607,-0.83,-146.6,2557,3400,3433,3388,66.5,-14.6,51,615,0.17,2.03,0.00,0.000,3078,0.128,0.020,2612,1987,3410,3433,3388,0,0,0,0,0,0,25.67,26.14,25.81,9.11,53.66
$GC,792,-0.83,-146.6,2611,1987,3435,3388,87.4,-8.9,61,797,0.00,2.05,0.00,0.000,516,0.000,0.032,2612,632,3412,3436,3388,0,0,0,0,0,0,26.55,25.96,26.55,9.13,53.74
$GC,958,-0.83,-146.6,2611,632,3437,3388,101.8,-8.1,69,963,0.00,2.03,0.00,0.000,1030,0.000,0.023,2606,2023,3412,3437,3388,0,0,0,0,0,0,26.19,26.12,26.21,9.12,53.11
$GC,1163,-0.83,-146.6,2605,2023,3441,3388,111.6,-5.1,79,1167,0.00,2.10,0.00,0.000,260,0.000,0.039,2596,3390,3414,3440,3388,0,0,0,0,0,0,26.56,25.94,26.57,9.11,52.79
$GC,1269,-0.83,-146.6,2595,3390,3442,3389,118.4,-6.6,84,1273,0.00,1.98,0.00,0.000,1030,0.000,0.019,2596,2001,3415,3442,3388,0,0,0,0,0,0,26.25,26.20,26.26,9.10,52.67
$GC,1472,-0.83,-146.6,2595,2001,3444,3388,129.5,-5.1,94,1476,0.00,2.08,0.00,0.000,516,0.000,0.031,2596,624,3416,3444,3388,0,0,0,0,0,0,26.57,26.00,26.58,9.07,52.79
$GC,1670,-0.83,-146.6,2595,625,3444,3388,140.1,-6.2,103,1677,0.00,2.00,0.00,0.000,1030,0.000,0.022,2586,2002,3416,3444,3388,0,0,0,0,0,0,26.21,26.15,26.23,9.05,51.92
$GC,1856,-0.83,-146.6,2586,2001,3445,3388,153.2,-6.4,113,1864,0.10,2.15,0.00,0.000,2308,0.143,0.039,2609,3398,3417,3445,3389,0,0,0,0,0,0,26.10,25.94,26.16,9.03,52.36
$GC,1881,-0.83,-146.6,2609,3398,3444,3388,154.6,-6.3,114,1886,0.00,2.00,0.00,0.000,1030,0.000,0.020,2609,1996,3416,3445,3388,0,0,0,0,0,0,26.25,26.20,26.27,9.03,52.83
$GC,2081,-0.83,-146.6,2609,1996,3446,3389,166.9,-6.0,124,2085,0.00,2.08,0.00,0.000,516,0.000,0.032,2609,624,3417,3446,3389,0,0,0,0,0,0,26.57,25.99,26.58,9.02,52.63
$GC,2245,-0.83,-146.6,2608,624,3446,3389,177.8,-6.8,132,2250,0.00,2.00,0.00,0.000,1030,0.000,0.023,2600,1999,3417,3445,3389,0,0,0,0,0,0,26.20,26.14,26.22,9.02,53.54
$GC,2450,-0.83,-146.6,2600,2000,3446,3389,191.5,-6.6,142,2454,0.00,2.08,0.00,0.000,516,0.000,0.031,2600,629,3417,3446,3389,0,0,0,0,0,0,26.58,26.00,26.58,9.00,53.78
$GC,2522,-0.83,-146.6,2599,629,3445,3389,196.0,-6.9,145,2526,0.00,2.00,0.00,0.000,1030,0.000,0.023,2593,2000,3417,3446,3389,0,0,0,0,0,0,26.21,26.14,26.23,8.99,54.01
$GC,2736,-0.83,-146.6,2592,1999,3445,3389,210.0,-6.2,152,2740,0.00,2.08,0.00,0.000,516,0.000,0.031,2593,631,3417,3446,3389,0,0,0,0,0,0,26.58,26.00,26.58,8.98,54.37
$GC,2802,-0.83,-146.6,2592,631,3445,3389,212.7,-6.2,153,2808,0.10,2.00,0.00,0.000,3078,0.145,0.023,2614,2001,3417,3445,3389,0,0,0,0,0,0,25.85,26.14,25.96,8.98,54.60
$GC,3023,-0.90,-146.6,2613,2000,3446,3388,227.5,-6.3,159,3028,0.00,2.08,0.00,0.000,516,0.000,0.032,2614,633,3417,3446,3389,0,0,0,0,0,0,26.58,25.98,26.58,8.96,55.63
$GC,3086,-0.97,-146.6,2613,633,3445,3389,230.6,-6.4,160,3092,0.05,2.05,0.00,0.000,5126,0.076,0.024,2534,2002,3417,3445,3389,0,0,0,0,0,0,26.01,26.14,26.06,8.97,55.15
$GC,3312,-0.97,-146.6,2533,2002,3445,3389,250.3,-8.2,166,3314,0.12,0.00,0.00,0.000,2054,0.134,0.000,2573,2002,3417,3445,3389,0,0,0,0,0,0,26.03,26.15,26.10,8.95,55.74
$GC,3511,-0.97,-146.6,2572,2002,3445,3389,265.1,-7.3,171,3516,0.00,2.12,0.00,0.000,516,0.000,0.033,2572,632,3416,3444,3389,0,0,0,0,0,0,26.58,25.99,26.59,8.94,56.57
$GC,3665,-0.97,-146.6,2572,632,3445,3389,274.5,-7.5,174,3670,0.00,2.03,0.00,0.000,1030,0.000,0.024,2567,2006,3417,3445,3389,0,0,0,0,0,0,26.20,26.13,26.22,8.94,56.34
$GC,3880,-0.97,-146.6,2566,2006,3444,3388,293.4,-7.8,180,3884,0.00,2.15,0.00,0.000,516,0.000,0.033,2566,628,3416,3444,3389,0,0,0,0,0,0,26.58,25.98,26.59,8.93,56.77
$GC,3966,-0.97,-146.6,2566,628,3444,3389,300.2,-8.0,182,3971,0.00,2.08,0.00,0.000,1030,0.000,0.024,2557,2006,3416,3444,3388,0,0,0,0,0,0,26.16,26.14,26.19,8.93,56.45
$GC,4166,-0.97,-146.6,2556,2006,3443,3389,315.7,-7.6,187,4170,0.00,2.10,0.00,0.000,516,0.000,0.033,2557,634,3415,3443,3388,0,0,0,0,0,0,26.58,25.98,26.59,8.92,57.12
$GC,4300,-0.97,-146.6,2556,634,3443,3388,325.3,-7.7,190,4304,0.00,2.03,0.00,0.000,1030,0.000,0.024,2548,2006,3415,3442,3389,0,0,0,0,0,0,26.20,26.13,26.22,8.92,57.36
$GC,4494,-0.97,-146.6,2548,2006,3440,3389,341.1,-7.7,195,4498,0.00,2.10,0.00,0.000,516,0.000,0.033,2548,633,3415,3441,3389,0,0,0,0,0,0,26.58,25.98,26.59,8.91,57.28
$GC,4561,-0.97,-146.6,2548,634,3441,3388,344.7,-7.9,196,4566,0.10,2.05,0.00,0.000,3078,0.134,0.024,2572,1996,3414,3441,3388,0,0,0,0,0,0,25.77,26.13,25.96,8.91,57.32
$GC,4781,-0.97,-146.6,2571,1995,3439,3389,363.9,-7.8,202,4786,0.00,2.17,0.00,0.000,260,0.000,0.041,2564,3394,3413,3439,3388,0,0,0,0,0,0,26.58,25.92,26.59,8.90,58.03
$GC,4803,-0.97,-146.6,2564,3394,3438,3388,363.9,-7.8,202,4808,0.00,2.03,0.00,0.000,1030,0.000,0.021,2564,2004,3413,3438,3388,0,0,0,0,0,0,26.23,26.17,26.25,8.90,58.23
$GC,5030,-0.97,-146.6,2563,2004,3437,3386,383.5,-7.9,208,5034,0.00,2.12,0.00,0.000,516,0.000,0.034,2564,619,3412,3438,3386,0,0,0,0,0,0,26.58,25.96,26.58,8.89,58.15
$GC,5187,-0.97,-146.6,2563,619,3437,3386,393.6,-8.0,211,5195,0.00,2.05,0.00,0.000,1030,0.000,0.024,2555,2009,3411,3437,3385,0,0,0,0,0,0,26.19,26.12,26.22,8.88,57.99
$GC,5396,-0.97,-146.6,2554,2009,3438,3384,411.8,-7.4,217,5401,0.00,2.12,0.00,0.000,516,0.000,0.033,2555,626,3410,3437,3384,0,0,0,0,0,0,26.58,25.96,26.59,8.88,57.79
$GC,5488,-0.97,-146.6,2554,626,3438,3384,418.0,-7.3,219,5493,0.00,2.05,0.00,0.000,1030,0.000,0.024,2545,2013,3410,3436,3384,0,0,0,0,0,0,26.18,26.12,26.21,8.88,57.67
$GC,5684,-0.97,-146.6,2545,2012,3435,3383,432.1,-6.9,224,5688,0.00,2.15,0.00,0.000,516,0.000,0.034,2545,614,3409,3435,3383,0,0,0,0,0,0,26.58,25.96,26.59,8.88,58.19
$GC,5820,-0.97,-146.6,2545,614,3435,3383,441.4,-7.3,227,5826,0.10,2.08,0.00,0.000,3078,0.149,0.024,2568,2009,3408,3434,3383,0,0,0,0,0,0,25.81,26.11,25.91,8.87,58.38
$GC,6017,-0.97,-146.6,2567,2009,3434,3382,455.7,-6.9,232,6021,0.00,2.12,0.00,0.000,516,0.000,0.034,2568,626,3407,3434,3381,0,0,0,0,0,0,26.58,25.95,26.59,8.87,59.17
$GC,6123,-0.97,-146.6,2567,626,3434,3381,462.0,-7.1,234,6127,0.00,2.05,0.00,0.000,1030,0.000,0.024,2561,2009,3407,3434,3381,0,0,0,0,0,0,26.18,26.10,26.20,8.86,58.62
$GC,6344,-0.97,-146.6,2561,2009,3433,3380,481.4,-8.2,240,6348,0.00,2.15,0.00,0.000,516,0.000,0.034,2561,614,3406,3433,3380,0,0,0,0,0,0,26.58,25.94,26.59,8.86,58.82
$GC,6483,-0.97,-146.6,2561,614,3433,3380,492.6,-8.9,243,6487,0.00,2.05,0.00,0.000,1030,0.000,0.025,2553,1999,3406,3433,3380,0,0,0,0,0,0,26.17,26.10,26.20,8.86,58.62
$GC,6671,-0.97,-146.6,2553,1999,3432,3379,511.4,-9.2,248,6676,0.00,2.15,0.00,0.000,516,0.000,0.034,2553,628,3405,3432,3379,0,0,0,0,0,0,26.58,25.94,26.59,8.86,58.86
$GC,6758,-0.97,-146.6,2552,628,3432,3379,519.4,-9.3,250,6763,0.00,2.05,0.00,0.000,1030,0.000,0.025,2543,2005,3405,3432,3379,0,0,0,0,0,0,26.17,26.10,26.20,8.85,58.66
$GC,6957,-0.97,-146.6,2543,2005,3431,3378,537.9,-9.1,255,6961,0.00,2.17,0.00,0.000,260,0.000,0.041,2534,3398,3404,3431,3378,0,0,0,0,0,0,26.58,25.90,26.59,8.85,59.60
$GC,7091,-0.97,-146.6,2533,3398,3430,3377,549.1,-9.0,258,7098,0.12,2.05,0.00,0.000,3078,0.137,0.021,2573,1994,3404,3431,3377,0,0,0,0,0,0,25.78,26.16,25.89,8.84,58.82
$GC,7283,-0.97,-146.6,2572,1994,3431,3377,564.7,-7.6,263,7287,0.00,2.10,0.00,0.000,516,0.000,0.035,2573,629,3403,3430,3377,0,0,0,0,0,0,26.58,25.92,26.59,8.84,59.92
$GC,7439,-0.97,-146.6,2572,629,3430,3377,573.8,-7.4,266,7446,0.00,2.05,0.00,0.000,1030,0.000,0.025,2567,2012,3403,3430,3377,0,0,0,0,0,0,26.17,26.10,26.19,8.83,59.33
$GC,7647,-0.97,-146.6,2567,2012,3429,3376,589.1,-6.1,272,7652,0.00,2.17,0.00,0.000,260,0.000,0.041,2557,3404,3403,3430,3376,0,0,0,0,0,0,26.58,25.89,26.59,8.83,59.37
$GC,7804,-0.97,-146.6,2556,3404,3429,3375,596.2,-5.7,275,7811,0.00,2.05,0.00,0.000,1030,0.000,0.022,2557,1999,3402,3429,3375,0,0,0,0,0,0,26.21,26.15,26.23,8.83,59.56
$GC,8014,-0.97,-146.6,2556,1999,3429,3374,609.4,-5.6,281,8018,0.00,2.12,0.00,0.000,516,0.000,0.035,2557,620,3401,3429,3374,0,0,0,0,0,0,26.58,25.91,26.59,8.82,59.25
$GC,8181,-0.97,-146.6,2556,620,3428,3374,619.5,-6.1,285,8185,0.00,2.08,0.00,0.000,1030,0.000,0.026,2549,2010,3400,3427,3374,0,0,0,0,0,0,26.16,26.08,26.19,8.82,59.09
$GC,8380,-0.97,-146.6,2548,2010,3426,3373,632.5,-6.6,290,8384,0.00,2.17,0.00,0.000,260,0.000,0.041,2539,3402,3399,3426,3373,0,0,0,0,0,0,26.58,25.87,26.59,8.81,60.23
$GC,8424,-0.97,-146.6,2538,3403,3426,3373,635.5,-6.7,291,8431,0.10,2.08,0.00,0.000,3078,0.145,0.022,2569,1990,3399,3426,3373,0,0,0,0,0,0,25.82,26.15,25.92,8.82,60.39
$GC,8627,-0.97,-146.6,2569,1990,3426,3373,649.8,-7.1,296,8631,0.00,2.12,0.00,0.000,516,0.000,0.035,2569,616,3399,3426,3373,0,0,0,0,0,0,26.58,25.89,26.59,8.81,60.23
$GC,8805,-0.97,-146.6,2569,616,3425,3372,662.8,-7.9,300,8809,0.00,2.08,0.00,0.000,1030,0.000,0.026,2563,2003,3398,3424,3372,0,0,0,0,0,0,26.15,26.08,26.17,8.81,60.00
$GC,8995,-0.97,-146.6,2562,2003,3424,3371,678.9,-7.9,305,8999,0.00,2.15,0.00,0.000,516,0.000,0.035,2563,616,3397,3424,3371,0,0,0,0,0,0,26.58,25.90,26.59,8.80,59.72
$GC,9052,-0.97,-146.6,2562,616,3424,3371,682.5,-8.0,306,9056,0.00,2.08,0.00,0.000,1030,0.000,0.026,2555,2005,3397,3424,3371,0,0,0,0,0,0,26.14,26.07,26.17,8.80,60.27
$GC,9241,-0.97,-146.6,2554,2005,3423,3370,697.6,-7.5,311,9243,0.00,0.00,0.00,0.000,6,0.000,0.000,2555,2005,3396,3423,3370,0,0,0,0,0,0,26.58,26.59,26.59,8.80,59.96
$GC,9442,-0.97,-146.6,2554,2005,3423,3369,712.2,-7.2,316,9446,0.00,2.15,0.00,0.000,516,0.000,0.035,2555,616,3395,3423,3368,0,0,0,0,0,0,26.58,25.89,26.59,8.80,60.19
$GC,9609,-0.97,-146.6,2554,614,3423,3368,724.4,-7.5,320,9613,0.00,2.08,0.00,0.000,1030,0.000,0.026,2545,2001,3395,3422,3368,0,0,0,0,0,0,26.13,26.06,26.17,8.79,59.92
$GC,9807,-0.97,-146.6,2544,2001,3422,3367,738.9,-7.3,325,9812,0.00,2.17,0.00,0.000,516,0.000,0.036,2545,623,3394,3422,3367,0,0,0,0,0,0,26.58,25.87,26.59,8.78,60.35
$GC,9894,-0.97,-146.6,2545,623,3421,3367,745.4,-7.4,327,9899,0.10,2.08,0.00,0.000,3078,0.148,0.027,2567,2006,3394,3421,3367,0,0,0,0,0,0,25.76,26.05,25.86,8.79,60.55
$GC,10090,-1.02,-146.6,2567,2006,3421,3367,758.7,-6.7,332,10094,0.00,2.15,0.00,0.000,516,0.000,0.036,2568,626,3394,3421,3367,0,0,0,0,0,0,26.58,25.86,26.58,8.78,60.94
$GC,10182,-1.02,-146.6,2567,626,3421,3367,764.6,-6.8,334,10186,0.00,2.08,0.00,0.000,1030,0.000,0.027,2561,2008,3394,3421,3367,0,0,0,0,0,0,26.12,26.04,26.15,8.78,61.34
$GC,10376,-1.02,-146.6,2561,2008,3421,3366,778.0,-6.6,339,10380,0.00,2.15,0.00,0.000,516,0.000,0.036,2561,626,3393,3421,3366,0,0,0,0,0,0,26.58,25.86,26.59,8.77,60.55
$GC,10448,-1.02,-146.6,2560,626,3421,3366,780.9,-6.7,340,10452,0.00,2.08,0.00,0.000,1030,0.000,0.027,2553,2010,3392,3420,3365,0,0,0,0,0,0,26.12,26.04,26.15,8.78,61.26
$GC,10662,-1.02,-146.6,2552,2009,3420,3365,797.2,-6.7,346,10666,0.00,2.15,0.00,0.000,516,0.000,0.036,2553,626,3392,3420,3365,0,0,0,0,0,0,26.58,25.86,26.58,8.77,60.63
$GC,10739,-1.02,-146.6,2552,626,3420,3365,800.2,-6.7,347,10746,0.00,2.05,0.00,0.000,1030,0.000,0.027,2543,2001,3392,3420,3365,0,0,0,0,0,0,26.12,26.04,26.15,8.77,60.94
$GC,10946,-1.02,-146.6,2543,2001,3419,3365,816.8,-6.8,353,10949,0.00,2.15,0.00,0.000,516,0.000,0.037,2544,617,3392,3420,3365,0,0,0,0,0,0,26.58,25.84,26.59,8.77,60.82
$GC,11080,-1.02,-146.6,2543,617,3420,3365,825.9,-7.3,356,11084,0.00,2.08,0.00,0.000,1030,0.000,0.027,2535,2001,3392,3420,3364,0,0,0,0,0,0,26.10,26.03,26.14,8.76,61.53
$GC,11275,-1.02,-146.6,2534,2001,3419,3364,840.4,-7.1,361,11282,0.00,2.20,0.00,0.000,260,0.000,0.042,2525,3402,3391,3419,3364,0,0,0,0,0,0,26.58,25.80,26.59,8.76,61.85
$GC,11300,-1.02,-146.6,2524,3402,3418,3364,840.4,-7.1,361,11305,0.00,2.10,0.00,0.000,1030,0.000,0.023,2525,2008,3391,3418,3364,0,0,0,0,0,0,26.13,26.10,26.15,8.76,61.30
$GC,11519,-1.02,-146.6,2524,2007,3418,3363,858.0,-7.2,367,11525,0.10,2.17,0.00,0.000,2564,0.153,0.037,2554,611,3391,3418,3364,0,0,0,0,0,0,26.07,25.82,26.11,8.76,62.04
$GC,11699,-1.02,-146.6,2553,611,3418,3363,869.9,-7.1,371,11703,0.00,2.10,0.00,0.000,1030,0.000,0.027,2548,2008,3390,3418,3363,0,0,0,0,0,0,26.10,26.02,26.13,8.76,61.26
$GC,11888,-1.02,-146.6,2547,2008,3418,3362,884.0,-7.0,376,11893,0.00,2.17,0.00,0.000,516,0.000,0.037,2547,612,3390,3418,3362,0,0,0,0,0,0,26.58,25.82,26.59,8.75,61.30
$GC,11945,-1.02,-146.6,2547,612,3417,3363,887.3,-7.1,377,11949,0.00,2.10,0.00,0.000,1030,0.000,0.028,2539,2005,3390,3418,3362,0,0,0,0,0,0,26.09,26.01,26.12,8.75,61.10
$GC,12134,-1.02,-146.6,2538,2005,3418,3361,901.9,-7.3,382,12139,0.00,2.17,0.00,0.000,516,0.000,0.037,2539,616,3389,3417,3361,0,0,0,0,0,0,26.58,25.81,26.59,8.75,61.77
$GC,12202,-1.02,-146.6,2539,616,3417,3361,905.4,-7.4,383,12206,0.00,2.10,0.00,0.000,1030,0.000,0.028,2529,2007,3389,3418,3361,0,0,0,0,0,0,26.08,26.01,26.12,8.75,61.34
$GC,12421,-1.02,-146.6,2529,2006,3417,3360,923.9,-7.6,389,12425,0.00,2.17,0.00,0.000,516,0.000,0.037,2529,609,3388,3417,3360,0,0,0,0,0,0,26.58,25.81,26.58,8.75,62.08
$GC,12539,-1.02,-146.6,2529,608,3417,3360,930.6,-7.8,391,12547,0.10,2.10,0.00,0.000,3078,0.145,0.028,2550,2007,3388,3416,3360,0,0,0,0,0,0,25.72,26.01,25.82,8.74,61.85
$GC,12746,-1.02,-146.6,2550,2007,3416,3360,948.0,-7.2,397,12749,0.00,2.17,0.00,0.000,516,0.000,0.037,2550,617,3387,3416,3359,0,0,0,0,0,0,26.58,25.80,26.58,8.74,61.77
$GC,12807,-1.02,-146.6,2549,617,3416,3359,951.1,-7.2,398,12811,0.00,2.10,0.00,0.000,1030,0.000,0.028,2543,2006,3388,3416,3360,0,0,0,0,0,0,26.08,26.00,26.10,8.74,61.65
$GC,13031,-1.02,-146.6,2542,2007,3416,3359,968.2,-7.1,404,13035,0.00,2.17,0.00,0.000,516,0.000,0.037,2543,613,3387,3416,3359,0,0,0,0,0,0,26.58,25.79,26.58,8.74,61.61
$GC,13107,-1.02,-146.6,2543,613,3416,3359,971.4,-7.1,405,13115,0.00,2.10,0.00,0.000,1030,0.000,0.028,2534,2007,3387,3416,3359,0,0,0,0,0,0,26.07,25.99,26.10,8.74,61.61
$GC,13314,-1.02,-146.6,2534,2007,3415,3358,988.6,-7.1,411,13319,0.00,2.17,0.00,0.000,516,0.000,0.037,2534,616,3386,3415,3358,0,0,0,0,0,0,26.58,25.78,26.58,8.73,62.04
$STATE,13355,end dive,TARGET_DEPTH_EXCEEDED
$STATE,13356,begin apogee
$GC,13365,-0.42,0.0,2525,2056,3415,3358,992.0,-7.2,412,13506,0.68,0.00,137.48,1.350,10246,0.105,0.000,2749,2055,2805,2901,2709,0,0,0,0,0,0,25.27,24.10,22.72,8.73,62.01
$STATE,13508,end apogee,CONTROL_FINISHED_OK
$STATE,13508,begin climb
$GC,13511,1.09,146.6,2749,2055,2899,2708,996.8,0.0,415,13662,1.38,0.00,142.80,1.295,10758,0.067,0.000,3233,2055,2208,2294,2122,0,0,0,0,0,0,24.77,24.08,22.83,8.68,61.14
$GC,13882,1.03,156.0,3233,2055,2288,2121,966.2,9.6,425,13898,0.00,2.25,9.88,1.114,8964,0.000,0.039,3243,667,2168,2252,2084,0,0,0,0,0,0,26.27,25.06,23.62,8.63,60.63
$GC,14033,0.94,160.3,3243,667,2252,2084,954.2,9.8,428,14045,0.17,2.10,5.57,0.950,13318,0.135,0.027,3189,2051,2150,2234,2067,0,0,0,0,0,0,25.55,25.91,23.71,8.62,61.02
$GC,14246,0.97,186.2,3189,2051,2233,2067,932.4,8.8,434,14283,0.00,2.25,27.73,1.261,8964,0.000,0.039,3196,676,2044,2137,1951,0,0,0,0,0,0,26.40,24.85,23.44,8.61,61.93
$GC,14402,0.98,204.1,3195,676,2137,1951,920.9,9.2,437,14426,0.00,2.08,18.60,1.212,9222,0.000,0.027,3195,2048,1972,2077,1868,0,0,0,0,0,0,25.89,25.82,23.50,8.61,61.57
$GC,14646,0.99,209.9,3195,2048,2076,1866,894.2,9.7,444,14658,0.00,2.20,6.97,1.035,8708,0.000,0.037,3205,664,1947,2055,1840,0,0,0,0,0,0,26.32,24.64,23.73,8.60,62.16
$GC,14772,0.99,214.2,3204,664,2053,1840,882.7,9.8,447,14785,0.00,2.12,6.00,0.975,9222,0.000,0.027,3205,2057,1929,2039,1820,0,0,0,0,0,0,26.01,25.94,23.74,8.59,62.04
$GC,15005,1.00,215.1,3204,2057,2038,1819,858.6,10.0,453,15009,0.00,2.20,0.00,0.000,260,0.000,0.043,3204,3458,1929,2039,1819,0,0,0,0,0,0,26.41,25.86,26.42,8.59,62.08
$GC,15031,1.00,216.0,3204,3459,2038,1819,858.6,10.0,453,15036,0.00,2.12,0.00,0.000,1030,0.000,0.025,3213,2038,1929,2039,1819,0,0,0,0,0,0,26.10,26.03,26.13,8.59,62.32
$GC,15250,1.00,218.2,3212,2037,2039,1819,834.0,9.9,459,15261,0.00,2.17,5.40,0.935,8708,0.000,0.040,3221,672,1913,2024,1803,0,0,0,0,0,0,26.50,25.32,23.89,8.59,63.15
$GC,15330,1.00,220.3,3220,672,2024,1803,826.0,9.9,461,15335,0.00,2.08,0.00,0.000,1030,0.000,0.027,3221,2051,1913,2024,1803,0,0,0,0,0,0,26.09,26.01,26.12,8.58,62.64
$GC,15535,1.00,224.3,3221,2051,2024,1803,806.0,9.8,466,15548,0.00,2.20,7.68,1.050,8964,0.000,0.037,3229,666,1889,2005,1773,0,0,0,0,0,0,26.49,24.76,23.87,8.58,62.56
$GC,15672,1.01,229.0,3229,666,2005,1772,794.6,9.8,469,15685,0.00,2.10,6.10,0.968,9222,0.000,0.027,3229,2053,1870,1991,1750,0,0,0,0,0,0,26.06,25.99,23.81,8.58,63.11
$GC,15894,1.01,231.3,3229,2052,1991,1751,770.7,9.9,475,15899,0.00,2.20,0.00,0.000,516,0.000,0.040,3236,662,1871,1992,1750,0,0,0,0,0,0,26.44,25.84,26.44,8.57,62.75
$GC,16021,1.01,234.5,3236,662,1991,1751,758.3,9.9,478,16035,0.00,2.12,7.47,1.024,9222,0.000,0.028,3236,2044,1845,1965,1726,0,0,0,0,0,0,26.08,26.03,23.88,8.57,62.91
$GC,16219,1.01,234.5,3236,2044,1965,1726,738.0,10.2,483,16224,0.00,2.22,0.00,0.000,260,0.000,0.042,3236,3458,1845,1965,1726,0,0,0,0,0,0,26.44,25.84,26.44,8.57,63.07
$GC,16247,1.01,234.5,3236,3458,1964,1726,738.0,10.2,483,16254,0.12,2.12,0.00,0.000,5126,0.141,0.025,3206,2046,1845,1965,1726,0,0,0,0,0,0,25.70,26.03,25.83,8.56,62.83
$GC,16464,1.02,239.3,3205,2046,1965,1726,713.9,9.8,489,16476,0.00,2.17,6.25,0.953,8708,0.000,0.038,3213,666,1826,1947,1706,0,0,0,0,0,0,26.51,24.79,23.91,8.57,63.58
$GC,16560,1.02,243.1,3213,667,1947,1707,706.5,9.8,491,16571,0.00,2.10,5.70,0.909,9222,0.000,0.027,3213,2052,1812,1935,1690,0,0,0,0,0,0,26.07,26.00,23.83,8.56,63.58
$GC,16781,1.02,243.1,3213,2052,1934,1688,681.9,10.3,497,16785,0.00,2.20,0.00,0.000,516,0.000,0.040,3221,659,1811,1934,1688,0,0,0,0,0,0,26.44,25.84,26.45,8.56,63.27
$GC,16917,1.02,243.1,3221,658,1935,1688,668.9,10.4,500,16921,0.00,2.12,0.00,0.000,1030,0.000,0.027,3221,2060,1811,1934,1688,0,0,0,0,0,0,26.10,26.03,26.13,8.56,62.91
$GC,17111,1.02,243.1,3221,2060,1934,1688,646.9,10.8,505,17115,0.00,2.22,0.00,0.000,516,0.000,0.040,3230,668,1811,1934,1688,0,0,0,0,0,0,26.53,25.88,26.53,8.56,62.83
$GC,17245,1.02,243.1,3229,668,1934,1688,633.3,10.9,508,17249,0.00,2.10,0.00,0.000,1030,0.000,0.028,3230,2056,1811,1934,1688,0,0,0,0,0,0,26.13,26.06,26.16,8.56,63.50
$GC,17439,1.02,243.1,3230,2055,1934,1688,610.9,11.0,513,17443,0.00,2.20,0.00,0.000,260,0.000,0.042,3230,3450,1811,1934,1688,0,0,0,0,0,0,26.55,25.87,26.55,8.57,63.34
$GC,17455,1.02,243.1,3229,3450,1934,1688,610.9,11.0,513,17460,0.00,2.12,0.00,0.000,1030,0.000,0.025,3239,2051,1811,1934,1688,0,0,0,0,0,0,26.11,26.08,26.14,8.56,63.42
$GC,17645,1.02,243.1,3239,2051,1934,1688,588.3,10.9,518,17649,0.00,2.17,0.00,0.000,516,0.000,0.040,3249,665,1811,1934,1688,0,0,0,0,0,0,26.55,25.86,26.56,8.56,63.78
$GC,17721,1.02,243.1,3248,665,1934,1689,583.5,11.0,519,17730,0.12,2.08,0.00,0.000,5126,0.140,0.027,3210,2049,1811,1934,1688,0,0,0,0,0,0,25.70,26.06,25.83,8.56,63.30
$GC,17930,1.02,243.1,3209,2050,1934,1688,558.9,10.1,525,17934,0.00,2.17,0.00,0.000,516,0.000,0.040,3218,666,1811,1934,1688,0,0,0,0,0,0,26.56,25.85,26.57,8.56,63.11
$GC,18047,1.02,243.1,3217,666,1934,1688,550.3,10.1,527,18054,0.00,2.08,0.00,0.000,1030,0.000,0.028,3218,2051,1811,1934,1688,0,0,0,0,0,0,26.13,26.05,26.15,8.56,63.19
$GC,18255,1.02,243.1,3217,2051,1934,1688,525.0,10.6,533,18259,0.00,2.20,0.00,0.000,260,0.000,0.042,3218,3448,1811,1934,1688,0,0,0,0,0,0,26.56,25.84,26.57,8.56,63.66
$GC,18381,1.02,243.1,3217,3449,1935,1688,511.2,11.0,536,18386,0.00,2.12,0.00,0.000,1030,0.000,0.026,3226,2051,1811,1935,1688,0,0,0,0,0,0,26.09,26.06,26.12,8.56,63.54
$GC,18580,1.02,243.1,3225,2050,1934,1688,489.1,11.0,541,18584,0.00,2.22,0.00,0.000,260,0.000,0.042,3226,3458,1811,1934,1688,0,0,0,0,0,0,26.56,25.82,26.57,8.57,63.50
$GC,18638,1.02,243.1,3225,3459,1934,1688,484.3,11.0,542,18642,0.00,2.12,0.00,0.000,1030,0.000,0.025,3235,2047,1811,1934,1688,0,0,0,0,0,0,26.13,26.06,26.15,8.56,63.07
$GC,18826,1.02,243.1,3235,2048,1934,1688,461.9,11.0,547,18830,0.00,2.17,0.00,0.000,516,0.000,0.040,3246,661,1811,1934,1688,0,0,0,0,0,0,26.56,25.82,26.57,8.56,63.58
$GC,18857,1.02,243.1,3245,661,1934,1688,461.9,11.0,547,18868,0.10,2.10,0.00,0.000,5126,0.148,0.027,3215,2053,1811,1934,1688,0,0,0,0,0,0,25.73,26.03,25.84,8.56,62.87
$GC,19071,1.02,243.1,3215,2052,1934,1688,436.4,10.3,553,19076,0.00,2.20,0.00,0.000,260,0.000,0.043,3215,3445,1811,1934,1688,0,0,0,0,0,0,26.56,25.79,26.57,8.57,63.27
$GC,19188,1.02,243.1,3214,3445,1934,1688,427.4,10.4,555,19195,0.00,2.08,0.00,0.000,1030,0.000,0.025,3223,2050,1811,1934,1688,0,0,0,0,0,0,26.12,26.04,26.15,8.57,63.15
$GC,19397,1.02,243.1,3223,2050,1934,1688,402.6,10.3,561,19401,0.00,2.20,0.00,0.000,260,0.000,0.043,3223,3444,1811,1934,1688,0,0,0,0,0,0,26.56,25.79,26.57,8.57,62.64
$GC,19449,1.02,243.1,3222,3444,1934,1688,397.8,10.3,562,19453,0.00,2.10,0.00,0.000,1030,0.000,0.025,3233,2041,1811,1934,1688,0,0,0,0,0,0,26.11,26.04,26.15,8.57,62.67
$GC,19643,1.02,243.1,3233,2042,1934,1688,376.9,10.3,567,19647,0.00,2.22,0.00,0.000,260,0.000,0.042,3233,3445,1811,1934,1688,0,0,0,0,0,0,26.56,25.78,26.57,8.58,63.46
$GC,19694,1.02,243.1,3233,3445,1934,1688,372.1,10.5,568,19698,0.00,2.10,0.00,0.000,1030,0.000,0.024,3243,2043,1811,1934,1688,0,0,0,0,0,0,26.12,26.05,26.15,8.58,63.23
$GC,19888,1.02,243.1,3242,2042,1934,1688,351.5,10.2,573,19892,0.00,2.22,0.00,0.000,260,0.000,0.042,3243,3446,1811,1934,1688,0,0,0,0,0,0,26.56,25.78,26.57,8.58,62.99
$GC,19945,1.02,243.1,3243,3447,1934,1688,346.9,10.2,574,19950,0.12,2.10,0.00,0.000,5126,0.148,0.024,3215,2043,1811,1935,1688,0,0,0,0,0,0,25.63,26.04,25.76,8.57,62.83
$GC,20135,1.04,260.2,3214,2043,1934,1688,327.8,9.2,579,20160,0.00,2.30,17.17,0.917,8452,0.000,0.041,3215,3451,1741,1876,1607,0,0,0,0,0,0,26.56,25.06,23.80,8.58,62.48
$GC,20198,1.06,276.5,3214,3451,1876,1607,324.0,9.3,580,20221,0.00,2.12,16.35,0.897,9222,0.000,0.024,3222,2043,1675,1817,1533,0,0,0,0,0,0,25.94,25.86,23.75,8.57,62.44
$GC,20416,1.06,281.5,3222,2043,1817,1533,300.6,9.8,586,20427,0.00,2.25,5.90,0.737,8452,0.000,0.041,3223,3446,1654,1798,1510,0,0,0,0,0,0,26.32,24.60,23.87,8.57,62.12
$GC,20507,1.06,284.1,3222,3446,1798,1510,292.9,9.9,588,20511,0.00,2.10,0.00,0.000,1030,0.000,0.024,3232,2045,1654,1798,1510,0,0,0,0,0,0,25.97,25.89,26.00,8.58,61.85
$GC,20696,1.07,285.4,3232,2044,1799,1510,272.6,9.9,593,20706,0.00,2.20,4.88,0.674,8452,0.000,0.041,3232,3438,1638,1783,1494,0,0,0,0,0,0,26.44,24.70,23.98,8.58,61.85
$GC,20761,1.07,285.4,3232,3438,1783,1494,268.3,10.1,594,20765,0.00,2.10,0.00,0.000,1030,0.000,0.024,3243,2039,1638,1783,1494,0,0,0,0,0,0,26.05,25.97,26.07,8.58,61.81
$GC,20980,1.07,285.4,3242,2039,1783,1494,242.7,10.5,600,20984,0.00,2.25,0.00,0.000,260,0.000,0.042,3242,3464,1638,1783,1494,0,0,0,0,0,0,26.48,25.79,26.49,8.58,62.16
$GC,21042,1.07,285.4,3242,3464,1783,1494,238.0,10.5,601,21046,0.00,2.12,0.00,0.000,1030,0.000,0.024,3253,2042,1638,1783,1494,0,0,0,0,0,0,26.10,26.03,26.13,8.58,61.73
$GC,21267,1.07,289.7,3252,2042,1782,1493,213.9,9.8,607,21278,0.00,2.22,4.97,0.659,8452,0.000,0.041,3253,3446,1623,1768,1478,0,0,0,0,0,0,26.53,24.78,24.07,8.59,61.93
$GC,21360,1.07,289.7,3253,3446,1767,1477,205.4,10.1,609,21367,0.10,2.10,0.00,0.000,5126,0.149,0.024,3231,2046,1622,1767,1477,0,0,0,0,0,0,25.73,26.03,25.85,8.59,62.36
$GC,21567,1.07,289.7,3230,2046,1767,1477,182.5,10.8,618,21571,0.00,2.22,0.00,0.000,260,0.000,0.042,3232,3456,1622,1767,1477,0,0,0,0,0,0,26.52,25.81,26.53,8.58,62.28
$GC,21639,1.07,289.7,3230,3457,1767,1477,175.1,11.4,621,21643,0.00,2.10,0.00,0.000,1030,0.000,0.024,3239,2046,1622,1767,1477,0,0,0,0,0,0,26.13,26.06,26.15,8.60,62.32
$GC,21833,1.07,289.7,3239,2047,1767,1477,153.2,10.7,631,21837,0.00,2.20,0.00,0.000,260,0.000,0.042,3240,3444,1622,1767,1477,0,0,0,0,0,0,26.54,25.81,26.55,8.60,61.22
$GC,21896,1.07,289.7,3239,3444,1767,1477,146.3,10.8,634,21900,0.00,2.08,0.00,0.000,1030,0.000,0.024,3249,2045,1622,1767,1477,0,0,0,0,0,0,26.13,26.06,26.15,8.60,61.85
$GC,22100,1.07,289.7,3249,2045,1767,1477,124.2,10.9,644,22104,0.00,2.22,0.00,0.000,260,0.000,0.041,3249,3452,1622,1767,1477,0,0,0,0,0,0,26.55,25.80,26.56,8.60,61.73
$GC,22167,1.07,289.7,3249,3452,1767,1477,117.1,11.0,647,22172,0.10,2.10,0.00,0.000,5126,0.150,0.024,3229,2048,1622,1767,1477,0,0,0,0,0,0,25.74,26.06,25.84,8.60,61.85
$GC,22361,1.07,289.7,3228,2048,1767,1477,96.8,10.2,657,22366,0.00,2.20,0.00,0.000,260,0.000,0.041,3229,3445,1622,1767,1477,0,0,0,0,0,0,26.56,25.81,26.56,8.61,62.01
$GC,22428,1.08,297.8,3228,3445,1767,1477,90.7,9.6,660,22444,0.00,2.08,8.48,0.698,9222,0.000,0.024,3236,2048,1589,1738,1440,0,0,0,0,0,0,26.13,26.06,24.13,8.60,61.45
$GC,22626,1.13,345.5,3236,2048,1738,1440,74.1,7.8,670,22673,0.00,2.28,40.90,0.767,8452,0.000,0.040,3236,3454,1393,1559,1227,0,0,0,0,0,0,26.48,24.47,23.87,8.61,61.45
$GC,22893,1.30,444.6,3236,3454,1553,1226,58.2,5.5,683,23010,0.05,2.15,97.00,0.718,11270,0.072,0.023,3336,2043,989,1102,877,0,0,0,0,2,0,25.83,25.89,23.71,8.66,62.52
$GC,23200,1.30,444.6,3335,2043,1098,874,27.8,11.7,708,23205,0.12,2.22,0.00,0.000,4356,0.132,0.041,3296,3444,986,1097,875,0,0,0,0,0,0,25.74,25.67,25.81,8.73,62.40
$GC,23321,1.35,444.6,3295,3444,1095,875,13.1,13.2,719,23328,0.00,2.08,0.00,0.000,1030,0.000,0.023,3302,2046,985,1096,875,0,0,0,0,0,0,26.01,25.95,26.04,8.75,61.97
$STATE,23416,end climb,SURFACE_DEPTH_REACHED
$STATE,23416,begin surface coast
$FINISH,0.1,1.022424
$STATE,23446,end surface coast,CONTROL_FINISHED_OK
$STATE,23447,begin surface
$SM_CCo,23527,0.00,0.000,0,0,983,447.18
$SM_GC,-0.11,8.10,0.00,0.00,0.035,0.000,0.000,179,2046,983,-8.28,1.27,447.18,0,0,0,0,0,0,26.06,26.44,26.09
$IRIDIUM_FIX,810.18,-14102.72,290325,031547
$TT8_MAMPS,0.026215,0.387233
$HUMID,57.75
$INTERNAL_PRESSURE,8.75162
$TCM_TEMP,18.80
$XPDR_PINGS,0
$ALTIM_TOP_PING,18.8,19.5
$24V_AH,22.72,85.832
$10V_AH,9.52,56.186
$FG_AHR_24Vo,0.000
$FG_AHR_10Vo,0.000
$DEVICES,Pitch_motor,Roll_motor,VBD_pump_during_apogee,VBD_pump_during_surface,VBD_valve,Iridium_during_init,Iridium_during_connect,Iridium_during_xfer,Transponder_ping,GUMSTIX_24V,GPS,TT8,LPSleep,TT8_Active,TT8_Sampling,TT8_CF8,TT8_Kalman,Analog_circuits,GPS_charging,Compass,RAFOS,Transponder,Compass2
$DEVICE_SECS,21.925,314.550,589.275,0.000,0.000,0.000,0.000,269.350,0.250,0.000,30.802,3471.772,15343.765,751.779,3821.657,553.511,0.000,2981.896,0.000,3341.797,0.000,2.764,0.000
$DEVICE_MAMPS,200.430,51.255,1350.225,0.000,0.000,0.000,0.000,91.035,420.000,0.000,30.710,15.210,2.190,15.210,43.670,53.410,0.000,14.000,0.000,8.240,0.000,30.000,0.000
$SENSORS,SBE_CT,WL_blue_red_Chl,AA4330,nil,nil,nil,nil,nil,nil,nil
$SENSOR_SECS,638.427,0.000,979.135,0.000,0.000,0.000,0.000,0.000,0.000,0.000
$SENSOR_MAMPS,22.470,0.000,11.230,0.000,0.000,0.000,0.000,0.000,0.000,0.000
$MEM,311960
$DATA_FILE_SIZE,55577,732
$CAP_FILE_SIZE,274331,0
$CFSIZE,2097872896,2023686144
$ERRORS,0,0,0,0,0,0,0,0,0,0,0,0,0,2,0,0
$CURRENT,0.049,109.02,1
$GPS,130805,161714,812.940,-14102.387,43,0.8,64,9.3,1.2,172.0,10,4.6
