version: 66.14
glider: 195
mission: 21
dive: 415
start: 7 23 105 19 51 36
data:
$ID,195
$MISSION,21
$DIVE,415
$N_DIVES,0
$STOP_T,0
$D_SURF,3
$D_FLARE,2
$D_TGT,990
$D_ABORT,1090
$D_NO_BLEED,50
$D_BOOST,3
$T_BOOST,0
$D_FINISH,0
$D_PITCH,0
$D_SAFE,0
$D_CALL,0
$SURFACE_URGENCY,0
$SURFACE_URGENCY_TRY,0
$SURFACE_URGENCY_FORCE,0
$T_DIVE,330
$T_MISSION,600
$T_ABORT,1440
$T_TURN,300
$T_TURN_SAMPINT,5
$T_NO_W,120
$T_LOITER,0
$T_SLOITER,60
$T_EPIRB,0
$USE_BATHY,0
$USE_ICE,0
$ICE_FREEZE_MARGIN,0.30000001
$D_OFFGRID,990
$T_WATCHDOG,10
$RELAUNCH,1
$APOGEE_PITCH,-8
$MAX_BUOY,150
$COURSE_BIAS,0
$GLIDE_SLOPE,30
$SPEED_FACTOR,1
$RHO,1.023
$MASS,54002
$MASS_COMP,0
$NAV_MODE,3
$FERRY_MAX,45
$KALMAN_USE,2
$HD_A,0.0038000001
$HD_B,0.0099999998
$HD_C,9.8500004e-06
$HEADING,270
$ESCAPE_HEADING,0
$ESCAPE_HEADING_DELTA,10
$FIX_MISSING_TIMEOUT,0
$TGT_DEFAULT_LAT,4736
$TGT_DEFAULT_LON,-12225
$TGT_AUTO_DEFAULT,0
$SM_CC,565.6618
$N_FILEKB,4
$FILEMGR,0
$CALL_NDIVES,1
$COMM_SEQ,0
$PROTOCOL,9
$N_NOCOMM,1
$NOCOMM_ACTION,0
$N_NOSURFACE,0
$UPLOAD_DIVES_MAX,-1
$CALL_TRIES,5
$CALL_WAIT,60
$CAPUPLOAD,0
$CAPMAXSIZE,200000
$HEAPDBG,0
$T_GPS,15
$N_GPS,50840
$T_RSLEEP,2
$STROBE,0
$RAFOS_PEAK_OFFSET,1.5
$RAFOS_CORR_THRESH,60
$RAFOS_HIT_WINDOW,3600
$RAFOS_MMODEM,0
$PITCH_MIN,207
$PITCH_MAX,3915
$C_PITCH,2884
$PITCH_DBAND,0.1
$PITCH_CNV,0.003125763
$P_OVSHOOT,0.039999999
$P_OVSHOOT_WITHG,0.079999998
$PITCH_GAIN,19.15
$PITCH_TIMEOUT,17
$PITCH_AD_RATE,160
$PITCH_MAXERRORS,1
$PITCH_ADJ_GAIN,0.02
$PITCH_ADJ_DBAND,2.5
$ROLL_MIN,224
$ROLL_MAX,3758
$ROLL_DEG,40
$C_ROLL_DIVE,2243
$C_ROLL_CLIMB,1718
$HEAD_ERRBAND,10
$ROLL_CNV,0.028270001
$ROLL_TIMEOUT,15
$R_PORT_OVSHOOT,35
$R_STBD_OVSHOOT,64
$ROLL_AD_RATE,350
$ROLL_MAXERRORS,2
$ROLL_ADJ_GAIN,0
$ROLL_ADJ_DBAND,0
$VBD_MIN,500
$VBD_MAX,3960
$C_VBD,2806
$VBD_DBAND,2
$VBD_CNV,-0.24529999
$VBD_LP_IGNORE,0
$VBD_TIMEOUT,720
$PITCH_VBD_SHIFT,0.001
$VBD_PUMP_AD_RATE_SURFACE,5
$VBD_PUMP_AD_RATE_APOGEE,4
$VBD_BLEED_AD_RATE,8
$UNCOM_BLEED,60
$VBD_MAXERRORS,1
$W_ADJ_DBAND,0
$DBDW,0
$PITCH_W_GAIN,0
$PITCH_W_DBAND,0
$CF8_MAXERRORS,5
$AH0_24V,150
$AH0_10V,97
$MINV_24V,19
$MINV_10V,8
$MAXI_24V,0.80000001
$MAXI_10V,0.60000002
$FG_AHR_10V,0
$FG_AHR_24V,0
$PHONE_SUPPLY,-2
$PRESSURE_YINT,-49.397121
$PRESSURE_SLOPE,0.0001168043
$AD7714Ch0Gain,128
$TCM_PITCH_OFFSET,0
$TCM_ROLL_OFFSET,0
$COMPASS_USE,4
$ALTIM_BOTTOM_PING_RANGE,0
$ALTIM_TOP_PING_RANGE,20
$ALTIM_BOTTOM_TURN_MARGIN,0
$ALTIM_TOP_TURN_MARGIN,0
$ALTIM_TOP_MIN_OBSTACLE,1
$ALTIM_PING_DEPTH,0
$ALTIM_PING_DELTA,0
$ALTIM_FREQUENCY,13
$ALTIM_PULSE,3
$ALTIM_SENSITIVITY,3
$XPDR_VALID,5
$XPDR_INHIBIT,90
$INT_PRESSURE_SLOPE,0.0097660003
$INT_PRESSURE_YINT,-0.77999997
$DEEPGLIDER,0
$MOTHERBOARD,4
$DEVICE1,2
$DEVICE2,115
$DEVICE3,101
$DEVICE4,-1
$DEVICE5,-1
$DEVICE6,-1
$LOGGERS,0
$LOGGERDEVICE1,-1
$LOGGERDEVICE2,-1
$LOGGERDEVICE3,-1
$LOGGERDEVICE4,-1
$COMPASS_DEVICE,33
$COMPASS2_DEVICE,-1
$PHONE_DEVICE,49
$GPS_DEVICE,32
$RAFOS_DEVICE,-1
$XPDR_DEVICE,24
$SIM_W,0
$SIM_PITCH,0
$SEABIRD_T_G,0.0044178674
$SEABIRD_T_H,0.00064818078
$SEABIRD_T_I,2.6779007e-05
$SEABIRD_T_J,3.3667231e-06
$SEABIRD_C_G,-10.098215
$SEABIRD_C_H,1.1454017
$SEABIRD_C_I,-0.0021276253
$SEABIRD_C_J,0.00025532115
$SEABIRD_C_Z,2974.52
$GPS1,230705,194350,718.9752,-14019.0381,47,0.9,59,9.3,0.4,153.3,8,5.0
$_CALLS,1
$_XMS_NAKs,0
$_XMS_TOUTs,0
$_SM_DEPTHo,0.10
$_SM_ANGLEo,-54.8
$GPS2,230705,195058,718.9732,-14019.0566,11,0.8,23,9.3,0.3,215.0,10,4.9
$SPEED_LIMITS,0.173,0.262
$TGT_NAME,HEADING
$TGT_LATLONG,729.438,-14021.746
$TGT_RADIUS,1852.000
$KALMAN_CONTROL,0.000000,0.000000
$KALMAN_X,0.000000,0.000000,0.000000,0.000000,0.000000
$KALMAN_Y,0.000000,0.000000,0.000000,0.000000,0.000000
$MHEAD_RNG_PITCHd_Wd,336.4,20000,-18.1,-10.000,-20.93,2235
$D_GRID,990
$GCHEAD,st_secs,pitch_ctl,vbd_ctl,pitch_ad_start,roll_ad_start,vbd_pot1_ad_start,vbd_pot2_ad_start,depth,ob_vertv,data_pts,end_secs,pitch_secs,roll_secs,vbd_secs,vbd_i,gcphase,pitch_i,roll_i,pitch_ad,roll_ad,vbd_ad,vbd_pot1_ad,vbd_pot2_ad,pitch_retries,pitch_errors,roll_retries,roll_errors,vbd_retries,vbd_errors,pitch_volts,roll_volts,vbd_volts,int_press,humidity
$STATE,6,end surface,CONTROL_FINISHED_OK
$STATE,6,begin dive
$GC,75,-1.09,-146.6,123,2245,536,457,0.0,-0.0,6,163,0.00,0.00,-85.38,0.000,16386,0.000,0.000,115,2245,2750,2767,2734,0,0,0,0,0,0,26.37,28.83,26.38,8.79,52.12
$GC,167,-1.09,-146.6,115,2245,2769,2734,2.7,-5.5,15,197,9.35,2.22,-13.52,0.000,18692,0.205,0.052,2512,3629,3406,3423,3389,0,0,0,0,0,0,24.94,23.84,25.14,9.02,52.52
$GC,245,-0.94,-146.6,2511,3629,3426,3389,19.2,-19.5,22,253,0.22,2.05,0.00,0.000,3078,0.138,0.019,2579,2182,3407,3426,3389,0,0,0,0,0,0,25.53,26.10,25.71,9.08,51.45
$GC,432,-0.94,-146.6,2579,2182,3430,3389,47.5,-13.9,41,437,0.00,2.25,0.00,0.000,260,0.000,0.041,2571,3628,3409,3429,3389,0,0,0,0,0,0,26.51,25.94,26.52,9.10,51.92
$GC,556,-0.94,-146.6,2571,3628,3430,3389,64.3,-13.5,48,561,0.00,2.05,0.00,0.000,1030,0.000,0.018,2571,2192,3409,3430,3389,0,0,0,0,0,0,26.26,26.21,26.28,9.11,52.40
$GC,762,-0.94,-146.6,2571,2191,3431,3389,85.1,-9.5,58,768,0.00,2.22,0.00,0.000,260,0.000,0.039,2561,3633,3410,3431,3389,0,0,0,0,0,0,26.58,26.00,26.58,9.12,52.48
$GC,927,-0.94,-146.6,2560,3633,3432,3388,99.1,-7.5,66,932,0.00,2.05,0.00,0.000,1030,0.000,0.018,2561,2183,3411,3433,3389,0,0,0,0,0,0,26.32,26.27,26.33,9.11,51.61
$GC,1133,-0.94,-146.6,2560,2181,3435,3389,114.7,-7.6,76,1137,0.00,2.00,0.00,0.000,516,0.000,0.029,2561,825,3412,3435,3389,0,0,0,0,0,0,26.60,26.12,26.60,9.10,51.77
$GC,1179,-0.94,-146.6,2560,826,3435,3388,117.7,-7.1,78,1183,0.00,2.05,0.00,0.000,1030,0.000,0.024,2552,2234,3412,3435,3389,0,0,0,0,0,0,26.26,26.20,26.28,9.09,51.22
$GC,1377,-0.94,-146.6,2551,2234,3436,3389,131.0,-7.0,88,1385,0.10,2.15,0.00,0.000,2308,0.151,0.040,2573,3637,3413,3437,3389,0,0,0,0,0,0,26.13,26.03,26.19,9.06,50.94
$GC,1429,-0.94,-146.6,2572,3637,3437,3389,133.9,-7.3,90,1433,0.00,2.08,0.00,0.000,1030,0.000,0.018,2573,2190,3413,3437,3389,0,0,0,0,0,0,26.31,26.29,26.32,9.06,51.26
$GC,1623,-0.94,-146.6,2572,2189,3439,3389,148.7,-7.1,100,1628,0.00,2.05,0.00,0.000,516,0.000,0.028,2573,827,3414,3439,3389,0,0,0,0,0,0,26.61,26.13,26.62,9.03,51.65
$GC,1769,-0.94,-146.6,2572,827,3440,3389,160.1,-8.0,107,1774,0.00,2.05,0.00,0.000,1030,0.000,0.024,2564,2245,3414,3440,3389,0,0,0,0,0,0,26.27,26.20,26.29,9.03,52.00
$GC,1974,-0.94,-146.6,2564,2245,3439,3389,177.8,-8.8,117,1979,0.00,2.12,0.00,0.000,516,0.000,0.028,2564,814,3414,3439,3389,0,0,0,0,0,0,26.62,26.14,26.63,9.02,51.92
$GC,2027,-0.94,-146.6,2564,814,3440,3389,181.7,-8.8,119,2031,0.00,2.12,0.00,0.000,1030,0.000,0.024,2555,2243,3414,3439,3389,0,0,0,0,0,0,26.23,26.20,26.25,9.01,52.28
$GC,2223,-0.94,-146.6,2554,2243,3440,3389,199.1,-8.6,129,2226,0.00,2.15,0.00,0.000,260,0.000,0.041,2544,3642,3414,3439,3389,0,0,0,0,0,0,26.62,26.03,26.63,9.00,53.07
$GC,2239,-0.94,-146.6,2544,3642,3440,3389,199.1,-8.6,129,2247,0.12,2.05,0.00,0.000,3078,0.137,0.018,2583,2180,3414,3440,3389,0,0,0,0,0,0,25.91,26.29,26.03,9.00,52.24
$GC,2448,-0.94,-146.6,2583,2180,3440,3389,217.1,-7.9,135,2452,0.00,2.00,0.00,0.000,516,0.000,0.029,2583,827,3414,3440,3388,0,0,0,0,0,0,26.62,26.13,26.63,8.99,52.71
$GC,2627,-0.94,-146.6,2583,827,3440,3389,229.7,-7.6,139,2631,0.00,2.08,0.00,0.000,1030,0.000,0.024,2578,2249,3414,3439,3389,0,0,0,0,0,0,26.27,26.20,26.29,8.97,53.15
$GC,2815,-0.94,-146.6,2577,2249,3439,3389,244.9,-7.5,144,2820,0.00,2.17,0.00,0.000,516,0.000,0.029,2578,825,3414,3439,3389,0,0,0,0,0,0,26.62,26.14,26.63,8.96,54.21
$GC,2888,-0.94,-146.6,2577,825,3439,3389,248.5,-7.6,145,2892,0.00,2.08,0.00,0.000,1030,0.000,0.024,2569,2245,3414,3439,3389,0,0,0,0,0,0,26.27,26.19,26.29,8.95,53.81
$GC,3103,-0.94,-146.6,2568,2245,3439,3389,268.2,-8.2,151,3108,0.00,2.12,0.00,0.000,516,0.000,0.029,2568,827,3414,3439,3389,0,0,0,0,0,0,26.62,26.13,26.63,8.94,54.21
$GC,3175,-0.94,-146.6,2568,827,3439,3388,272.1,-8.2,152,3179,0.00,2.08,0.00,0.000,1030,0.000,0.024,2560,2242,3413,3439,3388,0,0,0,0,0,0,26.26,26.19,26.29,8.94,55.07
$GC,3389,-0.94,-146.6,2559,2242,3438,3388,292.2,-8.2,158,3393,0.00,2.12,0.00,0.000,516,0.000,0.029,2560,820,3413,3438,3388,0,0,0,0,0,0,26.62,26.13,26.63,8.93,54.80
$GC,3487,-0.94,-146.6,2559,819,3438,3388,299.7,-8.5,160,3491,0.00,2.10,0.00,0.000,1030,0.000,0.025,2551,2250,3413,3438,3388,0,0,0,0,0,0,26.26,26.18,26.28,8.93,55.67
$GC,3678,-0.94,-146.6,2551,2250,3438,3385,317.3,-8.7,165,3685,0.10,2.12,0.00,0.000,2564,0.151,0.029,2581,828,3412,3438,3386,0,0,0,0,0,0,26.15,26.12,26.20,8.92,55.11
$GC,3768,-0.94,-146.6,2581,828,3438,3385,324.5,-8.7,167,3772,0.00,2.08,0.00,0.000,1030,0.000,0.025,2574,2242,3411,3438,3385,0,0,0,0,0,0,26.25,26.18,26.28,8.91,55.35
$GC,3962,-0.94,-146.6,2574,2242,3437,3384,341.5,-8.4,172,3967,0.00,2.15,0.00,0.000,516,0.000,0.030,2574,831,3410,3437,3384,0,0,0,0,0,0,26.62,26.12,26.63,8.91,55.94
$GC,4070,-0.94,-146.6,2574,831,3437,3384,349.1,-8.6,174,4074,0.00,2.08,0.00,0.000,1030,0.000,0.025,2566,2244,3410,3436,3384,0,0,0,0,0,0,26.25,26.17,26.28,8.90,56.10
$GC,4288,-0.94,-146.6,2566,2244,3435,3383,370.5,-8.8,180,4293,0.00,2.17,0.00,0.000,516,0.000,0.031,2566,823,3409,3434,3384,0,0,0,0,0,0,26.62,26.11,26.63,8.89,56.77
$GC,4405,-0.94,-146.6,2566,823,3434,3384,378.3,-9.1,182,4413,0.00,2.10,0.00,0.000,1030,0.000,0.026,2557,2250,3408,3433,3384,0,0,0,0,0,0,26.25,26.17,26.27,8.89,56.26
$GC,4612,-0.94,-146.6,2556,2250,3433,3382,400.1,-9.0,188,4617,0.00,2.17,0.00,0.000,516,0.000,0.030,2557,830,3407,3433,3382,0,0,0,0,0,0,26.62,26.10,26.63,8.88,56.45
$GC,4705,-0.94,-146.6,2556,830,3433,3382,407.8,-8.9,190,4710,0.10,2.12,0.00,0.000,3078,0.129,0.027,2590,2242,3407,3433,3382,0,0,0,0,0,0,25.82,26.17,25.96,8.88,56.34
$GC,4900,-1.02,-146.6,2590,2242,3432,3381,423.9,-7.7,195,4908,0.08,2.15,0.00,0.000,4612,0.096,0.031,2516,818,3406,3432,3381,0,0,0,0,0,0,26.41,26.10,26.43,8.87,56.53
$GC,5003,-1.02,-146.6,2515,818,3432,3381,431.3,-8.3,197,5008,0.15,2.15,0.00,0.000,3078,0.133,0.027,2552,2245,3406,3432,3381,0,0,0,0,0,0,25.82,26.16,25.95,8.87,57.24
$GC,5228,-1.02,-146.6,2552,2245,3431,3380,451.6,-8.0,203,5233,0.00,2.15,0.00,0.000,516,0.000,0.031,2552,827,3405,3431,3379,0,0,0,0,0,0,26.63,26.10,26.63,8.87,57.00
$GC,5362,-1.02,-146.6,2552,827,3431,3380,462.8,-8.8,206,5366,0.00,2.10,0.00,0.000,1030,0.000,0.027,2546,2247,3405,3431,3380,0,0,0,0,0,0,26.24,26.16,26.27,8.86,56.69
$GC,5556,-1.02,-146.6,2546,2247,3430,3378,480.6,-8.7,211,5561,0.00,2.15,0.00,0.000,516,0.000,0.031,2546,822,3404,3430,3378,0,0,0,0,0,0,26.63,26.09,26.63,8.86,57.52
$GC,5613,-1.02,-146.6,2546,822,3430,3378,484.6,-8.8,212,5617,0.00,2.10,0.00,0.000,1030,0.000,0.027,2537,2242,3404,3430,3379,0,0,0,0,0,0,26.24,26.16,26.27,8.86,57.40
$GC,5802,-1.02,-146.6,2537,2242,3430,3377,502.7,-9.0,217,5807,0.00,2.12,0.00,0.000,516,0.000,0.031,2538,828,3403,3429,3377,0,0,0,0,0,0,26.63,26.09,26.63,8.85,57.48
$GC,5876,-1.02,-146.6,2537,828,3430,3377,506.6,-9.0,218,5880,0.00,2.10,0.00,0.000,1030,0.000,0.027,2528,2247,3403,3429,3377,0,0,0,0,0,0,26.23,26.15,26.26,8.84,58.11
$GC,6090,-1.02,-146.6,2528,2247,3428,3376,528.7,-8.9,224,6094,0.00,2.15,0.00,0.000,516,0.000,0.031,2528,829,3403,3429,3377,0,0,0,0,0,0,26.62,26.08,26.63,8.84,57.67
$GC,6182,-1.02,-146.6,2527,829,3428,3376,536.4,-9.0,226,6190,0.12,2.10,0.00,0.000,3078,0.140,0.027,2557,2242,3401,3427,3376,0,0,0,0,0,0,25.82,26.15,25.96,8.84,57.75
$GC,6376,-1.07,-146.6,2557,2242,3427,3376,552.9,-8.0,231,6380,0.00,2.15,0.00,0.000,516,0.000,0.031,2557,822,3401,3427,3376,0,0,0,0,0,0,26.62,26.08,26.63,8.84,57.67
$GC,6453,-1.13,-146.6,2556,821,3427,3375,556.5,-8.0,232,6461,0.00,2.10,0.00,0.000,1030,0.000,0.027,2551,2240,3400,3426,3375,0,0,0,0,0,0,26.22,26.15,26.25,8.84,58.19
$GC,6661,-1.13,-146.6,2551,2240,3426,3374,575.8,-7.9,238,6665,0.00,2.15,0.00,0.000,516,0.000,0.031,2551,825,3400,3426,3375,0,0,0,0,0,0,26.62,26.08,26.63,8.83,58.26
$GC,6778,-1.13,-146.6,2551,825,3426,3374,582.9,-8.2,240,6785,0.00,2.10,0.00,0.000,1030,0.000,0.027,2542,2244,3399,3424,3374,0,0,0,0,0,0,26.22,26.14,26.25,8.82,58.58
$GC,6986,-1.13,-146.6,2542,2244,3424,3373,602.1,-7.9,246,6990,0.00,2.15,0.00,0.000,516,0.000,0.031,2542,828,3398,3424,3373,0,0,0,0,0,0,26.63,26.07,26.63,8.81,58.11
$GC,7098,-1.13,-146.6,2542,828,3424,3373,609.1,-8.1,248,7108,0.00,2.12,0.00,0.000,1030,0.000,0.028,2533,2256,3398,3423,3373,0,0,0,0,0,0,26.22,26.13,26.25,8.81,58.62
$GC,7312,-1.13,-146.6,2533,2256,3423,3372,628.8,-8.0,254,7317,0.00,2.17,0.00,0.000,516,0.000,0.031,2533,826,3397,3423,3372,0,0,0,0,0,0,26.63,26.06,26.63,8.81,58.38
$GC,7414,-1.13,-146.6,2533,826,3423,3372,635.9,-8.1,256,7419,0.00,2.12,0.00,0.000,1030,0.000,0.028,2525,2252,3397,3423,3372,0,0,0,0,0,0,26.20,26.13,26.24,8.81,58.11
$GC,7639,-1.13,-146.6,2524,2252,3422,3371,655.2,-7.9,262,7643,0.00,2.15,0.00,0.000,516,0.000,0.032,2524,832,3396,3422,3371,0,0,0,0,0,0,26.62,26.06,26.63,8.81,58.89
$GC,7751,-1.13,-146.6,2524,831,3421,3371,662.0,-8.0,264,7755,0.00,2.10,0.00,0.000,1030,0.000,0.028,2515,2242,3396,3421,3371,0,0,0,0,0,0,26.20,26.13,26.23,8.80,58.42
$GC,7965,-1.13,-146.6,2515,2242,3421,3370,681.9,-8.1,270,7969,0.00,2.15,0.00,0.000,516,0.000,0.032,2515,831,3395,3421,3370,0,0,0,0,0,0,26.63,26.06,26.63,8.80,58.70
$GC,8077,-1.13,-146.6,2514,830,3421,3370,689.3,-8.5,272,8081,0.00,2.10,0.00,0.000,1030,0.000,0.028,2505,2243,3395,3421,3370,0,0,0,0,0,0,26.20,26.12,26.23,8.79,59.01
$GC,8291,-1.13,-146.6,2505,2243,3420,3368,710.6,-8.8,278,8295,0.00,2.15,0.00,0.000,516,0.000,0.033,2505,830,3394,3420,3368,0,0,0,0,0,0,26.63,26.05,26.63,8.79,59.21
$GC,8387,-1.13,-146.6,2504,830,3420,3368,718.5,-9.0,280,8393,0.00,2.12,0.00,0.000,1030,0.000,0.028,2496,2254,3394,3420,3368,0,0,0,0,0,0,26.20,26.11,26.22,8.79,58.93
$GC,8614,-1.13,-146.6,2495,2254,3419,3367,740.9,-9.3,286,8619,0.00,2.17,0.00,0.000,516,0.000,0.032,2496,827,3393,3419,3367,0,0,0,0,0,0,26.62,26.04,26.63,8.78,59.17
$GC,8754,-1.13,-146.6,2495,827,3419,3367,753.4,-9.8,289,8762,0.10,2.12,0.00,0.000,3078,0.155,0.028,2516,2244,3393,3419,3367,0,0,0,0,0,0,25.81,26.10,25.93,8.78,59.13
$GC,8984,-1.13,-146.6,2515,2244,3418,3367,776.0,-9.2,295,8988,0.00,2.17,0.00,0.000,516,0.000,0.033,2516,822,3392,3419,3366,0,0,0,0,0,0,26.62,26.03,26.63,8.78,59.49
$GC,9124,-1.13,-146.6,2515,821,3418,3366,788.1,-9.6,298,9128,0.00,2.12,0.00,0.000,1030,0.000,0.028,2509,2244,3392,3418,3366,0,0,0,0,0,0,26.18,26.10,26.22,8.77,59.17
$GC,9314,-1.13,-146.6,2508,2243,3418,3365,807.6,-9.4,303,9318,0.00,2.17,0.00,0.000,516,0.000,0.033,2509,836,3391,3418,3365,0,0,0,0,0,0,26.62,26.03,26.63,8.77,59.56
$GC,9413,-1.13,-146.6,2508,836,3418,3365,815.9,-9.6,305,9417,0.00,2.12,0.00,0.000,1030,0.000,0.029,2499,2251,3391,3418,3365,0,0,0,0,0,0,26.17,26.08,26.20,8.77,59.25
$GC,9603,-1.13,-146.6,2498,2251,3417,3365,835.3,-9.4,310,9607,0.00,2.20,0.00,0.000,516,0.000,0.033,2498,835,3390,3417,3364,0,0,0,0,0,0,26.62,26.02,26.63,8.76,59.45
$GC,9721,-1.13,-146.6,2498,835,3417,3365,843.8,-9.7,312,9730,0.10,2.10,0.00,0.000,3078,0.151,0.028,2519,2245,3390,3416,3365,0,0,0,0,0,0,25.80,26.08,25.92,8.76,59.37
$GC,9930,-1.13,-146.6,2518,2246,3416,3364,865.7,-9.0,318,9934,0.00,2.17,0.00,0.000,516,0.000,0.033,2519,825,3390,3416,3364,0,0,0,0,0,0,26.62,26.01,26.63,8.76,59.84
$GC,10027,-1.13,-146.6,2518,824,3416,3364,873.6,-9.2,320,10033,0.00,2.12,0.00,0.000,1030,0.000,0.029,2511,2243,3390,3416,3364,0,0,0,0,0,0,26.16,26.08,26.20,8.75,60.15
$GC,10253,-1.13,-146.6,2511,2243,3415,3363,895.1,-8.9,326,10257,0.00,2.17,0.00,0.000,516,0.000,0.034,2511,822,3389,3415,3363,0,0,0,0,0,0,26.62,26.00,26.63,8.75,60.35
$GC,10381,-1.13,-146.6,2511,821,3415,3364,906.6,-9.1,329,10386,0.00,2.17,0.00,0.000,1030,0.000,0.030,2501,2268,3389,3415,3363,0,0,0,0,0,0,26.15,26.06,26.19,8.75,60.23
$GC,10581,-1.13,-146.6,2501,2268,3415,3363,924.9,-8.9,334,10588,0.00,2.20,0.00,0.000,516,0.000,0.034,2501,830,3389,3415,3363,0,0,0,0,0,0,26.62,25.99,26.63,8.75,60.55
$GC,10665,-1.13,-146.6,2500,831,3415,3363,932.6,-9.0,336,10671,0.10,2.12,0.00,0.000,3078,0.150,0.029,2522,2250,3389,3415,3363,0,0,0,0,0,0,25.79,26.07,25.90,8.75,59.41
$GC,10865,-1.13,-146.6,2521,2250,3415,3362,949.7,-8.4,341,10869,0.00,2.17,0.00,0.000,516,0.000,0.034,2521,833,3388,3415,3362,0,0,0,0,0,0,26.62,25.98,26.63,8.75,60.35
$GC,10999,-1.13,-146.6,2521,831,3414,3361,960.5,-8.7,344,11006,0.00,2.12,0.00,0.000,1030,0.000,0.030,2515,2244,3387,3414,3361,0,0,0,0,0,0,26.15,26.06,26.18,8.75,60.23
$GC,11192,-1.13,-146.6,2514,2243,3414,3361,977.8,-8.6,349,11196,0.00,2.17,0.00,0.000,516,0.000,0.034,2515,824,3387,3414,3361,0,0,0,0,0,0,26.62,25.98,26.63,8.74,60.35
$GC,11288,-1.13,-146.6,2514,823,3414,3361,985.3,-8.7,351,11294,0.00,2.15,0.00,0.000,1030,0.000,0.030,2505,2251,3387,3414,3361,0,0,0,0,0,0,26.14,26.05,26.17,8.74,60.31
$STATE,11352,end dive,TARGET_DEPTH_EXCEEDED
$STATE,11352,begin apogee
$GC,11360,-0.42,0.0,2505,1684,3413,3361,992.3,-8.8,353,11495,0.75,0.00,131.30,1.341,10246,0.107,0.000,2751,1683,2804,2904,2705,0,0,0,0,0,0,25.42,24.26,22.94,8.74,60.82
$STATE,11496,end apogee,CONTROL_FINISHED_OK
$STATE,11496,begin climb
$GC,11499,1.09,146.6,2751,1682,2902,2705,997.9,0.0,356,11652,1.38,2.42,141.75,1.297,11012,0.064,0.036,3234,3122,2205,2290,2121,0,0,0,0,0,0,24.80,24.22,22.94,8.69,59.01
$GC,11712,0.87,214.9,3233,3122,2290,2121,987.9,6.9,361,11786,0.25,2.15,66.93,1.265,13318,0.132,0.026,3168,1715,1929,2053,1806,0,0,0,0,0,0,25.22,25.53,23.27,8.64,57.44
$GC,11996,0.89,232.2,3167,1715,2050,1803,958.7,9.2,369,12021,0.00,2.28,17.77,1.200,8452,0.000,0.037,3167,3121,1856,1989,1724,0,0,0,0,0,0,26.27,25.10,23.75,8.61,58.89
$GC,12106,0.90,245.2,3168,3121,1989,1724,951.0,9.4,371,12128,0.00,2.15,14.07,1.170,9222,0.000,0.027,3173,1708,1803,1941,1666,0,0,0,0,0,0,25.91,25.84,23.76,8.61,59.68
$GC,12318,0.96,254.5,3173,1708,1942,1666,927.7,9.6,377,12333,0.00,2.25,10.32,1.116,8452,0.000,0.038,3173,3123,1764,1906,1622,0,0,0,0,0,0,26.32,25.28,23.87,8.59,60.08
$GC,12423,0.97,260.5,3172,3123,1905,1622,919.6,9.7,379,12437,0.00,2.15,7.15,1.024,9222,0.000,0.027,3181,1699,1741,1886,1596,0,0,0,0,0,0,25.98,25.91,23.82,8.59,59.96
$GC,12640,1.03,260.5,3181,1698,1885,1596,895.4,10.0,385,12648,0.05,2.17,0.00,0.000,2564,0.138,0.045,3252,325,1740,1885,1596,0,0,0,0,0,0,26.19,25.90,26.20,8.58,60.27
$GC,12654,1.09,260.5,3252,325,1885,1596,895.4,10.0,385,12659,0.00,2.12,0.00,0.000,1030,0.000,0.025,3252,1748,1740,1885,1596,0,0,0,0,0,0,26.13,26.06,26.15,8.59,60.27
$GC,12878,1.09,260.5,3252,1748,1885,1596,867.5,11.8,391,12885,0.00,2.25,0.00,0.000,516,0.000,0.044,3261,325,1740,1885,1596,0,0,0,0,0,0,26.51,25.98,26.51,8.57,60.94
$GC,12959,1.09,260.5,3261,325,1885,1596,857.7,11.9,393,12963,0.00,2.08,0.00,0.000,1030,0.000,0.025,3262,1716,1740,1885,1596,0,0,0,0,0,0,26.23,26.16,26.25,8.58,60.43
$GC,13163,1.09,260.5,3261,1717,1884,1596,833.5,11.8,398,13167,0.00,2.15,0.00,0.000,260,0.000,0.037,3262,3114,1740,1885,1596,0,0,0,0,0,0,26.56,26.08,26.58,8.57,60.67
$GC,13270,1.03,260.5,3261,3115,1885,1596,822.9,12.3,400,13275,0.17,2.08,0.00,0.000,5126,0.138,0.027,3215,1728,1741,1885,1597,0,0,0,0,0,0,25.78,26.18,25.95,8.58,61.30
$GC,13489,1.03,260.5,3214,1728,1886,1596,796.3,10.6,406,13495,0.00,2.25,0.00,0.000,516,0.000,0.046,3223,310,1741,1885,1597,0,0,0,0,0,0,26.59,26.01,26.60,8.57,61.06
$GC,13559,1.03,260.5,3222,310,1885,1597,791.6,10.6,407,13563,0.00,2.10,0.00,0.000,1030,0.000,0.026,3223,1720,1740,1885,1596,0,0,0,0,0,0,26.27,26.20,26.29,8.57,61.77
$GC,13777,1.03,260.5,3223,1719,1885,1596,766.2,10.4,413,13782,0.00,2.17,0.00,0.000,260,0.000,0.037,3223,3108,1740,1885,1596,0,0,0,0,0,0,26.60,26.08,26.60,8.56,61.10
$GC,13834,1.03,260.5,3223,3108,1885,1596,761.5,10.4,414,13839,0.00,2.10,0.00,0.000,1030,0.000,0.027,3231,1707,1741,1885,1597,0,0,0,0,0,0,26.26,26.18,26.28,8.56,60.94
$GC,14024,1.03,260.5,3231,1705,1885,1596,740.7,10.2,419,14028,0.00,2.20,0.00,0.000,260,0.000,0.037,3231,3107,1740,1885,1596,0,0,0,0,0,0,26.60,26.08,26.61,8.56,61.93
$GC,14072,1.03,260.5,3231,3107,1885,1596,736.0,10.2,420,14076,0.00,2.10,0.00,0.000,1030,0.000,0.027,3240,1710,1740,1885,1596,0,0,0,0,0,0,26.25,26.17,26.28,8.56,61.89
$GC,14271,1.03,261.2,3239,1709,1885,1596,715.7,10.0,425,14272,0.00,0.00,0.00,0.000,6,0.000,0.000,3240,1708,1740,1885,1596,0,0,0,0,0,0,26.60,26.62,26.61,8.56,61.61
$GC,14472,1.03,266.2,3239,1708,1885,1596,696.1,9.8,430,14486,0.00,2.22,7.00,0.969,8452,0.000,0.037,3240,3109,1718,1860,1576,0,0,0,0,0,0,26.61,25.31,23.87,8.56,61.73
$GC,14580,1.03,266.2,3239,3110,1860,1576,687.8,10.1,432,14586,0.08,2.12,0.00,0.000,5126,0.148,0.028,3224,1726,1717,1860,1575,0,0,0,0,0,0,25.76,26.06,25.93,8.55,61.30
$GC,14796,1.04,270.1,3224,1726,1860,1575,663.5,9.8,438,14803,0.00,0.00,5.10,0.848,8710,0.000,0.000,3224,1726,1703,1848,1559,0,0,0,0,0,0,26.55,25.20,23.87,8.55,62.16
$GC,14998,1.04,270.1,3224,1726,1847,1558,643.2,10.2,443,15002,0.00,2.15,0.00,0.000,260,0.000,0.038,3224,3110,1702,1847,1558,0,0,0,0,0,0,26.52,25.99,26.53,8.55,61.41
$GC,15110,1.04,270.1,3224,3109,1847,1558,634.1,10.5,445,15114,0.00,2.15,0.00,0.000,1030,0.000,0.028,3232,1711,1702,1847,1558,0,0,0,0,0,0,26.15,26.11,26.17,8.55,61.49
$GC,15323,1.04,270.1,3231,1711,1847,1558,607.3,11.1,451,15328,0.00,2.15,0.00,0.000,260,0.000,0.037,3232,3106,1702,1847,1558,0,0,0,0,0,0,26.58,26.02,26.58,8.55,62.28
$GC,15375,1.04,270.1,3231,3106,1847,1558,602.2,11.1,452,15380,0.00,2.10,0.00,0.000,1030,0.000,0.028,3240,1716,1702,1847,1558,0,0,0,0,0,0,26.20,26.13,26.23,8.55,62.01
$GC,15569,1.04,270.1,3240,1716,1847,1558,579.7,11.2,457,15570,0.00,0.00,0.00,0.000,6,0.000,0.000,3240,1716,1702,1847,1558,0,0,0,0,0,0,26.59,26.60,26.60,8.55,61.89
$GC,15769,1.04,270.1,3240,1715,1847,1558,557.7,10.9,462,15773,0.00,2.15,0.00,0.000,260,0.000,0.037,3240,3110,1702,1847,1558,0,0,0,0,0,0,26.60,26.02,26.61,8.55,62.08
$GC,15872,1.04,270.1,3240,3111,1847,1558,548.2,11.1,464,15877,0.05,2.12,0.00,0.000,5126,0.161,0.028,3219,1712,1702,1847,1558,0,0,0,0,0,0,25.79,26.11,25.92,8.55,61.69
$GC,16096,1.04,271.5,3218,1711,1847,1558,523.5,9.9,470,16100,0.00,2.17,0.00,0.000,260,0.000,0.038,3219,3116,1702,1847,1558,0,0,0,0,0,0,26.60,26.01,26.61,8.55,62.71
$GC,16133,1.04,272.9,3218,3116,1847,1558,523.5,9.9,470,16144,0.00,2.10,5.30,0.806,9222,0.000,0.027,3226,1715,1690,1832,1549,0,0,0,0,0,0,26.22,26.14,23.94,8.55,62.32
$GC,16343,1.05,278.3,3225,1715,1832,1548,499.1,9.7,476,16356,0.00,2.22,6.82,0.877,8708,0.000,0.044,3235,320,1668,1815,1522,0,0,0,0,0,0,26.55,24.76,23.93,8.55,62.12
$GC,16410,1.05,283.3,3234,320,1815,1522,495.0,9.8,477,16424,0.00,2.10,6.68,0.865,9222,0.000,0.025,3235,1720,1646,1795,1498,0,0,0,0,0,0,26.13,26.06,23.86,8.55,61.93
$GC,16627,1.06,289.0,3234,1720,1795,1498,471.5,9.7,483,16641,0.00,2.17,6.93,0.861,8452,0.000,0.037,3235,3108,1622,1773,1471,0,0,0,0,0,0,26.46,24.72,23.91,8.55,61.73
$GC,16750,1.06,289.0,3234,3108,1773,1472,459.2,10.1,486,16755,0.00,2.10,0.00,0.000,1030,0.000,0.027,3244,1722,1622,1773,1472,0,0,0,0,0,0,26.08,26.00,26.10,8.55,62.20
$GC,16951,1.06,289.0,3243,1722,1773,1472,438.4,10.2,491,16955,0.00,2.15,0.00,0.000,260,0.000,0.038,3244,3106,1622,1773,1472,0,0,0,0,0,0,26.50,25.94,26.51,8.55,61.77
$GC,16994,1.06,289.0,3243,3107,1773,1472,433.7,10.3,492,16998,0.00,2.10,0.00,0.000,1030,0.000,0.027,3253,1716,1622,1773,1472,0,0,0,0,0,0,26.15,26.08,26.18,8.55,61.38
$GC,17198,1.06,289.0,3253,1715,1774,1472,411.4,11.0,497,17202,0.00,2.17,0.00,0.000,260,0.000,0.038,3253,3115,1622,1773,1472,0,0,0,0,0,0,26.55,25.98,26.56,8.55,61.65
$GC,17249,1.06,289.0,3253,3115,1773,1472,406.4,11.2,498,17256,0.12,2.12,0.00,0.000,5126,0.145,0.028,3224,1715,1622,1773,1472,0,0,0,0,0,0,25.76,26.10,25.89,8.55,62.16
$GC,17441,1.06,289.0,3223,1714,1773,1472,384.3,10.9,503,17448,0.00,2.22,0.00,0.000,516,0.000,0.045,3232,309,1622,1773,1472,0,0,0,0,0,0,26.58,25.91,26.58,8.55,61.02
$GC,17522,1.06,289.0,3232,309,1773,1472,375.1,11.1,505,17527,0.00,2.10,0.00,0.000,1030,0.000,0.025,3233,1721,1622,1773,1472,0,0,0,0,0,0,26.22,26.15,26.24,8.56,61.45
$GC,17726,1.06,289.0,3233,1721,1773,1472,352.0,11.4,510,17727,0.00,0.00,0.00,0.000,6,0.000,0.000,3232,1721,1622,1773,1472,0,0,0,0,0,0,26.60,26.60,26.60,8.56,62.08
$GC,17926,1.06,289.0,3232,1721,1773,1472,329.7,11.1,515,17931,0.00,2.22,0.00,0.000,516,0.000,0.045,3243,317,1622,1773,1472,0,0,0,0,0,0,26.60,25.90,26.61,8.57,61.34
$GC,18018,1.06,289.0,3242,317,1773,1472,320.2,11.2,517,18022,0.00,2.10,0.00,0.000,1030,0.000,0.026,3243,1720,1622,1773,1472,0,0,0,0,0,0,26.22,26.14,26.24,8.57,60.90
$GC,18211,1.06,289.0,3242,1720,1773,1472,298.5,10.8,522,18216,0.00,2.15,0.00,0.000,260,0.000,0.039,3243,3110,1622,1773,1472,0,0,0,0,0,0,26.60,25.98,26.61,8.56,61.49
$GC,18313,1.06,289.0,3242,3110,1774,1472,289.4,10.8,524,18318,0.00,2.10,0.00,0.000,1030,0.000,0.027,3252,1714,1622,1773,1472,0,0,0,0,0,0,26.21,26.13,26.24,8.57,60.59
$GC,18538,1.06,289.0,3252,1712,1773,1472,263.1,10.8,530,18541,0.00,2.22,0.00,0.000,516,0.000,0.044,3262,312,1622,1773,1472,0,0,0,0,0,0,26.60,25.89,26.61,8.57,61.10
$GC,18553,1.06,289.0,3261,312,1773,1472,263.1,10.8,530,18559,0.08,2.12,0.00,0.000,5126,0.142,0.024,3224,1721,1622,1773,1472,0,0,0,0,0,0,25.77,26.15,25.89,8.57,61.06
$GC,18744,1.06,289.0,3224,1722,1773,1472,241.5,10.3,535,18748,0.00,2.12,0.00,0.000,260,0.000,0.038,3225,3101,1622,1773,1472,0,0,0,0,0,0,26.60,25.98,26.61,8.57,61.53
$GC,18853,1.06,289.0,3224,3101,1773,1472,232.2,10.7,537,18857,0.00,2.08,0.00,0.000,1030,0.000,0.027,3232,1722,1622,1773,1472,0,0,0,0,0,0,26.20,26.12,26.22,8.57,60.86
$GC,19071,1.06,289.0,3231,1720,1773,1472,206.7,10.3,543,19075,0.00,2.17,0.00,0.000,260,0.000,0.038,3232,3105,1622,1773,1472,0,0,0,0,0,0,26.60,25.96,26.62,8.58,60.78
$GC,19123,1.06,289.0,3231,3105,1773,1472,202.1,10.3,544,19128,0.00,2.08,0.00,0.000,1030,0.000,0.026,3241,1716,1622,1773,1472,0,0,0,0,0,0,26.19,26.11,26.22,8.58,61.22
$GC,19317,1.06,289.0,3240,1715,1773,1472,181.5,10.0,553,19321,0.00,2.15,0.00,0.000,260,0.000,0.037,3241,3108,1622,1773,1472,0,0,0,0,0,0,26.60,25.97,26.61,8.58,60.78
$GC,19388,1.06,289.0,3240,3108,1773,1472,174.6,10.5,556,19393,0.00,2.10,0.00,0.000,1030,0.000,0.027,3250,1703,1622,1773,1472,0,0,0,0,0,0,26.17,26.09,26.20,8.58,60.63
$GC,19583,1.06,289.0,3249,1701,1773,1472,154.0,10.2,566,19586,0.00,2.17,0.00,0.000,260,0.000,0.037,3249,3110,1622,1773,1472,0,0,0,0,0,0,26.60,25.97,26.61,8.59,60.39
$GC,19626,1.06,289.0,3249,3111,1773,1472,149.6,10.1,568,19633,0.10,2.08,0.00,0.000,5126,0.153,0.025,3227,1731,1622,1773,1471,0,0,0,0,0,0,25.79,26.12,25.91,8.59,60.35
$GC,19828,1.06,292.2,3227,1731,1773,1472,129.6,9.9,578,19833,0.00,2.25,0.00,0.000,516,0.000,0.044,3235,313,1622,1773,1472,0,0,0,0,0,0,26.60,25.86,26.61,8.59,60.23
$GC,19921,1.07,298.0,3234,313,1773,1472,121.4,9.7,582,19938,0.00,2.10,9.75,0.718,9222,0.000,0.024,3235,1726,1585,1738,1433,0,0,0,0,0,0,26.21,26.14,24.02,8.60,60.27
$GC,20136,1.13,309.9,3234,1726,1738,1433,100.5,9.5,593,20153,0.00,2.20,11.40,0.721,8452,0.000,0.037,3235,3108,1539,1698,1381,0,0,0,0,0,0,26.52,25.20,24.06,8.59,59.84
$GC,20207,1.16,338.0,3234,3108,1698,1381,94.9,8.7,596,20239,0.00,2.12,24.90,0.757,9222,0.000,0.025,3244,1704,1425,1593,1257,0,0,0,0,0,0,26.04,25.97,23.99,8.60,60.43
$GC,20421,1.27,388.0,3243,1704,1593,1257,78.1,7.7,607,20471,0.08,2.28,42.00,0.749,10500,0.096,0.037,3321,3108,1220,1395,1046,0,0,0,0,0,0,26.10,24.92,23.92,8.61,60.27
$GC,20530,1.27,392.6,3320,3108,1395,1047,68.5,9.8,612,20543,0.12,2.12,5.22,0.563,13318,0.128,0.025,3290,1716,1202,1374,1031,0,0,0,0,0,0,25.43,25.67,23.87,8.60,59.49
$GC,20723,1.34,463.0,3289,1717,1374,1033,54.5,6.8,622,20813,0.00,2.33,74.12,0.713,8708,0.000,0.044,3290,323,912,1013,812,0,0,0,0,1,0,26.32,24.82,23.87,8.64,60.98
$GC,20891,1.43,463.0,3289,323,1012,811,37.8,10.4,635,20896,0.08,2.15,0.00,0.000,3078,0.017,0.024,3388,1720,911,1012,811,0,0,0,0,0,0,25.67,25.72,25.74,8.67,60.75
$GC,21085,1.36,463.0,3387,1720,1012,812,15.7,10.6,654,21096,0.22,2.15,0.00,0.000,4356,0.124,0.036,3318,3118,911,1012,810,0,0,0,0,0,0,25.63,25.86,25.77,8.72,60.75
$STATE,21213,end climb,SURFACE_DEPTH_REACHED
$STATE,21213,begin surface coast
$FINISH,-0.8,1.022514
$STATE,21246,end surface coast,CONTROL_FINISHED_OK
$STATE,21246,begin surface
$SM_CCo,21267,60.17,0.056,0,0,500,565.66
$SM_GC,-0.19,7.90,1.35,60.17,0.020,0.022,0.056,176,2241,500,-8.28,1.44,565.66,0,0,0,0,0,0,26.15,26.10,25.82
$IRIDIUM_FIX,717.69,-14017.23,080325,133752
$TT8_MAMPS,0.026964,0.382739
$HUMID,55.82
$INTERNAL_PRESSURE,8.68325
$TCM_TEMP,18.30
$XPDR_PINGS,0
$ALTIM_TOP_PING,19.9,19.8
$24V_AH,22.94,69.591
$10V_AH,9.56,47.923
$FG_AHR_24Vo,0.000
$FG_AHR_10Vo,0.000
$DEVICES,Pitch_motor,Roll_motor,VBD_pump_during_apogee,VBD_pump_during_surface,VBD_valve,Iridium_during_init,Iridium_during_connect,Iridium_during_xfer,Transponder_ping,GUMSTIX_24V,GPS,TT8,LPSleep,TT8_Active,TT8_Sampling,TT8_CF8,TT8_Kalman,Analog_circuits,GPS_charging,Compass,RAFOS,Transponder,Compass2
$DEVICE_SECS,22.075,291.200,594.525,60.175,0.000,0.000,0.000,285.975,0.250,0.000,24.066,3112.523,13932.299,829.625,3384.587,493.755,0.000,2866.792,0.000,2923.373,0.000,2.762,0.000
$DEVICE_MAMPS,205.020,52.020,1341.045,55.845,0.000,0.000,0.000,88.740,420.000,0.000,30.710,15.210,2.190,15.210,43.670,53.410,0.000,14.000,0.000,8.240,0.000,30.000,0.000
$SENSORS,SBE_CT,WL_blue_red_Chl,AA4330,nil,nil,nil,nil,nil,nil,nil
$SENSOR_SECS,582.330,0.000,895.352,0.000,0.000,0.000,0.000,0.000,0.000,0.000
$SENSOR_MAMPS,22.470,0.000,11.230,0.000,0.000,0.000,0.000,0.000,0.000,0.000
$MEM,311932
$DATA_FILE_SIZE,51907,669
$CAP_FILE_SIZE,250871,0
$CFSIZE,2097872896,2036760576
$ERRORS,0,0,0,0,0,0,0,0,0,0,0,0,0,1,2,0
$CURRENT,0.056,48.42,1
$GPS,240705,014842,720.251,-14019.438,40,0.9,55,9.3,1.1,218.2,8,4.4
