version: 66.14
glider: 195
mission: 21
dive: 560
start: 8 31 105 2 50 19
data:
$ID,195
$MISSION,21
$DIVE,560
$N_DIVES,0
$STOP_T,0
$D_SURF,3
$D_FLARE,2
$D_TGT,990
$D_ABORT,1090
$D_NO_BLEED,50
$D_BOOST,3
$T_BOOST,0
$D_FINISH,0
$D_PITCH,0
$D_SAFE,0
$D_CALL,0
$SURFACE_URGENCY,0
$SURFACE_URGENCY_TRY,0
$SURFACE_URGENCY_FORCE,0
$T_DIVE,330
$T_MISSION,600
$T_ABORT,1440
$T_TURN,300
$T_TURN_SAMPINT,5
$T_NO_W,120
$T_LOITER,0
$T_SLOITER,60
$T_EPIRB,0
$USE_BATHY,0
$USE_ICE,0
$ICE_FREEZE_MARGIN,0.30000001
$D_OFFGRID,990
$T_WATCHDOG,10
$RELAUNCH,1
$APOGEE_PITCH,-8
$MAX_BUOY,150
$COURSE_BIAS,0
$GLIDE_SLOPE,30
$SPEED_FACTOR,1
$RHO,1.023
$MASS,54002
$MASS_COMP,0
$NAV_MODE,2
$FERRY_MAX,45
$KALMAN_USE,2
$HD_A,0.0038000001
$HD_B,0.0099999998
$HD_C,9.8500004e-06
$HEADING,-1
$ESCAPE_HEADING,0
$ESCAPE_HEADING_DELTA,10
$FIX_MISSING_TIMEOUT,0
$TGT_DEFAULT_LAT,4736
$TGT_DEFAULT_LON,-12225
$TGT_AUTO_DEFAULT,0
$SM_CC,300
$N_FILEKB,4
$FILEMGR,0
$CALL_NDIVES,1
$COMM_SEQ,0
$PROTOCOL,9
$N_NOCOMM,1
$NOCOMM_ACTION,0
$N_NOSURFACE,0
$UPLOAD_DIVES_MAX,-1
$CALL_TRIES,5
$CALL_WAIT,60
$CAPUPLOAD,0
$CAPMAXSIZE,200000
$HEAPDBG,0
$T_GPS,15
$N_GPS,50840
$T_RSLEEP,2
$STROBE,0
$RAFOS_PEAK_OFFSET,1.5
$RAFOS_CORR_THRESH,60
$RAFOS_HIT_WINDOW,3600
$RAFOS_MMODEM,0
$PITCH_MIN,207
$PITCH_MAX,3915
$C_PITCH,2884
$PITCH_DBAND,0.1
$PITCH_CNV,0.003125763
$P_OVSHOOT,0.039999999
$P_OVSHOOT_WITHG,0.079999998
$PITCH_GAIN,19.15
$PITCH_TIMEOUT,17
$PITCH_AD_RATE,160
$PITCH_MAXERRORS,1
$PITCH_ADJ_GAIN,0.02
$PITCH_ADJ_DBAND,2.5
$ROLL_MIN,224
$ROLL_MAX,3758
$ROLL_DEG,40
$C_ROLL_DIVE,1850
$C_ROLL_CLIMB,2200
$HEAD_ERRBAND,10
$ROLL_CNV,0.028270001
$ROLL_TIMEOUT,15
$R_PORT_OVSHOOT,55
$R_STBD_OVSHOOT,37
$ROLL_AD_RATE,350
$ROLL_MAXERRORS,2
$ROLL_ADJ_GAIN,0
$ROLL_ADJ_DBAND,0
$VBD_MIN,500
$VBD_MAX,3960
$C_VBD,2806
$VBD_DBAND,2
$VBD_CNV,-0.24529999
$VBD_LP_IGNORE,0
$VBD_TIMEOUT,720
$PITCH_VBD_SHIFT,0.001
$VBD_PUMP_AD_RATE_SURFACE,5
$VBD_PUMP_AD_RATE_APOGEE,4
$VBD_BLEED_AD_RATE,8
$UNCOM_BLEED,60
$VBD_MAXERRORS,1
$W_ADJ_DBAND,0
$DBDW,0
$PITCH_W_GAIN,0
$PITCH_W_DBAND,0
$CF8_MAXERRORS,5
$AH0_24V,150
$AH0_10V,97
$MINV_24V,19
$MINV_10V,8
$MAXI_24V,0.80000001
$MAXI_10V,0.60000002
$FG_AHR_10V,0
$FG_AHR_24V,0
$PHONE_SUPPLY,-2
$PRESSURE_YINT,-49.397121
$PRESSURE_SLOPE,0.0001168043
$AD7714Ch0Gain,128
$TCM_PITCH_OFFSET,0
$TCM_ROLL_OFFSET,0
$COMPASS_USE,4
$ALTIM_BOTTOM_PING_RANGE,0
$ALTIM_TOP_PING_RANGE,20
$ALTIM_BOTTOM_TURN_MARGIN,0
$ALTIM_TOP_TURN_MARGIN,0
$ALTIM_TOP_MIN_OBSTACLE,1
$ALTIM_PING_DEPTH,0
$ALTIM_PING_DELTA,0
$ALTIM_FREQUENCY,13
$ALTIM_PULSE,3
$ALTIM_SENSITIVITY,3
$XPDR_VALID,5
$XPDR_INHIBIT,90
$INT_PRESSURE_SLOPE,0.0097660003
$INT_PRESSURE_YINT,-0.77999997
$DEEPGLIDER,0
$MOTHERBOARD,4
$DEVICE1,2
$DEVICE2,115
$DEVICE3,101
$DEVICE4,-1
$DEVICE5,-1
$DEVICE6,-1
$LOGGERS,0
$LOGGERDEVICE1,-1
$LOGGERDEVICE2,-1
$LOGGERDEVICE3,-1
$LOGGERDEVICE4,-1
$COMPASS_DEVICE,33
$COMPASS2_DEVICE,-1
$PHONE_DEVICE,49
$GPS_DEVICE,32
$RAFOS_DEVICE,-1
$XPDR_DEVICE,24
$SIM_W,0
$SIM_PITCH,0
$SEABIRD_T_G,0.0044178674
$SEABIRD_T_H,0.00064818078
$SEABIRD_T_I,2.6779007e-05
$SEABIRD_T_J,3.3667231e-06
$SEABIRD_C_G,-10.098215
$SEABIRD_C_H,1.1454017
$SEABIRD_C_I,-0.0021276253
$SEABIRD_C_J,0.00025532115
$SEABIRD_C_Z,2974.52
$GPS1,310805,024229,808.5169,-14153.6592,29,0.8,50,9.3,0.6,140.4,10,5.0
$_CALLS,1
$_XMS_NAKs,0
$_XMS_TOUTs,0
$_SM_DEPTHo,0.11
$_SM_ANGLEo,-57.4
$GPS2,310805,024939,808.4323,-14153.6992,7,0.8,26,9.3,0.8,200.5,10,4.6
$SPEED_LIMITS,0.173,0.262
$TGT_NAME,TX2
$TGT_LATLONG,1145.000,-14800.000
$TGT_RADIUS,10000.000
$KALMAN_CONTROL,0.000000,0.000000
$KALMAN_X,0.000000,0.000000,0.000000,0.000000,0.000000
$KALMAN_Y,0.000000,0.000000,0.000000,0.000000,0.000000
$MHEAD_RNG_PITCHd_Wd,293.8,775882,-18.1,-10.000,-20.93,2235
$D_GRID,990
$GCHEAD,st_secs,pitch_ctl,vbd_ctl,pitch_ad_start,roll_ad_start,vbd_pot1_ad_start,vbd_pot2_ad_start,depth,ob_vertv,data_pts,end_secs,pitch_secs,roll_secs,vbd_secs,vbd_i,gcphase,pitch_i,roll_i,pitch_ad,roll_ad,vbd_ad,vbd_pot1_ad,vbd_pot2_ad,pitch_retries,pitch_errors,roll_retries,roll_errors,vbd_retries,vbd_errors,pitch_volts,roll_volts,vbd_volts,int_press,humidity
$STATE,6,end surface,CONTROL_FINISHED_OK
$STATE,6,begin dive
$GC,74,-1.09,-146.6,159,1841,1062,863,0.1,0.3,6,143,0.00,0.00,-66.70,0.000,16386,0.000,0.000,157,1841,2660,2669,2651,0,0,0,0,0,0,26.35,28.83,26.36,8.82,54.68
$GC,147,-1.09,-146.6,157,1841,2673,2651,2.2,-4.2,13,180,9.25,2.25,-17.85,0.000,18692,0.199,0.057,2516,3253,3407,3429,3385,0,0,0,0,0,0,24.68,23.63,25.08,9.00,53.42
$GC,252,-0.96,-146.6,2515,3253,3432,3385,18.0,-14.5,23,258,0.17,2.10,0.00,0.000,3078,0.137,0.027,2568,1846,3408,3432,3385,0,0,0,0,0,0,25.41,25.89,25.56,9.07,54.21
$GC,449,-0.91,-146.6,2568,1845,3435,3385,44.9,-12.6,42,454,0.00,2.17,0.00,0.000,516,0.000,0.040,2569,455,3410,3435,3385,0,0,0,0,0,0,26.47,25.75,26.48,9.09,53.89
$GC,522,-0.84,-146.6,2568,455,3435,3385,53.9,-13.7,47,533,0.17,2.12,0.00,0.000,3078,0.129,0.030,2615,1855,3410,3435,3385,0,0,0,0,0,0,25.49,25.91,25.63,9.10,54.09
$GC,714,-0.84,-146.6,2615,1855,3437,3385,78.1,-10.3,57,720,0.00,2.20,0.00,0.000,516,0.000,0.041,2615,456,3411,3438,3385,0,0,0,0,0,0,26.50,25.72,26.51,9.11,54.13
$GC,749,-0.84,-146.6,2615,456,3438,3385,79.9,-9.2,58,757,0.00,2.12,0.00,0.000,1030,0.000,0.031,2608,1858,3411,3438,3385,0,0,0,0,0,0,26.00,25.91,26.03,9.12,53.85
$GC,936,-0.84,-146.6,2607,1858,3441,3384,95.4,-7.6,68,940,0.00,2.17,0.00,0.000,260,0.000,0.041,2598,3261,3413,3441,3385,0,0,0,0,0,0,26.51,25.83,26.52,9.12,53.70
$GC,1062,-0.84,-146.6,2597,3261,3442,3385,102.4,-5.4,74,1066,0.00,2.08,0.00,0.000,1030,0.000,0.021,2598,1827,3413,3442,3385,0,0,0,0,0,0,26.11,26.05,26.14,9.11,53.38
$GC,1260,-0.84,-146.6,2597,1825,3444,3385,115.1,-6.3,84,1264,0.00,2.08,0.00,0.000,516,0.000,0.034,2598,466,3414,3444,3385,0,0,0,0,0,0,26.52,25.86,26.53,9.08,53.22
$GC,1292,-0.84,-146.6,2597,466,3444,3385,116.5,-6.0,85,1297,0.00,2.05,0.00,0.000,1030,0.000,0.024,2588,1860,3414,3444,3385,0,0,0,0,0,0,26.09,26.02,26.11,9.08,53.46
$GC,1486,-0.84,-146.6,2587,1860,3446,3385,127.6,-5.6,95,1491,0.00,2.15,0.00,0.000,260,0.000,0.043,2578,3251,3415,3446,3385,0,0,0,0,0,0,26.52,25.83,26.53,9.06,53.11
$GC,1621,-0.84,-146.6,2577,3251,3446,3386,134.6,-5.6,101,1631,0.10,2.03,0.00,0.000,3078,0.138,0.021,2609,1826,3416,3446,3386,0,0,0,0,0,0,25.78,26.10,25.86,9.05,53.07
$GC,1811,-0.84,-146.6,2609,1826,3447,3387,145.5,-5.8,111,1816,0.00,2.10,0.00,0.000,516,0.000,0.034,2609,482,3417,3447,3387,0,0,0,0,0,0,26.53,25.85,26.53,9.03,53.93
$GC,1953,-0.84,-146.6,2608,482,3448,3387,154.1,-7.0,117,1961,0.00,2.03,0.00,0.000,1030,0.000,0.022,2602,1870,3417,3448,3387,0,0,0,0,0,0,26.13,26.07,26.15,9.03,53.42
$GC,2137,-0.84,-146.6,2602,1871,3448,3387,166.7,-6.2,127,2141,0.00,2.10,0.00,0.000,260,0.000,0.037,2592,3238,3417,3448,3387,0,0,0,0,0,0,26.53,25.84,26.53,9.02,54.13
$GC,2201,-0.84,-146.6,2592,3237,3448,3387,170.9,-6.5,130,2205,0.00,2.03,0.00,0.000,1030,0.000,0.021,2592,1859,3417,3448,3387,0,0,0,0,0,0,26.13,26.10,26.15,9.01,54.05
$GC,2405,-0.84,-146.6,2592,1859,3448,3387,184.5,-6.9,140,2409,0.00,2.12,0.00,0.000,516,0.000,0.034,2592,472,3418,3448,3388,0,0,0,0,0,0,26.53,25.84,26.54,9.00,54.48
$GC,2491,-0.84,-146.6,2591,472,3448,3387,190.2,-6.8,144,2497,0.10,2.03,0.00,0.000,3078,0.148,0.022,2614,1856,3417,3448,3387,0,0,0,0,0,0,25.75,26.08,25.85,8.99,55.00
$GC,2712,-0.91,-146.6,2613,1855,3447,3387,203.4,-5.9,154,2716,0.00,2.12,0.00,0.000,260,0.000,0.038,2606,3237,3417,3448,3387,0,0,0,0,0,0,26.53,25.84,26.54,8.98,55.82
$GC,2862,-0.97,-146.6,2606,3237,3447,3387,210.7,-5.9,157,2867,0.03,2.05,0.00,0.000,5126,0.129,0.021,2539,1848,3417,3448,3387,0,0,0,0,0,0,25.97,26.10,25.99,8.97,55.59
$GC,3082,-0.97,-146.6,2538,1848,3448,3387,227.7,-7.2,163,3089,0.10,2.10,0.00,0.000,2564,0.144,0.034,2569,474,3417,3448,3387,0,0,0,0,0,0,26.06,25.84,26.10,8.96,56.14
$GC,3209,-0.97,-146.6,2569,475,3448,3387,237.2,-7.6,166,3213,0.00,2.03,0.00,0.000,1030,0.000,0.022,2563,1854,3417,3448,3387,0,0,0,0,0,0,26.13,26.07,26.15,8.95,55.94
$GC,3408,-0.97,-146.6,2562,1854,3448,3387,252.6,-7.7,171,3412,0.00,2.15,0.00,0.000,260,0.000,0.037,2553,3248,3417,3448,3387,0,0,0,0,0,0,26.54,25.84,26.54,8.95,57.04
$GC,3511,-0.97,-146.6,2552,3248,3447,3387,258.8,-7.3,173,3515,0.00,2.03,0.00,0.000,1030,0.000,0.021,2552,1845,3417,3447,3387,0,0,0,0,0,0,26.15,26.08,26.17,8.94,57.16
$GC,3734,-0.97,-146.6,2552,1845,3447,3387,275.2,-6.7,179,3739,0.00,2.10,0.00,0.000,516,0.000,0.035,2553,480,3417,3447,3387,0,0,0,0,0,0,26.53,25.83,26.54,8.93,57.56
$GC,3874,-0.97,-146.6,2552,481,3447,3387,283.9,-6.9,182,3878,0.00,2.03,0.00,0.000,1030,0.000,0.022,2543,1851,3417,3447,3387,0,0,0,0,0,0,26.13,26.06,26.15,8.93,57.75
$GC,4063,-0.97,-146.6,2543,1852,3445,3387,298.6,-7.2,187,4067,0.00,2.15,0.00,0.000,260,0.000,0.037,2533,3245,3416,3445,3387,0,0,0,0,0,0,26.53,25.83,26.54,8.92,57.44
$GC,4114,-0.97,-146.6,2532,3246,3444,3386,302.0,-7.3,188,4120,0.12,2.03,0.00,0.000,3078,0.137,0.021,2573,1841,3415,3444,3387,0,0,0,0,0,0,25.70,26.08,25.81,8.92,57.75
$GC,4309,-0.97,-146.6,2572,1841,3444,3387,316.3,-7.1,193,4313,0.00,2.10,0.00,0.000,516,0.000,0.035,2572,479,3415,3444,3387,0,0,0,0,0,0,26.53,25.82,26.55,8.92,58.19
$GC,4395,-0.97,-146.6,2572,479,3444,3387,322.3,-7.1,195,4399,0.00,2.03,0.00,0.000,1030,0.000,0.023,2567,1853,3415,3444,3387,0,0,0,0,0,0,26.12,26.06,26.15,8.91,57.83
$GC,4595,-0.97,-146.6,2566,1853,3442,3387,335.1,-6.4,200,4599,0.00,2.12,0.00,0.000,516,0.000,0.035,2567,479,3414,3442,3387,0,0,0,0,0,0,26.53,25.83,26.54,8.91,58.46
$GC,4657,-0.97,-146.6,2566,479,3442,3387,338.0,-6.3,201,4661,0.00,2.03,0.00,0.000,1030,0.000,0.023,2557,1850,3414,3442,3386,0,0,0,0,0,0,26.12,26.06,26.15,8.90,58.19
$GC,4881,-0.97,-146.6,2556,1850,3441,3387,355.0,-7.2,207,4884,0.00,2.15,0.00,0.000,260,0.000,0.038,2547,3237,3414,3441,3387,0,0,0,0,0,0,26.53,25.82,26.55,8.89,58.70
$GC,4926,-0.97,-146.6,2546,3237,3439,3387,358.2,-7.3,208,4931,0.00,2.03,0.00,0.000,1030,0.000,0.021,2547,1843,3413,3440,3387,0,0,0,0,0,0,26.13,26.07,26.15,8.89,59.01
$GC,5126,-0.97,-146.6,2546,1843,3439,3387,373.9,-7.9,213,5130,0.00,2.12,0.00,0.000,516,0.000,0.036,2547,475,3412,3439,3386,0,0,0,0,0,0,26.54,25.80,26.55,8.89,58.86
$GC,5232,-0.97,-146.6,2547,474,3438,3387,380.5,-7.9,215,5238,0.10,2.05,0.00,0.000,3078,0.149,0.024,2569,1856,3412,3438,3387,0,0,0,0,0,0,25.72,26.04,25.82,8.89,58.58
$GC,5453,-0.97,-146.6,2568,1857,3436,3386,398.1,-7.1,221,5458,0.00,2.15,0.00,0.000,516,0.000,0.035,2569,477,3411,3436,3386,0,0,0,0,0,0,26.54,25.81,26.55,8.88,59.25
$GC,5497,-0.97,-146.6,2569,477,3435,3387,401.4,-7.1,222,5503,0.00,2.08,0.00,0.000,1030,0.000,0.024,2562,1849,3410,3435,3386,0,0,0,0,0,0,26.07,26.03,26.09,8.88,59.05
$GC,5702,-0.97,-146.6,2562,1849,3435,3386,416.9,-7.6,227,5704,0.00,0.00,0.00,0.000,6,0.000,0.000,2563,1848,3410,3434,3386,0,0,0,0,0,0,26.54,26.55,26.55,8.88,59.64
$GC,5903,-0.97,-146.6,2562,1848,3435,3385,432.3,-7.7,232,5907,0.00,2.17,0.00,0.000,516,0.000,0.037,2562,476,3409,3434,3384,0,0,0,0,0,0,26.54,25.79,26.55,8.87,60.15
$GC,5970,-0.97,-146.6,2562,476,3434,3385,435.7,-7.6,233,5974,0.00,2.05,0.00,0.000,1030,0.000,0.024,2554,1853,3410,3435,3385,0,0,0,0,0,0,26.10,26.03,26.13,8.87,59.84
$GC,6191,-0.97,-146.6,2554,1853,3434,3383,453.1,-7.1,239,6195,0.00,2.15,0.00,0.000,260,0.000,0.038,2544,3240,3408,3434,3383,0,0,0,0,0,0,26.54,25.80,26.55,8.87,60.00
$GC,6234,-0.97,-146.6,2543,3239,3432,3383,456.1,-6.9,240,6238,0.00,2.03,0.00,0.000,1030,0.000,0.022,2544,1851,3408,3433,3383,0,0,0,0,0,0,26.12,26.06,26.14,8.86,59.56
$GC,6438,-0.97,-146.6,2543,1851,3433,3382,469.2,-6.4,245,6442,0.00,2.15,0.00,0.000,516,0.000,0.037,2544,472,3408,3433,3383,0,0,0,0,0,0,26.54,25.77,26.55,8.86,59.80
$GC,6555,-0.97,-146.6,2543,472,3432,3382,475.0,-6.7,247,6563,0.12,2.05,0.00,0.000,3078,0.136,0.024,2574,1853,3407,3432,3382,0,0,0,0,0,0,25.66,26.03,25.76,8.86,60.59
$GC,6764,-1.03,-146.6,2574,1853,3432,3382,490.8,-6.5,253,6768,0.00,2.15,0.00,0.000,260,0.000,0.038,2567,3239,3406,3431,3382,0,0,0,0,0,0,26.53,25.79,26.55,8.85,60.12
$GC,6831,-1.08,-146.6,2566,3240,3432,3382,493.9,-6.6,254,6836,0.00,2.05,0.00,0.000,1030,0.000,0.022,2566,1847,3406,3431,3381,0,0,0,0,0,0,26.11,26.06,26.14,8.85,60.15
$GC,7050,-1.08,-146.6,2566,1847,3432,3380,510.4,-7.0,260,7055,0.00,2.15,0.00,0.000,516,0.000,0.037,2567,469,3405,3431,3380,0,0,0,0,0,0,26.54,25.76,26.55,8.84,60.59
$GC,7143,-1.08,-146.6,2566,469,3432,3380,516.9,-7.4,262,7147,0.00,2.08,0.00,0.000,1030,0.000,0.024,2557,1856,3405,3431,3380,0,0,0,0,0,0,26.09,26.02,26.11,8.84,60.47
$GC,7337,-1.08,-146.6,2557,1856,3430,3379,532.4,-7.7,267,7341,0.00,2.17,0.00,0.000,260,0.000,0.039,2547,3251,3405,3431,3379,0,0,0,0,0,0,26.54,25.78,26.55,8.84,59.96
$GC,7384,-1.08,-146.6,2547,3251,3430,3379,535.8,-7.8,268,7388,0.00,2.08,0.00,0.000,1030,0.000,0.022,2547,1838,3404,3430,3379,0,0,0,0,0,0,26.10,26.03,26.13,8.84,60.51
$GC,7583,-1.08,-146.6,2546,1838,3430,3378,551.7,-8.0,273,7587,0.00,2.12,0.00,0.000,516,0.000,0.037,2547,475,3404,3430,3379,0,0,0,0,0,0,26.54,25.75,26.55,8.83,61.14
$GC,7685,-1.08,-146.6,2546,475,3430,3378,558.7,-8.1,275,7690,0.00,2.10,0.00,0.000,1030,0.000,0.024,2539,1856,3404,3429,3379,0,0,0,0,0,0,26.05,26.01,26.06,8.83,60.51
$GC,7910,-1.08,-146.6,2538,1856,3429,3377,578.4,-8.2,281,7914,0.00,2.17,0.00,0.000,260,0.000,0.039,2528,3250,3403,3429,3378,0,0,0,0,0,0,26.54,25.77,26.54,8.82,61.30
$GC,7954,-1.08,-146.6,2528,3250,3428,3377,582.0,-8.2,282,7958,0.00,2.05,0.00,0.000,1030,0.000,0.022,2529,1850,3402,3428,3377,0,0,0,0,0,0,26.10,26.03,26.12,8.83,60.63
$GC,8159,-1.08,-146.6,2528,1850,3428,3377,598.5,-8.2,287,8162,0.00,2.15,0.00,0.000,516,0.000,0.037,2528,470,3402,3428,3377,0,0,0,0,0,0,26.54,25.74,26.55,8.82,60.78
$GC,8315,-1.08,-146.6,2528,470,3427,3377,609.1,-8.3,290,8319,0.00,2.05,0.00,0.000,1030,0.000,0.025,2519,1851,3402,3427,3377,0,0,0,0,0,0,26.07,26.00,26.10,8.82,60.86
$GC,8528,-1.08,-146.6,2518,1850,3426,3376,628.7,-7.8,296,8532,0.00,2.15,0.00,0.000,516,0.000,0.037,2519,472,3401,3426,3376,0,0,0,0,0,0,26.54,25.75,26.55,8.82,60.94
$GC,8579,-1.08,-146.6,2518,471,3426,3376,632.1,-7.8,297,8585,0.00,2.10,0.00,0.000,1030,0.000,0.025,2509,1854,3401,3426,3376,0,0,0,0,0,0,26.03,25.99,26.06,8.81,60.94
$GC,8774,-1.08,-146.6,2509,1854,3425,3375,647.6,-7.5,302,8778,0.00,2.15,0.00,0.000,516,0.000,0.037,2509,478,3400,3425,3375,0,0,0,0,0,0,26.54,25.74,26.55,8.81,61.49
$GC,8833,-1.08,-146.6,2508,476,3425,3375,650.9,-7.5,303,8840,0.12,2.08,0.00,0.000,3078,0.147,0.025,2537,1860,3399,3424,3375,0,0,0,0,0,0,25.58,25.98,25.69,8.80,60.90
$GC,9061,-1.08,-146.6,2536,1860,3424,3373,667.9,-7.0,309,9062,0.00,0.00,0.00,0.000,6,0.000,0.000,2537,1860,3399,3424,3374,0,0,0,0,0,0,26.53,26.55,26.55,8.80,61.34
$GC,9259,-1.08,-146.6,2536,1860,3423,3373,681.9,-6.9,314,9264,0.00,2.17,0.00,0.000,516,0.000,0.037,2537,475,3398,3424,3373,0,0,0,0,0,0,26.53,25.72,26.55,8.80,61.30
$GC,9321,-1.08,-146.6,2536,475,3424,3373,685.2,-7.1,315,9326,0.00,2.08,0.00,0.000,1030,0.000,0.025,2530,1861,3398,3423,3373,0,0,0,0,0,0,26.06,25.98,26.08,8.80,61.57
$GC,9546,-1.08,-146.6,2530,1859,3423,3372,703.0,-7.5,321,9550,0.00,2.17,0.00,0.000,516,0.000,0.037,2530,476,3398,3423,3373,0,0,0,0,0,0,26.54,25.72,26.55,8.79,61.81
$GC,9592,-1.08,-146.6,2530,475,3423,3372,706.5,-7.6,322,9596,0.00,2.08,0.00,0.000,1030,0.000,0.025,2521,1860,3397,3422,3372,0,0,0,0,0,0,26.05,25.98,26.08,8.79,61.97
$GC,9791,-1.08,-146.6,2520,1859,3422,3372,722.3,-8.0,327,9793,0.00,0.00,0.00,0.000,6,0.000,0.000,2521,1859,3396,3421,3372,0,0,0,0,0,0,26.54,26.55,26.55,8.79,61.57
$GC,9991,-1.08,-146.6,2520,1859,3422,3371,738.6,-8.2,332,9995,0.00,2.20,0.00,0.000,516,0.000,0.038,2521,461,3396,3422,3371,0,0,0,0,0,0,26.54,25.70,26.55,8.78,61.77
$GC,10083,-1.08,-146.6,2521,461,3422,3371,745.7,-8.4,334,10088,0.00,2.12,0.00,0.000,1030,0.000,0.026,2512,1847,3396,3421,3371,0,0,0,0,0,0,26.00,25.96,26.01,8.79,61.61
$GC,10277,-1.08,-146.6,2511,1847,3421,3370,762.5,-8.2,339,10281,0.00,2.15,0.00,0.000,516,0.000,0.038,2512,478,3395,3421,3370,0,0,0,0,0,0,26.53,25.70,26.54,8.78,61.85
$GC,10309,-1.08,-146.6,2511,478,3421,3370,762.5,-8.2,339,10314,0.10,2.08,0.00,0.000,3078,0.151,0.025,2531,1857,3395,3420,3370,0,0,0,0,0,0,25.63,25.96,25.73,8.78,62.04
$GC,10526,-1.08,-146.6,2530,1856,3421,3368,782.0,-7.8,345,10527,0.00,0.00,0.00,0.000,6,0.000,0.000,2531,1856,3394,3421,3368,0,0,0,0,0,0,26.53,26.55,26.54,8.77,62.08
$GC,10724,-1.08,-146.6,2531,1857,3420,3367,797.3,-7.6,350,10729,0.00,2.17,0.00,0.000,516,0.000,0.038,2531,478,3394,3421,3367,0,0,0,0,0,0,26.53,25.67,26.55,8.77,62.56
$GC,10801,-1.08,-146.6,2531,477,3420,3367,800.8,-7.7,351,10808,0.00,2.05,0.00,0.000,1030,0.000,0.026,2525,1850,3393,3420,3367,0,0,0,0,0,0,26.02,25.95,26.05,8.77,62.24
$GC,11009,-1.08,-146.6,2524,1850,3420,3367,819.1,-7.7,357,11013,0.00,2.15,0.00,0.000,516,0.000,0.039,2525,478,3393,3420,3367,0,0,0,0,0,0,26.53,25.67,26.54,8.77,61.81
$GC,11045,-1.08,-146.6,2524,477,3420,3367,819.1,-7.7,357,11053,0.00,2.05,0.00,0.000,1030,0.000,0.026,2515,1851,3393,3420,3367,0,0,0,0,0,0,26.02,25.95,26.05,8.77,62.16
$GC,11254,-1.08,-146.6,2514,1851,3419,3367,837.3,-7.5,363,11255,0.00,0.00,0.00,0.000,6,0.000,0.000,2515,1851,3393,3419,3367,0,0,0,0,0,0,26.54,26.55,26.55,8.77,62.87
$GC,11452,-1.08,-146.6,2514,1851,3419,3366,852.5,-7.6,368,11454,0.00,0.00,0.00,0.000,6,0.000,0.000,2515,1851,3392,3418,3366,0,0,0,0,0,0,26.54,26.55,26.54,8.77,62.71
$GC,11652,-1.08,-146.6,2514,1851,3419,3365,867.7,-7.6,373,11657,0.00,2.15,0.00,0.000,516,0.000,0.040,2514,479,3392,3419,3366,0,0,0,0,0,0,26.54,25.65,26.55,8.76,62.79
$GC,11715,-1.08,-146.6,2514,478,3419,3365,871.2,-7.6,374,11720,0.00,2.08,0.00,0.000,1030,0.000,0.027,2505,1853,3392,3419,3366,0,0,0,0,0,0,26.01,25.94,26.03,8.76,62.12
$GC,11940,-1.08,-146.6,2504,1853,3418,3365,890.1,-7.8,380,11945,0.10,2.17,0.00,0.000,2564,0.151,0.039,2534,478,3391,3418,3365,0,0,0,0,0,0,26.02,25.63,26.06,8.75,62.83
$GC,11998,-1.08,-146.6,2534,478,3418,3365,893.5,-7.8,381,12003,0.00,2.08,0.00,0.000,1030,0.000,0.027,2527,1852,3391,3418,3365,0,0,0,0,0,0,26.00,25.92,26.02,8.76,62.24
$GC,12190,-1.08,-146.6,2527,1851,3418,3365,908.8,-7.5,386,12191,0.00,0.00,0.00,0.000,6,0.000,0.000,2527,1851,3391,3418,3365,0,0,0,0,0,0,26.53,26.55,26.54,8.76,63.30
$GC,12387,-1.08,-146.6,2527,1851,3418,3364,924.2,-7.7,391,12391,0.00,2.17,0.00,0.000,516,0.000,0.039,2527,476,3391,3418,3364,0,0,0,0,0,0,26.53,25.63,26.54,8.75,63.03
$GC,12439,-1.08,-146.6,2526,476,3418,3364,927.6,-7.8,392,12444,0.00,2.08,0.00,0.000,1030,0.000,0.026,2518,1855,3390,3417,3364,0,0,0,0,0,0,25.99,25.92,26.02,8.75,63.11
$GC,12633,-1.08,-146.6,2517,1854,3416,3364,943.7,-8.0,397,12635,0.00,0.00,0.00,0.000,6,0.000,0.000,2518,1854,3390,3416,3364,0,0,0,0,0,0,26.53,26.55,26.54,8.74,62.44
$GC,12833,-1.08,-146.6,2517,1854,3416,3364,959.4,-8.0,402,12837,0.00,2.20,0.00,0.000,260,0.000,0.041,2508,3252,3390,3416,3364,0,0,0,0,0,0,26.53,25.65,26.54,8.75,63.34
$GC,12879,-1.08,-146.6,2507,3253,3416,3363,963.0,-8.0,403,12884,0.00,2.08,0.00,0.000,1030,0.000,0.024,2508,1848,3390,3416,3364,0,0,0,0,0,0,26.01,25.93,26.03,8.74,63.11
$GC,13079,-1.08,-146.6,2507,1848,3415,3363,978.6,-7.8,408,13083,0.00,2.17,0.00,0.000,516,0.000,0.040,2508,470,3389,3415,3363,0,0,0,0,0,0,26.53,25.59,26.54,8.74,63.11
$GC,13218,-1.08,-146.6,2507,469,3415,3363,988.5,-8.0,411,13224,0.12,2.08,0.00,0.000,3078,0.144,0.027,2536,1850,3389,3415,3363,0,0,0,0,0,0,25.49,25.89,25.60,8.74,62.87
$STATE,13241,end dive,TARGET_DEPTH_EXCEEDED
$STATE,13241,begin apogee
$GC,13249,-0.42,0.0,2536,2193,3415,3363,991.6,-7.9,412,13391,0.62,0.00,137.70,1.340,10246,0.103,0.000,2744,2193,2804,2898,2711,0,0,0,0,0,0,25.13,24.08,22.80,8.74,63.46
$STATE,13392,end apogee,CONTROL_FINISHED_OK
$STATE,13392,begin climb
$GC,13395,1.09,146.6,2744,2193,2896,2710,996.6,0.0,415,13551,1.40,2.42,144.93,1.287,11012,0.070,0.042,3229,3607,2205,2290,2121,0,0,0,0,0,0,24.65,24.13,22.82,8.70,61.22
$GC,13611,0.89,173.7,3227,3607,2290,2122,980.7,8.8,421,13648,0.22,2.15,28.40,1.229,13318,0.131,0.024,3169,2190,2094,2186,2003,0,0,0,0,0,0,25.17,25.56,23.16,8.64,59.96
$GC,13849,0.90,187.9,3169,2190,2185,2001,958.3,9.4,427,13869,0.00,2.28,14.43,1.181,8452,0.000,0.044,3169,3601,2037,2137,1938,0,0,0,0,0,0,26.26,24.96,23.58,8.63,62.20
$GC,13959,0.91,195.9,3169,3601,2137,1938,950.3,9.6,429,13975,0.00,2.10,9.65,1.108,9222,0.000,0.024,3177,2200,2003,2106,1900,0,0,0,0,0,0,25.89,25.82,23.63,8.62,61.85
$GC,14170,0.91,198.3,3177,2199,2106,1900,926.5,9.9,435,14175,0.00,2.22,0.00,0.000,260,0.000,0.044,3177,3598,2003,2106,1901,0,0,0,0,0,0,26.32,25.73,26.32,8.61,63.19
$GC,14217,0.92,201.3,3177,3597,2106,1900,922.0,9.9,436,14230,0.00,2.10,6.47,1.004,9222,0.000,0.024,3187,2195,1982,2088,1877,0,0,0,0,0,0,26.03,25.96,23.82,8.61,62.52
$GC,14415,0.92,204.4,3186,2195,2088,1876,902.2,9.9,441,14425,0.00,2.22,4.38,0.837,8452,0.000,0.042,3187,3596,1970,2078,1862,0,0,0,0,0,0,26.38,24.77,23.88,8.61,62.83
$GC,14473,0.92,208.7,3186,3596,2079,1861,898.0,9.8,442,14486,0.00,2.12,6.05,0.979,9222,0.000,0.024,3194,2198,1953,2065,1841,0,0,0,0,0,0,25.98,25.96,23.83,8.61,62.75
$GC,14696,0.93,211.5,3194,2198,2065,1840,874.2,9.9,448,14706,0.00,2.25,4.68,0.871,8452,0.000,0.044,3194,3592,1941,2053,1829,0,0,0,0,0,0,26.39,25.27,23.89,8.61,63.11
$GC,14744,0.93,213.5,3194,3591,2053,1829,870.2,9.9,449,14748,0.00,2.08,0.00,0.000,1030,0.000,0.024,3203,2196,1941,2053,1829,0,0,0,0,0,0,26.03,25.97,26.06,8.61,62.71
$GC,14938,0.93,218.0,3203,2196,2053,1829,850.2,9.8,454,14948,0.00,0.00,8.23,1.074,8198,0.000,0.000,3203,2196,1916,2031,1801,0,0,0,0,0,0,26.43,25.14,23.88,8.60,63.86
$GC,15138,0.94,221.9,3203,2196,2030,1799,830.6,9.8,459,15149,0.00,2.25,5.57,0.939,8452,0.000,0.044,3203,3610,1898,2016,1781,0,0,0,0,0,0,26.39,25.26,23.89,8.60,63.82
$GC,15231,0.94,221.9,3203,3609,2016,1781,822.3,10.1,461,15235,0.00,2.10,0.00,0.000,1030,0.000,0.024,3212,2199,1898,2016,1781,0,0,0,0,0,0,26.03,25.96,26.05,8.59,63.62
$GC,15420,0.94,221.9,3212,2199,2016,1782,802.0,10.1,466,15421,0.00,0.00,0.00,0.000,6,0.000,0.000,3213,2199,1898,2016,1780,0,0,0,0,0,0,26.44,26.45,26.45,8.59,64.01
$GC,15620,0.94,221.9,3212,2199,2016,1781,781.4,10.4,471,15624,0.00,2.22,0.00,0.000,260,0.000,0.044,3213,3599,1898,2016,1781,0,0,0,0,0,0,26.48,25.75,26.48,8.59,64.45
$GC,15696,0.94,221.9,3212,3599,2016,1781,776.9,10.4,472,15703,0.12,2.08,0.00,0.000,5126,0.139,0.024,3183,2200,1898,2015,1781,0,0,0,0,0,0,25.65,26.02,25.77,8.58,64.33
$GC,15903,0.99,222.4,3182,2200,2016,1781,752.6,10.0,478,15905,0.00,0.00,0.00,0.000,6,0.000,0.000,3182,2201,1898,2016,1781,0,0,0,0,0,0,26.50,26.51,26.51,8.59,64.53
$GC,16106,1.05,228.3,3182,2201,2016,1781,733.2,9.7,483,16120,0.08,2.22,7.88,1.024,10500,0.100,0.043,3258,3599,1873,1992,1754,0,0,0,0,0,0,26.28,25.26,23.93,8.58,64.33
$GC,16164,1.05,230.6,3257,3599,1992,1754,728.7,9.9,484,16171,0.15,2.10,0.00,0.000,5126,0.135,0.024,3221,2193,1873,1992,1754,0,0,0,0,0,0,25.58,25.96,25.72,8.58,64.01
$GC,16385,1.05,230.6,3220,2193,1992,1754,703.7,10.3,490,16391,0.00,2.25,0.00,0.000,260,0.000,0.044,3221,3606,1873,1992,1754,0,0,0,0,0,0,26.45,25.71,26.46,8.58,64.41
$GC,16459,1.05,230.6,3220,3606,1991,1754,699.6,10.2,491,16466,0.00,2.10,0.00,0.000,1030,0.000,0.024,3229,2190,1873,1992,1754,0,0,0,0,0,0,26.06,25.99,26.08,8.58,64.05
$GC,16666,1.06,234.7,3228,2190,1991,1754,675.6,9.8,497,16676,0.00,0.00,8.10,1.007,8198,0.000,0.000,3229,2190,1847,1968,1727,0,0,0,0,0,0,26.49,25.14,23.91,8.57,64.25
$GC,16866,1.07,249.2,3228,2190,1966,1726,656.9,9.3,502,16888,0.00,2.28,16.12,1.101,8452,0.000,0.042,3229,3598,1786,1917,1655,0,0,0,0,0,0,26.42,24.56,23.74,8.58,63.93
$GC,16942,1.09,265.4,3228,3597,1916,1655,653.2,9.3,503,16964,0.00,2.10,16.85,1.087,9222,0.000,0.024,3238,2199,1723,1862,1584,0,0,0,0,0,0,25.87,25.81,23.59,8.57,64.17
$GC,17183,1.11,284.5,3237,2199,1861,1581,627.7,9.1,510,17209,0.00,2.30,19.02,1.089,8452,0.000,0.043,3238,3597,1643,1791,1495,0,0,0,0,0,0,26.31,24.95,23.65,8.56,64.01
$GC,17265,1.12,297.9,3237,3597,1790,1495,620.1,9.4,512,17285,0.00,2.12,13.90,1.047,9222,0.000,0.024,3248,2195,1588,1739,1437,0,0,0,0,0,0,25.79,25.73,23.62,8.55,64.05
$GC,17506,1.12,298.2,3247,2194,1738,1436,596.1,10.0,518,17510,0.00,2.15,0.00,0.000,516,0.000,0.037,3257,812,1587,1738,1436,0,0,0,0,0,0,26.31,25.73,26.31,8.55,63.58
$GC,17537,1.12,298.6,3256,812,1738,1436,596.1,10.0,518,17541,0.00,2.12,0.00,0.000,1030,0.000,0.028,3257,2208,1587,1738,1436,0,0,0,0,0,0,25.91,25.83,25.95,8.55,63.78
$GC,17750,1.12,298.6,3256,2208,1738,1434,569.8,10.9,524,17755,0.00,2.25,0.00,0.000,260,0.000,0.044,3257,3622,1586,1738,1434,0,0,0,0,0,0,26.44,25.72,26.44,8.55,64.29
$GC,17844,1.12,298.6,3256,3622,1737,1433,559.9,11.6,526,17849,0.00,2.15,0.00,0.000,1030,0.000,0.024,3265,2192,1585,1737,1433,0,0,0,0,0,0,26.06,25.98,26.08,8.55,64.25
$GC,18038,1.12,298.6,3265,2192,1737,1432,535.7,12.0,531,18039,0.00,0.00,0.00,0.000,6,0.000,0.000,3266,2192,1584,1737,1432,0,0,0,0,0,0,26.48,26.49,26.49,8.55,64.25
$GC,18239,1.12,298.6,3265,2192,1737,1431,511.0,12.3,536,18246,0.00,2.25,0.00,0.000,260,0.000,0.044,3266,3605,1584,1737,1432,0,0,0,0,0,0,26.50,25.72,26.51,8.54,63.86
$GC,18309,1.12,298.6,3265,3604,1737,1430,505.5,12.4,537,18319,0.10,2.10,0.00,0.000,5126,0.149,0.024,3244,2200,1583,1737,1430,0,0,0,0,0,0,25.69,26.01,25.79,8.55,64.37
$GC,18522,1.17,298.6,3244,2199,1737,1430,476.8,11.8,543,18527,0.00,2.15,0.00,0.000,516,0.000,0.037,3253,810,1583,1737,1430,0,0,0,0,0,0,26.51,25.78,26.51,8.55,64.68
$GC,18566,1.17,298.6,3252,810,1737,1430,471.7,11.7,544,18571,0.00,2.10,0.00,0.000,1030,0.000,0.028,3253,2202,1583,1737,1430,0,0,0,0,0,0,25.99,25.90,26.02,8.55,64.05
$GC,18770,1.17,298.6,3252,2202,1737,1429,449.3,10.9,549,18775,0.00,2.22,0.00,0.000,260,0.000,0.044,3253,3597,1583,1737,1429,0,0,0,0,0,0,26.51,25.67,26.52,8.55,64.25
$GC,18867,1.17,298.6,3252,3598,1737,1429,440.1,10.8,551,18872,0.00,2.10,0.00,0.000,1030,0.000,0.024,3262,2193,1583,1737,1429,0,0,0,0,0,0,26.06,25.98,26.08,8.56,64.53
$GC,19056,1.17,298.6,3262,2193,1737,1429,419.7,10.0,556,19061,0.00,2.25,0.00,0.000,260,0.000,0.044,3262,3604,1583,1737,1429,0,0,0,0,0,0,26.51,25.65,26.52,8.56,64.41
$GC,19093,1.17,298.6,3262,3604,1737,1429,419.7,10.0,556,19100,0.00,2.10,0.00,0.000,1030,0.000,0.024,3262,2189,1583,1737,1429,0,0,0,0,0,0,26.05,25.98,26.07,8.56,63.50
$GC,19300,1.17,298.6,3261,2189,1737,1428,394.8,10.2,562,19305,0.00,2.28,0.00,0.000,260,0.000,0.044,3262,3621,1582,1737,1428,0,0,0,0,0,0,26.51,25.65,26.52,8.55,64.33
$GC,19347,1.17,298.6,3261,3621,1737,1428,389.8,10.5,563,19351,0.00,2.12,0.00,0.000,1030,0.000,0.024,3262,2199,1583,1737,1429,0,0,0,0,0,0,26.05,25.98,26.07,8.56,64.37
$GC,19546,1.17,298.6,3262,2199,1737,1428,368.3,10.8,568,19550,0.00,2.25,0.00,0.000,260,0.000,0.044,3261,3605,1582,1737,1428,0,0,0,0,0,0,26.51,25.63,26.52,8.56,63.78
$GC,19590,1.17,298.6,3261,3605,1737,1428,363.2,11.0,569,19594,0.00,2.12,0.00,0.000,1030,0.000,0.024,3262,2202,1582,1737,1428,0,0,0,0,0,0,26.00,25.98,26.03,8.56,63.78
$GC,19794,1.17,298.6,3262,2202,1737,1428,340.8,11.0,574,19798,0.00,2.25,0.00,0.000,260,0.000,0.044,3262,3590,1582,1737,1428,0,0,0,0,0,0,26.51,25.63,26.52,8.57,64.05
$GC,19846,1.17,298.6,3262,3590,1737,1429,335.9,11.0,575,19850,0.00,2.08,0.00,0.000,1030,0.000,0.024,3262,2198,1582,1737,1428,0,0,0,0,0,0,26.04,25.97,26.07,8.57,63.97
$GC,20040,1.17,298.6,3262,2198,1737,1428,314.3,10.7,580,20041,0.00,0.00,0.00,0.000,6,0.000,0.000,3262,2198,1582,1737,1428,0,0,0,0,0,0,26.51,26.52,26.52,8.57,63.50
$GC,20241,1.17,298.6,3262,2198,1737,1429,293.2,10.5,585,20247,0.00,2.22,0.00,0.000,260,0.000,0.044,3262,3597,1582,1737,1428,0,0,0,0,0,0,26.51,25.61,26.52,8.57,63.93
$GC,20335,1.17,298.6,3262,3597,1737,1428,284.1,10.8,587,20339,0.00,2.08,0.00,0.000,1030,0.000,0.024,3262,2199,1583,1737,1429,0,0,0,0,0,0,26.03,25.96,26.06,8.57,63.78
$GC,20523,1.17,298.6,3262,2199,1737,1428,262.5,10.7,592,20529,0.00,2.22,0.00,0.000,260,0.000,0.043,3262,3599,1582,1737,1428,0,0,0,0,0,0,26.51,25.60,26.52,8.58,63.23
$GC,20605,1.17,298.6,3262,3599,1737,1428,253.5,10.9,594,20609,0.00,2.10,0.00,0.000,1030,0.000,0.024,3262,2197,1582,1737,1428,0,0,0,0,0,0,26.03,25.96,26.06,8.58,63.34
$GC,20810,1.17,298.6,3262,2196,1737,1428,232.1,10.5,599,20814,0.00,2.22,0.00,0.000,260,0.000,0.043,3262,3597,1582,1737,1428,0,0,0,0,0,0,26.51,25.60,26.52,8.58,63.34
$GC,20911,1.17,298.6,3262,3597,1737,1428,223.1,10.5,601,20915,0.00,2.08,0.00,0.000,1030,0.000,0.024,3262,2199,1582,1737,1428,0,0,0,0,0,0,26.03,25.96,26.06,8.59,63.30
$GC,21136,1.17,298.6,3262,2199,1737,1428,198.0,10.5,607,21141,0.00,2.25,0.00,0.000,260,0.000,0.044,3262,3592,1582,1736,1428,0,0,0,0,0,0,26.51,25.59,26.53,8.59,63.38
$GC,21200,1.17,298.6,3262,3593,1737,1428,190.5,11.2,610,21204,0.00,2.08,0.00,0.000,1030,0.000,0.024,3262,2196,1582,1737,1428,0,0,0,0,0,0,26.03,25.96,26.06,8.59,62.87
$GC,21405,1.17,298.6,3261,2195,1737,1428,168.3,10.6,620,21410,0.00,2.25,0.00,0.000,260,0.000,0.043,3262,3605,1582,1737,1428,0,0,0,0,0,0,26.51,25.58,26.53,8.60,62.83
$GC,21469,1.17,298.6,3262,3605,1737,1428,160.9,11.3,623,21474,0.00,2.10,0.00,0.000,1030,0.000,0.023,3262,2190,1582,1737,1428,0,0,0,0,0,0,26.03,25.96,26.06,8.59,63.23
$GC,21676,1.18,302.6,3262,2190,1737,1428,140.5,9.8,633,21685,0.00,2.28,4.05,0.559,8452,0.000,0.043,3262,3606,1570,1725,1416,0,0,0,0,0,0,26.51,25.15,23.93,8.60,63.03
$GC,21743,1.18,303.0,3262,3607,1725,1415,134.3,10.0,636,21747,0.00,2.10,0.00,0.000,1030,0.000,0.023,3262,2196,1570,1725,1415,0,0,0,0,0,0,26.01,25.94,26.03,8.60,62.67
$GC,21936,1.18,303.0,3262,2196,1725,1415,114.0,10.0,646,21938,0.00,0.00,0.00,0.000,6,0.000,0.000,3262,2196,1570,1725,1415,0,0,0,0,0,0,26.50,26.51,26.51,8.60,62.83
$GC,22117,1.18,303.1,3262,2196,1725,1415,96.1,10.0,655,22121,0.00,2.25,0.00,0.000,260,0.000,0.043,3262,3607,1570,1725,1415,0,0,0,0,0,0,26.51,25.58,26.52,8.61,62.64
$GC,22209,1.18,306.4,3262,3607,1725,1415,87.8,9.8,659,22220,0.00,2.10,5.53,0.613,9222,0.000,0.023,3262,2196,1553,1709,1397,0,0,0,0,0,0,26.03,25.97,24.10,8.61,62.56
$GC,22400,1.31,430.1,3262,2196,1709,1396,74.8,4.3,669,22546,0.08,2.20,119.95,0.731,10756,0.099,0.035,3346,810,1049,1172,926,0,0,0,0,3,0,26.25,24.58,23.50,8.63,63.34
$GC,22634,1.34,464.7,3346,810,1170,925,56.4,8.4,680,22676,0.10,2.15,34.70,0.706,13318,0.132,0.027,3315,2193,907,997,817,0,0,0,0,0,0,25.42,25.64,23.78,8.66,63.58
$GC,22867,1.48,527.2,3314,2193,993,814,38.5,7.1,700,22930,0.10,2.33,55.20,0.677,10500,0.075,0.043,3405,3606,649,703,596,0,0,0,0,0,0,26.03,24.81,23.99,8.72,63.70
$GC,22995,1.49,534.9,3404,3606,702,594,27.0,9.6,712,23014,0.17,2.10,7.10,0.439,13318,0.127,0.021,3361,2196,621,672,570,0,0,0,0,0,0,25.29,25.67,24.07,8.73,61.69
$GC,23194,1.59,549.4,3361,2195,672,570,7.0,9.3,732,23213,0.05,0.00,13.65,0.459,10246,0.135,0.000,3432,2195,563,608,518,0,0,0,0,0,0,26.10,24.98,24.27,8.76,60.59
$STATE,23230,end climb,SURFACE_DEPTH_REACHED
$STATE,23230,begin surface coast
$FINISH,0.4,1.022491
$STATE,23252,end surface coast,CONTROL_FINISHED_OK
$STATE,23252,begin surface
$SM_CCo,23334,0.00,0.000,0,0,566,549.47
$SM_GC,-0.15,8.38,0.47,0.00,0.028,0.037,0.000,168,1864,566,-8.28,1.89,549.47,0,0,0,0,0,0,25.94,25.87,25.97
$IRIDIUM_FIX,808.06,-14155.46,150425,201029
$TT8_MAMPS,0.026964,0.387982
$HUMID,57.56
$INTERNAL_PRESSURE,8.74185
$TCM_TEMP,18.90
$XPDR_PINGS,0
$ALTIM_TOP_PING,19.4,19.2
$24V_AH,22.80,98.714
$10V_AH,9.59,63.095
$FG_AHR_24Vo,0.000
$FG_AHR_10Vo,0.000
$DEVICES,Pitch_motor,Roll_motor,VBD_pump_during_apogee,VBD_pump_during_surface,VBD_valve,Iridium_during_init,Iridium_during_connect,Iridium_during_xfer,Transponder_ping,GUMSTIX_24V,GPS,TT8,LPSleep,TT8_Active,TT8_Sampling,TT8_CF8,TT8_Kalman,Analog_circuits,GPS_charging,Compass,RAFOS,Transponder,Compass2
$DEVICE_SECS,22.300,299.875,692.525,0.000,0.000,0.000,0.000,281.550,0.250,0.000,26.257,3269.756,15794.918,858.246,3308.340,526.878,0.000,2889.467,0.000,2855.839,0.000,2.765,0.000
$DEVICE_MAMPS,198.900,57.375,1340.280,0.000,0.000,0.000,0.000,91.035,420.000,0.000,30.710,15.210,2.190,15.210,43.670,53.410,0.000,14.000,0.000,8.240,0.000,30.000,0.000
$SENSORS,SBE_CT,WL_blue_red_Chl,AA4330,nil,nil,nil,nil,nil,nil,nil
$SENSOR_SECS,642.037,0.000,986.132,0.000,0.000,0.000,0.000,0.000,0.000,0.000
$SENSOR_MAMPS,22.470,0.000,11.230,0.000,0.000,0.000,0.000,0.000,0.000,0.000
$MEM,311964
$DATA_FILE_SIZE,55742,738
$CAP_FILE_SIZE,263938,0
$CFSIZE,2097872896,2013036544
$ERRORS,0,0,0,0,0,0,0,0,0,0,0,0,0,3,1,0
$CURRENT,0.099,137.40,1
$GPS,310805,092059,808.142,-14154.948,39,0.8,63,9.3,0.4,139.9,8,4.7
