version: 66.14
glider: 195
mission: 21
dive: 79
start: 4 23 105 3 40 1
data:
$ID,195
$MISSION,21
$DIVE,79
$N_DIVES,0
$STOP_T,0
$D_SURF,3
$D_FLARE,2
$D_TGT,990
$D_ABORT,1090
$D_NO_BLEED,50
$D_BOOST,3
$T_BOOST,0
$D_FINISH,0
$D_PITCH,0
$D_SAFE,0
$D_CALL,0
$SURFACE_URGENCY,0
$SURFACE_URGENCY_TRY,0
$SURFACE_URGENCY_FORCE,0
$T_DIVE,330
$T_MISSION,450
$T_ABORT,1440
$T_TURN,300
$T_TURN_SAMPINT,5
$T_NO_W,120
$T_LOITER,0
$T_SLOITER,60
$T_EPIRB,0
$USE_BATHY,0
$USE_ICE,0
$ICE_FREEZE_MARGIN,0.30000001
$D_OFFGRID,990
$T_WATCHDOG,10
$RELAUNCH,1
$APOGEE_PITCH,-8
$MAX_BUOY,150
$COURSE_BIAS,0
$GLIDE_SLOPE,30
$SPEED_FACTOR,1
$RHO,1.023
$MASS,54002
$MASS_COMP,0
$NAV_MODE,2
$FERRY_MAX,45
$KALMAN_USE,2
$HD_A,0.0038000001
$HD_B,0.0099999998
$HD_C,9.8500004e-06
$HEADING,-1
$ESCAPE_HEADING,0
$ESCAPE_HEADING_DELTA,10
$FIX_MISSING_TIMEOUT,0
$TGT_DEFAULT_LAT,4736
$TGT_DEFAULT_LON,-12225
$TGT_AUTO_DEFAULT,0
$SM_CC,250
$N_FILEKB,4
$FILEMGR,0
$CALL_NDIVES,1
$COMM_SEQ,0
$PROTOCOL,9
$N_NOCOMM,1
$NOCOMM_ACTION,0
$N_NOSURFACE,0
$UPLOAD_DIVES_MAX,-1
$CALL_TRIES,5
$CALL_WAIT,60
$CAPUPLOAD,0
$CAPMAXSIZE,200000
$HEAPDBG,0
$T_GPS,15
$N_GPS,50840
$T_RSLEEP,2
$STROBE,0
$RAFOS_PEAK_OFFSET,1.5
$RAFOS_CORR_THRESH,60
$RAFOS_HIT_WINDOW,3600
$RAFOS_MMODEM,0
$PITCH_MIN,207
$PITCH_MAX,3915
$C_PITCH,2880
$PITCH_DBAND,0.1
$PITCH_CNV,0.003125763
$P_OVSHOOT,0.039999999
$P_OVSHOOT_WITHG,0.079999998
$PITCH_GAIN,24
$PITCH_TIMEOUT,17
$PITCH_AD_RATE,160
$PITCH_MAXERRORS,1
$PITCH_ADJ_GAIN,0.02
$PITCH_ADJ_DBAND,2.5
$ROLL_MIN,224
$ROLL_MAX,3758
$ROLL_DEG,40
$C_ROLL_DIVE,2200
$C_ROLL_CLIMB,1700
$HEAD_ERRBAND,20
$ROLL_CNV,0.028270001
$ROLL_TIMEOUT,15
$R_PORT_OVSHOOT,47
$R_STBD_OVSHOOT,29
$ROLL_AD_RATE,350
$ROLL_MAXERRORS,2
$ROLL_ADJ_GAIN,0
$ROLL_ADJ_DBAND,0
$VBD_MIN,500
$VBD_MAX,3960
$C_VBD,2707
$VBD_DBAND,2
$VBD_CNV,-0.24529999
$VBD_LP_IGNORE,0
$VBD_TIMEOUT,720
$PITCH_VBD_SHIFT,0.001
$VBD_PUMP_AD_RATE_SURFACE,5
$VBD_PUMP_AD_RATE_APOGEE,4
$VBD_BLEED_AD_RATE,8
$UNCOM_BLEED,60
$VBD_MAXERRORS,1
$W_ADJ_DBAND,0
$DBDW,0
$PITCH_W_GAIN,0
$PITCH_W_DBAND,0
$CF8_MAXERRORS,5
$AH0_24V,150
$AH0_10V,97
$MINV_24V,19
$MINV_10V,8
$MAXI_24V,0.80000001
$MAXI_10V,0.60000002
$FG_AHR_10V,0
$FG_AHR_24V,0
$PHONE_SUPPLY,-2
$PRESSURE_YINT,-49.397121
$PRESSURE_SLOPE,0.0001168043
$AD7714Ch0Gain,128
$TCM_PITCH_OFFSET,0
$TCM_ROLL_OFFSET,0
$COMPASS_USE,4
$ALTIM_BOTTOM_PING_RANGE,0
$ALTIM_TOP_PING_RANGE,20
$ALTIM_BOTTOM_TURN_MARGIN,0
$ALTIM_TOP_TURN_MARGIN,0
$ALTIM_TOP_MIN_OBSTACLE,1
$ALTIM_PING_DEPTH,0
$ALTIM_PING_DELTA,0
$ALTIM_FREQUENCY,13
$ALTIM_PULSE,3
$ALTIM_SENSITIVITY,3
$XPDR_VALID,5
$XPDR_INHIBIT,90
$INT_PRESSURE_SLOPE,0.0097660003
$INT_PRESSURE_YINT,-0.77999997
$DEEPGLIDER,0
$MOTHERBOARD,4
$DEVICE1,2
$DEVICE2,115
$DEVICE3,101
$DEVICE4,-1
$DEVICE5,-1
$DEVICE6,-1
$LOGGERS,0
$LOGGERDEVICE1,-1
$LOGGERDEVICE2,-1
$LOGGERDEVICE3,-1
$LOGGERDEVICE4,-1
$COMPASS_DEVICE,33
$COMPASS2_DEVICE,-1
$PHONE_DEVICE,49
$GPS_DEVICE,32
$RAFOS_DEVICE,-1
$XPDR_DEVICE,24
$SIM_W,0
$SIM_PITCH,0
$SEABIRD_T_G,0.0044178674
$SEABIRD_T_H,0.00064818078
$SEABIRD_T_I,2.6779007e-05
$SEABIRD_T_J,3.3667231e-06
$SEABIRD_C_G,-10.098215
$SEABIRD_C_H,1.1454017
$SEABIRD_C_I,-0.0021276253
$SEABIRD_C_J,0.00025532115
$SEABIRD_C_Z,2974.52
$GPS1,230405,033248,120.9932,-13900.3193,38,0.7,50,9.4,1.0,263.7,10,4.8
$_CALLS,1
$_XMS_NAKs,0
$_XMS_TOUTs,0
$_SM_DEPTHo,0.51
$_SM_ANGLEo,-63.6
$GPS2,230405,033920,120.9299,-13900.5889,11,0.8,26,9.4,1.5,259.9,9,4.8
$SPEED_LIMITS,0.173,0.262
$TGT_NAME,WEST
$TGT_LATLONG,150.000,-14000.000
$TGT_RADIUS,200.000
$KALMAN_CONTROL,0.000000,0.000000
$KALMAN_X,0.000000,0.000000,0.000000,0.000000,0.000000
$KALMAN_Y,0.000000,0.000000,0.000000,0.000000,0.000000
$MHEAD_RNG_PITCHd_Wd,296.7,122444,-18.1,-10.000,-20.93,2235
$D_GRID,990
$GCHEAD,st_secs,pitch_ctl,vbd_ctl,pitch_ad_start,roll_ad_start,vbd_pot1_ad_start,vbd_pot2_ad_start,depth,ob_vertv,data_pts,end_secs,pitch_secs,roll_secs,vbd_secs,vbd_i,gcphase,pitch_i,roll_i,pitch_ad,roll_ad,vbd_ad,vbd_pot1_ad,vbd_pot2_ad,pitch_retries,pitch_errors,roll_retries,roll_errors,vbd_retries,vbd_errors,pitch_volts,roll_volts,vbd_volts,int_press,humidity
$STATE,6,end surface,CONTROL_FINISHED_OK
$STATE,6,begin dive
$GC,74,-0.90,-146.6,170,2187,1477,1166,0.3,0.7,12,135,0.00,0.00,-58.88,0.000,16386,0.000,0.000,170,2187,2873,2886,2860,0,0,0,0,0,0,26.44,28.83,26.45,8.91,47.20
$GC,139,-0.90,-146.6,169,2187,2888,2861,2.2,-4.3,21,169,9.12,2.22,-9.75,0.000,18692,0.214,0.055,2570,3613,3308,3329,3287,0,0,0,0,0,0,25.79,24.74,25.96,9.07,46.33
$GC,485,-0.73,-146.6,2570,3613,3338,3287,78.1,-19.6,73,491,0.22,2.05,0.00,0.000,3078,0.145,0.021,2639,2168,3312,3338,3287,0,0,0,0,0,0,26.03,26.36,26.22,9.14,46.61
$GC,813,-0.73,-146.6,2638,2168,3341,3287,106.7,-5.3,99,820,0.00,2.20,0.00,0.000,260,0.000,0.041,2631,3617,3314,3341,3287,0,0,0,0,0,0,26.70,26.33,26.70,9.12,46.57
$GC,1129,-0.73,-146.6,2630,3616,3344,3286,124.8,-5.3,114,1133,0.00,2.03,0.00,0.000,1030,0.000,0.020,2631,2186,3315,3344,3287,0,0,0,0,0,0,26.53,26.48,26.54,9.08,44.99
$GC,1442,-0.73,-146.6,2631,2185,3346,3287,147.9,-7.7,130,1446,0.00,2.17,0.00,0.000,260,0.000,0.041,2620,3619,3316,3346,3287,0,0,0,0,0,0,26.75,26.38,26.77,9.04,45.82
$GC,1631,-0.73,-146.6,2619,3619,3347,3287,162.8,-8.0,139,1636,0.00,2.00,0.00,0.000,1030,0.000,0.021,2620,2196,3317,3347,3287,0,0,0,0,0,0,26.55,26.51,26.57,9.03,45.58
$GC,1951,-0.73,-146.6,2619,2196,3346,3287,189.3,-8.5,155,1955,0.00,2.00,0.00,0.000,516,0.000,0.031,2620,831,3316,3346,3287,0,0,0,0,0,0,26.77,26.43,26.78,9.01,47.28
$GC,2019,-0.73,-146.6,2619,830,3346,3287,195.0,-8.7,158,2024,0.10,2.00,0.00,0.000,3078,0.154,0.028,2642,2217,3317,3347,3287,0,0,0,0,0,0,26.25,26.46,26.39,9.01,47.44
$GC,2340,-0.73,-146.6,2642,2217,3346,3287,219.7,-7.3,174,2345,0.00,2.10,0.00,0.000,260,0.000,0.042,2634,3605,3315,3345,3286,0,0,0,0,0,0,26.77,26.39,26.78,8.98,47.48
$GC,2481,-0.73,-146.6,2634,3605,3346,3287,229.3,-7.3,180,2489,0.00,2.03,0.00,0.000,1030,0.000,0.021,2634,2199,3315,3345,3286,0,0,0,0,0,0,26.53,26.51,26.55,8.98,47.83
$GC,2786,-0.73,-146.6,2634,2199,3346,3286,253.8,-8.0,196,2790,0.00,2.12,0.00,0.000,260,0.000,0.042,2624,3600,3316,3346,3287,0,0,0,0,0,0,26.77,26.39,26.79,8.96,48.70
$GC,2839,-0.73,-146.6,2623,3600,3346,3287,257.7,-8.4,198,2843,0.00,1.98,0.00,0.000,1030,0.000,0.021,2624,2200,3316,3346,3286,0,0,0,0,0,0,26.56,26.51,26.58,8.95,48.18
$GC,3152,-0.73,-146.6,2623,2200,3345,3286,286.5,-9.0,214,3154,0.00,0.00,0.00,0.000,6,0.000,0.000,2624,2200,3315,3345,3286,0,0,0,0,0,0,26.77,26.79,26.79,8.94,49.13
$GC,3465,-0.73,-146.6,2623,2200,3342,3286,312.8,-8.2,227,3469,0.00,2.15,0.00,0.000,260,0.000,0.043,2613,3608,3314,3342,3286,0,0,0,0,0,0,26.78,26.39,26.79,8.93,50.23
$GC,3601,-0.73,-146.6,2613,3608,3341,3286,324.1,-8.9,231,3609,0.10,2.00,0.00,0.000,3078,0.147,0.022,2645,2194,3313,3341,3286,0,0,0,0,0,0,26.26,26.50,26.40,8.92,49.72
$GC,3924,-0.80,-146.6,2644,2194,3341,3285,349.6,-7.4,242,3928,0.00,2.03,0.00,0.000,516,0.000,0.034,2645,828,3313,3341,3285,0,0,0,0,0,0,26.78,26.41,26.79,8.91,50.27
$GC,4002,-0.86,-146.6,2644,826,3341,3285,354.6,-7.6,244,4006,0.05,2.00,0.00,0.000,5126,0.130,0.029,2578,2200,3313,3341,3285,0,0,0,0,0,0,26.40,26.45,26.48,8.91,50.43
$GC,4321,-0.86,-146.6,2568,2200,3340,3283,387.7,-10.3,255,4323,0.10,0.00,0.00,0.000,2054,0.152,0.000,2599,2200,3311,3340,3283,0,0,0,0,0,0,26.35,26.48,26.44,8.90,50.47
$GC,4622,-0.86,-146.6,2598,2200,3340,3282,414.0,-8.6,265,4623,0.00,0.00,0.00,0.000,6,0.000,0.000,2598,2200,3310,3340,3281,0,0,0,0,0,0,26.78,26.79,26.79,8.89,51.18
$GC,4923,-0.86,-146.6,2598,2200,3338,3281,441.0,-9.0,275,4927,0.00,2.15,0.00,0.000,260,0.000,0.044,2591,3603,3309,3337,3281,0,0,0,0,0,0,26.78,26.37,26.79,8.87,50.98
$GC,5151,-0.86,-146.6,2590,3603,3337,3280,462.1,-9.7,282,5155,0.00,2.00,0.00,0.000,1030,0.000,0.024,2591,2203,3308,3337,3279,0,0,0,0,0,0,26.55,26.49,26.57,8.87,51.57
$GC,5475,-0.86,-146.6,2590,2202,3336,3277,495.3,-10.0,293,5479,0.00,2.08,0.00,0.000,516,0.000,0.035,2590,811,3306,3336,3277,0,0,0,0,0,0,26.79,26.40,26.79,8.85,51.57
$GC,5593,-0.86,-146.6,2590,811,3336,3277,505.1,-10.2,296,5602,0.00,2.08,0.00,0.000,1030,0.000,0.031,2582,2196,3306,3335,3277,0,0,0,0,0,0,26.48,26.44,26.50,8.84,51.10
$GC,5903,-0.86,-146.6,2581,2197,3335,3275,538.3,-9.9,307,5904,0.00,0.00,0.00,0.000,6,0.000,0.000,2581,2196,3304,3334,3275,0,0,0,0,0,0,26.78,26.79,26.79,8.84,51.96
$GC,6202,-0.86,-146.6,2581,2196,3333,3274,567.6,-9.5,317,6206,0.00,2.17,0.00,0.000,260,0.000,0.046,2571,3614,3303,3333,3274,0,0,0,0,0,0,26.78,26.35,26.79,8.82,52.28
$GC,6297,-0.86,-146.6,2571,3615,3331,3273,577.1,-9.8,320,6305,0.10,2.05,0.00,0.000,3078,0.151,0.024,2601,2194,3302,3331,3273,0,0,0,0,0,0,26.22,26.48,26.36,8.82,52.36
$GC,6632,-0.86,-146.6,2601,2194,3331,3272,604.1,-7.8,331,6633,0.00,0.00,0.00,0.000,6,0.000,0.000,2601,2194,3301,3331,3272,0,0,0,0,0,0,26.78,26.79,26.79,8.81,53.03
$GC,6931,-0.86,-146.6,2601,2194,3329,3271,626.4,-7.4,341,6932,0.00,0.00,0.00,0.000,6,0.000,0.000,2601,2194,3300,3329,3271,0,0,0,0,0,0,26.78,26.79,26.79,8.80,53.58
$GC,7230,-0.86,-146.6,2601,2194,3328,3269,648.3,-7.6,351,7231,0.00,0.00,0.00,0.000,6,0.000,0.000,2601,2194,3299,3329,3269,0,0,0,0,0,0,26.79,26.79,26.79,8.79,53.74
$GC,7530,-0.86,-146.6,2601,2194,3328,3268,671.6,-7.9,361,7534,0.00,2.08,0.00,0.000,516,0.000,0.037,2602,812,3297,3327,3267,0,0,0,0,0,0,26.79,26.36,26.79,8.78,53.62
$GC,7608,-0.86,-146.6,2601,812,3327,3268,676.8,-8.0,363,7613,0.00,2.05,0.00,0.000,1030,0.000,0.032,2596,2197,3297,3327,3267,0,0,0,0,0,0,26.50,26.41,26.52,8.78,53.89
$GC,7928,-0.86,-146.6,2596,2197,3326,3265,704.5,-8.5,374,7929,0.00,0.00,0.00,0.000,6,0.000,0.000,2596,2197,3295,3326,3265,0,0,0,0,0,0,26.78,26.79,26.79,8.77,54.05
$GC,8227,-0.86,-146.6,2596,2197,3324,3264,729.9,-8.5,384,8229,0.00,0.00,0.00,0.000,6,0.000,0.000,2596,2198,3294,3324,3264,0,0,0,0,0,0,26.78,26.79,26.79,8.77,54.29
$GC,8528,-0.86,-146.6,2596,2197,3324,3263,755.6,-8.6,394,8529,0.00,0.00,0.00,0.000,6,0.000,0.000,2596,2197,3293,3324,3263,0,0,0,0,0,0,26.78,26.79,26.79,8.77,54.80
$GC,8827,-0.86,-146.6,2596,2197,3323,3262,781.5,-8.8,404,8829,0.00,0.00,0.00,0.000,6,0.000,0.000,2596,2197,3292,3323,3262,0,0,0,0,0,0,26.78,26.79,26.79,8.76,54.52
$GC,9128,-0.86,-146.6,2596,2197,3323,3261,807.4,-8.4,414,9129,0.00,0.00,0.00,0.000,6,0.000,0.000,2596,2197,3292,3323,3261,0,0,0,0,0,0,26.78,26.79,26.79,8.75,55.11
$GC,9427,-0.86,-146.6,2596,2197,3323,3260,830.7,-7.6,424,9432,0.00,2.12,0.00,0.000,516,0.000,0.039,2596,821,3291,3323,3260,0,0,0,0,0,0,26.78,26.35,26.79,8.74,54.92
$GC,9524,-0.86,-146.6,2596,821,3323,3259,838.0,-7.6,427,9528,0.00,2.05,0.00,0.000,1030,0.000,0.034,2587,2200,3291,3322,3260,0,0,0,0,0,0,26.48,26.39,26.51,8.74,55.07
$GC,9858,-0.86,-146.6,2587,2200,3321,3258,863.6,-7.6,438,9859,0.00,0.00,0.00,0.000,6,0.000,0.000,2588,2200,3289,3321,3258,0,0,0,0,0,0,26.78,26.79,26.79,8.74,55.27
$GC,10157,-0.86,-146.6,2587,2200,3319,3258,886.9,-7.7,448,10161,0.00,2.17,0.00,0.000,260,0.000,0.049,2577,3603,3288,3319,3258,0,0,0,0,0,0,26.78,26.29,26.79,8.73,55.07
$GC,10276,-0.86,-146.6,2577,3603,3318,3257,895.0,-8.2,451,10283,0.00,2.03,0.00,0.000,1030,0.000,0.028,2577,2209,3288,3318,3258,0,0,0,0,0,0,26.51,26.44,26.53,8.73,56.02
$GC,10583,-0.86,-146.6,2577,2209,3318,3257,921.5,-8.0,462,10585,0.00,0.00,0.00,0.000,6,0.000,0.000,2577,2209,3287,3318,3257,0,0,0,0,0,0,26.78,26.79,26.79,8.73,55.82
$GC,10883,-0.86,-146.6,2577,2209,3318,3255,945.2,-7.8,472,10884,0.00,0.00,0.00,0.000,6,0.000,0.000,2577,2209,3286,3317,3255,0,0,0,0,0,0,26.78,26.79,26.79,8.73,55.59
$GC,11183,-0.86,-146.6,2576,2209,3317,3255,968.2,-7.5,482,11185,0.00,0.00,0.00,0.000,6,0.000,0.000,2577,2209,3286,3317,3255,0,0,0,0,0,0,26.78,26.79,26.79,8.72,56.10
$STATE,11480,end dive,TARGET_DEPTH_EXCEEDED
$STATE,11480,begin apogee
$GC,11488,-0.33,0.0,2577,1708,3317,3254,991.4,-7.9,492,11619,0.57,0.00,127.80,1.393,10246,0.113,0.000,2770,1708,2706,2804,2609,0,0,0,0,0,0,26.04,24.89,24.13,8.71,56.02
$STATE,11620,end apogee,CONTROL_FINISHED_OK
$STATE,11620,begin climb
$GC,11623,0.90,146.6,2769,1707,2800,2608,994.5,0.0,496,11765,1.12,0.00,136.55,1.335,10758,0.079,0.000,3162,1707,2107,2208,2007,0,0,0,0,0,0,25.08,24.54,23.84,8.66,54.96
$GC,12054,0.90,146.6,3162,1707,2201,2003,942.9,13.3,511,12055,0.00,0.00,0.00,0.000,6,0.000,0.000,3162,1707,2102,2201,2004,0,0,0,0,0,0,26.24,26.25,26.25,8.61,55.04
$GC,12354,0.90,146.6,3162,1707,2200,2003,903.7,12.9,521,12358,0.00,2.22,0.00,0.000,516,0.000,0.050,3172,308,2101,2200,2003,0,0,0,0,0,0,26.51,26.13,26.52,8.60,55.90
$GC,12400,0.90,146.6,3172,308,2200,2002,899.1,12.9,522,12404,0.00,2.10,0.00,0.000,1030,0.000,0.031,3173,1711,2101,2200,2002,0,0,0,0,0,0,26.30,26.23,26.33,8.60,55.86
$GC,12719,0.85,146.6,3172,1712,2199,2002,855.6,13.2,533,12723,0.00,2.15,0.00,0.000,260,0.000,0.043,3173,3104,2100,2199,2002,0,0,0,0,0,0,26.64,26.29,26.65,8.59,56.97
$GC,12761,0.79,146.6,3172,3105,2198,2002,850.9,13.4,534,12770,0.15,2.10,0.00,0.000,5126,0.151,0.034,3133,1710,2100,2199,2002,0,0,0,0,0,0,26.10,26.32,26.29,8.60,56.10
$GC,13085,0.79,146.6,3133,1710,2198,2001,813.7,11.1,545,13089,0.00,2.25,0.00,0.000,516,0.000,0.051,3141,293,2099,2198,2001,0,0,0,0,0,0,26.70,26.29,26.72,8.59,56.41
$GC,13131,0.79,146.6,3140,293,2198,2001,809.8,11.1,546,13135,0.00,2.10,0.00,0.000,1030,0.000,0.031,3141,1701,2099,2198,2001,0,0,0,0,0,0,26.46,26.39,26.49,8.59,56.06
$GC,13450,0.79,146.6,3141,1701,2197,2000,770.8,12.0,557,13451,0.00,0.00,0.00,0.000,6,0.000,0.000,3141,1701,2099,2197,2001,0,0,0,0,0,0,26.73,26.74,26.74,8.59,57.00
$GC,13750,0.79,146.6,3140,1701,2196,2001,734.4,12.0,567,13754,0.00,2.15,0.00,0.000,260,0.000,0.043,3141,3101,2098,2196,2000,0,0,0,0,0,0,26.75,26.36,26.76,8.59,56.61
$GC,13792,0.79,146.6,3140,3102,2196,2000,730.0,12.1,568,13796,0.00,2.10,0.00,0.000,1030,0.000,0.033,3149,1695,2098,2196,2000,0,0,0,0,0,0,26.49,26.41,26.53,8.59,56.97
$GC,14116,0.79,146.6,3149,1694,2196,2000,689.6,12.0,579,14120,0.00,2.20,0.00,0.000,516,0.000,0.051,3159,301,2098,2196,2000,0,0,0,0,0,0,26.76,26.33,26.77,8.59,56.22
$GC,14162,0.79,146.6,3158,301,2196,2000,685.3,12.2,580,14167,0.00,2.10,0.00,0.000,1030,0.000,0.031,3159,1703,2098,2196,2000,0,0,0,0,0,0,26.50,26.42,26.53,8.59,57.16
$GC,14482,0.79,146.6,3159,1703,2195,2000,642.4,12.9,591,14486,0.00,2.22,0.00,0.000,516,0.000,0.052,3160,305,2097,2195,2000,0,0,0,0,0,0,26.76,26.32,26.77,8.59,56.85
$GC,14533,0.79,146.6,3159,305,2195,2000,637.7,13.0,592,14538,0.00,2.12,0.00,0.000,1030,0.000,0.032,3160,1703,2097,2195,2000,0,0,0,0,0,0,26.46,26.43,26.49,8.59,56.34
$GC,14848,0.79,146.6,3159,1704,2194,2000,593.0,13.5,603,14849,0.00,0.00,0.00,0.000,6,0.000,0.000,3159,1704,2097,2194,2000,0,0,0,0,0,0,26.77,26.77,26.77,8.59,56.81
$GC,15148,0.79,146.6,3158,1704,2194,2000,553.2,13.1,613,15152,0.00,2.15,0.00,0.000,260,0.000,0.043,3159,3103,2097,2194,2000,0,0,0,0,0,0,26.77,26.36,26.78,8.60,56.30
$GC,15199,0.79,146.6,3159,3103,2194,2000,548.6,13.2,614,15204,0.00,2.12,0.00,0.000,1030,0.000,0.034,3160,1704,2097,2194,2000,0,0,0,0,0,0,26.45,26.41,26.47,8.60,56.22
$GC,15513,0.79,146.6,3159,1701,2194,2000,505.3,12.6,625,15515,0.00,0.00,0.00,0.000,6,0.000,0.000,3159,1701,2097,2194,2000,0,0,0,0,0,0,26.77,26.78,26.77,8.60,56.34
$GC,15814,0.79,146.6,3159,1701,2194,2000,468.9,11.8,635,15818,0.00,2.22,0.00,0.000,516,0.000,0.053,3160,302,2097,2194,2000,0,0,0,0,0,0,26.77,26.29,26.78,8.60,55.74
$GC,15886,0.79,146.6,3159,301,2194,2000,461.3,11.9,637,15890,0.00,2.10,0.00,0.000,1030,0.000,0.031,3159,1708,2096,2194,1999,0,0,0,0,0,0,26.50,26.41,26.53,8.61,55.78
$GC,16210,0.79,146.6,3159,1708,2194,2000,422.2,11.8,648,16214,0.00,2.12,0.00,0.000,260,0.000,0.042,3159,3096,2097,2194,2000,0,0,0,0,0,0,26.77,26.35,26.78,8.61,56.57
$GC,16288,0.79,146.6,3158,3096,2194,2000,414.2,12.1,650,16293,0.00,2.10,0.00,0.000,1030,0.000,0.033,3160,1690,2097,2194,2000,0,0,0,0,0,0,26.48,26.39,26.51,8.61,55.51
$GC,16608,0.79,146.6,3159,1689,2194,2000,373.8,11.6,661,16612,0.00,2.20,0.00,0.000,516,0.000,0.051,3159,298,2097,2194,2000,0,0,0,0,0,0,26.77,26.29,26.77,8.61,55.78
$GC,16681,0.79,146.6,3159,298,2194,2000,366.7,11.2,663,16685,0.00,2.10,0.00,0.000,1030,0.000,0.030,3159,1710,2096,2194,1999,0,0,0,0,0,0,26.49,26.41,26.52,8.62,56.02
$GC,17004,0.79,146.6,3159,1711,2194,2000,329.8,11.1,674,17008,0.00,2.22,0.00,0.000,516,0.000,0.050,3160,304,2097,2194,2000,0,0,0,0,0,0,26.77,26.28,26.78,8.63,56.22
$GC,17070,0.79,146.6,3158,304,2194,2000,323.0,10.9,676,17074,0.00,2.08,0.00,0.000,1030,0.000,0.031,3160,1700,2097,2194,2000,0,0,0,0,0,0,26.49,26.41,26.52,8.63,56.14
$GC,17378,0.79,146.6,3159,1701,2194,2000,288.8,11.3,688,17380,0.00,0.00,0.00,0.000,6,0.000,0.000,3159,1701,2096,2194,1999,0,0,0,0,0,0,26.77,26.78,26.77,8.65,55.86
$GC,17679,0.79,146.6,3159,1702,2194,2000,254.3,11.5,703,17681,0.00,0.00,0.00,0.000,6,0.000,0.000,3160,1701,2097,2194,2000,0,0,0,0,0,0,26.77,26.78,26.78,8.66,55.19
$GC,17978,0.79,146.6,3159,1701,2194,2000,218.8,12.1,718,17983,0.00,2.12,0.00,0.000,260,0.000,0.041,3159,3096,2096,2194,1999,0,0,0,0,0,0,26.77,26.34,26.78,8.67,54.68
$GC,18044,0.79,146.6,3159,3097,2194,2000,210.3,12.9,721,18049,0.00,2.08,0.00,0.000,1030,0.000,0.031,3159,1700,2097,2194,2000,0,0,0,0,0,0,26.48,26.39,26.51,8.67,54.48
$GC,18369,0.79,146.6,3159,1697,2194,2000,172.6,11.2,737,18370,0.00,0.00,0.00,0.000,6,0.000,0.000,3160,1697,2097,2195,2000,0,0,0,0,0,0,26.77,26.78,26.77,8.67,54.68
$GC,18668,0.79,146.6,3159,1697,2194,2000,140.2,10.9,752,18672,0.00,2.20,0.00,0.000,516,0.000,0.049,3159,301,2097,2194,2000,0,0,0,0,0,0,26.77,26.28,26.77,8.69,54.33
$GC,18713,0.79,146.6,3159,301,2194,2000,135.6,10.8,754,18717,0.00,2.08,0.00,0.000,1030,0.000,0.028,3159,1704,2096,2194,1999,0,0,0,0,0,0,26.48,26.41,26.52,8.69,54.17
$GC,19037,0.83,185.2,3159,1704,2194,2000,104.8,8.2,770,19077,0.00,2.20,32.45,0.777,8452,0.000,0.040,3160,3094,1949,2062,1836,0,0,0,0,0,0,26.77,25.83,25.19,8.71,54.21
$GC,19169,0.85,204.5,3159,3094,2062,1836,93.5,9.1,779,19192,0.00,2.12,17.85,0.742,9222,0.000,0.030,3160,1695,1872,1997,1748,0,0,0,0,0,0,26.10,26.06,25.09,8.71,53.54
$GC,19502,0.99,273.8,3159,1695,1995,1746,70.4,6.8,812,19571,0.08,2.20,56.75,0.744,10500,0.103,0.040,3229,3092,1586,1745,1428,0,0,0,0,0,0,26.27,25.37,24.81,8.77,54.21
$GC,19588,0.99,273.8,3228,3092,1744,1427,62.0,10.7,820,19598,0.12,2.12,0.00,0.000,5126,0.148,0.029,3196,1692,1585,1744,1427,0,0,0,0,0,0,25.53,25.66,25.66,8.76,53.70
$GC,19915,1.13,334.1,3195,1692,1743,1424,36.5,7.2,868,19971,0.10,2.22,46.03,0.690,10500,0.080,0.037,3283,3090,1341,1514,1168,0,0,0,0,0,0,26.25,25.49,24.95,8.83,54.29
$GC,20041,1.13,334.1,3282,3090,1511,1168,20.6,13.7,888,20051,0.12,2.12,0.00,0.000,5126,0.130,0.029,3245,1698,1339,1511,1168,0,0,0,0,0,0,25.74,25.88,25.82,8.84,52.40
$STATE,20197,end climb,SURFACE_DEPTH_REACHED
$STATE,20197,begin surface coast
$FINISH,-0.8,1.022820
$STATE,20226,end surface coast,CONTROL_FINISHED_OK
$STATE,20226,begin surface
$SM_CCo,20307,0.00,0.000,0,0,1336,336.31
$SM_GC,0.36,7.82,0.75,0.00,0.030,0.037,0.000,174,2198,1336,-8.28,-1.33,336.31,0,0,0,0,0,0,26.18,26.13,26.21
$IRIDIUM_FIX,120.35,-13858.18,061224,214943
$TT8_MAMPS,0.026215,0.390229
$HUMID,50.78
$INTERNAL_PRESSURE,8.85904
$TCM_TEMP,20.40
$XPDR_PINGS,0
$ALTIM_TOP_PING,19.5,18.9
$24V_AH,23.84,14.257
$10V_AH,10.28,14.177
$FG_AHR_24Vo,0.000
$FG_AHR_10Vo,0.000
$DEVICES,Pitch_motor,Roll_motor,VBD_pump_during_apogee,VBD_pump_during_surface,VBD_valve,Iridium_during_init,Iridium_during_connect,Iridium_during_xfer,Transponder_ping,GUMSTIX_24V,GPS,TT8,LPSleep,TT8_Active,TT8_Sampling,TT8_CF8,TT8_Kalman,Analog_circuits,GPS_charging,Compass,RAFOS,Transponder,Compass2
$DEVICE_SECS,19.900,128.300,417.425,0.000,0.000,0.000,0.000,256.775,0.250,0.000,31.236,3054.693,13931.611,502.235,2856.467,360.129,0.000,1963.306,0.000,2216.534,0.000,2.776,0.000
$DEVICE_MAMPS,214.200,55.080,1393.065,0.000,0.000,0.000,0.000,93.330,420.000,0.000,30.710,15.210,2.190,15.210,43.670,53.410,0.000,14.000,0.000,8.240,0.000,30.000,0.000
$SENSORS,SBE_CT,WL_blue_red_Chl,AA4330,nil,nil,nil,nil,nil,nil,nil
$SENSOR_SECS,793.672,1002.799,1278.130,0.000,0.000,0.000,0.000,0.000,0.000,0.000
$SENSOR_MAMPS,22.470,105.000,11.230,0.000,0.000,0.000,0.000,0.000,0.000,0.000
$MEM,312456
$DATA_FILE_SIZE,65991,921
$CAP_FILE_SIZE,162188,1
$CFSIZE,2097872896,2083389440
$ERRORS,0,0,0,0,0,0,0,0,0,0,0,0,0,0,2,0
$CURRENT,0.024,212.15,1
$GPS,230405,092006,122.262,-13902.524,43,0.9,55,9.4,1.0,258.7,8,5.0
