version: 66.14
glider: 195
mission: 21
dive: 279
start: 6 17 105 3 53 54
data:
$ID,195
$MISSION,21
$DIVE,279
$N_DIVES,0
$STOP_T,0
$D_SURF,3
$D_FLARE,2
$D_TGT,990
$D_ABORT,1090
$D_NO_BLEED,50
$D_BOOST,3
$T_BOOST,0
$D_FINISH,0
$D_PITCH,0
$D_SAFE,0
$D_CALL,0
$SURFACE_URGENCY,0
$SURFACE_URGENCY_TRY,0
$SURFACE_URGENCY_FORCE,0
$T_DIVE,440
$T_MISSION,600
$T_ABORT,1440
$T_TURN,300
$T_TURN_SAMPINT,5
$T_NO_W,120
$T_LOITER,0
$T_SLOITER,60
$T_EPIRB,0
$USE_BATHY,0
$USE_ICE,0
$ICE_FREEZE_MARGIN,0.30000001
$D_OFFGRID,990
$T_WATCHDOG,10
$RELAUNCH,1
$APOGEE_PITCH,-8
$MAX_BUOY,150
$COURSE_BIAS,0
$GLIDE_SLOPE,30
$SPEED_FACTOR,1
$RHO,1.023
$MASS,54002
$MASS_COMP,0
$NAV_MODE,2
$FERRY_MAX,45
$KALMAN_USE,2
$HD_A,0.0038000001
$HD_B,0.0099999998
$HD_C,9.8500004e-06
$HEADING,-1
$ESCAPE_HEADING,0
$ESCAPE_HEADING_DELTA,10
$FIX_MISSING_TIMEOUT,0
$TGT_DEFAULT_LAT,4736
$TGT_DEFAULT_LON,-12225
$TGT_AUTO_DEFAULT,0
$SM_CC,250
$N_FILEKB,4
$FILEMGR,0
$CALL_NDIVES,1
$COMM_SEQ,0
$PROTOCOL,9
$N_NOCOMM,1
$NOCOMM_ACTION,0
$N_NOSURFACE,0
$UPLOAD_DIVES_MAX,-1
$CALL_TRIES,5
$CALL_WAIT,60
$CAPUPLOAD,0
$CAPMAXSIZE,200000
$HEAPDBG,0
$T_GPS,15
$N_GPS,50840
$T_RSLEEP,2
$STROBE,0
$RAFOS_PEAK_OFFSET,1.5
$RAFOS_CORR_THRESH,60
$RAFOS_HIT_WINDOW,3600
$RAFOS_MMODEM,0
$PITCH_MIN,207
$PITCH_MAX,3915
$C_PITCH,2900
$PITCH_DBAND,0.1
$PITCH_CNV,0.003125763
$P_OVSHOOT,0.039999999
$P_OVSHOOT_WITHG,0.079999998
$PITCH_GAIN,24
$PITCH_TIMEOUT,17
$PITCH_AD_RATE,160
$PITCH_MAXERRORS,1
$PITCH_ADJ_GAIN,0.02
$PITCH_ADJ_DBAND,2.5
$ROLL_MIN,224
$ROLL_MAX,3758
$ROLL_DEG,40
$C_ROLL_DIVE,2113
$C_ROLL_CLIMB,1605
$HEAD_ERRBAND,20
$ROLL_CNV,0.028270001
$ROLL_TIMEOUT,15
$R_PORT_OVSHOOT,44
$R_STBD_OVSHOOT,53
$ROLL_AD_RATE,350
$ROLL_MAXERRORS,2
$ROLL_ADJ_GAIN,0
$ROLL_ADJ_DBAND,0
$VBD_MIN,500
$VBD_MAX,3960
$C_VBD,2806
$VBD_DBAND,2
$VBD_CNV,-0.24529999
$VBD_LP_IGNORE,0
$VBD_TIMEOUT,720
$PITCH_VBD_SHIFT,0.001
$VBD_PUMP_AD_RATE_SURFACE,5
$VBD_PUMP_AD_RATE_APOGEE,4
$VBD_BLEED_AD_RATE,8
$UNCOM_BLEED,60
$VBD_MAXERRORS,1
$W_ADJ_DBAND,0
$DBDW,0
$PITCH_W_GAIN,0
$PITCH_W_DBAND,0
$CF8_MAXERRORS,5
$AH0_24V,150
$AH0_10V,97
$MINV_24V,19
$MINV_10V,8
$MAXI_24V,0.80000001
$MAXI_10V,0.60000002
$FG_AHR_10V,0
$FG_AHR_24V,0
$PHONE_SUPPLY,-2
$PRESSURE_YINT,-49.397121
$PRESSURE_SLOPE,0.0001168043
$AD7714Ch0Gain,128
$TCM_PITCH_OFFSET,0
$TCM_ROLL_OFFSET,0
$COMPASS_USE,4
$ALTIM_BOTTOM_PING_RANGE,0
$ALTIM_TOP_PING_RANGE,20
$ALTIM_BOTTOM_TURN_MARGIN,0
$ALTIM_TOP_TURN_MARGIN,0
$ALTIM_TOP_MIN_OBSTACLE,1
$ALTIM_PING_DEPTH,0
$ALTIM_PING_DELTA,0
$ALTIM_FREQUENCY,13
$ALTIM_PULSE,3
$ALTIM_SENSITIVITY,3
$XPDR_VALID,5
$XPDR_INHIBIT,90
$INT_PRESSURE_SLOPE,0.0097660003
$INT_PRESSURE_YINT,-0.77999997
$DEEPGLIDER,0
$MOTHERBOARD,4
$DEVICE1,2
$DEVICE2,115
$DEVICE3,101
$DEVICE4,-1
$DEVICE5,-1
$DEVICE6,-1
$LOGGERS,0
$LOGGERDEVICE1,-1
$LOGGERDEVICE2,-1
$LOGGERDEVICE3,-1
$LOGGERDEVICE4,-1
$COMPASS_DEVICE,33
$COMPASS2_DEVICE,-1
$PHONE_DEVICE,49
$GPS_DEVICE,32
$RAFOS_DEVICE,-1
$XPDR_DEVICE,24
$SIM_W,0
$SIM_PITCH,0
$SEABIRD_T_G,0.0044178674
$SEABIRD_T_H,0.00064818078
$SEABIRD_T_I,2.6779007e-05
$SEABIRD_T_J,3.3667231e-06
$SEABIRD_C_G,-10.098215
$SEABIRD_C_H,1.1454017
$SEABIRD_C_I,-0.0021276253
$SEABIRD_C_J,0.00025532115
$SEABIRD_C_Z,2974.52
$GPS1,170605,034348,525.7539,-14100.3857,46,0.9,55,9.2,0.4,12.0,9,4.7
$_CALLS,2
$_XMS_NAKs,0
$_XMS_TOUTs,0
$_SM_DEPTHo,0.44
$_SM_ANGLEo,-62.6
$GPS2,170605,035313,525.8626,-14100.4023,7,0.8,33,9.2,0.6,354.7,10,3.9
$SPEED_LIMITS,0.130,0.237
$TGT_NAME,TX1
$TGT_LATLONG,815.000,-14400.000
$TGT_RADIUS,10000.000
$KALMAN_CONTROL,0.000000,0.000000
$KALMAN_X,0.000000,0.000000,0.000000,0.000000,0.000000
$KALMAN_Y,0.000000,0.000000,0.000000,0.000000,0.000000
$MHEAD_RNG_PITCHd_Wd,293.0,454396,-14.0,-7.500,-17.57,2969
$D_GRID,990
$GCHEAD,st_secs,pitch_ctl,vbd_ctl,pitch_ad_start,roll_ad_start,vbd_pot1_ad_start,vbd_pot2_ad_start,depth,ob_vertv,data_pts,end_secs,pitch_secs,roll_secs,vbd_secs,vbd_i,gcphase,pitch_i,roll_i,pitch_ad,roll_ad,vbd_ad,vbd_pot1_ad,vbd_pot2_ad,pitch_retries,pitch_errors,roll_retries,roll_errors,vbd_retries,vbd_errors,pitch_volts,roll_volts,vbd_volts,int_press,humidity
$STATE,6,end surface,CONTROL_FINISHED_OK
$STATE,6,begin dive
$GC,74,-0.73,-146.6,144,2120,1423,1131,0.6,-0.3,6,144,0.00,0.00,-66.85,0.000,16386,0.000,0.000,136,2120,3128,3148,3108,0,0,0,0,0,0,26.45,28.83,26.46,8.96,47.32
$GC,148,-0.73,-146.6,136,2120,3151,3108,3.1,-5.0,13,170,9.73,2.20,-5.38,0.000,19204,0.206,0.048,2653,3515,3408,3421,3395,0,0,0,0,0,0,25.25,24.02,25.63,9.14,46.92
$GC,310,-0.61,-146.6,2652,3515,3429,3395,32.2,-14.4,28,319,0.12,2.10,0.00,0.000,3078,0.117,0.020,2697,2075,3411,3429,3394,0,0,0,0,0,0,25.85,26.20,25.92,9.16,47.67
$GC,631,-0.55,-146.6,2697,2075,3431,3394,73.9,-11.9,51,635,0.00,2.00,0.00,0.000,516,0.000,0.031,2697,738,3413,3431,3395,0,0,0,0,0,0,26.63,26.15,26.63,9.19,47.24
$GC,730,-0.49,-146.6,2697,737,3431,3394,84.1,-11.6,55,738,0.15,2.00,0.00,0.000,3078,0.122,0.024,2742,2123,3413,3431,3395,0,0,0,0,0,0,25.94,26.25,26.07,9.19,47.71
$GC,1037,-0.49,-146.6,2741,2123,3432,3394,115.0,-8.3,71,1041,0.00,2.08,0.00,0.000,516,0.000,0.031,2742,735,3413,3432,3394,0,0,0,0,0,0,26.66,26.18,26.67,9.21,47.48
$GC,1115,-0.49,-146.6,2741,735,3432,3394,119.4,-6.9,74,1124,0.00,2.03,0.00,0.000,1030,0.000,0.024,2736,2114,3413,3432,3395,0,0,0,0,0,0,26.32,26.29,26.34,9.21,47.99
$GC,1424,-0.60,-146.6,2735,2114,3435,3394,138.5,-4.4,90,1429,0.00,2.15,0.00,0.000,260,0.000,0.039,2731,3508,3414,3435,3394,0,0,0,0,0,0,26.67,26.13,26.68,9.19,47.36
$GC,1644,-0.69,-146.6,2731,3508,3437,3394,147.4,-4.8,100,1653,0.08,2.03,0.00,0.000,5126,0.055,0.018,2632,2094,3416,3437,3395,0,0,0,0,0,0,26.26,26.37,26.29,9.17,47.16
$GC,1951,-0.69,-146.6,2631,2094,3440,3395,165.1,-6.1,116,1955,0.15,2.00,0.00,0.000,2564,0.126,0.030,2682,746,3417,3440,3395,0,0,0,0,0,0,26.12,26.21,26.21,9.11,47.51
$GC,2038,-0.69,-146.6,2682,746,3440,3395,169.5,-5.1,120,2042,0.00,1.98,0.00,0.000,1030,0.000,0.023,2677,2116,3417,3440,3395,0,0,0,0,0,0,26.36,26.30,26.39,9.10,47.44
$GC,2361,-0.69,-146.6,2676,2115,3440,3395,186.8,-5.8,136,2365,0.00,2.12,0.00,0.000,260,0.000,0.039,2667,3503,3417,3440,3395,0,0,0,0,0,0,26.68,26.15,26.70,9.06,47.99
$GC,2521,-0.69,-146.6,2666,3503,3440,3395,194.6,-5.1,143,2528,0.00,1.95,0.00,0.000,1030,0.000,0.018,2667,2114,3417,3440,3394,0,0,0,0,0,0,26.41,26.36,26.43,9.04,48.18
$GC,2868,-0.69,-146.6,2666,2113,3440,3395,213.9,-5.5,152,2872,0.00,2.12,0.00,0.000,260,0.000,0.039,2657,3502,3417,3440,3395,0,0,0,0,0,0,26.69,26.14,26.70,9.01,49.40
$GC,2942,-0.69,-146.6,2656,3502,3439,3395,213.9,-5.5,152,2946,0.00,1.98,0.00,0.000,1030,0.000,0.019,2656,2106,3416,3439,3394,0,0,0,0,0,0,26.41,26.36,26.43,9.00,50.39
$GC,3278,-0.69,-146.6,2656,2105,3439,3394,238.8,-6.1,157,3279,0.00,0.00,0.00,0.000,6,0.000,0.000,2656,2105,3416,3438,3394,0,0,0,0,0,0,26.69,26.70,26.70,8.98,51.37
$GC,3597,-0.69,-146.6,2656,2105,3438,3390,260.1,-6.7,161,3601,0.00,2.05,0.00,0.000,516,0.000,0.032,2657,733,3414,3438,3390,0,0,0,0,0,0,26.69,26.17,26.70,8.96,51.33
$GC,3730,-0.69,-146.6,2656,733,3436,3390,266.3,-6.9,162,3735,0.00,2.00,0.00,0.000,1030,0.000,0.024,2649,2112,3413,3436,3390,0,0,0,0,0,0,26.35,26.28,26.38,8.95,52.24
$GC,4085,-0.69,-146.6,2648,2112,3434,3386,293.6,-6.6,167,4086,0.00,0.00,0.00,0.000,6,0.000,0.000,2649,2112,3410,3434,3386,0,0,0,0,0,0,26.69,26.70,26.70,8.93,52.40
$GC,4406,-0.69,-146.6,2648,2112,3432,3384,313.6,-6.3,171,4410,0.00,2.15,0.00,0.000,260,0.000,0.041,2639,3507,3408,3432,3384,0,0,0,0,0,0,26.69,26.11,26.70,8.92,53.78
$GC,4583,-0.69,-146.6,2638,3507,3431,3383,323.4,-6.1,173,4589,0.10,2.03,0.00,0.000,3078,0.116,0.021,2675,2118,3407,3431,3383,0,0,0,0,0,0,26.01,26.34,26.08,8.92,53.38
$GC,4898,-0.75,-146.6,2675,2118,3430,3380,339.3,-4.9,177,4902,0.00,2.08,0.00,0.000,516,0.000,0.033,2675,737,3405,3430,3381,0,0,0,0,0,0,26.69,26.15,26.70,8.90,53.74
$GC,5095,-0.82,-146.6,2675,737,3428,3380,347.2,-4.7,179,5101,0.05,2.00,0.00,0.000,5126,0.131,0.025,2598,2111,3404,3428,3380,0,0,0,0,0,0,26.20,26.26,26.27,8.89,53.58
$GC,5468,-0.82,-146.6,2598,2111,3425,3377,374.1,-7.0,184,5470,0.12,0.00,0.00,0.000,2054,0.137,0.000,2638,2110,3401,3425,3377,0,0,0,0,0,0,26.15,26.27,26.23,8.88,54.96
$GC,5786,-0.82,-146.6,2638,2111,3424,3375,396.6,-7.1,188,5790,0.00,2.15,0.00,0.000,260,0.000,0.041,2631,3499,3399,3423,3375,0,0,0,0,0,0,26.69,26.09,26.70,8.87,55.07
$GC,5838,-0.82,-146.6,2630,3499,3422,3375,396.6,-7.1,188,5842,0.00,2.05,0.00,0.000,1030,0.000,0.021,2631,2112,3398,3422,3375,0,0,0,0,0,0,26.34,26.32,26.36,8.88,54.80
$GC,6192,-0.82,-146.6,2630,2112,3421,3372,425.6,-7.1,193,6196,0.00,2.17,0.00,0.000,260,0.000,0.041,2620,3507,3397,3421,3373,0,0,0,0,0,0,26.69,26.07,26.70,8.86,55.78
$GC,6248,-0.82,-146.6,2620,3508,3421,3372,425.6,-7.1,193,6254,0.00,2.05,0.00,0.000,1030,0.000,0.022,2620,2116,3396,3421,3372,0,0,0,0,0,0,26.33,26.31,26.35,8.86,55.27
$GC,6599,-0.82,-146.6,2619,2116,3420,3370,454.7,-7.1,198,6603,0.00,2.15,0.00,0.000,260,0.000,0.041,2610,3499,3394,3419,3369,0,0,0,0,0,0,26.69,26.06,26.70,8.85,55.90
$GC,6705,-0.82,-146.6,2610,3499,3419,3369,460.7,-7.1,199,6710,0.00,2.05,0.00,0.000,1030,0.000,0.022,2610,2113,3394,3419,3369,0,0,0,0,0,0,26.32,26.30,26.34,8.85,55.71
$GC,7085,-0.82,-146.6,2609,2113,3418,3367,487.3,-6.5,204,7086,0.00,0.00,0.00,0.000,6,0.000,0.000,2610,2113,3392,3418,3366,0,0,0,0,0,0,26.69,26.70,26.70,8.84,56.49
$GC,7405,-0.82,-146.6,2609,2113,3418,3365,507.5,-6.3,208,7411,0.00,2.17,0.00,0.000,260,0.000,0.041,2600,3504,3391,3417,3365,0,0,0,0,0,0,26.69,26.05,26.70,8.84,55.98
$GC,7531,-0.82,-146.6,2599,3504,3416,3365,512.8,-6.3,209,7538,0.10,2.03,0.00,0.000,3078,0.143,0.022,2632,2107,3390,3416,3365,0,0,0,0,0,0,25.98,26.29,26.08,8.84,56.57
$GC,7889,-0.82,-146.6,2631,2107,3416,3364,537.4,-6.1,214,7893,0.00,2.08,0.00,0.000,516,0.000,0.034,2632,739,3390,3416,3364,0,0,0,0,0,0,26.69,26.09,26.70,8.83,56.49
$GC,8053,-0.82,-146.6,2631,739,3415,3363,548.3,-6.5,216,8057,0.00,2.03,0.00,0.000,1030,0.000,0.027,2626,2110,3389,3415,3363,0,0,0,0,0,0,26.29,26.21,26.32,8.83,56.61
$GC,8377,-0.82,-146.6,2625,2109,3414,3361,570.2,-6.7,220,8382,0.00,2.17,0.00,0.000,260,0.000,0.042,2615,3505,3387,3414,3361,0,0,0,0,0,0,26.69,26.03,26.70,8.82,56.89
$GC,8517,-0.82,-146.6,2615,3505,3413,3360,576.1,-6.8,221,8521,0.00,2.03,0.00,0.000,1030,0.000,0.023,2615,2119,3386,3413,3360,0,0,0,0,0,0,26.34,26.27,26.36,8.82,56.53
$GC,8867,-0.82,-146.6,2615,2119,3413,3359,605.3,-7.2,226,8872,0.00,2.12,0.00,0.000,516,0.000,0.035,2615,726,3386,3413,3359,0,0,0,0,0,0,26.68,26.06,26.70,8.81,56.77
$GC,8915,-0.82,-146.6,2614,726,3413,3359,605.3,-7.2,226,8919,0.00,2.05,0.00,0.000,1030,0.000,0.027,2608,2112,3386,3413,3359,0,0,0,0,0,0,26.27,26.19,26.29,8.81,56.10
$GC,9274,-0.82,-146.6,2606,2112,3412,3357,634.0,-7.0,231,9279,0.00,2.17,0.00,0.000,260,0.000,0.042,2597,3509,3385,3412,3358,0,0,0,0,0,0,26.69,26.01,26.70,8.80,57.16
$GC,9331,-0.82,-146.6,2597,3509,3411,3357,634.0,-7.0,231,9339,0.12,2.05,0.00,0.000,3078,0.136,0.023,2637,2107,3384,3411,3357,0,0,0,0,0,0,25.89,26.26,26.01,8.80,57.12
$GC,9678,-0.82,-146.6,2637,2107,3411,3357,658.3,-5.8,236,9684,0.00,2.10,0.00,0.000,516,0.000,0.035,2637,730,3384,3411,3357,0,0,0,0,0,0,26.69,26.05,26.70,8.80,57.40
$GC,9727,-0.82,-146.6,2637,730,3411,3357,658.3,-5.8,236,9731,0.00,2.05,0.00,0.000,1030,0.000,0.028,2632,2115,3383,3411,3356,0,0,0,0,0,0,26.26,26.17,26.28,8.80,57.52
$GC,10085,-0.82,-146.6,2631,2115,3410,3354,682.7,-6.0,241,10090,0.00,2.10,0.00,0.000,516,0.000,0.035,2632,737,3382,3410,3354,0,0,0,0,0,0,26.68,26.03,26.70,8.79,57.28
$GC,10149,-0.82,-146.6,2631,738,3410,3355,682.7,-6.0,241,10154,0.00,2.05,0.00,0.000,1030,0.000,0.028,2623,2122,3382,3410,3354,0,0,0,0,0,0,26.25,26.17,26.28,8.79,57.24
$GC,10495,-0.82,-146.6,2623,2122,3409,3353,708.4,-6.3,246,10500,0.00,2.17,0.00,0.000,260,0.000,0.042,2613,3509,3381,3409,3354,0,0,0,0,0,0,26.68,25.98,26.70,8.78,57.75
$GC,10635,-0.82,-146.6,2613,3509,3408,3353,714.0,-6.4,247,10639,0.00,2.05,0.00,0.000,1030,0.000,0.023,2614,2116,3381,3408,3354,0,0,0,0,0,0,26.31,26.25,26.34,8.78,57.87
$GC,10985,-0.82,-146.6,2612,2115,3408,3352,740.9,-6.7,252,10991,0.00,2.12,0.00,0.000,516,0.000,0.036,2613,724,3380,3408,3352,0,0,0,0,0,0,26.68,26.01,26.70,8.77,58.15
$GC,11116,-0.82,-146.6,2613,724,3408,3352,746.9,-6.8,253,11120,0.00,2.10,0.00,0.000,1030,0.000,0.028,2605,2112,3379,3407,3352,0,0,0,0,0,0,26.17,26.15,26.21,8.77,57.24
$GC,11476,-0.82,-146.6,2605,2112,3406,3350,774.6,-6.9,258,11482,0.10,2.20,0.00,0.000,2308,0.151,0.044,2629,3515,3378,3406,3351,0,0,0,0,0,0,26.18,25.94,26.23,8.76,57.75
$GC,11581,-0.82,-146.6,2628,3515,3406,3350,780.5,-6.8,259,11586,0.00,2.05,0.00,0.000,1030,0.000,0.024,2629,2112,3378,3406,3350,0,0,0,0,0,0,26.29,26.23,26.32,8.76,58.07
$GC,11968,-0.82,-146.6,2628,2112,3406,3350,806.1,-6.3,264,11973,0.00,2.12,0.00,0.000,516,0.000,0.037,2628,727,3377,3405,3350,0,0,0,0,0,0,26.68,25.98,26.70,8.76,57.87
$GC,12060,-0.82,-146.6,2628,727,3406,3350,811.9,-6.4,265,12064,0.00,2.08,0.00,0.000,1030,0.000,0.028,2621,2122,3378,3406,3350,0,0,0,0,0,0,26.20,26.12,26.24,8.75,58.50
$GC,12374,-0.82,-146.6,2620,2122,3405,3349,832.3,-6.4,269,12378,0.00,2.17,0.00,0.000,260,0.000,0.043,2610,3503,3377,3405,3349,0,0,0,0,0,0,26.68,25.92,26.69,8.75,58.03
$GC,12470,-0.82,-146.6,2610,3504,3404,3349,838.0,-6.4,270,12474,0.00,2.05,0.00,0.000,1030,0.000,0.024,2610,2113,3376,3404,3349,0,0,0,0,0,0,26.28,26.21,26.30,8.75,58.26
$GC,12779,-0.82,-146.6,2610,2113,3404,3349,859.8,-6.8,274,12780,0.00,0.00,0.00,0.000,6,0.000,0.000,2610,2113,3376,3404,3348,0,0,0,0,0,0,26.68,26.69,26.69,8.75,57.91
$GC,13099,-0.82,-146.6,2610,2113,3404,3347,881.5,-6.8,278,13100,0.00,0.00,0.00,0.000,6,0.000,0.000,2610,2113,3375,3403,3348,0,0,0,0,0,0,26.68,26.70,26.69,8.74,58.54
$GC,13419,-0.82,-146.6,2610,2113,3403,3347,902.8,-6.6,282,13423,0.00,2.20,0.00,0.000,260,0.000,0.044,2601,3507,3375,3403,3347,0,0,0,0,0,0,26.68,25.89,26.69,8.74,58.82
$GC,13502,-0.82,-146.6,2600,3507,3403,3347,908.2,-6.6,283,13509,0.10,2.05,0.00,0.000,3078,0.142,0.024,2632,2111,3375,3403,3347,0,0,0,0,0,0,25.87,26.18,25.97,8.73,59.13
$GC,13827,-0.82,-146.6,2631,2111,3403,3347,926.4,-5.6,287,13831,0.00,2.12,0.00,0.000,516,0.000,0.037,2631,727,3374,3402,3346,0,0,0,0,0,0,26.68,25.93,26.69,8.74,58.89
$GC,13878,-0.82,-146.6,2631,727,3402,3346,926.4,-5.6,287,13883,0.00,2.08,0.00,0.000,1030,0.000,0.028,2626,2113,3375,3403,3347,0,0,0,0,0,0,26.17,26.09,26.20,8.73,58.86
$GC,14233,-0.82,-146.6,2625,2113,3402,3345,947.4,-5.1,292,14234,0.00,0.00,0.00,0.000,6,0.000,0.000,2626,2113,3373,3402,3345,0,0,0,0,0,0,26.67,26.69,26.69,8.73,59.49
$GC,14553,-0.82,-146.6,2625,2113,3402,3344,962.9,-4.8,296,14557,0.00,2.20,0.00,0.000,260,0.000,0.044,2615,3505,3373,3402,3344,0,0,0,0,0,0,26.68,25.85,26.69,8.73,59.56
$GC,14682,-0.82,-146.6,2615,3505,3400,3345,967.3,-4.9,297,14686,0.00,2.05,0.00,0.000,1030,0.000,0.024,2615,2113,3372,3400,3344,0,0,0,0,0,0,26.25,26.17,26.27,8.72,59.60
$GC,15041,-0.82,-146.6,2614,2112,3400,3344,989.5,-5.6,302,15042,0.00,0.00,0.00,0.000,6,0.000,0.000,2615,2112,3371,3400,3343,0,0,0,0,0,0,26.67,26.69,26.69,8.71,59.33
$STATE,15117,end dive,TARGET_DEPTH_EXCEEDED
$STATE,15117,begin apogee
$GC,15125,-0.33,0.0,2615,1613,3400,3343,994.0,-5.6,303,15259,0.52,0.00,131.02,1.373,10246,0.099,0.000,2794,1613,2804,2905,2704,0,0,0,0,0,0,25.53,24.41,23.33,8.72,59.37
$STATE,15260,end apogee,CONTROL_FINISHED_OK
$STATE,15261,begin climb
$GC,15264,0.73,146.6,2794,1613,2902,2703,996.2,0.0,304,15409,0.98,0.00,141.35,1.313,10246,0.060,0.000,3138,1613,2207,2296,2118,0,0,0,0,0,0,24.73,23.99,23.01,8.66,57.71
$GC,15683,0.60,146.6,3137,1613,2286,2114,963.6,8.8,310,15690,0.15,2.20,0.00,0.000,4356,0.132,0.037,3090,3009,2200,2286,2114,0,0,0,0,0,0,25.77,25.89,25.91,8.61,57.87
$GC,15801,0.53,146.6,3089,3009,2284,2113,956.9,8.7,311,15806,0.00,2.12,0.00,0.000,1030,0.000,0.031,3096,1603,2198,2284,2113,0,0,0,0,0,0,26.12,26.03,26.15,8.61,58.89
$GC,16172,0.53,150.1,3095,1604,2283,2112,926.9,7.4,316,16177,0.00,2.17,0.00,0.000,260,0.000,0.037,3096,3005,2197,2283,2111,0,0,0,0,0,0,26.57,26.12,26.58,8.61,59.68
$GC,16264,0.53,150.1,3095,3005,2282,2112,920.0,7.5,317,16268,0.00,2.12,0.00,0.000,1030,0.000,0.031,3098,1600,2196,2282,2111,0,0,0,0,0,0,26.27,26.17,26.29,8.61,58.74
$GC,16578,0.53,150.1,3097,1600,2281,2111,895.4,7.7,321,16582,0.00,2.17,0.00,0.000,260,0.000,0.037,3097,3006,2196,2281,2111,0,0,0,0,0,0,26.63,26.15,26.64,8.60,59.37
$GC,16662,0.53,150.1,3097,3007,2281,2111,888.6,7.7,322,16666,0.00,2.12,0.00,0.000,1030,0.000,0.031,3097,1599,2196,2281,2111,0,0,0,0,0,0,26.29,26.20,26.32,8.60,59.33
$GC,16987,0.53,150.1,3097,1599,2280,2111,863.6,7.7,326,16991,0.00,2.17,0.00,0.000,260,0.000,0.037,3097,3003,2196,2281,2111,0,0,0,0,0,0,26.66,26.14,26.67,8.60,59.56
$GC,17135,0.53,150.1,3097,3003,2280,2111,856.7,7.8,327,17140,0.00,2.12,0.00,0.000,1030,0.000,0.031,3097,1600,2195,2280,2111,0,0,0,0,0,0,26.29,26.20,26.32,8.59,59.92
$GC,17476,0.53,150.1,3096,1600,2280,2111,825.2,7.8,332,17480,0.00,2.17,0.00,0.000,260,0.000,0.037,3097,3010,2195,2280,2110,0,0,0,0,0,0,26.67,26.12,26.67,8.59,59.72
$GC,17621,0.53,150.1,3097,3011,2280,2109,818.4,7.9,333,17625,0.00,2.12,0.00,0.000,1030,0.000,0.031,3097,1603,2194,2279,2110,0,0,0,0,0,0,26.27,26.19,26.31,8.60,59.45
$GC,17966,0.53,150.1,3097,1603,2279,2110,787.2,7.6,338,17970,0.00,2.17,0.00,0.000,260,0.000,0.037,3097,3010,2194,2279,2110,0,0,0,0,0,0,26.67,26.10,26.68,8.59,59.60
$GC,18100,0.53,150.1,3097,3012,2279,2110,780.7,7.6,339,18104,0.00,2.15,0.00,0.000,1030,0.000,0.031,3097,1611,2194,2279,2110,0,0,0,0,0,0,26.21,26.17,26.24,8.59,59.33
$GC,18454,0.55,163.6,3097,1611,2279,2110,751.8,7.0,344,18474,0.00,2.17,15.73,1.170,8452,0.000,0.038,3097,3002,2136,2224,2048,0,0,0,0,0,0,26.67,25.58,24.26,8.58,60.19
$GC,18602,0.56,177.8,3097,3003,2223,2048,746.0,7.0,345,18625,0.00,2.12,15.60,1.155,9222,0.000,0.030,3097,1603,2079,2171,1987,0,0,0,0,0,0,26.08,25.99,24.21,8.58,59.88
$GC,18937,0.57,187.9,3097,1603,2171,1986,717.2,7.2,350,18955,0.00,2.25,11.10,1.095,8452,0.000,0.037,3097,3003,2036,2132,1941,0,0,0,0,0,0,26.44,25.56,24.33,8.57,59.64
$GC,19002,0.58,197.9,3097,3003,2133,1941,717.2,7.2,350,19020,0.00,2.17,11.62,1.090,9222,0.000,0.030,3097,1603,1995,2096,1895,0,0,0,0,0,0,25.94,25.90,24.20,8.57,60.04
$GC,19337,0.58,197.9,3097,1603,2096,1892,687.0,7.6,355,19341,0.00,2.20,0.00,0.000,516,0.000,0.048,3097,235,1994,2096,1892,0,0,0,0,0,0,26.44,25.94,26.45,8.57,59.52
$GC,19456,0.65,197.9,3097,234,2096,1892,680.3,7.7,356,19461,0.00,2.08,0.00,0.000,1030,0.000,0.026,3097,1622,1994,2096,1892,0,0,0,0,0,0,26.21,26.14,26.23,8.56,59.84
$GC,19826,0.72,197.9,3097,1622,2096,1891,648.3,7.9,361,19833,0.05,2.20,0.00,0.000,2564,0.142,0.047,3174,239,1993,2096,1891,0,0,0,0,0,0,26.39,26.03,26.41,8.56,59.88
$GC,19886,0.78,197.9,3174,239,2096,1891,648.3,7.9,361,19890,0.00,2.08,0.00,0.000,1030,0.000,0.026,3174,1608,1993,2096,1891,0,0,0,0,0,0,26.25,26.22,26.28,8.56,59.60
$GC,20231,0.71,197.9,3173,1608,2096,1891,607.9,10.0,366,20238,0.15,2.15,0.00,0.000,4356,0.129,0.038,3126,3001,1993,2096,1891,0,0,0,0,0,0,26.06,26.10,26.15,8.56,60.51
$GC,20372,0.65,197.9,3125,3001,2096,1891,600.2,9.9,367,20376,0.00,2.15,0.00,0.000,1030,0.000,0.031,3129,1604,1993,2096,1891,0,0,0,0,0,0,26.22,26.18,26.25,8.56,59.29
$GC,20716,0.65,197.9,3129,1603,2096,1891,566.5,8.2,372,20720,0.00,2.15,0.00,0.000,260,0.000,0.037,3129,2994,1993,2095,1891,0,0,0,0,0,0,26.67,26.10,26.67,8.57,60.12
$GC,20855,0.65,197.9,3128,2994,2096,1891,559.4,8.2,373,20859,0.00,2.10,0.00,0.000,1030,0.000,0.030,3137,1601,1993,2096,1891,0,0,0,0,0,0,26.27,26.18,26.30,8.57,60.31
$GC,21204,0.65,197.9,3136,1601,2096,1891,527.5,7.9,378,21208,0.00,2.15,0.00,0.000,260,0.000,0.037,3137,2993,1993,2096,1891,0,0,0,0,0,0,26.67,26.08,26.68,8.57,59.84
$GC,21355,0.65,197.9,3136,2993,2096,1891,520.4,8.0,379,21360,0.12,2.10,0.00,0.000,5126,0.138,0.031,3104,1602,1993,2096,1891,0,0,0,0,0,0,25.86,26.16,26.00,8.57,60.31
$GC,21684,0.65,197.9,3104,1602,2096,1891,490.4,7.5,383,21690,0.00,2.17,0.00,0.000,516,0.000,0.049,3104,242,1993,2096,1891,0,0,0,0,0,0,26.67,25.96,26.68,8.57,59.52
$GC,21782,0.72,197.9,3104,242,2096,1891,483.5,7.6,384,21786,0.00,2.03,0.00,0.000,1030,0.000,0.026,3104,1611,1993,2096,1891,0,0,0,0,0,0,26.29,26.22,26.32,8.58,59.29
$GC,22091,0.78,197.9,3103,1611,2096,1891,457.6,8.1,388,22099,0.10,2.20,0.00,0.000,2564,0.080,0.047,3193,235,1993,2096,1891,0,0,0,0,0,0,26.43,25.94,26.46,8.58,59.29
$GC,22157,0.85,197.9,3192,234,2096,1891,457.6,8.1,388,22162,0.00,2.05,0.00,0.000,1030,0.000,0.026,3193,1614,1993,2096,1891,0,0,0,0,0,0,26.28,26.21,26.31,8.58,59.60
$GC,22498,0.76,197.9,3192,1615,2096,1891,416.0,10.3,393,22506,0.15,2.12,0.00,0.000,4356,0.129,0.037,3145,2994,1993,2096,1891,0,0,0,0,0,0,26.05,26.04,26.13,8.59,59.41
$GC,22612,0.68,197.9,3144,2994,2095,1891,408.2,10.1,394,22618,0.10,2.10,0.00,0.000,5126,0.144,0.030,3119,1605,1993,2096,1891,0,0,0,0,0,0,25.88,26.13,25.99,8.59,58.93
$GC,22985,0.74,197.9,3119,1605,2096,1891,376.8,7.7,399,22989,0.00,2.17,0.00,0.000,516,0.000,0.049,3119,242,1993,2096,1891,0,0,0,0,0,0,26.67,25.90,26.68,8.59,58.86
$GC,23091,0.74,197.9,3118,242,2096,1891,370.3,7.7,400,23096,0.00,2.03,0.00,0.000,1030,0.000,0.025,3119,1610,1993,2095,1891,0,0,0,0,0,0,26.27,26.20,26.29,8.59,58.74
$GC,23472,0.80,197.9,3119,1611,2096,1891,339.4,7.7,405,23480,0.08,2.20,0.00,0.000,2564,0.099,0.047,3197,239,1993,2096,1891,0,0,0,0,0,0,26.44,25.89,26.46,8.59,59.33
$GC,23622,0.80,197.9,3196,239,2096,1891,331.7,8.0,406,23632,0.12,2.03,0.00,0.000,5126,0.130,0.025,3156,1606,1993,2096,1891,0,0,0,0,0,0,25.86,26.19,25.97,8.59,58.30
$GC,23954,0.80,197.9,3155,1606,2096,1891,297.9,8.1,411,23958,0.00,2.12,0.00,0.000,260,0.000,0.037,3156,2988,1993,2095,1891,0,0,0,0,0,0,26.67,26.01,26.68,8.60,58.42
$GC,24082,0.80,197.9,3156,2988,2096,1891,290.6,8.3,412,24087,0.00,2.10,0.00,0.000,1030,0.000,0.029,3163,1609,1993,2096,1891,0,0,0,0,0,0,26.15,26.11,26.17,8.61,58.38
$GC,24443,0.80,197.9,3162,1609,2096,1891,257.5,8.0,417,24447,0.00,2.12,0.00,0.000,260,0.000,0.037,3163,2988,1993,2096,1891,0,0,0,0,0,0,26.67,25.98,26.67,8.61,58.70
$GC,24494,0.80,197.9,3162,2988,2096,1891,257.5,8.0,417,24498,0.00,2.08,0.00,0.000,1030,0.000,0.030,3171,1603,1993,2095,1891,0,0,0,0,0,0,26.18,26.10,26.22,8.61,58.23
$GC,24847,0.80,197.9,3170,1603,2096,1891,224.2,8.1,422,24851,0.00,2.15,0.00,0.000,260,0.000,0.037,3171,2993,1993,2096,1891,0,0,0,0,0,0,26.67,25.98,26.67,8.61,58.23
$GC,24884,0.80,197.9,3170,2993,2096,1891,224.2,8.1,422,24888,0.00,2.10,0.00,0.000,1030,0.000,0.029,3179,1601,1993,2096,1891,0,0,0,0,0,0,26.18,26.09,26.21,8.61,58.93
$GC,25193,0.74,197.9,3178,1600,2096,1891,194.6,8.4,427,25201,0.12,2.17,0.00,0.000,4612,0.137,0.047,3147,240,1993,2096,1891,0,0,0,0,0,0,26.10,25.84,26.16,8.61,58.15
$GC,25249,0.74,197.9,3146,239,2096,1891,191.3,7.9,429,25256,0.00,2.03,0.00,0.000,1030,0.000,0.025,3146,1606,1993,2096,1891,0,0,0,0,0,0,26.24,26.17,26.27,8.61,58.03
$GC,25557,0.77,228.9,3146,1607,2096,1891,167.3,6.4,445,25596,0.00,2.20,29.30,0.825,8452,0.000,0.037,3146,2991,1870,1989,1751,0,0,0,0,0,0,26.67,25.44,24.42,8.61,57.87
$GC,25663,0.80,264.8,3146,2991,1989,1751,160.7,6.3,450,25703,0.00,2.12,32.75,0.813,9222,0.000,0.028,3155,1591,1722,1863,1581,0,0,0,0,0,0,25.93,25.84,24.27,8.61,57.52
$GC,26024,0.87,280.1,3154,1591,1861,1579,133.5,7.0,468,26044,0.00,2.25,13.65,0.754,8452,0.000,0.037,3154,2995,1660,1807,1514,0,0,0,0,0,0,26.40,25.54,24.57,8.61,57.60
$GC,26142,0.87,280.1,3155,2995,1805,1514,123.9,9.0,473,26146,0.00,2.12,0.00,0.000,1030,0.000,0.028,3156,1601,1659,1805,1513,0,0,0,0,0,0,26.00,25.92,26.03,8.62,57.60
$GC,26457,1.02,354.8,3155,1600,1803,1512,104.2,4.9,489,26523,0.15,2.22,60.05,0.775,10756,0.058,0.044,3283,242,1356,1524,1189,0,0,0,0,0,0,26.26,24.86,24.32,8.67,58.03
$GC,26623,0.94,354.8,3282,242,1517,1189,92.4,7.6,497,26633,0.25,2.05,0.00,0.000,5126,0.104,0.024,3199,1609,1352,1517,1187,0,0,0,0,0,0,25.49,25.79,25.65,8.69,58.93
$GC,26937,1.06,394.3,3199,1609,1512,1185,72.1,6.1,513,26975,0.08,2.20,30.70,0.711,11012,0.098,0.035,3287,2986,1194,1363,1026,0,0,0,0,0,0,26.23,25.44,24.63,8.76,58.50
$GC,27105,0.99,394.3,3286,2986,1358,1026,56.4,10.2,521,27112,0.22,2.10,0.00,0.000,5126,0.116,0.028,3215,1599,1192,1358,1026,0,0,0,0,0,0,25.60,25.89,25.76,8.79,57.79
$GC,27418,1.09,401.3,3215,1598,1358,1026,33.8,7.3,548,27433,0.05,2.17,7.00,0.554,10500,0.136,0.034,3292,2988,1166,1329,1003,0,0,0,0,0,0,26.30,25.67,24.75,8.83,55.59
$GC,27487,1.02,401.3,3292,2988,1329,1003,27.5,9.6,554,27496,0.20,2.10,0.00,0.000,5126,0.095,0.026,3228,1602,1166,1329,1003,0,0,0,0,0,0,25.82,26.08,25.89,8.85,54.44
$GC,27796,1.08,460.5,3228,1602,1329,1003,7.4,5.5,585,27844,0.00,2.17,38.90,0.514,8708,0.000,0.042,3234,246,922,1021,824,0,0,0,0,0,0,26.56,25.59,24.92,8.88,53.22
$STATE,27848,end climb,SURFACE_DEPTH_REACHED
$STATE,27849,begin surface coast
$FINISH,-0.0,1.022441
$STATE,27867,end surface coast,CONTROL_FINISHED_OK
$STATE,27867,begin surface
$SM_CCo,27950,0.00,0.000,0,0,919,462.88
$SM_GC,0.13,7.75,2.90,0.00,0.021,0.025,0.000,169,2099,919,-8.34,-1.81,462.88,0,0,0,0,0,0,25.96,25.87,25.98
$IRIDIUM_FIX,524.12,-14100.78,300125,200751
$TT8_MAMPS,0.026215,0.412699
$HUMID,50.66
$INTERNAL_PRESSURE,8.83951
$TCM_TEMP,21.90
$XPDR_PINGS,0
$ALTIM_TOP_PING,19.8,19.8
$24V_AH,23.01,44.173
$10V_AH,9.94,34.166
$FG_AHR_24Vo,0.000
$FG_AHR_10Vo,0.000
$DEVICES,Pitch_motor,Roll_motor,VBD_pump_during_apogee,VBD_pump_during_surface,VBD_valve,Iridium_during_init,Iridium_during_connect,Iridium_during_xfer,Transponder_ping,GUMSTIX_24V,GPS,TT8,LPSleep,TT8_Active,TT8_Sampling,TT8_CF8,TT8_Kalman,Analog_circuits,GPS_charging,Compass,RAFOS,Transponder,Compass2
$DEVICE_SECS,22.275,237.925,538.775,0.000,0.000,0.000,0.000,359.125,0.250,0.000,36.092,2992.648,20705.541,709.919,3613.924,494.543,0.000,2744.862,0.000,2970.808,0.000,2.769,0.000
$DEVICE_MAMPS,205.785,48.960,1373.175,0.000,0.000,0.000,0.000,84.150,420.000,0.000,30.710,15.210,2.190,15.210,43.670,53.410,0.000,14.000,0.000,8.240,0.000,30.000,0.000
$SENSORS,SBE_CT,WL_blue_red_Chl,AA4330,nil,nil,nil,nil,nil,nil,nil
$SENSOR_SECS,512.289,363.318,804.473,0.000,0.000,0.000,0.000,0.000,0.000,0.000
$SENSOR_MAMPS,22.470,105.000,11.230,0.000,0.000,0.000,0.000,0.000,0.000,0.000
$MEM,311736
$DATA_FILE_SIZE,45325,592
$CAP_FILE_SIZE,235606,0
$CFSIZE,2097872896,2057338880
$ERRORS,0,0,0,0,0,0,0,0,0,0,0,0,0,0,4,0
$CURRENT,0.110,345.25,1
$GPS,170605,114134,527.983,-14101.779,40,0.8,67,9.2,0.7,348.0,10,4.8
