version: 66.14
glider: 195
mission: 21
dive: 313
start: 6 26 105 23 8 50
data:
$ID,195
$MISSION,21
$DIVE,313
$N_DIVES,0
$STOP_T,0
$D_SURF,3
$D_FLARE,2
$D_TGT,990
$D_ABORT,1090
$D_NO_BLEED,50
$D_BOOST,3
$T_BOOST,0
$D_FINISH,0
$D_PITCH,0
$D_SAFE,0
$D_CALL,0
$SURFACE_URGENCY,0
$SURFACE_URGENCY_TRY,0
$SURFACE_URGENCY_FORCE,0
$T_DIVE,330
$T_MISSION,600
$T_ABORT,1440
$T_TURN,300
$T_TURN_SAMPINT,5
$T_NO_W,120
$T_LOITER,0
$T_SLOITER,60
$T_EPIRB,0
$USE_BATHY,0
$USE_ICE,0
$ICE_FREEZE_MARGIN,0.30000001
$D_OFFGRID,990
$T_WATCHDOG,10
$RELAUNCH,1
$APOGEE_PITCH,-8
$MAX_BUOY,150
$COURSE_BIAS,0
$GLIDE_SLOPE,30
$SPEED_FACTOR,1
$RHO,1.023
$MASS,54002
$MASS_COMP,0
$NAV_MODE,2
$FERRY_MAX,45
$KALMAN_USE,2
$HD_A,0.0038000001
$HD_B,0.0099999998
$HD_C,9.8500004e-06
$HEADING,-1
$ESCAPE_HEADING,0
$ESCAPE_HEADING_DELTA,10
$FIX_MISSING_TIMEOUT,0
$TGT_DEFAULT_LAT,4736
$TGT_DEFAULT_LON,-12225
$TGT_AUTO_DEFAULT,0
$SM_CC,565.6618
$N_FILEKB,4
$FILEMGR,0
$CALL_NDIVES,1
$COMM_SEQ,0
$PROTOCOL,9
$N_NOCOMM,1
$NOCOMM_ACTION,0
$N_NOSURFACE,0
$UPLOAD_DIVES_MAX,-1
$CALL_TRIES,5
$CALL_WAIT,60
$CAPUPLOAD,0
$CAPMAXSIZE,200000
$HEAPDBG,0
$T_GPS,15
$N_GPS,50840
$T_RSLEEP,2
$STROBE,0
$RAFOS_PEAK_OFFSET,1.5
$RAFOS_CORR_THRESH,60
$RAFOS_HIT_WINDOW,3600
$RAFOS_MMODEM,0
$PITCH_MIN,207
$PITCH_MAX,3915
$C_PITCH,2900
$PITCH_DBAND,0.1
$PITCH_CNV,0.003125763
$P_OVSHOOT,0.039999999
$P_OVSHOOT_WITHG,0.079999998
$PITCH_GAIN,24
$PITCH_TIMEOUT,17
$PITCH_AD_RATE,160
$PITCH_MAXERRORS,1
$PITCH_ADJ_GAIN,0.02
$PITCH_ADJ_DBAND,2.5
$ROLL_MIN,224
$ROLL_MAX,3758
$ROLL_DEG,40
$C_ROLL_DIVE,2113
$C_ROLL_CLIMB,1605
$HEAD_ERRBAND,10
$ROLL_CNV,0.028270001
$ROLL_TIMEOUT,15
$R_PORT_OVSHOOT,48
$R_STBD_OVSHOOT,60
$ROLL_AD_RATE,350
$ROLL_MAXERRORS,2
$ROLL_ADJ_GAIN,0
$ROLL_ADJ_DBAND,0
$VBD_MIN,500
$VBD_MAX,3960
$C_VBD,2806
$VBD_DBAND,2
$VBD_CNV,-0.24529999
$VBD_LP_IGNORE,0
$VBD_TIMEOUT,720
$PITCH_VBD_SHIFT,0.001
$VBD_PUMP_AD_RATE_SURFACE,5
$VBD_PUMP_AD_RATE_APOGEE,4
$VBD_BLEED_AD_RATE,8
$UNCOM_BLEED,60
$VBD_MAXERRORS,1
$W_ADJ_DBAND,0
$DBDW,0
$PITCH_W_GAIN,0
$PITCH_W_DBAND,0
$CF8_MAXERRORS,5
$AH0_24V,150
$AH0_10V,97
$MINV_24V,19
$MINV_10V,8
$MAXI_24V,0.80000001
$MAXI_10V,0.60000002
$FG_AHR_10V,0
$FG_AHR_24V,0
$PHONE_SUPPLY,-2
$PRESSURE_YINT,-49.397121
$PRESSURE_SLOPE,0.0001168043
$AD7714Ch0Gain,128
$TCM_PITCH_OFFSET,0
$TCM_ROLL_OFFSET,0
$COMPASS_USE,4
$ALTIM_BOTTOM_PING_RANGE,0
$ALTIM_TOP_PING_RANGE,20
$ALTIM_BOTTOM_TURN_MARGIN,0
$ALTIM_TOP_TURN_MARGIN,0
$ALTIM_TOP_MIN_OBSTACLE,1
$ALTIM_PING_DEPTH,0
$ALTIM_PING_DELTA,0
$ALTIM_FREQUENCY,13
$ALTIM_PULSE,3
$ALTIM_SENSITIVITY,3
$XPDR_VALID,5
$XPDR_INHIBIT,90
$INT_PRESSURE_SLOPE,0.0097660003
$INT_PRESSURE_YINT,-0.77999997
$DEEPGLIDER,0
$MOTHERBOARD,4
$DEVICE1,2
$DEVICE2,115
$DEVICE3,101
$DEVICE4,-1
$DEVICE5,-1
$DEVICE6,-1
$LOGGERS,0
$LOGGERDEVICE1,-1
$LOGGERDEVICE2,-1
$LOGGERDEVICE3,-1
$LOGGERDEVICE4,-1
$COMPASS_DEVICE,33
$COMPASS2_DEVICE,-1
$PHONE_DEVICE,49
$GPS_DEVICE,32
$RAFOS_DEVICE,-1
$XPDR_DEVICE,24
$SIM_W,0
$SIM_PITCH,0
$SEABIRD_T_G,0.0044178674
$SEABIRD_T_H,0.00064818078
$SEABIRD_T_I,2.6779007e-05
$SEABIRD_T_J,3.3667231e-06
$SEABIRD_C_G,-10.098215
$SEABIRD_C_H,1.1454017
$SEABIRD_C_I,-0.0021276253
$SEABIRD_C_J,0.00025532115
$SEABIRD_C_Z,2974.52
$GPS1,260605,230214,600.5848,-14110.0479,45,0.9,57,9.2,0.8,349.9,9,5.0
$_CALLS,1
$_XMS_NAKs,0
$_XMS_TOUTs,0
$_SM_DEPTHo,0.04
$_SM_ANGLEo,-53.8
$GPS2,260605,230810,600.6016,-14110.0908,9,0.8,25,9.2,1.0,38.4,9,5.0
$SPEED_LIMITS,0.173,0.262
$TGT_NAME,TX1
$TGT_LATLONG,815.000,-14400.000
$TGT_RADIUS,10000.000
$KALMAN_CONTROL,0.000000,0.000000
$KALMAN_X,0.000000,0.000000,0.000000,0.000000,0.000000
$KALMAN_Y,0.000000,0.000000,0.000000,0.000000,0.000000
$MHEAD_RNG_PITCHd_Wd,290.6,398664,-18.1,-10.000,-20.93,2235
$D_GRID,990
$GCHEAD,st_secs,pitch_ctl,vbd_ctl,pitch_ad_start,roll_ad_start,vbd_pot1_ad_start,vbd_pot2_ad_start,depth,ob_vertv,data_pts,end_secs,pitch_secs,roll_secs,vbd_secs,vbd_i,gcphase,pitch_i,roll_i,pitch_ad,roll_ad,vbd_ad,vbd_pot1_ad,vbd_pot2_ad,pitch_retries,pitch_errors,roll_retries,roll_errors,vbd_retries,vbd_errors,pitch_volts,roll_volts,vbd_volts,int_press,humidity
$STATE,6,end surface,CONTROL_FINISHED_OK
$STATE,6,begin dive
$GC,74,-0.90,-146.6,150,2112,539,461,0.2,-0.4,6,164,0.00,0.00,-87.10,0.000,16386,0.000,0.000,143,2112,2842,2853,2832,0,0,0,0,0,0,26.42,28.83,26.44,8.85,50.23
$GC,168,-0.90,-146.6,143,2113,2855,2832,2.9,-5.7,15,198,9.38,2.12,-11.20,0.000,18692,0.203,0.050,2594,3490,3406,3423,3390,0,0,0,0,0,0,25.24,25.45,25.42,9.08,49.21
$GC,296,-0.79,-146.6,2594,3490,3427,3390,29.0,-17.6,27,306,0.15,2.03,0.00,0.000,3078,0.144,0.020,2639,2079,3409,3428,3390,0,0,0,0,0,0,25.75,26.19,25.91,9.14,49.52
$GC,617,-0.79,-146.6,2639,2079,3430,3390,76.1,-13.4,50,621,0.00,2.17,0.00,0.000,260,0.000,0.037,2631,3494,3409,3430,3389,0,0,0,0,0,0,26.60,26.09,26.61,9.17,49.96
$GC,736,-0.79,-146.6,2630,3496,3430,3390,90.5,-13.5,55,743,0.00,1.98,0.00,0.000,1030,0.000,0.018,2631,2099,3410,3430,3390,0,0,0,0,0,0,26.36,26.31,26.37,9.18,49.96
$GC,1044,-0.79,-146.6,2630,2099,3432,3390,127.9,-10.1,71,1048,0.00,2.15,0.00,0.000,260,0.000,0.037,2620,3503,3411,3432,3390,0,0,0,0,0,0,26.65,26.13,26.65,9.18,49.44
$GC,1089,-0.79,-146.6,2619,3503,3432,3390,132.3,-9.8,73,1093,0.00,1.98,0.00,0.000,1030,0.000,0.018,2620,2103,3411,3432,3390,0,0,0,0,0,0,26.39,26.34,26.40,9.18,48.97
$GC,1414,-0.79,-146.6,2619,2102,3435,3390,155.3,-5.8,89,1419,0.00,2.05,0.00,0.000,516,0.000,0.031,2620,745,3412,3435,3390,0,0,0,0,0,0,26.65,26.20,26.67,9.14,49.13
$GC,1472,-0.79,-146.6,2619,746,3435,3390,157.9,-5.7,91,1480,0.10,1.95,0.00,0.000,3078,0.149,0.023,2642,2113,3412,3435,3390,0,0,0,0,0,0,25.99,26.29,26.12,9.13,48.66
$GC,1783,-0.89,-146.6,2641,2113,3437,3390,177.7,-6.6,107,1787,0.00,2.03,0.00,0.000,516,0.000,0.030,2642,739,3413,3437,3390,0,0,0,0,0,0,26.66,26.20,26.67,9.09,48.62
$GC,1918,-0.97,-146.6,2642,739,3437,3390,186.8,-7.4,113,1923,0.10,2.00,0.00,0.000,5126,0.074,0.023,2562,2120,3413,3437,3390,0,0,0,0,0,0,26.25,26.29,26.31,9.07,49.96
$GC,2233,-0.97,-146.6,2540,2120,3437,3390,215.5,-8.8,123,2238,0.15,2.10,0.00,0.000,2308,0.138,0.038,2579,3499,3413,3437,3390,0,0,0,0,0,0,26.06,26.15,26.16,9.03,49.72
$GC,2461,-0.97,-146.6,2579,3500,3437,3390,227.5,-8.0,125,2465,0.00,1.98,0.00,0.000,1030,0.000,0.019,2579,2109,3413,3437,3390,0,0,0,0,0,0,26.40,26.35,26.41,9.01,49.88
$GC,2801,-0.97,-146.6,2579,2109,3436,3390,258.4,-7.8,130,2806,0.00,2.12,0.00,0.000,260,0.000,0.038,2569,3496,3412,3436,3389,0,0,0,0,0,0,26.67,26.13,26.67,8.98,51.37
$GC,2863,-0.97,-146.6,2568,3496,3436,3390,258.4,-7.8,130,2868,0.00,1.98,0.00,0.000,1030,0.000,0.019,2569,2107,3412,3436,3389,0,0,0,0,0,0,26.39,26.34,26.41,8.97,51.57
$GC,3208,-0.97,-146.6,2568,2107,3435,3388,292.5,-8.4,135,3209,0.00,0.00,0.00,0.000,6,0.000,0.000,2569,2107,3411,3435,3388,0,0,0,0,0,0,26.67,26.68,26.67,8.95,52.79
$GC,3529,-0.97,-146.6,2568,2107,3435,3385,320.6,-8.8,139,3534,0.00,2.15,0.00,0.000,260,0.000,0.040,2559,3499,3410,3435,3385,0,0,0,0,0,0,26.67,26.13,26.67,8.94,53.93
$GC,3631,-0.97,-146.6,2558,3499,3434,3384,328.4,-8.8,140,3636,0.00,1.98,0.00,0.000,1030,0.000,0.020,2559,2116,3409,3434,3384,0,0,0,0,0,0,26.39,26.34,26.41,8.93,54.29
$GC,4017,-0.97,-146.6,2558,2116,3432,3383,361.9,-8.1,145,4022,0.00,2.05,0.00,0.000,516,0.000,0.032,2558,739,3407,3432,3382,0,0,0,0,0,0,26.67,26.16,26.68,8.92,54.41
$GC,4059,-0.97,-146.6,2558,739,3432,3382,361.9,-8.1,145,4065,0.12,2.00,0.00,0.000,3078,0.140,0.025,2589,2109,3407,3432,3382,0,0,0,0,0,0,25.94,26.26,26.07,8.91,54.56
$GC,4425,-1.04,-146.6,2589,2110,3430,3380,391.4,-7.2,150,4430,0.00,2.15,0.00,0.000,260,0.000,0.040,2582,3502,3405,3430,3380,0,0,0,0,0,0,26.67,26.10,26.67,8.90,54.96
$GC,4570,-1.10,-146.6,2581,3502,3429,3380,398.6,-7.6,151,4576,0.05,2.00,0.00,0.000,5126,0.130,0.021,2512,2110,3404,3429,3380,0,0,0,0,0,0,26.22,26.32,26.29,8.89,55.39
$GC,4915,-1.10,-146.6,2512,2110,3427,3378,441.0,-10.8,156,4920,0.12,2.05,0.00,0.000,2564,0.145,0.032,2550,742,3402,3426,3378,0,0,0,0,0,0,26.10,26.15,26.19,8.88,55.47
$GC,5013,-1.10,-146.6,2550,742,3426,3378,449.8,-10.7,157,5017,0.00,2.03,0.00,0.000,1030,0.000,0.026,2543,2119,3402,3426,3378,0,0,0,0,0,0,26.32,26.24,26.34,8.87,55.07
$GC,5321,-1.10,-146.6,2542,2119,3425,3375,483.3,-10.4,161,5325,0.00,2.15,0.00,0.000,260,0.000,0.041,2533,3502,3400,3425,3375,0,0,0,0,0,0,26.67,26.09,26.67,8.87,55.82
$GC,5342,-1.10,-146.6,2532,3502,3424,3376,483.3,-10.4,161,5346,0.00,2.00,0.00,0.000,1030,0.000,0.021,2533,2120,3399,3423,3375,0,0,0,0,0,0,26.36,26.31,26.39,8.87,56.69
$GC,5725,-1.10,-146.6,2532,2121,3422,3375,525.7,-10.3,166,5729,0.00,2.10,0.00,0.000,516,0.000,0.033,2533,732,3398,3422,3374,0,0,0,0,0,0,26.67,26.13,26.67,8.85,56.18
$GC,5797,-1.10,-146.6,2532,732,3422,3374,525.7,-10.3,166,5801,0.00,2.05,0.00,0.000,1030,0.000,0.027,2524,2117,3398,3423,3373,0,0,0,0,0,0,26.30,26.22,26.33,8.85,55.82
$GC,6131,-1.10,-146.6,2524,2117,3421,3372,563.8,-9.2,171,6134,0.00,2.15,0.00,0.000,260,0.000,0.041,2514,3504,3396,3421,3372,0,0,0,0,0,0,26.67,26.07,26.67,8.84,56.97
$GC,6207,-1.10,-146.6,2514,3505,3420,3372,563.8,-9.2,171,6215,0.10,2.03,0.00,0.000,3078,0.154,0.021,2544,2105,3396,3420,3372,0,0,0,0,0,0,25.96,26.30,26.07,8.84,57.00
$GC,6534,-1.10,-146.6,2544,2104,3420,3370,597.6,-8.2,176,6538,0.00,2.08,0.00,0.000,516,0.000,0.034,2544,730,3394,3420,3369,0,0,0,0,0,0,26.67,26.11,26.68,8.83,57.36
$GC,6561,-1.10,-146.6,2544,730,3420,3370,597.6,-8.2,176,6565,0.00,2.05,0.00,0.000,1030,0.000,0.027,2538,2114,3394,3420,3369,0,0,0,0,0,0,26.29,26.21,26.32,8.83,56.89
$GC,6940,-1.10,-146.6,2537,2114,3419,3367,633.1,-8.8,181,6944,0.00,2.17,0.00,0.000,260,0.000,0.041,2528,3505,3393,3419,3368,0,0,0,0,0,0,26.67,26.06,26.68,8.82,57.12
$GC,7068,-1.10,-146.6,2527,3505,3417,3368,641.1,-9.0,182,7073,0.00,2.05,0.00,0.000,1030,0.000,0.022,2528,2109,3392,3417,3367,0,0,0,0,0,0,26.34,26.29,26.36,8.82,57.60
$GC,7428,-1.10,-146.6,2527,2108,3418,3366,681.3,-10.0,187,7435,0.00,2.17,0.00,0.000,260,0.000,0.041,2518,3505,3391,3416,3366,0,0,0,0,0,0,26.67,26.04,26.67,8.81,57.56
$GC,7522,-1.10,-146.6,2518,3505,3416,3365,690.1,-10.2,188,7526,0.00,2.05,0.00,0.000,1030,0.000,0.022,2518,2105,3390,3416,3365,0,0,0,0,0,0,26.34,26.29,26.36,8.81,57.32
$GC,7830,-1.10,-146.6,2517,2104,3416,3365,723.6,-10.4,192,7834,0.00,2.10,0.00,0.000,516,0.000,0.034,2518,723,3389,3416,3363,0,0,0,0,0,0,26.67,26.08,26.68,8.80,58.38
$GC,7921,-1.10,-146.6,2517,723,3415,3364,732.6,-10.5,193,7926,0.12,2.08,0.00,0.000,3078,0.149,0.028,2545,2125,3389,3415,3364,0,0,0,0,0,0,25.82,26.19,25.96,8.80,56.97
$GC,8237,-1.10,-146.6,2545,2125,3414,3363,762.0,-9.1,197,8241,0.00,2.15,0.00,0.000,260,0.000,0.042,2537,3503,3388,3414,3363,0,0,0,0,0,0,26.67,26.02,26.67,8.80,58.46
$GC,8321,-1.10,-146.6,2537,3503,3414,3363,769.5,-8.9,198,8325,0.00,2.05,0.00,0.000,1030,0.000,0.022,2537,2106,3388,3414,3363,0,0,0,0,0,0,26.33,26.27,26.34,8.79,57.91
$GC,8644,-1.10,-146.6,2537,2106,3414,3362,797.7,-8.7,202,8649,0.00,2.20,0.00,0.000,260,0.000,0.042,2527,3510,3387,3413,3361,0,0,0,0,0,0,26.67,26.01,26.67,8.78,58.42
$GC,8730,-1.10,-146.6,2527,3509,3412,3361,805.5,-8.8,203,8735,0.00,2.05,0.00,0.000,1030,0.000,0.023,2527,2110,3386,3412,3361,0,0,0,0,0,0,26.32,26.26,26.34,8.78,57.95
$GC,9055,-1.10,-146.6,2527,2110,3412,3360,835.7,-9.3,207,9059,0.00,2.10,0.00,0.000,516,0.000,0.035,2528,733,3386,3412,3360,0,0,0,0,0,0,26.67,26.05,26.67,8.78,58.26
$GC,9127,-1.10,-146.6,2527,733,3412,3360,835.7,-9.3,207,9131,0.00,2.05,0.00,0.000,1030,0.000,0.028,2518,2114,3385,3411,3360,0,0,0,0,0,0,26.25,26.16,26.27,8.78,58.03
$GC,9462,-1.10,-146.6,2518,2114,3411,3359,876.2,-10.0,212,9469,0.00,2.17,0.00,0.000,260,0.000,0.043,2508,3506,3385,3411,3359,0,0,0,0,0,0,26.67,25.99,26.67,8.77,58.30
$GC,9642,-1.10,-146.6,2507,3506,3410,3359,893.7,-10.5,214,9649,0.12,2.05,0.00,0.000,3078,0.150,0.024,2545,2109,3384,3410,3359,0,0,0,0,0,0,25.82,26.24,25.94,8.77,58.62
$GC,10024,-1.10,-146.6,2544,2109,3410,3358,932.9,-9.7,219,10028,0.00,2.20,0.00,0.000,260,0.000,0.043,2537,3505,3383,3410,3357,0,0,0,0,0,0,26.67,25.96,26.67,8.76,58.62
$GC,10086,-1.10,-146.6,2536,3506,3410,3357,932.9,-9.7,219,10090,0.00,2.05,0.00,0.000,1030,0.000,0.024,2537,2112,3383,3410,3357,0,0,0,0,0,0,26.30,26.24,26.32,8.76,58.97
$GC,10431,-1.10,-146.6,2536,2111,3409,3356,972.9,-9.8,224,10435,0.00,2.20,0.00,0.000,260,0.000,0.043,2526,3505,3382,3409,3356,0,0,0,0,0,0,26.67,25.95,26.67,8.75,59.13
$GC,10468,-1.10,-146.6,2526,3505,3409,3356,972.9,-9.8,224,10472,0.00,2.08,0.00,0.000,1030,0.000,0.024,2527,2104,3382,3409,3356,0,0,0,0,0,0,26.29,26.23,26.32,8.75,59.52
$STATE,10673,end dive,TARGET_DEPTH_EXCEEDED
$STATE,10673,begin apogee
$GC,10681,-0.33,0.0,2527,1603,3409,3355,996.7,-9.7,227,10814,0.80,0.00,129.12,1.347,10246,0.110,0.000,2789,1603,2805,2906,2704,0,0,0,0,0,0,25.44,24.49,23.36,8.74,59.09
$STATE,10815,end apogee,CONTROL_FINISHED_OK
$STATE,10815,begin climb
$GC,10818,0.90,146.6,2789,1603,2904,2703,1000.1,0.0,228,10967,1.12,2.35,137.90,1.300,10756,0.059,0.044,3200,251,2205,2293,2118,0,0,0,0,0,0,24.84,24.21,23.12,8.70,57.44
$GC,11005,0.90,146.6,3200,251,2293,2117,990.9,7.7,231,11009,0.00,2.12,0.00,0.000,1030,0.000,0.024,3200,1623,2205,2293,2118,0,0,0,0,0,0,25.27,25.21,25.29,8.65,56.30
$GC,11314,0.82,146.6,3200,1624,2294,2118,957.8,10.4,235,11322,0.12,2.12,0.00,0.000,4356,0.142,0.036,3162,3000,2205,2293,2118,0,0,0,0,0,0,25.90,26.01,26.01,8.64,57.95
$GC,11390,0.74,146.6,3162,3000,2291,2118,957.8,10.4,235,11397,0.00,2.10,0.00,0.000,1030,0.000,0.029,3170,1601,2204,2291,2118,0,0,0,0,0,0,26.17,26.10,26.20,8.63,58.46
$GC,11717,0.75,156.1,3169,1602,2290,2118,918.9,9.6,240,11728,0.00,0.00,9.68,1.121,8198,0.000,0.000,3170,1602,2168,2253,2083,0,0,0,0,0,0,26.58,25.56,24.30,8.63,59.76
$GC,12038,0.75,159.6,3170,1602,2253,2082,887.5,9.8,244,12049,0.00,2.20,4.60,0.860,8452,0.000,0.036,3170,2998,2153,2238,2069,0,0,0,0,0,0,26.53,25.65,24.18,8.61,59.76
$GC,12143,0.76,160.6,3170,2998,2238,2069,879.0,10.0,245,12149,0.10,2.10,0.00,0.000,5126,0.156,0.029,3147,1605,2153,2238,2069,0,0,0,0,0,0,25.87,26.13,26.02,8.61,59.41
$GC,12525,0.78,183.6,3146,1605,2238,2069,842.0,8.9,250,12555,0.00,2.20,25.12,1.235,8452,0.000,0.034,3146,2993,2056,2150,1962,0,0,0,0,0,0,26.60,24.94,24.13,8.61,60.31
$GC,12713,0.80,204.1,3146,2993,2150,1961,827.2,9.1,252,12741,0.00,2.10,21.70,1.203,9222,0.000,0.029,3154,1604,1969,2076,1863,0,0,0,0,0,0,26.03,25.96,24.06,8.61,60.00
$GC,13080,0.83,230.9,3152,1604,2076,1862,791.7,8.8,257,13112,0.00,2.25,26.52,1.201,8964,0.000,0.046,3164,237,1860,1983,1737,0,0,0,0,0,0,26.45,24.84,24.08,8.60,60.04
$GC,13250,0.85,257.1,3162,237,1983,1737,777.0,8.8,259,13283,0.00,2.05,25.98,1.183,9222,0.000,0.024,3163,1610,1754,1894,1614,0,0,0,0,0,0,26.01,25.95,24.01,8.57,59.96
$GC,13645,0.93,282.8,3162,1610,1894,1614,741.4,8.8,264,13676,0.05,2.25,24.67,1.166,10756,0.140,0.046,3233,243,1649,1798,1500,0,0,0,0,0,0,26.25,24.93,24.17,8.57,60.27
$GC,13725,0.95,299.7,3233,243,1798,1500,733.1,9.2,265,13747,0.00,2.10,16.42,1.110,9222,0.000,0.025,3233,1606,1583,1737,1429,0,0,0,0,0,0,25.81,25.79,24.05,8.56,59.88
$GC,14125,0.95,299.7,3233,1606,1734,1426,687.7,11.3,270,14129,0.00,2.12,0.00,0.000,260,0.000,0.037,3233,2991,1580,1734,1426,0,0,0,0,0,0,26.46,26.05,26.47,8.55,59.92
$GC,14247,0.95,299.7,3233,2991,1733,1425,676.6,11.6,271,14255,0.12,2.10,0.00,0.000,5126,0.142,0.030,3203,1604,1579,1734,1425,0,0,0,0,0,0,25.87,26.14,26.03,8.55,60.00
$GC,14611,0.95,299.7,3203,1604,1734,1425,633.0,10.5,276,14615,0.00,2.15,0.00,0.000,260,0.000,0.036,3203,2998,1579,1734,1425,0,0,0,0,0,0,26.60,26.15,26.61,8.54,60.51
$GC,14699,0.95,299.7,3203,2998,1734,1425,623.2,10.8,277,14703,0.00,2.10,0.00,0.000,1030,0.000,0.031,3206,1608,1579,1734,1425,0,0,0,0,0,0,26.29,26.20,26.32,8.55,60.51
$GC,15017,0.95,299.7,3206,1608,1734,1424,588.3,10.8,281,15022,0.00,2.12,0.00,0.000,260,0.000,0.036,3207,2992,1579,1734,1425,0,0,0,0,0,0,26.64,26.16,26.65,8.55,60.78
$GC,15065,0.95,299.7,3206,2992,1734,1425,588.3,10.8,281,15069,0.00,2.10,0.00,0.000,1030,0.000,0.031,3206,1604,1579,1734,1424,0,0,0,0,0,0,26.29,26.21,26.32,8.55,60.15
$GC,15423,0.95,299.7,3205,1604,1734,1425,545.8,10.3,286,15428,0.00,2.15,0.00,0.000,260,0.000,0.036,3206,3001,1579,1734,1425,0,0,0,0,0,0,26.65,26.15,26.66,8.55,60.59
$GC,15515,0.95,299.7,3206,3001,1733,1424,536.4,10.4,287,15519,0.00,2.12,0.00,0.000,1030,0.000,0.031,3206,1597,1579,1734,1424,0,0,0,0,0,0,26.29,26.20,26.32,8.56,60.98
$GC,15828,0.95,299.7,3206,1597,1734,1424,504.1,10.0,291,15832,0.00,2.15,0.00,0.000,260,0.000,0.036,3207,2991,1579,1734,1424,0,0,0,0,0,0,26.65,26.14,26.66,8.56,61.14
$GC,15889,0.95,299.7,3206,2991,1733,1425,504.1,10.0,291,15893,0.00,2.10,0.00,0.000,1030,0.000,0.031,3207,1604,1578,1733,1424,0,0,0,0,0,0,26.28,26.19,26.32,8.56,60.78
$GC,16232,0.95,299.7,3206,1604,1733,1424,462.5,10.2,296,16237,0.00,2.15,0.00,0.000,260,0.000,0.037,3207,2993,1579,1734,1424,0,0,0,0,0,0,26.65,26.13,26.66,8.56,60.51
$GC,16289,0.95,299.7,3206,2994,1734,1424,462.5,10.2,296,16293,0.00,2.10,0.00,0.000,1030,0.000,0.031,3206,1603,1578,1733,1424,0,0,0,0,0,0,26.27,26.18,26.30,8.56,60.98
$GC,16637,0.95,299.7,3206,1603,1734,1424,420.5,10.2,301,16641,0.00,2.15,0.00,0.000,260,0.000,0.037,3206,2997,1579,1734,1425,0,0,0,0,0,0,26.65,26.11,26.67,8.57,60.39
$GC,16689,0.95,299.7,3206,2997,1733,1424,420.5,10.2,301,16693,0.00,2.10,0.00,0.000,1030,0.000,0.031,3206,1604,1579,1734,1424,0,0,0,0,0,0,26.26,26.17,26.29,8.56,60.27
$GC,17042,0.95,299.7,3205,1604,1734,1424,377.8,10.5,306,17046,0.00,2.17,0.00,0.000,260,0.000,0.036,3206,2995,1579,1734,1424,0,0,0,0,0,0,26.65,26.10,26.67,8.57,59.76
$GC,17140,0.95,299.7,3206,2995,1734,1424,368.1,10.8,307,17144,0.00,2.10,0.00,0.000,1030,0.000,0.030,3206,1604,1579,1734,1425,0,0,0,0,0,0,26.25,26.17,26.29,8.55,60.04
$GC,17448,0.95,299.7,3206,1605,1734,1424,333.4,10.7,311,17452,0.00,2.15,0.00,0.000,260,0.000,0.037,3206,3001,1579,1734,1425,0,0,0,0,0,0,26.65,26.08,26.66,8.57,59.88
$GC,17531,0.95,299.7,3206,3001,1734,1425,323.9,10.8,312,17535,0.00,2.10,0.00,0.000,1030,0.000,0.030,3206,1604,1579,1734,1425,0,0,0,0,0,0,26.25,26.15,26.27,8.57,59.88
$GC,17855,0.95,299.7,3206,1604,1734,1425,290.2,10.4,316,17859,0.00,2.15,0.00,0.000,260,0.000,0.037,3206,2998,1579,1734,1424,0,0,0,0,0,0,26.65,26.08,26.66,8.58,59.84
$GC,17951,0.95,299.7,3207,2998,1734,1425,281.0,10.6,317,17956,0.00,2.10,0.00,0.000,1030,0.000,0.030,3206,1602,1579,1734,1425,0,0,0,0,0,0,26.24,26.15,26.27,8.57,59.25
$GC,18261,0.96,306.0,3206,1601,1734,1425,249.6,9.7,321,18273,0.00,2.17,6.28,0.717,8452,0.000,0.035,3206,3001,1553,1711,1396,0,0,0,0,0,0,26.65,24.89,24.13,8.57,59.41
$GC,18337,0.97,317.2,3206,3001,1710,1397,242.1,9.5,322,18353,0.00,2.12,11.02,0.806,9222,0.000,0.029,3206,1598,1512,1672,1352,0,0,0,0,0,0,26.19,26.10,24.35,8.57,59.41
$GC,18660,1.04,334.7,3206,1598,1669,1348,212.5,9.2,326,18683,0.00,2.22,15.93,0.819,8452,0.000,0.035,3207,2991,1438,1604,1273,0,0,0,0,0,0,26.53,25.51,24.45,8.57,59.56
$GC,18763,1.12,346.4,3206,2991,1604,1273,204.1,9.5,327,18780,0.10,2.12,11.32,0.776,11270,0.080,0.029,3290,1601,1392,1560,1224,0,0,0,0,0,0,25.91,25.93,24.36,8.57,58.46
$GC,19094,1.12,346.4,3290,1601,1558,1222,158.0,12.9,342,19103,0.10,2.17,0.00,0.000,4612,0.147,0.047,3268,237,1389,1558,1221,0,0,0,0,0,0,26.01,25.90,26.08,8.58,58.54
$GC,19248,1.12,346.4,3267,238,1558,1222,141.7,10.6,349,19252,0.00,2.05,0.00,0.000,1030,0.000,0.025,3268,1613,1390,1558,1222,0,0,0,0,0,0,26.21,26.14,26.23,8.58,59.25
$GC,19562,1.14,365.1,3267,1613,1558,1222,111.5,9.1,365,19583,0.00,2.20,16.27,0.751,8964,0.000,0.047,3278,233,1313,1486,1141,0,0,0,0,0,0,26.60,25.60,24.60,8.61,60.23
$GC,19740,1.19,417.1,3278,233,1485,1142,98.8,7.6,373,19807,0.00,2.05,50.90,0.746,9222,0.000,0.025,3278,1616,1104,1257,951,0,0,0,0,1,0,26.14,26.07,24.23,8.66,59.96
$GC,20108,1.27,437.4,3277,1616,1256,952,63.3,9.1,392,20147,0.00,2.12,24.52,0.660,8452,0.000,0.037,3278,2989,1018,1146,891,0,0,0,0,1,0,26.40,25.42,24.53,8.73,60.12
$GC,20201,1.30,472.2,3278,2989,1146,892,56.1,8.4,396,20240,0.00,2.10,34.00,0.691,9222,0.000,0.027,3287,1600,879,976,783,0,0,0,0,0,0,25.92,25.84,24.34,8.75,58.66
$GC,20552,1.44,501.2,3287,1600,970,780,24.1,8.7,428,20582,0.15,2.12,19.58,0.614,10500,0.057,0.032,3404,2984,757,834,680,0,0,0,0,0,0,26.17,25.19,24.70,8.80,56.53
$GC,20621,1.36,501.2,3403,2984,835,681,16.1,13.0,434,20632,0.25,2.08,0.00,0.000,5126,0.138,0.027,3338,1603,757,835,680,0,0,0,0,0,0,25.50,25.89,25.70,8.81,55.78
$STATE,20729,end climb,SURFACE_DEPTH_REACHED
$STATE,20730,begin surface coast
$FINISH,0.2,1.022378
$STATE,20753,end surface coast,CONTROL_FINISHED_OK
$STATE,20753,begin surface
$SM_CCo,20773,36.42,0.052,0,0,499,565.66
$SM_GC,-0.22,8.02,0.75,36.42,0.026,0.031,0.052,177,2113,499,-8.33,-1.78,565.66,0,0,0,0,0,0,26.13,26.06,25.89
$IRIDIUM_FIX,601.06,-14110.25,090225,171011
$TT8_MAMPS,0.026964,0.391727
$HUMID,53.26
$INTERNAL_PRESSURE,8.77115
$TCM_TEMP,20.50
$XPDR_PINGS,0
$ALTIM_TOP_PING,19.2,19.1
$24V_AH,23.12,50.263
$10V_AH,9.78,37.591
$FG_AHR_24Vo,0.000
$FG_AHR_10Vo,0.000
$DEVICES,Pitch_motor,Roll_motor,VBD_pump_during_apogee,VBD_pump_during_surface,VBD_valve,Iridium_during_init,Iridium_during_connect,Iridium_during_xfer,Transponder_ping,GUMSTIX_24V,GPS,TT8,LPSleep,TT8_Active,TT8_Sampling,TT8_CF8,TT8_Kalman,Analog_circuits,GPS_charging,Compass,RAFOS,Transponder,Compass2
$DEVICE_SECS,21.475,195.075,611.550,36.425,0.000,0.000,0.000,227.850,0.250,0.000,26.161,2268.900,14986.886,706.931,2829.231,384.005,0.000,2358.760,0.000,2374.583,0.000,2.763,0.000
$DEVICE_MAMPS,202.725,50.490,1347.165,52.020,0.000,0.000,0.000,86.445,420.000,0.000,30.710,15.210,2.190,15.210,43.670,53.410,0.000,14.000,0.000,8.240,0.000,30.000,0.000
$SENSORS,SBE_CT,WL_blue_red_Chl,AA4330,nil,nil,nil,nil,nil,nil,nil
$SENSOR_SECS,386.055,276.284,606.922,0.000,0.000,0.000,0.000,0.000,0.000,0.000
$SENSOR_MAMPS,22.470,105.000,11.230,0.000,0.000,0.000,0.000,0.000,0.000,0.000
$MEM,311792
$DATA_FILE_SIZE,34884,447
$CAP_FILE_SIZE,187427,0
$CFSIZE,2097872896,2052947968
$ERRORS,0,0,0,0,0,0,0,0,0,0,0,0,0,2,2,0
$CURRENT,0.094,62.25,1
$GPS,270605,045729,601.389,-14110.326,38,1.1,62,9.2,0.8,274.4,8,4.9
