version: 66.14
glider: 195
mission: 21
dive: 622
start: 9 17 105 3 1 36
data:
$ID,195
$MISSION,21
$DIVE,622
$N_DIVES,0
$STOP_T,0
$D_SURF,3
$D_FLARE,2
$D_TGT,990
$D_ABORT,1090
$D_NO_BLEED,50
$D_BOOST,3
$T_BOOST,0
$D_FINISH,0
$D_PITCH,0
$D_SAFE,0
$D_CALL,0
$SURFACE_URGENCY,0
$SURFACE_URGENCY_TRY,0
$SURFACE_URGENCY_FORCE,0
$T_DIVE,330
$T_MISSION,600
$T_ABORT,1440
$T_TURN,300
$T_TURN_SAMPINT,5
$T_NO_W,120
$T_LOITER,0
$T_SLOITER,60
$T_EPIRB,0
$USE_BATHY,0
$USE_ICE,0
$ICE_FREEZE_MARGIN,0.30000001
$D_OFFGRID,990
$T_WATCHDOG,10
$RELAUNCH,1
$APOGEE_PITCH,-8
$MAX_BUOY,150
$COURSE_BIAS,0
$GLIDE_SLOPE,30
$SPEED_FACTOR,1
$RHO,1.023
$MASS,54002
$MASS_COMP,0
$NAV_MODE,2
$FERRY_MAX,45
$KALMAN_USE,2
$HD_A,0.0038000001
$HD_B,0.0099999998
$HD_C,9.8500004e-06
$HEADING,-1
$ESCAPE_HEADING,0
$ESCAPE_HEADING_DELTA,10
$FIX_MISSING_TIMEOUT,0
$TGT_DEFAULT_LAT,4736
$TGT_DEFAULT_LON,-12225
$TGT_AUTO_DEFAULT,0
$SM_CC,300
$N_FILEKB,4
$FILEMGR,0
$CALL_NDIVES,1
$COMM_SEQ,0
$PROTOCOL,9
$N_NOCOMM,1
$NOCOMM_ACTION,0
$N_NOSURFACE,0
$UPLOAD_DIVES_MAX,-1
$CALL_TRIES,5
$CALL_WAIT,60
$CAPUPLOAD,0
$CAPMAXSIZE,200000
$HEAPDBG,0
$T_GPS,15
$N_GPS,50840
$T_RSLEEP,2
$STROBE,0
$RAFOS_PEAK_OFFSET,1.5
$RAFOS_CORR_THRESH,60
$RAFOS_HIT_WINDOW,3600
$RAFOS_MMODEM,0
$PITCH_MIN,207
$PITCH_MAX,3915
$C_PITCH,2884
$PITCH_DBAND,0.1
$PITCH_CNV,0.003125763
$P_OVSHOOT,0.039999999
$P_OVSHOOT_WITHG,0.079999998
$PITCH_GAIN,19.15
$PITCH_TIMEOUT,17
$PITCH_AD_RATE,160
$PITCH_MAXERRORS,1
$PITCH_ADJ_GAIN,0.02
$PITCH_ADJ_DBAND,2.5
$ROLL_MIN,224
$ROLL_MAX,3758
$ROLL_DEG,40
$C_ROLL_DIVE,1800
$C_ROLL_CLIMB,2250
$HEAD_ERRBAND,10
$ROLL_CNV,0.028270001
$ROLL_TIMEOUT,15
$R_PORT_OVSHOOT,68
$R_STBD_OVSHOOT,47
$ROLL_AD_RATE,350
$ROLL_MAXERRORS,2
$ROLL_ADJ_GAIN,0
$ROLL_ADJ_DBAND,0
$VBD_MIN,500
$VBD_MAX,3960
$C_VBD,2806
$VBD_DBAND,2
$VBD_CNV,-0.24529999
$VBD_LP_IGNORE,0
$VBD_TIMEOUT,720
$PITCH_VBD_SHIFT,0.001
$VBD_PUMP_AD_RATE_SURFACE,5
$VBD_PUMP_AD_RATE_APOGEE,4
$VBD_BLEED_AD_RATE,8
$UNCOM_BLEED,60
$VBD_MAXERRORS,1
$W_ADJ_DBAND,0
$DBDW,0
$PITCH_W_GAIN,0
$PITCH_W_DBAND,0
$CF8_MAXERRORS,5
$AH0_24V,150
$AH0_10V,97
$MINV_24V,19
$MINV_10V,8
$MAXI_24V,0.80000001
$MAXI_10V,0.60000002
$FG_AHR_10V,0
$FG_AHR_24V,0
$PHONE_SUPPLY,-2
$PRESSURE_YINT,-49.397121
$PRESSURE_SLOPE,0.0001168043
$AD7714Ch0Gain,128
$TCM_PITCH_OFFSET,0
$TCM_ROLL_OFFSET,0
$COMPASS_USE,4
$ALTIM_BOTTOM_PING_RANGE,0
$ALTIM_TOP_PING_RANGE,20
$ALTIM_BOTTOM_TURN_MARGIN,0
$ALTIM_TOP_TURN_MARGIN,0
$ALTIM_TOP_MIN_OBSTACLE,1
$ALTIM_PING_DEPTH,0
$ALTIM_PING_DELTA,0
$ALTIM_FREQUENCY,13
$ALTIM_PULSE,3
$ALTIM_SENSITIVITY,3
$XPDR_VALID,5
$XPDR_INHIBIT,90
$INT_PRESSURE_SLOPE,0.0097660003
$INT_PRESSURE_YINT,-0.77999997
$DEEPGLIDER,0
$MOTHERBOARD,4
$DEVICE1,2
$DEVICE2,115
$DEVICE3,101
$DEVICE4,-1
$DEVICE5,-1
$DEVICE6,-1
$LOGGERS,0
$LOGGERDEVICE1,-1
$LOGGERDEVICE2,-1
$LOGGERDEVICE3,-1
$LOGGERDEVICE4,-1
$COMPASS_DEVICE,33
$COMPASS2_DEVICE,-1
$PHONE_DEVICE,49
$GPS_DEVICE,32
$RAFOS_DEVICE,-1
$XPDR_DEVICE,24
$SIM_W,0
$SIM_PITCH,0
$SEABIRD_T_G,0.0044178674
$SEABIRD_T_H,0.00064818078
$SEABIRD_T_I,2.6779007e-05
$SEABIRD_T_J,3.3667231e-06
$SEABIRD_C_G,-10.098215
$SEABIRD_C_H,1.1454017
$SEABIRD_C_I,-0.0021276253
$SEABIRD_C_J,0.00025532115
$SEABIRD_C_Z,2974.52
$GPS1,170905,025324,833.2976,-14300.6348,42,0.8,61,9.3,0.4,208.9,9,4.4
$_CALLS,1
$_XMS_NAKs,0
$_XMS_TOUTs,0
$_SM_DEPTHo,0.21
$_SM_ANGLEo,-60.3
$GPS2,170905,030056,833.3034,-14300.6807,7,0.8,28,9.3,0.3,26.0,10,4.5
$SPEED_LIMITS,0.173,0.262
$TGT_NAME,TX2
$TGT_LATLONG,1145.000,-14800.000
$TGT_RADIUS,10000.000
$KALMAN_CONTROL,0.000000,0.000000
$KALMAN_X,0.000000,0.000000,0.000000,0.000000,0.000000
$KALMAN_Y,0.000000,0.000000,0.000000,0.000000,0.000000
$MHEAD_RNG_PITCHd_Wd,273.9,648529,-18.1,-10.000,-20.93,2235
$D_GRID,990
$GCHEAD,st_secs,pitch_ctl,vbd_ctl,pitch_ad_start,roll_ad_start,vbd_pot1_ad_start,vbd_pot2_ad_start,depth,ob_vertv,data_pts,end_secs,pitch_secs,roll_secs,vbd_secs,vbd_i,gcphase,pitch_i,roll_i,pitch_ad,roll_ad,vbd_ad,vbd_pot1_ad,vbd_pot2_ad,pitch_retries,pitch_errors,roll_retries,roll_errors,vbd_retries,vbd_errors,pitch_volts,roll_volts,vbd_volts,int_press,humidity
$STATE,6,end surface,CONTROL_FINISHED_OK
$STATE,6,begin dive
$GC,75,-1.09,-146.6,149,1793,938,769,0.2,-0.2,6,143,0.00,0.00,-65.95,0.000,16386,0.000,0.000,148,1794,2554,2569,2539,0,0,0,0,0,0,26.32,28.83,26.32,8.80,55.00
$GC,147,-1.09,-146.6,148,1794,2571,2539,2.1,-3.7,13,186,9.30,2.20,-20.58,0.000,18692,0.201,0.047,2521,3201,3405,3427,3384,0,0,0,0,0,0,24.71,25.24,25.08,8.99,55.00
$GC,265,-0.98,-146.6,2520,3201,3431,3384,18.6,-15.0,24,273,0.15,2.05,0.00,0.000,3078,0.137,0.021,2565,1793,3407,3431,3384,0,0,0,0,0,0,25.35,25.84,25.46,9.07,54.33
$GC,452,-0.98,-146.6,2565,1793,3432,3384,43.2,-12.4,43,456,0.00,2.12,0.00,0.000,516,0.000,0.036,2566,426,3408,3432,3384,0,0,0,0,0,0,26.40,25.53,26.41,9.09,54.80
$GC,498,-0.92,-146.6,2565,424,3432,3384,49.0,-13.4,47,507,0.10,2.05,0.00,0.000,3078,0.144,0.022,2588,1814,3408,3432,3384,0,0,0,0,0,0,25.51,25.84,25.58,9.09,54.56
$GC,686,-0.92,-146.6,2588,1814,3433,3384,71.5,-12.0,57,687,0.00,0.00,0.00,0.000,6,0.000,0.000,2588,1814,3408,3433,3384,0,0,0,0,0,0,26.42,26.43,26.43,9.11,55.51
$GC,866,-0.92,-146.6,2588,1814,3435,3384,87.1,-6.6,66,870,0.00,2.12,0.00,0.000,260,0.000,0.036,2581,3192,3409,3435,3384,0,0,0,0,0,0,26.43,25.55,26.43,9.12,55.04
$GC,1057,-0.92,-146.6,2580,3192,3438,3385,98.4,-7.2,75,1062,0.00,2.05,0.00,0.000,1030,0.000,0.020,2580,1799,3411,3438,3384,0,0,0,0,0,0,25.93,25.91,25.95,9.11,54.41
$GC,1254,-0.92,-146.6,2580,1800,3441,3384,112.0,-6.5,85,1258,0.00,2.12,0.00,0.000,516,0.000,0.034,2581,427,3412,3441,3384,0,0,0,0,0,0,26.44,25.56,26.44,9.10,54.17
$GC,1277,-0.92,-146.6,2580,427,3441,3384,113.6,-6.6,86,1281,0.00,2.03,0.00,0.000,1030,0.000,0.021,2571,1809,3412,3441,3384,0,0,0,0,0,0,25.94,25.89,25.96,9.09,54.09
$GC,1483,-0.92,-146.6,2570,1808,3443,3384,128.0,-7.4,96,1488,0.00,2.12,0.00,0.000,260,0.000,0.035,2561,3193,3413,3443,3384,0,0,0,0,0,0,26.44,25.57,26.45,9.07,54.68
$GC,1617,-0.92,-146.6,2560,3193,3444,3385,136.9,-7.0,102,1621,0.00,2.03,0.00,0.000,1030,0.000,0.020,2561,1787,3414,3444,3385,0,0,0,0,0,0,25.96,25.91,25.98,9.06,53.89
$GC,1812,-0.92,-146.6,2560,1788,3444,3385,149.7,-6.3,112,1816,0.00,2.10,0.00,0.000,516,0.000,0.034,2561,430,3414,3444,3385,0,0,0,0,0,0,26.44,25.56,26.45,9.04,54.48
$GC,1856,-0.92,-146.6,2561,430,3444,3385,152.9,-6.7,114,1863,0.12,2.03,0.00,0.000,3078,0.137,0.021,2591,1809,3414,3444,3385,0,0,0,0,0,0,25.48,25.89,25.57,9.04,54.56
$GC,2058,-0.92,-146.6,2590,1810,3445,3385,165.8,-6.8,124,2062,0.00,2.15,0.00,0.000,260,0.000,0.036,2583,3177,3415,3445,3385,0,0,0,0,0,0,26.44,25.57,26.45,9.03,54.64
$GC,2215,-0.92,-146.6,2582,3177,3445,3385,176.2,-7.4,131,2223,0.00,1.98,0.00,0.000,1030,0.000,0.021,2583,1802,3414,3445,3384,0,0,0,0,0,0,25.96,25.91,25.98,9.01,55.19
$GC,2402,-0.92,-146.6,2583,1802,3446,3384,190.4,-7.1,141,2406,0.00,2.15,0.00,0.000,516,0.000,0.035,2583,418,3415,3446,3385,0,0,0,0,0,0,26.45,25.55,26.46,9.00,55.82
$GC,2459,-0.92,-146.6,2583,417,3446,3385,193.4,-7.0,143,2466,0.00,2.03,0.00,0.000,1030,0.000,0.022,2573,1801,3415,3445,3385,0,0,0,0,0,0,25.94,25.89,25.97,9.00,55.55
$GC,2646,-0.92,-146.6,2573,1800,3445,3384,206.4,-6.5,151,2650,0.00,2.17,0.00,0.000,260,0.000,0.036,2564,3182,3415,3445,3385,0,0,0,0,0,0,26.45,25.57,26.46,8.99,56.49
$GC,2800,-0.92,-146.6,2563,3182,3445,3385,214.3,-6.3,154,2805,0.00,2.00,0.00,0.000,1030,0.000,0.021,2564,1801,3415,3445,3385,0,0,0,0,0,0,25.96,25.90,25.98,8.98,56.30
$GC,3014,-0.92,-146.6,2563,1802,3446,3385,230.6,-6.9,160,3019,0.00,2.17,0.00,0.000,516,0.000,0.036,2563,433,3415,3445,3385,0,0,0,0,0,0,26.46,25.54,26.46,8.97,57.20
$GC,3041,-0.92,-146.6,2563,433,3445,3384,230.6,-6.9,160,3047,0.10,2.03,0.00,0.000,3078,0.147,0.022,2585,1802,3414,3445,3384,0,0,0,0,0,0,25.53,25.88,25.61,8.97,57.40
$GC,3262,-0.92,-146.6,2585,1802,3445,3384,247.7,-7.0,166,3267,0.00,2.15,0.00,0.000,260,0.000,0.037,2577,3190,3414,3445,3384,0,0,0,0,0,0,26.46,25.56,26.46,8.95,57.36
$GC,3406,-0.92,-146.6,2577,3190,3444,3384,257.0,-7.4,169,3411,0.00,2.03,0.00,0.000,1030,0.000,0.021,2578,1796,3414,3444,3384,0,0,0,0,0,0,25.95,25.89,25.97,8.95,58.07
$GC,3632,-0.92,-146.6,2577,1797,3445,3384,276.4,-8.0,175,3633,0.00,0.00,0.00,0.000,6,0.000,0.000,2577,1796,3414,3444,3384,0,0,0,0,0,0,26.46,26.47,26.46,8.94,57.75
$GC,3831,-0.92,-146.6,2577,1797,3444,3384,292.0,-7.7,180,3835,0.00,2.15,0.00,0.000,516,0.000,0.036,2577,424,3414,3444,3384,0,0,0,0,0,0,26.46,25.52,26.47,8.94,58.66
$GC,3853,-0.92,-146.6,2577,424,3444,3384,292.0,-7.7,180,3857,0.00,2.05,0.00,0.000,1030,0.000,0.022,2569,1806,3414,3444,3384,0,0,0,0,0,0,25.93,25.86,25.95,8.94,58.86
$GC,4077,-0.92,-146.6,2568,1806,3443,3384,310.4,-7.5,186,4080,0.00,2.17,0.00,0.000,260,0.000,0.037,2559,3193,3414,3444,3384,0,0,0,0,0,0,26.46,25.55,26.46,8.93,58.74
$GC,4263,-0.92,-146.6,2558,3193,3442,3384,322.3,-7.3,190,4268,0.00,2.03,0.00,0.000,1030,0.000,0.021,2559,1803,3413,3442,3384,0,0,0,0,0,0,25.94,25.89,25.96,8.92,59.56
$GC,4482,-0.92,-146.6,2558,1802,3442,3384,338.9,-6.9,196,4484,0.00,0.00,0.00,0.000,6,0.000,0.000,2559,1802,3413,3442,3385,0,0,0,0,0,0,26.46,26.47,26.47,8.91,59.05
$GC,4684,-0.92,-146.6,2558,1802,3441,3384,352.4,-6.7,201,4687,0.10,0.00,0.00,0.000,2054,0.142,0.000,2590,1802,3412,3441,3384,0,0,0,0,0,0,25.98,26.03,26.01,8.91,59.80
$GC,4883,-0.99,-146.6,2589,1803,3440,3384,365.8,-6.8,206,4887,0.00,2.17,0.00,0.000,260,0.000,0.037,2582,3184,3412,3440,3384,0,0,0,0,0,0,26.46,25.53,26.46,8.90,60.04
$GC,4935,-1.06,-146.6,2582,3185,3438,3384,368.8,-6.8,207,4940,0.08,2.03,0.00,0.000,5126,0.090,0.022,2494,1800,3412,3439,3385,0,0,0,0,0,0,25.79,25.87,25.86,8.90,60.39
$GC,5130,-1.00,-146.6,2493,1800,3437,3384,384.6,-7.9,212,5137,0.20,2.17,0.00,0.000,2564,0.124,0.037,2557,419,3410,3437,3384,0,0,0,0,0,0,25.64,25.47,25.71,8.90,60.08
$GC,5196,-1.00,-146.6,2556,418,3437,3384,387.7,-7.9,213,5201,0.00,2.08,0.00,0.000,1030,0.000,0.024,2550,1810,3410,3437,3384,0,0,0,0,0,0,25.91,25.84,25.93,8.89,60.00
$GC,5415,-1.00,-146.6,2549,1810,3435,3384,405.1,-7.1,219,5420,0.00,2.20,0.00,0.000,260,0.000,0.037,2539,3192,3409,3435,3384,0,0,0,0,0,0,26.46,25.53,26.47,8.89,60.35
$GC,5570,-1.00,-146.6,2539,3192,3433,3384,414.0,-7.2,222,5574,0.00,2.05,0.00,0.000,1030,0.000,0.022,2539,1798,3408,3433,3384,0,0,0,0,0,0,25.93,25.86,25.95,8.88,60.27
$GC,5783,-1.00,-146.6,2539,1798,3432,3384,431.6,-7.2,228,5789,0.00,2.20,0.00,0.000,516,0.000,0.037,2539,426,3408,3432,3384,0,0,0,0,0,0,26.46,25.48,26.47,8.87,60.51
$GC,5836,-1.00,-146.6,2538,426,3432,3384,434.9,-7.3,229,5843,0.10,2.05,0.00,0.000,3078,0.141,0.024,2560,1799,3408,3432,3384,0,0,0,0,0,0,25.52,25.84,25.60,8.88,60.51
$GC,6029,-1.00,-146.6,2560,1799,3431,3384,448.6,-6.9,234,6034,0.00,2.17,0.00,0.000,260,0.000,0.037,2552,3192,3407,3431,3384,0,0,0,0,0,0,26.46,25.52,26.47,8.87,60.59
$GC,6142,-1.00,-146.6,2552,3191,3431,3383,454.8,-6.9,236,6146,0.00,2.05,0.00,0.000,1030,0.000,0.022,2552,1799,3407,3431,3384,0,0,0,0,0,0,25.91,25.86,25.94,8.87,60.59
$GC,6358,-1.00,-146.6,2552,1799,3430,3382,473.1,-7.8,242,6362,0.00,2.17,0.00,0.000,516,0.000,0.037,2553,423,3406,3431,3382,0,0,0,0,0,0,26.46,25.45,26.47,8.86,61.45
$GC,6402,-1.00,-146.6,2552,421,3431,3382,477.2,-8.1,243,6406,0.00,2.08,0.00,0.000,1030,0.000,0.024,2543,1809,3406,3431,3382,0,0,0,0,0,0,25.89,25.82,25.91,8.86,61.18
$GC,6606,-1.00,-146.6,2542,1809,3431,3381,495.4,-9.1,248,6610,0.00,2.15,0.00,0.000,260,0.000,0.037,2533,3190,3406,3431,3381,0,0,0,0,0,0,26.46,25.51,26.48,8.86,61.10
$GC,6639,-1.00,-146.6,2533,3190,3430,3381,495.4,-9.1,248,6643,0.00,2.05,0.00,0.000,1030,0.000,0.022,2533,1800,3405,3430,3381,0,0,0,0,0,0,25.91,25.84,25.93,8.86,60.90
$GC,6853,-1.00,-146.6,2532,1799,3430,3380,517.6,-9.0,254,6857,0.00,2.17,0.00,0.000,516,0.000,0.038,2533,420,3405,3430,3380,0,0,0,0,0,0,26.47,25.44,26.47,8.85,61.22
$GC,6944,-1.00,-146.6,2532,418,3430,3380,525.0,-8.9,256,6950,0.12,2.08,0.00,0.000,3078,0.136,0.024,2563,1805,3404,3429,3380,0,0,0,0,0,0,25.42,25.81,25.51,8.85,60.67
$GC,7140,-1.05,-146.6,2562,1805,3429,3379,540.2,-7.3,261,7144,0.00,2.17,0.00,0.000,260,0.000,0.037,2555,3190,3404,3429,3379,0,0,0,0,0,0,26.46,25.49,26.48,8.85,61.14
$GC,7167,-1.10,-146.6,2555,3192,3430,3379,540.2,-7.3,261,7171,0.00,2.08,0.00,0.000,1030,0.000,0.023,2555,1793,3404,3429,3379,0,0,0,0,0,0,25.89,25.83,25.92,8.84,61.34
$GC,7385,-1.10,-146.6,2554,1793,3428,3379,555.9,-6.4,267,7390,0.00,2.20,0.00,0.000,516,0.000,0.039,2555,424,3403,3428,3378,0,0,0,0,0,0,26.46,25.42,26.47,8.85,61.10
$GC,7422,-1.10,-146.6,2555,424,3428,3378,555.9,-6.4,267,7430,0.00,2.10,0.00,0.000,1030,0.000,0.024,2546,1797,3402,3427,3378,0,0,0,0,0,0,25.83,25.81,25.85,8.84,62.04
$GC,7630,-1.10,-146.6,2545,1796,3427,3377,570.7,-6.1,273,7634,0.00,2.20,0.00,0.000,260,0.000,0.037,2536,3198,3402,3427,3377,0,0,0,0,0,0,26.46,25.49,26.48,8.84,61.49
$GC,7687,-1.10,-146.6,2535,3197,3426,3377,573.4,-6.1,274,7691,0.00,2.10,0.00,0.000,1030,0.000,0.023,2536,1801,3402,3427,3377,0,0,0,0,0,0,25.85,25.82,25.87,8.84,61.77
$GC,7876,-1.10,-146.6,2535,1801,3426,3377,585.9,-6.2,279,7881,0.00,2.20,0.00,0.000,516,0.000,0.039,2536,413,3401,3426,3377,0,0,0,0,0,0,26.46,25.41,26.47,8.83,61.49
$GC,7948,-1.10,-146.6,2535,413,3426,3377,589.0,-6.5,280,7952,0.00,2.10,0.00,0.000,1030,0.000,0.024,2527,1809,3401,3426,3377,0,0,0,0,0,0,25.86,25.79,25.89,8.83,61.53
$GC,8163,-1.10,-146.6,2526,1809,3425,3376,605.3,-6.8,286,8164,0.00,0.00,0.00,0.000,6,0.000,0.000,2527,1809,3400,3424,3376,0,0,0,0,0,0,26.46,26.48,26.47,8.83,62.32
$GC,8364,-1.10,-146.6,2526,1809,3424,3376,619.5,-7.1,291,8370,0.00,2.20,0.00,0.000,516,0.000,0.038,2526,418,3400,3424,3376,0,0,0,0,0,0,26.46,25.41,26.48,8.82,62.16
$GC,8428,-1.10,-146.6,2526,418,3424,3376,622.7,-7.2,292,8432,0.00,2.10,0.00,0.000,1030,0.000,0.024,2517,1809,3400,3424,3376,0,0,0,0,0,0,25.84,25.78,25.87,8.81,61.81
$GC,8646,-1.10,-146.6,2517,1809,3423,3376,640.8,-7.6,298,8650,0.00,2.17,0.00,0.000,260,0.000,0.038,2506,3189,3399,3423,3375,0,0,0,0,0,0,26.47,25.46,26.48,8.81,62.08
$GC,8732,-1.10,-146.6,2506,3190,3422,3375,647.2,-7.5,300,8737,0.00,2.08,0.00,0.000,1030,0.000,0.024,2507,1791,3398,3422,3374,0,0,0,0,0,0,25.86,25.80,25.89,8.81,62.67
$GC,8932,-1.10,-146.6,2506,1791,3422,3374,661.8,-7.3,305,8936,0.00,2.17,0.00,0.000,516,0.000,0.039,2507,420,3398,3422,3374,0,0,0,0,0,0,26.46,25.38,26.47,8.81,62.60
$GC,8993,-1.10,-146.6,2506,420,3422,3374,665.2,-7.3,306,9001,0.10,2.08,0.00,0.000,3078,0.149,0.025,2527,1799,3398,3422,3374,0,0,0,0,0,0,25.41,25.77,25.50,8.81,61.89
$GC,9215,-1.10,-146.6,2526,1798,3422,3373,681.2,-6.6,312,9220,0.00,2.17,0.00,0.000,260,0.000,0.038,2519,3190,3397,3421,3373,0,0,0,0,0,0,26.46,25.44,26.47,8.80,61.85
$GC,9293,-1.10,-146.6,2519,3190,3421,3372,684.1,-6.5,313,9300,0.00,2.08,0.00,0.000,1030,0.000,0.024,2519,1791,3397,3421,3373,0,0,0,0,0,0,25.86,25.79,25.88,8.80,62.60
$GC,9500,-1.10,-146.6,2519,1791,3421,3372,698.6,-6.1,319,9504,0.00,2.20,0.00,0.000,516,0.000,0.040,2519,412,3396,3421,3372,0,0,0,0,0,0,26.46,25.35,26.47,8.79,62.75
$GC,9537,-1.10,-146.6,2519,411,3421,3372,698.6,-6.1,319,9545,0.00,2.10,0.00,0.000,1030,0.000,0.025,2509,1808,3396,3421,3372,0,0,0,0,0,0,25.82,25.75,25.85,8.79,62.48
$GC,9744,-1.10,-146.6,2509,1808,3420,3371,714.5,-6.6,325,9748,0.00,2.17,0.00,0.000,260,0.000,0.038,2499,3189,3395,3420,3371,0,0,0,0,0,0,26.46,25.43,26.47,8.79,62.87
$GC,9806,-1.10,-146.6,2499,3190,3420,3371,717.4,-6.6,326,9810,0.00,2.08,0.00,0.000,1030,0.000,0.024,2499,1795,3395,3420,3371,0,0,0,0,0,0,25.84,25.78,25.86,8.79,62.40
$GC,10030,-1.10,-146.6,2498,1795,3420,3370,735.1,-7.5,332,10031,0.00,0.00,0.00,0.000,6,0.000,0.000,2499,1795,3394,3419,3370,0,0,0,0,0,0,26.46,26.48,26.47,8.79,62.71
$GC,10230,-1.10,-146.6,2499,1795,3420,3370,751.4,-8.2,337,10235,0.00,2.20,0.00,0.000,260,0.000,0.038,2488,3189,3394,3419,3369,0,0,0,0,0,0,26.46,25.41,26.47,8.79,62.99
$GC,10277,-1.10,-146.6,2488,3189,3419,3369,755.2,-8.4,338,10282,0.10,2.10,0.00,0.000,3078,0.131,0.024,2533,1800,3394,3419,3369,0,0,0,0,0,0,25.24,25.77,25.34,8.78,62.71
$GC,10477,-1.10,-146.6,2532,1800,3419,3369,772.0,-8.5,343,10482,0.00,2.20,0.00,0.000,516,0.000,0.041,2533,417,3394,3419,3369,0,0,0,0,0,0,26.46,25.31,26.48,8.78,62.83
$GC,10545,-1.10,-146.6,2533,417,3419,3369,776.0,-8.6,344,10549,0.00,2.10,0.00,0.000,1030,0.000,0.025,2527,1804,3394,3419,3369,0,0,0,0,0,0,25.79,25.73,25.82,8.78,62.91
$GC,10764,-1.10,-146.6,2525,1804,3419,3368,797.4,-8.8,350,10769,0.00,2.22,0.00,0.000,260,0.000,0.039,2516,3192,3392,3418,3367,0,0,0,0,0,0,26.46,25.39,26.47,8.78,62.99
$GC,10849,-1.10,-146.6,2516,3192,3418,3367,804.6,-8.7,352,10854,0.00,2.10,0.00,0.000,1030,0.000,0.024,2516,1805,3392,3418,3367,0,0,0,0,0,0,25.78,25.76,25.81,8.78,63.07
$GC,11054,-1.10,-146.6,2516,1805,3418,3367,822.3,-8.6,357,11059,0.00,2.25,0.00,0.000,516,0.000,0.041,2516,418,3392,3418,3367,0,0,0,0,0,0,26.46,25.29,26.47,8.77,62.87
$GC,11091,-1.10,-146.6,2515,418,3418,3367,822.3,-8.6,357,11099,0.00,2.12,0.00,0.000,1030,0.000,0.026,2506,1799,3392,3418,3367,0,0,0,0,0,0,25.75,25.72,25.77,8.77,62.91
$GC,11298,-1.10,-146.6,2505,1799,3418,3367,842.3,-8.1,363,11302,0.00,2.20,0.00,0.000,260,0.000,0.039,2495,3192,3392,3418,3366,0,0,0,0,0,0,26.46,25.39,26.47,8.77,63.07
$GC,11342,-1.10,-146.6,2495,3193,3417,3366,845.6,-8.0,364,11349,0.10,2.10,0.00,0.000,3078,0.151,0.024,2525,1790,3391,3417,3366,0,0,0,0,0,0,25.39,25.75,25.46,8.77,64.09
$GC,11544,-1.10,-146.6,2524,1790,3417,3366,860.3,-7.3,369,11548,0.00,2.20,0.00,0.000,516,0.000,0.041,2525,416,3391,3417,3366,0,0,0,0,0,0,26.46,25.27,26.47,8.77,63.70
$GC,11630,-1.10,-146.6,2524,415,3416,3366,866.5,-7.3,371,11634,0.00,2.10,0.00,0.000,1030,0.000,0.026,2517,1800,3391,3416,3366,0,0,0,0,0,0,25.77,25.70,25.80,8.76,63.34
$GC,11828,-1.10,-146.6,2517,1800,3416,3365,880.6,-7.0,376,11834,0.00,2.20,0.00,0.000,260,0.000,0.039,2507,3192,3390,3416,3365,0,0,0,0,0,0,26.46,25.36,26.47,8.76,63.54
$GC,11882,-1.10,-146.6,2507,3192,3416,3365,883.7,-7.2,377,11887,0.00,2.12,0.00,0.000,1030,0.000,0.024,2507,1798,3390,3416,3364,0,0,0,0,0,0,25.75,25.73,25.77,8.76,63.58
$GC,12071,-1.10,-146.6,2506,1799,3416,3364,898.1,-7.2,382,12078,0.00,2.22,0.00,0.000,516,0.000,0.041,2507,411,3390,3415,3365,0,0,0,0,0,0,26.46,25.25,26.47,8.76,63.38
$GC,12140,-1.10,-146.6,2506,411,3415,3364,901.0,-7.2,383,12146,0.10,2.10,0.00,0.000,3078,0.148,0.026,2527,1799,3390,3416,3364,0,0,0,0,0,0,25.33,25.68,25.41,8.76,63.27
$GC,12355,-1.10,-146.6,2527,1799,3416,3364,919.0,-7.3,389,12360,0.00,2.25,0.00,0.000,260,0.000,0.040,2519,3220,3389,3415,3364,0,0,0,0,0,0,26.46,25.32,26.47,8.75,64.13
$GC,12422,-1.10,-146.6,2519,3220,3415,3364,922.3,-7.4,390,12427,0.00,2.12,0.00,0.000,1030,0.000,0.024,2519,1800,3389,3415,3364,0,0,0,0,0,0,25.77,25.71,25.80,8.75,63.74
$GC,12642,-1.10,-146.6,2519,1800,3415,3364,940.6,-7.7,396,12647,0.00,2.22,0.00,0.000,516,0.000,0.041,2519,410,3389,3415,3364,0,0,0,0,0,0,26.46,25.22,26.47,8.75,63.42
$GC,12714,-1.10,-146.6,2519,409,3415,3364,944.2,-7.8,397,12723,0.00,2.12,0.00,0.000,1030,0.000,0.027,2510,1807,3389,3414,3364,0,0,0,0,0,0,25.74,25.66,25.77,8.74,63.70
$GC,12927,-1.10,-146.6,2509,1806,3414,3363,963.4,-8.1,403,12931,0.00,2.20,0.00,0.000,260,0.000,0.040,2499,3197,3388,3414,3363,0,0,0,0,0,0,26.46,25.31,26.47,8.75,63.42
$GC,12950,-1.10,-146.6,2499,3199,3414,3363,963.4,-8.1,403,12954,0.00,2.10,0.00,0.000,1030,0.000,0.024,2499,1794,3388,3414,3363,0,0,0,0,0,0,25.77,25.70,25.79,8.74,64.01
$GC,13174,-1.10,-146.6,2499,1794,3414,3363,983.9,-8.4,409,13178,0.00,2.25,0.00,0.000,516,0.000,0.041,2499,414,3388,3414,3363,0,0,0,0,0,0,26.46,25.21,26.47,8.74,63.78
$GC,13236,-1.10,-146.6,2499,414,3414,3363,987.6,-8.4,410,13243,0.12,2.10,0.00,0.000,3078,0.142,0.026,2526,1799,3388,3414,3363,0,0,0,0,0,0,25.23,25.67,25.32,8.74,63.86
$STATE,13255,end dive,TARGET_DEPTH_EXCEEDED
$STATE,13255,begin apogee
$GC,13263,-0.42,0.0,2525,2248,3414,3363,991.0,-8.4,411,13402,0.68,0.00,135.68,1.339,10246,0.103,0.000,2746,2248,2804,2902,2707,0,0,0,0,0,0,24.69,23.91,22.84,8.74,63.90
$STATE,13403,end apogee,CONTROL_FINISHED_OK
$STATE,13404,begin climb
$GC,13407,1.09,146.6,2745,2247,2900,2706,997.2,0.0,414,13560,1.42,0.00,145.10,1.282,10758,0.067,0.000,3232,2247,2207,2292,2123,0,0,0,0,0,0,24.24,23.55,22.53,8.69,62.20
$GC,13740,1.06,190.5,3232,2247,2290,2121,976.8,8.0,423,13790,0.00,2.33,44.08,1.259,8452,0.000,0.042,3233,3652,2025,2128,1922,0,0,0,0,0,0,26.17,24.16,23.37,8.64,62.40
$GC,13856,0.98,229.0,3232,3652,2128,1921,969.8,8.2,425,13900,0.15,2.12,37.80,1.241,13318,0.133,0.024,3196,2240,1870,1998,1742,0,0,0,0,0,0,25.21,25.60,23.33,8.62,62.44
$GC,14103,1.00,250.5,3196,2240,1997,1741,944.7,9.0,432,14130,0.00,2.22,21.40,1.213,8708,0.000,0.037,3204,863,1781,1922,1641,0,0,0,0,0,0,26.25,24.89,23.64,8.61,62.99
$GC,14189,1.02,271.1,3203,864,1922,1640,937.4,9.1,434,14219,0.00,2.12,20.73,1.202,9222,0.000,0.029,3204,2252,1698,1848,1548,0,0,0,0,0,0,25.72,25.64,23.52,8.60,63.03
$GC,14422,1.08,273.6,3204,2251,1848,1548,914.0,9.9,440,14424,0.00,0.00,0.00,0.000,6,0.000,0.000,3204,2252,1698,1848,1548,0,0,0,0,0,0,26.25,26.26,26.26,8.59,63.78
$GC,14621,1.14,273.6,3203,2251,1848,1548,894.1,10.0,445,14628,0.08,2.17,0.00,0.000,2564,0.095,0.037,3297,861,1698,1848,1548,0,0,0,0,0,0,26.13,25.67,26.14,8.59,63.86
$GC,14655,1.20,273.6,3297,861,1848,1548,894.1,10.0,445,14663,0.00,2.12,0.00,0.000,1030,0.000,0.029,3297,2261,1697,1847,1547,0,0,0,0,0,0,25.87,25.78,25.90,8.59,64.53
$GC,14864,1.14,273.6,3296,2261,1848,1548,866.2,11.7,451,14871,0.15,2.20,0.00,0.000,4356,0.119,0.044,3248,3646,1698,1848,1548,0,0,0,0,0,0,25.79,25.55,25.84,8.58,64.49
$GC,14919,1.14,273.6,3247,3646,1847,1546,861.0,11.7,452,14923,0.00,2.10,0.00,0.000,1030,0.000,0.024,3256,2242,1697,1848,1546,0,0,0,0,0,0,25.93,25.86,25.95,8.58,64.72
$GC,15107,1.14,273.6,3255,2242,1848,1546,838.7,11.1,457,15111,0.00,2.15,0.00,0.000,516,0.000,0.037,3265,866,1697,1848,1546,0,0,0,0,0,0,26.39,25.57,26.40,8.57,64.68
$GC,15164,1.14,273.6,3264,865,1848,1546,833.7,11.1,458,15168,0.00,2.12,0.00,0.000,1030,0.000,0.028,3265,2257,1697,1848,1546,0,0,0,0,0,0,25.81,25.72,25.84,8.57,64.96
$GC,15353,1.14,273.6,3265,2256,1848,1546,810.4,11.5,463,15357,0.00,2.22,0.00,0.000,260,0.000,0.044,3265,3653,1696,1847,1546,0,0,0,0,0,0,26.40,25.45,26.41,8.57,64.92
$GC,15424,1.14,273.6,3264,3652,1848,1545,805.3,11.6,464,15429,0.00,2.10,0.00,0.000,1030,0.000,0.024,3274,2251,1697,1848,1546,0,0,0,0,0,0,25.89,25.82,25.91,8.57,64.64
$GC,15638,1.14,273.6,3273,2251,1848,1545,776.8,11.8,470,15642,0.00,2.17,0.00,0.000,516,0.000,0.037,3284,856,1696,1848,1545,0,0,0,0,0,0,26.41,25.50,26.41,8.57,65.27
$GC,15681,1.14,273.6,3284,856,1848,1545,771.8,11.8,471,15689,0.10,2.12,0.00,0.000,5126,0.137,0.028,3253,2249,1696,1848,1545,0,0,0,0,0,0,25.44,25.68,25.53,8.57,65.00
$GC,15883,1.14,273.6,3252,2249,1848,1545,748.6,11.6,476,15890,0.00,2.22,0.00,0.000,260,0.000,0.044,3253,3643,1696,1848,1545,0,0,0,0,0,0,26.41,25.38,26.42,8.57,64.72
$GC,15957,1.14,273.6,3252,3644,1848,1545,743.8,11.5,477,15964,0.00,2.10,0.00,0.000,1030,0.000,0.024,3261,2241,1696,1848,1545,0,0,0,0,0,0,25.85,25.79,25.88,8.56,65.43
$GC,16164,1.14,273.6,3260,2241,1848,1545,716.7,11.1,483,16166,0.00,0.00,0.00,0.000,6,0.000,0.000,3260,2241,1696,1848,1545,0,0,0,0,0,0,26.41,26.43,26.43,8.56,65.16
$GC,16365,1.14,273.6,3260,2241,1848,1545,695.5,10.5,488,16371,0.00,2.25,0.00,0.000,260,0.000,0.044,3261,3645,1696,1848,1545,0,0,0,0,0,0,26.42,25.33,26.43,8.57,65.23
$GC,16406,1.14,273.6,3260,3645,1848,1545,691.2,10.5,489,16410,0.00,2.10,0.00,0.000,1030,0.000,0.024,3270,2244,1696,1847,1545,0,0,0,0,0,0,25.84,25.78,25.87,8.56,65.39
$GC,16610,1.15,279.8,3270,2244,1848,1545,671.2,9.7,494,16626,0.00,2.28,8.55,1.003,8452,0.000,0.043,3270,3640,1662,1817,1508,0,0,0,0,0,0,26.42,25.25,24.02,8.56,65.47
$GC,16663,1.16,286.4,3270,3640,1816,1508,667.2,9.7,495,16676,0.00,2.10,8.10,0.978,9222,0.000,0.024,3280,2238,1637,1794,1480,0,0,0,0,0,0,25.88,25.82,23.93,8.56,64.76
$GC,16891,1.17,294.5,3280,2238,1790,1478,644.0,9.6,501,16902,0.00,0.00,9.12,0.999,8198,0.000,0.000,3280,2238,1604,1762,1446,0,0,0,0,0,0,26.33,25.11,24.00,8.55,65.83
$GC,17091,1.17,296.7,3280,2239,1760,1443,624.3,9.9,506,17098,0.00,2.25,0.00,0.000,260,0.000,0.044,3279,3645,1601,1760,1443,0,0,0,0,0,0,26.32,25.51,26.33,8.55,65.59
$GC,17146,1.17,296.7,3280,3645,1760,1443,619.9,10.1,507,17150,0.00,2.10,0.00,0.000,1030,0.000,0.024,3290,2251,1601,1760,1443,0,0,0,0,0,0,25.87,25.81,25.90,8.55,65.35
$GC,17334,1.17,296.7,3289,2251,1760,1443,598.7,10.5,512,17342,0.10,2.25,0.00,0.000,4356,0.151,0.044,3258,3648,1601,1760,1443,0,0,0,0,0,0,25.86,25.40,25.89,8.55,65.55
$GC,17385,1.17,296.7,3258,3649,1760,1443,594.2,10.6,513,17389,0.00,2.12,0.00,0.000,1030,0.000,0.024,3266,2235,1601,1760,1443,0,0,0,0,0,0,25.85,25.79,25.88,8.55,66.02
$GC,17578,1.17,296.7,3265,2235,1760,1443,571.9,11.1,518,17579,0.00,0.00,0.00,0.000,6,0.000,0.000,3266,2235,1601,1760,1443,0,0,0,0,0,0,26.40,26.41,26.41,8.55,65.12
$GC,17778,1.17,296.7,3265,2235,1760,1443,549.1,11.4,523,17779,0.00,0.00,0.00,0.000,6,0.000,0.000,3266,2235,1601,1760,1443,0,0,0,0,0,0,26.41,26.42,26.42,8.54,65.59
$GC,17978,1.17,296.7,3265,2235,1760,1443,526.7,11.2,528,17983,0.00,2.28,0.00,0.000,260,0.000,0.044,3266,3646,1601,1760,1443,0,0,0,0,0,0,26.41,25.27,26.42,8.54,65.67
$GC,18025,1.17,296.7,3265,3646,1760,1443,521.7,11.2,529,18029,0.00,2.10,0.00,0.000,1030,0.000,0.024,3275,2247,1601,1760,1443,0,0,0,0,0,0,25.80,25.74,25.83,8.55,65.71
$GC,18224,1.17,296.7,3275,2247,1760,1443,499.8,10.7,534,18225,0.00,0.00,0.00,0.000,6,0.000,0.000,3275,2247,1602,1761,1443,0,0,0,0,0,0,26.42,26.43,26.43,8.55,65.31
$GC,18425,1.17,296.7,3274,2248,1760,1443,479.2,10.3,539,18431,0.00,2.25,0.00,0.000,260,0.000,0.044,3275,3645,1601,1760,1443,0,0,0,0,0,0,26.42,25.21,26.43,8.55,65.83
$GC,18459,1.17,296.7,3274,3645,1760,1443,479.2,10.3,539,18466,0.00,2.10,0.00,0.000,1030,0.000,0.024,3285,2239,1601,1760,1443,0,0,0,0,0,0,25.79,25.73,25.82,8.56,65.31
$GC,18665,1.17,296.7,3285,2240,1760,1443,454.6,10.1,545,18670,0.00,2.15,0.00,0.000,516,0.000,0.037,3295,866,1601,1760,1443,0,0,0,0,0,0,26.42,25.37,26.43,8.56,65.47
$GC,18702,1.17,296.7,3294,865,1761,1443,454.6,10.1,545,18709,0.12,2.10,0.00,0.000,5126,0.125,0.028,3254,2249,1601,1760,1443,0,0,0,0,0,0,25.27,25.58,25.36,8.55,65.75
$GC,18909,1.17,300.4,3254,2249,1760,1443,430.6,9.8,551,18922,0.00,2.28,7.00,0.842,8452,0.000,0.043,3254,3656,1576,1737,1416,0,0,0,0,0,0,26.43,24.84,24.11,8.56,65.35
$GC,18954,1.17,300.4,3254,3657,1736,1416,426.7,10.1,552,18958,0.00,2.12,0.00,0.000,1030,0.000,0.024,3263,2247,1576,1737,1416,0,0,0,0,0,0,25.82,25.75,25.85,8.55,64.72
$GC,19148,1.17,300.4,3262,2247,1737,1416,406.2,10.2,557,19152,0.00,2.17,0.00,0.000,516,0.000,0.036,3272,861,1576,1736,1416,0,0,0,0,0,0,26.39,25.43,26.39,8.56,65.51
$GC,19233,1.17,300.4,3272,861,1737,1416,397.5,10.4,559,19238,0.00,2.12,0.00,0.000,1030,0.000,0.029,3272,2250,1576,1737,1416,0,0,0,0,0,0,25.68,25.60,25.72,8.56,65.43
$GC,19433,1.17,300.4,3272,2250,1737,1416,375.6,11.0,564,19440,0.00,2.25,0.00,0.000,260,0.000,0.044,3272,3649,1576,1737,1416,0,0,0,0,0,0,26.41,25.22,26.42,8.56,65.04
$GC,19467,1.17,300.4,3272,3650,1737,1416,375.6,11.0,564,19474,0.00,2.10,0.00,0.000,1030,0.000,0.024,3283,2237,1576,1737,1416,0,0,0,0,0,0,25.80,25.74,25.83,8.57,64.45
$GC,19674,1.17,300.4,3282,2237,1737,1416,348.1,11.5,570,19679,0.00,2.15,0.00,0.000,516,0.000,0.036,3292,861,1576,1737,1416,0,0,0,0,0,0,26.42,25.35,26.43,8.57,64.80
$GC,19711,1.17,300.4,3291,861,1737,1416,348.1,11.5,570,19719,0.10,2.12,0.00,0.000,5126,0.132,0.028,3259,2254,1576,1737,1416,0,0,0,0,0,0,25.31,25.57,25.39,8.57,64.33
$GC,19920,1.17,300.4,3259,2254,1736,1416,321.6,10.7,576,19922,0.00,0.00,0.00,0.000,6,0.000,0.000,3259,2254,1576,1737,1416,0,0,0,0,0,0,26.43,26.44,26.44,8.57,64.80
$GC,20118,1.17,300.4,3258,2254,1737,1416,300.4,10.6,581,20122,0.00,2.20,0.00,0.000,516,0.000,0.036,3266,858,1576,1737,1416,0,0,0,0,0,0,26.43,25.33,26.44,8.57,64.80
$GC,20161,1.17,300.4,3266,858,1737,1416,295.8,10.6,582,20165,0.00,2.12,0.00,0.000,1030,0.000,0.028,3266,2250,1576,1737,1416,0,0,0,0,0,0,25.63,25.54,25.65,8.57,64.88
$GC,20364,1.17,300.4,3266,2249,1737,1416,274.6,10.5,587,20371,0.00,2.25,0.00,0.000,260,0.000,0.045,3266,3652,1576,1737,1416,0,0,0,0,0,0,26.43,25.14,26.44,8.58,64.76
$GC,20407,1.17,300.4,3266,3652,1737,1416,270.3,10.5,588,20411,0.00,2.10,0.00,0.000,1030,0.000,0.024,3276,2252,1576,1737,1416,0,0,0,0,0,0,25.78,25.71,25.80,8.58,64.80
$GC,20606,1.17,300.4,3275,2252,1737,1416,249.9,10.1,593,20608,0.00,0.00,0.00,0.000,6,0.000,0.000,3276,2252,1576,1737,1416,0,0,0,0,0,0,26.43,26.44,26.44,8.58,63.93
$GC,20805,1.17,300.4,3275,2252,1737,1416,228.3,10.9,598,20807,0.00,0.00,0.00,0.000,6,0.000,0.000,3276,2252,1576,1737,1416,0,0,0,0,0,0,26.43,26.44,26.44,8.58,64.25
$GC,21007,1.17,300.4,3275,2252,1737,1416,206.1,11.1,603,21012,0.00,2.25,0.00,0.000,260,0.000,0.044,3276,3647,1576,1737,1416,0,0,0,0,0,0,26.44,25.12,26.44,8.58,64.37
$GC,21064,1.17,300.4,3275,3647,1737,1416,200.9,11.1,604,21068,0.00,2.08,0.00,0.000,1030,0.000,0.023,3285,2250,1576,1737,1416,0,0,0,0,0,0,25.78,25.72,25.81,8.58,64.64
$GC,21253,1.17,300.4,3285,2250,1737,1416,179.1,11.0,613,21258,0.00,2.25,0.00,0.000,260,0.000,0.044,3285,3652,1576,1737,1416,0,0,0,0,0,0,26.44,25.13,26.44,8.59,64.41
$GC,21317,1.17,300.4,3285,3652,1737,1416,171.9,11.2,616,21323,0.12,2.10,0.00,0.000,5126,0.140,0.023,3256,2246,1576,1737,1416,0,0,0,0,0,0,25.28,25.72,25.37,8.59,64.25
$GC,21522,1.17,300.4,3256,2246,1737,1416,150.3,10.9,626,21527,0.00,2.20,0.00,0.000,516,0.000,0.036,3265,844,1576,1737,1416,0,0,0,0,0,0,26.44,25.30,26.44,8.59,63.74
$GC,21587,1.17,300.4,3264,844,1737,1416,143.5,10.6,629,21593,0.00,2.15,0.00,0.000,1030,0.000,0.028,3265,2257,1576,1737,1416,0,0,0,0,0,0,25.61,25.53,25.65,8.59,63.74
$GC,21788,1.17,300.4,3264,2256,1737,1416,122.3,10.1,639,21793,0.00,2.25,0.00,0.000,260,0.000,0.044,3265,3652,1576,1737,1416,0,0,0,0,0,0,26.44,25.13,26.44,8.59,63.78
$GC,21845,1.17,300.4,3264,3652,1737,1416,117.5,10.7,641,21853,0.00,2.10,0.00,0.000,1030,0.000,0.023,3275,2240,1576,1737,1416,0,0,0,0,0,0,25.77,25.71,25.80,8.60,64.25
$GC,22032,1.18,313.9,3274,2240,1737,1416,97.3,9.4,651,22052,0.00,2.20,12.93,0.725,8708,0.000,0.034,3285,868,1523,1686,1360,0,0,0,0,0,0,26.44,25.20,24.23,8.61,64.13
$GC,22085,1.20,325.5,3284,868,1686,1360,93.2,9.5,653,22103,0.00,2.12,11.55,0.708,9222,0.000,0.028,3284,2257,1475,1643,1308,0,0,0,0,0,0,25.63,25.54,24.09,8.60,63.34
$GC,22298,1.24,368.4,3284,2257,1642,1308,73.3,8.0,664,22340,0.00,2.20,36.72,0.744,8708,0.000,0.035,3293,867,1302,1478,1126,0,0,0,0,0,0,26.32,24.91,23.96,8.61,63.58
$GC,22462,1.36,486.7,3293,867,1478,1127,66.5,4.6,672,22603,0.00,2.12,120.43,0.708,9222,0.000,0.028,3293,2264,817,900,734,0,0,0,0,2,0,25.71,25.62,23.65,8.63,64.25
$GC,22782,1.58,584.9,3292,2264,897,733,45.7,5.5,691,22851,0.22,0.00,64.78,0.630,10758,0.041,0.000,3436,2264,497,541,454,0,0,0,0,0,0,25.94,24.77,24.12,8.69,65.19
$GC,23033,1.58,584.9,3435,2264,549,457,21.6,10.7,716,23045,0.15,2.22,1.70,0.044,12548,0.127,0.042,3389,3639,500,544,456,0,0,0,0,0,0,25.58,25.48,25.63,8.73,62.87
$GC,23103,1.59,587.3,3388,3639,545,456,14.4,9.9,722,23108,0.00,2.05,0.00,0.000,1030,0.000,0.021,3396,2250,500,545,456,0,0,0,0,0,0,25.86,25.80,25.89,8.74,63.03
$STATE,23214,end climb,SURFACE_DEPTH_REACHED
$STATE,23214,begin surface coast
$FINISH,-0.5,1.022430
$STATE,23246,end surface coast,CONTROL_FINISHED_OK
$STATE,23246,begin surface
$SM_CCo,23327,0.00,0.000,0,0,505,564.44
$SM_GC,0.06,8.30,0.62,0.00,0.028,0.028,0.000,172,1785,505,-8.29,1.89,564.44,0,0,0,0,0,0,25.91,25.96,25.95
$IRIDIUM_FIX,832.11,-14256.47,020525,201647
$TT8_MAMPS,0.026215,0.370755
$HUMID,58.82
$INTERNAL_PRESSURE,8.73208
$TCM_TEMP,18.60
$XPDR_PINGS,0
$ALTIM_TOP_PING,18.5,18.2
$24V_AH,22.53,111.373
$10V_AH,9.61,69.425
$FG_AHR_24Vo,0.000
$FG_AHR_10Vo,0.000
$DEVICES,Pitch_motor,Roll_motor,VBD_pump_during_apogee,VBD_pump_during_surface,VBD_valve,Iridium_during_init,Iridium_during_connect,Iridium_during_xfer,Transponder_ping,GUMSTIX_24V,GPS,TT8,LPSleep,TT8_Active,TT8_Sampling,TT8_CF8,TT8_Kalman,Analog_circuits,GPS_charging,Compass,RAFOS,Transponder,Compass2
$DEVICE_SECS,22.600,305.475,685.650,0.000,0.000,0.000,0.000,299.750,0.250,0.000,29.086,3170.590,16030.376,847.242,3177.559,547.284,0.000,2859.494,0.000,2715.048,0.000,2.760,0.000
$DEVICE_MAMPS,201.195,46.665,1338.750,0.000,0.000,0.000,0.000,89.505,420.000,0.000,30.710,15.210,2.190,15.210,43.670,53.410,0.000,14.000,0.000,8.240,0.000,30.000,0.000
$SENSORS,SBE_CT,WL_blue_red_Chl,AA4330,nil,nil,nil,nil,nil,nil,nil
$SENSOR_SECS,638.445,0.000,985.197,0.000,0.000,0.000,0.000,0.000,0.000,0.000
$SENSOR_MAMPS,22.470,0.000,11.230,0.000,0.000,0.000,0.000,0.000,0.000,0.000
$MEM,311984
$DATA_FILE_SIZE,55621,736
$CAP_FILE_SIZE,259869,0
$CFSIZE,2097872896,2002976768
$ERRORS,0,0,0,0,0,0,0,0,0,0,0,0,0,2,3,0
$CURRENT,0.124,70.37,1
$GPS,170905,093200,834.425,-14301.559,33,0.8,54,9.3,1.1,280.7,10,4.9
