version: 66.14
glider: 195
mission: 21
dive: 87
start: 4 25 105 2 23 22
data:
$ID,195
$MISSION,21
$DIVE,87
$N_DIVES,0
$STOP_T,0
$D_SURF,3
$D_FLARE,2
$D_TGT,990
$D_ABORT,1090
$D_NO_BLEED,50
$D_BOOST,3
$T_BOOST,0
$D_FINISH,0
$D_PITCH,0
$D_SAFE,0
$D_CALL,0
$SURFACE_URGENCY,0
$SURFACE_URGENCY_TRY,0
$SURFACE_URGENCY_FORCE,0
$T_DIVE,330
$T_MISSION,450
$T_ABORT,1440
$T_TURN,300
$T_TURN_SAMPINT,5
$T_NO_W,120
$T_LOITER,0
$T_SLOITER,60
$T_EPIRB,0
$USE_BATHY,0
$USE_ICE,0
$ICE_FREEZE_MARGIN,0.30000001
$D_OFFGRID,990
$T_WATCHDOG,10
$RELAUNCH,1
$APOGEE_PITCH,-8
$MAX_BUOY,150
$COURSE_BIAS,0
$GLIDE_SLOPE,30
$SPEED_FACTOR,1
$RHO,1.023
$MASS,54002
$MASS_COMP,0
$NAV_MODE,2
$FERRY_MAX,45
$KALMAN_USE,2
$HD_A,0.0038000001
$HD_B,0.0099999998
$HD_C,9.8500004e-06
$HEADING,-1
$ESCAPE_HEADING,0
$ESCAPE_HEADING_DELTA,10
$FIX_MISSING_TIMEOUT,0
$TGT_DEFAULT_LAT,4736
$TGT_DEFAULT_LON,-12225
$TGT_AUTO_DEFAULT,0
$SM_CC,250
$N_FILEKB,4
$FILEMGR,0
$CALL_NDIVES,1
$COMM_SEQ,0
$PROTOCOL,9
$N_NOCOMM,1
$NOCOMM_ACTION,0
$N_NOSURFACE,0
$UPLOAD_DIVES_MAX,-1
$CALL_TRIES,5
$CALL_WAIT,60
$CAPUPLOAD,0
$CAPMAXSIZE,200000
$HEAPDBG,0
$T_GPS,15
$N_GPS,50840
$T_RSLEEP,2
$STROBE,0
$RAFOS_PEAK_OFFSET,1.5
$RAFOS_CORR_THRESH,60
$RAFOS_HIT_WINDOW,3600
$RAFOS_MMODEM,0
$PITCH_MIN,207
$PITCH_MAX,3915
$C_PITCH,2880
$PITCH_DBAND,0.1
$PITCH_CNV,0.003125763
$P_OVSHOOT,0.039999999
$P_OVSHOOT_WITHG,0.079999998
$PITCH_GAIN,24
$PITCH_TIMEOUT,17
$PITCH_AD_RATE,160
$PITCH_MAXERRORS,1
$PITCH_ADJ_GAIN,0.02
$PITCH_ADJ_DBAND,2.5
$ROLL_MIN,224
$ROLL_MAX,3758
$ROLL_DEG,40
$C_ROLL_DIVE,2200
$C_ROLL_CLIMB,1700
$HEAD_ERRBAND,20
$ROLL_CNV,0.028270001
$ROLL_TIMEOUT,15
$R_PORT_OVSHOOT,45
$R_STBD_OVSHOOT,42
$ROLL_AD_RATE,350
$ROLL_MAXERRORS,2
$ROLL_ADJ_GAIN,0
$ROLL_ADJ_DBAND,0
$VBD_MIN,500
$VBD_MAX,3960
$C_VBD,2707
$VBD_DBAND,2
$VBD_CNV,-0.24529999
$VBD_LP_IGNORE,0
$VBD_TIMEOUT,720
$PITCH_VBD_SHIFT,0.001
$VBD_PUMP_AD_RATE_SURFACE,5
$VBD_PUMP_AD_RATE_APOGEE,4
$VBD_BLEED_AD_RATE,8
$UNCOM_BLEED,60
$VBD_MAXERRORS,1
$W_ADJ_DBAND,0
$DBDW,0
$PITCH_W_GAIN,0
$PITCH_W_DBAND,0
$CF8_MAXERRORS,5
$AH0_24V,150
$AH0_10V,97
$MINV_24V,19
$MINV_10V,8
$MAXI_24V,0.80000001
$MAXI_10V,0.60000002
$FG_AHR_10V,0
$FG_AHR_24V,0
$PHONE_SUPPLY,-2
$PRESSURE_YINT,-49.397121
$PRESSURE_SLOPE,0.0001168043
$AD7714Ch0Gain,128
$TCM_PITCH_OFFSET,0
$TCM_ROLL_OFFSET,0
$COMPASS_USE,4
$ALTIM_BOTTOM_PING_RANGE,0
$ALTIM_TOP_PING_RANGE,20
$ALTIM_BOTTOM_TURN_MARGIN,0
$ALTIM_TOP_TURN_MARGIN,0
$ALTIM_TOP_MIN_OBSTACLE,1
$ALTIM_PING_DEPTH,0
$ALTIM_PING_DELTA,0
$ALTIM_FREQUENCY,13
$ALTIM_PULSE,3
$ALTIM_SENSITIVITY,3
$XPDR_VALID,5
$XPDR_INHIBIT,90
$INT_PRESSURE_SLOPE,0.0097660003
$INT_PRESSURE_YINT,-0.77999997
$DEEPGLIDER,0
$MOTHERBOARD,4
$DEVICE1,2
$DEVICE2,115
$DEVICE3,101
$DEVICE4,-1
$DEVICE5,-1
$DEVICE6,-1
$LOGGERS,0
$LOGGERDEVICE1,-1
$LOGGERDEVICE2,-1
$LOGGERDEVICE3,-1
$LOGGERDEVICE4,-1
$COMPASS_DEVICE,33
$COMPASS2_DEVICE,-1
$PHONE_DEVICE,49
$GPS_DEVICE,32
$RAFOS_DEVICE,-1
$XPDR_DEVICE,24
$SIM_W,0
$SIM_PITCH,0
$SEABIRD_T_G,0.0044178674
$SEABIRD_T_H,0.00064818078
$SEABIRD_T_I,2.6779007e-05
$SEABIRD_T_J,3.3667231e-06
$SEABIRD_C_G,-10.098215
$SEABIRD_C_H,1.1454017
$SEABIRD_C_I,-0.0021276253
$SEABIRD_C_J,0.00025532115
$SEABIRD_C_Z,2974.52
$GPS1,250405,021502,128.9453,-13916.8623,33,0.9,60,9.4,1.4,320.0,8,4.8
$_CALLS,1
$_XMS_NAKs,0
$_XMS_TOUTs,0
$_SM_DEPTHo,0.30
$_SM_ANGLEo,-60.6
$GPS2,250405,022243,128.9873,-13917.1191,12,0.8,27,9.4,0.6,314.0,9,4.6
$SPEED_LIMITS,0.173,0.262
$TGT_NAME,WEST
$TGT_LATLONG,150.000,-14000.000
$TGT_RADIUS,200.000
$KALMAN_CONTROL,0.000000,0.000000
$KALMAN_X,0.000000,0.000000,0.000000,0.000000,0.000000
$KALMAN_Y,0.000000,0.000000,0.000000,0.000000,0.000000
$MHEAD_RNG_PITCHd_Wd,299.0,88401,-18.1,-10.000,-20.93,2235
$D_GRID,990
$GCHEAD,st_secs,pitch_ctl,vbd_ctl,pitch_ad_start,roll_ad_start,vbd_pot1_ad_start,vbd_pot2_ad_start,depth,ob_vertv,data_pts,end_secs,pitch_secs,roll_secs,vbd_secs,vbd_i,gcphase,pitch_i,roll_i,pitch_ad,roll_ad,vbd_ad,vbd_pot1_ad,vbd_pot2_ad,pitch_retries,pitch_errors,roll_retries,roll_errors,vbd_retries,vbd_errors,pitch_volts,roll_volts,vbd_volts,int_press,humidity
$STATE,7,end surface,CONTROL_FINISHED_OK
$STATE,7,begin dive
$GC,74,-0.90,-146.6,175,2205,1576,1261,0.4,-0.9,12,141,0.00,0.00,-64.85,0.000,16386,0.000,0.000,171,2206,3136,3152,3121,0,0,0,0,0,0,26.44,28.83,26.46,8.91,46.57
$GC,145,-0.90,-146.6,171,2206,3154,3121,2.8,-5.2,22,169,9.10,2.20,-3.55,0.000,19204,0.214,0.054,2579,3609,3309,3325,3294,0,0,0,0,0,0,25.79,24.74,26.07,9.07,46.22
$GC,485,-0.77,-146.6,2579,3609,3333,3294,75.7,-14.4,72,493,0.15,2.08,0.00,0.000,3078,0.140,0.021,2626,2169,3313,3333,3294,0,0,0,0,0,0,26.06,26.37,26.16,9.12,46.33
$GC,803,-0.77,-146.6,2625,2169,3337,3294,103.6,-6.0,101,811,0.00,2.20,0.00,0.000,260,0.000,0.041,2618,3614,3315,3337,3294,0,0,0,0,0,0,26.70,26.33,26.70,9.11,46.92
$GC,948,-0.77,-146.6,2617,3613,3338,3294,113.2,-7.4,108,952,0.00,2.00,0.00,0.000,1030,0.000,0.020,2617,2182,3315,3338,3293,0,0,0,0,0,0,26.51,26.46,26.52,9.10,45.90
$GC,1272,-0.77,-146.6,2617,2182,3340,3294,136.5,-8.1,124,1276,0.00,2.17,0.00,0.000,260,0.000,0.041,2607,3615,3317,3340,3294,0,0,0,0,0,0,26.74,26.37,26.75,9.05,45.86
$GC,1583,-0.77,-146.6,2606,3616,3341,3294,162.4,-7.6,139,1588,0.00,2.00,0.00,0.000,1030,0.000,0.020,2606,2194,3317,3340,3294,0,0,0,0,0,0,26.54,26.50,26.56,9.03,46.10
$GC,1903,-0.77,-146.6,2606,2194,3341,3294,190.9,-9.4,155,1907,0.00,2.15,0.00,0.000,260,0.000,0.041,2596,3610,3317,3340,3294,0,0,0,0,0,0,26.77,26.39,26.77,9.01,47.08
$GC,2075,-0.77,-146.6,2596,3610,3341,3294,207.4,-9.3,163,2079,0.10,1.98,0.00,0.000,3078,0.152,0.021,2627,2194,3317,3341,3294,0,0,0,0,0,0,26.25,26.50,26.39,9.00,46.77
$GC,2397,-0.77,-146.6,2626,2194,3341,3294,232.3,-7.6,179,2402,0.00,2.15,0.00,0.000,260,0.000,0.041,2619,3611,3317,3341,3294,0,0,0,0,0,0,26.77,26.38,26.78,8.98,47.24
$GC,2548,-0.77,-146.6,2618,3611,3340,3293,245.5,-9.0,186,2553,0.00,1.98,0.00,0.000,1030,0.000,0.021,2619,2207,3317,3341,3294,0,0,0,0,0,0,26.55,26.51,26.57,8.97,47.79
$GC,2867,-0.77,-146.6,2618,2207,3341,3293,276.2,-9.8,202,2871,0.00,2.12,0.00,0.000,260,0.000,0.041,2609,3602,3317,3341,3293,0,0,0,0,0,0,26.77,26.39,26.78,8.95,48.70
$GC,2940,-0.77,-146.6,2608,3602,3341,3294,282.6,-10.1,205,2944,0.00,2.03,0.00,0.000,1030,0.000,0.022,2609,2200,3317,3341,3293,0,0,0,0,0,0,26.53,26.50,26.54,8.95,48.81
$GC,3265,-0.77,-146.6,2608,2201,3340,3292,314.1,-9.2,219,3269,0.00,2.15,0.00,0.000,260,0.000,0.042,2598,3610,3316,3340,3292,0,0,0,0,0,0,26.77,26.38,26.78,8.93,49.92
$GC,3317,-0.77,-146.6,2598,3610,3340,3292,317.3,-9.2,220,3327,0.10,2.00,0.00,0.000,3078,0.149,0.021,2629,2190,3316,3341,3291,0,0,0,0,0,0,26.24,26.50,26.39,8.93,49.84
$GC,3629,-0.77,-146.6,2628,2190,3341,3290,344.2,-8.2,231,3633,0.00,2.00,0.00,0.000,516,0.000,0.033,2629,831,3315,3340,3290,0,0,0,0,0,0,26.77,26.41,26.78,8.92,50.39
$GC,3731,-0.77,-146.6,2628,831,3340,3289,352.7,-8.9,234,3735,0.00,2.00,0.00,0.000,1030,0.000,0.028,2623,2205,3315,3340,3290,0,0,0,0,0,0,26.52,26.44,26.54,8.91,50.47
$GC,4056,-0.77,-146.6,2623,2205,3340,3286,381.6,-8.5,245,4057,0.00,0.00,0.00,0.000,6,0.000,0.000,2624,2205,3313,3340,3286,0,0,0,0,0,0,26.77,26.79,26.78,8.90,51.10
$GC,4356,-0.77,-146.6,2623,2205,3340,3284,405.3,-7.7,255,4360,0.00,2.15,0.00,0.000,260,0.000,0.044,2613,3614,3312,3340,3284,0,0,0,0,0,0,26.77,26.36,26.79,8.88,51.10
$GC,4592,-0.77,-146.6,2612,3614,3339,3283,422.3,-7.8,262,4597,0.00,2.00,0.00,0.000,1030,0.000,0.023,2613,2207,3311,3339,3283,0,0,0,0,0,0,26.55,26.49,26.56,8.88,50.78
$GC,4908,-0.77,-146.6,2613,2207,3339,3281,448.7,-8.2,273,4912,0.00,2.15,0.00,0.000,260,0.000,0.044,2603,3605,3310,3339,3281,0,0,0,0,0,0,26.77,26.36,26.79,8.86,51.14
$GC,5038,-0.77,-146.6,2602,3605,3339,3279,459.7,-8.7,277,5042,0.00,2.05,0.00,0.000,1030,0.000,0.024,2603,2201,3309,3339,3280,0,0,0,0,0,0,26.51,26.49,26.53,8.86,50.82
$GC,5367,-0.77,-146.6,2603,2201,3338,3278,489.7,-9.1,288,5372,0.00,2.05,0.00,0.000,516,0.000,0.034,2603,822,3308,3338,3278,0,0,0,0,0,0,26.78,26.39,26.79,8.84,51.14
$GC,5494,-0.77,-146.6,2602,822,3337,3278,501.6,-9.5,292,5500,0.10,2.08,0.00,0.000,3078,0.142,0.031,2627,2204,3307,3336,3278,0,0,0,0,0,0,26.17,26.43,26.40,8.84,51.45
$GC,5835,-0.83,-146.6,2626,2204,3337,3275,529.3,-8.1,303,5840,0.00,2.15,0.00,0.000,260,0.000,0.044,2619,3605,3306,3337,3275,0,0,0,0,0,0,26.77,26.35,26.79,8.83,52.00
$GC,5980,-0.83,-146.6,2619,3604,3335,3274,540.0,-8.3,307,5985,0.00,2.05,0.00,0.000,1030,0.000,0.024,2619,2203,3304,3335,3274,0,0,0,0,0,0,26.51,26.47,26.51,8.82,52.32
$GC,6295,-0.89,-146.6,2619,2203,3335,3273,566.2,-7.7,318,6300,0.00,2.17,0.00,0.000,260,0.000,0.045,2609,3613,3304,3335,3273,0,0,0,0,0,0,26.78,26.34,26.79,8.81,52.36
$GC,6405,-0.89,-146.6,2609,3614,3333,3273,574.3,-8.4,321,6409,0.00,2.05,0.00,0.000,1030,0.000,0.024,2609,2196,3302,3333,3272,0,0,0,0,0,0,26.53,26.47,26.55,8.81,52.48
$GC,6723,-0.89,-146.6,2608,2196,3333,3272,600.3,-7.8,332,6725,0.00,0.00,0.00,0.000,6,0.000,0.000,2609,2195,3302,3333,3271,0,0,0,0,0,0,26.78,26.79,26.79,8.81,53.03
$GC,7023,-0.89,-146.6,2608,2196,3331,3270,624.1,-8.0,342,7029,0.00,2.22,0.00,0.000,260,0.000,0.045,2599,3607,3300,3330,3270,0,0,0,0,0,0,26.78,26.34,26.79,8.80,54.13
$GC,7097,-0.89,-146.6,2598,3607,3329,3269,629.9,-8.5,344,7101,0.00,2.05,0.00,0.000,1030,0.000,0.025,2599,2190,3299,3330,3269,0,0,0,0,0,0,26.52,26.46,26.55,8.79,53.07
$GC,7421,-0.89,-146.6,2598,2190,3329,3267,659.7,-9.0,355,7426,0.00,2.05,0.00,0.000,516,0.000,0.037,2599,819,3298,3329,3268,0,0,0,0,0,0,26.77,26.36,26.79,8.78,54.21
$GC,7519,-0.89,-146.6,2598,819,3329,3268,668.7,-9.3,358,7523,0.00,2.05,0.00,0.000,1030,0.000,0.032,2590,2204,3298,3329,3268,0,0,0,0,0,0,26.48,26.40,26.51,8.78,53.38
$GC,7848,-0.89,-146.6,2590,2204,3327,3266,699.6,-9.1,369,7852,0.00,2.17,0.00,0.000,260,0.000,0.046,2580,3611,3296,3327,3266,0,0,0,0,0,0,26.77,26.31,26.79,8.78,53.74
$GC,8051,-0.89,-146.6,2580,3612,3325,3266,716.8,-9.2,375,8055,0.00,2.05,0.00,0.000,1030,0.000,0.026,2580,2197,3295,3325,3265,0,0,0,0,0,0,26.51,26.45,26.53,8.77,53.81
$GC,8365,-0.89,-146.6,2579,2197,3325,3264,745.2,-8.5,386,8369,0.00,2.08,0.00,0.000,516,0.000,0.037,2580,816,3294,3325,3264,0,0,0,0,0,0,26.77,26.34,26.79,8.76,54.88
$GC,8429,-0.89,-146.6,2580,817,3325,3264,750.7,-8.5,388,8433,0.00,2.05,0.00,0.000,1030,0.000,0.031,2571,2200,3294,3325,3264,0,0,0,0,0,0,26.48,26.39,26.51,8.76,54.17
$GC,8763,-0.89,-146.6,2570,2200,3323,3263,779.6,-8.8,399,8764,0.00,0.00,0.00,0.000,6,0.000,0.000,2571,2200,3293,3323,3263,0,0,0,0,0,0,26.77,26.79,26.79,8.76,54.64
$GC,9063,-0.89,-146.6,2570,2200,3323,3262,806.8,-9.0,409,9064,0.00,0.00,0.00,0.000,6,0.000,0.000,2571,2200,3292,3323,3262,0,0,0,0,0,0,26.77,26.79,26.79,8.74,55.04
$GC,9365,-0.89,-146.6,2570,2200,3323,3261,833.3,-8.6,419,9366,0.00,0.00,0.00,0.000,6,0.000,0.000,2571,2200,3292,3323,3261,0,0,0,0,0,0,26.77,26.79,26.79,8.74,55.43
$GC,9663,-0.89,-146.6,2570,2200,3323,3260,858.8,-8.4,429,9668,0.00,2.17,0.00,0.000,260,0.000,0.047,2561,3604,3291,3323,3260,0,0,0,0,0,0,26.77,26.28,26.79,8.74,55.86
$GC,9834,-0.89,-146.6,2560,3604,3321,3259,872.1,-8.5,434,9841,0.10,2.05,0.00,0.000,3078,0.157,0.027,2590,2199,3290,3321,3259,0,0,0,0,0,0,26.15,26.43,26.29,8.74,55.94
$GC,10152,-0.89,-146.6,2590,2198,3321,3258,897.9,-7.8,445,10156,0.00,2.10,0.00,0.000,516,0.000,0.038,2590,809,3289,3321,3258,0,0,0,0,0,0,26.77,26.32,26.78,8.73,55.74
$GC,10272,-0.89,-146.6,2590,809,3321,3258,905.7,-8.1,448,10280,0.00,2.10,0.00,0.000,1030,0.000,0.033,2584,2197,3289,3320,3258,0,0,0,0,0,0,26.40,26.36,26.44,8.73,54.88
$GC,10579,-0.89,-146.6,2583,2197,3319,3257,934.0,-8.6,459,10580,0.00,0.00,0.00,0.000,6,0.000,0.000,2583,2197,3288,3319,3258,0,0,0,0,0,0,26.77,26.79,26.78,8.73,55.47
$GC,10878,-0.89,-146.6,2583,2197,3318,3257,958.9,-8.1,469,10879,0.00,0.00,0.00,0.000,6,0.000,0.000,2584,2197,3287,3318,3257,0,0,0,0,0,0,26.77,26.79,26.78,8.72,55.98
$GC,11177,-0.89,-146.6,2583,2197,3318,3255,981.6,-7.2,479,11179,0.00,0.00,0.00,0.000,6,0.000,0.000,2584,2197,3286,3318,3255,0,0,0,0,0,0,26.77,26.79,26.78,8.72,56.61
$STATE,11295,end dive,TARGET_DEPTH_EXCEEDED
$STATE,11296,begin apogee
$GC,11303,-0.33,0.0,2583,1700,3318,3255,990.5,-7.4,483,11435,0.55,0.00,128.12,1.391,10246,0.113,0.000,2767,1700,2705,2796,2615,0,0,0,0,0,0,26.01,24.87,24.11,8.72,55.98
$STATE,11436,end apogee,CONTROL_FINISHED_OK
$STATE,11437,begin climb
$GC,11439,0.90,146.6,2767,1699,2792,2614,992.7,0.0,487,11582,1.15,0.00,137.80,1.328,10758,0.080,0.000,3165,1699,2107,2207,2008,0,0,0,0,0,0,25.08,24.51,23.80,8.67,54.60
$GC,11870,0.90,146.6,3165,1699,2201,2004,933.8,15.5,502,11876,0.00,2.22,0.00,0.000,516,0.000,0.050,3175,307,2102,2201,2004,0,0,0,0,0,0,26.24,25.89,26.25,8.61,54.76
$GC,11909,0.85,146.6,3175,307,2200,2004,928.4,15.6,503,11916,0.00,2.12,0.00,0.000,1030,0.000,0.030,3176,1712,2102,2201,2004,0,0,0,0,0,0,26.08,26.01,26.09,8.61,55.31
$GC,12231,0.79,146.6,3175,1712,2199,2003,878.2,15.0,514,12237,0.12,2.25,0.00,0.000,4612,0.152,0.050,3146,306,2100,2199,2002,0,0,0,0,0,0,26.07,26.15,26.22,8.60,55.74
$GC,12310,0.79,146.6,3146,305,2199,2003,869.5,14.0,516,12314,0.00,2.12,0.00,0.000,1030,0.000,0.030,3146,1699,2100,2199,2002,0,0,0,0,0,0,26.31,26.27,26.33,8.60,55.63
$GC,12629,0.79,146.6,3145,1700,2198,2002,828.7,11.9,527,12634,0.00,2.15,0.00,0.000,260,0.000,0.043,3146,3099,2100,2198,2002,0,0,0,0,0,0,26.66,26.29,26.67,8.59,56.37
$GC,12694,0.79,146.6,3146,3098,2198,2002,820.4,12.5,529,12699,0.00,2.08,0.00,0.000,1030,0.000,0.033,3154,1709,2100,2198,2002,0,0,0,0,0,0,26.43,26.34,26.46,8.60,56.14
$GC,13028,0.79,146.6,3153,1707,2197,2001,778.6,12.6,540,13033,0.00,2.22,0.00,0.000,516,0.000,0.050,3165,303,2099,2197,2001,0,0,0,0,0,0,26.72,26.29,26.72,8.60,56.77
$GC,13080,0.79,146.6,3164,302,2197,2001,774.2,12.7,541,13086,0.08,2.12,0.00,0.000,5126,0.142,0.031,3131,1706,2098,2196,2001,0,0,0,0,0,0,26.15,26.40,26.34,8.59,56.89
$GC,13395,0.79,146.6,3130,1706,2196,2000,736.7,11.2,552,13399,0.00,2.12,0.00,0.000,260,0.000,0.043,3131,3096,2098,2196,2000,0,0,0,0,0,0,26.74,26.35,26.74,8.59,57.04
$GC,13452,0.79,146.6,3130,3096,2196,2000,732.7,11.3,553,13460,0.00,2.08,0.00,0.000,1030,0.000,0.032,3137,1697,2098,2196,2001,0,0,0,0,0,0,26.48,26.40,26.51,8.59,56.73
$GC,13758,0.79,146.6,3137,1696,2195,2000,693.1,12.1,564,13760,0.00,0.00,0.00,0.000,6,0.000,0.000,3138,1696,2098,2196,2000,0,0,0,0,0,0,26.75,26.76,26.76,8.59,56.18
$GC,14059,0.79,146.6,3137,1696,2195,2000,656.0,12.3,574,14060,0.00,0.00,0.00,0.000,6,0.000,0.000,3137,1696,2097,2195,2000,0,0,0,0,0,0,26.76,26.77,26.77,8.59,56.81
$GC,14359,0.79,146.6,3137,1696,2194,2000,619.1,12.2,584,14360,0.00,0.00,0.00,0.000,6,0.000,0.000,3137,1695,2097,2194,2000,0,0,0,0,0,0,26.76,26.77,26.77,8.59,57.08
$GC,14659,0.79,146.6,3137,1696,2194,2000,581.9,12.5,594,14660,0.00,0.00,0.00,0.000,6,0.000,0.000,3137,1695,2097,2194,2000,0,0,0,0,0,0,26.76,26.77,26.77,8.59,56.30
$GC,14959,0.79,146.6,3137,1696,2193,2000,544.7,12.4,604,14960,0.00,0.00,0.00,0.000,6,0.000,0.000,3138,1696,2097,2194,2000,0,0,0,0,0,0,26.77,26.77,26.77,8.59,56.18
$GC,15259,0.79,146.6,3137,1696,2193,2000,509.2,11.6,614,15263,0.00,2.17,0.00,0.000,260,0.000,0.042,3137,3087,2096,2193,2000,0,0,0,0,0,0,26.77,26.34,26.77,8.60,56.73
$GC,15316,0.79,146.6,3137,3087,2193,2000,505.1,11.7,615,15323,0.00,2.08,0.00,0.000,1030,0.000,0.032,3145,1691,2096,2193,2000,0,0,0,0,0,0,26.48,26.39,26.51,8.60,55.86
$GC,15623,0.79,146.6,3144,1690,2193,2000,466.0,11.5,626,15628,0.00,2.22,0.00,0.000,516,0.000,0.050,3155,304,2096,2193,1999,0,0,0,0,0,0,26.76,26.29,26.77,8.60,56.37
$GC,15680,0.79,146.6,3155,304,2193,2000,461.9,11.6,627,15687,0.00,2.08,0.00,0.000,1030,0.000,0.030,3156,1705,2096,2193,2000,0,0,0,0,0,0,26.48,26.41,26.51,8.61,56.34
$GC,15987,0.79,146.6,3155,1705,2193,2000,422.7,11.7,638,15992,0.00,2.17,0.00,0.000,260,0.000,0.042,3156,3097,2096,2193,2000,0,0,0,0,0,0,26.77,26.34,26.77,8.61,56.02
$GC,16054,0.79,146.6,3155,3097,2193,2000,414.7,12.0,640,16058,0.00,2.10,0.00,0.000,1030,0.000,0.033,3155,1691,2096,2193,2000,0,0,0,0,0,0,26.46,26.38,26.50,8.61,55.71
$GC,16383,0.79,146.6,3155,1689,2193,1999,376.0,11.5,651,16384,0.00,0.00,0.00,0.000,6,0.000,0.000,3155,1688,2096,2193,2000,0,0,0,0,0,0,26.76,26.77,26.77,8.61,55.82
$GC,16684,0.79,147.3,3155,1688,2193,1999,344.7,10.0,661,16689,0.00,2.17,0.00,0.000,516,0.000,0.050,3155,306,2096,2193,2000,0,0,0,0,0,0,26.77,26.27,26.77,8.63,55.98
$GC,16749,0.79,147.3,3155,306,2193,1999,337.9,10.1,663,16754,0.00,2.10,0.00,0.000,1030,0.000,0.030,3156,1699,2096,2193,2000,0,0,0,0,0,0,26.43,26.41,26.47,8.63,55.82
$GC,17083,0.79,147.3,3155,1699,2193,2000,301.5,11.3,674,17085,0.00,0.00,0.00,0.000,6,0.000,0.000,3156,1699,2096,2193,2000,0,0,0,0,0,0,26.76,26.77,26.77,8.64,56.02
$GC,17394,0.79,147.3,3155,1699,2193,1999,265.9,11.7,689,17396,0.00,0.00,0.00,0.000,6,0.000,0.000,3156,1699,2096,2193,2000,0,0,0,0,0,0,26.76,26.77,26.77,8.66,55.35
$GC,17693,0.79,147.3,3155,1700,2193,2000,231.4,11.5,704,17697,0.00,2.15,0.00,0.000,260,0.000,0.042,3156,3101,2097,2194,2000,0,0,0,0,0,0,26.76,26.32,26.77,8.67,55.43
$GC,17731,0.79,147.3,3155,3102,2193,1999,228.8,11.6,705,17738,0.00,2.08,0.00,0.000,1030,0.000,0.031,3156,1697,2096,2193,2000,0,0,0,0,0,0,26.46,26.39,26.50,8.67,54.72
$GC,18039,0.79,147.3,3154,1696,2193,1999,192.4,11.4,721,18040,0.00,0.00,0.00,0.000,6,0.000,0.000,3155,1695,2096,2193,2000,0,0,0,0,0,0,26.76,26.77,26.77,8.68,54.60
$GC,18338,0.81,164.5,3155,1696,2193,2000,162.6,9.2,736,18358,0.00,0.00,15.48,0.792,8198,0.000,0.000,3156,1695,2032,2133,1932,0,0,0,0,0,0,26.77,26.05,25.39,8.69,54.68
$GC,18658,0.81,164.5,3155,1696,2133,1931,129.2,10.7,752,18659,0.00,0.00,0.00,0.000,6,0.000,0.000,3156,1695,2032,2133,1932,0,0,0,0,0,0,26.63,26.64,26.63,8.70,54.25
$GC,18958,0.87,227.3,3155,1695,2133,1932,103.9,7.1,767,19020,0.00,2.25,54.42,0.779,8452,0.000,0.040,3155,3099,1776,1918,1635,0,0,0,0,0,0,26.69,25.47,24.88,8.71,53.54
$GC,19064,1.02,318.7,3155,3099,1917,1634,98.3,5.8,773,19144,0.10,2.12,73.22,0.747,11270,0.080,0.029,3230,1699,1405,1576,1234,0,0,0,0,0,0,25.79,25.80,24.67,8.71,52.79
$GC,19453,1.02,321.3,3230,1699,1563,1228,62.8,9.9,812,19458,0.00,2.20,0.00,0.000,260,0.000,0.041,3230,3101,1395,1563,1228,0,0,0,0,0,0,26.39,26.06,26.40,8.76,54.01
$GC,19520,1.02,321.3,3230,3101,1561,1227,55.0,12.3,818,19524,0.00,2.10,0.00,0.000,1030,0.000,0.030,3230,1697,1394,1561,1227,0,0,0,0,0,0,26.21,26.14,26.23,8.78,54.56
$GC,19848,1.03,325.4,3230,1694,1560,1227,22.5,9.8,874,19858,0.00,2.17,2.10,0.182,8708,0.000,0.044,3234,305,1377,1546,1209,0,0,0,0,0,0,26.60,25.80,25.20,8.84,53.66
$GC,19937,1.03,325.4,3233,305,1546,1209,13.3,10.8,889,19944,0.00,2.05,0.00,0.000,1030,0.000,0.026,3234,1706,1377,1546,1209,0,0,0,0,0,0,26.38,26.32,26.40,8.86,53.30
$STATE,20029,end climb,SURFACE_DEPTH_REACHED
$STATE,20029,begin surface coast
$FINISH,-0.1,1.023146
$STATE,20060,end surface coast,CONTROL_FINISHED_OK
$STATE,20061,begin surface
$SM_CCo,20141,0.00,0.000,0,0,1377,326.25
$SM_GC,0.34,7.68,0.70,0.00,0.026,0.035,0.000,167,2190,1377,-8.27,-1.78,326.25,0,0,0,0,0,0,26.39,26.34,26.43
$IRIDIUM_FIX,126.88,-13911.99,081224,202149
$TT8_MAMPS,0.026215,0.378245
$HUMID,51.14
$INTERNAL_PRESSURE,8.85904
$TCM_TEMP,20.00
$XPDR_PINGS,0
$ALTIM_TOP_PING,19.8,19.2
$24V_AH,23.80,15.382
$10V_AH,10.25,15.137
$FG_AHR_24Vo,0.000
$FG_AHR_10Vo,0.000
$DEVICES,Pitch_motor,Roll_motor,VBD_pump_during_apogee,VBD_pump_during_surface,VBD_valve,Iridium_during_init,Iridium_during_connect,Iridium_during_xfer,Transponder_ping,GUMSTIX_24V,GPS,TT8,LPSleep,TT8_Active,TT8_Sampling,TT8_CF8,TT8_Kalman,Analog_circuits,GPS_charging,Compass,RAFOS,Transponder,Compass2
$DEVICE_SECS,19.325,136.400,411.150,0.000,0.000,0.000,0.000,323.725,0.250,0.000,27.449,3107.377,13539.678,528.525,3051.687,374.827,0.000,2104.607,0.000,2339.989,0.000,2.765,0.000
$DEVICE_MAMPS,214.200,53.550,1390.770,0.000,0.000,0.000,0.000,87.210,420.000,0.000,30.710,15.210,2.190,15.210,43.670,53.410,0.000,14.000,0.000,8.240,0.000,30.000,0.000
$SENSORS,SBE_CT,WL_blue_red_Chl,AA4330,nil,nil,nil,nil,nil,nil,nil
$SENSOR_SECS,785.753,991.934,1261.010,0.000,0.000,0.000,0.000,0.000,0.000,0.000
$SENSOR_MAMPS,22.470,105.000,11.230,0.000,0.000,0.000,0.000,0.000,0.000,0.000
$MEM,312512
$DATA_FILE_SIZE,65974,911
$CAP_FILE_SIZE,167417,0
$CFSIZE,2097872896,2082308096
$ERRORS,0,0,0,0,0,0,0,0,0,0,0,0,0,0,2,0
$CURRENT,0.033,186.25,1
$GPS,250405,080044,130.277,-13918.730,43,0.9,58,9.4,1.4,293.0,9,4.8
