version: 66.14
glider: 195
mission: 21
dive: 438
start: 7 29 105 16 31 21
data:
$ID,195
$MISSION,21
$DIVE,438
$N_DIVES,0
$STOP_T,0
$D_SURF,3
$D_FLARE,2
$D_TGT,990
$D_ABORT,1090
$D_NO_BLEED,50
$D_BOOST,3
$T_BOOST,0
$D_FINISH,0
$D_PITCH,0
$D_SAFE,0
$D_CALL,0
$SURFACE_URGENCY,0
$SURFACE_URGENCY_TRY,0
$SURFACE_URGENCY_FORCE,0
$T_DIVE,330
$T_MISSION,600
$T_ABORT,1440
$T_TURN,300
$T_TURN_SAMPINT,5
$T_NO_W,120
$T_LOITER,0
$T_SLOITER,60
$T_EPIRB,0
$USE_BATHY,0
$USE_ICE,0
$ICE_FREEZE_MARGIN,0.30000001
$D_OFFGRID,990
$T_WATCHDOG,10
$RELAUNCH,1
$APOGEE_PITCH,-8
$MAX_BUOY,150
$COURSE_BIAS,0
$GLIDE_SLOPE,30
$SPEED_FACTOR,1
$RHO,1.023
$MASS,54002
$MASS_COMP,0
$NAV_MODE,2
$FERRY_MAX,45
$KALMAN_USE,2
$HD_A,0.0038000001
$HD_B,0.0099999998
$HD_C,9.8500004e-06
$HEADING,-1
$ESCAPE_HEADING,0
$ESCAPE_HEADING_DELTA,10
$FIX_MISSING_TIMEOUT,0
$TGT_DEFAULT_LAT,4736
$TGT_DEFAULT_LON,-12225
$TGT_AUTO_DEFAULT,0
$SM_CC,565.6618
$N_FILEKB,4
$FILEMGR,0
$CALL_NDIVES,1
$COMM_SEQ,0
$PROTOCOL,9
$N_NOCOMM,1
$NOCOMM_ACTION,0
$N_NOSURFACE,0
$UPLOAD_DIVES_MAX,-1
$CALL_TRIES,5
$CALL_WAIT,60
$CAPUPLOAD,0
$CAPMAXSIZE,200000
$HEAPDBG,0
$T_GPS,15
$N_GPS,50840
$T_RSLEEP,2
$STROBE,0
$RAFOS_PEAK_OFFSET,1.5
$RAFOS_CORR_THRESH,60
$RAFOS_HIT_WINDOW,3600
$RAFOS_MMODEM,0
$PITCH_MIN,207
$PITCH_MAX,3915
$C_PITCH,2884
$PITCH_DBAND,0.1
$PITCH_CNV,0.003125763
$P_OVSHOOT,0.039999999
$P_OVSHOOT_WITHG,0.079999998
$PITCH_GAIN,19.15
$PITCH_TIMEOUT,17
$PITCH_AD_RATE,160
$PITCH_MAXERRORS,1
$PITCH_ADJ_GAIN,0.02
$PITCH_ADJ_DBAND,2.5
$ROLL_MIN,224
$ROLL_MAX,3758
$ROLL_DEG,40
$C_ROLL_DIVE,2243
$C_ROLL_CLIMB,1718
$HEAD_ERRBAND,10
$ROLL_CNV,0.028270001
$ROLL_TIMEOUT,15
$R_PORT_OVSHOOT,53
$R_STBD_OVSHOOT,42
$ROLL_AD_RATE,350
$ROLL_MAXERRORS,2
$ROLL_ADJ_GAIN,0
$ROLL_ADJ_DBAND,0
$VBD_MIN,500
$VBD_MAX,3960
$C_VBD,2806
$VBD_DBAND,2
$VBD_CNV,-0.24529999
$VBD_LP_IGNORE,0
$VBD_TIMEOUT,720
$PITCH_VBD_SHIFT,0.001
$VBD_PUMP_AD_RATE_SURFACE,5
$VBD_PUMP_AD_RATE_APOGEE,4
$VBD_BLEED_AD_RATE,8
$UNCOM_BLEED,60
$VBD_MAXERRORS,1
$W_ADJ_DBAND,0
$DBDW,0
$PITCH_W_GAIN,0
$PITCH_W_DBAND,0
$CF8_MAXERRORS,5
$AH0_24V,150
$AH0_10V,97
$MINV_24V,19
$MINV_10V,8
$MAXI_24V,0.80000001
$MAXI_10V,0.60000002
$FG_AHR_10V,0
$FG_AHR_24V,0
$PHONE_SUPPLY,-2
$PRESSURE_YINT,-49.397121
$PRESSURE_SLOPE,0.0001168043
$AD7714Ch0Gain,128
$TCM_PITCH_OFFSET,0
$TCM_ROLL_OFFSET,0
$COMPASS_USE,4
$ALTIM_BOTTOM_PING_RANGE,0
$ALTIM_TOP_PING_RANGE,20
$ALTIM_BOTTOM_TURN_MARGIN,0
$ALTIM_TOP_TURN_MARGIN,0
$ALTIM_TOP_MIN_OBSTACLE,1
$ALTIM_PING_DEPTH,0
$ALTIM_PING_DELTA,0
$ALTIM_FREQUENCY,13
$ALTIM_PULSE,3
$ALTIM_SENSITIVITY,3
$XPDR_VALID,5
$XPDR_INHIBIT,90
$INT_PRESSURE_SLOPE,0.0097660003
$INT_PRESSURE_YINT,-0.77999997
$DEEPGLIDER,0
$MOTHERBOARD,4
$DEVICE1,2
$DEVICE2,115
$DEVICE3,101
$DEVICE4,-1
$DEVICE5,-1
$DEVICE6,-1
$LOGGERS,0
$LOGGERDEVICE1,-1
$LOGGERDEVICE2,-1
$LOGGERDEVICE3,-1
$LOGGERDEVICE4,-1
$COMPASS_DEVICE,33
$COMPASS2_DEVICE,-1
$PHONE_DEVICE,49
$GPS_DEVICE,32
$RAFOS_DEVICE,-1
$XPDR_DEVICE,24
$SIM_W,0
$SIM_PITCH,0
$SEABIRD_T_G,0.0044178674
$SEABIRD_T_H,0.00064818078
$SEABIRD_T_I,2.6779007e-05
$SEABIRD_T_J,3.3667231e-06
$SEABIRD_C_G,-10.098215
$SEABIRD_C_H,1.1454017
$SEABIRD_C_I,-0.0021276253
$SEABIRD_C_J,0.00025532115
$SEABIRD_C_Z,2974.52
$GPS1,290705,161936,738.4786,-14032.3740,75,0.9,111,9.3,0.5,350.9,8,4.7
$_CALLS,3
$_XMS_NAKs,0
$_XMS_TOUTs,0
$_SM_DEPTHo,-0.03
$_SM_ANGLEo,-50.1
$GPS2,290705,163041,738.5025,-14032.3936,18,0.8,27,9.3,1.5,276.6,10,4.9
$SPEED_LIMITS,0.173,0.262
$TGT_NAME,TX2
$TGT_LATLONG,1145.000,-14800.000
$TGT_RADIUS,10000.000
$KALMAN_CONTROL,0.000000,0.000000
$KALMAN_X,0.000000,0.000000,0.000000,0.000000,0.000000
$KALMAN_Y,0.000000,0.000000,0.000000,0.000000,0.000000
$MHEAD_RNG_PITCHd_Wd,255.3,931178,-18.1,-10.000,-20.93,2235
$D_GRID,990
$GCHEAD,st_secs,pitch_ctl,vbd_ctl,pitch_ad_start,roll_ad_start,vbd_pot1_ad_start,vbd_pot2_ad_start,depth,ob_vertv,data_pts,end_secs,pitch_secs,roll_secs,vbd_secs,vbd_i,gcphase,pitch_i,roll_i,pitch_ad,roll_ad,vbd_ad,vbd_pot1_ad,vbd_pot2_ad,pitch_retries,pitch_errors,roll_retries,roll_errors,vbd_retries,vbd_errors,pitch_volts,roll_volts,vbd_volts,int_press,humidity
$STATE,6,end surface,CONTROL_FINISHED_OK
$STATE,6,begin dive
$GC,74,-1.09,-146.6,112,2252,543,460,0.2,-0.5,6,163,0.00,0.00,-86.03,0.000,16386,0.000,0.000,109,2252,2819,2837,2802,0,0,0,0,0,0,26.38,28.83,26.39,8.80,52.95
$GC,167,-1.09,-146.6,109,2252,2837,2802,2.8,-5.2,15,196,9.35,2.20,-12.30,0.000,18692,0.202,0.054,2518,3650,3404,3421,3387,0,0,0,0,0,0,24.89,25.38,25.07,9.04,52.12
$GC,305,-0.96,-146.6,2517,3650,3425,3387,27.9,-18.3,28,314,0.17,2.10,0.00,0.000,3078,0.140,0.020,2570,2205,3406,3425,3387,0,0,0,0,0,0,25.61,26.10,25.77,9.11,52.71
$GC,493,-0.96,-146.6,2570,2205,3427,3387,58.7,-13.6,44,498,0.00,2.25,0.00,0.000,260,0.000,0.043,2562,3650,3406,3426,3387,0,0,0,0,0,0,26.53,25.92,26.53,9.13,52.20
$GC,640,-0.90,-146.6,2561,3650,3428,3387,78.2,-12.9,51,646,0.08,2.05,0.00,0.000,3078,0.134,0.020,2586,2237,3407,3428,3387,0,0,0,0,0,0,25.89,26.20,25.95,9.14,52.75
$GC,846,-0.90,-146.6,2586,2237,3430,3387,96.5,-8.5,61,852,0.00,2.20,0.00,0.000,260,0.000,0.042,2578,3656,3408,3430,3387,0,0,0,0,0,0,26.58,25.98,26.58,9.13,51.77
$GC,969,-0.90,-146.6,2577,3656,3430,3387,107.1,-8.4,67,973,0.00,2.00,0.00,0.000,1030,0.000,0.020,2578,2251,3409,3431,3387,0,0,0,0,0,0,26.29,26.23,26.30,9.12,51.81
$GC,1173,-0.90,-146.6,2577,2251,3432,3387,122.8,-8.0,77,1177,0.00,2.05,0.00,0.000,516,0.000,0.028,2578,858,3409,3432,3387,0,0,0,0,0,0,26.60,26.12,26.60,9.09,51.85
$GC,1318,-0.90,-146.6,2578,858,3433,3387,135.4,-8.8,84,1323,0.00,2.05,0.00,0.000,1030,0.000,0.025,2569,2258,3410,3433,3387,0,0,0,0,0,0,26.22,26.15,26.25,9.08,52.12
$GC,1524,-0.90,-146.6,2568,2258,3433,3387,149.2,-6.3,94,1528,0.00,2.08,0.00,0.000,516,0.000,0.028,2569,859,3410,3433,3387,0,0,0,0,0,0,26.60,26.13,26.61,9.06,51.61
$GC,1600,-0.90,-146.6,2568,858,3434,3387,153.9,-7.1,97,1608,0.10,2.03,0.00,0.000,3078,0.145,0.025,2591,2243,3410,3434,3387,0,0,0,0,0,0,25.90,26.16,26.01,9.05,51.73
$GC,1787,-0.90,-146.6,2590,2243,3434,3387,167.8,-7.1,107,1789,0.00,0.00,0.00,0.000,6,0.000,0.000,2591,2243,3410,3434,3387,0,0,0,0,0,0,26.60,26.61,26.61,9.03,52.04
$GC,1968,-0.90,-146.6,2590,2243,3434,3387,182.2,-8.4,116,1972,0.00,2.05,0.00,0.000,516,0.000,0.029,2591,862,3410,3434,3387,0,0,0,0,0,0,26.60,26.13,26.61,9.02,52.63
$GC,2136,-0.90,-146.6,2591,862,3434,3387,195.9,-8.1,124,2140,0.00,2.03,0.00,0.000,1030,0.000,0.026,2584,2241,3410,3434,3387,0,0,0,0,0,0,26.23,26.15,26.26,9.01,52.59
$GC,2355,-0.90,-146.6,2584,2241,3434,3387,212.3,-7.5,131,2359,0.00,2.05,0.00,0.000,516,0.000,0.029,2584,862,3410,3434,3387,0,0,0,0,0,0,26.61,26.13,26.62,9.00,53.26
$GC,2417,-0.90,-146.6,2584,862,3434,3387,215.7,-7.6,132,2421,0.00,2.05,0.00,0.000,1030,0.000,0.026,2576,2254,3410,3434,3387,0,0,0,0,0,0,26.23,26.15,26.26,8.99,53.78
$GC,2640,-0.90,-146.6,2575,2254,3433,3387,235.4,-8.2,138,2645,0.00,2.08,0.00,0.000,516,0.000,0.029,2576,863,3410,3434,3387,0,0,0,0,0,0,26.60,26.13,26.62,8.97,54.68
$GC,2768,-0.90,-146.6,2575,863,3434,3387,246.7,-8.9,141,2773,0.00,2.05,0.00,0.000,1030,0.000,0.026,2567,2251,3409,3433,3386,0,0,0,0,0,0,26.22,26.15,26.25,8.96,54.68
$GC,2972,-0.90,-146.6,2566,2252,3433,3386,264.5,-8.5,146,2977,0.00,2.08,0.00,0.000,516,0.000,0.029,2567,859,3409,3433,3386,0,0,0,0,0,0,26.61,26.13,26.62,8.95,55.35
$GC,3080,-0.90,-146.6,2566,859,3433,3386,271.3,-8.1,148,3087,0.12,2.05,0.00,0.000,3078,0.133,0.026,2598,2247,3409,3433,3386,0,0,0,0,0,0,25.86,26.15,25.99,8.95,55.19
$GC,3298,-0.98,-146.6,2597,2247,3433,3385,286.5,-6.0,154,3302,0.00,2.08,0.00,0.000,516,0.000,0.030,2598,858,3409,3433,3385,0,0,0,0,0,0,26.61,26.11,26.62,8.94,55.11
$GC,3391,-1.05,-146.6,2597,857,3432,3384,291.9,-6.1,156,3398,0.08,2.05,0.00,0.000,5126,0.093,0.027,2515,2246,3408,3433,3383,0,0,0,0,0,0,26.12,26.15,26.20,8.94,55.19
$GC,3585,-1.05,-146.6,2514,2245,3432,3382,307.6,-8.0,161,3590,0.10,2.08,0.00,0.000,2564,0.148,0.030,2545,863,3407,3432,3382,0,0,0,0,0,0,26.14,26.11,26.20,8.92,55.59
$GC,3648,-1.05,-146.6,2544,858,3433,3382,311.5,-8.2,162,3652,0.00,2.05,0.00,0.000,1030,0.000,0.027,2538,2240,3407,3432,3382,0,0,0,0,0,0,26.22,26.15,26.25,8.92,56.02
$GC,3872,-1.05,-146.6,2537,2241,3432,3380,332.2,-8.6,168,3876,0.00,2.08,0.00,0.000,516,0.000,0.030,2538,858,3406,3432,3381,0,0,0,0,0,0,26.61,26.11,26.62,8.92,55.90
$GC,3999,-1.05,-146.6,2537,858,3431,3380,343.7,-9.2,171,4003,0.00,2.08,0.00,0.000,1030,0.000,0.027,2529,2255,3405,3431,3380,0,0,0,0,0,0,26.22,26.14,26.25,8.91,56.49
$GC,4203,-1.05,-146.6,2528,2255,3430,3379,363.2,-9.4,176,4207,0.00,2.10,0.00,0.000,516,0.000,0.030,2528,855,3405,3431,3380,0,0,0,0,0,0,26.61,26.10,26.62,8.90,56.30
$GC,4305,-1.05,-146.6,2528,855,3430,3379,371.6,-9.7,178,4309,0.00,2.08,0.00,0.000,1030,0.000,0.027,2519,2253,3404,3430,3379,0,0,0,0,0,0,26.22,26.14,26.25,8.90,56.69
$GC,4528,-1.05,-146.6,2519,2253,3429,3378,396.4,-10.3,184,4532,0.00,2.10,0.00,0.000,516,0.000,0.030,2519,859,3403,3429,3377,0,0,0,0,0,0,26.62,26.10,26.62,8.89,57.67
$GC,4629,-1.05,-146.6,2518,859,3429,3377,405.5,-10.5,186,4634,0.10,2.08,0.00,0.000,3078,0.152,0.027,2541,2254,3403,3429,3378,0,0,0,0,0,0,25.86,26.14,25.98,8.89,57.32
$GC,4849,-1.05,-146.6,2540,2253,3428,3376,429.1,-9.8,192,4853,0.00,2.10,0.00,0.000,516,0.000,0.030,2541,860,3402,3428,3376,0,0,0,0,0,0,26.61,26.10,26.62,8.88,57.52
$GC,4955,-1.05,-146.6,2540,860,3427,3376,437.3,-9.7,194,4960,0.00,2.05,0.00,0.000,1030,0.000,0.027,2535,2242,3401,3427,3376,0,0,0,0,0,0,26.22,26.14,26.25,8.87,57.71
$GC,5175,-1.05,-146.6,2534,2242,3426,3375,458.6,-8.6,200,5180,0.00,2.08,0.00,0.000,516,0.000,0.030,2535,865,3400,3426,3375,0,0,0,0,0,0,26.61,26.10,26.62,8.87,57.56
$GC,5232,-1.05,-146.6,2534,865,3426,3375,462.3,-8.5,201,5236,0.00,2.05,0.00,0.000,1030,0.000,0.027,2526,2244,3401,3426,3376,0,0,0,0,0,0,26.22,26.13,26.25,8.87,57.24
$GC,5421,-1.05,-146.6,2525,2243,3424,3374,477.7,-7.5,206,5426,0.00,2.08,0.00,0.000,516,0.000,0.030,2526,864,3399,3424,3374,0,0,0,0,0,0,26.61,26.09,26.62,8.87,57.83
$GC,5508,-1.05,-146.6,2525,864,3424,3374,483.8,-7.3,208,5512,0.00,2.05,0.00,0.000,1030,0.000,0.028,2517,2245,3399,3424,3374,0,0,0,0,0,0,26.21,26.13,26.24,8.86,57.48
$GC,5707,-1.05,-146.6,2516,2245,3423,3373,497.4,-6.8,213,5712,0.00,2.10,0.00,0.000,516,0.000,0.031,2516,856,3397,3422,3373,0,0,0,0,0,0,26.61,26.08,26.62,8.85,58.42
$GC,5809,-1.05,-146.6,2516,856,3422,3373,503.6,-7.1,215,5815,0.12,2.08,0.00,0.000,3078,0.143,0.028,2545,2243,3398,3423,3374,0,0,0,0,0,0,25.80,26.13,25.94,8.85,57.83
$GC,6035,-1.05,-146.6,2544,2243,3422,3371,520.8,-7.1,221,6039,0.00,2.08,0.00,0.000,516,0.000,0.031,2545,865,3397,3422,3372,0,0,0,0,0,0,26.61,26.08,26.62,8.85,58.15
$GC,6128,-1.05,-146.6,2544,865,3422,3371,527.7,-7.6,223,6132,0.00,2.08,0.00,0.000,1030,0.000,0.028,2539,2255,3396,3421,3371,0,0,0,0,0,0,26.20,26.12,26.23,8.85,58.30
$GC,6322,-1.05,-146.6,2538,2255,3421,3370,544.5,-8.4,228,6326,0.00,2.10,0.00,0.000,516,0.000,0.031,2539,861,3395,3421,3370,0,0,0,0,0,0,26.61,26.08,26.62,8.84,58.15
$GC,6409,-1.05,-146.6,2538,861,3421,3370,552.4,-8.8,230,6413,0.00,2.08,0.00,0.000,1030,0.000,0.028,2530,2252,3395,3421,3370,0,0,0,0,0,0,26.20,26.11,26.23,8.84,58.42
$GC,6608,-1.05,-146.6,2529,2252,3420,3368,570.7,-9.2,235,6612,0.00,2.12,0.00,0.000,516,0.000,0.031,2529,868,3394,3420,3368,0,0,0,0,0,0,26.61,26.08,26.62,8.83,58.70
$GC,6735,-1.05,-146.6,2529,868,3420,3368,582.6,-9.5,238,6739,0.00,2.05,0.00,0.000,1030,0.000,0.028,2521,2245,3394,3420,3368,0,0,0,0,0,0,26.20,26.11,26.22,8.83,58.58
$GC,6939,-1.05,-146.6,2521,2245,3419,3367,601.9,-9.3,243,6943,0.00,2.10,0.00,0.000,516,0.000,0.031,2521,859,3393,3419,3367,0,0,0,0,0,0,26.61,26.06,26.62,8.83,58.70
$GC,7036,-1.05,-146.6,2520,859,3419,3367,609.9,-9.5,245,7041,0.10,2.08,0.00,0.000,3078,0.151,0.028,2542,2246,3393,3419,3367,0,0,0,0,0,0,25.84,26.10,25.96,8.82,58.54
$GC,7227,-1.05,-146.6,2541,2245,3418,3366,627.5,-8.5,250,7231,0.00,2.10,0.00,0.000,516,0.000,0.031,2542,862,3392,3418,3367,0,0,0,0,0,0,26.61,26.06,26.62,8.81,59.17
$GC,7344,-1.05,-146.6,2541,862,3418,3366,634.9,-8.6,252,7352,0.00,2.05,0.00,0.000,1030,0.000,0.028,2536,2244,3392,3418,3366,0,0,0,0,0,0,26.19,26.10,26.22,8.82,59.01
$GC,7551,-1.05,-146.6,2535,2244,3418,3365,654.3,-8.0,258,7555,0.00,2.10,0.00,0.000,516,0.000,0.031,2536,857,3391,3418,3365,0,0,0,0,0,0,26.61,26.05,26.62,8.81,59.49
$GC,7678,-1.05,-146.6,2535,857,3418,3365,664.4,-8.0,261,7682,0.00,2.08,0.00,0.000,1030,0.000,0.028,2527,2245,3391,3417,3365,0,0,0,0,0,0,26.18,26.10,26.21,8.81,58.86
$GC,7882,-1.05,-146.6,2527,2245,3416,3364,680.4,-7.7,266,7886,0.00,2.10,0.00,0.000,516,0.000,0.031,2527,864,3390,3417,3364,0,0,0,0,0,0,26.61,26.05,26.62,8.80,59.13
$GC,7989,-1.05,-146.6,2526,863,3416,3364,687.0,-7.8,268,7993,0.00,2.08,0.00,0.000,1030,0.000,0.028,2518,2249,3390,3416,3364,0,0,0,0,0,0,26.17,26.09,26.21,8.81,59.17
$GC,8207,-1.05,-146.6,2518,2249,3415,3363,706.8,-8.2,274,8212,0.00,2.10,0.00,0.000,516,0.000,0.031,2518,866,3389,3415,3363,0,0,0,0,0,0,26.61,26.04,26.62,8.80,59.56
$GC,8304,-1.05,-146.6,2518,866,3415,3363,714.3,-8.6,276,8311,0.12,2.08,0.00,0.000,3078,0.144,0.029,2548,2251,3389,3415,3363,0,0,0,0,0,0,25.77,26.09,25.89,8.79,59.88
$GC,8531,-1.05,-146.6,2547,2251,3415,3362,734.8,-8.5,282,8536,0.00,2.10,0.00,0.000,516,0.000,0.032,2548,868,3388,3415,3362,0,0,0,0,0,0,26.61,26.03,26.62,8.79,59.37
$GC,8644,-1.05,-146.6,2547,868,3414,3362,742.5,-8.8,284,8648,0.00,2.08,0.00,0.000,1030,0.000,0.029,2541,2251,3388,3414,3362,0,0,0,0,0,0,26.17,26.08,26.20,8.79,59.64
$GC,8858,-1.05,-146.6,2540,2251,3414,3361,764.4,-9.2,290,8862,0.00,2.12,0.00,0.000,516,0.000,0.032,2541,857,3387,3414,3361,0,0,0,0,0,0,26.61,26.03,26.62,8.79,59.92
$GC,8944,-1.05,-146.6,2540,857,3414,3361,772.6,-9.5,292,8948,0.00,2.08,0.00,0.000,1030,0.000,0.028,2532,2243,3387,3414,3361,0,0,0,0,0,0,26.17,26.08,26.20,8.78,59.80
$GC,9150,-1.05,-146.6,2531,2243,3413,3360,792.0,-9.4,297,9154,0.00,2.10,0.00,0.000,516,0.000,0.032,2531,859,3386,3413,3360,0,0,0,0,0,0,26.61,26.03,26.62,8.78,60.15
$GC,9242,-1.05,-146.6,2531,859,3413,3360,800.4,-9.5,299,9246,0.00,2.08,0.00,0.000,1030,0.000,0.029,2523,2243,3386,3413,3360,0,0,0,0,0,0,26.16,26.08,26.19,8.78,60.12
$GC,9436,-1.05,-146.6,2523,2243,3412,3360,819.1,-9.2,304,9440,0.00,2.12,0.00,0.000,516,0.000,0.032,2523,868,3386,3412,3360,0,0,0,0,0,0,26.61,26.03,26.62,8.77,60.43
$GC,9528,-1.05,-146.6,2523,868,3412,3359,826.9,-9.2,306,9533,0.00,2.08,0.00,0.000,1030,0.000,0.029,2514,2233,3386,3412,3360,0,0,0,0,0,0,26.11,26.07,26.13,8.77,59.80
$GC,9723,-1.05,-146.6,2514,2233,3411,3359,845.3,-9.0,311,9730,0.10,2.10,0.00,0.000,2564,0.154,0.032,2544,857,3385,3411,3359,0,0,0,0,0,0,26.10,26.01,26.16,8.77,60.75
$GC,9806,-1.05,-146.6,2544,857,3411,3359,852.4,-8.7,313,9810,0.00,2.10,0.00,0.000,1030,0.000,0.029,2537,2254,3385,3412,3359,0,0,0,0,0,0,26.15,26.06,26.18,8.77,60.19
$GC,10010,-1.05,-146.6,2537,2254,3411,3358,868.7,-8.0,318,10015,0.00,2.12,0.00,0.000,516,0.000,0.032,2537,860,3384,3411,3358,0,0,0,0,0,0,26.61,26.01,26.62,8.76,60.43
$GC,10113,-1.05,-146.6,2536,860,3411,3358,875.6,-8.0,320,10117,0.00,2.08,0.00,0.000,1030,0.000,0.029,2528,2242,3384,3411,3358,0,0,0,0,0,0,26.15,26.06,26.18,8.77,60.15
$GC,10337,-1.05,-146.6,2528,2242,3410,3357,894.4,-7.8,326,10341,0.00,2.10,0.00,0.000,516,0.000,0.032,2528,864,3383,3410,3357,0,0,0,0,0,0,26.60,26.00,26.62,8.76,60.31
$GC,10420,-1.05,-146.6,2527,864,3410,3357,901.2,-7.8,328,10424,0.00,2.08,0.00,0.000,1030,0.000,0.029,2519,2242,3383,3410,3357,0,0,0,0,0,0,26.14,26.06,26.17,8.76,61.06
$GC,10624,-1.05,-146.6,2518,2242,3409,3357,917.1,-7.8,333,10628,0.00,2.10,0.00,0.000,516,0.000,0.033,2519,867,3383,3409,3357,0,0,0,0,0,0,26.61,25.99,26.62,8.75,60.98
$GC,10721,-1.05,-146.6,2518,867,3409,3357,924.0,-8.1,335,10728,0.10,2.08,0.00,0.000,3078,0.151,0.029,2540,2247,3383,3409,3357,0,0,0,0,0,0,25.77,26.04,25.89,8.75,60.63
$GC,10948,-1.05,-146.6,2540,2246,3409,3356,942.8,-7.8,341,10952,0.00,2.10,0.00,0.000,516,0.000,0.033,2540,868,3382,3409,3356,0,0,0,0,0,0,26.61,25.99,26.62,8.75,60.94
$GC,11082,-1.05,-146.6,2540,868,3409,3356,953.0,-8.1,344,11086,0.00,2.08,0.00,0.000,1030,0.000,0.030,2534,2250,3382,3409,3355,0,0,0,0,0,0,26.13,26.04,26.16,8.75,60.47
$GC,11277,-1.05,-146.6,2534,2249,3408,3355,969.8,-8.2,349,11281,0.00,2.10,0.00,0.000,516,0.000,0.033,2534,867,3381,3408,3355,0,0,0,0,0,0,26.60,25.98,26.62,8.74,60.82
$GC,11369,-1.05,-146.6,2533,867,3408,3355,977.2,-8.4,351,11373,0.00,2.08,0.00,0.000,1030,0.000,0.029,2525,2245,3381,3408,3355,0,0,0,0,0,0,26.13,26.03,26.15,8.74,61.06
$STATE,11519,end dive,TARGET_DEPTH_EXCEEDED
$STATE,11520,begin apogee
$GC,11527,-0.42,0.0,2525,1728,3407,3354,990.9,-8.4,355,11662,0.68,0.00,131.18,1.342,10246,0.104,0.000,2751,1727,2804,2904,2704,0,0,0,0,0,0,25.46,24.23,22.89,8.74,61.69
$STATE,11664,end apogee,CONTROL_FINISHED_OK
$STATE,11664,begin climb
$GC,11667,1.09,146.6,2751,1727,2902,2704,996.7,0.0,358,11821,1.35,2.35,141.12,1.295,10500,0.063,0.037,3229,3118,2205,2291,2120,0,0,0,0,0,0,24.82,24.26,22.96,8.69,59.41
$GC,11943,0.92,166.8,3229,3118,2291,2120,979.5,9.1,365,11971,0.20,2.12,21.35,1.213,13318,0.132,0.027,3177,1720,2123,2212,2034,0,0,0,0,0,0,25.46,25.79,23.56,8.64,59.21
$GC,12173,0.94,188.3,3177,1720,2211,2033,957.6,9.0,371,12201,0.00,2.28,21.90,1.226,8452,0.000,0.038,3178,3122,2036,2131,1941,0,0,0,0,0,0,26.31,25.02,23.66,8.62,59.80
$GC,12312,0.95,198.7,3177,3122,2131,1941,946.0,9.5,374,12334,0.00,2.12,11.20,1.132,9222,0.000,0.027,3185,1720,1993,2096,1890,0,0,0,0,0,0,25.94,25.86,23.75,8.61,59.64
$GC,12535,0.95,198.7,3184,1720,2096,1890,921.6,10.0,380,12541,0.00,2.20,0.00,0.000,260,0.000,0.039,3185,3127,1993,2096,1890,0,0,0,0,0,0,26.35,25.91,26.36,8.61,60.35
$GC,12618,0.95,198.7,3184,3127,2096,1890,913.0,10.2,382,12623,0.00,2.15,0.00,0.000,1030,0.000,0.027,3193,1709,1993,2096,1890,0,0,0,0,0,0,26.12,26.04,26.14,8.61,60.47
$GC,12812,0.95,198.7,3192,1708,2096,1890,893.4,10.1,387,12817,0.00,2.22,0.00,0.000,260,0.000,0.038,3193,3118,1993,2096,1890,0,0,0,0,0,0,26.50,26.03,26.51,8.61,60.98
$GC,12915,0.95,198.7,3192,3119,2096,1890,884.6,10.1,389,12922,0.00,2.12,0.00,0.000,1030,0.000,0.028,3194,1702,1993,2096,1890,0,0,0,0,0,0,26.20,26.12,26.22,8.61,60.71
$GC,13137,0.96,208.2,3193,1702,2096,1890,861.3,9.6,395,13153,0.00,2.22,10.68,1.133,8452,0.000,0.038,3194,3127,1954,2059,1850,0,0,0,0,0,0,26.56,25.28,23.80,8.60,62.08
$GC,13242,0.97,216.5,3193,3127,2060,1850,853.5,9.6,397,13259,0.00,2.12,10.00,1.107,9222,0.000,0.027,3201,1726,1920,2032,1808,0,0,0,0,0,0,26.08,26.01,23.78,8.60,61.45
$GC,13459,0.98,227.7,3201,1726,2032,1808,830.4,9.5,403,13476,0.00,2.22,12.50,1.136,8452,0.000,0.037,3201,3128,1874,1995,1753,0,0,0,0,0,0,26.39,24.69,23.80,8.59,61.97
$GC,13552,0.99,236.6,3201,3128,1995,1753,822.8,9.6,405,13568,0.00,2.15,10.32,1.089,9222,0.000,0.028,3209,1711,1838,1963,1713,0,0,0,0,0,0,25.95,25.87,23.76,8.59,60.94
$GC,13778,1.00,245.6,3209,1711,1963,1713,799.5,9.6,411,13793,0.00,2.22,10.50,1.092,8452,0.000,0.038,3210,3126,1800,1930,1671,0,0,0,0,0,0,26.37,25.24,23.82,8.58,61.38
$GC,13852,1.00,252.7,3209,3126,1930,1671,795.5,9.7,412,13866,0.00,2.12,9.00,1.050,9222,0.000,0.026,3218,1730,1774,1908,1640,0,0,0,0,0,0,25.96,25.89,23.78,8.58,61.06
$GC,14056,1.01,260.3,3218,1729,1905,1638,772.5,9.7,418,14072,0.00,2.22,8.75,1.042,8452,0.000,0.038,3218,3120,1741,1880,1603,0,0,0,0,0,0,26.35,25.25,23.82,8.57,61.38
$GC,14105,1.02,268.0,3217,3120,1880,1603,768.5,9.6,419,14119,0.00,2.15,9.07,1.043,9222,0.000,0.028,3225,1701,1712,1854,1571,0,0,0,0,0,0,25.94,25.86,23.80,8.57,61.53
$GC,14334,1.03,275.4,3224,1702,1852,1570,745.6,9.7,425,14350,0.00,2.25,8.48,1.021,8452,0.000,0.037,3225,3115,1680,1824,1536,0,0,0,0,0,0,26.37,25.25,23.83,8.56,62.08
$GC,14423,1.03,280.7,3224,3115,1824,1536,737.5,9.8,427,14436,0.00,2.10,6.95,0.964,9222,0.000,0.027,3234,1734,1658,1805,1512,0,0,0,0,0,0,26.00,25.93,23.82,8.56,62.12
$GC,14656,1.03,280.7,3233,1734,1805,1512,713.2,10.1,433,14660,0.00,2.17,0.00,0.000,260,0.000,0.038,3234,3124,1658,1805,1512,0,0,0,0,0,0,26.41,25.93,26.41,8.55,61.97
$GC,14728,1.03,280.7,3233,3124,1805,1512,708.5,10.2,434,14733,0.00,2.15,0.00,0.000,1030,0.000,0.028,3234,1706,1658,1805,1512,0,0,0,0,0,0,26.13,26.05,26.15,8.55,61.97
$GC,14942,1.03,280.7,3233,1704,1804,1512,682.7,10.6,440,14946,0.00,2.20,0.00,0.000,260,0.000,0.039,3234,3119,1658,1805,1512,0,0,0,0,0,0,26.52,26.01,26.53,8.55,62.32
$GC,15014,1.03,280.7,3233,3121,1805,1512,677.9,10.7,441,15018,0.00,2.12,0.00,0.000,1030,0.000,0.028,3234,1716,1658,1805,1512,0,0,0,0,0,0,26.18,26.10,26.21,8.55,62.24
$GC,15227,1.03,280.7,3233,1714,1805,1512,651.6,10.8,447,15233,0.00,2.22,0.00,0.000,260,0.000,0.039,3234,3125,1658,1804,1512,0,0,0,0,0,0,26.56,26.04,26.57,8.55,62.16
$GC,15290,1.03,280.7,3233,3125,1805,1512,646.6,11.0,448,15295,0.00,2.12,0.00,0.000,1030,0.000,0.028,3234,1714,1658,1805,1512,0,0,0,0,0,0,26.21,26.13,26.24,8.55,62.24
$GC,15514,1.03,280.7,3233,1713,1804,1512,619.8,11.0,454,15518,0.00,2.20,0.00,0.000,260,0.000,0.038,3234,3124,1658,1804,1512,0,0,0,0,0,0,26.58,26.03,26.59,8.55,62.79
$GC,15600,1.03,280.7,3233,3124,1805,1512,609.9,11.4,456,15604,0.00,2.12,0.00,0.000,1030,0.000,0.028,3234,1720,1658,1804,1512,0,0,0,0,0,0,26.22,26.13,26.24,8.54,62.95
$GC,15806,1.03,280.7,3233,1718,1805,1512,586.6,11.5,461,15810,0.00,2.17,0.00,0.000,260,0.000,0.038,3234,3121,1658,1805,1512,0,0,0,0,0,0,26.59,26.03,26.60,8.54,62.04
$GC,15877,1.03,280.7,3234,3121,1805,1512,581.1,11.7,462,15881,0.00,2.12,0.00,0.000,1030,0.000,0.028,3234,1711,1658,1805,1512,0,0,0,0,0,0,26.21,26.13,26.24,8.54,62.56
$GC,16090,1.03,280.7,3233,1709,1804,1512,552.6,11.7,468,16094,0.00,2.20,0.00,0.000,260,0.000,0.038,3234,3122,1658,1804,1512,0,0,0,0,0,0,26.59,26.02,26.60,8.55,62.48
$GC,16176,1.03,280.7,3233,3124,1805,1512,543.1,11.6,470,16180,0.00,2.12,0.00,0.000,1030,0.000,0.028,3234,1712,1658,1805,1512,0,0,0,0,0,0,26.20,26.11,26.23,8.54,62.32
$GC,16374,1.03,280.7,3233,1710,1805,1512,521.4,10.6,475,16379,0.00,2.22,0.00,0.000,260,0.000,0.039,3234,3120,1658,1805,1512,0,0,0,0,0,0,26.59,26.02,26.60,8.55,62.01
$GC,16441,1.03,280.7,3233,3120,1804,1512,517.0,10.5,476,16445,0.00,2.12,0.00,0.000,1030,0.000,0.028,3241,1717,1658,1805,1511,0,0,0,0,0,0,26.21,26.13,26.24,8.54,62.40
$GC,16661,1.05,296.9,3241,1715,1804,1512,493.9,9.3,482,16686,0.00,2.28,15.98,1.002,8452,0.000,0.037,3241,3128,1592,1745,1439,0,0,0,0,0,0,26.60,25.17,23.82,8.55,62.71
$GC,16765,1.06,311.7,3240,3128,1745,1439,486.3,9.3,484,16787,0.00,2.15,15.05,0.981,9222,0.000,0.028,3250,1716,1531,1689,1373,0,0,0,0,0,0,26.00,25.92,23.77,8.54,62.32
$GC,16981,1.07,319.7,3250,1716,1689,1373,463.1,9.6,490,16997,0.00,2.28,8.27,0.882,8452,0.000,0.037,3250,3127,1498,1659,1338,0,0,0,0,0,0,26.34,25.17,23.85,8.54,62.16
$GC,17039,1.08,324.6,3250,3127,1658,1338,459.0,9.8,491,17052,0.00,2.15,6.30,0.815,9222,0.000,0.027,3259,1721,1478,1640,1316,0,0,0,0,0,0,25.95,25.88,23.80,8.54,62.01
$GC,17262,1.08,324.6,3258,1722,1639,1318,433.3,10.8,497,17267,0.00,2.25,0.00,0.000,516,0.000,0.044,3270,317,1478,1639,1318,0,0,0,0,0,0,26.39,25.81,26.40,8.54,62.48
$GC,17284,1.08,324.6,3269,316,1640,1318,433.3,10.8,497,17290,0.12,2.17,0.00,0.000,5126,0.138,0.025,3230,1745,1478,1639,1318,0,0,0,0,0,0,25.70,26.01,25.83,8.54,62.24
$GC,17510,1.14,324.6,3229,1745,1639,1319,406.5,10.9,503,17516,0.00,2.28,0.00,0.000,516,0.000,0.044,3236,317,1479,1640,1318,0,0,0,0,0,0,26.50,25.88,26.51,8.54,62.28
$GC,17613,1.19,324.6,3236,317,1640,1318,397.1,11.2,505,17617,0.00,2.12,0.00,0.000,1030,0.000,0.025,3236,1714,1478,1639,1318,0,0,0,0,0,0,26.14,26.12,26.17,8.54,61.65
$GC,17837,1.25,324.6,3236,1714,1639,1318,368.7,11.5,511,17844,0.08,2.22,0.00,0.000,2564,0.096,0.044,3321,314,1478,1639,1318,0,0,0,0,0,0,26.34,25.91,26.36,8.55,62.04
$GC,17936,1.25,324.6,3320,314,1639,1318,357.8,12.5,513,17941,0.12,2.10,0.00,0.000,5126,0.135,0.025,3280,1724,1479,1639,1319,0,0,0,0,0,0,25.82,26.14,25.94,8.55,61.61
$GC,18155,1.25,324.6,3280,1723,1639,1318,328.0,12.4,519,18159,0.00,2.15,0.00,0.000,260,0.000,0.039,3280,3114,1478,1639,1318,0,0,0,0,0,0,26.58,25.98,26.59,8.55,61.77
$GC,18261,1.25,324.6,3280,3114,1639,1319,317.3,12.6,521,18266,0.00,2.10,0.00,0.000,1030,0.000,0.028,3288,1706,1478,1639,1318,0,0,0,0,0,0,26.18,26.09,26.21,8.55,61.81
$GC,18480,1.25,324.6,3287,1705,1639,1319,287.7,12.0,527,18484,0.00,2.17,0.00,0.000,260,0.000,0.039,3288,3103,1479,1639,1319,0,0,0,0,0,0,26.58,25.98,26.60,8.55,61.77
$GC,18546,1.25,324.6,3287,3104,1639,1319,282.5,12.0,528,18551,0.00,2.10,0.00,0.000,1030,0.000,0.028,3297,1737,1479,1639,1319,0,0,0,0,0,0,26.16,26.13,26.19,8.56,61.18
$GC,18765,1.25,324.6,3296,1737,1639,1318,253.5,11.8,534,18770,0.00,2.12,0.00,0.000,260,0.000,0.038,3297,3103,1479,1639,1319,0,0,0,0,0,0,26.59,25.98,26.60,8.56,61.14
$GC,18833,1.25,324.6,3296,3104,1639,1318,248.0,12.0,535,18837,0.00,2.10,0.00,0.000,1030,0.000,0.027,3306,1702,1479,1639,1319,0,0,0,0,0,0,26.19,26.10,26.22,8.56,61.30
$GC,19051,1.25,324.6,3305,1702,1639,1318,218.4,12.1,541,19056,0.00,2.20,0.00,0.000,260,0.000,0.038,3306,3097,1478,1639,1318,0,0,0,0,0,0,26.60,25.98,26.60,8.56,61.34
$GC,19123,1.25,324.6,3305,3097,1639,1318,213.1,11.9,542,19128,0.00,2.08,0.00,0.000,1030,0.000,0.027,3315,1728,1478,1639,1318,0,0,0,0,0,0,26.20,26.13,26.22,8.56,60.94
$GC,19317,1.25,324.6,3314,1728,1639,1319,189.0,10.6,550,19322,0.00,2.12,0.00,0.000,260,0.000,0.039,3315,3104,1478,1639,1318,0,0,0,0,0,0,26.60,25.97,26.60,8.57,61.26
$GC,19381,1.25,324.6,3314,3104,1639,1318,181.7,11.2,553,19387,0.10,2.12,0.00,0.000,5126,0.126,0.027,3278,1722,1479,1639,1319,0,0,0,0,0,0,25.73,26.12,25.87,8.57,60.75
$GC,19587,1.25,324.6,3278,1722,1640,1318,159.6,10.9,563,19591,0.00,2.15,0.00,0.000,260,0.000,0.039,3278,3103,1479,1640,1318,0,0,0,0,0,0,26.59,25.95,26.60,8.57,61.22
$GC,19651,1.25,324.6,3278,3103,1639,1318,152.5,10.8,566,19656,0.00,2.12,0.00,0.000,1030,0.000,0.027,3286,1712,1478,1639,1318,0,0,0,0,0,0,26.14,26.10,26.17,8.57,61.06
$GC,19855,1.25,324.6,3286,1711,1639,1318,131.2,10.6,576,19859,0.00,2.20,0.00,0.000,516,0.000,0.043,3295,322,1478,1638,1318,0,0,0,0,0,0,26.60,25.89,26.60,8.57,61.22
$GC,19906,1.25,324.6,3295,320,1640,1318,126.5,10.6,578,19911,0.00,2.08,0.00,0.000,1030,0.000,0.024,3296,1717,1478,1639,1318,0,0,0,0,0,0,26.21,26.14,26.23,8.58,61.45
$GC,20100,1.25,324.6,3295,1717,1639,1318,104.6,10.9,588,20104,0.00,2.15,0.00,0.000,260,0.000,0.038,3296,3105,1479,1639,1319,0,0,0,0,0,0,26.60,25.95,26.60,8.58,60.71
$GC,20185,1.25,324.6,3295,3105,1639,1318,95.4,11.1,592,20190,0.00,2.10,0.00,0.000,1030,0.000,0.026,3303,1716,1478,1639,1318,0,0,0,0,0,0,26.19,26.12,26.22,8.59,61.26
$GC,20385,1.27,344.3,3303,1716,1640,1318,76.1,9.1,602,20408,0.00,2.17,17.25,0.729,8452,0.000,0.036,3303,3103,1400,1567,1234,0,0,0,0,0,0,26.60,24.62,23.98,8.60,60.59
$GC,20467,1.28,358.7,3303,3103,1566,1234,68.4,9.3,606,20487,0.00,2.12,13.75,0.707,9222,0.000,0.028,3303,1694,1341,1512,1170,0,0,0,0,0,0,26.01,25.92,23.97,8.60,60.86
$GC,20668,1.40,473.5,3303,1694,1512,1169,56.4,4.7,616,20796,0.00,2.28,112.57,0.726,8452,0.000,0.037,3304,3105,870,966,775,0,0,0,0,1,0,26.37,24.30,23.74,8.65,62.12
$GC,20875,1.46,473.5,3303,3105,965,775,39.0,10.4,631,20885,0.10,2.10,0.00,0.000,3078,0.077,0.027,3389,1732,870,965,775,0,0,0,0,0,0,25.65,25.67,25.71,8.67,62.04
$GC,21064,1.46,473.5,3389,1732,964,774,16.9,12.3,650,21074,0.12,2.15,0.00,0.000,4356,0.132,0.037,3350,3112,869,964,774,0,0,0,0,0,0,25.82,25.82,25.91,8.73,61.18
$GC,21101,1.46,473.5,3350,3112,963,774,12.9,11.5,653,21109,0.00,2.10,0.00,0.000,1030,0.000,0.026,3357,1709,868,963,774,0,0,0,0,0,0,26.03,25.95,26.06,8.74,61.38
$STATE,21197,end climb,SURFACE_DEPTH_REACHED
$STATE,21197,begin surface coast
$FINISH,0.1,1.022462
$STATE,21217,end surface coast,CONTROL_FINISHED_OK
$STATE,21217,begin surface
$SM_CCo,21238,54.75,0.055,0,0,499,565.66
$SM_GC,-0.20,8.05,0.77,54.75,0.022,0.034,0.055,178,2224,499,-8.29,-1.92,565.66,0,0,0,0,0,0,26.14,26.03,25.78
$IRIDIUM_FIX,735.31,-14034.52,140325,101611
$TT8_MAMPS,0.026964,0.373751
$HUMID,56.22
$INTERNAL_PRESSURE,8.69302
$TCM_TEMP,18.80
$XPDR_PINGS,0
$ALTIM_TOP_PING,19.4,19.7
$24V_AH,22.89,74.221
$10V_AH,9.63,50.300
$FG_AHR_24Vo,0.000
$FG_AHR_10Vo,0.000
$DEVICES,Pitch_motor,Roll_motor,VBD_pump_during_apogee,VBD_pump_during_surface,VBD_valve,Iridium_during_init,Iridium_during_connect,Iridium_during_xfer,Transponder_ping,GUMSTIX_24V,GPS,TT8,LPSleep,TT8_Active,TT8_Sampling,TT8_CF8,TT8_Kalman,Analog_circuits,GPS_charging,Compass,RAFOS,Transponder,Compass2
$DEVICE_SECS,21.575,290.150,612.175,54.750,0.000,0.000,0.000,398.050,0.250,0.000,27.909,3139.557,13952.239,786.724,3591.298,487.846,0.000,2986.428,0.000,3008.800,0.000,2.764,0.000
$DEVICE_MAMPS,201.960,54.315,1341.810,55.080,0.000,0.000,0.000,85.680,420.000,0.000,30.710,15.210,2.190,15.210,43.670,53.410,0.000,14.000,0.000,8.240,0.000,30.000,0.000
$SENSORS,SBE_CT,WL_blue_red_Chl,AA4330,nil,nil,nil,nil,nil,nil,nil
$SENSOR_SECS,580.117,0.000,888.958,0.000,0.000,0.000,0.000,0.000,0.000,0.000
$SENSOR_MAMPS,22.470,0.000,11.230,0.000,0.000,0.000,0.000,0.000,0.000,0.000
$MEM,311964
$DATA_FILE_SIZE,52190,665
$CAP_FILE_SIZE,254091,0
$CFSIZE,2097872896,2033025024
$ERRORS,0,0,0,0,0,0,0,0,0,0,0,0,0,1,3,0
$CURRENT,0.210,11.05,1
$GPS,290705,222806,739.559,-14032.993,35,0.9,65,9.3,0.5,350.8,9,3.8
