version: 66.14
glider: 195
mission: 21
dive: 376
start: 7 13 105 6 50 15
data:
$ID,195
$MISSION,21
$DIVE,376
$N_DIVES,0
$STOP_T,0
$D_SURF,3
$D_FLARE,2
$D_TGT,990
$D_ABORT,1090
$D_NO_BLEED,50
$D_BOOST,3
$T_BOOST,0
$D_FINISH,0
$D_PITCH,0
$D_SAFE,0
$D_CALL,0
$SURFACE_URGENCY,0
$SURFACE_URGENCY_TRY,0
$SURFACE_URGENCY_FORCE,0
$T_DIVE,330
$T_MISSION,600
$T_ABORT,1440
$T_TURN,300
$T_TURN_SAMPINT,5
$T_NO_W,120
$T_LOITER,0
$T_SLOITER,60
$T_EPIRB,0
$USE_BATHY,0
$USE_ICE,0
$ICE_FREEZE_MARGIN,0.30000001
$D_OFFGRID,990
$T_WATCHDOG,10
$RELAUNCH,1
$APOGEE_PITCH,-8
$MAX_BUOY,150
$COURSE_BIAS,0
$GLIDE_SLOPE,30
$SPEED_FACTOR,1
$RHO,1.023
$MASS,54002
$MASS_COMP,0
$NAV_MODE,3
$FERRY_MAX,45
$KALMAN_USE,2
$HD_A,0.0038000001
$HD_B,0.0099999998
$HD_C,9.8500004e-06
$HEADING,270
$ESCAPE_HEADING,0
$ESCAPE_HEADING_DELTA,10
$FIX_MISSING_TIMEOUT,0
$TGT_DEFAULT_LAT,4736
$TGT_DEFAULT_LON,-12225
$TGT_AUTO_DEFAULT,0
$SM_CC,250
$N_FILEKB,4
$FILEMGR,0
$CALL_NDIVES,1
$COMM_SEQ,0
$PROTOCOL,9
$N_NOCOMM,1
$NOCOMM_ACTION,0
$N_NOSURFACE,0
$UPLOAD_DIVES_MAX,-1
$CALL_TRIES,5
$CALL_WAIT,60
$CAPUPLOAD,0
$CAPMAXSIZE,200000
$HEAPDBG,0
$T_GPS,15
$N_GPS,50840
$T_RSLEEP,2
$STROBE,0
$RAFOS_PEAK_OFFSET,1.5
$RAFOS_CORR_THRESH,60
$RAFOS_HIT_WINDOW,3600
$RAFOS_MMODEM,0
$PITCH_MIN,207
$PITCH_MAX,3915
$C_PITCH,2900
$PITCH_DBAND,0.1
$PITCH_CNV,0.003125763
$P_OVSHOOT,0.039999999
$P_OVSHOOT_WITHG,0.079999998
$PITCH_GAIN,24
$PITCH_TIMEOUT,17
$PITCH_AD_RATE,160
$PITCH_MAXERRORS,1
$PITCH_ADJ_GAIN,0.02
$PITCH_ADJ_DBAND,2.5
$ROLL_MIN,224
$ROLL_MAX,3758
$ROLL_DEG,40
$C_ROLL_DIVE,1955
$C_ROLL_CLIMB,1855
$HEAD_ERRBAND,10
$ROLL_CNV,0.028270001
$ROLL_TIMEOUT,15
$R_PORT_OVSHOOT,53
$R_STBD_OVSHOOT,60
$ROLL_AD_RATE,350
$ROLL_MAXERRORS,2
$ROLL_ADJ_GAIN,0
$ROLL_ADJ_DBAND,0
$VBD_MIN,500
$VBD_MAX,3960
$C_VBD,2806
$VBD_DBAND,2
$VBD_CNV,-0.24529999
$VBD_LP_IGNORE,0
$VBD_TIMEOUT,720
$PITCH_VBD_SHIFT,0.001
$VBD_PUMP_AD_RATE_SURFACE,5
$VBD_PUMP_AD_RATE_APOGEE,4
$VBD_BLEED_AD_RATE,8
$UNCOM_BLEED,60
$VBD_MAXERRORS,1
$W_ADJ_DBAND,0
$DBDW,0
$PITCH_W_GAIN,0
$PITCH_W_DBAND,0
$CF8_MAXERRORS,5
$AH0_24V,150
$AH0_10V,97
$MINV_24V,19
$MINV_10V,8
$MAXI_24V,0.80000001
$MAXI_10V,0.60000002
$FG_AHR_10V,0
$FG_AHR_24V,0
$PHONE_SUPPLY,-2
$PRESSURE_YINT,-49.397121
$PRESSURE_SLOPE,0.0001168043
$AD7714Ch0Gain,128
$TCM_PITCH_OFFSET,0
$TCM_ROLL_OFFSET,0
$COMPASS_USE,4
$ALTIM_BOTTOM_PING_RANGE,0
$ALTIM_TOP_PING_RANGE,20
$ALTIM_BOTTOM_TURN_MARGIN,0
$ALTIM_TOP_TURN_MARGIN,0
$ALTIM_TOP_MIN_OBSTACLE,1
$ALTIM_PING_DEPTH,0
$ALTIM_PING_DELTA,0
$ALTIM_FREQUENCY,13
$ALTIM_PULSE,3
$ALTIM_SENSITIVITY,3
$XPDR_VALID,5
$XPDR_INHIBIT,90
$INT_PRESSURE_SLOPE,0.0097660003
$INT_PRESSURE_YINT,-0.77999997
$DEEPGLIDER,0
$MOTHERBOARD,4
$DEVICE1,2
$DEVICE2,115
$DEVICE3,101
$DEVICE4,-1
$DEVICE5,-1
$DEVICE6,-1
$LOGGERS,0
$LOGGERDEVICE1,-1
$LOGGERDEVICE2,-1
$LOGGERDEVICE3,-1
$LOGGERDEVICE4,-1
$COMPASS_DEVICE,33
$COMPASS2_DEVICE,-1
$PHONE_DEVICE,49
$GPS_DEVICE,32
$RAFOS_DEVICE,-1
$XPDR_DEVICE,24
$SIM_W,0
$SIM_PITCH,0
$SEABIRD_T_G,0.0044178674
$SEABIRD_T_H,0.00064818078
$SEABIRD_T_I,2.6779007e-05
$SEABIRD_T_J,3.3667231e-06
$SEABIRD_C_G,-10.098215
$SEABIRD_C_H,1.1454017
$SEABIRD_C_I,-0.0021276253
$SEABIRD_C_J,0.00025532115
$SEABIRD_C_Z,2974.52
$GPS1,130705,064217,632.8209,-14028.0107,47,0.9,62,9.3,1.3,170.5,8,4.9
$_CALLS,1
$_XMS_NAKs,0
$_XMS_TOUTs,0
$_SM_DEPTHo,0.05
$_SM_ANGLEo,-58.7
$GPS2,130705,064937,632.8117,-14027.9648,7,0.9,26,9.3,0.6,64.7,9,4.8
$SPEED_LIMITS,0.173,0.262
$TGT_NAME,HEADING
$TGT_LATLONG,643.195,-14030.953
$TGT_RADIUS,1852.000
$KALMAN_CONTROL,0.000000,0.000000
$KALMAN_X,0.000000,0.000000,0.000000,0.000000,0.000000
$KALMAN_Y,0.000000,0.000000,0.000000,0.000000,0.000000
$MHEAD_RNG_PITCHd_Wd,334.7,20000,-18.1,-10.000,-20.93,2235
$D_GRID,990
$GCHEAD,st_secs,pitch_ctl,vbd_ctl,pitch_ad_start,roll_ad_start,vbd_pot1_ad_start,vbd_pot2_ad_start,depth,ob_vertv,data_pts,end_secs,pitch_secs,roll_secs,vbd_secs,vbd_i,gcphase,pitch_i,roll_i,pitch_ad,roll_ad,vbd_ad,vbd_pot1_ad,vbd_pot2_ad,pitch_retries,pitch_errors,roll_retries,roll_errors,vbd_retries,vbd_errors,pitch_volts,roll_volts,vbd_volts,int_press,humidity
$STATE,6,end surface,CONTROL_FINISHED_OK
$STATE,6,begin dive
$GC,74,-0.90,-146.6,178,1972,997,822,0.1,0.2,6,154,0.00,0.00,-77.90,0.000,16386,0.000,0.000,178,1973,2959,2967,2951,0,0,0,0,0,0,26.37,28.83,26.38,8.82,51.73
$GC,159,-0.90,-146.6,178,1973,2970,2950,2.8,-5.3,14,187,9.40,2.12,-8.85,0.000,18692,0.207,0.049,2593,3342,3406,3423,3389,0,0,0,0,0,0,24.99,25.39,25.19,9.03,51.49
$GC,268,-0.81,-146.6,2592,3342,3429,3389,22.9,-14.3,24,276,0.15,2.03,0.00,0.000,3078,0.139,0.020,2639,1939,3408,3429,3388,0,0,0,0,0,0,25.68,26.10,25.83,9.08,51.45
$GC,456,-0.81,-146.6,2638,1939,3431,3389,47.9,-12.6,43,460,0.00,2.15,0.00,0.000,260,0.000,0.036,2631,3339,3410,3431,3389,0,0,0,0,0,0,26.52,26.01,26.53,9.09,51.57
$GC,549,-0.81,-146.6,2630,3341,3431,3389,58.7,-12.6,48,553,0.00,1.98,0.00,0.000,1030,0.000,0.020,2631,1954,3410,3431,3389,0,0,0,0,0,0,26.26,26.21,26.28,9.11,51.61
$GC,743,-0.81,-146.6,2630,1954,3432,3389,79.5,-9.6,58,744,0.00,0.00,0.00,0.000,6,0.000,0.000,2631,1954,3411,3433,3389,0,0,0,0,0,0,26.58,26.59,26.59,9.12,51.85
$GC,923,-0.81,-146.6,2630,1954,3435,3389,94.8,-8.2,67,927,0.00,2.12,0.00,0.000,260,0.000,0.036,2620,3347,3412,3435,3389,0,0,0,0,0,0,26.60,26.08,26.60,9.12,51.33
$GC,949,-0.81,-146.6,2620,3347,3435,3389,96.7,-8.1,68,954,0.00,2.00,0.00,0.000,1030,0.000,0.019,2620,1944,3412,3435,3389,0,0,0,0,0,0,26.32,26.27,26.34,9.12,51.45
$GC,1148,-0.81,-146.6,2619,1944,3439,3389,113.7,-8.1,78,1153,0.00,2.05,0.00,0.000,516,0.000,0.033,2620,577,3414,3439,3389,0,0,0,0,0,0,26.61,26.10,26.62,9.10,50.51
$GC,1172,-0.81,-146.6,2619,577,3438,3389,115.6,-7.8,79,1178,0.00,2.00,0.00,0.000,1030,0.000,0.022,2610,1969,3413,3438,3389,0,0,0,0,0,0,26.30,26.24,26.32,9.10,50.82
$GC,1378,-0.81,-146.6,2610,1969,3441,3389,126.9,-5.0,89,1382,0.00,2.08,0.00,0.000,260,0.000,0.036,2601,3339,3415,3441,3389,0,0,0,0,0,0,26.62,26.10,26.63,9.08,50.98
$GC,1463,-0.81,-146.6,2600,3339,3442,3389,131.6,-5.4,93,1468,0.12,1.98,0.00,0.000,3078,0.130,0.018,2642,1942,3415,3442,3389,0,0,0,0,0,0,25.95,26.29,26.07,9.08,50.82
$GC,1670,-0.90,-146.6,2641,1942,3444,3389,143.2,-6.1,103,1674,0.00,2.05,0.00,0.000,516,0.000,0.032,2641,577,3416,3443,3389,0,0,0,0,0,0,26.63,26.11,26.63,9.05,50.70
$GC,1798,-0.96,-146.6,2641,578,3443,3389,150.5,-5.8,109,1802,0.08,2.00,0.00,0.000,5126,0.094,0.022,2568,1967,3416,3444,3389,0,0,0,0,0,0,26.19,26.25,26.25,9.04,50.90
$GC,2002,-0.96,-146.6,2551,1967,3444,3389,165.0,-7.6,119,2010,0.12,2.10,0.00,0.000,2308,0.139,0.036,2583,3346,3416,3444,3389,0,0,0,0,0,0,26.10,26.11,26.17,9.03,51.45
$GC,2158,-0.96,-146.6,2582,3346,3444,3389,175.5,-7.3,126,2165,0.00,1.98,0.00,0.000,1030,0.000,0.019,2583,1950,3416,3444,3389,0,0,0,0,0,0,26.35,26.30,26.37,9.01,51.26
$GC,2345,-0.96,-146.6,2582,1950,3444,3389,189.4,-6.9,136,2350,0.00,2.05,0.00,0.000,516,0.000,0.032,2582,581,3416,3444,3389,0,0,0,0,0,0,26.63,26.11,26.64,8.99,51.77
$GC,2453,-0.96,-146.6,2582,581,3444,3389,196.8,-7.1,141,2457,0.00,2.03,0.00,0.000,1030,0.000,0.023,2573,1957,3416,3444,3389,0,0,0,0,0,0,26.29,26.26,26.30,8.99,51.85
$GC,2672,-0.96,-146.6,2573,1957,3444,3389,212.1,-7.0,148,2676,0.00,2.10,0.00,0.000,260,0.000,0.037,2563,3340,3416,3444,3389,0,0,0,0,0,0,26.63,26.10,26.64,8.97,52.55
$GC,2863,-0.96,-146.6,2563,3340,3444,3389,224.1,-7.3,152,2868,0.00,1.98,0.00,0.000,1030,0.000,0.020,2563,1952,3416,3444,3389,0,0,0,0,0,0,26.35,26.29,26.36,8.96,52.87
$GC,3077,-0.96,-146.6,2563,1952,3444,3389,243.0,-8.0,158,3081,0.00,2.08,0.00,0.000,516,0.000,0.034,2563,575,3416,3444,3388,0,0,0,0,0,0,26.64,26.10,26.65,8.95,53.50
$GC,3189,-0.96,-146.6,2562,575,3444,3389,250.2,-8.4,160,3199,0.12,2.00,0.00,0.000,3078,0.142,0.024,2593,1957,3416,3444,3389,0,0,0,0,0,0,25.90,26.25,26.03,8.94,54.37
$GC,3403,-1.01,-146.6,2593,1956,3444,3389,270.3,-8.2,166,3408,0.00,2.12,0.00,0.000,260,0.000,0.037,2585,3347,3416,3444,3389,0,0,0,0,0,0,26.64,26.09,26.65,8.93,54.05
$GC,3600,-1.01,-146.6,2585,3347,3443,3389,283.2,-7.7,170,3608,0.00,2.00,0.00,0.000,1030,0.000,0.021,2585,1948,3416,3443,3389,0,0,0,0,0,0,26.34,26.29,26.36,8.92,54.01
$GC,3808,-1.01,-146.6,2585,1948,3442,3389,300.9,-7.5,176,3813,0.00,2.17,0.00,0.000,260,0.000,0.037,2575,3339,3415,3442,3389,0,0,0,0,0,0,26.64,26.09,26.65,8.91,55.00
$GC,3893,-1.01,-146.6,2575,3339,3441,3388,307.4,-7.5,178,3897,0.00,1.98,0.00,0.000,1030,0.000,0.020,2575,1956,3414,3441,3388,0,0,0,0,0,0,26.34,26.29,26.36,8.91,54.76
$GC,4097,-1.01,-146.6,2575,1956,3440,3388,322.9,-7.7,183,4098,0.00,0.00,0.00,0.000,6,0.000,0.000,2575,1956,3414,3440,3388,0,0,0,0,0,0,26.64,26.65,26.65,8.91,55.11
$GC,4296,-1.01,-146.6,2575,1956,3439,3389,337.3,-7.1,188,4301,0.00,2.17,0.00,0.000,260,0.000,0.038,2565,3344,3413,3438,3388,0,0,0,0,0,0,26.64,26.08,26.65,8.90,55.98
$GC,4403,-1.01,-146.6,2565,3344,3436,3388,343.0,-6.9,190,4407,0.00,2.00,0.00,0.000,1030,0.000,0.021,2565,1951,3411,3435,3388,0,0,0,0,0,0,26.34,26.28,26.35,8.89,55.47
$GC,4622,-1.01,-146.6,2565,1951,3436,3386,358.3,-6.3,196,4626,0.00,2.12,0.00,0.000,516,0.000,0.035,2565,580,3411,3436,3387,0,0,0,0,0,0,26.64,26.08,26.65,8.88,56.37
$GC,4767,-1.01,-146.6,2565,580,3436,3386,366.8,-6.7,199,4771,0.00,2.00,0.00,0.000,1030,0.000,0.024,2556,1950,3410,3435,3386,0,0,0,0,0,0,26.29,26.22,26.32,8.88,55.47
$GC,4991,-1.01,-146.6,2555,1950,3435,3385,383.3,-6.8,205,4996,0.00,2.17,0.00,0.000,260,0.000,0.038,2546,3341,3409,3435,3384,0,0,0,0,0,0,26.64,26.08,26.65,8.87,55.78
$GC,5146,-1.01,-146.6,2545,3341,3434,3384,392.3,-7.1,208,5150,0.00,2.00,0.00,0.000,1030,0.000,0.021,2546,1956,3408,3433,3383,0,0,0,0,0,0,26.32,26.27,26.34,8.87,56.06
$GC,5360,-1.01,-146.6,2545,1956,3433,3383,410.9,-7.8,214,5364,0.00,2.17,0.00,0.000,260,0.000,0.038,2535,3341,3408,3433,3383,0,0,0,0,0,0,26.64,26.07,26.65,8.87,56.26
$GC,5405,-1.01,-146.6,2535,3341,3432,3383,414.6,-7.9,215,5410,0.10,2.05,0.00,0.000,3078,0.130,0.021,2569,1947,3407,3432,3382,0,0,0,0,0,0,25.90,26.26,25.96,8.86,56.57
$GC,5610,-1.01,-146.6,2568,1947,3432,3381,430.6,-7.8,220,5614,0.00,2.10,0.00,0.000,516,0.000,0.035,2568,587,3406,3432,3381,0,0,0,0,0,0,26.64,26.06,26.65,8.86,56.73
$GC,5713,-1.01,-146.6,2568,587,3432,3381,437.7,-8.1,222,5717,0.00,2.03,0.00,0.000,1030,0.000,0.024,2562,1967,3406,3432,3381,0,0,0,0,0,0,26.29,26.22,26.31,8.86,56.61
$GC,5937,-1.01,-146.6,2562,1968,3431,3380,457.7,-8.3,228,5941,0.00,2.15,0.00,0.000,260,0.000,0.039,2552,3340,3405,3431,3380,0,0,0,0,0,0,26.64,26.06,26.65,8.85,56.73
$GC,6021,-1.01,-146.6,2552,3340,3431,3379,464.8,-8.4,230,6025,0.00,2.00,0.00,0.000,1030,0.000,0.021,2552,1960,3405,3431,3380,0,0,0,0,0,0,26.32,26.26,26.34,8.85,56.49
$GC,6224,-1.01,-146.6,2552,1960,3430,3379,481.7,-8.3,235,6228,0.00,2.12,0.00,0.000,516,0.000,0.035,2552,566,3404,3430,3379,0,0,0,0,0,0,26.64,26.05,26.65,8.85,57.16
$GC,6358,-1.01,-146.6,2552,567,3430,3379,492.3,-8.5,238,6364,0.10,2.05,0.00,0.000,3078,0.154,0.024,2573,1964,3404,3429,3379,0,0,0,0,0,0,25.90,26.20,26.02,8.84,56.97
$GC,6553,-1.01,-146.6,2573,1964,3429,3378,508.1,-7.5,243,6557,0.00,2.12,0.00,0.000,260,0.000,0.039,2565,3343,3403,3429,3377,0,0,0,0,0,0,26.64,26.05,26.65,8.84,57.44
$GC,6660,-1.01,-146.6,2565,3343,3428,3377,514.3,-7.3,245,6664,0.00,2.03,0.00,0.000,1030,0.000,0.021,2565,1949,3402,3428,3377,0,0,0,0,0,0,26.31,26.25,26.33,8.83,57.16
$GC,6878,-1.01,-146.6,2565,1948,3428,3376,531.1,-7.0,251,6882,0.00,2.10,0.00,0.000,516,0.000,0.036,2566,574,3402,3428,3376,0,0,0,0,0,0,26.64,26.03,26.65,8.83,57.36
$GC,7027,-1.01,-146.6,2564,573,3427,3376,540.2,-7.2,254,7032,0.00,2.03,0.00,0.000,1030,0.000,0.025,2556,1953,3401,3426,3376,0,0,0,0,0,0,26.27,26.20,26.29,8.83,57.52
$GC,7246,-1.01,-146.6,2556,1953,3426,3375,558.0,-7.3,260,7251,0.00,2.12,0.00,0.000,516,0.000,0.036,2556,566,3400,3426,3375,0,0,0,0,0,0,26.64,26.03,26.65,8.82,57.20
$GC,7391,-1.01,-146.6,2555,566,3425,3375,568.0,-7.9,263,7396,0.00,2.05,0.00,0.000,1030,0.000,0.025,2547,1960,3399,3424,3375,0,0,0,0,0,0,26.27,26.20,26.29,8.82,57.44
$GC,7617,-1.01,-146.6,2546,1960,3424,3374,588.2,-8.3,269,7622,0.00,2.15,0.00,0.000,260,0.000,0.039,2536,3346,3399,3424,3374,0,0,0,0,0,0,26.64,26.03,26.65,8.81,57.91
$GC,7634,-1.01,-146.6,2536,3347,3423,3374,588.2,-8.3,269,7640,0.12,2.03,0.00,0.000,3078,0.138,0.022,2576,1950,3398,3423,3374,0,0,0,0,0,0,25.86,26.24,25.98,8.81,57.91
$GC,7825,-1.07,-146.6,2575,1950,3423,3373,605.4,-8.2,274,7829,0.00,2.17,0.00,0.000,260,0.000,0.039,2568,3346,3398,3423,3374,0,0,0,0,0,0,26.64,26.01,26.65,8.82,58.26
$GC,7877,-1.12,-146.6,2567,3346,3423,3373,609.1,-8.3,275,7882,0.00,2.03,0.00,0.000,1030,0.000,0.022,2568,1953,3397,3423,3372,0,0,0,0,0,0,26.29,26.23,26.32,8.81,57.60
$GC,8072,-1.12,-146.6,2567,1952,3423,3372,626.1,-8.5,280,8076,0.00,2.12,0.00,0.000,516,0.000,0.037,2568,570,3397,3422,3372,0,0,0,0,0,0,26.64,26.01,26.65,8.80,58.30
$GC,8201,-1.12,-146.6,2567,570,3422,3372,637.1,-8.7,283,8205,0.00,2.05,0.00,0.000,1030,0.000,0.025,2559,1961,3397,3422,3372,0,0,0,0,0,0,26.26,26.18,26.28,8.80,58.07
$GC,8402,-1.12,-146.6,2558,1961,3421,3371,653.9,-8.2,288,8406,0.00,2.15,0.00,0.000,260,0.000,0.040,2549,3347,3396,3421,3371,0,0,0,0,0,0,26.64,26.02,26.65,8.80,57.95
$GC,8486,-1.12,-146.6,2548,3347,3421,3370,661.0,-8.1,290,8491,0.00,2.08,0.00,0.000,1030,0.000,0.023,2549,1954,3395,3421,3370,0,0,0,0,0,0,26.25,26.22,26.27,8.80,58.93
$GC,8691,-1.12,-146.6,2548,1954,3421,3370,677.2,-8.0,295,8695,0.00,2.15,0.00,0.000,516,0.000,0.037,2548,578,3395,3421,3369,0,0,0,0,0,0,26.64,26.00,26.65,8.79,57.91
$GC,8818,-1.12,-146.6,2548,578,3420,3369,687.9,-8.5,298,8822,0.00,2.05,0.00,0.000,1030,0.000,0.026,2540,1965,3394,3420,3369,0,0,0,0,0,0,26.25,26.17,26.27,8.79,57.87
$GC,9022,-1.12,-146.6,2539,1965,3420,3368,704.4,-8.0,303,9026,0.00,2.15,0.00,0.000,516,0.000,0.037,2540,574,3394,3420,3368,0,0,0,0,0,0,26.64,26.00,26.65,8.79,58.23
$GC,9157,-1.12,-146.6,2539,574,3419,3368,715.2,-8.4,306,9161,0.00,2.05,0.00,0.000,1030,0.000,0.026,2530,1955,3393,3419,3368,0,0,0,0,0,0,26.25,26.17,26.27,8.79,58.03
$GC,9351,-1.12,-146.6,2529,1955,3419,3367,731.6,-8.1,311,9355,0.00,2.17,0.00,0.000,260,0.000,0.040,2521,3351,3392,3418,3367,0,0,0,0,0,0,26.64,26.00,26.65,8.78,58.70
$GC,9525,-1.12,-146.6,2520,3350,3418,3366,744.9,-8.0,315,9529,0.00,2.05,0.00,0.000,1030,0.000,0.023,2520,1951,3392,3418,3366,0,0,0,0,0,0,26.27,26.21,26.29,8.78,59.05
$GC,9719,-1.12,-146.6,2520,1951,3418,3366,761.1,-8.0,320,9723,0.00,2.15,0.00,0.000,516,0.000,0.037,2520,580,3392,3418,3366,0,0,0,0,0,0,26.64,25.98,26.65,8.78,58.82
$GC,9772,-1.12,-146.6,2520,580,3418,3366,764.8,-8.0,321,9776,0.00,2.05,0.00,0.000,1030,0.000,0.027,2512,1961,3392,3418,3366,0,0,0,0,0,0,26.23,26.15,26.26,8.78,58.15
$GC,9966,-1.12,-146.6,2511,1961,3417,3365,781.2,-8.1,326,9970,0.00,2.17,0.00,0.000,260,0.000,0.041,2501,3337,3391,3418,3365,0,0,0,0,0,0,26.64,25.99,26.65,8.77,58.93
$GC,10133,-1.12,-146.6,2500,3337,3416,3365,794.8,-8.2,330,10139,0.12,2.03,0.00,0.000,3078,0.149,0.023,2538,1953,3390,3416,3364,0,0,0,0,0,0,25.79,26.20,25.91,8.77,59.41
$GC,10328,-1.12,-146.6,2538,1953,3416,3364,809.4,-7.4,335,10333,0.00,2.12,0.00,0.000,516,0.000,0.037,2538,575,3390,3416,3365,0,0,0,0,0,0,26.64,25.96,26.65,8.77,59.45
$GC,10441,-1.12,-146.6,2538,576,3416,3365,815.9,-7.6,337,10445,0.00,2.05,0.00,0.000,1030,0.000,0.027,2530,1955,3390,3416,3365,0,0,0,0,0,0,26.22,26.15,26.25,8.76,58.46
$GC,10657,-1.12,-146.6,2530,1955,3415,3364,835.0,-7.9,343,10661,0.00,2.15,0.00,0.000,516,0.000,0.037,2530,566,3389,3415,3364,0,0,0,0,0,0,26.64,25.96,26.65,8.76,59.01
$GC,10810,-1.12,-146.6,2529,567,3415,3364,845.7,-8.3,346,10814,0.00,2.08,0.00,0.000,1030,0.000,0.028,2521,1964,3389,3415,3364,0,0,0,0,0,0,26.21,26.14,26.25,8.75,59.17
$GC,11025,-1.12,-146.6,2521,1964,3415,3363,866.6,-8.7,352,11029,0.00,2.15,0.00,0.000,260,0.000,0.041,2511,3344,3389,3415,3363,0,0,0,0,0,0,26.64,25.96,26.65,8.75,59.52
$GC,11188,-1.12,-146.6,2510,3344,3414,3362,881.3,-8.9,356,11193,0.00,2.05,0.00,0.000,1030,0.000,0.024,2511,1951,3387,3413,3362,0,0,0,0,0,0,26.25,26.18,26.27,8.75,59.21
$GC,11392,-1.12,-146.6,2510,1951,3414,3362,899.2,-8.8,361,11396,0.00,2.17,0.00,0.000,260,0.000,0.041,2500,3343,3388,3414,3362,0,0,0,0,0,0,26.64,25.94,26.65,8.75,59.41
$GC,11454,-1.12,-146.6,2500,3344,3413,3361,903.0,-8.7,362,11461,0.12,2.05,0.00,0.000,3078,0.148,0.024,2538,1947,3387,3414,3361,0,0,0,0,0,0,25.76,26.17,25.89,8.75,59.09
$GC,11676,-1.12,-146.6,2537,1947,3413,3361,922.1,-7.7,368,11680,0.00,2.17,0.00,0.000,516,0.000,0.039,2538,570,3387,3413,3361,0,0,0,0,0,0,26.64,25.92,26.65,8.75,59.56
$GC,11802,-1.12,-146.6,2537,569,3413,3361,932.4,-8.1,371,11806,0.00,2.08,0.00,0.000,1030,0.000,0.027,2530,1962,3387,3413,3361,0,0,0,0,0,0,26.20,26.13,26.22,8.75,59.05
$GC,12006,-1.12,-146.6,2530,1962,3412,3360,948.2,-7.7,376,12009,0.00,2.17,0.00,0.000,260,0.000,0.041,2520,3351,3386,3412,3360,0,0,0,0,0,0,26.63,25.94,26.65,8.73,59.41
$GC,12198,-1.12,-146.6,2520,3350,3412,3359,960.5,-7.5,380,12202,0.00,2.05,0.00,0.000,1030,0.000,0.024,2520,1955,3385,3412,3359,0,0,0,0,0,0,26.23,26.17,26.26,8.74,60.00
$GC,12411,-1.12,-146.6,2520,1955,3412,3359,978.2,-7.3,386,12416,0.00,2.17,0.00,0.000,260,0.000,0.042,2510,3346,3385,3412,3358,0,0,0,0,0,0,26.63,25.92,26.65,8.74,59.92
$GC,12469,-1.12,-146.6,2510,3346,3411,3359,981.4,-7.2,387,12473,0.00,2.05,0.00,0.000,1030,0.000,0.024,2510,1949,3385,3411,3359,0,0,0,0,0,0,26.22,26.16,26.25,8.74,59.76
$STATE,12574,end dive,TARGET_DEPTH_EXCEEDED
$STATE,12574,begin apogee
$GC,12582,-0.33,0.0,2510,1841,3411,3358,990.2,-7.3,390,12723,0.85,0.00,136.50,1.356,10246,0.108,0.000,2789,1841,2804,2904,2705,0,0,0,0,0,0,25.39,24.25,22.99,8.73,59.45
$STATE,12724,end apogee,CONTROL_FINISHED_OK
$STATE,12724,begin climb
$GC,12727,0.90,146.6,2789,1841,2901,2704,993.7,0.0,393,12880,1.15,2.40,142.20,1.300,10500,0.059,0.037,3195,3254,2205,2293,2118,0,0,0,0,0,0,24.74,24.12,22.89,8.69,58.11
$GC,12907,0.80,187.1,3194,3254,2291,2118,979.9,8.2,398,12956,0.15,2.15,40.70,1.247,13318,0.138,0.025,3160,1869,2041,2144,1938,0,0,0,0,0,0,24.90,25.13,23.24,8.62,57.32
$GC,13144,0.86,190.4,3159,1869,2141,1936,956.1,9.8,404,13154,0.00,2.22,4.25,0.814,8708,0.000,0.041,3168,460,2027,2131,1924,0,0,0,0,0,0,26.22,24.66,23.73,8.61,58.46
$GC,13201,0.86,193.9,3167,460,2130,1924,951.7,9.8,405,13214,0.00,2.12,5.07,0.903,9222,0.000,0.025,3168,1851,2013,2115,1911,0,0,0,0,0,0,25.96,25.94,23.81,8.61,58.11
$GC,13424,0.86,199.2,3167,1851,2115,1911,928.2,9.8,411,13436,0.00,2.17,7.12,1.043,8452,0.000,0.037,3168,3246,1990,2093,1887,0,0,0,0,0,0,26.41,24.84,23.93,8.61,59.60
$GC,13531,0.87,201.1,3168,3246,2093,1887,920.3,9.9,413,13535,0.00,2.12,0.00,0.000,1030,0.000,0.027,3177,1854,1989,2093,1886,0,0,0,0,0,0,26.05,26.01,26.07,8.61,59.76
$GC,13745,0.87,208.9,3176,1854,2093,1887,896.4,9.6,419,13761,0.00,2.22,10.77,1.148,8708,0.000,0.041,3186,455,1950,2059,1842,0,0,0,0,0,0,26.48,24.91,24.02,8.60,59.88
$GC,13887,0.88,218.0,3186,455,2059,1842,884.7,9.6,422,13909,0.00,2.10,10.57,1.133,9222,0.000,0.025,3186,1854,1914,2028,1800,0,0,0,0,0,0,26.10,26.03,23.97,8.60,60.00
$GC,14111,0.89,228.8,3186,1854,2028,1800,861.5,9.5,428,14130,0.00,2.22,11.70,1.147,8452,0.000,0.039,3186,3246,1871,1992,1751,0,0,0,0,0,0,26.39,25.36,23.99,8.59,60.00
$GC,14209,0.90,236.4,3186,3246,1992,1750,853.6,9.7,430,14228,0.00,2.10,9.35,1.098,9222,0.000,0.026,3191,1847,1838,1963,1713,0,0,0,0,0,0,25.99,25.91,23.94,8.58,59.92
$GC,14431,0.96,246.1,3190,1847,1963,1713,830.5,9.6,436,14449,0.00,2.28,11.10,1.127,8708,0.000,0.044,3193,457,1799,1930,1668,0,0,0,0,0,0,26.37,25.37,24.01,8.58,59.88
$GC,14569,0.97,250.9,3192,457,1929,1668,818.6,9.8,439,14582,0.00,2.10,6.00,0.959,9222,0.000,0.026,3192,1853,1781,1914,1648,0,0,0,0,0,0,26.04,25.97,23.92,8.57,60.71
$GC,14792,1.03,255.1,3192,1853,1914,1648,794.8,9.8,445,14803,0.08,2.20,5.75,0.945,10756,0.099,0.043,3275,464,1763,1894,1633,0,0,0,0,0,0,26.20,25.42,23.96,8.56,60.94
$GC,14872,1.03,255.1,3275,464,1895,1633,785.5,10.8,447,14878,0.12,2.10,0.00,0.000,5126,0.138,0.026,3236,1856,1763,1894,1633,0,0,0,0,0,0,25.74,26.02,25.88,8.57,60.63
$GC,15073,1.03,255.1,3235,1857,1895,1633,762.6,11.1,452,15074,0.00,0.00,0.00,0.000,6,0.000,0.000,3236,1857,1764,1895,1633,0,0,0,0,0,0,26.48,26.49,26.49,8.57,60.31
$GC,15273,1.03,255.1,3236,1857,1894,1633,740.5,11.0,457,15277,0.00,2.20,0.00,0.000,516,0.000,0.044,3245,460,1764,1895,1633,0,0,0,0,0,0,26.54,26.02,26.55,8.56,60.39
$GC,15340,1.03,255.1,3245,460,1894,1633,735.5,11.0,458,15344,0.00,2.10,0.00,0.000,1030,0.000,0.026,3245,1865,1763,1895,1632,0,0,0,0,0,0,26.25,26.18,26.27,8.56,60.82
$GC,15559,1.03,255.1,3244,1865,1895,1633,708.2,11.3,464,15563,0.00,2.25,0.00,0.000,516,0.000,0.044,3254,445,1763,1894,1633,0,0,0,0,0,0,26.58,26.04,26.60,8.56,60.86
$GC,15621,1.03,255.1,3254,444,1894,1633,703.1,11.3,465,15625,0.00,2.12,0.00,0.000,1030,0.000,0.026,3254,1858,1763,1894,1633,0,0,0,0,0,0,26.27,26.20,26.30,8.55,61.26
$GC,15846,1.03,255.1,3254,1857,1895,1633,674.1,11.9,471,15850,0.00,2.20,0.00,0.000,516,0.000,0.044,3264,461,1764,1895,1633,0,0,0,0,0,0,26.60,26.03,26.61,8.56,61.10
$GC,15884,1.03,255.1,3263,460,1894,1633,674.1,11.9,471,15892,0.10,2.08,0.00,0.000,5126,0.148,0.026,3232,1856,1763,1895,1632,0,0,0,0,0,0,25.94,26.21,26.06,8.55,61.18
$GC,16089,1.03,255.1,3232,1855,1894,1633,645.4,11.6,477,16093,0.00,2.15,0.00,0.000,260,0.000,0.040,3232,3252,1763,1894,1633,0,0,0,0,0,0,26.62,26.08,26.63,8.55,60.75
$GC,16185,1.03,255.1,3232,3252,1894,1633,635.1,12.1,479,16189,0.00,2.10,0.00,0.000,1030,0.000,0.027,3238,1844,1763,1894,1633,0,0,0,0,0,0,26.27,26.20,26.29,8.56,60.90
$GC,16373,1.03,255.1,3238,1844,1894,1633,610.6,12.0,484,16377,0.00,2.17,0.00,0.000,516,0.000,0.044,3248,460,1764,1895,1633,0,0,0,0,0,0,26.62,26.01,26.63,8.55,61.45
$GC,16409,1.03,255.1,3247,460,1894,1633,610.6,12.0,484,16417,0.00,2.08,0.00,0.000,1030,0.000,0.026,3247,1858,1764,1895,1633,0,0,0,0,0,0,26.28,26.21,26.30,8.56,61.34
$GC,16617,1.03,255.1,3247,1858,1895,1633,580.8,12.2,490,16622,0.00,2.15,0.00,0.000,260,0.000,0.040,3247,3252,1763,1894,1633,0,0,0,0,0,0,26.62,26.06,26.63,8.55,61.89
$GC,16676,1.03,255.1,3247,3252,1894,1632,575.3,12.2,491,16680,0.00,2.08,0.00,0.000,1030,0.000,0.026,3257,1852,1764,1895,1633,0,0,0,0,0,0,26.27,26.18,26.29,8.55,61.26
$GC,16864,1.03,255.1,3257,1852,1894,1633,550.5,12.0,496,16869,0.00,2.20,0.00,0.000,516,0.000,0.044,3266,473,1764,1895,1633,0,0,0,0,0,0,26.62,26.01,26.63,8.55,60.98
$GC,16892,1.03,255.1,3265,473,1894,1633,550.5,12.0,496,16899,0.10,2.08,0.00,0.000,5126,0.147,0.026,3234,1866,1764,1895,1633,0,0,0,0,0,0,25.91,26.20,26.03,8.54,61.14
$GC,17110,1.03,255.1,3234,1865,1894,1633,522.5,11.3,502,17114,0.00,2.15,0.00,0.000,260,0.000,0.039,3234,3255,1764,1895,1633,0,0,0,0,0,0,26.63,26.06,26.63,8.55,61.57
$GC,17216,1.03,255.1,3234,3256,1895,1633,512.4,11.6,504,17220,0.00,2.08,0.00,0.000,1030,0.000,0.026,3241,1856,1764,1895,1633,0,0,0,0,0,0,26.25,26.17,26.28,8.55,61.81
$GC,17436,1.03,255.1,3241,1856,1895,1632,484.7,11.3,510,17440,0.00,2.20,0.00,0.000,516,0.000,0.043,3251,460,1764,1895,1633,0,0,0,0,0,0,26.63,25.98,26.63,8.56,60.94
$GC,17446,1.03,255.1,3251,460,1895,1633,484.7,11.3,510,17451,0.00,2.10,0.00,0.000,1030,0.000,0.026,3251,1861,1764,1895,1633,0,0,0,0,0,0,26.26,26.18,26.28,8.55,60.98
$GC,17641,1.03,255.1,3251,1861,1894,1633,460.2,11.8,515,17645,0.00,2.15,0.00,0.000,260,0.000,0.040,3252,3249,1763,1894,1633,0,0,0,0,0,0,26.63,26.03,26.63,8.56,61.30
$GC,17724,1.03,255.1,3251,3249,1895,1633,449.4,12.4,517,17728,0.00,2.08,0.00,0.000,1030,0.000,0.026,3261,1858,1764,1895,1633,0,0,0,0,0,0,26.25,26.17,26.27,8.56,61.30
$GC,17927,1.03,255.1,3260,1858,1895,1633,424.2,12.3,522,17931,0.00,2.20,0.00,0.000,516,0.000,0.043,3270,457,1763,1894,1633,0,0,0,0,0,0,26.63,25.96,26.63,8.56,60.75
$GC,18070,1.03,255.1,3270,456,1894,1633,408.9,12.4,525,18077,0.12,2.10,0.00,0.000,5126,0.140,0.026,3231,1859,1763,1894,1633,0,0,0,0,0,0,25.83,26.18,25.96,8.56,61.49
$GC,18293,1.03,255.1,3230,1859,1894,1632,383.0,10.5,531,18297,0.00,2.17,0.00,0.000,260,0.000,0.041,3231,3257,1763,1894,1633,0,0,0,0,0,0,26.63,26.01,26.63,8.56,60.78
$GC,18359,1.03,255.1,3230,3257,1894,1633,378.3,10.4,532,18364,0.00,2.10,0.00,0.000,1030,0.000,0.026,3239,1846,1763,1894,1632,0,0,0,0,0,0,26.24,26.16,26.27,8.56,60.43
$GC,18578,1.03,255.1,3238,1845,1895,1633,353.6,10.0,538,18583,0.00,2.17,0.00,0.000,516,0.000,0.043,3249,461,1763,1895,1632,0,0,0,0,0,0,26.62,25.94,26.63,8.57,61.26
$GC,18712,1.03,255.1,3249,462,1895,1633,340.8,10.2,541,18716,0.00,2.08,0.00,0.000,1030,0.000,0.026,3249,1853,1763,1894,1633,0,0,0,0,0,0,26.23,26.16,26.26,8.57,60.59
$GC,18906,1.03,255.1,3248,1853,1895,1632,320.0,10.2,546,18911,0.00,2.17,0.00,0.000,260,0.000,0.041,3249,3253,1763,1895,1632,0,0,0,0,0,0,26.63,25.99,26.63,8.57,60.78
$GC,18991,1.03,255.1,3248,3253,1894,1633,310.6,10.8,548,18997,0.00,2.08,0.00,0.000,1030,0.000,0.026,3259,1857,1764,1895,1633,0,0,0,0,0,0,26.22,26.15,26.25,8.58,60.27
$GC,19197,1.03,255.1,3258,1856,1895,1633,286.9,11.6,553,19202,0.00,2.20,0.00,0.000,516,0.000,0.044,3259,463,1763,1894,1633,0,0,0,0,0,0,26.63,25.91,26.63,8.57,60.59
$GC,19326,1.03,255.1,3258,463,1895,1633,271.7,12.0,556,19331,0.00,2.12,0.00,0.000,1030,0.000,0.026,3258,1860,1764,1895,1633,0,0,0,0,0,0,26.20,26.16,26.21,8.58,60.47
$GC,19525,1.03,255.1,3258,1860,1895,1633,247.8,11.6,561,19530,0.00,2.15,0.00,0.000,260,0.000,0.041,3259,3252,1763,1895,1632,0,0,0,0,0,0,26.63,25.98,26.63,8.58,60.43
$GC,19547,1.03,255.1,3258,3252,1894,1632,247.8,11.6,561,19552,0.00,2.08,0.00,0.000,1030,0.000,0.026,3259,1854,1764,1895,1633,0,0,0,0,0,0,26.22,26.14,26.25,8.58,59.96
$GC,19773,1.03,255.1,3258,1853,1895,1633,221.8,10.2,567,19777,0.00,2.20,0.00,0.000,516,0.000,0.044,3259,458,1763,1894,1633,0,0,0,0,0,0,26.63,25.91,26.63,8.58,59.84
$GC,19824,1.03,255.1,3258,457,1895,1633,217.2,10.2,568,19829,0.00,2.10,0.00,0.000,1030,0.000,0.025,3259,1867,1763,1894,1633,0,0,0,0,0,0,26.23,26.16,26.25,8.58,60.00
$GC,20018,1.03,255.1,3258,1866,1895,1632,195.8,10.6,573,20023,0.00,2.17,0.00,0.000,260,0.000,0.040,3259,3247,1764,1895,1633,0,0,0,0,0,0,26.63,25.98,26.63,8.58,60.15
$GC,20113,1.03,255.1,3258,3247,1895,1633,185.4,12.3,577,20118,0.10,2.08,0.00,0.000,5126,0.162,0.025,3233,1852,1763,1895,1632,0,0,0,0,0,0,25.80,26.15,25.92,8.59,59.96
$GC,20300,1.03,255.1,3233,1851,1895,1633,162.8,11.5,586,20304,0.00,2.17,0.00,0.000,260,0.000,0.040,3233,3256,1764,1895,1633,0,0,0,0,0,0,26.63,25.97,26.63,8.59,59.56
$GC,20332,1.03,255.1,3233,3257,1895,1633,159.9,11.7,587,20336,0.00,2.10,0.00,0.000,1030,0.000,0.025,3241,1843,1764,1895,1633,0,0,0,0,0,0,26.22,26.14,26.25,8.59,59.96
$GC,20525,1.03,255.1,3240,1843,1895,1633,137.0,11.1,597,20526,0.00,0.00,0.00,0.000,6,0.000,0.000,3241,1843,1763,1894,1632,0,0,0,0,0,0,26.63,26.64,26.63,8.59,59.64
$GC,20705,1.03,255.1,3240,1842,1895,1632,117.8,10.5,606,20709,0.00,2.17,0.00,0.000,260,0.000,0.040,3241,3247,1764,1895,1633,0,0,0,0,0,0,26.63,25.96,26.63,8.60,60.15
$GC,20790,1.03,255.1,3240,3247,1894,1633,109.1,10.5,610,20795,0.00,2.08,0.00,0.000,1030,0.000,0.026,3243,1848,1763,1894,1633,0,0,0,0,0,0,26.20,26.13,26.23,8.61,60.15
$GC,20990,1.09,311.6,3242,1847,1895,1632,93.1,7.4,620,21049,0.00,2.20,49.85,0.784,8708,0.000,0.042,3254,466,1532,1684,1381,0,0,0,0,0,0,26.63,24.96,23.89,8.61,59.49
$GC,21108,1.13,356.2,3253,466,1682,1381,84.9,8.0,625,21153,0.00,2.10,37.05,0.755,9222,0.000,0.026,3253,1856,1349,1513,1186,0,0,0,0,0,0,25.77,25.71,23.89,8.60,59.05
$GC,21336,1.27,404.3,3253,1856,1506,1184,65.6,7.8,637,21384,0.10,2.22,39.17,0.741,10500,0.078,0.037,3332,3252,1153,1317,989,0,0,0,0,0,0,26.03,24.63,24.06,8.63,60.12
$GC,21438,1.28,417.0,3331,3252,1314,989,56.5,9.4,642,21466,0.00,2.12,17.27,0.637,9222,0.000,0.025,3342,1852,1105,1250,961,0,0,0,0,1,0,25.75,25.67,24.03,8.64,60.12
$GC,21648,1.28,417.0,3341,1852,1245,960,33.2,11.2,659,21653,0.00,2.20,0.00,0.000,516,0.000,0.041,3352,455,1102,1245,960,0,0,0,0,0,0,26.29,25.77,26.29,8.70,61.57
$GC,21753,1.32,455.1,3352,455,1243,960,23.4,8.3,669,21796,0.00,2.10,29.12,0.666,9222,0.000,0.024,3352,1861,945,1044,847,0,0,0,0,0,0,26.07,26.00,24.32,8.74,61.06
$STATE,21952,end climb,SURFACE_DEPTH_REACHED
$STATE,21952,begin surface coast
$FINISH,-0.4,1.022434
$STATE,21974,end surface coast,CONTROL_FINISHED_OK
$STATE,21974,begin surface
$SM_CCo,22055,0.00,0.000,0,0,941,457.48
$SM_GC,0.10,8.15,0.10,0.00,0.028,0.085,0.000,171,1960,941,-8.34,-1.64,457.48,0,0,0,0,0,0,26.04,26.10,26.08
$IRIDIUM_FIX,629.59,-14027.51,260225,001550
$TT8_MAMPS,0.026964,0.371504
$HUMID,56.18
$INTERNAL_PRESSURE,8.73208
$TCM_TEMP,18.20
$XPDR_PINGS,0
$ALTIM_TOP_PING,20.0,20.6
$24V_AH,22.89,62.192
$10V_AH,9.63,43.794
$FG_AHR_24Vo,0.000
$FG_AHR_10Vo,0.000
$DEVICES,Pitch_motor,Roll_motor,VBD_pump_during_apogee,VBD_pump_during_surface,VBD_valve,Iridium_during_init,Iridium_during_connect,Iridium_during_xfer,Transponder_ping,GUMSTIX_24V,GPS,TT8,LPSleep,TT8_Active,TT8_Sampling,TT8_CF8,TT8_Kalman,Analog_circuits,GPS_charging,Compass,RAFOS,Transponder,Compass2
$DEVICE_SECS,21.600,287.125,573.575,0.000,0.000,0.000,0.000,294.150,0.250,0.000,26.527,3258.216,14407.774,741.896,3555.983,523.149,0.000,2829.270,0.000,3077.083,0.000,2.790,0.000
$DEVICE_MAMPS,206.550,90.270,1355.580,0.000,0.000,0.000,0.000,91.035,420.000,0.000,30.710,15.210,2.190,15.210,43.670,53.410,0.000,14.000,0.000,8.240,0.000,30.000,0.000
$SENSORS,SBE_CT,WL_blue_red_Chl,AA4330,nil,nil,nil,nil,nil,nil,nil
$SENSOR_SECS,602.481,0.000,925.279,0.000,0.000,0.000,0.000,0.000,0.000,0.000
$SENSOR_MAMPS,22.470,0.000,11.230,0.000,0.000,0.000,0.000,0.000,0.000,0.000
$MEM,311868
$DATA_FILE_SIZE,52186,691
$CAP_FILE_SIZE,254398,0
$CFSIZE,2097872896,2043150336
$ERRORS,0,0,0,0,0,0,0,0,0,0,0,0,0,1,1,0
$CURRENT,0.085,63.93,1
$GPS,130705,125928,633.907,-14027.129,34,0.8,55,9.3,0.0,101.9,9,5.0
