version: 66.14
glider: 195
mission: 21
dive: 545
start: 8 27 105 0 2 58
data:
$ID,195
$MISSION,21
$DIVE,545
$N_DIVES,0
$STOP_T,0
$D_SURF,3
$D_FLARE,2
$D_TGT,990
$D_ABORT,1090
$D_NO_BLEED,50
$D_BOOST,3
$T_BOOST,0
$D_FINISH,0
$D_PITCH,0
$D_SAFE,0
$D_CALL,0
$SURFACE_URGENCY,0
$SURFACE_URGENCY_TRY,0
$SURFACE_URGENCY_FORCE,0
$T_DIVE,330
$T_MISSION,600
$T_ABORT,1440
$T_TURN,300
$T_TURN_SAMPINT,5
$T_NO_W,120
$T_LOITER,0
$T_SLOITER,60
$T_EPIRB,0
$USE_BATHY,0
$USE_ICE,0
$ICE_FREEZE_MARGIN,0.30000001
$D_OFFGRID,990
$T_WATCHDOG,10
$RELAUNCH,1
$APOGEE_PITCH,-8
$MAX_BUOY,150
$COURSE_BIAS,0
$GLIDE_SLOPE,30
$SPEED_FACTOR,1
$RHO,1.023
$MASS,54002
$MASS_COMP,0
$NAV_MODE,2
$FERRY_MAX,45
$KALMAN_USE,2
$HD_A,0.0038000001
$HD_B,0.0099999998
$HD_C,9.8500004e-06
$HEADING,-1
$ESCAPE_HEADING,0
$ESCAPE_HEADING_DELTA,10
$FIX_MISSING_TIMEOUT,0
$TGT_DEFAULT_LAT,4736
$TGT_DEFAULT_LON,-12225
$TGT_AUTO_DEFAULT,0
$SM_CC,300
$N_FILEKB,4
$FILEMGR,0
$CALL_NDIVES,1
$COMM_SEQ,0
$PROTOCOL,9
$N_NOCOMM,1
$NOCOMM_ACTION,0
$N_NOSURFACE,0
$UPLOAD_DIVES_MAX,-1
$CALL_TRIES,5
$CALL_WAIT,60
$CAPUPLOAD,0
$CAPMAXSIZE,200000
$HEAPDBG,0
$T_GPS,15
$N_GPS,50840
$T_RSLEEP,2
$STROBE,0
$RAFOS_PEAK_OFFSET,1.5
$RAFOS_CORR_THRESH,60
$RAFOS_HIT_WINDOW,3600
$RAFOS_MMODEM,0
$PITCH_MIN,207
$PITCH_MAX,3915
$C_PITCH,2884
$PITCH_DBAND,0.1
$PITCH_CNV,0.003125763
$P_OVSHOOT,0.039999999
$P_OVSHOOT_WITHG,0.079999998
$PITCH_GAIN,19.15
$PITCH_TIMEOUT,17
$PITCH_AD_RATE,160
$PITCH_MAXERRORS,1
$PITCH_ADJ_GAIN,0.02
$PITCH_ADJ_DBAND,2.5
$ROLL_MIN,224
$ROLL_MAX,3758
$ROLL_DEG,40
$C_ROLL_DIVE,1900
$C_ROLL_CLIMB,2150
$HEAD_ERRBAND,10
$ROLL_CNV,0.028270001
$ROLL_TIMEOUT,15
$R_PORT_OVSHOOT,73
$R_STBD_OVSHOOT,53
$ROLL_AD_RATE,350
$ROLL_MAXERRORS,2
$ROLL_ADJ_GAIN,0
$ROLL_ADJ_DBAND,0
$VBD_MIN,500
$VBD_MAX,3960
$C_VBD,2806
$VBD_DBAND,2
$VBD_CNV,-0.24529999
$VBD_LP_IGNORE,0
$VBD_TIMEOUT,720
$PITCH_VBD_SHIFT,0.001
$VBD_PUMP_AD_RATE_SURFACE,5
$VBD_PUMP_AD_RATE_APOGEE,4
$VBD_BLEED_AD_RATE,8
$UNCOM_BLEED,60
$VBD_MAXERRORS,1
$W_ADJ_DBAND,0
$DBDW,0
$PITCH_W_GAIN,0
$PITCH_W_DBAND,0
$CF8_MAXERRORS,5
$AH0_24V,150
$AH0_10V,97
$MINV_24V,19
$MINV_10V,8
$MAXI_24V,0.80000001
$MAXI_10V,0.60000002
$FG_AHR_10V,0
$FG_AHR_24V,0
$PHONE_SUPPLY,-2
$PRESSURE_YINT,-49.397121
$PRESSURE_SLOPE,0.0001168043
$AD7714Ch0Gain,128
$TCM_PITCH_OFFSET,0
$TCM_ROLL_OFFSET,0
$COMPASS_USE,4
$ALTIM_BOTTOM_PING_RANGE,0
$ALTIM_TOP_PING_RANGE,20
$ALTIM_BOTTOM_TURN_MARGIN,0
$ALTIM_TOP_TURN_MARGIN,0
$ALTIM_TOP_MIN_OBSTACLE,1
$ALTIM_PING_DEPTH,0
$ALTIM_PING_DELTA,0
$ALTIM_FREQUENCY,13
$ALTIM_PULSE,3
$ALTIM_SENSITIVITY,3
$XPDR_VALID,5
$XPDR_INHIBIT,90
$INT_PRESSURE_SLOPE,0.0097660003
$INT_PRESSURE_YINT,-0.77999997
$DEEPGLIDER,0
$MOTHERBOARD,4
$DEVICE1,2
$DEVICE2,115
$DEVICE3,101
$DEVICE4,-1
$DEVICE5,-1
$DEVICE6,-1
$LOGGERS,0
$LOGGERDEVICE1,-1
$LOGGERDEVICE2,-1
$LOGGERDEVICE3,-1
$LOGGERDEVICE4,-1
$COMPASS_DEVICE,33
$COMPASS2_DEVICE,-1
$PHONE_DEVICE,49
$GPS_DEVICE,32
$RAFOS_DEVICE,-1
$XPDR_DEVICE,24
$SIM_W,0
$SIM_PITCH,0
$SEABIRD_T_G,0.0044178674
$SEABIRD_T_H,0.00064818078
$SEABIRD_T_I,2.6779007e-05
$SEABIRD_T_J,3.3667231e-06
$SEABIRD_C_G,-10.098215
$SEABIRD_C_H,1.1454017
$SEABIRD_C_I,-0.0021276253
$SEABIRD_C_J,0.00025532115
$SEABIRD_C_Z,2974.52
$GPS1,260805,235440,810.8760,-14139.3330,41,0.8,53,9.3,1.4,194.2,10,4.9
$_CALLS,1
$_XMS_NAKs,0
$_XMS_TOUTs,0
$_SM_DEPTHo,0.08
$_SM_ANGLEo,-53.6
$GPS2,270805,000218,810.8303,-14139.4121,7,0.8,26,9.3,1.3,270.5,10,4.9
$SPEED_LIMITS,0.173,0.262
$TGT_NAME,TX2
$TGT_LATLONG,1145.000,-14800.000
$TGT_RADIUS,10000.000
$KALMAN_CONTROL,0.000000,0.000000
$KALMAN_X,0.000000,0.000000,0.000000,0.000000,0.000000
$KALMAN_Y,0.000000,0.000000,0.000000,0.000000,0.000000
$MHEAD_RNG_PITCHd_Wd,290.2,795948,-18.1,-10.000,-20.93,2235
$D_GRID,990
$GCHEAD,st_secs,pitch_ctl,vbd_ctl,pitch_ad_start,roll_ad_start,vbd_pot1_ad_start,vbd_pot2_ad_start,depth,ob_vertv,data_pts,end_secs,pitch_secs,roll_secs,vbd_secs,vbd_i,gcphase,pitch_i,roll_i,pitch_ad,roll_ad,vbd_ad,vbd_pot1_ad,vbd_pot2_ad,pitch_retries,pitch_errors,roll_retries,roll_errors,vbd_retries,vbd_errors,pitch_volts,roll_volts,vbd_volts,int_press,humidity
$STATE,6,end surface,CONTROL_FINISHED_OK
$STATE,6,begin dive
$GC,74,-1.09,-146.6,157,1925,838,699,0.0,0.2,6,154,0.00,0.00,-77.82,0.000,16386,0.000,0.000,156,1925,2777,2802,2752,0,0,0,0,0,0,26.35,28.83,26.36,8.80,53.66
$GC,159,-1.09,-146.6,156,1926,2802,2752,2.3,-4.4,14,190,9.30,2.20,-14.62,0.000,18692,0.201,0.050,2515,3288,3408,3427,3389,0,0,0,0,0,0,24.63,23.68,24.82,9.01,53.81
$GC,275,-0.97,-146.6,2514,3288,3432,3388,19.9,-14.3,25,286,0.17,2.05,0.00,0.000,3078,0.142,0.027,2567,1916,3410,3432,3388,0,0,0,0,0,0,25.42,25.92,25.58,9.07,53.93
$GC,468,-0.91,-146.6,2566,1915,3433,3388,45.3,-13.4,44,478,0.00,2.17,0.00,0.000,772,0.000,0.035,2566,497,3411,3433,3389,0,0,0,0,0,0,26.48,25.83,26.48,9.09,53.97
$GC,492,-0.85,-146.6,2566,497,3433,3388,49.1,-13.9,46,503,0.17,2.10,0.00,0.000,3078,0.131,0.026,2612,1907,3410,3433,3388,0,0,0,0,0,0,25.53,25.97,25.67,9.09,53.85
$GC,682,-0.85,-146.6,2613,1907,3435,3388,73.1,-12.0,56,686,0.00,2.17,0.00,0.000,516,0.000,0.040,2613,510,3412,3435,3389,0,0,0,0,0,0,26.51,25.78,26.51,9.11,53.58
$GC,759,-0.85,-146.6,2612,510,3435,3388,79.2,-10.0,59,766,0.00,2.08,0.00,0.000,1030,0.000,0.031,2606,1894,3412,3435,3389,0,0,0,0,0,0,26.03,25.95,26.06,9.11,53.74
$GC,945,-0.85,-146.6,2606,1894,3439,3388,93.6,-5.8,69,949,0.00,2.17,0.00,0.000,260,0.000,0.039,2596,3297,3414,3439,3389,0,0,0,0,0,0,26.52,25.85,26.53,9.12,53.46
$GC,1124,-0.85,-146.6,2595,3298,3441,3389,100.7,-4.4,77,1131,0.00,2.05,0.00,0.000,1030,0.000,0.021,2596,1885,3415,3441,3389,0,0,0,0,0,0,26.15,26.09,26.17,9.10,53.38
$GC,1311,-0.85,-146.6,2595,1885,3443,3389,112.6,-7.0,87,1316,0.00,2.12,0.00,0.000,516,0.000,0.040,2596,515,3416,3443,3389,0,0,0,0,0,0,26.53,25.80,26.54,9.09,52.71
$GC,1404,-0.85,-146.6,2595,515,3444,3389,118.6,-7.1,91,1408,0.00,2.08,0.00,0.000,1030,0.000,0.030,2586,1901,3416,3444,3389,0,0,0,0,0,0,26.07,25.98,26.10,9.08,52.87
$GC,1598,-0.85,-146.6,2586,1901,3444,3389,132.6,-7.0,101,1602,0.00,2.20,0.00,0.000,260,0.000,0.044,2576,3310,3417,3445,3389,0,0,0,0,0,0,26.53,25.86,26.54,9.06,53.15
$GC,1696,-0.85,-146.6,2575,3311,3445,3389,138.2,-6.5,105,1705,0.10,2.08,0.00,0.000,3078,0.140,0.026,2607,1897,3417,3445,3389,0,0,0,0,0,0,25.77,26.04,25.86,9.04,52.95
$GC,1885,-0.85,-146.6,2606,1897,3447,3389,149.0,-5.4,115,1889,0.00,2.12,0.00,0.000,516,0.000,0.039,2607,520,3417,3446,3389,0,0,0,0,0,0,26.54,25.85,26.54,9.03,53.93
$GC,2018,-0.85,-146.6,2606,519,3447,3389,156.4,-6.2,121,2023,0.00,2.08,0.00,0.000,1030,0.000,0.031,2600,1898,3417,3446,3389,0,0,0,0,0,0,26.06,25.97,26.09,9.03,54.05
$GC,2213,-0.85,-146.6,2599,1899,3447,3389,168.5,-5.8,131,2217,0.00,2.17,0.00,0.000,260,0.000,0.039,2590,3303,3418,3447,3389,0,0,0,0,0,0,26.54,25.87,26.55,9.02,54.29
$GC,2325,-0.85,-146.6,2588,3303,3447,3389,174.8,-6.0,136,2329,0.00,2.05,0.00,0.000,1030,0.000,0.021,2590,1897,3418,3447,3389,0,0,0,0,0,0,26.15,26.10,26.17,9.00,54.68
$GC,2519,-0.85,-146.6,2589,1896,3447,3389,188.5,-7.2,146,2523,0.00,2.12,0.00,0.000,516,0.000,0.035,2589,509,3418,3447,3389,0,0,0,0,0,0,26.54,25.89,26.55,8.99,55.19
$GC,2626,-0.85,-146.6,2589,509,3447,3389,196.4,-7.7,151,2631,0.08,2.12,0.00,0.000,3078,0.141,0.026,2605,1907,3418,3447,3389,0,0,0,0,0,0,25.73,26.03,25.88,8.99,55.07
$GC,2846,-0.90,-146.6,2605,1906,3446,3389,212.4,-7.1,158,2850,0.00,2.20,0.00,0.000,516,0.000,0.042,2605,509,3418,3447,3389,0,0,0,0,0,0,26.54,25.79,26.55,8.98,55.15
$GC,2913,-0.95,-146.6,2605,508,3446,3389,215.5,-7.1,159,2917,0.00,2.10,0.00,0.000,1030,0.000,0.032,2600,1893,3417,3446,3389,0,0,0,0,0,0,26.05,25.96,26.08,8.97,55.51
$GC,3132,-1.00,-146.6,2598,1893,3446,3389,231.3,-6.4,165,3137,0.08,2.20,0.00,0.000,4356,0.095,0.040,2509,3308,3417,3446,3389,0,0,0,0,0,0,26.33,25.86,26.34,8.95,56.65
$GC,3195,-1.00,-146.6,2508,3308,3446,3389,234.1,-6.4,166,3202,0.15,2.08,0.00,0.000,3078,0.136,0.022,2555,1885,3417,3446,3389,0,0,0,0,0,0,25.65,26.09,25.77,8.95,56.02
$GC,3417,-1.00,-146.6,2554,1886,3446,3389,249.5,-6.4,172,3422,0.00,2.10,0.00,0.000,516,0.000,0.036,2555,518,3417,3446,3388,0,0,0,0,0,0,26.54,25.87,26.55,8.94,56.85
$GC,3546,-1.00,-146.6,2555,518,3446,3389,257.9,-6.7,175,3551,0.00,2.12,0.00,0.000,1030,0.000,0.027,2549,1916,3417,3446,3389,0,0,0,0,0,0,26.06,26.03,26.08,8.94,56.93
$GC,3745,-1.00,-146.6,2548,1915,3445,3389,271.9,-6.9,180,3747,0.00,0.00,0.00,0.000,6,0.000,0.000,2548,1915,3417,3445,3389,0,0,0,0,0,0,26.54,26.55,26.55,8.93,56.89
$GC,3946,-1.00,-146.6,2548,1915,3444,3389,286.9,-7.6,185,3950,0.00,2.22,0.00,0.000,516,0.000,0.042,2548,522,3416,3444,3389,0,0,0,0,0,0,26.55,25.83,26.55,8.92,57.36
$GC,4064,-1.00,-146.6,2548,522,3444,3389,293.9,-8.0,187,4072,0.00,2.08,0.00,0.000,1030,0.000,0.033,2539,1901,3416,3443,3389,0,0,0,0,0,0,26.06,25.98,26.10,8.92,57.12
$GC,4272,-1.00,-146.6,2539,1901,3442,3389,315.8,-9.1,193,4276,0.00,2.12,0.00,0.000,516,0.000,0.035,2540,519,3416,3443,3389,0,0,0,0,0,0,26.55,25.88,26.55,8.91,58.34
$GC,4339,-1.00,-146.6,2539,519,3442,3388,320.2,-9.3,194,4346,0.10,2.08,0.00,0.000,3078,0.147,0.026,2560,1911,3415,3442,3389,0,0,0,0,0,0,25.74,26.03,25.84,8.91,57.91
$GC,4556,-1.00,-146.6,2560,1910,3441,3389,341.4,-8.6,200,4557,0.00,0.00,0.00,0.000,6,0.000,0.000,2560,1911,3415,3441,3389,0,0,0,0,0,0,26.55,26.56,26.55,8.91,58.15
$GC,4756,-1.00,-146.6,2560,1910,3440,3389,357.2,-7.8,205,4761,0.00,2.15,0.00,0.000,516,0.000,0.036,2560,519,3414,3440,3389,0,0,0,0,0,0,26.55,25.87,26.55,8.90,58.23
$GC,4868,-1.00,-146.6,2560,519,3439,3389,363.8,-7.7,207,4872,0.00,2.10,0.00,0.000,1030,0.000,0.027,2554,1896,3414,3439,3389,0,0,0,0,0,0,26.06,26.03,26.08,8.89,58.66
$GC,5083,-1.00,-146.6,2553,1896,3436,3389,380.6,-6.9,213,5087,0.00,2.15,0.00,0.000,516,0.000,0.036,2553,510,3412,3436,3389,0,0,0,0,0,0,26.55,25.86,26.55,8.89,58.97
$GC,5134,-1.00,-146.6,2553,510,3436,3388,383.6,-6.9,214,5138,0.00,2.08,0.00,0.000,1030,0.000,0.026,2544,1900,3412,3436,3388,0,0,0,0,0,0,26.10,26.02,26.13,8.89,59.17
$GC,5328,-1.00,-146.6,2544,1900,3435,3387,397.4,-6.8,219,5332,0.00,2.17,0.00,0.000,260,0.000,0.040,2534,3290,3411,3435,3388,0,0,0,0,0,0,26.54,25.84,26.55,8.88,59.05
$GC,5360,-1.00,-146.6,2533,3292,3435,3386,397.4,-6.8,219,5364,0.00,2.05,0.00,0.000,1030,0.000,0.023,2534,1900,3410,3435,3386,0,0,0,0,0,0,26.13,26.07,26.16,8.88,59.09
$GC,5573,-1.00,-146.6,2533,1900,3435,3385,414.5,-7.1,225,5578,0.00,2.17,0.00,0.000,516,0.000,0.037,2534,518,3410,3435,3385,0,0,0,0,0,0,26.55,25.84,26.55,8.88,59.13
$GC,5713,-1.00,-146.6,2533,518,3434,3385,423.9,-7.5,228,5719,0.10,2.10,0.00,0.000,3078,0.130,0.027,2567,1894,3410,3434,3386,0,0,0,0,0,0,25.60,26.01,25.73,8.87,59.37
$GC,5903,-1.00,-146.6,2567,1894,3433,3384,439.0,-7.3,233,5907,0.00,2.15,0.00,0.000,516,0.000,0.036,2567,510,3409,3434,3384,0,0,0,0,0,0,26.55,25.85,26.55,8.87,59.84
$GC,5954,-1.00,-146.6,2567,509,3433,3384,442.3,-7.4,234,5960,0.00,2.12,0.00,0.000,1030,0.000,0.027,2561,1898,3408,3433,3384,0,0,0,0,0,0,26.05,26.02,26.08,8.87,58.78
$GC,6149,-1.00,-146.6,2561,1898,3433,3383,457.5,-7.5,239,6153,0.00,2.15,0.00,0.000,516,0.000,0.036,2561,516,3407,3432,3383,0,0,0,0,0,0,26.55,25.84,26.55,8.86,59.76
$GC,6208,-1.00,-146.6,2561,516,3433,3383,460.9,-7.5,240,6212,0.00,2.10,0.00,0.000,1030,0.000,0.027,2553,1912,3408,3433,3383,0,0,0,0,0,0,26.08,26.01,26.11,8.86,60.04
$GC,6397,-1.00,-146.6,2552,1912,3432,3382,476.0,-7.4,245,6398,0.00,0.00,0.00,0.000,6,0.000,0.000,2553,1912,3407,3432,3382,0,0,0,0,0,0,26.55,26.55,26.55,8.86,60.12
$GC,6598,-1.00,-146.6,2552,1912,3432,3381,490.3,-7.2,250,6602,0.00,2.17,0.00,0.000,516,0.000,0.036,2553,516,3406,3431,3382,0,0,0,0,0,0,26.55,25.84,26.55,8.85,60.08
$GC,6660,-1.00,-146.6,2552,515,3431,3382,493.6,-7.2,251,6664,0.00,2.08,0.00,0.000,1030,0.000,0.026,2543,1901,3406,3431,3381,0,0,0,0,0,0,26.08,26.01,26.11,8.85,60.23
$GC,6883,-1.00,-146.6,2542,1901,3431,3380,510.3,-6.9,257,6885,0.00,0.00,0.00,0.000,6,0.000,0.000,2543,1901,3406,3431,3381,0,0,0,0,0,0,26.55,26.56,26.55,8.85,59.92
$GC,7084,-1.00,-146.6,2543,1901,3430,3380,524.2,-6.9,262,7088,0.00,2.15,0.00,0.000,516,0.000,0.037,2543,518,3405,3431,3380,0,0,0,0,0,0,26.55,25.83,26.55,8.84,60.27
$GC,7176,-1.00,-146.6,2543,518,3430,3380,530.6,-7.1,264,7180,0.00,2.08,0.00,0.000,1030,0.000,0.027,2535,1903,3405,3430,3380,0,0,0,0,0,0,26.08,26.00,26.11,8.84,60.23
$GC,7370,-1.00,-146.6,2534,1903,3429,3379,545.5,-7.4,269,7374,0.00,2.15,0.00,0.000,516,0.000,0.037,2535,518,3403,3428,3379,0,0,0,0,0,0,26.55,25.82,26.55,8.83,60.15
$GC,7433,-1.00,-146.6,2534,518,3429,3378,549.0,-7.5,270,7440,0.10,2.08,0.00,0.000,3078,0.146,0.027,2556,1899,3404,3429,3379,0,0,0,0,0,0,25.71,25.99,25.81,8.83,60.12
$GC,7655,-1.00,-146.6,2556,1899,3428,3377,566.9,-7.4,276,7659,0.00,2.15,0.00,0.000,516,0.000,0.037,2556,517,3403,3428,3378,0,0,0,0,0,0,26.55,25.82,26.55,8.83,60.12
$GC,7706,-1.00,-146.6,2556,517,3427,3378,570.1,-7.4,277,7711,0.00,2.10,0.00,0.000,1030,0.000,0.027,2550,1894,3403,3428,3378,0,0,0,0,0,0,26.03,26.00,26.05,8.83,60.39
$GC,7901,-1.00,-146.6,2550,1893,3427,3377,585.1,-7.4,282,7905,0.00,2.20,0.00,0.000,260,0.000,0.041,2540,3294,3402,3427,3377,0,0,0,0,0,0,26.55,25.80,26.55,8.83,60.67
$GC,7927,-1.00,-146.6,2539,3296,3426,3377,585.1,-7.4,282,7931,0.00,2.08,0.00,0.000,1030,0.000,0.023,2540,1892,3401,3426,3377,0,0,0,0,0,0,26.12,26.06,26.14,8.82,60.71
$GC,8147,-1.00,-146.6,2539,1892,3426,3376,602.5,-7.0,288,8151,0.00,2.15,0.00,0.000,516,0.000,0.037,2540,512,3401,3426,3376,0,0,0,0,0,0,26.55,25.80,26.55,8.81,60.43
$GC,8304,-1.00,-146.6,2539,512,3425,3376,611.6,-7.2,291,8311,0.10,2.08,0.00,0.000,3078,0.145,0.027,2561,1899,3400,3424,3376,0,0,0,0,0,0,25.70,25.98,25.81,8.82,60.71
$GC,8513,-1.00,-146.6,2559,1899,3424,3375,628.3,-6.8,297,8519,0.00,2.15,0.00,0.000,516,0.000,0.037,2561,518,3399,3424,3375,0,0,0,0,0,0,26.55,25.81,26.55,8.81,60.51
$GC,8558,-1.00,-146.6,2560,518,3424,3375,631.6,-7.0,298,8563,0.00,2.08,0.00,0.000,1030,0.000,0.026,2554,1901,3399,3424,3375,0,0,0,0,0,0,26.06,25.98,26.09,8.81,60.63
$GC,8763,-1.00,-146.6,2554,1900,3424,3374,646.3,-7.3,303,8767,0.00,2.15,0.00,0.000,516,0.000,0.037,2554,517,3398,3423,3374,0,0,0,0,0,0,26.55,25.79,26.55,8.81,61.10
$GC,8830,-1.00,-146.6,2554,518,3424,3374,649.8,-7.5,304,8834,0.00,2.08,0.00,0.000,1030,0.000,0.027,2545,1901,3398,3423,3374,0,0,0,0,0,0,26.06,25.98,26.09,8.80,60.59
$GC,9049,-1.00,-146.6,2544,1900,3423,3373,669.1,-8.0,310,9053,0.00,2.17,0.00,0.000,516,0.000,0.037,2545,509,3397,3422,3373,0,0,0,0,0,0,26.55,25.79,26.55,8.80,61.41
$GC,9112,-1.00,-146.6,2544,507,3422,3373,672.8,-8.2,311,9116,0.00,2.10,0.00,0.000,1030,0.000,0.027,2536,1902,3398,3423,3373,0,0,0,0,0,0,26.06,25.98,26.08,8.80,60.78
$GC,9335,-1.00,-146.6,2535,1902,3422,3372,693.7,-8.6,317,9339,0.00,2.17,0.00,0.000,516,0.000,0.037,2536,513,3397,3421,3373,0,0,0,0,0,0,26.55,25.78,26.55,8.79,61.22
$GC,9402,-1.00,-146.6,2535,512,3421,3372,697.3,-8.6,318,9407,0.10,2.12,0.00,0.000,3078,0.130,0.028,2568,1898,3396,3421,3372,0,0,0,0,0,0,25.56,25.97,25.68,8.79,60.75
$GC,9622,-1.06,-146.6,2567,1898,3421,3371,716.7,-7.8,324,9626,0.00,2.17,0.00,0.000,516,0.000,0.037,2568,511,3396,3421,3371,0,0,0,0,0,0,26.55,25.77,26.55,8.78,61.41
$GC,9684,-1.11,-146.6,2568,510,3421,3371,719.7,-7.7,325,9692,0.05,2.12,0.00,0.000,5126,0.126,0.028,2501,1912,3396,3421,3371,0,0,0,0,0,0,25.91,25.96,25.98,8.79,61.14
$GC,9906,-1.11,-146.6,2500,1911,3419,3370,739.3,-8.1,331,9912,0.00,2.22,0.00,0.000,516,0.000,0.037,2500,516,3395,3420,3370,0,0,0,0,0,0,26.55,25.77,26.55,8.78,61.41
$GC,9979,-1.11,-146.6,2500,516,3420,3370,742.9,-8.1,332,9989,0.12,2.10,0.00,0.000,3078,0.139,0.028,2528,1907,3395,3420,3370,0,0,0,0,0,0,25.60,25.96,25.72,8.78,61.73
$GC,10194,-1.11,-146.6,2528,1907,3420,3369,760.5,-7.1,338,10198,0.00,2.17,0.00,0.000,516,0.000,0.037,2528,519,3394,3420,3369,0,0,0,0,0,0,26.55,25.75,26.55,8.78,61.69
$GC,10281,-1.11,-146.6,2528,518,3420,3369,766.6,-7.0,340,10285,0.00,2.10,0.00,0.000,1030,0.000,0.028,2522,1904,3395,3421,3369,0,0,0,0,0,0,26.03,25.96,26.06,8.78,61.34
$GC,10480,-1.11,-146.6,2521,1903,3419,3367,780.5,-6.9,345,10484,0.00,2.20,0.00,0.000,516,0.000,0.037,2522,522,3393,3419,3368,0,0,0,0,0,0,26.55,25.76,26.55,8.77,61.45
$GC,10565,-1.11,-146.6,2521,522,3419,3367,786.6,-6.9,347,10569,0.00,2.08,0.00,0.000,1030,0.000,0.028,2513,1898,3393,3419,3368,0,0,0,0,0,0,26.03,25.94,26.06,8.77,62.20
$GC,10769,-1.11,-146.6,2512,1897,3418,3367,800.8,-7.0,352,10773,0.00,2.17,0.00,0.000,516,0.000,0.037,2513,513,3392,3418,3367,0,0,0,0,0,0,26.55,25.74,26.55,8.77,61.30
$GC,10846,-1.11,-146.6,2512,513,3418,3367,804.1,-7.2,353,10854,0.00,2.08,0.00,0.000,1030,0.000,0.028,2502,1901,3392,3418,3367,0,0,0,0,0,0,26.02,25.94,26.05,8.77,61.61
$GC,11054,-1.11,-146.6,2502,1900,3418,3367,822.3,-7.6,359,11058,0.00,2.17,0.00,0.000,516,0.000,0.037,2502,515,3392,3418,3367,0,0,0,0,0,0,26.55,25.74,26.55,8.76,62.08
$GC,11111,-1.11,-146.6,2502,513,3418,3367,825.7,-7.6,360,11118,0.10,2.10,0.00,0.000,3078,0.149,0.028,2522,1903,3392,3418,3367,0,0,0,0,0,0,25.63,25.94,25.74,8.76,61.97
$GC,11338,-1.11,-146.6,2521,1903,3418,3365,844.5,-7.8,366,11342,0.00,2.17,0.00,0.000,516,0.000,0.038,2521,517,3391,3418,3365,0,0,0,0,0,0,26.55,25.72,26.55,8.76,62.01
$GC,11415,-1.11,-146.6,2520,517,3417,3365,848.3,-8.0,367,11422,0.00,2.10,0.00,0.000,1030,0.000,0.028,2514,1909,3391,3417,3365,0,0,0,0,0,0,26.01,25.93,26.04,8.76,61.77
$GC,11621,-1.11,-146.6,2513,1909,3417,3365,867.7,-8.2,373,11626,0.00,2.20,0.00,0.000,516,0.000,0.038,2514,511,3390,3416,3365,0,0,0,0,0,0,26.55,25.71,26.55,8.75,62.64
$GC,11669,-1.11,-146.6,2513,512,3416,3365,871.4,-8.2,374,11673,0.00,2.10,0.00,0.000,1030,0.000,0.028,2504,1902,3390,3416,3365,0,0,0,0,0,0,26.01,25.93,26.03,8.76,61.81
$GC,11867,-1.11,-146.6,2503,1902,3416,3364,888.2,-8.3,379,11872,0.00,2.17,0.00,0.000,516,0.000,0.038,2503,519,3390,3416,3364,0,0,0,0,0,0,26.55,25.71,26.55,8.76,62.64
$GC,11940,-1.11,-146.6,2503,519,3416,3365,891.9,-8.4,380,11950,0.10,2.10,0.00,0.000,3078,0.151,0.028,2523,1907,3390,3415,3365,0,0,0,0,0,0,25.61,25.92,25.71,8.75,62.04
$GC,12152,-1.11,-146.6,2522,1907,3415,3364,911.1,-8.0,386,12157,0.00,2.22,0.00,0.000,516,0.000,0.038,2523,518,3389,3415,3364,0,0,0,0,0,0,26.55,25.71,26.55,8.75,62.20
$GC,12230,-1.11,-146.6,2522,518,3414,3364,914.6,-8.0,387,12238,0.00,2.10,0.00,0.000,1030,0.000,0.028,2516,1911,3389,3415,3364,0,0,0,0,0,0,25.99,25.91,26.03,8.75,62.75
$GC,12439,-1.11,-146.6,2515,1910,3414,3364,933.7,-7.9,393,12443,0.00,2.20,0.00,0.000,516,0.000,0.038,2515,513,3389,3415,3364,0,0,0,0,0,0,26.55,25.69,26.55,8.74,62.52
$GC,12500,-1.11,-146.6,2515,513,3414,3363,937.3,-7.9,394,12504,0.00,2.12,0.00,0.000,1030,0.000,0.028,2505,1909,3389,3415,3364,0,0,0,0,0,0,25.98,25.91,26.01,8.74,62.83
$GC,12724,-1.11,-146.6,2505,1909,3414,3362,956.3,-7.7,400,12728,0.00,2.17,0.00,0.000,516,0.000,0.038,2505,519,3388,3414,3363,0,0,0,0,0,0,26.54,25.68,26.55,8.74,62.24
$GC,12816,-1.11,-146.6,2504,519,3414,3363,963.1,-8.0,402,12823,0.10,2.10,0.00,0.000,3078,0.151,0.028,2525,1906,3388,3413,3363,0,0,0,0,0,0,25.59,25.90,25.69,8.73,62.44
$GC,13008,-1.11,-146.6,2524,1906,3413,3362,978.2,-7.5,407,13015,0.00,2.20,0.00,0.000,516,0.000,0.039,2525,512,3387,3413,3362,0,0,0,0,0,0,26.54,25.67,26.55,8.74,62.56
$GC,13062,-1.11,-146.6,2524,512,3414,3362,981.4,-7.5,408,13066,0.00,2.10,0.00,0.000,1030,0.000,0.028,2517,1899,3387,3413,3362,0,0,0,0,0,0,25.98,25.89,26.01,8.74,62.12
$STATE,13168,end dive,TARGET_DEPTH_EXCEEDED
$STATE,13168,begin apogee
$GC,13176,-0.42,0.0,2515,2146,3412,3361,990.7,-7.6,411,13317,0.70,0.00,137.52,1.343,10246,0.106,0.000,2745,2146,2804,2899,2710,0,0,0,0,0,0,25.12,24.08,22.75,8.74,62.60
$STATE,13318,end apogee,CONTROL_FINISHED_OK
$STATE,13319,begin climb
$GC,13322,1.09,146.6,2745,2146,2898,2709,996.0,0.0,414,13479,1.40,2.40,143.80,1.293,10500,0.069,0.043,3231,3544,2205,2290,2121,0,0,0,0,0,0,24.72,24.15,22.80,8.68,61.61
$GC,13570,0.91,190.0,3230,3543,2289,2121,981.5,8.0,420,13621,0.20,2.10,43.45,1.258,13318,0.135,0.025,3180,2155,2029,2133,1926,0,0,0,0,0,0,25.30,25.68,23.13,8.63,60.35
$GC,13816,0.94,222.7,3179,2155,2133,1925,957.2,8.5,427,13856,0.00,2.35,32.75,1.255,8452,0.000,0.044,3180,3550,1895,2020,1771,0,0,0,0,0,0,26.25,24.69,23.31,8.62,60.98
$GC,13926,0.97,251.8,3179,3550,2020,1771,949.8,8.7,429,13962,0.00,2.12,29.35,1.242,9222,0.000,0.024,3187,2151,1775,1915,1636,0,0,0,0,0,0,25.76,25.69,23.31,8.61,60.98
$GC,14184,1.05,270.4,3187,2151,1915,1635,923.8,9.2,436,14209,0.05,2.28,18.62,1.212,10500,0.140,0.042,3259,3546,1700,1848,1552,0,0,0,0,0,0,26.08,24.41,23.51,8.59,61.61
$GC,14261,1.05,270.4,3259,3546,1848,1552,915.4,10.0,438,14266,0.10,2.15,0.00,0.000,5126,0.132,0.025,3223,2157,1700,1848,1552,0,0,0,0,0,0,25.40,25.73,25.56,8.59,62.44
$GC,14466,1.05,270.4,3222,2157,1848,1552,894.0,10.4,443,14468,0.00,0.00,0.00,0.000,6,0.000,0.000,3222,2156,1700,1848,1552,0,0,0,0,0,0,26.35,26.36,26.36,8.58,62.36
$GC,14667,1.05,270.4,3222,2157,1848,1551,872.6,10.7,448,14671,0.00,2.22,0.00,0.000,260,0.000,0.044,3222,3552,1699,1848,1551,0,0,0,0,0,0,26.44,25.84,26.46,8.57,63.62
$GC,14758,1.05,270.4,3222,3552,1848,1550,863.1,10.9,450,14763,0.00,2.12,0.00,0.000,1030,0.000,0.025,3229,2140,1699,1848,1550,0,0,0,0,0,0,26.11,26.04,26.13,8.58,62.83
$GC,14954,1.05,270.4,3229,2140,1848,1549,840.3,11.3,455,14960,0.00,2.22,0.00,0.000,260,0.000,0.044,3229,3545,1699,1848,1550,0,0,0,0,0,0,26.49,25.85,26.51,8.57,63.03
$GC,14997,1.05,270.4,3229,3545,1848,1549,835.3,11.4,456,15001,0.00,2.10,0.00,0.000,1030,0.000,0.025,3239,2148,1699,1849,1550,0,0,0,0,0,0,26.13,26.06,26.15,8.57,63.34
$GC,15195,1.05,270.4,3238,2148,1848,1549,812.0,11.6,461,15202,0.00,2.22,0.00,0.000,260,0.000,0.044,3239,3551,1698,1848,1549,0,0,0,0,0,0,26.51,25.84,26.52,8.57,64.01
$GC,15229,1.05,270.4,3238,3551,1848,1549,812.0,11.6,461,15237,0.00,2.10,0.00,0.000,1030,0.000,0.024,3248,2144,1698,1848,1549,0,0,0,0,0,0,26.13,26.06,26.15,8.56,63.38
$GC,15436,1.05,270.4,3248,2144,1848,1549,784.0,11.6,467,15437,0.00,0.00,0.00,0.000,6,0.000,0.000,3248,2144,1698,1848,1549,0,0,0,0,0,0,26.52,26.53,26.53,8.56,63.70
$GC,15636,1.05,270.4,3247,2144,1848,1549,761.6,11.3,472,15641,0.00,2.28,0.00,0.000,260,0.000,0.044,3248,3549,1698,1848,1549,0,0,0,0,0,0,26.52,25.82,26.53,8.55,63.78
$GC,15723,1.05,270.4,3247,3549,1848,1549,751.6,11.4,474,15728,0.10,2.15,0.00,0.000,5126,0.133,0.025,3216,2147,1698,1847,1549,0,0,0,0,0,0,25.63,26.05,25.76,8.56,63.58
$GC,15923,1.05,270.4,3216,2147,1848,1549,730.6,10.3,479,15928,0.00,2.25,0.00,0.000,260,0.000,0.044,3216,3552,1698,1848,1549,0,0,0,0,0,0,26.52,25.79,26.53,8.56,64.29
$GC,15967,1.05,270.4,3216,3552,1848,1549,725.8,10.4,480,15972,0.00,2.12,0.00,0.000,1030,0.000,0.025,3224,2143,1698,1848,1549,0,0,0,0,0,0,26.10,26.03,26.13,8.55,64.09
$GC,16171,1.05,270.4,3223,2143,1848,1549,705.2,10.1,485,16172,0.00,0.00,0.00,0.000,6,0.000,0.000,3224,2143,1698,1848,1549,0,0,0,0,0,0,26.52,26.53,26.53,8.55,64.05
$GC,16372,1.06,277.6,3223,2143,1847,1549,685.7,9.7,490,16384,0.00,2.28,7.10,0.984,8452,0.000,0.042,3224,3549,1672,1822,1522,0,0,0,0,0,0,26.53,24.79,23.93,8.55,64.53
$GC,16452,1.07,283.9,3223,3549,1822,1522,678.0,9.7,492,16465,0.00,2.12,7.65,0.992,9222,0.000,0.024,3234,2143,1646,1798,1494,0,0,0,0,0,0,26.03,25.96,23.82,8.55,64.29
$GC,16649,1.08,292.7,3233,2143,1798,1493,658.7,9.6,497,16665,0.00,2.20,9.73,1.034,8708,0.000,0.037,3243,763,1610,1767,1454,0,0,0,0,0,0,26.39,25.13,23.80,8.55,63.90
$GC,16678,1.09,301.6,3242,763,1766,1454,658.7,9.6,497,16695,0.00,2.12,10.40,1.033,9222,0.000,0.028,3243,2148,1572,1730,1414,0,0,0,0,0,0,25.89,25.81,23.63,8.55,64.01
$GC,16890,1.09,302.8,3242,2147,1730,1414,634.9,9.9,503,16895,0.00,2.25,0.00,0.000,260,0.000,0.044,3243,3551,1572,1730,1414,0,0,0,0,0,0,26.32,25.69,26.33,8.54,63.50
$GC,16982,1.09,302.8,3242,3551,1730,1414,626.2,10.2,505,16986,0.00,2.12,0.00,0.000,1030,0.000,0.025,3253,2146,1572,1730,1414,0,0,0,0,0,0,26.01,25.94,26.03,8.54,63.86
$GC,17176,1.09,302.8,3252,2146,1730,1414,605.6,10.2,510,17177,0.00,0.00,0.00,0.000,6,0.000,0.000,3253,2146,1572,1730,1414,0,0,0,0,0,0,26.46,26.47,26.46,8.54,64.49
$GC,17376,1.09,302.8,3252,2146,1730,1414,585.2,10.3,515,17382,0.00,2.25,0.00,0.000,260,0.000,0.044,3253,3555,1572,1730,1414,0,0,0,0,0,0,26.49,25.76,26.50,8.54,63.97
$GC,17459,1.09,302.8,3252,3555,1730,1414,576.2,10.7,517,17463,0.00,2.12,0.00,0.000,1030,0.000,0.025,3263,2145,1572,1730,1414,0,0,0,0,0,0,26.08,26.01,26.10,8.54,64.49
$GC,17658,1.09,302.8,3262,2145,1730,1414,554.3,11.0,522,17659,0.00,0.00,0.00,0.000,6,0.000,0.000,3263,2145,1572,1730,1414,0,0,0,0,0,0,26.51,26.53,26.52,8.54,63.74
$GC,17857,1.09,302.8,3262,2145,1730,1414,531.4,11.4,527,17864,0.00,2.25,0.00,0.000,260,0.000,0.044,3263,3554,1572,1730,1414,0,0,0,0,0,0,26.51,25.75,26.53,8.54,64.21
$GC,17946,1.09,302.8,3262,3554,1730,1414,521.7,11.9,529,17951,0.12,2.12,0.00,0.000,5126,0.139,0.025,3232,2147,1572,1730,1414,0,0,0,0,0,0,25.65,26.01,25.76,8.54,64.33
$GC,18141,1.14,302.8,3232,2147,1730,1414,499.1,11.1,534,18145,0.00,2.17,0.00,0.000,516,0.000,0.038,3240,751,1572,1730,1414,0,0,0,0,0,0,26.53,25.79,26.53,8.54,64.37
$GC,18168,1.19,302.8,3240,751,1730,1414,499.1,11.1,534,18172,0.00,2.12,0.00,0.000,1030,0.000,0.028,3241,2150,1572,1730,1414,0,0,0,0,0,0,26.03,25.94,26.06,8.55,63.82
$GC,18386,1.19,302.8,3240,2150,1730,1413,472.4,10.9,540,18390,0.00,2.28,0.00,0.000,260,0.000,0.044,3240,3576,1571,1730,1413,0,0,0,0,0,0,26.53,25.71,26.53,8.55,64.05
$GC,18488,1.19,302.8,3240,3576,1730,1414,462.9,11.1,542,18492,0.00,2.15,0.00,0.000,1030,0.000,0.025,3251,2146,1572,1730,1414,0,0,0,0,0,0,26.07,25.99,26.09,8.55,63.90
$GC,18712,1.19,302.8,3250,2147,1730,1413,437.3,10.5,548,18718,0.00,2.17,0.00,0.000,516,0.000,0.037,3261,751,1572,1730,1414,0,0,0,0,0,0,26.53,25.77,26.53,8.55,64.25
$GC,18730,1.19,302.8,3261,750,1730,1414,437.3,10.5,548,18734,0.00,2.12,0.00,0.000,1030,0.000,0.028,3261,2149,1571,1730,1413,0,0,0,0,0,0,26.01,25.93,26.04,8.55,64.05
$GC,18918,1.19,302.8,3260,2149,1730,1413,415.8,10.4,553,18923,0.00,2.25,0.00,0.000,260,0.000,0.044,3261,3557,1571,1730,1413,0,0,0,0,0,0,26.53,25.69,26.53,8.55,63.74
$GC,19015,1.19,302.8,3260,3557,1730,1413,406.9,10.5,555,19019,0.00,2.12,0.00,0.000,1030,0.000,0.025,3264,2146,1572,1730,1414,0,0,0,0,0,0,26.06,25.98,26.08,8.55,63.50
$GC,19204,1.19,302.8,3263,2146,1729,1413,386.2,10.3,560,19205,0.00,0.00,0.00,0.000,6,0.000,0.000,3264,2146,1571,1730,1413,0,0,0,0,0,0,26.53,26.53,26.53,8.56,63.62
$GC,19404,1.19,302.8,3263,2146,1730,1413,364.7,10.7,565,19410,0.00,2.25,0.00,0.000,260,0.000,0.044,3264,3553,1572,1730,1414,0,0,0,0,0,0,26.53,25.67,26.53,8.56,63.62
$GC,19485,1.19,302.8,3263,3553,1730,1413,355.3,11.2,567,19489,0.00,2.10,0.00,0.000,1030,0.000,0.024,3274,2151,1571,1729,1413,0,0,0,0,0,0,26.05,25.98,26.08,8.56,63.46
$GC,19689,1.19,302.8,3274,2151,1730,1413,331.7,11.7,572,19695,0.00,2.25,0.00,0.000,260,0.000,0.044,3274,3557,1571,1730,1413,0,0,0,0,0,0,26.53,25.67,26.53,8.57,64.01
$GC,19743,1.19,302.8,3274,3557,1730,1413,326.8,11.8,573,19748,0.00,2.12,0.00,0.000,1030,0.000,0.024,3283,2143,1572,1730,1414,0,0,0,0,0,0,26.06,25.98,26.08,8.57,63.62
$GC,19932,1.19,302.8,3283,2143,1731,1413,301.9,12.2,578,19936,0.00,2.25,0.00,0.000,260,0.000,0.044,3283,3554,1572,1730,1414,0,0,0,0,0,0,26.53,25.66,26.53,8.56,63.58
$GC,20009,1.19,302.8,3282,3553,1730,1413,296.3,12.3,579,20017,0.00,2.10,0.00,0.000,1030,0.000,0.024,3292,2149,1571,1730,1413,0,0,0,0,0,0,26.05,25.98,26.08,8.57,63.07
$GC,20216,1.19,302.8,3291,2149,1730,1413,266.8,12.2,585,20221,0.00,2.25,0.00,0.000,260,0.000,0.044,3292,3560,1571,1730,1413,0,0,0,0,0,0,26.53,25.66,26.53,8.57,62.99
$GC,20350,1.19,302.8,3292,3560,1730,1413,251.7,12.2,588,20355,0.00,2.15,0.00,0.000,1030,0.000,0.024,3292,2154,1571,1730,1413,0,0,0,0,0,0,26.01,25.98,26.03,8.57,63.23
$GC,20544,1.19,302.8,3292,2154,1730,1413,228.9,11.0,593,20551,0.00,2.25,0.00,0.000,260,0.000,0.043,3292,3559,1572,1730,1414,0,0,0,0,0,0,26.53,25.66,26.53,8.57,62.60
$GC,20618,1.19,302.8,3292,3559,1730,1413,224.3,11.0,594,20625,0.00,2.10,0.00,0.000,1030,0.000,0.024,3292,2151,1571,1730,1413,0,0,0,0,0,0,26.04,25.97,26.06,8.58,62.87
$GC,20825,1.19,302.8,3292,2151,1730,1413,197.5,11.2,600,20830,0.00,2.28,0.00,0.000,260,0.000,0.043,3292,3556,1571,1730,1413,0,0,0,0,0,0,26.53,25.65,26.53,8.58,62.87
$GC,20898,1.19,302.8,3291,3556,1730,1414,189.5,11.9,603,20902,0.00,2.10,0.00,0.000,1030,0.000,0.024,3292,2150,1571,1730,1413,0,0,0,0,0,0,26.04,25.96,26.06,8.58,62.79
$GC,21091,1.19,302.8,3291,2150,1730,1413,165.0,12.4,613,21096,0.00,2.25,0.00,0.000,260,0.000,0.044,3292,3562,1571,1729,1413,0,0,0,0,0,0,26.53,25.65,26.54,8.58,62.91
$GC,21149,1.19,302.8,3291,3562,1729,1413,159.2,12.6,615,21157,0.10,2.12,0.00,0.000,5126,0.154,0.024,3269,2138,1572,1730,1414,0,0,0,0,0,0,25.63,25.98,25.73,8.59,62.04
$GC,21336,1.19,302.8,3269,2138,1730,1413,136.5,11.0,625,21343,0.00,2.28,0.00,0.000,260,0.000,0.043,3269,3564,1572,1730,1414,0,0,0,0,0,0,26.53,25.65,26.53,8.59,62.95
$GC,21380,1.19,302.8,3269,3564,1730,1414,132.1,10.7,627,21384,0.00,2.12,0.00,0.000,1030,0.000,0.024,3278,2148,1572,1730,1414,0,0,0,0,0,0,26.05,25.98,26.07,8.59,62.83
$GC,21578,1.19,302.8,3277,2148,1730,1413,110.8,10.7,637,21582,0.00,2.25,0.00,0.000,260,0.000,0.044,3278,3555,1571,1730,1413,0,0,0,0,0,0,26.53,25.64,26.53,8.60,62.40
$GC,21630,1.19,302.8,3277,3555,1730,1413,106.0,10.8,639,21634,0.00,2.10,0.00,0.000,1030,0.000,0.024,3288,2149,1572,1730,1414,0,0,0,0,0,0,26.05,25.98,26.07,8.59,62.95
$GC,21824,1.22,334.3,3287,2149,1730,1413,87.4,8.6,649,21863,0.00,2.33,28.27,0.767,8452,0.000,0.042,3288,3554,1440,1607,1274,0,0,0,0,0,0,26.53,24.90,23.81,8.61,62.71
$GC,21932,1.26,368.3,3287,3553,1607,1274,78.9,8.4,654,21967,0.00,2.12,29.70,0.751,9222,0.000,0.023,3298,2145,1304,1477,1131,0,0,0,0,0,0,25.86,25.80,23.72,8.61,61.53
$GC,22147,1.35,464.7,3297,2146,1472,1129,62.5,5.6,665,22274,0.00,2.35,103.18,0.709,8964,0.000,0.043,3298,3552,906,999,814,0,0,0,0,3,0,26.26,24.60,23.61,8.63,63.23
$GC,22311,1.42,464.7,3297,3552,997,813,47.8,10.3,673,22316,0.03,2.17,0.00,0.000,3078,0.128,0.023,3367,2151,905,997,813,0,0,0,0,0,0,25.41,25.53,25.45,8.64,62.60
$GC,22508,1.42,464.7,3367,2151,994,812,24.3,11.9,692,22512,0.00,2.17,0.00,0.000,516,0.000,0.036,3377,754,903,994,812,0,0,0,0,0,0,26.28,25.70,26.29,8.71,63.66
$GC,22534,1.42,464.7,3377,753,993,811,21.8,10.3,694,22543,0.12,2.12,0.00,0.000,5126,0.125,0.028,3337,2161,902,994,811,0,0,0,0,0,0,25.53,25.79,25.68,8.72,63.82
$GC,22724,1.42,464.7,3337,2160,993,811,3.8,13.2,713,22730,0.00,0.00,0.00,0.000,6,0.000,0.000,3337,2160,902,994,811,0,0,0,0,0,0,26.41,26.42,26.43,8.76,61.89
$STATE,22740,end climb,SURFACE_DEPTH_REACHED
$STATE,22740,begin surface coast
$FINISH,-1.0,1.022636
$STATE,22760,end surface coast,CONTROL_FINISHED_OK
$STATE,22760,begin surface
$SM_CCo,22841,0.00,0.000,0,0,901,467.30
$SM_GC,0.11,8.07,0.38,0.00,0.027,0.044,0.000,182,1882,901,-8.28,1.44,467.30,0,0,0,0,0,0,26.05,26.03,26.08
$IRIDIUM_FIX,808.12,-14138.45,110425,171857
$TT8_MAMPS,0.026215,0.390229
$HUMID,58.97
$INTERNAL_PRESSURE,8.73208
$TCM_TEMP,18.50
$XPDR_PINGS,0
$ALTIM_TOP_PING,19.9,20.6
$24V_AH,22.75,95.705
$10V_AH,9.49,61.528
$FG_AHR_24Vo,0.000
$FG_AHR_10Vo,0.000
$DEVICES,Pitch_motor,Roll_motor,VBD_pump_during_apogee,VBD_pump_during_surface,VBD_valve,Iridium_during_init,Iridium_during_connect,Iridium_during_xfer,Transponder_ping,GUMSTIX_24V,GPS,TT8,LPSleep,TT8_Active,TT8_Sampling,TT8_CF8,TT8_Kalman,Analog_circuits,GPS_charging,Compass,RAFOS,Transponder,Compass2
$DEVICE_SECS,22.025,310.975,601.525,0.000,0.000,0.000,0.000,308.150,0.250,0.000,26.440,3203.340,15407.767,808.046,3337.968,534.513,0.000,2875.557,0.000,2861.226,0.000,2.767,0.000
$DEVICE_MAMPS,201.195,50.490,1343.340,0.000,0.000,0.000,0.000,90.270,420.000,0.000,30.710,15.210,2.190,15.210,43.670,53.410,0.000,14.000,0.000,8.240,0.000,30.000,0.000
$SENSORS,SBE_CT,WL_blue_red_Chl,AA4330,nil,nil,nil,nil,nil,nil,nil
$SENSOR_SECS,623.494,0.000,959.369,0.000,0.000,0.000,0.000,0.000,0.000,0.000
$SENSOR_MAMPS,22.470,0.000,11.230,0.000,0.000,0.000,0.000,0.000,0.000,0.000
$MEM,311964
$DATA_FILE_SIZE,55537,717
$CAP_FILE_SIZE,260536,0
$CFSIZE,2097872896,2015526912
$ERRORS,0,0,0,0,0,0,0,0,0,0,0,0,0,3,1,0
$CURRENT,0.075,100.82,1
$GPS,270805,062524,810.812,-14140.528,44,1.0,62,9.3,0.6,233.7,8,4.9
