version: 66.14
glider: 195
mission: 21
dive: 283
start: 6 18 105 11 6 49
data:
$ID,195
$MISSION,21
$DIVE,283
$N_DIVES,0
$STOP_T,0
$D_SURF,3
$D_FLARE,2
$D_TGT,990
$D_ABORT,1090
$D_NO_BLEED,50
$D_BOOST,3
$T_BOOST,0
$D_FINISH,0
$D_PITCH,0
$D_SAFE,0
$D_CALL,0
$SURFACE_URGENCY,0
$SURFACE_URGENCY_TRY,0
$SURFACE_URGENCY_FORCE,0
$T_DIVE,440
$T_MISSION,600
$T_ABORT,1440
$T_TURN,300
$T_TURN_SAMPINT,5
$T_NO_W,120
$T_LOITER,0
$T_SLOITER,60
$T_EPIRB,0
$USE_BATHY,0
$USE_ICE,0
$ICE_FREEZE_MARGIN,0.30000001
$D_OFFGRID,990
$T_WATCHDOG,10
$RELAUNCH,1
$APOGEE_PITCH,-8
$MAX_BUOY,150
$COURSE_BIAS,0
$GLIDE_SLOPE,30
$SPEED_FACTOR,1
$RHO,1.023
$MASS,54002
$MASS_COMP,0
$NAV_MODE,2
$FERRY_MAX,45
$KALMAN_USE,2
$HD_A,0.0038000001
$HD_B,0.0099999998
$HD_C,9.8500004e-06
$HEADING,-1
$ESCAPE_HEADING,0
$ESCAPE_HEADING_DELTA,10
$FIX_MISSING_TIMEOUT,0
$TGT_DEFAULT_LAT,4736
$TGT_DEFAULT_LON,-12225
$TGT_AUTO_DEFAULT,0
$SM_CC,565.6618
$N_FILEKB,4
$FILEMGR,0
$CALL_NDIVES,1
$COMM_SEQ,0
$PROTOCOL,9
$N_NOCOMM,1
$NOCOMM_ACTION,0
$N_NOSURFACE,0
$UPLOAD_DIVES_MAX,-1
$CALL_TRIES,5
$CALL_WAIT,60
$CAPUPLOAD,0
$CAPMAXSIZE,200000
$HEAPDBG,0
$T_GPS,15
$N_GPS,50840
$T_RSLEEP,2
$STROBE,0
$RAFOS_PEAK_OFFSET,1.5
$RAFOS_CORR_THRESH,60
$RAFOS_HIT_WINDOW,3600
$RAFOS_MMODEM,0
$PITCH_MIN,207
$PITCH_MAX,3915
$C_PITCH,2900
$PITCH_DBAND,0.1
$PITCH_CNV,0.003125763
$P_OVSHOOT,0.039999999
$P_OVSHOOT_WITHG,0.079999998
$PITCH_GAIN,24
$PITCH_TIMEOUT,17
$PITCH_AD_RATE,160
$PITCH_MAXERRORS,1
$PITCH_ADJ_GAIN,0.02
$PITCH_ADJ_DBAND,2.5
$ROLL_MIN,224
$ROLL_MAX,3758
$ROLL_DEG,40
$C_ROLL_DIVE,2113
$C_ROLL_CLIMB,1605
$HEAD_ERRBAND,20
$ROLL_CNV,0.028270001
$ROLL_TIMEOUT,15
$R_PORT_OVSHOOT,48
$R_STBD_OVSHOOT,48
$ROLL_AD_RATE,350
$ROLL_MAXERRORS,2
$ROLL_ADJ_GAIN,0
$ROLL_ADJ_DBAND,0
$VBD_MIN,500
$VBD_MAX,3960
$C_VBD,2806
$VBD_DBAND,2
$VBD_CNV,-0.24529999
$VBD_LP_IGNORE,0
$VBD_TIMEOUT,720
$PITCH_VBD_SHIFT,0.001
$VBD_PUMP_AD_RATE_SURFACE,5
$VBD_PUMP_AD_RATE_APOGEE,4
$VBD_BLEED_AD_RATE,8
$UNCOM_BLEED,60
$VBD_MAXERRORS,1
$W_ADJ_DBAND,0
$DBDW,0
$PITCH_W_GAIN,0
$PITCH_W_DBAND,0
$CF8_MAXERRORS,5
$AH0_24V,150
$AH0_10V,97
$MINV_24V,19
$MINV_10V,8
$MAXI_24V,0.80000001
$MAXI_10V,0.60000002
$FG_AHR_10V,0
$FG_AHR_24V,0
$PHONE_SUPPLY,-2
$PRESSURE_YINT,-49.397121
$PRESSURE_SLOPE,0.0001168043
$AD7714Ch0Gain,128
$TCM_PITCH_OFFSET,0
$TCM_ROLL_OFFSET,0
$COMPASS_USE,4
$ALTIM_BOTTOM_PING_RANGE,0
$ALTIM_TOP_PING_RANGE,20
$ALTIM_BOTTOM_TURN_MARGIN,0
$ALTIM_TOP_TURN_MARGIN,0
$ALTIM_TOP_MIN_OBSTACLE,1
$ALTIM_PING_DEPTH,0
$ALTIM_PING_DELTA,0
$ALTIM_FREQUENCY,13
$ALTIM_PULSE,3
$ALTIM_SENSITIVITY,3
$XPDR_VALID,5
$XPDR_INHIBIT,90
$INT_PRESSURE_SLOPE,0.0097660003
$INT_PRESSURE_YINT,-0.77999997
$DEEPGLIDER,0
$MOTHERBOARD,4
$DEVICE1,2
$DEVICE2,115
$DEVICE3,101
$DEVICE4,-1
$DEVICE5,-1
$DEVICE6,-1
$LOGGERS,0
$LOGGERDEVICE1,-1
$LOGGERDEVICE2,-1
$LOGGERDEVICE3,-1
$LOGGERDEVICE4,-1
$COMPASS_DEVICE,33
$COMPASS2_DEVICE,-1
$PHONE_DEVICE,49
$GPS_DEVICE,32
$RAFOS_DEVICE,-1
$XPDR_DEVICE,24
$SIM_W,0
$SIM_PITCH,0
$SEABIRD_T_G,0.0044178674
$SEABIRD_T_H,0.00064818078
$SEABIRD_T_I,2.6779007e-05
$SEABIRD_T_J,3.3667231e-06
$SEABIRD_C_G,-10.098215
$SEABIRD_C_H,1.1454017
$SEABIRD_C_I,-0.0021276253
$SEABIRD_C_J,0.00025532115
$SEABIRD_C_Z,2974.52
$GPS1,180605,105041,534.5521,-14104.5361,46,0.9,58,9.2,1.2,317.9,9,4.8
$_CALLS,5
$_XMS_NAKs,0
$_XMS_TOUTs,0
$_SM_DEPTHo,0.32
$_SM_ANGLEo,-56.8
$GPS2,180605,110610,534.7668,-14104.4854,10,0.9,31,9.2,1.3,15.2,10,4.8
$SPEED_LIMITS,0.130,0.237
$TGT_NAME,TX1
$TGT_LATLONG,815.000,-14400.000
$TGT_RADIUS,10000.000
$KALMAN_CONTROL,0.000000,0.000000
$KALMAN_X,0.000000,0.000000,0.000000,0.000000,0.000000
$KALMAN_Y,0.000000,0.000000,0.000000,0.000000,0.000000
$MHEAD_RNG_PITCHd_Wd,275.2,437660,-14.0,-7.500,-17.57,2969
$D_GRID,990
$GCHEAD,st_secs,pitch_ctl,vbd_ctl,pitch_ad_start,roll_ad_start,vbd_pot1_ad_start,vbd_pot2_ad_start,depth,ob_vertv,data_pts,end_secs,pitch_secs,roll_secs,vbd_secs,vbd_i,gcphase,pitch_i,roll_i,pitch_ad,roll_ad,vbd_ad,vbd_pot1_ad,vbd_pot2_ad,pitch_retries,pitch_errors,roll_retries,roll_errors,vbd_retries,vbd_errors,pitch_volts,roll_volts,vbd_volts,int_press,humidity
$STATE,6,end surface,CONTROL_FINISHED_OK
$STATE,6,begin dive
$GC,74,-0.73,-146.6,135,2098,540,462,0.2,-0.0,6,164,0.00,0.00,-87.72,0.000,16386,0.000,0.000,131,2098,2880,2892,2868,0,0,0,0,0,0,26.58,28.83,26.59,8.91,46.69
$GC,169,-0.73,-146.6,131,2097,2893,2868,2.8,-5.0,15,198,9.70,2.08,-10.73,0.000,18948,0.205,0.044,2658,714,3405,3422,3389,0,0,0,0,0,0,25.27,25.56,25.46,9.15,46.65
$GC,300,-0.63,-146.6,2658,713,3424,3389,26.3,-14.8,27,308,0.15,2.05,0.00,0.000,3078,0.133,0.024,2700,2130,3406,3424,3389,0,0,0,0,0,0,25.84,26.19,25.99,9.20,47.28
$GC,607,-0.63,-146.6,2700,2130,3424,3389,65.7,-11.8,52,612,0.00,2.12,0.00,0.000,516,0.000,0.031,2701,709,3406,3424,3389,0,0,0,0,0,0,26.64,26.16,26.65,9.22,47.08
$GC,635,-0.63,-146.6,2700,710,3424,3389,68.6,-11.8,53,639,0.00,2.05,0.00,0.000,1030,0.000,0.024,2693,2115,3406,3424,3389,0,0,0,0,0,0,26.32,26.25,26.34,9.22,47.44
$GC,953,-0.63,-146.6,2692,2115,3424,3389,105.2,-10.9,69,955,0.00,0.00,0.00,0.000,6,0.000,0.000,2693,2115,3406,3424,3389,0,0,0,0,0,0,26.67,26.67,26.67,9.23,47.59
$GC,1253,-0.63,-146.6,2692,2115,3426,3389,129.4,-7.3,84,1257,0.00,2.12,0.00,0.000,260,0.000,0.041,2683,3502,3407,3426,3389,0,0,0,0,0,0,26.67,26.12,26.69,9.22,48.22
$GC,1454,-0.63,-146.6,2682,3502,3426,3389,142.9,-7.8,93,1462,0.00,2.03,0.00,0.000,1030,0.000,0.018,2683,2077,3407,3426,3388,0,0,0,0,0,0,26.40,26.35,26.42,9.20,47.67
$GC,1763,-0.69,-146.6,2682,2077,3427,3389,163.0,-6.0,109,1765,0.00,0.00,0.00,0.000,6,0.000,0.000,2683,2077,3408,3427,3389,0,0,0,0,0,0,26.68,26.70,26.69,9.15,47.12
$GC,2062,-0.76,-146.6,2682,2077,3428,3388,179.0,-5.2,124,2067,0.00,2.20,0.00,0.000,260,0.000,0.040,2673,3505,3408,3428,3389,0,0,0,0,0,0,26.68,26.13,26.70,9.10,47.87
$GC,2259,-0.81,-146.6,2672,3505,3428,3388,190.2,-6.1,133,2264,0.05,1.98,0.00,0.000,5126,0.129,0.019,2600,2107,3408,3427,3389,0,0,0,0,0,0,26.26,26.36,26.32,9.07,48.11
$GC,2634,-0.74,-146.6,2592,2107,3427,3388,220.0,-7.8,143,2642,0.20,2.15,0.00,0.000,2308,0.122,0.039,2650,3507,3407,3427,3387,0,0,0,0,0,0,26.02,26.13,26.14,9.03,49.88
$GC,2742,-0.69,-146.6,2650,3507,3428,3385,225.7,-7.7,144,2746,0.00,1.95,0.00,0.000,1030,0.000,0.019,2650,2118,3406,3427,3385,0,0,0,0,0,0,26.41,26.36,26.42,9.02,50.23
$GC,3123,-0.69,-146.6,2649,2117,3427,3382,254.5,-7.2,149,3127,0.00,2.12,0.00,0.000,260,0.000,0.040,2640,3503,3404,3427,3382,0,0,0,0,0,0,26.69,26.13,26.70,8.99,51.65
$GC,3190,-0.69,-146.6,2640,3504,3426,3381,254.5,-7.2,149,3194,0.10,1.98,0.00,0.000,3078,0.130,0.019,2676,2100,3404,3426,3382,0,0,0,0,0,0,26.08,26.36,26.17,8.99,50.94
$GC,3530,-0.77,-146.6,2676,2100,3426,3377,283.4,-7.0,154,3534,0.00,2.15,0.00,0.000,260,0.000,0.040,2669,3503,3401,3425,3377,0,0,0,0,0,0,26.69,26.13,26.70,8.96,51.69
$GC,3567,-0.85,-146.6,2668,3504,3426,3376,283.4,-7.0,154,3572,0.08,1.95,0.00,0.000,5126,0.090,0.020,2583,2116,3400,3425,3376,0,0,0,0,0,0,26.27,26.36,26.33,8.96,51.73
$GC,3938,-0.79,-146.6,2582,2116,3423,3374,318.1,-8.7,159,3945,0.20,2.15,0.00,0.000,2820,0.125,0.040,2640,3508,3398,3422,3374,0,0,0,0,0,0,25.99,26.11,26.11,8.94,52.87
$GC,3958,-0.74,-146.6,2639,3508,3422,3374,318.1,-8.7,159,3962,0.00,1.98,0.00,0.000,1030,0.000,0.020,2640,2119,3398,3422,3374,0,0,0,0,0,0,26.39,26.34,26.41,8.93,52.63
$GC,4342,-0.74,-146.6,2639,2119,3421,3370,346.6,-7.1,164,4346,0.00,2.05,0.00,0.000,516,0.000,0.033,2640,742,3395,3421,3370,0,0,0,0,0,0,26.69,26.17,26.70,8.92,53.62
$GC,4409,-0.74,-146.6,2639,742,3420,3370,346.6,-7.1,164,4413,0.00,2.00,0.00,0.000,1030,0.000,0.025,2632,2117,3395,3420,3370,0,0,0,0,0,0,26.34,26.27,26.36,8.92,53.93
$GC,4748,-0.74,-146.6,2631,2117,3419,3367,374.8,-6.9,169,4751,0.10,0.00,0.00,0.000,2054,0.136,0.000,2667,2117,3393,3419,3367,0,0,0,0,0,0,26.25,26.34,26.31,8.91,54.25
$GC,5070,-0.81,-146.6,2666,2117,3417,3365,395.2,-6.4,173,5074,0.00,2.08,0.00,0.000,516,0.000,0.033,2667,736,3391,3417,3365,0,0,0,0,0,0,26.69,26.15,26.70,8.89,54.92
$GC,5109,-0.89,-146.6,2666,736,3416,3365,395.2,-6.4,173,5114,0.10,2.00,0.00,0.000,5126,0.073,0.025,2573,2115,3390,3416,3364,0,0,0,0,0,0,26.23,26.26,26.29,8.89,54.88
$GC,5479,-0.83,-146.6,2573,2115,3414,3363,430.8,-9.0,178,5486,0.20,2.15,0.00,0.000,2308,0.122,0.040,2630,3505,3388,3414,3363,0,0,0,0,0,0,25.99,26.09,26.10,8.88,55.23
$GC,5620,-0.77,-146.6,2630,3505,3413,3361,437.4,-8.9,179,5624,0.00,2.00,0.00,0.000,1030,0.000,0.021,2630,2109,3387,3413,3361,0,0,0,0,0,0,26.37,26.32,26.39,8.88,55.27
$GC,5964,-0.77,-146.6,2630,2108,3412,3359,469.1,-7.9,184,5967,0.00,2.15,0.00,0.000,260,0.000,0.041,2620,3498,3385,3412,3359,0,0,0,0,0,0,26.69,26.08,26.70,8.86,55.78
$GC,6060,-0.77,-146.6,2619,3497,3411,3359,476.0,-8.0,185,6065,0.10,2.00,0.00,0.000,3078,0.130,0.021,2655,2109,3385,3411,3359,0,0,0,0,0,0,26.04,26.31,26.14,8.86,55.35
$GC,6372,-0.84,-146.6,2654,2109,3410,3357,500.6,-7.6,189,6377,0.00,2.08,0.00,0.000,516,0.000,0.034,2655,735,3383,3410,3357,0,0,0,0,0,0,26.69,26.11,26.70,8.85,55.82
$GC,6516,-0.91,-146.6,2654,735,3410,3357,507.4,-7.7,190,6522,0.08,2.03,0.00,0.000,5126,0.093,0.026,2574,2118,3383,3409,3357,0,0,0,0,0,0,26.19,26.23,26.26,8.85,55.94
$GC,6863,-0.85,-146.6,2572,2118,3408,3355,544.1,-9.4,195,6869,0.17,2.15,0.00,0.000,2308,0.125,0.041,2621,3499,3381,3408,3355,0,0,0,0,0,0,26.02,26.06,26.12,8.85,56.26
$GC,7000,-0.85,-146.6,2620,3499,3407,3354,551.4,-9.2,196,7005,0.00,2.00,0.00,0.000,1030,0.000,0.022,2621,2119,3380,3407,3354,0,0,0,0,0,0,26.36,26.30,26.38,8.84,56.45
$GC,7350,-0.85,-146.6,2620,2118,3407,3353,582.7,-7.8,201,7355,0.00,2.15,0.00,0.000,260,0.000,0.041,2611,3499,3379,3406,3352,0,0,0,0,0,0,26.69,26.05,26.70,8.83,56.61
$GC,7473,-0.85,-146.6,2610,3499,3405,3352,589.3,-7.7,202,7477,0.00,2.03,0.00,0.000,1030,0.000,0.022,2611,2107,3378,3405,3352,0,0,0,0,0,0,26.35,26.29,26.37,8.83,56.93
$GC,7837,-0.85,-146.6,2609,2107,3405,3350,619.1,-7.4,207,7838,0.00,0.00,0.00,0.000,6,0.000,0.000,2611,2107,3378,3405,3351,0,0,0,0,0,0,26.68,26.70,26.70,8.82,57.08
$GC,8158,-0.85,-146.6,2611,2107,3404,3350,642.6,-7.4,211,8163,0.00,2.17,0.00,0.000,260,0.000,0.042,2600,3502,3376,3404,3349,0,0,0,0,0,0,26.69,26.02,26.70,8.82,57.28
$GC,8355,-0.85,-146.6,2600,3502,3404,3349,655.4,-7.5,213,8359,0.00,2.03,0.00,0.000,1030,0.000,0.022,2600,2108,3376,3403,3349,0,0,0,0,0,0,26.34,26.27,26.36,8.81,57.08
$GC,8724,-0.85,-146.6,2600,2109,3404,3347,687.1,-8.0,218,8728,0.00,2.17,0.00,0.000,260,0.000,0.042,2590,3499,3375,3403,3347,0,0,0,0,0,0,26.69,26.01,26.70,8.80,57.16
$GC,8851,-0.85,-146.6,2590,3499,3403,3347,694.4,-8.1,219,8858,0.10,2.03,0.00,0.000,3078,0.138,0.023,2623,2108,3375,3403,3347,0,0,0,0,0,0,25.96,26.26,26.06,8.80,57.40
$GC,9208,-0.85,-146.6,2622,2109,3402,3345,726.6,-8.0,224,9210,0.00,0.00,0.00,0.000,6,0.000,0.000,2623,2109,3374,3402,3346,0,0,0,0,0,0,26.68,26.70,26.70,8.79,58.38
$GC,9528,-0.85,-146.6,2622,2109,3403,3344,751.4,-7.8,228,9533,0.00,2.10,0.00,0.000,516,0.000,0.036,2623,726,3373,3402,3344,0,0,0,0,0,0,26.69,26.03,26.70,8.79,58.38
$GC,9642,-0.85,-146.6,2622,725,3402,3344,757.7,-7.6,229,9646,0.00,2.05,0.00,0.000,1030,0.000,0.028,2618,2111,3372,3402,3343,0,0,0,0,0,0,26.25,26.17,26.28,8.78,58.15
$GC,10015,-0.85,-146.6,2617,2111,3401,3342,783.9,-6.4,234,10020,0.00,2.10,0.00,0.000,516,0.000,0.035,2618,729,3371,3401,3342,0,0,0,0,0,0,26.69,26.03,26.69,8.77,58.26
$GC,10145,-0.85,-146.6,2617,729,3400,3342,789.3,-6.3,235,10149,0.00,2.08,0.00,0.000,1030,0.000,0.028,2609,2122,3371,3400,3342,0,0,0,0,0,0,26.23,26.15,26.27,8.77,57.60
$GC,10504,-0.85,-146.6,2608,2122,3399,3341,814.0,-6.1,240,10509,0.00,2.17,0.00,0.000,260,0.000,0.043,2599,3515,3369,3399,3340,0,0,0,0,0,0,26.68,25.96,26.69,8.77,58.30
$GC,10681,-0.85,-146.6,2599,3515,3399,3340,825.3,-6.5,242,10685,0.00,2.05,0.00,0.000,1030,0.000,0.024,2599,2118,3369,3398,3340,0,0,0,0,0,0,26.29,26.23,26.32,8.76,58.54
$GC,10990,-0.85,-146.6,2599,2118,3399,3339,848.5,-7.2,246,10991,0.00,0.00,0.00,0.000,6,0.000,0.000,2599,2118,3369,3398,3340,0,0,0,0,0,0,26.68,26.70,26.70,8.76,58.82
$GC,11310,-0.85,-146.6,2599,2118,3398,3338,873.3,-7.8,250,11313,0.00,2.20,0.00,0.000,260,0.000,0.044,2589,3514,3368,3398,3338,0,0,0,0,0,0,26.68,25.93,26.69,8.76,58.54
$GC,11405,-0.85,-146.6,2588,3514,3397,3338,880.1,-8.0,251,11411,0.12,2.08,0.00,0.000,3078,0.132,0.024,2629,2104,3367,3397,3338,0,0,0,0,0,0,25.86,26.22,25.96,8.75,58.46
$GC,11792,-0.85,-146.6,2628,2103,3397,3337,908.1,-6.9,256,11794,0.00,0.00,0.00,0.000,6,0.000,0.000,2629,2103,3367,3397,3337,0,0,0,0,0,0,26.68,26.70,26.69,8.75,58.93
$GC,12111,-0.91,-146.6,2629,2103,3397,3337,929.4,-6.7,260,12115,0.00,2.20,0.00,0.000,260,0.000,0.044,2622,3505,3366,3396,3336,0,0,0,0,0,0,26.68,25.90,26.69,8.74,59.41
$GC,12308,-0.96,-146.6,2621,3505,3395,3336,940.3,-6.6,262,12312,0.00,2.05,0.00,0.000,1030,0.000,0.024,2622,2114,3365,3395,3336,0,0,0,0,0,0,26.27,26.21,26.30,8.73,59.33
$GC,12677,-0.96,-146.6,2620,2113,3395,3336,964.8,-6.1,267,12680,0.00,2.20,0.00,0.000,260,0.000,0.044,2611,3507,3365,3395,3335,0,0,0,0,0,0,26.68,25.88,26.69,8.73,59.64
$GC,12820,-0.96,-146.6,2611,3508,3394,3335,970.3,-6.2,268,12824,0.00,2.08,0.00,0.000,1030,0.000,0.024,2611,2107,3364,3394,3335,0,0,0,0,0,0,26.26,26.20,26.29,8.73,59.49
$STATE,13081,end dive,TARGET_DEPTH_EXCEEDED
$STATE,13081,begin apogee
$GC,13089,-0.33,0.0,2611,1607,3394,3335,992.4,-6.8,272,13216,0.52,0.00,123.97,1.356,10246,0.097,0.000,2792,1607,2803,2909,2698,0,0,0,0,0,0,25.58,24.52,23.44,8.73,58.97
$STATE,13218,end apogee,CONTROL_FINISHED_OK
$STATE,13218,begin climb
$GC,13221,0.73,146.6,2791,1606,2908,2697,995.3,0.0,273,13365,0.98,0.00,139.88,1.314,10246,0.058,0.000,3139,1607,2206,2298,2115,0,0,0,0,0,0,24.85,24.08,23.08,8.68,57.79
$GC,13645,0.59,146.6,3139,1607,2295,2113,969.2,7.6,279,13651,0.15,2.17,0.00,0.000,4356,0.136,0.037,3092,3005,2204,2295,2114,0,0,0,0,0,0,25.79,25.93,25.91,8.62,58.38
$GC,13761,0.51,146.6,3092,3005,2294,2113,963.1,7.6,280,13765,0.00,2.12,0.00,0.000,1030,0.000,0.030,3092,1604,2204,2294,2114,0,0,0,0,0,0,26.14,26.06,26.17,8.62,58.34
$GC,14136,0.55,190.4,3092,1604,2292,2114,938.6,6.0,285,14185,0.00,2.28,42.10,1.304,8452,0.000,0.036,3092,3003,2025,2133,1918,0,0,0,0,0,0,26.58,25.06,23.96,8.61,59.49
$GC,14307,0.58,224.5,3092,3003,2133,1918,927.6,6.3,287,14346,0.00,2.12,33.38,1.271,9222,0.000,0.030,3092,1604,1888,2018,1759,0,0,0,0,0,0,25.94,25.86,23.94,8.61,58.50
$GC,14693,0.59,234.3,3092,1604,2016,1757,899.5,7.2,292,14705,0.00,0.00,10.40,1.145,8198,0.000,0.000,3092,1604,1848,1983,1714,0,0,0,0,0,0,26.44,25.54,24.39,8.59,59.05
$GC,15013,0.66,234.3,3092,1603,1982,1712,875.3,7.6,296,15014,0.00,0.00,0.00,0.000,6,0.000,0.000,3092,1603,1847,1981,1713,0,0,0,0,0,0,26.49,26.51,26.50,8.58,59.64
$GC,15331,0.73,234.3,3092,1603,1981,1712,850.2,7.8,300,15333,0.08,0.00,0.00,0.000,2054,0.101,0.000,3164,1603,1847,1982,1713,0,0,0,0,0,0,26.37,26.41,26.39,8.57,60.12
$GC,15651,0.73,234.3,3164,1603,1981,1713,818.8,9.8,304,15654,0.00,2.17,0.00,0.000,260,0.000,0.037,3165,3011,1847,1981,1713,0,0,0,0,0,0,26.64,26.16,26.65,8.57,60.31
$GC,15712,0.73,234.3,3164,3012,1981,1713,818.8,9.8,304,15720,0.12,2.12,0.00,0.000,5126,0.138,0.030,3134,1602,1847,1981,1713,0,0,0,0,0,0,25.95,26.22,26.09,8.57,60.63
$GC,16054,0.73,234.3,3134,1602,1981,1713,784.2,8.1,309,16058,0.00,2.17,0.00,0.000,260,0.000,0.037,3134,3012,1847,1982,1712,0,0,0,0,0,0,26.66,26.15,26.67,8.57,60.75
$GC,16130,0.73,234.3,3133,3014,1981,1712,784.2,8.1,309,16137,0.00,2.12,0.00,0.000,1030,0.000,0.031,3134,1599,1847,1981,1713,0,0,0,0,0,0,26.30,26.22,26.33,8.56,60.39
$GC,16457,0.73,238.6,3133,1600,1982,1713,753.8,7.4,314,16468,0.00,2.20,5.12,0.898,8452,0.000,0.037,3134,3006,1830,1963,1698,0,0,0,0,0,0,26.67,25.73,24.30,8.56,60.27
$GC,16591,0.73,241.0,3134,3006,1963,1698,747.4,7.4,315,16595,0.00,2.12,0.00,0.000,1030,0.000,0.031,3134,1599,1830,1963,1698,0,0,0,0,0,0,26.26,26.17,26.29,8.56,60.39
$GC,16939,0.73,241.0,3134,1598,1963,1698,716.6,7.6,320,16943,0.00,2.17,0.00,0.000,260,0.000,0.037,3134,3008,1830,1963,1698,0,0,0,0,0,0,26.64,26.13,26.65,8.56,60.04
$GC,17055,0.73,241.0,3133,3008,1963,1698,709.4,7.9,321,17059,0.00,2.12,0.00,0.000,1030,0.000,0.031,3134,1601,1830,1963,1698,0,0,0,0,0,0,26.28,26.18,26.31,8.56,60.08
$GC,17425,0.73,241.0,3133,1601,1963,1698,674.4,8.8,326,17429,0.00,2.17,0.00,0.000,260,0.000,0.037,3134,3006,1830,1963,1698,0,0,0,0,0,0,26.67,26.11,26.67,8.56,60.31
$GC,17559,0.73,241.0,3133,3006,1963,1698,666.4,9.0,327,17563,0.00,2.15,0.00,0.000,1030,0.000,0.031,3134,1604,1830,1963,1698,0,0,0,0,0,0,26.22,26.18,26.25,8.56,60.27
$GC,17912,0.73,241.0,3133,1604,1963,1698,628.0,9.4,332,17916,0.00,2.17,0.00,0.000,260,0.000,0.037,3134,3011,1830,1963,1698,0,0,0,0,0,0,26.66,26.10,26.68,8.56,60.71
$GC,18055,0.73,241.0,3133,3012,1963,1698,619.7,9.6,333,18059,0.00,2.12,0.00,0.000,1030,0.000,0.031,3133,1605,1830,1963,1698,0,0,0,0,0,0,26.26,26.17,26.29,8.56,59.88
$GC,18399,0.73,241.0,3133,1605,1963,1698,581.8,9.2,338,18402,0.00,2.17,0.00,0.000,260,0.000,0.037,3134,3009,1830,1963,1698,0,0,0,0,0,0,26.67,26.08,26.68,8.56,60.43
$GC,18504,0.73,241.0,3134,3011,1963,1698,573.9,9.3,339,18509,0.00,2.12,0.00,0.000,1030,0.000,0.031,3134,1604,1830,1963,1698,0,0,0,0,0,0,26.25,26.15,26.27,8.56,60.23
$GC,18885,0.73,241.0,3133,1603,1963,1698,538.6,8.7,344,18889,0.00,2.17,0.00,0.000,260,0.000,0.037,3134,3008,1830,1963,1698,0,0,0,0,0,0,26.67,26.06,26.68,8.56,60.19
$GC,19025,0.73,241.0,3133,3008,1963,1698,531.1,8.7,345,19029,0.00,2.12,0.00,0.000,1030,0.000,0.031,3134,1599,1830,1963,1698,0,0,0,0,0,0,26.23,26.14,26.26,8.56,60.55
$GC,19373,0.73,241.0,3134,1599,1963,1698,498.4,7.9,350,19377,0.00,2.17,0.00,0.000,260,0.000,0.037,3134,3005,1830,1963,1698,0,0,0,0,0,0,26.67,26.05,26.68,8.57,59.72
$GC,19516,0.73,241.0,3133,3006,1963,1698,491.7,7.9,351,19520,0.00,2.12,0.00,0.000,1030,0.000,0.029,3134,1601,1830,1963,1697,0,0,0,0,0,0,26.22,26.14,26.26,8.57,59.80
$GC,19861,0.74,243.9,3133,1599,1963,1697,461.4,7.4,356,19875,0.00,2.20,6.68,0.855,8452,0.000,0.035,3134,3013,1810,1945,1676,0,0,0,0,0,0,26.67,25.11,24.32,8.57,60.23
$GC,20013,0.74,245.9,3133,3013,1945,1676,455.3,7.4,357,20020,0.00,2.12,0.00,0.000,1030,0.000,0.030,3134,1596,1810,1944,1676,0,0,0,0,0,0,26.20,26.12,26.23,8.57,60.23
$GC,20341,0.74,245.9,3133,1596,1944,1676,423.9,7.8,362,20345,0.00,2.15,0.00,0.000,516,0.000,0.048,3134,243,1810,1945,1676,0,0,0,0,0,0,26.63,25.94,26.64,8.57,59.80
$GC,20407,0.74,245.9,3133,242,1945,1676,423.9,7.8,362,20412,0.00,2.05,0.00,0.000,1030,0.000,0.024,3133,1623,1810,1945,1676,0,0,0,0,0,0,26.27,26.20,26.29,8.58,59.76
$GC,20746,0.74,245.9,3133,1623,1944,1676,389.4,8.5,367,20750,0.00,2.22,0.00,0.000,516,0.000,0.047,3134,234,1810,1945,1676,0,0,0,0,0,0,26.65,25.94,26.66,8.58,59.41
$GC,20772,0.74,245.9,3133,233,1945,1677,389.4,8.5,367,20777,0.00,2.03,0.00,0.000,1030,0.000,0.025,3134,1606,1810,1945,1676,0,0,0,0,0,0,26.28,26.21,26.30,8.58,59.80
$GC,21151,0.74,245.9,3133,1606,1945,1676,354.8,8.6,372,21155,0.00,2.12,0.00,0.000,260,0.000,0.037,3134,2990,1810,1944,1676,0,0,0,0,0,0,26.66,26.03,26.67,8.58,59.21
$GC,21197,0.74,245.9,3133,2989,1944,1676,354.8,8.6,372,21202,0.00,2.08,0.00,0.000,1030,0.000,0.029,3134,1601,1810,1945,1676,0,0,0,0,0,0,26.22,26.14,26.25,8.58,58.86
$GC,21557,0.74,245.9,3133,1601,1945,1676,319.6,8.7,377,21561,0.00,2.20,0.00,0.000,516,0.000,0.047,3134,244,1810,1945,1676,0,0,0,0,0,0,26.67,25.91,26.67,8.59,59.41
$GC,21663,0.74,245.9,3133,243,1944,1676,312.2,8.7,378,21668,0.00,2.03,0.00,0.000,1030,0.000,0.024,3134,1613,1810,1945,1676,0,0,0,0,0,0,26.27,26.21,26.30,8.59,59.29
$GC,22042,0.74,245.9,3133,1613,1945,1676,278.2,8.4,383,22046,0.00,2.17,0.00,0.000,516,0.000,0.047,3134,246,1810,1945,1676,0,0,0,0,0,0,26.67,25.89,26.67,8.59,59.17
$GC,22078,0.74,245.9,3133,246,1945,1676,278.2,8.4,383,22082,0.00,2.03,0.00,0.000,1030,0.000,0.024,3134,1618,1810,1945,1676,0,0,0,0,0,0,26.27,26.20,26.29,8.60,59.21
$GC,22449,0.74,246.7,3134,1618,1945,1676,247.6,7.5,388,22456,0.00,0.00,5.00,0.659,8198,0.000,0.000,3134,1618,1798,1933,1664,0,0,0,0,0,0,26.67,25.49,24.37,8.60,58.86
$GC,22767,0.74,246.7,3133,1618,1932,1663,222.4,7.9,392,22771,0.00,2.10,0.00,0.000,260,0.000,0.037,3134,2990,1797,1932,1663,0,0,0,0,0,0,26.64,26.03,26.65,8.60,59.21
$GC,22808,0.74,246.7,3133,2990,1932,1663,222.4,7.9,392,22812,0.00,2.08,0.00,0.000,1030,0.000,0.028,3134,1603,1797,1932,1663,0,0,0,0,0,0,26.22,26.14,26.25,8.60,58.58
$GC,23133,0.79,246.7,3133,1602,1932,1663,192.6,8.2,398,23138,0.00,2.15,0.00,0.000,516,0.000,0.047,3134,246,1797,1932,1663,0,0,0,0,0,0,26.65,25.91,26.67,8.61,58.70
$GC,23212,0.79,246.7,3133,246,1932,1663,187.1,8.2,401,23219,0.00,2.00,0.00,0.000,1030,0.000,0.024,3134,1610,1797,1932,1663,0,0,0,0,0,0,26.28,26.21,26.30,8.60,58.74
$GC,23520,0.85,250.1,3133,1610,1932,1663,161.6,7.4,417,23531,0.08,2.15,5.25,0.635,11012,0.100,0.037,3205,3009,1783,1917,1649,0,0,0,0,0,0,26.44,25.66,24.51,8.61,57.95
$GC,23667,0.74,250.1,3204,3009,1917,1650,148.1,9.2,424,23673,0.20,2.10,0.00,0.000,5126,0.127,0.029,3143,1605,1783,1917,1650,0,0,0,0,0,0,25.73,26.13,25.89,8.61,57.71
$GC,23987,0.81,314.0,3142,1605,1917,1650,125.7,5.3,440,24050,0.00,2.25,55.22,0.799,8452,0.000,0.036,3142,2982,1522,1683,1361,0,0,0,0,0,0,26.65,25.20,24.34,8.62,58.42
$GC,24166,0.82,329.2,3142,2982,1682,1360,113.8,7.0,448,24185,0.00,2.12,13.40,0.719,9222,0.000,0.028,3146,1601,1462,1628,1296,0,0,0,0,0,0,25.84,25.80,24.41,8.62,58.23
$GC,24498,1.01,403.3,3146,1601,1626,1292,96.5,4.9,465,24566,0.17,2.25,59.45,0.747,11012,0.054,0.035,3274,2993,1157,1332,983,0,0,0,0,0,0,26.17,25.15,24.34,8.70,59.92
$GC,24664,0.93,403.3,3273,2993,1332,985,82.9,9.2,473,24669,0.20,2.15,0.00,0.000,5126,0.112,0.028,3197,1607,1158,1332,985,0,0,0,0,0,0,25.46,25.77,25.63,8.73,59.80
$GC,24987,1.04,426.5,3196,1606,1332,985,60.2,6.7,489,25024,0.08,2.17,25.38,0.672,11012,0.098,0.035,3288,2984,1065,1210,920,0,0,0,0,0,0,26.25,25.53,24.72,8.79,57.40
$GC,25156,0.98,426.5,3287,2984,1210,921,45.2,9.0,499,25164,0.22,2.08,0.00,0.000,5126,0.115,0.028,3213,1597,1065,1210,921,0,0,0,0,0,0,25.64,25.94,25.80,8.81,56.53
$GC,25464,1.09,427.4,3213,1596,1210,921,20.6,7.5,530,25469,0.08,2.10,0.00,0.000,2308,0.098,0.034,3304,2986,1065,1210,921,0,0,0,0,0,0,26.30,26.06,26.32,8.85,54.84
$GC,25557,1.00,427.4,3304,2986,1210,922,11.3,11.5,538,25565,0.25,2.08,0.00,0.000,5126,0.104,0.025,3223,1607,1066,1210,922,0,0,0,0,0,0,25.79,26.16,25.86,8.87,54.44
$STATE,25652,end climb,SURFACE_DEPTH_REACHED
$STATE,25652,begin surface coast
$FINISH,0.3,1.022494
$STATE,25686,end surface coast,CONTROL_FINISHED_OK
$STATE,25686,begin surface
$SM_CCo,25707,77.75,0.051,0,0,498,565.66
$SM_GC,-0.01,7.65,0.73,77.75,0.024,0.033,0.051,174,2101,498,-8.34,-1.98,565.66,0,0,0,0,0,0,26.25,26.20,25.95
$IRIDIUM_FIX,532.77,-14100.78,010225,105245
$TT8_MAMPS,0.026964,0.407456
$HUMID,50.55
$INTERNAL_PRESSURE,8.81021
$TCM_TEMP,22.30
$XPDR_PINGS,0
$ALTIM_TOP_PING,19.4,18.6
$24V_AH,23.08,44.855
$10V_AH,9.91,34.617
$FG_AHR_24Vo,0.000
$FG_AHR_10Vo,0.000
$DEVICES,Pitch_motor,Roll_motor,VBD_pump_during_apogee,VBD_pump_during_surface,VBD_valve,Iridium_during_init,Iridium_during_connect,Iridium_during_xfer,Transponder_ping,GUMSTIX_24V,GPS,TT8,LPSleep,TT8_Active,TT8_Sampling,TT8_CF8,TT8_Kalman,Analog_circuits,GPS_charging,Compass,RAFOS,Transponder,Compass2
$DEVICE_SECS,22.225,199.725,525.225,77.750,0.000,0.000,0.000,536.600,0.250,0.000,31.352,2697.153,19421.152,756.902,3365.713,476.352,0.000,2764.039,0.000,2609.637,0.000,2.767,0.000
$DEVICE_MAMPS,205.020,48.195,1355.580,51.255,0.000,0.000,0.000,85.680,420.000,0.000,30.710,15.210,2.190,15.210,43.670,53.410,0.000,14.000,0.000,8.240,0.000,30.000,0.000
$SENSORS,SBE_CT,WL_blue_red_Chl,AA4330,nil,nil,nil,nil,nil,nil,nil
$SENSOR_SECS,478.353,339.316,747.407,0.000,0.000,0.000,0.000,0.000,0.000,0.000
$SENSOR_MAMPS,22.470,105.000,11.230,0.000,0.000,0.000,0.000,0.000,0.000,0.000
$MEM,311916
$DATA_FILE_SIZE,41918,551
$CAP_FILE_SIZE,210960,0
$CFSIZE,2097872896,2056781824
$ERRORS,0,0,0,0,0,0,0,0,0,0,0,0,0,0,1,0
$CURRENT,0.084,355.51,1
$GPS,180605,181815,536.173,-14104.925,45,0.8,54,9.2,1.0,49.2,11,4.6
