version: 66.14
glider: 195
mission: 21
dive: 374
start: 7 12 105 18 7 21
data:
$ID,195
$MISSION,21
$DIVE,374
$N_DIVES,0
$STOP_T,0
$D_SURF,3
$D_FLARE,2
$D_TGT,990
$D_ABORT,1090
$D_NO_BLEED,50
$D_BOOST,3
$T_BOOST,0
$D_FINISH,0
$D_PITCH,0
$D_SAFE,0
$D_CALL,0
$SURFACE_URGENCY,0
$SURFACE_URGENCY_TRY,0
$SURFACE_URGENCY_FORCE,0
$T_DIVE,330
$T_MISSION,600
$T_ABORT,1440
$T_TURN,300
$T_TURN_SAMPINT,5
$T_NO_W,120
$T_LOITER,0
$T_SLOITER,60
$T_EPIRB,0
$USE_BATHY,0
$USE_ICE,0
$ICE_FREEZE_MARGIN,0.30000001
$D_OFFGRID,990
$T_WATCHDOG,10
$RELAUNCH,1
$APOGEE_PITCH,-8
$MAX_BUOY,150
$COURSE_BIAS,0
$GLIDE_SLOPE,30
$SPEED_FACTOR,1
$RHO,1.023
$MASS,54002
$MASS_COMP,0
$NAV_MODE,3
$FERRY_MAX,45
$KALMAN_USE,2
$HD_A,0.0038000001
$HD_B,0.0099999998
$HD_C,9.8500004e-06
$HEADING,270
$ESCAPE_HEADING,0
$ESCAPE_HEADING_DELTA,10
$FIX_MISSING_TIMEOUT,0
$TGT_DEFAULT_LAT,4736
$TGT_DEFAULT_LON,-12225
$TGT_AUTO_DEFAULT,0
$SM_CC,250
$N_FILEKB,4
$FILEMGR,0
$CALL_NDIVES,1
$COMM_SEQ,0
$PROTOCOL,9
$N_NOCOMM,1
$NOCOMM_ACTION,0
$N_NOSURFACE,0
$UPLOAD_DIVES_MAX,-1
$CALL_TRIES,5
$CALL_WAIT,60
$CAPUPLOAD,0
$CAPMAXSIZE,200000
$HEAPDBG,0
$T_GPS,15
$N_GPS,50840
$T_RSLEEP,2
$STROBE,0
$RAFOS_PEAK_OFFSET,1.5
$RAFOS_CORR_THRESH,60
$RAFOS_HIT_WINDOW,3600
$RAFOS_MMODEM,0
$PITCH_MIN,207
$PITCH_MAX,3915
$C_PITCH,2900
$PITCH_DBAND,0.1
$PITCH_CNV,0.003125763
$P_OVSHOOT,0.039999999
$P_OVSHOOT_WITHG,0.079999998
$PITCH_GAIN,24
$PITCH_TIMEOUT,17
$PITCH_AD_RATE,160
$PITCH_MAXERRORS,1
$PITCH_ADJ_GAIN,0.02
$PITCH_ADJ_DBAND,2.5
$ROLL_MIN,224
$ROLL_MAX,3758
$ROLL_DEG,40
$C_ROLL_DIVE,1955
$C_ROLL_CLIMB,1855
$HEAD_ERRBAND,10
$ROLL_CNV,0.028270001
$ROLL_TIMEOUT,15
$R_PORT_OVSHOOT,51
$R_STBD_OVSHOOT,53
$ROLL_AD_RATE,350
$ROLL_MAXERRORS,2
$ROLL_ADJ_GAIN,0
$ROLL_ADJ_DBAND,0
$VBD_MIN,500
$VBD_MAX,3960
$C_VBD,2806
$VBD_DBAND,2
$VBD_CNV,-0.24529999
$VBD_LP_IGNORE,0
$VBD_TIMEOUT,720
$PITCH_VBD_SHIFT,0.001
$VBD_PUMP_AD_RATE_SURFACE,5
$VBD_PUMP_AD_RATE_APOGEE,4
$VBD_BLEED_AD_RATE,8
$UNCOM_BLEED,60
$VBD_MAXERRORS,1
$W_ADJ_DBAND,0
$DBDW,0
$PITCH_W_GAIN,0
$PITCH_W_DBAND,0
$CF8_MAXERRORS,5
$AH0_24V,150
$AH0_10V,97
$MINV_24V,19
$MINV_10V,8
$MAXI_24V,0.80000001
$MAXI_10V,0.60000002
$FG_AHR_10V,0
$FG_AHR_24V,0
$PHONE_SUPPLY,-2
$PRESSURE_YINT,-49.397121
$PRESSURE_SLOPE,0.0001168043
$AD7714Ch0Gain,128
$TCM_PITCH_OFFSET,0
$TCM_ROLL_OFFSET,0
$COMPASS_USE,4
$ALTIM_BOTTOM_PING_RANGE,0
$ALTIM_TOP_PING_RANGE,20
$ALTIM_BOTTOM_TURN_MARGIN,0
$ALTIM_TOP_TURN_MARGIN,0
$ALTIM_TOP_MIN_OBSTACLE,1
$ALTIM_PING_DEPTH,0
$ALTIM_PING_DELTA,0
$ALTIM_FREQUENCY,13
$ALTIM_PULSE,3
$ALTIM_SENSITIVITY,3
$XPDR_VALID,5
$XPDR_INHIBIT,90
$INT_PRESSURE_SLOPE,0.0097660003
$INT_PRESSURE_YINT,-0.77999997
$DEEPGLIDER,0
$MOTHERBOARD,4
$DEVICE1,2
$DEVICE2,115
$DEVICE3,101
$DEVICE4,-1
$DEVICE5,-1
$DEVICE6,-1
$LOGGERS,0
$LOGGERDEVICE1,-1
$LOGGERDEVICE2,-1
$LOGGERDEVICE3,-1
$LOGGERDEVICE4,-1
$COMPASS_DEVICE,33
$COMPASS2_DEVICE,-1
$PHONE_DEVICE,49
$GPS_DEVICE,32
$RAFOS_DEVICE,-1
$XPDR_DEVICE,24
$SIM_W,0
$SIM_PITCH,0
$SEABIRD_T_G,0.0044178674
$SEABIRD_T_H,0.00064818078
$SEABIRD_T_I,2.6779007e-05
$SEABIRD_T_J,3.3667231e-06
$SEABIRD_C_G,-10.098215
$SEABIRD_C_H,1.1454017
$SEABIRD_C_I,-0.0021276253
$SEABIRD_C_J,0.00025532115
$SEABIRD_C_Z,2974.52
$GPS1,120705,175939,631.2827,-14029.3525,44,0.9,59,9.3,0.3,115.2,9,5.0
$_CALLS,1
$_XMS_NAKs,0
$_XMS_TOUTs,0
$_SM_DEPTHo,0.04
$_SM_ANGLEo,-57.7
$GPS2,120705,180643,631.2878,-14029.2910,7,0.9,28,9.3,0.6,39.0,9,4.8
$SPEED_LIMITS,0.173,0.262
$TGT_NAME,HEADING
$TGT_LATLONG,642.021,-14030.488
$TGT_RADIUS,1852.000
$KALMAN_CONTROL,0.000000,0.000000
$KALMAN_X,0.000000,0.000000,0.000000,0.000000,0.000000
$KALMAN_Y,0.000000,0.000000,0.000000,0.000000,0.000000
$MHEAD_RNG_PITCHd_Wd,344.4,20000,-18.1,-10.000,-20.93,2235
$D_GRID,990
$GCHEAD,st_secs,pitch_ctl,vbd_ctl,pitch_ad_start,roll_ad_start,vbd_pot1_ad_start,vbd_pot2_ad_start,depth,ob_vertv,data_pts,end_secs,pitch_secs,roll_secs,vbd_secs,vbd_i,gcphase,pitch_i,roll_i,pitch_ad,roll_ad,vbd_ad,vbd_pot1_ad,vbd_pot2_ad,pitch_retries,pitch_errors,roll_retries,roll_errors,vbd_retries,vbd_errors,pitch_volts,roll_volts,vbd_volts,int_press,humidity
$STATE,6,end surface,CONTROL_FINISHED_OK
$STATE,6,begin dive
$GC,74,-0.90,-146.6,153,1958,1002,824,0.0,0.2,6,154,0.00,0.00,-77.78,0.000,16386,0.000,0.000,153,1959,2947,2957,2938,0,0,0,0,0,0,26.39,28.83,26.39,8.83,51.53
$GC,159,-0.90,-146.6,153,1959,2959,2938,2.4,-4.0,14,187,9.48,2.12,-9.52,0.000,18692,0.206,0.049,2590,3344,3405,3423,3388,0,0,0,0,0,0,24.97,25.39,25.18,9.03,51.26
$GC,248,-0.81,-146.6,2590,3344,3429,3389,19.4,-16.7,22,256,0.15,2.03,0.00,0.000,3078,0.138,0.021,2636,1933,3409,3429,3389,0,0,0,0,0,0,25.67,26.09,25.82,9.08,51.26
$GC,435,-0.81,-146.6,2636,1933,3431,3389,45.9,-12.5,41,439,0.00,2.05,0.00,0.000,516,0.000,0.034,2636,575,3410,3431,3389,0,0,0,0,0,0,26.53,26.00,26.53,9.11,51.06
$GC,469,-0.81,-146.6,2635,575,3431,3389,50.5,-13.4,44,474,0.00,2.05,0.00,0.000,1030,0.000,0.022,2629,1959,3410,3431,3389,0,0,0,0,0,0,26.17,26.16,26.20,9.11,51.14
$GC,663,-0.81,-146.6,2628,1959,3432,3389,73.7,-10.8,54,667,0.00,2.15,0.00,0.000,260,0.000,0.037,2618,3343,3410,3432,3389,0,0,0,0,0,0,26.57,26.05,26.58,9.12,51.77
$GC,848,-0.81,-146.6,2618,3342,3434,3389,91.9,-9.2,63,853,0.00,1.98,0.00,0.000,1030,0.000,0.019,2618,1947,3411,3434,3389,0,0,0,0,0,0,26.32,26.26,26.33,9.13,51.81
$GC,1052,-0.81,-146.6,2617,1946,3437,3389,108.4,-8.2,73,1056,0.00,2.05,0.00,0.000,516,0.000,0.033,2618,577,3413,3437,3389,0,0,0,0,0,0,26.61,26.09,26.62,9.12,51.49
$GC,1124,-0.81,-146.6,2617,577,3438,3389,113.1,-7.5,76,1128,0.00,2.00,0.00,0.000,1030,0.000,0.023,2609,1965,3413,3438,3389,0,0,0,0,0,0,26.29,26.24,26.32,9.12,50.66
$GC,1318,-0.81,-146.6,2607,1967,3441,3389,124.9,-5.2,86,1324,0.10,2.08,0.00,0.000,2564,0.148,0.031,2640,581,3415,3441,3389,0,0,0,0,0,0,26.15,26.11,26.21,9.10,50.55
$GC,1456,-0.81,-146.6,2639,582,3442,3389,130.1,-4.2,92,1464,0.00,2.03,0.00,0.000,1030,0.000,0.022,2634,1962,3415,3442,3389,0,0,0,0,0,0,26.27,26.25,26.30,9.09,50.51
$GC,1645,-0.87,-146.6,2633,1962,3443,3389,140.9,-6.1,102,1649,0.00,2.12,0.00,0.000,260,0.000,0.036,2624,3339,3416,3443,3390,0,0,0,0,0,0,26.63,26.10,26.64,9.06,50.35
$GC,1872,-0.87,-146.6,2623,3339,3444,3389,155.3,-6.5,113,1876,0.00,1.95,0.00,0.000,1030,0.000,0.018,2623,1953,3416,3444,3389,0,0,0,0,0,0,26.35,26.30,26.37,9.03,51.18
$GC,2076,-0.93,-146.6,2623,1953,3444,3389,168.2,-6.0,123,2080,0.00,2.05,0.00,0.000,516,0.000,0.032,2624,586,3416,3444,3389,0,0,0,0,0,0,26.64,26.10,26.64,9.03,51.02
$GC,2240,-0.93,-146.6,2622,585,3444,3389,177.3,-5.5,131,2244,0.00,1.98,0.00,0.000,1030,0.000,0.022,2614,1956,3416,3444,3389,0,0,0,0,0,0,26.32,26.26,26.34,9.01,51.57
$GC,2444,-0.99,-146.6,2614,1956,3445,3389,187.6,-5.5,141,2448,0.00,2.12,0.00,0.000,260,0.000,0.037,2605,3350,3416,3444,3389,0,0,0,0,0,0,26.63,26.10,26.65,8.99,51.57
$GC,2536,-0.99,-146.6,2604,3350,3444,3389,192.5,-5.9,145,2540,0.00,2.03,0.00,0.000,1030,0.000,0.019,2604,1952,3416,3444,3389,0,0,0,0,0,0,26.32,26.31,26.34,8.99,51.81
$GC,2730,-1.04,-146.6,2604,1952,3444,3389,205.3,-6.5,153,2738,0.08,2.12,0.00,0.000,4356,0.098,0.037,2510,3345,3416,3444,3389,0,0,0,0,0,0,26.42,26.10,26.44,8.97,52.52
$GC,2790,-1.04,-146.6,2509,3346,3444,3389,208.6,-6.9,154,2797,0.17,1.98,0.00,0.000,3078,0.135,0.019,2564,1948,3416,3444,3389,0,0,0,0,0,0,25.82,26.29,25.97,8.97,53.22
$GC,3014,-1.04,-146.6,2563,1948,3444,3389,227.2,-7.7,160,3018,0.00,2.12,0.00,0.000,260,0.000,0.037,2556,3338,3416,3444,3389,0,0,0,0,0,0,26.64,26.09,26.64,8.96,53.03
$GC,3110,-1.04,-146.6,2556,3339,3444,3389,234.0,-7.9,162,3114,0.00,1.95,0.00,0.000,1030,0.000,0.020,2556,1962,3416,3444,3389,0,0,0,0,0,0,26.34,26.29,26.36,8.94,53.74
$GC,3299,-1.04,-146.6,2555,1962,3444,3389,251.2,-8.6,167,3303,0.00,2.15,0.00,0.000,260,0.000,0.037,2546,3342,3416,3444,3389,0,0,0,0,0,0,26.64,26.10,26.65,8.94,54.05
$GC,3347,-1.04,-146.6,2545,3343,3444,3388,255.3,-8.8,168,3352,0.00,1.98,0.00,0.000,1030,0.000,0.020,2546,1953,3416,3444,3388,0,0,0,0,0,0,26.34,26.29,26.36,8.93,53.78
$GC,3548,-1.04,-146.6,2545,1953,3444,3389,273.9,-9.1,173,3552,0.00,2.12,0.00,0.000,260,0.000,0.037,2535,3339,3416,3444,3389,0,0,0,0,0,0,26.64,26.09,26.65,8.93,54.37
$GC,3620,-1.04,-146.6,2535,3339,3443,3388,277.9,-9.0,174,3624,0.00,1.98,0.00,0.000,1030,0.000,0.020,2536,1953,3416,3443,3389,0,0,0,0,0,0,26.34,26.28,26.36,8.92,54.76
$GC,3834,-1.04,-146.6,2535,1953,3442,3389,298.7,-8.4,180,3839,0.00,2.12,0.00,0.000,260,0.000,0.037,2525,3339,3414,3441,3388,0,0,0,0,0,0,26.64,26.08,26.65,8.91,54.60
$GC,3892,-1.04,-146.6,2525,3339,3441,3389,302.4,-8.4,181,3899,0.12,1.98,0.00,0.000,3078,0.144,0.020,2564,1950,3415,3441,3389,0,0,0,0,0,0,25.89,26.28,26.02,8.91,54.76
$GC,4119,-1.04,-146.6,2563,1950,3440,3388,321.1,-7.8,187,4123,0.00,2.08,0.00,0.000,516,0.000,0.034,2564,582,3413,3439,3388,0,0,0,0,0,0,26.64,26.09,26.65,8.90,55.19
$GC,4206,-1.04,-146.6,2563,581,3440,3388,328.2,-8.2,189,4210,0.00,2.00,0.00,0.000,1030,0.000,0.024,2557,1953,3414,3439,3389,0,0,0,0,0,0,26.30,26.24,26.33,8.90,55.59
$GC,4405,-1.04,-146.6,2556,1953,3437,3388,345.0,-8.4,194,4409,0.00,2.08,0.00,0.000,516,0.000,0.034,2556,586,3412,3437,3388,0,0,0,0,0,0,26.64,26.09,26.65,8.89,55.55
$GC,4555,-1.04,-146.6,2555,585,3436,3388,355.7,-8.5,197,4559,0.00,2.00,0.00,0.000,1030,0.000,0.024,2548,1958,3411,3435,3388,0,0,0,0,0,0,26.30,26.23,26.32,8.89,55.51
$GC,4775,-1.04,-146.6,2547,1957,3435,3386,375.9,-8.3,203,4779,0.00,2.10,0.00,0.000,516,0.000,0.034,2548,577,3410,3435,3385,0,0,0,0,0,0,26.64,26.08,26.65,8.88,55.94
$GC,4876,-1.04,-146.6,2547,577,3435,3385,383.1,-8.3,205,4880,0.00,2.03,0.00,0.000,1030,0.000,0.024,2538,1963,3410,3435,3385,0,0,0,0,0,0,26.29,26.22,26.32,8.88,56.30
$GC,5101,-1.04,-146.6,2538,1963,3434,3383,403.1,-8.3,211,5106,0.00,2.12,0.00,0.000,516,0.000,0.034,2539,590,3408,3434,3383,0,0,0,0,0,0,26.64,26.08,26.65,8.87,56.41
$GC,5230,-1.04,-146.6,2538,589,3434,3383,414.5,-8.9,214,5236,0.10,2.03,0.00,0.000,3078,0.134,0.024,2561,1946,3408,3433,3383,0,0,0,0,0,0,25.88,26.22,25.94,8.87,56.22
$GC,5431,-1.04,-146.6,2560,1946,3433,3382,431.6,-8.3,219,5435,0.00,2.08,0.00,0.000,516,0.000,0.034,2561,586,3407,3433,3382,0,0,0,0,0,0,26.64,26.07,26.65,8.87,56.30
$GC,5587,-1.04,-146.6,2560,586,3432,3381,442.4,-8.7,222,5595,0.00,2.03,0.00,0.000,1030,0.000,0.024,2554,1967,3406,3432,3381,0,0,0,0,0,0,26.28,26.21,26.31,8.86,56.53
$GC,5795,-1.04,-146.6,2554,1967,3432,3380,463.3,-8.6,228,5800,0.00,2.12,0.00,0.000,260,0.000,0.038,2544,3348,3406,3432,3380,0,0,0,0,0,0,26.64,26.06,26.65,8.86,57.24
$GC,5832,-1.04,-146.6,2544,3347,3431,3379,463.3,-8.6,228,5839,0.00,2.00,0.00,0.000,1030,0.000,0.021,2544,1957,3405,3431,3380,0,0,0,0,0,0,26.32,26.26,26.34,8.85,56.26
$GC,6041,-1.04,-146.6,2544,1957,3431,3379,484.7,-8.8,234,6046,0.00,2.15,0.00,0.000,260,0.000,0.038,2535,3346,3405,3431,3379,0,0,0,0,0,0,26.64,26.06,26.65,8.85,57.36
$GC,6181,-1.04,-146.6,2534,3346,3430,3379,496.1,-8.9,237,6187,0.10,2.03,0.00,0.000,3078,0.148,0.021,2565,1948,3404,3430,3378,0,0,0,0,0,0,25.94,26.25,26.04,8.85,56.57
$GC,6372,-1.04,-146.6,2565,1948,3430,3378,513.1,-8.2,242,6374,0.00,0.00,0.00,0.000,6,0.000,0.000,2565,1948,3404,3430,3378,0,0,0,0,0,0,26.64,26.65,26.65,8.84,56.93
$GC,6573,-1.04,-146.6,2564,1948,3430,3376,528.7,-7.7,247,6577,0.00,2.10,0.00,0.000,516,0.000,0.036,2565,578,3403,3429,3377,0,0,0,0,0,0,26.64,26.04,26.65,8.84,57.04
$GC,6717,-1.04,-146.6,2565,577,3429,3377,538.5,-7.7,250,6721,0.00,2.03,0.00,0.000,1030,0.000,0.025,2558,1956,3403,3429,3377,0,0,0,0,0,0,26.28,26.20,26.30,8.83,57.91
$GC,6942,-1.04,-146.6,2558,1956,3427,3375,556.2,-7.3,256,6946,0.00,2.12,0.00,0.000,516,0.000,0.036,2558,571,3401,3427,3376,0,0,0,0,0,0,26.64,26.04,26.65,8.83,57.56
$GC,7054,-1.04,-146.6,2558,571,3426,3375,562.7,-7.4,258,7058,0.00,2.05,0.00,0.000,1030,0.000,0.025,2549,1962,3401,3426,3376,0,0,0,0,0,0,26.27,26.20,26.29,8.82,57.87
$GC,7269,-1.04,-146.6,2549,1962,3425,3374,581.0,-7.6,264,7274,0.00,2.12,0.00,0.000,516,0.000,0.036,2549,580,3399,3425,3374,0,0,0,0,0,0,26.64,26.03,26.65,8.82,58.11
$GC,7399,-1.04,-146.6,2549,580,3424,3374,591.2,-8.0,267,7403,0.00,2.05,0.00,0.000,1030,0.000,0.025,2541,1947,3399,3424,3374,0,0,0,0,0,0,26.24,26.20,26.26,8.82,57.48
$GC,7598,-1.04,-146.6,2540,1947,3424,3373,607.6,-8.0,272,7602,0.00,2.10,0.00,0.000,516,0.000,0.036,2540,580,3398,3424,3373,0,0,0,0,0,0,26.64,26.03,26.65,8.81,57.36
$GC,7727,-1.04,-146.6,2540,580,3423,3373,618.2,-8.4,275,7734,0.10,2.03,0.00,0.000,3078,0.147,0.025,2561,1958,3398,3423,3373,0,0,0,0,0,0,25.90,26.19,26.01,8.81,58.15
$GC,7924,-1.04,-146.6,2560,1958,3423,3372,634.2,-8.0,280,7929,0.00,2.15,0.00,0.000,260,0.000,0.039,2553,3344,3397,3423,3372,0,0,0,0,0,0,26.64,26.02,26.65,8.81,58.03
$GC,7961,-1.04,-146.6,2552,3345,3422,3371,634.2,-8.0,280,7968,0.00,2.00,0.00,0.000,1030,0.000,0.022,2553,1960,3396,3422,3371,0,0,0,0,0,0,26.29,26.24,26.32,8.81,57.99
$GC,8169,-1.04,-146.6,2552,1960,3422,3371,654.1,-8.2,286,8173,0.00,2.17,0.00,0.000,260,0.000,0.040,2543,3336,3396,3422,3371,0,0,0,0,0,0,26.64,26.02,26.65,8.80,58.15
$GC,8255,-1.04,-146.6,2542,3336,3421,3370,661.3,-8.3,288,8259,0.00,2.03,0.00,0.000,1030,0.000,0.022,2543,1945,3395,3421,3370,0,0,0,0,0,0,26.29,26.22,26.31,8.80,58.42
$GC,8455,-1.04,-146.6,2542,1945,3421,3369,677.5,-8.1,293,8459,0.00,2.10,0.00,0.000,516,0.000,0.037,2543,576,3395,3421,3369,0,0,0,0,0,0,26.64,26.00,26.65,8.79,58.26
$GC,8491,-1.04,-146.6,2542,576,3421,3369,677.5,-8.1,293,8500,0.10,2.03,0.00,0.000,3078,0.149,0.026,2564,1955,3395,3421,3369,0,0,0,0,0,0,25.88,26.17,25.98,8.79,58.42
$GC,8700,-1.04,-146.6,2563,1954,3421,3368,696.5,-7.5,299,8704,0.00,2.12,0.00,0.000,516,0.000,0.037,2563,575,3394,3421,3368,0,0,0,0,0,0,26.64,26.01,26.65,8.79,58.62
$GC,8848,-1.04,-146.6,2563,575,3420,3368,706.5,-7.8,302,8852,0.00,2.05,0.00,0.000,1030,0.000,0.025,2556,1961,3394,3420,3368,0,0,0,0,0,0,26.25,26.17,26.27,8.79,58.58
$GC,9069,-1.04,-146.6,2556,1962,3420,3367,724.3,-7.3,308,9073,0.00,2.15,0.00,0.000,516,0.000,0.037,2556,570,3393,3420,3367,0,0,0,0,0,0,26.64,26.00,26.65,8.79,58.42
$GC,9194,-1.04,-146.6,2555,569,3419,3367,734.0,-7.6,311,9198,0.00,2.10,0.00,0.000,1030,0.000,0.027,2547,1958,3393,3420,3367,0,0,0,0,0,0,26.20,26.16,26.22,8.78,58.58
$GC,9398,-1.04,-146.6,2546,1959,3419,3366,749.6,-7.6,316,9402,0.00,2.17,0.00,0.000,516,0.000,0.037,2547,572,3391,3418,3365,0,0,0,0,0,0,26.64,25.99,26.65,8.77,58.38
$GC,9537,-1.04,-146.6,2546,573,3418,3366,759.7,-8.1,319,9541,0.00,2.08,0.00,0.000,1030,0.000,0.027,2538,1948,3392,3419,3366,0,0,0,0,0,0,26.20,26.16,26.22,8.77,59.21
$GC,9726,-1.04,-146.6,2537,1948,3418,3365,776.2,-8.1,324,9730,0.00,2.12,0.00,0.000,516,0.000,0.037,2538,571,3391,3418,3365,0,0,0,0,0,0,26.64,25.98,26.65,8.77,58.74
$GC,9869,-1.04,-146.6,2537,571,3418,3365,787.0,-8.6,327,9877,0.10,2.05,0.00,0.000,3078,0.150,0.026,2559,1959,3391,3417,3365,0,0,0,0,0,0,25.85,26.15,25.96,8.77,58.74
$GC,10092,-1.04,-146.6,2559,1958,3417,3364,806.8,-8.1,333,10097,0.00,2.15,0.00,0.000,516,0.000,0.037,2560,568,3390,3417,3364,0,0,0,0,0,0,26.64,25.96,26.65,8.77,58.82
$GC,10232,-1.04,-146.6,2559,568,3417,3364,817.6,-8.6,336,10236,0.00,2.05,0.00,0.000,1030,0.000,0.027,2553,1953,3390,3417,3364,0,0,0,0,0,0,26.22,26.15,26.25,8.76,58.89
$GC,10420,-1.04,-146.6,2552,1953,3416,3364,834.5,-8.2,341,10425,0.00,2.17,0.00,0.000,260,0.000,0.041,2543,3346,3390,3416,3364,0,0,0,0,0,0,26.63,25.97,26.65,8.76,58.86
$GC,10458,-1.04,-146.6,2542,3346,3415,3363,834.5,-8.2,341,10465,0.00,2.05,0.00,0.000,1030,0.000,0.024,2543,1947,3389,3415,3363,0,0,0,0,0,0,26.26,26.19,26.28,8.76,59.52
$GC,10665,-1.04,-146.6,2542,1947,3415,3363,854.7,-8.2,347,10670,0.00,2.22,0.00,0.000,260,0.000,0.041,2533,3364,3389,3416,3363,0,0,0,0,0,0,26.64,25.96,26.65,8.76,59.05
$GC,10710,-1.04,-146.6,2532,3364,3415,3362,858.3,-8.3,348,10715,0.05,2.12,0.00,0.000,3078,0.151,0.024,2561,1943,3388,3415,3362,0,0,0,0,0,0,25.85,26.19,25.96,8.75,59.13
$GC,10916,-1.10,-146.6,2560,1943,3415,3362,873.3,-7.3,353,10920,0.00,2.15,0.00,0.000,516,0.000,0.038,2561,579,3388,3415,3362,0,0,0,0,0,0,26.64,25.94,26.65,8.75,59.21
$GC,11064,-1.10,-146.6,2560,578,3415,3362,882.5,-7.2,356,11068,0.00,2.05,0.00,0.000,1030,0.000,0.027,2554,1959,3388,3415,3362,0,0,0,0,0,0,26.21,26.13,26.24,8.75,58.97
$GC,11282,-1.10,-146.6,2554,1959,3414,3361,898.5,-6.6,362,11287,0.00,2.17,0.00,0.000,516,0.000,0.038,2555,577,3387,3414,3361,0,0,0,0,0,0,26.63,25.94,26.65,8.75,59.17
$GC,11411,-1.10,-146.6,2554,577,3414,3361,906.7,-6.5,365,11415,0.00,2.05,0.00,0.000,1030,0.000,0.027,2546,1955,3387,3414,3361,0,0,0,0,0,0,26.20,26.13,26.23,8.74,58.86
$GC,11609,-1.10,-146.6,2545,1954,3413,3359,919.4,-6.2,370,11613,0.00,2.17,0.00,0.000,260,0.000,0.041,2535,3346,3387,3413,3361,0,0,0,0,0,0,26.64,25.94,26.65,8.74,60.15
$GC,11641,-1.10,-146.6,2535,3347,3413,3359,919.4,-6.2,370,11645,0.00,2.05,0.00,0.000,1030,0.000,0.024,2535,1958,3386,3414,3359,0,0,0,0,0,0,26.24,26.17,26.27,8.74,59.72
$GC,11857,-1.10,-146.6,2534,1958,3413,3359,935.3,-6.6,376,11861,0.00,2.17,0.00,0.000,260,0.000,0.041,2525,3347,3386,3413,3359,0,0,0,0,0,0,26.63,25.92,26.65,8.74,59.68
$GC,12035,-1.10,-146.6,2525,3347,3412,3358,947.4,-7.3,380,12039,0.00,2.05,0.00,0.000,1030,0.000,0.024,2525,1953,3385,3412,3358,0,0,0,0,0,0,26.24,26.17,26.26,8.73,59.72
$GC,12224,-1.10,-146.6,2525,1954,3412,3358,963.0,-7.8,385,12228,0.00,2.17,0.00,0.000,516,0.000,0.038,2525,574,3385,3412,3358,0,0,0,0,0,0,26.64,25.91,26.65,8.73,59.80
$GC,12285,-1.10,-146.6,2525,574,3412,3358,966.8,-8.0,386,12293,0.10,2.05,0.00,0.000,3078,0.158,0.027,2545,1956,3385,3412,3358,0,0,0,0,0,0,25.78,26.10,25.89,8.73,59.25
$GC,12509,-1.10,-146.6,2544,1956,3412,3357,986.1,-8.0,392,12514,0.00,2.17,0.00,0.000,260,0.000,0.042,2537,3349,3384,3412,3357,0,0,0,0,0,0,26.63,25.91,26.65,8.73,59.92
$STATE,12592,end dive,TARGET_DEPTH_EXCEEDED
$STATE,12592,begin apogee
$GC,12602,-0.33,0.0,2537,1854,3411,3357,993.1,-8.1,394,12742,0.77,0.00,136.25,1.358,10246,0.107,0.000,2792,1854,2804,2902,2707,0,0,0,0,0,0,25.38,24.24,22.96,8.73,60.00
$STATE,12743,end apogee,CONTROL_FINISHED_OK
$STATE,12743,begin climb
$GC,12746,0.90,146.6,2792,1854,2900,2705,998.3,0.0,397,12899,1.12,2.33,141.48,1.306,10756,0.058,0.041,3203,480,2205,2292,2119,0,0,0,0,0,0,24.73,23.67,22.85,8.68,58.58
$GC,12984,0.77,188.3,3202,480,2289,2119,983.9,8.1,403,13033,0.17,2.10,41.35,1.267,13318,0.128,0.025,3149,1853,2035,2137,1933,0,0,0,0,0,0,25.32,25.59,23.42,8.63,58.19
$GC,13237,0.85,210.4,3148,1853,2136,1931,958.7,9.0,410,13264,0.00,2.25,21.62,1.234,8964,0.000,0.043,3156,482,1946,2061,1831,0,0,0,0,0,0,26.27,25.09,23.78,8.61,58.74
$GC,13385,0.92,224.3,3156,482,2062,1830,947.3,9.4,413,13408,0.08,2.08,15.00,1.193,11270,0.094,0.025,3226,1858,1887,2011,1764,0,0,0,0,0,0,25.84,25.89,23.84,8.60,58.54
$GC,13597,0.92,224.3,3225,1858,2011,1764,919.2,12.0,419,13601,0.00,2.20,0.00,0.000,516,0.000,0.043,3235,472,1887,2010,1765,0,0,0,0,0,0,26.32,25.86,26.32,8.60,58.74
$GC,13681,0.92,224.3,3235,470,2010,1764,908.5,12.3,421,13688,0.12,2.10,0.00,0.000,5126,0.139,0.026,3196,1861,1887,2011,1764,0,0,0,0,0,0,25.77,26.06,25.92,8.59,58.93
$GC,13883,0.92,224.3,3195,1861,2010,1764,885.5,11.3,426,13885,0.00,0.00,0.00,0.000,6,0.000,0.000,3196,1861,1887,2010,1764,0,0,0,0,0,0,26.49,26.51,26.51,8.58,60.35
$GC,14082,0.92,224.3,3195,1861,2010,1764,862.9,11.3,431,14086,0.00,2.15,0.00,0.000,260,0.000,0.040,3196,3254,1887,2010,1764,0,0,0,0,0,0,26.55,26.08,26.55,8.58,59.84
$GC,14149,0.92,224.3,3195,3254,2010,1764,857.7,11.5,432,14153,0.00,2.10,0.00,0.000,1030,0.000,0.027,3201,1867,1886,2009,1764,0,0,0,0,0,0,26.22,26.18,26.25,8.58,60.63
$GC,14367,0.92,224.3,3200,1866,2010,1764,829.6,11.5,438,14371,0.00,2.15,0.00,0.000,260,0.000,0.040,3201,3258,1887,2009,1765,0,0,0,0,0,0,26.59,26.10,26.60,8.58,60.82
$GC,14399,0.92,224.3,3200,3258,2009,1764,829.6,11.5,438,14403,0.00,2.10,0.00,0.000,1030,0.000,0.026,3208,1848,1886,2009,1764,0,0,0,0,0,0,26.27,26.20,26.30,8.58,60.86
$GC,14614,0.92,224.3,3207,1847,2009,1764,801.7,11.3,444,14619,0.00,2.17,0.00,0.000,260,0.000,0.040,3208,3256,1886,2009,1764,0,0,0,0,0,0,26.60,26.10,26.61,8.57,60.55
$GC,14676,0.92,224.3,3207,3256,2009,1764,796.4,11.3,445,14681,0.00,2.10,0.00,0.000,1030,0.000,0.027,3217,1849,1886,2009,1764,0,0,0,0,0,0,26.28,26.20,26.31,8.57,61.02
$GC,14900,0.92,224.3,3216,1849,2009,1764,769.9,10.8,451,14902,0.00,0.00,0.00,0.000,6,0.000,0.000,3217,1849,1886,2009,1764,0,0,0,0,0,0,26.61,26.63,26.63,8.57,61.10
$GC,15100,0.92,224.3,3216,1848,2009,1764,749.0,10.4,456,15104,0.00,2.17,0.00,0.000,260,0.000,0.040,3217,3253,1886,2009,1764,0,0,0,0,0,0,26.62,26.08,26.63,8.57,61.34
$GC,15207,0.92,224.3,3216,3253,2009,1764,740.1,10.5,458,15211,0.00,2.08,0.00,0.000,1030,0.000,0.027,3225,1853,1886,2009,1764,0,0,0,0,0,0,26.27,26.20,26.30,8.57,61.26
$GC,15426,0.92,224.3,3225,1853,2009,1764,715.2,10.1,464,15430,0.00,2.20,0.00,0.000,516,0.000,0.044,3234,475,1887,2010,1764,0,0,0,0,0,0,26.63,26.01,26.63,8.57,60.90
$GC,15502,0.92,224.7,3233,475,2009,1764,710.8,10.0,465,15510,0.12,2.05,0.00,0.000,5126,0.145,0.026,3195,1859,1886,2009,1764,0,0,0,0,0,0,25.86,26.20,25.99,8.57,61.02
$GC,15711,0.94,249.3,3195,1859,2008,1764,688.7,8.9,471,15742,0.00,2.20,25.52,1.161,8452,0.000,0.038,3195,3250,1785,1918,1653,0,0,0,0,0,0,26.63,24.63,23.79,8.57,60.90
$GC,15849,0.96,265.9,3194,3251,1918,1653,677.6,9.2,473,15874,0.00,2.12,17.05,1.104,9222,0.000,0.027,3195,1851,1718,1857,1579,0,0,0,0,0,0,25.94,25.86,23.81,8.56,60.59
$GC,16071,1.05,279.2,3194,1852,1857,1578,654.6,9.4,479,16091,0.08,2.20,13.55,1.073,10500,0.100,0.039,3269,3249,1664,1807,1522,0,0,0,0,0,0,26.10,25.25,23.96,8.55,61.22
$GC,16119,1.11,286.7,3269,3249,1806,1522,650.6,9.7,480,16133,0.00,2.12,8.62,0.987,9222,0.000,0.027,3279,1850,1635,1780,1491,0,0,0,0,0,0,25.83,25.75,23.86,8.54,61.30
$GC,16342,1.11,286.7,3279,1850,1778,1488,622.2,11.9,486,16346,0.00,2.20,0.00,0.000,260,0.000,0.040,3279,3256,1633,1778,1488,0,0,0,0,0,0,26.34,25.88,26.34,8.54,60.59
$GC,16443,1.11,286.7,3279,3258,1776,1487,611.2,12.6,488,16449,0.10,2.10,0.00,0.000,5126,0.147,0.027,3257,1855,1631,1776,1487,0,0,0,0,0,0,25.78,26.03,25.91,8.54,60.90
$GC,16663,1.11,286.7,3257,1855,1776,1487,583.6,11.4,494,16667,0.00,2.20,0.00,0.000,516,0.000,0.044,3266,460,1631,1776,1487,0,0,0,0,0,0,26.51,25.96,26.52,8.54,61.81
$GC,16724,1.11,286.7,3266,460,1776,1487,578.4,11.5,495,16728,0.00,2.10,0.00,0.000,1030,0.000,0.026,3266,1860,1631,1776,1487,0,0,0,0,0,0,26.21,26.14,26.23,8.54,60.94
$GC,16947,1.11,286.7,3265,1860,1776,1486,549.8,11.8,501,16951,0.00,2.15,0.00,0.000,260,0.000,0.040,3266,3249,1631,1777,1486,0,0,0,0,0,0,26.57,26.04,26.58,8.54,61.06
$GC,17039,1.11,286.7,3266,3249,1776,1485,539.2,12.3,503,17043,0.00,2.08,0.00,0.000,1030,0.000,0.027,3275,1853,1630,1776,1485,0,0,0,0,0,0,26.24,26.16,26.27,8.54,61.02
$GC,17232,1.11,286.7,3275,1853,1776,1485,514.7,12.0,508,17236,0.00,2.17,0.00,0.000,516,0.000,0.045,3275,467,1630,1776,1485,0,0,0,0,0,0,26.60,25.98,26.60,8.55,61.53
$GC,17284,1.11,286.7,3274,467,1776,1485,509.4,12.1,509,17288,0.00,2.08,0.00,0.000,1030,0.000,0.026,3275,1857,1630,1776,1485,0,0,0,0,0,0,26.26,26.19,26.29,8.54,61.89
$GC,17477,1.11,286.7,3274,1857,1776,1485,484.9,12.1,514,17481,0.00,2.15,0.00,0.000,260,0.000,0.040,3275,3252,1630,1776,1485,0,0,0,0,0,0,26.61,26.05,26.62,8.55,61.22
$GC,17549,1.11,286.7,3275,3252,1776,1485,479.3,12.2,515,17553,0.00,2.10,0.00,0.000,1030,0.000,0.028,3275,1858,1630,1776,1485,0,0,0,0,0,0,26.25,26.17,26.27,8.55,61.14
$GC,17762,1.11,286.7,3275,1858,1776,1485,449.3,12.2,521,17767,0.00,2.20,0.00,0.000,516,0.000,0.044,3275,457,1631,1777,1485,0,0,0,0,0,0,26.62,25.98,26.63,8.54,61.14
$GC,17830,1.11,286.7,3275,457,1777,1485,443.7,12.3,522,17834,0.00,2.10,0.00,0.000,1030,0.000,0.025,3275,1861,1630,1776,1485,0,0,0,0,0,0,26.27,26.19,26.29,8.55,60.94
$GC,18049,1.11,286.7,3274,1862,1776,1485,413.9,12.2,528,18053,0.00,2.15,0.00,0.000,260,0.000,0.040,3275,3252,1630,1776,1485,0,0,0,0,0,0,26.62,26.04,26.63,8.54,61.34
$GC,18146,1.11,286.7,3275,3252,1776,1485,402.9,12.6,530,18150,0.00,2.10,0.00,0.000,1030,0.000,0.027,3275,1853,1631,1777,1485,0,0,0,0,0,0,26.24,26.17,26.27,8.55,60.82
$GC,18335,1.11,286.7,3275,1853,1776,1485,378.2,12.0,535,18339,0.00,2.20,0.00,0.000,516,0.000,0.044,3275,457,1630,1776,1485,0,0,0,0,0,0,26.62,25.96,26.63,8.55,60.90
$GC,18433,1.11,286.7,3275,456,1776,1484,368.1,11.9,537,18438,0.00,2.10,0.00,0.000,1030,0.000,0.025,3275,1866,1631,1777,1485,0,0,0,0,0,0,26.26,26.19,26.29,8.55,61.41
$GC,18622,1.11,286.7,3274,1866,1776,1485,344.8,11.5,542,18624,0.00,0.00,0.00,0.000,6,0.000,0.000,3275,1866,1630,1776,1485,0,0,0,0,0,0,26.63,26.63,26.63,8.56,60.98
$GC,18822,1.11,286.7,3275,1866,1776,1485,321.6,11.5,547,18828,0.00,2.22,0.00,0.000,516,0.000,0.044,3276,457,1630,1776,1485,0,0,0,0,0,0,26.63,25.94,26.63,8.56,60.78
$GC,18916,1.11,286.7,3275,457,1776,1485,312.2,11.7,549,18920,0.00,2.08,0.00,0.000,1030,0.000,0.025,3275,1853,1630,1777,1484,0,0,0,0,0,0,26.25,26.17,26.27,8.56,60.67
$GC,19104,1.11,286.7,3275,1853,1776,1485,288.7,11.6,554,19110,0.00,2.22,0.00,0.000,516,0.000,0.044,3275,450,1630,1776,1484,0,0,0,0,0,0,26.63,25.94,26.63,8.57,60.43
$GC,19138,1.11,286.7,3275,449,1778,1485,288.7,11.6,554,19145,0.00,2.10,0.00,0.000,1030,0.000,0.026,3275,1861,1630,1776,1485,0,0,0,0,0,0,26.24,26.17,26.27,8.57,61.02
$GC,19344,1.11,286.7,3275,1861,1776,1485,260.0,11.9,560,19349,0.00,2.25,0.00,0.000,516,0.000,0.044,3275,436,1630,1776,1485,0,0,0,0,0,0,26.62,25.93,26.63,8.57,60.35
$GC,19391,1.11,286.7,3275,435,1776,1484,254.6,12.1,561,19396,0.00,2.12,0.00,0.000,1030,0.000,0.025,3275,1857,1630,1777,1484,0,0,0,0,0,0,26.24,26.17,26.27,8.57,60.51
$GC,19592,1.11,286.7,3275,1857,1776,1485,230.5,11.9,566,19596,0.00,2.22,0.00,0.000,516,0.000,0.044,3275,453,1630,1777,1484,0,0,0,0,0,0,26.62,25.91,26.63,8.57,60.47
$GC,19628,1.11,286.7,3274,451,1777,1484,230.5,11.9,566,19635,0.00,2.10,0.00,0.000,1030,0.000,0.025,3275,1862,1630,1776,1485,0,0,0,0,0,0,26.23,26.16,26.26,8.57,60.63
$GC,19835,1.11,286.7,3275,1862,1776,1484,201.6,11.9,572,19840,0.00,2.22,0.00,0.000,516,0.000,0.044,3275,454,1630,1776,1485,0,0,0,0,0,0,26.63,25.91,26.63,8.58,59.92
$GC,19902,1.11,286.7,3275,453,1776,1485,193.8,12.0,574,19906,0.00,2.10,0.00,0.000,1030,0.000,0.025,3275,1858,1630,1776,1485,0,0,0,0,0,0,26.23,26.16,26.26,8.58,59.96
$GC,20101,1.11,286.7,3275,1858,1776,1485,168.9,12.4,584,20105,0.00,2.22,0.00,0.000,516,0.000,0.043,3276,453,1630,1776,1484,0,0,0,0,0,0,26.62,25.91,26.63,8.58,59.96
$GC,20153,1.11,286.7,3275,452,1776,1484,163.4,12.4,586,20157,0.00,2.12,0.00,0.000,1030,0.000,0.025,3275,1853,1630,1776,1485,0,0,0,0,0,0,26.19,26.15,26.21,8.58,59.52
$GC,20348,1.11,286.7,3275,1853,1776,1485,139.7,11.3,596,20354,0.00,2.20,0.00,0.000,516,0.000,0.043,3275,458,1631,1777,1485,0,0,0,0,0,0,26.63,25.90,26.63,8.58,59.92
$GC,20378,1.11,286.7,3275,458,1776,1485,137.3,11.0,597,20383,0.00,2.08,0.00,0.000,1030,0.000,0.024,3276,1859,1630,1776,1485,0,0,0,0,0,0,26.23,26.16,26.26,8.59,59.45
$GC,20572,1.12,292.3,3275,1859,1776,1485,116.5,9.7,607,20583,0.00,2.22,5.80,0.645,8708,0.000,0.044,3275,458,1611,1757,1466,0,0,0,0,0,0,26.62,25.21,23.96,8.59,60.27
$GC,20655,1.12,295.4,3275,457,1756,1466,108.5,9.9,611,20665,0.00,2.10,4.50,0.579,9222,0.000,0.025,3276,1859,1600,1749,1451,0,0,0,0,0,0,26.16,26.09,24.01,8.60,60.12
$GC,20848,1.14,314.5,3275,1858,1745,1450,90.9,9.1,620,20874,0.00,2.22,17.65,0.753,8708,0.000,0.043,3275,457,1519,1674,1365,0,0,0,0,0,0,26.54,25.22,24.09,8.61,60.08
$GC,21010,1.16,334.0,3275,457,1673,1365,75.5,9.1,628,21033,0.00,2.15,17.17,0.732,9222,0.000,0.025,3276,1859,1442,1603,1282,0,0,0,0,0,0,26.00,25.98,24.12,8.64,60.98
$GC,21229,1.25,430.3,3275,1859,1598,1279,60.5,5.6,639,21338,0.00,2.33,91.75,0.717,8708,0.000,0.042,3275,457,1048,1176,920,0,0,0,0,2,0,26.36,24.84,23.87,8.69,61.53
$GC,21424,1.39,457.4,3275,457,1171,920,45.4,8.8,650,21460,0.15,2.12,27.70,0.685,11270,0.055,0.025,3383,1865,938,1036,840,0,0,0,0,0,0,25.72,25.72,24.08,8.71,59.88
$GC,21642,1.39,457.4,3382,1865,1031,838,19.7,12.6,672,21648,0.12,2.22,0.00,0.000,4612,0.133,0.041,3352,453,933,1030,837,0,0,0,0,0,0,25.76,25.77,25.84,8.76,59.13
$GC,21690,1.39,457.4,3352,452,1030,837,14.0,12.0,676,21697,0.00,2.10,0.00,0.000,1030,0.000,0.024,3353,1863,933,1030,837,0,0,0,0,0,0,26.03,25.96,26.05,8.77,58.15
$STATE,21784,end climb,SURFACE_DEPTH_REACHED
$STATE,21784,begin surface coast
$FINISH,0.2,1.022338
$STATE,21806,end surface coast,CONTROL_FINISHED_OK
$STATE,21806,begin surface
$SM_CCo,21887,0.00,0.000,0,0,933,459.45
$SM_GC,-0.01,8.05,0.10,0.00,0.024,0.086,0.000,180,1960,933,-8.33,-1.55,459.45,0,0,0,0,0,0,26.10,26.18,26.14
$IRIDIUM_FIX,629.37,-14031.95,250225,113914
$TT8_MAMPS,0.026215,0.380492
$HUMID,54.96
$INTERNAL_PRESSURE,8.76138
$TCM_TEMP,18.40
$XPDR_PINGS,1
$ALTIM_TOP_PING,19.7,19.0
$24V_AH,22.85,61.814
$10V_AH,9.69,43.582
$FG_AHR_24Vo,0.000
$FG_AHR_10Vo,0.000
$DEVICES,Pitch_motor,Roll_motor,VBD_pump_during_apogee,VBD_pump_during_surface,VBD_valve,Iridium_during_init,Iridium_during_connect,Iridium_during_xfer,Transponder_ping,GUMSTIX_24V,GPS,TT8,LPSleep,TT8_Active,TT8_Sampling,TT8_CF8,TT8_Kalman,Analog_circuits,GPS_charging,Compass,RAFOS,Transponder,Compass2
$DEVICE_SECS,21.650,291.350,585.025,0.000,0.000,0.000,0.000,276.975,0.500,0.000,28.933,3214.474,14365.781,721.906,3485.145,517.416,0.000,2798.499,0.000,3022.717,0.000,2.761,0.000
$DEVICE_MAMPS,205.785,86.445,1357.875,0.000,0.000,0.000,0.000,89.505,420.000,0.000,30.710,15.210,2.190,15.210,43.670,53.410,0.000,14.000,0.000,8.240,0.000,30.000,0.000
$SENSORS,SBE_CT,WL_blue_red_Chl,AA4330,nil,nil,nil,nil,nil,nil,nil
$SENSOR_SECS,599.002,0.000,921.204,0.000,0.000,0.000,0.000,0.000,0.000,0.000
$SENSOR_MAMPS,22.470,0.000,11.230,0.000,0.000,0.000,0.000,0.000,0.000,0.000
$MEM,311868
$DATA_FILE_SIZE,52219,688
$CAP_FILE_SIZE,253539,0
$CFSIZE,2097872896,2043478016
$ERRORS,0,0,0,0,0,0,0,0,0,0,0,0,0,2,1,0
$CURRENT,0.067,82.00,1
$GPS,130705,001340,631.920,-14028.451,52,1.0,52,9.3,0.6,63.3,8,4.7
