version: 66.14
glider: 195
mission: 21
dive: 688
start: 10 5 105 14 18 54
data:
$ID,195
$MISSION,21
$DIVE,688
$N_DIVES,0
$STOP_T,0
$D_SURF,3
$D_FLARE,2
$D_TGT,990
$D_ABORT,1090
$D_NO_BLEED,50
$D_BOOST,3
$T_BOOST,0
$D_FINISH,0
$D_PITCH,0
$D_SAFE,0
$D_CALL,0
$SURFACE_URGENCY,0
$SURFACE_URGENCY_TRY,0
$SURFACE_URGENCY_FORCE,0
$T_DIVE,330
$T_MISSION,600
$T_ABORT,1440
$T_TURN,300
$T_TURN_SAMPINT,5
$T_NO_W,120
$T_LOITER,0
$T_SLOITER,60
$T_EPIRB,0
$USE_BATHY,0
$USE_ICE,0
$ICE_FREEZE_MARGIN,0.30000001
$D_OFFGRID,990
$T_WATCHDOG,10
$RELAUNCH,1
$APOGEE_PITCH,-8
$MAX_BUOY,150
$COURSE_BIAS,0
$GLIDE_SLOPE,30
$SPEED_FACTOR,1
$RHO,1.023
$MASS,54002
$MASS_COMP,0
$NAV_MODE,2
$FERRY_MAX,45
$KALMAN_USE,2
$HD_A,0.0038000001
$HD_B,0.0099999998
$HD_C,9.8500004e-06
$HEADING,-1
$ESCAPE_HEADING,0
$ESCAPE_HEADING_DELTA,10
$FIX_MISSING_TIMEOUT,0
$TGT_DEFAULT_LAT,4736
$TGT_DEFAULT_LON,-12225
$TGT_AUTO_DEFAULT,0
$SM_CC,300
$N_FILEKB,4
$FILEMGR,0
$CALL_NDIVES,1
$COMM_SEQ,0
$PROTOCOL,9
$N_NOCOMM,1
$NOCOMM_ACTION,0
$N_NOSURFACE,0
$UPLOAD_DIVES_MAX,-1
$CALL_TRIES,5
$CALL_WAIT,60
$CAPUPLOAD,0
$CAPMAXSIZE,200000
$HEAPDBG,0
$T_GPS,15
$N_GPS,50840
$T_RSLEEP,2
$STROBE,0
$RAFOS_PEAK_OFFSET,1.5
$RAFOS_CORR_THRESH,60
$RAFOS_HIT_WINDOW,3600
$RAFOS_MMODEM,0
$PITCH_MIN,207
$PITCH_MAX,3915
$C_PITCH,2884
$PITCH_DBAND,0.1
$PITCH_CNV,0.003125763
$P_OVSHOOT,0.039999999
$P_OVSHOOT_WITHG,0.079999998
$PITCH_GAIN,19.15
$PITCH_TIMEOUT,17
$PITCH_AD_RATE,160
$PITCH_MAXERRORS,1
$PITCH_ADJ_GAIN,0.02
$PITCH_ADJ_DBAND,2.5
$ROLL_MIN,224
$ROLL_MAX,3758
$ROLL_DEG,40
$C_ROLL_DIVE,1800
$C_ROLL_CLIMB,2250
$HEAD_ERRBAND,10
$ROLL_CNV,0.028270001
$ROLL_TIMEOUT,15
$R_PORT_OVSHOOT,45
$R_STBD_OVSHOOT,41
$ROLL_AD_RATE,350
$ROLL_MAXERRORS,2
$ROLL_ADJ_GAIN,0
$ROLL_ADJ_DBAND,0
$VBD_MIN,500
$VBD_MAX,3960
$C_VBD,2806
$VBD_DBAND,2
$VBD_CNV,-0.24529999
$VBD_LP_IGNORE,0
$VBD_TIMEOUT,720
$PITCH_VBD_SHIFT,0.001
$VBD_PUMP_AD_RATE_SURFACE,5
$VBD_PUMP_AD_RATE_APOGEE,4
$VBD_BLEED_AD_RATE,8
$UNCOM_BLEED,60
$VBD_MAXERRORS,1
$W_ADJ_DBAND,0
$DBDW,0
$PITCH_W_GAIN,0
$PITCH_W_DBAND,0
$CF8_MAXERRORS,5
$AH0_24V,150
$AH0_10V,97
$MINV_24V,19
$MINV_10V,8
$MAXI_24V,0.80000001
$MAXI_10V,0.60000002
$FG_AHR_10V,0
$FG_AHR_24V,0
$PHONE_SUPPLY,-2
$PRESSURE_YINT,-49.397121
$PRESSURE_SLOPE,0.0001168043
$AD7714Ch0Gain,128
$TCM_PITCH_OFFSET,0
$TCM_ROLL_OFFSET,0
$COMPASS_USE,4
$ALTIM_BOTTOM_PING_RANGE,0
$ALTIM_TOP_PING_RANGE,20
$ALTIM_BOTTOM_TURN_MARGIN,0
$ALTIM_TOP_TURN_MARGIN,0
$ALTIM_TOP_MIN_OBSTACLE,1
$ALTIM_PING_DEPTH,0
$ALTIM_PING_DELTA,0
$ALTIM_FREQUENCY,13
$ALTIM_PULSE,3
$ALTIM_SENSITIVITY,3
$XPDR_VALID,5
$XPDR_INHIBIT,90
$INT_PRESSURE_SLOPE,0.0097660003
$INT_PRESSURE_YINT,-0.77999997
$DEEPGLIDER,0
$MOTHERBOARD,4
$DEVICE1,2
$DEVICE2,115
$DEVICE3,101
$DEVICE4,-1
$DEVICE5,-1
$DEVICE6,-1
$LOGGERS,0
$LOGGERDEVICE1,-1
$LOGGERDEVICE2,-1
$LOGGERDEVICE3,-1
$LOGGERDEVICE4,-1
$COMPASS_DEVICE,33
$COMPASS2_DEVICE,-1
$PHONE_DEVICE,49
$GPS_DEVICE,32
$RAFOS_DEVICE,-1
$XPDR_DEVICE,24
$SIM_W,0
$SIM_PITCH,0
$SEABIRD_T_G,0.0044178674
$SEABIRD_T_H,0.00064818078
$SEABIRD_T_I,2.6779007e-05
$SEABIRD_T_J,3.3667231e-06
$SEABIRD_C_G,-10.098215
$SEABIRD_C_H,1.1454017
$SEABIRD_C_I,-0.0021276253
$SEABIRD_C_J,0.00025532115
$SEABIRD_C_Z,2974.52
$GPS1,051005,141109,950.0531,-14402.2002,41,1.0,59,9.3,0.8,4.0,8,4.2
$_CALLS,1
$_XMS_NAKs,0
$_XMS_TOUTs,0
$_SM_DEPTHo,0.21
$_SM_ANGLEo,-57.0
$GPS2,051005,141814,950.0888,-14402.1777,7,1.0,19,9.3,0.8,274.0,8,4.5
$SPEED_LIMITS,0.173,0.262
$TGT_NAME,TX2
$TGT_LATLONG,1145.000,-14800.000
$TGT_RADIUS,10000.000
$KALMAN_CONTROL,0.000000,0.000000
$KALMAN_X,0.000000,0.000000,0.000000,0.000000,0.000000
$KALMAN_Y,0.000000,0.000000,0.000000,0.000000,0.000000
$MHEAD_RNG_PITCHd_Wd,255.2,480872,-18.1,-10.000,-20.93,2235
$D_GRID,990
$GCHEAD,st_secs,pitch_ctl,vbd_ctl,pitch_ad_start,roll_ad_start,vbd_pot1_ad_start,vbd_pot2_ad_start,depth,ob_vertv,data_pts,end_secs,pitch_secs,roll_secs,vbd_secs,vbd_i,gcphase,pitch_i,roll_i,pitch_ad,roll_ad,vbd_ad,vbd_pot1_ad,vbd_pot2_ad,pitch_retries,pitch_errors,roll_retries,roll_errors,vbd_retries,vbd_errors,pitch_volts,roll_volts,vbd_volts,int_press,humidity
$STATE,6,end surface,CONTROL_FINISHED_OK
$STATE,6,begin dive
$GC,75,-1.09,-146.6,137,1810,1012,832,0.2,-0.1,6,154,0.00,0.00,-76.93,0.000,16386,0.000,0.000,137,1810,2935,2948,2922,0,0,0,0,0,0,26.07,28.83,26.08,8.81,55.47
$GC,159,-1.09,-146.6,137,1810,2949,2922,2.8,-5.1,14,188,9.30,2.25,-10.48,0.000,19204,0.199,0.048,2517,3201,3406,3430,3383,0,0,0,0,0,0,24.74,22.42,24.91,9.03,54.52
$GC,335,-0.96,-146.6,2516,3201,3434,3384,29.3,-13.5,31,346,0.17,2.15,0.00,0.000,3078,0.129,0.028,2569,1802,3409,3434,3384,0,0,0,0,0,0,24.58,25.08,24.69,9.08,55.19
$GC,528,-0.90,-146.6,2568,1802,3436,3384,51.0,-10.2,50,533,0.00,2.28,0.00,0.000,516,0.000,0.036,2569,401,3410,3436,3384,0,0,0,0,0,0,26.08,24.79,26.09,9.10,55.78
$GC,595,-0.83,-146.6,2568,401,3436,3384,58.3,-11.0,53,600,0.17,2.15,0.00,0.000,3078,0.129,0.023,2613,1812,3410,3436,3384,0,0,0,0,0,0,24.62,25.19,24.71,9.10,55.00
$GC,795,-0.83,-146.6,2613,1812,3439,3384,81.2,-11.1,63,800,0.00,2.25,0.00,0.000,260,0.000,0.042,2605,3207,3411,3439,3383,0,0,0,0,0,0,26.10,24.74,26.10,9.12,55.00
$GC,892,-0.83,-146.6,2605,3207,3440,3384,87.4,-7.4,67,899,0.00,2.12,0.00,0.000,1030,0.000,0.021,2605,1779,3412,3440,3384,0,0,0,0,0,0,25.33,25.28,25.36,9.12,55.04
$GC,1080,-0.83,-146.6,2605,1779,3443,3384,101.1,-6.0,77,1084,0.00,2.20,0.00,0.000,516,0.000,0.035,2605,417,3413,3442,3384,0,0,0,0,0,0,26.11,24.82,26.13,9.12,54.96
$GC,1145,-0.83,-146.6,2605,417,3443,3384,105.0,-6.1,80,1149,0.00,2.10,0.00,0.000,1030,0.000,0.021,2595,1813,3413,3443,3384,0,0,0,0,0,0,25.34,25.29,25.37,9.12,54.44
$GC,1349,-0.83,-146.6,2595,1813,3445,3384,116.7,-5.5,90,1353,0.00,2.22,0.00,0.000,260,0.000,0.037,2586,3192,3414,3445,3384,0,0,0,0,0,0,26.13,24.81,26.14,9.10,54.48
$GC,1521,-0.83,-146.6,2585,3192,3446,3385,126.4,-6.1,98,1527,0.05,2.15,0.00,0.000,3078,0.091,0.028,2613,1816,3415,3445,3385,0,0,0,0,0,0,24.75,25.07,24.84,9.08,54.64
$GC,1719,-0.83,-146.6,2613,1817,3447,3385,138.5,-5.8,108,1726,0.00,2.22,0.00,0.000,260,0.000,0.044,2606,3188,3416,3447,3385,0,0,0,0,0,0,26.15,24.65,26.15,9.07,54.44
$GC,1883,-0.83,-146.6,2605,3188,3448,3386,149.7,-7.1,116,1888,0.00,2.12,0.00,0.000,1030,0.000,0.029,2606,1804,3416,3448,3385,0,0,0,0,0,0,25.14,25.06,25.17,9.05,55.11
$GC,2082,-0.83,-146.6,2605,1804,3449,3386,162.6,-6.1,126,2087,0.00,2.28,0.00,0.000,516,0.000,0.041,2606,394,3417,3449,3386,0,0,0,0,0,0,26.16,24.72,26.16,9.03,55.04
$GC,2155,-0.83,-146.6,2605,394,3449,3386,166.3,-5.7,129,2159,0.00,2.17,0.00,0.000,1030,0.000,0.026,2596,1787,3417,3449,3386,0,0,0,0,0,0,25.21,25.18,25.27,9.03,55.98
$GC,2352,-0.83,-146.6,2596,1787,3449,3386,176.4,-5.2,139,2358,0.00,2.28,0.00,0.000,260,0.000,0.037,2586,3207,3417,3449,3386,0,0,0,0,0,0,26.17,24.82,26.17,9.03,55.55
$GC,2447,-0.83,-146.6,2585,3207,3450,3386,181.0,-5.4,143,2456,0.10,2.17,0.00,0.000,3078,0.129,0.029,2616,1779,3417,3449,3386,0,0,0,0,0,0,24.82,25.08,24.89,9.02,55.19
$GC,2635,-0.89,-146.6,2615,1779,3450,3386,194.6,-7.4,153,2641,0.00,2.33,0.00,0.000,260,0.000,0.045,2609,3199,3418,3450,3386,0,0,0,0,0,0,26.17,24.61,26.18,9.01,56.14
$GC,2709,-0.89,-146.6,2608,3199,3450,3386,198.8,-6.9,156,2717,0.00,2.10,0.00,0.000,1030,0.000,0.022,2609,1797,3418,3450,3386,0,0,0,0,0,0,25.35,25.29,25.37,9.01,56.30
$GC,2918,-0.94,-146.6,2608,1797,3450,3386,213.7,-6.7,162,2919,0.00,0.00,0.00,0.000,6,0.000,0.000,2609,1797,3418,3450,3386,0,0,0,0,0,0,26.18,26.19,26.19,9.00,57.60
$GC,3116,-1.00,-146.6,2608,1797,3450,3386,225.6,-5.9,167,3122,0.10,2.28,0.00,0.000,4356,0.073,0.044,2503,3198,3418,3450,3386,0,0,0,0,0,0,25.96,24.72,25.96,8.98,57.44
$GC,3162,-1.00,-146.6,2503,3198,3450,3386,228.7,-6.1,168,3168,0.17,2.10,0.00,0.000,3078,0.122,0.023,2557,1798,3418,3450,3386,0,0,0,0,0,0,24.73,25.28,24.82,8.98,57.52
$GC,3367,-1.00,-146.6,2556,1797,3450,3386,242.5,-6.8,173,3372,0.00,2.20,0.00,0.000,516,0.000,0.036,2557,414,3418,3450,3386,0,0,0,0,0,0,26.19,24.84,26.20,8.98,57.95
$GC,3400,-1.00,-146.6,2556,414,3450,3386,242.5,-6.8,173,3409,0.00,2.12,0.00,0.000,1030,0.000,0.023,2550,1813,3418,3450,3386,0,0,0,0,0,0,25.32,25.25,25.34,8.97,57.67
$GC,3614,-1.00,-146.6,2549,1812,3449,3386,259.0,-6.7,179,3621,0.00,2.20,0.00,0.000,260,0.000,0.038,2539,3194,3418,3450,3386,0,0,0,0,0,0,26.19,24.82,26.20,8.96,58.38
$GC,3709,-1.00,-146.6,2539,3194,3449,3386,264.4,-6.6,181,3714,0.00,2.10,0.00,0.000,1030,0.000,0.023,2539,1799,3417,3449,3386,0,0,0,0,0,0,25.34,25.28,25.37,8.95,58.54
$GC,3901,-1.00,-146.6,2539,1797,3449,3386,277.2,-6.4,186,3907,0.00,2.20,0.00,0.000,516,0.000,0.036,2539,414,3417,3448,3386,0,0,0,0,0,0,26.20,24.83,26.20,8.94,58.26
$GC,3935,-1.00,-146.6,2539,414,3449,3386,277.2,-6.4,186,3944,0.10,2.10,0.00,0.000,3078,0.141,0.024,2559,1799,3417,3449,3386,0,0,0,0,0,0,24.92,25.27,24.98,8.95,58.70
$GC,4142,-1.00,-146.6,2558,1799,3448,3386,295.4,-7.8,192,4148,0.00,2.25,0.00,0.000,260,0.000,0.038,2551,3203,3417,3448,3386,0,0,0,0,0,0,26.20,24.82,26.20,8.94,58.93
$GC,4206,-1.00,-146.6,2550,3203,3447,3386,298.7,-8.0,193,4210,0.00,2.12,0.00,0.000,1030,0.000,0.023,2551,1792,3416,3446,3386,0,0,0,0,0,0,25.34,25.28,25.37,8.94,59.21
$GC,4425,-1.00,-146.6,2550,1791,3446,3385,320.3,-9.1,199,4429,0.00,2.25,0.00,0.000,516,0.000,0.037,2551,396,3416,3446,3386,0,0,0,0,0,0,26.20,24.82,26.20,8.93,59.17
$GC,4473,-1.00,-146.6,2550,396,3446,3385,324.4,-9.2,200,4478,0.00,2.15,0.00,0.000,1030,0.000,0.024,2542,1801,3416,3446,3386,0,0,0,0,0,0,25.32,25.25,25.34,8.93,59.92
$GC,4674,-1.00,-146.6,2541,1800,3444,3386,342.3,-8.6,205,4681,0.00,2.25,0.00,0.000,260,0.000,0.038,2532,3205,3415,3444,3386,0,0,0,0,0,0,26.20,24.82,26.21,8.92,60.31
$GC,4724,-1.00,-146.6,2531,3204,3444,3386,345.8,-8.5,206,4731,0.10,2.12,0.00,0.000,3078,0.135,0.023,2562,1790,3415,3444,3386,0,0,0,0,0,0,24.95,25.27,25.01,8.91,59.80
$GC,4916,-1.00,-146.6,2561,1789,3443,3386,360.9,-7.5,211,4920,0.00,2.20,0.00,0.000,516,0.000,0.037,2562,416,3414,3443,3386,0,0,0,0,0,0,26.20,24.82,26.21,8.92,60.00
$GC,4959,-1.00,-146.6,2561,414,3443,3386,364.3,-7.5,212,4966,0.00,2.12,0.00,0.000,1030,0.000,0.024,2555,1809,3414,3443,3386,0,0,0,0,0,0,25.32,25.26,25.34,8.91,60.51
$GC,5161,-1.00,-146.6,2554,1808,3442,3386,378.2,-6.9,217,5168,0.00,2.22,0.00,0.000,260,0.000,0.039,2545,3196,3414,3442,3386,0,0,0,0,0,0,26.20,24.82,26.21,8.90,60.35
$GC,5216,-1.00,-146.6,2544,3196,3441,3386,380.8,-6.7,218,5220,0.00,2.12,0.00,0.000,1030,0.000,0.023,2545,1791,3413,3441,3386,0,0,0,0,0,0,25.34,25.27,25.36,8.90,60.75
$GC,5404,-1.00,-146.6,2544,1790,3441,3386,393.1,-6.0,223,5408,0.00,2.20,0.00,0.000,516,0.000,0.037,2545,415,3413,3441,3386,0,0,0,0,0,0,26.20,24.82,26.21,8.90,60.43
$GC,5456,-1.00,-146.6,2544,414,3441,3385,396.0,-6.2,224,5463,0.00,2.12,0.00,0.000,1030,0.000,0.024,2536,1803,3413,3440,3386,0,0,0,0,0,0,25.32,25.26,25.34,8.89,60.94
$GC,5648,-1.00,-146.6,2535,1803,3439,3386,409.2,-6.7,229,5655,0.00,2.25,0.00,0.000,260,0.000,0.038,2526,3206,3412,3438,3386,0,0,0,0,0,0,26.21,24.82,26.22,8.89,60.35
$GC,5718,-1.00,-146.6,2525,3206,3437,3386,412.0,-6.8,230,5729,0.12,2.12,0.00,0.000,3078,0.129,0.023,2563,1797,3411,3437,3386,0,0,0,0,0,0,24.87,25.27,24.95,8.89,60.35
$GC,5930,-1.00,-146.6,2563,1797,3437,3385,429.4,-7.4,236,5931,0.00,0.00,0.00,0.000,6,0.000,0.000,2563,1797,3411,3436,3386,0,0,0,0,0,0,26.21,26.22,26.22,8.88,61.38
$GC,6130,-1.00,-146.6,2563,1797,3436,3384,445.8,-8.3,241,6132,0.00,0.00,0.00,0.000,6,0.000,0.000,2563,1797,3410,3436,3384,0,0,0,0,0,0,26.21,26.22,26.22,8.88,60.78
$GC,6329,-1.00,-146.6,2563,1797,3436,3383,461.9,-7.9,246,6334,0.00,2.25,0.00,0.000,516,0.000,0.037,2564,420,3410,3437,3383,0,0,0,0,0,0,26.21,24.79,26.22,8.87,61.06
$GC,6378,-1.00,-146.6,2563,419,3436,3383,465.4,-7.9,247,6385,0.00,2.12,0.00,0.000,1030,0.000,0.024,2555,1807,3409,3435,3383,0,0,0,0,0,0,25.32,25.25,25.34,8.88,61.26
$GC,6576,-1.00,-146.6,2555,1807,3435,3382,480.3,-7.4,252,6582,0.00,2.22,0.00,0.000,260,0.000,0.039,2546,3194,3408,3435,3382,0,0,0,0,0,0,26.21,24.81,26.22,8.87,61.34
$GC,6722,-1.00,-146.6,2545,3194,3434,3381,489.0,-7.2,255,6729,0.00,2.12,0.00,0.000,1030,0.000,0.024,2546,1792,3407,3434,3381,0,0,0,0,0,0,25.32,25.25,25.34,8.86,61.38
$GC,6940,-1.00,-146.6,2545,1792,3434,3380,505.3,-6.7,261,6941,0.00,0.00,0.00,0.000,6,0.000,0.000,2546,1792,3407,3434,3380,0,0,0,0,0,0,26.22,26.22,26.22,8.86,61.22
$GC,7138,-1.00,-146.6,2545,1792,3433,3380,518.8,-6.8,266,7143,0.00,2.28,0.00,0.000,260,0.000,0.039,2536,3201,3405,3432,3379,0,0,0,0,0,0,26.22,24.79,26.22,8.86,62.16
$GC,7183,-1.00,-146.6,2535,3201,3432,3379,521.9,-6.9,267,7188,0.00,2.12,0.00,0.000,1030,0.000,0.024,2536,1794,3405,3432,3379,0,0,0,0,0,0,25.32,25.26,25.35,8.86,61.65
$GC,7387,-1.00,-146.6,2535,1794,3432,3379,537.1,-7.5,272,7392,0.00,2.22,0.00,0.000,516,0.000,0.038,2535,415,3405,3432,3378,0,0,0,0,0,0,26.22,24.77,26.22,8.85,62.08
$GC,7415,-1.00,-146.6,2535,415,3432,3378,537.1,-7.5,272,7422,0.10,2.12,0.00,0.000,3078,0.144,0.024,2556,1801,3405,3432,3379,0,0,0,0,0,0,24.88,25.23,24.95,8.85,61.65
$GC,7633,-1.00,-146.6,2556,1800,3432,3378,556.3,-7.9,278,7639,0.00,2.25,0.00,0.000,260,0.000,0.039,2549,3199,3404,3431,3377,0,0,0,0,0,0,26.22,24.79,26.22,8.84,62.60
$GC,7759,-1.00,-146.6,2548,3199,3431,3376,566.2,-8.1,281,7764,0.00,2.15,0.00,0.000,1030,0.000,0.024,2548,1803,3404,3431,3377,0,0,0,0,0,0,25.34,25.25,25.36,8.84,62.20
$GC,7959,-1.00,-146.6,2548,1802,3431,3376,583.1,-8.3,286,7960,0.00,0.00,0.00,0.000,6,0.000,0.000,2548,1802,3403,3431,3376,0,0,0,0,0,0,26.22,26.22,26.22,8.83,62.48
$GC,8158,-1.00,-146.6,2548,1802,3431,3376,599.8,-8.4,291,8163,0.00,2.28,0.00,0.000,260,0.000,0.040,2538,3200,3403,3431,3376,0,0,0,0,0,0,26.22,24.77,26.22,8.83,62.20
$GC,8202,-1.00,-146.6,2538,3200,3430,3376,603.4,-8.4,292,8207,0.00,2.15,0.00,0.000,1030,0.000,0.024,2538,1803,3403,3430,3376,0,0,0,0,0,0,25.28,25.26,25.35,8.83,62.40
$GC,8406,-1.00,-146.6,2538,1803,3430,3376,619.7,-8.0,297,8408,0.00,0.00,0.00,0.000,6,0.000,0.000,2538,1803,3402,3430,3375,0,0,0,0,0,0,26.22,26.23,26.22,8.83,62.56
$GC,8608,-1.00,-146.6,2538,1803,3430,3374,634.8,-7.6,302,8609,0.00,0.00,0.00,0.000,6,0.000,0.000,2538,1803,3402,3429,3375,0,0,0,0,0,0,26.22,26.23,26.22,8.82,62.83
$GC,8806,-1.00,-146.6,2537,1803,3429,3374,650.0,-7.5,307,8808,0.00,0.00,0.00,0.000,6,0.000,0.000,2538,1803,3401,3429,3374,0,0,0,0,0,0,26.22,26.23,26.22,8.82,62.64
$GC,9007,-1.00,-146.6,2538,1803,3428,3373,665.0,-7.6,312,9013,0.00,2.28,0.00,0.000,260,0.000,0.040,2528,3203,3400,3427,3373,0,0,0,0,0,0,26.22,24.75,26.22,8.81,62.71
$GC,9048,-1.00,-146.6,2528,3202,3427,3373,668.1,-7.5,313,9055,0.10,2.12,0.00,0.000,3078,0.136,0.024,2558,1797,3400,3427,3373,0,0,0,0,0,0,24.91,25.24,24.97,8.81,62.91
$GC,9251,-1.00,-146.6,2557,1797,3426,3372,683.0,-7.4,318,9257,0.00,2.25,0.00,0.000,516,0.000,0.038,2558,409,3399,3427,3372,0,0,0,0,0,0,26.22,24.72,26.22,8.81,63.27
$GC,9279,-1.00,-146.6,2558,409,3426,3372,683.0,-7.4,318,9290,0.00,2.15,0.00,0.000,1030,0.000,0.024,2551,1806,3399,3426,3373,0,0,0,0,0,0,25.27,25.20,25.29,8.80,63.30
$GC,9492,-1.00,-146.6,2551,1806,3426,3371,700.8,-7.3,324,9498,0.00,2.25,0.00,0.000,260,0.000,0.039,2541,3199,3398,3425,3371,0,0,0,0,0,0,26.22,24.75,26.23,8.80,62.95
$GC,9601,-1.00,-146.6,2540,3199,3424,3370,706.5,-7.1,326,9606,0.00,2.12,0.00,0.000,1030,0.000,0.024,2541,1801,3398,3425,3371,0,0,0,0,0,0,25.29,25.23,25.32,8.80,62.79
$GC,9815,-1.00,-146.6,2540,1801,3424,3369,724.4,-7.4,332,9822,0.00,2.25,0.00,0.000,516,0.000,0.039,2541,412,3397,3424,3370,0,0,0,0,0,0,26.22,24.70,26.23,8.80,63.07
$GC,9859,-1.00,-146.6,2541,412,3424,3369,727.4,-7.3,333,9865,0.10,2.15,0.00,0.000,3078,0.138,0.024,2561,1809,3396,3424,3369,0,0,0,0,0,0,24.87,25.19,24.93,8.79,63.46
$GC,10060,-1.05,-146.6,2560,1808,3423,3368,742.1,-7.2,338,10068,0.00,2.25,0.00,0.000,260,0.000,0.039,2553,3194,3395,3423,3368,0,0,0,0,0,0,26.22,24.74,26.22,8.79,63.15
$GC,10137,-1.05,-146.6,2553,3194,3423,3367,745.3,-7.2,339,10144,0.00,2.12,0.00,0.000,1030,0.000,0.024,2553,1790,3395,3422,3368,0,0,0,0,0,0,25.28,25.22,25.31,8.79,63.15
$GC,10342,-1.05,-146.6,2552,1790,3423,3367,762.5,-7.3,345,10344,0.00,0.00,0.00,0.000,6,0.000,0.000,2553,1790,3395,3423,3367,0,0,0,0,0,0,26.22,26.22,26.22,8.79,63.78
$GC,10543,-1.05,-146.6,2553,1790,3422,3367,777.4,-7.5,350,10544,0.00,0.00,0.00,0.000,6,0.000,0.000,2553,1790,3394,3422,3367,0,0,0,0,0,0,26.22,26.23,26.22,8.79,64.01
$GC,10744,-1.05,-146.6,2553,1790,3422,3367,792.4,-7.6,355,10745,0.00,0.00,0.00,0.000,6,0.000,0.000,2553,1790,3393,3421,3366,0,0,0,0,0,0,26.22,26.23,26.22,8.78,63.90
$GC,10942,-1.05,-146.6,2553,1790,3422,3366,807.7,-7.6,360,10944,0.00,0.00,0.00,0.000,6,0.000,0.000,2553,1790,3394,3422,3366,0,0,0,0,0,0,26.22,26.23,26.22,8.77,63.66
$GC,11142,-1.05,-146.6,2553,1790,3421,3365,823.3,-7.8,365,11144,0.00,0.00,0.00,0.000,6,0.000,0.000,2553,1790,3393,3422,3365,0,0,0,0,0,0,26.22,26.23,26.22,8.77,64.37
$GC,11343,-1.05,-146.6,2553,1790,3421,3365,838.9,-7.7,370,11347,0.00,2.30,0.00,0.000,260,0.000,0.041,2543,3202,3393,3421,3365,0,0,0,0,0,0,26.22,24.69,26.23,8.77,64.56
$GC,11395,-1.05,-146.6,2543,3202,3420,3365,842.4,-7.7,371,11402,0.00,2.15,0.00,0.000,1030,0.000,0.024,2543,1798,3392,3420,3365,0,0,0,0,0,0,25.25,25.18,25.27,8.77,64.76
$GC,11589,-1.05,-146.6,2542,1798,3420,3365,857.6,-7.6,376,11596,0.00,2.25,0.00,0.000,516,0.000,0.040,2543,416,3392,3420,3365,0,0,0,0,0,0,26.22,24.64,26.22,8.77,64.29
$GC,11624,-1.05,-146.6,2542,416,3420,3364,857.6,-7.6,376,11632,0.00,2.12,0.00,0.000,1030,0.000,0.026,2534,1798,3392,3420,3365,0,0,0,0,0,0,25.21,25.14,25.24,8.76,64.49
$GC,11830,-1.05,-146.6,2533,1798,3420,3364,876.0,-7.6,382,11837,0.00,2.28,0.00,0.000,260,0.000,0.040,2524,3202,3392,3420,3364,0,0,0,0,0,0,26.22,24.68,26.22,8.76,64.29
$GC,11961,-1.05,-146.6,2523,3202,3418,3364,885.2,-7.5,385,11966,0.00,2.15,0.00,0.000,1030,0.000,0.024,2524,1797,3391,3419,3364,0,0,0,0,0,0,25.23,25.17,25.26,8.76,64.37
$GC,12156,-1.05,-146.6,2523,1798,3419,3363,900.5,-7.5,390,12157,0.00,0.00,0.00,0.000,6,0.000,0.000,2523,1798,3391,3419,3363,0,0,0,0,0,0,26.22,26.23,26.23,8.76,64.49
$GC,12356,-1.05,-146.6,2523,1798,3419,3362,915.2,-7.4,395,12357,0.00,0.00,0.00,0.000,6,0.000,0.000,2524,1798,3391,3419,3363,0,0,0,0,0,0,26.22,26.22,26.23,8.76,64.60
$GC,12556,-1.05,-146.6,2523,1798,3418,3362,929.7,-7.3,400,12561,0.00,2.28,0.00,0.000,260,0.000,0.041,2513,3197,3390,3418,3362,0,0,0,0,0,0,26.22,24.66,26.22,8.75,64.13
$GC,12609,-1.05,-146.6,2513,3197,3418,3362,932.7,-7.2,401,12615,0.10,2.15,0.00,0.000,3078,0.141,0.024,2543,1795,3390,3418,3362,0,0,0,0,0,0,24.82,25.16,24.88,8.75,64.72
$GC,12802,-1.05,-146.6,2542,1796,3418,3362,946.6,-7.0,406,12808,0.00,2.25,0.00,0.000,516,0.000,0.040,2543,416,3390,3418,3362,0,0,0,0,0,0,26.22,24.60,26.22,8.75,64.41
$GC,12871,-1.05,-146.6,2542,416,3418,3361,949.8,-7.0,407,12877,0.00,2.15,0.00,0.000,1030,0.000,0.026,2536,1804,3389,3417,3361,0,0,0,0,0,0,25.18,25.11,25.20,8.75,64.45
$GC,13088,-1.05,-146.6,2536,1804,3417,3361,966.3,-6.9,413,13094,0.00,2.28,0.00,0.000,260,0.000,0.040,2526,3201,3388,3417,3360,0,0,0,0,0,0,26.22,24.65,26.22,8.74,65.31
$GC,13147,-1.05,-146.6,2525,3201,3417,3360,969.1,-6.9,414,13152,0.00,2.17,0.00,0.000,1030,0.000,0.024,2526,1803,3388,3417,3360,0,0,0,0,0,0,25.19,25.16,25.25,8.75,64.13
$GC,13372,-1.05,-146.6,2525,1802,3416,3359,985.7,-6.8,420,13373,0.00,0.00,0.00,0.000,6,0.000,0.000,2526,1802,3388,3417,3360,0,0,0,0,0,0,26.22,26.23,26.22,8.74,65.08
$STATE,13448,end dive,TARGET_DEPTH_EXCEEDED
$STATE,13448,begin apogee
$GC,13456,-0.42,0.0,2523,2254,3417,3360,991.4,-7.0,422,13604,0.70,0.00,143.95,1.333,10246,0.104,0.000,2745,2254,2805,2896,2714,0,0,0,0,0,0,24.06,22.37,21.36,8.75,65.39
$STATE,13605,end apogee,CONTROL_FINISHED_OK
$STATE,13605,begin climb
$GC,13608,1.09,146.6,2745,2254,2894,2713,996.4,0.0,425,13785,1.55,2.60,158.75,1.258,10500,0.067,0.042,3232,3642,2205,2290,2121,0,0,0,0,1,0,22.68,22.34,21.30,8.69,63.78
$GC,13950,0.98,169.7,3232,3641,2286,2121,973.0,8.9,434,13984,0.15,2.33,25.77,1.208,13318,0.135,0.023,3202,2241,2112,2200,2024,0,0,0,0,0,0,23.02,23.46,21.70,8.64,62.87
$GC,14181,1.01,199.3,3202,2242,2199,2024,952.1,8.6,440,14219,0.00,2.47,32.50,1.228,8708,0.000,0.034,3210,865,1989,2097,1882,0,0,0,0,0,0,24.25,22.77,21.75,8.62,63.42
$GC,14266,1.04,227.4,3210,864,2097,1883,944.5,8.7,442,14305,0.00,2.38,30.95,1.212,9222,0.000,0.028,3210,2249,1875,2000,1751,0,0,0,0,0,0,23.20,23.11,21.58,8.61,63.30
$GC,14506,1.05,235.2,3209,2249,1999,1751,921.4,9.6,448,14519,0.00,0.00,9.02,1.063,8454,0.000,0.000,3210,2249,1844,1972,1717,0,0,0,0,0,0,24.25,23.22,22.17,8.61,63.70
$GC,14704,1.05,235.2,3209,2249,1971,1717,901.5,10.0,453,14706,0.00,0.00,0.00,0.000,6,0.000,0.000,3210,2249,1844,1972,1717,0,0,0,0,0,0,24.61,24.62,24.62,8.60,64.41
$GC,14904,1.05,236.5,3209,2248,1971,1717,881.6,9.9,458,14911,0.00,2.33,0.00,0.000,516,0.000,0.035,3219,862,1844,1972,1717,0,0,0,0,0,0,25.06,23.89,25.07,8.59,65.27
$GC,14959,1.05,238.9,3219,862,1972,1717,877.6,9.9,459,14972,0.00,2.28,5.12,0.898,9222,0.000,0.028,3219,2254,1830,1956,1704,0,0,0,0,0,0,24.15,24.06,22.77,8.59,64.88
$GC,15186,1.05,241.4,3219,2254,1957,1703,854.0,9.9,465,15191,0.00,2.38,0.00,0.000,260,0.000,0.044,3219,3656,1829,1956,1703,0,0,0,0,0,0,25.38,24.02,25.39,8.59,65.67
$GC,15231,1.05,241.6,3219,3656,1956,1703,849.3,10.0,466,15236,0.00,2.22,0.00,0.000,1030,0.000,0.024,3229,2249,1829,1956,1703,0,0,0,0,0,0,24.56,24.49,24.58,8.59,65.00
$GC,15435,1.05,241.6,3228,2250,1957,1703,828.8,10.0,471,15437,0.00,0.00,0.00,0.000,6,0.000,0.000,3228,2250,1829,1956,1703,0,0,0,0,0,0,25.75,25.76,25.75,8.59,65.39
$GC,15635,1.05,241.6,3228,2250,1956,1703,808.6,10.2,476,15637,0.00,0.00,0.00,0.000,6,0.000,0.000,3229,2250,1829,1956,1703,0,0,0,0,0,0,25.94,25.95,25.94,8.58,65.71
$GC,15837,1.05,241.6,3228,2250,1956,1703,787.9,10.3,481,15843,0.00,2.25,0.00,0.000,516,0.000,0.036,3238,855,1830,1957,1703,0,0,0,0,0,0,26.04,24.48,26.05,8.58,66.38
$GC,15885,1.05,241.6,3238,855,1957,1703,783.5,10.3,482,15890,0.00,2.20,0.00,0.000,1030,0.000,0.029,3238,2251,1829,1956,1703,0,0,0,0,0,0,24.81,24.72,24.84,8.58,65.90
$GC,16079,1.05,241.6,3238,2251,1956,1703,762.2,10.5,487,16085,0.00,2.25,0.00,0.000,516,0.000,0.036,3247,858,1830,1957,1703,0,0,0,0,0,0,26.10,24.53,26.11,8.57,65.67
$GC,16122,1.05,241.6,3246,858,1956,1703,758.0,10.5,488,16132,0.00,2.20,4.25,0.789,9222,0.000,0.029,3247,2260,1819,1949,1690,0,0,0,0,0,0,24.84,24.76,23.58,8.58,65.86
$GC,16321,1.05,241.6,3246,2260,1947,1690,737.0,10.5,493,16327,0.00,2.30,0.00,0.000,260,0.000,0.044,3247,3648,1819,1948,1690,0,0,0,0,0,0,26.13,24.46,26.15,8.57,65.98
$GC,16364,1.05,241.6,3246,3649,1948,1690,732.6,10.4,494,16369,0.12,2.17,0.00,0.000,5126,0.136,0.024,3220,2236,1819,1948,1690,0,0,0,0,0,0,24.56,25.01,24.64,8.57,65.67
$GC,16559,1.05,241.6,3220,2235,1948,1690,712.8,10.0,499,16563,0.00,2.20,0.00,0.000,516,0.000,0.037,3228,866,1819,1948,1690,0,0,0,0,0,0,26.14,24.56,26.15,8.57,65.86
$GC,16595,1.05,241.6,3228,864,1948,1690,712.8,10.0,499,16603,0.00,2.15,0.00,0.000,1030,0.000,0.029,3228,2249,1819,1948,1690,0,0,0,0,0,0,24.88,24.79,24.91,8.57,65.39
$GC,16802,1.06,250.2,3227,2249,1948,1690,689.4,9.6,505,16818,0.00,2.30,10.55,1.060,8452,0.000,0.044,3228,3653,1783,1915,1651,0,0,0,0,0,0,26.14,24.85,23.65,8.57,65.94
$GC,16872,1.07,259.1,3228,3653,1914,1650,685.5,9.6,506,16889,0.00,2.17,10.30,1.041,9222,0.000,0.024,3237,2244,1746,1885,1608,0,0,0,0,0,0,25.10,25.03,23.56,8.56,65.51
$GC,17084,1.08,267.8,3237,2244,1884,1607,662.2,9.6,512,17096,0.00,0.00,9.85,1.027,8198,0.000,0.000,3237,2244,1712,1855,1570,0,0,0,0,0,0,26.13,24.77,23.68,8.56,65.67
$GC,17285,1.09,279.9,3237,2244,1854,1569,643.2,9.4,517,17305,0.00,2.25,12.98,1.055,8708,0.000,0.036,3247,866,1661,1808,1514,0,0,0,0,0,0,26.13,24.74,23.61,8.56,65.79
$GC,17333,1.11,293.8,3247,866,1808,1514,639.5,9.4,518,17354,0.00,2.20,14.52,1.052,9222,0.000,0.029,3247,2255,1605,1757,1453,0,0,0,0,0,0,24.88,24.79,23.34,8.55,66.02
$GC,17565,1.17,300.6,3247,2255,1757,1452,616.3,9.7,524,17574,0.00,0.00,7.72,0.944,8198,0.000,0.000,3247,2255,1578,1733,1424,0,0,0,0,0,0,26.10,24.84,23.75,8.55,65.43
$GC,17767,1.23,309.3,3247,2255,1730,1423,597.2,9.6,529,17781,0.00,2.25,9.27,0.976,8708,0.000,0.035,3257,860,1542,1699,1385,0,0,0,0,0,0,26.10,24.50,23.76,8.55,65.71
$GC,17916,1.29,314.3,3256,860,1699,1386,585.7,9.8,532,17929,0.08,2.17,6.25,0.876,11270,0.088,0.029,3323,2258,1521,1680,1363,0,0,0,0,0,0,25.08,25.09,23.82,8.54,65.51
$GC,18128,1.29,314.3,3323,2258,1678,1363,558.6,11.3,538,18130,0.00,0.00,0.00,0.000,6,0.000,0.000,3323,2258,1521,1679,1363,0,0,0,0,0,0,26.08,26.10,26.09,8.54,65.43
$GC,18329,1.29,314.3,3323,2258,1678,1363,534.9,11.8,543,18333,0.00,2.25,0.00,0.000,516,0.000,0.036,3332,857,1520,1678,1363,0,0,0,0,0,0,26.06,24.72,26.07,8.54,65.90
$GC,18413,1.29,314.3,3332,857,1679,1363,524.7,11.9,545,18421,0.12,2.20,0.00,0.000,5126,0.132,0.029,3296,2257,1520,1678,1363,0,0,0,0,0,0,24.55,24.89,24.65,8.54,65.71
$GC,18616,1.29,314.3,3296,2257,1678,1361,501.2,11.6,550,18622,0.00,2.25,0.00,0.000,516,0.000,0.036,3303,862,1520,1678,1362,0,0,0,0,0,0,26.05,24.65,26.06,8.55,66.42
$GC,18657,1.29,314.3,3303,862,1678,1361,496.4,11.6,551,18662,0.00,2.20,0.00,0.000,1030,0.000,0.029,3303,2242,1519,1678,1361,0,0,0,0,0,0,24.91,24.88,24.94,8.54,66.18
$GC,18861,1.29,314.3,3303,2242,1678,1361,472.3,11.9,556,18866,0.00,2.25,0.00,0.000,516,0.000,0.036,3311,869,1519,1678,1361,0,0,0,0,0,0,26.05,24.64,26.06,8.55,66.18
$GC,18946,1.29,314.3,3310,869,1678,1361,462.5,11.8,558,18953,0.00,2.17,0.00,0.000,1030,0.000,0.030,3311,2255,1519,1678,1361,0,0,0,0,0,0,24.92,24.83,24.96,8.55,66.14
$GC,19147,1.29,314.3,3310,2255,1678,1361,439.2,11.5,563,19149,0.00,0.00,0.00,0.000,6,0.000,0.000,3311,2255,1519,1678,1361,0,0,0,0,0,0,26.05,26.06,26.06,8.55,66.14
$GC,19347,1.29,314.3,3310,2255,1678,1360,416.0,11.5,568,19351,0.00,2.28,0.00,0.000,516,0.000,0.036,3320,853,1519,1678,1360,0,0,0,0,0,0,26.06,24.61,26.06,8.55,65.79
$GC,19404,1.29,314.3,3319,853,1679,1360,410.9,11.6,569,19410,0.00,2.20,0.00,0.000,1030,0.000,0.029,3320,2258,1519,1678,1360,0,0,0,0,0,0,24.93,24.84,24.96,8.55,66.22
$GC,19632,1.29,314.3,3319,2258,1678,1360,382.8,11.8,575,19633,0.00,0.00,0.00,0.000,6,0.000,0.000,3320,2258,1519,1678,1360,0,0,0,0,0,0,26.06,26.07,26.07,8.55,65.90
$GC,19830,1.29,314.3,3319,2258,1679,1360,358.9,11.9,580,19835,0.00,2.25,0.00,0.000,516,0.000,0.036,3329,857,1519,1678,1360,0,0,0,0,0,0,26.06,24.60,26.07,8.56,65.59
$GC,19887,1.29,314.3,3328,857,1678,1360,353.6,11.9,581,19892,0.00,2.20,0.00,0.000,1030,0.000,0.029,3328,2259,1519,1678,1360,0,0,0,0,0,0,24.91,24.82,24.94,8.56,65.35
$GC,20111,1.29,314.3,3328,2258,1678,1360,325.3,12.0,587,20112,0.00,0.00,0.00,0.000,6,0.000,0.000,3329,2258,1519,1678,1360,0,0,0,0,0,0,26.07,26.08,26.08,8.56,65.47
$GC,20312,1.29,314.3,3328,2258,1678,1360,302.0,11.6,592,20313,0.00,0.00,0.00,0.000,6,0.000,0.000,3329,2258,1519,1678,1360,0,0,0,0,0,0,26.07,26.08,26.08,8.56,65.39
$GC,20511,1.29,314.3,3328,2258,1678,1359,279.5,11.3,597,20515,0.00,2.28,0.00,0.000,516,0.000,0.036,3338,865,1518,1678,1359,0,0,0,0,0,0,26.08,24.59,26.09,8.57,65.19
$GC,20555,1.29,314.3,3338,865,1678,1359,274.6,11.2,598,20560,0.10,2.20,0.00,0.000,5126,0.125,0.029,3300,2242,1518,1677,1359,0,0,0,0,0,0,24.37,24.82,24.46,8.57,66.14
$GC,20759,1.29,314.3,3299,2242,1678,1359,252.6,10.7,603,20760,0.00,0.00,0.00,0.000,6,0.000,0.000,3300,2242,1518,1678,1359,0,0,0,0,0,0,26.08,26.10,26.09,8.57,65.31
$GC,20961,1.29,314.3,3299,2242,1678,1359,231.5,10.6,608,20968,0.00,2.22,0.00,0.000,516,0.000,0.036,3308,857,1518,1678,1359,0,0,0,0,0,0,26.09,24.59,26.10,8.57,65.43
$GC,21020,1.29,314.3,3307,857,1678,1359,226.9,10.6,609,21024,0.00,2.20,0.00,0.000,1030,0.000,0.029,3308,2260,1518,1678,1359,0,0,0,0,0,0,24.89,24.80,24.92,8.58,65.12
$GC,21238,1.29,314.3,3307,2260,1678,1359,201.5,10.8,615,21240,0.00,0.00,0.00,0.000,6,0.000,0.000,3308,2260,1518,1678,1359,0,0,0,0,0,0,26.09,26.10,26.10,8.58,65.59
$GC,21420,1.29,314.3,3307,2260,1678,1359,181.6,11.4,623,21422,0.00,0.00,0.00,0.000,6,0.000,0.000,3308,2260,1519,1679,1359,0,0,0,0,0,0,26.10,26.11,26.10,8.59,65.35
$GC,21598,1.29,314.3,3307,2260,1678,1359,160.7,11.7,632,21604,0.00,2.25,0.00,0.000,516,0.000,0.036,3317,866,1518,1678,1358,0,0,0,0,0,0,26.10,24.59,26.11,8.59,64.72
$GC,21646,1.29,314.3,3317,866,1679,1359,155.8,11.5,634,21652,0.00,2.17,0.00,0.000,1030,0.000,0.029,3317,2251,1519,1679,1359,0,0,0,0,0,0,24.90,24.82,24.94,8.59,65.47
$GC,21843,1.29,314.3,3317,2250,1678,1359,134.1,10.5,644,21850,0.00,2.33,0.00,0.000,260,0.000,0.045,3317,3658,1518,1678,1359,0,0,0,0,0,0,26.10,24.36,26.11,8.60,65.27
$GC,21878,1.29,314.3,3317,3658,1678,1359,131.8,10.8,645,21886,0.00,2.15,0.00,0.000,1030,0.000,0.023,3327,2242,1518,1678,1359,0,0,0,0,0,0,25.16,25.10,25.18,8.60,64.68
$GC,22065,1.31,339.1,3326,2242,1678,1359,112.1,8.9,655,22090,0.00,0.00,22.38,0.769,8198,0.000,0.000,3327,2242,1422,1588,1256,0,0,0,0,0,0,26.11,24.68,23.81,8.60,64.53
$GC,22265,1.31,339.1,3326,2242,1584,1253,91.4,10.1,665,22270,0.00,2.20,0.00,0.000,516,0.000,0.036,3336,860,1418,1583,1253,0,0,0,0,0,0,26.11,24.84,26.12,8.60,64.29
$GC,22337,1.33,355.4,3336,860,1584,1253,85.6,9.3,668,22357,0.00,2.17,14.40,0.726,9222,0.000,0.028,3337,2259,1356,1525,1187,0,0,0,0,0,0,25.06,24.97,24.01,8.61,64.33
$GC,22546,1.42,447.4,3336,2259,1520,1184,69.1,5.8,679,22665,0.00,0.00,99.20,0.711,8454,0.000,0.000,3337,2259,979,1085,873,0,0,0,0,3,0,26.12,23.71,22.97,8.62,64.72
$GC,22846,1.44,463.3,3336,2259,1078,871,42.6,9.3,698,22870,0.00,2.35,16.17,0.668,8452,0.000,0.044,3337,3647,913,1005,822,0,0,0,0,0,0,25.73,24.43,23.57,8.68,65.86
$GC,22919,1.44,463.3,3336,3647,1003,822,34.9,11.2,705,22928,0.00,2.17,0.00,0.000,1030,0.000,0.022,3346,2244,912,1003,822,0,0,0,0,0,0,24.95,24.89,24.98,8.69,65.90
$GC,23111,1.44,463.3,3346,2244,1000,820,15.1,10.5,724,23116,0.00,2.30,0.00,0.000,260,0.000,0.043,3346,3652,910,1000,821,0,0,0,0,0,0,26.05,24.92,26.06,8.74,64.72
$GC,23145,1.44,463.3,3346,3653,999,820,11.1,10.8,727,23150,0.00,2.17,0.00,0.000,1030,0.000,0.022,3357,2243,910,1000,820,0,0,0,0,0,0,25.34,25.32,25.41,8.74,64.92
$STATE,23236,end climb,SURFACE_DEPTH_REACHED
$STATE,23236,begin surface coast
$FINISH,-0.4,1.022448
$STATE,23268,end surface coast,CONTROL_FINISHED_OK
$STATE,23268,begin surface
$SM_CCo,23350,0.00,0.000,0,0,908,465.58
$SM_GC,0.03,8.50,0.65,0.00,0.033,0.034,0.000,182,1792,908,-8.28,1.58,465.58,0,0,0,0,0,0,25.41,25.44,25.45
$IRIDIUM_FIX,946.92,-14400.77,210525,072435
$TT8_MAMPS,0.026964,0.383488
$HUMID,59.92
$INTERNAL_PRESSURE,8.73208
$TCM_TEMP,19.00
$XPDR_PINGS,0
$ALTIM_TOP_PING,19.3,21.4
$24V_AH,21.30,125.014
$10V_AH,9.64,76.026
$FG_AHR_24Vo,0.000
$FG_AHR_10Vo,0.000
$DEVICES,Pitch_motor,Roll_motor,VBD_pump_during_apogee,VBD_pump_during_surface,VBD_valve,Iridium_during_init,Iridium_during_connect,Iridium_during_xfer,Transponder_ping,GUMSTIX_24V,GPS,TT8,LPSleep,TT8_Active,TT8_Sampling,TT8_CF8,TT8_Kalman,Analog_circuits,GPS_charging,Compass,RAFOS,Transponder,Compass2
$DEVICE_SECS,22.125,266.975,643.925,0.000,0.000,0.000,0.000,280.450,0.250,0.000,19.871,3102.565,16314.657,850.938,2976.213,524.521,0.000,2754.294,0.000,2558.698,0.000,2.766,0.000
$DEVICE_MAMPS,198.900,48.195,1333.395,0.000,0.000,0.000,0.000,93.330,420.000,0.000,30.710,15.210,2.190,15.210,43.670,53.410,0.000,14.000,0.000,8.240,0.000,30.000,0.000
$SENSORS,SBE_CT,WL_blue_red_Chl,AA4330,nil,nil,nil,nil,nil,nil,nil
$SENSOR_SECS,637.919,0.000,987.619,0.000,0.000,0.000,0.000,0.000,0.000,0.000
$SENSOR_MAMPS,22.470,0.000,11.230,0.000,0.000,0.000,0.000,0.000,0.000,0.000
$MEM,311984
$DATA_FILE_SIZE,55678,739
$CAP_FILE_SIZE,246628,0
$CFSIZE,2097872896,1992589312
$ERRORS,0,0,0,0,0,0,0,0,0,0,0,0,0,4,1,0
$CURRENT,0.161,63.64,1
$GPS,051005,204944,950.977,-14402.967,38,0.8,54,9.3,0.8,313.4,10,5.0
