version: 66.14
glider: 195
mission: 21
dive: 487
start: 8 11 105 6 17 41
data:
$ID,195
$MISSION,21
$DIVE,487
$N_DIVES,0
$STOP_T,0
$D_SURF,3
$D_FLARE,2
$D_TGT,990
$D_ABORT,1090
$D_NO_BLEED,50
$D_BOOST,3
$T_BOOST,0
$D_FINISH,0
$D_PITCH,0
$D_SAFE,0
$D_CALL,0
$SURFACE_URGENCY,0
$SURFACE_URGENCY_TRY,0
$SURFACE_URGENCY_FORCE,0
$T_DIVE,330
$T_MISSION,600
$T_ABORT,1440
$T_TURN,300
$T_TURN_SAMPINT,5
$T_NO_W,120
$T_LOITER,0
$T_SLOITER,60
$T_EPIRB,0
$USE_BATHY,0
$USE_ICE,0
$ICE_FREEZE_MARGIN,0.30000001
$D_OFFGRID,990
$T_WATCHDOG,10
$RELAUNCH,1
$APOGEE_PITCH,-8
$MAX_BUOY,150
$COURSE_BIAS,0
$GLIDE_SLOPE,30
$SPEED_FACTOR,1
$RHO,1.023
$MASS,54002
$MASS_COMP,0
$NAV_MODE,2
$FERRY_MAX,45
$KALMAN_USE,2
$HD_A,0.0038000001
$HD_B,0.0099999998
$HD_C,9.8500004e-06
$HEADING,-1
$ESCAPE_HEADING,0
$ESCAPE_HEADING_DELTA,10
$FIX_MISSING_TIMEOUT,0
$TGT_DEFAULT_LAT,4736
$TGT_DEFAULT_LON,-12225
$TGT_AUTO_DEFAULT,0
$SM_CC,300
$N_FILEKB,4
$FILEMGR,0
$CALL_NDIVES,1
$COMM_SEQ,0
$PROTOCOL,9
$N_NOCOMM,1
$NOCOMM_ACTION,0
$N_NOSURFACE,0
$UPLOAD_DIVES_MAX,-1
$CALL_TRIES,5
$CALL_WAIT,60
$CAPUPLOAD,0
$CAPMAXSIZE,200000
$HEAPDBG,0
$T_GPS,15
$N_GPS,50840
$T_RSLEEP,2
$STROBE,0
$RAFOS_PEAK_OFFSET,1.5
$RAFOS_CORR_THRESH,60
$RAFOS_HIT_WINDOW,3600
$RAFOS_MMODEM,0
$PITCH_MIN,207
$PITCH_MAX,3915
$C_PITCH,2884
$PITCH_DBAND,0.1
$PITCH_CNV,0.003125763
$P_OVSHOOT,0.039999999
$P_OVSHOOT_WITHG,0.079999998
$PITCH_GAIN,19.15
$PITCH_TIMEOUT,17
$PITCH_AD_RATE,160
$PITCH_MAXERRORS,1
$PITCH_ADJ_GAIN,0.02
$PITCH_ADJ_DBAND,2.5
$ROLL_MIN,224
$ROLL_MAX,3758
$ROLL_DEG,40
$C_ROLL_DIVE,2000
$C_ROLL_CLIMB,2050
$HEAD_ERRBAND,10
$ROLL_CNV,0.028270001
$ROLL_TIMEOUT,15
$R_PORT_OVSHOOT,46
$R_STBD_OVSHOOT,60
$ROLL_AD_RATE,350
$ROLL_MAXERRORS,2
$ROLL_ADJ_GAIN,0
$ROLL_ADJ_DBAND,0
$VBD_MIN,500
$VBD_MAX,3960
$C_VBD,2806
$VBD_DBAND,2
$VBD_CNV,-0.24529999
$VBD_LP_IGNORE,0
$VBD_TIMEOUT,720
$PITCH_VBD_SHIFT,0.001
$VBD_PUMP_AD_RATE_SURFACE,5
$VBD_PUMP_AD_RATE_APOGEE,4
$VBD_BLEED_AD_RATE,8
$UNCOM_BLEED,60
$VBD_MAXERRORS,1
$W_ADJ_DBAND,0
$DBDW,0
$PITCH_W_GAIN,0
$PITCH_W_DBAND,0
$CF8_MAXERRORS,5
$AH0_24V,150
$AH0_10V,97
$MINV_24V,19
$MINV_10V,8
$MAXI_24V,0.80000001
$MAXI_10V,0.60000002
$FG_AHR_10V,0
$FG_AHR_24V,0
$PHONE_SUPPLY,-2
$PRESSURE_YINT,-49.397121
$PRESSURE_SLOPE,0.0001168043
$AD7714Ch0Gain,128
$TCM_PITCH_OFFSET,0
$TCM_ROLL_OFFSET,0
$COMPASS_USE,4
$ALTIM_BOTTOM_PING_RANGE,0
$ALTIM_TOP_PING_RANGE,20
$ALTIM_BOTTOM_TURN_MARGIN,0
$ALTIM_TOP_TURN_MARGIN,0
$ALTIM_TOP_MIN_OBSTACLE,1
$ALTIM_PING_DEPTH,0
$ALTIM_PING_DELTA,0
$ALTIM_FREQUENCY,13
$ALTIM_PULSE,3
$ALTIM_SENSITIVITY,3
$XPDR_VALID,5
$XPDR_INHIBIT,90
$INT_PRESSURE_SLOPE,0.0097660003
$INT_PRESSURE_YINT,-0.77999997
$DEEPGLIDER,0
$MOTHERBOARD,4
$DEVICE1,2
$DEVICE2,115
$DEVICE3,101
$DEVICE4,-1
$DEVICE5,-1
$DEVICE6,-1
$LOGGERS,0
$LOGGERDEVICE1,-1
$LOGGERDEVICE2,-1
$LOGGERDEVICE3,-1
$LOGGERDEVICE4,-1
$COMPASS_DEVICE,33
$COMPASS2_DEVICE,-1
$PHONE_DEVICE,49
$GPS_DEVICE,32
$RAFOS_DEVICE,-1
$XPDR_DEVICE,24
$SIM_W,0
$SIM_PITCH,0
$SEABIRD_T_G,0.0044178674
$SEABIRD_T_H,0.00064818078
$SEABIRD_T_I,2.6779007e-05
$SEABIRD_T_J,3.3667231e-06
$SEABIRD_C_G,-10.098215
$SEABIRD_C_H,1.1454017
$SEABIRD_C_I,-0.0021276253
$SEABIRD_C_J,0.00025532115
$SEABIRD_C_Z,2974.52
$GPS1,110805,060939,809.9021,-14058.3086,49,0.9,55,9.3,0.4,313.1,9,4.8
$_CALLS,1
$_XMS_NAKs,0
$_XMS_TOUTs,0
$_SM_DEPTHo,0.06
$_SM_ANGLEo,-53.7
$GPS2,110805,061701,809.9253,-14058.3291,8,0.8,29,9.3,0.4,2.2,10,4.5
$SPEED_LIMITS,0.173,0.262
$TGT_NAME,TX2
$TGT_LATLONG,1145.000,-14800.000
$TGT_RADIUS,10000.000
$KALMAN_CONTROL,0.000000,0.000000
$KALMAN_X,0.000000,0.000000,0.000000,0.000000,0.000000
$KALMAN_Y,0.000000,0.000000,0.000000,0.000000,0.000000
$MHEAD_RNG_PITCHd_Wd,273.5,862104,-18.1,-10.000,-20.93,2235
$D_GRID,990
$GCHEAD,st_secs,pitch_ctl,vbd_ctl,pitch_ad_start,roll_ad_start,vbd_pot1_ad_start,vbd_pot2_ad_start,depth,ob_vertv,data_pts,end_secs,pitch_secs,roll_secs,vbd_secs,vbd_i,gcphase,pitch_i,roll_i,pitch_ad,roll_ad,vbd_ad,vbd_pot1_ad,vbd_pot2_ad,pitch_retries,pitch_errors,roll_retries,roll_errors,vbd_retries,vbd_errors,pitch_volts,roll_volts,vbd_volts,int_press,humidity
$STATE,6,end surface,CONTROL_FINISHED_OK
$STATE,7,begin dive
$GC,75,-1.09,-146.6,137,2008,928,766,0.1,-0.1,6,143,0.00,0.00,-65.70,0.000,16386,0.000,0.000,136,2009,2545,2560,2530,0,0,0,0,0,0,26.36,28.83,26.38,8.81,53.78
$GC,147,-1.09,-146.6,136,2009,2563,2531,2.0,-3.8,13,186,9.27,2.17,-21.35,0.000,19204,0.200,0.052,2520,3393,3406,3428,3384,0,0,0,0,0,0,24.76,25.33,25.17,8.99,53.46
$GC,194,-0.56,-146.6,2519,3394,3431,3383,7.4,-12.4,17,202,0.57,2.08,0.00,0.000,3078,0.122,0.019,2702,1955,3407,3431,3383,0,0,0,0,0,0,25.27,26.03,25.48,9.06,52.20
$GC,384,-0.68,-146.6,2701,1955,3434,3383,26.3,-8.9,36,390,0.08,2.03,0.00,0.000,4612,0.094,0.033,2619,628,3408,3433,3383,0,0,0,0,0,0,26.27,25.90,26.29,9.08,53.54
$GC,434,-0.68,-146.6,2618,628,3433,3383,31.6,-11.1,40,442,0.17,2.03,0.00,0.000,3078,0.122,0.024,2668,2001,3408,3434,3383,0,0,0,0,0,0,25.67,26.05,25.80,9.09,53.18
$GC,624,-0.76,-146.6,2667,2000,3435,3383,53.1,-11.4,58,628,0.00,2.08,0.00,0.000,516,0.000,0.032,2667,634,3409,3435,3383,0,0,0,0,0,0,26.53,25.96,26.54,9.11,53.15
$GC,667,-0.82,-146.6,2667,634,3435,3383,58.7,-11.8,60,672,0.08,2.03,0.00,0.000,5126,0.092,0.024,2600,2013,3409,3435,3384,0,0,0,0,0,0,26.04,26.10,26.11,9.11,53.78
$GC,872,-0.82,-146.6,2583,2013,3437,3384,81.0,-9.8,70,877,0.10,2.12,0.00,0.000,2564,0.148,0.031,2614,619,3410,3437,3383,0,0,0,0,0,0,26.08,25.98,26.13,9.12,52.99
$GC,982,-0.82,-146.6,2613,619,3439,3384,89.4,-7.7,75,986,0.00,2.03,0.00,0.000,1030,0.000,0.023,2607,2007,3412,3440,3384,0,0,0,0,0,0,26.20,26.13,26.22,9.12,52.67
$GC,1181,-0.82,-146.6,2606,2007,3442,3384,101.4,-4.8,85,1185,0.00,2.12,0.00,0.000,260,0.000,0.038,2597,3397,3412,3441,3383,0,0,0,0,0,0,26.57,25.95,26.58,9.11,52.91
$GC,1484,-0.82,-146.6,2597,3396,3444,3384,119.2,-6.0,99,1492,0.00,2.00,0.00,0.000,1030,0.000,0.020,2597,1997,3414,3444,3384,0,0,0,0,0,0,26.25,26.20,26.27,9.08,52.75
$GC,1671,-0.82,-146.6,2596,1997,3445,3384,129.8,-5.3,109,1675,0.00,2.15,0.00,0.000,260,0.000,0.038,2586,3394,3414,3445,3384,0,0,0,0,0,0,26.58,25.96,26.58,9.06,51.92
$GC,1818,-0.82,-146.6,2586,3394,3446,3384,138.0,-5.9,116,1825,0.10,2.00,0.00,0.000,3078,0.135,0.019,2618,1986,3414,3446,3383,0,0,0,0,0,0,25.91,26.20,26.01,9.04,51.61
$GC,2020,-0.89,-146.6,2618,1986,3448,3384,151.6,-6.9,126,2024,0.00,2.05,0.00,0.000,516,0.000,0.031,2618,629,3416,3448,3384,0,0,0,0,0,0,26.58,26.01,26.58,9.03,52.59
$GC,2168,-0.89,-146.6,2618,629,3448,3384,162.2,-7.4,133,2173,0.00,2.05,0.00,0.000,1030,0.000,0.023,2611,2006,3416,3448,3384,0,0,0,0,0,0,26.18,26.15,26.20,9.02,53.62
$GC,2368,-0.95,-146.6,2611,2006,3448,3384,176.4,-6.8,143,2373,0.00,2.15,0.00,0.000,260,0.000,0.040,2602,3400,3416,3448,3384,0,0,0,0,0,0,26.58,25.96,26.59,9.01,53.30
$GC,2421,-1.00,-146.6,2601,3400,3448,3384,179.5,-6.8,145,2426,0.08,2.00,0.00,0.000,5126,0.093,0.020,2536,2001,3416,3448,3384,0,0,0,0,0,0,26.12,26.20,26.18,9.00,53.07
$GC,2616,-0.95,-146.6,2515,2001,3447,3384,194.9,-7.9,155,2623,0.20,2.08,0.00,0.000,2564,0.127,0.032,2579,628,3416,3448,3384,0,0,0,0,0,0,25.85,26.01,25.96,8.99,54.13
$GC,2748,-0.95,-146.6,2579,628,3448,3384,204.0,-7.3,160,2752,0.00,2.03,0.00,0.000,1030,0.000,0.023,2572,2011,3416,3448,3384,0,0,0,0,0,0,26.22,26.15,26.25,8.98,54.60
$GC,2942,-0.95,-146.6,2572,2011,3448,3384,218.3,-7.1,165,2946,0.00,2.12,0.00,0.000,260,0.000,0.040,2563,3394,3415,3448,3383,0,0,0,0,0,0,26.58,25.96,26.59,8.97,54.92
$GC,2978,-0.95,-146.6,2562,3394,3448,3384,218.3,-7.1,165,2986,0.00,2.00,0.00,0.000,1030,0.000,0.020,2562,2002,3416,3448,3384,0,0,0,0,0,0,26.26,26.20,26.28,8.97,54.80
$GC,3185,-0.95,-146.6,2562,2003,3448,3384,234.3,-6.5,171,3190,0.00,2.12,0.00,0.000,516,0.000,0.033,2562,625,3415,3448,3383,0,0,0,0,0,0,26.58,26.00,26.59,8.96,55.15
$GC,3325,-0.95,-146.6,2562,625,3448,3383,242.6,-6.6,174,3329,0.00,2.05,0.00,0.000,1030,0.000,0.024,2554,1996,3415,3448,3383,0,0,0,0,0,0,26.17,26.15,26.20,8.95,55.11
$GC,3514,-0.95,-146.6,2553,1996,3447,3383,256.9,-7.1,179,3518,0.00,2.15,0.00,0.000,260,0.000,0.040,2543,3392,3415,3447,3383,0,0,0,0,0,0,26.58,25.95,26.59,8.95,55.27
$GC,3550,-0.95,-146.6,2542,3393,3447,3383,256.9,-7.1,179,3558,0.12,2.00,0.00,0.000,3078,0.135,0.021,2582,2002,3414,3446,3383,0,0,0,0,0,0,25.84,26.20,25.95,8.94,55.78
$GC,3757,-0.95,-146.6,2582,2002,3446,3383,275.0,-7.5,185,3761,0.00,2.10,0.00,0.000,516,0.000,0.034,2583,620,3414,3446,3383,0,0,0,0,0,0,26.58,25.99,26.59,8.94,56.14
$GC,3896,-0.95,-146.6,2582,620,3445,3383,285.0,-8.0,188,3900,0.00,2.03,0.00,0.000,1030,0.000,0.024,2576,2000,3414,3445,3383,0,0,0,0,0,0,26.21,26.14,26.23,8.93,56.49
$GC,4085,-0.95,-146.6,2575,2001,3444,3383,301.3,-8.1,193,4089,0.00,2.15,0.00,0.000,516,0.000,0.034,2576,620,3413,3444,3383,0,0,0,0,0,0,26.58,26.00,26.59,8.92,56.26
$GC,4129,-0.95,-146.6,2575,620,3444,3383,305.1,-8.2,194,4133,0.00,2.08,0.00,0.000,1030,0.000,0.024,2568,2001,3413,3444,3383,0,0,0,0,0,0,26.16,26.15,26.18,8.92,56.53
$GC,4333,-0.95,-146.6,2567,2001,3443,3383,322.2,-8.4,199,4337,0.00,2.20,0.00,0.000,260,0.000,0.041,2557,3393,3413,3443,3383,0,0,0,0,0,0,26.58,25.95,26.59,8.92,56.97
$GC,4505,-0.95,-146.6,2557,3393,3442,3383,336.2,-8.5,203,4510,0.00,2.03,0.00,0.000,1030,0.000,0.021,2557,1993,3412,3442,3383,0,0,0,0,0,0,26.25,26.19,26.27,8.91,57.24
$GC,4699,-0.95,-146.6,2557,1993,3441,3383,352.3,-8.0,208,4703,0.00,2.08,0.00,0.000,516,0.000,0.034,2557,627,3412,3441,3383,0,0,0,0,0,0,26.58,25.98,26.60,8.90,57.12
$GC,4828,-0.95,-146.6,2557,627,3441,3383,362.2,-7.9,211,4833,0.00,2.03,0.00,0.000,1030,0.000,0.024,2549,2002,3412,3441,3383,0,0,0,0,0,0,26.20,26.13,26.23,8.90,57.24
$GC,5029,-0.95,-146.6,2549,2003,3439,3383,377.6,-7.5,216,5031,0.10,0.00,0.00,0.000,2054,0.148,0.000,2579,2003,3411,3439,3383,0,0,0,0,0,0,26.11,26.20,26.16,8.89,57.60
$GC,5228,-1.01,-146.6,2579,2003,3437,3383,391.7,-7.0,221,5233,0.00,2.12,0.00,0.000,516,0.000,0.034,2579,619,3410,3437,3383,0,0,0,0,0,0,26.58,25.98,26.60,8.89,58.03
$GC,5338,-1.06,-146.6,2579,619,3437,3383,398.0,-7.2,223,5343,0.00,2.08,0.00,0.000,1030,0.000,0.024,2573,1999,3409,3436,3383,0,0,0,0,0,0,26.16,26.13,26.18,8.88,57.95
$GC,5558,-1.06,-146.6,2572,1999,3434,3383,415.4,-7.0,229,5563,0.00,2.10,0.00,0.000,516,0.000,0.034,2573,626,3408,3434,3383,0,0,0,0,0,0,26.59,25.98,26.60,8.88,58.07
$GC,5635,-1.06,-146.6,2572,626,3434,3383,418.6,-7.1,230,5643,0.00,2.03,0.00,0.000,1030,0.000,0.024,2565,2002,3408,3433,3383,0,0,0,0,0,0,26.20,26.13,26.22,8.88,58.19
$GC,5843,-1.06,-146.6,2565,2002,3432,3383,435.9,-7.1,236,5844,0.00,0.00,0.00,0.000,6,0.000,0.000,2565,2002,3407,3432,3383,0,0,0,0,0,0,26.58,26.60,26.60,8.87,57.91
$GC,6044,-1.06,-146.6,2565,2002,3432,3383,450.2,-7.1,241,6048,0.00,2.12,0.00,0.000,516,0.000,0.034,2566,625,3407,3432,3383,0,0,0,0,0,0,26.58,25.97,26.60,8.86,58.70
$GC,6136,-1.06,-146.6,2565,625,3431,3383,456.4,-7.2,243,6140,0.00,2.05,0.00,0.000,1030,0.000,0.024,2556,2006,3407,3431,3383,0,0,0,0,0,0,26.19,26.12,26.22,8.86,58.34
$GC,6330,-1.06,-146.6,2555,2006,3431,3381,470.4,-6.9,248,6334,0.00,2.20,0.00,0.000,260,0.000,0.041,2546,3397,3406,3431,3382,0,0,0,0,0,0,26.59,25.91,26.60,8.86,58.82
$GC,6416,-1.06,-146.6,2545,3397,3431,3380,476.6,-7.2,250,6422,0.00,2.08,0.00,0.000,1030,0.000,0.021,2546,2000,3405,3431,3380,0,0,0,0,0,0,26.20,26.17,26.23,8.86,59.21
$GC,6616,-1.06,-146.6,2545,2000,3431,3380,491.8,-7.6,255,6620,0.00,2.12,0.00,0.000,516,0.000,0.034,2545,619,3405,3430,3380,0,0,0,0,0,0,26.58,25.95,26.60,8.85,58.42
$GC,6760,-1.06,-146.6,2545,619,3431,3379,502.0,-8.2,258,6764,0.00,2.10,0.00,0.000,1030,0.000,0.025,2538,2003,3404,3430,3379,0,0,0,0,0,0,26.15,26.11,26.17,8.85,58.34
$GC,6984,-1.06,-146.6,2537,2004,3431,3378,523.0,-8.6,264,6989,0.00,2.17,0.00,0.000,260,0.000,0.041,2527,3399,3404,3430,3378,0,0,0,0,0,0,26.58,25.91,26.60,8.85,59.72
$GC,7037,-1.06,-146.6,2526,3399,3429,3378,527.0,-8.7,265,7041,0.00,2.08,0.00,0.000,1030,0.000,0.021,2527,2005,3403,3429,3378,0,0,0,0,0,0,26.20,26.17,26.22,8.84,58.74
$GC,7231,-1.06,-146.6,2526,2006,3429,3377,544.7,-8.8,270,7236,0.00,2.12,0.00,0.000,516,0.000,0.034,2527,622,3403,3429,3377,0,0,0,0,0,0,26.58,25.94,26.59,8.84,59.17
$GC,7357,-1.06,-146.6,2526,622,3429,3377,555.8,-8.9,273,7362,0.00,2.08,0.00,0.000,1030,0.000,0.025,2517,2013,3403,3429,3377,0,0,0,0,0,0,26.17,26.10,26.20,8.84,59.25
$GC,7562,-1.06,-146.6,2516,2013,3428,3376,573.2,-8.4,278,7563,0.00,0.00,0.00,0.000,6,0.000,0.000,2518,2013,3402,3428,3376,0,0,0,0,0,0,26.59,26.60,26.60,8.83,59.49
$GC,7762,-1.06,-146.6,2517,2013,3427,3376,589.7,-8.2,283,7767,0.00,2.15,0.00,0.000,516,0.000,0.035,2517,616,3401,3427,3376,0,0,0,0,0,0,26.58,25.94,26.60,8.83,59.64
$GC,7897,-1.06,-146.6,2517,616,3427,3375,600.5,-8.5,286,7905,0.12,2.08,0.00,0.000,3078,0.142,0.026,2546,2006,3401,3426,3376,0,0,0,0,0,0,25.74,26.10,25.86,8.82,59.72
$GC,8090,-1.06,-146.6,2545,2005,3426,3375,617.2,-8.2,291,8094,0.00,2.17,0.00,0.000,260,0.000,0.041,2538,3395,3400,3426,3375,0,0,0,0,0,0,26.59,25.89,26.60,8.82,59.29
$GC,8240,-1.06,-146.6,2537,3394,3425,3374,627.8,-8.4,294,8244,0.00,2.05,0.00,0.000,1030,0.000,0.022,2538,1995,3399,3425,3374,0,0,0,0,0,0,26.22,26.15,26.24,8.82,59.84
$GC,8458,-1.06,-146.6,2537,1995,3425,3374,647.9,-8.2,300,8462,0.00,2.12,0.00,0.000,516,0.000,0.035,2537,614,3399,3425,3373,0,0,0,0,0,0,26.59,25.91,26.60,8.82,59.92
$GC,8612,-1.06,-146.6,2537,614,3424,3373,658.3,-8.4,303,8617,0.00,2.08,0.00,0.000,1030,0.000,0.026,2528,2006,3399,3425,3373,0,0,0,0,0,0,26.16,26.09,26.19,8.81,59.96
$GC,8826,-1.06,-146.6,2528,2006,3423,3372,677.4,-7.7,309,8830,0.00,2.15,0.00,0.000,516,0.000,0.035,2528,618,3397,3423,3372,0,0,0,0,0,0,26.58,25.92,26.59,8.80,60.27
$GC,8872,-1.06,-146.6,2528,618,3423,3372,680.9,-7.8,310,8877,0.00,2.08,0.00,0.000,1030,0.000,0.026,2518,2007,3397,3423,3372,0,0,0,0,0,0,26.16,26.08,26.19,8.80,60.08
$GC,9072,-1.06,-146.6,2518,2007,3423,3371,696.3,-7.7,315,9073,0.00,0.00,0.00,0.000,6,0.000,0.000,2518,2007,3397,3423,3371,0,0,0,0,0,0,26.58,26.60,26.59,8.80,60.39
$GC,9272,-1.06,-146.6,2518,2006,3422,3370,711.6,-7.8,320,9277,0.00,2.15,0.00,0.000,516,0.000,0.035,2518,620,3396,3422,3371,0,0,0,0,0,0,26.58,25.91,26.59,8.80,60.43
$GC,9374,-1.06,-146.6,2518,620,3422,3370,718.3,-7.8,322,9380,0.10,2.08,0.00,0.000,3078,0.150,0.026,2539,2004,3396,3422,3370,0,0,0,0,0,0,25.77,26.07,25.89,8.80,60.00
$GC,9600,-1.06,-146.6,2538,2004,3422,3369,737.0,-7.7,328,9601,0.00,0.00,0.00,0.000,6,0.000,0.000,2539,2004,3395,3422,3369,0,0,0,0,0,0,26.59,26.59,26.60,8.79,60.55
$GC,9799,-1.06,-146.6,2538,2004,3421,3367,752.8,-7.9,333,9803,0.00,2.15,0.00,0.000,516,0.000,0.036,2539,615,3394,3422,3367,0,0,0,0,0,0,26.58,25.89,26.60,8.79,60.78
$GC,9907,-1.06,-146.6,2538,613,3421,3368,759.6,-8.2,335,9911,0.00,2.08,0.00,0.000,1030,0.000,0.026,2532,2000,3394,3421,3367,0,0,0,0,0,0,26.15,26.07,26.17,8.78,60.67
$GC,10126,-1.06,-146.6,2531,2000,3421,3367,779.4,-8.2,341,10130,0.00,2.22,0.00,0.000,260,0.000,0.041,2522,3396,3394,3421,3367,0,0,0,0,0,0,26.58,25.86,26.59,8.78,60.71
$GC,10173,-1.06,-146.6,2521,3396,3420,3367,783.1,-8.2,342,10178,0.00,2.05,0.00,0.000,1030,0.000,0.023,2522,2001,3393,3420,3367,0,0,0,0,0,0,26.20,26.13,26.22,8.78,61.34
$GC,10374,-1.06,-146.6,2521,2001,3420,3367,800.0,-8.4,347,10378,0.00,2.15,0.00,0.000,516,0.000,0.037,2522,613,3393,3420,3367,0,0,0,0,0,0,26.58,25.86,26.59,8.78,60.31
$GC,10517,-1.06,-146.6,2521,612,3420,3367,811.0,-8.6,350,10525,0.10,2.08,0.00,0.000,3078,0.151,0.027,2542,1999,3393,3420,3367,0,0,0,0,0,0,25.75,26.06,25.86,8.77,60.27
$GC,10741,-1.06,-146.6,2542,1999,3420,3366,830.3,-7.9,356,10746,0.00,2.15,0.00,0.000,516,0.000,0.037,2542,613,3392,3419,3366,0,0,0,0,0,0,26.58,25.86,26.59,8.77,60.98
$GC,10789,-1.06,-146.6,2542,613,3420,3366,834.0,-7.9,357,10793,0.00,2.08,0.00,0.000,1030,0.000,0.027,2536,2001,3392,3419,3366,0,0,0,0,0,0,26.13,26.05,26.15,8.77,60.78
$GC,10987,-1.06,-146.6,2535,2001,3419,3365,849.3,-7.6,362,10992,0.00,2.20,0.00,0.000,260,0.000,0.042,2526,3399,3392,3419,3365,0,0,0,0,0,0,26.58,25.82,26.59,8.76,60.98
$GC,11010,-1.06,-146.6,2525,3399,3419,3365,849.3,-7.6,362,11015,0.00,2.10,0.00,0.000,1030,0.000,0.023,2526,2003,3392,3419,3365,0,0,0,0,0,0,26.15,26.12,26.17,8.76,60.94
$GC,11235,-1.06,-146.6,2525,2003,3419,3365,868.0,-7.7,368,11239,0.00,2.15,0.00,0.000,516,0.000,0.037,2526,616,3392,3419,3365,0,0,0,0,0,0,26.58,25.84,26.59,8.76,60.90
$GC,11380,-1.06,-146.6,2525,615,3419,3365,878.1,-8.0,371,11385,0.00,2.10,0.00,0.000,1030,0.000,0.027,2516,1993,3391,3418,3364,0,0,0,0,0,0,26.08,26.04,26.10,8.76,60.86
$GC,11604,-1.06,-146.6,2516,1993,3418,3364,898.6,-8.4,377,11610,0.00,2.22,0.00,0.000,260,0.000,0.042,2506,3403,3391,3418,3364,0,0,0,0,0,0,26.58,25.82,26.59,8.76,61.18
$GC,11628,-1.06,-146.6,2505,3403,3417,3364,898.6,-8.4,377,11636,0.12,2.10,0.00,0.000,3078,0.141,0.024,2544,1983,3391,3418,3364,0,0,0,0,0,0,25.71,26.10,25.82,8.76,61.73
$GC,11847,-1.06,-146.6,2543,1983,3417,3364,918.5,-8.2,383,11851,0.00,2.12,0.00,0.000,516,0.000,0.037,2544,621,3390,3417,3364,0,0,0,0,0,0,26.58,25.83,26.59,8.76,62.16
$GC,11993,-1.06,-146.6,2543,621,3417,3364,929.4,-8.7,386,11998,0.00,2.08,0.00,0.000,1030,0.000,0.028,2538,2001,3390,3417,3364,0,0,0,0,0,0,26.10,26.03,26.14,8.75,61.81
$GC,12214,-1.06,-146.6,2537,2000,3417,3362,949.2,-8.1,392,12219,0.00,2.15,0.00,0.000,516,0.000,0.037,2538,619,3389,3416,3363,0,0,0,0,0,0,26.58,25.83,26.59,8.74,61.73
$GC,12276,-1.06,-146.6,2538,619,3417,3363,953.0,-8.2,393,12281,0.00,2.08,0.00,0.000,1030,0.000,0.027,2529,2001,3389,3416,3362,0,0,0,0,0,0,26.10,26.02,26.13,8.75,61.77
$GC,12501,-1.06,-146.6,2528,2001,3416,3361,971.8,-7.7,399,12503,0.00,0.00,0.00,0.000,6,0.000,0.000,2529,2000,3388,3416,3361,0,0,0,0,0,0,26.58,26.59,26.59,8.75,62.16
$GC,12701,-1.06,-146.6,2528,2001,3416,3361,986.2,-7.1,404,12705,0.00,2.15,0.00,0.000,516,0.000,0.037,2529,615,3388,3417,3360,0,0,0,0,0,0,26.58,25.82,26.59,8.74,61.89
$STATE,12781,end dive,TARGET_DEPTH_EXCEEDED
$STATE,12781,begin apogee
$GC,12791,-0.42,0.0,2518,2061,3416,3360,992.2,-7.2,406,12931,0.70,0.00,136.90,1.348,10246,0.106,0.000,2749,2060,2804,2904,2705,0,0,0,0,0,0,25.29,24.16,22.81,8.75,61.34
$STATE,12932,end apogee,CONTROL_FINISHED_OK
$STATE,12933,begin climb
$GC,12936,1.09,146.6,2749,2060,2903,2704,996.6,0.0,409,13089,1.38,2.30,142.05,1.297,10756,0.067,0.037,3243,678,2206,2291,2121,0,0,0,0,0,0,24.80,23.75,22.91,8.69,59.76
$GC,13137,0.86,188.5,3243,678,2291,2121,984.5,8.1,414,13187,0.25,2.10,42.15,1.247,13318,0.126,0.027,3166,2047,2033,2138,1929,0,0,0,0,0,0,25.18,25.49,23.22,8.64,59.01
$GC,13387,0.87,197.6,3166,2047,2138,1929,957.3,9.6,421,13403,0.00,2.28,9.43,1.099,8452,0.000,0.042,3166,3453,1997,2105,1889,0,0,0,0,0,0,26.27,25.10,23.65,8.62,60.08
$GC,13533,0.88,203.6,3166,3453,2104,1889,945.4,9.7,424,13548,0.00,2.10,7.28,1.034,9222,0.000,0.024,3174,2056,1973,2083,1863,0,0,0,0,0,0,26.01,25.94,23.72,8.61,60.51
$GC,13752,0.90,224.3,3173,2056,2083,1863,923.1,9.1,430,13780,0.00,2.28,21.73,1.235,8452,0.000,0.041,3174,3444,1888,2014,1763,0,0,0,0,0,0,26.39,24.98,23.58,8.61,61.30
$GC,13823,0.92,245.6,3173,3444,2014,1763,919.5,9.0,431,13851,0.00,2.15,22.58,1.220,9222,0.000,0.025,3183,2047,1801,1937,1666,0,0,0,0,0,0,25.75,25.72,23.43,8.60,60.71
$GC,14073,1.01,270.5,3182,2047,1937,1665,894.1,8.9,438,14102,0.00,2.28,24.27,1.229,8452,0.000,0.040,3183,3447,1700,1848,1552,0,0,0,0,0,0,26.32,24.41,23.55,8.59,60.90
$GC,14159,1.09,292.4,3182,3447,1848,1552,887.0,9.0,439,14188,0.10,2.12,21.30,1.202,11270,0.079,0.025,3272,2052,1611,1767,1455,0,0,0,0,0,0,25.67,25.71,23.49,8.58,61.26
$GC,14389,1.09,292.4,3271,2052,1766,1454,861.3,10.9,445,14391,0.12,0.00,0.00,0.000,4102,0.130,0.000,3231,2051,1610,1766,1454,0,0,0,0,0,0,25.81,25.94,25.89,8.56,61.77
$GC,14587,1.09,292.4,3231,2052,1766,1454,841.0,10.1,450,14591,0.00,2.20,0.00,0.000,260,0.000,0.042,3231,3448,1610,1767,1454,0,0,0,0,0,0,26.44,25.91,26.45,8.57,61.81
$GC,14688,1.09,292.4,3231,3448,1766,1453,831.9,10.6,452,14692,0.00,2.10,0.00,0.000,1030,0.000,0.025,3239,2046,1609,1766,1453,0,0,0,0,0,0,26.15,26.08,26.17,8.56,61.81
$GC,14911,1.09,292.4,3238,2046,1766,1452,806.3,10.7,458,14916,0.00,2.22,0.00,0.000,260,0.000,0.041,3239,3460,1609,1766,1452,0,0,0,0,0,0,26.52,25.96,26.53,8.56,63.03
$GC,14995,1.09,292.4,3238,3460,1766,1452,796.9,10.9,460,15000,0.00,2.12,0.00,0.000,1030,0.000,0.025,3248,2040,1609,1766,1452,0,0,0,0,0,0,26.20,26.12,26.22,8.56,62.83
$GC,15200,1.09,292.4,3248,2040,1766,1452,774.4,11.1,465,15204,0.00,2.22,0.00,0.000,260,0.000,0.042,3248,3457,1608,1766,1451,0,0,0,0,0,0,26.55,25.96,26.55,8.56,62.79
$GC,15237,1.09,292.4,3248,3457,1766,1451,774.4,11.1,465,15244,0.00,2.10,0.00,0.000,1030,0.000,0.025,3258,2047,1608,1766,1451,0,0,0,0,0,0,26.20,26.13,26.22,8.56,62.16
$GC,15444,1.09,292.4,3257,2047,1766,1451,746.5,11.4,471,15446,0.00,0.00,0.00,0.000,6,0.000,0.000,3257,2047,1609,1767,1451,0,0,0,0,0,0,26.55,26.56,26.57,8.55,62.52
$GC,15645,1.09,292.4,3257,2048,1766,1451,723.9,11.3,476,15649,0.00,2.20,0.00,0.000,260,0.000,0.042,3258,3448,1608,1766,1451,0,0,0,0,0,0,26.56,25.94,26.57,8.55,62.60
$GC,15742,1.09,292.4,3257,3449,1766,1451,713.7,11.7,478,15749,0.10,2.10,0.00,0.000,5126,0.147,0.025,3236,2050,1608,1766,1451,0,0,0,0,0,0,25.84,26.12,25.95,8.55,62.67
$GC,15968,1.09,292.4,3235,2050,1766,1451,687.5,10.8,484,15970,0.00,0.00,0.00,0.000,6,0.000,0.000,3236,2050,1608,1766,1451,0,0,0,0,0,0,26.56,26.58,26.58,8.55,63.07
$GC,16168,1.09,292.4,3235,2050,1766,1451,666.1,10.7,489,16173,0.00,2.20,0.00,0.000,260,0.000,0.043,3236,3449,1608,1766,1451,0,0,0,0,0,0,26.57,25.92,26.58,8.54,63.42
$GC,16260,1.09,292.4,3235,3449,1766,1451,656.7,10.9,491,16264,0.00,2.10,0.00,0.000,1030,0.000,0.025,3242,2050,1608,1766,1450,0,0,0,0,0,0,26.18,26.11,26.20,8.55,63.15
$GC,16454,1.09,292.4,3242,2050,1766,1451,634.5,11.0,496,16455,0.00,0.00,0.00,0.000,6,0.000,0.000,3242,2050,1608,1766,1451,0,0,0,0,0,0,26.57,26.58,26.58,8.55,62.79
$GC,16654,1.09,292.4,3242,2050,1766,1450,612.0,11.3,501,16658,0.00,2.20,0.00,0.000,260,0.000,0.042,3242,3448,1609,1767,1451,0,0,0,0,0,0,26.56,25.90,26.58,8.55,63.30
$GC,16746,1.09,292.4,3242,3449,1766,1451,602.2,11.6,503,16750,0.00,2.10,0.00,0.000,1030,0.000,0.025,3252,2050,1608,1766,1450,0,0,0,0,0,0,26.17,26.10,26.20,8.55,63.03
$GC,16940,1.09,292.4,3251,2050,1766,1451,578.8,11.6,508,16943,0.00,2.22,0.00,0.000,260,0.000,0.042,3252,3458,1608,1766,1451,0,0,0,0,0,0,26.57,25.89,26.58,8.55,62.87
$GC,16976,1.09,292.4,3251,3459,1766,1450,578.8,11.6,508,16984,0.00,2.10,0.00,0.000,1030,0.000,0.026,3260,2050,1608,1766,1451,0,0,0,0,0,0,26.16,26.08,26.19,8.54,62.91
$GC,17183,1.09,292.4,3260,2050,1766,1451,550.6,11.4,514,17187,0.00,2.22,0.00,0.000,260,0.000,0.042,3260,3444,1608,1766,1451,0,0,0,0,0,0,26.56,25.89,26.58,8.55,63.46
$GC,17226,1.09,292.4,3260,3444,1766,1450,545.3,11.4,515,17231,0.10,2.12,0.00,0.000,5126,0.129,0.025,3236,2051,1608,1766,1451,0,0,0,0,0,0,25.75,26.08,25.90,8.54,63.62
$GC,17431,1.09,292.4,3235,2051,1766,1451,524.3,10.2,520,17432,0.00,0.00,0.00,0.000,6,0.000,0.000,3236,2051,1608,1766,1451,0,0,0,0,0,0,26.57,26.58,26.58,8.55,63.42
$GC,17633,1.15,302.5,3235,2051,1766,1451,505.1,9.5,525,17648,0.00,2.25,9.80,0.952,8452,0.000,0.040,3236,3458,1568,1728,1408,0,0,0,0,0,0,26.57,24.68,23.86,8.55,63.27
$GC,17738,1.16,310.4,3235,3458,1728,1409,497.5,9.6,527,17752,0.00,2.12,8.62,0.921,9222,0.000,0.026,3236,2052,1538,1700,1377,0,0,0,0,0,0,26.03,25.96,23.78,8.54,63.03
$GC,17952,1.23,316.2,3235,2052,1699,1375,473.7,9.7,533,17966,0.08,2.20,7.20,0.868,10756,0.096,0.037,3319,654,1512,1674,1350,0,0,0,0,0,0,26.20,24.64,23.83,8.55,62.75
$GC,18066,1.23,316.2,3319,654,1675,1351,464.6,10.6,535,18074,0.12,2.12,0.00,0.000,5126,0.132,0.027,3279,2060,1512,1674,1351,0,0,0,0,0,0,25.64,25.94,25.77,8.55,62.71
$GC,18271,1.23,316.2,3279,2060,1673,1351,436.9,11.5,541,18275,0.00,2.20,0.00,0.000,260,0.000,0.042,3279,3450,1512,1674,1351,0,0,0,0,0,0,26.47,25.82,26.48,8.55,62.75
$GC,18367,1.23,316.2,3279,3450,1674,1351,426.6,12.0,543,18372,0.00,2.12,0.00,0.000,1030,0.000,0.025,3287,2039,1513,1675,1351,0,0,0,0,0,0,26.10,26.03,26.13,8.55,62.52
$GC,18556,1.23,316.2,3287,2039,1674,1351,402.3,12.0,548,18560,0.00,2.15,0.00,0.000,516,0.000,0.039,3297,661,1512,1674,1351,0,0,0,0,0,0,26.53,25.86,26.53,8.55,62.20
$GC,18608,1.23,316.2,3297,661,1674,1350,397.2,12.1,549,18612,0.00,2.10,0.00,0.000,1030,0.000,0.027,3297,2051,1512,1674,1351,0,0,0,0,0,0,26.11,26.04,26.15,8.56,62.24
$GC,18801,1.23,316.2,3297,2051,1674,1350,373.5,11.8,554,18805,0.00,2.20,0.00,0.000,260,0.000,0.043,3297,3448,1512,1674,1351,0,0,0,0,0,0,26.55,25.84,26.55,8.55,62.40
$GC,18897,1.23,316.2,3297,3448,1675,1351,363.3,11.9,556,18901,0.00,2.10,0.00,0.000,1030,0.000,0.025,3307,2044,1512,1674,1351,0,0,0,0,0,0,26.14,26.07,26.17,8.56,62.20
$GC,19085,1.23,316.2,3306,2044,1674,1351,340.1,11.5,561,19087,0.00,0.00,0.00,0.000,6,0.000,0.000,3307,2045,1512,1674,1351,0,0,0,0,0,0,26.56,26.57,26.57,8.56,62.75
$GC,19285,1.23,316.2,3306,2044,1674,1351,317.4,11.3,566,19290,0.00,2.22,0.00,0.000,260,0.000,0.042,3307,3451,1512,1674,1351,0,0,0,0,0,0,26.56,25.84,26.57,8.56,62.52
$GC,19358,1.23,316.2,3307,3451,1674,1351,312.1,11.4,567,19368,0.12,2.10,0.00,0.000,5126,0.141,0.024,3277,2049,1512,1674,1351,0,0,0,0,0,0,25.72,26.07,25.84,8.57,62.91
$GC,19570,1.23,316.2,3276,2049,1674,1351,286.3,10.5,573,19575,0.00,2.20,0.00,0.000,516,0.000,0.039,3285,662,1512,1674,1351,0,0,0,0,0,0,26.57,25.86,26.57,8.57,62.24
$GC,19614,1.23,316.2,3285,661,1674,1350,281.6,10.6,574,19619,0.00,2.12,0.00,0.000,1030,0.000,0.027,3285,2049,1512,1674,1351,0,0,0,0,0,0,26.07,26.05,26.10,8.57,62.08
$GC,19818,1.23,316.2,3285,2049,1674,1351,259.2,11.0,579,19823,0.00,2.22,0.00,0.000,260,0.000,0.043,3285,3461,1512,1674,1351,0,0,0,0,0,0,26.56,25.82,26.57,8.57,62.40
$GC,19903,1.23,316.2,3285,3461,1674,1351,249.1,11.6,581,19907,0.00,2.10,0.00,0.000,1030,0.000,0.024,3291,2050,1512,1674,1351,0,0,0,0,0,0,26.14,26.07,26.17,8.57,61.73
$GC,20107,1.23,316.2,3291,2050,1674,1351,224.4,12.2,586,20111,0.00,2.15,0.00,0.000,516,0.000,0.039,3300,665,1512,1674,1351,0,0,0,0,0,0,26.57,25.84,26.58,8.58,61.69
$GC,20183,1.23,316.2,3300,664,1675,1351,218.9,12.3,587,20191,0.00,2.08,0.00,0.000,1030,0.000,0.026,3300,2055,1512,1674,1351,0,0,0,0,0,0,26.12,26.04,26.15,8.58,62.01
$GC,20370,1.23,316.2,3300,2055,1674,1351,192.4,11.7,594,20375,0.00,2.20,0.00,0.000,260,0.000,0.043,3300,3450,1512,1674,1351,0,0,0,0,0,0,26.57,25.82,26.58,8.58,61.81
$GC,20454,1.23,316.2,3300,3450,1674,1351,182.2,12.1,598,20458,0.00,2.12,0.00,0.000,1030,0.000,0.024,3309,2048,1512,1674,1351,0,0,0,0,0,0,26.10,26.07,26.13,8.58,61.34
$GC,20658,1.23,316.2,3308,2048,1674,1351,156.9,12.7,608,20662,0.00,2.15,0.00,0.000,516,0.000,0.039,3309,667,1512,1674,1351,0,0,0,0,0,0,26.56,25.82,26.58,8.58,61.57
$GC,20754,1.23,316.2,3308,666,1674,1351,146.4,12.5,612,20762,0.00,2.08,0.00,0.000,1030,0.000,0.026,3308,2056,1512,1674,1351,0,0,0,0,0,0,26.10,26.03,26.14,8.58,61.61
$GC,20942,1.23,316.2,3308,2055,1674,1351,122.4,11.7,622,20948,0.00,2.20,0.00,0.000,260,0.000,0.042,3309,3453,1512,1674,1351,0,0,0,0,0,0,26.57,25.80,26.57,8.59,61.30
$GC,20971,1.23,316.2,3308,3452,1674,1351,120.0,11.6,623,20975,0.00,2.10,0.00,0.000,1030,0.000,0.024,3308,2045,1512,1674,1351,0,0,0,0,0,0,26.12,26.05,26.15,8.59,61.81
$GC,21164,1.23,316.2,3308,2045,1675,1351,98.2,10.5,633,21168,0.00,2.15,0.00,0.000,516,0.000,0.039,3309,665,1512,1674,1351,0,0,0,0,0,0,26.57,25.82,26.58,8.59,60.98
$GC,21175,1.23,316.2,3308,664,1674,1351,98.2,10.5,633,21180,0.00,2.10,0.00,0.000,1030,0.000,0.025,3309,2064,1512,1674,1351,0,0,0,0,0,0,26.11,26.03,26.14,8.59,61.53
$GC,21369,1.23,316.2,3308,2064,1674,1351,76.9,10.4,643,21373,0.00,2.17,0.00,0.000,260,0.000,0.042,3308,3449,1512,1674,1351,0,0,0,0,0,0,26.57,25.80,26.57,8.61,61.06
$GC,21523,1.20,348.5,3308,3451,1674,1351,63.9,8.5,650,21560,0.10,2.12,28.02,0.744,13318,0.130,0.024,3265,2051,1381,1554,1209,0,0,0,0,0,0,25.65,26.06,23.91,8.62,62.04
$GC,21758,1.30,444.3,3265,2051,1553,1209,49.8,5.6,662,21874,0.05,2.25,96.88,0.710,10756,0.135,0.037,3338,658,990,1104,876,0,0,0,0,2,0,26.17,24.22,23.64,8.68,63.07
$GC,21891,1.35,493.4,3338,658,1103,875,39.8,7.8,675,21944,0.00,2.15,46.60,0.688,9222,0.000,0.025,3339,2055,789,869,710,0,0,0,0,0,0,25.49,25.42,23.70,8.69,62.12
$GC,22134,1.42,493.4,3338,2055,866,709,15.0,13.4,699,22139,0.00,2.20,0.00,0.000,260,0.000,0.042,3338,3446,787,866,709,0,0,0,0,0,0,26.25,25.68,26.25,8.73,61.06
$GC,22210,1.42,493.4,3338,3446,866,709,4.4,14.2,706,22218,0.00,2.08,0.00,0.000,1030,0.000,0.022,3348,2038,787,866,709,0,0,0,0,0,0,26.01,25.94,26.03,8.75,60.27
$STATE,22226,end climb,SURFACE_DEPTH_REACHED
$STATE,22226,begin surface coast
$FINISH,-0.7,1.022423
$STATE,22246,end surface coast,CONTROL_FINISHED_OK
$STATE,22246,begin surface
$SM_CCo,22327,0.00,0.000,0,0,785,495.51
$SM_GC,-0.09,8.18,0.00,0.00,0.030,0.000,0.000,167,2037,785,-8.30,1.05,495.51,0,0,0,0,0,0,26.06,26.36,26.08
$IRIDIUM_FIX,807.93,-14054.90,260325,235035
$TT8_MAMPS,0.026215,0.379743
$HUMID,57.63
$INTERNAL_PRESSURE,8.73208
$TCM_TEMP,18.10
$XPDR_PINGS,0
$ALTIM_TOP_PING,19.0,18.8
$24V_AH,22.81,84.253
$10V_AH,9.44,55.337
$FG_AHR_24Vo,0.000
$FG_AHR_10Vo,0.000
$DEVICES,Pitch_motor,Roll_motor,VBD_pump_during_apogee,VBD_pump_during_surface,VBD_valve,Iridium_during_init,Iridium_during_connect,Iridium_during_xfer,Transponder_ping,GUMSTIX_24V,GPS,TT8,LPSleep,TT8_Active,TT8_Sampling,TT8_CF8,TT8_Kalman,Analog_circuits,GPS_charging,Compass,RAFOS,Transponder,Compass2
$DEVICE_SECS,22.725,280.550,624.800,0.000,0.000,0.000,0.000,293.050,0.250,0.000,29.397,3198.135,14847.091,764.279,3425.248,529.397,0.000,2830.477,0.000,2954.015,0.000,2.760,0.000
$DEVICE_MAMPS,199.665,143.820,1347.930,0.000,0.000,0.000,0.000,88.740,420.000,0.000,30.710,15.210,2.190,15.210,43.670,53.410,0.000,14.000,0.000,8.240,0.000,30.000,0.000
$SENSORS,SBE_CT,WL_blue_red_Chl,AA4330,nil,nil,nil,nil,nil,nil,nil
$SENSOR_SECS,616.104,0.000,949.425,0.000,0.000,0.000,0.000,0.000,0.000,0.000
$SENSOR_MAMPS,22.470,0.000,11.230,0.000,0.000,0.000,0.000,0.000,0.000,0.000
$MEM,312012
$DATA_FILE_SIZE,52219,710
$CAP_FILE_SIZE,253395,0
$CFSIZE,2097872896,2025029632
$ERRORS,0,0,0,0,0,0,0,0,0,0,0,0,0,2,1,0
$CURRENT,0.074,43.10,1
$GPS,110805,123118,810.288,-14058.791,35,0.9,47,9.3,0.8,248.6,8,4.9
