version: 66.14
glider: 195
mission: 21
dive: 628
start: 9 18 105 18 30 0
data:
$ID,195
$MISSION,21
$DIVE,628
$N_DIVES,0
$STOP_T,0
$D_SURF,3
$D_FLARE,2
$D_TGT,990
$D_ABORT,1090
$D_NO_BLEED,50
$D_BOOST,3
$T_BOOST,0
$D_FINISH,0
$D_PITCH,0
$D_SAFE,0
$D_CALL,0
$SURFACE_URGENCY,0
$SURFACE_URGENCY_TRY,0
$SURFACE_URGENCY_FORCE,0
$T_DIVE,330
$T_MISSION,600
$T_ABORT,1440
$T_TURN,300
$T_TURN_SAMPINT,5
$T_NO_W,120
$T_LOITER,0
$T_SLOITER,60
$T_EPIRB,0
$USE_BATHY,0
$USE_ICE,0
$ICE_FREEZE_MARGIN,0.30000001
$D_OFFGRID,990
$T_WATCHDOG,10
$RELAUNCH,1
$APOGEE_PITCH,-8
$MAX_BUOY,150
$COURSE_BIAS,0
$GLIDE_SLOPE,30
$SPEED_FACTOR,1
$RHO,1.023
$MASS,54002
$MASS_COMP,0
$NAV_MODE,2
$FERRY_MAX,45
$KALMAN_USE,2
$HD_A,0.0038000001
$HD_B,0.0099999998
$HD_C,9.8500004e-06
$HEADING,-1
$ESCAPE_HEADING,0
$ESCAPE_HEADING_DELTA,10
$FIX_MISSING_TIMEOUT,0
$TGT_DEFAULT_LAT,4736
$TGT_DEFAULT_LON,-12225
$TGT_AUTO_DEFAULT,0
$SM_CC,300
$N_FILEKB,4
$FILEMGR,0
$CALL_NDIVES,1
$COMM_SEQ,0
$PROTOCOL,9
$N_NOCOMM,1
$NOCOMM_ACTION,0
$N_NOSURFACE,0
$UPLOAD_DIVES_MAX,-1
$CALL_TRIES,5
$CALL_WAIT,60
$CAPUPLOAD,0
$CAPMAXSIZE,200000
$HEAPDBG,0
$T_GPS,15
$N_GPS,50840
$T_RSLEEP,2
$STROBE,0
$RAFOS_PEAK_OFFSET,1.5
$RAFOS_CORR_THRESH,60
$RAFOS_HIT_WINDOW,3600
$RAFOS_MMODEM,0
$PITCH_MIN,207
$PITCH_MAX,3915
$C_PITCH,2884
$PITCH_DBAND,0.1
$PITCH_CNV,0.003125763
$P_OVSHOOT,0.039999999
$P_OVSHOOT_WITHG,0.079999998
$PITCH_GAIN,19.15
$PITCH_TIMEOUT,17
$PITCH_AD_RATE,160
$PITCH_MAXERRORS,1
$PITCH_ADJ_GAIN,0.02
$PITCH_ADJ_DBAND,2.5
$ROLL_MIN,224
$ROLL_MAX,3758
$ROLL_DEG,40
$C_ROLL_DIVE,1800
$C_ROLL_CLIMB,2250
$HEAD_ERRBAND,10
$ROLL_CNV,0.028270001
$ROLL_TIMEOUT,15
$R_PORT_OVSHOOT,64
$R_STBD_OVSHOOT,53
$ROLL_AD_RATE,350
$ROLL_MAXERRORS,2
$ROLL_ADJ_GAIN,0
$ROLL_ADJ_DBAND,0
$VBD_MIN,500
$VBD_MAX,3960
$C_VBD,2806
$VBD_DBAND,2
$VBD_CNV,-0.24529999
$VBD_LP_IGNORE,0
$VBD_TIMEOUT,720
$PITCH_VBD_SHIFT,0.001
$VBD_PUMP_AD_RATE_SURFACE,5
$VBD_PUMP_AD_RATE_APOGEE,4
$VBD_BLEED_AD_RATE,8
$UNCOM_BLEED,60
$VBD_MAXERRORS,1
$W_ADJ_DBAND,0
$DBDW,0
$PITCH_W_GAIN,0
$PITCH_W_DBAND,0
$CF8_MAXERRORS,5
$AH0_24V,150
$AH0_10V,97
$MINV_24V,19
$MINV_10V,8
$MAXI_24V,0.80000001
$MAXI_10V,0.60000002
$FG_AHR_10V,0
$FG_AHR_24V,0
$PHONE_SUPPLY,-2
$PRESSURE_YINT,-49.397121
$PRESSURE_SLOPE,0.0001168043
$AD7714Ch0Gain,128
$TCM_PITCH_OFFSET,0
$TCM_ROLL_OFFSET,0
$COMPASS_USE,4
$ALTIM_BOTTOM_PING_RANGE,0
$ALTIM_TOP_PING_RANGE,20
$ALTIM_BOTTOM_TURN_MARGIN,0
$ALTIM_TOP_TURN_MARGIN,0
$ALTIM_TOP_MIN_OBSTACLE,1
$ALTIM_PING_DEPTH,0
$ALTIM_PING_DELTA,0
$ALTIM_FREQUENCY,13
$ALTIM_PULSE,3
$ALTIM_SENSITIVITY,3
$XPDR_VALID,5
$XPDR_INHIBIT,90
$INT_PRESSURE_SLOPE,0.0097660003
$INT_PRESSURE_YINT,-0.77999997
$DEEPGLIDER,0
$MOTHERBOARD,4
$DEVICE1,2
$DEVICE2,115
$DEVICE3,101
$DEVICE4,-1
$DEVICE5,-1
$DEVICE6,-1
$LOGGERS,0
$LOGGERDEVICE1,-1
$LOGGERDEVICE2,-1
$LOGGERDEVICE3,-1
$LOGGERDEVICE4,-1
$COMPASS_DEVICE,33
$COMPASS2_DEVICE,-1
$PHONE_DEVICE,49
$GPS_DEVICE,32
$RAFOS_DEVICE,-1
$XPDR_DEVICE,24
$SIM_W,0
$SIM_PITCH,0
$SEABIRD_T_G,0.0044178674
$SEABIRD_T_H,0.00064818078
$SEABIRD_T_I,2.6779007e-05
$SEABIRD_T_J,3.3667231e-06
$SEABIRD_C_G,-10.098215
$SEABIRD_C_H,1.1454017
$SEABIRD_C_I,-0.0021276253
$SEABIRD_C_J,0.00025532115
$SEABIRD_C_Z,2974.52
$GPS1,180905,182159,840.0686,-14306.7383,46,0.9,67,9.3,0.5,130.0,8,4.0
$_CALLS,1
$_XMS_NAKs,0
$_XMS_TOUTs,0
$_SM_DEPTHo,0.16
$_SM_ANGLEo,-55.5
$GPS2,180905,182920,840.0856,-14306.7490,17,0.8,24,9.3,0.6,161.9,9,5.0
$SPEED_LIMITS,0.173,0.262
$TGT_NAME,TX2
$TGT_LATLONG,1145.000,-14800.000
$TGT_RADIUS,10000.000
$KALMAN_CONTROL,0.000000,0.000000
$KALMAN_X,0.000000,0.000000,0.000000,0.000000,0.000000
$KALMAN_Y,0.000000,0.000000,0.000000,0.000000,0.000000
$MHEAD_RNG_PITCHd_Wd,267.8,632460,-18.1,-10.000,-20.93,2235
$D_GRID,990
$GCHEAD,st_secs,pitch_ctl,vbd_ctl,pitch_ad_start,roll_ad_start,vbd_pot1_ad_start,vbd_pot2_ad_start,depth,ob_vertv,data_pts,end_secs,pitch_secs,roll_secs,vbd_secs,vbd_i,gcphase,pitch_i,roll_i,pitch_ad,roll_ad,vbd_ad,vbd_pot1_ad,vbd_pot2_ad,pitch_retries,pitch_errors,roll_retries,roll_errors,vbd_retries,vbd_errors,pitch_volts,roll_volts,vbd_volts,int_press,humidity
$STATE,6,end surface,CONTROL_FINISHED_OK
$STATE,6,begin dive
$GC,74,-1.09,-146.6,138,1809,838,694,0.2,0.3,6,154,0.00,0.00,-77.80,0.000,16386,0.000,0.000,138,1810,2797,2820,2774,0,0,0,0,0,0,26.31,28.83,26.32,8.80,54.80
$GC,159,-1.09,-146.6,138,1810,2822,2774,2.4,-4.2,14,188,9.27,2.25,-13.98,0.000,18692,0.200,0.050,2514,3202,3406,3428,3385,0,0,0,0,0,0,24.70,23.58,24.91,9.02,54.56
$GC,307,-0.98,-146.6,2513,3201,3432,3385,24.1,-14.5,28,315,0.17,2.08,0.00,0.000,3078,0.131,0.023,2567,1792,3408,3432,3385,0,0,0,0,0,0,25.27,25.79,25.39,9.09,54.68
$GC,495,-0.98,-146.6,2566,1793,3433,3385,49.0,-13.6,47,499,0.00,2.15,0.00,0.000,516,0.000,0.036,2567,410,3409,3433,3385,0,0,0,0,0,0,26.39,25.52,26.40,9.10,54.41
$GC,572,-0.92,-146.6,2566,409,3433,3385,57.5,-13.4,51,581,0.00,2.08,0.00,0.000,1030,0.000,0.022,2559,1804,3409,3433,3385,0,0,0,0,0,0,25.86,25.79,25.89,9.11,54.88
$GC,760,-0.87,-146.6,2558,1805,3435,3385,81.4,-10.7,61,762,0.15,0.00,0.00,0.000,2054,0.129,0.000,2606,1805,3410,3435,3385,0,0,0,0,0,0,25.75,25.84,25.80,9.13,54.68
$GC,940,-0.87,-146.6,2605,1804,3438,3385,94.2,-6.7,70,941,0.00,0.00,0.00,0.000,6,0.000,0.000,2606,1804,3411,3438,3385,0,0,0,0,0,0,26.41,26.42,26.42,9.12,54.44
$GC,1120,-0.87,-146.6,2605,1804,3441,3385,103.9,-4.7,79,1125,0.00,2.20,0.00,0.000,260,0.000,0.038,2598,3195,3413,3441,3385,0,0,0,0,0,0,26.41,25.51,26.43,9.12,54.37
$GC,1217,-0.87,-146.6,2598,3195,3441,3385,108.1,-4.8,83,1224,0.00,2.05,0.00,0.000,1030,0.000,0.022,2598,1789,3413,3441,3385,0,0,0,0,0,0,25.89,25.83,25.91,9.11,54.09
$GC,1405,-0.87,-146.6,2598,1789,3443,3385,118.3,-5.5,93,1409,0.00,2.12,0.00,0.000,516,0.000,0.035,2598,415,3414,3443,3385,0,0,0,0,0,0,26.42,25.54,26.43,9.10,54.25
$GC,1442,-0.87,-146.6,2598,414,3443,3385,119.7,-5.6,94,1450,0.00,2.05,0.00,0.000,1030,0.000,0.023,2588,1803,3414,3443,3385,0,0,0,0,0,0,25.88,25.82,25.90,9.09,54.09
$GC,1629,-0.87,-146.6,2588,1803,3444,3385,132.3,-6.8,104,1630,0.00,0.00,0.00,0.000,6,0.000,0.000,2589,1803,3414,3444,3385,0,0,0,0,0,0,26.43,26.44,26.44,9.07,53.54
$GC,1809,-0.87,-146.6,2588,1803,3445,3385,145.2,-7.1,113,1813,0.00,2.20,0.00,0.000,260,0.000,0.038,2578,3191,3415,3445,3385,0,0,0,0,0,0,26.43,25.53,26.44,9.05,54.33
$GC,1881,-0.87,-146.6,2578,3190,3445,3385,149.6,-6.9,116,1886,0.00,2.05,0.00,0.000,1030,0.000,0.022,2578,1790,3415,3445,3385,0,0,0,0,0,0,25.90,25.84,25.92,9.04,54.60
$GC,2075,-0.87,-146.6,2577,1789,3446,3385,162.9,-6.8,126,2080,0.00,2.12,0.00,0.000,516,0.000,0.035,2578,414,3415,3446,3385,0,0,0,0,0,0,26.44,25.54,26.44,9.03,55.04
$GC,2133,-0.87,-146.6,2577,414,3446,3385,166.2,-7.2,128,2141,0.10,2.05,0.00,0.000,3078,0.145,0.023,2599,1797,3416,3446,3386,0,0,0,0,0,0,25.48,25.82,25.58,9.03,55.15
$GC,2320,-0.87,-146.6,2599,1797,3446,3386,181.0,-7.5,138,2324,0.00,2.20,0.00,0.000,260,0.000,0.042,2592,3195,3416,3446,3386,0,0,0,0,0,0,26.44,25.51,26.44,9.02,55.59
$GC,2399,-0.87,-146.6,2591,3197,3446,3386,185.8,-7.4,141,2407,0.00,2.05,0.00,0.000,1030,0.000,0.021,2592,1782,3416,3446,3386,0,0,0,0,0,0,25.93,25.87,25.95,9.01,55.47
$GC,2586,-0.87,-146.6,2591,1782,3446,3386,199.8,-6.8,151,2590,0.00,2.10,0.00,0.000,516,0.000,0.035,2592,426,3416,3446,3386,0,0,0,0,0,0,26.44,25.53,26.45,9.00,56.18
$GC,2669,-0.87,-146.6,2591,425,3446,3386,205.9,-7.2,154,2674,0.00,2.05,0.00,0.000,1030,0.000,0.021,2583,1815,3416,3446,3386,0,0,0,0,0,0,25.92,25.86,25.94,9.00,56.10
$GC,2873,-0.87,-146.6,2582,1815,3447,3386,219.2,-6.5,159,2877,0.00,2.12,0.00,0.000,260,0.000,0.037,2573,3188,3416,3446,3386,0,0,0,0,0,0,26.44,25.53,26.45,8.99,56.65
$GC,3008,-0.87,-146.6,2573,3188,3446,3386,227.9,-6.9,162,3013,0.10,2.03,0.00,0.000,3078,0.132,0.021,2606,1800,3416,3446,3386,0,0,0,0,0,0,25.57,25.87,25.65,8.98,56.77
$GC,3205,-0.94,-146.6,2605,1800,3446,3386,242.9,-7.3,167,3209,0.00,2.12,0.00,0.000,516,0.000,0.036,2606,428,3415,3446,3385,0,0,0,0,0,0,26.44,25.51,26.45,8.97,57.48
$GC,3244,-1.01,-146.6,2605,427,3446,3385,242.9,-7.3,167,3252,0.08,2.03,0.00,0.000,5126,0.092,0.022,2515,1803,3415,3446,3385,0,0,0,0,0,0,25.78,25.86,25.84,8.97,57.67
$GC,3448,-1.01,-146.6,2514,1803,3446,3385,263.7,-8.8,173,3456,0.15,2.15,0.00,0.000,2308,0.129,0.037,2554,3185,3416,3446,3386,0,0,0,0,0,0,25.78,25.51,25.83,8.96,57.63
$GC,3620,-1.01,-146.6,2554,3185,3445,3385,277.5,-8.5,177,3624,0.00,2.03,0.00,0.000,1030,0.000,0.022,2554,1801,3415,3445,3385,0,0,0,0,0,0,25.92,25.86,25.94,8.95,58.23
$GC,3814,-1.01,-146.6,2554,1801,3445,3385,294.6,-8.6,182,3818,0.00,2.15,0.00,0.000,516,0.000,0.037,2554,422,3415,3445,3385,0,0,0,0,0,0,26.45,25.49,26.46,8.94,58.93
$GC,3899,-1.01,-146.6,2554,421,3445,3385,302.1,-8.7,184,3903,0.00,2.05,0.00,0.000,1030,0.000,0.023,2544,1806,3415,3445,3385,0,0,0,0,0,0,25.91,25.84,25.94,8.94,58.78
$GC,4103,-1.01,-146.6,2544,1806,3444,3385,318.9,-8.2,189,4107,0.00,2.15,0.00,0.000,260,0.000,0.037,2534,3188,3414,3444,3385,0,0,0,0,0,0,26.45,25.51,26.46,8.93,58.86
$GC,4188,-1.01,-146.6,2534,3188,3444,3385,325.3,-7.9,191,4192,0.00,2.03,0.00,0.000,1030,0.000,0.022,2534,1801,3414,3443,3385,0,0,0,0,0,0,25.92,25.86,25.94,8.93,59.01
$GC,4393,-1.01,-146.6,2534,1801,3442,3385,341.0,-7.6,196,4398,0.00,2.15,0.00,0.000,516,0.000,0.037,2534,424,3413,3442,3385,0,0,0,0,0,0,26.45,25.48,26.46,8.92,59.72
$GC,4450,-1.01,-146.6,2534,424,3442,3385,344.6,-7.6,197,4457,0.10,2.05,0.00,0.000,3078,0.145,0.023,2556,1805,3413,3442,3385,0,0,0,0,0,0,25.50,25.83,25.58,8.92,58.97
$GC,4677,-1.01,-146.6,2555,1805,3441,3385,361.8,-7.1,203,4682,0.00,2.17,0.00,0.000,260,0.000,0.037,2549,3197,3413,3441,3385,0,0,0,0,0,0,26.45,25.50,26.46,8.91,60.04
$GC,4807,-1.01,-146.6,2547,3196,3440,3385,370.8,-7.1,206,4811,0.00,2.05,0.00,0.000,1030,0.000,0.022,2548,1800,3412,3440,3385,0,0,0,0,0,0,25.91,25.85,25.94,8.91,59.49
$GC,5005,-1.01,-146.6,2547,1800,3439,3385,385.6,-7.3,211,5010,0.00,2.15,0.00,0.000,516,0.000,0.037,2548,425,3412,3439,3385,0,0,0,0,0,0,26.45,25.46,26.46,8.90,59.68
$GC,5073,-1.01,-146.6,2548,424,3438,3385,389.0,-7.3,212,5077,0.00,2.05,0.00,0.000,1030,0.000,0.024,2539,1800,3411,3438,3385,0,0,0,0,0,0,25.89,25.83,25.91,8.90,60.19
$GC,5292,-1.01,-146.6,2539,1800,3436,3385,407.2,-7.5,218,5296,0.00,2.17,0.00,0.000,260,0.000,0.037,2529,3190,3410,3436,3385,0,0,0,0,0,0,26.45,25.49,26.46,8.89,60.27
$GC,5349,-1.01,-146.6,2528,3191,3435,3385,410.5,-7.5,219,5355,0.10,2.05,0.00,0.000,3078,0.140,0.022,2560,1795,3410,3435,3385,0,0,0,0,0,0,25.52,25.84,25.60,8.89,60.19
$GC,5540,-1.01,-146.6,2560,1795,3434,3385,425.6,-7.4,224,5544,0.00,2.15,0.00,0.000,516,0.000,0.037,2560,424,3409,3434,3385,0,0,0,0,0,0,26.45,25.46,26.46,8.89,60.39
$GC,5597,-1.01,-146.6,2560,424,3434,3385,429.0,-7.5,225,5601,0.00,2.05,0.00,0.000,1030,0.000,0.024,2554,1800,3410,3435,3385,0,0,0,0,0,0,25.89,25.82,25.91,8.89,60.23
$GC,5786,-1.01,-146.6,2554,1800,3433,3385,444.3,-7.5,230,5790,0.00,2.17,0.00,0.000,260,0.000,0.037,2544,3189,3409,3433,3385,0,0,0,0,0,0,26.45,25.48,26.46,8.89,61.02
$GC,5871,-1.01,-146.6,2543,3191,3432,3385,450.6,-7.5,232,5875,0.00,2.05,0.00,0.000,1030,0.000,0.022,2544,1800,3408,3432,3385,0,0,0,0,0,0,25.91,25.84,25.93,8.88,60.59
$GC,6075,-1.01,-146.6,2543,1800,3432,3384,465.8,-7.5,237,6079,0.00,2.17,0.00,0.000,516,0.000,0.037,2544,418,3408,3432,3384,0,0,0,0,0,0,26.46,25.44,26.46,8.88,61.26
$GC,6119,-1.01,-146.6,2543,417,3431,3384,469.3,-7.6,238,6123,0.00,2.08,0.00,0.000,1030,0.000,0.024,2535,1804,3408,3432,3384,0,0,0,0,0,0,25.88,25.82,25.90,8.88,60.78
$GC,6323,-1.01,-146.6,2534,1803,3432,3382,485.1,-7.7,243,6327,0.00,2.17,0.00,0.000,260,0.000,0.037,2525,3192,3407,3432,3382,0,0,0,0,0,0,26.45,25.47,26.46,8.87,60.94
$GC,6350,-1.01,-146.6,2524,3192,3432,3382,485.1,-7.7,243,6357,0.10,2.05,0.00,0.000,3078,0.142,0.022,2556,1799,3406,3431,3382,0,0,0,0,0,0,25.51,25.84,25.58,8.87,61.06
$GC,6567,-1.01,-146.6,2555,1799,3431,3381,503.7,-7.6,249,6571,0.00,2.20,0.00,0.000,516,0.000,0.038,2556,426,3406,3431,3382,0,0,0,0,0,0,26.46,25.43,26.46,8.86,61.02
$GC,6644,-1.01,-146.6,2555,426,3431,3381,507.3,-7.8,250,6651,0.00,2.05,0.00,0.000,1030,0.000,0.024,2550,1801,3406,3431,3381,0,0,0,0,0,0,25.87,25.80,25.89,8.86,60.86
$GC,6853,-1.01,-146.6,2549,1801,3430,3380,526.2,-7.9,256,6856,0.00,2.17,0.00,0.000,260,0.000,0.037,2539,3190,3405,3430,3380,0,0,0,0,0,0,26.45,25.46,26.46,8.85,61.34
$GC,6874,-1.01,-146.6,2539,3191,3430,3381,526.2,-7.9,256,6878,0.00,2.05,0.00,0.000,1030,0.000,0.022,2539,1800,3405,3430,3380,0,0,0,0,0,0,25.89,25.83,25.91,8.85,60.82
$GC,7098,-1.01,-146.6,2539,1800,3430,3380,545.6,-7.8,262,7103,0.00,2.17,0.00,0.000,516,0.000,0.038,2539,422,3405,3430,3380,0,0,0,0,0,0,26.45,25.41,26.46,8.85,61.34
$GC,7160,-1.01,-146.6,2539,422,3430,3380,549.3,-7.8,263,7165,0.00,2.10,0.00,0.000,1030,0.000,0.024,2530,1795,3404,3429,3380,0,0,0,0,0,0,25.82,25.80,25.85,8.85,61.81
$GC,7385,-1.01,-146.6,2529,1795,3429,3378,567.9,-7.7,269,7392,0.10,2.20,0.00,0.000,2308,0.144,0.037,2553,3195,3403,3428,3378,0,0,0,0,0,0,25.96,25.44,25.99,8.84,61.89
$GC,7435,-1.01,-146.6,2552,3195,3428,3378,570.8,-7.6,270,7439,0.00,2.10,0.00,0.000,1030,0.000,0.023,2552,1804,3403,3428,3378,0,0,0,0,0,0,25.84,25.81,25.86,8.84,61.69
$GC,7631,-1.01,-146.6,2552,1804,3428,3378,584.7,-6.9,275,7635,0.00,2.20,0.00,0.000,516,0.000,0.038,2552,417,3403,3428,3378,0,0,0,0,0,0,26.46,25.39,26.46,8.84,61.93
$GC,7682,-1.01,-146.6,2552,415,3428,3378,587.8,-7.0,276,7687,0.00,2.10,0.00,0.000,1030,0.000,0.024,2543,1793,3403,3428,3378,0,0,0,0,0,0,25.82,25.79,25.84,8.84,61.38
$GC,7877,-1.01,-146.6,2542,1793,3427,3377,602.0,-7.0,281,7881,0.00,2.20,0.00,0.000,260,0.000,0.038,2533,3191,3402,3427,3377,0,0,0,0,0,0,26.46,25.44,26.46,8.83,61.38
$GC,7903,-1.01,-146.6,2533,3192,3426,3376,602.0,-7.0,281,7908,0.00,2.08,0.00,0.000,1030,0.000,0.023,2533,1794,3401,3426,3377,0,0,0,0,0,0,25.87,25.80,25.89,8.83,61.53
$GC,8124,-1.01,-146.6,2532,1795,3426,3376,619.8,-7.5,287,8128,0.00,2.17,0.00,0.000,516,0.000,0.038,2533,422,3401,3426,3376,0,0,0,0,0,0,26.46,25.38,26.46,8.82,62.20
$GC,8175,-1.01,-146.6,2533,422,3426,3376,623.5,-7.6,288,8181,0.10,2.08,0.00,0.000,3078,0.145,0.024,2555,1801,3401,3426,3376,0,0,0,0,0,0,25.44,25.77,25.53,8.82,61.85
$GC,8370,-1.01,-146.6,2555,1801,3425,3376,638.6,-7.5,293,8372,0.00,0.00,0.00,0.000,6,0.000,0.000,2555,1801,3399,3424,3375,0,0,0,0,0,0,26.46,26.46,26.46,8.82,61.89
$GC,8571,-1.06,-146.6,2555,1801,3424,3375,653.9,-7.7,298,8572,0.00,0.00,0.00,0.000,6,0.000,0.000,2555,1801,3400,3425,3375,0,0,0,0,0,0,26.46,26.46,26.46,8.82,62.60
$GC,8771,-1.11,-146.6,2555,1801,3424,3374,669.5,-7.9,303,8776,0.00,2.20,0.00,0.000,516,0.000,0.039,2555,417,3398,3423,3374,0,0,0,0,0,0,26.46,25.36,26.46,8.81,63.11
$GC,8799,-1.16,-146.6,2555,417,3423,3374,669.5,-7.9,303,8806,0.08,2.10,0.00,0.000,5126,0.091,0.024,2474,1811,3398,3423,3374,0,0,0,0,0,0,25.70,25.76,25.75,8.81,62.44
$GC,9019,-1.11,-146.6,2474,1810,3422,3373,690.4,-8.7,309,9026,0.17,2.20,0.00,0.000,2308,0.128,0.038,2522,3198,3398,3422,3374,0,0,0,0,0,0,25.67,25.39,25.73,8.81,62.83
$GC,9094,-1.11,-146.6,2521,3198,3422,3373,694.1,-8.6,310,9102,0.00,2.08,0.00,0.000,1030,0.000,0.024,2522,1798,3397,3422,3373,0,0,0,0,0,0,25.84,25.77,25.86,8.80,62.28
$GC,9301,-1.11,-146.6,2521,1798,3421,3373,713.1,-8.1,316,9305,0.00,2.20,0.00,0.000,516,0.000,0.040,2522,414,3397,3422,3372,0,0,0,0,0,0,26.46,25.33,26.46,8.80,62.79
$GC,9358,-1.11,-146.6,2521,413,3421,3373,716.6,-8.1,317,9362,0.00,2.10,0.00,0.000,1030,0.000,0.025,2512,1800,3397,3421,3373,0,0,0,0,0,0,25.81,25.74,25.84,8.80,62.91
$GC,9546,-1.11,-146.6,2512,1800,3421,3372,732.1,-7.6,322,9550,0.00,2.20,0.00,0.000,260,0.000,0.038,2502,3194,3396,3421,3372,0,0,0,0,0,0,26.45,25.39,26.46,8.79,63.23
$GC,9643,-1.11,-146.6,2501,3195,3421,3371,738.3,-7.4,324,9647,0.00,2.08,0.00,0.000,1030,0.000,0.024,2502,1799,3396,3421,3371,0,0,0,0,0,0,25.83,25.77,25.85,8.79,62.60
$GC,9832,-1.11,-146.6,2501,1799,3421,3371,753.0,-7.3,329,9836,0.00,2.20,0.00,0.000,516,0.000,0.040,2502,420,3396,3421,3371,0,0,0,0,0,0,26.46,25.32,26.46,8.79,62.48
$GC,9889,-1.11,-146.6,2502,418,3421,3371,756.3,-7.3,330,9896,0.12,2.10,0.00,0.000,3078,0.140,0.025,2529,1811,3395,3420,3371,0,0,0,0,0,0,25.31,25.73,25.40,8.79,62.71
$GC,10116,-1.11,-146.6,2528,1811,3420,3369,772.1,-6.5,336,10120,0.00,2.17,0.00,0.000,260,0.000,0.039,2521,3190,3394,3420,3369,0,0,0,0,0,0,26.46,25.38,26.46,8.79,62.95
$GC,10232,-1.11,-146.6,2521,3191,3420,3368,777.4,-6.6,338,10240,0.00,2.08,0.00,0.000,1030,0.000,0.024,2521,1798,3393,3419,3368,0,0,0,0,0,0,25.82,25.75,25.84,8.79,63.11
$GC,10440,-1.11,-146.6,2521,1797,3420,3368,793.8,-6.9,344,10444,0.00,2.20,0.00,0.000,516,0.000,0.040,2522,419,3393,3420,3367,0,0,0,0,0,0,26.46,25.29,26.46,8.78,63.30
$GC,10487,-1.11,-146.6,2521,419,3419,3367,797.2,-7.1,345,10491,0.00,2.10,0.00,0.000,1030,0.000,0.025,2513,1806,3394,3420,3368,0,0,0,0,0,0,25.78,25.71,25.81,8.78,62.75
$GC,10686,-1.11,-146.6,2512,1806,3419,3367,812.6,-7.8,350,10691,0.00,2.20,0.00,0.000,260,0.000,0.039,2502,3195,3393,3419,3367,0,0,0,0,0,0,26.46,25.36,26.46,8.78,62.71
$GC,10749,-1.11,-146.6,2501,3195,3418,3367,816.3,-8.0,351,10753,0.00,2.10,0.00,0.000,1030,0.000,0.024,2502,1790,3392,3418,3367,0,0,0,0,0,0,25.80,25.74,25.83,8.78,62.75
$GC,10974,-1.11,-146.6,2502,1790,3418,3367,837.0,-8.7,357,10978,0.00,2.22,0.00,0.000,516,0.000,0.041,2502,420,3392,3418,3367,0,0,0,0,0,0,26.45,25.27,26.46,8.77,63.46
$GC,11005,-1.11,-146.6,2501,420,3418,3367,837.0,-8.7,357,11017,0.12,2.10,0.00,0.000,3078,0.140,0.025,2529,1809,3392,3418,3367,0,0,0,0,0,0,25.27,25.70,25.37,8.77,63.30
$GC,11218,-1.11,-146.6,2528,1808,3418,3366,858.3,-8.6,363,11222,0.00,2.20,0.00,0.000,260,0.000,0.039,2522,3195,3392,3418,3366,0,0,0,0,0,0,26.45,25.34,26.46,8.77,63.58
$GC,11255,-1.11,-146.6,2521,3196,3418,3366,858.3,-8.6,363,11262,0.00,2.08,0.00,0.000,1030,0.000,0.024,2522,1800,3392,3418,3366,0,0,0,0,0,0,25.79,25.72,25.82,8.77,64.01
$GC,11461,-1.11,-146.6,2521,1799,3418,3365,879.1,-8.6,369,11466,0.00,2.22,0.00,0.000,516,0.000,0.041,2522,406,3391,3418,3365,0,0,0,0,0,0,26.45,25.24,26.46,8.76,63.38
$GC,11518,-1.11,-146.6,2521,406,3418,3365,882.9,-8.7,370,11523,0.00,2.12,0.00,0.000,1030,0.000,0.026,2513,1804,3391,3417,3365,0,0,0,0,0,0,25.75,25.67,25.78,8.76,63.82
$GC,11709,-1.11,-146.6,2512,1804,3417,3365,900.2,-8.5,375,11713,0.00,2.20,0.00,0.000,260,0.000,0.039,2502,3194,3390,3416,3365,0,0,0,0,0,0,26.45,25.32,26.46,8.76,63.82
$GC,11765,-1.11,-146.6,2502,3195,3416,3365,904.2,-8.6,376,11770,0.00,2.10,0.00,0.000,1030,0.000,0.024,2502,1791,3390,3416,3365,0,0,0,0,0,0,25.77,25.71,25.80,8.76,63.42
$GC,11954,-1.11,-146.6,2501,1790,3416,3364,921.3,-8.6,381,11961,0.00,2.20,0.00,0.000,516,0.000,0.041,2502,415,3390,3416,3364,0,0,0,0,0,0,26.45,25.22,26.46,8.76,63.82
$GC,12024,-1.11,-146.6,2501,416,3416,3365,925.1,-8.7,382,12034,0.12,2.12,0.00,0.000,3078,0.138,0.026,2529,1813,3390,3416,3365,0,0,0,0,0,0,25.26,25.67,25.35,8.76,64.33
$GC,12236,-1.11,-146.6,2529,1813,3416,3364,944.3,-7.9,388,12241,0.00,2.20,0.00,0.000,260,0.000,0.040,2522,3201,3390,3416,3364,0,0,0,0,0,0,26.45,25.30,26.46,8.76,63.74
$GC,12294,-1.11,-146.6,2521,3201,3415,3364,947.7,-7.8,389,12298,0.00,2.10,0.00,0.000,1030,0.000,0.024,2522,1799,3389,3415,3364,0,0,0,0,0,0,25.76,25.70,25.79,8.75,63.82
$GC,12482,-1.11,-146.6,2522,1800,3416,3364,962.9,-7.5,394,12487,0.00,2.22,0.00,0.000,516,0.000,0.041,2522,410,3389,3415,3364,0,0,0,0,0,0,26.45,25.19,26.46,8.75,63.93
$GC,12560,-1.11,-146.6,2521,410,3415,3364,966.2,-7.5,395,12567,0.00,2.10,0.00,0.000,1030,0.000,0.026,2512,1798,3389,3415,3363,0,0,0,0,0,0,25.72,25.65,25.75,8.75,63.70
$GC,12767,-1.11,-146.6,2512,1798,3415,3363,983.6,-7.2,401,12771,0.00,2.22,0.00,0.000,260,0.000,0.040,2502,3198,3388,3414,3363,0,0,0,0,0,0,26.45,25.28,26.46,8.75,63.86
$GC,12834,-1.11,-146.6,2502,3200,3414,3362,986.9,-7.2,402,12838,0.00,2.12,0.00,0.000,1030,0.000,0.024,2502,1791,3388,3414,3362,0,0,0,0,0,0,25.75,25.67,25.77,8.75,64.13
$STATE,12891,end dive,TARGET_DEPTH_EXCEEDED
$STATE,12891,begin apogee
$GC,12899,-0.42,0.0,2498,2250,3414,3362,992.7,-7.1,404,13039,0.77,0.00,136.20,1.343,10246,0.106,0.000,2748,2250,2805,2900,2710,0,0,0,0,0,0,24.53,23.88,22.82,8.75,64.60
$STATE,13040,end apogee,CONTROL_FINISHED_OK
$STATE,13041,begin climb
$GC,13044,1.09,146.6,2749,2250,2899,2709,997.5,0.0,407,13202,1.42,2.47,145.65,1.291,10500,0.067,0.043,3233,3638,2205,2290,2121,0,0,0,0,0,0,24.21,23.47,22.42,8.70,62.24
$GC,13367,0.96,157.4,3233,3638,2290,2121,975.6,9.5,415,13385,0.17,2.10,11.57,1.138,13318,0.135,0.024,3189,2240,2161,2245,2077,0,0,0,0,0,0,25.21,25.70,23.74,8.65,62.16
$GC,13582,0.98,180.0,3189,2241,2245,2076,953.7,9.0,421,13611,0.00,2.30,23.60,1.237,8452,0.000,0.043,3189,3645,2070,2162,1978,0,0,0,0,0,0,26.32,24.50,23.68,8.63,63.07
$GC,13672,1.00,199.2,3189,3645,2162,1977,946.7,9.1,422,13699,0.00,2.12,20.38,1.214,9222,0.000,0.024,3194,2245,1989,2097,1881,0,0,0,0,0,0,25.75,25.67,23.56,8.62,62.87
$GC,13901,1.01,208.7,3193,2246,2097,1881,923.3,9.6,428,13913,0.00,0.00,9.75,1.109,8198,0.000,0.000,3194,2246,1954,2069,1840,0,0,0,0,0,0,26.27,25.08,23.91,8.62,63.50
$GC,14101,1.02,220.2,3193,2246,2068,1837,904.4,9.5,433,14120,0.00,2.30,12.68,1.160,8452,0.000,0.044,3194,3648,1905,2027,1784,0,0,0,0,0,0,26.29,25.14,23.90,8.61,64.21
$GC,14182,1.03,229.5,3193,3648,2027,1784,896.4,9.6,435,14198,0.00,2.10,10.68,1.124,9222,0.000,0.024,3200,2247,1869,1995,1743,0,0,0,0,0,0,25.85,25.79,23.81,8.61,64.13
$GC,14418,1.05,243.9,3200,2248,1993,1741,874.1,9.3,441,14439,0.00,2.28,15.48,1.184,8452,0.000,0.044,3200,3649,1809,1942,1676,0,0,0,0,0,0,26.28,25.08,23.87,8.60,64.60
$GC,14482,1.06,257.2,3200,3649,1942,1676,870.1,9.4,442,14502,0.00,2.12,14.18,1.159,9222,0.000,0.024,3209,2249,1754,1895,1614,0,0,0,0,0,0,25.79,25.72,23.70,8.60,64.49
$GC,14702,1.07,270.8,3208,2249,1895,1614,847.1,9.4,448,14718,0.00,0.00,14.12,1.154,8198,0.000,0.000,3209,2249,1701,1848,1554,0,0,0,0,0,0,26.25,25.02,23.88,8.59,64.68
$GC,14904,1.14,290.1,3208,2249,1846,1552,829.0,9.1,453,14926,0.08,0.00,19.40,1.187,10246,0.099,0.000,3293,2249,1621,1775,1467,0,0,0,0,0,0,26.03,24.91,23.79,8.58,64.37
$GC,15101,1.14,290.1,3292,2249,1773,1466,808.2,10.5,458,15109,0.12,2.25,0.00,0.000,4356,0.127,0.044,3253,3649,1619,1773,1466,0,0,0,0,0,0,25.72,25.58,25.79,8.57,65.19
$GC,15184,1.14,290.1,3252,3649,1773,1466,799.6,10.4,460,15188,0.00,2.12,0.00,0.000,1030,0.000,0.024,3261,2238,1619,1773,1466,0,0,0,0,0,0,25.89,25.82,25.91,8.57,64.92
$GC,15387,1.14,290.1,3260,2239,1773,1466,779.0,10.1,465,15394,0.00,2.25,0.00,0.000,260,0.000,0.044,3261,3645,1619,1773,1466,0,0,0,0,0,0,26.34,25.50,26.35,8.57,65.23
$GC,15431,1.14,290.1,3260,3645,1773,1466,774.6,10.2,466,15435,0.00,2.10,0.00,0.000,1030,0.000,0.024,3270,2242,1619,1773,1465,0,0,0,0,0,0,25.88,25.82,25.91,8.56,64.84
$GC,15630,1.14,290.1,3270,2242,1773,1466,753.5,10.5,471,15634,0.00,2.15,0.00,0.000,516,0.000,0.037,3280,864,1619,1773,1465,0,0,0,0,0,0,26.36,25.53,26.38,8.56,65.39
$GC,15675,1.14,290.1,3280,864,1773,1466,748.8,10.6,472,15680,0.00,2.12,0.00,0.000,1030,0.000,0.028,3280,2259,1619,1773,1466,0,0,0,0,0,0,25.77,25.68,25.80,8.56,65.16
$GC,15874,1.14,290.1,3279,2258,1773,1465,726.7,11.0,477,15881,0.00,2.22,0.00,0.000,260,0.000,0.044,3280,3650,1619,1773,1465,0,0,0,0,0,0,26.38,25.39,26.39,8.56,65.12
$GC,15934,1.14,290.1,3279,3650,1773,1464,721.8,11.3,478,15939,0.12,2.12,0.00,0.000,5126,0.135,0.024,3249,2242,1619,1773,1465,0,0,0,0,0,0,25.39,25.77,25.48,8.55,65.35
$GC,16153,1.14,290.1,3249,2243,1773,1465,695.3,11.2,484,16157,0.00,2.15,0.00,0.000,516,0.000,0.036,3258,866,1619,1773,1465,0,0,0,0,0,0,26.39,25.45,26.40,8.56,65.79
$GC,16214,1.14,290.1,3257,866,1773,1465,690.3,11.2,485,16218,0.00,2.12,0.00,0.000,1030,0.000,0.028,3257,2256,1619,1773,1465,0,0,0,0,0,0,25.71,25.63,25.75,8.55,65.51
$GC,16437,1.14,290.1,3257,2257,1773,1465,663.0,11.3,491,16439,0.00,0.00,0.00,0.000,6,0.000,0.000,3258,2257,1619,1773,1465,0,0,0,0,0,0,26.39,26.41,26.41,8.56,65.16
$GC,16638,1.14,290.1,3257,2256,1773,1464,640.4,11.2,496,16641,0.00,2.20,0.00,0.000,516,0.000,0.037,3266,858,1619,1773,1465,0,0,0,0,0,0,26.39,25.40,26.41,8.55,65.67
$GC,16700,1.14,290.1,3266,858,1773,1465,635.5,11.2,497,16706,0.00,2.15,0.00,0.000,1030,0.000,0.029,3267,2259,1619,1773,1465,0,0,0,0,0,0,25.67,25.59,25.71,8.56,65.59
$GC,16921,1.14,290.1,3266,2259,1773,1464,609.1,11.0,503,16926,0.00,2.28,0.00,0.000,260,0.000,0.044,3267,3653,1619,1773,1465,0,0,0,0,0,0,26.40,25.26,26.41,8.55,65.63
$GC,16978,1.14,290.1,3266,3653,1773,1465,604.2,11.0,504,16983,0.00,2.12,0.00,0.000,1030,0.000,0.024,3275,2242,1618,1773,1464,0,0,0,0,0,0,25.79,25.72,25.82,8.55,65.67
$GC,17167,1.14,290.1,3275,2241,1773,1464,582.4,10.8,509,17168,0.00,0.00,0.00,0.000,6,0.000,0.000,3276,2242,1619,1773,1465,0,0,0,0,0,0,26.40,26.41,26.41,8.55,66.46
$GC,17368,1.14,290.1,3275,2242,1773,1465,561.7,10.3,514,17370,0.00,0.00,0.00,0.000,6,0.000,0.000,3275,2241,1619,1773,1465,0,0,0,0,0,0,26.40,26.41,26.41,8.54,65.27
$GC,17567,1.14,290.1,3275,2242,1773,1465,541.2,10.3,519,17568,0.00,0.00,0.00,0.000,6,0.000,0.000,3276,2242,1618,1773,1464,0,0,0,0,0,0,26.41,26.42,26.42,8.55,65.79
$GC,17767,1.14,290.1,3275,2242,1773,1464,520.8,10.2,524,17769,0.00,0.00,0.00,0.000,6,0.000,0.000,3275,2241,1619,1773,1465,0,0,0,0,0,0,26.41,26.43,26.42,8.55,65.90
$GC,17967,1.14,290.1,3275,2241,1773,1464,500.7,10.0,529,17968,0.00,0.00,0.00,0.000,6,0.000,0.000,3276,2242,1619,1773,1465,0,0,0,0,0,0,26.41,26.42,26.42,8.55,66.02
$GC,18168,1.14,290.1,3275,2241,1773,1464,480.1,10.3,534,18172,0.00,2.15,0.00,0.000,516,0.000,0.036,3285,863,1618,1773,1464,0,0,0,0,0,0,26.41,25.32,26.42,8.55,65.75
$GC,18214,1.14,290.1,3285,863,1774,1465,475.5,10.3,535,18219,0.10,2.12,0.00,0.000,5126,0.134,0.028,3254,2251,1618,1773,1464,0,0,0,0,0,0,25.29,25.54,25.37,8.55,65.83
$GC,18414,1.14,290.1,3253,2251,1773,1464,454.8,10.3,540,18421,0.00,2.25,0.00,0.000,260,0.000,0.044,3254,3648,1619,1773,1465,0,0,0,0,0,0,26.41,25.15,26.42,8.56,65.71
$GC,18455,1.14,290.1,3253,3648,1773,1465,450.3,10.4,541,18459,0.00,2.10,0.00,0.000,1030,0.000,0.024,3262,2248,1618,1773,1464,0,0,0,0,0,0,25.76,25.70,25.78,8.56,65.39
$GC,18658,1.14,290.1,3261,2247,1773,1464,428.8,10.6,546,18662,0.00,2.17,0.00,0.000,516,0.000,0.037,3270,861,1618,1773,1464,0,0,0,0,0,0,26.41,25.31,26.42,8.56,65.94
$GC,18711,1.14,290.1,3270,862,1773,1464,424.3,10.6,547,18715,0.00,2.12,0.00,0.000,1030,0.000,0.028,3270,2249,1618,1773,1464,0,0,0,0,0,0,25.61,25.53,25.65,8.56,65.23
$GC,18904,1.14,290.1,3270,2249,1773,1464,402.7,10.7,552,18905,0.00,0.00,0.00,0.000,6,0.000,0.000,3270,2249,1618,1773,1464,0,0,0,0,0,0,26.41,26.43,26.42,8.57,65.08
$GC,19104,1.14,290.1,3270,2249,1773,1464,381.0,10.8,557,19105,0.00,0.00,0.00,0.000,6,0.000,0.000,3270,2249,1618,1773,1464,0,0,0,0,0,0,26.41,26.43,26.43,8.57,66.10
$GC,19304,1.14,290.1,3270,2249,1773,1464,359.6,10.7,562,19306,0.00,0.00,0.00,0.000,6,0.000,0.000,3270,2249,1618,1773,1464,0,0,0,0,0,0,26.41,26.43,26.43,8.57,65.27
$GC,19504,1.14,290.1,3270,2249,1773,1464,338.9,10.3,567,19508,0.00,2.22,0.00,0.000,516,0.000,0.036,3280,858,1618,1773,1464,0,0,0,0,0,0,26.42,25.29,26.43,8.57,65.27
$GC,19541,1.14,290.1,3279,858,1773,1464,338.9,10.3,567,19548,0.00,2.12,0.00,0.000,1030,0.000,0.029,3280,2248,1618,1773,1464,0,0,0,0,0,0,25.58,25.49,25.61,8.58,65.59
$GC,19749,1.15,290.5,3279,2248,1774,1464,314.4,10.0,573,19751,0.00,0.00,0.00,0.000,6,0.000,0.000,3280,2248,1618,1773,1464,0,0,0,0,0,0,26.42,26.43,26.43,8.58,65.23
$GC,19948,1.16,305.3,3279,2248,1773,1464,295.6,9.3,578,19964,0.00,0.00,14.05,0.873,8198,0.000,0.000,3280,2249,1560,1720,1401,0,0,0,0,0,0,26.42,25.07,24.07,8.58,64.92
$GC,20150,1.17,315.5,3279,2248,1718,1398,276.5,9.5,583,20166,0.00,2.20,10.50,0.827,8708,0.000,0.034,3289,863,1516,1680,1353,0,0,0,0,0,0,26.34,24.79,24.12,8.58,65.04
$GC,20213,1.18,324.9,3289,863,1680,1353,273.0,9.6,584,20228,0.00,2.17,9.88,0.812,9222,0.000,0.028,3289,2255,1480,1645,1315,0,0,0,0,0,0,25.66,25.63,24.01,8.58,64.92
$GC,20427,1.18,324.9,3289,2255,1643,1312,248.2,10.4,590,20429,0.00,0.00,0.00,0.000,6,0.000,0.000,3289,2255,1477,1643,1312,0,0,0,0,0,0,26.30,26.32,26.32,8.57,64.92
$GC,20628,1.18,324.9,3289,2255,1643,1312,227.5,10.4,595,20629,0.00,0.00,0.00,0.000,6,0.000,0.000,3289,2255,1478,1643,1313,0,0,0,0,0,0,26.36,26.37,26.37,8.57,64.33
$GC,20829,1.18,324.9,3289,2255,1643,1312,206.7,10.4,600,20833,0.00,2.20,0.00,0.000,516,0.000,0.037,3289,856,1477,1642,1312,0,0,0,0,0,0,26.39,25.38,26.39,8.58,64.68
$GC,20880,1.18,324.9,3289,856,1643,1313,202.1,10.4,601,20885,0.00,2.15,0.00,0.000,1030,0.000,0.029,3289,2260,1477,1642,1312,0,0,0,0,0,0,25.65,25.56,25.67,8.58,64.37
$GC,21074,1.18,324.9,3288,2260,1643,1312,180.3,11.2,610,21076,0.00,0.00,0.00,0.000,6,0.000,0.000,3289,2260,1477,1643,1312,0,0,0,0,0,0,26.39,26.41,26.41,8.59,64.21
$GC,21254,1.18,324.9,3289,2260,1643,1312,159.5,11.8,619,21255,0.00,0.00,0.00,0.000,6,0.000,0.000,3289,2260,1477,1643,1312,0,0,0,0,0,0,26.40,26.41,26.41,8.59,63.82
$GC,21434,1.18,324.9,3289,2260,1643,1312,138.9,11.3,628,21439,0.00,2.22,0.00,0.000,260,0.000,0.044,3289,3648,1478,1643,1313,0,0,0,0,0,0,26.41,25.14,26.41,8.59,64.29
$GC,21486,1.18,324.9,3289,3648,1643,1312,133.8,11.2,630,21490,0.00,2.10,0.00,0.000,1030,0.000,0.024,3289,2252,1477,1642,1312,0,0,0,0,0,0,25.75,25.69,25.78,8.59,64.29
$GC,21680,1.18,324.9,3289,2251,1643,1313,111.9,11.1,640,21686,0.00,2.25,0.00,0.000,260,0.000,0.043,3289,3649,1477,1642,1312,0,0,0,0,0,0,26.41,25.15,26.42,8.59,64.01
$GC,21755,1.18,324.9,3289,3649,1643,1312,104.4,11.8,643,21763,0.00,2.10,0.00,0.000,1030,0.000,0.023,3289,2243,1477,1643,1312,0,0,0,0,0,0,25.77,25.70,25.79,8.59,64.45
$GC,21942,1.20,340.5,3289,2244,1643,1312,82.9,9.3,653,21962,0.00,2.22,14.27,0.735,8708,0.000,0.035,3289,858,1412,1582,1243,0,0,0,0,0,0,26.41,25.20,24.23,8.60,63.86
$GC,22102,1.20,346.7,3289,858,1583,1243,69.7,9.7,660,22115,0.00,2.12,6.10,0.620,9222,0.000,0.027,3289,2260,1390,1559,1221,0,0,0,0,0,0,25.74,25.65,24.20,8.61,63.86
$GC,22309,1.32,462.6,3289,2260,1559,1221,59.6,4.7,671,22439,0.00,0.00,117.43,0.725,8198,0.000,0.000,3289,2259,919,1018,820,0,0,0,0,2,0,26.35,24.51,23.65,8.65,65.12
$GC,22612,1.45,482.4,3289,2259,1012,817,35.3,9.1,694,22641,0.12,2.17,18.83,0.669,10756,0.064,0.034,3407,871,834,919,749,0,0,0,0,0,0,25.96,24.65,24.12,8.70,65.12
$GC,22657,1.45,482.4,3406,871,918,750,30.7,10.1,698,22665,0.17,2.10,0.00,0.000,5126,0.122,0.027,3352,2259,834,918,750,0,0,0,0,0,0,25.29,25.60,25.44,8.70,64.84
$GC,22849,1.45,482.4,3352,2259,918,750,11.3,10.1,717,22858,0.00,2.20,0.00,0.000,260,0.000,0.042,3353,3648,834,918,750,0,0,0,0,0,0,26.27,25.51,26.28,8.75,63.90
$STATE,22929,end climb,SURFACE_DEPTH_REACHED
$STATE,22930,begin surface coast
$FINISH,-0.2,1.022316
$STATE,22953,end surface coast,CONTROL_FINISHED_OK
$STATE,22953,begin surface
$SM_CCo,23037,0.00,0.000,0,0,834,483.98
$SM_GC,-0.01,8.25,2.85,0.00,0.031,0.024,0.000,170,1808,834,-8.30,1.95,483.98,0,0,0,0,0,0,25.89,25.72,25.93
$IRIDIUM_FIX,836.60,-14309.12,040525,115323
$TT8_MAMPS,0.026964,0.396221
$HUMID,59.49
$INTERNAL_PRESSURE,8.73208
$TCM_TEMP,19.10
$XPDR_PINGS,0
$ALTIM_TOP_PING,19.3,20.0
$24V_AH,22.42,112.616
$10V_AH,9.59,70.025
$FG_AHR_24Vo,0.000
$FG_AHR_10Vo,0.000
$DEVICES,Pitch_motor,Roll_motor,VBD_pump_during_apogee,VBD_pump_during_surface,VBD_valve,Iridium_during_init,Iridium_during_connect,Iridium_during_xfer,Transponder_ping,GUMSTIX_24V,GPS,TT8,LPSleep,TT8_Active,TT8_Sampling,TT8_CF8,TT8_Kalman,Analog_circuits,GPS_charging,Compass,RAFOS,Transponder,Compass2
$DEVICE_SECS,22.500,284.350,624.725,0.000,0.000,0.000,0.000,293.300,0.250,0.000,24.491,3142.021,15898.569,838.700,3067.370,525.362,0.000,2747.909,0.000,2629.873,0.000,2.764,0.000
$DEVICE_MAMPS,199.665,49.725,1343.340,0.000,0.000,0.000,0.000,89.505,420.000,0.000,30.710,15.210,2.190,15.210,43.670,53.410,0.000,14.000,0.000,8.240,0.000,30.000,0.000
$SENSORS,SBE_CT,WL_blue_red_Chl,AA4330,nil,nil,nil,nil,nil,nil,nil
$SENSOR_SECS,631.351,0.000,971.879,0.000,0.000,0.000,0.000,0.000,0.000,0.000
$SENSOR_MAMPS,22.470,0.000,11.230,0.000,0.000,0.000,0.000,0.000,0.000,0.000
$MEM,311984
$DATA_FILE_SIZE,52054,727
$CAP_FILE_SIZE,253251,0
$CFSIZE,2097872896,2001993728
$ERRORS,0,0,0,0,0,0,0,0,0,0,0,0,0,2,3,0
$CURRENT,0.126,61.57,1
$GPS,190905,005719,841.086,-14307.786,45,1.2,162,9.3,0.0,246.7,8,2.9
