version: 66.11
glider: 175
mission: 7
dive: 17
start: 2 22 125 10 34 47
data:
$ID,175
$MISSION,7
$DIVE,17
$N_DIVES,0
$D_SURF,3
$D_FLARE,3
$D_TGT,100
$D_ABORT,1090
$D_NO_BLEED,50
$D_BOOST,3
$T_BOOST,0
$D_FINISH,0
$D_PITCH,0
$D_SAFE,0
$D_CALL,0
$SURFACE_URGENCY,0
$SURFACE_URGENCY_TRY,0
$SURFACE_URGENCY_FORCE,0
$T_DIVE,45
$T_MISSION,60
$T_ABORT,1440
$T_TURN,300
$T_TURN_SAMPINT,5
$T_NO_W,120
$T_LOITER,0
$T_EPIRB,0
$USE_BATHY,0
$USE_ICE,0
$ICE_FREEZE_MARGIN,0.30000001
$D_OFFGRID,100
$T_WATCHDOG,10
$RELAUNCH,1
$APOGEE_PITCH,-8
$MAX_BUOY,150
$COURSE_BIAS,0
$GLIDE_SLOPE,30
$SPEED_FACTOR,1
$RHO,1.023
$MASS,51682
$MASS_COMP,0
$NAV_MODE,2
$FERRY_MAX,45
$KALMAN_USE,2
$HD_A,0.003
$HD_B,0.0099999998
$HD_C,9.9999997e-06
$HEADING,-1
$ESCAPE_HEADING,0
$ESCAPE_HEADING_DELTA,10
$FIX_MISSING_TIMEOUT,0
$TGT_DEFAULT_LAT,4743
$TGT_DEFAULT_LON,-12225
$TGT_AUTO_DEFAULT,0
$SM_CC,300
$N_FILEKB,4
$FILEMGR,0
$CALL_NDIVES,1
$COMM_SEQ,0
$PROTOCOL,9
$N_NOCOMM,1
$NOCOMM_ACTION,0
$N_NOSURFACE,0
$UPLOAD_DIVES_MAX,-1
$CALL_TRIES,5
$CALL_WAIT,60
$CAPUPLOAD,1
$CAPMAXSIZE,200000
$HEAPDBG,0
$T_GPS,15
$N_GPS,30
$T_GPS_ALMANAC,0
$T_GPS_CHARGE,-32379.812
$T_RSLEEP,2
$STROBE,0
$RAFOS_PEAK_OFFSET,1.5
$RAFOS_CORR_THRESH,60
$RAFOS_HIT_WINDOW,3600
$PITCH_MIN,146
$PITCH_MAX,3935
$C_PITCH,2961
$PITCH_DBAND,0.0099999998
$PITCH_CNV,0.003125763
$P_OVSHOOT,0.039999999
$PITCH_GAIN,30
$PITCH_TIMEOUT,17
$PITCH_AD_RATE,160
$PITCH_MAXERRORS,1
$PITCH_ADJ_GAIN,0.02
$PITCH_ADJ_DBAND,2.5
$ROLL_MIN,171
$ROLL_MAX,3723
$ROLL_DEG,40
$C_ROLL_DIVE,2067
$C_ROLL_CLIMB,1962
$HEAD_ERRBAND,10
$ROLL_CNV,0.028270001
$ROLL_TIMEOUT,15
$R_PORT_OVSHOOT,59
$R_STBD_OVSHOOT,53
$ROLL_AD_RATE,300
$ROLL_MAXERRORS,2
$ROLL_ADJ_GAIN,0
$ROLL_ADJ_DBAND,0
$VBD_MIN,465
$VBD_MAX,3960
$C_VBD,2701
$VBD_DBAND,2
$VBD_CNV,-0.25119999
$VBD_TIMEOUT,720
$PITCH_VBD_SHIFT,0.0012300001
$VBD_PUMP_AD_RATE_SURFACE,5
$VBD_PUMP_AD_RATE_APOGEE,4
$VBD_BLEED_AD_RATE,8
$UNCOM_BLEED,60
$VBD_MAXERRORS,1
$W_ADJ_DBAND,2
$DBDW,0
$PITCH_W_GAIN,0
$PITCH_W_DBAND,1
$CF8_MAXERRORS,5
$AH0_24V,145
$AH0_10V,95
$MINV_24V,19
$MINV_10V,8
$FG_AHR_10V,0
$FG_AHR_24V,0
$PHONE_SUPPLY,2
$PRESSURE_YINT,-35.829002
$PRESSURE_SLOPE,0.0001165895
$AD7714Ch0Gain,128
$TCM_PITCH_OFFSET,0
$TCM_ROLL_OFFSET,0
$COMPASS_USE,4
$ALTIM_BOTTOM_PING_RANGE,0
$ALTIM_TOP_PING_RANGE,20
$ALTIM_BOTTOM_TURN_MARGIN,10
$ALTIM_TOP_TURN_MARGIN,0
$ALTIM_TOP_MIN_OBSTACLE,1
$ALTIM_PING_DEPTH,100
$ALTIM_PING_DELTA,5
$ALTIM_FREQUENCY,13
$ALTIM_PULSE,3
$ALTIM_SENSITIVITY,3
$XPDR_VALID,5
$XPDR_INHIBIT,90
$INT_PRESSURE_SLOPE,0.0097660003
$INT_PRESSURE_YINT,-0.40000001
$DEEPGLIDER,0
$DEEPGLIDERMB,0
$MOTHERBOARD,4
$DEVICE1,2
$DEVICE2,20
$DEVICE3,-1
$DEVICE4,-1
$DEVICE5,-1
$DEVICE6,-1
$LOGGERS,7
$LOGGERDEVICE1,-1
$LOGGERDEVICE2,-1
$LOGGERDEVICE3,-1
$LOGGERDEVICE4,-1
$COMPASS_DEVICE,33
$COMPASS2_DEVICE,-1
$PHONE_DEVICE,49
$GPS_DEVICE,32
$RAFOS_DEVICE,-1
$XPDR_DEVICE,24
$SIM_W,0
$SIM_PITCH,0
$SEABIRD_T_G,0.0043275012
$SEABIRD_T_H,0.0006214368
$SEABIRD_T_I,2.2085376e-05
$SEABIRD_T_J,2.2233748e-06
$SEABIRD_C_G,-10.084761
$SEABIRD_C_H,1.1595923
$SEABIRD_C_I,-0.0010180317
$SEABIRD_C_J,0.00017345669
$GPS1,220225,103111,4743.308,-12223.547,12,1.4,12,18.2
$_CALLS,1
$_XMS_NAKs,0
$_XMS_TOUTs,0
$_SM_DEPTHo,-0.03
$_SM_ANGLEo,-71.7
$GPS2,220225,103422,4743.328,-12223.522,9,1.2,14,18.2
$SPEED_LIMITS,0.128,0.234
$TGT_NAME,NORTH
$TGT_LATLONG,4744.500,-12223.750
$TGT_RADIUS,200.000
$KALMAN_CONTROL,0.000,0.000
$KALMAN_X,0.0,0.0,0.0,0.0,0.0
$KALMAN_Y,0.0,0.0,0.0,0.0,0.0
$MHEAD_RNG_PITCHd_Wd,341.4,2189,-12.9,-7.407,-17.59,2982
$D_GRID,100
$GCHEAD,st_secs,pitch_ctl,vbd_ctl,pitch_ad_start,roll_ad_start,vbd_pot1_ad_start,vbd_pot2_ad_start,depth,ob_vertv,data_pts,end_secs,pitch_secs,roll_secs,vbd_secs,vbd_i,gcphase,pitch_i,roll_i,pitch_ad,roll_ad,vbd_ad,vbd_pot1_ad,vbd_pot2_ad,pitch_retries,pitch_errors,roll_retries,roll_errors,vbd_retries,vbd_errors,pitch_volts,roll_volts,vbd_volts
$STATE,13,end surface,CONTROL_FINISHED_OK
$STATE,13,begin dive
$GC,15,-0.61,-146.6,136,2077,1584,1406,0.0,0.0,0,99,0.00,0.00,-78.15,0.000,16390,0.000,0.000,136,2078,3286,3384,3188,0,0,0,0,0,0,28.83,28.83,26.43
$GC,101,-0.61,-146.6,136,2078,3386,3189,2.9,-7.2,8,121,10.80,2.12,0.00,0.000,2820,0.225,0.026,2759,669,3295,3400,3190,0,0,0,0,0,0,25.07,25.91,28.83
$GC,437,-0.61,-146.6,2759,669,3408,3188,32.0,-6.2,40,446,0.00,2.05,0.00,0.000,3078,0.000,0.025,2756,2062,3298,3409,3188,0,0,0,0,0,0,28.83,25.99,28.83
$GC,477,-0.61,-146.6,2755,2062,3409,3188,34.3,-5.9,44,486,0.00,2.10,0.00,0.000,2564,0.000,0.034,2756,674,3298,3409,3187,0,0,0,0,0,0,28.83,25.87,28.83
$GC,541,-0.61,-146.6,2756,674,3409,3187,38.4,-6.4,50,550,0.00,2.05,0.00,0.000,3078,0.000,0.024,2756,2069,3298,3409,3187,0,0,0,0,0,0,28.83,26.02,28.83
$GC,581,-0.61,-146.6,2756,2069,3409,3187,40.7,-5.6,54,582,0.00,0.00,0.00,0.000,2054,0.000,0.000,2756,2069,3298,3409,3187,0,0,0,0,0,0,28.83,28.83,28.83
$GC,610,-0.61,-146.6,2756,2069,3409,3187,42.3,-5.6,57,612,0.00,0.00,0.00,0.000,2054,0.000,0.000,2756,2069,3298,3409,3187,0,0,0,0,0,0,28.83,28.83,28.83
$GC,640,-0.61,-146.6,2756,2069,3409,3187,44.0,-5.7,60,642,0.00,0.00,0.00,0.000,2054,0.000,0.000,2756,2069,3298,3409,3187,0,0,0,0,0,0,28.83,28.83,28.83
$GC,671,-0.61,-146.6,2756,2069,3409,3187,45.6,-5.3,63,672,0.00,0.00,0.00,0.000,2054,0.000,0.000,2756,2069,3298,3409,3187,0,0,0,0,0,0,28.83,28.83,28.83
$GC,701,-0.61,-146.6,2756,2069,3409,3187,47.3,-5.6,66,702,0.00,0.00,0.00,0.000,2054,0.000,0.000,2756,2068,3298,3409,3187,0,0,0,0,0,0,28.83,28.83,28.83
$GC,730,-0.61,-146.6,2756,2069,3409,3187,49.1,-5.9,69,732,0.00,0.00,0.00,0.000,2054,0.000,0.000,2756,2069,3297,3408,3187,0,0,0,0,0,0,28.83,28.83,28.83
$GC,761,-0.61,-146.6,2756,2069,3409,3187,50.9,-5.8,72,762,0.00,0.00,0.00,0.000,2054,0.000,0.000,2756,2069,3298,3409,3187,0,0,0,0,0,0,28.83,28.83,28.83
$GC,790,-0.61,-146.6,2756,2069,3410,3187,52.6,-5.7,75,792,0.00,0.00,0.00,0.000,2054,0.000,0.000,2756,2069,3298,3409,3187,0,0,0,0,0,0,28.83,28.83,28.83
$GC,821,-0.61,-146.6,2756,2069,3409,3187,54.2,-5.4,78,823,0.00,0.00,0.00,0.000,2054,0.000,0.000,2756,2069,3298,3409,3187,0,0,0,0,0,0,28.83,28.83,28.83
$GC,850,-0.61,-146.6,2756,2069,3409,3186,55.9,-5.5,81,852,0.00,0.00,0.00,0.000,2054,0.000,0.000,2756,2069,3298,3409,3187,0,0,0,0,0,0,28.83,28.83,28.83
$GC,880,-0.61,-146.6,2756,2069,3409,3187,57.5,-5.6,84,882,0.00,0.00,0.00,0.000,2054,0.000,0.000,2756,2069,3298,3409,3187,0,0,0,0,0,0,28.83,28.83,28.83
$GC,910,-0.61,-146.6,2756,2069,3409,3186,59.3,-5.9,87,912,0.00,0.00,0.00,0.000,2054,0.000,0.000,2756,2069,3298,3409,3187,0,0,0,0,0,0,28.83,28.83,28.83
$GC,941,-0.61,-146.6,2756,2069,3409,3186,61.4,-6.5,90,942,0.00,0.00,0.00,0.000,2054,0.000,0.000,2756,2069,3298,3409,3187,0,0,0,0,0,0,28.83,28.83,28.83
$GC,970,-0.61,-146.6,2756,2069,3409,3186,63.4,-6.9,93,972,0.00,0.00,0.00,0.000,2054,0.000,0.000,2756,2069,3297,3409,3186,0,0,0,0,0,0,28.83,28.83,28.83
$GC,1000,-0.61,-146.6,2756,2069,3409,3187,65.3,-6.9,96,1002,0.00,0.00,0.00,0.000,2054,0.000,0.000,2756,2069,3298,3409,3187,0,0,0,0,0,0,28.83,28.83,28.83
$GC,1030,-0.61,-146.6,2756,2069,3409,3187,67.5,-6.8,99,1032,0.00,0.00,0.00,0.000,2054,0.000,0.000,2756,2069,3297,3409,3186,0,0,0,0,0,0,28.83,28.83,28.83
$GC,1061,-0.61,-146.6,2756,2069,3408,3187,69.6,-7.0,102,1064,0.00,2.10,0.00,0.000,2564,0.000,0.033,2756,672,3297,3409,3186,0,0,0,0,0,0,28.83,25.94,28.83
$GC,1113,-0.61,-146.6,2756,670,3408,3186,73.3,-7.2,107,1123,0.00,2.05,0.00,0.000,3078,0.000,0.026,2756,2066,3297,3409,3186,0,0,0,0,0,0,28.83,26.06,28.83
$GC,1154,-0.61,-146.6,2756,2066,3409,3186,76.2,-6.9,111,1155,0.00,0.00,0.00,0.000,2054,0.000,0.000,2756,2066,3297,3409,3186,0,0,0,0,0,0,28.83,28.83,28.83
$GC,1184,-0.61,-146.6,2756,2066,3409,3186,78.2,-7.0,114,1185,0.00,0.00,0.00,0.000,2054,0.000,0.000,2756,2066,3297,3409,3186,0,0,0,0,0,0,28.83,28.83,28.83
$GC,1214,-0.61,-146.6,2756,2066,3409,3186,80.1,-6.5,117,1215,0.00,0.00,0.00,0.000,2054,0.000,0.000,2756,2066,3297,3409,3186,0,0,0,0,0,0,28.83,28.83,28.83
$GC,1244,-0.61,-146.6,2756,2066,3409,3186,81.9,-6.2,120,1245,0.00,0.00,0.00,0.000,2054,0.000,0.000,2756,2066,3297,3408,3186,0,0,0,0,0,0,28.83,28.83,28.83
$GC,1274,-0.61,-146.6,2756,2066,3409,3186,83.7,-6.0,123,1275,0.00,0.00,0.00,0.000,2054,0.000,0.000,2756,2066,3297,3409,3186,0,0,0,0,0,0,28.83,28.83,28.83
$GC,1304,-0.61,-146.6,2756,2066,3409,3186,85.5,-5.9,126,1305,0.00,0.00,0.00,0.000,2054,0.000,0.000,2756,2066,3297,3409,3186,0,0,0,0,0,0,28.83,28.83,28.83
$GC,1334,-0.61,-146.6,2756,2066,3409,3186,87.3,-5.6,129,1335,0.00,0.00,0.00,0.000,2054,0.000,0.000,2756,2066,3297,3409,3186,0,0,0,0,0,0,28.83,28.83,28.83
$GC,1364,-0.61,-146.6,2756,2066,3409,3186,89.2,-6.3,132,1365,0.00,0.00,0.00,0.000,2054,0.000,0.000,2756,2066,3297,3409,3186,0,0,0,0,0,0,28.83,28.83,28.83
$GC,1394,-0.61,-146.6,2756,2066,3409,3186,91.1,-6.5,135,1395,0.00,0.00,0.00,0.000,2054,0.000,0.000,2756,2066,3297,3409,3186,0,0,0,0,0,0,28.83,28.83,28.83
$GC,1424,-0.61,-146.6,2756,2066,3409,3186,93.3,-7.1,138,1425,0.00,0.00,0.00,0.000,2054,0.000,0.000,2756,2067,3297,3409,3186,0,0,0,0,0,0,28.83,28.83,28.83
$GC,1454,-0.61,-146.6,2756,2066,3409,3186,95.3,-6.9,141,1455,0.00,0.00,0.00,0.000,2054,0.000,0.000,2756,2067,3297,3409,3186,0,0,0,0,0,0,28.83,28.83,28.83
$GC,1484,-0.61,-146.6,2756,2066,3410,3186,97.5,-7.2,144,1485,0.00,0.00,0.00,0.000,2054,0.000,0.000,2756,2066,3297,3409,3186,0,0,0,0,0,0,28.83,28.83,28.83
$GC,1514,-0.61,-146.6,2755,2066,3409,3186,99.8,-7.7,147,1515,0.00,0.00,0.00,0.000,2054,0.000,0.000,2756,2067,3297,3409,3186,0,0,0,0,0,0,28.83,28.83,28.83
$STATE,1527,end dive,TARGET_DEPTH_EXCEEDED
$STATE,1527,begin apogee
$GC,1531,-0.27,0.0,2756,1892,3409,3186,100.4,-7.4,148,1656,0.35,0.10,119.47,0.545,10246,0.117,0.091,2870,2001,2700,2781,2619,0,0,0,0,0,0,25.60,24.94,24.01
$STATE,1657,end apogee,CONTROL_FINISHED_OK
$STATE,1657,begin climb
$GC,1658,0.61,146.6,2870,2001,2780,2617,104.9,0.0,161,1785,0.85,2.33,116.07,0.522,10756,0.086,0.037,3156,560,2116,2205,2028,0,0,0,0,0,0,25.03,24.84,23.84
$GC,1819,0.61,146.6,3156,560,2198,2027,93.3,9.5,177,1829,0.00,2.08,0.00,0.000,1030,0.000,0.021,3156,1940,2112,2198,2026,0,0,0,0,0,0,28.83,25.23,28.83
$GC,1859,0.61,146.6,3156,1940,2198,2023,89.4,9.8,181,1869,0.00,2.17,0.00,0.000,260,0.000,0.037,3156,3352,2110,2198,2023,0,0,0,0,0,0,28.83,25.27,28.83
$GC,1882,0.56,146.6,3156,3352,2198,2022,87.0,10.1,183,1892,0.00,2.05,0.00,0.000,5126,0.000,0.021,3156,1962,2110,2198,2022,0,0,0,0,0,0,28.83,25.46,28.83
$GC,1923,0.50,146.6,3156,1959,2198,2021,83.0,10.2,187,1932,0.12,2.12,0.00,0.000,4612,0.147,0.037,3125,571,2109,2198,2021,0,0,0,0,0,0,25.43,25.41,28.83
$GC,1937,0.45,146.6,3125,571,2197,2021,82.3,9.9,188,1946,0.05,2.12,0.00,0.000,5126,0.123,0.021,3108,1974,2109,2197,2021,0,0,0,0,0,0,25.40,25.60,28.83
$GC,1977,0.45,146.6,3108,1974,2197,2020,79.1,7.2,192,1978,0.00,0.00,0.00,0.000,6,0.000,0.000,3108,1974,2108,2197,2020,0,0,0,0,0,0,28.83,28.83,28.83
$GC,2006,0.45,146.6,3108,1974,2197,2020,77.0,6.5,195,2015,0.00,2.10,0.00,0.000,4356,0.000,0.037,3108,3351,2108,2197,2020,0,0,0,0,0,0,28.83,25.57,28.83
$GC,2028,0.45,146.6,3108,3351,2197,2020,75.3,7.2,197,2037,0.00,2.05,0.00,0.000,5126,0.000,0.020,3108,1949,2108,2197,2020,0,0,0,0,0,0,28.83,25.74,28.83
$GC,2068,0.45,146.6,3108,1946,2197,2019,72.1,7.9,201,2077,0.00,2.10,0.00,0.000,516,0.000,0.039,3108,575,2108,2197,2019,0,0,0,0,0,0,28.83,25.60,28.83
$GC,2101,0.45,146.6,3108,575,2197,2019,69.8,7.2,204,2110,0.00,2.03,0.00,0.000,5126,0.000,0.021,3108,1960,2108,2197,2019,0,0,0,0,0,0,28.83,25.81,28.83
$GC,2141,0.45,146.6,3107,1960,2197,2018,66.7,7.7,208,2142,0.00,0.00,0.00,0.000,6,0.000,0.000,3108,1960,2107,2197,2018,0,0,0,0,0,0,28.83,28.83,28.83
$GC,2171,0.45,146.6,3107,1960,2197,2018,64.5,7.3,211,2172,0.00,0.00,0.00,0.000,4102,0.000,0.000,3108,1960,2107,2197,2018,0,0,0,0,0,0,28.83,28.83,28.83
$GC,2201,0.45,146.6,3108,1960,2196,2018,62.3,7.4,214,2202,0.00,0.00,0.00,0.000,4102,0.000,0.000,3108,1960,2107,2197,2017,0,0,0,0,0,0,28.83,28.83,28.83
$GC,2231,0.45,146.6,3107,1960,2197,2017,60.1,7.5,217,2232,0.00,0.00,0.00,0.000,4102,0.000,0.000,3108,1960,2107,2197,2017,0,0,0,0,0,0,28.83,28.83,28.83
$GC,2261,0.45,146.6,3107,1960,2197,2017,57.8,7.7,220,2270,0.00,2.12,0.00,0.000,516,0.000,0.038,3108,571,2107,2197,2017,0,0,0,0,0,0,28.83,25.72,28.83
$GC,2283,0.45,146.6,3108,571,2196,2017,56.1,7.2,222,2293,0.00,2.03,0.00,0.000,5126,0.000,0.021,3108,1961,2107,2197,2017,0,0,0,0,0,0,28.83,25.93,28.83
$GC,2323,0.45,146.6,3108,1961,2197,2017,52.9,8.0,226,2333,0.00,2.10,0.00,0.000,260,0.000,0.037,3108,3352,2107,2197,2017,0,0,0,0,0,0,28.83,25.77,28.83
$GC,2346,0.45,146.6,3107,3352,2197,2017,51.0,7.9,228,2355,0.00,2.03,0.00,0.000,5126,0.000,0.021,3108,1953,2107,2197,2017,0,0,0,0,0,0,28.83,25.95,28.83
$GC,2386,0.45,146.6,3108,1951,2197,2017,47.9,7.8,232,2395,0.00,2.10,0.00,0.000,516,0.000,0.039,3108,568,2106,2196,2017,0,0,0,0,0,0,28.83,25.76,28.83
$GC,2410,0.45,146.6,3108,568,2196,2017,46.4,7.1,234,2420,0.00,2.08,0.00,0.000,5126,0.000,0.021,3108,1961,2106,2196,2016,0,0,0,0,0,0,28.83,25.98,28.83
$GC,2450,0.45,146.6,3108,1961,2196,2016,43.7,6.8,238,2451,0.00,0.00,0.00,0.000,4102,0.000,0.000,3108,1961,2106,2196,2016,0,0,0,0,0,0,28.83,28.83,28.83
$GC,2478,0.45,146.6,3107,1961,2197,2016,41.4,7.5,241,2479,0.00,0.00,0.00,0.000,4102,0.000,0.000,3108,1962,2106,2196,2016,0,0,0,0,0,0,28.83,28.83,28.83
$GC,2508,0.45,146.6,3107,1961,2197,2016,39.3,7.1,244,2509,0.00,0.00,0.00,0.000,4102,0.000,0.000,3108,1961,2106,2197,2016,0,0,0,0,0,0,28.83,28.83,28.83
$GC,2539,0.45,146.6,3108,1961,2197,2016,37.1,7.3,247,2540,0.00,0.00,0.00,0.000,4102,0.000,0.000,3108,1961,2106,2196,2016,0,0,0,0,0,0,28.83,28.83,28.83
$GC,2568,0.45,146.6,3107,1962,2197,2016,34.9,7.3,250,2569,0.00,0.00,0.00,0.000,6,0.000,0.000,3108,1961,2106,2197,2016,0,0,0,0,0,0,28.83,28.83,28.83
$GC,2598,0.45,146.6,3108,1961,2196,2016,32.8,6.9,253,2599,0.00,0.00,0.00,0.000,4102,0.000,0.000,3108,1961,2106,2196,2016,0,0,0,0,0,0,28.83,28.83,28.83
$GC,2628,0.45,146.6,3108,1961,2196,2016,30.6,7.2,256,2629,0.00,0.00,0.00,0.000,4102,0.000,0.000,3108,1961,2106,2196,2016,0,0,0,0,0,0,28.83,28.83,28.83
$GC,2659,0.45,146.6,3108,1961,2196,2016,28.6,6.9,259,2668,0.00,2.12,0.00,0.000,4356,0.000,0.037,3108,3363,2106,2196,2016,0,0,0,0,0,0,28.83,25.86,28.83
$GC,2681,0.45,146.6,3108,3363,2196,2016,27.0,6.9,261,2690,0.00,2.03,0.00,0.000,5126,0.000,0.021,3108,1957,2106,2197,2016,0,0,0,0,0,0,28.83,26.06,28.83
$GC,2721,0.45,146.6,3108,1953,2196,2016,24.0,7.4,265,2722,0.00,0.00,0.00,0.000,4102,0.000,0.000,3108,1953,2106,2196,2016,0,0,0,0,0,0,28.83,28.83,28.83
$GC,2751,0.45,146.6,3108,1953,2196,2016,21.9,7.1,268,2752,0.00,0.00,0.00,0.000,4102,0.000,0.000,3108,1953,2106,2197,2015,0,0,0,0,0,0,28.83,28.83,28.83
$GC,2783,0.45,146.6,3107,1953,2196,2016,19.9,6.6,271,2784,0.00,0.00,0.00,0.000,6,0.000,0.000,3108,1953,2106,2197,2016,0,0,0,0,0,0,28.83,28.83,28.83
$GC,2811,0.45,146.6,3107,1953,2196,2015,17.9,6.6,274,2812,0.00,0.00,0.00,0.000,6,0.000,0.000,3108,1953,2106,2197,2016,0,0,0,0,0,0,28.83,28.83,28.83
$GC,2841,0.45,146.6,3108,1953,2196,2016,15.9,6.6,277,2851,0.00,2.10,0.00,0.000,516,0.000,0.039,3108,565,2106,2196,2016,0,0,0,0,0,0,28.83,25.84,28.83
$GC,2865,0.45,146.6,3107,566,2196,2015,14.6,6.0,279,2874,0.00,2.08,0.00,0.000,5126,0.000,0.021,3108,1963,2105,2196,2015,0,0,0,0,0,0,28.83,26.08,28.83
$GC,2905,0.45,146.6,3108,1963,2196,2015,11.9,6.5,283,2906,0.00,0.00,0.00,0.000,6,0.000,0.000,3108,1963,2105,2196,2015,0,0,0,0,0,0,28.83,28.83,28.83
$GC,2934,0.45,146.6,3107,1962,2196,2015,9.8,6.9,286,2935,0.00,0.00,0.00,0.000,6,0.000,0.000,3108,1963,2106,2197,2015,0,0,0,0,0,0,28.83,28.83,28.83
$GC,2964,0.45,146.6,3107,1962,2197,2015,7.9,6.6,289,2965,0.00,0.00,0.00,0.000,6,0.000,0.000,3108,1963,2106,2197,2015,0,0,0,0,0,0,28.83,28.83,28.83
$GC,2994,0.45,146.6,3107,1963,2196,2015,5.9,6.6,292,3003,0.00,2.10,0.00,0.000,4612,0.000,0.038,3108,570,2105,2196,2015,0,0,0,0,0,0,28.83,25.86,28.83
$STATE,3046,end climb,SURFACE_DEPTH_REACHED
$STATE,3046,begin surface coast
$FINISH,-0.3,1.022755
$STATE,3091,end surface coast,CONTROL_FINISHED_OK
$STATE,3091,begin surface
$SM_CCo,3108,93.65,0.076,0,0,1506,300.18
$SM_GC,-0.19,8.05,2.25,93.65,0.044,0.021,0.076,133,2058,1506,-8.77,-1.44,300.18,0,0,0,0,0,0,25.86,26.08,25.60
$IRIDIUM_FIX,4722.92,-12225.08,191217,232338
$TT8_MAMPS,0.027713,0.027713
$HUMID,36.65
$INTERNAL_PRESSURE,8.78004
$TCM_TEMP,18.70
$XPDR_PINGS,17
$ALTIM_TOP_PING,19.9,21.0
$24V_AH,23.8,30.646
$10V_AH,10.2,13.656
$FG_AHR_24Vo,0.000
$FG_AHR_10Vo,0.000
$DEVICES,Pitch_motor,Roll_motor,VBD_pump_during_apogee,VBD_pump_during_surface,VBD_valve,Iridium_during_init,Iridium_during_connect,Iridium_during_xfer,Transponder_ping,GUMSTIX_24V,GPS,TT8,LPSleep,TT8_Active,TT8_Sampling,TT8_CF8,TT8_Kalman,Analog_circuits,GPS_charging,Compass,RAFOS,Transponder,Compass2
$DEVICE_SECS,20.225,58.975,235.550,93.650,0.000,0.000,0.000,0.000,5.000,0.000,17.578,879.322,963.146,435.561,945.742,52.314,0.000,971.753,0.000,610.043,0.000,7.106,0.000
$DEVICE_MAMPS,224.910,91.035,545.445,76.500,0.000,0.000,0.000,0.000,420.000,0.000,28.460,13.960,2.190,13.960,37.930,44.670,0.000,16.000,0.000,15.730,0.000,30.000,0.000
$SENSORS,SBE_CT,SBE_O2,nil,nil,nil,nil,nil,nil,nil,nil
$SENSOR_SECS,201.752,735.484,0.000,0.000,0.000,0.000,0.000,0.000,0.000,0.000
$SENSOR_MAMPS,23.220,4.490,0.000,0.000,0.000,0.000,0.000,0.000,0.000,0.000
$MEM,355100
$DATA_FILE_SIZE,13514,301
$CAP_FILE_SIZE,101437,0
$CFSIZE,260165632,255717376
$ERRORS,0,0,0,0,0,0,0,0,0,0,0,0,0,0,0,0
$CURRENT,0.017,273.5,1
$GPS,220225,112910,4743.641,-12223.599,8,1.5,25,18.2
