version: 66.14
glider: 194
mission: 13
dive: 4
start: 8 20 104 19 48 39
data:
$ID,194
$MISSION,13
$DIVE,4
$N_DIVES,0
$STOP_T,0
$D_SURF,3
$D_FLARE,2
$D_TGT,120
$D_ABORT,1090
$D_NO_BLEED,50
$D_BOOST,3
$T_BOOST,0
$D_FINISH,0
$D_PITCH,0
$D_SAFE,0
$D_CALL,0
$SURFACE_URGENCY,0
$SURFACE_URGENCY_TRY,0
$SURFACE_URGENCY_FORCE,0
$T_DIVE,40
$T_MISSION,60
$T_ABORT,1440
$T_TURN,290
$T_TURN_SAMPINT,5
$T_NO_W,120
$T_LOITER,0
$T_SLOITER,60
$T_EPIRB,0
$USE_BATHY,0
$USE_ICE,0
$ICE_FREEZE_MARGIN,0.30000001
$D_OFFGRID,100
$T_WATCHDOG,10
$RELAUNCH,1
$APOGEE_PITCH,-5
$MAX_BUOY,250
$COURSE_BIAS,0
$GLIDE_SLOPE,30
$SPEED_FACTOR,1
$RHO,1.023
$MASS,53536
$MASS_COMP,0
$NAV_MODE,2
$FERRY_MAX,45
$KALMAN_USE,2
$HD_A,0.003
$HD_B,0.0099999998
$HD_C,9.9999997e-06
$HEADING,-1
$ESCAPE_HEADING,0
$ESCAPE_HEADING_DELTA,10
$FIX_MISSING_TIMEOUT,0
$TGT_DEFAULT_LAT,4736
$TGT_DEFAULT_LON,-12225
$TGT_AUTO_DEFAULT,0
$SM_CC,410
$N_FILEKB,4
$FILEMGR,0
$CALL_NDIVES,1
$COMM_SEQ,0
$PROTOCOL,9
$N_NOCOMM,1
$NOCOMM_ACTION,0
$N_NOSURFACE,0
$UPLOAD_DIVES_MAX,-1
$CALL_TRIES,5
$CALL_WAIT,60
$CAPUPLOAD,1
$CAPMAXSIZE,200000
$HEAPDBG,0
$T_GPS,15
$N_GPS,50840
$T_RSLEEP,2
$STROBE,0
$RAFOS_PEAK_OFFSET,1.5
$RAFOS_CORR_THRESH,60
$RAFOS_HIT_WINDOW,3600
$RAFOS_MMODEM,0
$PITCH_MIN,199
$PITCH_MAX,3894
$C_PITCH,3285
$PITCH_DBAND,0.1
$PITCH_CNV,0.003125763
$P_OVSHOOT,0.039999999
$P_OVSHOOT_WITHG,0.1
$PITCH_GAIN,23
$PITCH_TIMEOUT,17
$PITCH_AD_RATE,160
$PITCH_MAXERRORS,1
$PITCH_ADJ_GAIN,0.02
$PITCH_ADJ_DBAND,2.5
$ROLL_MIN,291
$ROLL_MAX,3873
$ROLL_DEG,40
$C_ROLL_DIVE,2775
$C_ROLL_CLIMB,2775
$HEAD_ERRBAND,10
$ROLL_CNV,0.028270001
$ROLL_TIMEOUT,15
$R_PORT_OVSHOOT,75
$R_STBD_OVSHOOT,27
$ROLL_AD_RATE,350
$ROLL_MAXERRORS,2
$ROLL_ADJ_GAIN,0
$ROLL_ADJ_DBAND,0
$VBD_MIN,375
$VBD_MAX,3900
$C_VBD,2600
$VBD_DBAND,2
$VBD_CNV,-0.24529999
$VBD_LP_IGNORE,0
$VBD_TIMEOUT,720
$PITCH_VBD_SHIFT,0.001
$VBD_PUMP_AD_RATE_SURFACE,5
$VBD_PUMP_AD_RATE_APOGEE,4
$VBD_BLEED_AD_RATE,8
$UNCOM_BLEED,60
$VBD_MAXERRORS,1
$W_ADJ_DBAND,2
$DBDW,0
$PITCH_W_GAIN,0
$PITCH_W_DBAND,1
$CF8_MAXERRORS,5
$AH0_24V,142
$AH0_10V,95
$MINV_24V,19
$MINV_10V,8
$MAXI_24V,0.80000001
$MAXI_10V,0.60000002
$FG_AHR_10V,0
$FG_AHR_24V,0
$PHONE_SUPPLY,-2
$PRESSURE_YINT,-49.335606
$PRESSURE_SLOPE,0.0001158091
$AD7714Ch0Gain,128
$TCM_PITCH_OFFSET,0
$TCM_ROLL_OFFSET,0
$COMPASS_USE,4
$ALTIM_BOTTOM_PING_RANGE,0
$ALTIM_TOP_PING_RANGE,20
$ALTIM_BOTTOM_TURN_MARGIN,15
$ALTIM_TOP_TURN_MARGIN,0
$ALTIM_TOP_MIN_OBSTACLE,1
$ALTIM_PING_DEPTH,100
$ALTIM_PING_DELTA,5
$ALTIM_FREQUENCY,13
$ALTIM_PULSE,3
$ALTIM_SENSITIVITY,3
$XPDR_VALID,3
$XPDR_INHIBIT,90
$INT_PRESSURE_SLOPE,0.0097660003
$INT_PRESSURE_YINT,1.223
$DEEPGLIDER,0
$MOTHERBOARD,4
$DEVICE1,2
$DEVICE2,101
$DEVICE3,35
$DEVICE4,-1
$DEVICE5,-1
$DEVICE6,-1
$LOGGERS,0
$LOGGERDEVICE1,-1
$LOGGERDEVICE2,-1
$LOGGERDEVICE3,-1
$LOGGERDEVICE4,-1
$COMPASS_DEVICE,33
$COMPASS2_DEVICE,-1
$PHONE_DEVICE,49
$GPS_DEVICE,32
$RAFOS_DEVICE,-1
$XPDR_DEVICE,24
$SIM_W,0
$SIM_PITCH,0
$SEABIRD_T_G,0.0044215675
$SEABIRD_T_H,0.0006537037
$SEABIRD_T_I,2.627974e-05
$SEABIRD_T_J,3.2246444e-06
$SEABIRD_C_G,-9.9031057
$SEABIRD_C_H,1.1588713
$SEABIRD_C_I,-0.0017133433
$SEABIRD_C_J,0.00020981402
$SEABIRD_C_Z,2927.3301
$GPS1,200804,194405,4742.7026,-12224.5898,5,0.9,20,16.3,0.3,247.9,8,4.3
$_CALLS,1
$_XMS_NAKs,0
$_XMS_TOUTs,0
$_SM_DEPTHo,-15.07
$_SM_ANGLEo,-73.5
$GPS2,200804,194759,4742.6929,-12224.6240,7,0.9,19,16.3,0.3,263.9,8,4.9
$SPEED_LIMITS,0.173,0.325
$TGT_NAME,NORTH
$TGT_LATLONG,4744.500,-12223.750
$TGT_RADIUS,200.000
$KALMAN_CONTROL,0.000000,0.000000
$KALMAN_X,0.000000,0.000000,0.000000,0.000000,0.000000
$KALMAN_Y,0.000000,0.000000,0.000000,0.000000,0.000000
$MHEAD_RNG_PITCHd_Wd,12.4,3519,-13.0,-10.000,-17.11,3689
$D_GRID,120
$GCHEAD,st_secs,pitch_ctl,vbd_ctl,pitch_ad_start,roll_ad_start,vbd_pot1_ad_start,vbd_pot2_ad_start,depth,ob_vertv,data_pts,end_secs,pitch_secs,roll_secs,vbd_secs,vbd_i,gcphase,pitch_i,roll_i,pitch_ad,roll_ad,vbd_ad,vbd_pot1_ad,vbd_pot2_ad,pitch_retries,pitch_errors,roll_retries,roll_errors,vbd_retries,vbd_errors,pitch_volts,roll_volts,vbd_volts,int_press,humidity
$STATE,5,end surface,CONTROL_FINISHED_OK
$STATE,5,begin dive
$GC,73,-0.81,-244.4,199,2771,912,924,-15.1,-0.1,12,182,0.00,0.00,-101.97,0.000,16390,0.000,0.000,199,2772,3599,3615,3583,0,0,0,0,0,0,26.53,25.48,26.53,8.55,48.66
$GC,186,-0.81,-244.4,199,2772,3614,3584,-8.7,-20.1,30,206,12.15,1.75,0.00,0.000,2308,0.251,0.050,3007,3870,3600,3619,3582,0,0,0,0,0,0,25.19,25.78,25.58,8.79,47.63
$GC,443,-0.48,-244.4,3007,3870,3624,3580,65.0,-25.8,62,451,0.35,1.62,0.00,0.000,3078,0.155,0.032,3125,2782,3601,3624,3579,0,0,0,0,0,0,24.80,25.98,25.06,8.78,48.11
$GC,571,-0.43,-244.4,3125,2781,3627,3578,81.7,-10.8,75,575,0.00,1.80,0.00,0.000,260,0.000,0.063,3122,3882,3602,3627,3577,0,0,0,0,0,0,26.58,25.40,26.59,8.77,48.74
$GC,677,-0.37,-244.4,3121,3882,3627,3577,94.1,-11.3,85,681,0.10,1.67,0.00,0.000,3078,0.135,0.034,3154,2772,3602,3627,3577,0,0,0,0,0,0,25.53,25.94,25.66,8.77,48.85
$GC,811,-0.37,-244.4,3153,2771,3628,3577,104.2,-7.2,98,815,0.00,1.83,0.00,0.000,260,0.000,0.064,3150,3884,3602,3628,3577,0,0,0,0,0,0,26.61,25.35,26.62,8.78,48.81
$GC,952,-0.37,-244.4,3149,3884,3628,3577,116.6,-9.5,111,957,0.00,1.67,0.00,0.000,1030,0.000,0.034,3150,2760,3602,3628,3577,0,0,0,0,0,0,25.98,25.95,26.01,8.78,48.46
$STATE,994,end dive,TARGET_DEPTH_EXCEEDED
$STATE,994,begin apogee
$GC,1001,-0.22,0.0,3150,2759,3628,3576,121.1,-10.2,115,1196,0.20,0.00,190.75,0.773,10246,0.123,0.000,3214,2759,2599,2655,2543,0,0,0,0,0,0,25.74,24.52,23.74,8.77,49.05
$STATE,1197,end apogee,CONTROL_FINISHED_OK
$STATE,1197,begin climb
$GC,1200,0.81,244.4,3214,2759,2654,2542,131.9,0.0,135,1417,0.98,2.17,202.20,0.754,10756,0.115,0.038,3523,1413,1600,1660,1540,0,0,0,0,0,0,24.67,24.06,23.50,8.70,47.20
$GC,1433,0.81,244.4,3523,1413,1659,1539,115.3,9.7,158,1442,0.00,2.25,0.00,0.000,1030,0.000,0.048,3523,2780,1598,1659,1538,0,0,0,0,0,0,25.01,24.90,25.05,8.62,46.57
$GC,1621,0.81,244.4,3523,2780,1659,1536,96.9,10.1,177,1625,0.00,1.80,0.00,0.000,260,0.000,0.063,3523,3864,1597,1659,1536,0,0,0,0,0,0,26.10,25.52,26.10,8.61,48.26
$GC,1718,0.81,244.4,3523,3864,1659,1536,85.7,12.2,186,1725,0.00,1.62,0.00,0.000,1030,0.000,0.032,3523,2772,1597,1659,1536,0,0,0,0,0,0,25.92,25.89,25.94,8.61,48.11
$GC,1846,0.81,244.4,3523,2771,1659,1535,71.9,10.2,199,1850,0.00,2.12,0.00,0.000,516,0.000,0.041,3523,1399,1597,1658,1536,0,0,0,0,0,0,26.34,25.73,26.35,8.61,48.18
$GC,1869,0.81,244.4,3522,1399,1659,1535,69.6,10.1,201,1880,0.00,2.20,0.00,0.000,1030,0.000,0.048,3523,2786,1597,1659,1536,0,0,0,0,0,0,25.87,25.74,25.91,8.61,48.54
$GC,1999,0.81,244.4,3523,2786,1659,1535,56.7,9.6,214,2003,0.00,1.77,0.00,0.000,260,0.000,0.063,3523,3868,1597,1659,1535,0,0,0,0,0,0,26.42,25.68,26.43,8.60,48.89
$GC,2095,0.81,244.4,3524,3868,1659,1536,46.2,11.5,223,2099,0.00,1.62,0.00,0.000,1030,0.000,0.031,3523,2771,1597,1659,1536,0,0,0,0,0,0,26.08,26.06,26.10,8.61,48.85
$GC,2228,0.81,244.4,3523,2769,1659,1535,34.2,8.9,236,2232,0.00,2.10,0.00,0.000,516,0.000,0.041,3523,1406,1597,1659,1535,0,0,0,0,0,0,26.51,25.78,26.51,8.60,49.05
$GC,2262,0.87,244.4,3523,1406,1659,1535,31.6,8.1,239,2273,0.05,2.17,0.00,0.000,3078,0.138,0.049,3583,2781,1597,1659,1535,0,0,0,0,0,0,25.80,25.77,25.90,8.60,48.97
$GC,2395,0.81,244.4,3582,2781,1659,1535,15.3,12.5,255,2403,0.12,0.00,0.00,0.000,4102,0.140,0.000,3543,2781,1597,1659,1535,0,0,0,0,0,0,25.96,26.06,26.01,8.60,49.29
$GC,2467,0.81,244.4,3543,2781,1659,1535,7.9,10.0,268,2475,0.00,1.77,0.00,0.000,260,0.000,0.060,3543,3867,1597,1659,1536,0,0,0,0,0,0,26.55,25.67,26.55,8.60,48.85
$STATE,2505,end climb,SURFACE_DEPTH_REACHED
$STATE,2505,begin surface coast
$FINISH,1.0,1.022443
$STATE,2522,end surface coast,CONTROL_FINISHED_OK
$STATE,2522,begin surface
$SM_CCo,2545,83.85,0.084,0,0,926,410.14
$SM_GC,-15.74,9.20,1.65,83.85,0.059,0.031,0.084,204,2767,926,-9.56,2.12,410.14,0,0,0,0,0,0,25.90,26.09,25.64
$IRIDIUM_FIX,4746.32,-12228.52,050424,194046
$TT8_MAMPS,0.026215,0.384237
$HUMID,48.30
$INTERNAL_PRESSURE,8.52797
$TCM_TEMP,10.80
$XPDR_PINGS,0
$ALTIM_TOP_PING,19.1,36.1
$24V_AH,23.50,57.630
$10V_AH,9.79,20.691
$FG_AHR_24Vo,0.000
$FG_AHR_10Vo,0.000
$DEVICES,Pitch_motor,Roll_motor,VBD_pump_during_apogee,VBD_pump_during_surface,VBD_valve,Iridium_during_init,Iridium_during_connect,Iridium_during_xfer,Transponder_ping,GUMSTIX_24V,GPS,TT8,LPSleep,TT8_Active,TT8_Sampling,TT8_CF8,TT8_Kalman,Analog_circuits,GPS_charging,Compass,RAFOS,Transponder,Compass2
$DEVICE_SECS,23.150,33.625,392.950,83.850,0.000,0.000,0.000,0.000,1.750,0.000,20.806,757.898,730.918,528.100,628.330,80.241,0.000,918.972,0.000,581.443,0.000,15.915,0.000
$DEVICE_MAMPS,250.920,64.260,772.650,84.150,0.000,0.000,0.000,0.000,420.000,0.000,30.710,14.960,2.190,14.960,43.420,53.160,0.000,15.000,0.000,8.990,0.000,30.000,0.000
$SENSORS,SBE_CT,AA4330,WL_blue_red_Chl_old_fw,nil,nil,nil,nil,nil,nil,nil
$SENSOR_SECS,235.169,374.688,0.000,0.000,0.000,0.000,0.000,0.000,0.000,0.000
$SENSOR_MAMPS,23.970,0.750,0.000,0.000,0.000,0.000,0.000,0.000,0.000,0.000
$MEM,335384
$DATA_FILE_SIZE,17591,278
$CAP_FILE_SIZE,68226,0
$CFSIZE,2097872896,2090139648
$ERRORS,0,0,0,0,0,0,0,0,0,0,0,0,0,0,1,0
$CURRENT,0.096,220.93,1
$GPS,200804,203356,4742.793,-12224.523,5,0.9,41,16.3,0.3,227.0,8,4.0
