version: 66.11
glider: 175
mission: 10
dive: 179
start: 1 29 126 15 2 19
data:
$ID,175
$MISSION,10
$DIVE,179
$N_DIVES,0
$D_SURF,3
$D_FLARE,3
$D_TGT,200
$D_ABORT,1090
$D_NO_BLEED,500
$D_BOOST,3
$T_BOOST,0
$D_FINISH,0
$D_PITCH,0
$D_SAFE,0
$D_CALL,0
$SURFACE_URGENCY,0
$SURFACE_URGENCY_TRY,0
$SURFACE_URGENCY_FORCE,0
$T_DIVE,65
$T_MISSION,85
$T_ABORT,1440
$T_TURN,300
$T_TURN_SAMPINT,5
$T_NO_W,120
$T_LOITER,0
$T_EPIRB,0
$USE_BATHY,0
$USE_ICE,0
$ICE_FREEZE_MARGIN,0.30000001
$D_OFFGRID,100
$T_WATCHDOG,10
$RELAUNCH,1
$APOGEE_PITCH,-8
$MAX_BUOY,150
$COURSE_BIAS,0
$GLIDE_SLOPE,30
$SPEED_FACTOR,1
$RHO,1.023
$MASS,51902
$MASS_COMP,0
$NAV_MODE,2
$FERRY_MAX,45
$KALMAN_USE,2
$HD_A,0.003
$HD_B,0.0099999998
$HD_C,9.9999997e-06
$HEADING,-1
$ESCAPE_HEADING,0
$ESCAPE_HEADING_DELTA,10
$FIX_MISSING_TIMEOUT,0
$TGT_DEFAULT_LAT,4750.7002
$TGT_DEFAULT_LON,-12222
$TGT_AUTO_DEFAULT,0
$SM_CC,457.23199
$N_FILEKB,4
$FILEMGR,0
$CALL_NDIVES,1
$COMM_SEQ,0
$PROTOCOL,9
$N_NOCOMM,1
$NOCOMM_ACTION,0
$N_NOSURFACE,0
$UPLOAD_DIVES_MAX,-1
$CALL_TRIES,5
$CALL_WAIT,60
$CAPUPLOAD,1
$CAPMAXSIZE,200000
$HEAPDBG,0
$T_GPS,15
$N_GPS,30
$T_GPS_ALMANAC,0
$T_GPS_CHARGE,-36498.207
$T_RSLEEP,2
$STROBE,0
$RAFOS_PEAK_OFFSET,1.5
$RAFOS_CORR_THRESH,60
$RAFOS_HIT_WINDOW,3600
$PITCH_MIN,255
$PITCH_MAX,3935
$C_PITCH,2671
$PITCH_DBAND,0.0099999998
$PITCH_CNV,0.003125763
$P_OVSHOOT,0.039999999
$PITCH_GAIN,30
$PITCH_TIMEOUT,17
$PITCH_AD_RATE,160
$PITCH_MAXERRORS,1
$PITCH_ADJ_GAIN,0.02
$PITCH_ADJ_DBAND,2.5
$ROLL_MIN,171
$ROLL_MAX,3723
$ROLL_DEG,40
$C_ROLL_DIVE,2354
$C_ROLL_CLIMB,2165
$HEAD_ERRBAND,10
$ROLL_CNV,0.028270001
$ROLL_TIMEOUT,15
$R_PORT_OVSHOOT,60
$R_STBD_OVSHOOT,45
$ROLL_AD_RATE,300
$ROLL_MAXERRORS,2
$ROLL_ADJ_GAIN,0
$ROLL_ADJ_DBAND,0
$VBD_MIN,465
$VBD_MAX,3960
$C_VBD,2190
$VBD_DBAND,2
$VBD_CNV,-0.25119999
$VBD_TIMEOUT,720
$PITCH_VBD_SHIFT,0.0012300001
$VBD_PUMP_AD_RATE_SURFACE,5
$VBD_PUMP_AD_RATE_APOGEE,4
$VBD_BLEED_AD_RATE,8
$UNCOM_BLEED,60
$VBD_MAXERRORS,1
$W_ADJ_DBAND,2
$DBDW,0
$PITCH_W_GAIN,0
$PITCH_W_DBAND,1
$CF8_MAXERRORS,5
$AH0_24V,145
$AH0_10V,95
$MINV_24V,19
$MINV_10V,8
$FG_AHR_10V,0
$FG_AHR_24V,0
$PHONE_SUPPLY,2
$PRESSURE_YINT,-18.492611
$PRESSURE_SLOPE,0.0001165895
$AD7714Ch0Gain,128
$TCM_PITCH_OFFSET,0
$TCM_ROLL_OFFSET,0
$COMPASS_USE,4
$ALTIM_BOTTOM_PING_RANGE,0
$ALTIM_TOP_PING_RANGE,20
$ALTIM_BOTTOM_TURN_MARGIN,25
$ALTIM_TOP_TURN_MARGIN,0
$ALTIM_TOP_MIN_OBSTACLE,1
$ALTIM_PING_DEPTH,100
$ALTIM_PING_DELTA,5
$ALTIM_FREQUENCY,13
$ALTIM_PULSE,3
$ALTIM_SENSITIVITY,3
$XPDR_VALID,5
$XPDR_INHIBIT,90
$INT_PRESSURE_SLOPE,0.0097660003
$INT_PRESSURE_YINT,-0.40000001
$DEEPGLIDER,0
$DEEPGLIDERMB,0
$MOTHERBOARD,4
$DEVICE1,2
$DEVICE2,101
$DEVICE3,38
$DEVICE4,-1
$DEVICE5,-1
$DEVICE6,-1
$LOGGERS,7
$LOGGERDEVICE1,-1
$LOGGERDEVICE2,-1
$LOGGERDEVICE3,-1
$LOGGERDEVICE4,-1
$COMPASS_DEVICE,33
$COMPASS2_DEVICE,-1
$PHONE_DEVICE,49
$GPS_DEVICE,32
$RAFOS_DEVICE,-1
$XPDR_DEVICE,24
$SIM_W,0
$SIM_PITCH,0
$SEABIRD_T_G,0.0043137739
$SEABIRD_T_H,0.00062868668
$SEABIRD_T_I,2.2691316e-05
$SEABIRD_T_J,2.2586789e-06
$SEABIRD_C_G,-10.021329
$SEABIRD_C_H,1.1236943
$SEABIRD_C_I,-0.0013673168
$SEABIRD_C_J,0.00018808816
$GPS1,290126,145347,4750.719,-12224.567,13,1.8,13,18.2
$_CALLS,2
$_XMS_NAKs,0
$_XMS_TOUTs,0
$_SM_DEPTHo,-5.78
$_SM_ANGLEo,-64.3
$GPS2,290126,150151,4750.788,-12224.657,13,0.9,41,18.2
$SPEED_LIMITS,0.178,0.262
$TGT_NAME,WEST_175
$TGT_LATLONG,4750.700,-12226.500
$TGT_RADIUS,200.000
$KALMAN_CONTROL,0.000,0.000
$KALMAN_X,0.0,0.0,0.0,0.0,0.0
$KALMAN_Y,0.0,0.0,0.0,0.0,0.0
$MHEAD_RNG_PITCHd_Wd,225.2,2296,-17.9,-10.256,-21.36,2171
$D_GRID,200
$GCHEAD,st_secs,pitch_ctl,vbd_ctl,pitch_ad_start,roll_ad_start,vbd_pot1_ad_start,vbd_pot2_ad_start,depth,ob_vertv,data_pts,end_secs,pitch_secs,roll_secs,vbd_secs,vbd_i,gcphase,pitch_i,roll_i,pitch_ad,roll_ad,vbd_ad,vbd_pot1_ad,vbd_pot2_ad,pitch_retries,pitch_errors,roll_retries,roll_errors,vbd_retries,vbd_errors,pitch_volts,roll_volts,vbd_volts
$STATE,13,end surface,CONTROL_FINISHED_OK
$STATE,13,begin dive
$GC,16,-0.78,-146.6,247,2362,523,401,0.0,0.0,0,104,0.00,0.00,-85.05,0.000,16390,0.000,0.000,247,2362,2774,2850,2699,0,0,0,0,0,0,28.83,28.83,26.32
$GC,107,-0.78,-146.6,247,2362,2851,2700,-3.1,-5.3,9,125,8.82,2.12,0.00,0.000,2564,0.228,0.041,2419,971,2781,2862,2701,0,0,0,0,0,0,25.26,25.89,28.83
$GC,431,-0.66,-146.6,2419,971,2868,2697,56.1,-15.8,41,441,0.17,2.08,0.00,0.000,3078,0.168,0.033,2457,2350,2782,2868,2697,0,0,0,0,0,0,25.74,26.10,28.83
$GC,471,-0.57,-146.6,2457,2350,2870,2696,61.8,-14.1,45,473,0.12,0.00,0.00,0.000,2054,0.159,0.000,2489,2350,2783,2870,2696,0,0,0,0,0,0,26.05,28.83,28.83
$GC,501,-0.57,-146.6,2489,2350,2871,2696,65.2,-11.7,48,502,0.00,0.00,0.00,0.000,6,0.000,0.000,2490,2350,2783,2871,2696,0,0,0,0,0,0,28.83,28.83,28.83
$GC,532,-0.57,-146.6,2489,2350,2871,2696,68.2,-10.0,51,533,0.00,0.00,0.00,0.000,6,0.000,0.000,2489,2350,2783,2871,2695,0,0,0,0,0,0,28.83,28.83,28.83
$GC,561,-0.57,-146.6,2489,2350,2871,2696,71.0,-9.6,54,562,0.00,0.00,0.00,0.000,6,0.000,0.000,2490,2350,2783,2871,2695,0,0,0,0,0,0,28.83,28.83,28.83
$GC,591,-0.57,-146.6,2489,2350,2871,2696,74.0,-9.9,57,592,0.00,0.00,0.00,0.000,6,0.000,0.000,2490,2350,2783,2871,2695,0,0,0,0,0,0,28.83,28.83,28.83
$GC,621,-0.57,-146.6,2489,2350,2872,2695,76.9,-9.8,60,622,0.00,0.00,0.00,0.000,6,0.000,0.000,2490,2350,2783,2871,2695,0,0,0,0,0,0,28.83,28.83,28.83
$GC,651,-0.57,-146.6,2489,2350,2871,2695,79.3,-8.3,63,652,0.00,0.00,0.00,0.000,6,0.000,0.000,2490,2350,2783,2871,2696,0,0,0,0,0,0,28.83,28.83,28.83
$GC,681,-0.57,-146.6,2489,2350,2871,2695,81.9,-8.2,66,691,0.00,2.10,0.00,0.000,260,0.000,0.046,2490,3724,2783,2871,2695,0,0,0,0,0,0,28.83,26.13,28.83
$GC,706,-0.57,-146.6,1668,3723,2834,2689,83.7,-8.2,68,713,0.00,2.03,0.00,0.000,1030,0.000,0.019,2489,2326,2783,2872,2695,0,0,0,0,0,0,28.83,26.33,28.83
$GC,744,-0.57,-146.6,2489,2326,2872,2695,87.3,-9.1,72,745,0.00,0.00,0.00,0.000,6,0.000,0.000,2490,2326,2783,2872,2695,0,0,0,0,0,0,28.83,28.83,28.83
$GC,774,-0.57,-146.6,2489,2326,2872,2695,90.1,-9.0,75,775,0.00,0.00,0.00,0.000,6,0.000,0.000,2489,2326,2783,2872,2695,0,0,0,0,0,0,28.83,28.83,28.83
$GC,804,-0.57,-146.6,2489,2326,2872,2695,93.0,-9.5,78,805,0.00,0.00,0.00,0.000,6,0.000,0.000,2490,2326,2783,2872,2695,0,0,0,0,0,0,28.83,28.83,28.83
$GC,834,-0.57,-146.6,2489,2326,2872,2695,96.2,-10.5,81,843,0.00,2.15,0.00,0.000,260,0.000,0.046,2490,3721,2783,2872,2694,0,0,0,0,0,0,28.83,26.14,28.83
$GC,865,-0.57,-146.6,2489,3721,2871,2694,99.7,-10.9,84,875,0.00,1.92,0.00,0.000,1030,0.000,0.017,2489,2341,2782,2871,2694,0,0,0,0,0,0,28.83,26.37,28.83
$GC,905,-0.57,-146.6,2489,2341,2872,2694,104.0,-10.7,88,907,0.00,0.00,0.00,0.000,6,0.000,0.000,2490,2341,2783,2872,2694,0,0,0,0,0,0,28.83,28.83,28.83
$GC,936,-0.57,-146.6,2489,2341,2872,2694,107.2,-10.6,91,937,0.00,0.00,0.00,0.000,6,0.000,0.000,2489,2341,2783,2872,2694,0,0,0,0,0,0,28.83,28.83,28.83
$GC,965,-0.57,-146.6,2489,2341,2872,2694,110.5,-10.9,94,966,0.00,0.00,0.00,0.000,6,0.000,0.000,2490,2341,2783,2872,2694,0,0,0,0,0,0,28.83,28.83,28.83
$GC,995,-0.57,-146.6,2489,2341,2872,2694,113.7,-10.8,97,996,0.00,0.00,0.00,0.000,6,0.000,0.000,2490,2341,2783,2872,2694,0,0,0,0,0,0,28.83,28.83,28.83
$GC,1025,-0.57,-146.6,2489,2341,2872,2694,116.7,-9.9,100,1026,0.00,0.00,0.00,0.000,6,0.000,0.000,2489,2341,2783,2872,2694,0,0,0,0,0,0,28.83,28.83,28.83
$GC,1056,-0.57,-146.6,2489,2341,2872,2694,119.3,-9.1,103,1057,0.00,0.00,0.00,0.000,6,0.000,0.000,2489,2341,2783,2872,2694,0,0,0,0,0,0,28.83,28.83,28.83
$GC,1085,-0.57,-146.6,2489,2341,2872,2694,121.9,-8.6,106,1087,0.00,0.00,0.00,0.000,6,0.000,0.000,2490,2341,2783,2872,2694,0,0,0,0,0,0,28.83,28.83,28.83
$GC,1116,-0.57,-146.6,2489,2341,2872,2694,124.3,-7.9,109,1117,0.00,0.00,0.00,0.000,6,0.000,0.000,2489,2341,2782,2872,2693,0,0,0,0,0,0,28.83,28.83,28.83
$GC,1146,-0.57,-146.6,2489,2341,2872,2693,126.6,-7.8,112,1147,0.00,0.00,0.00,0.000,6,0.000,0.000,2489,2341,2782,2872,2693,0,0,0,0,0,0,28.83,28.83,28.83
$GC,1176,-0.57,-146.6,2489,2341,2872,2694,128.9,-7.5,115,1185,0.00,2.10,0.00,0.000,260,0.000,0.045,2490,3717,2782,2872,2693,0,0,0,0,0,0,28.83,26.18,28.83
$GC,1190,-0.57,-146.6,2490,3717,2872,2694,129.6,-7.8,116,1197,0.00,1.95,0.00,0.000,1030,0.000,0.019,2489,2362,2783,2872,2694,0,0,0,0,0,0,28.83,26.41,28.83
$GC,1228,-0.57,-146.6,2489,2361,2871,2693,133.4,-8.8,120,1236,0.00,2.03,0.00,0.000,516,0.000,0.028,2490,982,2782,2872,2693,0,0,0,0,0,0,28.83,26.27,28.83
$GC,1282,-0.57,-146.6,2489,982,2873,2692,138.2,-9.2,125,1289,0.00,2.08,0.00,0.000,1030,0.000,0.031,2490,2358,2782,2872,2693,0,0,0,0,0,0,28.83,26.28,28.83
$GC,1320,-0.57,-146.6,2489,2358,2872,2693,141.6,-8.4,129,1321,0.00,0.00,0.00,0.000,6,0.000,0.000,2489,2358,2782,2872,2693,0,0,0,0,0,0,28.83,28.83,28.83
$STATE,1338,end dive,BOTTOM_OBSTACLE_DETECTED
$STATE,1338,begin apogee
$GC,1343,-0.27,0.0,2489,2078,2872,2692,143.3,-8.5,131,1472,0.25,0.12,121.30,0.567,10246,0.110,0.083,2576,2206,2189,2280,2099,0,0,0,0,0,0,25.97,25.24,24.49
$STATE,1473,end apogee,CONTROL_FINISHED_OK
$STATE,1473,begin climb
$GC,1475,0.78,146.6,2575,2205,2280,2098,147.5,0.0,144,1593,1.05,0.00,113.50,0.549,10758,0.100,0.000,2917,2206,1606,1727,1485,0,0,0,0,0,0,25.24,28.83,24.44
$GC,1623,0.66,146.6,2917,2206,1725,1479,127.7,18.0,159,1632,0.10,2.17,0.00,0.000,4612,0.178,0.031,2897,801,1601,1723,1479,0,0,0,0,0,0,25.29,25.41,28.83
$GC,1668,0.61,146.6,2897,801,1718,1479,120.4,17.1,163,1675,0.08,2.05,0.00,0.000,5126,0.135,0.025,2873,2134,1597,1717,1478,0,0,0,0,0,0,25.44,25.65,28.83
$GC,1706,0.61,146.6,2872,2134,1717,1479,114.3,15.1,167,1715,0.00,2.17,0.00,0.000,4356,0.000,0.035,2873,3565,1597,1717,1478,0,0,0,0,0,0,28.83,25.71,28.83
$GC,1749,0.61,146.6,2872,3566,1717,1478,108.1,14.5,171,1757,0.00,2.08,0.00,0.000,5126,0.000,0.019,2879,2187,1597,1717,1478,0,0,0,0,0,0,28.83,25.87,28.83
$GC,1788,0.61,146.6,2878,2183,1717,1478,101.7,16.1,175,1789,0.00,0.00,0.00,0.000,4102,0.000,0.000,2879,2183,1597,1717,1478,0,0,0,0,0,0,28.83,28.83,28.83
$GC,1817,0.61,146.6,2878,2183,1717,1478,97.5,14.2,178,1819,0.00,0.00,0.00,0.000,4102,0.000,0.000,2879,2183,1597,1717,1478,0,0,0,0,0,0,28.83,28.83,28.83
$GC,1847,0.61,146.6,2878,2182,1717,1477,93.2,14.3,181,1849,0.00,0.00,0.00,0.000,4102,0.000,0.000,2879,2183,1597,1717,1477,0,0,0,0,0,0,28.83,28.83,28.83
$GC,1878,0.61,146.6,2878,2183,1717,1477,89.2,13.5,184,1879,0.00,0.00,0.00,0.000,4102,0.000,0.000,2878,2183,1597,1717,1477,0,0,0,0,0,0,28.83,28.83,28.83
$GC,1908,0.61,146.6,2878,2183,1717,1477,85.4,12.7,187,1909,0.00,0.00,0.00,0.000,4102,0.000,0.000,2879,2183,1597,1717,1478,0,0,0,0,0,0,28.83,28.83,28.83
$GC,1938,0.61,146.6,2878,2183,1717,1477,81.6,12.5,190,1939,0.00,0.00,0.00,0.000,4102,0.000,0.000,2879,2183,1597,1717,1477,0,0,0,0,0,0,28.83,28.83,28.83
$GC,1967,0.61,146.6,2878,2183,1717,1477,78.1,11.8,193,1969,0.00,0.00,0.00,0.000,4102,0.000,0.000,2878,2183,1597,1717,1477,0,0,0,0,0,0,28.83,28.83,28.83
$GC,1997,0.61,146.6,2878,2183,1717,1477,74.5,12.0,196,1999,0.00,0.00,0.00,0.000,4102,0.000,0.000,2879,2183,1597,1717,1477,0,0,0,0,0,0,28.83,28.83,28.83
$GC,2028,0.61,146.6,2878,2183,1717,1477,70.8,12.1,199,2037,0.00,2.12,0.00,0.000,4356,0.000,0.037,2879,3569,1597,1717,1477,0,0,0,0,0,0,28.83,26.03,28.83
$GC,2070,0.61,146.6,2878,3569,1717,1477,65.2,13.6,203,2079,0.00,2.03,0.00,0.000,5126,0.000,0.018,2883,2162,1597,1717,1477,0,0,0,0,0,0,28.83,26.15,28.83
$GC,2110,0.61,146.6,2882,2158,1717,1477,60.1,12.7,207,2119,0.00,2.12,0.00,0.000,4612,0.000,0.035,2882,760,1596,1717,1476,0,0,0,0,0,0,28.83,26.06,28.83
$GC,2131,0.61,146.6,2882,760,1715,1476,57.5,12.0,209,2140,0.00,2.08,0.00,0.000,5126,0.000,0.023,2882,2177,1596,1715,1477,0,0,0,0,0,0,28.83,26.14,28.83
$GC,2171,0.61,146.6,2882,2178,1715,1476,52.7,12.2,213,2180,0.00,2.10,0.00,0.000,4356,0.000,0.037,2882,3563,1595,1715,1476,0,0,0,0,0,0,28.83,26.08,28.83
$GC,2195,0.61,146.6,2882,3563,1715,1476,49.7,13.0,215,2204,0.03,2.08,0.00,0.000,5126,0.190,0.021,2874,2163,1595,1715,1476,0,0,0,0,0,0,26.01,26.20,28.83
$GC,2234,0.61,146.6,2874,2160,1715,1476,44.1,13.8,219,2243,0.00,2.10,0.00,0.000,4612,0.000,0.035,2880,770,1596,1715,1477,0,0,0,0,0,0,28.83,26.11,28.83
$GC,2318,0.61,146.6,2880,770,1713,1476,33.4,12.9,227,2326,0.00,2.10,0.00,0.000,5126,0.000,0.025,2880,2165,1594,1713,1476,0,0,0,0,0,0,28.83,26.20,28.83
$GC,2357,0.61,146.6,2880,2165,1713,1477,28.2,13.1,231,2365,0.00,2.10,0.00,0.000,4356,0.000,0.037,2880,3566,1594,1713,1476,0,0,0,0,0,0,28.83,26.15,28.83
$GC,2388,0.61,146.6,2880,3566,1713,1476,24.1,12.7,234,2398,0.00,2.03,0.00,0.000,5126,0.000,0.018,2882,2158,1595,1714,1476,0,0,0,0,0,0,28.83,26.25,28.83
$GC,2429,0.61,146.6,2882,2158,1713,1476,19.1,12.6,238,2439,0.00,2.08,0.00,0.000,4612,0.000,0.035,2882,772,1594,1713,1476,0,0,0,0,0,0,28.83,26.15,28.83
$GC,2451,0.61,146.6,2882,772,1713,1476,16.5,11.4,240,2460,0.00,2.05,0.00,0.000,5126,0.000,0.023,2882,2173,1595,1713,1477,0,0,0,0,0,0,28.83,26.22,28.83
$GC,2492,0.61,146.6,2882,2173,1713,1477,11.9,11.6,244,2500,0.00,2.10,0.00,0.000,4356,0.000,0.037,2882,3565,1594,1713,1476,0,0,0,0,0,0,28.83,26.16,28.83
$GC,2515,0.61,146.6,2048,3564,1681,1473,9.2,11.8,246,2524,0.03,2.08,0.00,0.000,5126,0.191,0.021,2875,2158,1594,1713,1476,0,0,0,0,0,0,26.10,26.27,28.83
$GC,2553,0.61,146.6,2874,2158,1712,1476,4.9,10.8,250,2563,0.00,2.08,0.00,0.000,4612,0.000,0.034,2882,774,1594,1713,1476,0,0,0,0,0,0,28.83,26.17,28.83
$STATE,2574,end climb,SURFACE_DEPTH_REACHED
$STATE,2574,begin surface coast
$FINISH,-0.1,1.022064
$STATE,2606,end surface coast,CONTROL_FINISHED_OK
$STATE,2606,begin surface
$SM_CCo,2624,212.70,0.453,1,0,465,433.32
$SM_CCo,2844,-0.20,0.000,0,0,466,433.32
$SM_CCo,2848,0.57,0.092,0,0,465,433.32
$SM_GC,-5.86,7.45,2.40,0.57,0.071,0.027,0.092,243,2360,465,-7.52,-1.30,433.32,0,0,0,0,0,0,26.16,26.24,25.24
$IRIDIUM_FIX,4732.49,-12222.11,200208,000024
$TT8_MAMPS,0.027713,0.027713
$HUMID,41.21
$INTERNAL_PRESSURE,8.07689
$TCM_TEMP,17.10
$XPDR_PINGS,32
$ALTIM_TOP_PING,19.1,7.3
$ALTIM_BOTTOM_PING,105.1,62.9
$24V_AH,24.4,23.350
$10V_AH,10.3,10.456
$FG_AHR_24Vo,0.000
$FG_AHR_10Vo,0.000
$DEVICES,Pitch_motor,Roll_motor,VBD_pump_during_apogee,VBD_pump_during_surface,VBD_valve,Iridium_during_init,Iridium_during_connect,Iridium_during_xfer,Transponder_ping,GUMSTIX_24V,GPS,TT8,LPSleep,TT8_Active,TT8_Sampling,TT8_CF8,TT8_Kalman,Analog_circuits,GPS_charging,Compass,RAFOS,Transponder,Compass2
$DEVICE_SECS,0.000,0.000,0.000,0.000,0.000,0.000,0.000,0.000,0.000,0.000,0.000,0.000,0.000,0.000,0.000,0.000,0.000,0.000,0.000,0.000,0.000,0.000,0.000
$DEVICE_MAMPS,0.000,0.000,0.000,0.000,0.000,0.000,0.000,0.000,0.000,0.000,0.000,0.000,0.000,0.000,0.000,0.000,0.000,0.000,0.000,0.000,0.000,0.000,0.000
$SENSORS,SBE_CT,AA4330,WL_BB2FLVMG,nil,nil,nil,nil,nil,nil,nil
$SENSOR_SECS,0.000,0.000,0.000,0.000,0.000,0.000,0.000,0.000,0.000,0.000
$SENSOR_MAMPS,0.000,0.000,0.000,0.000,0.000,0.000,0.000,0.000,0.000,0.000
$MEM,354996
$DATA_FILE_SIZE,17026,255
$CAP_FILE_SIZE,82332,0
$CFSIZE,260165632,249823232
$ERRORS,0,0,0,0,0,0,0,0,0,0,0,0,0,1,0,0
$CURRENT,0.111,350.7,1
$GPS,290126,155035,4750.785,-12225.137,10,1.6,10,18.2
