version: 66.11
glider: 175
mission: 10
dive: 215
start: 1 30 126 21 22 2
data:
$ID,175
$MISSION,10
$DIVE,215
$N_DIVES,0
$D_SURF,3
$D_FLARE,3
$D_TGT,200
$D_ABORT,1090
$D_NO_BLEED,500
$D_BOOST,3
$T_BOOST,0
$D_FINISH,0
$D_PITCH,0
$D_SAFE,0
$D_CALL,0
$SURFACE_URGENCY,0
$SURFACE_URGENCY_TRY,0
$SURFACE_URGENCY_FORCE,0
$T_DIVE,65
$T_MISSION,85
$T_ABORT,1440
$T_TURN,300
$T_TURN_SAMPINT,5
$T_NO_W,120
$T_LOITER,0
$T_EPIRB,0
$USE_BATHY,0
$USE_ICE,0
$ICE_FREEZE_MARGIN,0.30000001
$D_OFFGRID,100
$T_WATCHDOG,10
$RELAUNCH,1
$APOGEE_PITCH,-8
$MAX_BUOY,150
$COURSE_BIAS,0
$GLIDE_SLOPE,30
$SPEED_FACTOR,1
$RHO,1.023
$MASS,51902
$MASS_COMP,0
$NAV_MODE,2
$FERRY_MAX,45
$KALMAN_USE,2
$HD_A,0.003
$HD_B,0.0099999998
$HD_C,9.9999997e-06
$HEADING,-1
$ESCAPE_HEADING,0
$ESCAPE_HEADING_DELTA,10
$FIX_MISSING_TIMEOUT,0
$TGT_DEFAULT_LAT,4750.7002
$TGT_DEFAULT_LON,-12222
$TGT_AUTO_DEFAULT,0
$SM_CC,457.23199
$N_FILEKB,4
$FILEMGR,0
$CALL_NDIVES,1
$COMM_SEQ,0
$PROTOCOL,9
$N_NOCOMM,1
$NOCOMM_ACTION,0
$N_NOSURFACE,0
$UPLOAD_DIVES_MAX,-1
$CALL_TRIES,5
$CALL_WAIT,60
$CAPUPLOAD,1
$CAPMAXSIZE,200000
$HEAPDBG,0
$T_GPS,15
$N_GPS,30
$T_GPS_ALMANAC,0
$T_GPS_CHARGE,-36552.715
$T_RSLEEP,2
$STROBE,0
$RAFOS_PEAK_OFFSET,1.5
$RAFOS_CORR_THRESH,60
$RAFOS_HIT_WINDOW,3600
$PITCH_MIN,255
$PITCH_MAX,3935
$C_PITCH,2671
$PITCH_DBAND,0.0099999998
$PITCH_CNV,0.003125763
$P_OVSHOOT,0.039999999
$PITCH_GAIN,30
$PITCH_TIMEOUT,17
$PITCH_AD_RATE,160
$PITCH_MAXERRORS,1
$PITCH_ADJ_GAIN,0.02
$PITCH_ADJ_DBAND,2.5
$ROLL_MIN,171
$ROLL_MAX,3723
$ROLL_DEG,40
$C_ROLL_DIVE,2354
$C_ROLL_CLIMB,2165
$HEAD_ERRBAND,10
$ROLL_CNV,0.028270001
$ROLL_TIMEOUT,15
$R_PORT_OVSHOOT,68
$R_STBD_OVSHOOT,47
$ROLL_AD_RATE,300
$ROLL_MAXERRORS,2
$ROLL_ADJ_GAIN,0
$ROLL_ADJ_DBAND,0
$VBD_MIN,465
$VBD_MAX,3960
$C_VBD,2190
$VBD_DBAND,2
$VBD_CNV,-0.25119999
$VBD_TIMEOUT,720
$PITCH_VBD_SHIFT,0.0012300001
$VBD_PUMP_AD_RATE_SURFACE,5
$VBD_PUMP_AD_RATE_APOGEE,4
$VBD_BLEED_AD_RATE,8
$UNCOM_BLEED,60
$VBD_MAXERRORS,1
$W_ADJ_DBAND,2
$DBDW,0
$PITCH_W_GAIN,0
$PITCH_W_DBAND,1
$CF8_MAXERRORS,5
$AH0_24V,145
$AH0_10V,95
$MINV_24V,19
$MINV_10V,8
$FG_AHR_10V,0
$FG_AHR_24V,0
$PHONE_SUPPLY,2
$PRESSURE_YINT,-18.492611
$PRESSURE_SLOPE,0.0001165895
$AD7714Ch0Gain,128
$TCM_PITCH_OFFSET,0
$TCM_ROLL_OFFSET,0
$COMPASS_USE,4
$ALTIM_BOTTOM_PING_RANGE,0
$ALTIM_TOP_PING_RANGE,20
$ALTIM_BOTTOM_TURN_MARGIN,25
$ALTIM_TOP_TURN_MARGIN,0
$ALTIM_TOP_MIN_OBSTACLE,1
$ALTIM_PING_DEPTH,100
$ALTIM_PING_DELTA,5
$ALTIM_FREQUENCY,13
$ALTIM_PULSE,3
$ALTIM_SENSITIVITY,3
$XPDR_VALID,5
$XPDR_INHIBIT,90
$INT_PRESSURE_SLOPE,0.0097660003
$INT_PRESSURE_YINT,-0.40000001
$DEEPGLIDER,0
$DEEPGLIDERMB,0
$MOTHERBOARD,4
$DEVICE1,2
$DEVICE2,101
$DEVICE3,38
$DEVICE4,-1
$DEVICE5,-1
$DEVICE6,-1
$LOGGERS,7
$LOGGERDEVICE1,-1
$LOGGERDEVICE2,-1
$LOGGERDEVICE3,-1
$LOGGERDEVICE4,-1
$COMPASS_DEVICE,33
$COMPASS2_DEVICE,-1
$PHONE_DEVICE,49
$GPS_DEVICE,32
$RAFOS_DEVICE,-1
$XPDR_DEVICE,24
$SIM_W,0
$SIM_PITCH,0
$SEABIRD_T_G,0.0043137739
$SEABIRD_T_H,0.00062868668
$SEABIRD_T_I,2.2691316e-05
$SEABIRD_T_J,2.2586789e-06
$SEABIRD_C_G,-10.021329
$SEABIRD_C_H,1.1236943
$SEABIRD_C_I,-0.0013673168
$SEABIRD_C_J,0.00018808816
$GPS1,300126,211605,4751.027,-12224.337,8,1.6,8,18.2
$_CALLS,1
$_XMS_NAKs,0
$_XMS_TOUTs,0
$_SM_DEPTHo,-7.22
$_SM_ANGLEo,-62.8
$GPS2,300126,212134,4751.091,-12224.358,11,1.6,28,18.2
$SPEED_LIMITS,0.178,0.262
$TGT_NAME,EAST_175
$TGT_LATLONG,4750.700,-12222.000
$TGT_RADIUS,200.000
$KALMAN_CONTROL,0.000,0.000
$KALMAN_X,0.0,0.0,0.0,0.0,0.0
$KALMAN_Y,0.0,0.0,0.0,0.0,0.0
$MHEAD_RNG_PITCHd_Wd,107.1,3019,-17.9,-10.256,-21.36,2171
$D_GRID,200
$GCHEAD,st_secs,pitch_ctl,vbd_ctl,pitch_ad_start,roll_ad_start,vbd_pot1_ad_start,vbd_pot2_ad_start,depth,ob_vertv,data_pts,end_secs,pitch_secs,roll_secs,vbd_secs,vbd_i,gcphase,pitch_i,roll_i,pitch_ad,roll_ad,vbd_ad,vbd_pot1_ad,vbd_pot2_ad,pitch_retries,pitch_errors,roll_retries,roll_errors,vbd_retries,vbd_errors,pitch_volts,roll_volts,vbd_volts
$STATE,13,end surface,CONTROL_FINISHED_OK
$STATE,13,begin dive
$GC,15,-0.78,-146.6,247,2322,524,400,0.0,0.0,0,103,0.00,0.00,-84.90,0.000,16390,0.000,0.000,247,2323,2774,2850,2699,0,0,0,0,0,0,28.83,28.83,26.34
$GC,106,-0.78,-146.6,247,2323,2851,2701,-5.2,-4.2,8,125,8.70,2.22,0.00,0.000,2308,0.224,0.056,2402,3698,2782,2862,2702,0,0,0,0,0,0,25.25,25.80,28.83
$GC,270,-0.57,-146.6,2401,3698,2872,2698,29.4,-16.9,24,280,0.30,1.95,0.00,0.000,3078,0.155,0.022,2484,2337,2785,2873,2697,0,0,0,0,0,0,25.60,26.15,28.83
$GC,310,-0.47,-146.6,2484,2337,2874,2696,35.3,-14.7,28,320,0.10,2.12,0.00,0.000,2308,0.164,0.043,2508,3714,2786,2875,2697,0,0,0,0,0,0,26.03,26.00,28.83
$GC,335,-0.47,-146.6,2507,3714,2875,2697,37.9,-12.2,30,343,0.00,1.98,0.00,0.000,3078,0.000,0.018,2508,2348,2786,2876,2696,0,0,0,0,0,0,28.83,26.21,28.83
$GC,374,-0.53,-146.6,2508,2348,2876,2696,41.9,-10.0,34,375,0.00,0.00,0.00,0.000,4102,0.000,0.000,2508,2348,2786,2876,2696,0,0,0,0,0,0,28.83,28.83,28.83
$GC,403,-0.53,-146.6,2508,2348,2876,2696,44.5,-9.0,37,404,0.00,0.00,0.00,0.000,4102,0.000,0.000,2508,2347,2785,2875,2695,0,0,0,0,0,0,28.83,28.83,28.83
$GC,433,-0.53,-146.6,2508,2348,2876,2695,47.3,-8.9,40,442,0.00,2.03,0.00,0.000,4612,0.000,0.029,2508,983,2785,2876,2694,0,0,0,0,0,0,28.83,26.13,28.83
$GC,474,-0.53,-146.6,2508,983,2876,2694,51.2,-9.4,44,483,0.00,2.05,0.00,0.000,5126,0.000,0.029,2508,2360,2785,2876,2694,0,0,0,0,0,0,28.83,26.14,28.83
$GC,515,-0.53,-146.6,2508,2360,2876,2694,54.8,-8.9,48,516,0.00,0.00,0.00,0.000,4102,0.000,0.000,2508,2360,2785,2876,2694,0,0,0,0,0,0,28.83,28.83,28.83
$GC,544,-0.53,-146.6,2507,2360,2876,2694,57.6,-9.2,51,546,0.00,0.00,0.00,0.000,4102,0.000,0.000,2508,2360,2785,2876,2694,0,0,0,0,0,0,28.83,28.83,28.83
$GC,576,-0.58,-146.6,2508,2360,2876,2694,60.7,-10.1,54,578,0.08,0.00,0.00,0.000,4102,0.127,0.000,2469,2361,2784,2876,2693,0,0,0,0,0,0,26.35,28.83,28.83
$GC,605,-0.58,-146.6,2469,2361,2876,2694,64.2,-11.0,57,615,0.00,2.05,0.00,0.000,2564,0.000,0.028,2469,983,2784,2876,2693,0,0,0,0,0,0,28.83,26.17,28.83
$GC,647,-0.58,-146.6,2469,983,2876,2693,69.8,-13.3,61,658,0.08,2.05,0.00,0.000,3078,0.199,0.029,2480,2361,2784,2876,2693,0,0,0,0,0,0,26.01,26.18,28.83
$GC,688,-0.58,-146.6,2480,2361,2876,2693,74.8,-12.4,65,689,0.00,0.00,0.00,0.000,2054,0.000,0.000,2480,2361,2784,2876,2693,0,0,0,0,0,0,28.83,28.83,28.83
$GC,718,-0.58,-146.6,2480,2361,2876,2693,78.5,-12.2,68,719,0.00,0.00,0.00,0.000,2054,0.000,0.000,2480,2361,2784,2876,2693,0,0,0,0,0,0,28.83,28.83,28.83
$GC,748,-0.58,-146.6,2480,2361,2875,2693,82.0,-11.5,71,756,0.00,2.08,0.00,0.000,2308,0.000,0.045,2478,3714,2784,2876,2693,0,0,0,0,0,0,28.83,26.13,28.83
$GC,799,-0.58,-146.6,2477,3714,2876,2693,87.8,-11.2,76,808,0.00,1.90,0.00,0.000,3078,0.000,0.017,2478,2352,2784,2876,2693,0,0,0,0,0,0,28.83,26.35,28.83
$GC,839,-0.58,-146.6,2478,2351,2876,2693,92.0,-10.4,80,840,0.00,0.00,0.00,0.000,2054,0.000,0.000,2478,2351,2784,2876,2693,0,0,0,0,0,0,28.83,28.83,28.83
$GC,869,-0.58,-146.6,2477,2351,2876,2693,94.9,-9.7,83,870,0.00,0.00,0.00,0.000,2054,0.000,0.000,2478,2351,2784,2876,2693,0,0,0,0,0,0,28.83,28.83,28.83
$GC,900,-0.58,-146.6,2477,2351,2876,2693,97.9,-9.9,86,901,0.00,0.00,0.00,0.000,2054,0.000,0.000,2477,2351,2784,2876,2693,0,0,0,0,0,0,28.83,28.83,28.83
$GC,932,-0.58,-146.6,2478,2351,2876,2693,100.6,-9.1,89,939,0.00,0.00,0.00,0.000,2054,0.000,0.000,2478,2351,2784,2876,2693,0,0,0,0,0,0,28.83,28.83,28.83
$GC,969,-0.58,-146.6,2477,2351,2876,2693,104.3,-9.3,93,979,0.00,2.03,0.00,0.000,2564,0.000,0.029,2478,983,2784,2876,2692,0,0,0,0,0,0,28.83,26.24,28.83
$GC,1044,-0.58,-146.6,1664,982,2840,2685,111.1,-9.3,100,1051,0.00,2.10,0.00,0.000,3078,0.000,0.032,2478,2355,2784,2876,2692,0,0,0,0,0,0,28.83,26.25,28.83
$GC,1082,-0.58,-146.6,2477,2357,2876,2692,114.7,-9.1,104,1090,0.00,2.05,0.00,0.000,2564,0.000,0.028,2478,976,2784,2876,2692,0,0,0,0,0,0,28.83,26.26,28.83
$GC,1125,-0.58,-146.6,1672,975,2840,2685,118.7,-9.5,108,1133,0.00,2.10,0.00,0.000,3078,0.000,0.031,2478,2354,2784,2876,2692,0,0,0,0,0,0,28.83,26.26,28.83
$GC,1164,-0.58,-146.6,2478,2355,2875,2692,122.2,-8.7,112,1165,0.00,0.00,0.00,0.000,2054,0.000,0.000,2478,2355,2784,2876,2692,0,0,0,0,0,0,28.83,28.83,28.83
$GC,1193,-0.58,-146.6,2477,2355,2876,2692,125.0,-9.1,115,1194,0.00,0.00,0.00,0.000,2054,0.000,0.000,2478,2355,2784,2876,2692,0,0,0,0,0,0,28.83,28.83,28.83
$GC,1224,-0.58,-146.6,2477,2355,2875,2692,127.7,-9.3,118,1233,0.00,2.03,0.00,0.000,2564,0.000,0.028,2478,987,2784,2876,2692,0,0,0,0,0,0,28.83,26.28,28.83
$GC,1266,-0.58,-146.6,2477,987,2876,2692,131.8,-9.6,122,1275,0.00,2.03,0.00,0.000,3078,0.000,0.029,2478,2356,2784,2876,2692,0,0,0,0,0,0,28.83,26.27,28.83
$GC,1306,-0.58,-146.6,2477,2355,2876,2692,135.6,-9.5,126,1307,0.00,0.00,0.00,0.000,2054,0.000,0.000,2478,2355,2784,2876,2692,0,0,0,0,0,0,28.83,28.83,28.83
$GC,1335,-0.58,-146.6,2478,2356,2876,2692,138.6,-9.9,129,1336,0.00,0.00,0.00,0.000,2054,0.000,0.000,2477,2356,2784,2876,2692,0,0,0,0,0,0,28.83,28.83,28.83
$STATE,1344,end dive,BOTTOM_OBSTACLE_DETECTED
$STATE,1344,begin apogee
$GC,1349,-0.27,0.0,2477,2095,2876,2692,139.5,-9.7,130,1478,0.30,0.10,121.72,0.571,10246,0.115,0.093,2578,2197,2189,2281,2098,0,0,0,0,0,0,25.91,25.20,24.45
$STATE,1479,end apogee,CONTROL_FINISHED_OK
$STATE,1479,begin climb
$GC,1481,0.78,146.6,2577,2198,2280,2096,144.3,0.0,143,1598,1.02,0.00,113.93,0.555,10246,0.097,0.000,2911,2197,1605,1726,1485,0,0,0,0,0,0,25.24,28.83,24.39
$GC,1627,0.68,146.6,2911,2197,1723,1479,127.1,15.6,158,1629,0.10,0.00,0.00,0.000,4102,0.176,0.000,2890,2197,1600,1723,1478,0,0,0,0,0,0,25.32,28.83,28.83
$GC,1657,0.61,146.6,2890,2198,1723,1477,122.5,15.3,161,1668,0.10,2.12,0.00,0.000,4612,0.172,0.031,2869,812,1599,1722,1477,0,0,0,0,0,0,25.47,25.55,28.83
$GC,1692,0.61,146.6,2048,811,1686,1474,118.3,12.9,164,1700,0.00,2.05,0.00,0.000,1030,0.000,0.024,2869,2140,1597,1717,1477,0,0,0,0,0,0,28.83,25.72,28.83
$GC,1730,0.61,146.6,2869,2141,1717,1477,112.8,13.8,168,1731,0.00,0.00,0.00,0.000,6,0.000,0.000,2869,2140,1597,1717,1477,0,0,0,0,0,0,28.83,28.83,28.83
$GC,1760,0.61,146.6,2868,2140,1717,1477,108.8,13.3,171,1761,0.00,0.00,0.00,0.000,6,0.000,0.000,2869,2140,1597,1717,1477,0,0,0,0,0,0,28.83,28.83,28.83
$GC,1791,0.61,146.6,2869,2140,1717,1477,104.9,13.0,174,1800,0.00,2.03,0.00,0.000,516,0.000,0.033,2869,803,1597,1717,1477,0,0,0,0,0,0,28.83,25.84,28.83
$GC,1822,0.61,146.6,2869,803,1716,1477,100.9,12.7,177,1832,0.00,2.03,0.00,0.000,1030,0.000,0.021,2869,2173,1596,1715,1477,0,0,0,0,0,0,28.83,25.94,28.83
$GC,1863,0.61,146.6,2869,2173,1715,1477,95.5,13.4,181,1864,0.00,0.00,0.00,0.000,6,0.000,0.000,2869,2173,1596,1715,1477,0,0,0,0,0,0,28.83,28.83,28.83
$GC,1892,0.61,146.6,2869,2173,1715,1476,91.5,13.6,184,1893,0.00,0.00,0.00,0.000,6,0.000,0.000,2869,2173,1596,1715,1477,0,0,0,0,0,0,28.83,28.83,28.83
$GC,1923,0.61,146.6,2869,2173,1715,1477,87.4,13.6,187,1931,0.00,2.10,0.00,0.000,260,0.000,0.037,2869,3563,1596,1715,1477,0,0,0,0,0,0,28.83,25.97,28.83
$GC,1974,0.61,146.6,2869,3563,1715,1477,79.8,14.8,192,1983,0.00,1.98,0.00,0.000,1030,0.000,0.018,2869,2194,1596,1715,1477,0,0,0,0,0,0,28.83,26.10,28.83
$GC,2014,0.61,146.6,2869,2191,1715,1477,74.8,12.4,196,2016,0.00,0.00,0.00,0.000,6,0.000,0.000,2869,2191,1596,1715,1477,0,0,0,0,0,0,28.83,28.83,28.83
$GC,2044,0.61,146.6,2868,2191,1715,1477,71.3,11.9,199,2045,0.00,0.00,0.00,0.000,6,0.000,0.000,2869,2191,1596,1715,1477,0,0,0,0,0,0,28.83,28.83,28.83
$GC,2075,0.61,146.6,2869,2191,1715,1477,67.8,11.4,202,2076,0.00,0.00,0.00,0.000,6,0.000,0.000,2869,2191,1596,1715,1477,0,0,0,0,0,0,28.83,28.83,28.83
$GC,2104,0.61,146.6,2869,2191,1715,1477,64.2,12.3,205,2106,0.00,0.00,0.00,0.000,6,0.000,0.000,2869,2191,1596,1715,1477,0,0,0,0,0,0,28.83,28.83,28.83
$GC,2134,0.61,146.6,2869,2191,1715,1476,60.4,12.5,208,2135,0.00,0.00,0.00,0.000,6,0.000,0.000,2869,2191,1595,1715,1476,0,0,0,0,0,0,28.83,28.83,28.83
$GC,2164,0.61,146.6,2869,2191,1715,1476,56.6,12.8,211,2173,0.00,2.15,0.00,0.000,516,0.000,0.036,2869,767,1595,1715,1476,0,0,0,0,0,0,28.83,26.08,28.83
$GC,2197,0.61,146.6,2869,768,1713,1476,52.8,12.1,214,2205,0.00,2.05,0.00,0.000,1030,0.000,0.023,2869,2168,1594,1713,1476,0,0,0,0,0,0,28.83,26.17,28.83
$GC,2236,0.61,146.6,2869,2167,1713,1476,47.6,13.0,218,2245,0.00,2.10,0.00,0.000,260,0.000,0.036,2869,3566,1594,1712,1476,0,0,0,0,0,0,28.83,26.13,28.83
$GC,2260,0.61,146.6,2048,3565,1681,1473,44.6,13.2,220,2268,0.00,2.08,0.00,0.000,1030,0.000,0.021,2869,2170,1594,1712,1476,0,0,0,0,0,0,28.83,26.22,28.83
$GC,2298,0.61,146.6,2869,2167,1713,1476,39.4,13.1,224,2307,0.00,2.10,0.00,0.000,516,0.000,0.037,2870,774,1594,1713,1476,0,0,0,0,0,0,28.83,26.10,28.83
$GC,2322,0.61,146.6,2869,774,1713,1477,37.0,11.5,226,2330,0.00,2.08,0.00,0.000,5126,0.000,0.024,2869,2158,1594,1713,1476,0,0,0,0,0,0,28.83,26.21,28.83
$GC,2361,0.61,146.6,2869,2158,1712,1476,32.8,10.4,230,2370,0.00,2.12,0.00,0.000,260,0.000,0.037,2870,3577,1594,1712,1476,0,0,0,0,0,0,28.83,26.15,28.83
$GC,2403,0.61,146.6,2869,3577,1712,1476,27.6,12.6,234,2412,0.00,2.05,0.00,0.000,1030,0.000,0.018,2869,2150,1594,1712,1476,0,0,0,0,0,0,28.83,26.26,28.83
$GC,2443,0.61,146.6,2869,2148,1712,1476,23.0,11.6,238,2444,0.00,0.00,0.00,0.000,6,0.000,0.000,2869,2148,1594,1712,1476,0,0,0,0,0,0,28.83,28.83,28.83
$GC,2473,0.61,146.6,2869,2148,1712,1476,19.8,10.5,241,2474,0.00,0.00,0.00,0.000,6,0.000,0.000,2869,2148,1594,1712,1476,0,0,0,0,0,0,28.83,28.83,28.83
$GC,2502,0.61,146.6,2869,2148,1713,1476,16.8,10.2,244,2503,0.00,0.00,0.00,0.000,6,0.000,0.000,2869,2148,1594,1712,1476,0,0,0,0,0,0,28.83,28.83,28.83
$GC,2532,0.61,146.6,2869,2148,1712,1476,13.9,9.7,247,2533,0.00,0.00,0.00,0.000,6,0.000,0.000,2869,2148,1594,1713,1476,0,0,0,0,0,0,28.83,28.83,28.83
$GC,2563,0.61,146.6,2869,2148,1713,1476,11.3,9.0,250,2572,0.00,2.12,0.00,0.000,260,0.000,0.037,2869,3565,1594,1712,1476,0,0,0,0,0,0,28.83,26.20,28.83
$GC,2595,0.61,146.6,2869,3565,1712,1476,7.5,11.2,253,2604,0.00,2.03,0.00,0.000,1030,0.000,0.018,2869,2152,1594,1712,1476,0,0,0,0,0,0,28.83,26.31,28.83
$GC,2635,0.61,146.6,2869,2148,1712,1476,3.0,11.0,257,2636,0.00,0.00,0.00,0.000,6,0.000,0.000,2869,2148,1594,1713,1476,0,0,0,0,0,0,28.83,28.83,28.83
$STATE,2643,end climb,SURFACE_DEPTH_REACHED
$STATE,2643,begin surface coast
$FINISH,-0.2,1.022202
$STATE,2664,end surface coast,CONTROL_FINISHED_OK
$STATE,2664,begin surface
$SM_CCo,2680,211.32,0.457,1,0,464,433.32
$SM_CCo,2899,-0.22,0.000,0,0,466,433.32
$SM_CCo,2903,1.12,0.082,0,0,465,433.32
$SM_GC,-7.20,7.35,0.30,1.12,0.066,0.047,0.082,243,2378,465,-7.52,-1.19,433.32,0,0,0,0,0,0,26.18,26.36,25.25
$IRIDIUM_FIX,4729.30,-12227.53,210208,060618
$TT8_MAMPS,0.027713,0.027713
$HUMID,41.29
$INTERNAL_PRESSURE,8.08665
$TCM_TEMP,17.10
$XPDR_PINGS,37
$ALTIM_TOP_PING,19.8,7.3
$ALTIM_BOTTOM_PING,100.6,63.0
$24V_AH,24.4,23.350
$10V_AH,10.3,10.456
$FG_AHR_24Vo,0.000
$FG_AHR_10Vo,0.000
$DEVICES,Pitch_motor,Roll_motor,VBD_pump_during_apogee,VBD_pump_during_surface,VBD_valve,Iridium_during_init,Iridium_during_connect,Iridium_during_xfer,Transponder_ping,GUMSTIX_24V,GPS,TT8,LPSleep,TT8_Active,TT8_Sampling,TT8_CF8,TT8_Kalman,Analog_circuits,GPS_charging,Compass,RAFOS,Transponder,Compass2
$DEVICE_SECS,0.000,0.000,0.000,0.000,0.000,0.000,0.000,0.000,0.000,0.000,0.000,0.000,0.000,0.000,0.000,0.000,0.000,0.000,0.000,0.000,0.000,0.000,0.000
$DEVICE_MAMPS,0.000,0.000,0.000,0.000,0.000,0.000,0.000,0.000,0.000,0.000,0.000,0.000,0.000,0.000,0.000,0.000,0.000,0.000,0.000,0.000,0.000,0.000,0.000
$SENSORS,SBE_CT,AA4330,WL_BB2FLVMG,nil,nil,nil,nil,nil,nil,nil
$SENSOR_SECS,0.000,0.000,0.000,0.000,0.000,0.000,0.000,0.000,0.000,0.000
$SENSOR_MAMPS,0.000,0.000,0.000,0.000,0.000,0.000,0.000,0.000,0.000,0.000
$MEM,355100
$DATA_FILE_SIZE,16989,260
$CAP_FILE_SIZE,84259,0
$CFSIZE,260165632,248471552
$ERRORS,0,0,0,0,0,0,0,0,0,0,0,0,0,1,0,0
$CURRENT,0.113,  3.4,1
$GPS,300126,221133,4751.055,-12223.883,8,1.2,30,18.2
