version: 66.14
glider: 195
mission: 20
dive: 5
start: 2 25 105 20 51 40
data:
$ID,195
$MISSION,20
$DIVE,5
$N_DIVES,0
$STOP_T,0
$D_SURF,3
$D_FLARE,2
$D_TGT,150
$D_ABORT,1090
$D_NO_BLEED,50
$D_BOOST,3
$T_BOOST,0
$D_FINISH,0
$D_PITCH,0
$D_SAFE,0
$D_CALL,0
$SURFACE_URGENCY,0
$SURFACE_URGENCY_TRY,0
$SURFACE_URGENCY_FORCE,0
$T_DIVE,50
$T_MISSION,70
$T_ABORT,1440
$T_TURN,300
$T_TURN_SAMPINT,5
$T_NO_W,120
$T_LOITER,0
$T_SLOITER,60
$T_EPIRB,0
$USE_BATHY,-6
$USE_ICE,0
$ICE_FREEZE_MARGIN,0.30000001
$D_OFFGRID,100
$T_WATCHDOG,10
$RELAUNCH,1
$APOGEE_PITCH,-8
$MAX_BUOY,70
$COURSE_BIAS,0
$GLIDE_SLOPE,35
$SPEED_FACTOR,1
$RHO,1.023
$MASS,53986
$MASS_COMP,0
$NAV_MODE,2
$FERRY_MAX,45
$KALMAN_USE,2
$HD_A,0.0038000001
$HD_B,0.0099999998
$HD_C,9.8500004e-06
$HEADING,-1
$ESCAPE_HEADING,0
$ESCAPE_HEADING_DELTA,10
$FIX_MISSING_TIMEOUT,0
$TGT_DEFAULT_LAT,4736
$TGT_DEFAULT_LON,-12225
$TGT_AUTO_DEFAULT,0
$SM_CC,440
$N_FILEKB,4
$FILEMGR,0
$CALL_NDIVES,1
$COMM_SEQ,0
$PROTOCOL,9
$N_NOCOMM,1
$NOCOMM_ACTION,0
$N_NOSURFACE,0
$UPLOAD_DIVES_MAX,-1
$CALL_TRIES,5
$CALL_WAIT,60
$CAPUPLOAD,1
$CAPMAXSIZE,200000
$HEAPDBG,0
$T_GPS,15
$N_GPS,50840
$T_RSLEEP,2
$STROBE,0
$RAFOS_PEAK_OFFSET,1.5
$RAFOS_CORR_THRESH,60
$RAFOS_HIT_WINDOW,3600
$RAFOS_MMODEM,0
$PITCH_MIN,207
$PITCH_MAX,3915
$C_PITCH,2995
$PITCH_DBAND,0.1
$PITCH_CNV,0.003125763
$P_OVSHOOT,0.039999999
$P_OVSHOOT_WITHG,0.079999998
$PITCH_GAIN,24
$PITCH_TIMEOUT,17
$PITCH_AD_RATE,160
$PITCH_MAXERRORS,1
$PITCH_ADJ_GAIN,0.02
$PITCH_ADJ_DBAND,2.5
$ROLL_MIN,224
$ROLL_MAX,3758
$ROLL_DEG,0
$C_ROLL_DIVE,3500
$C_ROLL_CLIMB,3500
$HEAD_ERRBAND,180
$ROLL_CNV,0.028270001
$ROLL_TIMEOUT,15
$R_PORT_OVSHOOT,33
$R_STBD_OVSHOOT,16
$ROLL_AD_RATE,350
$ROLL_MAXERRORS,2
$ROLL_ADJ_GAIN,0
$ROLL_ADJ_DBAND,0
$VBD_MIN,500
$VBD_MAX,3960
$C_VBD,2300
$VBD_DBAND,2
$VBD_CNV,-0.24529999
$VBD_LP_IGNORE,0
$VBD_TIMEOUT,720
$PITCH_VBD_SHIFT,0.001
$VBD_PUMP_AD_RATE_SURFACE,5
$VBD_PUMP_AD_RATE_APOGEE,4
$VBD_BLEED_AD_RATE,8
$UNCOM_BLEED,60
$VBD_MAXERRORS,1
$W_ADJ_DBAND,2
$DBDW,0
$PITCH_W_GAIN,0
$PITCH_W_DBAND,1
$CF8_MAXERRORS,5
$AH0_24V,150
$AH0_10V,97
$MINV_24V,19
$MINV_10V,8
$MAXI_24V,0.80000001
$MAXI_10V,0.60000002
$FG_AHR_10V,0
$FG_AHR_24V,0
$PHONE_SUPPLY,-2
$PRESSURE_YINT,-48.666744
$PRESSURE_SLOPE,0.0001168043
$AD7714Ch0Gain,128
$TCM_PITCH_OFFSET,0
$TCM_ROLL_OFFSET,0
$COMPASS_USE,4
$ALTIM_BOTTOM_PING_RANGE,0
$ALTIM_TOP_PING_RANGE,20
$ALTIM_BOTTOM_TURN_MARGIN,10
$ALTIM_TOP_TURN_MARGIN,0
$ALTIM_TOP_MIN_OBSTACLE,1
$ALTIM_PING_DEPTH,90
$ALTIM_PING_DELTA,5
$ALTIM_FREQUENCY,13
$ALTIM_PULSE,3
$ALTIM_SENSITIVITY,3
$XPDR_VALID,5
$XPDR_INHIBIT,90
$INT_PRESSURE_SLOPE,0.0097660003
$INT_PRESSURE_YINT,-0.77999997
$DEEPGLIDER,0
$MOTHERBOARD,4
$DEVICE1,2
$DEVICE2,115
$DEVICE3,101
$DEVICE4,-1
$DEVICE5,-1
$DEVICE6,-1
$LOGGERS,0
$LOGGERDEVICE1,-1
$LOGGERDEVICE2,-1
$LOGGERDEVICE3,-1
$LOGGERDEVICE4,-1
$COMPASS_DEVICE,33
$COMPASS2_DEVICE,-1
$PHONE_DEVICE,49
$GPS_DEVICE,32
$RAFOS_DEVICE,-1
$XPDR_DEVICE,24
$SIM_W,0
$SIM_PITCH,0
$SEABIRD_T_G,0.0044178674
$SEABIRD_T_H,0.00064818078
$SEABIRD_T_I,2.6779007e-05
$SEABIRD_T_J,3.3667231e-06
$SEABIRD_C_G,-10.098215
$SEABIRD_C_H,1.1454017
$SEABIRD_C_I,-0.0021276253
$SEABIRD_C_J,0.00025532115
$SEABIRD_C_Z,2974.52
$GPS1,250205,204529,4742.7876,-12225.1680,5,1.1,126,16.3,0.0,0.0,7,3.3
$_CALLS,1
$_XMS_NAKs,0
$_XMS_TOUTs,0
$_SM_DEPTHo,0.51
$_SM_ANGLEo,-60.7
$GPS2,250205,205100,4742.7827,-12225.1650,8,1.1,128,16.3,0.0,267.8,7,3.2
$SPEED_LIMITS,0.143,0.181
$TGT_NAME,WEST
$TGT_LATLONG,4743.200,-12224.200
$TGT_RADIUS,200.000
$KALMAN_CONTROL,0.000000,0.000000
$KALMAN_X,0.000000,0.000000,0.000000,0.000000,0.000000
$KALMAN_Y,0.000000,0.000000,0.000000,0.000000,0.000000
$MHEAD_RNG_PITCHd_Wd,41.6,1429,-26.6,-10.000,-28.87,1046
$D_GRID,186
$GCHEAD,st_secs,pitch_ctl,vbd_ctl,pitch_ad_start,roll_ad_start,vbd_pot1_ad_start,vbd_pot2_ad_start,depth,ob_vertv,data_pts,end_secs,pitch_secs,roll_secs,vbd_secs,vbd_i,gcphase,pitch_i,roll_i,pitch_ad,roll_ad,vbd_ad,vbd_pot1_ad,vbd_pot2_ad,pitch_retries,pitch_errors,roll_retries,roll_errors,vbd_retries,vbd_errors,pitch_volts,roll_volts,vbd_volts,int_press,humidity
$STATE,6,end surface,CONTROL_FINISHED_OK
$STATE,6,begin dive
$GC,77,-1.18,-68.4,195,3479,529,473,0.6,-0.2,12,168,0.00,0.00,-87.62,0.000,16390,0.000,0.000,196,3480,2579,2592,2567,0,0,0,0,0,0,26.72,25.30,26.72,8.59,51.02
$GC,172,-1.18,-68.4,197,3480,2593,2568,2.2,-4.0,24,188,9.55,0.00,0.00,0.000,2054,0.243,0.000,2603,3481,2583,2599,2567,0,0,0,0,0,0,26.08,26.33,26.25,8.79,50.47
$GC,255,-1.18,-68.4,2602,3481,2602,2567,15.6,-16.8,38,263,0.00,0.00,0.00,0.000,6,0.000,0.000,2603,3481,2585,2602,2568,0,0,0,0,0,0,26.71,26.72,26.71,8.80,49.96
$GC,329,-1.18,-68.4,2602,3481,2602,2567,28.1,-16.1,51,337,0.00,0.00,0.00,0.000,6,0.000,0.000,2602,3481,2584,2602,2567,0,0,0,0,0,0,26.73,26.74,26.74,8.80,51.14
$GC,467,-1.18,-68.4,2603,3481,2602,2565,53.6,-19.2,76,475,0.00,0.00,0.00,0.000,6,0.000,0.000,2603,3481,2583,2602,2565,0,0,0,0,0,0,26.76,26.77,26.77,8.80,50.43
$GC,604,-1.18,-68.4,2602,3481,2602,2562,77.5,-17.2,101,612,0.00,0.00,0.00,0.000,6,0.000,0.000,2603,3481,2582,2602,2562,0,0,0,0,0,0,26.78,26.79,26.79,8.80,50.90
$GC,754,-1.18,-68.4,2603,3481,2602,2561,102.7,-16.6,126,761,0.00,0.00,0.00,0.000,6,0.000,0.000,2603,3481,2582,2602,2562,0,0,0,0,0,0,26.79,26.81,26.80,8.80,50.98
$GC,974,-1.18,-68.4,2602,3481,2602,2560,141.8,-18.3,163,981,0.00,0.00,0.00,0.000,6,0.000,0.000,2603,3481,2581,2602,2560,0,0,0,0,0,0,26.81,26.82,26.82,8.79,51.14
$STATE,1018,end dive,TARGET_DEPTH_EXCEEDED
$STATE,1019,begin apogee
$GC,1026,-0.33,0.0,2603,3481,2602,2560,150.4,-18.5,170,1093,0.90,0.00,58.53,0.845,10246,0.160,0.000,2884,3481,2298,2369,2228,0,0,0,0,0,0,26.31,25.27,24.85,8.79,51.22
$STATE,1094,end apogee,CONTROL_FINISHED_OK
$STATE,1095,begin climb
$GC,1098,1.18,68.4,2884,3481,2369,2228,156.1,0.0,179,1170,1.40,0.00,62.65,0.826,10246,0.105,0.000,3352,3481,2019,2111,1928,0,0,0,0,0,0,25.53,24.99,24.60,8.77,51.06
$GC,1366,1.18,68.4,3351,3481,2111,1928,136.4,9.0,225,1374,0.00,0.00,0.00,0.000,6,0.000,0.000,3352,3481,2019,2111,1928,0,0,0,0,0,0,26.32,26.34,26.34,8.73,51.18
$GC,1569,1.18,68.4,3351,3481,2111,1928,118.6,8.5,262,1577,0.00,0.00,0.00,0.000,6,0.000,0.000,3352,3482,2019,2111,1928,0,0,0,0,0,0,26.52,26.53,26.53,8.73,51.22
$GC,1772,1.20,94.5,3351,3481,2111,1928,102.8,7.4,299,1801,0.00,0.00,23.40,0.785,8198,0.000,0.000,3352,3481,1912,2017,1808,0,0,0,0,0,0,26.63,25.65,25.24,8.73,51.69
$GC,1996,1.20,94.5,3351,3481,2017,1808,84.0,9.0,339,2003,0.00,0.00,0.00,0.000,6,0.000,0.000,3352,3481,1912,2017,1808,0,0,0,0,0,0,26.48,26.49,26.49,8.71,51.73
$GC,2133,1.20,94.5,3352,3481,2017,1808,68.9,11.5,364,2140,0.00,0.00,0.00,0.000,6,0.000,0.000,3352,3481,1912,2017,1808,0,0,0,0,0,0,26.57,26.58,26.58,8.72,51.45
$GC,2270,1.20,94.5,3351,3481,2017,1808,52.7,11.1,389,2278,0.00,0.00,0.00,0.000,6,0.000,0.000,3352,3481,1912,2017,1808,0,0,0,0,0,0,26.64,26.65,26.65,8.71,51.57
$GC,2409,1.20,94.5,3352,3481,2017,1807,37.9,10.2,414,2416,0.00,0.00,0.00,0.000,6,0.000,0.000,3352,3481,1912,2017,1808,0,0,0,0,0,0,26.68,26.69,26.69,8.71,52.36
$GC,2546,1.20,94.5,3351,3481,2017,1808,24.0,10.9,439,2553,0.00,0.00,0.00,0.000,6,0.000,0.000,3352,3481,1912,2017,1808,0,0,0,0,0,0,26.72,26.73,26.72,8.71,51.49
$GC,2686,1.20,94.5,3351,3481,2016,1808,9.0,10.3,464,2693,0.00,0.00,0.00,0.000,6,0.000,0.000,3352,3481,1912,2017,1808,0,0,0,0,0,0,26.74,26.75,26.75,8.71,51.69
$STATE,2742,end climb,SURFACE_DEPTH_REACHED
$STATE,2742,begin surface coast
$FINISH,-0.2,1.023097
$STATE,2769,end surface coast,CONTROL_FINISHED_OK
$STATE,2770,begin surface
$SM_CCo,2790,181.32,0.063,0,0,504,440.07
$SM_GC,0.44,8.25,0.00,181.32,0.047,0.000,0.063,213,3481,504,-8.65,-0.54,440.07,0,0,0,0,0,0,26.44,26.77,26.22
$IRIDIUM_FIX,4744.97,-12226.80,111024,204025
$TT8_MAMPS,0.026964,0.346038
$HUMID,49.01
$INTERNAL_PRESSURE,8.56606
$TCM_TEMP,11.90
$XPDR_PINGS,0
$ALTIM_TOP_PING,19.8,19.4
$ALTIM_BOTTOM_PING,145.7,55.4
$24V_AH,24.60,2.766
$10V_AH,10.41,1.579
$FG_AHR_24Vo,0.000
$FG_AHR_10Vo,0.000
$DEVICES,Pitch_motor,Roll_motor,VBD_pump_during_apogee,VBD_pump_during_surface,VBD_valve,Iridium_during_init,Iridium_during_connect,Iridium_during_xfer,Transponder_ping,GUMSTIX_24V,GPS,TT8,LPSleep,TT8_Active,TT8_Sampling,TT8_CF8,TT8_Kalman,Analog_circuits,GPS_charging,Compass,RAFOS,Transponder,Compass2
$DEVICE_SECS,20.100,0.000,144.575,181.325,0.000,0.000,0.000,0.000,4.750,0.000,128.275,1246.817,38.252,420.515,1352.400,107.798,0.000,869.835,0.000,1201.100,0.000,40.333,0.000
$DEVICE_MAMPS,243.270,0.000,845.325,62.730,0.000,0.000,0.000,0.000,420.000,0.000,30.710,15.210,2.190,15.210,43.670,53.410,0.000,14.000,0.000,8.240,0.000,30.000,0.000
$SENSORS,SBE_CT,WL_blue_red_Chl,AA4330,nil,nil,nil,nil,nil,nil,nil
$SENSOR_SECS,394.680,1043.009,0.000,0.000,0.000,0.000,0.000,0.000,0.000,0.000
$SENSOR_MAMPS,22.470,105.000,0.000,0.000,0.000,0.000,0.000,0.000,0.000,0.000
$MEM,312408
$DATA_FILE_SIZE,28021,479
$CAP_FILE_SIZE,59616,0
$CFSIZE,2097872896,2093416448
$ERRORS,0,0,0,0,0,0,0,0,0,0,0,0,0,0,1,0
$CURRENT,0.033,320.15,1
$GPS,250205,214354,4742.743,-12225.273,5,1.3,126,16.3,0.0,155.2,6,3.2
