version: 66.11
glider: 175
mission: 11
dive: 188
start: 5 28 126 23 15 55
data:
$ID,175
$MISSION,11
$DIVE,188
$N_DIVES,0
$D_SURF,3
$D_FLARE,3
$D_TGT,165
$D_ABORT,1090
$D_NO_BLEED,50
$D_BOOST,3
$T_BOOST,0
$D_FINISH,0
$D_PITCH,0
$D_SAFE,0
$D_CALL,0
$SURFACE_URGENCY,0
$SURFACE_URGENCY_TRY,0
$SURFACE_URGENCY_FORCE,0
$T_DIVE,55
$T_MISSION,70
$T_ABORT,1440
$T_TURN,300
$T_TURN_SAMPINT,5
$T_NO_W,120
$T_LOITER,0
$T_EPIRB,0
$USE_BATHY,0
$USE_ICE,0
$ICE_FREEZE_MARGIN,0.30000001
$D_OFFGRID,100
$T_WATCHDOG,10
$RELAUNCH,1
$APOGEE_PITCH,-8
$MAX_BUOY,150
$COURSE_BIAS,0
$GLIDE_SLOPE,30
$SPEED_FACTOR,1
$RHO,1.0235
$MASS,51878
$MASS_COMP,0
$NAV_MODE,1
$FERRY_MAX,45
$KALMAN_USE,1
$HD_A,0.0024900001
$HD_B,0.0091000004
$HD_C,5.7000002e-06
$HEADING,-1
$ESCAPE_HEADING,0
$ESCAPE_HEADING_DELTA,10
$FIX_MISSING_TIMEOUT,0
$TGT_DEFAULT_LAT,47.766998
$TGT_DEFAULT_LON,-122.413
$TGT_AUTO_DEFAULT,0
$SM_CC,423.31998
$N_FILEKB,4
$FILEMGR,0
$CALL_NDIVES,1
$COMM_SEQ,0
$PROTOCOL,9
$N_NOCOMM,1
$NOCOMM_ACTION,0
$N_NOSURFACE,0
$UPLOAD_DIVES_MAX,-1
$CALL_TRIES,5
$CALL_WAIT,60
$CAPUPLOAD,1
$CAPMAXSIZE,200000
$HEAPDBG,0
$T_GPS,15
$N_GPS,30
$T_GPS_ALMANAC,0
$T_GPS_CHARGE,-38889.652
$T_RSLEEP,2
$STROBE,0
$RAFOS_PEAK_OFFSET,1.5
$RAFOS_CORR_THRESH,60
$RAFOS_HIT_WINDOW,3600
$PITCH_MIN,255
$PITCH_MAX,3935
$C_PITCH,2626
$PITCH_DBAND,0.0099999998
$PITCH_CNV,0.003125763
$P_OVSHOOT,0.039999999
$PITCH_GAIN,30
$PITCH_TIMEOUT,17
$PITCH_AD_RATE,160
$PITCH_MAXERRORS,1
$PITCH_ADJ_GAIN,0.02
$PITCH_ADJ_DBAND,2.5
$ROLL_MIN,171
$ROLL_MAX,3723
$ROLL_DEG,40
$C_ROLL_DIVE,2030
$C_ROLL_CLIMB,2030
$HEAD_ERRBAND,10
$ROLL_CNV,0.028270001
$ROLL_TIMEOUT,15
$R_PORT_OVSHOOT,60
$R_STBD_OVSHOOT,46
$ROLL_AD_RATE,300
$ROLL_MAXERRORS,2
$ROLL_ADJ_GAIN,0
$ROLL_ADJ_DBAND,0
$VBD_MIN,465
$VBD_MAX,3960
$C_VBD,2350
$VBD_DBAND,2
$VBD_CNV,-0.25119999
$VBD_TIMEOUT,720
$PITCH_VBD_SHIFT,0.0012300001
$VBD_PUMP_AD_RATE_SURFACE,5
$VBD_PUMP_AD_RATE_APOGEE,4
$VBD_BLEED_AD_RATE,8
$UNCOM_BLEED,60
$VBD_MAXERRORS,1
$W_ADJ_DBAND,2
$DBDW,0
$PITCH_W_GAIN,0
$PITCH_W_DBAND,1
$CF8_MAXERRORS,5
$AH0_24V,145
$AH0_10V,95
$MINV_24V,19
$MINV_10V,8
$FG_AHR_10V,0
$FG_AHR_24V,0
$PHONE_SUPPLY,2
$PRESSURE_YINT,-13.51214
$PRESSURE_SLOPE,0.0001165895
$AD7714Ch0Gain,128
$TCM_PITCH_OFFSET,0
$TCM_ROLL_OFFSET,0
$COMPASS_USE,4
$ALTIM_BOTTOM_PING_RANGE,0
$ALTIM_TOP_PING_RANGE,20
$ALTIM_BOTTOM_TURN_MARGIN,25
$ALTIM_TOP_TURN_MARGIN,0
$ALTIM_TOP_MIN_OBSTACLE,1
$ALTIM_PING_DEPTH,60
$ALTIM_PING_DELTA,5
$ALTIM_FREQUENCY,13
$ALTIM_PULSE,3
$ALTIM_SENSITIVITY,4
$XPDR_VALID,5
$XPDR_INHIBIT,90
$INT_PRESSURE_SLOPE,0.0097660003
$INT_PRESSURE_YINT,-0.40000001
$DEEPGLIDER,0
$DEEPGLIDERMB,0
$MOTHERBOARD,4
$DEVICE1,2
$DEVICE2,101
$DEVICE3,38
$DEVICE4,-1
$DEVICE5,-1
$DEVICE6,-1
$LOGGERS,7
$LOGGERDEVICE1,-1
$LOGGERDEVICE2,-1
$LOGGERDEVICE3,-1
$LOGGERDEVICE4,-1
$COMPASS_DEVICE,33
$COMPASS2_DEVICE,-1
$PHONE_DEVICE,49
$GPS_DEVICE,32
$RAFOS_DEVICE,-1
$XPDR_DEVICE,24
$SIM_W,0
$SIM_PITCH,0
$SEABIRD_T_G,0.0043137739
$SEABIRD_T_H,0.00062868668
$SEABIRD_T_I,2.2691316e-05
$SEABIRD_T_J,2.2586789e-06
$SEABIRD_C_G,-10.021329
$SEABIRD_C_H,1.1236943
$SEABIRD_C_I,-0.0013673168
$SEABIRD_C_J,0.00018808816
$GPS1,280526,230547,4744.944,-12224.274,8,2.5,38,18.2
$_CALLS,2
$_XMS_NAKs,0
$_XMS_TOUTs,0
$_SM_DEPTHo,-6.06
$_SM_ANGLEo,-70.1
$GPS2,280526,231458,4744.886,-12224.255,14,1.8,14,18.2
$SPEED_LIMITS,0.173,0.272
$TGT_NAME,SOUTH_175
$TGT_LATLONG,4742.840,-12225.690
$TGT_RADIUS,200.000
$KALMAN_CONTROL,-0.111,-0.249
$KALMAN_X,-25511.6,-1571.3,765.1,27113.9,-10.2
$KALMAN_Y,20194.1,4716.2,-2967.0,-31586.6,16.0
$MHEAD_RNG_PITCHd_Wd,185.9,4190,-16.2,-10.000,-20.17,2231
$D_GRID,165
$GCHEAD,st_secs,pitch_ctl,vbd_ctl,pitch_ad_start,roll_ad_start,vbd_pot1_ad_start,vbd_pot2_ad_start,depth,ob_vertv,data_pts,end_secs,pitch_secs,roll_secs,vbd_secs,vbd_i,gcphase,pitch_i,roll_i,pitch_ad,roll_ad,vbd_ad,vbd_pot1_ad,vbd_pot2_ad,pitch_retries,pitch_errors,roll_retries,roll_errors,vbd_retries,vbd_errors,pitch_volts,roll_volts,vbd_volts
$STATE,14,end surface,CONTROL_FINISHED_OK
$STATE,14,begin dive
$GC,16,-0.72,-146.6,244,2018,705,611,0.0,0.0,0,102,0.00,0.00,-83.32,0.000,16390,0.000,0.000,245,2018,2933,3018,2849,0,0,0,0,0,0,28.83,28.83,26.44
$GC,105,-0.72,-146.6,244,2018,3021,2850,-3.5,-5.0,8,121,8.85,2.17,0.00,0.000,2820,0.227,0.033,2373,3451,2939,3028,2850,0,0,0,0,0,0,24.89,25.96,28.83
$GC,326,-0.49,-146.6,1576,3449,3017,2837,42.8,-16.2,30,334,0.28,2.12,0.00,0.000,3078,0.147,0.022,2460,2008,2945,3047,2843,0,0,0,0,0,0,25.49,26.20,28.83
$GC,364,-0.35,-146.6,2460,2004,3049,2841,47.5,-11.7,34,366,0.17,0.00,0.00,0.000,2054,0.147,0.000,2509,2004,2945,3049,2841,0,0,0,0,0,0,25.89,28.83,28.83
$GC,394,-0.35,-146.6,2509,2004,3049,2841,50.1,-9.1,37,395,0.00,0.00,0.00,0.000,2054,0.000,0.000,2509,2004,2945,3049,2841,0,0,0,0,0,0,28.83,28.83,28.83
$GC,424,-0.35,-146.6,2509,2004,3049,2841,52.6,-8.1,40,425,0.00,0.00,0.00,0.000,2054,0.000,0.000,2509,2004,2945,3049,2841,0,0,0,0,0,0,28.83,28.83,28.83
$GC,454,-0.35,-146.6,2509,2004,3050,2840,55.3,-8.8,43,455,0.00,0.00,0.00,0.000,2054,0.000,0.000,2509,2004,2945,3049,2841,0,0,0,0,0,0,28.83,28.83,28.83
$GC,484,-0.35,-146.6,2509,2004,3050,2840,58.1,-9.2,46,485,0.00,0.00,0.00,0.000,2054,0.000,0.000,2509,2004,2944,3049,2840,0,0,0,0,0,0,28.83,28.83,28.83
$GC,514,-0.35,-146.6,2508,2004,3050,2840,61.1,-10.2,49,523,0.00,2.20,0.00,0.000,2308,0.000,0.042,2508,3439,2944,3049,2840,0,0,0,0,0,0,28.83,26.04,28.83
$GC,556,-0.35,-146.6,2508,3439,3051,2840,65.7,-10.6,53,565,0.00,2.03,0.00,0.000,3078,0.000,0.021,2508,2038,2945,3051,2840,0,0,0,0,0,0,28.83,26.24,28.83
$GC,597,-0.35,-146.6,2508,2037,3050,2839,70.4,-11.9,57,598,0.00,0.00,0.00,0.000,2054,0.000,0.000,2508,2037,2945,3051,2840,0,0,0,0,0,0,28.83,28.83,28.83
$GC,626,-0.35,-146.6,2507,2037,3051,2839,73.7,-11.4,60,627,0.00,0.00,0.00,0.000,2054,0.000,0.000,2508,2037,2945,3051,2839,0,0,0,0,0,0,28.83,28.83,28.83
$GC,656,-0.35,-146.6,2507,2037,3051,2839,76.8,-10.4,63,665,0.00,2.08,0.00,0.000,2564,0.000,0.030,2508,639,2944,3051,2838,0,0,0,0,0,0,28.83,26.17,28.83
$GC,688,-0.35,-146.6,2508,639,3050,2837,80.2,-10.4,66,697,0.00,2.05,0.00,0.000,3078,0.000,0.027,2508,2028,2944,3051,2837,0,0,0,0,0,0,28.83,26.20,28.83
$GC,728,-0.40,-146.6,2507,2029,3051,2837,84.0,-9.5,70,737,0.00,2.12,0.00,0.000,4356,0.000,0.041,2508,3433,2944,3051,2838,0,0,0,0,0,0,28.83,26.09,28.83
$GC,763,-0.45,-146.6,1664,3432,3021,2832,87.2,-9.5,73,771,0.08,2.03,0.00,0.000,5126,0.122,0.019,2464,2009,2945,3052,2838,0,0,0,0,0,0,26.20,26.32,28.83
$GC,800,-0.45,-146.6,2463,2007,3052,2837,91.6,-11.2,77,802,0.05,0.00,0.00,0.000,2054,0.216,0.000,2476,2007,2945,3052,2838,0,0,0,0,0,0,26.32,28.83,28.83
$GC,831,-0.45,-146.6,2476,2007,3052,2837,95.2,-12.2,80,832,0.00,0.00,0.00,0.000,2054,0.000,0.000,2476,2007,2944,3052,2837,0,0,0,0,0,0,28.83,28.83,28.83
$GC,860,-0.45,-146.6,2475,2007,3052,2837,99.0,-12.7,83,872,0.00,2.17,0.00,0.000,2308,0.000,0.041,2476,3434,2944,3052,2837,0,0,0,0,0,0,28.83,26.10,28.83
$GC,897,-0.45,-146.6,2476,3433,3052,2837,103.3,-12.7,86,905,0.00,2.03,0.00,0.000,3078,0.000,0.023,2476,2047,2944,3052,2837,0,0,0,0,0,0,28.83,24.60,28.83
$GC,937,-0.45,-146.6,2475,2045,3052,2837,107.9,-11.3,90,938,0.00,0.00,0.00,0.000,2054,0.000,0.000,2476,2045,2944,3052,2837,0,0,0,0,0,0,28.83,28.83,28.83
$GC,965,-0.45,-146.6,2476,2045,3052,2837,111.1,-10.6,93,966,0.00,0.00,0.00,0.000,2054,0.000,0.000,2476,2045,2944,3052,2837,0,0,0,0,0,0,28.83,28.83,28.83
$GC,996,-0.45,-146.6,2476,2045,3052,2837,114.4,-10.9,96,997,0.00,0.00,0.00,0.000,2054,0.000,0.000,2476,2045,2944,3052,2837,0,0,0,0,0,0,28.83,28.83,28.83
$GC,1027,-0.45,-146.6,2476,2045,3052,2837,117.6,-10.7,99,1036,0.00,2.10,0.00,0.000,2308,0.000,0.041,2476,3432,2944,3052,2837,0,0,0,0,0,0,28.83,26.11,28.83
$GC,1050,-0.45,-146.6,2476,3432,3052,2837,120.0,-10.5,101,1059,0.00,2.08,0.00,0.000,3078,0.000,0.020,2476,2024,2944,3052,2837,0,0,0,0,0,0,28.83,25.63,28.83
$GC,1089,-0.45,-146.6,2475,2022,3052,2837,123.8,-9.7,105,1090,0.00,0.00,0.00,0.000,2054,0.000,0.000,2476,2022,2944,3051,2837,0,0,0,0,0,0,28.83,28.83,28.83
$GC,1118,-0.45,-146.6,2475,2023,3052,2836,126.9,-10.3,108,1120,0.00,0.00,0.00,0.000,2054,0.000,0.000,2476,2022,2944,3052,2836,0,0,0,0,0,0,28.83,28.83,28.83
$GC,1148,-0.45,-146.6,2476,2023,3052,2837,130.0,-10.1,111,1149,0.00,0.00,0.00,0.000,2054,0.000,0.000,2476,2022,2944,3052,2837,0,0,0,0,0,0,28.83,28.83,28.83
$GC,1180,-0.45,-146.6,2476,2022,3052,2836,132.9,-9.6,114,1181,0.00,0.00,0.00,0.000,2054,0.000,0.000,2476,2023,2944,3052,2836,0,0,0,0,0,0,28.83,28.83,28.83
$GC,1209,-0.45,-146.6,2476,2022,3052,2836,135.9,-10.2,117,1210,0.00,0.00,0.00,0.000,2054,0.000,0.000,2476,2022,2944,3052,2836,0,0,0,0,0,0,28.83,28.83,28.83
$GC,1238,-0.45,-146.6,2476,2022,3052,2836,139.1,-10.3,120,1240,0.00,0.00,0.00,0.000,2054,0.000,0.000,2476,2023,2944,3052,2836,0,0,0,0,0,0,28.83,28.83,28.83
$GC,1270,-0.45,-146.6,2476,2022,3052,2836,142.3,-10.8,123,1279,0.00,2.15,0.00,0.000,2308,0.000,0.044,2476,3435,2944,3052,2836,0,0,0,0,0,0,28.83,26.11,28.83
$GC,1308,-0.45,-146.6,2476,3435,3052,2836,146.0,-10.7,126,1315,0.00,2.08,0.00,0.000,3078,0.000,0.019,2476,2014,2944,3053,2836,0,0,0,0,0,0,28.83,26.35,28.83
$GC,1346,-0.45,-146.6,2476,2013,3052,2836,150.2,-9.7,130,1347,0.00,0.00,0.00,0.000,2054,0.000,0.000,2476,2013,2944,3052,2836,0,0,0,0,0,0,28.83,28.83,28.83
$GC,1376,-0.45,-146.6,2476,2013,3052,2836,153.0,-9.4,133,1386,0.00,2.17,0.00,0.000,2308,0.000,0.041,2476,3442,2944,3052,2836,0,0,0,0,0,0,28.83,26.13,28.83
$GC,1419,-0.45,-146.6,2475,3441,3052,2836,156.8,-8.8,137,1428,0.00,2.03,0.00,0.000,3078,0.000,0.019,2476,2014,2944,3052,2836,0,0,0,0,0,0,28.83,26.36,28.83
$GC,1458,-0.45,-146.6,2475,2014,3052,2836,160.4,-9.0,141,1460,0.00,0.00,0.00,0.000,2054,0.000,0.000,2476,2014,2944,3052,2836,0,0,0,0,0,0,28.83,28.83,28.83
$GC,1489,-0.45,-146.6,2476,2013,3052,2836,163.1,-8.7,144,1490,0.00,0.00,0.00,0.000,2054,0.000,0.000,2476,2013,2944,3052,2836,0,0,0,0,0,0,28.83,28.83,28.83
$STATE,1506,end dive,TARGET_DEPTH_EXCEEDED
$STATE,1507,begin apogee
$GC,1511,-0.27,0.0,2476,2013,3052,2836,165.1,-9.4,146,1639,0.17,0.00,123.60,0.559,10246,0.139,0.000,2534,2013,2350,2441,2260,0,0,0,0,0,0,26.01,28.83,24.03
$STATE,1641,end apogee,CONTROL_FINISHED_OK
$STATE,1641,begin climb
$GC,1643,0.72,146.6,2534,2013,2440,2260,172.8,0.0,159,1769,1.00,0.00,117.57,0.549,10758,0.113,0.000,2849,2013,1764,1874,1654,0,0,0,0,0,0,25.12,28.83,24.05
$GC,1799,0.72,146.6,2849,2013,1872,1652,163.3,8.8,175,1800,0.00,0.00,0.00,0.000,2054,0.000,0.000,2850,2013,1762,1872,1652,0,0,0,0,0,0,28.83,28.83,28.83
$GC,1828,0.72,146.6,2849,2013,1871,1651,160.4,9.3,178,1837,0.00,2.20,0.00,0.000,2308,0.000,0.033,2850,3447,1761,1871,1651,0,0,0,0,0,0,28.83,25.66,28.83
$GC,1862,0.72,146.6,1984,3446,1833,1645,157.0,10.7,181,1870,0.00,2.12,0.00,0.000,3078,0.000,0.025,2854,2049,1760,1871,1650,0,0,0,0,0,0,28.83,25.47,28.83
$GC,1900,0.72,146.6,2854,2044,1871,1649,152.8,10.2,185,1902,0.00,0.00,0.00,0.000,6,0.000,0.000,2854,2044,1760,1871,1649,0,0,0,0,0,0,28.83,28.83,28.83
$GC,1930,0.72,146.6,2854,2043,1871,1649,150.1,9.4,188,1931,0.00,0.00,0.00,0.000,2054,0.000,0.000,2854,2044,1760,1871,1649,0,0,0,0,0,0,28.83,28.83,28.83
$GC,1960,0.72,146.6,2854,2043,1871,1649,147.2,9.4,191,1961,0.00,0.00,0.00,0.000,6,0.000,0.000,2854,2044,1760,1871,1649,0,0,0,0,0,0,28.83,28.83,28.83
$GC,1991,0.72,146.6,2854,2043,1871,1649,144.2,9.9,194,1992,0.00,0.00,0.00,0.000,6,0.000,0.000,2854,2043,1760,1871,1649,0,0,0,0,0,0,28.83,28.83,28.83
$GC,2020,0.72,146.6,2854,2043,1871,1648,141.3,10.1,197,2021,0.00,0.00,0.00,0.000,6,0.000,0.000,2854,2043,1760,1871,1649,0,0,0,0,0,0,28.83,28.83,28.83
$GC,2050,0.72,146.6,2854,2043,1871,1648,138.8,8.4,200,2059,0.00,2.10,0.00,0.000,260,0.000,0.034,2854,3439,1759,1871,1648,0,0,0,0,0,0,28.83,25.98,28.83
$GC,2082,0.72,146.6,2854,3439,1871,1648,135.7,9.3,203,2091,0.00,2.08,0.00,0.000,1030,0.000,0.021,2857,2021,1759,1871,1648,0,0,0,0,0,0,28.83,26.10,28.83
$GC,2122,0.72,146.6,2857,2017,1871,1647,131.1,11.6,207,2123,0.00,0.00,0.00,0.000,6,0.000,0.000,2857,2017,1759,1871,1647,0,0,0,0,0,0,28.83,28.83,28.83
$GC,2152,0.72,146.6,2857,2017,1871,1647,128.3,9.7,210,2153,0.00,0.00,0.00,0.000,6,0.000,0.000,2857,2017,1759,1871,1647,0,0,0,0,0,0,28.83,28.83,28.83
$GC,2182,0.72,146.6,2856,2017,1871,1647,125.5,9.4,213,2184,0.00,0.00,0.00,0.000,6,0.000,0.000,2857,2017,1759,1871,1647,0,0,0,0,0,0,28.83,28.83,28.83
$GC,2213,0.72,146.6,2857,2017,1871,1647,122.5,9.9,216,2222,0.00,2.12,0.00,0.000,260,0.000,0.034,2857,3437,1759,1871,1647,0,0,0,0,0,0,28.83,26.07,28.83
$GC,2244,0.72,146.6,2857,3437,1870,1646,118.9,10.7,219,2253,0.00,2.05,0.00,0.000,1030,0.000,0.021,2857,2029,1758,1870,1646,0,0,0,0,0,0,28.83,26.17,28.83
$GC,2285,0.72,146.6,2857,2024,1870,1646,114.5,11.1,223,2294,0.00,2.10,0.00,0.000,516,0.000,0.034,2857,629,1757,1869,1646,0,0,0,0,0,0,28.83,26.08,28.83
$GC,2307,0.72,146.6,2857,629,1867,1647,112.2,10.5,225,2316,0.00,2.08,0.00,0.000,1030,0.000,0.023,2857,2051,1757,1867,1647,0,0,0,0,0,0,28.83,26.19,28.83
$GC,2347,0.72,146.6,2857,2051,1866,1647,107.7,11.5,229,2356,0.00,2.08,0.00,0.000,260,0.000,0.035,2857,3442,1756,1866,1647,0,0,0,0,0,0,28.83,26.11,28.83
$GC,2390,0.72,146.6,2000,3440,1829,1642,102.1,13.4,233,2398,0.00,2.12,0.00,0.000,1030,0.000,0.022,2857,2024,1757,1867,1647,0,0,0,0,0,0,28.83,25.86,28.83
$GC,2429,0.72,146.6,2857,2020,1867,1647,96.7,13.6,237,2430,0.00,0.00,0.00,0.000,6,0.000,0.000,2857,2019,1756,1867,1646,0,0,0,0,0,0,28.83,28.83,28.83
$GC,2459,0.72,146.6,2857,2019,1867,1646,92.9,12.8,240,2460,0.00,0.00,0.00,0.000,6,0.000,0.000,2857,2019,1757,1867,1647,0,0,0,0,0,0,28.83,28.83,28.83
$GC,2488,0.72,146.6,2857,2019,1867,1647,88.9,13.1,243,2489,0.00,0.00,0.00,0.000,6,0.000,0.000,2857,2019,1757,1867,1647,0,0,0,0,0,0,28.83,28.83,28.83
$GC,2518,0.72,146.6,2857,2019,1867,1647,85.3,12.3,246,2519,0.00,0.00,0.00,0.000,6,0.000,0.000,2857,2019,1757,1867,1647,0,0,0,0,0,0,28.83,28.83,28.83
$GC,2548,0.72,146.6,2857,2019,1867,1647,81.8,11.5,249,2558,0.00,2.12,0.00,0.000,260,0.000,0.034,2857,3435,1757,1867,1647,0,0,0,0,0,0,28.83,26.15,28.83
$GC,2581,0.72,146.6,2857,3435,1866,1646,78.1,11.7,252,2590,0.00,2.05,0.00,0.000,1030,0.000,0.021,2857,2018,1757,1867,1647,0,0,0,0,0,0,28.83,26.27,28.83
$GC,2620,0.72,146.6,2857,2015,1867,1647,73.7,11.1,256,2622,0.00,0.00,0.00,0.000,6,0.000,0.000,2857,2015,1757,1867,1647,0,0,0,0,0,0,28.83,28.83,28.83
$GC,2651,0.72,146.6,2857,2015,1866,1647,70.6,10.5,259,2652,0.00,0.00,0.00,0.000,6,0.000,0.000,2857,2015,1757,1867,1647,0,0,0,0,0,0,28.83,28.83,28.83
$GC,2680,0.72,146.6,2857,2015,1867,1647,67.6,9.8,262,2682,0.00,0.00,0.00,0.000,6,0.000,0.000,2857,2015,1756,1866,1647,0,0,0,0,0,0,28.83,28.83,28.83
$GC,2711,0.72,146.6,2857,2015,1867,1646,64.8,9.8,265,2720,0.00,2.12,0.00,0.000,260,0.000,0.034,2857,3434,1756,1867,1646,0,0,0,0,0,0,28.83,26.17,28.83
$GC,2754,0.72,146.6,2000,3432,1829,1642,60.6,9.9,269,2762,0.00,2.08,0.00,0.000,1030,0.000,0.024,2857,2037,1760,1867,1653,0,0,0,0,0,0,28.83,24.89,28.83
$GC,2793,0.77,190.8,2857,2032,1867,1647,57.5,8.0,273,2832,0.00,0.00,35.17,0.485,10246,0.000,0.000,2857,2032,1591,1705,1477,0,0,0,0,0,0,28.83,28.83,24.49
$GC,2863,0.77,190.8,2857,2032,1703,1475,52.1,8.2,280,2864,0.00,0.00,0.00,0.000,2054,0.000,0.000,2857,2032,1589,1703,1475,0,0,0,0,0,0,28.83,28.83,28.83
$GC,2892,0.77,190.8,2857,2032,1703,1474,49.5,8.7,283,2893,0.00,0.00,0.00,0.000,2054,0.000,0.000,2857,2032,1588,1703,1474,0,0,0,0,0,0,28.83,28.83,28.83
$GC,2922,0.77,190.8,2857,2032,1702,1473,46.6,9.2,286,2923,0.00,0.00,0.00,0.000,2054,0.000,0.000,2857,2032,1587,1702,1473,0,0,0,0,0,0,28.83,28.83,28.83
$GC,2952,0.77,190.8,2857,2032,1702,1474,43.8,9.6,289,2953,0.00,0.00,0.00,0.000,2054,0.000,0.000,2857,2032,1587,1702,1473,0,0,0,0,0,0,28.83,28.83,28.83
$GC,2982,0.77,190.8,2857,2032,1702,1473,40.9,9.7,292,2991,0.00,2.12,0.00,0.000,2308,0.000,0.034,2857,3438,1587,1702,1473,0,0,0,0,0,0,28.83,25.99,28.83
$GC,3014,0.77,190.8,2857,3439,1702,1472,37.3,11.2,295,3023,0.00,2.08,0.00,0.000,3078,0.000,0.021,2857,2018,1587,1702,1472,0,0,0,0,0,0,28.83,26.11,28.83
$GC,3054,0.77,190.8,2857,2015,1702,1471,32.9,11.1,299,3063,0.00,2.08,0.00,0.000,2564,0.000,0.034,2857,640,1586,1702,1470,0,0,0,0,0,0,28.83,26.02,28.83
$GC,3086,0.84,190.8,2857,639,1699,1470,29.8,10.0,302,3096,0.12,2.05,0.00,0.000,3078,0.082,0.023,2922,2040,1585,1699,1471,0,0,0,0,0,0,26.08,26.14,28.83
$GC,3126,0.84,190.8,2921,2040,1699,1471,24.9,12.5,306,3136,0.10,2.08,0.00,0.000,4356,0.176,0.033,2899,3429,1585,1699,1471,0,0,0,0,0,0,26.08,26.06,28.83
$GC,3191,0.78,190.8,2899,3429,1699,1471,14.9,15.1,312,3201,0.12,2.03,0.00,0.000,5126,0.164,0.019,2877,2025,1585,1699,1472,0,0,0,0,0,0,25.85,26.20,28.83
$GC,3231,0.78,190.8,2876,2021,1699,1470,9.7,12.9,316,3233,0.00,0.00,0.00,0.000,6,0.000,0.000,2877,2021,1585,1699,1471,0,0,0,0,0,0,28.83,28.83,28.83
$GC,3261,0.78,190.8,2876,2021,1699,1471,6.6,10.7,319,3262,0.00,0.00,0.00,0.000,6,0.000,0.000,2877,2021,1584,1699,1470,0,0,0,0,0,0,28.83,28.83,28.83
$GC,3291,0.78,190.8,2876,2021,1699,1471,3.8,9.7,322,3300,0.00,2.12,0.00,0.000,260,0.000,0.034,2876,3442,1585,1699,1471,0,0,0,0,0,0,28.83,26.10,28.83
$STATE,3311,end climb,SURFACE_DEPTH_REACHED
$STATE,3311,begin surface coast
$FINISH,-0.2,1.022340
$STATE,3332,end surface coast,CONTROL_FINISHED_OK
$STATE,3332,begin surface
$SM_CCo,3350,174.25,0.433,1,0,663,423.52
$SM_GC,-6.08,7.38,2.12,174.25,0.065,0.021,0.433,249,2025,663,-7.37,1.53,423.52,0,0,0,0,1,0,26.08,26.21,24.23
$IRIDIUM_FIX,4726.11,-12219.67,180608,080822
$TT8_MAMPS,0.026964,0.026964
$HUMID,42.28
$INTERNAL_PRESSURE,8.15502
$TCM_TEMP,17.50
$XPDR_PINGS,162
$ALTIM_TOP_PING,19.8,999.0
$ALTIM_BOTTOM_PING,146.0,43.8
$24V_AH,24.0,38.173
$10V_AH,10.0,17.776
$FG_AHR_24Vo,0.000
$FG_AHR_10Vo,0.000
$DEVICES,Pitch_motor,Roll_motor,VBD_pump_during_apogee,VBD_pump_during_surface,VBD_valve,Iridium_during_init,Iridium_during_connect,Iridium_during_xfer,Transponder_ping,GUMSTIX_24V,GPS,TT8,LPSleep,TT8_Active,TT8_Sampling,TT8_CF8,TT8_Kalman,Analog_circuits,GPS_charging,Compass,RAFOS,Transponder,Compass2
$DEVICE_SECS,18.325,79.700,276.350,174.250,0.000,50.175,37.966,278.788,45.500,0.000,17.012,922.015,1147.374,615.443,1204.601,201.279,33.241,1191.016,0.000,816.265,0.000,33.113,0.000
$DEVICE_MAMPS,227.205,43.605,559.215,432.990,0.000,43.600,160.000,223.000,420.000,0.000,28.460,13.960,2.190,13.960,37.930,44.670,61.150,16.000,0.000,15.730,0.000,30.000,0.000
$SENSORS,SBE_CT,AA4330,WL_BB2FLVMG,nil,nil,nil,nil,nil,nil,nil
$SENSOR_SECS,219.397,428.437,561.916,0.000,0.000,0.000,0.000,0.000,0.000,0.000
$SENSOR_MAMPS,23.220,33.000,105.000,0.000,0.000,0.000,0.000,0.000,0.000,0.000
$MEM,354808
$DATA_FILE_SIZE,23737,326
$CAP_FILE_SIZE,107681,0
$CFSIZE,260165632,249339904
$ERRORS,0,0,0,0,0,0,0,0,0,0,0,0,0,1,0,0
$GPS,290526,001603,4744.320,-12224.477,11,1.1,39,18.2
