version: 66.11
glider: 175
mission: 11
dive: 296
start: 6 2 126 13 42 0
data:
$ID,175
$MISSION,11
$DIVE,296
$N_DIVES,0
$D_SURF,3
$D_FLARE,3
$D_TGT,200
$D_ABORT,1090
$D_NO_BLEED,50
$D_BOOST,3
$T_BOOST,0
$D_FINISH,0
$D_PITCH,0
$D_SAFE,0
$D_CALL,0
$SURFACE_URGENCY,0
$SURFACE_URGENCY_TRY,0
$SURFACE_URGENCY_FORCE,0
$T_DIVE,65
$T_MISSION,80
$T_ABORT,1440
$T_TURN,300
$T_TURN_SAMPINT,5
$T_NO_W,120
$T_LOITER,0
$T_EPIRB,0
$USE_BATHY,1
$USE_ICE,0
$ICE_FREEZE_MARGIN,0.30000001
$D_OFFGRID,100
$T_WATCHDOG,10
$RELAUNCH,1
$APOGEE_PITCH,-8
$MAX_BUOY,150
$COURSE_BIAS,0
$GLIDE_SLOPE,30
$SPEED_FACTOR,1
$RHO,1.0235
$MASS,51878
$MASS_COMP,0
$NAV_MODE,2
$FERRY_MAX,45
$KALMAN_USE,2
$HD_A,0.0024900001
$HD_B,0.0091000004
$HD_C,5.7000002e-06
$HEADING,-1
$ESCAPE_HEADING,0
$ESCAPE_HEADING_DELTA,10
$FIX_MISSING_TIMEOUT,0
$TGT_DEFAULT_LAT,47.766998
$TGT_DEFAULT_LON,-122.413
$TGT_AUTO_DEFAULT,0
$SM_CC,473.51199
$N_FILEKB,4
$FILEMGR,0
$CALL_NDIVES,1
$COMM_SEQ,0
$PROTOCOL,9
$N_NOCOMM,1
$NOCOMM_ACTION,0
$N_NOSURFACE,0
$UPLOAD_DIVES_MAX,-1
$CALL_TRIES,5
$CALL_WAIT,60
$CAPUPLOAD,1
$CAPMAXSIZE,200000
$HEAPDBG,0
$T_GPS,15
$N_GPS,30
$T_GPS_ALMANAC,0
$T_GPS_CHARGE,-39139.074
$T_RSLEEP,2
$STROBE,0
$RAFOS_PEAK_OFFSET,1.5
$RAFOS_CORR_THRESH,60
$RAFOS_HIT_WINDOW,3600
$PITCH_MIN,255
$PITCH_MAX,3935
$C_PITCH,2626
$PITCH_DBAND,0.0099999998
$PITCH_CNV,0.003125763
$P_OVSHOOT,0.039999999
$PITCH_GAIN,30
$PITCH_TIMEOUT,17
$PITCH_AD_RATE,160
$PITCH_MAXERRORS,1
$PITCH_ADJ_GAIN,0.02
$PITCH_ADJ_DBAND,2.5
$ROLL_MIN,171
$ROLL_MAX,3723
$ROLL_DEG,40
$C_ROLL_DIVE,2030
$C_ROLL_CLIMB,2030
$HEAD_ERRBAND,10
$ROLL_CNV,0.028270001
$ROLL_TIMEOUT,15
$R_PORT_OVSHOOT,57
$R_STBD_OVSHOOT,48
$ROLL_AD_RATE,300
$ROLL_MAXERRORS,2
$ROLL_ADJ_GAIN,0
$ROLL_ADJ_DBAND,0
$VBD_MIN,465
$VBD_MAX,3960
$C_VBD,2350
$VBD_DBAND,2
$VBD_CNV,-0.25119999
$VBD_TIMEOUT,720
$PITCH_VBD_SHIFT,0.0012300001
$VBD_PUMP_AD_RATE_SURFACE,5
$VBD_PUMP_AD_RATE_APOGEE,4
$VBD_BLEED_AD_RATE,8
$UNCOM_BLEED,60
$VBD_MAXERRORS,1
$W_ADJ_DBAND,2
$DBDW,0
$PITCH_W_GAIN,0
$PITCH_W_DBAND,1
$CF8_MAXERRORS,5
$AH0_24V,145
$AH0_10V,95
$MINV_24V,19
$MINV_10V,8
$FG_AHR_10V,0
$FG_AHR_24V,0
$PHONE_SUPPLY,2
$PRESSURE_YINT,-13.51214
$PRESSURE_SLOPE,0.0001165895
$AD7714Ch0Gain,128
$TCM_PITCH_OFFSET,0
$TCM_ROLL_OFFSET,0
$COMPASS_USE,4
$ALTIM_BOTTOM_PING_RANGE,0
$ALTIM_TOP_PING_RANGE,20
$ALTIM_BOTTOM_TURN_MARGIN,25
$ALTIM_TOP_TURN_MARGIN,0
$ALTIM_TOP_MIN_OBSTACLE,1
$ALTIM_PING_DEPTH,60
$ALTIM_PING_DELTA,5
$ALTIM_FREQUENCY,13
$ALTIM_PULSE,3
$ALTIM_SENSITIVITY,4
$XPDR_VALID,5
$XPDR_INHIBIT,90
$INT_PRESSURE_SLOPE,0.0097660003
$INT_PRESSURE_YINT,-0.40000001
$DEEPGLIDER,0
$DEEPGLIDERMB,0
$MOTHERBOARD,4
$DEVICE1,2
$DEVICE2,101
$DEVICE3,38
$DEVICE4,-1
$DEVICE5,-1
$DEVICE6,-1
$LOGGERS,7
$LOGGERDEVICE1,-1
$LOGGERDEVICE2,-1
$LOGGERDEVICE3,-1
$LOGGERDEVICE4,-1
$COMPASS_DEVICE,33
$COMPASS2_DEVICE,-1
$PHONE_DEVICE,49
$GPS_DEVICE,32
$RAFOS_DEVICE,-1
$XPDR_DEVICE,24
$SIM_W,0
$SIM_PITCH,0
$SEABIRD_T_G,0.0043137739
$SEABIRD_T_H,0.00062868668
$SEABIRD_T_I,2.2691316e-05
$SEABIRD_T_J,2.2586789e-06
$SEABIRD_C_G,-10.021329
$SEABIRD_C_H,1.1236943
$SEABIRD_C_I,-0.0013673168
$SEABIRD_C_J,0.00018808816
$GPS1,020626,133634,4749.113,-12225.309,9,1.4,9,18.2
$_CALLS,1
$_XMS_NAKs,0
$_XMS_TOUTs,0
$_SM_DEPTHo,-4.31
$_SM_ANGLEo,-71.0
$GPS2,020626,134135,4749.125,-12225.241,13,1.5,13,18.2
$SPEED_LIMITS,0.178,0.275
$TGT_NAME,MIDE_175
$TGT_LATLONG,4746.000,-12224.800
$TGT_RADIUS,300.000
$KALMAN_CONTROL,0.079,0.297
$KALMAN_X,-30076.6,-183.3,-72.9,29774.7,-185.0
$KALMAN_Y,25757.5,-625.9,-357.4,-36445.5,446.9
$MHEAD_RNG_PITCHd_Wd,177.3,5813,-16.6,-10.256,-20.48,2176
$D_GRID,100
$GCHEAD,st_secs,pitch_ctl,vbd_ctl,pitch_ad_start,roll_ad_start,vbd_pot1_ad_start,vbd_pot2_ad_start,depth,ob_vertv,data_pts,end_secs,pitch_secs,roll_secs,vbd_secs,vbd_i,gcphase,pitch_i,roll_i,pitch_ad,roll_ad,vbd_ad,vbd_pot1_ad,vbd_pot2_ad,pitch_retries,pitch_errors,roll_retries,roll_errors,vbd_retries,vbd_errors,pitch_volts,roll_volts,vbd_volts
$STATE,13,end surface,CONTROL_FINISHED_OK
$STATE,13,begin dive
$GC,16,-0.73,-146.6,238,2034,484,428,0.0,0.0,0,109,0.00,0.00,-86.57,0.000,16390,0.000,0.000,238,2035,2936,3020,2852,0,0,0,0,0,0,28.83,28.83,24.69
$GC,112,-0.73,-146.6,238,2034,3021,2852,0.6,-10.1,9,131,8.82,2.15,0.00,0.000,2308,0.226,0.044,2368,3430,2940,3028,2852,0,0,0,0,0,0,24.91,25.84,28.83
$GC,367,-0.48,-146.6,2368,3429,3045,2845,60.4,-18.3,34,378,0.30,2.03,0.00,0.000,3078,0.144,0.023,2459,2004,2944,3045,2844,0,0,0,0,0,0,25.54,26.22,28.83
$GC,407,-0.34,-146.6,2459,2003,3046,2843,66.1,-14.0,38,415,0.17,0.00,0.00,0.000,2054,0.138,0.000,2510,2002,2944,3047,2842,0,0,0,0,0,0,25.91,28.83,28.83
$GC,445,-0.34,-146.6,2510,2003,3048,2842,69.6,-8.5,42,447,0.00,0.00,0.00,0.000,2054,0.000,0.000,2510,2002,2945,3048,2842,0,0,0,0,0,0,28.83,28.83,28.83
$GC,478,-0.40,-146.6,2510,2002,3048,2842,71.9,-7.9,45,486,0.00,2.15,0.00,0.000,4356,0.000,0.041,2507,3421,2945,3048,2842,0,0,0,0,0,0,28.83,26.07,28.83
$GC,510,-0.46,-146.6,2507,3421,3048,2842,74.8,-8.4,48,520,0.10,1.98,0.00,0.000,5126,0.097,0.018,2456,2025,2945,3049,2841,0,0,0,0,0,0,26.17,26.28,28.83
$GC,549,-0.46,-146.6,2455,2026,3049,2840,79.3,-11.4,52,551,0.10,0.00,0.00,0.000,2054,0.166,0.000,2479,2024,2944,3049,2840,0,0,0,0,0,0,26.20,28.83,28.83
$GC,582,-0.46,-146.6,2479,2024,3049,2841,82.9,-12.2,55,588,0.00,0.00,0.00,0.000,6,0.000,0.000,2479,2025,2944,3049,2840,0,0,0,0,0,0,28.83,28.83,28.83
$GC,620,-0.46,-146.6,2479,2024,3049,2840,87.3,-11.0,59,621,0.00,0.00,0.00,0.000,6,0.000,0.000,2479,2025,2944,3049,2840,0,0,0,0,0,0,28.83,28.83,28.83
$GC,652,-0.46,-146.6,2479,2025,3049,2840,90.5,-10.5,62,659,0.00,0.00,0.00,0.000,6,0.000,0.000,2479,2025,2944,3048,2840,0,0,0,0,0,0,28.83,28.83,28.83
$GC,689,-0.46,-146.6,2478,2024,3049,2840,94.7,-10.8,66,691,0.00,0.00,0.00,0.000,6,0.000,0.000,2479,2025,2944,3049,2840,0,0,0,0,0,0,28.83,28.83,28.83
$GC,721,-0.46,-146.6,2479,2024,3049,2840,98.1,-10.9,69,722,0.00,0.00,0.00,0.000,6,0.000,0.000,2479,2025,2944,3049,2840,0,0,0,0,0,0,28.83,28.83,28.83
$STATE,741,end dive,TARGET_DEPTH_EXCEEDED
$STATE,741,begin apogee
$GC,745,-0.27,0.0,2479,2025,3049,2840,100.1,-10.9,71,873,0.17,0.00,123.50,0.513,10246,0.138,0.000,2537,2025,2350,2440,2261,0,0,0,0,0,0,25.99,28.83,24.08
$STATE,875,end apogee,CONTROL_FINISHED_OK
$STATE,875,begin climb
$GC,877,0.73,146.6,2537,2024,2438,2260,108.7,0.0,84,999,1.00,0.00,117.38,0.503,10758,0.115,0.000,2854,2024,1765,1878,1653,0,0,0,0,0,0,25.15,28.83,24.11
$GC,1027,0.73,146.6,2854,2024,1874,1649,98.5,9.7,99,1036,0.00,2.15,0.00,0.000,2308,0.000,0.035,2854,3429,1761,1874,1649,0,0,0,0,0,0,28.83,25.56,28.83
$GC,1059,0.73,146.6,2854,3429,1873,1648,94.8,10.9,102,1069,0.00,2.05,0.00,0.000,3078,0.000,0.021,2857,2047,1760,1873,1647,0,0,0,0,0,0,28.83,25.76,28.83
$GC,1099,0.73,146.6,2857,2045,1873,1646,90.4,11.0,106,1100,0.00,0.00,0.00,0.000,2054,0.000,0.000,2857,2045,1759,1873,1646,0,0,0,0,0,0,28.83,28.83,28.83
$GC,1129,0.73,146.6,2856,2045,1873,1646,87.3,10.4,109,1130,0.00,0.00,0.00,0.000,2054,0.000,0.000,2857,2045,1759,1873,1646,0,0,0,0,0,0,28.83,28.83,28.83
$GC,1159,0.73,146.6,2856,2045,1873,1646,84.1,10.5,112,1160,0.00,0.00,0.00,0.000,2054,0.000,0.000,2857,2045,1759,1873,1646,0,0,0,0,0,0,28.83,28.83,28.83
$GC,1190,0.73,146.6,2856,2045,1873,1646,81.1,10.4,115,1191,0.00,0.00,0.00,0.000,2054,0.000,0.000,2857,2045,1759,1873,1645,0,0,0,0,0,0,28.83,28.83,28.83
$GC,1219,0.73,146.6,2856,2045,1872,1645,77.8,10.6,118,1220,0.00,0.00,0.00,0.000,2054,0.000,0.000,2857,2045,1758,1872,1645,0,0,0,0,0,0,28.83,28.83,28.83
$GC,1249,0.73,146.6,2856,2044,1872,1645,74.8,10.4,121,1250,0.00,0.00,0.00,0.000,2054,0.000,0.000,2857,2045,1759,1873,1645,0,0,0,0,0,0,28.83,28.83,28.83
$GC,1279,0.73,146.6,2856,2044,1872,1645,71.5,10.9,124,1280,0.00,0.00,0.00,0.000,2054,0.000,0.000,2857,2044,1758,1872,1645,0,0,0,0,0,0,28.83,28.83,28.83
$GC,1310,0.73,146.6,2856,2044,1872,1645,68.3,10.7,127,1311,0.00,0.00,0.00,0.000,2054,0.000,0.000,2857,2044,1758,1872,1645,0,0,0,0,0,0,28.83,28.83,28.83
$GC,1339,0.73,146.6,2857,2044,1872,1645,65.0,10.7,130,1349,0.00,2.12,0.00,0.000,2308,0.000,0.035,2857,3436,1758,1872,1644,0,0,0,0,0,0,28.83,26.03,28.83
$GC,1384,0.73,146.6,2856,3436,1872,1644,60.0,11.9,134,1393,0.00,2.10,0.00,0.000,3078,0.000,0.021,2857,2028,1758,1872,1644,0,0,0,0,0,0,28.83,26.15,28.83
$GC,1422,0.73,146.6,2856,2025,1872,1644,55.9,10.2,138,1423,0.00,0.00,0.00,0.000,2054,0.000,0.000,2856,2025,1758,1872,1644,0,0,0,0,0,0,28.83,28.83,28.83
$GC,1452,0.73,146.6,2856,2025,1872,1644,52.7,10.6,141,1461,0.00,2.12,0.00,0.000,2308,0.000,0.034,2857,3431,1758,1872,1644,0,0,0,0,0,0,28.83,26.08,28.83
$GC,1494,0.73,146.6,2856,3431,1872,1644,47.7,11.5,145,1503,0.00,2.05,0.00,0.000,3078,0.000,0.021,2857,2024,1758,1872,1644,0,0,0,0,0,0,28.83,26.20,28.83
$GC,1534,0.73,146.6,2856,2022,1872,1644,44.1,9.1,149,1543,0.00,2.10,0.00,0.000,2564,0.000,0.035,2857,637,1757,1871,1644,0,0,0,0,0,0,28.83,26.10,28.83
$GC,1559,0.73,146.6,2857,637,1869,1644,42.2,8.4,151,1566,0.00,2.10,0.00,0.000,3078,0.000,0.023,2857,2036,1756,1869,1644,0,0,0,0,0,0,28.83,26.14,28.83
$GC,1597,0.73,146.6,2857,2036,1869,1644,38.8,8.8,155,1606,0.00,2.08,0.00,0.000,2308,0.000,0.035,2857,3428,1756,1869,1644,0,0,0,0,0,0,28.83,26.13,28.83
$GC,1641,0.73,146.6,2856,3428,1869,1644,34.9,8.8,159,1649,0.00,2.08,0.00,0.000,3078,0.000,0.021,2857,2029,1756,1869,1644,0,0,0,0,0,0,28.83,26.24,28.83
$GC,1680,0.73,146.6,2857,2025,1869,1644,31.5,8.5,163,1681,0.00,0.00,0.00,0.000,2054,0.000,0.000,2857,2025,1756,1869,1644,0,0,0,0,0,0,28.83,28.83,28.83
$GC,1710,0.79,195.5,2857,2025,1869,1644,29.1,8.0,166,1761,0.08,2.12,39.00,0.464,10756,0.119,0.032,2909,635,1568,1684,1452,0,0,0,0,0,0,26.42,25.80,24.41
$GC,1776,0.79,195.5,2909,634,1682,1451,22.3,11.8,172,1784,0.10,2.10,0.00,0.000,5126,0.160,0.028,2885,2039,1566,1681,1451,0,0,0,0,0,0,25.54,25.53,28.83
$GC,1814,0.79,195.5,2885,2038,1681,1451,17.7,11.5,176,1823,0.00,2.10,0.00,0.000,4356,0.000,0.034,2885,3429,1565,1681,1450,0,0,0,0,0,0,28.83,25.89,28.83
$GC,1858,0.79,195.5,2885,3429,1680,1450,12.5,12.5,180,1866,0.00,2.08,0.00,0.000,5126,0.000,0.019,2893,2026,1565,1681,1450,0,0,0,0,0,0,28.83,26.06,28.83
$GC,1896,0.79,195.5,2893,2023,1681,1449,8.0,11.2,184,1897,0.00,0.00,0.00,0.000,4102,0.000,0.000,2893,2023,1564,1681,1448,0,0,0,0,0,0,28.83,28.83,28.83
$GC,1927,0.79,195.5,2893,2022,1681,1449,5.3,9.4,187,1936,0.00,2.12,0.00,0.000,4356,0.000,0.035,2893,3429,1564,1680,1449,0,0,0,0,0,0,28.83,25.98,28.83
$STATE,1957,end climb,SURFACE_DEPTH_REACHED
$STATE,1957,begin surface coast
$FINISH,-0.3,1.021276
$STATE,1990,end surface coast,CONTROL_FINISHED_OK
$STATE,1990,begin surface
$SM_CCo,2008,210.30,0.428,1,0,464,473.51
$SM_GC,-4.39,7.38,2.10,210.30,0.061,0.018,0.428,243,2022,464,-7.37,1.72,473.51,0,0,0,0,1,0,26.03,26.16,24.21
$IRIDIUM_FIX,4732.49,-12227.53,220608,222227
$TT8_MAMPS,0.027713,0.027713
$HUMID,42.28
$INTERNAL_PRESSURE,8.15502
$TCM_TEMP,17.70
$XPDR_PINGS,101
$ALTIM_TOP_PING,18.9,23.5
$24V_AH,24.1,47.509
$10V_AH,10.0,22.990
$FG_AHR_24Vo,0.000
$FG_AHR_10Vo,0.000
$DEVICES,Pitch_motor,Roll_motor,VBD_pump_during_apogee,VBD_pump_during_surface,VBD_valve,Iridium_during_init,Iridium_during_connect,Iridium_during_xfer,Transponder_ping,GUMSTIX_24V,GPS,TT8,LPSleep,TT8_Active,TT8_Sampling,TT8_CF8,TT8_Kalman,Analog_circuits,GPS_charging,Compass,RAFOS,Transponder,Compass2
$DEVICE_SECS,18.225,41.875,279.875,210.300,0.000,25.065,17.564,153.224,27.750,0.000,16.142,547.513,558.466,598.120,716.657,121.137,0.000,966.704,0.000,507.784,0.000,16.397,0.000
$DEVICE_MAMPS,226.440,44.370,512.550,428.400,0.000,43.600,160.000,223.000,420.000,0.000,28.460,13.960,2.190,13.960,37.930,44.670,0.000,16.000,0.000,15.730,0.000,30.000,0.000
$SENSORS,SBE_CT,AA4330,WL_BB2FLVMG,nil,nil,nil,nil,nil,nil,nil
$SENSOR_SECS,127.284,252.957,332.636,0.000,0.000,0.000,0.000,0.000,0.000,0.000
$SENSOR_MAMPS,23.220,33.000,105.000,0.000,0.000,0.000,0.000,0.000,0.000,0.000
$MEM,354108
$DATA_FILE_SIZE,13710,193
$CAP_FILE_SIZE,59834,0
$CFSIZE,260165632,244547584
$ERRORS,0,0,0,0,0,0,0,0,0,0,0,0,0,1,0,0
$CURRENT,0.150, 37.7,1
$GPS,020626,141953,4749.042,-12225.210,10,2.0,10,18.2
