version: 66.11
glider: 175
mission: 11
dive: 118
start: 5 26 126 21 3 2
data:
$ID,175
$MISSION,11
$DIVE,118
$N_DIVES,0
$D_SURF,3
$D_FLARE,3
$D_TGT,300
$D_ABORT,1090
$D_NO_BLEED,50
$D_BOOST,3
$T_BOOST,0
$D_FINISH,0
$D_PITCH,0
$D_SAFE,0
$D_CALL,0
$SURFACE_URGENCY,0
$SURFACE_URGENCY_TRY,0
$SURFACE_URGENCY_FORCE,0
$T_DIVE,65
$T_MISSION,100
$T_ABORT,1440
$T_TURN,300
$T_TURN_SAMPINT,5
$T_NO_W,120
$T_LOITER,0
$T_EPIRB,0
$USE_BATHY,0
$USE_ICE,0
$ICE_FREEZE_MARGIN,0.30000001
$D_OFFGRID,100
$T_WATCHDOG,10
$RELAUNCH,1
$APOGEE_PITCH,-8
$MAX_BUOY,150
$COURSE_BIAS,0
$GLIDE_SLOPE,30
$SPEED_FACTOR,1
$RHO,1.0235
$MASS,51878
$MASS_COMP,0
$NAV_MODE,1
$FERRY_MAX,45
$KALMAN_USE,1
$HD_A,0.0024900001
$HD_B,0.0091000004
$HD_C,5.7000002e-06
$HEADING,-1
$ESCAPE_HEADING,0
$ESCAPE_HEADING_DELTA,10
$FIX_MISSING_TIMEOUT,0
$TGT_DEFAULT_LAT,47.766998
$TGT_DEFAULT_LON,-122.413
$TGT_AUTO_DEFAULT,0
$SM_CC,423.31998
$N_FILEKB,4
$FILEMGR,0
$CALL_NDIVES,1
$COMM_SEQ,0
$PROTOCOL,9
$N_NOCOMM,1
$NOCOMM_ACTION,0
$N_NOSURFACE,0
$UPLOAD_DIVES_MAX,-1
$CALL_TRIES,5
$CALL_WAIT,60
$CAPUPLOAD,1
$CAPMAXSIZE,200000
$HEAPDBG,0
$T_GPS,15
$N_GPS,30
$T_GPS_ALMANAC,0
$T_GPS_CHARGE,-38799.512
$T_RSLEEP,2
$STROBE,0
$RAFOS_PEAK_OFFSET,1.5
$RAFOS_CORR_THRESH,60
$RAFOS_HIT_WINDOW,3600
$PITCH_MIN,255
$PITCH_MAX,3935
$C_PITCH,2671
$PITCH_DBAND,0.0099999998
$PITCH_CNV,0.003125763
$P_OVSHOOT,0.039999999
$PITCH_GAIN,30
$PITCH_TIMEOUT,17
$PITCH_AD_RATE,160
$PITCH_MAXERRORS,1
$PITCH_ADJ_GAIN,0.02
$PITCH_ADJ_DBAND,2.5
$ROLL_MIN,171
$ROLL_MAX,3723
$ROLL_DEG,40
$C_ROLL_DIVE,2030
$C_ROLL_CLIMB,2030
$HEAD_ERRBAND,10
$ROLL_CNV,0.028270001
$ROLL_TIMEOUT,15
$R_PORT_OVSHOOT,67
$R_STBD_OVSHOOT,48
$ROLL_AD_RATE,300
$ROLL_MAXERRORS,2
$ROLL_ADJ_GAIN,0
$ROLL_ADJ_DBAND,0
$VBD_MIN,465
$VBD_MAX,3960
$C_VBD,2350
$VBD_DBAND,2
$VBD_CNV,-0.25119999
$VBD_TIMEOUT,720
$PITCH_VBD_SHIFT,0.0012300001
$VBD_PUMP_AD_RATE_SURFACE,5
$VBD_PUMP_AD_RATE_APOGEE,4
$VBD_BLEED_AD_RATE,8
$UNCOM_BLEED,60
$VBD_MAXERRORS,1
$W_ADJ_DBAND,2
$DBDW,0
$PITCH_W_GAIN,0
$PITCH_W_DBAND,1
$CF8_MAXERRORS,5
$AH0_24V,145
$AH0_10V,95
$MINV_24V,19
$MINV_10V,8
$FG_AHR_10V,0
$FG_AHR_24V,0
$PHONE_SUPPLY,2
$PRESSURE_YINT,-13.51214
$PRESSURE_SLOPE,0.0001165895
$AD7714Ch0Gain,128
$TCM_PITCH_OFFSET,0
$TCM_ROLL_OFFSET,0
$COMPASS_USE,4
$ALTIM_BOTTOM_PING_RANGE,0
$ALTIM_TOP_PING_RANGE,20
$ALTIM_BOTTOM_TURN_MARGIN,25
$ALTIM_TOP_TURN_MARGIN,0
$ALTIM_TOP_MIN_OBSTACLE,1
$ALTIM_PING_DEPTH,90
$ALTIM_PING_DELTA,5
$ALTIM_FREQUENCY,13
$ALTIM_PULSE,3
$ALTIM_SENSITIVITY,3
$XPDR_VALID,5
$XPDR_INHIBIT,90
$INT_PRESSURE_SLOPE,0.0097660003
$INT_PRESSURE_YINT,-0.40000001
$DEEPGLIDER,0
$DEEPGLIDERMB,0
$MOTHERBOARD,4
$DEVICE1,2
$DEVICE2,101
$DEVICE3,38
$DEVICE4,-1
$DEVICE5,-1
$DEVICE6,-1
$LOGGERS,7
$LOGGERDEVICE1,-1
$LOGGERDEVICE2,-1
$LOGGERDEVICE3,-1
$LOGGERDEVICE4,-1
$COMPASS_DEVICE,33
$COMPASS2_DEVICE,-1
$PHONE_DEVICE,49
$GPS_DEVICE,32
$RAFOS_DEVICE,-1
$XPDR_DEVICE,24
$SIM_W,0
$SIM_PITCH,0
$SEABIRD_T_G,0.0043137739
$SEABIRD_T_H,0.00062868668
$SEABIRD_T_I,2.2691316e-05
$SEABIRD_T_J,2.2586789e-06
$SEABIRD_C_G,-10.021329
$SEABIRD_C_H,1.1236943
$SEABIRD_C_I,-0.0013673168
$SEABIRD_C_J,0.00018808816
$GPS1,260526,205417,4745.565,-12224.884,9,3.7,39,18.2
$_CALLS,2
$_XMS_NAKs,0
$_XMS_TOUTs,0
$_SM_DEPTHo,-3.43
$_SM_ANGLEo,-69.0
$GPS2,260526,210204,4745.574,-12224.929,13,1.2,18,18.2
$SPEED_LIMITS,0.266,0.310
$TGT_NAME,MIDW_175
$TGT_LATLONG,4746.000,-12225.100
$TGT_RADIUS,300.000
$KALMAN_CONTROL,-0.152,0.270
$KALMAN_X,-16970.8,1057.5,-1015.0,16893.8,487.1
$KALMAN_Y,17687.4,291.0,-673.4,-25673.8,-663.1
$MHEAD_RNG_PITCHd_Wd,312.4,817,-23.7,-15.385,-26.38,1456
$D_GRID,300
$GCHEAD,st_secs,pitch_ctl,vbd_ctl,pitch_ad_start,roll_ad_start,vbd_pot1_ad_start,vbd_pot2_ad_start,depth,ob_vertv,data_pts,end_secs,pitch_secs,roll_secs,vbd_secs,vbd_i,gcphase,pitch_i,roll_i,pitch_ad,roll_ad,vbd_ad,vbd_pot1_ad,vbd_pot2_ad,pitch_retries,pitch_errors,roll_retries,roll_errors,vbd_retries,vbd_errors,pitch_volts,roll_volts,vbd_volts
$STATE,14,end surface,CONTROL_FINISHED_OK
$STATE,14,begin dive
$GC,16,-0.97,-146.6,248,2018,703,604,0.0,0.0,0,102,0.00,0.00,-83.53,0.000,16390,0.000,0.000,248,2018,2935,3021,2849,0,0,0,0,0,0,28.83,28.83,26.44
$GC,105,-0.97,-146.6,248,2018,3022,2851,-1.2,-4.2,8,124,8.68,2.22,0.00,0.000,2308,0.226,0.047,2336,3422,2941,3032,2851,0,0,0,0,0,0,24.96,25.84,28.83
$GC,137,-0.12,-146.6,2336,3422,3041,2848,10.8,-27.5,11,147,1.00,2.05,0.00,0.000,3078,0.157,0.026,2622,2027,2945,3045,2846,0,0,0,0,0,0,25.27,26.04,28.83
$GC,177,-0.22,-146.6,2622,2024,3053,2844,16.8,-14.5,15,187,0.08,2.05,0.00,0.000,4612,0.119,0.027,2586,645,2948,3053,2843,0,0,0,0,0,0,26.22,26.01,28.83
$GC,210,-0.61,-146.6,2585,645,3053,2842,18.5,-4.9,18,220,0.28,2.03,0.00,0.000,5126,0.035,0.025,2455,2025,2947,3053,2842,0,0,0,0,0,0,26.06,26.06,28.83
$GC,250,-0.78,-146.6,2455,2025,3053,2840,22.6,-10.3,22,259,0.10,2.12,0.00,0.000,4356,0.102,0.039,2399,3436,2946,3053,2840,0,0,0,0,0,0,26.25,25.94,28.83
$GC,373,-0.78,-146.6,2398,3436,3053,2840,44.3,-17.8,34,383,0.05,2.03,0.00,0.000,3078,0.319,0.021,2413,2005,2946,3053,2840,0,0,0,0,0,0,23.84,26.22,28.83
$GC,412,-0.78,-146.6,2413,2004,3053,2839,51.3,-17.5,38,421,0.00,2.00,0.00,0.000,2564,0.000,0.031,2413,659,2946,3053,2839,0,0,0,0,0,0,28.83,26.11,28.83
$GC,454,-0.78,-146.6,2413,659,3053,2838,57.8,-15.3,42,464,0.00,2.05,0.00,0.000,3078,0.000,0.031,2412,2032,2945,3053,2838,0,0,0,0,0,0,28.83,26.13,28.83
$GC,494,-0.78,-146.6,2412,2031,3053,2838,63.8,-14.9,46,503,0.00,2.15,0.00,0.000,2308,0.000,0.044,2411,3440,2945,3053,2838,0,0,0,0,0,0,28.83,26.02,28.83
$GC,526,-0.78,-146.6,2411,3440,3053,2838,68.6,-15.0,49,535,0.00,2.00,0.00,0.000,3078,0.000,0.021,2412,2035,2945,3053,2838,0,0,0,0,0,0,28.83,26.27,28.83
$GC,566,-0.78,-146.6,2411,2034,3053,2838,74.5,-14.7,53,567,0.00,0.00,0.00,0.000,2054,0.000,0.000,2412,2034,2945,3053,2838,0,0,0,0,0,0,28.83,28.83,28.83
$GC,596,-0.78,-146.6,2411,2034,3053,2838,78.7,-14.0,56,606,0.00,2.15,0.00,0.000,2308,0.000,0.044,2411,3435,2945,3053,2838,0,0,0,0,0,0,28.83,26.05,28.83
$GC,630,-0.78,-146.6,2411,3435,3053,2838,83.2,-14.1,59,638,0.00,2.08,0.00,0.000,3078,0.000,0.021,2411,2035,2945,3053,2838,0,0,0,0,0,0,28.83,26.04,28.83
$GC,668,-0.78,-146.6,2411,2033,3053,2838,89.8,-16.3,63,669,0.00,0.00,0.00,0.000,2054,0.000,0.000,2411,2033,2945,3053,2838,0,0,0,0,0,0,28.83,28.83,28.83
$GC,699,-0.78,-146.6,2411,2033,3053,2839,94.8,-16.7,66,708,0.00,2.15,0.00,0.000,2308,0.000,0.044,2411,3435,2945,3053,2838,0,0,0,0,0,0,28.83,26.06,28.83
$GC,734,-0.78,-146.6,2411,3435,3053,2838,100.5,-17.1,69,742,0.00,2.00,0.00,0.000,3078,0.000,0.021,2411,2025,2945,3053,2838,0,0,0,0,0,0,28.83,26.31,28.83
$GC,773,-0.78,-146.6,2411,2024,3053,2838,107.2,-16.8,73,774,0.00,0.00,0.00,0.000,2054,0.000,0.000,2412,2024,2945,3053,2837,0,0,0,0,0,0,28.83,28.83,28.83
$STATE,794,end dive,BOTTOM_OBSTACLE_DETECTED
$STATE,794,begin apogee
$GC,799,-0.27,0.0,2411,2024,3053,2837,110.4,-16.3,75,932,0.55,0.00,124.15,0.525,10246,0.142,0.000,2580,2023,2349,2439,2259,0,0,0,0,0,0,25.56,28.83,24.20
$STATE,934,end apogee,CONTROL_FINISHED_OK
$STATE,934,begin climb
$GC,936,0.97,146.6,2580,2024,2438,2258,118.0,0.0,89,1063,1.23,2.22,116.57,0.510,10500,0.099,0.034,2978,3446,1764,1872,1657,0,0,0,0,0,0,25.22,25.30,24.20
$GC,1089,0.87,146.6,2096,3445,1832,1649,96.8,21.3,104,1097,0.10,2.15,0.00,0.000,5126,0.172,0.021,2961,2038,1762,1871,1654,0,0,0,0,0,0,25.22,25.62,28.83
$GC,1127,0.79,146.6,2961,2034,1871,1653,88.7,20.3,108,1129,0.15,0.00,0.00,0.000,4102,0.172,0.000,2923,2034,1761,1870,1652,0,0,0,0,0,0,25.46,28.83,28.83
$GC,1157,0.79,146.6,2924,2034,1869,1651,83.4,17.4,111,1166,0.00,2.15,0.00,0.000,260,0.000,0.034,2924,3449,1760,1869,1651,0,0,0,0,0,0,28.83,25.75,28.83
$GC,1181,0.79,146.6,2048,3448,1830,1646,79.8,16.6,113,1188,0.00,2.15,0.00,0.000,5126,0.000,0.020,2932,2016,1760,1869,1651,0,0,0,0,0,0,28.83,25.91,28.83
$GC,1219,0.79,146.6,2932,2012,1869,1650,73.1,16.8,117,1220,0.00,0.00,0.00,0.000,4102,0.000,0.000,2932,2012,1759,1869,1650,0,0,0,0,0,0,28.83,28.83,28.83
$GC,1249,0.79,146.6,2932,2012,1868,1650,68.4,15.7,120,1258,0.00,2.17,0.00,0.000,4356,0.000,0.035,2932,3442,1759,1868,1650,0,0,0,0,0,0,28.83,25.89,28.83
$GC,1280,0.79,146.6,2932,3442,1868,1650,62.7,17.4,123,1290,0.00,2.08,0.00,0.000,5126,0.000,0.021,2938,2026,1759,1868,1650,0,0,0,0,0,0,28.83,26.01,28.83
$GC,1321,0.79,146.6,2937,2022,1868,1650,55.9,17.1,127,1322,0.00,0.00,0.00,0.000,4102,0.000,0.000,2938,2022,1759,1868,1650,0,0,0,0,0,0,28.83,28.83,28.83
$GC,1351,0.79,146.6,2937,2022,1869,1649,51.0,16.4,130,1352,0.00,0.00,0.00,0.000,4102,0.000,0.000,2938,2022,1758,1868,1649,0,0,0,0,0,0,28.83,28.83,28.83
$GC,1380,0.79,146.6,2937,2022,1867,1649,45.5,18.1,133,1390,0.00,2.17,0.00,0.000,4356,0.000,0.035,2938,3450,1758,1868,1649,0,0,0,0,0,0,28.83,25.99,28.83
$GC,1404,0.79,146.6,2064,3449,1829,1644,41.5,18.0,135,1413,0.08,2.12,0.00,0.000,5126,0.159,0.024,2927,2032,1758,1867,1649,0,0,0,0,0,0,25.29,24.85,28.83
$GC,1443,0.79,146.6,2927,2027,1867,1649,34.9,16.6,139,1452,0.00,2.10,0.00,0.000,4612,0.000,0.032,2935,633,1757,1866,1649,0,0,0,0,0,0,28.83,26.06,28.83
$GC,1456,0.79,146.6,2935,633,1865,1649,33.8,15.4,140,1464,0.00,2.12,0.00,0.000,5126,0.000,0.023,2935,2044,1757,1865,1649,0,0,0,0,0,0,28.83,25.84,28.83
$GC,1494,0.79,146.6,2935,2044,1865,1649,27.9,13.6,144,1503,0.00,2.10,0.00,0.000,4356,0.000,0.035,2935,3441,1757,1865,1649,0,0,0,0,0,0,28.83,26.05,28.83
$GC,1536,0.79,146.6,2935,3441,1865,1649,21.6,15.3,148,1546,0.10,2.05,0.00,0.000,5126,0.194,0.019,2925,2018,1757,1865,1649,0,0,0,0,0,0,25.86,26.20,28.83
$GC,1576,0.79,146.6,2925,2014,1865,1650,15.7,15.2,152,1578,0.00,0.00,0.00,0.000,6,0.000,0.000,2925,2014,1757,1865,1649,0,0,0,0,0,0,28.83,28.83,28.83
$GC,1606,0.84,146.6,2925,2014,1865,1649,11.5,13.8,155,1608,0.00,0.00,0.00,0.000,2054,0.000,0.000,2925,2014,1757,1865,1649,0,0,0,0,0,0,28.83,28.83,28.83
$GC,1636,0.89,146.6,2925,2014,1865,1649,7.2,14.2,158,1646,0.10,2.15,0.00,0.000,2308,0.103,0.032,2967,3443,1757,1865,1649,0,0,0,0,0,0,26.32,26.10,28.83
$STATE,1667,end climb,SURFACE_DEPTH_REACHED
$STATE,1667,begin surface coast
$FINISH,0.1,1.022058
$STATE,1678,end surface coast,CONTROL_FINISHED_OK
$STATE,1679,begin surface
$SM_CCo,1697,207.80,0.430,1,0,663,423.52
$SM_GC,-3.62,8.05,2.10,207.80,0.089,0.021,0.430,243,2039,663,-7.53,2.06,423.52,0,0,0,0,1,0,26.08,26.21,24.32
$IRIDIUM_FIX,4726.11,-12245.46,160608,060658
$TT8_MAMPS,0.027713,0.027713
$HUMID,41.41
$INTERNAL_PRESSURE,8.15502
$TCM_TEMP,17.60
$XPDR_PINGS,89
$ALTIM_TOP_PING,18.6,999.0
$ALTIM_BOTTOM_PING,110.4,6.4
$24V_AH,23.8,32.847
$10V_AH,10.0,15.372
$FG_AHR_24Vo,0.000
$FG_AHR_10Vo,0.000
$DEVICES,Pitch_motor,Roll_motor,VBD_pump_during_apogee,VBD_pump_during_surface,VBD_valve,Iridium_during_init,Iridium_during_connect,Iridium_during_xfer,Transponder_ping,GUMSTIX_24V,GPS,TT8,LPSleep,TT8_Active,TT8_Sampling,TT8_CF8,TT8_Kalman,Analog_circuits,GPS_charging,Compass,RAFOS,Transponder,Compass2
$DEVICE_SECS,20.525,58.925,240.725,207.800,0.000,50.474,66.233,175.026,24.000,0.000,21.484,447.294,496.619,563.171,775.452,111.721,33.214,929.210,0.000,454.848,0.000,13.280,0.000
$DEVICE_MAMPS,319.005,46.665,524.790,429.930,0.000,43.600,160.000,223.000,420.000,0.000,28.460,13.960,2.190,13.960,37.930,44.670,61.150,16.000,0.000,15.730,0.000,30.000,0.000
$SENSORS,SBE_CT,AA4330,WL_BB2FLVMG,nil,nil,nil,nil,nil,nil,nil
$SENSOR_SECS,106.560,211.864,279.129,0.000,0.000,0.000,0.000,0.000,0.000,0.000
$SENSOR_MAMPS,23.220,33.000,105.000,0.000,0.000,0.000,0.000,0.000,0.000,0.000
$MEM,354564
$DATA_FILE_SIZE,10348,162
$CAP_FILE_SIZE,59895,0
$CFSIZE,260165632,251793408
$ERRORS,0,0,0,0,0,0,0,0,0,0,0,0,0,1,0,0
$GPS,260526,213540,4745.729,-12225.054,8,1.9,8,18.2
