version: 66.11
glider: 175
mission: 11
dive: 123
start: 5 27 126 0 16 56
data:
$ID,175
$MISSION,11
$DIVE,123
$N_DIVES,0
$D_SURF,3
$D_FLARE,3
$D_TGT,300
$D_ABORT,1090
$D_NO_BLEED,50
$D_BOOST,3
$T_BOOST,0
$D_FINISH,0
$D_PITCH,0
$D_SAFE,0
$D_CALL,0
$SURFACE_URGENCY,0
$SURFACE_URGENCY_TRY,0
$SURFACE_URGENCY_FORCE,0
$T_DIVE,65
$T_MISSION,100
$T_ABORT,1440
$T_TURN,300
$T_TURN_SAMPINT,5
$T_NO_W,120
$T_LOITER,0
$T_EPIRB,0
$USE_BATHY,0
$USE_ICE,0
$ICE_FREEZE_MARGIN,0.30000001
$D_OFFGRID,100
$T_WATCHDOG,10
$RELAUNCH,1
$APOGEE_PITCH,-8
$MAX_BUOY,150
$COURSE_BIAS,0
$GLIDE_SLOPE,30
$SPEED_FACTOR,1
$RHO,1.0235
$MASS,51878
$MASS_COMP,0
$NAV_MODE,1
$FERRY_MAX,45
$KALMAN_USE,1
$HD_A,0.0024900001
$HD_B,0.0091000004
$HD_C,5.7000002e-06
$HEADING,-1
$ESCAPE_HEADING,0
$ESCAPE_HEADING_DELTA,10
$FIX_MISSING_TIMEOUT,0
$TGT_DEFAULT_LAT,47.766998
$TGT_DEFAULT_LON,-122.413
$TGT_AUTO_DEFAULT,0
$SM_CC,423.31998
$N_FILEKB,4
$FILEMGR,0
$CALL_NDIVES,1
$COMM_SEQ,0
$PROTOCOL,9
$N_NOCOMM,1
$NOCOMM_ACTION,0
$N_NOSURFACE,0
$UPLOAD_DIVES_MAX,-1
$CALL_TRIES,5
$CALL_WAIT,60
$CAPUPLOAD,1
$CAPMAXSIZE,200000
$HEAPDBG,0
$T_GPS,15
$N_GPS,30
$T_GPS_ALMANAC,0
$T_GPS_CHARGE,-38805.793
$T_RSLEEP,2
$STROBE,0
$RAFOS_PEAK_OFFSET,1.5
$RAFOS_CORR_THRESH,60
$RAFOS_HIT_WINDOW,3600
$PITCH_MIN,255
$PITCH_MAX,3935
$C_PITCH,2671
$PITCH_DBAND,0.0099999998
$PITCH_CNV,0.003125763
$P_OVSHOOT,0.039999999
$PITCH_GAIN,30
$PITCH_TIMEOUT,17
$PITCH_AD_RATE,160
$PITCH_MAXERRORS,1
$PITCH_ADJ_GAIN,0.02
$PITCH_ADJ_DBAND,2.5
$ROLL_MIN,171
$ROLL_MAX,3723
$ROLL_DEG,40
$C_ROLL_DIVE,2030
$C_ROLL_CLIMB,2030
$HEAD_ERRBAND,10
$ROLL_CNV,0.028270001
$ROLL_TIMEOUT,15
$R_PORT_OVSHOOT,62
$R_STBD_OVSHOOT,49
$ROLL_AD_RATE,300
$ROLL_MAXERRORS,2
$ROLL_ADJ_GAIN,0
$ROLL_ADJ_DBAND,0
$VBD_MIN,465
$VBD_MAX,3960
$C_VBD,2350
$VBD_DBAND,2
$VBD_CNV,-0.25119999
$VBD_TIMEOUT,720
$PITCH_VBD_SHIFT,0.0012300001
$VBD_PUMP_AD_RATE_SURFACE,5
$VBD_PUMP_AD_RATE_APOGEE,4
$VBD_BLEED_AD_RATE,8
$UNCOM_BLEED,60
$VBD_MAXERRORS,1
$W_ADJ_DBAND,2
$DBDW,0
$PITCH_W_GAIN,0
$PITCH_W_DBAND,1
$CF8_MAXERRORS,5
$AH0_24V,145
$AH0_10V,95
$MINV_24V,19
$MINV_10V,8
$FG_AHR_10V,0
$FG_AHR_24V,0
$PHONE_SUPPLY,2
$PRESSURE_YINT,-13.51214
$PRESSURE_SLOPE,0.0001165895
$AD7714Ch0Gain,128
$TCM_PITCH_OFFSET,0
$TCM_ROLL_OFFSET,0
$COMPASS_USE,4
$ALTIM_BOTTOM_PING_RANGE,0
$ALTIM_TOP_PING_RANGE,20
$ALTIM_BOTTOM_TURN_MARGIN,25
$ALTIM_TOP_TURN_MARGIN,0
$ALTIM_TOP_MIN_OBSTACLE,1
$ALTIM_PING_DEPTH,90
$ALTIM_PING_DELTA,5
$ALTIM_FREQUENCY,13
$ALTIM_PULSE,3
$ALTIM_SENSITIVITY,3
$XPDR_VALID,5
$XPDR_INHIBIT,90
$INT_PRESSURE_SLOPE,0.0097660003
$INT_PRESSURE_YINT,-0.40000001
$DEEPGLIDER,0
$DEEPGLIDERMB,0
$MOTHERBOARD,4
$DEVICE1,2
$DEVICE2,101
$DEVICE3,38
$DEVICE4,-1
$DEVICE5,-1
$DEVICE6,-1
$LOGGERS,7
$LOGGERDEVICE1,-1
$LOGGERDEVICE2,-1
$LOGGERDEVICE3,-1
$LOGGERDEVICE4,-1
$COMPASS_DEVICE,33
$COMPASS2_DEVICE,-1
$PHONE_DEVICE,49
$GPS_DEVICE,32
$RAFOS_DEVICE,-1
$XPDR_DEVICE,24
$SIM_W,0
$SIM_PITCH,0
$SEABIRD_T_G,0.0043137739
$SEABIRD_T_H,0.00062868668
$SEABIRD_T_I,2.2691316e-05
$SEABIRD_T_J,2.2586789e-06
$SEABIRD_C_G,-10.021329
$SEABIRD_C_H,1.1236943
$SEABIRD_C_I,-0.0013673168
$SEABIRD_C_J,0.00018808816
$GPS1,270526,001046,4747.261,-12225.229,11,2.0,29,18.2
$_CALLS,1
$_XMS_NAKs,0
$_XMS_TOUTs,0
$_SM_DEPTHo,-3.92
$_SM_ANGLEo,-70.6
$GPS2,270526,001559,4747.275,-12225.250,12,2.2,42,18.2
$SPEED_LIMITS,0.266,0.310
$TGT_NAME,NORTH_175
$TGT_LATLONG,4750.320,-12225.910
$TGT_RADIUS,200.000
$KALMAN_CONTROL,0.017,0.310
$KALMAN_X,-19134.1,1697.8,377.7,16616.4,-1154.7
$KALMAN_Y,16829.0,-1422.6,-666.7,-19963.3,-627.1
$MHEAD_RNG_PITCHd_Wd,344.9,5698,-23.7,-15.385,-26.38,1456
$D_GRID,300
$GCHEAD,st_secs,pitch_ctl,vbd_ctl,pitch_ad_start,roll_ad_start,vbd_pot1_ad_start,vbd_pot2_ad_start,depth,ob_vertv,data_pts,end_secs,pitch_secs,roll_secs,vbd_secs,vbd_i,gcphase,pitch_i,roll_i,pitch_ad,roll_ad,vbd_ad,vbd_pot1_ad,vbd_pot2_ad,pitch_retries,pitch_errors,roll_retries,roll_errors,vbd_retries,vbd_errors,pitch_volts,roll_volts,vbd_volts
$STATE,13,end surface,CONTROL_FINISHED_OK
$STATE,14,begin dive
$GC,16,-0.97,-146.6,244,2022,703,606,0.0,0.0,0,101,0.00,0.00,-82.70,0.000,16390,0.000,0.000,244,2023,2934,3021,2848,0,0,0,0,0,0,28.83,28.83,26.45
$GC,104,-0.97,-146.6,243,2022,3022,2850,-1.2,-5.1,8,120,8.60,2.22,0.00,0.000,2308,0.226,0.052,2337,3426,2939,3029,2850,0,0,0,0,0,0,25.06,25.86,28.83
$GC,166,-0.59,-146.6,2337,3426,3044,2845,19.6,-33.2,14,173,0.50,2.08,0.00,0.000,3078,0.151,0.024,2478,2017,2945,3045,2845,0,0,0,0,0,0,25.45,26.10,28.83
$GC,202,-0.59,-146.6,2478,2014,3048,2843,27.7,-20.1,18,204,0.00,0.00,0.00,0.000,2054,0.000,0.000,2478,2014,2945,3048,2843,0,0,0,0,0,0,28.83,28.83,28.83
$GC,233,-0.69,-146.6,2478,2014,3048,2842,31.4,-12.9,21,235,0.10,0.00,0.00,0.000,4102,0.106,0.000,2435,2014,2945,3048,2842,0,0,0,0,0,0,26.24,28.83,28.83
$GC,264,-0.75,-146.6,2435,2014,3048,2841,35.2,-12.4,24,265,0.00,0.00,0.00,0.000,4102,0.000,0.000,2435,2014,2945,3049,2841,0,0,0,0,0,0,28.83,28.83,28.83
$GC,293,-0.75,-146.6,2435,2014,3048,2841,39.4,-14.0,27,302,0.00,2.17,0.00,0.000,4356,0.000,0.041,2426,3424,2945,3048,2842,0,0,0,0,0,0,28.83,26.01,28.83
$GC,327,-0.75,-146.6,2425,3424,3049,2842,44.0,-14.3,30,334,0.00,2.08,0.00,0.000,3078,0.000,0.023,2426,2011,2945,3048,2842,0,0,0,0,0,0,28.83,26.22,28.83
$GC,365,-0.75,-146.6,2425,2008,3049,2841,50.0,-15.1,34,374,0.00,2.17,0.00,0.000,2308,0.000,0.044,2426,3424,2944,3048,2841,0,0,0,0,0,0,28.83,26.02,28.83
$GC,399,-0.75,-146.6,2425,3423,3049,2841,54.9,-15.1,37,406,0.00,2.05,0.00,0.000,3078,0.000,0.025,2425,2035,2945,3049,2841,0,0,0,0,0,0,28.83,26.25,28.83
$GC,437,-0.75,-146.6,2425,2032,3048,2841,60.8,-14.6,41,446,0.00,2.08,0.00,0.000,2564,0.000,0.030,2425,641,2944,3049,2840,0,0,0,0,0,0,28.83,26.14,28.83
$GC,468,-0.75,-146.6,2425,641,3048,2839,65.5,-14.6,44,477,0.00,2.08,0.00,0.000,3078,0.000,0.031,2425,2030,2943,3048,2839,0,0,0,0,0,0,28.83,26.15,28.83
$GC,509,-0.75,-146.6,2426,2030,3048,2839,71.6,-15.3,48,518,0.00,2.15,0.00,0.000,2308,0.000,0.044,2426,3442,2944,3049,2839,0,0,0,0,0,0,28.83,26.06,28.83
$GC,540,-0.75,-146.6,2425,3442,3049,2839,76.5,-15.6,51,549,0.00,2.03,0.00,0.000,3078,0.000,0.020,2425,2022,2944,3049,2839,0,0,0,0,0,0,28.83,26.29,28.83
$GC,580,-0.75,-146.6,2425,2022,3049,2839,82.8,-15.5,55,581,0.00,0.00,0.00,0.000,2054,0.000,0.000,2425,2022,2944,3049,2839,0,0,0,0,0,0,28.83,28.83,28.83
$GC,610,-0.75,-146.6,2425,2022,3049,2839,87.3,-15.3,58,611,0.00,0.00,0.00,0.000,2054,0.000,0.000,2425,2022,2944,3049,2839,0,0,0,0,0,0,28.83,28.83,28.83
$GC,642,-0.75,-146.6,2425,2022,3049,2839,91.8,-15.2,61,651,0.00,2.15,0.00,0.000,2308,0.000,0.044,2425,3437,2944,3049,2839,0,0,0,0,0,0,28.83,26.10,28.83
$GC,674,-0.75,-146.6,2425,3437,3049,2839,96.9,-14.7,64,683,0.00,2.03,0.00,0.000,3078,0.000,0.021,2425,2018,2944,3049,2839,0,0,0,0,0,0,28.83,26.32,28.83
$GC,714,-0.75,-146.6,2425,2018,3049,2839,102.7,-14.5,68,715,0.00,0.00,0.00,0.000,2054,0.000,0.000,2425,2018,2944,3049,2839,0,0,0,0,0,0,28.83,28.83,28.83
$STATE,735,end dive,BOTTOM_OBSTACLE_DETECTED
$STATE,735,begin apogee
$GC,740,-0.27,0.0,2425,2018,3049,2839,106.0,-15.8,70,868,0.47,0.00,123.82,0.520,10246,0.135,0.000,2575,2018,2350,2440,2260,0,0,0,0,0,0,25.70,28.83,24.20
$STATE,870,end apogee,CONTROL_FINISHED_OK
$STATE,870,begin climb
$GC,872,0.97,146.6,2575,2018,2439,2259,113.3,0.0,83,999,1.23,0.00,116.40,0.505,10758,0.099,0.000,2973,2018,1765,1871,1659,0,0,0,0,0,0,25.21,28.83,24.22
$GC,1031,0.90,146.6,2974,2018,1867,1655,90.8,20.6,99,1040,0.00,2.17,0.00,0.000,4356,0.000,0.034,2974,3439,1761,1867,1655,0,0,0,0,0,0,28.83,25.58,28.83
$GC,1106,0.80,146.6,2974,3439,1866,1653,75.2,21.3,106,1113,0.20,2.08,0.00,0.000,5126,0.184,0.021,2934,2039,1759,1866,1653,0,0,0,0,0,0,25.37,25.89,28.83
$GC,1143,0.80,146.6,2934,2034,1866,1652,67.7,18.9,110,1144,0.00,0.00,0.00,0.000,4102,0.000,0.000,2934,2034,1759,1866,1652,0,0,0,0,0,0,28.83,28.83,28.83
$GC,1173,0.80,146.6,2934,2034,1866,1652,63.1,15.5,113,1182,0.00,2.15,0.00,0.000,4356,0.000,0.034,2934,3449,1758,1866,1651,0,0,0,0,0,0,28.83,25.89,28.83
$GC,1197,0.80,146.6,2934,3449,1866,1651,59.5,15.5,115,1204,0.00,2.10,0.00,0.000,5126,0.000,0.021,2938,2026,1758,1866,1651,0,0,0,0,0,0,28.83,26.01,28.83
$GC,1235,0.80,146.6,2938,2022,1866,1651,53.4,15.5,119,1236,0.00,0.00,0.00,0.000,4102,0.000,0.000,2938,2022,1758,1866,1651,0,0,0,0,0,0,28.83,28.83,28.83
$GC,1264,0.80,146.6,2938,2022,1866,1651,48.9,14.8,122,1273,0.00,2.17,0.00,0.000,4356,0.000,0.034,2937,3448,1757,1865,1650,0,0,0,0,0,0,28.83,25.98,28.83
$GC,1286,0.80,146.6,2937,3448,1866,1651,45.4,15.5,124,1296,0.08,2.08,0.00,0.000,5126,0.206,0.019,2935,2018,1758,1866,1650,0,0,0,0,0,0,25.87,26.10,28.83
$GC,1326,0.80,146.6,2935,2015,1866,1650,39.0,15.9,128,1328,0.00,0.00,0.00,0.000,4102,0.000,0.000,2935,2015,1757,1865,1650,0,0,0,0,0,0,28.83,28.83,28.83
$GC,1357,0.80,146.6,2935,2015,1866,1650,34.5,15.0,131,1366,0.00,2.17,0.00,0.000,4356,0.000,0.034,2935,3446,1758,1866,1650,0,0,0,0,0,0,28.83,26.03,28.83
$GC,1380,0.80,146.6,2064,3445,1827,1645,31.0,15.4,133,1388,0.00,2.10,0.00,0.000,5126,0.000,0.021,2938,2040,1757,1865,1650,0,0,0,0,0,0,28.83,25.46,28.83
$GC,1419,0.80,146.6,2937,2037,1865,1650,24.7,15.8,137,1428,0.00,2.12,0.00,0.000,4612,0.000,0.034,2938,634,1757,1865,1650,0,0,0,0,0,0,28.83,26.07,28.83
$GC,1432,0.80,146.6,2937,634,1864,1650,23.4,15.3,138,1440,0.00,2.10,0.00,0.000,5126,0.000,0.022,2938,2037,1757,1864,1650,0,0,0,0,0,0,28.83,26.16,28.83
$GC,1471,0.80,146.6,2938,2037,1864,1650,16.9,15.4,142,1480,0.00,2.10,0.00,0.000,4356,0.000,0.034,2938,3433,1756,1863,1650,0,0,0,0,0,0,28.83,26.08,28.83
$GC,1484,0.80,146.6,2938,3433,1863,1649,15.8,14.8,143,1493,0.05,2.10,0.00,0.000,5126,0.171,0.020,2934,2024,1757,1864,1650,0,0,0,0,0,0,25.78,25.96,28.83
$GC,1523,0.80,146.6,2933,2021,1863,1650,9.4,14.8,147,1532,0.00,2.10,0.00,0.000,4612,0.000,0.034,2937,631,1757,1864,1650,0,0,0,0,0,0,28.83,26.10,28.83
$GC,1537,0.85,183.1,2937,630,1863,1650,8.5,12.8,148,1575,0.00,2.12,28.88,0.446,11270,0.000,0.026,2937,2037,1619,1727,1512,0,0,0,0,0,0,28.83,26.06,24.60
$STATE,1582,end climb,SURFACE_DEPTH_REACHED
$STATE,1583,begin surface coast
$FINISH,-0.9,1.021707
$STATE,1604,end surface coast,CONTROL_FINISHED_OK
$STATE,1604,begin surface
$SM_CCo,1620,182.95,0.424,1,0,664,423.52
$SM_GC,-4.06,7.72,0.00,182.95,0.073,0.000,0.424,247,2037,664,-7.52,0.20,423.52,0,0,0,0,1,0,25.87,28.83,24.32
$IRIDIUM_FIX,4729.30,-12221.39,160608,090914
$TT8_MAMPS,0.027713,0.027713
$HUMID,41.80
$INTERNAL_PRESSURE,8.15502
$TCM_TEMP,17.60
$XPDR_PINGS,75
$ALTIM_TOP_PING,19.9,23.9
$ALTIM_BOTTOM_PING,106.0,6.4
$24V_AH,24.2,33.215
$10V_AH,10.0,15.525
$FG_AHR_24Vo,0.000
$FG_AHR_10Vo,0.000
$DEVICES,Pitch_motor,Roll_motor,VBD_pump_during_apogee,VBD_pump_during_surface,VBD_valve,Iridium_during_init,Iridium_during_connect,Iridium_during_xfer,Transponder_ping,GUMSTIX_24V,GPS,TT8,LPSleep,TT8_Active,TT8_Sampling,TT8_CF8,TT8_Kalman,Analog_circuits,GPS_charging,Compass,RAFOS,Transponder,Compass2
$DEVICE_SECS,18.950,54.950,269.100,182.950,0.000,24.201,15.956,148.218,20.250,0.000,45.350,417.966,408.462,546.794,661.099,104.566,33.205,904.172,0.000,427.066,0.000,11.759,0.000
$DEVICE_MAMPS,225.675,52.020,520.200,423.810,0.000,43.600,160.000,223.000,420.000,0.000,28.460,13.960,2.190,13.960,37.930,44.670,61.150,16.000,0.000,15.730,0.000,30.000,0.000
$SENSORS,SBE_CT,AA4330,WL_BB2FLVMG,nil,nil,nil,nil,nil,nil,nil
$SENSOR_SECS,101.347,202.520,267.137,0.000,0.000,0.000,0.000,0.000,0.000,0.000
$SENSOR_MAMPS,23.220,33.000,105.000,0.000,0.000,0.000,0.000,0.000,0.000,0.000
$MEM,354572
$DATA_FILE_SIZE,10325,155
$CAP_FILE_SIZE,55958,0
$CFSIZE,260165632,251625472
$ERRORS,0,0,0,0,0,0,0,0,0,0,0,0,0,1,0,0
$GPS,270526,004758,4747.611,-12225.302,9,1.5,14,18.2
