version: 66.11
glider: 175
mission: 11
dive: 367
start: 6 5 126 5 37 55
data:
$ID,175
$MISSION,11
$DIVE,367
$N_DIVES,0
$D_SURF,3
$D_FLARE,3
$D_TGT,150
$D_ABORT,1090
$D_NO_BLEED,50
$D_BOOST,3
$T_BOOST,0
$D_FINISH,0
$D_PITCH,0
$D_SAFE,0
$D_CALL,0
$SURFACE_URGENCY,0
$SURFACE_URGENCY_TRY,0
$SURFACE_URGENCY_FORCE,0
$T_DIVE,50
$T_MISSION,75
$T_ABORT,1440
$T_TURN,300
$T_TURN_SAMPINT,5
$T_NO_W,120
$T_LOITER,0
$T_EPIRB,0
$USE_BATHY,-1
$USE_ICE,0
$ICE_FREEZE_MARGIN,0.30000001
$D_OFFGRID,100
$T_WATCHDOG,10
$RELAUNCH,1
$APOGEE_PITCH,-8
$MAX_BUOY,150
$COURSE_BIAS,0
$GLIDE_SLOPE,30
$SPEED_FACTOR,1
$RHO,1.0235
$MASS,51878
$MASS_COMP,0
$NAV_MODE,2
$FERRY_MAX,45
$KALMAN_USE,2
$HD_A,0.0024900001
$HD_B,0.0091000004
$HD_C,5.7000002e-06
$HEADING,-1
$ESCAPE_HEADING,0
$ESCAPE_HEADING_DELTA,10
$FIX_MISSING_TIMEOUT,0
$TGT_DEFAULT_LAT,47.766998
$TGT_DEFAULT_LON,-122.413
$TGT_AUTO_DEFAULT,0
$SM_CC,473.51199
$N_FILEKB,4
$FILEMGR,0
$CALL_NDIVES,1
$COMM_SEQ,0
$PROTOCOL,9
$N_NOCOMM,1
$NOCOMM_ACTION,0
$N_NOSURFACE,0
$UPLOAD_DIVES_MAX,-1
$CALL_TRIES,5
$CALL_WAIT,60
$CAPUPLOAD,1
$CAPMAXSIZE,200000
$HEAPDBG,0
$T_GPS,15
$N_GPS,30
$T_GPS_ALMANAC,0
$T_GPS_CHARGE,-39343.672
$T_RSLEEP,2
$STROBE,0
$RAFOS_PEAK_OFFSET,1.5
$RAFOS_CORR_THRESH,60
$RAFOS_HIT_WINDOW,3600
$PITCH_MIN,255
$PITCH_MAX,3935
$C_PITCH,2626
$PITCH_DBAND,0.0099999998
$PITCH_CNV,0.003125763
$P_OVSHOOT,0.039999999
$PITCH_GAIN,30
$PITCH_TIMEOUT,17
$PITCH_AD_RATE,160
$PITCH_MAXERRORS,1
$PITCH_ADJ_GAIN,0.02
$PITCH_ADJ_DBAND,2.5
$ROLL_MIN,171
$ROLL_MAX,3723
$ROLL_DEG,40
$C_ROLL_DIVE,2030
$C_ROLL_CLIMB,2030
$HEAD_ERRBAND,10
$ROLL_CNV,0.028270001
$ROLL_TIMEOUT,15
$R_PORT_OVSHOOT,58
$R_STBD_OVSHOOT,49
$ROLL_AD_RATE,300
$ROLL_MAXERRORS,2
$ROLL_ADJ_GAIN,0
$ROLL_ADJ_DBAND,0
$VBD_MIN,465
$VBD_MAX,3960
$C_VBD,2350
$VBD_DBAND,2
$VBD_CNV,-0.25119999
$VBD_TIMEOUT,720
$PITCH_VBD_SHIFT,0.0012300001
$VBD_PUMP_AD_RATE_SURFACE,5
$VBD_PUMP_AD_RATE_APOGEE,4
$VBD_BLEED_AD_RATE,8
$UNCOM_BLEED,60
$VBD_MAXERRORS,1
$W_ADJ_DBAND,2
$DBDW,0
$PITCH_W_GAIN,0
$PITCH_W_DBAND,1
$CF8_MAXERRORS,5
$AH0_24V,145
$AH0_10V,95
$MINV_24V,19
$MINV_10V,8
$FG_AHR_10V,0
$FG_AHR_24V,0
$PHONE_SUPPLY,2
$PRESSURE_YINT,-13.51214
$PRESSURE_SLOPE,0.0001165895
$AD7714Ch0Gain,128
$TCM_PITCH_OFFSET,0
$TCM_ROLL_OFFSET,0
$COMPASS_USE,4
$ALTIM_BOTTOM_PING_RANGE,0
$ALTIM_TOP_PING_RANGE,20
$ALTIM_BOTTOM_TURN_MARGIN,25
$ALTIM_TOP_TURN_MARGIN,0
$ALTIM_TOP_MIN_OBSTACLE,1
$ALTIM_PING_DEPTH,60
$ALTIM_PING_DELTA,5
$ALTIM_FREQUENCY,13
$ALTIM_PULSE,3
$ALTIM_SENSITIVITY,4
$XPDR_VALID,5
$XPDR_INHIBIT,90
$INT_PRESSURE_SLOPE,0.0097660003
$INT_PRESSURE_YINT,-0.40000001
$DEEPGLIDER,0
$DEEPGLIDERMB,0
$MOTHERBOARD,4
$DEVICE1,2
$DEVICE2,101
$DEVICE3,38
$DEVICE4,-1
$DEVICE5,-1
$DEVICE6,-1
$LOGGERS,7
$LOGGERDEVICE1,-1
$LOGGERDEVICE2,-1
$LOGGERDEVICE3,-1
$LOGGERDEVICE4,-1
$COMPASS_DEVICE,33
$COMPASS2_DEVICE,-1
$PHONE_DEVICE,49
$GPS_DEVICE,32
$RAFOS_DEVICE,-1
$XPDR_DEVICE,24
$SIM_W,0
$SIM_PITCH,0
$SEABIRD_T_G,0.0043137739
$SEABIRD_T_H,0.00062868668
$SEABIRD_T_I,2.2691316e-05
$SEABIRD_T_J,2.2586789e-06
$SEABIRD_C_G,-10.021329
$SEABIRD_C_H,1.1236943
$SEABIRD_C_I,-0.0013673168
$SEABIRD_C_J,0.00018808816
$GPS1,050626,053157,4752.197,-12223.751,13,1.5,41,18.3
$_CALLS,1
$_XMS_NAKs,0
$_XMS_TOUTs,0
$_SM_DEPTHo,-5.49
$_SM_ANGLEo,-66.4
$GPS2,050626,053728,4752.156,-12223.832,23,1.3,28,18.3
$SPEED_LIMITS,0.173,0.272
$TGT_NAME,NORTHB_175
$TGT_LATLONG,4752.440,-12223.580
$TGT_RADIUS,200.000
$KALMAN_CONTROL,0.079,0.297
$KALMAN_X,-30076.6,-183.3,-72.9,29774.7,-185.0
$KALMAN_Y,25757.5,-625.9,-357.4,-36445.5,446.9
$MHEAD_RNG_PITCHd_Wd,45.2,612,-16.2,-10.000,-20.17,2231
$D_GRID,100
$GCHEAD,st_secs,pitch_ctl,vbd_ctl,pitch_ad_start,roll_ad_start,vbd_pot1_ad_start,vbd_pot2_ad_start,depth,ob_vertv,data_pts,end_secs,pitch_secs,roll_secs,vbd_secs,vbd_i,gcphase,pitch_i,roll_i,pitch_ad,roll_ad,vbd_ad,vbd_pot1_ad,vbd_pot2_ad,pitch_retries,pitch_errors,roll_retries,roll_errors,vbd_retries,vbd_errors,pitch_volts,roll_volts,vbd_volts
$STATE,13,end surface,CONTROL_FINISHED_OK
$STATE,13,begin dive
$GC,15,-0.72,-146.6,232,2012,481,429,0.0,0.0,0,109,0.00,0.00,-87.93,0.000,16390,0.000,0.000,232,2012,2936,3021,2851,0,0,0,0,0,0,28.83,28.83,26.39
$GC,112,-0.72,-146.6,232,2013,3022,2852,-2.5,-5.7,9,129,9.12,0.00,0.00,0.000,2054,0.230,0.000,2387,2011,2940,3030,2851,0,0,0,0,0,0,24.77,28.83,28.83
$GC,160,-0.10,-146.6,2387,2011,3044,2844,12.4,-29.4,14,163,0.70,0.00,0.00,0.000,2054,0.149,0.000,2588,2011,2944,3044,2845,0,0,0,0,0,0,25.29,28.83,28.83
$GC,191,-0.04,-146.6,2588,2011,3050,2844,15.9,-13.9,17,200,0.08,2.15,0.00,0.000,2308,0.154,0.038,2611,3419,2947,3052,2843,0,0,0,0,0,0,26.18,25.91,28.83
$GC,245,-0.30,-146.6,2611,3419,3053,2843,17.6,-3.2,22,255,0.20,2.00,0.00,0.000,5126,0.047,0.018,2516,1998,2947,3053,2841,0,0,0,0,0,0,26.04,26.20,28.83
$GC,285,-0.41,-146.6,2516,1997,3053,2840,20.0,-6.4,26,295,0.08,1.98,0.00,0.000,4612,0.119,0.028,2475,663,2946,3053,2839,0,0,0,0,0,0,26.19,26.06,28.83
$GC,318,-0.41,-146.6,2475,663,3053,2838,23.6,-9.7,29,328,0.08,2.03,0.00,0.000,3078,0.179,0.028,2491,2025,2945,3053,2838,0,0,0,0,0,0,25.93,26.08,28.83
$GC,358,-0.41,-146.6,2491,2025,3053,2838,28.0,-11.2,33,360,0.00,0.00,0.00,0.000,2054,0.000,0.000,2491,2025,2945,3053,2838,0,0,0,0,0,0,28.83,28.83,28.83
$GC,388,-0.41,-146.6,2491,2025,3053,2838,31.1,-10.4,36,397,0.00,2.15,0.00,0.000,2308,0.000,0.041,2490,3435,2946,3053,2839,0,0,0,0,0,0,28.83,26.01,28.83
$GC,423,-0.41,-146.6,2490,3435,3053,2839,34.7,-11.1,39,430,0.00,2.05,0.00,0.000,3078,0.000,0.018,2491,2038,2945,3053,2838,0,0,0,0,0,0,28.83,26.25,28.83
$GC,461,-0.41,-146.6,2490,2037,3054,2838,39.0,-10.6,43,462,0.00,0.00,0.00,0.000,2054,0.000,0.000,2491,2037,2946,3053,2839,0,0,0,0,0,0,28.83,28.83,28.83
$GC,491,-0.41,-146.6,2490,2037,3053,2838,42.3,-10.8,46,492,0.00,0.00,0.00,0.000,2054,0.000,0.000,2490,2037,2946,3053,2839,0,0,0,0,0,0,28.83,28.83,28.83
$GC,521,-0.41,-146.6,2490,2037,3053,2838,45.6,-11.0,49,522,0.00,0.00,0.00,0.000,2054,0.000,0.000,2490,2037,2946,3053,2839,0,0,0,0,0,0,28.83,28.83,28.83
$GC,551,-0.41,-146.6,2490,2037,3053,2839,48.9,-11.1,52,552,0.00,0.00,0.00,0.000,2054,0.000,0.000,2490,2037,2945,3053,2838,0,0,0,0,0,0,28.83,28.83,28.83
$GC,581,-0.41,-146.6,2490,2037,3053,2838,52.3,-11.1,55,582,0.00,0.00,0.00,0.000,2054,0.000,0.000,2490,2037,2945,3053,2838,0,0,0,0,0,0,28.83,28.83,28.83
$GC,611,-0.41,-146.6,2490,2037,3053,2838,55.1,-9.8,58,612,0.00,0.00,0.00,0.000,2054,0.000,0.000,2491,2037,2945,3053,2838,0,0,0,0,0,0,28.83,28.83,28.83
$GC,641,-0.41,-146.6,2490,2037,3053,2839,57.9,-9.2,61,650,0.00,2.12,0.00,0.000,2308,0.000,0.041,2490,3434,2946,3053,2839,0,0,0,0,0,0,28.83,26.06,28.83
$GC,706,-0.41,-146.6,2490,3434,3054,2839,64.1,-9.6,67,710,0.00,2.03,0.00,0.000,3078,0.000,0.018,2490,2028,2946,3053,2839,0,0,0,0,0,0,28.83,26.32,28.83
$GC,748,-0.41,-146.6,2490,2024,3053,2838,68.1,-9.9,71,757,0.00,2.03,0.00,0.000,2564,0.000,0.031,2491,652,2945,3053,2837,0,0,0,0,0,0,28.83,26.17,28.83
$GC,791,-0.41,-146.6,2490,652,3053,2837,72.5,-10.3,75,800,0.00,2.03,0.00,0.000,3078,0.000,0.027,2490,2037,2945,3053,2837,0,0,0,0,0,0,28.83,26.20,28.83
$GC,831,-0.41,-146.6,2490,2037,3053,2837,76.8,-10.6,79,840,0.00,2.10,0.00,0.000,2308,0.000,0.040,2490,3441,2945,3053,2837,0,0,0,0,0,0,28.83,26.09,28.83
$GC,886,-0.41,-146.6,2490,3441,3053,2838,82.3,-10.4,84,894,0.00,2.05,0.00,0.000,3078,0.000,0.018,2490,2032,2945,3053,2837,0,0,0,0,0,0,28.83,26.32,28.83
$GC,926,-0.41,-146.6,2490,2031,3053,2837,86.3,-10.1,88,935,0.00,2.05,0.00,0.000,2564,0.000,0.031,2490,649,2945,3053,2837,0,0,0,0,0,0,28.83,26.17,28.83
$GC,958,-0.41,-146.6,2490,649,3053,2837,89.7,-10.0,91,968,0.00,2.05,0.00,0.000,3078,0.000,0.026,2490,2040,2945,3053,2837,0,0,0,0,0,0,28.83,26.22,28.83
$GC,998,-0.41,-146.6,2490,2040,3053,2837,93.5,-9.4,95,1007,0.00,2.08,0.00,0.000,2308,0.000,0.040,2490,3429,2945,3053,2837,0,0,0,0,0,0,28.83,26.10,28.83
$GC,1041,-0.41,-146.6,2490,3429,3053,2837,97.3,-8.9,99,1050,0.00,2.00,0.00,0.000,3078,0.000,0.018,2490,2019,2945,3053,2837,0,0,0,0,0,0,28.83,26.34,28.83
$STATE,1080,end dive,TARGET_DEPTH_EXCEEDED
$STATE,1080,begin apogee
$GC,1085,-0.27,0.0,2490,2018,3053,2837,100.8,-8.9,103,1214,0.12,0.00,124.78,0.514,10246,0.143,0.000,2533,2018,2350,2440,2260,0,0,0,0,0,0,26.11,28.83,24.02
$STATE,1216,end apogee,CONTROL_FINISHED_OK
$STATE,1216,begin climb
$GC,1218,0.72,146.6,2533,2018,2439,2259,108.9,0.0,116,1345,1.00,0.00,117.65,0.503,10502,0.113,0.000,2851,2018,1764,1876,1652,0,0,0,0,0,0,25.13,28.83,24.05
$GC,1377,0.72,146.6,2850,2018,1873,1650,99.9,8.3,132,1386,0.00,2.17,0.00,0.000,2308,0.000,0.034,2850,3439,1761,1873,1650,0,0,0,0,0,0,28.83,25.59,28.83
$GC,1411,0.72,146.6,2850,3439,1872,1649,96.5,9.5,135,1418,0.00,2.10,0.00,0.000,1030,0.000,0.019,2857,2049,1760,1872,1648,0,0,0,0,0,0,28.83,25.79,28.83
$GC,1450,0.72,146.6,2856,2045,1872,1647,92.3,10.5,139,1451,0.00,0.00,0.00,0.000,6,0.000,0.000,2857,2045,1759,1872,1647,0,0,0,0,0,0,28.83,28.83,28.83
$GC,1479,0.72,146.6,2856,2045,1872,1647,89.2,10.2,142,1480,0.00,0.00,0.00,0.000,6,0.000,0.000,2856,2044,1759,1872,1647,0,0,0,0,0,0,28.83,28.83,28.83
$GC,1509,0.72,146.6,2856,2044,1872,1646,86.1,10.5,145,1518,0.00,2.12,0.00,0.000,260,0.000,0.034,2856,3445,1759,1872,1646,0,0,0,0,0,0,28.83,25.87,28.83
$GC,1553,0.72,146.6,2000,3444,1834,1641,81.5,11.1,149,1560,0.00,2.12,0.00,0.000,1030,0.000,0.020,2856,2033,1759,1872,1646,0,0,0,0,0,0,28.83,26.03,28.83
$GC,1591,0.72,146.6,2856,2029,1872,1645,77.3,10.5,153,1592,0.00,0.00,0.00,0.000,6,0.000,0.000,2856,2029,1759,1872,1646,0,0,0,0,0,0,28.83,28.83,28.83
$GC,1621,0.72,146.6,2856,2028,1872,1645,74.4,9.5,156,1622,0.00,0.00,0.00,0.000,6,0.000,0.000,2857,2028,1758,1872,1645,0,0,0,0,0,0,28.83,28.83,28.83
$GC,1651,0.72,146.6,2856,2028,1872,1645,71.5,9.7,159,1653,0.00,0.00,0.00,0.000,6,0.000,0.000,2857,2029,1758,1872,1645,0,0,0,0,0,0,28.83,28.83,28.83
$GC,1681,0.72,146.6,2856,2028,1872,1645,68.6,9.8,162,1691,0.00,2.15,0.00,0.000,260,0.000,0.036,2857,3446,1758,1872,1645,0,0,0,0,0,0,28.83,26.01,28.83
$GC,1714,0.72,146.6,2856,3446,1871,1644,64.7,11.4,165,1723,0.00,2.08,0.00,0.000,1030,0.000,0.022,2857,2030,1758,1872,1645,0,0,0,0,0,0,28.83,26.12,28.83
$GC,1754,0.72,146.6,2856,2028,1873,1645,61.2,8.5,169,1755,0.00,0.00,0.00,0.000,6,0.000,0.000,2856,2028,1758,1872,1645,0,0,0,0,0,0,28.83,28.83,28.83
$GC,1784,0.78,195.0,2856,2028,1872,1645,58.9,7.8,172,1834,0.05,2.17,38.80,0.476,10500,0.163,0.034,2895,3434,1570,1685,1456,0,0,0,0,0,0,26.37,25.74,24.32
$GC,1847,0.69,195.0,2894,3433,1685,1455,51.2,13.3,178,1858,0.17,2.08,0.00,0.000,5126,0.152,0.021,2851,2029,1569,1685,1453,0,0,0,0,0,0,25.48,25.86,28.83
$GC,1887,0.69,195.0,2851,2027,1685,1451,46.9,10.5,182,1888,0.00,0.00,0.00,0.000,4102,0.000,0.000,2851,2027,1568,1685,1451,0,0,0,0,0,0,28.83,28.83,28.83
$GC,1917,0.75,239.7,2851,2027,1685,1451,44.5,8.0,185,1957,0.00,2.25,35.22,0.467,10500,0.000,0.035,2851,3435,1394,1511,1277,0,0,0,0,0,0,28.83,25.63,24.28
$GC,2001,0.81,239.7,2851,3435,1511,1272,36.1,10.8,193,2011,0.10,2.08,0.00,0.000,3078,0.095,0.020,2904,2025,1391,1511,1272,0,0,0,0,0,0,25.77,25.84,28.83
$GC,2041,0.81,239.7,2904,2022,1511,1270,31.0,12.9,197,2043,0.08,0.00,0.00,0.000,4102,0.180,0.000,2890,2022,1390,1511,1270,0,0,0,0,0,0,25.98,28.83,28.83
$GC,2071,0.81,239.7,2890,2022,1511,1269,27.0,13.5,200,2072,0.00,0.00,0.00,0.000,4102,0.000,0.000,2890,2022,1390,1511,1269,0,0,0,0,0,0,28.83,28.83,28.83
$GC,2102,0.81,239.7,2890,2022,1511,1269,23.5,12.1,203,2110,0.00,2.12,0.00,0.000,4356,0.000,0.035,2890,3428,1390,1511,1269,0,0,0,0,0,0,28.83,25.89,28.83
$GC,2134,0.81,239.7,2890,3428,1511,1268,19.1,13.3,206,2138,0.00,2.08,0.00,0.000,5126,0.000,0.021,2894,2026,1389,1511,1268,0,0,0,0,0,0,28.83,26.03,28.83
$GC,2176,0.81,239.7,2894,2022,1511,1267,13.8,12.2,210,2186,0.00,2.12,0.00,0.000,4612,0.000,0.035,2895,630,1389,1511,1267,0,0,0,0,0,0,28.83,25.94,28.83
$GC,2191,0.81,239.7,2895,630,1510,1267,12.8,12.0,211,2198,0.00,2.12,0.00,0.000,5126,0.000,0.024,2896,2036,1388,1509,1267,0,0,0,0,0,0,28.83,25.96,28.83
$GC,2229,0.81,239.7,2895,2036,1510,1267,8.0,11.0,215,2238,0.00,2.10,0.00,0.000,4356,0.000,0.036,2896,3431,1388,1509,1267,0,0,0,0,0,0,28.83,25.98,28.83
$STATE,2270,end climb,SURFACE_DEPTH_REACHED
$STATE,2270,begin surface coast
$FINISH,-0.0,1.022106
$STATE,2292,end surface coast,CONTROL_FINISHED_OK
$STATE,2292,begin surface
$SM_CCo,2310,180.38,0.427,1,0,464,473.51
$SM_GC,-5.45,7.40,2.12,180.38,0.061,0.021,0.427,237,2025,464,-7.37,1.50,473.51,0,0,0,0,1,0,26.08,26.13,24.19
$IRIDIUM_FIX,4735.69,-12219.40,250608,141412
$TT8_MAMPS,0.027713,0.027713
$HUMID,42.87
$INTERNAL_PRESSURE,8.15502
$TCM_TEMP,17.60
$XPDR_PINGS,112
$ALTIM_TOP_PING,19.1,24.7
$24V_AH,24.0,53.556
$10V_AH,10.0,26.009
$FG_AHR_24Vo,0.000
$FG_AHR_10Vo,0.000
$DEVICES,Pitch_motor,Roll_motor,VBD_pump_during_apogee,VBD_pump_during_surface,VBD_valve,Iridium_during_init,Iridium_during_connect,Iridium_during_xfer,Transponder_ping,GUMSTIX_24V,GPS,TT8,LPSleep,TT8_Active,TT8_Sampling,TT8_CF8,TT8_Kalman,Analog_circuits,GPS_charging,Compass,RAFOS,Transponder,Compass2
$DEVICE_SECS,19.175,66.875,316.450,180.375,0.000,24.068,19.649,164.525,30.500,0.000,30.731,619.612,636.335,620.437,825.878,141.011,0.000,1069.399,0.000,585.842,0.000,16.399,0.000
$DEVICE_MAMPS,230.265,41.310,514.080,426.870,0.000,43.600,160.000,223.000,420.000,0.000,28.460,13.960,2.190,13.960,37.930,44.670,0.000,16.000,0.000,15.730,0.000,30.000,0.000
$SENSORS,SBE_CT,AA4330,WL_BB2FLVMG,nil,nil,nil,nil,nil,nil,nil
$SENSOR_SECS,145.393,289.480,380.715,0.000,0.000,0.000,0.000,0.000,0.000,0.000
$SENSOR_MAMPS,23.220,33.000,105.000,0.000,0.000,0.000,0.000,0.000,0.000,0.000
$MEM,354084
$DATA_FILE_SIZE,17035,221
$CAP_FILE_SIZE,73207,0
$CFSIZE,260165632,241610752
$ERRORS,0,0,0,0,0,0,0,0,0,0,0,0,0,1,0,0
$CURRENT,0.131,283.5,1
$GPS,050626,062022,4752.344,-12223.675,12,1.9,12,18.3
