version: 66.11
glider: 175
mission: 11
dive: 204
start: 5 29 126 15 3 28
data:
$ID,175
$MISSION,11
$DIVE,204
$N_DIVES,0
$D_SURF,3
$D_FLARE,3
$D_TGT,165
$D_ABORT,1090
$D_NO_BLEED,50
$D_BOOST,3
$T_BOOST,0
$D_FINISH,0
$D_PITCH,0
$D_SAFE,0
$D_CALL,0
$SURFACE_URGENCY,0
$SURFACE_URGENCY_TRY,0
$SURFACE_URGENCY_FORCE,0
$T_DIVE,55
$T_MISSION,70
$T_ABORT,1440
$T_TURN,300
$T_TURN_SAMPINT,5
$T_NO_W,120
$T_LOITER,0
$T_EPIRB,0
$USE_BATHY,0
$USE_ICE,0
$ICE_FREEZE_MARGIN,0.30000001
$D_OFFGRID,100
$T_WATCHDOG,10
$RELAUNCH,1
$APOGEE_PITCH,-8
$MAX_BUOY,150
$COURSE_BIAS,0
$GLIDE_SLOPE,30
$SPEED_FACTOR,1
$RHO,1.0235
$MASS,51878
$MASS_COMP,0
$NAV_MODE,1
$FERRY_MAX,45
$KALMAN_USE,1
$HD_A,0.0024900001
$HD_B,0.0091000004
$HD_C,5.7000002e-06
$HEADING,-1
$ESCAPE_HEADING,0
$ESCAPE_HEADING_DELTA,10
$FIX_MISSING_TIMEOUT,0
$TGT_DEFAULT_LAT,47.766998
$TGT_DEFAULT_LON,-122.413
$TGT_AUTO_DEFAULT,0
$SM_CC,423.31998
$N_FILEKB,4
$FILEMGR,0
$CALL_NDIVES,1
$COMM_SEQ,0
$PROTOCOL,9
$N_NOCOMM,1
$NOCOMM_ACTION,0
$N_NOSURFACE,0
$UPLOAD_DIVES_MAX,-1
$CALL_TRIES,5
$CALL_WAIT,60
$CAPUPLOAD,1
$CAPMAXSIZE,200000
$HEAPDBG,0
$T_GPS,15
$N_GPS,30
$T_GPS_ALMANAC,0
$T_GPS_CHARGE,-38910.816
$T_RSLEEP,2
$STROBE,0
$RAFOS_PEAK_OFFSET,1.5
$RAFOS_CORR_THRESH,60
$RAFOS_HIT_WINDOW,3600
$PITCH_MIN,255
$PITCH_MAX,3935
$C_PITCH,2626
$PITCH_DBAND,0.0099999998
$PITCH_CNV,0.003125763
$P_OVSHOOT,0.039999999
$PITCH_GAIN,30
$PITCH_TIMEOUT,17
$PITCH_AD_RATE,160
$PITCH_MAXERRORS,1
$PITCH_ADJ_GAIN,0.02
$PITCH_ADJ_DBAND,2.5
$ROLL_MIN,171
$ROLL_MAX,3723
$ROLL_DEG,40
$C_ROLL_DIVE,2030
$C_ROLL_CLIMB,2030
$HEAD_ERRBAND,10
$ROLL_CNV,0.028270001
$ROLL_TIMEOUT,15
$R_PORT_OVSHOOT,63
$R_STBD_OVSHOOT,58
$ROLL_AD_RATE,300
$ROLL_MAXERRORS,2
$ROLL_ADJ_GAIN,0
$ROLL_ADJ_DBAND,0
$VBD_MIN,465
$VBD_MAX,3960
$C_VBD,2350
$VBD_DBAND,2
$VBD_CNV,-0.25119999
$VBD_TIMEOUT,720
$PITCH_VBD_SHIFT,0.0012300001
$VBD_PUMP_AD_RATE_SURFACE,5
$VBD_PUMP_AD_RATE_APOGEE,4
$VBD_BLEED_AD_RATE,8
$UNCOM_BLEED,60
$VBD_MAXERRORS,1
$W_ADJ_DBAND,2
$DBDW,0
$PITCH_W_GAIN,0
$PITCH_W_DBAND,1
$CF8_MAXERRORS,5
$AH0_24V,145
$AH0_10V,95
$MINV_24V,19
$MINV_10V,8
$FG_AHR_10V,0
$FG_AHR_24V,0
$PHONE_SUPPLY,2
$PRESSURE_YINT,-13.51214
$PRESSURE_SLOPE,0.0001165895
$AD7714Ch0Gain,128
$TCM_PITCH_OFFSET,0
$TCM_ROLL_OFFSET,0
$COMPASS_USE,4
$ALTIM_BOTTOM_PING_RANGE,0
$ALTIM_TOP_PING_RANGE,20
$ALTIM_BOTTOM_TURN_MARGIN,25
$ALTIM_TOP_TURN_MARGIN,0
$ALTIM_TOP_MIN_OBSTACLE,1
$ALTIM_PING_DEPTH,60
$ALTIM_PING_DELTA,5
$ALTIM_FREQUENCY,13
$ALTIM_PULSE,3
$ALTIM_SENSITIVITY,4
$XPDR_VALID,5
$XPDR_INHIBIT,90
$INT_PRESSURE_SLOPE,0.0097660003
$INT_PRESSURE_YINT,-0.40000001
$DEEPGLIDER,0
$DEEPGLIDERMB,0
$MOTHERBOARD,4
$DEVICE1,2
$DEVICE2,101
$DEVICE3,38
$DEVICE4,-1
$DEVICE5,-1
$DEVICE6,-1
$LOGGERS,7
$LOGGERDEVICE1,-1
$LOGGERDEVICE2,-1
$LOGGERDEVICE3,-1
$LOGGERDEVICE4,-1
$COMPASS_DEVICE,33
$COMPASS2_DEVICE,-1
$PHONE_DEVICE,49
$GPS_DEVICE,32
$RAFOS_DEVICE,-1
$XPDR_DEVICE,24
$SIM_W,0
$SIM_PITCH,0
$SEABIRD_T_G,0.0043137739
$SEABIRD_T_H,0.00062868668
$SEABIRD_T_I,2.2691316e-05
$SEABIRD_T_J,2.2586789e-06
$SEABIRD_C_G,-10.021329
$SEABIRD_C_H,1.1236943
$SEABIRD_C_I,-0.0013673168
$SEABIRD_C_J,0.00018808816
$GPS1,290526,145434,4745.774,-12225.115,7,1.3,12,18.2
$_CALLS,2
$_XMS_NAKs,0
$_XMS_TOUTs,0
$_SM_DEPTHo,-5.50
$_SM_ANGLEo,-70.7
$GPS2,290526,150229,4745.881,-12225.102,12,1.4,12,18.2
$SPEED_LIMITS,0.173,0.272
$TGT_NAME,NORTH_175
$TGT_LATLONG,4750.320,-12225.910
$TGT_RADIUS,200.000
$KALMAN_CONTROL,-0.025,0.271
$KALMAN_X,-27233.3,23.8,194.0,26766.9,-174.1
$KALMAN_Y,25269.7,-275.7,-605.4,-32193.7,1193.7
$MHEAD_RNG_PITCHd_Wd,336.6,8282,-16.2,-10.000,-20.17,2231
$D_GRID,165
$GCHEAD,st_secs,pitch_ctl,vbd_ctl,pitch_ad_start,roll_ad_start,vbd_pot1_ad_start,vbd_pot2_ad_start,depth,ob_vertv,data_pts,end_secs,pitch_secs,roll_secs,vbd_secs,vbd_i,gcphase,pitch_i,roll_i,pitch_ad,roll_ad,vbd_ad,vbd_pot1_ad,vbd_pot2_ad,pitch_retries,pitch_errors,roll_retries,roll_errors,vbd_retries,vbd_errors,pitch_volts,roll_volts,vbd_volts
$STATE,13,end surface,CONTROL_FINISHED_OK
$STATE,13,begin dive
$GC,15,-0.72,-146.6,247,2019,702,611,0.0,0.0,0,99,0.00,0.00,-80.38,0.000,16390,0.000,0.000,247,2019,2935,3022,2848,0,0,0,0,0,0,28.83,28.83,26.41
$GC,102,-0.72,-146.6,247,2020,3023,2849,-1.5,-7.6,8,120,8.85,2.10,0.00,0.000,2564,0.226,0.033,2392,629,2940,3031,2849,0,0,0,0,0,0,24.92,25.95,28.83
$GC,420,-0.59,-146.6,1552,629,3009,2836,69.5,-17.4,39,428,0.17,2.08,0.00,0.000,3078,0.155,0.030,2430,2015,2943,3044,2842,0,0,0,0,0,0,25.75,26.14,28.83
$GC,459,-0.48,-146.6,2429,2014,3046,2840,76.0,-16.1,43,466,0.15,0.00,0.00,0.000,2054,0.151,0.000,2474,2014,2943,3046,2840,0,0,0,0,0,0,25.96,28.83,28.83
$GC,496,-0.48,-146.6,2474,2015,3047,2839,81.1,-12.7,47,498,0.00,0.00,0.00,0.000,6,0.000,0.000,2474,2015,2943,3047,2839,0,0,0,0,0,0,28.83,28.83,28.83
$GC,526,-0.48,-146.6,2475,2015,3047,2839,84.2,-10.4,50,528,0.00,0.00,0.00,0.000,6,0.000,0.000,2474,2015,2942,3047,2838,0,0,0,0,0,0,28.83,28.83,28.83
$GC,556,-0.48,-146.6,2474,2015,3048,2839,87.4,-10.5,53,565,0.00,2.12,0.00,0.000,260,0.000,0.039,2465,3434,2943,3048,2839,0,0,0,0,0,0,28.83,26.10,28.83
$GC,592,-0.48,-146.6,2465,3434,3049,2840,90.9,-11.0,56,599,0.00,2.08,0.00,0.000,3078,0.000,0.019,2465,2011,2944,3049,2839,0,0,0,0,0,0,28.83,26.29,28.83
$GC,632,-0.48,-146.6,2465,2010,3050,2838,95.7,-11.4,60,638,0.00,0.00,0.00,0.000,2054,0.000,0.000,2465,2009,2944,3049,2839,0,0,0,0,0,0,28.83,28.83,28.83
$GC,671,-0.48,-146.6,2465,2010,3049,2838,100.1,-11.1,64,672,0.00,0.00,0.00,0.000,2054,0.000,0.000,2465,2010,2943,3049,2838,0,0,0,0,0,0,28.83,28.83,28.83
$GC,700,-0.48,-146.6,2465,2010,3049,2838,103.5,-11.1,67,709,0.00,2.17,0.00,0.000,2308,0.000,0.041,2465,3437,2943,3049,2838,0,0,0,0,0,0,28.83,26.10,28.83
$GC,724,-0.48,-146.6,2465,3436,3049,2839,106.1,-11.6,69,732,0.00,2.05,0.00,0.000,3078,0.000,0.018,2465,2024,2943,3049,2838,0,0,0,0,0,0,28.83,26.34,28.83
$GC,764,-0.48,-146.6,2465,2022,3050,2838,110.4,-10.9,73,772,0.00,2.03,0.00,0.000,2564,0.000,0.031,2465,650,2943,3049,2837,0,0,0,0,0,0,28.83,26.19,28.83
$GC,797,-0.48,-146.6,1664,650,3021,2831,114.1,-10.8,76,805,0.00,2.08,0.00,0.000,3078,0.000,0.028,2465,2027,2943,3050,2837,0,0,0,0,0,0,28.83,26.22,28.83
$GC,835,-0.48,-146.6,2464,2027,3050,2837,118.0,-10.0,80,844,0.00,2.12,0.00,0.000,2308,0.000,0.041,2464,3434,2943,3050,2836,0,0,0,0,0,0,28.83,26.11,28.83
$GC,861,-0.48,-146.6,2464,3434,3051,2837,120.3,-10.2,82,869,0.00,2.03,0.00,0.000,3078,0.000,0.018,2464,2031,2943,3050,2837,0,0,0,0,0,0,28.83,26.34,28.83
$GC,902,-0.48,-146.6,2464,2030,3051,2837,125.1,-11.2,86,908,0.00,0.00,0.00,0.000,2054,0.000,0.000,2464,2029,2944,3051,2837,0,0,0,0,0,0,28.83,28.83,28.83
$GC,939,-0.48,-146.6,2464,2030,3051,2837,129.7,-11.6,90,940,0.00,0.00,0.00,0.000,2054,0.000,0.000,2464,2029,2944,3051,2837,0,0,0,0,0,0,28.83,28.83,28.83
$GC,970,-0.48,-146.6,2464,2029,3050,2837,133.3,-12.1,93,979,0.00,2.12,0.00,0.000,2308,0.000,0.041,2464,3435,2944,3051,2837,0,0,0,0,0,0,28.83,26.13,28.83
$GC,1013,-0.48,-146.6,2464,3435,3051,2837,138.4,-11.6,97,1022,0.00,2.00,0.00,0.000,3078,0.000,0.019,2464,2022,2944,3051,2837,0,0,0,0,0,0,28.83,26.34,28.83
$GC,1054,-0.48,-146.6,2464,2022,3051,2837,143.3,-12.3,101,1055,0.00,0.00,0.00,0.000,2054,0.000,0.000,2464,2022,2944,3051,2837,0,0,0,0,0,0,28.83,28.83,28.83
$GC,1083,-0.48,-146.6,2464,2022,3051,2837,146.9,-12.2,104,1084,0.00,0.00,0.00,0.000,2054,0.000,0.000,2464,2022,2944,3051,2837,0,0,0,0,0,0,28.83,28.83,28.83
$GC,1113,-0.48,-146.6,2464,2022,3051,2837,150.4,-11.7,107,1122,0.00,2.15,0.00,0.000,2308,0.000,0.041,2464,3439,2944,3051,2837,0,0,0,0,0,0,28.83,26.13,28.83
$GC,1147,-0.48,-146.6,2464,3439,3051,2837,154.1,-11.6,110,1155,0.00,2.05,0.00,0.000,3078,0.000,0.024,2464,2033,2944,3051,2837,0,0,0,0,0,0,28.83,26.09,28.83
$GC,1185,-0.48,-146.6,2464,2031,3051,2837,158.7,-11.5,114,1186,0.00,0.00,0.00,0.000,2054,0.000,0.000,2464,2031,2944,3051,2837,0,0,0,0,0,0,28.83,28.83,28.83
$STATE,1214,end dive,BOTTOM_OBSTACLE_DETECTED
$STATE,1214,begin apogee
$GC,1219,-0.27,0.0,2464,2031,3051,2837,162.1,-11.1,117,1348,0.20,0.00,124.20,0.559,10246,0.132,0.000,2531,2031,2349,2440,2258,0,0,0,0,0,0,25.98,28.83,24.03
$STATE,1350,end apogee,CONTROL_FINISHED_OK
$STATE,1350,begin climb
$GC,1352,0.72,146.6,2531,2031,2439,2257,170.7,0.0,130,1476,1.00,0.00,116.25,0.548,10758,0.108,0.000,2850,2030,1767,1880,1654,0,0,0,0,0,0,25.15,28.83,24.05
$GC,1506,0.72,146.6,2849,2030,1877,1650,161.8,9.0,146,1515,0.00,2.17,0.00,0.000,2308,0.000,0.034,2850,3443,1763,1877,1650,0,0,0,0,0,0,28.83,25.55,28.83
$GC,1539,0.72,146.6,1984,3442,1838,1644,158.4,10.1,149,1547,0.00,2.12,0.00,0.000,1030,0.000,0.022,2856,2037,1763,1877,1649,0,0,0,0,0,0,28.83,25.66,28.83
$GC,1577,0.72,146.6,2856,2034,1877,1648,154.4,10.2,153,1578,0.00,0.00,0.00,0.000,6,0.000,0.000,2857,2033,1762,1877,1648,0,0,0,0,0,0,28.83,28.83,28.83
$GC,1607,0.72,146.6,2856,2033,1877,1648,151.4,9.9,156,1617,0.00,2.12,0.00,0.000,260,0.000,0.034,2856,3441,1761,1876,1647,0,0,0,0,0,0,28.83,25.83,28.83
$GC,1642,0.66,146.6,2856,3441,1876,1647,148.0,10.6,159,1650,0.05,2.12,0.00,0.000,5126,0.156,0.024,2841,2022,1761,1876,1647,0,0,0,0,0,0,25.70,25.95,28.83
$GC,1680,0.66,146.6,2841,2018,1876,1646,144.2,9.4,163,1681,0.00,0.00,0.00,0.000,4102,0.000,0.000,2842,2018,1761,1876,1646,0,0,0,0,0,0,28.83,28.83,28.83
$GC,1710,0.66,146.6,2841,2018,1876,1646,141.8,8.1,166,1719,0.00,2.15,0.00,0.000,4356,0.000,0.034,2841,3441,1761,1876,1646,0,0,0,0,0,0,28.83,25.94,28.83
$GC,1752,0.66,146.6,2841,3441,1876,1646,137.9,9.4,170,1761,0.00,2.05,0.00,0.000,5126,0.000,0.019,2842,2026,1761,1876,1646,0,0,0,0,0,0,28.83,26.08,28.83
$GC,1792,0.66,146.6,2842,2024,1876,1645,134.3,9.0,174,1793,0.00,0.00,0.00,0.000,4102,0.000,0.000,2842,2024,1761,1876,1646,0,0,0,0,0,0,28.83,28.83,28.83
$GC,1822,0.66,146.6,2842,2024,1876,1646,131.7,8.7,177,1823,0.00,0.00,0.00,0.000,4102,0.000,0.000,2842,2024,1761,1876,1646,0,0,0,0,0,0,28.83,28.83,28.83
$GC,1852,0.66,146.6,2842,2024,1876,1645,129.1,8.6,180,1861,0.00,2.15,0.00,0.000,4356,0.000,0.035,2842,3449,1760,1876,1645,0,0,0,0,0,0,28.83,26.03,28.83
$GC,1886,0.66,146.6,2842,3449,1876,1645,126.1,9.3,183,1893,0.00,2.10,0.00,0.000,5126,0.000,0.024,2842,2022,1760,1876,1645,0,0,0,0,0,0,28.83,26.16,28.83
$GC,1924,0.66,146.6,2842,2018,1876,1645,122.5,8.8,187,1925,0.00,0.00,0.00,0.000,4102,0.000,0.000,2842,2018,1760,1876,1645,0,0,0,0,0,0,28.83,28.83,28.83
$GC,1954,0.66,146.6,2842,2018,1876,1645,120.1,8.4,190,1955,0.00,0.00,0.00,0.000,4102,0.000,0.000,2842,2018,1760,1876,1645,0,0,0,0,0,0,28.83,28.83,28.83
$GC,1984,0.66,146.6,2842,2018,1876,1645,117.6,8.3,193,1993,0.00,2.15,0.00,0.000,4356,0.000,0.035,2842,3447,1760,1876,1645,0,0,0,0,0,0,28.83,26.09,28.83
$GC,2005,0.66,146.6,2842,3447,1876,1645,115.4,9.3,195,2009,0.00,2.08,0.00,0.000,5126,0.000,0.025,2842,2029,1760,1876,1645,0,0,0,0,0,0,28.83,26.13,28.83
$GC,2047,0.66,146.6,2842,2024,1876,1645,111.6,9.0,199,2048,0.00,0.00,0.00,0.000,4102,0.000,0.000,2842,2024,1760,1876,1645,0,0,0,0,0,0,28.83,28.83,28.83
$GC,2077,0.66,146.6,2842,2024,1876,1645,109.1,8.3,202,2078,0.00,0.00,0.00,0.000,4102,0.000,0.000,2842,2024,1760,1876,1645,0,0,0,0,0,0,28.83,28.83,28.83
$GC,2107,0.66,146.6,2842,2024,1876,1645,106.7,8.0,205,2116,0.00,2.12,0.00,0.000,4356,0.000,0.035,2842,3438,1760,1876,1644,0,0,0,0,0,0,28.83,26.12,28.83
$GC,2131,0.66,146.6,2842,3438,1876,1645,104.9,8.3,207,2138,0.00,2.08,0.00,0.000,5126,0.000,0.024,2842,2018,1759,1875,1644,0,0,0,0,0,0,28.83,26.01,28.83
$GC,2169,0.66,146.6,2842,2014,1876,1645,101.3,9.0,211,2170,0.00,0.00,0.00,0.000,4102,0.000,0.000,2843,2014,1760,1876,1644,0,0,0,0,0,0,28.83,28.83,28.83
$GC,2198,0.66,146.6,2842,2013,1876,1644,98.8,8.2,214,2200,0.00,0.00,0.00,0.000,4102,0.000,0.000,2843,2014,1760,1876,1645,0,0,0,0,0,0,28.83,28.83,28.83
$GC,2229,0.66,146.6,2842,2014,1876,1644,96.4,8.4,217,2238,0.00,2.15,0.00,0.000,4356,0.000,0.034,2843,3446,1760,1876,1645,0,0,0,0,0,0,28.83,26.15,28.83
$GC,2260,0.66,146.6,2842,3446,1875,1645,93.4,9.0,220,2269,0.00,2.05,0.00,0.000,5126,0.000,0.020,2843,2022,1760,1876,1644,0,0,0,0,0,0,28.83,26.27,28.83
$GC,2301,0.66,146.6,2842,2019,1875,1644,89.7,9.3,224,2302,0.00,0.00,0.00,0.000,4102,0.000,0.000,2843,2020,1760,1876,1645,0,0,0,0,0,0,28.83,28.83,28.83
$GC,2330,0.66,146.6,2842,2019,1876,1645,87.0,9.0,227,2332,0.00,0.00,0.00,0.000,4102,0.000,0.000,2842,2019,1759,1875,1644,0,0,0,0,0,0,28.83,28.83,28.83
$GC,2360,0.66,146.6,2842,2019,1876,1644,84.3,9.0,230,2369,0.00,2.12,0.00,0.000,4356,0.000,0.034,2843,3439,1760,1876,1644,0,0,0,0,0,0,28.83,26.16,28.83
$GC,2394,0.66,146.6,1984,3437,1837,1640,81.0,10.2,233,2402,0.00,2.08,0.00,0.000,5126,0.000,0.020,2842,2039,1760,1876,1644,0,0,0,0,0,0,28.83,25.06,28.83
$GC,2433,0.66,146.6,2842,2036,1876,1644,77.4,9.2,237,2434,0.00,0.00,0.00,0.000,4102,0.000,0.000,2843,2036,1760,1876,1644,0,0,0,0,0,0,28.83,28.83,28.83
$GC,2462,0.66,146.6,2842,2036,1876,1644,74.8,8.4,240,2464,0.00,0.00,0.00,0.000,4102,0.000,0.000,2843,2036,1760,1876,1644,0,0,0,0,0,0,28.83,28.83,28.83
$GC,2492,0.66,146.6,2842,2036,1876,1644,72.3,8.2,243,2501,0.00,2.10,0.00,0.000,4356,0.000,0.034,2843,3440,1760,1876,1644,0,0,0,0,0,0,28.83,26.17,28.83
$GC,2534,0.66,146.6,2842,3439,1876,1644,68.3,9.6,247,2543,0.00,2.05,0.00,0.000,5126,0.000,0.020,2842,2011,1759,1875,1644,0,0,0,0,0,0,28.83,26.30,28.83
$GC,2575,0.66,146.6,2842,2010,1876,1644,64.7,9.1,251,2584,0.00,2.05,0.00,0.000,4612,0.000,0.033,2843,635,1759,1874,1644,0,0,0,0,0,0,28.83,26.18,28.83
$GC,2598,0.66,146.6,1984,634,1834,1640,62.8,8.7,253,2606,0.00,2.08,0.00,0.000,5126,0.000,0.022,2843,2037,1758,1872,1645,0,0,0,0,0,0,28.83,26.29,28.83
$GC,2637,0.66,146.6,2842,2037,1872,1645,59.6,8.2,257,2645,0.00,2.08,0.00,0.000,4356,0.000,0.034,2843,3432,1758,1872,1645,0,0,0,0,0,0,28.83,26.18,28.83
$GC,2660,0.66,146.6,1984,3431,1835,1640,57.4,8.8,259,2668,0.00,2.08,0.00,0.000,5126,0.000,0.020,2843,2024,1759,1873,1645,0,0,0,0,0,0,28.83,26.31,28.83
$GC,2699,0.66,146.6,2843,2021,1872,1645,53.8,8.8,263,2708,0.00,2.08,0.00,0.000,4612,0.000,0.033,2843,636,1758,1872,1645,0,0,0,0,0,0,28.83,26.19,28.83
$GC,2712,0.66,146.6,2842,636,1873,1645,53.0,8.6,264,2720,0.00,2.08,0.00,0.000,5126,0.000,0.022,2843,2034,1758,1872,1645,0,0,0,0,0,0,28.83,26.29,28.83
$GC,2750,0.66,146.6,2842,2035,1872,1645,49.2,8.9,268,2759,0.00,2.10,0.00,0.000,4356,0.000,0.035,2843,3440,1758,1872,1645,0,0,0,0,0,0,28.83,26.18,28.83
$GC,2802,0.66,146.6,2842,3440,1872,1645,44.2,10.1,273,2811,0.00,2.03,0.00,0.000,5126,0.000,0.019,2843,2022,1759,1873,1645,0,0,0,0,0,0,28.83,26.32,28.83
$GC,2842,0.66,146.6,2842,2022,1872,1645,40.8,8.3,277,2844,0.00,0.00,0.00,0.000,4102,0.000,0.000,2843,2021,1758,1872,1645,0,0,0,0,0,0,28.83,28.83,28.83
$GC,2872,0.66,146.6,2842,2022,1872,1645,38.4,8.1,280,2873,0.00,0.00,0.00,0.000,4102,0.000,0.000,2843,2021,1758,1872,1645,0,0,0,0,0,0,28.83,28.83,28.83
$GC,2902,0.66,146.6,2842,2021,1872,1645,35.8,8.7,283,2911,0.00,2.12,0.00,0.000,4356,0.000,0.034,2842,3431,1758,1872,1645,0,0,0,0,0,0,28.83,26.19,28.83
$GC,2944,0.66,146.6,2842,3430,1872,1645,32.2,8.6,287,2953,0.00,2.00,0.00,0.000,5126,0.000,0.019,2842,2027,1758,1872,1645,0,0,0,0,0,0,28.83,26.34,28.83
$GC,2984,0.66,146.6,2842,2027,1872,1645,28.9,8.4,291,2993,0.00,2.08,0.00,0.000,4612,0.000,0.033,2843,645,1758,1872,1645,0,0,0,0,0,0,28.83,26.20,28.83
$GC,3006,0.66,146.6,2842,645,1872,1646,27.1,8.0,293,3015,0.00,2.03,0.00,0.000,5126,0.000,0.023,2843,2039,1758,1872,1645,0,0,0,0,0,0,28.83,26.29,28.83
$GC,3046,0.71,190.4,2842,2038,1872,1645,24.0,8.0,297,3087,0.00,2.17,35.00,0.471,10500,0.000,0.036,2843,3426,1592,1708,1476,0,0,0,0,0,0,28.83,25.89,24.47
$GC,3160,0.71,190.4,2842,3426,1708,1473,14.0,9.4,308,3169,0.00,2.03,0.00,0.000,3078,0.000,0.018,2843,2021,1590,1708,1472,0,0,0,0,0,0,28.83,26.08,28.83
$GC,3201,0.77,237.5,2842,2019,1708,1472,10.8,7.8,312,3241,0.10,0.00,37.67,0.458,10502,0.100,0.000,2893,2019,1404,1522,1286,0,0,0,0,0,0,26.22,28.83,24.40
$GC,3271,0.77,237.5,2893,2019,1520,1280,3.9,11.2,319,3280,0.08,2.15,0.00,0.000,4356,0.176,0.033,2878,3430,1400,1520,1280,0,0,0,0,0,0,25.89,25.75,28.83
$STATE,3283,end climb,SURFACE_DEPTH_REACHED
$STATE,3283,begin surface coast
$FINISH,0.2,1.022055
$STATE,3304,end surface coast,CONTROL_FINISHED_OK
$STATE,3304,begin surface
$SM_CCo,3322,142.80,0.428,1,0,664,423.52
$SM_GC,-5.45,7.45,2.10,142.80,0.063,0.018,0.428,247,2035,664,-7.38,2.06,423.52,0,0,0,0,1,0,25.79,25.93,24.22
$IRIDIUM_FIX,4726.11,-12222.38,190608,000002
$TT8_MAMPS,0.027713,0.027713
$HUMID,42.59
$INTERNAL_PRESSURE,8.15502
$TCM_TEMP,19.70
$XPDR_PINGS,128
$ALTIM_TOP_PING,19.6,25.6
$ALTIM_BOTTOM_PING,145.7,41.0
$24V_AH,24.0,39.476
$10V_AH,9.9,18.528
$FG_AHR_24Vo,0.000
$FG_AHR_10Vo,0.000
$DEVICES,Pitch_motor,Roll_motor,VBD_pump_during_apogee,VBD_pump_during_surface,VBD_valve,Iridium_during_init,Iridium_during_connect,Iridium_during_xfer,Transponder_ping,GUMSTIX_24V,GPS,TT8,LPSleep,TT8_Active,TT8_Sampling,TT8_CF8,TT8_Kalman,Analog_circuits,GPS_charging,Compass,RAFOS,Transponder,Compass2
$DEVICE_SECS,18.050,100.375,313.125,142.800,0.000,53.936,59.571,193.201,37.000,0.000,15.425,875.766,1080.698,634.613,1191.661,179.383,33.215,1245.699,0.000,853.439,0.000,33.170,0.000
$DEVICE_MAMPS,226.440,41.310,559.215,427.635,0.000,43.600,160.000,223.000,420.000,0.000,28.460,13.960,2.190,13.960,37.930,44.670,61.150,16.000,0.000,15.730,0.000,30.000,0.000
$SENSORS,SBE_CT,AA4330,WL_BB2FLVMG,nil,nil,nil,nil,nil,nil,nil
$SENSOR_SECS,214.764,422.504,554.739,0.000,0.000,0.000,0.000,0.000,0.000,0.000
$SENSOR_MAMPS,23.220,33.000,105.000,0.000,0.000,0.000,0.000,0.000,0.000,0.000
$MEM,354564
$DATA_FILE_SIZE,23704,322
$CAP_FILE_SIZE,102388,0
$CFSIZE,260165632,248647680
$ERRORS,0,0,0,0,0,0,0,0,0,0,0,0,0,1,0,0
$GPS,290526,160233,4746.862,-12225.527,12,1.1,35,18.2
