version: 66.11
glider: 175
mission: 11
dive: 205
start: 5 29 126 16 15 15
data:
$ID,175
$MISSION,11
$DIVE,205
$N_DIVES,0
$D_SURF,3
$D_FLARE,3
$D_TGT,165
$D_ABORT,1090
$D_NO_BLEED,50
$D_BOOST,3
$T_BOOST,0
$D_FINISH,0
$D_PITCH,0
$D_SAFE,0
$D_CALL,0
$SURFACE_URGENCY,0
$SURFACE_URGENCY_TRY,0
$SURFACE_URGENCY_FORCE,0
$T_DIVE,55
$T_MISSION,70
$T_ABORT,1440
$T_TURN,300
$T_TURN_SAMPINT,5
$T_NO_W,120
$T_LOITER,0
$T_EPIRB,0
$USE_BATHY,0
$USE_ICE,0
$ICE_FREEZE_MARGIN,0.30000001
$D_OFFGRID,100
$T_WATCHDOG,10
$RELAUNCH,1
$APOGEE_PITCH,-8
$MAX_BUOY,150
$COURSE_BIAS,0
$GLIDE_SLOPE,30
$SPEED_FACTOR,1
$RHO,1.0235
$MASS,51878
$MASS_COMP,0
$NAV_MODE,1
$FERRY_MAX,45
$KALMAN_USE,1
$HD_A,0.0024900001
$HD_B,0.0091000004
$HD_C,5.7000002e-06
$HEADING,-1
$ESCAPE_HEADING,0
$ESCAPE_HEADING_DELTA,10
$FIX_MISSING_TIMEOUT,0
$TGT_DEFAULT_LAT,47.766998
$TGT_DEFAULT_LON,-122.413
$TGT_AUTO_DEFAULT,0
$SM_CC,473.51199
$N_FILEKB,4
$FILEMGR,0
$CALL_NDIVES,1
$COMM_SEQ,0
$PROTOCOL,9
$N_NOCOMM,1
$NOCOMM_ACTION,0
$N_NOSURFACE,0
$UPLOAD_DIVES_MAX,-1
$CALL_TRIES,5
$CALL_WAIT,60
$CAPUPLOAD,1
$CAPMAXSIZE,200000
$HEAPDBG,0
$T_GPS,15
$N_GPS,30
$T_GPS_ALMANAC,0
$T_GPS_CHARGE,-38912.074
$T_RSLEEP,2
$STROBE,0
$RAFOS_PEAK_OFFSET,1.5
$RAFOS_CORR_THRESH,60
$RAFOS_HIT_WINDOW,3600
$PITCH_MIN,255
$PITCH_MAX,3935
$C_PITCH,2626
$PITCH_DBAND,0.0099999998
$PITCH_CNV,0.003125763
$P_OVSHOOT,0.039999999
$PITCH_GAIN,30
$PITCH_TIMEOUT,17
$PITCH_AD_RATE,160
$PITCH_MAXERRORS,1
$PITCH_ADJ_GAIN,0.02
$PITCH_ADJ_DBAND,2.5
$ROLL_MIN,171
$ROLL_MAX,3723
$ROLL_DEG,40
$C_ROLL_DIVE,2030
$C_ROLL_CLIMB,2030
$HEAD_ERRBAND,10
$ROLL_CNV,0.028270001
$ROLL_TIMEOUT,15
$R_PORT_OVSHOOT,64
$R_STBD_OVSHOOT,52
$ROLL_AD_RATE,300
$ROLL_MAXERRORS,2
$ROLL_ADJ_GAIN,0
$ROLL_ADJ_DBAND,0
$VBD_MIN,465
$VBD_MAX,3960
$C_VBD,2350
$VBD_DBAND,2
$VBD_CNV,-0.25119999
$VBD_TIMEOUT,720
$PITCH_VBD_SHIFT,0.0012300001
$VBD_PUMP_AD_RATE_SURFACE,5
$VBD_PUMP_AD_RATE_APOGEE,4
$VBD_BLEED_AD_RATE,8
$UNCOM_BLEED,60
$VBD_MAXERRORS,1
$W_ADJ_DBAND,2
$DBDW,0
$PITCH_W_GAIN,0
$PITCH_W_DBAND,1
$CF8_MAXERRORS,5
$AH0_24V,145
$AH0_10V,95
$MINV_24V,19
$MINV_10V,8
$FG_AHR_10V,0
$FG_AHR_24V,0
$PHONE_SUPPLY,2
$PRESSURE_YINT,-13.51214
$PRESSURE_SLOPE,0.0001165895
$AD7714Ch0Gain,128
$TCM_PITCH_OFFSET,0
$TCM_ROLL_OFFSET,0
$COMPASS_USE,4
$ALTIM_BOTTOM_PING_RANGE,0
$ALTIM_TOP_PING_RANGE,20
$ALTIM_BOTTOM_TURN_MARGIN,25
$ALTIM_TOP_TURN_MARGIN,0
$ALTIM_TOP_MIN_OBSTACLE,1
$ALTIM_PING_DEPTH,60
$ALTIM_PING_DELTA,5
$ALTIM_FREQUENCY,13
$ALTIM_PULSE,3
$ALTIM_SENSITIVITY,4
$XPDR_VALID,5
$XPDR_INHIBIT,90
$INT_PRESSURE_SLOPE,0.0097660003
$INT_PRESSURE_YINT,-0.40000001
$DEEPGLIDER,0
$DEEPGLIDERMB,0
$MOTHERBOARD,4
$DEVICE1,2
$DEVICE2,101
$DEVICE3,38
$DEVICE4,-1
$DEVICE5,-1
$DEVICE6,-1
$LOGGERS,7
$LOGGERDEVICE1,-1
$LOGGERDEVICE2,-1
$LOGGERDEVICE3,-1
$LOGGERDEVICE4,-1
$COMPASS_DEVICE,33
$COMPASS2_DEVICE,-1
$PHONE_DEVICE,49
$GPS_DEVICE,32
$RAFOS_DEVICE,-1
$XPDR_DEVICE,24
$SIM_W,0
$SIM_PITCH,0
$SEABIRD_T_G,0.0043137739
$SEABIRD_T_H,0.00062868668
$SEABIRD_T_I,2.2691316e-05
$SEABIRD_T_J,2.2586789e-06
$SEABIRD_C_G,-10.021329
$SEABIRD_C_H,1.1236943
$SEABIRD_C_I,-0.0013673168
$SEABIRD_C_J,0.00018808816
$GPS1,290526,160233,4746.862,-12225.527,12,1.1,35,18.2
$_CALLS,5
$_XMS_NAKs,0
$_XMS_TOUTs,0
$_SM_DEPTHo,-5.52
$_SM_ANGLEo,-71.0
$GPS2,290526,161417,4747.030,-12225.478,14,1.1,14,18.2
$SPEED_LIMITS,0.173,0.272
$TGT_NAME,NORTH_175
$TGT_LATLONG,4750.320,-12225.910
$TGT_RADIUS,200.000
$KALMAN_CONTROL,0.023,0.271
$KALMAN_X,-27528.2,-17.2,144.7,26687.4,-261.3
$KALMAN_Y,25390.6,113.6,116.2,-31299.5,1202.5
$MHEAD_RNG_PITCHd_Wd,346.6,6116,-16.2,-10.000,-20.17,2231
$D_GRID,165
$GCHEAD,st_secs,pitch_ctl,vbd_ctl,pitch_ad_start,roll_ad_start,vbd_pot1_ad_start,vbd_pot2_ad_start,depth,ob_vertv,data_pts,end_secs,pitch_secs,roll_secs,vbd_secs,vbd_i,gcphase,pitch_i,roll_i,pitch_ad,roll_ad,vbd_ad,vbd_pot1_ad,vbd_pot2_ad,pitch_retries,pitch_errors,roll_retries,roll_errors,vbd_retries,vbd_errors,pitch_volts,roll_volts,vbd_volts
$STATE,14,end surface,CONTROL_FINISHED_OK
$STATE,14,begin dive
$GC,16,-0.72,-146.6,246,2029,702,608,0.0,0.0,0,104,0.00,0.00,-80.22,0.000,16390,0.000,0.000,246,2029,2935,3022,2848,0,0,0,0,0,0,28.83,28.83,26.53
$GC,107,-0.72,-146.6,246,2029,3022,2848,-0.2,-11.5,9,126,8.90,2.10,0.00,0.000,2564,0.229,0.034,2392,639,2936,3027,2846,0,0,0,0,0,0,24.91,26.00,28.83
$GC,433,-0.58,-146.6,2392,639,3037,2844,72.9,-18.0,41,443,0.15,2.03,0.00,0.000,3078,0.134,0.031,2430,2014,2940,3038,2843,0,0,0,0,0,0,25.75,26.15,28.83
$GC,472,-0.47,-146.6,2430,2014,3040,2842,79.6,-16.5,45,484,0.12,2.05,0.00,0.000,2564,0.158,0.026,2468,634,2940,3040,2841,0,0,0,0,0,0,26.07,26.16,28.83
$GC,499,-0.41,-146.6,1648,633,3008,2835,83.1,-14.9,47,507,0.05,2.12,0.00,0.000,3078,0.325,0.028,2485,2032,2940,3040,2841,0,0,0,0,0,0,23.89,26.17,28.83
$GC,537,-0.41,-146.6,2485,2032,3041,2841,87.4,-10.9,51,546,0.00,2.12,0.00,0.000,2308,0.000,0.041,2481,3438,2941,3042,2841,0,0,0,0,0,0,28.83,26.08,28.83
$GC,593,-0.41,-146.6,1664,3436,3017,2833,93.3,-11.0,56,601,0.00,2.08,0.00,0.000,3078,0.000,0.020,2480,2021,2942,3047,2838,0,0,0,0,0,0,28.83,26.19,28.83
$GC,631,-0.41,-146.6,2480,2020,3047,2837,97.8,-11.5,60,632,0.00,0.00,0.00,0.000,2054,0.000,0.000,2480,2019,2942,3047,2837,0,0,0,0,0,0,28.83,28.83,28.83
$GC,661,-0.41,-146.6,2480,2020,3047,2837,101.2,-11.2,63,670,0.00,2.17,0.00,0.000,2308,0.000,0.041,2478,3445,2942,3047,2837,0,0,0,0,0,0,28.83,26.08,28.83
$GC,704,-0.41,-146.6,2478,3444,3048,2837,106.2,-11.7,67,713,0.00,2.00,0.00,0.000,3078,0.000,0.019,2478,2021,2942,3048,2837,0,0,0,0,0,0,28.83,26.34,28.83
$GC,744,-0.41,-146.6,2477,2020,3048,2837,110.7,-11.4,71,745,0.00,0.00,0.00,0.000,2054,0.000,0.000,2477,2020,2942,3048,2837,0,0,0,0,0,0,28.83,28.83,28.83
$GC,773,-0.41,-146.6,2478,2020,3048,2837,114.2,-11.7,74,774,0.00,0.00,0.00,0.000,2054,0.000,0.000,2478,2020,2943,3049,2837,0,0,0,0,0,0,28.83,28.83,28.83
$GC,803,-0.41,-146.6,2478,2020,3048,2837,118.1,-12.6,77,804,0.00,0.00,0.00,0.000,2054,0.000,0.000,2478,2020,2942,3048,2836,0,0,0,0,0,0,28.83,28.83,28.83
$GC,833,-0.41,-146.6,2478,2020,3048,2836,122.0,-12.9,80,842,0.00,2.15,0.00,0.000,2308,0.000,0.042,2478,3434,2942,3048,2837,0,0,0,0,0,0,28.83,26.10,28.83
$GC,876,-0.41,-146.6,2478,3434,3049,2837,127.5,-13.2,84,885,0.00,2.00,0.00,0.000,3078,0.000,0.019,2478,2019,2943,3049,2837,0,0,0,0,0,0,28.83,26.35,28.83
$GC,916,-0.41,-146.6,2477,2019,3049,2836,132.6,-12.7,88,917,0.00,0.00,0.00,0.000,2054,0.000,0.000,2478,2019,2942,3049,2836,0,0,0,0,0,0,28.83,28.83,28.83
$GC,946,-0.41,-146.6,2477,2019,3049,2836,136.3,-12.5,91,947,0.00,0.00,0.00,0.000,2054,0.000,0.000,2478,2019,2942,3049,2836,0,0,0,0,0,0,28.83,28.83,28.83
$GC,980,-0.41,-146.6,2478,2018,3049,2836,140.0,-12.3,94,986,0.00,0.00,0.00,0.000,2054,0.000,0.000,2478,2018,2942,3049,2836,0,0,0,0,0,0,28.83,28.83,28.83
$GC,1016,-0.41,-146.6,2478,2018,3048,2836,144.9,-12.2,98,1025,0.00,2.17,0.00,0.000,2308,0.000,0.041,2478,3444,2942,3049,2836,0,0,0,0,0,0,28.83,26.11,28.83
$GC,1048,-0.41,-146.6,2478,3444,3049,2837,149.0,-12.5,101,1057,0.00,2.00,0.00,0.000,3078,0.000,0.019,2477,2029,2942,3049,2836,0,0,0,0,0,0,28.83,26.36,28.83
$GC,1088,-0.41,-146.6,2478,2029,3049,2836,153.5,-11.3,105,1089,0.00,0.00,0.00,0.000,2054,0.000,0.000,2478,2029,2942,3049,2836,0,0,0,0,0,0,28.83,28.83,28.83
$STATE,1117,end dive,BOTTOM_OBSTACLE_DETECTED
$STATE,1117,begin apogee
$GC,1121,-0.27,0.0,2478,2029,3049,2836,156.8,-11.2,108,1250,0.17,0.00,123.82,0.555,10246,0.132,0.000,2536,2029,2349,2441,2257,0,0,0,0,0,0,26.03,28.83,24.03
$STATE,1253,end apogee,CONTROL_FINISHED_OK
$STATE,1253,begin climb
$GC,1255,0.72,146.6,2536,2029,2440,2257,164.8,0.0,121,1379,0.98,0.00,116.38,0.543,10758,0.108,0.000,2848,2029,1766,1881,1652,0,0,0,0,0,0,25.13,28.83,24.06
$GC,1409,0.72,146.6,2848,2029,1879,1649,153.4,10.7,137,1410,0.00,0.00,0.00,0.000,2054,0.000,0.000,2848,2029,1764,1879,1650,0,0,0,0,0,0,28.83,28.83,28.83
$GC,1438,0.72,146.6,2848,2029,1878,1649,149.9,11.7,140,1447,0.00,2.17,0.00,0.000,2308,0.000,0.034,2848,3446,1763,1878,1648,0,0,0,0,0,0,28.83,25.66,28.83
$GC,1470,0.72,146.6,2848,3446,1878,1647,145.6,13.0,143,1479,0.00,2.05,0.00,0.000,1030,0.000,0.019,2855,2045,1762,1878,1647,0,0,0,0,0,0,28.83,25.84,28.83
$GC,1510,0.72,146.6,2855,2041,1877,1647,140.2,13.6,147,1511,0.00,0.00,0.00,0.000,6,0.000,0.000,2855,2041,1762,1878,1646,0,0,0,0,0,0,28.83,28.83,28.83
$GC,1540,0.72,146.6,2855,2041,1878,1646,136.3,13.1,150,1541,0.00,0.00,0.00,0.000,6,0.000,0.000,2855,2041,1762,1878,1646,0,0,0,0,0,0,28.83,28.83,28.83
$GC,1570,0.72,146.6,2855,2041,1878,1646,132.2,13.4,153,1571,0.00,0.00,0.00,0.000,6,0.000,0.000,2855,2042,1761,1877,1646,0,0,0,0,0,0,28.83,28.83,28.83
$GC,1600,0.72,146.6,2855,2041,1878,1646,128.4,13.1,156,1601,0.00,0.00,0.00,0.000,6,0.000,0.000,2855,2042,1762,1878,1646,0,0,0,0,0,0,28.83,28.83,28.83
$GC,1630,0.72,146.6,2855,2041,1878,1645,124.6,12.7,159,1639,0.00,2.10,0.00,0.000,260,0.000,0.034,2855,3439,1761,1878,1645,0,0,0,0,0,0,28.83,25.96,28.83
$GC,1672,0.67,146.6,2855,3439,1878,1645,118.7,14.2,163,1682,0.08,2.05,0.00,0.000,5126,0.192,0.020,2842,2024,1761,1877,1645,0,0,0,0,0,0,25.89,26.09,28.83
$GC,1712,0.67,146.6,2841,2023,1877,1645,113.8,12.2,167,1713,0.00,0.00,0.00,0.000,6,0.000,0.000,2842,2023,1761,1877,1645,0,0,0,0,0,0,28.83,28.83,28.83
$GC,1742,0.67,146.6,2841,2023,1878,1645,110.6,10.8,170,1743,0.00,0.00,0.00,0.000,6,0.000,0.000,2842,2024,1761,1877,1645,0,0,0,0,0,0,28.83,28.83,28.83
$GC,1772,0.67,146.6,2841,2023,1877,1644,107.4,10.6,173,1781,0.00,2.12,0.00,0.000,260,0.000,0.034,2842,3439,1760,1877,1644,0,0,0,0,0,0,28.83,26.04,28.83
$GC,1795,0.67,146.6,1984,3438,1839,1640,105.0,10.5,175,1803,0.00,2.08,0.00,0.000,5126,0.000,0.021,2842,2035,1760,1877,1644,0,0,0,0,0,0,28.83,26.20,28.83
$GC,1834,0.67,146.6,2842,2031,1877,1644,100.7,10.9,179,1835,0.00,0.00,0.00,0.000,6,0.000,0.000,2842,2031,1760,1877,1644,0,0,0,0,0,0,28.83,28.83,28.83
$GC,1863,0.67,146.6,2841,2031,1877,1644,97.6,10.0,182,1864,0.00,0.00,0.00,0.000,6,0.000,0.000,2842,2031,1760,1877,1644,0,0,0,0,0,0,28.83,28.83,28.83
$GC,1893,0.67,146.6,2842,2031,1877,1644,94.7,9.8,185,1894,0.00,0.00,0.00,0.000,6,0.000,0.000,2842,2031,1761,1878,1644,0,0,0,0,0,0,28.83,28.83,28.83
$GC,1923,0.67,146.6,2841,2031,1877,1644,92.0,9.2,188,1933,0.00,2.12,0.00,0.000,260,0.000,0.034,2842,3452,1760,1877,1644,0,0,0,0,0,0,28.83,26.10,28.83
$GC,1956,0.67,146.6,2841,3452,1877,1644,88.9,9.8,191,1965,0.00,2.08,0.00,0.000,1030,0.000,0.020,2842,2014,1760,1877,1644,0,0,0,0,0,0,28.83,26.22,28.83
$GC,1995,0.67,146.6,2842,2012,1877,1644,85.6,8.2,195,1996,0.00,0.00,0.00,0.000,6,0.000,0.000,2842,2012,1760,1877,1644,0,0,0,0,0,0,28.83,28.83,28.83
$GC,2026,0.75,213.5,2842,2011,1877,1644,83.6,6.9,198,2086,0.08,2.22,53.10,0.501,10500,0.124,0.031,2883,3448,1497,1617,1378,0,0,0,0,0,0,26.40,25.67,24.36
$GC,2123,0.68,213.5,1968,3447,1585,1371,74.8,10.8,207,2131,0.17,2.12,0.00,0.000,5126,0.146,0.024,2847,2021,1495,1616,1374,0,0,0,0,0,0,25.48,25.85,28.83
$GC,2160,0.68,213.5,2847,2017,1616,1372,71.3,8.8,211,2161,0.00,0.00,0.00,0.000,4102,0.000,0.000,2847,2016,1493,1616,1371,0,0,0,0,0,0,28.83,28.83,28.83
$GC,2190,0.78,295.5,2847,2016,1616,1371,69.5,6.2,214,2260,0.10,2.22,62.28,0.489,10500,0.097,0.033,2895,3446,1171,1290,1053,0,0,0,0,0,0,26.07,25.46,24.25
$GC,2284,0.78,295.5,2895,3446,1290,1049,59.9,12.0,223,2293,0.08,2.12,0.00,0.000,5126,0.193,0.021,2881,2029,1169,1290,1048,0,0,0,0,0,0,25.49,25.70,28.83
$GC,2323,0.78,295.5,2881,2025,1290,1047,55.4,11.0,227,2325,0.00,0.00,0.00,0.000,4102,0.000,0.000,2882,2025,1168,1290,1046,0,0,0,0,0,0,28.83,28.83,28.83
$GC,2353,0.78,295.5,2881,2025,1290,1046,52.3,10.3,230,2362,0.00,2.17,0.00,0.000,4356,0.000,0.034,2881,3450,1168,1291,1046,0,0,0,0,0,0,28.83,25.79,28.83
$GC,2375,0.78,295.5,2881,3450,1290,1045,49.9,10.5,232,2379,0.00,2.10,0.00,0.000,5126,0.000,0.021,2882,2031,1167,1290,1045,0,0,0,0,0,0,28.83,25.91,28.83
$GC,2417,0.78,295.5,2882,2026,1290,1045,45.5,10.9,236,2418,0.00,0.00,0.00,0.000,4102,0.000,0.000,2882,2026,1167,1290,1045,0,0,0,0,0,0,28.83,28.83,28.83
$GC,2447,0.78,295.5,2882,2026,1290,1044,42.8,9.2,239,2448,0.00,0.00,0.00,0.000,4102,0.000,0.000,2882,2026,1167,1290,1044,0,0,0,0,0,0,28.83,28.83,28.83
$GC,2477,0.78,295.5,2882,2026,1290,1044,39.6,10.2,242,2478,0.00,0.00,0.00,0.000,4102,0.000,0.000,2882,2026,1167,1290,1044,0,0,0,0,0,0,28.83,28.83,28.83
$GC,2507,0.78,295.5,2882,2026,1290,1044,36.6,10.0,245,2508,0.00,0.00,0.00,0.000,4102,0.000,0.000,2882,2027,1166,1290,1043,0,0,0,0,0,0,28.83,28.83,28.83
$GC,2537,0.78,295.5,2882,2026,1291,1043,33.8,9.6,248,2538,0.00,0.00,0.00,0.000,4102,0.000,0.000,2882,2027,1166,1290,1043,0,0,0,0,0,0,28.83,28.83,28.83
$GC,2567,0.78,295.5,2882,2026,1290,1043,30.6,10.4,251,2576,0.00,2.12,0.00,0.000,4356,0.000,0.034,2882,3439,1166,1290,1043,0,0,0,0,0,0,28.83,26.01,28.83
$GC,2588,0.78,295.5,2882,3439,1289,1043,28.0,11.0,253,2597,0.00,2.05,0.00,0.000,5126,0.000,0.021,2882,2029,1165,1289,1042,0,0,0,0,0,0,28.83,26.12,28.83
$GC,2629,0.78,295.5,2882,2025,1289,1042,22.4,14.1,257,2638,0.00,2.12,0.00,0.000,4612,0.000,0.035,2882,629,1165,1289,1041,0,0,0,0,0,0,28.83,26.02,28.83
$GC,2643,0.78,295.5,2881,629,1289,1040,21.1,14.5,258,2651,0.00,2.12,0.00,0.000,5126,0.000,0.027,2882,2046,1163,1287,1040,0,0,0,0,0,0,28.83,26.10,28.83
$GC,2680,0.78,295.5,2882,2046,1288,1040,14.8,14.5,262,2690,0.00,2.10,0.00,0.000,4356,0.000,0.035,2882,3443,1163,1287,1040,0,0,0,0,0,0,28.83,26.06,28.83
$GC,2725,0.78,295.5,2881,3443,1287,1040,9.2,13.4,266,2732,0.00,2.12,0.00,0.000,5126,0.000,0.025,2882,2021,1163,1287,1040,0,0,0,0,0,0,28.83,26.17,28.83
$GC,2763,0.88,376.2,2882,2017,1287,1040,6.7,6.3,270,2824,0.08,0.00,57.08,0.454,10754,0.122,0.000,2923,2016,862,969,755,0,0,0,0,0,0,26.34,28.83,28.83
$STATE,2825,end climb,SURFACE_DEPTH_REACHED
$STATE,2825,begin surface coast
$FINISH,-1.0,1.021614
$STATE,2862,end surface coast,CONTROL_FINISHED_OK
$STATE,2862,begin surface
$SM_CCo,2878,82.43,0.405,1,0,465,473.51
$SM_GC,-5.59,7.60,0.00,82.43,0.064,0.000,0.405,244,2016,465,-7.38,-0.40,473.51,0,0,0,0,1,0,25.73,28.83,24.28
$IRIDIUM_FIX,4729.30,-12218.68,190608,010152
$TT8_MAMPS,0.027713,0.027713
$HUMID,42.71
$INTERNAL_PRESSURE,8.14525
$TCM_TEMP,17.50
$XPDR_PINGS,112
$ALTIM_TOP_PING,19.3,999.0
$ALTIM_BOTTOM_PING,140.0,41.0
$24V_AH,23.9,39.562
$10V_AH,10.0,18.576
$FG_AHR_24Vo,0.000
$FG_AHR_10Vo,0.000
$DEVICES,Pitch_motor,Roll_motor,VBD_pump_during_apogee,VBD_pump_during_surface,VBD_valve,Iridium_during_init,Iridium_during_connect,Iridium_during_xfer,Transponder_ping,GUMSTIX_24V,GPS,TT8,LPSleep,TT8_Active,TT8_Sampling,TT8_CF8,TT8_Kalman,Analog_circuits,GPS_charging,Compass,RAFOS,Transponder,Compass2
$DEVICE_SECS,18.550,67.400,412.650,82.425,0.000,122.804,222.810,0.000,32.750,0.000,17.309,736.424,1085.260,586.441,1117.492,154.594,33.229,1125.722,0.000,733.562,0.000,32.585,0.000
$DEVICE_MAMPS,325.125,42.075,555.390,404.685,0.000,43.600,160.000,0.000,420.000,0.000,28.460,13.960,2.190,13.960,37.930,44.670,61.150,16.000,0.000,15.730,0.000,30.000,0.000
$SENSORS,SBE_CT,AA4330,WL_BB2FLVMG,nil,nil,nil,nil,nil,nil,nil
$SENSOR_SECS,186.279,367.131,482.509,0.000,0.000,0.000,0.000,0.000,0.000,0.000
$SENSOR_MAMPS,23.220,33.000,105.000,0.000,0.000,0.000,0.000,0.000,0.000,0.000
$MEM,354684
$DATA_FILE_SIZE,20356,280
$CAP_FILE_SIZE,85307,0
$CFSIZE,260165632,248573952
$ERRORS,0,0,0,0,0,0,0,0,0,0,0,0,0,1,0,0
$GPS,290526,170534,4747.753,-12225.596,8,1.3,14,18.2
