version: 66.11
glider: 175
mission: 11
dive: 168
start: 5 28 126 7 4 55
data:
$ID,175
$MISSION,11
$DIVE,168
$N_DIVES,0
$D_SURF,3
$D_FLARE,3
$D_TGT,300
$D_ABORT,1090
$D_NO_BLEED,50
$D_BOOST,3
$T_BOOST,0
$D_FINISH,0
$D_PITCH,0
$D_SAFE,0
$D_CALL,0
$SURFACE_URGENCY,0
$SURFACE_URGENCY_TRY,0
$SURFACE_URGENCY_FORCE,0
$T_DIVE,65
$T_MISSION,100
$T_ABORT,1440
$T_TURN,300
$T_TURN_SAMPINT,5
$T_NO_W,120
$T_LOITER,0
$T_EPIRB,0
$USE_BATHY,0
$USE_ICE,0
$ICE_FREEZE_MARGIN,0.30000001
$D_OFFGRID,100
$T_WATCHDOG,10
$RELAUNCH,1
$APOGEE_PITCH,-8
$MAX_BUOY,150
$COURSE_BIAS,0
$GLIDE_SLOPE,30
$SPEED_FACTOR,1
$RHO,1.0235
$MASS,51878
$MASS_COMP,0
$NAV_MODE,2
$FERRY_MAX,45
$KALMAN_USE,2
$HD_A,0.0024900001
$HD_B,0.0091000004
$HD_C,5.7000002e-06
$HEADING,-1
$ESCAPE_HEADING,0
$ESCAPE_HEADING_DELTA,10
$FIX_MISSING_TIMEOUT,0
$TGT_DEFAULT_LAT,47.766998
$TGT_DEFAULT_LON,-122.413
$TGT_AUTO_DEFAULT,0
$SM_CC,423.31998
$N_FILEKB,4
$FILEMGR,0
$CALL_NDIVES,1
$COMM_SEQ,0
$PROTOCOL,9
$N_NOCOMM,1
$NOCOMM_ACTION,0
$N_NOSURFACE,0
$UPLOAD_DIVES_MAX,-1
$CALL_TRIES,5
$CALL_WAIT,60
$CAPUPLOAD,1
$CAPMAXSIZE,200000
$HEAPDBG,0
$T_GPS,15
$N_GPS,30
$T_GPS_ALMANAC,0
$T_GPS_CHARGE,-38864.047
$T_RSLEEP,2
$STROBE,0
$RAFOS_PEAK_OFFSET,1.5
$RAFOS_CORR_THRESH,60
$RAFOS_HIT_WINDOW,3600
$PITCH_MIN,255
$PITCH_MAX,3935
$C_PITCH,2626
$PITCH_DBAND,0.0099999998
$PITCH_CNV,0.003125763
$P_OVSHOOT,0.039999999
$PITCH_GAIN,30
$PITCH_TIMEOUT,17
$PITCH_AD_RATE,160
$PITCH_MAXERRORS,1
$PITCH_ADJ_GAIN,0.02
$PITCH_ADJ_DBAND,2.5
$ROLL_MIN,171
$ROLL_MAX,3723
$ROLL_DEG,40
$C_ROLL_DIVE,2030
$C_ROLL_CLIMB,2030
$HEAD_ERRBAND,10
$ROLL_CNV,0.028270001
$ROLL_TIMEOUT,15
$R_PORT_OVSHOOT,65
$R_STBD_OVSHOOT,48
$ROLL_AD_RATE,300
$ROLL_MAXERRORS,2
$ROLL_ADJ_GAIN,0
$ROLL_ADJ_DBAND,0
$VBD_MIN,465
$VBD_MAX,3960
$C_VBD,2350
$VBD_DBAND,2
$VBD_CNV,-0.25119999
$VBD_TIMEOUT,720
$PITCH_VBD_SHIFT,0.0012300001
$VBD_PUMP_AD_RATE_SURFACE,5
$VBD_PUMP_AD_RATE_APOGEE,4
$VBD_BLEED_AD_RATE,8
$UNCOM_BLEED,60
$VBD_MAXERRORS,1
$W_ADJ_DBAND,2
$DBDW,0
$PITCH_W_GAIN,0
$PITCH_W_DBAND,1
$CF8_MAXERRORS,5
$AH0_24V,145
$AH0_10V,95
$MINV_24V,19
$MINV_10V,8
$FG_AHR_10V,0
$FG_AHR_24V,0
$PHONE_SUPPLY,2
$PRESSURE_YINT,-13.51214
$PRESSURE_SLOPE,0.0001165895
$AD7714Ch0Gain,128
$TCM_PITCH_OFFSET,0
$TCM_ROLL_OFFSET,0
$COMPASS_USE,4
$ALTIM_BOTTOM_PING_RANGE,0
$ALTIM_TOP_PING_RANGE,20
$ALTIM_BOTTOM_TURN_MARGIN,25
$ALTIM_TOP_TURN_MARGIN,0
$ALTIM_TOP_MIN_OBSTACLE,1
$ALTIM_PING_DEPTH,60
$ALTIM_PING_DELTA,5
$ALTIM_FREQUENCY,13
$ALTIM_PULSE,3
$ALTIM_SENSITIVITY,4
$XPDR_VALID,5
$XPDR_INHIBIT,90
$INT_PRESSURE_SLOPE,0.0097660003
$INT_PRESSURE_YINT,-0.40000001
$DEEPGLIDER,0
$DEEPGLIDERMB,0
$MOTHERBOARD,4
$DEVICE1,2
$DEVICE2,101
$DEVICE3,38
$DEVICE4,-1
$DEVICE5,-1
$DEVICE6,-1
$LOGGERS,7
$LOGGERDEVICE1,-1
$LOGGERDEVICE2,-1
$LOGGERDEVICE3,-1
$LOGGERDEVICE4,-1
$COMPASS_DEVICE,33
$COMPASS2_DEVICE,-1
$PHONE_DEVICE,49
$GPS_DEVICE,32
$RAFOS_DEVICE,-1
$XPDR_DEVICE,24
$SIM_W,0
$SIM_PITCH,0
$SEABIRD_T_G,0.0043137739
$SEABIRD_T_H,0.00062868668
$SEABIRD_T_I,2.2691316e-05
$SEABIRD_T_J,2.2586789e-06
$SEABIRD_C_G,-10.021329
$SEABIRD_C_H,1.1236943
$SEABIRD_C_I,-0.0013673168
$SEABIRD_C_J,0.00018808816
$GPS1,280526,065916,4748.667,-12225.690,6,1.5,6,18.2
$_CALLS,1
$_XMS_NAKs,0
$_XMS_TOUTs,0
$_SM_DEPTHo,-5.99
$_SM_ANGLEo,-70.2
$GPS2,280526,070429,4748.647,-12225.743,13,1.5,13,18.2
$SPEED_LIMITS,0.266,0.310
$TGT_NAME,NORTH_175
$TGT_LATLONG,4750.320,-12225.910
$TGT_RADIUS,200.000
$KALMAN_CONTROL,-0.308,-0.036
$KALMAN_X,-26399.6,2731.3,-3312.9,27789.1,960.1
$KALMAN_Y,21105.2,-3854.7,5287.3,-26076.4,2417.0
$MHEAD_RNG_PITCHd_Wd,347.5,3105,-23.7,-15.385,-26.38,1456
$D_GRID,300
$GCHEAD,st_secs,pitch_ctl,vbd_ctl,pitch_ad_start,roll_ad_start,vbd_pot1_ad_start,vbd_pot2_ad_start,depth,ob_vertv,data_pts,end_secs,pitch_secs,roll_secs,vbd_secs,vbd_i,gcphase,pitch_i,roll_i,pitch_ad,roll_ad,vbd_ad,vbd_pot1_ad,vbd_pot2_ad,pitch_retries,pitch_errors,roll_retries,roll_errors,vbd_retries,vbd_errors,pitch_volts,roll_volts,vbd_volts
$STATE,14,end surface,CONTROL_FINISHED_OK
$STATE,14,begin dive
$GC,16,-0.97,-146.6,240,2004,698,610,0.0,0.0,0,105,0.00,0.00,-82.05,0.000,16390,0.000,0.000,239,2004,2934,3020,2849,0,0,0,0,0,0,28.83,28.83,25.51
$GC,108,-0.97,-146.6,240,2004,3020,2850,-1.8,-8.6,9,127,8.40,2.20,0.00,0.000,2308,0.222,0.041,2295,3433,2939,3029,2850,0,0,0,0,0,0,25.02,25.88,28.83
$GC,213,-0.70,-146.6,2295,3432,3040,2844,32.4,-29.4,19,221,0.38,2.08,0.00,0.000,3078,0.171,0.024,2397,2011,2942,3041,2844,0,0,0,0,0,0,25.39,26.13,28.83
$GC,251,-0.54,-146.6,2397,2011,3044,2842,41.5,-22.9,23,253,0.20,0.00,0.00,0.000,2054,0.155,0.000,2451,2010,2943,3044,2842,0,0,0,0,0,0,25.75,28.83,28.83
$GC,281,-0.54,-146.6,2451,2010,3045,2842,46.9,-17.8,26,282,0.00,0.00,0.00,0.000,2054,0.000,0.000,2451,2010,2943,3046,2841,0,0,0,0,0,0,28.83,28.83,28.83
$GC,311,-0.54,-146.6,2451,2010,3046,2841,51.6,-15.9,29,312,0.00,0.00,0.00,0.000,2054,0.000,0.000,2451,2010,2943,3046,2841,0,0,0,0,0,0,28.83,28.83,28.83
$GC,341,-0.59,-146.6,2451,2010,3046,2841,55.9,-14.8,32,342,0.00,0.00,0.00,0.000,4102,0.000,0.000,2451,2010,2943,3046,2841,0,0,0,0,0,0,28.83,28.83,28.83
$GC,374,-0.65,-146.6,2451,2010,3046,2841,60.3,-14.4,35,381,0.12,0.00,0.00,0.000,4102,0.093,0.000,2391,2010,2943,3046,2840,0,0,0,0,0,0,26.26,28.83,28.83
$GC,412,-0.65,-146.6,2391,2010,3045,2840,66.7,-16.0,39,419,0.10,0.00,0.00,0.000,2054,0.181,0.000,2413,2010,2942,3045,2839,0,0,0,0,0,0,26.09,28.83,28.83
$GC,451,-0.65,-146.6,2413,2010,3046,2840,73.9,-17.8,43,461,0.00,2.17,0.00,0.000,2308,0.000,0.045,2410,3425,2943,3046,2840,0,0,0,0,0,0,28.83,26.05,28.83
$GC,497,-0.65,-146.6,2410,3425,3046,2840,81.6,-17.9,47,505,0.00,1.98,0.00,0.000,3078,0.000,0.021,2410,2041,2943,3046,2840,0,0,0,0,0,0,28.83,26.26,28.83
$GC,536,-0.65,-146.6,2410,2040,3046,2839,88.2,-16.6,51,545,0.00,2.05,0.00,0.000,2564,0.000,0.031,2410,651,2942,3046,2838,0,0,0,0,0,0,28.83,26.17,28.83
$GC,570,-0.65,-146.6,1616,650,3015,2832,93.9,-16.4,54,580,0.00,2.10,0.00,0.000,3078,0.000,0.031,2408,2025,2942,3046,2838,0,0,0,0,0,0,28.83,26.17,28.83
$GC,609,-0.65,-146.6,2408,2025,3046,2838,100.3,-16.0,58,619,0.00,2.15,0.00,0.000,2308,0.000,0.044,2408,3444,2942,3046,2838,0,0,0,0,0,0,28.83,26.08,28.83
$GC,643,-0.65,-146.6,2408,3445,3046,2838,105.7,-16.4,61,652,0.00,2.00,0.00,0.000,3078,0.000,0.021,2408,2028,2942,3046,2838,0,0,0,0,0,0,28.83,26.31,28.83
$GC,682,-0.65,-146.6,2408,2027,3046,2838,111.9,-15.4,65,683,0.00,0.00,0.00,0.000,2054,0.000,0.000,2408,2027,2942,3046,2838,0,0,0,0,0,0,28.83,28.83,28.83
$GC,712,-0.65,-146.6,2408,2027,3046,2838,116.6,-15.8,68,721,0.00,2.05,0.00,0.000,2564,0.000,0.031,2408,649,2941,3046,2837,0,0,0,0,0,0,28.83,26.20,28.83
$GC,746,-0.65,-146.6,2408,649,3046,2837,121.9,-16.4,71,755,0.00,2.05,0.00,0.000,3078,0.000,0.031,2408,2036,2941,3046,2837,0,0,0,0,0,0,28.83,26.23,28.83
$GC,786,-0.65,-146.6,2408,2036,3046,2837,127.9,-14.9,75,795,0.00,2.10,0.00,0.000,2308,0.000,0.044,2408,3428,2941,3046,2837,0,0,0,0,0,0,28.83,26.11,28.83
$GC,854,-0.65,-146.6,1616,3427,3017,2832,138.5,-15.3,81,862,0.00,2.05,0.00,0.000,3078,0.000,0.022,2408,2030,2942,3046,2838,0,0,0,0,0,0,28.83,25.59,28.83
$GC,893,-0.65,-146.6,2408,2027,3046,2837,144.5,-14.9,85,903,0.00,2.05,0.00,0.000,2564,0.000,0.031,2408,649,2941,3046,2837,0,0,0,0,0,0,28.83,26.22,28.83
$GC,926,-0.65,-146.6,2408,649,3046,2836,149.7,-15.6,88,930,0.00,2.10,0.00,0.000,3078,0.000,0.034,2408,2039,2941,3046,2836,0,0,0,0,0,0,28.83,26.14,28.83
$GC,972,-0.65,-146.6,2408,2039,3046,2836,156.0,-14.8,92,978,0.00,0.00,0.00,0.000,2054,0.000,0.000,2408,2039,2941,3046,2836,0,0,0,0,0,0,28.83,28.83,28.83
$GC,1008,-0.65,-146.6,2408,2039,3046,2836,162.1,-15.2,96,1009,0.00,0.00,0.00,0.000,2054,0.000,0.000,2407,2039,2941,3046,2836,0,0,0,0,0,0,28.83,28.83,28.83
$GC,1041,-0.65,-146.6,2408,2039,3046,2836,166.4,-14.4,99,1047,0.00,0.00,0.00,0.000,2054,0.000,0.000,2408,2039,2941,3046,2836,0,0,0,0,0,0,28.83,28.83,28.83
$GC,1078,-0.65,-146.6,2408,2039,3046,2836,172.5,-15.0,103,1087,0.00,2.08,0.00,0.000,2308,0.000,0.041,2408,3432,2942,3048,2837,0,0,0,0,0,0,28.83,26.15,28.83
$STATE,1250,end dive,NO_VERTICAL_VELOCITY
$STATE,1250,begin apogee
$GC,1257,-0.27,0.0,2408,2006,3049,2837,173.4,0.0,120,1391,0.38,0.00,124.57,0.568,10246,0.083,0.000,2542,2005,2349,2438,2260,0,0,0,0,0,0,26.10,28.83,24.07
$STATE,1393,end apogee,CONTROL_FINISHED_OK
$STATE,1393,begin climb
$GC,1395,0.97,146.6,2542,2005,2436,2259,173.3,0.0,134,1522,1.25,2.28,117.28,0.553,10500,0.122,0.033,2927,3445,1764,1872,1656,0,0,0,0,0,0,25.12,25.29,24.08
$GC,1587,0.97,146.6,2927,3445,1871,1652,153.5,16.2,153,1597,0.00,2.08,0.00,0.000,1030,0.000,0.020,2937,2041,1761,1871,1651,0,0,0,0,0,0,28.83,25.77,28.83
$GC,1628,0.97,146.6,2937,2037,1872,1650,147.0,16.1,157,1637,0.00,2.12,0.00,0.000,516,0.000,0.031,2948,628,1760,1870,1650,0,0,0,0,0,0,28.83,25.81,28.83
$GC,1641,0.97,146.6,2947,628,1868,1650,145.8,15.8,158,1649,0.00,2.15,0.00,0.000,5126,0.000,0.024,2948,2036,1759,1868,1650,0,0,0,0,0,0,28.83,25.84,28.83
$GC,1679,0.97,146.6,2947,2036,1867,1650,138.8,16.0,162,1688,0.00,2.12,0.00,0.000,4356,0.000,0.034,2948,3433,1758,1867,1650,0,0,0,0,0,0,28.83,25.88,28.83
$GC,1724,0.97,146.6,2948,3433,1867,1650,130.9,18.7,166,1732,0.08,2.10,0.00,0.000,5126,0.215,0.022,2945,2017,1758,1867,1650,0,0,0,0,0,0,25.75,25.98,28.83
$GC,1762,0.97,146.6,2944,2012,1867,1650,123.7,18.4,170,1763,0.00,0.00,0.00,0.000,4102,0.000,0.000,2944,2012,1758,1867,1650,0,0,0,0,0,0,28.83,28.83,28.83
$GC,1792,0.97,146.6,2944,2012,1867,1650,118.8,16.2,173,1801,0.00,2.17,0.00,0.000,4356,0.000,0.034,2944,3439,1758,1867,1650,0,0,0,0,0,0,28.83,25.99,28.83
$GC,1836,0.97,146.6,2080,3437,1829,1645,111.0,18.4,177,1844,0.00,2.10,0.00,0.000,5126,0.000,0.021,2950,2036,1758,1867,1650,0,0,0,0,0,0,28.83,26.11,28.83
$GC,1874,0.97,146.6,2950,2032,1867,1650,103.6,18.6,181,1875,0.00,0.00,0.00,0.000,4102,0.000,0.000,2950,2032,1758,1867,1649,0,0,0,0,0,0,28.83,28.83,28.83
$GC,1905,0.97,146.6,2950,2032,1867,1649,98.1,17.7,184,1906,0.00,0.00,0.00,0.000,4102,0.000,0.000,2950,2032,1758,1867,1650,0,0,0,0,0,0,28.83,28.83,28.83
$GC,1934,0.97,146.6,2950,2032,1867,1649,93.2,16.9,187,1944,0.00,2.12,0.00,0.000,4356,0.000,0.034,2950,3436,1758,1867,1649,0,0,0,0,0,0,28.83,26.08,28.83
$GC,1959,0.97,146.6,2080,3435,1828,1644,89.0,17.6,189,1967,0.05,2.10,0.00,0.000,5126,0.354,0.020,2947,2024,1758,1867,1649,0,0,0,0,0,0,23.93,26.19,28.83
$GC,1997,0.97,146.6,2947,2019,1867,1649,81.9,18.2,193,2006,0.00,2.15,0.00,0.000,4356,0.000,0.034,2947,3438,1758,1867,1649,0,0,0,0,0,0,28.83,26.10,28.83
$GC,2019,0.97,146.6,2946,3437,1867,1649,78.1,16.8,195,2029,0.00,2.05,0.00,0.000,5126,0.000,0.021,2951,2031,1758,1867,1649,0,0,0,0,0,0,28.83,26.19,28.83
$GC,2059,0.97,146.6,2951,2027,1867,1649,71.2,17.5,199,2060,0.00,0.00,0.00,0.000,4102,0.000,0.000,2951,2027,1758,1867,1649,0,0,0,0,0,0,28.83,28.83,28.83
$GC,2089,0.97,146.6,2950,2027,1867,1649,66.4,16.0,202,2090,0.00,0.00,0.00,0.000,4102,0.000,0.000,2951,2027,1758,1867,1649,0,0,0,0,0,0,28.83,28.83,28.83
$GC,2119,0.97,146.6,2951,2026,1867,1649,61.9,15.3,205,2128,0.00,2.12,0.00,0.000,4356,0.000,0.034,2951,3433,1758,1867,1649,0,0,0,0,0,0,28.83,26.14,28.83
$GC,2143,0.97,146.6,2080,3432,1828,1644,58.4,15.3,207,2152,0.05,2.08,0.00,0.000,5126,0.361,0.019,2948,2025,1758,1867,1649,0,0,0,0,0,0,23.96,26.26,28.83
$GC,2181,0.97,146.6,2948,2021,1866,1650,52.0,16.0,211,2182,0.00,0.00,0.00,0.000,4102,0.000,0.000,2948,2021,1758,1867,1649,0,0,0,0,0,0,28.83,28.83,28.83
$GC,2212,0.97,146.6,2947,2021,1867,1649,47.5,15.1,214,2213,0.00,0.00,0.00,0.000,4102,0.000,0.000,2948,2021,1758,1867,1649,0,0,0,0,0,0,28.83,28.83,28.83
$GC,2241,0.97,146.6,2948,2021,1867,1649,43.2,14.4,217,2242,0.00,0.00,0.00,0.000,4102,0.000,0.000,2948,2021,1758,1867,1649,0,0,0,0,0,0,28.83,28.83,28.83
$GC,2272,0.97,146.6,2947,2021,1867,1649,38.8,14.6,220,2273,0.00,0.00,0.00,0.000,4102,0.000,0.000,2948,2021,1758,1867,1649,0,0,0,0,0,0,28.83,28.83,28.83
$GC,2301,0.97,146.6,2948,2021,1867,1650,34.2,15.3,223,2311,0.00,2.15,0.00,0.000,4356,0.000,0.034,2948,3445,1757,1866,1649,0,0,0,0,0,0,28.83,26.17,28.83
$GC,2334,0.97,146.6,2947,3445,1866,1649,28.4,17.2,226,2343,0.00,2.05,0.00,0.000,5126,0.000,0.021,2951,2031,1758,1867,1649,0,0,0,0,0,0,28.83,26.27,28.83
$GC,2374,0.97,146.6,2950,2026,1867,1649,21.6,16.9,230,2375,0.00,0.00,0.00,0.000,4102,0.000,0.000,2951,2026,1758,1867,1649,0,0,0,0,0,0,28.83,28.83,28.83
$GC,2404,0.97,146.6,2950,2026,1867,1648,17.0,15.7,233,2413,0.00,2.12,0.00,0.000,4356,0.000,0.034,2951,3433,1757,1866,1648,0,0,0,0,0,0,28.83,26.18,28.83
$GC,2436,0.97,146.6,2950,3434,1866,1649,11.8,15.7,236,2446,0.10,2.05,0.00,0.000,5126,0.199,0.019,2939,2023,1758,1867,1649,0,0,0,0,0,0,25.96,26.31,28.83
$GC,2476,0.97,146.6,2939,2019,1866,1649,6.1,14.6,240,2477,0.00,0.00,0.00,0.000,6,0.000,0.000,2939,2019,1757,1866,1649,0,0,0,0,0,0,28.83,28.83,28.83
$STATE,2504,end climb,SURFACE_DEPTH_REACHED
$STATE,2504,begin surface coast
$FINISH,-0.8,1.022099
$STATE,2525,end surface coast,CONTROL_FINISHED_OK
$STATE,2525,begin surface
$SM_CCo,2541,209.02,0.437,1,0,663,423.52
$SM_GC,-5.98,7.65,0.00,209.02,0.074,0.000,0.437,247,2019,663,-7.37,-0.31,423.52,0,0,0,0,1,0,26.19,28.83,24.26
$IRIDIUM_FIX,4729.30,-12221.39,170608,151540
$TT8_MAMPS,0.026964,0.026964
$HUMID,42.28
$INTERNAL_PRESSURE,8.15502
$TCM_TEMP,17.60
$XPDR_PINGS,94
$ALTIM_TOP_PING,20.0,26.0
$24V_AH,23.9,36.586
$10V_AH,10.0,17.001
$FG_AHR_24Vo,0.000
$FG_AHR_10Vo,0.000
$DEVICES,Pitch_motor,Roll_motor,VBD_pump_during_apogee,VBD_pump_during_surface,VBD_valve,Iridium_during_init,Iridium_during_connect,Iridium_during_xfer,Transponder_ping,GUMSTIX_24V,GPS,TT8,LPSleep,TT8_Active,TT8_Sampling,TT8_CF8,TT8_Kalman,Analog_circuits,GPS_charging,Compass,RAFOS,Transponder,Compass2
$DEVICE_SECS,18.750,71.400,241.850,209.025,0.000,25.861,20.919,158.495,30.250,0.000,16.425,705.888,735.249,596.342,905.520,141.607,0.000,1085.718,0.000,665.029,0.000,46.213,0.000
$DEVICE_MAMPS,361.080,45.135,567.630,436.815,0.000,43.600,160.000,223.000,420.000,0.000,28.460,13.960,2.190,13.960,37.930,44.670,0.000,16.000,0.000,15.730,0.000,30.000,0.000
$SENSORS,SBE_CT,AA4330,WL_BB2FLVMG,nil,nil,nil,nil,nil,nil,nil
$SENSOR_SECS,162.898,321.356,430.800,0.000,0.000,0.000,0.000,0.000,0.000,0.000
$SENSOR_MAMPS,23.220,33.000,105.000,0.000,0.000,0.000,0.000,0.000,0.000,0.000
$MEM,354532
$DATA_FILE_SIZE,16999,245
$CAP_FILE_SIZE,79597,0
$CFSIZE,260165632,250109952
$ERRORS,0,0,0,0,0,0,0,0,0,0,0,0,0,1,0,0
$CURRENT,0.113,196.2,1
$GPS,280526,075141,4748.831,-12225.777,11,1.9,11,18.2
