version: 66.11
glider: 175
mission: 11
dive: 236
start: 5 31 126 0 56 10
data:
$ID,175
$MISSION,11
$DIVE,236
$N_DIVES,0
$D_SURF,3
$D_FLARE,3
$D_TGT,165
$D_ABORT,1090
$D_NO_BLEED,50
$D_BOOST,3
$T_BOOST,0
$D_FINISH,0
$D_PITCH,0
$D_SAFE,0
$D_CALL,0
$SURFACE_URGENCY,0
$SURFACE_URGENCY_TRY,0
$SURFACE_URGENCY_FORCE,0
$T_DIVE,55
$T_MISSION,70
$T_ABORT,1440
$T_TURN,300
$T_TURN_SAMPINT,5
$T_NO_W,120
$T_LOITER,0
$T_EPIRB,0
$USE_BATHY,0
$USE_ICE,0
$ICE_FREEZE_MARGIN,0.30000001
$D_OFFGRID,100
$T_WATCHDOG,10
$RELAUNCH,1
$APOGEE_PITCH,-8
$MAX_BUOY,150
$COURSE_BIAS,0
$GLIDE_SLOPE,30
$SPEED_FACTOR,1
$RHO,1.0235
$MASS,51878
$MASS_COMP,0
$NAV_MODE,1
$FERRY_MAX,45
$KALMAN_USE,1
$HD_A,0.0024900001
$HD_B,0.0091000004
$HD_C,5.7000002e-06
$HEADING,-1
$ESCAPE_HEADING,0
$ESCAPE_HEADING_DELTA,10
$FIX_MISSING_TIMEOUT,0
$TGT_DEFAULT_LAT,47.766998
$TGT_DEFAULT_LON,-122.413
$TGT_AUTO_DEFAULT,0
$SM_CC,473.51199
$N_FILEKB,4
$FILEMGR,0
$CALL_NDIVES,1
$COMM_SEQ,0
$PROTOCOL,9
$N_NOCOMM,1
$NOCOMM_ACTION,0
$N_NOSURFACE,0
$UPLOAD_DIVES_MAX,-1
$CALL_TRIES,5
$CALL_WAIT,60
$CAPUPLOAD,1
$CAPMAXSIZE,200000
$HEAPDBG,0
$T_GPS,15
$N_GPS,30
$T_GPS_ALMANAC,0
$T_GPS_CHARGE,-38952.742
$T_RSLEEP,2
$STROBE,0
$RAFOS_PEAK_OFFSET,1.5
$RAFOS_CORR_THRESH,60
$RAFOS_HIT_WINDOW,3600
$PITCH_MIN,255
$PITCH_MAX,3935
$C_PITCH,2626
$PITCH_DBAND,0.0099999998
$PITCH_CNV,0.003125763
$P_OVSHOOT,0.039999999
$PITCH_GAIN,30
$PITCH_TIMEOUT,17
$PITCH_AD_RATE,160
$PITCH_MAXERRORS,1
$PITCH_ADJ_GAIN,0.02
$PITCH_ADJ_DBAND,2.5
$ROLL_MIN,171
$ROLL_MAX,3723
$ROLL_DEG,40
$C_ROLL_DIVE,2030
$C_ROLL_CLIMB,2030
$HEAD_ERRBAND,10
$ROLL_CNV,0.028270001
$ROLL_TIMEOUT,15
$R_PORT_OVSHOOT,71
$R_STBD_OVSHOOT,56
$ROLL_AD_RATE,300
$ROLL_MAXERRORS,2
$ROLL_ADJ_GAIN,0
$ROLL_ADJ_DBAND,0
$VBD_MIN,465
$VBD_MAX,3960
$C_VBD,2350
$VBD_DBAND,2
$VBD_CNV,-0.25119999
$VBD_TIMEOUT,720
$PITCH_VBD_SHIFT,0.0012300001
$VBD_PUMP_AD_RATE_SURFACE,5
$VBD_PUMP_AD_RATE_APOGEE,4
$VBD_BLEED_AD_RATE,8
$UNCOM_BLEED,60
$VBD_MAXERRORS,1
$W_ADJ_DBAND,2
$DBDW,0
$PITCH_W_GAIN,0
$PITCH_W_DBAND,1
$CF8_MAXERRORS,5
$AH0_24V,145
$AH0_10V,95
$MINV_24V,19
$MINV_10V,8
$FG_AHR_10V,0
$FG_AHR_24V,0
$PHONE_SUPPLY,2
$PRESSURE_YINT,-13.51214
$PRESSURE_SLOPE,0.0001165895
$AD7714Ch0Gain,128
$TCM_PITCH_OFFSET,0
$TCM_ROLL_OFFSET,0
$COMPASS_USE,4
$ALTIM_BOTTOM_PING_RANGE,0
$ALTIM_TOP_PING_RANGE,20
$ALTIM_BOTTOM_TURN_MARGIN,25
$ALTIM_TOP_TURN_MARGIN,0
$ALTIM_TOP_MIN_OBSTACLE,1
$ALTIM_PING_DEPTH,60
$ALTIM_PING_DELTA,5
$ALTIM_FREQUENCY,13
$ALTIM_PULSE,3
$ALTIM_SENSITIVITY,4
$XPDR_VALID,5
$XPDR_INHIBIT,90
$INT_PRESSURE_SLOPE,0.0097660003
$INT_PRESSURE_YINT,-0.40000001
$DEEPGLIDER,0
$DEEPGLIDERMB,0
$MOTHERBOARD,4
$DEVICE1,2
$DEVICE2,101
$DEVICE3,38
$DEVICE4,-1
$DEVICE5,-1
$DEVICE6,-1
$LOGGERS,7
$LOGGERDEVICE1,-1
$LOGGERDEVICE2,-1
$LOGGERDEVICE3,-1
$LOGGERDEVICE4,-1
$COMPASS_DEVICE,33
$COMPASS2_DEVICE,-1
$PHONE_DEVICE,49
$GPS_DEVICE,32
$RAFOS_DEVICE,-1
$XPDR_DEVICE,24
$SIM_W,0
$SIM_PITCH,0
$SEABIRD_T_G,0.0043137739
$SEABIRD_T_H,0.00062868668
$SEABIRD_T_I,2.2691316e-05
$SEABIRD_T_J,2.2586789e-06
$SEABIRD_C_G,-10.021329
$SEABIRD_C_H,1.1236943
$SEABIRD_C_I,-0.0013673168
$SEABIRD_C_J,0.00018808816
$GPS1,310526,004433,4743.014,-12225.862,7,1.5,35,18.2
$_CALLS,3
$_XMS_NAKs,0
$_XMS_TOUTs,0
$_SM_DEPTHo,-5.22
$_SM_ANGLEo,-66.2
$GPS2,310526,005511,4742.888,-12225.888,12,1.3,12,18.2
$SPEED_LIMITS,0.173,0.272
$TGT_NAME,SOUTH_175
$TGT_LATLONG,4742.840,-12225.690
$TGT_RADIUS,200.000
$KALMAN_CONTROL,0.210,0.075
$KALMAN_X,-29505.4,25.7,59.6,28197.7,-452.7
$KALMAN_Y,25950.8,144.7,-1195.7,-38250.4,-334.3
$MHEAD_RNG_PITCHd_Wd,52.3,262,-20.6,-10.000,-24.14,1449
$D_GRID,165
$GCHEAD,st_secs,pitch_ctl,vbd_ctl,pitch_ad_start,roll_ad_start,vbd_pot1_ad_start,vbd_pot2_ad_start,depth,ob_vertv,data_pts,end_secs,pitch_secs,roll_secs,vbd_secs,vbd_i,gcphase,pitch_i,roll_i,pitch_ad,roll_ad,vbd_ad,vbd_pot1_ad,vbd_pot2_ad,pitch_retries,pitch_errors,roll_retries,roll_errors,vbd_retries,vbd_errors,pitch_volts,roll_volts,vbd_volts
$STATE,13,end surface,CONTROL_FINISHED_OK
$STATE,13,begin dive
$GC,15,-0.80,-95.0,241,2009,501,409,0.0,0.0,0,99,0.00,0.00,-79.93,0.000,16390,0.000,0.000,242,2009,2730,2811,2649,0,0,0,0,0,0,28.83,28.83,26.43
$GC,102,-0.87,-146.6,241,2009,2812,2651,-2.5,-5.3,8,121,8.65,2.15,-4.50,0.000,18948,0.226,0.049,2338,650,2938,3042,2834,0,0,0,0,0,0,24.92,25.94,26.34
$GC,197,-0.68,-146.6,2338,650,3049,2834,21.4,-23.4,17,206,0.22,2.03,0.00,0.000,3078,0.150,0.032,2398,2010,2942,3050,2834,0,0,0,0,0,0,25.46,26.01,28.83
$GC,234,-0.53,-146.6,2397,2010,3052,2835,30.6,-22.8,21,236,0.20,0.00,0.00,0.000,2054,0.153,0.000,2452,2010,2943,3052,2834,0,0,0,0,0,0,25.70,28.83,28.83
$GC,265,-0.47,-146.6,2452,2010,3053,2834,35.8,-18.6,24,266,0.08,0.00,0.00,0.000,2054,0.187,0.000,2469,2012,2944,3053,2835,0,0,0,0,0,0,26.18,28.83,28.83
$GC,294,-0.47,-146.6,2469,2011,3054,2834,40.1,-14.3,27,295,0.00,0.00,0.00,0.000,2054,0.000,0.000,2469,2012,2944,3054,2834,0,0,0,0,0,0,28.83,28.83,28.83
$GC,324,-0.47,-146.6,2469,2012,3054,2834,44.4,-14.1,30,325,0.00,0.00,0.00,0.000,2054,0.000,0.000,2469,2012,2944,3054,2835,0,0,0,0,0,0,28.83,28.83,28.83
$GC,355,-0.52,-146.6,2469,2012,3054,2835,49.1,-15.7,33,356,0.00,0.00,0.00,0.000,4102,0.000,0.000,2469,2012,2944,3054,2834,0,0,0,0,0,0,28.83,28.83,28.83
$GC,385,-0.59,-146.6,2468,2011,3054,2835,53.3,-14.2,36,386,0.10,0.00,0.00,0.000,4102,0.106,0.000,2428,2012,2944,3054,2834,0,0,0,0,0,0,26.32,28.83,28.83
$GC,415,-0.59,-146.6,2427,2011,3054,2834,57.9,-14.8,39,424,0.00,2.15,0.00,0.000,2308,0.000,0.042,2423,3437,2944,3054,2834,0,0,0,0,0,0,28.83,26.03,28.83
$GC,477,-0.59,-146.6,2423,3436,3055,2834,67.8,-15.2,45,486,0.00,2.03,0.00,0.000,3078,0.000,0.019,2423,2015,2944,3055,2834,0,0,0,0,0,0,28.83,26.27,28.83
$GC,518,-0.59,-146.6,2423,2014,3055,2834,74.2,-15.7,49,519,0.00,0.00,0.00,0.000,2054,0.000,0.000,2423,2014,2944,3055,2834,0,0,0,0,0,0,28.83,28.83,28.83
$GC,548,-0.59,-146.6,2423,2014,3055,2834,79.2,-16.8,52,549,0.00,0.00,0.00,0.000,2054,0.000,0.000,2423,2014,2944,3055,2833,0,0,0,0,0,0,28.83,28.83,28.83
$GC,577,-0.59,-146.6,2423,2014,3055,2834,84.2,-16.6,55,579,0.00,0.00,0.00,0.000,2054,0.000,0.000,2423,2014,2944,3055,2834,0,0,0,0,0,0,28.83,28.83,28.83
$GC,608,-0.59,-146.6,2422,2014,3055,2833,89.2,-16.4,58,609,0.00,0.00,0.00,0.000,2054,0.000,0.000,2423,2014,2944,3055,2834,0,0,0,0,0,0,28.83,28.83,28.83
$GC,637,-0.59,-146.6,2423,2014,3055,2834,94.5,-17.4,61,650,0.00,2.20,0.00,0.000,2308,0.000,0.041,2421,3452,2944,3055,2834,0,0,0,0,0,0,28.83,26.07,28.83
$GC,675,-0.59,-146.6,2420,3452,3055,2834,100.4,-17.3,64,683,0.00,2.08,0.00,0.000,3078,0.000,0.019,2420,2031,2944,3055,2834,0,0,0,0,0,0,28.83,26.31,28.83
$GC,713,-0.59,-146.6,2420,2029,3055,2833,106.6,-15.5,68,715,0.00,0.00,0.00,0.000,2054,0.000,0.000,2421,2029,2944,3055,2833,0,0,0,0,0,0,28.83,28.83,28.83
$GC,744,-0.59,-146.6,2420,2029,3055,2833,111.1,-15.1,71,746,0.05,0.00,0.00,0.000,2054,0.223,0.000,2430,2029,2943,3055,2832,0,0,0,0,0,0,26.38,28.83,28.83
$GC,774,-0.59,-146.6,2430,2029,3055,2832,115.7,-14.8,74,778,0.00,2.08,0.00,0.000,2564,0.000,0.030,2431,648,2944,3055,2833,0,0,0,0,0,0,28.83,26.18,28.83
$GC,808,-0.59,-146.6,2431,647,3055,2831,120.5,-14.8,77,816,0.00,2.10,0.00,0.000,3078,0.000,0.026,2427,2041,2943,3055,2831,0,0,0,0,0,0,28.83,26.22,28.83
$GC,846,-0.59,-146.6,2427,2041,3055,2831,126.6,-15.3,81,855,0.00,2.10,0.00,0.000,2308,0.000,0.041,2425,3432,2943,3055,2831,0,0,0,0,0,0,28.83,26.10,28.83
$GC,880,-0.59,-146.6,2425,3432,3056,2831,131.3,-14.6,84,889,0.00,1.98,0.00,0.000,3078,0.000,0.018,2425,2022,2943,3056,2831,0,0,0,0,0,0,28.83,26.34,28.83
$GC,920,-0.59,-146.6,2425,2022,3056,2831,136.8,-13.9,88,928,0.00,2.03,0.00,0.000,2564,0.000,0.031,2425,650,2943,3055,2831,0,0,0,0,0,0,28.83,26.18,28.83
$GC,963,-0.59,-146.6,2425,650,3056,2830,142.8,-13.7,92,971,0.00,2.10,0.00,0.000,3078,0.000,0.028,2425,2035,2942,3055,2830,0,0,0,0,0,0,28.83,26.22,28.83
$GC,1003,-0.59,-146.6,2425,2034,3056,2830,148.1,-13.3,96,1012,0.00,2.10,0.00,0.000,2308,0.000,0.041,2425,3439,2942,3055,2830,0,0,0,0,0,0,28.83,26.12,28.83
$GC,1076,-0.59,-146.6,2425,3439,3056,2830,159.5,-15.6,103,1086,0.00,2.00,0.00,0.000,3078,0.000,0.019,2425,2028,2943,3056,2830,0,0,0,0,0,0,28.83,26.35,28.83
$STATE,1117,end dive,TARGET_DEPTH_EXCEEDED
$STATE,1117,begin apogee
$GC,1121,-0.27,0.0,2425,2026,3056,2830,165.7,-15.3,107,1255,0.35,0.00,124.35,0.558,10246,0.131,0.000,2536,2026,2350,2441,2259,0,0,0,0,0,0,25.73,28.83,24.02
$STATE,1258,end apogee,CONTROL_FINISHED_OK
$STATE,1258,begin climb
$GC,1260,0.87,146.6,2536,2026,2440,2258,174.5,0.0,121,1386,1.12,0.00,117.32,0.545,10758,0.113,0.000,2893,2026,1767,1879,1655,0,0,0,0,0,0,25.13,28.83,24.03
$GC,1416,0.87,146.6,2893,2026,1876,1652,161.3,12.2,137,1417,0.00,0.00,0.00,0.000,2054,0.000,0.000,2893,2026,1764,1877,1652,0,0,0,0,0,0,28.83,28.83,28.83
$GC,1446,0.87,146.6,2893,2026,1874,1651,157.2,13.2,140,1455,0.00,2.17,0.00,0.000,2308,0.000,0.034,2893,3445,1762,1874,1650,0,0,0,0,0,0,28.83,25.67,28.83
$GC,1488,0.87,146.6,2892,3445,1874,1650,151.3,14.2,144,1497,0.00,2.05,0.00,0.000,3078,0.000,0.021,2896,2051,1762,1874,1650,0,0,0,0,0,0,28.83,25.86,28.83
$GC,1528,0.87,146.6,2896,2046,1874,1649,146.2,13.0,148,1529,0.00,0.00,0.00,0.000,2054,0.000,0.000,2896,2046,1761,1874,1649,0,0,0,0,0,0,28.83,28.83,28.83
$GC,1558,0.87,146.6,2896,2046,1874,1649,142.1,13.0,151,1567,0.00,2.12,0.00,0.000,2308,0.000,0.034,2896,3449,1761,1874,1649,0,0,0,0,0,0,28.83,25.89,28.83
$GC,1600,0.87,146.6,2896,3449,1874,1648,135.5,15.7,155,1609,0.00,2.08,0.00,0.000,1030,0.000,0.019,2905,2024,1761,1874,1648,0,0,0,0,0,0,28.83,26.05,28.83
$GC,1640,0.87,146.6,2905,2021,1874,1648,129.2,15.7,159,1641,0.00,0.00,0.00,0.000,6,0.000,0.000,2905,2021,1761,1874,1648,0,0,0,0,0,0,28.83,28.83,28.83
$GC,1669,0.87,146.6,2905,2020,1874,1647,124.5,15.6,162,1671,0.00,0.00,0.00,0.000,6,0.000,0.000,2905,2020,1760,1874,1647,0,0,0,0,0,0,28.83,28.83,28.83
$GC,1699,0.87,146.6,2905,2020,1874,1647,120.0,15.1,165,1701,0.00,0.00,0.00,0.000,6,0.000,0.000,2905,2020,1760,1874,1647,0,0,0,0,0,0,28.83,28.83,28.83
$GC,1730,0.87,146.6,2905,2020,1874,1647,116.0,13.7,168,1731,0.00,0.00,0.00,0.000,6,0.000,0.000,2905,2020,1760,1874,1646,0,0,0,0,0,0,28.83,28.83,28.83
$GC,1759,0.87,146.6,2905,2020,1874,1646,111.4,15.0,171,1761,0.00,0.00,0.00,0.000,6,0.000,0.000,2905,2020,1760,1874,1647,0,0,0,0,0,0,28.83,28.83,28.83
$GC,1790,0.87,146.6,2905,2019,1874,1647,107.5,13.2,174,1791,0.00,0.00,0.00,0.000,6,0.000,0.000,2905,2019,1760,1874,1647,0,0,0,0,0,0,28.83,28.83,28.83
$GC,1820,0.82,146.6,2905,2019,1874,1646,103.0,14.8,177,1822,0.08,0.00,0.00,0.000,4102,0.212,0.000,2892,2019,1759,1873,1646,0,0,0,0,0,0,26.16,28.83,28.83
$GC,1849,0.82,146.6,2892,2019,1874,1646,99.2,13.1,180,1851,0.00,0.00,0.00,0.000,4102,0.000,0.000,2892,2019,1760,1874,1646,0,0,0,0,0,0,28.83,28.83,28.83
$GC,1880,0.82,146.6,2892,2019,1873,1646,95.9,11.2,183,1881,0.00,0.00,0.00,0.000,4102,0.000,0.000,2892,2019,1760,1874,1646,0,0,0,0,0,0,28.83,28.83,28.83
$GC,1909,0.82,146.6,2892,2019,1873,1646,92.5,11.3,186,1911,0.00,0.00,0.00,0.000,4102,0.000,0.000,2892,2019,1759,1873,1646,0,0,0,0,0,0,28.83,28.83,28.83
$GC,1940,0.82,146.6,2892,2019,1873,1646,89.0,11.5,189,1949,0.00,2.15,0.00,0.000,4356,0.000,0.034,2892,3449,1759,1872,1646,0,0,0,0,0,0,28.83,26.10,28.83
$GC,1974,0.82,146.6,2892,3449,1873,1646,85.3,11.6,192,1981,0.00,2.12,0.00,0.000,5126,0.000,0.021,2896,2029,1759,1873,1646,0,0,0,0,0,0,28.83,26.19,28.83
$GC,2012,0.82,146.6,2896,2025,1873,1646,79.7,13.9,196,2013,0.00,0.00,0.00,0.000,4102,0.000,0.000,2896,2025,1759,1873,1646,0,0,0,0,0,0,28.83,28.83,28.83
$GC,2041,0.82,146.6,2896,2025,1873,1646,76.5,11.4,199,2043,0.00,0.00,0.00,0.000,4102,0.000,0.000,2896,2025,1759,1873,1646,0,0,0,0,0,0,28.83,28.83,28.83
$GC,2071,0.82,146.6,2896,2025,1873,1645,73.3,10.4,202,2081,0.00,2.12,0.00,0.000,4356,0.000,0.034,2896,3442,1759,1873,1646,0,0,0,0,0,0,28.83,26.13,28.83
$GC,2096,0.82,146.6,2896,3441,1873,1646,70.9,10.9,204,2103,0.00,2.10,0.00,0.000,5126,0.000,0.024,2896,2034,1759,1873,1646,0,0,0,0,0,0,28.83,26.21,28.83
$GC,2134,0.82,146.6,2896,2029,1873,1645,66.2,11.6,208,2135,0.00,0.00,0.00,0.000,4102,0.000,0.000,2896,2029,1759,1873,1645,0,0,0,0,0,0,28.83,28.83,28.83
$GC,2163,0.82,146.6,2896,2029,1873,1645,63.2,10.5,211,2165,0.00,0.00,0.00,0.000,4102,0.000,0.000,2896,2029,1759,1873,1646,0,0,0,0,0,0,28.83,28.83,28.83
$GC,2193,0.82,146.6,2896,2029,1873,1646,60.5,9.0,214,2203,0.00,2.12,0.00,0.000,4356,0.000,0.034,2896,3447,1759,1873,1646,0,0,0,0,0,0,28.83,26.15,28.83
$GC,2236,0.82,146.6,2896,3447,1873,1645,55.6,11.5,218,2245,0.00,2.08,0.00,0.000,5126,0.000,0.021,2896,2021,1759,1873,1646,0,0,0,0,0,0,28.83,26.26,28.83
$GC,2276,0.82,146.6,2896,2017,1873,1645,51.2,11.0,222,2285,0.00,2.08,0.00,0.000,4612,0.000,0.034,2902,631,1758,1872,1645,0,0,0,0,0,0,28.83,26.16,28.83
$GC,2290,0.82,146.6,2901,630,1871,1646,50.3,10.7,223,2298,0.03,2.10,0.00,0.000,5126,0.174,0.025,2894,2047,1758,1871,1646,0,0,0,0,0,0,26.01,26.11,28.83
$GC,2328,0.82,146.6,2894,2047,1871,1646,45.7,10.7,227,2337,0.00,2.05,0.00,0.000,4356,0.000,0.034,2894,3421,1758,1871,1646,0,0,0,0,0,0,28.83,26.17,28.83
$GC,2350,0.82,146.6,2893,3421,1871,1646,43.0,11.7,229,2359,0.00,2.03,0.00,0.000,5126,0.000,0.021,2895,2021,1758,1871,1646,0,0,0,0,0,0,28.83,26.27,28.83
$GC,2390,0.82,146.6,2895,2018,1871,1645,38.4,11.4,233,2391,0.00,0.00,0.00,0.000,4102,0.000,0.000,2895,2018,1758,1871,1645,0,0,0,0,0,0,28.83,28.83,28.83
$GC,2420,0.82,146.6,2895,2018,1871,1645,35.1,10.9,236,2421,0.00,0.00,0.00,0.000,4102,0.000,0.000,2895,2018,1758,1871,1646,0,0,0,0,0,0,28.83,28.83,28.83
$GC,2450,0.82,146.6,2895,2018,1871,1645,31.5,11.8,239,2451,0.00,0.00,0.00,0.000,4102,0.000,0.000,2895,2018,1758,1871,1646,0,0,0,0,0,0,28.83,28.83,28.83
$GC,2480,0.82,146.6,2895,2018,1871,1645,27.9,12.1,242,2489,0.00,2.12,0.00,0.000,4356,0.000,0.033,2895,3428,1758,1871,1646,0,0,0,0,0,0,28.83,26.18,28.83
$GC,2512,0.82,146.6,2895,3428,1871,1645,23.6,13.2,245,2521,0.00,2.03,0.00,0.000,5126,0.000,0.020,2895,2027,1758,1871,1645,0,0,0,0,0,0,28.83,26.29,28.83
$GC,2552,0.82,146.6,2895,2023,1871,1646,18.5,12.7,249,2553,0.00,0.00,0.00,0.000,4102,0.000,0.000,2895,2023,1758,1871,1646,0,0,0,0,0,0,28.83,28.83,28.83
$GC,2582,0.82,146.6,2895,2023,1871,1646,14.6,12.9,252,2591,0.00,2.10,0.00,0.000,4356,0.000,0.034,2895,3416,1758,1871,1645,0,0,0,0,0,0,28.83,26.19,28.83
$GC,2624,0.82,146.6,2895,3416,1871,1646,8.6,14.5,256,2633,0.00,2.03,0.00,0.000,5126,0.000,0.020,2896,2017,1758,1871,1646,0,0,0,0,0,0,28.83,26.29,28.83
$GC,2664,0.82,146.6,2896,2012,1871,1645,3.6,12.3,260,2665,0.00,0.00,0.00,0.000,4102,0.000,0.000,2896,2012,1758,1872,1645,0,0,0,0,0,0,28.83,28.83,28.83
$STATE,2672,end climb,SURFACE_DEPTH_REACHED
$STATE,2672,begin surface coast
$FINISH,0.3,1.022048
$STATE,2693,end surface coast,CONTROL_FINISHED_OK
$STATE,2693,begin surface
$SM_CCo,2709,246.82,0.436,1,0,464,473.51
$SM_GC,-5.34,7.45,0.00,246.82,0.067,0.000,0.436,244,2012,464,-7.38,-0.51,473.51,0,0,0,0,1,0,26.11,28.83,24.20
$IRIDIUM_FIX,4726.11,-12229.50,200608,101017
$TT8_MAMPS,0.027713,0.027713
$HUMID,41.77
$INTERNAL_PRESSURE,8.14525
$TCM_TEMP,17.60
$XPDR_PINGS,148
$ALTIM_TOP_PING,19.7,25.1
$ALTIM_BOTTOM_PING,165.7,37.7
$24V_AH,24.0,42.322
$10V_AH,10.0,20.131
$FG_AHR_24Vo,0.000
$FG_AHR_10Vo,0.000
$DEVICES,Pitch_motor,Roll_motor,VBD_pump_during_apogee,VBD_pump_during_surface,VBD_valve,Iridium_during_init,Iridium_during_connect,Iridium_during_xfer,Transponder_ping,GUMSTIX_24V,GPS,TT8,LPSleep,TT8_Active,TT8_Sampling,TT8_CF8,TT8_Kalman,Analog_circuits,GPS_charging,Compass,RAFOS,Transponder,Compass2
$DEVICE_SECS,18.325,66.750,241.675,246.825,0.000,83.759,77.509,235.824,43.000,0.000,15.495,747.435,970.288,626.059,1106.418,165.056,33.228,1119.927,0.000,674.790,0.000,39.280,0.000
$DEVICE_MAMPS,225.675,48.960,557.685,436.050,0.000,43.600,160.000,223.000,420.000,0.000,28.460,13.960,2.190,13.960,37.930,44.670,61.150,16.000,0.000,15.730,0.000,30.000,0.000
$SENSORS,SBE_CT,AA4330,WL_BB2FLVMG,nil,nil,nil,nil,nil,nil,nil
$SENSOR_SECS,175.537,345.436,453.269,0.000,0.000,0.000,0.000,0.000,0.000,0.000
$SENSOR_MAMPS,23.220,33.000,105.000,0.000,0.000,0.000,0.000,0.000,0.000,0.000
$MEM,354456
$DATA_FILE_SIZE,17024,263
$CAP_FILE_SIZE,90867,0
$CFSIZE,260165632,247189504
$ERRORS,0,0,0,0,0,0,0,0,0,0,0,0,0,1,0,0
$GPS,310526,014622,4742.956,-12225.600,8,1.4,12,18.2
