version: 66.11
glider: 175
mission: 11
dive: 363
start: 6 5 126 2 16 1
data:
$ID,175
$MISSION,11
$DIVE,363
$N_DIVES,0
$D_SURF,3
$D_FLARE,3
$D_TGT,150
$D_ABORT,1090
$D_NO_BLEED,50
$D_BOOST,3
$T_BOOST,0
$D_FINISH,0
$D_PITCH,0
$D_SAFE,0
$D_CALL,0
$SURFACE_URGENCY,0
$SURFACE_URGENCY_TRY,0
$SURFACE_URGENCY_FORCE,0
$T_DIVE,50
$T_MISSION,75
$T_ABORT,1440
$T_TURN,300
$T_TURN_SAMPINT,5
$T_NO_W,120
$T_LOITER,0
$T_EPIRB,0
$USE_BATHY,-1
$USE_ICE,0
$ICE_FREEZE_MARGIN,0.30000001
$D_OFFGRID,100
$T_WATCHDOG,10
$RELAUNCH,1
$APOGEE_PITCH,-8
$MAX_BUOY,150
$COURSE_BIAS,0
$GLIDE_SLOPE,30
$SPEED_FACTOR,1
$RHO,1.0235
$MASS,51878
$MASS_COMP,0
$NAV_MODE,2
$FERRY_MAX,45
$KALMAN_USE,2
$HD_A,0.0024900001
$HD_B,0.0091000004
$HD_C,5.7000002e-06
$HEADING,-1
$ESCAPE_HEADING,0
$ESCAPE_HEADING_DELTA,10
$FIX_MISSING_TIMEOUT,0
$TGT_DEFAULT_LAT,47.766998
$TGT_DEFAULT_LON,-122.413
$TGT_AUTO_DEFAULT,0
$SM_CC,473.51199
$N_FILEKB,4
$FILEMGR,0
$CALL_NDIVES,1
$COMM_SEQ,0
$PROTOCOL,9
$N_NOCOMM,1
$NOCOMM_ACTION,0
$N_NOSURFACE,0
$UPLOAD_DIVES_MAX,-1
$CALL_TRIES,5
$CALL_WAIT,60
$CAPUPLOAD,1
$CAPMAXSIZE,200000
$HEAPDBG,0
$T_GPS,15
$N_GPS,30
$T_GPS_ALMANAC,0
$T_GPS_CHARGE,-39338.648
$T_RSLEEP,2
$STROBE,0
$RAFOS_PEAK_OFFSET,1.5
$RAFOS_CORR_THRESH,60
$RAFOS_HIT_WINDOW,3600
$PITCH_MIN,255
$PITCH_MAX,3935
$C_PITCH,2626
$PITCH_DBAND,0.0099999998
$PITCH_CNV,0.003125763
$P_OVSHOOT,0.039999999
$PITCH_GAIN,30
$PITCH_TIMEOUT,17
$PITCH_AD_RATE,160
$PITCH_MAXERRORS,1
$PITCH_ADJ_GAIN,0.02
$PITCH_ADJ_DBAND,2.5
$ROLL_MIN,171
$ROLL_MAX,3723
$ROLL_DEG,40
$C_ROLL_DIVE,2030
$C_ROLL_CLIMB,2030
$HEAD_ERRBAND,10
$ROLL_CNV,0.028270001
$ROLL_TIMEOUT,15
$R_PORT_OVSHOOT,58
$R_STBD_OVSHOOT,45
$ROLL_AD_RATE,300
$ROLL_MAXERRORS,2
$ROLL_ADJ_GAIN,0
$ROLL_ADJ_DBAND,0
$VBD_MIN,465
$VBD_MAX,3960
$C_VBD,2350
$VBD_DBAND,2
$VBD_CNV,-0.25119999
$VBD_TIMEOUT,720
$PITCH_VBD_SHIFT,0.0012300001
$VBD_PUMP_AD_RATE_SURFACE,5
$VBD_PUMP_AD_RATE_APOGEE,4
$VBD_BLEED_AD_RATE,8
$UNCOM_BLEED,60
$VBD_MAXERRORS,1
$W_ADJ_DBAND,2
$DBDW,0
$PITCH_W_GAIN,0
$PITCH_W_DBAND,1
$CF8_MAXERRORS,5
$AH0_24V,145
$AH0_10V,95
$MINV_24V,19
$MINV_10V,8
$FG_AHR_10V,0
$FG_AHR_24V,0
$PHONE_SUPPLY,2
$PRESSURE_YINT,-13.51214
$PRESSURE_SLOPE,0.0001165895
$AD7714Ch0Gain,128
$TCM_PITCH_OFFSET,0
$TCM_ROLL_OFFSET,0
$COMPASS_USE,4
$ALTIM_BOTTOM_PING_RANGE,0
$ALTIM_TOP_PING_RANGE,20
$ALTIM_BOTTOM_TURN_MARGIN,25
$ALTIM_TOP_TURN_MARGIN,0
$ALTIM_TOP_MIN_OBSTACLE,1
$ALTIM_PING_DEPTH,60
$ALTIM_PING_DELTA,5
$ALTIM_FREQUENCY,13
$ALTIM_PULSE,3
$ALTIM_SENSITIVITY,4
$XPDR_VALID,5
$XPDR_INHIBIT,90
$INT_PRESSURE_SLOPE,0.0097660003
$INT_PRESSURE_YINT,-0.40000001
$DEEPGLIDER,0
$DEEPGLIDERMB,0
$MOTHERBOARD,4
$DEVICE1,2
$DEVICE2,101
$DEVICE3,38
$DEVICE4,-1
$DEVICE5,-1
$DEVICE6,-1
$LOGGERS,7
$LOGGERDEVICE1,-1
$LOGGERDEVICE2,-1
$LOGGERDEVICE3,-1
$LOGGERDEVICE4,-1
$COMPASS_DEVICE,33
$COMPASS2_DEVICE,-1
$PHONE_DEVICE,49
$GPS_DEVICE,32
$RAFOS_DEVICE,-1
$XPDR_DEVICE,24
$SIM_W,0
$SIM_PITCH,0
$SEABIRD_T_G,0.0043137739
$SEABIRD_T_H,0.00062868668
$SEABIRD_T_I,2.2691316e-05
$SEABIRD_T_J,2.2586789e-06
$SEABIRD_C_G,-10.021329
$SEABIRD_C_H,1.1236943
$SEABIRD_C_I,-0.0013673168
$SEABIRD_C_J,0.00018808816
$GPS1,050626,020451,4750.695,-12223.181,26,1.5,43,18.2
$_CALLS,3
$_XMS_NAKs,0
$_XMS_TOUTs,0
$_SM_DEPTHo,-5.47
$_SM_ANGLEo,-66.1
$GPS2,050626,021534,4750.625,-12223.292,10,1.6,10,18.2
$SPEED_LIMITS,0.173,0.272
$TGT_NAME,NORTHB_175
$TGT_LATLONG,4752.440,-12223.580
$TGT_RADIUS,200.000
$KALMAN_CONTROL,0.079,0.297
$KALMAN_X,-30076.6,-183.3,-72.9,29774.7,-185.0
$KALMAN_Y,25757.5,-625.9,-357.4,-36445.5,446.9
$MHEAD_RNG_PITCHd_Wd,331.0,3380,-16.2,-10.000,-20.17,2231
$D_GRID,100
$GCHEAD,st_secs,pitch_ctl,vbd_ctl,pitch_ad_start,roll_ad_start,vbd_pot1_ad_start,vbd_pot2_ad_start,depth,ob_vertv,data_pts,end_secs,pitch_secs,roll_secs,vbd_secs,vbd_i,gcphase,pitch_i,roll_i,pitch_ad,roll_ad,vbd_ad,vbd_pot1_ad,vbd_pot2_ad,pitch_retries,pitch_errors,roll_retries,roll_errors,vbd_retries,vbd_errors,pitch_volts,roll_volts,vbd_volts
$STATE,13,end surface,CONTROL_FINISHED_OK
$STATE,14,begin dive
$GC,16,-0.72,-146.6,234,2018,480,429,0.0,0.0,0,109,0.00,0.00,-87.82,0.000,16390,0.000,0.000,234,2018,2936,3020,2852,0,0,0,0,0,0,28.83,28.83,26.38
$GC,112,-0.72,-146.6,234,2018,3021,2852,-2.0,-6.7,9,131,8.88,2.20,0.00,0.000,2308,0.223,0.044,2373,3422,2941,3031,2852,0,0,0,0,0,0,24.79,25.82,28.83
$GC,215,-0.46,-146.6,2373,3422,3045,2846,24.7,-19.2,19,225,0.30,2.03,0.00,0.000,3078,0.142,0.024,2469,2026,2945,3046,2845,0,0,0,0,0,0,25.41,26.08,28.83
$GC,255,-0.31,-146.6,2469,2022,3048,2844,30.9,-15.4,23,262,0.20,0.00,0.00,0.000,2054,0.132,0.000,2527,2023,2946,3048,2844,0,0,0,0,0,0,25.79,28.83,28.83
$GC,295,-0.31,-146.6,2527,2022,3049,2843,34.9,-9.8,27,296,0.00,0.00,0.00,0.000,6,0.000,0.000,2527,2023,2946,3049,2843,0,0,0,0,0,0,28.83,28.83,28.83
$GC,325,-0.37,-146.6,2527,2022,3050,2843,37.4,-8.4,30,326,0.08,0.00,0.00,0.000,4102,0.123,0.000,2490,2022,2946,3050,2842,0,0,0,0,0,0,26.22,28.83,28.83
$GC,354,-0.37,-146.6,2489,2022,3050,2842,40.2,-9.1,33,364,0.08,2.15,0.00,0.000,2308,0.175,0.037,2506,3431,2946,3050,2842,0,0,0,0,0,0,26.23,26.00,28.83
$GC,398,-0.37,-146.6,2506,3431,3051,2842,44.6,-10.2,37,407,0.00,2.03,0.00,0.000,1030,0.000,0.018,2506,2017,2946,3050,2842,0,0,0,0,0,0,28.83,26.22,28.83
$GC,438,-0.37,-146.6,2506,2017,3051,2841,48.5,-9.8,41,439,0.00,0.00,0.00,0.000,6,0.000,0.000,2506,2017,2946,3051,2841,0,0,0,0,0,0,28.83,28.83,28.83
$GC,468,-0.37,-146.6,2506,2017,3051,2841,51.9,-11.0,44,469,0.00,0.00,0.00,0.000,6,0.000,0.000,2506,2017,2946,3051,2841,0,0,0,0,0,0,28.83,28.83,28.83
$GC,498,-0.37,-146.6,2506,2017,3051,2841,55.3,-11.7,47,499,0.00,0.00,0.00,0.000,6,0.000,0.000,2506,2017,2946,3051,2841,0,0,0,0,0,0,28.83,28.83,28.83
$GC,527,-0.37,-146.6,2506,2017,3051,2841,58.6,-10.8,50,529,0.00,0.00,0.00,0.000,6,0.000,0.000,2506,2017,2946,3051,2841,0,0,0,0,0,0,28.83,28.83,28.83
$GC,557,-0.37,-146.6,2506,2017,3051,2841,61.9,-10.9,53,566,0.00,2.17,0.00,0.000,260,0.000,0.041,2506,3438,2946,3051,2841,0,0,0,0,0,0,28.83,26.03,28.83
$GC,610,-0.37,-146.6,2506,3438,3051,2841,67.6,-10.4,58,621,0.00,2.03,0.00,0.000,1030,0.000,0.019,2506,2023,2945,3051,2840,0,0,0,0,0,0,28.83,26.28,28.83
$GC,650,-0.37,-146.6,2506,2022,3051,2840,71.6,-10.2,62,651,0.00,0.00,0.00,0.000,6,0.000,0.000,2506,2022,2945,3051,2840,0,0,0,0,0,0,28.83,28.83,28.83
$GC,680,-0.37,-146.6,2506,2022,3051,2840,74.5,-9.8,65,690,0.00,2.03,0.00,0.000,516,0.000,0.031,2506,652,2945,3051,2839,0,0,0,0,0,0,28.83,26.15,28.83
$GC,707,-0.37,-146.6,2506,652,3051,2838,76.8,-9.9,67,714,0.00,2.05,0.00,0.000,1030,0.000,0.027,2506,2030,2944,3051,2838,0,0,0,0,0,0,28.83,26.20,28.83
$GC,744,-0.37,-146.6,2506,2030,3051,2839,80.5,-9.2,71,748,0.00,2.12,0.00,0.000,260,0.000,0.040,2506,3438,2945,3052,2839,0,0,0,0,0,0,28.83,26.07,28.83
$GC,796,-0.37,-146.6,2506,3439,3051,2839,84.7,-8.0,76,808,0.00,2.03,0.00,0.000,1030,0.000,0.019,2506,2023,2945,3051,2839,0,0,0,0,0,0,28.83,26.30,28.83
$GC,837,-0.37,-146.6,2506,2022,3052,2839,87.7,-7.3,80,838,0.00,0.00,0.00,0.000,6,0.000,0.000,2506,2022,2945,3051,2839,0,0,0,0,0,0,28.83,28.83,28.83
$GC,867,-0.37,-146.6,2505,2022,3052,2839,90.0,-7.7,83,868,0.00,0.00,0.00,0.000,6,0.000,0.000,2506,2022,2945,3052,2838,0,0,0,0,0,0,28.83,28.83,28.83
$GC,897,-0.37,-146.6,2506,2022,3052,2839,92.3,-7.6,86,907,0.00,2.15,0.00,0.000,260,0.000,0.041,2506,3439,2945,3051,2839,0,0,0,0,0,0,28.83,26.08,28.83
$GC,953,-0.42,-146.6,2506,3439,3052,2839,96.4,-7.3,91,963,0.00,2.00,0.00,0.000,5126,0.000,0.019,2505,2023,2945,3052,2839,0,0,0,0,0,0,28.83,26.33,28.83
$GC,993,-0.42,-146.6,2506,2022,3051,2839,99.3,-7.2,95,995,0.00,0.00,0.00,0.000,4102,0.000,0.000,2506,2022,2945,3052,2839,0,0,0,0,0,0,28.83,28.83,28.83
$STATE,1002,end dive,TARGET_DEPTH_EXCEEDED
$STATE,1002,begin apogee
$GC,1007,-0.27,0.0,2506,2022,3051,2839,100.0,-7.7,96,1135,0.10,0.00,124.50,0.510,10246,0.151,0.000,2541,2022,2350,2440,2261,0,0,0,0,0,0,26.17,28.83,24.03
$STATE,1138,end apogee,CONTROL_FINISHED_OK
$STATE,1138,begin climb
$GC,1140,0.72,146.6,2541,2022,2439,2260,107.7,0.0,109,1267,0.95,0.00,117.50,0.500,10758,0.111,0.000,2847,2022,1764,1878,1651,0,0,0,0,0,0,25.14,28.83,24.06
$GC,1297,0.72,146.6,2846,2022,1873,1649,97.1,9.4,125,1306,0.00,2.17,0.00,0.000,2308,0.000,0.035,2847,3431,1761,1873,1649,0,0,0,0,0,0,28.83,25.58,28.83
$GC,1330,0.72,146.6,2846,3431,1873,1647,93.7,10.1,128,1339,0.00,2.05,0.00,0.000,1030,0.000,0.019,2856,2038,1760,1873,1647,0,0,0,0,0,0,28.83,25.81,28.83
$GC,1370,0.72,146.6,2855,2035,1873,1646,90.3,8.7,132,1371,0.00,0.00,0.00,0.000,6,0.000,0.000,2856,2035,1759,1873,1646,0,0,0,0,0,0,28.83,28.83,28.83
$GC,1401,0.77,190.4,2856,2035,1873,1646,87.9,8.0,135,1443,0.05,2.25,34.62,0.480,10500,0.161,0.034,2894,3442,1591,1706,1476,0,0,0,0,0,0,26.03,25.60,24.25
$GC,1500,0.70,190.4,2894,3442,1706,1473,76.8,13.3,144,1507,0.17,2.10,0.00,0.000,5126,0.149,0.021,2851,2039,1589,1706,1473,0,0,0,0,0,0,25.49,25.87,28.83
$GC,1536,0.70,190.4,2851,2035,1706,1471,72.6,10.8,148,1545,0.00,2.12,0.00,0.000,516,0.000,0.034,2855,632,1588,1706,1470,0,0,0,0,0,0,28.83,25.83,28.83
$GC,1550,0.70,190.4,2855,632,1704,1470,71.9,9.6,149,1557,0.00,2.10,0.00,0.000,5126,0.000,0.021,2855,2030,1587,1704,1470,0,0,0,0,0,0,28.83,25.96,28.83
$GC,1588,0.70,190.4,2855,2030,1703,1470,67.9,9.2,153,1597,0.00,2.10,0.00,0.000,4356,0.000,0.035,2855,3427,1587,1704,1470,0,0,0,0,0,0,28.83,25.89,28.83
$GC,1653,0.70,190.4,2855,3427,1703,1470,62.4,8.9,159,1661,0.00,2.03,0.00,0.000,5126,0.000,0.019,2856,2027,1587,1704,1470,0,0,0,0,0,0,28.83,26.08,28.83
$GC,1691,0.78,256.5,2856,2024,1703,1469,59.5,7.0,163,1751,0.08,2.20,51.65,0.475,10500,0.117,0.034,2900,3428,1327,1445,1209,0,0,0,0,0,0,26.27,25.59,24.28
$GC,1775,0.78,256.5,2900,3428,1445,1207,50.9,11.5,171,1784,0.12,2.10,0.00,0.000,5126,0.159,0.024,2879,2026,1325,1445,1206,0,0,0,0,0,0,25.47,25.73,28.83
$GC,1815,0.78,256.5,2878,2022,1445,1204,46.4,11.3,175,1816,0.00,0.00,0.00,0.000,6,0.000,0.000,2879,2022,1324,1445,1204,0,0,0,0,0,0,28.83,28.83,28.83
$GC,1844,0.78,256.5,2878,2022,1445,1203,43.4,9.8,178,1848,0.00,2.15,0.00,0.000,260,0.000,0.035,2878,3425,1324,1445,1203,0,0,0,0,0,0,28.83,25.82,28.83
$GC,1877,0.78,256.5,2016,3426,1423,1201,39.8,11.4,181,1885,0.00,2.10,0.00,0.000,5126,0.000,0.020,2882,2030,1323,1445,1202,0,0,0,0,0,0,28.83,25.98,28.83
$GC,1916,0.78,256.5,2882,2026,1445,1201,34.8,12.4,185,1917,0.00,0.00,0.00,0.000,4102,0.000,0.000,2882,2026,1323,1445,1201,0,0,0,0,0,0,28.83,28.83,28.83
$GC,1945,0.78,256.5,2882,2026,1445,1201,31.1,12.2,188,1946,0.00,0.00,0.00,0.000,4102,0.000,0.000,2882,2026,1323,1445,1201,0,0,0,0,0,0,28.83,28.83,28.83
$GC,1976,0.78,256.5,2882,2025,1445,1201,27.6,12.2,191,1985,0.00,2.12,0.00,0.000,4356,0.000,0.036,2882,3428,1323,1445,1201,0,0,0,0,0,0,28.83,25.96,28.83
$GC,2010,0.78,256.5,2882,3428,1445,1201,23.5,12.5,194,2018,0.00,2.08,0.00,0.000,5126,0.000,0.021,2882,2027,1323,1445,1201,0,0,0,0,0,0,28.83,25.73,28.83
$GC,2049,0.78,256.5,2882,2023,1445,1200,19.5,10.2,198,2050,0.00,0.00,0.00,0.000,4102,0.000,0.000,2882,2023,1323,1446,1200,0,0,0,0,0,0,28.83,28.83,28.83
$GC,2078,0.78,256.5,2882,2023,1445,1200,16.7,9.0,201,2087,0.00,2.15,0.00,0.000,4356,0.000,0.037,2882,3436,1322,1445,1199,0,0,0,0,0,0,28.83,26.01,28.83
$GC,2120,0.78,256.5,2882,3436,1445,1199,12.1,11.2,205,2129,0.00,2.05,0.00,0.000,5126,0.000,0.021,2882,2031,1322,1445,1200,0,0,0,0,0,0,28.83,26.15,28.83
$GC,2160,0.78,256.5,2881,2026,1445,1199,6.9,13.0,209,2169,0.00,2.10,0.00,0.000,4612,0.000,0.036,2883,639,1322,1445,1199,0,0,0,0,0,0,28.83,26.05,28.83
$GC,2183,0.83,256.5,2882,639,1443,1199,4.4,12.2,211,2192,0.00,2.03,0.00,0.000,3078,0.000,0.023,2882,2036,1320,1443,1198,0,0,0,0,0,0,28.83,26.17,28.83
$STATE,2199,end climb,SURFACE_DEPTH_REACHED
$STATE,2200,begin surface coast
$FINISH,0.8,1.022131
$STATE,2222,end surface coast,CONTROL_FINISHED_OK
$STATE,2222,begin surface
$SM_CCo,2237,167.20,0.425,1,0,463,473.51
$SM_GC,-5.44,7.28,0.00,167.20,0.057,0.000,0.425,240,2036,463,-7.37,0.17,473.51,0,0,0,0,1,0,26.13,28.83,24.20
$IRIDIUM_FIX,4732.49,-12220.39,250608,111136
$TT8_MAMPS,0.027713,0.027713
$HUMID,42.79
$INTERNAL_PRESSURE,8.15502
$TCM_TEMP,17.70
$XPDR_PINGS,136
$ALTIM_TOP_PING,19.5,25.3
$24V_AH,24.0,53.218
$10V_AH,9.9,25.849
$FG_AHR_24Vo,0.000
$FG_AHR_10Vo,0.000
$DEVICES,Pitch_motor,Roll_motor,VBD_pump_during_apogee,VBD_pump_during_surface,VBD_valve,Iridium_during_init,Iridium_during_connect,Iridium_during_xfer,Transponder_ping,GUMSTIX_24V,GPS,TT8,LPSleep,TT8_Active,TT8_Sampling,TT8_CF8,TT8_Kalman,Analog_circuits,GPS_charging,Compass,RAFOS,Transponder,Compass2
$DEVICE_SECS,18.275,62.975,328.275,167.200,0.000,73.694,81.371,227.513,36.500,0.000,12.957,606.123,708.134,599.623,1006.488,149.349,0.000,1049.048,0.000,583.766,0.000,16.398,0.000
$DEVICE_MAMPS,223.380,43.605,510.255,424.575,0.000,43.600,160.000,223.000,420.000,0.000,28.460,13.960,2.190,13.960,37.930,44.670,0.000,16.000,0.000,15.730,0.000,30.000,0.000
$SENSORS,SBE_CT,AA4330,WL_BB2FLVMG,nil,nil,nil,nil,nil,nil,nil
$SENSOR_SECS,141.217,281.577,370.468,0.000,0.000,0.000,0.000,0.000,0.000,0.000
$SENSOR_MAMPS,23.220,33.000,105.000,0.000,0.000,0.000,0.000,0.000,0.000,0.000
$MEM,354084
$DATA_FILE_SIZE,13716,215
$CAP_FILE_SIZE,73932,0
$CFSIZE,260165632,241770496
$ERRORS,0,0,0,0,0,0,0,0,0,0,0,0,0,1,0,0
$CURRENT,0.058, 13.5,1
$GPS,050626,025729,4750.992,-12223.358,8,4.6,38,18.2
