version: 66.11
glider: 175
mission: 11
dive: 414
start: 6 6 126 22 55 15
data:
$ID,175
$MISSION,11
$DIVE,414
$N_DIVES,0
$D_SURF,3
$D_FLARE,3
$D_TGT,150
$D_ABORT,1090
$D_NO_BLEED,50
$D_BOOST,3
$T_BOOST,0
$D_FINISH,0
$D_PITCH,0
$D_SAFE,0
$D_CALL,0
$SURFACE_URGENCY,0
$SURFACE_URGENCY_TRY,0
$SURFACE_URGENCY_FORCE,0
$T_DIVE,50
$T_MISSION,75
$T_ABORT,1440
$T_TURN,300
$T_TURN_SAMPINT,5
$T_NO_W,120
$T_LOITER,0
$T_EPIRB,0
$USE_BATHY,0
$USE_ICE,0
$ICE_FREEZE_MARGIN,0.30000001
$D_OFFGRID,100
$T_WATCHDOG,10
$RELAUNCH,1
$APOGEE_PITCH,-8
$MAX_BUOY,150
$COURSE_BIAS,0
$GLIDE_SLOPE,30
$SPEED_FACTOR,1
$RHO,1.0235
$MASS,51878
$MASS_COMP,0
$NAV_MODE,2
$FERRY_MAX,45
$KALMAN_USE,2
$HD_A,0.0024900001
$HD_B,0.0091000004
$HD_C,5.7000002e-06
$HEADING,-1
$ESCAPE_HEADING,0
$ESCAPE_HEADING_DELTA,10
$FIX_MISSING_TIMEOUT,0
$TGT_DEFAULT_LAT,47.766998
$TGT_DEFAULT_LON,-122.413
$TGT_AUTO_DEFAULT,0
$SM_CC,473.51199
$N_FILEKB,4
$FILEMGR,0
$CALL_NDIVES,1
$COMM_SEQ,0
$PROTOCOL,1
$N_NOCOMM,1
$NOCOMM_ACTION,0
$N_NOSURFACE,0
$UPLOAD_DIVES_MAX,-1
$CALL_TRIES,5
$CALL_WAIT,60
$CAPUPLOAD,1
$CAPMAXSIZE,200000
$HEAPDBG,0
$T_GPS,15
$N_GPS,30
$T_GPS_ALMANAC,0
$T_GPS_CHARGE,-39403.898
$T_RSLEEP,2
$STROBE,0
$RAFOS_PEAK_OFFSET,1.5
$RAFOS_CORR_THRESH,60
$RAFOS_HIT_WINDOW,3600
$PITCH_MIN,255
$PITCH_MAX,3935
$C_PITCH,2626
$PITCH_DBAND,0.0099999998
$PITCH_CNV,0.003125763
$P_OVSHOOT,0.039999999
$PITCH_GAIN,30
$PITCH_TIMEOUT,17
$PITCH_AD_RATE,160
$PITCH_MAXERRORS,1
$PITCH_ADJ_GAIN,0.02
$PITCH_ADJ_DBAND,2.5
$ROLL_MIN,171
$ROLL_MAX,3723
$ROLL_DEG,40
$C_ROLL_DIVE,2030
$C_ROLL_CLIMB,2030
$HEAD_ERRBAND,10
$ROLL_CNV,0.028270001
$ROLL_TIMEOUT,15
$R_PORT_OVSHOOT,63
$R_STBD_OVSHOOT,55
$ROLL_AD_RATE,300
$ROLL_MAXERRORS,2
$ROLL_ADJ_GAIN,0
$ROLL_ADJ_DBAND,0
$VBD_MIN,465
$VBD_MAX,3960
$C_VBD,2350
$VBD_DBAND,2
$VBD_CNV,-0.25119999
$VBD_TIMEOUT,720
$PITCH_VBD_SHIFT,0.0012300001
$VBD_PUMP_AD_RATE_SURFACE,5
$VBD_PUMP_AD_RATE_APOGEE,4
$VBD_BLEED_AD_RATE,8
$UNCOM_BLEED,60
$VBD_MAXERRORS,1
$W_ADJ_DBAND,2
$DBDW,0
$PITCH_W_GAIN,0
$PITCH_W_DBAND,1
$CF8_MAXERRORS,5
$AH0_24V,145
$AH0_10V,95
$MINV_24V,19
$MINV_10V,8
$FG_AHR_10V,0
$FG_AHR_24V,0
$PHONE_SUPPLY,2
$PRESSURE_YINT,-13.51214
$PRESSURE_SLOPE,0.0001165895
$AD7714Ch0Gain,128
$TCM_PITCH_OFFSET,0
$TCM_ROLL_OFFSET,0
$COMPASS_USE,4
$ALTIM_BOTTOM_PING_RANGE,0
$ALTIM_TOP_PING_RANGE,20
$ALTIM_BOTTOM_TURN_MARGIN,25
$ALTIM_TOP_TURN_MARGIN,0
$ALTIM_TOP_MIN_OBSTACLE,1
$ALTIM_PING_DEPTH,60
$ALTIM_PING_DELTA,5
$ALTIM_FREQUENCY,13
$ALTIM_PULSE,3
$ALTIM_SENSITIVITY,4
$XPDR_VALID,5
$XPDR_INHIBIT,90
$INT_PRESSURE_SLOPE,0.0097660003
$INT_PRESSURE_YINT,-0.40000001
$DEEPGLIDER,0
$DEEPGLIDERMB,0
$MOTHERBOARD,4
$DEVICE1,2
$DEVICE2,101
$DEVICE3,38
$DEVICE4,-1
$DEVICE5,-1
$DEVICE6,-1
$LOGGERS,7
$LOGGERDEVICE1,-1
$LOGGERDEVICE2,-1
$LOGGERDEVICE3,-1
$LOGGERDEVICE4,-1
$COMPASS_DEVICE,33
$COMPASS2_DEVICE,-1
$PHONE_DEVICE,49
$GPS_DEVICE,32
$RAFOS_DEVICE,-1
$XPDR_DEVICE,24
$SIM_W,0
$SIM_PITCH,0
$SEABIRD_T_G,0.0043137739
$SEABIRD_T_H,0.00062868668
$SEABIRD_T_I,2.2691316e-05
$SEABIRD_T_J,2.2586789e-06
$SEABIRD_C_G,-10.021329
$SEABIRD_C_H,1.1236943
$SEABIRD_C_I,-0.0013673168
$SEABIRD_C_J,0.00018808816
$GPS1,060626,224853,4751.384,-12224.801,6,2.1,36,18.3
$_CALLS,1
$_XMS_NAKs,0
$_XMS_TOUTs,0
$_SM_DEPTHo,-5.38
$_SM_ANGLEo,-70.5
$GPS2,060626,225447,4751.462,-12224.748,12,1.4,12,18.3
$SPEED_LIMITS,0.173,0.272
$TGT_NAME,NORTH_175
$TGT_LATLONG,4750.320,-12225.910
$TGT_RADIUS,200.000
$KALMAN_CONTROL,0.079,0.297
$KALMAN_X,-30076.6,-183.3,-72.9,29774.7,-185.0
$KALMAN_Y,25757.5,-625.9,-357.4,-36445.5,446.9
$MHEAD_RNG_PITCHd_Wd,192.0,2562,-16.2,-10.000,-20.17,2231
$D_GRID,150
$GCHEAD,st_secs,pitch_ctl,vbd_ctl,pitch_ad_start,roll_ad_start,vbd_pot1_ad_start,vbd_pot2_ad_start,depth,ob_vertv,data_pts,end_secs,pitch_secs,roll_secs,vbd_secs,vbd_i,gcphase,pitch_i,roll_i,pitch_ad,roll_ad,vbd_ad,vbd_pot1_ad,vbd_pot2_ad,pitch_retries,pitch_errors,roll_retries,roll_errors,vbd_retries,vbd_errors,pitch_volts,roll_volts,vbd_volts
$STATE,13,end surface,CONTROL_FINISHED_OK
$STATE,13,begin dive
$GC,15,-0.72,-146.6,234,2027,484,430,0.0,0.0,0,109,0.00,0.00,-88.10,0.000,16390,0.000,0.000,234,2027,2936,3021,2852,0,0,0,0,0,0,28.83,28.83,26.33
$GC,112,-0.72,-146.6,234,2027,3021,2852,-1.3,-8.1,9,131,8.95,2.12,0.00,0.000,2564,0.225,0.039,2393,649,2941,3030,2852,0,0,0,0,0,0,24.70,25.82,28.83
$GC,255,-0.53,-146.6,2393,649,3038,2849,32.7,-18.7,23,265,0.20,2.03,0.00,0.000,3078,0.137,0.028,2446,2019,2943,3039,2848,0,0,0,0,0,0,25.51,26.03,28.83
$GC,295,-0.40,-146.6,2446,2019,3041,2845,39.0,-15.9,27,305,0.15,2.15,0.00,0.000,2308,0.154,0.039,2489,3438,2944,3043,2845,0,0,0,0,0,0,25.80,25.92,28.83
$GC,360,-0.40,-146.6,2489,3438,3049,2843,46.1,-9.9,33,369,0.00,2.03,0.00,0.000,3078,0.000,0.019,2489,2018,2945,3050,2841,0,0,0,0,0,0,28.83,26.18,28.83
$GC,398,-0.40,-146.6,2488,2018,3051,2841,49.8,-9.5,37,399,0.00,0.00,0.00,0.000,2054,0.000,0.000,2490,2018,2945,3050,2841,0,0,0,0,0,0,28.83,28.83,28.83
$GC,429,-0.40,-146.6,2489,2018,3050,2840,53.0,-10.2,40,430,0.00,0.00,0.00,0.000,2054,0.000,0.000,2489,2018,2945,3050,2841,0,0,0,0,0,0,28.83,28.83,28.83
$GC,459,-0.40,-146.6,2489,2018,3050,2840,56.1,-10.4,43,468,0.00,2.12,0.00,0.000,2308,0.000,0.039,2481,3424,2945,3050,2840,0,0,0,0,0,0,28.83,26.01,28.83
$GC,480,-0.40,-146.6,2481,3424,3051,2840,58.5,-10.6,45,490,0.00,2.00,0.00,0.000,3078,0.000,0.020,2481,2027,2945,3051,2840,0,0,0,0,0,0,28.83,26.22,28.83
$GC,521,-0.40,-146.6,2481,2026,3051,2839,62.9,-10.9,49,530,0.00,2.08,0.00,0.000,2564,0.000,0.032,2481,642,2944,3051,2838,0,0,0,0,0,0,28.83,26.08,28.83
$GC,558,-0.40,-146.6,2481,642,3052,2837,66.6,-11.2,52,566,0.08,2.08,0.00,0.000,3078,0.174,0.027,2495,2035,2945,3052,2838,0,0,0,0,0,0,25.98,26.13,28.83
$GC,594,-0.40,-146.6,2495,2035,3052,2838,70.9,-10.7,56,595,0.00,0.00,0.00,0.000,2054,0.000,0.000,2495,2035,2945,3052,2838,0,0,0,0,0,0,28.83,28.83,28.83
$GC,625,-0.40,-146.6,2495,2034,3052,2838,73.9,-10.1,59,626,0.00,0.00,0.00,0.000,2054,0.000,0.000,2495,2034,2945,3052,2838,0,0,0,0,0,0,28.83,28.83,28.83
$GC,654,-0.40,-146.6,2495,2034,3052,2838,77.0,-10.4,62,663,0.00,2.12,0.00,0.000,2308,0.000,0.041,2494,3441,2945,3052,2838,0,0,0,0,0,0,28.83,26.03,28.83
$GC,698,-0.40,-146.6,2493,3441,3053,2838,82.0,-11.3,66,709,0.00,2.03,0.00,0.000,3078,0.000,0.019,2494,2020,2945,3053,2838,0,0,0,0,0,0,28.83,26.27,28.83
$GC,738,-0.40,-146.6,2493,2020,3053,2837,86.5,-11.3,70,739,0.00,0.00,0.00,0.000,2054,0.000,0.000,2494,2020,2945,3053,2838,0,0,0,0,0,0,28.83,28.83,28.83
$GC,768,-0.40,-146.6,2493,2020,3053,2838,89.8,-11.0,73,769,0.00,0.00,0.00,0.000,2054,0.000,0.000,2494,2020,2945,3053,2838,0,0,0,0,0,0,28.83,28.83,28.83
$GC,800,-0.40,-146.6,2493,2019,3054,2838,93.2,-11.1,76,801,0.00,0.00,0.00,0.000,2054,0.000,0.000,2494,2020,2945,3053,2838,0,0,0,0,0,0,28.83,28.83,28.83
$GC,829,-0.40,-146.6,2493,2020,3053,2838,96.8,-11.5,79,838,0.00,2.15,0.00,0.000,2308,0.000,0.041,2492,3439,2945,3053,2838,0,0,0,0,0,0,28.83,26.04,28.83
$GC,863,-0.40,-146.6,2492,3439,3053,2838,100.5,-11.8,82,873,0.00,2.00,0.00,0.000,3078,0.000,0.021,2492,2032,2945,3053,2837,0,0,0,0,0,0,28.83,26.29,28.83
$GC,901,-0.40,-146.6,2492,2031,3053,2837,104.5,-10.0,86,912,0.00,2.08,0.00,0.000,2564,0.000,0.031,2492,645,2944,3052,2837,0,0,0,0,0,0,28.83,26.13,28.83
$GC,925,-0.40,-146.6,2492,645,3053,2837,107.1,-10.2,88,934,0.00,2.05,0.00,0.000,3078,0.000,0.027,2491,2036,2945,3053,2837,0,0,0,0,0,0,28.83,26.18,28.83
$GC,967,-0.40,-146.6,2491,2036,3053,2837,111.3,-10.6,92,976,0.00,2.08,0.00,0.000,2308,0.000,0.041,2491,3427,2945,3053,2837,0,0,0,0,0,0,28.83,26.06,28.83
$GC,1012,-0.40,-146.6,2490,3427,3053,2837,115.6,-9.8,96,1020,0.00,1.98,0.00,0.000,3078,0.000,0.019,2491,2026,2945,3054,2837,0,0,0,0,0,0,28.83,26.30,28.83
$GC,1049,-0.40,-146.6,2490,2025,3053,2837,119.5,-9.8,100,1050,0.00,0.00,0.00,0.000,2054,0.000,0.000,2491,2025,2945,3053,2837,0,0,0,0,0,0,28.83,28.83,28.83
$GC,1080,-0.40,-146.6,2490,2025,3053,2837,122.5,-9.7,103,1081,0.00,0.00,0.00,0.000,2054,0.000,0.000,2490,2025,2945,3054,2837,0,0,0,0,0,0,28.83,28.83,28.83
$GC,1109,-0.40,-146.6,2490,2025,3054,2837,125.6,-10.2,106,1110,0.00,0.00,0.00,0.000,2054,0.000,0.000,2491,2025,2945,3054,2837,0,0,0,0,0,0,28.83,28.83,28.83
$GC,1139,-0.40,-146.6,2490,2025,3054,2837,128.4,-9.6,109,1140,0.00,0.00,0.00,0.000,2054,0.000,0.000,2490,2025,2945,3054,2837,0,0,0,0,0,0,28.83,28.83,28.83
$GC,1169,-0.40,-146.6,2490,2025,3054,2837,131.3,-9.7,112,1170,0.00,0.00,0.00,0.000,2054,0.000,0.000,2491,2025,2945,3054,2837,0,0,0,0,0,0,28.83,28.83,28.83
$STATE,1198,end dive,BOTTOM_OBSTACLE_DETECTED
$STATE,1198,begin apogee
$GC,1203,-0.27,0.0,2490,2025,3053,2837,134.1,-9.5,115,1338,0.12,0.00,125.72,0.536,10246,0.142,0.000,2533,2025,2349,2439,2260,0,0,0,0,0,0,26.11,28.83,23.91
$STATE,1340,end apogee,CONTROL_FINISHED_OK
$STATE,1340,begin climb
$GC,1342,0.72,146.6,2533,2025,2438,2259,142.7,0.0,129,1470,1.00,2.22,118.62,0.526,11012,0.109,0.032,2849,3447,1765,1880,1651,0,0,0,0,0,0,25.10,25.31,23.94
$GC,1495,0.72,146.6,2849,3448,1880,1649,133.4,8.9,144,1504,0.00,2.10,0.00,0.000,1030,0.000,0.019,2856,2042,1763,1879,1648,0,0,0,0,0,0,28.83,25.62,28.83
$GC,1535,0.72,146.6,2856,2040,1879,1646,129.5,9.7,148,1544,0.00,2.15,0.00,0.000,516,0.000,0.034,2857,633,1760,1875,1646,0,0,0,0,0,0,28.83,25.67,28.83
$GC,1557,0.72,146.6,2857,633,1873,1646,127.4,9.5,150,1567,0.00,2.10,0.00,0.000,1030,0.000,0.022,2857,2042,1760,1873,1647,0,0,0,0,0,0,28.83,25.82,28.83
$GC,1597,0.72,146.6,2857,2042,1873,1646,123.7,9.1,154,1607,0.00,2.10,0.00,0.000,260,0.000,0.034,2857,3441,1759,1872,1646,0,0,0,0,0,0,28.83,25.80,28.83
$GC,1640,0.72,146.6,2857,3441,1872,1646,119.1,10.9,158,1650,0.00,2.08,0.00,0.000,5126,0.000,0.019,2865,2019,1759,1872,1646,0,0,0,0,0,0,28.83,25.97,28.83
$GC,1680,0.67,146.6,2865,2018,1872,1646,115.1,9.8,162,1682,0.10,0.00,0.00,0.000,4102,0.174,0.000,2842,2018,1759,1872,1646,0,0,0,0,0,0,25.95,28.83,28.83
$GC,1710,0.67,146.6,2842,2018,1873,1645,112.2,9.7,165,1711,0.00,0.00,0.00,0.000,6,0.000,0.000,2842,2018,1758,1872,1645,0,0,0,0,0,0,28.83,28.83,28.83
$GC,1740,0.67,146.6,2842,2018,1872,1645,109.7,8.6,168,1749,0.00,2.10,0.00,0.000,260,0.000,0.034,2842,3423,1758,1872,1645,0,0,0,0,0,0,28.83,25.95,28.83
$GC,1783,0.67,146.6,2842,3424,1872,1645,106.0,8.7,172,1792,0.00,2.03,0.00,0.000,1030,0.000,0.020,2842,2030,1758,1872,1645,0,0,0,0,0,0,28.83,26.09,28.83
$GC,1823,0.67,146.6,2842,2027,1873,1645,102.7,8.2,176,1824,0.00,0.00,0.00,0.000,6,0.000,0.000,2842,2027,1758,1872,1645,0,0,0,0,0,0,28.83,28.83,28.83
$GC,1853,0.67,146.6,2842,2027,1873,1644,100.3,8.0,179,1855,0.00,0.00,0.00,0.000,6,0.000,0.000,2842,2027,1758,1872,1645,0,0,0,0,0,0,28.83,28.83,28.83
$GC,1883,0.67,146.6,2842,2027,1872,1645,97.8,8.1,182,1893,0.00,2.12,0.00,0.000,260,0.000,0.034,2842,3433,1758,1872,1644,0,0,0,0,0,0,28.83,26.02,28.83
$GC,1915,0.67,146.6,2842,3434,1872,1644,94.8,8.9,185,1924,0.00,2.05,0.00,0.000,5126,0.000,0.019,2843,2021,1758,1872,1644,0,0,0,0,0,0,28.83,26.16,28.83
$GC,1955,0.67,146.6,2843,2018,1873,1644,91.1,9.3,189,1957,0.00,0.00,0.00,0.000,4102,0.000,0.000,2843,2019,1758,1872,1644,0,0,0,0,0,0,28.83,28.83,28.83
$GC,1985,0.67,146.6,2843,2018,1873,1644,88.4,8.9,192,1986,0.00,0.00,0.00,0.000,4102,0.000,0.000,2844,2019,1758,1872,1644,0,0,0,0,0,0,28.83,28.83,28.83
$GC,2016,0.67,146.6,2843,2019,1873,1644,85.8,8.9,195,2017,0.00,0.00,0.00,0.000,4102,0.000,0.000,2844,2018,1758,1872,1644,0,0,0,0,0,0,28.83,28.83,28.83
$GC,2046,0.67,146.6,2843,2019,1873,1644,83.3,8.4,198,2056,0.00,2.15,0.00,0.000,4356,0.000,0.034,2843,3434,1758,1872,1644,0,0,0,0,0,0,28.83,26.07,28.83
$GC,2089,0.67,146.6,2843,3433,1872,1644,79.5,8.7,202,2099,0.00,2.03,0.00,0.000,5126,0.000,0.019,2853,2024,1758,1872,1644,0,0,0,0,0,0,28.83,26.22,28.83
$GC,2128,0.67,146.6,2852,2023,1872,1644,75.9,8.8,206,2138,0.00,2.08,0.00,0.000,4612,0.000,0.033,2857,649,1758,1872,1644,0,0,0,0,0,0,28.83,26.09,28.83
$GC,2153,0.67,146.6,2856,649,1871,1644,74.1,8.5,208,2162,0.03,2.00,0.00,0.000,5126,0.145,0.023,2846,2036,1757,1870,1644,0,0,0,0,0,0,26.06,26.20,28.83
$GC,2191,0.74,203.7,2846,2036,1870,1644,71.1,7.4,212,2244,0.00,2.17,45.60,0.488,10500,0.000,0.035,2846,3424,1537,1654,1421,0,0,0,0,0,0,28.83,25.71,24.24
$GC,2296,0.74,203.7,1920,3422,1618,1414,62.6,9.8,222,2304,0.00,2.08,0.00,0.000,3078,0.000,0.021,2845,2032,1534,1653,1416,0,0,0,0,0,0,28.83,25.89,28.83
$GC,2332,0.74,203.7,2845,2028,1654,1415,58.7,9.6,226,2342,0.00,2.12,0.00,0.000,2564,0.000,0.034,2846,633,1534,1654,1414,0,0,0,0,0,0,28.83,25.83,28.83
$GC,2357,0.74,203.7,2845,632,1653,1414,56.4,9.6,228,2366,0.00,2.05,0.00,0.000,3078,0.000,0.023,2846,2030,1533,1653,1414,0,0,0,0,0,0,28.83,25.97,28.83
$GC,2396,0.81,203.7,2845,2030,1653,1414,53.0,8.7,232,2405,0.12,2.10,0.00,0.000,2308,0.081,0.033,2910,3428,1533,1652,1414,0,0,0,0,0,0,26.17,25.91,28.83
$GC,2439,0.75,203.7,2909,3428,1653,1414,47.1,13.9,236,2449,0.20,2.05,0.00,0.000,5126,0.154,0.021,2868,2029,1533,1653,1414,0,0,0,0,0,0,25.55,26.05,28.83
$GC,2479,0.70,203.7,2868,2026,1653,1413,41.5,13.7,240,2481,0.08,0.00,0.00,0.000,4102,0.185,0.000,2851,2026,1533,1653,1413,0,0,0,0,0,0,26.16,28.83,28.83
$GC,2509,0.70,203.7,2850,2025,1653,1413,38.6,10.2,243,2518,0.00,2.10,0.00,0.000,260,0.000,0.034,2850,3431,1532,1653,1412,0,0,0,0,0,0,28.83,25.98,28.83
$GC,2552,0.70,203.7,2850,3431,1653,1413,34.5,9.8,247,2556,0.00,2.08,0.00,0.000,5126,0.000,0.024,2855,2034,1533,1653,1413,0,0,0,0,0,0,28.83,25.97,28.83
$GC,2594,0.70,203.7,2855,2029,1653,1413,30.6,9.0,251,2603,0.00,2.10,0.00,0.000,4612,0.000,0.035,2857,634,1532,1653,1412,0,0,0,0,0,0,28.83,26.00,28.83
$GC,2616,0.70,203.7,2856,634,1652,1412,28.8,8.7,253,2624,0.00,2.05,0.00,0.000,5126,0.000,0.023,2857,2034,1532,1652,1412,0,0,0,0,0,0,28.83,26.13,28.83
$GC,2657,0.75,203.7,2856,2034,1652,1412,25.4,8.5,257,2665,0.00,2.08,0.00,0.000,2308,0.000,0.034,2857,3434,1531,1651,1412,0,0,0,0,0,0,28.83,26.03,28.83
$GC,2691,0.75,203.7,1984,3432,1621,1409,22.2,9.5,260,2698,0.00,2.10,0.00,0.000,3078,0.000,0.020,2857,2025,1531,1651,1412,0,0,0,0,0,0,28.83,26.17,28.83
$GC,2729,0.75,203.7,2856,2021,1651,1412,18.6,9.0,264,2730,0.00,0.00,0.00,0.000,2054,0.000,0.000,2857,2021,1532,1652,1412,0,0,0,0,0,0,28.83,28.83,28.83
$GC,2759,0.75,203.7,2856,2021,1652,1412,16.0,8.5,267,2768,0.00,2.12,0.00,0.000,2308,0.000,0.035,2856,3428,1532,1652,1412,0,0,0,0,0,0,28.83,26.06,28.83
$GC,2793,0.75,203.7,1968,3427,1620,1409,12.7,9.8,270,2801,0.00,2.08,0.00,0.000,3078,0.000,0.021,2856,2037,1531,1651,1412,0,0,0,0,0,0,28.83,26.19,28.83
$GC,2831,0.75,203.7,2857,2032,1652,1412,9.0,9.5,274,2832,0.00,0.00,0.00,0.000,2054,0.000,0.000,2857,2032,1532,1652,1412,0,0,0,0,0,0,28.83,28.83,28.83
$GC,2861,0.81,203.7,2856,2032,1651,1412,6.5,8.5,277,2863,0.10,0.00,0.00,0.000,2054,0.096,0.000,2910,2032,1531,1651,1412,0,0,0,0,0,0,26.38,28.83,28.83
$GC,2891,0.81,203.7,2911,2032,1651,1412,3.5,9.5,280,2901,0.10,2.12,0.00,0.000,4356,0.171,0.033,2889,3439,1532,1652,1412,0,0,0,0,0,0,26.18,26.08,28.83
$STATE,2904,end climb,SURFACE_DEPTH_REACHED
$STATE,2904,begin surface coast
$FINISH,-0.6,1.022250
$STATE,2925,end surface coast,CONTROL_FINISHED_OK
$STATE,2925,begin surface
$SM_CCo,2943,205.57,0.431,1,0,464,473.51
$SM_GC,-5.44,7.47,2.12,205.57,0.067,0.019,0.431,237,2018,464,-7.37,1.50,473.51,0,0,0,0,1,0,26.15,26.22,24.08
$IRIDIUM_FIX,4732.49,-12220.39,270608,070709
$TT8_MAMPS,0.027713,0.027713
$HUMID,42.71
$INTERNAL_PRESSURE,8.14525
$TCM_TEMP,19.60
$XPDR_PINGS,125
$ALTIM_TOP_PING,19.4,25.0
$ALTIM_BOTTOM_PING,115.6,42.7
$24V_AH,23.9,57.536
$10V_AH,9.9,27.972
$FG_AHR_24Vo,0.000
$FG_AHR_10Vo,0.000
$DEVICES,Pitch_motor,Roll_motor,VBD_pump_during_apogee,VBD_pump_during_surface,VBD_valve,Iridium_during_init,Iridium_during_connect,Iridium_during_xfer,Transponder_ping,GUMSTIX_24V,GPS,TT8,LPSleep,TT8_Active,TT8_Sampling,TT8_CF8,TT8_Kalman,Analog_circuits,GPS_charging,Compass,RAFOS,Transponder,Compass2
$DEVICE_SECS,18.700,95.900,289.950,205.575,0.000,26.142,17.728,199.086,34.750,0.000,15.248,814.038,832.152,682.870,1019.052,178.017,0.000,1246.215,0.000,751.430,0.000,23.992,0.000
$DEVICE_MAMPS,224.910,41.310,536.265,430.695,0.000,43.600,160.000,223.000,420.000,0.000,28.460,13.960,2.190,13.960,37.930,44.670,0.000,16.000,0.000,15.730,0.000,30.000,0.000
$SENSORS,SBE_CT,AA4330,WL_BB2FLVMG,nil,nil,nil,nil,nil,nil,nil
$SENSOR_SECS,187.878,371.104,487.536,0.000,0.000,0.000,0.000,0.000,0.000,0.000
$SENSOR_MAMPS,23.220,33.000,105.000,0.000,0.000,0.000,0.000,0.000,0.000,0.000
$MEM,323644
$DATA_FILE_SIZE,20372,283
$CAP_FILE_SIZE,94269,0
$CFSIZE,260165632,239648768
$ERRORS,0,0,0,0,0,0,0,0,0,0,0,0,0,1,0,0
$CURRENT,0.077, 71.5,1
$GPS,060626,234903,4751.153,-12224.825,11,1.1,33,18.2
