version: 66.11
glider: 175
mission: 11
dive: 390
start: 6 6 126 0 5 22
data:
$ID,175
$MISSION,11
$DIVE,390
$N_DIVES,0
$D_SURF,3
$D_FLARE,3
$D_TGT,150
$D_ABORT,1090
$D_NO_BLEED,50
$D_BOOST,3
$T_BOOST,0
$D_FINISH,0
$D_PITCH,0
$D_SAFE,0
$D_CALL,0
$SURFACE_URGENCY,0
$SURFACE_URGENCY_TRY,0
$SURFACE_URGENCY_FORCE,0
$T_DIVE,50
$T_MISSION,75
$T_ABORT,1440
$T_TURN,300
$T_TURN_SAMPINT,5
$T_NO_W,120
$T_LOITER,0
$T_EPIRB,0
$USE_BATHY,-4
$USE_ICE,0
$ICE_FREEZE_MARGIN,0.30000001
$D_OFFGRID,100
$T_WATCHDOG,10
$RELAUNCH,1
$APOGEE_PITCH,-8
$MAX_BUOY,150
$COURSE_BIAS,0
$GLIDE_SLOPE,30
$SPEED_FACTOR,1
$RHO,1.0235
$MASS,51878
$MASS_COMP,0
$NAV_MODE,2
$FERRY_MAX,45
$KALMAN_USE,2
$HD_A,0.0024900001
$HD_B,0.0091000004
$HD_C,5.7000002e-06
$HEADING,-1
$ESCAPE_HEADING,0
$ESCAPE_HEADING_DELTA,10
$FIX_MISSING_TIMEOUT,0
$TGT_DEFAULT_LAT,47.766998
$TGT_DEFAULT_LON,-122.413
$TGT_AUTO_DEFAULT,0
$SM_CC,473.51199
$N_FILEKB,4
$FILEMGR,0
$CALL_NDIVES,1
$COMM_SEQ,0
$PROTOCOL,1
$N_NOCOMM,1
$NOCOMM_ACTION,0
$N_NOSURFACE,0
$UPLOAD_DIVES_MAX,-1
$CALL_TRIES,5
$CALL_WAIT,60
$CAPUPLOAD,1
$CAPMAXSIZE,200000
$HEAPDBG,0
$T_GPS,15
$N_GPS,30
$T_GPS_ALMANAC,0
$T_GPS_CHARGE,-39372.598
$T_RSLEEP,2
$STROBE,0
$RAFOS_PEAK_OFFSET,1.5
$RAFOS_CORR_THRESH,60
$RAFOS_HIT_WINDOW,3600
$PITCH_MIN,255
$PITCH_MAX,3935
$C_PITCH,2626
$PITCH_DBAND,0.0099999998
$PITCH_CNV,0.003125763
$P_OVSHOOT,0.039999999
$PITCH_GAIN,30
$PITCH_TIMEOUT,17
$PITCH_AD_RATE,160
$PITCH_MAXERRORS,1
$PITCH_ADJ_GAIN,0.02
$PITCH_ADJ_DBAND,2.5
$ROLL_MIN,171
$ROLL_MAX,3723
$ROLL_DEG,40
$C_ROLL_DIVE,2030
$C_ROLL_CLIMB,2030
$HEAD_ERRBAND,10
$ROLL_CNV,0.028270001
$ROLL_TIMEOUT,15
$R_PORT_OVSHOOT,56
$R_STBD_OVSHOOT,48
$ROLL_AD_RATE,300
$ROLL_MAXERRORS,2
$ROLL_ADJ_GAIN,0
$ROLL_ADJ_DBAND,0
$VBD_MIN,465
$VBD_MAX,3960
$C_VBD,2350
$VBD_DBAND,2
$VBD_CNV,-0.25119999
$VBD_TIMEOUT,720
$PITCH_VBD_SHIFT,0.0012300001
$VBD_PUMP_AD_RATE_SURFACE,5
$VBD_PUMP_AD_RATE_APOGEE,4
$VBD_BLEED_AD_RATE,8
$UNCOM_BLEED,60
$VBD_MAXERRORS,1
$W_ADJ_DBAND,2
$DBDW,0
$PITCH_W_GAIN,0
$PITCH_W_DBAND,1
$CF8_MAXERRORS,5
$AH0_24V,145
$AH0_10V,95
$MINV_24V,19
$MINV_10V,8
$FG_AHR_10V,0
$FG_AHR_24V,0
$PHONE_SUPPLY,2
$PRESSURE_YINT,-13.51214
$PRESSURE_SLOPE,0.0001165895
$AD7714Ch0Gain,128
$TCM_PITCH_OFFSET,0
$TCM_ROLL_OFFSET,0
$COMPASS_USE,4
$ALTIM_BOTTOM_PING_RANGE,0
$ALTIM_TOP_PING_RANGE,20
$ALTIM_BOTTOM_TURN_MARGIN,25
$ALTIM_TOP_TURN_MARGIN,0
$ALTIM_TOP_MIN_OBSTACLE,1
$ALTIM_PING_DEPTH,60
$ALTIM_PING_DELTA,5
$ALTIM_FREQUENCY,13
$ALTIM_PULSE,3
$ALTIM_SENSITIVITY,4
$XPDR_VALID,5
$XPDR_INHIBIT,90
$INT_PRESSURE_SLOPE,0.0097660003
$INT_PRESSURE_YINT,-0.40000001
$DEEPGLIDER,0
$DEEPGLIDERMB,0
$MOTHERBOARD,4
$DEVICE1,2
$DEVICE2,101
$DEVICE3,38
$DEVICE4,-1
$DEVICE5,-1
$DEVICE6,-1
$LOGGERS,7
$LOGGERDEVICE1,-1
$LOGGERDEVICE2,-1
$LOGGERDEVICE3,-1
$LOGGERDEVICE4,-1
$COMPASS_DEVICE,33
$COMPASS2_DEVICE,-1
$PHONE_DEVICE,49
$GPS_DEVICE,32
$RAFOS_DEVICE,-1
$XPDR_DEVICE,24
$SIM_W,0
$SIM_PITCH,0
$SEABIRD_T_G,0.0043137739
$SEABIRD_T_H,0.00062868668
$SEABIRD_T_I,2.2691316e-05
$SEABIRD_T_J,2.2586789e-06
$SEABIRD_C_G,-10.021329
$SEABIRD_C_H,1.1236943
$SEABIRD_C_I,-0.0013673168
$SEABIRD_C_J,0.00018808816
$GPS1,050626,235910,4751.545,-12224.240,8,1.6,13,18.3
$_CALLS,1
$_XMS_NAKs,0
$_XMS_TOUTs,0
$_SM_DEPTHo,-5.85
$_SM_ANGLEo,-67.2
$GPS2,060626,000453,4751.597,-12224.134,14,2.0,14,18.3
$SPEED_LIMITS,0.173,0.272
$TGT_NAME,WEST_175
$TGT_LATLONG,4751.410,-12224.870
$TGT_RADIUS,200.000
$KALMAN_CONTROL,0.079,0.297
$KALMAN_X,-30076.6,-183.3,-72.9,29774.7,-185.0
$KALMAN_Y,25757.5,-625.9,-357.4,-36445.5,446.9
$MHEAD_RNG_PITCHd_Wd,227.6,978,-16.2,-10.000,-20.17,2231
$D_GRID,100
$GCHEAD,st_secs,pitch_ctl,vbd_ctl,pitch_ad_start,roll_ad_start,vbd_pot1_ad_start,vbd_pot2_ad_start,depth,ob_vertv,data_pts,end_secs,pitch_secs,roll_secs,vbd_secs,vbd_i,gcphase,pitch_i,roll_i,pitch_ad,roll_ad,vbd_ad,vbd_pot1_ad,vbd_pot2_ad,pitch_retries,pitch_errors,roll_retries,roll_errors,vbd_retries,vbd_errors,pitch_volts,roll_volts,vbd_volts
$STATE,13,end surface,CONTROL_FINISHED_OK
$STATE,13,begin dive
$GC,15,-0.72,-146.6,233,2043,485,426,0.0,0.0,0,109,0.00,0.00,-89.15,0.000,16390,0.000,0.000,233,2043,2934,3018,2851,0,0,0,0,0,0,28.83,28.83,26.39
$GC,112,-0.72,-146.6,233,2043,3019,2852,-2.3,-6.8,9,131,8.90,2.12,0.00,0.000,2308,0.225,0.036,2372,3432,2939,3028,2851,0,0,0,0,0,0,24.86,25.88,28.83
$GC,136,0.44,-146.6,2372,3432,3033,2850,5.4,-24.7,11,144,1.38,2.10,0.00,0.000,3078,0.161,0.025,2762,2025,2943,3038,2848,0,0,0,0,0,0,25.14,25.99,28.83
$GC,174,0.44,-146.6,2762,2021,3051,2843,13.0,-16.5,15,175,0.00,0.00,0.00,0.000,2054,0.000,0.000,2762,2021,2947,3051,2843,0,0,0,0,0,0,28.83,28.83,28.83
$GC,205,-0.16,-146.6,2762,2021,3052,2842,13.6,-0.8,18,212,0.57,0.00,0.00,0.000,4102,0.093,0.000,2572,2021,2946,3052,2840,0,0,0,0,0,0,25.67,28.83,28.83
$GC,244,-0.45,-146.6,2572,2021,3052,2839,16.4,-7.0,22,255,0.22,2.08,0.00,0.000,4612,0.057,0.028,2463,625,2944,3052,2837,0,0,0,0,0,0,26.14,26.02,28.83
$GC,261,-0.65,-146.6,2462,625,3052,2837,17.0,-6.8,23,269,0.08,2.12,0.00,0.000,5126,0.063,0.026,2412,2034,2944,3052,2837,0,0,0,0,0,0,25.99,26.08,28.83
$GC,299,-0.53,-146.6,2412,2035,3052,2836,22.5,-12.3,27,309,0.12,2.10,0.00,0.000,2308,0.170,0.037,2437,3430,2944,3052,2837,0,0,0,0,0,0,25.90,25.97,28.83
$GC,374,-0.42,-146.6,1616,3429,3022,2831,34.5,-16.0,34,383,0.15,2.10,0.00,0.000,3078,0.125,0.021,2486,1991,2944,3052,2837,0,0,0,0,0,0,25.72,26.14,28.83
$GC,412,-0.42,-146.6,2486,1988,3052,2837,39.9,-13.7,38,413,0.00,0.00,0.00,0.000,2054,0.000,0.000,2486,1988,2944,3052,2837,0,0,0,0,0,0,28.83,28.83,28.83
$GC,442,-0.42,-146.6,2485,1988,3052,2837,43.3,-11.5,41,451,0.00,2.22,0.00,0.000,2308,0.000,0.039,2481,3435,2944,3052,2837,0,0,0,0,0,0,28.83,26.01,28.83
$GC,496,-0.42,-146.6,1664,3434,3023,2831,49.0,-10.8,46,505,0.00,2.05,0.00,0.000,3078,0.000,0.020,2480,2045,2944,3052,2837,0,0,0,0,0,0,28.83,25.61,28.83
$GC,534,-0.42,-146.6,2480,2044,3052,2837,53.7,-11.7,50,536,0.00,0.00,0.00,0.000,2054,0.000,0.000,2481,2044,2944,3052,2837,0,0,0,0,0,0,28.83,28.83,28.83
$GC,564,-0.42,-146.6,2480,2044,3052,2837,57.7,-13.3,53,565,0.00,0.00,0.00,0.000,2054,0.000,0.000,2481,2044,2944,3052,2837,0,0,0,0,0,0,28.83,28.83,28.83
$GC,597,-0.42,-146.6,2480,2044,3052,2837,61.1,-11.7,56,606,0.00,2.10,0.00,0.000,2308,0.000,0.041,2480,3428,2944,3052,2837,0,0,0,0,0,0,28.83,26.04,28.83
$GC,633,-0.42,-146.6,2480,3428,3052,2837,65.3,-12.2,59,640,0.00,2.03,0.00,0.000,3078,0.000,0.018,2480,2024,2944,3052,2837,0,0,0,0,0,0,28.83,26.29,28.83
$GC,671,-0.42,-146.6,2480,2021,3052,2836,70.5,-12.8,63,672,0.00,0.00,0.00,0.000,2054,0.000,0.000,2480,2021,2944,3052,2836,0,0,0,0,0,0,28.83,28.83,28.83
$GC,700,-0.42,-146.6,2480,2021,3052,2836,74.5,-13.2,66,701,0.00,0.00,0.00,0.000,2054,0.000,0.000,2480,2022,2944,3052,2836,0,0,0,0,0,0,28.83,28.83,28.83
$GC,730,-0.42,-146.6,2480,2021,3052,2837,78.2,-12.6,69,731,0.00,0.00,0.00,0.000,2054,0.000,0.000,2480,2021,2944,3052,2837,0,0,0,0,0,0,28.83,28.83,28.83
$GC,760,-0.42,-146.6,2480,2021,3052,2837,81.9,-11.7,72,769,0.00,2.15,0.00,0.000,2308,0.000,0.041,2479,3430,2944,3052,2837,0,0,0,0,0,0,28.83,26.07,28.83
$GC,805,-0.42,-146.6,1664,3428,3023,2831,86.8,-11.7,76,812,0.00,2.05,0.00,0.000,3078,0.000,0.018,2479,2032,2944,3052,2837,0,0,0,0,0,0,28.83,26.16,28.83
$GC,843,-0.42,-146.6,2478,2031,3052,2836,90.2,-8.5,80,844,0.00,0.00,0.00,0.000,2054,0.000,0.000,2479,2032,2944,3052,2837,0,0,0,0,0,0,28.83,28.83,28.83
$GC,874,-0.42,-146.6,2478,2031,3052,2836,93.0,-9.4,83,875,0.00,0.00,0.00,0.000,2054,0.000,0.000,2479,2031,2944,3052,2837,0,0,0,0,0,0,28.83,28.83,28.83
$GC,903,-0.42,-146.6,2478,2031,3052,2836,96.4,-11.0,86,904,0.00,0.00,0.00,0.000,2054,0.000,0.000,2479,2031,2944,3052,2836,0,0,0,0,0,0,28.83,28.83,28.83
$GC,933,-0.42,-146.6,2478,2031,3052,2836,99.7,-10.9,89,934,0.00,0.00,0.00,0.000,2054,0.000,0.000,2479,2031,2944,3052,2836,0,0,0,0,0,0,28.83,28.83,28.83
$STATE,942,end dive,TARGET_DEPTH_EXCEEDED
$STATE,942,begin apogee
$GC,946,-0.27,0.0,2479,2031,3052,2836,100.6,-10.5,90,1075,0.17,0.00,124.32,0.518,10246,0.136,0.000,2536,2031,2350,2440,2260,0,0,0,0,0,0,25.98,28.83,23.99
$STATE,1077,end apogee,CONTROL_FINISHED_OK
$STATE,1077,begin climb
$GC,1079,0.72,146.6,2536,2031,2439,2260,110.0,0.0,103,1203,0.98,0.00,117.62,0.506,10246,0.111,0.000,2846,2031,1765,1879,1652,0,0,0,0,0,0,25.13,28.83,24.02
$GC,1234,0.80,210.7,2845,2031,1874,1649,101.8,7.1,119,1292,0.12,0.00,50.35,0.491,10246,0.077,0.000,2904,2031,1510,1626,1394,0,0,0,0,0,0,25.75,28.83,24.08
$GC,1324,0.74,210.7,2904,2031,1624,1392,91.4,12.0,128,1334,0.12,2.12,0.00,0.000,4356,0.153,0.032,2869,3421,1507,1624,1391,0,0,0,0,0,0,25.46,25.62,28.83
$GC,1359,0.74,210.7,2869,3421,1624,1390,86.7,13.7,131,1366,0.00,2.08,0.00,0.000,5126,0.000,0.019,2869,2054,1507,1624,1390,0,0,0,0,0,0,28.83,25.81,28.83
$GC,1398,0.74,210.7,2869,2051,1624,1389,82.4,10.8,135,1399,0.00,0.00,0.00,0.000,4102,0.000,0.000,2869,2051,1506,1624,1389,0,0,0,0,0,0,28.83,28.83,28.83
$GC,1427,0.74,210.7,2869,2050,1623,1388,79.4,9.7,138,1437,0.00,2.10,0.00,0.000,4356,0.000,0.034,2869,3426,1506,1623,1389,0,0,0,0,0,0,28.83,25.84,28.83
$GC,1460,0.74,210.7,2869,3426,1623,1389,75.1,12.7,141,1469,0.00,2.08,0.00,0.000,5126,0.000,0.020,2869,2016,1505,1623,1388,0,0,0,0,0,0,28.83,25.98,28.83
$GC,1500,0.74,210.7,2869,2013,1624,1387,70.2,12.1,145,1501,0.00,0.00,0.00,0.000,4102,0.000,0.000,2869,2013,1505,1623,1387,0,0,0,0,0,0,28.83,28.83,28.83
$GC,1530,0.74,210.7,2869,2013,1624,1387,66.9,10.8,148,1531,0.00,0.00,0.00,0.000,4102,0.000,0.000,2870,2013,1505,1624,1387,0,0,0,0,0,0,28.83,28.83,28.83
$GC,1560,0.74,210.7,2869,2013,1624,1387,63.9,10.2,151,1562,0.00,0.00,0.00,0.000,4102,0.000,0.000,2869,2013,1505,1624,1387,0,0,0,0,0,0,28.83,28.83,28.83
$GC,1590,0.74,210.7,2869,2012,1624,1387,61.2,9.2,154,1600,0.00,2.15,0.00,0.000,4356,0.000,0.034,2869,3430,1505,1623,1387,0,0,0,0,0,0,28.83,25.99,28.83
$GC,1653,0.74,210.7,2869,3431,1623,1387,54.8,10.2,160,1662,0.00,2.05,0.00,0.000,5126,0.000,0.020,2869,2027,1505,1623,1387,0,0,0,0,0,0,28.83,26.14,28.83
$GC,1694,0.74,210.7,2869,2023,1624,1386,50.4,11.0,164,1695,0.00,0.00,0.00,0.000,4102,0.000,0.000,2869,2024,1504,1623,1386,0,0,0,0,0,0,28.83,28.83,28.83
$GC,1724,0.74,210.7,2869,2024,1623,1386,47.4,9.9,167,1732,0.00,2.10,0.00,0.000,4356,0.000,0.034,2869,3430,1504,1623,1386,0,0,0,0,0,0,28.83,26.06,28.83
$GC,1776,0.74,210.7,2869,3429,1623,1386,41.7,11.0,172,1785,0.00,2.05,0.00,0.000,5126,0.000,0.020,2869,2021,1504,1623,1386,0,0,0,0,0,0,28.83,26.19,28.83
$GC,1816,0.74,210.7,2869,2018,1623,1386,37.6,10.2,176,1817,0.00,0.00,0.00,0.000,4102,0.000,0.000,2869,2018,1504,1623,1386,0,0,0,0,0,0,28.83,28.83,28.83
$GC,1847,0.74,210.7,2869,2017,1624,1386,34.8,9.7,179,1848,0.00,0.00,0.00,0.000,4102,0.000,0.000,2869,2017,1504,1623,1386,0,0,0,0,0,0,28.83,28.83,28.83
$GC,1876,0.74,210.7,2869,2017,1624,1386,32.1,9.1,182,1877,0.00,0.00,0.00,0.000,4102,0.000,0.000,2869,2017,1505,1624,1386,0,0,0,0,0,0,28.83,28.83,28.83
$GC,1906,0.80,262.9,2869,2017,1624,1386,29.8,7.6,185,1956,0.00,2.22,41.05,0.463,10500,0.000,0.035,2869,3426,1301,1421,1181,0,0,0,0,0,0,28.83,25.76,24.31
$GC,2001,0.80,262.9,2016,3425,1400,1175,21.6,9.7,194,2010,0.00,2.12,0.00,0.000,3078,0.000,0.021,2869,2029,1299,1421,1177,0,0,0,0,0,0,28.83,25.39,28.83
$GC,2040,0.86,262.9,2869,2025,1422,1175,18.1,8.7,198,2050,0.10,2.10,0.00,0.000,2564,0.093,0.031,2923,629,1298,1421,1175,0,0,0,0,0,0,26.15,25.88,28.83
$GC,2075,0.86,262.9,2923,629,1418,1175,14.9,8.9,201,2083,0.10,2.10,0.00,0.000,5126,0.153,0.024,2899,2037,1296,1418,1175,0,0,0,0,0,0,25.78,26.01,28.83
$GC,2113,0.86,262.9,2899,2037,1417,1175,10.8,10.3,205,2122,0.00,2.10,0.00,0.000,260,0.000,0.034,2899,3439,1296,1417,1175,0,0,0,0,0,0,28.83,25.95,28.83
$GC,2156,0.86,262.9,2899,3439,1417,1175,6.0,11.8,209,2165,0.00,2.08,0.00,0.000,1030,0.000,0.021,2901,2023,1296,1418,1175,0,0,0,0,0,0,28.83,26.08,28.83
$STATE,2183,end climb,SURFACE_DEPTH_REACHED
$STATE,2183,begin surface coast
$FINISH,0.7,1.022104
$STATE,2205,end surface coast,CONTROL_FINISHED_OK
$STATE,2205,begin surface
$SM_CCo,2221,162.82,0.425,1,0,464,473.51
$SM_GC,-5.89,7.43,0.00,162.82,0.061,0.000,0.425,233,2019,464,-7.39,-0.31,473.51,0,0,0,0,1,0,26.08,28.83,24.14
$IRIDIUM_FIX,4729.30,-12223.11,260608,080813
$TT8_MAMPS,0.028462,0.028462
$HUMID,42.83
$INTERNAL_PRESSURE,8.15502
$TCM_TEMP,16.60
$XPDR_PINGS,98
$ALTIM_TOP_PING,19.8,25.8
$24V_AH,24.0,55.431
$10V_AH,9.9,26.884
$FG_AHR_24Vo,0.000
$FG_AHR_10Vo,0.000
$DEVICES,Pitch_motor,Roll_motor,VBD_pump_during_apogee,VBD_pump_during_surface,VBD_valve,Iridium_during_init,Iridium_during_connect,Iridium_during_xfer,Transponder_ping,GUMSTIX_24V,GPS,TT8,LPSleep,TT8_Active,TT8_Sampling,TT8_CF8,TT8_Kalman,Analog_circuits,GPS_charging,Compass,RAFOS,Transponder,Compass2
$DEVICE_SECS,20.450,54.675,333.350,162.825,0.000,25.960,27.906,180.567,27.000,0.000,16.611,596.780,605.313,616.675,795.776,137.418,0.000,1030.587,0.000,545.399,0.000,16.402,0.000
$DEVICE_MAMPS,224.910,41.310,517.905,425.340,0.000,43.600,160.000,223.000,420.000,0.000,28.460,13.960,2.190,13.960,37.930,44.670,0.000,16.000,0.000,15.730,0.000,30.000,0.000
$SENSORS,SBE_CT,AA4330,WL_BB2FLVMG,nil,nil,nil,nil,nil,nil,nil
$SENSOR_SECS,140.780,280.250,368.775,0.000,0.000,0.000,0.000,0.000,0.000,0.000
$SENSOR_MAMPS,23.220,33.000,105.000,0.000,0.000,0.000,0.000,0.000,0.000,0.000
$MEM,323396
$DATA_FILE_SIZE,17105,214
$CAP_FILE_SIZE,70407,0
$CFSIZE,260165632,240758784
$ERRORS,0,0,0,0,0,0,0,0,0,0,0,0,0,1,0,0
$CURRENT,0.198, 69.5,1
$GPS,060626,004627,4751.561,-12224.178,8,2.0,36,18.3
