version: 66.11
glider: 175
mission: 11
dive: 337
start: 6 4 126 2 17 20
data:
$ID,175
$MISSION,11
$DIVE,337
$N_DIVES,0
$D_SURF,3
$D_FLARE,3
$D_TGT,200
$D_ABORT,1090
$D_NO_BLEED,50
$D_BOOST,3
$T_BOOST,0
$D_FINISH,0
$D_PITCH,0
$D_SAFE,0
$D_CALL,0
$SURFACE_URGENCY,0
$SURFACE_URGENCY_TRY,0
$SURFACE_URGENCY_FORCE,0
$T_DIVE,67
$T_MISSION,82
$T_ABORT,1440
$T_TURN,300
$T_TURN_SAMPINT,5
$T_NO_W,120
$T_LOITER,0
$T_EPIRB,0
$USE_BATHY,0
$USE_ICE,0
$ICE_FREEZE_MARGIN,0.30000001
$D_OFFGRID,100
$T_WATCHDOG,10
$RELAUNCH,1
$APOGEE_PITCH,-8
$MAX_BUOY,150
$COURSE_BIAS,0
$GLIDE_SLOPE,30
$SPEED_FACTOR,1
$RHO,1.0235
$MASS,51878
$MASS_COMP,0
$NAV_MODE,2
$FERRY_MAX,45
$KALMAN_USE,2
$HD_A,0.0024900001
$HD_B,0.0091000004
$HD_C,5.7000002e-06
$HEADING,-1
$ESCAPE_HEADING,0
$ESCAPE_HEADING_DELTA,10
$FIX_MISSING_TIMEOUT,0
$TGT_DEFAULT_LAT,47.766998
$TGT_DEFAULT_LON,-122.413
$TGT_AUTO_DEFAULT,0
$SM_CC,473.51199
$N_FILEKB,4
$FILEMGR,0
$CALL_NDIVES,1
$COMM_SEQ,0
$PROTOCOL,9
$N_NOCOMM,1
$NOCOMM_ACTION,0
$N_NOSURFACE,0
$UPLOAD_DIVES_MAX,-1
$CALL_TRIES,5
$CALL_WAIT,60
$CAPUPLOAD,1
$CAPMAXSIZE,200000
$HEAPDBG,0
$T_GPS,15
$N_GPS,30
$T_GPS_ALMANAC,0
$T_GPS_CHARGE,-39303.168
$T_RSLEEP,2
$STROBE,0
$RAFOS_PEAK_OFFSET,1.5
$RAFOS_CORR_THRESH,60
$RAFOS_HIT_WINDOW,3600
$PITCH_MIN,255
$PITCH_MAX,3935
$C_PITCH,2626
$PITCH_DBAND,0.0099999998
$PITCH_CNV,0.003125763
$P_OVSHOOT,0.039999999
$PITCH_GAIN,30
$PITCH_TIMEOUT,17
$PITCH_AD_RATE,160
$PITCH_MAXERRORS,1
$PITCH_ADJ_GAIN,0.02
$PITCH_ADJ_DBAND,2.5
$ROLL_MIN,171
$ROLL_MAX,3723
$ROLL_DEG,40
$C_ROLL_DIVE,2030
$C_ROLL_CLIMB,2030
$HEAD_ERRBAND,10
$ROLL_CNV,0.028270001
$ROLL_TIMEOUT,15
$R_PORT_OVSHOOT,66
$R_STBD_OVSHOOT,50
$ROLL_AD_RATE,300
$ROLL_MAXERRORS,2
$ROLL_ADJ_GAIN,0
$ROLL_ADJ_DBAND,0
$VBD_MIN,465
$VBD_MAX,3960
$C_VBD,2350
$VBD_DBAND,2
$VBD_CNV,-0.25119999
$VBD_TIMEOUT,720
$PITCH_VBD_SHIFT,0.0012300001
$VBD_PUMP_AD_RATE_SURFACE,5
$VBD_PUMP_AD_RATE_APOGEE,4
$VBD_BLEED_AD_RATE,8
$UNCOM_BLEED,60
$VBD_MAXERRORS,1
$W_ADJ_DBAND,2
$DBDW,0
$PITCH_W_GAIN,0
$PITCH_W_DBAND,1
$CF8_MAXERRORS,5
$AH0_24V,145
$AH0_10V,95
$MINV_24V,19
$MINV_10V,8
$FG_AHR_10V,0
$FG_AHR_24V,0
$PHONE_SUPPLY,2
$PRESSURE_YINT,-13.51214
$PRESSURE_SLOPE,0.0001165895
$AD7714Ch0Gain,128
$TCM_PITCH_OFFSET,0
$TCM_ROLL_OFFSET,0
$COMPASS_USE,4
$ALTIM_BOTTOM_PING_RANGE,0
$ALTIM_TOP_PING_RANGE,20
$ALTIM_BOTTOM_TURN_MARGIN,25
$ALTIM_TOP_TURN_MARGIN,0
$ALTIM_TOP_MIN_OBSTACLE,1
$ALTIM_PING_DEPTH,60
$ALTIM_PING_DELTA,5
$ALTIM_FREQUENCY,13
$ALTIM_PULSE,3
$ALTIM_SENSITIVITY,4
$XPDR_VALID,5
$XPDR_INHIBIT,90
$INT_PRESSURE_SLOPE,0.0097660003
$INT_PRESSURE_YINT,-0.40000001
$DEEPGLIDER,0
$DEEPGLIDERMB,0
$MOTHERBOARD,4
$DEVICE1,2
$DEVICE2,101
$DEVICE3,38
$DEVICE4,-1
$DEVICE5,-1
$DEVICE6,-1
$LOGGERS,7
$LOGGERDEVICE1,-1
$LOGGERDEVICE2,-1
$LOGGERDEVICE3,-1
$LOGGERDEVICE4,-1
$COMPASS_DEVICE,33
$COMPASS2_DEVICE,-1
$PHONE_DEVICE,49
$GPS_DEVICE,32
$RAFOS_DEVICE,-1
$XPDR_DEVICE,24
$SIM_W,0
$SIM_PITCH,0
$SEABIRD_T_G,0.0043137739
$SEABIRD_T_H,0.00062868668
$SEABIRD_T_I,2.2691316e-05
$SEABIRD_T_J,2.2586789e-06
$SEABIRD_C_G,-10.021329
$SEABIRD_C_H,1.1236943
$SEABIRD_C_I,-0.0013673168
$SEABIRD_C_J,0.00018808816
$GPS1,040626,020859,4750.375,-12222.947,10,1.6,10,18.2
$_CALLS,2
$_XMS_NAKs,0
$_XMS_TOUTs,0
$_SM_DEPTHo,-5.26
$_SM_ANGLEo,-66.4
$GPS2,040626,021653,4750.388,-12222.869,13,1.8,13,18.2
$SPEED_LIMITS,0.172,0.272
$TGT_NAME,NORTHB_175
$TGT_LATLONG,4752.440,-12223.580
$TGT_RADIUS,200.000
$KALMAN_CONTROL,0.079,0.297
$KALMAN_X,-30076.6,-183.3,-72.9,29774.7,-185.0
$KALMAN_Y,25757.5,-625.9,-357.4,-36445.5,446.9
$MHEAD_RNG_PITCHd_Wd,299.4,3901,-16.1,-9.950,-20.11,2242
$D_GRID,200
$GCHEAD,st_secs,pitch_ctl,vbd_ctl,pitch_ad_start,roll_ad_start,vbd_pot1_ad_start,vbd_pot2_ad_start,depth,ob_vertv,data_pts,end_secs,pitch_secs,roll_secs,vbd_secs,vbd_i,gcphase,pitch_i,roll_i,pitch_ad,roll_ad,vbd_ad,vbd_pot1_ad,vbd_pot2_ad,pitch_retries,pitch_errors,roll_retries,roll_errors,vbd_retries,vbd_errors,pitch_volts,roll_volts,vbd_volts
$STATE,13,end surface,CONTROL_FINISHED_OK
$STATE,13,begin dive
$GC,15,-0.72,-146.6,236,2019,488,424,0.0,0.0,0,109,0.00,0.00,-87.00,0.000,16390,0.000,0.000,236,2019,2936,3021,2851,0,0,0,0,0,0,28.83,28.83,26.13
$GC,112,-0.72,-146.6,236,2020,3021,2851,-0.8,-8.6,9,130,9.00,2.08,0.00,0.000,2564,0.228,0.029,2391,640,2940,3030,2851,0,0,0,0,0,0,24.79,25.96,28.83
$GC,235,-0.54,-146.6,2391,640,3037,2848,28.8,-18.5,21,245,0.20,2.05,0.00,0.000,3078,0.182,0.030,2440,2019,2943,3039,2847,0,0,0,0,0,0,24.94,26.03,28.83
$GC,275,-0.40,-146.6,2440,2020,3040,2845,35.4,-16.5,25,284,0.15,2.15,0.00,0.000,2308,0.154,0.038,2478,3442,2943,3042,2845,0,0,0,0,0,0,25.82,25.96,28.83
$GC,318,-0.34,-146.6,2477,3442,3047,2843,41.3,-13.8,29,327,0.10,2.03,0.00,0.000,3078,0.119,0.018,2511,1997,2945,3048,2842,0,0,0,0,0,0,25.85,26.20,28.83
$GC,358,-0.34,-146.6,2511,1997,3048,2841,45.6,-10.8,33,359,0.00,0.00,0.00,0.000,2054,0.000,0.000,2512,1997,2945,3049,2841,0,0,0,0,0,0,28.83,28.83,28.83
$GC,388,-0.34,-146.6,2511,1997,3049,2840,47.9,-8.4,36,397,0.00,2.22,0.00,0.000,2308,0.000,0.040,2508,3439,2944,3049,2840,0,0,0,0,0,0,28.83,25.98,28.83
$GC,432,-0.34,-146.6,2508,3439,3049,2841,51.2,-7.6,40,440,0.00,2.03,0.00,0.000,3078,0.000,0.018,2508,2048,2945,3050,2841,0,0,0,0,0,0,28.83,26.25,28.83
$GC,470,-0.34,-146.6,2507,2046,3050,2840,54.5,-8.2,44,471,0.00,0.00,0.00,0.000,2054,0.000,0.000,2508,2047,2945,3050,2840,0,0,0,0,0,0,28.83,28.83,28.83
$GC,501,-0.34,-146.6,2508,2046,3050,2839,56.9,-8.1,47,502,0.00,0.00,0.00,0.000,2054,0.000,0.000,2508,2047,2944,3050,2839,0,0,0,0,0,0,28.83,28.83,28.83
$GC,530,-0.34,-146.6,2507,2047,3050,2839,59.7,-9.4,50,543,0.00,2.12,0.00,0.000,2308,0.000,0.041,2507,3433,2944,3050,2839,0,0,0,0,0,0,28.83,26.01,28.83
$GC,558,-0.34,-146.6,1696,3433,3022,2834,62.2,-9.5,52,565,0.00,2.05,0.00,0.000,3078,0.000,0.018,2506,2027,2944,3050,2839,0,0,0,0,0,0,28.83,26.28,28.83
$GC,596,-0.34,-146.6,2508,2026,3051,2839,66.3,-10.1,56,605,0.00,2.15,0.00,0.000,2308,0.000,0.040,2507,3435,2944,3050,2839,0,0,0,0,0,0,28.83,26.04,28.83
$GC,651,-0.34,-146.6,2507,3435,3051,2839,71.1,-8.9,61,659,0.00,2.05,0.00,0.000,3078,0.000,0.018,2507,2033,2944,3051,2838,0,0,0,0,0,0,28.83,26.29,28.83
$GC,689,-0.34,-146.6,2507,2031,3051,2839,74.7,-9.0,65,699,0.00,2.15,0.00,0.000,2308,0.000,0.040,2507,3442,2945,3051,2839,0,0,0,0,0,0,28.83,26.06,28.83
$GC,724,-0.34,-146.6,1696,3441,3022,2833,77.6,-8.9,68,732,0.00,2.08,0.00,0.000,3078,0.000,0.018,2507,2022,2944,3051,2838,0,0,0,0,0,0,28.83,26.31,28.83
$GC,763,-0.34,-146.6,2507,2021,3051,2838,81.1,-8.8,72,764,0.00,0.00,0.00,0.000,2054,0.000,0.000,2507,2021,2945,3051,2839,0,0,0,0,0,0,28.83,28.83,28.83
$GC,793,-0.34,-146.6,2507,2021,3051,2838,83.8,-9.2,75,802,0.00,2.15,0.00,0.000,2308,0.000,0.041,2507,3442,2944,3051,2838,0,0,0,0,0,0,28.83,26.04,28.83
$GC,856,-0.39,-146.6,2507,3442,3051,2838,89.4,-8.8,81,866,0.00,2.03,0.00,0.000,5126,0.000,0.019,2507,2024,2944,3051,2838,0,0,0,0,0,0,28.83,26.31,28.83
$GC,896,-0.39,-146.6,2507,2024,3051,2839,92.8,-8.7,85,897,0.00,0.00,0.00,0.000,4102,0.000,0.000,2508,2024,2944,3051,2838,0,0,0,0,0,0,28.83,28.83,28.83
$GC,927,-0.45,-146.6,2507,2024,3051,2838,95.5,-8.6,88,937,0.10,2.17,0.00,0.000,4356,0.103,0.038,2452,3452,2944,3051,2838,0,0,0,0,0,0,26.41,26.08,28.83
$GC,960,-0.45,-146.6,2452,3452,3051,2838,99.4,-10.9,91,971,0.08,2.03,0.00,0.000,3078,0.240,0.019,2475,2008,2944,3051,2838,0,0,0,0,0,0,24.13,26.32,28.83
$GC,1000,-0.45,-146.6,2475,2007,3050,2837,104.2,-12.1,95,1001,0.00,0.00,0.00,0.000,2054,0.000,0.000,2475,2008,2944,3051,2837,0,0,0,0,0,0,28.83,28.83,28.83
$GC,1030,-0.45,-146.6,2474,2007,3051,2837,107.8,-12.0,98,1031,0.00,0.00,0.00,0.000,2054,0.000,0.000,2475,2008,2944,3051,2837,0,0,0,0,0,0,28.83,28.83,28.83
$GC,1060,-0.45,-146.6,2474,2007,3052,2837,111.6,-12.5,101,1061,0.00,0.00,0.00,0.000,2054,0.000,0.000,2475,2007,2944,3051,2837,0,0,0,0,0,0,28.83,28.83,28.83
$GC,1090,-0.45,-146.6,2475,2007,3051,2837,115.3,-12.0,104,1091,0.00,0.00,0.00,0.000,2054,0.000,0.000,2475,2007,2944,3051,2837,0,0,0,0,0,0,28.83,28.83,28.83
$GC,1120,-0.45,-146.6,2475,2007,3051,2837,118.9,-12.0,107,1129,0.00,2.15,0.00,0.000,2308,0.000,0.040,2468,3434,2944,3051,2837,0,0,0,0,0,0,28.83,26.10,28.83
$GC,1173,-0.45,-146.6,2467,3434,3051,2837,124.8,-11.1,112,1183,0.00,2.00,0.00,0.000,3078,0.000,0.018,2468,2029,2944,3052,2837,0,0,0,0,0,0,28.83,26.34,28.83
$GC,1213,-0.45,-146.6,2468,2027,3051,2837,129.4,-11.3,116,1214,0.00,0.00,0.00,0.000,2054,0.000,0.000,2468,2027,2944,3051,2837,0,0,0,0,0,0,28.83,28.83,28.83
$GC,1243,-0.45,-146.6,2467,2027,3051,2837,132.5,-10.4,119,1245,0.00,0.00,0.00,0.000,2054,0.000,0.000,2468,2027,2944,3051,2837,0,0,0,0,0,0,28.83,28.83,28.83
$GC,1274,-0.45,-146.6,2467,2027,3051,2837,135.8,-10.8,122,1284,0.00,2.12,0.00,0.000,2308,0.000,0.041,2465,3431,2944,3051,2837,0,0,0,0,0,0,28.83,26.09,28.83
$GC,1306,-0.45,-146.6,2465,3431,3051,2837,139.6,-11.4,125,1318,0.00,2.00,0.00,0.000,3078,0.000,0.018,2465,2027,2944,3051,2837,0,0,0,0,0,0,28.83,26.34,28.83
$GC,1346,-0.45,-146.6,2465,2027,3051,2837,144.2,-11.7,129,1348,0.00,0.00,0.00,0.000,2054,0.000,0.000,2465,2027,2944,3051,2837,0,0,0,0,0,0,28.83,28.83,28.83
$GC,1376,-0.45,-146.6,2465,2026,3051,2837,147.4,-11.0,132,1378,0.00,0.00,0.00,0.000,2054,0.000,0.000,2465,2027,2943,3050,2837,0,0,0,0,0,0,28.83,28.83,28.83
$GC,1410,-0.45,-146.6,2465,2027,3051,2837,150.8,-10.9,135,1416,0.00,0.00,0.00,0.000,2054,0.000,0.000,2465,2026,2944,3051,2837,0,0,0,0,0,0,28.83,28.83,28.83
$STATE,1425,end dive,BOTTOM_OBSTACLE_DETECTED
$STATE,1425,begin apogee
$GC,1429,-0.27,0.0,2465,2027,3051,2837,152.9,-10.9,137,1559,0.20,0.00,125.05,0.552,10246,0.130,0.000,2531,2026,2351,2441,2262,0,0,0,0,0,0,25.95,28.83,23.92
$STATE,1561,end apogee,CONTROL_FINISHED_OK
$STATE,1561,begin climb
$GC,1563,0.72,146.6,2531,2027,2440,2261,161.9,0.0,150,1691,1.00,2.20,118.15,0.542,10756,0.106,0.035,2857,664,1765,1877,1653,0,0,0,0,0,0,25.12,25.30,23.96
$GC,1711,0.72,146.6,1992,664,1832,1649,153.1,9.3,165,1719,0.00,2.10,0.00,0.000,1030,0.000,0.021,2857,2034,1761,1869,1653,0,0,0,0,0,0,28.83,25.59,28.83
$GC,1749,0.72,146.6,2856,2034,1869,1653,149.0,10.3,169,1758,0.00,2.12,0.00,0.000,260,0.000,0.033,2857,3442,1760,1869,1651,0,0,0,0,0,0,28.83,25.67,28.83
$GC,1782,0.72,146.6,2857,3442,1869,1650,145.1,11.6,172,1786,0.00,2.08,0.00,0.000,1030,0.000,0.021,2857,2046,1759,1869,1650,0,0,0,0,0,0,28.83,25.83,28.83
$GC,1825,0.72,146.6,2856,2042,1868,1650,140.3,11.5,176,1833,0.00,2.10,0.00,0.000,516,0.000,0.033,2866,639,1759,1868,1650,0,0,0,0,0,0,28.83,25.84,28.83
$GC,1838,0.72,146.6,2866,639,1866,1650,139.4,10.2,177,1846,0.00,2.12,0.00,0.000,5126,0.000,0.022,2866,2041,1758,1866,1650,0,0,0,0,0,0,28.83,25.94,28.83
$GC,1876,0.72,146.6,2866,2041,1866,1650,134.7,11.1,181,1885,0.00,2.12,0.00,0.000,4356,0.000,0.035,2866,3439,1758,1866,1650,0,0,0,0,0,0,28.83,25.89,28.83
$GC,1902,0.72,146.6,1960,3437,1825,1644,132.2,10.8,183,1910,0.00,2.10,0.00,0.000,5126,0.000,0.020,2869,2021,1758,1866,1650,0,0,0,0,0,0,28.83,25.70,28.83
$GC,1939,0.65,146.6,2869,2018,1865,1649,127.5,11.8,187,1941,0.12,0.00,0.00,0.000,4102,0.164,0.000,2838,2018,1758,1866,1650,0,0,0,0,0,0,25.90,28.83,28.83
$GC,1968,0.65,146.6,2838,2018,1866,1649,124.8,9.4,190,1977,0.00,2.17,0.00,0.000,4356,0.000,0.035,2838,3439,1757,1866,1649,0,0,0,0,0,0,28.83,25.96,28.83
$GC,2001,0.65,146.6,2838,3439,1866,1649,121.8,9.2,193,2010,0.00,2.05,0.00,0.000,5126,0.000,0.019,2842,2026,1757,1866,1649,0,0,0,0,0,0,28.83,26.10,28.83
$GC,2041,0.72,207.7,2841,2025,1866,1649,118.9,7.2,197,2092,0.00,0.00,48.28,0.518,10246,0.000,0.000,2842,2024,1523,1639,1407,0,0,0,0,0,0,28.83,28.83,24.22
$GC,2121,0.78,251.6,2841,2024,1638,1403,113.0,7.9,205,2162,0.10,2.28,34.70,0.498,10500,0.094,0.039,2895,3430,1348,1461,1235,0,0,0,0,0,0,25.91,25.47,24.14
$GC,2186,0.71,251.6,2895,3430,1461,1232,105.3,12.8,211,2197,0.15,2.10,0.00,0.000,5126,0.157,0.022,2859,2028,1346,1462,1231,0,0,0,0,0,0,25.35,25.67,28.83
$GC,2225,0.71,251.6,2859,2024,1462,1229,99.9,13.6,215,2236,0.00,2.12,0.00,0.000,4612,0.000,0.034,2859,633,1344,1461,1227,0,0,0,0,0,0,28.83,25.72,28.83
$GC,2240,0.71,251.6,2859,633,1461,1226,99.0,12.6,216,2248,0.00,2.12,0.00,0.000,5126,0.000,0.022,2859,2034,1343,1461,1226,0,0,0,0,0,0,28.83,25.85,28.83
$GC,2280,0.71,251.6,2859,2034,1460,1226,94.1,10.6,220,2289,0.00,2.10,0.00,0.000,4356,0.000,0.035,2859,3431,1343,1460,1226,0,0,0,0,0,0,28.83,25.83,28.83
$GC,2313,0.71,251.6,2000,3429,1437,1223,90.4,11.6,223,2322,0.00,2.10,0.00,0.000,5126,0.000,0.021,2859,2034,1342,1460,1225,0,0,0,0,0,0,28.83,25.98,28.83
$GC,2351,0.71,251.6,2859,2029,1460,1224,85.7,11.8,227,2353,0.00,0.00,0.00,0.000,4102,0.000,0.000,2859,2029,1342,1460,1224,0,0,0,0,0,0,28.83,28.83,28.83
$GC,2381,0.71,251.6,2858,2029,1460,1224,82.2,11.5,230,2383,0.00,0.00,0.00,0.000,4102,0.000,0.000,2859,2029,1342,1460,1224,0,0,0,0,0,0,28.83,28.83,28.83
$GC,2412,0.71,251.6,2859,2029,1460,1224,78.7,11.6,233,2421,0.00,2.10,0.00,0.000,4356,0.000,0.034,2859,3428,1342,1460,1224,0,0,0,0,0,0,28.83,25.96,28.83
$GC,2444,0.71,251.6,2859,3428,1460,1224,74.7,11.9,236,2453,0.00,2.05,0.00,0.000,5126,0.000,0.020,2859,2024,1342,1460,1224,0,0,0,0,0,0,28.83,26.10,28.83
$GC,2484,0.71,251.6,2859,2019,1460,1224,70.4,10.7,240,2485,0.00,0.00,0.00,0.000,4102,0.000,0.000,2859,2019,1342,1460,1224,0,0,0,0,0,0,28.83,28.83,28.83
$GC,2514,0.71,251.6,2859,2019,1460,1224,67.7,9.5,243,2524,0.00,2.15,0.00,0.000,4356,0.000,0.034,2859,3440,1342,1460,1224,0,0,0,0,0,0,28.83,26.01,28.83
$GC,2557,0.71,251.6,2858,3440,1460,1223,63.7,9.2,247,2567,0.00,2.08,0.00,0.000,5126,0.000,0.021,2859,2022,1341,1460,1223,0,0,0,0,0,0,28.83,26.13,28.83
$GC,2597,0.71,251.6,2859,2019,1460,1223,60.0,8.9,251,2606,0.00,2.10,0.00,0.000,4612,0.000,0.034,2859,628,1341,1460,1223,0,0,0,0,0,0,28.83,26.03,28.83
$GC,2630,0.78,251.6,2859,628,1459,1223,56.9,9.7,254,2633,0.00,2.08,0.00,0.000,3078,0.000,0.027,2859,2031,1340,1458,1223,0,0,0,0,0,0,28.83,26.06,28.83
$GC,2672,0.84,251.6,2859,2031,1458,1223,52.5,10.6,258,2681,0.12,2.08,0.00,0.000,2308,0.082,0.034,2924,3424,1340,1458,1223,0,0,0,0,0,0,26.34,26.06,28.83
$GC,2725,0.77,251.6,2924,3423,1458,1223,44.0,16.9,263,2736,0.22,2.03,0.00,0.000,5126,0.150,0.020,2874,2025,1340,1458,1223,0,0,0,0,0,0,25.67,26.21,28.83
$GC,2764,0.77,251.6,2874,2021,1458,1223,38.5,13.8,267,2775,0.00,2.08,0.00,0.000,516,0.000,0.033,2882,637,1340,1458,1222,0,0,0,0,0,0,28.83,26.09,28.83
$GC,2780,0.77,251.6,2882,638,1458,1222,37.7,12.4,268,2787,0.00,2.10,0.00,0.000,5126,0.000,0.026,2882,2037,1340,1458,1223,0,0,0,0,0,0,28.83,26.06,28.83
$GC,2819,0.77,251.6,2882,2037,1458,1222,33.4,9.5,272,2828,0.00,2.08,0.00,0.000,4356,0.000,0.036,2882,3428,1340,1458,1222,0,0,0,0,0,0,28.83,26.09,28.83
$GC,2861,0.77,251.6,2882,3428,1458,1222,28.6,11.6,276,2870,0.00,2.00,0.00,0.000,5126,0.000,0.021,2882,2035,1340,1458,1223,0,0,0,0,0,0,28.83,26.22,28.83
$GC,2901,0.77,251.6,2882,2031,1458,1222,23.4,12.9,280,2910,0.00,2.10,0.00,0.000,4612,0.000,0.034,2882,631,1340,1458,1222,0,0,0,0,0,0,28.83,26.10,28.83
$GC,2923,0.77,251.6,2882,631,1458,1222,20.7,12.3,282,2927,0.00,2.08,0.00,0.000,5126,0.000,0.025,2882,2036,1339,1457,1222,0,0,0,0,0,0,28.83,26.10,28.83
$GC,2964,0.77,251.6,2882,2036,1457,1222,16.6,10.1,286,2974,0.00,2.10,0.00,0.000,4356,0.000,0.034,2882,3432,1339,1456,1222,0,0,0,0,0,0,28.83,26.13,28.83
$GC,3037,0.77,251.6,2882,3432,1456,1222,7.8,12.4,293,3046,0.00,2.08,0.00,0.000,5126,0.000,0.022,2882,2025,1339,1457,1222,0,0,0,0,0,0,28.83,26.11,28.83
$GC,3078,0.77,251.6,2882,2021,1457,1222,3.5,10.8,297,3087,0.00,2.10,0.00,0.000,4612,0.000,0.034,2882,630,1339,1457,1222,0,0,0,0,0,0,28.83,26.12,28.83
$STATE,3089,end climb,SURFACE_DEPTH_REACHED
$STATE,3090,begin surface coast
$FINISH,0.9,1.021762
$STATE,3111,end surface coast,CONTROL_FINISHED_OK
$STATE,3111,begin surface
$SM_CCo,3129,171.52,0.432,1,0,464,473.51
$SM_GC,-5.27,7.28,2.10,171.52,0.057,0.022,0.432,236,2031,464,-7.38,-1.53,473.51,0,0,0,0,1,0,26.15,26.25,24.15
$IRIDIUM_FIX,4729.30,-12218.68,240608,111135
$TT8_MAMPS,0.027713,0.027713
$HUMID,43.26
$INTERNAL_PRESSURE,8.15502
$TCM_TEMP,19.70
$XPDR_PINGS,163
$ALTIM_TOP_PING,19.6,999.0
$ALTIM_BOTTOM_PING,150.8,26.9
$24V_AH,23.9,50.992
$10V_AH,9.8,24.737
$FG_AHR_24Vo,0.000
$FG_AHR_10Vo,0.000
$DEVICES,Pitch_motor,Roll_motor,VBD_pump_during_apogee,VBD_pump_during_surface,VBD_valve,Iridium_during_init,Iridium_during_connect,Iridium_during_xfer,Transponder_ping,GUMSTIX_24V,GPS,TT8,LPSleep,TT8_Active,TT8_Sampling,TT8_CF8,TT8_Kalman,Analog_circuits,GPS_charging,Compass,RAFOS,Transponder,Compass2
$DEVICE_SECS,18.825,113.250,326.175,171.525,0.000,50.451,59.243,193.323,46.250,0.000,16.033,847.681,921.659,702.435,1136.090,188.318,0.000,1314.968,0.000,809.077,0.000,37.426,0.000
$DEVICE_MAMPS,240.210,41.310,552.330,432.225,0.000,43.600,160.000,223.000,420.000,0.000,28.460,13.960,2.190,13.960,37.930,44.670,0.000,16.000,0.000,15.730,0.000,30.000,0.000
$SENSORS,SBE_CT,AA4330,WL_BB2FLVMG,nil,nil,nil,nil,nil,nil,nil
$SENSOR_SECS,198.060,393.177,517.053,0.000,0.000,0.000,0.000,0.000,0.000,0.000
$SENSOR_MAMPS,23.220,33.000,105.000,0.000,0.000,0.000,0.000,0.000,0.000,0.000
$MEM,354216
$DATA_FILE_SIZE,20372,300
$CAP_FILE_SIZE,102668,0
$CFSIZE,260165632,242810880
$ERRORS,0,0,0,0,0,0,0,0,0,0,0,0,0,1,0,0
$CURRENT,0.131, 49.9,1
$GPS,040626,031333,4750.876,-12223.024,11,1.9,27,18.2
