version: 66.11
glider: 175
mission: 11
dive: 3
start: 5 22 126 16 45 31
data:
$ID,175
$MISSION,11
$DIVE,3
$N_DIVES,0
$D_SURF,3
$D_FLARE,3
$D_TGT,80
$D_ABORT,1090
$D_NO_BLEED,50
$D_BOOST,3
$T_BOOST,0
$D_FINISH,0
$D_PITCH,0
$D_SAFE,0
$D_CALL,0
$SURFACE_URGENCY,0
$SURFACE_URGENCY_TRY,0
$SURFACE_URGENCY_FORCE,0
$T_DIVE,25
$T_MISSION,40
$T_ABORT,1440
$T_TURN,300
$T_TURN_SAMPINT,5
$T_NO_W,120
$T_LOITER,0
$T_EPIRB,0
$USE_BATHY,0
$USE_ICE,0
$ICE_FREEZE_MARGIN,0.30000001
$D_OFFGRID,100
$T_WATCHDOG,10
$RELAUNCH,1
$APOGEE_PITCH,-8
$MAX_BUOY,150
$COURSE_BIAS,0
$GLIDE_SLOPE,30
$SPEED_FACTOR,1
$RHO,1.023
$MASS,51878
$MASS_COMP,0
$NAV_MODE,1
$FERRY_MAX,45
$KALMAN_USE,1
$HD_A,0.003
$HD_B,0.0099999998
$HD_C,9.9999997e-06
$HEADING,-1
$ESCAPE_HEADING,0
$ESCAPE_HEADING_DELTA,10
$FIX_MISSING_TIMEOUT,0
$TGT_DEFAULT_LAT,47.766998
$TGT_DEFAULT_LON,-122.413
$TGT_AUTO_DEFAULT,0
$SM_CC,423.31998
$N_FILEKB,4
$FILEMGR,0
$CALL_NDIVES,1
$COMM_SEQ,0
$PROTOCOL,9
$N_NOCOMM,1
$NOCOMM_ACTION,0
$N_NOSURFACE,0
$UPLOAD_DIVES_MAX,-1
$CALL_TRIES,5
$CALL_WAIT,60
$CAPUPLOAD,1
$CAPMAXSIZE,200000
$HEAPDBG,0
$T_GPS,15
$N_GPS,30
$T_GPS_ALMANAC,0
$T_GPS_CHARGE,-38262.184
$T_RSLEEP,2
$STROBE,0
$RAFOS_PEAK_OFFSET,1.5
$RAFOS_CORR_THRESH,60
$RAFOS_HIT_WINDOW,3600
$PITCH_MIN,255
$PITCH_MAX,3935
$C_PITCH,2671
$PITCH_DBAND,0.0099999998
$PITCH_CNV,0.003125763
$P_OVSHOOT,0.039999999
$PITCH_GAIN,30
$PITCH_TIMEOUT,17
$PITCH_AD_RATE,160
$PITCH_MAXERRORS,1
$PITCH_ADJ_GAIN,0.02
$PITCH_ADJ_DBAND,2.5
$ROLL_MIN,171
$ROLL_MAX,3723
$ROLL_DEG,40
$C_ROLL_DIVE,1947
$C_ROLL_CLIMB,1947
$HEAD_ERRBAND,10
$ROLL_CNV,0.028270001
$ROLL_TIMEOUT,15
$R_PORT_OVSHOOT,126
$R_STBD_OVSHOOT,46
$ROLL_AD_RATE,300
$ROLL_MAXERRORS,2
$ROLL_ADJ_GAIN,0
$ROLL_ADJ_DBAND,0
$VBD_MIN,465
$VBD_MAX,3960
$C_VBD,2190
$VBD_DBAND,2
$VBD_CNV,-0.25119999
$VBD_TIMEOUT,720
$PITCH_VBD_SHIFT,0.0012300001
$VBD_PUMP_AD_RATE_SURFACE,5
$VBD_PUMP_AD_RATE_APOGEE,4
$VBD_BLEED_AD_RATE,8
$UNCOM_BLEED,60
$VBD_MAXERRORS,1
$W_ADJ_DBAND,2
$DBDW,0
$PITCH_W_GAIN,0
$PITCH_W_DBAND,1
$CF8_MAXERRORS,5
$AH0_24V,145
$AH0_10V,95
$MINV_24V,19
$MINV_10V,8
$FG_AHR_10V,0
$FG_AHR_24V,0
$PHONE_SUPPLY,2
$PRESSURE_YINT,-13.51214
$PRESSURE_SLOPE,0.0001165895
$AD7714Ch0Gain,128
$TCM_PITCH_OFFSET,0
$TCM_ROLL_OFFSET,0
$COMPASS_USE,4
$ALTIM_BOTTOM_PING_RANGE,0
$ALTIM_TOP_PING_RANGE,20
$ALTIM_BOTTOM_TURN_MARGIN,25
$ALTIM_TOP_TURN_MARGIN,0
$ALTIM_TOP_MIN_OBSTACLE,1
$ALTIM_PING_DEPTH,100
$ALTIM_PING_DELTA,5
$ALTIM_FREQUENCY,13
$ALTIM_PULSE,3
$ALTIM_SENSITIVITY,4
$XPDR_VALID,5
$XPDR_INHIBIT,90
$INT_PRESSURE_SLOPE,0.0097660003
$INT_PRESSURE_YINT,-0.40000001
$DEEPGLIDER,0
$DEEPGLIDERMB,0
$MOTHERBOARD,4
$DEVICE1,2
$DEVICE2,101
$DEVICE3,38
$DEVICE4,-1
$DEVICE5,-1
$DEVICE6,-1
$LOGGERS,7
$LOGGERDEVICE1,-1
$LOGGERDEVICE2,-1
$LOGGERDEVICE3,-1
$LOGGERDEVICE4,-1
$COMPASS_DEVICE,33
$COMPASS2_DEVICE,-1
$PHONE_DEVICE,49
$GPS_DEVICE,32
$RAFOS_DEVICE,-1
$XPDR_DEVICE,24
$SIM_W,0
$SIM_PITCH,0
$SEABIRD_T_G,0.0043137739
$SEABIRD_T_H,0.00062868668
$SEABIRD_T_I,2.2691316e-05
$SEABIRD_T_J,2.2586789e-06
$SEABIRD_C_G,-10.021329
$SEABIRD_C_H,1.1236943
$SEABIRD_C_I,-0.0013673168
$SEABIRD_C_J,0.00018808816
$GPS1,220526,164052,4749.910,-12225.009,10,1.8,10,18.2
$_CALLS,1
$_XMS_NAKs,0
$_XMS_TOUTs,0
$_SM_DEPTHo,1.09
$_SM_ANGLEo,-64.7
$GPS2,220526,164434,4749.882,-12225.046,8,1.5,14,18.2
$SPEED_LIMITS,0.185,0.266
$TGT_NAME,MIDE_175
$TGT_LATLONG,4746.000,-12224.800
$TGT_RADIUS,300.000
$KALMAN_CONTROL,0.067,-0.257
$KALMAN_X,-90.0,-72.1,-71.0,54.3,-85.4
$KALMAN_Y,9.1,17.0,17.3,-437.3,14.5
$MHEAD_RNG_PITCHd_Wd,147.1,7197,-18.5,-10.667,-21.88,2089
$D_GRID,80
$GCHEAD,st_secs,pitch_ctl,vbd_ctl,pitch_ad_start,roll_ad_start,vbd_pot1_ad_start,vbd_pot2_ad_start,depth,ob_vertv,data_pts,end_secs,pitch_secs,roll_secs,vbd_secs,vbd_i,gcphase,pitch_i,roll_i,pitch_ad,roll_ad,vbd_ad,vbd_pot1_ad,vbd_pot2_ad,pitch_retries,pitch_errors,roll_retries,roll_errors,vbd_retries,vbd_errors,pitch_volts,roll_volts,vbd_volts
$STATE,13,end surface,CONTROL_FINISHED_OK
$STATE,13,begin dive
$GC,16,-0.80,-146.6,251,1996,555,436,0.0,0.0,0,100,0.00,0.00,-81.43,0.000,16386,0.000,0.000,251,1997,2736,2821,2652,0,0,0,0,0,0,28.83,28.83,28.83
$GC,103,-0.80,-146.6,251,1997,2821,2653,3.2,-4.4,8,121,8.93,2.12,-0.88,0.000,18948,0.230,0.062,2406,632,2778,2869,2687,0,0,0,0,0,0,25.29,26.01,26.39
$GC,425,-0.64,-146.6,2406,632,2875,2686,51.8,-15.1,40,435,0.22,1.95,0.00,0.000,3078,0.164,0.031,2459,1945,2781,2876,2687,0,0,0,0,0,0,25.44,26.11,28.83
$GC,464,-0.54,-146.6,2459,1945,2877,2686,57.0,-12.9,44,474,0.12,1.98,0.00,0.000,2564,0.166,0.031,2497,618,2781,2877,2686,0,0,0,0,0,0,26.01,26.05,28.83
$GC,519,-0.54,-146.6,1664,618,2837,2678,62.2,-9.1,49,526,0.00,2.00,0.00,0.000,1030,0.000,0.028,2495,1950,2782,2878,2686,0,0,0,0,0,0,28.83,26.14,28.83
$GC,557,-0.54,-146.6,2495,1950,2878,2686,65.7,-9.0,53,558,0.00,0.00,0.00,0.000,6,0.000,0.000,2495,1950,2782,2878,2686,0,0,0,0,0,0,28.83,28.83,28.83
$GC,587,-0.54,-146.6,2494,1950,2878,2686,68.4,-8.6,56,596,0.00,2.10,0.00,0.000,260,0.000,0.038,2494,3361,2782,2879,2686,0,0,0,0,0,0,28.83,25.98,28.83
$GC,629,-0.54,-146.6,2493,3361,2879,2686,72.3,-9.6,60,638,0.00,1.92,0.00,0.000,3078,0.000,0.020,2493,1993,2782,2880,2685,0,0,0,0,0,0,28.83,26.29,28.83
$GC,669,-0.54,-146.6,2493,1993,2880,2685,75.7,-8.4,64,670,0.00,0.00,0.00,0.000,2054,0.000,0.000,2493,1993,2782,2880,2685,0,0,0,0,0,0,28.83,28.83,28.83
$GC,699,-0.54,-146.6,2493,1993,2880,2685,78.2,-8.4,67,700,0.00,0.00,0.00,0.000,2054,0.000,0.000,2494,1993,2782,2880,2685,0,0,0,0,0,0,28.83,28.83,28.83
$STATE,727,end dive,TARGET_DEPTH_EXCEEDED
$STATE,727,begin apogee
$GC,731,-0.27,0.0,2493,1993,2880,2685,80.8,-8.5,70,859,0.25,0.00,121.60,0.498,10246,0.129,0.000,2576,1992,2189,2289,2090,0,0,0,0,0,0,25.78,28.83,24.69
$STATE,861,end apogee,CONTROL_FINISHED_OK
$STATE,861,begin climb
$GC,863,0.80,146.6,2576,1992,2288,2089,86.0,0.0,83,989,1.05,2.10,113.82,0.483,10500,0.099,0.037,2922,3360,1603,1736,1471,0,0,0,0,0,0,25.44,25.52,24.68
$GC,1016,0.72,146.6,2922,3360,1735,1468,69.8,15.2,98,1024,0.10,2.08,0.00,0.000,5126,0.187,0.028,2904,1965,1601,1735,1467,0,0,0,0,0,0,25.53,25.79,28.83
$GC,1053,0.72,146.6,2904,1961,1735,1465,63.9,14.4,102,1054,0.00,0.00,0.00,0.000,6,0.000,0.000,2904,1961,1600,1735,1465,0,0,0,0,0,0,28.83,28.83,28.83
$GC,1083,0.72,146.6,2904,1961,1735,1464,60.0,12.6,105,1091,0.00,2.08,0.00,0.000,260,0.000,0.034,2904,3350,1599,1735,1464,0,0,0,0,0,0,28.83,25.91,28.83
$GC,1164,0.72,146.6,2904,3350,1734,1463,48.1,15.3,113,1174,0.00,2.05,0.00,0.000,5126,0.000,0.021,2908,1934,1598,1734,1463,0,0,0,0,0,0,28.83,26.08,28.83
$GC,1204,0.72,146.6,2908,1930,1734,1463,42.3,14.4,117,1205,0.00,0.00,0.00,0.000,4102,0.000,0.000,2908,1931,1598,1734,1463,0,0,0,0,0,0,28.83,28.83,28.83
$GC,1234,0.72,146.6,2908,1930,1735,1463,38.1,14.2,120,1243,0.00,2.15,0.00,0.000,4356,0.000,0.034,2908,3359,1598,1734,1462,0,0,0,0,0,0,28.83,26.03,28.83
$GC,1288,0.72,146.6,2048,3357,1698,1458,30.3,15.7,125,1295,0.00,2.10,0.00,0.000,5126,0.000,0.023,2909,1941,1598,1734,1463,0,0,0,0,0,0,28.83,26.16,28.83
$GC,1326,0.72,146.6,2909,1938,1734,1462,25.2,12.6,129,1327,0.00,0.00,0.00,0.000,4102,0.000,0.000,2909,1938,1598,1734,1462,0,0,0,0,0,0,28.83,28.83,28.83
$GC,1356,0.72,146.6,2909,1938,1734,1462,21.3,12.7,132,1357,0.00,0.00,0.00,0.000,4102,0.000,0.000,2909,1938,1598,1734,1462,0,0,0,0,0,0,28.83,28.83,28.83
$GC,1387,0.72,146.6,2909,1938,1734,1462,17.4,13.2,135,1389,0.00,0.00,0.00,0.000,4102,0.000,0.000,2909,1938,1598,1734,1462,0,0,0,0,0,0,28.83,28.83,28.83
$GC,1416,0.72,146.6,2909,1938,1734,1462,13.4,12.9,138,1425,0.00,2.12,0.00,0.000,4356,0.000,0.034,2909,3355,1598,1735,1462,0,0,0,0,0,0,28.83,26.09,28.83
$GC,1478,0.72,146.6,2909,3355,1734,1462,5.7,11.6,144,1487,0.00,2.03,0.00,0.000,5126,0.000,0.022,2909,1944,1598,1734,1462,0,0,0,0,0,0,28.83,26.22,28.83
$STATE,1506,end climb,SURFACE_DEPTH_REACHED
$STATE,1506,begin surface coast
$FINISH,0.8,1.020125
$STATE,1537,end surface coast,CONTROL_FINISHED_OK
$STATE,1537,begin surface
$SM_CCo,1552,194.43,0.428,1,0,503,423.52
$SM_GC,1.08,7.35,0.00,194.43,0.056,0.000,0.428,243,1942,503,-7.53,-0.14,423.52,0,0,0,0,1,0,26.06,28.83,24.77
$IRIDIUM_FIX,4732.49,-12234.67,120608,020258
$TT8_MAMPS,0.027713,0.027713
$HUMID,46.53
$INTERNAL_PRESSURE,8.18431
$TCM_TEMP,17.90
$XPDR_PINGS,103
$ALTIM_TOP_PING,18.8,17.8
$24V_AH,24.7,23.679
$10V_AH,10.1,10.624
$FG_AHR_24Vo,0.000
$FG_AHR_10Vo,0.000
$DEVICES,Pitch_motor,Roll_motor,VBD_pump_during_apogee,VBD_pump_during_surface,VBD_valve,Iridium_during_init,Iridium_during_connect,Iridium_during_xfer,Transponder_ping,GUMSTIX_24V,GPS,TT8,LPSleep,TT8_Active,TT8_Sampling,TT8_CF8,TT8_Kalman,Analog_circuits,GPS_charging,Compass,RAFOS,Transponder,Compass2
$DEVICE_SECS,18.025,28.775,235.425,194.425,0.000,0.000,0.000,0.000,26.000,0.000,16.930,398.703,439.022,494.917,445.483,49.537,31.300,793.667,0.000,432.054,0.000,2.635,0.000
$DEVICE_MAMPS,230.265,61.965,498.015,427.635,0.000,0.000,0.000,0.000,420.000,0.000,28.460,13.960,2.190,13.960,37.930,44.670,61.150,16.000,0.000,15.730,0.000,30.000,0.000
$SENSORS,SBE_CT,AA4330,WL_BB2FLVMG,nil,nil,nil,nil,nil,nil,nil
$SENSOR_SECS,99.580,196.607,258.525,0.000,0.000,0.000,0.000,0.000,0.000,0.000
$SENSOR_MAMPS,23.220,33.000,105.000,0.000,0.000,0.000,0.000,0.000,0.000,0.000
$MEM,354652
$DATA_FILE_SIZE,10313,150
$CAP_FILE_SIZE,49854,0
$CFSIZE,260165632,256303104
$ERRORS,0,0,0,0,0,0,0,0,0,0,0,0,0,1,0,0
$GPS,220526,171552,4749.792,-12224.978,13,1.8,30,18.2
