version: 66.11
glider: 175
mission: 11
dive: 162
start: 5 28 126 3 1 52
data:
$ID,175
$MISSION,11
$DIVE,162
$N_DIVES,0
$D_SURF,3
$D_FLARE,3
$D_TGT,300
$D_ABORT,1090
$D_NO_BLEED,50
$D_BOOST,3
$T_BOOST,0
$D_FINISH,0
$D_PITCH,0
$D_SAFE,0
$D_CALL,0
$SURFACE_URGENCY,0
$SURFACE_URGENCY_TRY,0
$SURFACE_URGENCY_FORCE,0
$T_DIVE,65
$T_MISSION,100
$T_ABORT,1440
$T_TURN,300
$T_TURN_SAMPINT,5
$T_NO_W,120
$T_LOITER,0
$T_EPIRB,0
$USE_BATHY,0
$USE_ICE,0
$ICE_FREEZE_MARGIN,0.30000001
$D_OFFGRID,100
$T_WATCHDOG,10
$RELAUNCH,1
$APOGEE_PITCH,-8
$MAX_BUOY,150
$COURSE_BIAS,0
$GLIDE_SLOPE,30
$SPEED_FACTOR,1
$RHO,1.0235
$MASS,51878
$MASS_COMP,0
$NAV_MODE,1
$FERRY_MAX,45
$KALMAN_USE,1
$HD_A,0.0024900001
$HD_B,0.0091000004
$HD_C,5.7000002e-06
$HEADING,270
$ESCAPE_HEADING,0
$ESCAPE_HEADING_DELTA,10
$FIX_MISSING_TIMEOUT,0
$TGT_DEFAULT_LAT,47.766998
$TGT_DEFAULT_LON,-122.413
$TGT_AUTO_DEFAULT,0
$SM_CC,423.31998
$N_FILEKB,4
$FILEMGR,0
$CALL_NDIVES,1
$COMM_SEQ,0
$PROTOCOL,9
$N_NOCOMM,1
$NOCOMM_ACTION,0
$N_NOSURFACE,0
$UPLOAD_DIVES_MAX,-1
$CALL_TRIES,5
$CALL_WAIT,60
$CAPUPLOAD,1
$CAPMAXSIZE,200000
$HEAPDBG,0
$T_GPS,15
$N_GPS,30
$T_GPS_ALMANAC,0
$T_GPS_CHARGE,-38856.316
$T_RSLEEP,2
$STROBE,0
$RAFOS_PEAK_OFFSET,1.5
$RAFOS_CORR_THRESH,60
$RAFOS_HIT_WINDOW,3600
$PITCH_MIN,255
$PITCH_MAX,3935
$C_PITCH,2626
$PITCH_DBAND,0.0099999998
$PITCH_CNV,0.003125763
$P_OVSHOOT,0.039999999
$PITCH_GAIN,30
$PITCH_TIMEOUT,17
$PITCH_AD_RATE,160
$PITCH_MAXERRORS,1
$PITCH_ADJ_GAIN,0.02
$PITCH_ADJ_DBAND,2.5
$ROLL_MIN,171
$ROLL_MAX,3723
$ROLL_DEG,40
$C_ROLL_DIVE,2030
$C_ROLL_CLIMB,2030
$HEAD_ERRBAND,10
$ROLL_CNV,0.028270001
$ROLL_TIMEOUT,15
$R_PORT_OVSHOOT,63
$R_STBD_OVSHOOT,49
$ROLL_AD_RATE,300
$ROLL_MAXERRORS,2
$ROLL_ADJ_GAIN,0
$ROLL_ADJ_DBAND,0
$VBD_MIN,465
$VBD_MAX,3960
$C_VBD,2350
$VBD_DBAND,2
$VBD_CNV,-0.25119999
$VBD_TIMEOUT,720
$PITCH_VBD_SHIFT,0.0012300001
$VBD_PUMP_AD_RATE_SURFACE,5
$VBD_PUMP_AD_RATE_APOGEE,4
$VBD_BLEED_AD_RATE,8
$UNCOM_BLEED,60
$VBD_MAXERRORS,1
$W_ADJ_DBAND,2
$DBDW,0
$PITCH_W_GAIN,0
$PITCH_W_DBAND,1
$CF8_MAXERRORS,5
$AH0_24V,145
$AH0_10V,95
$MINV_24V,19
$MINV_10V,8
$FG_AHR_10V,0
$FG_AHR_24V,0
$PHONE_SUPPLY,2
$PRESSURE_YINT,-13.51214
$PRESSURE_SLOPE,0.0001165895
$AD7714Ch0Gain,128
$TCM_PITCH_OFFSET,0
$TCM_ROLL_OFFSET,0
$COMPASS_USE,4
$ALTIM_BOTTOM_PING_RANGE,0
$ALTIM_TOP_PING_RANGE,20
$ALTIM_BOTTOM_TURN_MARGIN,25
$ALTIM_TOP_TURN_MARGIN,0
$ALTIM_TOP_MIN_OBSTACLE,1
$ALTIM_PING_DEPTH,60
$ALTIM_PING_DELTA,5
$ALTIM_FREQUENCY,13
$ALTIM_PULSE,3
$ALTIM_SENSITIVITY,4
$XPDR_VALID,5
$XPDR_INHIBIT,90
$INT_PRESSURE_SLOPE,0.0097660003
$INT_PRESSURE_YINT,-0.40000001
$DEEPGLIDER,0
$DEEPGLIDERMB,0
$MOTHERBOARD,4
$DEVICE1,2
$DEVICE2,101
$DEVICE3,38
$DEVICE4,-1
$DEVICE5,-1
$DEVICE6,-1
$LOGGERS,7
$LOGGERDEVICE1,-1
$LOGGERDEVICE2,-1
$LOGGERDEVICE3,-1
$LOGGERDEVICE4,-1
$COMPASS_DEVICE,33
$COMPASS2_DEVICE,-1
$PHONE_DEVICE,49
$GPS_DEVICE,32
$RAFOS_DEVICE,-1
$XPDR_DEVICE,24
$SIM_W,0
$SIM_PITCH,0
$SEABIRD_T_G,0.0043137739
$SEABIRD_T_H,0.00062868668
$SEABIRD_T_I,2.2691316e-05
$SEABIRD_T_J,2.2586789e-06
$SEABIRD_C_G,-10.021329
$SEABIRD_C_H,1.1236943
$SEABIRD_C_I,-0.0013673168
$SEABIRD_C_J,0.00018808816
$GPS1,280526,025703,4748.217,-12224.085,12,1.6,40,18.2
$_CALLS,1
$_XMS_NAKs,0
$_XMS_TOUTs,0
$_SM_DEPTHo,-5.83
$_SM_ANGLEo,-68.9
$GPS2,280526,030053,4748.203,-12224.095,10,1.7,10,18.2
$SPEED_LIMITS,0.266,0.310
$TGT_NAME,HEADING
$TGT_LATLONG,4748.203,-12240.173
$TGT_RADIUS,1852.000
$KALMAN_CONTROL,-0.300,-0.079
$KALMAN_X,-30430.9,4808.9,-2728.2,29343.8,-2350.3
$KALMAN_Y,23970.1,-5852.6,4656.8,-26271.9,4632.7
$MHEAD_RNG_PITCHd_Wd,237.0,20000,-23.7,-15.385,-26.38,1456
$D_GRID,300
$GCHEAD,st_secs,pitch_ctl,vbd_ctl,pitch_ad_start,roll_ad_start,vbd_pot1_ad_start,vbd_pot2_ad_start,depth,ob_vertv,data_pts,end_secs,pitch_secs,roll_secs,vbd_secs,vbd_i,gcphase,pitch_i,roll_i,pitch_ad,roll_ad,vbd_ad,vbd_pot1_ad,vbd_pot2_ad,pitch_retries,pitch_errors,roll_retries,roll_errors,vbd_retries,vbd_errors,pitch_volts,roll_volts,vbd_volts
$STATE,13,end surface,CONTROL_FINISHED_OK
$STATE,13,begin dive
$GC,15,-0.97,-146.6,248,2022,711,610,0.0,0.0,0,101,0.00,0.00,-83.18,0.000,16390,0.000,0.000,248,2022,2934,3019,2850,0,0,0,0,0,0,28.83,28.83,26.44
$GC,104,-0.97,-146.6,248,2022,3020,2851,-3.5,-4.6,8,120,8.45,2.15,0.00,0.000,2308,0.228,0.034,2291,3437,2940,3028,2852,0,0,0,0,0,0,25.09,25.98,28.83
$GC,303,-0.72,-146.6,2291,3436,3042,2846,55.1,-27.0,28,313,0.38,2.05,0.00,0.000,3078,0.171,0.020,2395,1998,2944,3044,2845,0,0,0,0,0,0,25.49,26.20,28.83
$GC,343,-0.56,-146.6,2394,1997,3046,2844,63.0,-19.3,32,353,0.15,1.95,0.00,0.000,2564,0.136,0.022,2443,632,2943,3044,2842,0,0,0,0,0,0,26.03,26.17,28.83
$GC,367,-0.56,-146.6,2443,631,3045,2842,63.6,-9.6,34,376,0.00,2.15,0.00,0.000,3078,0.000,0.050,2438,2013,2943,3045,2842,0,0,0,0,0,0,28.83,26.02,28.83
$GC,406,-0.66,-146.6,2438,2014,3048,2843,63.7,-0.2,38,415,0.08,2.17,0.00,0.000,4356,0.125,0.041,2395,3452,2945,3049,2842,0,0,0,0,0,0,26.36,26.06,28.83
$GC,520,-0.84,-146.6,2394,3452,3050,2842,64.7,-0.6,49,530,0.12,2.03,0.00,0.000,5126,0.081,0.023,2335,1967,2945,3050,2840,0,0,0,0,0,0,26.22,26.32,28.83
$GC,559,-0.98,-146.6,2335,1967,3050,2840,64.8,-0.1,53,569,0.08,2.22,0.00,0.000,4356,0.123,0.037,2288,3448,2945,3051,2840,0,0,0,0,0,0,26.41,26.13,28.83
$STATE,580,end dive,NO_VERTICAL_VELOCITY
$STATE,580,begin apogee
$GC,587,-0.27,0.0,2288,1994,3051,2840,64.7,0.0,55,715,0.75,0.03,121.78,0.488,10246,0.095,0.086,2541,2045,2351,2442,2261,0,0,0,0,0,0,25.90,24.78,24.24
$STATE,717,end apogee,CONTROL_FINISHED_OK
$STATE,717,begin climb
$GC,719,0.97,146.6,2541,2045,2442,2260,64.8,0.0,68,843,1.17,2.20,115.90,0.475,10756,0.088,0.032,2938,674,1765,1876,1654,0,0,0,0,0,0,25.29,25.35,24.24
$GC,1008,1.10,184.2,2938,673,1861,1654,33.9,12.7,97,1048,0.12,2.00,29.83,0.446,11270,0.086,0.023,3003,2034,1614,1719,1510,0,0,0,0,0,0,25.93,25.98,24.47
$GC,1078,1.02,184.2,3003,2034,1717,1507,21.2,20.7,104,1088,0.15,2.10,0.00,0.000,4356,0.181,0.031,2964,3433,1611,1716,1506,0,0,0,0,0,0,25.50,25.79,28.83
$GC,1101,0.97,184.2,2964,3433,1716,1506,16.4,20.1,106,1111,0.15,2.00,0.00,0.000,5126,0.175,0.018,2937,2057,1611,1717,1505,0,0,0,0,0,0,25.51,25.93,28.83
$GC,1141,0.97,184.2,2936,2054,1716,1505,10.0,16.0,110,1142,0.00,0.00,0.00,0.000,6,0.000,0.000,2937,2054,1611,1717,1505,0,0,0,0,0,0,28.83,28.83,28.83
$GC,1171,1.03,184.2,2936,2053,1716,1504,6.0,13.7,113,1181,0.08,2.10,0.00,0.000,2308,0.125,0.032,2971,3441,1610,1716,1504,0,0,0,0,0,0,26.11,25.92,28.83
$STATE,1192,end climb,SURFACE_DEPTH_REACHED
$STATE,1192,begin surface coast
$FINISH,-1.1,1.022331
$STATE,1213,end surface coast,CONTROL_FINISHED_OK
$STATE,1214,begin surface
$SM_CCo,1232,181.25,0.422,1,0,663,423.52
$SM_GC,-5.80,8.00,2.12,181.25,0.083,0.020,0.422,243,2032,663,-7.37,1.78,423.52,0,0,0,0,1,0,25.97,26.04,24.32
$IRIDIUM_FIX,4729.30,-12218.68,170608,121217
$TT8_MAMPS,0.027713,0.027713
$HUMID,41.65
$INTERNAL_PRESSURE,8.15502
$TCM_TEMP,17.50
$XPDR_PINGS,54
$ALTIM_TOP_PING,19.4,999.0
$24V_AH,24.2,36.126
$10V_AH,10.2,16.791
$FG_AHR_24Vo,0.000
$FG_AHR_10Vo,0.000
$DEVICES,Pitch_motor,Roll_motor,VBD_pump_during_apogee,VBD_pump_during_surface,VBD_valve,Iridium_during_init,Iridium_during_connect,Iridium_during_xfer,Transponder_ping,GUMSTIX_24V,GPS,TT8,LPSleep,TT8_Active,TT8_Sampling,TT8_CF8,TT8_Kalman,Analog_circuits,GPS_charging,Compass,RAFOS,Transponder,Compass2
$DEVICE_SECS,19.675,29.350,267.500,181.250,0.000,26.221,20.996,94.808,14.000,0.000,13.588,308.009,280.839,479.109,536.662,68.389,33.197,765.949,0.000,375.275,0.000,4.107,0.000
$DEVICE_MAMPS,227.970,85.680,488.070,422.280,0.000,43.600,160.000,223.000,420.000,0.000,28.460,13.960,2.190,13.960,37.930,44.670,61.150,16.000,0.000,15.730,0.000,30.000,0.000
$SENSORS,SBE_CT,AA4330,WL_BB2FLVMG,nil,nil,nil,nil,nil,nil,nil
$SENSOR_SECS,76.143,152.830,201.618,0.000,0.000,0.000,0.000,0.000,0.000,0.000
$SENSOR_MAMPS,23.220,33.000,105.000,0.000,0.000,0.000,0.000,0.000,0.000,0.000
$MEM,354652
$DATA_FILE_SIZE,6970,117
$CAP_FILE_SIZE,36689,0
$CFSIZE,260165632,250363904
$ERRORS,0,0,0,0,0,0,0,0,0,0,0,0,0,1,0,0
$GPS,280526,032640,4748.190,-12224.227,13,1.5,30,18.2
