version: 66.11
glider: 175
mission: 11
dive: 237
start: 5 31 126 1 55 10
data:
$ID,175
$MISSION,11
$DIVE,237
$N_DIVES,0
$D_SURF,3
$D_FLARE,3
$D_TGT,165
$D_ABORT,1090
$D_NO_BLEED,50
$D_BOOST,3
$T_BOOST,0
$D_FINISH,0
$D_PITCH,0
$D_SAFE,0
$D_CALL,0
$SURFACE_URGENCY,0
$SURFACE_URGENCY_TRY,0
$SURFACE_URGENCY_FORCE,0
$T_DIVE,55
$T_MISSION,70
$T_ABORT,1440
$T_TURN,300
$T_TURN_SAMPINT,5
$T_NO_W,120
$T_LOITER,0
$T_EPIRB,0
$USE_BATHY,0
$USE_ICE,0
$ICE_FREEZE_MARGIN,0.30000001
$D_OFFGRID,100
$T_WATCHDOG,10
$RELAUNCH,1
$APOGEE_PITCH,-8
$MAX_BUOY,150
$COURSE_BIAS,0
$GLIDE_SLOPE,30
$SPEED_FACTOR,1
$RHO,1.0235
$MASS,51878
$MASS_COMP,0
$NAV_MODE,1
$FERRY_MAX,45
$KALMAN_USE,1
$HD_A,0.0024900001
$HD_B,0.0091000004
$HD_C,5.7000002e-06
$HEADING,-1
$ESCAPE_HEADING,0
$ESCAPE_HEADING_DELTA,10
$FIX_MISSING_TIMEOUT,0
$TGT_DEFAULT_LAT,47.766998
$TGT_DEFAULT_LON,-122.413
$TGT_AUTO_DEFAULT,0
$SM_CC,473.51199
$N_FILEKB,4
$FILEMGR,0
$CALL_NDIVES,1
$COMM_SEQ,0
$PROTOCOL,9
$N_NOCOMM,1
$NOCOMM_ACTION,0
$N_NOSURFACE,0
$UPLOAD_DIVES_MAX,-1
$CALL_TRIES,5
$CALL_WAIT,60
$CAPUPLOAD,1
$CAPMAXSIZE,200000
$HEAPDBG,0
$T_GPS,15
$N_GPS,30
$T_GPS_ALMANAC,0
$T_GPS_CHARGE,-38954.094
$T_RSLEEP,2
$STROBE,0
$RAFOS_PEAK_OFFSET,1.5
$RAFOS_CORR_THRESH,60
$RAFOS_HIT_WINDOW,3600
$PITCH_MIN,255
$PITCH_MAX,3935
$C_PITCH,2626
$PITCH_DBAND,0.0099999998
$PITCH_CNV,0.003125763
$P_OVSHOOT,0.039999999
$PITCH_GAIN,30
$PITCH_TIMEOUT,17
$PITCH_AD_RATE,160
$PITCH_MAXERRORS,1
$PITCH_ADJ_GAIN,0.02
$PITCH_ADJ_DBAND,2.5
$ROLL_MIN,171
$ROLL_MAX,3723
$ROLL_DEG,40
$C_ROLL_DIVE,2030
$C_ROLL_CLIMB,2030
$HEAD_ERRBAND,10
$ROLL_CNV,0.028270001
$ROLL_TIMEOUT,15
$R_PORT_OVSHOOT,60
$R_STBD_OVSHOOT,63
$ROLL_AD_RATE,300
$ROLL_MAXERRORS,2
$ROLL_ADJ_GAIN,0
$ROLL_ADJ_DBAND,0
$VBD_MIN,465
$VBD_MAX,3960
$C_VBD,2350
$VBD_DBAND,2
$VBD_CNV,-0.25119999
$VBD_TIMEOUT,720
$PITCH_VBD_SHIFT,0.0012300001
$VBD_PUMP_AD_RATE_SURFACE,5
$VBD_PUMP_AD_RATE_APOGEE,4
$VBD_BLEED_AD_RATE,8
$UNCOM_BLEED,60
$VBD_MAXERRORS,1
$W_ADJ_DBAND,2
$DBDW,0
$PITCH_W_GAIN,0
$PITCH_W_DBAND,1
$CF8_MAXERRORS,5
$AH0_24V,145
$AH0_10V,95
$MINV_24V,19
$MINV_10V,8
$FG_AHR_10V,0
$FG_AHR_24V,0
$PHONE_SUPPLY,2
$PRESSURE_YINT,-13.51214
$PRESSURE_SLOPE,0.0001165895
$AD7714Ch0Gain,128
$TCM_PITCH_OFFSET,0
$TCM_ROLL_OFFSET,0
$COMPASS_USE,4
$ALTIM_BOTTOM_PING_RANGE,0
$ALTIM_TOP_PING_RANGE,20
$ALTIM_BOTTOM_TURN_MARGIN,25
$ALTIM_TOP_TURN_MARGIN,0
$ALTIM_TOP_MIN_OBSTACLE,1
$ALTIM_PING_DEPTH,60
$ALTIM_PING_DELTA,5
$ALTIM_FREQUENCY,13
$ALTIM_PULSE,3
$ALTIM_SENSITIVITY,4
$XPDR_VALID,5
$XPDR_INHIBIT,90
$INT_PRESSURE_SLOPE,0.0097660003
$INT_PRESSURE_YINT,-0.40000001
$DEEPGLIDER,0
$DEEPGLIDERMB,0
$MOTHERBOARD,4
$DEVICE1,2
$DEVICE2,101
$DEVICE3,38
$DEVICE4,-1
$DEVICE5,-1
$DEVICE6,-1
$LOGGERS,7
$LOGGERDEVICE1,-1
$LOGGERDEVICE2,-1
$LOGGERDEVICE3,-1
$LOGGERDEVICE4,-1
$COMPASS_DEVICE,33
$COMPASS2_DEVICE,-1
$PHONE_DEVICE,49
$GPS_DEVICE,32
$RAFOS_DEVICE,-1
$XPDR_DEVICE,24
$SIM_W,0
$SIM_PITCH,0
$SEABIRD_T_G,0.0043137739
$SEABIRD_T_H,0.00062868668
$SEABIRD_T_I,2.2691316e-05
$SEABIRD_T_J,2.2586789e-06
$SEABIRD_C_G,-10.021329
$SEABIRD_C_H,1.1236943
$SEABIRD_C_I,-0.0013673168
$SEABIRD_C_J,0.00018808816
$GPS1,310526,014622,4742.956,-12225.600,8,1.4,12,18.2
$_CALLS,2
$_XMS_NAKs,0
$_XMS_TOUTs,0
$_SM_DEPTHo,-5.27
$_SM_ANGLEo,-64.7
$GPS2,310526,015411,4742.917,-12225.611,16,1.3,16,18.2
$SPEED_LIMITS,0.173,0.272
$TGT_NAME,MIDW_175
$TGT_LATLONG,4746.000,-12225.100
$TGT_RADIUS,300.000
$KALMAN_CONTROL,0.141,0.233
$KALMAN_X,-29718.5,-62.6,1.2,28895.7,-374.2
$KALMAN_Y,26058.7,-148.6,-1210.8,-37998.5,42.8
$MHEAD_RNG_PITCHd_Wd,13.0,5746,-16.2,-10.000,-20.17,2231
$D_GRID,165
$GCHEAD,st_secs,pitch_ctl,vbd_ctl,pitch_ad_start,roll_ad_start,vbd_pot1_ad_start,vbd_pot2_ad_start,depth,ob_vertv,data_pts,end_secs,pitch_secs,roll_secs,vbd_secs,vbd_i,gcphase,pitch_i,roll_i,pitch_ad,roll_ad,vbd_ad,vbd_pot1_ad,vbd_pot2_ad,pitch_retries,pitch_errors,roll_retries,roll_errors,vbd_retries,vbd_errors,pitch_volts,roll_volts,vbd_volts
$STATE,13,end surface,CONTROL_FINISHED_OK
$STATE,13,begin dive
$GC,15,-0.72,-146.6,244,2011,497,414,0.0,0.0,0,109,0.00,0.00,-87.10,0.000,16390,0.000,0.000,244,2011,2936,3022,2850,0,0,0,0,0,0,28.83,28.83,26.33
$GC,112,-0.72,-146.6,244,2011,3022,2851,-1.1,-8.5,9,122,8.95,0.00,0.00,0.000,2310,0.229,0.000,2384,2010,2937,3024,2851,0,0,0,0,0,0,24.87,28.83,28.83
$GC,151,0.08,-146.6,2384,2010,3040,2845,14.9,-39.0,13,160,0.88,2.17,0.00,0.000,2308,0.147,0.046,2641,3410,2944,3045,2844,0,0,0,0,0,0,25.32,25.85,28.83
$GC,214,-0.27,-146.6,2641,3410,3053,2842,19.0,-0.5,19,223,0.28,2.00,0.00,0.000,5126,0.062,0.018,2532,1978,2946,3053,2840,0,0,0,0,0,0,25.92,26.20,28.83
$GC,254,-0.45,-146.6,2531,1978,3053,2839,20.8,-4.6,23,263,0.12,1.98,0.00,0.000,4612,0.083,0.028,2465,641,2945,3053,2837,0,0,0,0,0,0,26.26,26.06,28.83
$GC,298,-0.45,-146.6,1640,640,3024,2831,25.0,-10.1,27,305,0.00,2.10,0.00,0.000,3078,0.000,0.030,2465,2010,2945,3053,2837,0,0,0,0,0,0,28.83,26.02,28.83
$GC,336,-0.45,-146.6,2465,2010,3053,2837,29.8,-11.8,31,345,0.00,2.17,0.00,0.000,2308,0.000,0.042,2465,3431,2945,3053,2837,0,0,0,0,0,0,28.83,26.00,28.83
$GC,388,-0.45,-146.6,2464,3431,3053,2837,36.0,-12.1,36,397,0.00,2.03,0.00,0.000,3078,0.000,0.019,2465,2018,2945,3053,2837,0,0,0,0,0,0,28.83,26.22,28.83
$GC,428,-0.39,-146.6,2465,2017,3053,2837,40.8,-12.0,40,438,0.12,2.05,0.00,0.000,2564,0.151,0.031,2502,651,2945,3053,2837,0,0,0,0,0,0,26.05,26.10,28.83
$GC,531,-0.39,-146.6,2502,651,3053,2837,52.0,-10.8,50,535,0.00,2.08,0.00,0.000,1030,0.000,0.028,2502,2040,2944,3053,2836,0,0,0,0,0,0,28.83,26.17,28.83
$GC,573,-0.44,-146.6,2502,2039,3053,2837,56.1,-9.6,54,583,0.05,2.10,0.00,0.000,4356,0.164,0.038,2465,3431,2945,3053,2837,0,0,0,0,0,0,26.44,26.07,28.83
$GC,660,-0.44,-146.6,1640,3429,3024,2831,66.4,-12.7,62,668,0.05,2.05,0.00,0.000,3078,0.132,0.022,2482,2016,2944,3053,2836,0,0,0,0,0,0,25.77,25.84,28.83
$GC,699,-0.44,-146.6,2482,2015,3053,2837,71.2,-12.1,66,700,0.00,0.00,0.00,0.000,2054,0.000,0.000,2483,2015,2945,3053,2837,0,0,0,0,0,0,28.83,28.83,28.83
$GC,728,-0.44,-146.6,2482,2015,3053,2837,74.6,-11.5,69,729,0.00,0.00,0.00,0.000,2054,0.000,0.000,2482,2015,2945,3053,2837,0,0,0,0,0,0,28.83,28.83,28.83
$GC,758,-0.44,-146.6,2482,2014,3053,2837,78.0,-11.1,72,767,0.00,2.15,0.00,0.000,2308,0.000,0.041,2481,3432,2945,3053,2837,0,0,0,0,0,0,28.83,26.09,28.83
$GC,811,-0.44,-146.6,2481,3432,3054,2837,83.7,-10.9,77,820,0.00,2.00,0.00,0.000,3078,0.000,0.018,2481,2024,2945,3053,2837,0,0,0,0,0,0,28.83,26.33,28.83
$GC,852,-0.44,-146.6,2481,2023,3053,2837,88.1,-11.0,81,853,0.00,0.00,0.00,0.000,2054,0.000,0.000,2481,2023,2945,3053,2837,0,0,0,0,0,0,28.83,28.83,28.83
$GC,881,-0.44,-146.6,2480,2023,3053,2837,91.3,-10.6,84,882,0.00,0.00,0.00,0.000,2054,0.000,0.000,2481,2023,2945,3053,2837,0,0,0,0,0,0,28.83,28.83,28.83
$GC,911,-0.44,-146.6,2480,2023,3053,2837,94.5,-10.5,87,921,0.00,2.15,0.00,0.000,2308,0.000,0.041,2478,3435,2945,3053,2837,0,0,0,0,0,0,28.83,26.10,28.83
$GC,944,-0.44,-146.6,2478,3435,3053,2837,97.9,-10.5,90,953,0.00,2.00,0.00,0.000,3078,0.000,0.018,2478,2026,2945,3053,2837,0,0,0,0,0,0,28.83,26.34,28.83
$GC,984,-0.44,-146.6,2478,2026,3053,2837,102.0,-10.2,94,985,0.00,0.00,0.00,0.000,2054,0.000,0.000,2478,2026,2945,3053,2837,0,0,0,0,0,0,28.83,28.83,28.83
$GC,1014,-0.44,-146.6,2478,2026,3053,2836,105.1,-10.2,97,1016,0.00,0.00,0.00,0.000,2054,0.000,0.000,2477,2026,2944,3053,2836,0,0,0,0,0,0,28.83,28.83,28.83
$GC,1044,-0.44,-146.6,2478,2026,3052,2836,108.0,-10.0,100,1045,0.00,0.00,0.00,0.000,2054,0.000,0.000,2478,2026,2945,3054,2836,0,0,0,0,0,0,28.83,28.83,28.83
$GC,1076,-0.44,-146.6,2478,2026,3053,2836,111.2,-10.2,103,1082,0.00,0.00,0.00,0.000,2054,0.000,0.000,2478,2026,2944,3053,2836,0,0,0,0,0,0,28.83,28.83,28.83
$GC,1114,-0.44,-146.6,2478,2026,3053,2836,115.4,-10.7,107,1116,0.00,0.00,0.00,0.000,2054,0.000,0.000,2478,2026,2945,3053,2837,0,0,0,0,0,0,28.83,28.83,28.83
$GC,1144,-0.44,-146.6,2478,2026,3053,2836,118.9,-11.3,110,1145,0.00,0.00,0.00,0.000,2054,0.000,0.000,2478,2026,2944,3053,2836,0,0,0,0,0,0,28.83,28.83,28.83
$GC,1174,-0.44,-146.6,2478,2026,3053,2836,122.1,-10.7,113,1175,0.00,0.00,0.00,0.000,2054,0.000,0.000,2478,2026,2944,3053,2836,0,0,0,0,0,0,28.83,28.83,28.83
$GC,1205,-0.44,-146.6,2478,2026,3053,2836,125.1,-10.0,116,1206,0.00,0.00,0.00,0.000,2054,0.000,0.000,2478,2026,2944,3053,2836,0,0,0,0,0,0,28.83,28.83,28.83
$GC,1235,-0.44,-146.6,2478,2026,3053,2836,127.8,-9.2,119,1236,0.00,0.00,0.00,0.000,2054,0.000,0.000,2478,2026,2944,3053,2836,0,0,0,0,0,0,28.83,28.83,28.83
$GC,1265,-0.44,-146.6,2478,2026,3053,2836,130.8,-10.0,122,1274,0.00,2.12,0.00,0.000,2308,0.000,0.041,2478,3437,2944,3053,2836,0,0,0,0,0,0,28.83,26.13,28.83
$GC,1317,-0.44,-146.6,2478,3437,3053,2836,136.9,-11.4,127,1321,0.00,2.00,0.00,0.000,3078,0.000,0.019,2478,2041,2945,3053,2837,0,0,0,0,0,0,28.83,26.34,28.83
$GC,1359,-0.44,-146.6,2478,2037,3053,2836,141.8,-12.0,131,1369,0.00,2.08,0.00,0.000,2564,0.000,0.030,2478,640,2944,3053,2836,0,0,0,0,0,0,28.83,26.22,28.83
$GC,1381,-0.44,-146.6,2478,639,3053,2836,144.6,-12.0,133,1391,0.00,2.05,0.00,0.000,3078,0.000,0.027,2478,2031,2944,3053,2835,0,0,0,0,0,0,28.83,26.24,28.83
$GC,1421,-0.44,-146.6,2477,2031,3053,2836,149.2,-11.7,137,1431,0.00,2.12,0.00,0.000,2308,0.000,0.042,2478,3434,2944,3052,2836,0,0,0,0,0,0,28.83,26.10,28.83
$GC,1522,-0.44,-146.6,2478,3434,3053,2836,160.3,-11.7,146,1529,0.00,2.05,0.00,0.000,3078,0.000,0.019,2478,2014,2944,3053,2836,0,0,0,0,0,0,28.83,25.50,28.83
$STATE,1557,end dive,TARGET_DEPTH_EXCEEDED
$STATE,1557,begin apogee
$GC,1562,-0.27,0.0,2478,2010,3053,2836,165.9,-12.7,150,1691,0.17,0.00,125.28,0.565,10246,0.133,0.000,2536,2010,2349,2439,2260,0,0,0,0,0,0,26.03,28.83,23.99
$STATE,1694,end apogee,CONTROL_FINISHED_OK
$STATE,1694,begin climb
$GC,1696,0.72,146.6,2535,2010,2438,2259,177.1,0.0,163,1822,1.00,2.30,117.97,0.553,10500,0.111,0.034,2851,3439,1764,1875,1654,0,0,0,0,0,0,25.12,25.29,24.01
$GC,1850,0.72,146.6,2851,3439,1875,1651,168.5,10.4,179,1859,0.00,2.08,0.00,0.000,1030,0.000,0.020,2857,2046,1762,1874,1650,0,0,0,0,0,0,28.83,25.62,28.83
$GC,1891,0.72,146.6,2856,2041,1874,1649,164.5,10.1,183,1900,0.00,2.12,0.00,0.000,516,0.000,0.034,2857,640,1761,1873,1649,0,0,0,0,0,0,28.83,25.70,28.83
$GC,1913,0.72,146.6,2857,639,1871,1649,162.3,9.6,185,1922,0.00,2.08,0.00,0.000,1030,0.000,0.022,2857,2037,1760,1871,1649,0,0,0,0,0,0,28.83,25.83,28.83
$GC,1953,0.72,146.6,2856,2037,1871,1649,158.3,10.2,189,1962,0.00,2.10,0.00,0.000,260,0.000,0.034,2857,3437,1759,1870,1649,0,0,0,0,0,0,28.83,25.83,28.83
$GC,1996,0.72,146.6,2857,3438,1871,1649,153.6,11.0,193,2005,0.00,2.05,0.00,0.000,1030,0.000,0.021,2857,2029,1760,1871,1649,0,0,0,0,0,0,28.83,25.98,28.83
$GC,2035,0.72,146.6,2857,2026,1871,1649,149.1,11.3,197,2036,0.00,0.00,0.00,0.000,6,0.000,0.000,2857,2025,1759,1870,1649,0,0,0,0,0,0,28.83,28.83,28.83
$GC,2065,0.72,146.6,2857,2025,1871,1648,145.8,10.9,200,2074,0.00,2.12,0.00,0.000,260,0.000,0.034,2857,3434,1759,1870,1648,0,0,0,0,0,0,28.83,25.95,28.83
$GC,2087,0.72,146.6,2857,3435,1870,1648,143.3,11.3,202,2096,0.00,2.08,0.00,0.000,1030,0.000,0.020,2857,2018,1759,1871,1648,0,0,0,0,0,0,28.83,26.06,28.83
$GC,2127,0.72,146.6,2857,2014,1871,1648,139.5,9.1,206,2128,0.00,0.00,0.00,0.000,6,0.000,0.000,2857,2014,1759,1871,1647,0,0,0,0,0,0,28.83,28.83,28.83
$GC,2157,0.79,203.2,2857,2013,1870,1647,137.3,7.4,209,2208,0.08,2.28,44.67,0.527,10500,0.122,0.034,2897,3440,1540,1653,1428,0,0,0,0,0,0,26.27,25.63,24.29
$GC,2245,0.68,203.2,1984,3438,1618,1421,126.5,15.2,217,2252,0.22,2.12,0.00,0.000,5126,0.148,0.022,2848,2018,1538,1653,1423,0,0,0,0,0,0,25.39,25.84,28.83
$GC,2282,0.68,203.2,2847,2015,1653,1421,121.2,13.4,221,2283,0.00,0.00,0.00,0.000,4102,0.000,0.000,2848,2014,1537,1653,1421,0,0,0,0,0,0,28.83,28.83,28.83
$GC,2311,0.68,203.2,2848,2014,1653,1420,117.5,11.5,224,2312,0.00,0.00,0.00,0.000,4102,0.000,0.000,2848,2014,1536,1653,1420,0,0,0,0,0,0,28.83,28.83,28.83
$GC,2341,0.68,203.2,2848,2014,1653,1420,115.0,10.1,227,2350,0.00,2.17,0.00,0.000,4356,0.000,0.035,2848,3441,1536,1653,1420,0,0,0,0,0,0,28.83,25.89,28.83
$GC,2365,0.68,203.2,1968,3439,1621,1416,113.1,8.1,229,2372,0.00,2.12,0.00,0.000,5126,0.000,0.020,2854,2028,1536,1653,1419,0,0,0,0,0,0,28.83,26.02,28.83
$GC,2403,0.68,203.2,2854,2024,1653,1418,108.9,10.5,233,2404,0.00,0.00,0.00,0.000,4102,0.000,0.000,2854,2024,1535,1653,1418,0,0,0,0,0,0,28.83,28.83,28.83
$GC,2433,0.68,203.2,2854,2023,1653,1418,105.6,10.8,236,2442,0.00,2.15,0.00,0.000,4356,0.000,0.034,2854,3442,1535,1653,1418,0,0,0,0,0,0,28.83,25.96,28.83
$GC,2447,0.68,203.2,2854,3442,1653,1418,104.7,11.0,237,2454,0.00,2.12,0.00,0.000,5126,0.000,0.024,2857,2030,1535,1653,1418,0,0,0,0,0,0,28.83,26.01,28.83
$GC,2485,0.68,203.2,2856,2025,1653,1417,99.0,13.1,241,2486,0.00,0.00,0.00,0.000,4102,0.000,0.000,2856,2025,1535,1653,1417,0,0,0,0,0,0,28.83,28.83,28.83
$GC,2515,0.68,203.2,2856,2025,1653,1417,95.0,13.5,244,2516,0.00,0.00,0.00,0.000,4102,0.000,0.000,2857,2025,1535,1653,1417,0,0,0,0,0,0,28.83,28.83,28.83
$GC,2546,0.68,203.2,2856,2025,1653,1417,90.8,13.6,247,2547,0.00,0.00,0.00,0.000,4102,0.000,0.000,2856,2025,1535,1653,1417,0,0,0,0,0,0,28.83,28.83,28.83
$GC,2575,0.68,203.2,2856,2025,1653,1417,87.1,13.0,250,2584,0.00,2.12,0.00,0.000,4356,0.000,0.035,2856,3431,1535,1653,1417,0,0,0,0,0,0,28.83,26.04,28.83
$GC,2609,0.68,203.2,1984,3429,1621,1414,82.9,12.6,253,2616,0.00,2.10,0.00,0.000,5126,0.000,0.021,2857,2031,1535,1653,1417,0,0,0,0,0,0,28.83,26.15,28.83
$GC,2647,0.68,203.2,2856,2026,1653,1417,77.7,13.3,257,2656,0.00,2.10,0.00,0.000,4612,0.000,0.036,2857,636,1534,1653,1416,0,0,0,0,0,0,28.83,26.06,28.83
$GC,2661,0.68,203.2,2856,636,1653,1416,76.7,12.8,258,2668,0.00,2.10,0.00,0.000,5126,0.000,0.021,2857,2039,1534,1652,1416,0,0,0,0,0,0,28.83,26.18,28.83
$GC,2699,0.68,203.2,2856,2039,1652,1416,72.1,10.5,262,2708,0.00,2.08,0.00,0.000,4356,0.000,0.034,2857,3431,1534,1652,1416,0,0,0,0,0,0,28.83,26.09,28.83
$GC,2741,0.68,203.2,2856,3431,1652,1416,67.4,11.3,266,2750,0.00,2.05,0.00,0.000,5126,0.000,0.021,2857,2019,1534,1652,1416,0,0,0,0,0,0,28.83,26.21,28.83
$GC,2781,0.68,203.2,2856,2017,1652,1416,63.5,9.9,270,2782,0.00,0.00,0.00,0.000,4102,0.000,0.000,2857,2017,1534,1652,1416,0,0,0,0,0,0,28.83,28.83,28.83
$GC,2811,0.68,203.2,2856,2017,1652,1416,60.6,9.4,273,2812,0.00,0.00,0.00,0.000,4102,0.000,0.000,2857,2017,1534,1652,1416,0,0,0,0,0,0,28.83,28.83,28.83
$GC,2841,0.68,203.2,2856,2017,1653,1416,57.9,9.4,276,2850,0.00,2.12,0.00,0.000,4356,0.000,0.034,2857,3432,1534,1652,1416,0,0,0,0,0,0,28.83,26.12,28.83
$GC,2873,0.68,203.2,2857,3432,1652,1416,54.6,10.1,279,2882,0.00,2.03,0.00,0.000,5126,0.000,0.020,2857,2028,1534,1652,1416,0,0,0,0,0,0,28.83,26.25,28.83
$GC,2913,0.68,203.2,2856,2023,1652,1416,51.0,8.9,283,2914,0.00,0.00,0.00,0.000,4102,0.000,0.000,2857,2024,1534,1652,1416,0,0,0,0,0,0,28.83,28.83,28.83
$GC,2943,0.68,203.2,2857,2024,1652,1416,48.3,8.5,286,2944,0.00,0.00,0.00,0.000,4102,0.000,0.000,2857,2024,1534,1652,1416,0,0,0,0,0,0,28.83,28.83,28.83
$GC,2973,0.68,203.2,2856,2023,1652,1416,45.6,9.1,289,2974,0.00,0.00,0.00,0.000,4102,0.000,0.000,2857,2023,1534,1652,1416,0,0,0,0,0,0,28.83,28.83,28.83
$GC,3003,0.68,203.2,2856,2024,1652,1416,43.1,8.4,292,3004,0.00,0.00,0.00,0.000,4102,0.000,0.000,2857,2023,1534,1652,1416,0,0,0,0,0,0,28.83,28.83,28.83
$GC,3033,0.68,203.2,2857,2023,1652,1416,40.4,9.2,295,3034,0.00,0.00,0.00,0.000,4102,0.000,0.000,2857,2023,1534,1652,1416,0,0,0,0,0,0,28.83,28.83,28.83
$GC,3063,0.68,203.2,2857,2023,1652,1416,37.8,8.8,298,3064,0.00,0.00,0.00,0.000,4102,0.000,0.000,2857,2024,1534,1652,1416,0,0,0,0,0,0,28.83,28.83,28.83
$GC,3093,0.68,203.2,2857,2024,1653,1416,34.9,9.3,301,3094,0.00,0.00,0.00,0.000,4102,0.000,0.000,2857,2024,1534,1652,1416,0,0,0,0,0,0,28.83,28.83,28.83
$GC,3123,0.68,203.2,2856,2024,1652,1416,32.2,9.0,304,3124,0.00,0.00,0.00,0.000,4102,0.000,0.000,2857,2023,1534,1652,1416,0,0,0,0,0,0,28.83,28.83,28.83
$GC,3153,0.68,203.2,2857,2024,1652,1416,29.7,8.5,307,3162,0.00,2.12,0.00,0.000,4356,0.000,0.035,2857,3439,1534,1652,1416,0,0,0,0,0,0,28.83,26.16,28.83
$GC,3187,0.68,203.2,2856,3439,1652,1416,26.7,9.3,310,3194,0.00,2.10,0.00,0.000,5126,0.000,0.024,2857,2018,1534,1652,1416,0,0,0,0,0,0,28.83,26.27,28.83
$GC,3225,0.68,203.2,2857,2013,1652,1416,22.8,9.7,314,3234,0.00,2.08,0.00,0.000,4612,0.000,0.035,2857,633,1534,1652,1416,0,0,0,0,0,0,28.83,26.15,28.83
$GC,3239,0.68,203.2,2856,633,1652,1416,22.0,9.3,315,3246,0.00,2.10,0.00,0.000,5126,0.000,0.022,2857,2034,1534,1652,1416,0,0,0,0,0,0,28.83,26.03,28.83
$GC,3277,0.73,203.2,2856,2034,1652,1416,18.0,9.1,319,3286,0.00,2.08,0.00,0.000,260,0.000,0.035,2857,3428,1534,1652,1416,0,0,0,0,0,0,28.83,26.17,28.83
$GC,3301,0.73,203.2,1968,3426,1620,1412,15.8,9.8,321,3309,0.00,2.08,0.00,0.000,1030,0.000,0.020,2857,2028,1533,1651,1416,0,0,0,0,0,0,28.83,26.32,28.83
$GC,3339,0.73,203.2,2857,2024,1652,1416,11.9,9.6,325,3340,0.00,0.00,0.00,0.000,6,0.000,0.000,2857,2023,1533,1651,1416,0,0,0,0,0,0,28.83,28.83,28.83
$GC,3369,0.73,203.2,2857,2024,1652,1416,9.3,8.9,328,3378,0.00,2.10,0.00,0.000,260,0.000,0.034,2857,3435,1534,1652,1416,0,0,0,0,0,0,28.83,26.17,28.83
$GC,3401,0.73,203.2,2856,3435,1652,1415,6.6,8.3,331,3410,0.00,2.05,0.00,0.000,1030,0.000,0.020,2857,2015,1533,1651,1415,0,0,0,0,0,0,28.83,26.30,28.83
$GC,3442,0.78,248.9,2857,2015,1652,1415,3.4,7.9,335,3452,0.05,0.00,7.53,0.402,10242,0.164,0.000,2900,2014,1506,1623,1390,0,0,0,0,0,0,26.50,28.83,28.83
$STATE,3453,end climb,SURFACE_DEPTH_REACHED
$STATE,3453,begin surface coast
$FINISH,-1.1,1.021908
$STATE,3480,end surface coast,CONTROL_FINISHED_OK
$STATE,3481,begin surface
$SM_CCo,3496,200.10,0.434,1,0,465,473.51
$SM_GC,-5.25,7.45,0.00,200.10,0.067,0.000,0.434,250,2014,465,-7.37,-0.45,473.51,0,0,0,0,1,0,26.06,28.83,24.20
$IRIDIUM_FIX,4722.92,-12220.67,200608,111152
$TT8_MAMPS,0.027713,0.027713
$HUMID,42.36
$INTERNAL_PRESSURE,8.14525
$TCM_TEMP,17.60
$XPDR_PINGS,165
$ALTIM_TOP_PING,19.9,25.5
$ALTIM_BOTTOM_PING,160.3,42.9
$24V_AH,24.0,42.413
$10V_AH,9.9,20.187
$FG_AHR_24Vo,0.000
$FG_AHR_10Vo,0.000
$DEVICES,Pitch_motor,Roll_motor,VBD_pump_during_apogee,VBD_pump_during_surface,VBD_valve,Iridium_during_init,Iridium_during_connect,Iridium_during_xfer,Transponder_ping,GUMSTIX_24V,GPS,TT8,LPSleep,TT8_Active,TT8_Sampling,TT8_CF8,TT8_Kalman,Analog_circuits,GPS_charging,Compass,RAFOS,Transponder,Compass2
$DEVICE_SECS,19.425,104.750,295.450,200.100,0.000,47.659,59.798,188.161,47.000,0.000,18.669,939.565,1157.456,694.736,1201.776,192.144,33.230,1320.298,0.000,870.664,0.000,37.755,0.000
$DEVICE_MAMPS,228.735,45.900,564.570,433.755,0.000,43.600,160.000,223.000,420.000,0.000,28.460,13.960,2.190,13.960,37.930,44.670,61.150,16.000,0.000,15.730,0.000,30.000,0.000
$SENSORS,SBE_CT,AA4330,WL_BB2FLVMG,nil,nil,nil,nil,nil,nil,nil
$SENSOR_SECS,226.084,445.075,584.297,0.000,0.000,0.000,0.000,0.000,0.000,0.000
$SENSOR_MAMPS,23.220,33.000,105.000,0.000,0.000,0.000,0.000,0.000,0.000,0.000
$MEM,354492
$DATA_FILE_SIZE,23740,339
$CAP_FILE_SIZE,110833,0
$CFSIZE,260165632,247119872
$ERRORS,0,0,0,0,0,0,0,0,0,0,0,0,0,1,0,0
$GPS,310526,025803,4743.291,-12225.527,10,1.3,32,18.2
