version: 66.11
glider: 175
mission: 11
dive: 282
start: 6 2 126 2 50 13
data:
$ID,175
$MISSION,11
$DIVE,282
$N_DIVES,0
$D_SURF,3
$D_FLARE,3
$D_TGT,200
$D_ABORT,1090
$D_NO_BLEED,50
$D_BOOST,3
$T_BOOST,0
$D_FINISH,0
$D_PITCH,0
$D_SAFE,0
$D_CALL,0
$SURFACE_URGENCY,0
$SURFACE_URGENCY_TRY,0
$SURFACE_URGENCY_FORCE,0
$T_DIVE,67
$T_MISSION,82
$T_ABORT,1440
$T_TURN,300
$T_TURN_SAMPINT,5
$T_NO_W,120
$T_LOITER,0
$T_EPIRB,0
$USE_BATHY,0
$USE_ICE,0
$ICE_FREEZE_MARGIN,0.30000001
$D_OFFGRID,100
$T_WATCHDOG,10
$RELAUNCH,1
$APOGEE_PITCH,-8
$MAX_BUOY,150
$COURSE_BIAS,0
$GLIDE_SLOPE,30
$SPEED_FACTOR,1
$RHO,1.0235
$MASS,51878
$MASS_COMP,0
$NAV_MODE,2
$FERRY_MAX,45
$KALMAN_USE,2
$HD_A,0.0024900001
$HD_B,0.0091000004
$HD_C,5.7000002e-06
$HEADING,-1
$ESCAPE_HEADING,0
$ESCAPE_HEADING_DELTA,10
$FIX_MISSING_TIMEOUT,0
$TGT_DEFAULT_LAT,47.766998
$TGT_DEFAULT_LON,-122.413
$TGT_AUTO_DEFAULT,0
$SM_CC,473.51199
$N_FILEKB,4
$FILEMGR,0
$CALL_NDIVES,1
$COMM_SEQ,0
$PROTOCOL,9
$N_NOCOMM,1
$NOCOMM_ACTION,0
$N_NOSURFACE,0
$UPLOAD_DIVES_MAX,-1
$CALL_TRIES,5
$CALL_WAIT,60
$CAPUPLOAD,1
$CAPMAXSIZE,200000
$HEAPDBG,0
$T_GPS,15
$N_GPS,30
$T_GPS_ALMANAC,0
$T_GPS_CHARGE,-39121.199
$T_RSLEEP,2
$STROBE,0
$RAFOS_PEAK_OFFSET,1.5
$RAFOS_CORR_THRESH,60
$RAFOS_HIT_WINDOW,3600
$PITCH_MIN,255
$PITCH_MAX,3935
$C_PITCH,2626
$PITCH_DBAND,0.0099999998
$PITCH_CNV,0.003125763
$P_OVSHOOT,0.039999999
$PITCH_GAIN,30
$PITCH_TIMEOUT,17
$PITCH_AD_RATE,160
$PITCH_MAXERRORS,1
$PITCH_ADJ_GAIN,0.02
$PITCH_ADJ_DBAND,2.5
$ROLL_MIN,171
$ROLL_MAX,3723
$ROLL_DEG,40
$C_ROLL_DIVE,2030
$C_ROLL_CLIMB,2030
$HEAD_ERRBAND,10
$ROLL_CNV,0.028270001
$ROLL_TIMEOUT,15
$R_PORT_OVSHOOT,57
$R_STBD_OVSHOOT,47
$ROLL_AD_RATE,300
$ROLL_MAXERRORS,2
$ROLL_ADJ_GAIN,0
$ROLL_ADJ_DBAND,0
$VBD_MIN,465
$VBD_MAX,3960
$C_VBD,2350
$VBD_DBAND,2
$VBD_CNV,-0.25119999
$VBD_TIMEOUT,720
$PITCH_VBD_SHIFT,0.0012300001
$VBD_PUMP_AD_RATE_SURFACE,5
$VBD_PUMP_AD_RATE_APOGEE,4
$VBD_BLEED_AD_RATE,8
$UNCOM_BLEED,60
$VBD_MAXERRORS,1
$W_ADJ_DBAND,2
$DBDW,0
$PITCH_W_GAIN,0
$PITCH_W_DBAND,1
$CF8_MAXERRORS,5
$AH0_24V,145
$AH0_10V,95
$MINV_24V,19
$MINV_10V,8
$FG_AHR_10V,0
$FG_AHR_24V,0
$PHONE_SUPPLY,2
$PRESSURE_YINT,-13.51214
$PRESSURE_SLOPE,0.0001165895
$AD7714Ch0Gain,128
$TCM_PITCH_OFFSET,0
$TCM_ROLL_OFFSET,0
$COMPASS_USE,4
$ALTIM_BOTTOM_PING_RANGE,0
$ALTIM_TOP_PING_RANGE,20
$ALTIM_BOTTOM_TURN_MARGIN,25
$ALTIM_TOP_TURN_MARGIN,0
$ALTIM_TOP_MIN_OBSTACLE,1
$ALTIM_PING_DEPTH,60
$ALTIM_PING_DELTA,5
$ALTIM_FREQUENCY,13
$ALTIM_PULSE,3
$ALTIM_SENSITIVITY,4
$XPDR_VALID,5
$XPDR_INHIBIT,90
$INT_PRESSURE_SLOPE,0.0097660003
$INT_PRESSURE_YINT,-0.40000001
$DEEPGLIDER,0
$DEEPGLIDERMB,0
$MOTHERBOARD,4
$DEVICE1,2
$DEVICE2,101
$DEVICE3,38
$DEVICE4,-1
$DEVICE5,-1
$DEVICE6,-1
$LOGGERS,7
$LOGGERDEVICE1,-1
$LOGGERDEVICE2,-1
$LOGGERDEVICE3,-1
$LOGGERDEVICE4,-1
$COMPASS_DEVICE,33
$COMPASS2_DEVICE,-1
$PHONE_DEVICE,49
$GPS_DEVICE,32
$RAFOS_DEVICE,-1
$XPDR_DEVICE,24
$SIM_W,0
$SIM_PITCH,0
$SEABIRD_T_G,0.0043137739
$SEABIRD_T_H,0.00062868668
$SEABIRD_T_I,2.2691316e-05
$SEABIRD_T_J,2.2586789e-06
$SEABIRD_C_G,-10.021329
$SEABIRD_C_H,1.1236943
$SEABIRD_C_I,-0.0013673168
$SEABIRD_C_J,0.00018808816
$GPS1,020626,024217,4747.566,-12225.911,12,1.7,12,18.2
$_CALLS,1
$_XMS_NAKs,0
$_XMS_TOUTs,0
$_SM_DEPTHo,-4.06
$_SM_ANGLEo,-71.1
$GPS2,020626,024947,4747.530,-12225.928,7,3.0,37,18.2
$SPEED_LIMITS,0.172,0.272
$TGT_NAME,NORTH_175
$TGT_LATLONG,4750.320,-12225.910
$TGT_RADIUS,200.000
$KALMAN_CONTROL,0.079,0.297
$KALMAN_X,-30076.6,-183.3,-72.9,29774.7,-185.0
$KALMAN_Y,25757.5,-625.9,-357.4,-36445.5,446.9
$MHEAD_RNG_PITCHd_Wd,341.8,5167,-16.1,-9.950,-20.11,2242
$D_GRID,200
$GCHEAD,st_secs,pitch_ctl,vbd_ctl,pitch_ad_start,roll_ad_start,vbd_pot1_ad_start,vbd_pot2_ad_start,depth,ob_vertv,data_pts,end_secs,pitch_secs,roll_secs,vbd_secs,vbd_i,gcphase,pitch_i,roll_i,pitch_ad,roll_ad,vbd_ad,vbd_pot1_ad,vbd_pot2_ad,pitch_retries,pitch_errors,roll_retries,roll_errors,vbd_retries,vbd_errors,pitch_volts,roll_volts,vbd_volts
$STATE,13,end surface,CONTROL_FINISHED_OK
$STATE,14,begin dive
$GC,16,-0.72,-146.6,236,2029,490,421,0.0,0.0,0,109,0.00,0.00,-86.30,0.000,16390,0.000,0.000,237,2030,2936,3022,2851,0,0,0,0,0,0,28.83,28.83,26.46
$GC,112,-0.72,-146.6,237,2029,3022,2852,1.3,-11.0,9,131,9.00,2.17,0.00,0.000,2820,0.230,0.047,2372,3419,2941,3031,2851,0,0,0,0,0,0,24.80,25.82,28.83
$GC,136,0.43,-146.6,2371,3419,3035,2850,10.1,-31.9,11,144,1.40,2.05,0.00,0.000,3078,0.174,0.025,2758,2012,2944,3042,2847,0,0,0,0,0,0,25.12,26.06,28.83
$GC,176,0.43,-146.6,2758,2012,3052,2844,16.7,-14.4,15,182,0.00,0.00,0.00,0.000,2054,0.000,0.000,2758,2012,2948,3052,2844,0,0,0,0,0,0,28.83,28.83,28.83
$GC,215,-0.18,-146.6,2758,2011,3053,2844,16.2,1.0,19,223,0.55,0.00,0.00,0.000,4102,0.080,0.000,2570,2012,2947,3053,2842,0,0,0,0,0,0,25.79,28.83,28.83
$GC,254,-0.44,-146.6,2569,2012,3053,2841,18.5,-5.8,23,264,0.22,2.15,0.00,0.000,4356,0.057,0.037,2461,3432,2947,3053,2841,0,0,0,0,0,0,26.18,25.96,28.83
$GC,340,-0.37,-146.6,2461,3432,3053,2841,28.2,-13.5,31,349,0.12,2.00,0.00,0.000,3078,0.122,0.019,2503,2007,2946,3053,2840,0,0,0,0,0,0,25.78,26.20,28.83
$GC,378,-0.37,-146.6,2502,2006,3053,2840,33.1,-12.3,35,386,0.00,1.98,0.00,0.000,2564,0.000,0.030,2503,668,2945,3053,2838,0,0,0,0,0,0,28.83,26.10,28.83
$GC,471,-0.37,-146.6,2502,668,3053,2837,43.0,-10.1,44,480,0.00,2.00,0.00,0.000,3078,0.000,0.026,2503,2035,2945,3053,2837,0,0,0,0,0,0,28.83,26.17,28.83
$GC,510,-0.37,-146.6,2502,2034,3053,2837,46.7,-9.1,48,511,0.00,0.00,0.00,0.000,2054,0.000,0.000,2503,2035,2945,3053,2837,0,0,0,0,0,0,28.83,28.83,28.83
$GC,541,-0.37,-146.6,2503,2034,3053,2837,49.2,-8.4,51,542,0.00,0.00,0.00,0.000,2054,0.000,0.000,2503,2035,2945,3053,2837,0,0,0,0,0,0,28.83,28.83,28.83
$GC,570,-0.37,-146.6,2503,2035,3053,2837,52.1,-9.7,54,580,0.00,2.10,0.00,0.000,2308,0.000,0.039,2497,3433,2945,3053,2838,0,0,0,0,0,0,28.83,26.08,28.83
$GC,623,-0.37,-146.6,2496,3433,3054,2838,56.8,-9.3,59,632,0.00,1.98,0.00,0.000,3078,0.000,0.018,2496,2041,2946,3054,2838,0,0,0,0,0,0,28.83,26.29,28.83
$GC,664,-0.37,-146.6,2496,2040,3053,2838,59.8,-7.5,63,665,0.00,0.00,0.00,0.000,2054,0.000,0.000,2496,2040,2945,3053,2837,0,0,0,0,0,0,28.83,28.83,28.83
$GC,693,-0.37,-146.6,2496,2040,3053,2838,61.9,-7.0,66,694,0.00,0.00,0.00,0.000,2054,0.000,0.000,2496,2040,2945,3053,2837,0,0,0,0,0,0,28.83,28.83,28.83
$GC,724,-0.37,-146.6,2496,2040,3053,2838,63.8,-6.5,69,731,0.00,0.00,0.00,0.000,2054,0.000,0.000,2496,2040,2945,3053,2838,0,0,0,0,0,0,28.83,28.83,28.83
$GC,763,-0.37,-146.6,2496,2040,3053,2837,66.9,-7.8,73,764,0.00,0.00,0.00,0.000,2054,0.000,0.000,2496,2040,2945,3054,2837,0,0,0,0,0,0,28.83,28.83,28.83
$GC,795,-0.37,-146.6,2496,2039,3053,2837,69.1,-7.6,76,801,0.00,0.00,0.00,0.000,2054,0.000,0.000,2497,2040,2945,3053,2838,0,0,0,0,0,0,28.83,28.83,28.83
$GC,833,-0.37,-146.6,2496,2040,3053,2837,71.8,-6.7,80,834,0.00,0.00,0.00,0.000,2054,0.000,0.000,2496,2040,2945,3053,2838,0,0,0,0,0,0,28.83,28.83,28.83
$GC,865,-0.37,-146.6,2496,2040,3053,2837,73.8,-6.8,83,874,0.00,2.10,0.00,0.000,2308,0.000,0.041,2494,3432,2945,3053,2838,0,0,0,0,0,0,28.83,26.10,28.83
$GC,900,-0.37,-146.6,1664,3431,3024,2832,76.3,-7.1,86,909,0.00,2.05,0.00,0.000,3078,0.000,0.023,2494,2029,2945,3053,2837,0,0,0,0,0,0,28.83,26.12,28.83
$GC,938,-0.37,-146.6,2493,2029,3053,2837,79.7,-8.4,90,939,0.00,0.00,0.00,0.000,2054,0.000,0.000,2494,2029,2945,3053,2837,0,0,0,0,0,0,28.83,28.83,28.83
$GC,967,-0.37,-146.6,2494,2029,3053,2837,82.4,-8.9,93,976,0.00,2.15,0.00,0.000,2308,0.000,0.041,2494,3442,2945,3053,2837,0,0,0,0,0,0,28.83,26.10,28.83
$GC,1012,-0.37,-146.6,1672,3441,3025,2832,86.4,-9.2,97,1019,0.00,2.05,0.00,0.000,3078,0.000,0.019,2494,2034,2945,3053,2837,0,0,0,0,0,0,28.83,26.34,28.83
$GC,1051,-0.37,-146.6,2493,2033,3053,2837,90.3,-9.7,101,1052,0.00,0.00,0.00,0.000,2054,0.000,0.000,2493,2033,2945,3053,2837,0,0,0,0,0,0,28.83,28.83,28.83
$GC,1080,-0.37,-146.6,2493,2034,3053,2837,93.2,-9.8,104,1081,0.00,0.00,0.00,0.000,2054,0.000,0.000,2494,2034,2945,3054,2837,0,0,0,0,0,0,28.83,28.83,28.83
$GC,1110,-0.37,-146.6,2493,2033,3053,2837,96.2,-10.1,107,1112,0.00,0.00,0.00,0.000,2054,0.000,0.000,2494,2033,2945,3053,2837,0,0,0,0,0,0,28.83,28.83,28.83
$GC,1140,-0.37,-146.6,2493,2033,3053,2837,99.2,-9.9,110,1141,0.00,0.00,0.00,0.000,2054,0.000,0.000,2494,2034,2945,3053,2837,0,0,0,0,0,0,28.83,28.83,28.83
$GC,1172,-0.37,-146.6,2493,2033,3053,2837,102.1,-9.6,113,1180,0.00,2.10,0.00,0.000,2308,0.000,0.040,2493,3424,2945,3053,2837,0,0,0,0,0,0,28.83,26.11,28.83
$GC,1206,-0.37,-146.6,2494,3424,3053,2837,105.3,-9.8,116,1214,0.00,2.05,0.00,0.000,3078,0.000,0.018,2494,2017,2945,3053,2837,0,0,0,0,0,0,28.83,26.34,28.83
$GC,1244,-0.37,-146.6,2493,2017,3053,2837,109.1,-9.5,120,1245,0.00,0.00,0.00,0.000,2054,0.000,0.000,2493,2017,2945,3053,2837,0,0,0,0,0,0,28.83,28.83,28.83
$GC,1275,-0.37,-146.6,2493,2017,3053,2837,111.9,-9.1,123,1276,0.00,0.00,0.00,0.000,2054,0.000,0.000,2493,2017,2945,3053,2837,0,0,0,0,0,0,28.83,28.83,28.83
$GC,1304,-0.37,-146.6,2493,2017,3053,2837,114.6,-9.2,126,1305,0.00,0.00,0.00,0.000,2054,0.000,0.000,2494,2017,2945,3053,2837,0,0,0,0,0,0,28.83,28.83,28.83
$GC,1334,-0.37,-146.6,2493,2017,3053,2837,117.4,-9.3,129,1335,0.00,0.00,0.00,0.000,2054,0.000,0.000,2494,2017,2945,3053,2837,0,0,0,0,0,0,28.83,28.83,28.83
$GC,1364,-0.37,-146.6,2493,2017,3053,2837,119.9,-8.6,132,1365,0.00,0.00,0.00,0.000,2054,0.000,0.000,2493,2017,2945,3053,2837,0,0,0,0,0,0,28.83,28.83,28.83
$GC,1395,-0.37,-146.6,2493,2017,3053,2837,122.4,-8.3,135,1403,0.00,2.12,0.00,0.000,2308,0.000,0.041,2494,3424,2945,3053,2837,0,0,0,0,0,0,28.83,26.11,28.83
$GC,1427,-0.37,-146.6,2493,3425,3053,2837,125.2,-8.7,138,1437,0.00,1.95,0.00,0.000,3078,0.000,0.018,2493,2029,2945,3054,2837,0,0,0,0,0,0,28.83,26.37,28.83
$GC,1467,-0.37,-146.6,2493,2029,3053,2837,128.6,-8.5,142,1468,0.00,0.00,0.00,0.000,2054,0.000,0.000,2494,2029,2945,3053,2837,0,0,0,0,0,0,28.83,28.83,28.83
$GC,1496,-0.37,-146.6,2493,2030,3053,2837,131.1,-8.4,145,1497,0.00,0.00,0.00,0.000,2054,0.000,0.000,2493,2030,2945,3053,2837,0,0,0,0,0,0,28.83,28.83,28.83
$GC,1526,-0.37,-146.6,2494,2029,3053,2837,133.7,-8.6,148,1536,0.00,2.15,0.00,0.000,2308,0.000,0.040,2493,3444,2945,3054,2837,0,0,0,0,0,0,28.83,26.11,28.83
$GC,1560,-0.37,-146.6,2493,3444,3053,2837,136.9,-9.5,151,1568,0.00,1.98,0.00,0.000,3078,0.000,0.018,2493,2031,2945,3054,2836,0,0,0,0,0,0,28.83,26.37,28.83
$GC,1602,-0.37,-146.6,2493,2031,3053,2837,140.8,-9.6,155,1608,0.00,0.00,0.00,0.000,2054,0.000,0.000,2493,2031,2945,3054,2837,0,0,0,0,0,0,28.83,28.83,28.83
$GC,1640,-0.37,-146.6,2493,2031,3053,2837,144.7,-9.8,159,1641,0.00,0.00,0.00,0.000,2054,0.000,0.000,2494,2031,2945,3053,2837,0,0,0,0,0,0,28.83,28.83,28.83
$GC,1669,-0.37,-146.6,2493,2031,3053,2837,147.6,-9.6,162,1670,0.00,0.00,0.00,0.000,2054,0.000,0.000,2494,2031,2944,3053,2836,0,0,0,0,0,0,28.83,28.83,28.83
$GC,1703,-0.37,-146.6,2493,2030,3053,2837,150.6,-10.0,165,1710,0.00,0.00,0.00,0.000,2054,0.000,0.000,2494,2031,2945,3053,2837,0,0,0,0,0,0,28.83,28.83,28.83
$GC,1739,-0.37,-146.6,2493,2031,3053,2836,154.3,-9.1,169,1748,0.00,2.12,0.00,0.000,2308,0.000,0.040,2494,3431,2944,3053,2836,0,0,0,0,0,0,28.83,26.11,28.83
$GC,1781,-0.37,-146.6,2493,3431,3053,2837,158.4,-9.6,173,1790,0.00,2.00,0.00,0.000,3078,0.000,0.018,2494,2020,2945,3053,2837,0,0,0,0,0,0,28.83,26.37,28.83
$GC,1821,-0.37,-146.6,2493,2020,3053,2836,162.3,-9.8,177,1822,0.00,0.00,0.00,0.000,2054,0.000,0.000,2493,2020,2945,3053,2837,0,0,0,0,0,0,28.83,28.83,28.83
$STATE,1829,end dive,BOTTOM_OBSTACLE_DETECTED
$STATE,1830,begin apogee
$GC,1834,-0.27,0.0,2493,2020,3053,2837,163.3,-9.7,178,1964,0.12,0.00,125.50,0.558,10246,0.140,0.000,2536,2019,2350,2440,2260,0,0,0,0,0,0,26.15,28.83,23.96
$STATE,1966,end apogee,CONTROL_FINISHED_OK
$STATE,1966,begin climb
$GC,1968,0.72,146.6,2536,2019,2439,2260,170.7,0.0,191,2094,0.98,2.28,118.43,0.545,11012,0.112,0.034,2847,3436,1765,1875,1655,0,0,0,0,0,0,25.10,25.30,24.00
$GC,2125,0.72,146.6,2846,3436,1874,1651,159.2,10.5,207,2133,0.00,2.05,0.00,0.000,1030,0.000,0.021,2854,2046,1762,1874,1651,0,0,0,0,0,0,28.83,25.63,28.83
$GC,2164,0.72,146.6,2854,2044,1874,1650,154.8,10.8,211,2173,0.00,2.12,0.00,0.000,516,0.000,0.034,2857,645,1761,1873,1649,0,0,0,0,0,0,28.83,25.70,28.83
$GC,2186,0.72,146.6,2856,645,1870,1650,152.3,11.0,213,2190,0.00,2.08,0.00,0.000,1030,0.000,0.022,2857,2039,1760,1870,1650,0,0,0,0,0,0,28.83,25.84,28.83
$GC,2228,0.72,146.6,2857,2039,1870,1649,147.7,11.1,217,2237,0.00,2.10,0.00,0.000,260,0.000,0.034,2856,3435,1759,1870,1649,0,0,0,0,0,0,28.83,25.82,28.83
$GC,2273,0.72,146.6,2856,3435,1870,1649,142.3,12.7,221,2280,0.00,2.10,0.00,0.000,1030,0.000,0.021,2857,2025,1759,1870,1649,0,0,0,0,0,0,28.83,25.48,28.83
$GC,2311,0.72,146.6,2857,2022,1870,1649,137.0,13.3,225,2312,0.00,0.00,0.00,0.000,6,0.000,0.000,2857,2022,1759,1870,1649,0,0,0,0,0,0,28.83,28.83,28.83
$GC,2341,0.72,146.6,2857,2021,1870,1649,133.1,12.7,228,2342,0.00,0.00,0.00,0.000,6,0.000,0.000,2857,2021,1759,1870,1649,0,0,0,0,0,0,28.83,28.83,28.83
$GC,2371,0.72,146.6,2857,2021,1870,1648,129.2,13.1,231,2380,0.00,2.10,0.00,0.000,260,0.000,0.034,2857,3429,1759,1870,1648,0,0,0,0,0,0,28.83,25.97,28.83
$GC,2395,0.72,146.6,2000,3428,1832,1644,126.0,13.6,233,2402,0.00,2.10,0.00,0.000,1030,0.000,0.020,2857,2029,1759,1870,1648,0,0,0,0,0,0,28.83,26.09,28.83
$GC,2433,0.72,146.6,2856,2025,1870,1648,120.6,13.4,237,2442,0.00,2.10,0.00,0.000,516,0.000,0.035,2857,629,1758,1869,1647,0,0,0,0,0,0,28.83,25.98,28.83
$GC,2447,0.72,146.6,2857,629,1868,1648,119.7,12.6,238,2455,0.00,2.10,0.00,0.000,1030,0.000,0.022,2857,2028,1758,1868,1648,0,0,0,0,0,0,28.83,26.09,28.83
$GC,2485,0.72,146.6,2857,2029,1868,1648,114.7,11.5,242,2495,0.00,2.10,0.00,0.000,260,0.000,0.035,2857,3427,1758,1868,1648,0,0,0,0,0,0,28.83,26.03,28.83
$GC,2528,0.72,146.6,2857,3428,1868,1648,109.6,12.0,246,2538,0.00,2.05,0.00,0.000,1030,0.000,0.020,2857,2018,1758,1868,1648,0,0,0,0,0,0,28.83,26.16,28.83
$GC,2568,0.72,146.6,2857,2015,1868,1648,105.4,10.6,250,2569,0.00,0.00,0.00,0.000,6,0.000,0.000,2857,2015,1758,1868,1648,0,0,0,0,0,0,28.83,28.83,28.83
$GC,2598,0.72,146.6,2857,2015,1868,1648,102.4,9.9,253,2599,0.00,0.00,0.00,0.000,6,0.000,0.000,2857,2015,1758,1868,1648,0,0,0,0,0,0,28.83,28.83,28.83
$GC,2628,0.72,146.6,2857,2015,1868,1648,99.5,9.8,256,2629,0.00,0.00,0.00,0.000,6,0.000,0.000,2857,2015,1758,1868,1648,0,0,0,0,0,0,28.83,28.83,28.83
$GC,2658,0.72,146.6,2857,2014,1868,1647,96.6,9.9,259,2659,0.00,0.00,0.00,0.000,6,0.000,0.000,2857,2015,1757,1868,1647,0,0,0,0,0,0,28.83,28.83,28.83
$GC,2688,0.72,146.6,2857,2015,1868,1647,93.7,9.3,262,2689,0.00,0.00,0.00,0.000,6,0.000,0.000,2857,2015,1758,1868,1648,0,0,0,0,0,0,28.83,28.83,28.83
$GC,2718,0.72,146.6,2857,2015,1868,1647,91.0,9.5,265,2727,0.00,2.12,0.00,0.000,260,0.000,0.034,2857,3430,1758,1868,1648,0,0,0,0,0,0,28.83,26.11,28.83
$GC,2752,0.72,146.6,1984,3429,1830,1643,87.7,9.9,268,2759,0.00,2.08,0.00,0.000,1030,0.000,0.020,2857,2031,1758,1868,1648,0,0,0,0,0,0,28.83,26.23,28.83
$GC,2790,0.72,146.6,2857,2027,1868,1647,83.2,11.2,272,2791,0.00,0.00,0.00,0.000,6,0.000,0.000,2857,2027,1758,1868,1648,0,0,0,0,0,0,28.83,28.83,28.83
$GC,2820,0.72,146.6,2857,2027,1868,1647,80.0,10.5,275,2822,0.00,0.00,0.00,0.000,6,0.000,0.000,2857,2027,1757,1868,1647,0,0,0,0,0,0,28.83,28.83,28.83
$GC,2850,0.72,146.6,2857,2027,1868,1647,76.6,11.1,278,2859,0.00,2.10,0.00,0.000,260,0.000,0.033,2857,3430,1757,1868,1647,0,0,0,0,0,0,28.83,26.15,28.83
$GC,2882,0.72,146.6,2857,3431,1868,1647,72.5,12.3,281,2892,0.00,2.03,0.00,0.000,1030,0.000,0.020,2857,2028,1757,1868,1647,0,0,0,0,0,0,28.83,26.26,28.83
$GC,2923,0.72,146.6,2857,2023,1868,1647,68.0,11.1,285,2924,0.00,0.00,0.00,0.000,6,0.000,0.000,2857,2024,1757,1868,1647,0,0,0,0,0,0,28.83,28.83,28.83
$GC,2952,0.72,146.6,2857,2023,1869,1647,65.1,9.7,288,2961,0.00,2.12,0.00,0.000,260,0.000,0.035,2857,3434,1757,1868,1647,0,0,0,0,0,0,28.83,26.13,28.83
$GC,2985,0.72,146.6,2857,3433,1868,1647,61.3,11.5,291,2989,0.00,2.05,0.00,0.000,1030,0.000,0.020,2857,2027,1757,1868,1647,0,0,0,0,0,0,28.83,26.27,28.83
$GC,3027,0.72,146.6,2857,2024,1868,1647,57.6,8.7,295,3028,0.00,0.00,0.00,0.000,6,0.000,0.000,2857,2024,1757,1868,1647,0,0,0,0,0,0,28.83,28.83,28.83
$GC,3056,0.72,146.6,2857,2023,1868,1647,54.9,8.9,298,3057,0.00,0.00,0.00,0.000,6,0.000,0.000,2857,2024,1757,1868,1647,0,0,0,0,0,0,28.83,28.83,28.83
$GC,3086,0.72,146.6,2857,2024,1868,1647,51.7,10.3,301,3095,0.00,2.12,0.00,0.000,260,0.000,0.034,2857,3439,1757,1868,1647,0,0,0,0,0,0,28.83,26.15,28.83
$GC,3118,0.72,146.6,2857,3439,1868,1647,47.7,12.4,304,3127,0.00,2.05,0.00,0.000,1030,0.000,0.021,2857,2025,1757,1868,1647,0,0,0,0,0,0,28.83,26.27,28.83
$GC,3159,0.72,146.6,2857,2020,1868,1647,43.9,9.3,308,3160,0.00,0.00,0.00,0.000,6,0.000,0.000,2857,2021,1757,1868,1647,0,0,0,0,0,0,28.83,28.83,28.83
$GC,3189,0.72,146.6,2857,2021,1867,1647,40.6,10.7,311,3190,0.00,0.00,0.00,0.000,6,0.000,0.000,2857,2021,1757,1868,1647,0,0,0,0,0,0,28.83,28.83,28.83
$GC,3218,0.72,146.6,2857,2021,1868,1647,37.5,10.7,314,3229,0.00,2.12,0.00,0.000,260,0.000,0.035,2857,3433,1757,1868,1646,0,0,0,0,0,0,28.83,26.15,28.83
$GC,3254,0.72,146.6,2857,3434,1868,1647,34.2,10.1,317,3261,0.00,2.08,0.00,0.000,1030,0.000,0.025,2857,2024,1757,1868,1646,0,0,0,0,0,0,28.83,26.27,28.83
$GC,3292,0.72,146.6,2857,2019,1868,1646,30.5,9.3,321,3300,0.00,2.08,0.00,0.000,516,0.000,0.035,2857,636,1757,1868,1646,0,0,0,0,0,0,28.83,26.15,28.83
$GC,3305,0.72,146.6,2857,636,1866,1647,29.8,8.8,322,3314,0.00,2.08,0.00,0.000,1030,0.000,0.023,2857,2033,1756,1866,1646,0,0,0,0,0,0,28.83,26.27,28.83
$GC,3343,0.72,146.6,2857,2033,1866,1646,26.3,8.1,326,3344,0.00,0.00,0.00,0.000,6,0.000,0.000,2857,2033,1756,1866,1647,0,0,0,0,0,0,28.83,28.83,28.83
$GC,3373,0.80,212.6,2857,2033,1866,1646,24.3,6.9,329,3438,0.08,0.00,52.67,0.467,10502,0.119,0.000,2900,2033,1502,1617,1387,0,0,0,0,0,0,26.49,28.83,24.36
$GC,3466,0.80,212.6,2900,2033,1616,1385,15.7,10.3,338,3468,0.08,0.00,0.00,0.000,4102,0.181,0.000,2885,2033,1499,1615,1384,0,0,0,0,0,0,25.94,28.83,28.83
$GC,3496,0.80,212.6,2885,2033,1614,1383,12.9,9.4,341,3505,0.00,2.10,0.00,0.000,260,0.000,0.035,2884,3432,1498,1614,1383,0,0,0,0,0,0,28.83,25.83,28.83
$GC,3568,0.80,212.6,2884,3432,1614,1381,4.0,13.4,348,3578,0.00,2.05,0.00,0.000,1030,0.000,0.020,2884,2025,1497,1614,1381,0,0,0,0,0,0,28.83,26.03,28.83
$STATE,3586,end climb,SURFACE_DEPTH_REACHED
$STATE,3586,begin surface coast
$FINISH,-0.5,1.021529
$STATE,3608,end surface coast,CONTROL_FINISHED_OK
$STATE,3608,begin surface
$SM_CCo,3623,199.23,0.428,1,0,464,473.51
$SM_GC,-4.08,7.32,0.00,199.23,0.057,0.000,0.428,238,2024,464,-7.38,-0.17,473.51,0,0,0,0,1,0,25.94,28.83,24.20
$IRIDIUM_FIX,4729.30,-12221.39,220608,111124
$TT8_MAMPS,0.027713,0.027713
$HUMID,42.04
$INTERNAL_PRESSURE,8.14525
$TCM_TEMP,17.60
$XPDR_PINGS,156
$ALTIM_TOP_PING,19.2,999.0
$ALTIM_BOTTOM_PING,150.6,36.9
$24V_AH,24.0,46.388
$10V_AH,10.0,22.495
$FG_AHR_24Vo,0.000
$FG_AHR_10Vo,0.000
$DEVICES,Pitch_motor,Roll_motor,VBD_pump_during_apogee,VBD_pump_during_surface,VBD_valve,Iridium_during_init,Iridium_during_connect,Iridium_during_xfer,Transponder_ping,GUMSTIX_24V,GPS,TT8,LPSleep,TT8_Active,TT8_Sampling,TT8_CF8,TT8_Kalman,Analog_circuits,GPS_charging,Compass,RAFOS,Transponder,Compass2
$DEVICE_SECS,19.875,95.700,296.600,199.225,0.000,30.311,16.935,253.898,44.500,0.000,40.393,1023.287,1115.339,718.236,1220.467,206.558,0.000,1347.533,0.000,868.758,0.000,37.513,0.000
$DEVICE_MAMPS,230.265,46.665,558.450,427.635,0.000,43.600,160.000,223.000,420.000,0.000,28.460,13.960,2.190,13.960,37.930,44.670,0.000,16.000,0.000,15.730,0.000,30.000,0.000
$SENSORS,SBE_CT,AA4330,WL_BB2FLVMG,nil,nil,nil,nil,nil,nil,nil
$SENSOR_SECS,234.236,462.204,606.493,0.000,0.000,0.000,0.000,0.000,0.000,0.000
$SENSOR_MAMPS,23.220,33.000,105.000,0.000,0.000,0.000,0.000,0.000,0.000,0.000
$MEM,354456
$DATA_FILE_SIZE,23671,352
$CAP_FILE_SIZE,114595,0
$CFSIZE,260165632,244994048
$ERRORS,0,0,0,0,0,0,0,0,0,0,0,0,0,1,0,0
$CURRENT,0.011,165.8,1
$GPS,020626,035452,4748.019,-12225.901,7,2.0,12,18.2
