version: 66.11
glider: 175
mission: 11
dive: 409
start: 6 6 126 18 2 20
data:
$ID,175
$MISSION,11
$DIVE,409
$N_DIVES,0
$D_SURF,3
$D_FLARE,3
$D_TGT,150
$D_ABORT,1090
$D_NO_BLEED,50
$D_BOOST,3
$T_BOOST,0
$D_FINISH,0
$D_PITCH,0
$D_SAFE,0
$D_CALL,0
$SURFACE_URGENCY,0
$SURFACE_URGENCY_TRY,0
$SURFACE_URGENCY_FORCE,0
$T_DIVE,50
$T_MISSION,75
$T_ABORT,1440
$T_TURN,300
$T_TURN_SAMPINT,5
$T_NO_W,120
$T_LOITER,0
$T_EPIRB,0
$USE_BATHY,0
$USE_ICE,0
$ICE_FREEZE_MARGIN,0.30000001
$D_OFFGRID,100
$T_WATCHDOG,10
$RELAUNCH,1
$APOGEE_PITCH,-8
$MAX_BUOY,150
$COURSE_BIAS,0
$GLIDE_SLOPE,30
$SPEED_FACTOR,1
$RHO,1.0235
$MASS,51878
$MASS_COMP,0
$NAV_MODE,2
$FERRY_MAX,45
$KALMAN_USE,2
$HD_A,0.0024900001
$HD_B,0.0091000004
$HD_C,5.7000002e-06
$HEADING,-1
$ESCAPE_HEADING,0
$ESCAPE_HEADING_DELTA,10
$FIX_MISSING_TIMEOUT,0
$TGT_DEFAULT_LAT,47.766998
$TGT_DEFAULT_LON,-122.413
$TGT_AUTO_DEFAULT,0
$SM_CC,473.51199
$N_FILEKB,4
$FILEMGR,0
$CALL_NDIVES,1
$COMM_SEQ,0
$PROTOCOL,1
$N_NOCOMM,1
$NOCOMM_ACTION,0
$N_NOSURFACE,0
$UPLOAD_DIVES_MAX,-1
$CALL_TRIES,5
$CALL_WAIT,60
$CAPUPLOAD,1
$CAPMAXSIZE,200000
$HEAPDBG,0
$T_GPS,15
$N_GPS,30
$T_GPS_ALMANAC,0
$T_GPS_CHARGE,-39397.332
$T_RSLEEP,2
$STROBE,0
$RAFOS_PEAK_OFFSET,1.5
$RAFOS_CORR_THRESH,60
$RAFOS_HIT_WINDOW,3600
$PITCH_MIN,255
$PITCH_MAX,3935
$C_PITCH,2626
$PITCH_DBAND,0.0099999998
$PITCH_CNV,0.003125763
$P_OVSHOOT,0.039999999
$PITCH_GAIN,30
$PITCH_TIMEOUT,17
$PITCH_AD_RATE,160
$PITCH_MAXERRORS,1
$PITCH_ADJ_GAIN,0.02
$PITCH_ADJ_DBAND,2.5
$ROLL_MIN,171
$ROLL_MAX,3723
$ROLL_DEG,40
$C_ROLL_DIVE,2030
$C_ROLL_CLIMB,2030
$HEAD_ERRBAND,10
$ROLL_CNV,0.028270001
$ROLL_TIMEOUT,15
$R_PORT_OVSHOOT,67
$R_STBD_OVSHOOT,50
$ROLL_AD_RATE,300
$ROLL_MAXERRORS,2
$ROLL_ADJ_GAIN,0
$ROLL_ADJ_DBAND,0
$VBD_MIN,465
$VBD_MAX,3960
$C_VBD,2350
$VBD_DBAND,2
$VBD_CNV,-0.25119999
$VBD_TIMEOUT,720
$PITCH_VBD_SHIFT,0.0012300001
$VBD_PUMP_AD_RATE_SURFACE,5
$VBD_PUMP_AD_RATE_APOGEE,4
$VBD_BLEED_AD_RATE,8
$UNCOM_BLEED,60
$VBD_MAXERRORS,1
$W_ADJ_DBAND,2
$DBDW,0
$PITCH_W_GAIN,0
$PITCH_W_DBAND,1
$CF8_MAXERRORS,5
$AH0_24V,145
$AH0_10V,95
$MINV_24V,19
$MINV_10V,8
$FG_AHR_10V,0
$FG_AHR_24V,0
$PHONE_SUPPLY,2
$PRESSURE_YINT,-13.51214
$PRESSURE_SLOPE,0.0001165895
$AD7714Ch0Gain,128
$TCM_PITCH_OFFSET,0
$TCM_ROLL_OFFSET,0
$COMPASS_USE,4
$ALTIM_BOTTOM_PING_RANGE,0
$ALTIM_TOP_PING_RANGE,20
$ALTIM_BOTTOM_TURN_MARGIN,25
$ALTIM_TOP_TURN_MARGIN,0
$ALTIM_TOP_MIN_OBSTACLE,1
$ALTIM_PING_DEPTH,60
$ALTIM_PING_DELTA,5
$ALTIM_FREQUENCY,13
$ALTIM_PULSE,3
$ALTIM_SENSITIVITY,4
$XPDR_VALID,5
$XPDR_INHIBIT,90
$INT_PRESSURE_SLOPE,0.0097660003
$INT_PRESSURE_YINT,-0.40000001
$DEEPGLIDER,0
$DEEPGLIDERMB,0
$MOTHERBOARD,4
$DEVICE1,2
$DEVICE2,101
$DEVICE3,38
$DEVICE4,-1
$DEVICE5,-1
$DEVICE6,-1
$LOGGERS,7
$LOGGERDEVICE1,-1
$LOGGERDEVICE2,-1
$LOGGERDEVICE3,-1
$LOGGERDEVICE4,-1
$COMPASS_DEVICE,33
$COMPASS2_DEVICE,-1
$PHONE_DEVICE,49
$GPS_DEVICE,32
$RAFOS_DEVICE,-1
$XPDR_DEVICE,24
$SIM_W,0
$SIM_PITCH,0
$SEABIRD_T_G,0.0043137739
$SEABIRD_T_H,0.00062868668
$SEABIRD_T_I,2.2691316e-05
$SEABIRD_T_J,2.2586789e-06
$SEABIRD_C_G,-10.021329
$SEABIRD_C_H,1.1236943
$SEABIRD_C_I,-0.0013673168
$SEABIRD_C_J,0.00018808816
$GPS1,060626,175633,4752.448,-12223.554,11,1.6,27,18.3
$_CALLS,1
$_XMS_NAKs,0
$_XMS_TOUTs,0
$_SM_DEPTHo,-5.62
$_SM_ANGLEo,-65.2
$GPS2,060626,180153,4752.518,-12223.569,13,2.0,13,18.3
$SPEED_LIMITS,0.173,0.272
$TGT_NAME,EAST_175
$TGT_LATLONG,4751.420,-12221.650
$TGT_RADIUS,200.000
$KALMAN_CONTROL,0.079,0.297
$KALMAN_X,-30076.6,-183.3,-72.9,29774.7,-185.0
$KALMAN_Y,25757.5,-625.9,-357.4,-36445.5,446.9
$MHEAD_RNG_PITCHd_Wd,112.0,3134,-16.2,-10.000,-20.17,2231
$D_GRID,150
$GCHEAD,st_secs,pitch_ctl,vbd_ctl,pitch_ad_start,roll_ad_start,vbd_pot1_ad_start,vbd_pot2_ad_start,depth,ob_vertv,data_pts,end_secs,pitch_secs,roll_secs,vbd_secs,vbd_i,gcphase,pitch_i,roll_i,pitch_ad,roll_ad,vbd_ad,vbd_pot1_ad,vbd_pot2_ad,pitch_retries,pitch_errors,roll_retries,roll_errors,vbd_retries,vbd_errors,pitch_volts,roll_volts,vbd_volts
$STATE,13,end surface,CONTROL_FINISHED_OK
$STATE,13,begin dive
$GC,15,-0.72,-146.6,232,2010,482,431,0.0,0.0,0,107,0.00,0.00,-88.43,0.000,16390,0.000,0.000,233,2010,2934,3019,2849,0,0,0,0,0,0,28.83,28.83,26.44
$GC,110,-0.72,-146.6,232,2010,3020,2850,-2.2,-7.4,9,126,8.88,2.25,0.00,0.000,2308,0.223,0.049,2371,3427,2938,3025,2851,0,0,0,0,0,0,24.77,25.79,28.83
$GC,231,-0.49,-146.6,2371,3426,3040,2845,32.8,-21.2,21,240,0.28,2.05,0.00,0.000,3078,0.142,0.024,2461,2021,2942,3040,2844,0,0,0,0,0,0,25.42,26.08,28.83
$GC,270,-0.35,-146.6,2461,2019,3042,2843,38.9,-15.2,25,280,0.15,2.15,0.00,0.000,2308,0.148,0.037,2501,3432,2943,3043,2843,0,0,0,0,0,0,25.82,25.96,28.83
$GC,303,-0.35,-146.6,2501,3433,3045,2843,42.3,-10.8,28,312,0.00,2.03,0.00,0.000,3078,0.000,0.020,2501,2024,2943,3044,2843,0,0,0,0,0,0,28.83,26.15,28.83
$GC,343,-0.35,-146.6,2501,2024,3045,2841,46.0,-9.3,32,345,0.00,0.00,0.00,0.000,2054,0.000,0.000,2501,2024,2943,3044,2842,0,0,0,0,0,0,28.83,28.83,28.83
$GC,373,-0.35,-146.6,2501,2024,3045,2841,48.7,-9.1,35,374,0.00,0.00,0.00,0.000,2054,0.000,0.000,2501,2024,2943,3045,2841,0,0,0,0,0,0,28.83,28.83,28.83
$GC,403,-0.35,-146.6,2501,2024,3045,2841,51.3,-8.8,38,412,0.00,2.15,0.00,0.000,2308,0.000,0.039,2496,3430,2943,3045,2842,0,0,0,0,0,0,28.83,26.01,28.83
$GC,437,-0.35,-146.6,1680,3429,3015,2836,54.4,-9.6,41,444,0.00,2.08,0.00,0.000,3078,0.000,0.021,2496,2029,2943,3045,2841,0,0,0,0,0,0,28.83,25.96,28.83
$GC,475,-0.35,-146.6,2495,2027,3045,2841,58.5,-10.4,45,477,0.05,0.00,0.00,0.000,2054,0.207,0.000,2508,2027,2942,3045,2840,0,0,0,0,0,0,26.36,28.83,28.83
$GC,505,-0.35,-146.6,2508,2027,3045,2841,61.8,-11.1,48,506,0.00,0.00,0.00,0.000,2054,0.000,0.000,2509,2027,2942,3045,2840,0,0,0,0,0,0,28.83,28.83,28.83
$GC,535,-0.40,-146.6,2508,2027,3045,2840,64.7,-9.9,51,537,0.00,0.00,0.00,0.000,4102,0.000,0.000,2508,2027,2942,3045,2840,0,0,0,0,0,0,28.83,28.83,28.83
$GC,567,-0.45,-146.6,2508,2027,3045,2840,67.6,-9.6,54,576,0.10,2.10,0.00,0.000,4356,0.102,0.036,2452,3415,2942,3045,2840,0,0,0,0,0,0,26.38,26.04,28.83
$GC,600,-0.45,-146.6,2452,3415,3045,2840,71.9,-11.7,57,604,0.10,2.00,0.00,0.000,3078,0.154,0.019,2476,2018,2942,3045,2840,0,0,0,0,0,0,25.98,26.25,28.83
$GC,642,-0.45,-146.6,2476,2014,3045,2840,77.4,-13.0,61,652,0.00,2.05,0.00,0.000,2564,0.000,0.031,2477,646,2942,3045,2839,0,0,0,0,0,0,28.83,26.12,28.83
$GC,665,-0.45,-146.6,2477,646,3045,2838,80.1,-12.3,63,669,0.00,2.05,0.00,0.000,3078,0.000,0.027,2477,2026,2941,3045,2838,0,0,0,0,0,0,28.83,26.17,28.83
$GC,708,-0.45,-146.6,2476,2027,3045,2838,85.4,-12.6,67,709,0.00,0.00,0.00,0.000,2054,0.000,0.000,2477,2027,2941,3044,2838,0,0,0,0,0,0,28.83,28.83,28.83
$GC,737,-0.45,-146.6,2477,2026,3045,2838,88.9,-11.9,70,746,0.00,2.12,0.00,0.000,2308,0.000,0.039,2477,3437,2942,3045,2839,0,0,0,0,0,0,28.83,26.06,28.83
$GC,792,-0.45,-146.6,2477,3437,3045,2839,95.2,-11.5,75,803,0.00,2.00,0.00,0.000,3078,0.000,0.018,2477,2022,2942,3045,2839,0,0,0,0,0,0,28.83,26.32,28.83
$GC,831,-0.45,-146.6,2477,2022,3045,2839,99.6,-11.1,79,833,0.00,0.00,0.00,0.000,2054,0.000,0.000,2477,2022,2942,3045,2839,0,0,0,0,0,0,28.83,28.83,28.83
$GC,861,-0.45,-146.6,2477,2022,3045,2838,102.9,-11.2,82,863,0.00,0.00,0.00,0.000,2054,0.000,0.000,2477,2023,2941,3045,2838,0,0,0,0,0,0,28.83,28.83,28.83
$GC,893,-0.45,-146.6,2477,2022,3045,2838,106.3,-11.0,85,902,0.00,2.15,0.00,0.000,2308,0.000,0.041,2477,3436,2942,3045,2839,0,0,0,0,0,0,28.83,26.06,28.83
$GC,936,-0.45,-146.6,2476,3436,3045,2839,111.3,-11.5,89,945,0.00,2.03,0.00,0.000,3078,0.000,0.018,2477,2017,2941,3045,2838,0,0,0,0,0,0,28.83,26.31,28.83
$GC,977,-0.45,-146.6,2476,2015,3045,2838,115.7,-11.1,93,978,0.00,0.00,0.00,0.000,2054,0.000,0.000,2477,2015,2942,3045,2839,0,0,0,0,0,0,28.83,28.83,28.83
$GC,1007,-0.45,-146.6,2477,2015,3045,2838,118.8,-10.5,96,1008,0.00,0.00,0.00,0.000,2054,0.000,0.000,2477,2015,2942,3045,2839,0,0,0,0,0,0,28.83,28.83,28.83
$GC,1036,-0.45,-146.6,2477,2015,3046,2838,122.0,-10.8,99,1037,0.00,0.00,0.00,0.000,2054,0.000,0.000,2477,2015,2942,3045,2839,0,0,0,0,0,0,28.83,28.83,28.83
$GC,1069,-0.45,-146.6,2477,2015,3045,2838,125.4,-10.7,102,1075,0.00,0.00,0.00,0.000,2054,0.000,0.000,2477,2015,2941,3045,2838,0,0,0,0,0,0,28.83,28.83,28.83
$GC,1106,-0.45,-146.6,2477,2016,3045,2838,129.6,-10.6,106,1107,0.00,0.00,0.00,0.000,2054,0.000,0.000,2477,2015,2941,3045,2838,0,0,0,0,0,0,28.83,28.83,28.83
$STATE,1135,end dive,BOTTOM_OBSTACLE_DETECTED
$STATE,1135,begin apogee
$GC,1140,-0.27,0.0,2477,2015,3045,2838,132.8,-10.6,109,1269,0.17,0.00,125.03,0.541,10246,0.132,0.000,2535,2015,2349,2439,2260,0,0,0,0,0,0,25.99,28.83,23.92
$STATE,1271,end apogee,CONTROL_FINISHED_OK
$STATE,1271,begin climb
$GC,1273,0.72,146.6,2535,2015,2438,2259,140.4,0.0,122,1399,1.00,2.28,118.68,0.525,10500,0.111,0.034,2851,3433,1765,1879,1651,0,0,0,0,0,0,25.09,25.32,23.96
$GC,1418,0.72,146.6,2851,3433,1878,1649,130.8,9.9,137,1427,0.00,2.05,0.00,0.000,1030,0.000,0.019,2857,2045,1763,1878,1648,0,0,0,0,0,0,28.83,25.58,28.83
$GC,1458,0.72,146.6,2857,2042,1878,1646,126.4,10.9,141,1459,0.00,0.00,0.00,0.000,6,0.000,0.000,2857,2042,1762,1878,1646,0,0,0,0,0,0,28.83,28.83,28.83
$GC,1488,0.72,146.6,2856,2042,1877,1646,123.3,10.3,144,1489,0.00,0.00,0.00,0.000,6,0.000,0.000,2856,2042,1761,1877,1646,0,0,0,0,0,0,28.83,28.83,28.83
$GC,1517,0.72,146.6,2856,2042,1877,1645,120.2,10.2,147,1519,0.00,0.00,0.00,0.000,6,0.000,0.000,2857,2042,1761,1877,1646,0,0,0,0,0,0,28.83,28.83,28.83
$GC,1548,0.72,146.6,2856,2042,1876,1645,117.3,9.9,150,1549,0.00,0.00,0.00,0.000,6,0.000,0.000,2857,2042,1760,1876,1645,0,0,0,0,0,0,28.83,28.83,28.83
$GC,1578,0.72,146.6,2857,2042,1876,1645,114.2,10.2,153,1587,0.00,2.12,0.00,0.000,260,0.000,0.034,2857,3446,1760,1876,1645,0,0,0,0,0,0,28.83,25.86,28.83
$GC,1612,0.72,146.6,2856,3446,1875,1644,110.6,11.2,156,1619,0.00,2.15,0.00,0.000,1030,0.000,0.024,2857,2025,1760,1876,1644,0,0,0,0,0,0,28.83,25.92,28.83
$GC,1650,0.72,146.6,2857,2022,1876,1644,106.1,11.0,160,1652,0.00,0.00,0.00,0.000,6,0.000,0.000,2857,2022,1759,1875,1644,0,0,0,0,0,0,28.83,28.83,28.83
$GC,1680,0.72,146.6,2857,2022,1876,1644,103.2,10.1,163,1681,0.00,0.00,0.00,0.000,6,0.000,0.000,2857,2022,1760,1876,1644,0,0,0,0,0,0,28.83,28.83,28.83
$GC,1710,0.72,146.6,2857,2022,1876,1643,100.2,9.9,166,1719,0.00,2.15,0.00,0.000,260,0.000,0.034,2857,3448,1759,1875,1643,0,0,0,0,0,0,28.83,25.98,28.83
$GC,1734,0.72,146.6,2857,3448,1875,1643,97.8,10.2,168,1742,0.00,2.12,0.00,0.000,5126,0.000,0.024,2865,2029,1759,1876,1643,0,0,0,0,0,0,28.83,24.97,28.83
$GC,1773,0.72,146.6,2865,2025,1875,1643,93.7,10.4,172,1774,0.00,0.00,0.00,0.000,4102,0.000,0.000,2865,2025,1759,1875,1643,0,0,0,0,0,0,28.83,28.83,28.83
$GC,1802,0.72,146.6,2865,2025,1876,1643,90.8,9.6,175,1803,0.00,0.00,0.00,0.000,4102,0.000,0.000,2865,2025,1759,1876,1643,0,0,0,0,0,0,28.83,28.83,28.83
$GC,1833,0.72,146.6,2865,2025,1875,1643,87.8,10.0,178,1842,0.00,2.12,0.00,0.000,4356,0.000,0.034,2865,3435,1759,1875,1643,0,0,0,0,0,0,28.83,26.03,28.83
$GC,1875,0.72,146.6,2865,3435,1875,1643,83.3,10.4,182,1884,0.00,2.05,0.00,0.000,5126,0.000,0.020,2869,2026,1759,1875,1643,0,0,0,0,0,0,28.83,26.17,28.83
$GC,1915,0.72,146.6,2869,2023,1875,1643,79.4,9.7,186,1916,0.00,0.00,0.00,0.000,4102,0.000,0.000,2869,2024,1759,1875,1643,0,0,0,0,0,0,28.83,28.83,28.83
$GC,1945,0.72,146.6,2869,2024,1875,1643,76.5,9.4,189,1954,0.00,2.15,0.00,0.000,4356,0.000,0.034,2869,3445,1758,1875,1642,0,0,0,0,0,0,28.83,26.06,28.83
$GC,1988,0.66,146.6,2869,3445,1875,1642,72.2,10.3,193,1997,0.08,2.05,0.00,0.000,5126,0.138,0.021,2845,2025,1758,1875,1642,0,0,0,0,0,0,25.88,26.20,28.83
$GC,2027,0.66,146.6,2845,2022,1875,1642,68.7,8.8,197,2028,0.00,0.00,0.00,0.000,4102,0.000,0.000,2845,2022,1758,1875,1642,0,0,0,0,0,0,28.83,28.83,28.83
$GC,2058,0.66,146.6,2845,2022,1875,1642,66.2,8.2,200,2059,0.00,0.00,0.00,0.000,4102,0.000,0.000,2845,2022,1758,1875,1642,0,0,0,0,0,0,28.83,28.83,28.83
$GC,2087,0.66,146.6,2844,2022,1875,1642,63.4,9.0,203,2088,0.00,0.00,0.00,0.000,4102,0.000,0.000,2845,2022,1758,1875,1642,0,0,0,0,0,0,28.83,28.83,28.83
$GC,2117,0.66,146.6,2845,2022,1875,1642,60.8,8.8,206,2119,0.00,0.00,0.00,0.000,4102,0.000,0.000,2845,2022,1758,1875,1642,0,0,0,0,0,0,28.83,28.83,28.83
$GC,2147,0.66,146.6,2845,2022,1875,1642,58.2,9.0,209,2156,0.00,2.15,0.00,0.000,4356,0.000,0.034,2845,3439,1758,1875,1642,0,0,0,0,0,0,28.83,26.10,28.83
$GC,2179,0.66,146.6,2845,3439,1875,1642,55.1,9.2,212,2189,0.00,2.05,0.00,0.000,5126,0.000,0.019,2845,2022,1758,1875,1642,0,0,0,0,0,0,28.83,26.25,28.83
$GC,2220,0.66,146.6,2845,2019,1875,1642,51.7,8.4,216,2221,0.00,0.00,0.00,0.000,4102,0.000,0.000,2845,2020,1758,1875,1642,0,0,0,0,0,0,28.83,28.83,28.83
$GC,2249,0.66,146.6,2845,2019,1875,1642,49.1,8.4,219,2250,0.00,0.00,0.00,0.000,4102,0.000,0.000,2845,2019,1758,1875,1642,0,0,0,0,0,0,28.83,28.83,28.83
$GC,2279,0.66,146.6,2845,2019,1875,1642,46.7,8.3,222,2280,0.00,0.00,0.00,0.000,4102,0.000,0.000,2845,2019,1758,1875,1642,0,0,0,0,0,0,28.83,28.83,28.83
$GC,2309,0.66,146.6,2845,2019,1875,1642,44.2,8.1,225,2310,0.00,0.00,0.00,0.000,4102,0.000,0.000,2845,2019,1758,1875,1642,0,0,0,0,0,0,28.83,28.83,28.83
$GC,2339,0.66,146.6,2844,2019,1875,1642,41.7,8.2,228,2348,0.00,2.15,0.00,0.000,4356,0.000,0.034,2845,3439,1758,1875,1642,0,0,0,0,0,0,28.83,26.12,28.83
$GC,2373,0.66,146.6,1968,3438,1836,1637,38.9,8.7,231,2382,0.00,2.08,0.00,0.000,5126,0.000,0.021,2845,2035,1758,1875,1641,0,0,0,0,0,0,28.83,26.25,28.83
$GC,2411,0.66,146.6,2844,2034,1875,1642,35.4,8.8,235,2413,0.00,0.00,0.00,0.000,4102,0.000,0.000,2845,2034,1758,1875,1642,0,0,0,0,0,0,28.83,28.83,28.83
$GC,2441,0.66,146.6,2845,2034,1874,1641,32.8,8.4,238,2450,0.00,2.12,0.00,0.000,4356,0.000,0.034,2845,3438,1758,1875,1641,0,0,0,0,0,0,28.83,26.12,28.83
$GC,2493,0.66,146.6,2845,3438,1875,1641,27.9,9.8,243,2503,0.00,2.05,0.00,0.000,5126,0.000,0.021,2845,2019,1758,1875,1641,0,0,0,0,0,0,28.83,26.26,28.83
$GC,2534,0.66,146.6,2845,2019,1875,1641,24.6,8.1,247,2535,0.00,0.00,0.00,0.000,4102,0.000,0.000,2845,2018,1758,1875,1641,0,0,0,0,0,0,28.83,28.83,28.83
$GC,2563,0.74,210.7,2845,2018,1875,1641,22.5,7.1,250,2624,0.00,2.22,50.80,0.467,10500,0.000,0.035,2845,3429,1509,1629,1390,0,0,0,0,0,0,28.83,25.71,24.24
$GC,2651,0.86,254.3,1928,3428,1597,1385,16.2,8.0,258,2692,0.17,2.10,34.78,0.449,11270,0.065,0.024,2923,2018,1337,1454,1220,0,0,0,0,0,0,25.84,25.87,24.18
$GC,2723,0.79,254.3,2923,2018,1453,1214,7.2,13.2,265,2733,0.15,2.15,0.00,0.000,4356,0.160,0.033,2882,3428,1332,1452,1213,0,0,0,0,0,0,25.48,25.67,28.83
$GC,2746,0.73,254.3,2882,3428,1452,1212,4.2,12.9,267,2757,0.10,2.05,0.00,0.000,5126,0.164,0.019,2859,2032,1331,1452,1211,0,0,0,0,0,0,25.58,25.82,28.83
$STATE,2763,end climb,SURFACE_DEPTH_REACHED
$STATE,2764,begin surface coast
$FINISH,0.3,1.022119
$STATE,2785,end surface coast,CONTROL_FINISHED_OK
$STATE,2785,begin surface
$SM_CCo,2801,168.05,0.422,1,0,465,473.51
$SM_GC,-5.60,7.25,0.00,168.05,0.053,0.000,0.422,236,2031,465,-7.39,0.03,473.51,0,0,0,0,1,0,25.84,28.83,24.13
$IRIDIUM_FIX,4732.49,-12117.10,270608,020242
$TT8_MAMPS,0.028462,0.028462
$HUMID,42.79
$INTERNAL_PRESSURE,8.14525
$TCM_TEMP,17.60
$XPDR_PINGS,117
$ALTIM_TOP_PING,19.8,25.5
$ALTIM_BOTTOM_PING,130.7,26.6
$24V_AH,23.9,57.098
$10V_AH,9.9,27.741
$FG_AHR_24Vo,0.000
$FG_AHR_10Vo,0.000
$DEVICES,Pitch_motor,Roll_motor,VBD_pump_during_apogee,VBD_pump_during_surface,VBD_valve,Iridium_during_init,Iridium_during_connect,Iridium_during_xfer,Transponder_ping,GUMSTIX_24V,GPS,TT8,LPSleep,TT8_Active,TT8_Sampling,TT8_CF8,TT8_Kalman,Analog_circuits,GPS_charging,Compass,RAFOS,Transponder,Compass2
$DEVICE_SECS,18.475,71.575,329.275,168.050,0.000,25.842,20.989,164.743,33.500,0.000,16.023,781.243,822.959,626.798,911.537,170.291,0.000,1128.435,0.000,678.777,0.000,28.550,0.000
$DEVICE_MAMPS,222.615,48.960,540.855,422.280,0.000,43.600,160.000,223.000,420.000,0.000,28.460,13.960,2.190,13.960,37.930,44.670,0.000,16.000,0.000,15.730,0.000,30.000,0.000
$SENSORS,SBE_CT,AA4330,WL_BB2FLVMG,nil,nil,nil,nil,nil,nil,nil
$SENSOR_SECS,180.743,355.557,466.801,0.000,0.000,0.000,0.000,0.000,0.000,0.000
$SENSOR_MAMPS,23.220,33.000,105.000,0.000,0.000,0.000,0.000,0.000,0.000,0.000
$MEM,323420
$DATA_FILE_SIZE,20384,271
$CAP_FILE_SIZE,88641,0
$CFSIZE,260165632,239865856
$ERRORS,0,0,0,0,0,0,0,0,0,0,0,0,0,1,0,0
$CURRENT,0.089,267.1,1
$GPS,060626,185246,4752.242,-12223.334,7,1.7,12,18.3
