version: 66.11
glider: 175
mission: 11
dive: 1
start: 5 22 126 15 40 19
data:
$ID,175
$MISSION,11
$DIVE,1
$N_DIVES,0
$D_SURF,3
$D_FLARE,3
$D_TGT,30
$D_ABORT,1090
$D_NO_BLEED,50
$D_BOOST,3
$T_BOOST,0
$D_FINISH,0
$D_PITCH,0
$D_SAFE,0
$D_CALL,0
$SURFACE_URGENCY,0
$SURFACE_URGENCY_TRY,0
$SURFACE_URGENCY_FORCE,0
$T_DIVE,10
$T_MISSION,25
$T_ABORT,1440
$T_TURN,300
$T_TURN_SAMPINT,5
$T_NO_W,120
$T_LOITER,0
$T_EPIRB,0
$USE_BATHY,0
$USE_ICE,0
$ICE_FREEZE_MARGIN,0.30000001
$D_OFFGRID,100
$T_WATCHDOG,10
$RELAUNCH,1
$APOGEE_PITCH,-8
$MAX_BUOY,150
$COURSE_BIAS,0
$GLIDE_SLOPE,30
$SPEED_FACTOR,1
$RHO,1.023
$MASS,51878
$MASS_COMP,0
$NAV_MODE,1
$FERRY_MAX,45
$KALMAN_USE,1
$HD_A,0.003
$HD_B,0.0099999998
$HD_C,9.9999997e-06
$HEADING,-1
$ESCAPE_HEADING,0
$ESCAPE_HEADING_DELTA,10
$FIX_MISSING_TIMEOUT,0
$TGT_DEFAULT_LAT,47.766998
$TGT_DEFAULT_LON,-122.413
$TGT_AUTO_DEFAULT,0
$SM_CC,423.31998
$N_FILEKB,4
$FILEMGR,0
$CALL_NDIVES,1
$COMM_SEQ,0
$PROTOCOL,9
$N_NOCOMM,1
$NOCOMM_ACTION,0
$N_NOSURFACE,0
$UPLOAD_DIVES_MAX,-1
$CALL_TRIES,5
$CALL_WAIT,60
$CAPUPLOAD,1
$CAPMAXSIZE,200000
$HEAPDBG,0
$T_GPS,15
$N_GPS,30
$T_GPS_ALMANAC,0
$T_GPS_CHARGE,-38197.516
$T_RSLEEP,2
$STROBE,0
$RAFOS_PEAK_OFFSET,1.5
$RAFOS_CORR_THRESH,60
$RAFOS_HIT_WINDOW,3600
$PITCH_MIN,255
$PITCH_MAX,3935
$C_PITCH,2671
$PITCH_DBAND,0.0099999998
$PITCH_CNV,0.003125763
$P_OVSHOOT,0.039999999
$PITCH_GAIN,30
$PITCH_TIMEOUT,17
$PITCH_AD_RATE,160
$PITCH_MAXERRORS,1
$PITCH_ADJ_GAIN,0.02
$PITCH_ADJ_DBAND,2.5
$ROLL_MIN,171
$ROLL_MAX,3723
$ROLL_DEG,40
$C_ROLL_DIVE,1947
$C_ROLL_CLIMB,1947
$HEAD_ERRBAND,10
$ROLL_CNV,0.028270001
$ROLL_TIMEOUT,15
$R_PORT_OVSHOOT,126
$R_STBD_OVSHOOT,53
$ROLL_AD_RATE,300
$ROLL_MAXERRORS,2
$ROLL_ADJ_GAIN,0
$ROLL_ADJ_DBAND,0
$VBD_MIN,465
$VBD_MAX,3960
$C_VBD,2190
$VBD_DBAND,2
$VBD_CNV,-0.25119999
$VBD_TIMEOUT,720
$PITCH_VBD_SHIFT,0.0012300001
$VBD_PUMP_AD_RATE_SURFACE,5
$VBD_PUMP_AD_RATE_APOGEE,4
$VBD_BLEED_AD_RATE,8
$UNCOM_BLEED,60
$VBD_MAXERRORS,1
$W_ADJ_DBAND,2
$DBDW,0
$PITCH_W_GAIN,0
$PITCH_W_DBAND,1
$CF8_MAXERRORS,5
$AH0_24V,145
$AH0_10V,95
$MINV_24V,19
$MINV_10V,8
$FG_AHR_10V,0
$FG_AHR_24V,0
$PHONE_SUPPLY,2
$PRESSURE_YINT,-13.51214
$PRESSURE_SLOPE,0.0001165895
$AD7714Ch0Gain,128
$TCM_PITCH_OFFSET,0
$TCM_ROLL_OFFSET,0
$COMPASS_USE,4
$ALTIM_BOTTOM_PING_RANGE,0
$ALTIM_TOP_PING_RANGE,20
$ALTIM_BOTTOM_TURN_MARGIN,25
$ALTIM_TOP_TURN_MARGIN,0
$ALTIM_TOP_MIN_OBSTACLE,1
$ALTIM_PING_DEPTH,100
$ALTIM_PING_DELTA,5
$ALTIM_FREQUENCY,13
$ALTIM_PULSE,3
$ALTIM_SENSITIVITY,4
$XPDR_VALID,5
$XPDR_INHIBIT,90
$INT_PRESSURE_SLOPE,0.0097660003
$INT_PRESSURE_YINT,-0.40000001
$DEEPGLIDER,0
$DEEPGLIDERMB,0
$MOTHERBOARD,4
$DEVICE1,2
$DEVICE2,101
$DEVICE3,38
$DEVICE4,-1
$DEVICE5,-1
$DEVICE6,-1
$LOGGERS,7
$LOGGERDEVICE1,-1
$LOGGERDEVICE2,-1
$LOGGERDEVICE3,-1
$LOGGERDEVICE4,-1
$COMPASS_DEVICE,33
$COMPASS2_DEVICE,-1
$PHONE_DEVICE,49
$GPS_DEVICE,32
$RAFOS_DEVICE,-1
$XPDR_DEVICE,24
$SIM_W,0
$SIM_PITCH,0
$SEABIRD_T_G,0.0043137739
$SEABIRD_T_H,0.00062868668
$SEABIRD_T_I,2.2691316e-05
$SEABIRD_T_J,2.2586789e-06
$SEABIRD_C_G,-10.021329
$SEABIRD_C_H,1.1236943
$SEABIRD_C_I,-0.0013673168
$SEABIRD_C_J,0.00018808816
$GPS1,220526,153646,4750.104,-12224.888,8,1.3,14,18.2
$_CALLS,1
$_XMS_NAKs,0
$_XMS_TOUTs,0
$_SM_DEPTHo,1.08
$_SM_ANGLEo,-65.0
$GPS2,220526,153923,4750.096,-12224.901,14,1.1,14,18.2
$SPEED_LIMITS,0.173,0.260
$TGT_NAME,MIDE_175
$TGT_LATLONG,4746.000,-12224.800
$TGT_RADIUS,300.000
$KALMAN_CONTROL,0.004,-0.260
$KALMAN_X,0.0,0.0,0.0,0.0,0.0
$KALMAN_Y,0.0,0.0,0.0,0.0,0.0
$MHEAD_RNG_PITCHd_Wd,160.8,7587,-17.5,-10.000,-21.04,2225
$D_GRID,30
$GCHEAD,st_secs,pitch_ctl,vbd_ctl,pitch_ad_start,roll_ad_start,vbd_pot1_ad_start,vbd_pot2_ad_start,depth,ob_vertv,data_pts,end_secs,pitch_secs,roll_secs,vbd_secs,vbd_i,gcphase,pitch_i,roll_i,pitch_ad,roll_ad,vbd_ad,vbd_pot1_ad,vbd_pot2_ad,pitch_retries,pitch_errors,roll_retries,roll_errors,vbd_retries,vbd_errors,pitch_volts,roll_volts,vbd_volts
$STATE,13,end surface,CONTROL_FINISHED_OK
$STATE,13,begin dive
$GC,15,-0.76,-146.6,242,2012,574,434,0.0,0.0,0,101,0.00,0.00,-83.28,0.000,16390,0.000,0.000,243,2012,2774,2859,2690,0,0,0,0,0,0,28.83,28.83,26.73
$GC,104,-0.76,-146.6,242,2012,2861,2692,2.6,-3.0,8,117,8.98,2.12,0.00,0.000,2564,0.226,0.043,2419,626,2780,2866,2694,0,0,0,0,0,0,25.25,26.05,28.83
$STATE,289,end dive,TARGET_DEPTH_EXCEEDED
$STATE,289,begin apogee
$GC,296,-0.27,0.0,2413,1951,2877,2692,30.3,-12.5,26,422,0.55,0.00,120.05,0.462,10246,0.145,0.000,2579,1952,2190,2289,2091,0,0,0,0,0,0,25.21,28.83,24.65
$STATE,423,end apogee,CONTROL_FINISHED_OK
$STATE,424,begin climb
$GC,426,0.76,146.6,2579,1952,2288,2090,33.5,0.0,39,544,0.98,2.12,111.40,0.443,10500,0.087,0.034,2911,3351,1605,1743,1468,0,0,0,0,0,0,25.50,25.58,24.70
$STATE,642,end climb,SURFACE_DEPTH_REACHED
$STATE,642,begin surface coast
$FINISH,1.5,1.020955
$STATE,656,end surface coast,CONTROL_FINISHED_OK
$STATE,656,begin surface
$SM_CCo,673,192.43,0.413,1,0,503,423.52
$SM_GC,1.01,7.18,1.98,192.43,0.044,0.018,0.413,243,2001,503,-7.51,3.62,423.52,0,0,0,0,1,0,25.98,26.09,24.77
$IRIDIUM_FIX,4732.49,-12220.39,120608,010159
$TT8_MAMPS,0.027713,0.027713
$HUMID,43.10
$INTERNAL_PRESSURE,8.22338
$TCM_TEMP,21.10
$XPDR_PINGS,158
$ALTIM_TOP_PING,11.2,10.3
$24V_AH,24.7,23.536
$10V_AH,10.2,10.567
$FG_AHR_24Vo,0.000
$FG_AHR_10Vo,0.000
$DEVICES,Pitch_motor,Roll_motor,VBD_pump_during_apogee,VBD_pump_during_surface,VBD_valve,Iridium_during_init,Iridium_during_connect,Iridium_during_xfer,Transponder_ping,GUMSTIX_24V,GPS,TT8,LPSleep,TT8_Active,TT8_Sampling,TT8_CF8,TT8_Kalman,Analog_circuits,GPS_charging,Compass,RAFOS,Transponder,Compass2
$DEVICE_SECS,17.675,8.225,231.450,192.425,0.000,0.000,0.000,0.000,39.750,0.000,17.626,159.147,110.134,422.299,235.553,21.108,29.127,603.981,0.000,223.358,0.000,2.625,0.000
$DEVICE_MAMPS,226.440,42.840,462.060,413.100,0.000,0.000,0.000,0.000,420.000,0.000,28.460,13.960,2.190,13.960,37.930,44.670,61.150,16.000,0.000,15.730,0.000,30.000,0.000
$SENSORS,SBE_CT,AA4330,WL_BB2FLVMG,nil,nil,nil,nil,nil,nil,nil
$SENSOR_SECS,39.554,80.653,106.940,0.000,0.000,0.000,0.000,0.000,0.000,0.000
$SENSOR_MAMPS,23.220,33.000,105.000,0.000,0.000,0.000,0.000,0.000,0.000,0.000
$MEM,354672
$DATA_FILE_SIZE,3697,62
$CAP_FILE_SIZE,23727,0
$CFSIZE,260165632,256389120
$ERRORS,0,0,0,0,0,0,0,0,0,0,0,0,0,1,0,0
$GPS,220526,155541,4750.113,-12224.900,12,1.3,12,18.2
