version: 66.11
glider: 175
mission: 11
dive: 167
start: 5 28 126 6 18 20
data:
$ID,175
$MISSION,11
$DIVE,167
$N_DIVES,0
$D_SURF,3
$D_FLARE,3
$D_TGT,300
$D_ABORT,1090
$D_NO_BLEED,50
$D_BOOST,3
$T_BOOST,0
$D_FINISH,0
$D_PITCH,0
$D_SAFE,0
$D_CALL,0
$SURFACE_URGENCY,0
$SURFACE_URGENCY_TRY,0
$SURFACE_URGENCY_FORCE,0
$T_DIVE,65
$T_MISSION,100
$T_ABORT,1440
$T_TURN,300
$T_TURN_SAMPINT,5
$T_NO_W,120
$T_LOITER,0
$T_EPIRB,0
$USE_BATHY,0
$USE_ICE,0
$ICE_FREEZE_MARGIN,0.30000001
$D_OFFGRID,100
$T_WATCHDOG,10
$RELAUNCH,1
$APOGEE_PITCH,-8
$MAX_BUOY,150
$COURSE_BIAS,0
$GLIDE_SLOPE,30
$SPEED_FACTOR,1
$RHO,1.0235
$MASS,51878
$MASS_COMP,0
$NAV_MODE,2
$FERRY_MAX,45
$KALMAN_USE,2
$HD_A,0.0024900001
$HD_B,0.0091000004
$HD_C,5.7000002e-06
$HEADING,-1
$ESCAPE_HEADING,0
$ESCAPE_HEADING_DELTA,10
$FIX_MISSING_TIMEOUT,0
$TGT_DEFAULT_LAT,47.766998
$TGT_DEFAULT_LON,-122.413
$TGT_AUTO_DEFAULT,0
$SM_CC,423.31998
$N_FILEKB,4
$FILEMGR,0
$CALL_NDIVES,1
$COMM_SEQ,0
$PROTOCOL,9
$N_NOCOMM,1
$NOCOMM_ACTION,0
$N_NOSURFACE,0
$UPLOAD_DIVES_MAX,-1
$CALL_TRIES,5
$CALL_WAIT,60
$CAPUPLOAD,1
$CAPMAXSIZE,200000
$HEAPDBG,0
$T_GPS,15
$N_GPS,30
$T_GPS_ALMANAC,0
$T_GPS_CHARGE,-38862.793
$T_RSLEEP,2
$STROBE,0
$RAFOS_PEAK_OFFSET,1.5
$RAFOS_CORR_THRESH,60
$RAFOS_HIT_WINDOW,3600
$PITCH_MIN,255
$PITCH_MAX,3935
$C_PITCH,2626
$PITCH_DBAND,0.0099999998
$PITCH_CNV,0.003125763
$P_OVSHOOT,0.039999999
$PITCH_GAIN,30
$PITCH_TIMEOUT,17
$PITCH_AD_RATE,160
$PITCH_MAXERRORS,1
$PITCH_ADJ_GAIN,0.02
$PITCH_ADJ_DBAND,2.5
$ROLL_MIN,171
$ROLL_MAX,3723
$ROLL_DEG,40
$C_ROLL_DIVE,2030
$C_ROLL_CLIMB,2030
$HEAD_ERRBAND,10
$ROLL_CNV,0.028270001
$ROLL_TIMEOUT,15
$R_PORT_OVSHOOT,67
$R_STBD_OVSHOOT,48
$ROLL_AD_RATE,300
$ROLL_MAXERRORS,2
$ROLL_ADJ_GAIN,0
$ROLL_ADJ_DBAND,0
$VBD_MIN,465
$VBD_MAX,3960
$C_VBD,2350
$VBD_DBAND,2
$VBD_CNV,-0.25119999
$VBD_TIMEOUT,720
$PITCH_VBD_SHIFT,0.0012300001
$VBD_PUMP_AD_RATE_SURFACE,5
$VBD_PUMP_AD_RATE_APOGEE,4
$VBD_BLEED_AD_RATE,8
$UNCOM_BLEED,60
$VBD_MAXERRORS,1
$W_ADJ_DBAND,2
$DBDW,0
$PITCH_W_GAIN,0
$PITCH_W_DBAND,1
$CF8_MAXERRORS,5
$AH0_24V,145
$AH0_10V,95
$MINV_24V,19
$MINV_10V,8
$FG_AHR_10V,0
$FG_AHR_24V,0
$PHONE_SUPPLY,2
$PRESSURE_YINT,-13.51214
$PRESSURE_SLOPE,0.0001165895
$AD7714Ch0Gain,128
$TCM_PITCH_OFFSET,0
$TCM_ROLL_OFFSET,0
$COMPASS_USE,4
$ALTIM_BOTTOM_PING_RANGE,0
$ALTIM_TOP_PING_RANGE,20
$ALTIM_BOTTOM_TURN_MARGIN,25
$ALTIM_TOP_TURN_MARGIN,0
$ALTIM_TOP_MIN_OBSTACLE,1
$ALTIM_PING_DEPTH,60
$ALTIM_PING_DELTA,5
$ALTIM_FREQUENCY,13
$ALTIM_PULSE,3
$ALTIM_SENSITIVITY,4
$XPDR_VALID,5
$XPDR_INHIBIT,90
$INT_PRESSURE_SLOPE,0.0097660003
$INT_PRESSURE_YINT,-0.40000001
$DEEPGLIDER,0
$DEEPGLIDERMB,0
$MOTHERBOARD,4
$DEVICE1,2
$DEVICE2,101
$DEVICE3,38
$DEVICE4,-1
$DEVICE5,-1
$DEVICE6,-1
$LOGGERS,7
$LOGGERDEVICE1,-1
$LOGGERDEVICE2,-1
$LOGGERDEVICE3,-1
$LOGGERDEVICE4,-1
$COMPASS_DEVICE,33
$COMPASS2_DEVICE,-1
$PHONE_DEVICE,49
$GPS_DEVICE,32
$RAFOS_DEVICE,-1
$XPDR_DEVICE,24
$SIM_W,0
$SIM_PITCH,0
$SEABIRD_T_G,0.0043137739
$SEABIRD_T_H,0.00062868668
$SEABIRD_T_I,2.2691316e-05
$SEABIRD_T_J,2.2586789e-06
$SEABIRD_C_G,-10.021329
$SEABIRD_C_H,1.1236943
$SEABIRD_C_I,-0.0013673168
$SEABIRD_C_J,0.00018808816
$GPS1,280526,061004,4748.546,-12225.499,33,1.1,33,18.2
$_CALLS,2
$_XMS_NAKs,0
$_XMS_TOUTs,0
$_SM_DEPTHo,-5.95
$_SM_ANGLEo,-70.7
$GPS2,280526,061753,4748.483,-12225.595,13,1.4,13,18.2
$SPEED_LIMITS,0.266,0.310
$TGT_NAME,NORTH_175
$TGT_LATLONG,4750.320,-12225.910
$TGT_RADIUS,200.000
$KALMAN_CONTROL,-0.308,-0.036
$KALMAN_X,-26399.6,2731.3,-3312.9,27789.1,960.1
$KALMAN_Y,21105.2,-3854.7,5287.3,-26076.4,2417.0
$MHEAD_RNG_PITCHd_Wd,344.2,3424,-23.7,-15.385,-26.38,1456
$D_GRID,300
$GCHEAD,st_secs,pitch_ctl,vbd_ctl,pitch_ad_start,roll_ad_start,vbd_pot1_ad_start,vbd_pot2_ad_start,depth,ob_vertv,data_pts,end_secs,pitch_secs,roll_secs,vbd_secs,vbd_i,gcphase,pitch_i,roll_i,pitch_ad,roll_ad,vbd_ad,vbd_pot1_ad,vbd_pot2_ad,pitch_retries,pitch_errors,roll_retries,roll_errors,vbd_retries,vbd_errors,pitch_volts,roll_volts,vbd_volts
$STATE,14,end surface,CONTROL_FINISHED_OK
$STATE,14,begin dive
$GC,16,-0.97,-146.6,242,2013,700,607,0.0,0.0,0,101,0.00,0.00,-82.03,0.000,16390,0.000,0.000,242,2014,2934,3020,2849,0,0,0,0,0,0,28.83,28.83,26.41
$GC,104,-0.97,-146.6,242,2014,3021,2850,-3.3,-4.4,8,121,8.40,2.20,0.00,0.000,2308,0.223,0.043,2293,3425,2940,3030,2850,0,0,0,0,0,0,24.99,25.86,28.83
$GC,197,-0.68,-146.6,1504,3424,3010,2839,24.6,-28.0,17,206,0.40,2.08,0.00,0.000,3078,0.170,0.032,2402,2032,2943,3043,2844,0,0,0,0,0,0,25.36,26.08,28.83
$GC,235,-0.52,-146.6,2402,2029,3046,2843,33.9,-23.2,21,237,0.20,0.00,0.00,0.000,2054,0.155,0.000,2456,2028,2944,3046,2843,0,0,0,0,0,0,25.74,28.83,28.83
$GC,265,-0.52,-146.6,2456,2028,3047,2843,39.0,-17.6,24,266,0.00,0.00,0.00,0.000,6,0.000,0.000,2456,2027,2945,3047,2843,0,0,0,0,0,0,28.83,28.83,28.83
$GC,294,-0.52,-146.6,2456,2027,3047,2842,43.5,-14.9,27,296,0.00,0.00,0.00,0.000,6,0.000,0.000,2456,2028,2944,3047,2842,0,0,0,0,0,0,28.83,28.83,28.83
$GC,326,-0.58,-146.6,2456,2027,3048,2842,47.8,-14.7,30,334,0.00,2.15,0.00,0.000,4356,0.000,0.043,2452,3431,2944,3047,2842,0,0,0,0,0,0,28.83,26.00,28.83
$GC,349,-0.58,-146.6,1636,3429,3019,2837,51.1,-14.8,32,357,0.00,2.08,0.00,0.000,5126,0.000,0.021,2452,2022,2945,3048,2842,0,0,0,0,0,0,28.83,26.22,28.83
$GC,388,-0.64,-146.6,2451,2021,3048,2842,57.1,-15.2,36,397,0.10,2.12,0.00,0.000,4356,0.100,0.040,2396,3421,2944,3048,2841,0,0,0,0,0,0,26.32,26.03,28.83
$GC,431,-0.64,-146.6,2396,3421,3048,2842,64.5,-16.9,40,444,0.10,2.00,0.00,0.000,3078,0.171,0.022,2418,2022,2945,3048,2842,0,0,0,0,0,0,25.94,26.25,28.83
$GC,473,-0.64,-146.6,2418,2021,3048,2841,71.5,-17.1,44,481,0.00,2.03,0.00,0.000,2564,0.000,0.031,2418,658,2944,3049,2840,0,0,0,0,0,0,28.83,26.14,28.83
$GC,547,-0.64,-146.6,2418,658,3048,2838,84.2,-16.9,51,551,0.00,2.05,0.00,0.000,3078,0.000,0.031,2412,2022,2943,3048,2839,0,0,0,0,0,0,28.83,26.09,28.83
$GC,590,-0.64,-146.6,2412,2022,3048,2839,91.3,-17.4,55,599,0.00,2.17,0.00,0.000,2308,0.000,0.044,2411,3448,2943,3048,2839,0,0,0,0,0,0,28.83,26.08,28.83
$GC,633,-0.64,-146.6,2411,3448,3049,2839,98.9,-17.1,59,643,0.00,2.03,0.00,0.000,3078,0.000,0.021,2411,2033,2943,3048,2839,0,0,0,0,0,0,28.83,26.29,28.83
$GC,674,-0.64,-146.6,2411,2032,3048,2839,105.3,-16.2,63,675,0.00,0.00,0.00,0.000,2054,0.000,0.000,2411,2032,2944,3049,2839,0,0,0,0,0,0,28.83,28.83,28.83
$GC,704,-0.64,-146.6,2411,2032,3049,2839,110.1,-15.6,66,713,0.00,2.15,0.00,0.000,2308,0.000,0.044,2411,3443,2943,3048,2839,0,0,0,0,0,0,28.83,26.10,28.83
$GC,747,-0.64,-146.6,2411,3443,3049,2839,117.1,-15.9,70,756,0.00,2.03,0.00,0.000,3078,0.000,0.021,2411,2014,2944,3049,2839,0,0,0,0,0,0,28.83,26.32,28.83
$GC,787,-0.64,-146.6,2411,2013,3049,2839,123.7,-16.3,74,788,0.00,0.00,0.00,0.000,2054,0.000,0.000,2411,2013,2943,3048,2839,0,0,0,0,0,0,28.83,28.83,28.83
$GC,818,-0.64,-146.6,2411,2013,3048,2839,128.4,-16.1,77,819,0.00,0.00,0.00,0.000,2054,0.000,0.000,2411,2014,2944,3049,2839,0,0,0,0,0,0,28.83,28.83,28.83
$GC,846,-0.64,-146.6,2411,2013,3048,2839,133.2,-15.7,80,848,0.00,0.00,0.00,0.000,2054,0.000,0.000,2412,2014,2943,3048,2839,0,0,0,0,0,0,28.83,28.83,28.83
$GC,877,-0.64,-146.6,2411,2013,3048,2839,137.8,-15.8,83,878,0.00,0.00,0.00,0.000,2054,0.000,0.000,2411,2013,2944,3049,2839,0,0,0,0,0,0,28.83,28.83,28.83
$GC,907,-0.64,-146.6,2411,2013,3048,2839,142.7,-15.9,86,908,0.00,0.00,0.00,0.000,2054,0.000,0.000,2411,2013,2943,3048,2839,0,0,0,0,0,0,28.83,28.83,28.83
$GC,936,-0.64,-146.6,2411,2013,3049,2839,147.3,-15.3,89,938,0.00,0.00,0.00,0.000,2054,0.000,0.000,2411,2013,2943,3048,2839,0,0,0,0,0,0,28.83,28.83,28.83
$STATE,965,end dive,BOTTOM_OBSTACLE_DETECTED
$STATE,965,begin apogee
$GC,970,-0.27,0.0,2411,2013,3049,2839,151.9,-15.5,92,1099,0.38,0.00,124.72,0.556,10246,0.140,0.000,2529,2013,2349,2439,2260,0,0,0,0,0,0,25.72,28.83,24.09
$STATE,1101,end apogee,CONTROL_FINISHED_OK
$STATE,1101,begin climb
$GC,1103,0.97,146.6,2529,2013,2437,2259,161.8,0.0,105,1231,1.30,2.30,117.05,0.543,10500,0.119,0.035,2930,3439,1764,1872,1656,0,0,0,0,0,0,24.88,25.30,24.11
$GC,1259,0.97,146.6,2930,3439,1872,1653,144.9,15.6,121,1268,0.00,2.08,0.00,0.000,1030,0.000,0.021,2939,2044,1762,1872,1653,0,0,0,0,0,0,28.83,25.63,28.83
$GC,1299,0.97,146.6,2939,2041,1872,1651,138.1,16.9,125,1300,0.00,0.00,0.00,0.000,6,0.000,0.000,2939,2041,1761,1872,1651,0,0,0,0,0,0,28.83,28.83,28.83
$GC,1329,0.97,146.6,2939,2041,1871,1651,133.1,16.7,128,1330,0.00,0.00,0.00,0.000,6,0.000,0.000,2939,2041,1761,1871,1651,0,0,0,0,0,0,28.83,28.83,28.83
$GC,1360,0.97,146.6,2939,2041,1870,1651,128.1,16.5,131,1361,0.00,0.00,0.00,0.000,6,0.000,0.000,2939,2041,1760,1870,1650,0,0,0,0,0,0,28.83,28.83,28.83
$GC,1390,0.97,146.6,2939,2040,1870,1651,122.8,17.6,134,1399,0.00,2.12,0.00,0.000,260,0.000,0.034,2939,3445,1759,1869,1650,0,0,0,0,0,0,28.83,25.88,28.83
$GC,1422,0.97,146.6,2939,3445,1869,1650,116.8,17.9,137,1431,0.00,2.08,0.00,0.000,5126,0.000,0.020,2950,2028,1759,1869,1650,0,0,0,0,0,0,28.83,26.01,28.83
$GC,1462,0.97,146.6,2950,2024,1869,1650,109.4,18.4,141,1463,0.00,0.00,0.00,0.000,4102,0.000,0.000,2950,2024,1759,1869,1649,0,0,0,0,0,0,28.83,28.83,28.83
$GC,1492,0.97,146.6,2950,2023,1869,1649,104.2,17.5,144,1501,0.00,2.15,0.00,0.000,4356,0.000,0.034,2950,3445,1759,1869,1649,0,0,0,0,0,0,28.83,25.98,28.83
$GC,1534,0.97,146.6,2950,3445,1869,1649,96.4,18.8,148,1544,0.10,2.08,0.00,0.000,5126,0.200,0.019,2940,2019,1759,1869,1649,0,0,0,0,0,0,25.79,26.13,28.83
$GC,1574,0.97,146.6,2940,2017,1869,1649,89.5,17.3,152,1575,0.00,0.00,0.00,0.000,4102,0.000,0.000,2940,2016,1759,1869,1649,0,0,0,0,0,0,28.83,28.83,28.83
$GC,1605,0.97,146.6,2940,2016,1869,1649,84.5,16.3,155,1606,0.00,0.00,0.00,0.000,4102,0.000,0.000,2940,2016,1759,1869,1649,0,0,0,0,0,0,28.83,28.83,28.83
$GC,1634,0.97,146.6,2940,2016,1869,1649,79.8,15.9,158,1636,0.00,0.00,0.00,0.000,4102,0.000,0.000,2940,2017,1759,1869,1649,0,0,0,0,0,0,28.83,28.83,28.83
$GC,1664,0.97,146.6,2940,2016,1869,1649,75.2,15.5,161,1665,0.00,0.00,0.00,0.000,4102,0.000,0.000,2940,2017,1759,1869,1649,0,0,0,0,0,0,28.83,28.83,28.83
$GC,1694,0.97,146.6,2940,2017,1869,1649,70.8,14.8,164,1695,0.00,0.00,0.00,0.000,4102,0.000,0.000,2941,2016,1759,1869,1649,0,0,0,0,0,0,28.83,28.83,28.83
$GC,1725,0.97,146.6,2940,2016,1869,1649,66.7,13.9,167,1726,0.00,0.00,0.00,0.000,4102,0.000,0.000,2941,2017,1759,1869,1649,0,0,0,0,0,0,28.83,28.83,28.83
$GC,1754,0.97,146.6,2941,2017,1869,1649,62.5,13.7,170,1755,0.00,0.00,0.00,0.000,4102,0.000,0.000,2940,2017,1759,1869,1649,0,0,0,0,0,0,28.83,28.83,28.83
$GC,1785,0.97,146.6,2940,2016,1869,1649,58.1,14.6,173,1794,0.00,2.15,0.00,0.000,4356,0.000,0.034,2940,3454,1759,1869,1649,0,0,0,0,0,0,28.83,26.13,28.83
$GC,1819,0.97,146.6,2940,3454,1869,1649,53.1,15.2,176,1826,0.00,2.10,0.00,0.000,5126,0.000,0.020,2949,2029,1759,1869,1649,0,0,0,0,0,0,28.83,26.25,28.83
$GC,1857,0.97,146.6,2948,2025,1868,1649,47.0,15.4,180,1858,0.00,0.00,0.00,0.000,4102,0.000,0.000,2948,2025,1758,1868,1649,0,0,0,0,0,0,28.83,28.83,28.83
$GC,1887,0.97,146.6,2948,2025,1869,1649,42.5,14.6,183,1888,0.00,0.00,0.00,0.000,4102,0.000,0.000,2948,2025,1759,1869,1649,0,0,0,0,0,0,28.83,28.83,28.83
$GC,1917,0.97,146.6,2948,2025,1869,1649,37.9,15.5,186,1927,0.00,2.12,0.00,0.000,4356,0.000,0.034,2948,3443,1758,1868,1649,0,0,0,0,0,0,28.83,26.15,28.83
$GC,1944,0.97,146.6,2948,3443,1868,1649,34.0,15.9,188,1951,0.08,2.08,0.00,0.000,5126,0.216,0.019,2943,2021,1758,1868,1649,0,0,0,0,0,0,26.01,26.28,28.83
$GC,1979,0.97,146.6,2943,2017,1869,1648,27.2,17.3,192,1981,0.00,0.00,0.00,0.000,4102,0.000,0.000,2944,2017,1758,1868,1648,0,0,0,0,0,0,28.83,28.83,28.83
$GC,2010,0.97,146.6,2943,2017,1869,1648,22.8,14.6,195,2019,0.00,2.12,0.00,0.000,4356,0.000,0.034,2943,3448,1758,1868,1648,0,0,0,0,0,0,28.83,26.17,28.83
$GC,2034,0.97,146.6,2943,3448,1868,1648,19.6,14.1,197,2043,0.00,2.05,0.00,0.000,5126,0.000,0.021,2950,2029,1758,1868,1648,0,0,0,0,0,0,28.83,26.27,28.83
$GC,2072,0.97,146.6,2950,2025,1868,1648,13.7,14.7,201,2081,0.00,2.10,0.00,0.000,4612,0.000,0.034,2951,632,1757,1867,1648,0,0,0,0,0,0,28.83,26.17,28.83
$GC,2104,0.97,146.6,2951,632,1865,1648,9.4,13.5,204,2113,0.00,2.05,0.00,0.000,5126,0.000,0.023,2951,2041,1756,1865,1648,0,0,0,0,0,0,28.83,26.28,28.83
$GC,2144,0.97,146.6,2951,2041,1866,1648,4.0,13.6,208,2153,0.00,2.08,0.00,0.000,4356,0.000,0.035,2951,3430,1756,1865,1648,0,0,0,0,0,0,28.83,26.19,28.83
$STATE,2156,end climb,SURFACE_DEPTH_REACHED
$STATE,2156,begin surface coast
$FINISH,-1.0,1.021998
$STATE,2177,end surface coast,CONTROL_FINISHED_OK
$STATE,2177,begin surface
$SM_CCo,2195,209.40,0.436,1,0,663,423.52
$SM_GC,-6.01,7.82,2.10,209.40,0.080,0.018,0.436,240,2011,663,-7.39,1.41,423.52,0,0,0,0,1,0,26.17,26.34,24.27
$IRIDIUM_FIX,4732.49,-12227.53,170608,151532
$TT8_MAMPS,0.027713,0.027713
$HUMID,42.00
$INTERNAL_PRESSURE,8.15502
$TCM_TEMP,19.70
$XPDR_PINGS,88
$ALTIM_TOP_PING,19.6,25.6
$ALTIM_BOTTOM_PING,145.7,30.6
$24V_AH,24.1,36.507
$10V_AH,9.9,16.959
$FG_AHR_24Vo,0.000
$FG_AHR_10Vo,0.000
$DEVICES,Pitch_motor,Roll_motor,VBD_pump_during_apogee,VBD_pump_during_surface,VBD_valve,Iridium_during_init,Iridium_during_connect,Iridium_during_xfer,Transponder_ping,GUMSTIX_24V,GPS,TT8,LPSleep,TT8_Active,TT8_Sampling,TT8_CF8,TT8_Kalman,Analog_circuits,GPS_charging,Compass,RAFOS,Transponder,Compass2
$DEVICE_SECS,18.875,58.825,241.775,209.400,0.000,47.793,60.314,185.697,27.000,0.000,16.102,626.718,690.772,559.719,883.077,136.090,0.000,981.581,0.000,557.345,0.000,33.126,0.000
$DEVICE_MAMPS,222.615,44.370,556.155,436.050,0.000,43.600,160.000,223.000,420.000,0.000,28.460,13.960,2.190,13.960,37.930,44.670,0.000,16.000,0.000,15.730,0.000,30.000,0.000
$SENSORS,SBE_CT,AA4330,WL_BB2FLVMG,nil,nil,nil,nil,nil,nil,nil
$SENSOR_SECS,140.581,276.850,365.619,0.000,0.000,0.000,0.000,0.000,0.000,0.000
$SENSOR_MAMPS,23.220,33.000,105.000,0.000,0.000,0.000,0.000,0.000,0.000,0.000
$MEM,354516
$DATA_FILE_SIZE,13713,211
$CAP_FILE_SIZE,73581,0
$CFSIZE,260165632,250159104
$ERRORS,0,0,0,0,0,0,0,0,0,0,0,0,0,1,0,0
$CURRENT,0.128,200.0,1
$GPS,280526,065916,4748.667,-12225.690,6,1.5,6,18.2
