version: 66.11
glider: 175
mission: 11
dive: 212
start: 5 29 126 23 14 57
data:
$ID,175
$MISSION,11
$DIVE,212
$N_DIVES,0
$D_SURF,3
$D_FLARE,3
$D_TGT,165
$D_ABORT,1090
$D_NO_BLEED,50
$D_BOOST,3
$T_BOOST,0
$D_FINISH,0
$D_PITCH,0
$D_SAFE,0
$D_CALL,0
$SURFACE_URGENCY,0
$SURFACE_URGENCY_TRY,0
$SURFACE_URGENCY_FORCE,0
$T_DIVE,55
$T_MISSION,70
$T_ABORT,1440
$T_TURN,300
$T_TURN_SAMPINT,5
$T_NO_W,120
$T_LOITER,0
$T_EPIRB,0
$USE_BATHY,0
$USE_ICE,0
$ICE_FREEZE_MARGIN,0.30000001
$D_OFFGRID,100
$T_WATCHDOG,10
$RELAUNCH,1
$APOGEE_PITCH,-8
$MAX_BUOY,150
$COURSE_BIAS,0
$GLIDE_SLOPE,30
$SPEED_FACTOR,1
$RHO,1.0235
$MASS,51878
$MASS_COMP,0
$NAV_MODE,1
$FERRY_MAX,45
$KALMAN_USE,1
$HD_A,0.0024900001
$HD_B,0.0091000004
$HD_C,5.7000002e-06
$HEADING,-1
$ESCAPE_HEADING,0
$ESCAPE_HEADING_DELTA,10
$FIX_MISSING_TIMEOUT,0
$TGT_DEFAULT_LAT,47.766998
$TGT_DEFAULT_LON,-122.413
$TGT_AUTO_DEFAULT,0
$SM_CC,473.51199
$N_FILEKB,4
$FILEMGR,0
$CALL_NDIVES,1
$COMM_SEQ,0
$PROTOCOL,9
$N_NOCOMM,1
$NOCOMM_ACTION,0
$N_NOSURFACE,0
$UPLOAD_DIVES_MAX,-1
$CALL_TRIES,5
$CALL_WAIT,60
$CAPUPLOAD,1
$CAPMAXSIZE,200000
$HEAPDBG,0
$T_GPS,15
$N_GPS,30
$T_GPS_ALMANAC,0
$T_GPS_CHARGE,-38921.348
$T_RSLEEP,2
$STROBE,0
$RAFOS_PEAK_OFFSET,1.5
$RAFOS_CORR_THRESH,60
$RAFOS_HIT_WINDOW,3600
$PITCH_MIN,255
$PITCH_MAX,3935
$C_PITCH,2626
$PITCH_DBAND,0.0099999998
$PITCH_CNV,0.003125763
$P_OVSHOOT,0.039999999
$PITCH_GAIN,30
$PITCH_TIMEOUT,17
$PITCH_AD_RATE,160
$PITCH_MAXERRORS,1
$PITCH_ADJ_GAIN,0.02
$PITCH_ADJ_DBAND,2.5
$ROLL_MIN,171
$ROLL_MAX,3723
$ROLL_DEG,40
$C_ROLL_DIVE,2030
$C_ROLL_CLIMB,2030
$HEAD_ERRBAND,10
$ROLL_CNV,0.028270001
$ROLL_TIMEOUT,15
$R_PORT_OVSHOOT,58
$R_STBD_OVSHOOT,52
$ROLL_AD_RATE,300
$ROLL_MAXERRORS,2
$ROLL_ADJ_GAIN,0
$ROLL_ADJ_DBAND,0
$VBD_MIN,465
$VBD_MAX,3960
$C_VBD,2350
$VBD_DBAND,2
$VBD_CNV,-0.25119999
$VBD_TIMEOUT,720
$PITCH_VBD_SHIFT,0.0012300001
$VBD_PUMP_AD_RATE_SURFACE,5
$VBD_PUMP_AD_RATE_APOGEE,4
$VBD_BLEED_AD_RATE,8
$UNCOM_BLEED,60
$VBD_MAXERRORS,1
$W_ADJ_DBAND,2
$DBDW,0
$PITCH_W_GAIN,0
$PITCH_W_DBAND,1
$CF8_MAXERRORS,5
$AH0_24V,145
$AH0_10V,95
$MINV_24V,19
$MINV_10V,8
$FG_AHR_10V,0
$FG_AHR_24V,0
$PHONE_SUPPLY,2
$PRESSURE_YINT,-13.51214
$PRESSURE_SLOPE,0.0001165895
$AD7714Ch0Gain,128
$TCM_PITCH_OFFSET,0
$TCM_ROLL_OFFSET,0
$COMPASS_USE,4
$ALTIM_BOTTOM_PING_RANGE,0
$ALTIM_TOP_PING_RANGE,20
$ALTIM_BOTTOM_TURN_MARGIN,25
$ALTIM_TOP_TURN_MARGIN,0
$ALTIM_TOP_MIN_OBSTACLE,1
$ALTIM_PING_DEPTH,60
$ALTIM_PING_DELTA,5
$ALTIM_FREQUENCY,13
$ALTIM_PULSE,3
$ALTIM_SENSITIVITY,4
$XPDR_VALID,5
$XPDR_INHIBIT,90
$INT_PRESSURE_SLOPE,0.0097660003
$INT_PRESSURE_YINT,-0.40000001
$DEEPGLIDER,0
$DEEPGLIDERMB,0
$MOTHERBOARD,4
$DEVICE1,2
$DEVICE2,101
$DEVICE3,38
$DEVICE4,-1
$DEVICE5,-1
$DEVICE6,-1
$LOGGERS,7
$LOGGERDEVICE1,-1
$LOGGERDEVICE2,-1
$LOGGERDEVICE3,-1
$LOGGERDEVICE4,-1
$COMPASS_DEVICE,33
$COMPASS2_DEVICE,-1
$PHONE_DEVICE,49
$GPS_DEVICE,32
$RAFOS_DEVICE,-1
$XPDR_DEVICE,24
$SIM_W,0
$SIM_PITCH,0
$SEABIRD_T_G,0.0043137739
$SEABIRD_T_H,0.00062868668
$SEABIRD_T_I,2.2691316e-05
$SEABIRD_T_J,2.2586789e-06
$SEABIRD_C_G,-10.021329
$SEABIRD_C_H,1.1236943
$SEABIRD_C_I,-0.0013673168
$SEABIRD_C_J,0.00018808816
$GPS1,290526,230603,4749.267,-12225.613,7,1.2,29,18.2
$_CALLS,2
$_XMS_NAKs,0
$_XMS_TOUTs,0
$_SM_DEPTHo,-5.38
$_SM_ANGLEo,-70.0
$GPS2,290526,231359,4749.241,-12225.597,14,1.3,14,18.2
$SPEED_LIMITS,0.173,0.272
$TGT_NAME,NORTH_175
$TGT_LATLONG,4750.320,-12225.910
$TGT_RADIUS,200.000
$KALMAN_CONTROL,-0.075,0.262
$KALMAN_X,-27398.5,-267.1,-85.5,26883.3,186.3
$KALMAN_Y,23647.6,697.4,-887.1,-25042.5,-544.2
$MHEAD_RNG_PITCHd_Wd,325.8,2035,-16.2,-10.000,-20.17,2231
$D_GRID,165
$GCHEAD,st_secs,pitch_ctl,vbd_ctl,pitch_ad_start,roll_ad_start,vbd_pot1_ad_start,vbd_pot2_ad_start,depth,ob_vertv,data_pts,end_secs,pitch_secs,roll_secs,vbd_secs,vbd_i,gcphase,pitch_i,roll_i,pitch_ad,roll_ad,vbd_ad,vbd_pot1_ad,vbd_pot2_ad,pitch_retries,pitch_errors,roll_retries,roll_errors,vbd_retries,vbd_errors,pitch_volts,roll_volts,vbd_volts
$STATE,14,end surface,CONTROL_FINISHED_OK
$STATE,14,begin dive
$GC,16,-0.72,-146.6,250,2015,511,403,0.0,0.0,0,110,0.00,0.00,-86.95,0.000,16390,0.000,0.000,250,2015,2935,3019,2851,0,0,0,0,0,0,28.83,28.83,25.94
$GC,113,-0.72,-146.6,250,2015,3019,2851,-0.1,-10.8,9,131,8.65,2.20,0.00,0.000,2308,0.220,0.047,2371,3419,2938,3026,2851,0,0,0,0,0,0,24.97,25.85,28.83
$GC,205,-0.49,-146.6,2371,3419,3044,2844,29.8,-20.8,18,215,0.28,2.03,0.00,0.000,3078,0.137,0.022,2457,1987,2944,3045,2843,0,0,0,0,0,0,25.52,26.15,28.83
$GC,244,-0.37,-146.6,2457,1986,3046,2842,36.1,-15.7,22,246,0.17,0.00,0.00,0.000,2054,0.141,0.000,2506,1986,2944,3047,2841,0,0,0,0,0,0,25.84,28.83,28.83
$GC,274,-0.37,-146.6,2506,1986,3047,2841,39.1,-10.3,25,275,0.00,0.00,0.00,0.000,6,0.000,0.000,2506,1986,2944,3047,2841,0,0,0,0,0,0,28.83,28.83,28.83
$GC,304,-0.42,-146.6,2506,1985,3048,2841,41.9,-9.4,28,313,0.00,2.22,0.00,0.000,4356,0.000,0.040,2506,3434,2944,3048,2840,0,0,0,0,0,0,28.83,26.01,28.83
$GC,338,-0.48,-146.6,1680,3432,3018,2835,44.9,-9.4,31,346,0.08,2.05,0.00,0.000,5126,0.050,0.020,2451,2030,2944,3049,2840,0,0,0,0,0,0,26.09,26.20,28.83
$GC,376,-0.48,-146.6,2451,2029,3048,2839,49.2,-10.5,35,386,0.08,2.05,0.00,0.000,2564,0.187,0.028,2466,654,2943,3048,2838,0,0,0,0,0,0,26.13,26.11,28.83
$GC,408,-0.48,-146.6,2466,654,3049,2837,53.1,-12.0,38,417,0.00,2.03,0.00,0.000,3078,0.000,0.028,2464,2024,2943,3049,2837,0,0,0,0,0,0,28.83,26.14,28.83
$GC,448,-0.48,-146.6,2464,2024,3049,2837,57.8,-11.5,42,457,0.00,2.15,0.00,0.000,2308,0.000,0.041,2464,3441,2943,3048,2839,0,0,0,0,0,0,28.83,26.05,28.83
$GC,491,-0.48,-146.6,2464,3442,3049,2838,62.7,-11.7,46,500,0.00,2.00,0.00,0.000,3078,0.000,0.018,2464,2029,2943,3049,2837,0,0,0,0,0,0,28.83,26.28,28.83
$GC,531,-0.48,-146.6,2464,2027,3049,2837,67.3,-11.5,50,532,0.00,0.00,0.00,0.000,2054,0.000,0.000,2464,2028,2943,3049,2837,0,0,0,0,0,0,28.83,28.83,28.83
$GC,561,-0.48,-146.6,2464,2028,3049,2837,71.0,-12.1,53,562,0.00,0.00,0.00,0.000,2054,0.000,0.000,2464,2028,2943,3049,2837,0,0,0,0,0,0,28.83,28.83,28.83
$GC,591,-0.48,-146.6,2464,2028,3049,2837,74.5,-11.9,56,592,0.00,0.00,0.00,0.000,2054,0.000,0.000,2464,2027,2943,3049,2837,0,0,0,0,0,0,28.83,28.83,28.83
$GC,622,-0.48,-146.6,2464,2027,3050,2837,77.8,-11.2,59,631,0.00,2.12,0.00,0.000,2308,0.000,0.041,2464,3431,2943,3049,2837,0,0,0,0,0,0,28.83,26.09,28.83
$GC,665,-0.48,-146.6,2464,3431,3049,2837,83.0,-12.0,63,674,0.00,2.00,0.00,0.000,3078,0.000,0.018,2464,2022,2943,3049,2837,0,0,0,0,0,0,28.83,26.31,28.83
$GC,706,-0.48,-146.6,2464,2022,3049,2837,87.6,-11.6,67,715,0.00,2.03,0.00,0.000,2564,0.000,0.030,2464,650,2942,3049,2836,0,0,0,0,0,0,28.83,26.19,28.83
$GC,751,-0.48,-146.6,2464,650,3049,2836,93.0,-12.2,71,758,0.00,2.10,0.00,0.000,3078,0.000,0.027,2464,2036,2943,3050,2836,0,0,0,0,0,0,28.83,26.22,28.83
$GC,790,-0.48,-146.6,2464,2036,3049,2836,97.6,-11.5,75,799,0.00,2.10,0.00,0.000,2308,0.000,0.042,2464,3434,2943,3049,2837,0,0,0,0,0,0,28.83,26.10,28.83
$GC,834,-0.48,-146.6,2464,3434,3049,2837,102.8,-11.9,79,842,0.00,2.05,0.00,0.000,3078,0.000,0.018,2464,2025,2943,3050,2837,0,0,0,0,0,0,28.83,26.33,28.83
$GC,874,-0.48,-146.6,2464,2024,3050,2837,107.8,-12.4,83,880,0.00,0.00,0.00,0.000,2054,0.000,0.000,2464,2024,2943,3050,2837,0,0,0,0,0,0,28.83,28.83,28.83
$GC,912,-0.48,-146.6,2464,2024,3049,2837,112.9,-12.7,87,913,0.00,0.00,0.00,0.000,2054,0.000,0.000,2464,2024,2943,3049,2837,0,0,0,0,0,0,28.83,28.83,28.83
$GC,942,-0.48,-146.6,2464,2024,3049,2837,116.7,-12.6,90,951,0.00,2.15,0.00,0.000,2308,0.000,0.041,2464,3437,2943,3050,2837,0,0,0,0,0,0,28.83,26.11,28.83
$GC,1038,-0.48,-146.6,2464,3436,3050,2837,128.3,-12.1,99,1042,0.00,2.03,0.00,0.000,3078,0.000,0.021,2464,2034,2943,3050,2837,0,0,0,0,0,0,28.83,26.19,28.83
$GC,1080,-0.48,-146.6,2464,2030,3050,2837,133.1,-11.8,103,1082,0.00,0.00,0.00,0.000,2054,0.000,0.000,2464,2030,2943,3050,2837,0,0,0,0,0,0,28.83,28.83,28.83
$GC,1112,-0.48,-146.6,2464,2030,3050,2836,136.7,-11.8,106,1113,0.00,0.00,0.00,0.000,2054,0.000,0.000,2464,2030,2943,3050,2836,0,0,0,0,0,0,28.83,28.83,28.83
$STATE,1129,end dive,BOTTOM_OBSTACLE_DETECTED
$STATE,1129,begin apogee
$GC,1133,-0.27,0.0,2464,2030,3050,2837,139.0,-11.5,108,1263,0.20,0.00,123.95,0.544,10246,0.135,0.000,2530,2030,2350,2441,2259,0,0,0,0,0,0,25.96,28.83,24.08
$STATE,1266,end apogee,CONTROL_FINISHED_OK
$STATE,1266,begin climb
$GC,1268,0.72,146.6,2530,2029,2440,2259,148.6,0.0,121,1391,1.00,0.00,116.72,0.532,10758,0.112,0.000,2848,2029,1765,1879,1652,0,0,0,0,0,0,25.15,28.83,24.08
$GC,1422,0.72,146.6,2847,2029,1877,1650,140.1,8.2,137,1431,0.00,2.15,0.00,0.000,2308,0.000,0.034,2848,3436,1762,1876,1648,0,0,0,0,0,0,28.83,25.56,28.83
$GC,1446,0.72,146.6,1984,3435,1837,1643,137.7,9.3,139,1453,0.00,2.12,0.00,0.000,1030,0.000,0.020,2856,2034,1761,1876,1647,0,0,0,0,0,0,28.83,25.70,28.83
$GC,1484,0.72,146.6,2856,2029,1876,1645,133.7,10.1,143,1485,0.00,0.00,0.00,0.000,6,0.000,0.000,2856,2029,1761,1876,1646,0,0,0,0,0,0,28.83,28.83,28.83
$GC,1513,0.72,146.6,2856,2029,1876,1645,130.7,9.7,146,1514,0.00,0.00,0.00,0.000,6,0.000,0.000,2856,2029,1761,1876,1646,0,0,0,0,0,0,28.83,28.83,28.83
$GC,1543,0.72,146.6,2856,2029,1875,1645,128.0,9.4,149,1552,0.00,2.12,0.00,0.000,260,0.000,0.032,2856,3439,1760,1875,1645,0,0,0,0,0,0,28.83,25.87,28.83
$GC,1565,0.72,146.6,2856,3439,1875,1645,125.6,10.3,151,1574,0.00,2.08,0.00,0.000,1030,0.000,0.020,2857,2022,1760,1875,1645,0,0,0,0,0,0,28.83,25.98,28.83
$GC,1605,0.72,146.6,2857,2019,1875,1645,121.5,10.5,155,1607,0.00,0.00,0.00,0.000,6,0.000,0.000,2857,2019,1760,1875,1645,0,0,0,0,0,0,28.83,28.83,28.83
$GC,1635,0.72,146.6,2857,2019,1875,1644,118.7,9.3,158,1636,0.00,0.00,0.00,0.000,6,0.000,0.000,2856,2019,1759,1875,1644,0,0,0,0,0,0,28.83,28.83,28.83
$GC,1665,0.72,146.6,2857,2018,1874,1644,116.0,8.7,161,1666,0.00,0.00,0.00,0.000,6,0.000,0.000,2857,2018,1759,1874,1645,0,0,0,0,0,0,28.83,28.83,28.83
$GC,1695,0.72,146.6,2857,2018,1873,1644,113.0,10.1,164,1704,0.00,2.15,0.00,0.000,260,0.000,0.039,2857,3435,1758,1873,1644,0,0,0,0,0,0,28.83,25.98,28.83
$GC,1748,0.65,146.6,2857,3435,1873,1645,107.4,11.2,169,1757,0.05,2.05,0.00,0.000,5126,0.158,0.021,2841,2024,1758,1873,1644,0,0,0,0,0,0,25.89,26.13,28.83
$GC,1787,0.65,146.6,2841,2024,1873,1644,103.8,9.3,173,1788,0.00,0.00,0.00,0.000,4102,0.000,0.000,2842,2023,1758,1873,1644,0,0,0,0,0,0,28.83,28.83,28.83
$GC,1818,0.72,197.4,2841,2024,1873,1644,101.5,7.7,176,1867,0.00,2.22,40.20,0.503,10500,0.000,0.035,2841,3436,1562,1681,1444,0,0,0,0,0,0,28.83,25.71,24.39
$GC,1902,0.72,197.4,1984,3434,1649,1438,93.0,11.4,184,1910,0.00,2.12,0.00,0.000,3078,0.000,0.021,2842,2037,1560,1680,1441,0,0,0,0,0,0,28.83,25.60,28.83
$GC,1940,0.72,197.4,2842,2033,1681,1440,89.3,9.3,188,1949,0.00,2.12,0.00,0.000,2564,0.000,0.034,2842,638,1560,1681,1439,0,0,0,0,0,0,28.83,25.85,28.83
$GC,1973,0.79,197.4,2842,637,1678,1439,86.6,8.4,191,1982,0.10,2.08,0.00,0.000,3078,0.096,0.022,2908,2044,1558,1677,1439,0,0,0,0,0,0,25.93,25.98,28.83
$GC,2012,0.79,197.4,2908,2043,1677,1439,82.6,10.1,195,2022,0.12,2.10,0.00,0.000,4356,0.159,0.033,2872,3442,1558,1677,1439,0,0,0,0,0,0,25.85,25.94,28.83
$GC,2057,0.73,197.4,1992,3440,1644,1436,77.4,12.2,199,2064,0.00,2.12,0.00,0.000,5126,0.000,0.023,2874,2024,1558,1677,1439,0,0,0,0,0,0,28.83,25.99,28.83
$GC,2095,0.73,197.4,2875,2019,1677,1439,73.0,11.0,203,2096,0.00,0.00,0.00,0.000,4102,0.000,0.000,2874,2019,1558,1677,1439,0,0,0,0,0,0,28.83,28.83,28.83
$GC,2125,0.73,197.4,2874,2019,1677,1439,70.1,9.8,206,2126,0.00,0.00,0.00,0.000,4102,0.000,0.000,2874,2019,1558,1677,1439,0,0,0,0,0,0,28.83,28.83,28.83
$GC,2155,0.73,197.4,2874,2019,1677,1438,67.4,9.3,209,2164,0.00,2.15,0.00,0.000,4356,0.000,0.034,2874,3433,1557,1677,1438,0,0,0,0,0,0,28.83,26.03,28.83
$GC,2178,0.73,197.4,2016,3432,1645,1435,65.1,9.9,211,2187,0.05,2.10,0.00,0.000,5126,0.156,0.021,2865,2026,1557,1677,1438,0,0,0,0,0,0,25.47,25.39,28.83
$GC,2217,0.73,197.4,2865,2022,1677,1438,60.5,11.5,215,2218,0.00,0.00,0.00,0.000,4102,0.000,0.000,2865,2022,1557,1677,1438,0,0,0,0,0,0,28.83,28.83,28.83
$GC,2246,0.73,197.4,2865,2022,1677,1439,57.4,10.4,218,2248,0.00,0.00,0.00,0.000,4102,0.000,0.000,2865,2022,1557,1677,1438,0,0,0,0,0,0,28.83,28.83,28.83
$GC,2276,0.73,197.4,2865,2022,1677,1438,54.5,10.0,221,2286,0.00,2.12,0.00,0.000,4356,0.000,0.035,2865,3432,1557,1677,1438,0,0,0,0,0,0,28.83,26.08,28.83
$GC,2301,0.73,197.4,2000,3431,1645,1434,52.2,9.9,223,2308,0.00,2.08,0.00,0.000,5126,0.000,0.019,2867,2031,1557,1677,1438,0,0,0,0,0,0,28.83,26.21,28.83
$GC,2339,0.73,197.4,2867,2026,1677,1437,48.2,9.9,227,2340,0.00,0.00,0.00,0.000,4102,0.000,0.000,2867,2026,1557,1677,1438,0,0,0,0,0,0,28.83,28.83,28.83
$GC,2369,0.73,197.4,2867,2026,1678,1437,45.1,10.5,230,2370,0.00,0.00,0.00,0.000,4102,0.000,0.000,2867,2026,1557,1677,1437,0,0,0,0,0,0,28.83,28.83,28.83
$GC,2399,0.73,197.4,2867,2026,1677,1437,42.2,9.9,233,2400,0.00,0.00,0.00,0.000,4102,0.000,0.000,2867,2026,1557,1678,1437,0,0,0,0,0,0,28.83,28.83,28.83
$GC,2429,0.79,243.4,2867,2026,1677,1437,39.9,7.9,236,2472,0.00,2.20,36.15,0.473,10500,0.000,0.035,2867,3425,1379,1500,1259,0,0,0,0,0,0,28.83,25.82,24.51
$GC,2521,0.79,243.4,2867,3425,1500,1255,31.3,10.8,245,2530,0.00,2.03,0.00,0.000,3078,0.000,0.020,2869,2030,1377,1500,1254,0,0,0,0,0,0,28.83,25.99,28.83
$GC,2560,0.79,243.4,2869,2026,1500,1253,27.0,11.1,249,2569,0.00,2.10,0.00,0.000,2564,0.000,0.034,2869,642,1376,1500,1253,0,0,0,0,0,0,28.83,25.92,28.83
$GC,2594,0.85,243.4,1992,642,1473,1250,24.3,8.4,252,2601,0.05,2.10,0.00,0.000,3078,0.067,0.028,2917,2031,1374,1497,1252,0,0,0,0,0,0,25.91,26.01,28.83
$GC,2632,0.85,243.4,2917,2031,1497,1252,20.2,10.2,256,2642,0.08,2.08,0.00,0.000,4356,0.191,0.032,2902,3426,1374,1497,1252,0,0,0,0,0,0,26.12,25.98,28.83
$GC,2687,0.85,243.4,2048,3425,1474,1250,13.3,13.2,261,2695,0.00,2.08,0.00,0.000,5126,0.000,0.024,2907,2038,1374,1497,1252,0,0,0,0,0,0,28.83,25.67,28.83
$GC,2725,0.85,243.4,2908,2033,1497,1252,8.7,11.6,265,2734,0.00,2.10,0.00,0.000,4612,0.000,0.034,2909,639,1374,1497,1251,0,0,0,0,0,0,28.83,26.03,28.83
$GC,2739,0.85,243.4,2908,639,1497,1251,7.9,10.9,266,2747,0.00,2.10,0.00,0.000,5126,0.000,0.023,2909,2035,1374,1497,1251,0,0,0,0,0,0,28.83,26.09,28.83
$GC,2777,0.85,243.4,2908,2035,1497,1252,3.5,10.1,270,2786,0.00,2.10,0.00,0.000,4356,0.000,0.034,2909,3441,1373,1496,1251,0,0,0,0,0,0,28.83,26.06,28.83
$STATE,2789,end climb,SURFACE_DEPTH_REACHED
$STATE,2789,begin surface coast
$FINISH,-0.6,1.021906
$STATE,2810,end surface coast,CONTROL_FINISHED_OK
$STATE,2811,begin surface
$SM_CCo,2828,175.77,0.428,1,0,464,473.51
$SM_GC,-5.41,7.47,2.12,175.77,0.064,0.021,0.428,245,2026,464,-7.37,1.58,473.51,0,0,0,0,1,0,26.05,26.17,24.25
$IRIDIUM_FIX,4732.49,-12220.39,190608,080843
$TT8_MAMPS,0.027713,0.027713
$HUMID,42.28
$INTERNAL_PRESSURE,8.13548
$TCM_TEMP,19.60
$XPDR_PINGS,131
$ALTIM_TOP_PING,19.2,999.0
$ALTIM_BOTTOM_PING,130.8,32.7
$24V_AH,24.1,40.195
$10V_AH,10.0,18.912
$FG_AHR_24Vo,0.000
$FG_AHR_10Vo,0.000
$DEVICES,Pitch_motor,Roll_motor,VBD_pump_during_apogee,VBD_pump_during_surface,VBD_valve,Iridium_during_init,Iridium_during_connect,Iridium_during_xfer,Transponder_ping,GUMSTIX_24V,GPS,TT8,LPSleep,TT8_Active,TT8_Sampling,TT8_CF8,TT8_Kalman,Analog_circuits,GPS_charging,Compass,RAFOS,Transponder,Compass2
$DEVICE_SECS,18.375,88.200,317.025,175.775,0.000,53.915,65.524,184.929,37.250,0.000,17.240,747.482,881.639,642.848,1068.636,159.696,33.235,1187.227,0.000,730.793,0.000,31.365,0.000
$DEVICE_MAMPS,220.320,46.665,543.915,428.400,0.000,43.600,160.000,223.000,420.000,0.000,28.460,13.960,2.190,13.960,37.930,44.670,61.150,16.000,0.000,15.730,0.000,30.000,0.000
$SENSORS,SBE_CT,AA4330,WL_BB2FLVMG,nil,nil,nil,nil,nil,nil,nil
$SENSOR_SECS,180.868,357.917,470.369,0.000,0.000,0.000,0.000,0.000,0.000,0.000
$SENSOR_MAMPS,23.220,33.000,105.000,0.000,0.000,0.000,0.000,0.000,0.000,0.000
$MEM,354504
$DATA_FILE_SIZE,20391,273
$CAP_FILE_SIZE,91106,0
$CFSIZE,260165632,248303616
$ERRORS,0,0,0,0,0,0,0,0,0,0,0,0,0,1,0,0
$GPS,300526,000623,4749.499,-12225.573,7,2.3,37,18.2
