version: 66.11
glider: 175
mission: 11
dive: 264
start: 6 1 126 6 55 27
data:
$ID,175
$MISSION,11
$DIVE,264
$N_DIVES,0
$D_SURF,3
$D_FLARE,3
$D_TGT,180
$D_ABORT,1090
$D_NO_BLEED,50
$D_BOOST,3
$T_BOOST,0
$D_FINISH,0
$D_PITCH,0
$D_SAFE,0
$D_CALL,0
$SURFACE_URGENCY,0
$SURFACE_URGENCY_TRY,0
$SURFACE_URGENCY_FORCE,0
$T_DIVE,60
$T_MISSION,75
$T_ABORT,1440
$T_TURN,300
$T_TURN_SAMPINT,5
$T_NO_W,120
$T_LOITER,0
$T_EPIRB,0
$USE_BATHY,0
$USE_ICE,0
$ICE_FREEZE_MARGIN,0.30000001
$D_OFFGRID,100
$T_WATCHDOG,10
$RELAUNCH,1
$APOGEE_PITCH,-8
$MAX_BUOY,150
$COURSE_BIAS,0
$GLIDE_SLOPE,30
$SPEED_FACTOR,1
$RHO,1.0235
$MASS,51878
$MASS_COMP,0
$NAV_MODE,2
$FERRY_MAX,45
$KALMAN_USE,2
$HD_A,0.0024900001
$HD_B,0.0091000004
$HD_C,5.7000002e-06
$HEADING,-1
$ESCAPE_HEADING,0
$ESCAPE_HEADING_DELTA,10
$FIX_MISSING_TIMEOUT,0
$TGT_DEFAULT_LAT,47.766998
$TGT_DEFAULT_LON,-122.413
$TGT_AUTO_DEFAULT,0
$SM_CC,473.51199
$N_FILEKB,4
$FILEMGR,0
$CALL_NDIVES,1
$COMM_SEQ,0
$PROTOCOL,9
$N_NOCOMM,1
$NOCOMM_ACTION,0
$N_NOSURFACE,0
$UPLOAD_DIVES_MAX,-1
$CALL_TRIES,5
$CALL_WAIT,60
$CAPUPLOAD,1
$CAPMAXSIZE,200000
$HEAPDBG,0
$T_GPS,15
$N_GPS,30
$T_GPS_ALMANAC,0
$T_GPS_CHARGE,-39026.66
$T_RSLEEP,2
$STROBE,0
$RAFOS_PEAK_OFFSET,1.5
$RAFOS_CORR_THRESH,60
$RAFOS_HIT_WINDOW,3600
$PITCH_MIN,255
$PITCH_MAX,3935
$C_PITCH,2626
$PITCH_DBAND,0.0099999998
$PITCH_CNV,0.003125763
$P_OVSHOOT,0.039999999
$PITCH_GAIN,30
$PITCH_TIMEOUT,17
$PITCH_AD_RATE,160
$PITCH_MAXERRORS,1
$PITCH_ADJ_GAIN,0.02
$PITCH_ADJ_DBAND,2.5
$ROLL_MIN,171
$ROLL_MAX,3723
$ROLL_DEG,40
$C_ROLL_DIVE,2030
$C_ROLL_CLIMB,2030
$HEAD_ERRBAND,10
$ROLL_CNV,0.028270001
$ROLL_TIMEOUT,15
$R_PORT_OVSHOOT,66
$R_STBD_OVSHOOT,49
$ROLL_AD_RATE,300
$ROLL_MAXERRORS,2
$ROLL_ADJ_GAIN,0
$ROLL_ADJ_DBAND,0
$VBD_MIN,465
$VBD_MAX,3960
$C_VBD,2350
$VBD_DBAND,2
$VBD_CNV,-0.25119999
$VBD_TIMEOUT,720
$PITCH_VBD_SHIFT,0.0012300001
$VBD_PUMP_AD_RATE_SURFACE,5
$VBD_PUMP_AD_RATE_APOGEE,4
$VBD_BLEED_AD_RATE,8
$UNCOM_BLEED,60
$VBD_MAXERRORS,1
$W_ADJ_DBAND,2
$DBDW,0
$PITCH_W_GAIN,0
$PITCH_W_DBAND,1
$CF8_MAXERRORS,5
$AH0_24V,145
$AH0_10V,95
$MINV_24V,19
$MINV_10V,8
$FG_AHR_10V,0
$FG_AHR_24V,0
$PHONE_SUPPLY,2
$PRESSURE_YINT,-13.51214
$PRESSURE_SLOPE,0.0001165895
$AD7714Ch0Gain,128
$TCM_PITCH_OFFSET,0
$TCM_ROLL_OFFSET,0
$COMPASS_USE,4
$ALTIM_BOTTOM_PING_RANGE,0
$ALTIM_TOP_PING_RANGE,20
$ALTIM_BOTTOM_TURN_MARGIN,25
$ALTIM_TOP_TURN_MARGIN,0
$ALTIM_TOP_MIN_OBSTACLE,1
$ALTIM_PING_DEPTH,60
$ALTIM_PING_DELTA,5
$ALTIM_FREQUENCY,13
$ALTIM_PULSE,3
$ALTIM_SENSITIVITY,4
$XPDR_VALID,5
$XPDR_INHIBIT,90
$INT_PRESSURE_SLOPE,0.0097660003
$INT_PRESSURE_YINT,-0.40000001
$DEEPGLIDER,0
$DEEPGLIDERMB,0
$MOTHERBOARD,4
$DEVICE1,2
$DEVICE2,101
$DEVICE3,38
$DEVICE4,-1
$DEVICE5,-1
$DEVICE6,-1
$LOGGERS,7
$LOGGERDEVICE1,-1
$LOGGERDEVICE2,-1
$LOGGERDEVICE3,-1
$LOGGERDEVICE4,-1
$COMPASS_DEVICE,33
$COMPASS2_DEVICE,-1
$PHONE_DEVICE,49
$GPS_DEVICE,32
$RAFOS_DEVICE,-1
$XPDR_DEVICE,24
$SIM_W,0
$SIM_PITCH,0
$SEABIRD_T_G,0.0043137739
$SEABIRD_T_H,0.00062868668
$SEABIRD_T_I,2.2691316e-05
$SEABIRD_T_J,2.2586789e-06
$SEABIRD_C_G,-10.021329
$SEABIRD_C_H,1.1236943
$SEABIRD_C_I,-0.0013673168
$SEABIRD_C_J,0.00018808816
$GPS1,010626,064617,4745.403,-12225.182,8,2.4,38,18.2
$_CALLS,2
$_XMS_NAKs,0
$_XMS_TOUTs,0
$_SM_DEPTHo,-4.40
$_SM_ANGLEo,-70.3
$GPS2,010626,065459,4745.349,-12225.262,14,1.2,14,18.2
$SPEED_LIMITS,0.173,0.272
$TGT_NAME,SOUTH_175
$TGT_LATLONG,4742.840,-12225.690
$TGT_RADIUS,200.000
$KALMAN_CONTROL,0.079,0.297
$KALMAN_X,-30076.6,-183.3,-72.9,29774.7,-185.0
$KALMAN_Y,25757.5,-625.9,-357.4,-36445.5,446.9
$MHEAD_RNG_PITCHd_Wd,154.1,4678,-16.2,-10.000,-20.17,2231
$D_GRID,180
$GCHEAD,st_secs,pitch_ctl,vbd_ctl,pitch_ad_start,roll_ad_start,vbd_pot1_ad_start,vbd_pot2_ad_start,depth,ob_vertv,data_pts,end_secs,pitch_secs,roll_secs,vbd_secs,vbd_i,gcphase,pitch_i,roll_i,pitch_ad,roll_ad,vbd_ad,vbd_pot1_ad,vbd_pot2_ad,pitch_retries,pitch_errors,roll_retries,roll_errors,vbd_retries,vbd_errors,pitch_volts,roll_volts,vbd_volts
$STATE,13,end surface,CONTROL_FINISHED_OK
$STATE,13,begin dive
$GC,15,-0.72,-146.6,234,2018,487,424,0.0,0.0,0,109,0.00,0.00,-87.80,0.000,16390,0.000,0.000,234,2018,2935,3019,2852,0,0,0,0,0,0,28.83,28.83,26.36
$GC,112,-0.72,-146.6,234,2018,3020,2853,-0.4,-8.3,9,130,9.20,2.10,0.00,0.000,2564,0.235,0.034,2393,649,2941,3030,2852,0,0,0,0,0,0,24.78,25.89,28.83
$GC,441,-0.55,-146.6,2392,649,3037,2848,70.1,-17.8,41,451,0.20,2.03,0.00,0.000,3078,0.148,0.029,2443,2024,2942,3038,2847,0,0,0,0,0,0,25.57,26.14,28.83
$GC,480,-0.41,-146.6,2443,2024,3039,2846,76.5,-16.1,45,489,0.15,2.05,0.00,0.000,2564,0.157,0.028,2489,645,2942,3039,2845,0,0,0,0,0,0,25.95,26.13,28.83
$GC,545,-0.41,-146.6,2488,645,3039,2845,84.1,-10.8,51,554,0.00,2.03,0.00,0.000,3078,0.000,0.028,2488,2027,2942,3040,2845,0,0,0,0,0,0,28.83,26.17,28.83
$GC,586,-0.41,-146.6,2488,2027,3040,2845,88.0,-9.7,55,594,0.00,2.10,0.00,0.000,2308,0.000,0.040,2484,3432,2943,3041,2845,0,0,0,0,0,0,28.83,26.08,28.83
$GC,630,-0.41,-146.6,2483,3432,3042,2845,92.6,-10.5,59,637,0.00,2.08,0.00,0.000,3078,0.000,0.024,2484,2018,2943,3042,2845,0,0,0,0,0,0,28.83,25.48,28.83
$GC,669,-0.41,-146.6,2483,2017,3045,2842,97.0,-11.2,63,670,0.00,0.00,0.00,0.000,2054,0.000,0.000,2484,2017,2943,3045,2842,0,0,0,0,0,0,28.83,28.83,28.83
$GC,698,-0.41,-146.6,2483,2017,3046,2842,100.2,-10.8,66,700,0.00,0.00,0.00,0.000,2054,0.000,0.000,2484,2017,2944,3046,2842,0,0,0,0,0,0,28.83,28.83,28.83
$GC,728,-0.41,-146.6,2483,2017,3046,2842,103.4,-10.4,69,737,0.00,2.17,0.00,0.000,2308,0.000,0.041,2481,3439,2944,3046,2842,0,0,0,0,0,0,28.83,26.06,28.83
$GC,771,-0.41,-146.6,2481,3439,3047,2842,108.0,-10.8,73,780,0.00,2.03,0.00,0.000,3078,0.000,0.018,2481,2014,2944,3047,2841,0,0,0,0,0,0,28.83,26.32,28.83
$GC,811,-0.41,-146.6,2481,2013,3047,2840,112.2,-10.6,77,812,0.00,0.00,0.00,0.000,2054,0.000,0.000,2481,2013,2944,3047,2841,0,0,0,0,0,0,28.83,28.83,28.83
$GC,843,-0.41,-146.6,2481,2013,3047,2841,115.3,-10.1,80,849,0.00,0.00,0.00,0.000,2054,0.000,0.000,2481,2013,2944,3047,2841,0,0,0,0,0,0,28.83,28.83,28.83
$GC,881,-0.41,-146.6,2480,2013,3047,2841,119.1,-9.5,84,882,0.00,0.00,0.00,0.000,2054,0.000,0.000,2481,2013,2943,3047,2840,0,0,0,0,0,0,28.83,28.83,28.83
$GC,913,-0.41,-146.6,2481,2013,3047,2840,122.1,-9.8,87,920,0.00,0.00,0.00,0.000,2054,0.000,0.000,2481,2013,2943,3047,2840,0,0,0,0,0,0,28.83,28.83,28.83
$GC,952,-0.41,-146.6,2481,2013,3047,2840,125.8,-9.3,91,953,0.00,0.00,0.00,0.000,2054,0.000,0.000,2481,2013,2943,3047,2840,0,0,0,0,0,0,28.83,28.83,28.83
$GC,981,-0.41,-146.6,2481,2013,3047,2840,128.7,-9.5,94,982,0.00,0.00,0.00,0.000,2054,0.000,0.000,2481,2013,2943,3047,2840,0,0,0,0,0,0,28.83,28.83,28.83
$GC,1011,-0.41,-146.6,2481,2013,3047,2840,131.5,-9.7,97,1012,0.00,0.00,0.00,0.000,2054,0.000,0.000,2481,2013,2943,3047,2840,0,0,0,0,0,0,28.83,28.83,28.83
$GC,1041,-0.41,-146.6,2481,2013,3047,2840,134.3,-9.2,100,1042,0.00,0.00,0.00,0.000,2054,0.000,0.000,2481,2013,2943,3047,2840,0,0,0,0,0,0,28.83,28.83,28.83
$GC,1073,-0.41,-146.6,2481,2013,3047,2840,137.0,-9.0,103,1082,0.00,2.15,0.00,0.000,2308,0.000,0.041,2480,3429,2943,3047,2840,0,0,0,0,0,0,28.83,26.10,28.83
$GC,1116,-0.41,-146.6,2480,3429,3047,2840,141.3,-9.7,107,1124,0.00,1.98,0.00,0.000,3078,0.000,0.018,2481,2024,2943,3047,2840,0,0,0,0,0,0,28.83,26.35,28.83
$GC,1158,-0.41,-146.6,2480,2022,3047,2839,145.1,-9.6,111,1164,0.00,0.00,0.00,0.000,2054,0.000,0.000,2480,2023,2943,3047,2839,0,0,0,0,0,0,28.83,28.83,28.83
$GC,1196,-0.41,-146.6,2480,2022,3047,2839,149.0,-9.7,115,1197,0.00,0.00,0.00,0.000,2054,0.000,0.000,2480,2022,2943,3047,2840,0,0,0,0,0,0,28.83,28.83,28.83
$GC,1226,-0.41,-146.6,2480,2022,3047,2839,152.0,-10.0,118,1227,0.00,0.00,0.00,0.000,2054,0.000,0.000,2480,2022,2943,3047,2839,0,0,0,0,0,0,28.83,28.83,28.83
$GC,1256,-0.41,-146.6,2480,2022,3048,2839,155.0,-10.0,121,1257,0.00,0.00,0.00,0.000,2054,0.000,0.000,2480,2023,2943,3047,2839,0,0,0,0,0,0,28.83,28.83,28.83
$GC,1285,-0.41,-146.6,2480,2022,3047,2839,157.8,-9.5,124,1286,0.00,0.00,0.00,0.000,2054,0.000,0.000,2480,2022,2943,3047,2839,0,0,0,0,0,0,28.83,28.83,28.83
$GC,1318,-0.41,-146.6,2480,2022,3047,2839,160.3,-8.6,127,1324,0.00,0.00,0.00,0.000,2054,0.000,0.000,2480,2022,2943,3047,2839,0,0,0,0,0,0,28.83,28.83,28.83
$GC,1356,-0.41,-146.6,2480,2022,3047,2839,164.2,-9.7,131,1357,0.00,0.00,0.00,0.000,2054,0.000,0.000,2480,2022,2943,3047,2839,0,0,0,0,0,0,28.83,28.83,28.83
$GC,1387,-0.41,-146.6,2480,2022,3048,2839,167.3,-10.1,134,1388,0.00,0.00,0.00,0.000,2054,0.000,0.000,2480,2023,2943,3048,2839,0,0,0,0,0,0,28.83,28.83,28.83
$GC,1416,-0.41,-146.6,2480,2022,3048,2839,170.7,-10.8,137,1425,0.00,2.12,0.00,0.000,2308,0.000,0.040,2480,3428,2943,3047,2839,0,0,0,0,0,0,28.83,26.11,28.83
$GC,1440,-0.41,-146.6,2480,3428,3047,2840,172.8,-10.6,139,1448,0.00,2.05,0.00,0.000,3078,0.000,0.019,2481,2025,2943,3048,2839,0,0,0,0,0,0,28.83,26.13,28.83
$GC,1479,-0.41,-146.6,2480,2024,3048,2839,176.6,-9.4,143,1480,0.00,0.00,0.00,0.000,2054,0.000,0.000,2480,2024,2943,3048,2838,0,0,0,0,0,0,28.83,28.83,28.83
$GC,1508,-0.41,-146.6,2480,2024,3047,2839,179.1,-8.6,146,1509,0.00,0.00,0.00,0.000,2054,0.000,0.000,2480,2024,2943,3048,2839,0,0,0,0,0,0,28.83,28.83,28.83
$STATE,1527,end dive,TARGET_DEPTH_EXCEEDED
$STATE,1527,begin apogee
$GC,1532,-0.27,0.0,2480,2024,3047,2839,180.8,-8.3,148,1661,0.15,0.00,125.47,0.571,10246,0.140,0.000,2531,2024,2350,2440,2260,0,0,0,0,0,0,26.06,28.83,23.94
$STATE,1664,end apogee,CONTROL_FINISHED_OK
$STATE,1664,begin climb
$GC,1666,0.72,146.6,2530,2023,2439,2260,186.4,0.0,161,1793,1.00,0.00,118.18,0.555,10758,0.111,0.000,2849,2024,1765,1877,1653,0,0,0,0,0,0,25.10,28.83,23.99
$GC,1823,0.72,146.6,2849,2024,1873,1650,172.0,9.8,177,1824,0.00,0.00,0.00,0.000,2054,0.000,0.000,2849,2024,1761,1873,1650,0,0,0,0,0,0,28.83,28.83,28.83
$GC,1853,0.72,146.6,2849,2023,1873,1650,169.0,10.0,180,1854,0.00,0.00,0.00,0.000,2054,0.000,0.000,2849,2024,1761,1873,1650,0,0,0,0,0,0,28.83,28.83,28.83
$GC,1883,0.72,146.6,2849,2024,1872,1649,166.1,9.6,183,1892,0.00,2.17,0.00,0.000,2308,0.000,0.035,2849,3437,1760,1872,1649,0,0,0,0,0,0,28.83,25.74,28.83
$GC,1917,0.72,146.6,1984,3436,1834,1643,162.7,10.5,186,1926,0.00,2.10,0.00,0.000,1030,0.000,0.021,2856,2053,1760,1872,1648,0,0,0,0,0,0,28.83,25.43,28.83
$GC,1956,0.72,146.6,2856,2049,1872,1647,158.4,10.4,190,1957,0.00,0.00,0.00,0.000,6,0.000,0.000,2856,2049,1759,1872,1647,0,0,0,0,0,0,28.83,28.83,28.83
$GC,1985,0.72,146.6,2856,2049,1872,1647,155.7,9.5,193,1986,0.00,0.00,0.00,0.000,6,0.000,0.000,2856,2049,1759,1872,1646,0,0,0,0,0,0,28.83,28.83,28.83
$GC,2015,0.72,146.6,2856,2049,1872,1646,152.9,9.4,196,2017,0.00,0.00,0.00,0.000,6,0.000,0.000,2856,2049,1759,1872,1646,0,0,0,0,0,0,28.83,28.83,28.83
$GC,2046,0.72,146.6,2856,2049,1872,1646,150.0,9.5,199,2055,0.00,2.10,0.00,0.000,260,0.000,0.034,2856,3452,1759,1872,1646,0,0,0,0,0,0,28.83,25.95,28.83
$GC,2080,0.72,146.6,2856,3452,1871,1646,146.6,10.0,202,2089,0.00,2.12,0.00,0.000,1030,0.000,0.021,2857,2022,1759,1872,1646,0,0,0,0,0,0,28.83,26.06,28.83
$GC,2117,0.72,146.6,2856,2019,1872,1646,142.1,11.3,206,2119,0.00,0.00,0.00,0.000,6,0.000,0.000,2856,2019,1759,1872,1646,0,0,0,0,0,0,28.83,28.83,28.83
$GC,2147,0.72,146.6,2856,2019,1872,1645,138.8,10.9,209,2149,0.00,0.00,0.00,0.000,6,0.000,0.000,2857,2019,1758,1872,1645,0,0,0,0,0,0,28.83,28.83,28.83
$GC,2178,0.72,146.6,2856,2018,1872,1645,135.5,11.1,212,2179,0.00,0.00,0.00,0.000,6,0.000,0.000,2856,2019,1758,1872,1645,0,0,0,0,0,0,28.83,28.83,28.83
$GC,2208,0.72,146.6,2857,2019,1872,1645,132.2,10.9,215,2217,0.00,2.12,0.00,0.000,260,0.000,0.034,2857,3433,1758,1872,1645,0,0,0,0,0,0,28.83,26.05,28.83
$GC,2240,0.72,146.6,2856,3433,1872,1645,128.3,12.2,218,2244,0.00,2.08,0.00,0.000,1030,0.000,0.021,2856,2022,1758,1872,1645,0,0,0,0,0,0,28.83,26.17,28.83
$GC,2281,0.72,146.6,2856,2018,1872,1645,123.5,11.4,222,2283,0.00,0.00,0.00,0.000,6,0.000,0.000,2857,2018,1758,1872,1645,0,0,0,0,0,0,28.83,28.83,28.83
$GC,2311,0.72,146.6,2856,2018,1872,1645,120.5,10.2,225,2313,0.00,0.00,0.00,0.000,6,0.000,0.000,2857,2018,1758,1871,1645,0,0,0,0,0,0,28.83,28.83,28.83
$GC,2342,0.72,146.6,2857,2018,1872,1645,117.3,10.4,228,2343,0.00,0.00,0.00,0.000,6,0.000,0.000,2857,2018,1758,1871,1645,0,0,0,0,0,0,28.83,28.83,28.83
$GC,2373,0.72,146.6,2856,2018,1872,1645,114.1,10.7,231,2374,0.00,0.00,0.00,0.000,6,0.000,0.000,2857,2018,1758,1872,1645,0,0,0,0,0,0,28.83,28.83,28.83
$GC,2401,0.72,146.6,2856,2018,1872,1645,110.8,11.1,234,2411,0.00,2.15,0.00,0.000,260,0.000,0.034,2857,3446,1758,1872,1645,0,0,0,0,0,0,28.83,26.10,28.83
$GC,2426,0.72,146.6,1992,3445,1834,1640,108.0,11.5,236,2434,0.00,2.12,0.00,0.000,1030,0.000,0.022,2857,2027,1758,1872,1645,0,0,0,0,0,0,28.83,25.79,28.83
$GC,2465,0.72,146.6,2857,2024,1872,1644,103.1,12.2,240,2466,0.00,0.00,0.00,0.000,6,0.000,0.000,2857,2024,1758,1872,1644,0,0,0,0,0,0,28.83,28.83,28.83
$GC,2495,0.72,146.6,2857,2024,1872,1644,100.0,10.5,243,2496,0.00,0.00,0.00,0.000,6,0.000,0.000,2857,2024,1758,1872,1645,0,0,0,0,0,0,28.83,28.83,28.83
$GC,2524,0.72,146.6,2857,2024,1872,1645,97.1,9.9,246,2534,0.00,2.12,0.00,0.000,260,0.000,0.034,2857,3440,1758,1872,1644,0,0,0,0,0,0,28.83,26.13,28.83
$GC,2557,0.72,146.6,2856,3440,1872,1644,93.2,11.5,249,2566,0.00,2.05,0.00,0.000,1030,0.000,0.021,2857,2025,1758,1872,1645,0,0,0,0,0,0,28.83,26.25,28.83
$GC,2597,0.72,146.6,2857,2022,1872,1645,88.9,11.0,253,2598,0.00,0.00,0.00,0.000,6,0.000,0.000,2857,2022,1758,1872,1644,0,0,0,0,0,0,28.83,28.83,28.83
$GC,2627,0.72,146.6,2857,2022,1872,1644,86.0,9.7,256,2628,0.00,0.00,0.00,0.000,6,0.000,0.000,2857,2022,1758,1872,1644,0,0,0,0,0,0,28.83,28.83,28.83
$GC,2658,0.72,146.6,2857,2022,1872,1644,83.0,10.0,259,2659,0.00,0.00,0.00,0.000,6,0.000,0.000,2857,2022,1758,1872,1644,0,0,0,0,0,0,28.83,28.83,28.83
$GC,2687,0.72,146.6,2856,2022,1872,1644,80.1,9.5,262,2697,0.00,2.12,0.00,0.000,260,0.000,0.034,2857,3436,1758,1872,1644,0,0,0,0,0,0,28.83,26.14,28.83
$GC,2772,0.72,146.6,2000,3435,1834,1640,71.2,11.4,270,2781,0.00,2.10,0.00,0.000,1030,0.000,0.025,2857,2022,1758,1872,1644,0,0,0,0,0,0,28.83,26.13,28.83
$GC,2810,0.72,146.6,2857,2019,1872,1644,67.4,9.5,274,2812,0.00,0.00,0.00,0.000,6,0.000,0.000,2857,2019,1757,1871,1644,0,0,0,0,0,0,28.83,28.83,28.83
$GC,2840,0.72,146.6,2857,2019,1871,1644,64.7,8.7,277,2841,0.00,0.00,0.00,0.000,6,0.000,0.000,2857,2020,1758,1872,1644,0,0,0,0,0,0,28.83,28.83,28.83
$GC,2870,0.72,146.6,2856,2019,1872,1644,62.2,8.7,280,2872,0.00,0.00,0.00,0.000,6,0.000,0.000,2857,2019,1758,1872,1644,0,0,0,0,0,0,28.83,28.83,28.83
$GC,2901,0.72,146.6,2857,2019,1872,1644,59.7,8.2,283,2902,0.00,0.00,0.00,0.000,6,0.000,0.000,2857,2019,1758,1872,1644,0,0,0,0,0,0,28.83,28.83,28.83
$GC,2930,0.72,146.6,2857,2019,1871,1644,57.2,8.4,286,2931,0.00,0.00,0.00,0.000,6,0.000,0.000,2857,2019,1758,1872,1644,0,0,0,0,0,0,28.83,28.83,28.83
$GC,2960,0.72,146.6,2857,2019,1872,1644,54.7,8.4,289,2969,0.00,2.12,0.00,0.000,260,0.000,0.034,2857,3437,1757,1871,1644,0,0,0,0,0,0,28.83,26.16,28.83
$GC,2984,0.72,146.6,2857,3437,1872,1643,52.6,8.8,291,2992,0.00,2.10,0.00,0.000,1030,0.000,0.024,2857,2027,1758,1872,1644,0,0,0,0,0,0,28.83,25.35,28.83
$GC,3023,0.72,146.6,2857,2024,1872,1644,48.5,9.9,295,3024,0.00,0.00,0.00,0.000,6,0.000,0.000,2857,2024,1758,1872,1644,0,0,0,0,0,0,28.83,28.83,28.83
$GC,3053,0.72,146.6,2857,2024,1872,1644,45.6,9.9,298,3054,0.00,0.00,0.00,0.000,6,0.000,0.000,2857,2024,1757,1871,1643,0,0,0,0,0,0,28.83,28.83,28.83
$GC,3082,0.72,146.6,2857,2024,1872,1643,42.8,9.4,301,3084,0.00,0.00,0.00,0.000,6,0.000,0.000,2857,2023,1757,1871,1644,0,0,0,0,0,0,28.83,28.83,28.83
$GC,3113,0.72,146.6,2856,2024,1871,1644,40.0,9.4,304,3114,0.00,0.00,0.00,0.000,6,0.000,0.000,2857,2024,1758,1872,1644,0,0,0,0,0,0,28.83,28.83,28.83
$GC,3143,0.72,146.6,2857,2024,1872,1644,37.6,8.1,307,3144,0.00,0.00,0.00,0.000,6,0.000,0.000,2857,2023,1758,1872,1644,0,0,0,0,0,0,28.83,28.83,28.83
$GC,3173,0.78,199.2,2856,2024,1872,1643,35.3,7.6,310,3225,0.08,2.20,42.40,0.480,10500,0.122,0.033,2900,3446,1554,1671,1438,0,0,0,0,0,0,26.48,25.81,24.38
$GC,3270,0.72,199.2,2900,3446,1671,1436,24.2,13.0,319,3280,0.17,2.10,0.00,0.000,5126,0.152,0.024,2860,2029,1552,1671,1434,0,0,0,0,0,0,25.52,25.89,28.83
$GC,3308,0.72,199.2,2859,2026,1671,1433,20.1,10.4,323,3309,0.00,0.00,0.00,0.000,4102,0.000,0.000,2860,2026,1551,1670,1432,0,0,0,0,0,0,28.83,28.83,28.83
$GC,3339,0.72,199.2,2859,2025,1671,1432,17.6,8.1,326,3347,0.00,0.00,0.00,0.000,4102,0.000,0.000,2859,2025,1552,1671,1433,0,0,0,0,0,0,28.83,28.83,28.83
$GC,3378,0.78,252.3,2859,2025,1671,1432,14.6,7.6,330,3429,0.00,2.22,41.65,0.459,10500,0.000,0.035,2859,3437,1343,1462,1224,0,0,0,0,0,0,28.83,25.66,24.34
$GC,3452,0.86,252.3,2859,3437,1462,1222,8.4,8.7,337,3462,0.12,2.10,0.00,0.000,3078,0.081,0.021,2918,2018,1341,1462,1221,0,0,0,0,0,0,25.76,25.82,28.83
$GC,3492,0.86,252.3,2918,2017,1462,1220,4.2,10.9,341,3502,0.08,2.10,0.00,0.000,4612,0.194,0.031,2909,639,1340,1462,1219,0,0,0,0,0,0,25.93,25.78,28.83
$STATE,3514,end climb,SURFACE_DEPTH_REACHED
$STATE,3514,begin surface coast
$FINISH,-0.6,1.021994
$STATE,3535,end surface coast,CONTROL_FINISHED_OK
$STATE,3535,begin surface
$SM_CCo,3553,170.05,0.427,1,0,464,473.51
$SM_GC,-4.37,7.47,2.12,170.05,0.060,0.022,0.427,236,2037,464,-7.38,-1.27,473.51,0,0,0,0,1,0,25.88,25.95,24.19
$IRIDIUM_FIX,4726.11,-12221.39,210608,161600
$TT8_MAMPS,0.027713,0.027713
$HUMID,42.28
$INTERNAL_PRESSURE,8.14525
$TCM_TEMP,17.60
$XPDR_PINGS,145
$ALTIM_TOP_PING,19.3,999.0
$24V_AH,23.9,44.812
$10V_AH,9.8,21.555
$FG_AHR_24Vo,0.000
$FG_AHR_10Vo,0.000
$DEVICES,Pitch_motor,Roll_motor,VBD_pump_during_apogee,VBD_pump_during_surface,VBD_valve,Iridium_during_init,Iridium_during_connect,Iridium_during_xfer,Transponder_ping,GUMSTIX_24V,GPS,TT8,LPSleep,TT8_Active,TT8_Sampling,TT8_CF8,TT8_Kalman,Analog_circuits,GPS_charging,Compass,RAFOS,Transponder,Compass2
$DEVICE_SECS,18.625,67.325,327.700,170.050,0.000,51.062,34.837,250.677,42.750,0.000,16.706,1000.332,1188.064,644.115,1230.833,199.246,0.000,1239.422,0.000,863.534,0.000,40.828,0.000
$DEVICE_MAMPS,234.855,40.545,570.690,426.870,0.000,43.600,160.000,223.000,420.000,0.000,28.460,13.960,2.190,13.960,37.930,44.670,0.000,16.000,0.000,15.730,0.000,30.000,0.000
$SENSORS,SBE_CT,AA4330,WL_BB2FLVMG,nil,nil,nil,nil,nil,nil,nil
$SENSOR_SECS,231.360,453.428,594.453,0.000,0.000,0.000,0.000,0.000,0.000,0.000
$SENSOR_MAMPS,23.220,33.000,105.000,0.000,0.000,0.000,0.000,0.000,0.000,0.000
$MEM,354488
$DATA_FILE_SIZE,23656,345
$CAP_FILE_SIZE,106675,0
$CFSIZE,260165632,245846016
$ERRORS,0,0,0,0,0,0,0,0,0,0,0,0,0,1,0,0
$CURRENT,0.081,340.2,1
$GPS,010626,075840,4745.076,-12225.188,8,1.3,25,18.2
