version: 66.11
glider: 175
mission: 11
dive: 316
start: 6 3 126 5 28 42
data:
$ID,175
$MISSION,11
$DIVE,316
$N_DIVES,0
$D_SURF,3
$D_FLARE,3
$D_TGT,200
$D_ABORT,1090
$D_NO_BLEED,50
$D_BOOST,3
$T_BOOST,0
$D_FINISH,0
$D_PITCH,0
$D_SAFE,0
$D_CALL,0
$SURFACE_URGENCY,0
$SURFACE_URGENCY_TRY,0
$SURFACE_URGENCY_FORCE,0
$T_DIVE,67
$T_MISSION,82
$T_ABORT,1440
$T_TURN,300
$T_TURN_SAMPINT,5
$T_NO_W,120
$T_LOITER,0
$T_EPIRB,0
$USE_BATHY,1
$USE_ICE,0
$ICE_FREEZE_MARGIN,0.30000001
$D_OFFGRID,100
$T_WATCHDOG,10
$RELAUNCH,1
$APOGEE_PITCH,-8
$MAX_BUOY,150
$COURSE_BIAS,0
$GLIDE_SLOPE,30
$SPEED_FACTOR,1
$RHO,1.0235
$MASS,51878
$MASS_COMP,0
$NAV_MODE,2
$FERRY_MAX,45
$KALMAN_USE,2
$HD_A,0.0024900001
$HD_B,0.0091000004
$HD_C,5.7000002e-06
$HEADING,-1
$ESCAPE_HEADING,0
$ESCAPE_HEADING_DELTA,10
$FIX_MISSING_TIMEOUT,0
$TGT_DEFAULT_LAT,47.766998
$TGT_DEFAULT_LON,-122.413
$TGT_AUTO_DEFAULT,0
$SM_CC,473.51199
$N_FILEKB,4
$FILEMGR,0
$CALL_NDIVES,1
$COMM_SEQ,0
$PROTOCOL,9
$N_NOCOMM,1
$NOCOMM_ACTION,0
$N_NOSURFACE,0
$UPLOAD_DIVES_MAX,-1
$CALL_TRIES,5
$CALL_WAIT,60
$CAPUPLOAD,1
$CAPMAXSIZE,200000
$HEAPDBG,0
$T_GPS,15
$N_GPS,30
$T_GPS_ALMANAC,0
$T_GPS_CHARGE,-39275.922
$T_RSLEEP,2
$STROBE,0
$RAFOS_PEAK_OFFSET,1.5
$RAFOS_CORR_THRESH,60
$RAFOS_HIT_WINDOW,3600
$PITCH_MIN,255
$PITCH_MAX,3935
$C_PITCH,2626
$PITCH_DBAND,0.0099999998
$PITCH_CNV,0.003125763
$P_OVSHOOT,0.039999999
$PITCH_GAIN,30
$PITCH_TIMEOUT,17
$PITCH_AD_RATE,160
$PITCH_MAXERRORS,1
$PITCH_ADJ_GAIN,0.02
$PITCH_ADJ_DBAND,2.5
$ROLL_MIN,171
$ROLL_MAX,3723
$ROLL_DEG,40
$C_ROLL_DIVE,2030
$C_ROLL_CLIMB,2030
$HEAD_ERRBAND,10
$ROLL_CNV,0.028270001
$ROLL_TIMEOUT,15
$R_PORT_OVSHOOT,58
$R_STBD_OVSHOOT,48
$ROLL_AD_RATE,300
$ROLL_MAXERRORS,2
$ROLL_ADJ_GAIN,0
$ROLL_ADJ_DBAND,0
$VBD_MIN,465
$VBD_MAX,3960
$C_VBD,2350
$VBD_DBAND,2
$VBD_CNV,-0.25119999
$VBD_TIMEOUT,720
$PITCH_VBD_SHIFT,0.0012300001
$VBD_PUMP_AD_RATE_SURFACE,5
$VBD_PUMP_AD_RATE_APOGEE,4
$VBD_BLEED_AD_RATE,8
$UNCOM_BLEED,60
$VBD_MAXERRORS,1
$W_ADJ_DBAND,2
$DBDW,0
$PITCH_W_GAIN,0
$PITCH_W_DBAND,1
$CF8_MAXERRORS,5
$AH0_24V,145
$AH0_10V,95
$MINV_24V,19
$MINV_10V,8
$FG_AHR_10V,0
$FG_AHR_24V,0
$PHONE_SUPPLY,2
$PRESSURE_YINT,-13.51214
$PRESSURE_SLOPE,0.0001165895
$AD7714Ch0Gain,128
$TCM_PITCH_OFFSET,0
$TCM_ROLL_OFFSET,0
$COMPASS_USE,4
$ALTIM_BOTTOM_PING_RANGE,0
$ALTIM_TOP_PING_RANGE,20
$ALTIM_BOTTOM_TURN_MARGIN,25
$ALTIM_TOP_TURN_MARGIN,0
$ALTIM_TOP_MIN_OBSTACLE,1
$ALTIM_PING_DEPTH,60
$ALTIM_PING_DELTA,5
$ALTIM_FREQUENCY,13
$ALTIM_PULSE,3
$ALTIM_SENSITIVITY,4
$XPDR_VALID,5
$XPDR_INHIBIT,90
$INT_PRESSURE_SLOPE,0.0097660003
$INT_PRESSURE_YINT,-0.40000001
$DEEPGLIDER,0
$DEEPGLIDERMB,0
$MOTHERBOARD,4
$DEVICE1,2
$DEVICE2,101
$DEVICE3,38
$DEVICE4,-1
$DEVICE5,-1
$DEVICE6,-1
$LOGGERS,7
$LOGGERDEVICE1,-1
$LOGGERDEVICE2,-1
$LOGGERDEVICE3,-1
$LOGGERDEVICE4,-1
$COMPASS_DEVICE,33
$COMPASS2_DEVICE,-1
$PHONE_DEVICE,49
$GPS_DEVICE,32
$RAFOS_DEVICE,-1
$XPDR_DEVICE,24
$SIM_W,0
$SIM_PITCH,0
$SEABIRD_T_G,0.0043137739
$SEABIRD_T_H,0.00062868668
$SEABIRD_T_I,2.2691316e-05
$SEABIRD_T_J,2.2586789e-06
$SEABIRD_C_G,-10.021329
$SEABIRD_C_H,1.1236943
$SEABIRD_C_I,-0.0013673168
$SEABIRD_C_J,0.00018808816
$GPS1,030626,052253,4747.162,-12225.294,9,1.5,9,18.2
$_CALLS,1
$_XMS_NAKs,0
$_XMS_TOUTs,0
$_SM_DEPTHo,-4.74
$_SM_ANGLEo,-69.6
$GPS2,030626,052816,4747.154,-12225.311,12,1.5,29,18.2
$SPEED_LIMITS,0.172,0.272
$TGT_NAME,NORTH_175
$TGT_LATLONG,4750.320,-12225.910
$TGT_RADIUS,200.000
$KALMAN_CONTROL,0.079,0.297
$KALMAN_X,-30076.6,-183.3,-72.9,29774.7,-185.0
$KALMAN_Y,25757.5,-625.9,-357.4,-36445.5,446.9
$MHEAD_RNG_PITCHd_Wd,334.2,5910,-16.1,-9.950,-20.11,2242
$D_GRID,100
$GCHEAD,st_secs,pitch_ctl,vbd_ctl,pitch_ad_start,roll_ad_start,vbd_pot1_ad_start,vbd_pot2_ad_start,depth,ob_vertv,data_pts,end_secs,pitch_secs,roll_secs,vbd_secs,vbd_i,gcphase,pitch_i,roll_i,pitch_ad,roll_ad,vbd_ad,vbd_pot1_ad,vbd_pot2_ad,pitch_retries,pitch_errors,roll_retries,roll_errors,vbd_retries,vbd_errors,pitch_volts,roll_volts,vbd_volts
$STATE,14,end surface,CONTROL_FINISHED_OK
$STATE,14,begin dive
$GC,16,-0.72,-146.6,242,2024,487,425,0.0,0.0,0,109,0.00,0.00,-88.45,0.000,16390,0.000,0.000,242,2025,2935,3019,2852,0,0,0,0,0,0,28.83,28.83,26.41
$GC,112,-0.72,-146.6,241,2024,3021,2852,-1.3,-6.7,9,130,8.93,0.00,0.00,0.000,2054,0.226,0.000,2387,2024,2940,3028,2852,0,0,0,0,0,0,24.89,28.83,28.83
$GC,160,-0.07,-146.6,2387,2024,3042,2845,16.7,-36.5,14,170,0.70,2.15,0.00,0.000,2308,0.144,0.042,2590,3417,2945,3046,2845,0,0,0,0,0,0,25.37,25.87,28.83
$GC,206,-0.14,-146.6,1744,3415,3022,2839,21.7,-11.2,18,214,0.00,2.08,0.00,0.000,5126,0.000,0.018,2589,2004,2948,3052,2844,0,0,0,0,0,0,28.83,26.06,28.83
$GC,244,-0.35,-146.6,2589,2003,3052,2842,23.6,-4.8,22,246,0.22,0.00,0.00,0.000,4102,0.059,0.000,2489,2003,2946,3051,2842,0,0,0,0,0,0,26.20,28.83,28.83
$GC,275,-0.43,-146.6,2489,2003,3051,2841,26.1,-7.3,25,276,0.00,0.00,0.00,0.000,6,0.000,0.000,2489,2003,2946,3051,2841,0,0,0,0,0,0,28.83,28.83,28.83
$GC,304,-0.43,-146.6,2489,2003,3051,2841,29.2,-10.4,28,313,0.00,2.17,0.00,0.000,260,0.000,0.040,2480,3427,2946,3051,2841,0,0,0,0,0,0,28.83,26.00,28.83
$GC,336,-0.43,-146.6,2480,3426,3051,2841,33.1,-12.3,31,345,0.00,2.00,0.00,0.000,3078,0.000,0.018,2480,2025,2945,3051,2840,0,0,0,0,0,0,28.83,26.22,28.83
$GC,377,-0.43,-146.6,2480,2025,3051,2840,38.4,-13.3,35,378,0.00,0.00,0.00,0.000,2054,0.000,0.000,2480,2025,2945,3051,2840,0,0,0,0,0,0,28.83,28.83,28.83
$GC,406,-0.43,-146.6,2480,2025,3051,2840,42.4,-13.2,38,416,0.00,2.17,0.00,0.000,2308,0.000,0.041,2477,3438,2946,3051,2841,0,0,0,0,0,0,28.83,26.03,28.83
$GC,461,-0.43,-146.6,2477,3438,3051,2841,49.4,-12.8,43,470,0.00,1.98,0.00,0.000,3078,0.000,0.018,2478,2033,2945,3051,2840,0,0,0,0,0,0,28.83,26.27,28.83
$GC,500,-0.43,-146.6,2477,2033,3051,2840,54.2,-11.8,47,501,0.00,0.00,0.00,0.000,2054,0.000,0.000,2478,2032,2945,3051,2840,0,0,0,0,0,0,28.83,28.83,28.83
$GC,530,-0.43,-146.6,2477,2032,3052,2840,57.6,-11.8,50,531,0.00,0.00,0.00,0.000,2054,0.000,0.000,2478,2032,2945,3052,2839,0,0,0,0,0,0,28.83,28.83,28.83
$GC,560,-0.43,-146.6,2477,2032,3051,2839,61.2,-11.8,53,569,0.00,2.10,0.00,0.000,2308,0.000,0.040,2477,3424,2945,3051,2840,0,0,0,0,0,0,28.83,26.07,28.83
$GC,592,-0.43,-146.6,2477,3424,3051,2840,64.7,-11.1,56,596,0.00,2.00,0.00,0.000,3078,0.000,0.022,2478,2032,2946,3051,2841,0,0,0,0,0,0,28.83,26.13,28.83
$GC,633,-0.43,-146.6,2477,2027,3051,2839,69.4,-11.1,60,634,0.00,0.00,0.00,0.000,2054,0.000,0.000,2478,2027,2945,3051,2839,0,0,0,0,0,0,28.83,28.83,28.83
$GC,666,-0.43,-146.6,2477,2027,3051,2839,72.3,-10.1,63,672,0.00,0.00,0.00,0.000,2054,0.000,0.000,2478,2027,2945,3051,2839,0,0,0,0,0,0,28.83,28.83,28.83
$GC,704,-0.43,-146.6,2477,2027,3051,2839,76.2,-9.7,67,705,0.00,0.00,0.00,0.000,2054,0.000,0.000,2478,2027,2945,3051,2839,0,0,0,0,0,0,28.83,28.83,28.83
$GC,734,-0.43,-146.6,2477,2027,3052,2839,79.0,-9.3,70,743,0.00,2.15,0.00,0.000,2308,0.000,0.041,2477,3437,2945,3052,2839,0,0,0,0,0,0,28.83,26.09,28.83
$GC,779,-0.43,-146.6,2477,3437,3051,2839,83.0,-9.4,74,787,0.00,2.05,0.00,0.000,3078,0.000,0.023,2477,2021,2945,3051,2839,0,0,0,0,0,0,28.83,26.29,28.83
$GC,817,-0.43,-146.6,2477,2021,3051,2838,86.3,-8.5,78,818,0.00,0.00,0.00,0.000,2054,0.000,0.000,2478,2021,2945,3051,2839,0,0,0,0,0,0,28.83,28.83,28.83
$GC,847,-0.43,-146.6,2477,2021,3051,2839,88.8,-8.2,81,848,0.00,0.00,0.00,0.000,2054,0.000,0.000,2478,2021,2945,3051,2839,0,0,0,0,0,0,28.83,28.83,28.83
$GC,877,-0.43,-146.6,2477,2021,3051,2839,91.6,-8.8,84,886,0.00,2.15,0.00,0.000,2308,0.000,0.042,2478,3428,2945,3051,2839,0,0,0,0,0,0,28.83,26.09,28.83
$GC,921,-0.43,-146.6,2477,3428,3052,2839,96.0,-10.5,88,929,0.00,1.98,0.00,0.000,3078,0.000,0.018,2477,2029,2944,3051,2838,0,0,0,0,0,0,28.83,26.34,28.83
$STATE,959,end dive,TARGET_DEPTH_EXCEEDED
$STATE,959,begin apogee
$GC,963,-0.27,0.0,2477,2027,3051,2838,100.3,-10.8,92,1092,0.17,0.00,124.07,0.517,10246,0.130,0.000,2536,2027,2349,2438,2260,0,0,0,0,0,0,26.02,28.83,24.05
$STATE,1094,end apogee,CONTROL_FINISHED_OK
$STATE,1094,begin climb
$GC,1097,0.72,146.6,2536,2027,2437,2260,108.4,0.0,105,1221,1.00,2.28,116.95,0.508,10500,0.114,0.034,2850,3434,1765,1878,1653,0,0,0,0,0,0,25.13,25.34,24.08
$GC,1249,0.72,146.6,1920,3432,1834,1644,99.6,8.6,120,1256,0.00,2.10,0.00,0.000,1030,0.000,0.020,2856,2036,1763,1877,1649,0,0,0,0,0,0,28.83,25.65,28.83
$GC,1284,0.72,146.6,2856,2032,1877,1647,95.7,9.6,124,1294,0.00,2.12,0.00,0.000,516,0.000,0.034,2856,640,1760,1874,1646,0,0,0,0,0,0,28.83,25.69,28.83
$GC,1307,0.72,146.6,2856,640,1872,1647,93.8,9.3,126,1317,0.00,2.08,0.00,0.000,1030,0.000,0.021,2857,2043,1759,1871,1647,0,0,0,0,0,0,28.83,25.84,28.83
$GC,1346,0.72,146.6,2856,2043,1871,1647,90.1,9.1,130,1356,0.00,2.08,0.00,0.000,260,0.000,0.033,2857,3431,1759,1872,1647,0,0,0,0,0,0,28.83,25.84,28.83
$GC,1381,0.72,146.6,1992,3429,1834,1642,86.6,10.4,133,1389,0.00,2.12,0.00,0.000,1030,0.000,0.021,2856,2025,1758,1871,1646,0,0,0,0,0,0,28.83,25.56,28.83
$GC,1419,0.72,146.6,2856,2021,1872,1646,82.5,10.2,137,1421,0.00,0.00,0.00,0.000,6,0.000,0.000,2857,2021,1759,1871,1647,0,0,0,0,0,0,28.83,28.83,28.83
$GC,1450,0.72,146.6,2856,2021,1872,1646,79.6,9.7,140,1459,0.00,2.15,0.00,0.000,260,0.000,0.034,2856,3437,1758,1871,1646,0,0,0,0,0,0,28.83,25.95,28.83
$GC,1483,0.72,146.6,2856,3437,1872,1646,76.2,10.5,143,1491,0.00,2.12,0.00,0.000,1030,0.000,0.021,2857,2025,1759,1872,1646,0,0,0,0,0,0,28.83,25.43,28.83
$GC,1522,0.72,146.6,2856,2021,1871,1645,72.3,9.8,147,1524,0.00,0.00,0.00,0.000,6,0.000,0.000,2857,2021,1758,1871,1645,0,0,0,0,0,0,28.83,28.83,28.83
$GC,1552,0.72,146.6,2856,2021,1871,1645,69.6,8.9,150,1553,0.00,0.00,0.00,0.000,6,0.000,0.000,2857,2021,1758,1871,1645,0,0,0,0,0,0,28.83,28.83,28.83
$GC,1582,0.72,146.6,2857,2021,1872,1645,67.0,8.8,153,1583,0.00,0.00,0.00,0.000,6,0.000,0.000,2857,2021,1758,1871,1645,0,0,0,0,0,0,28.83,28.83,28.83
$GC,1612,0.72,146.6,2856,2021,1872,1645,64.4,8.3,156,1621,0.00,2.15,0.00,0.000,260,0.000,0.035,2857,3444,1758,1871,1645,0,0,0,0,0,0,28.83,26.04,28.83
$GC,1646,0.72,146.6,2856,3443,1871,1645,61.2,10.0,159,1654,0.00,2.12,0.00,0.000,1030,0.000,0.023,2857,2023,1758,1871,1645,0,0,0,0,0,0,28.83,25.27,28.83
$GC,1685,0.72,146.6,2856,2019,1871,1645,57.1,9.9,163,1686,0.00,0.00,0.00,0.000,6,0.000,0.000,2857,2019,1758,1871,1645,0,0,0,0,0,0,28.83,28.83,28.83
$GC,1715,0.72,146.6,2857,2019,1871,1645,54.3,9.2,166,1725,0.00,2.12,0.00,0.000,260,0.000,0.035,2857,3433,1758,1871,1645,0,0,0,0,0,0,28.83,26.08,28.83
$GC,1740,0.72,146.6,2856,3433,1871,1644,52.0,9.3,168,1747,0.00,2.08,0.00,0.000,1030,0.000,0.021,2857,2022,1757,1871,1644,0,0,0,0,0,0,28.83,26.19,28.83
$GC,1778,0.72,146.6,2856,2018,1871,1644,48.3,9.3,172,1779,0.00,0.00,0.00,0.000,6,0.000,0.000,2857,2018,1757,1871,1644,0,0,0,0,0,0,28.83,28.83,28.83
$GC,1808,0.72,146.6,2856,2018,1871,1644,45.6,8.8,175,1809,0.00,0.00,0.00,0.000,6,0.000,0.000,2857,2018,1757,1871,1644,0,0,0,0,0,0,28.83,28.83,28.83
$GC,1838,0.72,146.6,2856,2018,1871,1644,43.0,8.9,178,1848,0.00,2.15,0.00,0.000,260,0.000,0.034,2857,3437,1757,1871,1644,0,0,0,0,0,0,28.83,26.11,28.83
$GC,1891,0.72,146.6,2857,3437,1871,1644,37.8,10.0,183,1900,0.00,2.03,0.00,0.000,1030,0.000,0.019,2856,2019,1757,1871,1644,0,0,0,0,0,0,28.83,26.27,28.83
$GC,1931,0.72,146.6,2857,2015,1871,1644,34.1,9.1,187,1932,0.00,0.00,0.00,0.000,6,0.000,0.000,2857,2015,1757,1871,1644,0,0,0,0,0,0,28.83,28.83,28.83
$GC,1960,0.72,146.6,2856,2015,1871,1644,31.5,8.8,190,1971,0.00,2.15,0.00,0.000,260,0.000,0.036,2857,3440,1757,1871,1644,0,0,0,0,0,0,28.83,26.12,28.83
$GC,1986,0.72,146.6,2856,3440,1871,1644,29.4,9.1,192,1993,0.00,2.08,0.00,0.000,1030,0.000,0.021,2857,2029,1757,1871,1644,0,0,0,0,0,0,28.83,26.19,28.83
$GC,2024,0.72,146.6,2856,2025,1871,1644,25.8,8.9,196,2033,0.00,2.08,0.00,0.000,516,0.000,0.034,2857,640,1757,1870,1644,0,0,0,0,0,0,28.83,26.15,28.83
$GC,2045,0.72,146.6,2857,640,1869,1644,24.1,8.1,198,2055,0.00,2.03,0.00,0.000,1030,0.000,0.022,2857,2035,1756,1868,1644,0,0,0,0,0,0,28.83,26.25,28.83
$GC,2086,0.78,194.1,2856,2036,1869,1644,21.0,7.8,202,2130,0.05,2.12,38.03,0.462,10500,0.164,0.033,2897,3433,1575,1690,1460,0,0,0,0,0,0,26.46,25.83,24.40
$GC,2173,0.78,194.1,2897,3433,1689,1456,11.6,12.3,210,2183,0.12,2.05,0.00,0.000,5126,0.163,0.020,2874,2029,1572,1689,1455,0,0,0,0,0,0,25.66,25.98,28.83
$GC,2213,0.78,194.1,2874,2026,1689,1454,7.3,10.8,214,2214,0.00,0.00,0.00,0.000,6,0.000,0.000,2874,2026,1571,1689,1454,0,0,0,0,0,0,28.83,28.83,28.83
$GC,2243,0.78,194.1,2874,2026,1690,1453,4.4,9.7,217,2244,0.00,0.00,0.00,0.000,6,0.000,0.000,2874,2026,1571,1689,1453,0,0,0,0,0,0,28.83,28.83,28.83
$STATE,2262,end climb,SURFACE_DEPTH_REACHED
$STATE,2262,begin surface coast
$FINISH,-0.1,1.022091
$STATE,2292,end surface coast,CONTROL_FINISHED_OK
$STATE,2292,begin surface
$SM_CCo,2308,210.30,0.431,1,0,464,473.51
$SM_GC,-4.73,7.28,0.00,210.30,0.057,0.000,0.431,235,2026,464,-7.38,-0.11,473.51,0,0,0,0,1,0,26.02,28.83,24.19
$IRIDIUM_FIX,4732.49,-12223.11,230608,141447
$TT8_MAMPS,0.027713,0.027713
$HUMID,42.08
$INTERNAL_PRESSURE,8.15502
$TCM_TEMP,17.60
$XPDR_PINGS,121
$ALTIM_TOP_PING,19.6,24.3
$24V_AH,24.0,49.156
$10V_AH,9.9,23.735
$FG_AHR_24Vo,0.000
$FG_AHR_10Vo,0.000
$DEVICES,Pitch_motor,Roll_motor,VBD_pump_during_apogee,VBD_pump_during_surface,VBD_valve,Iridium_during_init,Iridium_during_connect,Iridium_during_xfer,Transponder_ping,GUMSTIX_24V,GPS,TT8,LPSleep,TT8_Active,TT8_Sampling,TT8_CF8,TT8_Kalman,Analog_circuits,GPS_charging,Compass,RAFOS,Transponder,Compass2
$DEVICE_SECS,18.475,67.175,279.050,210.300,0.000,24.486,21.276,155.289,32.750,0.000,32.386,626.366,653.040,639.578,802.741,141.819,0.000,1072.853,0.000,570.219,0.000,16.394,0.000
$DEVICE_MAMPS,225.675,42.075,517.140,430.695,0.000,43.600,160.000,223.000,420.000,0.000,28.460,13.960,2.190,13.960,37.930,44.670,0.000,16.000,0.000,15.730,0.000,30.000,0.000
$SENSORS,SBE_CT,AA4330,WL_BB2FLVMG,nil,nil,nil,nil,nil,nil,nil
$SENSOR_SECS,146.342,290.922,382.484,0.000,0.000,0.000,0.000,0.000,0.000,0.000
$SENSOR_MAMPS,23.220,33.000,105.000,0.000,0.000,0.000,0.000,0.000,0.000,0.000
$MEM,354740
$DATA_FILE_SIZE,17006,222
$CAP_FILE_SIZE,73645,0
$CFSIZE,260165632,243793920
$ERRORS,0,0,0,0,0,0,0,0,0,0,0,0,0,1,0,0
$CURRENT,0.160,358.6,1
$GPS,030626,061204,4747.667,-12225.384,39,1.0,39,18.2
