version: 66.11
glider: 175
mission: 11
dive: 181
start: 5 28 126 16 8 45
data:
$ID,175
$MISSION,11
$DIVE,181
$N_DIVES,0
$D_SURF,3
$D_FLARE,3
$D_TGT,300
$D_ABORT,1090
$D_NO_BLEED,50
$D_BOOST,3
$T_BOOST,0
$D_FINISH,0
$D_PITCH,0
$D_SAFE,0
$D_CALL,0
$SURFACE_URGENCY,0
$SURFACE_URGENCY_TRY,0
$SURFACE_URGENCY_FORCE,0
$T_DIVE,65
$T_MISSION,100
$T_ABORT,1440
$T_TURN,300
$T_TURN_SAMPINT,5
$T_NO_W,120
$T_LOITER,0
$T_EPIRB,0
$USE_BATHY,0
$USE_ICE,0
$ICE_FREEZE_MARGIN,0.30000001
$D_OFFGRID,100
$T_WATCHDOG,10
$RELAUNCH,1
$APOGEE_PITCH,-8
$MAX_BUOY,150
$COURSE_BIAS,0
$GLIDE_SLOPE,30
$SPEED_FACTOR,1
$RHO,1.0235
$MASS,51878
$MASS_COMP,0
$NAV_MODE,1
$FERRY_MAX,45
$KALMAN_USE,1
$HD_A,0.0024900001
$HD_B,0.0091000004
$HD_C,5.7000002e-06
$HEADING,-1
$ESCAPE_HEADING,0
$ESCAPE_HEADING_DELTA,10
$FIX_MISSING_TIMEOUT,0
$TGT_DEFAULT_LAT,47.766998
$TGT_DEFAULT_LON,-122.413
$TGT_AUTO_DEFAULT,0
$SM_CC,423.31998
$N_FILEKB,4
$FILEMGR,0
$CALL_NDIVES,1
$COMM_SEQ,0
$PROTOCOL,9
$N_NOCOMM,1
$NOCOMM_ACTION,0
$N_NOSURFACE,0
$UPLOAD_DIVES_MAX,-1
$CALL_TRIES,5
$CALL_WAIT,60
$CAPUPLOAD,1
$CAPMAXSIZE,200000
$HEAPDBG,0
$T_GPS,15
$N_GPS,30
$T_GPS_ALMANAC,0
$T_GPS_CHARGE,-38880.477
$T_RSLEEP,2
$STROBE,0
$RAFOS_PEAK_OFFSET,1.5
$RAFOS_CORR_THRESH,60
$RAFOS_HIT_WINDOW,3600
$PITCH_MIN,255
$PITCH_MAX,3935
$C_PITCH,2626
$PITCH_DBAND,0.0099999998
$PITCH_CNV,0.003125763
$P_OVSHOOT,0.039999999
$PITCH_GAIN,30
$PITCH_TIMEOUT,17
$PITCH_AD_RATE,160
$PITCH_MAXERRORS,1
$PITCH_ADJ_GAIN,0.02
$PITCH_ADJ_DBAND,2.5
$ROLL_MIN,171
$ROLL_MAX,3723
$ROLL_DEG,40
$C_ROLL_DIVE,2030
$C_ROLL_CLIMB,2030
$HEAD_ERRBAND,10
$ROLL_CNV,0.028270001
$ROLL_TIMEOUT,15
$R_PORT_OVSHOOT,59
$R_STBD_OVSHOOT,39
$ROLL_AD_RATE,300
$ROLL_MAXERRORS,2
$ROLL_ADJ_GAIN,0
$ROLL_ADJ_DBAND,0
$VBD_MIN,465
$VBD_MAX,3960
$C_VBD,2350
$VBD_DBAND,2
$VBD_CNV,-0.25119999
$VBD_TIMEOUT,720
$PITCH_VBD_SHIFT,0.0012300001
$VBD_PUMP_AD_RATE_SURFACE,5
$VBD_PUMP_AD_RATE_APOGEE,4
$VBD_BLEED_AD_RATE,8
$UNCOM_BLEED,60
$VBD_MAXERRORS,1
$W_ADJ_DBAND,2
$DBDW,0
$PITCH_W_GAIN,0
$PITCH_W_DBAND,1
$CF8_MAXERRORS,5
$AH0_24V,145
$AH0_10V,95
$MINV_24V,19
$MINV_10V,8
$FG_AHR_10V,0
$FG_AHR_24V,0
$PHONE_SUPPLY,2
$PRESSURE_YINT,-13.51214
$PRESSURE_SLOPE,0.0001165895
$AD7714Ch0Gain,128
$TCM_PITCH_OFFSET,0
$TCM_ROLL_OFFSET,0
$COMPASS_USE,4
$ALTIM_BOTTOM_PING_RANGE,0
$ALTIM_TOP_PING_RANGE,20
$ALTIM_BOTTOM_TURN_MARGIN,25
$ALTIM_TOP_TURN_MARGIN,0
$ALTIM_TOP_MIN_OBSTACLE,1
$ALTIM_PING_DEPTH,60
$ALTIM_PING_DELTA,5
$ALTIM_FREQUENCY,13
$ALTIM_PULSE,3
$ALTIM_SENSITIVITY,4
$XPDR_VALID,5
$XPDR_INHIBIT,90
$INT_PRESSURE_SLOPE,0.0097660003
$INT_PRESSURE_YINT,-0.40000001
$DEEPGLIDER,0
$DEEPGLIDERMB,0
$MOTHERBOARD,4
$DEVICE1,2
$DEVICE2,101
$DEVICE3,38
$DEVICE4,-1
$DEVICE5,-1
$DEVICE6,-1
$LOGGERS,7
$LOGGERDEVICE1,-1
$LOGGERDEVICE2,-1
$LOGGERDEVICE3,-1
$LOGGERDEVICE4,-1
$COMPASS_DEVICE,33
$COMPASS2_DEVICE,-1
$PHONE_DEVICE,49
$GPS_DEVICE,32
$RAFOS_DEVICE,-1
$XPDR_DEVICE,24
$SIM_W,0
$SIM_PITCH,0
$SEABIRD_T_G,0.0043137739
$SEABIRD_T_H,0.00062868668
$SEABIRD_T_I,2.2691316e-05
$SEABIRD_T_J,2.2586789e-06
$SEABIRD_C_G,-10.021329
$SEABIRD_C_H,1.1236943
$SEABIRD_C_I,-0.0013673168
$SEABIRD_C_J,0.00018808816
$GPS1,280526,155947,4748.382,-12224.646,7,1.5,7,18.2
$_CALLS,2
$_XMS_NAKs,0
$_XMS_TOUTs,0
$_SM_DEPTHo,-6.26
$_SM_ANGLEo,-70.7
$GPS2,280526,160747,4748.432,-12224.655,15,1.5,15,18.2
$SPEED_LIMITS,0.266,0.310
$TGT_NAME,MIDE_175
$TGT_LATLONG,4746.000,-12224.800
$TGT_RADIUS,300.000
$KALMAN_CONTROL,-0.108,-0.291
$KALMAN_X,-24917.2,-254.1,-1943.0,27415.9,393.7
$KALMAN_Y,19277.5,553.5,4419.2,-27329.1,406.7
$MHEAD_RNG_PITCHd_Wd,182.2,4507,-23.7,-15.385,-26.38,1456
$D_GRID,300
$GCHEAD,st_secs,pitch_ctl,vbd_ctl,pitch_ad_start,roll_ad_start,vbd_pot1_ad_start,vbd_pot2_ad_start,depth,ob_vertv,data_pts,end_secs,pitch_secs,roll_secs,vbd_secs,vbd_i,gcphase,pitch_i,roll_i,pitch_ad,roll_ad,vbd_ad,vbd_pot1_ad,vbd_pot2_ad,pitch_retries,pitch_errors,roll_retries,roll_errors,vbd_retries,vbd_errors,pitch_volts,roll_volts,vbd_volts
$STATE,14,end surface,CONTROL_FINISHED_OK
$STATE,14,begin dive
$GC,16,-0.97,-146.6,242,2022,701,608,0.0,0.0,0,102,0.00,0.00,-83.38,0.000,16390,0.000,0.000,242,2022,2935,3021,2850,0,0,0,0,0,0,28.83,28.83,26.44
$GC,105,-0.97,-146.6,242,2022,3022,2851,-3.7,-5.0,8,117,8.45,0.00,0.00,0.000,2566,0.226,0.000,2306,2023,2938,3025,2852,0,0,0,0,0,0,25.01,28.83,28.83
$GC,145,-0.29,-146.6,2306,2022,3040,2847,12.7,-36.4,12,155,0.75,2.08,0.00,0.000,2564,0.161,0.028,2525,631,2944,3042,2846,0,0,0,0,0,0,25.34,26.01,28.83
$GC,218,-0.50,-146.6,2525,631,3046,2844,23.4,-10.3,19,228,0.12,2.08,0.00,0.000,5126,0.045,0.027,2452,2039,2945,3047,2843,0,0,0,0,0,0,26.03,26.08,28.83
$GC,259,-0.62,-146.6,2452,2040,3047,2843,28.6,-12.7,23,268,0.08,2.10,0.00,0.000,4356,0.125,0.039,2412,3432,2945,3048,2843,0,0,0,0,0,0,26.29,25.98,28.83
$GC,313,-0.62,-146.6,1616,3431,3019,2837,37.1,-16.4,28,321,0.00,2.10,0.00,0.000,3078,0.000,0.021,2412,2015,2945,3048,2843,0,0,0,0,0,0,28.83,25.65,28.83
$GC,351,-0.62,-146.6,2411,2010,3048,2842,44.1,-17.3,32,352,0.00,0.00,0.00,0.000,2054,0.000,0.000,2412,2010,2945,3048,2842,0,0,0,0,0,0,28.83,28.83,28.83
$GC,381,-0.62,-146.6,2411,2009,3048,2842,49.8,-18.7,35,390,0.00,2.03,0.00,0.000,2564,0.000,0.031,2412,645,2944,3048,2840,0,0,0,0,0,0,28.83,26.12,28.83
$GC,434,-0.62,-146.6,1616,645,3019,2834,58.9,-17.7,40,443,0.00,2.12,0.00,0.000,3078,0.000,0.031,2411,2028,2944,3048,2840,0,0,0,0,0,0,28.83,26.13,28.83
$GC,473,-0.62,-146.6,2411,2028,3048,2840,65.6,-16.5,44,474,0.00,0.00,0.00,0.000,2054,0.000,0.000,2411,2028,2944,3048,2840,0,0,0,0,0,0,28.83,28.83,28.83
$GC,504,-0.62,-146.6,2411,2028,3048,2840,70.6,-16.9,47,505,0.00,0.00,0.00,0.000,2054,0.000,0.000,2411,2028,2944,3048,2840,0,0,0,0,0,0,28.83,28.83,28.83
$GC,533,-0.62,-146.6,2411,2028,3049,2840,75.4,-16.0,50,534,0.00,0.00,0.00,0.000,2054,0.000,0.000,2411,2028,2944,3048,2840,0,0,0,0,0,0,28.83,28.83,28.83
$GC,563,-0.62,-146.6,2411,2028,3049,2840,80.2,-16.0,53,564,0.00,0.00,0.00,0.000,2054,0.000,0.000,2411,2028,2944,3048,2840,0,0,0,0,0,0,28.83,28.83,28.83
$GC,593,-0.62,-146.6,2411,2028,3048,2839,85.2,-16.6,56,602,0.00,2.12,0.00,0.000,2308,0.000,0.043,2411,3440,2944,3048,2840,0,0,0,0,0,0,28.83,26.10,28.83
$GC,617,-0.62,-146.6,1608,3439,3019,2834,89.2,-17.2,58,628,0.00,2.10,0.00,0.000,3078,0.000,0.024,2411,2010,2944,3048,2840,0,0,0,0,0,0,28.83,26.15,28.83
$GC,656,-0.62,-146.6,2411,2009,3048,2840,96.0,-16.7,62,657,0.00,0.00,0.00,0.000,2054,0.000,0.000,2411,2009,2944,3049,2840,0,0,0,0,0,0,28.83,28.83,28.83
$GC,686,-0.62,-146.6,2411,2009,3048,2840,100.9,-16.4,65,687,0.00,0.00,0.00,0.000,2054,0.000,0.000,2411,2010,2944,3048,2840,0,0,0,0,0,0,28.83,28.83,28.83
$GC,716,-0.62,-146.6,2411,2009,3049,2840,105.8,-16.5,68,718,0.00,0.00,0.00,0.000,2054,0.000,0.000,2412,2009,2944,3048,2840,0,0,0,0,0,0,28.83,28.83,28.83
$GC,746,-0.62,-146.6,2411,2009,3048,2840,110.8,-16.3,71,747,0.00,0.00,0.00,0.000,2054,0.000,0.000,2411,2009,2944,3048,2840,0,0,0,0,0,0,28.83,28.83,28.83
$GC,776,-0.62,-146.6,2411,2009,3048,2839,115.7,-16.3,74,785,0.00,2.20,0.00,0.000,2308,0.000,0.043,2411,3445,2944,3048,2840,0,0,0,0,0,0,28.83,26.11,28.83
$GC,800,-0.62,-146.6,2411,3445,3048,2840,119.6,-17.1,76,808,0.00,2.08,0.00,0.000,3078,0.000,0.022,2411,2033,2944,3048,2840,0,0,0,0,0,0,28.83,24.49,28.83
$GC,838,-0.62,-146.6,2411,2032,3049,2839,126.9,-18.3,80,839,0.00,0.00,0.00,0.000,2054,0.000,0.000,2411,2033,2943,3048,2839,0,0,0,0,0,0,28.83,28.83,28.83
$GC,868,-0.62,-146.6,2411,2032,3048,2839,132.0,-17.2,83,869,0.00,0.00,0.00,0.000,2054,0.000,0.000,2411,2032,2943,3048,2839,0,0,0,0,0,0,28.83,28.83,28.83
$GC,898,-0.62,-146.6,2411,2032,3049,2839,137.3,-17.5,86,907,0.00,2.15,0.00,0.000,2308,0.000,0.041,2412,3444,2944,3049,2839,0,0,0,0,0,0,28.83,26.14,28.83
$STATE,938,end dive,BOTTOM_OBSTACLE_DETECTED
$STATE,938,begin apogee
$GC,945,-0.27,0.0,2411,2020,3049,2839,143.6,-15.1,90,1079,0.40,0.00,124.82,0.549,10246,0.142,0.000,2535,2016,2348,2438,2259,0,0,0,0,0,0,25.69,28.83,24.08
$STATE,1082,end apogee,CONTROL_FINISHED_OK
$STATE,1082,begin climb
$GC,1084,0.97,146.6,2535,2016,2437,2259,154.4,0.0,104,1210,1.25,0.00,117.57,0.536,10758,0.114,0.000,2930,2015,1764,1873,1655,0,0,0,0,0,0,25.16,28.83,24.10
$GC,1240,0.97,146.6,2929,2016,1871,1653,134.4,18.6,120,1249,0.00,2.17,0.00,0.000,2308,0.000,0.034,2930,3439,1762,1871,1653,0,0,0,0,0,0,28.83,25.57,28.83
$GC,1272,0.97,146.6,2929,3439,1871,1651,128.3,18.5,123,1281,0.00,2.08,0.00,0.000,1030,0.000,0.019,2940,2026,1761,1871,1651,0,0,0,0,0,0,28.83,25.78,28.83
$GC,1312,0.97,146.6,2940,2022,1871,1650,120.7,19.0,127,1313,0.00,0.00,0.00,0.000,6,0.000,0.000,2940,2022,1760,1871,1650,0,0,0,0,0,0,28.83,28.83,28.83
$GC,1342,0.97,146.6,2939,2022,1870,1650,115.7,17.2,130,1343,0.00,0.00,0.00,0.000,6,0.000,0.000,2940,2022,1759,1869,1650,0,0,0,0,0,0,28.83,28.83,28.83
$GC,1373,0.97,146.6,2940,2022,1870,1650,111.0,15.6,133,1382,0.00,2.15,0.00,0.000,260,0.000,0.034,2940,3446,1759,1869,1650,0,0,0,0,0,0,28.83,25.89,28.83
$GC,1404,0.97,146.6,2940,3446,1870,1649,105.4,17.2,136,1414,0.00,2.08,0.00,0.000,5126,0.000,0.019,2950,2030,1759,1869,1650,0,0,0,0,0,0,28.83,26.02,28.83
$GC,1445,0.92,146.6,2950,2026,1869,1649,98.3,18.0,140,1447,0.12,0.00,0.00,0.000,4102,0.176,0.000,2922,2025,1759,1869,1649,0,0,0,0,0,0,25.84,28.83,28.83
$GC,1475,0.92,146.6,2922,2025,1869,1649,93.3,16.8,143,1476,0.00,0.00,0.00,0.000,6,0.000,0.000,2922,2025,1759,1869,1649,0,0,0,0,0,0,28.83,28.83,28.83
$GC,1505,0.92,146.6,2922,2025,1869,1649,89.0,14.7,146,1506,0.00,0.00,0.00,0.000,6,0.000,0.000,2922,2025,1759,1869,1649,0,0,0,0,0,0,28.83,28.83,28.83
$GC,1535,0.92,146.6,2922,2025,1869,1649,85.0,13.5,149,1536,0.00,0.00,0.00,0.000,6,0.000,0.000,2922,2025,1759,1869,1649,0,0,0,0,0,0,28.83,28.83,28.83
$GC,1565,0.96,182.3,2922,2025,1869,1649,81.1,12.9,152,1599,0.00,2.17,28.65,0.487,10500,0.000,0.033,2922,3445,1622,1733,1512,0,0,0,0,0,0,28.83,25.79,24.46
$GC,1621,0.96,182.3,2922,3445,1732,1510,72.9,14.9,157,1631,0.00,2.08,0.00,0.000,3078,0.000,0.020,2929,2028,1621,1733,1509,0,0,0,0,0,0,28.83,25.93,28.83
$GC,1662,0.96,182.3,2929,2024,1732,1508,67.2,14.3,161,1663,0.00,0.00,0.00,0.000,2054,0.000,0.000,2929,2024,1620,1733,1508,0,0,0,0,0,0,28.83,28.83,28.83
$GC,1692,0.96,182.3,2929,2024,1733,1507,63.1,13.8,164,1693,0.00,0.00,0.00,0.000,2054,0.000,0.000,2929,2024,1620,1733,1507,0,0,0,0,0,0,28.83,28.83,28.83
$GC,1722,0.96,182.3,2929,2024,1732,1507,59.0,13.7,167,1731,0.00,2.15,0.00,0.000,2308,0.000,0.034,2929,3442,1619,1732,1507,0,0,0,0,0,0,28.83,25.95,28.83
$GC,1765,0.96,182.3,2064,3441,1699,1505,52.5,15.6,171,1773,0.00,2.12,0.00,0.000,5126,0.000,0.021,2938,2030,1619,1732,1506,0,0,0,0,0,0,28.83,25.60,28.83
$GC,1803,0.96,182.3,2938,2025,1732,1506,46.3,15.5,175,1812,0.00,2.10,0.00,0.000,4612,0.000,0.032,2948,629,1619,1732,1506,0,0,0,0,0,0,28.83,26.03,28.83
$GC,1866,1.11,240.5,2948,626,1734,1506,38.4,11.3,181,1919,0.08,2.05,45.50,0.469,11270,0.056,0.024,3000,2037,1391,1500,1282,0,0,0,0,0,0,26.05,26.13,24.44
$GC,1959,1.04,240.5,3000,2037,1497,1278,19.4,24.0,190,1969,0.12,2.10,0.00,0.000,4356,0.181,0.034,2967,3430,1387,1497,1278,0,0,0,0,0,0,25.58,25.77,28.83
$STATE,2040,end climb,SURFACE_DEPTH_REACHED
$STATE,2040,begin surface coast
$FINISH,-0.6,1.022210
$STATE,2052,end surface coast,CONTROL_FINISHED_OK
$STATE,2053,begin surface
$SM_CCo,2070,140.82,0.423,1,0,663,423.52
$SM_GC,-6.30,7.97,2.12,140.82,0.081,0.019,0.423,235,2017,663,-7.39,1.44,423.52,0,0,0,0,1,0,25.95,26.03,24.27
$IRIDIUM_FIX,4729.30,-12228.52,180608,010126
$TT8_MAMPS,0.029211,0.029211
$HUMID,42.00
$INTERNAL_PRESSURE,8.15502
$TCM_TEMP,17.40
$XPDR_PINGS,84
$ALTIM_TOP_PING,19.4,25.6
$ALTIM_BOTTOM_PING,125.1,42.0
$24V_AH,24.1,37.580
$10V_AH,10.0,17.422
$FG_AHR_24Vo,0.000
$FG_AHR_10Vo,0.000
$DEVICES,Pitch_motor,Roll_motor,VBD_pump_during_apogee,VBD_pump_during_surface,VBD_valve,Iridium_during_init,Iridium_during_connect,Iridium_during_xfer,Transponder_ping,GUMSTIX_24V,GPS,TT8,LPSleep,TT8_Active,TT8_Sampling,TT8_CF8,TT8_Kalman,Analog_circuits,GPS_charging,Compass,RAFOS,Transponder,Compass2
$DEVICE_SECS,19.350,50.625,316.550,140.825,0.000,50.670,69.660,195.339,25.000,0.000,17.719,539.385,639.128,537.781,869.916,126.469,33.233,943.107,0.000,531.135,0.000,27.026,0.000
$DEVICE_MAMPS,225.675,42.840,548.505,423.045,0.000,43.600,160.000,223.000,420.000,0.000,28.460,13.960,2.190,13.960,37.930,44.670,61.150,16.000,0.000,15.730,0.000,30.000,0.000
$SENSORS,SBE_CT,AA4330,WL_BB2FLVMG,nil,nil,nil,nil,nil,nil,nil
$SENSOR_SECS,131.997,260.762,345.311,0.000,0.000,0.000,0.000,0.000,0.000,0.000
$SENSOR_MAMPS,23.220,33.000,105.000,0.000,0.000,0.000,0.000,0.000,0.000,0.000
$MEM,354540
$DATA_FILE_SIZE,13798,199
$CAP_FILE_SIZE,66994,0
$CFSIZE,260165632,249700352
$ERRORS,0,0,0,0,0,0,0,0,0,0,0,0,0,1,0,0
$GPS,280526,164659,4748.311,-12224.800,7,2.1,37,18.2
