version: 66.11
glider: 175
mission: 11
dive: 385
start: 6 5 126 20 11 8
data:
$ID,175
$MISSION,11
$DIVE,385
$N_DIVES,0
$D_SURF,3
$D_FLARE,3
$D_TGT,150
$D_ABORT,1090
$D_NO_BLEED,50
$D_BOOST,3
$T_BOOST,0
$D_FINISH,0
$D_PITCH,0
$D_SAFE,0
$D_CALL,0
$SURFACE_URGENCY,0
$SURFACE_URGENCY_TRY,0
$SURFACE_URGENCY_FORCE,0
$T_DIVE,50
$T_MISSION,75
$T_ABORT,1440
$T_TURN,300
$T_TURN_SAMPINT,5
$T_NO_W,120
$T_LOITER,0
$T_EPIRB,0
$USE_BATHY,-4
$USE_ICE,0
$ICE_FREEZE_MARGIN,0.30000001
$D_OFFGRID,100
$T_WATCHDOG,10
$RELAUNCH,1
$APOGEE_PITCH,-8
$MAX_BUOY,150
$COURSE_BIAS,0
$GLIDE_SLOPE,30
$SPEED_FACTOR,1
$RHO,1.0235
$MASS,51878
$MASS_COMP,0
$NAV_MODE,2
$FERRY_MAX,45
$KALMAN_USE,2
$HD_A,0.0024900001
$HD_B,0.0091000004
$HD_C,5.7000002e-06
$HEADING,-1
$ESCAPE_HEADING,0
$ESCAPE_HEADING_DELTA,10
$FIX_MISSING_TIMEOUT,0
$TGT_DEFAULT_LAT,47.766998
$TGT_DEFAULT_LON,-122.413
$TGT_AUTO_DEFAULT,0
$SM_CC,473.51199
$N_FILEKB,4
$FILEMGR,0
$CALL_NDIVES,1
$COMM_SEQ,0
$PROTOCOL,9
$N_NOCOMM,1
$NOCOMM_ACTION,0
$N_NOSURFACE,0
$UPLOAD_DIVES_MAX,-1
$CALL_TRIES,5
$CALL_WAIT,60
$CAPUPLOAD,1
$CAPMAXSIZE,200000
$HEAPDBG,0
$T_GPS,15
$N_GPS,30
$T_GPS_ALMANAC,0
$T_GPS_CHARGE,-39366.312
$T_RSLEEP,2
$STROBE,0
$RAFOS_PEAK_OFFSET,1.5
$RAFOS_CORR_THRESH,60
$RAFOS_HIT_WINDOW,3600
$PITCH_MIN,255
$PITCH_MAX,3935
$C_PITCH,2626
$PITCH_DBAND,0.0099999998
$PITCH_CNV,0.003125763
$P_OVSHOOT,0.039999999
$PITCH_GAIN,30
$PITCH_TIMEOUT,17
$PITCH_AD_RATE,160
$PITCH_MAXERRORS,1
$PITCH_ADJ_GAIN,0.02
$PITCH_ADJ_DBAND,2.5
$ROLL_MIN,171
$ROLL_MAX,3723
$ROLL_DEG,40
$C_ROLL_DIVE,2030
$C_ROLL_CLIMB,2030
$HEAD_ERRBAND,10
$ROLL_CNV,0.028270001
$ROLL_TIMEOUT,15
$R_PORT_OVSHOOT,56
$R_STBD_OVSHOOT,49
$ROLL_AD_RATE,300
$ROLL_MAXERRORS,2
$ROLL_ADJ_GAIN,0
$ROLL_ADJ_DBAND,0
$VBD_MIN,465
$VBD_MAX,3960
$C_VBD,2350
$VBD_DBAND,2
$VBD_CNV,-0.25119999
$VBD_TIMEOUT,720
$PITCH_VBD_SHIFT,0.0012300001
$VBD_PUMP_AD_RATE_SURFACE,5
$VBD_PUMP_AD_RATE_APOGEE,4
$VBD_BLEED_AD_RATE,8
$UNCOM_BLEED,60
$VBD_MAXERRORS,1
$W_ADJ_DBAND,2
$DBDW,0
$PITCH_W_GAIN,0
$PITCH_W_DBAND,1
$CF8_MAXERRORS,5
$AH0_24V,145
$AH0_10V,95
$MINV_24V,19
$MINV_10V,8
$FG_AHR_10V,0
$FG_AHR_24V,0
$PHONE_SUPPLY,2
$PRESSURE_YINT,-13.51214
$PRESSURE_SLOPE,0.0001165895
$AD7714Ch0Gain,128
$TCM_PITCH_OFFSET,0
$TCM_ROLL_OFFSET,0
$COMPASS_USE,4
$ALTIM_BOTTOM_PING_RANGE,0
$ALTIM_TOP_PING_RANGE,20
$ALTIM_BOTTOM_TURN_MARGIN,25
$ALTIM_TOP_TURN_MARGIN,0
$ALTIM_TOP_MIN_OBSTACLE,1
$ALTIM_PING_DEPTH,60
$ALTIM_PING_DELTA,5
$ALTIM_FREQUENCY,13
$ALTIM_PULSE,3
$ALTIM_SENSITIVITY,4
$XPDR_VALID,5
$XPDR_INHIBIT,90
$INT_PRESSURE_SLOPE,0.0097660003
$INT_PRESSURE_YINT,-0.40000001
$DEEPGLIDER,0
$DEEPGLIDERMB,0
$MOTHERBOARD,4
$DEVICE1,2
$DEVICE2,101
$DEVICE3,38
$DEVICE4,-1
$DEVICE5,-1
$DEVICE6,-1
$LOGGERS,7
$LOGGERDEVICE1,-1
$LOGGERDEVICE2,-1
$LOGGERDEVICE3,-1
$LOGGERDEVICE4,-1
$COMPASS_DEVICE,33
$COMPASS2_DEVICE,-1
$PHONE_DEVICE,49
$GPS_DEVICE,32
$RAFOS_DEVICE,-1
$XPDR_DEVICE,24
$SIM_W,0
$SIM_PITCH,0
$SEABIRD_T_G,0.0043137739
$SEABIRD_T_H,0.00062868668
$SEABIRD_T_I,2.2691316e-05
$SEABIRD_T_J,2.2586789e-06
$SEABIRD_C_G,-10.021329
$SEABIRD_C_H,1.1236943
$SEABIRD_C_I,-0.0013673168
$SEABIRD_C_J,0.00018808816
$GPS1,050626,200504,4751.361,-12222.958,31,1.5,31,18.2
$_CALLS,1
$_XMS_NAKs,0
$_XMS_TOUTs,0
$_SM_DEPTHo,-5.88
$_SM_ANGLEo,-58.5
$GPS2,050626,201035,4751.395,-12222.911,11,1.8,11,18.2
$SPEED_LIMITS,0.173,0.272
$TGT_NAME,WEST_175
$TGT_LATLONG,4751.410,-12224.870
$TGT_RADIUS,200.000
$KALMAN_CONTROL,0.079,0.297
$KALMAN_X,-30076.6,-183.3,-72.9,29774.7,-185.0
$KALMAN_Y,25757.5,-625.9,-357.4,-36445.5,446.9
$MHEAD_RNG_PITCHd_Wd,257.8,2435,-16.2,-10.000,-20.17,2231
$D_GRID,100
$GCHEAD,st_secs,pitch_ctl,vbd_ctl,pitch_ad_start,roll_ad_start,vbd_pot1_ad_start,vbd_pot2_ad_start,depth,ob_vertv,data_pts,end_secs,pitch_secs,roll_secs,vbd_secs,vbd_i,gcphase,pitch_i,roll_i,pitch_ad,roll_ad,vbd_ad,vbd_pot1_ad,vbd_pot2_ad,pitch_retries,pitch_errors,roll_retries,roll_errors,vbd_retries,vbd_errors,pitch_volts,roll_volts,vbd_volts
$STATE,14,end surface,CONTROL_FINISHED_OK
$STATE,14,begin dive
$GC,16,-0.72,-146.6,230,2025,487,426,0.0,0.0,0,109,0.00,0.00,-89.28,0.000,16390,0.000,0.000,230,2025,2935,3019,2852,0,0,0,0,0,0,28.83,28.83,26.41
$GC,112,-0.72,-146.6,230,2025,3020,2854,-2.5,-6.3,9,131,8.90,2.08,0.00,0.000,2564,0.224,0.023,2392,615,2941,3030,2852,0,0,0,0,0,0,24.82,25.99,28.83
$GC,229,-0.54,-146.6,2392,615,3038,2850,26.8,-19.9,20,236,0.25,2.12,0.00,0.000,3078,0.154,0.028,2450,2028,2944,3039,2849,0,0,0,0,0,0,25.52,26.05,28.83
$GC,265,-0.40,-146.6,2449,2029,3041,2846,33.3,-16.2,24,267,0.15,0.00,0.00,0.000,2054,0.151,0.000,2491,2029,2943,3041,2846,0,0,0,0,0,0,25.85,28.83,28.83
$GC,296,-0.35,-146.6,2491,2029,3047,2844,37.0,-13.1,27,298,0.08,0.00,0.00,0.000,2054,0.181,0.000,2509,2029,2945,3047,2843,0,0,0,0,0,0,26.22,28.83,28.83
$GC,326,-0.35,-146.6,2509,2029,3047,2843,40.0,-10.1,30,336,0.00,2.15,0.00,0.000,2308,0.000,0.040,2507,3438,2945,3048,2843,0,0,0,0,0,0,28.83,25.98,28.83
$GC,379,-0.35,-146.6,2507,3439,3049,2843,44.6,-8.7,35,388,0.00,2.05,0.00,0.000,3078,0.000,0.018,2507,2010,2945,3049,2842,0,0,0,0,0,0,28.83,26.22,28.83
$GC,419,-0.35,-146.6,2506,2009,3050,2842,48.2,-9.0,39,420,0.00,0.00,0.00,0.000,2054,0.000,0.000,2507,2009,2945,3049,2842,0,0,0,0,0,0,28.83,28.83,28.83
$GC,448,-0.35,-146.6,2507,2009,3049,2841,50.9,-9.0,42,450,0.00,0.00,0.00,0.000,2054,0.000,0.000,2507,2009,2945,3049,2841,0,0,0,0,0,0,28.83,28.83,28.83
$GC,478,-0.35,-146.6,2506,2009,3049,2841,53.8,-9.5,45,488,0.00,2.05,0.00,0.000,2564,0.000,0.031,2507,640,2944,3049,2840,0,0,0,0,0,0,28.83,26.11,28.83
$GC,511,-0.35,-146.6,2507,640,3050,2839,57.2,-10.2,48,520,0.00,2.08,0.00,0.000,3078,0.000,0.027,2507,2044,2944,3049,2840,0,0,0,0,0,0,28.83,26.17,28.83
$GC,553,-0.35,-146.6,2506,2044,3049,2840,61.3,-10.5,52,561,0.00,2.08,0.00,0.000,2308,0.000,0.040,2505,3437,2945,3050,2840,0,0,0,0,0,0,28.83,26.08,28.83
$GC,607,-0.35,-146.6,1688,3435,3022,2834,67.1,-10.3,57,615,0.00,2.08,0.00,0.000,3078,0.000,0.018,2505,2031,2945,3051,2840,0,0,0,0,0,0,28.83,25.58,28.83
$GC,645,-0.35,-146.6,2505,2030,3051,2839,71.0,-9.8,61,646,0.00,0.00,0.00,0.000,2054,0.000,0.000,2505,2030,2945,3051,2839,0,0,0,0,0,0,28.83,28.83,28.83
$GC,675,-0.35,-146.6,2505,2030,3051,2839,74.1,-10.1,64,676,0.00,0.00,0.00,0.000,2054,0.000,0.000,2505,2030,2945,3051,2839,0,0,0,0,0,0,28.83,28.83,28.83
$GC,708,-0.35,-146.6,2504,2030,3051,2839,76.9,-9.7,67,714,0.00,0.00,0.00,0.000,2054,0.000,0.000,2504,2029,2944,3050,2839,0,0,0,0,0,0,28.83,28.83,28.83
$GC,746,-0.35,-146.6,2504,2030,3051,2839,80.8,-9.5,71,748,0.00,0.00,0.00,0.000,2054,0.000,0.000,2505,2030,2945,3051,2839,0,0,0,0,0,0,28.83,28.83,28.83
$GC,775,-0.35,-146.6,2505,2030,3051,2839,83.6,-9.4,74,777,0.00,0.00,0.00,0.000,2054,0.000,0.000,2505,2030,2944,3050,2839,0,0,0,0,0,0,28.83,28.83,28.83
$GC,805,-0.35,-146.6,2505,2030,3051,2839,86.3,-9.0,77,814,0.00,2.15,0.00,0.000,2308,0.000,0.040,2505,3440,2945,3051,2839,0,0,0,0,0,0,28.83,26.08,28.83
$GC,837,-0.35,-146.6,2504,3439,3051,2839,89.1,-8.5,80,841,0.00,2.05,0.00,0.000,3078,0.000,0.021,2505,2026,2945,3051,2839,0,0,0,0,0,0,28.83,26.11,28.83
$GC,879,-0.35,-146.6,2505,2023,3051,2839,92.4,-8.1,84,880,0.00,0.00,0.00,0.000,2054,0.000,0.000,2505,2022,2945,3051,2839,0,0,0,0,0,0,28.83,28.83,28.83
$GC,911,-0.35,-146.6,2504,2023,3051,2839,94.8,-8.1,87,918,0.00,0.00,0.00,0.000,2054,0.000,0.000,2505,2022,2945,3051,2839,0,0,0,0,0,0,28.83,28.83,28.83
$GC,949,-0.35,-146.6,2505,2022,3051,2839,98.0,-8.2,91,951,0.00,0.00,0.00,0.000,2054,0.000,0.000,2505,2022,2945,3051,2839,0,0,0,0,0,0,28.83,28.83,28.83
$STATE,978,end dive,TARGET_DEPTH_EXCEEDED
$STATE,978,begin apogee
$GC,983,-0.27,0.0,2504,2022,3051,2839,100.5,-8.0,94,1113,0.10,0.00,124.65,0.513,10246,0.151,0.000,2539,2022,2349,2439,2260,0,0,0,0,0,0,26.18,28.83,24.01
$STATE,1115,end apogee,CONTROL_FINISHED_OK
$STATE,1116,begin climb
$GC,1117,0.72,146.6,2539,2022,2438,2260,107.2,0.0,107,1240,0.98,0.00,117.20,0.502,10758,0.114,0.000,2847,2022,1766,1879,1653,0,0,0,0,0,0,25.13,28.83,24.04
$GC,1270,0.72,146.6,2846,2022,1874,1650,96.5,9.1,123,1271,0.00,0.00,0.00,0.000,2054,0.000,0.000,2847,2022,1762,1875,1650,0,0,0,0,0,0,28.83,28.83,28.83
$GC,1299,0.72,146.6,2846,2022,1873,1649,93.7,9.2,126,1309,0.00,2.20,0.00,0.000,2308,0.000,0.036,2847,3444,1760,1873,1648,0,0,0,0,0,0,28.83,25.65,28.83
$GC,1334,0.72,146.6,1984,3442,1835,1643,90.5,9.5,129,1342,0.00,2.12,0.00,0.000,1030,0.000,0.021,2855,2044,1759,1873,1646,0,0,0,0,0,0,28.83,25.84,28.83
$GC,1372,0.72,146.6,2855,2041,1873,1646,86.7,9.5,133,1382,0.00,2.15,0.00,0.000,516,0.000,0.035,2857,631,1759,1872,1646,0,0,0,0,0,0,28.83,25.81,28.83
$GC,1407,0.72,146.6,2856,630,1870,1646,84.0,8.3,136,1414,0.00,2.12,0.00,0.000,1030,0.000,0.023,2856,2037,1757,1869,1646,0,0,0,0,0,0,28.83,25.96,28.83
$GC,1445,0.72,146.6,2857,2037,1869,1646,80.9,8.1,140,1454,0.00,2.12,0.00,0.000,260,0.000,0.035,2857,3431,1757,1869,1646,0,0,0,0,0,0,28.83,25.91,28.83
$GC,1487,0.72,146.6,2857,3430,1869,1646,77.2,8.8,144,1491,0.00,2.08,0.00,0.000,1030,0.000,0.021,2857,2031,1757,1869,1646,0,0,0,0,0,0,28.83,26.05,28.83
$GC,1529,0.72,146.6,2857,2026,1869,1646,73.8,8.0,148,1530,0.00,0.00,0.00,0.000,6,0.000,0.000,2856,2026,1757,1869,1646,0,0,0,0,0,0,28.83,28.83,28.83
$GC,1560,0.78,197.8,2857,2026,1869,1646,71.5,7.6,151,1609,0.05,0.00,40.78,0.487,10246,0.164,0.000,2893,2026,1560,1676,1445,0,0,0,0,0,0,26.30,28.83,24.27
$GC,1640,0.78,197.8,2893,2026,1675,1443,62.7,12.1,159,1649,0.05,2.12,0.00,0.000,4356,0.204,0.033,2882,3424,1558,1675,1442,0,0,0,0,0,0,25.95,25.75,28.83
$GC,1674,0.78,197.8,2000,3422,1643,1438,58.1,13.7,162,1682,0.00,2.12,0.00,0.000,5126,0.000,0.027,2882,2031,1558,1675,1441,0,0,0,0,0,0,28.83,25.75,28.83
$GC,1712,0.78,197.8,2882,2026,1675,1440,52.6,13.8,166,1722,0.00,2.12,0.00,0.000,4612,0.000,0.036,2882,633,1557,1675,1439,0,0,0,0,0,0,28.83,25.85,28.83
$GC,1735,0.78,197.8,2882,633,1674,1439,49.7,12.7,168,1744,0.00,2.08,0.00,0.000,5126,0.000,0.021,2882,2043,1556,1674,1439,0,0,0,0,0,0,28.83,26.00,28.83
$GC,1775,0.78,197.8,2882,2043,1673,1439,44.9,12.3,172,1785,0.00,2.08,0.00,0.000,4356,0.000,0.034,2882,3429,1556,1674,1439,0,0,0,0,0,0,28.83,25.94,28.83
$GC,1818,0.78,197.8,2882,3429,1674,1439,39.4,12.7,176,1827,0.00,2.08,0.00,0.000,5126,0.000,0.021,2882,2018,1556,1674,1439,0,0,0,0,0,0,28.83,26.06,28.83
$GC,1858,0.78,197.8,2882,2015,1674,1439,34.9,11.4,180,1867,0.00,2.10,0.00,0.000,4612,0.000,0.036,2882,632,1556,1674,1439,0,0,0,0,0,0,28.83,25.97,28.83
$GC,1890,0.78,197.8,2882,632,1672,1439,31.5,10.5,183,1899,0.00,2.05,0.00,0.000,5126,0.000,0.023,2882,2037,1554,1671,1438,0,0,0,0,0,0,28.83,26.11,28.83
$GC,1931,0.78,197.8,2882,2037,1672,1439,27.5,10.1,187,1940,0.00,2.08,0.00,0.000,4356,0.000,0.034,2882,3434,1555,1672,1438,0,0,0,0,0,0,28.83,26.03,28.83
$GC,1962,0.78,197.8,2882,3434,1671,1438,24.2,9.8,190,1973,0.00,2.05,0.00,0.000,5126,0.000,0.021,2882,2027,1555,1671,1439,0,0,0,0,0,0,28.83,26.14,28.83
$GC,2002,0.78,197.8,2882,2023,1671,1438,20.2,9.9,194,2015,0.00,2.12,0.00,0.000,4612,0.000,0.037,2882,629,1555,1672,1438,0,0,0,0,0,0,28.83,26.03,28.83
$GC,2031,0.78,197.8,2016,629,1639,1435,17.6,10.1,196,2038,0.00,2.12,0.00,0.000,5126,0.000,0.025,2882,2038,1554,1670,1439,0,0,0,0,0,0,28.83,26.08,28.83
$GC,2068,0.78,197.8,2882,2038,1670,1438,13.4,10.4,200,2077,0.00,2.10,0.00,0.000,4356,0.000,0.034,2882,3432,1554,1670,1438,0,0,0,0,0,0,28.83,26.07,28.83
$GC,2102,0.78,197.8,2882,3432,1670,1438,10.1,10.2,203,2110,0.00,2.10,0.00,0.000,5126,0.000,0.021,2882,2034,1554,1670,1438,0,0,0,0,0,0,28.83,25.27,28.83
$GC,2141,0.78,197.8,2882,2030,1670,1438,6.2,9.7,207,2142,0.00,0.00,0.00,0.000,4102,0.000,0.000,2882,2030,1553,1669,1438,0,0,0,0,0,0,28.83,28.83,28.83
$GC,2171,0.78,197.8,2882,2029,1670,1438,3.4,9.4,210,2181,0.00,2.12,0.00,0.000,4356,0.000,0.034,2882,3431,1554,1670,1438,0,0,0,0,0,0,28.83,26.10,28.83
$STATE,2184,end climb,SURFACE_DEPTH_REACHED
$STATE,2184,begin surface coast
$FINISH,-1.3,1.022028
$STATE,2213,end surface coast,CONTROL_FINISHED_OK
$STATE,2214,begin surface
$SM_CCo,2231,208.48,0.428,1,0,464,473.51
$SM_GC,-5.88,7.35,2.12,208.48,0.061,0.020,0.428,233,2016,464,-7.38,1.36,473.51,0,0,0,0,1,0,26.17,26.22,24.16
$IRIDIUM_FIX,4732.49,-12223.11,260608,040446
$TT8_MAMPS,0.027713,0.027713
$HUMID,42.47
$INTERNAL_PRESSURE,8.15502
$TCM_TEMP,17.70
$XPDR_PINGS,102
$ALTIM_TOP_PING,19.3,999.0
$24V_AH,24.0,55.019
$10V_AH,9.9,26.698
$FG_AHR_24Vo,0.000
$FG_AHR_10Vo,0.000
$DEVICES,Pitch_motor,Roll_motor,VBD_pump_during_apogee,VBD_pump_during_surface,VBD_valve,Iridium_during_init,Iridium_during_connect,Iridium_during_xfer,Transponder_ping,GUMSTIX_24V,GPS,TT8,LPSleep,TT8_Active,TT8_Sampling,TT8_CF8,TT8_Kalman,Analog_circuits,GPS_charging,Compass,RAFOS,Transponder,Compass2
$DEVICE_SECS,17.900,67.250,282.625,208.475,0.000,27.576,17.204,180.492,28.000,0.000,14.475,602.220,608.966,627.622,816.852,144.704,0.000,1071.276,0.000,575.372,0.000,16.326,0.000
$DEVICE_MAMPS,224.145,39.780,512.550,427.635,0.000,43.600,160.000,223.000,420.000,0.000,28.460,13.960,2.190,13.960,37.930,44.670,0.000,16.000,0.000,15.730,0.000,30.000,0.000
$SENSORS,SBE_CT,AA4330,WL_BB2FLVMG,nil,nil,nil,nil,nil,nil,nil
$SENSOR_SECS,140.862,280.246,368.599,0.000,0.000,0.000,0.000,0.000,0.000,0.000
$SENSOR_MAMPS,23.220,33.000,105.000,0.000,0.000,0.000,0.000,0.000,0.000,0.000
$MEM,323636
$DATA_FILE_SIZE,16996,214
$CAP_FILE_SIZE,70088,0
$CFSIZE,260165632,240943104
$ERRORS,0,0,0,0,0,0,0,0,0,0,0,0,0,1,0,0
$CURRENT,0.017,313.0,1
$GPS,050626,205246,4751.441,-12223.369,7,1.7,12,18.2
