version: 66.11
glider: 175
mission: 11
dive: 388
start: 6 5 126 22 34 20
data:
$ID,175
$MISSION,11
$DIVE,388
$N_DIVES,0
$D_SURF,3
$D_FLARE,3
$D_TGT,150
$D_ABORT,1090
$D_NO_BLEED,50
$D_BOOST,3
$T_BOOST,0
$D_FINISH,0
$D_PITCH,0
$D_SAFE,0
$D_CALL,0
$SURFACE_URGENCY,0
$SURFACE_URGENCY_TRY,0
$SURFACE_URGENCY_FORCE,0
$T_DIVE,50
$T_MISSION,75
$T_ABORT,1440
$T_TURN,300
$T_TURN_SAMPINT,5
$T_NO_W,120
$T_LOITER,0
$T_EPIRB,0
$USE_BATHY,-4
$USE_ICE,0
$ICE_FREEZE_MARGIN,0.30000001
$D_OFFGRID,100
$T_WATCHDOG,10
$RELAUNCH,1
$APOGEE_PITCH,-8
$MAX_BUOY,150
$COURSE_BIAS,0
$GLIDE_SLOPE,30
$SPEED_FACTOR,1
$RHO,1.0235
$MASS,51878
$MASS_COMP,0
$NAV_MODE,2
$FERRY_MAX,45
$KALMAN_USE,2
$HD_A,0.0024900001
$HD_B,0.0091000004
$HD_C,5.7000002e-06
$HEADING,-1
$ESCAPE_HEADING,0
$ESCAPE_HEADING_DELTA,10
$FIX_MISSING_TIMEOUT,0
$TGT_DEFAULT_LAT,47.766998
$TGT_DEFAULT_LON,-122.413
$TGT_AUTO_DEFAULT,0
$SM_CC,473.51199
$N_FILEKB,4
$FILEMGR,0
$CALL_NDIVES,1
$COMM_SEQ,0
$PROTOCOL,1
$N_NOCOMM,1
$NOCOMM_ACTION,0
$N_NOSURFACE,0
$UPLOAD_DIVES_MAX,-1
$CALL_TRIES,5
$CALL_WAIT,60
$CAPUPLOAD,1
$CAPMAXSIZE,200000
$HEAPDBG,0
$T_GPS,15
$N_GPS,30
$T_GPS_ALMANAC,0
$T_GPS_CHARGE,-39370.082
$T_RSLEEP,2
$STROBE,0
$RAFOS_PEAK_OFFSET,1.5
$RAFOS_CORR_THRESH,60
$RAFOS_HIT_WINDOW,3600
$PITCH_MIN,255
$PITCH_MAX,3935
$C_PITCH,2626
$PITCH_DBAND,0.0099999998
$PITCH_CNV,0.003125763
$P_OVSHOOT,0.039999999
$PITCH_GAIN,30
$PITCH_TIMEOUT,17
$PITCH_AD_RATE,160
$PITCH_MAXERRORS,1
$PITCH_ADJ_GAIN,0.02
$PITCH_ADJ_DBAND,2.5
$ROLL_MIN,171
$ROLL_MAX,3723
$ROLL_DEG,40
$C_ROLL_DIVE,2030
$C_ROLL_CLIMB,2030
$HEAD_ERRBAND,10
$ROLL_CNV,0.028270001
$ROLL_TIMEOUT,15
$R_PORT_OVSHOOT,55
$R_STBD_OVSHOOT,48
$ROLL_AD_RATE,300
$ROLL_MAXERRORS,2
$ROLL_ADJ_GAIN,0
$ROLL_ADJ_DBAND,0
$VBD_MIN,465
$VBD_MAX,3960
$C_VBD,2350
$VBD_DBAND,2
$VBD_CNV,-0.25119999
$VBD_TIMEOUT,720
$PITCH_VBD_SHIFT,0.0012300001
$VBD_PUMP_AD_RATE_SURFACE,5
$VBD_PUMP_AD_RATE_APOGEE,4
$VBD_BLEED_AD_RATE,8
$UNCOM_BLEED,60
$VBD_MAXERRORS,1
$W_ADJ_DBAND,2
$DBDW,0
$PITCH_W_GAIN,0
$PITCH_W_DBAND,1
$CF8_MAXERRORS,5
$AH0_24V,145
$AH0_10V,95
$MINV_24V,19
$MINV_10V,8
$FG_AHR_10V,0
$FG_AHR_24V,0
$PHONE_SUPPLY,2
$PRESSURE_YINT,-13.51214
$PRESSURE_SLOPE,0.0001165895
$AD7714Ch0Gain,128
$TCM_PITCH_OFFSET,0
$TCM_ROLL_OFFSET,0
$COMPASS_USE,4
$ALTIM_BOTTOM_PING_RANGE,0
$ALTIM_TOP_PING_RANGE,20
$ALTIM_BOTTOM_TURN_MARGIN,25
$ALTIM_TOP_TURN_MARGIN,0
$ALTIM_TOP_MIN_OBSTACLE,1
$ALTIM_PING_DEPTH,60
$ALTIM_PING_DELTA,5
$ALTIM_FREQUENCY,13
$ALTIM_PULSE,3
$ALTIM_SENSITIVITY,4
$XPDR_VALID,5
$XPDR_INHIBIT,90
$INT_PRESSURE_SLOPE,0.0097660003
$INT_PRESSURE_YINT,-0.40000001
$DEEPGLIDER,0
$DEEPGLIDERMB,0
$MOTHERBOARD,4
$DEVICE1,2
$DEVICE2,101
$DEVICE3,38
$DEVICE4,-1
$DEVICE5,-1
$DEVICE6,-1
$LOGGERS,7
$LOGGERDEVICE1,-1
$LOGGERDEVICE2,-1
$LOGGERDEVICE3,-1
$LOGGERDEVICE4,-1
$COMPASS_DEVICE,33
$COMPASS2_DEVICE,-1
$PHONE_DEVICE,49
$GPS_DEVICE,32
$RAFOS_DEVICE,-1
$XPDR_DEVICE,24
$SIM_W,0
$SIM_PITCH,0
$SEABIRD_T_G,0.0043137739
$SEABIRD_T_H,0.00062868668
$SEABIRD_T_I,2.2691316e-05
$SEABIRD_T_J,2.2586789e-06
$SEABIRD_C_G,-10.021329
$SEABIRD_C_H,1.1236943
$SEABIRD_C_I,-0.0013673168
$SEABIRD_C_J,0.00018808816
$GPS1,050626,222803,4751.527,-12224.021,7,1.2,35,18.2
$_CALLS,1
$_XMS_NAKs,0
$_XMS_TOUTs,0
$_SM_DEPTHo,-5.86
$_SM_ANGLEo,-60.3
$GPS2,050626,223352,4751.589,-12223.934,10,1.8,10,18.2
$SPEED_LIMITS,0.173,0.272
$TGT_NAME,WEST_175
$TGT_LATLONG,4751.410,-12224.870
$TGT_RADIUS,200.000
$KALMAN_CONTROL,0.079,0.297
$KALMAN_X,-30076.6,-183.3,-72.9,29774.7,-185.0
$KALMAN_Y,25757.5,-625.9,-357.4,-36445.5,446.9
$MHEAD_RNG_PITCHd_Wd,227.6,1210,-16.2,-10.000,-20.17,2231
$D_GRID,100
$GCHEAD,st_secs,pitch_ctl,vbd_ctl,pitch_ad_start,roll_ad_start,vbd_pot1_ad_start,vbd_pot2_ad_start,depth,ob_vertv,data_pts,end_secs,pitch_secs,roll_secs,vbd_secs,vbd_i,gcphase,pitch_i,roll_i,pitch_ad,roll_ad,vbd_ad,vbd_pot1_ad,vbd_pot2_ad,pitch_retries,pitch_errors,roll_retries,roll_errors,vbd_retries,vbd_errors,pitch_volts,roll_volts,vbd_volts
$STATE,14,end surface,CONTROL_FINISHED_OK
$STATE,14,begin dive
$GC,16,-0.72,-146.6,232,2022,479,431,0.0,0.0,0,107,0.00,0.00,-88.57,0.000,16390,0.000,0.000,232,2022,2935,3019,2852,0,0,0,0,0,0,28.83,28.83,26.44
$GC,110,-0.72,-146.6,232,2022,3020,2853,-2.8,-6.5,9,130,8.90,2.15,0.00,0.000,2564,0.224,0.034,2393,628,2941,3030,2853,0,0,0,0,0,0,24.79,25.89,28.83
$GC,227,-0.55,-146.6,1560,625,3005,2843,25.1,-17.9,20,235,0.22,2.10,0.00,0.000,3078,0.153,0.028,2443,2027,2943,3039,2848,0,0,0,0,0,0,25.53,26.03,28.83
$GC,264,-0.42,-146.6,2442,2026,3041,2846,32.1,-17.4,24,266,0.17,0.00,0.00,0.000,2054,0.144,0.000,2492,2027,2944,3042,2846,0,0,0,0,0,0,25.79,28.83,28.83
$GC,295,-0.42,-146.6,2492,2027,3043,2846,35.9,-13.8,27,303,0.00,2.10,0.00,0.000,260,0.000,0.040,2490,3425,2944,3044,2845,0,0,0,0,0,0,28.83,25.96,28.83
$GC,326,-0.42,-146.6,2490,3425,3045,2846,39.5,-11.2,30,336,0.00,2.03,0.00,0.000,1030,0.000,0.018,2490,2008,2945,3045,2845,0,0,0,0,0,0,28.83,26.19,28.83
$GC,366,-0.42,-146.6,2490,2008,3045,2845,43.7,-10.4,34,376,0.00,2.03,0.00,0.000,516,0.000,0.031,2490,652,2945,3046,2844,0,0,0,0,0,0,28.83,26.08,28.83
$GC,399,-0.42,-146.6,2490,652,3046,2844,47.7,-11.7,37,408,0.00,2.05,0.00,0.000,1030,0.000,0.026,2490,2039,2945,3046,2844,0,0,0,0,0,0,28.83,26.12,28.83
$GC,439,-0.42,-146.6,2490,2040,3045,2844,52.2,-11.2,41,440,0.00,0.00,0.00,0.000,6,0.000,0.000,2490,2040,2945,3046,2844,0,0,0,0,0,0,28.83,28.83,28.83
$GC,469,-0.42,-146.6,2490,2039,3046,2844,55.3,-10.7,44,478,0.00,2.10,0.00,0.000,260,0.000,0.040,2490,3438,2945,3046,2844,0,0,0,0,0,0,28.83,26.03,28.83
$GC,502,-0.42,-146.6,2490,3438,3046,2844,58.6,-10.3,47,511,0.00,2.00,0.00,0.000,1030,0.000,0.018,2490,2024,2945,3046,2844,0,0,0,0,0,0,28.83,26.26,28.83
$GC,543,-0.42,-146.6,2490,2024,3046,2843,63.1,-11.1,51,550,0.00,0.00,0.00,0.000,6,0.000,0.000,2490,2024,2944,3046,2843,0,0,0,0,0,0,28.83,28.83,28.83
$GC,582,-0.42,-146.6,2490,2024,3046,2844,67.3,-10.4,55,583,0.00,0.00,0.00,0.000,6,0.000,0.000,2490,2024,2944,3046,2843,0,0,0,0,0,0,28.83,28.83,28.83
$GC,613,-0.42,-146.6,2490,2024,3046,2843,70.1,-9.7,58,620,0.00,0.00,0.00,0.000,6,0.000,0.000,2490,2024,2945,3046,2844,0,0,0,0,0,0,28.83,28.83,28.83
$GC,651,-0.42,-146.6,2490,2024,3047,2843,74.2,-10.1,62,662,0.00,2.15,0.00,0.000,260,0.000,0.040,2490,3439,2945,3046,2844,0,0,0,0,0,0,28.83,26.05,28.83
$GC,719,-0.42,-146.6,1664,3438,3015,2838,81.4,-11.0,68,725,0.00,2.05,0.00,0.000,1030,0.000,0.020,2490,2025,2944,3046,2843,0,0,0,0,0,0,28.83,26.26,28.83
$GC,757,-0.42,-146.6,2490,2022,3046,2843,85.6,-10.6,72,758,0.00,0.00,0.00,0.000,6,0.000,0.000,2490,2022,2944,3046,2843,0,0,0,0,0,0,28.83,28.83,28.83
$GC,787,-0.42,-146.6,2490,2022,3046,2843,88.7,-10.5,75,788,0.00,0.00,0.00,0.000,6,0.000,0.000,2490,2023,2944,3046,2843,0,0,0,0,0,0,28.83,28.83,28.83
$GC,816,-0.42,-146.6,2490,2023,3046,2843,91.8,-10.2,78,817,0.00,0.00,0.00,0.000,6,0.000,0.000,2490,2022,2945,3047,2843,0,0,0,0,0,0,28.83,28.83,28.83
$GC,846,-0.42,-146.6,2490,2023,3047,2843,94.8,-10.1,81,847,0.00,0.00,0.00,0.000,6,0.000,0.000,2490,2022,2944,3046,2843,0,0,0,0,0,0,28.83,28.83,28.83
$GC,877,-0.42,-146.6,2490,2022,3046,2843,97.8,-10.3,84,886,0.00,2.12,0.00,0.000,260,0.000,0.040,2490,3438,2944,3045,2843,0,0,0,0,0,0,28.83,26.08,28.83
$STATE,899,end dive,TARGET_DEPTH_EXCEEDED
$STATE,899,begin apogee
$GC,906,-0.27,0.0,2490,2029,3046,2843,100.4,-10.4,86,1039,0.12,0.00,124.55,0.516,10246,0.142,0.000,2533,2026,2350,2440,2261,0,0,0,0,0,0,26.10,28.83,23.99
$STATE,1042,end apogee,CONTROL_FINISHED_OK
$STATE,1042,begin climb
$GC,1044,0.72,146.6,2532,2026,2439,2260,110.4,0.0,100,1170,1.00,2.28,118.38,0.508,10500,0.115,0.034,2848,3436,1765,1880,1651,0,0,0,0,0,0,25.13,25.33,24.01
$GC,1186,0.78,193.8,1936,3434,1837,1644,103.0,7.8,114,1235,0.05,2.10,37.67,0.487,11270,0.155,0.019,2887,2028,1576,1693,1460,0,0,0,0,0,0,25.51,25.58,24.08
$GC,1264,0.78,193.8,2886,2028,1692,1458,93.8,11.5,122,1273,0.00,2.15,0.00,0.000,4356,0.000,0.034,2886,3433,1574,1692,1457,0,0,0,0,0,0,28.83,25.60,28.83
$GC,1298,0.78,193.8,2048,3432,1659,1453,89.2,13.6,125,1307,0.05,2.12,0.00,0.000,5126,0.154,0.025,2879,2037,1574,1692,1456,0,0,0,0,0,0,25.53,25.75,28.83
$GC,1337,0.78,193.8,2879,2032,1692,1454,84.0,13.0,129,1347,0.00,2.12,0.00,0.000,4612,0.000,0.034,2882,642,1572,1691,1454,0,0,0,0,0,0,28.83,25.78,28.83
$GC,1362,0.78,193.8,2882,642,1688,1454,81.1,12.4,131,1370,0.00,2.12,0.00,0.000,5126,0.000,0.023,2882,2042,1570,1687,1454,0,0,0,0,0,0,28.83,25.92,28.83
$GC,1400,0.78,193.8,2882,2043,1688,1454,76.3,12.0,135,1409,0.00,2.10,0.00,0.000,4356,0.000,0.034,2882,3442,1571,1688,1454,0,0,0,0,0,0,28.83,25.89,28.83
$GC,1472,0.78,193.8,2882,3442,1687,1454,66.9,13.5,142,1483,0.00,2.08,0.00,0.000,5126,0.000,0.021,2882,2023,1570,1687,1454,0,0,0,0,0,0,28.83,26.05,28.83
$GC,1513,0.78,193.8,2882,2020,1687,1454,62.1,12.0,146,1514,0.00,0.00,0.00,0.000,4102,0.000,0.000,2882,2020,1570,1687,1454,0,0,0,0,0,0,28.83,28.83,28.83
$GC,1542,0.78,193.8,2883,2019,1687,1454,58.5,11.8,149,1544,0.00,0.00,0.00,0.000,4102,0.000,0.000,2882,2019,1570,1687,1454,0,0,0,0,0,0,28.83,28.83,28.83
$GC,1572,0.78,193.8,2882,2020,1688,1454,55.3,10.6,152,1574,0.00,0.00,0.00,0.000,4102,0.000,0.000,2882,2020,1570,1687,1454,0,0,0,0,0,0,28.83,28.83,28.83
$GC,1603,0.78,193.8,2882,2019,1687,1454,52.1,10.5,155,1604,0.00,0.00,0.00,0.000,4102,0.000,0.000,2882,2019,1570,1687,1454,0,0,0,0,0,0,28.83,28.83,28.83
$GC,1633,0.78,193.8,2882,2019,1687,1453,48.9,10.8,158,1643,0.00,2.15,0.00,0.000,4356,0.000,0.036,2882,3438,1570,1687,1453,0,0,0,0,0,0,28.83,26.03,28.83
$GC,1665,0.78,193.8,2882,3438,1687,1453,44.8,11.9,161,1674,0.00,2.05,0.00,0.000,5126,0.000,0.021,2882,2029,1570,1687,1453,0,0,0,0,0,0,28.83,26.15,28.83
$GC,1706,0.78,193.8,2882,2025,1687,1453,40.4,11.1,165,1707,0.00,0.00,0.00,0.000,4102,0.000,0.000,2882,2025,1570,1687,1453,0,0,0,0,0,0,28.83,28.83,28.83
$GC,1736,0.78,193.8,2882,2025,1687,1453,37.2,10.6,168,1737,0.00,0.00,0.00,0.000,4102,0.000,0.000,2882,2025,1570,1687,1453,0,0,0,0,0,0,28.83,28.83,28.83
$GC,1766,0.78,193.8,2882,2025,1687,1453,34.1,10.4,171,1775,0.00,2.12,0.00,0.000,4356,0.000,0.035,2882,3431,1570,1687,1453,0,0,0,0,0,0,28.83,26.08,28.83
$GC,1811,0.78,193.8,2882,3431,1687,1453,28.9,12.2,175,1818,0.00,2.10,0.00,0.000,5126,0.000,0.021,2882,2028,1570,1687,1453,0,0,0,0,0,0,28.83,26.21,28.83
$GC,1849,0.78,193.8,2882,2024,1687,1453,23.8,12.7,179,1850,0.00,0.00,0.00,0.000,4102,0.000,0.000,2882,2024,1570,1687,1453,0,0,0,0,0,0,28.83,28.83,28.83
$GC,1879,0.78,193.8,2882,2023,1687,1452,20.4,11.2,182,1880,0.00,0.00,0.00,0.000,4102,0.000,0.000,2882,2024,1570,1688,1452,0,0,0,0,0,0,28.83,28.83,28.83
$GC,1910,0.78,193.8,2882,2024,1687,1453,17.6,9.8,185,1917,0.00,0.00,0.00,0.000,4102,0.000,0.000,2882,2023,1570,1687,1453,0,0,0,0,0,0,28.83,28.83,28.83
$GC,1949,0.78,193.8,2882,2024,1687,1452,13.7,9.4,189,1958,0.00,2.15,0.00,0.000,4356,0.000,0.036,2882,3436,1569,1687,1452,0,0,0,0,0,0,28.83,26.10,28.83
$GC,2002,0.78,193.8,2882,3436,1687,1452,7.9,11.9,194,2012,0.00,2.03,0.00,0.000,5126,0.000,0.021,2882,2035,1569,1687,1452,0,0,0,0,0,0,28.83,26.25,28.83
$GC,2041,0.78,193.8,2882,2030,1687,1452,3.7,10.6,198,2051,0.00,2.12,0.00,0.000,4612,0.000,0.036,2882,632,1570,1688,1452,0,0,0,0,0,0,28.83,26.11,28.83
$STATE,2054,end climb,SURFACE_DEPTH_REACHED
$STATE,2054,begin surface coast
$FINISH,0.7,1.022109
$STATE,2075,end surface coast,CONTROL_FINISHED_OK
$STATE,2076,begin surface
$SM_CCo,2093,211.20,0.431,1,0,464,473.51
$SM_GC,-5.85,7.30,2.12,211.20,0.060,0.022,0.431,241,2048,464,-7.37,-1.02,473.51,0,0,0,0,1,0,26.19,26.25,24.13
$IRIDIUM_FIX,4732.49,-12231.96,260608,070729
$TT8_MAMPS,0.027713,0.027713
$HUMID,42.67
$INTERNAL_PRESSURE,8.14525
$TCM_TEMP,19.70
$XPDR_PINGS,100
$ALTIM_TOP_PING,19.5,25.4
$24V_AH,24.0,55.265
$10V_AH,9.9,26.810
$FG_AHR_24Vo,0.000
$FG_AHR_10Vo,0.000
$DEVICES,Pitch_motor,Roll_motor,VBD_pump_during_apogee,VBD_pump_during_surface,VBD_valve,Iridium_during_init,Iridium_during_connect,Iridium_during_xfer,Transponder_ping,GUMSTIX_24V,GPS,TT8,LPSleep,TT8_Active,TT8_Sampling,TT8_CF8,TT8_Kalman,Analog_circuits,GPS_charging,Compass,RAFOS,Transponder,Compass2
$DEVICE_SECS,17.825,58.875,280.600,211.200,0.000,27.545,18.581,195.137,27.500,0.000,13.014,560.298,568.504,625.996,789.171,133.523,0.000,1031.570,0.000,532.217,0.000,16.390,0.000
$DEVICE_MAMPS,224.145,39.780,516.375,431.460,0.000,43.600,160.000,223.000,420.000,0.000,28.460,13.960,2.190,13.960,37.930,44.670,0.000,16.000,0.000,15.730,0.000,30.000,0.000
$SENSORS,SBE_CT,AA4330,WL_BB2FLVMG,nil,nil,nil,nil,nil,nil,nil
$SENSOR_SECS,132.320,263.191,346.377,0.000,0.000,0.000,0.000,0.000,0.000,0.000
$SENSOR_MAMPS,23.220,33.000,105.000,0.000,0.000,0.000,0.000,0.000,0.000,0.000
$MEM,323372
$DATA_FILE_SIZE,13696,201
$CAP_FILE_SIZE,65310,0
$CFSIZE,260165632,240844800
$ERRORS,0,0,0,0,0,0,0,0,0,0,0,0,0,1,0,0
$CURRENT,0.104, 51.7,1
$GPS,050626,231341,4751.542,-12224.172,11,1.6,11,18.2
