version: 66.11
glider: 175
mission: 11
dive: 178
start: 5 28 126 13 45 1
data:
$ID,175
$MISSION,11
$DIVE,178
$N_DIVES,0
$D_SURF,3
$D_FLARE,3
$D_TGT,300
$D_ABORT,1090
$D_NO_BLEED,50
$D_BOOST,3
$T_BOOST,0
$D_FINISH,0
$D_PITCH,0
$D_SAFE,0
$D_CALL,0
$SURFACE_URGENCY,0
$SURFACE_URGENCY_TRY,0
$SURFACE_URGENCY_FORCE,0
$T_DIVE,65
$T_MISSION,100
$T_ABORT,1440
$T_TURN,300
$T_TURN_SAMPINT,5
$T_NO_W,120
$T_LOITER,0
$T_EPIRB,0
$USE_BATHY,0
$USE_ICE,0
$ICE_FREEZE_MARGIN,0.30000001
$D_OFFGRID,100
$T_WATCHDOG,10
$RELAUNCH,1
$APOGEE_PITCH,-8
$MAX_BUOY,150
$COURSE_BIAS,0
$GLIDE_SLOPE,30
$SPEED_FACTOR,1
$RHO,1.0235
$MASS,51878
$MASS_COMP,0
$NAV_MODE,2
$FERRY_MAX,45
$KALMAN_USE,2
$HD_A,0.0024900001
$HD_B,0.0091000004
$HD_C,5.7000002e-06
$HEADING,-1
$ESCAPE_HEADING,0
$ESCAPE_HEADING_DELTA,10
$FIX_MISSING_TIMEOUT,0
$TGT_DEFAULT_LAT,47.766998
$TGT_DEFAULT_LON,-122.413
$TGT_AUTO_DEFAULT,0
$SM_CC,423.31998
$N_FILEKB,4
$FILEMGR,0
$CALL_NDIVES,1
$COMM_SEQ,0
$PROTOCOL,9
$N_NOCOMM,1
$NOCOMM_ACTION,0
$N_NOSURFACE,0
$UPLOAD_DIVES_MAX,-1
$CALL_TRIES,5
$CALL_WAIT,60
$CAPUPLOAD,1
$CAPMAXSIZE,200000
$HEAPDBG,0
$T_GPS,15
$N_GPS,30
$T_GPS_ALMANAC,0
$T_GPS_CHARGE,-38876.621
$T_RSLEEP,2
$STROBE,0
$RAFOS_PEAK_OFFSET,1.5
$RAFOS_CORR_THRESH,60
$RAFOS_HIT_WINDOW,3600
$PITCH_MIN,255
$PITCH_MAX,3935
$C_PITCH,2626
$PITCH_DBAND,0.0099999998
$PITCH_CNV,0.003125763
$P_OVSHOOT,0.039999999
$PITCH_GAIN,30
$PITCH_TIMEOUT,17
$PITCH_AD_RATE,160
$PITCH_MAXERRORS,1
$PITCH_ADJ_GAIN,0.02
$PITCH_ADJ_DBAND,2.5
$ROLL_MIN,171
$ROLL_MAX,3723
$ROLL_DEG,40
$C_ROLL_DIVE,2030
$C_ROLL_CLIMB,2030
$HEAD_ERRBAND,10
$ROLL_CNV,0.028270001
$ROLL_TIMEOUT,15
$R_PORT_OVSHOOT,60
$R_STBD_OVSHOOT,47
$ROLL_AD_RATE,300
$ROLL_MAXERRORS,2
$ROLL_ADJ_GAIN,0
$ROLL_ADJ_DBAND,0
$VBD_MIN,465
$VBD_MAX,3960
$C_VBD,2350
$VBD_DBAND,2
$VBD_CNV,-0.25119999
$VBD_TIMEOUT,720
$PITCH_VBD_SHIFT,0.0012300001
$VBD_PUMP_AD_RATE_SURFACE,5
$VBD_PUMP_AD_RATE_APOGEE,4
$VBD_BLEED_AD_RATE,8
$UNCOM_BLEED,60
$VBD_MAXERRORS,1
$W_ADJ_DBAND,2
$DBDW,0
$PITCH_W_GAIN,0
$PITCH_W_DBAND,1
$CF8_MAXERRORS,5
$AH0_24V,145
$AH0_10V,95
$MINV_24V,19
$MINV_10V,8
$FG_AHR_10V,0
$FG_AHR_24V,0
$PHONE_SUPPLY,2
$PRESSURE_YINT,-13.51214
$PRESSURE_SLOPE,0.0001165895
$AD7714Ch0Gain,128
$TCM_PITCH_OFFSET,0
$TCM_ROLL_OFFSET,0
$COMPASS_USE,4
$ALTIM_BOTTOM_PING_RANGE,0
$ALTIM_TOP_PING_RANGE,20
$ALTIM_BOTTOM_TURN_MARGIN,25
$ALTIM_TOP_TURN_MARGIN,0
$ALTIM_TOP_MIN_OBSTACLE,1
$ALTIM_PING_DEPTH,60
$ALTIM_PING_DELTA,5
$ALTIM_FREQUENCY,13
$ALTIM_PULSE,3
$ALTIM_SENSITIVITY,3
$XPDR_VALID,5
$XPDR_INHIBIT,90
$INT_PRESSURE_SLOPE,0.0097660003
$INT_PRESSURE_YINT,-0.40000001
$DEEPGLIDER,0
$DEEPGLIDERMB,0
$MOTHERBOARD,4
$DEVICE1,2
$DEVICE2,101
$DEVICE3,38
$DEVICE4,-1
$DEVICE5,-1
$DEVICE6,-1
$LOGGERS,7
$LOGGERDEVICE1,-1
$LOGGERDEVICE2,-1
$LOGGERDEVICE3,-1
$LOGGERDEVICE4,-1
$COMPASS_DEVICE,33
$COMPASS2_DEVICE,-1
$PHONE_DEVICE,49
$GPS_DEVICE,32
$RAFOS_DEVICE,-1
$XPDR_DEVICE,24
$SIM_W,0
$SIM_PITCH,0
$SEABIRD_T_G,0.0043137739
$SEABIRD_T_H,0.00062868668
$SEABIRD_T_I,2.2691316e-05
$SEABIRD_T_J,2.2586789e-06
$SEABIRD_C_G,-10.021329
$SEABIRD_C_H,1.1236943
$SEABIRD_C_I,-0.0013673168
$SEABIRD_C_J,0.00018808816
$GPS1,280526,133928,4748.037,-12225.067,8,2.1,38,18.2
$_CALLS,1
$_XMS_NAKs,0
$_XMS_TOUTs,0
$_SM_DEPTHo,-6.29
$_SM_ANGLEo,-71.3
$GPS2,280526,134435,4748.122,-12225.049,14,1.0,14,18.2
$SPEED_LIMITS,0.266,0.310
$TGT_NAME,MIDE_175
$TGT_LATLONG,4746.000,-12224.800
$TGT_RADIUS,300.000
$KALMAN_CONTROL,-0.308,-0.036
$KALMAN_X,-26399.6,2731.3,-3312.9,27789.1,960.1
$KALMAN_Y,21105.2,-3854.7,5287.3,-26076.4,2417.0
$MHEAD_RNG_PITCHd_Wd,165.8,3941,-23.7,-15.385,-26.38,1456
$D_GRID,300
$GCHEAD,st_secs,pitch_ctl,vbd_ctl,pitch_ad_start,roll_ad_start,vbd_pot1_ad_start,vbd_pot2_ad_start,depth,ob_vertv,data_pts,end_secs,pitch_secs,roll_secs,vbd_secs,vbd_i,gcphase,pitch_i,roll_i,pitch_ad,roll_ad,vbd_ad,vbd_pot1_ad,vbd_pot2_ad,pitch_retries,pitch_errors,roll_retries,roll_errors,vbd_retries,vbd_errors,pitch_volts,roll_volts,vbd_volts
$STATE,14,end surface,CONTROL_FINISHED_OK
$STATE,14,begin dive
$GC,16,-0.97,-146.6,242,2027,700,610,0.0,0.0,0,102,0.00,0.00,-83.20,0.000,16390,0.000,0.000,238,2027,2935,3020,2850,0,0,0,0,0,0,28.83,28.83,26.41
$GC,105,-0.97,-146.6,242,2028,3021,2851,-3.7,-5.0,8,118,8.35,2.15,0.00,0.000,2564,0.221,0.040,2317,642,2941,3025,2858,0,0,0,0,0,0,25.07,25.93,28.83
$GC,356,-0.79,-146.6,2317,642,3038,2846,64.8,-25.3,32,364,0.17,2.12,0.00,0.000,3078,0.165,0.033,2368,2020,2941,3039,2844,0,0,0,0,0,0,25.54,26.09,28.83
$GC,394,-0.65,-146.6,2368,2020,3041,2844,74.3,-23.6,36,396,0.17,0.00,0.00,0.000,2054,0.163,0.000,2414,2020,2942,3041,2844,0,0,0,0,0,0,25.87,28.83,28.83
$GC,424,-0.59,-146.6,2414,2020,3043,2844,79.8,-19.6,39,426,0.08,0.00,0.00,0.000,2054,0.197,0.000,2430,2020,2943,3043,2844,0,0,0,0,0,0,26.24,28.83,28.83
$GC,454,-0.59,-146.6,2430,2020,3044,2843,84.6,-16.3,42,456,0.00,0.00,0.00,0.000,2054,0.000,0.000,2430,2020,2942,3043,2842,0,0,0,0,0,0,28.83,28.83,28.83
$GC,484,-0.59,-146.6,2430,2020,3044,2843,89.1,-15.1,45,485,0.00,0.00,0.00,0.000,2054,0.000,0.000,2430,2020,2943,3044,2843,0,0,0,0,0,0,28.83,28.83,28.83
$GC,514,-0.59,-146.6,2429,2020,3044,2843,94.0,-15.9,48,515,0.00,0.00,0.00,0.000,2054,0.000,0.000,2430,2020,2943,3044,2843,0,0,0,0,0,0,28.83,28.83,28.83
$GC,544,-0.59,-146.6,2430,2020,3045,2843,98.6,-15.6,51,545,0.00,0.00,0.00,0.000,2054,0.000,0.000,2430,2020,2943,3044,2843,0,0,0,0,0,0,28.83,28.83,28.83
$GC,575,-0.59,-146.6,2430,2020,3044,2842,103.4,-15.8,54,584,0.00,2.05,0.00,0.000,2564,0.000,0.030,2431,632,2943,3044,2842,0,0,0,0,0,0,28.83,26.19,28.83
$GC,620,-0.59,-146.6,2431,632,3044,2841,110.8,-17.1,58,628,0.00,2.12,0.00,0.000,3078,0.000,0.030,2427,2031,2942,3044,2841,0,0,0,0,0,0,28.83,26.20,28.83
$STATE,651,end dive,BOTTOM_OBSTACLE_DETECTED
$STATE,651,begin apogee
$GC,655,-0.27,0.0,2427,2032,3045,2841,115.9,-16.3,61,788,0.32,0.00,123.62,0.532,10246,0.140,0.000,2529,2032,2349,2439,2260,0,0,0,0,0,0,25.75,28.83,24.13
$STATE,791,end apogee,CONTROL_FINISHED_OK
$STATE,791,begin climb
$GC,793,0.97,146.6,2529,2032,2438,2259,129.7,0.0,75,919,1.25,0.00,116.85,0.520,10758,0.109,0.000,2928,2031,1765,1876,1655,0,0,0,0,0,0,25.20,28.83,24.15
$GC,948,0.97,146.6,2928,2031,1872,1652,114.8,14.5,91,949,0.00,0.00,0.00,0.000,2054,0.000,0.000,2928,2032,1762,1873,1652,0,0,0,0,0,0,28.83,28.83,28.83
$GC,979,0.97,146.6,2928,2032,1873,1651,110.6,14.1,94,988,0.00,2.15,0.00,0.000,2308,0.000,0.034,2928,3459,1761,1872,1651,0,0,0,0,0,0,28.83,25.69,28.83
$GC,1033,0.97,146.6,2056,3458,1833,1645,102.5,16.1,99,1040,0.00,2.15,0.00,0.000,1030,0.000,0.024,2937,2031,1760,1872,1649,0,0,0,0,0,0,28.83,25.76,28.83
$GC,1071,0.97,146.6,2937,2026,1871,1649,96.4,15.5,103,1072,0.00,0.00,0.00,0.000,6,0.000,0.000,2937,2027,1760,1871,1649,0,0,0,0,0,0,28.83,28.83,28.83
$GC,1101,0.97,146.6,2937,2026,1872,1649,91.7,15.3,106,1102,0.00,0.00,0.00,0.000,6,0.000,0.000,2937,2026,1760,1872,1649,0,0,0,0,0,0,28.83,28.83,28.83
$GC,1131,0.97,146.6,2937,2026,1871,1649,87.1,15.4,109,1132,0.00,0.00,0.00,0.000,6,0.000,0.000,2937,2026,1760,1871,1649,0,0,0,0,0,0,28.83,28.83,28.83
$GC,1161,0.97,146.6,2937,2026,1871,1649,82.6,15.1,112,1162,0.00,0.00,0.00,0.000,6,0.000,0.000,2937,2027,1760,1871,1649,0,0,0,0,0,0,28.83,28.83,28.83
$GC,1191,0.97,146.6,2937,2026,1871,1649,78.1,15.1,115,1192,0.00,0.00,0.00,0.000,6,0.000,0.000,2937,2027,1760,1871,1649,0,0,0,0,0,0,28.83,28.83,28.83
$GC,1221,0.97,146.6,2937,2026,1870,1649,73.5,15.3,118,1222,0.00,0.00,0.00,0.000,6,0.000,0.000,2937,2026,1760,1871,1649,0,0,0,0,0,0,28.83,28.83,28.83
$GC,1251,0.97,146.6,2937,2026,1871,1649,68.8,15.7,121,1252,0.00,0.00,0.00,0.000,6,0.000,0.000,2937,2026,1759,1870,1649,0,0,0,0,0,0,28.83,28.83,28.83
$GC,1281,0.97,146.6,2937,2026,1870,1649,64.1,15.9,124,1282,0.00,0.00,0.00,0.000,6,0.000,0.000,2937,2026,1759,1870,1649,0,0,0,0,0,0,28.83,28.83,28.83
$GC,1311,0.97,146.6,2937,2026,1870,1648,59.4,15.3,127,1312,0.00,0.00,0.00,0.000,6,0.000,0.000,2937,2026,1759,1870,1649,0,0,0,0,0,0,28.83,28.83,28.83
$GC,1341,0.97,146.6,2937,2026,1870,1649,54.5,16.4,130,1342,0.00,0.00,0.00,0.000,6,0.000,0.000,2937,2026,1759,1870,1649,0,0,0,0,0,0,28.83,28.83,28.83
$GC,1371,0.97,146.6,2937,2026,1870,1649,49.5,16.6,133,1372,0.00,0.00,0.00,0.000,6,0.000,0.000,2937,2026,1759,1870,1649,0,0,0,0,0,0,28.83,28.83,28.83
$GC,1401,0.97,146.6,2937,2026,1870,1648,44.6,16.5,136,1410,0.00,2.12,0.00,0.000,260,0.000,0.034,2937,3446,1759,1870,1648,0,0,0,0,0,0,28.83,26.11,28.83
$GC,1436,0.97,146.6,2937,3446,1869,1648,38.9,17.1,139,1443,0.00,2.10,0.00,0.000,5126,0.000,0.019,2948,2025,1758,1869,1648,0,0,0,0,0,0,28.83,26.24,28.83
$GC,1473,0.97,146.6,2947,2022,1869,1648,32.1,17.1,143,1475,0.00,0.00,0.00,0.000,4102,0.000,0.000,2948,2022,1759,1870,1648,0,0,0,0,0,0,28.83,28.83,28.83
$GC,1504,0.97,146.6,2947,2022,1870,1648,26.9,17.1,146,1513,0.00,2.12,0.00,0.000,4356,0.000,0.034,2948,3438,1759,1870,1648,0,0,0,0,0,0,28.83,26.15,28.83
$GC,1538,0.97,146.6,2080,3436,1832,1643,21.4,17.1,149,1548,0.05,2.08,0.00,0.000,5126,0.176,0.020,2943,2034,1758,1869,1648,0,0,0,0,0,0,25.98,26.27,28.83
$GC,1576,0.97,146.6,2943,2029,1869,1648,14.8,16.4,153,1577,0.00,0.00,0.00,0.000,4102,0.000,0.000,2943,2029,1758,1869,1648,0,0,0,0,0,0,28.83,28.83,28.83
$GC,1606,0.97,146.6,2943,2029,1869,1648,9.9,16.5,156,1607,0.00,0.00,0.00,0.000,4102,0.000,0.000,2943,2029,1758,1869,1648,0,0,0,0,0,0,28.83,28.83,28.83
$GC,1636,0.97,146.6,2943,2029,1869,1647,5.4,15.4,159,1645,0.00,2.15,0.00,0.000,4356,0.000,0.035,2943,3452,1758,1869,1647,0,0,0,0,0,0,28.83,26.17,28.83
$STATE,1656,end climb,SURFACE_DEPTH_REACHED
$STATE,1656,begin surface coast
$FINISH,0.4,1.022184
$STATE,1668,end surface coast,CONTROL_FINISHED_OK
$STATE,1668,begin surface
$SM_CCo,1686,209.02,0.434,1,0,663,423.52
$SM_GC,-6.35,7.80,2.12,209.02,0.080,0.018,0.434,241,2025,663,-7.38,1.70,423.52,0,0,0,0,1,0,26.18,26.29,24.26
$IRIDIUM_FIX,4729.30,-12221.39,170608,222255
$TT8_MAMPS,0.027713,0.027713
$HUMID,41.92
$INTERNAL_PRESSURE,8.15502
$TCM_TEMP,17.50
$XPDR_PINGS,76
$ALTIM_TOP_PING,20.0,999.0
$ALTIM_BOTTOM_PING,115.9,6.3
$24V_AH,24.1,37.340
$10V_AH,10.0,17.304
$FG_AHR_24Vo,0.000
$FG_AHR_10Vo,0.000
$DEVICES,Pitch_motor,Roll_motor,VBD_pump_during_apogee,VBD_pump_during_surface,VBD_valve,Iridium_during_init,Iridium_during_connect,Iridium_during_xfer,Transponder_ping,GUMSTIX_24V,GPS,TT8,LPSleep,TT8_Active,TT8_Sampling,TT8_CF8,TT8_Kalman,Analog_circuits,GPS_charging,Compass,RAFOS,Transponder,Compass2
$DEVICE_SECS,18.200,25.450,240.475,209.025,0.000,23.054,22.174,157.533,22.500,0.000,17.321,477.162,480.339,500.626,661.929,105.751,0.000,822.194,0.000,439.583,0.000,23.817,0.000
$DEVICE_MAMPS,221.085,39.780,532.440,433.755,0.000,43.600,160.000,223.000,420.000,0.000,28.460,13.960,2.190,13.960,37.930,44.670,0.000,16.000,0.000,15.730,0.000,30.000,0.000
$SENSORS,SBE_CT,AA4330,WL_BB2FLVMG,nil,nil,nil,nil,nil,nil,nil
$SENSOR_SECS,108.099,212.573,279.168,0.000,0.000,0.000,0.000,0.000,0.000,0.000
$SENSOR_MAMPS,23.220,33.000,105.000,0.000,0.000,0.000,0.000,0.000,0.000,0.000
$MEM,354556
$DATA_FILE_SIZE,10395,162
$CAP_FILE_SIZE,52293,0
$CFSIZE,260165632,249831424
$ERRORS,0,0,0,0,0,0,0,0,0,0,0,0,0,1,0,0
$CURRENT,0.335,  5.6,1
$GPS,280526,141729,4748.222,-12224.999,8,1.5,8,18.2
