version: 66.11
glider: 175
mission: 11
dive: 418
start: 6 7 126 3 7 29
data:
$ID,175
$MISSION,11
$DIVE,418
$N_DIVES,0
$D_SURF,3
$D_FLARE,3
$D_TGT,200
$D_ABORT,1090
$D_NO_BLEED,50
$D_BOOST,3
$T_BOOST,0
$D_FINISH,0
$D_PITCH,0
$D_SAFE,0
$D_CALL,0
$SURFACE_URGENCY,0
$SURFACE_URGENCY_TRY,0
$SURFACE_URGENCY_FORCE,0
$T_DIVE,65
$T_MISSION,80
$T_ABORT,1440
$T_TURN,300
$T_TURN_SAMPINT,5
$T_NO_W,120
$T_LOITER,0
$T_EPIRB,0
$USE_BATHY,0
$USE_ICE,0
$ICE_FREEZE_MARGIN,0.30000001
$D_OFFGRID,100
$T_WATCHDOG,10
$RELAUNCH,1
$APOGEE_PITCH,-8
$MAX_BUOY,150
$COURSE_BIAS,0
$GLIDE_SLOPE,30
$SPEED_FACTOR,1
$RHO,1.0235
$MASS,51878
$MASS_COMP,0
$NAV_MODE,2
$FERRY_MAX,45
$KALMAN_USE,2
$HD_A,0.0024900001
$HD_B,0.0091000004
$HD_C,5.7000002e-06
$HEADING,-1
$ESCAPE_HEADING,0
$ESCAPE_HEADING_DELTA,10
$FIX_MISSING_TIMEOUT,0
$TGT_DEFAULT_LAT,47.766998
$TGT_DEFAULT_LON,-122.413
$TGT_AUTO_DEFAULT,0
$SM_CC,473.51199
$N_FILEKB,4
$FILEMGR,0
$CALL_NDIVES,1
$COMM_SEQ,0
$PROTOCOL,1
$N_NOCOMM,1
$NOCOMM_ACTION,0
$N_NOSURFACE,0
$UPLOAD_DIVES_MAX,-1
$CALL_TRIES,5
$CALL_WAIT,60
$CAPUPLOAD,1
$CAPMAXSIZE,200000
$HEAPDBG,0
$T_GPS,15
$N_GPS,30
$T_GPS_ALMANAC,0
$T_GPS_CHARGE,-39409.207
$T_RSLEEP,2
$STROBE,0
$RAFOS_PEAK_OFFSET,1.5
$RAFOS_CORR_THRESH,60
$RAFOS_HIT_WINDOW,3600
$PITCH_MIN,255
$PITCH_MAX,3935
$C_PITCH,2626
$PITCH_DBAND,0.0099999998
$PITCH_CNV,0.003125763
$P_OVSHOOT,0.039999999
$PITCH_GAIN,30
$PITCH_TIMEOUT,17
$PITCH_AD_RATE,160
$PITCH_MAXERRORS,1
$PITCH_ADJ_GAIN,0.02
$PITCH_ADJ_DBAND,2.5
$ROLL_MIN,171
$ROLL_MAX,3723
$ROLL_DEG,40
$C_ROLL_DIVE,2030
$C_ROLL_CLIMB,2030
$HEAD_ERRBAND,10
$ROLL_CNV,0.028270001
$ROLL_TIMEOUT,15
$R_PORT_OVSHOOT,59
$R_STBD_OVSHOOT,49
$ROLL_AD_RATE,300
$ROLL_MAXERRORS,2
$ROLL_ADJ_GAIN,0
$ROLL_ADJ_DBAND,0
$VBD_MIN,465
$VBD_MAX,3960
$C_VBD,2350
$VBD_DBAND,2
$VBD_CNV,-0.25119999
$VBD_TIMEOUT,720
$PITCH_VBD_SHIFT,0.0012300001
$VBD_PUMP_AD_RATE_SURFACE,5
$VBD_PUMP_AD_RATE_APOGEE,4
$VBD_BLEED_AD_RATE,8
$UNCOM_BLEED,60
$VBD_MAXERRORS,1
$W_ADJ_DBAND,2
$DBDW,0
$PITCH_W_GAIN,0
$PITCH_W_DBAND,1
$CF8_MAXERRORS,5
$AH0_24V,145
$AH0_10V,95
$MINV_24V,19
$MINV_10V,8
$FG_AHR_10V,0
$FG_AHR_24V,0
$PHONE_SUPPLY,2
$PRESSURE_YINT,-13.51214
$PRESSURE_SLOPE,0.0001165895
$AD7714Ch0Gain,128
$TCM_PITCH_OFFSET,0
$TCM_ROLL_OFFSET,0
$COMPASS_USE,4
$ALTIM_BOTTOM_PING_RANGE,0
$ALTIM_TOP_PING_RANGE,20
$ALTIM_BOTTOM_TURN_MARGIN,25
$ALTIM_TOP_TURN_MARGIN,0
$ALTIM_TOP_MIN_OBSTACLE,1
$ALTIM_PING_DEPTH,60
$ALTIM_PING_DELTA,5
$ALTIM_FREQUENCY,13
$ALTIM_PULSE,3
$ALTIM_SENSITIVITY,4
$XPDR_VALID,5
$XPDR_INHIBIT,90
$INT_PRESSURE_SLOPE,0.0097660003
$INT_PRESSURE_YINT,-0.40000001
$DEEPGLIDER,0
$DEEPGLIDERMB,0
$MOTHERBOARD,4
$DEVICE1,2
$DEVICE2,101
$DEVICE3,38
$DEVICE4,-1
$DEVICE5,-1
$DEVICE6,-1
$LOGGERS,7
$LOGGERDEVICE1,-1
$LOGGERDEVICE2,-1
$LOGGERDEVICE3,-1
$LOGGERDEVICE4,-1
$COMPASS_DEVICE,33
$COMPASS2_DEVICE,-1
$PHONE_DEVICE,49
$GPS_DEVICE,32
$RAFOS_DEVICE,-1
$XPDR_DEVICE,24
$SIM_W,0
$SIM_PITCH,0
$SEABIRD_T_G,0.0043137739
$SEABIRD_T_H,0.00062868668
$SEABIRD_T_I,2.2691316e-05
$SEABIRD_T_J,2.2586789e-06
$SEABIRD_C_G,-10.021329
$SEABIRD_C_H,1.1236943
$SEABIRD_C_I,-0.0013673168
$SEABIRD_C_J,0.00018808816
$GPS1,070626,030029,4750.711,-12225.009,10,1.6,10,18.2
$_CALLS,1
$_XMS_NAKs,0
$_XMS_TOUTs,0
$_SM_DEPTHo,-5.21
$_SM_ANGLEo,-70.3
$GPS2,070626,030703,4750.760,-12224.962,13,1.5,35,18.2
$SPEED_LIMITS,0.178,0.275
$TGT_NAME,NORTH_175
$TGT_LATLONG,4750.320,-12225.910
$TGT_RADIUS,200.000
$KALMAN_CONTROL,0.079,0.297
$KALMAN_X,-30076.6,-183.3,-72.9,29774.7,-185.0
$KALMAN_Y,25757.5,-625.9,-357.4,-36445.5,446.9
$MHEAD_RNG_PITCHd_Wd,246.2,1433,-16.6,-10.256,-20.48,2176
$D_GRID,200
$GCHEAD,st_secs,pitch_ctl,vbd_ctl,pitch_ad_start,roll_ad_start,vbd_pot1_ad_start,vbd_pot2_ad_start,depth,ob_vertv,data_pts,end_secs,pitch_secs,roll_secs,vbd_secs,vbd_i,gcphase,pitch_i,roll_i,pitch_ad,roll_ad,vbd_ad,vbd_pot1_ad,vbd_pot2_ad,pitch_retries,pitch_errors,roll_retries,roll_errors,vbd_retries,vbd_errors,pitch_volts,roll_volts,vbd_volts
$STATE,14,end surface,CONTROL_FINISHED_OK
$STATE,14,begin dive
$GC,16,-0.73,-146.6,236,2033,476,435,0.0,0.0,0,110,0.00,0.00,-88.97,0.000,16390,0.000,0.000,236,2034,2935,3019,2851,0,0,0,0,0,0,28.83,28.83,26.37
$GC,113,-0.73,-146.6,236,2034,3020,2851,-1.5,-7.2,9,131,8.95,2.12,0.00,0.000,2308,0.225,0.034,2371,3431,2939,3028,2851,0,0,0,0,0,0,24.72,25.86,28.83
$GC,206,-0.50,-146.6,2371,3431,3040,2846,27.6,-23.3,18,216,0.25,2.05,0.00,0.000,3078,0.146,0.022,2453,1995,2943,3042,2845,0,0,0,0,0,0,25.38,26.10,28.83
$GC,245,-0.35,-146.6,2453,1994,3044,2844,35.4,-19.5,22,255,0.17,2.00,0.00,0.000,2564,0.143,0.028,2511,650,2943,3043,2844,0,0,0,0,0,0,25.77,26.01,28.83
$GC,280,-0.35,-146.6,1696,649,3015,2838,39.8,-14.2,25,287,0.00,2.10,0.00,0.000,1030,0.000,0.026,2509,2030,2943,3044,2843,0,0,0,0,0,0,28.83,26.06,28.83
$GC,319,-0.42,-146.6,2509,2030,3045,2843,44.2,-11.0,29,327,0.00,2.12,0.00,0.000,4356,0.000,0.040,2508,3434,2944,3045,2843,0,0,0,0,0,0,28.83,25.95,28.83
$GC,371,-0.48,-146.6,2508,3434,3046,2843,49.9,-10.8,34,381,0.12,2.00,0.00,0.000,5126,0.082,0.018,2450,2027,2944,3046,2842,0,0,0,0,0,0,26.11,26.22,28.83
$GC,410,-0.48,-146.6,2449,2027,3047,2841,55.2,-13.3,38,412,0.10,0.00,0.00,0.000,2054,0.170,0.000,2473,2026,2943,3046,2841,0,0,0,0,0,0,26.12,28.83,28.83
$GC,441,-0.48,-146.6,2473,2026,3046,2841,59.1,-13.6,41,442,0.00,0.00,0.00,0.000,6,0.000,0.000,2473,2026,2943,3046,2841,0,0,0,0,0,0,28.83,28.83,28.83
$GC,471,-0.48,-146.6,2472,2027,3046,2841,62.8,-12.3,44,472,0.00,0.00,0.00,0.000,6,0.000,0.000,2473,2027,2943,3046,2841,0,0,0,0,0,0,28.83,28.83,28.83
$GC,501,-0.48,-146.6,2472,2026,3046,2841,66.4,-11.6,47,511,0.00,2.10,0.00,0.000,260,0.000,0.039,2465,3428,2943,3046,2841,0,0,0,0,0,0,28.83,26.01,28.83
$GC,544,-0.48,-146.6,2464,3428,3046,2841,72.0,-13.2,51,554,0.00,2.00,0.00,0.000,3078,0.000,0.019,2465,2029,2943,3046,2841,0,0,0,0,0,0,28.83,26.25,28.83
$GC,584,-0.48,-146.6,2464,2029,3046,2841,77.5,-14.0,55,585,0.00,0.00,0.00,0.000,2054,0.000,0.000,2465,2028,2943,3046,2841,0,0,0,0,0,0,28.83,28.83,28.83
$GC,614,-0.48,-146.6,2464,2028,3046,2841,81.4,-13.4,58,623,0.00,2.15,0.00,0.000,2308,0.000,0.041,2464,3434,2943,3046,2841,0,0,0,0,0,0,28.83,26.01,28.83
$GC,668,-0.48,-146.6,2464,3434,3046,2841,88.9,-13.7,63,672,0.00,2.03,0.00,0.000,3078,0.000,0.019,2464,2036,2943,3046,2841,0,0,0,0,0,0,28.83,26.25,28.83
$GC,710,-0.48,-146.6,2464,2031,3046,2840,94.5,-13.8,67,721,0.00,2.08,0.00,0.000,2564,0.000,0.032,2464,649,2942,3046,2839,0,0,0,0,0,0,28.83,26.10,28.83
$GC,766,-0.48,-146.6,2464,649,3046,2838,101.9,-13.9,72,774,0.00,2.10,0.00,0.000,3078,0.000,0.028,2464,2027,2941,3046,2837,0,0,0,0,0,0,28.83,26.15,28.83
$GC,805,-0.48,-146.6,2464,2028,3046,2838,108.3,-15.8,76,806,0.00,0.00,0.00,0.000,2054,0.000,0.000,2464,2028,2942,3046,2838,0,0,0,0,0,0,28.83,28.83,28.83
$GC,834,-0.48,-146.6,2464,2028,3046,2838,112.5,-14.4,79,835,0.00,0.00,0.00,0.000,2054,0.000,0.000,2464,2028,2942,3046,2839,0,0,0,0,0,0,28.83,28.83,28.83
$GC,864,-0.48,-146.6,2464,2028,3046,2838,116.4,-13.2,82,873,0.00,2.08,0.00,0.000,2564,0.000,0.031,2464,646,2942,3046,2838,0,0,0,0,0,0,28.83,26.12,28.83
$GC,917,-0.48,-146.6,2464,646,3045,2838,124.0,-13.9,87,931,0.00,2.05,0.00,0.000,3078,0.000,0.027,2464,2036,2942,3046,2838,0,0,0,0,0,0,28.83,26.18,28.83
$GC,958,-0.48,-146.6,2464,2036,3046,2838,129.4,-13.0,91,972,0.00,2.12,0.00,0.000,2308,0.000,0.041,2464,3442,2942,3046,2839,0,0,0,0,0,0,28.83,26.05,28.83
$GC,1017,-0.48,-146.6,2464,3442,3046,2839,136.8,-12.7,96,1026,0.00,2.03,0.00,0.000,3078,0.000,0.018,2464,2022,2942,3046,2838,0,0,0,0,0,0,28.83,26.30,28.83
$GC,1058,-0.48,-146.6,2464,2021,3046,2838,141.7,-12.3,100,1059,0.00,0.00,0.00,0.000,2054,0.000,0.000,2464,2021,2942,3046,2838,0,0,0,0,0,0,28.83,28.83,28.83
$GC,1091,-0.48,-146.6,2464,2021,3046,2838,145.3,-12.2,103,1100,0.00,2.15,0.00,0.000,2308,0.000,0.041,2464,3434,2942,3046,2839,0,0,0,0,0,0,28.83,26.03,28.83
$GC,1136,-0.48,-146.6,2464,3434,3046,2839,151.0,-12.1,107,1146,0.00,1.98,0.00,0.000,3078,0.000,0.018,2464,2029,2942,3046,2838,0,0,0,0,0,0,28.83,26.32,28.83
$GC,1177,-0.48,-146.6,2464,2029,3046,2838,155.6,-11.7,111,1184,0.00,0.00,0.00,0.000,2054,0.000,0.000,2464,2029,2942,3046,2838,0,0,0,0,0,0,28.83,28.83,28.83
$GC,1214,-0.48,-146.6,2464,2028,3046,2838,159.8,-10.4,115,1225,0.00,2.15,0.00,0.000,2308,0.000,0.041,2464,3437,2942,3046,2839,0,0,0,0,0,0,28.83,26.06,28.83
$STATE,1271,end dive,BOTTOM_OBSTACLE_DETECTED
$STATE,1271,begin apogee
$GC,1278,-0.27,0.0,2464,2029,3046,2839,165.4,-10.1,120,1409,0.20,0.00,125.97,0.557,10246,0.133,0.000,2530,2025,2350,2440,2260,0,0,0,0,0,0,25.91,28.83,23.87
$STATE,1411,end apogee,CONTROL_FINISHED_OK
$STATE,1411,begin climb
$GC,1413,0.73,146.6,2530,2025,2439,2259,167.2,0.0,134,1538,1.00,0.00,118.53,0.541,10758,0.103,0.000,2853,2025,1765,1877,1654,0,0,0,0,0,0,25.11,28.83,23.91
$GC,1570,0.73,146.6,2853,2025,1873,1650,155.7,9.6,150,1578,0.00,2.15,0.00,0.000,2308,0.000,0.034,2853,3432,1761,1873,1650,0,0,0,0,0,0,28.83,25.55,28.83
$GC,1621,0.73,146.6,2853,3432,1872,1649,150.1,10.6,155,1632,0.00,2.05,0.00,0.000,3078,0.000,0.020,2857,2040,1761,1873,1649,0,0,0,0,0,0,28.83,25.81,28.83
$GC,1661,0.73,146.6,2856,2038,1873,1648,146.3,9.3,159,1663,0.00,0.00,0.00,0.000,2054,0.000,0.000,2857,2038,1760,1873,1648,0,0,0,0,0,0,28.83,28.83,28.83
$GC,1691,0.73,146.6,2857,2038,1873,1647,143.8,8.5,162,1700,0.00,2.15,0.00,0.000,2308,0.000,0.034,2857,3446,1759,1873,1646,0,0,0,0,0,0,28.83,25.83,28.83
$GC,1755,0.73,146.6,2857,3446,1873,1646,138.0,9.9,168,1763,0.00,2.05,0.00,0.000,1030,0.000,0.018,2857,2030,1759,1873,1646,0,0,0,0,0,0,28.83,26.04,28.83
$GC,1794,0.73,146.6,2857,2026,1873,1646,134.6,8.5,172,1795,0.00,0.00,0.00,0.000,2054,0.000,0.000,2857,2026,1759,1873,1646,0,0,0,0,0,0,28.83,28.83,28.83
$GC,1824,0.82,215.2,2857,2026,1873,1645,132.5,7.0,175,1884,0.10,0.00,54.75,0.519,10246,0.096,0.000,2907,2025,1492,1610,1375,0,0,0,0,0,0,26.23,28.83,24.13
$GC,1915,0.73,215.2,2907,2026,1608,1371,122.4,12.6,184,1922,0.17,0.00,0.00,0.000,4102,0.151,0.000,2863,2026,1489,1607,1371,0,0,0,0,0,0,25.45,28.83,28.83
$GC,1954,0.73,215.2,2863,2025,1607,1370,118.1,10.6,188,1955,0.00,0.00,0.00,0.000,6,0.000,0.000,2863,2025,1488,1607,1370,0,0,0,0,0,0,28.83,28.83,28.83
$GC,1984,0.79,261.1,2863,2025,1607,1369,115.8,8.1,191,2024,0.00,0.00,36.12,0.501,10502,0.000,0.000,2863,2025,1310,1428,1192,0,0,0,0,0,0,28.83,28.83,24.18
$GC,2054,0.79,261.1,2863,2025,1426,1188,109.4,8.9,198,2063,0.00,2.17,0.00,0.000,2308,0.000,0.035,2863,3439,1306,1426,1187,0,0,0,0,0,0,28.83,25.66,28.83
$GC,2078,0.79,261.1,2863,3439,1426,1187,107.4,9.4,200,2086,0.00,2.12,0.00,0.000,3078,0.000,0.020,2868,2036,1306,1426,1186,0,0,0,0,0,0,28.83,25.82,28.83
$GC,2117,0.79,261.1,2867,2032,1426,1185,104.0,8.4,204,2118,0.00,0.00,0.00,0.000,2054,0.000,0.000,2868,2032,1305,1426,1185,0,0,0,0,0,0,28.83,28.83,28.83
$GC,2146,0.79,261.1,2867,2032,1426,1184,101.5,8.3,207,2147,0.00,0.00,0.00,0.000,2054,0.000,0.000,2868,2032,1305,1426,1185,0,0,0,0,0,0,28.83,28.83,28.83
$GC,2176,0.79,261.1,2868,2032,1426,1184,98.9,8.7,210,2185,0.00,2.15,0.00,0.000,2308,0.000,0.035,2868,3443,1305,1426,1184,0,0,0,0,0,0,28.83,25.86,28.83
$GC,2228,0.79,261.1,2867,3443,1426,1183,93.9,9.5,215,2238,0.00,2.08,0.00,0.000,3078,0.000,0.021,2869,2032,1304,1426,1182,0,0,0,0,0,0,28.83,26.02,28.83
$GC,2268,0.79,261.1,2869,2027,1426,1182,89.9,9.9,219,2270,0.00,0.00,0.00,0.000,2054,0.000,0.000,2869,2027,1303,1426,1181,0,0,0,0,0,0,28.83,28.83,28.83
$GC,2298,0.79,261.1,2869,2027,1426,1182,86.4,11.4,222,2300,0.00,0.00,0.00,0.000,2054,0.000,0.000,2869,2027,1304,1426,1182,0,0,0,0,0,0,28.83,28.83,28.83
$GC,2329,0.79,261.1,2869,2027,1426,1182,82.8,11.7,225,2338,0.00,2.12,0.00,0.000,2308,0.000,0.034,2869,3433,1303,1426,1181,0,0,0,0,0,0,28.83,25.98,28.83
$GC,2361,0.79,261.1,2869,3434,1426,1181,78.7,12.8,228,2370,0.00,2.05,0.00,0.000,3078,0.000,0.020,2869,2022,1303,1426,1181,0,0,0,0,0,0,28.83,26.12,28.83
$GC,2401,0.79,261.1,2869,2018,1426,1181,73.7,12.6,232,2410,0.00,2.08,0.00,0.000,2564,0.000,0.034,2869,636,1303,1426,1180,0,0,0,0,0,0,28.83,26.01,28.83
$GC,2415,0.79,261.1,2869,635,1426,1180,72.6,12.2,233,2422,0.00,2.08,0.00,0.000,3078,0.000,0.021,2869,2033,1302,1424,1180,0,0,0,0,0,0,28.83,26.18,28.83
$GC,2453,0.79,261.1,2869,2033,1424,1180,67.8,11.5,237,2462,0.00,2.10,0.00,0.000,2308,0.000,0.034,2869,3427,1302,1424,1181,0,0,0,0,0,0,28.83,26.04,28.83
$GC,2495,0.79,261.1,2869,3426,1424,1180,62.7,11.8,241,2504,0.00,2.05,0.00,0.000,3078,0.000,0.021,2869,2023,1302,1424,1180,0,0,0,0,0,0,28.83,26.16,28.83
$GC,2535,0.79,261.1,2869,2019,1424,1180,59.0,9.4,245,2537,0.00,0.00,0.00,0.000,2054,0.000,0.000,2869,2019,1302,1424,1180,0,0,0,0,0,0,28.83,28.83,28.83
$GC,2566,0.79,261.1,2869,2019,1424,1180,56.3,9.0,248,2567,0.00,0.00,0.00,0.000,2054,0.000,0.000,2869,2019,1302,1424,1180,0,0,0,0,0,0,28.83,28.83,28.83
$GC,2596,0.79,261.1,2869,2020,1424,1180,53.7,8.8,251,2606,0.00,2.15,0.00,0.000,2308,0.000,0.034,2869,3439,1302,1424,1180,0,0,0,0,0,0,28.83,26.07,28.83
$GC,2631,0.79,261.1,2869,3439,1424,1181,50.5,9.2,254,2638,0.00,2.10,0.00,0.000,3078,0.000,0.021,2869,2019,1301,1423,1180,0,0,0,0,0,0,28.83,26.17,28.83
$GC,2669,0.79,261.1,2869,2016,1424,1180,46.6,9.7,258,2678,0.00,2.10,0.00,0.000,2564,0.000,0.035,2870,622,1302,1424,1180,0,0,0,0,0,0,28.83,26.07,28.83
$GC,2691,0.79,261.1,2869,622,1422,1180,44.6,9.2,260,2700,0.00,2.03,0.00,0.000,3078,0.000,0.022,2869,2027,1301,1423,1180,0,0,0,0,0,0,28.83,26.20,28.83
$GC,2733,0.92,322.6,2869,2027,1423,1180,41.7,7.4,264,2791,0.12,2.22,47.38,0.474,10500,0.083,0.035,2935,3438,1062,1174,951,0,0,0,0,0,0,26.37,25.70,24.30
$GC,2826,0.85,322.6,2934,3437,1174,946,28.3,17.1,273,2836,0.10,2.05,0.00,0.000,5126,0.136,0.021,2906,2035,1059,1173,946,0,0,0,0,0,0,25.52,25.86,28.83
$GC,2865,0.85,322.6,2906,2031,1174,945,22.3,15.1,277,2874,0.00,2.10,0.00,0.000,4612,0.000,0.034,2908,639,1059,1174,944,0,0,0,0,0,0,28.83,25.82,28.83
$GC,2890,0.85,322.6,2909,637,1174,944,19.8,12.2,279,2898,0.00,2.10,0.00,0.000,5126,0.000,0.024,2908,2026,1058,1174,943,0,0,0,0,0,0,28.83,25.94,28.83
$GC,2928,0.85,322.6,2908,2026,1173,943,15.3,11.0,283,2938,0.00,2.12,0.00,0.000,4356,0.000,0.036,2909,3432,1058,1173,943,0,0,0,0,0,0,28.83,25.88,28.83
$GC,2983,0.85,322.6,2908,3432,1172,943,7.3,15.5,288,2991,0.00,2.12,0.00,0.000,5126,0.000,0.024,2909,2026,1057,1172,943,0,0,0,0,0,0,28.83,25.63,28.83
$STATE,3011,end climb,SURFACE_DEPTH_REACHED
$STATE,3011,begin surface coast
$FINISH,0.5,1.022203
$STATE,3031,end surface coast,CONTROL_FINISHED_OK
$STATE,3031,begin surface
$SM_CCo,3046,120.55,0.418,1,0,465,473.51
$SM_GC,-5.21,7.45,0.00,120.55,0.062,0.000,0.418,240,2022,465,-7.36,-0.23,473.51,0,0,0,0,1,0,26.05,28.83,24.13
$IRIDIUM_FIX,4732.49,-12227.53,270608,111159
$TT8_MAMPS,0.027713,0.027713
$HUMID,42.99
$INTERNAL_PRESSURE,8.15502
$TCM_TEMP,17.60
$XPDR_PINGS,129
$ALTIM_TOP_PING,19.8,999.0
$ALTIM_BOTTOM_PING,165.4,6.6
$24V_AH,23.9,57.896
$10V_AH,9.9,28.173
$FG_AHR_24Vo,0.000
$FG_AHR_10Vo,0.000
$DEVICES,Pitch_motor,Roll_motor,VBD_pump_during_apogee,VBD_pump_during_surface,VBD_valve,Iridium_during_init,Iridium_during_connect,Iridium_during_xfer,Transponder_ping,GUMSTIX_24V,GPS,TT8,LPSleep,TT8_Active,TT8_Sampling,TT8_CF8,TT8_Kalman,Analog_circuits,GPS_charging,Compass,RAFOS,Transponder,Compass2
$DEVICE_SECS,18.750,91.975,382.750,120.550,0.000,27.046,15.944,209.936,39.500,0.000,37.991,798.848,834.735,668.000,1096.070,181.054,0.000,1258.947,0.000,784.885,0.000,53.259,0.000
$DEVICE_MAMPS,224.910,41.310,556.920,417.690,0.000,43.600,160.000,223.000,420.000,0.000,28.460,13.960,2.190,13.960,37.930,44.670,0.000,16.000,0.000,15.730,0.000,30.000,0.000
$SENSORS,SBE_CT,AA4330,WL_BB2FLVMG,nil,nil,nil,nil,nil,nil,nil
$SENSOR_SECS,192.898,383.815,505.164,0.000,0.000,0.000,0.000,0.000,0.000,0.000
$SENSOR_MAMPS,23.220,33.000,105.000,0.000,0.000,0.000,0.000,0.000,0.000,0.000
$MEM,323812
$DATA_FILE_SIZE,20303,293
$CAP_FILE_SIZE,93528,0
$CFSIZE,260165632,239456256
$ERRORS,0,0,0,0,0,0,0,0,0,0,0,0,0,1,0,0
$CURRENT,0.243, 84.6,1
$GPS,070626,040133,4750.754,-12224.989,10,1.0,32,18.2
