version: 66.11
glider: 175
mission: 11
dive: 134
start: 5 27 126 7 4 20
data:
$ID,175
$MISSION,11
$DIVE,134
$N_DIVES,0
$D_SURF,3
$D_FLARE,3
$D_TGT,300
$D_ABORT,1090
$D_NO_BLEED,50
$D_BOOST,3
$T_BOOST,0
$D_FINISH,0
$D_PITCH,0
$D_SAFE,0
$D_CALL,0
$SURFACE_URGENCY,0
$SURFACE_URGENCY_TRY,0
$SURFACE_URGENCY_FORCE,0
$T_DIVE,65
$T_MISSION,100
$T_ABORT,1440
$T_TURN,300
$T_TURN_SAMPINT,5
$T_NO_W,120
$T_LOITER,0
$T_EPIRB,0
$USE_BATHY,0
$USE_ICE,0
$ICE_FREEZE_MARGIN,0.30000001
$D_OFFGRID,100
$T_WATCHDOG,10
$RELAUNCH,1
$APOGEE_PITCH,-8
$MAX_BUOY,150
$COURSE_BIAS,0
$GLIDE_SLOPE,30
$SPEED_FACTOR,1
$RHO,1.0235
$MASS,51878
$MASS_COMP,0
$NAV_MODE,1
$FERRY_MAX,45
$KALMAN_USE,1
$HD_A,0.0024900001
$HD_B,0.0091000004
$HD_C,5.7000002e-06
$HEADING,-1
$ESCAPE_HEADING,0
$ESCAPE_HEADING_DELTA,10
$FIX_MISSING_TIMEOUT,0
$TGT_DEFAULT_LAT,47.766998
$TGT_DEFAULT_LON,-122.413
$TGT_AUTO_DEFAULT,0
$SM_CC,423.31998
$N_FILEKB,4
$FILEMGR,0
$CALL_NDIVES,1
$COMM_SEQ,0
$PROTOCOL,9
$N_NOCOMM,1
$NOCOMM_ACTION,0
$N_NOSURFACE,0
$UPLOAD_DIVES_MAX,-1
$CALL_TRIES,5
$CALL_WAIT,60
$CAPUPLOAD,1
$CAPMAXSIZE,200000
$HEAPDBG,0
$T_GPS,15
$N_GPS,30
$T_GPS_ALMANAC,0
$T_GPS_CHARGE,-38819.621
$T_RSLEEP,2
$STROBE,0
$RAFOS_PEAK_OFFSET,1.5
$RAFOS_CORR_THRESH,60
$RAFOS_HIT_WINDOW,3600
$PITCH_MIN,255
$PITCH_MAX,3935
$C_PITCH,2671
$PITCH_DBAND,0.0099999998
$PITCH_CNV,0.003125763
$P_OVSHOOT,0.039999999
$PITCH_GAIN,30
$PITCH_TIMEOUT,17
$PITCH_AD_RATE,160
$PITCH_MAXERRORS,1
$PITCH_ADJ_GAIN,0.02
$PITCH_ADJ_DBAND,2.5
$ROLL_MIN,171
$ROLL_MAX,3723
$ROLL_DEG,40
$C_ROLL_DIVE,2030
$C_ROLL_CLIMB,2030
$HEAD_ERRBAND,10
$ROLL_CNV,0.028270001
$ROLL_TIMEOUT,15
$R_PORT_OVSHOOT,60
$R_STBD_OVSHOOT,47
$ROLL_AD_RATE,300
$ROLL_MAXERRORS,2
$ROLL_ADJ_GAIN,0
$ROLL_ADJ_DBAND,0
$VBD_MIN,465
$VBD_MAX,3960
$C_VBD,2350
$VBD_DBAND,2
$VBD_CNV,-0.25119999
$VBD_TIMEOUT,720
$PITCH_VBD_SHIFT,0.0012300001
$VBD_PUMP_AD_RATE_SURFACE,5
$VBD_PUMP_AD_RATE_APOGEE,4
$VBD_BLEED_AD_RATE,8
$UNCOM_BLEED,60
$VBD_MAXERRORS,1
$W_ADJ_DBAND,2
$DBDW,0
$PITCH_W_GAIN,0
$PITCH_W_DBAND,1
$CF8_MAXERRORS,5
$AH0_24V,145
$AH0_10V,95
$MINV_24V,19
$MINV_10V,8
$FG_AHR_10V,0
$FG_AHR_24V,0
$PHONE_SUPPLY,2
$PRESSURE_YINT,-13.51214
$PRESSURE_SLOPE,0.0001165895
$AD7714Ch0Gain,128
$TCM_PITCH_OFFSET,0
$TCM_ROLL_OFFSET,0
$COMPASS_USE,4
$ALTIM_BOTTOM_PING_RANGE,0
$ALTIM_TOP_PING_RANGE,20
$ALTIM_BOTTOM_TURN_MARGIN,25
$ALTIM_TOP_TURN_MARGIN,0
$ALTIM_TOP_MIN_OBSTACLE,1
$ALTIM_PING_DEPTH,90
$ALTIM_PING_DELTA,5
$ALTIM_FREQUENCY,13
$ALTIM_PULSE,3
$ALTIM_SENSITIVITY,3
$XPDR_VALID,5
$XPDR_INHIBIT,90
$INT_PRESSURE_SLOPE,0.0097660003
$INT_PRESSURE_YINT,-0.40000001
$DEEPGLIDER,0
$DEEPGLIDERMB,0
$MOTHERBOARD,4
$DEVICE1,2
$DEVICE2,101
$DEVICE3,38
$DEVICE4,-1
$DEVICE5,-1
$DEVICE6,-1
$LOGGERS,7
$LOGGERDEVICE1,-1
$LOGGERDEVICE2,-1
$LOGGERDEVICE3,-1
$LOGGERDEVICE4,-1
$COMPASS_DEVICE,33
$COMPASS2_DEVICE,-1
$PHONE_DEVICE,49
$GPS_DEVICE,32
$RAFOS_DEVICE,-1
$XPDR_DEVICE,24
$SIM_W,0
$SIM_PITCH,0
$SEABIRD_T_G,0.0043137739
$SEABIRD_T_H,0.00062868668
$SEABIRD_T_I,2.2691316e-05
$SEABIRD_T_J,2.2586789e-06
$SEABIRD_C_G,-10.021329
$SEABIRD_C_H,1.1236943
$SEABIRD_C_I,-0.0013673168
$SEABIRD_C_J,0.00018808816
$GPS1,270526,065859,4749.442,-12226.356,13,1.6,13,18.2
$_CALLS,1
$_XMS_NAKs,0
$_XMS_TOUTs,0
$_SM_DEPTHo,-4.72
$_SM_ANGLEo,-70.6
$GPS2,270526,070323,4749.455,-12226.387,14,1.9,14,18.2
$SPEED_LIMITS,0.266,0.310
$TGT_NAME,NORTH_175
$TGT_LATLONG,4750.320,-12225.910
$TGT_RADIUS,200.000
$KALMAN_CONTROL,0.211,0.228
$KALMAN_X,-20140.9,-150.2,1957.6,16485.9,-1767.0
$KALMAN_Y,15939.0,-6101.5,-2169.6,-8855.8,-951.8
$MHEAD_RNG_PITCHd_Wd,24.5,1708,-23.7,-15.385,-26.38,1456
$D_GRID,300
$GCHEAD,st_secs,pitch_ctl,vbd_ctl,pitch_ad_start,roll_ad_start,vbd_pot1_ad_start,vbd_pot2_ad_start,depth,ob_vertv,data_pts,end_secs,pitch_secs,roll_secs,vbd_secs,vbd_i,gcphase,pitch_i,roll_i,pitch_ad,roll_ad,vbd_ad,vbd_pot1_ad,vbd_pot2_ad,pitch_retries,pitch_errors,roll_retries,roll_errors,vbd_retries,vbd_errors,pitch_volts,roll_volts,vbd_volts
$STATE,13,end surface,CONTROL_FINISHED_OK
$STATE,14,begin dive
$GC,16,-0.97,-146.6,241,2009,702,610,0.0,0.0,0,102,0.00,0.00,-83.53,0.000,16390,0.000,0.000,241,2010,2935,3021,2850,0,0,0,0,0,0,28.83,28.83,26.44
$GC,105,-0.97,-146.6,241,2010,3022,2850,-2.4,-4.4,8,118,8.48,2.20,0.00,0.000,2308,0.221,0.035,2336,3448,2940,3029,2851,0,0,0,0,0,0,25.10,25.96,28.83
$GC,405,-0.79,-146.6,1536,3446,3015,2839,77.7,-23.4,37,412,0.28,2.10,0.00,0.000,3078,0.160,0.027,2410,2002,2945,3046,2844,0,0,0,0,0,0,25.63,26.25,28.83
$GC,443,-0.71,-146.6,2409,1997,3047,2843,85.9,-20.1,41,444,0.12,0.00,0.00,0.000,2054,0.170,0.000,2441,1997,2945,3047,2843,0,0,0,0,0,0,26.06,28.83,28.83
$GC,473,-0.71,-146.6,2441,1997,3047,2843,90.6,-16.3,44,474,0.00,0.00,0.00,0.000,2054,0.000,0.000,2441,1998,2945,3048,2843,0,0,0,0,0,0,28.83,28.83,28.83
$GC,502,-0.71,-146.6,2441,1997,3048,2843,94.7,-13.9,47,503,0.00,0.00,0.00,0.000,2054,0.000,0.000,2441,1997,2945,3048,2843,0,0,0,0,0,0,28.83,28.83,28.83
$GC,533,-0.76,-146.6,2441,1997,3048,2843,98.9,-13.6,50,534,0.00,0.00,0.00,0.000,4102,0.000,0.000,2441,1997,2945,3048,2843,0,0,0,0,0,0,28.83,28.83,28.83
$GC,563,-0.81,-146.6,2441,1997,3048,2843,102.7,-13.1,53,565,0.10,0.00,0.00,0.000,4102,0.107,0.000,2401,1997,2945,3048,2843,0,0,0,0,0,0,26.37,28.83,28.83
$STATE,585,end dive,BOTTOM_OBSTACLE_DETECTED
$STATE,586,begin apogee
$GC,590,-0.27,0.0,2401,1997,3048,2842,105.5,-12.9,55,723,0.57,0.00,123.97,0.520,10246,0.137,0.000,2579,1996,2350,2441,2260,0,0,0,0,0,0,25.67,28.83,24.22
$STATE,726,end apogee,CONTROL_FINISHED_OK
$STATE,726,begin climb
$GC,728,0.97,146.6,2578,1997,2440,2259,112.7,0.0,69,854,1.20,2.28,117.28,0.506,11012,0.094,0.036,2974,3439,1763,1871,1656,0,0,0,0,0,0,25.26,25.32,24.22
$GC,877,0.87,146.6,2974,3438,1871,1653,92.4,19.8,84,887,0.12,2.10,0.00,0.000,5126,0.195,0.023,2951,2050,1762,1871,1653,0,0,0,0,0,0,25.25,25.59,28.83
$GC,918,0.80,146.6,2952,2046,1871,1651,84.3,20.1,88,920,0.10,0.00,0.00,0.000,4102,0.180,0.000,2928,2045,1760,1871,1650,0,0,0,0,0,0,25.65,28.83,28.83
$GC,947,0.80,146.6,2928,2045,1869,1650,79.5,16.2,91,956,0.00,2.12,0.00,0.000,516,0.000,0.031,2936,634,1758,1867,1650,0,0,0,0,0,0,28.83,25.79,28.83
$GC,961,0.80,146.6,2936,635,1866,1650,78.4,15.2,92,969,0.00,2.12,0.00,0.000,5126,0.000,0.022,2936,2036,1758,1866,1650,0,0,0,0,0,0,28.83,25.88,28.83
$GC,999,0.80,146.6,2936,2036,1866,1650,72.2,14.0,96,1008,0.00,2.12,0.00,0.000,4356,0.000,0.035,2936,3435,1757,1865,1650,0,0,0,0,0,0,28.83,25.86,28.83
$GC,1043,0.80,146.6,2936,3435,1865,1650,65.7,15.5,100,1051,0.05,2.10,0.00,0.000,5126,0.170,0.019,2933,2021,1757,1865,1650,0,0,0,0,0,0,25.76,26.03,28.83
$GC,1081,0.80,146.6,2932,2017,1865,1649,59.6,15.4,104,1082,0.00,0.00,0.00,0.000,4102,0.000,0.000,2933,2017,1757,1865,1650,0,0,0,0,0,0,28.83,28.83,28.83
$GC,1111,0.80,146.6,2932,2016,1865,1649,55.6,13.4,107,1112,0.00,0.00,0.00,0.000,4102,0.000,0.000,2933,2016,1757,1865,1649,0,0,0,0,0,0,28.83,28.83,28.83
$GC,1141,0.86,190.2,2932,2016,1865,1649,52.0,12.3,110,1182,0.00,2.25,34.45,0.466,10500,0.000,0.035,2932,3429,1590,1701,1480,0,0,0,0,0,0,28.83,25.72,24.51
$GC,1225,0.86,190.2,2932,3429,1701,1476,39.4,16.7,118,1234,0.00,2.05,0.00,0.000,3078,0.000,0.020,2937,2031,1588,1701,1476,0,0,0,0,0,0,28.83,25.92,28.83
$GC,1265,0.86,190.2,2936,2026,1701,1475,33.0,16.2,122,1266,0.00,0.00,0.00,0.000,2054,0.000,0.000,2937,2027,1587,1700,1475,0,0,0,0,0,0,28.83,28.83,28.83
$GC,1294,0.86,190.2,2936,2026,1701,1475,28.4,15.1,125,1296,0.00,0.00,0.00,0.000,2054,0.000,0.000,2937,2026,1588,1701,1475,0,0,0,0,0,0,28.83,28.83,28.83
$GC,1325,0.86,190.2,2937,2026,1701,1474,23.4,16.4,128,1334,0.00,2.12,0.00,0.000,2308,0.000,0.034,2937,3430,1587,1700,1474,0,0,0,0,0,0,28.83,25.95,28.83
$GC,1371,0.86,190.2,2936,3431,1700,1474,16.1,16.9,132,1378,0.00,2.08,0.00,0.000,3078,0.000,0.021,2937,2024,1587,1700,1474,0,0,0,0,0,0,28.83,26.08,28.83
$GC,1409,0.86,190.2,2937,2019,1700,1473,10.0,15.3,136,1418,0.00,2.15,0.00,0.000,2308,0.000,0.034,2938,3442,1586,1700,1473,0,0,0,0,0,0,28.83,26.02,28.83
$GC,1441,0.86,190.2,2937,3441,1700,1473,4.6,16.6,139,1450,0.00,2.05,0.00,0.000,1030,0.000,0.019,2948,2021,1586,1700,1473,0,0,0,0,0,0,28.83,26.15,28.83
$STATE,1459,end climb,SURFACE_DEPTH_REACHED
$STATE,1459,begin surface coast
$FINISH,-0.2,1.022150
$STATE,1470,end surface coast,CONTROL_FINISHED_OK
$STATE,1470,begin surface
$SM_CCo,1486,178.12,0.427,1,0,663,423.52
$SM_GC,-4.78,7.72,0.00,178.12,0.074,0.000,0.427,240,2017,663,-7.52,-0.37,423.52,0,0,0,0,1,0,26.09,28.83,24.34
$IRIDIUM_FIX,4732.49,-12224.82,160608,161650
$TT8_MAMPS,0.027713,0.027713
$HUMID,41.96
$INTERNAL_PRESSURE,8.15502
$TCM_TEMP,17.60
$XPDR_PINGS,61
$ALTIM_TOP_PING,19.8,24.6
$ALTIM_BOTTOM_PING,105.5,6.4
$24V_AH,24.2,34.012
$10V_AH,10.0,15.849
$FG_AHR_24Vo,0.000
$FG_AHR_10Vo,0.000
$DEVICES,Pitch_motor,Roll_motor,VBD_pump_during_apogee,VBD_pump_during_surface,VBD_valve,Iridium_during_init,Iridium_during_connect,Iridium_during_xfer,Transponder_ping,GUMSTIX_24V,GPS,TT8,LPSleep,TT8_Active,TT8_Sampling,TT8_CF8,TT8_Kalman,Analog_circuits,GPS_charging,Compass,RAFOS,Transponder,Compass2
$DEVICE_SECS,18.750,29.850,275.700,178.125,0.000,23.972,20.554,121.773,16.750,0.000,16.874,383.211,386.291,498.554,596.838,87.680,33.209,805.157,0.000,409.532,0.000,11.759,0.000
$DEVICE_MAMPS,221.085,35.955,520.200,426.870,0.000,43.600,160.000,223.000,420.000,0.000,28.460,13.960,2.190,13.960,37.930,44.670,61.150,16.000,0.000,15.730,0.000,30.000,0.000
$SENSORS,SBE_CT,AA4330,WL_BB2FLVMG,nil,nil,nil,nil,nil,nil,nil
$SENSOR_SECS,93.422,185.893,244.668,0.000,0.000,0.000,0.000,0.000,0.000,0.000
$SENSOR_MAMPS,23.220,33.000,105.000,0.000,0.000,0.000,0.000,0.000,0.000,0.000
$MEM,354568
$DATA_FILE_SIZE,10326,142
$CAP_FILE_SIZE,44800,0
$CFSIZE,260165632,251273216
$ERRORS,0,0,0,0,0,0,0,0,0,0,0,0,0,1,0,0
$GPS,270526,073259,4749.517,-12226.200,10,1.6,10,18.2
