version: 66.11
glider: 175
mission: 11
dive: 275
start: 6 1 126 20 5 7
data:
$ID,175
$MISSION,11
$DIVE,275
$N_DIVES,0
$D_SURF,3
$D_FLARE,3
$D_TGT,200
$D_ABORT,1090
$D_NO_BLEED,50
$D_BOOST,3
$T_BOOST,0
$D_FINISH,0
$D_PITCH,0
$D_SAFE,0
$D_CALL,0
$SURFACE_URGENCY,0
$SURFACE_URGENCY_TRY,0
$SURFACE_URGENCY_FORCE,0
$T_DIVE,67
$T_MISSION,82
$T_ABORT,1440
$T_TURN,300
$T_TURN_SAMPINT,5
$T_NO_W,120
$T_LOITER,0
$T_EPIRB,0
$USE_BATHY,0
$USE_ICE,0
$ICE_FREEZE_MARGIN,0.30000001
$D_OFFGRID,100
$T_WATCHDOG,10
$RELAUNCH,1
$APOGEE_PITCH,-8
$MAX_BUOY,150
$COURSE_BIAS,0
$GLIDE_SLOPE,30
$SPEED_FACTOR,1
$RHO,1.0235
$MASS,51878
$MASS_COMP,0
$NAV_MODE,2
$FERRY_MAX,45
$KALMAN_USE,2
$HD_A,0.0024900001
$HD_B,0.0091000004
$HD_C,5.7000002e-06
$HEADING,-1
$ESCAPE_HEADING,0
$ESCAPE_HEADING_DELTA,10
$FIX_MISSING_TIMEOUT,0
$TGT_DEFAULT_LAT,47.766998
$TGT_DEFAULT_LON,-122.413
$TGT_AUTO_DEFAULT,0
$SM_CC,473.51199
$N_FILEKB,4
$FILEMGR,0
$CALL_NDIVES,1
$COMM_SEQ,0
$PROTOCOL,9
$N_NOCOMM,1
$NOCOMM_ACTION,0
$N_NOSURFACE,0
$UPLOAD_DIVES_MAX,-1
$CALL_TRIES,5
$CALL_WAIT,60
$CAPUPLOAD,1
$CAPMAXSIZE,200000
$HEAPDBG,0
$T_GPS,15
$N_GPS,30
$T_GPS_ALMANAC,0
$T_GPS_CHARGE,-39043.785
$T_RSLEEP,2
$STROBE,0
$RAFOS_PEAK_OFFSET,1.5
$RAFOS_CORR_THRESH,60
$RAFOS_HIT_WINDOW,3600
$PITCH_MIN,255
$PITCH_MAX,3935
$C_PITCH,2626
$PITCH_DBAND,0.0099999998
$PITCH_CNV,0.003125763
$P_OVSHOOT,0.039999999
$PITCH_GAIN,30
$PITCH_TIMEOUT,17
$PITCH_AD_RATE,160
$PITCH_MAXERRORS,1
$PITCH_ADJ_GAIN,0.02
$PITCH_ADJ_DBAND,2.5
$ROLL_MIN,171
$ROLL_MAX,3723
$ROLL_DEG,40
$C_ROLL_DIVE,2030
$C_ROLL_CLIMB,2030
$HEAD_ERRBAND,10
$ROLL_CNV,0.028270001
$ROLL_TIMEOUT,15
$R_PORT_OVSHOOT,57
$R_STBD_OVSHOOT,50
$ROLL_AD_RATE,300
$ROLL_MAXERRORS,2
$ROLL_ADJ_GAIN,0
$ROLL_ADJ_DBAND,0
$VBD_MIN,465
$VBD_MAX,3960
$C_VBD,2350
$VBD_DBAND,2
$VBD_CNV,-0.25119999
$VBD_TIMEOUT,720
$PITCH_VBD_SHIFT,0.0012300001
$VBD_PUMP_AD_RATE_SURFACE,5
$VBD_PUMP_AD_RATE_APOGEE,4
$VBD_BLEED_AD_RATE,8
$UNCOM_BLEED,60
$VBD_MAXERRORS,1
$W_ADJ_DBAND,2
$DBDW,0
$PITCH_W_GAIN,0
$PITCH_W_DBAND,1
$CF8_MAXERRORS,5
$AH0_24V,145
$AH0_10V,95
$MINV_24V,19
$MINV_10V,8
$FG_AHR_10V,0
$FG_AHR_24V,0
$PHONE_SUPPLY,2
$PRESSURE_YINT,-13.51214
$PRESSURE_SLOPE,0.0001165895
$AD7714Ch0Gain,128
$TCM_PITCH_OFFSET,0
$TCM_ROLL_OFFSET,0
$COMPASS_USE,4
$ALTIM_BOTTOM_PING_RANGE,0
$ALTIM_TOP_PING_RANGE,20
$ALTIM_BOTTOM_TURN_MARGIN,25
$ALTIM_TOP_TURN_MARGIN,0
$ALTIM_TOP_MIN_OBSTACLE,1
$ALTIM_PING_DEPTH,60
$ALTIM_PING_DELTA,5
$ALTIM_FREQUENCY,13
$ALTIM_PULSE,3
$ALTIM_SENSITIVITY,4
$XPDR_VALID,5
$XPDR_INHIBIT,90
$INT_PRESSURE_SLOPE,0.0097660003
$INT_PRESSURE_YINT,-0.40000001
$DEEPGLIDER,0
$DEEPGLIDERMB,0
$MOTHERBOARD,4
$DEVICE1,2
$DEVICE2,101
$DEVICE3,38
$DEVICE4,-1
$DEVICE5,-1
$DEVICE6,-1
$LOGGERS,7
$LOGGERDEVICE1,-1
$LOGGERDEVICE2,-1
$LOGGERDEVICE3,-1
$LOGGERDEVICE4,-1
$COMPASS_DEVICE,33
$COMPASS2_DEVICE,-1
$PHONE_DEVICE,49
$GPS_DEVICE,32
$RAFOS_DEVICE,-1
$XPDR_DEVICE,24
$SIM_W,0
$SIM_PITCH,0
$SEABIRD_T_G,0.0043137739
$SEABIRD_T_H,0.00062868668
$SEABIRD_T_I,2.2691316e-05
$SEABIRD_T_J,2.2586789e-06
$SEABIRD_C_G,-10.021329
$SEABIRD_C_H,1.1236943
$SEABIRD_C_I,-0.0013673168
$SEABIRD_C_J,0.00018808816
$GPS1,010626,195751,4747.791,-12225.631,11,0.9,39,18.2
$_CALLS,1
$_XMS_NAKs,0
$_XMS_TOUTs,0
$_SM_DEPTHo,-4.12
$_SM_ANGLEo,-67.2
$GPS2,010626,200440,4747.724,-12225.666,10,1.0,15,18.2
$SPEED_LIMITS,0.172,0.272
$TGT_NAME,NORTH_175
$TGT_LATLONG,4750.320,-12225.910
$TGT_RADIUS,200.000
$KALMAN_CONTROL,0.079,0.297
$KALMAN_X,-30076.6,-183.3,-72.9,29774.7,-185.0
$KALMAN_Y,25757.5,-625.9,-357.4,-36445.5,446.9
$MHEAD_RNG_PITCHd_Wd,354.9,4818,-16.1,-9.950,-20.11,2242
$D_GRID,200
$GCHEAD,st_secs,pitch_ctl,vbd_ctl,pitch_ad_start,roll_ad_start,vbd_pot1_ad_start,vbd_pot2_ad_start,depth,ob_vertv,data_pts,end_secs,pitch_secs,roll_secs,vbd_secs,vbd_i,gcphase,pitch_i,roll_i,pitch_ad,roll_ad,vbd_ad,vbd_pot1_ad,vbd_pot2_ad,pitch_retries,pitch_errors,roll_retries,roll_errors,vbd_retries,vbd_errors,pitch_volts,roll_volts,vbd_volts
$STATE,14,end surface,CONTROL_FINISHED_OK
$STATE,14,begin dive
$GC,16,-0.72,-146.6,234,2019,486,426,0.0,0.0,0,110,0.00,0.00,-87.15,0.000,16390,0.000,0.000,234,2020,2936,3020,2852,0,0,0,0,0,0,28.83,28.83,26.06
$GC,113,-0.72,-146.6,234,2020,3020,2853,0.6,-9.7,9,124,9.10,0.00,0.00,0.000,2054,0.230,0.000,2387,2020,2938,3023,2853,0,0,0,0,0,0,24.79,28.83,28.83
$GC,152,0.07,-146.6,2387,2019,3041,2845,15.8,-37.3,13,161,0.85,2.15,0.00,0.000,2308,0.150,0.041,2630,3414,2945,3046,2845,0,0,0,0,0,0,25.25,25.83,28.83
$GC,197,-0.02,-146.6,1792,3413,3022,2839,19.5,-8.1,17,204,0.00,2.08,0.00,0.000,5126,0.000,0.021,2629,2005,2948,3052,2844,0,0,0,0,0,0,28.83,25.87,28.83
$GC,236,-0.32,-146.6,2629,2005,3053,2842,20.8,-3.3,21,245,0.28,2.00,0.00,0.000,4612,0.059,0.028,2506,657,2946,3052,2840,0,0,0,0,0,0,26.13,26.01,28.83
$GC,259,-0.53,-146.6,2505,658,3052,2839,22.3,-4.8,23,269,0.10,2.00,0.00,0.000,5126,0.050,0.026,2449,2025,2945,3052,2839,0,0,0,0,0,0,25.98,26.06,28.83
$GC,299,-0.45,-146.6,2448,2024,3052,2839,26.8,-11.4,27,308,0.12,2.10,0.00,0.000,2308,0.161,0.037,2477,3425,2945,3052,2839,0,0,0,0,0,0,25.93,25.96,28.83
$GC,402,-0.45,-146.6,2477,3425,3053,2839,39.7,-11.9,37,411,0.00,2.00,0.00,0.000,3078,0.000,0.019,2478,2025,2945,3052,2839,0,0,0,0,0,0,28.83,26.22,28.83
$GC,442,-0.45,-146.6,2477,2025,3052,2839,44.5,-12.0,41,443,0.00,0.00,0.00,0.000,2054,0.000,0.000,2477,2025,2945,3052,2839,0,0,0,0,0,0,28.83,28.83,28.83
$GC,472,-0.45,-146.6,2477,2025,3053,2839,47.7,-11.1,44,481,0.00,2.15,0.00,0.000,2308,0.000,0.040,2477,3439,2945,3052,2839,0,0,0,0,0,0,28.83,26.02,28.83
$GC,528,-0.45,-146.6,2477,3439,3053,2839,53.2,-10.4,49,535,0.00,2.05,0.00,0.000,3078,0.000,0.018,2477,2021,2946,3053,2839,0,0,0,0,0,0,28.83,26.26,28.83
$GC,564,-0.45,-146.6,2477,2018,3052,2838,56.9,-9.2,53,566,0.00,0.00,0.00,0.000,2054,0.000,0.000,2477,2018,2946,3053,2839,0,0,0,0,0,0,28.83,28.83,28.83
$GC,594,-0.45,-146.6,2477,2019,3053,2839,59.9,-9.6,56,604,0.00,2.05,0.00,0.000,2564,0.000,0.031,2477,644,2944,3052,2837,0,0,0,0,0,0,28.83,26.13,28.83
$GC,669,-0.45,-146.6,2477,644,3052,2837,67.1,-9.9,63,677,0.00,2.03,0.00,0.000,3078,0.000,0.028,2477,2025,2944,3052,2837,0,0,0,0,0,0,28.83,26.18,28.83
$GC,708,-0.45,-146.6,2477,2025,3052,2837,71.4,-10.7,67,717,0.00,2.12,0.00,0.000,2308,0.000,0.040,2477,3444,2944,3052,2837,0,0,0,0,0,0,28.83,26.08,28.83
$GC,770,-0.45,-146.6,2477,3444,3053,2837,79.1,-12.2,73,783,0.00,2.03,0.00,0.000,3078,0.000,0.018,2477,2020,2944,3052,2837,0,0,0,0,0,0,28.83,26.31,28.83
$GC,811,-0.45,-146.6,2477,2019,3052,2837,84.1,-12.3,77,812,0.00,0.00,0.00,0.000,2054,0.000,0.000,2477,2020,2945,3053,2837,0,0,0,0,0,0,28.83,28.83,28.83
$GC,840,-0.45,-146.6,2477,2020,3053,2837,87.6,-12.3,80,842,0.00,0.00,0.00,0.000,2054,0.000,0.000,2477,2020,2944,3052,2837,0,0,0,0,0,0,28.83,28.83,28.83
$GC,873,-0.45,-146.6,2477,2019,3053,2837,91.0,-11.2,83,879,0.00,0.00,0.00,0.000,2054,0.000,0.000,2477,2020,2945,3053,2837,0,0,0,0,0,0,28.83,28.83,28.83
$GC,912,-0.45,-146.6,2477,2020,3053,2837,95.5,-11.2,87,915,0.00,2.05,0.00,0.000,2564,0.000,0.031,2477,648,2945,3053,2837,0,0,0,0,0,0,28.83,26.17,28.83
$GC,943,-0.45,-146.6,2477,647,3052,2837,99.2,-11.2,90,957,0.00,2.05,0.00,0.000,3078,0.000,0.028,2477,2034,2944,3052,2836,0,0,0,0,0,0,28.83,26.20,28.83
$GC,984,-0.45,-146.6,2477,2034,3052,2837,103.5,-10.3,94,994,0.00,2.12,0.00,0.000,2308,0.000,0.041,2477,3440,2944,3052,2837,0,0,0,0,0,0,28.83,26.08,28.83
$GC,1009,-0.45,-146.6,2477,3439,3052,2837,105.8,-10.2,96,1017,0.00,2.05,0.00,0.000,3078,0.000,0.019,2477,2026,2944,3052,2837,0,0,0,0,0,0,28.83,26.33,28.83
$GC,1047,-0.45,-146.6,2477,2025,3052,2836,109.8,-10.0,100,1049,0.00,0.00,0.00,0.000,2054,0.000,0.000,2477,2025,2944,3052,2837,0,0,0,0,0,0,28.83,28.83,28.83
$GC,1078,-0.45,-146.6,2477,2025,3052,2837,112.8,-10.0,103,1079,0.00,0.00,0.00,0.000,2054,0.000,0.000,2477,2025,2945,3053,2837,0,0,0,0,0,0,28.83,28.83,28.83
$GC,1110,-0.45,-146.6,2477,2025,3053,2836,116.0,-10.1,106,1117,0.00,0.00,0.00,0.000,2054,0.000,0.000,2477,2025,2945,3053,2837,0,0,0,0,0,0,28.83,28.83,28.83
$GC,1148,-0.45,-146.6,2477,2025,3052,2837,120.1,-10.2,110,1149,0.00,0.00,0.00,0.000,2054,0.000,0.000,2477,2025,2944,3052,2837,0,0,0,0,0,0,28.83,28.83,28.83
$GC,1178,-0.45,-146.6,2477,2025,3052,2837,123.4,-10.7,113,1187,0.00,2.15,0.00,0.000,2308,0.000,0.041,2477,3434,2944,3052,2837,0,0,0,0,0,0,28.83,26.10,28.83
$GC,1214,-0.45,-146.6,1616,3432,3021,2831,126.8,-10.5,116,1222,0.00,2.03,0.00,0.000,3078,0.000,0.024,2477,2033,2944,3052,2837,0,0,0,0,0,0,28.83,25.79,28.83
$GC,1252,-0.45,-146.6,2477,2032,3053,2837,130.7,-9.7,120,1253,0.00,0.00,0.00,0.000,2054,0.000,0.000,2477,2032,2944,3052,2837,0,0,0,0,0,0,28.83,28.83,28.83
$GC,1282,-0.45,-146.6,2477,2032,3052,2837,133.7,-10.1,123,1283,0.00,0.00,0.00,0.000,2054,0.000,0.000,2477,2032,2945,3053,2837,0,0,0,0,0,0,28.83,28.83,28.83
$GC,1311,-0.45,-146.6,2477,2032,3052,2837,136.7,-10.1,126,1312,0.00,0.00,0.00,0.000,2054,0.000,0.000,2477,2032,2944,3052,2837,0,0,0,0,0,0,28.83,28.83,28.83
$GC,1341,-0.45,-146.6,2477,2032,3052,2837,139.8,-10.1,129,1351,0.00,2.12,0.00,0.000,2308,0.000,0.040,2477,3432,2945,3053,2837,0,0,0,0,0,0,28.83,26.10,28.83
$GC,1367,-0.45,-146.6,2477,3432,3052,2837,142.3,-10.4,131,1374,0.00,2.05,0.00,0.000,3078,0.000,0.018,2477,2027,2944,3052,2837,0,0,0,0,0,0,28.83,26.35,28.83
$GC,1405,-0.45,-146.6,2477,2026,3052,2837,146.5,-10.4,135,1407,0.00,0.00,0.00,0.000,2054,0.000,0.000,2477,2026,2944,3052,2837,0,0,0,0,0,0,28.83,28.83,28.83
$GC,1435,-0.45,-146.6,2477,2026,3052,2836,149.6,-10.3,138,1436,0.00,0.00,0.00,0.000,2054,0.000,0.000,2477,2025,2944,3052,2837,0,0,0,0,0,0,28.83,28.83,28.83
$GC,1465,-0.45,-146.6,2478,2025,3052,2837,153.0,-11.1,141,1466,0.00,0.00,0.00,0.000,2054,0.000,0.000,2477,2025,2944,3052,2837,0,0,0,0,0,0,28.83,28.83,28.83
$GC,1495,-0.45,-146.6,2477,2025,3052,2837,156.3,-11.0,144,1504,0.00,2.15,0.00,0.000,2308,0.000,0.040,2477,3440,2945,3053,2837,0,0,0,0,0,0,28.83,26.10,28.83
$GC,1529,-0.45,-146.6,2477,3439,3053,2837,159.9,-11.4,147,1536,0.00,2.08,0.00,0.000,3078,0.000,0.019,2477,2027,2945,3053,2837,0,0,0,0,0,0,28.83,25.55,28.83
$STATE,1555,end dive,BOTTOM_OBSTACLE_DETECTED
$STATE,1555,begin apogee
$GC,1560,-0.27,0.0,2477,2026,3052,2837,163.3,-11.3,150,1689,0.17,0.00,125.28,0.559,10246,0.133,0.000,2535,2026,2350,2440,2260,0,0,0,0,0,0,26.01,28.83,23.96
$STATE,1691,end apogee,CONTROL_FINISHED_OK
$STATE,1691,begin climb
$GC,1693,0.72,146.6,2535,2026,2439,2260,172.2,0.0,163,1819,0.98,2.28,117.62,0.549,10500,0.112,0.034,2845,3433,1765,1876,1655,0,0,0,0,0,0,25.11,25.29,24.00
$GC,1854,0.72,146.6,2845,3433,1875,1651,162.4,9.0,179,1863,0.00,2.08,0.00,0.000,1030,0.000,0.019,2856,2031,1762,1875,1650,0,0,0,0,0,0,28.83,25.66,28.83
$GC,1894,0.72,146.6,2856,2029,1875,1649,158.4,9.9,183,1895,0.00,0.00,0.00,0.000,6,0.000,0.000,2856,2029,1762,1875,1649,0,0,0,0,0,0,28.83,28.83,28.83
$GC,1923,0.72,146.6,2856,2028,1874,1649,155.6,9.4,186,1933,0.00,2.15,0.00,0.000,260,0.000,0.034,2856,3445,1761,1873,1649,0,0,0,0,0,0,28.83,25.77,28.83
$GC,1956,0.72,146.6,2856,3445,1873,1649,152.0,10.8,189,1965,0.00,2.10,0.00,0.000,1030,0.000,0.021,2857,2031,1760,1873,1648,0,0,0,0,0,0,28.83,25.92,28.83
$GC,1996,0.72,146.6,2856,2026,1873,1648,147.8,10.7,193,1997,0.00,0.00,0.00,0.000,6,0.000,0.000,2857,2026,1760,1873,1648,0,0,0,0,0,0,28.83,28.83,28.83
$GC,2026,0.72,146.6,2856,2026,1873,1647,144.8,9.9,196,2027,0.00,0.00,0.00,0.000,6,0.000,0.000,2857,2026,1760,1873,1647,0,0,0,0,0,0,28.83,28.83,28.83
$GC,2056,0.72,146.6,2856,2026,1873,1648,141.7,10.1,199,2058,0.00,0.00,0.00,0.000,6,0.000,0.000,2856,2026,1760,1873,1647,0,0,0,0,0,0,28.83,28.83,28.83
$GC,2086,0.72,146.6,2856,2026,1873,1647,138.8,9.7,202,2096,0.00,2.12,0.00,0.000,260,0.000,0.034,2857,3438,1760,1873,1647,0,0,0,0,0,0,28.83,25.96,28.83
$GC,2111,0.72,146.6,2856,3438,1873,1647,136.5,9.8,204,2118,0.00,2.08,0.00,0.000,1030,0.000,0.020,2857,2026,1759,1873,1646,0,0,0,0,0,0,28.83,26.09,28.83
$GC,2149,0.72,146.6,2856,2022,1873,1646,132.5,9.9,208,2150,0.00,0.00,0.00,0.000,6,0.000,0.000,2857,2022,1759,1873,1646,0,0,0,0,0,0,28.83,28.83,28.83
$GC,2179,0.72,146.6,2857,2022,1873,1646,129.6,9.7,211,2188,0.00,2.10,0.00,0.000,260,0.000,0.034,2857,3429,1759,1873,1646,0,0,0,0,0,0,28.83,26.01,28.83
$GC,2211,0.72,146.6,2857,3429,1873,1646,126.1,10.9,214,2215,0.00,2.05,0.00,0.000,1030,0.000,0.020,2857,2029,1759,1872,1646,0,0,0,0,0,0,28.83,26.15,28.83
$GC,2252,0.72,146.6,2857,2025,1872,1646,121.7,10.4,218,2254,0.00,0.00,0.00,0.000,6,0.000,0.000,2857,2025,1759,1872,1646,0,0,0,0,0,0,28.83,28.83,28.83
$GC,2282,0.72,146.6,2857,2025,1873,1646,118.9,9.6,221,2284,0.00,0.00,0.00,0.000,6,0.000,0.000,2857,2025,1759,1873,1646,0,0,0,0,0,0,28.83,28.83,28.83
$GC,2312,0.72,146.6,2857,2025,1873,1646,115.8,9.8,224,2314,0.00,0.00,0.00,0.000,6,0.000,0.000,2857,2025,1759,1872,1646,0,0,0,0,0,0,28.83,28.83,28.83
$GC,2343,0.72,146.6,2857,2025,1873,1646,112.9,9.9,227,2345,0.00,0.00,0.00,0.000,6,0.000,0.000,2857,2025,1759,1873,1646,0,0,0,0,0,0,28.83,28.83,28.83
$GC,2372,0.72,146.6,2857,2025,1873,1646,109.9,9.8,230,2382,0.00,2.12,0.00,0.000,260,0.000,0.034,2857,3445,1759,1873,1645,0,0,0,0,0,0,28.83,26.08,28.83
$GC,2405,0.72,146.6,2857,3445,1872,1645,106.5,10.6,233,2414,0.00,2.05,0.00,0.000,1030,0.000,0.021,2857,2031,1758,1872,1645,0,0,0,0,0,0,28.83,26.21,28.83
$GC,2445,0.72,146.6,2857,2026,1872,1645,102.6,9.9,237,2446,0.00,0.00,0.00,0.000,6,0.000,0.000,2857,2026,1758,1872,1645,0,0,0,0,0,0,28.83,28.83,28.83
$GC,2475,0.72,146.6,2857,2026,1873,1645,99.9,9.0,240,2476,0.00,0.00,0.00,0.000,6,0.000,0.000,2857,2026,1759,1873,1645,0,0,0,0,0,0,28.83,28.83,28.83
$GC,2506,0.72,146.6,2857,2027,1873,1645,97.2,8.9,243,2514,0.00,2.10,0.00,0.000,260,0.000,0.034,2857,3444,1759,1873,1645,0,0,0,0,0,0,28.83,26.10,28.83
$GC,2537,0.72,146.6,2857,3443,1872,1645,93.8,9.9,246,2547,0.00,2.05,0.00,0.000,1030,0.000,0.020,2857,2029,1759,1873,1645,0,0,0,0,0,0,28.83,26.24,28.83
$GC,2578,0.72,146.6,2857,2026,1872,1645,89.8,10.1,250,2579,0.00,0.00,0.00,0.000,6,0.000,0.000,2857,2026,1759,1873,1645,0,0,0,0,0,0,28.83,28.83,28.83
$GC,2607,0.72,146.6,2857,2026,1873,1645,86.8,9.7,253,2608,0.00,0.00,0.00,0.000,6,0.000,0.000,2857,2026,1759,1873,1645,0,0,0,0,0,0,28.83,28.83,28.83
$GC,2637,0.72,146.6,2857,2026,1872,1645,84.0,9.8,256,2639,0.00,0.00,0.00,0.000,6,0.000,0.000,2857,2026,1759,1873,1645,0,0,0,0,0,0,28.83,28.83,28.83
$GC,2668,0.72,146.6,2857,2026,1872,1645,81.0,9.7,259,2669,0.00,0.00,0.00,0.000,6,0.000,0.000,2857,2026,1758,1872,1645,0,0,0,0,0,0,28.83,28.83,28.83
$GC,2697,0.72,146.6,2857,2026,1872,1645,78.2,9.7,262,2707,0.00,2.12,0.00,0.000,260,0.000,0.034,2857,3442,1758,1872,1645,0,0,0,0,0,0,28.83,26.15,28.83
$GC,2730,0.72,146.6,2857,3443,1872,1645,74.5,10.9,265,2739,0.00,2.05,0.00,0.000,1030,0.000,0.020,2857,2024,1758,1872,1645,0,0,0,0,0,0,28.83,26.28,28.83
$GC,2771,0.72,146.6,2857,2021,1872,1645,70.2,10.5,269,2772,0.00,0.00,0.00,0.000,6,0.000,0.000,2857,2021,1758,1872,1645,0,0,0,0,0,0,28.83,28.83,28.83
$GC,2800,0.72,146.6,2856,2021,1872,1645,67.2,10.4,272,2809,0.00,2.12,0.00,0.000,260,0.000,0.034,2857,3436,1758,1872,1645,0,0,0,0,0,0,28.83,26.14,28.83
$GC,2834,0.72,146.6,2857,3436,1872,1645,63.5,11.4,275,2841,0.00,2.10,0.00,0.000,1030,0.000,0.024,2857,2034,1758,1872,1644,0,0,0,0,0,0,28.83,24.70,28.83
$GC,2872,0.72,146.6,2857,2029,1872,1645,58.7,11.9,279,2874,0.00,0.00,0.00,0.000,6,0.000,0.000,2857,2029,1758,1872,1645,0,0,0,0,0,0,28.83,28.83,28.83
$GC,2902,0.72,146.6,2857,2029,1872,1645,55.6,10.7,282,2903,0.00,0.00,0.00,0.000,6,0.000,0.000,2857,2029,1758,1872,1644,0,0,0,0,0,0,28.83,28.83,28.83
$GC,2932,0.72,146.6,2857,2029,1872,1645,52.5,10.2,285,2933,0.00,0.00,0.00,0.000,6,0.000,0.000,2857,2030,1758,1872,1645,0,0,0,0,0,0,28.83,28.83,28.83
$GC,2962,0.72,146.6,2857,2029,1872,1645,49.5,9.9,288,2963,0.00,0.00,0.00,0.000,6,0.000,0.000,2857,2029,1758,1872,1645,0,0,0,0,0,0,28.83,28.83,28.83
$GC,2992,0.72,146.6,2857,2029,1872,1645,46.4,10.3,291,2993,0.00,0.00,0.00,0.000,6,0.000,0.000,2857,2029,1758,1872,1644,0,0,0,0,0,0,28.83,28.83,28.83
$GC,3022,0.72,146.6,2857,2029,1872,1645,43.4,10.3,294,3023,0.00,0.00,0.00,0.000,6,0.000,0.000,2857,2029,1758,1872,1645,0,0,0,0,0,0,28.83,28.83,28.83
$GC,3052,0.72,146.6,2857,2029,1872,1645,40.3,10.1,297,3061,0.00,2.12,0.00,0.000,260,0.000,0.034,2857,3446,1758,1872,1644,0,0,0,0,0,0,28.83,26.16,28.83
$GC,3078,0.72,146.6,2857,3446,1872,1645,38.0,10.3,299,3085,0.00,2.10,0.00,0.000,1030,0.000,0.022,2856,2015,1758,1872,1645,0,0,0,0,0,0,28.83,25.58,28.83
$GC,3115,0.72,146.6,2857,2011,1872,1644,34.1,9.5,303,3116,0.00,0.00,0.00,0.000,6,0.000,0.000,2857,2011,1758,1872,1645,0,0,0,0,0,0,28.83,28.83,28.83
$GC,3144,0.72,146.6,2857,2011,1872,1645,31.5,8.9,306,3154,0.00,2.12,0.00,0.000,260,0.000,0.032,2857,3439,1758,1872,1644,0,0,0,0,0,0,28.83,26.18,28.83
$GC,3187,0.72,146.6,2857,3439,1872,1644,27.3,10.0,310,3191,0.00,2.05,0.00,0.000,1030,0.000,0.019,2857,2027,1758,1872,1644,0,0,0,0,0,0,28.83,26.31,28.83
$GC,3229,0.72,146.6,2857,2024,1872,1644,23.8,8.2,314,3230,0.00,0.00,0.00,0.000,6,0.000,0.000,2857,2023,1758,1872,1644,0,0,0,0,0,0,28.83,28.83,28.83
$GC,3259,0.78,196.1,2857,2024,1872,1644,21.5,7.7,317,3309,0.00,2.20,39.65,0.467,10500,0.000,0.034,2857,3432,1567,1684,1451,0,0,0,0,0,0,28.83,25.84,24.39
$GC,3353,0.78,196.1,2857,3432,1684,1449,12.9,11.0,326,3363,0.00,2.03,0.00,0.000,3078,0.000,0.020,2857,2037,1566,1684,1449,0,0,0,0,0,0,28.83,26.00,28.83
$GC,3392,0.78,196.1,2857,2036,1684,1448,8.5,10.9,330,3402,0.00,2.12,0.00,0.000,2564,0.000,0.034,2857,635,1565,1684,1447,0,0,0,0,0,0,28.83,25.91,28.83
$GC,3415,0.84,196.1,2857,634,1682,1447,6.6,9.3,332,3425,0.12,2.05,0.00,0.000,3078,0.083,0.022,2922,2038,1564,1681,1447,0,0,0,0,0,0,25.98,26.04,28.83
$STATE,3453,end climb,SURFACE_DEPTH_REACHED
$STATE,3453,begin surface coast
$FINISH,-0.4,1.021954
$STATE,3474,end surface coast,CONTROL_FINISHED_OK
$STATE,3474,begin surface
$SM_CCo,3490,210.75,0.431,1,0,463,473.51
$SM_GC,-4.03,7.60,0.00,210.75,0.068,0.000,0.431,232,2038,463,-7.39,0.23,473.51,0,0,0,0,1,0,25.99,28.83,24.22
$IRIDIUM_FIX,4729.30,-12221.39,220608,040451
$TT8_MAMPS,0.027713,0.027713
$HUMID,41.88
$INTERNAL_PRESSURE,8.14525
$TCM_TEMP,17.70
$XPDR_PINGS,151
$ALTIM_TOP_PING,19.3,23.7
$ALTIM_BOTTOM_PING,150.7,36.6
$24V_AH,24.0,45.816
$10V_AH,9.9,22.178
$FG_AHR_24Vo,0.000
$FG_AHR_10Vo,0.000
$DEVICES,Pitch_motor,Roll_motor,VBD_pump_during_apogee,VBD_pump_during_surface,VBD_valve,Iridium_during_init,Iridium_during_connect,Iridium_during_xfer,Transponder_ping,GUMSTIX_24V,GPS,TT8,LPSleep,TT8_Active,TT8_Sampling,TT8_CF8,TT8_Kalman,Analog_circuits,GPS_charging,Compass,RAFOS,Transponder,Compass2
$DEVICE_SECS,19.325,96.075,282.550,210.750,0.000,28.638,34.856,228.396,43.000,0.000,19.329,980.568,1086.160,688.854,1174.140,198.030,0.000,1307.877,0.000,851.424,0.000,34.646,0.000
$DEVICE_MAMPS,229.500,41.310,559.215,431.460,0.000,43.600,160.000,223.000,420.000,0.000,28.460,13.960,2.190,13.960,37.930,44.670,0.000,16.000,0.000,15.730,0.000,30.000,0.000
$SENSORS,SBE_CT,AA4330,WL_BB2FLVMG,nil,nil,nil,nil,nil,nil,nil
$SENSOR_SECS,226.098,443.967,582.376,0.000,0.000,0.000,0.000,0.000,0.000,0.000
$SENSOR_MAMPS,23.220,33.000,105.000,0.000,0.000,0.000,0.000,0.000,0.000,0.000
$MEM,354516
$DATA_FILE_SIZE,23724,338
$CAP_FILE_SIZE,110194,0
$CFSIZE,260165632,245293056
$ERRORS,0,0,0,0,0,0,0,0,0,0,0,0,0,1,0,0
$CURRENT,0.147,208.9,1
$GPS,010626,210803,4747.937,-12225.729,7,1.0,30,18.2
