version: 66.11
glider: 175
mission: 11
dive: 393
start: 6 6 126 2 26 13
data:
$ID,175
$MISSION,11
$DIVE,393
$N_DIVES,0
$D_SURF,3
$D_FLARE,3
$D_TGT,150
$D_ABORT,1090
$D_NO_BLEED,50
$D_BOOST,3
$T_BOOST,0
$D_FINISH,0
$D_PITCH,0
$D_SAFE,0
$D_CALL,0
$SURFACE_URGENCY,0
$SURFACE_URGENCY_TRY,0
$SURFACE_URGENCY_FORCE,0
$T_DIVE,50
$T_MISSION,75
$T_ABORT,1440
$T_TURN,300
$T_TURN_SAMPINT,5
$T_NO_W,120
$T_LOITER,0
$T_EPIRB,0
$USE_BATHY,0
$USE_ICE,0
$ICE_FREEZE_MARGIN,0.30000001
$D_OFFGRID,100
$T_WATCHDOG,10
$RELAUNCH,1
$APOGEE_PITCH,-8
$MAX_BUOY,150
$COURSE_BIAS,0
$GLIDE_SLOPE,30
$SPEED_FACTOR,1
$RHO,1.0235
$MASS,51878
$MASS_COMP,0
$NAV_MODE,2
$FERRY_MAX,45
$KALMAN_USE,2
$HD_A,0.0024900001
$HD_B,0.0091000004
$HD_C,5.7000002e-06
$HEADING,-1
$ESCAPE_HEADING,0
$ESCAPE_HEADING_DELTA,10
$FIX_MISSING_TIMEOUT,0
$TGT_DEFAULT_LAT,47.766998
$TGT_DEFAULT_LON,-122.413
$TGT_AUTO_DEFAULT,0
$SM_CC,473.51199
$N_FILEKB,4
$FILEMGR,0
$CALL_NDIVES,1
$COMM_SEQ,0
$PROTOCOL,1
$N_NOCOMM,1
$NOCOMM_ACTION,0
$N_NOSURFACE,0
$UPLOAD_DIVES_MAX,-1
$CALL_TRIES,5
$CALL_WAIT,60
$CAPUPLOAD,1
$CAPMAXSIZE,200000
$HEAPDBG,0
$T_GPS,15
$N_GPS,30
$T_GPS_ALMANAC,0
$T_GPS_CHARGE,-39376.367
$T_RSLEEP,2
$STROBE,0
$RAFOS_PEAK_OFFSET,1.5
$RAFOS_CORR_THRESH,60
$RAFOS_HIT_WINDOW,3600
$PITCH_MIN,255
$PITCH_MAX,3935
$C_PITCH,2626
$PITCH_DBAND,0.0099999998
$PITCH_CNV,0.003125763
$P_OVSHOOT,0.039999999
$PITCH_GAIN,30
$PITCH_TIMEOUT,17
$PITCH_AD_RATE,160
$PITCH_MAXERRORS,1
$PITCH_ADJ_GAIN,0.02
$PITCH_ADJ_DBAND,2.5
$ROLL_MIN,171
$ROLL_MAX,3723
$ROLL_DEG,40
$C_ROLL_DIVE,2030
$C_ROLL_CLIMB,2030
$HEAD_ERRBAND,10
$ROLL_CNV,0.028270001
$ROLL_TIMEOUT,15
$R_PORT_OVSHOOT,58
$R_STBD_OVSHOOT,48
$ROLL_AD_RATE,300
$ROLL_MAXERRORS,2
$ROLL_ADJ_GAIN,0
$ROLL_ADJ_DBAND,0
$VBD_MIN,465
$VBD_MAX,3960
$C_VBD,2350
$VBD_DBAND,2
$VBD_CNV,-0.25119999
$VBD_TIMEOUT,720
$PITCH_VBD_SHIFT,0.0012300001
$VBD_PUMP_AD_RATE_SURFACE,5
$VBD_PUMP_AD_RATE_APOGEE,4
$VBD_BLEED_AD_RATE,8
$UNCOM_BLEED,60
$VBD_MAXERRORS,1
$W_ADJ_DBAND,2
$DBDW,0
$PITCH_W_GAIN,0
$PITCH_W_DBAND,1
$CF8_MAXERRORS,5
$AH0_24V,145
$AH0_10V,95
$MINV_24V,19
$MINV_10V,8
$FG_AHR_10V,0
$FG_AHR_24V,0
$PHONE_SUPPLY,2
$PRESSURE_YINT,-13.51214
$PRESSURE_SLOPE,0.0001165895
$AD7714Ch0Gain,128
$TCM_PITCH_OFFSET,0
$TCM_ROLL_OFFSET,0
$COMPASS_USE,4
$ALTIM_BOTTOM_PING_RANGE,0
$ALTIM_TOP_PING_RANGE,20
$ALTIM_BOTTOM_TURN_MARGIN,25
$ALTIM_TOP_TURN_MARGIN,0
$ALTIM_TOP_MIN_OBSTACLE,1
$ALTIM_PING_DEPTH,60
$ALTIM_PING_DELTA,5
$ALTIM_FREQUENCY,13
$ALTIM_PULSE,3
$ALTIM_SENSITIVITY,4
$XPDR_VALID,5
$XPDR_INHIBIT,90
$INT_PRESSURE_SLOPE,0.0097660003
$INT_PRESSURE_YINT,-0.40000001
$DEEPGLIDER,0
$DEEPGLIDERMB,0
$MOTHERBOARD,4
$DEVICE1,2
$DEVICE2,101
$DEVICE3,38
$DEVICE4,-1
$DEVICE5,-1
$DEVICE6,-1
$LOGGERS,7
$LOGGERDEVICE1,-1
$LOGGERDEVICE2,-1
$LOGGERDEVICE3,-1
$LOGGERDEVICE4,-1
$COMPASS_DEVICE,33
$COMPASS2_DEVICE,-1
$PHONE_DEVICE,49
$GPS_DEVICE,32
$RAFOS_DEVICE,-1
$XPDR_DEVICE,24
$SIM_W,0
$SIM_PITCH,0
$SEABIRD_T_G,0.0043137739
$SEABIRD_T_H,0.00062868668
$SEABIRD_T_I,2.2691316e-05
$SEABIRD_T_J,2.2586789e-06
$SEABIRD_C_G,-10.021329
$SEABIRD_C_H,1.1236943
$SEABIRD_C_I,-0.0013673168
$SEABIRD_C_J,0.00018808816
$GPS1,060626,021941,4751.531,-12224.360,12,1.7,12,18.3
$_CALLS,1
$_XMS_NAKs,0
$_XMS_TOUTs,0
$_SM_DEPTHo,-5.87
$_SM_ANGLEo,-63.4
$GPS2,060626,022546,4751.470,-12224.365,9,1.8,14,18.3
$SPEED_LIMITS,0.173,0.272
$TGT_NAME,WEST_175
$TGT_LATLONG,4751.410,-12224.870
$TGT_RADIUS,200.000
$KALMAN_CONTROL,0.079,0.297
$KALMAN_X,-30076.6,-183.3,-72.9,29774.7,-185.0
$KALMAN_Y,25757.5,-625.9,-357.4,-36445.5,446.9
$MHEAD_RNG_PITCHd_Wd,224.2,637,-16.2,-10.000,-20.17,2231
$D_GRID,150
$GCHEAD,st_secs,pitch_ctl,vbd_ctl,pitch_ad_start,roll_ad_start,vbd_pot1_ad_start,vbd_pot2_ad_start,depth,ob_vertv,data_pts,end_secs,pitch_secs,roll_secs,vbd_secs,vbd_i,gcphase,pitch_i,roll_i,pitch_ad,roll_ad,vbd_ad,vbd_pot1_ad,vbd_pot2_ad,pitch_retries,pitch_errors,roll_retries,roll_errors,vbd_retries,vbd_errors,pitch_volts,roll_volts,vbd_volts
$STATE,13,end surface,CONTROL_FINISHED_OK
$STATE,13,begin dive
$GC,15,-0.72,-146.6,241,2022,476,435,0.0,0.0,0,109,0.00,0.00,-88.32,0.000,16390,0.000,0.000,241,2022,2934,3019,2850,0,0,0,0,0,0,28.83,28.83,26.37
$GC,112,-0.72,-146.6,241,2022,3020,2851,-2.4,-6.8,9,131,8.85,2.20,0.00,0.000,2308,0.224,0.044,2374,3424,2940,3030,2850,0,0,0,0,0,0,24.83,25.82,28.83
$GC,420,-0.48,-146.6,2374,3424,3044,2843,71.4,-22.0,39,429,0.28,2.03,0.00,0.000,3078,0.147,0.023,2461,2003,2943,3046,2841,0,0,0,0,0,0,25.51,26.22,28.83
$GC,459,-0.35,-146.6,2461,2002,3046,2840,78.1,-17.0,43,461,0.17,0.00,0.00,0.000,2054,0.144,0.000,2511,2003,2943,3047,2840,0,0,0,0,0,0,25.90,28.83,28.83
$GC,488,-0.35,-146.6,2511,2003,3047,2840,81.5,-11.3,46,492,0.00,2.03,0.00,0.000,2564,0.000,0.035,2511,660,2943,3047,2840,0,0,0,0,0,0,28.83,25.98,28.83
$GC,533,-0.41,-146.6,2511,660,3048,2837,85.6,-10.0,50,543,0.00,2.00,0.00,0.000,5126,0.000,0.027,2509,2030,2943,3048,2838,0,0,0,0,0,0,28.83,26.17,28.83
$GC,570,-0.41,-146.6,2509,2030,3048,2838,89.1,-8.6,54,572,0.00,0.00,0.00,0.000,4102,0.000,0.000,2509,2030,2943,3048,2838,0,0,0,0,0,0,28.83,28.83,28.83
$GC,601,-0.41,-146.6,2509,2030,3048,2838,91.4,-7.6,57,602,0.00,0.00,0.00,0.000,4102,0.000,0.000,2509,2030,2943,3048,2838,0,0,0,0,0,0,28.83,28.83,28.83
$GC,630,-0.41,-146.6,2509,2030,3048,2838,94.0,-8.4,60,632,0.00,0.00,0.00,0.000,4102,0.000,0.000,2509,2030,2943,3048,2838,0,0,0,0,0,0,28.83,28.83,28.83
$GC,661,-0.41,-146.6,2509,2030,3048,2837,97.4,-10.9,63,663,0.00,0.00,0.00,0.000,4102,0.000,0.000,2509,2030,2942,3048,2837,0,0,0,0,0,0,28.83,28.83,28.83
$GC,693,-0.41,-146.6,2509,2030,3048,2837,100.2,-9.7,66,700,0.00,0.00,0.00,0.000,4102,0.000,0.000,2509,2030,2942,3048,2837,0,0,0,0,0,0,28.83,28.83,28.83
$GC,730,-0.41,-146.6,2509,2030,3048,2837,103.5,-8.1,70,732,0.00,0.00,0.00,0.000,4102,0.000,0.000,2510,2030,2942,3048,2837,0,0,0,0,0,0,28.83,28.83,28.83
$GC,762,-0.41,-146.6,2509,2030,3048,2837,105.9,-7.7,73,771,0.00,2.03,0.00,0.000,4612,0.000,0.028,2509,657,2942,3048,2837,0,0,0,0,0,0,28.83,26.18,28.83
$GC,817,-0.41,-146.6,2509,657,3048,2837,110.8,-9.4,78,827,0.00,2.00,0.00,0.000,5126,0.000,0.025,2509,2037,2942,3048,2837,0,0,0,0,0,0,28.83,26.24,28.83
$GC,855,-0.41,-146.6,2509,2037,3049,2837,114.4,-9.2,82,866,0.00,2.10,0.00,0.000,4356,0.000,0.037,2509,3439,2943,3049,2837,0,0,0,0,0,0,28.83,26.13,28.83
$GC,920,-0.46,-146.6,2509,3439,3050,2837,119.6,-8.6,88,931,0.10,2.00,0.00,0.000,5126,0.096,0.018,2457,2027,2943,3050,2837,0,0,0,0,0,0,26.22,26.32,28.83
$GC,960,-0.46,-146.6,2456,2028,3050,2837,124.0,-11.1,92,962,0.08,0.00,0.00,0.000,2054,0.184,0.000,2471,2027,2943,3050,2836,0,0,0,0,0,0,26.25,28.83,28.83
$GC,992,-0.46,-146.6,2471,2027,3050,2836,127.4,-11.5,95,998,0.00,0.00,0.00,0.000,2054,0.000,0.000,2472,2027,2943,3050,2837,0,0,0,0,0,0,28.83,28.83,28.83
$GC,1030,-0.46,-146.6,2471,2027,3050,2836,130.9,-8.8,99,1039,0.00,2.15,0.00,0.000,2308,0.000,0.041,2464,3428,2943,3050,2836,0,0,0,0,0,0,28.83,26.00,28.83
$GC,1084,-0.40,-146.6,2464,3428,3049,2837,138.2,-13.8,104,1094,0.08,1.98,0.00,0.000,3078,0.256,0.018,2487,2011,2943,3050,2837,0,0,0,0,0,0,24.23,26.34,28.83
$GC,1123,-0.40,-146.6,2487,2010,3050,2837,143.0,-12.3,108,1132,0.00,2.15,0.00,0.000,2308,0.000,0.037,2481,3431,2943,3049,2837,0,0,0,0,0,0,28.83,26.12,28.83
$GC,1151,-0.40,-146.6,2481,3431,3050,2836,145.3,-10.6,110,1160,0.00,2.03,0.00,0.000,3078,0.000,0.018,2481,2045,2943,3050,2836,0,0,0,0,0,0,28.83,26.34,28.83
$GC,1189,-0.40,-146.6,2481,2044,3050,2836,149.3,-9.3,114,1200,0.00,2.10,0.00,0.000,2308,0.000,0.039,2478,3429,2944,3051,2837,0,0,0,0,0,0,28.83,26.10,28.83
$STATE,1203,end dive,TARGET_DEPTH_EXCEEDED
$STATE,1203,begin apogee
$GC,1210,-0.27,0.0,2478,2080,3038,2847,150.4,-9.5,115,1356,0.17,0.05,128.90,0.529,10246,0.130,0.049,2534,1940,2350,2441,2260,0,0,0,0,1,0,25.92,24.76,23.93
$STATE,1357,end apogee,CONTROL_FINISHED_OK
$STATE,1357,begin climb
$GC,1359,0.72,146.6,2534,1940,2440,2260,150.7,0.0,130,1485,0.98,2.42,117.38,0.531,10500,0.108,0.034,2848,3445,1765,1876,1655,0,0,0,0,0,0,25.15,25.32,23.99
$GC,1610,0.67,146.6,2848,3445,1875,1650,129.4,11.6,155,1621,0.03,2.12,0.00,0.000,5126,0.180,0.021,2847,1994,1763,1876,1650,0,0,0,0,0,0,25.76,25.92,28.83
$GC,1650,0.67,146.6,2847,1991,1876,1650,125.7,9.3,159,1651,0.00,0.00,0.00,0.000,4102,0.000,0.000,2847,1991,1763,1876,1650,0,0,0,0,0,0,28.83,28.83,28.83
$GC,1680,0.67,146.6,2847,1991,1875,1649,122.5,10.2,162,1689,0.00,2.20,0.00,0.000,4356,0.000,0.032,2847,3447,1762,1875,1649,0,0,0,0,0,0,28.83,25.93,28.83
$GC,1702,0.67,146.6,2847,3448,1875,1649,120.0,11.0,164,1711,0.00,2.08,0.00,0.000,5126,0.000,0.020,2855,2022,1762,1875,1649,0,0,0,0,0,0,28.83,26.03,28.83
$GC,1743,0.67,146.6,2854,2022,1875,1649,115.7,10.6,168,1744,0.00,0.00,0.00,0.000,4102,0.000,0.000,2855,2022,1762,1875,1649,0,0,0,0,0,0,28.83,28.83,28.83
$GC,1772,0.67,146.6,2854,2021,1875,1648,113.0,9.2,171,1773,0.00,0.00,0.00,0.000,4102,0.000,0.000,2855,2021,1761,1875,1648,0,0,0,0,0,0,28.83,28.83,28.83
$GC,1802,0.67,146.6,2854,2021,1875,1648,110.1,9.5,174,1811,0.00,2.12,0.00,0.000,4356,0.000,0.033,2855,3434,1761,1875,1648,0,0,0,0,0,0,28.83,26.01,28.83
$GC,1816,0.67,146.6,2855,3434,1875,1648,108.9,10.9,175,1825,0.03,2.10,0.00,0.000,5126,0.182,0.020,2849,2022,1761,1875,1648,0,0,0,0,0,0,25.94,26.12,28.83
$GC,1854,0.67,146.6,2849,2020,1874,1648,103.5,12.3,179,1855,0.00,0.00,0.00,0.000,4102,0.000,0.000,2849,2020,1761,1874,1648,0,0,0,0,0,0,28.83,28.83,28.83
$GC,1883,0.67,146.6,2849,2020,1874,1648,100.9,8.5,182,1885,0.00,0.00,0.00,0.000,4102,0.000,0.000,2849,2020,1761,1874,1648,0,0,0,0,0,0,28.83,28.83,28.83
$GC,1914,0.74,205.7,2849,2020,1874,1647,98.8,7.3,185,1964,0.00,0.00,47.65,0.500,10246,0.000,0.000,2849,2020,1530,1647,1413,0,0,0,0,0,0,28.83,28.83,24.23
$GC,1994,0.83,277.2,2849,2020,1646,1409,93.0,6.7,193,2057,0.12,2.25,55.47,0.490,10500,0.082,0.035,2912,3422,1245,1362,1128,0,0,0,0,0,0,25.92,25.44,24.11
$GC,2086,0.76,277.2,2912,3422,1362,1124,80.1,16.2,202,2096,0.15,2.05,0.00,0.000,5126,0.125,0.021,2875,2039,1242,1362,1123,0,0,0,0,0,0,25.33,25.69,28.83
$GC,2125,0.76,277.2,2875,2036,1362,1122,74.5,14.0,206,2126,0.00,0.00,0.00,0.000,4102,0.000,0.000,2875,2036,1242,1362,1122,0,0,0,0,0,0,28.83,28.83,28.83
$GC,2155,0.76,277.2,2875,2036,1362,1121,71.3,10.9,209,2156,0.00,0.00,0.00,0.000,4102,0.000,0.000,2875,2036,1241,1362,1120,0,0,0,0,0,0,28.83,28.83,28.83
$GC,2185,0.76,277.2,2875,2035,1362,1119,68.2,10.2,212,2187,0.00,0.00,0.00,0.000,4102,0.000,0.000,2875,2036,1240,1362,1119,0,0,0,0,0,0,28.83,28.83,28.83
$GC,2215,0.76,277.2,2875,2036,1362,1119,65.4,9.7,215,2225,0.00,2.12,0.00,0.000,4356,0.000,0.035,2875,3431,1240,1362,1119,0,0,0,0,0,0,28.83,25.86,28.83
$GC,2248,0.76,277.2,2875,3430,1361,1118,61.9,10.2,218,2257,0.00,2.08,0.00,0.000,5126,0.000,0.020,2881,2017,1239,1361,1117,0,0,0,0,0,0,28.83,26.01,28.83
$GC,2288,0.76,277.2,2881,2013,1361,1117,57.7,10.4,222,2297,0.00,2.10,0.00,0.000,4612,0.000,0.035,2882,629,1239,1361,1117,0,0,0,0,0,0,28.83,25.93,28.83
$GC,2302,0.76,277.2,2882,629,1361,1116,56.6,11.0,223,2311,0.00,2.12,0.00,0.000,5126,0.000,0.023,2882,2036,1238,1360,1116,0,0,0,0,0,0,28.83,25.91,28.83
$GC,2340,0.76,277.2,2882,2036,1360,1116,51.7,11.5,227,2350,0.00,2.12,0.00,0.000,4356,0.000,0.034,2882,3431,1238,1360,1116,0,0,0,0,0,0,28.83,25.98,28.83
$GC,2373,0.76,277.2,2882,3431,1360,1116,46.8,14.3,230,2382,0.00,2.05,0.00,0.000,5126,0.000,0.020,2882,2026,1238,1360,1116,0,0,0,0,0,0,28.83,26.10,28.83
$GC,2413,0.76,277.2,2882,2023,1360,1116,40.9,14.7,234,2414,0.00,0.00,0.00,0.000,4102,0.000,0.000,2882,2023,1238,1360,1116,0,0,0,0,0,0,28.83,28.83,28.83
$GC,2443,0.76,277.2,2882,2023,1360,1116,36.7,13.9,237,2444,0.00,0.00,0.00,0.000,4102,0.000,0.000,2882,2022,1238,1360,1116,0,0,0,0,0,0,28.83,28.83,28.83
$GC,2473,0.76,277.2,2882,2022,1360,1116,32.6,13.7,240,2482,0.00,2.15,0.00,0.000,4356,0.000,0.034,2882,3435,1237,1360,1115,0,0,0,0,0,0,28.83,26.04,28.83
$GC,2505,0.76,277.2,2882,3435,1360,1116,28.5,13.1,243,2515,0.00,2.05,0.00,0.000,5126,0.000,0.021,2882,2032,1237,1360,1115,0,0,0,0,0,0,28.83,26.16,28.83
$GC,2545,0.76,277.2,2882,2027,1360,1115,23.7,12.1,247,2555,0.00,2.12,0.00,0.000,4612,0.000,0.035,2882,629,1237,1360,1115,0,0,0,0,0,0,28.83,26.05,28.83
$GC,2560,0.76,277.2,2882,629,1360,1115,22.7,11.9,248,2568,0.00,2.10,0.00,0.000,5126,0.000,0.027,2882,2028,1237,1360,1115,0,0,0,0,0,0,28.83,25.38,28.83
$GC,2599,0.76,277.2,2882,2028,1359,1115,17.8,11.3,252,2608,0.00,2.10,0.00,0.000,4356,0.000,0.037,2882,3428,1237,1359,1115,0,0,0,0,0,0,28.83,26.07,28.83
$GC,2665,0.76,277.2,2000,3426,1340,1114,9.7,12.5,258,2671,0.00,2.08,0.00,0.000,5126,0.000,0.022,2882,2021,1237,1359,1115,0,0,0,0,0,0,28.83,26.17,28.83
$GC,2702,0.76,277.2,2882,2017,1359,1115,5.8,9.8,262,2703,0.00,0.00,0.00,0.000,4102,0.000,0.000,2882,2017,1237,1359,1116,0,0,0,0,0,0,28.83,28.83,28.83
$STATE,2730,end climb,SURFACE_DEPTH_REACHED
$STATE,2730,begin surface coast
$FINISH,0.4,1.022038
$STATE,2762,end surface coast,CONTROL_FINISHED_OK
$STATE,2762,begin surface
$SM_CCo,2777,152.12,0.425,1,0,464,473.51
$SM_GC,-5.88,7.28,0.00,152.12,0.057,0.000,0.425,234,2016,464,-7.38,-0.40,473.51,0,0,0,0,1,0,26.17,28.83,24.15
$IRIDIUM_FIX,4735.69,-12222.11,260608,111137
$TT8_MAMPS,0.027713,0.027713
$HUMID,42.87
$INTERNAL_PRESSURE,8.16478
$TCM_TEMP,17.80
$XPDR_PINGS,121
$ALTIM_TOP_PING,18.8,24.9
$24V_AH,23.9,55.684
$10V_AH,10.0,27.005
$FG_AHR_24Vo,0.000
$FG_AHR_10Vo,0.000
$DEVICES,Pitch_motor,Roll_motor,VBD_pump_during_apogee,VBD_pump_during_surface,VBD_valve,Iridium_during_init,Iridium_during_connect,Iridium_during_xfer,Transponder_ping,GUMSTIX_24V,GPS,TT8,LPSleep,TT8_Active,TT8_Sampling,TT8_CF8,TT8_Kalman,Analog_circuits,GPS_charging,Compass,RAFOS,Transponder,Compass2
$DEVICE_SECS,18.300,71.525,349.400,152.125,0.000,22.387,23.248,215.800,36.000,0.000,16.916,739.977,778.048,628.135,986.330,185.550,0.000,1157.533,0.000,730.863,0.000,40.116,0.000
$DEVICE_MAMPS,256.275,48.960,530.910,424.575,0.000,43.600,160.000,223.000,420.000,0.000,28.460,13.960,2.190,13.960,37.930,44.670,0.000,16.000,0.000,15.730,0.000,30.000,0.000
$SENSORS,SBE_CT,AA4330,WL_BB2FLVMG,nil,nil,nil,nil,nil,nil,nil
$SENSOR_SECS,177.097,351.426,462.054,0.000,0.000,0.000,0.000,0.000,0.000,0.000
$SENSOR_MAMPS,23.220,33.000,105.000,0.000,0.000,0.000,0.000,0.000,0.000,0.000
$MEM,323468
$DATA_FILE_SIZE,20398,268
$CAP_FILE_SIZE,82849,0
$CFSIZE,260165632,240631808
$ERRORS,0,0,0,0,0,0,0,0,0,0,0,0,0,2,0,0
$CURRENT,0.230, 48.9,1
$GPS,060626,031627,4751.561,-12224.432,11,1.3,39,18.3
