version: 66.11
glider: 175
mission: 11
dive: 354
start: 6 4 126 18 36 2
data:
$ID,175
$MISSION,11
$DIVE,354
$N_DIVES,0
$D_SURF,3
$D_FLARE,3
$D_TGT,150
$D_ABORT,1090
$D_NO_BLEED,50
$D_BOOST,3
$T_BOOST,0
$D_FINISH,0
$D_PITCH,0
$D_SAFE,0
$D_CALL,0
$SURFACE_URGENCY,0
$SURFACE_URGENCY_TRY,0
$SURFACE_URGENCY_FORCE,0
$T_DIVE,50
$T_MISSION,75
$T_ABORT,1440
$T_TURN,300
$T_TURN_SAMPINT,5
$T_NO_W,120
$T_LOITER,0
$T_EPIRB,0
$USE_BATHY,-1
$USE_ICE,0
$ICE_FREEZE_MARGIN,0.30000001
$D_OFFGRID,100
$T_WATCHDOG,10
$RELAUNCH,1
$APOGEE_PITCH,-8
$MAX_BUOY,150
$COURSE_BIAS,0
$GLIDE_SLOPE,30
$SPEED_FACTOR,1
$RHO,1.0235
$MASS,51878
$MASS_COMP,0
$NAV_MODE,2
$FERRY_MAX,45
$KALMAN_USE,2
$HD_A,0.0024900001
$HD_B,0.0091000004
$HD_C,5.7000002e-06
$HEADING,-1
$ESCAPE_HEADING,0
$ESCAPE_HEADING_DELTA,10
$FIX_MISSING_TIMEOUT,0
$TGT_DEFAULT_LAT,47.766998
$TGT_DEFAULT_LON,-122.413
$TGT_AUTO_DEFAULT,0
$SM_CC,473.51199
$N_FILEKB,4
$FILEMGR,0
$CALL_NDIVES,1
$COMM_SEQ,0
$PROTOCOL,9
$N_NOCOMM,1
$NOCOMM_ACTION,0
$N_NOSURFACE,0
$UPLOAD_DIVES_MAX,-1
$CALL_TRIES,5
$CALL_WAIT,60
$CAPUPLOAD,1
$CAPMAXSIZE,200000
$HEAPDBG,0
$T_GPS,15
$N_GPS,30
$T_GPS_ALMANAC,0
$T_GPS_CHARGE,-39327.145
$T_RSLEEP,2
$STROBE,0
$RAFOS_PEAK_OFFSET,1.5
$RAFOS_CORR_THRESH,60
$RAFOS_HIT_WINDOW,3600
$PITCH_MIN,255
$PITCH_MAX,3935
$C_PITCH,2626
$PITCH_DBAND,0.0099999998
$PITCH_CNV,0.003125763
$P_OVSHOOT,0.039999999
$PITCH_GAIN,30
$PITCH_TIMEOUT,17
$PITCH_AD_RATE,160
$PITCH_MAXERRORS,1
$PITCH_ADJ_GAIN,0.02
$PITCH_ADJ_DBAND,2.5
$ROLL_MIN,171
$ROLL_MAX,3723
$ROLL_DEG,40
$C_ROLL_DIVE,2030
$C_ROLL_CLIMB,2030
$HEAD_ERRBAND,10
$ROLL_CNV,0.028270001
$ROLL_TIMEOUT,15
$R_PORT_OVSHOOT,58
$R_STBD_OVSHOOT,50
$ROLL_AD_RATE,300
$ROLL_MAXERRORS,2
$ROLL_ADJ_GAIN,0
$ROLL_ADJ_DBAND,0
$VBD_MIN,465
$VBD_MAX,3960
$C_VBD,2350
$VBD_DBAND,2
$VBD_CNV,-0.25119999
$VBD_TIMEOUT,720
$PITCH_VBD_SHIFT,0.0012300001
$VBD_PUMP_AD_RATE_SURFACE,5
$VBD_PUMP_AD_RATE_APOGEE,4
$VBD_BLEED_AD_RATE,8
$UNCOM_BLEED,60
$VBD_MAXERRORS,1
$W_ADJ_DBAND,2
$DBDW,0
$PITCH_W_GAIN,0
$PITCH_W_DBAND,1
$CF8_MAXERRORS,5
$AH0_24V,145
$AH0_10V,95
$MINV_24V,19
$MINV_10V,8
$FG_AHR_10V,0
$FG_AHR_24V,0
$PHONE_SUPPLY,2
$PRESSURE_YINT,-13.51214
$PRESSURE_SLOPE,0.0001165895
$AD7714Ch0Gain,128
$TCM_PITCH_OFFSET,0
$TCM_ROLL_OFFSET,0
$COMPASS_USE,4
$ALTIM_BOTTOM_PING_RANGE,0
$ALTIM_TOP_PING_RANGE,20
$ALTIM_BOTTOM_TURN_MARGIN,25
$ALTIM_TOP_TURN_MARGIN,0
$ALTIM_TOP_MIN_OBSTACLE,1
$ALTIM_PING_DEPTH,60
$ALTIM_PING_DELTA,5
$ALTIM_FREQUENCY,13
$ALTIM_PULSE,3
$ALTIM_SENSITIVITY,4
$XPDR_VALID,5
$XPDR_INHIBIT,90
$INT_PRESSURE_SLOPE,0.0097660003
$INT_PRESSURE_YINT,-0.40000001
$DEEPGLIDER,0
$DEEPGLIDERMB,0
$MOTHERBOARD,4
$DEVICE1,2
$DEVICE2,101
$DEVICE3,38
$DEVICE4,-1
$DEVICE5,-1
$DEVICE6,-1
$LOGGERS,7
$LOGGERDEVICE1,-1
$LOGGERDEVICE2,-1
$LOGGERDEVICE3,-1
$LOGGERDEVICE4,-1
$COMPASS_DEVICE,33
$COMPASS2_DEVICE,-1
$PHONE_DEVICE,49
$GPS_DEVICE,32
$RAFOS_DEVICE,-1
$XPDR_DEVICE,24
$SIM_W,0
$SIM_PITCH,0
$SEABIRD_T_G,0.0043137739
$SEABIRD_T_H,0.00062868668
$SEABIRD_T_I,2.2691316e-05
$SEABIRD_T_J,2.2586789e-06
$SEABIRD_C_G,-10.021329
$SEABIRD_C_H,1.1236943
$SEABIRD_C_I,-0.0013673168
$SEABIRD_C_J,0.00018808816
$GPS1,040626,183028,4751.511,-12224.769,39,1.0,39,18.3
$_CALLS,1
$_XMS_NAKs,0
$_XMS_TOUTs,0
$_SM_DEPTHo,-5.24
$_SM_ANGLEo,-69.5
$GPS2,040626,183535,4751.539,-12224.801,13,1.0,13,18.3
$SPEED_LIMITS,0.173,0.272
$TGT_NAME,SOUTHB_175
$TGT_LATLONG,4750.390,-12222.950
$TGT_RADIUS,200.000
$KALMAN_CONTROL,0.079,0.297
$KALMAN_X,-30076.6,-183.3,-72.9,29774.7,-185.0
$KALMAN_Y,25757.5,-625.9,-357.4,-36445.5,446.9
$MHEAD_RNG_PITCHd_Wd,107.3,3133,-16.2,-10.000,-20.17,2231
$D_GRID,100
$GCHEAD,st_secs,pitch_ctl,vbd_ctl,pitch_ad_start,roll_ad_start,vbd_pot1_ad_start,vbd_pot2_ad_start,depth,ob_vertv,data_pts,end_secs,pitch_secs,roll_secs,vbd_secs,vbd_i,gcphase,pitch_i,roll_i,pitch_ad,roll_ad,vbd_ad,vbd_pot1_ad,vbd_pot2_ad,pitch_retries,pitch_errors,roll_retries,roll_errors,vbd_retries,vbd_errors,pitch_volts,roll_volts,vbd_volts
$STATE,13,end surface,CONTROL_FINISHED_OK
$STATE,13,begin dive
$GC,16,-0.72,-146.6,236,2022,477,433,0.0,0.0,0,109,0.00,0.00,-87.28,0.000,16390,0.000,0.000,236,2022,2934,3018,2851,0,0,0,0,0,0,28.83,28.83,26.33
$GC,112,-0.72,-146.6,236,2022,3018,2852,-1.1,-8.2,9,131,8.95,2.10,0.00,0.000,2564,0.228,0.034,2393,642,2938,3024,2852,0,0,0,0,0,0,24.79,25.90,28.83
$GC,308,-0.56,-146.6,1600,642,3005,2842,47.1,-15.7,28,316,0.15,2.12,0.00,0.000,3078,0.135,0.034,2440,2024,2941,3037,2846,0,0,0,0,0,0,25.60,26.02,28.83
$GC,347,-0.43,-146.6,2439,2024,3039,2845,52.8,-14.1,32,356,0.15,2.12,0.00,0.000,2308,0.158,0.040,2477,3432,2942,3039,2845,0,0,0,0,0,0,25.83,25.98,28.83
$GC,432,-0.43,-146.6,1664,3431,3015,2837,61.9,-10.5,40,440,0.00,2.08,0.00,0.000,3078,0.000,0.019,2477,2017,2944,3046,2842,0,0,0,0,0,0,28.83,26.25,28.83
$GC,470,-0.43,-146.6,2477,2017,3046,2840,66.7,-12.2,44,471,0.00,0.00,0.00,0.000,2054,0.000,0.000,2477,2017,2943,3046,2840,0,0,0,0,0,0,28.83,28.83,28.83
$GC,501,-0.43,-146.6,2477,2017,3046,2840,69.8,-10.4,47,511,0.00,2.15,0.00,0.000,2308,0.000,0.041,2477,3430,2943,3046,2841,0,0,0,0,0,0,28.83,26.02,28.83
$GC,554,-0.43,-146.6,2477,3430,3047,2841,75.2,-10.1,52,558,0.00,2.03,0.00,0.000,3078,0.000,0.019,2477,2029,2944,3047,2841,0,0,0,0,0,0,28.83,26.26,28.83
$GC,596,-0.43,-146.6,2477,2026,3047,2839,79.7,-10.5,56,597,0.00,0.00,0.00,0.000,2054,0.000,0.000,2477,2025,2943,3047,2839,0,0,0,0,0,0,28.83,28.83,28.83
$GC,626,-0.43,-146.6,2477,2025,3047,2839,82.8,-10.5,59,628,0.00,0.00,0.00,0.000,2054,0.000,0.000,2477,2025,2943,3047,2839,0,0,0,0,0,0,28.83,28.83,28.83
$GC,658,-0.43,-146.6,2477,2025,3047,2839,85.9,-10.5,62,665,0.00,0.00,0.00,0.000,2054,0.000,0.000,2477,2025,2943,3047,2839,0,0,0,0,0,0,28.83,28.83,28.83
$GC,697,-0.43,-146.6,2477,2025,3047,2839,90.4,-11.3,66,698,0.00,0.00,0.00,0.000,2054,0.000,0.000,2477,2025,2943,3047,2839,0,0,0,0,0,0,28.83,28.83,28.83
$GC,726,-0.43,-146.6,2477,2025,3047,2839,93.6,-10.6,69,735,0.00,2.17,0.00,0.000,2308,0.000,0.042,2477,3445,2943,3047,2839,0,0,0,0,0,0,28.83,26.05,28.83
$GC,769,-0.43,-146.6,2477,3445,3047,2840,98.1,-10.5,73,778,0.00,2.05,0.00,0.000,3078,0.000,0.019,2477,2015,2943,3048,2839,0,0,0,0,0,0,28.83,26.29,28.83
$STATE,788,end dive,TARGET_DEPTH_EXCEEDED
$STATE,788,begin apogee
$GC,793,-0.27,0.0,2477,2015,3047,2838,100.1,-10.3,75,922,0.17,0.00,124.12,0.512,10246,0.132,0.000,2535,2014,2351,2441,2261,0,0,0,0,0,0,25.98,28.83,24.03
$STATE,924,end apogee,CONTROL_FINISHED_OK
$STATE,924,begin climb
$GC,926,0.72,146.6,2535,2014,2439,2261,108.0,0.0,88,1049,1.00,0.00,118.15,0.501,10758,0.117,0.000,2847,2014,1765,1880,1651,0,0,0,0,0,0,25.10,28.83,24.04
$GC,1080,0.72,146.6,2847,2014,1876,1648,99.0,8.5,104,1088,0.00,2.17,0.00,0.000,2308,0.000,0.034,2847,3436,1761,1875,1647,0,0,0,0,0,0,28.83,25.56,28.83
$GC,1134,0.72,146.6,2847,3436,1874,1646,93.5,10.4,109,1141,0.00,2.10,0.00,0.000,1030,0.000,0.020,2856,2044,1760,1874,1646,0,0,0,0,0,0,28.83,25.83,28.83
$GC,1172,0.72,146.6,2856,2041,1875,1645,89.7,9.5,113,1173,0.00,0.00,0.00,0.000,6,0.000,0.000,2856,2040,1760,1875,1645,0,0,0,0,0,0,28.83,28.83,28.83
$GC,1202,0.72,146.6,2856,2041,1874,1645,87.2,8.4,116,1203,0.00,0.00,0.00,0.000,6,0.000,0.000,2856,2041,1760,1875,1645,0,0,0,0,0,0,28.83,28.83,28.83
$GC,1232,0.72,146.6,2856,2041,1875,1644,84.7,8.4,119,1233,0.00,0.00,0.00,0.000,6,0.000,0.000,2856,2041,1759,1874,1644,0,0,0,0,0,0,28.83,28.83,28.83
$GC,1262,0.72,146.6,2856,2041,1874,1645,82.3,8.0,122,1271,0.00,2.12,0.00,0.000,260,0.000,0.034,2856,3448,1759,1874,1644,0,0,0,0,0,0,28.83,25.91,28.83
$GC,1306,0.81,217.4,1984,3446,1835,1639,79.5,6.7,126,1368,0.05,2.12,55.62,0.485,11270,0.067,0.024,2896,2019,1483,1600,1367,0,0,0,0,0,0,25.94,26.05,24.23
$GC,1402,0.81,217.4,2896,2019,1599,1362,69.2,12.4,135,1410,0.00,2.17,0.00,0.000,4356,0.000,0.036,2897,3435,1480,1599,1362,0,0,0,0,0,0,28.83,25.67,28.83
$GC,1435,0.81,217.4,2048,3433,1570,1358,64.7,12.9,138,1444,0.05,2.12,0.00,0.000,5126,0.150,0.024,2890,2039,1479,1598,1360,0,0,0,0,0,0,25.46,25.59,28.83
$GC,1473,0.81,217.4,2890,2035,1598,1359,60.0,11.7,142,1484,0.00,2.15,0.00,0.000,4356,0.000,0.033,2890,3449,1478,1598,1359,0,0,0,0,0,0,28.83,25.84,28.83
$GC,1496,0.81,217.4,2890,3449,1598,1359,57.2,11.6,144,1506,0.00,2.10,0.00,0.000,5126,0.000,0.019,2895,2016,1478,1598,1358,0,0,0,0,0,0,28.83,25.96,28.83
$GC,1536,0.81,217.4,2894,2014,1599,1358,52.2,12.4,148,1545,0.00,2.17,0.00,0.000,4356,0.000,0.034,2895,3440,1478,1598,1358,0,0,0,0,0,0,28.83,25.90,28.83
$GC,1581,0.81,217.4,2894,3440,1598,1358,46.6,13.4,152,1588,0.00,2.10,0.00,0.000,5126,0.000,0.021,2896,2032,1478,1598,1358,0,0,0,0,0,0,28.83,25.75,28.83
$GC,1619,0.81,217.4,2896,2028,1598,1357,41.6,12.4,156,1620,0.00,0.00,0.00,0.000,4102,0.000,0.000,2896,2028,1477,1598,1357,0,0,0,0,0,0,28.83,28.83,28.83
$GC,1649,0.81,217.4,2896,2028,1598,1357,38.3,11.5,159,1650,0.00,0.00,0.00,0.000,4102,0.000,0.000,2896,2028,1477,1598,1357,0,0,0,0,0,0,28.83,28.83,28.83
$GC,1678,0.81,217.4,2896,2027,1598,1357,34.6,12.2,162,1688,0.00,2.15,0.00,0.000,4356,0.000,0.034,2896,3448,1476,1597,1356,0,0,0,0,0,0,28.83,26.01,28.83
$GC,1744,0.81,217.4,2896,3448,1598,1357,26.4,13.1,168,1751,0.00,2.12,0.00,0.000,5126,0.000,0.025,2896,2032,1476,1597,1356,0,0,0,0,0,0,28.83,25.36,28.83
$GC,1781,0.81,217.4,2896,2028,1598,1356,21.6,12.1,172,1783,0.00,0.00,0.00,0.000,4102,0.000,0.000,2896,2028,1477,1598,1356,0,0,0,0,0,0,28.83,28.83,28.83
$GC,1812,0.81,217.4,2896,2028,1598,1356,18.1,11.6,175,1813,0.00,0.00,0.00,0.000,4102,0.000,0.000,2896,2028,1477,1598,1356,0,0,0,0,0,0,28.83,28.83,28.83
$GC,1841,0.81,217.4,2895,2028,1598,1355,14.7,11.4,178,1843,0.00,0.00,0.00,0.000,4102,0.000,0.000,2896,2028,1477,1598,1356,0,0,0,0,0,0,28.83,28.83,28.83
$GC,1871,0.81,217.4,2896,2028,1598,1355,11.5,10.7,181,1873,0.00,0.00,0.00,0.000,4102,0.000,0.000,2896,2028,1476,1598,1355,0,0,0,0,0,0,28.83,28.83,28.83
$GC,1902,0.81,217.4,2896,2028,1598,1355,8.3,10.6,184,1911,0.00,2.15,0.00,0.000,4356,0.000,0.034,2896,3446,1476,1598,1355,0,0,0,0,0,0,28.83,26.09,28.83
$GC,1936,0.81,217.4,2896,3447,1598,1355,4.8,10.8,187,1943,0.00,2.12,0.00,0.000,5126,0.000,0.021,2896,2026,1476,1598,1355,0,0,0,0,0,0,28.83,26.20,28.83
$STATE,1952,end climb,SURFACE_DEPTH_REACHED
$STATE,1952,begin surface coast
$FINISH,0.6,1.021753
$STATE,1974,end surface coast,CONTROL_FINISHED_OK
$STATE,1974,begin surface
$SM_CCo,1989,196.55,0.430,1,0,464,473.51
$SM_GC,-5.28,7.35,0.00,196.55,0.061,0.000,0.430,241,2022,464,-7.36,-0.23,473.51,0,0,0,0,1,0,26.15,28.83,24.18
$IRIDIUM_FIX,4732.49,-12220.39,250608,030356
$TT8_MAMPS,0.027713,0.027713
$HUMID,42.16
$INTERNAL_PRESSURE,8.14525
$TCM_TEMP,17.70
$XPDR_PINGS,102
$ALTIM_TOP_PING,19.3,24.6
$24V_AH,24.0,52.454
$10V_AH,9.9,25.490
$FG_AHR_24Vo,0.000
$FG_AHR_10Vo,0.000
$DEVICES,Pitch_motor,Roll_motor,VBD_pump_during_apogee,VBD_pump_during_surface,VBD_valve,Iridium_during_init,Iridium_during_connect,Iridium_during_xfer,Transponder_ping,GUMSTIX_24V,GPS,TT8,LPSleep,TT8_Active,TT8_Sampling,TT8_CF8,TT8_Kalman,Analog_circuits,GPS_charging,Compass,RAFOS,Transponder,Compass2
$DEVICE_SECS,17.875,46.725,297.900,196.550,0.000,22.758,20.190,158.824,28.000,0.000,15.895,526.475,548.036,579.409,743.140,120.778,0.000,966.539,0.000,526.059,0.000,16.396,0.000
$DEVICE_MAMPS,227.970,42.075,511.785,429.930,0.000,43.600,160.000,223.000,420.000,0.000,28.460,13.960,2.190,13.960,37.930,44.670,0.000,16.000,0.000,15.730,0.000,30.000,0.000
$SENSORS,SBE_CT,AA4330,WL_BB2FLVMG,nil,nil,nil,nil,nil,nil,nil
$SENSOR_SECS,125.808,250.210,329.120,0.000,0.000,0.000,0.000,0.000,0.000,0.000
$SENSOR_MAMPS,23.220,33.000,105.000,0.000,0.000,0.000,0.000,0.000,0.000,0.000
$MEM,354112
$DATA_FILE_SIZE,13736,191
$CAP_FILE_SIZE,58808,0
$CFSIZE,260165632,242135040
$ERRORS,0,0,0,0,0,0,0,0,0,0,0,0,0,1,0,0
$CURRENT,0.153,276.9,1
$GPS,040626,191323,4751.427,-12224.739,10,1.4,10,18.3
