version: 66.11
glider: 175
mission: 11
dive: 289
start: 6 2 126 8 43 42
data:
$ID,175
$MISSION,11
$DIVE,289
$N_DIVES,0
$D_SURF,3
$D_FLARE,3
$D_TGT,200
$D_ABORT,1090
$D_NO_BLEED,50
$D_BOOST,3
$T_BOOST,0
$D_FINISH,0
$D_PITCH,0
$D_SAFE,0
$D_CALL,0
$SURFACE_URGENCY,0
$SURFACE_URGENCY_TRY,0
$SURFACE_URGENCY_FORCE,0
$T_DIVE,65
$T_MISSION,80
$T_ABORT,1440
$T_TURN,300
$T_TURN_SAMPINT,5
$T_NO_W,120
$T_LOITER,0
$T_EPIRB,0
$USE_BATHY,1
$USE_ICE,0
$ICE_FREEZE_MARGIN,0.30000001
$D_OFFGRID,100
$T_WATCHDOG,10
$RELAUNCH,1
$APOGEE_PITCH,-8
$MAX_BUOY,150
$COURSE_BIAS,0
$GLIDE_SLOPE,30
$SPEED_FACTOR,1
$RHO,1.0235
$MASS,51878
$MASS_COMP,0
$NAV_MODE,2
$FERRY_MAX,45
$KALMAN_USE,2
$HD_A,0.0024900001
$HD_B,0.0091000004
$HD_C,5.7000002e-06
$HEADING,-1
$ESCAPE_HEADING,0
$ESCAPE_HEADING_DELTA,10
$FIX_MISSING_TIMEOUT,0
$TGT_DEFAULT_LAT,47.766998
$TGT_DEFAULT_LON,-122.413
$TGT_AUTO_DEFAULT,0
$SM_CC,473.51199
$N_FILEKB,4
$FILEMGR,0
$CALL_NDIVES,1
$COMM_SEQ,0
$PROTOCOL,9
$N_NOCOMM,1
$NOCOMM_ACTION,0
$N_NOSURFACE,0
$UPLOAD_DIVES_MAX,-1
$CALL_TRIES,5
$CALL_WAIT,60
$CAPUPLOAD,1
$CAPMAXSIZE,200000
$HEAPDBG,0
$T_GPS,15
$N_GPS,30
$T_GPS_ALMANAC,0
$T_GPS_CHARGE,-39130.184
$T_RSLEEP,2
$STROBE,0
$RAFOS_PEAK_OFFSET,1.5
$RAFOS_CORR_THRESH,60
$RAFOS_HIT_WINDOW,3600
$PITCH_MIN,255
$PITCH_MAX,3935
$C_PITCH,2626
$PITCH_DBAND,0.0099999998
$PITCH_CNV,0.003125763
$P_OVSHOOT,0.039999999
$PITCH_GAIN,30
$PITCH_TIMEOUT,17
$PITCH_AD_RATE,160
$PITCH_MAXERRORS,1
$PITCH_ADJ_GAIN,0.02
$PITCH_ADJ_DBAND,2.5
$ROLL_MIN,171
$ROLL_MAX,3723
$ROLL_DEG,40
$C_ROLL_DIVE,2030
$C_ROLL_CLIMB,2030
$HEAD_ERRBAND,10
$ROLL_CNV,0.028270001
$ROLL_TIMEOUT,15
$R_PORT_OVSHOOT,58
$R_STBD_OVSHOOT,51
$ROLL_AD_RATE,300
$ROLL_MAXERRORS,2
$ROLL_ADJ_GAIN,0
$ROLL_ADJ_DBAND,0
$VBD_MIN,465
$VBD_MAX,3960
$C_VBD,2350
$VBD_DBAND,2
$VBD_CNV,-0.25119999
$VBD_TIMEOUT,720
$PITCH_VBD_SHIFT,0.0012300001
$VBD_PUMP_AD_RATE_SURFACE,5
$VBD_PUMP_AD_RATE_APOGEE,4
$VBD_BLEED_AD_RATE,8
$UNCOM_BLEED,60
$VBD_MAXERRORS,1
$W_ADJ_DBAND,2
$DBDW,0
$PITCH_W_GAIN,0
$PITCH_W_DBAND,1
$CF8_MAXERRORS,5
$AH0_24V,145
$AH0_10V,95
$MINV_24V,19
$MINV_10V,8
$FG_AHR_10V,0
$FG_AHR_24V,0
$PHONE_SUPPLY,2
$PRESSURE_YINT,-13.51214
$PRESSURE_SLOPE,0.0001165895
$AD7714Ch0Gain,128
$TCM_PITCH_OFFSET,0
$TCM_ROLL_OFFSET,0
$COMPASS_USE,4
$ALTIM_BOTTOM_PING_RANGE,0
$ALTIM_TOP_PING_RANGE,20
$ALTIM_BOTTOM_TURN_MARGIN,25
$ALTIM_TOP_TURN_MARGIN,0
$ALTIM_TOP_MIN_OBSTACLE,1
$ALTIM_PING_DEPTH,60
$ALTIM_PING_DELTA,5
$ALTIM_FREQUENCY,13
$ALTIM_PULSE,3
$ALTIM_SENSITIVITY,4
$XPDR_VALID,5
$XPDR_INHIBIT,90
$INT_PRESSURE_SLOPE,0.0097660003
$INT_PRESSURE_YINT,-0.40000001
$DEEPGLIDER,0
$DEEPGLIDERMB,0
$MOTHERBOARD,4
$DEVICE1,2
$DEVICE2,101
$DEVICE3,38
$DEVICE4,-1
$DEVICE5,-1
$DEVICE6,-1
$LOGGERS,7
$LOGGERDEVICE1,-1
$LOGGERDEVICE2,-1
$LOGGERDEVICE3,-1
$LOGGERDEVICE4,-1
$COMPASS_DEVICE,33
$COMPASS2_DEVICE,-1
$PHONE_DEVICE,49
$GPS_DEVICE,32
$RAFOS_DEVICE,-1
$XPDR_DEVICE,24
$SIM_W,0
$SIM_PITCH,0
$SEABIRD_T_G,0.0043137739
$SEABIRD_T_H,0.00062868668
$SEABIRD_T_I,2.2691316e-05
$SEABIRD_T_J,2.2586789e-06
$SEABIRD_C_G,-10.021329
$SEABIRD_C_H,1.1236943
$SEABIRD_C_I,-0.0013673168
$SEABIRD_C_J,0.00018808816
$GPS1,020626,083740,4750.239,-12226.056,10,1.3,27,18.2
$_CALLS,1
$_XMS_NAKs,0
$_XMS_TOUTs,0
$_SM_DEPTHo,-4.27
$_SM_ANGLEo,-72.0
$GPS2,020626,084310,4750.260,-12226.099,18,1.3,29,18.2
$SPEED_LIMITS,0.178,0.275
$TGT_NAME,NORTH_175
$TGT_LATLONG,4750.320,-12225.910
$TGT_RADIUS,200.000
$KALMAN_CONTROL,0.079,0.297
$KALMAN_X,-30076.6,-183.3,-72.9,29774.7,-185.0
$KALMAN_Y,25757.5,-625.9,-357.4,-36445.5,446.9
$MHEAD_RNG_PITCHd_Wd,58.4,259,-25.3,-10.256,-28.39,1004
$D_GRID,100
$GCHEAD,st_secs,pitch_ctl,vbd_ctl,pitch_ad_start,roll_ad_start,vbd_pot1_ad_start,vbd_pot2_ad_start,depth,ob_vertv,data_pts,end_secs,pitch_secs,roll_secs,vbd_secs,vbd_i,gcphase,pitch_i,roll_i,pitch_ad,roll_ad,vbd_ad,vbd_pot1_ad,vbd_pot2_ad,pitch_retries,pitch_errors,roll_retries,roll_errors,vbd_retries,vbd_errors,pitch_volts,roll_volts,vbd_volts
$STATE,13,end surface,CONTROL_FINISHED_OK
$STATE,13,begin dive
$GC,15,-0.93,-67.4,237,2019,487,425,0.0,0.0,0,99,0.00,0.00,-76.55,0.000,16390,0.000,0.000,237,2020,2621,2696,2547,0,0,0,0,0,0,28.83,28.83,26.46
$GC,102,-0.99,-116.1,237,2019,2697,2548,-1.6,-5.3,8,122,8.57,2.25,-4.28,0.000,18692,0.230,0.053,2285,3431,2817,2910,2725,0,0,0,0,0,0,24.90,25.89,26.28
$GC,258,-0.72,-116.1,1508,3430,2884,2719,37.5,-21.0,23,267,0.38,2.10,0.00,0.000,3078,0.175,0.028,2389,2022,2822,2919,2726,0,0,0,0,0,0,25.27,26.06,28.83
$GC,297,-0.56,-116.1,2389,2022,2920,2725,45.2,-19.3,27,306,0.17,2.05,0.00,0.000,2564,0.170,0.029,2443,643,2822,2920,2725,0,0,0,0,0,0,25.75,26.09,28.83
$GC,435,-0.62,-116.1,2443,643,2921,2725,64.6,-13.6,40,445,0.00,2.08,0.00,0.000,5126,0.000,0.028,2438,2017,2822,2920,2725,0,0,0,0,0,0,28.83,26.16,28.83
$GC,474,-0.67,-116.1,2438,2017,2921,2725,70.5,-14.5,44,476,0.10,0.00,0.00,0.000,4102,0.106,0.000,2394,2018,2823,2921,2725,0,0,0,0,0,0,26.34,28.83,28.83
$GC,505,-0.67,-116.1,2394,2018,2921,2725,75.0,-14.4,47,506,0.00,0.00,0.00,0.000,2054,0.000,0.000,2395,2018,2823,2921,2725,0,0,0,0,0,0,28.83,28.83,28.83
$GC,536,-0.67,-116.1,2394,2018,2921,2725,80.3,-17.0,50,542,0.00,0.00,0.00,0.000,2054,0.000,0.000,2395,2018,2823,2921,2725,0,0,0,0,0,0,28.83,28.83,28.83
$GC,576,-0.67,-116.1,2394,2018,2921,2725,86.9,-16.6,54,582,0.00,0.00,0.00,0.000,2054,0.000,0.000,2394,2018,2823,2921,2725,0,0,0,0,0,0,28.83,28.83,28.83
$GC,614,-0.67,-116.1,2394,2018,2921,2725,93.4,-16.2,58,615,0.00,0.00,0.00,0.000,2054,0.000,0.000,2395,2018,2823,2921,2725,0,0,0,0,0,0,28.83,28.83,28.83
$GC,644,-0.67,-116.1,2394,2018,2921,2725,98.3,-16.4,61,654,0.00,2.12,0.00,0.000,2308,0.000,0.039,2384,3434,2823,2921,2725,0,0,0,0,0,0,28.83,26.11,28.83
$STATE,666,end dive,TARGET_DEPTH_EXCEEDED
$STATE,666,begin apogee
$GC,672,-0.27,0.0,2384,2015,2921,2725,102.3,-16.6,63,778,0.50,0.00,99.62,0.515,10246,0.151,0.000,2533,2009,2350,2440,2260,0,0,0,0,0,0,25.51,28.83,24.11
$STATE,779,end apogee,CONTROL_FINISHED_OK
$STATE,779,begin climb
$GC,782,0.99,116.1,2533,2009,2440,2260,111.7,0.0,74,888,1.25,2.25,95.88,0.504,10500,0.109,0.034,2932,3441,1886,1996,1776,0,0,0,0,0,0,25.20,25.36,24.09
$GC,922,0.99,116.1,2931,3441,1995,1772,99.4,14.5,88,931,0.00,2.08,0.00,0.000,1030,0.000,0.019,2942,2022,1883,1995,1772,0,0,0,0,0,0,28.83,25.71,28.83
$GC,962,0.99,116.1,2942,2019,1994,1771,93.8,14.0,92,963,0.00,0.00,0.00,0.000,6,0.000,0.000,2942,2019,1882,1994,1771,0,0,0,0,0,0,28.83,28.83,28.83
$GC,992,0.99,116.1,2942,2019,1993,1771,89.6,13.6,95,993,0.00,0.00,0.00,0.000,6,0.000,0.000,2942,2019,1882,1993,1771,0,0,0,0,0,0,28.83,28.83,28.83
$GC,1022,0.99,116.1,2942,2020,1993,1771,85.3,14.5,98,1023,0.00,0.00,0.00,0.000,6,0.000,0.000,2942,2019,1882,1993,1771,0,0,0,0,0,0,28.83,28.83,28.83
$GC,1051,0.99,116.1,2942,2020,1992,1771,81.1,14.0,101,1052,0.00,0.00,0.00,0.000,6,0.000,0.000,2942,2019,1882,1993,1771,0,0,0,0,0,0,28.83,28.83,28.83
$GC,1081,0.99,116.1,2942,2019,1992,1770,76.5,15.2,104,1082,0.00,0.00,0.00,0.000,6,0.000,0.000,2942,2019,1881,1992,1770,0,0,0,0,0,0,28.83,28.83,28.83
$GC,1112,0.99,116.1,2942,2019,1992,1770,71.9,15.2,107,1113,0.00,0.00,0.00,0.000,6,0.000,0.000,2942,2019,1881,1992,1770,0,0,0,0,0,0,28.83,28.83,28.83
$GC,1142,0.99,116.1,2942,2019,1992,1770,67.3,15.5,110,1151,0.00,2.05,0.00,0.000,516,0.000,0.032,2953,638,1880,1990,1770,0,0,0,0,0,0,28.83,25.99,28.83
$GC,1156,0.99,116.1,2952,638,1989,1770,66.0,15.5,111,1163,0.00,2.10,0.00,0.000,5126,0.000,0.023,2953,2035,1879,1988,1770,0,0,0,0,0,0,28.83,26.08,28.83
$GC,1194,0.99,116.1,2952,2034,1988,1770,59.1,15.6,115,1203,0.00,2.10,0.00,0.000,4356,0.000,0.034,2953,3429,1879,1989,1770,0,0,0,0,0,0,28.83,26.02,28.83
$GC,1216,0.99,116.1,2952,3429,1989,1770,55.4,16.6,117,1226,0.10,2.03,0.00,0.000,5126,0.203,0.019,2944,2025,1879,1989,1770,0,0,0,0,0,0,25.78,26.13,28.83
$GC,1256,0.99,116.1,2944,2024,1988,1770,48.5,16.9,121,1257,0.00,0.00,0.00,0.000,6,0.000,0.000,2944,2024,1879,1989,1770,0,0,0,0,0,0,28.83,28.83,28.83
$GC,1286,0.99,116.1,2944,2023,1989,1770,43.4,16.8,124,1287,0.00,0.00,0.00,0.000,6,0.000,0.000,2944,2024,1879,1989,1770,0,0,0,0,0,0,28.83,28.83,28.83
$GC,1316,0.99,116.1,2944,2024,1989,1770,38.1,17.5,127,1317,0.00,0.00,0.00,0.000,6,0.000,0.000,2944,2024,1880,1989,1771,0,0,0,0,0,0,28.83,28.83,28.83
$GC,1347,0.99,116.1,2944,2024,1989,1770,33.1,17.1,130,1348,0.00,0.00,0.00,0.000,6,0.000,0.000,2944,2024,1879,1989,1770,0,0,0,0,0,0,28.83,28.83,28.83
$GC,1376,0.99,116.1,2944,2024,1988,1769,29.0,13.9,133,1386,0.00,2.12,0.00,0.000,260,0.000,0.034,2944,3436,1879,1989,1769,0,0,0,0,0,0,28.83,26.10,28.83
$GC,1401,0.99,116.1,2943,3436,1989,1770,25.8,13.4,135,1408,0.00,2.08,0.00,0.000,5126,0.000,0.024,2951,2015,1879,1989,1769,0,0,0,0,0,0,28.83,26.15,28.83
$GC,1439,0.99,116.1,2951,2011,1988,1770,20.1,14.4,139,1440,0.00,0.00,0.00,0.000,4102,0.000,0.000,2951,2011,1878,1988,1769,0,0,0,0,0,0,28.83,28.83,28.83
$GC,1469,0.99,116.1,2951,2011,1989,1770,16.2,13.0,142,1470,0.00,0.00,0.00,0.000,4102,0.000,0.000,2951,2011,1878,1988,1769,0,0,0,0,0,0,28.83,28.83,28.83
$GC,1499,0.99,116.1,2951,2011,1989,1769,12.5,12.4,145,1500,0.00,0.00,0.00,0.000,4102,0.000,0.000,2951,2011,1879,1989,1769,0,0,0,0,0,0,28.83,28.83,28.83
$GC,1529,0.99,116.1,2951,2011,1989,1769,8.5,13.5,148,1538,0.00,2.15,0.00,0.000,4356,0.000,0.033,2951,3433,1878,1988,1769,0,0,0,0,0,0,28.83,26.14,28.83
$STATE,1579,end climb,SURFACE_DEPTH_REACHED
$STATE,1579,begin surface coast
$FINISH,0.3,1.021413
$STATE,1601,end surface coast,CONTROL_FINISHED_OK
$STATE,1601,begin surface
$SM_CCo,1619,270.48,0.431,1,0,464,473.51
$SM_GC,-4.30,7.90,2.08,270.48,0.083,0.018,0.431,237,2029,464,-7.38,2.09,473.51,0,0,0,0,1,0,26.15,26.30,24.22
$IRIDIUM_FIX,4732.49,-12224.82,220608,171723
$TT8_MAMPS,0.027713,0.027713
$HUMID,41.61
$INTERNAL_PRESSURE,8.14525
$TCM_TEMP,16.40
$XPDR_PINGS,90
$ALTIM_TOP_PING,18.8,23.1
$24V_AH,24.1,46.955
$10V_AH,10.0,22.749
$FG_AHR_24Vo,0.000
$FG_AHR_10Vo,0.000
$DEVICES,Pitch_motor,Roll_motor,VBD_pump_during_apogee,VBD_pump_during_surface,VBD_valve,Iridium_during_init,Iridium_during_connect,Iridium_during_xfer,Transponder_ping,GUMSTIX_24V,GPS,TT8,LPSleep,TT8_Active,TT8_Sampling,TT8_CF8,TT8_Kalman,Analog_circuits,GPS_charging,Compass,RAFOS,Transponder,Compass2
$DEVICE_SECS,18.975,33.725,195.500,270.475,0.000,30.521,20.201,156.709,25.000,0.000,32.597,465.046,461.146,565.236,646.127,109.985,0.000,862.856,0.000,409.317,0.000,16.400,0.000
$DEVICE_MAMPS,230.265,52.785,514.845,430.695,0.000,43.600,160.000,223.000,420.000,0.000,28.460,13.960,2.190,13.960,37.930,44.670,0.000,16.000,0.000,15.730,0.000,30.000,0.000
$SENSORS,SBE_CT,AA4330,WL_BB2FLVMG,nil,nil,nil,nil,nil,nil,nil
$SENSOR_SECS,102.534,203.289,267.165,0.000,0.000,0.000,0.000,0.000,0.000,0.000
$SENSOR_MAMPS,23.220,33.000,105.000,0.000,0.000,0.000,0.000,0.000,0.000,0.000
$MEM,354156
$DATA_FILE_SIZE,10313,155
$CAP_FILE_SIZE,51034,0
$CFSIZE,260165632,244801536
$ERRORS,0,0,0,0,0,0,0,0,0,0,0,0,0,1,0,0
$CURRENT,0.094,313.9,1
$GPS,020626,091633,4750.376,-12225.911,9,1.0,37,18.2
