version: 66.11
glider: 175
mission: 11
dive: 379
start: 6 5 126 15 39 1
data:
$ID,175
$MISSION,11
$DIVE,379
$N_DIVES,0
$D_SURF,3
$D_FLARE,3
$D_TGT,150
$D_ABORT,1090
$D_NO_BLEED,50
$D_BOOST,3
$T_BOOST,0
$D_FINISH,0
$D_PITCH,0
$D_SAFE,0
$D_CALL,0
$SURFACE_URGENCY,0
$SURFACE_URGENCY_TRY,0
$SURFACE_URGENCY_FORCE,0
$T_DIVE,50
$T_MISSION,75
$T_ABORT,1440
$T_TURN,300
$T_TURN_SAMPINT,5
$T_NO_W,120
$T_LOITER,0
$T_EPIRB,0
$USE_BATHY,-1
$USE_ICE,0
$ICE_FREEZE_MARGIN,0.30000001
$D_OFFGRID,100
$T_WATCHDOG,10
$RELAUNCH,1
$APOGEE_PITCH,-8
$MAX_BUOY,150
$COURSE_BIAS,0
$GLIDE_SLOPE,30
$SPEED_FACTOR,1
$RHO,1.0235
$MASS,51878
$MASS_COMP,0
$NAV_MODE,2
$FERRY_MAX,45
$KALMAN_USE,2
$HD_A,0.0024900001
$HD_B,0.0091000004
$HD_C,5.7000002e-06
$HEADING,-1
$ESCAPE_HEADING,0
$ESCAPE_HEADING_DELTA,10
$FIX_MISSING_TIMEOUT,0
$TGT_DEFAULT_LAT,47.766998
$TGT_DEFAULT_LON,-122.413
$TGT_AUTO_DEFAULT,0
$SM_CC,473.51199
$N_FILEKB,4
$FILEMGR,0
$CALL_NDIVES,1
$COMM_SEQ,0
$PROTOCOL,9
$N_NOCOMM,1
$NOCOMM_ACTION,0
$N_NOSURFACE,0
$UPLOAD_DIVES_MAX,-1
$CALL_TRIES,5
$CALL_WAIT,60
$CAPUPLOAD,1
$CAPMAXSIZE,200000
$HEAPDBG,0
$T_GPS,15
$N_GPS,30
$T_GPS_ALMANAC,0
$T_GPS_CHARGE,-39358.77
$T_RSLEEP,2
$STROBE,0
$RAFOS_PEAK_OFFSET,1.5
$RAFOS_CORR_THRESH,60
$RAFOS_HIT_WINDOW,3600
$PITCH_MIN,255
$PITCH_MAX,3935
$C_PITCH,2626
$PITCH_DBAND,0.0099999998
$PITCH_CNV,0.003125763
$P_OVSHOOT,0.039999999
$PITCH_GAIN,30
$PITCH_TIMEOUT,17
$PITCH_AD_RATE,160
$PITCH_MAXERRORS,1
$PITCH_ADJ_GAIN,0.02
$PITCH_ADJ_DBAND,2.5
$ROLL_MIN,171
$ROLL_MAX,3723
$ROLL_DEG,40
$C_ROLL_DIVE,2030
$C_ROLL_CLIMB,2030
$HEAD_ERRBAND,10
$ROLL_CNV,0.028270001
$ROLL_TIMEOUT,15
$R_PORT_OVSHOOT,57
$R_STBD_OVSHOOT,42
$ROLL_AD_RATE,300
$ROLL_MAXERRORS,2
$ROLL_ADJ_GAIN,0
$ROLL_ADJ_DBAND,0
$VBD_MIN,465
$VBD_MAX,3960
$C_VBD,2350
$VBD_DBAND,2
$VBD_CNV,-0.25119999
$VBD_TIMEOUT,720
$PITCH_VBD_SHIFT,0.0012300001
$VBD_PUMP_AD_RATE_SURFACE,5
$VBD_PUMP_AD_RATE_APOGEE,4
$VBD_BLEED_AD_RATE,8
$UNCOM_BLEED,60
$VBD_MAXERRORS,1
$W_ADJ_DBAND,2
$DBDW,0
$PITCH_W_GAIN,0
$PITCH_W_DBAND,1
$CF8_MAXERRORS,5
$AH0_24V,145
$AH0_10V,95
$MINV_24V,19
$MINV_10V,8
$FG_AHR_10V,0
$FG_AHR_24V,0
$PHONE_SUPPLY,2
$PRESSURE_YINT,-13.51214
$PRESSURE_SLOPE,0.0001165895
$AD7714Ch0Gain,128
$TCM_PITCH_OFFSET,0
$TCM_ROLL_OFFSET,0
$COMPASS_USE,4
$ALTIM_BOTTOM_PING_RANGE,0
$ALTIM_TOP_PING_RANGE,20
$ALTIM_BOTTOM_TURN_MARGIN,25
$ALTIM_TOP_TURN_MARGIN,0
$ALTIM_TOP_MIN_OBSTACLE,1
$ALTIM_PING_DEPTH,60
$ALTIM_PING_DELTA,5
$ALTIM_FREQUENCY,13
$ALTIM_PULSE,3
$ALTIM_SENSITIVITY,4
$XPDR_VALID,5
$XPDR_INHIBIT,90
$INT_PRESSURE_SLOPE,0.0097660003
$INT_PRESSURE_YINT,-0.40000001
$DEEPGLIDER,0
$DEEPGLIDERMB,0
$MOTHERBOARD,4
$DEVICE1,2
$DEVICE2,101
$DEVICE3,38
$DEVICE4,-1
$DEVICE5,-1
$DEVICE6,-1
$LOGGERS,7
$LOGGERDEVICE1,-1
$LOGGERDEVICE2,-1
$LOGGERDEVICE3,-1
$LOGGERDEVICE4,-1
$COMPASS_DEVICE,33
$COMPASS2_DEVICE,-1
$PHONE_DEVICE,49
$GPS_DEVICE,32
$RAFOS_DEVICE,-1
$XPDR_DEVICE,24
$SIM_W,0
$SIM_PITCH,0
$SEABIRD_T_G,0.0043137739
$SEABIRD_T_H,0.00062868668
$SEABIRD_T_I,2.2691316e-05
$SEABIRD_T_J,2.2586789e-06
$SEABIRD_C_G,-10.021329
$SEABIRD_C_H,1.1236943
$SEABIRD_C_I,-0.0013673168
$SEABIRD_C_J,0.00018808816
$GPS1,050626,153303,4751.684,-12222.331,9,1.4,32,18.2
$_CALLS,1
$_XMS_NAKs,0
$_XMS_TOUTs,0
$_SM_DEPTHo,-5.74
$_SM_ANGLEo,-60.8
$GPS2,050626,153834,4751.708,-12222.387,11,1.8,11,18.2
$SPEED_LIMITS,0.173,0.272
$TGT_NAME,EAST_175
$TGT_LATLONG,4751.420,-12221.650
$TGT_RADIUS,200.000
$KALMAN_CONTROL,0.079,0.297
$KALMAN_X,-30076.6,-183.3,-72.9,29774.7,-185.0
$KALMAN_Y,25757.5,-625.9,-357.4,-36445.5,446.9
$MHEAD_RNG_PITCHd_Wd,107.1,1059,-16.2,-10.000,-20.17,2231
$D_GRID,100
$GCHEAD,st_secs,pitch_ctl,vbd_ctl,pitch_ad_start,roll_ad_start,vbd_pot1_ad_start,vbd_pot2_ad_start,depth,ob_vertv,data_pts,end_secs,pitch_secs,roll_secs,vbd_secs,vbd_i,gcphase,pitch_i,roll_i,pitch_ad,roll_ad,vbd_ad,vbd_pot1_ad,vbd_pot2_ad,pitch_retries,pitch_errors,roll_retries,roll_errors,vbd_retries,vbd_errors,pitch_volts,roll_volts,vbd_volts
$STATE,13,end surface,CONTROL_FINISHED_OK
$STATE,13,begin dive
$GC,16,-0.72,-146.6,237,2028,480,430,0.0,0.0,0,109,0.00,0.00,-87.93,0.000,16390,0.000,0.000,237,2028,2936,3021,2852,0,0,0,0,0,0,28.83,28.83,26.38
$GC,112,-0.72,-146.6,236,2028,3021,2852,-2.3,-6.9,9,131,8.98,2.17,0.00,0.000,2308,0.228,0.041,2373,3428,2941,3031,2852,0,0,0,0,0,0,24.81,25.84,28.83
$GC,144,0.25,-146.6,2373,3428,3039,2849,9.6,-30.5,12,154,1.10,2.08,0.00,0.000,3078,0.158,0.025,2692,2024,2945,3042,2848,0,0,0,0,0,0,25.17,26.02,28.83
$GC,184,0.18,-146.6,2691,2024,3054,2843,14.3,-11.4,16,185,0.00,0.00,0.00,0.000,4102,0.000,0.000,2692,2024,2948,3054,2843,0,0,0,0,0,0,28.83,28.83,28.83
$GC,215,-0.27,-146.6,2691,2024,3055,2842,14.7,-1.0,19,222,0.45,0.00,0.00,0.000,4102,0.086,0.000,2540,2024,2948,3055,2841,0,0,0,0,0,0,25.78,28.83,28.83
$GC,256,-0.49,-146.6,2539,2024,3056,2839,17.5,-7.2,23,266,0.17,2.15,0.00,0.000,4356,0.070,0.040,2453,3431,2947,3055,2839,0,0,0,0,0,0,26.13,25.95,28.83
$GC,393,-0.43,-146.6,2452,3431,3055,2839,35.5,-14.0,36,402,0.10,2.00,0.00,0.000,3078,0.127,0.019,2486,2004,2947,3055,2839,0,0,0,0,0,0,25.85,26.22,28.83
$GC,430,-0.43,-146.6,2485,2004,3055,2838,40.7,-13.1,40,431,0.00,0.00,0.00,0.000,2054,0.000,0.000,2486,2004,2946,3055,2838,0,0,0,0,0,0,28.83,28.83,28.83
$GC,461,-0.43,-146.6,2485,2004,3055,2838,44.3,-11.9,43,462,0.00,0.00,0.00,0.000,2054,0.000,0.000,2486,2004,2946,3055,2837,0,0,0,0,0,0,28.83,28.83,28.83
$GC,490,-0.43,-146.6,2485,2004,3055,2838,47.9,-11.9,46,491,0.00,0.00,0.00,0.000,2054,0.000,0.000,2486,2004,2946,3055,2838,0,0,0,0,0,0,28.83,28.83,28.83
$GC,520,-0.43,-146.6,2485,2004,3055,2837,51.1,-10.9,49,521,0.00,0.00,0.00,0.000,2054,0.000,0.000,2486,2004,2946,3055,2837,0,0,0,0,0,0,28.83,28.83,28.83
$GC,550,-0.43,-146.6,2485,2004,3055,2837,54.5,-11.2,52,559,0.00,2.17,0.00,0.000,2308,0.000,0.040,2481,3432,2946,3055,2837,0,0,0,0,0,0,28.83,26.05,28.83
$GC,584,-0.43,-146.6,2481,3432,3055,2837,58.1,-11.1,55,592,0.00,2.03,0.00,0.000,3078,0.000,0.018,2481,2042,2946,3055,2837,0,0,0,0,0,0,28.83,26.29,28.83
$GC,623,-0.43,-146.6,2481,2040,3055,2837,62.4,-11.0,59,624,0.00,0.00,0.00,0.000,2054,0.000,0.000,2481,2040,2946,3055,2837,0,0,0,0,0,0,28.83,28.83,28.83
$GC,653,-0.43,-146.6,2481,2040,3055,2837,65.7,-10.8,62,654,0.00,0.00,0.00,0.000,2054,0.000,0.000,2481,2040,2946,3055,2837,0,0,0,0,0,0,28.83,28.83,28.83
$GC,682,-0.43,-146.6,2481,2040,3055,2837,68.6,-9.9,65,683,0.00,0.00,0.00,0.000,2054,0.000,0.000,2481,2040,2946,3055,2837,0,0,0,0,0,0,28.83,28.83,28.83
$GC,714,-0.43,-146.6,2480,2040,3055,2837,71.4,-9.4,68,715,0.00,0.00,0.00,0.000,2054,0.000,0.000,2481,2041,2946,3055,2837,0,0,0,0,0,0,28.83,28.83,28.83
$GC,743,-0.43,-146.6,2481,2040,3055,2837,74.2,-9.6,71,755,0.00,2.10,0.00,0.000,2308,0.000,0.041,2478,3426,2946,3055,2837,0,0,0,0,0,0,28.83,26.07,28.83
$GC,788,-0.43,-146.6,2478,3427,3055,2837,78.9,-10.5,75,798,0.00,2.00,0.00,0.000,3078,0.000,0.018,2478,2024,2946,3055,2837,0,0,0,0,0,0,28.83,26.32,28.83
$GC,829,-0.43,-146.6,2477,2024,3055,2837,82.7,-9.6,79,830,0.00,0.00,0.00,0.000,2054,0.000,0.000,2478,2024,2946,3055,2837,0,0,0,0,0,0,28.83,28.83,28.83
$GC,858,-0.43,-146.6,2477,2024,3055,2837,85.9,-10.3,82,860,0.00,0.00,0.00,0.000,2054,0.000,0.000,2478,2024,2946,3055,2837,0,0,0,0,0,0,28.83,28.83,28.83
$GC,888,-0.43,-146.6,2478,2024,3055,2837,88.9,-10.3,85,889,0.00,0.00,0.00,0.000,2054,0.000,0.000,2478,2024,2946,3055,2837,0,0,0,0,0,0,28.83,28.83,28.83
$GC,918,-0.43,-146.6,2478,2024,3055,2837,91.9,-10.0,88,927,0.00,2.15,0.00,0.000,2308,0.000,0.041,2478,3435,2946,3055,2837,0,0,0,0,0,0,28.83,26.08,28.83
$GC,964,-0.43,-146.6,1664,3434,3026,2831,96.5,-10.3,92,972,0.00,2.08,0.00,0.000,3078,0.000,0.020,2478,2024,2946,3055,2837,0,0,0,0,0,0,28.83,26.22,28.83
$STATE,1001,end dive,TARGET_DEPTH_EXCEEDED
$STATE,1001,begin apogee
$GC,1006,-0.27,0.0,2478,2023,3055,2837,100.6,-10.3,96,1135,0.17,0.00,124.30,0.514,10246,0.133,0.000,2535,2022,2351,2441,2261,0,0,0,0,0,0,26.01,28.83,24.01
$STATE,1137,end apogee,CONTROL_FINISHED_OK
$STATE,1137,begin climb
$GC,1139,0.72,146.6,2535,2022,2439,2260,108.8,0.0,109,1266,1.00,2.28,117.72,0.504,10500,0.114,0.036,2849,3435,1765,1877,1653,0,0,0,0,0,0,25.13,25.33,24.03
$GC,1296,0.72,146.6,2850,3435,1877,1649,99.9,8.6,125,1303,0.00,2.10,0.00,0.000,1030,0.000,0.020,2856,2042,1763,1877,1649,0,0,0,0,0,0,28.83,25.65,28.83
$GC,1334,0.72,146.6,2856,2038,1877,1648,96.3,9.0,129,1335,0.00,0.00,0.00,0.000,6,0.000,0.000,2856,2038,1762,1877,1647,0,0,0,0,0,0,28.83,28.83,28.83
$GC,1363,0.72,146.6,2856,2038,1875,1647,93.7,8.6,132,1372,0.00,2.12,0.00,0.000,260,0.000,0.034,2856,3436,1760,1874,1647,0,0,0,0,0,0,28.83,25.77,28.83
$GC,1405,0.72,146.6,2856,3436,1874,1646,89.4,10.3,136,1414,0.00,2.08,0.00,0.000,1030,0.000,0.021,2857,2028,1760,1874,1646,0,0,0,0,0,0,28.83,25.94,28.83
$GC,1446,0.72,146.6,2857,2025,1874,1646,85.4,9.8,140,1447,0.00,0.00,0.00,0.000,6,0.000,0.000,2857,2025,1760,1874,1646,0,0,0,0,0,0,28.83,28.83,28.83
$GC,1476,0.72,146.6,2857,2025,1874,1645,82.7,9.1,143,1477,0.00,0.00,0.00,0.000,6,0.000,0.000,2857,2025,1759,1874,1645,0,0,0,0,0,0,28.83,28.83,28.83
$GC,1505,0.72,146.6,2856,2025,1874,1645,79.9,9.5,146,1506,0.00,0.00,0.00,0.000,6,0.000,0.000,2857,2025,1759,1874,1645,0,0,0,0,0,0,28.83,28.83,28.83
$GC,1535,0.72,146.6,2856,2025,1873,1645,77.0,9.3,149,1545,0.00,2.12,0.00,0.000,260,0.000,0.034,2857,3436,1759,1873,1645,0,0,0,0,0,0,28.83,25.96,28.83
$GC,1578,0.72,146.6,2856,3436,1873,1644,72.6,10.2,153,1587,0.00,2.08,0.00,0.000,1030,0.000,0.021,2856,2019,1759,1873,1645,0,0,0,0,0,0,28.83,26.10,28.83
$GC,1618,0.72,146.6,2856,2016,1873,1645,68.7,9.8,157,1619,0.00,0.00,0.00,0.000,6,0.000,0.000,2857,2016,1758,1873,1644,0,0,0,0,0,0,28.83,28.83,28.83
$GC,1648,0.72,146.6,2857,2016,1873,1644,65.8,9.7,160,1657,0.00,2.17,0.00,0.000,260,0.000,0.034,2856,3446,1758,1873,1644,0,0,0,0,0,0,28.83,26.03,28.83
$GC,1680,0.72,146.6,2856,3446,1873,1644,62.5,10.4,163,1689,0.00,2.10,0.00,0.000,1030,0.000,0.024,2857,2022,1758,1873,1644,0,0,0,0,0,0,28.83,26.07,28.83
$GC,1720,0.72,146.6,2856,2019,1873,1644,58.7,9.4,167,1729,0.00,2.05,0.00,0.000,516,0.000,0.034,2856,646,1758,1872,1644,0,0,0,0,0,0,28.83,26.06,28.83
$GC,1742,0.72,146.6,2856,646,1871,1644,56.9,8.7,169,1751,0.00,2.03,0.00,0.000,1030,0.000,0.022,2857,2038,1757,1871,1644,0,0,0,0,0,0,28.83,26.17,28.83
$GC,1782,0.72,146.6,2857,2038,1870,1644,53.5,8.4,173,1792,0.00,2.08,0.00,0.000,260,0.000,0.035,2857,3429,1757,1871,1644,0,0,0,0,0,0,28.83,26.08,28.83
$GC,1835,0.72,146.6,2856,3429,1871,1644,48.6,9.0,178,1845,0.00,2.03,0.00,0.000,1030,0.000,0.021,2857,2030,1757,1871,1644,0,0,0,0,0,0,28.83,26.20,28.83
$GC,1875,0.72,146.6,2856,2028,1871,1644,45.2,8.3,182,1876,0.00,0.00,0.00,0.000,6,0.000,0.000,2856,2028,1757,1871,1644,0,0,0,0,0,0,28.83,28.83,28.83
$GC,1906,0.78,194.2,2856,2028,1871,1644,42.8,7.8,185,1950,0.05,2.15,38.35,0.472,10500,0.164,0.032,2896,3433,1574,1691,1458,0,0,0,0,0,0,26.43,25.79,24.33
$GC,1986,0.72,194.2,1984,3432,1656,1452,34.8,11.3,192,1994,0.15,2.10,0.00,0.000,5126,0.154,0.022,2858,2029,1572,1690,1454,0,0,0,0,0,0,25.58,25.92,28.83
$GC,2024,0.72,194.2,2858,2025,1690,1452,30.9,9.5,196,2025,0.00,0.00,0.00,0.000,6,0.000,0.000,2858,2025,1571,1690,1452,0,0,0,0,0,0,28.83,28.83,28.83
$GC,2054,0.79,247.7,2858,2025,1690,1451,28.6,7.5,199,2103,0.08,0.00,41.95,0.461,10246,0.117,0.000,2900,2024,1362,1480,1245,0,0,0,0,0,0,26.18,28.83,24.26
$GC,2134,0.79,247.7,2900,2024,1479,1243,20.5,10.2,207,2144,0.10,2.12,0.00,0.000,4356,0.160,0.032,2877,3422,1360,1478,1242,0,0,0,0,0,0,25.77,25.72,28.83
$GC,2167,0.79,247.7,2876,3422,1478,1240,16.7,10.9,210,2177,0.00,2.10,0.00,0.000,5126,0.000,0.022,2881,2022,1359,1479,1240,0,0,0,0,0,0,28.83,25.81,28.83
$GC,2207,0.79,247.7,2881,2019,1478,1239,12.7,9.8,214,2208,0.00,0.00,0.00,0.000,4102,0.000,0.000,2881,2019,1358,1478,1239,0,0,0,0,0,0,28.83,28.83,28.83
$GC,2237,0.79,247.7,2881,2019,1478,1238,9.5,10.5,217,2239,0.00,0.00,0.00,0.000,4102,0.000,0.000,2881,2019,1358,1478,1238,0,0,0,0,0,0,28.83,28.83,28.83
$GC,2267,0.79,247.7,2881,2018,1478,1238,6.5,10.2,220,2268,0.00,0.00,0.00,0.000,4102,0.000,0.000,2881,2018,1358,1478,1238,0,0,0,0,0,0,28.83,28.83,28.83
$GC,2297,0.79,247.7,2881,2018,1478,1238,3.9,8.7,223,2306,0.00,2.12,0.00,0.000,4356,0.000,0.034,2881,3431,1358,1478,1238,0,0,0,0,0,0,28.83,25.94,28.83
$STATE,2317,end climb,SURFACE_DEPTH_REACHED
$STATE,2317,begin surface coast
$FINISH,0.8,1.022278
$STATE,2329,end surface coast,CONTROL_FINISHED_OK
$STATE,2329,begin surface
$SM_CCo,2347,172.73,0.427,1,0,464,473.51
$SM_GC,-5.74,7.35,2.12,172.73,0.060,0.021,0.427,241,2030,464,-7.36,1.61,473.51,0,0,0,0,1,0,26.02,26.06,24.18
$IRIDIUM_FIX,4732.49,-12224.82,260608,000003
$TT8_MAMPS,0.027713,0.027713
$HUMID,42.91
$INTERNAL_PRESSURE,8.14525
$TCM_TEMP,17.60
$XPDR_PINGS,114
$ALTIM_TOP_PING,19.4,999.0
$24V_AH,24.0,54.542
$10V_AH,9.9,26.483
$FG_AHR_24Vo,0.000
$FG_AHR_10Vo,0.000
$DEVICES,Pitch_motor,Roll_motor,VBD_pump_during_apogee,VBD_pump_during_surface,VBD_valve,Iridium_during_init,Iridium_during_connect,Iridium_during_xfer,Transponder_ping,GUMSTIX_24V,GPS,TT8,LPSleep,TT8_Active,TT8_Sampling,TT8_CF8,TT8_Kalman,Analog_circuits,GPS_charging,Compass,RAFOS,Transponder,Compass2
$DEVICE_SECS,19.700,58.875,322.325,172.725,0.000,27.363,33.059,164.549,31.000,0.000,13.944,639.593,655.797,608.101,823.752,145.145,0.000,1050.709,0.000,584.898,0.000,16.327,0.000
$DEVICE_MAMPS,227.970,41.310,514.080,426.870,0.000,43.600,160.000,223.000,420.000,0.000,28.460,13.960,2.190,13.960,37.930,44.670,0.000,16.000,0.000,15.730,0.000,30.000,0.000
$SENSORS,SBE_CT,AA4330,WL_BB2FLVMG,nil,nil,nil,nil,nil,nil,nil
$SENSOR_SECS,149.360,296.191,389.329,0.000,0.000,0.000,0.000,0.000,0.000,0.000
$SENSOR_MAMPS,23.220,33.000,105.000,0.000,0.000,0.000,0.000,0.000,0.000,0.000
$MEM,354112
$DATA_FILE_SIZE,16986,226
$CAP_FILE_SIZE,73287,0
$CFSIZE,260165632,241156096
$ERRORS,0,0,0,0,0,0,0,0,0,0,0,0,0,1,0,0
$CURRENT,0.061,349.6,1
$GPS,050626,162153,4751.599,-12222.057,7,1.7,7,18.2
