version: 66.11
glider: 175
mission: 11
dive: 20
start: 5 23 126 8 29 12
data:
$ID,175
$MISSION,11
$DIVE,20
$N_DIVES,0
$D_SURF,3
$D_FLARE,3
$D_TGT,300
$D_ABORT,1090
$D_NO_BLEED,50
$D_BOOST,3
$T_BOOST,0
$D_FINISH,0
$D_PITCH,0
$D_SAFE,0
$D_CALL,0
$SURFACE_URGENCY,0
$SURFACE_URGENCY_TRY,0
$SURFACE_URGENCY_FORCE,0
$T_DIVE,65
$T_MISSION,80
$T_ABORT,1440
$T_TURN,300
$T_TURN_SAMPINT,5
$T_NO_W,120
$T_LOITER,0
$T_EPIRB,0
$USE_BATHY,0
$USE_ICE,0
$ICE_FREEZE_MARGIN,0.30000001
$D_OFFGRID,100
$T_WATCHDOG,10
$RELAUNCH,1
$APOGEE_PITCH,-8
$MAX_BUOY,150
$COURSE_BIAS,0
$GLIDE_SLOPE,30
$SPEED_FACTOR,1
$RHO,1.023
$MASS,51878
$MASS_COMP,0
$NAV_MODE,1
$FERRY_MAX,45
$KALMAN_USE,1
$HD_A,0.0020240301
$HD_B,0.0090959296
$HD_C,9.8500004e-06
$HEADING,-1
$ESCAPE_HEADING,0
$ESCAPE_HEADING_DELTA,10
$FIX_MISSING_TIMEOUT,0
$TGT_DEFAULT_LAT,47.766998
$TGT_DEFAULT_LON,-122.413
$TGT_AUTO_DEFAULT,0
$SM_CC,423.31998
$N_FILEKB,4
$FILEMGR,0
$CALL_NDIVES,1
$COMM_SEQ,0
$PROTOCOL,9
$N_NOCOMM,1
$NOCOMM_ACTION,0
$N_NOSURFACE,0
$UPLOAD_DIVES_MAX,-1
$CALL_TRIES,5
$CALL_WAIT,60
$CAPUPLOAD,1
$CAPMAXSIZE,200000
$HEAPDBG,0
$T_GPS,15
$N_GPS,30
$T_GPS_ALMANAC,0
$T_GPS_CHARGE,-38519.656
$T_RSLEEP,2
$STROBE,0
$RAFOS_PEAK_OFFSET,1.5
$RAFOS_CORR_THRESH,60
$RAFOS_HIT_WINDOW,3600
$PITCH_MIN,255
$PITCH_MAX,3935
$C_PITCH,2671
$PITCH_DBAND,0.0099999998
$PITCH_CNV,0.003125763
$P_OVSHOOT,0.039999999
$PITCH_GAIN,30
$PITCH_TIMEOUT,17
$PITCH_AD_RATE,160
$PITCH_MAXERRORS,1
$PITCH_ADJ_GAIN,0.02
$PITCH_ADJ_DBAND,2.5
$ROLL_MIN,171
$ROLL_MAX,3723
$ROLL_DEG,40
$C_ROLL_DIVE,2030
$C_ROLL_CLIMB,2030
$HEAD_ERRBAND,10
$ROLL_CNV,0.028270001
$ROLL_TIMEOUT,15
$R_PORT_OVSHOOT,55
$R_STBD_OVSHOOT,53
$ROLL_AD_RATE,300
$ROLL_MAXERRORS,2
$ROLL_ADJ_GAIN,0
$ROLL_ADJ_DBAND,0
$VBD_MIN,465
$VBD_MAX,3960
$C_VBD,2350
$VBD_DBAND,2
$VBD_CNV,-0.25119999
$VBD_TIMEOUT,720
$PITCH_VBD_SHIFT,0.0012300001
$VBD_PUMP_AD_RATE_SURFACE,5
$VBD_PUMP_AD_RATE_APOGEE,4
$VBD_BLEED_AD_RATE,8
$UNCOM_BLEED,60
$VBD_MAXERRORS,1
$W_ADJ_DBAND,2
$DBDW,0
$PITCH_W_GAIN,0
$PITCH_W_DBAND,1
$CF8_MAXERRORS,5
$AH0_24V,145
$AH0_10V,95
$MINV_24V,19
$MINV_10V,8
$FG_AHR_10V,0
$FG_AHR_24V,0
$PHONE_SUPPLY,2
$PRESSURE_YINT,-13.51214
$PRESSURE_SLOPE,0.0001165895
$AD7714Ch0Gain,128
$TCM_PITCH_OFFSET,0
$TCM_ROLL_OFFSET,0
$COMPASS_USE,4
$ALTIM_BOTTOM_PING_RANGE,0
$ALTIM_TOP_PING_RANGE,20
$ALTIM_BOTTOM_TURN_MARGIN,25
$ALTIM_TOP_TURN_MARGIN,0
$ALTIM_TOP_MIN_OBSTACLE,1
$ALTIM_PING_DEPTH,90
$ALTIM_PING_DELTA,5
$ALTIM_FREQUENCY,13
$ALTIM_PULSE,3
$ALTIM_SENSITIVITY,4
$XPDR_VALID,5
$XPDR_INHIBIT,90
$INT_PRESSURE_SLOPE,0.0097660003
$INT_PRESSURE_YINT,-0.40000001
$DEEPGLIDER,0
$DEEPGLIDERMB,0
$MOTHERBOARD,4
$DEVICE1,2
$DEVICE2,101
$DEVICE3,38
$DEVICE4,-1
$DEVICE5,-1
$DEVICE6,-1
$LOGGERS,7
$LOGGERDEVICE1,-1
$LOGGERDEVICE2,-1
$LOGGERDEVICE3,-1
$LOGGERDEVICE4,-1
$COMPASS_DEVICE,33
$COMPASS2_DEVICE,-1
$PHONE_DEVICE,49
$GPS_DEVICE,32
$RAFOS_DEVICE,-1
$XPDR_DEVICE,24
$SIM_W,0
$SIM_PITCH,0
$SEABIRD_T_G,0.0043137739
$SEABIRD_T_H,0.00062868668
$SEABIRD_T_I,2.2691316e-05
$SEABIRD_T_J,2.2586789e-06
$SEABIRD_C_G,-10.021329
$SEABIRD_C_H,1.1236943
$SEABIRD_C_I,-0.0013673168
$SEABIRD_C_J,0.00018808816
$GPS1,230526,082003,4742.886,-12225.438,11,1.9,27,18.2
$_CALLS,2
$_XMS_NAKs,0
$_XMS_TOUTs,0
$_SM_DEPTHo,0.88
$_SM_ANGLEo,-69.9
$GPS2,230526,082811,4742.894,-12225.434,13,2.0,13,18.2
$SPEED_LIMITS,0.266,0.307
$TGT_NAME,SOUTH_175
$TGT_LATLONG,4742.250,-12225.830
$TGT_RADIUS,200.000
$KALMAN_CONTROL,-0.062,-0.301
$KALMAN_X,-1949.4,218.6,545.2,523.7,-12.7
$KALMAN_Y,3639.3,-1042.7,-396.0,-15538.8,552.6
$MHEAD_RNG_PITCHd_Wd,173.5,1291,-23.3,-15.385,-26.60,1446
$D_GRID,300
$GCHEAD,st_secs,pitch_ctl,vbd_ctl,pitch_ad_start,roll_ad_start,vbd_pot1_ad_start,vbd_pot2_ad_start,depth,ob_vertv,data_pts,end_secs,pitch_secs,roll_secs,vbd_secs,vbd_i,gcphase,pitch_i,roll_i,pitch_ad,roll_ad,vbd_ad,vbd_pot1_ad,vbd_pot2_ad,pitch_retries,pitch_errors,roll_retries,roll_errors,vbd_retries,vbd_errors,pitch_volts,roll_volts,vbd_volts
$STATE,13,end surface,CONTROL_FINISHED_OK
$STATE,13,begin dive
$GC,16,-0.96,-146.6,242,2036,713,595,0.0,0.0,0,100,0.00,0.00,-81.55,0.000,16386,0.000,0.000,242,2036,2862,2944,2780,0,0,0,0,0,0,28.83,28.83,28.83
$GC,103,-0.96,-146.6,242,2036,2945,2782,3.5,-4.9,8,121,8.85,2.17,-1.58,0.000,18948,0.231,0.051,2354,632,2938,3033,2843,0,0,0,0,0,0,25.04,25.86,26.29
$GC,425,-0.89,-146.6,2354,632,3044,2838,81.3,-19.4,40,435,0.15,2.10,0.00,0.000,3078,0.178,0.031,2384,2027,2941,3044,2838,0,0,0,0,0,0,25.56,26.05,28.83
$GC,464,-0.82,-146.6,2384,2028,3045,2836,87.9,-16.2,44,474,0.10,2.10,0.00,0.000,2564,0.187,0.028,2407,624,2941,3046,2836,0,0,0,0,0,0,26.10,26.05,28.83
$GC,489,-0.76,-146.6,2407,624,3046,2836,91.6,-16.6,46,498,0.05,2.08,0.00,0.000,3078,0.161,0.028,2416,2030,2941,3046,2836,0,0,0,0,0,0,25.84,26.08,28.83
$GC,528,-0.76,-146.6,2416,2030,3047,2836,97.5,-14.7,50,529,0.00,0.00,0.00,0.000,2054,0.000,0.000,2416,2030,2941,3046,2836,0,0,0,0,0,0,28.83,28.83,28.83
$GC,557,-0.76,-146.6,2415,2030,3047,2836,102.1,-14.5,53,558,0.00,0.00,0.00,0.000,2054,0.000,0.000,2415,2031,2941,3047,2836,0,0,0,0,0,0,28.83,28.83,28.83
$GC,587,-0.76,-146.6,2415,2030,3047,2836,106.8,-15.8,56,596,0.00,2.15,0.00,0.000,2308,0.000,0.042,2412,3446,2941,3046,2836,0,0,0,0,0,0,28.83,25.95,28.83
$GC,620,-0.76,-146.6,2411,3446,3048,2836,112.1,-16.0,59,629,0.00,2.05,0.00,0.000,3078,0.000,0.021,2412,2005,2942,3048,2836,0,0,0,0,0,0,28.83,26.25,28.83
$GC,661,-0.76,-146.6,2411,2005,3048,2836,117.9,-14.4,63,662,0.00,0.00,0.00,0.000,2054,0.000,0.000,2412,2005,2942,3048,2836,0,0,0,0,0,0,28.83,28.83,28.83
$GC,690,-0.76,-146.6,2411,2005,3047,2836,122.2,-14.5,66,692,0.00,0.00,0.00,0.000,2054,0.000,0.000,2412,2005,2942,3048,2836,0,0,0,0,0,0,28.83,28.83,28.83
$GC,720,-0.76,-146.6,2411,2005,3048,2836,126.5,-14.2,69,722,0.00,0.00,0.00,0.000,2054,0.000,0.000,2412,2005,2942,3048,2836,0,0,0,0,0,0,28.83,28.83,28.83
$GC,753,-0.76,-146.6,2411,2005,3048,2836,131.2,-15.3,72,759,0.00,0.00,0.00,0.000,2054,0.000,0.000,2412,2005,2942,3048,2836,0,0,0,0,0,0,28.83,28.83,28.83
$GC,790,-0.76,-146.6,2411,2005,3048,2835,137.4,-15.5,76,792,0.00,0.00,0.00,0.000,2054,0.000,0.000,2412,2005,2942,3048,2836,0,0,0,0,0,0,28.83,28.83,28.83
$GC,820,-0.76,-146.6,2411,2005,3048,2836,142.2,-15.9,79,822,0.00,0.00,0.00,0.000,2054,0.000,0.000,2412,2005,2942,3048,2836,0,0,0,0,0,0,28.83,28.83,28.83
$GC,850,-0.76,-146.6,2411,2005,3048,2836,146.7,-15.5,82,852,0.00,0.00,0.00,0.000,2054,0.000,0.000,2412,2005,2942,3048,2836,0,0,0,0,0,0,28.83,28.83,28.83
$GC,885,-0.76,-146.6,2412,2005,3048,2836,151.5,-16.0,85,891,0.00,0.00,0.00,0.000,2054,0.000,0.000,2412,2005,2941,3048,2835,0,0,0,0,0,0,28.83,28.83,28.83
$GC,920,-0.76,-146.6,2411,2004,3048,2836,158.0,-16.1,89,922,0.00,0.00,0.00,0.000,2054,0.000,0.000,2412,2005,2941,3048,2835,0,0,0,0,0,0,28.83,28.83,28.83
$GC,950,-0.76,-146.6,2411,2005,3048,2835,162.4,-15.2,92,952,0.00,0.00,0.00,0.000,2054,0.000,0.000,2412,2005,2941,3048,2835,0,0,0,0,0,0,28.83,28.83,28.83
$GC,980,-0.76,-146.6,2411,2004,3047,2835,166.9,-14.4,95,982,0.00,0.00,0.00,0.000,2054,0.000,0.000,2412,2004,2941,3048,2835,0,0,0,0,0,0,28.83,28.83,28.83
$GC,1010,-0.76,-146.6,2411,2004,3048,2835,172.5,-17.9,98,1012,0.00,0.00,0.00,0.000,2054,0.000,0.000,2412,2004,2941,3048,2835,0,0,0,0,0,0,28.83,28.83,28.83
$GC,1041,-0.76,-146.6,2411,2004,3048,2835,177.5,-17.4,101,1042,0.00,0.00,0.00,0.000,2054,0.000,0.000,2412,2004,2941,3048,2835,0,0,0,0,0,0,28.83,28.83,28.83
$STATE,1069,end dive,BOTTOM_OBSTACLE_DETECTED
$STATE,1069,begin apogee
$GC,1074,-0.27,0.0,2411,2004,3048,2835,182.0,-15.2,104,1203,0.52,0.00,123.90,0.570,10246,0.138,0.000,2574,2004,2349,2441,2257,0,0,0,0,0,0,25.37,28.83,24.30
$STATE,1205,end apogee,CONTROL_FINISHED_OK
$STATE,1206,begin climb
$GC,1207,0.96,146.6,2574,2004,2440,2256,188.7,0.0,117,1331,1.20,0.00,116.75,0.555,10758,0.093,0.000,2969,2004,1765,1874,1656,0,0,0,0,0,0,25.24,28.83,24.32
$GC,1362,0.85,146.6,2969,2004,1872,1653,168.0,19.5,133,1369,0.10,0.00,0.00,0.000,4102,0.196,0.000,2950,2004,1762,1871,1653,0,0,0,0,0,0,25.41,28.83,28.83
$GC,1401,0.78,146.6,2950,2004,1870,1651,160.0,20.0,137,1411,0.10,2.20,0.00,0.000,4356,0.188,0.032,2928,3449,1761,1871,1651,0,0,0,0,0,0,25.60,25.67,28.83
$GC,1444,0.73,146.6,2928,3449,1870,1650,151.9,18.5,141,1454,0.12,2.05,0.00,0.000,5126,0.186,0.020,2910,2044,1760,1870,1650,0,0,0,0,0,0,25.46,25.85,28.83
$GC,1484,0.73,146.6,2909,2040,1870,1649,144.6,18.2,145,1485,0.00,0.00,0.00,0.000,4102,0.000,0.000,2910,2040,1759,1870,1649,0,0,0,0,0,0,28.83,28.83,28.83
$GC,1514,0.73,146.6,2909,2040,1870,1649,139.7,16.3,148,1515,0.00,0.00,0.00,0.000,4102,0.000,0.000,2909,2040,1759,1870,1649,0,0,0,0,0,0,28.83,28.83,28.83
$GC,1544,0.73,146.6,2909,2040,1870,1648,135.0,16.2,151,1545,0.00,0.00,0.00,0.000,4102,0.000,0.000,2910,2040,1759,1870,1649,0,0,0,0,0,0,28.83,28.83,28.83
$GC,1574,0.73,146.6,2909,2040,1870,1648,129.9,16.7,154,1575,0.00,0.00,0.00,0.000,4102,0.000,0.000,2910,2039,1759,1870,1648,0,0,0,0,0,0,28.83,28.83,28.83
$GC,1604,0.73,146.6,2909,2039,1870,1648,124.9,16.7,157,1605,0.00,0.00,0.00,0.000,4102,0.000,0.000,2910,2039,1759,1870,1648,0,0,0,0,0,0,28.83,28.83,28.83
$GC,1634,0.73,146.6,2910,2040,1870,1647,119.7,17.3,160,1635,0.00,0.00,0.00,0.000,4102,0.000,0.000,2910,2039,1759,1870,1648,0,0,0,0,0,0,28.83,28.83,28.83
$GC,1664,0.73,146.6,2909,2039,1870,1647,114.8,16.3,163,1665,0.00,0.00,0.00,0.000,4102,0.000,0.000,2910,2039,1758,1870,1647,0,0,0,0,0,0,28.83,28.83,28.83
$GC,1694,0.73,146.6,2909,2040,1870,1647,109.9,16.3,166,1703,0.00,2.12,0.00,0.000,4356,0.000,0.034,2909,3440,1758,1870,1647,0,0,0,0,0,0,28.83,25.98,28.83
$GC,1726,0.73,146.6,2909,3440,1870,1647,104.4,17.1,169,1735,0.00,2.05,0.00,0.000,5126,0.000,0.021,2909,2026,1757,1869,1646,0,0,0,0,0,0,28.83,26.11,28.83
$GC,1766,0.73,146.6,2909,2022,1870,1646,98.4,14.9,173,1767,0.00,0.00,0.00,0.000,4102,0.000,0.000,2909,2022,1758,1870,1646,0,0,0,0,0,0,28.83,28.83,28.83
$GC,1796,0.73,146.6,2909,2022,1870,1646,94.4,13.6,176,1797,0.00,0.00,0.00,0.000,4102,0.000,0.000,2909,2022,1758,1870,1646,0,0,0,0,0,0,28.83,28.83,28.83
$GC,1826,0.73,146.6,2909,2022,1869,1646,90.2,13.9,179,1835,0.00,2.15,0.00,0.000,4356,0.000,0.034,2909,3443,1757,1869,1646,0,0,0,0,0,0,28.83,26.03,28.83
$GC,1858,0.73,146.6,2909,3443,1869,1646,85.3,15.2,182,1867,0.00,2.05,0.00,0.000,5126,0.000,0.021,2909,2032,1757,1869,1646,0,0,0,0,0,0,28.83,26.15,28.83
$GC,1898,0.73,146.6,2909,2027,1869,1646,78.9,15.8,186,1907,0.00,2.15,0.00,0.000,4356,0.000,0.034,2909,3448,1757,1869,1646,0,0,0,0,0,0,28.83,26.05,28.83
$GC,1982,0.73,146.6,2048,3446,1830,1641,65.1,17.0,194,1989,0.00,2.12,0.00,0.000,5126,0.000,0.022,2909,2026,1757,1869,1646,0,0,0,0,0,0,28.83,25.98,28.83
$GC,2020,0.73,146.6,2909,2022,1869,1646,59.3,14.2,198,2021,0.00,0.00,0.00,0.000,4102,0.000,0.000,2909,2022,1757,1869,1646,0,0,0,0,0,0,28.83,28.83,28.83
$GC,2050,0.77,177.5,2909,2022,1869,1646,55.5,13.2,201,2080,0.00,2.22,24.48,0.475,10500,0.000,0.034,2909,3443,1643,1759,1527,0,0,0,0,0,0,28.83,25.96,24.87
$GC,2135,0.77,177.5,2909,3443,1758,1524,43.1,15.5,209,2143,0.00,2.12,0.00,0.000,3078,0.000,0.022,2909,2026,1641,1758,1524,0,0,0,0,0,0,28.83,25.75,28.83
$GC,2173,0.77,177.5,2909,2021,1757,1524,37.3,14.6,213,2174,0.00,0.00,0.00,0.000,2054,0.000,0.000,2909,2022,1640,1758,1523,0,0,0,0,0,0,28.83,28.83,28.83
$GC,2204,0.82,177.5,2909,2022,1758,1523,33.3,13.5,216,2206,0.08,0.00,0.00,0.000,2054,0.128,0.000,2939,2021,1640,1758,1523,0,0,0,0,0,0,26.25,28.83,28.83
$GC,2233,0.82,177.5,2939,2021,1758,1522,29.2,13.6,219,2235,0.00,0.00,0.00,0.000,4102,0.000,0.000,2939,2021,1640,1758,1522,0,0,0,0,0,0,28.83,28.83,28.83
$GC,2263,0.82,177.5,2939,2021,1758,1522,24.4,15.5,222,2265,0.00,0.00,0.00,0.000,4102,0.000,0.000,2939,2021,1640,1758,1522,0,0,0,0,0,0,28.83,28.83,28.83
$GC,2294,0.82,177.5,2939,2021,1758,1522,19.6,16.0,225,2303,0.00,2.15,0.00,0.000,260,0.000,0.034,2939,3444,1639,1757,1522,0,0,0,0,0,0,28.83,25.99,28.83
$GC,2318,0.82,177.5,2064,3443,1722,1518,15.8,16.3,227,2326,0.00,2.10,0.00,0.000,5126,0.000,0.019,2950,2024,1640,1758,1522,0,0,0,0,0,0,28.83,26.15,28.83
$GC,2356,0.82,177.5,2950,2019,1758,1522,8.9,17.4,231,2365,0.00,2.08,0.00,0.000,4612,0.000,0.034,2954,635,1639,1758,1521,0,0,0,0,0,0,28.83,26.02,28.83
$STATE,2396,end climb,SURFACE_DEPTH_REACHED
$STATE,2396,begin surface coast
$FINISH,1.3,1.021921
$STATE,2409,end surface coast,CONTROL_FINISHED_OK
$STATE,2409,begin surface
$SM_CCo,2427,175.07,0.433,1,0,662,423.52
$SM_GC,0.92,7.28,2.12,175.07,0.041,0.024,0.433,241,2041,662,-7.52,-1.10,423.52,0,0,0,0,1,0,25.99,26.13,24.52
$IRIDIUM_FIX,4719.74,-12335.20,120608,171749
$TT8_MAMPS,0.027713,0.027713
$HUMID,42.95
$INTERNAL_PRESSURE,8.14525
$TCM_TEMP,17.30
$XPDR_PINGS,83
$ALTIM_TOP_PING,19.6,18.8
$ALTIM_BOTTOM_PING,161.2,45.6
$24V_AH,24.3,25.038
$10V_AH,10.1,11.362
$FG_AHR_24Vo,0.000
$FG_AHR_10Vo,0.000
$DEVICES,Pitch_motor,Roll_motor,VBD_pump_during_apogee,VBD_pump_during_surface,VBD_valve,Iridium_during_init,Iridium_during_connect,Iridium_during_xfer,Transponder_ping,GUMSTIX_24V,GPS,TT8,LPSleep,TT8_Active,TT8_Sampling,TT8_CF8,TT8_Kalman,Analog_circuits,GPS_charging,Compass,RAFOS,Transponder,Compass2
$DEVICE_SECS,18.550,42.350,265.125,175.075,0.000,51.547,81.880,185.041,25.500,0.000,16.347,666.751,822.721,532.139,963.065,127.414,33.204,957.792,0.000,612.346,0.000,34.794,0.000
$DEVICE_MAMPS,231.030,51.255,569.925,432.990,0.000,43.600,160.000,223.000,420.000,0.000,28.460,13.960,2.190,13.960,37.930,44.670,61.150,16.000,0.000,15.730,0.000,30.000,0.000
$SENSORS,SBE_CT,AA4330,WL_BB2FLVMG,nil,nil,nil,nil,nil,nil,nil
$SENSOR_SECS,159.185,310.033,406.607,0.000,0.000,0.000,0.000,0.000,0.000,0.000
$SENSOR_MAMPS,23.220,33.000,105.000,0.000,0.000,0.000,0.000,0.000,0.000,0.000
$MEM,354628
$DATA_FILE_SIZE,17034,236
$CAP_FILE_SIZE,73371,0
$CFSIZE,260165632,255598592
$ERRORS,0,0,0,0,0,0,0,0,0,0,0,0,0,1,0,0
$GPS,230526,091357,4742.599,-12225.506,10,2.0,38,18.2
