version: 66.11
glider: 175
mission: 11
dive: 95
start: 5 26 126 0 4 8
data:
$ID,175
$MISSION,11
$DIVE,95
$N_DIVES,0
$D_SURF,3
$D_FLARE,3
$D_TGT,300
$D_ABORT,1090
$D_NO_BLEED,50
$D_BOOST,3
$T_BOOST,0
$D_FINISH,0
$D_PITCH,0
$D_SAFE,0
$D_CALL,0
$SURFACE_URGENCY,0
$SURFACE_URGENCY_TRY,0
$SURFACE_URGENCY_FORCE,0
$T_DIVE,65
$T_MISSION,100
$T_ABORT,1440
$T_TURN,300
$T_TURN_SAMPINT,5
$T_NO_W,120
$T_LOITER,0
$T_EPIRB,0
$USE_BATHY,0
$USE_ICE,0
$ICE_FREEZE_MARGIN,0.30000001
$D_OFFGRID,100
$T_WATCHDOG,10
$RELAUNCH,1
$APOGEE_PITCH,-8
$MAX_BUOY,150
$COURSE_BIAS,0
$GLIDE_SLOPE,30
$SPEED_FACTOR,1
$RHO,1.0235
$MASS,51878
$MASS_COMP,0
$NAV_MODE,1
$FERRY_MAX,45
$KALMAN_USE,1
$HD_A,0.0024900001
$HD_B,0.0091000004
$HD_C,5.7000002e-06
$HEADING,-1
$ESCAPE_HEADING,0
$ESCAPE_HEADING_DELTA,10
$FIX_MISSING_TIMEOUT,0
$TGT_DEFAULT_LAT,47.766998
$TGT_DEFAULT_LON,-122.413
$TGT_AUTO_DEFAULT,0
$SM_CC,423.31998
$N_FILEKB,4
$FILEMGR,0
$CALL_NDIVES,1
$COMM_SEQ,0
$PROTOCOL,9
$N_NOCOMM,1
$NOCOMM_ACTION,0
$N_NOSURFACE,0
$UPLOAD_DIVES_MAX,-1
$CALL_TRIES,5
$CALL_WAIT,60
$CAPUPLOAD,1
$CAPMAXSIZE,200000
$HEAPDBG,0
$T_GPS,15
$N_GPS,30
$T_GPS_ALMANAC,0
$T_GPS_CHARGE,-38759.504
$T_RSLEEP,2
$STROBE,0
$RAFOS_PEAK_OFFSET,1.5
$RAFOS_CORR_THRESH,60
$RAFOS_HIT_WINDOW,3600
$PITCH_MIN,255
$PITCH_MAX,3935
$C_PITCH,2671
$PITCH_DBAND,0.0099999998
$PITCH_CNV,0.003125763
$P_OVSHOOT,0.039999999
$PITCH_GAIN,30
$PITCH_TIMEOUT,17
$PITCH_AD_RATE,160
$PITCH_MAXERRORS,1
$PITCH_ADJ_GAIN,0.02
$PITCH_ADJ_DBAND,2.5
$ROLL_MIN,171
$ROLL_MAX,3723
$ROLL_DEG,40
$C_ROLL_DIVE,2030
$C_ROLL_CLIMB,2030
$HEAD_ERRBAND,10
$ROLL_CNV,0.028270001
$ROLL_TIMEOUT,15
$R_PORT_OVSHOOT,55
$R_STBD_OVSHOOT,50
$ROLL_AD_RATE,300
$ROLL_MAXERRORS,2
$ROLL_ADJ_GAIN,0
$ROLL_ADJ_DBAND,0
$VBD_MIN,465
$VBD_MAX,3960
$C_VBD,2350
$VBD_DBAND,2
$VBD_CNV,-0.25119999
$VBD_TIMEOUT,720
$PITCH_VBD_SHIFT,0.0012300001
$VBD_PUMP_AD_RATE_SURFACE,5
$VBD_PUMP_AD_RATE_APOGEE,4
$VBD_BLEED_AD_RATE,8
$UNCOM_BLEED,60
$VBD_MAXERRORS,1
$W_ADJ_DBAND,2
$DBDW,0
$PITCH_W_GAIN,0
$PITCH_W_DBAND,1
$CF8_MAXERRORS,5
$AH0_24V,145
$AH0_10V,95
$MINV_24V,19
$MINV_10V,8
$FG_AHR_10V,0
$FG_AHR_24V,0
$PHONE_SUPPLY,2
$PRESSURE_YINT,-13.51214
$PRESSURE_SLOPE,0.0001165895
$AD7714Ch0Gain,128
$TCM_PITCH_OFFSET,0
$TCM_ROLL_OFFSET,0
$COMPASS_USE,4
$ALTIM_BOTTOM_PING_RANGE,0
$ALTIM_TOP_PING_RANGE,20
$ALTIM_BOTTOM_TURN_MARGIN,25
$ALTIM_TOP_TURN_MARGIN,0
$ALTIM_TOP_MIN_OBSTACLE,1
$ALTIM_PING_DEPTH,60
$ALTIM_PING_DELTA,5
$ALTIM_FREQUENCY,13
$ALTIM_PULSE,3
$ALTIM_SENSITIVITY,4
$XPDR_VALID,5
$XPDR_INHIBIT,90
$INT_PRESSURE_SLOPE,0.0097660003
$INT_PRESSURE_YINT,-0.40000001
$DEEPGLIDER,0
$DEEPGLIDERMB,0
$MOTHERBOARD,4
$DEVICE1,2
$DEVICE2,101
$DEVICE3,38
$DEVICE4,-1
$DEVICE5,-1
$DEVICE6,-1
$LOGGERS,7
$LOGGERDEVICE1,-1
$LOGGERDEVICE2,-1
$LOGGERDEVICE3,-1
$LOGGERDEVICE4,-1
$COMPASS_DEVICE,33
$COMPASS2_DEVICE,-1
$PHONE_DEVICE,49
$GPS_DEVICE,32
$RAFOS_DEVICE,-1
$XPDR_DEVICE,24
$SIM_W,0
$SIM_PITCH,0
$SEABIRD_T_G,0.0043137739
$SEABIRD_T_H,0.00062868668
$SEABIRD_T_I,2.2691316e-05
$SEABIRD_T_J,2.2586789e-06
$SEABIRD_C_G,-10.021329
$SEABIRD_C_H,1.1236943
$SEABIRD_C_I,-0.0013673168
$SEABIRD_C_J,0.00018808816
$GPS1,250526,235453,4743.210,-12225.568,13,1.7,13,18.2
$_CALLS,2
$_XMS_NAKs,0
$_XMS_TOUTs,0
$_SM_DEPTHo,-2.64
$_SM_ANGLEo,-64.9
$GPS2,260526,000310,4743.331,-12225.460,11,1.6,34,18.2
$SPEED_LIMITS,0.266,0.310
$TGT_NAME,SOUTH_175
$TGT_LATLONG,4742.840,-12225.690
$TGT_RADIUS,200.000
$KALMAN_CONTROL,-0.141,-0.276
$KALMAN_X,-10460.1,83.3,16.5,9666.1,448.6
$KALMAN_Y,13556.2,-488.3,372.3,-25973.1,762.4
$MHEAD_RNG_PITCHd_Wd,188.8,953,-23.7,-15.385,-26.38,1456
$D_GRID,300
$GCHEAD,st_secs,pitch_ctl,vbd_ctl,pitch_ad_start,roll_ad_start,vbd_pot1_ad_start,vbd_pot2_ad_start,depth,ob_vertv,data_pts,end_secs,pitch_secs,roll_secs,vbd_secs,vbd_i,gcphase,pitch_i,roll_i,pitch_ad,roll_ad,vbd_ad,vbd_pot1_ad,vbd_pot2_ad,pitch_retries,pitch_errors,roll_retries,roll_errors,vbd_retries,vbd_errors,pitch_volts,roll_volts,vbd_volts
$STATE,14,end surface,CONTROL_FINISHED_OK
$STATE,14,begin dive
$GC,16,-0.97,-146.6,242,2027,707,600,0.0,0.0,0,109,0.00,0.00,-85.12,0.000,16390,0.000,0.000,242,2027,2936,3021,2851,0,0,0,0,0,0,28.83,28.83,26.45
$GC,112,-0.97,-146.6,242,2027,3022,2851,0.9,-6.5,9,130,8.50,2.12,0.00,0.000,2564,0.220,0.036,2354,628,2940,3030,2851,0,0,0,0,0,0,25.03,25.94,28.83
$GC,436,-0.85,-146.6,2354,628,3040,2844,74.8,-22.4,41,449,0.15,2.05,0.00,0.000,3078,0.158,0.031,2389,2016,2942,3041,2843,0,0,0,0,0,0,25.63,26.13,28.83
$GC,477,-0.78,-146.6,2389,2016,3043,2843,82.8,-19.1,45,487,0.12,2.12,0.00,0.000,2308,0.180,0.040,2413,3427,2943,3044,2843,0,0,0,0,0,0,25.96,26.04,28.83
$GC,626,-0.78,-146.6,2413,3426,3045,2842,107.5,-15.1,59,635,0.00,2.03,0.00,0.000,3078,0.000,0.021,2413,2012,2944,3046,2842,0,0,0,0,0,0,28.83,26.29,28.83
$GC,666,-0.78,-146.6,2413,2011,3046,2841,113.8,-15.7,63,668,0.00,0.00,0.00,0.000,2054,0.000,0.000,2413,2012,2944,3046,2842,0,0,0,0,0,0,28.83,28.83,28.83
$GC,696,-0.78,-146.6,2413,2012,3046,2841,118.4,-15.4,66,697,0.00,0.00,0.00,0.000,2054,0.000,0.000,2413,2012,2943,3046,2841,0,0,0,0,0,0,28.83,28.83,28.83
$GC,726,-0.78,-146.6,2413,2012,3046,2841,122.9,-15.1,69,735,0.00,2.22,0.00,0.000,2308,0.000,0.047,2412,3442,2943,3046,2841,0,0,0,0,0,0,28.83,26.03,28.83
$GC,799,-0.78,-146.6,2411,3442,3046,2841,134.7,-15.8,76,809,0.00,2.03,0.00,0.000,3078,0.000,0.021,2412,2024,2943,3046,2841,0,0,0,0,0,0,28.83,26.32,28.83
$GC,840,-0.78,-146.6,2411,2024,3046,2841,141.2,-15.9,80,841,0.00,0.00,0.00,0.000,2054,0.000,0.000,2412,2024,2943,3046,2841,0,0,0,0,0,0,28.83,28.83,28.83
$GC,872,-0.78,-146.6,2411,2024,3046,2841,145.9,-16.1,83,878,0.00,0.00,0.00,0.000,2054,0.000,0.000,2412,2024,2943,3046,2841,0,0,0,0,0,0,28.83,28.83,28.83
$GC,909,-0.78,-146.6,2412,2024,3046,2840,151.8,-14.6,87,910,0.00,0.00,0.00,0.000,2054,0.000,0.000,2412,2024,2943,3046,2841,0,0,0,0,0,0,28.83,28.83,28.83
$GC,940,-0.78,-146.6,2412,2024,3046,2840,156.1,-14.8,90,941,0.00,0.00,0.00,0.000,2054,0.000,0.000,2412,2024,2943,3046,2840,0,0,0,0,0,0,28.83,28.83,28.83
$GC,970,-0.78,-146.6,2412,2024,3046,2840,160.7,-15.0,93,971,0.00,0.00,0.00,0.000,2054,0.000,0.000,2412,2024,2943,3046,2840,0,0,0,0,0,0,28.83,28.83,28.83
$GC,1002,-0.78,-146.6,2412,2024,3046,2840,165.2,-15.1,96,1008,0.00,0.00,0.00,0.000,2054,0.000,0.000,2412,2024,2943,3046,2840,0,0,0,0,0,0,28.83,28.83,28.83
$GC,1040,-0.78,-146.6,2411,2024,3046,2840,171.3,-15.1,100,1041,0.00,0.00,0.00,0.000,2054,0.000,0.000,2412,2024,2943,3046,2840,0,0,0,0,0,0,28.83,28.83,28.83
$GC,1072,-0.78,-146.6,2412,2024,3045,2839,175.5,-14.6,103,1078,0.00,0.00,0.00,0.000,2054,0.000,0.000,2412,2024,2943,3046,2840,0,0,0,0,0,0,28.83,28.83,28.83
$GC,1109,-0.78,-146.6,2411,2024,3046,2839,180.9,-13.5,107,1111,0.00,0.00,0.00,0.000,2054,0.000,0.000,2412,2024,2942,3046,2839,0,0,0,0,0,0,28.83,28.83,28.83
$GC,1139,-0.78,-146.6,2412,2024,3046,2839,185.4,-14.5,110,1140,0.00,0.00,0.00,0.000,2054,0.000,0.000,2412,2024,2942,3046,2839,0,0,0,0,0,0,28.83,28.83,28.83
$STATE,1168,end dive,BOTTOM_OBSTACLE_DETECTED
$STATE,1168,begin apogee
$GC,1172,-0.27,0.0,2412,2024,3046,2839,189.9,-15.2,113,1302,0.52,0.00,125.18,0.581,10246,0.136,0.000,2576,2023,2350,2441,2260,0,0,0,0,0,0,25.58,28.83,24.13
$STATE,1304,end apogee,CONTROL_FINISHED_OK
$STATE,1304,begin climb
$GC,1306,0.97,146.6,2576,2023,2440,2259,196.9,0.0,126,1434,1.23,0.00,118.62,0.562,10758,0.095,0.000,2978,2023,1764,1871,1658,0,0,0,0,0,0,25.19,28.83,24.13
$GC,1465,0.87,146.6,2978,2023,1867,1655,174.4,20.4,142,1474,0.10,2.15,0.00,0.000,4356,0.189,0.031,2958,3435,1760,1866,1655,0,0,0,0,0,0,25.44,25.56,28.83
$GC,1498,0.77,146.6,2958,3435,1866,1654,166.4,23.5,145,1508,0.17,2.08,0.00,0.000,5126,0.172,0.021,2924,2037,1760,1866,1654,0,0,0,0,0,0,25.32,25.73,28.83
$GC,1537,0.77,146.6,2924,2033,1866,1652,158.6,19.7,149,1539,0.00,0.00,0.00,0.000,4102,0.000,0.000,2924,2033,1759,1866,1652,0,0,0,0,0,0,28.83,28.83,28.83
$GC,1567,0.77,146.6,2924,2033,1866,1652,153.4,17.3,152,1568,0.00,0.00,0.00,0.000,4102,0.000,0.000,2924,2033,1759,1866,1652,0,0,0,0,0,0,28.83,28.83,28.83
$GC,1597,0.77,146.6,2924,2033,1866,1651,148.3,17.0,155,1598,0.00,0.00,0.00,0.000,4102,0.000,0.000,2924,2033,1758,1866,1651,0,0,0,0,0,0,28.83,28.83,28.83
$GC,1628,0.77,146.6,2924,2033,1866,1651,143.7,15.7,158,1629,0.00,0.00,0.00,0.000,4102,0.000,0.000,2924,2033,1758,1866,1651,0,0,0,0,0,0,28.83,28.83,28.83
$GC,1657,0.77,146.6,2923,2033,1866,1651,138.9,15.8,161,1659,0.00,0.00,0.00,0.000,4102,0.000,0.000,2924,2033,1758,1866,1651,0,0,0,0,0,0,28.83,28.83,28.83
$GC,1687,0.77,146.6,2924,2033,1866,1650,134.0,16.3,164,1696,0.00,2.15,0.00,0.000,4356,0.000,0.033,2924,3446,1757,1865,1650,0,0,0,0,0,0,28.83,25.97,28.83
$GC,1719,0.77,146.6,2924,3446,1865,1650,128.6,16.3,167,1728,0.00,2.08,0.00,0.000,5126,0.000,0.020,2931,2021,1757,1865,1650,0,0,0,0,0,0,28.83,26.08,28.83
$GC,1759,0.77,146.6,2931,2016,1865,1650,122.2,16.2,171,1760,0.00,0.00,0.00,0.000,4102,0.000,0.000,2932,2017,1757,1865,1650,0,0,0,0,0,0,28.83,28.83,28.83
$GC,1789,0.77,146.6,2931,2017,1865,1650,117.0,16.6,174,1799,0.00,2.17,0.00,0.000,4356,0.000,0.034,2931,3447,1757,1865,1650,0,0,0,0,0,0,28.83,26.02,28.83
$GC,1823,0.77,146.6,2931,3447,1865,1650,111.2,18.3,177,1832,0.05,2.10,0.00,0.000,5126,0.227,0.021,2925,2037,1757,1865,1650,0,0,0,0,0,0,24.03,26.13,28.83
$GC,1861,0.77,146.6,2925,2033,1865,1650,104.2,17.5,181,1862,0.00,0.00,0.00,0.000,4102,0.000,0.000,2925,2033,1757,1865,1650,0,0,0,0,0,0,28.83,28.83,28.83
$GC,1892,0.77,146.6,2925,2033,1865,1650,99.5,16.1,184,1893,0.00,0.00,0.00,0.000,4102,0.000,0.000,2925,2033,1757,1865,1649,0,0,0,0,0,0,28.83,28.83,28.83
$GC,1921,0.77,146.6,2925,2033,1865,1649,94.7,15.8,187,1923,0.00,0.00,0.00,0.000,4102,0.000,0.000,2925,2033,1757,1865,1649,0,0,0,0,0,0,28.83,28.83,28.83
$GC,1951,0.77,146.6,2925,2033,1865,1649,89.6,16.9,190,1952,0.00,0.00,0.00,0.000,4102,0.000,0.000,2925,2033,1757,1865,1649,0,0,0,0,0,0,28.83,28.83,28.83
$GC,1981,0.77,146.6,2925,2033,1865,1649,84.5,16.8,193,1991,0.00,2.12,0.00,0.000,4356,0.000,0.034,2925,3442,1757,1865,1649,0,0,0,0,0,0,28.83,26.10,28.83
$GC,2015,0.77,146.6,2925,3442,1865,1649,78.9,17.2,196,2023,0.00,2.10,0.00,0.000,5126,0.000,0.019,2933,2021,1756,1864,1649,0,0,0,0,0,0,28.83,26.22,28.83
$GC,2053,0.77,146.6,2932,2018,1865,1649,72.1,17.2,200,2055,0.00,0.00,0.00,0.000,4102,0.000,0.000,2933,2018,1757,1865,1649,0,0,0,0,0,0,28.83,28.83,28.83
$GC,2084,0.77,146.6,2932,2018,1865,1649,67.0,17.1,203,2085,0.00,0.00,0.00,0.000,4102,0.000,0.000,2933,2018,1757,1865,1649,0,0,0,0,0,0,28.83,28.83,28.83
$GC,2113,0.77,146.6,2933,2018,1865,1649,61.9,17.0,206,2114,0.00,0.00,0.00,0.000,4102,0.000,0.000,2933,2018,1757,1865,1649,0,0,0,0,0,0,28.83,28.83,28.83
$GC,2143,0.77,146.6,2932,2018,1865,1650,56.8,17.0,209,2152,0.00,2.15,0.00,0.000,4356,0.000,0.034,2933,3441,1757,1865,1649,0,0,0,0,0,0,28.83,26.13,28.83
$GC,2175,0.77,146.6,2933,3441,1864,1649,50.9,18.3,212,2185,0.08,2.05,0.00,0.000,5126,0.207,0.021,2925,2029,1757,1865,1649,0,0,0,0,0,0,26.01,26.23,28.83
$GC,2215,0.77,146.6,2925,2025,1865,1649,44.3,16.6,216,2216,0.00,0.00,0.00,0.000,4102,0.000,0.000,2925,2025,1757,1865,1649,0,0,0,0,0,0,28.83,28.83,28.83
$GC,2245,0.77,146.6,2925,2025,1865,1649,39.8,14.8,219,2254,0.00,2.15,0.00,0.000,4356,0.000,0.034,2924,3448,1756,1864,1649,0,0,0,0,0,0,28.83,26.15,28.83
$GC,2327,0.77,146.6,2924,3449,1865,1649,26.2,16.6,227,2336,0.00,2.08,0.00,0.000,5126,0.000,0.021,2931,2016,1757,1865,1649,0,0,0,0,0,0,28.83,26.27,28.83
$GC,2368,0.77,146.6,2930,2012,1865,1649,19.9,15.8,231,2369,0.00,0.00,0.00,0.000,4102,0.000,0.000,2930,2012,1757,1865,1649,0,0,0,0,0,0,28.83,28.83,28.83
$GC,2397,0.77,146.6,2930,2012,1865,1649,15.6,14.8,234,2398,0.00,0.00,0.00,0.000,4102,0.000,0.000,2930,2012,1757,1865,1649,0,0,0,0,0,0,28.83,28.83,28.83
$GC,2427,0.77,146.6,2930,2011,1865,1649,11.3,14.1,237,2436,0.00,2.15,0.00,0.000,4356,0.000,0.034,2930,3441,1757,1865,1649,0,0,0,0,0,0,28.83,26.17,28.83
$STATE,2487,end climb,SURFACE_DEPTH_REACHED
$STATE,2487,begin surface coast
$FINISH,-0.4,1.022007
$STATE,2499,end surface coast,CONTROL_FINISHED_OK
$STATE,2499,begin surface
$SM_CCo,2517,202.57,0.438,1,0,663,423.52
$SM_GC,-2.74,7.80,2.10,202.57,0.082,0.021,0.438,241,2034,663,-7.52,1.92,423.52,0,0,0,0,1,0,26.18,26.28,24.33
$IRIDIUM_FIX,4722.92,-12227.78,150608,090926
$TT8_MAMPS,0.027713,0.027713
$HUMID,41.77
$INTERNAL_PRESSURE,8.14525
$TCM_TEMP,16.40
$XPDR_PINGS,83
$ALTIM_TOP_PING,19.9,999.0
$ALTIM_BOTTOM_PING,175.5,39.0
$24V_AH,24.0,30.956
$10V_AH,10.1,14.386
$FG_AHR_24Vo,0.000
$FG_AHR_10Vo,0.000
$DEVICES,Pitch_motor,Roll_motor,VBD_pump_during_apogee,VBD_pump_during_surface,VBD_valve,Iridium_during_init,Iridium_during_connect,Iridium_during_xfer,Transponder_ping,GUMSTIX_24V,GPS,TT8,LPSleep,TT8_Active,TT8_Sampling,TT8_CF8,TT8_Kalman,Analog_circuits,GPS_charging,Compass,RAFOS,Transponder,Compass2
$DEVICE_SECS,18.725,42.200,243.800,202.575,0.000,57.178,58.937,184.137,27.250,0.000,36.912,675.343,861.227,566.939,999.997,133.425,33.208,994.402,0.000,641.274,0.000,42.269,0.000
$DEVICE_MAMPS,227.205,47.430,580.635,437.580,0.000,43.600,160.000,223.000,420.000,0.000,28.460,13.960,2.190,13.960,37.930,44.670,61.150,16.000,0.000,15.730,0.000,30.000,0.000
$SENSORS,SBE_CT,AA4330,WL_BB2FLVMG,nil,nil,nil,nil,nil,nil,nil
$SENSOR_SECS,164.299,320.642,420.421,0.000,0.000,0.000,0.000,0.000,0.000,0.000
$SENSOR_MAMPS,23.220,33.000,105.000,0.000,0.000,0.000,0.000,0.000,0.000,0.000
$MEM,354504
$DATA_FILE_SIZE,17027,244
$CAP_FILE_SIZE,72831,0
$CFSIZE,260165632,252698624
$ERRORS,0,0,0,0,0,0,0,0,0,0,0,0,0,1,0,0
$GPS,260526,005057,4743.169,-12225.764,39,1.8,44,18.2
