version: 66.11
glider: 175
mission: 11
dive: 381
start: 6 5 126 17 14 35
data:
$ID,175
$MISSION,11
$DIVE,381
$N_DIVES,0
$D_SURF,3
$D_FLARE,3
$D_TGT,150
$D_ABORT,1090
$D_NO_BLEED,50
$D_BOOST,3
$T_BOOST,0
$D_FINISH,0
$D_PITCH,0
$D_SAFE,0
$D_CALL,0
$SURFACE_URGENCY,0
$SURFACE_URGENCY_TRY,0
$SURFACE_URGENCY_FORCE,0
$T_DIVE,50
$T_MISSION,75
$T_ABORT,1440
$T_TURN,300
$T_TURN_SAMPINT,5
$T_NO_W,120
$T_LOITER,0
$T_EPIRB,0
$USE_BATHY,-1
$USE_ICE,0
$ICE_FREEZE_MARGIN,0.30000001
$D_OFFGRID,100
$T_WATCHDOG,10
$RELAUNCH,1
$APOGEE_PITCH,-8
$MAX_BUOY,150
$COURSE_BIAS,0
$GLIDE_SLOPE,30
$SPEED_FACTOR,1
$RHO,1.0235
$MASS,51878
$MASS_COMP,0
$NAV_MODE,2
$FERRY_MAX,45
$KALMAN_USE,2
$HD_A,0.0024900001
$HD_B,0.0091000004
$HD_C,5.7000002e-06
$HEADING,-1
$ESCAPE_HEADING,0
$ESCAPE_HEADING_DELTA,10
$FIX_MISSING_TIMEOUT,0
$TGT_DEFAULT_LAT,47.766998
$TGT_DEFAULT_LON,-122.413
$TGT_AUTO_DEFAULT,0
$SM_CC,473.51199
$N_FILEKB,4
$FILEMGR,0
$CALL_NDIVES,1
$COMM_SEQ,0
$PROTOCOL,9
$N_NOCOMM,1
$NOCOMM_ACTION,0
$N_NOSURFACE,0
$UPLOAD_DIVES_MAX,-1
$CALL_TRIES,5
$CALL_WAIT,60
$CAPUPLOAD,1
$CAPMAXSIZE,200000
$HEAPDBG,0
$T_GPS,15
$N_GPS,30
$T_GPS_ALMANAC,0
$T_GPS_CHARGE,-39361.281
$T_RSLEEP,2
$STROBE,0
$RAFOS_PEAK_OFFSET,1.5
$RAFOS_CORR_THRESH,60
$RAFOS_HIT_WINDOW,3600
$PITCH_MIN,255
$PITCH_MAX,3935
$C_PITCH,2626
$PITCH_DBAND,0.0099999998
$PITCH_CNV,0.003125763
$P_OVSHOOT,0.039999999
$PITCH_GAIN,30
$PITCH_TIMEOUT,17
$PITCH_AD_RATE,160
$PITCH_MAXERRORS,1
$PITCH_ADJ_GAIN,0.02
$PITCH_ADJ_DBAND,2.5
$ROLL_MIN,171
$ROLL_MAX,3723
$ROLL_DEG,40
$C_ROLL_DIVE,2030
$C_ROLL_CLIMB,2030
$HEAD_ERRBAND,10
$ROLL_CNV,0.028270001
$ROLL_TIMEOUT,15
$R_PORT_OVSHOOT,57
$R_STBD_OVSHOOT,50
$ROLL_AD_RATE,300
$ROLL_MAXERRORS,2
$ROLL_ADJ_GAIN,0
$ROLL_ADJ_DBAND,0
$VBD_MIN,465
$VBD_MAX,3960
$C_VBD,2350
$VBD_DBAND,2
$VBD_CNV,-0.25119999
$VBD_TIMEOUT,720
$PITCH_VBD_SHIFT,0.0012300001
$VBD_PUMP_AD_RATE_SURFACE,5
$VBD_PUMP_AD_RATE_APOGEE,4
$VBD_BLEED_AD_RATE,8
$UNCOM_BLEED,60
$VBD_MAXERRORS,1
$W_ADJ_DBAND,2
$DBDW,0
$PITCH_W_GAIN,0
$PITCH_W_DBAND,1
$CF8_MAXERRORS,5
$AH0_24V,145
$AH0_10V,95
$MINV_24V,19
$MINV_10V,8
$FG_AHR_10V,0
$FG_AHR_24V,0
$PHONE_SUPPLY,2
$PRESSURE_YINT,-13.51214
$PRESSURE_SLOPE,0.0001165895
$AD7714Ch0Gain,128
$TCM_PITCH_OFFSET,0
$TCM_ROLL_OFFSET,0
$COMPASS_USE,4
$ALTIM_BOTTOM_PING_RANGE,0
$ALTIM_TOP_PING_RANGE,20
$ALTIM_BOTTOM_TURN_MARGIN,25
$ALTIM_TOP_TURN_MARGIN,0
$ALTIM_TOP_MIN_OBSTACLE,1
$ALTIM_PING_DEPTH,60
$ALTIM_PING_DELTA,5
$ALTIM_FREQUENCY,13
$ALTIM_PULSE,3
$ALTIM_SENSITIVITY,4
$XPDR_VALID,5
$XPDR_INHIBIT,90
$INT_PRESSURE_SLOPE,0.0097660003
$INT_PRESSURE_YINT,-0.40000001
$DEEPGLIDER,0
$DEEPGLIDERMB,0
$MOTHERBOARD,4
$DEVICE1,2
$DEVICE2,101
$DEVICE3,38
$DEVICE4,-1
$DEVICE5,-1
$DEVICE6,-1
$LOGGERS,7
$LOGGERDEVICE1,-1
$LOGGERDEVICE2,-1
$LOGGERDEVICE3,-1
$LOGGERDEVICE4,-1
$COMPASS_DEVICE,33
$COMPASS2_DEVICE,-1
$PHONE_DEVICE,49
$GPS_DEVICE,32
$RAFOS_DEVICE,-1
$XPDR_DEVICE,24
$SIM_W,0
$SIM_PITCH,0
$SEABIRD_T_G,0.0043137739
$SEABIRD_T_H,0.00062868668
$SEABIRD_T_I,2.2691316e-05
$SEABIRD_T_J,2.2586789e-06
$SEABIRD_C_G,-10.021329
$SEABIRD_C_H,1.1236943
$SEABIRD_C_I,-0.0013673168
$SEABIRD_C_J,0.00018808816
$GPS1,050626,170853,4751.477,-12221.765,9,1.5,9,18.2
$_CALLS,1
$_XMS_NAKs,0
$_XMS_TOUTs,0
$_SM_DEPTHo,-5.74
$_SM_ANGLEo,-64.1
$GPS2,050626,171406,4751.522,-12221.747,11,1.1,18,18.2
$SPEED_LIMITS,0.173,0.272
$TGT_NAME,EAST_175
$TGT_LATLONG,4751.420,-12221.650
$TGT_RADIUS,200.000
$KALMAN_CONTROL,0.079,0.297
$KALMAN_X,-30076.6,-183.3,-72.9,29774.7,-185.0
$KALMAN_Y,25757.5,-625.9,-357.4,-36445.5,446.9
$MHEAD_RNG_PITCHd_Wd,136.0,225,-27.0,-10.000,-30.00,874
$D_GRID,100
$GCHEAD,st_secs,pitch_ctl,vbd_ctl,pitch_ad_start,roll_ad_start,vbd_pot1_ad_start,vbd_pot2_ad_start,depth,ob_vertv,data_pts,end_secs,pitch_secs,roll_secs,vbd_secs,vbd_i,gcphase,pitch_i,roll_i,pitch_ad,roll_ad,vbd_ad,vbd_pot1_ad,vbd_pot2_ad,pitch_retries,pitch_errors,roll_retries,roll_errors,vbd_retries,vbd_errors,pitch_volts,roll_volts,vbd_volts
$STATE,13,end surface,CONTROL_FINISHED_OK
$STATE,13,begin dive
$GC,15,-0.97,-57.1,231,2025,478,434,0.0,0.0,0,94,0.00,0.00,-76.57,0.000,16390,0.000,0.000,231,2026,2579,2655,2504,0,0,0,0,0,0,28.83,28.83,26.41
$GC,97,-1.03,-108.4,231,2026,2655,2505,-3.8,-4.0,8,118,8.45,2.25,-5.25,0.000,18692,0.223,0.056,2273,3424,2785,2883,2687,0,0,0,0,0,0,24.84,25.83,26.32
$GC,221,-0.77,-108.4,2272,3424,2886,2691,26.7,-28.6,20,231,0.35,2.08,0.00,0.000,3078,0.177,0.025,2369,2022,2789,2887,2691,0,0,0,0,0,0,25.25,26.08,28.83
$GC,262,-0.62,-108.4,2369,2022,2889,2690,36.0,-23.1,24,271,0.17,2.08,0.00,0.000,2564,0.170,0.031,2419,639,2789,2888,2690,0,0,0,0,0,0,25.71,26.01,28.83
$GC,305,-0.62,-108.4,2419,639,2888,2690,43.6,-17.4,28,314,0.00,2.08,0.00,0.000,3078,0.000,0.029,2412,2029,2789,2888,2690,0,0,0,0,0,0,28.83,26.06,28.83
$GC,344,-0.62,-108.4,2411,2030,2888,2690,49.5,-14.8,32,346,0.00,0.00,0.00,0.000,2054,0.000,0.000,2412,2030,2789,2888,2690,0,0,0,0,0,0,28.83,28.83,28.83
$GC,375,-0.62,-108.4,2412,2030,2888,2690,53.8,-14.3,35,384,0.00,2.15,0.00,0.000,2308,0.000,0.042,2411,3441,2789,2888,2691,0,0,0,0,0,0,28.83,25.98,28.83
$GC,419,-0.62,-108.4,2411,3441,2889,2691,60.3,-15.5,39,427,0.00,2.10,0.00,0.000,3078,0.000,0.021,2411,2026,2789,2889,2690,0,0,0,0,0,0,28.83,26.22,28.83
$GC,458,-0.62,-108.4,2411,2022,2889,2690,66.4,-14.5,43,460,0.00,0.00,0.00,0.000,2054,0.000,0.000,2411,2022,2789,2889,2690,0,0,0,0,0,0,28.83,28.83,28.83
$GC,489,-0.62,-108.4,2410,2022,2889,2690,70.5,-14.0,46,498,0.00,2.15,0.00,0.000,2308,0.000,0.043,2410,3437,2790,2889,2691,0,0,0,0,0,0,28.83,26.03,28.83
$GC,552,-0.62,-108.4,2409,3437,2889,2690,80.1,-15.0,52,561,0.00,2.03,0.00,0.000,3078,0.000,0.021,2410,2021,2789,2889,2690,0,0,0,0,0,0,28.83,26.26,28.83
$GC,592,-0.62,-108.4,2409,2021,2889,2690,85.8,-14.2,56,594,0.05,0.00,0.00,0.000,2054,0.228,0.000,2419,2020,2789,2889,2690,0,0,0,0,0,0,26.35,28.83,28.83
$GC,622,-0.62,-108.4,2419,2020,2889,2690,89.9,-13.7,59,623,0.00,0.00,0.00,0.000,2054,0.000,0.000,2418,2020,2789,2889,2690,0,0,0,0,0,0,28.83,28.83,28.83
$GC,653,-0.62,-108.4,2419,2020,2889,2690,93.8,-13.3,62,661,0.00,2.15,0.00,0.000,2308,0.000,0.041,2411,3440,2789,2889,2690,0,0,0,0,0,0,28.83,26.06,28.83
$GC,697,-0.62,-108.4,2411,3441,2889,2690,99.9,-14.1,66,708,0.00,2.08,0.00,0.000,3078,0.000,0.021,2411,2031,2789,2889,2690,0,0,0,0,0,0,28.83,26.28,28.83
$STATE,713,end dive,TARGET_DEPTH_EXCEEDED
$STATE,713,begin apogee
$GC,717,-0.27,0.0,2411,2031,2889,2690,102.6,-14.2,68,817,0.40,0.00,93.25,0.516,10246,0.141,0.000,2534,2030,2350,2441,2259,0,0,0,0,0,0,25.57,28.83,24.03
$STATE,818,end apogee,CONTROL_FINISHED_OK
$STATE,818,begin climb
$GC,820,1.03,108.4,2534,2030,2440,2258,108.6,0.0,78,916,1.30,0.00,90.15,0.506,10246,0.110,0.000,2947,2030,1917,2025,1809,0,0,0,0,0,0,25.18,28.83,24.01
$GC,946,1.03,108.4,2947,2030,2022,1807,95.4,14.7,91,947,0.00,0.00,0.00,0.000,2054,0.000,0.000,2947,2030,1914,2022,1806,0,0,0,0,0,0,28.83,28.83,28.83
$GC,976,1.03,108.4,2947,2030,2020,1805,90.7,15.7,94,985,0.00,2.15,0.00,0.000,2308,0.000,0.034,2947,3442,1912,2020,1805,0,0,0,0,0,0,28.83,25.68,28.83
$GC,1060,1.03,108.4,2947,3442,2020,1803,76.1,18.0,102,1069,0.00,2.05,0.00,0.000,1030,0.000,0.020,2957,2032,1912,2020,1804,0,0,0,0,0,0,28.83,25.96,28.83
$GC,1098,1.03,108.4,2957,2028,2020,1803,69.5,16.4,106,1100,0.00,0.00,0.00,0.000,6,0.000,0.000,2957,2028,1911,2020,1803,0,0,0,0,0,0,28.83,28.83,28.83
$GC,1128,1.03,108.4,2957,2028,2020,1803,64.6,16.0,109,1138,0.00,2.12,0.00,0.000,260,0.000,0.033,2957,3443,1911,2020,1802,0,0,0,0,0,0,28.83,25.93,28.83
$GC,1173,1.03,108.4,2957,3443,2019,1802,57.5,16.9,113,1181,0.00,2.10,0.00,0.000,5126,0.000,0.019,2967,2029,1911,2020,1802,0,0,0,0,0,0,28.83,26.08,28.83
$GC,1211,1.03,108.4,2967,2026,2019,1802,51.1,16.0,117,1212,0.00,0.00,0.00,0.000,4102,0.000,0.000,2968,2026,1910,2019,1802,0,0,0,0,0,0,28.83,28.83,28.83
$GC,1241,1.03,108.4,2967,2026,2019,1802,46.7,14.8,120,1250,0.00,2.15,0.00,0.000,4356,0.000,0.034,2968,3443,1910,2019,1801,0,0,0,0,0,0,28.83,26.01,28.83
$GC,1295,0.97,108.4,2080,3442,1976,1796,37.8,17.7,125,1305,0.12,2.10,0.00,0.000,5126,0.171,0.020,2943,2037,1910,2019,1801,0,0,0,0,0,0,25.60,26.14,28.83
$GC,1334,0.97,108.4,2943,2035,2019,1801,32.0,14.5,129,1335,0.00,0.00,0.00,0.000,4102,0.000,0.000,2944,2035,1910,2019,1801,0,0,0,0,0,0,28.83,28.83,28.83
$GC,1363,0.97,108.4,2943,2035,2019,1800,28.0,13.1,132,1372,0.00,2.12,0.00,0.000,4612,0.000,0.034,2952,633,1909,2018,1800,0,0,0,0,0,0,28.83,26.06,28.83
$GC,1418,1.02,108.4,2080,633,1973,1795,20.9,13.8,137,1427,0.00,2.12,0.00,0.000,1030,0.000,0.028,2952,2046,1908,2015,1801,0,0,0,0,0,0,28.83,26.17,28.83
$GC,1455,1.02,108.4,2951,2046,2016,1801,15.5,13.7,141,1465,0.00,2.08,0.00,0.000,260,0.000,0.034,2952,3438,1908,2016,1801,0,0,0,0,0,0,28.83,26.09,28.83
$GC,1488,1.02,108.4,2951,3438,2016,1801,10.9,13.9,144,1497,0.00,2.05,0.00,0.000,5126,0.000,0.018,2962,2022,1908,2015,1801,0,0,0,0,0,0,28.83,26.24,28.83
$GC,1528,1.02,108.4,2962,2019,2016,1801,5.2,14.0,148,1537,0.00,2.15,0.00,0.000,4356,0.000,0.033,2962,3439,1908,2016,1800,0,0,0,0,0,0,28.83,26.11,28.83
$STATE,1549,end climb,SURFACE_DEPTH_REACHED
$STATE,1549,begin surface coast
$FINISH,-1.2,1.022187
$STATE,1570,end surface coast,CONTROL_FINISHED_OK
$STATE,1571,begin surface
$SM_CCo,1590,273.92,0.432,1,0,464,473.51
$SM_GC,-5.85,8.10,2.12,273.92,0.093,0.020,0.432,230,2022,464,-7.38,1.58,473.51,0,0,0,0,1,0,26.18,26.22,24.16
$IRIDIUM_FIX,4732.49,-12217.68,260608,010127
$TT8_MAMPS,0.028462,0.028462
$HUMID,42.24
$INTERNAL_PRESSURE,8.14525
$TCM_TEMP,16.60
$XPDR_PINGS,78
$ALTIM_TOP_PING,19.8,999.0
$24V_AH,24.0,54.697
$10V_AH,9.9,26.548
$FG_AHR_24Vo,0.000
$FG_AHR_10Vo,0.000
$DEVICES,Pitch_motor,Roll_motor,VBD_pump_during_apogee,VBD_pump_during_surface,VBD_valve,Iridium_during_init,Iridium_during_connect,Iridium_during_xfer,Transponder_ping,GUMSTIX_24V,GPS,TT8,LPSleep,TT8_Active,TT8_Sampling,TT8_CF8,TT8_Kalman,Analog_circuits,GPS_charging,Compass,RAFOS,Transponder,Compass2
$DEVICE_SECS,18.950,46.450,183.400,273.925,0.000,24.232,16.290,163.835,22.000,0.000,21.028,446.038,422.975,581.621,643.080,107.869,0.000,893.217,0.000,424.947,0.000,16.326,0.000
$DEVICE_MAMPS,227.970,55.845,515.610,432.225,0.000,43.600,160.000,223.000,420.000,0.000,28.460,13.960,2.190,13.960,37.930,44.670,0.000,16.000,0.000,15.730,0.000,30.000,0.000
$SENSORS,SBE_CT,AA4330,WL_BB2FLVMG,nil,nil,nil,nil,nil,nil,nil
$SENSOR_SECS,100.237,199.123,261.807,0.000,0.000,0.000,0.000,0.000,0.000,0.000
$SENSOR_MAMPS,23.220,33.000,105.000,0.000,0.000,0.000,0.000,0.000,0.000,0.000
$MEM,354112
$DATA_FILE_SIZE,10421,152
$CAP_FILE_SIZE,51510,0
$CFSIZE,260165632,241115136
$ERRORS,0,0,0,0,0,0,0,0,0,0,0,0,0,1,0,0
$CURRENT,0.024, 37.5,1
$GPS,050626,174703,4751.367,-12221.597,10,1.2,38,18.2
