version: 66.11
glider: 175
mission: 11
dive: 317
start: 6 3 126 6 17 54
data:
$ID,175
$MISSION,11
$DIVE,317
$N_DIVES,0
$D_SURF,3
$D_FLARE,3
$D_TGT,200
$D_ABORT,1090
$D_NO_BLEED,50
$D_BOOST,3
$T_BOOST,0
$D_FINISH,0
$D_PITCH,0
$D_SAFE,0
$D_CALL,0
$SURFACE_URGENCY,0
$SURFACE_URGENCY_TRY,0
$SURFACE_URGENCY_FORCE,0
$T_DIVE,67
$T_MISSION,82
$T_ABORT,1440
$T_TURN,300
$T_TURN_SAMPINT,5
$T_NO_W,120
$T_LOITER,0
$T_EPIRB,0
$USE_BATHY,1
$USE_ICE,0
$ICE_FREEZE_MARGIN,0.30000001
$D_OFFGRID,100
$T_WATCHDOG,10
$RELAUNCH,1
$APOGEE_PITCH,-8
$MAX_BUOY,150
$COURSE_BIAS,0
$GLIDE_SLOPE,30
$SPEED_FACTOR,1
$RHO,1.0235
$MASS,51878
$MASS_COMP,0
$NAV_MODE,2
$FERRY_MAX,45
$KALMAN_USE,2
$HD_A,0.0024900001
$HD_B,0.0091000004
$HD_C,5.7000002e-06
$HEADING,-1
$ESCAPE_HEADING,0
$ESCAPE_HEADING_DELTA,10
$FIX_MISSING_TIMEOUT,0
$TGT_DEFAULT_LAT,47.766998
$TGT_DEFAULT_LON,-122.413
$TGT_AUTO_DEFAULT,0
$SM_CC,473.51199
$N_FILEKB,4
$FILEMGR,0
$CALL_NDIVES,1
$COMM_SEQ,0
$PROTOCOL,9
$N_NOCOMM,1
$NOCOMM_ACTION,0
$N_NOSURFACE,0
$UPLOAD_DIVES_MAX,-1
$CALL_TRIES,5
$CALL_WAIT,60
$CAPUPLOAD,1
$CAPMAXSIZE,200000
$HEAPDBG,0
$T_GPS,15
$N_GPS,30
$T_GPS_ALMANAC,0
$T_GPS_CHARGE,-39277.18
$T_RSLEEP,2
$STROBE,0
$RAFOS_PEAK_OFFSET,1.5
$RAFOS_CORR_THRESH,60
$RAFOS_HIT_WINDOW,3600
$PITCH_MIN,255
$PITCH_MAX,3935
$C_PITCH,2626
$PITCH_DBAND,0.0099999998
$PITCH_CNV,0.003125763
$P_OVSHOOT,0.039999999
$PITCH_GAIN,30
$PITCH_TIMEOUT,17
$PITCH_AD_RATE,160
$PITCH_MAXERRORS,1
$PITCH_ADJ_GAIN,0.02
$PITCH_ADJ_DBAND,2.5
$ROLL_MIN,171
$ROLL_MAX,3723
$ROLL_DEG,40
$C_ROLL_DIVE,2030
$C_ROLL_CLIMB,2030
$HEAD_ERRBAND,10
$ROLL_CNV,0.028270001
$ROLL_TIMEOUT,15
$R_PORT_OVSHOOT,61
$R_STBD_OVSHOOT,51
$ROLL_AD_RATE,300
$ROLL_MAXERRORS,2
$ROLL_ADJ_GAIN,0
$ROLL_ADJ_DBAND,0
$VBD_MIN,465
$VBD_MAX,3960
$C_VBD,2350
$VBD_DBAND,2
$VBD_CNV,-0.25119999
$VBD_TIMEOUT,720
$PITCH_VBD_SHIFT,0.0012300001
$VBD_PUMP_AD_RATE_SURFACE,5
$VBD_PUMP_AD_RATE_APOGEE,4
$VBD_BLEED_AD_RATE,8
$UNCOM_BLEED,60
$VBD_MAXERRORS,1
$W_ADJ_DBAND,2
$DBDW,0
$PITCH_W_GAIN,0
$PITCH_W_DBAND,1
$CF8_MAXERRORS,5
$AH0_24V,145
$AH0_10V,95
$MINV_24V,19
$MINV_10V,8
$FG_AHR_10V,0
$FG_AHR_24V,0
$PHONE_SUPPLY,2
$PRESSURE_YINT,-13.51214
$PRESSURE_SLOPE,0.0001165895
$AD7714Ch0Gain,128
$TCM_PITCH_OFFSET,0
$TCM_ROLL_OFFSET,0
$COMPASS_USE,4
$ALTIM_BOTTOM_PING_RANGE,0
$ALTIM_TOP_PING_RANGE,20
$ALTIM_BOTTOM_TURN_MARGIN,25
$ALTIM_TOP_TURN_MARGIN,0
$ALTIM_TOP_MIN_OBSTACLE,1
$ALTIM_PING_DEPTH,60
$ALTIM_PING_DELTA,5
$ALTIM_FREQUENCY,13
$ALTIM_PULSE,3
$ALTIM_SENSITIVITY,4
$XPDR_VALID,5
$XPDR_INHIBIT,90
$INT_PRESSURE_SLOPE,0.0097660003
$INT_PRESSURE_YINT,-0.40000001
$DEEPGLIDER,0
$DEEPGLIDERMB,0
$MOTHERBOARD,4
$DEVICE1,2
$DEVICE2,101
$DEVICE3,38
$DEVICE4,-1
$DEVICE5,-1
$DEVICE6,-1
$LOGGERS,7
$LOGGERDEVICE1,-1
$LOGGERDEVICE2,-1
$LOGGERDEVICE3,-1
$LOGGERDEVICE4,-1
$COMPASS_DEVICE,33
$COMPASS2_DEVICE,-1
$PHONE_DEVICE,49
$GPS_DEVICE,32
$RAFOS_DEVICE,-1
$XPDR_DEVICE,24
$SIM_W,0
$SIM_PITCH,0
$SEABIRD_T_G,0.0043137739
$SEABIRD_T_H,0.00062868668
$SEABIRD_T_I,2.2691316e-05
$SEABIRD_T_J,2.2586789e-06
$SEABIRD_C_G,-10.021329
$SEABIRD_C_H,1.1236943
$SEABIRD_C_I,-0.0013673168
$SEABIRD_C_J,0.00018808816
$GPS1,030626,061204,4747.667,-12225.384,39,1.0,39,18.2
$_CALLS,1
$_XMS_NAKs,0
$_XMS_TOUTs,0
$_SM_DEPTHo,-4.82
$_SM_ANGLEo,-70.2
$GPS2,030626,061728,4747.699,-12225.424,14,1.5,19,18.2
$SPEED_LIMITS,0.172,0.272
$TGT_NAME,NORTH_175
$TGT_LATLONG,4750.320,-12225.910
$TGT_RADIUS,200.000
$KALMAN_CONTROL,0.079,0.297
$KALMAN_X,-30076.6,-183.3,-72.9,29774.7,-185.0
$KALMAN_Y,25757.5,-625.9,-357.4,-36445.5,446.9
$MHEAD_RNG_PITCHd_Wd,331.2,4892,-16.1,-9.950,-20.11,2242
$D_GRID,100
$GCHEAD,st_secs,pitch_ctl,vbd_ctl,pitch_ad_start,roll_ad_start,vbd_pot1_ad_start,vbd_pot2_ad_start,depth,ob_vertv,data_pts,end_secs,pitch_secs,roll_secs,vbd_secs,vbd_i,gcphase,pitch_i,roll_i,pitch_ad,roll_ad,vbd_ad,vbd_pot1_ad,vbd_pot2_ad,pitch_retries,pitch_errors,roll_retries,roll_errors,vbd_retries,vbd_errors,pitch_volts,roll_volts,vbd_volts
$STATE,14,end surface,CONTROL_FINISHED_OK
$STATE,14,begin dive
$GC,16,-0.72,-146.6,234,2024,481,429,0.0,0.0,0,109,0.00,0.00,-88.45,0.000,16390,0.000,0.000,235,2025,2935,3019,2852,0,0,0,0,0,0,28.83,28.83,26.38
$GC,112,-0.72,-146.6,234,2024,3019,2853,-1.2,-7.0,9,131,8.90,2.17,0.00,0.000,2308,0.226,0.044,2376,3417,2941,3029,2853,0,0,0,0,0,0,24.87,25.84,28.83
$GC,246,-0.48,-146.6,2376,3416,3045,2845,35.2,-20.9,22,256,0.30,2.03,0.00,0.000,3078,0.146,0.023,2466,2003,2945,3046,2844,0,0,0,0,0,0,25.46,26.15,28.83
$GC,285,-0.34,-146.6,2466,2002,3048,2844,42.3,-17.5,26,295,0.15,2.17,0.00,0.000,2308,0.140,0.037,2508,3428,2946,3048,2844,0,0,0,0,0,0,25.96,25.98,28.83
$GC,340,-0.34,-146.6,2507,3428,3049,2844,48.2,-10.4,31,348,0.00,2.05,0.00,0.000,3078,0.000,0.020,2507,2034,2946,3049,2843,0,0,0,0,0,0,28.83,25.09,28.83
$GC,379,-0.34,-146.6,2507,2032,3049,2843,52.1,-9.5,35,388,0.00,2.10,0.00,0.000,2308,0.000,0.041,2508,3415,2946,3049,2843,0,0,0,0,0,0,28.83,26.01,28.83
$GC,433,-0.34,-146.6,1696,3414,3021,2837,57.3,-10.2,40,441,0.00,2.05,0.00,0.000,3078,0.000,0.018,2507,2021,2946,3050,2843,0,0,0,0,0,0,28.83,26.25,28.83
$GC,472,-0.34,-146.6,2507,2020,3050,2842,60.8,-8.6,44,473,0.00,0.00,0.00,0.000,2054,0.000,0.000,2507,2020,2946,3050,2842,0,0,0,0,0,0,28.83,28.83,28.83
$GC,502,-0.34,-146.6,2507,2020,3050,2842,63.4,-8.5,47,511,0.00,2.12,0.00,0.000,2308,0.000,0.041,2507,3421,2946,3050,2842,0,0,0,0,0,0,28.83,26.05,28.83
$GC,576,-0.39,-146.6,2507,3421,3050,2841,71.6,-11.8,54,586,0.00,2.00,0.00,0.000,5126,0.000,0.019,2507,2016,2946,3050,2842,0,0,0,0,0,0,28.83,26.29,28.83
$GC,617,-0.39,-146.6,2507,2015,3050,2841,76.6,-12.5,58,624,0.00,0.00,0.00,0.000,4102,0.000,0.000,2507,2015,2945,3050,2841,0,0,0,0,0,0,28.83,28.83,28.83
$GC,655,-0.39,-146.6,2507,2015,3050,2841,80.9,-11.0,62,665,0.00,2.15,0.00,0.000,4356,0.000,0.040,2507,3424,2945,3050,2841,0,0,0,0,0,0,28.83,26.08,28.83
$GC,721,-0.45,-146.6,2507,3424,3050,2841,86.5,-8.0,68,730,0.05,1.98,0.00,0.000,5126,0.251,0.019,2465,2021,2945,3050,2841,0,0,0,0,0,0,24.00,26.32,28.83
$GC,759,-0.45,-146.6,2465,2022,3050,2840,89.6,-7.9,72,761,0.08,0.00,0.00,0.000,2054,0.181,0.000,2480,2021,2945,3050,2840,0,0,0,0,0,0,26.34,28.83,28.83
$GC,790,-0.45,-146.6,2480,2021,3050,2840,92.1,-8.3,75,799,0.00,2.12,0.00,0.000,2308,0.000,0.041,2478,3425,2945,3050,2840,0,0,0,0,0,0,28.83,26.08,28.83
$GC,863,-0.45,-146.6,2477,3425,3050,2840,98.5,-8.7,82,873,0.00,2.00,0.00,0.000,3078,0.000,0.019,2478,2021,2945,3050,2840,0,0,0,0,0,0,28.83,26.32,28.83
$STATE,893,end dive,TARGET_DEPTH_EXCEEDED
$STATE,893,begin apogee
$GC,898,-0.27,0.0,2477,2020,3050,2840,100.8,-7.9,85,1026,0.17,0.00,124.25,0.516,10246,0.131,0.000,2536,2020,2350,2439,2261,0,0,0,0,0,0,26.01,28.83,24.07
$STATE,1029,end apogee,CONTROL_FINISHED_OK
$STATE,1029,begin climb
$GC,1031,0.72,146.6,2535,2020,2438,2260,104.9,0.0,98,1158,0.98,2.17,116.85,0.500,10756,0.112,0.033,2856,659,1764,1876,1652,0,0,0,0,0,0,25.14,25.35,24.08
$GC,1244,0.77,146.6,2856,659,1865,1652,85.2,8.8,119,1254,0.00,2.03,0.00,0.000,3078,0.000,0.021,2856,2032,1759,1866,1652,0,0,0,0,0,0,28.83,25.85,28.83
$GC,1284,0.77,146.6,2856,2032,1865,1651,81.7,8.8,123,1294,0.00,2.12,0.00,0.000,2308,0.000,0.034,2856,3431,1758,1865,1651,0,0,0,0,0,0,28.83,25.84,28.83
$GC,1319,0.77,146.6,1984,3429,1826,1646,78.3,10.1,126,1327,0.00,2.08,0.00,0.000,3078,0.000,0.020,2857,2045,1757,1865,1650,0,0,0,0,0,0,28.83,25.99,28.83
$GC,1357,0.77,146.6,2856,2041,1865,1650,73.9,10.8,130,1366,0.00,2.12,0.00,0.000,2564,0.000,0.034,2857,645,1757,1865,1650,0,0,0,0,0,0,28.83,25.92,28.83
$GC,1380,0.77,146.6,2856,645,1864,1650,72.4,8.7,132,1389,0.00,2.00,0.00,0.000,3078,0.000,0.021,2857,2026,1757,1864,1650,0,0,0,0,0,0,28.83,26.04,28.83
$GC,1421,0.89,237.6,2857,2026,1864,1650,70.1,5.8,136,1501,0.12,2.17,70.53,0.483,11012,0.081,0.037,2927,646,1402,1519,1286,0,0,0,0,0,0,26.20,25.49,24.21
$GC,1537,0.89,237.6,2927,645,1514,1285,59.9,9.8,147,1546,0.08,2.10,0.00,0.000,5126,0.173,0.028,2913,2036,1399,1514,1285,0,0,0,0,0,0,25.58,25.75,28.83
$GC,1574,0.89,237.6,2913,2036,1513,1284,55.1,11.9,151,1584,0.00,2.12,0.00,0.000,4356,0.000,0.035,2913,3434,1398,1513,1284,0,0,0,0,0,0,28.83,25.77,28.83
$GC,1620,0.83,237.6,2913,3434,1512,1283,48.4,15.4,155,1628,0.10,2.10,0.00,0.000,5126,0.177,0.026,2897,2040,1397,1512,1282,0,0,0,0,0,0,25.51,25.53,28.83
$GC,1657,0.83,237.6,2897,2035,1512,1281,41.7,16.7,159,1667,0.00,2.12,0.00,0.000,4612,0.000,0.031,2897,626,1396,1512,1281,0,0,0,0,0,0,28.83,25.90,28.83
$GC,1672,0.83,237.6,2897,626,1512,1280,40.3,17.1,160,1680,0.00,2.12,0.00,0.000,5126,0.000,0.021,2897,2037,1396,1512,1281,0,0,0,0,0,0,28.83,26.01,28.83
$GC,1711,0.83,237.6,2897,2037,1512,1280,32.4,18.0,164,1719,0.00,2.10,0.00,0.000,4356,0.000,0.034,2897,3435,1395,1511,1280,0,0,0,0,0,0,28.83,25.95,28.83
$GC,1742,0.83,237.6,2897,3435,1511,1280,26.1,18.7,167,1752,0.00,2.08,0.00,0.000,5126,0.000,0.021,2897,2021,1395,1511,1280,0,0,0,0,0,0,28.83,26.07,28.83
$GC,1783,0.83,237.6,2897,2018,1511,1280,19.5,16.6,171,1793,0.00,2.10,0.00,0.000,4612,0.000,0.036,2897,632,1395,1511,1280,0,0,0,0,0,0,28.83,25.98,28.83
$GC,1807,0.83,237.6,2897,632,1510,1279,16.4,14.2,173,1816,0.00,2.03,0.00,0.000,5126,0.000,0.023,2897,2026,1394,1510,1279,0,0,0,0,0,0,28.83,26.10,28.83
$GC,1846,0.83,237.6,2897,2026,1510,1279,12.1,10.9,177,1849,0.00,2.12,0.00,0.000,4356,0.000,0.034,2897,3439,1394,1510,1279,0,0,0,0,0,0,28.83,26.03,28.83
$GC,1888,0.83,237.6,2897,3439,1510,1279,8.1,9.8,181,1897,0.00,2.08,0.00,0.000,5126,0.000,0.021,2897,2026,1395,1510,1280,0,0,0,0,0,0,28.83,26.15,28.83
$GC,1928,0.99,370.7,2897,2022,1510,1279,6.5,3.9,185,1979,0.12,0.00,47.53,0.448,10498,0.084,0.000,2960,2021,1154,1264,1044,0,0,0,0,0,0,26.29,28.83,28.83
$STATE,1980,end climb,SURFACE_DEPTH_REACHED
$STATE,1980,begin surface coast
$FINISH,-1.6,1.021821
$STATE,1998,end surface coast,CONTROL_FINISHED_OK
$STATE,1998,begin surface
$SM_CCo,2014,135.20,0.416,1,0,464,473.51
$SM_GC,-4.84,7.78,0.00,135.20,0.070,0.000,0.416,236,2021,464,-7.38,-0.25,473.51,0,0,0,0,1,0,25.81,28.83,24.22
$IRIDIUM_FIX,4729.30,-12218.68,230608,151526
$TT8_MAMPS,0.026964,0.026964
$HUMID,42.91
$INTERNAL_PRESSURE,8.15502
$TCM_TEMP,17.60
$XPDR_PINGS,110
$ALTIM_TOP_PING,19.5,24.5
$24V_AH,24.0,49.237
$10V_AH,9.9,23.771
$FG_AHR_24Vo,0.000
$FG_AHR_10Vo,0.000
$DEVICES,Pitch_motor,Roll_motor,VBD_pump_during_apogee,VBD_pump_during_surface,VBD_valve,Iridium_during_init,Iridium_during_connect,Iridium_during_xfer,Transponder_ping,GUMSTIX_24V,GPS,TT8,LPSleep,TT8_Active,TT8_Sampling,TT8_CF8,TT8_Kalman,Analog_circuits,GPS_charging,Compass,RAFOS,Transponder,Compass2
$DEVICE_SECS,18.825,62.725,359.150,135.200,0.000,24.159,17.830,167.916,30.000,0.000,22.465,501.585,483.841,585.200,806.049,117.323,0.000,1027.604,0.000,567.584,0.000,16.406,0.000
$DEVICE_MAMPS,250.920,44.370,515.610,416.160,0.000,43.600,160.000,223.000,420.000,0.000,28.460,13.960,2.190,13.960,37.930,44.670,0.000,16.000,0.000,15.730,0.000,30.000,0.000
$SENSORS,SBE_CT,AA4330,WL_BB2FLVMG,nil,nil,nil,nil,nil,nil,nil
$SENSOR_SECS,124.868,250.938,330.810,0.000,0.000,0.000,0.000,0.000,0.000,0.000
$SENSOR_MAMPS,23.220,33.000,105.000,0.000,0.000,0.000,0.000,0.000,0.000,0.000
$MEM,354772
$DATA_FILE_SIZE,13713,192
$CAP_FILE_SIZE,60409,0
$CFSIZE,260165632,243777536
$ERRORS,0,0,0,0,0,0,0,0,0,0,0,0,0,1,0,0
$CURRENT,0.132,347.3,1
$GPS,030626,065458,4748.092,-12225.473,13,1.7,30,18.2
