version: 66.11
glider: 175
mission: 11
dive: 29
start: 5 23 126 16 27 42
data:
$ID,175
$MISSION,11
$DIVE,29
$N_DIVES,0
$D_SURF,3
$D_FLARE,3
$D_TGT,300
$D_ABORT,1090
$D_NO_BLEED,50
$D_BOOST,3
$T_BOOST,0
$D_FINISH,0
$D_PITCH,0
$D_SAFE,0
$D_CALL,0
$SURFACE_URGENCY,0
$SURFACE_URGENCY_TRY,0
$SURFACE_URGENCY_FORCE,0
$T_DIVE,65
$T_MISSION,80
$T_ABORT,1440
$T_TURN,300
$T_TURN_SAMPINT,5
$T_NO_W,120
$T_LOITER,0
$T_EPIRB,0
$USE_BATHY,0
$USE_ICE,0
$ICE_FREEZE_MARGIN,0.30000001
$D_OFFGRID,100
$T_WATCHDOG,10
$RELAUNCH,1
$APOGEE_PITCH,-8
$MAX_BUOY,150
$COURSE_BIAS,0
$GLIDE_SLOPE,30
$SPEED_FACTOR,1
$RHO,1.023
$MASS,51878
$MASS_COMP,0
$NAV_MODE,1
$FERRY_MAX,45
$KALMAN_USE,1
$HD_A,0.0020240301
$HD_B,0.0090959296
$HD_C,9.8500004e-06
$HEADING,-1
$ESCAPE_HEADING,0
$ESCAPE_HEADING_DELTA,10
$FIX_MISSING_TIMEOUT,0
$TGT_DEFAULT_LAT,47.766998
$TGT_DEFAULT_LON,-122.413
$TGT_AUTO_DEFAULT,0
$SM_CC,423.31998
$N_FILEKB,4
$FILEMGR,0
$CALL_NDIVES,1
$COMM_SEQ,0
$PROTOCOL,9
$N_NOCOMM,1
$NOCOMM_ACTION,0
$N_NOSURFACE,0
$UPLOAD_DIVES_MAX,-1
$CALL_TRIES,5
$CALL_WAIT,60
$CAPUPLOAD,1
$CAPMAXSIZE,200000
$HEAPDBG,0
$T_GPS,15
$N_GPS,30
$T_GPS_ALMANAC,0
$T_GPS_CHARGE,-38531.34
$T_RSLEEP,2
$STROBE,0
$RAFOS_PEAK_OFFSET,1.5
$RAFOS_CORR_THRESH,60
$RAFOS_HIT_WINDOW,3600
$PITCH_MIN,255
$PITCH_MAX,3935
$C_PITCH,2671
$PITCH_DBAND,0.0099999998
$PITCH_CNV,0.003125763
$P_OVSHOOT,0.039999999
$PITCH_GAIN,30
$PITCH_TIMEOUT,17
$PITCH_AD_RATE,160
$PITCH_MAXERRORS,1
$PITCH_ADJ_GAIN,0.02
$PITCH_ADJ_DBAND,2.5
$ROLL_MIN,171
$ROLL_MAX,3723
$ROLL_DEG,40
$C_ROLL_DIVE,2030
$C_ROLL_CLIMB,2030
$HEAD_ERRBAND,10
$ROLL_CNV,0.028270001
$ROLL_TIMEOUT,15
$R_PORT_OVSHOOT,61
$R_STBD_OVSHOOT,49
$ROLL_AD_RATE,300
$ROLL_MAXERRORS,2
$ROLL_ADJ_GAIN,0
$ROLL_ADJ_DBAND,0
$VBD_MIN,465
$VBD_MAX,3960
$C_VBD,2350
$VBD_DBAND,2
$VBD_CNV,-0.25119999
$VBD_TIMEOUT,720
$PITCH_VBD_SHIFT,0.0012300001
$VBD_PUMP_AD_RATE_SURFACE,5
$VBD_PUMP_AD_RATE_APOGEE,4
$VBD_BLEED_AD_RATE,8
$UNCOM_BLEED,60
$VBD_MAXERRORS,1
$W_ADJ_DBAND,2
$DBDW,0
$PITCH_W_GAIN,0
$PITCH_W_DBAND,1
$CF8_MAXERRORS,5
$AH0_24V,145
$AH0_10V,95
$MINV_24V,19
$MINV_10V,8
$FG_AHR_10V,0
$FG_AHR_24V,0
$PHONE_SUPPLY,2
$PRESSURE_YINT,-13.51214
$PRESSURE_SLOPE,0.0001165895
$AD7714Ch0Gain,128
$TCM_PITCH_OFFSET,0
$TCM_ROLL_OFFSET,0
$COMPASS_USE,4
$ALTIM_BOTTOM_PING_RANGE,0
$ALTIM_TOP_PING_RANGE,20
$ALTIM_BOTTOM_TURN_MARGIN,25
$ALTIM_TOP_TURN_MARGIN,0
$ALTIM_TOP_MIN_OBSTACLE,1
$ALTIM_PING_DEPTH,60
$ALTIM_PING_DELTA,5
$ALTIM_FREQUENCY,13
$ALTIM_PULSE,3
$ALTIM_SENSITIVITY,4
$XPDR_VALID,5
$XPDR_INHIBIT,90
$INT_PRESSURE_SLOPE,0.0097660003
$INT_PRESSURE_YINT,-0.40000001
$DEEPGLIDER,0
$DEEPGLIDERMB,0
$MOTHERBOARD,4
$DEVICE1,2
$DEVICE2,101
$DEVICE3,38
$DEVICE4,-1
$DEVICE5,-1
$DEVICE6,-1
$LOGGERS,7
$LOGGERDEVICE1,-1
$LOGGERDEVICE2,-1
$LOGGERDEVICE3,-1
$LOGGERDEVICE4,-1
$COMPASS_DEVICE,33
$COMPASS2_DEVICE,-1
$PHONE_DEVICE,49
$GPS_DEVICE,32
$RAFOS_DEVICE,-1
$XPDR_DEVICE,24
$SIM_W,0
$SIM_PITCH,0
$SEABIRD_T_G,0.0043137739
$SEABIRD_T_H,0.00062868668
$SEABIRD_T_I,2.2691316e-05
$SEABIRD_T_J,2.2586789e-06
$SEABIRD_C_G,-10.021329
$SEABIRD_C_H,1.1236943
$SEABIRD_C_I,-0.0013673168
$SEABIRD_C_J,0.00018808816
$GPS1,230526,161903,4742.448,-12226.179,30,1.4,30,18.2
$_CALLS,2
$_XMS_NAKs,0
$_XMS_TOUTs,0
$_SM_DEPTHo,0.67
$_SM_ANGLEo,-68.2
$GPS2,230526,162641,4742.475,-12226.176,12,1.5,12,18.2
$SPEED_LIMITS,0.266,0.307
$TGT_NAME,MIDW_175
$TGT_LATLONG,4746.000,-12225.100
$TGT_RADIUS,300.000
$KALMAN_CONTROL,0.304,0.045
$KALMAN_X,-2837.1,1463.6,211.5,-426.7,-1239.5
$KALMAN_Y,4183.2,990.7,-585.4,-18709.5,-441.5
$MHEAD_RNG_PITCHd_Wd,63.3,6665,-23.3,-15.385,-26.60,1446
$D_GRID,300
$GCHEAD,st_secs,pitch_ctl,vbd_ctl,pitch_ad_start,roll_ad_start,vbd_pot1_ad_start,vbd_pot2_ad_start,depth,ob_vertv,data_pts,end_secs,pitch_secs,roll_secs,vbd_secs,vbd_i,gcphase,pitch_i,roll_i,pitch_ad,roll_ad,vbd_ad,vbd_pot1_ad,vbd_pot2_ad,pitch_retries,pitch_errors,roll_retries,roll_errors,vbd_retries,vbd_errors,pitch_volts,roll_volts,vbd_volts
$STATE,13,end surface,CONTROL_FINISHED_OK
$STATE,13,begin dive
$GC,16,-0.96,-146.6,248,2018,711,596,0.0,0.0,0,100,0.00,0.00,-81.60,0.000,16386,0.000,0.000,248,2018,2858,2940,2777,0,0,0,0,0,0,28.83,28.83,28.83
$GC,103,-0.96,-146.6,248,2018,2941,2780,3.1,-4.9,8,121,8.82,2.22,-1.62,0.000,18692,0.233,0.060,2341,3425,2937,3031,2843,0,0,0,0,0,0,25.03,25.82,26.32
$GC,403,-0.79,-146.6,2340,3425,3045,2837,75.7,-23.6,37,413,0.25,2.03,0.00,0.000,3078,0.155,0.025,2413,2023,2941,3045,2837,0,0,0,0,0,0,25.41,26.17,28.83
$GC,442,-0.71,-146.6,2413,2022,3046,2836,83.7,-19.3,41,449,0.10,0.00,0.00,0.000,2054,0.177,0.000,2437,2022,2941,3046,2837,0,0,0,0,0,0,26.13,28.83,28.83
$GC,480,-0.71,-146.6,2436,2022,3046,2836,89.1,-13.4,45,481,0.00,0.00,0.00,0.000,2054,0.000,0.000,2436,2022,2941,3046,2836,0,0,0,0,0,0,28.83,28.83,28.83
$GC,511,-0.71,-146.6,2436,2022,3047,2836,92.9,-12.9,48,520,0.00,2.12,0.00,0.000,2308,0.000,0.041,2428,3432,2941,3047,2836,0,0,0,0,0,0,28.83,26.00,28.83
$GC,567,-0.71,-146.6,2427,3432,3047,2836,100.3,-13.9,53,574,0.00,2.08,0.00,0.000,3078,0.000,0.020,2427,2011,2941,3047,2836,0,0,0,0,0,0,28.83,26.24,28.83
$GC,607,-0.71,-146.6,2427,2010,3047,2835,106.1,-13.5,57,614,0.05,0.00,0.00,0.000,2054,0.226,0.000,2437,2009,2941,3046,2836,0,0,0,0,0,0,26.36,28.83,28.83
$GC,646,-0.71,-146.6,2437,2009,3047,2835,111.2,-12.6,61,647,0.00,0.00,0.00,0.000,2054,0.000,0.000,2437,2009,2941,3047,2835,0,0,0,0,0,0,28.83,28.83,28.83
$GC,675,-0.71,-146.6,2437,2009,3047,2835,115.0,-12.6,64,676,0.00,0.00,0.00,0.000,2054,0.000,0.000,2437,2009,2941,3047,2836,0,0,0,0,0,0,28.83,28.83,28.83
$GC,706,-0.76,-146.6,2437,2009,3047,2836,118.6,-12.0,67,707,0.00,0.00,0.00,0.000,4102,0.000,0.000,2437,2009,2941,3047,2836,0,0,0,0,0,0,28.83,28.83,28.83
$GC,736,-0.81,-146.6,2437,2009,3047,2835,122.2,-11.9,70,737,0.10,0.00,0.00,0.000,4102,0.108,0.000,2394,2009,2941,3047,2835,0,0,0,0,0,0,26.39,28.83,28.83
$GC,767,-0.81,-146.6,2394,2009,3047,2835,126.2,-13.3,73,768,0.05,0.00,0.00,0.000,2054,0.221,0.000,2404,2009,2941,3047,2835,0,0,0,0,0,0,26.37,28.83,28.83
$GC,797,-0.81,-146.6,2403,2009,3047,2835,130.9,-15.0,76,798,0.00,0.00,0.00,0.000,2054,0.000,0.000,2404,2009,2941,3047,2835,0,0,0,0,0,0,28.83,28.83,28.83
$GC,828,-0.81,-146.6,2403,2009,3047,2835,135.6,-15.5,79,837,0.00,2.15,0.00,0.000,2308,0.000,0.044,2398,3425,2941,3047,2835,0,0,0,0,0,0,28.83,25.99,28.83
$GC,850,-0.81,-146.6,2397,3425,3047,2835,139.2,-15.1,81,862,0.00,2.00,0.00,0.000,3078,0.000,0.022,2398,2028,2941,3047,2835,0,0,0,0,0,0,28.83,26.27,28.83
$GC,890,-0.81,-146.6,2398,2028,3047,2834,145.6,-15.9,85,892,0.00,0.00,0.00,0.000,2054,0.000,0.000,2398,2027,2941,3047,2835,0,0,0,0,0,0,28.83,28.83,28.83
$GC,921,-0.81,-146.6,2398,2027,3047,2835,150.4,-16.0,88,922,0.00,0.00,0.00,0.000,2054,0.000,0.000,2398,2028,2941,3047,2835,0,0,0,0,0,0,28.83,28.83,28.83
$GC,951,-0.81,-146.6,2398,2027,3047,2835,155.1,-15.6,91,952,0.00,0.00,0.00,0.000,2054,0.000,0.000,2398,2027,2941,3047,2835,0,0,0,0,0,0,28.83,28.83,28.83
$GC,980,-0.81,-146.6,2398,2027,3047,2834,159.9,-15.9,94,992,0.00,2.15,0.00,0.000,2308,0.000,0.044,2395,3426,2940,3047,2834,0,0,0,0,0,0,28.83,25.98,28.83
$GC,1019,-0.81,-146.6,2395,3426,3047,2835,165.4,-16.2,97,1027,0.00,2.05,0.00,0.000,3078,0.000,0.022,2395,2035,2940,3047,2834,0,0,0,0,0,0,28.83,26.28,28.83
$GC,1058,-0.81,-146.6,2395,2033,3047,2834,172.3,-16.1,101,1059,0.00,0.00,0.00,0.000,2054,0.000,0.000,2395,2033,2940,3047,2834,0,0,0,0,0,0,28.83,28.83,28.83
$GC,1087,-0.81,-146.6,2395,2033,3047,2834,177.1,-15.8,104,1088,0.00,0.00,0.00,0.000,2054,0.000,0.000,2395,2033,2940,3047,2834,0,0,0,0,0,0,28.83,28.83,28.83
$STATE,1116,end dive,BOTTOM_OBSTACLE_DETECTED
$STATE,1116,begin apogee
$GC,1120,-0.27,0.0,2395,2033,3047,2834,182.0,-16.0,107,1250,0.60,0.00,123.30,0.572,10246,0.138,0.000,2580,2033,2350,2441,2259,0,0,0,0,0,0,25.39,28.83,24.26
$STATE,1252,end apogee,CONTROL_FINISHED_OK
$STATE,1252,begin climb
$GC,1254,0.96,146.6,2579,2033,2440,2259,188.1,0.0,120,1379,1.20,2.22,116.60,0.554,10756,0.100,0.033,2977,650,1765,1872,1659,0,0,0,0,0,0,24.32,25.27,24.29
$GC,1395,0.85,146.6,2977,650,1865,1658,169.6,18.8,134,1403,0.10,2.12,0.00,0.000,5126,0.158,0.024,2949,2038,1762,1865,1659,0,0,0,0,0,0,25.18,25.49,28.83
$GC,1433,0.79,146.6,2949,2037,1865,1656,161.8,19.4,138,1443,0.10,2.10,0.00,0.000,4356,0.191,0.032,2928,3429,1760,1864,1656,0,0,0,0,0,0,25.53,25.62,28.83
$GC,1477,0.74,146.6,2927,3429,1864,1654,153.8,18.7,142,1486,0.08,2.05,0.00,0.000,5126,0.165,0.019,2915,2021,1759,1864,1654,0,0,0,0,0,0,25.46,25.82,28.83
$GC,1516,0.74,146.6,2915,2018,1864,1653,147.2,16.5,146,1517,0.00,0.00,0.00,0.000,4102,0.000,0.000,2915,2018,1758,1864,1653,0,0,0,0,0,0,28.83,28.83,28.83
$GC,1546,0.74,146.6,2915,2018,1865,1653,142.3,16.4,149,1547,0.00,0.00,0.00,0.000,4102,0.000,0.000,2915,2018,1758,1864,1653,0,0,0,0,0,0,28.83,28.83,28.83
$GC,1576,0.74,146.6,2915,2018,1864,1653,137.4,16.4,152,1577,0.00,0.00,0.00,0.000,4102,0.000,0.000,2915,2018,1758,1864,1653,0,0,0,0,0,0,28.83,28.83,28.83
$GC,1606,0.74,146.6,2915,2018,1864,1652,132.8,15.2,155,1615,0.00,2.15,0.00,0.000,4356,0.000,0.034,2915,3428,1758,1864,1652,0,0,0,0,0,0,28.83,25.91,28.83
$GC,1648,0.74,146.6,2915,3428,1864,1652,125.4,17.5,159,1657,0.05,2.05,0.00,0.000,5126,0.239,0.020,2914,2017,1758,1864,1652,0,0,0,0,0,0,25.85,26.04,28.83
$GC,1688,0.74,146.6,2914,2013,1864,1652,118.2,18.0,163,1689,0.00,0.00,0.00,0.000,4102,0.000,0.000,2914,2013,1758,1864,1652,0,0,0,0,0,0,28.83,28.83,28.83
$GC,1718,0.74,146.6,2914,2013,1864,1652,112.8,18.0,166,1719,0.00,0.00,0.00,0.000,4102,0.000,0.000,2914,2012,1757,1864,1651,0,0,0,0,0,0,28.83,28.83,28.83
$GC,1748,0.74,146.6,2914,2013,1864,1651,107.9,16.8,169,1749,0.00,0.00,0.00,0.000,4102,0.000,0.000,2914,2013,1757,1864,1651,0,0,0,0,0,0,28.83,28.83,28.83
$GC,1778,0.74,146.6,2914,2013,1864,1651,102.7,17.1,172,1787,0.00,2.15,0.00,0.000,4356,0.000,0.034,2914,3430,1757,1864,1651,0,0,0,0,0,0,28.83,26.01,28.83
$GC,1810,0.74,146.6,2914,3430,1864,1651,96.8,18.2,175,1819,0.00,2.03,0.00,0.000,5126,0.000,0.020,2922,2030,1757,1864,1651,0,0,0,0,0,0,28.83,26.13,28.83
$GC,1850,0.74,146.6,2922,2025,1864,1651,89.5,18.2,179,1851,0.00,0.00,0.00,0.000,4102,0.000,0.000,2922,2025,1757,1863,1651,0,0,0,0,0,0,28.83,28.83,28.83
$GC,1880,0.74,146.6,2922,2025,1864,1651,84.6,16.6,182,1889,0.00,2.12,0.00,0.000,4356,0.000,0.034,2922,3429,1757,1864,1651,0,0,0,0,0,0,28.83,26.04,28.83
$GC,1923,0.74,146.6,2922,3429,1863,1651,77.1,18.2,186,1932,0.05,2.00,0.00,0.000,5126,0.174,0.020,2916,2031,1757,1863,1651,0,0,0,0,0,0,25.87,26.17,28.83
$GC,1962,0.74,146.6,2916,2026,1863,1651,70.3,17.1,190,1963,0.00,0.00,0.00,0.000,4102,0.000,0.000,2916,2026,1756,1863,1650,0,0,0,0,0,0,28.83,28.83,28.83
$GC,1992,0.74,146.6,2916,2026,1864,1651,65.9,14.9,193,1993,0.00,0.00,0.00,0.000,4102,0.000,0.000,2916,2026,1757,1864,1650,0,0,0,0,0,0,28.83,28.83,28.83
$GC,2022,0.74,146.6,2916,2026,1863,1650,61.7,14.3,196,2023,0.00,0.00,0.00,0.000,4102,0.000,0.000,2916,2026,1756,1863,1650,0,0,0,0,0,0,28.83,28.83,28.83
$GC,2052,0.74,146.6,2916,2026,1864,1650,57.5,13.9,199,2053,0.00,0.00,0.00,0.000,4102,0.000,0.000,2916,2026,1756,1863,1650,0,0,0,0,0,0,28.83,28.83,28.83
$GC,2082,0.74,146.6,2916,2026,1864,1650,53.5,13.7,202,2091,0.00,2.12,0.00,0.000,4356,0.000,0.034,2916,3433,1756,1863,1650,0,0,0,0,0,0,28.83,26.08,28.83
$GC,2135,0.74,146.6,2916,3433,1863,1650,46.1,14.7,207,2144,0.00,2.00,0.00,0.000,5126,0.000,0.020,2922,2034,1756,1863,1650,0,0,0,0,0,0,28.83,26.22,28.83
$GC,2174,0.74,146.6,2922,2030,1863,1651,40.4,14.4,211,2175,0.00,0.00,0.00,0.000,4102,0.000,0.000,2922,2030,1756,1863,1650,0,0,0,0,0,0,28.83,28.83,28.83
$GC,2204,0.74,146.6,2922,2030,1863,1650,36.2,14.0,214,2205,0.00,0.00,0.00,0.000,4102,0.000,0.000,2922,2030,1756,1863,1650,0,0,0,0,0,0,28.83,28.83,28.83
$GC,2234,0.74,146.6,2922,2029,1863,1650,31.9,14.2,217,2235,0.00,0.00,0.00,0.000,4102,0.000,0.000,2922,2030,1756,1863,1650,0,0,0,0,0,0,28.83,28.83,28.83
$GC,2264,0.78,181.8,2922,2029,1863,1650,28.1,12.9,220,2294,0.00,0.00,27.98,0.464,8198,0.000,0.000,2922,2030,1625,1736,1514,0,0,0,0,0,0,28.83,28.83,24.84
$GC,2324,0.78,181.8,2922,2030,1735,1510,20.1,13.7,226,2325,0.00,0.00,0.00,0.000,6,0.000,0.000,2922,2030,1622,1735,1510,0,0,0,0,0,0,28.83,28.83,28.83
$GC,2354,0.78,181.8,2922,2030,1734,1509,16.0,13.7,229,2355,0.00,0.00,0.00,0.000,6,0.000,0.000,2922,2030,1621,1734,1509,0,0,0,0,0,0,28.83,28.83,28.83
$GC,2384,0.78,181.8,2922,2029,1733,1509,11.7,14.3,232,2393,0.00,2.10,0.00,0.000,260,0.000,0.034,2922,3429,1620,1733,1508,0,0,0,0,0,0,28.83,25.96,28.83
$GC,2428,0.78,181.8,2048,3428,1699,1504,5.4,15.0,236,2436,0.00,2.10,0.00,0.000,5126,0.000,0.021,2925,2025,1620,1734,1507,0,0,0,0,0,0,28.83,25.72,28.83
$STATE,2444,end climb,SURFACE_DEPTH_REACHED
$STATE,2444,begin surface coast
$FINISH,0.5,1.022065
$STATE,2465,end surface coast,CONTROL_FINISHED_OK
$STATE,2465,begin surface
$SM_CCo,2480,173.82,0.431,1,0,663,423.52
$SM_GC,0.66,7.22,0.00,173.82,0.044,0.000,0.431,253,2021,663,-7.50,-0.25,423.52,0,0,0,0,1,0,25.90,28.83,24.49
$IRIDIUM_FIX,4722.92,-12232.20,130608,010140
$TT8_MAMPS,0.027713,0.027713
$HUMID,42.59
$INTERNAL_PRESSURE,8.14525
$TCM_TEMP,17.50
$XPDR_PINGS,72
$ALTIM_TOP_PING,18.8,20.6
$ALTIM_BOTTOM_PING,165.4,40.9
$24V_AH,24.3,25.741
$10V_AH,10.1,11.739
$FG_AHR_24Vo,0.000
$FG_AHR_10Vo,0.000
$DEVICES,Pitch_motor,Roll_motor,VBD_pump_during_apogee,VBD_pump_during_surface,VBD_valve,Iridium_during_init,Iridium_during_connect,Iridium_during_xfer,Transponder_ping,GUMSTIX_24V,GPS,TT8,LPSleep,TT8_Active,TT8_Sampling,TT8_CF8,TT8_Kalman,Analog_circuits,GPS_charging,Compass,RAFOS,Transponder,Compass2
$DEVICE_SECS,18.775,46.125,267.875,173.825,0.000,57.994,57.752,176.603,24.000,0.000,14.979,684.702,833.215,542.728,941.945,134.411,33.206,979.920,0.000,619.519,0.000,39.253,0.000
$DEVICE_MAMPS,239.445,59.670,572.220,431.460,0.000,43.600,160.000,223.000,420.000,0.000,28.460,13.960,2.190,13.960,37.930,44.670,61.150,16.000,0.000,15.730,0.000,30.000,0.000
$SENSORS,SBE_CT,AA4330,WL_BB2FLVMG,nil,nil,nil,nil,nil,nil,nil
$SENSOR_SECS,161.812,315.181,413.603,0.000,0.000,0.000,0.000,0.000,0.000,0.000
$SENSOR_MAMPS,23.220,33.000,105.000,0.000,0.000,0.000,0.000,0.000,0.000,0.000
$MEM,354588
$DATA_FILE_SIZE,17094,240
$CAP_FILE_SIZE,77519,0
$CFSIZE,260165632,255238144
$ERRORS,0,0,0,0,0,0,0,0,0,0,0,0,0,1,0,0
$GPS,230526,171252,4742.465,-12225.844,6,1.9,11,18.2
