version: 66.11
glider: 175
mission: 11
dive: 13
start: 5 23 126 1 51 54
data:
$ID,175
$MISSION,11
$DIVE,13
$N_DIVES,0
$D_SURF,3
$D_FLARE,3
$D_TGT,300
$D_ABORT,1090
$D_NO_BLEED,50
$D_BOOST,3
$T_BOOST,0
$D_FINISH,0
$D_PITCH,0
$D_SAFE,0
$D_CALL,0
$SURFACE_URGENCY,0
$SURFACE_URGENCY_TRY,0
$SURFACE_URGENCY_FORCE,0
$T_DIVE,65
$T_MISSION,80
$T_ABORT,1440
$T_TURN,300
$T_TURN_SAMPINT,5
$T_NO_W,120
$T_LOITER,0
$T_EPIRB,0
$USE_BATHY,0
$USE_ICE,0
$ICE_FREEZE_MARGIN,0.30000001
$D_OFFGRID,100
$T_WATCHDOG,10
$RELAUNCH,1
$APOGEE_PITCH,-8
$MAX_BUOY,150
$COURSE_BIAS,0
$GLIDE_SLOPE,30
$SPEED_FACTOR,1
$RHO,1.023
$MASS,51878
$MASS_COMP,0
$NAV_MODE,1
$FERRY_MAX,45
$KALMAN_USE,1
$HD_A,0.0020240301
$HD_B,0.0090959296
$HD_C,9.8500004e-06
$HEADING,-1
$ESCAPE_HEADING,0
$ESCAPE_HEADING_DELTA,10
$FIX_MISSING_TIMEOUT,0
$TGT_DEFAULT_LAT,47.766998
$TGT_DEFAULT_LON,-122.413
$TGT_AUTO_DEFAULT,0
$SM_CC,423.31998
$N_FILEKB,4
$FILEMGR,0
$CALL_NDIVES,1
$COMM_SEQ,0
$PROTOCOL,9
$N_NOCOMM,1
$NOCOMM_ACTION,0
$N_NOSURFACE,0
$UPLOAD_DIVES_MAX,-1
$CALL_TRIES,5
$CALL_WAIT,60
$CAPUPLOAD,1
$CAPMAXSIZE,200000
$HEAPDBG,0
$T_GPS,15
$N_GPS,30
$T_GPS_ALMANAC,0
$T_GPS_CHARGE,-38509.527
$T_RSLEEP,2
$STROBE,0
$RAFOS_PEAK_OFFSET,1.5
$RAFOS_CORR_THRESH,60
$RAFOS_HIT_WINDOW,3600
$PITCH_MIN,255
$PITCH_MAX,3935
$C_PITCH,2671
$PITCH_DBAND,0.0099999998
$PITCH_CNV,0.003125763
$P_OVSHOOT,0.039999999
$PITCH_GAIN,30
$PITCH_TIMEOUT,17
$PITCH_AD_RATE,160
$PITCH_MAXERRORS,1
$PITCH_ADJ_GAIN,0.02
$PITCH_ADJ_DBAND,2.5
$ROLL_MIN,171
$ROLL_MAX,3723
$ROLL_DEG,40
$C_ROLL_DIVE,2030
$C_ROLL_CLIMB,2030
$HEAD_ERRBAND,10
$ROLL_CNV,0.028270001
$ROLL_TIMEOUT,15
$R_PORT_OVSHOOT,57
$R_STBD_OVSHOOT,62
$ROLL_AD_RATE,300
$ROLL_MAXERRORS,2
$ROLL_ADJ_GAIN,0
$ROLL_ADJ_DBAND,0
$VBD_MIN,465
$VBD_MAX,3960
$C_VBD,2350
$VBD_DBAND,2
$VBD_CNV,-0.25119999
$VBD_TIMEOUT,720
$PITCH_VBD_SHIFT,0.0012300001
$VBD_PUMP_AD_RATE_SURFACE,5
$VBD_PUMP_AD_RATE_APOGEE,4
$VBD_BLEED_AD_RATE,8
$UNCOM_BLEED,60
$VBD_MAXERRORS,1
$W_ADJ_DBAND,2
$DBDW,0
$PITCH_W_GAIN,0
$PITCH_W_DBAND,1
$CF8_MAXERRORS,5
$AH0_24V,145
$AH0_10V,95
$MINV_24V,19
$MINV_10V,8
$FG_AHR_10V,0
$FG_AHR_24V,0
$PHONE_SUPPLY,2
$PRESSURE_YINT,-13.51214
$PRESSURE_SLOPE,0.0001165895
$AD7714Ch0Gain,128
$TCM_PITCH_OFFSET,0
$TCM_ROLL_OFFSET,0
$COMPASS_USE,4
$ALTIM_BOTTOM_PING_RANGE,0
$ALTIM_TOP_PING_RANGE,20
$ALTIM_BOTTOM_TURN_MARGIN,25
$ALTIM_TOP_TURN_MARGIN,0
$ALTIM_TOP_MIN_OBSTACLE,1
$ALTIM_PING_DEPTH,90
$ALTIM_PING_DELTA,5
$ALTIM_FREQUENCY,13
$ALTIM_PULSE,3
$ALTIM_SENSITIVITY,4
$XPDR_VALID,5
$XPDR_INHIBIT,90
$INT_PRESSURE_SLOPE,0.0097660003
$INT_PRESSURE_YINT,-0.40000001
$DEEPGLIDER,0
$DEEPGLIDERMB,0
$MOTHERBOARD,4
$DEVICE1,2
$DEVICE2,101
$DEVICE3,38
$DEVICE4,-1
$DEVICE5,-1
$DEVICE6,-1
$LOGGERS,7
$LOGGERDEVICE1,-1
$LOGGERDEVICE2,-1
$LOGGERDEVICE3,-1
$LOGGERDEVICE4,-1
$COMPASS_DEVICE,33
$COMPASS2_DEVICE,-1
$PHONE_DEVICE,49
$GPS_DEVICE,32
$RAFOS_DEVICE,-1
$XPDR_DEVICE,24
$SIM_W,0
$SIM_PITCH,0
$SEABIRD_T_G,0.0043137739
$SEABIRD_T_H,0.00062868668
$SEABIRD_T_I,2.2691316e-05
$SEABIRD_T_J,2.2586789e-06
$SEABIRD_C_G,-10.021329
$SEABIRD_C_H,1.1236943
$SEABIRD_C_I,-0.0013673168
$SEABIRD_C_J,0.00018808816
$GPS1,230526,014316,4747.592,-12225.203,9,1.9,9,18.2
$_CALLS,2
$_XMS_NAKs,0
$_XMS_TOUTs,0
$_SM_DEPTHo,0.99
$_SM_ANGLEo,-67.0
$GPS2,230526,015053,4747.516,-12225.276,10,1.8,10,18.2
$SPEED_LIMITS,0.266,0.307
$TGT_NAME,MIDE_175
$TGT_LATLONG,4746.000,-12224.800
$TGT_RADIUS,300.000
$KALMAN_CONTROL,0.136,-0.276
$KALMAN_X,-1996.5,-195.5,-311.5,2036.9,-320.8
$KALMAN_Y,2413.4,366.4,339.7,-7891.4,82.1
$MHEAD_RNG_PITCHd_Wd,135.6,2869,-23.3,-15.385,-26.60,1446
$D_GRID,300
$GCHEAD,st_secs,pitch_ctl,vbd_ctl,pitch_ad_start,roll_ad_start,vbd_pot1_ad_start,vbd_pot2_ad_start,depth,ob_vertv,data_pts,end_secs,pitch_secs,roll_secs,vbd_secs,vbd_i,gcphase,pitch_i,roll_i,pitch_ad,roll_ad,vbd_ad,vbd_pot1_ad,vbd_pot2_ad,pitch_retries,pitch_errors,roll_retries,roll_errors,vbd_retries,vbd_errors,pitch_volts,roll_volts,vbd_volts
$STATE,13,end surface,CONTROL_FINISHED_OK
$STATE,13,begin dive
$GC,16,-0.96,-146.6,240,2049,715,593,0.0,0.0,0,100,0.00,0.00,-81.57,0.000,16386,0.000,0.000,241,2049,2899,2984,2814,0,0,0,0,0,0,28.83,28.83,28.83
$GC,103,-0.96,-146.6,241,2048,2985,2815,4.0,-6.0,8,121,8.73,2.20,-0.65,0.000,18948,0.227,0.058,2355,645,2936,3030,2843,0,0,0,0,0,0,25.08,25.84,26.19
$GC,364,-0.86,-146.6,2354,645,3039,2838,65.1,-19.7,34,374,0.17,2.05,0.00,0.000,3078,0.175,0.030,2387,2020,2939,3040,2838,0,0,0,0,0,0,25.51,26.04,28.83
$GC,404,-0.78,-146.6,2387,2020,3042,2836,72.1,-17.3,38,414,0.12,2.12,0.00,0.000,2308,0.176,0.041,2412,3426,2939,3043,2836,0,0,0,0,0,0,25.94,25.94,28.83
$GC,459,-0.78,-146.6,2412,3426,3045,2836,80.7,-16.0,43,466,0.00,2.10,0.00,0.000,3078,0.000,0.022,2412,2009,2940,3045,2836,0,0,0,0,0,0,28.83,26.15,28.83
$GC,497,-0.78,-146.6,2412,2006,3045,2836,86.8,-15.3,47,498,0.00,0.00,0.00,0.000,2054,0.000,0.000,2412,2006,2940,3045,2836,0,0,0,0,0,0,28.83,28.83,28.83
$GC,527,-0.78,-146.6,2412,2006,3045,2836,91.5,-15.6,50,528,0.00,0.00,0.00,0.000,2054,0.000,0.000,2412,2006,2940,3045,2836,0,0,0,0,0,0,28.83,28.83,28.83
$GC,559,-0.78,-146.6,2412,2006,3046,2835,95.9,-14.9,53,565,0.00,0.00,0.00,0.000,2054,0.000,0.000,2412,2006,2940,3045,2835,0,0,0,0,0,0,28.83,28.83,28.83
$GC,597,-0.78,-146.6,2412,2006,3045,2835,102.4,-16.1,57,600,0.00,2.05,0.00,0.000,2564,0.000,0.032,2412,641,2940,3045,2835,0,0,0,0,0,0,28.83,26.06,28.83
$GC,630,-0.78,-146.6,2412,641,3046,2835,107.7,-15.9,60,639,0.00,2.08,0.00,0.000,3078,0.000,0.030,2412,2036,2940,3045,2835,0,0,0,0,0,0,28.83,26.09,28.83
$GC,670,-0.78,-146.6,2412,2036,3046,2835,113.9,-15.4,64,671,0.00,0.00,0.00,0.000,2054,0.000,0.000,2411,2036,2940,3046,2835,0,0,0,0,0,0,28.83,28.83,28.83
$GC,700,-0.78,-146.6,2412,2036,3046,2836,118.6,-15.3,67,701,0.00,0.00,0.00,0.000,2054,0.000,0.000,2412,2036,2940,3046,2835,0,0,0,0,0,0,28.83,28.83,28.83
$GC,730,-0.78,-146.6,2412,2037,3046,2835,123.1,-15.3,70,739,0.00,2.12,0.00,0.000,2308,0.000,0.042,2412,3439,2940,3046,2835,0,0,0,0,0,0,28.83,25.96,28.83
$GC,773,-0.78,-146.6,2411,3439,3046,2835,129.9,-15.8,74,777,0.00,2.03,0.00,0.000,3078,0.000,0.021,2411,2017,2940,3046,2835,0,0,0,0,0,0,28.83,26.27,28.83
$GC,816,-0.78,-146.6,2411,2012,3046,2835,136.1,-14.9,78,817,0.00,0.00,0.00,0.000,2054,0.000,0.000,2411,2012,2940,3046,2835,0,0,0,0,0,0,28.83,28.83,28.83
$GC,848,-0.78,-146.6,2411,2012,3047,2835,140.5,-14.4,81,854,0.00,0.00,0.00,0.000,2054,0.000,0.000,2411,2012,2941,3047,2835,0,0,0,0,0,0,28.83,28.83,28.83
$GC,888,-0.78,-146.6,2411,2012,3047,2835,146.3,-14.6,85,894,0.00,0.00,0.00,0.000,2054,0.000,0.000,2412,2012,2941,3047,2835,0,0,0,0,0,0,28.83,28.83,28.83
$GC,925,-0.78,-146.6,2411,2012,3046,2834,151.8,-13.6,89,926,0.00,0.00,0.00,0.000,2054,0.000,0.000,2411,2012,2940,3046,2834,0,0,0,0,0,0,28.83,28.83,28.83
$GC,955,-0.78,-146.6,2411,2012,3047,2834,156.0,-13.7,92,956,0.00,0.00,0.00,0.000,2054,0.000,0.000,2411,2012,2940,3047,2834,0,0,0,0,0,0,28.83,28.83,28.83
$GC,985,-0.78,-146.6,2411,2012,3047,2834,159.7,-12.8,95,986,0.00,0.00,0.00,0.000,2054,0.000,0.000,2411,2012,2940,3047,2834,0,0,0,0,0,0,28.83,28.83,28.83
$GC,1015,-0.78,-146.6,2411,2012,3046,2835,163.8,-13.4,98,1016,0.00,0.00,0.00,0.000,2054,0.000,0.000,2411,2012,2941,3047,2835,0,0,0,0,0,0,28.83,28.83,28.83
$GC,1045,-0.78,-146.6,2411,2012,3046,2834,167.8,-13.3,101,1046,0.00,0.00,0.00,0.000,2054,0.000,0.000,2411,2012,2940,3046,2834,0,0,0,0,0,0,28.83,28.83,28.83
$GC,1075,-0.78,-146.6,2411,2012,3046,2834,171.5,-12.6,104,1084,0.00,2.15,0.00,0.000,2308,0.000,0.042,2411,3430,2940,3047,2834,0,0,0,0,0,0,28.83,25.97,28.83
$STATE,1106,end dive,BOTTOM_OBSTACLE_DETECTED
$STATE,1106,begin apogee
$GC,1112,-0.27,0.0,2411,2024,3047,2834,175.7,-13.1,107,1240,0.52,0.00,123.07,0.563,10246,0.134,0.000,2576,2020,2350,2442,2258,0,0,0,0,0,0,25.35,28.83,24.37
$STATE,1242,end apogee,CONTROL_FINISHED_OK
$STATE,1242,begin climb
$GC,1244,0.96,146.6,2575,2020,2441,2257,181.0,0.0,120,1369,1.20,2.25,117.03,0.546,10500,0.096,0.033,2967,3446,1765,1877,1653,0,0,0,0,0,0,25.24,25.29,24.39
$GC,1385,0.84,146.6,2048,3445,1832,1645,162.9,18.6,134,1393,0.15,2.12,0.00,0.000,5126,0.194,0.020,2945,2035,1763,1876,1650,0,0,0,0,0,0,25.14,25.53,28.83
$GC,1423,0.75,146.6,2945,2030,1876,1648,154.7,20.5,138,1424,0.12,0.00,0.00,0.000,4102,0.175,0.000,2916,2030,1762,1876,1648,0,0,0,0,0,0,25.48,28.83,28.83
$GC,1452,0.75,146.6,2916,2029,1874,1646,149.7,17.1,141,1453,0.00,0.00,0.00,0.000,4102,0.000,0.000,2916,2029,1760,1874,1646,0,0,0,0,0,0,28.83,28.83,28.83
$GC,1482,0.75,146.6,2916,2029,1874,1646,145.2,15.2,144,1483,0.00,0.00,0.00,0.000,4102,0.000,0.000,2916,2030,1760,1874,1646,0,0,0,0,0,0,28.83,28.83,28.83
$GC,1512,0.75,146.6,2915,2029,1874,1645,140.6,15.3,147,1513,0.00,0.00,0.00,0.000,4102,0.000,0.000,2916,2029,1759,1874,1645,0,0,0,0,0,0,28.83,28.83,28.83
$GC,1542,0.75,146.6,2916,2030,1873,1645,136.1,14.8,150,1551,0.00,2.15,0.00,0.000,4356,0.000,0.034,2915,3449,1759,1873,1645,0,0,0,0,0,0,28.83,25.86,28.83
$GC,1576,0.75,146.6,2048,3447,1833,1640,131.0,15.7,153,1583,0.00,2.15,0.00,0.000,5126,0.000,0.021,2921,2024,1758,1873,1644,0,0,0,0,0,0,28.83,25.18,28.83
$GC,1614,0.75,146.6,2921,2020,1873,1644,124.3,17.2,157,1615,0.00,0.00,0.00,0.000,4102,0.000,0.000,2922,2020,1758,1873,1644,0,0,0,0,0,0,28.83,28.83,28.83
$GC,1644,0.75,146.6,2921,2019,1873,1644,119.2,16.6,160,1645,0.00,0.00,0.00,0.000,4102,0.000,0.000,2922,2019,1758,1873,1644,0,0,0,0,0,0,28.83,28.83,28.83
$GC,1674,0.75,146.6,2921,2019,1873,1644,114.6,15.6,163,1683,0.00,2.15,0.00,0.000,4356,0.000,0.034,2922,3439,1757,1872,1643,0,0,0,0,0,0,28.83,25.96,28.83
$GC,1716,0.75,146.6,2921,3439,1873,1643,107.4,17.7,167,1725,0.00,2.05,0.00,0.000,5126,0.000,0.021,2925,2027,1758,1873,1643,0,0,0,0,0,0,28.83,26.08,28.83
$GC,1756,0.75,146.6,2925,2024,1873,1643,100.3,17.9,171,1757,0.00,0.00,0.00,0.000,4102,0.000,0.000,2925,2024,1758,1873,1643,0,0,0,0,0,0,28.83,28.83,28.83
$GC,1786,0.75,146.6,2925,2024,1873,1643,95.7,15.6,174,1787,0.00,0.00,0.00,0.000,4102,0.000,0.000,2925,2024,1758,1873,1643,0,0,0,0,0,0,28.83,28.83,28.83
$GC,1816,0.75,146.6,2925,2024,1873,1643,90.7,16.3,177,1817,0.00,0.00,0.00,0.000,4102,0.000,0.000,2925,2024,1758,1873,1643,0,0,0,0,0,0,28.83,28.83,28.83
$GC,1846,0.75,146.6,2925,2024,1873,1643,84.8,19.1,180,1847,0.00,0.00,0.00,0.000,4102,0.000,0.000,2925,2024,1758,1873,1643,0,0,0,0,0,0,28.83,28.83,28.83
$GC,1876,0.75,146.6,2925,2024,1873,1643,79.4,18.7,183,1877,0.00,0.00,0.00,0.000,4102,0.000,0.000,2925,2024,1758,1873,1643,0,0,0,0,0,0,28.83,28.83,28.83
$GC,1906,0.75,146.6,2925,2024,1873,1643,74.5,16.4,186,1915,0.00,2.15,0.00,0.000,4356,0.000,0.035,2925,3443,1757,1873,1642,0,0,0,0,0,0,28.83,26.03,28.83
$GC,1990,0.75,146.6,2925,3443,1873,1643,60.0,18.3,194,1998,0.10,2.08,0.00,0.000,5126,0.195,0.025,2915,2026,1758,1873,1643,0,0,0,0,0,0,25.83,26.18,28.83
$GC,2028,0.75,146.6,2915,2022,1873,1642,53.1,17.6,198,2029,0.00,0.00,0.00,0.000,4102,0.000,0.000,2915,2023,1757,1873,1642,0,0,0,0,0,0,28.83,28.83,28.83
$GC,2058,0.75,146.6,2915,2022,1873,1642,48.7,14.8,201,2059,0.00,0.00,0.00,0.000,4102,0.000,0.000,2916,2022,1757,1873,1642,0,0,0,0,0,0,28.83,28.83,28.83
$GC,2088,0.75,146.6,2915,2022,1873,1642,44.3,14.6,204,2097,0.00,2.15,0.00,0.000,4356,0.000,0.034,2915,3447,1757,1873,1642,0,0,0,0,0,0,28.83,26.06,28.83
$GC,2140,0.75,146.6,2915,3447,1873,1642,36.4,15.6,209,2149,0.00,2.05,0.00,0.000,5126,0.000,0.021,2921,2028,1757,1873,1642,0,0,0,0,0,0,28.83,26.20,28.83
$GC,2180,0.75,146.6,2921,2024,1873,1642,30.7,14.4,213,2189,0.00,2.08,0.00,0.000,4612,0.000,0.034,2926,645,1757,1872,1642,0,0,0,0,0,0,28.83,26.08,28.83
$GC,2203,0.78,178.3,2048,644,1831,1637,27.8,13.1,215,2234,0.00,2.10,24.77,0.461,13318,0.000,0.028,2926,2041,1641,1758,1524,0,0,0,0,0,0,28.83,25.96,24.98
$GC,2272,0.82,208.4,2925,2041,1757,1520,18.3,13.3,222,2303,0.00,2.17,24.58,0.449,10500,0.000,0.035,2926,3432,1518,1642,1395,0,0,0,0,0,0,28.83,25.82,24.84
$GC,2326,0.87,208.4,2926,3432,1641,1394,10.9,14.2,227,2335,0.00,2.05,0.00,0.000,3078,0.000,0.020,2935,2030,1517,1641,1393,0,0,0,0,0,0,28.83,25.92,28.83
$GC,2366,0.96,239.1,2935,2026,1641,1391,5.5,13.2,231,2397,0.12,2.20,24.48,0.438,10756,0.094,0.035,2991,635,1397,1523,1271,0,0,0,0,0,0,26.04,25.73,24.77
$STATE,2401,end climb,SURFACE_DEPTH_REACHED
$STATE,2401,begin surface coast
$FINISH,0.1,1.012318
$STATE,2421,end surface coast,CONTROL_FINISHED_OK
$STATE,2422,begin surface
$SM_CCo,2439,131.00,0.420,1,0,662,423.52
$SM_GC,1.01,7.53,2.12,131.00,0.047,0.022,0.420,242,2039,662,-7.52,-1.50,423.52,0,0,0,0,1,0,25.79,25.85,24.53
$IRIDIUM_FIX,4729.30,-12232.94,120608,111150
$TT8_MAMPS,0.026215,0.026215
$HUMID,43.89
$INTERNAL_PRESSURE,8.15502
$TCM_TEMP,19.60
$XPDR_PINGS,79
$ALTIM_TOP_PING,19.7,18.8
$ALTIM_BOTTOM_PING,146.3,53.3
$24V_AH,24.4,24.469
$10V_AH,10.1,11.049
$FG_AHR_24Vo,0.000
$FG_AHR_10Vo,0.000
$DEVICES,Pitch_motor,Roll_motor,VBD_pump_during_apogee,VBD_pump_during_surface,VBD_valve,Iridium_during_init,Iridium_during_connect,Iridium_during_xfer,Transponder_ping,GUMSTIX_24V,GPS,TT8,LPSleep,TT8_Active,TT8_Sampling,TT8_CF8,TT8_Kalman,Analog_circuits,GPS_charging,Compass,RAFOS,Transponder,Compass2
$DEVICE_SECS,18.775,55.000,313.925,131.000,0.000,56.473,61.817,175.763,23.500,0.000,13.804,652.363,804.004,532.844,937.054,126.560,33.212,968.835,0.000,616.706,0.000,27.247,0.000
$DEVICE_MAMPS,227.205,58.140,563.040,419.985,0.000,43.600,160.000,223.000,420.000,0.000,28.460,13.960,2.190,13.960,37.930,44.670,61.150,16.000,0.000,15.730,0.000,30.000,0.000
$SENSORS,SBE_CT,AA4330,WL_BB2FLVMG,nil,nil,nil,nil,nil,nil,nil
$SENSOR_SECS,158.568,309.782,406.823,0.000,0.000,0.000,0.000,0.000,0.000,0.000
$SENSOR_MAMPS,23.220,33.000,105.000,0.000,0.000,0.000,0.000,0.000,0.000,0.000
$MEM,354608
$DATA_FILE_SIZE,16915,236
$CAP_FILE_SIZE,74472,0
$CFSIZE,260165632,255881216
$ERRORS,0,0,0,0,0,0,0,0,0,0,0,0,0,1,0,0
$GPS,230526,023603,4746.829,-12224.921,11,1.2,33,18.2
