version: 66.11
glider: 175
mission: 11
dive: 383
start: 6 5 126 18 40 7
data:
$ID,175
$MISSION,11
$DIVE,383
$N_DIVES,0
$D_SURF,3
$D_FLARE,3
$D_TGT,150
$D_ABORT,1090
$D_NO_BLEED,50
$D_BOOST,3
$T_BOOST,0
$D_FINISH,0
$D_PITCH,0
$D_SAFE,0
$D_CALL,0
$SURFACE_URGENCY,0
$SURFACE_URGENCY_TRY,0
$SURFACE_URGENCY_FORCE,0
$T_DIVE,50
$T_MISSION,75
$T_ABORT,1440
$T_TURN,300
$T_TURN_SAMPINT,5
$T_NO_W,120
$T_LOITER,0
$T_EPIRB,0
$USE_BATHY,-1
$USE_ICE,0
$ICE_FREEZE_MARGIN,0.30000001
$D_OFFGRID,100
$T_WATCHDOG,10
$RELAUNCH,1
$APOGEE_PITCH,-8
$MAX_BUOY,150
$COURSE_BIAS,0
$GLIDE_SLOPE,30
$SPEED_FACTOR,1
$RHO,1.0235
$MASS,51878
$MASS_COMP,0
$NAV_MODE,2
$FERRY_MAX,45
$KALMAN_USE,2
$HD_A,0.0024900001
$HD_B,0.0091000004
$HD_C,5.7000002e-06
$HEADING,-1
$ESCAPE_HEADING,0
$ESCAPE_HEADING_DELTA,10
$FIX_MISSING_TIMEOUT,0
$TGT_DEFAULT_LAT,47.766998
$TGT_DEFAULT_LON,-122.413
$TGT_AUTO_DEFAULT,0
$SM_CC,473.51199
$N_FILEKB,4
$FILEMGR,0
$CALL_NDIVES,1
$COMM_SEQ,0
$PROTOCOL,9
$N_NOCOMM,1
$NOCOMM_ACTION,0
$N_NOSURFACE,0
$UPLOAD_DIVES_MAX,-1
$CALL_TRIES,5
$CALL_WAIT,60
$CAPUPLOAD,1
$CAPMAXSIZE,200000
$HEAPDBG,0
$T_GPS,15
$N_GPS,30
$T_GPS_ALMANAC,0
$T_GPS_CHARGE,-39363.797
$T_RSLEEP,2
$STROBE,0
$RAFOS_PEAK_OFFSET,1.5
$RAFOS_CORR_THRESH,60
$RAFOS_HIT_WINDOW,3600
$PITCH_MIN,255
$PITCH_MAX,3935
$C_PITCH,2626
$PITCH_DBAND,0.0099999998
$PITCH_CNV,0.003125763
$P_OVSHOOT,0.039999999
$PITCH_GAIN,30
$PITCH_TIMEOUT,17
$PITCH_AD_RATE,160
$PITCH_MAXERRORS,1
$PITCH_ADJ_GAIN,0.02
$PITCH_ADJ_DBAND,2.5
$ROLL_MIN,171
$ROLL_MAX,3723
$ROLL_DEG,40
$C_ROLL_DIVE,2030
$C_ROLL_CLIMB,2030
$HEAD_ERRBAND,10
$ROLL_CNV,0.028270001
$ROLL_TIMEOUT,15
$R_PORT_OVSHOOT,58
$R_STBD_OVSHOOT,48
$ROLL_AD_RATE,300
$ROLL_MAXERRORS,2
$ROLL_ADJ_GAIN,0
$ROLL_ADJ_DBAND,0
$VBD_MIN,465
$VBD_MAX,3960
$C_VBD,2350
$VBD_DBAND,2
$VBD_CNV,-0.25119999
$VBD_TIMEOUT,720
$PITCH_VBD_SHIFT,0.0012300001
$VBD_PUMP_AD_RATE_SURFACE,5
$VBD_PUMP_AD_RATE_APOGEE,4
$VBD_BLEED_AD_RATE,8
$UNCOM_BLEED,60
$VBD_MAXERRORS,1
$W_ADJ_DBAND,2
$DBDW,0
$PITCH_W_GAIN,0
$PITCH_W_DBAND,1
$CF8_MAXERRORS,5
$AH0_24V,145
$AH0_10V,95
$MINV_24V,19
$MINV_10V,8
$FG_AHR_10V,0
$FG_AHR_24V,0
$PHONE_SUPPLY,2
$PRESSURE_YINT,-13.51214
$PRESSURE_SLOPE,0.0001165895
$AD7714Ch0Gain,128
$TCM_PITCH_OFFSET,0
$TCM_ROLL_OFFSET,0
$COMPASS_USE,4
$ALTIM_BOTTOM_PING_RANGE,0
$ALTIM_TOP_PING_RANGE,20
$ALTIM_BOTTOM_TURN_MARGIN,25
$ALTIM_TOP_TURN_MARGIN,0
$ALTIM_TOP_MIN_OBSTACLE,1
$ALTIM_PING_DEPTH,60
$ALTIM_PING_DELTA,5
$ALTIM_FREQUENCY,13
$ALTIM_PULSE,3
$ALTIM_SENSITIVITY,4
$XPDR_VALID,5
$XPDR_INHIBIT,90
$INT_PRESSURE_SLOPE,0.0097660003
$INT_PRESSURE_YINT,-0.40000001
$DEEPGLIDER,0
$DEEPGLIDERMB,0
$MOTHERBOARD,4
$DEVICE1,2
$DEVICE2,101
$DEVICE3,38
$DEVICE4,-1
$DEVICE5,-1
$DEVICE6,-1
$LOGGERS,7
$LOGGERDEVICE1,-1
$LOGGERDEVICE2,-1
$LOGGERDEVICE3,-1
$LOGGERDEVICE4,-1
$COMPASS_DEVICE,33
$COMPASS2_DEVICE,-1
$PHONE_DEVICE,49
$GPS_DEVICE,32
$RAFOS_DEVICE,-1
$XPDR_DEVICE,24
$SIM_W,0
$SIM_PITCH,0
$SEABIRD_T_G,0.0043137739
$SEABIRD_T_H,0.00062868668
$SEABIRD_T_I,2.2691316e-05
$SEABIRD_T_J,2.2586789e-06
$SEABIRD_C_G,-10.021329
$SEABIRD_C_H,1.1236943
$SEABIRD_C_I,-0.0013673168
$SEABIRD_C_J,0.00018808816
$GPS1,050626,183412,4751.372,-12222.062,9,1.8,10,18.2
$_CALLS,1
$_XMS_NAKs,0
$_XMS_TOUTs,0
$_SM_DEPTHo,-5.86
$_SM_ANGLEo,-60.2
$GPS2,050626,183940,4751.392,-12222.013,10,1.8,15,18.2
$SPEED_LIMITS,0.173,0.272
$TGT_NAME,WEST_175
$TGT_LATLONG,4751.410,-12224.870
$TGT_RADIUS,200.000
$KALMAN_CONTROL,0.079,0.297
$KALMAN_X,-30076.6,-183.3,-72.9,29774.7,-185.0
$KALMAN_Y,25757.5,-625.9,-357.4,-36445.5,446.9
$MHEAD_RNG_PITCHd_Wd,253.1,3551,-16.2,-10.000,-20.17,2231
$D_GRID,100
$GCHEAD,st_secs,pitch_ctl,vbd_ctl,pitch_ad_start,roll_ad_start,vbd_pot1_ad_start,vbd_pot2_ad_start,depth,ob_vertv,data_pts,end_secs,pitch_secs,roll_secs,vbd_secs,vbd_i,gcphase,pitch_i,roll_i,pitch_ad,roll_ad,vbd_ad,vbd_pot1_ad,vbd_pot2_ad,pitch_retries,pitch_errors,roll_retries,roll_errors,vbd_retries,vbd_errors,pitch_volts,roll_volts,vbd_volts
$STATE,13,end surface,CONTROL_FINISHED_OK
$STATE,13,begin dive
$GC,16,-0.72,-146.6,241,2013,479,433,0.0,0.0,0,109,0.00,0.00,-88.38,0.000,16390,0.000,0.000,241,2014,2936,3020,2852,0,0,0,0,0,0,28.83,28.83,26.35
$GC,112,-0.72,-146.6,241,2014,3022,2852,-1.8,-7.8,9,131,8.82,2.10,0.00,0.000,2564,0.223,0.032,2393,639,2941,3030,2852,0,0,0,0,0,0,24.82,25.93,28.83
$GC,316,-0.55,-146.6,2393,639,3038,2849,44.4,-18.1,29,326,0.22,2.08,0.00,0.000,3078,0.155,0.031,2443,2025,2943,3039,2847,0,0,0,0,0,0,25.58,26.07,28.83
$GC,357,-0.43,-146.6,2443,2025,3041,2846,50.5,-15.1,33,366,0.12,2.12,0.00,0.000,2308,0.158,0.041,2477,3432,2944,3043,2845,0,0,0,0,0,0,26.01,25.97,28.83
$GC,411,-0.43,-146.6,2477,3432,3045,2846,56.5,-10.7,38,421,0.00,2.03,0.00,0.000,3078,0.000,0.019,2477,2009,2945,3045,2845,0,0,0,0,0,0,28.83,26.23,28.83
$GC,452,-0.43,-146.6,2477,2009,3045,2845,60.3,-9.6,42,459,0.00,0.00,0.00,0.000,2054,0.000,0.000,2477,2009,2945,3045,2845,0,0,0,0,0,0,28.83,28.83,28.83
$GC,490,-0.43,-146.6,2477,2008,3046,2845,64.2,-9.5,46,500,0.00,2.03,0.00,0.000,2564,0.000,0.031,2477,652,2944,3045,2844,0,0,0,0,0,0,28.83,26.12,28.83
$GC,545,-0.43,-146.6,2477,652,3045,2843,70.0,-11.2,51,553,0.00,2.03,0.00,0.000,3078,0.000,0.028,2477,2031,2944,3045,2844,0,0,0,0,0,0,28.83,26.17,28.83
$GC,584,-0.43,-146.6,2477,2032,3045,2844,74.4,-11.2,55,585,0.00,0.00,0.00,0.000,2054,0.000,0.000,2477,2031,2944,3045,2844,0,0,0,0,0,0,28.83,28.83,28.83
$GC,613,-0.43,-146.6,2477,2031,3045,2844,77.6,-10.6,58,614,0.00,0.00,0.00,0.000,2054,0.000,0.000,2477,2031,2944,3045,2844,0,0,0,0,0,0,28.83,28.83,28.83
$GC,644,-0.43,-146.6,2477,2031,3045,2843,80.8,-10.7,61,645,0.00,0.00,0.00,0.000,2054,0.000,0.000,2477,2031,2944,3045,2844,0,0,0,0,0,0,28.83,28.83,28.83
$GC,675,-0.43,-146.6,2477,2031,3045,2844,83.9,-10.5,64,676,0.00,0.00,0.00,0.000,2054,0.000,0.000,2477,2031,2944,3045,2844,0,0,0,0,0,0,28.83,28.83,28.83
$GC,704,-0.43,-146.6,2477,2031,3045,2843,87.2,-10.8,67,705,0.00,0.00,0.00,0.000,2054,0.000,0.000,2477,2031,2944,3045,2844,0,0,0,0,0,0,28.83,28.83,28.83
$GC,734,-0.43,-146.6,2477,2031,3045,2843,90.3,-10.5,70,735,0.00,0.00,0.00,0.000,2054,0.000,0.000,2477,2031,2944,3045,2844,0,0,0,0,0,0,28.83,28.83,28.83
$GC,765,-0.43,-146.6,2477,2031,3045,2843,93.5,-10.4,73,771,0.00,0.00,0.00,0.000,2054,0.000,0.000,2477,2031,2944,3045,2843,0,0,0,0,0,0,28.83,28.83,28.83
$GC,803,-0.43,-146.6,2476,2031,3045,2843,97.7,-10.5,77,812,0.00,2.12,0.00,0.000,2308,0.000,0.041,2477,3438,2945,3046,2844,0,0,0,0,0,0,28.83,26.08,28.83
$STATE,826,end dive,TARGET_DEPTH_EXCEEDED
$STATE,826,begin apogee
$GC,833,-0.27,0.0,2477,2026,3046,2844,100.0,-10.5,79,965,0.17,0.00,124.25,0.516,10246,0.137,0.000,2534,2022,2350,2440,2261,0,0,0,0,0,0,25.96,28.83,24.00
$STATE,968,end apogee,CONTROL_FINISHED_OK
$STATE,968,begin climb
$GC,970,0.72,146.6,2534,2022,2439,2261,109.9,0.0,93,1096,1.00,2.30,118.00,0.506,11012,0.112,0.035,2852,3444,1765,1879,1652,0,0,0,0,0,0,25.13,25.33,24.03
$GC,1121,0.72,146.6,2852,3443,1879,1649,100.1,10.0,108,1130,0.00,2.10,0.00,0.000,1030,0.000,0.021,2856,2042,1764,1879,1649,0,0,0,0,0,0,28.83,25.63,28.83
$GC,1161,0.72,146.6,2856,2038,1878,1647,95.8,10.8,112,1170,0.00,2.15,0.00,0.000,516,0.000,0.034,2857,629,1761,1875,1647,0,0,0,0,0,0,28.83,25.68,28.83
$GC,1187,0.72,146.6,1952,628,1832,1642,93.6,10.1,114,1195,0.00,2.12,0.00,0.000,1030,0.000,0.025,2857,2044,1759,1872,1647,0,0,0,0,0,0,28.83,25.83,28.83
$GC,1223,0.72,146.6,2856,2044,1872,1647,89.5,10.1,118,1234,0.00,2.10,0.00,0.000,260,0.000,0.034,2857,3441,1759,1872,1647,0,0,0,0,0,0,28.83,25.82,28.83
$GC,1267,0.72,146.6,2857,3441,1872,1646,84.7,11.4,122,1277,0.00,2.08,0.00,0.000,1030,0.000,0.020,2857,2026,1759,1872,1647,0,0,0,0,0,0,28.83,25.97,28.83
$GC,1306,0.72,146.6,2856,2024,1872,1647,80.8,9.8,126,1316,0.00,2.10,0.00,0.000,516,0.000,0.035,2857,634,1758,1871,1646,0,0,0,0,0,0,28.83,25.91,28.83
$GC,1341,0.72,146.6,1992,633,1832,1643,78.0,8.5,129,1349,0.00,2.10,0.00,0.000,1030,0.000,0.022,2857,2030,1757,1869,1646,0,0,0,0,0,0,28.83,26.05,28.83
$GC,1379,0.72,146.6,2857,2030,1869,1646,74.6,8.4,133,1388,0.00,2.12,0.00,0.000,260,0.000,0.034,2857,3444,1757,1869,1646,0,0,0,0,0,0,28.83,25.98,28.83
$GC,1422,0.72,146.6,2856,3444,1869,1647,70.6,9.8,137,1431,0.00,2.08,0.00,0.000,1030,0.000,0.020,2857,2022,1757,1869,1646,0,0,0,0,0,0,28.83,26.10,28.83
$GC,1461,0.72,146.6,2857,2019,1869,1646,67.3,8.1,141,1463,0.00,0.00,0.00,0.000,6,0.000,0.000,2857,2019,1757,1869,1646,0,0,0,0,0,0,28.83,28.83,28.83
$GC,1491,0.72,146.6,2856,2018,1869,1646,64.9,8.0,144,1493,0.00,0.00,0.00,0.000,6,0.000,0.000,2857,2018,1757,1869,1646,0,0,0,0,0,0,28.83,28.83,28.83
$GC,1522,0.72,146.6,2857,2018,1869,1646,62.5,8.1,147,1523,0.00,0.00,0.00,0.000,6,0.000,0.000,2856,2018,1757,1869,1646,0,0,0,0,0,0,28.83,28.83,28.83
$GC,1552,0.72,146.6,2857,2018,1869,1647,60.0,8.3,150,1553,0.00,0.00,0.00,0.000,6,0.000,0.000,2857,2018,1757,1869,1646,0,0,0,0,0,0,28.83,28.83,28.83
$GC,1582,0.72,146.6,2856,2018,1870,1646,57.5,8.5,153,1583,0.00,0.00,0.00,0.000,6,0.000,0.000,2857,2018,1758,1869,1647,0,0,0,0,0,0,28.83,28.83,28.83
$GC,1611,0.72,146.6,2856,2018,1869,1646,54.9,8.6,156,1620,0.00,2.12,0.00,0.000,260,0.000,0.034,2857,3431,1757,1869,1646,0,0,0,0,0,0,28.83,26.08,28.83
$GC,1644,0.72,146.6,2856,3431,1869,1646,51.8,9.5,159,1648,0.00,2.08,0.00,0.000,1030,0.000,0.024,2857,2022,1757,1869,1646,0,0,0,0,0,0,28.83,26.09,28.83
$GC,1686,0.72,146.6,2857,2018,1869,1646,48.1,9.0,163,1687,0.00,0.00,0.00,0.000,6,0.000,0.000,2857,2018,1757,1869,1646,0,0,0,0,0,0,28.83,28.83,28.83
$GC,1715,0.72,146.6,2856,2018,1869,1646,45.4,8.6,166,1726,0.00,2.12,0.00,0.000,260,0.000,0.034,2856,3431,1757,1869,1646,0,0,0,0,0,0,28.83,26.10,28.83
$GC,1749,0.72,146.6,2856,3431,1869,1646,42.4,9.1,169,1758,0.00,2.05,0.00,0.000,1030,0.000,0.020,2857,2017,1757,1869,1646,0,0,0,0,0,0,28.83,26.22,28.83
$GC,1789,0.78,193.2,2857,2015,1869,1645,39.2,7.9,173,1828,0.00,0.00,37.33,0.469,10758,0.000,0.000,2857,2015,1580,1695,1465,0,0,0,0,0,0,28.83,28.83,24.32
$GC,1859,0.85,249.9,2857,2015,1695,1463,34.1,7.4,180,1910,0.12,2.28,44.80,0.460,10500,0.080,0.034,2919,3432,1354,1470,1239,0,0,0,0,0,0,26.07,25.54,24.21
$GC,1957,0.79,249.9,2016,3430,1445,1232,21.8,14.8,189,1964,0.17,2.10,0.00,0.000,5126,0.151,0.021,2878,2034,1352,1470,1234,0,0,0,0,0,0,25.41,25.79,28.83
$GC,1993,0.79,249.9,2878,2029,1469,1232,17.0,11.7,193,1994,0.00,0.00,0.00,0.000,6,0.000,0.000,2878,2030,1350,1469,1232,0,0,0,0,0,0,28.83,28.83,28.83
$GC,2023,0.79,249.9,2878,2029,1469,1231,14.0,9.9,196,2024,0.00,0.00,0.00,0.000,6,0.000,0.000,2878,2029,1350,1469,1231,0,0,0,0,0,0,28.83,28.83,28.83
$GC,2054,0.79,249.9,2878,2029,1469,1230,11.0,10.0,199,2062,0.00,2.10,0.00,0.000,260,0.000,0.033,2878,3431,1349,1469,1230,0,0,0,0,0,0,28.83,25.88,28.83
$GC,2085,0.79,249.9,2878,3431,1469,1229,7.4,11.0,202,2095,0.00,2.08,0.00,0.000,5126,0.000,0.021,2881,2022,1348,1469,1228,0,0,0,0,0,0,28.83,25.99,28.83
$STATE,2123,end climb,SURFACE_DEPTH_REACHED
$STATE,2124,begin surface coast
$FINISH,0.8,1.022124
$STATE,2145,end surface coast,CONTROL_FINISHED_OK
$STATE,2145,begin surface
$SM_CCo,2160,171.85,0.424,1,0,465,473.51
$SM_GC,-5.91,7.35,0.00,171.85,0.060,0.000,0.424,239,2020,465,-7.36,-0.25,473.51,0,0,0,0,1,0,26.02,28.83,24.17
$IRIDIUM_FIX,4732.49,-12211.54,260608,030331
$TT8_MAMPS,0.027713,0.027713
$HUMID,42.99
$INTERNAL_PRESSURE,8.15502
$TCM_TEMP,17.50
$XPDR_PINGS,96
$ALTIM_TOP_PING,19.0,24.9
$24V_AH,24.0,54.857
$10V_AH,9.8,26.624
$FG_AHR_24Vo,0.000
$FG_AHR_10Vo,0.000
$DEVICES,Pitch_motor,Roll_motor,VBD_pump_during_apogee,VBD_pump_during_surface,VBD_valve,Iridium_during_init,Iridium_during_connect,Iridium_during_xfer,Transponder_ping,GUMSTIX_24V,GPS,TT8,LPSleep,TT8_Active,TT8_Sampling,TT8_CF8,TT8_Kalman,Analog_circuits,GPS_charging,Compass,RAFOS,Transponder,Compass2
$DEVICE_SECS,18.000,54.750,324.375,171.850,0.000,25.001,16.936,171.545,26.500,0.000,18.376,573.828,586.430,591.626,799.227,131.489,0.000,1018.293,0.000,562.291,0.000,16.403,0.000
$DEVICE_MAMPS,223.380,40.545,515.610,423.810,0.000,43.600,160.000,223.000,420.000,0.000,28.460,13.960,2.190,13.960,37.930,44.670,0.000,16.000,0.000,15.730,0.000,30.000,0.000
$SENSORS,SBE_CT,AA4330,WL_BB2FLVMG,nil,nil,nil,nil,nil,nil,nil
$SENSOR_SECS,137.035,272.392,358.252,0.000,0.000,0.000,0.000,0.000,0.000,0.000
$SENSOR_MAMPS,23.220,33.000,105.000,0.000,0.000,0.000,0.000,0.000,0.000,0.000
$MEM,354104
$DATA_FILE_SIZE,13642,208
$CAP_FILE_SIZE,64344,0
$CFSIZE,260165632,241033216
$ERRORS,0,0,0,0,0,0,0,0,0,0,0,0,0,1,0,0
$CURRENT,0.061,234.5,1
$GPS,050626,192010,4751.337,-12222.523,9,1.4,26,18.2
