version: 66.11
glider: 175
mission: 11
dive: 209
start: 5 29 126 20 24 8
data:
$ID,175
$MISSION,11
$DIVE,209
$N_DIVES,0
$D_SURF,3
$D_FLARE,3
$D_TGT,165
$D_ABORT,1090
$D_NO_BLEED,50
$D_BOOST,3
$T_BOOST,0
$D_FINISH,0
$D_PITCH,0
$D_SAFE,0
$D_CALL,0
$SURFACE_URGENCY,0
$SURFACE_URGENCY_TRY,0
$SURFACE_URGENCY_FORCE,0
$T_DIVE,55
$T_MISSION,70
$T_ABORT,1440
$T_TURN,300
$T_TURN_SAMPINT,5
$T_NO_W,120
$T_LOITER,0
$T_EPIRB,0
$USE_BATHY,0
$USE_ICE,0
$ICE_FREEZE_MARGIN,0.30000001
$D_OFFGRID,100
$T_WATCHDOG,10
$RELAUNCH,1
$APOGEE_PITCH,-8
$MAX_BUOY,150
$COURSE_BIAS,0
$GLIDE_SLOPE,30
$SPEED_FACTOR,1
$RHO,1.0235
$MASS,51878
$MASS_COMP,0
$NAV_MODE,1
$FERRY_MAX,45
$KALMAN_USE,1
$HD_A,0.0024900001
$HD_B,0.0091000004
$HD_C,5.7000002e-06
$HEADING,-1
$ESCAPE_HEADING,0
$ESCAPE_HEADING_DELTA,10
$FIX_MISSING_TIMEOUT,0
$TGT_DEFAULT_LAT,47.766998
$TGT_DEFAULT_LON,-122.413
$TGT_AUTO_DEFAULT,0
$SM_CC,473.51199
$N_FILEKB,4
$FILEMGR,0
$CALL_NDIVES,1
$COMM_SEQ,0
$PROTOCOL,9
$N_NOCOMM,1
$NOCOMM_ACTION,0
$N_NOSURFACE,0
$UPLOAD_DIVES_MAX,-1
$CALL_TRIES,5
$CALL_WAIT,60
$CAPUPLOAD,1
$CAPMAXSIZE,200000
$HEAPDBG,0
$T_GPS,15
$N_GPS,30
$T_GPS_ALMANAC,0
$T_GPS_CHARGE,-38917.293
$T_RSLEEP,2
$STROBE,0
$RAFOS_PEAK_OFFSET,1.5
$RAFOS_CORR_THRESH,60
$RAFOS_HIT_WINDOW,3600
$PITCH_MIN,255
$PITCH_MAX,3935
$C_PITCH,2626
$PITCH_DBAND,0.0099999998
$PITCH_CNV,0.003125763
$P_OVSHOOT,0.039999999
$PITCH_GAIN,30
$PITCH_TIMEOUT,17
$PITCH_AD_RATE,160
$PITCH_MAXERRORS,1
$PITCH_ADJ_GAIN,0.02
$PITCH_ADJ_DBAND,2.5
$ROLL_MIN,171
$ROLL_MAX,3723
$ROLL_DEG,40
$C_ROLL_DIVE,2030
$C_ROLL_CLIMB,2030
$HEAD_ERRBAND,10
$ROLL_CNV,0.028270001
$ROLL_TIMEOUT,15
$R_PORT_OVSHOOT,63
$R_STBD_OVSHOOT,47
$ROLL_AD_RATE,300
$ROLL_MAXERRORS,2
$ROLL_ADJ_GAIN,0
$ROLL_ADJ_DBAND,0
$VBD_MIN,465
$VBD_MAX,3960
$C_VBD,2350
$VBD_DBAND,2
$VBD_CNV,-0.25119999
$VBD_TIMEOUT,720
$PITCH_VBD_SHIFT,0.0012300001
$VBD_PUMP_AD_RATE_SURFACE,5
$VBD_PUMP_AD_RATE_APOGEE,4
$VBD_BLEED_AD_RATE,8
$UNCOM_BLEED,60
$VBD_MAXERRORS,1
$W_ADJ_DBAND,2
$DBDW,0
$PITCH_W_GAIN,0
$PITCH_W_DBAND,1
$CF8_MAXERRORS,5
$AH0_24V,145
$AH0_10V,95
$MINV_24V,19
$MINV_10V,8
$FG_AHR_10V,0
$FG_AHR_24V,0
$PHONE_SUPPLY,2
$PRESSURE_YINT,-13.51214
$PRESSURE_SLOPE,0.0001165895
$AD7714Ch0Gain,128
$TCM_PITCH_OFFSET,0
$TCM_ROLL_OFFSET,0
$COMPASS_USE,4
$ALTIM_BOTTOM_PING_RANGE,0
$ALTIM_TOP_PING_RANGE,20
$ALTIM_BOTTOM_TURN_MARGIN,25
$ALTIM_TOP_TURN_MARGIN,0
$ALTIM_TOP_MIN_OBSTACLE,1
$ALTIM_PING_DEPTH,60
$ALTIM_PING_DELTA,5
$ALTIM_FREQUENCY,13
$ALTIM_PULSE,3
$ALTIM_SENSITIVITY,4
$XPDR_VALID,5
$XPDR_INHIBIT,90
$INT_PRESSURE_SLOPE,0.0097660003
$INT_PRESSURE_YINT,-0.40000001
$DEEPGLIDER,0
$DEEPGLIDERMB,0
$MOTHERBOARD,4
$DEVICE1,2
$DEVICE2,101
$DEVICE3,38
$DEVICE4,-1
$DEVICE5,-1
$DEVICE6,-1
$LOGGERS,7
$LOGGERDEVICE1,-1
$LOGGERDEVICE2,-1
$LOGGERDEVICE3,-1
$LOGGERDEVICE4,-1
$COMPASS_DEVICE,33
$COMPASS2_DEVICE,-1
$PHONE_DEVICE,49
$GPS_DEVICE,32
$RAFOS_DEVICE,-1
$XPDR_DEVICE,24
$SIM_W,0
$SIM_PITCH,0
$SEABIRD_T_G,0.0043137739
$SEABIRD_T_H,0.00062868668
$SEABIRD_T_I,2.2691316e-05
$SEABIRD_T_J,2.2586789e-06
$SEABIRD_C_G,-10.021329
$SEABIRD_C_H,1.1236943
$SEABIRD_C_I,-0.0013673168
$SEABIRD_C_J,0.00018808816
$GPS1,290526,201540,4748.943,-12225.707,13,1.3,30,18.2
$_CALLS,2
$_XMS_NAKs,0
$_XMS_TOUTs,0
$_SM_DEPTHo,-5.47
$_SM_ANGLEo,-70.6
$GPS2,290526,202311,4748.940,-12225.790,10,2.0,10,18.2
$SPEED_LIMITS,0.173,0.272
$TGT_NAME,NORTH_175
$TGT_LATLONG,4750.320,-12225.910
$TGT_RADIUS,200.000
$KALMAN_CONTROL,0.017,0.272
$KALMAN_X,-27562.8,-229.9,-186.1,26876.0,-60.1
$KALMAN_Y,23681.0,995.8,932.3,-27749.1,-807.1
$MHEAD_RNG_PITCHd_Wd,345.3,2559,-16.2,-10.000,-20.17,2231
$D_GRID,165
$GCHEAD,st_secs,pitch_ctl,vbd_ctl,pitch_ad_start,roll_ad_start,vbd_pot1_ad_start,vbd_pot2_ad_start,depth,ob_vertv,data_pts,end_secs,pitch_secs,roll_secs,vbd_secs,vbd_i,gcphase,pitch_i,roll_i,pitch_ad,roll_ad,vbd_ad,vbd_pot1_ad,vbd_pot2_ad,pitch_retries,pitch_errors,roll_retries,roll_errors,vbd_retries,vbd_errors,pitch_volts,roll_volts,vbd_volts
$STATE,14,end surface,CONTROL_FINISHED_OK
$STATE,14,begin dive
$GC,16,-0.72,-146.6,241,2030,512,403,0.0,0.0,0,110,0.00,0.00,-87.10,0.000,16390,0.000,0.000,242,2031,2934,3019,2850,0,0,0,0,0,0,28.83,28.83,26.17
$GC,113,-0.72,-146.6,241,2031,3020,2851,-0.7,-9.8,9,131,8.82,2.17,0.00,0.000,2308,0.226,0.045,2371,3429,2938,3025,2851,0,0,0,0,0,0,24.91,25.85,28.83
$GC,295,-0.50,-146.6,2370,3429,3045,2843,51.9,-22.8,27,305,0.30,2.03,0.00,0.000,3078,0.146,0.023,2468,2021,2943,3045,2842,0,0,0,0,0,0,25.53,26.17,28.83
$GC,335,-0.39,-146.6,2467,2019,3047,2840,59.6,-19.2,31,346,0.12,2.05,0.00,0.000,2564,0.149,0.028,2506,642,2943,3047,2839,0,0,0,0,0,0,26.03,26.09,28.83
$GC,399,-0.49,-146.6,2506,642,3047,2838,67.6,-11.7,37,409,0.12,2.05,0.00,0.000,5126,0.087,0.027,2451,2030,2942,3047,2838,0,0,0,0,0,0,26.09,26.15,28.83
$GC,439,-0.49,-146.6,2450,2030,3047,2838,72.8,-13.0,41,449,0.08,2.12,0.00,0.000,2308,0.175,0.039,2464,3431,2942,3047,2838,0,0,0,0,0,0,26.28,26.05,28.83
$GC,514,-0.49,-146.6,2463,3430,3048,2838,82.7,-12.8,48,523,0.00,2.00,0.00,0.000,3078,0.000,0.019,2465,2019,2943,3048,2838,0,0,0,0,0,0,28.83,26.29,28.83
$GC,554,-0.49,-146.6,2464,2019,3048,2838,87.8,-12.9,52,556,0.00,0.00,0.00,0.000,2054,0.000,0.000,2464,2018,2942,3048,2837,0,0,0,0,0,0,28.83,28.83,28.83
$GC,584,-0.49,-146.6,2464,2018,3048,2837,91.5,-12.2,55,585,0.00,0.00,0.00,0.000,2054,0.000,0.000,2464,2019,2942,3048,2837,0,0,0,0,0,0,28.83,28.83,28.83
$GC,615,-0.49,-146.6,2464,2019,3048,2837,95.1,-11.9,58,623,0.00,2.12,0.00,0.000,2308,0.000,0.041,2464,3424,2942,3048,2837,0,0,0,0,0,0,28.83,26.09,28.83
$GC,638,-0.49,-146.6,1648,3422,3019,2832,97.8,-11.9,60,646,0.00,2.03,0.00,0.000,3078,0.000,0.018,2464,2032,2942,3048,2837,0,0,0,0,0,0,28.83,26.32,28.83
$GC,676,-0.49,-146.6,2463,2029,3048,2837,102.6,-11.9,64,678,0.00,0.00,0.00,0.000,2054,0.000,0.000,2464,2029,2942,3048,2837,0,0,0,0,0,0,28.83,28.83,28.83
$GC,706,-0.49,-146.6,2464,2029,3048,2837,106.3,-12.3,67,708,0.00,0.00,0.00,0.000,2054,0.000,0.000,2464,2029,2943,3049,2837,0,0,0,0,0,0,28.83,28.83,28.83
$GC,736,-0.49,-146.6,2464,2029,3049,2837,109.8,-11.6,70,737,0.00,0.00,0.00,0.000,2054,0.000,0.000,2465,2029,2942,3048,2837,0,0,0,0,0,0,28.83,28.83,28.83
$GC,766,-0.49,-146.6,2464,2029,3048,2837,113.1,-11.2,73,775,0.00,2.15,0.00,0.000,2308,0.000,0.041,2464,3438,2943,3049,2837,0,0,0,0,0,0,28.83,26.10,28.83
$GC,801,-0.49,-146.6,2464,3438,3048,2837,116.8,-11.6,76,808,0.00,2.05,0.00,0.000,3078,0.000,0.024,2464,2021,2943,3049,2837,0,0,0,0,0,0,28.83,26.31,28.83
$GC,839,-0.49,-146.6,2464,2018,3048,2837,121.7,-12.1,80,840,0.00,0.00,0.00,0.000,2054,0.000,0.000,2464,2018,2942,3048,2837,0,0,0,0,0,0,28.83,28.83,28.83
$GC,869,-0.49,-146.6,2464,2018,3048,2837,125.2,-12.0,83,871,0.00,0.00,0.00,0.000,2054,0.000,0.000,2464,2018,2943,3049,2837,0,0,0,0,0,0,28.83,28.83,28.83
$GC,899,-0.49,-146.6,2464,2018,3048,2837,128.8,-11.9,86,908,0.00,2.15,0.00,0.000,2308,0.000,0.042,2464,3426,2942,3048,2837,0,0,0,0,0,0,28.83,26.10,28.83
$GC,945,-0.49,-146.6,2465,3426,3049,2837,134.0,-11.1,90,949,0.00,2.00,0.00,0.000,3078,0.000,0.021,2464,2028,2943,3049,2837,0,0,0,0,0,0,28.83,26.18,28.83
$GC,987,-0.49,-146.6,2464,2024,3048,2836,139.6,-13.6,94,996,0.00,2.03,0.00,0.000,2564,0.000,0.027,2464,641,2942,3048,2836,0,0,0,0,0,0,28.83,26.22,28.83
$GC,1010,-0.49,-146.6,1664,640,3019,2830,141.8,-11.5,96,1018,0.00,2.10,0.00,0.000,3078,0.000,0.028,2464,2023,2942,3048,2836,0,0,0,0,0,0,28.83,26.22,28.83
$STATE,1027,end dive,BOTTOM_OBSTACLE_DETECTED
$STATE,1027,begin apogee
$GC,1032,-0.27,0.0,2464,2023,3048,2836,144.1,-10.4,98,1161,0.22,0.00,123.78,0.545,10246,0.135,0.000,2537,2024,2350,2441,2260,0,0,0,0,0,0,25.91,28.83,24.06
$STATE,1163,end apogee,CONTROL_FINISHED_OK
$STATE,1163,begin climb
$GC,1165,0.72,146.6,2537,2024,2440,2259,153.2,0.0,111,1290,0.98,2.20,116.80,0.536,10756,0.103,0.031,2856,657,1766,1880,1652,0,0,0,0,0,0,25.20,25.31,24.08
$GC,1314,0.72,146.6,2856,656,1872,1652,145.9,8.3,126,1323,0.00,2.08,0.00,0.000,1030,0.000,0.021,2856,2050,1761,1871,1652,0,0,0,0,0,0,28.83,25.61,28.83
$GC,1354,0.72,146.6,2856,2050,1871,1651,142.5,8.5,130,1364,0.00,2.08,0.00,0.000,260,0.000,0.033,2856,3429,1760,1871,1650,0,0,0,0,0,0,28.83,25.69,28.83
$GC,1396,0.72,146.6,2856,3429,1871,1649,137.8,11.2,134,1405,0.00,2.03,0.00,0.000,1030,0.000,0.020,2857,2043,1760,1871,1649,0,0,0,0,0,0,28.83,25.88,28.83
$GC,1437,0.72,146.6,2857,2041,1871,1649,133.8,10.0,138,1438,0.00,0.00,0.00,0.000,6,0.000,0.000,2857,2041,1760,1871,1650,0,0,0,0,0,0,28.83,28.83,28.83
$GC,1466,0.72,146.6,2856,2041,1871,1649,131.3,8.4,141,1467,0.00,0.00,0.00,0.000,6,0.000,0.000,2857,2040,1760,1871,1649,0,0,0,0,0,0,28.83,28.83,28.83
$GC,1496,0.72,146.6,2856,2040,1871,1648,128.8,8.3,144,1497,0.00,0.00,0.00,0.000,6,0.000,0.000,2857,2040,1760,1871,1649,0,0,0,0,0,0,28.83,28.83,28.83
$GC,1527,0.77,190.9,2856,2040,1871,1648,126.4,8.0,147,1567,0.00,2.20,35.15,0.513,10500,0.000,0.034,2857,3426,1590,1706,1474,0,0,0,0,0,0,28.83,25.66,24.34
$GC,1602,0.77,190.9,1984,3425,1672,1467,119.5,10.2,154,1610,0.00,2.10,0.00,0.000,3078,0.000,0.019,2857,2031,1587,1706,1469,0,0,0,0,0,0,28.83,25.86,28.83
$GC,1641,0.77,190.9,2856,2026,1705,1468,115.7,9.6,158,1642,0.00,0.00,0.00,0.000,2054,0.000,0.000,2857,2026,1586,1705,1468,0,0,0,0,0,0,28.83,28.83,28.83
$GC,1670,0.77,190.9,2856,2026,1705,1468,113.1,8.8,161,1679,0.00,2.12,0.00,0.000,2308,0.000,0.034,2856,3426,1586,1705,1467,0,0,0,0,0,0,28.83,25.86,28.83
$GC,1694,0.77,190.9,1992,3425,1673,1464,110.9,9.5,163,1702,0.03,2.10,0.00,0.000,3078,0.099,0.021,2885,2022,1586,1706,1467,0,0,0,0,0,0,25.41,25.30,28.83
$GC,1732,0.77,190.9,2886,2019,1705,1467,106.5,11.2,167,1741,0.00,2.08,0.00,0.000,4612,0.000,0.032,2894,645,1585,1705,1466,0,0,0,0,0,0,28.83,25.94,28.83
$GC,1746,0.77,190.9,2894,645,1704,1467,105.5,11.3,168,1754,0.05,2.08,0.00,0.000,5126,0.142,0.022,2878,2031,1584,1703,1466,0,0,0,0,0,0,25.82,26.04,28.83
$GC,1784,0.77,190.9,2878,2031,1703,1466,100.3,11.9,172,1793,0.00,2.10,0.00,0.000,4356,0.000,0.034,2878,3432,1585,1703,1467,0,0,0,0,0,0,28.83,25.98,28.83
$GC,1826,0.77,190.9,2878,3432,1703,1467,94.6,13.9,176,1835,0.00,2.03,0.00,0.000,5126,0.000,0.020,2881,2035,1584,1703,1466,0,0,0,0,0,0,28.83,26.11,28.83
$GC,1867,0.72,190.9,2881,2031,1703,1466,89.1,13.7,180,1869,0.10,0.00,0.00,0.000,4102,0.171,0.000,2857,2031,1584,1703,1466,0,0,0,0,0,0,26.06,28.83,28.83
$GC,1896,0.72,190.9,2857,2030,1703,1465,85.4,12.5,183,1897,0.00,0.00,0.00,0.000,6,0.000,0.000,2857,2030,1584,1703,1465,0,0,0,0,0,0,28.83,28.83,28.83
$GC,1926,0.72,190.9,2857,2031,1703,1465,81.6,12.5,186,1935,0.00,2.08,0.00,0.000,260,0.000,0.034,2857,3423,1584,1703,1466,0,0,0,0,0,0,28.83,26.07,28.83
$GC,1960,0.72,190.9,1984,3422,1670,1462,76.7,14.8,189,1968,0.00,2.08,0.00,0.000,1030,0.000,0.025,2857,2033,1584,1703,1465,0,0,0,0,0,0,28.83,25.44,28.83
$GC,1998,0.72,190.9,2857,2029,1703,1465,70.5,15.6,193,1999,0.00,0.00,0.00,0.000,6,0.000,0.000,2857,2029,1584,1703,1465,0,0,0,0,0,0,28.83,28.83,28.83
$GC,2028,0.72,190.9,2857,2029,1703,1465,66.0,15.1,196,2029,0.00,0.00,0.00,0.000,6,0.000,0.000,2857,2029,1584,1703,1465,0,0,0,0,0,0,28.83,28.83,28.83
$GC,2058,0.72,190.9,2857,2029,1703,1465,61.2,15.7,199,2059,0.00,0.00,0.00,0.000,6,0.000,0.000,2857,2029,1584,1703,1465,0,0,0,0,0,0,28.83,28.83,28.83
$GC,2088,0.72,190.9,2857,2029,1703,1465,56.8,14.9,202,2097,0.00,2.08,0.00,0.000,516,0.000,0.033,2857,637,1584,1703,1465,0,0,0,0,0,0,28.83,26.11,28.83
$GC,2112,0.72,190.9,2000,637,1669,1461,53.8,13.8,204,2120,0.00,2.08,0.00,0.000,1030,0.000,0.022,2857,2027,1583,1701,1465,0,0,0,0,0,0,28.83,26.22,28.83
$GC,2150,0.72,190.9,2857,2027,1701,1465,48.7,12.9,208,2159,0.00,2.08,0.00,0.000,260,0.000,0.034,2857,3432,1583,1701,1465,0,0,0,0,0,0,28.83,26.13,28.83
$GC,2194,0.72,190.9,2857,3432,1701,1465,42.7,14.3,212,2202,0.00,2.00,0.00,0.000,1030,0.000,0.020,2857,2031,1583,1701,1465,0,0,0,0,0,0,28.83,26.25,28.83
$GC,2232,0.72,190.9,2857,2025,1701,1465,37.4,13.3,216,2241,0.00,2.08,0.00,0.000,516,0.000,0.034,2857,630,1583,1701,1465,0,0,0,0,0,0,28.83,26.14,28.83
$GC,2246,0.72,190.9,2857,630,1701,1465,36.3,13.0,217,2254,0.00,2.10,0.00,0.000,1030,0.000,0.028,2857,2030,1583,1701,1465,0,0,0,0,0,0,28.83,25.46,28.83
$GC,2285,0.72,190.9,2857,2030,1701,1465,30.9,12.2,221,2293,0.00,2.08,0.00,0.000,260,0.000,0.033,2857,3438,1583,1701,1465,0,0,0,0,0,0,28.83,26.17,28.83
$GC,2308,0.72,190.9,1984,3437,1669,1462,28.2,12.1,223,2316,0.00,2.10,0.00,0.000,1030,0.000,0.024,2857,2024,1583,1701,1465,0,0,0,0,0,0,28.83,25.92,28.83
$GC,2346,0.72,190.9,2857,2019,1701,1465,23.7,11.3,227,2348,0.00,0.00,0.00,0.000,6,0.000,0.000,2857,2019,1583,1701,1465,0,0,0,0,0,0,28.83,28.83,28.83
$GC,2376,0.72,190.9,2857,2019,1701,1465,20.7,10.1,230,2377,0.00,0.00,0.00,0.000,6,0.000,0.000,2857,2019,1583,1701,1465,0,0,0,0,0,0,28.83,28.83,28.83
$GC,2406,0.72,190.9,2857,2020,1701,1464,17.9,9.3,233,2416,0.00,2.10,0.00,0.000,260,0.000,0.034,2857,3432,1583,1701,1465,0,0,0,0,0,0,28.83,26.17,28.83
$GC,2431,0.72,190.9,1984,3430,1669,1461,15.7,9.6,235,2438,0.00,2.10,0.00,0.000,1030,0.000,0.023,2857,2022,1583,1701,1465,0,0,0,0,0,0,28.83,26.07,28.83
$GC,2468,0.72,190.9,2857,2018,1702,1465,12.2,8.9,239,2469,0.00,0.00,0.00,0.000,6,0.000,0.000,2857,2018,1583,1701,1465,0,0,0,0,0,0,28.83,28.83,28.83
$GC,2498,0.72,190.9,2857,2018,1701,1465,9.7,8.3,242,2508,0.00,2.10,0.00,0.000,260,0.000,0.034,2857,3432,1583,1701,1465,0,0,0,0,0,0,28.83,26.17,28.83
$GC,2520,0.72,190.9,2857,3432,1701,1465,7.9,8.1,244,2529,0.00,2.03,0.00,0.000,1030,0.000,0.020,2857,2023,1583,1701,1465,0,0,0,0,0,0,28.83,26.29,28.83
$GC,2561,0.72,190.9,2857,2022,1701,1465,4.5,8.3,248,2570,0.00,2.05,0.00,0.000,516,0.000,0.033,2857,642,1583,1701,1465,0,0,0,0,0,0,28.83,26.18,28.83
$STATE,2580,end climb,SURFACE_DEPTH_REACHED
$STATE,2581,begin surface coast
$FINISH,2.9,1.022276
$STATE,2584,end surface coast,CONTROL_FINISHED_OK
$STATE,2584,begin surface
$SM_CCo,2602,214.60,0.434,1,0,464,473.51
$SM_GC,-5.46,7.22,2.10,214.60,0.060,0.022,0.434,244,2043,464,-7.38,-1.19,473.51,0,0,0,0,1,0,26.13,26.28,24.22
$IRIDIUM_FIX,4729.30,-12228.52,190608,040414
$TT8_MAMPS,0.027713,0.027713
$HUMID,41.69
$INTERNAL_PRESSURE,8.13548
$TCM_TEMP,19.60
$XPDR_PINGS,111
$ALTIM_TOP_PING,19.7,25.4
$ALTIM_BOTTOM_PING,131.5,36.9
$24V_AH,24.1,39.930
$10V_AH,10.0,18.774
$FG_AHR_24Vo,0.000
$FG_AHR_10Vo,0.000
$DEVICES,Pitch_motor,Roll_motor,VBD_pump_during_apogee,VBD_pump_during_surface,VBD_valve,Iridium_during_init,Iridium_during_connect,Iridium_during_xfer,Transponder_ping,GUMSTIX_24V,GPS,TT8,LPSleep,TT8_Active,TT8_Sampling,TT8_CF8,TT8_Kalman,Analog_circuits,GPS_charging,Compass,RAFOS,Transponder,Compass2
$DEVICE_SECS,18.050,87.425,275.725,214.600,0.000,52.778,23.481,199.654,32.000,0.000,12.892,686.859,817.004,645.700,976.719,156.723,33.240,1157.247,0.000,677.385,0.000,28.569,0.000
$DEVICE_MAMPS,226.440,45.135,544.680,433.755,0.000,43.600,160.000,223.000,420.000,0.000,28.460,13.960,2.190,13.960,37.930,44.670,61.150,16.000,0.000,15.730,0.000,30.000,0.000
$SENSORS,SBE_CT,AA4330,WL_BB2FLVMG,nil,nil,nil,nil,nil,nil,nil
$SENSOR_SECS,165.535,327.696,430.735,0.000,0.000,0.000,0.000,0.000,0.000,0.000
$SENSOR_MAMPS,23.220,33.000,105.000,0.000,0.000,0.000,0.000,0.000,0.000,0.000
$MEM,354568
$DATA_FILE_SIZE,17057,250
$CAP_FILE_SIZE,86153,0
$CFSIZE,260165632,248430592
$ERRORS,0,0,0,0,0,0,0,0,0,0,0,0,0,1,0,0
$GPS,290526,211229,4749.027,-12225.772,9,2.3,39,18.2
