version: 66.11
glider: 175
mission: 11
dive: 69
start: 5 25 126 2 13 38
data:
$ID,175
$MISSION,11
$DIVE,69
$N_DIVES,0
$D_SURF,3
$D_FLARE,3
$D_TGT,50
$D_ABORT,1090
$D_NO_BLEED,50
$D_BOOST,3
$T_BOOST,0
$D_FINISH,0
$D_PITCH,0
$D_SAFE,0
$D_CALL,0
$SURFACE_URGENCY,0
$SURFACE_URGENCY_TRY,0
$SURFACE_URGENCY_FORCE,0
$T_DIVE,17
$T_MISSION,32
$T_ABORT,1440
$T_TURN,300
$T_TURN_SAMPINT,5
$T_NO_W,120
$T_LOITER,0
$T_EPIRB,0
$USE_BATHY,0
$USE_ICE,0
$ICE_FREEZE_MARGIN,0.30000001
$D_OFFGRID,100
$T_WATCHDOG,10
$RELAUNCH,1
$APOGEE_PITCH,-8
$MAX_BUOY,150
$COURSE_BIAS,0
$GLIDE_SLOPE,30
$SPEED_FACTOR,1
$RHO,1.0235
$MASS,51878
$MASS_COMP,0
$NAV_MODE,1
$FERRY_MAX,45
$KALMAN_USE,1
$HD_A,0.0024900001
$HD_B,0.0091000004
$HD_C,5.7000002e-06
$HEADING,270
$ESCAPE_HEADING,0
$ESCAPE_HEADING_DELTA,10
$FIX_MISSING_TIMEOUT,0
$TGT_DEFAULT_LAT,47.766998
$TGT_DEFAULT_LON,-122.413
$TGT_AUTO_DEFAULT,0
$SM_CC,423.31998
$N_FILEKB,4
$FILEMGR,0
$CALL_NDIVES,1
$COMM_SEQ,0
$PROTOCOL,9
$N_NOCOMM,1
$NOCOMM_ACTION,0
$N_NOSURFACE,0
$UPLOAD_DIVES_MAX,-1
$CALL_TRIES,5
$CALL_WAIT,60
$CAPUPLOAD,1
$CAPMAXSIZE,200000
$HEAPDBG,0
$T_GPS,15
$N_GPS,30
$T_GPS_ALMANAC,0
$T_GPS_CHARGE,-38716.496
$T_RSLEEP,2
$STROBE,0
$RAFOS_PEAK_OFFSET,1.5
$RAFOS_CORR_THRESH,60
$RAFOS_HIT_WINDOW,3600
$PITCH_MIN,255
$PITCH_MAX,3935
$C_PITCH,2671
$PITCH_DBAND,0.0099999998
$PITCH_CNV,0.003125763
$P_OVSHOOT,0.039999999
$PITCH_GAIN,30
$PITCH_TIMEOUT,17
$PITCH_AD_RATE,160
$PITCH_MAXERRORS,1
$PITCH_ADJ_GAIN,0.02
$PITCH_ADJ_DBAND,2.5
$ROLL_MIN,171
$ROLL_MAX,3723
$ROLL_DEG,40
$C_ROLL_DIVE,2030
$C_ROLL_CLIMB,2030
$HEAD_ERRBAND,10
$ROLL_CNV,0.028270001
$ROLL_TIMEOUT,15
$R_PORT_OVSHOOT,53
$R_STBD_OVSHOOT,48
$ROLL_AD_RATE,300
$ROLL_MAXERRORS,2
$ROLL_ADJ_GAIN,0
$ROLL_ADJ_DBAND,0
$VBD_MIN,465
$VBD_MAX,3960
$C_VBD,2350
$VBD_DBAND,2
$VBD_CNV,-0.25119999
$VBD_TIMEOUT,720
$PITCH_VBD_SHIFT,0.0012300001
$VBD_PUMP_AD_RATE_SURFACE,5
$VBD_PUMP_AD_RATE_APOGEE,4
$VBD_BLEED_AD_RATE,8
$UNCOM_BLEED,60
$VBD_MAXERRORS,1
$W_ADJ_DBAND,2
$DBDW,0
$PITCH_W_GAIN,0
$PITCH_W_DBAND,1
$CF8_MAXERRORS,5
$AH0_24V,145
$AH0_10V,95
$MINV_24V,19
$MINV_10V,8
$FG_AHR_10V,0
$FG_AHR_24V,0
$PHONE_SUPPLY,2
$PRESSURE_YINT,-13.51214
$PRESSURE_SLOPE,0.0001165895
$AD7714Ch0Gain,128
$TCM_PITCH_OFFSET,0
$TCM_ROLL_OFFSET,0
$COMPASS_USE,4
$ALTIM_BOTTOM_PING_RANGE,0
$ALTIM_TOP_PING_RANGE,20
$ALTIM_BOTTOM_TURN_MARGIN,25
$ALTIM_TOP_TURN_MARGIN,0
$ALTIM_TOP_MIN_OBSTACLE,1
$ALTIM_PING_DEPTH,60
$ALTIM_PING_DELTA,5
$ALTIM_FREQUENCY,13
$ALTIM_PULSE,3
$ALTIM_SENSITIVITY,4
$XPDR_VALID,5
$XPDR_INHIBIT,90
$INT_PRESSURE_SLOPE,0.0097660003
$INT_PRESSURE_YINT,-0.40000001
$DEEPGLIDER,0
$DEEPGLIDERMB,0
$MOTHERBOARD,4
$DEVICE1,2
$DEVICE2,101
$DEVICE3,38
$DEVICE4,-1
$DEVICE5,-1
$DEVICE6,-1
$LOGGERS,7
$LOGGERDEVICE1,-1
$LOGGERDEVICE2,-1
$LOGGERDEVICE3,-1
$LOGGERDEVICE4,-1
$COMPASS_DEVICE,33
$COMPASS2_DEVICE,-1
$PHONE_DEVICE,49
$GPS_DEVICE,32
$RAFOS_DEVICE,-1
$XPDR_DEVICE,24
$SIM_W,0
$SIM_PITCH,0
$SEABIRD_T_G,0.0043137739
$SEABIRD_T_H,0.00062868668
$SEABIRD_T_I,2.2691316e-05
$SEABIRD_T_J,2.2586789e-06
$SEABIRD_C_G,-10.021329
$SEABIRD_C_H,1.1236943
$SEABIRD_C_I,-0.0013673168
$SEABIRD_C_J,0.00018808816
$GPS1,250526,020752,4748.055,-12224.214,10,1.8,27,18.2
$_CALLS,1
$_XMS_NAKs,0
$_XMS_TOUTs,0
$_SM_DEPTHo,-1.27
$_SM_ANGLEo,-70.3
$GPS2,250526,021240,4748.062,-12224.197,16,1.7,33,18.2
$SPEED_LIMITS,0.170,0.270
$TGT_NAME,HEADING
$TGT_LATLONG,4748.062,-12240.274
$TGT_RADIUS,1852.000
$KALMAN_CONTROL,-0.270,-0.009
$KALMAN_X,-14653.8,981.2,-12.5,14559.7,-341.5
$KALMAN_Y,-2148.8,2766.7,496.7,-4878.9,634.2
$MHEAD_RNG_PITCHd_Wd,249.9,20000,-15.9,-9.804,-19.93,2274
$D_GRID,50
$GCHEAD,st_secs,pitch_ctl,vbd_ctl,pitch_ad_start,roll_ad_start,vbd_pot1_ad_start,vbd_pot2_ad_start,depth,ob_vertv,data_pts,end_secs,pitch_secs,roll_secs,vbd_secs,vbd_i,gcphase,pitch_i,roll_i,pitch_ad,roll_ad,vbd_ad,vbd_pot1_ad,vbd_pot2_ad,pitch_retries,pitch_errors,roll_retries,roll_errors,vbd_retries,vbd_errors,pitch_volts,roll_volts,vbd_volts
$STATE,13,end surface,CONTROL_FINISHED_OK
$STATE,13,begin dive
$GC,15,-0.71,-146.6,238,2038,711,599,0.0,0.0,0,99,0.00,0.00,-81.97,0.000,16390,0.000,0.000,239,2038,2935,3020,2850,0,0,0,0,0,0,28.83,28.83,26.43
$GC,102,-0.71,-146.6,239,2038,3022,2851,1.6,-5.6,8,120,8.80,2.15,0.00,0.000,2564,0.218,0.035,2436,635,2941,3031,2851,0,0,0,0,0,0,25.11,25.97,28.83
$GC,224,-0.59,-146.6,2435,635,3042,2845,27.9,-15.0,20,233,0.15,2.05,0.00,0.000,3078,0.138,0.028,2473,2021,2944,3045,2844,0,0,0,0,0,0,25.65,26.07,28.83
$GC,263,-0.50,-146.6,2473,2022,3047,2843,33.6,-13.9,24,265,0.12,0.00,0.00,0.000,2054,0.156,0.000,2507,2022,2945,3047,2843,0,0,0,0,0,0,26.01,28.83,28.83
$GC,293,-0.50,-146.6,2507,2022,3048,2843,37.0,-11.7,27,302,0.00,2.15,0.00,0.000,260,0.000,0.041,2507,3437,2946,3049,2843,0,0,0,0,0,0,28.83,25.99,28.83
$GC,317,-0.50,-146.6,2506,3438,3050,2843,39.1,-10.3,29,324,0.00,2.10,0.00,0.000,3078,0.000,0.024,2507,1994,2946,3050,2843,0,0,0,0,0,0,28.83,26.18,28.83
$GC,355,-0.50,-146.6,2506,1990,3050,2842,43.2,-10.2,33,356,0.00,0.00,0.00,0.000,2054,0.000,0.000,2507,1990,2946,3050,2842,0,0,0,0,0,0,28.83,28.83,28.83
$GC,385,-0.50,-146.6,2506,1989,3052,2841,46.0,-9.6,36,386,0.00,0.00,0.00,0.000,2054,0.000,0.000,2507,1989,2946,3052,2841,0,0,0,0,0,0,28.83,28.83,28.83
$GC,415,-0.50,-146.6,2507,1989,3052,2840,48.6,-8.7,39,416,0.00,0.00,0.00,0.000,2054,0.000,0.000,2507,1989,2946,3052,2840,0,0,0,0,0,0,28.83,28.83,28.83
$STATE,433,end dive,TARGET_DEPTH_EXCEEDED
$STATE,433,begin apogee
$GC,437,-0.27,0.0,2506,1988,3052,2840,50.4,-8.9,41,565,0.22,0.00,122.00,0.478,10246,0.129,0.000,2581,1988,2350,2441,2259,0,0,0,0,0,0,25.84,28.83,24.39
$STATE,567,end apogee,CONTROL_FINISHED_OK
$STATE,567,begin climb
$GC,569,0.71,146.6,2581,1988,2440,2259,56.9,0.0,54,688,0.95,0.00,114.95,0.467,10758,0.103,0.000,2890,1988,1766,1878,1654,0,0,0,0,0,0,25.25,28.83,24.37
$GC,718,0.64,146.6,2890,1988,1873,1650,49.4,9.5,69,726,0.00,2.22,0.00,0.000,4356,0.000,0.034,2890,3443,1761,1873,1650,0,0,0,0,0,0,28.83,25.56,28.83
$GC,749,0.58,146.6,2890,3443,1872,1649,45.8,10.9,72,759,0.15,2.08,0.00,0.000,5126,0.156,0.019,2858,2029,1761,1873,1649,0,0,0,0,0,0,25.44,25.75,28.83
$GC,789,0.58,146.6,2858,2027,1873,1648,42.4,8.5,76,798,0.00,2.10,0.00,0.000,516,0.000,0.034,2858,641,1759,1872,1647,0,0,0,0,0,0,28.83,25.77,28.83
$GC,833,0.65,201.2,1984,640,1828,1644,39.4,7.3,80,882,0.05,2.12,42.30,0.451,11270,0.073,0.027,2898,2039,1547,1663,1432,0,0,0,0,0,0,25.79,25.91,24.55
$GC,911,0.65,201.2,2898,2039,1661,1429,30.6,13.0,88,921,0.08,2.12,0.00,0.000,4356,0.184,0.032,2882,3443,1544,1661,1428,0,0,0,0,0,0,25.75,25.70,28.83
$GC,964,0.65,201.2,2882,3443,1661,1426,24.1,12.6,93,973,0.00,2.08,0.00,0.000,1030,0.000,0.020,2882,2025,1542,1660,1425,0,0,0,0,0,0,28.83,25.89,28.83
$GC,1005,0.65,201.2,2882,2023,1661,1425,19.6,11.2,97,1006,0.00,0.00,0.00,0.000,6,0.000,0.000,2882,2022,1542,1660,1425,0,0,0,0,0,0,28.83,28.83,28.83
$GC,1034,0.65,201.2,2882,2022,1661,1425,16.4,10.5,100,1043,0.00,2.12,0.00,0.000,260,0.000,0.033,2882,3432,1542,1660,1425,0,0,0,0,0,0,28.83,25.90,28.83
$GC,1058,0.65,201.2,2048,3431,1629,1421,14.0,10.6,102,1066,0.00,2.10,0.00,0.000,1030,0.000,0.021,2882,2027,1542,1660,1424,0,0,0,0,0,0,28.83,25.60,28.83
$GC,1096,0.65,201.2,2882,2024,1660,1424,9.8,10.6,106,1105,0.00,2.12,0.00,0.000,260,0.000,0.034,2882,3437,1542,1660,1424,0,0,0,0,0,0,28.83,25.96,28.83
$GC,1138,0.65,201.2,2882,3437,1660,1424,5.5,10.4,110,1147,0.00,2.05,0.00,0.000,1030,0.000,0.020,2882,2026,1542,1661,1423,0,0,0,0,0,0,28.83,26.08,28.83
$STATE,1166,end climb,SURFACE_DEPTH_REACHED
$STATE,1166,begin surface coast
$FINISH,0.3,1.021906
$STATE,1197,end surface coast,CONTROL_FINISHED_OK
$STATE,1197,begin surface
$SM_CCo,1212,164.18,0.420,1,0,664,423.52
$SM_GC,-1.42,7.35,0.00,164.18,0.062,0.000,0.420,251,2024,664,-7.50,-0.17,423.52,0,0,0,0,1,0,25.98,28.83,24.44
$IRIDIUM_FIX,4729.30,-12225.81,140608,111155
$TT8_MAMPS,0.027713,0.027713
$HUMID,41.88
$INTERNAL_PRESSURE,8.15502
$TCM_TEMP,17.70
$XPDR_PINGS,61
$ALTIM_TOP_PING,19.6,999.0
$24V_AH,24.4,28.899
$10V_AH,10.0,13.334
$FG_AHR_24Vo,0.000
$FG_AHR_10Vo,0.000
$DEVICES,Pitch_motor,Roll_motor,VBD_pump_during_apogee,VBD_pump_during_surface,VBD_valve,Iridium_during_init,Iridium_during_connect,Iridium_during_xfer,Transponder_ping,GUMSTIX_24V,GPS,TT8,LPSleep,TT8_Active,TT8_Sampling,TT8_CF8,TT8_Kalman,Analog_circuits,GPS_charging,Compass,RAFOS,Transponder,Compass2
$DEVICE_SECS,17.875,29.575,279.250,164.175,0.000,28.980,26.038,118.371,15.500,0.000,35.590,300.871,281.851,491.890,538.987,76.892,33.192,764.390,0.000,330.783,0.000,2.587,0.000
$DEVICE_MAMPS,218.025,41.310,478.125,419.985,0.000,43.600,160.000,223.000,420.000,0.000,28.460,13.960,2.190,13.960,37.930,44.670,61.150,16.000,0.000,15.730,0.000,30.000,0.000
$SENSORS,SBE_CT,AA4330,WL_BB2FLVMG,nil,nil,nil,nil,nil,nil,nil
$SENSOR_SECS,75.263,151.391,200.041,0.000,0.000,0.000,0.000,0.000,0.000,0.000
$SENSOR_MAMPS,23.220,33.000,105.000,0.000,0.000,0.000,0.000,0.000,0.000,0.000
$MEM,354704
$DATA_FILE_SIZE,7043,116
$CAP_FILE_SIZE,38268,0
$CFSIZE,260165632,253743104
$ERRORS,0,0,0,0,0,0,0,0,0,0,0,0,0,1,0,0
$GPS,250526,023759,4748.070,-12224.451,10,2.9,40,18.2
