version: 66.11
glider: 175
mission: 11
dive: 325
start: 6 3 126 13 58 31
data:
$ID,175
$MISSION,11
$DIVE,325
$N_DIVES,0
$D_SURF,3
$D_FLARE,3
$D_TGT,200
$D_ABORT,1090
$D_NO_BLEED,50
$D_BOOST,3
$T_BOOST,0
$D_FINISH,0
$D_PITCH,0
$D_SAFE,0
$D_CALL,0
$SURFACE_URGENCY,0
$SURFACE_URGENCY_TRY,0
$SURFACE_URGENCY_FORCE,0
$T_DIVE,67
$T_MISSION,82
$T_ABORT,1440
$T_TURN,300
$T_TURN_SAMPINT,5
$T_NO_W,120
$T_LOITER,0
$T_EPIRB,0
$USE_BATHY,0
$USE_ICE,0
$ICE_FREEZE_MARGIN,0.30000001
$D_OFFGRID,100
$T_WATCHDOG,10
$RELAUNCH,1
$APOGEE_PITCH,-8
$MAX_BUOY,150
$COURSE_BIAS,0
$GLIDE_SLOPE,30
$SPEED_FACTOR,1
$RHO,1.0235
$MASS,51878
$MASS_COMP,0
$NAV_MODE,2
$FERRY_MAX,45
$KALMAN_USE,2
$HD_A,0.0024900001
$HD_B,0.0091000004
$HD_C,5.7000002e-06
$HEADING,-1
$ESCAPE_HEADING,0
$ESCAPE_HEADING_DELTA,10
$FIX_MISSING_TIMEOUT,0
$TGT_DEFAULT_LAT,47.766998
$TGT_DEFAULT_LON,-122.413
$TGT_AUTO_DEFAULT,0
$SM_CC,473.51199
$N_FILEKB,4
$FILEMGR,0
$CALL_NDIVES,1
$COMM_SEQ,0
$PROTOCOL,9
$N_NOCOMM,1
$NOCOMM_ACTION,0
$N_NOSURFACE,0
$UPLOAD_DIVES_MAX,-1
$CALL_TRIES,5
$CALL_WAIT,60
$CAPUPLOAD,1
$CAPMAXSIZE,200000
$HEAPDBG,0
$T_GPS,15
$N_GPS,30
$T_GPS_ALMANAC,0
$T_GPS_CHARGE,-39287.621
$T_RSLEEP,2
$STROBE,0
$RAFOS_PEAK_OFFSET,1.5
$RAFOS_CORR_THRESH,60
$RAFOS_HIT_WINDOW,3600
$PITCH_MIN,255
$PITCH_MAX,3935
$C_PITCH,2626
$PITCH_DBAND,0.0099999998
$PITCH_CNV,0.003125763
$P_OVSHOOT,0.039999999
$PITCH_GAIN,30
$PITCH_TIMEOUT,17
$PITCH_AD_RATE,160
$PITCH_MAXERRORS,1
$PITCH_ADJ_GAIN,0.02
$PITCH_ADJ_DBAND,2.5
$ROLL_MIN,171
$ROLL_MAX,3723
$ROLL_DEG,40
$C_ROLL_DIVE,2030
$C_ROLL_CLIMB,2030
$HEAD_ERRBAND,10
$ROLL_CNV,0.028270001
$ROLL_TIMEOUT,15
$R_PORT_OVSHOOT,64
$R_STBD_OVSHOOT,52
$ROLL_AD_RATE,300
$ROLL_MAXERRORS,2
$ROLL_ADJ_GAIN,0
$ROLL_ADJ_DBAND,0
$VBD_MIN,465
$VBD_MAX,3960
$C_VBD,2350
$VBD_DBAND,2
$VBD_CNV,-0.25119999
$VBD_TIMEOUT,720
$PITCH_VBD_SHIFT,0.0012300001
$VBD_PUMP_AD_RATE_SURFACE,5
$VBD_PUMP_AD_RATE_APOGEE,4
$VBD_BLEED_AD_RATE,8
$UNCOM_BLEED,60
$VBD_MAXERRORS,1
$W_ADJ_DBAND,2
$DBDW,0
$PITCH_W_GAIN,0
$PITCH_W_DBAND,1
$CF8_MAXERRORS,5
$AH0_24V,145
$AH0_10V,95
$MINV_24V,19
$MINV_10V,8
$FG_AHR_10V,0
$FG_AHR_24V,0
$PHONE_SUPPLY,2
$PRESSURE_YINT,-13.51214
$PRESSURE_SLOPE,0.0001165895
$AD7714Ch0Gain,128
$TCM_PITCH_OFFSET,0
$TCM_ROLL_OFFSET,0
$COMPASS_USE,4
$ALTIM_BOTTOM_PING_RANGE,0
$ALTIM_TOP_PING_RANGE,20
$ALTIM_BOTTOM_TURN_MARGIN,25
$ALTIM_TOP_TURN_MARGIN,0
$ALTIM_TOP_MIN_OBSTACLE,1
$ALTIM_PING_DEPTH,60
$ALTIM_PING_DELTA,5
$ALTIM_FREQUENCY,13
$ALTIM_PULSE,3
$ALTIM_SENSITIVITY,4
$XPDR_VALID,5
$XPDR_INHIBIT,90
$INT_PRESSURE_SLOPE,0.0097660003
$INT_PRESSURE_YINT,-0.40000001
$DEEPGLIDER,0
$DEEPGLIDERMB,0
$MOTHERBOARD,4
$DEVICE1,2
$DEVICE2,101
$DEVICE3,38
$DEVICE4,-1
$DEVICE5,-1
$DEVICE6,-1
$LOGGERS,7
$LOGGERDEVICE1,-1
$LOGGERDEVICE2,-1
$LOGGERDEVICE3,-1
$LOGGERDEVICE4,-1
$COMPASS_DEVICE,33
$COMPASS2_DEVICE,-1
$PHONE_DEVICE,49
$GPS_DEVICE,32
$RAFOS_DEVICE,-1
$XPDR_DEVICE,24
$SIM_W,0
$SIM_PITCH,0
$SEABIRD_T_G,0.0043137739
$SEABIRD_T_H,0.00062868668
$SEABIRD_T_I,2.2691316e-05
$SEABIRD_T_J,2.2586789e-06
$SEABIRD_C_G,-10.021329
$SEABIRD_C_H,1.1236943
$SEABIRD_C_I,-0.0013673168
$SEABIRD_C_J,0.00018808816
$GPS1,030626,135234,4750.230,-12226.008,10,2.0,27,18.2
$_CALLS,1
$_XMS_NAKs,0
$_XMS_TOUTs,0
$_SM_DEPTHo,-5.11
$_SM_ANGLEo,-66.5
$GPS2,030626,135803,4750.277,-12225.964,33,1.3,33,18.2
$SPEED_LIMITS,0.172,0.272
$TGT_NAME,NORTH_175
$TGT_LATLONG,4750.320,-12225.910
$TGT_RADIUS,200.000
$KALMAN_CONTROL,0.079,0.297
$KALMAN_X,-30076.6,-183.3,-72.9,29774.7,-185.0
$KALMAN_Y,25757.5,-625.9,-357.4,-36445.5,446.9
$MHEAD_RNG_PITCHd_Wd,30.8,104,-27.0,-9.950,-30.00,872
$D_GRID,200
$GCHEAD,st_secs,pitch_ctl,vbd_ctl,pitch_ad_start,roll_ad_start,vbd_pot1_ad_start,vbd_pot2_ad_start,depth,ob_vertv,data_pts,end_secs,pitch_secs,roll_secs,vbd_secs,vbd_i,gcphase,pitch_i,roll_i,pitch_ad,roll_ad,vbd_ad,vbd_pot1_ad,vbd_pot2_ad,pitch_retries,pitch_errors,roll_retries,roll_errors,vbd_retries,vbd_errors,pitch_volts,roll_volts,vbd_volts
$STATE,13,end surface,CONTROL_FINISHED_OK
$STATE,13,begin dive
$GC,16,-0.97,-56.7,235,2035,490,423,0.0,0.0,0,99,0.00,0.00,-75.80,0.000,16390,0.000,0.000,235,2035,2577,2649,2505,0,0,0,0,0,0,28.83,28.83,26.44
$GC,102,-1.03,-105.3,235,2035,2650,2506,-2.9,-4.3,8,122,8.57,2.25,-4.53,0.000,18692,0.230,0.062,2271,3421,2773,2867,2679,0,0,0,0,0,0,24.87,25.82,26.29
$GC,436,-0.78,-105.3,2271,3421,2874,2681,79.8,-22.1,40,448,0.35,2.03,0.00,0.000,3078,0.185,0.025,2365,2024,2777,2874,2681,0,0,0,0,0,0,25.30,26.25,28.83
$GC,476,-0.64,-105.3,2365,2024,2875,2681,87.6,-19.3,44,486,0.17,2.12,0.00,0.000,2308,0.173,0.040,2404,3422,2778,2875,2681,0,0,0,0,0,0,25.81,26.06,28.83
$GC,605,-0.64,-105.3,2404,3422,2876,2681,105.3,-13.7,56,613,0.00,2.05,0.00,0.000,3078,0.000,0.021,2404,2025,2778,2876,2681,0,0,0,0,0,0,28.83,26.29,28.83
$GC,646,-0.64,-105.3,2404,2024,2876,2681,110.8,-13.2,60,652,0.00,0.00,0.00,0.000,2054,0.000,0.000,2404,2025,2778,2876,2681,0,0,0,0,0,0,28.83,28.83,28.83
$GC,684,-0.64,-105.3,2404,2024,2876,2681,116.3,-13.6,64,685,0.00,0.00,0.00,0.000,2054,0.000,0.000,2404,2024,2778,2876,2681,0,0,0,0,0,0,28.83,28.83,28.83
$GC,715,-0.64,-105.3,2404,2025,2876,2681,120.4,-13.6,67,716,0.00,0.00,0.00,0.000,2054,0.000,0.000,2404,2024,2778,2876,2681,0,0,0,0,0,0,28.83,28.83,28.83
$GC,744,-0.64,-105.3,2404,2025,2876,2681,124.6,-14.2,70,745,0.00,0.00,0.00,0.000,2054,0.000,0.000,2404,2024,2778,2876,2681,0,0,0,0,0,0,28.83,28.83,28.83
$GC,774,-0.64,-105.3,2403,2025,2876,2681,129.0,-14.3,73,775,0.00,0.00,0.00,0.000,2054,0.000,0.000,2404,2024,2778,2876,2681,0,0,0,0,0,0,28.83,28.83,28.83
$GC,804,-0.64,-105.3,2404,2025,2876,2681,133.2,-14.3,76,805,0.00,0.00,0.00,0.000,2054,0.000,0.000,2404,2025,2778,2876,2681,0,0,0,0,0,0,28.83,28.83,28.83
$GC,834,-0.64,-105.3,2404,2025,2876,2681,137.6,-14.7,79,835,0.00,0.00,0.00,0.000,2054,0.000,0.000,2404,2025,2778,2876,2681,0,0,0,0,0,0,28.83,28.83,28.83
$GC,864,-0.64,-105.3,2404,2024,2876,2681,142.1,-14.7,82,866,0.00,0.00,0.00,0.000,2054,0.000,0.000,2404,2025,2778,2876,2681,0,0,0,0,0,0,28.83,28.83,28.83
$GC,894,-0.64,-105.3,2404,2024,2876,2681,146.5,-14.6,85,895,0.00,0.00,0.00,0.000,2054,0.000,0.000,2404,2025,2778,2876,2681,0,0,0,0,0,0,28.83,28.83,28.83
$STATE,922,end dive,BOTTOM_OBSTACLE_DETECTED
$STATE,922,begin apogee
$GC,927,-0.27,0.0,2404,2024,2876,2681,150.8,-14.5,88,1025,0.43,0.00,91.80,0.549,10246,0.145,0.000,2534,2023,2350,2440,2260,0,0,0,0,0,0,25.58,28.83,24.01
$STATE,1026,end apogee,CONTROL_FINISHED_OK
$STATE,1026,begin climb
$GC,1029,1.03,105.3,2534,2024,2440,2260,158.2,0.0,98,1124,1.30,0.00,89.20,0.535,10758,0.109,0.000,2947,2024,1929,2035,1824,0,0,0,0,0,0,25.18,28.83,23.99
$GC,1154,1.03,105.3,2947,2024,2032,1820,146.2,14.0,111,1155,0.00,0.00,0.00,0.000,2054,0.000,0.000,2947,2024,1926,2032,1820,0,0,0,0,0,0,28.83,28.83,28.83
$GC,1184,1.03,105.3,2947,2024,2031,1819,141.5,15.5,114,1193,0.00,2.15,0.00,0.000,2308,0.000,0.034,2947,3438,1925,2032,1818,0,0,0,0,0,0,28.83,25.68,28.83
$GC,1218,1.03,105.3,2064,3436,1988,1812,135.7,17.1,117,1226,0.00,2.10,0.00,0.000,1030,0.000,0.018,2957,2034,1924,2030,1818,0,0,0,0,0,0,28.83,25.91,28.83
$GC,1256,1.03,105.3,2957,2031,2031,1817,128.4,18.0,121,1257,0.00,0.00,0.00,0.000,6,0.000,0.000,2958,2031,1923,2030,1817,0,0,0,0,0,0,28.83,28.83,28.83
$GC,1286,1.03,105.3,2958,2031,2030,1817,123.0,17.8,124,1287,0.00,0.00,0.00,0.000,6,0.000,0.000,2958,2031,1923,2030,1817,0,0,0,0,0,0,28.83,28.83,28.83
$GC,1316,1.03,105.3,2957,2031,2030,1816,117.6,18.0,127,1317,0.00,0.00,0.00,0.000,6,0.000,0.000,2958,2031,1923,2030,1816,0,0,0,0,0,0,28.83,28.83,28.83
$GC,1347,1.03,105.3,2957,2031,2029,1816,112.4,17.6,130,1348,0.00,0.00,0.00,0.000,6,0.000,0.000,2958,2031,1923,2030,1816,0,0,0,0,0,0,28.83,28.83,28.83
$GC,1376,1.03,105.3,2958,2030,2030,1816,107.4,16.7,133,1378,0.00,0.00,0.00,0.000,6,0.000,0.000,2958,2031,1923,2030,1816,0,0,0,0,0,0,28.83,28.83,28.83
$GC,1406,1.03,105.3,2957,2031,2029,1816,102.4,16.7,136,1415,0.00,2.12,0.00,0.000,260,0.000,0.033,2958,3433,1922,2029,1816,0,0,0,0,0,0,28.83,25.99,28.83
$GC,1438,1.03,105.3,2958,3433,2029,1816,96.7,17.7,139,1442,0.00,2.05,0.00,0.000,5126,0.000,0.021,2968,2027,1922,2029,1816,0,0,0,0,0,0,28.83,26.03,28.83
$GC,1480,0.97,105.3,2968,2024,2029,1816,89.2,18.3,143,1482,0.12,0.00,0.00,0.000,4102,0.194,0.000,2941,2024,1922,2029,1816,0,0,0,0,0,0,25.88,28.83,28.83
$GC,1511,0.97,105.3,2940,2024,2029,1815,84.2,16.3,146,1512,0.00,0.00,0.00,0.000,4102,0.000,0.000,2941,2024,1922,2029,1815,0,0,0,0,0,0,28.83,28.83,28.83
$GC,1540,0.97,105.3,2941,2024,2029,1815,79.7,15.1,149,1550,0.00,2.15,0.00,0.000,4356,0.000,0.034,2940,3436,1922,2029,1815,0,0,0,0,0,0,28.83,26.06,28.83
$GC,1605,0.97,105.3,2080,3435,1987,1809,69.9,15.9,155,1613,0.00,2.08,0.00,0.000,5126,0.000,0.018,2949,2026,1922,2029,1815,0,0,0,0,0,0,28.83,26.21,28.83
$GC,1644,0.97,105.3,2949,2023,2029,1815,63.5,16.0,159,1653,0.00,2.15,0.00,0.000,4356,0.000,0.034,2949,3439,1922,2029,1815,0,0,0,0,0,0,28.83,26.08,28.83
$GC,1676,0.97,105.3,2949,3439,2029,1815,58.3,16.1,162,1686,0.10,2.05,0.00,0.000,5126,0.201,0.019,2940,2025,1922,2029,1815,0,0,0,0,0,0,25.81,26.10,28.83
$GC,1716,0.97,105.3,2940,2022,2029,1815,52.4,14.8,166,1717,0.00,0.00,0.00,0.000,4102,0.000,0.000,2940,2022,1922,2029,1815,0,0,0,0,0,0,28.83,28.83,28.83
$GC,1745,0.97,105.3,2940,2022,2029,1815,48.4,13.3,169,1755,0.00,2.12,0.00,0.000,4356,0.000,0.034,2940,3426,1921,2029,1814,0,0,0,0,0,0,28.83,26.11,28.83
$GC,1790,0.97,105.3,2064,3425,1987,1809,42.0,15.0,173,1799,0.00,2.08,0.00,0.000,5126,0.000,0.021,2949,2025,1921,2029,1814,0,0,0,0,0,0,28.83,26.22,28.83
$GC,1828,0.97,105.3,2948,2022,2029,1814,35.7,15.7,177,1829,0.00,0.00,0.00,0.000,4102,0.000,0.000,2949,2022,1921,2029,1814,0,0,0,0,0,0,28.83,28.83,28.83
$GC,1858,0.97,105.3,2948,2022,2029,1814,31.0,15.6,180,1862,0.00,2.10,0.00,0.000,4612,0.000,0.033,2959,636,1921,2028,1814,0,0,0,0,0,0,28.83,26.04,28.83
$GC,1882,0.97,105.3,2959,635,2026,1815,27.6,16.0,182,1890,0.10,2.08,0.00,0.000,5126,0.183,0.028,2938,2039,1920,2025,1815,0,0,0,0,0,0,25.90,26.20,28.83
$GC,1921,0.97,105.3,2938,2039,2026,1815,22.4,12.5,186,1929,0.00,2.05,0.00,0.000,260,0.000,0.034,2938,3431,1920,2026,1815,0,0,0,0,0,0,28.83,26.15,28.83
$GC,1953,0.97,105.3,2938,3430,2026,1815,19.2,10.1,189,1963,0.00,1.98,0.00,0.000,5126,0.000,0.018,2947,2029,1920,2026,1815,0,0,0,0,0,0,28.83,26.31,28.83
$GC,1992,1.00,128.4,2946,2029,2026,1815,16.2,7.2,193,2022,0.00,2.17,19.38,0.448,8708,0.000,0.034,2950,642,1835,1946,1725,0,0,0,0,0,0,28.83,25.99,24.39
$GC,2076,1.09,128.4,2950,642,1941,1725,6.8,13.1,201,2086,0.03,2.00,0.00,0.000,3078,0.107,0.021,2977,2028,1832,1940,1725,0,0,0,0,0,0,26.01,26.13,28.83
$STATE,2103,end climb,SURFACE_DEPTH_REACHED
$STATE,2103,begin surface coast
$FINISH,-0.7,1.021482
$STATE,2125,end surface coast,CONTROL_FINISHED_OK
$STATE,2125,begin surface
$SM_CCo,2141,261.12,0.431,1,0,463,473.51
$SM_GC,-5.13,7.82,0.00,261.12,0.075,0.000,0.431,240,2029,463,-7.37,-0.03,473.51,0,0,0,0,1,0,26.07,28.83,24.20
$IRIDIUM_FIX,4729.30,-12225.81,230608,222212
$TT8_MAMPS,0.027713,0.027713
$HUMID,42.08
$INTERNAL_PRESSURE,8.15502
$TCM_TEMP,16.60
$XPDR_PINGS,97
$ALTIM_TOP_PING,19.2,24.4
$ALTIM_BOTTOM_PING,136.2,38.9
$24V_AH,24.0,49.918
$10V_AH,10.0,24.139
$FG_AHR_24Vo,0.000
$FG_AHR_10Vo,0.000
$DEVICES,Pitch_motor,Roll_motor,VBD_pump_during_apogee,VBD_pump_during_surface,VBD_valve,Iridium_during_init,Iridium_during_connect,Iridium_during_xfer,Transponder_ping,GUMSTIX_24V,GPS,TT8,LPSleep,TT8_Active,TT8_Sampling,TT8_CF8,TT8_Kalman,Analog_circuits,GPS_charging,Compass,RAFOS,Transponder,Compass2
$DEVICE_SECS,19.000,41.875,200.375,261.125,0.000,24.133,16.588,161.141,28.750,0.000,36.196,613.257,644.171,575.433,796.383,126.088,0.000,946.211,0.000,551.837,0.000,30.110,0.000
$DEVICE_MAMPS,229.500,61.965,548.505,430.695,0.000,43.600,160.000,223.000,420.000,0.000,28.460,13.960,2.190,13.960,37.930,44.670,0.000,16.000,0.000,15.730,0.000,30.000,0.000
$SENSORS,SBE_CT,AA4330,WL_BB2FLVMG,nil,nil,nil,nil,nil,nil,nil
$SENSOR_SECS,137.458,270.665,354.984,0.000,0.000,0.000,0.000,0.000,0.000,0.000
$SENSOR_MAMPS,23.220,33.000,105.000,0.000,0.000,0.000,0.000,0.000,0.000,0.000
$MEM,354772
$DATA_FILE_SIZE,13650,206
$CAP_FILE_SIZE,63355,0
$CFSIZE,260165632,243425280
$ERRORS,0,0,0,0,0,0,0,0,0,0,0,0,0,1,0,0
$CURRENT,0.124,335.9,1
$GPS,030626,143929,4750.541,-12225.762,10,1.3,10,18.2
