version: 66.11
glider: 175
mission: 11
dive: 241
start: 5 31 126 6 34 17
data:
$ID,175
$MISSION,11
$DIVE,241
$N_DIVES,0
$D_SURF,3
$D_FLARE,3
$D_TGT,200
$D_ABORT,1090
$D_NO_BLEED,50
$D_BOOST,3
$T_BOOST,0
$D_FINISH,0
$D_PITCH,0
$D_SAFE,0
$D_CALL,0
$SURFACE_URGENCY,0
$SURFACE_URGENCY_TRY,0
$SURFACE_URGENCY_FORCE,0
$T_DIVE,65
$T_MISSION,80
$T_ABORT,1440
$T_TURN,300
$T_TURN_SAMPINT,5
$T_NO_W,120
$T_LOITER,0
$T_EPIRB,0
$USE_BATHY,0
$USE_ICE,0
$ICE_FREEZE_MARGIN,0.30000001
$D_OFFGRID,100
$T_WATCHDOG,10
$RELAUNCH,1
$APOGEE_PITCH,-8
$MAX_BUOY,150
$COURSE_BIAS,0
$GLIDE_SLOPE,30
$SPEED_FACTOR,1
$RHO,1.0235
$MASS,51878
$MASS_COMP,0
$NAV_MODE,2
$FERRY_MAX,45
$KALMAN_USE,2
$HD_A,0.0024900001
$HD_B,0.0091000004
$HD_C,5.7000002e-06
$HEADING,-1
$ESCAPE_HEADING,0
$ESCAPE_HEADING_DELTA,10
$FIX_MISSING_TIMEOUT,0
$TGT_DEFAULT_LAT,47.766998
$TGT_DEFAULT_LON,-122.413
$TGT_AUTO_DEFAULT,0
$SM_CC,473.51199
$N_FILEKB,4
$FILEMGR,0
$CALL_NDIVES,1
$COMM_SEQ,0
$PROTOCOL,9
$N_NOCOMM,1
$NOCOMM_ACTION,0
$N_NOSURFACE,0
$UPLOAD_DIVES_MAX,-1
$CALL_TRIES,5
$CALL_WAIT,60
$CAPUPLOAD,1
$CAPMAXSIZE,200000
$HEAPDBG,0
$T_GPS,15
$N_GPS,30
$T_GPS_ALMANAC,0
$T_GPS_CHARGE,-38996.047
$T_RSLEEP,2
$STROBE,0
$RAFOS_PEAK_OFFSET,1.5
$RAFOS_CORR_THRESH,60
$RAFOS_HIT_WINDOW,3600
$PITCH_MIN,255
$PITCH_MAX,3935
$C_PITCH,2626
$PITCH_DBAND,0.0099999998
$PITCH_CNV,0.003125763
$P_OVSHOOT,0.039999999
$PITCH_GAIN,30
$PITCH_TIMEOUT,17
$PITCH_AD_RATE,160
$PITCH_MAXERRORS,1
$PITCH_ADJ_GAIN,0.02
$PITCH_ADJ_DBAND,2.5
$ROLL_MIN,171
$ROLL_MAX,3723
$ROLL_DEG,40
$C_ROLL_DIVE,2030
$C_ROLL_CLIMB,2030
$HEAD_ERRBAND,10
$ROLL_CNV,0.028270001
$ROLL_TIMEOUT,15
$R_PORT_OVSHOOT,31
$R_STBD_OVSHOOT,24
$ROLL_AD_RATE,300
$ROLL_MAXERRORS,2
$ROLL_ADJ_GAIN,0
$ROLL_ADJ_DBAND,0
$VBD_MIN,465
$VBD_MAX,3960
$C_VBD,2350
$VBD_DBAND,2
$VBD_CNV,-0.25119999
$VBD_TIMEOUT,720
$PITCH_VBD_SHIFT,0.0012300001
$VBD_PUMP_AD_RATE_SURFACE,5
$VBD_PUMP_AD_RATE_APOGEE,4
$VBD_BLEED_AD_RATE,8
$UNCOM_BLEED,60
$VBD_MAXERRORS,1
$W_ADJ_DBAND,2
$DBDW,0
$PITCH_W_GAIN,0
$PITCH_W_DBAND,1
$CF8_MAXERRORS,5
$AH0_24V,145
$AH0_10V,95
$MINV_24V,19
$MINV_10V,8
$FG_AHR_10V,0
$FG_AHR_24V,0
$PHONE_SUPPLY,2
$PRESSURE_YINT,-13.51214
$PRESSURE_SLOPE,0.0001165895
$AD7714Ch0Gain,128
$TCM_PITCH_OFFSET,0
$TCM_ROLL_OFFSET,0
$COMPASS_USE,4
$ALTIM_BOTTOM_PING_RANGE,0
$ALTIM_TOP_PING_RANGE,20
$ALTIM_BOTTOM_TURN_MARGIN,25
$ALTIM_TOP_TURN_MARGIN,0
$ALTIM_TOP_MIN_OBSTACLE,1
$ALTIM_PING_DEPTH,60
$ALTIM_PING_DELTA,5
$ALTIM_FREQUENCY,13
$ALTIM_PULSE,3
$ALTIM_SENSITIVITY,4
$XPDR_VALID,5
$XPDR_INHIBIT,90
$INT_PRESSURE_SLOPE,0.0097660003
$INT_PRESSURE_YINT,-0.40000001
$DEEPGLIDER,0
$DEEPGLIDERMB,0
$MOTHERBOARD,4
$DEVICE1,2
$DEVICE2,101
$DEVICE3,38
$DEVICE4,-1
$DEVICE5,-1
$DEVICE6,-1
$LOGGERS,7
$LOGGERDEVICE1,-1
$LOGGERDEVICE2,-1
$LOGGERDEVICE3,-1
$LOGGERDEVICE4,-1
$COMPASS_DEVICE,33
$COMPASS2_DEVICE,-1
$PHONE_DEVICE,49
$GPS_DEVICE,32
$RAFOS_DEVICE,-1
$XPDR_DEVICE,24
$SIM_W,0
$SIM_PITCH,0
$SEABIRD_T_G,0.0043137739
$SEABIRD_T_H,0.00062868668
$SEABIRD_T_I,2.2691316e-05
$SEABIRD_T_J,2.2586789e-06
$SEABIRD_C_G,-10.021329
$SEABIRD_C_H,1.1236943
$SEABIRD_C_I,-0.0013673168
$SEABIRD_C_J,0.00018808816
$GPS1,310526,063016,4744.082,-12224.945,10,2.0,15,18.2
$_CALLS,1
$_XMS_NAKs,0
$_XMS_TOUTs,0
$_SM_DEPTHo,-5.29
$_SM_ANGLEo,-66.3
$GPS2,310526,063352,4744.085,-12224.959,13,1.8,24,18.2
$SPEED_LIMITS,0.178,0.275
$TGT_NAME,MIDW_175
$TGT_LATLONG,4746.000,-12225.100
$TGT_RADIUS,300.000
$KALMAN_CONTROL,0.079,0.297
$KALMAN_X,-30076.6,-183.3,-72.9,29774.7,-185.0
$KALMAN_Y,25757.5,-625.9,-357.4,-36445.5,446.9
$MHEAD_RNG_PITCHd_Wd,328.1,3550,-16.6,-10.256,-20.48,2176
$D_GRID,200
$GCHEAD,st_secs,pitch_ctl,vbd_ctl,pitch_ad_start,roll_ad_start,vbd_pot1_ad_start,vbd_pot2_ad_start,depth,ob_vertv,data_pts,end_secs,pitch_secs,roll_secs,vbd_secs,vbd_i,gcphase,pitch_i,roll_i,pitch_ad,roll_ad,vbd_ad,vbd_pot1_ad,vbd_pot2_ad,pitch_retries,pitch_errors,roll_retries,roll_errors,vbd_retries,vbd_errors,pitch_volts,roll_volts,vbd_volts
$STATE,13,end surface,CONTROL_FINISHED_OK
$STATE,13,begin dive
$GC,16,-0.73,-146.6,249,2003,509,405,0.0,0.0,0,109,0.00,0.00,-87.65,0.000,16390,0.000,0.000,249,2004,2936,3021,2851,0,0,0,0,0,0,28.83,28.83,26.42
$GC,112,-0.73,-146.6,249,2004,3022,2852,-1.2,-8.5,9,131,8.93,2.25,0.00,0.000,2308,0.233,0.044,2370,3452,2940,3030,2851,0,0,0,0,0,0,24.90,25.91,28.83
$GC,237,-0.50,-146.6,1544,3450,3014,2838,36.4,-22.4,21,245,0.30,2.15,0.00,0.000,3078,0.151,0.025,2460,1990,2945,3047,2844,0,0,0,0,0,0,25.51,26.15,28.83
$GC,275,-0.36,-146.6,2460,1985,3049,2842,43.6,-18.1,25,284,0.15,1.98,0.00,0.000,2564,0.149,0.027,2512,645,2945,3049,2841,0,0,0,0,0,0,25.96,26.10,28.83
$GC,317,-0.36,-146.6,2512,644,3049,2841,48.4,-11.5,29,327,0.00,2.08,0.00,0.000,1030,0.000,0.026,2509,2053,2945,3049,2841,0,0,0,0,0,0,28.83,26.14,28.83
$GC,358,-0.43,-146.6,2509,2052,3050,2840,52.2,-9.5,33,367,0.08,2.08,0.00,0.000,4356,0.125,0.037,2465,3439,2945,3050,2840,0,0,0,0,0,0,26.37,26.03,28.83
$GC,390,-0.43,-146.6,2465,3439,3051,2841,56.2,-11.7,36,400,0.10,2.03,0.00,0.000,3078,0.158,0.018,2489,2000,2945,3051,2840,0,0,0,0,0,0,25.98,26.26,28.83
$GC,431,-0.43,-146.6,2489,2000,3051,2840,61.7,-13.6,40,432,0.00,0.00,0.00,0.000,6,0.000,0.000,2489,2000,2945,3050,2840,0,0,0,0,0,0,28.83,28.83,28.83
$GC,462,-0.43,-146.6,2489,2000,3051,2840,65.2,-12.1,43,463,0.00,0.00,0.00,0.000,6,0.000,0.000,2489,1999,2945,3051,2839,0,0,0,0,0,0,28.83,28.83,28.83
$GC,491,-0.43,-146.6,2489,2000,3051,2839,68.6,-11.4,46,492,0.00,0.00,0.00,0.000,6,0.000,0.000,2489,2000,2945,3051,2840,0,0,0,0,0,0,28.83,28.83,28.83
$GC,522,-0.43,-146.6,2489,2000,3051,2839,71.5,-10.1,49,531,0.00,1.95,0.00,0.000,516,0.000,0.030,2490,660,2945,3051,2839,0,0,0,0,0,0,28.83,26.15,28.83
$GC,556,-0.43,-146.6,1680,660,3021,2832,74.7,-9.5,52,565,0.00,2.05,0.00,0.000,1030,0.000,0.028,2489,2023,2944,3051,2838,0,0,0,0,0,0,28.83,26.19,28.83
$GC,594,-0.43,-146.6,2489,2023,3051,2838,78.5,-9.8,56,603,0.00,2.12,0.00,0.000,260,0.000,0.040,2489,3439,2944,3051,2838,0,0,0,0,0,0,28.83,26.08,28.83
$GC,637,-0.43,-146.6,2489,3439,3052,2838,83.3,-11.4,60,646,0.00,1.98,0.00,0.000,1030,0.000,0.018,2489,2040,2945,3052,2838,0,0,0,0,0,0,28.83,26.32,28.83
$GC,677,-0.43,-146.6,2489,2039,3052,2838,88.0,-11.9,64,678,0.00,0.00,0.00,0.000,6,0.000,0.000,2490,2040,2944,3052,2837,0,0,0,0,0,0,28.83,28.83,28.83
$GC,707,-0.43,-146.6,2489,2039,3052,2838,91.4,-11.6,67,708,0.00,0.00,0.00,0.000,6,0.000,0.000,2489,2040,2945,3052,2838,0,0,0,0,0,0,28.83,28.83,28.83
$GC,736,-0.43,-146.6,2489,2040,3052,2838,94.7,-11.0,70,738,0.00,0.00,0.00,0.000,6,0.000,0.000,2489,2040,2945,3052,2838,0,0,0,0,0,0,28.83,28.83,28.83
$GC,768,-0.43,-146.6,2489,2039,3052,2838,98.2,-11.7,73,777,0.00,2.10,0.00,0.000,260,0.000,0.039,2490,3435,2945,3052,2838,0,0,0,0,0,0,28.83,26.10,28.83
$GC,854,-0.43,-146.6,1664,3434,3023,2832,107.0,-12.8,81,861,0.00,2.05,0.00,0.000,1030,0.000,0.022,2490,1960,2945,3053,2838,0,0,0,0,0,0,28.83,26.25,28.83
$GC,892,-0.43,-146.6,2489,1959,3053,2837,110.7,-8.9,85,901,0.00,2.25,0.00,0.000,260,0.000,0.040,2489,3437,2945,3053,2837,0,0,0,0,0,0,28.83,26.10,28.83
$GC,988,-0.43,-146.6,2489,3437,3053,2837,119.1,-9.0,94,1000,0.00,2.03,0.00,0.000,1030,0.000,0.020,2490,2032,2945,3053,2837,0,0,0,0,0,0,28.83,26.29,28.83
$GC,1027,-0.43,-146.6,2489,2031,3053,2837,123.4,-10.5,98,1029,0.00,0.00,0.00,0.000,6,0.000,0.000,2490,2031,2945,3053,2837,0,0,0,0,0,0,28.83,28.83,28.83
$GC,1057,-0.43,-146.6,2489,2031,3053,2837,127.6,-13.0,101,1059,0.00,0.00,0.00,0.000,6,0.000,0.000,2490,2031,2945,3053,2837,0,0,0,0,0,0,28.83,28.83,28.83
$GC,1089,-0.43,-146.6,2489,2031,3053,2837,132.0,-15.2,104,1098,0.00,2.10,0.00,0.000,260,0.000,0.041,2490,3436,2945,3053,2837,0,0,0,0,0,0,28.83,26.13,28.83
$GC,1198,-0.49,-146.6,2489,3436,3053,2837,145.1,-11.9,114,1208,0.05,1.98,0.00,0.000,5126,0.063,0.018,2443,2021,2945,3053,2837,0,0,0,0,0,0,26.22,26.37,28.83
$GC,1239,-0.49,-146.6,2443,2021,3053,2837,150.8,-13.6,118,1249,0.10,2.00,0.00,0.000,2564,0.166,0.028,2472,665,2944,3053,2836,0,0,0,0,0,0,26.27,26.21,28.83
$GC,1282,-0.49,-146.6,2472,665,3053,2836,156.3,-12.0,122,1292,0.00,2.03,0.00,0.000,1030,0.000,0.027,2466,2042,2944,3053,2836,0,0,0,0,0,0,28.83,26.25,28.83
$GC,1325,-0.49,-146.6,2466,2042,3053,2836,160.4,-10.3,126,1335,0.00,2.08,0.00,0.000,260,0.000,0.040,2465,3435,2944,3053,2836,0,0,0,0,0,0,28.83,26.12,28.83
$GC,1358,-0.49,-146.6,2464,3435,3053,2836,164.5,-11.1,129,1362,0.00,2.03,0.00,0.000,3078,0.000,0.019,2465,2030,2945,3053,2837,0,0,0,0,0,0,28.83,26.17,28.83
$GC,1400,-0.49,-146.6,2465,2025,3053,2836,169.9,-12.9,133,1401,0.00,0.00,0.00,0.000,2054,0.000,0.000,2465,2025,2944,3053,2836,0,0,0,0,0,0,28.83,28.83,28.83
$GC,1430,-0.49,-146.6,2464,2025,3053,2836,173.0,-11.1,136,1431,0.00,0.00,0.00,0.000,2054,0.000,0.000,2465,2025,2944,3052,2836,0,0,0,0,0,0,28.83,28.83,28.83
$GC,1461,-0.49,-146.6,2464,2025,3053,2836,176.1,-10.3,139,1462,0.00,0.00,0.00,0.000,2054,0.000,0.000,2465,2025,2944,3053,2836,0,0,0,0,0,0,28.83,28.83,28.83
$STATE,1478,end dive,BOTTOM_OBSTACLE_DETECTED
$STATE,1478,begin apogee
$GC,1483,-0.27,0.0,2465,2025,3053,2836,178.4,-11.1,141,1613,0.20,0.00,125.07,0.572,10246,0.126,0.000,2532,2025,2350,2440,2260,0,0,0,0,0,0,26.00,28.83,23.97
$STATE,1615,end apogee,CONTROL_FINISHED_OK
$STATE,1615,begin climb
$GC,1617,0.73,146.6,2532,2025,2438,2260,185.3,0.0,154,1740,1.05,0.00,118.07,0.558,11014,0.128,0.000,2855,2025,1765,1880,1650,0,0,0,0,0,0,25.00,28.83,24.01
$GC,1772,0.73,146.6,2855,2025,1876,1648,171.9,14.0,170,1778,0.00,0.00,0.00,0.000,2054,0.000,0.000,2855,2025,1761,1875,1647,0,0,0,0,0,0,28.83,28.83,28.83
$GC,1810,0.73,146.6,2855,2025,1874,1646,165.9,15.0,174,1811,0.00,0.00,0.00,0.000,2054,0.000,0.000,2855,2025,1760,1874,1646,0,0,0,0,0,0,28.83,28.83,28.83
$GC,1840,0.73,146.6,2855,2025,1873,1646,161.6,14.4,177,1849,0.00,2.17,0.00,0.000,2308,0.000,0.035,2855,3439,1759,1873,1646,0,0,0,0,0,0,28.83,25.76,28.83
$GC,1863,0.73,146.6,2855,3439,1873,1645,158.3,14.4,179,1873,0.00,2.03,0.00,0.000,1030,0.000,0.020,2861,2048,1759,1873,1645,0,0,0,0,0,0,28.83,25.91,28.83
$GC,1902,0.73,146.6,2861,2044,1873,1645,152.5,14.5,183,1903,0.00,0.00,0.00,0.000,6,0.000,0.000,2862,2044,1759,1873,1645,0,0,0,0,0,0,28.83,28.83,28.83
$GC,1932,0.73,146.6,2861,2044,1873,1645,148.5,13.1,186,1933,0.00,0.00,0.00,0.000,6,0.000,0.000,2861,2044,1759,1873,1645,0,0,0,0,0,0,28.83,28.83,28.83
$GC,1962,0.73,146.6,2861,2044,1873,1644,144.7,13.0,189,1971,0.00,2.12,0.00,0.000,260,0.000,0.036,2862,3442,1758,1873,1643,0,0,0,0,0,0,28.83,25.91,28.83
$GC,1994,0.73,146.6,2861,3442,1873,1644,140.8,12.4,192,1998,0.00,2.08,0.00,0.000,5126,0.000,0.021,2869,2030,1758,1873,1644,0,0,0,0,0,0,28.83,26.05,28.83
$GC,2037,0.68,146.6,2869,2025,1873,1643,135.4,12.5,196,2046,0.10,2.08,0.00,0.000,4612,0.174,0.030,2855,637,1757,1872,1643,0,0,0,0,0,0,26.02,25.99,28.83
$GC,2069,0.68,146.6,2854,637,1869,1645,131.4,12.4,199,2080,0.00,2.05,0.00,0.000,5126,0.000,0.022,2855,2038,1756,1869,1644,0,0,0,0,0,0,28.83,26.10,28.83
$GC,2109,0.68,146.6,2855,2038,1868,1644,126.2,13.0,203,2119,0.00,2.10,0.00,0.000,4356,0.000,0.034,2855,3434,1756,1869,1644,0,0,0,0,0,0,28.83,26.03,28.83
$GC,2183,0.68,146.6,2855,3433,1869,1644,116.2,14.5,210,2187,0.00,2.08,0.00,0.000,5126,0.000,0.021,2857,2027,1756,1869,1644,0,0,0,0,0,0,28.83,26.07,28.83
$GC,2224,0.68,146.6,2856,2024,1869,1644,111.0,12.7,214,2225,0.00,0.00,0.00,0.000,4102,0.000,0.000,2856,2024,1756,1869,1644,0,0,0,0,0,0,28.83,28.83,28.83
$GC,2254,0.68,146.6,2856,2023,1869,1644,107.9,10.7,217,2255,0.00,0.00,0.00,0.000,4102,0.000,0.000,2857,2024,1756,1869,1644,0,0,0,0,0,0,28.83,28.83,28.83
$GC,2285,0.68,146.6,2856,2024,1869,1643,104.1,12.5,220,2288,0.00,2.15,0.00,0.000,4356,0.000,0.034,2857,3440,1756,1869,1644,0,0,0,0,0,0,28.83,26.09,28.83
$GC,2367,0.68,146.6,2856,3443,1869,1644,95.8,10.1,228,2377,0.05,2.05,0.00,0.000,5126,0.164,0.021,2847,2019,1756,1869,1644,0,0,0,0,0,0,25.96,26.23,28.83
$GC,2407,0.68,146.6,2847,2016,1868,1644,91.9,9.6,232,2416,0.00,2.05,0.00,0.000,516,0.000,0.034,2853,640,1755,1868,1643,0,0,0,0,0,0,28.83,26.11,28.83
$GC,2431,0.68,146.6,1992,640,1829,1639,90.0,8.9,234,2438,0.00,2.08,0.00,0.000,5126,0.000,0.021,2853,2038,1755,1867,1644,0,0,0,0,0,0,28.83,26.25,28.83
$GC,2469,0.68,146.6,2853,2038,1867,1644,86.1,9.8,238,2478,0.00,2.08,0.00,0.000,4356,0.000,0.033,2853,3442,1755,1867,1644,0,0,0,0,0,0,28.83,26.15,28.83
$GC,2512,0.68,146.6,2853,3442,1867,1643,81.7,10.4,242,2521,0.00,2.05,0.00,0.000,5126,0.000,0.021,2857,2025,1756,1868,1644,0,0,0,0,0,0,28.83,26.25,28.83
$GC,2551,0.68,146.6,2856,2023,1867,1643,77.9,9.8,246,2553,0.00,0.00,0.00,0.000,4102,0.000,0.000,2857,2023,1755,1867,1644,0,0,0,0,0,0,28.83,28.83,28.83
$GC,2582,0.68,146.6,2857,2022,1867,1643,74.6,10.6,249,2583,0.00,0.00,0.00,0.000,4102,0.000,0.000,2857,2022,1755,1867,1644,0,0,0,0,0,0,28.83,28.83,28.83
$GC,2612,0.68,146.6,2856,2022,1867,1644,71.8,9.9,252,2613,0.00,0.00,0.00,0.000,4102,0.000,0.000,2857,2022,1755,1867,1644,0,0,0,0,0,0,28.83,28.83,28.83
$GC,2641,0.68,146.6,2857,2022,1867,1644,68.9,9.7,255,2642,0.00,0.00,0.00,0.000,4102,0.000,0.000,2857,2022,1755,1867,1644,0,0,0,0,0,0,28.83,28.83,28.83
$GC,2671,0.68,146.6,2857,2022,1867,1643,65.9,9.5,258,2681,0.00,2.08,0.00,0.000,4612,0.000,0.032,2857,642,1755,1867,1643,0,0,0,0,0,0,28.83,26.16,28.83
$GC,2694,0.74,191.8,2857,642,1866,1644,64.4,8.1,260,2736,0.00,2.00,35.72,0.493,11270,0.000,0.022,2857,2029,1586,1701,1472,0,0,0,0,0,0,28.83,26.27,24.43
$GC,2764,0.74,191.8,2856,2029,1699,1467,58.2,9.3,267,2774,0.00,2.10,0.00,0.000,2308,0.000,0.035,2857,3432,1583,1699,1467,0,0,0,0,0,0,28.83,25.86,28.83
$GC,2799,0.74,191.8,2856,3432,1698,1466,55.1,8.8,270,2806,0.00,2.10,0.00,0.000,3078,0.000,0.020,2857,2031,1581,1699,1464,0,0,0,0,0,0,28.83,26.01,28.83
$GC,2837,0.74,191.8,2857,2026,1699,1464,51.6,8.7,274,2838,0.00,0.00,0.00,0.000,2054,0.000,0.000,2857,2026,1581,1698,1464,0,0,0,0,0,0,28.83,28.83,28.83
$GC,2867,0.74,191.8,2856,2026,1699,1464,49.2,8.3,277,2868,0.00,0.00,0.00,0.000,2054,0.000,0.000,2857,2026,1581,1699,1464,0,0,0,0,0,0,28.83,28.83,28.83
$GC,2897,0.74,191.8,2857,2026,1699,1464,46.5,8.8,280,2898,0.00,0.00,0.00,0.000,2054,0.000,0.000,2857,2026,1581,1699,1464,0,0,0,0,0,0,28.83,28.83,28.83
$GC,2926,0.74,191.8,2856,2026,1699,1463,43.9,8.8,283,2936,0.00,2.12,0.00,0.000,2308,0.000,0.035,2857,3432,1581,1699,1463,0,0,0,0,0,0,28.83,25.99,28.83
$GC,2969,0.74,191.8,2856,3431,1699,1463,39.7,9.8,287,2979,0.00,2.05,0.00,0.000,3078,0.000,0.021,2857,2029,1581,1699,1463,0,0,0,0,0,0,28.83,26.12,28.83
$GC,3009,0.74,191.8,2856,2026,1699,1463,35.6,10.5,291,3019,0.00,2.10,0.00,0.000,2564,0.000,0.035,2857,638,1580,1698,1463,0,0,0,0,0,0,28.83,26.02,28.83
$GC,3032,0.74,191.8,2857,638,1696,1463,33.3,9.7,293,3041,0.00,2.05,0.00,0.000,3078,0.000,0.022,2857,2042,1579,1696,1463,0,0,0,0,0,0,28.83,26.15,28.83
$GC,3072,0.74,191.8,2856,2042,1696,1463,29.5,9.6,297,3081,0.00,2.08,0.00,0.000,2308,0.000,0.035,2857,3430,1579,1696,1463,0,0,0,0,0,0,28.83,26.06,28.83
$GC,3115,0.74,191.8,2857,3430,1696,1462,25.0,10.5,301,3124,0.00,2.05,0.00,0.000,3078,0.000,0.021,2857,2021,1579,1695,1463,0,0,0,0,0,0,28.83,26.18,28.83
$GC,3155,0.74,191.8,2857,2018,1696,1463,21.3,9.1,305,3156,0.00,0.00,0.00,0.000,2054,0.000,0.000,2857,2018,1579,1696,1463,0,0,0,0,0,0,28.83,28.83,28.83
$GC,3185,0.74,191.8,2857,2018,1696,1462,18.6,8.9,308,3194,0.00,2.10,0.00,0.000,2308,0.000,0.034,2857,3423,1579,1695,1463,0,0,0,0,0,0,28.83,26.09,28.83
$GC,3257,0.74,191.8,2857,3424,1696,1462,12.2,8.3,315,3267,0.00,2.03,0.00,0.000,3078,0.000,0.021,2857,2026,1579,1695,1463,0,0,0,0,0,0,28.83,26.22,28.83
$GC,3298,0.88,261.1,2857,2025,1696,1462,9.4,7.0,319,3357,0.12,0.00,53.83,0.464,10758,0.082,0.000,2927,2025,1309,1426,1192,0,0,0,0,0,0,26.37,28.83,24.39
$STATE,3365,end climb,SURFACE_DEPTH_REACHED
$STATE,3365,begin surface coast
$FINISH,-1.6,1.022085
$STATE,3387,end surface coast,CONTROL_FINISHED_OK
$STATE,3387,begin surface
$SM_CCo,3403,163.38,0.428,1,0,465,473.51
$SM_GC,-5.33,7.68,0.00,163.38,0.070,0.000,0.428,255,2025,465,-7.38,-0.14,473.51,0,0,0,0,1,0,25.52,28.83,24.20
$IRIDIUM_FIX,4726.11,-12219.67,200608,161645
$TT8_MAMPS,0.026964,0.026964
$HUMID,42.24
$INTERNAL_PRESSURE,8.13548
$TCM_TEMP,17.50
$XPDR_PINGS,159
$ALTIM_TOP_PING,19.5,25.2
$ALTIM_BOTTOM_PING,160.4,42.6
$24V_AH,24.0,42.783
$10V_AH,9.8,20.400
$FG_AHR_24Vo,0.000
$FG_AHR_10Vo,0.000
$DEVICES,Pitch_motor,Roll_motor,VBD_pump_during_apogee,VBD_pump_during_surface,VBD_valve,Iridium_during_init,Iridium_during_connect,Iridium_during_xfer,Transponder_ping,GUMSTIX_24V,GPS,TT8,LPSleep,TT8_Active,TT8_Sampling,TT8_CF8,TT8_Kalman,Analog_circuits,GPS_charging,Compass,RAFOS,Transponder,Compass2
$DEVICE_SECS,18.900,95.275,332.700,163.375,0.000,0.000,0.000,0.000,45.500,0.000,26.739,920.765,1011.253,677.697,914.471,133.494,0.000,1287.256,0.000,869.433,0.000,37.746,0.000
$DEVICE_MAMPS,232.560,43.605,572.220,427.635,0.000,0.000,0.000,0.000,420.000,0.000,28.460,13.960,2.190,13.960,37.930,44.670,0.000,16.000,0.000,15.730,0.000,30.000,0.000
$SENSORS,SBE_CT,AA4330,WL_BB2FLVMG,nil,nil,nil,nil,nil,nil,nil
$SENSOR_SECS,218.691,430.559,565.305,0.000,0.000,0.000,0.000,0.000,0.000,0.000
$SENSOR_MAMPS,23.220,33.000,105.000,0.000,0.000,0.000,0.000,0.000,0.000,0.000
$MEM,354520
$DATA_FILE_SIZE,23723,328
$CAP_FILE_SIZE,106937,0
$CFSIZE,260165632,246923264
$ERRORS,0,0,0,0,0,0,0,0,0,0,0,0,0,1,0,0
$CURRENT,0.076, 65.0,1
$GPS,310526,073441,4744.668,-12224.934,12,1.3,12,18.2
