version: 66.11
glider: 175
mission: 11
dive: 339
start: 6 4 126 4 27 8
data:
$ID,175
$MISSION,11
$DIVE,339
$N_DIVES,0
$D_SURF,3
$D_FLARE,3
$D_TGT,200
$D_ABORT,1090
$D_NO_BLEED,50
$D_BOOST,3
$T_BOOST,0
$D_FINISH,0
$D_PITCH,0
$D_SAFE,0
$D_CALL,0
$SURFACE_URGENCY,0
$SURFACE_URGENCY_TRY,0
$SURFACE_URGENCY_FORCE,0
$T_DIVE,67
$T_MISSION,82
$T_ABORT,1440
$T_TURN,300
$T_TURN_SAMPINT,5
$T_NO_W,120
$T_LOITER,0
$T_EPIRB,0
$USE_BATHY,0
$USE_ICE,0
$ICE_FREEZE_MARGIN,0.30000001
$D_OFFGRID,100
$T_WATCHDOG,10
$RELAUNCH,1
$APOGEE_PITCH,-8
$MAX_BUOY,150
$COURSE_BIAS,0
$GLIDE_SLOPE,30
$SPEED_FACTOR,1
$RHO,1.0235
$MASS,51878
$MASS_COMP,0
$NAV_MODE,2
$FERRY_MAX,45
$KALMAN_USE,2
$HD_A,0.0024900001
$HD_B,0.0091000004
$HD_C,5.7000002e-06
$HEADING,-1
$ESCAPE_HEADING,0
$ESCAPE_HEADING_DELTA,10
$FIX_MISSING_TIMEOUT,0
$TGT_DEFAULT_LAT,47.766998
$TGT_DEFAULT_LON,-122.413
$TGT_AUTO_DEFAULT,0
$SM_CC,473.51199
$N_FILEKB,4
$FILEMGR,0
$CALL_NDIVES,1
$COMM_SEQ,0
$PROTOCOL,9
$N_NOCOMM,1
$NOCOMM_ACTION,0
$N_NOSURFACE,0
$UPLOAD_DIVES_MAX,-1
$CALL_TRIES,5
$CALL_WAIT,60
$CAPUPLOAD,1
$CAPMAXSIZE,200000
$HEAPDBG,0
$T_GPS,15
$N_GPS,30
$T_GPS_ALMANAC,0
$T_GPS_CHARGE,-39305.871
$T_RSLEEP,2
$STROBE,0
$RAFOS_PEAK_OFFSET,1.5
$RAFOS_CORR_THRESH,60
$RAFOS_HIT_WINDOW,3600
$PITCH_MIN,255
$PITCH_MAX,3935
$C_PITCH,2626
$PITCH_DBAND,0.0099999998
$PITCH_CNV,0.003125763
$P_OVSHOOT,0.039999999
$PITCH_GAIN,30
$PITCH_TIMEOUT,17
$PITCH_AD_RATE,160
$PITCH_MAXERRORS,1
$PITCH_ADJ_GAIN,0.02
$PITCH_ADJ_DBAND,2.5
$ROLL_MIN,171
$ROLL_MAX,3723
$ROLL_DEG,40
$C_ROLL_DIVE,2030
$C_ROLL_CLIMB,2030
$HEAD_ERRBAND,10
$ROLL_CNV,0.028270001
$ROLL_TIMEOUT,15
$R_PORT_OVSHOOT,60
$R_STBD_OVSHOOT,50
$ROLL_AD_RATE,300
$ROLL_MAXERRORS,2
$ROLL_ADJ_GAIN,0
$ROLL_ADJ_DBAND,0
$VBD_MIN,465
$VBD_MAX,3960
$C_VBD,2350
$VBD_DBAND,2
$VBD_CNV,-0.25119999
$VBD_TIMEOUT,720
$PITCH_VBD_SHIFT,0.0012300001
$VBD_PUMP_AD_RATE_SURFACE,5
$VBD_PUMP_AD_RATE_APOGEE,4
$VBD_BLEED_AD_RATE,8
$UNCOM_BLEED,60
$VBD_MAXERRORS,1
$W_ADJ_DBAND,2
$DBDW,0
$PITCH_W_GAIN,0
$PITCH_W_DBAND,1
$CF8_MAXERRORS,5
$AH0_24V,145
$AH0_10V,95
$MINV_24V,19
$MINV_10V,8
$FG_AHR_10V,0
$FG_AHR_24V,0
$PHONE_SUPPLY,2
$PRESSURE_YINT,-13.51214
$PRESSURE_SLOPE,0.0001165895
$AD7714Ch0Gain,128
$TCM_PITCH_OFFSET,0
$TCM_ROLL_OFFSET,0
$COMPASS_USE,4
$ALTIM_BOTTOM_PING_RANGE,0
$ALTIM_TOP_PING_RANGE,20
$ALTIM_BOTTOM_TURN_MARGIN,25
$ALTIM_TOP_TURN_MARGIN,0
$ALTIM_TOP_MIN_OBSTACLE,1
$ALTIM_PING_DEPTH,60
$ALTIM_PING_DELTA,5
$ALTIM_FREQUENCY,13
$ALTIM_PULSE,3
$ALTIM_SENSITIVITY,4
$XPDR_VALID,5
$XPDR_INHIBIT,90
$INT_PRESSURE_SLOPE,0.0097660003
$INT_PRESSURE_YINT,-0.40000001
$DEEPGLIDER,0
$DEEPGLIDERMB,0
$MOTHERBOARD,4
$DEVICE1,2
$DEVICE2,101
$DEVICE3,38
$DEVICE4,-1
$DEVICE5,-1
$DEVICE6,-1
$LOGGERS,7
$LOGGERDEVICE1,-1
$LOGGERDEVICE2,-1
$LOGGERDEVICE3,-1
$LOGGERDEVICE4,-1
$COMPASS_DEVICE,33
$COMPASS2_DEVICE,-1
$PHONE_DEVICE,49
$GPS_DEVICE,32
$RAFOS_DEVICE,-1
$XPDR_DEVICE,24
$SIM_W,0
$SIM_PITCH,0
$SEABIRD_T_G,0.0043137739
$SEABIRD_T_H,0.00062868668
$SEABIRD_T_I,2.2691316e-05
$SEABIRD_T_J,2.2586789e-06
$SEABIRD_C_G,-10.021329
$SEABIRD_C_H,1.1236943
$SEABIRD_C_I,-0.0013673168
$SEABIRD_C_J,0.00018808816
$GPS1,040626,041733,4751.394,-12223.186,15,1.6,25,18.2
$_CALLS,2
$_XMS_NAKs,0
$_XMS_TOUTs,0
$_SM_DEPTHo,-5.20
$_SM_ANGLEo,-70.1
$GPS2,040626,042641,4751.375,-12223.097,12,1.6,12,18.2
$SPEED_LIMITS,0.172,0.272
$TGT_NAME,NORTHB_175
$TGT_LATLONG,4752.440,-12223.580
$TGT_RADIUS,200.000
$KALMAN_CONTROL,0.079,0.297
$KALMAN_X,-30076.6,-183.3,-72.9,29774.7,-185.0
$KALMAN_Y,25757.5,-625.9,-357.4,-36445.5,446.9
$MHEAD_RNG_PITCHd_Wd,304.1,2063,-16.1,-9.950,-20.11,2242
$D_GRID,200
$GCHEAD,st_secs,pitch_ctl,vbd_ctl,pitch_ad_start,roll_ad_start,vbd_pot1_ad_start,vbd_pot2_ad_start,depth,ob_vertv,data_pts,end_secs,pitch_secs,roll_secs,vbd_secs,vbd_i,gcphase,pitch_i,roll_i,pitch_ad,roll_ad,vbd_ad,vbd_pot1_ad,vbd_pot2_ad,pitch_retries,pitch_errors,roll_retries,roll_errors,vbd_retries,vbd_errors,pitch_volts,roll_volts,vbd_volts
$STATE,14,end surface,CONTROL_FINISHED_OK
$STATE,14,begin dive
$GC,16,-0.72,-146.6,238,2021,482,428,0.0,0.0,0,108,0.00,0.00,-86.97,0.000,16390,0.000,0.000,239,2021,2935,3020,2851,0,0,0,0,0,0,28.83,28.83,26.44
$GC,111,-0.72,-146.6,238,2021,3021,2852,-1.7,-6.9,9,127,8.95,2.12,0.00,0.000,2564,0.227,0.032,2393,626,2939,3027,2852,0,0,0,0,0,0,24.78,25.95,28.83
$GC,211,-0.55,-146.6,2393,625,3037,2849,25.0,-17.3,19,222,0.20,2.10,0.00,0.000,3078,0.154,0.029,2440,2030,2943,3039,2847,0,0,0,0,0,0,25.56,26.02,28.83
$GC,251,-0.41,-146.6,2440,2030,3045,2844,31.3,-15.8,23,261,0.15,2.12,0.00,0.000,2308,0.152,0.037,2478,3436,2945,3046,2844,0,0,0,0,0,0,25.84,25.95,28.83
$GC,267,-0.28,-146.6,2478,3436,3047,2844,32.5,-15.3,24,275,0.15,2.10,0.00,0.000,3078,0.114,0.019,2539,1997,2946,3048,2844,0,0,0,0,0,0,25.70,26.17,28.83
$GC,305,-0.28,-146.6,2539,1992,3049,2842,37.2,-10.3,28,314,0.00,1.95,0.00,0.000,516,0.000,0.030,2540,670,2945,3049,2841,0,0,0,0,0,0,28.83,26.06,28.83
$GC,338,-0.39,-146.6,2539,670,3049,2841,39.6,-7.5,31,349,0.08,2.00,0.00,0.000,5126,0.055,0.026,2484,2038,2944,3049,2840,0,0,0,0,0,0,26.02,26.10,28.83
$GC,377,-0.39,-146.6,2485,2038,3050,2840,43.0,-8.7,35,387,0.00,2.12,0.00,0.000,2308,0.000,0.041,2478,3431,2945,3049,2841,0,0,0,0,0,0,28.83,25.99,28.83
$GC,412,-0.39,-146.6,1648,3431,3021,2835,46.5,-10.4,38,420,0.05,2.03,0.00,0.000,3078,0.128,0.018,2496,2033,2945,3050,2840,0,0,0,0,0,0,26.01,26.25,28.83
$GC,450,-0.39,-146.6,2495,2032,3050,2840,50.4,-9.8,42,451,0.00,0.00,0.00,0.000,2054,0.000,0.000,2496,2032,2945,3050,2840,0,0,0,0,0,0,28.83,28.83,28.83
$GC,480,-0.39,-146.6,2496,2032,3050,2840,53.3,-9.4,45,481,0.00,0.00,0.00,0.000,2054,0.000,0.000,2496,2032,2945,3050,2840,0,0,0,0,0,0,28.83,28.83,28.83
$GC,510,-0.39,-146.6,2496,2032,3050,2840,56.2,-9.7,48,519,0.00,2.12,0.00,0.000,2308,0.000,0.040,2493,3435,2945,3051,2840,0,0,0,0,0,0,28.83,26.01,28.83
$GC,604,-0.39,-146.6,2494,3435,3051,2840,65.4,-9.3,57,608,0.00,2.00,0.00,0.000,3078,0.000,0.018,2493,2039,2945,3051,2840,0,0,0,0,0,0,28.83,26.29,28.83
$GC,646,-0.39,-146.6,2493,2034,3051,2839,69.8,-10.6,61,647,0.00,0.00,0.00,0.000,2054,0.000,0.000,2494,2034,2945,3051,2839,0,0,0,0,0,0,28.83,28.83,28.83
$GC,676,-0.39,-146.6,2493,2034,3051,2839,73.0,-10.6,64,678,0.00,0.00,0.00,0.000,2054,0.000,0.000,2493,2034,2944,3050,2839,0,0,0,0,0,0,28.83,28.83,28.83
$GC,708,-0.39,-146.6,2493,2034,3051,2839,76.1,-10.3,67,715,0.00,0.00,0.00,0.000,2054,0.000,0.000,2493,2034,2945,3051,2839,0,0,0,0,0,0,28.83,28.83,28.83
$GC,747,-0.39,-146.6,2493,2034,3051,2839,80.2,-10.5,71,750,0.00,2.12,0.00,0.000,2308,0.000,0.039,2491,3429,2945,3051,2839,0,0,0,0,0,0,28.83,26.08,28.83
$GC,770,-0.39,-146.6,1664,3429,3021,2834,82.6,-10.5,73,778,0.00,2.05,0.00,0.000,3078,0.000,0.018,2491,2031,2945,3051,2839,0,0,0,0,0,0,28.83,26.32,28.83
$GC,808,-0.39,-146.6,2491,2029,3051,2839,87.0,-10.9,77,809,0.00,0.00,0.00,0.000,2054,0.000,0.000,2491,2029,2945,3051,2839,0,0,0,0,0,0,28.83,28.83,28.83
$GC,840,-0.39,-146.6,2491,2029,3051,2839,90.1,-10.6,80,846,0.00,0.00,0.00,0.000,2054,0.000,0.000,2491,2029,2944,3050,2839,0,0,0,0,0,0,28.83,28.83,28.83
$GC,879,-0.39,-146.6,2490,2029,3051,2839,93.9,-9.5,84,880,0.00,0.00,0.00,0.000,2054,0.000,0.000,2491,2029,2944,3051,2838,0,0,0,0,0,0,28.83,28.83,28.83
$GC,908,-0.39,-146.6,2491,2029,3051,2838,96.6,-9.2,87,909,0.00,0.00,0.00,0.000,2054,0.000,0.000,2491,2029,2945,3051,2839,0,0,0,0,0,0,28.83,28.83,28.83
$GC,938,-0.39,-146.6,2491,2029,3051,2839,99.6,-9.8,90,950,0.00,2.12,0.00,0.000,2308,0.000,0.039,2491,3429,2945,3051,2839,0,0,0,0,0,0,28.83,26.09,28.83
$GC,985,-0.39,-146.6,1664,3428,3021,2833,103.9,-9.6,94,993,0.00,2.05,0.00,0.000,3078,0.000,0.018,2491,2026,2945,3051,2839,0,0,0,0,0,0,28.83,26.33,28.83
$GC,1023,-0.39,-146.6,2490,2026,3051,2838,107.8,-9.7,98,1024,0.00,0.00,0.00,0.000,2054,0.000,0.000,2491,2026,2944,3050,2838,0,0,0,0,0,0,28.83,28.83,28.83
$GC,1054,-0.39,-146.6,2490,2026,3051,2838,110.5,-9.1,101,1055,0.00,0.00,0.00,0.000,2054,0.000,0.000,2491,2026,2944,3051,2838,0,0,0,0,0,0,28.83,28.83,28.83
$GC,1084,-0.39,-146.6,2491,2026,3051,2838,113.4,-9.5,104,1085,0.00,0.00,0.00,0.000,2054,0.000,0.000,2491,2026,2944,3051,2838,0,0,0,0,0,0,28.83,28.83,28.83
$GC,1113,-0.39,-146.6,2491,2026,3051,2838,116.2,-9.7,107,1115,0.00,0.00,0.00,0.000,2054,0.000,0.000,2492,2026,2944,3050,2838,0,0,0,0,0,0,28.83,28.83,28.83
$GC,1143,-0.39,-146.6,2491,2025,3051,2838,119.1,-9.5,110,1144,0.00,0.00,0.00,0.000,2054,0.000,0.000,2491,2026,2944,3051,2838,0,0,0,0,0,0,28.83,28.83,28.83
$GC,1175,-0.39,-146.6,2491,2025,3051,2838,121.9,-9.5,113,1183,0.00,2.12,0.00,0.000,2308,0.000,0.041,2491,3428,2944,3051,2838,0,0,0,0,0,0,28.83,26.10,28.83
$GC,1198,-0.39,-146.6,2491,3428,3051,2838,123.7,-8.1,115,1207,0.00,2.05,0.00,0.000,3078,0.000,0.019,2491,2025,2944,3051,2838,0,0,0,0,0,0,28.83,26.33,28.83
$GC,1238,-0.39,-146.6,2491,2025,3051,2837,126.9,-7.9,119,1245,0.00,0.00,0.00,0.000,2054,0.000,0.000,2491,2025,2944,3051,2837,0,0,0,0,0,0,28.83,28.83,28.83
$GC,1280,-0.39,-146.6,2491,2024,3051,2837,130.5,-8.9,123,1287,0.00,0.00,0.00,0.000,2054,0.000,0.000,2491,2024,2944,3051,2837,0,0,0,0,0,0,28.83,28.83,28.83
$GC,1316,-0.39,-146.6,2491,2024,3051,2837,133.9,-8.4,127,1317,0.00,0.00,0.00,0.000,2054,0.000,0.000,2491,2024,2944,3051,2837,0,0,0,0,0,0,28.83,28.83,28.83
$GC,1347,-0.39,-146.6,2491,2024,3051,2837,136.3,-7.9,130,1356,0.00,2.15,0.00,0.000,2308,0.000,0.040,2491,3438,2944,3051,2837,0,0,0,0,0,0,28.83,26.09,28.83
$STATE,1388,end dive,BOTTOM_OBSTACLE_DETECTED
$STATE,1388,begin apogee
$GC,1395,-0.27,0.0,2490,2035,3051,2837,138.6,-5.4,134,1531,0.12,0.00,125.05,0.545,10246,0.156,0.000,2531,2032,2349,2438,2260,0,0,0,0,0,0,26.07,28.83,23.95
$STATE,1533,end apogee,CONTROL_FINISHED_OK
$STATE,1533,begin climb
$GC,1535,0.72,146.6,2530,2032,2437,2259,149.5,0.0,148,1660,1.00,0.00,117.82,0.532,10758,0.111,0.000,2851,2031,1766,1879,1654,0,0,0,0,0,0,25.14,28.83,23.99
$GC,1690,0.72,146.6,2851,2031,1875,1651,139.8,9.5,164,1699,0.00,2.15,0.00,0.000,2308,0.000,0.035,2851,3432,1762,1874,1651,0,0,0,0,0,0,28.83,25.56,28.83
$GC,1742,0.72,146.6,2851,3432,1874,1649,134.1,10.9,169,1752,0.00,2.08,0.00,0.000,1030,0.000,0.019,2857,2028,1762,1875,1649,0,0,0,0,0,0,28.83,25.82,28.83
$GC,1783,0.72,146.6,2856,2025,1874,1648,129.9,10.4,173,1792,0.00,2.15,0.00,0.000,260,0.000,0.034,2857,3439,1761,1874,1648,0,0,0,0,0,0,28.83,25.80,28.83
$GC,1815,0.72,146.6,2857,3439,1874,1648,126.6,10.6,176,1825,0.00,2.10,0.00,0.000,1030,0.000,0.021,2857,2025,1760,1874,1647,0,0,0,0,0,0,28.83,25.95,28.83
$GC,1855,0.72,146.6,2857,2021,1874,1647,122.2,10.6,180,1865,0.00,2.08,0.00,0.000,516,0.000,0.035,2858,640,1760,1873,1647,0,0,0,0,0,0,28.83,25.89,28.83
$GC,1870,0.72,146.6,2857,640,1872,1647,121.4,10.2,181,1877,0.00,2.10,0.00,0.000,1030,0.000,0.022,2858,2039,1759,1872,1647,0,0,0,0,0,0,28.83,26.02,28.83
$GC,1908,0.72,146.6,2857,2039,1872,1648,117.2,9.6,185,1917,0.00,2.08,0.00,0.000,260,0.000,0.034,2858,3432,1759,1872,1647,0,0,0,0,0,0,28.83,25.94,28.83
$GC,1932,0.72,146.6,2857,3432,1872,1647,115.1,9.3,187,1940,0.00,2.08,0.00,0.000,5126,0.000,0.024,2866,2026,1759,1871,1648,0,0,0,0,0,0,28.83,25.36,28.83
$GC,1970,0.72,146.6,2866,2022,1871,1647,111.0,10.3,191,1971,0.00,0.00,0.00,0.000,4102,0.000,0.000,2866,2022,1759,1872,1647,0,0,0,0,0,0,28.83,28.83,28.83
$GC,2000,0.72,146.6,2866,2022,1871,1647,108.1,9.7,194,2009,0.00,2.15,0.00,0.000,4356,0.000,0.035,2866,3436,1759,1872,1647,0,0,0,0,0,0,28.83,25.99,28.83
$GC,2032,0.67,146.6,2866,3436,1871,1647,104.6,10.8,197,2042,0.12,2.08,0.00,0.000,5126,0.164,0.020,2839,2017,1759,1871,1647,0,0,0,0,0,0,25.79,26.14,28.83
$GC,2072,0.67,146.6,2839,2016,1871,1647,100.8,9.4,201,2073,0.00,0.00,0.00,0.000,6,0.000,0.000,2839,2016,1759,1871,1647,0,0,0,0,0,0,28.83,28.83,28.83
$GC,2103,0.74,205.1,2839,2017,1871,1647,98.6,7.3,204,2156,0.08,2.20,46.70,0.505,10500,0.121,0.034,2879,3436,1532,1648,1416,0,0,0,0,0,0,26.21,25.64,24.25
$GC,2181,0.74,205.1,2048,3435,1618,1410,90.6,11.3,211,2190,0.05,2.12,0.00,0.000,5126,0.153,0.021,2866,2041,1530,1648,1412,0,0,0,0,0,0,25.43,25.58,28.83
$GC,2219,0.74,205.1,2866,2037,1648,1411,86.1,11.2,215,2220,0.00,0.00,0.00,0.000,4102,0.000,0.000,2867,2037,1529,1647,1411,0,0,0,0,0,0,28.83,28.83,28.83
$GC,2249,0.74,205.1,2866,2037,1648,1410,83.2,9.6,218,2250,0.00,0.00,0.00,0.000,4102,0.000,0.000,2866,2037,1529,1647,1411,0,0,0,0,0,0,28.83,28.83,28.83
$GC,2279,0.74,205.1,2866,2037,1648,1410,80.3,9.8,221,2288,0.00,2.12,0.00,0.000,4356,0.000,0.036,2866,3429,1529,1648,1410,0,0,0,0,0,0,28.83,25.86,28.83
$GC,2312,0.74,205.1,2866,3429,1647,1410,76.8,10.7,224,2321,0.00,2.05,0.00,0.000,5126,0.000,0.020,2869,2028,1528,1647,1409,0,0,0,0,0,0,28.83,26.02,28.83
$GC,2352,0.74,205.1,2869,2024,1647,1408,72.4,10.7,228,2360,0.00,2.08,0.00,0.000,4612,0.000,0.034,2869,646,1527,1647,1407,0,0,0,0,0,0,28.83,25.94,28.83
$GC,2366,0.74,205.1,2869,646,1646,1407,71.6,10.2,229,2373,0.00,2.10,0.00,0.000,5126,0.000,0.024,2869,2037,1526,1646,1407,0,0,0,0,0,0,28.83,26.03,28.83
$GC,2403,0.74,205.1,2869,2037,1646,1407,67.5,9.5,233,2412,0.00,2.10,0.00,0.000,4356,0.000,0.035,2869,3434,1526,1646,1407,0,0,0,0,0,0,28.83,25.97,28.83
$GC,2445,0.74,205.1,2869,3435,1645,1407,62.7,11.4,237,2455,0.00,2.05,0.00,0.000,5126,0.000,0.019,2869,2025,1526,1646,1407,0,0,0,0,0,0,28.83,26.13,28.83
$GC,2486,0.74,205.1,2869,2021,1646,1407,58.4,10.6,241,2487,0.00,0.00,0.00,0.000,4102,0.000,0.000,2869,2021,1526,1646,1407,0,0,0,0,0,0,28.83,28.83,28.83
$GC,2516,0.74,205.1,2869,2021,1646,1406,55.3,10.4,244,2525,0.00,2.12,0.00,0.000,4356,0.000,0.035,2869,3432,1526,1645,1407,0,0,0,0,0,0,28.83,26.02,28.83
$GC,2560,0.74,205.1,2869,3432,1646,1407,50.5,11.6,248,2568,0.00,2.10,0.00,0.000,5126,0.000,0.020,2869,2025,1526,1646,1407,0,0,0,0,0,0,28.83,26.17,28.83
$GC,2599,0.74,205.1,2869,2021,1646,1406,46.0,11.0,252,2608,0.00,2.08,0.00,0.000,4612,0.000,0.034,2869,636,1526,1646,1406,0,0,0,0,0,0,28.83,26.06,28.83
$GC,2613,0.74,205.1,2869,636,1646,1406,45.0,11.1,253,2620,0.00,2.08,0.00,0.000,5126,0.000,0.022,2869,2028,1525,1644,1406,0,0,0,0,0,0,28.83,26.17,28.83
$GC,2651,0.74,205.1,2869,2028,1644,1406,40.4,10.5,257,2660,0.00,2.12,0.00,0.000,4356,0.000,0.036,2869,3438,1525,1644,1406,0,0,0,0,0,0,28.83,26.06,28.83
$GC,2683,0.74,205.1,2869,3437,1644,1406,37.1,10.6,260,2692,0.00,2.03,0.00,0.000,5126,0.000,0.019,2869,2028,1525,1644,1406,0,0,0,0,0,0,28.83,26.21,28.83
$GC,2724,0.74,205.1,2869,2024,1644,1406,32.7,10.9,264,2725,0.00,0.00,0.00,0.000,4102,0.000,0.000,2869,2024,1525,1644,1406,0,0,0,0,0,0,28.83,28.83,28.83
$GC,2753,0.74,205.1,2869,2024,1644,1406,29.6,10.5,267,2754,0.00,0.00,0.00,0.000,4102,0.000,0.000,2869,2024,1525,1644,1406,0,0,0,0,0,0,28.83,28.83,28.83
$GC,2783,0.74,205.1,2869,2024,1644,1406,26.5,10.0,270,2792,0.00,2.15,0.00,0.000,4356,0.000,0.035,2869,3438,1525,1644,1406,0,0,0,0,0,0,28.83,26.09,28.83
$GC,2807,0.74,205.1,2869,3438,1644,1406,24.2,10.6,272,2814,0.00,2.10,0.00,0.000,5126,0.000,0.019,2869,2024,1525,1644,1406,0,0,0,0,0,0,28.83,26.24,28.83
$GC,2846,0.74,205.1,2869,2021,1644,1406,20.0,10.4,276,2847,0.00,0.00,0.00,0.000,4102,0.000,0.000,2869,2021,1525,1644,1406,0,0,0,0,0,0,28.83,28.83,28.83
$GC,2875,0.74,205.1,2869,2021,1644,1406,17.3,9.4,279,2876,0.00,0.00,0.00,0.000,4102,0.000,0.000,2869,2020,1525,1644,1406,0,0,0,0,0,0,28.83,28.83,28.83
$GC,2905,0.74,205.1,2869,2021,1644,1406,14.3,9.5,282,2914,0.00,2.15,0.00,0.000,4356,0.000,0.036,2869,3433,1525,1644,1406,0,0,0,0,0,0,28.83,26.10,28.83
$GC,2959,0.74,205.1,2869,3433,1644,1406,9.0,10.3,287,2969,0.00,2.03,0.00,0.000,5126,0.000,0.021,2869,2028,1525,1644,1406,0,0,0,0,0,0,28.83,26.26,28.83
$GC,2997,0.74,205.1,2869,2025,1644,1406,5.2,9.5,291,3007,0.00,2.10,0.00,0.000,4612,0.000,0.034,2869,635,1525,1644,1406,0,0,0,0,0,0,28.83,26.12,28.83
$GC,3023,0.74,205.1,1984,635,1612,1402,3.2,9.2,293,3030,0.00,2.10,0.00,0.000,5126,0.000,0.026,2869,2051,1524,1642,1406,0,0,0,0,0,0,28.83,26.20,28.83
$STATE,3040,end climb,SURFACE_DEPTH_REACHED
$STATE,3040,begin surface coast
$FINISH,-1.2,1.022161
$STATE,3070,end surface coast,CONTROL_FINISHED_OK
$STATE,3070,begin surface
$SM_CCo,3085,203.90,0.433,1,0,464,473.51
$SM_GC,-5.17,7.25,0.00,203.90,0.059,0.000,0.433,242,2051,464,-7.37,0.59,473.51,0,0,0,0,1,0,26.15,28.83,24.14
$IRIDIUM_FIX,4732.49,-12223.11,240608,131312
$TT8_MAMPS,0.027713,0.027713
$HUMID,42.40
$INTERNAL_PRESSURE,8.15502
$TCM_TEMP,16.30
$XPDR_PINGS,163
$ALTIM_TOP_PING,19.2,999.0
$ALTIM_BOTTOM_PING,130.5,32.7
$24V_AH,24.0,51.173
$10V_AH,9.9,24.840
$FG_AHR_24Vo,0.000
$FG_AHR_10Vo,0.000
$DEVICES,Pitch_motor,Roll_motor,VBD_pump_during_apogee,VBD_pump_during_surface,VBD_valve,Iridium_during_init,Iridium_during_connect,Iridium_during_xfer,Transponder_ping,GUMSTIX_24V,GPS,TT8,LPSleep,TT8_Active,TT8_Sampling,TT8_CF8,TT8_Kalman,Analog_circuits,GPS_charging,Compass,RAFOS,Transponder,Compass2
$DEVICE_SECS,18.200,100.425,289.575,203.900,0.000,55.222,31.980,267.204,45.000,0.000,14.705,850.061,953.133,699.019,1163.620,190.434,0.000,1278.360,0.000,771.737,0.000,28.515,0.000
$DEVICE_MAMPS,227.205,40.545,545.445,432.990,0.000,43.600,160.000,223.000,420.000,0.000,28.460,13.960,2.190,13.960,37.930,44.670,0.000,16.000,0.000,15.730,0.000,30.000,0.000
$SENSORS,SBE_CT,AA4330,WL_BB2FLVMG,nil,nil,nil,nil,nil,nil,nil
$SENSOR_SECS,196.953,390.739,513.738,0.000,0.000,0.000,0.000,0.000,0.000,0.000
$SENSOR_MAMPS,23.220,33.000,105.000,0.000,0.000,0.000,0.000,0.000,0.000,0.000
$MEM,354140
$DATA_FILE_SIZE,20419,298
$CAP_FILE_SIZE,102450,0
$CFSIZE,260165632,242712576
$ERRORS,0,1,0,0,0,0,0,0,0,0,0,0,0,1,0,0
$INTR,0,2007.24,0x212154,1,24
$CURRENT,0.100,349.3,1
$GPS,040626,052329,4751.882,-12223.521,34,1.0,46,18.2
