version: 66.11
glider: 175
mission: 11
dive: 27
start: 5 23 126 14 41 17
data:
$ID,175
$MISSION,11
$DIVE,27
$N_DIVES,0
$D_SURF,3
$D_FLARE,3
$D_TGT,300
$D_ABORT,1090
$D_NO_BLEED,50
$D_BOOST,3
$T_BOOST,0
$D_FINISH,0
$D_PITCH,0
$D_SAFE,0
$D_CALL,0
$SURFACE_URGENCY,0
$SURFACE_URGENCY_TRY,0
$SURFACE_URGENCY_FORCE,0
$T_DIVE,65
$T_MISSION,80
$T_ABORT,1440
$T_TURN,300
$T_TURN_SAMPINT,5
$T_NO_W,120
$T_LOITER,0
$T_EPIRB,0
$USE_BATHY,0
$USE_ICE,0
$ICE_FREEZE_MARGIN,0.30000001
$D_OFFGRID,100
$T_WATCHDOG,10
$RELAUNCH,1
$APOGEE_PITCH,-8
$MAX_BUOY,150
$COURSE_BIAS,0
$GLIDE_SLOPE,30
$SPEED_FACTOR,1
$RHO,1.023
$MASS,51878
$MASS_COMP,0
$NAV_MODE,1
$FERRY_MAX,45
$KALMAN_USE,1
$HD_A,0.0020240301
$HD_B,0.0090959296
$HD_C,9.8500004e-06
$HEADING,-1
$ESCAPE_HEADING,0
$ESCAPE_HEADING_DELTA,10
$FIX_MISSING_TIMEOUT,0
$TGT_DEFAULT_LAT,47.766998
$TGT_DEFAULT_LON,-122.413
$TGT_AUTO_DEFAULT,0
$SM_CC,423.31998
$N_FILEKB,4
$FILEMGR,0
$CALL_NDIVES,1
$COMM_SEQ,0
$PROTOCOL,9
$N_NOCOMM,1
$NOCOMM_ACTION,0
$N_NOSURFACE,0
$UPLOAD_DIVES_MAX,-1
$CALL_TRIES,5
$CALL_WAIT,60
$CAPUPLOAD,1
$CAPMAXSIZE,200000
$HEAPDBG,0
$T_GPS,15
$N_GPS,30
$T_GPS_ALMANAC,0
$T_GPS_CHARGE,-38528.641
$T_RSLEEP,2
$STROBE,0
$RAFOS_PEAK_OFFSET,1.5
$RAFOS_CORR_THRESH,60
$RAFOS_HIT_WINDOW,3600
$PITCH_MIN,255
$PITCH_MAX,3935
$C_PITCH,2671
$PITCH_DBAND,0.0099999998
$PITCH_CNV,0.003125763
$P_OVSHOOT,0.039999999
$PITCH_GAIN,30
$PITCH_TIMEOUT,17
$PITCH_AD_RATE,160
$PITCH_MAXERRORS,1
$PITCH_ADJ_GAIN,0.02
$PITCH_ADJ_DBAND,2.5
$ROLL_MIN,171
$ROLL_MAX,3723
$ROLL_DEG,40
$C_ROLL_DIVE,2030
$C_ROLL_CLIMB,2030
$HEAD_ERRBAND,10
$ROLL_CNV,0.028270001
$ROLL_TIMEOUT,15
$R_PORT_OVSHOOT,60
$R_STBD_OVSHOOT,56
$ROLL_AD_RATE,300
$ROLL_MAXERRORS,2
$ROLL_ADJ_GAIN,0
$ROLL_ADJ_DBAND,0
$VBD_MIN,465
$VBD_MAX,3960
$C_VBD,2350
$VBD_DBAND,2
$VBD_CNV,-0.25119999
$VBD_TIMEOUT,720
$PITCH_VBD_SHIFT,0.0012300001
$VBD_PUMP_AD_RATE_SURFACE,5
$VBD_PUMP_AD_RATE_APOGEE,4
$VBD_BLEED_AD_RATE,8
$UNCOM_BLEED,60
$VBD_MAXERRORS,1
$W_ADJ_DBAND,2
$DBDW,0
$PITCH_W_GAIN,0
$PITCH_W_DBAND,1
$CF8_MAXERRORS,5
$AH0_24V,145
$AH0_10V,95
$MINV_24V,19
$MINV_10V,8
$FG_AHR_10V,0
$FG_AHR_24V,0
$PHONE_SUPPLY,2
$PRESSURE_YINT,-13.51214
$PRESSURE_SLOPE,0.0001165895
$AD7714Ch0Gain,128
$TCM_PITCH_OFFSET,0
$TCM_ROLL_OFFSET,0
$COMPASS_USE,4
$ALTIM_BOTTOM_PING_RANGE,0
$ALTIM_TOP_PING_RANGE,20
$ALTIM_BOTTOM_TURN_MARGIN,25
$ALTIM_TOP_TURN_MARGIN,0
$ALTIM_TOP_MIN_OBSTACLE,1
$ALTIM_PING_DEPTH,60
$ALTIM_PING_DELTA,5
$ALTIM_FREQUENCY,13
$ALTIM_PULSE,3
$ALTIM_SENSITIVITY,4
$XPDR_VALID,5
$XPDR_INHIBIT,90
$INT_PRESSURE_SLOPE,0.0097660003
$INT_PRESSURE_YINT,-0.40000001
$DEEPGLIDER,0
$DEEPGLIDERMB,0
$MOTHERBOARD,4
$DEVICE1,2
$DEVICE2,101
$DEVICE3,38
$DEVICE4,-1
$DEVICE5,-1
$DEVICE6,-1
$LOGGERS,7
$LOGGERDEVICE1,-1
$LOGGERDEVICE2,-1
$LOGGERDEVICE3,-1
$LOGGERDEVICE4,-1
$COMPASS_DEVICE,33
$COMPASS2_DEVICE,-1
$PHONE_DEVICE,49
$GPS_DEVICE,32
$RAFOS_DEVICE,-1
$XPDR_DEVICE,24
$SIM_W,0
$SIM_PITCH,0
$SEABIRD_T_G,0.0043137739
$SEABIRD_T_H,0.00062868668
$SEABIRD_T_I,2.2691316e-05
$SEABIRD_T_J,2.2586789e-06
$SEABIRD_C_G,-10.021329
$SEABIRD_C_H,1.1236943
$SEABIRD_C_I,-0.0013673168
$SEABIRD_C_J,0.00018808816
$GPS1,230526,143441,4742.108,-12226.498,10,1.4,10,18.2
$_CALLS,1
$_XMS_NAKs,0
$_XMS_TOUTs,0
$_SM_DEPTHo,0.69
$_SM_ANGLEo,-66.3
$GPS2,230526,144017,4742.100,-12226.547,9,1.4,9,18.2
$SPEED_LIMITS,0.266,0.307
$TGT_NAME,MIDW_175
$TGT_LATLONG,4746.000,-12225.100
$TGT_RADIUS,300.000
$KALMAN_CONTROL,0.182,0.248
$KALMAN_X,-1864.9,1753.8,286.9,-2206.0,-556.5
$KALMAN_Y,4089.8,735.0,523.4,-20149.1,-345.6
$MHEAD_RNG_PITCHd_Wd,18.1,7444,-23.3,-15.385,-26.60,1446
$D_GRID,300
$GCHEAD,st_secs,pitch_ctl,vbd_ctl,pitch_ad_start,roll_ad_start,vbd_pot1_ad_start,vbd_pot2_ad_start,depth,ob_vertv,data_pts,end_secs,pitch_secs,roll_secs,vbd_secs,vbd_i,gcphase,pitch_i,roll_i,pitch_ad,roll_ad,vbd_ad,vbd_pot1_ad,vbd_pot2_ad,pitch_retries,pitch_errors,roll_retries,roll_errors,vbd_retries,vbd_errors,pitch_volts,roll_volts,vbd_volts
$STATE,13,end surface,CONTROL_FINISHED_OK
$STATE,13,begin dive
$GC,15,-0.96,-146.6,238,2030,713,597,0.0,0.0,0,100,0.00,0.00,-82.05,0.000,16386,0.000,0.000,239,2030,2888,2972,2805,0,0,0,0,0,0,28.83,28.83,28.83
$GC,103,-0.96,-146.6,238,2030,2973,2806,3.4,-5.4,8,121,8.70,2.20,-0.95,0.000,18692,0.225,0.063,2345,3415,2939,3032,2846,0,0,0,0,0,0,25.10,25.82,26.23
$GC,325,-0.81,-146.6,2345,3415,3047,2841,62.6,-23.4,30,335,0.22,2.03,0.00,0.000,3078,0.165,0.026,2404,2024,2943,3047,2840,0,0,0,0,0,0,25.48,26.13,28.83
$GC,366,-0.72,-146.6,2404,2024,3048,2839,71.0,-21.0,34,368,0.12,0.00,0.00,0.000,2054,0.168,0.000,2434,2023,2943,3048,2839,0,0,0,0,0,0,25.96,28.83,28.83
$GC,396,-0.72,-146.6,2434,2023,3048,2838,76.3,-18.3,37,405,0.00,2.05,0.00,0.000,2564,0.000,0.031,2435,639,2943,3048,2838,0,0,0,0,0,0,28.83,26.03,28.83
$GC,452,-0.72,-146.6,2434,639,3048,2837,85.0,-16.4,42,460,0.00,2.10,0.00,0.000,3078,0.000,0.029,2426,2022,2942,3048,2837,0,0,0,0,0,0,28.83,26.09,28.83
$GC,492,-0.72,-146.6,2426,2022,3048,2837,91.0,-14.1,46,501,0.00,2.12,0.00,0.000,2308,0.000,0.043,2425,3426,2942,3048,2837,0,0,0,0,0,0,28.83,25.97,28.83
$GC,536,-0.72,-146.6,1632,3425,3019,2831,97.4,-14.6,50,544,0.00,2.08,0.00,0.000,3078,0.000,0.024,2425,2020,2943,3049,2837,0,0,0,0,0,0,28.83,25.34,28.83
$GC,574,-0.72,-146.6,2425,2019,3049,2837,102.7,-13.4,54,576,0.00,0.00,0.00,0.000,2054,0.000,0.000,2425,2019,2943,3049,2837,0,0,0,0,0,0,28.83,28.83,28.83
$GC,605,-0.72,-146.6,2425,2018,3050,2836,106.8,-13.2,57,614,0.00,2.17,0.00,0.000,2308,0.000,0.044,2425,3435,2943,3050,2836,0,0,0,0,0,0,28.83,25.97,28.83
$GC,647,-0.72,-146.6,2425,3435,3051,2836,112.8,-14.1,61,656,0.00,2.03,0.00,0.000,3078,0.000,0.021,2425,2016,2943,3051,2836,0,0,0,0,0,0,28.83,26.27,28.83
$GC,687,-0.72,-146.6,2425,2015,3051,2836,118.2,-13.5,65,688,0.00,0.00,0.00,0.000,2054,0.000,0.000,2425,2016,2943,3051,2836,0,0,0,0,0,0,28.83,28.83,28.83
$GC,717,-0.72,-146.6,2425,2015,3051,2836,122.4,-13.9,68,718,0.00,0.00,0.00,0.000,2054,0.000,0.000,2425,2015,2943,3051,2836,0,0,0,0,0,0,28.83,28.83,28.83
$GC,747,-0.72,-146.6,2425,2015,3051,2836,126.7,-14.1,71,748,0.00,0.00,0.00,0.000,2054,0.000,0.000,2425,2015,2943,3051,2836,0,0,0,0,0,0,28.83,28.83,28.83
$GC,779,-0.72,-146.6,2425,2015,3051,2836,130.9,-14.2,74,785,0.00,0.00,0.00,0.000,2054,0.000,0.000,2425,2015,2944,3052,2836,0,0,0,0,0,0,28.83,28.83,28.83
$GC,817,-0.72,-146.6,2425,2015,3051,2836,136.8,-14.6,78,818,0.00,0.00,0.00,0.000,2054,0.000,0.000,2425,2015,2943,3051,2836,0,0,0,0,0,0,28.83,28.83,28.83
$GC,848,-0.72,-146.6,2425,2015,3051,2836,141.3,-14.9,81,849,0.00,0.00,0.00,0.000,2054,0.000,0.000,2425,2015,2943,3051,2836,0,0,0,0,0,0,28.83,28.83,28.83
$GC,878,-0.72,-146.6,2425,2015,3051,2836,145.6,-14.4,84,879,0.00,0.00,0.00,0.000,2054,0.000,0.000,2425,2016,2943,3051,2836,0,0,0,0,0,0,28.83,28.83,28.83
$GC,907,-0.72,-146.6,2425,2015,3051,2836,150.1,-14.7,87,909,0.00,0.00,0.00,0.000,2054,0.000,0.000,2425,2015,2943,3051,2836,0,0,0,0,0,0,28.83,28.83,28.83
$GC,937,-0.72,-146.6,2425,2015,3051,2836,154.4,-14.5,90,947,0.00,2.17,0.00,0.000,2308,0.000,0.043,2425,3435,2943,3051,2836,0,0,0,0,0,0,28.83,26.00,28.83
$GC,970,-0.72,-146.6,2425,3435,3051,2836,159.3,-14.8,93,980,0.00,2.00,0.00,0.000,3078,0.000,0.020,2425,2025,2944,3052,2836,0,0,0,0,0,0,28.83,26.31,28.83
$GC,1010,-0.72,-146.6,2425,2025,3052,2835,164.9,-13.8,97,1011,0.00,0.00,0.00,0.000,2054,0.000,0.000,2425,2025,2943,3051,2835,0,0,0,0,0,0,28.83,28.83,28.83
$GC,1040,-0.72,-146.6,2425,2025,3052,2835,169.2,-14.2,100,1041,0.00,0.00,0.00,0.000,2054,0.000,0.000,2425,2025,2943,3052,2835,0,0,0,0,0,0,28.83,28.83,28.83
$GC,1070,-0.72,-146.6,2425,2024,3051,2835,173.2,-13.4,103,1071,0.00,0.00,0.00,0.000,2054,0.000,0.000,2425,2025,2943,3051,2835,0,0,0,0,0,0,28.83,28.83,28.83
$STATE,1098,end dive,BOTTOM_OBSTACLE_DETECTED
$STATE,1098,begin apogee
$GC,1103,-0.27,0.0,2425,2025,3052,2835,177.4,-13.7,106,1230,0.47,0.00,123.18,0.567,10246,0.135,0.000,2574,2024,2350,2441,2259,0,0,0,0,0,0,25.48,28.83,24.29
$STATE,1232,end apogee,CONTROL_FINISHED_OK
$STATE,1233,begin climb
$GC,1234,0.96,146.6,2574,2024,2440,2259,184.3,0.0,119,1362,1.20,2.15,115.95,0.552,10756,0.096,0.034,2977,653,1766,1872,1661,0,0,0,0,0,0,25.21,25.27,24.30
$GC,1375,0.85,146.6,2977,653,1867,1661,166.7,17.9,133,1385,0.12,2.10,0.00,0.000,5126,0.174,0.022,2950,2051,1763,1866,1661,0,0,0,0,0,0,25.19,25.51,28.83
$GC,1415,0.78,146.6,2950,2051,1865,1659,159.2,18.7,137,1425,0.10,2.08,0.00,0.000,4356,0.201,0.031,2929,3430,1761,1865,1657,0,0,0,0,0,0,25.52,25.64,28.83
$GC,1451,0.72,146.6,2928,3430,1865,1656,153.2,18.2,140,1459,0.10,2.08,0.00,0.000,5126,0.161,0.019,2909,2049,1760,1865,1656,0,0,0,0,0,0,25.41,25.81,28.83
$GC,1487,0.72,146.6,2909,2044,1865,1655,146.7,16.3,144,1489,0.00,0.00,0.00,0.000,4102,0.000,0.000,2909,2044,1760,1865,1655,0,0,0,0,0,0,28.83,28.83,28.83
$GC,1517,0.72,146.6,2909,2044,1865,1655,142.3,14.9,147,1519,0.00,0.00,0.00,0.000,4102,0.000,0.000,2909,2044,1760,1865,1655,0,0,0,0,0,0,28.83,28.83,28.83
$GC,1547,0.72,146.6,2908,2044,1865,1654,138.0,14.0,150,1549,0.00,0.00,0.00,0.000,4102,0.000,0.000,2909,2044,1759,1865,1654,0,0,0,0,0,0,28.83,28.83,28.83
$GC,1577,0.72,146.6,2908,2044,1865,1654,133.8,14.3,153,1586,0.00,2.12,0.00,0.000,4356,0.000,0.034,2909,3439,1759,1865,1654,0,0,0,0,0,0,28.83,25.89,28.83
$GC,1601,0.72,146.6,2048,3438,1825,1649,130.6,14.5,155,1609,0.00,2.12,0.00,0.000,5126,0.000,0.024,2909,2029,1759,1865,1653,0,0,0,0,0,0,28.83,25.97,28.83
$GC,1639,0.72,146.6,2909,2026,1865,1653,124.6,15.2,159,1640,0.00,0.00,0.00,0.000,4102,0.000,0.000,2909,2026,1759,1865,1653,0,0,0,0,0,0,28.83,28.83,28.83
$GC,1669,0.72,146.6,2909,2025,1865,1653,120.3,14.3,162,1670,0.00,0.00,0.00,0.000,4102,0.000,0.000,2909,2025,1759,1865,1653,0,0,0,0,0,0,28.83,28.83,28.83
$GC,1699,0.72,146.6,2909,2025,1866,1653,115.9,14.5,165,1708,0.00,2.12,0.00,0.000,4356,0.000,0.034,2909,3434,1759,1865,1653,0,0,0,0,0,0,28.83,25.98,28.83
$GC,1723,0.72,146.6,2909,3435,1865,1653,112.5,15.0,167,1731,0.03,2.10,0.00,0.000,5126,0.200,0.024,2910,2024,1759,1865,1653,0,0,0,0,0,0,25.53,25.54,28.83
$GC,1761,0.72,146.6,2910,2020,1865,1653,106.0,16.1,171,1762,0.00,0.00,0.00,0.000,4102,0.000,0.000,2910,2020,1759,1865,1653,0,0,0,0,0,0,28.83,28.83,28.83
$GC,1791,0.72,146.6,2911,2020,1865,1653,101.0,16.8,174,1800,0.00,2.12,0.00,0.000,4356,0.000,0.034,2910,3432,1759,1865,1653,0,0,0,0,0,0,28.83,26.01,28.83
$GC,1805,0.72,146.6,2910,3432,1865,1652,99.6,16.6,175,1813,0.00,2.10,0.00,0.000,5126,0.000,0.021,2911,2027,1758,1864,1652,0,0,0,0,0,0,28.83,25.91,28.83
$GC,1843,0.72,146.6,2910,2024,1865,1652,92.5,16.8,179,1845,0.00,0.00,0.00,0.000,4102,0.000,0.000,2910,2024,1758,1865,1652,0,0,0,0,0,0,28.83,28.83,28.83
$GC,1873,0.72,146.6,2910,2024,1865,1652,87.8,15.4,182,1882,0.00,2.12,0.00,0.000,4356,0.000,0.034,2911,3429,1758,1865,1652,0,0,0,0,0,0,28.83,26.04,28.83
$GC,1905,0.72,146.6,2910,3429,1865,1652,82.7,15.8,185,1914,0.00,2.03,0.00,0.000,5126,0.000,0.019,2917,2024,1758,1865,1652,0,0,0,0,0,0,28.83,26.18,28.83
$GC,1945,0.72,146.6,2917,2021,1865,1652,76.4,16.0,189,1954,0.00,2.12,0.00,0.000,4356,0.000,0.034,2917,3429,1758,1865,1652,0,0,0,0,0,0,28.83,26.06,28.83
$GC,1959,0.72,146.6,2917,3429,1865,1652,75.2,15.5,190,1967,0.05,2.08,0.00,0.000,5126,0.188,0.020,2910,2025,1758,1865,1652,0,0,0,0,0,0,24.07,26.18,28.83
$GC,1997,0.72,146.6,2909,2021,1865,1652,69.2,14.0,194,1998,0.00,0.00,0.00,0.000,4102,0.000,0.000,2910,2021,1758,1865,1652,0,0,0,0,0,0,28.83,28.83,28.83
$GC,2027,0.78,192.2,2910,2021,1865,1652,65.6,12.2,197,2067,0.00,0.00,36.38,0.486,10246,0.000,0.000,2910,2021,1582,1696,1469,0,0,0,0,0,0,28.83,28.83,24.77
$GC,2098,0.83,192.2,2909,2021,1695,1464,56.4,13.6,204,2100,0.10,0.00,0.00,0.000,2054,0.106,0.000,2948,2021,1579,1695,1464,0,0,0,0,0,0,26.01,28.83,28.83
$GC,2127,0.83,192.2,2948,2021,1694,1464,51.8,14.4,207,2136,0.00,2.15,0.00,0.000,4356,0.000,0.034,2948,3438,1579,1694,1464,0,0,0,0,0,0,28.83,25.86,28.83
$GC,2149,0.83,192.2,2948,3438,1693,1464,48.0,16.9,209,2158,0.00,2.08,0.00,0.000,5126,0.000,0.021,2951,2026,1578,1693,1463,0,0,0,0,0,0,28.83,25.96,28.83
$GC,2189,0.83,192.2,2950,2023,1693,1463,40.8,17.7,213,2198,0.00,2.10,0.00,0.000,4612,0.000,0.033,2960,629,1578,1694,1463,0,0,0,0,0,0,28.83,25.91,28.83
$GC,2223,0.83,192.2,2088,629,1658,1459,35.4,17.3,216,2232,0.05,2.10,0.00,0.000,5126,0.141,0.023,2944,2031,1577,1691,1463,0,0,0,0,0,0,25.79,26.02,28.83
$GC,2261,0.83,192.2,2943,2031,1691,1463,29.3,15.5,220,2262,0.00,0.00,0.00,0.000,4102,0.000,0.000,2944,2031,1577,1691,1463,0,0,0,0,0,0,28.83,28.83,28.83
$GC,2291,0.83,192.2,2943,2031,1691,1463,24.5,15.6,223,2300,0.00,2.10,0.00,0.000,4356,0.000,0.034,2944,3434,1577,1691,1463,0,0,0,0,0,0,28.83,25.96,28.83
$GC,2365,0.83,192.2,2943,3434,1691,1462,11.5,17.5,230,2374,0.00,2.05,0.00,0.000,5126,0.000,0.020,2950,2019,1577,1691,1463,0,0,0,0,0,0,28.83,26.11,28.83
$GC,2405,0.83,192.2,2950,2015,1691,1462,4.5,17.8,234,2414,0.00,2.12,0.00,0.000,4356,0.000,0.034,2950,3426,1576,1691,1462,0,0,0,0,0,0,28.83,26.01,28.83
$STATE,2425,end climb,SURFACE_DEPTH_REACHED
$STATE,2425,begin surface coast
$FINISH,1.0,1.021984
$STATE,2428,end surface coast,CONTROL_FINISHED_OK
$STATE,2428,begin surface
$SM_CCo,2446,165.15,0.433,1,0,664,423.52
$SM_GC,0.69,7.32,2.10,165.15,0.045,0.019,0.433,241,2015,664,-7.53,1.50,423.52,0,0,0,0,1,0,25.97,26.18,24.51
$IRIDIUM_FIX,4722.92,-12229.50,120608,232336
$TT8_MAMPS,0.027713,0.027713
$HUMID,42.40
$INTERNAL_PRESSURE,8.14525
$TCM_TEMP,19.50
$XPDR_PINGS,77
$ALTIM_TOP_PING,18.9,18.3
$ALTIM_BOTTOM_PING,166.3,35.9
$24V_AH,24.1,25.580
$10V_AH,10.1,11.656
$FG_AHR_24Vo,0.000
$FG_AHR_10Vo,0.000
$DEVICES,Pitch_motor,Roll_motor,VBD_pump_during_apogee,VBD_pump_during_surface,VBD_valve,Iridium_during_init,Iridium_during_connect,Iridium_during_xfer,Transponder_ping,GUMSTIX_24V,GPS,TT8,LPSleep,TT8_Active,TT8_Sampling,TT8_CF8,TT8_Kalman,Analog_circuits,GPS_charging,Compass,RAFOS,Transponder,Compass2
$DEVICE_SECS,18.600,67.200,275.500,165.150,0.000,29.564,23.501,186.142,25.250,0.000,12.538,660.493,723.648,568.174,877.905,142.209,33.196,1029.504,0.000,622.641,0.000,39.237,0.000
$DEVICE_MAMPS,224.910,63.495,566.865,432.990,0.000,43.600,160.000,223.000,420.000,0.000,28.460,13.960,2.190,13.960,37.930,44.670,61.150,16.000,0.000,15.730,0.000,30.000,0.000
$SENSORS,SBE_CT,AA4330,WL_BB2FLVMG,nil,nil,nil,nil,nil,nil,nil
$SENSOR_SECS,158.113,309.471,406.668,0.000,0.000,0.000,0.000,0.000,0.000,0.000
$SENSOR_MAMPS,23.220,33.000,105.000,0.000,0.000,0.000,0.000,0.000,0.000,0.000
$MEM,354696
$DATA_FILE_SIZE,17087,236
$CAP_FILE_SIZE,79430,0
$CFSIZE,260165632,255315968
$ERRORS,0,0,0,0,0,0,0,0,0,0,0,0,0,1,0,0
$GPS,230526,152541,4742.317,-12226.413,8,1.3,8,18.2
