version: 66.11
glider: 175
mission: 11
dive: 303
start: 6 2 126 18 49 48
data:
$ID,175
$MISSION,11
$DIVE,303
$N_DIVES,0
$D_SURF,3
$D_FLARE,3
$D_TGT,200
$D_ABORT,1090
$D_NO_BLEED,50
$D_BOOST,3
$T_BOOST,0
$D_FINISH,0
$D_PITCH,0
$D_SAFE,0
$D_CALL,0
$SURFACE_URGENCY,0
$SURFACE_URGENCY_TRY,0
$SURFACE_URGENCY_FORCE,0
$T_DIVE,65
$T_MISSION,80
$T_ABORT,1440
$T_TURN,300
$T_TURN_SAMPINT,5
$T_NO_W,120
$T_LOITER,0
$T_EPIRB,0
$USE_BATHY,1
$USE_ICE,0
$ICE_FREEZE_MARGIN,0.30000001
$D_OFFGRID,100
$T_WATCHDOG,10
$RELAUNCH,1
$APOGEE_PITCH,-8
$MAX_BUOY,150
$COURSE_BIAS,0
$GLIDE_SLOPE,30
$SPEED_FACTOR,1
$RHO,1.0235
$MASS,51878
$MASS_COMP,0
$NAV_MODE,2
$FERRY_MAX,45
$KALMAN_USE,2
$HD_A,0.0024900001
$HD_B,0.0091000004
$HD_C,5.7000002e-06
$HEADING,-1
$ESCAPE_HEADING,0
$ESCAPE_HEADING_DELTA,10
$FIX_MISSING_TIMEOUT,0
$TGT_DEFAULT_LAT,47.766998
$TGT_DEFAULT_LON,-122.413
$TGT_AUTO_DEFAULT,0
$SM_CC,473.51199
$N_FILEKB,4
$FILEMGR,0
$CALL_NDIVES,1
$COMM_SEQ,0
$PROTOCOL,9
$N_NOCOMM,1
$NOCOMM_ACTION,0
$N_NOSURFACE,0
$UPLOAD_DIVES_MAX,-1
$CALL_TRIES,5
$CALL_WAIT,60
$CAPUPLOAD,1
$CAPMAXSIZE,200000
$HEAPDBG,0
$T_GPS,15
$N_GPS,30
$T_GPS_ALMANAC,0
$T_GPS_CHARGE,-39147.879
$T_RSLEEP,2
$STROBE,0
$RAFOS_PEAK_OFFSET,1.5
$RAFOS_CORR_THRESH,60
$RAFOS_HIT_WINDOW,3600
$PITCH_MIN,255
$PITCH_MAX,3935
$C_PITCH,2626
$PITCH_DBAND,0.0099999998
$PITCH_CNV,0.003125763
$P_OVSHOOT,0.039999999
$PITCH_GAIN,30
$PITCH_TIMEOUT,17
$PITCH_AD_RATE,160
$PITCH_MAXERRORS,1
$PITCH_ADJ_GAIN,0.02
$PITCH_ADJ_DBAND,2.5
$ROLL_MIN,171
$ROLL_MAX,3723
$ROLL_DEG,40
$C_ROLL_DIVE,2030
$C_ROLL_CLIMB,2030
$HEAD_ERRBAND,10
$ROLL_CNV,0.028270001
$ROLL_TIMEOUT,15
$R_PORT_OVSHOOT,55
$R_STBD_OVSHOOT,48
$ROLL_AD_RATE,300
$ROLL_MAXERRORS,2
$ROLL_ADJ_GAIN,0
$ROLL_ADJ_DBAND,0
$VBD_MIN,465
$VBD_MAX,3960
$C_VBD,2350
$VBD_DBAND,2
$VBD_CNV,-0.25119999
$VBD_TIMEOUT,720
$PITCH_VBD_SHIFT,0.0012300001
$VBD_PUMP_AD_RATE_SURFACE,5
$VBD_PUMP_AD_RATE_APOGEE,4
$VBD_BLEED_AD_RATE,8
$UNCOM_BLEED,60
$VBD_MAXERRORS,1
$W_ADJ_DBAND,2
$DBDW,0
$PITCH_W_GAIN,0
$PITCH_W_DBAND,1
$CF8_MAXERRORS,5
$AH0_24V,145
$AH0_10V,95
$MINV_24V,19
$MINV_10V,8
$FG_AHR_10V,0
$FG_AHR_24V,0
$PHONE_SUPPLY,2
$PRESSURE_YINT,-13.51214
$PRESSURE_SLOPE,0.0001165895
$AD7714Ch0Gain,128
$TCM_PITCH_OFFSET,0
$TCM_ROLL_OFFSET,0
$COMPASS_USE,4
$ALTIM_BOTTOM_PING_RANGE,0
$ALTIM_TOP_PING_RANGE,20
$ALTIM_BOTTOM_TURN_MARGIN,25
$ALTIM_TOP_TURN_MARGIN,0
$ALTIM_TOP_MIN_OBSTACLE,1
$ALTIM_PING_DEPTH,60
$ALTIM_PING_DELTA,5
$ALTIM_FREQUENCY,13
$ALTIM_PULSE,3
$ALTIM_SENSITIVITY,4
$XPDR_VALID,5
$XPDR_INHIBIT,90
$INT_PRESSURE_SLOPE,0.0097660003
$INT_PRESSURE_YINT,-0.40000001
$DEEPGLIDER,0
$DEEPGLIDERMB,0
$MOTHERBOARD,4
$DEVICE1,2
$DEVICE2,101
$DEVICE3,38
$DEVICE4,-1
$DEVICE5,-1
$DEVICE6,-1
$LOGGERS,7
$LOGGERDEVICE1,-1
$LOGGERDEVICE2,-1
$LOGGERDEVICE3,-1
$LOGGERDEVICE4,-1
$COMPASS_DEVICE,33
$COMPASS2_DEVICE,-1
$PHONE_DEVICE,49
$GPS_DEVICE,32
$RAFOS_DEVICE,-1
$XPDR_DEVICE,24
$SIM_W,0
$SIM_PITCH,0
$SEABIRD_T_G,0.0043137739
$SEABIRD_T_H,0.00062868668
$SEABIRD_T_I,2.2691316e-05
$SEABIRD_T_J,2.2586789e-06
$SEABIRD_C_G,-10.021329
$SEABIRD_C_H,1.1236943
$SEABIRD_C_I,-0.0013673168
$SEABIRD_C_J,0.00018808816
$GPS1,020626,184417,4749.132,-12224.973,8,1.6,8,18.2
$_CALLS,1
$_XMS_NAKs,0
$_XMS_TOUTs,0
$_SM_DEPTHo,-4.46
$_SM_ANGLEo,-71.2
$GPS2,020626,184923,4749.113,-12225.005,13,1.5,13,18.2
$SPEED_LIMITS,0.178,0.275
$TGT_NAME,NORTH_175
$TGT_LATLONG,4750.320,-12225.910
$TGT_RADIUS,200.000
$KALMAN_CONTROL,0.079,0.297
$KALMAN_X,-30076.6,-183.3,-72.9,29774.7,-185.0
$KALMAN_Y,25757.5,-625.9,-357.4,-36445.5,446.9
$MHEAD_RNG_PITCHd_Wd,301.4,2502,-16.6,-10.256,-20.48,2176
$D_GRID,100
$GCHEAD,st_secs,pitch_ctl,vbd_ctl,pitch_ad_start,roll_ad_start,vbd_pot1_ad_start,vbd_pot2_ad_start,depth,ob_vertv,data_pts,end_secs,pitch_secs,roll_secs,vbd_secs,vbd_i,gcphase,pitch_i,roll_i,pitch_ad,roll_ad,vbd_ad,vbd_pot1_ad,vbd_pot2_ad,pitch_retries,pitch_errors,roll_retries,roll_errors,vbd_retries,vbd_errors,pitch_volts,roll_volts,vbd_volts
$STATE,13,end surface,CONTROL_FINISHED_OK
$STATE,13,begin dive
$GC,16,-0.73,-146.6,238,2030,484,428,0.0,0.0,0,109,0.00,0.00,-86.10,0.000,16390,0.000,0.000,238,2030,2935,3018,2852,0,0,0,0,0,0,28.83,28.83,26.44
$GC,112,-0.73,-146.6,238,2030,3019,2853,0.5,-10.0,9,131,8.95,2.15,0.00,0.000,2308,0.231,0.045,2370,3415,2940,3028,2852,0,0,0,0,0,0,24.91,25.85,28.83
$GC,236,-0.49,-146.6,2369,3415,3040,2848,34.3,-20.3,21,245,0.30,2.03,0.00,0.000,3078,0.145,0.024,2460,2009,2943,3040,2847,0,0,0,0,0,0,25.48,26.13,28.83
$GC,275,-0.33,-146.6,2460,2005,3042,2845,41.1,-16.7,25,284,0.17,2.03,0.00,0.000,2564,0.140,0.029,2516,643,2943,3042,2845,0,0,0,0,0,0,25.84,26.06,28.83
$GC,330,-0.33,-146.6,1696,643,3013,2839,47.9,-12.8,30,338,0.00,2.10,0.00,0.000,3078,0.000,0.026,2509,2032,2943,3043,2844,0,0,0,0,0,0,28.83,26.14,28.83
$GC,367,-0.33,-146.6,2509,2032,3044,2844,51.4,-8.7,34,368,0.00,0.00,0.00,0.000,2054,0.000,0.000,2509,2033,2943,3043,2844,0,0,0,0,0,0,28.83,28.83,28.83
$GC,398,-0.33,-146.6,2509,2032,3044,2844,53.6,-7.4,37,407,0.00,2.12,0.00,0.000,2308,0.000,0.041,2508,3437,2944,3045,2844,0,0,0,0,0,0,28.83,26.04,28.83
$GC,412,-0.33,-146.6,2508,3436,3045,2844,54.4,-7.7,38,420,0.00,2.03,0.00,0.000,3078,0.000,0.019,2508,2026,2944,3045,2844,0,0,0,0,0,0,28.83,26.24,28.83
$GC,449,-0.33,-146.6,2508,2025,3045,2844,58.0,-8.6,42,451,0.00,0.00,0.00,0.000,2054,0.000,0.000,2508,2025,2944,3045,2844,0,0,0,0,0,0,28.83,28.83,28.83
$GC,482,-0.33,-146.6,2507,2025,3045,2844,60.6,-8.4,45,490,0.00,2.03,0.00,0.000,2564,0.000,0.031,2508,650,2943,3045,2842,0,0,0,0,0,0,28.83,26.14,28.83
$GC,517,-0.38,-146.6,2507,650,3045,2842,63.7,-9.0,48,524,0.00,2.10,0.00,0.000,5126,0.000,0.031,2507,2032,2943,3045,2842,0,0,0,0,0,0,28.83,26.17,28.83
$GC,555,-0.45,-146.6,2507,2032,3044,2842,66.8,-7.7,52,557,0.10,0.00,0.00,0.000,4102,0.102,0.000,2458,2033,2943,3045,2842,0,0,0,0,0,0,26.38,28.83,28.83
$GC,585,-0.45,-146.6,2457,2033,3046,2840,69.4,-8.1,55,596,0.10,2.10,0.00,0.000,2308,0.159,0.037,2478,3437,2944,3048,2840,0,0,0,0,0,0,26.22,26.10,28.83
$GC,621,-0.45,-146.6,1664,3435,3020,2834,72.6,-9.2,58,629,0.00,2.05,0.00,0.000,1030,0.000,0.018,2478,2026,2944,3049,2840,0,0,0,0,0,0,28.83,26.29,28.83
$GC,659,-0.45,-146.6,2478,2025,3048,2840,76.1,-9.0,62,660,0.00,0.00,0.00,0.000,2054,0.000,0.000,2478,2026,2944,3049,2839,0,0,0,0,0,0,28.83,28.83,28.83
$GC,689,-0.45,-146.6,2478,2025,3049,2839,78.6,-8.5,65,690,0.00,0.00,0.00,0.000,2054,0.000,0.000,2479,2025,2943,3048,2839,0,0,0,0,0,0,28.83,28.83,28.83
$GC,719,-0.45,-146.6,2479,2025,3049,2839,81.4,-9.0,68,720,0.00,0.00,0.00,0.000,2054,0.000,0.000,2478,2025,2943,3048,2839,0,0,0,0,0,0,28.83,28.83,28.83
$GC,749,-0.45,-146.6,2478,2025,3049,2839,84.2,-9.1,71,750,0.00,0.00,0.00,0.000,2054,0.000,0.000,2479,2025,2944,3049,2839,0,0,0,0,0,0,28.83,28.83,28.83
$GC,779,-0.45,-146.6,2478,2025,3049,2839,86.8,-9.0,74,780,0.00,0.00,0.00,0.000,2054,0.000,0.000,2478,2025,2944,3049,2839,0,0,0,0,0,0,28.83,28.83,28.83
$GC,809,-0.45,-146.6,2478,2025,3049,2839,89.4,-8.8,77,810,0.00,0.00,0.00,0.000,2054,0.000,0.000,2478,2025,2944,3049,2839,0,0,0,0,0,0,28.83,28.83,28.83
$GC,839,-0.45,-146.6,2478,2025,3049,2839,92.1,-8.7,80,848,0.00,2.15,0.00,0.000,2308,0.000,0.041,2478,3439,2943,3048,2839,0,0,0,0,0,0,28.83,26.11,28.83
$GC,881,-0.45,-146.6,2478,3439,3049,2839,95.9,-8.8,84,885,0.00,2.03,0.00,0.000,3078,0.000,0.019,2477,2026,2944,3049,2839,0,0,0,0,0,0,28.83,26.33,28.83
$GC,923,-0.45,-146.6,2478,2022,3049,2838,99.7,-9.1,88,924,0.00,0.00,0.00,0.000,2054,0.000,0.000,2478,2022,2944,3049,2839,0,0,0,0,0,0,28.83,28.83,28.83
$STATE,933,end dive,TARGET_DEPTH_EXCEEDED
$STATE,933,begin apogee
$GC,938,-0.27,0.0,2477,2022,3049,2838,100.6,-9.1,89,1066,0.17,0.00,123.55,0.514,10246,0.135,0.000,2535,2022,2350,2440,2261,0,0,0,0,0,0,26.01,28.83,24.08
$STATE,1068,end apogee,CONTROL_FINISHED_OK
$STATE,1068,begin climb
$GC,1070,0.73,146.6,2535,2022,2439,2260,107.3,0.0,102,1194,1.02,2.30,117.22,0.503,10500,0.116,0.035,2855,3442,1766,1879,1653,0,0,0,0,0,0,25.13,25.34,24.10
$GC,1219,0.73,146.6,2855,3442,1878,1650,95.4,10.9,117,1228,0.00,2.10,0.00,0.000,3078,0.000,0.021,2857,2043,1764,1878,1650,0,0,0,0,0,0,28.83,25.63,28.83
$GC,1258,0.73,146.6,2856,2039,1878,1648,91.1,10.7,121,1259,0.00,0.00,0.00,0.000,2054,0.000,0.000,2857,2039,1763,1878,1648,0,0,0,0,0,0,28.83,28.83,28.83
$GC,1289,0.73,146.6,2857,2039,1877,1648,88.2,9.6,124,1290,0.00,0.00,0.00,0.000,2054,0.000,0.000,2857,2039,1762,1877,1648,0,0,0,0,0,0,28.83,28.83,28.83
$GC,1318,0.73,146.6,2857,2039,1876,1647,85.4,9.6,127,1328,0.00,2.15,0.00,0.000,2308,0.000,0.035,2857,3444,1761,1876,1647,0,0,0,0,0,0,28.83,25.82,28.83
$GC,1351,0.73,146.6,2856,3443,1876,1646,82.0,10.5,130,1360,0.00,2.08,0.00,0.000,1030,0.000,0.019,2864,2022,1761,1876,1646,0,0,0,0,0,0,28.83,25.98,28.83
$GC,1391,0.73,146.6,2864,2019,1876,1646,77.8,10.3,134,1400,0.00,2.08,0.00,0.000,4612,0.000,0.034,2869,646,1759,1873,1645,0,0,0,0,0,0,28.83,25.92,28.83
$GC,1405,0.73,146.6,2869,646,1873,1646,77.1,9.9,135,1413,0.00,2.08,0.00,0.000,5126,0.000,0.022,2869,2033,1759,1872,1646,0,0,0,0,0,0,28.83,26.03,28.83
$GC,1442,0.73,146.6,2869,2033,1872,1646,72.9,9.6,139,1453,0.00,2.10,0.00,0.000,4356,0.000,0.035,2869,3429,1759,1872,1646,0,0,0,0,0,0,28.83,25.97,28.83
$GC,1476,0.73,146.6,2869,3429,1872,1646,69.3,10.8,142,1485,0.00,2.05,0.00,0.000,5126,0.000,0.020,2869,2023,1759,1872,1646,0,0,0,0,0,0,28.83,26.09,28.83
$GC,1516,0.73,146.6,2869,2019,1872,1646,65.3,10.2,146,1525,0.00,2.08,0.00,0.000,4612,0.000,0.034,2869,642,1759,1872,1646,0,0,0,0,0,0,28.83,26.01,28.83
$GC,1538,0.73,146.6,2869,642,1871,1646,63.5,8.9,148,1542,0.00,2.05,0.00,0.000,5126,0.000,0.022,2869,2039,1758,1871,1646,0,0,0,0,0,0,28.83,26.13,28.83
$GC,1580,0.73,146.6,2869,2039,1871,1646,59.6,9.1,152,1589,0.00,2.10,0.00,0.000,4356,0.000,0.034,2869,3446,1758,1871,1646,0,0,0,0,0,0,28.83,26.05,28.83
$GC,1614,0.73,146.6,2000,3445,1833,1641,56.4,9.5,155,1622,0.00,2.12,0.00,0.000,5126,0.000,0.021,2869,2029,1758,1871,1646,0,0,0,0,0,0,28.83,26.06,28.83
$GC,1652,0.73,146.6,2869,2026,1871,1646,52.7,9.4,159,1653,0.00,0.00,0.00,0.000,4102,0.000,0.000,2869,2025,1758,1871,1646,0,0,0,0,0,0,28.83,28.83,28.83
$GC,1682,0.79,190.5,2868,2025,1871,1646,50.2,8.2,162,1723,0.00,2.20,35.12,0.471,10756,0.000,0.036,2869,641,1591,1706,1476,0,0,0,0,0,0,28.83,25.78,24.40
$GC,1735,0.79,190.5,2869,640,1705,1474,45.4,9.0,167,1746,0.00,2.05,0.00,0.000,3078,0.000,0.021,2869,2036,1589,1704,1474,0,0,0,0,0,0,28.83,25.91,28.83
$GC,1776,0.79,190.5,2869,2036,1703,1473,41.7,9.4,171,1777,0.00,0.00,0.00,0.000,2054,0.000,0.000,2869,2036,1588,1703,1473,0,0,0,0,0,0,28.83,28.83,28.83
$GC,1806,0.79,190.5,2869,2036,1703,1473,38.7,9.6,174,1807,0.00,0.00,0.00,0.000,2054,0.000,0.000,2869,2036,1588,1703,1473,0,0,0,0,0,0,28.83,28.83,28.83
$GC,1836,0.79,190.5,2869,2036,1702,1472,35.8,9.8,177,1837,0.00,0.00,0.00,0.000,2054,0.000,0.000,2869,2036,1587,1702,1472,0,0,0,0,0,0,28.83,28.83,28.83
$GC,1866,0.79,190.5,2869,2036,1702,1472,32.7,10.6,180,1867,0.00,0.00,0.00,0.000,2054,0.000,0.000,2869,2036,1587,1702,1472,0,0,0,0,0,0,28.83,28.83,28.83
$GC,1896,0.79,190.5,2869,2036,1702,1472,29.8,10.0,183,1905,0.00,2.10,0.00,0.000,2308,0.000,0.035,2869,3432,1587,1702,1472,0,0,0,0,0,0,28.83,25.98,28.83
$GC,1930,0.79,190.5,2016,3431,1670,1468,26.4,10.0,186,1938,0.00,2.10,0.00,0.000,3078,0.000,0.024,2869,2026,1586,1702,1471,0,0,0,0,0,0,28.83,25.34,28.83
$GC,1969,0.79,190.5,2869,2022,1702,1470,22.4,9.9,190,1978,0.00,2.10,0.00,0.000,2308,0.000,0.034,2869,3423,1586,1702,1470,0,0,0,0,0,0,28.83,26.03,28.83
$GC,2021,0.79,190.5,2869,3423,1702,1470,17.0,10.1,195,2031,0.00,2.03,0.00,0.000,3078,0.000,0.021,2869,2027,1585,1702,1469,0,0,0,0,0,0,28.83,26.17,28.83
$GC,2062,0.84,237.2,2869,2025,1702,1469,13.8,8.1,199,2105,0.10,2.22,36.88,0.451,11012,0.096,0.037,2923,3426,1403,1519,1288,0,0,0,0,0,0,26.34,25.77,24.42
$GC,2147,0.79,237.2,2016,3425,1491,1282,3.3,14.8,207,2156,0.15,2.10,0.00,0.000,5126,0.126,0.020,2883,2032,1401,1519,1284,0,0,0,0,0,0,25.56,25.95,28.83
$STATE,2161,end climb,SURFACE_DEPTH_REACHED
$STATE,2161,begin surface coast
$FINISH,-1.0,1.021712
$STATE,2183,end surface coast,CONTROL_FINISHED_OK
$STATE,2183,begin surface
$SM_CCo,2198,180.18,0.423,1,0,465,473.51
$SM_GC,-4.53,7.32,0.00,180.18,0.057,0.000,0.423,242,2027,465,-7.37,-0.08,473.51,0,0,0,0,1,0,25.91,28.83,24.23
$IRIDIUM_FIX,4729.30,-12224.09,230608,030337
$TT8_MAMPS,0.028462,0.028462
$HUMID,42.40
$INTERNAL_PRESSURE,8.15502
$TCM_TEMP,17.80
$XPDR_PINGS,107
$ALTIM_TOP_PING,19.0,23.7
$24V_AH,24.1,48.071
$10V_AH,10.0,23.236
$FG_AHR_24Vo,0.000
$FG_AHR_10Vo,0.000
$DEVICES,Pitch_motor,Roll_motor,VBD_pump_during_apogee,VBD_pump_during_surface,VBD_valve,Iridium_during_init,Iridium_during_connect,Iridium_during_xfer,Transponder_ping,GUMSTIX_24V,GPS,TT8,LPSleep,TT8_Active,TT8_Sampling,TT8_CF8,TT8_Kalman,Analog_circuits,GPS_charging,Compass,RAFOS,Transponder,Compass2
$DEVICE_SECS,18.400,67.075,312.775,180.175,0.000,22.596,18.203,158.187,29.250,0.000,16.004,591.151,589.045,613.339,778.470,135.104,0.000,1044.783,0.000,559.514,0.000,16.395,0.000
$DEVICE_MAMPS,231.030,45.135,514.080,423.045,0.000,43.600,160.000,223.000,420.000,0.000,28.460,13.960,2.190,13.960,37.930,44.670,0.000,16.000,0.000,15.730,0.000,30.000,0.000
$SENSORS,SBE_CT,AA4330,WL_BB2FLVMG,nil,nil,nil,nil,nil,nil,nil
$SENSOR_SECS,138.646,276.353,363.547,0.000,0.000,0.000,0.000,0.000,0.000,0.000
$SENSOR_MAMPS,23.220,33.000,105.000,0.000,0.000,0.000,0.000,0.000,0.000,0.000
$MEM,354108
$DATA_FILE_SIZE,13662,211
$CAP_FILE_SIZE,71225,0
$CFSIZE,260165632,244281344
$ERRORS,0,0,0,0,0,0,0,0,0,0,0,0,0,1,0,0
$CURRENT,0.070,  4.8,1
$GPS,020626,193023,4749.436,-12225.285,11,1.9,11,18.2
