version: 66.11
glider: 175
mission: 11
dive: 142
start: 5 27 126 11 48 19
data:
$ID,175
$MISSION,11
$DIVE,142
$N_DIVES,0
$D_SURF,3
$D_FLARE,3
$D_TGT,300
$D_ABORT,1090
$D_NO_BLEED,50
$D_BOOST,3
$T_BOOST,0
$D_FINISH,0
$D_PITCH,0
$D_SAFE,0
$D_CALL,0
$SURFACE_URGENCY,0
$SURFACE_URGENCY_TRY,0
$SURFACE_URGENCY_FORCE,0
$T_DIVE,65
$T_MISSION,100
$T_ABORT,1440
$T_TURN,300
$T_TURN_SAMPINT,5
$T_NO_W,120
$T_LOITER,0
$T_EPIRB,0
$USE_BATHY,0
$USE_ICE,0
$ICE_FREEZE_MARGIN,0.30000001
$D_OFFGRID,100
$T_WATCHDOG,10
$RELAUNCH,1
$APOGEE_PITCH,-8
$MAX_BUOY,150
$COURSE_BIAS,0
$GLIDE_SLOPE,30
$SPEED_FACTOR,1
$RHO,1.0235
$MASS,51878
$MASS_COMP,0
$NAV_MODE,1
$FERRY_MAX,45
$KALMAN_USE,1
$HD_A,0.0024900001
$HD_B,0.0091000004
$HD_C,5.7000002e-06
$HEADING,-1
$ESCAPE_HEADING,0
$ESCAPE_HEADING_DELTA,10
$FIX_MISSING_TIMEOUT,0
$TGT_DEFAULT_LAT,47.766998
$TGT_DEFAULT_LON,-122.413
$TGT_AUTO_DEFAULT,0
$SM_CC,423.31998
$N_FILEKB,4
$FILEMGR,0
$CALL_NDIVES,1
$COMM_SEQ,0
$PROTOCOL,9
$N_NOCOMM,1
$NOCOMM_ACTION,0
$N_NOSURFACE,0
$UPLOAD_DIVES_MAX,-1
$CALL_TRIES,5
$CALL_WAIT,60
$CAPUPLOAD,1
$CAPMAXSIZE,200000
$HEAPDBG,0
$T_GPS,15
$N_GPS,30
$T_GPS_ALMANAC,0
$T_GPS_CHARGE,-38829.684
$T_RSLEEP,2
$STROBE,0
$RAFOS_PEAK_OFFSET,1.5
$RAFOS_CORR_THRESH,60
$RAFOS_HIT_WINDOW,3600
$PITCH_MIN,255
$PITCH_MAX,3935
$C_PITCH,2671
$PITCH_DBAND,0.0099999998
$PITCH_CNV,0.003125763
$P_OVSHOOT,0.039999999
$PITCH_GAIN,30
$PITCH_TIMEOUT,17
$PITCH_AD_RATE,160
$PITCH_MAXERRORS,1
$PITCH_ADJ_GAIN,0.02
$PITCH_ADJ_DBAND,2.5
$ROLL_MIN,171
$ROLL_MAX,3723
$ROLL_DEG,40
$C_ROLL_DIVE,2030
$C_ROLL_CLIMB,2030
$HEAD_ERRBAND,10
$ROLL_CNV,0.028270001
$ROLL_TIMEOUT,15
$R_PORT_OVSHOOT,58
$R_STBD_OVSHOOT,50
$ROLL_AD_RATE,300
$ROLL_MAXERRORS,2
$ROLL_ADJ_GAIN,0
$ROLL_ADJ_DBAND,0
$VBD_MIN,465
$VBD_MAX,3960
$C_VBD,2350
$VBD_DBAND,2
$VBD_CNV,-0.25119999
$VBD_TIMEOUT,720
$PITCH_VBD_SHIFT,0.0012300001
$VBD_PUMP_AD_RATE_SURFACE,5
$VBD_PUMP_AD_RATE_APOGEE,4
$VBD_BLEED_AD_RATE,8
$UNCOM_BLEED,60
$VBD_MAXERRORS,1
$W_ADJ_DBAND,2
$DBDW,0
$PITCH_W_GAIN,0
$PITCH_W_DBAND,1
$CF8_MAXERRORS,5
$AH0_24V,145
$AH0_10V,95
$MINV_24V,19
$MINV_10V,8
$FG_AHR_10V,0
$FG_AHR_24V,0
$PHONE_SUPPLY,2
$PRESSURE_YINT,-13.51214
$PRESSURE_SLOPE,0.0001165895
$AD7714Ch0Gain,128
$TCM_PITCH_OFFSET,0
$TCM_ROLL_OFFSET,0
$COMPASS_USE,4
$ALTIM_BOTTOM_PING_RANGE,0
$ALTIM_TOP_PING_RANGE,20
$ALTIM_BOTTOM_TURN_MARGIN,25
$ALTIM_TOP_TURN_MARGIN,0
$ALTIM_TOP_MIN_OBSTACLE,1
$ALTIM_PING_DEPTH,90
$ALTIM_PING_DELTA,5
$ALTIM_FREQUENCY,13
$ALTIM_PULSE,3
$ALTIM_SENSITIVITY,3
$XPDR_VALID,5
$XPDR_INHIBIT,90
$INT_PRESSURE_SLOPE,0.0097660003
$INT_PRESSURE_YINT,-0.40000001
$DEEPGLIDER,0
$DEEPGLIDERMB,0
$MOTHERBOARD,4
$DEVICE1,2
$DEVICE2,101
$DEVICE3,38
$DEVICE4,-1
$DEVICE5,-1
$DEVICE6,-1
$LOGGERS,7
$LOGGERDEVICE1,-1
$LOGGERDEVICE2,-1
$LOGGERDEVICE3,-1
$LOGGERDEVICE4,-1
$COMPASS_DEVICE,33
$COMPASS2_DEVICE,-1
$PHONE_DEVICE,49
$GPS_DEVICE,32
$RAFOS_DEVICE,-1
$XPDR_DEVICE,24
$SIM_W,0
$SIM_PITCH,0
$SEABIRD_T_G,0.0043137739
$SEABIRD_T_H,0.00062868668
$SEABIRD_T_I,2.2691316e-05
$SEABIRD_T_J,2.2586789e-06
$SEABIRD_C_G,-10.021329
$SEABIRD_C_H,1.1236943
$SEABIRD_C_I,-0.0013673168
$SEABIRD_C_J,0.00018808816
$GPS1,270526,114252,4750.408,-12226.864,8,1.1,13,18.3
$_CALLS,1
$_XMS_NAKs,0
$_XMS_TOUTs,0
$_SM_DEPTHo,-5.15
$_SM_ANGLEo,-71.3
$GPS2,270526,114722,4750.461,-12226.931,11,1.3,16,18.3
$SPEED_LIMITS,0.266,0.310
$TGT_NAME,MIDE_175
$TGT_LATLONG,4746.000,-12224.800
$TGT_RADIUS,300.000
$KALMAN_CONTROL,0.145,-0.274
$KALMAN_X,-27274.3,9508.3,-3054.3,18298.7,-2799.3
$KALMAN_Y,14174.8,-4148.2,-2037.5,-7314.9,2036.3
$MHEAD_RNG_PITCHd_Wd,133.8,8677,-23.7,-15.385,-26.38,1456
$D_GRID,300
$GCHEAD,st_secs,pitch_ctl,vbd_ctl,pitch_ad_start,roll_ad_start,vbd_pot1_ad_start,vbd_pot2_ad_start,depth,ob_vertv,data_pts,end_secs,pitch_secs,roll_secs,vbd_secs,vbd_i,gcphase,pitch_i,roll_i,pitch_ad,roll_ad,vbd_ad,vbd_pot1_ad,vbd_pot2_ad,pitch_retries,pitch_errors,roll_retries,roll_errors,vbd_retries,vbd_errors,pitch_volts,roll_volts,vbd_volts
$STATE,14,end surface,CONTROL_FINISHED_OK
$STATE,14,begin dive
$GC,16,-0.97,-146.6,242,2024,701,609,0.0,0.0,0,101,0.00,0.00,-82.62,0.000,16390,0.000,0.000,242,2025,2934,3020,2849,0,0,0,0,0,0,28.83,28.83,26.44
$GC,104,-0.97,-146.6,242,2024,3021,2850,-2.5,-5.1,8,120,8.55,2.10,0.00,0.000,2564,0.224,0.035,2354,628,2939,3028,2851,0,0,0,0,0,0,25.13,26.01,28.83
$GC,423,-0.86,-146.6,2354,628,3039,2845,71.9,-20.0,40,433,0.17,2.08,0.00,0.000,3078,0.174,0.032,2387,2017,2942,3040,2844,0,0,0,0,0,0,25.72,26.16,28.83
$GC,463,-0.79,-146.6,2387,2018,3042,2843,79.2,-18.3,44,465,0.10,0.00,0.00,0.000,2054,0.181,0.000,2410,2018,2943,3043,2843,0,0,0,0,0,0,26.15,28.83,28.83
$GC,493,-0.79,-146.6,2410,2018,3044,2843,84.4,-17.4,47,494,0.00,0.00,0.00,0.000,2054,0.000,0.000,2410,2017,2943,3044,2843,0,0,0,0,0,0,28.83,28.83,28.83
$GC,523,-0.79,-146.6,2410,2018,3044,2843,88.8,-14.7,50,524,0.00,0.00,0.00,0.000,2054,0.000,0.000,2410,2018,2943,3044,2843,0,0,0,0,0,0,28.83,28.83,28.83
$GC,553,-0.79,-146.6,2410,2018,3044,2843,93.4,-15.1,53,554,0.00,0.00,0.00,0.000,2054,0.000,0.000,2410,2018,2943,3044,2843,0,0,0,0,0,0,28.83,28.83,28.83
$GC,583,-0.79,-146.6,2410,2018,3044,2843,97.6,-14.4,56,584,0.00,0.00,0.00,0.000,2054,0.000,0.000,2410,2018,2943,3044,2842,0,0,0,0,0,0,28.83,28.83,28.83
$GC,613,-0.79,-146.6,2410,2018,3044,2842,102.0,-14.7,59,614,0.00,0.00,0.00,0.000,2054,0.000,0.000,2410,2018,2943,3044,2842,0,0,0,0,0,0,28.83,28.83,28.83
$GC,643,-0.79,-146.6,2410,2018,3044,2842,106.3,-14.3,62,652,0.00,2.12,0.00,0.000,2308,0.000,0.044,2411,3434,2943,3045,2842,0,0,0,0,0,0,28.83,26.15,28.83
$GC,665,-0.79,-146.6,2410,3433,3045,2842,109.5,-14.2,64,677,0.00,2.03,0.00,0.000,3078,0.000,0.022,2410,2015,2943,3045,2842,0,0,0,0,0,0,28.83,26.32,28.83
$GC,706,-0.79,-146.6,2410,2014,3045,2842,115.4,-14.5,68,707,0.00,0.00,0.00,0.000,2054,0.000,0.000,2411,2014,2943,3045,2842,0,0,0,0,0,0,28.83,28.83,28.83
$GC,735,-0.79,-146.6,2410,2014,3045,2842,119.9,-14.9,71,736,0.00,0.00,0.00,0.000,2054,0.000,0.000,2410,2014,2943,3045,2842,0,0,0,0,0,0,28.83,28.83,28.83
$GC,766,-0.79,-146.6,2410,2014,3045,2842,124.1,-14.2,74,768,0.00,0.00,0.00,0.000,2054,0.000,0.000,2410,2014,2943,3045,2842,0,0,0,0,0,0,28.83,28.83,28.83
$GC,795,-0.79,-146.6,2410,2014,3045,2842,128.5,-14.5,77,796,0.00,0.00,0.00,0.000,2054,0.000,0.000,2410,2014,2943,3045,2841,0,0,0,0,0,0,28.83,28.83,28.83
$GC,825,-0.79,-146.6,2410,2014,3045,2842,132.9,-14.6,80,827,0.00,0.00,0.00,0.000,2054,0.000,0.000,2411,2014,2943,3045,2841,0,0,0,0,0,0,28.83,28.83,28.83
$GC,856,-0.79,-146.6,2410,2014,3045,2841,137.5,-15.2,83,857,0.00,0.00,0.00,0.000,2054,0.000,0.000,2411,2014,2943,3045,2842,0,0,0,0,0,0,28.83,28.83,28.83
$GC,885,-0.79,-146.6,2410,2014,3045,2841,142.1,-15.3,86,886,0.00,0.00,0.00,0.000,2054,0.000,0.000,2410,2014,2943,3045,2841,0,0,0,0,0,0,28.83,28.83,28.83
$GC,917,-0.79,-146.6,2410,2014,3045,2841,146.7,-15.3,89,924,0.00,0.00,0.00,0.000,2054,0.000,0.000,2410,2014,2943,3045,2841,0,0,0,0,0,0,28.83,28.83,28.83
$GC,955,-0.79,-146.6,2410,2013,3045,2841,152.8,-15.1,93,957,0.00,0.00,0.00,0.000,2054,0.000,0.000,2410,2014,2943,3045,2841,0,0,0,0,0,0,28.83,28.83,28.83
$GC,985,-0.79,-146.6,2410,2014,3045,2841,157.3,-15.2,96,986,0.00,0.00,0.00,0.000,2054,0.000,0.000,2410,2014,2943,3045,2841,0,0,0,0,0,0,28.83,28.83,28.83
$GC,1016,-0.79,-146.6,2410,2014,3045,2841,161.9,-15.2,99,1025,0.00,2.17,0.00,0.000,2308,0.000,0.044,2410,3438,2943,3045,2841,0,0,0,0,0,0,28.83,26.15,28.83
$GC,1058,-0.79,-146.6,2410,3438,3045,2841,168.4,-15.5,103,1067,0.00,2.03,0.00,0.000,3078,0.000,0.021,2410,2012,2943,3045,2841,0,0,0,0,0,0,28.83,26.37,28.83
$GC,1098,-0.79,-146.6,2410,2012,3046,2840,174.5,-15.2,107,1099,0.00,0.00,0.00,0.000,2054,0.000,0.000,2410,2012,2942,3045,2840,0,0,0,0,0,0,28.83,28.83,28.83
$STATE,1126,end dive,BOTTOM_OBSTACLE_DETECTED
$STATE,1126,begin apogee
$GC,1131,-0.27,0.0,2410,2012,3045,2840,178.9,-14.7,110,1261,0.52,0.00,125.25,0.568,10246,0.136,0.000,2576,2012,2350,2440,2260,0,0,0,0,0,0,25.72,28.83,24.10
$STATE,1263,end apogee,CONTROL_FINISHED_OK
$STATE,1263,begin climb
$GC,1265,0.97,146.6,2575,2012,2440,2259,185.6,0.0,123,1393,1.20,2.25,117.82,0.551,10500,0.094,0.032,2972,3445,1765,1871,1660,0,0,0,0,0,0,25.22,25.30,24.13
$GC,1428,0.86,146.6,2972,3445,1871,1655,162.2,21.9,139,1437,0.12,2.08,0.00,0.000,5126,0.193,0.021,2953,2044,1763,1871,1655,0,0,0,0,0,0,25.30,25.66,28.83
$GC,1468,0.78,146.6,2953,2041,1871,1653,153.7,21.3,143,1470,0.12,0.00,0.00,0.000,4102,0.171,0.000,2922,2039,1762,1871,1653,0,0,0,0,0,0,25.60,28.83,28.83
$GC,1498,0.78,146.6,2922,2039,1869,1653,148.2,18.9,146,1499,0.00,0.00,0.00,0.000,6,0.000,0.000,2922,2039,1761,1869,1653,0,0,0,0,0,0,28.83,28.83,28.83
$GC,1528,0.78,146.6,2922,2039,1869,1652,143.3,16.5,149,1529,0.00,0.00,0.00,0.000,6,0.000,0.000,2922,2039,1760,1869,1652,0,0,0,0,0,0,28.83,28.83,28.83
$GC,1558,0.78,146.6,2922,2039,1868,1652,138.7,15.5,152,1559,0.00,0.00,0.00,0.000,6,0.000,0.000,2922,2039,1760,1868,1652,0,0,0,0,0,0,28.83,28.83,28.83
$GC,1588,0.78,146.6,2922,2039,1869,1652,134.1,15.5,155,1597,0.00,2.12,0.00,0.000,260,0.000,0.034,2922,3454,1760,1868,1652,0,0,0,0,0,0,28.83,25.94,28.83
$GC,1613,0.78,146.6,2922,3454,1868,1651,130.5,15.6,157,1619,0.00,2.10,0.00,0.000,5126,0.000,0.021,2928,2029,1759,1868,1651,0,0,0,0,0,0,28.83,26.04,28.83
$GC,1650,0.78,146.6,2928,2025,1868,1651,123.5,17.6,161,1651,0.00,0.00,0.00,0.000,4102,0.000,0.000,2929,2025,1760,1868,1652,0,0,0,0,0,0,28.83,28.83,28.83
$GC,1680,0.78,146.6,2928,2025,1868,1651,118.4,16.7,164,1681,0.00,0.00,0.00,0.000,4102,0.000,0.000,2928,2025,1759,1868,1651,0,0,0,0,0,0,28.83,28.83,28.83
$GC,1710,0.78,146.6,2928,2025,1868,1651,113.6,16.1,167,1711,0.00,0.00,0.00,0.000,4102,0.000,0.000,2928,2025,1759,1868,1651,0,0,0,0,0,0,28.83,28.83,28.83
$GC,1740,0.78,146.6,2928,2025,1868,1651,108.6,16.7,170,1741,0.00,0.00,0.00,0.000,4102,0.000,0.000,2928,2025,1759,1868,1651,0,0,0,0,0,0,28.83,28.83,28.83
$GC,1770,0.78,146.6,2928,2025,1867,1650,103.8,16.1,173,1779,0.00,2.15,0.00,0.000,4356,0.000,0.034,2928,3452,1758,1867,1650,0,0,0,0,0,0,28.83,26.06,28.83
$GC,1801,0.78,146.6,2928,3452,1867,1650,98.4,16.5,176,1811,0.08,2.08,0.00,0.000,5126,0.205,0.019,2924,2015,1758,1867,1650,0,0,0,0,0,0,25.95,26.19,28.83
$GC,1841,0.78,146.6,2924,2011,1867,1650,92.0,16.1,180,1842,0.00,0.00,0.00,0.000,4102,0.000,0.000,2924,2011,1758,1867,1650,0,0,0,0,0,0,28.83,28.83,28.83
$GC,1871,0.78,146.6,2924,2011,1867,1650,87.7,14.3,183,1880,0.00,2.17,0.00,0.000,4356,0.000,0.034,2923,3450,1758,1867,1650,0,0,0,0,0,0,28.83,26.12,28.83
$GC,1945,0.78,146.6,2923,3450,1867,1650,76.0,17.3,190,1953,0.00,2.03,0.00,0.000,5126,0.000,0.021,2932,2039,1758,1867,1650,0,0,0,0,0,0,28.83,26.24,28.83
$GC,1983,0.78,146.6,2931,2035,1867,1650,69.1,17.3,194,1984,0.00,0.00,0.00,0.000,4102,0.000,0.000,2932,2035,1758,1867,1650,0,0,0,0,0,0,28.83,28.83,28.83
$GC,2014,0.78,146.6,2931,2035,1867,1650,64.1,17.0,197,2023,0.00,2.10,0.00,0.000,4612,0.000,0.034,2941,642,1758,1866,1650,0,0,0,0,0,0,28.83,26.17,28.83
$GC,2037,0.78,146.6,2080,641,1826,1645,60.5,16.2,199,2046,0.05,2.10,0.00,0.000,5126,0.155,0.023,2926,2052,1757,1864,1650,0,0,0,0,0,0,26.01,26.25,28.83
$GC,2076,0.78,146.6,2925,2053,1864,1650,54.1,16.0,203,2077,0.00,0.00,0.00,0.000,4102,0.000,0.000,2926,2053,1757,1865,1649,0,0,0,0,0,0,28.83,28.83,28.83
$GC,2105,0.78,146.6,2925,2053,1864,1650,49.6,15.0,206,2107,0.00,0.00,0.00,0.000,4102,0.000,0.000,2926,2053,1756,1864,1649,0,0,0,0,0,0,28.83,28.83,28.83
$GC,2136,0.78,146.6,2925,2053,1864,1649,45.1,14.9,209,2137,0.00,0.00,0.00,0.000,4102,0.000,0.000,2926,2053,1756,1864,1649,0,0,0,0,0,0,28.83,28.83,28.83
$GC,2165,0.78,146.6,2926,2053,1864,1649,40.5,15.2,212,2175,0.00,2.05,0.00,0.000,4356,0.000,0.034,2926,3425,1757,1864,1650,0,0,0,0,0,0,28.83,26.19,28.83
$GC,2189,0.78,146.6,2048,3424,1826,1645,37.0,15.6,214,2197,0.03,2.08,0.00,0.000,5126,0.219,0.020,2928,2019,1757,1864,1650,0,0,0,0,0,0,24.01,26.30,28.83
$GC,2227,0.78,146.6,2928,2017,1864,1650,30.4,16.6,218,2236,0.00,2.08,0.00,0.000,4612,0.000,0.032,2936,629,1757,1864,1650,0,0,0,0,0,0,28.83,26.20,28.83
$GC,2249,0.78,146.6,2936,629,1863,1649,26.9,16.0,220,2259,0.08,2.05,0.00,0.000,5126,0.185,0.024,2922,2038,1756,1863,1650,0,0,0,0,0,0,26.08,26.27,28.83
$GC,2290,0.78,146.6,2922,2038,1863,1650,20.8,15.5,224,2299,0.00,2.05,0.00,0.000,260,0.000,0.035,2923,3426,1756,1863,1650,0,0,0,0,0,0,28.83,26.20,28.83
$GC,2392,0.78,146.6,2922,3426,1863,1650,5.2,14.8,234,2401,0.00,2.03,0.00,0.000,5126,0.000,0.022,2923,2028,1756,1863,1650,0,0,0,0,0,0,28.83,26.30,28.83
$STATE,2410,end climb,SURFACE_DEPTH_REACHED
$STATE,2410,begin surface coast
$FINISH,0.0,1.022168
$STATE,2432,end surface coast,CONTROL_FINISHED_OK
$STATE,2432,begin surface
$SM_CCo,2448,209.98,0.432,1,0,663,423.52
$SM_GC,-5.24,7.57,0.00,209.98,0.072,0.000,0.432,243,2024,663,-7.52,-0.20,423.52,0,0,0,0,1,0,26.20,28.83,24.31
$IRIDIUM_FIX,4732.49,-12223.11,160608,202003
$TT8_MAMPS,0.027713,0.027713
$HUMID,41.96
$INTERNAL_PRESSURE,8.15502
$TCM_TEMP,17.60
$XPDR_PINGS,86
$ALTIM_TOP_PING,19.4,999.0
$ALTIM_BOTTOM_PING,145.2,58.1
$24V_AH,24.0,34.589
$10V_AH,10.0,16.088
$FG_AHR_24Vo,0.000
$FG_AHR_10Vo,0.000
$DEVICES,Pitch_motor,Roll_motor,VBD_pump_during_apogee,VBD_pump_during_surface,VBD_valve,Iridium_during_init,Iridium_during_connect,Iridium_during_xfer,Transponder_ping,GUMSTIX_24V,GPS,TT8,LPSleep,TT8_Active,TT8_Sampling,TT8_CF8,TT8_Kalman,Analog_circuits,GPS_charging,Compass,RAFOS,Transponder,Compass2
$DEVICE_SECS,18.600,46.025,243.075,209.975,0.000,24.327,16.852,126.961,25.250,0.000,18.762,668.080,777.113,556.366,821.455,128.205,33.210,986.387,0.000,621.616,0.000,27.225,0.000
$DEVICE_MAMPS,224.145,44.370,567.630,432.225,0.000,43.600,160.000,223.000,420.000,0.000,28.460,13.960,2.190,13.960,37.930,44.670,61.150,16.000,0.000,15.730,0.000,30.000,0.000
$SENSORS,SBE_CT,AA4330,WL_BB2FLVMG,nil,nil,nil,nil,nil,nil,nil
$SENSOR_SECS,159.342,312.739,410.066,0.000,0.000,0.000,0.000,0.000,0.000,0.000
$SENSOR_MAMPS,23.220,33.000,105.000,0.000,0.000,0.000,0.000,0.000,0.000,0.000
$MEM,354568
$DATA_FILE_SIZE,17062,238
$CAP_FILE_SIZE,73207,0
$CFSIZE,260165632,251002880
$ERRORS,0,0,0,0,0,0,0,0,0,0,0,0,0,1,0,0
$GPS,270526,123403,4750.507,-12226.888,13,0.9,41,18.3
