version: 66.11
glider: 175
mission: 11
dive: 227
start: 5 30 126 15 16 44
data:
$ID,175
$MISSION,11
$DIVE,227
$N_DIVES,0
$D_SURF,3
$D_FLARE,3
$D_TGT,165
$D_ABORT,1090
$D_NO_BLEED,50
$D_BOOST,3
$T_BOOST,0
$D_FINISH,0
$D_PITCH,0
$D_SAFE,0
$D_CALL,0
$SURFACE_URGENCY,0
$SURFACE_URGENCY_TRY,0
$SURFACE_URGENCY_FORCE,0
$T_DIVE,55
$T_MISSION,70
$T_ABORT,1440
$T_TURN,300
$T_TURN_SAMPINT,5
$T_NO_W,120
$T_LOITER,0
$T_EPIRB,0
$USE_BATHY,0
$USE_ICE,0
$ICE_FREEZE_MARGIN,0.30000001
$D_OFFGRID,100
$T_WATCHDOG,10
$RELAUNCH,1
$APOGEE_PITCH,-8
$MAX_BUOY,150
$COURSE_BIAS,0
$GLIDE_SLOPE,30
$SPEED_FACTOR,1
$RHO,1.0235
$MASS,51878
$MASS_COMP,0
$NAV_MODE,1
$FERRY_MAX,45
$KALMAN_USE,1
$HD_A,0.0024900001
$HD_B,0.0091000004
$HD_C,5.7000002e-06
$HEADING,-1
$ESCAPE_HEADING,0
$ESCAPE_HEADING_DELTA,10
$FIX_MISSING_TIMEOUT,0
$TGT_DEFAULT_LAT,47.766998
$TGT_DEFAULT_LON,-122.413
$TGT_AUTO_DEFAULT,0
$SM_CC,473.51199
$N_FILEKB,4
$FILEMGR,0
$CALL_NDIVES,1
$COMM_SEQ,0
$PROTOCOL,9
$N_NOCOMM,1
$NOCOMM_ACTION,0
$N_NOSURFACE,0
$UPLOAD_DIVES_MAX,-1
$CALL_TRIES,5
$CALL_WAIT,60
$CAPUPLOAD,1
$CAPMAXSIZE,200000
$HEAPDBG,0
$T_GPS,15
$N_GPS,30
$T_GPS_ALMANAC,0
$T_GPS_CHARGE,-38941.055
$T_RSLEEP,2
$STROBE,0
$RAFOS_PEAK_OFFSET,1.5
$RAFOS_CORR_THRESH,60
$RAFOS_HIT_WINDOW,3600
$PITCH_MIN,255
$PITCH_MAX,3935
$C_PITCH,2626
$PITCH_DBAND,0.0099999998
$PITCH_CNV,0.003125763
$P_OVSHOOT,0.039999999
$PITCH_GAIN,30
$PITCH_TIMEOUT,17
$PITCH_AD_RATE,160
$PITCH_MAXERRORS,1
$PITCH_ADJ_GAIN,0.02
$PITCH_ADJ_DBAND,2.5
$ROLL_MIN,171
$ROLL_MAX,3723
$ROLL_DEG,40
$C_ROLL_DIVE,2030
$C_ROLL_CLIMB,2030
$HEAD_ERRBAND,10
$ROLL_CNV,0.028270001
$ROLL_TIMEOUT,15
$R_PORT_OVSHOOT,58
$R_STBD_OVSHOOT,51
$ROLL_AD_RATE,300
$ROLL_MAXERRORS,2
$ROLL_ADJ_GAIN,0
$ROLL_ADJ_DBAND,0
$VBD_MIN,465
$VBD_MAX,3960
$C_VBD,2350
$VBD_DBAND,2
$VBD_CNV,-0.25119999
$VBD_TIMEOUT,720
$PITCH_VBD_SHIFT,0.0012300001
$VBD_PUMP_AD_RATE_SURFACE,5
$VBD_PUMP_AD_RATE_APOGEE,4
$VBD_BLEED_AD_RATE,8
$UNCOM_BLEED,60
$VBD_MAXERRORS,1
$W_ADJ_DBAND,2
$DBDW,0
$PITCH_W_GAIN,0
$PITCH_W_DBAND,1
$CF8_MAXERRORS,5
$AH0_24V,145
$AH0_10V,95
$MINV_24V,19
$MINV_10V,8
$FG_AHR_10V,0
$FG_AHR_24V,0
$PHONE_SUPPLY,2
$PRESSURE_YINT,-13.51214
$PRESSURE_SLOPE,0.0001165895
$AD7714Ch0Gain,128
$TCM_PITCH_OFFSET,0
$TCM_ROLL_OFFSET,0
$COMPASS_USE,4
$ALTIM_BOTTOM_PING_RANGE,0
$ALTIM_TOP_PING_RANGE,20
$ALTIM_BOTTOM_TURN_MARGIN,25
$ALTIM_TOP_TURN_MARGIN,0
$ALTIM_TOP_MIN_OBSTACLE,1
$ALTIM_PING_DEPTH,60
$ALTIM_PING_DELTA,5
$ALTIM_FREQUENCY,13
$ALTIM_PULSE,3
$ALTIM_SENSITIVITY,4
$XPDR_VALID,5
$XPDR_INHIBIT,90
$INT_PRESSURE_SLOPE,0.0097660003
$INT_PRESSURE_YINT,-0.40000001
$DEEPGLIDER,0
$DEEPGLIDERMB,0
$MOTHERBOARD,4
$DEVICE1,2
$DEVICE2,101
$DEVICE3,38
$DEVICE4,-1
$DEVICE5,-1
$DEVICE6,-1
$LOGGERS,7
$LOGGERDEVICE1,-1
$LOGGERDEVICE2,-1
$LOGGERDEVICE3,-1
$LOGGERDEVICE4,-1
$COMPASS_DEVICE,33
$COMPASS2_DEVICE,-1
$PHONE_DEVICE,49
$GPS_DEVICE,32
$RAFOS_DEVICE,-1
$XPDR_DEVICE,24
$SIM_W,0
$SIM_PITCH,0
$SEABIRD_T_G,0.0043137739
$SEABIRD_T_H,0.00062868668
$SEABIRD_T_I,2.2691316e-05
$SEABIRD_T_J,2.2586789e-06
$SEABIRD_C_G,-10.021329
$SEABIRD_C_H,1.1236943
$SEABIRD_C_I,-0.0013673168
$SEABIRD_C_J,0.00018808816
$GPS1,300526,150733,4746.613,-12225.039,11,0.9,33,18.2
$_CALLS,2
$_XMS_NAKs,0
$_XMS_TOUTs,0
$_SM_DEPTHo,-5.15
$_SM_ANGLEo,-70.3
$GPS2,300526,151547,4746.680,-12225.017,13,1.7,13,18.2
$SPEED_LIMITS,0.173,0.272
$TGT_NAME,MIDE_175
$TGT_LATLONG,4746.000,-12224.800
$TGT_RADIUS,300.000
$KALMAN_CONTROL,0.042,-0.269
$KALMAN_X,-28232.0,-24.1,352.3,27759.4,-192.1
$KALMAN_Y,26746.4,81.9,-539.4,-32623.2,1141.9
$MHEAD_RNG_PITCHd_Wd,153.0,1288,-16.2,-10.000,-20.17,2231
$D_GRID,165
$GCHEAD,st_secs,pitch_ctl,vbd_ctl,pitch_ad_start,roll_ad_start,vbd_pot1_ad_start,vbd_pot2_ad_start,depth,ob_vertv,data_pts,end_secs,pitch_secs,roll_secs,vbd_secs,vbd_i,gcphase,pitch_i,roll_i,pitch_ad,roll_ad,vbd_ad,vbd_pot1_ad,vbd_pot2_ad,pitch_retries,pitch_errors,roll_retries,roll_errors,vbd_retries,vbd_errors,pitch_volts,roll_volts,vbd_volts
$STATE,14,end surface,CONTROL_FINISHED_OK
$STATE,14,begin dive
$GC,16,-0.72,-146.6,247,2032,501,410,0.0,0.0,0,110,0.00,0.00,-88.32,0.000,16390,0.000,0.000,247,2033,2936,3020,2852,0,0,0,0,0,0,28.83,28.83,26.36
$GC,113,-0.72,-146.6,247,2032,3021,2853,-1.2,-7.7,9,131,8.90,2.17,0.00,0.000,2308,0.228,0.049,2372,3425,2940,3028,2853,0,0,0,0,0,0,24.88,25.81,28.83
$GC,327,-0.49,-146.6,2372,3425,3046,2845,52.7,-20.3,30,334,0.32,2.08,0.00,0.000,3078,0.148,0.028,2463,2010,2945,3046,2844,0,0,0,0,0,0,25.51,26.16,28.83
$GC,364,-0.37,-146.6,2462,2006,3048,2843,59.3,-16.5,34,366,0.15,0.00,0.00,0.000,2054,0.142,0.000,2505,2006,2945,3048,2843,0,0,0,0,0,0,26.01,28.83,28.83
$GC,394,-0.37,-146.6,2505,2006,3048,2843,62.9,-12.2,37,395,0.00,0.00,0.00,0.000,2054,0.000,0.000,2505,2006,2946,3049,2843,0,0,0,0,0,0,28.83,28.83,28.83
$GC,425,-0.42,-146.6,2505,2006,3049,2842,65.9,-10.2,40,434,0.00,2.17,0.00,0.000,4356,0.000,0.040,2504,3424,2945,3049,2842,0,0,0,0,0,0,28.83,26.03,28.83
$GC,460,-0.47,-146.6,1672,3422,3020,2837,69.4,-10.3,43,471,0.08,2.05,0.00,0.000,5126,0.060,0.018,2452,2015,2945,3049,2841,0,0,0,0,0,0,24.58,26.27,28.83
$GC,498,-0.47,-146.6,2452,2014,3049,2841,74.5,-12.4,47,500,0.08,0.00,0.00,0.000,2054,0.183,0.000,2467,2014,2945,3049,2841,0,0,0,0,0,0,26.27,28.83,28.83
$GC,528,-0.47,-146.6,2467,2014,3049,2841,78.4,-13.0,50,529,0.00,0.00,0.00,0.000,2054,0.000,0.000,2467,2014,2945,3049,2841,0,0,0,0,0,0,28.83,28.83,28.83
$GC,559,-0.47,-146.6,2467,2014,3049,2841,81.9,-12.0,53,560,0.00,0.00,0.00,0.000,2054,0.000,0.000,2467,2014,2945,3049,2841,0,0,0,0,0,0,28.83,28.83,28.83
$GC,589,-0.47,-146.6,2467,2014,3049,2841,85.6,-12.2,56,590,0.00,0.00,0.00,0.000,2054,0.000,0.000,2467,2014,2945,3049,2841,0,0,0,0,0,0,28.83,28.83,28.83
$GC,618,-0.47,-146.6,2467,2014,3049,2840,89.1,-11.7,59,619,0.00,0.00,0.00,0.000,2054,0.000,0.000,2467,2014,2944,3049,2840,0,0,0,0,0,0,28.83,28.83,28.83
$GC,650,-0.47,-146.6,2467,2014,3049,2841,92.5,-11.5,62,651,0.00,0.00,0.00,0.000,2054,0.000,0.000,2467,2014,2945,3050,2840,0,0,0,0,0,0,28.83,28.83,28.83
$GC,679,-0.47,-146.6,2467,2014,3049,2840,95.9,-11.3,65,688,0.00,2.12,0.00,0.000,2308,0.000,0.041,2464,3421,2944,3049,2840,0,0,0,0,0,0,28.83,26.08,28.83
$GC,713,-0.47,-146.6,1664,3419,3021,2834,99.4,-10.9,68,721,0.00,2.03,0.00,0.000,3078,0.000,0.024,2464,2045,2944,3049,2840,0,0,0,0,0,0,28.83,24.16,28.83
$GC,751,-0.47,-146.6,2464,2044,3049,2836,103.9,-11.3,72,752,0.00,0.00,0.00,0.000,2054,0.000,0.000,2464,2045,2944,3049,2840,0,0,0,0,0,0,28.83,28.83,28.83
$GC,782,-0.47,-146.6,2464,2045,3049,2840,107.1,-10.8,75,784,0.00,0.00,0.00,0.000,2054,0.000,0.000,2464,2045,2944,3049,2840,0,0,0,0,0,0,28.83,28.83,28.83
$GC,812,-0.47,-146.6,2464,2044,3049,2840,110.1,-9.8,78,813,0.00,0.00,0.00,0.000,2054,0.000,0.000,2464,2045,2944,3049,2840,0,0,0,0,0,0,28.83,28.83,28.83
$GC,841,-0.47,-146.6,2464,2045,3049,2840,113.1,-9.9,81,842,0.00,0.00,0.00,0.000,2054,0.000,0.000,2465,2044,2944,3049,2840,0,0,0,0,0,0,28.83,28.83,28.83
$GC,873,-0.47,-146.6,2464,2044,3049,2840,116.3,-10.7,84,874,0.00,0.00,0.00,0.000,2054,0.000,0.000,2464,2045,2945,3050,2840,0,0,0,0,0,0,28.83,28.83,28.83
$GC,902,-0.47,-146.6,2464,2045,3049,2839,119.4,-10.5,87,914,0.00,2.10,0.00,0.000,2308,0.000,0.041,2465,3424,2945,3050,2840,0,0,0,0,0,0,28.83,26.10,28.83
$GC,937,-0.47,-146.6,2464,3423,3049,2840,123.1,-10.4,90,946,0.00,2.00,0.00,0.000,3078,0.000,0.019,2464,2020,2944,3049,2839,0,0,0,0,0,0,28.83,26.33,28.83
$GC,978,-0.47,-146.6,2464,2020,3049,2839,127.5,-10.9,94,979,0.00,0.00,0.00,0.000,2054,0.000,0.000,2464,2019,2944,3049,2839,0,0,0,0,0,0,28.83,28.83,28.83
$GC,1008,-0.47,-146.6,2464,2020,3049,2839,130.6,-10.6,97,1009,0.00,0.00,0.00,0.000,2054,0.000,0.000,2464,2020,2944,3049,2839,0,0,0,0,0,0,28.83,28.83,28.83
$GC,1037,-0.47,-146.6,2464,2020,3049,2839,133.8,-10.7,100,1046,0.00,2.15,0.00,0.000,2308,0.000,0.041,2464,3428,2944,3049,2839,0,0,0,0,0,0,28.83,26.10,28.83
$GC,1075,-0.47,-146.6,1648,3427,3020,2833,137.8,-11.0,103,1082,0.00,2.05,0.00,0.000,3078,0.000,0.019,2464,2025,2944,3049,2839,0,0,0,0,0,0,28.83,26.34,28.83
$GC,1113,-0.47,-146.6,2464,2024,3049,2839,142.3,-11.3,107,1114,0.00,0.00,0.00,0.000,2054,0.000,0.000,2464,2025,2944,3049,2839,0,0,0,0,0,0,28.83,28.83,28.83
$GC,1143,-0.47,-146.6,2464,2024,3049,2839,145.6,-11.1,110,1144,0.00,0.00,0.00,0.000,2054,0.000,0.000,2464,2025,2944,3049,2839,0,0,0,0,0,0,28.83,28.83,28.83
$GC,1173,-0.47,-146.6,2464,2025,3049,2839,149.0,-11.3,113,1174,0.00,0.00,0.00,0.000,2054,0.000,0.000,2465,2025,2944,3049,2839,0,0,0,0,0,0,28.83,28.83,28.83
$GC,1203,-0.47,-146.6,2464,2024,3049,2839,152.3,-10.8,116,1204,0.00,0.00,0.00,0.000,2054,0.000,0.000,2464,2025,2943,3049,2838,0,0,0,0,0,0,28.83,28.83,28.83
$STATE,1221,end dive,BOTTOM_OBSTACLE_DETECTED
$STATE,1221,begin apogee
$GC,1226,-0.27,0.0,2464,2025,3049,2838,154.4,-10.9,118,1356,0.20,0.00,124.95,0.554,10246,0.134,0.000,2530,2024,2349,2439,2260,0,0,0,0,0,0,25.95,28.83,24.01
$STATE,1358,end apogee,CONTROL_FINISHED_OK
$STATE,1358,begin climb
$GC,1360,0.72,146.6,2530,2025,2438,2259,162.9,0.0,131,1487,1.00,2.25,117.47,0.542,11012,0.110,0.035,2847,3423,1765,1877,1654,0,0,0,0,0,0,25.13,25.30,24.04
$GC,1516,0.72,146.6,2847,3424,1877,1650,153.1,9.6,147,1525,0.00,2.05,0.00,0.000,1030,0.000,0.019,2856,2043,1763,1877,1650,0,0,0,0,0,0,28.83,25.64,28.83
$GC,1556,0.72,146.6,2856,2040,1877,1648,148.6,11.4,151,1565,0.00,2.15,0.00,0.000,516,0.000,0.034,2857,633,1761,1874,1648,0,0,0,0,0,0,28.83,25.69,28.83
$GC,1598,0.72,146.6,2856,632,1871,1648,144.3,10.3,155,1601,0.00,2.10,0.00,0.000,1030,0.000,0.024,2857,2038,1759,1870,1649,0,0,0,0,0,0,28.83,25.83,28.83
$GC,1639,0.72,146.6,2857,2038,1870,1648,139.7,10.8,159,1648,0.00,2.08,0.00,0.000,260,0.000,0.034,2857,3427,1759,1870,1648,0,0,0,0,0,0,28.83,25.86,28.83
$GC,1701,0.72,146.6,2856,3428,1870,1648,132.4,12.4,165,1710,0.00,2.05,0.00,0.000,1030,0.000,0.020,2857,2024,1759,1871,1647,0,0,0,0,0,0,28.83,26.03,28.83
$GC,1741,0.72,146.6,2857,2021,1871,1648,127.9,11.3,169,1742,0.00,0.00,0.00,0.000,6,0.000,0.000,2857,2021,1759,1870,1648,0,0,0,0,0,0,28.83,28.83,28.83
$GC,1771,0.72,146.6,2857,2021,1870,1648,124.8,10.3,172,1772,0.00,0.00,0.00,0.000,6,0.000,0.000,2857,2021,1759,1870,1648,0,0,0,0,0,0,28.83,28.83,28.83
$GC,1801,0.72,146.6,2857,2021,1870,1648,121.7,10.2,175,1810,0.00,2.12,0.00,0.000,260,0.000,0.034,2857,3435,1758,1870,1647,0,0,0,0,0,0,28.83,26.00,28.83
$GC,1825,0.72,146.6,2857,3435,1870,1647,119.5,10.3,177,1832,0.00,2.10,0.00,0.000,1030,0.000,0.024,2857,2018,1758,1870,1647,0,0,0,0,0,0,28.83,26.10,28.83
$GC,1863,0.72,146.6,2857,2014,1870,1647,115.5,10.1,181,1865,0.00,0.00,0.00,0.000,6,0.000,0.000,2857,2014,1758,1870,1647,0,0,0,0,0,0,28.83,28.83,28.83
$GC,1893,0.72,146.6,2857,2014,1870,1647,112.8,8.9,184,1894,0.00,0.00,0.00,0.000,6,0.000,0.000,2857,2014,1758,1870,1647,0,0,0,0,0,0,28.83,28.83,28.83
$GC,1923,0.72,146.6,2857,2014,1870,1646,110.1,9.0,187,1924,0.00,0.00,0.00,0.000,6,0.000,0.000,2857,2014,1758,1870,1647,0,0,0,0,0,0,28.83,28.83,28.83
$GC,1953,0.72,146.6,2857,2014,1870,1647,107.4,9.0,190,1962,0.00,2.12,0.00,0.000,260,0.000,0.034,2857,3428,1758,1870,1646,0,0,0,0,0,0,28.83,26.08,28.83
$GC,1985,0.72,146.6,2857,3428,1870,1646,103.9,10.6,193,1994,0.00,2.05,0.00,0.000,1030,0.000,0.020,2857,2022,1758,1870,1646,0,0,0,0,0,0,28.83,26.18,28.83
$GC,2025,0.72,146.6,2856,2018,1870,1646,99.6,10.8,197,2026,0.00,0.00,0.00,0.000,6,0.000,0.000,2857,2018,1758,1870,1646,0,0,0,0,0,0,28.83,28.83,28.83
$GC,2055,0.72,146.6,2856,2017,1870,1646,96.6,10.0,200,2056,0.00,0.00,0.00,0.000,6,0.000,0.000,2857,2018,1758,1870,1646,0,0,0,0,0,0,28.83,28.83,28.83
$GC,2085,0.72,146.6,2857,2018,1871,1646,93.8,9.5,203,2086,0.00,0.00,0.00,0.000,6,0.000,0.000,2858,2018,1758,1870,1646,0,0,0,0,0,0,28.83,28.83,28.83
$GC,2115,0.72,146.6,2857,2018,1871,1646,90.8,9.6,206,2116,0.00,0.00,0.00,0.000,6,0.000,0.000,2857,2018,1758,1870,1646,0,0,0,0,0,0,28.83,28.83,28.83
$GC,2145,0.72,146.6,2857,2018,1870,1646,87.9,9.6,209,2146,0.00,0.00,0.00,0.000,6,0.000,0.000,2857,2018,1758,1870,1646,0,0,0,0,0,0,28.83,28.83,28.83
$GC,2175,0.72,146.6,2857,2018,1870,1646,85.3,9.1,212,2176,0.00,0.00,0.00,0.000,6,0.000,0.000,2857,2018,1758,1870,1646,0,0,0,0,0,0,28.83,28.83,28.83
$GC,2205,0.72,146.6,2857,2018,1870,1646,82.5,9.2,215,2214,0.00,2.12,0.00,0.000,260,0.000,0.034,2857,3431,1758,1871,1646,0,0,0,0,0,0,28.83,26.13,28.83
$GC,2247,0.72,146.6,2857,3432,1870,1646,78.1,10.9,219,2256,0.00,2.05,0.00,0.000,1030,0.000,0.019,2857,2016,1758,1870,1646,0,0,0,0,0,0,28.83,26.26,28.83
$GC,2287,0.72,146.6,2857,2012,1870,1645,74.4,9.4,223,2288,0.00,0.00,0.00,0.000,6,0.000,0.000,2857,2012,1758,1870,1646,0,0,0,0,0,0,28.83,28.83,28.83
$GC,2317,0.72,146.6,2857,2012,1870,1646,71.6,9.0,226,2318,0.00,0.00,0.00,0.000,6,0.000,0.000,2857,2012,1757,1870,1645,0,0,0,0,0,0,28.83,28.83,28.83
$GC,2347,0.72,146.6,2857,2012,1870,1645,69.0,8.7,229,2348,0.00,0.00,0.00,0.000,6,0.000,0.000,2857,2012,1757,1870,1645,0,0,0,0,0,0,28.83,28.83,28.83
$GC,2377,0.72,146.6,2857,2012,1870,1645,66.4,8.7,232,2378,0.00,0.00,0.00,0.000,6,0.000,0.000,2857,2012,1758,1870,1646,0,0,0,0,0,0,28.83,28.83,28.83
$GC,2407,0.77,191.2,2857,2012,1870,1646,64.1,8.0,235,2450,0.00,2.22,36.03,0.488,10500,0.000,0.034,2857,3425,1587,1702,1472,0,0,0,0,0,0,28.83,25.85,24.45
$GC,2511,0.77,191.2,2857,3425,1701,1468,54.6,9.7,245,2518,0.00,2.08,0.00,0.000,3078,0.000,0.020,2857,2026,1584,1701,1467,0,0,0,0,0,0,28.83,26.02,28.83
$GC,2548,0.77,191.2,2857,2022,1701,1465,50.8,9.5,249,2549,0.00,0.00,0.00,0.000,2054,0.000,0.000,2857,2022,1583,1701,1466,0,0,0,0,0,0,28.83,28.83,28.83
$GC,2578,0.77,191.2,2857,2022,1701,1465,48.1,8.9,252,2579,0.00,0.00,0.00,0.000,2054,0.000,0.000,2857,2022,1583,1701,1465,0,0,0,0,0,0,28.83,28.83,28.83
$GC,2608,0.77,191.2,2857,2022,1701,1465,45.5,8.7,255,2609,0.00,0.00,0.00,0.000,2054,0.000,0.000,2857,2022,1583,1701,1465,0,0,0,0,0,0,28.83,28.83,28.83
$GC,2638,0.77,191.2,2857,2022,1701,1464,43.1,8.4,258,2647,0.00,2.12,0.00,0.000,2308,0.000,0.034,2857,3426,1582,1701,1464,0,0,0,0,0,0,28.83,26.00,28.83
$GC,2672,0.77,191.2,2857,3426,1701,1464,40.3,8.6,261,2679,0.00,2.08,0.00,0.000,3078,0.000,0.020,2857,2033,1582,1701,1464,0,0,0,0,0,0,28.83,26.13,28.83
$GC,2710,0.77,191.2,2857,2029,1701,1464,36.8,8.5,265,2711,0.00,0.00,0.00,0.000,2054,0.000,0.000,2857,2029,1582,1701,1464,0,0,0,0,0,0,28.83,28.83,28.83
$GC,2740,0.77,191.2,2857,2029,1701,1464,34.3,8.5,268,2741,0.00,0.00,0.00,0.000,2054,0.000,0.000,2857,2029,1582,1701,1463,0,0,0,0,0,0,28.83,28.83,28.83
$GC,2770,0.77,191.2,2857,2029,1701,1464,31.8,8.4,271,2779,0.00,2.12,0.00,0.000,2308,0.000,0.034,2857,3442,1582,1701,1464,0,0,0,0,0,0,28.83,26.07,28.83
$GC,2803,0.77,191.2,2000,3440,1669,1460,28.7,9.3,274,2811,0.00,2.10,0.00,0.000,3078,0.000,0.020,2857,2031,1582,1701,1463,0,0,0,0,0,0,28.83,26.19,28.83
$GC,2842,0.77,191.2,2857,2026,1701,1463,24.8,9.9,278,2843,0.00,0.00,0.00,0.000,2054,0.000,0.000,2857,2026,1582,1701,1463,0,0,0,0,0,0,28.83,28.83,28.83
$GC,2871,0.77,191.2,2857,2026,1701,1463,22.0,9.4,281,2873,0.00,0.00,0.00,0.000,2054,0.000,0.000,2857,2026,1582,1701,1463,0,0,0,0,0,0,28.83,28.83,28.83
$GC,2904,0.77,191.2,2857,2026,1701,1463,19.2,9.2,284,2912,0.00,2.10,0.00,0.000,2308,0.000,0.034,2857,3432,1582,1701,1463,0,0,0,0,0,0,28.83,26.10,28.83
$GC,2927,0.77,191.2,2857,3432,1701,1463,16.9,9.5,286,2935,0.00,2.10,0.00,0.000,3078,0.000,0.020,2857,2022,1582,1701,1463,0,0,0,0,0,0,28.83,26.23,28.83
$GC,2966,0.77,191.2,2857,2018,1701,1463,13.2,9.0,290,2967,0.00,0.00,0.00,0.000,2054,0.000,0.000,2857,2018,1582,1701,1463,0,0,0,0,0,0,28.83,28.83,28.83
$GC,2996,0.77,191.2,2856,2018,1701,1463,10.9,8.1,293,2997,0.00,0.00,0.00,0.000,2054,0.000,0.000,2857,2018,1582,1701,1463,0,0,0,0,0,0,28.83,28.83,28.83
$GC,3025,0.77,191.2,2857,2018,1701,1463,8.2,8.7,296,3026,0.00,0.00,0.00,0.000,2054,0.000,0.000,2857,2018,1582,1701,1463,0,0,0,0,0,0,28.83,28.83,28.83
$GC,3055,0.77,191.2,2857,2018,1701,1463,5.8,8.2,299,3056,0.00,0.00,0.00,0.000,2054,0.000,0.000,2857,2018,1582,1701,1463,0,0,0,0,0,0,28.83,28.83,28.83
$GC,3086,0.84,243.4,2857,2018,1701,1463,3.6,7.6,302,3097,0.12,0.00,8.38,0.407,10242,0.083,0.000,2921,2018,1550,1667,1433,0,0,0,0,0,0,26.40,28.83,28.83
$STATE,3098,end climb,SURFACE_DEPTH_REACHED
$STATE,3098,begin surface coast
$FINISH,-0.7,1.021991
$STATE,3125,end surface coast,CONTROL_FINISHED_OK
$STATE,3125,begin surface
$SM_CCo,3141,207.38,0.431,1,0,464,473.51
$SM_GC,-5.29,7.57,0.00,207.38,0.070,0.000,0.431,246,2018,464,-7.37,-0.34,473.51,0,0,0,0,1,0,26.04,28.83,24.22
$IRIDIUM_FIX,4726.11,-12224.09,200608,000006
$TT8_MAMPS,0.027713,0.027713
$HUMID,42.04
$INTERNAL_PRESSURE,8.14525
$TCM_TEMP,17.60
$XPDR_PINGS,132
$ALTIM_TOP_PING,19.2,24.6
$ALTIM_BOTTOM_PING,136.3,43.2
$24V_AH,24.0,41.519
$10V_AH,10.0,19.678
$FG_AHR_24Vo,0.000
$FG_AHR_10Vo,0.000
$DEVICES,Pitch_motor,Roll_motor,VBD_pump_during_apogee,VBD_pump_during_surface,VBD_valve,Iridium_during_init,Iridium_during_connect,Iridium_during_xfer,Transponder_ping,GUMSTIX_24V,GPS,TT8,LPSleep,TT8_Active,TT8_Sampling,TT8_CF8,TT8_Kalman,Analog_circuits,GPS_charging,Compass,RAFOS,Transponder,Compass2
$DEVICE_SECS,18.425,63.100,286.825,207.375,0.000,55.053,60.303,209.348,37.500,0.000,16.128,866.344,1087.275,623.247,1100.572,181.460,33.256,1152.028,0.000,759.626,0.000,30.092,0.000
$DEVICE_MAMPS,227.970,48.960,553.860,430.695,0.000,43.600,160.000,223.000,420.000,0.000,28.460,13.960,2.190,13.960,37.930,44.670,61.150,16.000,0.000,15.730,0.000,30.000,0.000
$SENSORS,SBE_CT,AA4330,WL_BB2FLVMG,nil,nil,nil,nil,nil,nil,nil
$SENSOR_SECS,205.903,402.276,527.348,0.000,0.000,0.000,0.000,0.000,0.000,0.000
$SENSOR_MAMPS,23.220,33.000,105.000,0.000,0.000,0.000,0.000,0.000,0.000,0.000
$MEM,354508
$DATA_FILE_SIZE,20320,306
$CAP_FILE_SIZE,97682,0
$CFSIZE,260165632,247599104
$ERRORS,0,0,0,0,0,0,0,0,0,0,0,0,0,1,0,0
$GPS,300526,161346,4746.864,-12225.115,11,1.1,28,18.2
