version: 66.11
glider: 175
mission: 11
dive: 377
start: 6 5 126 14 3 43
data:
$ID,175
$MISSION,11
$DIVE,377
$N_DIVES,0
$D_SURF,3
$D_FLARE,3
$D_TGT,150
$D_ABORT,1090
$D_NO_BLEED,50
$D_BOOST,3
$T_BOOST,0
$D_FINISH,0
$D_PITCH,0
$D_SAFE,0
$D_CALL,0
$SURFACE_URGENCY,0
$SURFACE_URGENCY_TRY,0
$SURFACE_URGENCY_FORCE,0
$T_DIVE,50
$T_MISSION,75
$T_ABORT,1440
$T_TURN,300
$T_TURN_SAMPINT,5
$T_NO_W,120
$T_LOITER,0
$T_EPIRB,0
$USE_BATHY,-1
$USE_ICE,0
$ICE_FREEZE_MARGIN,0.30000001
$D_OFFGRID,100
$T_WATCHDOG,10
$RELAUNCH,1
$APOGEE_PITCH,-8
$MAX_BUOY,150
$COURSE_BIAS,0
$GLIDE_SLOPE,30
$SPEED_FACTOR,1
$RHO,1.0235
$MASS,51878
$MASS_COMP,0
$NAV_MODE,2
$FERRY_MAX,45
$KALMAN_USE,2
$HD_A,0.0024900001
$HD_B,0.0091000004
$HD_C,5.7000002e-06
$HEADING,-1
$ESCAPE_HEADING,0
$ESCAPE_HEADING_DELTA,10
$FIX_MISSING_TIMEOUT,0
$TGT_DEFAULT_LAT,47.766998
$TGT_DEFAULT_LON,-122.413
$TGT_AUTO_DEFAULT,0
$SM_CC,473.51199
$N_FILEKB,4
$FILEMGR,0
$CALL_NDIVES,1
$COMM_SEQ,0
$PROTOCOL,9
$N_NOCOMM,1
$NOCOMM_ACTION,0
$N_NOSURFACE,0
$UPLOAD_DIVES_MAX,-1
$CALL_TRIES,5
$CALL_WAIT,60
$CAPUPLOAD,1
$CAPMAXSIZE,200000
$HEAPDBG,0
$T_GPS,15
$N_GPS,30
$T_GPS_ALMANAC,0
$T_GPS_CHARGE,-39356.258
$T_RSLEEP,2
$STROBE,0
$RAFOS_PEAK_OFFSET,1.5
$RAFOS_CORR_THRESH,60
$RAFOS_HIT_WINDOW,3600
$PITCH_MIN,255
$PITCH_MAX,3935
$C_PITCH,2626
$PITCH_DBAND,0.0099999998
$PITCH_CNV,0.003125763
$P_OVSHOOT,0.039999999
$PITCH_GAIN,30
$PITCH_TIMEOUT,17
$PITCH_AD_RATE,160
$PITCH_MAXERRORS,1
$PITCH_ADJ_GAIN,0.02
$PITCH_ADJ_DBAND,2.5
$ROLL_MIN,171
$ROLL_MAX,3723
$ROLL_DEG,40
$C_ROLL_DIVE,2030
$C_ROLL_CLIMB,2030
$HEAD_ERRBAND,10
$ROLL_CNV,0.028270001
$ROLL_TIMEOUT,15
$R_PORT_OVSHOOT,60
$R_STBD_OVSHOOT,49
$ROLL_AD_RATE,300
$ROLL_MAXERRORS,2
$ROLL_ADJ_GAIN,0
$ROLL_ADJ_DBAND,0
$VBD_MIN,465
$VBD_MAX,3960
$C_VBD,2350
$VBD_DBAND,2
$VBD_CNV,-0.25119999
$VBD_TIMEOUT,720
$PITCH_VBD_SHIFT,0.0012300001
$VBD_PUMP_AD_RATE_SURFACE,5
$VBD_PUMP_AD_RATE_APOGEE,4
$VBD_BLEED_AD_RATE,8
$UNCOM_BLEED,60
$VBD_MAXERRORS,1
$W_ADJ_DBAND,2
$DBDW,0
$PITCH_W_GAIN,0
$PITCH_W_DBAND,1
$CF8_MAXERRORS,5
$AH0_24V,145
$AH0_10V,95
$MINV_24V,19
$MINV_10V,8
$FG_AHR_10V,0
$FG_AHR_24V,0
$PHONE_SUPPLY,2
$PRESSURE_YINT,-13.51214
$PRESSURE_SLOPE,0.0001165895
$AD7714Ch0Gain,128
$TCM_PITCH_OFFSET,0
$TCM_ROLL_OFFSET,0
$COMPASS_USE,4
$ALTIM_BOTTOM_PING_RANGE,0
$ALTIM_TOP_PING_RANGE,20
$ALTIM_BOTTOM_TURN_MARGIN,25
$ALTIM_TOP_TURN_MARGIN,0
$ALTIM_TOP_MIN_OBSTACLE,1
$ALTIM_PING_DEPTH,60
$ALTIM_PING_DELTA,5
$ALTIM_FREQUENCY,13
$ALTIM_PULSE,3
$ALTIM_SENSITIVITY,4
$XPDR_VALID,5
$XPDR_INHIBIT,90
$INT_PRESSURE_SLOPE,0.0097660003
$INT_PRESSURE_YINT,-0.40000001
$DEEPGLIDER,0
$DEEPGLIDERMB,0
$MOTHERBOARD,4
$DEVICE1,2
$DEVICE2,101
$DEVICE3,38
$DEVICE4,-1
$DEVICE5,-1
$DEVICE6,-1
$LOGGERS,7
$LOGGERDEVICE1,-1
$LOGGERDEVICE2,-1
$LOGGERDEVICE3,-1
$LOGGERDEVICE4,-1
$COMPASS_DEVICE,33
$COMPASS2_DEVICE,-1
$PHONE_DEVICE,49
$GPS_DEVICE,32
$RAFOS_DEVICE,-1
$XPDR_DEVICE,24
$SIM_W,0
$SIM_PITCH,0
$SEABIRD_T_G,0.0043137739
$SEABIRD_T_H,0.00062868668
$SEABIRD_T_I,2.2691316e-05
$SEABIRD_T_J,2.2586789e-06
$SEABIRD_C_G,-10.021329
$SEABIRD_C_H,1.1236943
$SEABIRD_C_I,-0.0013673168
$SEABIRD_C_J,0.00018808816
$GPS1,050626,135810,4751.930,-12222.830,22,1.8,28,18.2
$_CALLS,1
$_XMS_NAKs,0
$_XMS_TOUTs,0
$_SM_DEPTHo,-5.67
$_SM_ANGLEo,-67.5
$GPS2,050626,140317,4751.908,-12222.905,11,1.9,11,18.2
$SPEED_LIMITS,0.173,0.272
$TGT_NAME,EAST_175
$TGT_LATLONG,4751.420,-12221.650
$TGT_RADIUS,200.000
$KALMAN_CONTROL,0.079,0.297
$KALMAN_X,-30076.6,-183.3,-72.9,29774.7,-185.0
$KALMAN_Y,25757.5,-625.9,-357.4,-36445.5,446.9
$MHEAD_RNG_PITCHd_Wd,101.9,1802,-16.2,-10.000,-20.17,2231
$D_GRID,100
$GCHEAD,st_secs,pitch_ctl,vbd_ctl,pitch_ad_start,roll_ad_start,vbd_pot1_ad_start,vbd_pot2_ad_start,depth,ob_vertv,data_pts,end_secs,pitch_secs,roll_secs,vbd_secs,vbd_i,gcphase,pitch_i,roll_i,pitch_ad,roll_ad,vbd_ad,vbd_pot1_ad,vbd_pot2_ad,pitch_retries,pitch_errors,roll_retries,roll_errors,vbd_retries,vbd_errors,pitch_volts,roll_volts,vbd_volts
$STATE,13,end surface,CONTROL_FINISHED_OK
$STATE,13,begin dive
$GC,15,-0.72,-146.6,232,2037,482,430,0.0,0.0,0,108,0.00,0.00,-85.03,0.000,16390,0.000,0.000,232,2037,2936,3021,2851,0,0,0,0,0,0,28.83,28.83,26.44
$GC,111,-0.72,-146.6,232,2037,3022,2852,-0.8,-9.9,9,130,8.98,2.15,0.00,0.000,2564,0.228,0.032,2393,643,2941,3031,2851,0,0,0,0,0,0,24.81,25.90,28.83
$GC,247,-0.51,-146.6,1568,643,3005,2843,31.7,-19.1,22,256,0.28,2.08,0.00,0.000,3078,0.155,0.029,2458,2023,2943,3039,2848,0,0,0,0,0,0,25.48,26.06,28.83
$GC,284,-0.36,-146.6,2458,2023,3040,2846,38.1,-15.9,26,286,0.17,0.00,0.00,0.000,2054,0.145,0.000,2507,2023,2943,3041,2846,0,0,0,0,0,0,25.87,28.83,28.83
$GC,314,-0.36,-146.6,2507,2023,3043,2845,41.6,-12.5,29,315,0.00,0.00,0.00,0.000,6,0.000,0.000,2507,2023,2944,3043,2845,0,0,0,0,0,0,28.83,28.83,28.83
$GC,344,-0.36,-146.6,2507,2023,3043,2845,44.6,-10.1,32,345,0.00,0.00,0.00,0.000,6,0.000,0.000,2507,2023,2944,3044,2845,0,0,0,0,0,0,28.83,28.83,28.83
$GC,375,-0.36,-146.6,2507,2023,3044,2845,47.5,-9.8,35,384,0.00,2.12,0.00,0.000,260,0.000,0.040,2507,3439,2944,3044,2845,0,0,0,0,0,0,28.83,26.01,28.83
$GC,437,-0.36,-146.6,2506,3439,3046,2845,53.6,-9.5,41,446,0.00,2.05,0.00,0.000,1030,0.000,0.018,2507,2008,2945,3046,2845,0,0,0,0,0,0,28.83,26.25,28.83
$GC,477,-0.36,-146.6,2506,2007,3046,2844,57.6,-9.9,45,478,0.00,0.00,0.00,0.000,2054,0.000,0.000,2507,2007,2945,3046,2844,0,0,0,0,0,0,28.83,28.83,28.83
$GC,508,-0.36,-146.6,2507,2007,3046,2844,60.4,-9.4,48,509,0.00,0.00,0.00,0.000,2054,0.000,0.000,2507,2007,2945,3046,2844,0,0,0,0,0,0,28.83,28.83,28.83
$GC,537,-0.36,-146.6,2506,2007,3046,2844,63.3,-9.9,51,538,0.00,0.00,0.00,0.000,2054,0.000,0.000,2507,2007,2945,3046,2844,0,0,0,0,0,0,28.83,28.83,28.83
$GC,567,-0.36,-146.6,2507,2007,3046,2844,66.1,-9.4,54,576,0.00,2.17,0.00,0.000,2308,0.000,0.041,2507,3432,2945,3046,2844,0,0,0,0,0,0,28.83,26.05,28.83
$GC,609,-0.36,-146.6,2506,3432,3047,2844,69.9,-9.3,58,613,0.00,2.05,0.00,0.000,1030,0.000,0.023,2507,2022,2945,3046,2844,0,0,0,0,0,0,28.83,26.11,28.83
$GC,651,-0.36,-146.6,2507,2018,3046,2844,73.6,-8.7,62,652,0.00,0.00,0.00,0.000,2054,0.000,0.000,2507,2018,2945,3046,2844,0,0,0,0,0,0,28.83,28.83,28.83
$GC,682,-0.36,-146.6,2507,2018,3046,2844,76.1,-8.4,65,684,0.00,0.00,0.00,0.000,6,0.000,0.000,2507,2018,2945,3046,2844,0,0,0,0,0,0,28.83,28.83,28.83
$GC,712,-0.36,-146.6,2506,2018,3046,2844,78.7,-8.8,68,721,0.00,2.17,0.00,0.000,2308,0.000,0.040,2507,3442,2945,3046,2844,0,0,0,0,0,0,28.83,26.07,28.83
$GC,746,-0.36,-146.6,2506,3442,3046,2844,81.6,-8.8,71,754,0.00,2.08,0.00,0.000,1030,0.000,0.018,2507,2028,2945,3046,2844,0,0,0,0,0,0,28.83,26.31,28.83
$GC,786,-0.41,-146.6,2506,2027,3047,2843,85.1,-8.8,75,792,0.00,0.00,0.00,0.000,4102,0.000,0.000,2507,2027,2945,3047,2843,0,0,0,0,0,0,28.83,28.83,28.83
$GC,825,-0.41,-146.6,2506,2027,3047,2843,88.5,-8.6,79,826,0.00,0.00,0.00,0.000,4102,0.000,0.000,2507,2027,2945,3047,2843,0,0,0,0,0,0,28.83,28.83,28.83
$GC,854,-0.41,-146.6,2507,2027,3047,2843,91.1,-8.8,82,855,0.00,0.00,0.00,0.000,4102,0.000,0.000,2507,2027,2945,3047,2843,0,0,0,0,0,0,28.83,28.83,28.83
$GC,884,-0.41,-146.6,2506,2027,3047,2843,93.6,-8.5,85,885,0.00,0.00,0.00,0.000,4102,0.000,0.000,2507,2027,2944,3046,2843,0,0,0,0,0,0,28.83,28.83,28.83
$GC,914,-0.41,-146.6,2507,2027,3047,2843,96.1,-8.2,88,915,0.00,0.00,0.00,0.000,4102,0.000,0.000,2507,2027,2945,3047,2843,0,0,0,0,0,0,28.83,28.83,28.83
$GC,945,-0.41,-146.6,2507,2027,3047,2843,98.5,-8.0,91,946,0.00,0.00,0.00,0.000,4102,0.000,0.000,2507,2026,2944,3046,2843,0,0,0,0,0,0,28.83,28.83,28.83
$STATE,963,end dive,TARGET_DEPTH_EXCEEDED
$STATE,963,begin apogee
$GC,968,-0.27,0.0,2506,2027,3046,2843,100.2,-8.4,93,1097,0.10,0.00,124.68,0.509,10246,0.153,0.000,2541,2026,2349,2438,2261,0,0,0,0,0,0,26.19,28.83,24.02
$STATE,1099,end apogee,CONTROL_FINISHED_OK
$STATE,1099,begin climb
$GC,1101,0.72,146.6,2541,2027,2437,2260,107.0,0.0,106,1224,0.98,0.00,117.85,0.500,10758,0.113,0.000,2847,2026,1765,1878,1653,0,0,0,0,0,0,25.13,28.83,24.04
$GC,1255,0.77,190.3,2847,2026,1873,1650,97.4,8.0,122,1295,0.10,0.00,35.12,0.483,10246,0.093,0.000,2896,2026,1591,1704,1478,0,0,0,0,0,0,25.72,28.83,24.12
$GC,1324,0.77,190.3,2895,2026,1702,1475,89.5,11.9,129,1334,0.10,2.17,0.00,0.000,4356,0.160,0.032,2873,3438,1588,1702,1475,0,0,0,0,0,0,25.63,25.62,28.83
$GC,1349,0.77,190.3,2016,3437,1670,1470,86.5,12.5,131,1358,0.00,2.12,0.00,0.000,5126,0.000,0.019,2881,2041,1587,1702,1473,0,0,0,0,0,0,28.83,25.79,28.83
$GC,1388,0.77,190.3,2881,2038,1701,1473,81.4,12.6,135,1389,0.00,0.00,0.00,0.000,4102,0.000,0.000,2881,2038,1587,1701,1473,0,0,0,0,0,0,28.83,28.83,28.83
$GC,1417,0.77,190.3,2880,2037,1702,1472,78.0,11.8,138,1426,0.00,2.15,0.00,0.000,4356,0.000,0.034,2881,3444,1586,1701,1472,0,0,0,0,0,0,28.83,25.83,28.83
$GC,1449,0.77,190.3,2881,3443,1702,1472,73.7,12.8,141,1458,0.00,2.10,0.00,0.000,5126,0.000,0.021,2882,2026,1586,1701,1471,0,0,0,0,0,0,28.83,25.96,28.83
$GC,1489,0.77,190.3,2882,2023,1702,1471,68.6,12.9,145,1491,0.00,0.00,0.00,0.000,4102,0.000,0.000,2882,2023,1586,1702,1471,0,0,0,0,0,0,28.83,28.83,28.83
$GC,1520,0.77,190.3,2882,2022,1701,1470,65.1,12.0,148,1522,0.00,0.00,0.00,0.000,4102,0.000,0.000,2882,2022,1586,1701,1471,0,0,0,0,0,0,28.83,28.83,28.83
$GC,1549,0.77,190.3,2882,2022,1702,1470,61.5,11.8,151,1551,0.00,0.00,0.00,0.000,4102,0.000,0.000,2882,2022,1586,1702,1470,0,0,0,0,0,0,28.83,28.83,28.83
$GC,1580,0.77,190.3,2882,2022,1701,1470,58.1,11.5,154,1589,0.00,2.15,0.00,0.000,4356,0.000,0.035,2883,3439,1585,1701,1470,0,0,0,0,0,0,28.83,25.98,28.83
$GC,1612,0.77,190.3,2882,3439,1701,1469,54.0,12.2,157,1621,0.00,2.08,0.00,0.000,5126,0.000,0.021,2882,2025,1585,1701,1469,0,0,0,0,0,0,28.83,26.11,28.83
$GC,1652,0.77,190.3,2882,2021,1701,1469,49.1,12.1,161,1653,0.00,0.00,0.00,0.000,4102,0.000,0.000,2882,2021,1585,1701,1469,0,0,0,0,0,0,28.83,28.83,28.83
$GC,1683,0.77,190.3,2882,2021,1701,1469,45.7,11.4,164,1692,0.00,2.12,0.00,0.000,4356,0.000,0.035,2882,3438,1585,1701,1469,0,0,0,0,0,0,28.83,26.03,28.83
$GC,1715,0.77,190.3,2882,3438,1701,1469,41.8,12.1,167,1725,0.00,2.08,0.00,0.000,5126,0.000,0.020,2882,2019,1585,1701,1469,0,0,0,0,0,0,28.83,26.17,28.83
$GC,1754,0.77,190.3,2883,2016,1701,1469,37.1,11.5,171,1756,0.00,0.00,0.00,0.000,4102,0.000,0.000,2883,2016,1585,1701,1469,0,0,0,0,0,0,28.83,28.83,28.83
$GC,1785,0.77,190.3,2882,2016,1701,1469,33.9,10.9,174,1786,0.00,0.00,0.00,0.000,4102,0.000,0.000,2883,2015,1585,1701,1469,0,0,0,0,0,0,28.83,28.83,28.83
$GC,1814,0.77,190.3,2882,2015,1702,1469,30.7,10.7,177,1815,0.00,0.00,0.00,0.000,4102,0.000,0.000,2883,2015,1585,1701,1469,0,0,0,0,0,0,28.83,28.83,28.83
$GC,1845,0.77,190.3,2883,2015,1701,1469,27.6,10.4,180,1854,0.00,2.12,0.00,0.000,4356,0.000,0.034,2883,3432,1585,1701,1469,0,0,0,0,0,0,28.83,26.09,28.83
$GC,1879,0.77,190.3,2883,3432,1701,1469,23.7,11.4,183,1887,0.00,2.08,0.00,0.000,5126,0.000,0.021,2883,2026,1584,1701,1468,0,0,0,0,0,0,28.83,26.21,28.83
$GC,1918,0.77,190.3,2883,2023,1701,1468,19.3,10.8,187,1919,0.00,0.00,0.00,0.000,4102,0.000,0.000,2883,2023,1584,1701,1468,0,0,0,0,0,0,28.83,28.83,28.83
$GC,1947,0.77,190.3,2883,2022,1701,1468,16.5,9.5,190,1948,0.00,0.00,0.00,0.000,4102,0.000,0.000,2883,2022,1584,1701,1468,0,0,0,0,0,0,28.83,28.83,28.83
$GC,1977,0.77,190.3,2883,2022,1701,1468,14.1,8.4,193,1978,0.00,0.00,0.00,0.000,4102,0.000,0.000,2883,2022,1584,1701,1468,0,0,0,0,0,0,28.83,28.83,28.83
$GC,2007,0.84,243.3,2883,2022,1701,1468,11.8,7.6,196,2057,0.00,2.20,41.65,0.453,10500,0.000,0.034,2883,3438,1379,1497,1262,0,0,0,0,0,0,28.83,25.78,24.36
$STATE,2098,end climb,SURFACE_DEPTH_REACHED
$STATE,2098,begin surface coast
$FINISH,-0.2,1.022189
$STATE,2121,end surface coast,CONTROL_FINISHED_OK
$STATE,2122,begin surface
$SM_CCo,2139,177.15,0.422,1,0,464,473.51
$SM_GC,-5.66,7.35,2.15,177.15,0.057,0.021,0.422,239,2032,464,-7.37,1.64,473.51,0,0,0,0,1,0,25.95,25.97,24.18
$IRIDIUM_FIX,4732.49,-12218.68,250608,222254
$TT8_MAMPS,0.027713,0.027713
$HUMID,42.75
$INTERNAL_PRESSURE,8.15502
$TCM_TEMP,17.60
$XPDR_PINGS,93
$ALTIM_TOP_PING,19.3,25.3
$24V_AH,24.0,54.378
$10V_AH,9.9,26.405
$FG_AHR_24Vo,0.000
$FG_AHR_10Vo,0.000
$DEVICES,Pitch_motor,Roll_motor,VBD_pump_during_apogee,VBD_pump_during_surface,VBD_valve,Iridium_during_init,Iridium_during_connect,Iridium_during_xfer,Transponder_ping,GUMSTIX_24V,GPS,TT8,LPSleep,TT8_Active,TT8_Sampling,TT8_CF8,TT8_Kalman,Analog_circuits,GPS_charging,Compass,RAFOS,Transponder,Compass2
$DEVICE_SECS,18.050,42.400,319.300,177.150,0.000,24.802,17.581,158.846,25.750,0.000,13.850,580.222,609.292,583.446,737.063,135.394,0.000,972.007,0.000,524.126,0.000,16.403,0.000
$DEVICE_MAMPS,227.970,40.545,509.490,422.280,0.000,43.600,160.000,223.000,420.000,0.000,28.460,13.960,2.190,13.960,37.930,44.670,0.000,16.000,0.000,15.730,0.000,30.000,0.000
$SENSORS,SBE_CT,AA4330,WL_BB2FLVMG,nil,nil,nil,nil,nil,nil,nil
$SENSOR_SECS,137.034,271.378,356.605,0.000,0.000,0.000,0.000,0.000,0.000,0.000
$SENSOR_MAMPS,23.220,33.000,105.000,0.000,0.000,0.000,0.000,0.000,0.000,0.000
$MEM,354112
$DATA_FILE_SIZE,13661,207
$CAP_FILE_SIZE,64995,0
$CFSIZE,260165632,241242112
$ERRORS,0,0,0,0,0,0,0,0,0,0,0,0,0,1,0,0
$CURRENT,0.067,323.9,1
$GPS,050626,144333,4751.809,-12222.552,12,1.0,28,18.2
