version: 66.11
glider: 175
mission: 11
dive: 199
start: 5 29 126 9 56 27
data:
$ID,175
$MISSION,11
$DIVE,199
$N_DIVES,0
$D_SURF,3
$D_FLARE,3
$D_TGT,165
$D_ABORT,1090
$D_NO_BLEED,50
$D_BOOST,3
$T_BOOST,0
$D_FINISH,0
$D_PITCH,0
$D_SAFE,0
$D_CALL,0
$SURFACE_URGENCY,0
$SURFACE_URGENCY_TRY,0
$SURFACE_URGENCY_FORCE,0
$T_DIVE,55
$T_MISSION,70
$T_ABORT,1440
$T_TURN,300
$T_TURN_SAMPINT,5
$T_NO_W,120
$T_LOITER,0
$T_EPIRB,0
$USE_BATHY,0
$USE_ICE,0
$ICE_FREEZE_MARGIN,0.30000001
$D_OFFGRID,100
$T_WATCHDOG,10
$RELAUNCH,1
$APOGEE_PITCH,-8
$MAX_BUOY,150
$COURSE_BIAS,0
$GLIDE_SLOPE,30
$SPEED_FACTOR,1
$RHO,1.0235
$MASS,51878
$MASS_COMP,0
$NAV_MODE,1
$FERRY_MAX,45
$KALMAN_USE,1
$HD_A,0.0024900001
$HD_B,0.0091000004
$HD_C,5.7000002e-06
$HEADING,-1
$ESCAPE_HEADING,0
$ESCAPE_HEADING_DELTA,10
$FIX_MISSING_TIMEOUT,0
$TGT_DEFAULT_LAT,47.766998
$TGT_DEFAULT_LON,-122.413
$TGT_AUTO_DEFAULT,0
$SM_CC,423.31998
$N_FILEKB,4
$FILEMGR,0
$CALL_NDIVES,1
$COMM_SEQ,0
$PROTOCOL,9
$N_NOCOMM,1
$NOCOMM_ACTION,0
$N_NOSURFACE,0
$UPLOAD_DIVES_MAX,-1
$CALL_TRIES,5
$CALL_WAIT,60
$CAPUPLOAD,1
$CAPMAXSIZE,200000
$HEAPDBG,0
$T_GPS,15
$N_GPS,30
$T_GPS_ALMANAC,0
$T_GPS_CHARGE,-38904.152
$T_RSLEEP,2
$STROBE,0
$RAFOS_PEAK_OFFSET,1.5
$RAFOS_CORR_THRESH,60
$RAFOS_HIT_WINDOW,3600
$PITCH_MIN,255
$PITCH_MAX,3935
$C_PITCH,2626
$PITCH_DBAND,0.0099999998
$PITCH_CNV,0.003125763
$P_OVSHOOT,0.039999999
$PITCH_GAIN,30
$PITCH_TIMEOUT,17
$PITCH_AD_RATE,160
$PITCH_MAXERRORS,1
$PITCH_ADJ_GAIN,0.02
$PITCH_ADJ_DBAND,2.5
$ROLL_MIN,171
$ROLL_MAX,3723
$ROLL_DEG,40
$C_ROLL_DIVE,2030
$C_ROLL_CLIMB,2030
$HEAD_ERRBAND,10
$ROLL_CNV,0.028270001
$ROLL_TIMEOUT,15
$R_PORT_OVSHOOT,59
$R_STBD_OVSHOOT,49
$ROLL_AD_RATE,300
$ROLL_MAXERRORS,2
$ROLL_ADJ_GAIN,0
$ROLL_ADJ_DBAND,0
$VBD_MIN,465
$VBD_MAX,3960
$C_VBD,2350
$VBD_DBAND,2
$VBD_CNV,-0.25119999
$VBD_TIMEOUT,720
$PITCH_VBD_SHIFT,0.0012300001
$VBD_PUMP_AD_RATE_SURFACE,5
$VBD_PUMP_AD_RATE_APOGEE,4
$VBD_BLEED_AD_RATE,8
$UNCOM_BLEED,60
$VBD_MAXERRORS,1
$W_ADJ_DBAND,2
$DBDW,0
$PITCH_W_GAIN,0
$PITCH_W_DBAND,1
$CF8_MAXERRORS,5
$AH0_24V,145
$AH0_10V,95
$MINV_24V,19
$MINV_10V,8
$FG_AHR_10V,0
$FG_AHR_24V,0
$PHONE_SUPPLY,2
$PRESSURE_YINT,-13.51214
$PRESSURE_SLOPE,0.0001165895
$AD7714Ch0Gain,128
$TCM_PITCH_OFFSET,0
$TCM_ROLL_OFFSET,0
$COMPASS_USE,4
$ALTIM_BOTTOM_PING_RANGE,0
$ALTIM_TOP_PING_RANGE,20
$ALTIM_BOTTOM_TURN_MARGIN,25
$ALTIM_TOP_TURN_MARGIN,0
$ALTIM_TOP_MIN_OBSTACLE,1
$ALTIM_PING_DEPTH,60
$ALTIM_PING_DELTA,5
$ALTIM_FREQUENCY,13
$ALTIM_PULSE,3
$ALTIM_SENSITIVITY,4
$XPDR_VALID,5
$XPDR_INHIBIT,90
$INT_PRESSURE_SLOPE,0.0097660003
$INT_PRESSURE_YINT,-0.40000001
$DEEPGLIDER,0
$DEEPGLIDERMB,0
$MOTHERBOARD,4
$DEVICE1,2
$DEVICE2,101
$DEVICE3,38
$DEVICE4,-1
$DEVICE5,-1
$DEVICE6,-1
$LOGGERS,7
$LOGGERDEVICE1,-1
$LOGGERDEVICE2,-1
$LOGGERDEVICE3,-1
$LOGGERDEVICE4,-1
$COMPASS_DEVICE,33
$COMPASS2_DEVICE,-1
$PHONE_DEVICE,49
$GPS_DEVICE,32
$RAFOS_DEVICE,-1
$XPDR_DEVICE,24
$SIM_W,0
$SIM_PITCH,0
$SEABIRD_T_G,0.0043137739
$SEABIRD_T_H,0.00062868668
$SEABIRD_T_I,2.2691316e-05
$SEABIRD_T_J,2.2586789e-06
$SEABIRD_C_G,-10.021329
$SEABIRD_C_H,1.1236943
$SEABIRD_C_I,-0.0013673168
$SEABIRD_C_J,0.00018808816
$GPS1,290526,094927,4743.349,-12225.532,41,1.1,45,18.2
$_CALLS,1
$_XMS_NAKs,0
$_XMS_TOUTs,0
$_SM_DEPTHo,-5.71
$_SM_ANGLEo,-71.2
$GPS2,290526,095529,4743.359,-12225.503,13,2.0,13,18.2
$SPEED_LIMITS,0.173,0.272
$TGT_NAME,MIDW_175
$TGT_LATLONG,4746.000,-12225.100
$TGT_RADIUS,300.000
$KALMAN_CONTROL,0.174,0.210
$KALMAN_X,-28068.1,948.7,276.1,26093.7,-460.7
$KALMAN_Y,26302.8,-2934.2,-957.5,-34883.1,402.8
$MHEAD_RNG_PITCHd_Wd,21.5,4916,-16.2,-10.000,-20.17,2231
$D_GRID,165
$GCHEAD,st_secs,pitch_ctl,vbd_ctl,pitch_ad_start,roll_ad_start,vbd_pot1_ad_start,vbd_pot2_ad_start,depth,ob_vertv,data_pts,end_secs,pitch_secs,roll_secs,vbd_secs,vbd_i,gcphase,pitch_i,roll_i,pitch_ad,roll_ad,vbd_ad,vbd_pot1_ad,vbd_pot2_ad,pitch_retries,pitch_errors,roll_retries,roll_errors,vbd_retries,vbd_errors,pitch_volts,roll_volts,vbd_volts
$STATE,14,end surface,CONTROL_FINISHED_OK
$STATE,14,begin dive
$GC,16,-0.72,-146.6,244,2022,711,600,0.0,0.0,0,105,0.00,0.00,-82.28,0.000,16390,0.000,0.000,244,2022,2938,3022,2854,0,0,0,0,0,0,28.83,28.83,26.08
$GC,108,-0.72,-146.6,244,2022,3022,2849,-0.9,-9.4,9,126,9.15,2.15,0.00,0.000,2308,0.237,0.042,2373,3424,2939,3030,2849,0,0,0,0,0,0,24.86,25.86,28.83
$GC,433,-0.50,-146.6,2372,3423,3047,2841,80.3,-21.3,41,442,0.28,2.00,0.00,0.000,3078,0.137,0.023,2457,2005,2944,3047,2841,0,0,0,0,0,0,25.59,26.24,28.83
$GC,471,-0.37,-146.6,2457,2002,3048,2839,86.9,-16.3,45,473,0.17,0.00,0.00,0.000,2054,0.139,0.000,2508,2002,2944,3049,2839,0,0,0,0,0,0,25.98,28.83,28.83
$GC,502,-0.37,-146.6,2507,2002,3049,2839,90.1,-11.4,48,503,0.00,0.00,0.00,0.000,6,0.000,0.000,2508,2002,2943,3049,2838,0,0,0,0,0,0,28.83,28.83,28.83
$GC,531,-0.44,-146.6,2507,2002,3049,2838,92.5,-8.2,51,541,0.08,2.17,0.00,0.000,4356,0.125,0.037,2465,3431,2943,3049,2838,0,0,0,0,0,0,26.39,26.07,28.83
$GC,575,-0.44,-146.6,2465,3431,3050,2838,96.9,-9.9,55,585,0.08,2.00,0.00,0.000,3078,0.166,0.018,2482,2013,2944,3050,2838,0,0,0,0,0,0,26.10,26.30,28.83
$GC,616,-0.44,-146.6,2481,2012,3049,2838,101.0,-10.1,59,617,0.00,0.00,0.00,0.000,2054,0.000,0.000,2482,2012,2943,3050,2837,0,0,0,0,0,0,28.83,28.83,28.83
$GC,646,-0.44,-146.6,2482,2012,3050,2837,104.2,-10.4,62,647,0.00,0.00,0.00,0.000,2054,0.000,0.000,2482,2013,2943,3050,2837,0,0,0,0,0,0,28.83,28.83,28.83
$GC,675,-0.44,-146.6,2482,2012,3050,2837,107.9,-11.8,65,677,0.00,0.00,0.00,0.000,2054,0.000,0.000,2482,2012,2943,3050,2837,0,0,0,0,0,0,28.83,28.83,28.83
$GC,707,-0.44,-146.6,2482,2012,3050,2837,111.9,-13.1,68,708,0.00,0.00,0.00,0.000,2054,0.000,0.000,2482,2012,2943,3050,2837,0,0,0,0,0,0,28.83,28.83,28.83
$GC,736,-0.44,-146.6,2482,2012,3050,2837,115.6,-12.6,71,737,0.00,0.00,0.00,0.000,2054,0.000,0.000,2482,2012,2943,3050,2837,0,0,0,0,0,0,28.83,28.83,28.83
$GC,766,-0.44,-146.6,2481,2012,3050,2837,119.1,-12.0,74,776,0.00,2.15,0.00,0.000,2308,0.000,0.041,2478,3425,2943,3050,2837,0,0,0,0,0,0,28.83,26.10,28.83
$GC,840,-0.44,-146.6,2478,3425,3050,2837,127.7,-11.2,81,849,0.00,1.98,0.00,0.000,3078,0.000,0.019,2478,2033,2943,3050,2837,0,0,0,0,0,0,28.83,26.34,28.83
$GC,881,-0.44,-146.6,2477,2033,3050,2837,133.0,-13.3,85,882,0.00,0.00,0.00,0.000,2054,0.000,0.000,2478,2032,2944,3051,2837,0,0,0,0,0,0,28.83,28.83,28.83
$GC,910,-0.44,-146.6,2478,2032,3050,2837,136.3,-11.8,88,911,0.00,0.00,0.00,0.000,2054,0.000,0.000,2478,2032,2943,3050,2837,0,0,0,0,0,0,28.83,28.83,28.83
$GC,940,-0.44,-146.6,2477,2032,3050,2837,139.4,-10.4,91,941,0.00,0.00,0.00,0.000,2054,0.000,0.000,2478,2032,2943,3050,2837,0,0,0,0,0,0,28.83,28.83,28.83
$GC,971,-0.44,-146.6,2477,2032,3050,2837,142.9,-11.2,94,980,0.00,2.10,0.00,0.000,2308,0.000,0.041,2478,3424,2943,3050,2837,0,0,0,0,0,0,28.83,26.12,28.83
$GC,1015,-0.44,-146.6,1672,3422,3021,2831,147.4,-10.2,98,1023,0.00,2.03,0.00,0.000,3078,0.000,0.019,2477,2035,2943,3050,2836,0,0,0,0,0,0,28.83,26.34,28.83
$GC,1055,-0.44,-146.6,2477,2033,3050,2836,151.2,-10.0,102,1061,0.00,0.00,0.00,0.000,2054,0.000,0.000,2478,2033,2943,3050,2836,0,0,0,0,0,0,28.83,28.83,28.83
$GC,1094,-0.44,-146.6,2477,2033,3050,2836,155.4,-10.1,106,1095,0.00,0.00,0.00,0.000,2054,0.000,0.000,2478,2033,2943,3050,2836,0,0,0,0,0,0,28.83,28.83,28.83
$GC,1124,-0.44,-146.6,2477,2033,3050,2836,158.6,-11.0,109,1125,0.00,0.00,0.00,0.000,2054,0.000,0.000,2478,2033,2943,3050,2837,0,0,0,0,0,0,28.83,28.83,28.83
$GC,1153,-0.44,-146.6,2477,2033,3050,2836,161.8,-10.7,112,1155,0.00,0.00,0.00,0.000,2054,0.000,0.000,2477,2033,2943,3050,2836,0,0,0,0,0,0,28.83,28.83,28.83
$GC,1184,-0.44,-146.6,2477,2034,3050,2836,164.9,-10.7,115,1194,0.00,2.12,0.00,0.000,2308,0.000,0.041,2478,3431,2943,3050,2836,0,0,0,0,0,0,28.83,26.13,28.83
$STATE,1197,end dive,TARGET_DEPTH_EXCEEDED
$STATE,1197,begin apogee
$GC,1203,-0.27,0.0,2477,2015,3051,2836,165.9,-10.7,116,1337,0.17,0.00,124.00,0.562,10246,0.131,0.000,2535,2011,2349,2440,2258,0,0,0,0,0,0,26.03,28.83,24.03
$STATE,1339,end apogee,CONTROL_FINISHED_OK
$STATE,1339,begin climb
$GC,1341,0.72,146.6,2534,2010,2440,2257,175.6,0.0,130,1467,0.98,0.00,117.65,0.551,10758,0.107,0.000,2849,2010,1765,1878,1652,0,0,0,0,0,0,25.17,28.83,24.05
$GC,1497,0.72,146.6,2849,2010,1874,1649,165.1,9.5,146,1498,0.00,0.00,0.00,0.000,2054,0.000,0.000,2849,2010,1762,1874,1650,0,0,0,0,0,0,28.83,28.83,28.83
$GC,1526,0.72,146.6,2849,2010,1873,1649,162.3,9.3,149,1535,0.00,2.20,0.00,0.000,2308,0.000,0.034,2849,3438,1761,1873,1649,0,0,0,0,0,0,28.83,25.67,28.83
$GC,1558,0.72,146.6,2849,3438,1873,1648,159.1,10.2,152,1567,0.00,2.05,0.00,0.000,1030,0.000,0.019,2856,2042,1760,1873,1647,0,0,0,0,0,0,28.83,25.84,28.83
$GC,1598,0.72,146.6,2856,2038,1873,1647,154.8,10.8,156,1599,0.00,0.00,0.00,0.000,6,0.000,0.000,2857,2038,1760,1873,1647,0,0,0,0,0,0,28.83,28.83,28.83
$GC,1628,0.72,146.6,2856,2038,1873,1646,151.4,11.3,159,1629,0.00,0.00,0.00,0.000,6,0.000,0.000,2856,2038,1759,1873,1646,0,0,0,0,0,0,28.83,28.83,28.83
$GC,1658,0.72,146.6,2856,2038,1873,1646,148.0,11.0,162,1659,0.00,0.00,0.00,0.000,6,0.000,0.000,2856,2038,1759,1873,1646,0,0,0,0,0,0,28.83,28.83,28.83
$GC,1688,0.72,146.6,2856,2038,1873,1646,144.5,11.8,165,1697,0.00,2.10,0.00,0.000,260,0.000,0.030,2857,3446,1758,1872,1645,0,0,0,0,0,0,28.83,25.97,28.83
$GC,1712,0.72,146.6,2856,3446,1872,1645,142.1,11.4,167,1720,0.00,2.12,0.00,0.000,1030,0.000,0.021,2857,2035,1758,1872,1645,0,0,0,0,0,0,28.83,25.36,28.83
$GC,1751,0.66,146.6,2856,2030,1873,1645,136.9,12.8,171,1760,0.08,2.10,0.00,0.000,4356,0.187,0.031,2841,3433,1759,1873,1645,0,0,0,0,0,0,26.12,26.00,28.83
$GC,1783,0.66,146.6,2841,3433,1873,1645,132.7,13.2,174,1792,0.00,2.05,0.00,0.000,5126,0.000,0.019,2842,2017,1759,1873,1645,0,0,0,0,0,0,28.83,26.13,28.83
$GC,1823,0.66,146.6,2842,2014,1873,1645,127.9,12.4,178,1825,0.00,0.00,0.00,0.000,4102,0.000,0.000,2842,2014,1759,1873,1645,0,0,0,0,0,0,28.83,28.83,28.83
$GC,1853,0.66,146.6,2842,2014,1873,1645,124.6,10.7,181,1854,0.00,0.00,0.00,0.000,4102,0.000,0.000,2842,2013,1759,1873,1645,0,0,0,0,0,0,28.83,28.83,28.83
$GC,1883,0.66,146.6,2842,2014,1873,1645,121.7,9.7,184,1884,0.00,0.00,0.00,0.000,4102,0.000,0.000,2842,2014,1758,1872,1645,0,0,0,0,0,0,28.83,28.83,28.83
$GC,1913,0.66,146.6,2842,2014,1872,1645,118.4,10.9,187,1922,0.00,2.15,0.00,0.000,4356,0.000,0.035,2842,3430,1758,1872,1645,0,0,0,0,0,0,28.83,26.07,28.83
$GC,1945,0.66,146.6,2842,3431,1872,1644,114.7,11.6,190,1955,0.00,2.03,0.00,0.000,5126,0.000,0.020,2843,2033,1758,1872,1644,0,0,0,0,0,0,28.83,26.19,28.83
$GC,1985,0.66,146.6,2842,2028,1872,1644,110.0,11.7,194,1986,0.00,0.00,0.00,0.000,4102,0.000,0.000,2842,2028,1758,1872,1644,0,0,0,0,0,0,28.83,28.83,28.83
$GC,2015,0.66,146.6,2842,2028,1872,1644,106.9,10.3,197,2016,0.00,0.00,0.00,0.000,4102,0.000,0.000,2842,2028,1758,1872,1644,0,0,0,0,0,0,28.83,28.83,28.83
$GC,2045,0.66,146.6,2842,2028,1872,1644,103.8,10.4,200,2054,0.00,2.12,0.00,0.000,4356,0.000,0.034,2842,3433,1758,1872,1644,0,0,0,0,0,0,28.83,26.11,28.83
$GC,2079,0.66,146.6,1984,3432,1834,1639,100.6,9.9,203,2086,0.00,2.10,0.00,0.000,5126,0.000,0.021,2843,2032,1758,1872,1644,0,0,0,0,0,0,28.83,26.06,28.83
$GC,2117,0.66,146.6,2842,2027,1872,1644,96.7,10.0,207,2118,0.00,0.00,0.00,0.000,4102,0.000,0.000,2843,2027,1758,1872,1644,0,0,0,0,0,0,28.83,28.83,28.83
$GC,2147,0.66,146.6,2842,2027,1872,1644,93.5,10.4,210,2156,0.00,2.12,0.00,0.000,4356,0.000,0.034,2843,3436,1758,1872,1644,0,0,0,0,0,0,28.83,26.15,28.83
$GC,2189,0.66,146.6,2842,3436,1872,1644,88.4,12.2,214,2198,0.00,2.05,0.00,0.000,5126,0.000,0.019,2843,2014,1758,1872,1644,0,0,0,0,0,0,28.83,26.26,28.83
$GC,2229,0.66,146.6,2842,2012,1872,1644,84.5,9.8,218,2230,0.00,0.00,0.00,0.000,4102,0.000,0.000,2843,2012,1758,1872,1644,0,0,0,0,0,0,28.83,28.83,28.83
$GC,2259,0.66,146.6,2842,2012,1872,1644,82.1,8.2,221,2260,0.00,0.00,0.00,0.000,4102,0.000,0.000,2842,2012,1758,1872,1644,0,0,0,0,0,0,28.83,28.83,28.83
$GC,2289,0.66,146.6,2842,2012,1872,1644,79.4,8.8,224,2290,0.00,0.00,0.00,0.000,4102,0.000,0.000,2843,2012,1758,1872,1644,0,0,0,0,0,0,28.83,28.83,28.83
$GC,2319,0.66,146.6,2842,2012,1872,1644,76.5,9.5,227,2320,0.00,0.00,0.00,0.000,4102,0.000,0.000,2843,2012,1758,1872,1644,0,0,0,0,0,0,28.83,28.83,28.83
$GC,2349,0.66,146.6,2842,2012,1872,1643,73.2,11.1,230,2358,0.00,2.15,0.00,0.000,4356,0.000,0.034,2843,3438,1758,1872,1644,0,0,0,0,0,0,28.83,26.17,28.83
$GC,2381,0.66,146.6,2842,3437,1872,1644,69.6,11.0,233,2390,0.00,2.03,0.00,0.000,5126,0.000,0.020,2843,2030,1757,1871,1644,0,0,0,0,0,0,28.83,26.29,28.83
$GC,2421,0.66,146.6,2842,2027,1872,1644,65.9,9.5,237,2422,0.00,0.00,0.00,0.000,4102,0.000,0.000,2843,2027,1758,1872,1644,0,0,0,0,0,0,28.83,28.83,28.83
$GC,2451,0.66,146.6,2842,2027,1872,1644,63.3,8.4,240,2452,0.00,0.00,0.00,0.000,4102,0.000,0.000,2843,2027,1758,1872,1644,0,0,0,0,0,0,28.83,28.83,28.83
$GC,2481,0.66,146.6,2842,2027,1872,1644,60.9,8.2,243,2482,0.00,0.00,0.00,0.000,4102,0.000,0.000,2843,2027,1758,1872,1644,0,0,0,0,0,0,28.83,28.83,28.83
$GC,2511,0.66,146.6,2842,2027,1872,1644,58.6,8.0,246,2520,0.00,2.12,0.00,0.000,4356,0.000,0.034,2843,3439,1758,1872,1644,0,0,0,0,0,0,28.83,26.19,28.83
$GC,2545,0.66,146.6,1984,3437,1834,1639,55.6,8.9,249,2553,0.00,2.08,0.00,0.000,5126,0.000,0.019,2843,2026,1758,1872,1644,0,0,0,0,0,0,28.83,26.31,28.83
$GC,2583,0.66,146.6,2843,2022,1872,1644,52.0,8.9,253,2584,0.00,0.00,0.00,0.000,4102,0.000,0.000,2843,2022,1758,1872,1644,0,0,0,0,0,0,28.83,28.83,28.83
$GC,2613,0.66,146.6,2843,2022,1872,1644,49.4,8.8,256,2622,0.00,2.12,0.00,0.000,4356,0.000,0.034,2843,3432,1758,1872,1644,0,0,0,0,0,0,28.83,26.19,28.83
$GC,2645,0.66,146.6,2842,3432,1872,1644,46.2,9.7,259,2654,0.00,2.03,0.00,0.000,5126,0.000,0.020,2843,2021,1758,1872,1644,0,0,0,0,0,0,28.83,26.32,28.83
$GC,2685,0.66,146.6,2842,2019,1872,1644,42.6,9.0,263,2686,0.00,0.00,0.00,0.000,4102,0.000,0.000,2842,2019,1758,1872,1644,0,0,0,0,0,0,28.83,28.83,28.83
$GC,2715,0.66,146.6,2842,2019,1872,1643,40.2,8.2,266,2716,0.00,0.00,0.00,0.000,4102,0.000,0.000,2843,2019,1758,1872,1644,0,0,0,0,0,0,28.83,28.83,28.83
$GC,2745,0.66,146.6,2843,2019,1872,1643,37.6,8.3,269,2746,0.00,0.00,0.00,0.000,4102,0.000,0.000,2843,2019,1757,1872,1643,0,0,0,0,0,0,28.83,28.83,28.83
$GC,2775,0.66,146.6,2843,2019,1872,1644,35.0,8.7,272,2784,0.00,2.15,0.00,0.000,4356,0.000,0.035,2843,3433,1758,1872,1644,0,0,0,0,0,0,28.83,26.19,28.83
$GC,2827,0.66,146.6,2842,3433,1872,1644,30.3,9.4,277,2836,0.00,2.03,0.00,0.000,5126,0.000,0.020,2843,2021,1758,1872,1644,0,0,0,0,0,0,28.83,26.32,28.83
$GC,2867,0.74,207.1,2842,2020,1872,1644,27.4,7.2,281,2918,0.05,0.00,48.08,0.474,10246,0.168,0.000,2878,2020,1524,1641,1408,0,0,0,0,0,0,26.49,28.83,24.46
$GC,2948,0.84,291.5,2878,2020,1640,1404,22.1,6.1,289,3016,0.00,0.00,64.45,0.464,10246,0.000,0.000,2878,2020,1188,1303,1073,0,0,0,0,0,0,28.83,28.83,24.24
$GC,3047,0.84,291.5,2878,2019,1302,1070,14.1,9.3,299,3056,0.00,2.17,0.00,0.000,2308,0.000,0.035,2878,3428,1185,1301,1069,0,0,0,0,0,0,28.83,25.60,28.83
$GC,3079,0.84,291.5,2878,3428,1301,1067,10.1,12.0,302,3088,0.00,2.05,0.00,0.000,3078,0.000,0.020,2881,2036,1183,1300,1067,0,0,0,0,0,0,28.83,25.80,28.83
$GC,3119,0.84,291.5,2881,2032,1301,1066,5.1,12.6,306,3120,0.00,0.00,0.00,0.000,2054,0.000,0.000,2881,2032,1183,1301,1066,0,0,0,0,0,0,28.83,28.83,28.83
$STATE,3137,end climb,SURFACE_DEPTH_REACHED
$STATE,3137,begin surface coast
$FINISH,0.6,1.022287
$STATE,3159,end surface coast,CONTROL_FINISHED_OK
$STATE,3159,begin surface
$SM_CCo,3174,101.10,0.410,1,0,664,423.52
$SM_GC,-5.75,7.40,0.00,101.10,0.061,0.000,0.410,247,2032,664,-7.38,0.06,423.52,0,0,0,0,1,0,25.82,28.83,24.27
$IRIDIUM_FIX,4726.11,-12226.80,180608,181814
$TT8_MAMPS,0.027713,0.027713
$HUMID,42.24
$INTERNAL_PRESSURE,8.15502
$TCM_TEMP,17.40
$XPDR_PINGS,130
$ALTIM_TOP_PING,19.5,25.4
$24V_AH,24.0,39.063
$10V_AH,10.0,18.280
$FG_AHR_24Vo,0.000
$FG_AHR_10Vo,0.000
$DEVICES,Pitch_motor,Roll_motor,VBD_pump_during_apogee,VBD_pump_during_surface,VBD_valve,Iridium_during_init,Iridium_during_connect,Iridium_during_xfer,Transponder_ping,GUMSTIX_24V,GPS,TT8,LPSleep,TT8_Active,TT8_Sampling,TT8_CF8,TT8_Kalman,Analog_circuits,GPS_charging,Compass,RAFOS,Transponder,Compass2
$DEVICE_SECS,18.425,66.900,354.175,101.100,0.000,26.525,19.561,203.176,38.500,0.000,16.079,835.893,1003.339,598.982,1047.267,168.812,33.217,1138.527,0.000,774.119,0.000,39.130,0.000
$DEVICE_MAMPS,237.150,42.075,562.275,410.040,0.000,43.600,160.000,223.000,420.000,0.000,28.460,13.960,2.190,13.960,37.930,44.670,61.150,16.000,0.000,15.730,0.000,30.000,0.000
$SENSORS,SBE_CT,AA4330,WL_BB2FLVMG,nil,nil,nil,nil,nil,nil,nil
$SENSOR_SECS,207.480,407.040,534.075,0.000,0.000,0.000,0.000,0.000,0.000,0.000
$SENSOR_MAMPS,23.220,33.000,105.000,0.000,0.000,0.000,0.000,0.000,0.000,0.000
$MEM,354480
$DATA_FILE_SIZE,20319,310
$CAP_FILE_SIZE,93471,0
$CFSIZE,260165632,248893440
$ERRORS,0,0,0,0,0,0,0,0,0,0,0,0,0,1,0,0
$GPS,290526,105216,4743.575,-12225.193,12,1.4,29,18.2
