version: 66.11
glider: 175
mission: 11
dive: 173
start: 5 28 126 10 41 36
data:
$ID,175
$MISSION,11
$DIVE,173
$N_DIVES,0
$D_SURF,3
$D_FLARE,3
$D_TGT,300
$D_ABORT,1090
$D_NO_BLEED,50
$D_BOOST,3
$T_BOOST,0
$D_FINISH,0
$D_PITCH,0
$D_SAFE,0
$D_CALL,0
$SURFACE_URGENCY,0
$SURFACE_URGENCY_TRY,0
$SURFACE_URGENCY_FORCE,0
$T_DIVE,65
$T_MISSION,100
$T_ABORT,1440
$T_TURN,300
$T_TURN_SAMPINT,5
$T_NO_W,120
$T_LOITER,0
$T_EPIRB,0
$USE_BATHY,0
$USE_ICE,0
$ICE_FREEZE_MARGIN,0.30000001
$D_OFFGRID,100
$T_WATCHDOG,10
$RELAUNCH,1
$APOGEE_PITCH,-8
$MAX_BUOY,150
$COURSE_BIAS,0
$GLIDE_SLOPE,30
$SPEED_FACTOR,1
$RHO,1.0235
$MASS,51878
$MASS_COMP,0
$NAV_MODE,2
$FERRY_MAX,45
$KALMAN_USE,2
$HD_A,0.0024900001
$HD_B,0.0091000004
$HD_C,5.7000002e-06
$HEADING,-1
$ESCAPE_HEADING,0
$ESCAPE_HEADING_DELTA,10
$FIX_MISSING_TIMEOUT,0
$TGT_DEFAULT_LAT,47.766998
$TGT_DEFAULT_LON,-122.413
$TGT_AUTO_DEFAULT,0
$SM_CC,423.31998
$N_FILEKB,4
$FILEMGR,0
$CALL_NDIVES,1
$COMM_SEQ,0
$PROTOCOL,9
$N_NOCOMM,1
$NOCOMM_ACTION,0
$N_NOSURFACE,0
$UPLOAD_DIVES_MAX,-1
$CALL_TRIES,5
$CALL_WAIT,60
$CAPUPLOAD,1
$CAPMAXSIZE,200000
$HEAPDBG,0
$T_GPS,15
$N_GPS,30
$T_GPS_ALMANAC,0
$T_GPS_CHARGE,-38870.336
$T_RSLEEP,2
$STROBE,0
$RAFOS_PEAK_OFFSET,1.5
$RAFOS_CORR_THRESH,60
$RAFOS_HIT_WINDOW,3600
$PITCH_MIN,255
$PITCH_MAX,3935
$C_PITCH,2626
$PITCH_DBAND,0.0099999998
$PITCH_CNV,0.003125763
$P_OVSHOOT,0.039999999
$PITCH_GAIN,30
$PITCH_TIMEOUT,17
$PITCH_AD_RATE,160
$PITCH_MAXERRORS,1
$PITCH_ADJ_GAIN,0.02
$PITCH_ADJ_DBAND,2.5
$ROLL_MIN,171
$ROLL_MAX,3723
$ROLL_DEG,40
$C_ROLL_DIVE,2030
$C_ROLL_CLIMB,2030
$HEAD_ERRBAND,10
$ROLL_CNV,0.028270001
$ROLL_TIMEOUT,15
$R_PORT_OVSHOOT,61
$R_STBD_OVSHOOT,54
$ROLL_AD_RATE,300
$ROLL_MAXERRORS,2
$ROLL_ADJ_GAIN,0
$ROLL_ADJ_DBAND,0
$VBD_MIN,465
$VBD_MAX,3960
$C_VBD,2350
$VBD_DBAND,2
$VBD_CNV,-0.25119999
$VBD_TIMEOUT,720
$PITCH_VBD_SHIFT,0.0012300001
$VBD_PUMP_AD_RATE_SURFACE,5
$VBD_PUMP_AD_RATE_APOGEE,4
$VBD_BLEED_AD_RATE,8
$UNCOM_BLEED,60
$VBD_MAXERRORS,1
$W_ADJ_DBAND,2
$DBDW,0
$PITCH_W_GAIN,0
$PITCH_W_DBAND,1
$CF8_MAXERRORS,5
$AH0_24V,145
$AH0_10V,95
$MINV_24V,19
$MINV_10V,8
$FG_AHR_10V,0
$FG_AHR_24V,0
$PHONE_SUPPLY,2
$PRESSURE_YINT,-13.51214
$PRESSURE_SLOPE,0.0001165895
$AD7714Ch0Gain,128
$TCM_PITCH_OFFSET,0
$TCM_ROLL_OFFSET,0
$COMPASS_USE,4
$ALTIM_BOTTOM_PING_RANGE,0
$ALTIM_TOP_PING_RANGE,20
$ALTIM_BOTTOM_TURN_MARGIN,25
$ALTIM_TOP_TURN_MARGIN,0
$ALTIM_TOP_MIN_OBSTACLE,1
$ALTIM_PING_DEPTH,60
$ALTIM_PING_DELTA,5
$ALTIM_FREQUENCY,13
$ALTIM_PULSE,3
$ALTIM_SENSITIVITY,3
$XPDR_VALID,5
$XPDR_INHIBIT,90
$INT_PRESSURE_SLOPE,0.0097660003
$INT_PRESSURE_YINT,-0.40000001
$DEEPGLIDER,0
$DEEPGLIDERMB,0
$MOTHERBOARD,4
$DEVICE1,2
$DEVICE2,101
$DEVICE3,38
$DEVICE4,-1
$DEVICE5,-1
$DEVICE6,-1
$LOGGERS,7
$LOGGERDEVICE1,-1
$LOGGERDEVICE2,-1
$LOGGERDEVICE3,-1
$LOGGERDEVICE4,-1
$COMPASS_DEVICE,33
$COMPASS2_DEVICE,-1
$PHONE_DEVICE,49
$GPS_DEVICE,32
$RAFOS_DEVICE,-1
$XPDR_DEVICE,24
$SIM_W,0
$SIM_PITCH,0
$SEABIRD_T_G,0.0043137739
$SEABIRD_T_H,0.00062868668
$SEABIRD_T_I,2.2691316e-05
$SEABIRD_T_J,2.2586789e-06
$SEABIRD_C_G,-10.021329
$SEABIRD_C_H,1.1236943
$SEABIRD_C_I,-0.0013673168
$SEABIRD_C_J,0.00018808816
$GPS1,280526,103634,4747.654,-12225.266,7,1.3,12,18.2
$_CALLS,1
$_XMS_NAKs,0
$_XMS_TOUTs,0
$_SM_DEPTHo,-6.12
$_SM_ANGLEo,-71.0
$GPS2,280526,104110,4747.663,-12225.256,12,1.5,17,18.2
$SPEED_LIMITS,0.266,0.310
$TGT_NAME,MIDE_175
$TGT_LATLONG,4746.000,-12224.800
$TGT_RADIUS,300.000
$KALMAN_CONTROL,-0.308,-0.036
$KALMAN_X,-26399.6,2731.3,-3312.9,27789.1,960.1
$KALMAN_Y,21105.2,-3854.7,5287.3,-26076.4,2417.0
$MHEAD_RNG_PITCHd_Wd,154.7,3131,-23.7,-15.385,-26.38,1456
$D_GRID,300
$GCHEAD,st_secs,pitch_ctl,vbd_ctl,pitch_ad_start,roll_ad_start,vbd_pot1_ad_start,vbd_pot2_ad_start,depth,ob_vertv,data_pts,end_secs,pitch_secs,roll_secs,vbd_secs,vbd_i,gcphase,pitch_i,roll_i,pitch_ad,roll_ad,vbd_ad,vbd_pot1_ad,vbd_pot2_ad,pitch_retries,pitch_errors,roll_retries,roll_errors,vbd_retries,vbd_errors,pitch_volts,roll_volts,vbd_volts
$STATE,13,end surface,CONTROL_FINISHED_OK
$STATE,14,begin dive
$GC,16,-0.97,-146.6,247,2042,699,610,0.0,0.0,0,102,0.00,0.00,-83.20,0.000,16390,0.000,0.000,247,2042,2935,3021,2850,0,0,0,0,0,0,28.83,28.83,26.41
$GC,105,-0.97,-146.6,247,2042,3021,2851,-3.6,-4.8,8,118,8.43,2.22,0.00,0.000,2564,0.225,0.050,2312,643,2939,3028,2851,0,0,0,0,0,0,25.04,25.83,28.83
$GC,428,-0.79,-146.6,2312,643,3038,2846,80.7,-22.5,39,438,0.20,2.03,0.00,0.000,3078,0.169,0.031,2360,2013,2941,3037,2845,0,0,0,0,0,0,25.56,26.15,28.83
$GC,466,-0.64,-146.6,2360,2014,3041,2844,89.1,-20.8,43,479,0.17,2.05,0.00,0.000,2564,0.168,0.027,2410,629,2942,3041,2844,0,0,0,0,0,0,25.84,26.16,28.83
$STATE,568,end dive,BOTTOM_OBSTACLE_DETECTED
$STATE,568,begin apogee
$GC,575,-0.27,0.0,2410,2034,3042,2844,105.1,-14.9,52,706,0.40,0.00,123.68,0.526,10246,0.140,0.000,2535,2034,2349,2439,2260,0,0,0,0,0,0,25.69,28.83,24.17
$STATE,708,end apogee,CONTROL_FINISHED_OK
$STATE,708,begin climb
$GC,710,0.97,146.6,2535,2035,2438,2259,115.4,0.0,66,836,1.25,2.25,117.12,0.513,10500,0.118,0.034,2927,3446,1765,1877,1653,0,0,0,0,0,0,25.15,25.32,24.17
$GC,863,0.97,146.6,2927,3446,1876,1650,100.4,15.3,81,871,0.00,2.12,0.00,0.000,1030,0.000,0.020,2937,2026,1763,1876,1650,0,0,0,0,0,0,28.83,25.63,28.83
$GC,900,0.97,146.6,2937,2022,1874,1649,93.2,17.8,85,901,0.00,0.00,0.00,0.000,6,0.000,0.000,2937,2022,1761,1874,1649,0,0,0,0,0,0,28.83,28.83,28.83
$GC,930,0.97,146.6,2937,2022,1873,1649,88.1,17.1,88,931,0.00,0.00,0.00,0.000,6,0.000,0.000,2937,2022,1761,1873,1649,0,0,0,0,0,0,28.83,28.83,28.83
$GC,960,0.97,146.6,2937,2022,1873,1649,83.1,16.8,91,961,0.00,0.00,0.00,0.000,6,0.000,0.000,2937,2022,1760,1872,1649,0,0,0,0,0,0,28.83,28.83,28.83
$GC,990,0.97,146.6,2937,2022,1872,1649,78.3,16.1,94,991,0.00,0.00,0.00,0.000,6,0.000,0.000,2937,2022,1760,1872,1649,0,0,0,0,0,0,28.83,28.83,28.83
$GC,1020,0.97,146.6,2937,2022,1872,1649,73.5,16.1,97,1029,0.00,2.15,0.00,0.000,260,0.000,0.034,2937,3448,1760,1872,1649,0,0,0,0,0,0,28.83,25.92,28.83
$GC,1044,0.97,146.6,2080,3446,1834,1644,69.5,16.7,99,1052,0.00,2.12,0.00,0.000,5126,0.000,0.018,2948,2019,1760,1872,1648,0,0,0,0,0,0,28.83,26.05,28.83
$GC,1082,0.97,146.6,2948,2017,1872,1648,62.2,18.5,103,1084,0.00,0.00,0.00,0.000,4102,0.000,0.000,2948,2017,1760,1872,1648,0,0,0,0,0,0,28.83,28.83,28.83
$GC,1113,0.97,146.6,2948,2016,1872,1648,56.9,17.7,106,1122,0.00,2.12,0.00,0.000,4356,0.000,0.034,2948,3436,1759,1872,1647,0,0,0,0,0,0,28.83,26.01,28.83
$GC,1187,0.92,146.6,2064,3434,1833,1642,43.4,18.9,113,1196,0.10,2.10,0.00,0.000,5126,0.159,0.022,2928,2029,1759,1872,1647,0,0,0,0,0,0,25.73,26.13,28.83
$GC,1225,0.92,146.6,2928,2025,1872,1646,36.8,16.8,117,1235,0.00,2.08,0.00,0.000,4612,0.000,0.032,2935,640,1759,1871,1647,0,0,0,0,0,0,28.83,26.08,28.83
$GC,1258,0.97,146.6,2935,640,1868,1646,32.0,14.3,120,1262,0.00,2.08,0.00,0.000,1030,0.000,0.023,2935,2046,1757,1868,1647,0,0,0,0,0,0,28.83,26.16,28.83
$GC,1299,0.97,146.6,2934,2046,1868,1646,26.3,13.7,124,1308,0.00,2.08,0.00,0.000,260,0.000,0.035,2940,3435,1757,1868,1646,0,0,0,0,0,0,28.83,26.10,28.83
$GC,1334,0.97,146.6,2935,3435,1868,1646,21.4,14.8,127,1341,0.00,2.08,0.00,0.000,5126,0.000,0.024,2943,2018,1757,1868,1647,0,0,0,0,0,0,28.83,26.22,28.83
$GC,1372,0.97,146.6,2943,2014,1868,1647,15.1,15.8,131,1373,0.00,0.00,0.00,0.000,4102,0.000,0.000,2943,2014,1757,1868,1646,0,0,0,0,0,0,28.83,28.83,28.83
$GC,1404,0.97,146.6,2943,2014,1868,1646,10.6,15.2,134,1410,0.00,0.00,0.00,0.000,4102,0.000,0.000,2943,2014,1757,1868,1646,0,0,0,0,0,0,28.83,28.83,28.83
$GC,1442,0.97,146.6,2943,2013,1868,1646,4.6,14.9,138,1443,0.00,0.00,0.00,0.000,4102,0.000,0.000,2944,2014,1757,1868,1647,0,0,0,0,0,0,28.83,28.83,28.83
$STATE,1460,end climb,SURFACE_DEPTH_REACHED
$STATE,1460,begin surface coast
$FINISH,-0.9,1.022234
$STATE,1482,end surface coast,CONTROL_FINISHED_OK
$STATE,1482,begin surface
$SM_CCo,1497,208.73,0.434,1,0,663,423.52
$SM_GC,-6.14,7.75,0.00,208.73,0.079,0.000,0.434,244,2014,663,-7.37,-0.48,423.52,0,0,0,0,1,0,26.14,28.83,24.27
$IRIDIUM_FIX,4732.49,-12227.53,170608,191937
$TT8_MAMPS,0.027713,0.027713
$HUMID,42.00
$INTERNAL_PRESSURE,8.15502
$TCM_TEMP,16.50
$XPDR_PINGS,58
$ALTIM_TOP_PING,18.2,24.5
$ALTIM_BOTTOM_PING,105.1,6.4
$24V_AH,24.2,36.969
$10V_AH,10.0,17.158
$FG_AHR_24Vo,0.000
$FG_AHR_10Vo,0.000
$DEVICES,Pitch_motor,Roll_motor,VBD_pump_during_apogee,VBD_pump_during_surface,VBD_valve,Iridium_during_init,Iridium_during_connect,Iridium_during_xfer,Transponder_ping,GUMSTIX_24V,GPS,TT8,LPSleep,TT8_Active,TT8_Sampling,TT8_CF8,TT8_Kalman,Analog_circuits,GPS_charging,Compass,RAFOS,Transponder,Compass2
$DEVICE_SECS,18.300,29.625,240.800,208.725,0.000,24.892,18.654,135.463,17.500,0.000,19.737,402.387,394.098,509.732,614.143,86.931,0.000,803.734,0.000,412.812,0.000,21.860,0.000
$DEVICE_MAMPS,224.910,49.725,526.320,433.755,0.000,43.600,160.000,223.000,420.000,0.000,28.460,13.960,2.190,13.960,37.930,44.670,0.000,16.000,0.000,15.730,0.000,30.000,0.000
$SENSORS,SBE_CT,AA4330,WL_BB2FLVMG,nil,nil,nil,nil,nil,nil,nil
$SENSOR_SECS,93.902,186.031,244.742,0.000,0.000,0.000,0.000,0.000,0.000,0.000
$SENSOR_MAMPS,23.220,33.000,105.000,0.000,0.000,0.000,0.000,0.000,0.000,0.000
$MEM,354568
$DATA_FILE_SIZE,10394,142
$CAP_FILE_SIZE,42629,0
$CFSIZE,260165632,249995264
$ERRORS,0,0,0,0,0,0,0,0,0,0,0,0,0,1,0,0
$CURRENT,0.089, 16.8,1
$GPS,280526,111116,4747.583,-12225.104,12,1.3,29,18.2
