version: 66.11
glider: 175
mission: 11
dive: 286
start: 6 2 126 6 29 24
data:
$ID,175
$MISSION,11
$DIVE,286
$N_DIVES,0
$D_SURF,3
$D_FLARE,3
$D_TGT,200
$D_ABORT,1090
$D_NO_BLEED,50
$D_BOOST,3
$T_BOOST,0
$D_FINISH,0
$D_PITCH,0
$D_SAFE,0
$D_CALL,0
$SURFACE_URGENCY,0
$SURFACE_URGENCY_TRY,0
$SURFACE_URGENCY_FORCE,0
$T_DIVE,65
$T_MISSION,80
$T_ABORT,1440
$T_TURN,300
$T_TURN_SAMPINT,5
$T_NO_W,120
$T_LOITER,0
$T_EPIRB,0
$USE_BATHY,1
$USE_ICE,0
$ICE_FREEZE_MARGIN,0.30000001
$D_OFFGRID,100
$T_WATCHDOG,10
$RELAUNCH,1
$APOGEE_PITCH,-8
$MAX_BUOY,150
$COURSE_BIAS,0
$GLIDE_SLOPE,30
$SPEED_FACTOR,1
$RHO,1.0235
$MASS,51878
$MASS_COMP,0
$NAV_MODE,2
$FERRY_MAX,45
$KALMAN_USE,2
$HD_A,0.0024900001
$HD_B,0.0091000004
$HD_C,5.7000002e-06
$HEADING,-1
$ESCAPE_HEADING,0
$ESCAPE_HEADING_DELTA,10
$FIX_MISSING_TIMEOUT,0
$TGT_DEFAULT_LAT,47.766998
$TGT_DEFAULT_LON,-122.413
$TGT_AUTO_DEFAULT,0
$SM_CC,473.51199
$N_FILEKB,4
$FILEMGR,0
$CALL_NDIVES,1
$COMM_SEQ,0
$PROTOCOL,9
$N_NOCOMM,1
$NOCOMM_ACTION,0
$N_NOSURFACE,0
$UPLOAD_DIVES_MAX,-1
$CALL_TRIES,5
$CALL_WAIT,60
$CAPUPLOAD,1
$CAPMAXSIZE,200000
$HEAPDBG,0
$T_GPS,15
$N_GPS,30
$T_GPS_ALMANAC,0
$T_GPS_CHARGE,-39126.41
$T_RSLEEP,2
$STROBE,0
$RAFOS_PEAK_OFFSET,1.5
$RAFOS_CORR_THRESH,60
$RAFOS_HIT_WINDOW,3600
$PITCH_MIN,255
$PITCH_MAX,3935
$C_PITCH,2626
$PITCH_DBAND,0.0099999998
$PITCH_CNV,0.003125763
$P_OVSHOOT,0.039999999
$PITCH_GAIN,30
$PITCH_TIMEOUT,17
$PITCH_AD_RATE,160
$PITCH_MAXERRORS,1
$PITCH_ADJ_GAIN,0.02
$PITCH_ADJ_DBAND,2.5
$ROLL_MIN,171
$ROLL_MAX,3723
$ROLL_DEG,40
$C_ROLL_DIVE,2030
$C_ROLL_CLIMB,2030
$HEAD_ERRBAND,10
$ROLL_CNV,0.028270001
$ROLL_TIMEOUT,15
$R_PORT_OVSHOOT,57
$R_STBD_OVSHOOT,55
$ROLL_AD_RATE,300
$ROLL_MAXERRORS,2
$ROLL_ADJ_GAIN,0
$ROLL_ADJ_DBAND,0
$VBD_MIN,465
$VBD_MAX,3960
$C_VBD,2350
$VBD_DBAND,2
$VBD_CNV,-0.25119999
$VBD_TIMEOUT,720
$PITCH_VBD_SHIFT,0.0012300001
$VBD_PUMP_AD_RATE_SURFACE,5
$VBD_PUMP_AD_RATE_APOGEE,4
$VBD_BLEED_AD_RATE,8
$UNCOM_BLEED,60
$VBD_MAXERRORS,1
$W_ADJ_DBAND,2
$DBDW,0
$PITCH_W_GAIN,0
$PITCH_W_DBAND,1
$CF8_MAXERRORS,5
$AH0_24V,145
$AH0_10V,95
$MINV_24V,19
$MINV_10V,8
$FG_AHR_10V,0
$FG_AHR_24V,0
$PHONE_SUPPLY,2
$PRESSURE_YINT,-13.51214
$PRESSURE_SLOPE,0.0001165895
$AD7714Ch0Gain,128
$TCM_PITCH_OFFSET,0
$TCM_ROLL_OFFSET,0
$COMPASS_USE,4
$ALTIM_BOTTOM_PING_RANGE,0
$ALTIM_TOP_PING_RANGE,20
$ALTIM_BOTTOM_TURN_MARGIN,25
$ALTIM_TOP_TURN_MARGIN,0
$ALTIM_TOP_MIN_OBSTACLE,1
$ALTIM_PING_DEPTH,60
$ALTIM_PING_DELTA,5
$ALTIM_FREQUENCY,13
$ALTIM_PULSE,3
$ALTIM_SENSITIVITY,4
$XPDR_VALID,5
$XPDR_INHIBIT,90
$INT_PRESSURE_SLOPE,0.0097660003
$INT_PRESSURE_YINT,-0.40000001
$DEEPGLIDER,0
$DEEPGLIDERMB,0
$MOTHERBOARD,4
$DEVICE1,2
$DEVICE2,101
$DEVICE3,38
$DEVICE4,-1
$DEVICE5,-1
$DEVICE6,-1
$LOGGERS,7
$LOGGERDEVICE1,-1
$LOGGERDEVICE2,-1
$LOGGERDEVICE3,-1
$LOGGERDEVICE4,-1
$COMPASS_DEVICE,33
$COMPASS2_DEVICE,-1
$PHONE_DEVICE,49
$GPS_DEVICE,32
$RAFOS_DEVICE,-1
$XPDR_DEVICE,24
$SIM_W,0
$SIM_PITCH,0
$SEABIRD_T_G,0.0043137739
$SEABIRD_T_H,0.00062868668
$SEABIRD_T_I,2.2691316e-05
$SEABIRD_T_J,2.2586789e-06
$SEABIRD_C_G,-10.021329
$SEABIRD_C_H,1.1236943
$SEABIRD_C_I,-0.0013673168
$SEABIRD_C_J,0.00018808816
$GPS1,020626,062057,4749.250,-12225.845,34,1.0,50,18.2
$_CALLS,2
$_XMS_NAKs,0
$_XMS_TOUTs,0
$_SM_DEPTHo,-4.21
$_SM_ANGLEo,-71.1
$GPS2,020626,062858,4749.283,-12225.848,9,1.1,14,18.2
$SPEED_LIMITS,0.178,0.275
$TGT_NAME,NORTH_175
$TGT_LATLONG,4750.320,-12225.910
$TGT_RADIUS,200.000
$KALMAN_CONTROL,0.079,0.297
$KALMAN_X,-30076.6,-183.3,-72.9,29774.7,-185.0
$KALMAN_Y,25757.5,-625.9,-357.4,-36445.5,446.9
$MHEAD_RNG_PITCHd_Wd,321.5,1921,-16.6,-10.256,-20.48,2176
$D_GRID,100
$GCHEAD,st_secs,pitch_ctl,vbd_ctl,pitch_ad_start,roll_ad_start,vbd_pot1_ad_start,vbd_pot2_ad_start,depth,ob_vertv,data_pts,end_secs,pitch_secs,roll_secs,vbd_secs,vbd_i,gcphase,pitch_i,roll_i,pitch_ad,roll_ad,vbd_ad,vbd_pot1_ad,vbd_pot2_ad,pitch_retries,pitch_errors,roll_retries,roll_errors,vbd_retries,vbd_errors,pitch_volts,roll_volts,vbd_volts
$STATE,13,end surface,CONTROL_FINISHED_OK
$STATE,14,begin dive
$GC,16,-0.73,-146.6,231,2015,495,416,0.0,0.0,0,104,0.00,0.00,-84.28,0.000,16390,0.000,0.000,231,2015,2935,3019,2852,0,0,0,0,0,0,28.83,28.83,26.39
$GC,107,-0.73,-146.6,231,2015,3021,2853,0.6,-10.4,9,126,8.98,2.20,0.00,0.000,2308,0.228,0.042,2369,3419,2941,3030,2852,0,0,0,0,0,0,24.82,25.84,28.83
$GC,271,-0.47,-146.6,2369,3419,3046,2845,43.3,-21.5,25,281,0.32,2.05,0.00,0.000,3078,0.156,0.021,2464,1977,2945,3046,2845,0,0,0,0,0,0,25.38,26.19,28.83
$GC,311,-0.32,-146.6,2464,1976,3048,2843,50.5,-18.1,29,321,0.17,2.20,0.00,0.000,2308,0.145,0.037,2508,3426,2946,3048,2844,0,0,0,0,0,0,25.82,26.00,28.83
$GC,356,-0.32,-146.6,1696,3424,3020,2838,55.1,-10.6,33,364,0.00,2.10,0.00,0.000,3078,0.000,0.019,2508,2005,2946,3049,2843,0,0,0,0,0,0,28.83,26.20,28.83
$GC,394,-0.32,-146.6,2508,2004,3050,2842,58.7,-9.2,37,403,0.00,2.17,0.00,0.000,2308,0.000,0.040,2507,3430,2945,3049,2842,0,0,0,0,0,0,28.83,26.01,28.83
$GC,417,-0.32,-146.6,2507,3425,3050,2843,60.6,-9.1,39,426,0.00,1.98,0.00,0.000,3078,0.000,0.018,2507,2031,2945,3049,2842,0,0,0,0,0,0,28.83,26.25,28.83
$GC,457,-0.32,-146.6,2507,2031,3050,2841,63.5,-7.1,43,466,0.00,2.05,0.00,0.000,2564,0.000,0.031,2507,645,2945,3050,2840,0,0,0,0,0,0,28.83,26.13,28.83
$GC,520,-0.32,-146.6,2507,645,3049,2839,68.4,-7.6,49,529,0.00,2.03,0.00,0.000,3078,0.000,0.026,2507,2023,2944,3050,2839,0,0,0,0,0,0,28.83,26.18,28.83
$GC,560,-0.32,-146.6,2507,2023,3050,2839,71.3,-7.6,53,569,0.00,2.10,0.00,0.000,2308,0.000,0.040,2507,3427,2945,3050,2840,0,0,0,0,0,0,28.83,26.08,28.83
$GC,593,-0.38,-146.6,2507,3428,3051,2840,73.8,-7.4,56,601,0.00,2.00,0.00,0.000,5126,0.000,0.018,2507,2009,2945,3051,2839,0,0,0,0,0,0,28.83,26.27,28.83
$GC,633,-0.44,-146.6,2507,2008,3051,2839,77.1,-8.2,60,635,0.08,0.00,0.00,0.000,4102,0.125,0.000,2464,2008,2945,3052,2839,0,0,0,0,0,0,26.42,28.83,28.83
$GC,664,-0.44,-146.6,2464,2008,3051,2838,79.9,-9.0,63,665,0.08,0.00,0.00,0.000,2054,0.174,0.000,2479,2007,2945,3051,2839,0,0,0,0,0,0,26.32,28.83,28.83
$GC,693,-0.44,-146.6,2480,2007,3051,2839,83.1,-10.4,66,694,0.00,0.00,0.00,0.000,2054,0.000,0.000,2480,2007,2945,3051,2839,0,0,0,0,0,0,28.83,28.83,28.83
$GC,724,-0.44,-146.6,2480,2007,3051,2839,85.9,-9.4,69,725,0.00,0.00,0.00,0.000,2054,0.000,0.000,2480,2007,2944,3051,2838,0,0,0,0,0,0,28.83,28.83,28.83
$GC,753,-0.44,-146.6,2480,2008,3051,2839,88.8,-9.5,72,762,0.00,2.17,0.00,0.000,2308,0.000,0.040,2478,3435,2945,3051,2839,0,0,0,0,0,0,28.83,26.09,28.83
$GC,798,-0.44,-146.6,1664,3434,3021,2833,93.0,-9.9,76,805,0.00,2.05,0.00,0.000,3078,0.000,0.018,2478,2021,2945,3051,2839,0,0,0,0,0,0,28.83,26.33,28.83
$GC,836,-0.44,-146.6,2478,2021,3052,2839,96.8,-9.5,80,837,0.00,0.00,0.00,0.000,2054,0.000,0.000,2478,2021,2945,3051,2839,0,0,0,0,0,0,28.83,28.83,28.83
$GC,866,-0.44,-146.6,2477,2021,3051,2839,99.8,-10.1,83,868,0.00,0.00,0.00,0.000,2054,0.000,0.000,2478,2021,2945,3051,2839,0,0,0,0,0,0,28.83,28.83,28.83
$STATE,876,end dive,TARGET_DEPTH_EXCEEDED
$STATE,876,begin apogee
$GC,881,-0.27,0.0,2477,2021,3051,2839,101.0,-10.4,84,1009,0.17,0.00,124.03,0.512,10246,0.134,0.000,2535,2021,2350,2440,2261,0,0,0,0,0,0,25.99,28.83,24.08
$STATE,1011,end apogee,CONTROL_FINISHED_OK
$STATE,1012,begin climb
$GC,1014,0.73,146.6,2535,2021,2439,2260,110.2,0.0,97,1140,1.00,0.00,116.72,0.503,10758,0.115,0.000,2851,2021,1764,1876,1653,0,0,0,0,0,0,25.15,28.83,24.10
$GC,1171,0.79,191.4,2851,2021,1873,1650,100.5,8.1,113,1214,0.10,2.25,35.60,0.483,10500,0.096,0.035,2898,3428,1587,1700,1474,0,0,0,0,0,0,25.77,25.45,24.18
$GC,1243,0.71,191.4,2898,3428,1700,1470,91.7,13.2,120,1253,0.15,2.03,0.00,0.000,5126,0.132,0.019,2862,2047,1584,1700,1469,0,0,0,0,0,0,25.34,25.71,28.83
$GC,1283,0.71,191.4,2861,2043,1700,1468,87.0,11.9,124,1292,0.00,2.15,0.00,0.000,4612,0.000,0.034,2869,637,1583,1700,1467,0,0,0,0,0,0,28.83,25.74,28.83
$GC,1305,0.71,191.4,2869,637,1696,1467,85.0,9.3,126,1308,0.00,2.08,0.00,0.000,5126,0.000,0.022,2869,2032,1581,1696,1467,0,0,0,0,0,0,28.83,25.88,28.83
$GC,1346,0.71,191.4,2869,2032,1696,1467,80.8,9.8,130,1356,0.00,2.12,0.00,0.000,4356,0.000,0.034,2869,3439,1581,1695,1467,0,0,0,0,0,0,28.83,25.85,28.83
$GC,1389,0.71,191.4,2869,3439,1696,1467,76.1,11.1,134,1399,0.00,2.08,0.00,0.000,5126,0.000,0.021,2869,2023,1581,1696,1467,0,0,0,0,0,0,28.83,26.01,28.83
$GC,1430,0.71,191.4,2869,2020,1695,1467,71.7,10.7,138,1439,0.00,2.08,0.00,0.000,4612,0.000,0.035,2869,643,1580,1695,1466,0,0,0,0,0,0,28.83,25.94,28.83
$GC,1462,0.71,191.4,2869,643,1694,1467,68.4,10.4,141,1471,0.00,2.05,0.00,0.000,5126,0.000,0.022,2869,2041,1580,1694,1467,0,0,0,0,0,0,28.83,26.07,28.83
$GC,1502,0.71,191.4,2869,2041,1693,1467,64.0,10.8,145,1503,0.00,0.00,0.00,0.000,4102,0.000,0.000,2869,2040,1580,1694,1467,0,0,0,0,0,0,28.83,28.83,28.83
$GC,1532,0.71,191.4,2869,2041,1694,1467,60.4,11.9,148,1533,0.00,0.00,0.00,0.000,4102,0.000,0.000,2869,2041,1580,1694,1467,0,0,0,0,0,0,28.83,28.83,28.83
$GC,1563,0.71,191.4,2869,2041,1694,1466,56.8,12.1,151,1564,0.00,0.00,0.00,0.000,4102,0.000,0.000,2869,2041,1580,1694,1467,0,0,0,0,0,0,28.83,28.83,28.83
$GC,1592,0.71,191.4,2869,2041,1694,1466,53.4,11.4,154,1594,0.00,0.00,0.00,0.000,4102,0.000,0.000,2870,2041,1580,1694,1466,0,0,0,0,0,0,28.83,28.83,28.83
$GC,1622,0.71,191.4,2869,2041,1694,1466,50.3,10.4,157,1631,0.00,2.10,0.00,0.000,4356,0.000,0.035,2869,3433,1580,1694,1466,0,0,0,0,0,0,28.83,26.06,28.83
$GC,1656,0.71,191.4,2016,3433,1661,1463,46.7,11.0,160,1664,0.03,2.10,0.00,0.000,5126,0.186,0.022,2861,2021,1579,1693,1466,0,0,0,0,0,0,25.16,24.86,28.83
$GC,1695,0.71,191.4,2861,2018,1694,1466,42.9,9.5,164,1704,0.00,2.10,0.00,0.000,4612,0.000,0.033,2869,629,1580,1694,1466,0,0,0,0,0,0,28.83,26.08,28.83
$GC,1729,0.78,250.9,2869,629,1692,1466,40.6,7.5,167,1781,0.00,2.10,46.47,0.467,11270,0.000,0.023,2869,2031,1351,1467,1235,0,0,0,0,0,0,28.83,26.20,24.39
$GC,1813,0.78,250.9,2869,2031,1466,1231,33.9,8.8,175,1821,0.00,2.10,0.00,0.000,2308,0.000,0.037,2869,3421,1348,1465,1231,0,0,0,0,0,0,28.83,25.77,28.83
$GC,1867,0.78,250.9,2000,3419,1442,1226,27.6,12.2,180,1875,0.00,2.10,0.00,0.000,3078,0.000,0.026,2869,2036,1346,1465,1227,0,0,0,0,0,0,28.83,25.72,28.83
$GC,1905,0.84,250.9,2869,2032,1465,1226,23.8,9.6,184,1915,0.08,2.10,0.00,0.000,2564,0.118,0.031,2922,632,1345,1465,1225,0,0,0,0,0,0,26.16,25.90,28.83
$GC,1920,0.84,250.9,2921,632,1465,1225,23.1,8.7,185,1928,0.08,2.10,0.00,0.000,5126,0.129,0.021,2897,2040,1344,1464,1225,0,0,0,0,0,0,25.75,26.03,28.83
$GC,1958,0.84,250.9,2897,2040,1464,1225,18.5,10.5,189,1962,0.00,2.08,0.00,0.000,260,0.000,0.034,2897,3423,1344,1464,1225,0,0,0,0,0,0,28.83,25.96,28.83
$GC,1992,0.84,250.9,2048,3422,1441,1223,14.8,10.9,192,2000,0.00,2.10,0.00,0.000,1030,0.000,0.021,2897,2022,1344,1464,1225,0,0,0,0,0,0,28.83,26.08,28.83
$GC,2030,0.84,250.9,2897,2018,1464,1225,10.6,10.6,196,2039,0.00,2.12,0.00,0.000,260,0.000,0.034,2897,3429,1344,1464,1225,0,0,0,0,0,0,28.83,26.00,28.83
$GC,2063,0.84,250.9,2897,3429,1464,1224,6.7,11.7,199,2072,0.00,2.05,0.00,0.000,1030,0.000,0.021,2897,2029,1344,1463,1225,0,0,0,0,0,0,28.83,26.11,28.83
$STATE,2091,end climb,SURFACE_DEPTH_REACHED
$STATE,2091,begin surface coast
$FINISH,0.5,1.021429
$STATE,2112,end surface coast,CONTROL_FINISHED_OK
$STATE,2112,begin surface
$SM_CCo,2127,170.95,0.424,1,0,464,473.51
$SM_GC,-4.32,7.30,0.00,170.95,0.057,0.000,0.424,245,2025,464,-7.36,-0.14,473.51,0,0,0,0,1,0,26.04,28.83,24.22
$IRIDIUM_FIX,4729.30,-12223.11,220608,151528
$TT8_MAMPS,0.027713,0.027713
$HUMID,42.67
$INTERNAL_PRESSURE,8.14525
$TCM_TEMP,17.70
$XPDR_PINGS,122
$ALTIM_TOP_PING,19.5,999.0
$24V_AH,24.1,46.720
$10V_AH,9.9,22.649
$FG_AHR_24Vo,0.000
$FG_AHR_10Vo,0.000
$DEVICES,Pitch_motor,Roll_motor,VBD_pump_during_apogee,VBD_pump_during_surface,VBD_valve,Iridium_during_init,Iridium_during_connect,Iridium_during_xfer,Transponder_ping,GUMSTIX_24V,GPS,TT8,LPSleep,TT8_Active,TT8_Sampling,TT8_CF8,TT8_Kalman,Analog_circuits,GPS_charging,Compass,RAFOS,Transponder,Compass2
$DEVICE_SECS,18.525,67.075,322.825,170.950,0.000,47.911,60.413,196.586,33.000,0.000,17.363,566.606,607.885,584.072,906.397,134.619,0.000,1033.238,0.000,576.585,0.000,16.357,0.000
$DEVICE_MAMPS,227.970,42.075,511.785,423.810,0.000,43.600,160.000,223.000,420.000,0.000,28.460,13.960,2.190,13.960,37.930,44.670,0.000,16.000,0.000,15.730,0.000,30.000,0.000
$SENSORS,SBE_CT,AA4330,WL_BB2FLVMG,nil,nil,nil,nil,nil,nil,nil
$SENSOR_SECS,133.604,267.014,351.726,0.000,0.000,0.000,0.000,0.000,0.000,0.000
$SENSOR_MAMPS,23.220,33.000,105.000,0.000,0.000,0.000,0.000,0.000,0.000,0.000
$MEM,354140
$DATA_FILE_SIZE,13698,204
$CAP_FILE_SIZE,69256,0
$CFSIZE,260165632,244887552
$ERRORS,0,0,0,0,0,0,0,0,0,0,0,0,0,1,0,0
$CURRENT,0.125, 37.8,1
$GPS,020626,070841,4749.671,-12225.835,13,1.3,13,18.2
