version: 66.11
glider: 175
mission: 10
dive: 332
start: 2 3 126 16 22 57
data:
$ID,175
$MISSION,10
$DIVE,332
$N_DIVES,0
$D_SURF,3
$D_FLARE,3
$D_TGT,200
$D_ABORT,1090
$D_NO_BLEED,500
$D_BOOST,3
$T_BOOST,0
$D_FINISH,0
$D_PITCH,0
$D_SAFE,0
$D_CALL,0
$SURFACE_URGENCY,0
$SURFACE_URGENCY_TRY,0
$SURFACE_URGENCY_FORCE,0
$T_DIVE,65
$T_MISSION,80
$T_ABORT,1440
$T_TURN,300
$T_TURN_SAMPINT,5
$T_NO_W,120
$T_LOITER,0
$T_EPIRB,0
$USE_BATHY,0
$USE_ICE,0
$ICE_FREEZE_MARGIN,0.30000001
$D_OFFGRID,100
$T_WATCHDOG,10
$RELAUNCH,1
$APOGEE_PITCH,-8
$MAX_BUOY,150
$COURSE_BIAS,0
$GLIDE_SLOPE,30
$SPEED_FACTOR,1
$RHO,1.023
$MASS,51902
$MASS_COMP,0
$NAV_MODE,2
$FERRY_MAX,45
$KALMAN_USE,2
$HD_A,0.003
$HD_B,0.0099999998
$HD_C,9.9999997e-06
$HEADING,-1
$ESCAPE_HEADING,0
$ESCAPE_HEADING_DELTA,10
$FIX_MISSING_TIMEOUT,0
$TGT_DEFAULT_LAT,4750.7002
$TGT_DEFAULT_LON,-12222
$TGT_AUTO_DEFAULT,0
$SM_CC,457.23199
$N_FILEKB,4
$FILEMGR,0
$CALL_NDIVES,1
$COMM_SEQ,0
$PROTOCOL,9
$N_NOCOMM,1
$NOCOMM_ACTION,0
$N_NOSURFACE,0
$UPLOAD_DIVES_MAX,-1
$CALL_TRIES,5
$CALL_WAIT,60
$CAPUPLOAD,0
$CAPMAXSIZE,200000
$HEAPDBG,0
$T_GPS,15
$N_GPS,30
$T_GPS_ALMANAC,0
$T_GPS_CHARGE,-36785.5
$T_RSLEEP,2
$STROBE,0
$RAFOS_PEAK_OFFSET,1.5
$RAFOS_CORR_THRESH,60
$RAFOS_HIT_WINDOW,3600
$PITCH_MIN,255
$PITCH_MAX,3935
$C_PITCH,2671
$PITCH_DBAND,0.0099999998
$PITCH_CNV,0.003125763
$P_OVSHOOT,0.039999999
$PITCH_GAIN,30
$PITCH_TIMEOUT,17
$PITCH_AD_RATE,160
$PITCH_MAXERRORS,1
$PITCH_ADJ_GAIN,0.02
$PITCH_ADJ_DBAND,2.5
$ROLL_MIN,171
$ROLL_MAX,3723
$ROLL_DEG,40
$C_ROLL_DIVE,2354
$C_ROLL_CLIMB,2165
$HEAD_ERRBAND,10
$ROLL_CNV,0.028270001
$ROLL_TIMEOUT,15
$R_PORT_OVSHOOT,58
$R_STBD_OVSHOOT,74
$ROLL_AD_RATE,300
$ROLL_MAXERRORS,2
$ROLL_ADJ_GAIN,0
$ROLL_ADJ_DBAND,0
$VBD_MIN,465
$VBD_MAX,3960
$C_VBD,2190
$VBD_DBAND,2
$VBD_CNV,-0.25119999
$VBD_TIMEOUT,720
$PITCH_VBD_SHIFT,0.0012300001
$VBD_PUMP_AD_RATE_SURFACE,5
$VBD_PUMP_AD_RATE_APOGEE,4
$VBD_BLEED_AD_RATE,8
$UNCOM_BLEED,60
$VBD_MAXERRORS,1
$W_ADJ_DBAND,2
$DBDW,0
$PITCH_W_GAIN,0
$PITCH_W_DBAND,1
$CF8_MAXERRORS,5
$AH0_24V,145
$AH0_10V,95
$MINV_24V,19
$MINV_10V,8
$FG_AHR_10V,0
$FG_AHR_24V,0
$PHONE_SUPPLY,2
$PRESSURE_YINT,-18.492611
$PRESSURE_SLOPE,0.0001165895
$AD7714Ch0Gain,128
$TCM_PITCH_OFFSET,0
$TCM_ROLL_OFFSET,0
$COMPASS_USE,4
$ALTIM_BOTTOM_PING_RANGE,0
$ALTIM_TOP_PING_RANGE,20
$ALTIM_BOTTOM_TURN_MARGIN,25
$ALTIM_TOP_TURN_MARGIN,0
$ALTIM_TOP_MIN_OBSTACLE,1
$ALTIM_PING_DEPTH,100
$ALTIM_PING_DELTA,5
$ALTIM_FREQUENCY,13
$ALTIM_PULSE,3
$ALTIM_SENSITIVITY,3
$XPDR_VALID,5
$XPDR_INHIBIT,90
$INT_PRESSURE_SLOPE,0.0097660003
$INT_PRESSURE_YINT,-0.40000001
$DEEPGLIDER,0
$DEEPGLIDERMB,0
$MOTHERBOARD,4
$DEVICE1,2
$DEVICE2,101
$DEVICE3,38
$DEVICE4,-1
$DEVICE5,-1
$DEVICE6,-1
$LOGGERS,7
$LOGGERDEVICE1,-1
$LOGGERDEVICE2,-1
$LOGGERDEVICE3,-1
$LOGGERDEVICE4,-1
$COMPASS_DEVICE,33
$COMPASS2_DEVICE,-1
$PHONE_DEVICE,49
$GPS_DEVICE,32
$RAFOS_DEVICE,-1
$XPDR_DEVICE,24
$SIM_W,0
$SIM_PITCH,0
$SEABIRD_T_G,0.0043137739
$SEABIRD_T_H,0.00062868668
$SEABIRD_T_I,2.2691316e-05
$SEABIRD_T_J,2.2586789e-06
$SEABIRD_C_G,-10.021329
$SEABIRD_C_H,1.1236943
$SEABIRD_C_I,-0.0013673168
$SEABIRD_C_J,0.00018808816
$GPS1,030226,161835,4751.284,-12227.107,8,1.2,8,18.3
$_CALLS,1
$_XMS_NAKs,0
$_XMS_TOUTs,0
$_SM_DEPTHo,-5.87
$_SM_ANGLEo,-70.1
$GPS2,030226,162228,4751.357,-12227.093,13,1.2,30,18.3
$SPEED_LIMITS,0.178,0.262
$TGT_NAME,EAST_175
$TGT_LATLONG,4750.700,-12222.000
$TGT_RADIUS,200.000
$KALMAN_CONTROL,0.000,0.000
$KALMAN_X,0.0,0.0,0.0,0.0,0.0
$KALMAN_Y,0.0,0.0,0.0,0.0,0.0
$MHEAD_RNG_PITCHd_Wd,127.6,6446,-17.9,-10.256,-21.36,2171
$D_GRID,200
$GCHEAD,st_secs,pitch_ctl,vbd_ctl,pitch_ad_start,roll_ad_start,vbd_pot1_ad_start,vbd_pot2_ad_start,depth,ob_vertv,data_pts,end_secs,pitch_secs,roll_secs,vbd_secs,vbd_i,gcphase,pitch_i,roll_i,pitch_ad,roll_ad,vbd_ad,vbd_pot1_ad,vbd_pot2_ad,pitch_retries,pitch_errors,roll_retries,roll_errors,vbd_retries,vbd_errors,pitch_volts,roll_volts,vbd_volts
$STATE,13,end surface,CONTROL_FINISHED_OK
$STATE,13,begin dive
$GC,16,-0.78,-146.6,240,2371,535,392,0.0,0.0,0,101,0.00,0.00,-82.85,0.000,16390,0.000,0.000,240,2371,2773,2851,2696,0,0,0,0,0,0,28.83,28.83,26.37
$GC,104,-0.78,-146.6,240,2371,2851,2697,-3.3,-5.1,8,120,8.57,2.08,0.00,0.000,2308,0.218,0.050,2400,3680,2778,2860,2697,0,0,0,0,0,0,25.27,25.84,28.83
$GC,408,-0.64,-146.6,2400,3680,2873,2693,56.1,-14.6,38,417,0.22,1.95,0.00,0.000,3078,0.144,0.025,2462,2312,2782,2873,2692,0,0,0,0,0,0,25.78,26.25,28.83
$GC,446,-0.52,-146.6,2462,2312,2873,2690,62.2,-14.7,42,448,0.15,0.00,0.00,0.000,2054,0.164,0.000,2502,2311,2781,2873,2690,0,0,0,0,0,0,25.96,28.83,28.83
$GC,476,-0.44,-146.6,2502,2311,2874,2690,68.5,-21.2,45,486,0.10,1.92,0.00,0.000,2564,0.148,0.024,2535,979,2782,2874,2690,0,0,0,0,0,0,26.18,26.17,28.83
$GC,490,-0.44,-146.6,2534,978,2875,2690,69.7,-19.6,46,499,0.00,2.05,0.00,0.000,5126,0.000,0.030,2534,2331,2781,2874,2689,0,0,0,0,0,0,28.83,26.18,28.83
$GC,529,-0.59,-146.6,2534,2331,2875,2690,69.7,0.4,50,539,0.15,2.10,0.00,0.000,4356,0.078,0.046,2460,3713,2782,2875,2690,0,0,0,0,0,0,26.30,26.10,28.83
$GC,583,-0.51,-146.6,2460,3713,2875,2689,75.4,-14.0,55,592,0.12,1.88,0.00,0.000,3078,0.127,0.018,2501,2352,2782,2875,2689,0,0,0,0,0,0,25.94,26.33,28.83
$GC,622,-0.51,-146.6,2501,2352,2876,2689,82.1,-17.3,59,623,0.00,0.00,0.00,0.000,2054,0.000,0.000,2501,2352,2782,2876,2689,0,0,0,0,0,0,28.83,28.83,28.83
$GC,652,-0.57,-146.6,2501,2351,2876,2688,82.3,-0.9,62,662,0.00,2.05,0.00,0.000,4356,0.000,0.041,2494,3706,2782,2876,2688,0,0,0,0,0,0,28.83,26.15,28.83
$GC,716,-0.57,-146.6,2494,3705,2876,2688,90.3,-13.8,68,724,0.00,1.88,0.00,0.000,5126,0.000,0.017,2494,2352,2782,2876,2688,0,0,0,0,0,0,28.83,26.36,28.83
$GC,755,-0.57,-146.6,2494,2352,2876,2688,95.3,-12.3,72,764,0.00,2.10,0.00,0.000,4356,0.000,0.047,2494,3710,2782,2876,2688,0,0,0,0,0,0,28.83,26.14,28.83
$GC,787,-0.57,-146.6,2493,3710,2876,2688,99.8,-13.2,75,797,0.00,1.90,0.00,0.000,5126,0.000,0.018,2494,2364,2782,2876,2688,0,0,0,0,0,0,28.83,26.32,28.83
$GC,828,-0.57,-146.6,2493,2363,2876,2688,107.0,-18.1,79,837,0.00,2.05,0.00,0.000,4612,0.000,0.032,2494,973,2782,2877,2687,0,0,0,0,0,0,28.83,26.22,28.83
$GC,860,-0.68,-146.6,2494,970,2877,2687,109.6,-10.0,82,871,0.12,2.08,0.00,0.000,5126,0.086,0.035,2434,2356,2781,2876,2687,0,0,0,0,0,0,26.20,26.19,28.83
$GC,900,-0.68,-146.6,2434,2356,2875,2687,109.0,1.2,86,910,0.08,2.10,0.00,0.000,2308,0.196,0.049,2440,3723,2780,2875,2686,0,0,0,0,0,0,26.32,26.13,28.83
$GC,964,-0.51,-146.6,2439,3724,2875,2687,113.5,-13.5,92,973,0.22,1.95,0.00,0.000,3078,0.140,0.023,2504,2351,2781,2875,2687,0,0,0,0,0,0,25.91,26.40,28.83
$GC,1004,-0.51,-146.6,2503,2351,2876,2687,114.0,-0.9,96,1012,0.00,2.00,0.00,0.000,2564,0.000,0.024,2504,959,2781,2876,2686,0,0,0,0,0,0,28.83,26.30,28.83
$GC,1055,-0.51,-146.6,2504,956,2874,2686,118.8,-9.8,101,1065,0.00,2.10,0.00,0.000,1030,0.000,0.033,2504,2367,2780,2874,2686,0,0,0,0,0,0,28.83,26.24,28.83
$GC,1096,-0.51,-146.6,2503,2368,2875,2686,126.4,-19.2,105,1097,0.00,0.00,0.00,0.000,6,0.000,0.000,2504,2368,2780,2875,2686,0,0,0,0,0,0,28.83,28.83,28.83
$GC,1126,-0.60,-146.6,2504,2368,2875,2686,129.2,-12.3,108,1128,0.10,0.00,0.00,0.000,4102,0.102,0.000,2456,2368,2781,2876,2686,0,0,0,0,0,0,26.44,28.83,28.83
$GC,1157,-0.60,-146.6,2455,2368,2875,2686,131.5,-5.9,111,1159,0.10,0.00,0.00,0.000,2054,0.165,0.000,2479,2368,2780,2875,2686,0,0,0,0,0,0,26.27,28.83,28.83
$GC,1186,-0.60,-146.6,2479,2368,2875,2686,135.2,-11.6,114,1187,0.00,0.00,0.00,0.000,6,0.000,0.000,2479,2368,2781,2876,2686,0,0,0,0,0,0,28.83,28.83,28.83
$GC,1217,-0.60,-146.6,2479,2368,2875,2686,136.2,-4.2,117,1226,0.00,2.00,0.00,0.000,260,0.000,0.042,2478,3715,2780,2875,2686,0,0,0,0,0,0,28.83,26.20,28.83
$GC,1282,-0.51,-146.6,2477,3716,2875,2686,139.1,-5.7,123,1290,0.10,1.98,0.00,0.000,3078,0.151,0.025,2503,2322,2781,2876,2686,0,0,0,0,0,0,26.13,26.38,28.83
$GC,1321,-0.58,-146.6,2503,2320,2876,2686,142.1,-8.3,127,1330,0.08,2.12,0.00,0.000,4356,0.125,0.047,2463,3716,2781,2876,2686,0,0,0,0,0,0,26.48,26.18,28.83
$GC,1364,-0.58,-146.6,2463,3715,2875,2686,145.9,-8.9,131,1373,0.05,1.88,0.00,0.000,3078,0.128,0.021,2482,2374,2780,2875,2686,0,0,0,0,0,0,26.16,26.38,28.83
$STATE,1381,end dive,BOTTOM_OBSTACLE_DETECTED
$STATE,1381,begin apogee
$GC,1386,-0.27,0.0,2482,2129,2875,2686,147.9,-12.0,133,1513,0.30,0.00,121.38,0.571,10246,0.134,0.000,2579,2128,2189,2283,2096,0,0,0,0,0,0,25.84,28.83,24.34
$STATE,1516,end apogee,CONTROL_FINISHED_OK
$STATE,1516,begin climb
$GC,1518,0.78,146.6,2578,2129,2282,2096,155.3,0.0,146,1643,1.02,2.33,113.47,0.557,11012,0.099,0.039,2911,3569,1604,1722,1487,0,0,0,0,0,0,25.21,25.19,24.30
$GC,1709,0.63,146.6,2911,3568,1721,1483,121.4,29.0,165,1718,0.15,2.00,0.00,0.000,5126,0.172,0.018,2880,2199,1602,1722,1482,0,0,0,0,0,0,25.34,25.70,28.83
$GC,1748,0.53,146.6,2880,2198,1722,1480,109.8,28.5,169,1758,0.12,2.12,0.00,0.000,4356,0.164,0.035,2845,3584,1600,1722,1478,0,0,0,0,0,0,25.60,25.72,28.83
$GC,1811,0.53,146.6,2844,3584,1722,1478,95.6,20.5,175,1822,0.00,2.08,0.00,0.000,5126,0.000,0.018,2852,2162,1600,1722,1478,0,0,0,0,0,0,28.83,25.91,28.83
$GC,1852,0.53,146.6,2852,2161,1721,1478,89.6,14.9,179,1862,0.00,2.12,0.00,0.000,4612,0.000,0.037,2857,763,1600,1722,1478,0,0,0,0,0,0,28.83,25.86,28.83
$GC,1884,0.53,146.6,2857,763,1719,1478,85.4,13.9,182,1894,0.08,2.08,0.00,0.000,5126,0.173,0.022,2842,2179,1597,1718,1477,0,0,0,0,0,0,25.82,25.98,28.83
$GC,1924,0.53,146.6,2841,2181,1718,1477,80.4,13.0,186,1933,0.00,2.10,0.00,0.000,260,0.000,0.042,2841,3557,1597,1718,1477,0,0,0,0,0,0,28.83,25.94,28.83
$GC,1978,0.53,146.6,1960,3556,1685,1474,73.5,13.4,191,1987,0.00,2.10,0.00,0.000,5126,0.000,0.024,2842,2169,1598,1718,1478,0,0,0,0,0,0,28.83,26.05,28.83
$GC,2016,0.53,146.6,2841,2165,1718,1478,68.2,13.0,195,2026,0.00,2.12,0.00,0.000,516,0.000,0.037,2843,758,1597,1718,1477,0,0,0,0,0,0,28.83,26.00,28.83
$GC,2051,0.53,146.6,1984,758,1684,1474,63.9,14.4,198,2058,0.00,2.10,0.00,0.000,5126,0.000,0.023,2842,2170,1597,1716,1478,0,0,0,0,0,0,28.83,26.12,28.83
$GC,2089,0.53,146.6,2842,2170,1716,1478,59.8,10.2,202,2098,0.00,2.10,0.00,0.000,260,0.000,0.037,2843,3567,1597,1716,1478,0,0,0,0,0,0,28.83,26.06,28.83
$GC,2131,0.53,146.6,2842,3567,1716,1478,54.5,12.6,206,2140,0.00,2.05,0.00,0.000,5126,0.000,0.018,2851,2143,1597,1716,1478,0,0,0,0,0,0,28.83,26.17,28.83
$GC,2171,0.53,146.6,2851,2141,1716,1478,50.6,10.0,210,2179,0.00,2.05,0.00,0.000,4612,0.000,0.033,2857,774,1596,1716,1477,0,0,0,0,0,0,28.83,26.09,28.83
$GC,2215,0.53,146.6,2856,773,1715,1477,46.8,9.2,214,2223,0.03,2.08,0.00,0.000,5126,0.151,0.025,2846,2162,1596,1715,1477,0,0,0,0,0,0,26.05,26.17,28.83
$GC,2253,0.53,146.6,2846,2163,1715,1478,43.3,8.7,218,2262,0.00,2.12,0.00,0.000,4356,0.000,0.038,2846,3570,1596,1715,1478,0,0,0,0,0,0,28.83,26.11,28.83
$GC,2304,0.53,146.6,2846,3570,1715,1478,36.2,14.3,223,2314,0.00,2.03,0.00,0.000,5126,0.000,0.019,2846,2161,1596,1715,1478,0,0,0,0,0,0,28.83,26.22,28.83
$GC,2345,0.53,146.6,2846,2160,1715,1478,31.6,11.6,227,2346,0.00,0.00,0.00,0.000,4102,0.000,0.000,2846,2160,1596,1715,1478,0,0,0,0,0,0,28.83,28.83,28.83
$GC,2374,0.53,146.6,2846,2160,1715,1478,28.1,11.6,230,2383,0.00,2.10,0.00,0.000,4612,0.000,0.037,2846,774,1596,1715,1478,0,0,0,0,0,0,28.83,26.13,28.83
$GC,2397,0.53,146.6,2846,774,1715,1478,25.9,10.4,232,2406,0.00,2.00,0.00,0.000,5126,0.000,0.021,2846,2169,1597,1716,1478,0,0,0,0,0,0,28.83,26.23,28.83
$GC,2437,0.53,146.6,2846,2169,1715,1478,22.0,9.7,236,2438,0.00,0.00,0.00,0.000,4102,0.000,0.000,2846,2169,1596,1715,1478,0,0,0,0,0,0,28.83,28.83,28.83
$GC,2466,0.53,146.6,2846,2169,1715,1478,18.3,11.9,239,2476,0.00,2.10,0.00,0.000,4356,0.000,0.039,2846,3559,1596,1715,1478,0,0,0,0,0,0,28.83,26.15,28.83
$GC,2501,0.53,146.6,2846,3559,1715,1478,14.9,11.4,242,2508,0.00,2.03,0.00,0.000,5126,0.000,0.021,2855,2143,1596,1715,1478,0,0,0,0,0,0,28.83,26.32,28.83
$GC,2539,0.53,146.6,2855,2142,1715,1478,11.3,9.0,246,2540,0.00,0.00,0.00,0.000,4102,0.000,0.000,2855,2142,1596,1715,1478,0,0,0,0,0,0,28.83,28.83,28.83
$GC,2569,0.68,271.9,2855,2141,1715,1478,10.3,4.4,249,2641,0.10,0.00,68.57,0.475,10498,0.101,0.000,2904,2141,1238,1371,1105,0,0,0,0,0,0,26.38,28.83,28.83
$STATE,2642,end climb,SURFACE_DEPTH_REACHED
$STATE,2642,begin surface coast
$FINISH,-1.4,1.022423
$STATE,2658,end surface coast,CONTROL_FINISHED_OK
$STATE,2658,begin surface
$SM_CCo,2675,147.62,0.437,1,0,464,433.32
$SM_CCo,2830,-0.17,0.000,0,0,466,433.32
$SM_CCo,2834,0.93,0.083,0,0,465,433.32
$SM_GC,-5.75,7.62,0.30,0.93,0.070,0.044,0.083,248,2385,465,-7.51,-1.41,433.32,0,0,0,0,0,0,25.67,25.79,25.24
$IRIDIUM_FIX,4732.49,-12230.24,250208,010119
$TT8_MAMPS,0.027713,0.027713
$HUMID,41.41
$INTERNAL_PRESSURE,8.08665
$TCM_TEMP,17.10
$XPDR_PINGS,47
$ALTIM_TOP_PING,19.7,6.2
$ALTIM_BOTTOM_PING,105.4,66.4
$24V_AH,24.3,23.350
$10V_AH,10.2,10.456
$FG_AHR_24Vo,0.000
$FG_AHR_10Vo,0.000
$DEVICES,Pitch_motor,Roll_motor,VBD_pump_during_apogee,VBD_pump_during_surface,VBD_valve,Iridium_during_init,Iridium_during_connect,Iridium_during_xfer,Transponder_ping,GUMSTIX_24V,GPS,TT8,LPSleep,TT8_Active,TT8_Sampling,TT8_CF8,TT8_Kalman,Analog_circuits,GPS_charging,Compass,RAFOS,Transponder,Compass2
$DEVICE_SECS,0.000,0.000,0.000,0.000,0.000,0.000,0.000,0.000,0.000,0.000,0.000,0.000,0.000,0.000,0.000,0.000,0.000,0.000,0.000,0.000,0.000,0.000,0.000
$DEVICE_MAMPS,0.000,0.000,0.000,0.000,0.000,0.000,0.000,0.000,0.000,0.000,0.000,0.000,0.000,0.000,0.000,0.000,0.000,0.000,0.000,0.000,0.000,0.000,0.000
$SENSORS,SBE_CT,AA4330,WL_BB2FLVMG,nil,nil,nil,nil,nil,nil,nil
$SENSOR_SECS,0.000,0.000,0.000,0.000,0.000,0.000,0.000,0.000,0.000,0.000
$SENSOR_MAMPS,0.000,0.000,0.000,0.000,0.000,0.000,0.000,0.000,0.000,0.000
$MEM,355012
$DATA_FILE_SIZE,17027,258
$CAP_FILE_SIZE,81152,0
$CFSIZE,260165632,244314112
$ERRORS,0,0,0,0,0,0,0,0,0,0,0,0,0,1,0,0
$CURRENT,0.587,333.8,1
$GPS,030226,171129,4751.882,-12227.440,9,2.6,39,18.3
