version: 66.11
glider: 175
mission: 10
dive: 142
start: 1 28 126 3 41 5
data:
$ID,175
$MISSION,10
$DIVE,142
$N_DIVES,0
$D_SURF,3
$D_FLARE,3
$D_TGT,200
$D_ABORT,1090
$D_NO_BLEED,500
$D_BOOST,3
$T_BOOST,0
$D_FINISH,0
$D_PITCH,0
$D_SAFE,0
$D_CALL,0
$SURFACE_URGENCY,0
$SURFACE_URGENCY_TRY,0
$SURFACE_URGENCY_FORCE,0
$T_DIVE,65
$T_MISSION,85
$T_ABORT,1440
$T_TURN,300
$T_TURN_SAMPINT,5
$T_NO_W,120
$T_LOITER,0
$T_EPIRB,0
$USE_BATHY,0
$USE_ICE,0
$ICE_FREEZE_MARGIN,0.30000001
$D_OFFGRID,100
$T_WATCHDOG,10
$RELAUNCH,1
$APOGEE_PITCH,-8
$MAX_BUOY,150
$COURSE_BIAS,0
$GLIDE_SLOPE,30
$SPEED_FACTOR,1
$RHO,1.023
$MASS,51902
$MASS_COMP,0
$NAV_MODE,2
$FERRY_MAX,45
$KALMAN_USE,2
$HD_A,0.003
$HD_B,0.0099999998
$HD_C,9.9999997e-06
$HEADING,-1
$ESCAPE_HEADING,0
$ESCAPE_HEADING_DELTA,10
$FIX_MISSING_TIMEOUT,0
$TGT_DEFAULT_LAT,4750.7002
$TGT_DEFAULT_LON,-12222
$TGT_AUTO_DEFAULT,0
$SM_CC,457.23199
$N_FILEKB,4
$FILEMGR,0
$CALL_NDIVES,1
$COMM_SEQ,0
$PROTOCOL,9
$N_NOCOMM,1
$NOCOMM_ACTION,0
$N_NOSURFACE,0
$UPLOAD_DIVES_MAX,-1
$CALL_TRIES,5
$CALL_WAIT,60
$CAPUPLOAD,1
$CAPMAXSIZE,200000
$HEAPDBG,0
$T_GPS,15
$N_GPS,30
$T_GPS_ALMANAC,0
$T_GPS_CHARGE,-36436.941
$T_RSLEEP,2
$STROBE,0
$RAFOS_PEAK_OFFSET,1.5
$RAFOS_CORR_THRESH,60
$RAFOS_HIT_WINDOW,3600
$PITCH_MIN,255
$PITCH_MAX,3935
$C_PITCH,2650
$PITCH_DBAND,0.0099999998
$PITCH_CNV,0.003125763
$P_OVSHOOT,0.039999999
$PITCH_GAIN,30
$PITCH_TIMEOUT,17
$PITCH_AD_RATE,160
$PITCH_MAXERRORS,1
$PITCH_ADJ_GAIN,0.02
$PITCH_ADJ_DBAND,2.5
$ROLL_MIN,171
$ROLL_MAX,3723
$ROLL_DEG,40
$C_ROLL_DIVE,2350
$C_ROLL_CLIMB,2175
$HEAD_ERRBAND,10
$ROLL_CNV,0.028270001
$ROLL_TIMEOUT,15
$R_PORT_OVSHOOT,64
$R_STBD_OVSHOOT,70
$ROLL_AD_RATE,300
$ROLL_MAXERRORS,2
$ROLL_ADJ_GAIN,0
$ROLL_ADJ_DBAND,0
$VBD_MIN,465
$VBD_MAX,3960
$C_VBD,2190
$VBD_DBAND,2
$VBD_CNV,-0.25119999
$VBD_TIMEOUT,720
$PITCH_VBD_SHIFT,0.0012300001
$VBD_PUMP_AD_RATE_SURFACE,5
$VBD_PUMP_AD_RATE_APOGEE,4
$VBD_BLEED_AD_RATE,8
$UNCOM_BLEED,60
$VBD_MAXERRORS,1
$W_ADJ_DBAND,2
$DBDW,0
$PITCH_W_GAIN,0
$PITCH_W_DBAND,1
$CF8_MAXERRORS,5
$AH0_24V,145
$AH0_10V,95
$MINV_24V,19
$MINV_10V,8
$FG_AHR_10V,0
$FG_AHR_24V,0
$PHONE_SUPPLY,2
$PRESSURE_YINT,-18.492611
$PRESSURE_SLOPE,0.0001165895
$AD7714Ch0Gain,128
$TCM_PITCH_OFFSET,0
$TCM_ROLL_OFFSET,0
$COMPASS_USE,4
$ALTIM_BOTTOM_PING_RANGE,0
$ALTIM_TOP_PING_RANGE,20
$ALTIM_BOTTOM_TURN_MARGIN,25
$ALTIM_TOP_TURN_MARGIN,0
$ALTIM_TOP_MIN_OBSTACLE,1
$ALTIM_PING_DEPTH,100
$ALTIM_PING_DELTA,5
$ALTIM_FREQUENCY,13
$ALTIM_PULSE,3
$ALTIM_SENSITIVITY,3
$XPDR_VALID,5
$XPDR_INHIBIT,90
$INT_PRESSURE_SLOPE,0.0097660003
$INT_PRESSURE_YINT,-0.40000001
$DEEPGLIDER,0
$DEEPGLIDERMB,0
$MOTHERBOARD,4
$DEVICE1,2
$DEVICE2,101
$DEVICE3,38
$DEVICE4,-1
$DEVICE5,-1
$DEVICE6,-1
$LOGGERS,7
$LOGGERDEVICE1,-1
$LOGGERDEVICE2,-1
$LOGGERDEVICE3,-1
$LOGGERDEVICE4,-1
$COMPASS_DEVICE,33
$COMPASS2_DEVICE,-1
$PHONE_DEVICE,49
$GPS_DEVICE,32
$RAFOS_DEVICE,-1
$XPDR_DEVICE,24
$SIM_W,0
$SIM_PITCH,0
$SEABIRD_T_G,0.0043137739
$SEABIRD_T_H,0.00062868668
$SEABIRD_T_I,2.2691316e-05
$SEABIRD_T_J,2.2586789e-06
$SEABIRD_C_G,-10.021329
$SEABIRD_C_H,1.1236943
$SEABIRD_C_I,-0.0013673168
$SEABIRD_C_J,0.00018808816
$GPS1,280126,033441,4750.856,-12223.099,8,1.2,8,18.2
$_CALLS,1
$_XMS_NAKs,0
$_XMS_TOUTs,0
$_SM_DEPTHo,-4.25
$_SM_ANGLEo,-67.5
$GPS2,280126,034035,4750.878,-12223.107,15,1.1,15,18.2
$SPEED_LIMITS,0.178,0.262
$TGT_NAME,WEST_175
$TGT_LATLONG,4750.700,-12226.500
$TGT_RADIUS,200.000
$KALMAN_CONTROL,0.000,0.000
$KALMAN_X,0.0,0.0,0.0,0.0,0.0
$KALMAN_Y,0.0,0.0,0.0,0.0,0.0
$MHEAD_RNG_PITCHd_Wd,245.7,4230,-17.9,-10.256,-21.36,2171
$D_GRID,200
$GCHEAD,st_secs,pitch_ctl,vbd_ctl,pitch_ad_start,roll_ad_start,vbd_pot1_ad_start,vbd_pot2_ad_start,depth,ob_vertv,data_pts,end_secs,pitch_secs,roll_secs,vbd_secs,vbd_i,gcphase,pitch_i,roll_i,pitch_ad,roll_ad,vbd_ad,vbd_pot1_ad,vbd_pot2_ad,pitch_retries,pitch_errors,roll_retries,roll_errors,vbd_retries,vbd_errors,pitch_volts,roll_volts,vbd_volts
$STATE,12,end surface,CONTROL_FINISHED_OK
$STATE,13,begin dive
$GC,15,-0.78,-146.6,249,2389,517,405,0.0,0.0,0,100,0.00,0.00,-82.97,0.000,16390,0.000,0.000,250,2389,2775,2853,2697,0,0,0,0,0,0,28.83,28.83,26.30
$GC,103,-0.78,-146.6,249,2390,2854,2698,-1.7,-4.6,8,119,8.50,2.25,0.00,0.000,2564,0.221,0.046,2393,964,2779,2860,2699,0,0,0,0,0,0,25.30,25.83,28.83
$GC,394,-0.59,-146.6,2393,965,2869,2697,58.1,-18.4,37,404,0.25,2.05,0.00,0.000,3078,0.168,0.035,2452,2315,2783,2870,2696,0,0,0,0,0,0,25.62,26.06,28.83
$GC,434,-0.46,-146.6,2452,2315,2872,2695,64.6,-16.0,41,436,0.17,0.00,0.00,0.000,2054,0.149,0.000,2500,2315,2783,2872,2695,0,0,0,0,0,0,25.89,28.83,28.83
$GC,463,-0.46,-146.6,2500,2315,2873,2695,68.2,-12.5,44,472,0.00,2.15,0.00,0.000,260,0.000,0.046,2494,3718,2784,2873,2695,0,0,0,0,0,0,28.83,26.05,28.83
$GC,505,-0.46,-146.6,2493,3718,2873,2695,72.8,-10.8,48,514,0.00,1.98,0.00,0.000,3078,0.000,0.018,2494,2319,2783,2873,2694,0,0,0,0,0,0,28.83,26.26,28.83
$GC,545,-0.46,-146.6,2494,2319,2874,2694,76.9,-10.2,52,546,0.00,0.00,0.00,0.000,2054,0.000,0.000,2494,2319,2783,2873,2694,0,0,0,0,0,0,28.83,28.83,28.83
$GC,576,-0.46,-146.6,2494,2320,2874,2694,79.9,-10.3,55,577,0.00,0.00,0.00,0.000,2054,0.000,0.000,2494,2319,2784,2874,2694,0,0,0,0,0,0,28.83,28.83,28.83
$GC,605,-0.46,-146.6,2493,2319,2873,2694,83.0,-10.2,58,606,0.00,0.00,0.00,0.000,2054,0.000,0.000,2494,2319,2784,2874,2694,0,0,0,0,0,0,28.83,28.83,28.83
$GC,635,-0.46,-146.6,2494,2319,2874,2694,85.9,-9.7,61,636,0.00,0.00,0.00,0.000,2054,0.000,0.000,2494,2319,2783,2873,2694,0,0,0,0,0,0,28.83,28.83,28.83
$GC,665,-0.46,-146.6,2493,2320,2873,2694,88.7,-9.7,64,666,0.00,0.00,0.00,0.000,2054,0.000,0.000,2494,2319,2783,2874,2693,0,0,0,0,0,0,28.83,28.83,28.83
$GC,696,-0.46,-146.6,2494,2319,2874,2694,91.8,-10.2,67,705,0.00,2.17,0.00,0.000,2308,0.000,0.045,2491,3720,2784,2874,2694,0,0,0,0,0,0,28.83,26.10,28.83
$GC,738,-0.46,-146.6,2491,3720,2873,2694,95.8,-9.5,71,747,0.00,1.92,0.00,0.000,3078,0.000,0.017,2491,2345,2783,2873,2694,0,0,0,0,0,0,28.83,26.33,28.83
$GC,778,-0.46,-146.6,2490,2345,2873,2693,99.8,-9.7,75,779,0.00,0.00,0.00,0.000,2054,0.000,0.000,2491,2345,2783,2874,2693,0,0,0,0,0,0,28.83,28.83,28.83
$GC,808,-0.46,-146.6,2491,2345,2874,2693,102.7,-9.7,78,809,0.00,0.00,0.00,0.000,2054,0.000,0.000,2491,2345,2783,2873,2693,0,0,0,0,0,0,28.83,28.83,28.83
$GC,837,-0.46,-146.6,2490,2345,2874,2693,105.8,-10.2,81,838,0.00,0.00,0.00,0.000,2054,0.000,0.000,2491,2345,2783,2874,2693,0,0,0,0,0,0,28.83,28.83,28.83
$GC,867,-0.46,-146.6,2490,2345,2874,2693,108.6,-9.5,84,868,0.00,0.00,0.00,0.000,2054,0.000,0.000,2490,2345,2783,2874,2693,0,0,0,0,0,0,28.83,28.83,28.83
$GC,898,-0.46,-146.6,2490,2345,2874,2693,111.4,-9.3,87,899,0.00,0.00,0.00,0.000,2054,0.000,0.000,2491,2345,2783,2874,2693,0,0,0,0,0,0,28.83,28.83,28.83
$GC,928,-0.46,-146.6,2491,2345,2874,2693,114.2,-9.4,90,929,0.00,0.00,0.00,0.000,2054,0.000,0.000,2491,2345,2783,2874,2693,0,0,0,0,0,0,28.83,28.83,28.83
$GC,957,-0.46,-146.6,2490,2345,2874,2693,117.0,-9.2,93,958,0.00,0.00,0.00,0.000,2054,0.000,0.000,2491,2345,2783,2874,2693,0,0,0,0,0,0,28.83,28.83,28.83
$GC,987,-0.46,-146.6,2490,2345,2874,2693,119.6,-9.0,96,988,0.00,0.00,0.00,0.000,2054,0.000,0.000,2491,2345,2783,2874,2693,0,0,0,0,0,0,28.83,28.83,28.83
$GC,1018,-0.46,-146.6,2490,2345,2873,2693,122.3,-8.7,99,1019,0.00,0.00,0.00,0.000,2054,0.000,0.000,2491,2345,2783,2874,2693,0,0,0,0,0,0,28.83,28.83,28.83
$GC,1047,-0.46,-146.6,2490,2345,2874,2693,124.9,-8.7,102,1048,0.00,0.00,0.00,0.000,2054,0.000,0.000,2491,2345,2783,2874,2693,0,0,0,0,0,0,28.83,28.83,28.83
$GC,1077,-0.46,-146.6,2491,2345,2874,2693,127.4,-8.6,105,1079,0.00,0.00,0.00,0.000,2054,0.000,0.000,2491,2345,2783,2874,2692,0,0,0,0,0,0,28.83,28.83,28.83
$GC,1107,-0.46,-146.6,2490,2345,2874,2693,130.0,-8.5,108,1108,0.00,0.00,0.00,0.000,2054,0.000,0.000,2491,2345,2783,2874,2693,0,0,0,0,0,0,28.83,28.83,28.83
$GC,1138,-0.46,-146.6,2490,2345,2874,2693,132.6,-8.4,111,1139,0.00,0.00,0.00,0.000,2054,0.000,0.000,2492,2345,2783,2874,2692,0,0,0,0,0,0,28.83,28.83,28.83
$GC,1167,-0.46,-146.6,2490,2345,2874,2692,135.2,-8.8,114,1177,0.00,2.03,0.00,0.000,2564,0.000,0.028,2491,975,2782,2874,2691,0,0,0,0,0,0,28.83,26.26,28.83
$GC,1200,-0.46,-146.6,2490,974,2874,2691,138.1,-9.0,117,1209,0.00,2.05,0.00,0.000,3078,0.000,0.028,2490,2360,2782,2874,2691,0,0,0,0,0,0,28.83,26.27,28.83
$GC,1239,-0.46,-146.6,2490,2360,2875,2691,141.6,-8.8,121,1240,0.00,0.00,0.00,0.000,2054,0.000,0.000,2491,2361,2782,2874,2691,0,0,0,0,0,0,28.83,28.83,28.83
$GC,1269,-0.46,-146.6,2490,2361,2874,2691,144.2,-8.3,124,1270,0.00,0.00,0.00,0.000,2054,0.000,0.000,2491,2360,2782,2873,2691,0,0,0,0,0,0,28.83,28.83,28.83
$GC,1300,-0.46,-146.6,2490,2360,2873,2691,146.6,-8.3,127,1301,0.00,0.00,0.00,0.000,2054,0.000,0.000,2491,2360,2782,2874,2691,0,0,0,0,0,0,28.83,28.83,28.83
$STATE,1308,end dive,BOTTOM_OBSTACLE_DETECTED
$STATE,1308,begin apogee
$GC,1313,-0.27,0.0,2491,2114,2874,2691,147.5,-8.3,128,1442,0.20,0.08,120.72,0.566,10246,0.112,0.112,2559,2188,2190,2279,2101,0,0,0,0,0,0,26.02,25.17,24.53
$STATE,1443,end apogee,CONTROL_FINISHED_OK
$STATE,1443,begin climb
$GC,1445,0.78,146.6,2559,2188,2278,2100,152.1,0.0,141,1562,1.02,0.00,113.80,0.551,10502,0.106,0.000,2889,2188,1605,1725,1486,0,0,0,0,0,0,25.23,28.83,24.47
$GC,1592,0.71,146.6,2889,2188,1723,1480,136.3,14.9,156,1593,0.00,0.00,0.00,0.000,4102,0.000,0.000,2889,2188,1601,1723,1480,0,0,0,0,0,0,28.83,28.83,28.83
$GC,1621,0.71,146.6,2889,2188,1723,1478,131.9,14.3,159,1622,0.00,0.00,0.00,0.000,4102,0.000,0.000,2889,2189,1600,1723,1478,0,0,0,0,0,0,28.83,28.83,28.83
$GC,1650,0.71,146.6,2888,2188,1723,1478,127.7,13.9,162,1660,0.00,2.12,0.00,0.000,4612,0.000,0.032,2895,804,1600,1722,1478,0,0,0,0,0,0,28.83,25.64,28.83
$GC,1673,0.71,146.6,2895,804,1720,1478,124.6,13.9,164,1683,0.05,2.03,0.00,0.000,5126,0.205,0.022,2886,2170,1598,1719,1478,0,0,0,0,0,0,25.62,25.74,28.83
$GC,1713,0.71,146.6,2885,2170,1719,1478,119.0,14.1,168,1722,0.00,2.15,0.00,0.000,4356,0.000,0.036,2885,3573,1598,1719,1478,0,0,0,0,0,0,28.83,25.77,28.83
$GC,1755,0.64,146.6,2885,3573,1719,1478,112.6,15.5,172,1765,0.15,2.00,0.00,0.000,5126,0.159,0.018,2856,2194,1598,1719,1478,0,0,0,0,0,0,25.60,25.91,28.83
$GC,1795,0.64,146.6,2855,2193,1718,1477,107.3,13.2,176,1804,0.00,2.12,0.00,0.000,516,0.000,0.034,2856,793,1598,1719,1477,0,0,0,0,0,0,28.83,25.86,28.83
$GC,1829,0.64,146.6,2857,793,1716,1477,104.0,10.7,179,1837,0.00,2.10,0.00,0.000,1030,0.000,0.025,2857,2174,1596,1716,1477,0,0,0,0,0,0,28.83,25.97,28.83
$GC,1868,0.64,146.6,2856,2174,1716,1477,99.6,10.8,183,1877,0.00,2.12,0.00,0.000,260,0.000,0.037,2857,3576,1596,1716,1477,0,0,0,0,0,0,28.83,25.94,28.83
$GC,1910,0.64,146.6,2857,3576,1716,1477,94.6,11.8,187,1919,0.00,2.03,0.00,0.000,1030,0.000,0.018,2857,2180,1596,1716,1477,0,0,0,0,0,0,28.83,26.06,28.83
$GC,1950,0.64,146.6,2856,2179,1715,1477,89.9,11.7,191,1951,0.00,0.00,0.00,0.000,6,0.000,0.000,2857,2178,1596,1716,1477,0,0,0,0,0,0,28.83,28.83,28.83
$GC,1979,0.64,146.6,2857,2178,1716,1477,86.9,10.4,194,1980,0.00,0.00,0.00,0.000,6,0.000,0.000,2857,2178,1596,1716,1477,0,0,0,0,0,0,28.83,28.83,28.83
$GC,2009,0.64,146.6,2856,2178,1716,1477,83.7,10.3,197,2010,0.00,0.00,0.00,0.000,6,0.000,0.000,2857,2178,1596,1716,1477,0,0,0,0,0,0,28.83,28.83,28.83
$GC,2039,0.64,146.6,2857,2178,1716,1477,80.5,10.6,200,2048,0.00,2.12,0.00,0.000,260,0.000,0.037,2857,3578,1596,1716,1477,0,0,0,0,0,0,28.83,26.05,28.83
$GC,2073,0.64,146.6,2857,3578,1715,1477,76.8,11.6,203,2080,0.00,2.08,0.00,0.000,1030,0.000,0.020,2857,2178,1596,1716,1477,0,0,0,0,0,0,28.83,26.16,28.83
$GC,2112,0.64,146.6,2857,2175,1716,1477,72.2,11.6,207,2113,0.00,0.00,0.00,0.000,6,0.000,0.000,2857,2176,1596,1716,1477,0,0,0,0,0,0,28.83,28.83,28.83
$GC,2141,0.64,146.6,2857,2175,1716,1477,69.2,10.5,210,2142,0.00,0.00,0.00,0.000,6,0.000,0.000,2857,2175,1596,1716,1477,0,0,0,0,0,0,28.83,28.83,28.83
$GC,2171,0.64,146.6,2857,2176,1716,1477,66.0,10.3,213,2172,0.00,0.00,0.00,0.000,6,0.000,0.000,2857,2175,1596,1716,1477,0,0,0,0,0,0,28.83,28.83,28.83
$GC,2201,0.64,146.6,2857,2175,1716,1477,62.9,10.4,216,2210,0.00,2.12,0.00,0.000,260,0.000,0.037,2857,3578,1596,1716,1477,0,0,0,0,0,0,28.83,26.10,28.83
$GC,2233,0.64,146.6,2856,3578,1716,1477,59.4,10.9,219,2242,0.00,2.03,0.00,0.000,1030,0.000,0.018,2857,2167,1596,1716,1477,0,0,0,0,0,0,28.83,26.21,28.83
$GC,2273,0.64,146.6,2856,2165,1716,1477,55.1,10.9,223,2282,0.00,2.08,0.00,0.000,516,0.000,0.035,2857,784,1596,1716,1477,0,0,0,0,0,0,28.83,26.13,28.83
$GC,2316,0.64,146.6,2857,784,1714,1477,51.1,9.4,227,2325,0.00,2.03,0.00,0.000,1030,0.000,0.023,2857,2172,1595,1714,1477,0,0,0,0,0,0,28.83,26.20,28.83
$GC,2356,0.64,146.6,2857,2173,1714,1477,47.1,10.3,231,2364,0.00,2.10,0.00,0.000,260,0.000,0.038,2857,3576,1595,1714,1477,0,0,0,0,0,0,28.83,26.14,28.83
$GC,2377,0.64,146.6,2857,3576,1714,1477,44.6,10.5,233,2386,0.00,2.03,0.00,0.000,1030,0.000,0.018,2857,2166,1595,1714,1477,0,0,0,0,0,0,28.83,26.25,28.83
$GC,2417,0.64,146.6,2856,2165,1713,1477,40.2,11.4,237,2426,0.00,2.08,0.00,0.000,516,0.000,0.034,2857,780,1595,1713,1477,0,0,0,0,0,0,28.83,26.15,28.83
$GC,2459,0.70,146.6,2857,780,1714,1477,36.0,9.9,241,2468,0.00,2.05,0.00,0.000,3078,0.000,0.024,2857,2178,1595,1713,1477,0,0,0,0,0,0,28.83,26.22,28.83
$GC,2499,0.70,146.6,2856,2178,1714,1477,31.9,10.6,245,2508,0.00,2.12,0.00,0.000,2308,0.000,0.038,2857,3580,1595,1713,1477,0,0,0,0,0,0,28.83,26.15,28.83
$GC,2551,0.70,146.6,2857,3580,1713,1477,26.0,11.6,250,2561,0.00,2.03,0.00,0.000,3078,0.000,0.018,2857,2172,1595,1713,1477,0,0,0,0,0,0,28.83,26.27,28.83
$GC,2591,0.70,146.6,2857,2171,1713,1477,21.9,10.3,254,2601,0.00,2.10,0.00,0.000,2564,0.000,0.035,2857,780,1595,1713,1477,0,0,0,0,0,0,28.83,26.17,28.83
$GC,2665,0.84,195.6,2857,780,1713,1477,15.9,8.0,261,2708,0.15,2.03,37.30,0.476,11270,0.041,0.024,2938,2174,1410,1536,1285,0,0,0,0,0,0,26.24,26.27,25.08
$GC,2740,0.72,195.6,2938,2174,1535,1280,6.4,14.4,268,2742,0.20,0.00,0.00,0.000,4102,0.148,0.000,2884,2175,1407,1535,1280,0,0,0,0,0,0,25.68,28.83,28.83
$STATE,2769,end climb,SURFACE_DEPTH_REACHED
$STATE,2769,begin surface coast
$FINISH,0.2,1.021961
$STATE,2789,end surface coast,CONTROL_FINISHED_OK
$STATE,2789,begin surface
$SM_CCo,2805,177.30,0.443,1,0,464,433.32
$SM_CCo,2990,-0.10,0.000,0,0,465,433.32
$SM_CCo,2994,0.00,0.000,0,0,465,433.32
$SM_GC,-4.28,7.45,0.22,0.00,0.066,0.052,0.000,245,2372,465,-7.45,-1.55,433.32,0,0,0,0,0,0,25.92,26.10,28.83
$IRIDIUM_FIX,4732.49,-12227.53,180208,121228
$TT8_MAMPS,0.027713,0.027713
$HUMID,40.74
$INTERNAL_PRESSURE,8.08665
$TCM_TEMP,17.20
$XPDR_PINGS,36
$ALTIM_TOP_PING,19.9,24.7
$ALTIM_BOTTOM_PING,100.8,71.7
$24V_AH,24.5,23.350
$10V_AH,10.4,10.456
$FG_AHR_24Vo,0.000
$FG_AHR_10Vo,0.000
$DEVICES,Pitch_motor,Roll_motor,VBD_pump_during_apogee,VBD_pump_during_surface,VBD_valve,Iridium_during_init,Iridium_during_connect,Iridium_during_xfer,Transponder_ping,GUMSTIX_24V,GPS,TT8,LPSleep,TT8_Active,TT8_Sampling,TT8_CF8,TT8_Kalman,Analog_circuits,GPS_charging,Compass,RAFOS,Transponder,Compass2
$DEVICE_SECS,0.000,0.000,0.000,0.000,0.000,0.000,0.000,0.000,0.000,0.000,0.000,0.000,0.000,0.000,0.000,0.000,0.000,0.000,0.000,0.000,0.000,0.000,0.000
$DEVICE_MAMPS,0.000,0.000,0.000,0.000,0.000,0.000,0.000,0.000,0.000,0.000,0.000,0.000,0.000,0.000,0.000,0.000,0.000,0.000,0.000,0.000,0.000,0.000,0.000
$SENSORS,SBE_CT,AA4330,WL_BB2FLVMG,nil,nil,nil,nil,nil,nil,nil
$SENSOR_SECS,0.000,0.000,0.000,0.000,0.000,0.000,0.000,0.000,0.000,0.000
$SENSOR_MAMPS,0.000,0.000,0.000,0.000,0.000,0.000,0.000,0.000,0.000,0.000
$MEM,355048
$DATA_FILE_SIZE,20309,273
$CAP_FILE_SIZE,85716,0
$CFSIZE,260165632,251371520
$ERRORS,0,0,0,0,0,0,0,0,0,0,0,0,0,1,0,0
$CURRENT,0.065, 46.3,1
$GPS,280126,043203,4750.891,-12223.543,11,1.2,27,18.2
