version: 66.11
glider: 175
mission: 10
dive: 221
start: 1 31 126 2 41 23
data:
$ID,175
$MISSION,10
$DIVE,221
$N_DIVES,0
$D_SURF,3
$D_FLARE,3
$D_TGT,200
$D_ABORT,1090
$D_NO_BLEED,500
$D_BOOST,3
$T_BOOST,0
$D_FINISH,0
$D_PITCH,0
$D_SAFE,0
$D_CALL,0
$SURFACE_URGENCY,0
$SURFACE_URGENCY_TRY,0
$SURFACE_URGENCY_FORCE,0
$T_DIVE,65
$T_MISSION,85
$T_ABORT,1440
$T_TURN,300
$T_TURN_SAMPINT,5
$T_NO_W,120
$T_LOITER,0
$T_EPIRB,0
$USE_BATHY,0
$USE_ICE,0
$ICE_FREEZE_MARGIN,0.30000001
$D_OFFGRID,100
$T_WATCHDOG,10
$RELAUNCH,1
$APOGEE_PITCH,-8
$MAX_BUOY,150
$COURSE_BIAS,0
$GLIDE_SLOPE,30
$SPEED_FACTOR,1
$RHO,1.023
$MASS,51902
$MASS_COMP,0
$NAV_MODE,2
$FERRY_MAX,45
$KALMAN_USE,2
$HD_A,0.003
$HD_B,0.0099999998
$HD_C,9.9999997e-06
$HEADING,-1
$ESCAPE_HEADING,0
$ESCAPE_HEADING_DELTA,10
$FIX_MISSING_TIMEOUT,0
$TGT_DEFAULT_LAT,4750.7002
$TGT_DEFAULT_LON,-12222
$TGT_AUTO_DEFAULT,0
$SM_CC,457.23199
$N_FILEKB,4
$FILEMGR,0
$CALL_NDIVES,1
$COMM_SEQ,0
$PROTOCOL,9
$N_NOCOMM,1
$NOCOMM_ACTION,0
$N_NOSURFACE,0
$UPLOAD_DIVES_MAX,-1
$CALL_TRIES,5
$CALL_WAIT,60
$CAPUPLOAD,1
$CAPMAXSIZE,200000
$HEAPDBG,0
$T_GPS,15
$N_GPS,30
$T_GPS_ALMANAC,0
$T_GPS_CHARGE,-36562.121
$T_RSLEEP,2
$STROBE,0
$RAFOS_PEAK_OFFSET,1.5
$RAFOS_CORR_THRESH,60
$RAFOS_HIT_WINDOW,3600
$PITCH_MIN,255
$PITCH_MAX,3935
$C_PITCH,2671
$PITCH_DBAND,0.0099999998
$PITCH_CNV,0.003125763
$P_OVSHOOT,0.039999999
$PITCH_GAIN,30
$PITCH_TIMEOUT,17
$PITCH_AD_RATE,160
$PITCH_MAXERRORS,1
$PITCH_ADJ_GAIN,0.02
$PITCH_ADJ_DBAND,2.5
$ROLL_MIN,171
$ROLL_MAX,3723
$ROLL_DEG,40
$C_ROLL_DIVE,2354
$C_ROLL_CLIMB,2165
$HEAD_ERRBAND,10
$ROLL_CNV,0.028270001
$ROLL_TIMEOUT,15
$R_PORT_OVSHOOT,63
$R_STBD_OVSHOOT,73
$ROLL_AD_RATE,300
$ROLL_MAXERRORS,2
$ROLL_ADJ_GAIN,0
$ROLL_ADJ_DBAND,0
$VBD_MIN,465
$VBD_MAX,3960
$C_VBD,2190
$VBD_DBAND,2
$VBD_CNV,-0.25119999
$VBD_TIMEOUT,720
$PITCH_VBD_SHIFT,0.0012300001
$VBD_PUMP_AD_RATE_SURFACE,5
$VBD_PUMP_AD_RATE_APOGEE,4
$VBD_BLEED_AD_RATE,8
$UNCOM_BLEED,60
$VBD_MAXERRORS,1
$W_ADJ_DBAND,2
$DBDW,0
$PITCH_W_GAIN,0
$PITCH_W_DBAND,1
$CF8_MAXERRORS,5
$AH0_24V,145
$AH0_10V,95
$MINV_24V,19
$MINV_10V,8
$FG_AHR_10V,0
$FG_AHR_24V,0
$PHONE_SUPPLY,2
$PRESSURE_YINT,-18.492611
$PRESSURE_SLOPE,0.0001165895
$AD7714Ch0Gain,128
$TCM_PITCH_OFFSET,0
$TCM_ROLL_OFFSET,0
$COMPASS_USE,4
$ALTIM_BOTTOM_PING_RANGE,0
$ALTIM_TOP_PING_RANGE,20
$ALTIM_BOTTOM_TURN_MARGIN,25
$ALTIM_TOP_TURN_MARGIN,0
$ALTIM_TOP_MIN_OBSTACLE,1
$ALTIM_PING_DEPTH,100
$ALTIM_PING_DELTA,5
$ALTIM_FREQUENCY,13
$ALTIM_PULSE,3
$ALTIM_SENSITIVITY,3
$XPDR_VALID,5
$XPDR_INHIBIT,90
$INT_PRESSURE_SLOPE,0.0097660003
$INT_PRESSURE_YINT,-0.40000001
$DEEPGLIDER,0
$DEEPGLIDERMB,0
$MOTHERBOARD,4
$DEVICE1,2
$DEVICE2,101
$DEVICE3,38
$DEVICE4,-1
$DEVICE5,-1
$DEVICE6,-1
$LOGGERS,7
$LOGGERDEVICE1,-1
$LOGGERDEVICE2,-1
$LOGGERDEVICE3,-1
$LOGGERDEVICE4,-1
$COMPASS_DEVICE,33
$COMPASS2_DEVICE,-1
$PHONE_DEVICE,49
$GPS_DEVICE,32
$RAFOS_DEVICE,-1
$XPDR_DEVICE,24
$SIM_W,0
$SIM_PITCH,0
$SEABIRD_T_G,0.0043137739
$SEABIRD_T_H,0.00062868668
$SEABIRD_T_I,2.2691316e-05
$SEABIRD_T_J,2.2586789e-06
$SEABIRD_C_G,-10.021329
$SEABIRD_C_H,1.1236943
$SEABIRD_C_I,-0.0013673168
$SEABIRD_C_J,0.00018808816
$GPS1,310126,023623,4750.659,-12222.186,9,1.2,9,18.2
$_CALLS,1
$_XMS_NAKs,0
$_XMS_TOUTs,0
$_SM_DEPTHo,-7.40
$_SM_ANGLEo,-67.9
$GPS2,310126,024053,4750.656,-12222.170,11,1.9,11,18.2
$SPEED_LIMITS,0.178,0.262
$TGT_NAME,EAST_175
$TGT_LATLONG,4750.700,-12222.000
$TGT_RADIUS,200.000
$KALMAN_CONTROL,0.000,0.000
$KALMAN_X,0.0,0.0,0.0,0.0,0.0
$KALMAN_Y,0.0,0.0,0.0,0.0,0.0
$MHEAD_RNG_PITCHd_Wd,54.5,227,-27.3,-10.256,-30.00,974
$D_GRID,200
$GCHEAD,st_secs,pitch_ctl,vbd_ctl,pitch_ad_start,roll_ad_start,vbd_pot1_ad_start,vbd_pot2_ad_start,depth,ob_vertv,data_pts,end_secs,pitch_secs,roll_secs,vbd_secs,vbd_i,gcphase,pitch_i,roll_i,pitch_ad,roll_ad,vbd_ad,vbd_pot1_ad,vbd_pot2_ad,pitch_retries,pitch_errors,roll_retries,roll_errors,vbd_retries,vbd_errors,pitch_volts,roll_volts,vbd_volts
$STATE,12,end surface,CONTROL_FINISHED_OK
$STATE,12,begin dive
$GC,15,-0.99,-65.5,244,2372,519,403,0.0,0.0,0,90,0.00,0.00,-73.03,0.000,16390,0.000,0.000,245,2372,2450,2512,2389,0,0,0,0,0,0,28.83,28.83,26.32
$GC,93,-1.07,-133.7,244,2372,2513,2390,-5.9,-3.1,7,120,8.18,2.10,-7.97,0.000,18692,0.219,0.067,2306,3670,2726,2823,2630,0,0,0,0,0,0,25.27,25.84,26.29
$GC,427,-0.85,-133.7,2306,3670,2825,2632,70.5,-24.4,40,436,0.28,1.90,0.00,0.000,3078,0.181,0.027,2387,2358,2728,2825,2632,0,0,0,0,0,0,25.55,26.20,28.83
$GC,466,-0.74,-133.7,2387,2358,2825,2632,79.1,-21.6,44,475,0.15,2.05,0.00,0.000,2308,0.174,0.043,2418,3693,2728,2824,2632,0,0,0,0,0,0,25.89,26.08,28.83
$GC,529,-0.74,-133.7,2418,3693,2825,2632,88.5,-14.4,50,538,0.00,1.95,0.00,0.000,3078,0.000,0.019,2418,2326,2728,2825,2632,0,0,0,0,0,0,28.83,26.27,28.83
$GC,569,-0.74,-133.7,2418,2326,2825,2632,94.3,-14.3,54,570,0.00,0.00,0.00,0.000,2054,0.000,0.000,2418,2327,2728,2825,2632,0,0,0,0,0,0,28.83,28.83,28.83
$GC,598,-0.74,-133.7,2418,2326,2825,2632,98.6,-14.4,57,600,0.00,0.00,0.00,0.000,2054,0.000,0.000,2418,2326,2728,2825,2632,0,0,0,0,0,0,28.83,28.83,28.83
$GC,628,-0.74,-133.7,2418,2326,2826,2632,102.9,-14.2,60,629,0.00,0.00,0.00,0.000,2054,0.000,0.000,2418,2327,2729,2826,2632,0,0,0,0,0,0,28.83,28.83,28.83
$GC,658,-0.74,-133.7,2418,2326,2825,2632,107.3,-14.6,63,659,0.00,0.00,0.00,0.000,2054,0.000,0.000,2418,2326,2728,2825,2632,0,0,0,0,0,0,28.83,28.83,28.83
$GC,689,-0.74,-133.7,2418,2326,2825,2632,111.5,-13.9,66,690,0.00,0.00,0.00,0.000,2054,0.000,0.000,2418,2326,2728,2825,2632,0,0,0,0,0,0,28.83,28.83,28.83
$GC,718,-0.74,-133.7,2418,2326,2825,2632,115.6,-14.0,69,719,0.00,0.00,0.00,0.000,2054,0.000,0.000,2418,2326,2728,2825,2632,0,0,0,0,0,0,28.83,28.83,28.83
$GC,749,-0.74,-133.7,2418,2326,2825,2632,119.6,-13.3,72,750,0.00,0.00,0.00,0.000,2054,0.000,0.000,2418,2326,2728,2825,2632,0,0,0,0,0,0,28.83,28.83,28.83
$GC,778,-0.74,-133.7,2418,2326,2825,2632,123.7,-13.4,75,779,0.00,0.00,0.00,0.000,2054,0.000,0.000,2418,2327,2728,2825,2632,0,0,0,0,0,0,28.83,28.83,28.83
$STATE,787,end dive,BOTTOM_OBSTACLE_DETECTED
$STATE,787,begin apogee
$GC,792,-0.27,0.0,2418,2116,2825,2632,125.0,-13.5,76,909,0.50,0.00,110.62,0.557,10246,0.133,0.000,2576,2116,2189,2283,2095,0,0,0,0,0,0,25.76,28.83,24.50
$STATE,910,end apogee,CONTROL_FINISHED_OK
$STATE,910,begin climb
$GC,913,1.07,133.7,2576,2116,2282,2094,129.1,0.0,88,1022,1.33,0.00,104.62,0.543,10758,0.096,0.000,3011,2116,1656,1769,1544,0,0,0,0,0,0,25.27,28.83,24.44
$GC,1052,0.96,133.7,3011,2116,1766,1541,105.2,24.9,102,1059,0.12,0.00,0.00,0.000,4102,0.193,0.000,2986,2116,1653,1766,1540,0,0,0,0,0,0,25.24,28.83,28.83
$GC,1091,0.89,133.7,2986,2115,1765,1539,95.7,23.6,106,1093,0.12,0.00,0.00,0.000,4102,0.187,0.000,2958,2115,1652,1765,1539,0,0,0,0,0,0,25.41,28.83,28.83
$GC,1121,0.89,133.7,2958,2115,1764,1537,88.9,22.2,109,1122,0.00,0.00,0.00,0.000,6,0.000,0.000,2958,2115,1650,1763,1537,0,0,0,0,0,0,28.83,28.83,28.83
$GC,1150,0.89,133.7,2958,2115,1764,1537,83.0,19.9,112,1159,0.00,2.17,0.00,0.000,260,0.000,0.035,2958,3543,1650,1764,1537,0,0,0,0,0,0,28.83,25.77,28.83
$GC,1173,0.89,133.7,2957,3543,1763,1537,78.6,20.2,114,1181,0.00,1.95,0.00,0.000,5126,0.000,0.017,2965,2204,1650,1763,1537,0,0,0,0,0,0,28.83,25.88,28.83
$GC,1213,0.89,133.7,2964,2201,1763,1536,70.9,19.4,118,1222,0.00,2.15,0.00,0.000,4612,0.000,0.034,2975,778,1649,1763,1536,0,0,0,0,0,0,28.83,25.86,28.83
$GC,1236,0.89,133.7,2112,777,1725,1532,67.0,17.5,120,1244,0.05,2.05,0.00,0.000,5126,0.172,0.024,2962,2140,1648,1760,1536,0,0,0,0,0,0,25.72,25.95,28.83
$GC,1274,0.89,133.7,2961,2140,1759,1536,60.8,15.5,124,1275,0.00,0.00,0.00,0.000,4102,0.000,0.000,2962,2140,1648,1760,1536,0,0,0,0,0,0,28.83,28.83,28.83
$GC,1304,0.89,133.7,2961,2140,1759,1536,56.0,15.8,127,1305,0.00,0.00,0.00,0.000,4102,0.000,0.000,2962,2140,1647,1759,1536,0,0,0,0,0,0,28.83,28.83,28.83
$GC,1335,0.89,133.7,2961,2140,1759,1536,51.2,16.1,130,1344,0.00,2.15,0.00,0.000,4356,0.000,0.037,2962,3567,1647,1759,1536,0,0,0,0,0,0,28.83,25.97,28.83
$GC,1367,0.89,133.7,2961,3567,1758,1536,45.5,17.5,133,1377,0.00,2.03,0.00,0.000,5126,0.000,0.018,2969,2167,1647,1759,1536,0,0,0,0,0,0,28.83,26.10,28.83
$GC,1406,0.89,133.7,2969,2164,1759,1536,38.1,18.4,137,1407,0.00,0.00,0.00,0.000,4102,0.000,0.000,2969,2164,1648,1760,1536,0,0,0,0,0,0,28.83,28.83,28.83
$GC,1436,0.89,133.7,2968,2164,1759,1536,32.8,17.9,140,1437,0.00,0.00,0.00,0.000,4102,0.000,0.000,2969,2164,1647,1759,1536,0,0,0,0,0,0,28.83,28.83,28.83
$GC,1467,0.89,133.7,2968,2164,1759,1535,27.2,18.7,143,1475,0.00,2.10,0.00,0.000,4612,0.000,0.033,2977,772,1647,1759,1535,0,0,0,0,0,0,28.83,26.06,28.83
$GC,1488,0.89,133.7,2977,772,1758,1536,23.6,18.2,145,1498,0.10,2.05,0.00,0.000,5126,0.187,0.023,2958,2172,1646,1758,1535,0,0,0,0,0,0,25.84,26.13,28.83
$GC,1528,0.89,133.7,2957,2172,1758,1535,16.4,18.0,149,1538,0.00,2.10,0.00,0.000,260,0.000,0.036,2957,3570,1646,1758,1535,0,0,0,0,0,0,28.83,26.08,28.83
$GC,1553,0.89,133.7,2957,3570,1757,1536,12.4,17.7,151,1560,0.00,2.08,0.00,0.000,5126,0.000,0.018,2965,2158,1647,1758,1536,0,0,0,0,0,0,28.83,26.20,28.83
$GC,1591,0.89,133.7,2964,2155,1758,1535,5.2,18.3,155,1592,0.00,0.00,0.00,0.000,4102,0.000,0.000,2965,2155,1646,1758,1535,0,0,0,0,0,0,28.83,28.83,28.83
$STATE,1609,end climb,SURFACE_DEPTH_REACHED
$STATE,1609,begin surface coast
$FINISH,0.2,1.022187
$STATE,1620,end surface coast,CONTROL_FINISHED_OK
$STATE,1620,begin surface
$SM_CCo,1637,221.27,0.457,1,0,465,433.32
$SM_CCo,1866,-0.20,0.000,0,0,467,433.32
$SM_CCo,1869,1.12,0.082,0,0,465,433.32
$SM_GC,-7.41,7.97,0.28,1.12,0.088,0.045,0.082,239,2379,465,-7.53,-1.44,433.32,0,0,0,0,0,0,26.10,26.29,25.24
$IRIDIUM_FIX,4732.49,-12220.39,210208,111152
$TT8_MAMPS,0.027713,0.027713
$HUMID,40.66
$INTERNAL_PRESSURE,8.08665
$TCM_TEMP,17.10
$XPDR_PINGS,23
$ALTIM_TOP_PING,18.3,7.3
$ALTIM_BOTTOM_PING,100.1,48.6
$24V_AH,24.4,23.350
$10V_AH,10.3,10.456
$FG_AHR_24Vo,0.000
$FG_AHR_10Vo,0.000
$DEVICES,Pitch_motor,Roll_motor,VBD_pump_during_apogee,VBD_pump_during_surface,VBD_valve,Iridium_during_init,Iridium_during_connect,Iridium_during_xfer,Transponder_ping,GUMSTIX_24V,GPS,TT8,LPSleep,TT8_Active,TT8_Sampling,TT8_CF8,TT8_Kalman,Analog_circuits,GPS_charging,Compass,RAFOS,Transponder,Compass2
$DEVICE_SECS,0.000,0.000,0.000,0.000,0.000,0.000,0.000,0.000,0.000,0.000,0.000,0.000,0.000,0.000,0.000,0.000,0.000,0.000,0.000,0.000,0.000,0.000,0.000
$DEVICE_MAMPS,0.000,0.000,0.000,0.000,0.000,0.000,0.000,0.000,0.000,0.000,0.000,0.000,0.000,0.000,0.000,0.000,0.000,0.000,0.000,0.000,0.000,0.000,0.000
$SENSORS,SBE_CT,AA4330,WL_BB2FLVMG,nil,nil,nil,nil,nil,nil,nil
$SENSOR_SECS,0.000,0.000,0.000,0.000,0.000,0.000,0.000,0.000,0.000,0.000
$SENSOR_MAMPS,0.000,0.000,0.000,0.000,0.000,0.000,0.000,0.000,0.000,0.000
$MEM,355100
$DATA_FILE_SIZE,10376,158
$CAP_FILE_SIZE,50730,0
$CFSIZE,260165632,248270848
$ERRORS,0,0,0,0,0,0,0,0,0,0,0,0,0,1,0,0
$CURRENT,0.062,251.5,1
$GPS,310126,031322,4750.648,-12221.963,6,1.9,11,18.2
