version: 66.11
glider: 175
mission: 10
dive: 333
start: 2 3 126 17 15 39
data:
$ID,175
$MISSION,10
$DIVE,333
$N_DIVES,0
$D_SURF,3
$D_FLARE,3
$D_TGT,200
$D_ABORT,1090
$D_NO_BLEED,500
$D_BOOST,3
$T_BOOST,0
$D_FINISH,0
$D_PITCH,0
$D_SAFE,0
$D_CALL,0
$SURFACE_URGENCY,0
$SURFACE_URGENCY_TRY,0
$SURFACE_URGENCY_FORCE,0
$T_DIVE,65
$T_MISSION,80
$T_ABORT,1440
$T_TURN,300
$T_TURN_SAMPINT,5
$T_NO_W,120
$T_LOITER,0
$T_EPIRB,0
$USE_BATHY,0
$USE_ICE,0
$ICE_FREEZE_MARGIN,0.30000001
$D_OFFGRID,100
$T_WATCHDOG,10
$RELAUNCH,1
$APOGEE_PITCH,-8
$MAX_BUOY,150
$COURSE_BIAS,0
$GLIDE_SLOPE,30
$SPEED_FACTOR,1
$RHO,1.023
$MASS,51902
$MASS_COMP,0
$NAV_MODE,2
$FERRY_MAX,45
$KALMAN_USE,2
$HD_A,0.003
$HD_B,0.0099999998
$HD_C,9.9999997e-06
$HEADING,-1
$ESCAPE_HEADING,0
$ESCAPE_HEADING_DELTA,10
$FIX_MISSING_TIMEOUT,0
$TGT_DEFAULT_LAT,4750.7002
$TGT_DEFAULT_LON,-12222
$TGT_AUTO_DEFAULT,0
$SM_CC,457.23199
$N_FILEKB,4
$FILEMGR,0
$CALL_NDIVES,1
$COMM_SEQ,0
$PROTOCOL,9
$N_NOCOMM,1
$NOCOMM_ACTION,0
$N_NOSURFACE,0
$UPLOAD_DIVES_MAX,-1
$CALL_TRIES,5
$CALL_WAIT,60
$CAPUPLOAD,0
$CAPMAXSIZE,200000
$HEAPDBG,0
$T_GPS,15
$N_GPS,30
$T_GPS_ALMANAC,0
$T_GPS_CHARGE,-36786.754
$T_RSLEEP,2
$STROBE,0
$RAFOS_PEAK_OFFSET,1.5
$RAFOS_CORR_THRESH,60
$RAFOS_HIT_WINDOW,3600
$PITCH_MIN,255
$PITCH_MAX,3935
$C_PITCH,2671
$PITCH_DBAND,0.0099999998
$PITCH_CNV,0.003125763
$P_OVSHOOT,0.039999999
$PITCH_GAIN,30
$PITCH_TIMEOUT,17
$PITCH_AD_RATE,160
$PITCH_MAXERRORS,1
$PITCH_ADJ_GAIN,0.02
$PITCH_ADJ_DBAND,2.5
$ROLL_MIN,171
$ROLL_MAX,3723
$ROLL_DEG,40
$C_ROLL_DIVE,2354
$C_ROLL_CLIMB,2165
$HEAD_ERRBAND,10
$ROLL_CNV,0.028270001
$ROLL_TIMEOUT,15
$R_PORT_OVSHOOT,76
$R_STBD_OVSHOOT,78
$ROLL_AD_RATE,300
$ROLL_MAXERRORS,2
$ROLL_ADJ_GAIN,0
$ROLL_ADJ_DBAND,0
$VBD_MIN,465
$VBD_MAX,3960
$C_VBD,2190
$VBD_DBAND,2
$VBD_CNV,-0.25119999
$VBD_TIMEOUT,720
$PITCH_VBD_SHIFT,0.0012300001
$VBD_PUMP_AD_RATE_SURFACE,5
$VBD_PUMP_AD_RATE_APOGEE,4
$VBD_BLEED_AD_RATE,8
$UNCOM_BLEED,60
$VBD_MAXERRORS,1
$W_ADJ_DBAND,2
$DBDW,0
$PITCH_W_GAIN,0
$PITCH_W_DBAND,1
$CF8_MAXERRORS,5
$AH0_24V,145
$AH0_10V,95
$MINV_24V,19
$MINV_10V,8
$FG_AHR_10V,0
$FG_AHR_24V,0
$PHONE_SUPPLY,2
$PRESSURE_YINT,-18.492611
$PRESSURE_SLOPE,0.0001165895
$AD7714Ch0Gain,128
$TCM_PITCH_OFFSET,0
$TCM_ROLL_OFFSET,0
$COMPASS_USE,4
$ALTIM_BOTTOM_PING_RANGE,0
$ALTIM_TOP_PING_RANGE,20
$ALTIM_BOTTOM_TURN_MARGIN,25
$ALTIM_TOP_TURN_MARGIN,0
$ALTIM_TOP_MIN_OBSTACLE,1
$ALTIM_PING_DEPTH,100
$ALTIM_PING_DELTA,5
$ALTIM_FREQUENCY,13
$ALTIM_PULSE,3
$ALTIM_SENSITIVITY,3
$XPDR_VALID,5
$XPDR_INHIBIT,90
$INT_PRESSURE_SLOPE,0.0097660003
$INT_PRESSURE_YINT,-0.40000001
$DEEPGLIDER,0
$DEEPGLIDERMB,0
$MOTHERBOARD,4
$DEVICE1,2
$DEVICE2,101
$DEVICE3,38
$DEVICE4,-1
$DEVICE5,-1
$DEVICE6,-1
$LOGGERS,7
$LOGGERDEVICE1,-1
$LOGGERDEVICE2,-1
$LOGGERDEVICE3,-1
$LOGGERDEVICE4,-1
$COMPASS_DEVICE,33
$COMPASS2_DEVICE,-1
$PHONE_DEVICE,49
$GPS_DEVICE,32
$RAFOS_DEVICE,-1
$XPDR_DEVICE,24
$SIM_W,0
$SIM_PITCH,0
$SEABIRD_T_G,0.0043137739
$SEABIRD_T_H,0.00062868668
$SEABIRD_T_I,2.2691316e-05
$SEABIRD_T_J,2.2586789e-06
$SEABIRD_C_G,-10.021329
$SEABIRD_C_H,1.1236943
$SEABIRD_C_I,-0.0013673168
$SEABIRD_C_J,0.00018808816
$GPS1,030226,171129,4751.882,-12227.440,9,2.6,39,18.3
$_CALLS,1
$_XMS_NAKs,0
$_XMS_TOUTs,0
$_SM_DEPTHo,-5.82
$_SM_ANGLEo,-70.5
$GPS2,030226,171510,4751.952,-12227.467,12,0.9,17,18.3
$SPEED_LIMITS,0.178,0.262
$TGT_NAME,EAST_175
$TGT_LATLONG,4750.700,-12222.000
$TGT_RADIUS,200.000
$KALMAN_CONTROL,0.000,0.000
$KALMAN_X,0.0,0.0,0.0,0.0,0.0
$KALMAN_Y,0.0,0.0,0.0,0.0,0.0
$MHEAD_RNG_PITCHd_Wd,135.5,7179,-17.9,-10.256,-21.36,2171
$D_GRID,200
$GCHEAD,st_secs,pitch_ctl,vbd_ctl,pitch_ad_start,roll_ad_start,vbd_pot1_ad_start,vbd_pot2_ad_start,depth,ob_vertv,data_pts,end_secs,pitch_secs,roll_secs,vbd_secs,vbd_i,gcphase,pitch_i,roll_i,pitch_ad,roll_ad,vbd_ad,vbd_pot1_ad,vbd_pot2_ad,pitch_retries,pitch_errors,roll_retries,roll_errors,vbd_retries,vbd_errors,pitch_volts,roll_volts,vbd_volts
$STATE,13,end surface,CONTROL_FINISHED_OK
$STATE,14,begin dive
$GC,16,-0.78,-146.6,247,2386,530,395,0.0,0.0,0,101,0.00,0.00,-82.22,0.000,16390,0.000,0.000,247,2386,2773,2850,2696,0,0,0,0,0,0,28.83,28.83,26.35
$GC,104,-0.78,-146.6,247,2386,2850,2697,-3.1,-5.1,8,120,8.60,2.25,0.00,0.000,2564,0.220,0.058,2420,996,2777,2858,2697,0,0,0,0,0,0,25.24,25.77,28.83
$GC,125,0.39,-146.6,2419,996,2861,2697,3.5,-20.2,10,134,1.23,2.05,0.00,0.000,3078,0.151,0.037,2790,2307,2781,2867,2695,0,0,0,0,0,0,25.44,25.91,28.83
$GC,163,0.28,-146.6,2790,2309,2877,2693,11.5,-17.6,14,173,0.10,2.00,0.00,0.000,4612,0.184,0.030,2774,970,2785,2877,2693,0,0,0,0,0,0,25.87,25.97,28.83
$GC,477,-0.21,-146.6,2774,967,2877,2690,54.8,-12.8,45,487,0.47,2.05,0.00,0.000,5126,0.093,0.027,2609,2374,2783,2877,2690,0,0,0,0,0,0,25.89,26.19,28.83
$GC,517,-0.58,-146.6,2608,2374,2877,2689,58.9,-10.2,49,527,0.32,2.05,0.00,0.000,4612,0.050,0.026,2462,972,2783,2878,2689,0,0,0,0,0,0,26.26,26.17,28.83
$GC,623,-0.58,-146.6,2462,969,2875,2688,72.4,-15.4,59,631,0.10,2.10,0.00,0.000,3078,0.170,0.037,2485,2355,2781,2874,2688,0,0,0,0,0,0,25.98,26.17,28.83
$GC,661,-0.58,-146.6,2485,2356,2875,2689,80.1,-19.5,63,669,0.00,2.05,0.00,0.000,260,0.000,0.041,2481,3716,2782,2876,2689,0,0,0,0,0,0,28.83,26.14,28.83
$GC,693,-0.58,-146.6,2481,3715,2876,2689,84.6,-14.9,66,702,0.00,1.92,0.00,0.000,3078,0.000,0.018,2481,2341,2782,2876,2689,0,0,0,0,0,0,28.83,26.34,28.83
$GC,733,-0.58,-146.6,2481,2341,2876,2688,89.4,-11.7,70,742,0.00,2.00,0.00,0.000,2564,0.000,0.031,2481,988,2782,2876,2688,0,0,0,0,0,0,28.83,26.21,28.83
$GC,787,-0.58,-146.6,2481,988,2877,2688,97.0,-14.3,75,794,0.00,2.08,0.00,0.000,3078,0.000,0.032,2481,2368,2782,2877,2688,0,0,0,0,0,0,28.83,26.22,28.83
$GC,824,-0.58,-146.6,2480,2367,2876,2688,101.8,-11.9,79,833,0.00,2.05,0.00,0.000,2564,0.000,0.029,2481,986,2782,2876,2688,0,0,0,0,0,0,28.83,26.23,28.83
$GC,846,-0.58,-146.6,2481,986,2877,2688,104.4,-12.2,81,857,0.00,2.03,0.00,0.000,3078,0.000,0.028,2481,2359,2781,2876,2687,0,0,0,0,0,0,28.83,26.23,28.83
$GC,886,-0.58,-146.6,2480,2359,2876,2688,108.9,-11.3,85,887,0.00,0.00,0.00,0.000,2054,0.000,0.000,2480,2358,2782,2876,2688,0,0,0,0,0,0,28.83,28.83,28.83
$STATE,898,end dive,BOTTOM_OBSTACLE_DETECTED
$STATE,898,begin apogee
$GC,903,-0.27,0.0,2480,2114,2876,2688,110.0,-11.0,86,1029,0.30,0.00,120.80,0.542,10246,0.113,0.000,2581,2114,2189,2283,2095,0,0,0,0,0,0,25.89,28.83,24.38
$STATE,1031,end apogee,CONTROL_FINISHED_OK
$STATE,1031,begin climb
$GC,1033,0.78,146.6,2581,2114,2282,2094,115.8,0.0,99,1157,1.00,1.95,113.28,0.527,10756,0.093,0.021,2923,834,1605,1721,1489,0,0,0,0,0,0,25.23,25.25,24.34
$GC,1191,0.70,146.6,2922,834,1713,1489,97.1,13.4,115,1201,0.10,2.00,0.00,0.000,5126,0.173,0.024,2902,2173,1601,1713,1489,0,0,0,0,0,0,25.33,25.55,28.83
$GC,1232,0.59,146.6,2902,2173,1713,1488,92.1,12.5,119,1241,0.12,2.10,0.00,0.000,4356,0.175,0.035,2867,3563,1600,1713,1487,0,0,0,0,0,0,25.49,25.65,28.83
$GC,1307,0.51,146.6,2867,3563,1713,1485,83.7,10.0,126,1315,0.10,1.98,0.00,0.000,5126,0.147,0.018,2839,2191,1599,1713,1485,0,0,0,0,0,0,25.58,25.92,28.83
$GC,1346,0.51,146.6,2839,2188,1714,1484,78.9,11.9,130,1347,0.00,0.00,0.00,0.000,4102,0.000,0.000,2839,2188,1598,1713,1484,0,0,0,0,0,0,28.83,28.83,28.83
$GC,1375,0.61,231.7,2839,2187,1713,1484,77.2,6.2,133,1445,0.10,0.00,63.97,0.503,10246,0.099,0.000,2885,2187,1265,1400,1131,0,0,0,0,0,0,26.06,28.83,24.50
$GC,1474,0.61,231.7,2885,2187,1399,1128,65.1,14.8,143,1484,0.08,2.08,0.00,0.000,4612,0.174,0.028,2870,816,1262,1397,1127,0,0,0,0,0,0,25.65,25.61,28.83
$GC,1497,0.61,231.7,2870,816,1396,1128,62.9,10.0,145,1507,0.00,2.00,0.00,0.000,1030,0.000,0.022,2870,2169,1261,1396,1127,0,0,0,0,0,0,28.83,25.72,28.83
$GC,1537,0.71,313.6,2869,2169,1396,1126,60.4,6.4,149,1607,0.10,2.22,59.55,0.489,10500,0.099,0.037,2920,3565,938,1068,809,0,0,0,0,0,0,25.90,25.39,24.46
$GC,1660,0.71,313.6,2920,3565,1069,806,43.4,14.5,161,1671,0.10,1.98,0.00,0.000,5126,0.171,0.019,2899,2220,936,1068,805,0,0,0,0,0,0,25.51,25.72,28.83
$GC,1701,0.71,313.6,2899,2216,1068,804,40.0,8.8,165,1711,0.00,2.10,0.00,0.000,516,0.000,0.032,2908,818,936,1068,804,0,0,0,0,0,0,28.83,25.77,28.83
$GC,1736,0.87,439.4,2048,818,1056,803,38.6,4.3,168,1828,0.10,2.05,85.72,0.474,11270,0.049,0.024,2977,2179,465,552,378,0,0,0,0,0,0,25.84,25.90,24.47
$GC,1859,0.78,439.4,2977,2178,551,372,18.1,22.7,180,1869,0.17,2.10,0.00,0.000,4356,0.148,0.036,2928,3554,461,551,372,0,0,0,0,0,0,25.36,25.55,28.83
$GC,1884,0.72,439.4,2927,3554,550,371,13.6,20.5,182,1892,0.10,2.03,0.00,0.000,5126,0.165,0.024,2903,2219,460,550,371,0,0,0,0,0,0,25.49,25.67,28.83
$GC,1922,0.72,439.4,2903,2215,550,370,7.4,15.6,186,1931,0.00,2.10,0.00,0.000,516,0.000,0.036,2909,835,459,550,369,0,0,0,0,0,0,28.83,25.72,28.83
$STATE,1963,end climb,SURFACE_DEPTH_REACHED
$STATE,1963,begin surface coast
$FINISH,-0.4,1.022131
$STATE,1984,end surface coast,CONTROL_FINISHED_OK
$STATE,1984,begin surface
$SM_CCo,2002,-0.30,0.000,0,0,467,433.32
$SM_CCo,2006,10.32,0.080,1,0,465,433.32
$SM_CCo,2024,0.00,0.000,0,0,465,433.32
$SM_GC,-5.89,7.47,2.33,0.00,0.063,0.026,0.000,249,2355,465,-7.51,-1.39,433.32,0,0,0,0,0,0,25.84,25.90,28.83
$IRIDIUM_FIX,4735.69,-12224.82,250208,010102
$TT8_MAMPS,0.027713,0.027713
$HUMID,42.67
$INTERNAL_PRESSURE,8.09642
$TCM_TEMP,17.10
$XPDR_PINGS,29
$ALTIM_TOP_PING,18.1,6.2
$ALTIM_BOTTOM_PING,110.0,6.3
$24V_AH,24.3,23.350
$10V_AH,10.2,10.456
$FG_AHR_24Vo,0.000
$FG_AHR_10Vo,0.000
$DEVICES,Pitch_motor,Roll_motor,VBD_pump_during_apogee,VBD_pump_during_surface,VBD_valve,Iridium_during_init,Iridium_during_connect,Iridium_during_xfer,Transponder_ping,GUMSTIX_24V,GPS,TT8,LPSleep,TT8_Active,TT8_Sampling,TT8_CF8,TT8_Kalman,Analog_circuits,GPS_charging,Compass,RAFOS,Transponder,Compass2
$DEVICE_SECS,0.000,0.000,0.000,0.000,0.000,0.000,0.000,0.000,0.000,0.000,0.000,0.000,0.000,0.000,0.000,0.000,0.000,0.000,0.000,0.000,0.000,0.000,0.000
$DEVICE_MAMPS,0.000,0.000,0.000,0.000,0.000,0.000,0.000,0.000,0.000,0.000,0.000,0.000,0.000,0.000,0.000,0.000,0.000,0.000,0.000,0.000,0.000,0.000,0.000
$SENSORS,SBE_CT,AA4330,WL_BB2FLVMG,nil,nil,nil,nil,nil,nil,nil
$SENSOR_SECS,0.000,0.000,0.000,0.000,0.000,0.000,0.000,0.000,0.000,0.000
$SENSOR_MAMPS,0.000,0.000,0.000,0.000,0.000,0.000,0.000,0.000,0.000,0.000
$MEM,354984
$DATA_FILE_SIZE,13679,192
$CAP_FILE_SIZE,55740,0
$CFSIZE,260165632,244305920
$ERRORS,0,0,0,0,0,0,0,0,0,0,0,0,0,1,0,0
$CURRENT,0.795,336.3,1
$GPS,030226,175010,4752.525,-12227.606,10,1.7,10,18.3
