version: 66.11
glider: 175
mission: 10
dive: 230
start: 1 31 126 11 11 59
data:
$ID,175
$MISSION,10
$DIVE,230
$N_DIVES,0
$D_SURF,3
$D_FLARE,3
$D_TGT,200
$D_ABORT,1090
$D_NO_BLEED,500
$D_BOOST,3
$T_BOOST,0
$D_FINISH,0
$D_PITCH,0
$D_SAFE,0
$D_CALL,0
$SURFACE_URGENCY,0
$SURFACE_URGENCY_TRY,0
$SURFACE_URGENCY_FORCE,0
$T_DIVE,65
$T_MISSION,85
$T_ABORT,1440
$T_TURN,300
$T_TURN_SAMPINT,5
$T_NO_W,120
$T_LOITER,0
$T_EPIRB,0
$USE_BATHY,0
$USE_ICE,0
$ICE_FREEZE_MARGIN,0.30000001
$D_OFFGRID,100
$T_WATCHDOG,10
$RELAUNCH,1
$APOGEE_PITCH,-8
$MAX_BUOY,150
$COURSE_BIAS,0
$GLIDE_SLOPE,30
$SPEED_FACTOR,1
$RHO,1.023
$MASS,51902
$MASS_COMP,0
$NAV_MODE,2
$FERRY_MAX,45
$KALMAN_USE,2
$HD_A,0.003
$HD_B,0.0099999998
$HD_C,9.9999997e-06
$HEADING,-1
$ESCAPE_HEADING,0
$ESCAPE_HEADING_DELTA,10
$FIX_MISSING_TIMEOUT,0
$TGT_DEFAULT_LAT,4750.7002
$TGT_DEFAULT_LON,-12222
$TGT_AUTO_DEFAULT,0
$SM_CC,457.23199
$N_FILEKB,4
$FILEMGR,0
$CALL_NDIVES,1
$COMM_SEQ,0
$PROTOCOL,9
$N_NOCOMM,1
$NOCOMM_ACTION,0
$N_NOSURFACE,0
$UPLOAD_DIVES_MAX,-1
$CALL_TRIES,5
$CALL_WAIT,60
$CAPUPLOAD,1
$CAPMAXSIZE,200000
$HEAPDBG,0
$T_GPS,15
$N_GPS,30
$T_GPS_ALMANAC,0
$T_GPS_CHARGE,-36586.449
$T_RSLEEP,2
$STROBE,0
$RAFOS_PEAK_OFFSET,1.5
$RAFOS_CORR_THRESH,60
$RAFOS_HIT_WINDOW,3600
$PITCH_MIN,255
$PITCH_MAX,3935
$C_PITCH,2671
$PITCH_DBAND,0.0099999998
$PITCH_CNV,0.003125763
$P_OVSHOOT,0.039999999
$PITCH_GAIN,30
$PITCH_TIMEOUT,17
$PITCH_AD_RATE,160
$PITCH_MAXERRORS,1
$PITCH_ADJ_GAIN,0.02
$PITCH_ADJ_DBAND,2.5
$ROLL_MIN,171
$ROLL_MAX,3723
$ROLL_DEG,40
$C_ROLL_DIVE,2354
$C_ROLL_CLIMB,2165
$HEAD_ERRBAND,10
$ROLL_CNV,0.028270001
$ROLL_TIMEOUT,15
$R_PORT_OVSHOOT,56
$R_STBD_OVSHOOT,45
$ROLL_AD_RATE,300
$ROLL_MAXERRORS,2
$ROLL_ADJ_GAIN,0
$ROLL_ADJ_DBAND,0
$VBD_MIN,465
$VBD_MAX,3960
$C_VBD,2190
$VBD_DBAND,2
$VBD_CNV,-0.25119999
$VBD_TIMEOUT,720
$PITCH_VBD_SHIFT,0.0012300001
$VBD_PUMP_AD_RATE_SURFACE,5
$VBD_PUMP_AD_RATE_APOGEE,4
$VBD_BLEED_AD_RATE,8
$UNCOM_BLEED,60
$VBD_MAXERRORS,1
$W_ADJ_DBAND,2
$DBDW,0
$PITCH_W_GAIN,0
$PITCH_W_DBAND,1
$CF8_MAXERRORS,5
$AH0_24V,145
$AH0_10V,95
$MINV_24V,19
$MINV_10V,8
$FG_AHR_10V,0
$FG_AHR_24V,0
$PHONE_SUPPLY,2
$PRESSURE_YINT,-18.492611
$PRESSURE_SLOPE,0.0001165895
$AD7714Ch0Gain,128
$TCM_PITCH_OFFSET,0
$TCM_ROLL_OFFSET,0
$COMPASS_USE,4
$ALTIM_BOTTOM_PING_RANGE,0
$ALTIM_TOP_PING_RANGE,20
$ALTIM_BOTTOM_TURN_MARGIN,25
$ALTIM_TOP_TURN_MARGIN,0
$ALTIM_TOP_MIN_OBSTACLE,1
$ALTIM_PING_DEPTH,100
$ALTIM_PING_DELTA,5
$ALTIM_FREQUENCY,13
$ALTIM_PULSE,3
$ALTIM_SENSITIVITY,3
$XPDR_VALID,5
$XPDR_INHIBIT,90
$INT_PRESSURE_SLOPE,0.0097660003
$INT_PRESSURE_YINT,-0.40000001
$DEEPGLIDER,0
$DEEPGLIDERMB,0
$MOTHERBOARD,4
$DEVICE1,2
$DEVICE2,101
$DEVICE3,38
$DEVICE4,-1
$DEVICE5,-1
$DEVICE6,-1
$LOGGERS,7
$LOGGERDEVICE1,-1
$LOGGERDEVICE2,-1
$LOGGERDEVICE3,-1
$LOGGERDEVICE4,-1
$COMPASS_DEVICE,33
$COMPASS2_DEVICE,-1
$PHONE_DEVICE,49
$GPS_DEVICE,32
$RAFOS_DEVICE,-1
$XPDR_DEVICE,24
$SIM_W,0
$SIM_PITCH,0
$SEABIRD_T_G,0.0043137739
$SEABIRD_T_H,0.00062868668
$SEABIRD_T_I,2.2691316e-05
$SEABIRD_T_J,2.2586789e-06
$SEABIRD_C_G,-10.021329
$SEABIRD_C_H,1.1236943
$SEABIRD_C_I,-0.0013673168
$SEABIRD_C_J,0.00018808816
$GPS1,310126,110133,4751.348,-12223.434,7,0.9,35,18.2
$_CALLS,3
$_XMS_NAKs,0
$_XMS_TOUTs,0
$_SM_DEPTHo,-7.60
$_SM_ANGLEo,-68.7
$GPS2,310126,111129,4751.463,-12223.346,14,0.9,14,18.2
$SPEED_LIMITS,0.178,0.262
$TGT_NAME,WEST_175
$TGT_LATLONG,4750.700,-12226.500
$TGT_RADIUS,200.000
$KALMAN_CONTROL,0.000,0.000
$KALMAN_X,0.0,0.0,0.0,0.0,0.0
$KALMAN_Y,0.0,0.0,0.0,0.0,0.0
$MHEAD_RNG_PITCHd_Wd,189.3,4167,-17.9,-10.256,-21.36,2171
$D_GRID,200
$GCHEAD,st_secs,pitch_ctl,vbd_ctl,pitch_ad_start,roll_ad_start,vbd_pot1_ad_start,vbd_pot2_ad_start,depth,ob_vertv,data_pts,end_secs,pitch_secs,roll_secs,vbd_secs,vbd_i,gcphase,pitch_i,roll_i,pitch_ad,roll_ad,vbd_ad,vbd_pot1_ad,vbd_pot2_ad,pitch_retries,pitch_errors,roll_retries,roll_errors,vbd_retries,vbd_errors,pitch_volts,roll_volts,vbd_volts
$STATE,13,end surface,CONTROL_FINISHED_OK
$STATE,13,begin dive
$GC,15,-0.78,-146.6,245,2352,518,403,0.0,0.0,0,108,0.00,0.00,-85.50,0.000,16390,0.000,0.000,245,2352,2776,2852,2701,0,0,0,0,0,0,28.83,28.83,26.35
$GC,111,-0.78,-146.6,245,2353,2852,2702,-4.6,-5.6,9,130,8.70,2.15,0.00,0.000,2564,0.221,0.038,2411,950,2781,2860,2702,0,0,0,0,0,0,25.19,25.90,28.83
$GC,257,-0.63,-146.6,2411,950,2868,2699,24.4,-16.5,23,265,0.17,2.17,0.00,0.000,3078,0.151,0.037,2464,2344,2783,2868,2699,0,0,0,0,0,0,25.59,26.01,28.83
$GC,296,-0.52,-146.6,2464,2344,2871,2697,29.7,-12.9,27,298,0.12,0.00,0.00,0.000,2054,0.161,0.000,2497,2345,2784,2871,2697,0,0,0,0,0,0,25.96,28.83,28.83
$GC,326,-0.52,-146.6,2497,2346,2872,2697,33.3,-11.5,30,327,0.00,0.00,0.00,0.000,2054,0.000,0.000,2496,2345,2784,2872,2697,0,0,0,0,0,0,28.83,28.83,28.83
$GC,356,-0.52,-146.6,2497,2346,2872,2697,36.5,-10.7,33,357,0.00,0.00,0.00,0.000,2054,0.000,0.000,2497,2346,2784,2872,2697,0,0,0,0,0,0,28.83,28.83,28.83
$GC,386,-0.52,-146.6,2497,2346,2872,2697,39.5,-10.2,36,395,0.00,2.10,0.00,0.000,2564,0.000,0.028,2497,947,2784,2873,2696,0,0,0,0,0,0,28.83,26.10,28.83
$GC,460,-0.52,-146.6,2497,947,2872,2695,46.8,-9.9,43,468,0.00,2.17,0.00,0.000,3078,0.000,0.031,2495,2366,2784,2873,2695,0,0,0,0,0,0,28.83,26.14,28.83
$GC,498,-0.52,-146.6,2495,2365,2873,2696,50.6,-9.1,47,499,0.00,0.00,0.00,0.000,2054,0.000,0.000,2495,2365,2784,2873,2696,0,0,0,0,0,0,28.83,28.83,28.83
$GC,528,-0.52,-146.6,2495,2366,2873,2695,53.3,-9.2,50,529,0.00,0.00,0.00,0.000,2054,0.000,0.000,2495,2365,2784,2872,2696,0,0,0,0,0,0,28.83,28.83,28.83
$GC,558,-0.52,-146.6,2495,2366,2872,2695,56.1,-9.2,53,559,0.00,0.00,0.00,0.000,2054,0.000,0.000,2495,2366,2784,2873,2695,0,0,0,0,0,0,28.83,28.83,28.83
$GC,588,-0.52,-146.6,2495,2365,2872,2695,58.9,-9.2,56,589,0.00,0.00,0.00,0.000,2054,0.000,0.000,2495,2366,2784,2873,2695,0,0,0,0,0,0,28.83,28.83,28.83
$GC,618,-0.52,-146.6,2495,2366,2873,2695,61.6,-9.3,59,619,0.00,0.00,0.00,0.000,2054,0.000,0.000,2495,2365,2783,2872,2695,0,0,0,0,0,0,28.83,28.83,28.83
$GC,648,-0.52,-146.6,2495,2365,2872,2695,64.1,-8.3,62,657,0.00,2.12,0.00,0.000,2564,0.000,0.028,2495,947,2783,2873,2694,0,0,0,0,0,0,28.83,26.17,28.83
$GC,710,-0.52,-146.6,2495,947,2873,2694,69.9,-9.3,68,720,0.00,2.10,0.00,0.000,3078,0.000,0.031,2495,2356,2783,2873,2694,0,0,0,0,0,0,28.83,26.19,28.83
$GC,750,-0.52,-146.6,2495,2357,2873,2694,73.6,-9.2,72,751,0.00,0.00,0.00,0.000,2054,0.000,0.000,2495,2357,2783,2872,2694,0,0,0,0,0,0,28.83,28.83,28.83
$GC,781,-0.52,-146.6,2495,2357,2873,2694,75.9,-7.9,75,782,0.00,0.00,0.00,0.000,2054,0.000,0.000,2495,2357,2783,2873,2694,0,0,0,0,0,0,28.83,28.83,28.83
$GC,811,-0.52,-146.6,2495,2357,2873,2694,78.3,-8.1,78,812,0.00,0.00,0.00,0.000,2054,0.000,0.000,2495,2357,2783,2873,2694,0,0,0,0,0,0,28.83,28.83,28.83
$GC,841,-0.52,-146.6,2495,2357,2873,2694,79.9,-5.8,81,849,0.00,2.10,0.00,0.000,2564,0.000,0.029,2495,953,2783,2873,2694,0,0,0,0,0,0,28.83,26.20,28.83
$GC,885,-0.52,-146.6,1672,953,2835,2686,83.2,-7.7,85,892,0.00,2.12,0.00,0.000,3078,0.000,0.031,2495,2350,2783,2873,2693,0,0,0,0,0,0,28.83,26.24,28.83
$GC,923,-0.52,-146.6,2495,2350,2873,2693,86.0,-7.1,89,924,0.00,0.00,0.00,0.000,2054,0.000,0.000,2495,2350,2783,2873,2693,0,0,0,0,0,0,28.83,28.83,28.83
$GC,953,-0.52,-146.6,2495,2350,2873,2693,88.5,-7.7,92,954,0.00,0.00,0.00,0.000,2054,0.000,0.000,2495,2350,2783,2873,2693,0,0,0,0,0,0,28.83,28.83,28.83
$GC,983,-0.52,-146.6,2495,2350,2873,2693,91.0,-8.5,95,984,0.00,0.00,0.00,0.000,2054,0.000,0.000,2495,2350,2783,2873,2693,0,0,0,0,0,0,28.83,28.83,28.83
$GC,1012,-0.52,-146.6,2495,2350,2873,2693,93.5,-8.3,98,1013,0.00,0.00,0.00,0.000,2054,0.000,0.000,2495,2350,2783,2873,2693,0,0,0,0,0,0,28.83,28.83,28.83
$GC,1043,-0.52,-146.6,2495,2350,2873,2693,95.9,-8.1,101,1044,0.00,0.00,0.00,0.000,2054,0.000,0.000,2495,2350,2783,2873,2693,0,0,0,0,0,0,28.83,28.83,28.83
$GC,1073,-0.52,-146.6,2495,2350,2873,2693,98.2,-7.8,104,1074,0.00,0.00,0.00,0.000,2054,0.000,0.000,2495,2350,2783,2873,2693,0,0,0,0,0,0,28.83,28.83,28.83
$GC,1106,-0.52,-146.6,2495,2350,2873,2693,100.8,-8.4,107,1112,0.00,0.00,0.00,0.000,2054,0.000,0.000,2495,2350,2783,2873,2693,0,0,0,0,0,0,28.83,28.83,28.83
$GC,1143,-0.52,-146.6,2495,2350,2873,2693,103.7,-7.4,111,1144,0.00,0.00,0.00,0.000,2054,0.000,0.000,2495,2350,2783,2873,2693,0,0,0,0,0,0,28.83,28.83,28.83
$GC,1173,-0.52,-146.6,2495,2350,2873,2693,106.1,-8.0,114,1174,0.00,0.00,0.00,0.000,2054,0.000,0.000,2495,2350,2783,2873,2693,0,0,0,0,0,0,28.83,28.83,28.83
$GC,1203,-0.52,-146.6,2495,2350,2873,2693,108.5,-7.8,117,1204,0.00,0.00,0.00,0.000,2054,0.000,0.000,2495,2350,2783,2873,2693,0,0,0,0,0,0,28.83,28.83,28.83
$GC,1233,-0.52,-146.6,2495,2350,2873,2693,110.7,-7.4,120,1242,0.00,2.08,0.00,0.000,2564,0.000,0.028,2495,952,2783,2874,2693,0,0,0,0,0,0,28.83,26.27,28.83
$GC,1297,-0.52,-146.6,1672,951,2835,2686,115.5,-7.4,126,1305,0.00,2.12,0.00,0.000,3078,0.000,0.031,2495,2357,2782,2873,2692,0,0,0,0,0,0,28.83,26.29,28.83
$GC,1335,-0.52,-146.6,2495,2357,2873,2692,118.8,-8.0,130,1336,0.00,0.00,0.00,0.000,2054,0.000,0.000,2495,2357,2783,2873,2693,0,0,0,0,0,0,28.83,28.83,28.83
$GC,1365,-0.52,-146.6,2495,2357,2873,2693,121.3,-8.4,133,1366,0.00,0.00,0.00,0.000,2054,0.000,0.000,2496,2357,2782,2873,2692,0,0,0,0,0,0,28.83,28.83,28.83
$GC,1395,-0.52,-146.6,2495,2357,2873,2692,123.8,-8.2,136,1396,0.00,0.00,0.00,0.000,2054,0.000,0.000,2495,2357,2783,2873,2693,0,0,0,0,0,0,28.83,28.83,28.83
$GC,1425,-0.52,-146.6,2495,2357,2873,2692,126.4,-8.6,139,1426,0.00,0.00,0.00,0.000,2054,0.000,0.000,2495,2357,2783,2873,2693,0,0,0,0,0,0,28.83,28.83,28.83
$GC,1455,-0.52,-146.6,2495,2357,2873,2692,129.2,-9.3,142,1456,0.00,0.00,0.00,0.000,2054,0.000,0.000,2495,2357,2782,2872,2693,0,0,0,0,0,0,28.83,28.83,28.83
$GC,1485,-0.52,-146.6,2494,2357,2873,2692,131.9,-8.9,145,1486,0.00,0.00,0.00,0.000,2054,0.000,0.000,2495,2357,2782,2873,2692,0,0,0,0,0,0,28.83,28.83,28.83
$STATE,1504,end dive,BOTTOM_OBSTACLE_DETECTED
$STATE,1504,begin apogee
$GC,1509,-0.27,0.0,2494,2025,2873,2693,133.5,-8.2,147,1637,0.25,0.20,121.72,0.568,10246,0.117,0.060,2579,2194,2189,2281,2098,0,0,0,0,0,0,25.94,25.31,24.44
$STATE,1638,end apogee,CONTROL_FINISHED_OK
$STATE,1638,begin climb
$GC,1640,0.78,146.6,2578,2194,2280,2096,137.4,0.0,160,1758,1.02,0.00,113.62,0.551,10758,0.102,0.000,2911,2194,1606,1728,1484,0,0,0,0,0,0,25.22,28.83,24.39
$GC,1788,0.69,146.6,2911,2194,1724,1478,117.0,16.9,175,1795,0.08,0.00,0.00,0.000,4102,0.192,0.000,2898,2194,1601,1724,1478,0,0,0,0,0,0,25.43,28.83,28.83
$GC,1827,0.61,146.6,2898,2194,1723,1477,110.5,16.5,179,1829,0.10,0.00,0.00,0.000,4102,0.175,0.000,2874,2194,1600,1723,1477,0,0,0,0,0,0,25.53,28.83,28.83
$GC,1857,0.61,146.6,2874,2194,1722,1476,106.6,13.0,182,1858,0.00,0.00,0.00,0.000,4102,0.000,0.000,2873,2194,1599,1723,1476,0,0,0,0,0,0,28.83,28.83,28.83
$GC,1886,0.61,146.6,2874,2194,1722,1476,102.0,15.1,185,1888,0.00,0.00,0.00,0.000,4102,0.000,0.000,2874,2194,1599,1722,1476,0,0,0,0,0,0,28.83,28.83,28.83
$GC,1916,0.61,146.6,2874,2194,1722,1475,97.8,14.0,188,1925,0.00,2.20,0.00,0.000,4612,0.000,0.033,2882,762,1599,1722,1476,0,0,0,0,0,0,28.83,25.79,28.83
$GC,1950,0.61,146.6,2882,762,1719,1476,93.6,13.5,191,1958,0.00,2.10,0.00,0.000,5126,0.000,0.025,2882,2135,1596,1718,1475,0,0,0,0,0,0,28.83,25.91,28.83
$GC,1989,0.61,146.6,2882,2135,1717,1476,88.6,12.4,195,1998,0.00,2.17,0.00,0.000,4356,0.000,0.037,2882,3573,1597,1718,1476,0,0,0,0,0,0,28.83,25.87,28.83
$GC,2041,0.56,146.6,2882,3573,1718,1476,80.6,15.9,200,2051,0.12,2.05,0.00,0.000,5126,0.168,0.018,2854,2162,1597,1718,1476,0,0,0,0,0,0,25.72,26.03,28.83
$GC,2081,0.56,146.6,2853,2160,1718,1476,75.2,13.7,204,2082,0.00,0.00,0.00,0.000,6,0.000,0.000,2854,2160,1597,1718,1476,0,0,0,0,0,0,28.83,28.83,28.83
$GC,2112,0.56,146.6,2853,2160,1718,1476,72.1,10.5,207,2113,0.00,0.00,0.00,0.000,6,0.000,0.000,2854,2160,1597,1718,1476,0,0,0,0,0,0,28.83,28.83,28.83
$GC,2141,0.56,146.6,2853,2160,1718,1476,69.1,10.0,210,2142,0.00,0.00,0.00,0.000,6,0.000,0.000,2853,2160,1596,1718,1475,0,0,0,0,0,0,28.83,28.83,28.83
$GC,2171,0.56,146.6,2853,2160,1719,1476,66.0,10.1,213,2180,0.00,2.10,0.00,0.000,516,0.000,0.034,2857,767,1596,1718,1475,0,0,0,0,0,0,28.83,26.02,28.83
$GC,2203,0.56,146.6,2856,767,1716,1475,62.7,10.4,216,2212,0.00,2.08,0.00,0.000,5126,0.000,0.022,2857,2178,1595,1716,1475,0,0,0,0,0,0,28.83,26.10,28.83
$GC,2243,0.56,146.6,2856,2179,1716,1475,58.6,10.6,220,2252,0.00,2.12,0.00,0.000,4356,0.000,0.038,2857,3577,1595,1716,1475,0,0,0,0,0,0,28.83,26.05,28.83
$GC,2276,0.56,146.6,2856,3577,1716,1475,54.9,11.4,223,2285,0.00,2.05,0.00,0.000,5126,0.000,0.018,2857,2158,1595,1716,1475,0,0,0,0,0,0,28.83,26.17,28.83
$GC,2315,0.56,146.6,2856,2158,1716,1475,50.1,12.0,227,2324,0.00,2.10,0.00,0.000,4612,0.000,0.034,2857,769,1595,1716,1475,0,0,0,0,0,0,28.83,26.08,28.83
$GC,2349,0.56,146.6,2856,769,1715,1475,46.4,11.8,230,2358,0.00,2.10,0.00,0.000,5126,0.000,0.024,2856,2165,1595,1715,1475,0,0,0,0,0,0,28.83,26.17,28.83
$GC,2388,0.56,146.6,2856,2165,1715,1475,41.6,12.1,234,2398,0.00,2.12,0.00,0.000,4356,0.000,0.037,2857,3568,1595,1715,1475,0,0,0,0,0,0,28.83,26.10,28.83
$GC,2422,0.56,146.6,1984,3567,1683,1472,37.1,13.2,237,2430,0.00,2.08,0.00,0.000,5126,0.000,0.019,2857,2163,1595,1715,1475,0,0,0,0,0,0,28.83,26.23,28.83
$GC,2460,0.56,146.6,2856,2158,1715,1475,32.4,11.8,241,2469,0.00,2.12,0.00,0.000,4612,0.000,0.036,2857,767,1595,1715,1475,0,0,0,0,0,0,28.83,26.11,28.83
$GC,2505,0.62,146.6,1960,767,1681,1472,28.0,10.3,245,2512,0.00,2.08,0.00,0.000,3078,0.000,0.025,2857,2166,1594,1714,1475,0,0,0,0,0,0,28.83,26.20,28.83
$GC,2542,0.62,146.6,2856,2166,1714,1475,24.1,10.0,249,2543,0.00,0.00,0.00,0.000,2054,0.000,0.000,2857,2166,1594,1714,1475,0,0,0,0,0,0,28.83,28.83,28.83
$GC,2572,0.62,146.6,2857,2166,1714,1475,20.7,10.9,252,2582,0.00,2.12,0.00,0.000,2308,0.000,0.038,2857,3571,1594,1714,1475,0,0,0,0,0,0,28.83,26.15,28.83
$GC,2597,0.62,146.6,1984,3570,1682,1472,18.4,10.7,254,2605,0.00,2.08,0.00,0.000,3078,0.000,0.019,2857,2161,1594,1714,1475,0,0,0,0,0,0,28.83,26.27,28.83
$GC,2635,0.62,146.6,2856,2160,1714,1475,14.0,10.7,258,2636,0.00,0.00,0.00,0.000,2054,0.000,0.000,2857,2160,1594,1714,1475,0,0,0,0,0,0,28.83,28.83,28.83
$GC,2665,0.62,146.6,2856,2160,1714,1475,11.0,10.3,261,2666,0.00,0.00,0.00,0.000,2054,0.000,0.000,2857,2160,1594,1714,1475,0,0,0,0,0,0,28.83,28.83,28.83
$GC,2695,0.62,146.6,2857,2160,1714,1475,7.5,11.5,264,2696,0.00,0.00,0.00,0.000,2054,0.000,0.000,2857,2160,1594,1714,1475,0,0,0,0,0,0,28.83,28.83,28.83
$GC,2725,0.62,146.6,2857,2160,1714,1475,4.0,11.7,267,2727,0.00,0.00,0.00,0.000,2054,0.000,0.000,2857,2160,1594,1714,1475,0,0,0,0,0,0,28.83,28.83,28.83
$STATE,2743,end climb,SURFACE_DEPTH_REACHED
$STATE,2743,begin surface coast
$FINISH,-0.1,1.022389
$STATE,2765,end surface coast,CONTROL_FINISHED_OK
$STATE,2765,begin surface
$SM_CCo,2781,212.48,0.457,1,0,465,433.32
$SM_CCo,3001,-0.22,0.000,0,0,467,433.32
$SM_CCo,3004,1.40,0.080,0,0,465,433.32
$SM_GC,-7.61,7.30,0.28,1.40,0.065,0.047,0.080,241,2377,465,-7.52,-1.30,433.32,0,0,0,0,0,0,26.20,26.37,25.25
$IRIDIUM_FIX,4729.30,-12223.11,210208,202015
$TT8_MAMPS,0.027713,0.027713
$HUMID,41.33
$INTERNAL_PRESSURE,8.08665
$TCM_TEMP,17.10
$XPDR_PINGS,30
$ALTIM_TOP_PING,19.9,999.0
$ALTIM_BOTTOM_PING,100.8,57.7
$24V_AH,24.4,23.350
$10V_AH,10.3,10.456
$FG_AHR_24Vo,0.000
$FG_AHR_10Vo,0.000
$DEVICES,Pitch_motor,Roll_motor,VBD_pump_during_apogee,VBD_pump_during_surface,VBD_valve,Iridium_during_init,Iridium_during_connect,Iridium_during_xfer,Transponder_ping,GUMSTIX_24V,GPS,TT8,LPSleep,TT8_Active,TT8_Sampling,TT8_CF8,TT8_Kalman,Analog_circuits,GPS_charging,Compass,RAFOS,Transponder,Compass2
$DEVICE_SECS,0.000,0.000,0.000,0.000,0.000,0.000,0.000,0.000,0.000,0.000,0.000,0.000,0.000,0.000,0.000,0.000,0.000,0.000,0.000,0.000,0.000,0.000,0.000
$DEVICE_MAMPS,0.000,0.000,0.000,0.000,0.000,0.000,0.000,0.000,0.000,0.000,0.000,0.000,0.000,0.000,0.000,0.000,0.000,0.000,0.000,0.000,0.000,0.000,0.000
$SENSORS,SBE_CT,AA4330,WL_BB2FLVMG,nil,nil,nil,nil,nil,nil,nil
$SENSOR_SECS,0.000,0.000,0.000,0.000,0.000,0.000,0.000,0.000,0.000,0.000
$SENSOR_MAMPS,0.000,0.000,0.000,0.000,0.000,0.000,0.000,0.000,0.000,0.000
$MEM,354980
$DATA_FILE_SIZE,17081,271
$CAP_FILE_SIZE,89837,0
$CFSIZE,260165632,247861248
$ERRORS,0,0,0,0,0,0,0,0,0,0,0,0,0,1,0,0
$CURRENT,0.262, 20.5,1
$GPS,310126,120258,4751.533,-12223.373,11,1.0,16,18.2
