version: 66.11
glider: 175
mission: 10
dive: 415
start: 2 6 126 16 34 2
data:
$ID,175
$MISSION,10
$DIVE,415
$N_DIVES,0
$D_SURF,3
$D_FLARE,3
$D_TGT,100
$D_ABORT,1090
$D_NO_BLEED,500
$D_BOOST,3
$T_BOOST,0
$D_FINISH,0
$D_PITCH,0
$D_SAFE,0
$D_CALL,0
$SURFACE_URGENCY,0
$SURFACE_URGENCY_TRY,0
$SURFACE_URGENCY_FORCE,0
$T_DIVE,30
$T_MISSION,45
$T_ABORT,1440
$T_TURN,300
$T_TURN_SAMPINT,5
$T_NO_W,120
$T_LOITER,0
$T_EPIRB,0
$USE_BATHY,0
$USE_ICE,0
$ICE_FREEZE_MARGIN,0.30000001
$D_OFFGRID,100
$T_WATCHDOG,10
$RELAUNCH,1
$APOGEE_PITCH,-8
$MAX_BUOY,150
$COURSE_BIAS,0
$GLIDE_SLOPE,30
$SPEED_FACTOR,1
$RHO,1.023
$MASS,51902
$MASS_COMP,0
$NAV_MODE,2
$FERRY_MAX,45
$KALMAN_USE,2
$HD_A,0.003
$HD_B,0.0099999998
$HD_C,9.9999997e-06
$HEADING,-1
$ESCAPE_HEADING,0
$ESCAPE_HEADING_DELTA,10
$FIX_MISSING_TIMEOUT,0
$TGT_DEFAULT_LAT,4750.7002
$TGT_DEFAULT_LON,-12222
$TGT_AUTO_DEFAULT,0
$SM_CC,457.23199
$N_FILEKB,4
$FILEMGR,0
$CALL_NDIVES,1
$COMM_SEQ,0
$PROTOCOL,9
$N_NOCOMM,1
$NOCOMM_ACTION,0
$N_NOSURFACE,0
$UPLOAD_DIVES_MAX,-1
$CALL_TRIES,5
$CALL_WAIT,60
$CAPUPLOAD,1
$CAPMAXSIZE,200000
$HEAPDBG,0
$T_GPS,15
$N_GPS,30
$T_GPS_ALMANAC,0
$T_GPS_CHARGE,-36889.52
$T_RSLEEP,2
$STROBE,0
$RAFOS_PEAK_OFFSET,1.5
$RAFOS_CORR_THRESH,60
$RAFOS_HIT_WINDOW,3600
$PITCH_MIN,255
$PITCH_MAX,3935
$C_PITCH,2671
$PITCH_DBAND,0.0099999998
$PITCH_CNV,0.003125763
$P_OVSHOOT,0.039999999
$PITCH_GAIN,30
$PITCH_TIMEOUT,17
$PITCH_AD_RATE,160
$PITCH_MAXERRORS,1
$PITCH_ADJ_GAIN,0.02
$PITCH_ADJ_DBAND,2.5
$ROLL_MIN,171
$ROLL_MAX,3723
$ROLL_DEG,40
$C_ROLL_DIVE,2354
$C_ROLL_CLIMB,2164
$HEAD_ERRBAND,10
$ROLL_CNV,0.028270001
$ROLL_TIMEOUT,15
$R_PORT_OVSHOOT,59
$R_STBD_OVSHOOT,75
$ROLL_AD_RATE,300
$ROLL_MAXERRORS,2
$ROLL_ADJ_GAIN,0
$ROLL_ADJ_DBAND,0
$VBD_MIN,465
$VBD_MAX,3960
$C_VBD,2190
$VBD_DBAND,2
$VBD_CNV,-0.25119999
$VBD_TIMEOUT,720
$PITCH_VBD_SHIFT,0.0012300001
$VBD_PUMP_AD_RATE_SURFACE,5
$VBD_PUMP_AD_RATE_APOGEE,4
$VBD_BLEED_AD_RATE,8
$UNCOM_BLEED,60
$VBD_MAXERRORS,1
$W_ADJ_DBAND,2
$DBDW,0
$PITCH_W_GAIN,0
$PITCH_W_DBAND,1
$CF8_MAXERRORS,5
$AH0_24V,145
$AH0_10V,95
$MINV_24V,19
$MINV_10V,8
$FG_AHR_10V,0
$FG_AHR_24V,0
$PHONE_SUPPLY,2
$PRESSURE_YINT,-18.492611
$PRESSURE_SLOPE,0.0001165895
$AD7714Ch0Gain,128
$TCM_PITCH_OFFSET,0
$TCM_ROLL_OFFSET,0
$COMPASS_USE,4
$ALTIM_BOTTOM_PING_RANGE,0
$ALTIM_TOP_PING_RANGE,20
$ALTIM_BOTTOM_TURN_MARGIN,25
$ALTIM_TOP_TURN_MARGIN,0
$ALTIM_TOP_MIN_OBSTACLE,1
$ALTIM_PING_DEPTH,100
$ALTIM_PING_DELTA,5
$ALTIM_FREQUENCY,13
$ALTIM_PULSE,3
$ALTIM_SENSITIVITY,4
$XPDR_VALID,5
$XPDR_INHIBIT,90
$INT_PRESSURE_SLOPE,0.0097660003
$INT_PRESSURE_YINT,-0.40000001
$DEEPGLIDER,0
$DEEPGLIDERMB,0
$MOTHERBOARD,4
$DEVICE1,2
$DEVICE2,101
$DEVICE3,38
$DEVICE4,-1
$DEVICE5,-1
$DEVICE6,-1
$LOGGERS,7
$LOGGERDEVICE1,-1
$LOGGERDEVICE2,-1
$LOGGERDEVICE3,-1
$LOGGERDEVICE4,-1
$COMPASS_DEVICE,33
$COMPASS2_DEVICE,-1
$PHONE_DEVICE,49
$GPS_DEVICE,32
$RAFOS_DEVICE,-1
$XPDR_DEVICE,24
$SIM_W,0
$SIM_PITCH,0
$SEABIRD_T_G,0.0043137739
$SEABIRD_T_H,0.00062868668
$SEABIRD_T_I,2.2691316e-05
$SEABIRD_T_J,2.2586789e-06
$SEABIRD_C_G,-10.021329
$SEABIRD_C_H,1.1236943
$SEABIRD_C_I,-0.0013673168
$SEABIRD_C_J,0.00018808816
$GPS1,060226,162852,4750.615,-12222.070,7,1.8,12,18.2
$_CALLS,1
$_XMS_NAKs,0
$_XMS_TOUTs,0
$_SM_DEPTHo,-1.83
$_SM_ANGLEo,-67.4
$GPS2,060226,163334,4750.575,-12222.072,8,2.0,13,18.2
$SPEED_LIMITS,0.192,0.269
$TGT_NAME,EAST_175
$TGT_LATLONG,4750.700,-12222.000
$TGT_RADIUS,200.000
$KALMAN_CONTROL,0.000,0.000
$KALMAN_X,0.0,0.0,0.0,0.0,0.0
$KALMAN_Y,0.0,0.0,0.0,0.0,0.0
$MHEAD_RNG_PITCHd_Wd,2.6,249,-27.4,-11.111,-30.00,1014
$D_GRID,100
$GCHEAD,st_secs,pitch_ctl,vbd_ctl,pitch_ad_start,roll_ad_start,vbd_pot1_ad_start,vbd_pot2_ad_start,depth,ob_vertv,data_pts,end_secs,pitch_secs,roll_secs,vbd_secs,vbd_i,gcphase,pitch_i,roll_i,pitch_ad,roll_ad,vbd_ad,vbd_pot1_ad,vbd_pot2_ad,pitch_retries,pitch_errors,roll_retries,roll_errors,vbd_retries,vbd_errors,pitch_volts,roll_volts,vbd_volts
$STATE,13,end surface,CONTROL_FINISHED_OK
$STATE,13,begin dive
$GC,15,-1.00,-73.8,245,2374,523,405,0.0,0.0,0,91,0.00,0.00,-73.53,0.000,16390,0.000,0.000,246,2375,2485,2552,2418,0,0,0,0,0,0,28.83,28.83,26.33
$GC,95,-1.09,-146.6,245,2375,2552,2419,-0.4,-2.8,7,116,8.20,2.10,-7.78,0.000,18692,0.216,0.056,2301,3690,2777,2873,2681,0,0,0,0,0,0,25.16,25.86,26.27
$GC,170,-0.85,-146.6,2301,3690,2878,2682,16.6,-22.9,14,179,0.30,1.95,0.00,0.000,3078,0.171,0.020,2387,2327,2780,2879,2682,0,0,0,0,0,0,25.39,26.06,28.83
$GC,210,-0.71,-146.6,2387,2326,2880,2682,25.1,-21.1,18,219,0.17,2.00,0.00,0.000,2564,0.171,0.028,2435,973,2781,2880,2682,0,0,0,0,0,0,25.67,26.00,28.83
$GC,244,-0.71,-146.6,1632,972,2842,2675,30.8,-17.4,21,252,0.00,2.05,0.00,0.000,3078,0.000,0.029,2426,2317,2780,2879,2682,0,0,0,0,0,0,28.83,26.03,28.83
$GC,282,-0.71,-146.6,2426,2317,2880,2682,36.8,-15.1,25,283,0.00,0.00,0.00,0.000,2054,0.000,0.000,2426,2317,2780,2880,2681,0,0,0,0,0,0,28.83,28.83,28.83
$GC,312,-0.71,-146.6,2426,2316,2880,2682,41.2,-14.6,28,321,0.00,2.15,0.00,0.000,2308,0.000,0.043,2421,3722,2780,2879,2682,0,0,0,0,0,0,28.83,26.00,28.83
$GC,334,-0.71,-146.6,2421,3722,2879,2682,44.7,-15.5,30,344,0.08,1.95,0.00,0.000,3078,0.192,0.017,2436,2336,2781,2880,2682,0,0,0,0,0,0,25.96,26.19,28.83
$GC,374,-0.71,-146.6,2435,2337,2880,2682,51.0,-15.7,34,376,0.00,0.00,0.00,0.000,2054,0.000,0.000,2436,2336,2781,2880,2682,0,0,0,0,0,0,28.83,28.83,28.83
$GC,404,-0.76,-146.6,2435,2337,2880,2682,55.5,-15.1,37,405,0.00,0.00,0.00,0.000,4102,0.000,0.000,2436,2336,2781,2880,2682,0,0,0,0,0,0,28.83,28.83,28.83
$GC,434,-0.82,-146.6,2435,2336,2880,2681,60.1,-15.1,40,443,0.10,2.00,0.00,0.000,4612,0.109,0.027,2392,985,2780,2880,2681,0,0,0,0,0,0,26.25,26.10,28.83
$GC,489,-0.82,-146.6,2392,986,2880,2680,69.2,-17.5,45,498,0.08,2.10,0.00,0.000,3078,0.213,0.033,2400,2355,2779,2879,2680,0,0,0,0,0,0,25.94,26.13,28.83
$GC,527,-0.82,-146.6,2400,2355,2879,2681,76.5,-18.3,49,528,0.00,0.00,0.00,0.000,2054,0.000,0.000,2400,2356,2780,2879,2681,0,0,0,0,0,0,28.83,28.83,28.83
$GC,557,-0.82,-146.6,2400,2355,2879,2681,82.2,-18.6,52,565,0.00,2.08,0.00,0.000,2308,0.000,0.044,2399,3713,2779,2879,2680,0,0,0,0,0,0,28.83,26.08,28.83
$GC,588,-0.82,-146.6,2399,3713,2880,2681,88.4,-19.2,55,597,0.00,1.90,0.00,0.000,3078,0.000,0.018,2399,2372,2779,2879,2680,0,0,0,0,0,0,28.83,26.29,28.83
$GC,628,-0.82,-146.6,2399,2372,2879,2680,96.1,-19.1,59,629,0.00,0.00,0.00,0.000,2054,0.000,0.000,2399,2372,2779,2879,2680,0,0,0,0,0,0,28.83,28.83,28.83
$STATE,658,end dive,TARGET_DEPTH_EXCEEDED
$STATE,658,begin apogee
$GC,663,-0.27,0.0,2399,2116,2879,2680,101.7,-19.1,62,789,0.57,0.00,121.30,0.540,10246,0.142,0.000,2575,2116,2190,2285,2095,0,0,0,0,0,0,25.63,28.83,24.31
$STATE,791,end apogee,CONTROL_FINISHED_OK
$STATE,791,begin climb
$GC,793,1.09,146.6,2575,2116,2284,2093,111.7,0.0,75,912,1.38,0.00,113.95,0.526,10758,0.106,0.000,3013,2116,1606,1722,1490,0,0,0,0,0,0,25.16,28.83,24.29
$GC,942,1.00,146.6,3013,2116,1721,1485,91.0,21.0,90,949,0.10,0.00,0.00,0.000,4102,0.199,0.000,2995,2116,1603,1721,1485,0,0,0,0,0,0,25.32,28.83,28.83
$GC,981,0.94,146.6,2995,2116,1719,1484,82.2,21.8,94,983,0.10,0.00,0.00,0.000,4102,0.201,0.000,2974,2116,1602,1720,1484,0,0,0,0,0,0,25.50,28.83,28.83
$GC,1011,0.94,146.6,2974,2116,1719,1483,75.9,21.4,97,1012,0.00,0.00,0.00,0.000,6,0.000,0.000,2974,2116,1601,1719,1483,0,0,0,0,0,0,28.83,28.83,28.83
$GC,1040,0.94,146.6,2973,2116,1719,1483,70.1,19.6,100,1049,0.00,2.22,0.00,0.000,260,0.000,0.034,2974,3579,1600,1719,1482,0,0,0,0,0,0,28.83,25.78,28.83
$GC,1064,0.94,146.6,2973,3579,1718,1482,65.6,19.6,102,1072,0.00,2.03,0.00,0.000,5126,0.000,0.021,2977,2233,1600,1718,1482,0,0,0,0,0,0,28.83,25.88,28.83
$GC,1103,0.94,146.6,2977,2229,1718,1481,57.1,21.4,106,1104,0.00,0.00,0.00,0.000,4102,0.000,0.000,2977,2229,1599,1718,1481,0,0,0,0,0,0,28.83,28.83,28.83
$GC,1132,0.94,146.6,2977,2229,1718,1480,51.0,20.5,109,1142,0.00,2.12,0.00,0.000,4612,0.000,0.034,2987,830,1598,1717,1480,0,0,0,0,0,0,28.83,25.89,28.83
$GC,1157,0.94,146.6,2112,829,1683,1477,46.3,21.1,111,1165,0.03,2.03,0.00,0.000,5126,0.173,0.024,2980,2177,1598,1716,1480,0,0,0,0,0,0,25.86,26.00,28.83
$GC,1195,0.94,146.6,2979,2177,1715,1480,38.5,19.8,115,1196,0.00,0.00,0.00,0.000,4102,0.000,0.000,2980,2177,1597,1715,1480,0,0,0,0,0,0,28.83,28.83,28.83
$GC,1225,0.94,146.6,2980,2177,1715,1480,32.5,19.9,118,1226,0.00,0.00,0.00,0.000,4102,0.000,0.000,2980,2177,1598,1716,1480,0,0,0,0,0,0,28.83,28.83,28.83
$GC,1255,0.94,146.6,2980,2177,1715,1480,26.1,20.9,121,1264,0.00,2.10,0.00,0.000,4356,0.000,0.035,2980,3565,1597,1715,1480,0,0,0,0,0,0,28.83,26.01,28.83
$GC,1301,0.94,146.6,2980,3565,1715,1480,16.6,22.2,125,1309,0.05,1.95,0.00,0.000,5126,0.248,0.017,2979,2216,1597,1715,1480,0,0,0,0,0,0,25.91,26.11,28.83
$GC,1338,0.94,146.6,2978,2213,1715,1480,8.0,21.7,129,1347,0.00,2.10,0.00,0.000,4612,0.000,0.037,2978,839,1598,1716,1480,0,0,0,0,0,0,28.83,26.02,28.83
$GC,1360,0.94,146.6,2978,839,1713,1480,3.8,19.1,131,1369,0.00,1.92,0.00,0.000,5126,0.000,0.021,2978,2161,1596,1713,1480,0,0,0,0,0,0,28.83,26.13,28.83
$STATE,1378,end climb,SURFACE_DEPTH_REACHED
$STATE,1378,begin surface coast
$FINISH,-2.0,1.021236
$STATE,1391,end surface coast,CONTROL_FINISHED_OK
$STATE,1391,begin surface
$SM_CCo,1407,207.18,0.449,1,0,465,433.32
$SM_CCo,1622,-0.12,0.000,0,0,465,433.32
$SM_CCo,1625,0.00,0.000,0,0,465,433.32
$SM_GC,-1.82,7.43,0.25,0.00,0.047,0.044,0.000,246,2397,465,-7.50,-1.55,433.32,0,0,0,0,0,0,26.06,26.27,28.83
$IRIDIUM_FIX,4732.49,-12224.82,280208,010152
$TT8_MAMPS,0.027713,0.027713
$HUMID,41.29
$INTERNAL_PRESSURE,8.08665
$TCM_TEMP,17.00
$XPDR_PINGS,27
$ALTIM_TOP_PING,19.0,20.8
$24V_AH,24.3,23.350
$10V_AH,10.1,10.456
$FG_AHR_24Vo,0.000
$FG_AHR_10Vo,0.000
$DEVICES,Pitch_motor,Roll_motor,VBD_pump_during_apogee,VBD_pump_during_surface,VBD_valve,Iridium_during_init,Iridium_during_connect,Iridium_during_xfer,Transponder_ping,GUMSTIX_24V,GPS,TT8,LPSleep,TT8_Active,TT8_Sampling,TT8_CF8,TT8_Kalman,Analog_circuits,GPS_charging,Compass,RAFOS,Transponder,Compass2
$DEVICE_SECS,0.000,0.000,0.000,0.000,0.000,0.000,0.000,0.000,0.000,0.000,0.000,0.000,0.000,0.000,0.000,0.000,0.000,0.000,0.000,0.000,0.000,0.000,0.000
$DEVICE_MAMPS,0.000,0.000,0.000,0.000,0.000,0.000,0.000,0.000,0.000,0.000,0.000,0.000,0.000,0.000,0.000,0.000,0.000,0.000,0.000,0.000,0.000,0.000,0.000
$SENSORS,SBE_CT,AA4330,WL_BB2FLVMG,nil,nil,nil,nil,nil,nil,nil
$SENSOR_SECS,0.000,0.000,0.000,0.000,0.000,0.000,0.000,0.000,0.000,0.000
$SENSOR_MAMPS,0.000,0.000,0.000,0.000,0.000,0.000,0.000,0.000,0.000,0.000
$MEM,355124
$DATA_FILE_SIZE,10365,134
$CAP_FILE_SIZE,49366,0
$CFSIZE,260165632,241029120
$ERRORS,0,0,0,0,0,0,0,0,0,0,0,0,0,1,0,0
$CURRENT,0.084,244.2,1
$GPS,060226,170223,4750.728,-12222.055,8,2.5,38,18.2
