version: 66.11
glider: 175
mission: 10
dive: 398
start: 2 6 126 4 30 40
data:
$ID,175
$MISSION,10
$DIVE,398
$N_DIVES,0
$D_SURF,3
$D_FLARE,3
$D_TGT,200
$D_ABORT,1090
$D_NO_BLEED,500
$D_BOOST,3
$T_BOOST,0
$D_FINISH,0
$D_PITCH,0
$D_SAFE,0
$D_CALL,0
$SURFACE_URGENCY,0
$SURFACE_URGENCY_TRY,0
$SURFACE_URGENCY_FORCE,0
$T_DIVE,65
$T_MISSION,80
$T_ABORT,1440
$T_TURN,300
$T_TURN_SAMPINT,5
$T_NO_W,120
$T_LOITER,0
$T_EPIRB,0
$USE_BATHY,0
$USE_ICE,0
$ICE_FREEZE_MARGIN,0.30000001
$D_OFFGRID,100
$T_WATCHDOG,10
$RELAUNCH,1
$APOGEE_PITCH,-8
$MAX_BUOY,150
$COURSE_BIAS,0
$GLIDE_SLOPE,30
$SPEED_FACTOR,1
$RHO,1.023
$MASS,51902
$MASS_COMP,0
$NAV_MODE,2
$FERRY_MAX,45
$KALMAN_USE,2
$HD_A,0.003
$HD_B,0.0099999998
$HD_C,9.9999997e-06
$HEADING,-1
$ESCAPE_HEADING,0
$ESCAPE_HEADING_DELTA,10
$FIX_MISSING_TIMEOUT,0
$TGT_DEFAULT_LAT,4750.7002
$TGT_DEFAULT_LON,-12222
$TGT_AUTO_DEFAULT,0
$SM_CC,457.23199
$N_FILEKB,4
$FILEMGR,0
$CALL_NDIVES,1
$COMM_SEQ,0
$PROTOCOL,9
$N_NOCOMM,1
$NOCOMM_ACTION,0
$N_NOSURFACE,0
$UPLOAD_DIVES_MAX,-1
$CALL_TRIES,5
$CALL_WAIT,60
$CAPUPLOAD,1
$CAPMAXSIZE,200000
$HEAPDBG,0
$T_GPS,15
$N_GPS,30
$T_GPS_ALMANAC,0
$T_GPS_CHARGE,-36868.234
$T_RSLEEP,2
$STROBE,0
$RAFOS_PEAK_OFFSET,1.5
$RAFOS_CORR_THRESH,60
$RAFOS_HIT_WINDOW,3600
$PITCH_MIN,255
$PITCH_MAX,3935
$C_PITCH,2671
$PITCH_DBAND,0.0099999998
$PITCH_CNV,0.003125763
$P_OVSHOOT,0.039999999
$PITCH_GAIN,30
$PITCH_TIMEOUT,17
$PITCH_AD_RATE,160
$PITCH_MAXERRORS,1
$PITCH_ADJ_GAIN,0.02
$PITCH_ADJ_DBAND,2.5
$ROLL_MIN,171
$ROLL_MAX,3723
$ROLL_DEG,40
$C_ROLL_DIVE,2354
$C_ROLL_CLIMB,2164
$HEAD_ERRBAND,10
$ROLL_CNV,0.028270001
$ROLL_TIMEOUT,15
$R_PORT_OVSHOOT,64
$R_STBD_OVSHOOT,74
$ROLL_AD_RATE,300
$ROLL_MAXERRORS,2
$ROLL_ADJ_GAIN,0
$ROLL_ADJ_DBAND,0
$VBD_MIN,465
$VBD_MAX,3960
$C_VBD,2190
$VBD_DBAND,2
$VBD_CNV,-0.25119999
$VBD_TIMEOUT,720
$PITCH_VBD_SHIFT,0.0012300001
$VBD_PUMP_AD_RATE_SURFACE,5
$VBD_PUMP_AD_RATE_APOGEE,4
$VBD_BLEED_AD_RATE,8
$UNCOM_BLEED,60
$VBD_MAXERRORS,1
$W_ADJ_DBAND,2
$DBDW,0
$PITCH_W_GAIN,0
$PITCH_W_DBAND,1
$CF8_MAXERRORS,5
$AH0_24V,145
$AH0_10V,95
$MINV_24V,19
$MINV_10V,8
$FG_AHR_10V,0
$FG_AHR_24V,0
$PHONE_SUPPLY,2
$PRESSURE_YINT,-18.492611
$PRESSURE_SLOPE,0.0001165895
$AD7714Ch0Gain,128
$TCM_PITCH_OFFSET,0
$TCM_ROLL_OFFSET,0
$COMPASS_USE,4
$ALTIM_BOTTOM_PING_RANGE,0
$ALTIM_TOP_PING_RANGE,20
$ALTIM_BOTTOM_TURN_MARGIN,25
$ALTIM_TOP_TURN_MARGIN,0
$ALTIM_TOP_MIN_OBSTACLE,1
$ALTIM_PING_DEPTH,120
$ALTIM_PING_DELTA,5
$ALTIM_FREQUENCY,13
$ALTIM_PULSE,3
$ALTIM_SENSITIVITY,4
$XPDR_VALID,5
$XPDR_INHIBIT,90
$INT_PRESSURE_SLOPE,0.0097660003
$INT_PRESSURE_YINT,-0.40000001
$DEEPGLIDER,0
$DEEPGLIDERMB,0
$MOTHERBOARD,4
$DEVICE1,2
$DEVICE2,101
$DEVICE3,38
$DEVICE4,-1
$DEVICE5,-1
$DEVICE6,-1
$LOGGERS,7
$LOGGERDEVICE1,-1
$LOGGERDEVICE2,-1
$LOGGERDEVICE3,-1
$LOGGERDEVICE4,-1
$COMPASS_DEVICE,33
$COMPASS2_DEVICE,-1
$PHONE_DEVICE,49
$GPS_DEVICE,32
$RAFOS_DEVICE,-1
$XPDR_DEVICE,24
$SIM_W,0
$SIM_PITCH,0
$SEABIRD_T_G,0.0043137739
$SEABIRD_T_H,0.00062868668
$SEABIRD_T_I,2.2691316e-05
$SEABIRD_T_J,2.2586789e-06
$SEABIRD_C_G,-10.021329
$SEABIRD_C_H,1.1236943
$SEABIRD_C_I,-0.0013673168
$SEABIRD_C_J,0.00018808816
$GPS1,060226,042528,4750.528,-12221.962,40,1.8,40,18.2
$_CALLS,1
$_XMS_NAKs,0
$_XMS_TOUTs,0
$_SM_DEPTHo,-2.39
$_SM_ANGLEo,-70.0
$GPS2,060226,043011,4750.509,-12222.009,11,1.9,11,18.2
$SPEED_LIMITS,0.178,0.262
$TGT_NAME,EAST_175
$TGT_LATLONG,4750.700,-12222.000
$TGT_RADIUS,200.000
$KALMAN_CONTROL,0.000,0.000
$KALMAN_X,0.0,0.0,0.0,0.0,0.0
$KALMAN_Y,0.0,0.0,0.0,0.0,0.0
$MHEAD_RNG_PITCHd_Wd,353.0,355,-27.3,-10.256,-30.00,974
$D_GRID,200
$GCHEAD,st_secs,pitch_ctl,vbd_ctl,pitch_ad_start,roll_ad_start,vbd_pot1_ad_start,vbd_pot2_ad_start,depth,ob_vertv,data_pts,end_secs,pitch_secs,roll_secs,vbd_secs,vbd_i,gcphase,pitch_i,roll_i,pitch_ad,roll_ad,vbd_ad,vbd_pot1_ad,vbd_pot2_ad,pitch_retries,pitch_errors,roll_retries,roll_errors,vbd_retries,vbd_errors,pitch_volts,roll_volts,vbd_volts
$STATE,13,end surface,CONTROL_FINISHED_OK
$STATE,14,begin dive
$GC,16,-0.99,-65.5,245,2378,526,399,0.0,0.0,0,91,0.00,0.00,-71.57,0.000,16390,0.000,0.000,245,2378,2451,2519,2384,0,0,0,0,0,0,28.83,28.83,26.33
$GC,94,-1.08,-136.0,245,2378,2520,2386,-1.0,-2.9,7,113,8.60,0.00,-8.15,0.000,18950,0.233,0.000,2316,2378,2732,2831,2633,0,0,0,0,0,0,25.14,28.83,26.30
$GC,142,-0.64,-136.0,2316,2378,2837,2634,6.4,-15.3,12,151,0.50,2.00,0.00,0.000,2308,0.174,0.042,2445,3680,2736,2838,2635,0,0,0,0,0,0,25.36,25.89,28.83
$GC,186,-0.64,-136.0,1648,3679,2803,2630,13.7,-16.5,16,194,0.03,1.98,0.00,0.000,3078,0.168,0.018,2454,2318,2739,2841,2637,0,0,0,0,0,0,25.94,26.10,28.83
$GC,225,-0.73,-136.0,2454,2316,2840,2636,19.1,-13.3,20,234,0.08,1.98,0.00,0.000,4612,0.133,0.027,2422,986,2738,2841,2636,0,0,0,0,0,0,26.17,26.01,28.83
$GC,278,-0.78,-136.0,2422,986,2841,2636,26.6,-14.3,25,288,0.00,2.00,0.00,0.000,3078,0.000,0.028,2415,2328,2738,2840,2636,0,0,0,0,0,0,28.83,26.06,28.83
$GC,317,-0.78,-136.0,2414,2328,2840,2636,33.2,-16.5,29,318,0.00,0.00,0.00,0.000,2054,0.000,0.000,2415,2328,2738,2840,2636,0,0,0,0,0,0,28.83,28.83,28.83
$GC,347,-0.78,-136.0,2414,2328,2839,2636,38.2,-16.5,32,348,0.00,0.00,0.00,0.000,2054,0.000,0.000,2415,2328,2738,2840,2636,0,0,0,0,0,0,28.83,28.83,28.83
$GC,377,-0.78,-136.0,2414,2329,2840,2636,43.0,-16.2,35,386,0.00,2.00,0.00,0.000,2564,0.000,0.028,2414,989,2738,2841,2636,0,0,0,0,0,0,28.83,26.09,28.83
$GC,409,-0.78,-136.0,2414,989,2840,2635,47.8,-15.0,38,418,0.00,2.03,0.00,0.000,3078,0.000,0.030,2412,2350,2737,2839,2635,0,0,0,0,0,0,28.83,26.10,28.83
$GC,449,-0.78,-136.0,2412,2350,2839,2636,53.8,-15.1,42,450,0.00,0.00,0.00,0.000,2054,0.000,0.000,2412,2351,2737,2839,2636,0,0,0,0,0,0,28.83,28.83,28.83
$GC,478,-0.78,-136.0,2412,2350,2839,2636,58.7,-16.0,45,488,0.00,2.10,0.00,0.000,2308,0.000,0.045,2412,3724,2737,2839,2635,0,0,0,0,0,0,28.83,26.06,28.83
$GC,511,-0.78,-136.0,2412,3724,2839,2636,64.0,-16.3,48,520,0.00,1.92,0.00,0.000,3078,0.000,0.016,2412,2360,2737,2839,2636,0,0,0,0,0,0,28.83,26.27,28.83
$GC,551,-0.78,-136.0,2411,2359,2839,2635,70.3,-15.7,52,552,0.00,0.00,0.00,0.000,2054,0.000,0.000,2412,2359,2737,2839,2636,0,0,0,0,0,0,28.83,28.83,28.83
$GC,581,-0.78,-136.0,2411,2359,2839,2636,74.7,-15.0,55,582,0.00,0.00,0.00,0.000,2054,0.000,0.000,2412,2359,2737,2839,2635,0,0,0,0,0,0,28.83,28.83,28.83
$GC,611,-0.78,-136.0,2411,2359,2839,2636,79.4,-15.4,58,612,0.00,0.00,0.00,0.000,2054,0.000,0.000,2412,2359,2738,2840,2636,0,0,0,0,0,0,28.83,28.83,28.83
$GC,640,-0.78,-136.0,2411,2360,2839,2635,83.7,-14.4,61,642,0.00,0.00,0.00,0.000,2054,0.000,0.000,2412,2359,2737,2839,2636,0,0,0,0,0,0,28.83,28.83,28.83
$GC,671,-0.78,-136.0,2411,2359,2839,2635,87.8,-14.1,64,672,0.00,0.00,0.00,0.000,2054,0.000,0.000,2412,2359,2737,2839,2635,0,0,0,0,0,0,28.83,28.83,28.83
$GC,701,-0.78,-136.0,2412,2359,2839,2636,92.0,-14.0,67,702,0.00,0.00,0.00,0.000,2054,0.000,0.000,2412,2359,2737,2839,2636,0,0,0,0,0,0,28.83,28.83,28.83
$GC,731,-0.78,-136.0,2411,2359,2839,2635,96.1,-13.9,70,740,0.00,2.10,0.00,0.000,2308,0.000,0.046,2412,3717,2737,2839,2636,0,0,0,0,0,0,28.83,26.10,28.83
$GC,762,-0.78,-136.0,2411,3717,2839,2636,100.8,-14.5,73,772,0.00,1.92,0.00,0.000,3078,0.000,0.018,2412,2354,2737,2839,2635,0,0,0,0,0,0,28.83,26.32,28.83
$GC,803,-0.78,-136.0,2411,2353,2839,2635,106.8,-14.8,77,804,0.00,0.00,0.00,0.000,2054,0.000,0.000,2411,2354,2737,2839,2635,0,0,0,0,0,0,28.83,28.83,28.83
$GC,833,-0.83,-136.0,2411,2354,2839,2635,110.8,-13.5,80,834,0.00,0.00,0.00,0.000,4102,0.000,0.000,2412,2353,2737,2839,2635,0,0,0,0,0,0,28.83,28.83,28.83
$GC,863,-0.89,-136.0,2411,2354,2839,2635,114.7,-12.9,83,865,0.10,0.00,0.00,0.000,4102,0.104,0.000,2368,2354,2737,2839,2635,0,0,0,0,0,0,26.40,28.83,28.83
$GC,893,-0.89,-136.0,2368,2353,2839,2634,118.8,-13.4,86,895,0.05,0.00,0.00,0.000,2054,0.232,0.000,2377,2353,2736,2839,2634,0,0,0,0,0,0,26.38,28.83,28.83
$GC,923,-0.89,-136.0,2377,2353,2839,2634,123.2,-14.7,89,924,0.00,0.00,0.00,0.000,2054,0.000,0.000,2377,2353,2736,2839,2634,0,0,0,0,0,0,28.83,28.83,28.83
$GC,953,-0.89,-136.0,2377,2353,2839,2634,127.8,-15.2,92,954,0.00,0.00,0.00,0.000,2054,0.000,0.000,2377,2353,2736,2839,2634,0,0,0,0,0,0,28.83,28.83,28.83
$STATE,974,end dive,BOTTOM_OBSTACLE_DETECTED
$STATE,974,begin apogee
$GC,979,-0.27,0.0,2377,2105,2839,2634,130.9,-15.3,94,1099,0.65,0.08,112.62,0.559,10246,0.144,0.107,2577,2183,2190,2287,2093,0,0,0,0,0,0,25.63,25.13,24.31
$STATE,1100,end apogee,CONTROL_FINISHED_OK
$STATE,1100,begin climb
$GC,1102,1.08,136.0,2576,2183,2287,2092,135.3,0.0,106,1219,1.33,2.17,106.88,0.543,10756,0.096,0.031,3019,787,1645,1760,1531,0,0,0,0,0,0,25.22,25.21,24.27
$GC,1243,0.98,136.0,3018,787,1753,1531,111.2,23.1,120,1253,0.12,2.08,0.00,0.000,5126,0.191,0.023,2994,2168,1642,1753,1531,0,0,0,0,0,0,25.16,25.50,28.83
$GC,1284,0.91,136.0,2993,2168,1752,1530,101.8,23.5,124,1293,0.10,2.10,0.00,0.000,4356,0.197,0.031,2968,3557,1641,1752,1530,0,0,0,0,0,0,25.48,25.67,28.83
$GC,1298,0.85,136.0,2968,3557,1752,1529,99.9,23.2,125,1307,0.10,2.08,0.00,0.000,5126,0.178,0.018,2950,2180,1640,1752,1529,0,0,0,0,0,0,25.34,25.75,28.83
$GC,1336,0.85,136.0,2950,2178,1752,1528,90.5,21.4,129,1337,0.00,0.00,0.00,0.000,4102,0.000,0.000,2950,2178,1640,1752,1528,0,0,0,0,0,0,28.83,28.83,28.83
$GC,1366,0.85,136.0,2950,2178,1752,1528,84.9,19.0,132,1375,0.00,2.12,0.00,0.000,4356,0.000,0.035,2950,3561,1640,1752,1528,0,0,0,0,0,0,28.83,25.81,28.83
$GC,1390,0.85,136.0,2950,3562,1752,1527,80.7,18.5,134,1398,0.03,2.10,0.00,0.000,5126,0.223,0.019,2953,2158,1639,1752,1527,0,0,0,0,0,0,23.94,25.93,28.83
$GC,1428,0.85,136.0,2954,2154,1752,1527,73.1,19.1,138,1429,0.00,0.00,0.00,0.000,4102,0.000,0.000,2954,2154,1639,1752,1527,0,0,0,0,0,0,28.83,28.83,28.83
$GC,1458,0.85,136.0,2953,2154,1752,1527,67.8,17.5,141,1459,0.00,0.00,0.00,0.000,4102,0.000,0.000,2953,2154,1639,1751,1527,0,0,0,0,0,0,28.83,28.83,28.83
$GC,1488,0.85,136.0,2953,2154,1752,1527,62.6,17.7,144,1489,0.00,0.00,0.00,0.000,4102,0.000,0.000,2953,2154,1639,1752,1527,0,0,0,0,0,0,28.83,28.83,28.83
$GC,1518,0.85,136.0,2953,2154,1752,1526,57.4,17.2,147,1527,0.00,2.15,0.00,0.000,4356,0.000,0.034,2953,3561,1639,1752,1527,0,0,0,0,0,0,28.83,25.97,28.83
$GC,1539,0.85,136.0,2953,3561,1752,1526,53.2,18.1,149,1550,0.08,2.03,0.00,0.000,5126,0.219,0.017,2949,2160,1639,1752,1526,0,0,0,0,0,0,25.82,26.08,28.83
$GC,1580,0.85,136.0,2948,2160,1751,1526,45.7,18.7,153,1581,0.00,0.00,0.00,0.000,4102,0.000,0.000,2949,2160,1639,1752,1526,0,0,0,0,0,0,28.83,28.83,28.83
$GC,1609,0.85,136.0,2949,2160,1752,1526,40.3,17.8,156,1610,0.00,0.00,0.00,0.000,4102,0.000,0.000,2949,2160,1639,1752,1526,0,0,0,0,0,0,28.83,28.83,28.83
$GC,1639,0.85,136.0,2949,2160,1752,1526,35.3,16.8,159,1640,0.00,0.00,0.00,0.000,4102,0.000,0.000,2949,2160,1639,1752,1526,0,0,0,0,0,0,28.83,28.83,28.83
$GC,1670,0.85,136.0,2949,2160,1751,1526,30.3,16.9,162,1671,0.00,0.00,0.00,0.000,4102,0.000,0.000,2949,2160,1639,1752,1526,0,0,0,0,0,0,28.83,28.83,28.83
$GC,1699,0.85,136.0,2949,2160,1752,1526,25.2,16.9,165,1700,0.00,0.00,0.00,0.000,4102,0.000,0.000,2949,2160,1639,1752,1526,0,0,0,0,0,0,28.83,28.83,28.83
$GC,1730,0.85,136.0,2948,2160,1752,1526,19.9,17.6,168,1732,0.00,0.00,0.00,0.000,4102,0.000,0.000,2949,2160,1639,1752,1526,0,0,0,0,0,0,28.83,28.83,28.83
$GC,1759,0.85,136.0,2949,2160,1752,1526,14.8,16.9,171,1760,0.00,0.00,0.00,0.000,4102,0.000,0.000,2949,2160,1639,1752,1526,0,0,0,0,0,0,28.83,28.83,28.83
$GC,1790,0.85,136.0,2949,2160,1752,1526,9.9,16.7,174,1799,0.00,2.08,0.00,0.000,4612,0.000,0.033,2958,767,1639,1752,1526,0,0,0,0,0,0,28.83,26.09,28.83
$GC,1803,0.85,136.0,2957,767,1750,1526,8.7,16.0,175,1812,0.03,2.10,0.00,0.000,5126,0.186,0.024,2950,2172,1638,1750,1526,0,0,0,0,0,0,26.03,26.18,28.83
$STATE,1840,end climb,SURFACE_DEPTH_REACHED
$STATE,1840,begin surface coast
$FINISH,-0.1,1.022042
$STATE,1851,end surface coast,CONTROL_FINISHED_OK
$STATE,1851,begin surface
$SM_CCo,1867,217.90,0.454,1,0,465,433.32
$SM_CCo,2093,-0.17,0.000,0,0,466,433.32
$SM_CCo,2097,1.02,0.083,0,0,465,433.32
$SM_GC,-2.31,7.93,0.22,1.02,0.088,0.052,0.083,243,2372,465,-7.52,-1.72,433.32,0,0,0,0,0,0,26.10,26.31,25.22
$IRIDIUM_FIX,4729.30,-12221.39,270208,131300
$TT8_MAMPS,0.027713,0.027713
$HUMID,41.17
$INTERNAL_PRESSURE,8.08665
$TCM_TEMP,17.00
$XPDR_PINGS,27
$ALTIM_TOP_PING,19.9,22.4
$ALTIM_BOTTOM_PING,130.9,20.9
$24V_AH,23.9,23.350
$10V_AH,10.1,10.456
$FG_AHR_24Vo,0.000
$FG_AHR_10Vo,0.000
$DEVICES,Pitch_motor,Roll_motor,VBD_pump_during_apogee,VBD_pump_during_surface,VBD_valve,Iridium_during_init,Iridium_during_connect,Iridium_during_xfer,Transponder_ping,GUMSTIX_24V,GPS,TT8,LPSleep,TT8_Active,TT8_Sampling,TT8_CF8,TT8_Kalman,Analog_circuits,GPS_charging,Compass,RAFOS,Transponder,Compass2
$DEVICE_SECS,0.000,0.000,0.000,0.000,0.000,0.000,0.000,0.000,0.000,0.000,0.000,0.000,0.000,0.000,0.000,0.000,0.000,0.000,0.000,0.000,0.000,0.000,0.000
$DEVICE_MAMPS,0.000,0.000,0.000,0.000,0.000,0.000,0.000,0.000,0.000,0.000,0.000,0.000,0.000,0.000,0.000,0.000,0.000,0.000,0.000,0.000,0.000,0.000,0.000
$SENSORS,SBE_CT,AA4330,WL_BB2FLVMG,nil,nil,nil,nil,nil,nil,nil
$SENSOR_SECS,0.000,0.000,0.000,0.000,0.000,0.000,0.000,0.000,0.000,0.000
$SENSOR_MAMPS,0.000,0.000,0.000,0.000,0.000,0.000,0.000,0.000,0.000,0.000
$MEM,355120
$DATA_FILE_SIZE,10381,180
$CAP_FILE_SIZE,65933,0
$CFSIZE,260165632,241594368
$ERRORS,0,0,0,0,0,0,0,0,0,0,0,0,0,1,0,0
$CURRENT,0.086,244.1,1
$GPS,060226,050623,4750.722,-12222.063,7,1.9,7,18.2
