version: 66.11
glider: 175
mission: 9
dive: 303
start: 6 11 125 2 19 23
data:
$ID,175
$MISSION,9
$DIVE,303
$N_DIVES,0
$D_SURF,3
$D_FLARE,3
$D_TGT,150
$D_ABORT,1090
$D_NO_BLEED,500
$D_BOOST,3
$T_BOOST,0
$D_FINISH,0
$D_PITCH,0
$D_SAFE,0
$D_CALL,0
$SURFACE_URGENCY,0
$SURFACE_URGENCY_TRY,0
$SURFACE_URGENCY_FORCE,0
$T_DIVE,50
$T_MISSION,65
$T_ABORT,1440
$T_TURN,300
$T_TURN_SAMPINT,5
$T_NO_W,120
$T_LOITER,0
$T_EPIRB,0
$USE_BATHY,0
$USE_ICE,0
$ICE_FREEZE_MARGIN,0.30000001
$D_OFFGRID,100
$T_WATCHDOG,10
$RELAUNCH,1
$APOGEE_PITCH,-8
$MAX_BUOY,150
$COURSE_BIAS,0
$GLIDE_SLOPE,30
$SPEED_FACTOR,1
$RHO,1.023
$MASS,51902
$MASS_COMP,0
$NAV_MODE,2
$FERRY_MAX,45
$KALMAN_USE,2
$HD_A,0.003
$HD_B,0.0099999998
$HD_C,9.9999997e-06
$HEADING,-1
$ESCAPE_HEADING,0
$ESCAPE_HEADING_DELTA,10
$FIX_MISSING_TIMEOUT,0
$TGT_DEFAULT_LAT,4743
$TGT_DEFAULT_LON,-12225
$TGT_AUTO_DEFAULT,0
$SM_CC,250
$N_FILEKB,4
$FILEMGR,0
$CALL_NDIVES,1
$COMM_SEQ,0
$PROTOCOL,9
$N_NOCOMM,1
$NOCOMM_ACTION,0
$N_NOSURFACE,0
$UPLOAD_DIVES_MAX,-1
$CALL_TRIES,5
$CALL_WAIT,60
$CAPUPLOAD,1
$CAPMAXSIZE,200000
$HEAPDBG,0
$T_GPS,15
$N_GPS,30
$T_GPS_ALMANAC,0
$T_GPS_CHARGE,-34895.949
$T_RSLEEP,2
$STROBE,0
$RAFOS_PEAK_OFFSET,1.5
$RAFOS_CORR_THRESH,60
$RAFOS_HIT_WINDOW,3600
$PITCH_MIN,255
$PITCH_MAX,3935
$C_PITCH,3053
$PITCH_DBAND,0.0099999998
$PITCH_CNV,0.003125763
$P_OVSHOOT,0.039999999
$PITCH_GAIN,30
$PITCH_TIMEOUT,17
$PITCH_AD_RATE,160
$PITCH_MAXERRORS,1
$PITCH_ADJ_GAIN,0.02
$PITCH_ADJ_DBAND,2.5
$ROLL_MIN,171
$ROLL_MAX,3723
$ROLL_DEG,40
$C_ROLL_DIVE,2033
$C_ROLL_CLIMB,1891
$HEAD_ERRBAND,10
$ROLL_CNV,0.028270001
$ROLL_TIMEOUT,15
$R_PORT_OVSHOOT,73
$R_STBD_OVSHOOT,63
$ROLL_AD_RATE,300
$ROLL_MAXERRORS,2
$ROLL_ADJ_GAIN,0
$ROLL_ADJ_DBAND,0
$VBD_MIN,465
$VBD_MAX,3960
$C_VBD,2140
$VBD_DBAND,2
$VBD_CNV,-0.25119999
$VBD_TIMEOUT,720
$PITCH_VBD_SHIFT,0.0012300001
$VBD_PUMP_AD_RATE_SURFACE,5
$VBD_PUMP_AD_RATE_APOGEE,4
$VBD_BLEED_AD_RATE,8
$UNCOM_BLEED,60
$VBD_MAXERRORS,1
$W_ADJ_DBAND,2
$DBDW,0
$PITCH_W_GAIN,0
$PITCH_W_DBAND,1
$CF8_MAXERRORS,5
$AH0_24V,145
$AH0_10V,95
$MINV_24V,19
$MINV_10V,8
$FG_AHR_10V,0
$FG_AHR_24V,0
$PHONE_SUPPLY,2
$PRESSURE_YINT,-33.008354
$PRESSURE_SLOPE,0.0001165895
$AD7714Ch0Gain,128
$TCM_PITCH_OFFSET,0
$TCM_ROLL_OFFSET,0
$COMPASS_USE,4
$ALTIM_BOTTOM_PING_RANGE,0
$ALTIM_TOP_PING_RANGE,20
$ALTIM_BOTTOM_TURN_MARGIN,25
$ALTIM_TOP_TURN_MARGIN,0
$ALTIM_TOP_MIN_OBSTACLE,1
$ALTIM_PING_DEPTH,120
$ALTIM_PING_DELTA,5
$ALTIM_FREQUENCY,13
$ALTIM_PULSE,3
$ALTIM_SENSITIVITY,3
$XPDR_VALID,5
$XPDR_INHIBIT,90
$INT_PRESSURE_SLOPE,0.0097660003
$INT_PRESSURE_YINT,-0.40000001
$DEEPGLIDER,0
$DEEPGLIDERMB,0
$MOTHERBOARD,4
$DEVICE1,2
$DEVICE2,20
$DEVICE3,-1
$DEVICE4,-1
$DEVICE5,-1
$DEVICE6,-1
$LOGGERS,7
$LOGGERDEVICE1,-1
$LOGGERDEVICE2,-1
$LOGGERDEVICE3,-1
$LOGGERDEVICE4,-1
$COMPASS_DEVICE,33
$COMPASS2_DEVICE,-1
$PHONE_DEVICE,49
$GPS_DEVICE,32
$RAFOS_DEVICE,-1
$XPDR_DEVICE,24
$SIM_W,0
$SIM_PITCH,0
$SEABIRD_T_G,0.0043275012
$SEABIRD_T_H,0.0006214368
$SEABIRD_T_I,2.2085376e-05
$SEABIRD_T_J,2.2233748e-06
$SEABIRD_C_G,-10.084761
$SEABIRD_C_H,1.1595923
$SEABIRD_C_I,-0.0010180317
$SEABIRD_C_J,0.00017345669
$GPS1,110625,021040,4744.266,-12225.299,7,1.6,12,18.2
$_CALLS,2
$_XMS_NAKs,0
$_XMS_TOUTs,0
$_SM_DEPTHo,-6.65
$_SM_ANGLEo,-73.4
$GPS2,110625,021853,4744.237,-12225.344,11,2.2,41,18.2
$SPEED_LIMITS,0.173,0.260
$TGT_NAME,SOUTH_175
$TGT_LATLONG,4742.400,-12225.600
$TGT_RADIUS,200.000
$KALMAN_CONTROL,0.000,0.000
$KALMAN_X,0.0,0.0,0.0,0.0,0.0
$KALMAN_Y,0.0,0.0,0.0,0.0,0.0
$MHEAD_RNG_PITCHd_Wd,178.1,3417,-17.5,-10.000,-21.04,2225
$D_GRID,150
$GCHEAD,st_secs,pitch_ctl,vbd_ctl,pitch_ad_start,roll_ad_start,vbd_pot1_ad_start,vbd_pot2_ad_start,depth,ob_vertv,data_pts,end_secs,pitch_secs,roll_secs,vbd_secs,vbd_i,gcphase,pitch_i,roll_i,pitch_ad,roll_ad,vbd_ad,vbd_pot1_ad,vbd_pot2_ad,pitch_retries,pitch_errors,roll_retries,roll_errors,vbd_retries,vbd_errors,pitch_volts,roll_volts,vbd_volts
$STATE,12,end surface,CONTROL_FINISHED_OK
$STATE,13,begin dive
$GC,15,-0.76,-146.6,245,2020,1243,1041,0.0,0.0,0,74,0.00,0.00,-55.33,0.000,16390,0.000,0.000,245,2020,2725,2808,2642,0,0,0,0,0,0,28.83,28.83,26.48
$GC,76,-0.76,-146.6,245,2020,2808,2644,-2.7,-9.3,6,96,9.80,2.05,0.00,0.000,2564,0.216,0.035,2801,653,2733,2821,2646,0,0,0,0,0,0,25.80,26.12,28.83
$GC,415,-0.68,-146.6,2801,654,2831,2645,51.3,-12.3,38,425,0.10,1.95,0.00,0.000,3078,0.147,0.024,2828,2018,2738,2833,2644,0,0,0,0,0,0,26.17,26.40,28.83
$GC,455,-0.61,-146.6,2827,2018,2833,2645,55.4,-10.1,42,465,0.10,2.00,0.00,0.000,2564,0.173,0.032,2853,658,2739,2834,2644,0,0,0,0,0,0,26.30,26.38,28.83
$GC,567,-0.61,-146.6,2853,658,2834,2644,64.1,-7.5,52,574,0.00,2.03,0.00,0.000,3078,0.000,0.023,2852,2034,2739,2834,2644,0,0,0,0,0,0,28.83,26.45,28.83
$GC,605,-0.61,-146.6,2851,2034,2834,2644,67.1,-7.1,56,606,0.00,0.00,0.00,0.000,2054,0.000,0.000,2852,2034,2740,2835,2645,0,0,0,0,0,0,28.83,28.83,28.83
$GC,636,-0.61,-146.6,2851,2034,2835,2644,69.3,-7.4,59,643,0.00,0.00,0.00,0.000,2054,0.000,0.000,2851,2034,2740,2835,2645,0,0,0,0,0,0,28.83,28.83,28.83
$GC,674,-0.61,-146.6,2851,2034,2835,2645,72.4,-7.6,63,676,0.00,0.00,0.00,0.000,2054,0.000,0.000,2851,2034,2740,2835,2645,0,0,0,0,0,0,28.83,28.83,28.83
$GC,704,-0.61,-146.6,2851,2034,2835,2645,74.9,-8.2,66,705,0.00,0.00,0.00,0.000,2054,0.000,0.000,2851,2034,2740,2835,2645,0,0,0,0,0,0,28.83,28.83,28.83
$GC,734,-0.61,-146.6,2851,2034,2835,2645,77.4,-8.4,69,735,0.00,0.00,0.00,0.000,2054,0.000,0.000,2852,2034,2739,2834,2644,0,0,0,0,0,0,28.83,28.83,28.83
$GC,765,-0.61,-146.6,2852,2034,2835,2645,80.1,-8.7,72,766,0.00,0.00,0.00,0.000,2054,0.000,0.000,2851,2034,2740,2835,2645,0,0,0,0,0,0,28.83,28.83,28.83
$GC,794,-0.61,-146.6,2851,2034,2835,2645,82.7,-8.7,75,795,0.00,0.00,0.00,0.000,2054,0.000,0.000,2851,2034,2739,2834,2645,0,0,0,0,0,0,28.83,28.83,28.83
$GC,824,-0.61,-146.6,2851,2034,2835,2644,85.5,-9.3,78,825,0.00,0.00,0.00,0.000,2054,0.000,0.000,2851,2034,2740,2835,2645,0,0,0,0,0,0,28.83,28.83,28.83
$GC,854,-0.61,-146.6,2851,2034,2835,2645,88.1,-8.8,81,855,0.00,0.00,0.00,0.000,2054,0.000,0.000,2852,2034,2740,2835,2645,0,0,0,0,0,0,28.83,28.83,28.83
$GC,885,-0.61,-146.6,2852,2034,2835,2644,90.9,-9.0,84,886,0.00,0.00,0.00,0.000,2054,0.000,0.000,2852,2034,2739,2835,2644,0,0,0,0,0,0,28.83,28.83,28.83
$GC,914,-0.61,-146.6,2851,2034,2835,2644,93.6,-9.2,87,915,0.00,0.00,0.00,0.000,2054,0.000,0.000,2852,2034,2739,2835,2644,0,0,0,0,0,0,28.83,28.83,28.83
$GC,944,-0.61,-146.6,2851,2034,2835,2645,96.5,-9.5,90,945,0.00,0.00,0.00,0.000,2054,0.000,0.000,2852,2034,2740,2835,2645,0,0,0,0,0,0,28.83,28.83,28.83
$GC,974,-0.61,-146.6,2851,2034,2835,2645,99.4,-9.9,93,975,0.00,0.00,0.00,0.000,2054,0.000,0.000,2851,2034,2740,2835,2645,0,0,0,0,0,0,28.83,28.83,28.83
$GC,1005,-0.61,-146.6,2851,2034,2835,2644,102.3,-9.9,96,1006,0.00,0.00,0.00,0.000,2054,0.000,0.000,2852,2034,2739,2835,2644,0,0,0,0,0,0,28.83,28.83,28.83
$GC,1034,-0.61,-146.6,2851,2034,2835,2645,105.1,-9.3,99,1035,0.00,0.00,0.00,0.000,2054,0.000,0.000,2851,2034,2739,2835,2644,0,0,0,0,0,0,28.83,28.83,28.83
$GC,1064,-0.61,-146.6,2851,2034,2835,2644,108.0,-9.4,102,1073,0.00,2.03,0.00,0.000,2564,0.000,0.034,2852,655,2739,2835,2644,0,0,0,0,0,0,28.83,26.50,28.83
$GC,1078,-0.61,-146.6,2851,655,2835,2644,108.8,-9.4,103,1087,0.00,2.03,0.00,0.000,3078,0.000,0.023,2851,2034,2739,2835,2644,0,0,0,0,0,0,28.83,26.54,28.83
$GC,1118,-0.61,-146.6,2851,2034,2835,2644,113.1,-9.8,107,1126,0.00,0.00,0.00,0.000,2054,0.000,0.000,2852,2034,2739,2835,2644,0,0,0,0,0,0,28.83,28.83,28.83
$GC,1158,-0.61,-146.6,2851,2034,2835,2644,117.0,-9.8,111,1166,0.00,0.00,0.00,0.000,2054,0.000,0.000,2852,2034,2740,2835,2645,0,0,0,0,0,0,28.83,28.83,28.83
$GC,1197,-0.61,-146.6,2851,2034,2835,2645,121.4,-10.9,115,1198,0.00,0.00,0.00,0.000,2054,0.000,0.000,2851,2034,2739,2835,2644,0,0,0,0,0,0,28.83,28.83,28.83
$GC,1227,-0.61,-146.6,2852,2034,2835,2644,124.7,-10.9,118,1228,0.00,0.00,0.00,0.000,2054,0.000,0.000,2852,2034,2739,2835,2644,0,0,0,0,0,0,28.83,28.83,28.83
$GC,1257,-0.61,-146.6,2851,2034,2835,2644,127.9,-10.6,121,1258,0.00,0.00,0.00,0.000,2054,0.000,0.000,2852,2034,2739,2835,2644,0,0,0,0,0,0,28.83,28.83,28.83
$GC,1287,-0.61,-146.6,2851,2034,2835,2644,131.2,-11.2,124,1289,0.00,0.00,0.00,0.000,2054,0.000,0.000,2851,2034,2739,2835,2644,0,0,0,0,0,0,28.83,28.83,28.83
$GC,1317,-0.61,-146.6,2851,2034,2835,2644,134.6,-10.9,127,1318,0.00,0.00,0.00,0.000,2054,0.000,0.000,2852,2035,2739,2835,2644,0,0,0,0,0,0,28.83,28.83,28.83
$GC,1348,-0.66,-146.6,2851,2034,2835,2644,137.7,-10.7,130,1349,0.00,0.00,0.00,0.000,4102,0.000,0.000,2852,2035,2739,2835,2644,0,0,0,0,0,0,28.83,28.83,28.83
$GC,1378,-0.66,-146.6,2851,2034,2835,2644,141.0,-10.6,133,1379,0.00,0.00,0.00,0.000,4102,0.000,0.000,2852,2034,2739,2835,2644,0,0,0,0,0,0,28.83,28.83,28.83
$GC,1408,-0.71,-146.6,2851,2034,2835,2644,144.3,-10.9,136,1417,0.10,0.00,0.00,0.000,4102,0.109,0.000,2809,2035,2739,2835,2644,0,0,0,0,0,0,26.59,28.83,28.83
$GC,1448,-0.71,-146.6,2809,2035,2834,2643,148.9,-11.6,140,1450,0.03,0.00,0.00,0.000,2054,0.252,0.000,2818,2035,2739,2835,2644,0,0,0,0,0,0,26.61,28.83,28.83
$STATE,1456,end dive,TARGET_DEPTH_EXCEEDED
$STATE,1456,begin apogee
$GC,1461,-0.27,0.0,2818,1832,2835,2643,150.1,-11.8,141,1590,0.43,0.03,117.28,0.577,10246,0.125,0.077,2959,1909,2139,2227,2051,0,0,0,0,0,0,26.35,25.33,24.97
$STATE,1591,end apogee,CONTROL_FINISHED_OK
$STATE,1591,begin climb
$GC,1593,0.76,146.6,2958,1909,2227,2050,157.9,0.0,154,1711,1.00,2.15,111.10,0.561,11012,0.091,0.032,3296,3275,1555,1677,1433,0,0,0,0,0,0,25.54,25.40,24.87
$GC,1744,0.64,146.6,3296,3276,1677,1432,147.2,12.5,169,1752,0.12,2.08,0.00,0.000,5126,0.150,0.020,3267,1893,1554,1677,1431,0,0,0,0,0,0,25.53,25.72,28.83
$GC,1782,0.56,146.6,3266,1893,1677,1428,141.8,13.1,173,1784,0.12,0.00,0.00,0.000,4102,0.156,0.000,3234,1891,1552,1677,1428,0,0,0,0,0,0,25.72,28.83,28.83
$GC,1813,0.56,146.6,3234,1891,1677,1427,138.3,11.8,176,1814,0.00,0.00,0.00,0.000,6,0.000,0.000,3234,1891,1552,1677,1427,0,0,0,0,0,0,28.83,28.83,28.83
$GC,1842,0.56,146.6,3234,1891,1677,1427,135.2,10.5,179,1853,0.00,2.10,0.00,0.000,516,0.000,0.039,3237,513,1552,1677,1427,0,0,0,0,0,0,28.83,25.94,28.83
$GC,1868,0.56,146.6,3237,513,1676,1427,132.4,11.0,181,1876,0.00,2.03,0.00,0.000,5126,0.000,0.019,3237,1878,1551,1676,1427,0,0,0,0,0,0,28.83,26.06,28.83
$GC,1907,0.56,146.6,3237,1878,1676,1426,127.5,12.2,185,1916,0.00,2.10,0.00,0.000,4356,0.000,0.032,3237,3292,1551,1676,1426,0,0,0,0,0,0,28.83,26.07,28.83
$GC,1942,0.56,146.6,3237,3292,1676,1426,123.3,12.8,188,1950,0.00,2.08,0.00,0.000,5126,0.000,0.020,3238,1887,1550,1676,1425,0,0,0,0,0,0,28.83,26.15,28.83
$GC,1982,0.56,146.6,3238,1887,1676,1426,118.0,12.9,192,1983,0.00,0.00,0.00,0.000,4102,0.000,0.000,3238,1887,1551,1676,1426,0,0,0,0,0,0,28.83,28.83,28.83
$GC,2011,0.56,146.6,3237,1887,1676,1426,114.6,11.3,195,2012,0.00,0.00,0.00,0.000,4102,0.000,0.000,3238,1887,1551,1676,1426,0,0,0,0,0,0,28.83,28.83,28.83
$GC,2041,0.56,146.6,3238,1887,1676,1425,111.3,11.0,198,2042,0.00,0.00,0.00,0.000,4102,0.000,0.000,3238,1887,1551,1676,1426,0,0,0,0,0,0,28.83,28.83,28.83
$GC,2071,0.56,146.6,3238,1887,1676,1425,108.0,11.0,201,2072,0.00,0.00,0.00,0.000,4102,0.000,0.000,3238,1887,1550,1676,1425,0,0,0,0,0,0,28.83,28.83,28.83
$GC,2101,0.56,146.6,3238,1887,1676,1425,104.3,12.1,204,2111,0.00,2.05,0.00,0.000,4356,0.000,0.033,3238,3281,1550,1676,1425,0,0,0,0,0,0,28.83,26.25,28.83
$GC,2137,0.56,146.6,3238,3281,1676,1424,99.9,12.9,207,2145,0.00,2.05,0.00,0.000,5126,0.000,0.020,3238,1886,1550,1676,1424,0,0,0,0,0,0,28.83,26.31,28.83
$GC,2175,0.56,146.6,3238,1886,1676,1424,95.3,11.4,211,2185,0.00,2.08,0.00,0.000,4612,0.000,0.037,3238,505,1550,1676,1424,0,0,0,0,0,0,28.83,26.27,28.83
$GC,2219,0.56,146.6,3238,505,1676,1424,90.6,11.0,215,2230,0.00,2.00,0.00,0.000,5126,0.000,0.019,3238,1910,1550,1676,1424,0,0,0,0,0,0,28.83,26.36,28.83
$GC,2260,0.56,146.6,3238,1910,1676,1423,86.4,10.6,219,2270,0.00,2.00,0.00,0.000,4356,0.000,0.032,3238,3284,1549,1675,1423,0,0,0,0,0,0,28.83,26.34,28.83
$GC,2304,0.56,146.6,3238,3284,1676,1423,81.6,10.9,223,2314,0.00,2.00,0.00,0.000,5126,0.000,0.020,3238,1883,1549,1676,1423,0,0,0,0,0,0,28.83,26.39,28.83
$GC,2344,0.56,146.6,3238,1883,1676,1423,77.5,10.3,227,2345,0.00,0.00,0.00,0.000,4102,0.000,0.000,3238,1883,1549,1675,1423,0,0,0,0,0,0,28.83,28.83,28.83
$GC,2374,0.56,146.6,3238,1883,1675,1423,74.1,11.2,230,2375,0.00,0.00,0.00,0.000,4102,0.000,0.000,3238,1882,1549,1676,1423,0,0,0,0,0,0,28.83,28.83,28.83
$GC,2404,0.56,146.6,3238,1882,1676,1423,70.5,11.5,233,2405,0.00,0.00,0.00,0.000,4102,0.000,0.000,3238,1883,1549,1676,1423,0,0,0,0,0,0,28.83,28.83,28.83
$GC,2434,0.56,146.6,3238,1883,1676,1423,67.0,11.9,236,2435,0.00,0.00,0.00,0.000,4102,0.000,0.000,3238,1883,1549,1675,1423,0,0,0,0,0,0,28.83,28.83,28.83
$GC,2464,0.56,146.6,3238,1883,1676,1423,63.6,11.5,239,2465,0.00,0.00,0.00,0.000,4102,0.000,0.000,3238,1883,1550,1676,1424,0,0,0,0,0,0,28.83,28.83,28.83
$GC,2494,0.56,146.6,3238,1883,1676,1423,60.3,10.9,242,2503,0.00,2.08,0.00,0.000,4356,0.000,0.032,3239,3289,1549,1676,1423,0,0,0,0,0,0,28.83,26.41,28.83
$GC,2527,0.56,146.6,3238,3289,1676,1423,56.5,11.1,245,2537,0.00,2.00,0.00,0.000,5126,0.000,0.020,3247,1881,1549,1676,1423,0,0,0,0,0,0,28.83,26.47,28.83
$GC,2568,0.56,146.6,3247,1879,1676,1423,51.4,12.7,249,2577,0.00,2.00,0.00,0.000,4612,0.000,0.034,3251,514,1549,1676,1423,0,0,0,0,0,0,28.83,26.42,28.83
$GC,2632,0.56,146.6,3251,513,1676,1423,43.0,12.9,255,2643,0.08,1.95,0.00,0.000,5126,0.169,0.019,3235,1900,1549,1676,1423,0,0,0,0,0,0,26.34,26.50,28.83
$GC,2672,0.56,146.6,3235,1900,1676,1423,38.7,10.8,259,2682,0.00,2.00,0.00,0.000,260,0.000,0.032,3236,3278,1549,1675,1423,0,0,0,0,0,0,28.83,26.45,28.83
$GC,2760,0.56,146.6,3235,3278,1676,1423,29.9,10.4,267,2769,0.00,2.03,0.00,0.000,5126,0.000,0.021,3237,1889,1549,1676,1423,0,0,0,0,0,0,28.83,26.51,28.83
$GC,2799,0.56,146.6,3237,1887,1676,1423,25.8,10.1,271,2800,0.00,0.00,0.00,0.000,4102,0.000,0.000,3237,1887,1549,1675,1423,0,0,0,0,0,0,28.83,28.83,28.83
$GC,2829,0.56,146.6,3237,1887,1675,1423,22.8,10.2,274,2830,0.00,0.00,0.00,0.000,4102,0.000,0.000,3237,1887,1549,1676,1423,0,0,0,0,0,0,28.83,28.83,28.83
$GC,2860,0.56,146.6,3237,1887,1676,1423,20.0,9.6,277,2869,0.00,2.03,0.00,0.000,4356,0.000,0.031,3237,3278,1549,1675,1423,0,0,0,0,0,0,28.83,26.48,28.83
$GC,2895,0.56,146.6,3237,3278,1676,1423,16.6,9.7,280,2903,0.00,2.03,0.00,0.000,5126,0.000,0.021,3237,1890,1549,1676,1423,0,0,0,0,0,0,28.83,26.53,28.83
$GC,2934,0.56,146.6,3237,1889,1676,1423,12.9,9.1,284,2944,0.00,2.05,0.00,0.000,4612,0.000,0.040,3237,509,1549,1676,1423,0,0,0,0,0,0,28.83,26.46,28.83
$GC,2992,0.70,199.1,3237,509,1676,1423,8.8,7.6,289,3040,0.08,2.00,39.20,0.498,11270,0.067,0.020,3277,1894,1346,1477,1215,0,0,0,0,0,0,26.46,26.55,25.54
$STATE,3047,end climb,SURFACE_DEPTH_REACHED
$STATE,3047,begin surface coast
$FINISH,0.7,1.021808
$STATE,3070,end surface coast,CONTROL_FINISHED_OK
$STATE,3070,begin surface
$SM_CCo,3086,46.20,0.396,1,0,1143,250.20
$SM_GC,-5.60,8.43,0.15,46.20,0.062,0.066,0.396,241,2094,1143,-8.72,-1.95,250.20,0,0,0,0,1,0,26.14,26.20,25.30
$IRIDIUM_FIX,4726.11,-12228.52,070418,151530
$TT8_MAMPS,0.027713,0.027713
$HUMID,40.43
$INTERNAL_PRESSURE,8.45776
$TCM_TEMP,19.50
$XPDR_PINGS,1
$ALTIM_TOP_PING,20.0,8.8
$24V_AH,24.9,19.011
$10V_AH,10.5,8.346
$FG_AHR_24Vo,0.000
$FG_AHR_10Vo,0.000
$DEVICES,Pitch_motor,Roll_motor,VBD_pump_during_apogee,VBD_pump_during_surface,VBD_valve,Iridium_during_init,Iridium_during_connect,Iridium_during_xfer,Transponder_ping,GUMSTIX_24V,GPS,TT8,LPSleep,TT8_Active,TT8_Sampling,TT8_CF8,TT8_Kalman,Analog_circuits,GPS_charging,Compass,RAFOS,Transponder,Compass2
$DEVICE_SECS,20.375,57.250,267.575,46.200,0.000,46.926,60.428,191.293,2.250,0.000,44.448,851.650,937.184,421.422,1301.442,138.967,0.000,966.805,0.000,619.909,0.000,13.741,0.000
$DEVICE_MAMPS,252.450,77.265,576.810,395.505,0.000,43.600,160.000,223.000,420.000,0.000,28.460,13.960,2.190,13.960,37.930,44.670,0.000,16.000,0.000,15.730,0.000,30.000,0.000
$SENSORS,SBE_CT,SBE_O2,nil,nil,nil,nil,nil,nil,nil,nil
$SENSOR_SECS,197.803,747.064,0.000,0.000,0.000,0.000,0.000,0.000,0.000,0.000
$SENSOR_MAMPS,23.220,4.490,0.000,0.000,0.000,0.000,0.000,0.000,0.000,0.000
$MEM,354492
$DATA_FILE_SIZE,13521,297
$CAP_FILE_SIZE,90094,0
$CFSIZE,260165632,244867072
$ERRORS,0,0,0,0,0,0,0,0,0,0,0,0,0,1,0,0
$CURRENT,0.032,118.2,1
$GPS,110625,031229,4743.823,-12225.359,10,1.8,10,18.2
