version: 66.11
glider: 175
mission: 9
dive: 4
start: 5 30 125 21 40 39
data:
$ID,175
$MISSION,9
$DIVE,4
$N_DIVES,0
$D_SURF,3
$D_FLARE,3
$D_TGT,150
$D_ABORT,1090
$D_NO_BLEED,500
$D_BOOST,3
$T_BOOST,0
$D_FINISH,0
$D_PITCH,0
$D_SAFE,0
$D_CALL,0
$SURFACE_URGENCY,0
$SURFACE_URGENCY_TRY,0
$SURFACE_URGENCY_FORCE,0
$T_DIVE,50
$T_MISSION,65
$T_ABORT,1440
$T_TURN,300
$T_TURN_SAMPINT,5
$T_NO_W,120
$T_LOITER,0
$T_EPIRB,0
$USE_BATHY,0
$USE_ICE,0
$ICE_FREEZE_MARGIN,0.30000001
$D_OFFGRID,100
$T_WATCHDOG,10
$RELAUNCH,1
$APOGEE_PITCH,-8
$MAX_BUOY,150
$COURSE_BIAS,0
$GLIDE_SLOPE,30
$SPEED_FACTOR,1
$RHO,1.023
$MASS,51682
$MASS_COMP,0
$NAV_MODE,2
$FERRY_MAX,45
$KALMAN_USE,2
$HD_A,0.003
$HD_B,0.0099999998
$HD_C,9.9999997e-06
$HEADING,-1
$ESCAPE_HEADING,0
$ESCAPE_HEADING_DELTA,10
$FIX_MISSING_TIMEOUT,0
$TGT_DEFAULT_LAT,4743
$TGT_DEFAULT_LON,-12225
$TGT_AUTO_DEFAULT,0
$SM_CC,494.91199
$N_FILEKB,4
$FILEMGR,0
$CALL_NDIVES,1
$COMM_SEQ,0
$PROTOCOL,9
$N_NOCOMM,1
$NOCOMM_ACTION,0
$N_NOSURFACE,0
$UPLOAD_DIVES_MAX,-1
$CALL_TRIES,5
$CALL_WAIT,60
$CAPUPLOAD,1
$CAPMAXSIZE,200000
$HEAPDBG,0
$T_GPS,15
$N_GPS,30
$T_GPS_ALMANAC,0
$T_GPS_CHARGE,-34261.418
$T_RSLEEP,2
$STROBE,0
$RAFOS_PEAK_OFFSET,1.5
$RAFOS_CORR_THRESH,60
$RAFOS_HIT_WINDOW,3600
$PITCH_MIN,255
$PITCH_MAX,3935
$C_PITCH,3004
$PITCH_DBAND,0.0099999998
$PITCH_CNV,0.003125763
$P_OVSHOOT,0.039999999
$PITCH_GAIN,30
$PITCH_TIMEOUT,17
$PITCH_AD_RATE,160
$PITCH_MAXERRORS,1
$PITCH_ADJ_GAIN,0.02
$PITCH_ADJ_DBAND,2.5
$ROLL_MIN,171
$ROLL_MAX,3723
$ROLL_DEG,40
$C_ROLL_DIVE,1947
$C_ROLL_CLIMB,1947
$HEAD_ERRBAND,10
$ROLL_CNV,0.028270001
$ROLL_TIMEOUT,15
$R_PORT_OVSHOOT,75
$R_STBD_OVSHOOT,64
$ROLL_AD_RATE,300
$ROLL_MAXERRORS,2
$ROLL_ADJ_GAIN,0
$ROLL_ADJ_DBAND,0
$VBD_MIN,465
$VBD_MAX,3960
$C_VBD,2475
$VBD_DBAND,2
$VBD_CNV,-0.25119999
$VBD_TIMEOUT,720
$PITCH_VBD_SHIFT,0.0012300001
$VBD_PUMP_AD_RATE_SURFACE,5
$VBD_PUMP_AD_RATE_APOGEE,4
$VBD_BLEED_AD_RATE,8
$UNCOM_BLEED,60
$VBD_MAXERRORS,1
$W_ADJ_DBAND,2
$DBDW,0
$PITCH_W_GAIN,0
$PITCH_W_DBAND,1
$CF8_MAXERRORS,5
$AH0_24V,145
$AH0_10V,95
$MINV_24V,19
$MINV_10V,8
$FG_AHR_10V,0
$FG_AHR_24V,0
$PHONE_SUPPLY,2
$PRESSURE_YINT,-33.008354
$PRESSURE_SLOPE,0.0001165895
$AD7714Ch0Gain,128
$TCM_PITCH_OFFSET,0
$TCM_ROLL_OFFSET,0
$COMPASS_USE,4
$ALTIM_BOTTOM_PING_RANGE,0
$ALTIM_TOP_PING_RANGE,20
$ALTIM_BOTTOM_TURN_MARGIN,10
$ALTIM_TOP_TURN_MARGIN,0
$ALTIM_TOP_MIN_OBSTACLE,1
$ALTIM_PING_DEPTH,100
$ALTIM_PING_DELTA,5
$ALTIM_FREQUENCY,13
$ALTIM_PULSE,3
$ALTIM_SENSITIVITY,3
$XPDR_VALID,5
$XPDR_INHIBIT,90
$INT_PRESSURE_SLOPE,0.0097660003
$INT_PRESSURE_YINT,-0.40000001
$DEEPGLIDER,0
$DEEPGLIDERMB,0
$MOTHERBOARD,4
$DEVICE1,2
$DEVICE2,20
$DEVICE3,-1
$DEVICE4,-1
$DEVICE5,-1
$DEVICE6,-1
$LOGGERS,7
$LOGGERDEVICE1,-1
$LOGGERDEVICE2,-1
$LOGGERDEVICE3,-1
$LOGGERDEVICE4,-1
$COMPASS_DEVICE,33
$COMPASS2_DEVICE,-1
$PHONE_DEVICE,49
$GPS_DEVICE,32
$RAFOS_DEVICE,-1
$XPDR_DEVICE,24
$SIM_W,0
$SIM_PITCH,0
$SEABIRD_T_G,0.0043275012
$SEABIRD_T_H,0.0006214368
$SEABIRD_T_I,2.2085376e-05
$SEABIRD_T_J,2.2233748e-06
$SEABIRD_C_G,-10.084761
$SEABIRD_C_H,1.1595923
$SEABIRD_C_I,-0.0010180317
$SEABIRD_C_J,0.00017345669
$GPS1,300525,213705,4749.956,-12225.790,10,1.8,10,18.2
$_CALLS,1
$_XMS_NAKs,0
$_XMS_TOUTs,0
$_SM_DEPTHo,0.77
$_SM_ANGLEo,-69.2
$GPS2,300525,214011,4749.951,-12225.859,9,1.9,9,18.2
$SPEED_LIMITS,0.173,0.260
$TGT_NAME,NORTH_175
$TGT_LATLONG,4750.000,-12224.800
$TGT_RADIUS,200.000
$KALMAN_CONTROL,0.000,0.000
$KALMAN_X,0.0,0.0,0.0,0.0,0.0
$KALMAN_Y,0.0,0.0,0.0,0.0,0.0
$MHEAD_RNG_PITCHd_Wd,92.1,1321,-17.5,-10.000,-21.04,2225
$D_GRID,150
$GCHEAD,st_secs,pitch_ctl,vbd_ctl,pitch_ad_start,roll_ad_start,vbd_pot1_ad_start,vbd_pot2_ad_start,depth,ob_vertv,data_pts,end_secs,pitch_secs,roll_secs,vbd_secs,vbd_i,gcphase,pitch_i,roll_i,pitch_ad,roll_ad,vbd_ad,vbd_pot1_ad,vbd_pot2_ad,pitch_retries,pitch_errors,roll_retries,roll_errors,vbd_retries,vbd_errors,pitch_volts,roll_volts,vbd_volts
$STATE,13,end surface,CONTROL_FINISHED_OK
$STATE,13,begin dive
$GC,14,-0.76,-146.6,244,1945,541,452,0.0,0.0,0,100,0.00,0.00,-83.25,0.000,16386,0.000,0.000,244,1946,2836,2924,2749,0,0,0,0,0,0,28.83,28.83,28.83
$GC,103,-0.76,-146.6,244,1946,2924,2752,3.8,-6.5,8,122,9.68,2.12,-4.43,0.000,18948,0.224,0.055,2750,563,3064,3188,2940,0,0,0,0,0,0,26.12,26.40,26.70
$GC,158,-0.29,-146.6,2750,563,3194,2944,18.9,-26.4,13,168,0.47,2.03,0.00,0.000,3078,0.132,0.025,2903,1936,3070,3197,2944,0,0,0,0,0,0,26.27,26.46,28.83
$GC,196,-0.36,-146.6,2903,1936,3202,2944,23.5,-11.1,17,198,0.00,0.00,0.00,0.000,4102,0.000,0.000,2903,1936,3073,3202,2944,0,0,0,0,0,0,28.83,28.83,28.83
$GC,227,-0.56,-146.6,2903,1936,3202,2944,25.4,-6.2,20,229,0.22,0.00,0.00,0.000,4102,0.063,0.000,2807,1936,3073,3203,2944,0,0,0,0,0,0,26.50,28.83,28.83
$GC,257,-0.66,-146.6,2807,1936,3202,2944,28.1,-8.5,23,266,0.00,2.10,0.00,0.000,4356,0.000,0.037,2807,3345,3073,3202,2945,0,0,0,0,0,0,28.83,26.47,28.83
$GC,300,-0.66,-146.6,2806,3345,3203,2946,33.4,-12.0,27,309,0.00,1.95,0.00,0.000,5126,0.000,0.018,2806,1942,3074,3203,2946,0,0,0,0,0,0,28.83,26.55,28.83
$GC,340,-0.66,-146.6,2806,1940,3203,2946,37.9,-11.2,31,341,0.00,0.00,0.00,0.000,4102,0.000,0.000,2807,1940,3074,3203,2945,0,0,0,0,0,0,28.83,28.83,28.83
$GC,370,-0.66,-146.6,2806,1940,3203,2945,41.4,-11.8,34,380,0.00,2.10,0.00,0.000,4356,0.000,0.037,2807,3352,3074,3203,2946,0,0,0,0,0,0,28.83,26.51,28.83
$GC,434,-0.66,-146.6,2806,3352,3203,2946,49.4,-12.0,40,443,0.00,1.95,0.00,0.000,5126,0.000,0.019,2807,1947,3074,3203,2946,0,0,0,0,0,0,28.83,26.60,28.83
$GC,474,-0.66,-146.6,2806,1945,3203,2946,54.3,-12.3,44,475,0.00,0.00,0.00,0.000,4102,0.000,0.000,2807,1945,3074,3203,2946,0,0,0,0,0,0,28.83,28.83,28.83
$GC,504,-0.66,-146.6,2806,1945,3203,2946,58.0,-12.5,47,505,0.00,0.00,0.00,0.000,4102,0.000,0.000,2807,1945,3074,3203,2946,0,0,0,0,0,0,28.83,28.83,28.83
$GC,535,-0.66,-146.6,2806,1945,3203,2945,62.1,-13.3,50,544,0.00,2.08,0.00,0.000,4356,0.000,0.037,2807,3347,3074,3203,2946,0,0,0,0,0,0,28.83,26.55,28.83
$GC,567,-0.72,-146.6,2806,3347,3203,2946,66.5,-13.5,53,578,0.10,1.95,0.00,0.000,5126,0.099,0.018,2756,1938,3074,3203,2946,0,0,0,0,0,0,26.55,26.63,28.83
$GC,607,-0.72,-146.6,2756,1937,3203,2946,72.7,-15.5,57,618,0.08,2.00,0.00,0.000,2564,0.190,0.034,2771,574,3074,3203,2945,0,0,0,0,0,0,26.56,26.55,28.83
$GC,641,-0.72,-146.6,2771,574,3203,2945,78.7,-17.6,60,644,0.00,1.98,0.00,0.000,3078,0.000,0.024,2769,1961,3074,3203,2945,0,0,0,0,0,0,28.83,26.61,28.83
$GC,682,-0.72,-146.6,2768,1963,3203,2946,85.2,-15.8,64,691,0.00,2.05,0.00,0.000,2308,0.000,0.037,2767,3353,3074,3203,2946,0,0,0,0,0,0,28.83,26.58,28.83
$GC,718,-0.72,-146.6,2767,3353,3203,2946,90.3,-15.6,67,725,0.00,2.00,0.00,0.000,3078,0.000,0.018,2767,1944,3074,3203,2946,0,0,0,0,0,0,28.83,26.65,28.83
$GC,755,-0.72,-146.6,2767,1941,3203,2946,96.7,-15.8,71,756,0.00,0.00,0.00,0.000,2054,0.000,0.000,2767,1941,3074,3203,2946,0,0,0,0,0,0,28.83,28.83,28.83
$GC,788,-0.72,-146.6,2767,1941,3203,2945,101.3,-15.5,74,795,0.00,0.00,0.00,0.000,2054,0.000,0.000,2767,1941,3074,3203,2945,0,0,0,0,0,0,28.83,28.83,28.83
$GC,826,-0.72,-146.6,2767,1941,3203,2945,107.3,-15.0,78,827,0.00,0.00,0.00,0.000,2054,0.000,0.000,2767,1941,3073,3202,2945,0,0,0,0,0,0,28.83,28.83,28.83
$GC,855,-0.72,-146.6,2767,1941,3203,2945,111.9,-15.0,81,865,0.00,2.08,0.00,0.000,2308,0.000,0.037,2767,3344,3074,3203,2945,0,0,0,0,0,0,28.83,26.60,28.83
$GC,879,-0.72,-146.6,2768,3343,3204,2945,115.3,-15.1,83,888,0.00,1.98,0.00,0.000,3078,0.000,0.018,2768,1945,3074,3204,2945,0,0,0,0,0,0,28.83,26.67,28.83
$GC,918,-0.72,-146.6,2767,1944,3203,2945,121.4,-15.0,87,919,0.00,0.00,0.00,0.000,2054,0.000,0.000,2767,1944,3074,3203,2945,0,0,0,0,0,0,28.83,28.83,28.83
$GC,949,-0.72,-146.6,2767,1943,3203,2945,126.3,-16.1,90,950,0.00,0.00,0.00,0.000,2054,0.000,0.000,2767,1943,3074,3203,2945,0,0,0,0,0,0,28.83,28.83,28.83
$GC,978,-0.72,-146.6,2767,1943,3203,2946,131.0,-16.0,93,979,0.00,0.00,0.00,0.000,2054,0.000,0.000,2767,1943,3074,3203,2945,0,0,0,0,0,0,28.83,28.83,28.83
$GC,1008,-0.72,-146.6,2767,1943,3203,2945,135.4,-15.0,96,1009,0.00,0.00,0.00,0.000,2054,0.000,0.000,2767,1943,3074,3203,2945,0,0,0,0,0,0,28.83,28.83,28.83
$GC,1038,-0.72,-146.6,2767,1943,3203,2945,140.0,-15.3,99,1039,0.00,0.00,0.00,0.000,2054,0.000,0.000,2767,1943,3074,3203,2945,0,0,0,0,0,0,28.83,28.83,28.83
$GC,1069,-0.72,-146.6,2767,1943,3203,2946,144.5,-14.9,102,1070,0.00,0.00,0.00,0.000,2054,0.000,0.000,2767,1943,3074,3203,2945,0,0,0,0,0,0,28.83,28.83,28.83
$GC,1098,-0.72,-146.6,2767,1943,3203,2945,148.9,-14.7,105,1099,0.00,0.00,0.00,0.000,2054,0.000,0.000,2767,1943,3074,3203,2945,0,0,0,0,0,0,28.83,28.83,28.83
$STATE,1109,end dive,TARGET_DEPTH_EXCEEDED
$STATE,1109,begin apogee
$GC,1112,-0.27,0.0,2767,1943,3203,2945,150.4,-14.9,106,1231,0.43,0.00,113.47,0.562,10246,0.125,0.000,2908,1942,2474,2572,2376,0,0,0,0,0,0,26.48,28.83,25.03
$STATE,1232,end apogee,CONTROL_FINISHED_OK
$STATE,1232,begin climb
$GC,1234,0.76,146.6,2908,1942,2572,2375,158.1,0.0,118,1350,0.98,0.00,110.75,0.545,10758,0.090,0.000,3240,1942,1890,2000,1781,0,0,0,0,0,0,25.55,28.83,24.97
$GC,1379,0.76,215.3,3240,1942,1999,1776,153.4,6.8,133,1438,0.00,0.00,51.70,0.532,10246,0.000,0.000,3240,1942,1615,1745,1485,0,0,0,0,0,0,28.83,28.83,25.04
$GC,1469,0.76,215.3,3240,1942,1744,1480,144.4,11.2,142,1470,0.00,0.00,0.00,0.000,2054,0.000,0.000,3240,1942,1612,1744,1480,0,0,0,0,0,0,28.83,28.83,28.83
$GC,1498,0.76,215.3,3240,1942,1744,1478,140.7,12.3,145,1499,0.00,0.00,0.00,0.000,2054,0.000,0.000,3240,1942,1611,1744,1478,0,0,0,0,0,0,28.83,28.83,28.83
$GC,1528,0.76,215.3,3240,1942,1744,1477,137.2,12.0,148,1529,0.00,0.00,0.00,0.000,2054,0.000,0.000,3240,1942,1611,1744,1478,0,0,0,0,0,0,28.83,28.83,28.83
$GC,1558,0.76,215.3,3240,1942,1744,1477,133.9,11.1,151,1559,0.00,0.00,0.00,0.000,2054,0.000,0.000,3240,1942,1610,1744,1477,0,0,0,0,0,0,28.83,28.83,28.83
$GC,1589,0.76,215.3,3240,1942,1744,1477,130.6,10.8,154,1590,0.00,0.00,0.00,0.000,2054,0.000,0.000,3240,1942,1610,1744,1477,0,0,0,0,0,0,28.83,28.83,28.83
$GC,1618,0.76,215.3,3240,1942,1744,1477,127.1,11.5,157,1619,0.00,0.00,0.00,0.000,2054,0.000,0.000,3240,1942,1610,1744,1477,0,0,0,0,0,0,28.83,28.83,28.83
$GC,1648,0.76,215.3,3240,1942,1744,1477,124.0,10.9,160,1649,0.00,0.00,0.00,0.000,2054,0.000,0.000,3240,1942,1610,1744,1477,0,0,0,0,0,0,28.83,28.83,28.83
$GC,1678,0.76,215.3,3240,1942,1744,1476,120.5,11.2,163,1679,0.00,0.00,0.00,0.000,2054,0.000,0.000,3240,1942,1610,1744,1476,0,0,0,0,0,0,28.83,28.83,28.83
$GC,1709,0.76,215.3,3240,1942,1744,1476,117.3,10.8,166,1710,0.00,0.00,0.00,0.000,2054,0.000,0.000,3240,1942,1610,1744,1476,0,0,0,0,0,0,28.83,28.83,28.83
$GC,1738,0.76,215.3,3240,1942,1744,1476,113.9,11.3,169,1748,0.00,2.08,0.00,0.000,2308,0.000,0.034,3240,3350,1610,1744,1476,0,0,0,0,0,0,28.83,26.34,28.83
$GC,1763,0.76,215.3,3240,3350,1744,1476,111.2,11.4,171,1772,0.00,2.00,0.00,0.000,1030,0.000,0.018,3249,1965,1610,1744,1476,0,0,0,0,0,0,28.83,26.40,28.83
$GC,1802,0.70,215.3,3249,1964,1744,1476,106.5,12.0,175,1804,0.10,0.00,0.00,0.000,4102,0.176,0.000,3227,1963,1610,1744,1476,0,0,0,0,0,0,26.29,28.83,28.83
$GC,1832,0.70,215.3,3227,1963,1744,1476,103.0,11.6,178,1833,0.00,0.00,0.00,0.000,6,0.000,0.000,3227,1963,1609,1744,1475,0,0,0,0,0,0,28.83,28.83,28.83
$GC,1861,0.70,215.3,3227,1963,1744,1476,99.7,11.1,181,1862,0.00,0.00,0.00,0.000,6,0.000,0.000,3227,1963,1610,1744,1476,0,0,0,0,0,0,28.83,28.83,28.83
$GC,1891,0.70,215.3,3227,1963,1744,1476,96.6,10.2,184,1892,0.00,0.00,0.00,0.000,6,0.000,0.000,3227,1963,1610,1744,1476,0,0,0,0,0,0,28.83,28.83,28.83
$GC,1921,0.70,215.3,3227,1963,1744,1476,93.6,10.1,187,1925,0.00,2.05,0.00,0.000,516,0.000,0.037,3227,567,1610,1744,1476,0,0,0,0,0,0,28.83,26.44,28.83
$GC,1953,0.70,215.3,3227,564,1743,1476,90.5,10.1,190,1963,0.00,1.98,0.00,0.000,1030,0.000,0.020,3227,1970,1609,1743,1476,0,0,0,0,0,0,28.83,26.51,28.83
$GC,1993,0.70,215.3,3227,1970,1743,1475,86.4,10.2,194,1994,0.00,0.00,0.00,0.000,6,0.000,0.000,3227,1970,1609,1743,1475,0,0,0,0,0,0,28.83,28.83,28.83
$GC,2023,0.70,215.3,3227,1970,1743,1476,83.4,10.0,197,2033,0.00,1.98,0.00,0.000,260,0.000,0.033,3227,3331,1609,1743,1475,0,0,0,0,0,0,28.83,26.50,28.83
$GC,2056,0.70,215.3,3227,3330,1742,1475,80.1,9.9,200,2065,0.00,1.95,0.00,0.000,1030,0.000,0.019,3227,1936,1609,1743,1475,0,0,0,0,0,0,28.83,26.55,28.83
$GC,2096,0.70,215.3,3227,1936,1743,1475,76.6,9.0,204,2105,0.00,2.00,0.00,0.000,516,0.000,0.037,3227,569,1609,1743,1476,0,0,0,0,0,0,28.83,26.51,28.83
$GC,2131,0.70,215.3,3227,568,1743,1475,73.7,8.8,207,2139,0.00,1.98,0.00,0.000,1030,0.000,0.019,3227,1947,1609,1743,1475,0,0,0,0,0,0,28.83,26.58,28.83
$GC,2169,0.70,215.3,3227,1947,1743,1475,70.1,9.2,211,2171,0.00,0.00,0.00,0.000,6,0.000,0.000,3227,1947,1609,1743,1475,0,0,0,0,0,0,28.83,28.83,28.83
$GC,2200,0.70,215.3,3227,1947,1743,1475,67.5,8.7,214,2201,0.00,0.00,0.00,0.000,6,0.000,0.000,3227,1947,1609,1743,1475,0,0,0,0,0,0,28.83,28.83,28.83
$GC,2229,0.70,215.3,3227,1947,1743,1475,64.9,8.5,217,2230,0.00,0.00,0.00,0.000,6,0.000,0.000,3227,1947,1609,1743,1475,0,0,0,0,0,0,28.83,28.83,28.83
$GC,2259,0.70,215.3,3227,1947,1743,1475,62.5,8.2,220,2260,0.00,0.00,0.00,0.000,6,0.000,0.000,3227,1947,1608,1742,1475,0,0,0,0,0,0,28.83,28.83,28.83
$GC,2289,0.70,215.3,3227,1947,1743,1475,59.9,8.5,223,2290,0.00,0.00,0.00,0.000,6,0.000,0.000,3227,1947,1609,1743,1475,0,0,0,0,0,0,28.83,28.83,28.83
$GC,2320,0.70,215.3,3227,1947,1743,1475,57.3,8.7,226,2329,0.00,2.00,0.00,0.000,260,0.000,0.033,3227,3328,1609,1743,1475,0,0,0,0,0,0,28.83,26.58,28.83
$GC,2363,0.70,215.3,3227,3328,1743,1476,52.7,10.7,230,2372,0.00,1.92,0.00,0.000,1030,0.000,0.019,3227,1946,1609,1743,1475,0,0,0,0,0,0,28.83,26.63,28.83
$GC,2403,0.70,215.3,3227,1945,1742,1475,49.2,8.9,234,2404,0.00,0.00,0.00,0.000,6,0.000,0.000,3227,1945,1609,1743,1475,0,0,0,0,0,0,28.83,28.83,28.83
$GC,2432,0.70,215.3,3227,1945,1743,1475,46.3,9.5,237,2442,0.00,2.03,0.00,0.000,260,0.000,0.033,3227,3336,1608,1742,1475,0,0,0,0,0,0,28.83,26.60,28.83
$GC,2488,0.70,215.3,3227,3336,1744,1475,41.3,9.8,242,2497,0.00,1.98,0.00,0.000,1030,0.000,0.018,3227,1954,1609,1743,1475,0,0,0,0,0,0,28.83,26.66,28.83
$GC,2527,0.70,215.3,3227,1953,1743,1475,37.7,8.8,246,2537,0.00,2.03,0.00,0.000,516,0.000,0.037,3227,568,1609,1743,1475,0,0,0,0,0,0,28.83,26.60,28.83
$GC,2551,0.70,215.3,3227,568,1743,1475,35.7,8.7,248,2560,0.00,1.98,0.00,0.000,1030,0.000,0.019,3227,1951,1608,1742,1474,0,0,0,0,0,0,28.83,26.66,28.83
$GC,2590,0.76,265.3,3227,1951,1743,1475,32.6,7.7,252,2634,0.08,2.08,36.62,0.488,10500,0.129,0.033,3258,3325,1416,1557,1275,0,0,0,0,0,0,26.69,26.22,25.71
$GC,2654,0.76,265.3,3258,3325,1557,1274,26.1,11.2,258,2663,0.03,2.00,0.00,0.000,5126,0.181,0.019,3255,1950,1415,1557,1274,0,0,0,0,0,0,26.17,26.30,28.83
$GC,2693,0.76,265.3,3255,1949,1557,1272,21.8,10.7,262,2702,0.00,2.05,0.00,0.000,4612,0.000,0.037,3256,567,1414,1557,1272,0,0,0,0,0,0,28.83,26.29,28.83
$GC,2728,0.76,265.3,3255,566,1556,1271,18.1,10.4,265,2738,0.00,2.00,0.00,0.000,5126,0.000,0.020,3256,1941,1413,1556,1271,0,0,0,0,0,0,28.83,26.39,28.83
$GC,2766,0.76,265.3,3255,1942,1556,1270,13.8,10.9,269,2777,0.00,2.05,0.00,0.000,4356,0.000,0.033,3255,3339,1412,1556,1269,0,0,0,0,0,0,28.83,26.37,28.83
$GC,2810,0.76,265.3,3255,3339,1556,1269,9.0,11.3,273,2820,0.00,1.98,0.00,0.000,5126,0.000,0.019,3255,1940,1412,1556,1269,0,0,0,0,0,0,28.83,26.44,28.83
$GC,2850,0.76,265.3,3255,1938,1556,1269,4.7,10.7,277,2860,0.00,2.03,0.00,0.000,4612,0.000,0.037,3255,564,1412,1556,1269,0,0,0,0,0,0,28.83,26.41,28.83
$STATE,2872,end climb,SURFACE_DEPTH_REACHED
$STATE,2872,begin surface coast
$FINISH,0.3,1.021366
$STATE,2894,end surface coast,CONTROL_FINISHED_OK
$STATE,2894,begin surface
$SM_CCo,2910,160.77,0.441,1,0,503,495.12
$SM_GC,0.71,7.95,2.03,160.77,0.043,0.021,0.441,243,1936,503,-8.56,-1.84,495.12,0,0,0,0,1,0,26.44,26.47,25.08
$IRIDIUM_FIX,4729.30,-12212.55,270318,111132
$TT8_MAMPS,0.027713,0.027713
$HUMID,42.32
$INTERNAL_PRESSURE,8.4187
$TCM_TEMP,19.60
$XPDR_PINGS,5
$ALTIM_TOP_PING,19.4,18.9
$ALTIM_BOTTOM_PING,101.3,71.2
$24V_AH,25.0,0.357
$10V_AH,10.6,0.118
$FG_AHR_24Vo,0.000
$FG_AHR_10Vo,0.000
$DEVICES,Pitch_motor,Roll_motor,VBD_pump_during_apogee,VBD_pump_during_surface,VBD_valve,Iridium_during_init,Iridium_during_connect,Iridium_during_xfer,Transponder_ping,GUMSTIX_24V,GPS,TT8,LPSleep,TT8_Active,TT8_Sampling,TT8_CF8,TT8_Kalman,Analog_circuits,GPS_charging,Compass,RAFOS,Transponder,Compass2
$DEVICE_SECS,20.100,72.475,312.550,160.775,0.000,0.000,0.000,0.000,2.000,0.000,12.117,792.323,823.395,617.054,866.539,48.511,0.000,1157.442,0.000,562.495,0.000,7.251,0.000
$DEVICE_MAMPS,224.145,55.080,562.275,441.405,0.000,0.000,0.000,0.000,420.000,0.000,28.460,13.960,2.190,13.960,37.930,44.670,0.000,16.000,0.000,15.730,0.000,30.000,0.000
$SENSORS,SBE_CT,SBE_O2,nil,nil,nil,nil,nil,nil,nil,nil
$SENSOR_SECS,185.612,683.549,0.000,0.000,0.000,0.000,0.000,0.000,0.000,0.000
$SENSOR_MAMPS,23.220,4.490,0.000,0.000,0.000,0.000,0.000,0.000,0.000,0.000
$MEM,354664
$DATA_FILE_SIZE,13510,281
$CAP_FILE_SIZE,101997,0
$CFSIZE,260165632,256229376
$ERRORS,0,0,0,0,0,0,0,0,0,0,0,0,0,1,0,0
$CURRENT,0.034, 60.1,1
$GPS,300525,223303,4749.817,-12225.197,10,1.0,32,18.2
