version: 66.11
glider: 175
mission: 9
dive: 94
start: 6 3 125 5 57 33
data:
$ID,175
$MISSION,9
$DIVE,94
$N_DIVES,0
$D_SURF,3
$D_FLARE,3
$D_TGT,210
$D_ABORT,1090
$D_NO_BLEED,500
$D_BOOST,3
$T_BOOST,0
$D_FINISH,0
$D_PITCH,0
$D_SAFE,0
$D_CALL,0
$SURFACE_URGENCY,0
$SURFACE_URGENCY_TRY,0
$SURFACE_URGENCY_FORCE,0
$T_DIVE,70
$T_MISSION,85
$T_ABORT,1440
$T_TURN,300
$T_TURN_SAMPINT,5
$T_NO_W,120
$T_LOITER,0
$T_EPIRB,0
$USE_BATHY,0
$USE_ICE,0
$ICE_FREEZE_MARGIN,0.30000001
$D_OFFGRID,100
$T_WATCHDOG,10
$RELAUNCH,1
$APOGEE_PITCH,-8
$MAX_BUOY,150
$COURSE_BIAS,0
$GLIDE_SLOPE,30
$SPEED_FACTOR,1
$RHO,1.023
$MASS,51902
$MASS_COMP,0
$NAV_MODE,2
$FERRY_MAX,45
$KALMAN_USE,2
$HD_A,0.003
$HD_B,0.0099999998
$HD_C,9.9999997e-06
$HEADING,-1
$ESCAPE_HEADING,0
$ESCAPE_HEADING_DELTA,10
$FIX_MISSING_TIMEOUT,0
$TGT_DEFAULT_LAT,4743
$TGT_DEFAULT_LON,-12225
$TGT_AUTO_DEFAULT,0
$SM_CC,250
$N_FILEKB,4
$FILEMGR,0
$CALL_NDIVES,1
$COMM_SEQ,0
$PROTOCOL,9
$N_NOCOMM,1
$NOCOMM_ACTION,0
$N_NOSURFACE,0
$UPLOAD_DIVES_MAX,-1
$CALL_TRIES,5
$CALL_WAIT,60
$CAPUPLOAD,1
$CAPMAXSIZE,200000
$HEAPDBG,0
$T_GPS,15
$N_GPS,30
$T_GPS_ALMANAC,0
$T_GPS_CHARGE,-34590.676
$T_RSLEEP,2
$STROBE,0
$RAFOS_PEAK_OFFSET,1.5
$RAFOS_CORR_THRESH,60
$RAFOS_HIT_WINDOW,3600
$PITCH_MIN,255
$PITCH_MAX,3935
$C_PITCH,3013
$PITCH_DBAND,0.0099999998
$PITCH_CNV,0.003125763
$P_OVSHOOT,0.039999999
$PITCH_GAIN,30
$PITCH_TIMEOUT,17
$PITCH_AD_RATE,160
$PITCH_MAXERRORS,1
$PITCH_ADJ_GAIN,0.02
$PITCH_ADJ_DBAND,2.5
$ROLL_MIN,171
$ROLL_MAX,3723
$ROLL_DEG,40
$C_ROLL_DIVE,2033
$C_ROLL_CLIMB,1891
$HEAD_ERRBAND,10
$ROLL_CNV,0.028270001
$ROLL_TIMEOUT,15
$R_PORT_OVSHOOT,61
$R_STBD_OVSHOOT,67
$ROLL_AD_RATE,300
$ROLL_MAXERRORS,2
$ROLL_ADJ_GAIN,0
$ROLL_ADJ_DBAND,0
$VBD_MIN,465
$VBD_MAX,3960
$C_VBD,2140
$VBD_DBAND,2
$VBD_CNV,-0.25119999
$VBD_TIMEOUT,720
$PITCH_VBD_SHIFT,0.0012300001
$VBD_PUMP_AD_RATE_SURFACE,5
$VBD_PUMP_AD_RATE_APOGEE,4
$VBD_BLEED_AD_RATE,8
$UNCOM_BLEED,60
$VBD_MAXERRORS,1
$W_ADJ_DBAND,2
$DBDW,0
$PITCH_W_GAIN,0
$PITCH_W_DBAND,1
$CF8_MAXERRORS,5
$AH0_24V,145
$AH0_10V,95
$MINV_24V,19
$MINV_10V,8
$FG_AHR_10V,0
$FG_AHR_24V,0
$PHONE_SUPPLY,2
$PRESSURE_YINT,-33.008354
$PRESSURE_SLOPE,0.0001165895
$AD7714Ch0Gain,128
$TCM_PITCH_OFFSET,0
$TCM_ROLL_OFFSET,0
$COMPASS_USE,4
$ALTIM_BOTTOM_PING_RANGE,0
$ALTIM_TOP_PING_RANGE,20
$ALTIM_BOTTOM_TURN_MARGIN,25
$ALTIM_TOP_TURN_MARGIN,0
$ALTIM_TOP_MIN_OBSTACLE,1
$ALTIM_PING_DEPTH,80
$ALTIM_PING_DELTA,5
$ALTIM_FREQUENCY,13
$ALTIM_PULSE,3
$ALTIM_SENSITIVITY,3
$XPDR_VALID,5
$XPDR_INHIBIT,90
$INT_PRESSURE_SLOPE,0.0097660003
$INT_PRESSURE_YINT,-0.40000001
$DEEPGLIDER,0
$DEEPGLIDERMB,0
$MOTHERBOARD,4
$DEVICE1,2
$DEVICE2,20
$DEVICE3,-1
$DEVICE4,-1
$DEVICE5,-1
$DEVICE6,-1
$LOGGERS,7
$LOGGERDEVICE1,-1
$LOGGERDEVICE2,-1
$LOGGERDEVICE3,-1
$LOGGERDEVICE4,-1
$COMPASS_DEVICE,33
$COMPASS2_DEVICE,-1
$PHONE_DEVICE,49
$GPS_DEVICE,32
$RAFOS_DEVICE,-1
$XPDR_DEVICE,24
$SIM_W,0
$SIM_PITCH,0
$SEABIRD_T_G,0.0043275012
$SEABIRD_T_H,0.0006214368
$SEABIRD_T_I,2.2085376e-05
$SEABIRD_T_J,2.2233748e-06
$SEABIRD_C_G,-10.084761
$SEABIRD_C_H,1.1595923
$SEABIRD_C_I,-0.0010180317
$SEABIRD_C_J,0.00017345669
$GPS1,030625,055258,4742.735,-12225.853,7,1.8,12,18.2
$_CALLS,1
$_XMS_NAKs,0
$_XMS_TOUTs,0
$_SM_DEPTHo,-0.41
$_SM_ANGLEo,-73.2
$GPS2,030625,055705,4742.662,-12225.869,15,1.8,15,18.2
$SPEED_LIMITS,0.173,0.260
$TGT_NAME,MID_175E
$TGT_LATLONG,4746.000,-12224.600
$TGT_RADIUS,300.000
$KALMAN_CONTROL,0.000,0.000
$KALMAN_X,0.0,0.0,0.0,0.0,0.0
$KALMAN_Y,0.0,0.0,0.0,0.0,0.0
$MHEAD_RNG_PITCHd_Wd,10.2,6380,-17.5,-10.000,-21.04,2225
$D_GRID,210
$GCHEAD,st_secs,pitch_ctl,vbd_ctl,pitch_ad_start,roll_ad_start,vbd_pot1_ad_start,vbd_pot2_ad_start,depth,ob_vertv,data_pts,end_secs,pitch_secs,roll_secs,vbd_secs,vbd_i,gcphase,pitch_i,roll_i,pitch_ad,roll_ad,vbd_ad,vbd_pot1_ad,vbd_pot2_ad,pitch_retries,pitch_errors,roll_retries,roll_errors,vbd_retries,vbd_errors,pitch_volts,roll_volts,vbd_volts
$STATE,12,end surface,CONTROL_FINISHED_OK
$STATE,12,begin dive
$GC,14,-0.76,-146.6,245,2095,1235,1034,0.0,0.0,0,78,0.00,0.00,-57.12,0.000,16390,0.000,0.000,246,2095,2726,2807,2645,0,0,0,0,0,0,28.83,28.83,26.41
$GC,80,-0.76,-146.6,245,2095,2807,2646,3.8,-10.5,6,98,9.70,0.00,0.00,0.000,2566,0.220,0.000,2759,2095,2732,2818,2647,0,0,0,0,0,0,25.82,28.83,28.83
$GC,129,-0.25,-146.6,2759,2095,2825,2646,16.4,-23.4,11,131,0.57,0.00,0.00,0.000,2054,0.145,0.000,2928,2095,2735,2825,2646,0,0,0,0,0,0,25.97,28.83,28.83
$GC,159,-0.25,-146.6,2928,2095,2829,2645,19.6,-12.5,14,160,0.00,0.00,0.00,0.000,2054,0.000,0.000,2928,2095,2737,2830,2645,0,0,0,0,0,0,28.83,28.83,28.83
$GC,190,-0.40,-146.6,2928,2095,2830,2645,21.0,-4.8,17,200,0.12,2.17,0.00,0.000,4612,0.090,0.031,2872,643,2737,2830,2644,0,0,0,0,0,0,26.22,26.19,28.83
$GC,257,-0.40,-146.6,2871,643,2830,2643,26.2,-8.7,23,266,0.00,2.05,0.00,0.000,3078,0.000,0.023,2871,2024,2736,2830,2643,0,0,0,0,0,0,28.83,26.28,28.83
$GC,295,-0.40,-146.6,2871,2024,2830,2643,30.0,-9.2,27,306,0.00,2.12,0.00,0.000,2308,0.000,0.039,2871,3436,2736,2830,2643,0,0,0,0,0,0,28.83,26.26,28.83
$GC,339,-0.46,-146.6,2871,3436,2830,2644,33.8,-8.6,31,350,0.00,2.00,0.00,0.000,5126,0.000,0.018,2871,2016,2737,2830,2644,0,0,0,0,0,0,28.83,26.34,28.83
$GC,380,-0.51,-146.6,2871,2016,2830,2644,37.4,-9.2,35,382,0.08,0.00,0.00,0.000,4102,0.125,0.000,2838,2015,2737,2830,2644,0,0,0,0,0,0,26.38,28.83,28.83
$GC,409,-0.51,-146.6,2837,2015,2830,2643,40.2,-8.6,38,419,0.00,2.00,0.00,0.000,2564,0.000,0.033,2837,653,2736,2830,2642,0,0,0,0,0,0,28.83,26.33,28.83
$GC,453,-0.51,-146.6,2837,653,2830,2642,44.7,-10.4,42,462,0.00,2.00,0.00,0.000,3078,0.000,0.023,2836,2038,2736,2830,2642,0,0,0,0,0,0,28.83,26.38,28.83
$GC,493,-0.51,-146.6,2836,2038,2830,2642,48.6,-9.7,46,494,0.00,0.00,0.00,0.000,2054,0.000,0.000,2836,2038,2736,2830,2642,0,0,0,0,0,0,28.83,28.83,28.83
$GC,523,-0.51,-146.6,2836,2038,2830,2642,51.7,-10.3,49,524,0.00,0.00,0.00,0.000,2054,0.000,0.000,2836,2038,2736,2830,2642,0,0,0,0,0,0,28.83,28.83,28.83
$GC,553,-0.51,-146.6,2836,2038,2830,2643,54.9,-10.8,52,554,0.00,0.00,0.00,0.000,2054,0.000,0.000,2836,2038,2736,2830,2642,0,0,0,0,0,0,28.83,28.83,28.83
$GC,583,-0.51,-146.6,2835,2038,2830,2642,58.4,-11.4,55,584,0.00,0.00,0.00,0.000,2054,0.000,0.000,2836,2038,2736,2830,2642,0,0,0,0,0,0,28.83,28.83,28.83
$GC,613,-0.51,-146.6,2836,2038,2830,2642,61.7,-11.1,58,614,0.00,0.00,0.00,0.000,2054,0.000,0.000,2836,2038,2736,2830,2643,0,0,0,0,0,0,28.83,28.83,28.83
$GC,643,-0.51,-146.6,2836,2038,2830,2642,64.7,-10.4,61,644,0.00,0.00,0.00,0.000,2054,0.000,0.000,2836,2038,2736,2831,2642,0,0,0,0,0,0,28.83,28.83,28.83
$GC,673,-0.51,-146.6,2836,2038,2830,2643,67.7,-10.0,64,683,0.00,2.00,0.00,0.000,2564,0.000,0.034,2836,662,2736,2830,2642,0,0,0,0,0,0,28.83,26.43,28.83
$STATE,803,end dive,BOTTOM_OBSTACLE_DETECTED
$STATE,803,begin apogee
$GC,809,-0.27,0.0,2836,1902,2830,2642,80.8,-10.3,76,933,0.28,0.00,118.70,0.522,10246,0.133,0.000,2924,1902,2138,2225,2052,0,0,0,0,0,0,26.34,28.83,24.96
$STATE,935,end apogee,CONTROL_FINISHED_OK
$STATE,935,begin climb
$GC,936,0.76,146.6,2924,1902,2224,2051,86.3,0.0,89,1052,1.00,0.00,111.97,0.504,10758,0.106,0.000,3250,1904,1555,1677,1434,0,0,0,0,0,0,25.44,28.83,24.84
$GC,1081,0.76,146.6,3250,1904,1676,1428,74.3,11.9,104,1082,0.00,0.00,0.00,0.000,2054,0.000,0.000,3250,1904,1552,1676,1428,0,0,0,0,0,0,28.83,28.83,28.83
$GC,1110,0.76,146.6,3250,1904,1676,1427,70.7,12.1,107,1121,0.00,2.12,0.00,0.000,2564,0.000,0.038,3251,528,1551,1676,1426,0,0,0,0,0,0,28.83,25.73,28.83
$GC,1136,0.76,146.6,3251,528,1673,1426,68.2,11.3,109,1144,0.00,2.03,0.00,0.000,3078,0.000,0.019,3251,1892,1550,1674,1426,0,0,0,0,0,0,28.83,25.86,28.83
$GC,1175,0.76,146.6,3251,1892,1674,1426,64.0,10.4,113,1177,0.00,0.00,0.00,0.000,2054,0.000,0.000,3251,1892,1550,1674,1426,0,0,0,0,0,0,28.83,28.83,28.83
$GC,1205,0.76,146.6,3251,1892,1673,1425,61.0,9.8,116,1214,0.00,2.10,0.00,0.000,2564,0.000,0.038,3251,523,1550,1674,1426,0,0,0,0,0,0,28.83,25.96,28.83
$GC,1227,0.76,146.6,3251,523,1673,1426,58.7,10.2,118,1236,0.00,1.98,0.00,0.000,3078,0.000,0.018,3251,1895,1549,1673,1425,0,0,0,0,0,0,28.83,26.06,28.83
$GC,1267,0.76,146.6,3251,1895,1673,1425,54.4,10.9,122,1276,0.00,2.05,0.00,0.000,2308,0.000,0.032,3251,3279,1549,1673,1425,0,0,0,0,0,0,28.83,26.08,28.83
$GC,1290,0.76,146.6,3251,3279,1673,1425,51.8,10.7,124,1299,0.00,1.98,0.00,0.000,3078,0.000,0.020,3252,1902,1549,1673,1425,0,0,0,0,0,0,28.83,26.13,28.83
$GC,1330,0.76,146.6,3251,1902,1673,1425,47.6,10.5,128,1331,0.00,0.00,0.00,0.000,2054,0.000,0.000,3252,1902,1549,1673,1425,0,0,0,0,0,0,28.83,28.83,28.83
$GC,1360,0.76,146.6,3251,1902,1673,1425,44.6,10.3,131,1370,0.00,2.10,0.00,0.000,2564,0.000,0.039,3252,513,1548,1673,1424,0,0,0,0,0,0,28.83,26.15,28.83
$GC,1383,0.76,146.6,3252,513,1673,1424,42.2,10.4,133,1392,0.00,1.98,0.00,0.000,3078,0.000,0.019,3251,1895,1548,1673,1424,0,0,0,0,0,0,28.83,26.23,28.83
$GC,1423,0.76,146.6,3251,1894,1673,1424,37.8,10.9,137,1432,0.00,2.05,0.00,0.000,2308,0.000,0.032,3251,3289,1547,1672,1423,0,0,0,0,0,0,28.83,26.22,28.83
$GC,1445,0.76,146.6,3251,3289,1673,1423,35.3,11.3,139,1455,0.00,2.00,0.00,0.000,3078,0.000,0.019,3252,1887,1548,1673,1423,0,0,0,0,0,0,28.83,26.27,28.83
$GC,1485,0.76,146.6,3251,1886,1673,1423,30.9,11.3,143,1486,0.00,0.00,0.00,0.000,2054,0.000,0.000,3252,1885,1548,1673,1423,0,0,0,0,0,0,28.83,28.83,28.83
$GC,1515,0.76,146.6,3251,1885,1672,1423,27.4,11.5,146,1516,0.00,0.00,0.00,0.000,2054,0.000,0.000,3252,1885,1547,1672,1423,0,0,0,0,0,0,28.83,28.83,28.83
$GC,1545,0.76,146.6,3251,1885,1673,1423,24.2,11.2,149,1546,0.00,0.00,0.00,0.000,2054,0.000,0.000,3252,1885,1547,1672,1423,0,0,0,0,0,0,28.83,28.83,28.83
$GC,1576,0.76,146.6,3251,1885,1673,1423,20.9,10.7,152,1577,0.00,0.00,0.00,0.000,2054,0.000,0.000,3251,1885,1548,1673,1423,0,0,0,0,0,0,28.83,28.83,28.83
$GC,1605,0.76,146.6,3251,1885,1673,1423,18.0,10.1,155,1609,0.00,2.10,0.00,0.000,2564,0.000,0.039,3251,513,1548,1673,1423,0,0,0,0,0,0,28.83,26.29,28.83
$GC,1627,0.76,146.6,3251,512,1673,1423,15.7,10.1,157,1636,0.00,1.98,0.00,0.000,3078,0.000,0.019,3251,1901,1548,1673,1423,0,0,0,0,0,0,28.83,26.37,28.83
$GC,1667,0.76,146.6,3251,1901,1673,1423,11.7,10.0,161,1676,0.00,2.05,0.00,0.000,2308,0.000,0.033,3252,3288,1548,1673,1423,0,0,0,0,0,0,28.83,26.35,28.83
$GC,1700,0.76,146.6,3251,3288,1673,1423,8.1,10.7,164,1709,0.00,2.00,0.00,0.000,3078,0.000,0.020,3252,1883,1547,1673,1422,0,0,0,0,0,0,28.83,26.40,28.83
$GC,1740,0.76,146.6,3251,1882,1672,1423,3.6,11.2,168,1741,0.00,0.00,0.00,0.000,2054,0.000,0.000,3251,1882,1548,1673,1423,0,0,0,0,0,0,28.83,28.83,28.83
$STATE,1748,end climb,SURFACE_DEPTH_REACHED
$STATE,1748,begin surface coast
$FINISH,0.3,1.021649
$STATE,1770,end surface coast,CONTROL_FINISHED_OK
$STATE,1770,begin surface
$SM_CCo,1785,82.35,0.426,1,0,1143,250.20
$SM_GC,-0.36,8.23,0.17,82.35,0.061,0.058,0.426,238,2085,1143,-8.60,-1.95,250.20,0,0,0,0,1,0,26.39,26.44,25.22
$IRIDIUM_FIX,4722.92,-12225.08,300318,181806
$TT8_MAMPS,0.027713,0.027713
$HUMID,39.09
$INTERNAL_PRESSURE,8.448
$TCM_TEMP,19.60
$XPDR_PINGS,0
$ALTIM_TOP_PING,19.9,20.6
$ALTIM_BOTTOM_PING,80.8,6.1
$24V_AH,24.8,6.683
$10V_AH,10.6,2.565
$FG_AHR_24Vo,0.000
$FG_AHR_10Vo,0.000
$DEVICES,Pitch_motor,Roll_motor,VBD_pump_during_apogee,VBD_pump_during_surface,VBD_valve,Iridium_during_init,Iridium_during_connect,Iridium_during_xfer,Transponder_ping,GUMSTIX_24V,GPS,TT8,LPSleep,TT8_Active,TT8_Sampling,TT8_CF8,TT8_Kalman,Analog_circuits,GPS_charging,Compass,RAFOS,Transponder,Compass2
$DEVICE_SECS,19.975,44.850,230.675,82.350,0.000,31.066,21.255,112.653,0.750,0.000,18.433,491.490,464.801,396.590,735.965,54.473,0.000,759.366,0.000,361.514,0.000,7.071,0.000
$DEVICE_MAMPS,220.320,58.140,521.730,426.105,0.000,43.600,160.000,223.000,420.000,0.000,28.460,13.960,2.190,13.960,37.930,44.670,0.000,16.000,0.000,15.730,0.000,30.000,0.000
$SENSORS,SBE_CT,SBE_O2,nil,nil,nil,nil,nil,nil,nil,nil
$SENSOR_SECS,112.240,425.789,0.000,0.000,0.000,0.000,0.000,0.000,0.000,0.000
$SENSOR_MAMPS,23.220,4.490,0.000,0.000,0.000,0.000,0.000,0.000,0.000,0.000
$MEM,354552
$DATA_FILE_SIZE,6874,171
$CAP_FILE_SIZE,56916,0
$CFSIZE,260165632,252911616
$ERRORS,0,0,0,0,0,0,0,0,0,0,0,0,0,1,0,0
$CURRENT,0.100,237.1,1
$GPS,030625,062929,4742.806,-12225.839,7,1.9,7,18.2
