version: 66.11
glider: 175
mission: 9
dive: 282
start: 6 10 125 5 57 16
data:
$ID,175
$MISSION,9
$DIVE,282
$N_DIVES,0
$D_SURF,3
$D_FLARE,3
$D_TGT,150
$D_ABORT,1090
$D_NO_BLEED,500
$D_BOOST,3
$T_BOOST,0
$D_FINISH,0
$D_PITCH,0
$D_SAFE,0
$D_CALL,0
$SURFACE_URGENCY,0
$SURFACE_URGENCY_TRY,0
$SURFACE_URGENCY_FORCE,0
$T_DIVE,50
$T_MISSION,65
$T_ABORT,1440
$T_TURN,300
$T_TURN_SAMPINT,5
$T_NO_W,120
$T_LOITER,0
$T_EPIRB,0
$USE_BATHY,0
$USE_ICE,0
$ICE_FREEZE_MARGIN,0.30000001
$D_OFFGRID,100
$T_WATCHDOG,10
$RELAUNCH,1
$APOGEE_PITCH,-8
$MAX_BUOY,150
$COURSE_BIAS,0
$GLIDE_SLOPE,30
$SPEED_FACTOR,1
$RHO,1.023
$MASS,51902
$MASS_COMP,0
$NAV_MODE,2
$FERRY_MAX,45
$KALMAN_USE,2
$HD_A,0.003
$HD_B,0.0099999998
$HD_C,9.9999997e-06
$HEADING,-1
$ESCAPE_HEADING,0
$ESCAPE_HEADING_DELTA,10
$FIX_MISSING_TIMEOUT,0
$TGT_DEFAULT_LAT,4743
$TGT_DEFAULT_LON,-12225
$TGT_AUTO_DEFAULT,0
$SM_CC,250
$N_FILEKB,4
$FILEMGR,0
$CALL_NDIVES,1
$COMM_SEQ,0
$PROTOCOL,9
$N_NOCOMM,1
$NOCOMM_ACTION,0
$N_NOSURFACE,0
$UPLOAD_DIVES_MAX,-1
$CALL_TRIES,5
$CALL_WAIT,60
$CAPUPLOAD,1
$CAPMAXSIZE,200000
$HEAPDBG,0
$T_GPS,15
$N_GPS,30
$T_GPS_ALMANAC,0
$T_GPS_CHARGE,-34868.047
$T_RSLEEP,2
$STROBE,0
$RAFOS_PEAK_OFFSET,1.5
$RAFOS_CORR_THRESH,60
$RAFOS_HIT_WINDOW,3600
$PITCH_MIN,255
$PITCH_MAX,3935
$C_PITCH,3053
$PITCH_DBAND,0.0099999998
$PITCH_CNV,0.003125763
$P_OVSHOOT,0.039999999
$PITCH_GAIN,30
$PITCH_TIMEOUT,17
$PITCH_AD_RATE,160
$PITCH_MAXERRORS,1
$PITCH_ADJ_GAIN,0.02
$PITCH_ADJ_DBAND,2.5
$ROLL_MIN,171
$ROLL_MAX,3723
$ROLL_DEG,40
$C_ROLL_DIVE,2033
$C_ROLL_CLIMB,1891
$HEAD_ERRBAND,10
$ROLL_CNV,0.028270001
$ROLL_TIMEOUT,15
$R_PORT_OVSHOOT,42
$R_STBD_OVSHOOT,62
$ROLL_AD_RATE,300
$ROLL_MAXERRORS,2
$ROLL_ADJ_GAIN,0
$ROLL_ADJ_DBAND,0
$VBD_MIN,465
$VBD_MAX,3960
$C_VBD,2140
$VBD_DBAND,2
$VBD_CNV,-0.25119999
$VBD_TIMEOUT,720
$PITCH_VBD_SHIFT,0.0012300001
$VBD_PUMP_AD_RATE_SURFACE,5
$VBD_PUMP_AD_RATE_APOGEE,4
$VBD_BLEED_AD_RATE,8
$UNCOM_BLEED,60
$VBD_MAXERRORS,1
$W_ADJ_DBAND,2
$DBDW,0
$PITCH_W_GAIN,0
$PITCH_W_DBAND,1
$CF8_MAXERRORS,5
$AH0_24V,145
$AH0_10V,95
$MINV_24V,19
$MINV_10V,8
$FG_AHR_10V,0
$FG_AHR_24V,0
$PHONE_SUPPLY,2
$PRESSURE_YINT,-33.008354
$PRESSURE_SLOPE,0.0001165895
$AD7714Ch0Gain,128
$TCM_PITCH_OFFSET,0
$TCM_ROLL_OFFSET,0
$COMPASS_USE,4
$ALTIM_BOTTOM_PING_RANGE,0
$ALTIM_TOP_PING_RANGE,20
$ALTIM_BOTTOM_TURN_MARGIN,25
$ALTIM_TOP_TURN_MARGIN,0
$ALTIM_TOP_MIN_OBSTACLE,1
$ALTIM_PING_DEPTH,120
$ALTIM_PING_DELTA,5
$ALTIM_FREQUENCY,13
$ALTIM_PULSE,3
$ALTIM_SENSITIVITY,3
$XPDR_VALID,5
$XPDR_INHIBIT,90
$INT_PRESSURE_SLOPE,0.0097660003
$INT_PRESSURE_YINT,-0.40000001
$DEEPGLIDER,0
$DEEPGLIDERMB,0
$MOTHERBOARD,4
$DEVICE1,2
$DEVICE2,20
$DEVICE3,-1
$DEVICE4,-1
$DEVICE5,-1
$DEVICE6,-1
$LOGGERS,7
$LOGGERDEVICE1,-1
$LOGGERDEVICE2,-1
$LOGGERDEVICE3,-1
$LOGGERDEVICE4,-1
$COMPASS_DEVICE,33
$COMPASS2_DEVICE,-1
$PHONE_DEVICE,49
$GPS_DEVICE,32
$RAFOS_DEVICE,-1
$XPDR_DEVICE,24
$SIM_W,0
$SIM_PITCH,0
$SEABIRD_T_G,0.0043275012
$SEABIRD_T_H,0.0006214368
$SEABIRD_T_I,2.2085376e-05
$SEABIRD_T_J,2.2233748e-06
$SEABIRD_C_G,-10.084761
$SEABIRD_C_H,1.1595923
$SEABIRD_C_I,-0.0010180317
$SEABIRD_C_J,0.00017345669
$GPS1,100625,055041,4748.404,-12225.188,8,2.0,8,18.2
$_CALLS,1
$_XMS_NAKs,0
$_XMS_TOUTs,0
$_SM_DEPTHo,-6.05
$_SM_ANGLEo,-74.8
$GPS2,100625,055646,4748.360,-12225.273,17,1.5,33,18.2
$SPEED_LIMITS,0.173,0.260
$TGT_NAME,NORTH_175
$TGT_LATLONG,4750.000,-12225.000
$TGT_RADIUS,200.000
$KALMAN_CONTROL,0.000,0.000
$KALMAN_X,0.0,0.0,0.0,0.0,0.0
$KALMAN_Y,0.0,0.0,0.0,0.0,0.0
$MHEAD_RNG_PITCHd_Wd,1.9,3055,-17.5,-10.000,-21.04,2225
$D_GRID,150
$GCHEAD,st_secs,pitch_ctl,vbd_ctl,pitch_ad_start,roll_ad_start,vbd_pot1_ad_start,vbd_pot2_ad_start,depth,ob_vertv,data_pts,end_secs,pitch_secs,roll_secs,vbd_secs,vbd_i,gcphase,pitch_i,roll_i,pitch_ad,roll_ad,vbd_ad,vbd_pot1_ad,vbd_pot2_ad,pitch_retries,pitch_errors,roll_retries,roll_errors,vbd_retries,vbd_errors,pitch_volts,roll_volts,vbd_volts
$STATE,13,end surface,CONTROL_FINISHED_OK
$STATE,13,begin dive
$GC,15,-0.76,-146.6,237,2057,1233,1034,0.0,0.0,0,78,0.00,0.00,-56.20,0.000,16390,0.000,0.000,237,2058,2726,2809,2644,0,0,0,0,0,0,28.83,28.83,26.46
$GC,81,-0.76,-146.6,237,2057,2808,2644,-1.4,-10.7,6,100,10.02,2.08,0.00,0.000,2308,0.224,0.030,2791,3428,2733,2821,2646,0,0,0,0,0,0,25.79,26.14,28.83
$GC,158,-0.63,-146.6,2791,3428,2828,2646,14.3,-14.0,13,166,0.17,2.10,0.00,0.000,3078,0.144,0.019,2847,1977,2737,2829,2646,0,0,0,0,0,0,25.99,26.24,28.83
$GC,197,-0.56,-146.6,2846,1974,2830,2644,18.7,-10.8,17,206,0.10,2.00,0.00,0.000,2564,0.171,0.033,2872,619,2737,2830,2644,0,0,0,0,0,0,26.14,26.20,28.83
$GC,253,-0.56,-146.6,2871,619,2830,2644,23.5,-8.3,22,262,0.00,2.08,0.00,0.000,1030,0.000,0.023,2872,2024,2737,2830,2644,0,0,0,0,0,0,28.83,26.29,28.83
$GC,294,-0.56,-146.6,2871,2024,2831,2644,26.4,-7.0,26,300,0.00,0.00,0.00,0.000,6,0.000,0.000,2872,2024,2737,2831,2644,0,0,0,0,0,0,28.83,28.83,28.83
$GC,332,-0.56,-146.6,2872,2024,2831,2644,29.2,-7.0,30,334,0.00,0.00,0.00,0.000,2054,0.000,0.000,2872,2024,2737,2831,2644,0,0,0,0,0,0,28.83,28.83,28.83
$GC,363,-0.56,-146.6,2872,2023,2831,2644,31.4,-7.2,33,364,0.00,0.00,0.00,0.000,2054,0.000,0.000,2872,2024,2737,2831,2644,0,0,0,0,0,0,28.83,28.83,28.83
$GC,393,-0.56,-146.6,2871,2024,2831,2644,33.5,-7.0,36,402,0.00,2.05,0.00,0.000,2564,0.000,0.034,2872,624,2737,2831,2644,0,0,0,0,0,0,28.83,26.32,28.83
$GC,469,-0.56,-146.6,2872,624,2831,2643,40.4,-9.7,43,479,0.00,2.08,0.00,0.000,1030,0.000,0.022,2872,2031,2737,2832,2643,0,0,0,0,0,0,28.83,26.41,28.83
$GC,509,-0.61,-146.6,2872,2031,2832,2643,44.3,-9.3,47,519,0.00,2.08,0.00,0.000,4356,0.000,0.037,2872,3432,2738,2833,2644,0,0,0,0,0,0,28.83,26.36,28.83
$GC,618,-0.67,-146.6,2872,3433,2833,2644,53.5,-8.5,57,627,0.08,2.08,0.00,0.000,5126,0.063,0.018,2827,1988,2738,2833,2644,0,0,0,0,0,0,26.39,26.48,28.83
$GC,656,-0.67,-146.6,2826,1987,2833,2643,57.3,-9.3,61,657,0.00,0.00,0.00,0.000,2054,0.000,0.000,2827,1987,2738,2833,2643,0,0,0,0,0,0,28.83,28.83,28.83
$GC,688,-0.67,-146.6,2826,1987,2833,2643,60.4,-10.3,64,695,0.00,0.00,0.00,0.000,2054,0.000,0.000,2826,1987,2738,2833,2643,0,0,0,0,0,0,28.83,28.83,28.83
$GC,727,-0.67,-146.6,2826,1987,2833,2643,64.4,-10.0,68,728,0.00,0.00,0.00,0.000,2054,0.000,0.000,2827,1987,2738,2833,2644,0,0,0,0,0,0,28.83,28.83,28.83
$GC,756,-0.67,-146.6,2826,1986,2833,2643,67.2,-9.7,71,757,0.00,0.00,0.00,0.000,2054,0.000,0.000,2827,1987,2738,2833,2643,0,0,0,0,0,0,28.83,28.83,28.83
$GC,786,-0.67,-146.6,2826,1987,2833,2644,70.0,-9.2,74,787,0.00,0.00,0.00,0.000,2054,0.000,0.000,2827,1987,2738,2833,2643,0,0,0,0,0,0,28.83,28.83,28.83
$GC,816,-0.67,-146.6,2826,1987,2833,2643,72.7,-8.9,77,817,0.00,0.00,0.00,0.000,2054,0.000,0.000,2827,1987,2738,2833,2643,0,0,0,0,0,0,28.83,28.83,28.83
$GC,847,-0.67,-146.6,2826,1987,2834,2643,75.6,-9.6,80,848,0.00,0.00,0.00,0.000,2054,0.000,0.000,2827,1987,2738,2833,2643,0,0,0,0,0,0,28.83,28.83,28.83
$GC,876,-0.67,-146.6,2826,1987,2833,2643,78.4,-9.3,83,878,0.00,0.00,0.00,0.000,2054,0.000,0.000,2827,1987,2738,2833,2643,0,0,0,0,0,0,28.83,28.83,28.83
$GC,906,-0.67,-146.6,2826,1987,2833,2643,81.1,-8.8,86,907,0.00,0.00,0.00,0.000,2054,0.000,0.000,2827,1987,2738,2833,2643,0,0,0,0,0,0,28.83,28.83,28.83
$GC,936,-0.67,-146.6,2826,1987,2833,2643,83.9,-9.3,89,937,0.00,0.00,0.00,0.000,2054,0.000,0.000,2827,1987,2738,2833,2643,0,0,0,0,0,0,28.83,28.83,28.83
$GC,968,-0.67,-146.6,2826,1987,2833,2643,86.8,-9.6,92,977,0.00,2.15,0.00,0.000,2308,0.000,0.037,2824,3434,2738,2833,2643,0,0,0,0,0,0,28.83,26.47,28.83
$GC,1003,-0.67,-146.6,2823,3434,2833,2644,90.3,-10.1,95,1012,0.00,2.00,0.00,0.000,3078,0.000,0.018,2824,2042,2738,2833,2643,0,0,0,0,0,0,28.83,26.55,28.83
$GC,1041,-0.67,-146.6,2823,2042,2833,2643,94.8,-11.0,99,1051,0.00,2.03,0.00,0.000,2564,0.000,0.034,2824,655,2737,2833,2642,0,0,0,0,0,0,28.83,26.49,28.83
$GC,1085,-0.67,-146.6,2823,655,2833,2642,99.9,-11.6,103,1096,0.00,1.98,0.00,0.000,3078,0.000,0.024,2823,2032,2737,2833,2642,0,0,0,0,0,0,28.83,26.53,28.83
$GC,1125,-0.67,-146.6,2823,2032,2834,2642,104.1,-10.3,107,1136,0.00,2.08,0.00,0.000,2308,0.000,0.038,2823,3427,2737,2833,2642,0,0,0,0,0,0,28.83,26.49,28.83
$GC,1161,-0.67,-146.6,2823,3427,2833,2642,107.1,-8.9,110,1169,0.00,2.00,0.00,0.000,3078,0.000,0.018,2823,2024,2737,2833,2642,0,0,0,0,0,0,28.83,26.58,28.83
$GC,1200,-0.67,-146.6,2823,2024,2833,2642,110.9,-9.5,114,1201,0.00,0.00,0.00,0.000,2054,0.000,0.000,2823,2024,2737,2833,2642,0,0,0,0,0,0,28.83,28.83,28.83
$GC,1230,-0.67,-146.6,2823,2024,2833,2642,114.0,-10.4,117,1231,0.00,0.00,0.00,0.000,2054,0.000,0.000,2823,2024,2737,2833,2642,0,0,0,0,0,0,28.83,28.83,28.83
$GC,1260,-0.67,-146.6,2823,2024,2833,2642,117.0,-9.9,120,1261,0.00,0.00,0.00,0.000,2054,0.000,0.000,2823,2024,2737,2833,2642,0,0,0,0,0,0,28.83,28.83,28.83
$GC,1293,-0.67,-146.6,2823,2024,2833,2642,120.3,-10.3,123,1300,0.00,0.00,0.00,0.000,2054,0.000,0.000,2823,2024,2738,2833,2643,0,0,0,0,0,0,28.83,28.83,28.83
$GC,1330,-0.67,-146.6,2823,2024,2833,2642,124.4,-10.4,127,1331,0.00,0.00,0.00,0.000,2054,0.000,0.000,2823,2024,2737,2833,2642,0,0,0,0,0,0,28.83,28.83,28.83
$GC,1360,-0.67,-146.6,2823,2024,2833,2642,127.2,-9.2,130,1361,0.00,0.00,0.00,0.000,2054,0.000,0.000,2823,2024,2737,2833,2642,0,0,0,0,0,0,28.83,28.83,28.83
$GC,1390,-0.67,-146.6,2823,2024,2833,2642,130.1,-9.9,133,1400,0.00,2.10,0.00,0.000,2308,0.000,0.038,2823,3427,2737,2833,2642,0,0,0,0,0,0,28.83,26.51,28.83
$GC,1434,-0.67,-146.6,2823,3427,2833,2643,134.3,-9.2,137,1444,0.00,1.95,0.00,0.000,3078,0.000,0.018,2823,2029,2737,2833,2642,0,0,0,0,0,0,28.83,26.60,28.83
$GC,1474,-0.67,-146.6,2823,2029,2833,2642,138.3,-9.7,141,1475,0.00,0.00,0.00,0.000,2054,0.000,0.000,2823,2029,2737,2833,2642,0,0,0,0,0,0,28.83,28.83,28.83
$GC,1505,-0.67,-146.6,2823,2029,2833,2642,141.0,-9.2,144,1514,0.00,1.98,0.00,0.000,2564,0.000,0.033,2823,661,2737,2833,2642,0,0,0,0,0,0,28.83,26.53,28.83
$GC,1548,-0.67,-146.6,2823,661,2833,2641,145.1,-9.7,148,1557,0.00,1.95,0.00,0.000,3078,0.000,0.023,2823,2034,2737,2833,2641,0,0,0,0,0,0,28.83,26.58,28.83
$GC,1589,-0.67,-146.6,2823,2034,2833,2641,149.0,-9.5,152,1598,0.00,2.00,0.00,0.000,2564,0.000,0.033,2824,658,2737,2833,2641,0,0,0,0,0,0,28.83,26.53,28.83
$STATE,1609,end dive,TARGET_DEPTH_EXCEEDED
$STATE,1610,begin apogee
$GC,1616,-0.27,0.0,2823,1901,2833,2641,151.2,-9.5,154,1742,0.43,0.00,119.62,0.581,10246,0.132,0.000,2960,1903,2139,2225,2054,0,0,0,0,0,0,26.35,28.83,24.95
$STATE,1744,end apogee,CONTROL_FINISHED_OK
$STATE,1744,begin climb
$GC,1746,0.76,146.6,2959,1902,2224,2053,154.6,0.0,167,1865,1.00,2.15,111.70,0.562,11012,0.094,0.037,3304,533,1555,1674,1436,0,0,0,0,0,0,25.48,25.37,24.86
$GC,1879,0.67,146.6,3304,533,1669,1435,139.3,15.0,180,1890,0.10,1.98,0.00,0.000,5126,0.151,0.019,3274,1902,1551,1668,1434,0,0,0,0,0,0,25.41,25.59,28.83
$GC,1920,0.61,146.6,3274,1902,1668,1432,133.1,15.2,184,1931,0.10,2.05,0.00,0.000,4356,0.171,0.031,3251,3277,1550,1668,1432,0,0,0,0,0,0,25.67,25.76,28.83
$GC,1944,0.61,146.6,3250,3277,1668,1430,129.5,15.0,186,1953,0.00,2.00,0.00,0.000,5126,0.000,0.020,3251,1904,1549,1668,1430,0,0,0,0,0,0,28.83,25.86,28.83
$GC,1984,0.61,146.6,3251,1903,1668,1429,124.7,12.2,190,1985,0.00,0.00,0.00,0.000,4102,0.000,0.000,3251,1903,1548,1668,1429,0,0,0,0,0,0,28.83,28.83,28.83
$GC,2014,0.61,146.6,3251,1902,1668,1429,121.2,11.4,193,2015,0.00,0.00,0.00,0.000,4102,0.000,0.000,3251,1903,1548,1668,1428,0,0,0,0,0,0,28.83,28.83,28.83
$GC,2044,0.61,146.6,3251,1903,1668,1428,117.4,12.4,196,2045,0.00,0.00,0.00,0.000,4102,0.000,0.000,3251,1903,1548,1668,1428,0,0,0,0,0,0,28.83,28.83,28.83
$GC,2074,0.61,146.6,3251,1903,1668,1428,113.9,11.8,199,2083,0.00,2.05,0.00,0.000,4356,0.000,0.031,3251,3273,1547,1668,1427,0,0,0,0,0,0,28.83,26.08,28.83
$GC,2099,0.61,146.6,3251,3272,1668,1427,111.1,12.0,201,2108,0.00,1.98,0.00,0.000,5126,0.000,0.020,3251,1890,1547,1668,1427,0,0,0,0,0,0,28.83,26.15,28.83
$GC,2137,0.61,146.6,3251,1888,1668,1427,106.0,12.7,205,2138,0.00,0.00,0.00,0.000,4102,0.000,0.000,3251,1888,1547,1668,1427,0,0,0,0,0,0,28.83,28.83,28.83
$GC,2167,0.61,146.6,3251,1888,1668,1427,102.6,11.5,208,2168,0.00,0.00,0.00,0.000,4102,0.000,0.000,3251,1888,1547,1668,1427,0,0,0,0,0,0,28.83,28.83,28.83
$GC,2196,0.61,146.6,3251,1889,1668,1427,99.3,11.3,211,2198,0.00,0.00,0.00,0.000,4102,0.000,0.000,3251,1888,1547,1668,1427,0,0,0,0,0,0,28.83,28.83,28.83
$GC,2228,0.61,146.6,3250,1888,1668,1426,96.0,11.1,214,2235,0.00,0.00,0.00,0.000,4102,0.000,0.000,3251,1888,1547,1668,1426,0,0,0,0,0,0,28.83,28.83,28.83
$GC,2266,0.61,146.6,3251,1888,1668,1426,91.8,10.6,218,2268,0.00,0.00,0.00,0.000,4102,0.000,0.000,3251,1888,1547,1668,1426,0,0,0,0,0,0,28.83,28.83,28.83
$GC,2297,0.61,146.6,3251,1887,1668,1426,88.5,10.7,221,2298,0.00,0.00,0.00,0.000,4102,0.000,0.000,3251,1887,1547,1668,1426,0,0,0,0,0,0,28.83,28.83,28.83
$GC,2326,0.61,146.6,3251,1887,1668,1426,85.5,10.3,224,2337,0.00,2.10,0.00,0.000,4612,0.000,0.038,3251,504,1547,1668,1426,0,0,0,0,0,0,28.83,26.25,28.83
$GC,2341,0.61,146.6,3251,504,1668,1426,84.6,10.1,225,2350,0.00,2.03,0.00,0.000,5126,0.000,0.019,3251,1887,1546,1667,1426,0,0,0,0,0,0,28.83,26.34,28.83
$GC,2381,0.61,146.6,3251,1887,1667,1426,79.7,11.4,229,2382,0.00,0.00,0.00,0.000,4102,0.000,0.000,3251,1887,1546,1667,1426,0,0,0,0,0,0,28.83,28.83,28.83
$GC,2410,0.61,146.6,3251,1887,1667,1426,76.5,10.7,232,2411,0.00,0.00,0.00,0.000,4102,0.000,0.000,3251,1887,1546,1667,1426,0,0,0,0,0,0,28.83,28.83,28.83
$GC,2440,0.61,146.6,3251,1887,1667,1426,73.1,11.1,235,2441,0.00,0.00,0.00,0.000,4102,0.000,0.000,3251,1887,1546,1666,1426,0,0,0,0,0,0,28.83,28.83,28.83
$GC,2470,0.61,146.6,3251,1887,1667,1426,69.7,11.4,238,2471,0.00,0.00,0.00,0.000,4102,0.000,0.000,3251,1887,1546,1667,1426,0,0,0,0,0,0,28.83,28.83,28.83
$GC,2500,0.61,146.6,3251,1887,1667,1426,66.3,11.1,241,2510,0.00,2.05,0.00,0.000,4356,0.000,0.032,3251,3286,1546,1667,1426,0,0,0,0,0,0,28.83,26.36,28.83
$GC,2525,0.61,146.6,3251,3287,1667,1426,63.6,11.5,243,2533,0.00,2.05,0.00,0.000,5126,0.000,0.020,3251,1879,1546,1667,1426,0,0,0,0,0,0,28.83,26.41,28.83
$GC,2565,0.61,146.6,3251,1878,1667,1426,58.7,12.0,247,2572,0.00,0.00,0.00,0.000,4102,0.000,0.000,3251,1878,1546,1667,1425,0,0,0,0,0,0,28.83,28.83,28.83
$GC,2603,0.61,146.6,3251,1878,1667,1426,54.0,11.6,251,2604,0.00,0.00,0.00,0.000,4102,0.000,0.000,3251,1878,1546,1667,1426,0,0,0,0,0,0,28.83,28.83,28.83
$GC,2633,0.61,146.6,3251,1878,1667,1426,50.8,11.2,254,2643,0.00,2.08,0.00,0.000,4356,0.000,0.031,3251,3295,1546,1667,1426,0,0,0,0,0,0,28.83,26.41,28.83
$GC,2689,0.61,146.6,3251,3295,1667,1425,45.2,10.2,259,2698,0.00,1.98,0.00,0.000,5126,0.000,0.019,3251,1890,1546,1667,1425,0,0,0,0,0,0,28.83,26.46,28.83
$GC,2728,0.66,191.0,3251,1890,1667,1425,42.0,8.0,263,2767,0.00,0.00,33.47,0.506,10246,0.000,0.000,3252,1890,1377,1504,1250,0,0,0,0,0,0,28.83,28.83,25.51
$GC,2798,0.66,191.0,3251,1890,1504,1246,36.5,8.1,270,2799,0.00,0.00,0.00,0.000,2054,0.000,0.000,3251,1890,1375,1504,1246,0,0,0,0,0,0,28.83,28.83,28.83
$GC,2828,0.66,191.0,3251,1890,1504,1245,34.0,8.5,273,2837,0.00,2.05,0.00,0.000,2564,0.000,0.038,3251,523,1374,1504,1245,0,0,0,0,0,0,28.83,26.14,28.83
$GC,2850,0.66,191.0,3251,523,1502,1245,32.2,8.3,275,2854,0.00,1.98,0.00,0.000,3078,0.000,0.019,3251,1899,1373,1502,1245,0,0,0,0,0,0,28.83,26.22,28.83
$GC,2893,0.66,191.0,3251,1900,1502,1245,28.4,8.9,279,2894,0.00,0.00,0.00,0.000,2054,0.000,0.000,3251,1900,1373,1502,1245,0,0,0,0,0,0,28.83,28.83,28.83
$GC,2922,0.66,191.0,3251,1900,1502,1244,25.8,8.8,282,2923,0.00,0.00,0.00,0.000,2054,0.000,0.000,3251,1900,1373,1502,1244,0,0,0,0,0,0,28.83,28.83,28.83
$GC,2953,0.71,234.9,3251,1900,1502,1244,23.5,8.0,285,2994,0.10,0.00,32.90,0.490,10246,0.118,0.000,3287,1900,1202,1330,1075,0,0,0,0,0,0,26.28,28.83,25.37
$GC,3023,0.71,234.9,3287,1900,1330,1071,13.7,16.4,292,3033,0.00,2.10,0.00,0.000,4612,0.000,0.037,3290,516,1200,1329,1071,0,0,0,0,0,0,28.83,26.00,28.83
$GC,3038,0.71,234.9,3289,515,1330,1071,12.3,16.4,293,3046,0.00,2.03,0.00,0.000,5126,0.000,0.019,3289,1890,1199,1329,1070,0,0,0,0,0,0,28.83,26.08,28.83
$GC,3078,0.71,234.9,3290,1890,1329,1069,5.5,15.2,297,3085,0.00,0.00,0.00,0.000,4102,0.000,0.000,3290,1890,1199,1329,1069,0,0,0,0,0,0,28.83,28.83,28.83
$STATE,3095,end climb,SURFACE_DEPTH_REACHED
$STATE,3095,begin surface coast
$FINISH,0.3,1.022139
$STATE,3116,end surface coast,CONTROL_FINISHED_OK
$STATE,3117,begin surface
$SM_CCo,3133,20.00,0.283,1,0,1143,250.20
$SM_GC,-4.76,8.45,0.17,20.00,0.063,0.058,0.283,241,2100,1143,-8.70,-1.53,250.20,0,0,0,0,1,0,26.17,26.22,25.46
$IRIDIUM_FIX,4729.30,-12225.81,060418,181832
$TT8_MAMPS,0.027713,0.027713
$HUMID,40.31
$INTERNAL_PRESSURE,8.45776
$TCM_TEMP,19.60
$XPDR_PINGS,2
$ALTIM_TOP_PING,18.8,8.9
$ALTIM_BOTTOM_PING,120.3,56.4
$24V_AH,24.9,17.716
$10V_AH,10.6,7.729
$FG_AHR_24Vo,0.000
$FG_AHR_10Vo,0.000
$DEVICES,Pitch_motor,Roll_motor,VBD_pump_during_apogee,VBD_pump_during_surface,VBD_valve,Iridium_during_init,Iridium_during_connect,Iridium_during_xfer,Transponder_ping,GUMSTIX_24V,GPS,TT8,LPSleep,TT8_Active,TT8_Sampling,TT8_CF8,TT8_Kalman,Analog_circuits,GPS_charging,Compass,RAFOS,Transponder,Compass2
$DEVICE_SECS,20.550,73.400,297.700,20.000,0.000,26.987,19.347,194.609,1.250,0.000,36.373,856.962,874.103,457.564,1214.125,139.208,0.000,1034.316,0.000,598.817,0.000,7.188,0.000
$DEVICE_MAMPS,224.145,140.760,581.400,283.050,0.000,43.600,160.000,223.000,420.000,0.000,28.460,13.960,2.190,13.960,37.930,44.670,0.000,16.000,0.000,15.730,0.000,30.000,0.000
$SENSORS,SBE_CT,SBE_O2,nil,nil,nil,nil,nil,nil,nil,nil
$SENSOR_SECS,199.201,756.393,0.000,0.000,0.000,0.000,0.000,0.000,0.000,0.000
$SENSOR_MAMPS,23.220,4.490,0.000,0.000,0.000,0.000,0.000,0.000,0.000,0.000
$MEM,354500
$DATA_FILE_SIZE,13449,301
$CAP_FILE_SIZE,95284,0
$CFSIZE,260165632,245714944
$ERRORS,0,0,0,0,0,0,0,0,0,0,0,0,0,1,0,0
$CURRENT,0.065,325.9,1
$GPS,100625,065103,4748.858,-12225.169,8,1.0,30,18.2
