version: 66.11
glider: 175
mission: 6
dive: 14
start: 5 31 124 23 13 2
data:
$ID,175
$MISSION,6
$DIVE,14
$N_DIVES,0
$D_SURF,3
$D_FLARE,3
$D_TGT,60
$D_ABORT,1090
$D_NO_BLEED,50
$D_BOOST,3
$T_BOOST,0
$D_FINISH,0
$D_PITCH,0
$D_SAFE,0
$D_CALL,0
$SURFACE_URGENCY,0
$SURFACE_URGENCY_TRY,0
$SURFACE_URGENCY_FORCE,0
$T_DIVE,20
$T_MISSION,35
$T_ABORT,1440
$T_TURN,300
$T_TURN_SAMPINT,5
$T_NO_W,120
$T_LOITER,0
$T_EPIRB,0
$USE_BATHY,0
$USE_ICE,0
$ICE_FREEZE_MARGIN,0.30000001
$D_OFFGRID,100
$T_WATCHDOG,10
$RELAUNCH,1
$APOGEE_PITCH,-8
$MAX_BUOY,150
$COURSE_BIAS,0
$GLIDE_SLOPE,30
$SPEED_FACTOR,1
$RHO,1.023
$MASS,51682
$MASS_COMP,0
$NAV_MODE,2
$FERRY_MAX,45
$KALMAN_USE,2
$HD_A,0.003
$HD_B,0.0099999998
$HD_C,9.9999997e-06
$HEADING,-1
$ESCAPE_HEADING,0
$ESCAPE_HEADING_DELTA,10
$FIX_MISSING_TIMEOUT,0
$TGT_DEFAULT_LAT,4743
$TGT_DEFAULT_LON,-12225
$TGT_AUTO_DEFAULT,0
$SM_CC,551
$N_FILEKB,4
$FILEMGR,0
$CALL_NDIVES,1
$COMM_SEQ,0
$PROTOCOL,9
$N_NOCOMM,1
$NOCOMM_ACTION,0
$N_NOSURFACE,0
$UPLOAD_DIVES_MAX,-1
$CALL_TRIES,5
$CALL_WAIT,60
$CAPUPLOAD,1
$CAPMAXSIZE,200000
$HEAPDBG,0
$T_GPS,15
$N_GPS,30
$T_GPS_ALMANAC,0
$T_GPS_CHARGE,-30223.396
$T_RSLEEP,2
$STROBE,0
$RAFOS_PEAK_OFFSET,1.5
$RAFOS_CORR_THRESH,60
$RAFOS_HIT_WINDOW,3600
$PITCH_MIN,146
$PITCH_MAX,3935
$C_PITCH,2961
$PITCH_DBAND,0.0099999998
$PITCH_CNV,0.003125763
$P_OVSHOOT,0.039999999
$PITCH_GAIN,30
$PITCH_TIMEOUT,17
$PITCH_AD_RATE,160
$PITCH_MAXERRORS,1
$PITCH_ADJ_GAIN,0.02
$PITCH_ADJ_DBAND,2.5
$ROLL_MIN,171
$ROLL_MAX,3723
$ROLL_DEG,40
$C_ROLL_DIVE,2161
$C_ROLL_CLIMB,1962
$HEAD_ERRBAND,10
$ROLL_CNV,0.028270001
$ROLL_TIMEOUT,15
$R_PORT_OVSHOOT,69
$R_STBD_OVSHOOT,71
$ROLL_AD_RATE,300
$ROLL_MAXERRORS,2
$ROLL_ADJ_GAIN,0
$ROLL_ADJ_DBAND,0
$VBD_MIN,465
$VBD_MAX,3960
$C_VBD,2701
$VBD_DBAND,2
$VBD_CNV,-0.25119999
$VBD_TIMEOUT,720
$PITCH_VBD_SHIFT,0.0012300001
$VBD_PUMP_AD_RATE_SURFACE,5
$VBD_PUMP_AD_RATE_APOGEE,4
$VBD_BLEED_AD_RATE,8
$UNCOM_BLEED,60
$VBD_MAXERRORS,1
$W_ADJ_DBAND,2
$DBDW,0
$PITCH_W_GAIN,0
$PITCH_W_DBAND,1
$CF8_MAXERRORS,5
$AH0_24V,145
$AH0_10V,95
$MINV_24V,19
$MINV_10V,8
$FG_AHR_10V,0
$FG_AHR_24V,0
$PHONE_SUPPLY,2
$PRESSURE_YINT,-39.48082
$PRESSURE_SLOPE,0.0001165895
$AD7714Ch0Gain,128
$TCM_PITCH_OFFSET,0
$TCM_ROLL_OFFSET,0
$COMPASS_USE,4
$ALTIM_BOTTOM_PING_RANGE,0
$ALTIM_TOP_PING_RANGE,20
$ALTIM_BOTTOM_TURN_MARGIN,10
$ALTIM_TOP_TURN_MARGIN,0
$ALTIM_TOP_MIN_OBSTACLE,1
$ALTIM_PING_DEPTH,40
$ALTIM_PING_DELTA,5
$ALTIM_FREQUENCY,13
$ALTIM_PULSE,3
$ALTIM_SENSITIVITY,3
$XPDR_VALID,5
$XPDR_INHIBIT,90
$INT_PRESSURE_SLOPE,0.0097660003
$INT_PRESSURE_YINT,-0.40000001
$DEEPGLIDER,0
$DEEPGLIDERMB,0
$MOTHERBOARD,4
$DEVICE1,2
$DEVICE2,20
$DEVICE3,-1
$DEVICE4,-1
$DEVICE5,-1
$DEVICE6,-1
$LOGGERS,7
$LOGGERDEVICE1,-1
$LOGGERDEVICE2,-1
$LOGGERDEVICE3,-1
$LOGGERDEVICE4,-1
$COMPASS_DEVICE,33
$COMPASS2_DEVICE,-1
$PHONE_DEVICE,49
$GPS_DEVICE,32
$RAFOS_DEVICE,-1
$XPDR_DEVICE,24
$SIM_W,0
$SIM_PITCH,0
$SEABIRD_T_G,0.0043275012
$SEABIRD_T_H,0.0006214368
$SEABIRD_T_I,2.2085376e-05
$SEABIRD_T_J,2.2233748e-06
$SEABIRD_C_G,-10.084761
$SEABIRD_C_H,1.1595923
$SEABIRD_C_I,-0.0010180317
$SEABIRD_C_J,0.00017345669
$GPS1,310524,230916,4732.044,-12227.637,11,1.5,16,18.1
$_CALLS,1
$_XMS_NAKs,0
$_XMS_TOUTs,0
$_SM_DEPTHo,0.42
$_SM_ANGLEo,-66.5
$GPS2,310524,231234,4732.054,-12227.640,13,1.7,13,18.1
$SPEED_LIMITS,0.173,0.260
$TGT_NAME,end_175
$TGT_LATLONG,4733.000,-12225.000
$TGT_RADIUS,200.000
$KALMAN_CONTROL,0.000,0.000
$KALMAN_X,0.0,0.0,0.0,0.0,0.0
$KALMAN_Y,0.0,0.0,0.0,0.0,0.0
$MHEAD_RNG_PITCHd_Wd,49.2,3736,-17.5,-10.000,-21.04,2225
$D_GRID,60
$GCHEAD,st_secs,pitch_ctl,vbd_ctl,pitch_ad_start,roll_ad_start,vbd_pot1_ad_start,vbd_pot2_ad_start,depth,ob_vertv,data_pts,end_secs,pitch_secs,roll_secs,vbd_secs,vbd_i,gcphase,pitch_i,roll_i,pitch_ad,roll_ad,vbd_ad,vbd_pot1_ad,vbd_pot2_ad,pitch_retries,pitch_errors,roll_retries,roll_errors,vbd_retries,vbd_errors,pitch_volts,roll_volts,vbd_volts
$STATE,13,end surface,CONTROL_FINISHED_OK
$STATE,13,begin dive
$GC,14,-0.76,-146.6,140,2180,546,455,0.0,0.0,0,129,0.00,0.00,-107.80,0.000,16390,0.000,0.000,139,2181,3287,3385,3190,0,0,0,0,0,0,28.83,28.83,26.32
$GC,131,-0.76,-146.6,139,2181,3386,3191,3.5,-8.5,20,150,10.73,2.10,0.00,0.000,2564,0.230,0.028,2709,765,3293,3396,3191,0,0,0,0,0,0,25.08,25.89,28.83
$GC,350,-0.69,-146.6,1856,765,3392,3182,38.4,-11.9,49,358,0.08,2.05,0.00,0.000,3078,0.160,0.023,2731,2137,3296,3405,3187,0,0,0,0,0,0,25.71,26.06,28.83
$GC,477,-0.69,-146.6,2731,2137,3408,3185,45.1,-4.5,62,481,0.00,2.05,0.00,0.000,2564,0.000,0.031,2730,769,3297,3408,3186,0,0,0,0,0,0,28.83,26.01,28.83
$GC,496,-0.69,-146.6,2730,768,3408,3185,46.7,-6.5,63,503,0.00,2.10,0.00,0.000,3078,0.000,0.026,2729,2157,3296,3408,3185,0,0,0,0,0,0,28.83,26.06,28.83
$STATE,582,end dive,BOTTOM_OBSTACLE_DETECTED
$STATE,582,begin apogee
$GC,586,-0.27,0.0,2728,1899,3408,3185,58.5,-14.0,72,707,0.47,0.05,115.40,0.496,10246,0.140,0.059,2874,1989,2699,2787,2612,0,0,0,0,0,0,25.48,25.03,24.43
$STATE,708,end apogee,CONTROL_FINISHED_OK
$STATE,708,begin climb
$GC,709,0.76,146.6,2873,1990,2787,2612,64.3,0.0,84,834,0.98,2.12,114.45,0.480,11012,0.086,0.034,3200,3342,2115,2215,2015,0,0,0,0,0,0,25.20,25.09,24.30
$GC,866,0.76,146.6,3200,3342,2214,2013,53.5,10.7,100,870,0.00,2.05,0.00,0.000,3078,0.000,0.023,3200,1973,2113,2214,2012,0,0,0,0,0,0,28.83,25.41,28.83
$GC,991,0.76,146.6,3200,1969,2211,2010,41.5,10.1,112,992,0.00,0.00,0.00,0.000,2054,0.000,0.000,3200,1969,2110,2211,2010,0,0,0,0,0,0,28.83,28.83,28.83
$GC,1111,0.76,146.6,3200,1969,2209,2009,29.6,10.2,124,1115,0.00,2.15,0.00,0.000,2564,0.000,0.038,3209,560,2109,2209,2009,0,0,0,0,0,0,28.83,25.81,28.83
$GC,1197,0.76,146.6,3209,558,2205,2010,22.0,10.2,132,1201,0.00,2.03,0.00,0.000,5126,0.000,0.021,3209,1960,2107,2205,2010,0,0,0,0,0,0,28.83,26.01,28.83
$GC,1324,0.76,146.6,3209,1960,2205,2009,7.1,12.6,154,1330,0.00,0.00,0.00,0.000,4102,0.000,0.000,3209,1960,2107,2205,2009,0,0,0,0,0,0,28.83,28.83,28.83
$STATE,1361,end climb,SURFACE_DEPTH_REACHED
$STATE,1361,begin surface coast
$FINISH,0.1,1.022075
$STATE,1382,end surface coast,CONTROL_FINISHED_OK
$STATE,1382,begin surface
$SM_CCo,1397,277.65,0.425,1,0,507,551.13
$SM_GC,0.38,8.35,0.25,277.65,0.047,0.046,0.425,140,2206,507,-8.75,-1.78,551.13,0,0,0,0,1,0,25.98,26.24,24.37
$IRIDIUM_FIX,4713.38,-12227.05,280317,121215
$TT8_MAMPS,0.028462,0.028462
$HUMID,35.50
$INTERNAL_PRESSURE,8.68238
$TCM_TEMP,19.60
$XPDR_PINGS,29
$ALTIM_TOP_PING,19.0,18.9
$ALTIM_BOTTOM_PING,40.1,27.2
$24V_AH,24.3,29.372
$10V_AH,10.3,13.008
$FG_AHR_24Vo,0.000
$FG_AHR_10Vo,0.000
$DEVICES,Pitch_motor,Roll_motor,VBD_pump_during_apogee,VBD_pump_during_surface,VBD_valve,Iridium_during_init,Iridium_during_connect,Iridium_during_xfer,Transponder_ping,GUMSTIX_24V,GPS,TT8,LPSleep,TT8_Active,TT8_Sampling,TT8_CF8,TT8_Kalman,Analog_circuits,GPS_charging,Compass,RAFOS,Transponder,Compass2
$DEVICE_SECS,20.600,17.200,229.850,277.650,0.000,24.954,18.652,85.215,8.000,0.000,15.870,398.921,429.150,576.232,477.213,24.479,0.000,817.292,0.000,326.437,0.000,7.126,0.000
$DEVICE_MAMPS,229.500,58.905,495.720,425.340,0.000,43.600,160.000,223.000,420.000,0.000,28.460,13.960,2.190,13.960,37.930,44.670,0.000,16.000,0.000,15.730,0.000,30.000,0.000
$SENSORS,SBE_CT,SBE_O2,nil,nil,nil,nil,nil,nil,nil,nil
$SENSOR_SECS,107.909,0.000,0.000,0.000,0.000,0.000,0.000,0.000,0.000,0.000
$SENSOR_MAMPS,23.220,0.000,0.000,0.000,0.000,0.000,0.000,0.000,0.000,0.000
$MEM,328600
$DATA_FILE_SIZE,6852,165
$CAP_FILE_SIZE,31922,0
$CFSIZE,260165632,256159744
$ERRORS,0,0,0,0,0,0,0,0,0,0,0,0,0,1,0,0
$CURRENT,0.117, 40.3,1
$GPS,310524,234147,4732.210,-12227.327,9,1.9,9,18.1
