22:38:19 15 May 2024 UTC: INFO: BaseLog.py(120): Process id = 2964044
22:38:19 15 May 2024 UTC: INFO: Utils.py(1011): Basestation version: 3.0.2; QC version: 1.12
22:38:19 15 May 2024 UTC: INFO: Utils.py(1017): Python version 3.10.10
22:38:19 15 May 2024 UTC: INFO: Utils.py(1031): Numpy version 1.25.0
22:38:19 15 May 2024 UTC: INFO: Utils.py(1046): Scipy version 1.10.1
22:38:19 15 May 2024 UTC: INFO: Utils.py(1066): seawater version 3.3.4
22:38:19 15 May 2024 UTC: INFO: Reprocess.py(118): Started processing 22:38:19 15 May 2024 GMT
22:38:19 15 May 2024 UTC: INFO: Reprocess.py(180): Reprocessing dives ['/home/jails/uwssc/gliderjail/home/sg195/p1950007']
22:38:19 15 May 2024 UTC: WARNING: CalibConst.py(120): volmax value ignored. v3 Flight Model does not use this value. Add '% FM_ignore' to sg_calib_constants.m to suppress this warning. (Max message count exceeded)
22:38:19 15 May 2024 UTC: WARNING: CalibConst.py(120): rho0 value ignored. v3 Flight Model does not use this value. Add '% FM_ignore' to sg_calib_constants.m to suppress this warning. (Max message count exceeded)
22:38:19 15 May 2024 UTC: WARNING: CalibConst.py(120): hd_a value ignored. v3 Flight Model does not use this value. Add '% FM_ignore' to sg_calib_constants.m to suppress this warning. (Max message count exceeded)
22:38:19 15 May 2024 UTC: WARNING: CalibConst.py(120): hd_b value ignored. v3 Flight Model does not use this value. Add '% FM_ignore' to sg_calib_constants.m to suppress this warning. (Max message count exceeded)
22:38:19 15 May 2024 UTC: WARNING: CalibConst.py(120): hd_c value ignored. v3 Flight Model does not use this value. Add '% FM_ignore' to sg_calib_constants.m to suppress this warning. (Max message count exceeded)
22:38:19 15 May 2024 UTC: WARNING: CalibConst.py(120): abs_compress value ignored. v3 Flight Model does not use this value. Add '% FM_ignore' to sg_calib_constants.m to suppress this warning. (Max message count exceeded)
22:38:19 15 May 2024 UTC: WARNING: CalibConst.py(120): therm_expan value ignored. v3 Flight Model does not use this value. Add '% FM_ignore' to sg_calib_constants.m to suppress this warning. (Max message count exceeded)
22:38:19 15 May 2024 UTC: WARNING: CalibConst.py(120): temp_ref value ignored. v3 Flight Model does not use this value. Add '% FM_ignore' to sg_calib_constants.m to suppress this warning. (Max message count exceeded)
22:38:19 15 May 2024 UTC: INFO: Reprocess.py(254): Head = /home/jails/uwssc/gliderjail/home/sg195/p1950007
22:38:19 15 May 2024 UTC: INFO: Reprocess.py(267): Dive number = 7
22:38:19 15 May 2024 UTC: INFO: MakeDiveProfiles.py(1624): Loading data from original files
22:38:19 15 May 2024 UTC: INFO: MakeDiveProfiles.py(2553): Reprocessing - forcing recreation of netCDF file
22:38:19 15 May 2024 UTC: INFO: FlightModel.py(844): Updating FM parameters using per-dive estimations for dive 7 (1.00,1.00)
22:38:19 15 May 2024 UTC: INFO: MakeDiveProfiles.py(2593): FM: volmax=53235.7
22:38:19 15 May 2024 UTC: INFO: MakeDiveProfiles.py(2593): FM: vbdbias=153.118
22:38:19 15 May 2024 UTC: INFO: MakeDiveProfiles.py(2593): FM: hd_a=0.00199526
22:38:19 15 May 2024 UTC: INFO: MakeDiveProfiles.py(2593): FM: hd_b=0.0191095
22:38:19 15 May 2024 UTC: INFO: MakeDiveProfiles.py(2593): FM: hd_c=5.7e-06
22:38:19 15 May 2024 UTC: INFO: MakeDiveProfiles.py(2593): FM: hd_s=-0.25
22:38:19 15 May 2024 UTC: INFO: MakeDiveProfiles.py(2593): FM: abs_compress=2.9568e-06
22:38:19 15 May 2024 UTC: INFO: MakeDiveProfiles.py(2593): FM: therm_expan=7.05e-05
22:38:19 15 May 2024 UTC: INFO: MakeDiveProfiles.py(2593): FM: temp_ref=15
22:38:19 15 May 2024 UTC: INFO: MakeDiveProfiles.py(2593): FM: glider_length=1.8
22:38:19 15 May 2024 UTC: INFO: MakeDiveProfiles.py(2593): FM: rho0=1027.5
22:38:19 15 May 2024 UTC: INFO: MakeDiveProfiles.py(2613): auxcompass data not present, auxPressure data not present
22:38:19 15 May 2024 UTC: INFO: MakeDiveProfiles.py(2771): Not using auxcompass Not using auxPressure
22:38:19 15 May 2024 UTC: INFO: MakeDiveProfiles.py(2846): Directive: correct_thermal_inertia_effects
22:38:19 15 May 2024 UTC: INFO: MakeDiveProfiles.py(2846): Directive: detect_conductivity_anomalies
22:38:19 15 May 2024 UTC: INFO: MakeDiveProfiles.py(2846): Directive: no_interp_gc_temperatures
22:38:19 15 May 2024 UTC: INFO: MakeDiveProfiles.py(2846): Directive: no_interp_suspect_thermal_inertia_salinities
22:38:19 15 May 2024 UTC: INFO: MakeDiveProfiles.py(2846): Directive: detect_vbd_bleed
22:38:19 15 May 2024 UTC: INFO: MakeDiveProfiles.py(2846): Directive: detect_slow_apogee_flow
22:38:19 15 May 2024 UTC: INFO: MakeDiveProfiles.py(3741): ct_type:gun-style Seabird unpumped CTD
22:38:19 15 May 2024 UTC: INFO: MakeDiveProfiles.py(4827): Changed (1/201) 201 to QC_BAD because CT out of water
22:38:19 15 May 2024 UTC: WARNING: MakeDiveProfiles.py(4852): CTD out of the water after climb (0.067m)
22:38:19 15 May 2024 UTC: INFO: QC.py(517): Changed (44/201) 2 4 5 7:9 12 14 21 22 26 27 79 84:88 93 95 98:103 105:108 110 112 114 116 118 120:124 186 187 189 190 to QC_PROBABLY_BAD because raw temperature spikes
22:38:19 15 May 2024 UTC: INFO: QC.py(538): Changed (2/201) 200 201 to QC_BAD because raw salinity below bound
22:38:19 15 May 2024 UTC: INFO: QC.py(554): Changed (1/201) 200 to QC_BAD because bad raw salinity indicates raw conductivity issues
22:38:19 15 May 2024 UTC: INFO: QC.py(599): Changed (13/201) 4 6 7 10 13 17:20 22 84:86 to QC_PROBABLY_BAD because raw conductivity spikes
22:38:19 15 May 2024 UTC: INFO: QC.py(254): Changed (44/201) 2 4 5 7:9 12 14 21 22 26 27 79 84:88 93 95 98:103 105:108 110 112 114 116 118 120:124 186 187 189 190 to QC_PROBABLY_BAD because changed raw temp implies changed raw salinity
22:38:19 15 May 2024 UTC: INFO: QC.py(254): Changed (7/201) 6 10 13 17:20 to QC_PROBABLY_BAD because changed raw cond implies changed raw salinity
22:38:19 15 May 2024 UTC: INFO: QC.py(517): Changed (44/201) 2 4 5 7:9 12 14 21 22 26 27 79 84:88 93 95 98:103 105:108 110 112 114 116 118 120:124 186 187 189 190 to QC_INTERPOLATED because temperature spikes
22:38:19 15 May 2024 UTC: INFO: QC.py(538): Changed (2/201) 200 201 to QC_BAD because salinity below bound
22:38:19 15 May 2024 UTC: INFO: QC.py(554): Changed (1/201) 200 to QC_BAD because bad salinity indicates conductivity issues
22:38:19 15 May 2024 UTC: INFO: QC.py(599): Changed (13/201) 4 6 7 10 13 17:20 22 84:86 to QC_INTERPOLATED because conductivity spikes
22:38:19 15 May 2024 UTC: INFO: MakeDiveProfiles.py(5162): Changed (40/201) 96:135 to QC_BAD because slow apogee CT flow
22:38:19 15 May 2024 UTC: INFO: MakeDiveProfiles.py(5212): On the bottom at 53.5m for 8.0 minutes.
22:38:19 15 May 2024 UTC: INFO: MakeDiveProfiles.py(5223): Changed (17/201) 79:95 to QC_BAD because stuck on the bottom
22:38:19 15 May 2024 UTC: INFO: MakeDiveProfiles.py(5351): Changed (29/201) 1:29 to QC_BAD because during VBD bleed
22:38:19 15 May 2024 UTC: INFO: MakeDiveProfiles.py(5539): Changed (88/201) 1:29 79:135 200 201 to QC_BAD because bad corrected temperature and conductivity suggests bad salinity
22:38:19 15 May 2024 UTC: INFO: MakeDiveProfiles.py(5704): Using 1-mode thermal-inertia correction.
22:38:19 15 May 2024 UTC: INFO: QC.py(254): Changed (88/201) 1:29 79:135 200 201 to QC_BAD because changed corrected salin implies changed speed
22:38:19 15 May 2024 UTC: INFO: TempSalinityVelocity.py(1081): 0: max temp_c diff: 0.14C TI time: 0.004s loop: 0.004s
22:38:19 15 May 2024 UTC: INFO: TempSalinityVelocity.py(1081): 1: max temp_c diff: 0.08C TI time: 0.004s loop: 0.004s
22:38:19 15 May 2024 UTC: INFO: TempSalinityVelocity.py(1081): 2: max temp_c diff: 0.08C TI time: 0.004s loop: 0.004s
22:38:19 15 May 2024 UTC: INFO: TempSalinityVelocity.py(1505): TSV exiting after 2 iterations
22:38:19 15 May 2024 UTC: INFO: TempSalinityVelocity.py(1507): max_temp_c_diff = 0.08C
22:38:19 15 May 2024 UTC: INFO: TempSalinityVelocity.py(1555): Changed (1/201) 199 to QC_PROBABLY_BAD because TS bad extrapolation
22:38:19 15 May 2024 UTC: INFO: QC.py(254): Changed (4/201) 186 187 189 190 to QC_INTERPOLATED because changed corrected temp implies changed corrected salinity
22:38:19 15 May 2024 UTC: INFO: MakeDiveProfiles.py(6188): 48 (23.88%) HDM speeds are QC_BAD; 0 (0.00%) are stalled (201)
22:38:19 15 May 2024 UTC: WARNING: MakeDiveProfiles.py(6204): Declaring overall speed qc as QC_BAD!
22:38:19 15 May 2024 UTC: INFO: QC.py(254): Changed (4/201) 186 187 189 190 to QC_INTERPOLATED because changed corrected temp implies changed speed
22:38:20 15 May 2024 UTC: INFO: MakeDiveProfiles.py(6398): Estimated total flight and drift time: 1536.0s (SM: 331.1s)
22:38:20 15 May 2024 UTC: INFO: MakeDiveProfiles.py(6684): Computing QC_BAD depth-average current.
22:38:20 15 May 2024 UTC: INFO: MakeDiveProfiles.py(6765): DAC east: 6.38 cm/s DAC north: 6.85 cm/s
22:38:20 15 May 2024 UTC: INFO: MakeDiveProfiles.py(6896): Starting sensor extensions data processing
22:38:20 15 May 2024 UTC: INFO: aa4330_ext.py(980): Changed (10/201) 3 5:7 13 15 18:21 to QC_BAD because bad aa4330 oyxgen
22:38:20 15 May 2024 UTC: INFO: QC.py(254): Changed (41/201) 2 4 8 9 12 14 22 26 27 79 84:88 93 95 98:103 105:108 110 112 114 116 118 120:124 186 187 189 190 to QC_INTERPOLATED because changed temperature implies changed aa4330 oxygen
22:38:20 15 May 2024 UTC: INFO: QC.py(254): Changed (1/201) 199 to QC_PROBABLY_BAD because changed salinity implies changed aa4330 oxygen
22:38:20 15 May 2024 UTC: INFO: QC.py(254): Changed (78/201) 1 2 4 8:12 14 16 17 22:29 79:135 200 201 to QC_BAD because changed salinity implies changed aa4330 oxygen
22:38:20 15 May 2024 UTC: INFO: MakeDiveProfiles.py(6900): Finished sensor extensions data processing
22:38:20 15 May 2024 UTC: INFO: BaseNetCDF.py(368): /usr/local/basestation3/etc/NODC.yml does not exist - skipping
22:38:21 15 May 2024 UTC: INFO: BaseNetCDF.py(368): /usr/local/basestation3/etc/NODC.yml does not exist - skipping
22:38:21 15 May 2024 UTC: INFO: BaseDotFiles.py(1556): No .extensions file /usr/local/basestation3/etc/.extensions found
22:38:21 15 May 2024 UTC: INFO: BaseDotFiles.py(1474): Starting processing on .extensions section(s):('postnetcdf',)
22:38:21 15 May 2024 UTC: INFO: BaseDotFiles.py(1542): Finished processing on .extensions
22:38:21 15 May 2024 UTC: INFO: Reprocess.py(304): Dives processed = [7]
22:38:21 15 May 2024 UTC: INFO: Reprocess.py(305): Dives failed to process = []
22:38:21 15 May 2024 UTC: INFO: Reprocess.py(426): Finished processing 22:38:21 15 May 2024 GMT
